<?xml version='1.0' encoding='utf-8'?>
<testsuites>
  <testsuite name="spec_perl_TestRepeatNStrzDouble_t" errors="0" failures="0" skipped="0" tests="3" time="0.0440530776977539">
    <system-out>1..3
ok 1 - Equals
ok 2 - Equals
ok 3 - Equals
</system-out>
    <testcase name="Equals" classname="spec_perl_TestRepeatNStrzDouble_t" time="0.000292062759399414" />
    <testcase name="Equals (2)" classname="spec_perl_TestRepeatNStrzDouble_t" time="0.00011897087097168" />
    <testcase name="Equals (3)" classname="spec_perl_TestRepeatNStrzDouble_t" time="0.000113964080810547" />
  </testsuite>
  <testsuite name="spec_perl_TestValidLong_t" errors="1" failures="0" skipped="0" tests="0" time="0.0401198863983154">
    <system-out></system-out>
    <testcase name="Test died too soon, even before plan. (3)" classname="spec_perl_TestValidLong_t" time="0.0401198863983154">
      <failure message="The test suite died before a plan was produced. You need to have a plan." type="Plan">No plan</failure>
    </testcase>
  </testsuite>
  <testsuite name="spec_perl_TestSwitchManualInt_t" errors="0" failures="0" skipped="0" tests="9" time="0.0460410118103027">
    <system-out>1..9
ok 1 - Equals
ok 2 - Equals
ok 3 - Equals
ok 4 - Equals
ok 5 - Equals
ok 6 - Equals
ok 7 - Equals
ok 8 - Equals
ok 9 - Equals
</system-out>
    <testcase name="Equals (4)" classname="spec_perl_TestSwitchManualInt_t" time="0.000315189361572266" />
    <testcase name="Equals (5)" classname="spec_perl_TestSwitchManualInt_t" time="9.29832458496094e-05" />
    <testcase name="Equals (6)" classname="spec_perl_TestSwitchManualInt_t" time="0.000156879425048828" />
    <testcase name="Equals (7)" classname="spec_perl_TestSwitchManualInt_t" time="0.000138044357299805" />
    <testcase name="Equals (8)" classname="spec_perl_TestSwitchManualInt_t" time="0.000134944915771484" />
    <testcase name="Equals (9)" classname="spec_perl_TestSwitchManualInt_t" time="0.000146150588989258" />
    <testcase name="Equals (10)" classname="spec_perl_TestSwitchManualInt_t" time="0.00014495849609375" />
    <testcase name="Equals (11)" classname="spec_perl_TestSwitchManualInt_t" time="0.000123023986816406" />
    <testcase name="Equals (12)" classname="spec_perl_TestSwitchManualInt_t" time="0.000150918960571289" />
  </testsuite>
  <testsuite name="spec_perl_TestSwitchIntegers_t" errors="0" failures="0" skipped="0" tests="9" time="0.0491969585418701">
    <system-out>1..9
ok 1 - Equals
ok 2 - Equals
ok 3 - Equals
ok 4 - Equals
ok 5 - Equals
ok 6 - Equals
ok 7 - Equals
ok 8 - Equals
ok 9 - Equals
</system-out>
    <testcase name="Equals (13)" classname="spec_perl_TestSwitchIntegers_t" time="0.000272989273071289" />
    <testcase name="Equals (14)" classname="spec_perl_TestSwitchIntegers_t" time="0.000118017196655273" />
    <testcase name="Equals (15)" classname="spec_perl_TestSwitchIntegers_t" time="0.000154018402099609" />
    <testcase name="Equals (16)" classname="spec_perl_TestSwitchIntegers_t" time="0.000124931335449219" />
    <testcase name="Equals (17)" classname="spec_perl_TestSwitchIntegers_t" time="0.000133991241455078" />
    <testcase name="Equals (18)" classname="spec_perl_TestSwitchIntegers_t" time="0.00014495849609375" />
    <testcase name="Equals (19)" classname="spec_perl_TestSwitchIntegers_t" time="0.0001220703125" />
    <testcase name="Equals (20)" classname="spec_perl_TestSwitchIntegers_t" time="0.000151872634887695" />
    <testcase name="Equals (21)" classname="spec_perl_TestSwitchIntegers_t" time="0.000115156173706055" />
  </testsuite>
  <testsuite name="spec_perl_TestTermStrz_t" errors="0" failures="0" skipped="0" tests="3" time="0.0444400310516357">
    <system-out>1..3
ok 1 - Equals
ok 2 - Equals
ok 3 - Equals
</system-out>
    <testcase name="Equals (22)" classname="spec_perl_TestTermStrz_t" time="0.00030207633972168" />
    <testcase name="Equals (23)" classname="spec_perl_TestTermStrz_t" time="9.29832458496094e-05" />
    <testcase name="Equals (24)" classname="spec_perl_TestTermStrz_t" time="0.000152111053466797" />
  </testsuite>
  <testsuite name="spec_perl_TestExpr0_t" errors="0" failures="0" skipped="0" tests="2" time="0.0421321392059326">
    <system-out>1..2
ok 1 - Equals
ok 2 - Equals
</system-out>
    <testcase name="Equals (25)" classname="spec_perl_TestExpr0_t" time="0.000254154205322266" />
    <testcase name="Equals (26)" classname="spec_perl_TestExpr0_t" time="9.29832458496094e-05" />
  </testsuite>
  <testsuite name="spec_perl_TestInstanceIoUser_t" errors="0" failures="0" skipped="0" tests="4" time="0.0477719306945801">
    <system-out>1..4
ok 1 - Equals
ok 2 - Equals
ok 3 - Equals
ok 4 - Equals
</system-out>
    <testcase name="Equals (27)" classname="spec_perl_TestInstanceIoUser_t" time="0.000530004501342773" />
    <testcase name="Equals (28)" classname="spec_perl_TestInstanceIoUser_t" time="0.000133991241455078" />
    <testcase name="Equals (29)" classname="spec_perl_TestInstanceIoUser_t" time="0.000160932540893555" />
    <testcase name="Equals (30)" classname="spec_perl_TestInstanceIoUser_t" time="0.000145912170410156" />
  </testsuite>
  <testsuite name="spec_perl_TestSwitchBytearray_t" errors="0" failures="0" skipped="0" tests="9" time="0.0460259914398193">
    <system-out>1..9
ok 1 - Equals
ok 2 - Equals
ok 3 - Equals
ok 4 - Equals
ok 5 - Equals
ok 6 - Equals
ok 7 - Equals
ok 8 - Equals
ok 9 - Equals
</system-out>
    <testcase name="Equals (31)" classname="spec_perl_TestSwitchBytearray_t" time="0.000298976898193359" />
    <testcase name="Equals (32)" classname="spec_perl_TestSwitchBytearray_t" time="0.000137090682983398" />
    <testcase name="Equals (33)" classname="spec_perl_TestSwitchBytearray_t" time="0.000238895416259766" />
    <testcase name="Equals (34)" classname="spec_perl_TestSwitchBytearray_t" time="0.000154018402099609" />
    <testcase name="Equals (35)" classname="spec_perl_TestSwitchBytearray_t" time="0.000172138214111328" />
    <testcase name="Equals (36)" classname="spec_perl_TestSwitchBytearray_t" time="0.000128984451293945" />
    <testcase name="Equals (37)" classname="spec_perl_TestSwitchBytearray_t" time="0.000145912170410156" />
    <testcase name="Equals (38)" classname="spec_perl_TestSwitchBytearray_t" time="0.000142097473144531" />
    <testcase name="Equals (39)" classname="spec_perl_TestSwitchBytearray_t" time="0.000114917755126953" />
  </testsuite>
  <testsuite name="spec_perl_TestDefaultEndianExprIsBe_t" errors="0" failures="0" skipped="0" tests="18" time="0.0454280376434326">
    <system-out>1..18
ok 1 - Equals
ok 2 - Equals
ok 3 - Equals
ok 4 - Equals
ok 5 - Equals
ok 6 - Equals
ok 7 - Equals
ok 8 - Equals
ok 9 - Equals
ok 10 - Equals
ok 11 - Equals
ok 12 - Equals
ok 13 - Equals
ok 14 - Equals
ok 15 - Equals
ok 16 - Equals
ok 17 - Equals
ok 18 - Equals
</system-out>
    <testcase name="Equals (40)" classname="spec_perl_TestDefaultEndianExprIsBe_t" time="0.000431060791015625" />
    <testcase name="Equals (41)" classname="spec_perl_TestDefaultEndianExprIsBe_t" time="8.58306884765625e-05" />
    <testcase name="Equals (42)" classname="spec_perl_TestDefaultEndianExprIsBe_t" time="0.000115156173706055" />
    <testcase name="Equals (43)" classname="spec_perl_TestDefaultEndianExprIsBe_t" time="0.00014805793762207" />
    <testcase name="Equals (44)" classname="spec_perl_TestDefaultEndianExprIsBe_t" time="0.000145912170410156" />
    <testcase name="Equals (45)" classname="spec_perl_TestDefaultEndianExprIsBe_t" time="0.00031590461730957" />
    <testcase name="Equals (46)" classname="spec_perl_TestDefaultEndianExprIsBe_t" time="0.000235080718994141" />
    <testcase name="Equals (47)" classname="spec_perl_TestDefaultEndianExprIsBe_t" time="9.20295715332031e-05" />
    <testcase name="Equals (48)" classname="spec_perl_TestDefaultEndianExprIsBe_t" time="0.00014805793762207" />
    <testcase name="Equals (49)" classname="spec_perl_TestDefaultEndianExprIsBe_t" time="0.000121831893920898" />
    <testcase name="Equals (50)" classname="spec_perl_TestDefaultEndianExprIsBe_t" time="0.000164031982421875" />
    <testcase name="Equals (51)" classname="spec_perl_TestDefaultEndianExprIsBe_t" time="0.000152111053466797" />
    <testcase name="Equals (52)" classname="spec_perl_TestDefaultEndianExprIsBe_t" time="0.000145912170410156" />
    <testcase name="Equals (53)" classname="spec_perl_TestDefaultEndianExprIsBe_t" time="0.000162124633789062" />
    <testcase name="Equals (54)" classname="spec_perl_TestDefaultEndianExprIsBe_t" time="0.000114917755126953" />
    <testcase name="Equals (55)" classname="spec_perl_TestDefaultEndianExprIsBe_t" time="0.000150918960571289" />
    <testcase name="Equals (56)" classname="spec_perl_TestDefaultEndianExprIsBe_t" time="0.000132083892822266" />
    <testcase name="Equals (57)" classname="spec_perl_TestDefaultEndianExprIsBe_t" time="0.000174999237060547" />
  </testsuite>
  <testsuite name="spec_perl_TestSwitchManualStrElse_t" errors="0" failures="0" skipped="0" tests="9" time="0.0458929538726807">
    <system-out>1..9
ok 1 - Equals
ok 2 - Equals
ok 3 - Equals
ok 4 - Equals
ok 5 - Equals
ok 6 - Equals
ok 7 - Equals
ok 8 - Equals
ok 9 - Equals
</system-out>
    <testcase name="Equals (58)" classname="spec_perl_TestSwitchManualStrElse_t" time="0.000298023223876953" />
    <testcase name="Equals (59)" classname="spec_perl_TestSwitchManualStrElse_t" time="0.000120878219604492" />
    <testcase name="Equals (60)" classname="spec_perl_TestSwitchManualStrElse_t" time="0.000172138214111328" />
    <testcase name="Equals (61)" classname="spec_perl_TestSwitchManualStrElse_t" time="0.000147819519042969" />
    <testcase name="Equals (62)" classname="spec_perl_TestSwitchManualStrElse_t" time="0.000128984451293945" />
    <testcase name="Equals (63)" classname="spec_perl_TestSwitchManualStrElse_t" time="0.000126123428344727" />
    <testcase name="Equals (64)" classname="spec_perl_TestSwitchManualStrElse_t" time="0.000146865844726562" />
    <testcase name="Equals (65)" classname="spec_perl_TestSwitchManualStrElse_t" time="0.000121116638183594" />
    <testcase name="Equals (66)" classname="spec_perl_TestSwitchManualStrElse_t" time="0.000153064727783203" />
  </testsuite>
  <testsuite name="spec_perl_TestFixedStruct_t" errors="1" failures="0" skipped="0" tests="0" time="0.0456528663635254">
    <system-out></system-out>
    <testcase name="Test died too soon, even before plan. (66)" classname="spec_perl_TestFixedStruct_t" time="0.0456528663635254">
      <failure message="The test suite died before a plan was produced. You need to have a plan." type="Plan">No plan</failure>
    </testcase>
  </testsuite>
  <testsuite name="spec_perl_TestValidNotParsedIf_t" errors="1" failures="0" skipped="0" tests="0" time="0.0508229732513428">
    <system-out></system-out>
    <testcase name="Test died too soon, even before plan. (67)" classname="spec_perl_TestValidNotParsedIf_t" time="0.0508229732513428">
      <failure message="The test suite died before a plan was produced. You need to have a plan." type="Plan">No plan</failure>
    </testcase>
  </testsuite>
  <testsuite name="spec_perl_TestFloatToI_t" errors="0" failures="0" skipped="0" tests="8" time="0.0435550212860107">
    <system-out>1..8
ok 1 - Equals
ok 2 - Equals
ok 3 - Equals
ok 4 - Equals
ok 5 - Equals
ok 6 - Equals
ok 7 - Equals
ok 8 - Equals
</system-out>
    <testcase name="Equals (67)" classname="spec_perl_TestFloatToI_t" time="0.000407934188842773" />
    <testcase name="Equals (68)" classname="spec_perl_TestFloatToI_t" time="8.51154327392578e-05" />
    <testcase name="Equals (69)" classname="spec_perl_TestFloatToI_t" time="0.000140905380249023" />
    <testcase name="Equals (70)" classname="spec_perl_TestFloatToI_t" time="0.000133991241455078" />
    <testcase name="Equals (71)" classname="spec_perl_TestFloatToI_t" time="0.000181913375854492" />
    <testcase name="Equals (72)" classname="spec_perl_TestFloatToI_t" time="0.000169992446899414" />
    <testcase name="Equals (73)" classname="spec_perl_TestFloatToI_t" time="0.000133991241455078" />
    <testcase name="Equals (74)" classname="spec_perl_TestFloatToI_t" time="0.000150203704833984" />
  </testsuite>
  <testsuite name="spec_perl_TestProcessXorConst_t" errors="0" failures="0" skipped="0" tests="2" time="0.0399091243743896">
    <system-out>1..2
ok 1 - Equals
ok 2 - Equals
</system-out>
    <testcase name="Equals (75)" classname="spec_perl_TestProcessXorConst_t" time="0.000257015228271484" />
    <testcase name="Equals (76)" classname="spec_perl_TestProcessXorConst_t" time="9.39369201660156e-05" />
  </testsuite>
  <testsuite name="spec_perl_TestUserType_t" errors="0" failures="0" skipped="0" tests="2" time="0.0414628982543945">
    <system-out>1..2
ok 1 - Equals
ok 2 - Equals
</system-out>
    <testcase name="Equals (77)" classname="spec_perl_TestUserType_t" time="0.000245094299316406" />
    <testcase name="Equals (78)" classname="spec_perl_TestUserType_t" time="0.0001220703125" />
  </testsuite>
  <testsuite name="spec_perl_TestRepeatNStrz_t" errors="0" failures="0" skipped="0" tests="2" time="0.0428540706634521">
    <system-out>1..2
ok 1 - Equals
ok 2 - Equals
</system-out>
    <testcase name="Equals (79)" classname="spec_perl_TestRepeatNStrz_t" time="0.000298976898193359" />
    <testcase name="Equals (80)" classname="spec_perl_TestRepeatNStrz_t" time="0.00011897087097168" />
  </testsuite>
  <testsuite name="spec_perl_TestRepeatEosStruct_t" errors="0" failures="0" skipped="0" tests="5" time="0.0482759475708008">
    <system-out>1..5
ok 1 - Equals
ok 2 - Equals
ok 3 - Equals
ok 4 - Equals
ok 5 - Equals
</system-out>
    <testcase name="Equals (81)" classname="spec_perl_TestRepeatEosStruct_t" time="0.000240802764892578" />
    <testcase name="Equals (82)" classname="spec_perl_TestRepeatEosStruct_t" time="0.000131130218505859" />
    <testcase name="Equals (83)" classname="spec_perl_TestRepeatEosStruct_t" time="0.00011897087097168" />
    <testcase name="Equals (84)" classname="spec_perl_TestRepeatEosStruct_t" time="0.000139951705932617" />
    <testcase name="Equals (85)" classname="spec_perl_TestRepeatEosStruct_t" time="0.000115156173706055" />
  </testsuite>
  <testsuite name="spec_perl_TestSwitchManualIntSizeElse_t" errors="0" failures="0" skipped="0" tests="10" time="0.0478551387786865">
    <system-out>1..10
ok 1 - Equals
ok 2 - Equals
ok 3 - Equals
ok 4 - Equals
ok 5 - Equals
ok 6 - Equals
ok 7 - Equals
ok 8 - Equals
ok 9 - Equals
ok 10 - Equals
</system-out>
    <testcase name="Equals (86)" classname="spec_perl_TestSwitchManualIntSizeElse_t" time="0.00061488151550293" />
    <testcase name="Equals (87)" classname="spec_perl_TestSwitchManualIntSizeElse_t" time="0.000118017196655273" />
    <testcase name="Equals (88)" classname="spec_perl_TestSwitchManualIntSizeElse_t" time="0.000143051147460938" />
    <testcase name="Equals (89)" classname="spec_perl_TestSwitchManualIntSizeElse_t" time="0.00014185905456543" />
    <testcase name="Equals (90)" classname="spec_perl_TestSwitchManualIntSizeElse_t" time="0.000138998031616211" />
    <testcase name="Equals (91)" classname="spec_perl_TestSwitchManualIntSizeElse_t" time="0.000169038772583008" />
    <testcase name="Equals (92)" classname="spec_perl_TestSwitchManualIntSizeElse_t" time="0.000123023986816406" />
    <testcase name="Equals (93)" classname="spec_perl_TestSwitchManualIntSizeElse_t" time="0.000153064727783203" />
    <testcase name="Equals (94)" classname="spec_perl_TestSwitchManualIntSizeElse_t" time="0.000153064727783203" />
    <testcase name="Equals (95)" classname="spec_perl_TestSwitchManualIntSizeElse_t" time="0.000120878219604492" />
  </testsuite>
  <testsuite name="spec_perl_TestEnumIf_t" errors="0" failures="0" skipped="0" tests="7" time="0.0451180934906006">
    <system-out>1..7
ok 1 - Equals
ok 2 - Equals
ok 3 - Equals
ok 4 - Equals
ok 5 - Equals
ok 6 - Equals
ok 7 - Equals
</system-out>
    <testcase name="Equals (96)" classname="spec_perl_TestEnumIf_t" time="0.000344991683959961" />
    <testcase name="Equals (97)" classname="spec_perl_TestEnumIf_t" time="0.00010991096496582" />
    <testcase name="Equals (98)" classname="spec_perl_TestEnumIf_t" time="0.000137090682983398" />
    <testcase name="Equals (99)" classname="spec_perl_TestEnumIf_t" time="0.000146865844726562" />
    <testcase name="Equals (100)" classname="spec_perl_TestEnumIf_t" time="0.000139951705932617" />
    <testcase name="Equals (101)" classname="spec_perl_TestEnumIf_t" time="0.00012516975402832" />
    <testcase name="Equals (102)" classname="spec_perl_TestEnumIf_t" time="0.000154972076416016" />
  </testsuite>
  <testsuite name="spec_perl_TestProcessCoerceBytes_t" errors="0" failures="0" skipped="0" tests="4" time="0.0421390533447266">
    <system-out>1..4
ok 1 - Equals
ok 2 - Equals
ok 3 - Equals
ok 4 - Equals
</system-out>
    <testcase name="Equals (103)" classname="spec_perl_TestProcessCoerceBytes_t" time="0.000271081924438477" />
    <testcase name="Equals (104)" classname="spec_perl_TestProcessCoerceBytes_t" time="0.000123023986816406" />
    <testcase name="Equals (105)" classname="spec_perl_TestProcessCoerceBytes_t" time="0.000138044357299805" />
    <testcase name="Equals (106)" classname="spec_perl_TestProcessCoerceBytes_t" time="0.000138998031616211" />
  </testsuite>
  <testsuite name="spec_perl_TestExpr3_t" errors="0" failures="0" skipped="0" tests="12" time="0.0462331771850586">
    <system-out>1..12
ok 1 - Equals
ok 2 - Equals
ok 3 - Equals
ok 4 - Equals
ok 5 - Equals
ok 6 - Equals
ok 7 - Equals
ok 8 - Equals
ok 9 - Equals
ok 10 - Equals
ok 11 - Equals
ok 12 - Equals
</system-out>
    <testcase name="Equals (107)" classname="spec_perl_TestExpr3_t" time="0.000250101089477539" />
    <testcase name="Equals (108)" classname="spec_perl_TestExpr3_t" time="9.39369201660156e-05" />
    <testcase name="Equals (109)" classname="spec_perl_TestExpr3_t" time="0.00014495849609375" />
    <testcase name="Equals (110)" classname="spec_perl_TestExpr3_t" time="0.000135898590087891" />
    <testcase name="Equals (111)" classname="spec_perl_TestExpr3_t" time="0.000142097473144531" />
    <testcase name="Equals (112)" classname="spec_perl_TestExpr3_t" time="0.000129938125610352" />
    <testcase name="Equals (113)" classname="spec_perl_TestExpr3_t" time="0.000142097473144531" />
    <testcase name="Equals (114)" classname="spec_perl_TestExpr3_t" time="0.000128030776977539" />
    <testcase name="Equals (115)" classname="spec_perl_TestExpr3_t" time="0.000147819519042969" />
    <testcase name="Equals (116)" classname="spec_perl_TestExpr3_t" time="0.000130176544189453" />
    <testcase name="Equals (117)" classname="spec_perl_TestExpr3_t" time="0.000126838684082031" />
    <testcase name="Equals (118)" classname="spec_perl_TestExpr3_t" time="0.000146150588989258" />
  </testsuite>
  <testsuite name="spec_perl_TestDocstrings_t" errors="0" failures="0" skipped="1" tests="1" time="0.0422298908233643">
    <system-out>1..1
ok 1 # skip Docstrings=HASH(0x2b84cf0)
</system-out>
    <testcase name="Unnamed test case 118" classname="spec_perl_TestDocstrings_t" time="0.00115585327148438">
      <skipped message="ok 1 # skip Docstrings=HASH(0x2b84cf0)" />
    </testcase>
  </testsuite>
  <testsuite name="spec_perl_TestEnumInvalid_t" errors="0" failures="0" skipped="0" tests="2" time="0.0424561500549316">
    <system-out>1..2
ok 1 - Equals
ok 2 - Equals
</system-out>
    <testcase name="Equals (119)" classname="spec_perl_TestEnumInvalid_t" time="0.000230073928833008" />
    <testcase name="Equals (120)" classname="spec_perl_TestEnumInvalid_t" time="0.00011897087097168" />
  </testsuite>
  <testsuite name="spec_perl_TestNavParentSwitch_t" errors="0" failures="0" skipped="0" tests="3" time="0.0426609516143799">
    <system-out>1..3
ok 1 - Equals
ok 2 - Equals
ok 3 - Equals
</system-out>
    <testcase name="Equals (121)" classname="spec_perl_TestNavParentSwitch_t" time="0.000272035598754883" />
    <testcase name="Equals (122)" classname="spec_perl_TestNavParentSwitch_t" time="0.000118017196655273" />
    <testcase name="Equals (123)" classname="spec_perl_TestNavParentSwitch_t" time="0.000144004821777344" />
  </testsuite>
  <testsuite name="spec_perl_TestTsPacketHeader_t" errors="0" failures="0" skipped="0" tests="7" time="0.0409209728240967">
    <system-out>1..7
ok 1 - Equals
ok 2 - Equals
ok 3 - Equals
ok 4 - Equals
ok 5 - Equals
ok 6 - Equals
ok 7 - Equals
</system-out>
    <testcase name="Equals (124)" classname="spec_perl_TestTsPacketHeader_t" time="0.000247001647949219" />
    <testcase name="Equals (125)" classname="spec_perl_TestTsPacketHeader_t" time="0.000124931335449219" />
    <testcase name="Equals (126)" classname="spec_perl_TestTsPacketHeader_t" time="0.000133991241455078" />
    <testcase name="Equals (127)" classname="spec_perl_TestTsPacketHeader_t" time="0.000133037567138672" />
    <testcase name="Equals (128)" classname="spec_perl_TestTsPacketHeader_t" time="0.000127077102661133" />
    <testcase name="Equals (129)" classname="spec_perl_TestTsPacketHeader_t" time="0.000114917755126953" />
    <testcase name="Equals (130)" classname="spec_perl_TestTsPacketHeader_t" time="0.000138044357299805" />
  </testsuite>
  <testsuite name="spec_perl_TestEnumToI_t" errors="0" failures="0" skipped="0" tests="5" time="0.042111873626709">
    <system-out>1..5
ok 1 - Equals
ok 2 - Equals
ok 3 - Equals
ok 4 - Equals
ok 5 - Equals
</system-out>
    <testcase name="Equals (131)" classname="spec_perl_TestEnumToI_t" time="0.000247001647949219" />
    <testcase name="Equals (132)" classname="spec_perl_TestEnumToI_t" time="0.000119924545288086" />
    <testcase name="Equals (133)" classname="spec_perl_TestEnumToI_t" time="0.00014495849609375" />
    <testcase name="Equals (134)" classname="spec_perl_TestEnumToI_t" time="0.000133991241455078" />
    <testcase name="Equals (135)" classname="spec_perl_TestEnumToI_t" time="0.000126123428344727" />
  </testsuite>
  <testsuite name="spec_perl_TestEnumOfValueInst_t" errors="0" failures="0" skipped="0" tests="4" time="0.0424032211303711">
    <system-out>1..4
ok 1 - Equals
ok 2 - Equals
ok 3 - Equals
ok 4 - Equals
</system-out>
    <testcase name="Equals (136)" classname="spec_perl_TestEnumOfValueInst_t" time="0.000230073928833008" />
    <testcase name="Equals (137)" classname="spec_perl_TestEnumOfValueInst_t" time="0.000119924545288086" />
    <testcase name="Equals (138)" classname="spec_perl_TestEnumOfValueInst_t" time="0.000149965286254883" />
    <testcase name="Equals (139)" classname="spec_perl_TestEnumOfValueInst_t" time="0.000120162963867188" />
  </testsuite>
  <testsuite name="spec_perl_TestEnumFancy_t" errors="0" failures="0" skipped="0" tests="2" time="0.0399010181427002">
    <system-out>1..2
ok 1 - Equals
ok 2 - Equals
</system-out>
    <testcase name="Equals (140)" classname="spec_perl_TestEnumFancy_t" time="0.000238895416259766" />
    <testcase name="Equals (141)" classname="spec_perl_TestEnumFancy_t" time="0.000128030776977539" />
  </testsuite>
  <testsuite name="spec_perl_TestRepeatEosU4_t" errors="0" failures="0" skipped="0" tests="1" time="0.0396490097045898">
    <system-out>1..1
ok 1 - Equals
</system-out>
    <testcase name="Equals (142)" classname="spec_perl_TestRepeatEosU4_t" time="0.000227928161621094" />
  </testsuite>
  <testsuite name="spec_perl_TestSwitchManualIntSizeEos_t" errors="0" failures="0" skipped="0" tests="10" time="0.0465209484100342">
    <system-out>1..10
ok 1 - Equals
ok 2 - Equals
ok 3 - Equals
ok 4 - Equals
ok 5 - Equals
ok 6 - Equals
ok 7 - Equals
ok 8 - Equals
ok 9 - Equals
ok 10 - Equals
</system-out>
    <testcase name="Equals (143)" classname="spec_perl_TestSwitchManualIntSizeEos_t" time="0.000597953796386719" />
    <testcase name="Equals (144)" classname="spec_perl_TestSwitchManualIntSizeEos_t" time="0.000123023986816406" />
    <testcase name="Equals (145)" classname="spec_perl_TestSwitchManualIntSizeEos_t" time="0.000136852264404297" />
    <testcase name="Equals (146)" classname="spec_perl_TestSwitchManualIntSizeEos_t" time="0.000128984451293945" />
    <testcase name="Equals (147)" classname="spec_perl_TestSwitchManualIntSizeEos_t" time="0.000159978866577148" />
    <testcase name="Equals (148)" classname="spec_perl_TestSwitchManualIntSizeEos_t" time="0.000119209289550781" />
    <testcase name="Equals (149)" classname="spec_perl_TestSwitchManualIntSizeEos_t" time="0.000148773193359375" />
    <testcase name="Equals (150)" classname="spec_perl_TestSwitchManualIntSizeEos_t" time="0.00012516975402832" />
    <testcase name="Equals (151)" classname="spec_perl_TestSwitchManualIntSizeEos_t" time="0.000159025192260742" />
    <testcase name="Equals (152)" classname="spec_perl_TestSwitchManualIntSizeEos_t" time="0.000149011611938477" />
  </testsuite>
  <testsuite name="spec_perl_TestProcessRepeatBytes_t" errors="0" failures="0" skipped="0" tests="2" time="0.047788143157959">
    <system-out>1..2
ok 1 - Equals
ok 2 - Equals
</system-out>
    <testcase name="Equals (153)" classname="spec_perl_TestProcessRepeatBytes_t" time="0.00026702880859375" />
    <testcase name="Equals (154)" classname="spec_perl_TestProcessRepeatBytes_t" time="0.000133037567138672" />
  </testsuite>
  <testsuite name="spec_perl_TestProcessXorValue_t" errors="0" failures="0" skipped="0" tests="2" time="0.0416820049285889">
    <system-out>1..2
ok 1 - Equals
ok 2 - Equals
</system-out>
    <testcase name="Equals (155)" classname="spec_perl_TestProcessXorValue_t" time="0.000253915786743164" />
    <testcase name="Equals (156)" classname="spec_perl_TestProcessXorValue_t" time="0.000123023986816406" />
  </testsuite>
  <testsuite name="spec_perl_TestEnumImport_t" errors="0" failures="2" skipped="0" tests="2" time="0.0445539951324463">
    <system-out>1..2
not ok 1 - Equals
not ok 2 - Equals
</system-out>
    <testcase name="Equals (157)" classname="spec_perl_TestEnumImport_t" time="8.70227813720703e-05">
      <failure message="not ok 1 - Equals" type="TAP::Parser::Result::Test"></failure>
    </testcase>
    <testcase name="Equals (158)" classname="spec_perl_TestEnumImport_t" time="4.91142272949219e-05">
      <failure message="not ok 2 - Equals" type="TAP::Parser::Result::Test"></failure>
    </testcase>
  </testsuite>
  <testsuite name="spec_perl_TestPositionInSeq_t" errors="0" failures="0" skipped="0" tests="1" time="0.0413949489593506">
    <system-out>1..1
ok 1 - Equals
</system-out>
    <testcase name="Equals (159)" classname="spec_perl_TestPositionInSeq_t" time="0.00024104118347168" />
  </testsuite>
  <testsuite name="spec_perl_TestStrLiterals2_t" errors="0" failures="0" skipped="0" tests="4" time="0.0426909923553467">
    <system-out>1..4
ok 1 - Equals
ok 2 - Equals
ok 3 - Equals
ok 4 - Equals
</system-out>
    <testcase name="Equals (160)" classname="spec_perl_TestStrLiterals2_t" time="0.000272035598754883" />
    <testcase name="Equals (161)" classname="spec_perl_TestStrLiterals2_t" time="0.000135183334350586" />
    <testcase name="Equals (162)" classname="spec_perl_TestStrLiterals2_t" time="0.000149011611938477" />
    <testcase name="Equals (163)" classname="spec_perl_TestStrLiterals2_t" time="0.000155925750732422" />
  </testsuite>
  <testsuite name="spec_perl_TestSwitchManualEnumInvalidElse_t" errors="0" failures="0" skipped="0" tests="5" time="0.0454609394073486">
    <system-out>1..5
ok 1 - Equals
ok 2 - Equals
ok 3 - Equals
ok 4 - Equals
ok 5 - Equals
</system-out>
    <testcase name="Equals (164)" classname="spec_perl_TestSwitchManualEnumInvalidElse_t" time="0.000261068344116211" />
    <testcase name="Equals (165)" classname="spec_perl_TestSwitchManualEnumInvalidElse_t" time="9.98973846435547e-05" />
    <testcase name="Equals (166)" classname="spec_perl_TestSwitchManualEnumInvalidElse_t" time="0.000153064727783203" />
    <testcase name="Equals (167)" classname="spec_perl_TestSwitchManualEnumInvalidElse_t" time="0.000138044357299805" />
    <testcase name="Equals (168)" classname="spec_perl_TestSwitchManualEnumInvalidElse_t" time="0.000130891799926758" />
  </testsuite>
  <testsuite name="spec_perl_TestEnumDeep_t" errors="0" failures="0" skipped="0" tests="2" time="0.0397131443023682">
    <system-out>1..2
ok 1 - Equals
ok 2 - Equals
</system-out>
    <testcase name="Equals (169)" classname="spec_perl_TestEnumDeep_t" time="0.000224828720092773" />
    <testcase name="Equals (170)" classname="spec_perl_TestEnumDeep_t" time="0.000198125839233398" />
  </testsuite>
  <testsuite name="spec_perl_TestParamsCallShort_t" errors="0" failures="3" skipped="0" tests="3" time="0.0614302158355713">
    <system-out>1..3
not ok 1 - Equals
not ok 2 - Equals
not ok 3 - Equals
</system-out>
    <testcase name="Equals (171)" classname="spec_perl_TestParamsCallShort_t" time="0.000529050827026367">
      <failure message="not ok 1 - Equals" type="TAP::Parser::Result::Test"></failure>
    </testcase>
    <testcase name="Equals (172)" classname="spec_perl_TestParamsCallShort_t" time="0.000870943069458008">
      <failure message="not ok 2 - Equals" type="TAP::Parser::Result::Test"></failure>
    </testcase>
    <testcase name="Equals (173)" classname="spec_perl_TestParamsCallShort_t" time="0.000838994979858398">
      <failure message="not ok 3 - Equals" type="TAP::Parser::Result::Test"></failure>
    </testcase>
  </testsuite>
  <testsuite name="spec_perl_TestStrEncodingsDefault_t" errors="0" failures="0" skipped="0" tests="4" time="0.0477879047393799">
    <system-out>1..4
ok 1 - Equals
ok 2 - Equals
ok 3 - Equals
ok 4 - Equals
</system-out>
    <testcase name="Equals (174)" classname="spec_perl_TestStrEncodingsDefault_t" time="0.00298690795898438" />
    <testcase name="Equals (175)" classname="spec_perl_TestStrEncodingsDefault_t" time="0.000126123428344727" />
    <testcase name="Equals (176)" classname="spec_perl_TestStrEncodingsDefault_t" time="0.000163793563842773" />
    <testcase name="Equals (177)" classname="spec_perl_TestStrEncodingsDefault_t" time="0.000152111053466797" />
  </testsuite>
  <testsuite name="spec_perl_TestExprBytesLiteral_t" errors="1" failures="0" skipped="0" tests="0" time="0.0419528484344482">
    <system-out></system-out>
    <testcase name="Test died too soon, even before plan. (177)" classname="spec_perl_TestExprBytesLiteral_t" time="0.0419528484344482">
      <failure message="The test suite died before a plan was produced. You need to have a plan." type="Plan">No plan</failure>
    </testcase>
  </testsuite>
  <testsuite name="spec_perl_TestDefaultBigEndian_t" errors="0" failures="0" skipped="0" tests="1" time="0.0446770191192627">
    <system-out>1..1
ok 1 - Equals
</system-out>
    <testcase name="Equals (178)" classname="spec_perl_TestDefaultBigEndian_t" time="0.000231027603149414" />
  </testsuite>
  <testsuite name="spec_perl_TestIntegers_t" errors="1" failures="0" skipped="0" tests="0" time="0.0439810752868652">
    <system-out></system-out>
    <testcase name="Test died too soon, even before plan. (178)" classname="spec_perl_TestIntegers_t" time="0.0439810752868652">
      <failure message="The test suite died before a plan was produced. You need to have a plan." type="Plan">No plan</failure>
    </testcase>
  </testsuite>
  <testsuite name="spec_perl_TestCombineEnum_t" errors="0" failures="0" skipped="0" tests="3" time="0.0398697853088379">
    <system-out>1..3
ok 1 - Equals
ok 2 - Equals
ok 3 - Equals
</system-out>
    <testcase name="Equals (179)" classname="spec_perl_TestCombineEnum_t" time="0.000227928161621094" />
    <testcase name="Equals (180)" classname="spec_perl_TestCombineEnum_t" time="0.000119924545288086" />
    <testcase name="Equals (181)" classname="spec_perl_TestCombineEnum_t" time="0.00012516975402832" />
  </testsuite>
  <testsuite name="spec_perl_TestNestedSameName_t" errors="0" failures="0" skipped="0" tests="2" time="0.0420968532562256">
    <system-out>1..2
ok 1 - Equals
ok 2 - Equals
</system-out>
    <testcase name="Equals (182)" classname="spec_perl_TestNestedSameName_t" time="0.000262022018432617" />
    <testcase name="Equals (183)" classname="spec_perl_TestNestedSameName_t" time="0.00011897087097168" />
  </testsuite>
  <testsuite name="spec_perl_TestEnumLongRangeU_t" errors="0" failures="0" skipped="0" tests="4" time="0.0421760082244873">
    <system-out>1..4
ok 1 - Equals
ok 2 - Equals
ok 3 - Equals
ok 4 - Equals
</system-out>
    <testcase name="Equals (184)" classname="spec_perl_TestEnumLongRangeU_t" time="0.000226974487304688" />
    <testcase name="Equals (185)" classname="spec_perl_TestEnumLongRangeU_t" time="0.000123977661132812" />
    <testcase name="Equals (186)" classname="spec_perl_TestEnumLongRangeU_t" time="0.000169038772583008" />
    <testcase name="Equals (187)" classname="spec_perl_TestEnumLongRangeU_t" time="0.000146150588989258" />
  </testsuite>
  <testsuite name="spec_perl_TestParamsEnum_t" errors="0" failures="1" skipped="0" tests="2" time="0.0631589889526367">
    <system-out>1..2
ok 1 - Equals
not ok 2 - Equals
</system-out>
    <testcase name="Equals (188)" classname="spec_perl_TestParamsEnum_t" time="0.000236034393310547" />
    <testcase name="Equals (189)" classname="spec_perl_TestParamsEnum_t" time="0.000190019607543945">
      <failure message="not ok 2 - Equals" type="TAP::Parser::Result::Test"></failure>
    </testcase>
  </testsuite>
  <testsuite name="spec_perl_TestNestedTypes_t" errors="0" failures="0" skipped="0" tests="3" time="0.0436358451843262">
    <system-out>1..3
ok 1 - Equals
ok 2 - Equals
ok 3 - Equals
</system-out>
    <testcase name="Equals (190)" classname="spec_perl_TestNestedTypes_t" time="0.000257968902587891" />
    <testcase name="Equals (191)" classname="spec_perl_TestNestedTypes_t" time="0.000123977661132812" />
    <testcase name="Equals (192)" classname="spec_perl_TestNestedTypes_t" time="0.000133037567138672" />
  </testsuite>
  <testsuite name="spec_perl_TestRepeatNStruct_t" errors="0" failures="0" skipped="0" tests="5" time="0.0402669906616211">
    <system-out>1..5
ok 1 - Equals
ok 2 - Equals
ok 3 - Equals
ok 4 - Equals
ok 5 - Equals
</system-out>
    <testcase name="Equals (193)" classname="spec_perl_TestRepeatNStruct_t" time="0.000249147415161133" />
    <testcase name="Equals (194)" classname="spec_perl_TestRepeatNStruct_t" time="8.79764556884766e-05" />
    <testcase name="Equals (195)" classname="spec_perl_TestRepeatNStruct_t" time="0.000142812728881836" />
    <testcase name="Equals (196)" classname="spec_perl_TestRepeatNStruct_t" time="0.000129222869873047" />
    <testcase name="Equals (197)" classname="spec_perl_TestRepeatNStruct_t" time="0.000131845474243164" />
  </testsuite>
  <testsuite name="spec_perl_TestSwitchMultiBoolOps_t" errors="0" failures="0" skipped="0" tests="9" time="0.0423870086669922">
    <system-out>1..9
ok 1 - Equals
ok 2 - Equals
ok 3 - Equals
ok 4 - Equals
ok 5 - Equals
ok 6 - Equals
ok 7 - Equals
ok 8 - Equals
ok 9 - Equals
</system-out>
    <testcase name="Equals (198)" classname="spec_perl_TestSwitchMultiBoolOps_t" time="0.000275135040283203" />
    <testcase name="Equals (199)" classname="spec_perl_TestSwitchMultiBoolOps_t" time="0.000116825103759766" />
    <testcase name="Equals (200)" classname="spec_perl_TestSwitchMultiBoolOps_t" time="0.000142097473144531" />
    <testcase name="Equals (201)" classname="spec_perl_TestSwitchMultiBoolOps_t" time="0.000135898590087891" />
    <testcase name="Equals (202)" classname="spec_perl_TestSwitchMultiBoolOps_t" time="0.000120162963867188" />
    <testcase name="Equals (203)" classname="spec_perl_TestSwitchMultiBoolOps_t" time="0.000151872634887695" />
    <testcase name="Equals (204)" classname="spec_perl_TestSwitchMultiBoolOps_t" time="0.000128030776977539" />
    <testcase name="Equals (205)" classname="spec_perl_TestSwitchMultiBoolOps_t" time="0.000143051147460938" />
    <testcase name="Equals (206)" classname="spec_perl_TestSwitchMultiBoolOps_t" time="0.000118017196655273" />
  </testsuite>
  <testsuite name="spec_perl_TestExprIoEof_t" errors="0" failures="0" skipped="0" tests="4" time="0.0435500144958496">
    <system-out>1..4
ok 1 - Equals
ok 2 - nil
ok 3 - Equals
ok 4 - Equals
</system-out>
    <testcase name="Equals (207)" classname="spec_perl_TestExprIoEof_t" time="0.000463008880615234" />
    <testcase name="nil (207)" classname="spec_perl_TestExprIoEof_t" time="7.41481781005859e-05" />
    <testcase name="Equals (208)" classname="spec_perl_TestExprIoEof_t" time="5.69820404052734e-05" />
    <testcase name="Equals (209)" classname="spec_perl_TestExprIoEof_t" time="0.000157833099365234" />
  </testsuite>
  <testsuite name="spec_perl_TestStrEncodings_t" errors="0" failures="0" skipped="0" tests="4" time="0.0657010078430176">
    <system-out>1..4
ok 1 - Equals
ok 2 - Equals
ok 3 - Equals
ok 4 - Equals
</system-out>
    <testcase name="Equals (210)" classname="spec_perl_TestStrEncodings_t" time="0.0193259716033936" />
    <testcase name="Equals (211)" classname="spec_perl_TestStrEncodings_t" time="0.000141143798828125" />
    <testcase name="Equals (212)" classname="spec_perl_TestStrEncodings_t" time="0.000154018402099609" />
    <testcase name="Equals (213)" classname="spec_perl_TestStrEncodings_t" time="0.000165939331054688" />
  </testsuite>
  <testsuite name="spec_perl_TestBitsByteAligned_t" errors="0" failures="0" skipped="0" tests="9" time="0.0429849624633789">
    <system-out>1..9
ok 1 - Equals
ok 2 - Equals
ok 3 - Equals
ok 4 - Equals
ok 5 - Equals
ok 6 - Equals
ok 7 - Equals
ok 8 - Equals
ok 9 - Equals
</system-out>
    <testcase name="Equals (214)" classname="spec_perl_TestBitsByteAligned_t" time="0.000306844711303711" />
    <testcase name="Equals (215)" classname="spec_perl_TestBitsByteAligned_t" time="0.000111103057861328" />
    <testcase name="Equals (216)" classname="spec_perl_TestBitsByteAligned_t" time="0.000162839889526367" />
    <testcase name="Equals (217)" classname="spec_perl_TestBitsByteAligned_t" time="9.918212890625e-05" />
    <testcase name="Equals (218)" classname="spec_perl_TestBitsByteAligned_t" time="0.00014495849609375" />
    <testcase name="Equals (219)" classname="spec_perl_TestBitsByteAligned_t" time="0.000117063522338867" />
    <testcase name="Equals (220)" classname="spec_perl_TestBitsByteAligned_t" time="0.000155925750732422" />
    <testcase name="Equals (221)" classname="spec_perl_TestBitsByteAligned_t" time="0.000108957290649414" />
    <testcase name="Equals (222)" classname="spec_perl_TestBitsByteAligned_t" time="0.000126123428344727" />
  </testsuite>
  <testsuite name="spec_perl_TestRepeatUntilSized_t" errors="0" failures="0" skipped="0" tests="7" time="0.0429580211639404">
    <system-out>1..7
ok 1 - Equals
ok 2 - Equals
ok 3 - Equals
ok 4 - Equals
ok 5 - Equals
ok 6 - Equals
ok 7 - Equals
</system-out>
    <testcase name="Equals (223)" classname="spec_perl_TestRepeatUntilSized_t" time="0.000483036041259766" />
    <testcase name="Equals (224)" classname="spec_perl_TestRepeatUntilSized_t" time="7.60555267333984e-05" />
    <testcase name="Equals (225)" classname="spec_perl_TestRepeatUntilSized_t" time="0.000150918960571289" />
    <testcase name="Equals (226)" classname="spec_perl_TestRepeatUntilSized_t" time="0.000124931335449219" />
    <testcase name="Equals (227)" classname="spec_perl_TestRepeatUntilSized_t" time="0.000132083892822266" />
    <testcase name="Equals (228)" classname="spec_perl_TestRepeatUntilSized_t" time="0.000158071517944336" />
    <testcase name="Equals (229)" classname="spec_perl_TestRepeatUntilSized_t" time="9.89437103271484e-05" />
  </testsuite>
  <testsuite name="spec_perl_TestSwitchCast_t" errors="0" failures="0" skipped="0" tests="2" time="0.0453140735626221">
    <system-out>1..2
ok 1 - Equals
ok 2 - Equals
</system-out>
    <testcase name="Equals (230)" classname="spec_perl_TestSwitchCast_t" time="0.000296115875244141" />
    <testcase name="Equals (231)" classname="spec_perl_TestSwitchCast_t" time="0.000115871429443359" />
  </testsuite>
  <testsuite name="spec_perl_TestNavRoot_t" errors="0" failures="0" skipped="0" tests="5" time="0.0455930233001709">
    <system-out>1..5
ok 1 - Equals
ok 2 - Equals
ok 3 - Equals
ok 4 - Equals
ok 5 - Equals
</system-out>
    <testcase name="Equals (232)" classname="spec_perl_TestNavRoot_t" time="0.000326871871948242" />
    <testcase name="Equals (233)" classname="spec_perl_TestNavRoot_t" time="0.000117063522338867" />
    <testcase name="Equals (234)" classname="spec_perl_TestNavRoot_t" time="0.000141143798828125" />
    <testcase name="Equals (235)" classname="spec_perl_TestNavRoot_t" time="0.000150918960571289" />
    <testcase name="Equals (236)" classname="spec_perl_TestNavRoot_t" time="0.000133037567138672" />
  </testsuite>
  <testsuite name="spec_perl_TestEosExceptionBytes_t" errors="0" failures="0" skipped="0" tests="1" time="0.0430362224578857">
    <system-out>1..1
ok 1 - Died
</system-out>
    <testcase name="Died (236)" classname="spec_perl_TestEosExceptionBytes_t" time="0.000411033630371094" />
  </testsuite>
  <testsuite name="spec_perl_TestFloatingPoints_t" errors="0" failures="0" skipped="0" tests="8" time="0.0443439483642578">
    <system-out>1..8
ok 1 - Approx equals
ok 2 - Approx equals
ok 3 - Approx equals
ok 4 - Approx equals
ok 5 - Approx equals
ok 6 - Approx equals
ok 7 - Approx equals
ok 8 - Approx equals
</system-out>
    <testcase name="Approx equals (236)" classname="spec_perl_TestFloatingPoints_t" time="0.000184059143066406" />
    <testcase name="Approx equals (237)" classname="spec_perl_TestFloatingPoints_t" time="7.29560852050781e-05" />
    <testcase name="Approx equals (238)" classname="spec_perl_TestFloatingPoints_t" time="4.50611114501953e-05" />
    <testcase name="Approx equals (239)" classname="spec_perl_TestFloatingPoints_t" time="5.60283660888672e-05" />
    <testcase name="Approx equals (240)" classname="spec_perl_TestFloatingPoints_t" time="4.1961669921875e-05" />
    <testcase name="Approx equals (241)" classname="spec_perl_TestFloatingPoints_t" time="5.38825988769531e-05" />
    <testcase name="Approx equals (242)" classname="spec_perl_TestFloatingPoints_t" time="4.1961669921875e-05" />
    <testcase name="Approx equals (243)" classname="spec_perl_TestFloatingPoints_t" time="0.000192165374755859" />
  </testsuite>
  <testsuite name="spec_perl_TestBufferedStruct_t" errors="0" failures="0" skipped="0" tests="7" time="0.0406630039215088">
    <system-out>1..7
ok 1 - Equals
ok 2 - Equals
ok 3 - Equals
ok 4 - Equals
ok 5 - Equals
ok 6 - Equals
ok 7 - Equals
</system-out>
    <testcase name="Equals (243)" classname="spec_perl_TestBufferedStruct_t" time="0.000443935394287109" />
    <testcase name="Equals (244)" classname="spec_perl_TestBufferedStruct_t" time="0.0001220703125" />
    <testcase name="Equals (245)" classname="spec_perl_TestBufferedStruct_t" time="0.00011897087097168" />
    <testcase name="Equals (246)" classname="spec_perl_TestBufferedStruct_t" time="0.000128030776977539" />
    <testcase name="Equals (247)" classname="spec_perl_TestBufferedStruct_t" time="0.000128984451293945" />
    <testcase name="Equals (248)" classname="spec_perl_TestBufferedStruct_t" time="0.00011897087097168" />
    <testcase name="Equals (249)" classname="spec_perl_TestBufferedStruct_t" time="0.00014805793762207" />
  </testsuite>
  <testsuite name="spec_perl_TestCastNested_t" errors="0" failures="0" skipped="0" tests="4" time="0.0433359146118164">
    <system-out>1..4
ok 1 - Equals
ok 2 - Equals
ok 3 - Equals
ok 4 - Equals
</system-out>
    <testcase name="Equals (250)" classname="spec_perl_TestCastNested_t" time="0.000298976898193359" />
    <testcase name="Equals (251)" classname="spec_perl_TestCastNested_t" time="0.000113010406494141" />
    <testcase name="Equals (252)" classname="spec_perl_TestCastNested_t" time="0.000149011611938477" />
    <testcase name="Equals (253)" classname="spec_perl_TestCastNested_t" time="0.000139951705932617" />
  </testsuite>
  <testsuite name="spec_perl_TestBitsEnum_t" errors="0" failures="0" skipped="0" tests="3" time="0.0425441265106201">
    <system-out>1..3
ok 1 - Equals
ok 2 - Equals
ok 3 - Equals
</system-out>
    <testcase name="Equals (254)" classname="spec_perl_TestBitsEnum_t" time="0.000261068344116211" />
    <testcase name="Equals (255)" classname="spec_perl_TestBitsEnum_t" time="0.000112056732177734" />
    <testcase name="Equals (256)" classname="spec_perl_TestBitsEnum_t" time="0.000134944915771484" />
  </testsuite>
  <testsuite name="spec_perl_TestBitsSimple_t" errors="0" failures="0" skipped="0" tests="14" time="0.0422930717468262">
    <system-out>1..14
ok 1 - Equals
ok 2 - Equals
ok 3 - Equals
ok 4 - Equals
ok 5 - Equals
ok 6 - Equals
ok 7 - Equals
ok 8 - Equals
ok 9 - Equals
ok 10 - Equals
ok 11 - Equals
ok 12 - Equals
ok 13 - Equals
ok 14 - Equals
</system-out>
    <testcase name="Equals (257)" classname="spec_perl_TestBitsSimple_t" time="0.000267982482910156" />
    <testcase name="Equals (258)" classname="spec_perl_TestBitsSimple_t" time="0.00011897087097168" />
    <testcase name="Equals (259)" classname="spec_perl_TestBitsSimple_t" time="0.000123977661132812" />
    <testcase name="Equals (260)" classname="spec_perl_TestBitsSimple_t" time="0.000118017196655273" />
    <testcase name="Equals (261)" classname="spec_perl_TestBitsSimple_t" time="0.00011897087097168" />
    <testcase name="Equals (262)" classname="spec_perl_TestBitsSimple_t" time="0.000130176544189453" />
    <testcase name="Equals (263)" classname="spec_perl_TestBitsSimple_t" time="0.000123977661132812" />
    <testcase name="Equals (264)" classname="spec_perl_TestBitsSimple_t" time="0.000116825103759766" />
    <testcase name="Equals (265)" classname="spec_perl_TestBitsSimple_t" time="0.000138998031616211" />
    <testcase name="Equals (266)" classname="spec_perl_TestBitsSimple_t" time="0.000117063522338867" />
    <testcase name="Equals (267)" classname="spec_perl_TestBitsSimple_t" time="0.000114917755126953" />
    <testcase name="Equals (268)" classname="spec_perl_TestBitsSimple_t" time="0.000117063522338867" />
    <testcase name="Equals (269)" classname="spec_perl_TestBitsSimple_t" time="0.000138998031616211" />
    <testcase name="Equals (270)" classname="spec_perl_TestBitsSimple_t" time="0.000111103057861328" />
  </testsuite>
  <testsuite name="spec_perl_TestNavParentVsValueInst_t" errors="0" failures="0" skipped="0" tests="1" time="0.0448892116546631">
    <system-out>1..1
ok 1 - Equals
</system-out>
    <testcase name="Equals (271)" classname="spec_perl_TestNavParentVsValueInst_t" time="0.000274181365966797" />
  </testsuite>
  <testsuite name="spec_perl_TestNavParent2_t" errors="0" failures="0" skipped="0" tests="10" time="0.0463180541992188">
    <system-out>1..10
ok 1 - Equals
ok 2 - Equals
ok 3 - Equals
ok 4 - Equals
ok 5 - Equals
ok 6 - Equals
ok 7 - Equals
ok 8 - Equals
ok 9 - Equals
ok 10 - Equals
</system-out>
    <testcase name="Equals (272)" classname="spec_perl_TestNavParent2_t" time="0.00026702880859375" />
    <testcase name="Equals (273)" classname="spec_perl_TestNavParent2_t" time="0.000120162963867188" />
    <testcase name="Equals (274)" classname="spec_perl_TestNavParent2_t" time="0.000149965286254883" />
    <testcase name="Equals (275)" classname="spec_perl_TestNavParent2_t" time="0.000136852264404297" />
    <testcase name="Equals (276)" classname="spec_perl_TestNavParent2_t" time="0.000126123428344727" />
    <testcase name="Equals (277)" classname="spec_perl_TestNavParent2_t" time="0.00020909309387207" />
    <testcase name="Equals (278)" classname="spec_perl_TestNavParent2_t" time="0.000105857849121094" />
    <testcase name="Equals (279)" classname="spec_perl_TestNavParent2_t" time="0.000149965286254883" />
    <testcase name="Equals (280)" classname="spec_perl_TestNavParent2_t" time="0.000117063522338867" />
    <testcase name="Equals (281)" classname="spec_perl_TestNavParent2_t" time="0.000195026397705078" />
  </testsuite>
  <testsuite name="spec_perl_TestImportsCircularA_t" errors="0" failures="0" skipped="0" tests="5" time="0.0420610904693604">
    <system-out>1..5
ok 1 - Equals
ok 2 - Equals
ok 3 - Equals
ok 4 - Equals
ok 5 - Equals
</system-out>
    <testcase name="Equals (282)" classname="spec_perl_TestImportsCircularA_t" time="0.000230073928833008" />
    <testcase name="Equals (283)" classname="spec_perl_TestImportsCircularA_t" time="0.000110864639282227" />
    <testcase name="Equals (284)" classname="spec_perl_TestImportsCircularA_t" time="0.000132083892822266" />
    <testcase name="Equals (285)" classname="spec_perl_TestImportsCircularA_t" time="0.000129938125610352" />
    <testcase name="Equals (286)" classname="spec_perl_TestImportsCircularA_t" time="8.392333984375e-05" />
  </testsuite>
  <testsuite name="spec_perl_TestMetaTags_t" errors="0" failures="0" skipped="1" tests="1" time="0.0432009696960449">
    <system-out>1..1
ok 1 # skip MetaTags=HASH(0x21bc3a8)
</system-out>
    <testcase name="Unnamed test case 286" classname="spec_perl_TestMetaTags_t" time="0.00118398666381836">
      <skipped message="ok 1 # skip MetaTags=HASH(0x21bc3a8)" />
    </testcase>
  </testsuite>
  <testsuite name="spec_perl_TestCombineStr_t" errors="0" failures="0" skipped="0" tests="15" time="0.0447762012481689">
    <system-out>1..15
ok 1 - Equals
ok 2 - Equals
ok 3 - Equals
ok 4 - Equals
ok 5 - Equals
ok 6 - Equals
ok 7 - Equals
ok 8 - Equals
ok 9 - Equals
ok 10 - Equals
ok 11 - Equals
ok 12 - Equals
ok 13 - Equals
ok 14 - Equals
ok 15 - Equals
</system-out>
    <testcase name="Equals (287)" classname="spec_perl_TestCombineStr_t" time="0.000257968902587891" />
    <testcase name="Equals (288)" classname="spec_perl_TestCombineStr_t" time="0.000110864639282227" />
    <testcase name="Equals (289)" classname="spec_perl_TestCombineStr_t" time="0.000131130218505859" />
    <testcase name="Equals (290)" classname="spec_perl_TestCombineStr_t" time="0.000144004821777344" />
    <testcase name="Equals (291)" classname="spec_perl_TestCombineStr_t" time="0.000123023986816406" />
    <testcase name="Equals (292)" classname="spec_perl_TestCombineStr_t" time="0.000138998031616211" />
    <testcase name="Equals (293)" classname="spec_perl_TestCombineStr_t" time="0.00011897087097168" />
    <testcase name="Equals (294)" classname="spec_perl_TestCombineStr_t" time="0.000145912170410156" />
    <testcase name="Equals (295)" classname="spec_perl_TestCombineStr_t" time="0.000121116638183594" />
    <testcase name="Equals (296)" classname="spec_perl_TestCombineStr_t" time="0.000138998031616211" />
    <testcase name="Equals (297)" classname="spec_perl_TestCombineStr_t" time="0.000128030776977539" />
    <testcase name="Equals (298)" classname="spec_perl_TestCombineStr_t" time="0.000146865844726562" />
    <testcase name="Equals (299)" classname="spec_perl_TestCombineStr_t" time="0.000113964080810547" />
    <testcase name="Equals (300)" classname="spec_perl_TestCombineStr_t" time="0.000142097473144531" />
    <testcase name="Equals (301)" classname="spec_perl_TestCombineStr_t" time="0.000114917755126953" />
  </testsuite>
  <testsuite name="spec_perl_TestNavParentOverride_t" errors="0" failures="0" skipped="0" tests="3" time="0.0417180061340332">
    <system-out>1..3
ok 1 - Equals
ok 2 - Equals
ok 3 - Equals
</system-out>
    <testcase name="Equals (302)" classname="spec_perl_TestNavParentOverride_t" time="0.000255107879638672" />
    <testcase name="Equals (303)" classname="spec_perl_TestNavParentOverride_t" time="0.000123977661132812" />
    <testcase name="Equals (304)" classname="spec_perl_TestNavParentOverride_t" time="0.000135898590087891" />
  </testsuite>
  <testsuite name="spec_perl_TestIfStruct_t" errors="0" failures="0" skipped="0" tests="7" time="0.0435819625854492">
    <system-out>1..7
ok 1 - Equals
ok 2 - Equals
ok 3 - Equals
ok 4 - Equals
ok 5 - Equals
ok 6 - Equals
ok 7 - Equals
</system-out>
    <testcase name="Equals (305)" classname="spec_perl_TestIfStruct_t" time="0.00032806396484375" />
    <testcase name="Equals (306)" classname="spec_perl_TestIfStruct_t" time="9.79900360107422e-05" />
    <testcase name="Equals (307)" classname="spec_perl_TestIfStruct_t" time="0.000144004821777344" />
    <testcase name="Equals (308)" classname="spec_perl_TestIfStruct_t" time="0.000124931335449219" />
    <testcase name="Equals (309)" classname="spec_perl_TestIfStruct_t" time="0.000144004821777344" />
    <testcase name="Equals (310)" classname="spec_perl_TestIfStruct_t" time="0.000132083892822266" />
    <testcase name="Equals (311)" classname="spec_perl_TestIfStruct_t" time="0.000111818313598633" />
  </testsuite>
  <testsuite name="spec_perl_TestStrPadTermEmpty_t" errors="0" failures="0" skipped="0" tests="4" time="0.0482668876647949">
    <system-out>1..4
ok 1 - Equals
ok 2 - Equals
ok 3 - Equals
ok 4 - Equals
</system-out>
    <testcase name="Equals (312)" classname="spec_perl_TestStrPadTermEmpty_t" time="0.000374078750610352" />
    <testcase name="Equals (313)" classname="spec_perl_TestStrPadTermEmpty_t" time="8.08238983154297e-05" />
    <testcase name="Equals (314)" classname="spec_perl_TestStrPadTermEmpty_t" time="0.000152111053466797" />
    <testcase name="Equals (315)" classname="spec_perl_TestStrPadTermEmpty_t" time="0.000123023986816406" />
  </testsuite>
  <testsuite name="spec_perl_TestIndexToParamEos_t" errors="0" failures="2" skipped="0" tests="7" time="0.0507769584655762">
    <system-out>1..7
ok 1 - Equals
ok 2 - Equals
ok 3 - Equals
ok 4 - Equals
ok 5 - Equals
not ok 6 - Equals
not ok 7 - Equals
</system-out>
    <testcase name="Equals (316)" classname="spec_perl_TestIndexToParamEos_t" time="0.00712180137634277" />
    <testcase name="Equals (317)" classname="spec_perl_TestIndexToParamEos_t" time="6.19888305664062e-05" />
    <testcase name="Equals (318)" classname="spec_perl_TestIndexToParamEos_t" time="4.50611114501953e-05" />
    <testcase name="Equals (319)" classname="spec_perl_TestIndexToParamEos_t" time="4.1961669921875e-05" />
    <testcase name="Equals (320)" classname="spec_perl_TestIndexToParamEos_t" time="4.00543212890625e-05" />
    <testcase name="Equals (321)" classname="spec_perl_TestIndexToParamEos_t" time="4.91142272949219e-05">
      <failure message="not ok 6 - Equals" type="TAP::Parser::Result::Test"></failure>
    </testcase>
    <testcase name="Equals (322)" classname="spec_perl_TestIndexToParamEos_t" time="5.69820404052734e-05">
      <failure message="not ok 7 - Equals" type="TAP::Parser::Result::Test"></failure>
    </testcase>
  </testsuite>
  <testsuite name="spec_perl_TestIoLocalVar_t" errors="0" failures="0" skipped="0" tests="2" time="0.0422089099884033">
    <system-out>1..2
ok 1 - Equals
ok 2 - Equals
</system-out>
    <testcase name="Equals (323)" classname="spec_perl_TestIoLocalVar_t" time="0.000488042831420898" />
    <testcase name="Equals (324)" classname="spec_perl_TestIoLocalVar_t" time="0.000114917755126953" />
  </testsuite>
  <testsuite name="spec_perl_TestRecursiveOne_t" errors="0" failures="0" skipped="0" tests="4" time="0.0411040782928467">
    <system-out>1..4
ok 1 - Equals
ok 2 - Equals
ok 3 - Equals
ok 4 - Equals
</system-out>
    <testcase name="Equals (325)" classname="spec_perl_TestRecursiveOne_t" time="0.000244140625" />
    <testcase name="Equals (326)" classname="spec_perl_TestRecursiveOne_t" time="0.000125885009765625" />
    <testcase name="Equals (327)" classname="spec_perl_TestRecursiveOne_t" time="0.000139951705932617" />
    <testcase name="Equals (328)" classname="spec_perl_TestRecursiveOne_t" time="0.000113010406494141" />
  </testsuite>
  <testsuite name="spec_perl_TestNavParent3_t" errors="0" failures="0" skipped="0" tests="10" time="0.0460090637207031">
    <system-out>1..10
ok 1 - Equals
ok 2 - Equals
ok 3 - Equals
ok 4 - Equals
ok 5 - Equals
ok 6 - Equals
ok 7 - Equals
ok 8 - Equals
ok 9 - Equals
ok 10 - Equals
</system-out>
    <testcase name="Equals (329)" classname="spec_perl_TestNavParent3_t" time="0.000391006469726562" />
    <testcase name="Equals (330)" classname="spec_perl_TestNavParent3_t" time="8.60691070556641e-05" />
    <testcase name="Equals (331)" classname="spec_perl_TestNavParent3_t" time="0.000196933746337891" />
    <testcase name="Equals (332)" classname="spec_perl_TestNavParent3_t" time="0.000158071517944336" />
    <testcase name="Equals (333)" classname="spec_perl_TestNavParent3_t" time="0.000101089477539062" />
    <testcase name="Equals (334)" classname="spec_perl_TestNavParent3_t" time="0.000192880630493164" />
    <testcase name="Equals (335)" classname="spec_perl_TestNavParent3_t" time="0.000116109848022461" />
    <testcase name="Equals (336)" classname="spec_perl_TestNavParent3_t" time="0.000152826309204102" />
    <testcase name="Equals (337)" classname="spec_perl_TestNavParent3_t" time="0.000120162963867188" />
    <testcase name="Equals (338)" classname="spec_perl_TestNavParent3_t" time="0.000265836715698242" />
  </testsuite>
  <testsuite name="spec_perl_TestEofExceptionU4_t" errors="0" failures="0" skipped="0" tests="1" time="0.0425970554351807">
    <system-out>1..1
ok 1 - Died
</system-out>
    <testcase name="Died (338)" classname="spec_perl_TestEofExceptionU4_t" time="0.000212907791137695" />
  </testsuite>
  <testsuite name="spec_perl_TestInstanceUserArray_t" errors="0" failures="0" skipped="0" tests="10" time="0.0429379940032959">
    <system-out>1..10
ok 1 - Equals
ok 2 - Equals
ok 3 - Equals
ok 4 - Equals
ok 5 - Equals
ok 6 - Equals
ok 7 - Equals
ok 8 - Equals
ok 9 - Equals
ok 10 - Equals
</system-out>
    <testcase name="Equals (339)" classname="spec_perl_TestInstanceUserArray_t" time="0.000243186950683594" />
    <testcase name="Equals (340)" classname="spec_perl_TestInstanceUserArray_t" time="0.000116825103759766" />
    <testcase name="Equals (341)" classname="spec_perl_TestInstanceUserArray_t" time="0.000142097473144531" />
    <testcase name="Equals (342)" classname="spec_perl_TestInstanceUserArray_t" time="0.000431060791015625" />
    <testcase name="Equals (343)" classname="spec_perl_TestInstanceUserArray_t" time="0.000123023986816406" />
    <testcase name="Equals (344)" classname="spec_perl_TestInstanceUserArray_t" time="0.000136852264404297" />
    <testcase name="Equals (345)" classname="spec_perl_TestInstanceUserArray_t" time="0.000133037567138672" />
    <testcase name="Equals (346)" classname="spec_perl_TestInstanceUserArray_t" time="0.000145912170410156" />
    <testcase name="Equals (347)" classname="spec_perl_TestInstanceUserArray_t" time="0.000120162963867188" />
    <testcase name="Equals (348)" classname="spec_perl_TestInstanceUserArray_t" time="0.000123977661132812" />
  </testsuite>
  <testsuite name="spec_perl_TestParamsPassArrayStr_t" errors="0" failures="1" skipped="6" tests="7" time="0.0476298332214355">
    <system-out>1..7
not ok 1 - test_params_pass_array_str died (Can't use an undefined value as an ARRAY reference at spec/perl/TestParamsPassArrayStr.t line 15.)
ok 2 # skip test_params_pass_array_str died
ok 3 # skip test_params_pass_array_str died
ok 4 # skip test_params_pass_array_str died
ok 5 # skip test_params_pass_array_str died
ok 6 # skip test_params_pass_array_str died
ok 7 # skip test_params_pass_array_str died
</system-out>
    <testcase name="test_params_pass_array_str died (Can't use an undefined value as an ARRAY reference at spec/perl/TestParamsPassArrayStr.t line 15.) (348)" classname="spec_perl_TestParamsPassArrayStr_t" time="0.000310897827148438">
      <failure message="not ok 1 - test_params_pass_array_str died (Can't use an undefined value as an ARRAY reference at spec/perl/TestParamsPassArrayStr.t line 15.)" type="TAP::Parser::Result::Test"></failure>
    </testcase>
    <testcase name="Unnamed test case 348" classname="spec_perl_TestParamsPassArrayStr_t" time="0.00156402587890625">
      <skipped message="ok 2 # skip test_params_pass_array_str died" />
    </testcase>
    <testcase name="Unnamed test case 349" classname="spec_perl_TestParamsPassArrayStr_t" time="7.89165496826172e-05">
      <skipped message="ok 3 # skip test_params_pass_array_str died" />
    </testcase>
    <testcase name="Unnamed test case 350" classname="spec_perl_TestParamsPassArrayStr_t" time="0.000152111053466797">
      <skipped message="ok 4 # skip test_params_pass_array_str died" />
    </testcase>
    <testcase name="Unnamed test case 351" classname="spec_perl_TestParamsPassArrayStr_t" time="0.000120878219604492">
      <skipped message="ok 5 # skip test_params_pass_array_str died" />
    </testcase>
    <testcase name="Unnamed test case 352" classname="spec_perl_TestParamsPassArrayStr_t" time="0.00012516975402832">
      <skipped message="ok 6 # skip test_params_pass_array_str died" />
    </testcase>
    <testcase name="Unnamed test case 353" classname="spec_perl_TestParamsPassArrayStr_t" time="0.000118017196655273">
      <skipped message="ok 7 # skip test_params_pass_array_str died" />
    </testcase>
  </testsuite>
  <testsuite name="spec_perl_TestStrEos_t" errors="0" failures="0" skipped="0" tests="1" time="0.0448460578918457">
    <system-out>1..1
ok 1 - Equals
</system-out>
    <testcase name="Equals (353)" classname="spec_perl_TestStrEos_t" time="0.000303983688354492" />
  </testsuite>
  <testsuite name="spec_perl_TestProcessXor4Const_t" errors="0" failures="0" skipped="0" tests="2" time="0.0408279895782471">
    <system-out>1..2
ok 1 - Equals
ok 2 - Equals
</system-out>
    <testcase name="Equals (354)" classname="spec_perl_TestProcessXor4Const_t" time="0.000242948532104492" />
    <testcase name="Equals (355)" classname="spec_perl_TestProcessXor4Const_t" time="0.000130176544189453" />
  </testsuite>
  <testsuite name="spec_perl_TestDefaultEndianExprInherited_t" errors="0" failures="0" skipped="0" tests="15" time="0.0426950454711914">
    <system-out>1..15
ok 1 - Equals
ok 2 - Equals
ok 3 - Equals
ok 4 - Equals
ok 5 - Equals
ok 6 - Equals
ok 7 - Equals
ok 8 - Equals
ok 9 - Equals
ok 10 - Equals
ok 11 - Equals
ok 12 - Equals
ok 13 - Equals
ok 14 - Equals
ok 15 - Equals
</system-out>
    <testcase name="Equals (356)" classname="spec_perl_TestDefaultEndianExprInherited_t" time="0.000319004058837891" />
    <testcase name="Equals (357)" classname="spec_perl_TestDefaultEndianExprInherited_t" time="0.000100135803222656" />
    <testcase name="Equals (358)" classname="spec_perl_TestDefaultEndianExprInherited_t" time="0.000140905380249023" />
    <testcase name="Equals (359)" classname="spec_perl_TestDefaultEndianExprInherited_t" time="0.000125885009765625" />
    <testcase name="Equals (360)" classname="spec_perl_TestDefaultEndianExprInherited_t" time="0.000146150588989258" />
    <testcase name="Equals (361)" classname="spec_perl_TestDefaultEndianExprInherited_t" time="0.000117063522338867" />
    <testcase name="Equals (362)" classname="spec_perl_TestDefaultEndianExprInherited_t" time="0.000131845474243164" />
    <testcase name="Equals (363)" classname="spec_perl_TestDefaultEndianExprInherited_t" time="0.000118017196655273" />
    <testcase name="Equals (364)" classname="spec_perl_TestDefaultEndianExprInherited_t" time="0.000150918960571289" />
    <testcase name="Equals (365)" classname="spec_perl_TestDefaultEndianExprInherited_t" time="0.000155210494995117" />
    <testcase name="Equals (366)" classname="spec_perl_TestDefaultEndianExprInherited_t" time="0.000111818313598633" />
    <testcase name="Equals (367)" classname="spec_perl_TestDefaultEndianExprInherited_t" time="0.00014805793762207" />
    <testcase name="Equals (368)" classname="spec_perl_TestDefaultEndianExprInherited_t" time="0.000113964080810547" />
    <testcase name="Equals (369)" classname="spec_perl_TestDefaultEndianExprInherited_t" time="0.000151157379150391" />
    <testcase name="Equals (370)" classname="spec_perl_TestDefaultEndianExprInherited_t" time="0.000123977661132812" />
  </testsuite>
  <testsuite name="spec_perl_TestProcessXor4Value_t" errors="0" failures="0" skipped="0" tests="2" time="0.0398950576782227">
    <system-out>1..2
ok 1 - Equals
ok 2 - Equals
</system-out>
    <testcase name="Equals (371)" classname="spec_perl_TestProcessXor4Value_t" time="0.000236988067626953" />
    <testcase name="Equals (372)" classname="spec_perl_TestProcessXor4Value_t" time="0.000113010406494141" />
  </testsuite>
  <testsuite name="spec_perl_TestEosExceptionU4_t" errors="0" failures="0" skipped="0" tests="1" time="0.0431671142578125">
    <system-out>1..1
ok 1 - Died
</system-out>
    <testcase name="Died (372)" classname="spec_perl_TestEosExceptionU4_t" time="0.000416040420532227" />
  </testsuite>
  <testsuite name="spec_perl_TestTypeIntUnaryOp_t" errors="0" failures="0" skipped="0" tests="4" time="0.0404939651489258">
    <system-out>1..4
ok 1 - Equals
ok 2 - Equals
ok 3 - Equals
ok 4 - Equals
</system-out>
    <testcase name="Equals (373)" classname="spec_perl_TestTypeIntUnaryOp_t" time="0.000251054763793945" />
    <testcase name="Equals (374)" classname="spec_perl_TestTypeIntUnaryOp_t" time="9.08374786376953e-05" />
    <testcase name="Equals (375)" classname="spec_perl_TestTypeIntUnaryOp_t" time="0.000159025192260742" />
    <testcase name="Equals (376)" classname="spec_perl_TestTypeIntUnaryOp_t" time="0.000147104263305664" />
  </testsuite>
  <testsuite name="spec_perl_TestTermBytes_t" errors="0" failures="0" skipped="0" tests="3" time="0.0421929359436035">
    <system-out>1..3
ok 1 - Equals
ok 2 - Equals
ok 3 - Equals
</system-out>
    <testcase name="Equals (377)" classname="spec_perl_TestTermBytes_t" time="0.000283002853393555" />
    <testcase name="Equals (378)" classname="spec_perl_TestTermBytes_t" time="8.08238983154297e-05" />
    <testcase name="Equals (379)" classname="spec_perl_TestTermBytes_t" time="0.000153064727783203" />
  </testsuite>
  <testsuite name="spec_perl_TestDebugSwitchUser_t" errors="1" failures="0" skipped="0" tests="0" time="0.0537331104278564">
    <system-out></system-out>
    <testcase name="Test died too soon, even before plan. (379)" classname="spec_perl_TestDebugSwitchUser_t" time="0.0537331104278564">
      <failure message="The test suite died before a plan was produced. You need to have a plan." type="Plan">No plan</failure>
    </testcase>
  </testsuite>
  <testsuite name="spec_perl_TestEnumForUnknownId_t" errors="0" failures="0" skipped="0" tests="1" time="0.0393409729003906">
    <system-out>1..1
ok 1 - Equals
</system-out>
    <testcase name="Equals (380)" classname="spec_perl_TestEnumForUnknownId_t" time="0.000250101089477539" />
  </testsuite>
  <testsuite name="spec_perl_TestTypeTernary_t" errors="0" failures="0" skipped="0" tests="1" time="0.0410051345825195">
    <system-out>1..1
ok 1 - Equals
</system-out>
    <testcase name="Equals (381)" classname="spec_perl_TestTypeTernary_t" time="0.000440835952758789" />
  </testsuite>
  <testsuite name="spec_perl_TestNestedSameName2_t" errors="0" failures="0" skipped="0" tests="5" time="0.0427021980285645">
    <system-out>1..5
ok 1 - Equals
ok 2 - Equals
ok 3 - Equals
ok 4 - Equals
ok 5 - Equals
</system-out>
    <testcase name="Equals (382)" classname="spec_perl_TestNestedSameName2_t" time="0.000269889831542969" />
    <testcase name="Equals (383)" classname="spec_perl_TestNestedSameName2_t" time="0.000132083892822266" />
    <testcase name="Equals (384)" classname="spec_perl_TestNestedSameName2_t" time="0.00014185905456543" />
    <testcase name="Equals (385)" classname="spec_perl_TestNestedSameName2_t" time="0.000137090682983398" />
    <testcase name="Equals (386)" classname="spec_perl_TestNestedSameName2_t" time="0.00014495849609375" />
  </testsuite>
  <testsuite name="spec_perl_TestOptionalId_t" errors="0" failures="0" skipped="0" tests="3" time="0.0407609939575195">
    <system-out>1..3
ok 1 - Equals
ok 2 - Equals
ok 3 - Equals
</system-out>
    <testcase name="Equals (387)" classname="spec_perl_TestOptionalId_t" time="0.000222921371459961" />
    <testcase name="Equals (388)" classname="spec_perl_TestOptionalId_t" time="0.000123023986816406" />
    <testcase name="Equals (389)" classname="spec_perl_TestOptionalId_t" time="0.000138044357299805" />
  </testsuite>
  <testsuite name="spec_perl_TestIfInstances_t" errors="0" failures="0" skipped="0" tests="1" time="0.0396900177001953">
    <system-out>1..1
ok 1 - nil
</system-out>
    <testcase name="nil (389)" classname="spec_perl_TestIfInstances_t" time="0.000164985656738281" />
  </testsuite>
  <testsuite name="spec_perl_TestSwitchManualEnumInvalid_t" errors="0" failures="0" skipped="0" tests="5" time="0.0432429313659668">
    <system-out>1..5
ok 1 - Equals
ok 2 - Equals
ok 3 - nil
ok 4 - Equals
ok 5 - nil
</system-out>
    <testcase name="Equals (390)" classname="spec_perl_TestSwitchManualEnumInvalid_t" time="0.000241994857788086" />
    <testcase name="Equals (391)" classname="spec_perl_TestSwitchManualEnumInvalid_t" time="0.00012516975402832" />
    <testcase name="nil (391)" classname="spec_perl_TestSwitchManualEnumInvalid_t" time="6.103515625e-05" />
    <testcase name="Equals (392)" classname="spec_perl_TestSwitchManualEnumInvalid_t" time="0.000131845474243164" />
    <testcase name="nil (392)" classname="spec_perl_TestSwitchManualEnumInvalid_t" time="6.00814819335938e-05" />
  </testsuite>
  <testsuite name="spec_perl_TestEnumIntRangeS_t" errors="0" failures="0" skipped="0" tests="3" time="0.0562257766723633">
    <system-out>1..3
ok 1 - Equals
ok 2 - Equals
ok 3 - Equals
</system-out>
    <testcase name="Equals (393)" classname="spec_perl_TestEnumIntRangeS_t" time="0.000250816345214844" />
    <testcase name="Equals (394)" classname="spec_perl_TestEnumIntRangeS_t" time="9.79900360107422e-05" />
    <testcase name="Equals (395)" classname="spec_perl_TestEnumIntRangeS_t" time="0.000152111053466797" />
  </testsuite>
  <testsuite name="spec_perl_TestDebug0_t" errors="0" failures="0" skipped="1" tests="1" time="0.0397460460662842">
    <system-out>1..1
ok 1 # skip test_debug_0
</system-out>
    <testcase name="Unnamed test case 395" classname="spec_perl_TestDebug0_t" time="0.000236034393310547">
      <skipped message="ok 1 # skip test_debug_0" />
    </testcase>
  </testsuite>
  <testsuite name="spec_perl_TestSwitchManualIntElse_t" errors="0" failures="0" skipped="0" tests="9" time="0.0468289852142334">
    <system-out>1..9
ok 1 - Equals
ok 2 - Equals
ok 3 - Equals
ok 4 - Equals
ok 5 - Equals
ok 6 - Equals
ok 7 - Equals
ok 8 - Equals
ok 9 - Equals
</system-out>
    <testcase name="Equals (396)" classname="spec_perl_TestSwitchManualIntElse_t" time="0.000316858291625977" />
    <testcase name="Equals (397)" classname="spec_perl_TestSwitchManualIntElse_t" time="0.000121116638183594" />
    <testcase name="Equals (398)" classname="spec_perl_TestSwitchManualIntElse_t" time="0.000157833099365234" />
    <testcase name="Equals (399)" classname="spec_perl_TestSwitchManualIntElse_t" time="0.000137090682983398" />
    <testcase name="Equals (400)" classname="spec_perl_TestSwitchManualIntElse_t" time="0.000124931335449219" />
    <testcase name="Equals (401)" classname="spec_perl_TestSwitchManualIntElse_t" time="0.000151157379150391" />
    <testcase name="Equals (402)" classname="spec_perl_TestSwitchManualIntElse_t" time="0.000128984451293945" />
    <testcase name="Equals (403)" classname="spec_perl_TestSwitchManualIntElse_t" time="0.00014495849609375" />
    <testcase name="Equals (404)" classname="spec_perl_TestSwitchManualIntElse_t" time="0.000145912170410156" />
  </testsuite>
  <testsuite name="spec_perl_TestExprArray_t" errors="0" failures="1" skipped="0" tests="15" time="0.0488791465759277">
    <system-out>1..15
ok 1 - Equals
ok 2 - Equals
ok 3 - Equals
ok 4 - Equals
ok 5 - Equals
ok 6 - Equals
ok 7 - Equals
ok 8 - Equals
not ok 9 - Equals
ok 10 - Equals
ok 11 - Equals
ok 12 - Equals
ok 13 - Equals
ok 14 - Equals
ok 15 - Equals
</system-out>
    <testcase name="Equals (405)" classname="spec_perl_TestExprArray_t" time="0.000326871871948242" />
    <testcase name="Equals (406)" classname="spec_perl_TestExprArray_t" time="9.10758972167969e-05" />
    <testcase name="Equals (407)" classname="spec_perl_TestExprArray_t" time="0.000150918960571289" />
    <testcase name="Equals (408)" classname="spec_perl_TestExprArray_t" time="0.000130176544189453" />
    <testcase name="Equals (409)" classname="spec_perl_TestExprArray_t" time="0.000147819519042969" />
    <testcase name="Equals (410)" classname="spec_perl_TestExprArray_t" time="0.000127077102661133" />
    <testcase name="Equals (411)" classname="spec_perl_TestExprArray_t" time="0.000172138214111328" />
    <testcase name="Equals (412)" classname="spec_perl_TestExprArray_t" time="0.000121831893920898" />
    <testcase name="Equals (413)" classname="spec_perl_TestExprArray_t" time="0.000195980072021484">
      <failure message="not ok 9 - Equals" type="TAP::Parser::Result::Test"></failure>
    </testcase>
    <testcase name="Equals (414)" classname="spec_perl_TestExprArray_t" time="0.00366711616516113" />
    <testcase name="Equals (415)" classname="spec_perl_TestExprArray_t" time="9.89437103271484e-05" />
    <testcase name="Equals (416)" classname="spec_perl_TestExprArray_t" time="5.10215759277344e-05" />
    <testcase name="Equals (417)" classname="spec_perl_TestExprArray_t" time="3.00407409667969e-05" />
    <testcase name="Equals (418)" classname="spec_perl_TestExprArray_t" time="2.288818359375e-05" />
    <testcase name="Equals (419)" classname="spec_perl_TestExprArray_t" time="2.21729278564453e-05" />
  </testsuite>
  <testsuite name="spec_perl_TestExprEnum_t" errors="0" failures="0" skipped="0" tests="3" time="0.0791440010070801">
    <system-out>1..3
ok 1 - Equals
ok 2 - Equals
ok 3 - Equals
</system-out>
    <testcase name="Equals (420)" classname="spec_perl_TestExprEnum_t" time="0.000248908996582031" />
    <testcase name="Equals (421)" classname="spec_perl_TestExprEnum_t" time="0.000127077102661133" />
    <testcase name="Equals (422)" classname="spec_perl_TestExprEnum_t" time="0.000149011611938477" />
  </testsuite>
  <testsuite name="spec_perl_TestIndexToParamUntil_t" errors="0" failures="2" skipped="0" tests="7" time="0.0580530166625977">
    <system-out>1..7
ok 1 - Equals
ok 2 - Equals
ok 3 - Equals
ok 4 - Equals
ok 5 - Equals
not ok 6 - Equals
not ok 7 - Equals
</system-out>
    <testcase name="Equals (423)" classname="spec_perl_TestIndexToParamUntil_t" time="0.000673055648803711" />
    <testcase name="Equals (424)" classname="spec_perl_TestIndexToParamUntil_t" time="0.000340938568115234" />
    <testcase name="Equals (425)" classname="spec_perl_TestIndexToParamUntil_t" time="0.000337839126586914" />
    <testcase name="Equals (426)" classname="spec_perl_TestIndexToParamUntil_t" time="0.000268220901489258" />
    <testcase name="Equals (427)" classname="spec_perl_TestIndexToParamUntil_t" time="0.000261783599853516" />
    <testcase name="Equals (428)" classname="spec_perl_TestIndexToParamUntil_t" time="0.000313043594360352">
      <failure message="not ok 6 - Equals" type="TAP::Parser::Result::Test"></failure>
    </testcase>
    <testcase name="Equals (429)" classname="spec_perl_TestIndexToParamUntil_t" time="0.00106215476989746">
      <failure message="not ok 7 - Equals" type="TAP::Parser::Result::Test"></failure>
    </testcase>
  </testsuite>
  <testsuite name="spec_perl_TestRepeatEosBit_t" errors="0" failures="1" skipped="0" tests="1" time="0.0425808429718018">
    <system-out>1..1
not ok 1 - Equals
</system-out>
    <testcase name="Equals (430)" classname="spec_perl_TestRepeatEosBit_t" time="0.000311851501464844">
      <failure message="not ok 1 - Equals" type="TAP::Parser::Result::Test"></failure>
    </testcase>
  </testsuite>
  <testsuite name="spec_perl_TestNestedTypes2_t" errors="0" failures="0" skipped="0" tests="7" time="0.0428240299224854">
    <system-out>1..7
ok 1 - Equals
ok 2 - Equals
ok 3 - Equals
ok 4 - Equals
ok 5 - Equals
ok 6 - Equals
ok 7 - Equals
</system-out>
    <testcase name="Equals (431)" classname="spec_perl_TestNestedTypes2_t" time="0.000272035598754883" />
    <testcase name="Equals (432)" classname="spec_perl_TestNestedTypes2_t" time="0.00012516975402832" />
    <testcase name="Equals (433)" classname="spec_perl_TestNestedTypes2_t" time="0.000139951705932617" />
    <testcase name="Equals (434)" classname="spec_perl_TestNestedTypes2_t" time="0.000133037567138672" />
    <testcase name="Equals (435)" classname="spec_perl_TestNestedTypes2_t" time="0.000128984451293945" />
    <testcase name="Equals (436)" classname="spec_perl_TestNestedTypes2_t" time="0.000147819519042969" />
    <testcase name="Equals (437)" classname="spec_perl_TestNestedTypes2_t" time="0.0001220703125" />
  </testsuite>
  <testsuite name="spec_perl_TestBytesPadTerm_t" errors="0" failures="0" skipped="0" tests="4" time="0.0408158302307129">
    <system-out>1..4
ok 1 - Equals
ok 2 - Equals
ok 3 - Equals
ok 4 - Equals
</system-out>
    <testcase name="Equals (438)" classname="spec_perl_TestBytesPadTerm_t" time="0.000247955322265625" />
    <testcase name="Equals (439)" classname="spec_perl_TestBytesPadTerm_t" time="0.000118017196655273" />
    <testcase name="Equals (440)" classname="spec_perl_TestBytesPadTerm_t" time="0.000140905380249023" />
    <testcase name="Equals (441)" classname="spec_perl_TestBytesPadTerm_t" time="0.000113964080810547" />
  </testsuite>
  <testsuite name="spec_perl_TestSwitchIntegers2_t" errors="0" failures="0" skipped="0" tests="5" time="0.041895866394043">
    <system-out>1..5
ok 1 - Equals
ok 2 - Equals
ok 3 - Equals
ok 4 - Equals
ok 5 - Equals
</system-out>
    <testcase name="Equals (442)" classname="spec_perl_TestSwitchIntegers2_t" time="0.000228166580200195" />
    <testcase name="Equals (443)" classname="spec_perl_TestSwitchIntegers2_t" time="0.000129938125610352" />
    <testcase name="Equals (444)" classname="spec_perl_TestSwitchIntegers2_t" time="0.000135898590087891" />
    <testcase name="Equals (445)" classname="spec_perl_TestSwitchIntegers2_t" time="0.000116109848022461" />
    <testcase name="Equals (446)" classname="spec_perl_TestSwitchIntegers2_t" time="0.00014495849609375" />
  </testsuite>
  <testsuite name="spec_perl_TestJsSignedRightShift_t" errors="0" failures="0" skipped="0" tests="2" time="0.0420169830322266">
    <system-out>1..2
ok 1 - Equals
ok 2 - Equals
</system-out>
    <testcase name="Equals (447)" classname="spec_perl_TestJsSignedRightShift_t" time="0.000227212905883789" />
    <testcase name="Equals (448)" classname="spec_perl_TestJsSignedRightShift_t" time="0.000149011611938477" />
  </testsuite>
  <testsuite name="spec_perl_TestExprOpsParens_t" errors="1" failures="0" skipped="0" tests="0" time="0.0407578945159912">
    <system-out></system-out>
    <testcase name="Test died too soon, even before plan. (448)" classname="spec_perl_TestExprOpsParens_t" time="0.0407578945159912">
      <failure message="The test suite died before a plan was produced. You need to have a plan." type="Plan">No plan</failure>
    </testcase>
  </testsuite>
  <testsuite name="spec_perl_TestZlibWithHeader78_t" errors="0" failures="0" skipped="0" tests="1" time="0.0619950294494629">
    <system-out>1..1
ok 1 - Equals
</system-out>
    <testcase name="Equals (449)" classname="spec_perl_TestZlibWithHeader78_t" time="0.00029301643371582" />
  </testsuite>
  <testsuite name="spec_perl_TestTypeTernaryOpaque_t" errors="0" failures="0" skipped="0" tests="3" time="0.0477261543273926">
    <system-out>1..3
ok 1 - Equals
ok 2 - Equals
ok 3 - Equals
</system-out>
    <testcase name="Equals (450)" classname="spec_perl_TestTypeTernaryOpaque_t" time="0.000504016876220703" />
    <testcase name="Equals (451)" classname="spec_perl_TestTypeTernaryOpaque_t" time="0.000113964080810547" />
    <testcase name="Equals (452)" classname="spec_perl_TestTypeTernaryOpaque_t" time="0.000139951705932617" />
  </testsuite>
  <testsuite name="spec_perl_TestProcessCustomNoArgs_t" errors="1" failures="0" skipped="0" tests="0" time="0.050199031829834">
    <system-out></system-out>
[...]
    <testcase name="Equals (692)" classname="spec_perl_TestExpr2_t" time="0.000149965286254883" />
    <testcase name="Equals (693)" classname="spec_perl_TestExpr2_t" time="0.00014805793762207" />
    <testcase name="Equals (694)" classname="spec_perl_TestExpr2_t" time="0.000152111053466797" />
    <testcase name="Equals (695)" classname="spec_perl_TestExpr2_t" time="0.000153779983520508" />
    <testcase name="Equals (696)" classname="spec_perl_TestExpr2_t" time="0.000121116638183594" />
    <testcase name="Equals (697)" classname="spec_perl_TestExpr2_t" time="0.000144004821777344" />
    <testcase name="Equals (698)" classname="spec_perl_TestExpr2_t" time="0.000128030776977539" />
  </testsuite>
  <testsuite name="spec_perl_TestCastToTop_t" errors="0" failures="0" skipped="0" tests="3" time="0.0418028831481934">
    <system-out>1..3
ok 1 - Equals
ok 2 - Equals
ok 3 - Equals
</system-out>
    <testcase name="Equals (699)" classname="spec_perl_TestCastToTop_t" time="0.000232934951782227" />
    <testcase name="Equals (700)" classname="spec_perl_TestCastToTop_t" time="0.000150918960571289" />
    <testcase name="Equals (701)" classname="spec_perl_TestCastToTop_t" time="0.000144004821777344" />
  </testsuite>
  <testsuite name="spec_perl_TestInstanceStd_t" errors="0" failures="0" skipped="0" tests="1" time="0.042525053024292">
    <system-out>1..1
ok 1 - Equals
</system-out>
    <testcase name="Equals (702)" classname="spec_perl_TestInstanceStd_t" time="0.000230073928833008" />
  </testsuite>
  <testsuite name="spec_perl_TestParamsPassArrayInt_t" errors="0" failures="1" skipped="6" tests="7" time="0.0548558235168457">
    <system-out>1..7
not ok 1 - test_params_pass_array_int died (Can't use an undefined value as an ARRAY reference at spec/perl/TestParamsPassArrayInt.t line 15.)
ok 2 # skip test_params_pass_array_int died
ok 3 # skip test_params_pass_array_int died
ok 4 # skip test_params_pass_array_int died
ok 5 # skip test_params_pass_array_int died
ok 6 # skip test_params_pass_array_int died
ok 7 # skip test_params_pass_array_int died
</system-out>
    <testcase name="test_params_pass_array_int died (Can't use an undefined value as an ARRAY reference at spec/perl/TestParamsPassArrayInt.t line 15.) (702)" classname="spec_perl_TestParamsPassArrayInt_t" time="0.000679969787597656">
      <failure message="not ok 1 - test_params_pass_array_int died (Can't use an undefined value as an ARRAY reference at spec/perl/TestParamsPassArrayInt.t line 15.)" type="TAP::Parser::Result::Test"></failure>
    </testcase>
    <testcase name="Unnamed test case 702" classname="spec_perl_TestParamsPassArrayInt_t" time="0.000892877578735352">
      <skipped message="ok 2 # skip test_params_pass_array_int died" />
    </testcase>
    <testcase name="Unnamed test case 703" classname="spec_perl_TestParamsPassArrayInt_t" time="0.000359058380126953">
      <skipped message="ok 3 # skip test_params_pass_array_int died" />
    </testcase>
    <testcase name="Unnamed test case 704" classname="spec_perl_TestParamsPassArrayInt_t" time="0.000397920608520508">
      <skipped message="ok 4 # skip test_params_pass_array_int died" />
    </testcase>
    <testcase name="Unnamed test case 705" classname="spec_perl_TestParamsPassArrayInt_t" time="0.000353097915649414">
      <skipped message="ok 5 # skip test_params_pass_array_int died" />
    </testcase>
    <testcase name="Unnamed test case 706" classname="spec_perl_TestParamsPassArrayInt_t" time="0.000360965728759766">
      <skipped message="ok 6 # skip test_params_pass_array_int died" />
    </testcase>
    <testcase name="Unnamed test case 707" classname="spec_perl_TestParamsPassArrayInt_t" time="0.000336885452270508">
      <skipped message="ok 7 # skip test_params_pass_array_int died" />
    </testcase>
  </testsuite>
  <testsuite name="spec_perl_TestNavParentSwitchCast_t" errors="0" failures="0" skipped="0" tests="3" time="0.0424721240997314">
    <system-out>1..3
ok 1 - Equals
ok 2 - Equals
ok 3 - Equals
</system-out>
    <testcase name="Equals (707)" classname="spec_perl_TestNavParentSwitchCast_t" time="0.000550985336303711" />
    <testcase name="Equals (708)" classname="spec_perl_TestNavParentSwitchCast_t" time="0.000128984451293945" />
    <testcase name="Equals (709)" classname="spec_perl_TestNavParentSwitchCast_t" time="0.000159978866577148" />
  </testsuite>
  <testsuite name="spec_perl_TestIndexToParamExpr_t" errors="0" failures="2" skipped="0" tests="7" time="0.04817795753479">
    <system-out>1..7
ok 1 - Equals
ok 2 - Equals
ok 3 - Equals
ok 4 - Equals
ok 5 - Equals
not ok 6 - Equals
not ok 7 - Equals
</system-out>
    <testcase name="Equals (710)" classname="spec_perl_TestIndexToParamExpr_t" time="0.000509977340698242" />
    <testcase name="Equals (711)" classname="spec_perl_TestIndexToParamExpr_t" time="7.98702239990234e-05" />
    <testcase name="Equals (712)" classname="spec_perl_TestIndexToParamExpr_t" time="8.29696655273438e-05" />
    <testcase name="Equals (713)" classname="spec_perl_TestIndexToParamExpr_t" time="0.000133037567138672" />
    <testcase name="Equals (714)" classname="spec_perl_TestIndexToParamExpr_t" time="0.000319957733154297" />
    <testcase name="Equals (715)" classname="spec_perl_TestIndexToParamExpr_t" time="0.000360012054443359">
      <failure message="not ok 6 - Equals" type="TAP::Parser::Result::Test"></failure>
    </testcase>
    <testcase name="Equals (716)" classname="spec_perl_TestIndexToParamExpr_t" time="0.000915050506591797">
      <failure message="not ok 7 - Equals" type="TAP::Parser::Result::Test"></failure>
    </testcase>
  </testsuite>
  <testsuite name="spec_perl_TestExprCalcArrayOps_t" errors="0" failures="1" skipped="17" tests="18" time="0.0669569969177246">
    <system-out>1..18
not ok 1 - test_expr_calc_array_ops died (Can't use string (&quot;1000&quot;) as an ARRAY ref while &quot;strict refs&quot; in use at compiled/perl/ExprCalcArrayOps.pm line 50.)
ok 2 # skip test_expr_calc_array_ops died
ok 3 # skip test_expr_calc_array_ops died
ok 4 # skip test_expr_calc_array_ops died
ok 5 # skip test_expr_calc_array_ops died
ok 6 # skip test_expr_calc_array_ops died
ok 7 # skip test_expr_calc_array_ops died
ok 8 # skip test_expr_calc_array_ops died
ok 9 # skip test_expr_calc_array_ops died
ok 10 # skip test_expr_calc_array_ops died
ok 11 # skip test_expr_calc_array_ops died
ok 12 # skip test_expr_calc_array_ops died
ok 13 # skip test_expr_calc_array_ops died
ok 14 # skip test_expr_calc_array_ops died
ok 15 # skip test_expr_calc_array_ops died
ok 16 # skip test_expr_calc_array_ops died
ok 17 # skip test_expr_calc_array_ops died
ok 18 # skip test_expr_calc_array_ops died
</system-out>
    <testcase name="test_expr_calc_array_ops died (Can't use string (&quot;1000&quot;) as an ARRAY ref while &quot;strict refs&quot; in use at compiled/perl/ExprCalcArrayOps.pm line 50.) (716)" classname="spec_perl_TestExprCalcArrayOps_t" time="0.000742912292480469">
      <failure message="not ok 1 - test_expr_calc_array_ops died (Can't use string (&quot;1000&quot;) as an ARRAY ref while &quot;strict refs&quot; in use at compiled/perl/ExprCalcArrayOps.pm line 50.)" type="TAP::Parser::Result::Test"></failure>
    </testcase>
    <testcase name="Unnamed test case 716" classname="spec_perl_TestExprCalcArrayOps_t" time="0.00092315673828125">
      <skipped message="ok 2 # skip test_expr_calc_array_ops died" />
    </testcase>
    <testcase name="Unnamed test case 717" classname="spec_perl_TestExprCalcArrayOps_t" time="0.000410079956054688">
      <skipped message="ok 3 # skip test_expr_calc_array_ops died" />
    </testcase>
    <testcase name="Unnamed test case 718" classname="spec_perl_TestExprCalcArrayOps_t" time="0.000422954559326172">
      <skipped message="ok 4 # skip test_expr_calc_array_ops died" />
    </testcase>
    <testcase name="Unnamed test case 719" classname="spec_perl_TestExprCalcArrayOps_t" time="0.000396966934204102">
      <skipped message="ok 5 # skip test_expr_calc_array_ops died" />
    </testcase>
    <testcase name="Unnamed test case 720" classname="spec_perl_TestExprCalcArrayOps_t" time="0.000326871871948242">
      <skipped message="ok 6 # skip test_expr_calc_array_ops died" />
    </testcase>
    <testcase name="Unnamed test case 721" classname="spec_perl_TestExprCalcArrayOps_t" time="0.000446081161499023">
      <skipped message="ok 7 # skip test_expr_calc_array_ops died" />
    </testcase>
    <testcase name="Unnamed test case 722" classname="spec_perl_TestExprCalcArrayOps_t" time="0.000298023223876953">
      <skipped message="ok 8 # skip test_expr_calc_array_ops died" />
    </testcase>
    <testcase name="Unnamed test case 723" classname="spec_perl_TestExprCalcArrayOps_t" time="0.000439882278442383">
      <skipped message="ok 9 # skip test_expr_calc_array_ops died" />
    </testcase>
    <testcase name="Unnamed test case 724" classname="spec_perl_TestExprCalcArrayOps_t" time="0.000384092330932617">
      <skipped message="ok 10 # skip test_expr_calc_array_ops died" />
    </testcase>
    <testcase name="Unnamed test case 725" classname="spec_perl_TestExprCalcArrayOps_t" time="0.000432014465332031">
      <skipped message="ok 11 # skip test_expr_calc_array_ops died" />
    </testcase>
    <testcase name="Unnamed test case 726" classname="spec_perl_TestExprCalcArrayOps_t" time="0.000406026840209961">
      <skipped message="ok 12 # skip test_expr_calc_array_ops died" />
    </testcase>
    <testcase name="Unnamed test case 727" classname="spec_perl_TestExprCalcArrayOps_t" time="0.000338077545166016">
      <skipped message="ok 13 # skip test_expr_calc_array_ops died" />
    </testcase>
    <testcase name="Unnamed test case 728" classname="spec_perl_TestExprCalcArrayOps_t" time="0.000270843505859375">
      <skipped message="ok 14 # skip test_expr_calc_array_ops died" />
    </testcase>
    <testcase name="Unnamed test case 729" classname="spec_perl_TestExprCalcArrayOps_t" time="0.000241994857788086">
      <skipped message="ok 15 # skip test_expr_calc_array_ops died" />
    </testcase>
    <testcase name="Unnamed test case 730" classname="spec_perl_TestExprCalcArrayOps_t" time="0.000216007232666016">
      <skipped message="ok 16 # skip test_expr_calc_array_ops died" />
    </testcase>
    <testcase name="Unnamed test case 731" classname="spec_perl_TestExprCalcArrayOps_t" time="0.000216960906982422">
      <skipped message="ok 17 # skip test_expr_calc_array_ops died" />
    </testcase>
    <testcase name="Unnamed test case 732" classname="spec_perl_TestExprCalcArrayOps_t" time="0.00023198127746582">
      <skipped message="ok 18 # skip test_expr_calc_array_ops died" />
    </testcase>
  </testsuite>
  <testsuite name="spec_perl_TestInstanceStdArray_t" errors="0" failures="0" skipped="0" tests="7" time="0.0406699180603027">
    <system-out>1..7
ok 1 - Equals
ok 2 - Equals
ok 3 - Equals
ok 4 - Equals
ok 5 - Equals
ok 6 - Equals
ok 7 - Equals
</system-out>
    <testcase name="Equals (732)" classname="spec_perl_TestInstanceStdArray_t" time="0.00021815299987793" />
    <testcase name="Equals (733)" classname="spec_perl_TestInstanceStdArray_t" time="0.000190973281860352" />
    <testcase name="Equals (734)" classname="spec_perl_TestInstanceStdArray_t" time="0.000227928161621094" />
    <testcase name="Equals (735)" classname="spec_perl_TestInstanceStdArray_t" time="0.000216960906982422" />
    <testcase name="Equals (736)" classname="spec_perl_TestInstanceStdArray_t" time="0.000158071517944336" />
    <testcase name="Equals (737)" classname="spec_perl_TestInstanceStdArray_t" time="0.000144004821777344" />
    <testcase name="Equals (738)" classname="spec_perl_TestInstanceStdArray_t" time="0.000123977661132812" />
  </testsuite>
  <testsuite name="spec_perl_TestExprIoPos_t" errors="0" failures="0" skipped="0" tests="6" time="0.0455179214477539">
    <system-out>1..6
ok 1 - Equals
ok 2 - Equals
ok 3 - Equals
ok 4 - Equals
ok 5 - Equals
ok 6 - Equals
</system-out>
    <testcase name="Equals (739)" classname="spec_perl_TestExprIoPos_t" time="0.000498056411743164" />
    <testcase name="Equals (740)" classname="spec_perl_TestExprIoPos_t" time="0.000108003616333008" />
    <testcase name="Equals (741)" classname="spec_perl_TestExprIoPos_t" time="0.000133991241455078" />
    <testcase name="Equals (742)" classname="spec_perl_TestExprIoPos_t" time="0.000136137008666992" />
    <testcase name="Equals (743)" classname="spec_perl_TestExprIoPos_t" time="0.000131845474243164" />
    <testcase name="Equals (744)" classname="spec_perl_TestExprIoPos_t" time="0.000118017196655273" />
  </testsuite>
  <testsuite name="spec_perl_TestMetaXref_t" errors="0" failures="0" skipped="1" tests="1" time="0.0427761077880859">
    <system-out>1..1
ok 1 # skip MetaXref=HASH(0x1e52a78)
</system-out>
    <testcase name="Unnamed test case 744" classname="spec_perl_TestMetaXref_t" time="0.00120401382446289">
      <skipped message="ok 1 # skip MetaXref=HASH(0x1e52a78)" />
    </testcase>
  </testsuite>
  <testsuite name="spec_perl_TestProcessRotate_t" errors="0" failures="0" skipped="0" tests="3" time="0.0424380302429199">
    <system-out>1..3
ok 1 - Equals
ok 2 - Equals
ok 3 - Equals
</system-out>
    <testcase name="Equals (745)" classname="spec_perl_TestProcessRotate_t" time="0.000247955322265625" />
    <testcase name="Equals (746)" classname="spec_perl_TestProcessRotate_t" time="0.000133037567138672" />
    <testcase name="Equals (747)" classname="spec_perl_TestProcessRotate_t" time="0.000133991241455078" />
  </testsuite>
  <testsuite name="spec_perl_TestProcessCoerceUsertype2_t" errors="0" failures="0" skipped="0" tests="4" time="0.0423750877380371">
    <system-out>1..4
ok 1 - Equals
ok 2 - Equals
ok 3 - Equals
ok 4 - Equals
</system-out>
    <testcase name="Equals (748)" classname="spec_perl_TestProcessCoerceUsertype2_t" time="0.000483989715576172" />
    <testcase name="Equals (749)" classname="spec_perl_TestProcessCoerceUsertype2_t" time="0.000113010406494141" />
    <testcase name="Equals (750)" classname="spec_perl_TestProcessCoerceUsertype2_t" time="0.000134944915771484" />
    <testcase name="Equals (751)" classname="spec_perl_TestProcessCoerceUsertype2_t" time="0.000138044357299805" />
  </testsuite>
  <testsuite name="spec_perl_TestEofExceptionBytes_t" errors="0" failures="0" skipped="0" tests="1" time="0.049705982208252">
    <system-out>1..1
ok 1 - Died
</system-out>
    <testcase name="Died (751)" classname="spec_perl_TestEofExceptionBytes_t" time="0.000181913375854492" />
  </testsuite>
  <testsuite name="spec_perl_TestEnumLongRangeS_t" errors="0" failures="0" skipped="0" tests="7" time="0.0425558090209961">
    <system-out>1..7
ok 1 - Equals
ok 2 - Equals
ok 3 - Equals
ok 4 - Equals
ok 5 - Equals
ok 6 - Equals
ok 7 - Equals
</system-out>
    <testcase name="Equals (752)" classname="spec_perl_TestEnumLongRangeS_t" time="0.000267982482910156" />
    <testcase name="Equals (753)" classname="spec_perl_TestEnumLongRangeS_t" time="9.29832458496094e-05" />
    <testcase name="Equals (754)" classname="spec_perl_TestEnumLongRangeS_t" time="0.000144004821777344" />
    <testcase name="Equals (755)" classname="spec_perl_TestEnumLongRangeS_t" time="0.000133037567138672" />
    <testcase name="Equals (756)" classname="spec_perl_TestEnumLongRangeS_t" time="0.000146150588989258" />
    <testcase name="Equals (757)" classname="spec_perl_TestEnumLongRangeS_t" time="0.000125885009765625" />
    <testcase name="Equals (758)" classname="spec_perl_TestEnumLongRangeS_t" time="0.000149965286254883" />
  </testsuite>
  <testsuite name="spec_perl_TestZlibSurrounded_t" errors="0" failures="0" skipped="0" tests="1" time="0.0622870922088623">
    <system-out>1..1
ok 1 - Equals
</system-out>
    <testcase name="Equals (759)" classname="spec_perl_TestZlibSurrounded_t" time="0.00052189826965332" />
  </testsuite>
  <testsuite name="spec_perl_TestStrLiterals_t" errors="0" failures="0" skipped="0" tests="5" time="0.0422399044036865">
    <system-out>1..5
ok 1 - Equals
ok 2 - Equals
ok 3 - Equals
ok 4 - Equals
ok 5 - Equals
</system-out>
    <testcase name="Equals (760)" classname="spec_perl_TestStrLiterals_t" time="0.000262022018432617" />
    <testcase name="Equals (761)" classname="spec_perl_TestStrLiterals_t" time="0.000140905380249023" />
    <testcase name="Equals (762)" classname="spec_perl_TestStrLiterals_t" time="0.000159978866577148" />
    <testcase name="Equals (763)" classname="spec_perl_TestStrLiterals_t" time="0.000166177749633789" />
    <testcase name="Equals (764)" classname="spec_perl_TestStrLiterals_t" time="0.000160932540893555" />
  </testsuite>
  <testsuite name="spec_perl_TestFixedContents_t" errors="1" failures="0" skipped="0" tests="0" time="0.0497088432312012">
    <system-out></system-out>
    <testcase name="Test died too soon, even before plan. (764)" classname="spec_perl_TestFixedContents_t" time="0.0497088432312012">
      <failure message="The test suite died before a plan was produced. You need to have a plan." type="Plan">No plan</failure>
    </testcase>
  </testsuite>
  <testsuite name="spec_perl_TestExprSizeofType1_t" errors="0" failures="0" skipped="0" tests="2" time="0.0403249263763428">
    <system-out>1..2
ok 1 - Equals
ok 2 - Equals
</system-out>
    <testcase name="Equals (765)" classname="spec_perl_TestExprSizeofType1_t" time="0.00023198127746582" />
    <testcase name="Equals (766)" classname="spec_perl_TestExprSizeofType1_t" time="0.000129938125610352" />
  </testsuite>
  <testsuite name="spec_perl_TestBcdUserTypeBe_t" errors="0" failures="0" skipped="0" tests="6" time="0.0447070598602295">
    <system-out>1..6
ok 1 - Equals
ok 2 - Equals
ok 3 - Equals
ok 4 - Equals
ok 5 - Equals
ok 6 - Equals
</system-out>
    <testcase name="Equals (767)" classname="spec_perl_TestBcdUserTypeBe_t" time="0.000543117523193359" />
    <testcase name="Equals (768)" classname="spec_perl_TestBcdUserTypeBe_t" time="9.20295715332031e-05" />
    <testcase name="Equals (769)" classname="spec_perl_TestBcdUserTypeBe_t" time="0.000158786773681641" />
    <testcase name="Equals (770)" classname="spec_perl_TestBcdUserTypeBe_t" time="0.000136137008666992" />
    <testcase name="Equals (771)" classname="spec_perl_TestBcdUserTypeBe_t" time="0.000159978866577148" />
    <testcase name="Equals (772)" classname="spec_perl_TestBcdUserTypeBe_t" time="0.000184059143066406" />
  </testsuite>
  <testsuite name="spec_perl_TestOpaqueExternalType_t" errors="0" failures="0" skipped="0" tests="3" time="0.0457379817962646">
    <system-out>1..3
ok 1 - Equals
ok 2 - Equals
ok 3 - Equals
</system-out>
    <testcase name="Equals (773)" classname="spec_perl_TestOpaqueExternalType_t" time="0.000313043594360352" />
    <testcase name="Equals (774)" classname="spec_perl_TestOpaqueExternalType_t" time="9.29832458496094e-05" />
    <testcase name="Equals (775)" classname="spec_perl_TestOpaqueExternalType_t" time="0.000152826309204102" />
  </testsuite>
  <testsuite name="spec_perl_TestNonStandard_t" errors="0" failures="0" skipped="0" tests="1" time="0.0415899753570557">
    <system-out>1..1
ok 1 - Equals
</system-out>
    <testcase name="Equals (776)" classname="spec_perl_TestNonStandard_t" time="0.000258922576904297" />
  </testsuite>
  <testsuite name="spec_perl_TestNavParent_t" errors="0" failures="0" skipped="0" tests="5" time="0.0457389354705811">
    <system-out>1..5
ok 1 - Equals
ok 2 - Equals
ok 3 - Equals
ok 4 - Equals
ok 5 - Equals
</system-out>
    <testcase name="Equals (777)" classname="spec_perl_TestNavParent_t" time="0.000349044799804688" />
    <testcase name="Equals (778)" classname="spec_perl_TestNavParent_t" time="0.00010991096496582" />
    <testcase name="Equals (779)" classname="spec_perl_TestNavParent_t" time="0.000154018402099609" />
    <testcase name="Equals (780)" classname="spec_perl_TestNavParent_t" time="0.000117063522338867" />
    <testcase name="Equals (781)" classname="spec_perl_TestNavParent_t" time="0.000139951705932617" />
  </testsuite>
</testsuites>
