<?xml version='1.0' encoding='utf-8'?>
<testsuites>
  <testsuite name="spec_perl_TestRepeatEosU4_t" errors="0" failures="0" skipped="0" tests="1" time="0.0436878204345703">
    <system-out>1..1
ok 1 - Equals
</system-out>
    <testcase name="Equals" classname="spec_perl_TestRepeatEosU4_t" time="0.000240087509155273" />
  </testsuite>
  <testsuite name="spec_perl_TestSwitchCast_t" errors="0" failures="0" skipped="0" tests="2" time="0.0465559959411621">
    <system-out>1..2
ok 1 - Equals
ok 2 - Equals
</system-out>
    <testcase name="Equals (2)" classname="spec_perl_TestSwitchCast_t" time="0.000281095504760742" />
    <testcase name="Equals (3)" classname="spec_perl_TestSwitchCast_t" time="8.20159912109375e-05" />
  </testsuite>
  <testsuite name="spec_perl_TestSwitchManualIntSizeEos_t" errors="0" failures="0" skipped="0" tests="10" time="0.0482699871063232">
    <system-out>1..10
ok 1 - Equals
ok 2 - Equals
ok 3 - Equals
ok 4 - Equals
ok 5 - Equals
ok 6 - Equals
ok 7 - Equals
ok 8 - Equals
ok 9 - Equals
ok 10 - Equals
</system-out>
    <testcase name="Equals (4)" classname="spec_perl_TestSwitchManualIntSizeEos_t" time="0.000739097595214844" />
    <testcase name="Equals (5)" classname="spec_perl_TestSwitchManualIntSizeEos_t" time="9.70363616943359e-05" />
    <testcase name="Equals (6)" classname="spec_perl_TestSwitchManualIntSizeEos_t" time="5.98430633544922e-05" />
    <testcase name="Equals (7)" classname="spec_perl_TestSwitchManualIntSizeEos_t" time="0.000133991241455078" />
    <testcase name="Equals (8)" classname="spec_perl_TestSwitchManualIntSizeEos_t" time="0.000128984451293945" />
    <testcase name="Equals (9)" classname="spec_perl_TestSwitchManualIntSizeEos_t" time="0.000175952911376953" />
    <testcase name="Equals (10)" classname="spec_perl_TestSwitchManualIntSizeEos_t" time="0.000128030776977539" />
    <testcase name="Equals (11)" classname="spec_perl_TestSwitchManualIntSizeEos_t" time="0.00015711784362793" />
    <testcase name="Equals (12)" classname="spec_perl_TestSwitchManualIntSizeEos_t" time="0.000115871429443359" />
    <testcase name="Equals (13)" classname="spec_perl_TestSwitchManualIntSizeEos_t" time="0.000147104263305664" />
  </testsuite>
  <testsuite name="spec_perl_TestDefaultEndianExprException_t" errors="0" failures="0" skipped="0" tests="1" time="0.0444259643554688">
    <system-out>1..1
ok 1 - Died
</system-out>
    <testcase name="Died (13)" classname="spec_perl_TestDefaultEndianExprException_t" time="0.000174045562744141" />
  </testsuite>
  <testsuite name="spec_perl_TestRepeatUntilCalcArrayType_t" errors="0" failures="0" skipped="0" tests="7" time="0.0450479984283447">
    <system-out>1..7
ok 1 - Equals
ok 2 - Equals
ok 3 - Equals
ok 4 - Equals
ok 5 - Equals
ok 6 - Equals
ok 7 - Equals
</system-out>
    <testcase name="Equals (14)" classname="spec_perl_TestRepeatUntilCalcArrayType_t" time="0.000588893890380859" />
    <testcase name="Equals (15)" classname="spec_perl_TestRepeatUntilCalcArrayType_t" time="9.51290130615234e-05" />
    <testcase name="Equals (16)" classname="spec_perl_TestRepeatUntilCalcArrayType_t" time="5.69820404052734e-05" />
    <testcase name="Equals (17)" classname="spec_perl_TestRepeatUntilCalcArrayType_t" time="0.000161886215209961" />
    <testcase name="Equals (18)" classname="spec_perl_TestRepeatUntilCalcArrayType_t" time="0.000111103057861328" />
    <testcase name="Equals (19)" classname="spec_perl_TestRepeatUntilCalcArrayType_t" time="0.000164985656738281" />
    <testcase name="Equals (20)" classname="spec_perl_TestRepeatUntilCalcArrayType_t" time="8.51154327392578e-05" />
  </testsuite>
  <testsuite name="spec_perl_TestParamsPassArrayStruct_t" errors="0" failures="1" skipped="2" tests="3" time="0.0486991405487061">
    <system-out>1..3
not ok 1 - test_params_pass_array_struct died (Can't use an undefined value as an ARRAY reference at spec/perl/TestParamsPassArrayStruct.t line 15.)
ok 2 # skip test_params_pass_array_struct died
ok 3 # skip test_params_pass_array_struct died
</system-out>
    <testcase name="test_params_pass_array_struct died (Can't use an undefined value as an ARRAY reference at spec/perl/TestParamsPassArrayStruct.t line 15.) (20)" classname="spec_perl_TestParamsPassArrayStruct_t" time="0.000303983688354492">
      <failure message="not ok 1 - test_params_pass_array_struct died (Can't use an undefined value as an ARRAY reference at spec/perl/TestParamsPassArrayStruct.t line 15.)" type="TAP::Parser::Result::Test"></failure>
    </testcase>
    <testcase name="Unnamed test case 20" classname="spec_perl_TestParamsPassArrayStruct_t" time="0.000409841537475586">
      <skipped message="ok 2 # skip test_params_pass_array_struct died" />
    </testcase>
    <testcase name="Unnamed test case 21" classname="spec_perl_TestParamsPassArrayStruct_t" time="0.000401020050048828">
      <skipped message="ok 3 # skip test_params_pass_array_struct died" />
    </testcase>
  </testsuite>
  <testsuite name="spec_perl_TestRecursiveOne_t" errors="0" failures="0" skipped="0" tests="4" time="0.0434720516204834">
    <system-out>1..4
ok 1 - Equals
ok 2 - Equals
ok 3 - Equals
ok 4 - Equals
</system-out>
    <testcase name="Equals (21)" classname="spec_perl_TestRecursiveOne_t" time="0.000215053558349609" />
    <testcase name="Equals (22)" classname="spec_perl_TestRecursiveOne_t" time="7.91549682617188e-05" />
    <testcase name="Equals (23)" classname="spec_perl_TestRecursiveOne_t" time="0.000137805938720703" />
    <testcase name="Equals (24)" classname="spec_perl_TestRecursiveOne_t" time="0.000133991241455078" />
  </testsuite>
  <testsuite name="spec_perl_TestStrEncodingsDefault_t" errors="0" failures="0" skipped="0" tests="4" time="0.0507338047027588">
    <system-out>1..4
ok 1 - Equals
ok 2 - Equals
ok 3 - Equals
ok 4 - Equals
</system-out>
    <testcase name="Equals (25)" classname="spec_perl_TestStrEncodingsDefault_t" time="0.00350594520568848" />
    <testcase name="Equals (26)" classname="spec_perl_TestStrEncodingsDefault_t" time="0.000113010406494141" />
    <testcase name="Equals (27)" classname="spec_perl_TestStrEncodingsDefault_t" time="6.00814819335938e-05" />
    <testcase name="Equals (28)" classname="spec_perl_TestStrEncodingsDefault_t" time="0.00014805793762207" />
  </testsuite>
  <testsuite name="spec_perl_TestInstanceIoUser_t" errors="0" failures="0" skipped="0" tests="4" time="0.0824539661407471">
    <system-out>1..4
ok 1 - Equals
ok 2 - Equals
ok 3 - Equals
ok 4 - Equals
</system-out>
    <testcase name="Equals (29)" classname="spec_perl_TestInstanceIoUser_t" time="0.000965118408203125" />
    <testcase name="Equals (30)" classname="spec_perl_TestInstanceIoUser_t" time="0.000298023223876953" />
    <testcase name="Equals (31)" classname="spec_perl_TestInstanceIoUser_t" time="0.000248908996582031" />
    <testcase name="Equals (32)" classname="spec_perl_TestInstanceIoUser_t" time="0.000231027603149414" />
  </testsuite>
  <testsuite name="spec_perl_TestEnumIf_t" errors="0" failures="0" skipped="0" tests="7" time="0.0471770763397217">
    <system-out>1..7
ok 1 - Equals
ok 2 - Equals
ok 3 - Equals
ok 4 - Equals
ok 5 - Equals
ok 6 - Equals
ok 7 - Equals
</system-out>
    <testcase name="Equals (33)" classname="spec_perl_TestEnumIf_t" time="0.000382184982299805" />
    <testcase name="Equals (34)" classname="spec_perl_TestEnumIf_t" time="8.89301300048828e-05" />
    <testcase name="Equals (35)" classname="spec_perl_TestEnumIf_t" time="8.79764556884766e-05" />
    <testcase name="Equals (36)" classname="spec_perl_TestEnumIf_t" time="0.000153064727783203" />
    <testcase name="Equals (37)" classname="spec_perl_TestEnumIf_t" time="0.000133037567138672" />
    <testcase name="Equals (38)" classname="spec_perl_TestEnumIf_t" time="0.000139951705932617" />
    <testcase name="Equals (39)" classname="spec_perl_TestEnumIf_t" time="0.000116825103759766" />
  </testsuite>
  <testsuite name="spec_perl_TestParamsPassStruct_t" errors="0" failures="1" skipped="1" tests="4" time="0.0486268997192383">
    <system-out>1..4
ok 1 - Equals
ok 2 - Equals
not ok 3 - test_params_pass_struct died (Can't call method &quot;foo&quot; on an undefined value at spec/perl/TestParamsPassStruct.t line 17.)
ok 4 # skip test_params_pass_struct died
</system-out>
    <testcase name="Equals (40)" classname="spec_perl_TestParamsPassStruct_t" time="0.000235080718994141" />
    <testcase name="Equals (41)" classname="spec_perl_TestParamsPassStruct_t" time="7.51018524169922e-05" />
    <testcase name="test_params_pass_struct died (Can't call method &quot;foo&quot; on an undefined value at spec/perl/TestParamsPassStruct.t line 17.) (41)" classname="spec_perl_TestParamsPassStruct_t" time="0.000241994857788086">
      <failure message="not ok 3 - test_params_pass_struct died (Can't call method &quot;foo&quot; on an undefined value at spec/perl/TestParamsPassStruct.t line 17.)" type="TAP::Parser::Result::Test"></failure>
    </testcase>
    <testcase name="Unnamed test case 41" classname="spec_perl_TestParamsPassStruct_t" time="0.00181698799133301">
      <skipped message="ok 4 # skip test_params_pass_struct died" />
    </testcase>
  </testsuite>
  <testsuite name="spec_perl_TestTermBytes_t" errors="0" failures="0" skipped="0" tests="3" time="0.0438370704650879">
    <system-out>1..3
ok 1 - Equals
ok 2 - Equals
ok 3 - Equals
</system-out>
    <testcase name="Equals (42)" classname="spec_perl_TestTermBytes_t" time="0.000190973281860352" />
    <testcase name="Equals (43)" classname="spec_perl_TestTermBytes_t" time="9.01222229003906e-05" />
    <testcase name="Equals (44)" classname="spec_perl_TestTermBytes_t" time="0.000159978866577148" />
  </testsuite>
  <testsuite name="spec_perl_TestIoLocalVar_t" errors="0" failures="0" skipped="0" tests="2" time="0.0435409545898438">
    <system-out>1..2
ok 1 - Equals
ok 2 - Equals
</system-out>
    <testcase name="Equals (45)" classname="spec_perl_TestIoLocalVar_t" time="0.00052189826965332" />
    <testcase name="Equals (46)" classname="spec_perl_TestIoLocalVar_t" time="9.51290130615234e-05" />
  </testsuite>
  <testsuite name="spec_perl_TestRepeatUntilSized_t" errors="0" failures="0" skipped="0" tests="7" time="0.044579029083252">
    <system-out>1..7
ok 1 - Equals
ok 2 - Equals
ok 3 - Equals
ok 4 - Equals
ok 5 - Equals
ok 6 - Equals
ok 7 - Equals
</system-out>
    <testcase name="Equals (47)" classname="spec_perl_TestRepeatUntilSized_t" time="0.000542879104614258" />
    <testcase name="Equals (48)" classname="spec_perl_TestRepeatUntilSized_t" time="9.41753387451172e-05" />
    <testcase name="Equals (49)" classname="spec_perl_TestRepeatUntilSized_t" time="5.79357147216797e-05" />
    <testcase name="Equals (50)" classname="spec_perl_TestRepeatUntilSized_t" time="0.000127077102661133" />
    <testcase name="Equals (51)" classname="spec_perl_TestRepeatUntilSized_t" time="0.000138998031616211" />
    <testcase name="Equals (52)" classname="spec_perl_TestRepeatUntilSized_t" time="0.000137805938720703" />
    <testcase name="Equals (53)" classname="spec_perl_TestRepeatUntilSized_t" time="0.000138998031616211" />
  </testsuite>
  <testsuite name="spec_perl_TestExprEnum_t" errors="0" failures="0" skipped="0" tests="3" time="0.071458101272583">
    <system-out>1..3
ok 1 - Equals
ok 2 - Equals
ok 3 - Equals
</system-out>
    <testcase name="Equals (54)" classname="spec_perl_TestExprEnum_t" time="0.000535964965820312" />
    <testcase name="Equals (55)" classname="spec_perl_TestExprEnum_t" time="0.000257015228271484" />
    <testcase name="Equals (56)" classname="spec_perl_TestExprEnum_t" time="0.000223159790039062" />
  </testsuite>
  <testsuite name="spec_perl_TestRepeatUntilComplex_t" errors="0" failures="0" skipped="0" tests="17" time="0.0460431575775146">
    <system-out>1..17
ok 1 - Equals
ok 2 - Equals
ok 3 - Equals
ok 4 - Equals
ok 5 - Equals
ok 6 - Equals
ok 7 - Equals
ok 8 - Equals
ok 9 - Equals
ok 10 - Equals
ok 11 - Equals
ok 12 - Equals
ok 13 - Equals
ok 14 - Equals
ok 15 - Equals
ok 16 - Equals
ok 17 - Equals
</system-out>
    <testcase name="Equals (57)" classname="spec_perl_TestRepeatUntilComplex_t" time="0.00033116340637207" />
    <testcase name="Equals (58)" classname="spec_perl_TestRepeatUntilComplex_t" time="8.29696655273438e-05" />
    <testcase name="Equals (59)" classname="spec_perl_TestRepeatUntilComplex_t" time="0.000160932540893555" />
    <testcase name="Equals (60)" classname="spec_perl_TestRepeatUntilComplex_t" time="0.000133991241455078" />
    <testcase name="Equals (61)" classname="spec_perl_TestRepeatUntilComplex_t" time="0.000131130218505859" />
    <testcase name="Equals (62)" classname="spec_perl_TestRepeatUntilComplex_t" time="0.00014185905456543" />
    <testcase name="Equals (63)" classname="spec_perl_TestRepeatUntilComplex_t" time="7.20024108886719e-05" />
    <testcase name="Equals (64)" classname="spec_perl_TestRepeatUntilComplex_t" time="0.000190973281860352" />
    <testcase name="Equals (65)" classname="spec_perl_TestRepeatUntilComplex_t" time="8.70227813720703e-05" />
    <testcase name="Equals (66)" classname="spec_perl_TestRepeatUntilComplex_t" time="0.00015711784362793" />
    <testcase name="Equals (67)" classname="spec_perl_TestRepeatUntilComplex_t" time="0.000123023986816406" />
    <testcase name="Equals (68)" classname="spec_perl_TestRepeatUntilComplex_t" time="0.000151872634887695" />
    <testcase name="Equals (69)" classname="spec_perl_TestRepeatUntilComplex_t" time="0.000117063522338867" />
    <testcase name="Equals (70)" classname="spec_perl_TestRepeatUntilComplex_t" time="0.00014805793762207" />
    <testcase name="Equals (71)" classname="spec_perl_TestRepeatUntilComplex_t" time="0.000111818313598633" />
    <testcase name="Equals (72)" classname="spec_perl_TestRepeatUntilComplex_t" time="8.51154327392578e-05" />
    <testcase name="Equals (73)" classname="spec_perl_TestRepeatUntilComplex_t" time="0.000158071517944336" />
  </testsuite>
  <testsuite name="spec_perl_TestEnumDeepLiterals_t" errors="0" failures="0" skipped="0" tests="2" time="0.043222188949585">
    <system-out>1..2
ok 1 - Equals
ok 2 - Equals
</system-out>
    <testcase name="Equals (74)" classname="spec_perl_TestEnumDeepLiterals_t" time="0.000214099884033203" />
    <testcase name="Equals (75)" classname="spec_perl_TestEnumDeepLiterals_t" time="7.20024108886719e-05" />
  </testsuite>
  <testsuite name="spec_perl_TestCombineStr_t" errors="0" failures="0" skipped="0" tests="15" time="0.0479588508605957">
    <system-out>1..15
ok 1 - Equals
ok 2 - Equals
ok 3 - Equals
ok 4 - Equals
ok 5 - Equals
ok 6 - Equals
ok 7 - Equals
ok 8 - Equals
ok 9 - Equals
ok 10 - Equals
ok 11 - Equals
ok 12 - Equals
ok 13 - Equals
ok 14 - Equals
ok 15 - Equals
</system-out>
    <testcase name="Equals (76)" classname="spec_perl_TestCombineStr_t" time="0.000288963317871094" />
    <testcase name="Equals (77)" classname="spec_perl_TestCombineStr_t" time="8.10623168945312e-05" />
    <testcase name="Equals (78)" classname="spec_perl_TestCombineStr_t" time="8.20159912109375e-05" />
    <testcase name="Equals (79)" classname="spec_perl_TestCombineStr_t" time="0.000174045562744141" />
    <testcase name="Equals (80)" classname="spec_perl_TestCombineStr_t" time="9.79900360107422e-05" />
    <testcase name="Equals (81)" classname="spec_perl_TestCombineStr_t" time="0.000145912170410156" />
    <testcase name="Equals (82)" classname="spec_perl_TestCombineStr_t" time="0.00010991096496582" />
    <testcase name="Equals (83)" classname="spec_perl_TestCombineStr_t" time="0.000141143798828125" />
    <testcase name="Equals (84)" classname="spec_perl_TestCombineStr_t" time="0.000123977661132812" />
    <testcase name="Equals (85)" classname="spec_perl_TestCombineStr_t" time="0.00014805793762207" />
    <testcase name="Equals (86)" classname="spec_perl_TestCombineStr_t" time="0.000114917755126953" />
    <testcase name="Equals (87)" classname="spec_perl_TestCombineStr_t" time="0.000149011611938477" />
    <testcase name="Equals (88)" classname="spec_perl_TestCombineStr_t" time="0.000119924545288086" />
    <testcase name="Equals (89)" classname="spec_perl_TestCombineStr_t" time="0.000147104263305664" />
    <testcase name="Equals (90)" classname="spec_perl_TestCombineStr_t" time="0.000149965286254883" />
  </testsuite>
  <testsuite name="spec_perl_TestNestedTypeParam_t" errors="0" failures="2" skipped="0" tests="2" time="0.0506949424743652">
    <system-out>1..2
not ok 1 - Equals
not ok 2 - Equals
</system-out>
    <testcase name="Equals (91)" classname="spec_perl_TestNestedTypeParam_t" time="0.00176310539245605">
      <failure message="not ok 1 - Equals" type="TAP::Parser::Result::Test"></failure>
    </testcase>
    <testcase name="Equals (92)" classname="spec_perl_TestNestedTypeParam_t" time="0.00139594078063965">
      <failure message="not ok 2 - Equals" type="TAP::Parser::Result::Test"></failure>
    </testcase>
  </testsuite>
  <testsuite name="spec_perl_TestEnum1_t" errors="0" failures="0" skipped="0" tests="2" time="0.0435881614685059">
    <system-out>1..2
ok 1 - Equals
ok 2 - Equals
</system-out>
    <testcase name="Equals (93)" classname="spec_perl_TestEnum1_t" time="0.000246047973632812" />
    <testcase name="Equals (94)" classname="spec_perl_TestEnum1_t" time="7.79628753662109e-05" />
  </testsuite>
  <testsuite name="spec_perl_TestBytesPadTerm_t" errors="0" failures="0" skipped="0" tests="4" time="0.0434648990631104">
    <system-out>1..4
ok 1 - Equals
ok 2 - Equals
ok 3 - Equals
ok 4 - Equals
</system-out>
    <testcase name="Equals (95)" classname="spec_perl_TestBytesPadTerm_t" time="0.000222921371459961" />
    <testcase name="Equals (96)" classname="spec_perl_TestBytesPadTerm_t" time="7.51018524169922e-05" />
    <testcase name="Equals (97)" classname="spec_perl_TestBytesPadTerm_t" time="0.000157833099365234" />
    <testcase name="Equals (98)" classname="spec_perl_TestBytesPadTerm_t" time="0.000106096267700195" />
  </testsuite>
  <testsuite name="spec_perl_TestBitsSimple_t" errors="0" failures="0" skipped="0" tests="14" time="0.0457139015197754">
    <system-out>1..14
ok 1 - Equals
ok 2 - Equals
ok 3 - Equals
ok 4 - Equals
ok 5 - Equals
ok 6 - Equals
ok 7 - Equals
ok 8 - Equals
ok 9 - Equals
ok 10 - Equals
ok 11 - Equals
ok 12 - Equals
ok 13 - Equals
ok 14 - Equals
</system-out>
    <testcase name="Equals (99)" classname="spec_perl_TestBitsSimple_t" time="0.000298976898193359" />
    <testcase name="Equals (100)" classname="spec_perl_TestBitsSimple_t" time="8.20159912109375e-05" />
    <testcase name="Equals (101)" classname="spec_perl_TestBitsSimple_t" time="0.000119924545288086" />
    <testcase name="Equals (102)" classname="spec_perl_TestBitsSimple_t" time="0.000139951705932617" />
    <testcase name="Equals (103)" classname="spec_perl_TestBitsSimple_t" time="0.000138044357299805" />
    <testcase name="Equals (104)" classname="spec_perl_TestBitsSimple_t" time="0.000124931335449219" />
    <testcase name="Equals (105)" classname="spec_perl_TestBitsSimple_t" time="0.000161170959472656" />
    <testcase name="Equals (106)" classname="spec_perl_TestBitsSimple_t" time="0.000104904174804688" />
    <testcase name="Equals (107)" classname="spec_perl_TestBitsSimple_t" time="0.000142097473144531" />
    <testcase name="Equals (108)" classname="spec_perl_TestBitsSimple_t" time="0.000113964080810547" />
    <testcase name="Equals (109)" classname="spec_perl_TestBitsSimple_t" time="0.000149965286254883" />
    <testcase name="Equals (110)" classname="spec_perl_TestBitsSimple_t" time="0.000113964080810547" />
    <testcase name="Equals (111)" classname="spec_perl_TestBitsSimple_t" time="0.000146150588989258" />
    <testcase name="Equals (112)" classname="spec_perl_TestBitsSimple_t" time="0.000115871429443359" />
  </testsuite>
  <testsuite name="spec_perl_TestBitsEnum_t" errors="0" failures="0" skipped="0" tests="3" time="0.0451309680938721">
    <system-out>1..3
ok 1 - Equals
ok 2 - Equals
ok 3 - Equals
</system-out>
    <testcase name="Equals (113)" classname="spec_perl_TestBitsEnum_t" time="0.000248908996582031" />
    <testcase name="Equals (114)" classname="spec_perl_TestBitsEnum_t" time="8.10623168945312e-05" />
    <testcase name="Equals (115)" classname="spec_perl_TestBitsEnum_t" time="0.000129938125610352" />
  </testsuite>
  <testsuite name="spec_perl_TestCombineEnum_t" errors="0" failures="0" skipped="0" tests="3" time="0.0432589054107666">
    <system-out>1..3
ok 1 - Equals
ok 2 - Equals
ok 3 - Equals
</system-out>
    <testcase name="Equals (116)" classname="spec_perl_TestCombineEnum_t" time="0.000261068344116211" />
    <testcase name="Equals (117)" classname="spec_perl_TestCombineEnum_t" time="8.10623168945312e-05" />
    <testcase name="Equals (118)" classname="spec_perl_TestCombineEnum_t" time="0.00014495849609375" />
  </testsuite>
  <testsuite name="spec_perl_TestOpaqueExternalType02Parent_t" errors="0" failures="0" skipped="0" tests="3" time="0.0470180511474609">
    <system-out>1..3
ok 1 - Equals
ok 2 - Equals
ok 3 - Equals
</system-out>
    <testcase name="Equals (119)" classname="spec_perl_TestOpaqueExternalType02Parent_t" time="0.000359773635864258" />
    <testcase name="Equals (120)" classname="spec_perl_TestOpaqueExternalType02Parent_t" time="8.70227813720703e-05" />
    <testcase name="Equals (121)" classname="spec_perl_TestOpaqueExternalType02Parent_t" time="7.70092010498047e-05" />
  </testsuite>
  <testsuite name="spec_perl_TestStrLiterals2_t" errors="0" failures="0" skipped="0" tests="4" time="0.0432090759277344">
    <system-out>1..4
ok 1 - Equals
ok 2 - Equals
ok 3 - Equals
ok 4 - Equals
</system-out>
    <testcase name="Equals (122)" classname="spec_perl_TestStrLiterals2_t" time="0.000258922576904297" />
    <testcase name="Equals (123)" classname="spec_perl_TestStrLiterals2_t" time="8.10623168945312e-05" />
    <testcase name="Equals (124)" classname="spec_perl_TestStrLiterals2_t" time="0.000166893005371094" />
    <testcase name="Equals (125)" classname="spec_perl_TestStrLiterals2_t" time="0.000133037567138672" />
  </testsuite>
  <testsuite name="spec_perl_TestSwitchManualIntElse_t" errors="0" failures="0" skipped="0" tests="9" time="0.0475552082061768">
    <system-out>1..9
ok 1 - Equals
ok 2 - Equals
ok 3 - Equals
ok 4 - Equals
ok 5 - Equals
ok 6 - Equals
ok 7 - Equals
ok 8 - Equals
ok 9 - Equals
</system-out>
    <testcase name="Equals (126)" classname="spec_perl_TestSwitchManualIntElse_t" time="0.000365018844604492" />
    <testcase name="Equals (127)" classname="spec_perl_TestSwitchManualIntElse_t" time="8.60691070556641e-05" />
    <testcase name="Equals (128)" classname="spec_perl_TestSwitchManualIntElse_t" time="7.89165496826172e-05" />
    <testcase name="Equals (129)" classname="spec_perl_TestSwitchManualIntElse_t" time="0.000146865844726562" />
    <testcase name="Equals (130)" classname="spec_perl_TestSwitchManualIntElse_t" time="0.000120162963867188" />
    <testcase name="Equals (131)" classname="spec_perl_TestSwitchManualIntElse_t" time="0.000130891799926758" />
    <testcase name="Equals (132)" classname="spec_perl_TestSwitchManualIntElse_t" time="0.000153064727783203" />
    <testcase name="Equals (133)" classname="spec_perl_TestSwitchManualIntElse_t" time="0.000123977661132812" />
    <testcase name="Equals (134)" classname="spec_perl_TestSwitchManualIntElse_t" time="0.000149965286254883" />
  </testsuite>
  <testsuite name="spec_perl_TestValidShort_t" errors="0" failures="0" skipped="1" tests="1" time="0.0467169284820557">
    <system-out>1..1
ok 1 # skip ValidShort=HASH(0x2864b08)
</system-out>
    <testcase name="Unnamed test case 134" classname="spec_perl_TestValidShort_t" time="0.00128817558288574">
      <skipped message="ok 1 # skip ValidShort=HASH(0x2864b08)" />
    </testcase>
  </testsuite>
  <testsuite name="spec_perl_TestExprStrOps_t" errors="1" failures="0" skipped="0" tests="0" time="0.0422530174255371">
    <system-out></system-out>
    <testcase name="Test died too soon, even before plan. (134)" classname="spec_perl_TestExprStrOps_t" time="0.0422530174255371">
      <failure message="The test suite died before a plan was produced. You need to have a plan." type="Plan">No plan</failure>
    </testcase>
  </testsuite>
  <testsuite name="spec_perl_TestPositionInSeq_t" errors="0" failures="0" skipped="0" tests="1" time="0.0431241989135742">
    <system-out>1..1
ok 1 - Equals
</system-out>
    <testcase name="Equals (135)" classname="spec_perl_TestPositionInSeq_t" time="0.000247955322265625" />
  </testsuite>
  <testsuite name="spec_perl_TestIndexToParamExpr_t" errors="0" failures="2" skipped="0" tests="7" time="0.0521328449249268">
    <system-out>1..7
ok 1 - Equals
ok 2 - Equals
ok 3 - Equals
ok 4 - Equals
ok 5 - Equals
not ok 6 - Equals
not ok 7 - Equals
</system-out>
    <testcase name="Equals (136)" classname="spec_perl_TestIndexToParamExpr_t" time="0.00559282302856445" />
    <testcase name="Equals (137)" classname="spec_perl_TestIndexToParamExpr_t" time="0.000109195709228516" />
    <testcase name="Equals (138)" classname="spec_perl_TestIndexToParamExpr_t" time="8.48770141601562e-05" />
    <testcase name="Equals (139)" classname="spec_perl_TestIndexToParamExpr_t" time="5.91278076171875e-05" />
    <testcase name="Equals (140)" classname="spec_perl_TestIndexToParamExpr_t" time="9.89437103271484e-05" />
    <testcase name="Equals (141)" classname="spec_perl_TestIndexToParamExpr_t" time="7.10487365722656e-05">
      <failure message="not ok 6 - Equals" type="TAP::Parser::Result::Test"></failure>
    </testcase>
    <testcase name="Equals (142)" classname="spec_perl_TestIndexToParamExpr_t" time="8.392333984375e-05">
      <failure message="not ok 7 - Equals" type="TAP::Parser::Result::Test"></failure>
    </testcase>
  </testsuite>
  <testsuite name="spec_perl_TestProcessRotate_t" errors="0" failures="0" skipped="0" tests="3" time="0.0436420440673828">
    <system-out>1..3
ok 1 - Equals
ok 2 - Equals
ok 3 - Equals
</system-out>
    <testcase name="Equals (143)" classname="spec_perl_TestProcessRotate_t" time="0.000265121459960938" />
    <testcase name="Equals (144)" classname="spec_perl_TestProcessRotate_t" time="7.98702239990234e-05" />
    <testcase name="Equals (145)" classname="spec_perl_TestProcessRotate_t" time="0.000144004821777344" />
  </testsuite>
  <testsuite name="spec_perl_TestParamsPassBool_t" errors="0" failures="1" skipped="13" tests="14" time="0.053706169128418">
    <system-out>1..14
not ok 1 - test_params_pass_bool died (Requested 2 bytes, but got only 1 bytes at ../runtime/perl/lib/IO/KaitaiStruct.pm line 333.)
ok 2 # skip test_params_pass_bool died
ok 3 # skip test_params_pass_bool died
ok 4 # skip test_params_pass_bool died
ok 5 # skip test_params_pass_bool died
ok 6 # skip test_params_pass_bool died
ok 7 # skip test_params_pass_bool died
ok 8 # skip test_params_pass_bool died
ok 9 # skip test_params_pass_bool died
ok 10 # skip test_params_pass_bool died
ok 11 # skip test_params_pass_bool died
ok 12 # skip test_params_pass_bool died
ok 13 # skip test_params_pass_bool died
ok 14 # skip test_params_pass_bool died
</system-out>
    <testcase name="test_params_pass_bool died (Requested 2 bytes, but got only 1 bytes at ../runtime/perl/lib/IO/KaitaiStruct.pm line 333.) (145)" classname="spec_perl_TestParamsPassBool_t" time="0.000357151031494141">
      <failure message="not ok 1 - test_params_pass_bool died (Requested 2 bytes, but got only 1 bytes at ../runtime/perl/lib/IO/KaitaiStruct.pm line 333.)" type="TAP::Parser::Result::Test"></failure>
    </testcase>
    <testcase name="Unnamed test case 145" classname="spec_perl_TestParamsPassBool_t" time="0.000383853912353516">
      <skipped message="ok 2 # skip test_params_pass_bool died" />
    </testcase>
    <testcase name="Unnamed test case 146" classname="spec_perl_TestParamsPassBool_t" time="0.000406980514526367">
      <skipped message="ok 3 # skip test_params_pass_bool died" />
    </testcase>
    <testcase name="Unnamed test case 147" classname="spec_perl_TestParamsPassBool_t" time="0.000348091125488281">
      <skipped message="ok 4 # skip test_params_pass_bool died" />
    </testcase>
    <testcase name="Unnamed test case 148" classname="spec_perl_TestParamsPassBool_t" time="0.000380039215087891">
      <skipped message="ok 5 # skip test_params_pass_bool died" />
    </testcase>
    <testcase name="Unnamed test case 149" classname="spec_perl_TestParamsPassBool_t" time="0.000356912612915039">
      <skipped message="ok 6 # skip test_params_pass_bool died" />
    </testcase>
    <testcase name="Unnamed test case 150" classname="spec_perl_TestParamsPassBool_t" time="0.00030207633972168">
      <skipped message="ok 7 # skip test_params_pass_bool died" />
    </testcase>
    <testcase name="Unnamed test case 151" classname="spec_perl_TestParamsPassBool_t" time="0.000322103500366211">
      <skipped message="ok 8 # skip test_params_pass_bool died" />
    </testcase>
    <testcase name="Unnamed test case 152" classname="spec_perl_TestParamsPassBool_t" time="0.000365972518920898">
      <skipped message="ok 9 # skip test_params_pass_bool died" />
    </testcase>
    <testcase name="Unnamed test case 153" classname="spec_perl_TestParamsPassBool_t" time="0.000355958938598633">
      <skipped message="ok 10 # skip test_params_pass_bool died" />
    </testcase>
    <testcase name="Unnamed test case 154" classname="spec_perl_TestParamsPassBool_t" time="0.000293970108032227">
      <skipped message="ok 11 # skip test_params_pass_bool died" />
    </testcase>
    <testcase name="Unnamed test case 155" classname="spec_perl_TestParamsPassBool_t" time="0.000359058380126953">
      <skipped message="ok 12 # skip test_params_pass_bool died" />
    </testcase>
    <testcase name="Unnamed test case 156" classname="spec_perl_TestParamsPassBool_t" time="0.000360012054443359">
      <skipped message="ok 13 # skip test_params_pass_bool died" />
    </testcase>
    <testcase name="Unnamed test case 157" classname="spec_perl_TestParamsPassBool_t" time="0.000357866287231445">
      <skipped message="ok 14 # skip test_params_pass_bool died" />
    </testcase>
  </testsuite>
  <testsuite name="spec_perl_TestSwitchManualStrElse_t" errors="0" failures="0" skipped="0" tests="9" time="0.0476078987121582">
    <system-out>1..9
ok 1 - Equals
ok 2 - Equals
ok 3 - Equals
ok 4 - Equals
ok 5 - Equals
ok 6 - Equals
ok 7 - Equals
ok 8 - Equals
ok 9 - Equals
</system-out>
    <testcase name="Equals (157)" classname="spec_perl_TestSwitchManualStrElse_t" time="0.000335931777954102" />
    <testcase name="Equals (158)" classname="spec_perl_TestSwitchManualStrElse_t" time="9.29832458496094e-05" />
    <testcase name="Equals (159)" classname="spec_perl_TestSwitchManualStrElse_t" time="0.000137090682983398" />
    <testcase name="Equals (160)" classname="spec_perl_TestSwitchManualStrElse_t" time="0.000134944915771484" />
    <testcase name="Equals (161)" classname="spec_perl_TestSwitchManualStrElse_t" time="0.000133991241455078" />
    <testcase name="Equals (162)" classname="spec_perl_TestSwitchManualStrElse_t" time="0.000130176544189453" />
    <testcase name="Equals (163)" classname="spec_perl_TestSwitchManualStrElse_t" time="0.000125885009765625" />
    <testcase name="Equals (164)" classname="spec_perl_TestSwitchManualStrElse_t" time="0.000123977661132812" />
    <testcase name="Equals (165)" classname="spec_perl_TestSwitchManualStrElse_t" time="0.000144004821777344" />
  </testsuite>
  <testsuite name="spec_perl_TestEnumInvalid_t" errors="0" failures="0" skipped="0" tests="2" time="0.043281078338623">
    <system-out>1..2
ok 1 - Equals
ok 2 - Equals
</system-out>
    <testcase name="Equals (166)" classname="spec_perl_TestEnumInvalid_t" time="0.000246047973632812" />
    <testcase name="Equals (167)" classname="spec_perl_TestEnumInvalid_t" time="8.10623168945312e-05" />
  </testsuite>
  <testsuite name="spec_perl_TestNestedTypes_t" errors="0" failures="0" skipped="0" tests="3" time="0.0438108444213867">
    <system-out>1..3
ok 1 - Equals
ok 2 - Equals
ok 3 - Equals
</system-out>
    <testcase name="Equals (168)" classname="spec_perl_TestNestedTypes_t" time="0.000214815139770508" />
    <testcase name="Equals (169)" classname="spec_perl_TestNestedTypes_t" time="7.31945037841797e-05" />
    <testcase name="Equals (170)" classname="spec_perl_TestNestedTypes_t" time="0.000162839889526367" />
  </testsuite>
  <testsuite name="spec_perl_TestDebug0_t" errors="0" failures="0" skipped="1" tests="1" time="0.0427548885345459">
    <system-out>1..1
ok 1 # skip test_debug_0
</system-out>
    <testcase name="Unnamed test case 170" classname="spec_perl_TestDebug0_t" time="0.000283002853393555">
      <skipped message="ok 1 # skip test_debug_0" />
    </testcase>
  </testsuite>
  <testsuite name="spec_perl_TestSwitchMultiBoolOps_t" errors="0" failures="0" skipped="0" tests="9" time="0.0447149276733398">
    <system-out>1..9
ok 1 - Equals
ok 2 - Equals
ok 3 - Equals
ok 4 - Equals
ok 5 - Equals
ok 6 - Equals
ok 7 - Equals
ok 8 - Equals
ok 9 - Equals
</system-out>
    <testcase name="Equals (171)" classname="spec_perl_TestSwitchMultiBoolOps_t" time="0.000278949737548828" />
    <testcase name="Equals (172)" classname="spec_perl_TestSwitchMultiBoolOps_t" time="8.48770141601562e-05" />
    <testcase name="Equals (173)" classname="spec_perl_TestSwitchMultiBoolOps_t" time="0.000124216079711914" />
    <testcase name="Equals (174)" classname="spec_perl_TestSwitchMultiBoolOps_t" time="0.000127792358398438" />
    <testcase name="Equals (175)" classname="spec_perl_TestSwitchMultiBoolOps_t" time="0.000145196914672852" />
    <testcase name="Equals (176)" classname="spec_perl_TestSwitchMultiBoolOps_t" time="0.000114917755126953" />
    <testcase name="Equals (177)" classname="spec_perl_TestSwitchMultiBoolOps_t" time="0.000159025192260742" />
    <testcase name="Equals (178)" classname="spec_perl_TestSwitchMultiBoolOps_t" time="0.000102996826171875" />
    <testcase name="Equals (179)" classname="spec_perl_TestSwitchMultiBoolOps_t" time="0.000138998031616211" />
  </testsuite>
  <testsuite name="spec_perl_TestIntegersDoubleOverflow_t" errors="0" failures="0" skipped="0" tests="8" time="0.044212818145752">
    <system-out>1..8
ok 1 - Equals
ok 2 - Equals
ok 3 - Equals
ok 4 - Equals
ok 5 - Equals
ok 6 - Equals
ok 7 - Equals
ok 8 - Equals
</system-out>
    <testcase name="Equals (180)" classname="spec_perl_TestIntegersDoubleOverflow_t" time="0.00025486946105957" />
    <testcase name="Equals (181)" classname="spec_perl_TestIntegersDoubleOverflow_t" time="7.82012939453125e-05" />
    <testcase name="Equals (182)" classname="spec_perl_TestIntegersDoubleOverflow_t" time="0.000150918960571289" />
    <testcase name="Equals (183)" classname="spec_perl_TestIntegersDoubleOverflow_t" time="8.20159912109375e-05" />
    <testcase name="Equals (184)" classname="spec_perl_TestIntegersDoubleOverflow_t" time="0.000158071517944336" />
    <testcase name="Equals (185)" classname="spec_perl_TestIntegersDoubleOverflow_t" time="0.00011897087097168" />
    <testcase name="Equals (186)" classname="spec_perl_TestIntegersDoubleOverflow_t" time="0.000142812728881836" />
    <testcase name="Equals (187)" classname="spec_perl_TestIntegersDoubleOverflow_t" time="0.0001220703125" />
  </testsuite>
  <testsuite name="spec_perl_TestTsPacketHeader_t" errors="0" failures="0" skipped="0" tests="7" time="0.0434858798980713">
    <system-out>1..7
ok 1 - Equals
ok 2 - Equals
ok 3 - Equals
ok 4 - Equals
ok 5 - Equals
ok 6 - Equals
ok 7 - Equals
</system-out>
    <testcase name="Equals (188)" classname="spec_perl_TestTsPacketHeader_t" time="0.000275850296020508" />
    <testcase name="Equals (189)" classname="spec_perl_TestTsPacketHeader_t" time="8.20159912109375e-05" />
    <testcase name="Equals (190)" classname="spec_perl_TestTsPacketHeader_t" time="0.000119924545288086" />
    <testcase name="Equals (191)" classname="spec_perl_TestTsPacketHeader_t" time="0.000135183334350586" />
    <testcase name="Equals (192)" classname="spec_perl_TestTsPacketHeader_t" time="0.000130891799926758" />
    <testcase name="Equals (193)" classname="spec_perl_TestTsPacketHeader_t" time="0.000113964080810547" />
    <testcase name="Equals (194)" classname="spec_perl_TestTsPacketHeader_t" time="0.000123023986816406" />
  </testsuite>
  <testsuite name="spec_perl_TestImportsAbs_t" errors="0" failures="0" skipped="0" tests="2" time="0.0435819625854492">
    <system-out>1..2
ok 1 - Equals
ok 2 - Equals
</system-out>
    <testcase name="Equals (195)" classname="spec_perl_TestImportsAbs_t" time="0.00028681755065918" />
    <testcase name="Equals (196)" classname="spec_perl_TestImportsAbs_t" time="7.60555267333984e-05" />
  </testsuite>
  <testsuite name="spec_perl_TestJsSignedRightShift_t" errors="0" failures="0" skipped="0" tests="2" time="0.042992115020752">
    <system-out>1..2
ok 1 - Equals
ok 2 - Equals
</system-out>
    <testcase name="Equals (197)" classname="spec_perl_TestJsSignedRightShift_t" time="0.00024104118347168" />
    <testcase name="Equals (198)" classname="spec_perl_TestJsSignedRightShift_t" time="7.98702239990234e-05" />
  </testsuite>
  <testsuite name="spec_perl_TestValidNotParsedIf_t" errors="0" failures="0" skipped="1" tests="1" time="0.0434868335723877">
    <system-out>1..1
ok 1 # skip ValidNotParsedIf=HASH(0x11f3300)
</system-out>
    <testcase name="Unnamed test case 198" classname="spec_perl_TestValidNotParsedIf_t" time="0.0012660026550293">
      <skipped message="ok 1 # skip ValidNotParsedIf=HASH(0x11f3300)" />
    </testcase>
  </testsuite>
  <testsuite name="spec_perl_TestImports0_t" errors="0" failures="0" skipped="0" tests="3" time="0.0435409545898438">
    <system-out>1..3
ok 1 - Equals
ok 2 - Equals
ok 3 - Equals
</system-out>
    <testcase name="Equals (199)" classname="spec_perl_TestImports0_t" time="0.000248908996582031" />
    <testcase name="Equals (200)" classname="spec_perl_TestImports0_t" time="8.0108642578125e-05" />
    <testcase name="Equals (201)" classname="spec_perl_TestImports0_t" time="0.000139951705932617" />
  </testsuite>
  <testsuite name="spec_perl_TestCastNested_t" errors="0" failures="0" skipped="0" tests="4" time="0.0472671985626221">
    <system-out>1..4
ok 1 - Equals
ok 2 - Equals
ok 3 - Equals
ok 4 - Equals
</system-out>
    <testcase name="Equals (202)" classname="spec_perl_TestCastNested_t" time="0.000351905822753906" />
    <testcase name="Equals (203)" classname="spec_perl_TestCastNested_t" time="8.70227813720703e-05" />
    <testcase name="Equals (204)" classname="spec_perl_TestCastNested_t" time="5.91278076171875e-05" />
    <testcase name="Equals (205)" classname="spec_perl_TestCastNested_t" time="0.000159978866577148" />
  </testsuite>
  <testsuite name="spec_perl_TestTypeTernary2ndFalsy_t" errors="0" failures="1" skipped="0" tests="13" time="0.0464749336242676">
    <system-out>1..13
ok 1 - Equals
ok 2 - Equals
ok 3 - Equals
ok 4 - Approx equals
ok 5 - Approx equals
ok 6 - Equals
ok 7 - Equals
ok 8 - Equals
ok 9 - nil
ok 10 - Equals
ok 11 - Equals
ok 12 - Equals
not ok 13 - test_type_ternary_2nd_falsy died (Can't use an undefined value as an ARRAY reference at spec/perl/TestTypeTernary2ndFalsy.t line 27.)
</system-out>
    <testcase name="Equals (206)" classname="spec_perl_TestTypeTernary2ndFalsy_t" time="0.00024104118347168" />
    <testcase name="Equals (207)" classname="spec_perl_TestTypeTernary2ndFalsy_t" time="7.89165496826172e-05" />
    <testcase name="Equals (208)" classname="spec_perl_TestTypeTernary2ndFalsy_t" time="0.000153064727783203" />
    <testcase name="Approx equals (208)" classname="spec_perl_TestTypeTernary2ndFalsy_t" time="6.50882720947266e-05" />
    <testcase name="Approx equals (209)" classname="spec_perl_TestTypeTernary2ndFalsy_t" time="4.38690185546875e-05" />
    <testcase name="Equals (209)" classname="spec_perl_TestTypeTernary2ndFalsy_t" time="8.20159912109375e-05" />
    <testcase name="Equals (210)" classname="spec_perl_TestTypeTernary2ndFalsy_t" time="0.000171899795532227" />
    <testcase name="Equals (211)" classname="spec_perl_TestTypeTernary2ndFalsy_t" time="0.000115156173706055" />
    <testcase name="nil (211)" classname="spec_perl_TestTypeTernary2ndFalsy_t" time="6.29425048828125e-05" />
    <testcase name="Equals (212)" classname="spec_perl_TestTypeTernary2ndFalsy_t" time="0.000152111053466797" />
    <testcase name="Equals (213)" classname="spec_perl_TestTypeTernary2ndFalsy_t" time="0.000110864639282227" />
    <testcase name="Equals (214)" classname="spec_perl_TestTypeTernary2ndFalsy_t" time="0.000154018402099609" />
    <testcase name="test_type_ternary_2nd_falsy died (Can't use an undefined value as an ARRAY reference at spec/perl/TestTypeTernary2ndFalsy.t line 27.) (214)" classname="spec_perl_TestTypeTernary2ndFalsy_t" time="0.000240087509155273">
      <failure message="not ok 13 - test_type_ternary_2nd_falsy died (Can't use an undefined value as an ARRAY reference at spec/perl/TestTypeTernary2ndFalsy.t line 27.)" type="TAP::Parser::Result::Test"></failure>
    </testcase>
  </testsuite>
  <testsuite name="spec_perl_TestImportsCircularA_t" errors="0" failures="0" skipped="0" tests="5" time="0.0442252159118652">
    <system-out>1..5
ok 1 - Equals
ok 2 - Equals
ok 3 - Equals
ok 4 - Equals
ok 5 - nil
</system-out>
    <testcase name="Equals (215)" classname="spec_perl_TestImportsCircularA_t" time="0.000249862670898438" />
    <testcase name="Equals (216)" classname="spec_perl_TestImportsCircularA_t" time="8.29696655273438e-05" />
    <testcase name="Equals (217)" classname="spec_perl_TestImportsCircularA_t" time="0.000163078308105469" />
    <testcase name="Equals (218)" classname="spec_perl_TestImportsCircularA_t" time="0.000102043151855469" />
    <testcase name="nil (218)" classname="spec_perl_TestImportsCircularA_t" time="5.88893890380859e-05" />
  </testsuite>
  <testsuite name="spec_perl_TestPositionToEnd_t" errors="0" failures="0" skipped="0" tests="2" time="0.0439920425415039">
    <system-out>1..2
ok 1 - Equals
ok 2 - Equals
</system-out>
    <testcase name="Equals (219)" classname="spec_perl_TestPositionToEnd_t" time="0.000266075134277344" />
    <testcase name="Equals (220)" classname="spec_perl_TestPositionToEnd_t" time="7.70092010498047e-05" />
  </testsuite>
  <testsuite name="spec_perl_TestInstanceStdArray_t" errors="0" failures="0" skipped="0" tests="7" time="0.0441820621490479">
    <system-out>1..7
ok 1 - Equals
ok 2 - Equals
ok 3 - Equals
ok 4 - Equals
ok 5 - Equals
ok 6 - Equals
ok 7 - Equals
</system-out>
    <testcase name="Equals (221)" classname="spec_perl_TestInstanceStdArray_t" time="0.000248908996582031" />
    <testcase name="Equals (222)" classname="spec_perl_TestInstanceStdArray_t" time="8.10623168945312e-05" />
    <testcase name="Equals (223)" classname="spec_perl_TestInstanceStdArray_t" time="0.000128984451293945" />
    <testcase name="Equals (224)" classname="spec_perl_TestInstanceStdArray_t" time="0.000151157379150391" />
    <testcase name="Equals (225)" classname="spec_perl_TestInstanceStdArray_t" time="0.000135898590087891" />
    <testcase name="Equals (226)" classname="spec_perl_TestInstanceStdArray_t" time="0.00011897087097168" />
    <testcase name="Equals (227)" classname="spec_perl_TestInstanceStdArray_t" time="0.00014495849609375" />
  </testsuite>
  <testsuite name="spec_perl_TestEnumDeep_t" errors="0" failures="0" skipped="0" tests="2" time="0.0430669784545898">
    <system-out>1..2
ok 1 - Equals
ok 2 - Equals
</system-out>
    <testcase name="Equals (228)" classname="spec_perl_TestEnumDeep_t" time="0.000247955322265625" />
    <testcase name="Equals (229)" classname="spec_perl_TestEnumDeep_t" time="7.70092010498047e-05" />
  </testsuite>
  <testsuite name="spec_perl_TestMultipleUse_t" errors="0" failures="0" skipped="0" tests="2" time="0.0439848899841309">
    <system-out>1..2
ok 1 - Equals
ok 2 - Equals
</system-out>
    <testcase name="Equals (230)" classname="spec_perl_TestMultipleUse_t" time="0.000267982482910156" />
    <testcase name="Equals (231)" classname="spec_perl_TestMultipleUse_t" time="8.10623168945312e-05" />
  </testsuite>
  <testsuite name="spec_perl_TestImportsAbsAbs_t" errors="0" failures="0" skipped="0" tests="3" time="0.0440099239349365">
    <system-out>1..3
ok 1 - Equals
ok 2 - Equals
ok 3 - Equals
</system-out>
    <testcase name="Equals (232)" classname="spec_perl_TestImportsAbsAbs_t" time="0.000248193740844727" />
    <testcase name="Equals (233)" classname="spec_perl_TestImportsAbsAbs_t" time="7.98702239990234e-05" />
    <testcase name="Equals (234)" classname="spec_perl_TestImportsAbsAbs_t" time="0.000132083892822266" />
  </testsuite>
  <testsuite name="spec_perl_TestEnumOfValueInst_t" errors="0" failures="0" skipped="0" tests="4" time="0.0446770191192627">
    <system-out>1..4
ok 1 - Equals
ok 2 - Equals
ok 3 - Equals
ok 4 - Equals
</system-out>
    <testcase name="Equals (235)" classname="spec_perl_TestEnumOfValueInst_t" time="0.000226974487304688" />
    <testcase name="Equals (236)" classname="spec_perl_TestEnumOfValueInst_t" time="7.39097595214844e-05" />
    <testcase name="Equals (237)" classname="spec_perl_TestEnumOfValueInst_t" time="0.00015711784362793" />
    <testcase name="Equals (238)" classname="spec_perl_TestEnumOfValueInst_t" time="0.000131845474243164" />
  </testsuite>
  <testsuite name="spec_perl_TestDebugSwitchUser_t" errors="1" failures="0" skipped="0" tests="0" time="0.0551950931549072">
    <system-out></system-out>
    <testcase name="Test died too soon, even before plan. (238)" classname="spec_perl_TestDebugSwitchUser_t" time="0.0551950931549072">
      <failure message="The test suite died before a plan was produced. You need to have a plan." type="Plan">No plan</failure>
    </testcase>
  </testsuite>
  <testsuite name="spec_perl_TestSwitchElseOnly_t" errors="0" failures="0" skipped="0" tests="3" time="0.0431277751922607">
    <system-out>1..3
ok 1 - Equals
ok 2 - Equals
ok 3 - Equals
</system-out>
    <testcase name="Equals (239)" classname="spec_perl_TestSwitchElseOnly_t" time="0.000237941741943359" />
    <testcase name="Equals (240)" classname="spec_perl_TestSwitchElseOnly_t" time="0.000108003616333008" />
    <testcase name="Equals (241)" classname="spec_perl_TestSwitchElseOnly_t" time="0.000118017196655273" />
  </testsuite>
  <testsuite name="spec_perl_TestProcessXorValue_t" errors="0" failures="0" skipped="0" tests="2" time="0.0427920818328857">
    <system-out>1..2
ok 1 - Equals
ok 2 - Equals
</system-out>
    <testcase name="Equals (242)" classname="spec_perl_TestProcessXorValue_t" time="0.000216960906982422" />
    <testcase name="Equals (243)" classname="spec_perl_TestProcessXorValue_t" time="0.00010991096496582" />
  </testsuite>
  <testsuite name="spec_perl_TestParamsEnum_t" errors="0" failures="1" skipped="0" tests="2" time="0.0650901794433594">
    <system-out>1..2
ok 1 - Equals
not ok 2 - Equals
</system-out>
    <testcase name="Equals (244)" classname="spec_perl_TestParamsEnum_t" time="0.000235080718994141" />
    <testcase name="Equals (245)" classname="spec_perl_TestParamsEnum_t" time="0.00017094612121582">
      <failure message="not ok 2 - Equals" type="TAP::Parser::Result::Test"></failure>
    </testcase>
  </testsuite>
  <testsuite name="spec_perl_TestDebugEnumName_t" errors="1" failures="0" skipped="0" tests="0" time="0.0423538684844971">
    <system-out></system-out>
    <testcase name="Test died too soon, even before plan. (245)" classname="spec_perl_TestDebugEnumName_t" time="0.0423538684844971">
      <failure message="The test suite died before a plan was produced. You need to have a plan." type="Plan">No plan</failure>
    </testcase>
  </testsuite>
  <testsuite name="spec_perl_TestExprSizeofValueSized_t" errors="0" failures="0" skipped="0" tests="5" time="0.0438179969787598">
    <system-out>1..5
ok 1 - Equals
ok 2 - Equals
ok 3 - Equals
ok 4 - Equals
ok 5 - Equals
</system-out>
    <testcase name="Equals (246)" classname="spec_perl_TestExprSizeofValueSized_t" time="0.000509023666381836" />
    <testcase name="Equals (247)" classname="spec_perl_TestExprSizeofValueSized_t" time="0.000102996826171875" />
    <testcase name="Equals (248)" classname="spec_perl_TestExprSizeofValueSized_t" time="5.79357147216797e-05" />
    <testcase name="Equals (249)" classname="spec_perl_TestExprSizeofValueSized_t" time="0.000128030776977539" />
    <testcase name="Equals (250)" classname="spec_perl_TestExprSizeofValueSized_t" time="0.000118017196655273" />
  </testsuite>
  <testsuite name="spec_perl_TestSwitchManualEnum_t" errors="0" failures="0" skipped="0" tests="9" time="0.0474910736083984">
    <system-out>1..9
ok 1 - Equals
ok 2 - Equals
ok 3 - Equals
ok 4 - Equals
ok 5 - Equals
ok 6 - Equals
ok 7 - Equals
ok 8 - Equals
ok 9 - Equals
</system-out>
    <testcase name="Equals (251)" classname="spec_perl_TestSwitchManualEnum_t" time="0.000317096710205078" />
    <testcase name="Equals (252)" classname="spec_perl_TestSwitchManualEnum_t" time="8.51154327392578e-05" />
    <testcase name="Equals (253)" classname="spec_perl_TestSwitchManualEnum_t" time="0.00010991096496582" />
    <testcase name="Equals (254)" classname="spec_perl_TestSwitchManualEnum_t" time="0.000166893005371094" />
    <testcase name="Equals (255)" classname="spec_perl_TestSwitchManualEnum_t" time="0.000113010406494141" />
    <testcase name="Equals (256)" classname="spec_perl_TestSwitchManualEnum_t" time="0.000138998031616211" />
    <testcase name="Equals (257)" classname="spec_perl_TestSwitchManualEnum_t" time="0.000133991241455078" />
    <testcase name="Equals (258)" classname="spec_perl_TestSwitchManualEnum_t" time="0.00012516975402832" />
    <testcase name="Equals (259)" classname="spec_perl_TestSwitchManualEnum_t" time="0.000154018402099609" />
  </testsuite>
  <testsuite name="spec_perl_TestExprCalcArrayOps_t" errors="0" failures="1" skipped="17" tests="18" time="0.0655570030212402">
    <system-out>1..18
not ok 1 - test_expr_calc_array_ops died (Can't use string (&quot;1000&quot;) as an ARRAY ref while &quot;strict refs&quot; in use at compiled/perl/ExprCalcArrayOps.pm line 50.)
ok 2 # skip test_expr_calc_array_ops died
ok 3 # skip test_expr_calc_array_ops died
ok 4 # skip test_expr_calc_array_ops died
ok 5 # skip test_expr_calc_array_ops died
ok 6 # skip test_expr_calc_array_ops died
ok 7 # skip test_expr_calc_array_ops died
ok 8 # skip test_expr_calc_array_ops died
ok 9 # skip test_expr_calc_array_ops died
ok 10 # skip test_expr_calc_array_ops died
ok 11 # skip test_expr_calc_array_ops died
ok 12 # skip test_expr_calc_array_ops died
ok 13 # skip test_expr_calc_array_ops died
ok 14 # skip test_expr_calc_array_ops died
ok 15 # skip test_expr_calc_array_ops died
ok 16 # skip test_expr_calc_array_ops died
ok 17 # skip test_expr_calc_array_ops died
ok 18 # skip test_expr_calc_array_ops died
</system-out>
    <testcase name="test_expr_calc_array_ops died (Can't use string (&quot;1000&quot;) as an ARRAY ref while &quot;strict refs&quot; in use at compiled/perl/ExprCalcArrayOps.pm line 50.) (259)" classname="spec_perl_TestExprCalcArrayOps_t" time="0.00106310844421387">
      <failure message="not ok 1 - test_expr_calc_array_ops died (Can't use string (&quot;1000&quot;) as an ARRAY ref while &quot;strict refs&quot; in use at compiled/perl/ExprCalcArrayOps.pm line 50.)" type="TAP::Parser::Result::Test"></failure>
    </testcase>
    <testcase name="Unnamed test case 259" classname="spec_perl_TestExprCalcArrayOps_t" time="0.00118589401245117">
      <skipped message="ok 2 # skip test_expr_calc_array_ops died" />
    </testcase>
    <testcase name="Unnamed test case 260" classname="spec_perl_TestExprCalcArrayOps_t" time="0.000381946563720703">
      <skipped message="ok 3 # skip test_expr_calc_array_ops died" />
    </testcase>
    <testcase name="Unnamed test case 261" classname="spec_perl_TestExprCalcArrayOps_t" time="0.000255107879638672">
      <skipped message="ok 4 # skip test_expr_calc_array_ops died" />
    </testcase>
    <testcase name="Unnamed test case 262" classname="spec_perl_TestExprCalcArrayOps_t" time="0.00026392936706543">
      <skipped message="ok 5 # skip test_expr_calc_array_ops died" />
    </testcase>
    <testcase name="Unnamed test case 263" classname="spec_perl_TestExprCalcArrayOps_t" time="0.000236988067626953">
      <skipped message="ok 6 # skip test_expr_calc_array_ops died" />
    </testcase>
    <testcase name="Unnamed test case 264" classname="spec_perl_TestExprCalcArrayOps_t" time="0.000224113464355469">
      <skipped message="ok 7 # skip test_expr_calc_array_ops died" />
    </testcase>
    <testcase name="Unnamed test case 265" classname="spec_perl_TestExprCalcArrayOps_t" time="0.000218868255615234">
      <skipped message="ok 8 # skip test_expr_calc_array_ops died" />
    </testcase>
    <testcase name="Unnamed test case 266" classname="spec_perl_TestExprCalcArrayOps_t" time="0.000230073928833008">
      <skipped message="ok 9 # skip test_expr_calc_array_ops died" />
    </testcase>
    <testcase name="Unnamed test case 267" classname="spec_perl_TestExprCalcArrayOps_t" time="0.000214099884033203">
      <skipped message="ok 10 # skip test_expr_calc_array_ops died" />
    </testcase>
    <testcase name="Unnamed test case 268" classname="spec_perl_TestExprCalcArrayOps_t" time="0.000214815139770508">
      <skipped message="ok 11 # skip test_expr_calc_array_ops died" />
    </testcase>
    <testcase name="Unnamed test case 269" classname="spec_perl_TestExprCalcArrayOps_t" time="0.000285148620605469">
      <skipped message="ok 12 # skip test_expr_calc_array_ops died" />
    </testcase>
    <testcase name="Unnamed test case 270" classname="spec_perl_TestExprCalcArrayOps_t" time="0.00030207633972168">
      <skipped message="ok 13 # skip test_expr_calc_array_ops died" />
    </testcase>
    <testcase name="Unnamed test case 271" classname="spec_perl_TestExprCalcArrayOps_t" time="0.000435829162597656">
      <skipped message="ok 14 # skip test_expr_calc_array_ops died" />
    </testcase>
    <testcase name="Unnamed test case 272" classname="spec_perl_TestExprCalcArrayOps_t" time="0.000434160232543945">
      <skipped message="ok 15 # skip test_expr_calc_array_ops died" />
    </testcase>
    <testcase name="Unnamed test case 273" classname="spec_perl_TestExprCalcArrayOps_t" time="0.000420808792114258">
      <skipped message="ok 16 # skip test_expr_calc_array_ops died" />
    </testcase>
    <testcase name="Unnamed test case 274" classname="spec_perl_TestExprCalcArrayOps_t" time="0.000391006469726562">
      <skipped message="ok 17 # skip test_expr_calc_array_ops died" />
    </testcase>
    <testcase name="Unnamed test case 275" classname="spec_perl_TestExprCalcArrayOps_t" time="0.000445127487182617">
      <skipped message="ok 18 # skip test_expr_calc_array_ops died" />
    </testcase>
  </testsuite>
  <testsuite name="spec_perl_TestTermStrz_t" errors="0" failures="0" skipped="0" tests="3" time="0.0462620258331299">
    <system-out>1..3
ok 1 - Equals
ok 2 - Equals
ok 3 - Equals
</system-out>
    <testcase name="Equals (275)" classname="spec_perl_TestTermStrz_t" time="0.000329971313476562" />
    <testcase name="Equals (276)" classname="spec_perl_TestTermStrz_t" time="8.89301300048828e-05" />
    <testcase name="Equals (277)" classname="spec_perl_TestTermStrz_t" time="5.69820404052734e-05" />
  </testsuite>
  <testsuite name="spec_perl_TestStrPadTermEmpty_t" errors="0" failures="0" skipped="0" tests="4" time="0.046720027923584">
    <system-out>1..4
ok 1 - Equals
ok 2 - Equals
ok 3 - Equals
ok 4 - Equals
</system-out>
    <testcase name="Equals (278)" classname="spec_perl_TestStrPadTermEmpty_t" time="0.000311851501464844" />
    <testcase name="Equals (279)" classname="spec_perl_TestStrPadTermEmpty_t" time="8.51154327392578e-05" />
    <testcase name="Equals (280)" classname="spec_perl_TestStrPadTermEmpty_t" time="0.000118017196655273" />
    <testcase name="Equals (281)" classname="spec_perl_TestStrPadTermEmpty_t" time="0.000133991241455078" />
  </testsuite>
  <testsuite name="spec_perl_TestSwitchManualIntSizeElse_t" errors="0" failures="0" skipped="0" tests="10" time="0.049699068069458">
    <system-out>1..10
ok 1 - Equals
ok 2 - Equals
ok 3 - Equals
ok 4 - Equals
ok 5 - Equals
ok 6 - Equals
ok 7 - Equals
ok 8 - Equals
ok 9 - Equals
ok 10 - Equals
</system-out>
    <testcase name="Equals (282)" classname="spec_perl_TestSwitchManualIntSizeElse_t" time="0.000646114349365234" />
    <testcase name="Equals (283)" classname="spec_perl_TestSwitchManualIntSizeElse_t" time="9.48905944824219e-05" />
    <testcase name="Equals (284)" classname="spec_perl_TestSwitchManualIntSizeElse_t" time="5.81741333007812e-05" />
    <testcase name="Equals (285)" classname="spec_perl_TestSwitchManualIntSizeElse_t" time="0.000144004821777344" />
    <testcase name="Equals (286)" classname="spec_perl_TestSwitchManualIntSizeElse_t" time="0.00011897087097168" />
    <testcase name="Equals (287)" classname="spec_perl_TestSwitchManualIntSizeElse_t" time="0.000164985656738281" />
    <testcase name="Equals (288)" classname="spec_perl_TestSwitchManualIntSizeElse_t" time="0.000114917755126953" />
    <testcase name="Equals (289)" classname="spec_perl_TestSwitchManualIntSizeElse_t" time="0.000154018402099609" />
    <testcase name="Equals (290)" classname="spec_perl_TestSwitchManualIntSizeElse_t" time="0.000164985656738281" />
    <testcase name="Equals (291)" classname="spec_perl_TestSwitchManualIntSizeElse_t" time="0.000113964080810547" />
  </testsuite>
  <testsuite name="spec_perl_TestMetaXref_t" errors="0" failures="0" skipped="1" tests="1" time="0.0438618659973145">
    <system-out>1..1
ok 1 # skip MetaXref=HASH(0x2d6bad8)
</system-out>
    <testcase name="Unnamed test case 291" classname="spec_perl_TestMetaXref_t" time="0.00125288963317871">
      <skipped message="ok 1 # skip MetaXref=HASH(0x2d6bad8)" />
    </testcase>
  </testsuite>
  <testsuite name="spec_perl_TestEofExceptionU4_t" errors="0" failures="0" skipped="0" tests="1" time="0.0443611145019531">
    <system-out>1..1
ok 1 - Died
</system-out>
    <testcase name="Died (291)" classname="spec_perl_TestEofExceptionU4_t" time="0.000159978866577148" />
  </testsuite>
  <testsuite name="spec_perl_TestValidLong_t" errors="0" failures="0" skipped="1" tests="1" time="0.0468440055847168">
    <system-out>1..1
ok 1 # skip ValidLong=HASH(0x191ce48)
</system-out>
    <testcase name="Unnamed test case 292" classname="spec_perl_TestValidLong_t" time="0.00124502182006836">
      <skipped message="ok 1 # skip ValidLong=HASH(0x191ce48)" />
    </testcase>
  </testsuite>
  <testsuite name="spec_perl_TestNestedTypes3_t" errors="0" failures="0" skipped="0" tests="5" time="0.0439190864562988">
    <system-out>1..5
ok 1 - Equals
ok 2 - Equals
ok 3 - Equals
ok 4 - Equals
ok 5 - Equals
</system-out>
    <testcase name="Equals (292)" classname="spec_perl_TestNestedTypes3_t" time="0.000262975692749023" />
    <testcase name="Equals (293)" classname="spec_perl_TestNestedTypes3_t" time="8.08238983154297e-05" />
    <testcase name="Equals (294)" classname="spec_perl_TestNestedTypes3_t" time="0.000123023986816406" />
    <testcase name="Equals (295)" classname="spec_perl_TestNestedTypes3_t" time="0.000130176544189453" />
    <testcase name="Equals (296)" classname="spec_perl_TestNestedTypes3_t" time="0.000116825103759766" />
  </testsuite>
  <testsuite name="spec_perl_TestBufferedStruct_t" errors="0" failures="0" skipped="0" tests="7" time="0.0447700023651123">
    <system-out>1..7
ok 1 - Equals
ok 2 - Equals
ok 3 - Equals
ok 4 - Equals
ok 5 - Equals
ok 6 - Equals
ok 7 - Equals
</system-out>
    <testcase name="Equals (297)" classname="spec_perl_TestBufferedStruct_t" time="0.000544071197509766" />
    <testcase name="Equals (298)" classname="spec_perl_TestBufferedStruct_t" time="9.89437103271484e-05" />
    <testcase name="Equals (299)" classname="spec_perl_TestBufferedStruct_t" time="5.60283660888672e-05" />
    <testcase name="Equals (300)" classname="spec_perl_TestBufferedStruct_t" time="0.000118017196655273" />
    <testcase name="Equals (301)" classname="spec_perl_TestBufferedStruct_t" time="0.000134944915771484" />
    <testcase name="Equals (302)" classname="spec_perl_TestBufferedStruct_t" time="0.000123977661132812" />
    <testcase name="Equals (303)" classname="spec_perl_TestBufferedStruct_t" time="0.000143051147460938" />
  </testsuite>
  <testsuite name="spec_perl_TestEnumFancy_t" errors="0" failures="0" skipped="0" tests="2" time="0.0437989234924316">
    <system-out>1..2
ok 1 - Equals
ok 2 - Equals
</system-out>
    <testcase name="Equals (304)" classname="spec_perl_TestEnumFancy_t" time="0.000176906585693359" />
    <testcase name="Equals (305)" classname="spec_perl_TestEnumFancy_t" time="6.89029693603516e-05" />
  </testsuite>
  <testsuite name="spec_perl_TestDefaultEndianExprIsLe_t" errors="0" failures="0" skipped="0" tests="12" time="0.0449550151824951">
    <system-out>1..12
ok 1 - Equals
ok 2 - Equals
ok 3 - Equals
ok 4 - Equals
ok 5 - Equals
ok 6 - Equals
ok 7 - Equals
ok 8 - Equals
ok 9 - Equals
ok 10 - Equals
ok 11 - Equals
ok 12 - Equals
</system-out>
    <testcase name="Equals (306)" classname="spec_perl_TestDefaultEndianExprIsLe_t" time="0.000300884246826172" />
    <testcase name="Equals (307)" classname="spec_perl_TestDefaultEndianExprIsLe_t" time="7.79628753662109e-05" />
    <testcase name="Equals (308)" classname="spec_perl_TestDefaultEndianExprIsLe_t" time="0.000123977661132812" />
    <testcase name="Equals (309)" classname="spec_perl_TestDefaultEndianExprIsLe_t" time="0.000135183334350586" />
    <testcase name="Equals (310)" classname="spec_perl_TestDefaultEndianExprIsLe_t" time="0.000130891799926758" />
    <testcase name="Equals (311)" classname="spec_perl_TestDefaultEndianExprIsLe_t" time="0.000184059143066406" />
    <testcase name="Equals (312)" classname="spec_perl_TestDefaultEndianExprIsLe_t" time="9.20295715332031e-05" />
    <testcase name="Equals (313)" classname="spec_perl_TestDefaultEndianExprIsLe_t" time="0.00014185905456543" />
    <testcase name="Equals (314)" classname="spec_perl_TestDefaultEndianExprIsLe_t" time="0.00011897087097168" />
    <testcase name="Equals (315)" classname="spec_perl_TestDefaultEndianExprIsLe_t" time="0.000120162963867188" />
    <testcase name="Equals (316)" classname="spec_perl_TestDefaultEndianExprIsLe_t" time="0.000139951705932617" />
    <testcase name="Equals (317)" classname="spec_perl_TestDefaultEndianExprIsLe_t" time="0.000123023986816406" />
  </testsuite>
  <testsuite name="spec_perl_TestNestedSameName2_t" errors="0" failures="0" skipped="0" tests="5" time="0.0446820259094238">
    <system-out>1..5
ok 1 - Equals
ok 2 - Equals
ok 3 - Equals
ok 4 - Equals
ok 5 - Equals
</system-out>
    <testcase name="Equals (318)" classname="spec_perl_TestNestedSameName2_t" time="0.000270843505859375" />
    <testcase name="Equals (319)" classname="spec_perl_TestNestedSameName2_t" time="0.000317096710205078" />
    <testcase name="Equals (320)" classname="spec_perl_TestNestedSameName2_t" time="7.60555267333984e-05" />
    <testcase name="Equals (321)" classname="spec_perl_TestNestedSameName2_t" time="0.000143051147460938" />
    <testcase name="Equals (322)" classname="spec_perl_TestNestedSameName2_t" time="0.000116825103759766" />
  </testsuite>
  <testsuite name="spec_perl_TestBcdUserTypeLe_t" errors="0" failures="0" skipped="0" tests="6" time="0.0452661514282227">
    <system-out>1..6
ok 1 - Equals
ok 2 - Equals
ok 3 - Equals
ok 4 - Equals
ok 5 - Equals
ok 6 - Equals
</system-out>
    <testcase name="Equals (323)" classname="spec_perl_TestBcdUserTypeLe_t" time="0.000587940216064453" />
    <testcase name="Equals (324)" classname="spec_perl_TestBcdUserTypeLe_t" time="9.20295715332031e-05" />
    <testcase name="Equals (325)" classname="spec_perl_TestBcdUserTypeLe_t" time="0.000146865844726562" />
    <testcase name="Equals (326)" classname="spec_perl_TestBcdUserTypeLe_t" time="0.000133991241455078" />
    <testcase name="Equals (327)" classname="spec_perl_TestBcdUserTypeLe_t" time="0.000159978866577148" />
    <testcase name="Equals (328)" classname="spec_perl_TestBcdUserTypeLe_t" time="0.000149011611938477" />
  </testsuite>
  <testsuite name="spec_perl_TestStrEncodings_t" errors="0" failures="0" skipped="0" tests="4" time="0.0660719871520996">
    <system-out>1..4
ok 1 - Equals
ok 2 - Equals
ok 3 - Equals
ok 4 - Equals
</system-out>
    <testcase name="Equals (329)" classname="spec_perl_TestStrEncodings_t" time="0.0194339752197266" />
    <testcase name="Equals (330)" classname="spec_perl_TestStrEncodings_t" time="0.000136137008666992" />
    <testcase name="Equals (331)" classname="spec_perl_TestStrEncodings_t" time="6.4849853515625e-05" />
    <testcase name="Equals (332)" classname="spec_perl_TestStrEncodings_t" time="7.70092010498047e-05" />
  </testsuite>
  <testsuite name="spec_perl_TestNestedTypes2_t" errors="0" failures="0" skipped="0" tests="7" time="0.0446710586547852">
    <system-out>1..7
ok 1 - Equals
ok 2 - Equals
ok 3 - Equals
ok 4 - Equals
ok 5 - Equals
ok 6 - Equals
ok 7 - Equals
</system-out>
    <testcase name="Equals (333)" classname="spec_perl_TestNestedTypes2_t" time="0.000286102294921875" />
    <testcase name="Equals (334)" classname="spec_perl_TestNestedTypes2_t" time="9.39369201660156e-05" />
    <testcase name="Equals (335)" classname="spec_perl_TestNestedTypes2_t" time="0.00011897087097168" />
    <testcase name="Equals (336)" classname="spec_perl_TestNestedTypes2_t" time="0.000133991241455078" />
    <testcase name="Equals (337)" classname="spec_perl_TestNestedTypes2_t" time="0.000139951705932617" />
    <testcase name="Equals (338)" classname="spec_perl_TestNestedTypes2_t" time="0.000117063522338867" />
    <testcase name="Equals (339)" classname="spec_perl_TestNestedTypes2_t" time="0.000142097473144531" />
  </testsuite>
  <testsuite name="spec_perl_TestBitsSignedB64Le_t" errors="0" failures="0" skipped="0" tests="4" time="0.0436160564422607">
    <system-out>1..4
ok 1 - Equals
ok 2 - Equals
ok 3 - Equals
ok 4 - Equals
</system-out>
    <testcase name="Equals (340)" classname="spec_perl_TestBitsSignedB64Le_t" time="0.000253915786743164" />
    <testcase name="Equals (341)" classname="spec_perl_TestBitsSignedB64Le_t" time="7.79628753662109e-05" />
    <testcase name="Equals (342)" classname="spec_perl_TestBitsSignedB64Le_t" time="0.000136137008666992" />
    <testcase name="Equals (343)" classname="spec_perl_TestBitsSignedB64Le_t" time="0.000124931335449219" />
  </testsuite>
  <testsuite name="spec_perl_TestEnumLongRangeS_t" errors="0" failures="0" skipped="0" tests="7" time="0.0440239906311035">
    <system-out>1..7
ok 1 - Equals
ok 2 - Equals
ok 3 - Equals
ok 4 - Equals
ok 5 - Equals
ok 6 - Equals
ok 7 - Equals
</system-out>
    <testcase name="Equals (344)" classname="spec_perl_TestEnumLongRangeS_t" time="0.000249862670898438" />
    <testcase name="Equals (345)" classname="spec_perl_TestEnumLongRangeS_t" time="7.91549682617188e-05" />
    <testcase name="Equals (346)" classname="spec_perl_TestEnumLongRangeS_t" time="0.000147819519042969" />
    <testcase name="Equals (347)" classname="spec_perl_TestEnumLongRangeS_t" time="9.41753387451172e-05" />
    <testcase name="Equals (348)" classname="spec_perl_TestEnumLongRangeS_t" time="0.000138998031616211" />
    <testcase name="Equals (349)" classname="spec_perl_TestEnumLongRangeS_t" time="0.000110864639282227" />
    <testcase name="Equals (350)" classname="spec_perl_TestEnumLongRangeS_t" time="0.000149965286254883" />
  </testsuite>
  <testsuite name="spec_perl_TestExprBytesCmp_t" errors="0" failures="0" skipped="0" tests="10" time="0.0445199012756348">
    <system-out>1..10
ok 1 - Equals
ok 2 - Equals
ok 3 - Equals
ok 4 - Equals
ok 5 - Equals
ok 6 - Equals
ok 7 - Equals
ok 8 - Equals
ok 9 - Equals
ok 10 - Equals
</system-out>
    <testcase name="Equals (351)" classname="spec_perl_TestExprBytesCmp_t" time="0.000222921371459961" />
    <testcase name="Equals (352)" classname="spec_perl_TestExprBytesCmp_t" time="9.918212890625e-05" />
    <testcase name="Equals (353)" classname="spec_perl_TestExprBytesCmp_t" time="0.000138998031616211" />
    <testcase name="Equals (354)" classname="spec_perl_TestExprBytesCmp_t" time="0.000124931335449219" />
    <testcase name="Equals (355)" classname="spec_perl_TestExprBytesCmp_t" time="0.000133991241455078" />
    <testcase name="Equals (356)" classname="spec_perl_TestExprBytesCmp_t" time="0.000124931335449219" />
    <testcase name="Equals (357)" classname="spec_perl_TestExprBytesCmp_t" time="0.000167131423950195" />
    <testcase name="Equals (358)" classname="spec_perl_TestExprBytesCmp_t" time="0.000128984451293945" />
    <testcase name="Equals (359)" classname="spec_perl_TestExprBytesCmp_t" time="0.000151872634887695" />
    <testcase name="Equals (360)" classname="spec_perl_TestExprBytesCmp_t" time="0.000126123428344727" />
  </testsuite>
  <testsuite name="spec_perl_TestIntegersMinMax_t" errors="0" failures="0" skipped="0" tests="28" time="0.0473289489746094">
    <system-out>1..28
ok 1 - Equals
ok 2 - Equals
ok 3 - Equals
ok 4 - Equals
ok 5 - Equals
ok 6 - Equals
ok 7 - Equals
ok 8 - Equals
ok 9 - Equals
ok 10 - Equals
ok 11 - Equals
ok 12 - Equals
ok 13 - Equals
ok 14 - Equals
ok 15 - Equals
ok 16 - Equals
ok 17 - Equals
ok 18 - Equals
ok 19 - Equals
ok 20 - Equals
ok 21 - Equals
ok 22 - Equals
ok 23 - Equals
ok 24 - Equals
ok 25 - Equals
ok 26 - Equals
ok 27 - Equals
ok 28 - Equals
</system-out>
    <testcase name="Equals (361)" classname="spec_perl_TestIntegersMinMax_t" time="0.000303983688354492" />
    <testcase name="Equals (362)" classname="spec_perl_TestIntegersMinMax_t" time="8.10623168945312e-05" />
    <testcase name="Equals (363)" classname="spec_perl_TestIntegersMinMax_t" time="0.000128030776977539" />
    <testcase name="Equals (364)" classname="spec_perl_TestIntegersMinMax_t" time="0.000123977661132812" />
    <testcase name="Equals (365)" classname="spec_perl_TestIntegersMinMax_t" time="0.000138998031616211" />
    <testcase name="Equals (366)" classname="spec_perl_TestIntegersMinMax_t" time="0.000120878219604492" />
    <testcase name="Equals (367)" classname="spec_perl_TestIntegersMinMax_t" time="0.000146150588989258" />
    <testcase name="Equals (368)" classname="spec_perl_TestIntegersMinMax_t" time="0.00014495849609375" />
    <testcase name="Equals (369)" classname="spec_perl_TestIntegersMinMax_t" time="0.000118017196655273" />
    <testcase name="Equals (370)" classname="spec_perl_TestIntegersMinMax_t" time="0.00014495849609375" />
    <testcase name="Equals (371)" classname="spec_perl_TestIntegersMinMax_t" time="0.000114917755126953" />
    <testcase name="Equals (372)" classname="spec_perl_TestIntegersMinMax_t" time="0.000127077102661133" />
    <testcase name="Equals (373)" classname="spec_perl_TestIntegersMinMax_t" time="0.00014495849609375" />
    <testcase name="Equals (374)" classname="spec_perl_TestIntegersMinMax_t" time="0.000128984451293945" />
    <testcase name="Equals (375)" classname="spec_perl_TestIntegersMinMax_t" time="0.000153064727783203" />
    <testcase name="Equals (376)" classname="spec_perl_TestIntegersMinMax_t" time="0.000123023986816406" />
    <testcase name="Equals (377)" classname="spec_perl_TestIntegersMinMax_t" time="0.000149011611938477" />
    <testcase name="Equals (378)" classname="spec_perl_TestIntegersMinMax_t" time="0.000117063522338867" />
    <testcase name="Equals (379)" classname="spec_perl_TestIntegersMinMax_t" time="0.000121831893920898" />
    <testcase name="Equals (380)" classname="spec_perl_TestIntegersMinMax_t" time="0.000142097473144531" />
    <testcase name="Equals (381)" classname="spec_perl_TestIntegersMinMax_t" time="0.000123023986816406" />
    <testcase name="Equals (382)" classname="spec_perl_TestIntegersMinMax_t" time="0.000152826309204102" />
    <testcase name="Equals (383)" classname="spec_perl_TestIntegersMinMax_t" time="0.000116109848022461" />
    <testcase name="Equals (384)" classname="spec_perl_TestIntegersMinMax_t" time="0.000143051147460938" />
    <testcase name="Equals (385)" classname="spec_perl_TestIntegersMinMax_t" time="0.000136852264404297" />
    <testcase name="Equals (386)" classname="spec_perl_TestIntegersMinMax_t" time="0.000152111053466797" />
    <testcase name="Equals (387)" classname="spec_perl_TestIntegersMinMax_t" time="0.000108003616333008" />
    <testcase name="Equals (388)" classname="spec_perl_TestIntegersMinMax_t" time="0.000143051147460938" />
  </testsuite>
  <testsuite name="spec_perl_TestIndexToParamEos_t" errors="0" failures="2" skipped="0" tests="7" time="0.0582649707794189">
    <system-out>1..7
ok 1 - Equals
ok 2 - Equals
ok 3 - Equals
ok 4 - Equals
ok 5 - Equals
not ok 6 - Equals
not ok 7 - Equals
</system-out>
    <testcase name="Equals (389)" classname="spec_perl_TestIndexToParamEos_t" time="0.00885200500488281" />
    <testcase name="Equals (390)" classname="spec_perl_TestIndexToParamEos_t" time="9.01222229003906e-05" />
    <testcase name="Equals (391)" classname="spec_perl_TestIndexToParamEos_t" time="4.79221343994141e-05" />
    <testcase name="Equals (392)" classname="spec_perl_TestIndexToParamEos_t" time="4.10079956054688e-05" />
    <testcase name="Equals (393)" classname="spec_perl_TestIndexToParamEos_t" time="3.91006469726562e-05" />
    <testcase name="Equals (394)" classname="spec_perl_TestIndexToParamEos_t" time="4.79221343994141e-05">
      <failure message="not ok 6 - Equals" type="TAP::Parser::Result::Test"></failure>
    </testcase>
    <testcase name="Equals (395)" classname="spec_perl_TestIndexToParamEos_t" time="6.19888305664062e-05">
      <failure message="not ok 7 - Equals" type="TAP::Parser::Result::Test"></failure>
    </testcase>
  </testsuite>
  <testsuite name="spec_perl_TestTypeTernaryOpaque_t" errors="0" failures="0" skipped="0" tests="3" time="0.0554690361022949">
    <system-out>1..3
ok 1 - Equals
ok 2 - Equals
ok 3 - Equals
</system-out>
    <testcase name="Equals (396)" classname="spec_perl_TestTypeTernaryOpaque_t" time="0.000550985336303711" />
    <testcase name="Equals (397)" classname="spec_perl_TestTypeTernaryOpaque_t" time="9.41753387451172e-05" />
    <testcase name="Equals (398)" classname="spec_perl_TestTypeTernaryOpaque_t" time="5.79357147216797e-05" />
  </testsuite>
  <testsuite name="spec_perl_TestDocstringsDocref_t" errors="0" failures="0" skipped="1" tests="1" time="0.0439159870147705">
    <system-out>1..1
ok 1 # skip DocstringsDocref=HASH(0x183a9b8)
</system-out>
    <testcase name="Unnamed test case 398" classname="spec_perl_TestDocstringsDocref_t" time="0.00124502182006836">
      <skipped message="ok 1 # skip DocstringsDocref=HASH(0x183a9b8)" />
    </testcase>
  </testsuite>
  <testsuite name="spec_perl_TestEnumIntRangeU_t" errors="0" failures="0" skipped="0" tests="2" time="0.0434479713439941">
    <system-out>1..2
ok 1 - Equals
ok 2 - Equals
</system-out>
    <testcase name="Equals (399)" classname="spec_perl_TestEnumIntRangeU_t" time="0.00018310546875" />
    <testcase name="Equals (400)" classname="spec_perl_TestEnumIntRangeU_t" time="0.000123977661132812" />
  </testsuite>
  <testsuite name="spec_perl_TestPositionAbs_t" errors="0" failures="0" skipped="0" tests="2" time="0.051508903503418">
    <system-out>1..2
ok 1 - Equals
ok 2 - Equals
</system-out>
    <testcase name="Equals (401)" classname="spec_perl_TestPositionAbs_t" time="0.000229835510253906" />
    <testcase name="Equals (402)" classname="spec_perl_TestPositionAbs_t" time="0.000193119049072266" />
  </testsuite>
  <testsuite name="spec_perl_TestInstanceStd_t" errors="0" failures="0" skipped="0" tests="1" time="0.0460100173950195">
    <system-out>1..1
ok 1 - Equals
</system-out>
    <testcase name="Equals (403)" classname="spec_perl_TestInstanceStd_t" time="0.000257015228271484" />
  </testsuite>
  <testsuite name="spec_perl_TestEnumImport_t" errors="0" failures="2" skipped="0" tests="2" time="0.0482301712036133">
    <system-out>1..2
not ok 1 - Equals
not ok 2 - Equals
</system-out>
    <testcase name="Equals (404)" classname="spec_perl_TestEnumImport_t" time="0.000127077102661133">
      <failure message="not ok 1 - Equals" type="TAP::Parser::Result::Test"></failure>
    </testcase>
    <testcase name="Equals (405)" classname="spec_perl_TestEnumImport_t" time="3.19480895996094e-05">
      <failure message="not ok 2 - Equals" type="TAP::Parser::Result::Test"></failure>
    </testcase>
  </testsuite>
  <testsuite name="spec_perl_TestSwitchManualEnumInvalid_t" errors="0" failures="0" skipped="0" tests="5" time="0.0464439392089844">
    <system-out>1..5
ok 1 - Equals
ok 2 - Equals
ok 3 - nil
ok 4 - Equals
ok 5 - nil
</system-out>
    <testcase name="Equals (406)" classname="spec_perl_TestSwitchManualEnumInvalid_t" time="0.000206947326660156" />
    <testcase name="Equals (407)" classname="spec_perl_TestSwitchManualEnumInvalid_t" time="7.39097595214844e-05" />
    <testcase name="nil (407)" classname="spec_perl_TestSwitchManualEnumInvalid_t" time="5.91278076171875e-05" />
    <testcase name="Equals (408)" classname="spec_perl_TestSwitchManualEnumInvalid_t" time="0.000159978866577148" />
    <testcase name="nil (408)" classname="spec_perl_TestSwitchManualEnumInvalid_t" time="7.39097595214844e-05" />
  </testsuite>
  <testsuite name="spec_perl_TestTypeTernary_t" errors="0" failures="0" skipped="0" tests="1" time="0.043018102645874">
    <system-out>1..1
ok 1 - Equals
</system-out>
    <testcase name="Equals (409)" classname="spec_perl_TestTypeTernary_t" time="0.000468015670776367" />
  </testsuite>
  <testsuite name="spec_perl_TestIfStruct_t" errors="0" failures="0" skipped="0" tests="7" time="0.0473189353942871">
    <system-out>1..7
ok 1 - Equals
ok 2 - Equals
ok 3 - Equals
ok 4 - Equals
ok 5 - Equals
ok 6 - Equals
ok 7 - Equals
</system-out>
    <testcase name="Equals (410)" classname="spec_perl_TestIfStruct_t" time="0.000370979309082031" />
    <testcase name="Equals (411)" classname="spec_perl_TestIfStruct_t" time="9.01222229003906e-05" />
    <testcase name="Equals (412)" classname="spec_perl_TestIfStruct_t" time="6.103515625e-05" />
    <testcase name="Equals (413)" classname="spec_perl_TestIfStruct_t" time="0.000146865844726562" />
    <testcase name="Equals (414)" classname="spec_perl_TestIfStruct_t" time="9.70363616943359e-05" />
    <testcase name="Equals (415)" classname="spec_perl_TestIfStruct_t" time="0.000159978866577148" />
    <testcase name="Equals (416)" classname="spec_perl_TestIfStruct_t" time="9.48905944824219e-05" />
  </testsuite>
  <testsuite name="spec_perl_TestEnumForUnknownId_t" errors="0" failures="0" skipped="0" tests="1" time="0.0430088043212891">
    <system-out>1..1
ok 1 - Equals
</system-out>
    <testcase name="Equals (417)" classname="spec_perl_TestEnumForUnknownId_t" time="0.000207901000976562" />
  </testsuite>
  <testsuite name="spec_perl_TestExprIntDiv_t" errors="0" failures="2" skipped="0" tests="6" time="0.0469958782196045">
    <system-out>1..6
ok 1 - Equals
ok 2 - Equals
ok 3 - Equals
not ok 4 - Equals
ok 5 - Equals
not ok 6 - Equals
</system-out>
    <testcase name="Equals (418)" classname="spec_perl_TestExprIntDiv_t" time="0.000214099884033203" />
    <testcase name="Equals (419)" classname="spec_perl_TestExprIntDiv_t" time="9.17911529541016e-05" />
    <testcase name="Equals (420)" classname="spec_perl_TestExprIntDiv_t" time="0.000144004821777344" />
    <testcase name="Equals (421)" classname="spec_perl_TestExprIntDiv_t" time="0.000188112258911133">
      <failure message="not ok 4 - Equals" type="TAP::Parser::Result::Test"></failure>
    </testcase>
    <testcase name="Equals (422)" classname="spec_perl_TestExprIntDiv_t" time="0.00136804580688477" />
    <testcase name="Equals (423)" classname="spec_perl_TestExprIntDiv_t" time="0.000299930572509766">
      <failure message="not ok 6 - Equals" type="TAP::Parser::Result::Test"></failure>
[...]
    <testcase name="Equals (811)" classname="spec_perl_TestNavParent3_t" time="0.000257015228271484" />
    <testcase name="Equals (812)" classname="spec_perl_TestNavParent3_t" time="8.08238983154297e-05" />
    <testcase name="Equals (813)" classname="spec_perl_TestNavParent3_t" time="0.000192165374755859" />
    <testcase name="Equals (814)" classname="spec_perl_TestNavParent3_t" time="0.000131845474243164" />
    <testcase name="Equals (815)" classname="spec_perl_TestNavParent3_t" time="0.000153064727783203" />
    <testcase name="Equals (816)" classname="spec_perl_TestNavParent3_t" time="0.000184059143066406" />
    <testcase name="Equals (817)" classname="spec_perl_TestNavParent3_t" time="0.000113010406494141" />
    <testcase name="Equals (818)" classname="spec_perl_TestNavParent3_t" time="0.000161886215209961" />
    <testcase name="Equals (819)" classname="spec_perl_TestNavParent3_t" time="0.000100135803222656" />
    <testcase name="Equals (820)" classname="spec_perl_TestNavParent3_t" time="0.000175952911376953" />
  </testsuite>
  <testsuite name="spec_perl_TestProcessCoerceUsertype2_t" errors="0" failures="0" skipped="0" tests="4" time="0.0450160503387451">
    <system-out>1..4
ok 1 - Equals
ok 2 - Equals
ok 3 - Equals
ok 4 - Equals
</system-out>
    <testcase name="Equals (821)" classname="spec_perl_TestProcessCoerceUsertype2_t" time="0.000573158264160156" />
    <testcase name="Equals (822)" classname="spec_perl_TestProcessCoerceUsertype2_t" time="0.000123023986816406" />
    <testcase name="Equals (823)" classname="spec_perl_TestProcessCoerceUsertype2_t" time="5.88893890380859e-05" />
    <testcase name="Equals (824)" classname="spec_perl_TestProcessCoerceUsertype2_t" time="9.70363616943359e-05" />
  </testsuite>
  <testsuite name="spec_perl_TestIfValues_t" errors="0" failures="0" skipped="0" tests="6" time="0.043781042098999">
    <system-out>1..6
ok 1 - Equals
ok 2 - Equals
ok 3 - Equals
ok 4 - nil
ok 5 - Equals
ok 6 - nil
</system-out>
    <testcase name="Equals (825)" classname="spec_perl_TestIfValues_t" time="0.000249147415161133" />
    <testcase name="Equals (826)" classname="spec_perl_TestIfValues_t" time="7.48634338378906e-05" />
    <testcase name="Equals (827)" classname="spec_perl_TestIfValues_t" time="0.000169992446899414" />
    <testcase name="nil (827)" classname="spec_perl_TestIfValues_t" time="6.91413879394531e-05" />
    <testcase name="Equals (828)" classname="spec_perl_TestIfValues_t" time="7.10487365722656e-05" />
    <testcase name="nil (828)" classname="spec_perl_TestIfValues_t" time="6.4849853515625e-05" />
  </testsuite>
  <testsuite name="spec_perl_TestExpr0_t" errors="0" failures="0" skipped="0" tests="2" time="0.0431637763977051">
    <system-out>1..2
ok 1 - Equals
ok 2 - Equals
</system-out>
    <testcase name="Equals (829)" classname="spec_perl_TestExpr0_t" time="0.000216960906982422" />
    <testcase name="Equals (830)" classname="spec_perl_TestExpr0_t" time="8.20159912109375e-05" />
  </testsuite>
  <testsuite name="spec_perl_TestYamlInts_t" errors="0" failures="0" skipped="0" tests="4" time="0.0434329509735107">
    <system-out>1..4
ok 1 - Equals
ok 2 - Equals
ok 3 - Equals
ok 4 - Equals
</system-out>
    <testcase name="Equals (831)" classname="spec_perl_TestYamlInts_t" time="0.000242948532104492" />
    <testcase name="Equals (832)" classname="spec_perl_TestYamlInts_t" time="0.000106096267700195" />
    <testcase name="Equals (833)" classname="spec_perl_TestYamlInts_t" time="0.000151872634887695" />
    <testcase name="Equals (834)" classname="spec_perl_TestYamlInts_t" time="0.000139951705932617" />
  </testsuite>
  <testsuite name="spec_perl_TestStrPadTerm_t" errors="0" failures="0" skipped="0" tests="4" time="0.0479769706726074">
    <system-out>1..4
ok 1 - Equals
ok 2 - Equals
ok 3 - Equals
ok 4 - Equals
</system-out>
    <testcase name="Equals (835)" classname="spec_perl_TestStrPadTerm_t" time="0.000326871871948242" />
    <testcase name="Equals (836)" classname="spec_perl_TestStrPadTerm_t" time="0.000120162963867188" />
    <testcase name="Equals (837)" classname="spec_perl_TestStrPadTerm_t" time="6.103515625e-05" />
    <testcase name="Equals (838)" classname="spec_perl_TestStrPadTerm_t" time="0.000154018402099609" />
  </testsuite>
  <testsuite name="spec_perl_TestParamsPassArrayStr_t" errors="0" failures="1" skipped="6" tests="7" time="0.0564169883728027">
    <system-out>1..7
not ok 1 - test_params_pass_array_str died (Can't use an undefined value as an ARRAY reference at spec/perl/TestParamsPassArrayStr.t line 15.)
ok 2 # skip test_params_pass_array_str died
ok 3 # skip test_params_pass_array_str died
ok 4 # skip test_params_pass_array_str died
ok 5 # skip test_params_pass_array_str died
ok 6 # skip test_params_pass_array_str died
ok 7 # skip test_params_pass_array_str died
</system-out>
    <testcase name="test_params_pass_array_str died (Can't use an undefined value as an ARRAY reference at spec/perl/TestParamsPassArrayStr.t line 15.) (838)" classname="spec_perl_TestParamsPassArrayStr_t" time="0.00103306770324707">
      <failure message="not ok 1 - test_params_pass_array_str died (Can't use an undefined value as an ARRAY reference at spec/perl/TestParamsPassArrayStr.t line 15.)" type="TAP::Parser::Result::Test"></failure>
    </testcase>
    <testcase name="Unnamed test case 838" classname="spec_perl_TestParamsPassArrayStr_t" time="0.00114083290100098">
      <skipped message="ok 2 # skip test_params_pass_array_str died" />
    </testcase>
    <testcase name="Unnamed test case 839" classname="spec_perl_TestParamsPassArrayStr_t" time="0.000358104705810547">
      <skipped message="ok 3 # skip test_params_pass_array_str died" />
    </testcase>
    <testcase name="Unnamed test case 840" classname="spec_perl_TestParamsPassArrayStr_t" time="0.000384092330932617">
      <skipped message="ok 4 # skip test_params_pass_array_str died" />
    </testcase>
    <testcase name="Unnamed test case 841" classname="spec_perl_TestParamsPassArrayStr_t" time="0.000404834747314453">
      <skipped message="ok 5 # skip test_params_pass_array_str died" />
    </testcase>
    <testcase name="Unnamed test case 842" classname="spec_perl_TestParamsPassArrayStr_t" time="0.00035405158996582">
      <skipped message="ok 6 # skip test_params_pass_array_str died" />
    </testcase>
    <testcase name="Unnamed test case 843" classname="spec_perl_TestParamsPassArrayStr_t" time="0.000360965728759766">
      <skipped message="ok 7 # skip test_params_pass_array_str died" />
    </testcase>
  </testsuite>
  <testsuite name="spec_perl_TestSwitchIntegers2_t" errors="0" failures="0" skipped="0" tests="5" time="0.0443358421325684">
    <system-out>1..5
ok 1 - Equals
ok 2 - Equals
ok 3 - Equals
ok 4 - Equals
ok 5 - Equals
</system-out>
    <testcase name="Equals (843)" classname="spec_perl_TestSwitchIntegers2_t" time="0.000229120254516602" />
    <testcase name="Equals (844)" classname="spec_perl_TestSwitchIntegers2_t" time="7.89165496826172e-05" />
    <testcase name="Equals (845)" classname="spec_perl_TestSwitchIntegers2_t" time="0.000140905380249023" />
    <testcase name="Equals (846)" classname="spec_perl_TestSwitchIntegers2_t" time="0.000127077102661133" />
    <testcase name="Equals (847)" classname="spec_perl_TestSwitchIntegers2_t" time="0.000133991241455078" />
  </testsuite>
  <testsuite name="spec_perl_TestCombineBool_t" errors="0" failures="0" skipped="0" tests="2" time="0.0434880256652832">
    <system-out>1..2
ok 1 - Equals
ok 2 - Equals
</system-out>
    <testcase name="Equals (848)" classname="spec_perl_TestCombineBool_t" time="0.000246047973632812" />
    <testcase name="Equals (849)" classname="spec_perl_TestCombineBool_t" time="7.39097595214844e-05" />
  </testsuite>
  <testsuite name="spec_perl_TestRepeatUntilS4_t" errors="0" failures="0" skipped="0" tests="2" time="0.0469489097595215">
    <system-out>1..2
ok 1 - Equals
ok 2 - Equals
</system-out>
    <testcase name="Equals (850)" classname="spec_perl_TestRepeatUntilS4_t" time="0.000275850296020508" />
    <testcase name="Equals (851)" classname="spec_perl_TestRepeatUntilS4_t" time="8.0108642578125e-05" />
  </testsuite>
  <testsuite name="spec_perl_TestExpr3_t" errors="0" failures="0" skipped="0" tests="12" time="0.0487208366394043">
    <system-out>1..12
ok 1 - Equals
ok 2 - Equals
ok 3 - Equals
ok 4 - Equals
ok 5 - Equals
ok 6 - Equals
ok 7 - Equals
ok 8 - Equals
ok 9 - Equals
ok 10 - Equals
ok 11 - Equals
ok 12 - Equals
</system-out>
    <testcase name="Equals (852)" classname="spec_perl_TestExpr3_t" time="0.000276088714599609" />
    <testcase name="Equals (853)" classname="spec_perl_TestExpr3_t" time="7.98702239990234e-05" />
    <testcase name="Equals (854)" classname="spec_perl_TestExpr3_t" time="9.10758972167969e-05" />
    <testcase name="Equals (855)" classname="spec_perl_TestExpr3_t" time="0.000158071517944336" />
    <testcase name="Equals (856)" classname="spec_perl_TestExpr3_t" time="0.000108957290649414" />
    <testcase name="Equals (857)" classname="spec_perl_TestExpr3_t" time="0.000145912170410156" />
    <testcase name="Equals (858)" classname="spec_perl_TestExpr3_t" time="0.000113010406494141" />
    <testcase name="Equals (859)" classname="spec_perl_TestExpr3_t" time="0.000144004821777344" />
    <testcase name="Equals (860)" classname="spec_perl_TestExpr3_t" time="0.000128030776977539" />
    <testcase name="Equals (861)" classname="spec_perl_TestExpr3_t" time="0.000123023986816406" />
    <testcase name="Equals (862)" classname="spec_perl_TestExpr3_t" time="0.000150918960571289" />
    <testcase name="Equals (863)" classname="spec_perl_TestExpr3_t" time="0.000124216079711914" />
  </testsuite>
  <testsuite name="spec_perl_TestNavParentFalse2_t" errors="0" failures="0" skipped="0" tests="1" time="0.0432240962982178">
    <system-out>1..1
ok 1 - Equals
</system-out>
    <testcase name="Equals (864)" classname="spec_perl_TestNavParentFalse2_t" time="0.000241994857788086" />
  </testsuite>
  <testsuite name="spec_perl_TestProcessXorConst_t" errors="0" failures="0" skipped="0" tests="2" time="0.0428488254547119">
    <system-out>1..2
ok 1 - Equals
ok 2 - Equals
</system-out>
    <testcase name="Equals (865)" classname="spec_perl_TestProcessXorConst_t" time="0.000235795974731445" />
    <testcase name="Equals (866)" classname="spec_perl_TestProcessXorConst_t" time="7.82012939453125e-05" />
  </testsuite>
  <testsuite name="spec_perl_TestProcessCoerceSwitch_t" errors="0" failures="0" skipped="0" tests="3" time="0.0448570251464844">
    <system-out>1..3
ok 1 - Equals
ok 2 - Equals
ok 3 - Equals
</system-out>
    <testcase name="Equals (867)" classname="spec_perl_TestProcessCoerceSwitch_t" time="0.000503063201904297" />
    <testcase name="Equals (868)" classname="spec_perl_TestProcessCoerceSwitch_t" time="9.29832458496094e-05" />
    <testcase name="Equals (869)" classname="spec_perl_TestProcessCoerceSwitch_t" time="5.50746917724609e-05" />
  </testsuite>
  <testsuite name="spec_perl_TestExprIoEof_t" errors="0" failures="0" skipped="0" tests="4" time="0.0439269542694092">
    <system-out>1..4
ok 1 - Equals
ok 2 - nil
ok 3 - Equals
ok 4 - Equals
</system-out>
    <testcase name="Equals (870)" classname="spec_perl_TestExprIoEof_t" time="0.000499963760375977" />
    <testcase name="nil (870)" classname="spec_perl_TestExprIoEof_t" time="9.29832458496094e-05" />
    <testcase name="Equals (871)" classname="spec_perl_TestExprIoEof_t" time="4.72068786621094e-05" />
    <testcase name="Equals (872)" classname="spec_perl_TestExprIoEof_t" time="5.57899475097656e-05" />
  </testsuite>
  <testsuite name="spec_perl_TestProcessRepeatUsertype_t" errors="0" failures="0" skipped="0" tests="4" time="0.0442249774932861">
    <system-out>1..4
ok 1 - Equals
ok 2 - Equals
ok 3 - Equals
ok 4 - Equals
</system-out>
    <testcase name="Equals (873)" classname="spec_perl_TestProcessRepeatUsertype_t" time="0.000547885894775391" />
    <testcase name="Equals (874)" classname="spec_perl_TestProcessRepeatUsertype_t" time="0.000103950500488281" />
    <testcase name="Equals (875)" classname="spec_perl_TestProcessRepeatUsertype_t" time="5.91278076171875e-05" />
    <testcase name="Equals (876)" classname="spec_perl_TestProcessRepeatUsertype_t" time="0.000138998031616211" />
  </testsuite>
  <testsuite name="spec_perl_TestSwitchIntegers_t" errors="0" failures="0" skipped="0" tests="9" time="0.0443859100341797">
    <system-out>1..9
ok 1 - Equals
ok 2 - Equals
ok 3 - Equals
ok 4 - Equals
ok 5 - Equals
ok 6 - Equals
ok 7 - Equals
ok 8 - Equals
ok 9 - Equals
</system-out>
    <testcase name="Equals (877)" classname="spec_perl_TestSwitchIntegers_t" time="0.000271081924438477" />
    <testcase name="Equals (878)" classname="spec_perl_TestSwitchIntegers_t" time="8.17775726318359e-05" />
    <testcase name="Equals (879)" classname="spec_perl_TestSwitchIntegers_t" time="0.000129222869873047" />
    <testcase name="Equals (880)" classname="spec_perl_TestSwitchIntegers_t" time="0.000112771987915039" />
    <testcase name="Equals (881)" classname="spec_perl_TestSwitchIntegers_t" time="0.000147104263305664" />
    <testcase name="Equals (882)" classname="spec_perl_TestSwitchIntegers_t" time="0.000262022018432617" />
    <testcase name="Equals (883)" classname="spec_perl_TestSwitchIntegers_t" time="0.000211000442504883" />
    <testcase name="Equals (884)" classname="spec_perl_TestSwitchIntegers_t" time="0.000133991241455078" />
    <testcase name="Equals (885)" classname="spec_perl_TestSwitchIntegers_t" time="0.000171899795532227" />
  </testsuite>
  <testsuite name="spec_perl_TestParamsPassArrayInt_t" errors="0" failures="1" skipped="6" tests="7" time="0.0566780567169189">
    <system-out>1..7
not ok 1 - test_params_pass_array_int died (Can't use an undefined value as an ARRAY reference at spec/perl/TestParamsPassArrayInt.t line 15.)
ok 2 # skip test_params_pass_array_int died
ok 3 # skip test_params_pass_array_int died
ok 4 # skip test_params_pass_array_int died
ok 5 # skip test_params_pass_array_int died
ok 6 # skip test_params_pass_array_int died
ok 7 # skip test_params_pass_array_int died
</system-out>
    <testcase name="test_params_pass_array_int died (Can't use an undefined value as an ARRAY reference at spec/perl/TestParamsPassArrayInt.t line 15.) (885)" classname="spec_perl_TestParamsPassArrayInt_t" time="0.000987052917480469">
      <failure message="not ok 1 - test_params_pass_array_int died (Can't use an undefined value as an ARRAY reference at spec/perl/TestParamsPassArrayInt.t line 15.)" type="TAP::Parser::Result::Test"></failure>
    </testcase>
    <testcase name="Unnamed test case 885" classname="spec_perl_TestParamsPassArrayInt_t" time="0.00105595588684082">
      <skipped message="ok 2 # skip test_params_pass_array_int died" />
    </testcase>
    <testcase name="Unnamed test case 886" classname="spec_perl_TestParamsPassArrayInt_t" time="0.000365018844604492">
      <skipped message="ok 3 # skip test_params_pass_array_int died" />
    </testcase>
    <testcase name="Unnamed test case 887" classname="spec_perl_TestParamsPassArrayInt_t" time="0.000375032424926758">
      <skipped message="ok 4 # skip test_params_pass_array_int died" />
    </testcase>
    <testcase name="Unnamed test case 888" classname="spec_perl_TestParamsPassArrayInt_t" time="0.000335931777954102">
      <skipped message="ok 5 # skip test_params_pass_array_int died" />
    </testcase>
    <testcase name="Unnamed test case 889" classname="spec_perl_TestParamsPassArrayInt_t" time="0.000356197357177734">
      <skipped message="ok 6 # skip test_params_pass_array_int died" />
    </testcase>
    <testcase name="Unnamed test case 890" classname="spec_perl_TestParamsPassArrayInt_t" time="0.000407934188842773">
      <skipped message="ok 7 # skip test_params_pass_array_int died" />
    </testcase>
  </testsuite>
  <testsuite name="spec_perl_TestValidSwitch_t" errors="0" failures="0" skipped="1" tests="1" time="0.0433979034423828">
    <system-out>1..1
ok 1 # skip ValidSwitch=HASH(0x20964a0)
</system-out>
    <testcase name="Unnamed test case 891" classname="spec_perl_TestValidSwitch_t" time="0.00124692916870117">
      <skipped message="ok 1 # skip ValidSwitch=HASH(0x20964a0)" />
    </testcase>
  </testsuite>
  <testsuite name="spec_perl_TestExpr1_t" errors="0" failures="0" skipped="0" tests="4" time="0.0464529991149902">
    <system-out>1..4
ok 1 - Equals
ok 2 - Equals
ok 3 - Equals
ok 4 - Equals
</system-out>
    <testcase name="Equals (891)" classname="spec_perl_TestExpr1_t" time="0.000272989273071289" />
    <testcase name="Equals (892)" classname="spec_perl_TestExpr1_t" time="8.20159912109375e-05" />
    <testcase name="Equals (893)" classname="spec_perl_TestExpr1_t" time="7.29560852050781e-05" />
    <testcase name="Equals (894)" classname="spec_perl_TestExpr1_t" time="0.00014805793762207" />
  </testsuite>
  <testsuite name="spec_perl_TestIntegers_t" errors="0" failures="0" skipped="0" tests="20" time="0.0456860065460205">
    <system-out>1..20
ok 1 - Equals
ok 2 - Equals
ok 3 - Equals
ok 4 - Equals
ok 5 - Equals
ok 6 - Equals
ok 7 - Equals
ok 8 - Equals
ok 9 - Equals
ok 10 - Equals
ok 11 - Equals
ok 12 - Equals
ok 13 - Equals
ok 14 - Equals
ok 15 - Equals
ok 16 - Equals
ok 17 - Equals
ok 18 - Equals
ok 19 - Equals
ok 20 - Equals
</system-out>
    <testcase name="Equals (895)" classname="spec_perl_TestIntegers_t" time="0.000278949737548828" />
    <testcase name="Equals (896)" classname="spec_perl_TestIntegers_t" time="7.98702239990234e-05" />
    <testcase name="Equals (897)" classname="spec_perl_TestIntegers_t" time="0.000126123428344727" />
    <testcase name="Equals (898)" classname="spec_perl_TestIntegers_t" time="0.000129938125610352" />
    <testcase name="Equals (899)" classname="spec_perl_TestIntegers_t" time="0.000146150588989258" />
    <testcase name="Equals (900)" classname="spec_perl_TestIntegers_t" time="0.000101804733276367" />
    <testcase name="Equals (901)" classname="spec_perl_TestIntegers_t" time="0.000127077102661133" />
    <testcase name="Equals (902)" classname="spec_perl_TestIntegers_t" time="0.000116109848022461" />
    <testcase name="Equals (903)" classname="spec_perl_TestIntegers_t" time="0.000125885009765625" />
    <testcase name="Equals (904)" classname="spec_perl_TestIntegers_t" time="0.0001220703125" />
    <testcase name="Equals (905)" classname="spec_perl_TestIntegers_t" time="0.000120878219604492" />
    <testcase name="Equals (906)" classname="spec_perl_TestIntegers_t" time="0.00011897087097168" />
    <testcase name="Equals (907)" classname="spec_perl_TestIntegers_t" time="0.000128984451293945" />
    <testcase name="Equals (908)" classname="spec_perl_TestIntegers_t" time="0.000119209289550781" />
    <testcase name="Equals (909)" classname="spec_perl_TestIntegers_t" time="0.000116825103759766" />
    <testcase name="Equals (910)" classname="spec_perl_TestIntegers_t" time="0.00014805793762207" />
    <testcase name="Equals (911)" classname="spec_perl_TestIntegers_t" time="0.000117063522338867" />
    <testcase name="Equals (912)" classname="spec_perl_TestIntegers_t" time="0.000150918960571289" />
    <testcase name="Equals (913)" classname="spec_perl_TestIntegers_t" time="0.000105142593383789" />
    <testcase name="Equals (914)" classname="spec_perl_TestIntegers_t" time="0.00011897087097168" />
  </testsuite>
  <testsuite name="spec_perl_TestEofExceptionBytes_t" errors="0" failures="0" skipped="0" tests="1" time="0.0543808937072754">
    <system-out>1..1
ok 1 - Died
</system-out>
    <testcase name="Died (914)" classname="spec_perl_TestEofExceptionBytes_t" time="0.000197887420654297" />
  </testsuite>
  <testsuite name="spec_perl_TestExprSizeofType0_t" errors="0" failures="0" skipped="0" tests="1" time="0.0491600036621094">
    <system-out>1..1
ok 1 - Equals
</system-out>
    <testcase name="Equals (915)" classname="spec_perl_TestExprSizeofType0_t" time="0.000174999237060547" />
  </testsuite>
</testsuites>
