<?xml version='1.0' encoding='utf-8'?>
<testsuites>
  <testsuite name="spec_perl_TestExpr0_t" errors="0" failures="0" skipped="0" tests="2" time="0.0439038276672363">
    <system-out>1..2
ok 1 - Equals
ok 2 - Equals
</system-out>
    <testcase name="Equals" classname="spec_perl_TestExpr0_t" time="0.0002899169921875" />
    <testcase name="Equals (2)" classname="spec_perl_TestExpr0_t" time="8.20159912109375e-05" />
  </testsuite>
  <testsuite name="spec_perl_TestStrLiterals_t" errors="0" failures="0" skipped="0" tests="5" time="0.0443611145019531">
    <system-out>1..5
ok 1 - Equals
ok 2 - Equals
ok 3 - Equals
ok 4 - Equals
ok 5 - Equals
</system-out>
    <testcase name="Equals (3)" classname="spec_perl_TestStrLiterals_t" time="0.000308036804199219" />
    <testcase name="Equals (4)" classname="spec_perl_TestStrLiterals_t" time="9.17911529541016e-05" />
    <testcase name="Equals (5)" classname="spec_perl_TestStrLiterals_t" time="0.000133037567138672" />
    <testcase name="Equals (6)" classname="spec_perl_TestStrLiterals_t" time="0.000146150588989258" />
    <testcase name="Equals (7)" classname="spec_perl_TestStrLiterals_t" time="0.000164031982421875" />
  </testsuite>
  <testsuite name="spec_perl_TestFixedContents_t" errors="1" failures="0" skipped="0" tests="0" time="0.0518498420715332">
    <system-out></system-out>
    <testcase name="Test died too soon, even before plan. (7)" classname="spec_perl_TestFixedContents_t" time="0.0518498420715332">
      <failure message="The test suite died before a plan was produced. You need to have a plan." type="Plan">No plan</failure>
    </testcase>
  </testsuite>
  <testsuite name="spec_perl_TestZlibWithHeader78_t" errors="0" failures="0" skipped="0" tests="1" time="0.0646429061889648">
    <system-out>1..1
ok 1 - Equals
</system-out>
    <testcase name="Equals (8)" classname="spec_perl_TestZlibWithHeader78_t" time="0.000362157821655273" />
  </testsuite>
  <testsuite name="spec_perl_TestProcessRepeatBytes_t" errors="0" failures="0" skipped="0" tests="2" time="0.049436092376709">
    <system-out>1..2
ok 1 - Equals
ok 2 - Equals
</system-out>
    <testcase name="Equals (9)" classname="spec_perl_TestProcessRepeatBytes_t" time="0.00025486946105957" />
    <testcase name="Equals (10)" classname="spec_perl_TestProcessRepeatBytes_t" time="9.20295715332031e-05" />
  </testsuite>
  <testsuite name="spec_perl_TestFloatingPoints_t" errors="0" failures="0" skipped="0" tests="8" time="0.047698974609375">
    <system-out>1..8
ok 1 - Approx equals
ok 2 - Approx equals
ok 3 - Approx equals
ok 4 - Approx equals
ok 5 - Approx equals
ok 6 - Approx equals
ok 7 - Approx equals
ok 8 - Approx equals
</system-out>
    <testcase name="Approx equals (10)" classname="spec_perl_TestFloatingPoints_t" time="0.000177860260009766" />
    <testcase name="Approx equals (11)" classname="spec_perl_TestFloatingPoints_t" time="7.00950622558594e-05" />
    <testcase name="Approx equals (12)" classname="spec_perl_TestFloatingPoints_t" time="4.60147857666016e-05" />
    <testcase name="Approx equals (13)" classname="spec_perl_TestFloatingPoints_t" time="4.29153442382812e-05" />
    <testcase name="Approx equals (14)" classname="spec_perl_TestFloatingPoints_t" time="5.50746917724609e-05" />
    <testcase name="Approx equals (15)" classname="spec_perl_TestFloatingPoints_t" time="4.00543212890625e-05" />
    <testcase name="Approx equals (16)" classname="spec_perl_TestFloatingPoints_t" time="3.79085540771484e-05" />
    <testcase name="Approx equals (17)" classname="spec_perl_TestFloatingPoints_t" time="5.60283660888672e-05" />
  </testsuite>
  <testsuite name="spec_perl_TestRepeatUntilComplex_t" errors="0" failures="0" skipped="0" tests="17" time="0.048123836517334">
    <system-out>1..17
ok 1 - Equals
ok 2 - Equals
ok 3 - Equals
ok 4 - Equals
ok 5 - Equals
ok 6 - Equals
ok 7 - Equals
ok 8 - Equals
ok 9 - Equals
ok 10 - Equals
ok 11 - Equals
ok 12 - Equals
ok 13 - Equals
ok 14 - Equals
ok 15 - Equals
ok 16 - Equals
ok 17 - Equals
</system-out>
    <testcase name="Equals (17)" classname="spec_perl_TestRepeatUntilComplex_t" time="0.000370025634765625" />
    <testcase name="Equals (18)" classname="spec_perl_TestRepeatUntilComplex_t" time="9.08374786376953e-05" />
    <testcase name="Equals (19)" classname="spec_perl_TestRepeatUntilComplex_t" time="0.000133991241455078" />
    <testcase name="Equals (20)" classname="spec_perl_TestRepeatUntilComplex_t" time="0.000137090682983398" />
    <testcase name="Equals (21)" classname="spec_perl_TestRepeatUntilComplex_t" time="0.000149965286254883" />
    <testcase name="Equals (22)" classname="spec_perl_TestRepeatUntilComplex_t" time="0.000144004821777344" />
    <testcase name="Equals (23)" classname="spec_perl_TestRepeatUntilComplex_t" time="0.000113964080810547" />
    <testcase name="Equals (24)" classname="spec_perl_TestRepeatUntilComplex_t" time="0.00014495849609375" />
    <testcase name="Equals (25)" classname="spec_perl_TestRepeatUntilComplex_t" time="0.000137090682983398" />
    <testcase name="Equals (26)" classname="spec_perl_TestRepeatUntilComplex_t" time="0.000152111053466797" />
    <testcase name="Equals (27)" classname="spec_perl_TestRepeatUntilComplex_t" time="0.000123023986816406" />
    <testcase name="Equals (28)" classname="spec_perl_TestRepeatUntilComplex_t" time="0.000147819519042969" />
    <testcase name="Equals (29)" classname="spec_perl_TestRepeatUntilComplex_t" time="0.000149965286254883" />
    <testcase name="Equals (30)" classname="spec_perl_TestRepeatUntilComplex_t" time="0.000130176544189453" />
    <testcase name="Equals (31)" classname="spec_perl_TestRepeatUntilComplex_t" time="0.000128984451293945" />
    <testcase name="Equals (32)" classname="spec_perl_TestRepeatUntilComplex_t" time="7.70092010498047e-05" />
    <testcase name="Equals (33)" classname="spec_perl_TestRepeatUntilComplex_t" time="0.000151872634887695" />
  </testsuite>
  <testsuite name="spec_perl_TestSwitchManualInt_t" errors="0" failures="0" skipped="0" tests="9" time="0.0474660396575928">
    <system-out>1..9
ok 1 - Equals
ok 2 - Equals
ok 3 - Equals
ok 4 - Equals
ok 5 - Equals
ok 6 - Equals
ok 7 - Equals
ok 8 - Equals
ok 9 - Equals
</system-out>
    <testcase name="Equals (34)" classname="spec_perl_TestSwitchManualInt_t" time="0.00032496452331543" />
    <testcase name="Equals (35)" classname="spec_perl_TestSwitchManualInt_t" time="9.51290130615234e-05" />
    <testcase name="Equals (36)" classname="spec_perl_TestSwitchManualInt_t" time="5.98430633544922e-05" />
    <testcase name="Equals (37)" classname="spec_perl_TestSwitchManualInt_t" time="0.000154972076416016" />
    <testcase name="Equals (38)" classname="spec_perl_TestSwitchManualInt_t" time="0.00011897087097168" />
    <testcase name="Equals (39)" classname="spec_perl_TestSwitchManualInt_t" time="0.000133037567138672" />
    <testcase name="Equals (40)" classname="spec_perl_TestSwitchManualInt_t" time="0.000133037567138672" />
    <testcase name="Equals (41)" classname="spec_perl_TestSwitchManualInt_t" time="0.000153064727783203" />
    <testcase name="Equals (42)" classname="spec_perl_TestSwitchManualInt_t" time="0.000119924545288086" />
  </testsuite>
  <testsuite name="spec_perl_TestPositionAbs_t" errors="0" failures="0" skipped="0" tests="2" time="0.0484530925750732">
    <system-out>1..2
ok 1 - Equals
ok 2 - Equals
</system-out>
    <testcase name="Equals (43)" classname="spec_perl_TestPositionAbs_t" time="0.000258207321166992" />
    <testcase name="Equals (44)" classname="spec_perl_TestPositionAbs_t" time="0.000182867050170898" />
  </testsuite>
  <testsuite name="spec_perl_TestNavRoot_t" errors="0" failures="0" skipped="0" tests="5" time="0.0478038787841797">
    <system-out>1..5
ok 1 - Equals
ok 2 - Equals
ok 3 - Equals
ok 4 - Equals
ok 5 - Equals
</system-out>
    <testcase name="Equals (45)" classname="spec_perl_TestNavRoot_t" time="0.000358104705810547" />
    <testcase name="Equals (46)" classname="spec_perl_TestNavRoot_t" time="8.79764556884766e-05" />
    <testcase name="Equals (47)" classname="spec_perl_TestNavRoot_t" time="8.48770141601562e-05" />
    <testcase name="Equals (48)" classname="spec_perl_TestNavRoot_t" time="0.000158071517944336" />
    <testcase name="Equals (49)" classname="spec_perl_TestNavRoot_t" time="0.000123023986816406" />
  </testsuite>
  <testsuite name="spec_perl_TestExprBytesOps_t" errors="1" failures="0" skipped="0" tests="0" time="0.043910026550293">
    <system-out></system-out>
    <testcase name="Test died too soon, even before plan. (49)" classname="spec_perl_TestExprBytesOps_t" time="0.043910026550293">
      <failure message="The test suite died before a plan was produced. You need to have a plan." type="Plan">No plan</failure>
    </testcase>
  </testsuite>
  <testsuite name="spec_perl_TestPositionInSeq_t" errors="0" failures="0" skipped="0" tests="1" time="0.0445971488952637">
    <system-out>1..1
ok 1 - Equals
</system-out>
    <testcase name="Equals (50)" classname="spec_perl_TestPositionInSeq_t" time="0.000248908996582031" />
  </testsuite>
  <testsuite name="spec_perl_TestFloatToI_t" errors="0" failures="0" skipped="0" tests="8" time="0.0448050498962402">
    <system-out>1..8
ok 1 - Equals
ok 2 - Equals
ok 3 - Equals
ok 4 - Equals
ok 5 - Equals
ok 6 - Equals
ok 7 - Equals
ok 8 - Equals
</system-out>
    <testcase name="Equals (51)" classname="spec_perl_TestFloatToI_t" time="0.000247001647949219" />
    <testcase name="Equals (52)" classname="spec_perl_TestFloatToI_t" time="7.98702239990234e-05" />
    <testcase name="Equals (53)" classname="spec_perl_TestFloatToI_t" time="0.00014805793762207" />
    <testcase name="Equals (54)" classname="spec_perl_TestFloatToI_t" time="0.000123023986816406" />
    <testcase name="Equals (55)" classname="spec_perl_TestFloatToI_t" time="0.000134944915771484" />
    <testcase name="Equals (56)" classname="spec_perl_TestFloatToI_t" time="0.000123977661132812" />
    <testcase name="Equals (57)" classname="spec_perl_TestFloatToI_t" time="0.00014495849609375" />
    <testcase name="Equals (58)" classname="spec_perl_TestFloatToI_t" time="0.000123977661132812" />
  </testsuite>
  <testsuite name="spec_perl_TestFixedStruct_t" errors="1" failures="0" skipped="0" tests="0" time="0.0514450073242188">
    <system-out></system-out>
    <testcase name="Test died too soon, even before plan. (58)" classname="spec_perl_TestFixedStruct_t" time="0.0514450073242188">
      <failure message="The test suite died before a plan was produced. You need to have a plan." type="Plan">No plan</failure>
    </testcase>
  </testsuite>
  <testsuite name="spec_perl_TestEofExceptionBytes_t" errors="0" failures="0" skipped="0" tests="1" time="0.0463581085205078">
    <system-out>1..1
ok 1 - Died
</system-out>
    <testcase name="Died (58)" classname="spec_perl_TestEofExceptionBytes_t" time="0.000168085098266602" />
  </testsuite>
  <testsuite name="spec_perl_TestIfStruct_t" errors="0" failures="0" skipped="0" tests="7" time="0.0478479862213135">
    <system-out>1..7
ok 1 - Equals
ok 2 - Equals
ok 3 - Equals
ok 4 - Equals
ok 5 - Equals
ok 6 - Equals
ok 7 - Equals
</system-out>
    <testcase name="Equals (59)" classname="spec_perl_TestIfStruct_t" time="0.000401973724365234" />
    <testcase name="Equals (60)" classname="spec_perl_TestIfStruct_t" time="0.000111103057861328" />
    <testcase name="Equals (61)" classname="spec_perl_TestIfStruct_t" time="5.88893890380859e-05" />
    <testcase name="Equals (62)" classname="spec_perl_TestIfStruct_t" time="0.000144004821777344" />
    <testcase name="Equals (63)" classname="spec_perl_TestIfStruct_t" time="0.000123023986816406" />
    <testcase name="Equals (64)" classname="spec_perl_TestIfStruct_t" time="0.000134944915771484" />
    <testcase name="Equals (65)" classname="spec_perl_TestIfStruct_t" time="0.000145912170410156" />
  </testsuite>
  <testsuite name="spec_perl_TestOpaqueExternalType_t" errors="0" failures="0" skipped="0" tests="3" time="0.0473201274871826">
    <system-out>1..3
ok 1 - Equals
ok 2 - Equals
ok 3 - Equals
</system-out>
    <testcase name="Equals (66)" classname="spec_perl_TestOpaqueExternalType_t" time="0.000322103500366211" />
    <testcase name="Equals (67)" classname="spec_perl_TestOpaqueExternalType_t" time="8.392333984375e-05" />
    <testcase name="Equals (68)" classname="spec_perl_TestOpaqueExternalType_t" time="8.20159912109375e-05" />
  </testsuite>
  <testsuite name="spec_perl_TestNavParent_t" errors="0" failures="0" skipped="0" tests="5" time="0.0480720996856689">
    <system-out>1..5
ok 1 - Equals
ok 2 - Equals
ok 3 - Equals
ok 4 - Equals
ok 5 - Equals
</system-out>
    <testcase name="Equals (69)" classname="spec_perl_TestNavParent_t" time="0.000406980514526367" />
    <testcase name="Equals (70)" classname="spec_perl_TestNavParent_t" time="8.98838043212891e-05" />
    <testcase name="Equals (71)" classname="spec_perl_TestNavParent_t" time="5.91278076171875e-05" />
    <testcase name="Equals (72)" classname="spec_perl_TestNavParent_t" time="0.000138044357299805" />
    <testcase name="Equals (73)" classname="spec_perl_TestNavParent_t" time="0.00011897087097168" />
  </testsuite>
  <testsuite name="spec_perl_TestInstanceUserArray_t" errors="0" failures="0" skipped="0" tests="10" time="0.0450458526611328">
    <system-out>1..10
ok 1 - Equals
ok 2 - Equals
ok 3 - Equals
ok 4 - Equals
ok 5 - Equals
ok 6 - Equals
ok 7 - Equals
ok 8 - Equals
ok 9 - Equals
ok 10 - Equals
</system-out>
    <testcase name="Equals (74)" classname="spec_perl_TestInstanceUserArray_t" time="0.000229835510253906" />
    <testcase name="Equals (75)" classname="spec_perl_TestInstanceUserArray_t" time="9.70363616943359e-05" />
    <testcase name="Equals (76)" classname="spec_perl_TestInstanceUserArray_t" time="0.000111103057861328" />
    <testcase name="Equals (77)" classname="spec_perl_TestInstanceUserArray_t" time="0.000526905059814453" />
    <testcase name="Equals (78)" classname="spec_perl_TestInstanceUserArray_t" time="7.70092010498047e-05" />
    <testcase name="Equals (79)" classname="spec_perl_TestInstanceUserArray_t" time="0.00011897087097168" />
    <testcase name="Equals (80)" classname="spec_perl_TestInstanceUserArray_t" time="0.000133037567138672" />
    <testcase name="Equals (81)" classname="spec_perl_TestInstanceUserArray_t" time="0.000123023986816406" />
    <testcase name="Equals (82)" classname="spec_perl_TestInstanceUserArray_t" time="0.000145912170410156" />
    <testcase name="Equals (83)" classname="spec_perl_TestInstanceUserArray_t" time="0.000108003616333008" />
  </testsuite>
  <testsuite name="spec_perl_TestNestedSameName_t" errors="0" failures="0" skipped="0" tests="2" time="0.0443120002746582">
    <system-out>1..2
ok 1 - Equals
ok 2 - Equals
</system-out>
    <testcase name="Equals (84)" classname="spec_perl_TestNestedSameName_t" time="0.000272989273071289" />
    <testcase name="Equals (85)" classname="spec_perl_TestNestedSameName_t" time="8.41617584228516e-05" />
  </testsuite>
  <testsuite name="spec_perl_TestCombineBool_t" errors="0" failures="0" skipped="0" tests="2" time="0.043583869934082">
    <system-out>1..2
ok 1 - Equals
ok 2 - Equals
</system-out>
    <testcase name="Equals (86)" classname="spec_perl_TestCombineBool_t" time="0.000258922576904297" />
    <testcase name="Equals (87)" classname="spec_perl_TestCombineBool_t" time="7.91549682617188e-05" />
  </testsuite>
  <testsuite name="spec_perl_TestNavParentFalse_t" errors="0" failures="0" skipped="0" tests="5" time="0.0452520847320557">
    <system-out>1..5
ok 1 - Equals
ok 2 - Equals
ok 3 - Equals
ok 4 - Equals
ok 5 - Equals
</system-out>
    <testcase name="Equals (88)" classname="spec_perl_TestNavParentFalse_t" time="0.000335931777954102" />
    <testcase name="Equals (89)" classname="spec_perl_TestNavParentFalse_t" time="0.000146865844726562" />
    <testcase name="Equals (90)" classname="spec_perl_TestNavParentFalse_t" time="6.91413879394531e-05" />
    <testcase name="Equals (91)" classname="spec_perl_TestNavParentFalse_t" time="0.000126838684082031" />
    <testcase name="Equals (92)" classname="spec_perl_TestNavParentFalse_t" time="0.000135183334350586" />
  </testsuite>
  <testsuite name="spec_perl_TestProcessRotate_t" errors="0" failures="0" skipped="0" tests="3" time="0.0446679592132568">
    <system-out>1..3
ok 1 - Equals
ok 2 - Equals
ok 3 - Equals
</system-out>
    <testcase name="Equals (93)" classname="spec_perl_TestProcessRotate_t" time="0.000298023223876953" />
    <testcase name="Equals (94)" classname="spec_perl_TestProcessRotate_t" time="8.392333984375e-05" />
    <testcase name="Equals (95)" classname="spec_perl_TestProcessRotate_t" time="5.79357147216797e-05" />
  </testsuite>
  <testsuite name="spec_perl_TestProcessCoerceUsertype1_t" errors="0" failures="0" skipped="0" tests="4" time="0.0452289581298828">
    <system-out>1..4
ok 1 - Equals
ok 2 - Equals
ok 3 - Equals
ok 4 - Equals
</system-out>
    <testcase name="Equals (96)" classname="spec_perl_TestProcessCoerceUsertype1_t" time="0.000612974166870117" />
    <testcase name="Equals (97)" classname="spec_perl_TestProcessCoerceUsertype1_t" time="0.000102043151855469" />
    <testcase name="Equals (98)" classname="spec_perl_TestProcessCoerceUsertype1_t" time="5.88893890380859e-05" />
    <testcase name="Equals (99)" classname="spec_perl_TestProcessCoerceUsertype1_t" time="9.79900360107422e-05" />
  </testsuite>
  <testsuite name="spec_perl_TestZlibSurrounded_t" errors="0" failures="0" skipped="0" tests="1" time="0.0666608810424805">
    <system-out>1..1
ok 1 - Equals
</system-out>
    <testcase name="Equals (100)" classname="spec_perl_TestZlibSurrounded_t" time="0.000661134719848633" />
  </testsuite>
  <testsuite name="spec_perl_TestSwitchIntegers_t" errors="0" failures="0" skipped="0" tests="9" time="0.0449099540710449">
    <system-out>1..9
ok 1 - Equals
ok 2 - Equals
ok 3 - Equals
ok 4 - Equals
ok 5 - Equals
ok 6 - Equals
ok 7 - Equals
ok 8 - Equals
ok 9 - Equals
</system-out>
    <testcase name="Equals (101)" classname="spec_perl_TestSwitchIntegers_t" time="0.000268936157226562" />
    <testcase name="Equals (102)" classname="spec_perl_TestSwitchIntegers_t" time="8.70227813720703e-05" />
    <testcase name="Equals (103)" classname="spec_perl_TestSwitchIntegers_t" time="0.000131845474243164" />
    <testcase name="Equals (104)" classname="spec_perl_TestSwitchIntegers_t" time="0.000127077102661133" />
    <testcase name="Equals (105)" classname="spec_perl_TestSwitchIntegers_t" time="0.000133037567138672" />
    <testcase name="Equals (106)" classname="spec_perl_TestSwitchIntegers_t" time="0.000125885009765625" />
    <testcase name="Equals (107)" classname="spec_perl_TestSwitchIntegers_t" time="0.000120162963867188" />
    <testcase name="Equals (108)" classname="spec_perl_TestSwitchIntegers_t" time="0.00014495849609375" />
    <testcase name="Equals (109)" classname="spec_perl_TestSwitchIntegers_t" time="0.000120878219604492" />
  </testsuite>
  <testsuite name="spec_perl_TestParamsCallExtraParens_t" errors="0" failures="1" skipped="0" tests="1" time="0.0530490875244141">
    <system-out>1..1
not ok 1 - Equals
</system-out>
    <testcase name="Equals (110)" classname="spec_perl_TestParamsCallExtraParens_t" time="0.00237607955932617">
      <failure message="not ok 1 - Equals" type="TAP::Parser::Result::Test"></failure>
    </testcase>
  </testsuite>
  <testsuite name="spec_perl_TestParamsPassArrayStruct_t" errors="0" failures="1" skipped="2" tests="3" time="0.0482690334320068">
    <system-out>1..3
not ok 1 - test_params_pass_array_struct died (Can't use an undefined value as an ARRAY reference at spec/perl/TestParamsPassArrayStruct.t line 15.)
ok 2 # skip test_params_pass_array_struct died
ok 3 # skip test_params_pass_array_struct died
</system-out>
    <testcase name="test_params_pass_array_struct died (Can't use an undefined value as an ARRAY reference at spec/perl/TestParamsPassArrayStruct.t line 15.) (110)" classname="spec_perl_TestParamsPassArrayStruct_t" time="0.000308990478515625">
      <failure message="not ok 1 - test_params_pass_array_struct died (Can't use an undefined value as an ARRAY reference at spec/perl/TestParamsPassArrayStruct.t line 15.)" type="TAP::Parser::Result::Test"></failure>
    </testcase>
    <testcase name="Unnamed test case 110" classname="spec_perl_TestParamsPassArrayStruct_t" time="0.00192022323608398">
      <skipped message="ok 2 # skip test_params_pass_array_struct died" />
    </testcase>
    <testcase name="Unnamed test case 111" classname="spec_perl_TestParamsPassArrayStruct_t" time="8.48770141601562e-05">
      <skipped message="ok 3 # skip test_params_pass_array_struct died" />
    </testcase>
  </testsuite>
  <testsuite name="spec_perl_TestIndexToParamEos_t" errors="0" failures="2" skipped="0" tests="7" time="0.0563020706176758">
    <system-out>1..7
ok 1 - Equals
ok 2 - Equals
ok 3 - Equals
ok 4 - Equals
ok 5 - Equals
not ok 6 - Equals
not ok 7 - Equals
</system-out>
    <testcase name="Equals (111)" classname="spec_perl_TestIndexToParamEos_t" time="0.00682902336120605" />
    <testcase name="Equals (112)" classname="spec_perl_TestIndexToParamEos_t" time="0.000105857849121094" />
    <testcase name="Equals (113)" classname="spec_perl_TestIndexToParamEos_t" time="4.60147857666016e-05" />
    <testcase name="Equals (114)" classname="spec_perl_TestIndexToParamEos_t" time="7.79628753662109e-05" />
    <testcase name="Equals (115)" classname="spec_perl_TestIndexToParamEos_t" time="3.814697265625e-05" />
    <testcase name="Equals (116)" classname="spec_perl_TestIndexToParamEos_t" time="0.00184893608093262">
      <failure message="not ok 6 - Equals" type="TAP::Parser::Result::Test"></failure>
    </testcase>
    <testcase name="Equals (117)" classname="spec_perl_TestIndexToParamEos_t" time="8.60691070556641e-05">
      <failure message="not ok 7 - Equals" type="TAP::Parser::Result::Test"></failure>
    </testcase>
  </testsuite>
  <testsuite name="spec_perl_TestSwitchMultiBoolOps_t" errors="0" failures="0" skipped="0" tests="9" time="0.0469629764556885">
    <system-out>1..9
ok 1 - Equals
ok 2 - Equals
ok 3 - Equals
ok 4 - Equals
ok 5 - Equals
ok 6 - Equals
ok 7 - Equals
ok 8 - Equals
ok 9 - Equals
</system-out>
    <testcase name="Equals (118)" classname="spec_perl_TestSwitchMultiBoolOps_t" time="0.000330924987792969" />
    <testcase name="Equals (119)" classname="spec_perl_TestSwitchMultiBoolOps_t" time="8.70227813720703e-05" />
    <testcase name="Equals (120)" classname="spec_perl_TestSwitchMultiBoolOps_t" time="0.000115871429443359" />
    <testcase name="Equals (121)" classname="spec_perl_TestSwitchMultiBoolOps_t" time="0.000135183334350586" />
    <testcase name="Equals (122)" classname="spec_perl_TestSwitchMultiBoolOps_t" time="0.000121831893920898" />
    <testcase name="Equals (123)" classname="spec_perl_TestSwitchMultiBoolOps_t" time="0.00014495849609375" />
    <testcase name="Equals (124)" classname="spec_perl_TestSwitchMultiBoolOps_t" time="0.000117063522338867" />
    <testcase name="Equals (125)" classname="spec_perl_TestSwitchMultiBoolOps_t" time="0.000143051147460938" />
    <testcase name="Equals (126)" classname="spec_perl_TestSwitchMultiBoolOps_t" time="0.000149011611938477" />
  </testsuite>
  <testsuite name="spec_perl_TestExprSizeofType1_t" errors="0" failures="0" skipped="0" tests="2" time="0.0440890789031982">
    <system-out>1..2
ok 1 - Equals
ok 2 - Equals
</system-out>
    <testcase name="Equals (127)" classname="spec_perl_TestExprSizeofType1_t" time="0.000277996063232422" />
    <testcase name="Equals (128)" classname="spec_perl_TestExprSizeofType1_t" time="8.41617584228516e-05" />
  </testsuite>
  <testsuite name="spec_perl_TestEnumInvalid_t" errors="0" failures="0" skipped="0" tests="2" time="0.0450260639190674">
    <system-out>1..2
ok 1 - Equals
ok 2 - Equals
</system-out>
    <testcase name="Equals (129)" classname="spec_perl_TestEnumInvalid_t" time="0.000269889831542969" />
    <testcase name="Equals (130)" classname="spec_perl_TestEnumInvalid_t" time="7.70092010498047e-05" />
  </testsuite>
  <testsuite name="spec_perl_TestNestedSameName2_t" errors="0" failures="0" skipped="0" tests="5" time="0.0450820922851562">
    <system-out>1..5
ok 1 - Equals
ok 2 - Equals
ok 3 - Equals
ok 4 - Equals
ok 5 - Equals
</system-out>
    <testcase name="Equals (131)" classname="spec_perl_TestNestedSameName2_t" time="0.000334024429321289" />
    <testcase name="Equals (132)" classname="spec_perl_TestNestedSameName2_t" time="9.39369201660156e-05" />
    <testcase name="Equals (133)" classname="spec_perl_TestNestedSameName2_t" time="8.29696655273438e-05" />
    <testcase name="Equals (134)" classname="spec_perl_TestNestedSameName2_t" time="0.000123023986816406" />
    <testcase name="Equals (135)" classname="spec_perl_TestNestedSameName2_t" time="0.000136137008666992" />
  </testsuite>
  <testsuite name="spec_perl_TestEnumIf_t" errors="0" failures="0" skipped="0" tests="7" time="0.0488200187683105">
    <system-out>1..7
ok 1 - Equals
ok 2 - Equals
ok 3 - Equals
ok 4 - Equals
ok 5 - Equals
ok 6 - Equals
ok 7 - Equals
</system-out>
    <testcase name="Equals (136)" classname="spec_perl_TestEnumIf_t" time="0.000380992889404297" />
    <testcase name="Equals (137)" classname="spec_perl_TestEnumIf_t" time="0.000146865844726562" />
    <testcase name="Equals (138)" classname="spec_perl_TestEnumIf_t" time="6.31809234619141e-05" />
    <testcase name="Equals (139)" classname="spec_perl_TestEnumIf_t" time="0.000145912170410156" />
    <testcase name="Equals (140)" classname="spec_perl_TestEnumIf_t" time="0.000118017196655273" />
    <testcase name="Equals (141)" classname="spec_perl_TestEnumIf_t" time="0.00014495849609375" />
    <testcase name="Equals (142)" classname="spec_perl_TestEnumIf_t" time="0.000127077102661133" />
  </testsuite>
  <testsuite name="spec_perl_TestSwitchBytearray_t" errors="0" failures="0" skipped="0" tests="9" time="0.0487971305847168">
    <system-out>1..9
ok 1 - Equals
ok 2 - Equals
ok 3 - Equals
ok 4 - Equals
ok 5 - Equals
ok 6 - Equals
ok 7 - Equals
ok 8 - Equals
ok 9 - Equals
</system-out>
    <testcase name="Equals (143)" classname="spec_perl_TestSwitchBytearray_t" time="0.000352144241333008" />
    <testcase name="Equals (144)" classname="spec_perl_TestSwitchBytearray_t" time="8.98838043212891e-05" />
    <testcase name="Equals (145)" classname="spec_perl_TestSwitchBytearray_t" time="5.81741333007812e-05" />
    <testcase name="Equals (146)" classname="spec_perl_TestSwitchBytearray_t" time="0.000135898590087891" />
    <testcase name="Equals (147)" classname="spec_perl_TestSwitchBytearray_t" time="0.000127077102661133" />
    <testcase name="Equals (148)" classname="spec_perl_TestSwitchBytearray_t" time="0.000142812728881836" />
    <testcase name="Equals (149)" classname="spec_perl_TestSwitchBytearray_t" time="0.000105142593383789" />
    <testcase name="Equals (150)" classname="spec_perl_TestSwitchBytearray_t" time="0.000334978103637695" />
    <testcase name="Equals (151)" classname="spec_perl_TestSwitchBytearray_t" time="0.000159978866577148" />
  </testsuite>
  <testsuite name="spec_perl_TestNavParentSwitchCast_t" errors="0" failures="0" skipped="0" tests="3" time="0.0455529689788818">
    <system-out>1..3
ok 1 - Equals
ok 2 - Equals
ok 3 - Equals
</system-out>
    <testcase name="Equals (152)" classname="spec_perl_TestNavParentSwitchCast_t" time="0.00061488151550293" />
    <testcase name="Equals (153)" classname="spec_perl_TestNavParentSwitchCast_t" time="0.000102996826171875" />
    <testcase name="Equals (154)" classname="spec_perl_TestNavParentSwitchCast_t" time="5.79357147216797e-05" />
  </testsuite>
  <testsuite name="spec_perl_TestTypeTernaryOpaque_t" errors="0" failures="0" skipped="0" tests="3" time="0.0482170581817627">
    <system-out>1..3
ok 1 - Equals
ok 2 - Equals
ok 3 - Equals
</system-out>
    <testcase name="Equals (155)" classname="spec_perl_TestTypeTernaryOpaque_t" time="0.000600814819335938" />
    <testcase name="Equals (156)" classname="spec_perl_TestTypeTernaryOpaque_t" time="9.70363616943359e-05" />
    <testcase name="Equals (157)" classname="spec_perl_TestTypeTernaryOpaque_t" time="5.69820404052734e-05" />
  </testsuite>
  <testsuite name="spec_perl_TestBcdUserTypeLe_t" errors="0" failures="0" skipped="0" tests="6" time="0.047450065612793">
    <system-out>1..6
ok 1 - Equals
ok 2 - Equals
ok 3 - Equals
ok 4 - Equals
ok 5 - Equals
ok 6 - Equals
</system-out>
    <testcase name="Equals (158)" classname="spec_perl_TestBcdUserTypeLe_t" time="0.000671148300170898" />
    <testcase name="Equals (159)" classname="spec_perl_TestBcdUserTypeLe_t" time="9.89437103271484e-05" />
    <testcase name="Equals (160)" classname="spec_perl_TestBcdUserTypeLe_t" time="5.69820404052734e-05" />
    <testcase name="Equals (161)" classname="spec_perl_TestBcdUserTypeLe_t" time="0.000195026397705078" />
    <testcase name="Equals (162)" classname="spec_perl_TestBcdUserTypeLe_t" time="0.000178098678588867" />
    <testcase name="Equals (163)" classname="spec_perl_TestBcdUserTypeLe_t" time="0.000151872634887695" />
  </testsuite>
  <testsuite name="spec_perl_TestNavParentFalse2_t" errors="0" failures="0" skipped="0" tests="1" time="0.0445709228515625">
    <system-out>1..1
ok 1 - Equals
</system-out>
    <testcase name="Equals (164)" classname="spec_perl_TestNavParentFalse2_t" time="0.000309944152832031" />
  </testsuite>
  <testsuite name="spec_perl_TestProcessXorConst_t" errors="0" failures="0" skipped="0" tests="2" time="0.0436069965362549">
    <system-out>1..2
ok 1 - Equals
ok 2 - Equals
</system-out>
    <testcase name="Equals (165)" classname="spec_perl_TestProcessXorConst_t" time="0.000283002853393555" />
    <testcase name="Equals (166)" classname="spec_perl_TestProcessXorConst_t" time="8.20159912109375e-05" />
  </testsuite>
  <testsuite name="spec_perl_TestEnumOfValueInst_t" errors="0" failures="0" skipped="0" tests="4" time="0.043848991394043">
    <system-out>1..4
ok 1 - Equals
ok 2 - Equals
ok 3 - Equals
ok 4 - Equals
</system-out>
    <testcase name="Equals (167)" classname="spec_perl_TestEnumOfValueInst_t" time="0.000246047973632812" />
    <testcase name="Equals (168)" classname="spec_perl_TestEnumOfValueInst_t" time="8.392333984375e-05" />
    <testcase name="Equals (169)" classname="spec_perl_TestEnumOfValueInst_t" time="8.29696655273438e-05" />
    <testcase name="Equals (170)" classname="spec_perl_TestEnumOfValueInst_t" time="0.000153064727783203" />
  </testsuite>
  <testsuite name="spec_perl_TestEosExceptionBytes_t" errors="0" failures="0" skipped="0" tests="1" time="0.0450799465179443">
    <system-out>1..1
ok 1 - Died
</system-out>
    <testcase name="Died (170)" classname="spec_perl_TestEosExceptionBytes_t" time="0.000480890274047852" />
  </testsuite>
  <testsuite name="spec_perl_TestYamlInts_t" errors="0" failures="0" skipped="0" tests="4" time="0.0453000068664551">
    <system-out>1..4
ok 1 - Equals
ok 2 - Equals
ok 3 - Equals
ok 4 - Equals
</system-out>
    <testcase name="Equals (171)" classname="spec_perl_TestYamlInts_t" time="0.000234127044677734" />
    <testcase name="Equals (172)" classname="spec_perl_TestYamlInts_t" time="7.98702239990234e-05" />
    <testcase name="Equals (173)" classname="spec_perl_TestYamlInts_t" time="0.000159978866577148" />
    <testcase name="Equals (174)" classname="spec_perl_TestYamlInts_t" time="0.00014805793762207" />
  </testsuite>
  <testsuite name="spec_perl_TestImportsCircularA_t" errors="0" failures="0" skipped="0" tests="5" time="0.0463380813598633">
    <system-out>1..5
ok 1 - Equals
ok 2 - Equals
ok 3 - Equals
ok 4 - Equals
ok 5 - nil
</system-out>
    <testcase name="Equals (175)" classname="spec_perl_TestImportsCircularA_t" time="0.000253915786743164" />
    <testcase name="Equals (176)" classname="spec_perl_TestImportsCircularA_t" time="7.79628753662109e-05" />
    <testcase name="Equals (177)" classname="spec_perl_TestImportsCircularA_t" time="0.00014805793762207" />
    <testcase name="Equals (178)" classname="spec_perl_TestImportsCircularA_t" time="0.000116109848022461" />
    <testcase name="nil (178)" classname="spec_perl_TestImportsCircularA_t" time="5.88893890380859e-05" />
  </testsuite>
  <testsuite name="spec_perl_TestIfValues_t" errors="0" failures="0" skipped="0" tests="6" time="0.0445311069488525">
    <system-out>1..6
ok 1 - Equals
ok 2 - Equals
ok 3 - Equals
ok 4 - nil
ok 5 - Equals
ok 6 - nil
</system-out>
    <testcase name="Equals (179)" classname="spec_perl_TestIfValues_t" time="0.000227928161621094" />
    <testcase name="Equals (180)" classname="spec_perl_TestIfValues_t" time="7.89165496826172e-05" />
    <testcase name="Equals (181)" classname="spec_perl_TestIfValues_t" time="0.000132083892822266" />
    <testcase name="nil (181)" classname="spec_perl_TestIfValues_t" time="6.89029693603516e-05" />
    <testcase name="Equals (182)" classname="spec_perl_TestIfValues_t" time="0.000123977661132812" />
    <testcase name="nil (182)" classname="spec_perl_TestIfValues_t" time="5.91278076171875e-05" />
  </testsuite>
  <testsuite name="spec_perl_TestCombineEnum_t" errors="0" failures="0" skipped="0" tests="3" time="0.0440380573272705">
    <system-out>1..3
ok 1 - Equals
ok 2 - Equals
ok 3 - Equals
</system-out>
    <testcase name="Equals (183)" classname="spec_perl_TestCombineEnum_t" time="0.000260829925537109" />
    <testcase name="Equals (184)" classname="spec_perl_TestCombineEnum_t" time="8.20159912109375e-05" />
    <testcase name="Equals (185)" classname="spec_perl_TestCombineEnum_t" time="0.000156164169311523" />
  </testsuite>
  <testsuite name="spec_perl_TestExprBytesCmp_t" errors="0" failures="0" skipped="0" tests="10" time="0.0463948249816895">
    <system-out>1..10
ok 1 - Equals
ok 2 - Equals
ok 3 - Equals
ok 4 - Equals
ok 5 - Equals
ok 6 - Equals
ok 7 - Equals
ok 8 - Equals
ok 9 - Equals
ok 10 - Equals
</system-out>
    <testcase name="Equals (186)" classname="spec_perl_TestExprBytesCmp_t" time="0.000269889831542969" />
    <testcase name="Equals (187)" classname="spec_perl_TestExprBytesCmp_t" time="8.60691070556641e-05" />
    <testcase name="Equals (188)" classname="spec_perl_TestExprBytesCmp_t" time="0.000115871429443359" />
    <testcase name="Equals (189)" classname="spec_perl_TestExprBytesCmp_t" time="0.000140190124511719" />
    <testcase name="Equals (190)" classname="spec_perl_TestExprBytesCmp_t" time="0.000133991241455078" />
    <testcase name="Equals (191)" classname="spec_perl_TestExprBytesCmp_t" time="0.000125885009765625" />
    <testcase name="Equals (192)" classname="spec_perl_TestExprBytesCmp_t" time="0.000164985656738281" />
    <testcase name="Equals (193)" classname="spec_perl_TestExprBytesCmp_t" time="0.000107049942016602" />
    <testcase name="Equals (194)" classname="spec_perl_TestExprBytesCmp_t" time="0.000144004821777344" />
    <testcase name="Equals (195)" classname="spec_perl_TestExprBytesCmp_t" time="0.000153064727783203" />
  </testsuite>
  <testsuite name="spec_perl_TestBitsSimpleLe_t" errors="0" failures="0" skipped="0" tests="14" time="0.0453979969024658">
    <system-out>1..14
ok 1 - Equals
ok 2 - Equals
ok 3 - Equals
ok 4 - Equals
ok 5 - Equals
ok 6 - Equals
ok 7 - Equals
ok 8 - Equals
ok 9 - Equals
ok 10 - Equals
ok 11 - Equals
ok 12 - Equals
ok 13 - Equals
ok 14 - Equals
</system-out>
    <testcase name="Equals (196)" classname="spec_perl_TestBitsSimpleLe_t" time="0.000298976898193359" />
    <testcase name="Equals (197)" classname="spec_perl_TestBitsSimpleLe_t" time="0.000124931335449219" />
    <testcase name="Equals (198)" classname="spec_perl_TestBitsSimpleLe_t" time="6.60419464111328e-05" />
    <testcase name="Equals (199)" classname="spec_perl_TestBitsSimpleLe_t" time="0.000154972076416016" />
    <testcase name="Equals (200)" classname="spec_perl_TestBitsSimpleLe_t" time="0.000115871429443359" />
    <testcase name="Equals (201)" classname="spec_perl_TestBitsSimpleLe_t" time="0.000137090682983398" />
    <testcase name="Equals (202)" classname="spec_perl_TestBitsSimpleLe_t" time="0.000113964080810547" />
    <testcase name="Equals (203)" classname="spec_perl_TestBitsSimpleLe_t" time="0.000134944915771484" />
    <testcase name="Equals (204)" classname="spec_perl_TestBitsSimpleLe_t" time="0.000130176544189453" />
    <testcase name="Equals (205)" classname="spec_perl_TestBitsSimpleLe_t" time="0.000114917755126953" />
    <testcase name="Equals (206)" classname="spec_perl_TestBitsSimpleLe_t" time="0.0001220703125" />
    <testcase name="Equals (207)" classname="spec_perl_TestBitsSimpleLe_t" time="0.000121831893920898" />
    <testcase name="Equals (208)" classname="spec_perl_TestBitsSimpleLe_t" time="0.000123023986816406" />
    <testcase name="Equals (209)" classname="spec_perl_TestBitsSimpleLe_t" time="0.000144004821777344" />
  </testsuite>
  <testsuite name="spec_perl_TestMultipleUse_t" errors="0" failures="0" skipped="0" tests="2" time="0.0440490245819092">
    <system-out>1..2
ok 1 - Equals
ok 2 - Equals
</system-out>
    <testcase name="Equals (210)" classname="spec_perl_TestMultipleUse_t" time="0.000383853912353516" />
    <testcase name="Equals (211)" classname="spec_perl_TestMultipleUse_t" time="9.10758972167969e-05" />
  </testsuite>
  <testsuite name="spec_perl_TestParamsPassUsertype_t" errors="0" failures="1" skipped="1" tests="2" time="0.0475809574127197">
    <system-out>1..2
not ok 1 - test_params_pass_usertype died (Can't call method &quot;foo&quot; on an undefined value at compiled/perl/ParamsPassUsertype.pm line 119.)
ok 2 # skip test_params_pass_usertype died
</system-out>
    <testcase name="test_params_pass_usertype died (Can't call method &quot;foo&quot; on an undefined value at compiled/perl/ParamsPassUsertype.pm line 119.) (211)" classname="spec_perl_TestParamsPassUsertype_t" time="0.000319957733154297">
      <failure message="not ok 1 - test_params_pass_usertype died (Can't call method &quot;foo&quot; on an undefined value at compiled/perl/ParamsPassUsertype.pm line 119.)" type="TAP::Parser::Result::Test"></failure>
    </testcase>
    <testcase name="Unnamed test case 211" classname="spec_perl_TestParamsPassUsertype_t" time="0.000481843948364258">
      <skipped message="ok 2 # skip test_params_pass_usertype died" />
    </testcase>
  </testsuite>
  <testsuite name="spec_perl_TestSwitchRepeatExpr_t" errors="0" failures="0" skipped="0" tests="3" time="0.0453989505767822">
    <system-out>1..3
ok 1 - Equals
ok 2 - Equals
ok 3 - Equals
</system-out>
    <testcase name="Equals (212)" classname="spec_perl_TestSwitchRepeatExpr_t" time="0.000510931015014648" />
    <testcase name="Equals (213)" classname="spec_perl_TestSwitchRepeatExpr_t" time="0.000103950500488281" />
    <testcase name="Equals (214)" classname="spec_perl_TestSwitchRepeatExpr_t" time="5.60283660888672e-05" />
  </testsuite>
  <testsuite name="spec_perl_TestMetaTags_t" errors="0" failures="0" skipped="1" tests="1" time="0.0447940826416016">
    <system-out>1..1
ok 1 # skip MetaTags=HASH(0x2d58ec8)
</system-out>
    <testcase name="Unnamed test case 214" classname="spec_perl_TestMetaTags_t" time="0.00133585929870605">
      <skipped message="ok 1 # skip MetaTags=HASH(0x2d58ec8)" />
    </testcase>
  </testsuite>
  <testsuite name="spec_perl_TestExprSizeofValue0_t" errors="0" failures="0" skipped="0" tests="5" time="0.0444540977478027">
    <system-out>1..5
ok 1 - Equals
ok 2 - Equals
ok 3 - Equals
ok 4 - Equals
ok 5 - Equals
</system-out>
    <testcase name="Equals (215)" classname="spec_perl_TestExprSizeofValue0_t" time="0.000262022018432617" />
    <testcase name="Equals (216)" classname="spec_perl_TestExprSizeofValue0_t" time="8.41617584228516e-05" />
    <testcase name="Equals (217)" classname="spec_perl_TestExprSizeofValue0_t" time="0.000130891799926758" />
    <testcase name="Equals (218)" classname="spec_perl_TestExprSizeofValue0_t" time="0.000128984451293945" />
    <testcase name="Equals (219)" classname="spec_perl_TestExprSizeofValue0_t" time="0.000114917755126953" />
  </testsuite>
  <testsuite name="spec_perl_TestExprIoPos_t" errors="0" failures="0" skipped="0" tests="6" time="0.0481700897216797">
    <system-out>1..6
ok 1 - Equals
ok 2 - Equals
ok 3 - Equals
ok 4 - Equals
ok 5 - Equals
ok 6 - Equals
</system-out>
    <testcase name="Equals (220)" classname="spec_perl_TestExprIoPos_t" time="0.000728845596313477" />
    <testcase name="Equals (221)" classname="spec_perl_TestExprIoPos_t" time="0.000105142593383789" />
    <testcase name="Equals (222)" classname="spec_perl_TestExprIoPos_t" time="4.69684600830078e-05" />
    <testcase name="Equals (223)" classname="spec_perl_TestExprIoPos_t" time="0.000113010406494141" />
    <testcase name="Equals (224)" classname="spec_perl_TestExprIoPos_t" time="0.000128984451293945" />
    <testcase name="Equals (225)" classname="spec_perl_TestExprIoPos_t" time="0.000133037567138672" />
  </testsuite>
  <testsuite name="spec_perl_TestBitsSimple_t" errors="0" failures="0" skipped="0" tests="14" time="0.0460259914398193">
    <system-out>1..14
ok 1 - Equals
ok 2 - Equals
ok 3 - Equals
ok 4 - Equals
ok 5 - Equals
ok 6 - Equals
ok 7 - Equals
ok 8 - Equals
ok 9 - Equals
ok 10 - Equals
ok 11 - Equals
ok 12 - Equals
ok 13 - Equals
ok 14 - Equals
</system-out>
    <testcase name="Equals (226)" classname="spec_perl_TestBitsSimple_t" time="0.000287055969238281" />
    <testcase name="Equals (227)" classname="spec_perl_TestBitsSimple_t" time="7.79628753662109e-05" />
    <testcase name="Equals (228)" classname="spec_perl_TestBitsSimple_t" time="0.000108003616333008" />
    <testcase name="Equals (229)" classname="spec_perl_TestBitsSimple_t" time="0.000136137008666992" />
    <testcase name="Equals (230)" classname="spec_perl_TestBitsSimple_t" time="0.000155925750732422" />
    <testcase name="Equals (231)" classname="spec_perl_TestBitsSimple_t" time="0.000112056732177734" />
    <testcase name="Equals (232)" classname="spec_perl_TestBitsSimple_t" time="0.000149011611938477" />
    <testcase name="Equals (233)" classname="spec_perl_TestBitsSimple_t" time="0.000128984451293945" />
    <testcase name="Equals (234)" classname="spec_perl_TestBitsSimple_t" time="0.000144004821777344" />
    <testcase name="Equals (235)" classname="spec_perl_TestBitsSimple_t" time="0.000123023986816406" />
    <testcase name="Equals (236)" classname="spec_perl_TestBitsSimple_t" time="0.000149011611938477" />
    <testcase name="Equals (237)" classname="spec_perl_TestBitsSimple_t" time="0.000150918960571289" />
    <testcase name="Equals (238)" classname="spec_perl_TestBitsSimple_t" time="0.000144004821777344" />
    <testcase name="Equals (239)" classname="spec_perl_TestBitsSimple_t" time="0.0001220703125" />
  </testsuite>
  <testsuite name="spec_perl_TestTsPacketHeader_t" errors="0" failures="0" skipped="0" tests="7" time="0.0452389717102051">
    <system-out>1..7
ok 1 - Equals
ok 2 - Equals
ok 3 - Equals
ok 4 - Equals
ok 5 - Equals
ok 6 - Equals
ok 7 - Equals
</system-out>
    <testcase name="Equals (240)" classname="spec_perl_TestTsPacketHeader_t" time="0.000342130661010742" />
    <testcase name="Equals (241)" classname="spec_perl_TestTsPacketHeader_t" time="9.08374786376953e-05" />
    <testcase name="Equals (242)" classname="spec_perl_TestTsPacketHeader_t" time="8.70227813720703e-05" />
    <testcase name="Equals (243)" classname="spec_perl_TestTsPacketHeader_t" time="0.000177145004272461" />
    <testcase name="Equals (244)" classname="spec_perl_TestTsPacketHeader_t" time="0.000111818313598633" />
    <testcase name="Equals (245)" classname="spec_perl_TestTsPacketHeader_t" time="0.000146150588989258" />
    <testcase name="Equals (246)" classname="spec_perl_TestTsPacketHeader_t" time="0.000119924545288086" />
  </testsuite>
  <testsuite name="spec_perl_TestSwitchCast_t" errors="0" failures="0" skipped="0" tests="2" time="0.0473060607910156">
    <system-out>1..2
ok 1 - Equals
ok 2 - Equals
</system-out>
    <testcase name="Equals (247)" classname="spec_perl_TestSwitchCast_t" time="0.00032806396484375" />
    <testcase name="Equals (248)" classname="spec_perl_TestSwitchCast_t" time="8.392333984375e-05" />
  </testsuite>
  <testsuite name="spec_perl_TestProcessXor4Value_t" errors="0" failures="0" skipped="0" tests="2" time="0.0435209274291992">
    <system-out>1..2
ok 1 - Equals
ok 2 - Equals
</system-out>
    <testcase name="Equals (249)" classname="spec_perl_TestProcessXor4Value_t" time="0.000254154205322266" />
    <testcase name="Equals (250)" classname="spec_perl_TestProcessXor4Value_t" time="7.79628753662109e-05" />
  </testsuite>
  <testsuite name="spec_perl_TestProcessToUser_t" errors="0" failures="0" skipped="0" tests="1" time="0.0467720031738281">
    <system-out>1..1
ok 1 - Equals
</system-out>
    <testcase name="Equals (251)" classname="spec_perl_TestProcessToUser_t" time="0.000557899475097656" />
  </testsuite>
  <testsuite name="spec_perl_TestIndexToParamExpr_t" errors="0" failures="2" skipped="0" tests="7" time="0.0516800880432129">
    <system-out>1..7
ok 1 - Equals
ok 2 - Equals
ok 3 - Equals
ok 4 - Equals
ok 5 - Equals
not ok 6 - Equals
not ok 7 - Equals
</system-out>
    <testcase name="Equals (252)" classname="spec_perl_TestIndexToParamExpr_t" time="0.00452494621276855" />
    <testcase name="Equals (253)" classname="spec_perl_TestIndexToParamExpr_t" time="0.000129222869873047" />
    <testcase name="Equals (254)" classname="spec_perl_TestIndexToParamExpr_t" time="4.69684600830078e-05" />
    <testcase name="Equals (255)" classname="spec_perl_TestIndexToParamExpr_t" time="5.19752502441406e-05" />
    <testcase name="Equals (256)" classname="spec_perl_TestIndexToParamExpr_t" time="3.88622283935547e-05" />
    <testcase name="Equals (257)" classname="spec_perl_TestIndexToParamExpr_t" time="5.41210174560547e-05">
      <failure message="not ok 6 - Equals" type="TAP::Parser::Result::Test"></failure>
    </testcase>
    <testcase name="Equals (258)" classname="spec_perl_TestIndexToParamExpr_t" time="4.10079956054688e-05">
      <failure message="not ok 7 - Equals" type="TAP::Parser::Result::Test"></failure>
    </testcase>
  </testsuite>
  <testsuite name="spec_perl_TestSwitchManualEnumInvalidElse_t" errors="0" failures="0" skipped="0" tests="5" time="0.0477268695831299">
    <system-out>1..5
ok 1 - Equals
ok 2 - Equals
ok 3 - Equals
ok 4 - Equals
ok 5 - Equals
</system-out>
    <testcase name="Equals (259)" classname="spec_perl_TestSwitchManualEnumInvalidElse_t" time="0.00030207633972168" />
    <testcase name="Equals (260)" classname="spec_perl_TestSwitchManualEnumInvalidElse_t" time="8.20159912109375e-05" />
    <testcase name="Equals (261)" classname="spec_perl_TestSwitchManualEnumInvalidElse_t" time="0.000126123428344727" />
    <testcase name="Equals (262)" classname="spec_perl_TestSwitchManualEnumInvalidElse_t" time="0.000138998031616211" />
    <testcase name="Equals (263)" classname="spec_perl_TestSwitchManualEnumInvalidElse_t" time="0.00013279914855957" />
  </testsuite>
  <testsuite name="spec_perl_TestBitsEnum_t" errors="0" failures="0" skipped="0" tests="3" time="0.0442571640014648">
    <system-out>1..3
ok 1 - Equals
ok 2 - Equals
ok 3 - Equals
</system-out>
    <testcase name="Equals (264)" classname="spec_perl_TestBitsEnum_t" time="0.000283002853393555" />
    <testcase name="Equals (265)" classname="spec_perl_TestBitsEnum_t" time="9.89437103271484e-05" />
    <testcase name="Equals (266)" classname="spec_perl_TestBitsEnum_t" time="7.91549682617188e-05" />
  </testsuite>
  <testsuite name="spec_perl_TestNavParentSwitch_t" errors="0" failures="0" skipped="0" tests="3" time="0.0453050136566162">
    <system-out>1..3
ok 1 - Equals
ok 2 - Equals
ok 3 - Equals
</system-out>
    <testcase name="Equals (267)" classname="spec_perl_TestNavParentSwitch_t" time="0.000319004058837891" />
    <testcase name="Equals (268)" classname="spec_perl_TestNavParentSwitch_t" time="8.67843627929688e-05" />
    <testcase name="Equals (269)" classname="spec_perl_TestNavParentSwitch_t" time="8.51154327392578e-05" />
  </testsuite>
  <testsuite name="spec_perl_TestParamsCallShort_t" errors="0" failures="3" skipped="0" tests="3" time="0.0597629547119141">
    <system-out>1..3
not ok 1 - Equals
not ok 2 - Equals
not ok 3 - Equals
</system-out>
    <testcase name="Equals (270)" classname="spec_perl_TestParamsCallShort_t" time="0.00454401969909668">
      <failure message="not ok 1 - Equals" type="TAP::Parser::Result::Test"></failure>
    </testcase>
    <testcase name="Equals (271)" classname="spec_perl_TestParamsCallShort_t" time="0.00137519836425781">
      <failure message="not ok 2 - Equals" type="TAP::Parser::Result::Test"></failure>
    </testcase>
    <testcase name="Equals (272)" classname="spec_perl_TestParamsCallShort_t" time="0.00314688682556152">
      <failure message="not ok 3 - Equals" type="TAP::Parser::Result::Test"></failure>
    </testcase>
  </testsuite>
  <testsuite name="spec_perl_TestEnumDeepLiterals_t" errors="0" failures="0" skipped="0" tests="2" time="0.0443670749664307">
    <system-out>1..2
ok 1 - Equals
ok 2 - Equals
</system-out>
    <testcase name="Equals (273)" classname="spec_perl_TestEnumDeepLiterals_t" time="0.000249862670898438" />
    <testcase name="Equals (274)" classname="spec_perl_TestEnumDeepLiterals_t" time="8.91685485839844e-05" />
  </testsuite>
  <testsuite name="spec_perl_TestIndexSizes_t" errors="0" failures="0" skipped="0" tests="7" time="0.0474278926849365">
    <system-out>1..7
ok 1 - Equals
ok 2 - Equals
ok 3 - Equals
ok 4 - Equals
ok 5 - Equals
ok 6 - Equals
ok 7 - Equals
</system-out>
    <testcase name="Equals (275)" classname="spec_perl_TestIndexSizes_t" time="0.000284194946289062" />
    <testcase name="Equals (276)" classname="spec_perl_TestIndexSizes_t" time="8.17775726318359e-05" />
    <testcase name="Equals (277)" classname="spec_perl_TestIndexSizes_t" time="0.00012516975402832" />
    <testcase name="Equals (278)" classname="spec_perl_TestIndexSizes_t" time="0.000128984451293945" />
    <testcase name="Equals (279)" classname="spec_perl_TestIndexSizes_t" time="0.000114917755126953" />
    <testcase name="Equals (280)" classname="spec_perl_TestIndexSizes_t" time="0.000143051147460938" />
    <testcase name="Equals (281)" classname="spec_perl_TestIndexSizes_t" time="0.00011897087097168" />
  </testsuite>
  <testsuite name="spec_perl_TestDefaultBitEndianMod_t" errors="0" failures="0" skipped="0" tests="4" time="0.0441868305206299">
    <system-out>1..4
ok 1 - Equals
ok 2 - Equals
ok 3 - Equals
ok 4 - Equals
</system-out>
    <testcase name="Equals (282)" classname="spec_perl_TestDefaultBitEndianMod_t" time="0.000289201736450195" />
    <testcase name="Equals (283)" classname="spec_perl_TestDefaultBitEndianMod_t" time="8.392333984375e-05" />
    <testcase name="Equals (284)" classname="spec_perl_TestDefaultBitEndianMod_t" time="0.000133991241455078" />
    <testcase name="Equals (285)" classname="spec_perl_TestDefaultBitEndianMod_t" time="0.000133991241455078" />
  </testsuite>
  <testsuite name="spec_perl_TestSwitchManualIntSize_t" errors="0" failures="1" skipped="0" tests="10" time="0.0534439086914062">
    <system-out>1..10
ok 1 - Equals
ok 2 - Equals
ok 3 - Equals
ok 4 - Equals
ok 5 - Equals
not ok 6 - test switch manual int size
ok 7 - Equals
ok 8 - Equals
ok 9 - Equals
ok 10 - Equals
</system-out>
    <testcase name="Equals (286)" classname="spec_perl_TestSwitchManualIntSize_t" time="0.000738859176635742" />
    <testcase name="Equals (287)" classname="spec_perl_TestSwitchManualIntSize_t" time="0.000102996826171875" />
    <testcase name="Equals (288)" classname="spec_perl_TestSwitchManualIntSize_t" time="6.50882720947266e-05" />
    <testcase name="Equals (289)" classname="spec_perl_TestSwitchManualIntSize_t" time="0.000123977661132812" />
    <testcase name="Equals (290)" classname="spec_perl_TestSwitchManualIntSize_t" time="0.000128030776977539" />
    <testcase name="test switch manual int size (290)" classname="spec_perl_TestSwitchManualIntSize_t" time="0.00169110298156738">
      <failure message="not ok 6 - test switch manual int size" type="TAP::Parser::Result::Test"></failure>
    </testcase>
    <testcase name="Equals (291)" classname="spec_perl_TestSwitchManualIntSize_t" time="0.00355792045593262" />
    <testcase name="Equals (292)" classname="spec_perl_TestSwitchManualIntSize_t" time="6.38961791992188e-05" />
    <testcase name="Equals (293)" classname="spec_perl_TestSwitchManualIntSize_t" time="3.50475311279297e-05" />
    <testcase name="Equals (294)" classname="spec_perl_TestSwitchManualIntSize_t" time="3.09944152832031e-05" />
  </testsuite>
  <testsuite name="spec_perl_TestExprArray_t" errors="0" failures="1" skipped="0" tests="15" time="0.0530631542205811">
    <system-out>1..15
ok 1 - Equals
ok 2 - Equals
ok 3 - Equals
ok 4 - Equals
ok 5 - Equals
ok 6 - Equals
ok 7 - Equals
ok 8 - Equals
not ok 9 - Equals
ok 10 - Equals
ok 11 - Equals
ok 12 - Equals
ok 13 - Equals
ok 14 - Equals
ok 15 - Equals
</system-out>
    <testcase name="Equals (295)" classname="spec_perl_TestExprArray_t" time="0.000357151031494141" />
    <testcase name="Equals (296)" classname="spec_perl_TestExprArray_t" time="8.79764556884766e-05" />
    <testcase name="Equals (297)" classname="spec_perl_TestExprArray_t" time="7.29560852050781e-05" />
    <testcase name="Equals (298)" classname="spec_perl_TestExprArray_t" time="0.000145912170410156" />
    <testcase name="Equals (299)" classname="spec_perl_TestExprArray_t" time="0.000126123428344727" />
    <testcase name="Equals (300)" classname="spec_perl_TestExprArray_t" time="0.000143051147460938" />
    <testcase name="Equals (301)" classname="spec_perl_TestExprArray_t" time="0.000168800354003906" />
    <testcase name="Equals (302)" classname="spec_perl_TestExprArray_t" time="0.000111103057861328" />
    <testcase name="Equals (303)" classname="spec_perl_TestExprArray_t" time="0.000236988067626953">
      <failure message="not ok 9 - Equals" type="TAP::Parser::Result::Test"></failure>
    </testcase>
    <testcase name="Equals (304)" classname="spec_perl_TestExprArray_t" time="0.00155210494995117" />
    <testcase name="Equals (305)" classname="spec_perl_TestExprArray_t" time="6.89029693603516e-05" />
    <testcase name="Equals (306)" classname="spec_perl_TestExprArray_t" time="4.00543212890625e-05" />
    <testcase name="Equals (307)" classname="spec_perl_TestExprArray_t" time="0.00142097473144531" />
    <testcase name="Equals (308)" classname="spec_perl_TestExprArray_t" time="6.29425048828125e-05" />
    <testcase name="Equals (309)" classname="spec_perl_TestExprArray_t" time="0.000174045562744141" />
  </testsuite>
  <testsuite name="spec_perl_TestNestedTypes_t" errors="0" failures="0" skipped="0" tests="3" time="0.0545151233673096">
    <system-out>1..3
ok 1 - Equals
ok 2 - Equals
ok 3 - Equals
</system-out>
    <testcase name="Equals (310)" classname="spec_perl_TestNestedTypes_t" time="0.000267982482910156" />
    <testcase name="Equals (311)" classname="spec_perl_TestNestedTypes_t" time="8.392333984375e-05" />
    <testcase name="Equals (312)" classname="spec_perl_TestNestedTypes_t" time="0.000128984451293945" />
  </testsuite>
  <testsuite name="spec_perl_TestCastNested_t" errors="0" failures="0" skipped="0" tests="4" time="0.0478889942169189">
    <system-out>1..4
ok 1 - Equals
ok 2 - Equals
ok 3 - Equals
ok 4 - Equals
</system-out>
    <testcase name="Equals (313)" classname="spec_perl_TestCastNested_t" time="0.000401020050048828" />
    <testcase name="Equals (314)" classname="spec_perl_TestCastNested_t" time="0.000102043151855469" />
    <testcase name="Equals (315)" classname="spec_perl_TestCastNested_t" time="5.79357147216797e-05" />
    <testcase name="Equals (316)" classname="spec_perl_TestCastNested_t" time="0.00014805793762207" />
  </testsuite>
  <testsuite name="spec_perl_TestEnumIntRangeU_t" errors="0" failures="0" skipped="0" tests="2" time="0.0437932014465332">
    <system-out>1..2
ok 1 - Equals
ok 2 - Equals
</system-out>
    <testcase name="Equals (317)" classname="spec_perl_TestEnumIntRangeU_t" time="0.000268936157226562" />
    <testcase name="Equals (318)" classname="spec_perl_TestEnumIntRangeU_t" time="8.29696655273438e-05" />
  </testsuite>
  <testsuite name="spec_perl_TestDefaultBigEndian_t" errors="0" failures="0" skipped="0" tests="1" time="0.054095983505249">
    <system-out>1..1
ok 1 - Equals
</system-out>
    <testcase name="Equals (319)" classname="spec_perl_TestDefaultBigEndian_t" time="0.000252008438110352" />
  </testsuite>
  <testsuite name="spec_perl_TestEnumLongRangeS_t" errors="0" failures="0" skipped="0" tests="7" time="0.0448298454284668">
    <system-out>1..7
ok 1 - Equals
ok 2 - Equals
ok 3 - Equals
ok 4 - Equals
ok 5 - Equals
ok 6 - Equals
ok 7 - Equals
</system-out>
    <testcase name="Equals (320)" classname="spec_perl_TestEnumLongRangeS_t" time="0.000258207321166992" />
    <testcase name="Equals (321)" classname="spec_perl_TestEnumLongRangeS_t" time="7.98702239990234e-05" />
    <testcase name="Equals (322)" classname="spec_perl_TestEnumLongRangeS_t" time="0.000139951705932617" />
    <testcase name="Equals (323)" classname="spec_perl_TestEnumLongRangeS_t" time="0.000147104263305664" />
    <testcase name="Equals (324)" classname="spec_perl_TestEnumLongRangeS_t" time="0.000119924545288086" />
    <testcase name="Equals (325)" classname="spec_perl_TestEnumLongRangeS_t" time="0.000149011611938477" />
    <testcase name="Equals (326)" classname="spec_perl_TestEnumLongRangeS_t" time="0.000113010406494141" />
  </testsuite>
  <testsuite name="spec_perl_TestSwitchManualEnumInvalid_t" errors="0" failures="0" skipped="0" tests="5" time="0.0476138591766357">
    <system-out>1..5
ok 1 - Equals
ok 2 - Equals
ok 3 - nil
ok 4 - Equals
ok 5 - nil
</system-out>
    <testcase name="Equals (327)" classname="spec_perl_TestSwitchManualEnumInvalid_t" time="0.000241994857788086" />
    <testcase name="Equals (328)" classname="spec_perl_TestSwitchManualEnumInvalid_t" time="7.89165496826172e-05" />
    <testcase name="nil (328)" classname="spec_perl_TestSwitchManualEnumInvalid_t" time="5.69820404052734e-05" />
    <testcase name="Equals (329)" classname="spec_perl_TestSwitchManualEnumInvalid_t" time="0.000128030776977539" />
    <testcase name="nil (329)" classname="spec_perl_TestSwitchManualEnumInvalid_t" time="6.00814819335938e-05" />
  </testsuite>
  <testsuite name="spec_perl_TestImportsRel1_t" errors="0" failures="0" skipped="0" tests="3" time="0.0441489219665527">
    <system-out>1..3
ok 1 - Equals
ok 2 - Equals
ok 3 - Equals
</system-out>
    <testcase name="Equals (330)" classname="spec_perl_TestImportsRel1_t" time="0.000176191329956055" />
    <testcase name="Equals (331)" classname="spec_perl_TestImportsRel1_t" time="7.29560852050781e-05" />
    <testcase name="Equals (332)" classname="spec_perl_TestImportsRel1_t" time="0.000157833099365234" />
  </testsuite>
  <testsuite name="spec_perl_TestEnumToI_t" errors="0" failures="0" skipped="0" tests="5" time="0.0446200370788574">
    <system-out>1..5
ok 1 - Equals
ok 2 - Equals
ok 3 - Equals
ok 4 - Equals
ok 5 - Equals
</system-out>
    <testcase name="Equals (333)" classname="spec_perl_TestEnumToI_t" time="0.000244855880737305" />
    <testcase name="Equals (334)" classname="spec_perl_TestEnumToI_t" time="8.10623168945312e-05" />
    <testcase name="Equals (335)" classname="spec_perl_TestEnumToI_t" time="0.000123023986816406" />
    <testcase name="Equals (336)" classname="spec_perl_TestEnumToI_t" time="0.000133037567138672" />
    <testcase name="Equals (337)" classname="spec_perl_TestEnumToI_t" time="0.000137805938720703" />
  </testsuite>
  <testsuite name="spec_perl_TestIoLocalVar_t" errors="0" failures="0" skipped="0" tests="2" time="0.0441520214080811">
    <system-out>1..2
ok 1 - Equals
ok 2 - Equals
</system-out>
    <testcase name="Equals (338)" classname="spec_perl_TestIoLocalVar_t" time="0.000540018081665039" />
    <testcase name="Equals (339)" classname="spec_perl_TestIoLocalVar_t" time="9.41753387451172e-05" />
  </testsuite>
  <testsuite name="spec_perl_TestEnumLongRangeU_t" errors="0" failures="0" skipped="0" tests="4" time="0.0443048477172852">
    <system-out>1..4
ok 1 - Equals
ok 2 - Equals
ok 3 - Equals
ok 4 - Equals
</system-out>
    <testcase name="Equals (340)" classname="spec_perl_TestEnumLongRangeU_t" time="0.000258922576904297" />
    <testcase name="Equals (341)" classname="spec_perl_TestEnumLongRangeU_t" time="9.48905944824219e-05" />
    <testcase name="Equals (342)" classname="spec_perl_TestEnumLongRangeU_t" time="0.000112056732177734" />
    <testcase name="Equals (343)" classname="spec_perl_TestEnumLongRangeU_t" time="0.000132083892822266" />
  </testsuite>
  <testsuite name="spec_perl_TestProcessCoerceUsertype2_t" errors="0" failures="0" skipped="0" tests="4" time="0.0454168319702148">
    <system-out>1..4
ok 1 - Equals
ok 2 - Equals
ok 3 - Equals
ok 4 - Equals
</system-out>
    <testcase name="Equals (344)" classname="spec_perl_TestProcessCoerceUsertype2_t" time="0.000587940216064453" />
    <testcase name="Equals (345)" classname="spec_perl_TestProcessCoerceUsertype2_t" time="0.000102043151855469" />
    <testcase name="Equals (346)" classname="spec_perl_TestProcessCoerceUsertype2_t" time="5.91278076171875e-05" />
    <testcase name="Equals (347)" classname="spec_perl_TestProcessCoerceUsertype2_t" time="0.00011897087097168" />
  </testsuite>
  <testsuite name="spec_perl_TestJsSignedRightShift_t" errors="0" failures="0" skipped="0" tests="2" time="0.0448379516601562">
    <system-out>1..2
ok 1 - Equals
ok 2 - Equals
</system-out>
    <testcase name="Equals (348)" classname="spec_perl_TestJsSignedRightShift_t" time="0.000272035598754883" />
    <testcase name="Equals (349)" classname="spec_perl_TestJsSignedRightShift_t" time="8.70227813720703e-05" />
  </testsuite>
  <testsuite name="spec_perl_TestImportsAbs_t" errors="0" failures="0" skipped="0" tests="2" time="0.0449979305267334">
    <system-out>1..2
ok 1 - Equals
ok 2 - Equals
</system-out>
    <testcase name="Equals (350)" classname="spec_perl_TestImportsAbs_t" time="0.000309944152832031" />
    <testcase name="Equals (351)" classname="spec_perl_TestImportsAbs_t" time="0.000115156173706055" />
  </testsuite>
  <testsuite name="spec_perl_TestStrEncodingsDefault_t" errors="0" failures="0" skipped="0" tests="4" time="0.0510439872741699">
    <system-out>1..4
ok 1 - Equals
ok 2 - Equals
ok 3 - Equals
ok 4 - Equals
</system-out>
    <testcase name="Equals (352)" classname="spec_perl_TestStrEncodingsDefault_t" time="0.00374507904052734" />
    <testcase name="Equals (353)" classname="spec_perl_TestStrEncodingsDefault_t" time="0.000129938125610352" />
    <testcase name="Equals (354)" classname="spec_perl_TestStrEncodingsDefault_t" time="6.60419464111328e-05" />
    <testcase name="Equals (355)" classname="spec_perl_TestStrEncodingsDefault_t" time="7.51018524169922e-05" />
  </testsuite>
  <testsuite name="spec_perl_TestDocstringsDocrefMulti_t" errors="0" failures="0" skipped="1" tests="1" time="0.0458688735961914">
    <system-out>1..1
ok 1 # skip DocstringsDocrefMulti=HASH(0x1e5df20)
</system-out>
    <testcase name="Unnamed test case 355" classname="spec_perl_TestDocstringsDocrefMulti_t" time="0.00144696235656738">
      <skipped message="ok 1 # skip DocstringsDocrefMulti=HASH(0x1e5df20)" />
    </testcase>
  </testsuite>
  <testsuite name="spec_perl_TestRepeatUntilS4_t" errors="0" failures="0" skipped="0" tests="2" time="0.0482580661773682">
    <system-out>1..2
ok 1 - Equals
ok 2 - Equals
</system-out>
    <testcase name="Equals (356)" classname="spec_perl_TestRepeatUntilS4_t" time="0.000346899032592773" />
    <testcase name="Equals (357)" classname="spec_perl_TestRepeatUntilS4_t" time="9.29832458496094e-05" />
  </testsuite>
  <testsuite name="spec_perl_TestRepeatNStruct_t" errors="0" failures="0" skipped="0" tests="5" time="0.0442600250244141">
    <system-out>1..5
ok 1 - Equals
ok 2 - Equals
ok 3 - Equals
ok 4 - Equals
ok 5 - Equals
</system-out>
    <testcase name="Equals (358)" classname="spec_perl_TestRepeatNStruct_t" time="0.00026392936706543" />
    <testcase name="Equals (359)" classname="spec_perl_TestRepeatNStruct_t" time="8.10623168945312e-05" />
    <testcase name="Equals (360)" classname="spec_perl_TestRepeatNStruct_t" time="0.000128030776977539" />
    <testcase name="Equals (361)" classname="spec_perl_TestRepeatNStruct_t" time="0.000116109848022461" />
    <testcase name="Equals (362)" classname="spec_perl_TestRepeatNStruct_t" time="0.000137805938720703" />
  </testsuite>
  <testsuite name="spec_perl_TestSwitchManualIntElse_t" errors="0" failures="0" skipped="0" tests="9" time="0.0482149124145508">
    <system-out>1..9
ok 1 - Equals
ok 2 - Equals
ok 3 - Equals
ok 4 - Equals
ok 5 - Equals
ok 6 - Equals
ok 7 - Equals
ok 8 - Equals
ok 9 - Equals
</system-out>
    <testcase name="Equals (363)" classname="spec_perl_TestSwitchManualIntElse_t" time="0.000341892242431641" />
    <testcase name="Equals (364)" classname="spec_perl_TestSwitchManualIntElse_t" time="8.79764556884766e-05" />
    <testcase name="Equals (365)" classname="spec_perl_TestSwitchManualIntElse_t" time="8.0108642578125e-05" />
    <testcase name="Equals (366)" classname="spec_perl_TestSwitchManualIntElse_t" time="0.000149011611938477" />
    <testcase name="Equals (367)" classname="spec_perl_TestSwitchManualIntElse_t" time="0.000132083892822266" />
    <testcase name="Equals (368)" classname="spec_perl_TestSwitchManualIntElse_t" time="0.000108003616333008" />
    <testcase name="Equals (369)" classname="spec_perl_TestSwitchManualIntElse_t" time="0.000148773193359375" />
    <testcase name="Equals (370)" classname="spec_perl_TestSwitchManualIntElse_t" time="0.000119209289550781" />
    <testcase name="Equals (371)" classname="spec_perl_TestSwitchManualIntElse_t" time="0.000149965286254883" />
  </testsuite>
  <testsuite name="spec_perl_TestDefaultEndianExprIsBe_t" errors="0" failures="0" skipped="0" tests="18" time="0.0467860698699951">
    <system-out>1..18
ok 1 - Equals
ok 2 - Equals
ok 3 - Equals
ok 4 - Equals
ok 5 - Equals
ok 6 - Equals
ok 7 - Equals
ok 8 - Equals
ok 9 - Equals
ok 10 - Equals
ok 11 - Equals
ok 12 - Equals
ok 13 - Equals
ok 14 - Equals
ok 15 - Equals
ok 16 - Equals
ok 17 - Equals
ok 18 - Equals
</system-out>
    <testcase name="Equals (372)" classname="spec_perl_TestDefaultEndianExprIsBe_t" time="0.000329971313476562" />
    <testcase name="Equals (373)" classname="spec_perl_TestDefaultEndianExprIsBe_t" time="8.70227813720703e-05" />
    <testcase name="Equals (374)" classname="spec_perl_TestDefaultEndianExprIsBe_t" time="5.50746917724609e-05" />
    <testcase name="Equals (375)" classname="spec_perl_TestDefaultEndianExprIsBe_t" time="0.000154972076416016" />
    <testcase name="Equals (376)" classname="spec_perl_TestDefaultEndianExprIsBe_t" time="0.000135898590087891" />
    <testcase name="Equals (377)" classname="spec_perl_TestDefaultEndianExprIsBe_t" time="0.000172138214111328" />
    <testcase name="Equals (378)" classname="spec_perl_TestDefaultEndianExprIsBe_t" time="0.000102996826171875" />
    <testcase name="Equals (379)" classname="spec_perl_TestDefaultEndianExprIsBe_t" time="0.000179052352905273" />
    <testcase name="Equals (380)" classname="spec_perl_TestDefaultEndianExprIsBe_t" time="0.000115871429443359" />
    <testcase name="Equals (381)" classname="spec_perl_TestDefaultEndianExprIsBe_t" time="0.000146150588989258" />
    <testcase name="Equals (382)" classname="spec_perl_TestDefaultEndianExprIsBe_t" time="0.000159978866577148" />
    <testcase name="Equals (383)" classname="spec_perl_TestDefaultEndianExprIsBe_t" time="0.000152826309204102" />
    <testcase name="Equals (384)" classname="spec_perl_TestDefaultEndianExprIsBe_t" time="0.000123023986816406" />
    <testcase name="Equals (385)" classname="spec_perl_TestDefaultEndianExprIsBe_t" time="0.000147104263305664" />
    <testcase name="Equals (386)" classname="spec_perl_TestDefaultEndianExprIsBe_t" time="0.000123977661132812" />
    <testcase name="Equals (387)" classname="spec_perl_TestDefaultEndianExprIsBe_t" time="0.000123023986816406" />
    <testcase name="Equals (388)" classname="spec_perl_TestDefaultEndianExprIsBe_t" time="0.000155925750732422" />
    <testcase name="Equals (389)" classname="spec_perl_TestDefaultEndianExprIsBe_t" time="0.00014805793762207" />
  </testsuite>
  <testsuite name="spec_perl_TestProcessCustomNoArgs_t" errors="1" failures="0" skipped="0" tests="0" time="0.054203987121582">
    <system-out></system-out>
    <testcase name="Test died too soon, even before plan. (389)" classname="spec_perl_TestProcessCustomNoArgs_t" time="0.054203987121582">
      <failure message="The test suite died before a plan was produced. You need to have a plan." type="Plan">No plan</failure>
    </testcase>
  </testsuite>
  <testsuite name="spec_perl_TestParamsEnum_t" errors="0" failures="1" skipped="0" tests="2" time="0.0450668334960938">
    <system-out>1..2
ok 1 - Equals
not ok 2 - Equals
</system-out>
    <testcase name="Equals (390)" classname="spec_perl_TestParamsEnum_t" time="0.000238895416259766" />
    <testcase name="Equals (391)" classname="spec_perl_TestParamsEnum_t" time="0.000902175903320312">
      <failure message="not ok 2 - Equals" type="TAP::Parser::Result::Test"></failure>
    </testcase>
  </testsuite>
  <testsuite name="spec_perl_TestNestedTypes3_t" errors="0" failures="0" skipped="0" tests="5" time="0.0441608428955078">
    <system-out>1..5
ok 1 - Equals
ok 2 - Equals
ok 3 - Equals
ok 4 - Equals
ok 5 - Equals
</system-out>
    <testcase name="Equals (392)" classname="spec_perl_TestNestedTypes3_t" time="0.000259876251220703" />
    <testcase name="Equals (393)" classname="spec_perl_TestNestedTypes3_t" time="8.20159912109375e-05" />
    <testcase name="Equals (394)" classname="spec_perl_TestNestedTypes3_t" time="0.0001220703125" />
    <testcase name="Equals (395)" classname="spec_perl_TestNestedTypes3_t" time="0.000130891799926758" />
    <testcase name="Equals (396)" classname="spec_perl_TestNestedTypes3_t" time="0.000144004821777344" />
  </testsuite>
  <testsuite name="spec_perl_TestValidShort_t" errors="1" failures="0" skipped="0" tests="0" time="0.0449550151824951">
    <system-out></system-out>
    <testcase name="Test died too soon, even before plan. (396)" classname="spec_perl_TestValidShort_t" time="0.0449550151824951">
      <failure message="The test suite died before a plan was produced. You need to have a plan." type="Plan">No plan</failure>
    </testcase>
  </testsuite>
  <testsuite name="spec_perl_TestCombineBytes_t" errors="0" failures="0" skipped="0" tests="10" time="0.0447521209716797">
    <system-out>1..10
ok 1 - Equals
ok 2 - Equals
ok 3 - Equals
ok 4 - Equals
ok 5 - Equals
ok 6 - Equals
ok 7 - Equals
ok 8 - Equals
ok 9 - Equals
ok 10 - Equals
</system-out>
    <testcase name="Equals (397)" classname="spec_perl_TestCombineBytes_t" time="0.000283956527709961" />
    <testcase name="Equals (398)" classname="spec_perl_TestCombineBytes_t" time="9.20295715332031e-05" />
    <testcase name="Equals (399)" classname="spec_perl_TestCombineBytes_t" time="8.60691070556641e-05" />
    <testcase name="Equals (400)" classname="spec_perl_TestCombineBytes_t" time="0.000159025192260742" />
    <testcase name="Equals (401)" classname="spec_perl_TestCombineBytes_t" time="0.000117063522338867" />
    <testcase name="Equals (402)" classname="spec_perl_TestCombineBytes_t" time="0.00013279914855957" />
    <testcase name="Equals (403)" classname="spec_perl_TestCombineBytes_t" time="0.000116109848022461" />
    <testcase name="Equals (404)" classname="spec_perl_TestCombineBytes_t" time="0.000145912170410156" />
    <testcase name="Equals (405)" classname="spec_perl_TestCombineBytes_t" time="0.000115156173706055" />
    <testcase name="Equals (406)" classname="spec_perl_TestCombineBytes_t" time="0.000154018402099609" />
  </testsuite>
  <testsuite name="spec_perl_TestProcessXor4Const_t" errors="0" failures="0" skipped="0" tests="2" time="0.0437779426574707">
    <system-out>1..2
ok 1 - Equals
ok 2 - Equals
</system-out>
    <testcase name="Equals (407)" classname="spec_perl_TestProcessXor4Const_t" time="0.000250101089477539" />
    <testcase name="Equals (408)" classname="spec_perl_TestProcessXor4Const_t" time="7.79628753662109e-05" />
  </testsuite>
  <testsuite name="spec_perl_TestRepeatUntilCalcArrayType_t" errors="0" failures="0" skipped="0" tests="7" time="0.0473239421844482">
    <system-out>1..7
ok 1 - Equals
ok 2 - Equals
ok 3 - Equals
ok 4 - Equals
ok 5 - Equals
ok 6 - Equals
ok 7 - Equals
</system-out>
    <testcase name="Equals (409)" classname="spec_perl_TestRepeatUntilCalcArrayType_t" time="0.00070500373840332" />
    <testcase name="Equals (410)" classname="spec_perl_TestRepeatUntilCalcArrayType_t" time="0.000104188919067383" />
    <testcase name="Equals (411)" classname="spec_perl_TestRepeatUntilCalcArrayType_t" time="5.79357147216797e-05" />
    <testcase name="Equals (412)" classname="spec_perl_TestRepeatUntilCalcArrayType_t" time="0.000117063522338867" />
    <testcase name="Equals (413)" classname="spec_perl_TestRepeatUntilCalcArrayType_t" time="0.000130891799926758" />
    <testcase name="Equals (414)" classname="spec_perl_TestRepeatUntilCalcArrayType_t" time="0.000134944915771484" />
    <testcase name="Equals (415)" classname="spec_perl_TestRepeatUntilCalcArrayType_t" time="0.000115156173706055" />
  </testsuite>
  <testsuite name="spec_perl_TestPositionToEnd_t" errors="0" failures="0" skipped="0" tests="2" time="0.0447089672088623">
    <system-out>1..2
ok 1 - Equals
ok 2 - Equals
</system-out>
    <testcase name="Equals (416)" classname="spec_perl_TestPositionToEnd_t" time="0.000284194946289062" />
    <testcase name="Equals (417)" classname="spec_perl_TestPositionToEnd_t" time="8.08238983154297e-05" />
  </testsuite>
  <testsuite name="spec_perl_TestCastToTop_t" errors="0" failures="0" skipped="0" tests="3" time="0.0437121391296387">
    <system-out>1..3
ok 1 - Equals
ok 2 - Equals
ok 3 - Equals
</system-out>
    <testcase name="Equals (418)" classname="spec_perl_TestCastToTop_t" time="0.000243186950683594" />
    <testcase name="Equals (419)" classname="spec_perl_TestCastToTop_t" time="0.000119924545288086" />
    <testcase name="Equals (420)" classname="spec_perl_TestCastToTop_t" time="0.000150918960571289" />
  </testsuite>
  <testsuite name="spec_perl_TestParamsPassArrayInt_t" errors="0" failures="1" skipped="6" tests="7" time="0.0486741065979004">
    <system-out>1..7
not ok 1 - test_params_pass_array_int died (Can't use an undefined value as an ARRAY reference at spec/perl/TestParamsPassArrayInt.t line 15.)
ok 2 # skip test_params_pass_array_int died
ok 3 # skip test_params_pass_array_int died
ok 4 # skip test_params_pass_array_int died
ok 5 # skip test_params_pass_array_int died
ok 6 # skip test_params_pass_array_int died
ok 7 # skip test_params_pass_array_int died
</system-out>
    <testcase name="test_params_pass_array_int died (Can't use an undefined value as an ARRAY reference at spec/perl/TestParamsPassArrayInt.t line 15.) (420)" classname="spec_perl_TestParamsPassArrayInt_t" time="0.00035405158996582">
      <failure message="not ok 1 - test_params_pass_array_int died (Can't use an undefined value as an ARRAY reference at spec/perl/TestParamsPassArrayInt.t line 15.)" type="TAP::Parser::Result::Test"></failure>
    </testcase>
    <testcase name="Unnamed test case 420" classname="spec_perl_TestParamsPassArrayInt_t" time="0.00201582908630371">
      <skipped message="ok 2 # skip test_params_pass_array_int died" />
    </testcase>
    <testcase name="Unnamed test case 421" classname="spec_perl_TestParamsPassArrayInt_t" time="0.000295162200927734">
      <skipped message="ok 3 # skip test_params_pass_array_int died" />
    </testcase>
    <testcase name="Unnamed test case 422" classname="spec_perl_TestParamsPassArrayInt_t" time="8.08238983154297e-05">
      <skipped message="ok 4 # skip test_params_pass_array_int died" />
    </testcase>
    <testcase name="Unnamed test case 423" classname="spec_perl_TestParamsPassArrayInt_t" time="0.000138998031616211">
      <skipped message="ok 5 # skip test_params_pass_array_int died" />
    </testcase>
    <testcase name="Unnamed test case 424" classname="spec_perl_TestParamsPassArrayInt_t" time="0.000112056732177734">
      <skipped message="ok 6 # skip test_params_pass_array_int died" />
    </testcase>
    <testcase name="Unnamed test case 425" classname="spec_perl_TestParamsPassArrayInt_t" time="0.00014495849609375">
      <skipped message="ok 7 # skip test_params_pass_array_int died" />
    </testcase>
  </testsuite>
  <testsuite name="spec_perl_TestNavParentOverride_t" errors="0" failures="0" skipped="0" tests="3" time="0.0454258918762207">
    <system-out>1..3
ok 1 - Equals
ok 2 - Equals
ok 3 - Equals
</system-out>
    <testcase name="Equals (425)" classname="spec_perl_TestNavParentOverride_t" time="0.000344991683959961" />
    <testcase name="Equals (426)" classname="spec_perl_TestNavParentOverride_t" time="8.89301300048828e-05" />
    <testcase name="Equals (427)" classname="spec_perl_TestNavParentOverride_t" time="8.29696655273438e-05" />
  </testsuite>
  <testsuite name="spec_perl_TestUserType_t" errors="0" failures="0" skipped="0" tests="2" time="0.0443329811096191">
    <system-out>1..2
ok 1 - Equals
ok 2 - Equals
</system-out>
    <testcase name="Equals (428)" classname="spec_perl_TestUserType_t" time="0.000273227691650391" />
    <testcase name="Equals (429)" classname="spec_perl_TestUserType_t" time="8.08238983154297e-05" />
  </testsuite>
  <testsuite name="spec_perl_TestStrPadTerm_t" errors="0" failures="0" skipped="0" tests="4" time="0.047576904296875">
    <system-out>1..4
ok 1 - Equals
ok 2 - Equals
ok 3 - Equals
ok 4 - Equals
</system-out>
    <testcase name="Equals (430)" classname="spec_perl_TestStrPadTerm_t" time="0.000348091125488281" />
    <testcase name="Equals (431)" classname="spec_perl_TestStrPadTerm_t" time="8.79764556884766e-05" />
    <testcase name="Equals (432)" classname="spec_perl_TestStrPadTerm_t" time="5.69820404052734e-05" />
    <testcase name="Equals (433)" classname="spec_perl_TestStrPadTerm_t" time="0.000150918960571289" />
  </testsuite>
  <testsuite name="spec_perl_TestSwitchManualIntSizeEos_t" errors="0" failures="0" skipped="0" tests="10" time="0.0504429340362549">
    <system-out>1..10
ok 1 - Equals
ok 2 - Equals
ok 3 - Equals
ok 4 - Equals
ok 5 - Equals
ok 6 - Equals
ok 7 - Equals
ok 8 - Equals
ok 9 - Equals
ok 10 - Equals
</system-out>
    <testcase name="Equals (434)" classname="spec_perl_TestSwitchManualIntSizeEos_t" time="0.000787973403930664" />
    <testcase name="Equals (435)" classname="spec_perl_TestSwitchManualIntSizeEos_t" time="0.000103950500488281" />
    <testcase name="Equals (436)" classname="spec_perl_TestSwitchManualIntSizeEos_t" time="5.91278076171875e-05" />
    <testcase name="Equals (437)" classname="spec_perl_TestSwitchManualIntSizeEos_t" time="0.000154972076416016" />
    <testcase name="Equals (438)" classname="spec_perl_TestSwitchManualIntSizeEos_t" time="0.000131845474243164" />
    <testcase name="Equals (439)" classname="spec_perl_TestSwitchManualIntSizeEos_t" time="0.00018310546875" />
    <testcase name="Equals (440)" classname="spec_perl_TestSwitchManualIntSizeEos_t" time="0.000120878219604492" />
    <testcase name="Equals (441)" classname="spec_perl_TestSwitchManualIntSizeEos_t" time="0.000168085098266602" />
    <testcase name="Equals (442)" classname="spec_perl_TestSwitchManualIntSizeEos_t" time="0.00010991096496582" />
    <testcase name="Equals (443)" classname="spec_perl_TestSwitchManualIntSizeEos_t" time="0.000144004821777344" />
  </testsuite>
  <testsuite name="spec_perl_TestExprMod_t" errors="0" failures="0" skipped="0" tests="6" time="0.0442910194396973">
    <system-out>1..6
ok 1 - Equals
ok 2 - Equals
[...]
    <testcase name="Equals (747)" classname="spec_perl_TestDefaultEndianExprInherited_t" time="0.000163078308105469" />
  </testsuite>
  <testsuite name="spec_perl_TestSwitchManualStrElse_t" errors="0" failures="0" skipped="0" tests="9" time="0.0502009391784668">
    <system-out>1..9
ok 1 - Equals
ok 2 - Equals
ok 3 - Equals
ok 4 - Equals
ok 5 - Equals
ok 6 - Equals
ok 7 - Equals
ok 8 - Equals
ok 9 - Equals
</system-out>
    <testcase name="Equals (748)" classname="spec_perl_TestSwitchManualStrElse_t" time="0.000379085540771484" />
    <testcase name="Equals (749)" classname="spec_perl_TestSwitchManualStrElse_t" time="9.08374786376953e-05" />
    <testcase name="Equals (750)" classname="spec_perl_TestSwitchManualStrElse_t" time="7.41481781005859e-05" />
    <testcase name="Equals (751)" classname="spec_perl_TestSwitchManualStrElse_t" time="0.000154972076416016" />
    <testcase name="Equals (752)" classname="spec_perl_TestSwitchManualStrElse_t" time="0.0001220703125" />
    <testcase name="Equals (753)" classname="spec_perl_TestSwitchManualStrElse_t" time="0.000135898590087891" />
    <testcase name="Equals (754)" classname="spec_perl_TestSwitchManualStrElse_t" time="0.000128030776977539" />
    <testcase name="Equals (755)" classname="spec_perl_TestSwitchManualStrElse_t" time="0.000154018402099609" />
    <testcase name="Equals (756)" classname="spec_perl_TestSwitchManualStrElse_t" time="0.000120878219604492" />
  </testsuite>
  <testsuite name="spec_perl_TestDefaultEndianExprException_t" errors="0" failures="0" skipped="0" tests="1" time="0.0459620952606201">
    <system-out>1..1
ok 1 - Died
</system-out>
    <testcase name="Died (756)" classname="spec_perl_TestDefaultEndianExprException_t" time="0.000271081924438477" />
  </testsuite>
  <testsuite name="spec_perl_TestNavParent2_t" errors="0" failures="0" skipped="0" tests="10" time="0.0482089519500732">
    <system-out>1..10
ok 1 - Equals
ok 2 - Equals
ok 3 - Equals
ok 4 - Equals
ok 5 - Equals
ok 6 - Equals
ok 7 - Equals
ok 8 - Equals
ok 9 - Equals
ok 10 - Equals
</system-out>
    <testcase name="Equals (757)" classname="spec_perl_TestNavParent2_t" time="0.000319004058837891" />
    <testcase name="Equals (758)" classname="spec_perl_TestNavParent2_t" time="0.000108003616333008" />
    <testcase name="Equals (759)" classname="spec_perl_TestNavParent2_t" time="6.00814819335938e-05" />
    <testcase name="Equals (760)" classname="spec_perl_TestNavParent2_t" time="0.000134944915771484" />
    <testcase name="Equals (761)" classname="spec_perl_TestNavParent2_t" time="0.000128984451293945" />
    <testcase name="Equals (762)" classname="spec_perl_TestNavParent2_t" time="0.000190019607543945" />
    <testcase name="Equals (763)" classname="spec_perl_TestNavParent2_t" time="0.000115871429443359" />
    <testcase name="Equals (764)" classname="spec_perl_TestNavParent2_t" time="0.00014495849609375" />
    <testcase name="Equals (765)" classname="spec_perl_TestNavParent2_t" time="0.000194072723388672" />
    <testcase name="Equals (766)" classname="spec_perl_TestNavParent2_t" time="0.000173091888427734" />
  </testsuite>
  <testsuite name="spec_perl_TestRepeatNStrzDouble_t" errors="0" failures="0" skipped="0" tests="3" time="0.0470130443572998">
    <system-out>1..3
ok 1 - Equals
ok 2 - Equals
ok 3 - Equals
</system-out>
    <testcase name="Equals (767)" classname="spec_perl_TestRepeatNStrzDouble_t" time="0.000307083129882812" />
    <testcase name="Equals (768)" classname="spec_perl_TestRepeatNStrzDouble_t" time="8.48770141601562e-05" />
    <testcase name="Equals (769)" classname="spec_perl_TestRepeatNStrzDouble_t" time="0.00012516975402832" />
  </testsuite>
  <testsuite name="spec_perl_TestParamsPassArrayStr_t" errors="0" failures="1" skipped="6" tests="7" time="0.0507650375366211">
    <system-out>1..7
not ok 1 - test_params_pass_array_str died (Can't use an undefined value as an ARRAY reference at spec/perl/TestParamsPassArrayStr.t line 15.)
ok 2 # skip test_params_pass_array_str died
ok 3 # skip test_params_pass_array_str died
ok 4 # skip test_params_pass_array_str died
ok 5 # skip test_params_pass_array_str died
ok 6 # skip test_params_pass_array_str died
ok 7 # skip test_params_pass_array_str died
</system-out>
    <testcase name="test_params_pass_array_str died (Can't use an undefined value as an ARRAY reference at spec/perl/TestParamsPassArrayStr.t line 15.) (769)" classname="spec_perl_TestParamsPassArrayStr_t" time="0.000123023986816406">
      <failure message="not ok 1 - test_params_pass_array_str died (Can't use an undefined value as an ARRAY reference at spec/perl/TestParamsPassArrayStr.t line 15.)" type="TAP::Parser::Result::Test"></failure>
    </testcase>
    <testcase name="Unnamed test case 769" classname="spec_perl_TestParamsPassArrayStr_t" time="6.103515625e-05">
      <skipped message="ok 2 # skip test_params_pass_array_str died" />
    </testcase>
    <testcase name="Unnamed test case 770" classname="spec_perl_TestParamsPassArrayStr_t" time="3.29017639160156e-05">
      <skipped message="ok 3 # skip test_params_pass_array_str died" />
    </testcase>
    <testcase name="Unnamed test case 771" classname="spec_perl_TestParamsPassArrayStr_t" time="2.59876251220703e-05">
      <skipped message="ok 4 # skip test_params_pass_array_str died" />
    </testcase>
    <testcase name="Unnamed test case 772" classname="spec_perl_TestParamsPassArrayStr_t" time="2.59876251220703e-05">
      <skipped message="ok 5 # skip test_params_pass_array_str died" />
    </testcase>
    <testcase name="Unnamed test case 773" classname="spec_perl_TestParamsPassArrayStr_t" time="2.40802764892578e-05">
      <skipped message="ok 6 # skip test_params_pass_array_str died" />
    </testcase>
    <testcase name="Unnamed test case 774" classname="spec_perl_TestParamsPassArrayStr_t" time="2.40802764892578e-05">
      <skipped message="ok 7 # skip test_params_pass_array_str died" />
    </testcase>
  </testsuite>
  <testsuite name="spec_perl_TestRepeatNStrz_t" errors="0" failures="0" skipped="0" tests="2" time="0.0472791194915771">
    <system-out>1..2
ok 1 - Equals
ok 2 - Equals
</system-out>
    <testcase name="Equals (774)" classname="spec_perl_TestRepeatNStrz_t" time="0.000334978103637695" />
    <testcase name="Equals (775)" classname="spec_perl_TestRepeatNStrz_t" time="9.70363616943359e-05" />
  </testsuite>
  <testsuite name="spec_perl_TestIndexToParamUntil_t" errors="0" failures="2" skipped="0" tests="7" time="0.0634450912475586">
    <system-out>1..7
ok 1 - Equals
ok 2 - Equals
ok 3 - Equals
ok 4 - Equals
ok 5 - Equals
not ok 6 - Equals
not ok 7 - Equals
</system-out>
    <testcase name="Equals (776)" classname="spec_perl_TestIndexToParamUntil_t" time="0.0004730224609375" />
    <testcase name="Equals (777)" classname="spec_perl_TestIndexToParamUntil_t" time="0.000395059585571289" />
    <testcase name="Equals (778)" classname="spec_perl_TestIndexToParamUntil_t" time="0.000283956527709961" />
    <testcase name="Equals (779)" classname="spec_perl_TestIndexToParamUntil_t" time="0.000288009643554688" />
    <testcase name="Equals (780)" classname="spec_perl_TestIndexToParamUntil_t" time="0.000268936157226562" />
    <testcase name="Equals (781)" classname="spec_perl_TestIndexToParamUntil_t" time="0.000351905822753906">
      <failure message="not ok 6 - Equals" type="TAP::Parser::Result::Test"></failure>
    </testcase>
    <testcase name="Equals (782)" classname="spec_perl_TestIndexToParamUntil_t" time="0.000881195068359375">
      <failure message="not ok 7 - Equals" type="TAP::Parser::Result::Test"></failure>
    </testcase>
  </testsuite>
  <testsuite name="spec_perl_TestBufferedStruct_t" errors="0" failures="0" skipped="0" tests="7" time="0.0452871322631836">
    <system-out>1..7
ok 1 - Equals
ok 2 - Equals
ok 3 - Equals
ok 4 - Equals
ok 5 - Equals
ok 6 - Equals
ok 7 - Equals
</system-out>
    <testcase name="Equals (783)" classname="spec_perl_TestBufferedStruct_t" time="0.000610113143920898" />
    <testcase name="Equals (784)" classname="spec_perl_TestBufferedStruct_t" time="0.00010991096496582" />
    <testcase name="Equals (785)" classname="spec_perl_TestBufferedStruct_t" time="4.69684600830078e-05" />
    <testcase name="Equals (786)" classname="spec_perl_TestBufferedStruct_t" time="7.00950622558594e-05" />
    <testcase name="Equals (787)" classname="spec_perl_TestBufferedStruct_t" time="0.000159978866577148" />
    <testcase name="Equals (788)" classname="spec_perl_TestBufferedStruct_t" time="9.29832458496094e-05" />
    <testcase name="Equals (789)" classname="spec_perl_TestBufferedStruct_t" time="0.00014805793762207" />
  </testsuite>
  <testsuite name="spec_perl_TestEofExceptionU4_t" errors="0" failures="0" skipped="0" tests="1" time="0.0445930957794189">
    <system-out>1..1
ok 1 - Died
</system-out>
    <testcase name="Died (789)" classname="spec_perl_TestEofExceptionU4_t" time="0.000168085098266602" />
  </testsuite>
  <testsuite name="spec_perl_TestBytesPadTerm_t" errors="0" failures="0" skipped="0" tests="4" time="0.043936014175415">
    <system-out>1..4
ok 1 - Equals
ok 2 - Equals
ok 3 - Equals
ok 4 - Equals
</system-out>
    <testcase name="Equals (790)" classname="spec_perl_TestBytesPadTerm_t" time="0.000262975692749023" />
    <testcase name="Equals (791)" classname="spec_perl_TestBytesPadTerm_t" time="7.89165496826172e-05" />
    <testcase name="Equals (792)" classname="spec_perl_TestBytesPadTerm_t" time="0.000114917755126953" />
    <testcase name="Equals (793)" classname="spec_perl_TestBytesPadTerm_t" time="0.000144004821777344" />
  </testsuite>
  <testsuite name="spec_perl_TestTypeTernary2ndFalsy_t" errors="0" failures="1" skipped="0" tests="13" time="0.0496339797973633">
    <system-out>1..13
ok 1 - Equals
ok 2 - Equals
ok 3 - Equals
ok 4 - Approx equals
ok 5 - Approx equals
ok 6 - Equals
ok 7 - Equals
ok 8 - Equals
ok 9 - nil
ok 10 - Equals
ok 11 - Equals
ok 12 - Equals
not ok 13 - test_type_ternary_2nd_falsy died (Can't use an undefined value as an ARRAY reference at spec/perl/TestTypeTernary2ndFalsy.t line 27.)
</system-out>
    <testcase name="Equals (794)" classname="spec_perl_TestTypeTernary2ndFalsy_t" time="0.000324010848999023" />
    <testcase name="Equals (795)" classname="spec_perl_TestTypeTernary2ndFalsy_t" time="8.89301300048828e-05" />
    <testcase name="Equals (796)" classname="spec_perl_TestTypeTernary2ndFalsy_t" time="5.79357147216797e-05" />
    <testcase name="Approx equals (796)" classname="spec_perl_TestTypeTernary2ndFalsy_t" time="6.79492950439453e-05" />
    <testcase name="Approx equals (797)" classname="spec_perl_TestTypeTernary2ndFalsy_t" time="5.50746917724609e-05" />
    <testcase name="Equals (797)" classname="spec_perl_TestTypeTernary2ndFalsy_t" time="0.000120878219604492" />
    <testcase name="Equals (798)" classname="spec_perl_TestTypeTernary2ndFalsy_t" time="0.000147104263305664" />
    <testcase name="Equals (799)" classname="spec_perl_TestTypeTernary2ndFalsy_t" time="0.000113010406494141" />
    <testcase name="nil (799)" classname="spec_perl_TestTypeTernary2ndFalsy_t" time="6.19888305664062e-05" />
    <testcase name="Equals (800)" classname="spec_perl_TestTypeTernary2ndFalsy_t" time="0.000150918960571289" />
    <testcase name="Equals (801)" classname="spec_perl_TestTypeTernary2ndFalsy_t" time="0.000118017196655273" />
    <testcase name="Equals (802)" classname="spec_perl_TestTypeTernary2ndFalsy_t" time="0.00014495849609375" />
    <testcase name="test_type_ternary_2nd_falsy died (Can't use an undefined value as an ARRAY reference at spec/perl/TestTypeTernary2ndFalsy.t line 27.) (802)" classname="spec_perl_TestTypeTernary2ndFalsy_t" time="0.000271081924438477">
      <failure message="not ok 13 - test_type_ternary_2nd_falsy died (Can't use an undefined value as an ARRAY reference at spec/perl/TestTypeTernary2ndFalsy.t line 27.)" type="TAP::Parser::Result::Test"></failure>
    </testcase>
  </testsuite>
  <testsuite name="spec_perl_TestSwitchManualIntSizeElse_t" errors="0" failures="0" skipped="0" tests="10" time="0.0510649681091309">
    <system-out>1..10
ok 1 - Equals
ok 2 - Equals
ok 3 - Equals
ok 4 - Equals
ok 5 - Equals
ok 6 - Equals
ok 7 - Equals
ok 8 - Equals
ok 9 - Equals
ok 10 - Equals
</system-out>
    <testcase name="Equals (803)" classname="spec_perl_TestSwitchManualIntSizeElse_t" time="0.00074315071105957" />
    <testcase name="Equals (804)" classname="spec_perl_TestSwitchManualIntSizeElse_t" time="0.000103950500488281" />
    <testcase name="Equals (805)" classname="spec_perl_TestSwitchManualIntSizeElse_t" time="5.79357147216797e-05" />
    <testcase name="Equals (806)" classname="spec_perl_TestSwitchManualIntSizeElse_t" time="0.000140905380249023" />
    <testcase name="Equals (807)" classname="spec_perl_TestSwitchManualIntSizeElse_t" time="0.0001220703125" />
    <testcase name="Equals (808)" classname="spec_perl_TestSwitchManualIntSizeElse_t" time="0.000177145004272461" />
    <testcase name="Equals (809)" classname="spec_perl_TestSwitchManualIntSizeElse_t" time="0.000136852264404297" />
    <testcase name="Equals (810)" classname="spec_perl_TestSwitchManualIntSizeElse_t" time="0.000160932540893555" />
    <testcase name="Equals (811)" classname="spec_perl_TestSwitchManualIntSizeElse_t" time="0.000121116638183594" />
    <testcase name="Equals (812)" classname="spec_perl_TestSwitchManualIntSizeElse_t" time="0.00014495849609375" />
  </testsuite>
  <testsuite name="spec_perl_TestNavParentVsValueInst_t" errors="0" failures="0" skipped="0" tests="1" time="0.0478310585021973">
    <system-out>1..1
ok 1 - Equals
</system-out>
    <testcase name="Equals (813)" classname="spec_perl_TestNavParentVsValueInst_t" time="0.000319004058837891" />
  </testsuite>
  <testsuite name="spec_perl_TestEnumToIClassBorder1_t" errors="0" failures="1" skipped="0" tests="3" time="0.0483160018920898">
    <system-out>1..3
ok 1 - Equals
ok 2 - Equals
not ok 3 - test_enum_to_i_class_border_1 died (Can't call method &quot;some_dog&quot; on an undefined value at compiled/perl/EnumToIClassBorder2.pm line 42.)
</system-out>
    <testcase name="Equals (814)" classname="spec_perl_TestEnumToIClassBorder1_t" time="0.000285148620605469" />
    <testcase name="Equals (815)" classname="spec_perl_TestEnumToIClassBorder1_t" time="7.89165496826172e-05" />
    <testcase name="test_enum_to_i_class_border_1 died (Can't call method &quot;some_dog&quot; on an undefined value at compiled/perl/EnumToIClassBorder2.pm line 42.) (815)" classname="spec_perl_TestEnumToIClassBorder1_t" time="0.000267982482910156">
      <failure message="not ok 3 - test_enum_to_i_class_border_1 died (Can't call method &quot;some_dog&quot; on an undefined value at compiled/perl/EnumToIClassBorder2.pm line 42.)" type="TAP::Parser::Result::Test"></failure>
    </testcase>
  </testsuite>
  <testsuite name="spec_perl_TestSwitchIntegers2_t" errors="0" failures="0" skipped="0" tests="5" time="0.0440809726715088">
    <system-out>1..5
ok 1 - Equals
ok 2 - Equals
ok 3 - Equals
ok 4 - Equals
ok 5 - Equals
</system-out>
    <testcase name="Equals (816)" classname="spec_perl_TestSwitchIntegers2_t" time="0.000239133834838867" />
    <testcase name="Equals (817)" classname="spec_perl_TestSwitchIntegers2_t" time="8.48770141601562e-05" />
    <testcase name="Equals (818)" classname="spec_perl_TestSwitchIntegers2_t" time="0.000133991241455078" />
    <testcase name="Equals (819)" classname="spec_perl_TestSwitchIntegers2_t" time="0.000172138214111328" />
    <testcase name="Equals (820)" classname="spec_perl_TestSwitchIntegers2_t" time="0.000104904174804688" />
  </testsuite>
  <testsuite name="spec_perl_TestProcessCoerceBytes_t" errors="0" failures="0" skipped="0" tests="4" time="0.0441279411315918">
    <system-out>1..4
ok 1 - Equals
ok 2 - Equals
ok 3 - Equals
ok 4 - Equals
</system-out>
    <testcase name="Equals (821)" classname="spec_perl_TestProcessCoerceBytes_t" time="0.000288963317871094" />
    <testcase name="Equals (822)" classname="spec_perl_TestProcessCoerceBytes_t" time="8.48770141601562e-05" />
    <testcase name="Equals (823)" classname="spec_perl_TestProcessCoerceBytes_t" time="0.000113010406494141" />
    <testcase name="Equals (824)" classname="spec_perl_TestProcessCoerceBytes_t" time="0.000143051147460938" />
  </testsuite>
  <testsuite name="spec_perl_TestRepeatEosBit_t" errors="0" failures="0" skipped="0" tests="1" time="0.0441272258758545">
    <system-out>1..1
ok 1 - Equals
</system-out>
    <testcase name="Equals (825)" classname="spec_perl_TestRepeatEosBit_t" time="0.000323057174682617" />
  </testsuite>
  <testsuite name="spec_perl_TestParamsPassStruct_t" errors="0" failures="1" skipped="1" tests="4" time="0.05342698097229">
    <system-out>1..4
ok 1 - Equals
ok 2 - Equals
not ok 3 - test_params_pass_struct died (Can't call method &quot;foo&quot; on an undefined value at spec/perl/TestParamsPassStruct.t line 17.)
ok 4 # skip test_params_pass_struct died
</system-out>
    <testcase name="Equals (826)" classname="spec_perl_TestParamsPassStruct_t" time="0.000388145446777344" />
    <testcase name="Equals (827)" classname="spec_perl_TestParamsPassStruct_t" time="8.392333984375e-05" />
    <testcase name="test_params_pass_struct died (Can't call method &quot;foo&quot; on an undefined value at spec/perl/TestParamsPassStruct.t line 17.) (827)" classname="spec_perl_TestParamsPassStruct_t" time="0.000239849090576172">
      <failure message="not ok 3 - test_params_pass_struct died (Can't call method &quot;foo&quot; on an undefined value at spec/perl/TestParamsPassStruct.t line 17.)" type="TAP::Parser::Result::Test"></failure>
    </testcase>
    <testcase name="Unnamed test case 827" classname="spec_perl_TestParamsPassStruct_t" time="0.00583219528198242">
      <skipped message="ok 4 # skip test_params_pass_struct died" />
    </testcase>
  </testsuite>
  <testsuite name="spec_perl_TestDebugEnumName_t" errors="1" failures="0" skipped="0" tests="0" time="0.0425729751586914">
    <system-out></system-out>
    <testcase name="Test died too soon, even before plan. (827)" classname="spec_perl_TestDebugEnumName_t" time="0.0425729751586914">
      <failure message="The test suite died before a plan was produced. You need to have a plan." type="Plan">No plan</failure>
    </testcase>
  </testsuite>
  <testsuite name="spec_perl_TestEnum0_t" errors="0" failures="0" skipped="0" tests="2" time="0.0447089672088623">
    <system-out>1..2
ok 1 - Equals
ok 2 - Equals
</system-out>
    <testcase name="Equals (828)" classname="spec_perl_TestEnum0_t" time="0.000261068344116211" />
    <testcase name="Equals (829)" classname="spec_perl_TestEnum0_t" time="8.20159912109375e-05" />
  </testsuite>
  <testsuite name="spec_perl_TestTypeTernary_t" errors="0" failures="0" skipped="0" tests="1" time="0.0448000431060791">
    <system-out>1..1
ok 1 - Equals
</system-out>
    <testcase name="Equals (830)" classname="spec_perl_TestTypeTernary_t" time="0.000547170639038086" />
  </testsuite>
  <testsuite name="spec_perl_TestIfInstances_t" errors="0" failures="0" skipped="0" tests="1" time="0.0440561771392822">
    <system-out>1..1
ok 1 - nil
</system-out>
    <testcase name="nil (830)" classname="spec_perl_TestIfInstances_t" time="0.000864982604980469" />
  </testsuite>
  <testsuite name="spec_perl_TestExpr1_t" errors="0" failures="0" skipped="0" tests="4" time="0.0475730895996094">
    <system-out>1..4
ok 1 - Equals
ok 2 - Equals
ok 3 - Equals
ok 4 - Equals
</system-out>
    <testcase name="Equals (831)" classname="spec_perl_TestExpr1_t" time="0.00027918815612793" />
    <testcase name="Equals (832)" classname="spec_perl_TestExpr1_t" time="7.89165496826172e-05" />
    <testcase name="Equals (833)" classname="spec_perl_TestExpr1_t" time="0.000160932540893555" />
    <testcase name="Equals (834)" classname="spec_perl_TestExpr1_t" time="0.000143051147460938" />
  </testsuite>
</testsuites>
