<?xml version='1.0' encoding='utf-8'?>
<testsuites>
  <testsuite name="spec_perl_TestSwitchElseOnly_t" errors="0" failures="0" skipped="0" tests="3" time="0.0308990478515625">
    <system-out>1..3
ok 1 - Equals
ok 2 - Equals
ok 3 - Equals
</system-out>
    <testcase name="Equals" classname="spec_perl_TestSwitchElseOnly_t" time="0.00123190879821777" />
    <testcase name="Equals (2)" classname="spec_perl_TestSwitchElseOnly_t" time="4.50611114501953e-05" />
    <testcase name="Equals (3)" classname="spec_perl_TestSwitchElseOnly_t" time="6.50882720947266e-05" />
  </testsuite>
  <testsuite name="spec_perl_TestParamsPassBool_t" errors="0" failures="1" skipped="13" tests="14" time="0.0316531658172607">
    <system-out>1..14
not ok 1 - test_params_pass_bool died (Requested 2 bytes, but only 1 bytes available at ../runtime/perl/lib/IO/KaitaiStruct.pm line 338.)
ok 2 # skip test_params_pass_bool died
ok 3 # skip test_params_pass_bool died
ok 4 # skip test_params_pass_bool died
ok 5 # skip test_params_pass_bool died
ok 6 # skip test_params_pass_bool died
ok 7 # skip test_params_pass_bool died
ok 8 # skip test_params_pass_bool died
ok 9 # skip test_params_pass_bool died
ok 10 # skip test_params_pass_bool died
ok 11 # skip test_params_pass_bool died
ok 12 # skip test_params_pass_bool died
ok 13 # skip test_params_pass_bool died
ok 14 # skip test_params_pass_bool died
</system-out>
    <testcase name="test_params_pass_bool died (Requested 2 bytes, but only 1 bytes available at ../runtime/perl/lib/IO/KaitaiStruct.pm line 338.) (3)" classname="spec_perl_TestParamsPassBool_t" time="0.00129485130310059">
      <failure message="not ok 1 - test_params_pass_bool died (Requested 2 bytes, but only 1 bytes available at ../runtime/perl/lib/IO/KaitaiStruct.pm line 338.)" type="TAP::Parser::Result::Test"></failure>
    </testcase>
    <testcase name="Unnamed test case 3" classname="spec_perl_TestParamsPassBool_t" time="0.00055694580078125">
      <skipped message="ok 2 # skip test_params_pass_bool died" />
    </testcase>
    <testcase name="Unnamed test case 4" classname="spec_perl_TestParamsPassBool_t" time="0.00012516975402832">
      <skipped message="ok 3 # skip test_params_pass_bool died" />
    </testcase>
    <testcase name="Unnamed test case 5" classname="spec_perl_TestParamsPassBool_t" time="3.60012054443359e-05">
      <skipped message="ok 4 # skip test_params_pass_bool died" />
    </testcase>
    <testcase name="Unnamed test case 6" classname="spec_perl_TestParamsPassBool_t" time="3.19480895996094e-05">
      <skipped message="ok 5 # skip test_params_pass_bool died" />
    </testcase>
    <testcase name="Unnamed test case 7" classname="spec_perl_TestParamsPassBool_t" time="3.19480895996094e-05">
      <skipped message="ok 6 # skip test_params_pass_bool died" />
    </testcase>
    <testcase name="Unnamed test case 8" classname="spec_perl_TestParamsPassBool_t" time="3.19480895996094e-05">
      <skipped message="ok 7 # skip test_params_pass_bool died" />
    </testcase>
    <testcase name="Unnamed test case 9" classname="spec_perl_TestParamsPassBool_t" time="3.31401824951172e-05">
      <skipped message="ok 8 # skip test_params_pass_bool died" />
    </testcase>
    <testcase name="Unnamed test case 10" classname="spec_perl_TestParamsPassBool_t" time="3.09944152832031e-05">
      <skipped message="ok 9 # skip test_params_pass_bool died" />
    </testcase>
    <testcase name="Unnamed test case 11" classname="spec_perl_TestParamsPassBool_t" time="3.00407409667969e-05">
      <skipped message="ok 10 # skip test_params_pass_bool died" />
    </testcase>
    <testcase name="Unnamed test case 12" classname="spec_perl_TestParamsPassBool_t" time="3.19480895996094e-05">
      <skipped message="ok 11 # skip test_params_pass_bool died" />
    </testcase>
    <testcase name="Unnamed test case 13" classname="spec_perl_TestParamsPassBool_t" time="3.00407409667969e-05">
      <skipped message="ok 12 # skip test_params_pass_bool died" />
    </testcase>
    <testcase name="Unnamed test case 14" classname="spec_perl_TestParamsPassBool_t" time="3.09944152832031e-05">
      <skipped message="ok 13 # skip test_params_pass_bool died" />
    </testcase>
    <testcase name="Unnamed test case 15" classname="spec_perl_TestParamsPassBool_t" time="3.09944152832031e-05">
      <skipped message="ok 14 # skip test_params_pass_bool died" />
    </testcase>
  </testsuite>
  <testsuite name="spec_perl_TestMultipleUse_t" errors="0" failures="0" skipped="0" tests="2" time="0.03072190284729">
    <system-out>1..2
ok 1 - Equals
ok 2 - Equals
</system-out>
    <testcase name="Equals (15)" classname="spec_perl_TestMultipleUse_t" time="0.00124692916870117" />
    <testcase name="Equals (16)" classname="spec_perl_TestMultipleUse_t" time="7.00950622558594e-05" />
  </testsuite>
  <testsuite name="spec_perl_TestSwitchIntegers2_t" errors="0" failures="0" skipped="0" tests="5" time="0.0308120250701904">
    <system-out>1..5
ok 1 - Equals
ok 2 - Equals
ok 3 - Equals
ok 4 - Equals
ok 5 - Equals
</system-out>
    <testcase name="Equals (17)" classname="spec_perl_TestSwitchIntegers2_t" time="0.00121116638183594" />
    <testcase name="Equals (18)" classname="spec_perl_TestSwitchIntegers2_t" time="4.88758087158203e-05" />
    <testcase name="Equals (19)" classname="spec_perl_TestSwitchIntegers2_t" time="4.00543212890625e-05" />
    <testcase name="Equals (20)" classname="spec_perl_TestSwitchIntegers2_t" time="6.38961791992188e-05" />
    <testcase name="Equals (21)" classname="spec_perl_TestSwitchIntegers2_t" time="6.91413879394531e-05" />
  </testsuite>
  <testsuite name="spec_perl_TestDefaultEndianExprIsBe_t" errors="0" failures="0" skipped="0" tests="18" time="0.031994104385376">
    <system-out>1..18
ok 1 - Equals
ok 2 - Equals
ok 3 - Equals
ok 4 - Equals
ok 5 - Equals
ok 6 - Equals
ok 7 - Equals
ok 8 - Equals
ok 9 - Equals
ok 10 - Equals
ok 11 - Equals
ok 12 - Equals
ok 13 - Equals
ok 14 - Equals
ok 15 - Equals
ok 16 - Equals
ok 17 - Equals
ok 18 - Equals
</system-out>
    <testcase name="Equals (22)" classname="spec_perl_TestDefaultEndianExprIsBe_t" time="0.0012509822845459" />
    <testcase name="Equals (23)" classname="spec_perl_TestDefaultEndianExprIsBe_t" time="4.48226928710938e-05" />
    <testcase name="Equals (24)" classname="spec_perl_TestDefaultEndianExprIsBe_t" time="5.69820404052734e-05" />
    <testcase name="Equals (25)" classname="spec_perl_TestDefaultEndianExprIsBe_t" time="6.00814819335938e-05" />
    <testcase name="Equals (26)" classname="spec_perl_TestDefaultEndianExprIsBe_t" time="8.392333984375e-05" />
    <testcase name="Equals (27)" classname="spec_perl_TestDefaultEndianExprIsBe_t" time="8.70227813720703e-05" />
    <testcase name="Equals (28)" classname="spec_perl_TestDefaultEndianExprIsBe_t" time="6.103515625e-05" />
    <testcase name="Equals (29)" classname="spec_perl_TestDefaultEndianExprIsBe_t" time="6.60419464111328e-05" />
    <testcase name="Equals (30)" classname="spec_perl_TestDefaultEndianExprIsBe_t" time="5.41210174560547e-05" />
    <testcase name="Equals (31)" classname="spec_perl_TestDefaultEndianExprIsBe_t" time="5.69820404052734e-05" />
    <testcase name="Equals (32)" classname="spec_perl_TestDefaultEndianExprIsBe_t" time="7.20024108886719e-05" />
    <testcase name="Equals (33)" classname="spec_perl_TestDefaultEndianExprIsBe_t" time="7.58171081542969e-05" />
    <testcase name="Equals (34)" classname="spec_perl_TestDefaultEndianExprIsBe_t" time="6.103515625e-05" />
    <testcase name="Equals (35)" classname="spec_perl_TestDefaultEndianExprIsBe_t" time="5.79357147216797e-05" />
    <testcase name="Equals (36)" classname="spec_perl_TestDefaultEndianExprIsBe_t" time="6.00814819335938e-05" />
    <testcase name="Equals (37)" classname="spec_perl_TestDefaultEndianExprIsBe_t" time="6.103515625e-05" />
    <testcase name="Equals (38)" classname="spec_perl_TestDefaultEndianExprIsBe_t" time="6.89029693603516e-05" />
    <testcase name="Equals (39)" classname="spec_perl_TestDefaultEndianExprIsBe_t" time="7.20024108886719e-05" />
  </testsuite>
  <testsuite name="spec_perl_TestValidNotParsedIf_t" errors="0" failures="0" skipped="1" tests="1" time="0.0304291248321533">
    <system-out>1..1
ok 1 # skip ValidNotParsedIf=HASH(0x564ec7936060)
</system-out>
    <testcase name="Unnamed test case 39" classname="spec_perl_TestValidNotParsedIf_t" time="0.00145888328552246">
      <skipped message="ok 1 # skip ValidNotParsedIf=HASH(0x564ec7936060)" />
    </testcase>
  </testsuite>
  <testsuite name="spec_perl_TestBitsUnalignedB32Be_t" errors="0" failures="0" skipped="0" tests="3" time="0.0303750038146973">
    <system-out>1..3
ok 1 - Equals
ok 2 - Equals
ok 3 - Equals
</system-out>
    <testcase name="Equals (40)" classname="spec_perl_TestBitsUnalignedB32Be_t" time="0.00119900703430176" />
    <testcase name="Equals (41)" classname="spec_perl_TestBitsUnalignedB32Be_t" time="4.69684600830078e-05" />
    <testcase name="Equals (42)" classname="spec_perl_TestBitsUnalignedB32Be_t" time="5.69820404052734e-05" />
  </testsuite>
  <testsuite name="spec_perl_TestCombineEnum_t" errors="0" failures="0" skipped="0" tests="3" time="0.0310680866241455">
    <system-out>1..3
ok 1 - Equals
ok 2 - Equals
ok 3 - Equals
</system-out>
    <testcase name="Equals (43)" classname="spec_perl_TestCombineEnum_t" time="0.00115299224853516" />
    <testcase name="Equals (44)" classname="spec_perl_TestCombineEnum_t" time="5.00679016113281e-05" />
    <testcase name="Equals (45)" classname="spec_perl_TestCombineEnum_t" time="4.29153442382812e-05" />
  </testsuite>
  <testsuite name="spec_perl_TestDefaultEndianMod_t" errors="0" failures="0" skipped="0" tests="3" time="0.0304980278015137">
    <system-out>1..3
ok 1 - Equals
ok 2 - Equals
ok 3 - Equals
</system-out>
    <testcase name="Equals (46)" classname="spec_perl_TestDefaultEndianMod_t" time="0.00121593475341797" />
    <testcase name="Equals (47)" classname="spec_perl_TestDefaultEndianMod_t" time="4.50611114501953e-05" />
    <testcase name="Equals (48)" classname="spec_perl_TestDefaultEndianMod_t" time="5.50746917724609e-05" />
  </testsuite>
  <testsuite name="spec_perl_TestEnumInvalid_t" errors="0" failures="0" skipped="0" tests="2" time="0.0302040576934814">
    <system-out>1..2
ok 1 - Equals
ok 2 - Equals
</system-out>
    <testcase name="Equals (49)" classname="spec_perl_TestEnumInvalid_t" time="0.00116991996765137" />
    <testcase name="Equals (50)" classname="spec_perl_TestEnumInvalid_t" time="5.29289245605469e-05" />
  </testsuite>
  <testsuite name="spec_perl_TestFixedStruct_t" errors="0" failures="0" skipped="0" tests="20" time="0.032027006149292">
    <system-out>1..20
ok 1 - Equals
ok 2 - Equals
ok 3 - Equals
ok 4 - Equals
ok 5 - Equals
ok 6 - Equals
ok 7 - Equals
ok 8 - Equals
ok 9 - Equals
ok 10 - Equals
ok 11 - Equals
ok 12 - Equals
ok 13 - Equals
ok 14 - Equals
ok 15 - Equals
ok 16 - Equals
ok 17 - Equals
ok 18 - Equals
ok 19 - Equals
ok 20 - Equals
</system-out>
    <testcase name="Equals (51)" classname="spec_perl_TestFixedStruct_t" time="0.00121188163757324" />
    <testcase name="Equals (52)" classname="spec_perl_TestFixedStruct_t" time="4.69684600830078e-05" />
    <testcase name="Equals (53)" classname="spec_perl_TestFixedStruct_t" time="5.41210174560547e-05" />
    <testcase name="Equals (54)" classname="spec_perl_TestFixedStruct_t" time="6.19888305664062e-05" />
    <testcase name="Equals (55)" classname="spec_perl_TestFixedStruct_t" time="6.4849853515625e-05" />
    <testcase name="Equals (56)" classname="spec_perl_TestFixedStruct_t" time="5.69820404052734e-05" />
    <testcase name="Equals (57)" classname="spec_perl_TestFixedStruct_t" time="5.91278076171875e-05" />
    <testcase name="Equals (58)" classname="spec_perl_TestFixedStruct_t" time="6.79492950439453e-05" />
    <testcase name="Equals (59)" classname="spec_perl_TestFixedStruct_t" time="7.41481781005859e-05" />
    <testcase name="Equals (60)" classname="spec_perl_TestFixedStruct_t" time="6.07967376708984e-05" />
    <testcase name="Equals (61)" classname="spec_perl_TestFixedStruct_t" time="6.00814819335938e-05" />
    <testcase name="Equals (62)" classname="spec_perl_TestFixedStruct_t" time="5.91278076171875e-05" />
    <testcase name="Equals (63)" classname="spec_perl_TestFixedStruct_t" time="6.38961791992188e-05" />
    <testcase name="Equals (64)" classname="spec_perl_TestFixedStruct_t" time="5.38825988769531e-05" />
    <testcase name="Equals (65)" classname="spec_perl_TestFixedStruct_t" time="6.19888305664062e-05" />
    <testcase name="Equals (66)" classname="spec_perl_TestFixedStruct_t" time="5.81741333007812e-05" />
    <testcase name="Equals (67)" classname="spec_perl_TestFixedStruct_t" time="5.38825988769531e-05" />
    <testcase name="Equals (68)" classname="spec_perl_TestFixedStruct_t" time="5.91278076171875e-05" />
    <testcase name="Equals (69)" classname="spec_perl_TestFixedStruct_t" time="5.88893890380859e-05" />
    <testcase name="Equals (70)" classname="spec_perl_TestFixedStruct_t" time="5.69820404052734e-05" />
  </testsuite>
  <testsuite name="spec_perl_TestExprMod_t" errors="0" failures="0" skipped="0" tests="6" time="0.030601978302002">
    <system-out>1..6
ok 1 - Equals
ok 2 - Equals
ok 3 - Equals
ok 4 - Equals
ok 5 - Equals
ok 6 - Equals
</system-out>
    <testcase name="Equals (71)" classname="spec_perl_TestExprMod_t" time="0.00117182731628418" />
    <testcase name="Equals (72)" classname="spec_perl_TestExprMod_t" time="4.31537628173828e-05" />
    <testcase name="Equals (73)" classname="spec_perl_TestExprMod_t" time="3.69548797607422e-05" />
    <testcase name="Equals (74)" classname="spec_perl_TestExprMod_t" time="7.10487365722656e-05" />
    <testcase name="Equals (75)" classname="spec_perl_TestExprMod_t" time="8.392333984375e-05" />
    <testcase name="Equals (76)" classname="spec_perl_TestExprMod_t" time="6.19888305664062e-05" />
  </testsuite>
  <testsuite name="spec_perl_TestIndexToParamUntil_t" errors="0" failures="2" skipped="0" tests="7" time="0.0365879535675049">
    <system-out>1..7
ok 1 - Equals
ok 2 - Equals
ok 3 - Equals
ok 4 - Equals
ok 5 - Equals
not ok 6 - Equals
not ok 7 - Equals
</system-out>
    <testcase name="Equals (77)" classname="spec_perl_TestIndexToParamUntil_t" time="0.00240302085876465" />
    <testcase name="Equals (78)" classname="spec_perl_TestIndexToParamUntil_t" time="7.89165496826172e-05" />
    <testcase name="Equals (79)" classname="spec_perl_TestIndexToParamUntil_t" time="3.50475311279297e-05" />
    <testcase name="Equals (80)" classname="spec_perl_TestIndexToParamUntil_t" time="3.60012054443359e-05" />
    <testcase name="Equals (81)" classname="spec_perl_TestIndexToParamUntil_t" time="4.1961669921875e-05" />
    <testcase name="Equals (82)" classname="spec_perl_TestIndexToParamUntil_t" time="4.10079956054688e-05">
      <failure message="not ok 6 - Equals" type="TAP::Parser::Result::Test"></failure>
    </testcase>
    <testcase name="Equals (83)" classname="spec_perl_TestIndexToParamUntil_t" time="0.00053715705871582">
      <failure message="not ok 7 - Equals" type="TAP::Parser::Result::Test"></failure>
    </testcase>
  </testsuite>
  <testsuite name="spec_perl_TestIfValues_t" errors="0" failures="0" skipped="0" tests="6" time="0.0305299758911133">
    <system-out>1..6
ok 1 - Equals
ok 2 - Equals
ok 3 - Equals
ok 4 - nil
ok 5 - Equals
ok 6 - nil
</system-out>
    <testcase name="Equals (84)" classname="spec_perl_TestIfValues_t" time="0.00117206573486328" />
    <testcase name="Equals (85)" classname="spec_perl_TestIfValues_t" time="4.60147857666016e-05" />
    <testcase name="Equals (86)" classname="spec_perl_TestIfValues_t" time="5.29289245605469e-05" />
    <testcase name="nil (86)" classname="spec_perl_TestIfValues_t" time="3.91006469726562e-05" />
    <testcase name="Equals (87)" classname="spec_perl_TestIfValues_t" time="5.98430633544922e-05" />
    <testcase name="nil (87)" classname="spec_perl_TestIfValues_t" time="3.69548797607422e-05" />
  </testsuite>
  <testsuite name="spec_perl_TestMetaXref_t" errors="0" failures="0" skipped="1" tests="1" time="0.0302391052246094">
    <system-out>1..1
ok 1 # skip MetaXref=HASH(0x561a9188e490)
</system-out>
    <testcase name="Unnamed test case 87" classname="spec_perl_TestMetaXref_t" time="0.00139999389648438">
      <skipped message="ok 1 # skip MetaXref=HASH(0x561a9188e490)" />
    </testcase>
  </testsuite>
  <testsuite name="spec_perl_TestBitsSignedShiftB64Le_t" errors="0" failures="0" skipped="0" tests="2" time="0.0303761959075928">
    <system-out>1..2
ok 1 - Equals
ok 2 - Equals
</system-out>
    <testcase name="Equals (88)" classname="spec_perl_TestBitsSignedShiftB64Le_t" time="0.00126218795776367" />
    <testcase name="Equals (89)" classname="spec_perl_TestBitsSignedShiftB64Le_t" time="4.48226928710938e-05" />
  </testsuite>
  <testsuite name="spec_perl_TestEnumToIClassBorder1_t" errors="0" failures="1" skipped="0" tests="3" time="0.0319700241088867">
    <system-out>1..3
ok 1 - Equals
ok 2 - Equals
not ok 3 - test_enum_to_i_class_border_1 died (Can't call method &quot;some_dog&quot; on an undefined value at compiled/perl/EnumToIClassBorder2.pm line 42.)
</system-out>
    <testcase name="Equals (90)" classname="spec_perl_TestEnumToIClassBorder1_t" time="0.00118398666381836" />
    <testcase name="Equals (91)" classname="spec_perl_TestEnumToIClassBorder1_t" time="4.60147857666016e-05" />
    <testcase name="test_enum_to_i_class_border_1 died (Can't call method &quot;some_dog&quot; on an undefined value at compiled/perl/EnumToIClassBorder2.pm line 42.) (91)" classname="spec_perl_TestEnumToIClassBorder1_t" time="0.000147819519042969">
      <failure message="not ok 3 - test_enum_to_i_class_border_1 died (Can't call method &quot;some_dog&quot; on an undefined value at compiled/perl/EnumToIClassBorder2.pm line 42.)" type="TAP::Parser::Result::Test"></failure>
    </testcase>
  </testsuite>
  <testsuite name="spec_perl_TestBitsSignedResB32Be_t" errors="0" failures="0" skipped="0" tests="1" time="0.0302650928497314">
    <system-out>1..1
ok 1 - Equals
</system-out>
    <testcase name="Equals (92)" classname="spec_perl_TestBitsSignedResB32Be_t" time="0.00122809410095215" />
  </testsuite>
  <testsuite name="spec_perl_TestExprIoPos_t" errors="0" failures="0" skipped="0" tests="6" time="0.0350029468536377">
    <system-out>1..6
ok 1 - Equals
ok 2 - Equals
ok 3 - Equals
ok 4 - Equals
ok 5 - Equals
ok 6 - Equals
</system-out>
    <testcase name="Equals (93)" classname="spec_perl_TestExprIoPos_t" time="0.00155210494995117" />
    <testcase name="Equals (94)" classname="spec_perl_TestExprIoPos_t" time="5.69820404052734e-05" />
    <testcase name="Equals (95)" classname="spec_perl_TestExprIoPos_t" time="3.88622283935547e-05" />
    <testcase name="Equals (96)" classname="spec_perl_TestExprIoPos_t" time="6.91413879394531e-05" />
    <testcase name="Equals (97)" classname="spec_perl_TestExprIoPos_t" time="6.19888305664062e-05" />
    <testcase name="Equals (98)" classname="spec_perl_TestExprIoPos_t" time="5.98430633544922e-05" />
  </testsuite>
  <testsuite name="spec_perl_TestSwitchManualIntElse_t" errors="0" failures="0" skipped="0" tests="9" time="0.0353169441223145">
    <system-out>1..9
ok 1 - Equals
ok 2 - Equals
ok 3 - Equals
ok 4 - Equals
ok 5 - Equals
ok 6 - Equals
ok 7 - Equals
ok 8 - Equals
ok 9 - Equals
</system-out>
    <testcase name="Equals (99)" classname="spec_perl_TestSwitchManualIntElse_t" time="0.00135993957519531" />
    <testcase name="Equals (100)" classname="spec_perl_TestSwitchManualIntElse_t" time="4.69684600830078e-05" />
    <testcase name="Equals (101)" classname="spec_perl_TestSwitchManualIntElse_t" time="6.103515625e-05" />
    <testcase name="Equals (102)" classname="spec_perl_TestSwitchManualIntElse_t" time="6.19888305664062e-05" />
    <testcase name="Equals (103)" classname="spec_perl_TestSwitchManualIntElse_t" time="6.103515625e-05" />
    <testcase name="Equals (104)" classname="spec_perl_TestSwitchManualIntElse_t" time="6.38961791992188e-05" />
    <testcase name="Equals (105)" classname="spec_perl_TestSwitchManualIntElse_t" time="5.00679016113281e-05" />
    <testcase name="Equals (106)" classname="spec_perl_TestSwitchManualIntElse_t" time="6.00814819335938e-05" />
    <testcase name="Equals (107)" classname="spec_perl_TestSwitchManualIntElse_t" time="6.19888305664062e-05" />
  </testsuite>
  <testsuite name="spec_perl_TestZlibSurrounded_t" errors="0" failures="0" skipped="0" tests="1" time="0.0566630363464355">
    <system-out>1..1
ok 1 - Equals
</system-out>
    <testcase name="Equals (108)" classname="spec_perl_TestZlibSurrounded_t" time="0.00155520439147949" />
  </testsuite>
  <testsuite name="spec_perl_TestInstanceIoUser_t" errors="0" failures="0" skipped="0" tests="4" time="0.0351319313049316">
    <system-out>1..4
ok 1 - Equals
ok 2 - Equals
ok 3 - Equals
ok 4 - Equals
</system-out>
    <testcase name="Equals (109)" classname="spec_perl_TestInstanceIoUser_t" time="0.00159716606140137" />
    <testcase name="Equals (110)" classname="spec_perl_TestInstanceIoUser_t" time="7.70092010498047e-05" />
    <testcase name="Equals (111)" classname="spec_perl_TestInstanceIoUser_t" time="7.58171081542969e-05" />
    <testcase name="Equals (112)" classname="spec_perl_TestInstanceIoUser_t" time="7.51018524169922e-05" />
  </testsuite>
  <testsuite name="spec_perl_TestStrEncodings_t" errors="0" failures="0" skipped="0" tests="4" time="0.0386571884155273">
    <system-out>1..4
ok 1 - Equals
ok 2 - Equals
ok 3 - Equals
ok 4 - Equals
</system-out>
    <testcase name="Equals (113)" classname="spec_perl_TestStrEncodings_t" time="0.00455999374389648" />
    <testcase name="Equals (114)" classname="spec_perl_TestStrEncodings_t" time="4.88758087158203e-05" />
    <testcase name="Equals (115)" classname="spec_perl_TestStrEncodings_t" time="3.91006469726562e-05" />
    <testcase name="Equals (116)" classname="spec_perl_TestStrEncodings_t" time="6.69956207275391e-05" />
  </testsuite>
  <testsuite name="spec_perl_TestNavParent2_t" errors="0" failures="0" skipped="0" tests="10" time="0.0350420475006104">
    <system-out>1..10
ok 1 - Equals
ok 2 - Equals
ok 3 - Equals
ok 4 - Equals
ok 5 - Equals
ok 6 - Equals
ok 7 - Equals
ok 8 - Equals
ok 9 - Equals
ok 10 - Equals
</system-out>
    <testcase name="Equals (117)" classname="spec_perl_TestNavParent2_t" time="0.00127196311950684" />
    <testcase name="Equals (118)" classname="spec_perl_TestNavParent2_t" time="4.91142272949219e-05" />
    <testcase name="Equals (119)" classname="spec_perl_TestNavParent2_t" time="5.29289245605469e-05" />
    <testcase name="Equals (120)" classname="spec_perl_TestNavParent2_t" time="6.69956207275391e-05" />
    <testcase name="Equals (121)" classname="spec_perl_TestNavParent2_t" time="6.00814819335938e-05" />
    <testcase name="Equals (122)" classname="spec_perl_TestNavParent2_t" time="0.00010991096496582" />
    <testcase name="Equals (123)" classname="spec_perl_TestNavParent2_t" time="6.19888305664062e-05" />
    <testcase name="Equals (124)" classname="spec_perl_TestNavParent2_t" time="6.19888305664062e-05" />
    <testcase name="Equals (125)" classname="spec_perl_TestNavParent2_t" time="5.79357147216797e-05" />
    <testcase name="Equals (126)" classname="spec_perl_TestNavParent2_t" time="8.10623168945312e-05" />
  </testsuite>
  <testsuite name="spec_perl_TestUserType_t" errors="0" failures="0" skipped="0" tests="2" time="0.0304341316223145">
    <system-out>1..2
ok 1 - Equals
ok 2 - Equals
</system-out>
    <testcase name="Equals (127)" classname="spec_perl_TestUserType_t" time="0.00120687484741211" />
    <testcase name="Equals (128)" classname="spec_perl_TestUserType_t" time="4.60147857666016e-05" />
  </testsuite>
  <testsuite name="spec_perl_TestSwitchManualEnumInvalid_t" errors="0" failures="0" skipped="0" tests="5" time="0.0349559783935547">
    <system-out>1..5
ok 1 - Equals
ok 2 - Equals
ok 3 - nil
ok 4 - Equals
ok 5 - nil
</system-out>
    <testcase name="Equals (129)" classname="spec_perl_TestSwitchManualEnumInvalid_t" time="0.00120186805725098" />
    <testcase name="Equals (130)" classname="spec_perl_TestSwitchManualEnumInvalid_t" time="4.60147857666016e-05" />
    <testcase name="nil (130)" classname="spec_perl_TestSwitchManualEnumInvalid_t" time="3.91006469726562e-05" />
    <testcase name="Equals (131)" classname="spec_perl_TestSwitchManualEnumInvalid_t" time="4.91142272949219e-05" />
    <testcase name="nil (131)" classname="spec_perl_TestSwitchManualEnumInvalid_t" time="4.07695770263672e-05" />
  </testsuite>
  <testsuite name="spec_perl_TestHelloWorld_t" errors="0" failures="0" skipped="0" tests="1" time="0.0301308631896973">
    <system-out>1..1
ok 1 - Equals
</system-out>
    <testcase name="Equals (132)" classname="spec_perl_TestHelloWorld_t" time="0.0012052059173584" />
  </testsuite>
  <testsuite name="spec_perl_TestEnum0_t" errors="0" failures="0" skipped="0" tests="2" time="0.0303201675415039">
    <system-out>1..2
ok 1 - Equals
ok 2 - Equals
</system-out>
    <testcase name="Equals (133)" classname="spec_perl_TestEnum0_t" time="0.00119686126708984" />
    <testcase name="Equals (134)" classname="spec_perl_TestEnum0_t" time="4.60147857666016e-05" />
  </testsuite>
  <testsuite name="spec_perl_TestNavParentFalse_t" errors="0" failures="0" skipped="0" tests="5" time="0.0313358306884766">
    <system-out>1..5
ok 1 - Equals
ok 2 - Equals
ok 3 - Equals
ok 4 - Equals
ok 5 - Equals
</system-out>
    <testcase name="Equals (135)" classname="spec_perl_TestNavParentFalse_t" time="0.00124502182006836" />
    <testcase name="Equals (136)" classname="spec_perl_TestNavParentFalse_t" time="4.60147857666016e-05" />
    <testcase name="Equals (137)" classname="spec_perl_TestNavParentFalse_t" time="3.91006469726562e-05" />
    <testcase name="Equals (138)" classname="spec_perl_TestNavParentFalse_t" time="6.79492950439453e-05" />
    <testcase name="Equals (139)" classname="spec_perl_TestNavParentFalse_t" time="5.91278076171875e-05" />
  </testsuite>
  <testsuite name="spec_perl_TestNavRoot_t" errors="0" failures="0" skipped="0" tests="5" time="0.0351369380950928">
    <system-out>1..5
ok 1 - Equals
ok 2 - Equals
ok 3 - Equals
ok 4 - Equals
ok 5 - Equals
</system-out>
    <testcase name="Equals (140)" classname="spec_perl_TestNavRoot_t" time="0.0013279914855957" />
    <testcase name="Equals (141)" classname="spec_perl_TestNavRoot_t" time="4.79221343994141e-05" />
    <testcase name="Equals (142)" classname="spec_perl_TestNavRoot_t" time="5.10215759277344e-05" />
    <testcase name="Equals (143)" classname="spec_perl_TestNavRoot_t" time="6.79492950439453e-05" />
    <testcase name="Equals (144)" classname="spec_perl_TestNavRoot_t" time="5.81741333007812e-05" />
  </testsuite>
  <testsuite name="spec_perl_TestParamsCallShort_t" errors="0" failures="3" skipped="0" tests="3" time="0.0359029769897461">
    <system-out>1..3
not ok 1 - Equals
not ok 2 - Equals
not ok 3 - Equals
</system-out>
    <testcase name="Equals (145)" classname="spec_perl_TestParamsCallShort_t" time="0.00149798393249512">
      <failure message="not ok 1 - Equals" type="TAP::Parser::Result::Test"></failure>
    </testcase>
    <testcase name="Equals (146)" classname="spec_perl_TestParamsCallShort_t" time="0.000833988189697266">
      <failure message="not ok 2 - Equals" type="TAP::Parser::Result::Test"></failure>
    </testcase>
    <testcase name="Equals (147)" classname="spec_perl_TestParamsCallShort_t" time="4.31537628173828e-05">
      <failure message="not ok 3 - Equals" type="TAP::Parser::Result::Test"></failure>
    </testcase>
  </testsuite>
  <testsuite name="spec_perl_TestBitsShiftByB64Le_t" errors="0" failures="0" skipped="0" tests="2" time="0.0301971435546875">
    <system-out>1..2
ok 1 - Equals
ok 2 - Equals
</system-out>
    <testcase name="Equals (148)" classname="spec_perl_TestBitsShiftByB64Le_t" time="0.00124907493591309" />
    <testcase name="Equals (149)" classname="spec_perl_TestBitsShiftByB64Le_t" time="4.50611114501953e-05" />
  </testsuite>
  <testsuite name="spec_perl_TestRepeatNStrzDouble_t" errors="0" failures="0" skipped="0" tests="3" time="0.034700870513916">
    <system-out>1..3
ok 1 - Equals
ok 2 - Equals
ok 3 - Equals
</system-out>
    <testcase name="Equals (150)" classname="spec_perl_TestRepeatNStrzDouble_t" time="0.0012669563293457" />
    <testcase name="Equals (151)" classname="spec_perl_TestRepeatNStrzDouble_t" time="8.29696655273438e-05" />
    <testcase name="Equals (152)" classname="spec_perl_TestRepeatNStrzDouble_t" time="7.91549682617188e-05" />
  </testsuite>
  <testsuite name="spec_perl_TestProcessXorConst_t" errors="0" failures="0" skipped="0" tests="2" time="0.0302541255950928">
    <system-out>1..2
ok 1 - Equals
ok 2 - Equals
</system-out>
    <testcase name="Equals (153)" classname="spec_perl_TestProcessXorConst_t" time="0.00123286247253418" />
    <testcase name="Equals (154)" classname="spec_perl_TestProcessXorConst_t" time="4.69684600830078e-05" />
  </testsuite>
  <testsuite name="spec_perl_TestBitsSimple_t" errors="0" failures="0" skipped="0" tests="14" time="0.0313029289245605">
    <system-out>1..14
ok 1 - Equals
ok 2 - Equals
ok 3 - Equals
ok 4 - Equals
ok 5 - Equals
ok 6 - Equals
ok 7 - Equals
ok 8 - Equals
ok 9 - Equals
ok 10 - Equals
ok 11 - Equals
ok 12 - Equals
ok 13 - Equals
ok 14 - Equals
</system-out>
    <testcase name="Equals (155)" classname="spec_perl_TestBitsSimple_t" time="0.0012209415435791" />
    <testcase name="Equals (156)" classname="spec_perl_TestBitsSimple_t" time="5.31673431396484e-05" />
    <testcase name="Equals (157)" classname="spec_perl_TestBitsSimple_t" time="4.88758087158203e-05" />
    <testcase name="Equals (158)" classname="spec_perl_TestBitsSimple_t" time="6.29425048828125e-05" />
    <testcase name="Equals (159)" classname="spec_perl_TestBitsSimple_t" time="6.41345977783203e-05" />
    <testcase name="Equals (160)" classname="spec_perl_TestBitsSimple_t" time="5.88893890380859e-05" />
    <testcase name="Equals (161)" classname="spec_perl_TestBitsSimple_t" time="5.91278076171875e-05" />
    <testcase name="Equals (162)" classname="spec_perl_TestBitsSimple_t" time="5.69820404052734e-05" />
    <testcase name="Equals (163)" classname="spec_perl_TestBitsSimple_t" time="6.19888305664062e-05" />
    <testcase name="Equals (164)" classname="spec_perl_TestBitsSimple_t" time="5.88893890380859e-05" />
    <testcase name="Equals (165)" classname="spec_perl_TestBitsSimple_t" time="5.31673431396484e-05" />
    <testcase name="Equals (166)" classname="spec_perl_TestBitsSimple_t" time="5.69820404052734e-05" />
    <testcase name="Equals (167)" classname="spec_perl_TestBitsSimple_t" time="5.88893890380859e-05" />
    <testcase name="Equals (168)" classname="spec_perl_TestBitsSimple_t" time="6.00814819335938e-05" />
  </testsuite>
  <testsuite name="spec_perl_TestEnumForUnknownId_t" errors="0" failures="0" skipped="0" tests="1" time="0.0301179885864258">
    <system-out>1..1
ok 1 - Equals
</system-out>
    <testcase name="Equals (169)" classname="spec_perl_TestEnumForUnknownId_t" time="0.00112104415893555" />
  </testsuite>
  <testsuite name="spec_perl_TestSwitchMultiBoolOps_t" errors="0" failures="0" skipped="0" tests="9" time="0.0310840606689453">
    <system-out>1..9
ok 1 - Equals
ok 2 - Equals
ok 3 - Equals
ok 4 - Equals
ok 5 - Equals
ok 6 - Equals
ok 7 - Equals
ok 8 - Equals
ok 9 - Equals
</system-out>
    <testcase name="Equals (170)" classname="spec_perl_TestSwitchMultiBoolOps_t" time="0.00122499465942383" />
    <testcase name="Equals (171)" classname="spec_perl_TestSwitchMultiBoolOps_t" time="4.79221343994141e-05" />
    <testcase name="Equals (172)" classname="spec_perl_TestSwitchMultiBoolOps_t" time="4.50611114501953e-05" />
    <testcase name="Equals (173)" classname="spec_perl_TestSwitchMultiBoolOps_t" time="6.103515625e-05" />
    <testcase name="Equals (174)" classname="spec_perl_TestSwitchMultiBoolOps_t" time="5.19752502441406e-05" />
    <testcase name="Equals (175)" classname="spec_perl_TestSwitchMultiBoolOps_t" time="7.10487365722656e-05" />
    <testcase name="Equals (176)" classname="spec_perl_TestSwitchMultiBoolOps_t" time="3.88622283935547e-05" />
    <testcase name="Equals (177)" classname="spec_perl_TestSwitchMultiBoolOps_t" time="6.60419464111328e-05" />
    <testcase name="Equals (178)" classname="spec_perl_TestSwitchMultiBoolOps_t" time="5.81741333007812e-05" />
  </testsuite>
  <testsuite name="spec_perl_TestCastNested_t" errors="0" failures="0" skipped="0" tests="4" time="0.0370581150054932">
    <system-out>1..4
ok 1 - Equals
ok 2 - Equals
ok 3 - Equals
ok 4 - Equals
</system-out>
    <testcase name="Equals (179)" classname="spec_perl_TestCastNested_t" time="0.00130677223205566" />
    <testcase name="Equals (180)" classname="spec_perl_TestCastNested_t" time="5.22136688232422e-05" />
    <testcase name="Equals (181)" classname="spec_perl_TestCastNested_t" time="4.10079956054688e-05" />
    <testcase name="Equals (182)" classname="spec_perl_TestCastNested_t" time="6.58035278320312e-05" />
  </testsuite>
  <testsuite name="spec_perl_TestRepeatNStruct_t" errors="0" failures="0" skipped="0" tests="5" time="0.0311498641967773">
    <system-out>1..5
ok 1 - Equals
ok 2 - Equals
ok 3 - Equals
ok 4 - Equals
ok 5 - Equals
</system-out>
    <testcase name="Equals (183)" classname="spec_perl_TestRepeatNStruct_t" time="0.00121593475341797" />
    <testcase name="Equals (184)" classname="spec_perl_TestRepeatNStruct_t" time="4.69684600830078e-05" />
    <testcase name="Equals (185)" classname="spec_perl_TestRepeatNStruct_t" time="3.814697265625e-05" />
    <testcase name="Equals (186)" classname="spec_perl_TestRepeatNStruct_t" time="6.98566436767578e-05" />
    <testcase name="Equals (187)" classname="spec_perl_TestRepeatNStruct_t" time="6.103515625e-05" />
  </testsuite>
  <testsuite name="spec_perl_TestBitsUnalignedB64Be_t" errors="0" failures="0" skipped="0" tests="3" time="0.0302469730377197">
    <system-out>1..3
ok 1 - Equals
ok 2 - Equals
ok 3 - Equals
</system-out>
    <testcase name="Equals (188)" classname="spec_perl_TestBitsUnalignedB64Be_t" time="0.00122714042663574" />
    <testcase name="Equals (189)" classname="spec_perl_TestBitsUnalignedB64Be_t" time="4.88758087158203e-05" />
    <testcase name="Equals (190)" classname="spec_perl_TestBitsUnalignedB64Be_t" time="6.00814819335938e-05" />
  </testsuite>
  <testsuite name="spec_perl_TestBitsUnalignedB32Le_t" errors="0" failures="0" skipped="0" tests="3" time="0.0304350852966309">
    <system-out>1..3
ok 1 - Equals
ok 2 - Equals
ok 3 - Equals
</system-out>
    <testcase name="Equals (191)" classname="spec_perl_TestBitsUnalignedB32Le_t" time="0.00119996070861816" />
    <testcase name="Equals (192)" classname="spec_perl_TestBitsUnalignedB32Le_t" time="4.1961669921875e-05" />
    <testcase name="Equals (193)" classname="spec_perl_TestBitsUnalignedB32Le_t" time="6.60419464111328e-05" />
  </testsuite>
  <testsuite name="spec_perl_TestCastToTop_t" errors="0" failures="0" skipped="0" tests="3" time="0.0313470363616943">
    <system-out>1..3
ok 1 - Equals
ok 2 - Equals
ok 3 - Equals
</system-out>
    <testcase name="Equals (194)" classname="spec_perl_TestCastToTop_t" time="0.00154995918273926" />
    <testcase name="Equals (195)" classname="spec_perl_TestCastToTop_t" time="7.51018524169922e-05" />
    <testcase name="Equals (196)" classname="spec_perl_TestCastToTop_t" time="3.79085540771484e-05" />
  </testsuite>
  <testsuite name="spec_perl_TestExprIoEof_t" errors="0" failures="0" skipped="0" tests="4" time="0.0307559967041016">
    <system-out>1..4
ok 1 - Equals
ok 2 - nil
ok 3 - Equals
ok 4 - Equals
</system-out>
    <testcase name="Equals (197)" classname="spec_perl_TestExprIoEof_t" time="0.0014960765838623" />
    <testcase name="nil (197)" classname="spec_perl_TestExprIoEof_t" time="4.79221343994141e-05" />
    <testcase name="Equals (198)" classname="spec_perl_TestExprIoEof_t" time="4.41074371337891e-05" />
    <testcase name="Equals (199)" classname="spec_perl_TestExprIoEof_t" time="3.79085540771484e-05" />
  </testsuite>
  <testsuite name="spec_perl_TestRepeatEosBit_t" errors="0" failures="0" skipped="0" tests="1" time="0.0302889347076416">
    <system-out>1..1
ok 1 - Equals
</system-out>
    <testcase name="Equals (200)" classname="spec_perl_TestRepeatEosBit_t" time="0.00124692916870117" />
  </testsuite>
  <testsuite name="spec_perl_TestDebug0_t" errors="0" failures="0" skipped="1" tests="1" time="0.0311989784240723">
    <system-out>1..1
ok 1 # skip test_debug_0
</system-out>
    <testcase name="Unnamed test case 200" classname="spec_perl_TestDebug0_t" time="0.00145912170410156">
      <skipped message="ok 1 # skip test_debug_0" />
    </testcase>
  </testsuite>
  <testsuite name="spec_perl_TestExprBytesNonLiteral_t" errors="0" failures="0" skipped="0" tests="3" time="0.0304858684539795">
    <system-out>1..3
ok 1 - Equals
ok 2 - Equals
ok 3 - Equals
</system-out>
    <testcase name="Equals (201)" classname="spec_perl_TestExprBytesNonLiteral_t" time="0.00119400024414062" />
    <testcase name="Equals (202)" classname="spec_perl_TestExprBytesNonLiteral_t" time="4.41074371337891e-05" />
    <testcase name="Equals (203)" classname="spec_perl_TestExprBytesNonLiteral_t" time="6.103515625e-05" />
  </testsuite>
  <testsuite name="spec_perl_TestProcessXorValue_t" errors="0" failures="0" skipped="0" tests="2" time="0.0300769805908203">
    <system-out>1..2
ok 1 - Equals
ok 2 - Equals
</system-out>
    <testcase name="Equals (204)" classname="spec_perl_TestProcessXorValue_t" time="0.00126814842224121" />
    <testcase name="Equals (205)" classname="spec_perl_TestProcessXorValue_t" time="5.29289245605469e-05" />
  </testsuite>
  <testsuite name="spec_perl_TestEnumNegative_t" errors="0" failures="0" skipped="0" tests="2" time="0.0303430557250977">
    <system-out>1..2
ok 1 - Equals
ok 2 - Equals
</system-out>
    <testcase name="Equals (206)" classname="spec_perl_TestEnumNegative_t" time="0.00128006935119629" />
    <testcase name="Equals (207)" classname="spec_perl_TestEnumNegative_t" time="8.89301300048828e-05" />
  </testsuite>
  <testsuite name="spec_perl_TestFloatToI_t" errors="0" failures="0" skipped="0" tests="8" time="0.0305960178375244">
    <system-out>1..8
ok 1 - Approx equals
ok 2 - Approx equals
ok 3 - Equals
ok 4 - Equals
ok 5 - Equals
ok 6 - Equals
ok 7 - Equals
ok 8 - Equals
</system-out>
    <testcase name="Approx equals (207)" classname="spec_perl_TestFloatToI_t" time="0.0011298656463623" />
    <testcase name="Approx equals (208)" classname="spec_perl_TestFloatToI_t" time="4.22000885009766e-05" />
    <testcase name="Equals (208)" classname="spec_perl_TestFloatToI_t" time="3.79085540771484e-05" />
    <testcase name="Equals (209)" classname="spec_perl_TestFloatToI_t" time="7.10487365722656e-05" />
    <testcase name="Equals (210)" classname="spec_perl_TestFloatToI_t" time="6.29425048828125e-05" />
    <testcase name="Equals (211)" classname="spec_perl_TestFloatToI_t" time="6.41345977783203e-05" />
    <testcase name="Equals (212)" classname="spec_perl_TestFloatToI_t" time="6.07967376708984e-05" />
    <testcase name="Equals (213)" classname="spec_perl_TestFloatToI_t" time="6.103515625e-05" />
  </testsuite>
  <testsuite name="spec_perl_TestFloatingPoints_t" errors="0" failures="0" skipped="0" tests="8" time="0.0303959846496582">
    <system-out>1..8
ok 1 - Approx equals
ok 2 - Approx equals
ok 3 - Approx equals
ok 4 - Approx equals
ok 5 - Approx equals
ok 6 - Approx equals
ok 7 - Approx equals
ok 8 - Approx equals
</system-out>
    <testcase name="Approx equals (213)" classname="spec_perl_TestFloatingPoints_t" time="0.00116801261901855" />
    <testcase name="Approx equals (214)" classname="spec_perl_TestFloatingPoints_t" time="4.22000885009766e-05" />
    <testcase name="Approx equals (215)" classname="spec_perl_TestFloatingPoints_t" time="2.98023223876953e-05" />
    <testcase name="Approx equals (216)" classname="spec_perl_TestFloatingPoints_t" time="3.71932983398438e-05" />
    <testcase name="Approx equals (217)" classname="spec_perl_TestFloatingPoints_t" time="3.29017639160156e-05" />
    <testcase name="Approx equals (218)" classname="spec_perl_TestFloatingPoints_t" time="4.10079956054688e-05" />
    <testcase name="Approx equals (219)" classname="spec_perl_TestFloatingPoints_t" time="4.00543212890625e-05" />
    <testcase name="Approx equals (220)" classname="spec_perl_TestFloatingPoints_t" time="2.78949737548828e-05" />
  </testsuite>
  <testsuite name="spec_perl_TestImportsCircularA_t" errors="0" failures="0" skipped="0" tests="5" time="0.0306999683380127">
    <system-out>1..5
ok 1 - Equals
ok 2 - Equals
ok 3 - Equals
ok 4 - Equals
ok 5 - nil
</system-out>
    <testcase name="Equals (220)" classname="spec_perl_TestImportsCircularA_t" time="0.00124406814575195" />
    <testcase name="Equals (221)" classname="spec_perl_TestImportsCircularA_t" time="4.50611114501953e-05" />
    <testcase name="Equals (222)" classname="spec_perl_TestImportsCircularA_t" time="5.79357147216797e-05" />
    <testcase name="Equals (223)" classname="spec_perl_TestImportsCircularA_t" time="6.38961791992188e-05" />
    <testcase name="nil (223)" classname="spec_perl_TestImportsCircularA_t" time="3.91006469726562e-05" />
  </testsuite>
  <testsuite name="spec_perl_TestEnumDeepLiterals_t" errors="0" failures="0" skipped="0" tests="2" time="0.0305769443511963">
    <system-out>1..2
ok 1 - Equals
ok 2 - Equals
</system-out>
    <testcase name="Equals (224)" classname="spec_perl_TestEnumDeepLiterals_t" time="0.00118780136108398" />
    <testcase name="Equals (225)" classname="spec_perl_TestEnumDeepLiterals_t" time="5.10215759277344e-05" />
  </testsuite>
  <testsuite name="spec_perl_TestSwitchBytearray_t" errors="0" failures="0" skipped="0" tests="9" time="0.0354340076446533">
    <system-out>1..9
ok 1 - Equals
ok 2 - Equals
ok 3 - Equals
ok 4 - Equals
ok 5 - Equals
ok 6 - Equals
ok 7 - Equals
ok 8 - Equals
ok 9 - Equals
</system-out>
    <testcase name="Equals (226)" classname="spec_perl_TestSwitchBytearray_t" time="0.00130510330200195" />
    <testcase name="Equals (227)" classname="spec_perl_TestSwitchBytearray_t" time="4.41074371337891e-05" />
    <testcase name="Equals (228)" classname="spec_perl_TestSwitchBytearray_t" time="6.58035278320312e-05" />
    <testcase name="Equals (229)" classname="spec_perl_TestSwitchBytearray_t" time="6.19888305664062e-05" />
    <testcase name="Equals (230)" classname="spec_perl_TestSwitchBytearray_t" time="5.91278076171875e-05" />
    <testcase name="Equals (231)" classname="spec_perl_TestSwitchBytearray_t" time="6.103515625e-05" />
    <testcase name="Equals (232)" classname="spec_perl_TestSwitchBytearray_t" time="6.19888305664062e-05" />
    <testcase name="Equals (233)" classname="spec_perl_TestSwitchBytearray_t" time="6.69956207275391e-05" />
    <testcase name="Equals (234)" classname="spec_perl_TestSwitchBytearray_t" time="5.50746917724609e-05" />
  </testsuite>
  <testsuite name="spec_perl_TestEnumIntRangeU_t" errors="0" failures="0" skipped="0" tests="2" time="0.0304780006408691">
    <system-out>1..2
ok 1 - Equals
ok 2 - Equals
</system-out>
    <testcase name="Equals (235)" classname="spec_perl_TestEnumIntRangeU_t" time="0.00118899345397949" />
    <testcase name="Equals (236)" classname="spec_perl_TestEnumIntRangeU_t" time="4.29153442382812e-05" />
  </testsuite>
  <testsuite name="spec_perl_TestExprSizeofValue0_t" errors="0" failures="0" skipped="0" tests="5" time="0.030501127243042">
    <system-out>1..5
ok 1 - Equals
ok 2 - Equals
ok 3 - Equals
ok 4 - Equals
ok 5 - Equals
</system-out>
    <testcase name="Equals (237)" classname="spec_perl_TestExprSizeofValue0_t" time="0.00121188163757324" />
    <testcase name="Equals (238)" classname="spec_perl_TestExprSizeofValue0_t" time="4.81605529785156e-05" />
    <testcase name="Equals (239)" classname="spec_perl_TestExprSizeofValue0_t" time="5.88893890380859e-05" />
    <testcase name="Equals (240)" classname="spec_perl_TestExprSizeofValue0_t" time="5.91278076171875e-05" />
    <testcase name="Equals (241)" classname="spec_perl_TestExprSizeofValue0_t" time="6.07967376708984e-05" />
  </testsuite>
  <testsuite name="spec_perl_TestSwitchManualEnumInvalidElse_t" errors="0" failures="0" skipped="0" tests="5" time="0.0349500179290771">
    <system-out>1..5
ok 1 - Equals
ok 2 - Equals
ok 3 - Equals
ok 4 - Equals
ok 5 - Equals
</system-out>
    <testcase name="Equals (242)" classname="spec_perl_TestSwitchManualEnumInvalidElse_t" time="0.00127601623535156" />
    <testcase name="Equals (243)" classname="spec_perl_TestSwitchManualEnumInvalidElse_t" time="4.38690185546875e-05" />
    <testcase name="Equals (244)" classname="spec_perl_TestSwitchManualEnumInvalidElse_t" time="6.31809234619141e-05" />
    <testcase name="Equals (245)" classname="spec_perl_TestSwitchManualEnumInvalidElse_t" time="6.69956207275391e-05" />
    <testcase name="Equals (246)" classname="spec_perl_TestSwitchManualEnumInvalidElse_t" time="5.38825988769531e-05" />
  </testsuite>
  <testsuite name="spec_perl_TestExprBytesOps_t" errors="0" failures="0" skipped="0" tests="16" time="0.0316448211669922">
    <system-out>1..16
ok 1 - Equals
ok 2 - Equals
ok 3 - Equals
ok 4 - Equals
ok 5 - Equals
ok 6 - Equals
ok 7 - Equals
ok 8 - Equals
ok 9 - Equals
ok 10 - Equals
ok 11 - Equals
ok 12 - Equals
ok 13 - Equals
ok 14 - Equals
ok 15 - Equals
ok 16 - Equals
</system-out>
    <testcase name="Equals (247)" classname="spec_perl_TestExprBytesOps_t" time="0.00117707252502441" />
    <testcase name="Equals (248)" classname="spec_perl_TestExprBytesOps_t" time="4.69684600830078e-05" />
    <testcase name="Equals (249)" classname="spec_perl_TestExprBytesOps_t" time="5.10215759277344e-05" />
    <testcase name="Equals (250)" classname="spec_perl_TestExprBytesOps_t" time="6.79492950439453e-05" />
    <testcase name="Equals (251)" classname="spec_perl_TestExprBytesOps_t" time="6.41345977783203e-05" />
    <testcase name="Equals (252)" classname="spec_perl_TestExprBytesOps_t" time="6.98566436767578e-05" />
    <testcase name="Equals (253)" classname="spec_perl_TestExprBytesOps_t" time="5.50746917724609e-05" />
    <testcase name="Equals (254)" classname="spec_perl_TestExprBytesOps_t" time="8.89301300048828e-05" />
    <testcase name="Equals (255)" classname="spec_perl_TestExprBytesOps_t" time="6.19888305664062e-05" />
    <testcase name="Equals (256)" classname="spec_perl_TestExprBytesOps_t" time="6.19888305664062e-05" />
    <testcase name="Equals (257)" classname="spec_perl_TestExprBytesOps_t" time="6.00814819335938e-05" />
    <testcase name="Equals (258)" classname="spec_perl_TestExprBytesOps_t" time="6.00814819335938e-05" />
    <testcase name="Equals (259)" classname="spec_perl_TestExprBytesOps_t" time="6.103515625e-05" />
    <testcase name="Equals (260)" classname="spec_perl_TestExprBytesOps_t" time="6.07967376708984e-05" />
    <testcase name="Equals (261)" classname="spec_perl_TestExprBytesOps_t" time="6.19888305664062e-05" />
    <testcase name="Equals (262)" classname="spec_perl_TestExprBytesOps_t" time="6.22272491455078e-05" />
  </testsuite>
  <testsuite name="spec_perl_TestPositionAbs_t" errors="0" failures="0" skipped="0" tests="2" time="0.0344400405883789">
    <system-out>1..2
ok 1 - Equals
ok 2 - Equals
</system-out>
    <testcase name="Equals (263)" classname="spec_perl_TestPositionAbs_t" time="0.00117397308349609" />
    <testcase name="Equals (264)" classname="spec_perl_TestPositionAbs_t" time="0.000146865844726562" />
  </testsuite>
  <testsuite name="spec_perl_TestRepeatEosU4_t" errors="0" failures="0" skipped="0" tests="1" time="0.0302848815917969">
    <system-out>1..1
ok 1 - Equals
</system-out>
    <testcase name="Equals (265)" classname="spec_perl_TestRepeatEosU4_t" time="0.0012199878692627" />
  </testsuite>
  <testsuite name="spec_perl_TestExprIfIntOps_t" errors="0" failures="0" skipped="0" tests="2" time="0.0311360359191895">
    <system-out>1..2
ok 1 - Equals
ok 2 - Equals
</system-out>
    <testcase name="Equals (266)" classname="spec_perl_TestExprIfIntOps_t" time="0.00114703178405762" />
    <testcase name="Equals (267)" classname="spec_perl_TestExprIfIntOps_t" time="4.81605529785156e-05" />
  </testsuite>
  <testsuite name="spec_perl_TestTypeTernaryOpaque_t" errors="0" failures="0" skipped="0" tests="3" time="0.0350048542022705">
    <system-out>1..3
ok 1 - Equals
ok 2 - Equals
ok 3 - Equals
</system-out>
    <testcase name="Equals (268)" classname="spec_perl_TestTypeTernaryOpaque_t" time="0.0015408992767334" />
    <testcase name="Equals (269)" classname="spec_perl_TestTypeTernaryOpaque_t" time="4.60147857666016e-05" />
    <testcase name="Equals (270)" classname="spec_perl_TestTypeTernaryOpaque_t" time="4.81605529785156e-05" />
  </testsuite>
  <testsuite name="spec_perl_TestStrEncodingsDefault_t" errors="0" failures="0" skipped="0" tests="4" time="0.0378220081329346">
    <system-out>1..4
ok 1 - Equals
ok 2 - Equals
ok 3 - Equals
ok 4 - Equals
</system-out>
    <testcase name="Equals (271)" classname="spec_perl_TestStrEncodingsDefault_t" time="0.00462889671325684" />
    <testcase name="Equals (272)" classname="spec_perl_TestStrEncodingsDefault_t" time="4.88758087158203e-05" />
    <testcase name="Equals (273)" classname="spec_perl_TestStrEncodingsDefault_t" time="3.814697265625e-05" />
    <testcase name="Equals (274)" classname="spec_perl_TestStrEncodingsDefault_t" time="7.10487365722656e-05" />
  </testsuite>
  <testsuite name="spec_perl_TestProcessCoerceUsertype1_t" errors="0" failures="0" skipped="0" tests="4" time="0.0311629772186279">
    <system-out>1..4
ok 1 - Equals
ok 2 - Equals
ok 3 - Equals
ok 4 - Equals
</system-out>
    <testcase name="Equals (275)" classname="spec_perl_TestProcessCoerceUsertype1_t" time="0.00152683258056641" />
    <testcase name="Equals (276)" classname="spec_perl_TestProcessCoerceUsertype1_t" time="4.60147857666016e-05" />
    <testcase name="Equals (277)" classname="spec_perl_TestProcessCoerceUsertype1_t" time="6.41345977783203e-05" />
    <testcase name="Equals (278)" classname="spec_perl_TestProcessCoerceUsertype1_t" time="5.88893890380859e-05" />
  </testsuite>
  <testsuite name="spec_perl_TestExprIntDiv_t" errors="0" failures="2" skipped="0" tests="6" time="0.0320971012115479">
    <system-out>1..6
ok 1 - Equals
ok 2 - Equals
ok 3 - Equals
not ok 4 - Equals
ok 5 - Equals
not ok 6 - Equals
</system-out>
    <testcase name="Equals (279)" classname="spec_perl_TestExprIntDiv_t" time="0.00121498107910156" />
    <testcase name="Equals (280)" classname="spec_perl_TestExprIntDiv_t" time="4.60147857666016e-05" />
    <testcase name="Equals (281)" classname="spec_perl_TestExprIntDiv_t" time="4.98294830322266e-05" />
    <testcase name="Equals (282)" classname="spec_perl_TestExprIntDiv_t" time="8.0108642578125e-05">
      <failure message="not ok 4 - Equals" type="TAP::Parser::Result::Test"></failure>
    </testcase>
    <testcase name="Equals (283)" classname="spec_perl_TestExprIntDiv_t" time="0.000694036483764648" />
    <testcase name="Equals (284)" classname="spec_perl_TestExprIntDiv_t" time="0.000194072723388672">
      <failure message="not ok 6 - Equals" type="TAP::Parser::Result::Test"></failure>
    </testcase>
  </testsuite>
  <testsuite name="spec_perl_TestNestedTypes3_t" errors="0" failures="0" skipped="0" tests="5" time="0.0308449268341064">
    <system-out>1..5
ok 1 - Equals
ok 2 - Equals
ok 3 - Equals
ok 4 - Equals
ok 5 - Equals
</system-out>
    <testcase name="Equals (285)" classname="spec_perl_TestNestedTypes3_t" time="0.0012049674987793" />
    <testcase name="Equals (286)" classname="spec_perl_TestNestedTypes3_t" time="4.60147857666016e-05" />
    <testcase name="Equals (287)" classname="spec_perl_TestNestedTypes3_t" time="5.81741333007812e-05" />
    <testcase name="Equals (288)" classname="spec_perl_TestNestedTypes3_t" time="6.103515625e-05" />
    <testcase name="Equals (289)" classname="spec_perl_TestNestedTypes3_t" time="6.29425048828125e-05" />
  </testsuite>
  <testsuite name="spec_perl_TestBitsSeqEndianCombo_t" errors="0" failures="0" skipped="0" tests="8" time="0.0307760238647461">
    <system-out>1..8
ok 1 - Equals
ok 2 - Equals
ok 3 - Equals
ok 4 - Equals
ok 5 - Equals
ok 6 - Equals
ok 7 - Equals
ok 8 - Equals
</system-out>
    <testcase name="Equals (290)" classname="spec_perl_TestBitsSeqEndianCombo_t" time="0.00122594833374023" />
    <testcase name="Equals (291)" classname="spec_perl_TestBitsSeqEndianCombo_t" time="4.60147857666016e-05" />
    <testcase name="Equals (292)" classname="spec_perl_TestBitsSeqEndianCombo_t" time="6.50882720947266e-05" />
    <testcase name="Equals (293)" classname="spec_perl_TestBitsSeqEndianCombo_t" time="6.38961791992188e-05" />
    <testcase name="Equals (294)" classname="spec_perl_TestBitsSeqEndianCombo_t" time="5.79357147216797e-05" />
    <testcase name="Equals (295)" classname="spec_perl_TestBitsSeqEndianCombo_t" time="5.91278076171875e-05" />
    <testcase name="Equals (296)" classname="spec_perl_TestBitsSeqEndianCombo_t" time="5.79357147216797e-05" />
    <testcase name="Equals (297)" classname="spec_perl_TestBitsSeqEndianCombo_t" time="5.91278076171875e-05" />
  </testsuite>
  <testsuite name="spec_perl_TestBcdUserTypeBe_t" errors="0" failures="0" skipped="0" tests="6" time="0.0326941013336182">
    <system-out>1..6
ok 1 - Equals
ok 2 - Equals
ok 3 - Equals
ok 4 - Equals
ok 5 - Equals
ok 6 - Equals
</system-out>
    <testcase name="Equals (298)" classname="spec_perl_TestBcdUserTypeBe_t" time="0.00156283378601074" />
    <testcase name="Equals (299)" classname="spec_perl_TestBcdUserTypeBe_t" time="5.31673431396484e-05" />
    <testcase name="Equals (300)" classname="spec_perl_TestBcdUserTypeBe_t" time="6.79492950439453e-05" />
    <testcase name="Equals (301)" classname="spec_perl_TestBcdUserTypeBe_t" time="6.89029693603516e-05" />
    <testcase name="Equals (302)" classname="spec_perl_TestBcdUserTypeBe_t" time="7.79628753662109e-05" />
    <testcase name="Equals (303)" classname="spec_perl_TestBcdUserTypeBe_t" time="0.000106096267700195" />
  </testsuite>
  <testsuite name="spec_perl_TestNavParentSwitchCast_t" errors="0" failures="0" skipped="0" tests="3" time="0.0311460494995117">
    <system-out>1..3
ok 1 - Equals
ok 2 - Equals
ok 3 - Equals
</system-out>
    <testcase name="Equals (304)" classname="spec_perl_TestNavParentSwitchCast_t" time="0.00148487091064453" />
    <testcase name="Equals (305)" classname="spec_perl_TestNavParentSwitchCast_t" time="4.81605529785156e-05" />
    <testcase name="Equals (306)" classname="spec_perl_TestNavParentSwitchCast_t" time="6.29425048828125e-05" />
  </testsuite>
  <testsuite name="spec_perl_TestDefaultBigEndian_t" errors="0" failures="0" skipped="0" tests="1" time="0.0311808586120605">
    <system-out>1..1
ok 1 - Equals
</system-out>
    <testcase name="Equals (307)" classname="spec_perl_TestDefaultBigEndian_t" time="0.00146603584289551" />
  </testsuite>
  <testsuite name="spec_perl_TestSwitchManualIntSizeEos_t" errors="0" failures="0" skipped="0" tests="10" time="0.0362379550933838">
    <system-out>1..10
ok 1 - Equals
ok 2 - Equals
ok 3 - Equals
ok 4 - Equals
ok 5 - Equals
ok 6 - Equals
ok 7 - Equals
ok 8 - Equals
ok 9 - Equals
ok 10 - Equals
</system-out>
    <testcase name="Equals (308)" classname="spec_perl_TestSwitchManualIntSizeEos_t" time="0.00167584419250488" />
    <testcase name="Equals (309)" classname="spec_perl_TestSwitchManualIntSizeEos_t" time="4.91142272949219e-05" />
    <testcase name="Equals (310)" classname="spec_perl_TestSwitchManualIntSizeEos_t" time="4.00543212890625e-05" />
    <testcase name="Equals (311)" classname="spec_perl_TestSwitchManualIntSizeEos_t" time="6.60419464111328e-05" />
    <testcase name="Equals (312)" classname="spec_perl_TestSwitchManualIntSizeEos_t" time="6.07967376708984e-05" />
    <testcase name="Equals (313)" classname="spec_perl_TestSwitchManualIntSizeEos_t" time="0.000120162963867188" />
    <testcase name="Equals (314)" classname="spec_perl_TestSwitchManualIntSizeEos_t" time="6.4849853515625e-05" />
    <testcase name="Equals (315)" classname="spec_perl_TestSwitchManualIntSizeEos_t" time="5.91278076171875e-05" />
    <testcase name="Equals (316)" classname="spec_perl_TestSwitchManualIntSizeEos_t" time="6.38961791992188e-05" />
    <testcase name="Equals (317)" classname="spec_perl_TestSwitchManualIntSizeEos_t" time="7.10487365722656e-05" />
  </testsuite>
  <testsuite name="spec_perl_TestOpaqueExternalType_t" errors="0" failures="0" skipped="0" tests="3" time="0.0347368717193604">
    <system-out>1..3
ok 1 - Equals
ok 2 - Equals
ok 3 - Equals
</system-out>
    <testcase name="Equals (318)" classname="spec_perl_TestOpaqueExternalType_t" time="0.00126910209655762" />
    <testcase name="Equals (319)" classname="spec_perl_TestOpaqueExternalType_t" time="4.69684600830078e-05" />
    <testcase name="Equals (320)" classname="spec_perl_TestOpaqueExternalType_t" time="4.00543212890625e-05" />
  </testsuite>
  <testsuite name="spec_perl_TestNavParent_t" errors="0" failures="0" skipped="0" tests="5" time="0.0348579883575439">
    <system-out>1..5
ok 1 - Equals
ok 2 - Equals
ok 3 - Equals
ok 4 - Equals
ok 5 - Equals
</system-out>
    <testcase name="Equals (321)" classname="spec_perl_TestNavParent_t" time="0.00131011009216309" />
    <testcase name="Equals (322)" classname="spec_perl_TestNavParent_t" time="4.88758087158203e-05" />
    <testcase name="Equals (323)" classname="spec_perl_TestNavParent_t" time="4.00543212890625e-05" />
    <testcase name="Equals (324)" classname="spec_perl_TestNavParent_t" time="6.4849853515625e-05" />
    <testcase name="Equals (325)" classname="spec_perl_TestNavParent_t" time="6.60419464111328e-05" />
  </testsuite>
  <testsuite name="spec_perl_TestExprSizeofType1_t" errors="0" failures="0" skipped="0" tests="2" time="0.0303430557250977">
    <system-out>1..2
ok 1 - Equals
ok 2 - Equals
</system-out>
    <testcase name="Equals (326)" classname="spec_perl_TestExprSizeofType1_t" time="0.00118207931518555" />
    <testcase name="Equals (327)" classname="spec_perl_TestExprSizeofType1_t" time="4.69684600830078e-05" />
  </testsuite>
  <testsuite name="spec_perl_TestBitsSignedResB32Le_t" errors="0" failures="0" skipped="0" tests="1" time="0.0302040576934814">
    <system-out>1..1
ok 1 - Equals
</system-out>
    <testcase name="Equals (328)" classname="spec_perl_TestBitsSignedResB32Le_t" time="0.00118899345397949" />
  </testsuite>
  <testsuite name="spec_perl_TestSwitchManualEnum_t" errors="0" failures="0" skipped="0" tests="9" time="0.0353329181671143">
    <system-out>1..9
ok 1 - Equals
ok 2 - Equals
ok 3 - Equals
ok 4 - Equals
ok 5 - Equals
ok 6 - Equals
ok 7 - Equals
ok 8 - Equals
ok 9 - Equals
</system-out>
    <testcase name="Equals (329)" classname="spec_perl_TestSwitchManualEnum_t" time="0.00131988525390625" />
    <testcase name="Equals (330)" classname="spec_perl_TestSwitchManualEnum_t" time="4.81605529785156e-05" />
    <testcase name="Equals (331)" classname="spec_perl_TestSwitchManualEnum_t" time="5.79357147216797e-05" />
    <testcase name="Equals (332)" classname="spec_perl_TestSwitchManualEnum_t" time="6.00814819335938e-05" />
    <testcase name="Equals (333)" classname="spec_perl_TestSwitchManualEnum_t" time="6.19888305664062e-05" />
    <testcase name="Equals (334)" classname="spec_perl_TestSwitchManualEnum_t" time="5.88893890380859e-05" />
    <testcase name="Equals (335)" classname="spec_perl_TestSwitchManualEnum_t" time="5.91278076171875e-05" />
    <testcase name="Equals (336)" classname="spec_perl_TestSwitchManualEnum_t" time="5.88893890380859e-05" />
    <testcase name="Equals (337)" classname="spec_perl_TestSwitchManualEnum_t" time="5.91278076171875e-05" />
  </testsuite>
  <testsuite name="spec_perl_TestImportsAbs_t" errors="0" failures="0" skipped="0" tests="2" time="0.0305731296539307">
    <system-out>1..2
ok 1 - Equals
ok 2 - Equals
</system-out>
    <testcase name="Equals (338)" classname="spec_perl_TestImportsAbs_t" time="0.00122714042663574" />
    <testcase name="Equals (339)" classname="spec_perl_TestImportsAbs_t" time="4.38690185546875e-05" />
  </testsuite>
  <testsuite name="spec_perl_TestProcessToUser_t" errors="0" failures="0" skipped="0" tests="1" time="0.0348689556121826">
    <system-out>1..1
ok 1 - Equals
</system-out>
    <testcase name="Equals (340)" classname="spec_perl_TestProcessToUser_t" time="0.0015101432800293" />
  </testsuite>
  <testsuite name="spec_perl_TestEosExceptionU4_t" errors="0" failures="0" skipped="0" tests="1" time="0.0319797992706299">
    <system-out>1..1
ok 1 - threw /^Requested \d+ bytes, but only \d+ bytes available/
</system-out>
    <testcase name="threw /^Requested \d+ bytes, but only \d+ bytes available/ (340)" classname="spec_perl_TestEosExceptionU4_t" time="0.00146698951721191" />
  </testsuite>
  <testsuite name="spec_perl_TestIndexSizes_t" errors="0" failures="0" skipped="0" tests="7" time="0.03460693359375">
    <system-out>1..7
ok 1 - Equals
ok 2 - Equals
ok 3 - Equals
ok 4 - Equals
ok 5 - Equals
ok 6 - Equals
ok 7 - Equals
</system-out>
    <testcase name="Equals (341)" classname="spec_perl_TestIndexSizes_t" time="0.00124597549438477" />
    <testcase name="Equals (342)" classname="spec_perl_TestIndexSizes_t" time="4.38690185546875e-05" />
    <testcase name="Equals (343)" classname="spec_perl_TestIndexSizes_t" time="5.41210174560547e-05" />
    <testcase name="Equals (344)" classname="spec_perl_TestIndexSizes_t" time="6.89029693603516e-05" />
    <testcase name="Equals (345)" classname="spec_perl_TestIndexSizes_t" time="5.29289245605469e-05" />
    <testcase name="Equals (346)" classname="spec_perl_TestIndexSizes_t" time="5.7220458984375e-05" />
    <testcase name="Equals (347)" classname="spec_perl_TestIndexSizes_t" time="5.88893890380859e-05" />
  </testsuite>
  <testsuite name="spec_perl_TestStrPadTerm_t" errors="0" failures="0" skipped="0" tests="4" time="0.0348429679870605">
    <system-out>1..4
ok 1 - Equals
ok 2 - Equals
ok 3 - Equals
ok 4 - Equals
</system-out>
    <testcase name="Equals (348)" classname="spec_perl_TestStrPadTerm_t" time="0.00129795074462891" />
    <testcase name="Equals (349)" classname="spec_perl_TestStrPadTerm_t" time="4.60147857666016e-05" />
    <testcase name="Equals (350)" classname="spec_perl_TestStrPadTerm_t" time="4.41074371337891e-05" />
    <testcase name="Equals (351)" classname="spec_perl_TestStrPadTerm_t" time="5.79357147216797e-05" />
  </testsuite>
  <testsuite name="spec_perl_TestProcessCoerceSwitch_t" errors="0" failures="0" skipped="0" tests="3" time="0.0309309959411621">
    <system-out>1..3
ok 1 - Equals
ok 2 - Equals
ok 3 - Equals
</system-out>
    <testcase name="Equals (352)" classname="spec_perl_TestProcessCoerceSwitch_t" time="0.00147008895874023" />
    <testcase name="Equals (353)" classname="spec_perl_TestProcessCoerceSwitch_t" time="4.91142272949219e-05" />
    <testcase name="Equals (354)" classname="spec_perl_TestProcessCoerceSwitch_t" time="3.88622283935547e-05" />
  </testsuite>
  <testsuite name="spec_perl_TestProcessRotate_t" errors="0" failures="0" skipped="0" tests="3" time="0.0305230617523193">
    <system-out>1..3
ok 1 - Equals
ok 2 - Equals
ok 3 - Equals
</system-out>
    <testcase name="Equals (355)" classname="spec_perl_TestProcessRotate_t" time="0.00122308731079102" />
    <testcase name="Equals (356)" classname="spec_perl_TestProcessRotate_t" time="4.29153442382812e-05" />
    <testcase name="Equals (357)" classname="spec_perl_TestProcessRotate_t" time="8.10623168945312e-05" />
  </testsuite>
  <testsuite name="spec_perl_TestTypeIntUnaryOp_t" errors="0" failures="0" skipped="0" tests="4" time="0.0304579734802246">
    <system-out>1..4
ok 1 - Equals
ok 2 - Equals
ok 3 - Equals
ok 4 - Equals
</system-out>
    <testcase name="Equals (358)" classname="spec_perl_TestTypeIntUnaryOp_t" time="0.00119519233703613" />
    <testcase name="Equals (359)" classname="spec_perl_TestTypeIntUnaryOp_t" time="4.57763671875e-05" />
    <testcase name="Equals (360)" classname="spec_perl_TestTypeIntUnaryOp_t" time="7.60555267333984e-05" />
    <testcase name="Equals (361)" classname="spec_perl_TestTypeIntUnaryOp_t" time="5.50746917724609e-05" />
  </testsuite>
  <testsuite name="spec_perl_TestCastToImported_t" errors="0" failures="0" skipped="0" tests="2" time="0.0308818817138672">
    <system-out>1..2
ok 1 - Equals
ok 2 - Equals
</system-out>
    <testcase name="Equals (362)" classname="spec_perl_TestCastToImported_t" time="0.000113010406494141" />
    <testcase name="Equals (363)" classname="spec_perl_TestCastToImported_t" time="3.814697265625e-05" />
  </testsuite>
  <testsuite name="spec_perl_TestStrEos_t" errors="0" failures="0" skipped="0" tests="1" time="0.0342409610748291">
    <system-out>1..1
ok 1 - Equals
</system-out>
    <testcase name="Equals (364)" classname="spec_perl_TestStrEos_t" time="0.00124192237854004" />
  </testsuite>
  <testsuite name="spec_perl_TestSwitchManualIntSize_t" errors="0" failures="0" skipped="0" tests="10" time="0.0361189842224121">
    <system-out>1..10
ok 1 - Equals
ok 2 - Equals
ok 3 - Equals
ok 4 - Equals
ok 5 - Equals
ok 6 - Equals
ok 7 - Equals
ok 8 - Equals
ok 9 - Equals
ok 10 - Equals
</system-out>
    <testcase name="Equals (365)" classname="spec_perl_TestSwitchManualIntSize_t" time="0.00164294242858887" />
    <testcase name="Equals (366)" classname="spec_perl_TestSwitchManualIntSize_t" time="6.79492950439453e-05" />
    <testcase name="Equals (367)" classname="spec_perl_TestSwitchManualIntSize_t" time="6.38961791992188e-05" />
    <testcase name="Equals (368)" classname="spec_perl_TestSwitchManualIntSize_t" time="7.82012939453125e-05" />
    <testcase name="Equals (369)" classname="spec_perl_TestSwitchManualIntSize_t" time="3.88622283935547e-05" />
    <testcase name="Equals (370)" classname="spec_perl_TestSwitchManualIntSize_t" time="0.000128030776977539" />
    <testcase name="Equals (371)" classname="spec_perl_TestSwitchManualIntSize_t" time="7.00950622558594e-05" />
    <testcase name="Equals (372)" classname="spec_perl_TestSwitchManualIntSize_t" time="6.19888305664062e-05" />
    <testcase name="Equals (373)" classname="spec_perl_TestSwitchManualIntSize_t" time="6.38961791992188e-05" />
    <testcase name="Equals (374)" classname="spec_perl_TestSwitchManualIntSize_t" time="6.50882720947266e-05" />
  </testsuite>
  <testsuite name="spec_perl_TestBitsSimpleLe_t" errors="0" failures="0" skipped="0" tests="14" time="0.0314090251922607">
    <system-out>1..14
ok 1 - Equals
ok 2 - Equals
ok 3 - Equals
ok 4 - Equals
ok 5 - Equals
ok 6 - Equals
ok 7 - Equals
ok 8 - Equals
ok 9 - Equals
ok 10 - Equals
ok 11 - Equals
ok 12 - Equals
ok 13 - Equals
ok 14 - Equals
</system-out>
    <testcase name="Equals (375)" classname="spec_perl_TestBitsSimpleLe_t" time="0.00125598907470703" />
    <testcase name="Equals (376)" classname="spec_perl_TestBitsSimpleLe_t" time="4.1961669921875e-05" />
    <testcase name="Equals (377)" classname="spec_perl_TestBitsSimpleLe_t" time="6.00814819335938e-05" />
    <testcase name="Equals (378)" classname="spec_perl_TestBitsSimpleLe_t" time="5.98430633544922e-05" />
    <testcase name="Equals (379)" classname="spec_perl_TestBitsSimpleLe_t" time="6.19888305664062e-05" />
    <testcase name="Equals (380)" classname="spec_perl_TestBitsSimpleLe_t" time="6.00814819335938e-05" />
    <testcase name="Equals (381)" classname="spec_perl_TestBitsSimpleLe_t" time="5.91278076171875e-05" />
    <testcase name="Equals (382)" classname="spec_perl_TestBitsSimpleLe_t" time="5.79357147216797e-05" />
    <testcase name="Equals (383)" classname="spec_perl_TestBitsSimpleLe_t" time="5.79357147216797e-05" />
    <testcase name="Equals (384)" classname="spec_perl_TestBitsSimpleLe_t" time="5.41210174560547e-05" />
    <testcase name="Equals (385)" classname="spec_perl_TestBitsSimpleLe_t" time="6.29425048828125e-05" />
    <testcase name="Equals (386)" classname="spec_perl_TestBitsSimpleLe_t" time="5.29289245605469e-05" />
    <testcase name="Equals (387)" classname="spec_perl_TestBitsSimpleLe_t" time="6.00814819335938e-05" />
    <testcase name="Equals (388)" classname="spec_perl_TestBitsSimpleLe_t" time="6.19888305664062e-05" />
  </testsuite>
  <testsuite name="spec_perl_TestExprStrOps_t" errors="0" failures="0" skipped="0" tests="17" time="0.0355889797210693">
    <system-out>1..17
ok 1 - Equals
ok 2 - Equals
ok 3 - Equals
ok 4 - Equals
ok 5 - Equals
ok 6 - Equals
ok 7 - Equals
ok 8 - Equals
ok 9 - Equals
ok 10 - Equals
ok 11 - Equals
ok 12 - Equals
ok 13 - Equals
ok 14 - Equals
ok 15 - Equals
ok 16 - Equals
ok 17 - Equals
</system-out>
    <testcase name="Equals (389)" classname="spec_perl_TestExprStrOps_t" time="0.00119686126708984" />
    <testcase name="Equals (390)" classname="spec_perl_TestExprStrOps_t" time="4.31537628173828e-05" />
    <testcase name="Equals (391)" classname="spec_perl_TestExprStrOps_t" time="7.20024108886719e-05" />
    <testcase name="Equals (392)" classname="spec_perl_TestExprStrOps_t" time="6.98566436767578e-05" />
    <testcase name="Equals (393)" classname="spec_perl_TestExprStrOps_t" time="5.91278076171875e-05" />
    <testcase name="Equals (394)" classname="spec_perl_TestExprStrOps_t" time="8.29696655273438e-05" />
    <testcase name="Equals (395)" classname="spec_perl_TestExprStrOps_t" time="6.89029693603516e-05" />
    <testcase name="Equals (396)" classname="spec_perl_TestExprStrOps_t" time="5.81741333007812e-05" />
    <testcase name="Equals (397)" classname="spec_perl_TestExprStrOps_t" time="6.38961791992188e-05" />
    <testcase name="Equals (398)" classname="spec_perl_TestExprStrOps_t" time="6.00814819335938e-05" />
    <testcase name="Equals (399)" classname="spec_perl_TestExprStrOps_t" time="6.103515625e-05" />
    <testcase name="Equals (400)" classname="spec_perl_TestExprStrOps_t" time="6.07967376708984e-05" />
    <testcase name="Equals (401)" classname="spec_perl_TestExprStrOps_t" time="6.50882720947266e-05" />
    <testcase name="Equals (402)" classname="spec_perl_TestExprStrOps_t" time="6.00814819335938e-05" />
    <testcase name="Equals (403)" classname="spec_perl_TestExprStrOps_t" time="5.98430633544922e-05" />
    <testcase name="Equals (404)" classname="spec_perl_TestExprStrOps_t" time="6.00814819335938e-05" />
    <testcase name="Equals (405)" classname="spec_perl_TestExprStrOps_t" time="6.19888305664062e-05" />
  </testsuite>
  <testsuite name="spec_perl_TestParamsEnum_t" errors="0" failures="1" skipped="0" tests="2" time="0.0313279628753662">
    <system-out>1..2
ok 1 - Equals
not ok 2 - Equals
</system-out>
    <testcase name="Equals (406)" classname="spec_perl_TestParamsEnum_t" time="0.00119495391845703" />
    <testcase name="Equals (407)" classname="spec_perl_TestParamsEnum_t" time="0.000789165496826172">
      <failure message="not ok 2 - Equals" type="TAP::Parser::Result::Test"></failure>
    </testcase>
  </testsuite>
  <testsuite name="spec_perl_TestNestedSameName2_t" errors="0" failures="0" skipped="0" tests="5" time="0.0311927795410156">
    <system-out>1..5
ok 1 - Equals
ok 2 - Equals
ok 3 - Equals
ok 4 - Equals
ok 5 - Equals
</system-out>
    <testcase name="Equals (408)" classname="spec_perl_TestNestedSameName2_t" time="0.00123000144958496" />
    <testcase name="Equals (409)" classname="spec_perl_TestNestedSameName2_t" time="4.50611114501953e-05" />
    <testcase name="Equals (410)" classname="spec_perl_TestNestedSameName2_t" time="5.29289245605469e-05" />
    <testcase name="Equals (411)" classname="spec_perl_TestNestedSameName2_t" time="6.50882720947266e-05" />
    <testcase name="Equals (412)" classname="spec_perl_TestNestedSameName2_t" time="6.19888305664062e-05" />
  </testsuite>
  <testsuite name="spec_perl_TestOpaqueExternalType02Parent_t" errors="0" failures="0" skipped="0" tests="3" time="0.0348598957061768">
    <system-out>1..3
ok 1 - Equals
ok 2 - Equals
ok 3 - Equals
</system-out>
    <testcase name="Equals (413)" classname="spec_perl_TestOpaqueExternalType02Parent_t" time="0.00133085250854492" />
    <testcase name="Equals (414)" classname="spec_perl_TestOpaqueExternalType02Parent_t" time="4.81605529785156e-05" />
    <testcase name="Equals (415)" classname="spec_perl_TestOpaqueExternalType02Parent_t" time="6.38961791992188e-05" />
  </testsuite>
  <testsuite name="spec_perl_TestParamsPassArrayStruct_t" errors="0" failures="1" skipped="2" tests="3" time="0.0312089920043945">
    <system-out>1..3
not ok 1 - test_params_pass_array_struct died (Can't use an undefined value as an ARRAY reference at spec/perl/TestParamsPassArrayStruct.t line 14.)
ok 2 # skip test_params_pass_array_struct died
ok 3 # skip test_params_pass_array_struct died
</system-out>
    <testcase name="test_params_pass_array_struct died (Can't use an undefined value as an ARRAY reference at spec/perl/TestParamsPassArrayStruct.t line 14.) (415)" classname="spec_perl_TestParamsPassArrayStruct_t" time="0.00142192840576172">
      <failure message="not ok 1 - test_params_pass_array_struct died (Can't use an undefined value as an ARRAY reference at spec/perl/TestParamsPassArrayStruct.t line 14.)" type="TAP::Parser::Result::Test"></failure>
    </testcase>
    <testcase name="Unnamed test case 415" classname="spec_perl_TestParamsPassArrayStruct_t" time="7.20024108886719e-05">
      <skipped message="ok 2 # skip test_params_pass_array_struct died" />
    </testcase>
    <testcase name="Unnamed test case 416" classname="spec_perl_TestParamsPassArrayStruct_t" time="3.91006469726562e-05">
      <skipped message="ok 3 # skip test_params_pass_array_struct died" />
    </testcase>
  </testsuite>
  <testsuite name="spec_perl_TestEnumLongRangeS_t" errors="0" failures="0" skipped="0" tests="7" time="0.0307168960571289">
    <system-out>1..7
ok 1 - Equals
ok 2 - Equals
ok 3 - Equals
ok 4 - Equals
ok 5 - Equals
ok 6 - Equals
ok 7 - Equals
</system-out>
    <testcase name="Equals (416)" classname="spec_perl_TestEnumLongRangeS_t" time="0.0012049674987793" />
    <testcase name="Equals (417)" classname="spec_perl_TestEnumLongRangeS_t" time="6.50882720947266e-05" />
    <testcase name="Equals (418)" classname="spec_perl_TestEnumLongRangeS_t" time="6.98566436767578e-05" />
    <testcase name="Equals (419)" classname="spec_perl_TestEnumLongRangeS_t" time="4.60147857666016e-05" />
    <testcase name="Equals (420)" classname="spec_perl_TestEnumLongRangeS_t" time="6.50882720947266e-05" />
    <testcase name="Equals (421)" classname="spec_perl_TestEnumLongRangeS_t" time="6.19888305664062e-05" />
    <testcase name="Equals (422)" classname="spec_perl_TestEnumLongRangeS_t" time="6.29425048828125e-05" />
  </testsuite>
  <testsuite name="spec_perl_TestExprCalcArrayOps_t" errors="0" failures="0" skipped="0" tests="18" time="0.032526969909668">
    <system-out>1..18
ok 1 - Equals
ok 2 - Equals
ok 3 - Equals
ok 4 - Equals
ok 5 - Equals
ok 6 - Equals
ok 7 - Equals
ok 8 - Approx equals
ok 9 - Approx equals
ok 10 - Approx equals
ok 11 - Approx equals
ok 12 - Approx equals
ok 13 - Equals
ok 14 - Equals
ok 15 - Equals
ok 16 - Equals
ok 17 - Equals
ok 18 - Equals
</system-out>
    <testcase name="Equals (423)" classname="spec_perl_TestExprCalcArrayOps_t" time="0.000124931335449219" />
    <testcase name="Equals (424)" classname="spec_perl_TestExprCalcArrayOps_t" time="3.814697265625e-05" />
    <testcase name="Equals (425)" classname="spec_perl_TestExprCalcArrayOps_t" time="3.09944152832031e-05" />
    <testcase name="Equals (426)" classname="spec_perl_TestExprCalcArrayOps_t" time="2.78949737548828e-05" />
    <testcase name="Equals (427)" classname="spec_perl_TestExprCalcArrayOps_t" time="2.81333923339844e-05" />
    <testcase name="Equals (428)" classname="spec_perl_TestExprCalcArrayOps_t" time="2.78949737548828e-05" />
    <testcase name="Equals (429)" classname="spec_perl_TestExprCalcArrayOps_t" time="2.90870666503906e-05" />
    <testcase name="Approx equals (429)" classname="spec_perl_TestExprCalcArrayOps_t" time="2.88486480712891e-05" />
    <testcase name="Approx equals (430)" classname="spec_perl_TestExprCalcArrayOps_t" time="2.71797180175781e-05" />
    <testcase name="Approx equals (431)" classname="spec_perl_TestExprCalcArrayOps_t" time="2.69412994384766e-05" />
    <testcase name="Approx equals (432)" classname="spec_perl_TestExprCalcArrayOps_t" time="2.69412994384766e-05" />
    <testcase name="Approx equals (433)" classname="spec_perl_TestExprCalcArrayOps_t" time="2.59876251220703e-05" />
    <testcase name="Equals (433)" classname="spec_perl_TestExprCalcArrayOps_t" time="2.69412994384766e-05" />
    <testcase name="Equals (434)" classname="spec_perl_TestExprCalcArrayOps_t" time="2.71797180175781e-05" />
    <testcase name="Equals (435)" classname="spec_perl_TestExprCalcArrayOps_t" time="2.98023223876953e-05" />
    <testcase name="Equals (436)" classname="spec_perl_TestExprCalcArrayOps_t" time="3.21865081787109e-05" />
    <testcase name="Equals (437)" classname="spec_perl_TestExprCalcArrayOps_t" time="2.69412994384766e-05" />
    <testcase name="Equals (438)" classname="spec_perl_TestExprCalcArrayOps_t" time="2.59876251220703e-05" />
  </testsuite>
  <testsuite name="spec_perl_TestDefaultBitEndianMod_t" errors="0" failures="0" skipped="0" tests="4" time="0.0308358669281006">
    <system-out>1..4
ok 1 - Equals
ok 2 - Equals
ok 3 - Equals
ok 4 - Equals
</system-out>
    <testcase name="Equals (439)" classname="spec_perl_TestDefaultBitEndianMod_t" time="0.00122499465942383" />
    <testcase name="Equals (440)" classname="spec_perl_TestDefaultBitEndianMod_t" time="4.60147857666016e-05" />
    <testcase name="Equals (441)" classname="spec_perl_TestDefaultBitEndianMod_t" time="5.60283660888672e-05" />
    <testcase name="Equals (442)" classname="spec_perl_TestDefaultBitEndianMod_t" time="6.00814819335938e-05" />
  </testsuite>
  <testsuite name="spec_perl_TestExprSizeofValueSized_t" errors="0" failures="0" skipped="0" tests="5" time="0.0309469699859619">
    <system-out>1..5
ok 1 - Equals
ok 2 - Equals
ok 3 - Equals
ok 4 - Equals
ok 5 - Equals
</system-out>
    <testcase name="Equals (443)" classname="spec_perl_TestExprSizeofValueSized_t" time="0.00147104263305664" />
    <testcase name="Equals (444)" classname="spec_perl_TestExprSizeofValueSized_t" time="4.98294830322266e-05" />
    <testcase name="Equals (445)" classname="spec_perl_TestExprSizeofValueSized_t" time="4.00543212890625e-05" />
    <testcase name="Equals (446)" classname="spec_perl_TestExprSizeofValueSized_t" time="6.103515625e-05" />
    <testcase name="Equals (447)" classname="spec_perl_TestExprSizeofValueSized_t" time="6.103515625e-05" />
  </testsuite>
  <testsuite name="spec_perl_TestNestedSameName_t" errors="0" failures="0" skipped="0" tests="2" time="0.0307309627532959">
    <system-out>1..2
ok 1 - Equals
ok 2 - Equals
</system-out>
    <testcase name="Equals (448)" classname="spec_perl_TestNestedSameName_t" time="0.00122714042663574" />
    <testcase name="Equals (449)" classname="spec_perl_TestNestedSameName_t" time="4.79221343994141e-05" />
  </testsuite>
  <testsuite name="spec_perl_TestSwitchRepeatExprInvalid_t" errors="0" failures="0" skipped="0" tests="3" time="0.0309169292449951">
    <system-out>1..3
ok 1 - Equals
ok 2 - Equals
ok 3 - Equals
</system-out>
    <testcase name="Equals (450)" classname="spec_perl_TestSwitchRepeatExprInvalid_t" time="0.00127100944519043" />
    <testcase name="Equals (451)" classname="spec_perl_TestSwitchRepeatExprInvalid_t" time="4.38690185546875e-05" />
    <testcase name="Equals (452)" classname="spec_perl_TestSwitchRepeatExprInvalid_t" time="6.31809234619141e-05" />
  </testsuite>
  <testsuite name="spec_perl_TestEnum1_t" errors="0" failures="0" skipped="0" tests="2" time="0.0304639339447021">
    <system-out>1..2
ok 1 - Equals
ok 2 - Equals
</system-out>
[...]
  </testsuite>
  <testsuite name="spec_perl_TestExprArray_t" errors="0" failures="1" skipped="0" tests="15" time="0.036747932434082">
    <system-out>1..15
ok 1 - Equals
ok 2 - Equals
ok 3 - Equals
ok 4 - Equals
ok 5 - Equals
ok 6 - Equals
ok 7 - Approx equals
ok 8 - Approx equals
not ok 9 - Approx equals
ok 10 - Approx equals
ok 11 - Equals
ok 12 - Equals
ok 13 - Equals
ok 14 - Equals
ok 15 - Equals
</system-out>
    <testcase name="Equals (863)" classname="spec_perl_TestExprArray_t" time="0.00131702423095703" />
    <testcase name="Equals (864)" classname="spec_perl_TestExprArray_t" time="5.41210174560547e-05" />
    <testcase name="Equals (865)" classname="spec_perl_TestExprArray_t" time="4.69684600830078e-05" />
    <testcase name="Equals (866)" classname="spec_perl_TestExprArray_t" time="6.38961791992188e-05" />
    <testcase name="Equals (867)" classname="spec_perl_TestExprArray_t" time="6.41345977783203e-05" />
    <testcase name="Equals (868)" classname="spec_perl_TestExprArray_t" time="6.19888305664062e-05" />
    <testcase name="Approx equals (868)" classname="spec_perl_TestExprArray_t" time="3.79085540771484e-05" />
    <testcase name="Approx equals (869)" classname="spec_perl_TestExprArray_t" time="4.00543212890625e-05" />
    <testcase name="Approx equals (870)" classname="spec_perl_TestExprArray_t" time="5.88893890380859e-05">
      <failure message="not ok 9 - Approx equals" type="TAP::Parser::Result::Test"></failure>
    </testcase>
    <testcase name="Approx equals (871)" classname="spec_perl_TestExprArray_t" time="0.000745058059692383" />
    <testcase name="Equals (871)" classname="spec_perl_TestExprArray_t" time="0.000255107879638672" />
    <testcase name="Equals (872)" classname="spec_perl_TestExprArray_t" time="5.69820404052734e-05" />
    <testcase name="Equals (873)" classname="spec_perl_TestExprArray_t" time="3.79085540771484e-05" />
    <testcase name="Equals (874)" classname="spec_perl_TestExprArray_t" time="6.19888305664062e-05" />
    <testcase name="Equals (875)" classname="spec_perl_TestExprArray_t" time="5.69820404052734e-05" />
  </testsuite>
  <testsuite name="spec_perl_TestFixedContents_t" errors="0" failures="0" skipped="1" tests="1" time="0.0303919315338135">
    <system-out>1..1
ok 1 # skip FixedContents=HASH(0x555cd800b1e0)
</system-out>
    <testcase name="Unnamed test case 875" classname="spec_perl_TestFixedContents_t" time="0.0014190673828125">
      <skipped message="ok 1 # skip FixedContents=HASH(0x555cd800b1e0)" />
    </testcase>
  </testsuite>
  <testsuite name="spec_perl_TestNestedTypeParam_t" errors="0" failures="2" skipped="0" tests="2" time="0.0356440544128418">
    <system-out>1..2
not ok 1 - Equals
not ok 2 - Equals
</system-out>
    <testcase name="Equals (876)" classname="spec_perl_TestNestedTypeParam_t" time="0.00150203704833984">
      <failure message="not ok 1 - Equals" type="TAP::Parser::Result::Test"></failure>
    </testcase>
    <testcase name="Equals (877)" classname="spec_perl_TestNestedTypeParam_t" time="0.000922918319702148">
      <failure message="not ok 2 - Equals" type="TAP::Parser::Result::Test"></failure>
    </testcase>
  </testsuite>
  <testsuite name="spec_perl_TestDocstrings_t" errors="0" failures="0" skipped="1" tests="1" time="0.0303850173950195">
    <system-out>1..1
ok 1 # skip Docstrings=HASH(0x55611c4b9e10)
</system-out>
    <testcase name="Unnamed test case 877" classname="spec_perl_TestDocstrings_t" time="0.00141692161560059">
      <skipped message="ok 1 # skip Docstrings=HASH(0x55611c4b9e10)" />
    </testcase>
  </testsuite>
  <testsuite name="spec_perl_TestIntegers_t" errors="0" failures="0" skipped="0" tests="20" time="0.0316121578216553">
    <system-out>1..20
ok 1 - Equals
ok 2 - Equals
ok 3 - Equals
ok 4 - Equals
ok 5 - Equals
ok 6 - Equals
ok 7 - Equals
ok 8 - Equals
ok 9 - Equals
ok 10 - Equals
ok 11 - Equals
ok 12 - Equals
ok 13 - Equals
ok 14 - Equals
ok 15 - Equals
ok 16 - Equals
ok 17 - Equals
ok 18 - Equals
ok 19 - Equals
ok 20 - Equals
</system-out>
    <testcase name="Equals (878)" classname="spec_perl_TestIntegers_t" time="0.00121688842773438" />
    <testcase name="Equals (879)" classname="spec_perl_TestIntegers_t" time="4.60147857666016e-05" />
    <testcase name="Equals (880)" classname="spec_perl_TestIntegers_t" time="4.81605529785156e-05" />
    <testcase name="Equals (881)" classname="spec_perl_TestIntegers_t" time="6.07967376708984e-05" />
    <testcase name="Equals (882)" classname="spec_perl_TestIntegers_t" time="6.31809234619141e-05" />
    <testcase name="Equals (883)" classname="spec_perl_TestIntegers_t" time="6.19888305664062e-05" />
    <testcase name="Equals (884)" classname="spec_perl_TestIntegers_t" time="5.48362731933594e-05" />
    <testcase name="Equals (885)" classname="spec_perl_TestIntegers_t" time="5.22136688232422e-05" />
    <testcase name="Equals (886)" classname="spec_perl_TestIntegers_t" time="5.69820404052734e-05" />
    <testcase name="Equals (887)" classname="spec_perl_TestIntegers_t" time="5.79357147216797e-05" />
    <testcase name="Equals (888)" classname="spec_perl_TestIntegers_t" time="5.88893890380859e-05" />
    <testcase name="Equals (889)" classname="spec_perl_TestIntegers_t" time="5.50746917724609e-05" />
    <testcase name="Equals (890)" classname="spec_perl_TestIntegers_t" time="5.79357147216797e-05" />
    <testcase name="Equals (891)" classname="spec_perl_TestIntegers_t" time="7.10487365722656e-05" />
    <testcase name="Equals (892)" classname="spec_perl_TestIntegers_t" time="6.79492950439453e-05" />
    <testcase name="Equals (893)" classname="spec_perl_TestIntegers_t" time="6.69956207275391e-05" />
    <testcase name="Equals (894)" classname="spec_perl_TestIntegers_t" time="3.60012054443359e-05" />
    <testcase name="Equals (895)" classname="spec_perl_TestIntegers_t" time="6.41345977783203e-05" />
    <testcase name="Equals (896)" classname="spec_perl_TestIntegers_t" time="6.103515625e-05" />
    <testcase name="Equals (897)" classname="spec_perl_TestIntegers_t" time="5.60283660888672e-05" />
  </testsuite>
  <testsuite name="spec_perl_TestRepeatNStrz_t" errors="0" failures="0" skipped="0" tests="2" time="0.0344069004058838">
    <system-out>1..2
ok 1 - Equals
ok 2 - Equals
</system-out>
    <testcase name="Equals (898)" classname="spec_perl_TestRepeatNStrz_t" time="0.00129103660583496" />
    <testcase name="Equals (899)" classname="spec_perl_TestRepeatNStrz_t" time="8.20159912109375e-05" />
  </testsuite>
  <testsuite name="spec_perl_TestEofExceptionU4_t" errors="0" failures="0" skipped="0" tests="1" time="0.0317368507385254">
    <system-out>1..1
ok 1 - threw /^Requested \d+ bytes, but only \d+ bytes available/
</system-out>
    <testcase name="threw /^Requested \d+ bytes, but only \d+ bytes available/ (899)" classname="spec_perl_TestEofExceptionU4_t" time="0.00117897987365723" />
  </testsuite>
  <testsuite name="spec_perl_TestNavParentOverride_t" errors="0" failures="0" skipped="0" tests="3" time="0.0306639671325684">
    <system-out>1..3
ok 1 - Equals
ok 2 - Equals
ok 3 - Equals
</system-out>
    <testcase name="Equals (900)" classname="spec_perl_TestNavParentOverride_t" time="0.00123500823974609" />
    <testcase name="Equals (901)" classname="spec_perl_TestNavParentOverride_t" time="4.50611114501953e-05" />
    <testcase name="Equals (902)" classname="spec_perl_TestNavParentOverride_t" time="6.19888305664062e-05" />
  </testsuite>
  <testsuite name="spec_perl_TestNavParentVsValueInst_t" errors="0" failures="0" skipped="0" tests="1" time="0.0345029830932617">
    <system-out>1..1
ok 1 - Equals
</system-out>
    <testcase name="Equals (903)" classname="spec_perl_TestNavParentVsValueInst_t" time="0.00129413604736328" />
  </testsuite>
  <testsuite name="spec_perl_TestNonStandard_t" errors="0" failures="0" skipped="0" tests="1" time="0.030303955078125">
    <system-out>1..1
ok 1 - Equals
</system-out>
    <testcase name="Equals (904)" classname="spec_perl_TestNonStandard_t" time="0.00121378898620605" />
  </testsuite>
  <testsuite name="spec_perl_TestSwitchManualIntSizeElse_t" errors="0" failures="0" skipped="0" tests="10" time="0.036201000213623">
    <system-out>1..10
ok 1 - Equals
ok 2 - Equals
ok 3 - Equals
ok 4 - Equals
ok 5 - Equals
ok 6 - Equals
ok 7 - Equals
ok 8 - Equals
ok 9 - Equals
ok 10 - Equals
</system-out>
    <testcase name="Equals (905)" classname="spec_perl_TestSwitchManualIntSizeElse_t" time="0.00166583061218262" />
    <testcase name="Equals (906)" classname="spec_perl_TestSwitchManualIntSizeElse_t" time="4.60147857666016e-05" />
    <testcase name="Equals (907)" classname="spec_perl_TestSwitchManualIntSizeElse_t" time="6.81877136230469e-05" />
    <testcase name="Equals (908)" classname="spec_perl_TestSwitchManualIntSizeElse_t" time="5.79357147216797e-05" />
    <testcase name="Equals (909)" classname="spec_perl_TestSwitchManualIntSizeElse_t" time="6.19888305664062e-05" />
    <testcase name="Equals (910)" classname="spec_perl_TestSwitchManualIntSizeElse_t" time="0.000131845474243164" />
    <testcase name="Equals (911)" classname="spec_perl_TestSwitchManualIntSizeElse_t" time="6.00814819335938e-05" />
    <testcase name="Equals (912)" classname="spec_perl_TestSwitchManualIntSizeElse_t" time="6.29425048828125e-05" />
    <testcase name="Equals (913)" classname="spec_perl_TestSwitchManualIntSizeElse_t" time="6.103515625e-05" />
    <testcase name="Equals (914)" classname="spec_perl_TestSwitchManualIntSizeElse_t" time="6.60419464111328e-05" />
  </testsuite>
  <testsuite name="spec_perl_TestStrLiterals2_t" errors="0" failures="0" skipped="0" tests="4" time="0.0305600166320801">
    <system-out>1..4
ok 1 - Equals
ok 2 - Equals
ok 3 - Equals
ok 4 - Equals
</system-out>
    <testcase name="Equals (915)" classname="spec_perl_TestStrLiterals2_t" time="0.0012049674987793" />
    <testcase name="Equals (916)" classname="spec_perl_TestStrLiterals2_t" time="4.41074371337891e-05" />
    <testcase name="Equals (917)" classname="spec_perl_TestStrLiterals2_t" time="5.00679016113281e-05" />
    <testcase name="Equals (918)" classname="spec_perl_TestStrLiterals2_t" time="7.48634338378906e-05" />
  </testsuite>
  <testsuite name="spec_perl_TestBufferedStruct_t" errors="0" failures="0" skipped="0" tests="7" time="0.0314731597900391">
    <system-out>1..7
ok 1 - Equals
ok 2 - Equals
ok 3 - Equals
ok 4 - Equals
ok 5 - Equals
ok 6 - Equals
ok 7 - Equals
</system-out>
    <testcase name="Equals (919)" classname="spec_perl_TestBufferedStruct_t" time="0.00147795677185059" />
    <testcase name="Equals (920)" classname="spec_perl_TestBufferedStruct_t" time="4.72068786621094e-05" />
    <testcase name="Equals (921)" classname="spec_perl_TestBufferedStruct_t" time="3.88622283935547e-05" />
    <testcase name="Equals (922)" classname="spec_perl_TestBufferedStruct_t" time="7.20024108886719e-05" />
    <testcase name="Equals (923)" classname="spec_perl_TestBufferedStruct_t" time="5.41210174560547e-05" />
    <testcase name="Equals (924)" classname="spec_perl_TestBufferedStruct_t" time="5.88893890380859e-05" />
    <testcase name="Equals (925)" classname="spec_perl_TestBufferedStruct_t" time="5.91278076171875e-05" />
  </testsuite>
  <testsuite name="spec_perl_TestBytesPadTerm_t" errors="0" failures="0" skipped="0" tests="4" time="0.0303199291229248">
    <system-out>1..4
ok 1 - Equals
ok 2 - Equals
ok 3 - Equals
ok 4 - Equals
</system-out>
    <testcase name="Equals (926)" classname="spec_perl_TestBytesPadTerm_t" time="0.00122714042663574" />
    <testcase name="Equals (927)" classname="spec_perl_TestBytesPadTerm_t" time="4.69684600830078e-05" />
    <testcase name="Equals (928)" classname="spec_perl_TestBytesPadTerm_t" time="4.88758087158203e-05" />
    <testcase name="Equals (929)" classname="spec_perl_TestBytesPadTerm_t" time="6.31809234619141e-05" />
  </testsuite>
  <testsuite name="spec_perl_TestStrLiterals_t" errors="0" failures="0" skipped="0" tests="5" time="0.0310080051422119">
    <system-out>1..5
ok 1 - Equals
ok 2 - Equals
ok 3 - Equals
ok 4 - Equals
ok 5 - Equals
</system-out>
    <testcase name="Equals (930)" classname="spec_perl_TestStrLiterals_t" time="0.00122189521789551" />
    <testcase name="Equals (931)" classname="spec_perl_TestStrLiterals_t" time="4.69684600830078e-05" />
    <testcase name="Equals (932)" classname="spec_perl_TestStrLiterals_t" time="4.81605529785156e-05" />
    <testcase name="Equals (933)" classname="spec_perl_TestStrLiterals_t" time="6.89029693603516e-05" />
    <testcase name="Equals (934)" classname="spec_perl_TestStrLiterals_t" time="6.69956207275391e-05" />
  </testsuite>
  <testsuite name="spec_perl_TestEnumIf_t" errors="0" failures="0" skipped="0" tests="7" time="0.0349371433258057">
    <system-out>1..7
ok 1 - Equals
ok 2 - Equals
ok 3 - Equals
ok 4 - Equals
ok 5 - Equals
ok 6 - Equals
ok 7 - Equals
</system-out>
    <testcase name="Equals (935)" classname="spec_perl_TestEnumIf_t" time="0.00131607055664062" />
    <testcase name="Equals (936)" classname="spec_perl_TestEnumIf_t" time="4.60147857666016e-05" />
    <testcase name="Equals (937)" classname="spec_perl_TestEnumIf_t" time="3.91006469726562e-05" />
    <testcase name="Equals (938)" classname="spec_perl_TestEnumIf_t" time="6.89029693603516e-05" />
    <testcase name="Equals (939)" classname="spec_perl_TestEnumIf_t" time="6.103515625e-05" />
    <testcase name="Equals (940)" classname="spec_perl_TestEnumIf_t" time="5.79357147216797e-05" />
    <testcase name="Equals (941)" classname="spec_perl_TestEnumIf_t" time="6.29425048828125e-05" />
  </testsuite>
  <testsuite name="spec_perl_TestExprBytesCmp_t" errors="0" failures="0" skipped="0" tests="10" time="0.0311100482940674">
    <system-out>1..10
ok 1 - Equals
ok 2 - Equals
ok 3 - Equals
ok 4 - Equals
ok 5 - Equals
ok 6 - Equals
ok 7 - Equals
ok 8 - Equals
ok 9 - Equals
ok 10 - Equals
</system-out>
    <testcase name="Equals (942)" classname="spec_perl_TestExprBytesCmp_t" time="0.00118899345397949" />
    <testcase name="Equals (943)" classname="spec_perl_TestExprBytesCmp_t" time="4.72068786621094e-05" />
    <testcase name="Equals (944)" classname="spec_perl_TestExprBytesCmp_t" time="6.07967376708984e-05" />
    <testcase name="Equals (945)" classname="spec_perl_TestExprBytesCmp_t" time="6.00814819335938e-05" />
    <testcase name="Equals (946)" classname="spec_perl_TestExprBytesCmp_t" time="6.79492950439453e-05" />
    <testcase name="Equals (947)" classname="spec_perl_TestExprBytesCmp_t" time="6.50882720947266e-05" />
    <testcase name="Equals (948)" classname="spec_perl_TestExprBytesCmp_t" time="6.60419464111328e-05" />
    <testcase name="Equals (949)" classname="spec_perl_TestExprBytesCmp_t" time="7.98702239990234e-05" />
    <testcase name="Equals (950)" classname="spec_perl_TestExprBytesCmp_t" time="6.19888305664062e-05" />
    <testcase name="Equals (951)" classname="spec_perl_TestExprBytesCmp_t" time="6.41345977783203e-05" />
  </testsuite>
  <testsuite name="spec_perl_TestProcessXor4Value_t" errors="0" failures="0" skipped="0" tests="2" time="0.0303280353546143">
    <system-out>1..2
ok 1 - Equals
ok 2 - Equals
</system-out>
    <testcase name="Equals (952)" classname="spec_perl_TestProcessXor4Value_t" time="0.00120186805725098" />
    <testcase name="Equals (953)" classname="spec_perl_TestProcessXor4Value_t" time="4.60147857666016e-05" />
  </testsuite>
  <testsuite name="spec_perl_TestTsPacketHeader_t" errors="0" failures="0" skipped="0" tests="7" time="0.0307800769805908">
    <system-out>1..7
ok 1 - Equals
ok 2 - Equals
ok 3 - Equals
ok 4 - Equals
ok 5 - Equals
ok 6 - Equals
ok 7 - Equals
</system-out>
    <testcase name="Equals (954)" classname="spec_perl_TestTsPacketHeader_t" time="0.00123405456542969" />
    <testcase name="Equals (955)" classname="spec_perl_TestTsPacketHeader_t" time="4.50611114501953e-05" />
    <testcase name="Equals (956)" classname="spec_perl_TestTsPacketHeader_t" time="4.60147857666016e-05" />
    <testcase name="Equals (957)" classname="spec_perl_TestTsPacketHeader_t" time="6.98566436767578e-05" />
    <testcase name="Equals (958)" classname="spec_perl_TestTsPacketHeader_t" time="6.41345977783203e-05" />
    <testcase name="Equals (959)" classname="spec_perl_TestTsPacketHeader_t" time="6.103515625e-05" />
    <testcase name="Equals (960)" classname="spec_perl_TestTsPacketHeader_t" time="5.69820404052734e-05" />
  </testsuite>
  <testsuite name="spec_perl_TestExpr3_t" errors="0" failures="0" skipped="0" tests="12" time="0.035146951675415">
    <system-out>1..12
ok 1 - Equals
ok 2 - Equals
ok 3 - Equals
ok 4 - Equals
ok 5 - Equals
ok 6 - Equals
ok 7 - Equals
ok 8 - Equals
ok 9 - Equals
ok 10 - Equals
ok 11 - Equals
ok 12 - Equals
</system-out>
    <testcase name="Equals (961)" classname="spec_perl_TestExpr3_t" time="0.00122618675231934" />
    <testcase name="Equals (962)" classname="spec_perl_TestExpr3_t" time="4.98294830322266e-05" />
    <testcase name="Equals (963)" classname="spec_perl_TestExpr3_t" time="3.71932983398438e-05" />
    <testcase name="Equals (964)" classname="spec_perl_TestExpr3_t" time="7.20024108886719e-05" />
    <testcase name="Equals (965)" classname="spec_perl_TestExpr3_t" time="6.19888305664062e-05" />
    <testcase name="Equals (966)" classname="spec_perl_TestExpr3_t" time="5.98430633544922e-05" />
    <testcase name="Equals (967)" classname="spec_perl_TestExpr3_t" time="6.103515625e-05" />
    <testcase name="Equals (968)" classname="spec_perl_TestExpr3_t" time="6.00814819335938e-05" />
    <testcase name="Equals (969)" classname="spec_perl_TestExpr3_t" time="5.98430633544922e-05" />
    <testcase name="Equals (970)" classname="spec_perl_TestExpr3_t" time="5.7220458984375e-05" />
    <testcase name="Equals (971)" classname="spec_perl_TestExpr3_t" time="5.88893890380859e-05" />
    <testcase name="Equals (972)" classname="spec_perl_TestExpr3_t" time="5.79357147216797e-05" />
  </testsuite>
  <testsuite name="spec_perl_TestBitsUnalignedB64Le_t" errors="0" failures="0" skipped="0" tests="3" time="0.0303049087524414">
    <system-out>1..3
ok 1 - Equals
ok 2 - Equals
ok 3 - Equals
</system-out>
    <testcase name="Equals (973)" classname="spec_perl_TestBitsUnalignedB64Le_t" time="0.00118803977966309" />
    <testcase name="Equals (974)" classname="spec_perl_TestBitsUnalignedB64Le_t" time="4.60147857666016e-05" />
    <testcase name="Equals (975)" classname="spec_perl_TestBitsUnalignedB64Le_t" time="6.60419464111328e-05" />
  </testsuite>
  <testsuite name="spec_perl_TestInstanceUserArray_t" errors="0" failures="0" skipped="0" tests="10" time="0.0313630104064941">
    <system-out>1..10
ok 1 - Equals
ok 2 - Equals
ok 3 - Equals
ok 4 - Equals
ok 5 - Equals
ok 6 - Equals
ok 7 - Equals
ok 8 - Equals
ok 9 - Equals
ok 10 - Equals
</system-out>
    <testcase name="Equals (976)" classname="spec_perl_TestInstanceUserArray_t" time="0.00122690200805664" />
    <testcase name="Equals (977)" classname="spec_perl_TestInstanceUserArray_t" time="5.10215759277344e-05" />
    <testcase name="Equals (978)" classname="spec_perl_TestInstanceUserArray_t" time="3.91006469726562e-05" />
    <testcase name="Equals (979)" classname="spec_perl_TestInstanceUserArray_t" time="0.000404834747314453" />
    <testcase name="Equals (980)" classname="spec_perl_TestInstanceUserArray_t" time="6.91413879394531e-05" />
    <testcase name="Equals (981)" classname="spec_perl_TestInstanceUserArray_t" time="6.103515625e-05" />
    <testcase name="Equals (982)" classname="spec_perl_TestInstanceUserArray_t" time="5.88893890380859e-05" />
    <testcase name="Equals (983)" classname="spec_perl_TestInstanceUserArray_t" time="5.91278076171875e-05" />
    <testcase name="Equals (984)" classname="spec_perl_TestInstanceUserArray_t" time="6.4849853515625e-05" />
    <testcase name="Equals (985)" classname="spec_perl_TestInstanceUserArray_t" time="5.81741333007812e-05" />
  </testsuite>
</testsuites>
