<?xml version='1.0' encoding='utf-8'?>
<testsuites>
  <testsuite name="spec_perl_TestNavParentOverride_t" errors="0" failures="0" skipped="0" tests="3" time="0.0562219619750977">
    <system-out>1..3
ok 1 - Equals
ok 2 - Equals
ok 3 - Equals
</system-out>
    <testcase name="Equals" classname="spec_perl_TestNavParentOverride_t" time="0.000355958938598633" />
    <testcase name="Equals (2)" classname="spec_perl_TestNavParentOverride_t" time="0.000107049942016602" />
    <testcase name="Equals (3)" classname="spec_perl_TestNavParentOverride_t" time="0.000151157379150391" />
  </testsuite>
  <testsuite name="spec_perl_TestParamsPassUsertype_t" errors="0" failures="1" skipped="1" tests="2" time="0.0600161552429199">
    <system-out>1..2
not ok 1 - test_params_pass_usertype died (Can't call method &quot;foo&quot; on an undefined value at compiled/perl/ParamsPassUsertype.pm line 119.)
ok 2 # skip test_params_pass_usertype died
</system-out>
    <testcase name="test_params_pass_usertype died (Can't call method &quot;foo&quot; on an undefined value at compiled/perl/ParamsPassUsertype.pm line 119.) (3)" classname="spec_perl_TestParamsPassUsertype_t" time="0.000427961349487305">
      <failure message="not ok 1 - test_params_pass_usertype died (Can't call method &quot;foo&quot; on an undefined value at compiled/perl/ParamsPassUsertype.pm line 119.)" type="TAP::Parser::Result::Test"></failure>
    </testcase>
    <testcase name="Unnamed test case 3" classname="spec_perl_TestParamsPassUsertype_t" time="0.000542163848876953">
      <skipped message="ok 2 # skip test_params_pass_usertype died" />
    </testcase>
  </testsuite>
  <testsuite name="spec_perl_TestEofExceptionU4_t" errors="0" failures="0" skipped="0" tests="1" time="0.0562119483947754">
    <system-out>1..1
ok 1 - Died
</system-out>
    <testcase name="Died (3)" classname="spec_perl_TestEofExceptionU4_t" time="0.000215053558349609" />
  </testsuite>
  <testsuite name="spec_perl_TestSwitchCast_t" errors="0" failures="0" skipped="0" tests="2" time="0.0590229034423828">
    <system-out>1..2
ok 1 - Equals
ok 2 - Equals
</system-out>
    <testcase name="Equals (4)" classname="spec_perl_TestSwitchCast_t" time="0.000447988510131836" />
    <testcase name="Equals (5)" classname="spec_perl_TestSwitchCast_t" time="0.000117063522338867" />
  </testsuite>
  <testsuite name="spec_perl_TestStrEncodingsDefault_t" errors="0" failures="0" skipped="0" tests="4" time="0.065216064453125">
    <system-out>1..4
ok 1 - Equals
ok 2 - Equals
ok 3 - Equals
ok 4 - Equals
</system-out>
    <testcase name="Equals (6)" classname="spec_perl_TestStrEncodingsDefault_t" time="0.00418400764465332" />
    <testcase name="Equals (7)" classname="spec_perl_TestStrEncodingsDefault_t" time="0.000150918960571289" />
    <testcase name="Equals (8)" classname="spec_perl_TestStrEncodingsDefault_t" time="6.103515625e-05" />
    <testcase name="Equals (9)" classname="spec_perl_TestStrEncodingsDefault_t" time="0.000130891799926758" />
  </testsuite>
  <testsuite name="spec_perl_TestStrEos_t" errors="0" failures="0" skipped="0" tests="1" time="0.0597879886627197">
    <system-out>1..1
ok 1 - Equals
</system-out>
    <testcase name="Equals (10)" classname="spec_perl_TestStrEos_t" time="0.000369071960449219" />
  </testsuite>
  <testsuite name="spec_perl_TestImports0_t" errors="0" failures="0" skipped="0" tests="3" time="0.0558669567108154">
    <system-out>1..3
ok 1 - Equals
ok 2 - Equals
ok 3 - Equals
</system-out>
    <testcase name="Equals (11)" classname="spec_perl_TestImports0_t" time="0.000290155410766602" />
    <testcase name="Equals (12)" classname="spec_perl_TestImports0_t" time="9.79900360107422e-05" />
    <testcase name="Equals (13)" classname="spec_perl_TestImports0_t" time="0.000154972076416016" />
  </testsuite>
  <testsuite name="spec_perl_TestNavParentVsValueInst_t" errors="0" failures="0" skipped="0" tests="1" time="0.0582878589630127">
    <system-out>1..1
ok 1 - Equals
</system-out>
    <testcase name="Equals (14)" classname="spec_perl_TestNavParentVsValueInst_t" time="0.000393152236938477" />
  </testsuite>
  <testsuite name="spec_perl_TestDebug0_t" errors="0" failures="0" skipped="1" tests="1" time="0.0568089485168457">
    <system-out>1..1
ok 1 # skip test_debug_0
</system-out>
    <testcase name="Unnamed test case 14" classname="spec_perl_TestDebug0_t" time="0.000331878662109375">
      <skipped message="ok 1 # skip test_debug_0" />
    </testcase>
  </testsuite>
  <testsuite name="spec_perl_TestPositionToEnd_t" errors="0" failures="0" skipped="0" tests="2" time="0.0553169250488281">
    <system-out>1..2
ok 1 - Equals
ok 2 - Equals
</system-out>
    <testcase name="Equals (15)" classname="spec_perl_TestPositionToEnd_t" time="0.000320911407470703" />
    <testcase name="Equals (16)" classname="spec_perl_TestPositionToEnd_t" time="9.41753387451172e-05" />
  </testsuite>
  <testsuite name="spec_perl_TestSwitchBytearray_t" errors="0" failures="0" skipped="0" tests="9" time="0.0616459846496582">
    <system-out>1..9
ok 1 - Equals
ok 2 - Equals
ok 3 - Equals
ok 4 - Equals
ok 5 - Equals
ok 6 - Equals
ok 7 - Equals
ok 8 - Equals
ok 9 - Equals
</system-out>
    <testcase name="Equals (17)" classname="spec_perl_TestSwitchBytearray_t" time="0.000514030456542969" />
    <testcase name="Equals (18)" classname="spec_perl_TestSwitchBytearray_t" time="0.000114917755126953" />
    <testcase name="Equals (19)" classname="spec_perl_TestSwitchBytearray_t" time="7.20024108886719e-05" />
    <testcase name="Equals (20)" classname="spec_perl_TestSwitchBytearray_t" time="0.000174999237060547" />
    <testcase name="Equals (21)" classname="spec_perl_TestSwitchBytearray_t" time="0.000169992446899414" />
    <testcase name="Equals (22)" classname="spec_perl_TestSwitchBytearray_t" time="0.000166177749633789" />
    <testcase name="Equals (23)" classname="spec_perl_TestSwitchBytearray_t" time="0.000154972076416016" />
    <testcase name="Equals (24)" classname="spec_perl_TestSwitchBytearray_t" time="0.000146865844726562" />
    <testcase name="Equals (25)" classname="spec_perl_TestSwitchBytearray_t" time="0.00015711784362793" />
  </testsuite>
  <testsuite name="spec_perl_TestDefaultBigEndian_t" errors="0" failures="0" skipped="0" tests="1" time="0.0667750835418701">
    <system-out>1..1
ok 1 - Equals
</system-out>
    <testcase name="Equals (26)" classname="spec_perl_TestDefaultBigEndian_t" time="0.000292062759399414" />
  </testsuite>
  <testsuite name="spec_perl_TestIndexToParamUntil_t" errors="0" failures="2" skipped="0" tests="7" time="0.0741040706634521">
    <system-out>1..7
ok 1 - Equals
ok 2 - Equals
ok 3 - Equals
ok 4 - Equals
ok 5 - Equals
not ok 6 - Equals
not ok 7 - Equals
</system-out>
    <testcase name="Equals (27)" classname="spec_perl_TestIndexToParamUntil_t" time="0.000634908676147461" />
    <testcase name="Equals (28)" classname="spec_perl_TestIndexToParamUntil_t" time="0.000703096389770508" />
    <testcase name="Equals (29)" classname="spec_perl_TestIndexToParamUntil_t" time="0.000401020050048828" />
    <testcase name="Equals (30)" classname="spec_perl_TestIndexToParamUntil_t" time="0.000439882278442383" />
    <testcase name="Equals (31)" classname="spec_perl_TestIndexToParamUntil_t" time="0.000540018081665039" />
    <testcase name="Equals (32)" classname="spec_perl_TestIndexToParamUntil_t" time="0.000588178634643555">
      <failure message="not ok 6 - Equals" type="TAP::Parser::Result::Test"></failure>
    </testcase>
    <testcase name="Equals (33)" classname="spec_perl_TestIndexToParamUntil_t" time="0.00113081932067871">
      <failure message="not ok 7 - Equals" type="TAP::Parser::Result::Test"></failure>
    </testcase>
  </testsuite>
  <testsuite name="spec_perl_TestInstanceIoUser_t" errors="0" failures="0" skipped="0" tests="4" time="0.0605220794677734">
    <system-out>1..4
ok 1 - Equals
ok 2 - Equals
ok 3 - Equals
ok 4 - Equals
</system-out>
    <testcase name="Equals (34)" classname="spec_perl_TestInstanceIoUser_t" time="0.000789880752563477" />
    <testcase name="Equals (35)" classname="spec_perl_TestInstanceIoUser_t" time="0.000169992446899414" />
    <testcase name="Equals (36)" classname="spec_perl_TestInstanceIoUser_t" time="8.51154327392578e-05" />
    <testcase name="Equals (37)" classname="spec_perl_TestInstanceIoUser_t" time="0.000196933746337891" />
  </testsuite>
  <testsuite name="spec_perl_TestProcessCoerceBytes_t" errors="0" failures="0" skipped="0" tests="4" time="0.0569829940795898">
    <system-out>1..4
ok 1 - Equals
ok 2 - Equals
ok 3 - Equals
ok 4 - Equals
</system-out>
    <testcase name="Equals (38)" classname="spec_perl_TestProcessCoerceBytes_t" time="0.000311851501464844" />
    <testcase name="Equals (39)" classname="spec_perl_TestProcessCoerceBytes_t" time="9.60826873779297e-05" />
    <testcase name="Equals (40)" classname="spec_perl_TestProcessCoerceBytes_t" time="0.000160932540893555" />
    <testcase name="Equals (41)" classname="spec_perl_TestProcessCoerceBytes_t" time="0.00017094612121582" />
  </testsuite>
  <testsuite name="spec_perl_TestSwitchManualIntSize_t" errors="0" failures="0" skipped="0" tests="10" time="0.0611040592193604">
    <system-out>1..10
ok 1 - Equals
ok 2 - Equals
ok 3 - Equals
ok 4 - Equals
ok 5 - Equals
ok 6 - Equals
ok 7 - Equals
ok 8 - Equals
ok 9 - Equals
ok 10 - Equals
</system-out>
    <testcase name="Equals (42)" classname="spec_perl_TestSwitchManualIntSize_t" time="0.000873088836669922" />
    <testcase name="Equals (43)" classname="spec_perl_TestSwitchManualIntSize_t" time="0.000124931335449219" />
    <testcase name="Equals (44)" classname="spec_perl_TestSwitchManualIntSize_t" time="5.79357147216797e-05" />
    <testcase name="Equals (45)" classname="spec_perl_TestSwitchManualIntSize_t" time="0.000131130218505859" />
    <testcase name="Equals (46)" classname="spec_perl_TestSwitchManualIntSize_t" time="0.000156879425048828" />
    <testcase name="Equals (47)" classname="spec_perl_TestSwitchManualIntSize_t" time="0.00023198127746582" />
    <testcase name="Equals (48)" classname="spec_perl_TestSwitchManualIntSize_t" time="0.000128984451293945" />
    <testcase name="Equals (49)" classname="spec_perl_TestSwitchManualIntSize_t" time="0.000173091888427734" />
    <testcase name="Equals (50)" classname="spec_perl_TestSwitchManualIntSize_t" time="0.000160932540893555" />
    <testcase name="Equals (51)" classname="spec_perl_TestSwitchManualIntSize_t" time="0.000153064727783203" />
  </testsuite>
  <testsuite name="spec_perl_TestBitsByteAligned_t" errors="0" failures="0" skipped="0" tests="9" time="0.0577030181884766">
    <system-out>1..9
ok 1 - Equals
ok 2 - Equals
ok 3 - Equals
ok 4 - Equals
ok 5 - Equals
ok 6 - Equals
ok 7 - Equals
ok 8 - Equals
ok 9 - Equals
</system-out>
    <testcase name="Equals (52)" classname="spec_perl_TestBitsByteAligned_t" time="0.000383853912353516" />
    <testcase name="Equals (53)" classname="spec_perl_TestBitsByteAligned_t" time="0.000102996826171875" />
    <testcase name="Equals (54)" classname="spec_perl_TestBitsByteAligned_t" time="9.29832458496094e-05" />
    <testcase name="Equals (55)" classname="spec_perl_TestBitsByteAligned_t" time="0.00018000602722168" />
    <testcase name="Equals (56)" classname="spec_perl_TestBitsByteAligned_t" time="0.000123977661132812" />
    <testcase name="Equals (57)" classname="spec_perl_TestBitsByteAligned_t" time="0.000176191329956055" />
    <testcase name="Equals (58)" classname="spec_perl_TestBitsByteAligned_t" time="0.000140905380249023" />
    <testcase name="Equals (59)" classname="spec_perl_TestBitsByteAligned_t" time="0.000147104263305664" />
    <testcase name="Equals (60)" classname="spec_perl_TestBitsByteAligned_t" time="0.000137805938720703" />
  </testsuite>
  <testsuite name="spec_perl_TestCastNested_t" errors="0" failures="0" skipped="0" tests="4" time="0.0627219676971436">
    <system-out>1..4
ok 1 - Equals
ok 2 - Equals
ok 3 - Equals
ok 4 - Equals
</system-out>
    <testcase name="Equals (61)" classname="spec_perl_TestCastNested_t" time="0.000435829162597656" />
    <testcase name="Equals (62)" classname="spec_perl_TestCastNested_t" time="0.000108003616333008" />
    <testcase name="Equals (63)" classname="spec_perl_TestCastNested_t" time="0.000137090682983398" />
    <testcase name="Equals (64)" classname="spec_perl_TestCastNested_t" time="0.000169038772583008" />
  </testsuite>
  <testsuite name="spec_perl_TestSwitchManualIntSizeEos_t" errors="0" failures="0" skipped="0" tests="10" time="0.0624959468841553">
    <system-out>1..10
ok 1 - Equals
ok 2 - Equals
ok 3 - Equals
ok 4 - Equals
ok 5 - Equals
ok 6 - Equals
ok 7 - Equals
ok 8 - Equals
ok 9 - Equals
ok 10 - Equals
</system-out>
    <testcase name="Equals (65)" classname="spec_perl_TestSwitchManualIntSizeEos_t" time="0.000941991806030273" />
    <testcase name="Equals (66)" classname="spec_perl_TestSwitchManualIntSizeEos_t" time="0.000132083892822266" />
    <testcase name="Equals (67)" classname="spec_perl_TestSwitchManualIntSizeEos_t" time="7.20024108886719e-05" />
    <testcase name="Equals (68)" classname="spec_perl_TestSwitchManualIntSizeEos_t" time="0.000195026397705078" />
    <testcase name="Equals (69)" classname="spec_perl_TestSwitchManualIntSizeEos_t" time="0.0001678466796875" />
    <testcase name="Equals (70)" classname="spec_perl_TestSwitchManualIntSizeEos_t" time="0.000215053558349609" />
    <testcase name="Equals (71)" classname="spec_perl_TestSwitchManualIntSizeEos_t" time="0.000162124633789062" />
    <testcase name="Equals (72)" classname="spec_perl_TestSwitchManualIntSizeEos_t" time="0.000196933746337891" />
    <testcase name="Equals (73)" classname="spec_perl_TestSwitchManualIntSizeEos_t" time="0.000169038772583008" />
    <testcase name="Equals (74)" classname="spec_perl_TestSwitchManualIntSizeEos_t" time="0.000144004821777344" />
  </testsuite>
  <testsuite name="spec_perl_TestDefaultEndianExprIsLe_t" errors="0" failures="0" skipped="0" tests="12" time="0.0574498176574707">
    <system-out>1..12
ok 1 - Equals
ok 2 - Equals
ok 3 - Equals
ok 4 - Equals
ok 5 - Equals
ok 6 - Equals
ok 7 - Equals
ok 8 - Equals
ok 9 - Equals
ok 10 - Equals
ok 11 - Equals
ok 12 - Equals
</system-out>
    <testcase name="Equals (75)" classname="spec_perl_TestDefaultEndianExprIsLe_t" time="0.000386953353881836" />
    <testcase name="Equals (76)" classname="spec_perl_TestDefaultEndianExprIsLe_t" time="0.000101089477539062" />
    <testcase name="Equals (77)" classname="spec_perl_TestDefaultEndianExprIsLe_t" time="0.000124931335449219" />
    <testcase name="Equals (78)" classname="spec_perl_TestDefaultEndianExprIsLe_t" time="0.000167131423950195" />
    <testcase name="Equals (79)" classname="spec_perl_TestDefaultEndianExprIsLe_t" time="0.000156879425048828" />
    <testcase name="Equals (80)" classname="spec_perl_TestDefaultEndianExprIsLe_t" time="0.000167131423950195" />
    <testcase name="Equals (81)" classname="spec_perl_TestDefaultEndianExprIsLe_t" time="0.00014185905456543" />
    <testcase name="Equals (82)" classname="spec_perl_TestDefaultEndianExprIsLe_t" time="0.000156164169311523" />
    <testcase name="Equals (83)" classname="spec_perl_TestDefaultEndianExprIsLe_t" time="0.000140905380249023" />
    <testcase name="Equals (84)" classname="spec_perl_TestDefaultEndianExprIsLe_t" time="0.000150918960571289" />
    <testcase name="Equals (85)" classname="spec_perl_TestDefaultEndianExprIsLe_t" time="0.000195980072021484" />
    <testcase name="Equals (86)" classname="spec_perl_TestDefaultEndianExprIsLe_t" time="0.000142097473144531" />
  </testsuite>
  <testsuite name="spec_perl_TestBitsEnum_t" errors="0" failures="0" skipped="0" tests="3" time="0.0552549362182617">
    <system-out>1..3
ok 1 - Equals
ok 2 - Equals
ok 3 - Equals
</system-out>
    <testcase name="Equals (87)" classname="spec_perl_TestBitsEnum_t" time="0.000323057174682617" />
    <testcase name="Equals (88)" classname="spec_perl_TestBitsEnum_t" time="0.000104904174804688" />
    <testcase name="Equals (89)" classname="spec_perl_TestBitsEnum_t" time="0.000138044357299805" />
  </testsuite>
  <testsuite name="spec_perl_TestInstanceStd_t" errors="0" failures="0" skipped="0" tests="1" time="0.0591068267822266">
    <system-out>1..1
ok 1 - Equals
</system-out>
    <testcase name="Equals (90)" classname="spec_perl_TestInstanceStd_t" time="0.000285148620605469" />
  </testsuite>
  <testsuite name="spec_perl_TestBytesPadTerm_t" errors="0" failures="0" skipped="0" tests="4" time="0.057075023651123">
    <system-out>1..4
ok 1 - Equals
ok 2 - Equals
ok 3 - Equals
ok 4 - Equals
</system-out>
    <testcase name="Equals (91)" classname="spec_perl_TestBytesPadTerm_t" time="0.000365018844604492" />
    <testcase name="Equals (92)" classname="spec_perl_TestBytesPadTerm_t" time="9.67979431152344e-05" />
    <testcase name="Equals (93)" classname="spec_perl_TestBytesPadTerm_t" time="0.000129222869873047" />
    <testcase name="Equals (94)" classname="spec_perl_TestBytesPadTerm_t" time="0.000153779983520508" />
  </testsuite>
  <testsuite name="spec_perl_TestEnumDeep_t" errors="0" failures="0" skipped="0" tests="2" time="0.0564968585968018">
    <system-out>1..2
ok 1 - Equals
ok 2 - Equals
</system-out>
    <testcase name="Equals (95)" classname="spec_perl_TestEnumDeep_t" time="0.000362157821655273" />
    <testcase name="Equals (96)" classname="spec_perl_TestEnumDeep_t" time="0.000101804733276367" />
  </testsuite>
  <testsuite name="spec_perl_TestDefaultEndianMod_t" errors="0" failures="0" skipped="0" tests="3" time="0.0560741424560547">
    <system-out>1..3
ok 1 - Equals
ok 2 - Equals
ok 3 - Equals
</system-out>
    <testcase name="Equals (97)" classname="spec_perl_TestDefaultEndianMod_t" time="0.000295877456665039" />
    <testcase name="Equals (98)" classname="spec_perl_TestDefaultEndianMod_t" time="9.70363616943359e-05" />
    <testcase name="Equals (99)" classname="spec_perl_TestDefaultEndianMod_t" time="0.00015711784362793" />
  </testsuite>
  <testsuite name="spec_perl_TestExprArray_t" errors="0" failures="1" skipped="0" tests="15" time="0.0624120235443115">
    <system-out>1..15
ok 1 - Equals
ok 2 - Equals
ok 3 - Equals
ok 4 - Equals
ok 5 - Equals
ok 6 - Equals
ok 7 - Equals
ok 8 - Equals
not ok 9 - Equals
ok 10 - Equals
ok 11 - Equals
ok 12 - Equals
ok 13 - Equals
ok 14 - Equals
ok 15 - Equals
</system-out>
    <testcase name="Equals (100)" classname="spec_perl_TestExprArray_t" time="0.000479936599731445" />
    <testcase name="Equals (101)" classname="spec_perl_TestExprArray_t" time="0.000102996826171875" />
    <testcase name="Equals (102)" classname="spec_perl_TestExprArray_t" time="0.000159978866577148" />
    <testcase name="Equals (103)" classname="spec_perl_TestExprArray_t" time="0.000160932540893555" />
    <testcase name="Equals (104)" classname="spec_perl_TestExprArray_t" time="0.00018310546875" />
    <testcase name="Equals (105)" classname="spec_perl_TestExprArray_t" time="0.00014805793762207" />
    <testcase name="Equals (106)" classname="spec_perl_TestExprArray_t" time="0.000207901000976562" />
    <testcase name="Equals (107)" classname="spec_perl_TestExprArray_t" time="0.000146150588989258" />
    <testcase name="Equals (108)" classname="spec_perl_TestExprArray_t" time="0.000260829925537109">
      <failure message="not ok 9 - Equals" type="TAP::Parser::Result::Test"></failure>
    </testcase>
    <testcase name="Equals (109)" classname="spec_perl_TestExprArray_t" time="0.00333714485168457" />
    <testcase name="Equals (110)" classname="spec_perl_TestExprArray_t" time="8.29696655273438e-05" />
    <testcase name="Equals (111)" classname="spec_perl_TestExprArray_t" time="5.79357147216797e-05" />
    <testcase name="Equals (112)" classname="spec_perl_TestExprArray_t" time="5.10215759277344e-05" />
    <testcase name="Equals (113)" classname="spec_perl_TestExprArray_t" time="5.00679016113281e-05" />
    <testcase name="Equals (114)" classname="spec_perl_TestExprArray_t" time="3.69548797607422e-05" />
  </testsuite>
  <testsuite name="spec_perl_TestImportsCircularA_t" errors="0" failures="0" skipped="0" tests="5" time="0.0554931163787842">
    <system-out>1..5
ok 1 - Equals
ok 2 - Equals
ok 3 - Equals
ok 4 - Equals
ok 5 - Equals
</system-out>
    <testcase name="Equals (115)" classname="spec_perl_TestImportsCircularA_t" time="0.000345945358276367" />
    <testcase name="Equals (116)" classname="spec_perl_TestImportsCircularA_t" time="0.000102996826171875" />
    <testcase name="Equals (117)" classname="spec_perl_TestImportsCircularA_t" time="0.000113010406494141" />
    <testcase name="Equals (118)" classname="spec_perl_TestImportsCircularA_t" time="0.000171899795532227" />
    <testcase name="Equals (119)" classname="spec_perl_TestImportsCircularA_t" time="7.51018524169922e-05" />
  </testsuite>
  <testsuite name="spec_perl_TestDocstringsDocref_t" errors="0" failures="0" skipped="1" tests="1" time="0.0573091506958008">
    <system-out>1..1
ok 1 # skip DocstringsDocref=HASH(0x13fcc88)
</system-out>
    <testcase name="Unnamed test case 119" classname="spec_perl_TestDocstringsDocref_t" time="0.00176215171813965">
      <skipped message="ok 1 # skip DocstringsDocref=HASH(0x13fcc88)" />
    </testcase>
  </testsuite>
  <testsuite name="spec_perl_TestEnumOfValueInst_t" errors="0" failures="0" skipped="0" tests="4" time="0.0551261901855469">
    <system-out>1..4
ok 1 - Equals
ok 2 - Equals
ok 3 - Equals
ok 4 - Equals
</system-out>
    <testcase name="Equals (120)" classname="spec_perl_TestEnumOfValueInst_t" time="0.000320911407470703" />
    <testcase name="Equals (121)" classname="spec_perl_TestEnumOfValueInst_t" time="0.000102043151855469" />
    <testcase name="Equals (122)" classname="spec_perl_TestEnumOfValueInst_t" time="0.000153064727783203" />
    <testcase name="Equals (123)" classname="spec_perl_TestEnumOfValueInst_t" time="0.000155925750732422" />
  </testsuite>
  <testsuite name="spec_perl_TestEnumIf_t" errors="0" failures="0" skipped="0" tests="7" time="0.0608360767364502">
    <system-out>1..7
ok 1 - Equals
ok 2 - Equals
ok 3 - Equals
ok 4 - Equals
ok 5 - Equals
ok 6 - Equals
ok 7 - Equals
</system-out>
    <testcase name="Equals (124)" classname="spec_perl_TestEnumIf_t" time="0.000459909439086914" />
    <testcase name="Equals (125)" classname="spec_perl_TestEnumIf_t" time="0.000105142593383789" />
    <testcase name="Equals (126)" classname="spec_perl_TestEnumIf_t" time="0.000133991241455078" />
    <testcase name="Equals (127)" classname="spec_perl_TestEnumIf_t" time="0.000185012817382812" />
    <testcase name="Equals (128)" classname="spec_perl_TestEnumIf_t" time="0.000171899795532227" />
    <testcase name="Equals (129)" classname="spec_perl_TestEnumIf_t" time="0.000159978866577148" />
    <testcase name="Equals (130)" classname="spec_perl_TestEnumIf_t" time="0.000143051147460938" />
  </testsuite>
  <testsuite name="spec_perl_TestTypeTernary_t" errors="0" failures="0" skipped="0" tests="1" time="0.0547759532928467">
    <system-out>1..1
ok 1 - Equals
</system-out>
    <testcase name="Equals (131)" classname="spec_perl_TestTypeTernary_t" time="0.000674009323120117" />
  </testsuite>
  <testsuite name="spec_perl_TestIntegers_t" errors="0" failures="0" skipped="0" tests="20" time="0.0578598976135254">
    <system-out>1..20
ok 1 - Equals
ok 2 - Equals
ok 3 - Equals
ok 4 - Equals
ok 5 - Equals
ok 6 - Equals
ok 7 - Equals
ok 8 - Equals
ok 9 - Equals
ok 10 - Equals
ok 11 - Equals
ok 12 - Equals
ok 13 - Equals
ok 14 - Equals
ok 15 - Equals
ok 16 - Equals
ok 17 - Equals
ok 18 - Equals
ok 19 - Equals
ok 20 - Equals
</system-out>
    <testcase name="Equals (132)" classname="spec_perl_TestIntegers_t" time="0.000346899032592773" />
    <testcase name="Equals (133)" classname="spec_perl_TestIntegers_t" time="0.000103950500488281" />
    <testcase name="Equals (134)" classname="spec_perl_TestIntegers_t" time="0.000153064727783203" />
    <testcase name="Equals (135)" classname="spec_perl_TestIntegers_t" time="0.000169038772583008" />
    <testcase name="Equals (136)" classname="spec_perl_TestIntegers_t" time="0.000146865844726562" />
    <testcase name="Equals (137)" classname="spec_perl_TestIntegers_t" time="0.000172138214111328" />
    <testcase name="Equals (138)" classname="spec_perl_TestIntegers_t" time="0.00014185905456543" />
    <testcase name="Equals (139)" classname="spec_perl_TestIntegers_t" time="0.000162124633789062" />
    <testcase name="Equals (140)" classname="spec_perl_TestIntegers_t" time="0.000149965286254883" />
    <testcase name="Equals (141)" classname="spec_perl_TestIntegers_t" time="0.00020289421081543" />
    <testcase name="Equals (142)" classname="spec_perl_TestIntegers_t" time="0.000202178955078125" />
    <testcase name="Equals (143)" classname="spec_perl_TestIntegers_t" time="0.000150918960571289" />
    <testcase name="Equals (144)" classname="spec_perl_TestIntegers_t" time="0.000154972076416016" />
    <testcase name="Equals (145)" classname="spec_perl_TestIntegers_t" time="0.000159978866577148" />
    <testcase name="Equals (146)" classname="spec_perl_TestIntegers_t" time="0.00015711784362793" />
    <testcase name="Equals (147)" classname="spec_perl_TestIntegers_t" time="0.000159025192260742" />
    <testcase name="Equals (148)" classname="spec_perl_TestIntegers_t" time="0.000138998031616211" />
    <testcase name="Equals (149)" classname="spec_perl_TestIntegers_t" time="0.000150918960571289" />
    <testcase name="Equals (150)" classname="spec_perl_TestIntegers_t" time="0.000168085098266602" />
    <testcase name="Equals (151)" classname="spec_perl_TestIntegers_t" time="0.000126838684082031" />
  </testsuite>
  <testsuite name="spec_perl_TestIfStruct_t" errors="0" failures="0" skipped="0" tests="7" time="0.0619850158691406">
    <system-out>1..7
ok 1 - Equals
ok 2 - Equals
ok 3 - Equals
ok 4 - Equals
ok 5 - Equals
ok 6 - Equals
ok 7 - Equals
</system-out>
    <testcase name="Equals (152)" classname="spec_perl_TestIfStruct_t" time="0.000491857528686523" />
    <testcase name="Equals (153)" classname="spec_perl_TestIfStruct_t" time="0.000113964080810547" />
    <testcase name="Equals (154)" classname="spec_perl_TestIfStruct_t" time="0.00014495849609375" />
    <testcase name="Equals (155)" classname="spec_perl_TestIfStruct_t" time="0.000178098678588867" />
    <testcase name="Equals (156)" classname="spec_perl_TestIfStruct_t" time="0.000164031982421875" />
    <testcase name="Equals (157)" classname="spec_perl_TestIfStruct_t" time="0.000165939331054688" />
    <testcase name="Equals (158)" classname="spec_perl_TestIfStruct_t" time="0.000138044357299805" />
  </testsuite>
  <testsuite name="spec_perl_TestRepeatEosBit_t" errors="0" failures="1" skipped="0" tests="1" time="0.0579800605773926">
    <system-out>1..1
not ok 1 - Equals
</system-out>
    <testcase name="Equals (159)" classname="spec_perl_TestRepeatEosBit_t" time="0.000431060791015625">
      <failure message="not ok 1 - Equals" type="TAP::Parser::Result::Test"></failure>
    </testcase>
  </testsuite>
  <testsuite name="spec_perl_TestSwitchIntegers_t" errors="0" failures="0" skipped="0" tests="9" time="0.055225133895874">
    <system-out>1..9
ok 1 - Equals
ok 2 - Equals
ok 3 - Equals
ok 4 - Equals
ok 5 - Equals
ok 6 - Equals
ok 7 - Equals
ok 8 - Equals
ok 9 - Equals
</system-out>
    <testcase name="Equals (160)" classname="spec_perl_TestSwitchIntegers_t" time="0.000342845916748047" />
    <testcase name="Equals (161)" classname="spec_perl_TestSwitchIntegers_t" time="0.000100135803222656" />
    <testcase name="Equals (162)" classname="spec_perl_TestSwitchIntegers_t" time="0.00014495849609375" />
    <testcase name="Equals (163)" classname="spec_perl_TestSwitchIntegers_t" time="0.000164031982421875" />
    <testcase name="Equals (164)" classname="spec_perl_TestSwitchIntegers_t" time="0.000164031982421875" />
    <testcase name="Equals (165)" classname="spec_perl_TestSwitchIntegers_t" time="0.000145912170410156" />
    <testcase name="Equals (166)" classname="spec_perl_TestSwitchIntegers_t" time="0.00020909309387207" />
    <testcase name="Equals (167)" classname="spec_perl_TestSwitchIntegers_t" time="8.08238983154297e-05" />
    <testcase name="Equals (168)" classname="spec_perl_TestSwitchIntegers_t" time="0.000159025192260742" />
  </testsuite>
  <testsuite name="spec_perl_TestPositionInSeq_t" errors="0" failures="0" skipped="0" tests="1" time="0.0554690361022949">
    <system-out>1..1
ok 1 - Equals
</system-out>
    <testcase name="Equals (169)" classname="spec_perl_TestPositionInSeq_t" time="0.000287055969238281" />
  </testsuite>
  <testsuite name="spec_perl_TestEnum0_t" errors="0" failures="0" skipped="0" tests="2" time="0.0551090240478516">
    <system-out>1..2
ok 1 - Equals
ok 2 - Equals
</system-out>
    <testcase name="Equals (170)" classname="spec_perl_TestEnum0_t" time="0.000287055969238281" />
    <testcase name="Equals (171)" classname="spec_perl_TestEnum0_t" time="8.89301300048828e-05" />
  </testsuite>
  <testsuite name="spec_perl_TestStrPadTerm_t" errors="0" failures="0" skipped="0" tests="4" time="0.0591690540313721">
    <system-out>1..4
ok 1 - Equals
ok 2 - Equals
ok 3 - Equals
ok 4 - Equals
</system-out>
    <testcase name="Equals (172)" classname="spec_perl_TestStrPadTerm_t" time="0.000497817993164062" />
    <testcase name="Equals (173)" classname="spec_perl_TestStrPadTerm_t" time="0.000121116638183594" />
    <testcase name="Equals (174)" classname="spec_perl_TestStrPadTerm_t" time="0.000118017196655273" />
    <testcase name="Equals (175)" classname="spec_perl_TestStrPadTerm_t" time="0.000150918960571289" />
  </testsuite>
  <testsuite name="spec_perl_TestBcdUserTypeBe_t" errors="0" failures="0" skipped="0" tests="6" time="0.0585918426513672">
    <system-out>1..6
ok 1 - Equals
ok 2 - Equals
ok 3 - Equals
ok 4 - Equals
ok 5 - Equals
ok 6 - Equals
</system-out>
    <testcase name="Equals (176)" classname="spec_perl_TestBcdUserTypeBe_t" time="0.000800132751464844" />
    <testcase name="Equals (177)" classname="spec_perl_TestBcdUserTypeBe_t" time="0.000131845474243164" />
    <testcase name="Equals (178)" classname="spec_perl_TestBcdUserTypeBe_t" time="7.60555267333984e-05" />
    <testcase name="Equals (179)" classname="spec_perl_TestBcdUserTypeBe_t" time="0.000193119049072266" />
    <testcase name="Equals (180)" classname="spec_perl_TestBcdUserTypeBe_t" time="0.000205039978027344" />
    <testcase name="Equals (181)" classname="spec_perl_TestBcdUserTypeBe_t" time="0.000190973281860352" />
  </testsuite>
  <testsuite name="spec_perl_TestRepeatNStrzDouble_t" errors="0" failures="0" skipped="0" tests="3" time="0.0611720085144043">
    <system-out>1..3
ok 1 - Equals
ok 2 - Equals
ok 3 - Equals
</system-out>
    <testcase name="Equals (182)" classname="spec_perl_TestRepeatNStrzDouble_t" time="0.000471830368041992" />
    <testcase name="Equals (183)" classname="spec_perl_TestRepeatNStrzDouble_t" time="0.00018310546875" />
    <testcase name="Equals (184)" classname="spec_perl_TestRepeatNStrzDouble_t" time="0.000201940536499023" />
  </testsuite>
  <testsuite name="spec_perl_TestImportsAbs_t" errors="0" failures="0" skipped="0" tests="2" time="0.0549800395965576">
    <system-out>1..2
ok 1 - Equals
ok 2 - Equals
</system-out>
    <testcase name="Equals (185)" classname="spec_perl_TestImportsAbs_t" time="0.000353097915649414" />
    <testcase name="Equals (186)" classname="spec_perl_TestImportsAbs_t" time="0.000104904174804688" />
  </testsuite>
  <testsuite name="spec_perl_TestDefaultEndianExprIsBe_t" errors="0" failures="0" skipped="0" tests="18" time="0.0592041015625">
    <system-out>1..18
ok 1 - Equals
ok 2 - Equals
ok 3 - Equals
ok 4 - Equals
ok 5 - Equals
ok 6 - Equals
ok 7 - Equals
ok 8 - Equals
ok 9 - Equals
ok 10 - Equals
ok 11 - Equals
ok 12 - Equals
ok 13 - Equals
ok 14 - Equals
ok 15 - Equals
ok 16 - Equals
ok 17 - Equals
ok 18 - Equals
</system-out>
    <testcase name="Equals (187)" classname="spec_perl_TestDefaultEndianExprIsBe_t" time="0.000377178192138672" />
    <testcase name="Equals (188)" classname="spec_perl_TestDefaultEndianExprIsBe_t" time="0.000105857849121094" />
    <testcase name="Equals (189)" classname="spec_perl_TestDefaultEndianExprIsBe_t" time="0.000147104263305664" />
    <testcase name="Equals (190)" classname="spec_perl_TestDefaultEndianExprIsBe_t" time="0.000155925750732422" />
    <testcase name="Equals (191)" classname="spec_perl_TestDefaultEndianExprIsBe_t" time="0.000181913375854492" />
    <testcase name="Equals (192)" classname="spec_perl_TestDefaultEndianExprIsBe_t" time="0.000216007232666016" />
    <testcase name="Equals (193)" classname="spec_perl_TestDefaultEndianExprIsBe_t" time="0.00016021728515625" />
    <testcase name="Equals (194)" classname="spec_perl_TestDefaultEndianExprIsBe_t" time="0.000159978866577148" />
    <testcase name="Equals (195)" classname="spec_perl_TestDefaultEndianExprIsBe_t" time="0.000160932540893555" />
    <testcase name="Equals (196)" classname="spec_perl_TestDefaultEndianExprIsBe_t" time="0.000155925750732422" />
    <testcase name="Equals (197)" classname="spec_perl_TestDefaultEndianExprIsBe_t" time="0.000174045562744141" />
    <testcase name="Equals (198)" classname="spec_perl_TestDefaultEndianExprIsBe_t" time="0.000171899795532227" />
    <testcase name="Equals (199)" classname="spec_perl_TestDefaultEndianExprIsBe_t" time="0.00015711784362793" />
    <testcase name="Equals (200)" classname="spec_perl_TestDefaultEndianExprIsBe_t" time="0.000155925750732422" />
    <testcase name="Equals (201)" classname="spec_perl_TestDefaultEndianExprIsBe_t" time="0.000159978866577148" />
    <testcase name="Equals (202)" classname="spec_perl_TestDefaultEndianExprIsBe_t" time="0.000149965286254883" />
    <testcase name="Equals (203)" classname="spec_perl_TestDefaultEndianExprIsBe_t" time="0.000172138214111328" />
    <testcase name="Equals (204)" classname="spec_perl_TestDefaultEndianExprIsBe_t" time="0.00018000602722168" />
  </testsuite>
  <testsuite name="spec_perl_TestExprSizeofValueSized_t" errors="0" failures="0" skipped="0" tests="5" time="0.0583109855651855">
    <system-out>1..5
ok 1 - Equals
ok 2 - Equals
ok 3 - Equals
ok 4 - Equals
ok 5 - Equals
</system-out>
    <testcase name="Equals (205)" classname="spec_perl_TestExprSizeofValueSized_t" time="0.000667095184326172" />
    <testcase name="Equals (206)" classname="spec_perl_TestExprSizeofValueSized_t" time="0.00011897087097168" />
    <testcase name="Equals (207)" classname="spec_perl_TestExprSizeofValueSized_t" time="6.98566436767578e-05" />
    <testcase name="Equals (208)" classname="spec_perl_TestExprSizeofValueSized_t" time="0.000135183334350586" />
    <testcase name="Equals (209)" classname="spec_perl_TestExprSizeofValueSized_t" time="0.000158786773681641" />
  </testsuite>
  <testsuite name="spec_perl_TestFloatingPoints_t" errors="0" failures="0" skipped="0" tests="8" time="0.0559370517730713">
    <system-out>1..8
ok 1 - Approx equals
ok 2 - Approx equals
ok 3 - Approx equals
ok 4 - Approx equals
ok 5 - Approx equals
ok 6 - Approx equals
ok 7 - Approx equals
ok 8 - Approx equals
</system-out>
    <testcase name="Approx equals (209)" classname="spec_perl_TestFloatingPoints_t" time="0.000224113464355469" />
    <testcase name="Approx equals (210)" classname="spec_perl_TestFloatingPoints_t" time="7.08103179931641e-05" />
    <testcase name="Approx equals (211)" classname="spec_perl_TestFloatingPoints_t" time="8.70227813720703e-05" />
    <testcase name="Approx equals (212)" classname="spec_perl_TestFloatingPoints_t" time="5.31673431396484e-05" />
    <testcase name="Approx equals (213)" classname="spec_perl_TestFloatingPoints_t" time="4.98294830322266e-05" />
    <testcase name="Approx equals (214)" classname="spec_perl_TestFloatingPoints_t" time="4.81605529785156e-05" />
    <testcase name="Approx equals (215)" classname="spec_perl_TestFloatingPoints_t" time="6.60419464111328e-05" />
    <testcase name="Approx equals (216)" classname="spec_perl_TestFloatingPoints_t" time="4.57763671875e-05" />
  </testsuite>
  <testsuite name="spec_perl_TestRepeatUntilSized_t" errors="0" failures="0" skipped="0" tests="7" time="0.0551838874816895">
    <system-out>1..7
ok 1 - Equals
ok 2 - Equals
ok 3 - Equals
ok 4 - Equals
ok 5 - Equals
ok 6 - Equals
ok 7 - Equals
</system-out>
    <testcase name="Equals (216)" classname="spec_perl_TestRepeatUntilSized_t" time="0.000781059265136719" />
    <testcase name="Equals (217)" classname="spec_perl_TestRepeatUntilSized_t" time="0.000136852264404297" />
    <testcase name="Equals (218)" classname="spec_perl_TestRepeatUntilSized_t" time="5.91278076171875e-05" />
    <testcase name="Equals (219)" classname="spec_perl_TestRepeatUntilSized_t" time="0.000120878219604492" />
    <testcase name="Equals (220)" classname="spec_perl_TestRepeatUntilSized_t" time="0.000159025192260742" />
    <testcase name="Equals (221)" classname="spec_perl_TestRepeatUntilSized_t" time="0.000174045562744141" />
    <testcase name="Equals (222)" classname="spec_perl_TestRepeatUntilSized_t" time="0.000134944915771484" />
  </testsuite>
  <testsuite name="spec_perl_TestCastToImported_t" errors="0" failures="0" skipped="0" tests="2" time="0.0576460361480713">
    <system-out>1..2
ok 1 - Equals
ok 2 - Equals
</system-out>
    <testcase name="Equals (223)" classname="spec_perl_TestCastToImported_t" time="0.000333070755004883" />
    <testcase name="Equals (224)" classname="spec_perl_TestCastToImported_t" time="9.79900360107422e-05" />
  </testsuite>
  <testsuite name="spec_perl_TestEnumDeepLiterals_t" errors="0" failures="0" skipped="0" tests="2" time="0.0568239688873291">
    <system-out>1..2
ok 1 - Equals
ok 2 - Equals
</system-out>
    <testcase name="Equals (225)" classname="spec_perl_TestEnumDeepLiterals_t" time="0.000303030014038086" />
    <testcase name="Equals (226)" classname="spec_perl_TestEnumDeepLiterals_t" time="9.20295715332031e-05" />
  </testsuite>
  <testsuite name="spec_perl_TestMetaTags_t" errors="0" failures="0" skipped="1" tests="1" time="0.0560879707336426">
    <system-out>1..1
ok 1 # skip MetaTags=HASH(0x25b9d48)
</system-out>
    <testcase name="Unnamed test case 226" classname="spec_perl_TestMetaTags_t" time="0.00165510177612305">
      <skipped message="ok 1 # skip MetaTags=HASH(0x25b9d48)" />
    </testcase>
  </testsuite>
  <testsuite name="spec_perl_TestProcessCoerceSwitch_t" errors="0" failures="0" skipped="0" tests="3" time="0.0563089847564697">
    <system-out>1..3
ok 1 - Equals
ok 2 - Equals
ok 3 - Equals
</system-out>
    <testcase name="Equals (227)" classname="spec_perl_TestProcessCoerceSwitch_t" time="0.000722169876098633" />
    <testcase name="Equals (228)" classname="spec_perl_TestProcessCoerceSwitch_t" time="0.000123023986816406" />
    <testcase name="Equals (229)" classname="spec_perl_TestProcessCoerceSwitch_t" time="7.29560852050781e-05" />
  </testsuite>
  <testsuite name="spec_perl_TestPositionAbs_t" errors="0" failures="0" skipped="0" tests="2" time="0.0631611347198486">
    <system-out>1..2
ok 1 - Equals
ok 2 - Equals
</system-out>
    <testcase name="Equals (230)" classname="spec_perl_TestPositionAbs_t" time="0.000360012054443359" />
    <testcase name="Equals (231)" classname="spec_perl_TestPositionAbs_t" time="0.000277996063232422" />
  </testsuite>
  <testsuite name="spec_perl_TestFixedContents_t" errors="0" failures="0" skipped="1" tests="1" time="0.0557370185852051">
    <system-out>1..1
ok 1 # skip FixedContents=HASH(0x19e5930)
</system-out>
    <testcase name="Unnamed test case 231" classname="spec_perl_TestFixedContents_t" time="0.00153303146362305">
      <skipped message="ok 1 # skip FixedContents=HASH(0x19e5930)" />
    </testcase>
  </testsuite>
  <testsuite name="spec_perl_TestOptionalId_t" errors="0" failures="0" skipped="0" tests="3" time="0.0546529293060303">
    <system-out>1..3
ok 1 - Equals
ok 2 - Equals
ok 3 - Equals
</system-out>
    <testcase name="Equals (232)" classname="spec_perl_TestOptionalId_t" time="0.000313997268676758" />
    <testcase name="Equals (233)" classname="spec_perl_TestOptionalId_t" time="9.39369201660156e-05" />
    <testcase name="Equals (234)" classname="spec_perl_TestOptionalId_t" time="0.000174045562744141" />
  </testsuite>
  <testsuite name="spec_perl_TestSwitchManualInt_t" errors="0" failures="0" skipped="0" tests="9" time="0.0611450672149658">
    <system-out>1..9
ok 1 - Equals
ok 2 - Equals
ok 3 - Equals
ok 4 - Equals
ok 5 - Equals
ok 6 - Equals
ok 7 - Equals
ok 8 - Equals
ok 9 - Equals
</system-out>
    <testcase name="Equals (235)" classname="spec_perl_TestSwitchManualInt_t" time="0.000380039215087891" />
    <testcase name="Equals (236)" classname="spec_perl_TestSwitchManualInt_t" time="9.79900360107422e-05" />
    <testcase name="Equals (237)" classname="spec_perl_TestSwitchManualInt_t" time="0.000221014022827148" />
    <testcase name="Equals (238)" classname="spec_perl_TestSwitchManualInt_t" time="0.000226974487304688" />
    <testcase name="Equals (239)" classname="spec_perl_TestSwitchManualInt_t" time="0.000134944915771484" />
    <testcase name="Equals (240)" classname="spec_perl_TestSwitchManualInt_t" time="0.000185966491699219" />
    <testcase name="Equals (241)" classname="spec_perl_TestSwitchManualInt_t" time="0.000138044357299805" />
    <testcase name="Equals (242)" classname="spec_perl_TestSwitchManualInt_t" time="0.000156879425048828" />
    <testcase name="Equals (243)" classname="spec_perl_TestSwitchManualInt_t" time="0.000164985656738281" />
  </testsuite>
  <testsuite name="spec_perl_TestExprSizeofType1_t" errors="0" failures="0" skipped="0" tests="2" time="0.0565781593322754">
    <system-out>1..2
ok 1 - Equals
ok 2 - Equals
</system-out>
    <testcase name="Equals (244)" classname="spec_perl_TestExprSizeofType1_t" time="0.000367879867553711" />
    <testcase name="Equals (245)" classname="spec_perl_TestExprSizeofType1_t" time="0.0001220703125" />
  </testsuite>
  <testsuite name="spec_perl_TestSwitchManualIntElse_t" errors="0" failures="0" skipped="0" tests="9" time="0.0596320629119873">
    <system-out>1..9
ok 1 - Equals
ok 2 - Equals
ok 3 - Equals
ok 4 - Equals
ok 5 - Equals
ok 6 - Equals
ok 7 - Equals
ok 8 - Equals
ok 9 - Equals
</system-out>
    <testcase name="Equals (246)" classname="spec_perl_TestSwitchManualIntElse_t" time="0.000383138656616211" />
    <testcase name="Equals (247)" classname="spec_perl_TestSwitchManualIntElse_t" time="0.000102043151855469" />
    <testcase name="Equals (248)" classname="spec_perl_TestSwitchManualIntElse_t" time="0.000134944915771484" />
    <testcase name="Equals (249)" classname="spec_perl_TestSwitchManualIntElse_t" time="0.000165939331054688" />
    <testcase name="Equals (250)" classname="spec_perl_TestSwitchManualIntElse_t" time="0.000155925750732422" />
    <testcase name="Equals (251)" classname="spec_perl_TestSwitchManualIntElse_t" time="0.000146150588989258" />
    <testcase name="Equals (252)" classname="spec_perl_TestSwitchManualIntElse_t" time="0.000159025192260742" />
    <testcase name="Equals (253)" classname="spec_perl_TestSwitchManualIntElse_t" time="0.00014495849609375" />
    <testcase name="Equals (254)" classname="spec_perl_TestSwitchManualIntElse_t" time="0.000149965286254883" />
  </testsuite>
  <testsuite name="spec_perl_TestSwitchManualIntSizeElse_t" errors="0" failures="0" skipped="0" tests="10" time="0.0605611801147461">
    <system-out>1..10
ok 1 - Equals
ok 2 - Equals
ok 3 - Equals
ok 4 - Equals
ok 5 - Equals
ok 6 - Equals
ok 7 - Equals
ok 8 - Equals
ok 9 - Equals
ok 10 - Equals
</system-out>
    <testcase name="Equals (255)" classname="spec_perl_TestSwitchManualIntSizeElse_t" time="0.000882863998413086" />
    <testcase name="Equals (256)" classname="spec_perl_TestSwitchManualIntSizeElse_t" time="0.000133037567138672" />
    <testcase name="Equals (257)" classname="spec_perl_TestSwitchManualIntSizeElse_t" time="6.103515625e-05" />
    <testcase name="Equals (258)" classname="spec_perl_TestSwitchManualIntSizeElse_t" time="8.70227813720703e-05" />
    <testcase name="Equals (259)" classname="spec_perl_TestSwitchManualIntSizeElse_t" time="0.000197887420654297" />
    <testcase name="Equals (260)" classname="spec_perl_TestSwitchManualIntSizeElse_t" time="0.00018000602722168" />
    <testcase name="Equals (261)" classname="spec_perl_TestSwitchManualIntSizeElse_t" time="0.00016021728515625" />
    <testcase name="Equals (262)" classname="spec_perl_TestSwitchManualIntSizeElse_t" time="0.000160932540893555" />
    <testcase name="Equals (263)" classname="spec_perl_TestSwitchManualIntSizeElse_t" time="0.000144004821777344" />
    <testcase name="Equals (264)" classname="spec_perl_TestSwitchManualIntSizeElse_t" time="0.000154018402099609" />
  </testsuite>
  <testsuite name="spec_perl_TestParamsEnum_t" errors="0" failures="1" skipped="0" tests="2" time="0.0654349327087402">
    <system-out>1..2
ok 1 - Equals
not ok 2 - Equals
</system-out>
    <testcase name="Equals (265)" classname="spec_perl_TestParamsEnum_t" time="0.000288963317871094" />
    <testcase name="Equals (266)" classname="spec_perl_TestParamsEnum_t" time="0.000257968902587891">
      <failure message="not ok 2 - Equals" type="TAP::Parser::Result::Test"></failure>
    </testcase>
  </testsuite>
  <testsuite name="spec_perl_TestEofExceptionBytes_t" errors="0" failures="0" skipped="0" tests="1" time="0.0566680431365967">
    <system-out>1..1
ok 1 - Died
</system-out>
    <testcase name="Died (266)" classname="spec_perl_TestEofExceptionBytes_t" time="0.000221014022827148" />
  </testsuite>
  <testsuite name="spec_perl_TestIfValues_t" errors="0" failures="0" skipped="0" tests="6" time="0.0560829639434814">
    <system-out>1..6
ok 1 - Equals
ok 2 - Equals
ok 3 - Equals
ok 4 - nil
ok 5 - Equals
ok 6 - nil
</system-out>
    <testcase name="Equals (267)" classname="spec_perl_TestIfValues_t" time="0.000359058380126953" />
    <testcase name="Equals (268)" classname="spec_perl_TestIfValues_t" time="0.0001220703125" />
    <testcase name="Equals (269)" classname="spec_perl_TestIfValues_t" time="0.000112056732177734" />
    <testcase name="nil (269)" classname="spec_perl_TestIfValues_t" time="7.98702239990234e-05" />
    <testcase name="Equals (270)" classname="spec_perl_TestIfValues_t" time="0.00017094612121582" />
    <testcase name="nil (270)" classname="spec_perl_TestIfValues_t" time="7.20024108886719e-05" />
  </testsuite>
  <testsuite name="spec_perl_TestIoLocalVar_t" errors="0" failures="0" skipped="0" tests="2" time="0.0570731163024902">
    <system-out>1..2
ok 1 - Equals
ok 2 - Equals
</system-out>
    <testcase name="Equals (271)" classname="spec_perl_TestIoLocalVar_t" time="0.000694990158081055" />
    <testcase name="Equals (272)" classname="spec_perl_TestIoLocalVar_t" time="0.000128984451293945" />
  </testsuite>
  <testsuite name="spec_perl_TestJsSignedRightShift_t" errors="0" failures="0" skipped="0" tests="2" time="0.0493109226226807">
    <system-out>1..2
ok 1 - Equals
ok 2 - Equals
</system-out>
    <testcase name="Equals (273)" classname="spec_perl_TestJsSignedRightShift_t" time="0.000320911407470703" />
    <testcase name="Equals (274)" classname="spec_perl_TestJsSignedRightShift_t" time="0.000105142593383789" />
  </testsuite>
  <testsuite name="spec_perl_TestDefaultEndianExprInherited_t" errors="0" failures="0" skipped="0" tests="15" time="0.0582039356231689">
    <system-out>1..15
ok 1 - Equals
ok 2 - Equals
ok 3 - Equals
ok 4 - Equals
ok 5 - Equals
ok 6 - Equals
ok 7 - Equals
ok 8 - Equals
ok 9 - Equals
ok 10 - Equals
ok 11 - Equals
ok 12 - Equals
ok 13 - Equals
ok 14 - Equals
ok 15 - Equals
</system-out>
    <testcase name="Equals (275)" classname="spec_perl_TestDefaultEndianExprInherited_t" time="0.000414133071899414" />
    <testcase name="Equals (276)" classname="spec_perl_TestDefaultEndianExprInherited_t" time="0.000112056732177734" />
    <testcase name="Equals (277)" classname="spec_perl_TestDefaultEndianExprInherited_t" time="9.67979431152344e-05" />
    <testcase name="Equals (278)" classname="spec_perl_TestDefaultEndianExprInherited_t" time="0.000212192535400391" />
    <testcase name="Equals (279)" classname="spec_perl_TestDefaultEndianExprInherited_t" time="0.000164985656738281" />
    <testcase name="Equals (280)" classname="spec_perl_TestDefaultEndianExprInherited_t" time="0.000151872634887695" />
    <testcase name="Equals (281)" classname="spec_perl_TestDefaultEndianExprInherited_t" time="0.000149965286254883" />
    <testcase name="Equals (282)" classname="spec_perl_TestDefaultEndianExprInherited_t" time="0.000144004821777344" />
    <testcase name="Equals (283)" classname="spec_perl_TestDefaultEndianExprInherited_t" time="0.000152111053466797" />
    <testcase name="Equals (284)" classname="spec_perl_TestDefaultEndianExprInherited_t" time="0.000184059143066406" />
    <testcase name="Equals (285)" classname="spec_perl_TestDefaultEndianExprInherited_t" time="0.000140905380249023" />
    <testcase name="Equals (286)" classname="spec_perl_TestDefaultEndianExprInherited_t" time="0.000149965286254883" />
    <testcase name="Equals (287)" classname="spec_perl_TestDefaultEndianExprInherited_t" time="0.00015711784362793" />
    <testcase name="Equals (288)" classname="spec_perl_TestDefaultEndianExprInherited_t" time="0.000155925750732422" />
    <testcase name="Equals (289)" classname="spec_perl_TestDefaultEndianExprInherited_t" time="0.000158071517944336" />
  </testsuite>
  <testsuite name="spec_perl_TestNavParent_t" errors="0" failures="0" skipped="0" tests="5" time="0.0617530345916748">
    <system-out>1..5
ok 1 - Equals
ok 2 - Equals
ok 3 - Equals
ok 4 - Equals
ok 5 - Equals
</system-out>
    <testcase name="Equals (290)" classname="spec_perl_TestNavParent_t" time="0.000466108322143555" />
    <testcase name="Equals (291)" classname="spec_perl_TestNavParent_t" time="0.000110864639282227" />
    <testcase name="Equals (292)" classname="spec_perl_TestNavParent_t" time="7.60555267333984e-05" />
    <testcase name="Equals (293)" classname="spec_perl_TestNavParent_t" time="0.000176906585693359" />
    <testcase name="Equals (294)" classname="spec_perl_TestNavParent_t" time="0.00015711784362793" />
  </testsuite>
  <testsuite name="spec_perl_TestExpr2_t" errors="0" failures="0" skipped="0" tests="17" time="0.0623409748077393">
    <system-out>1..17
ok 1 - Equals
ok 2 - Equals
ok 3 - Equals
ok 4 - Equals
ok 5 - Equals
ok 6 - Equals
ok 7 - Equals
ok 8 - Equals
ok 9 - Equals
ok 10 - Equals
ok 11 - Equals
ok 12 - Equals
ok 13 - Equals
ok 14 - Equals
ok 15 - Equals
ok 16 - Equals
ok 17 - Equals
</system-out>
    <testcase name="Equals (295)" classname="spec_perl_TestExpr2_t" time="0.00087285041809082" />
    <testcase name="Equals (296)" classname="spec_perl_TestExpr2_t" time="0.000123977661132812" />
    <testcase name="Equals (297)" classname="spec_perl_TestExpr2_t" time="6.91413879394531e-05" />
    <testcase name="Equals (298)" classname="spec_perl_TestExpr2_t" time="0.000145912170410156" />
    <testcase name="Equals (299)" classname="spec_perl_TestExpr2_t" time="0.000160932540893555" />
    <testcase name="Equals (300)" classname="spec_perl_TestExpr2_t" time="0.000158071517944336" />
    <testcase name="Equals (301)" classname="spec_perl_TestExpr2_t" time="0.000175952911376953" />
    <testcase name="Equals (302)" classname="spec_perl_TestExpr2_t" time="0.000210046768188477" />
    <testcase name="Equals (303)" classname="spec_perl_TestExpr2_t" time="0.000180959701538086" />
    <testcase name="Equals (304)" classname="spec_perl_TestExpr2_t" time="0.000144004821777344" />
    <testcase name="Equals (305)" classname="spec_perl_TestExpr2_t" time="0.000149965286254883" />
    <testcase name="Equals (306)" classname="spec_perl_TestExpr2_t" time="0.000158071517944336" />
    <testcase name="Equals (307)" classname="spec_perl_TestExpr2_t" time="0.000176906585693359" />
    <testcase name="Equals (308)" classname="spec_perl_TestExpr2_t" time="0.000181198120117188" />
    <testcase name="Equals (309)" classname="spec_perl_TestExpr2_t" time="0.000163793563842773" />
    <testcase name="Equals (310)" classname="spec_perl_TestExpr2_t" time="0.000143051147460938" />
    <testcase name="Equals (311)" classname="spec_perl_TestExpr2_t" time="0.000152111053466797" />
  </testsuite>
  <testsuite name="spec_perl_TestDefaultEndianExprException_t" errors="0" failures="0" skipped="0" tests="1" time="0.0577919483184814">
    <system-out>1..1
ok 1 - Died
</system-out>
    <testcase name="Died (311)" classname="spec_perl_TestDefaultEndianExprException_t" time="0.000329017639160156" />
  </testsuite>
  <testsuite name="spec_perl_TestRepeatNStrz_t" errors="0" failures="0" skipped="0" tests="2" time="0.0550339221954346">
    <system-out>1..2
ok 1 - Equals
ok 2 - Equals
</system-out>
    <testcase name="Equals (312)" classname="spec_perl_TestRepeatNStrz_t" time="0.000413179397583008" />
    <testcase name="Equals (313)" classname="spec_perl_TestRepeatNStrz_t" time="0.000177860260009766" />
  </testsuite>
  <testsuite name="spec_perl_TestFixedStruct_t" errors="0" failures="0" skipped="0" tests="20" time="0.0588459968566895">
    <system-out>1..20
ok 1 - Equals
ok 2 - Equals
ok 3 - Equals
ok 4 - Equals
ok 5 - Equals
ok 6 - Equals
ok 7 - Equals
ok 8 - Equals
ok 9 - Equals
ok 10 - Equals
ok 11 - Equals
ok 12 - Equals
ok 13 - Equals
ok 14 - Equals
ok 15 - Equals
ok 16 - Equals
ok 17 - Equals
ok 18 - Equals
ok 19 - Equals
ok 20 - Equals
</system-out>
    <testcase name="Equals (314)" classname="spec_perl_TestFixedStruct_t" time="0.000345945358276367" />
    <testcase name="Equals (315)" classname="spec_perl_TestFixedStruct_t" time="0.000162124633789062" />
    <testcase name="Equals (316)" classname="spec_perl_TestFixedStruct_t" time="8.392333984375e-05" />
    <testcase name="Equals (317)" classname="spec_perl_TestFixedStruct_t" time="0.000167131423950195" />
    <testcase name="Equals (318)" classname="spec_perl_TestFixedStruct_t" time="0.000150918960571289" />
    <testcase name="Equals (319)" classname="spec_perl_TestFixedStruct_t" time="0.000154972076416016" />
    <testcase name="Equals (320)" classname="spec_perl_TestFixedStruct_t" time="0.000160932540893555" />
    <testcase name="Equals (321)" classname="spec_perl_TestFixedStruct_t" time="0.000185012817382812" />
    <testcase name="Equals (322)" classname="spec_perl_TestFixedStruct_t" time="0.000173091888427734" />
    <testcase name="Equals (323)" classname="spec_perl_TestFixedStruct_t" time="0.000303030014038086" />
    <testcase name="Equals (324)" classname="spec_perl_TestFixedStruct_t" time="0.000299930572509766" />
    <testcase name="Equals (325)" classname="spec_perl_TestFixedStruct_t" time="0.000135898590087891" />
    <testcase name="Equals (326)" classname="spec_perl_TestFixedStruct_t" time="0.000188112258911133" />
    <testcase name="Equals (327)" classname="spec_perl_TestFixedStruct_t" time="0.000155925750732422" />
    <testcase name="Equals (328)" classname="spec_perl_TestFixedStruct_t" time="0.000154972076416016" />
    <testcase name="Equals (329)" classname="spec_perl_TestFixedStruct_t" time="0.00014805793762207" />
    <testcase name="Equals (330)" classname="spec_perl_TestFixedStruct_t" time="0.000159025192260742" />
    <testcase name="Equals (331)" classname="spec_perl_TestFixedStruct_t" time="0.000147104263305664" />
    <testcase name="Equals (332)" classname="spec_perl_TestFixedStruct_t" time="0.000156879425048828" />
    <testcase name="Equals (333)" classname="spec_perl_TestFixedStruct_t" time="0.000160932540893555" />
  </testsuite>
  <testsuite name="spec_perl_TestSwitchRepeatExpr_t" errors="0" failures="0" skipped="0" tests="3" time="0.0562758445739746">
    <system-out>1..3
ok 1 - Equals
ok 2 - Equals
ok 3 - Equals
</system-out>
    <testcase name="Equals (334)" classname="spec_perl_TestSwitchRepeatExpr_t" time="0.000684976577758789" />
    <testcase name="Equals (335)" classname="spec_perl_TestSwitchRepeatExpr_t" time="0.000124931335449219" />
    <testcase name="Equals (336)" classname="spec_perl_TestSwitchRepeatExpr_t" time="7.70092010498047e-05" />
  </testsuite>
  <testsuite name="spec_perl_TestZlibWithHeader78_t" errors="0" failures="0" skipped="0" tests="1" time="0.0822770595550537">
    <system-out>1..1
ok 1 - Equals
</system-out>
    <testcase name="Equals (337)" classname="spec_perl_TestZlibWithHeader78_t" time="0.000440120697021484" />
  </testsuite>
  <testsuite name="spec_perl_TestNestedTypes_t" errors="0" failures="0" skipped="0" tests="3" time="0.0546061992645264">
    <system-out>1..3
ok 1 - Equals
ok 2 - Equals
ok 3 - Equals
</system-out>
    <testcase name="Equals (338)" classname="spec_perl_TestNestedTypes_t" time="0.000313043594360352" />
    <testcase name="Equals (339)" classname="spec_perl_TestNestedTypes_t" time="9.41753387451172e-05" />
    <testcase name="Equals (340)" classname="spec_perl_TestNestedTypes_t" time="0.000173807144165039" />
  </testsuite>
  <testsuite name="spec_perl_TestEnumFancy_t" errors="0" failures="0" skipped="0" tests="2" time="0.0549600124359131">
    <system-out>1..2
ok 1 - Equals
ok 2 - Equals
</system-out>
    <testcase name="Equals (341)" classname="spec_perl_TestEnumFancy_t" time="0.000319004058837891" />
    <testcase name="Equals (342)" classname="spec_perl_TestEnumFancy_t" time="9.08374786376953e-05" />
  </testsuite>
  <testsuite name="spec_perl_TestExpr1_t" errors="0" failures="0" skipped="0" tests="4" time="0.0597169399261475">
    <system-out>1..4
ok 1 - Equals
ok 2 - Equals
ok 3 - Equals
ok 4 - Equals
</system-out>
    <testcase name="Equals (343)" classname="spec_perl_TestExpr1_t" time="0.000411033630371094" />
    <testcase name="Equals (344)" classname="spec_perl_TestExpr1_t" time="0.000107049942016602" />
    <testcase name="Equals (345)" classname="spec_perl_TestExpr1_t" time="9.10758972167969e-05" />
    <testcase name="Equals (346)" classname="spec_perl_TestExpr1_t" time="0.000177860260009766" />
  </testsuite>
  <testsuite name="spec_perl_TestNestedSameName_t" errors="0" failures="0" skipped="0" tests="2" time="0.055009126663208">
    <system-out>1..2
ok 1 - Equals
ok 2 - Equals
</system-out>
    <testcase name="Equals (347)" classname="spec_perl_TestNestedSameName_t" time="0.000407934188842773" />
    <testcase name="Equals (348)" classname="spec_perl_TestNestedSameName_t" time="0.000104188919067383" />
  </testsuite>
  <testsuite name="spec_perl_TestNavParentFalse_t" errors="0" failures="0" skipped="0" tests="5" time="0.0568301677703857">
    <system-out>1..5
ok 1 - Equals
ok 2 - Equals
ok 3 - Equals
ok 4 - Equals
ok 5 - Equals
</system-out>
    <testcase name="Equals (349)" classname="spec_perl_TestNavParentFalse_t" time="0.00041508674621582" />
    <testcase name="Equals (350)" classname="spec_perl_TestNavParentFalse_t" time="0.000120878219604492" />
    <testcase name="Equals (351)" classname="spec_perl_TestNavParentFalse_t" time="8.51154327392578e-05" />
    <testcase name="Equals (352)" classname="spec_perl_TestNavParentFalse_t" time="7.98702239990234e-05" />
    <testcase name="Equals (353)" classname="spec_perl_TestNavParentFalse_t" time="0.00018620491027832" />
  </testsuite>
  <testsuite name="spec_perl_TestStrLiterals2_t" errors="0" failures="0" skipped="0" tests="4" time="0.0562269687652588">
    <system-out>1..4
ok 1 - Equals
ok 2 - Equals
ok 3 - Equals
ok 4 - Equals
</system-out>
    <testcase name="Equals (354)" classname="spec_perl_TestStrLiterals2_t" time="0.000317096710205078" />
    <testcase name="Equals (355)" classname="spec_perl_TestStrLiterals2_t" time="9.67979431152344e-05" />
    <testcase name="Equals (356)" classname="spec_perl_TestStrLiterals2_t" time="0.000193119049072266" />
    <testcase name="Equals (357)" classname="spec_perl_TestStrLiterals2_t" time="0.00020289421081543" />
  </testsuite>
  <testsuite name="spec_perl_TestOpaqueExternalType02Parent_t" errors="0" failures="0" skipped="0" tests="3" time="0.0591461658477783">
    <system-out>1..3
ok 1 - Equals
ok 2 - Equals
ok 3 - Equals
</system-out>
    <testcase name="Equals (358)" classname="spec_perl_TestOpaqueExternalType02Parent_t" time="0.000412940979003906" />
    <testcase name="Equals (359)" classname="spec_perl_TestOpaqueExternalType02Parent_t" time="0.000107049942016602" />
    <testcase name="Equals (360)" classname="spec_perl_TestOpaqueExternalType02Parent_t" time="8.79764556884766e-05" />
  </testsuite>
  <testsuite name="spec_perl_TestRecursiveOne_t" errors="0" failures="0" skipped="0" tests="4" time="0.0569720268249512">
    <system-out>1..4
ok 1 - Equals
ok 2 - Equals
ok 3 - Equals
ok 4 - Equals
</system-out>
    <testcase name="Equals (361)" classname="spec_perl_TestRecursiveOne_t" time="0.000358104705810547" />
    <testcase name="Equals (362)" classname="spec_perl_TestRecursiveOne_t" time="0.000116109848022461" />
    <testcase name="Equals (363)" classname="spec_perl_TestRecursiveOne_t" time="0.00013279914855957" />
    <testcase name="Equals (364)" classname="spec_perl_TestRecursiveOne_t" time="0.000166177749633789" />
  </testsuite>
  <testsuite name="spec_perl_TestParamsCallShort_t" errors="0" failures="3" skipped="0" tests="3" time="0.061751127243042">
    <system-out>1..3
not ok 1 - Equals
not ok 2 - Equals
not ok 3 - Equals
</system-out>
    <testcase name="Equals (365)" classname="spec_perl_TestParamsCallShort_t" time="0.00509405136108398">
      <failure message="not ok 1 - Equals" type="TAP::Parser::Result::Test"></failure>
    </testcase>
    <testcase name="Equals (366)" classname="spec_perl_TestParamsCallShort_t" time="0.000138044357299805">
      <failure message="not ok 2 - Equals" type="TAP::Parser::Result::Test"></failure>
    </testcase>
    <testcase name="Equals (367)" classname="spec_perl_TestParamsCallShort_t" time="5.79357147216797e-05">
      <failure message="not ok 3 - Equals" type="TAP::Parser::Result::Test"></failure>
    </testcase>
  </testsuite>
  <testsuite name="spec_perl_TestProcessCoerceUsertype2_t" errors="0" failures="0" skipped="0" tests="4" time="0.056117057800293">
    <system-out>1..4
ok 1 - Equals
ok 2 - Equals
ok 3 - Equals
ok 4 - Equals
</system-out>
    <testcase name="Equals (368)" classname="spec_perl_TestProcessCoerceUsertype2_t" time="0.000733852386474609" />
    <testcase name="Equals (369)" classname="spec_perl_TestProcessCoerceUsertype2_t" time="0.000124931335449219" />
    <testcase name="Equals (370)" classname="spec_perl_TestProcessCoerceUsertype2_t" time="7.00950622558594e-05" />
    <testcase name="Equals (371)" classname="spec_perl_TestProcessCoerceUsertype2_t" time="0.000179052352905273" />
  </testsuite>
  <testsuite name="spec_perl_TestNestedSameName2_t" errors="0" failures="0" skipped="0" tests="5" time="0.0561008453369141">
    <system-out>1..5
ok 1 - Equals
ok 2 - Equals
ok 3 - Equals
ok 4 - Equals
ok 5 - Equals
</system-out>
    <testcase name="Equals (372)" classname="spec_perl_TestNestedSameName2_t" time="0.000360012054443359" />
    <testcase name="Equals (373)" classname="spec_perl_TestNestedSameName2_t" time="0.000102043151855469" />
    <testcase name="Equals (374)" classname="spec_perl_TestNestedSameName2_t" time="0.00015711784362793" />
    <testcase name="Equals (375)" classname="spec_perl_TestNestedSameName2_t" time="0.000177860260009766" />
    <testcase name="Equals (376)" classname="spec_perl_TestNestedSameName2_t" time="0.000164031982421875" />
  </testsuite>
  <testsuite name="spec_perl_TestTermBytes_t" errors="0" failures="0" skipped="0" tests="3" time="0.0559048652648926">
    <system-out>1..3
ok 1 - Equals
ok 2 - Equals
ok 3 - Equals
</system-out>
    <testcase name="Equals (377)" classname="spec_perl_TestTermBytes_t" time="0.00033116340637207" />
    <testcase name="Equals (378)" classname="spec_perl_TestTermBytes_t" time="9.39369201660156e-05" />
    <testcase name="Equals (379)" classname="spec_perl_TestTermBytes_t" time="0.000137090682983398" />
  </testsuite>
  <testsuite name="spec_perl_TestDocstrings_t" errors="0" failures="0" skipped="1" tests="1" time="0.0566098690032959">
    <system-out>1..1
ok 1 # skip Docstrings=HASH(0x211c3b0)
</system-out>
    <testcase name="Unnamed test case 379" classname="spec_perl_TestDocstrings_t" time="0.00171089172363281">
      <skipped message="ok 1 # skip Docstrings=HASH(0x211c3b0)" />
    </testcase>
  </testsuite>
  <testsuite name="spec_perl_TestProcessCustom_t" errors="1" failures="0" skipped="0" tests="0" time="0.0548920631408691">
    <system-out></system-out>
    <testcase name="Test died too soon, even before plan. (379)" classname="spec_perl_TestProcessCustom_t" time="0.0548920631408691">
      <failure message="The test suite died before a plan was produced. You need to have a plan." type="Plan">No plan</failure>
    </testcase>
  </testsuite>
  <testsuite name="spec_perl_TestExprBytesCmp_t" errors="0" failures="0" skipped="0" tests="10" time="0.0588569641113281">
    <system-out>1..10
ok 1 - Equals
ok 2 - Equals
ok 3 - Equals
ok 4 - Equals
ok 5 - Equals
ok 6 - Equals
ok 7 - Equals
ok 8 - Equals
ok 9 - Equals
ok 10 - Equals
</system-out>
    <testcase name="Equals (380)" classname="spec_perl_TestExprBytesCmp_t" time="0.000214099884033203" />
    <testcase name="Equals (381)" classname="spec_perl_TestExprBytesCmp_t" time="9.79900360107422e-05" />
    <testcase name="Equals (382)" classname="spec_perl_TestExprBytesCmp_t" time="0.0001678466796875" />
    <testcase name="Equals (383)" classname="spec_perl_TestExprBytesCmp_t" time="0.000194072723388672" />
    <testcase name="Equals (384)" classname="spec_perl_TestExprBytesCmp_t" time="0.000169038772583008" />
    <testcase name="Equals (385)" classname="spec_perl_TestExprBytesCmp_t" time="0.00017094612121582" />
    <testcase name="Equals (386)" classname="spec_perl_TestExprBytesCmp_t" time="0.000144004821777344" />
    <testcase name="Equals (387)" classname="spec_perl_TestExprBytesCmp_t" time="0.000154018402099609" />
    <testcase name="Equals (388)" classname="spec_perl_TestExprBytesCmp_t" time="0.000147104263305664" />
    <testcase name="Equals (389)" classname="spec_perl_TestExprBytesCmp_t" time="0.000160932540893555" />
  </testsuite>
  <testsuite name="spec_perl_TestExprIoPos_t" errors="0" failures="0" skipped="0" tests="6" time="0.0622611045837402">
    <system-out>1..6
ok 1 - Equals
ok 2 - Equals
ok 3 - Equals
ok 4 - Equals
ok 5 - Equals
ok 6 - Equals
</system-out>
    <testcase name="Equals (390)" classname="spec_perl_TestExprIoPos_t" time="0.000802040100097656" />
    <testcase name="Equals (391)" classname="spec_perl_TestExprIoPos_t" time="0.000128984451293945" />
    <testcase name="Equals (392)" classname="spec_perl_TestExprIoPos_t" time="7.10487365722656e-05" />
    <testcase name="Equals (393)" classname="spec_perl_TestExprIoPos_t" time="0.000113010406494141" />
    <testcase name="Equals (394)" classname="spec_perl_TestExprIoPos_t" time="0.000164985656738281" />
    <testcase name="Equals (395)" classname="spec_perl_TestExprIoPos_t" time="0.000156164169311523" />
  </testsuite>
  <testsuite name="spec_perl_TestIndexSizes_t" errors="0" failures="0" skipped="0" tests="7" time="0.0597858428955078">
    <system-out>1..7
ok 1 - Equals
ok 2 - Equals
ok 3 - Equals
ok 4 - Equals
ok 5 - Equals
ok 6 - Equals
ok 7 - Equals
</system-out>
    <testcase name="Equals (396)" classname="spec_perl_TestIndexSizes_t" time="0.000276088714599609" />
    <testcase name="Equals (397)" classname="spec_perl_TestIndexSizes_t" time="0.000108957290649414" />
    <testcase name="Equals (398)" classname="spec_perl_TestIndexSizes_t" time="0.000128984451293945" />
    <testcase name="Equals (399)" classname="spec_perl_TestIndexSizes_t" time="0.000158071517944336" />
    <testcase name="Equals (400)" classname="spec_perl_TestIndexSizes_t" time="0.000155925750732422" />
    <testcase name="Equals (401)" classname="spec_perl_TestIndexSizes_t" time="0.000145196914672852" />
    <testcase name="Equals (402)" classname="spec_perl_TestIndexSizes_t" time="0.000171899795532227" />
  </testsuite>
  <testsuite name="spec_perl_TestFloatToI_t" errors="0" failures="0" skipped="0" tests="8" time="0.0571939945220947">
    <system-out>1..8
ok 1 - Equals
ok 2 - Equals
ok 3 - Equals
ok 4 - Equals
ok 5 - Equals
ok 6 - Equals
ok 7 - Equals
ok 8 - Equals
</system-out>
    <testcase name="Equals (403)" classname="spec_perl_TestFloatToI_t" time="0.000246047973632812" />
    <testcase name="Equals (404)" classname="spec_perl_TestFloatToI_t" time="0.000105142593383789" />
    <testcase name="Equals (405)" classname="spec_perl_TestFloatToI_t" time="0.000181913375854492" />
    <testcase name="Equals (406)" classname="spec_perl_TestFloatToI_t" time="0.000171899795532227" />
    <testcase name="Equals (407)" classname="spec_perl_TestFloatToI_t" time="0.000146150588989258" />
    <testcase name="Equals (408)" classname="spec_perl_TestFloatToI_t" time="0.00014805793762207" />
    <testcase name="Equals (409)" classname="spec_perl_TestFloatToI_t" time="0.000150918960571289" />
    <testcase name="Equals (410)" classname="spec_perl_TestFloatToI_t" time="0.000166893005371094" />
  </testsuite>
  <testsuite name="spec_perl_TestNavRoot_t" errors="0" failures="0" skipped="0" tests="5" time="0.0606369972229004">
    <system-out>1..5
ok 1 - Equals
ok 2 - Equals
ok 3 - Equals
ok 4 - Equals
ok 5 - Equals
</system-out>
    <testcase name="Equals (411)" classname="spec_perl_TestNavRoot_t" time="0.00043487548828125" />
    <testcase name="Equals (412)" classname="spec_perl_TestNavRoot_t" time="0.000108003616333008" />
    <testcase name="Equals (413)" classname="spec_perl_TestNavRoot_t" time="0.000129938125610352" />
    <testcase name="Equals (414)" classname="spec_perl_TestNavRoot_t" time="0.00018620491027832" />
    <testcase name="Equals (415)" classname="spec_perl_TestNavRoot_t" time="0.000157833099365234" />
  </testsuite>
  <testsuite name="spec_perl_TestBufferedStruct_t" errors="0" failures="0" skipped="0" tests="7" time="0.0573470592498779">
    <system-out>1..7
ok 1 - Equals
ok 2 - Equals
ok 3 - Equals
ok 4 - Equals
ok 5 - Equals
ok 6 - Equals
ok 7 - Equals
</system-out>
    <testcase name="Equals (416)" classname="spec_perl_TestBufferedStruct_t" time="0.000730991363525391" />
    <testcase name="Equals (417)" classname="spec_perl_TestBufferedStruct_t" time="0.000135898590087891" />
    <testcase name="Equals (418)" classname="spec_perl_TestBufferedStruct_t" time="7.89165496826172e-05" />
    <testcase name="Equals (419)" classname="spec_perl_TestBufferedStruct_t" time="7.51018524169922e-05" />
    <testcase name="Equals (420)" classname="spec_perl_TestBufferedStruct_t" time="0.000207901000976562" />
    <testcase name="Equals (421)" classname="spec_perl_TestBufferedStruct_t" time="0.000126123428344727" />
    <testcase name="Equals (422)" classname="spec_perl_TestBufferedStruct_t" time="0.00014495849609375" />
  </testsuite>
  <testsuite name="spec_perl_TestStrPadTermEmpty_t" errors="0" failures="0" skipped="0" tests="4" time="0.0595879554748535">
    <system-out>1..4
ok 1 - Equals
ok 2 - Equals
ok 3 - Equals
ok 4 - Equals
</system-out>
    <testcase name="Equals (423)" classname="spec_perl_TestStrPadTermEmpty_t" time="0.000466108322143555" />
    <testcase name="Equals (424)" classname="spec_perl_TestStrPadTermEmpty_t" time="0.000157833099365234" />
    <testcase name="Equals (425)" classname="spec_perl_TestStrPadTermEmpty_t" time="7.20024108886719e-05" />
    <testcase name="Equals (426)" classname="spec_perl_TestStrPadTermEmpty_t" time="0.000154972076416016" />
  </testsuite>
  <testsuite name="spec_perl_TestExpr0_t" errors="0" failures="0" skipped="0" tests="2" time="0.0550282001495361">
    <system-out>1..2
ok 1 - Equals
ok 2 - Equals
</system-out>
    <testcase name="Equals (427)" classname="spec_perl_TestExpr0_t" time="0.000297069549560547" />
    <testcase name="Equals (428)" classname="spec_perl_TestExpr0_t" time="8.70227813720703e-05" />
  </testsuite>
  <testsuite name="spec_perl_TestRepeatUntilS4_t" errors="0" failures="0" skipped="0" tests="2" time="0.0599801540374756">
    <system-out>1..2
ok 1 - Equals
ok 2 - Equals
</system-out>
    <testcase name="Equals (429)" classname="spec_perl_TestRepeatUntilS4_t" time="0.000398159027099609" />
    <testcase name="Equals (430)" classname="spec_perl_TestRepeatUntilS4_t" time="0.000101804733276367" />
  </testsuite>
  <testsuite name="spec_perl_TestSwitchManualStrElse_t" errors="0" failures="0" skipped="0" tests="9" time="0.0616500377655029">
    <system-out>1..9
ok 1 - Equals
ok 2 - Equals
ok 3 - Equals
ok 4 - Equals
ok 5 - Equals
ok 6 - Equals
ok 7 - Equals
ok 8 - Equals
ok 9 - Equals
</system-out>
    <testcase name="Equals (431)" classname="spec_perl_TestSwitchManualStrElse_t" time="0.000466108322143555" />
    <testcase name="Equals (432)" classname="spec_perl_TestSwitchManualStrElse_t" time="0.000108957290649414" />
    <testcase name="Equals (433)" classname="spec_perl_TestSwitchManualStrElse_t" time="6.89029693603516e-05" />
    <testcase name="Equals (434)" classname="spec_perl_TestSwitchManualStrElse_t" time="0.000178098678588867" />
    <testcase name="Equals (435)" classname="spec_perl_TestSwitchManualStrElse_t" time="0.000149965286254883" />
    <testcase name="Equals (436)" classname="spec_perl_TestSwitchManualStrElse_t" time="0.000169992446899414" />
    <testcase name="Equals (437)" classname="spec_perl_TestSwitchManualStrElse_t" time="0.000152111053466797" />
    <testcase name="Equals (438)" classname="spec_perl_TestSwitchManualStrElse_t" time="0.000150918960571289" />
    <testcase name="Equals (439)" classname="spec_perl_TestSwitchManualStrElse_t" time="0.000174045562744141" />
  </testsuite>
  <testsuite name="spec_perl_TestDocstringsDocrefMulti_t" errors="0" failures="0" skipped="1" tests="1" time="0.0568780899047852">
    <system-out>1..1
ok 1 # skip DocstringsDocrefMulti=HASH(0x1b5c378)
</system-out>
    <testcase name="Unnamed test case 439" classname="spec_perl_TestDocstringsDocrefMulti_t" time="0.00168085098266602">
      <skipped message="ok 1 # skip DocstringsDocrefMulti=HASH(0x1b5c378)" />
    </testcase>
  </testsuite>
  <testsuite name="spec_perl_TestYamlInts_t" errors="0" failures="0" skipped="0" tests="4" time="0.0613207817077637">
    <system-out>1..4
ok 1 - Equals
ok 2 - Equals
ok 3 - Equals
ok 4 - Equals
</system-out>
    <testcase name="Equals (440)" classname="spec_perl_TestYamlInts_t" time="0.0010530948638916" />
    <testcase name="Equals (441)" classname="spec_perl_TestYamlInts_t" time="0.000599861145019531" />
    <testcase name="Equals (442)" classname="spec_perl_TestYamlInts_t" time="0.000462055206298828" />
    <testcase name="Equals (443)" classname="spec_perl_TestYamlInts_t" time="0.000472068786621094" />
  </testsuite>
  <testsuite name="spec_perl_TestProcessXorConst_t" errors="0" failures="0" skipped="0" tests="2" time="0.055994987487793">
    <system-out>1..2
ok 1 - Equals
ok 2 - Equals
</system-out>
    <testcase name="Equals (444)" classname="spec_perl_TestProcessXorConst_t" time="0.00033116340637207" />
    <testcase name="Equals (445)" classname="spec_perl_TestProcessXorConst_t" time="9.39369201660156e-05" />
  </testsuite>
  <testsuite name="spec_perl_TestExpr3_t" errors="0" failures="0" skipped="0" tests="12" time="0.0613350868225098">
    <system-out>1..12
ok 1 - Equals
ok 2 - Equals
ok 3 - Equals
ok 4 - Equals
ok 5 - Equals
ok 6 - Equals
ok 7 - Equals
ok 8 - Equals
ok 9 - Equals
ok 10 - Equals
ok 11 - Equals
ok 12 - Equals
</system-out>
    <testcase name="Equals (446)" classname="spec_perl_TestExpr3_t" time="0.000370979309082031" />
    <testcase name="Equals (447)" classname="spec_perl_TestExpr3_t" time="0.000100135803222656" />
    <testcase name="Equals (448)" classname="spec_perl_TestExpr3_t" time="0.000126838684082031" />
    <testcase name="Equals (449)" classname="spec_perl_TestExpr3_t" time="0.000159025192260742" />
    <testcase name="Equals (450)" classname="spec_perl_TestExpr3_t" time="0.00017094612121582" />
    <testcase name="Equals (451)" classname="spec_perl_TestExpr3_t" time="0.000150203704833984" />
    <testcase name="Equals (452)" classname="spec_perl_TestExpr3_t" time="0.000162839889526367" />
    <testcase name="Equals (453)" classname="spec_perl_TestExpr3_t" time="0.000163078308105469" />
    <testcase name="Equals (454)" classname="spec_perl_TestExpr3_t" time="0.000149011611938477" />
    <testcase name="Equals (455)" classname="spec_perl_TestExpr3_t" time="0.000159978866577148" />
    <testcase name="Equals (456)" classname="spec_perl_TestExpr3_t" time="0.000159025192260742" />
    <testcase name="Equals (457)" classname="spec_perl_TestExpr3_t" time="0.000180959701538086" />
  </testsuite>
  <testsuite name="spec_perl_TestBitsSimple_t" errors="0" failures="0" skipped="0" tests="14" time="0.0583391189575195">
    <system-out>1..14
ok 1 - Equals
ok 2 - Equals
ok 3 - Equals
ok 4 - Equals
ok 5 - Equals
ok 6 - Equals
ok 7 - Equals
ok 8 - Equals
ok 9 - Equals
ok 10 - Equals
ok 11 - Equals
ok 12 - Equals
ok 13 - Equals
ok 14 - Equals
</system-out>
    <testcase name="Equals (458)" classname="spec_perl_TestBitsSimple_t" time="0.00038909912109375" />
    <testcase name="Equals (459)" classname="spec_perl_TestBitsSimple_t" time="9.89437103271484e-05" />
    <testcase name="Equals (460)" classname="spec_perl_TestBitsSimple_t" time="0.00014495849609375" />
    <testcase name="Equals (461)" classname="spec_perl_TestBitsSimple_t" time="0.000151157379150391" />
    <testcase name="Equals (462)" classname="spec_perl_TestBitsSimple_t" time="0.000149965286254883" />
    <testcase name="Equals (463)" classname="spec_perl_TestBitsSimple_t" time="0.000140905380249023" />
    <testcase name="Equals (464)" classname="spec_perl_TestBitsSimple_t" time="0.000137090682983398" />
    <testcase name="Equals (465)" classname="spec_perl_TestBitsSimple_t" time="0.000138998031616211" />
    <testcase name="Equals (466)" classname="spec_perl_TestBitsSimple_t" time="0.000175952911376953" />
    <testcase name="Equals (467)" classname="spec_perl_TestBitsSimple_t" time="0.00014495849609375" />
    <testcase name="Equals (468)" classname="spec_perl_TestBitsSimple_t" time="0.000138998031616211" />
    <testcase name="Equals (469)" classname="spec_perl_TestBitsSimple_t" time="0.00014495849609375" />
    <testcase name="Equals (470)" classname="spec_perl_TestBitsSimple_t" time="0.000147104263305664" />
    <testcase name="Equals (471)" classname="spec_perl_TestBitsSimple_t" time="0.000139951705932617" />
  </testsuite>
  <testsuite name="spec_perl_TestProcessToUser_t" errors="0" failures="0" skipped="0" tests="1" time="0.0594871044158936">
    <system-out>1..1
ok 1 - Equals
</system-out>
    <testcase name="Equals (472)" classname="spec_perl_TestProcessToUser_t" time="0.000815868377685547" />
  </testsuite>
  <testsuite name="spec_perl_TestIndexToParamExpr_t" errors="0" failures="2" skipped="0" tests="7" time="0.102788925170898">
    <system-out>1..7
ok 1 - Equals
ok 2 - Equals
ok 3 - Equals
ok 4 - Equals
ok 5 - Equals
not ok 6 - Equals
not ok 7 - Equals
</system-out>
    <testcase name="Equals (473)" classname="spec_perl_TestIndexToParamExpr_t" time="0.000280857086181641" />
    <testcase name="Equals (474)" classname="spec_perl_TestIndexToParamExpr_t" time="0.000557184219360352" />
    <testcase name="Equals (475)" classname="spec_perl_TestIndexToParamExpr_t" time="0.000381946563720703" />
    <testcase name="Equals (476)" classname="spec_perl_TestIndexToParamExpr_t" time="0.000432014465332031" />
    <testcase name="Equals (477)" classname="spec_perl_TestIndexToParamExpr_t" time="0.000391960144042969" />
    <testcase name="Equals (478)" classname="spec_perl_TestIndexToParamExpr_t" time="0.000509977340698242">
      <failure message="not ok 6 - Equals" type="TAP::Parser::Result::Test"></failure>
    </testcase>
    <testcase name="Equals (479)" classname="spec_perl_TestIndexToParamExpr_t" time="0.0012669563293457">
[...]
    </testcase>
    <testcase name="Equals (566)" classname="spec_perl_TestIndexToParamEos_t" time="7.00950622558594e-05">
      <failure message="not ok 7 - Equals" type="TAP::Parser::Result::Test"></failure>
    </testcase>
  </testsuite>
  <testsuite name="spec_perl_TestInstanceStdArray_t" errors="0" failures="0" skipped="0" tests="7" time="0.0559401512145996">
    <system-out>1..7
ok 1 - Equals
ok 2 - Equals
ok 3 - Equals
ok 4 - Equals
ok 5 - Equals
ok 6 - Equals
ok 7 - Equals
</system-out>
    <testcase name="Equals (567)" classname="spec_perl_TestInstanceStdArray_t" time="0.000212907791137695" />
    <testcase name="Equals (568)" classname="spec_perl_TestInstanceStdArray_t" time="0.000172138214111328" />
    <testcase name="Equals (569)" classname="spec_perl_TestInstanceStdArray_t" time="0.000128984451293945" />
    <testcase name="Equals (570)" classname="spec_perl_TestInstanceStdArray_t" time="0.000190973281860352" />
    <testcase name="Equals (571)" classname="spec_perl_TestInstanceStdArray_t" time="0.000134944915771484" />
    <testcase name="Equals (572)" classname="spec_perl_TestInstanceStdArray_t" time="0.000159978866577148" />
    <testcase name="Equals (573)" classname="spec_perl_TestInstanceStdArray_t" time="0.000146150588989258" />
  </testsuite>
  <testsuite name="spec_perl_TestNonStandard_t" errors="0" failures="0" skipped="0" tests="1" time="0.0545499324798584">
    <system-out>1..1
ok 1 - Equals
</system-out>
    <testcase name="Equals (574)" classname="spec_perl_TestNonStandard_t" time="0.000295877456665039" />
  </testsuite>
  <testsuite name="spec_perl_TestBcdUserTypeLe_t" errors="0" failures="0" skipped="0" tests="6" time="0.0582928657531738">
    <system-out>1..6
ok 1 - Equals
ok 2 - Equals
ok 3 - Equals
ok 4 - Equals
ok 5 - Equals
ok 6 - Equals
</system-out>
    <testcase name="Equals (575)" classname="spec_perl_TestBcdUserTypeLe_t" time="0.000754117965698242" />
    <testcase name="Equals (576)" classname="spec_perl_TestBcdUserTypeLe_t" time="0.000179052352905273" />
    <testcase name="Equals (577)" classname="spec_perl_TestBcdUserTypeLe_t" time="8.58306884765625e-05" />
    <testcase name="Equals (578)" classname="spec_perl_TestBcdUserTypeLe_t" time="0.000174045562744141" />
    <testcase name="Equals (579)" classname="spec_perl_TestBcdUserTypeLe_t" time="0.000193119049072266" />
    <testcase name="Equals (580)" classname="spec_perl_TestBcdUserTypeLe_t" time="0.000159978866577148" />
  </testsuite>
  <testsuite name="spec_perl_TestExprSizeofType0_t" errors="0" failures="0" skipped="0" tests="1" time="0.0554959774017334">
    <system-out>1..1
ok 1 - Equals
</system-out>
    <testcase name="Equals (581)" classname="spec_perl_TestExprSizeofType0_t" time="0.000401973724365234" />
  </testsuite>
  <testsuite name="spec_perl_TestEnum1_t" errors="0" failures="0" skipped="0" tests="2" time="0.0585939884185791">
    <system-out>1..2
ok 1 - Equals
ok 2 - Equals
</system-out>
    <testcase name="Equals (582)" classname="spec_perl_TestEnum1_t" time="0.000332117080688477" />
    <testcase name="Equals (583)" classname="spec_perl_TestEnum1_t" time="0.000104904174804688" />
  </testsuite>
  <testsuite name="spec_perl_TestTermStrz_t" errors="0" failures="0" skipped="0" tests="3" time="0.0600519180297852">
    <system-out>1..3
ok 1 - Equals
ok 2 - Equals
ok 3 - Equals
</system-out>
    <testcase name="Equals (584)" classname="spec_perl_TestTermStrz_t" time="0.000396013259887695" />
    <testcase name="Equals (585)" classname="spec_perl_TestTermStrz_t" time="0.000107049942016602" />
    <testcase name="Equals (586)" classname="spec_perl_TestTermStrz_t" time="0.000139951705932617" />
  </testsuite>
  <testsuite name="spec_perl_TestTsPacketHeader_t" errors="0" failures="0" skipped="0" tests="7" time="0.057452917098999">
    <system-out>1..7
ok 1 - Equals
ok 2 - Equals
ok 3 - Equals
ok 4 - Equals
ok 5 - Equals
ok 6 - Equals
ok 7 - Equals
</system-out>
    <testcase name="Equals (587)" classname="spec_perl_TestTsPacketHeader_t" time="0.000346899032592773" />
    <testcase name="Equals (588)" classname="spec_perl_TestTsPacketHeader_t" time="9.70363616943359e-05" />
    <testcase name="Equals (589)" classname="spec_perl_TestTsPacketHeader_t" time="0.000156164169311523" />
    <testcase name="Equals (590)" classname="spec_perl_TestTsPacketHeader_t" time="0.000148773193359375" />
    <testcase name="Equals (591)" classname="spec_perl_TestTsPacketHeader_t" time="0.000164031982421875" />
    <testcase name="Equals (592)" classname="spec_perl_TestTsPacketHeader_t" time="0.000171184539794922" />
    <testcase name="Equals (593)" classname="spec_perl_TestTsPacketHeader_t" time="0.00223994255065918" />
  </testsuite>
  <testsuite name="spec_perl_TestRepeatNStruct_t" errors="0" failures="0" skipped="0" tests="5" time="0.0570111274719238">
    <system-out>1..5
ok 1 - Equals
ok 2 - Equals
ok 3 - Equals
ok 4 - Equals
ok 5 - Equals
</system-out>
    <testcase name="Equals (594)" classname="spec_perl_TestRepeatNStruct_t" time="0.000239133834838867" />
    <testcase name="Equals (595)" classname="spec_perl_TestRepeatNStruct_t" time="0.0001678466796875" />
    <testcase name="Equals (596)" classname="spec_perl_TestRepeatNStruct_t" time="0.000160932540893555" />
    <testcase name="Equals (597)" classname="spec_perl_TestRepeatNStruct_t" time="0.000166177749633789" />
    <testcase name="Equals (598)" classname="spec_perl_TestRepeatNStruct_t" time="0.000155925750732422" />
  </testsuite>
  <testsuite name="spec_perl_TestExprSizeofValue0_t" errors="0" failures="0" skipped="0" tests="5" time="0.0556509494781494">
    <system-out>1..5
ok 1 - Equals
ok 2 - Equals
ok 3 - Equals
ok 4 - Equals
ok 5 - Equals
</system-out>
    <testcase name="Equals (599)" classname="spec_perl_TestExprSizeofValue0_t" time="0.000292062759399414" />
    <testcase name="Equals (600)" classname="spec_perl_TestExprSizeofValue0_t" time="0.000110864639282227" />
    <testcase name="Equals (601)" classname="spec_perl_TestExprSizeofValue0_t" time="0.000147104263305664" />
    <testcase name="Equals (602)" classname="spec_perl_TestExprSizeofValue0_t" time="0.00015711784362793" />
    <testcase name="Equals (603)" classname="spec_perl_TestExprSizeofValue0_t" time="0.000152826309204102" />
  </testsuite>
  <testsuite name="spec_perl_TestUserType_t" errors="0" failures="0" skipped="0" tests="2" time="0.0546679496765137">
    <system-out>1..2
ok 1 - Equals
ok 2 - Equals
</system-out>
    <testcase name="Equals (604)" classname="spec_perl_TestUserType_t" time="0.000316858291625977" />
    <testcase name="Equals (605)" classname="spec_perl_TestUserType_t" time="9.79900360107422e-05" />
  </testsuite>
  <testsuite name="spec_perl_TestNavParentSwitch_t" errors="0" failures="0" skipped="0" tests="3" time="0.0551249980926514">
    <system-out>1..3
ok 1 - Equals
ok 2 - Equals
ok 3 - Equals
</system-out>
    <testcase name="Equals (606)" classname="spec_perl_TestNavParentSwitch_t" time="0.000341892242431641" />
    <testcase name="Equals (607)" classname="spec_perl_TestNavParentSwitch_t" time="0.000113964080810547" />
    <testcase name="Equals (608)" classname="spec_perl_TestNavParentSwitch_t" time="8.89301300048828e-05" />
  </testsuite>
  <testsuite name="spec_perl_TestProcessXor4Value_t" errors="0" failures="0" skipped="0" tests="2" time="0.0568418502807617">
    <system-out>1..2
ok 1 - Equals
ok 2 - Equals
</system-out>
    <testcase name="Equals (609)" classname="spec_perl_TestProcessXor4Value_t" time="0.000296115875244141" />
    <testcase name="Equals (610)" classname="spec_perl_TestProcessXor4Value_t" time="9.29832458496094e-05" />
  </testsuite>
  <testsuite name="spec_perl_TestSwitchManualStr_t" errors="0" failures="0" skipped="0" tests="9" time="0.0598371028900146">
    <system-out>1..9
ok 1 - Equals
ok 2 - Equals
ok 3 - Equals
ok 4 - Equals
ok 5 - Equals
ok 6 - Equals
ok 7 - Equals
ok 8 - Equals
ok 9 - Equals
</system-out>
    <testcase name="Equals (611)" classname="spec_perl_TestSwitchManualStr_t" time="0.000446081161499023" />
    <testcase name="Equals (612)" classname="spec_perl_TestSwitchManualStr_t" time="0.000119924545288086" />
    <testcase name="Equals (613)" classname="spec_perl_TestSwitchManualStr_t" time="0.000113964080810547" />
    <testcase name="Equals (614)" classname="spec_perl_TestSwitchManualStr_t" time="0.000165224075317383" />
    <testcase name="Equals (615)" classname="spec_perl_TestSwitchManualStr_t" time="0.000162839889526367" />
    <testcase name="Equals (616)" classname="spec_perl_TestSwitchManualStr_t" time="0.000158071517944336" />
    <testcase name="Equals (617)" classname="spec_perl_TestSwitchManualStr_t" time="0.000145912170410156" />
    <testcase name="Equals (618)" classname="spec_perl_TestSwitchManualStr_t" time="0.000146150588989258" />
    <testcase name="Equals (619)" classname="spec_perl_TestSwitchManualStr_t" time="0.000159978866577148" />
  </testsuite>
  <testsuite name="spec_perl_TestExprEnum_t" errors="0" failures="0" skipped="0" tests="3" time="0.0556728839874268">
    <system-out>1..3
ok 1 - Equals
ok 2 - Equals
ok 3 - Equals
</system-out>
    <testcase name="Equals (620)" classname="spec_perl_TestExprEnum_t" time="0.000334024429321289" />
    <testcase name="Equals (621)" classname="spec_perl_TestExprEnum_t" time="0.000154018402099609" />
    <testcase name="Equals (622)" classname="spec_perl_TestExprEnum_t" time="7.10487365722656e-05" />
  </testsuite>
  <testsuite name="spec_perl_TestSwitchMultiBoolOps_t" errors="0" failures="0" skipped="0" tests="9" time="0.0558269023895264">
    <system-out>1..9
ok 1 - Equals
ok 2 - Equals
ok 3 - Equals
ok 4 - Equals
ok 5 - Equals
ok 6 - Equals
ok 7 - Equals
ok 8 - Equals
ok 9 - Equals
</system-out>
    <testcase name="Equals (623)" classname="spec_perl_TestSwitchMultiBoolOps_t" time="0.000344991683959961" />
    <testcase name="Equals (624)" classname="spec_perl_TestSwitchMultiBoolOps_t" time="0.000101089477539062" />
    <testcase name="Equals (625)" classname="spec_perl_TestSwitchMultiBoolOps_t" time="0.000143051147460938" />
    <testcase name="Equals (626)" classname="spec_perl_TestSwitchMultiBoolOps_t" time="0.000180959701538086" />
    <testcase name="Equals (627)" classname="spec_perl_TestSwitchMultiBoolOps_t" time="0.00011897087097168" />
    <testcase name="Equals (628)" classname="spec_perl_TestSwitchMultiBoolOps_t" time="0.000169992446899414" />
    <testcase name="Equals (629)" classname="spec_perl_TestSwitchMultiBoolOps_t" time="0.000151872634887695" />
    <testcase name="Equals (630)" classname="spec_perl_TestSwitchMultiBoolOps_t" time="0.000143051147460938" />
    <testcase name="Equals (631)" classname="spec_perl_TestSwitchMultiBoolOps_t" time="0.000154018402099609" />
  </testsuite>
  <testsuite name="spec_perl_TestRepeatEosU4_t" errors="0" failures="0" skipped="0" tests="1" time="0.0573220252990723">
    <system-out>1..1
ok 1 - Equals
</system-out>
    <testcase name="Equals (632)" classname="spec_perl_TestRepeatEosU4_t" time="0.000291109085083008" />
  </testsuite>
  <testsuite name="spec_perl_TestRepeatUntilComplex_t" errors="0" failures="0" skipped="0" tests="17" time="0.0590510368347168">
    <system-out>1..17
ok 1 - Equals
ok 2 - Equals
ok 3 - Equals
ok 4 - Equals
ok 5 - Equals
ok 6 - Equals
ok 7 - Equals
ok 8 - Equals
ok 9 - Equals
ok 10 - Equals
ok 11 - Equals
ok 12 - Equals
ok 13 - Equals
ok 14 - Equals
ok 15 - Equals
ok 16 - Equals
ok 17 - Equals
</system-out>
    <testcase name="Equals (633)" classname="spec_perl_TestRepeatUntilComplex_t" time="0.000412940979003906" />
    <testcase name="Equals (634)" classname="spec_perl_TestRepeatUntilComplex_t" time="0.000108003616333008" />
    <testcase name="Equals (635)" classname="spec_perl_TestRepeatUntilComplex_t" time="0.000171184539794922" />
    <testcase name="Equals (636)" classname="spec_perl_TestRepeatUntilComplex_t" time="0.000150918960571289" />
    <testcase name="Equals (637)" classname="spec_perl_TestRepeatUntilComplex_t" time="0.000161886215209961" />
    <testcase name="Equals (638)" classname="spec_perl_TestRepeatUntilComplex_t" time="0.000153064727783203" />
    <testcase name="Equals (639)" classname="spec_perl_TestRepeatUntilComplex_t" time="8.89301300048828e-05" />
    <testcase name="Equals (640)" classname="spec_perl_TestRepeatUntilComplex_t" time="0.000194072723388672" />
    <testcase name="Equals (641)" classname="spec_perl_TestRepeatUntilComplex_t" time="0.000154972076416016" />
    <testcase name="Equals (642)" classname="spec_perl_TestRepeatUntilComplex_t" time="0.000164031982421875" />
    <testcase name="Equals (643)" classname="spec_perl_TestRepeatUntilComplex_t" time="0.000154972076416016" />
    <testcase name="Equals (644)" classname="spec_perl_TestRepeatUntilComplex_t" time="0.000139951705932617" />
    <testcase name="Equals (645)" classname="spec_perl_TestRepeatUntilComplex_t" time="0.000171184539794922" />
    <testcase name="Equals (646)" classname="spec_perl_TestRepeatUntilComplex_t" time="0.000145912170410156" />
    <testcase name="Equals (647)" classname="spec_perl_TestRepeatUntilComplex_t" time="0.000200986862182617" />
    <testcase name="Equals (648)" classname="spec_perl_TestRepeatUntilComplex_t" time="0.000176906585693359" />
    <testcase name="Equals (649)" classname="spec_perl_TestRepeatUntilComplex_t" time="0.000158071517944336" />
  </testsuite>
  <testsuite name="spec_perl_TestTypeTernaryOpaque_t" errors="0" failures="0" skipped="0" tests="3" time="0.0583209991455078">
    <system-out>1..3
ok 1 - Equals
ok 2 - Equals
ok 3 - Equals
</system-out>
    <testcase name="Equals (650)" classname="spec_perl_TestTypeTernaryOpaque_t" time="0.000683069229125977" />
    <testcase name="Equals (651)" classname="spec_perl_TestTypeTernaryOpaque_t" time="0.00011897087097168" />
    <testcase name="Equals (652)" classname="spec_perl_TestTypeTernaryOpaque_t" time="6.69956207275391e-05" />
  </testsuite>
  <testsuite name="spec_perl_TestIfInstances_t" errors="0" failures="0" skipped="0" tests="1" time="0.0540239810943604">
    <system-out>1..1
ok 1 - nil
</system-out>
    <testcase name="nil (652)" classname="spec_perl_TestIfInstances_t" time="0.000212907791137695" />
  </testsuite>
  <testsuite name="spec_perl_TestMultipleUse_t" errors="0" failures="0" skipped="0" tests="2" time="0.0556430816650391">
    <system-out>1..2
ok 1 - Equals
ok 2 - Equals
</system-out>
    <testcase name="Equals (653)" classname="spec_perl_TestMultipleUse_t" time="0.000312089920043945" />
    <testcase name="Equals (654)" classname="spec_perl_TestMultipleUse_t" time="0.000140905380249023" />
  </testsuite>
  <testsuite name="spec_perl_TestNavParent3_t" errors="0" failures="0" skipped="0" tests="10" time="0.0610969066619873">
    <system-out>1..10
ok 1 - Equals
ok 2 - Equals
ok 3 - Equals
ok 4 - Equals
ok 5 - Equals
ok 6 - Equals
ok 7 - Equals
ok 8 - Equals
ok 9 - Equals
ok 10 - Equals
</system-out>
    <testcase name="Equals (655)" classname="spec_perl_TestNavParent3_t" time="0.000355005264282227" />
    <testcase name="Equals (656)" classname="spec_perl_TestNavParent3_t" time="0.00014495849609375" />
    <testcase name="Equals (657)" classname="spec_perl_TestNavParent3_t" time="0.000283002853393555" />
    <testcase name="Equals (658)" classname="spec_perl_TestNavParent3_t" time="0.000126123428344727" />
    <testcase name="Equals (659)" classname="spec_perl_TestNavParent3_t" time="0.000151872634887695" />
    <testcase name="Equals (660)" classname="spec_perl_TestNavParent3_t" time="0.00020909309387207" />
    <testcase name="Equals (661)" classname="spec_perl_TestNavParent3_t" time="0.000165939331054688" />
    <testcase name="Equals (662)" classname="spec_perl_TestNavParent3_t" time="0.000147104263305664" />
    <testcase name="Equals (663)" classname="spec_perl_TestNavParent3_t" time="0.000146865844726562" />
    <testcase name="Equals (664)" classname="spec_perl_TestNavParent3_t" time="0.000205039978027344" />
  </testsuite>
  <testsuite name="spec_perl_TestNestedTypes2_t" errors="0" failures="0" skipped="0" tests="7" time="0.0564961433410645">
    <system-out>1..7
ok 1 - Equals
ok 2 - Equals
ok 3 - Equals
ok 4 - Equals
ok 5 - Equals
ok 6 - Equals
ok 7 - Equals
</system-out>
    <testcase name="Equals (665)" classname="spec_perl_TestNestedTypes2_t" time="0.000399112701416016" />
    <testcase name="Equals (666)" classname="spec_perl_TestNestedTypes2_t" time="0.000100851058959961" />
    <testcase name="Equals (667)" classname="spec_perl_TestNestedTypes2_t" time="0.000127077102661133" />
    <testcase name="Equals (668)" classname="spec_perl_TestNestedTypes2_t" time="0.000171899795532227" />
    <testcase name="Equals (669)" classname="spec_perl_TestNestedTypes2_t" time="0.000149965286254883" />
    <testcase name="Equals (670)" classname="spec_perl_TestNestedTypes2_t" time="0.000138044357299805" />
    <testcase name="Equals (671)" classname="spec_perl_TestNestedTypes2_t" time="0.000149011611938477" />
  </testsuite>
  <testsuite name="spec_perl_TestEnumForUnknownId_t" errors="0" failures="0" skipped="0" tests="1" time="0.0557808876037598">
    <system-out>1..1
ok 1 - Equals
</system-out>
    <testcase name="Equals (672)" classname="spec_perl_TestEnumForUnknownId_t" time="0.000319957733154297" />
  </testsuite>
  <testsuite name="spec_perl_TestExprMod_t" errors="0" failures="0" skipped="0" tests="6" time="0.0559661388397217">
    <system-out>1..6
ok 1 - Equals
ok 2 - Equals
ok 3 - Equals
ok 4 - Equals
ok 5 - Equals
ok 6 - Equals
</system-out>
    <testcase name="Equals (673)" classname="spec_perl_TestExprMod_t" time="0.000303030014038086" />
    <testcase name="Equals (674)" classname="spec_perl_TestExprMod_t" time="9.41753387451172e-05" />
    <testcase name="Equals (675)" classname="spec_perl_TestExprMod_t" time="0.000157833099365234" />
    <testcase name="Equals (676)" classname="spec_perl_TestExprMod_t" time="0.00014805793762207" />
    <testcase name="Equals (677)" classname="spec_perl_TestExprMod_t" time="0.000190973281860352" />
    <testcase name="Equals (678)" classname="spec_perl_TestExprMod_t" time="0.000131130218505859" />
  </testsuite>
  <testsuite name="spec_perl_TestOpaqueExternalType_t" errors="0" failures="0" skipped="0" tests="3" time="0.0603668689727783">
    <system-out>1..3
ok 1 - Equals
ok 2 - Equals
ok 3 - Equals
</system-out>
    <testcase name="Equals (679)" classname="spec_perl_TestOpaqueExternalType_t" time="0.000432014465332031" />
    <testcase name="Equals (680)" classname="spec_perl_TestOpaqueExternalType_t" time="0.000120878219604492" />
    <testcase name="Equals (681)" classname="spec_perl_TestOpaqueExternalType_t" time="0.000138044357299805" />
  </testsuite>
  <testsuite name="spec_perl_TestCastToTop_t" errors="0" failures="0" skipped="0" tests="3" time="0.0562541484832764">
    <system-out>1..3
ok 1 - Equals
ok 2 - Equals
ok 3 - Equals
</system-out>
    <testcase name="Equals (682)" classname="spec_perl_TestCastToTop_t" time="0.000308036804199219" />
    <testcase name="Equals (683)" classname="spec_perl_TestCastToTop_t" time="9.70363616943359e-05" />
    <testcase name="Equals (684)" classname="spec_perl_TestCastToTop_t" time="0.000174999237060547" />
  </testsuite>
  <testsuite name="spec_perl_TestNavParentFalse2_t" errors="0" failures="0" skipped="0" tests="1" time="0.0547380447387695">
    <system-out>1..1
ok 1 - Equals
</system-out>
    <testcase name="Equals (685)" classname="spec_perl_TestNavParentFalse2_t" time="0.000333070755004883" />
  </testsuite>
  <testsuite name="spec_perl_TestMetaXref_t" errors="0" failures="0" skipped="1" tests="1" time="0.0561559200286865">
    <system-out>1..1
ok 1 # skip MetaXref=HASH(0x2b94b20)
</system-out>
    <testcase name="Unnamed test case 685" classname="spec_perl_TestMetaXref_t" time="0.00169777870178223">
      <skipped message="ok 1 # skip MetaXref=HASH(0x2b94b20)" />
    </testcase>
  </testsuite>
</testsuites>
