<?xml version='1.0' encoding='utf-8'?>
<testsuites>
  <testsuite name="spec_perl_TestExprBytesCmp_t" errors="0" failures="0" skipped="0" tests="10" time="0.0464539527893066">
    <system-out>1..10
ok 1 - Equals
ok 2 - Equals
ok 3 - Equals
ok 4 - Equals
ok 5 - Equals
ok 6 - Equals
ok 7 - Equals
ok 8 - Equals
ok 9 - Equals
ok 10 - Equals
</system-out>
    <testcase name="Equals" classname="spec_perl_TestExprBytesCmp_t" time="0.000190019607543945" />
    <testcase name="Equals (2)" classname="spec_perl_TestExprBytesCmp_t" time="0.000118017196655273" />
    <testcase name="Equals (3)" classname="spec_perl_TestExprBytesCmp_t" time="0.000133991241455078" />
    <testcase name="Equals (4)" classname="spec_perl_TestExprBytesCmp_t" time="0.000153064727783203" />
    <testcase name="Equals (5)" classname="spec_perl_TestExprBytesCmp_t" time="0.000116825103759766" />
    <testcase name="Equals (6)" classname="spec_perl_TestExprBytesCmp_t" time="0.000147104263305664" />
    <testcase name="Equals (7)" classname="spec_perl_TestExprBytesCmp_t" time="0.000135898590087891" />
    <testcase name="Equals (8)" classname="spec_perl_TestExprBytesCmp_t" time="0.000114202499389648" />
    <testcase name="Equals (9)" classname="spec_perl_TestExprBytesCmp_t" time="0.000149965286254883" />
    <testcase name="Equals (10)" classname="spec_perl_TestExprBytesCmp_t" time="0.000150918960571289" />
  </testsuite>
  <testsuite name="spec_perl_TestOpaqueExternalType_t" errors="0" failures="0" skipped="0" tests="3" time="0.0493719577789307">
    <system-out>1..3
ok 1 - Equals
ok 2 - Equals
ok 3 - Equals
</system-out>
    <testcase name="Equals (11)" classname="spec_perl_TestOpaqueExternalType_t" time="0.000411033630371094" />
    <testcase name="Equals (12)" classname="spec_perl_TestOpaqueExternalType_t" time="9.79900360107422e-05" />
    <testcase name="Equals (13)" classname="spec_perl_TestOpaqueExternalType_t" time="5.81741333007812e-05" />
  </testsuite>
  <testsuite name="spec_perl_TestProcessCoerceUsertype1_t" errors="0" failures="0" skipped="0" tests="4" time="0.0496399402618408">
    <system-out>1..4
ok 1 - Equals
ok 2 - Equals
ok 3 - Equals
ok 4 - Equals
</system-out>
    <testcase name="Equals (14)" classname="spec_perl_TestProcessCoerceUsertype1_t" time="0.000674962997436523" />
    <testcase name="Equals (15)" classname="spec_perl_TestProcessCoerceUsertype1_t" time="0.000107049942016602" />
    <testcase name="Equals (16)" classname="spec_perl_TestProcessCoerceUsertype1_t" time="4.69684600830078e-05" />
    <testcase name="Equals (17)" classname="spec_perl_TestProcessCoerceUsertype1_t" time="0.000114917755126953" />
  </testsuite>
  <testsuite name="spec_perl_TestIoLocalVar_t" errors="0" failures="0" skipped="0" tests="2" time="0.0466580390930176">
    <system-out>1..2
ok 1 - Equals
ok 2 - Equals
</system-out>
    <testcase name="Equals (18)" classname="spec_perl_TestIoLocalVar_t" time="0.000663042068481445" />
    <testcase name="Equals (19)" classname="spec_perl_TestIoLocalVar_t" time="0.000102996826171875" />
  </testsuite>
  <testsuite name="spec_perl_TestProcessRepeatUsertype_t" errors="0" failures="0" skipped="0" tests="4" time="0.0457608699798584">
    <system-out>1..4
ok 1 - Equals
ok 2 - Equals
ok 3 - Equals
ok 4 - Equals
</system-out>
    <testcase name="Equals (20)" classname="spec_perl_TestProcessRepeatUsertype_t" time="0.000586986541748047" />
    <testcase name="Equals (21)" classname="spec_perl_TestProcessRepeatUsertype_t" time="0.000100851058959961" />
    <testcase name="Equals (22)" classname="spec_perl_TestProcessRepeatUsertype_t" time="6.00814819335938e-05" />
    <testcase name="Equals (23)" classname="spec_perl_TestProcessRepeatUsertype_t" time="0.000139951705932617" />
  </testsuite>
  <testsuite name="spec_perl_TestDocstringsDocref_t" errors="0" failures="0" skipped="1" tests="1" time="0.0498828887939453">
    <system-out>1..1
ok 1 # skip DocstringsDocref=HASH(0x1b05fc0)
</system-out>
    <testcase name="Unnamed test case 23" classname="spec_perl_TestDocstringsDocref_t" time="0.00145602226257324">
      <skipped message="ok 1 # skip DocstringsDocref=HASH(0x1b05fc0)" />
    </testcase>
  </testsuite>
  <testsuite name="spec_perl_TestStrEos_t" errors="0" failures="0" skipped="0" tests="1" time="0.0474429130554199">
    <system-out>1..1
ok 1 - Equals
</system-out>
    <testcase name="Equals (24)" classname="spec_perl_TestStrEos_t" time="0.000288009643554688" />
  </testsuite>
  <testsuite name="spec_perl_TestBytesPadTerm_t" errors="0" failures="0" skipped="0" tests="4" time="0.0441679954528809">
    <system-out>1..4
ok 1 - Equals
ok 2 - Equals
ok 3 - Equals
ok 4 - Equals
</system-out>
    <testcase name="Equals (25)" classname="spec_perl_TestBytesPadTerm_t" time="0.000256776809692383" />
    <testcase name="Equals (26)" classname="spec_perl_TestBytesPadTerm_t" time="7.70092010498047e-05" />
    <testcase name="Equals (27)" classname="spec_perl_TestBytesPadTerm_t" time="0.000144004821777344" />
    <testcase name="Equals (28)" classname="spec_perl_TestBytesPadTerm_t" time="0.000117063522338867" />
  </testsuite>
  <testsuite name="spec_perl_TestExpr3_t" errors="0" failures="0" skipped="0" tests="12" time="0.0498261451721191">
    <system-out>1..12
ok 1 - Equals
ok 2 - Equals
ok 3 - Equals
ok 4 - Equals
ok 5 - Equals
ok 6 - Equals
ok 7 - Equals
ok 8 - Equals
ok 9 - Equals
ok 10 - Equals
ok 11 - Equals
ok 12 - Equals
</system-out>
    <testcase name="Equals (29)" classname="spec_perl_TestExpr3_t" time="0.000263214111328125" />
    <testcase name="Equals (30)" classname="spec_perl_TestExpr3_t" time="7.98702239990234e-05" />
    <testcase name="Equals (31)" classname="spec_perl_TestExpr3_t" time="0.000169038772583008" />
    <testcase name="Equals (32)" classname="spec_perl_TestExpr3_t" time="0.000133037567138672" />
    <testcase name="Equals (33)" classname="spec_perl_TestExpr3_t" time="0.000133991241455078" />
    <testcase name="Equals (34)" classname="spec_perl_TestExpr3_t" time="0.000184059143066406" />
    <testcase name="Equals (35)" classname="spec_perl_TestExpr3_t" time="7.48634338378906e-05" />
    <testcase name="Equals (36)" classname="spec_perl_TestExpr3_t" time="0.0001220703125" />
    <testcase name="Equals (37)" classname="spec_perl_TestExpr3_t" time="0.000172853469848633" />
    <testcase name="Equals (38)" classname="spec_perl_TestExpr3_t" time="0.000149011611938477" />
    <testcase name="Equals (39)" classname="spec_perl_TestExpr3_t" time="0.000124216079711914" />
    <testcase name="Equals (40)" classname="spec_perl_TestExpr3_t" time="0.000149965286254883" />
  </testsuite>
  <testsuite name="spec_perl_TestNestedTypes3_t" errors="0" failures="0" skipped="0" tests="5" time="0.0457930564880371">
    <system-out>1..5
ok 1 - Equals
ok 2 - Equals
ok 3 - Equals
ok 4 - Equals
ok 5 - Equals
</system-out>
    <testcase name="Equals (41)" classname="spec_perl_TestNestedTypes3_t" time="0.000313997268676758" />
    <testcase name="Equals (42)" classname="spec_perl_TestNestedTypes3_t" time="8.51154327392578e-05" />
    <testcase name="Equals (43)" classname="spec_perl_TestNestedTypes3_t" time="7.39097595214844e-05" />
    <testcase name="Equals (44)" classname="spec_perl_TestNestedTypes3_t" time="0.000149965286254883" />
    <testcase name="Equals (45)" classname="spec_perl_TestNestedTypes3_t" time="0.000138044357299805" />
  </testsuite>
  <testsuite name="spec_perl_TestInstanceUserArray_t" errors="0" failures="0" skipped="0" tests="10" time="0.0488269329071045">
    <system-out>1..10
ok 1 - Equals
ok 2 - Equals
ok 3 - Equals
ok 4 - Equals
ok 5 - Equals
ok 6 - Equals
ok 7 - Equals
ok 8 - Equals
ok 9 - Equals
ok 10 - Equals
</system-out>
    <testcase name="Equals (46)" classname="spec_perl_TestInstanceUserArray_t" time="0.000333070755004883" />
    <testcase name="Equals (47)" classname="spec_perl_TestInstanceUserArray_t" time="8.48770141601562e-05" />
    <testcase name="Equals (48)" classname="spec_perl_TestInstanceUserArray_t" time="7.70092010498047e-05" />
    <testcase name="Equals (49)" classname="spec_perl_TestInstanceUserArray_t" time="0.00062108039855957" />
    <testcase name="Equals (50)" classname="spec_perl_TestInstanceUserArray_t" time="8.51154327392578e-05" />
    <testcase name="Equals (51)" classname="spec_perl_TestInstanceUserArray_t" time="0.000100851058959961" />
    <testcase name="Equals (52)" classname="spec_perl_TestInstanceUserArray_t" time="0.000138998031616211" />
    <testcase name="Equals (53)" classname="spec_perl_TestInstanceUserArray_t" time="0.000132083892822266" />
    <testcase name="Equals (54)" classname="spec_perl_TestInstanceUserArray_t" time="0.000140905380249023" />
    <testcase name="Equals (55)" classname="spec_perl_TestInstanceUserArray_t" time="0.0001220703125" />
  </testsuite>
  <testsuite name="spec_perl_TestEnumLongRangeU_t" errors="0" failures="0" skipped="0" tests="4" time="0.0455129146575928">
    <system-out>1..4
ok 1 - Equals
ok 2 - Equals
ok 3 - Equals
ok 4 - Equals
</system-out>
    <testcase name="Equals (56)" classname="spec_perl_TestEnumLongRangeU_t" time="0.000308036804199219" />
    <testcase name="Equals (57)" classname="spec_perl_TestEnumLongRangeU_t" time="0.000108957290649414" />
    <testcase name="Equals (58)" classname="spec_perl_TestEnumLongRangeU_t" time="6.38961791992188e-05" />
    <testcase name="Equals (59)" classname="spec_perl_TestEnumLongRangeU_t" time="0.000138044357299805" />
  </testsuite>
  <testsuite name="spec_perl_TestStrEncodingsDefault_t" errors="0" failures="0" skipped="0" tests="4" time="0.0512440204620361">
    <system-out>1..4
ok 1 - Equals
ok 2 - Equals
ok 3 - Equals
ok 4 - Equals
</system-out>
    <testcase name="Equals (60)" classname="spec_perl_TestStrEncodingsDefault_t" time="0.00379014015197754" />
    <testcase name="Equals (61)" classname="spec_perl_TestStrEncodingsDefault_t" time="0.000148773193359375" />
    <testcase name="Equals (62)" classname="spec_perl_TestStrEncodingsDefault_t" time="6.41345977783203e-05" />
    <testcase name="Equals (63)" classname="spec_perl_TestStrEncodingsDefault_t" time="5.38825988769531e-05" />
  </testsuite>
  <testsuite name="spec_perl_TestExprEnum_t" errors="0" failures="0" skipped="0" tests="3" time="0.0550098419189453">
    <system-out>1..3
ok 1 - Equals
ok 2 - Equals
ok 3 - Equals
</system-out>
    <testcase name="Equals (64)" classname="spec_perl_TestExprEnum_t" time="0.000236034393310547" />
    <testcase name="Equals (65)" classname="spec_perl_TestExprEnum_t" time="8.67843627929688e-05" />
    <testcase name="Equals (66)" classname="spec_perl_TestExprEnum_t" time="6.19888305664062e-05" />
  </testsuite>
  <testsuite name="spec_perl_TestSwitchManualEnumInvalidElse_t" errors="0" failures="0" skipped="0" tests="5" time="0.0548920631408691">
    <system-out>1..5
ok 1 - Equals
ok 2 - Equals
ok 3 - Equals
ok 4 - Equals
ok 5 - Equals
</system-out>
    <testcase name="Equals (67)" classname="spec_perl_TestSwitchManualEnumInvalidElse_t" time="0.0004119873046875" />
    <testcase name="Equals (68)" classname="spec_perl_TestSwitchManualEnumInvalidElse_t" time="0.00011897087097168" />
    <testcase name="Equals (69)" classname="spec_perl_TestSwitchManualEnumInvalidElse_t" time="4.81605529785156e-05" />
    <testcase name="Equals (70)" classname="spec_perl_TestSwitchManualEnumInvalidElse_t" time="5.98430633544922e-05" />
    <testcase name="Equals (71)" classname="spec_perl_TestSwitchManualEnumInvalidElse_t" time="0.000144004821777344" />
  </testsuite>
  <testsuite name="spec_perl_TestDefaultEndianMod_t" errors="0" failures="0" skipped="0" tests="3" time="0.0447978973388672">
    <system-out>1..3
ok 1 - Equals
ok 2 - Equals
ok 3 - Equals
</system-out>
    <testcase name="Equals (72)" classname="spec_perl_TestDefaultEndianMod_t" time="0.000260114669799805" />
    <testcase name="Equals (73)" classname="spec_perl_TestDefaultEndianMod_t" time="7.79628753662109e-05" />
    <testcase name="Equals (74)" classname="spec_perl_TestDefaultEndianMod_t" time="0.000142097473144531" />
  </testsuite>
  <testsuite name="spec_perl_TestInstanceStd_t" errors="0" failures="0" skipped="0" tests="1" time="0.0479860305786133">
    <system-out>1..1
ok 1 - Equals
</system-out>
    <testcase name="Equals (75)" classname="spec_perl_TestInstanceStd_t" time="0.00026392936706543" />
  </testsuite>
  <testsuite name="spec_perl_TestParamsPassStruct_t" errors="0" failures="1" skipped="1" tests="4" time="0.0618610382080078">
    <system-out>1..4
ok 1 - Equals
ok 2 - Equals
not ok 3 - test_params_pass_struct died (Can't call method &quot;foo&quot; on an undefined value at spec/perl/TestParamsPassStruct.t line 17.)
ok 4 # skip test_params_pass_struct died
</system-out>
    <testcase name="Equals (76)" classname="spec_perl_TestParamsPassStruct_t" time="0.000316143035888672" />
    <testcase name="Equals (77)" classname="spec_perl_TestParamsPassStruct_t" time="0.00010991096496582" />
    <testcase name="test_params_pass_struct died (Can't call method &quot;foo&quot; on an undefined value at spec/perl/TestParamsPassStruct.t line 17.) (77)" classname="spec_perl_TestParamsPassStruct_t" time="0.000272989273071289">
      <failure message="not ok 3 - test_params_pass_struct died (Can't call method &quot;foo&quot; on an undefined value at spec/perl/TestParamsPassStruct.t line 17.)" type="TAP::Parser::Result::Test"></failure>
    </testcase>
    <testcase name="Unnamed test case 77" classname="spec_perl_TestParamsPassStruct_t" time="0.000606060028076172">
      <skipped message="ok 4 # skip test_params_pass_struct died" />
    </testcase>
  </testsuite>
  <testsuite name="spec_perl_TestSwitchElseOnly_t" errors="1" failures="0" skipped="0" tests="0" time="0.0626809597015381">
    <system-out></system-out>
    <testcase name="Test died too soon, even before plan. (77)" classname="spec_perl_TestSwitchElseOnly_t" time="0.0626809597015381">
      <failure message="The test suite died before a plan was produced. You need to have a plan." type="Plan">No plan</failure>
    </testcase>
  </testsuite>
  <testsuite name="spec_perl_TestNonStandard_t" errors="0" failures="0" skipped="0" tests="1" time="0.047184944152832">
    <system-out>1..1
ok 1 - Equals
</system-out>
    <testcase name="Equals (78)" classname="spec_perl_TestNonStandard_t" time="0.000283956527709961" />
  </testsuite>
  <testsuite name="spec_perl_TestCombineEnum_t" errors="0" failures="0" skipped="0" tests="3" time="0.0457100868225098">
    <system-out>1..3
ok 1 - Equals
ok 2 - Equals
ok 3 - Equals
</system-out>
    <testcase name="Equals (79)" classname="spec_perl_TestCombineEnum_t" time="0.000266075134277344" />
    <testcase name="Equals (80)" classname="spec_perl_TestCombineEnum_t" time="8.392333984375e-05" />
    <testcase name="Equals (81)" classname="spec_perl_TestCombineEnum_t" time="0.000118017196655273" />
  </testsuite>
  <testsuite name="spec_perl_TestEnumImport_t" errors="0" failures="2" skipped="0" tests="2" time="0.0513889789581299">
    <system-out>1..2
not ok 1 - Equals
not ok 2 - Equals
</system-out>
    <testcase name="Equals (82)" classname="spec_perl_TestEnumImport_t" time="0.000164031982421875">
      <failure message="not ok 1 - Equals" type="TAP::Parser::Result::Test"></failure>
    </testcase>
    <testcase name="Equals (83)" classname="spec_perl_TestEnumImport_t" time="5.88893890380859e-05">
      <failure message="not ok 2 - Equals" type="TAP::Parser::Result::Test"></failure>
    </testcase>
  </testsuite>
  <testsuite name="spec_perl_TestHelloWorld_t" errors="0" failures="0" skipped="0" tests="1" time="0.0438780784606934">
    <system-out>1..1
ok 1 - Equals
</system-out>
    <testcase name="Equals (84)" classname="spec_perl_TestHelloWorld_t" time="0.000252962112426758" />
  </testsuite>
  <testsuite name="spec_perl_TestImports0_t" errors="0" failures="0" skipped="0" tests="3" time="0.0444319248199463">
    <system-out>1..3
ok 1 - Equals
ok 2 - Equals
ok 3 - Equals
</system-out>
    <testcase name="Equals (85)" classname="spec_perl_TestImports0_t" time="0.000281095504760742" />
    <testcase name="Equals (86)" classname="spec_perl_TestImports0_t" time="7.98702239990234e-05" />
    <testcase name="Equals (87)" classname="spec_perl_TestImports0_t" time="5.60283660888672e-05" />
  </testsuite>
  <testsuite name="spec_perl_TestStrPadTerm_t" errors="0" failures="0" skipped="0" tests="4" time="0.0486750602722168">
    <system-out>1..4
ok 1 - Equals
ok 2 - Equals
ok 3 - Equals
ok 4 - Equals
</system-out>
    <testcase name="Equals (88)" classname="spec_perl_TestStrPadTerm_t" time="0.000422000885009766" />
    <testcase name="Equals (89)" classname="spec_perl_TestStrPadTerm_t" time="9.58442687988281e-05" />
    <testcase name="Equals (90)" classname="spec_perl_TestStrPadTerm_t" time="6.00814819335938e-05" />
    <testcase name="Equals (91)" classname="spec_perl_TestStrPadTerm_t" time="0.000119924545288086" />
  </testsuite>
  <testsuite name="spec_perl_TestCombineStr_t" errors="0" failures="0" skipped="0" tests="15" time="0.050156831741333">
    <system-out>1..15
ok 1 - Equals
ok 2 - Equals
ok 3 - Equals
ok 4 - Equals
ok 5 - Equals
ok 6 - Equals
ok 7 - Equals
ok 8 - Equals
ok 9 - Equals
ok 10 - Equals
ok 11 - Equals
ok 12 - Equals
ok 13 - Equals
ok 14 - Equals
ok 15 - Equals
</system-out>
    <testcase name="Equals (92)" classname="spec_perl_TestCombineStr_t" time="0.000275135040283203" />
    <testcase name="Equals (93)" classname="spec_perl_TestCombineStr_t" time="7.60555267333984e-05" />
    <testcase name="Equals (94)" classname="spec_perl_TestCombineStr_t" time="0.000125885009765625" />
    <testcase name="Equals (95)" classname="spec_perl_TestCombineStr_t" time="0.000139951705932617" />
    <testcase name="Equals (96)" classname="spec_perl_TestCombineStr_t" time="0.000154972076416016" />
    <testcase name="Equals (97)" classname="spec_perl_TestCombineStr_t" time="0.000115156173706055" />
    <testcase name="Equals (98)" classname="spec_perl_TestCombineStr_t" time="0.000150918960571289" />
    <testcase name="Equals (99)" classname="spec_perl_TestCombineStr_t" time="0.000108003616333008" />
    <testcase name="Equals (100)" classname="spec_perl_TestCombineStr_t" time="0.000168085098266602" />
    <testcase name="Equals (101)" classname="spec_perl_TestCombineStr_t" time="0.000157833099365234" />
    <testcase name="Equals (102)" classname="spec_perl_TestCombineStr_t" time="0.00018000602722168" />
    <testcase name="Equals (103)" classname="spec_perl_TestCombineStr_t" time="0.000126123428344727" />
    <testcase name="Equals (104)" classname="spec_perl_TestCombineStr_t" time="0.000145912170410156" />
    <testcase name="Equals (105)" classname="spec_perl_TestCombineStr_t" time="0.000126123428344727" />
    <testcase name="Equals (106)" classname="spec_perl_TestCombineStr_t" time="0.000119924545288086" />
  </testsuite>
  <testsuite name="spec_perl_TestParamsPassUsertype_t" errors="0" failures="1" skipped="1" tests="2" time="0.0564539432525635">
    <system-out>1..2
not ok 1 - test_params_pass_usertype died (Can't call method &quot;foo&quot; on an undefined value at compiled/perl/ParamsPassUsertype.pm line 119.)
ok 2 # skip test_params_pass_usertype died
</system-out>
    <testcase name="test_params_pass_usertype died (Can't call method &quot;foo&quot; on an undefined value at compiled/perl/ParamsPassUsertype.pm line 119.) (106)" classname="spec_perl_TestParamsPassUsertype_t" time="0.000408172607421875">
      <failure message="not ok 1 - test_params_pass_usertype died (Can't call method &quot;foo&quot; on an undefined value at compiled/perl/ParamsPassUsertype.pm line 119.)" type="TAP::Parser::Result::Test"></failure>
    </testcase>
    <testcase name="Unnamed test case 106" classname="spec_perl_TestParamsPassUsertype_t" time="0.000516891479492188">
      <skipped message="ok 2 # skip test_params_pass_usertype died" />
    </testcase>
  </testsuite>
  <testsuite name="spec_perl_TestRepeatEosStruct_t" errors="0" failures="0" skipped="0" tests="5" time="0.0459120273590088">
    <system-out>1..5
ok 1 - Equals
ok 2 - Equals
ok 3 - Equals
ok 4 - Equals
ok 5 - Equals
</system-out>
    <testcase name="Equals (107)" classname="spec_perl_TestRepeatEosStruct_t" time="0.000274896621704102" />
    <testcase name="Equals (108)" classname="spec_perl_TestRepeatEosStruct_t" time="8.0108642578125e-05" />
    <testcase name="Equals (109)" classname="spec_perl_TestRepeatEosStruct_t" time="0.000144004821777344" />
    <testcase name="Equals (110)" classname="spec_perl_TestRepeatEosStruct_t" time="0.00011897087097168" />
    <testcase name="Equals (111)" classname="spec_perl_TestRepeatEosStruct_t" time="0.000145912170410156" />
  </testsuite>
  <testsuite name="spec_perl_TestSwitchRepeatExpr_t" errors="0" failures="0" skipped="0" tests="3" time="0.0452558994293213">
    <system-out>1..3
ok 1 - Equals
ok 2 - Equals
ok 3 - Equals
</system-out>
    <testcase name="Equals (112)" classname="spec_perl_TestSwitchRepeatExpr_t" time="0.000545024871826172" />
    <testcase name="Equals (113)" classname="spec_perl_TestSwitchRepeatExpr_t" time="9.70363616943359e-05" />
    <testcase name="Equals (114)" classname="spec_perl_TestSwitchRepeatExpr_t" time="5.79357147216797e-05" />
  </testsuite>
  <testsuite name="spec_perl_TestExprIoPos_t" errors="0" failures="0" skipped="0" tests="6" time="0.0477290153503418">
    <system-out>1..6
ok 1 - Equals
ok 2 - Equals
ok 3 - Equals
ok 4 - Equals
ok 5 - Equals
ok 6 - Equals
</system-out>
    <testcase name="Equals (115)" classname="spec_perl_TestExprIoPos_t" time="0.000649929046630859" />
    <testcase name="Equals (116)" classname="spec_perl_TestExprIoPos_t" time="0.000128030776977539" />
    <testcase name="Equals (117)" classname="spec_perl_TestExprIoPos_t" time="4.79221343994141e-05" />
    <testcase name="Equals (118)" classname="spec_perl_TestExprIoPos_t" time="0.000108003616333008" />
    <testcase name="Equals (119)" classname="spec_perl_TestExprIoPos_t" time="0.000133991241455078" />
    <testcase name="Equals (120)" classname="spec_perl_TestExprIoPos_t" time="0.000133037567138672" />
  </testsuite>
  <testsuite name="spec_perl_TestNavParent2_t" errors="0" failures="0" skipped="0" tests="10" time="0.0526320934295654">
    <system-out>1..10
ok 1 - Equals
ok 2 - Equals
ok 3 - Equals
ok 4 - Equals
ok 5 - Equals
ok 6 - Equals
ok 7 - Equals
ok 8 - Equals
ok 9 - Equals
ok 10 - Equals
</system-out>
    <testcase name="Equals (121)" classname="spec_perl_TestNavParent2_t" time="0.000329017639160156" />
    <testcase name="Equals (122)" classname="spec_perl_TestNavParent2_t" time="8.89301300048828e-05" />
    <testcase name="Equals (123)" classname="spec_perl_TestNavParent2_t" time="5.91278076171875e-05" />
    <testcase name="Equals (124)" classname="spec_perl_TestNavParent2_t" time="0.000154972076416016" />
    <testcase name="Equals (125)" classname="spec_perl_TestNavParent2_t" time="0.000139951705932617" />
    <testcase name="Equals (126)" classname="spec_perl_TestNavParent2_t" time="0.000175952911376953" />
    <testcase name="Equals (127)" classname="spec_perl_TestNavParent2_t" time="0.000116109848022461" />
    <testcase name="Equals (128)" classname="spec_perl_TestNavParent2_t" time="0.000147819519042969" />
    <testcase name="Equals (129)" classname="spec_perl_TestNavParent2_t" time="0.000112056732177734" />
    <testcase name="Equals (130)" classname="spec_perl_TestNavParent2_t" time="0.000185012817382812" />
  </testsuite>
  <testsuite name="spec_perl_TestParamsEnum_t" errors="0" failures="1" skipped="0" tests="2" time="0.0620691776275635">
    <system-out>1..2
ok 1 - Equals
not ok 2 - Equals
</system-out>
    <testcase name="Equals (131)" classname="spec_perl_TestParamsEnum_t" time="0.000312089920043945" />
    <testcase name="Equals (132)" classname="spec_perl_TestParamsEnum_t" time="0.000207901000976562">
      <failure message="not ok 2 - Equals" type="TAP::Parser::Result::Test"></failure>
    </testcase>
  </testsuite>
  <testsuite name="spec_perl_TestEnumToI_t" errors="0" failures="0" skipped="0" tests="5" time="0.0467379093170166">
    <system-out>1..5
ok 1 - Equals
ok 2 - Equals
ok 3 - Equals
ok 4 - Equals
ok 5 - Equals
</system-out>
    <testcase name="Equals (133)" classname="spec_perl_TestEnumToI_t" time="0.000255107879638672" />
    <testcase name="Equals (134)" classname="spec_perl_TestEnumToI_t" time="7.39097595214844e-05" />
    <testcase name="Equals (135)" classname="spec_perl_TestEnumToI_t" time="0.000133037567138672" />
    <testcase name="Equals (136)" classname="spec_perl_TestEnumToI_t" time="0.000131130218505859" />
    <testcase name="Equals (137)" classname="spec_perl_TestEnumToI_t" time="0.000142812728881836" />
  </testsuite>
  <testsuite name="spec_perl_TestIfInstances_t" errors="0" failures="0" skipped="0" tests="1" time="0.0436239242553711">
    <system-out>1..1
ok 1 - nil
</system-out>
    <testcase name="nil (137)" classname="spec_perl_TestIfInstances_t" time="0.00018310546875" />
  </testsuite>
  <testsuite name="spec_perl_TestEofExceptionBytes_t" errors="0" failures="0" skipped="0" tests="1" time="0.0455701351165771">
    <system-out>1..1
ok 1 - Died
</system-out>
    <testcase name="Died (137)" classname="spec_perl_TestEofExceptionBytes_t" time="0.000195026397705078" />
  </testsuite>
  <testsuite name="spec_perl_TestNestedTypes_t" errors="0" failures="0" skipped="0" tests="3" time="0.0559630393981934">
    <system-out>1..3
ok 1 - Equals
ok 2 - Equals
ok 3 - Equals
</system-out>
    <testcase name="Equals (138)" classname="spec_perl_TestNestedTypes_t" time="0.00034785270690918" />
    <testcase name="Equals (139)" classname="spec_perl_TestNestedTypes_t" time="8.41617584228516e-05" />
    <testcase name="Equals (140)" classname="spec_perl_TestNestedTypes_t" time="8.98838043212891e-05" />
  </testsuite>
  <testsuite name="spec_perl_TestExprSizeofValueSized_t" errors="0" failures="0" skipped="0" tests="5" time="0.0468621253967285">
    <system-out>1..5
ok 1 - Equals
ok 2 - Equals
ok 3 - Equals
ok 4 - Equals
ok 5 - Equals
</system-out>
    <testcase name="Equals (141)" classname="spec_perl_TestExprSizeofValueSized_t" time="0.000537872314453125" />
    <testcase name="Equals (142)" classname="spec_perl_TestExprSizeofValueSized_t" time="0.000101089477539062" />
    <testcase name="Equals (143)" classname="spec_perl_TestExprSizeofValueSized_t" time="5.79357147216797e-05" />
    <testcase name="Equals (144)" classname="spec_perl_TestExprSizeofValueSized_t" time="0.000108003616333008" />
    <testcase name="Equals (145)" classname="spec_perl_TestExprSizeofValueSized_t" time="0.000144004821777344" />
  </testsuite>
  <testsuite name="spec_perl_TestProcessXorValue_t" errors="0" failures="0" skipped="0" tests="2" time="0.0481231212615967">
    <system-out>1..2
ok 1 - Equals
ok 2 - Equals
</system-out>
    <testcase name="Equals (146)" classname="spec_perl_TestProcessXorValue_t" time="0.00038599967956543" />
    <testcase name="Equals (147)" classname="spec_perl_TestProcessXorValue_t" time="8.48770141601562e-05" />
  </testsuite>
  <testsuite name="spec_perl_TestSwitchManualIntSize_t" errors="0" failures="0" skipped="0" tests="10" time="0.0616071224212646">
    <system-out>1..10
ok 1 - Equals
ok 2 - Equals
ok 3 - Equals
ok 4 - Equals
ok 5 - Equals
ok 6 - Equals
ok 7 - Equals
ok 8 - Equals
ok 9 - Equals
ok 10 - Equals
</system-out>
    <testcase name="Equals (148)" classname="spec_perl_TestSwitchManualIntSize_t" time="0.00172615051269531" />
    <testcase name="Equals (149)" classname="spec_perl_TestSwitchManualIntSize_t" time="0.000232934951782227" />
    <testcase name="Equals (150)" classname="spec_perl_TestSwitchManualIntSize_t" time="7.29560852050781e-05" />
    <testcase name="Equals (151)" classname="spec_perl_TestSwitchManualIntSize_t" time="0.00018310546875" />
    <testcase name="Equals (152)" classname="spec_perl_TestSwitchManualIntSize_t" time="0.000540971755981445" />
    <testcase name="Equals (153)" classname="spec_perl_TestSwitchManualIntSize_t" time="0.000301837921142578" />
    <testcase name="Equals (154)" classname="spec_perl_TestSwitchManualIntSize_t" time="0.000277996063232422" />
    <testcase name="Equals (155)" classname="spec_perl_TestSwitchManualIntSize_t" time="0.000143051147460938" />
    <testcase name="Equals (156)" classname="spec_perl_TestSwitchManualIntSize_t" time="0.000195980072021484" />
    <testcase name="Equals (157)" classname="spec_perl_TestSwitchManualIntSize_t" time="0.000108003616333008" />
  </testsuite>
  <testsuite name="spec_perl_TestJsSignedRightShift_t" errors="0" failures="0" skipped="0" tests="2" time="0.0459630489349365">
    <system-out>1..2
ok 1 - Equals
ok 2 - Equals
</system-out>
    <testcase name="Equals (158)" classname="spec_perl_TestJsSignedRightShift_t" time="0.000308036804199219" />
    <testcase name="Equals (159)" classname="spec_perl_TestJsSignedRightShift_t" time="8.48770141601562e-05" />
  </testsuite>
  <testsuite name="spec_perl_TestBitsSimple_t" errors="0" failures="0" skipped="0" tests="14" time="0.047238826751709">
    <system-out>1..14
ok 1 - Equals
ok 2 - Equals
ok 3 - Equals
ok 4 - Equals
ok 5 - Equals
ok 6 - Equals
ok 7 - Equals
ok 8 - Equals
ok 9 - Equals
ok 10 - Equals
ok 11 - Equals
ok 12 - Equals
ok 13 - Equals
ok 14 - Equals
</system-out>
    <testcase name="Equals (160)" classname="spec_perl_TestBitsSimple_t" time="0.000336885452270508" />
    <testcase name="Equals (161)" classname="spec_perl_TestBitsSimple_t" time="8.51154327392578e-05" />
    <testcase name="Equals (162)" classname="spec_perl_TestBitsSimple_t" time="0.000108957290649414" />
    <testcase name="Equals (163)" classname="spec_perl_TestBitsSimple_t" time="0.000142097473144531" />
    <testcase name="Equals (164)" classname="spec_perl_TestBitsSimple_t" time="0.000139951705932617" />
    <testcase name="Equals (165)" classname="spec_perl_TestBitsSimple_t" time="0.000118017196655273" />
    <testcase name="Equals (166)" classname="spec_perl_TestBitsSimple_t" time="0.00014805793762207" />
    <testcase name="Equals (167)" classname="spec_perl_TestBitsSimple_t" time="0.000114917755126953" />
    <testcase name="Equals (168)" classname="spec_perl_TestBitsSimple_t" time="0.000139951705932617" />
    <testcase name="Equals (169)" classname="spec_perl_TestBitsSimple_t" time="0.000116109848022461" />
    <testcase name="Equals (170)" classname="spec_perl_TestBitsSimple_t" time="0.000149965286254883" />
    <testcase name="Equals (171)" classname="spec_perl_TestBitsSimple_t" time="0.000116825103759766" />
    <testcase name="Equals (172)" classname="spec_perl_TestBitsSimple_t" time="0.000147104263305664" />
    <testcase name="Equals (173)" classname="spec_perl_TestBitsSimple_t" time="0.000123977661132812" />
  </testsuite>
  <testsuite name="spec_perl_TestTsPacketHeader_t" errors="0" failures="0" skipped="0" tests="7" time="0.0451600551605225">
    <system-out>1..7
ok 1 - Equals
ok 2 - Equals
ok 3 - Equals
ok 4 - Equals
ok 5 - Equals
ok 6 - Equals
ok 7 - Equals
</system-out>
    <testcase name="Equals (174)" classname="spec_perl_TestTsPacketHeader_t" time="0.000257015228271484" />
    <testcase name="Equals (175)" classname="spec_perl_TestTsPacketHeader_t" time="8.20159912109375e-05" />
    <testcase name="Equals (176)" classname="spec_perl_TestTsPacketHeader_t" time="0.000139951705932617" />
    <testcase name="Equals (177)" classname="spec_perl_TestTsPacketHeader_t" time="0.000141143798828125" />
    <testcase name="Equals (178)" classname="spec_perl_TestTsPacketHeader_t" time="0.00010991096496582" />
    <testcase name="Equals (179)" classname="spec_perl_TestTsPacketHeader_t" time="0.000149011611938477" />
    <testcase name="Equals (180)" classname="spec_perl_TestTsPacketHeader_t" time="0.000114917755126953" />
  </testsuite>
  <testsuite name="spec_perl_TestParamsCallExtraParens_t" errors="0" failures="1" skipped="0" tests="1" time="0.0535221099853516">
    <system-out>1..1
not ok 1 - Equals
</system-out>
    <testcase name="Equals (181)" classname="spec_perl_TestParamsCallExtraParens_t" time="0.00255799293518066">
      <failure message="not ok 1 - Equals" type="TAP::Parser::Result::Test"></failure>
    </testcase>
  </testsuite>
  <testsuite name="spec_perl_TestOptionalId_t" errors="0" failures="0" skipped="0" tests="3" time="0.0446710586547852">
    <system-out>1..3
ok 1 - Equals
ok 2 - Equals
ok 3 - Equals
</system-out>
    <testcase name="Equals (182)" classname="spec_perl_TestOptionalId_t" time="0.000174045562744141" />
    <testcase name="Equals (183)" classname="spec_perl_TestOptionalId_t" time="7.00950622558594e-05" />
    <testcase name="Equals (184)" classname="spec_perl_TestOptionalId_t" time="0.000195980072021484" />
  </testsuite>
  <testsuite name="spec_perl_TestNavParentSwitch_t" errors="0" failures="0" skipped="0" tests="3" time="0.0511770248413086">
    <system-out>1..3
ok 1 - Equals
ok 2 - Equals
ok 3 - Equals
</system-out>
    <testcase name="Equals (185)" classname="spec_perl_TestNavParentSwitch_t" time="0.000329971313476562" />
    <testcase name="Equals (186)" classname="spec_perl_TestNavParentSwitch_t" time="0.000411033630371094" />
    <testcase name="Equals (187)" classname="spec_perl_TestNavParentSwitch_t" time="7.89165496826172e-05" />
  </testsuite>
  <testsuite name="spec_perl_TestRepeatUntilS4_t" errors="0" failures="0" skipped="0" tests="2" time="0.0504360198974609">
    <system-out>1..2
ok 1 - Equals
ok 2 - Equals
</system-out>
    <testcase name="Equals (188)" classname="spec_perl_TestRepeatUntilS4_t" time="0.000276088714599609" />
    <testcase name="Equals (189)" classname="spec_perl_TestRepeatUntilS4_t" time="7.89165496826172e-05" />
  </testsuite>
  <testsuite name="spec_perl_TestProcessToUser_t" errors="0" failures="0" skipped="0" tests="1" time="0.0508878231048584">
    <system-out>1..1
ok 1 - Equals
</system-out>
    <testcase name="Equals (190)" classname="spec_perl_TestProcessToUser_t" time="0.000797033309936523" />
  </testsuite>
  <testsuite name="spec_perl_TestParamsPassArrayStruct_t" errors="0" failures="1" skipped="2" tests="3" time="0.0610570907592773">
    <system-out>1..3
not ok 1 - test_params_pass_array_struct died (Can't use an undefined value as an ARRAY reference at spec/perl/TestParamsPassArrayStruct.t line 15.)
ok 2 # skip test_params_pass_array_struct died
ok 3 # skip test_params_pass_array_struct died
</system-out>
    <testcase name="test_params_pass_array_struct died (Can't use an undefined value as an ARRAY reference at spec/perl/TestParamsPassArrayStruct.t line 15.) (190)" classname="spec_perl_TestParamsPassArrayStruct_t" time="0.000535011291503906">
      <failure message="not ok 1 - test_params_pass_array_struct died (Can't use an undefined value as an ARRAY reference at spec/perl/TestParamsPassArrayStruct.t line 15.)" type="TAP::Parser::Result::Test"></failure>
    </testcase>
    <testcase name="Unnamed test case 190" classname="spec_perl_TestParamsPassArrayStruct_t" time="0.000535964965820312">
      <skipped message="ok 2 # skip test_params_pass_array_struct died" />
    </testcase>
    <testcase name="Unnamed test case 191" classname="spec_perl_TestParamsPassArrayStruct_t" time="0.000435829162597656">
      <skipped message="ok 3 # skip test_params_pass_array_struct died" />
    </testcase>
  </testsuite>
  <testsuite name="spec_perl_TestEnumToIClassBorder1_t" errors="0" failures="1" skipped="0" tests="3" time="0.048820972442627">
    <system-out>1..3
ok 1 - Equals
ok 2 - Equals
not ok 3 - test_enum_to_i_class_border_1 died (Can't call method &quot;some_dog&quot; on an undefined value at compiled/perl/EnumToIClassBorder2.pm line 42.)
</system-out>
    <testcase name="Equals (191)" classname="spec_perl_TestEnumToIClassBorder1_t" time="0.000243902206420898" />
    <testcase name="Equals (192)" classname="spec_perl_TestEnumToIClassBorder1_t" time="0.000112056732177734" />
    <testcase name="test_enum_to_i_class_border_1 died (Can't call method &quot;some_dog&quot; on an undefined value at compiled/perl/EnumToIClassBorder2.pm line 42.) (192)" classname="spec_perl_TestEnumToIClassBorder1_t" time="0.000340938568115234">
      <failure message="not ok 3 - test_enum_to_i_class_border_1 died (Can't call method &quot;some_dog&quot; on an undefined value at compiled/perl/EnumToIClassBorder2.pm line 42.)" type="TAP::Parser::Result::Test"></failure>
    </testcase>
  </testsuite>
  <testsuite name="spec_perl_TestSwitchManualEnum_t" errors="0" failures="0" skipped="0" tests="9" time="0.0498759746551514">
    <system-out>1..9
ok 1 - Equals
ok 2 - Equals
ok 3 - Equals
ok 4 - Equals
ok 5 - Equals
ok 6 - Equals
ok 7 - Equals
ok 8 - Equals
ok 9 - Equals
</system-out>
    <testcase name="Equals (193)" classname="spec_perl_TestSwitchManualEnum_t" time="0.000360012054443359" />
    <testcase name="Equals (194)" classname="spec_perl_TestSwitchManualEnum_t" time="9.89437103271484e-05" />
    <testcase name="Equals (195)" classname="spec_perl_TestSwitchManualEnum_t" time="8.51154327392578e-05" />
    <testcase name="Equals (196)" classname="spec_perl_TestSwitchManualEnum_t" time="0.000150918960571289" />
    <testcase name="Equals (197)" classname="spec_perl_TestSwitchManualEnum_t" time="0.000137090682983398" />
    <testcase name="Equals (198)" classname="spec_perl_TestSwitchManualEnum_t" time="0.000124931335449219" />
    <testcase name="Equals (199)" classname="spec_perl_TestSwitchManualEnum_t" time="0.000162124633789062" />
    <testcase name="Equals (200)" classname="spec_perl_TestSwitchManualEnum_t" time="0.000110864639282227" />
    <testcase name="Equals (201)" classname="spec_perl_TestSwitchManualEnum_t" time="0.000144004821777344" />
  </testsuite>
  <testsuite name="spec_perl_TestProcessCoerceSwitch_t" errors="0" failures="0" skipped="0" tests="3" time="0.0509989261627197">
    <system-out>1..3
ok 1 - Equals
ok 2 - Equals
ok 3 - Equals
</system-out>
    <testcase name="Equals (202)" classname="spec_perl_TestProcessCoerceSwitch_t" time="0.000697135925292969" />
    <testcase name="Equals (203)" classname="spec_perl_TestProcessCoerceSwitch_t" time="0.000110864639282227" />
    <testcase name="Equals (204)" classname="spec_perl_TestProcessCoerceSwitch_t" time="5.50746917724609e-05" />
  </testsuite>
  <testsuite name="spec_perl_TestEnum1_t" errors="0" failures="0" skipped="0" tests="2" time="0.0453691482543945">
    <system-out>1..2
ok 1 - Equals
ok 2 - Equals
</system-out>
    <testcase name="Equals (205)" classname="spec_perl_TestEnum1_t" time="0.000177860260009766" />
    <testcase name="Equals (206)" classname="spec_perl_TestEnum1_t" time="0.000123977661132812" />
  </testsuite>
  <testsuite name="spec_perl_TestEnumNegative_t" errors="0" failures="0" skipped="0" tests="2" time="0.0443539619445801">
    <system-out>1..2
ok 1 - Equals
ok 2 - Equals
</system-out>
    <testcase name="Equals (207)" classname="spec_perl_TestEnumNegative_t" time="0.000218868255615234" />
    <testcase name="Equals (208)" classname="spec_perl_TestEnumNegative_t" time="7.20024108886719e-05" />
  </testsuite>
  <testsuite name="spec_perl_TestRepeatNStrzDouble_t" errors="0" failures="0" skipped="0" tests="3" time="0.0494189262390137">
    <system-out>1..3
ok 1 - Equals
ok 2 - Equals
ok 3 - Equals
</system-out>
    <testcase name="Equals (209)" classname="spec_perl_TestRepeatNStrzDouble_t" time="0.000381946563720703" />
    <testcase name="Equals (210)" classname="spec_perl_TestRepeatNStrzDouble_t" time="9.918212890625e-05" />
    <testcase name="Equals (211)" classname="spec_perl_TestRepeatNStrzDouble_t" time="5.88893890380859e-05" />
  </testsuite>
  <testsuite name="spec_perl_TestExprSizeofType1_t" errors="0" failures="0" skipped="0" tests="2" time="0.045011043548584">
    <system-out>1..2
ok 1 - Equals
ok 2 - Equals
</system-out>
    <testcase name="Equals (212)" classname="spec_perl_TestExprSizeofType1_t" time="0.000461101531982422" />
    <testcase name="Equals (213)" classname="spec_perl_TestExprSizeofType1_t" time="0.000111818313598633" />
  </testsuite>
  <testsuite name="spec_perl_TestIndexToParamExpr_t" errors="0" failures="2" skipped="0" tests="7" time="0.0555710792541504">
    <system-out>1..7
ok 1 - Equals
ok 2 - Equals
ok 3 - Equals
ok 4 - Equals
ok 5 - Equals
not ok 6 - Equals
not ok 7 - Equals
</system-out>
    <testcase name="Equals (214)" classname="spec_perl_TestIndexToParamExpr_t" time="0.00122499465942383" />
    <testcase name="Equals (215)" classname="spec_perl_TestIndexToParamExpr_t" time="0.000329971313476562" />
    <testcase name="Equals (216)" classname="spec_perl_TestIndexToParamExpr_t" time="0.000298976898193359" />
    <testcase name="Equals (217)" classname="spec_perl_TestIndexToParamExpr_t" time="0.000279903411865234" />
    <testcase name="Equals (218)" classname="spec_perl_TestIndexToParamExpr_t" time="0.000278949737548828" />
    <testcase name="Equals (219)" classname="spec_perl_TestIndexToParamExpr_t" time="0.0003662109375">
      <failure message="not ok 6 - Equals" type="TAP::Parser::Result::Test"></failure>
    </testcase>
    <testcase name="Equals (220)" classname="spec_perl_TestIndexToParamExpr_t" time="0.000841856002807617">
      <failure message="not ok 7 - Equals" type="TAP::Parser::Result::Test"></failure>
    </testcase>
  </testsuite>
  <testsuite name="spec_perl_TestDocstrings_t" errors="0" failures="0" skipped="1" tests="1" time="0.0457251071929932">
    <system-out>1..1
ok 1 # skip Docstrings=HASH(0x1570080)
</system-out>
    <testcase name="Unnamed test case 220" classname="spec_perl_TestDocstrings_t" time="0.00134396553039551">
      <skipped message="ok 1 # skip Docstrings=HASH(0x1570080)" />
    </testcase>
  </testsuite>
  <testsuite name="spec_perl_TestDefaultEndianExprIsBe_t" errors="0" failures="0" skipped="0" tests="18" time="0.0466790199279785">
    <system-out>1..18
ok 1 - Equals
ok 2 - Equals
ok 3 - Equals
ok 4 - Equals
ok 5 - Equals
ok 6 - Equals
ok 7 - Equals
ok 8 - Equals
ok 9 - Equals
ok 10 - Equals
ok 11 - Equals
ok 12 - Equals
ok 13 - Equals
ok 14 - Equals
ok 15 - Equals
ok 16 - Equals
ok 17 - Equals
ok 18 - Equals
</system-out>
    <testcase name="Equals (221)" classname="spec_perl_TestDefaultEndianExprIsBe_t" time="0.000331878662109375" />
    <testcase name="Equals (222)" classname="spec_perl_TestDefaultEndianExprIsBe_t" time="8.79764556884766e-05" />
    <testcase name="Equals (223)" classname="spec_perl_TestDefaultEndianExprIsBe_t" time="5.60283660888672e-05" />
    <testcase name="Equals (224)" classname="spec_perl_TestDefaultEndianExprIsBe_t" time="0.000176906585693359" />
    <testcase name="Equals (225)" classname="spec_perl_TestDefaultEndianExprIsBe_t" time="0.000138044357299805" />
    <testcase name="Equals (226)" classname="spec_perl_TestDefaultEndianExprIsBe_t" time="0.000177145004272461" />
    <testcase name="Equals (227)" classname="spec_perl_TestDefaultEndianExprIsBe_t" time="0.000104904174804688" />
    <testcase name="Equals (228)" classname="spec_perl_TestDefaultEndianExprIsBe_t" time="0.000153064727783203" />
    <testcase name="Equals (229)" classname="spec_perl_TestDefaultEndianExprIsBe_t" time="0.00010991096496582" />
    <testcase name="Equals (230)" classname="spec_perl_TestDefaultEndianExprIsBe_t" time="0.000142097473144531" />
    <testcase name="Equals (231)" classname="spec_perl_TestDefaultEndianExprIsBe_t" time="0.000146865844726562" />
    <testcase name="Equals (232)" classname="spec_perl_TestDefaultEndianExprIsBe_t" time="0.000154972076416016" />
    <testcase name="Equals (233)" classname="spec_perl_TestDefaultEndianExprIsBe_t" time="0.000121116638183594" />
    <testcase name="Equals (234)" classname="spec_perl_TestDefaultEndianExprIsBe_t" time="0.00014495849609375" />
    <testcase name="Equals (235)" classname="spec_perl_TestDefaultEndianExprIsBe_t" time="0.000119924545288086" />
    <testcase name="Equals (236)" classname="spec_perl_TestDefaultEndianExprIsBe_t" time="0.000144004821777344" />
    <testcase name="Equals (237)" classname="spec_perl_TestDefaultEndianExprIsBe_t" time="0.000149011611938477" />
    <testcase name="Equals (238)" classname="spec_perl_TestDefaultEndianExprIsBe_t" time="0.000151157379150391" />
  </testsuite>
  <testsuite name="spec_perl_TestTypeIntUnaryOp_t" errors="0" failures="0" skipped="0" tests="4" time="0.0442290306091309">
    <system-out>1..4
ok 1 - Equals
ok 2 - Equals
ok 3 - Equals
ok 4 - Equals
</system-out>
    <testcase name="Equals (239)" classname="spec_perl_TestTypeIntUnaryOp_t" time="0.000216960906982422" />
    <testcase name="Equals (240)" classname="spec_perl_TestTypeIntUnaryOp_t" time="7.29560852050781e-05" />
    <testcase name="Equals (241)" classname="spec_perl_TestTypeIntUnaryOp_t" time="0.000143051147460938" />
    <testcase name="Equals (242)" classname="spec_perl_TestTypeIntUnaryOp_t" time="0.000135898590087891" />
  </testsuite>
  <testsuite name="spec_perl_TestInstanceStdArray_t" errors="0" failures="0" skipped="0" tests="7" time="0.0452749729156494">
    <system-out>1..7
ok 1 - Equals
ok 2 - Equals
ok 3 - Equals
ok 4 - Equals
ok 5 - Equals
ok 6 - Equals
ok 7 - Equals
</system-out>
    <testcase name="Equals (243)" classname="spec_perl_TestInstanceStdArray_t" time="0.000268936157226562" />
    <testcase name="Equals (244)" classname="spec_perl_TestInstanceStdArray_t" time="7.70092010498047e-05" />
    <testcase name="Equals (245)" classname="spec_perl_TestInstanceStdArray_t" time="0.000138044357299805" />
    <testcase name="Equals (246)" classname="spec_perl_TestInstanceStdArray_t" time="0.000153064727783203" />
    <testcase name="Equals (247)" classname="spec_perl_TestInstanceStdArray_t" time="0.000118017196655273" />
    <testcase name="Equals (248)" classname="spec_perl_TestInstanceStdArray_t" time="0.000154018402099609" />
    <testcase name="Equals (249)" classname="spec_perl_TestInstanceStdArray_t" time="0.000102996826171875" />
  </testsuite>
  <testsuite name="spec_perl_TestCombineBool_t" errors="0" failures="0" skipped="0" tests="2" time="0.0451509952545166">
    <system-out>1..2
ok 1 - Equals
ok 2 - Equals
</system-out>
    <testcase name="Equals (250)" classname="spec_perl_TestCombineBool_t" time="0.000290155410766602" />
    <testcase name="Equals (251)" classname="spec_perl_TestCombineBool_t" time="8.17775726318359e-05" />
  </testsuite>
  <testsuite name="spec_perl_TestCastToImported_t" errors="0" failures="0" skipped="0" tests="2" time="0.0459098815917969">
    <system-out>1..2
ok 1 - Equals
ok 2 - Equals
</system-out>
    <testcase name="Equals (252)" classname="spec_perl_TestCastToImported_t" time="0.000310897827148438" />
    <testcase name="Equals (253)" classname="spec_perl_TestCastToImported_t" time="9.70363616943359e-05" />
  </testsuite>
  <testsuite name="spec_perl_TestSwitchManualIntElse_t" errors="0" failures="0" skipped="0" tests="9" time="0.0566158294677734">
    <system-out>1..9
ok 1 - Equals
ok 2 - Equals
ok 3 - Equals
ok 4 - Equals
ok 5 - Equals
ok 6 - Equals
ok 7 - Equals
ok 8 - Equals
ok 9 - Equals
</system-out>
    <testcase name="Equals (254)" classname="spec_perl_TestSwitchManualIntElse_t" time="0.000519037246704102" />
    <testcase name="Equals (255)" classname="spec_perl_TestSwitchManualIntElse_t" time="0.000133991241455078" />
    <testcase name="Equals (256)" classname="spec_perl_TestSwitchManualIntElse_t" time="6.103515625e-05" />
    <testcase name="Equals (257)" classname="spec_perl_TestSwitchManualIntElse_t" time="0.000131845474243164" />
    <testcase name="Equals (258)" classname="spec_perl_TestSwitchManualIntElse_t" time="0.000169038772583008" />
    <testcase name="Equals (259)" classname="spec_perl_TestSwitchManualIntElse_t" time="0.000127077102661133" />
    <testcase name="Equals (260)" classname="spec_perl_TestSwitchManualIntElse_t" time="0.000165939331054688" />
    <testcase name="Equals (261)" classname="spec_perl_TestSwitchManualIntElse_t" time="0.00011897087097168" />
    <testcase name="Equals (262)" classname="spec_perl_TestSwitchManualIntElse_t" time="0.000306129455566406" />
  </testsuite>
  <testsuite name="spec_perl_TestImportsCircularA_t" errors="0" failures="0" skipped="0" tests="5" time="0.0440969467163086">
    <system-out>1..5
ok 1 - Equals
ok 2 - Equals
ok 3 - Equals
ok 4 - Equals
ok 5 - Equals
</system-out>
    <testcase name="Equals (263)" classname="spec_perl_TestImportsCircularA_t" time="0.000237941741943359" />
    <testcase name="Equals (264)" classname="spec_perl_TestImportsCircularA_t" time="7.51018524169922e-05" />
    <testcase name="Equals (265)" classname="spec_perl_TestImportsCircularA_t" time="0.000146865844726562" />
    <testcase name="Equals (266)" classname="spec_perl_TestImportsCircularA_t" time="0.000120162963867188" />
    <testcase name="Equals (267)" classname="spec_perl_TestImportsCircularA_t" time="5.88893890380859e-05" />
  </testsuite>
  <testsuite name="spec_perl_TestDefaultEndianExprException_t" errors="0" failures="0" skipped="0" tests="1" time="0.0447309017181396">
    <system-out>1..1
ok 1 - Died
</system-out>
    <testcase name="Died (267)" classname="spec_perl_TestDefaultEndianExprException_t" time="0.000243902206420898" />
  </testsuite>
  <testsuite name="spec_perl_TestBcdUserTypeBe_t" errors="0" failures="0" skipped="0" tests="6" time="0.0465781688690186">
    <system-out>1..6
ok 1 - Equals
ok 2 - Equals
ok 3 - Equals
ok 4 - Equals
ok 5 - Equals
ok 6 - Equals
</system-out>
    <testcase name="Equals (268)" classname="spec_perl_TestBcdUserTypeBe_t" time="0.000608921051025391" />
    <testcase name="Equals (269)" classname="spec_perl_TestBcdUserTypeBe_t" time="0.000111103057861328" />
    <testcase name="Equals (270)" classname="spec_perl_TestBcdUserTypeBe_t" time="6.60419464111328e-05" />
    <testcase name="Equals (271)" classname="spec_perl_TestBcdUserTypeBe_t" time="0.000196933746337891" />
    <testcase name="Equals (272)" classname="spec_perl_TestBcdUserTypeBe_t" time="0.000133037567138672" />
    <testcase name="Equals (273)" classname="spec_perl_TestBcdUserTypeBe_t" time="0.000157833099365234" />
  </testsuite>
  <testsuite name="spec_perl_TestBitsEnum_t" errors="0" failures="0" skipped="0" tests="3" time="0.0463459491729736">
    <system-out>1..3
ok 1 - Equals
ok 2 - Equals
ok 3 - Equals
</system-out>
    <testcase name="Equals (274)" classname="spec_perl_TestBitsEnum_t" time="0.000323057174682617" />
    <testcase name="Equals (275)" classname="spec_perl_TestBitsEnum_t" time="8.20159912109375e-05" />
    <testcase name="Equals (276)" classname="spec_perl_TestBitsEnum_t" time="6.79492950439453e-05" />
  </testsuite>
  <testsuite name="spec_perl_TestSwitchManualIntSizeElse_t" errors="0" failures="0" skipped="0" tests="10" time="0.0569097995758057">
    <system-out>1..10
ok 1 - Equals
ok 2 - Equals
ok 3 - Equals
ok 4 - Equals
ok 5 - Equals
ok 6 - Equals
ok 7 - Equals
ok 8 - Equals
ok 9 - Equals
ok 10 - Equals
</system-out>
    <testcase name="Equals (277)" classname="spec_perl_TestSwitchManualIntSizeElse_t" time="0.000765800476074219" />
    <testcase name="Equals (278)" classname="spec_perl_TestSwitchManualIntSizeElse_t" time="0.000104188919067383" />
    <testcase name="Equals (279)" classname="spec_perl_TestSwitchManualIntSizeElse_t" time="6.4849853515625e-05" />
    <testcase name="Equals (280)" classname="spec_perl_TestSwitchManualIntSizeElse_t" time="0.000207185745239258" />
    <testcase name="Equals (281)" classname="spec_perl_TestSwitchManualIntSizeElse_t" time="7.89165496826172e-05" />
    <testcase name="Equals (282)" classname="spec_perl_TestSwitchManualIntSizeElse_t" time="0.000175952911376953" />
    <testcase name="Equals (283)" classname="spec_perl_TestSwitchManualIntSizeElse_t" time="0.000150918960571289" />
    <testcase name="Equals (284)" classname="spec_perl_TestSwitchManualIntSizeElse_t" time="0.000155210494995117" />
    <testcase name="Equals (285)" classname="spec_perl_TestSwitchManualIntSizeElse_t" time="0.00014495849609375" />
    <testcase name="Equals (286)" classname="spec_perl_TestSwitchManualIntSizeElse_t" time="0.000133991241455078" />
  </testsuite>
  <testsuite name="spec_perl_TestStrLiterals2_t" errors="0" failures="0" skipped="0" tests="4" time="0.0461030006408691">
    <system-out>1..4
ok 1 - Equals
ok 2 - Equals
ok 3 - Equals
ok 4 - Equals
</system-out>
    <testcase name="Equals (287)" classname="spec_perl_TestStrLiterals2_t" time="0.000269889831542969" />
    <testcase name="Equals (288)" classname="spec_perl_TestStrLiterals2_t" time="8.41617584228516e-05" />
    <testcase name="Equals (289)" classname="spec_perl_TestStrLiterals2_t" time="0.000163793563842773" />
    <testcase name="Equals (290)" classname="spec_perl_TestStrLiterals2_t" time="0.000151157379150391" />
  </testsuite>
  <testsuite name="spec_perl_TestSwitchBytearray_t" errors="0" failures="0" skipped="0" tests="9" time="0.0600249767303467">
    <system-out>1..9
ok 1 - Equals
ok 2 - Equals
ok 3 - Equals
ok 4 - Equals
ok 5 - Equals
ok 6 - Equals
ok 7 - Equals
ok 8 - Equals
ok 9 - Equals
</system-out>
    <testcase name="Equals (291)" classname="spec_perl_TestSwitchBytearray_t" time="0.000494956970214844" />
    <testcase name="Equals (292)" classname="spec_perl_TestSwitchBytearray_t" time="0.000107049942016602" />
    <testcase name="Equals (293)" classname="spec_perl_TestSwitchBytearray_t" time="5.88893890380859e-05" />
    <testcase name="Equals (294)" classname="spec_perl_TestSwitchBytearray_t" time="0.00011897087097168" />
    <testcase name="Equals (295)" classname="spec_perl_TestSwitchBytearray_t" time="0.000163078308105469" />
    <testcase name="Equals (296)" classname="spec_perl_TestSwitchBytearray_t" time="0.000114917755126953" />
    <testcase name="Equals (297)" classname="spec_perl_TestSwitchBytearray_t" time="0.000147104263305664" />
    <testcase name="Equals (298)" classname="spec_perl_TestSwitchBytearray_t" time="0.000119924545288086" />
    <testcase name="Equals (299)" classname="spec_perl_TestSwitchBytearray_t" time="0.000145912170410156" />
  </testsuite>
  <testsuite name="spec_perl_TestRepeatEosBit_t" errors="0" failures="1" skipped="0" tests="1" time="0.0478570461273193">
    <system-out>1..1
not ok 1 - Equals
</system-out>
    <testcase name="Equals (300)" classname="spec_perl_TestRepeatEosBit_t" time="0.000397920608520508">
      <failure message="not ok 1 - Equals" type="TAP::Parser::Result::Test"></failure>
    </testcase>
  </testsuite>
  <testsuite name="spec_perl_TestEnumIntRangeS_t" errors="0" failures="0" skipped="0" tests="3" time="0.043349027633667">
    <system-out>1..3
ok 1 - Equals
ok 2 - Equals
ok 3 - Equals
</system-out>
    <testcase name="Equals (301)" classname="spec_perl_TestEnumIntRangeS_t" time="0.000310897827148438" />
    <testcase name="Equals (302)" classname="spec_perl_TestEnumIntRangeS_t" time="8.29696655273438e-05" />
    <testcase name="Equals (303)" classname="spec_perl_TestEnumIntRangeS_t" time="0.000112056732177734" />
  </testsuite>
  <testsuite name="spec_perl_TestSwitchIntegers_t" errors="0" failures="0" skipped="0" tests="9" time="0.0539569854736328">
    <system-out>1..9
ok 1 - Equals
ok 2 - Equals
ok 3 - Equals
ok 4 - Equals
ok 5 - Equals
ok 6 - Equals
ok 7 - Equals
ok 8 - Equals
ok 9 - Equals
</system-out>
    <testcase name="Equals (304)" classname="spec_perl_TestSwitchIntegers_t" time="0.000503063201904297" />
    <testcase name="Equals (305)" classname="spec_perl_TestSwitchIntegers_t" time="0.000127077102661133" />
    <testcase name="Equals (306)" classname="spec_perl_TestSwitchIntegers_t" time="5.00679016113281e-05" />
    <testcase name="Equals (307)" classname="spec_perl_TestSwitchIntegers_t" time="6.58035278320312e-05" />
    <testcase name="Equals (308)" classname="spec_perl_TestSwitchIntegers_t" time="8.91685485839844e-05" />
    <testcase name="Equals (309)" classname="spec_perl_TestSwitchIntegers_t" time="0.00018000602722168" />
    <testcase name="Equals (310)" classname="spec_perl_TestSwitchIntegers_t" time="0.000105857849121094" />
    <testcase name="Equals (311)" classname="spec_perl_TestSwitchIntegers_t" time="0.000136137008666992" />
    <testcase name="Equals (312)" classname="spec_perl_TestSwitchIntegers_t" time="0.000116825103759766" />
  </testsuite>
  <testsuite name="spec_perl_TestSwitchManualEnumInvalid_t" errors="0" failures="0" skipped="0" tests="5" time="0.0572412014007568">
    <system-out>1..5
ok 1 - Equals
ok 2 - Equals
ok 3 - nil
ok 4 - Equals
ok 5 - nil
</system-out>
    <testcase name="Equals (313)" classname="spec_perl_TestSwitchManualEnumInvalid_t" time="0.0003509521484375" />
    <testcase name="Equals (314)" classname="spec_perl_TestSwitchManualEnumInvalid_t" time="9.79900360107422e-05" />
    <testcase name="nil (314)" classname="spec_perl_TestSwitchManualEnumInvalid_t" time="5.19752502441406e-05" />
    <testcase name="Equals (315)" classname="spec_perl_TestSwitchManualEnumInvalid_t" time="5.81741333007812e-05" />
    <testcase name="nil (315)" classname="spec_perl_TestSwitchManualEnumInvalid_t" time="5.79357147216797e-05" />
  </testsuite>
  <testsuite name="spec_perl_TestExpr2_t" errors="0" failures="0" skipped="0" tests="17" time="0.0508649349212646">
    <system-out>1..17
ok 1 - Equals
ok 2 - Equals
ok 3 - Equals
ok 4 - Equals
ok 5 - Equals
ok 6 - Equals
ok 7 - Equals
ok 8 - Equals
ok 9 - Equals
ok 10 - Equals
ok 11 - Equals
ok 12 - Equals
ok 13 - Equals
ok 14 - Equals
ok 15 - Equals
ok 16 - Equals
ok 17 - Equals
</system-out>
    <testcase name="Equals (316)" classname="spec_perl_TestExpr2_t" time="0.000664949417114258" />
    <testcase name="Equals (317)" classname="spec_perl_TestExpr2_t" time="0.000108003616333008" />
    <testcase name="Equals (318)" classname="spec_perl_TestExpr2_t" time="6.89029693603516e-05" />
    <testcase name="Equals (319)" classname="spec_perl_TestExpr2_t" time="5.79357147216797e-05" />
    <testcase name="Equals (320)" classname="spec_perl_TestExpr2_t" time="0.000261068344116211" />
    <testcase name="Equals (321)" classname="spec_perl_TestExpr2_t" time="0.000198125839233398" />
    <testcase name="Equals (322)" classname="spec_perl_TestExpr2_t" time="0.000133037567138672" />
    <testcase name="Equals (323)" classname="spec_perl_TestExpr2_t" time="0.000169992446899414" />
    <testcase name="Equals (324)" classname="spec_perl_TestExpr2_t" time="0.00017094612121582" />
    <testcase name="Equals (325)" classname="spec_perl_TestExpr2_t" time="0.000113964080810547" />
    <testcase name="Equals (326)" classname="spec_perl_TestExpr2_t" time="0.000151872634887695" />
    <testcase name="Equals (327)" classname="spec_perl_TestExpr2_t" time="0.0001220703125" />
    <testcase name="Equals (328)" classname="spec_perl_TestExpr2_t" time="0.000163078308105469" />
    <testcase name="Equals (329)" classname="spec_perl_TestExpr2_t" time="0.000159025192260742" />
    <testcase name="Equals (330)" classname="spec_perl_TestExpr2_t" time="0.000114917755126953" />
    <testcase name="Equals (331)" classname="spec_perl_TestExpr2_t" time="0.000154018402099609" />
    <testcase name="Equals (332)" classname="spec_perl_TestExpr2_t" time="0.000149011611938477" />
  </testsuite>
  <testsuite name="spec_perl_TestProcessCoerceBytes_t" errors="0" failures="0" skipped="0" tests="4" time="0.0506300926208496">
    <system-out>1..4
ok 1 - Equals
ok 2 - Equals
ok 3 - Equals
ok 4 - Equals
</system-out>
    <testcase name="Equals (333)" classname="spec_perl_TestProcessCoerceBytes_t" time="0.000477075576782227" />
    <testcase name="Equals (334)" classname="spec_perl_TestProcessCoerceBytes_t" time="0.000100851058959961" />
    <testcase name="Equals (335)" classname="spec_perl_TestProcessCoerceBytes_t" time="6.00814819335938e-05" />
    <testcase name="Equals (336)" classname="spec_perl_TestProcessCoerceBytes_t" time="7.00950622558594e-05" />
  </testsuite>
  <testsuite name="spec_perl_TestEnumDeepLiterals_t" errors="0" failures="0" skipped="0" tests="2" time="0.0456078052520752">
    <system-out>1..2
ok 1 - Equals
ok 2 - Equals
</system-out>
    <testcase name="Equals (337)" classname="spec_perl_TestEnumDeepLiterals_t" time="0.00024104118347168" />
    <testcase name="Equals (338)" classname="spec_perl_TestEnumDeepLiterals_t" time="7.70092010498047e-05" />
  </testsuite>
  <testsuite name="spec_perl_TestNestedSameName_t" errors="0" failures="0" skipped="0" tests="2" time="0.044550895690918">
    <system-out>1..2
ok 1 - Equals
ok 2 - Equals
</system-out>
    <testcase name="Equals (339)" classname="spec_perl_TestNestedSameName_t" time="0.000260829925537109" />
    <testcase name="Equals (340)" classname="spec_perl_TestNestedSameName_t" time="7.51018524169922e-05" />
  </testsuite>
  <testsuite name="spec_perl_TestSwitchManualInt_t" errors="0" failures="0" skipped="0" tests="9" time="0.053239107131958">
    <system-out>1..9
ok 1 - Equals
ok 2 - Equals
ok 3 - Equals
ok 4 - Equals
ok 5 - Equals
ok 6 - Equals
ok 7 - Equals
ok 8 - Equals
ok 9 - Equals
</system-out>
    <testcase name="Equals (341)" classname="spec_perl_TestSwitchManualInt_t" time="0.000368118286132812" />
    <testcase name="Equals (342)" classname="spec_perl_TestSwitchManualInt_t" time="8.48770141601562e-05" />
    <testcase name="Equals (343)" classname="spec_perl_TestSwitchManualInt_t" time="7.70092010498047e-05" />
    <testcase name="Equals (344)" classname="spec_perl_TestSwitchManualInt_t" time="0.000155925750732422" />
    <testcase name="Equals (345)" classname="spec_perl_TestSwitchManualInt_t" time="0.000126123428344727" />
    <testcase name="Equals (346)" classname="spec_perl_TestSwitchManualInt_t" time="0.000137090682983398" />
    <testcase name="Equals (347)" classname="spec_perl_TestSwitchManualInt_t" time="0.000127792358398438" />
    <testcase name="Equals (348)" classname="spec_perl_TestSwitchManualInt_t" time="0.000145196914672852" />
    <testcase name="Equals (349)" classname="spec_perl_TestSwitchManualInt_t" time="0.000125885009765625" />
  </testsuite>
  <testsuite name="spec_perl_TestMetaTags_t" errors="0" failures="0" skipped="1" tests="1" time="0.0456230640411377">
    <system-out>1..1
ok 1 # skip MetaTags=HASH(0x2b80ea0)
</system-out>
    <testcase name="Unnamed test case 349" classname="spec_perl_TestMetaTags_t" time="0.0012969970703125">
      <skipped message="ok 1 # skip MetaTags=HASH(0x2b80ea0)" />
    </testcase>
  </testsuite>
  <testsuite name="spec_perl_TestDefaultBigEndian_t" errors="0" failures="0" skipped="0" tests="1" time="0.0562958717346191">
    <system-out>1..1
ok 1 - Equals
</system-out>
    <testcase name="Equals (350)" classname="spec_perl_TestDefaultBigEndian_t" time="0.000222206115722656" />
  </testsuite>
  <testsuite name="spec_perl_TestEnumOfValueInst_t" errors="0" failures="0" skipped="0" tests="4" time="0.04671311378479">
    <system-out>1..4
ok 1 - Equals
ok 2 - Equals
ok 3 - Equals
ok 4 - Equals
</system-out>
    <testcase name="Equals (351)" classname="spec_perl_TestEnumOfValueInst_t" time="0.00029301643371582" />
    <testcase name="Equals (352)" classname="spec_perl_TestEnumOfValueInst_t" time="8.91685485839844e-05" />
    <testcase name="Equals (353)" classname="spec_perl_TestEnumOfValueInst_t" time="9.29832458496094e-05" />
    <testcase name="Equals (354)" classname="spec_perl_TestEnumOfValueInst_t" time="0.000155925750732422" />
  </testsuite>
  <testsuite name="spec_perl_TestFixedStruct_t" errors="1" failures="0" skipped="0" tests="0" time="0.0481600761413574">
    <system-out></system-out>
    <testcase name="Test died too soon, even before plan. (354)" classname="spec_perl_TestFixedStruct_t" time="0.0481600761413574">
      <failure message="The test suite died before a plan was produced. You need to have a plan." type="Plan">No plan</failure>
    </testcase>
  </testsuite>
  <testsuite name="spec_perl_TestIndexToParamEos_t" errors="0" failures="2" skipped="0" tests="7" time="0.0619990825653076">
    <system-out>1..7
ok 1 - Equals
ok 2 - Equals
ok 3 - Equals
ok 4 - Equals
ok 5 - Equals
not ok 6 - Equals
not ok 7 - Equals
</system-out>
    <testcase name="Equals (355)" classname="spec_perl_TestIndexToParamEos_t" time="0.0103871822357178" />
    <testcase name="Equals (356)" classname="spec_perl_TestIndexToParamEos_t" time="0.000116825103759766" />
    <testcase name="Equals (357)" classname="spec_perl_TestIndexToParamEos_t" time="4.00543212890625e-05" />
    <testcase name="Equals (358)" classname="spec_perl_TestIndexToParamEos_t" time="3.69548797607422e-05" />
    <testcase name="Equals (359)" classname="spec_perl_TestIndexToParamEos_t" time="3.60012054443359e-05" />
    <testcase name="Equals (360)" classname="spec_perl_TestIndexToParamEos_t" time="5.10215759277344e-05">
      <failure message="not ok 6 - Equals" type="TAP::Parser::Result::Test"></failure>
    </testcase>
    <testcase name="Equals (361)" classname="spec_perl_TestIndexToParamEos_t" time="3.91006469726562e-05">
      <failure message="not ok 7 - Equals" type="TAP::Parser::Result::Test"></failure>
    </testcase>
  </testsuite>
  <testsuite name="spec_perl_TestValidSwitch_t" errors="1" failures="0" skipped="0" tests="0" time="0.0597450733184814">
    <system-out></system-out>
    <testcase name="Test died too soon, even before plan. (361)" classname="spec_perl_TestValidSwitch_t" time="0.0597450733184814">
      <failure message="The test suite died before a plan was produced. You need to have a plan." type="Plan">No plan</failure>
    </testcase>
  </testsuite>
  <testsuite name="spec_perl_TestProcessXorConst_t" errors="0" failures="0" skipped="0" tests="2" time="0.0460278987884521">
    <system-out>1..2
ok 1 - Equals
ok 2 - Equals
</system-out>
    <testcase name="Equals (362)" classname="spec_perl_TestProcessXorConst_t" time="0.000307083129882812" />
    <testcase name="Equals (363)" classname="spec_perl_TestProcessXorConst_t" time="8.10623168945312e-05" />
  </testsuite>
  <testsuite name="spec_perl_TestTypeTernaryOpaque_t" errors="0" failures="0" skipped="0" tests="3" time="0.051630973815918">
    <system-out>1..3
ok 1 - Equals
ok 2 - Equals
ok 3 - Equals
</system-out>
    <testcase name="Equals (364)" classname="spec_perl_TestTypeTernaryOpaque_t" time="0.000786066055297852" />
    <testcase name="Equals (365)" classname="spec_perl_TestTypeTernaryOpaque_t" time="0.000104904174804688" />
    <testcase name="Equals (366)" classname="spec_perl_TestTypeTernaryOpaque_t" time="4.41074371337891e-05" />
  </testsuite>
  <testsuite name="spec_perl_TestNestedTypes2_t" errors="0" failures="0" skipped="0" tests="7" time="0.0488100051879883">
    <system-out>1..7
ok 1 - Equals
ok 2 - Equals
ok 3 - Equals
ok 4 - Equals
ok 5 - Equals
ok 6 - Equals
ok 7 - Equals
</system-out>
    <testcase name="Equals (367)" classname="spec_perl_TestNestedTypes2_t" time="0.000307083129882812" />
    <testcase name="Equals (368)" classname="spec_perl_TestNestedTypes2_t" time="8.51154327392578e-05" />
    <testcase name="Equals (369)" classname="spec_perl_TestNestedTypes2_t" time="0.000159978866577148" />
    <testcase name="Equals (370)" classname="spec_perl_TestNestedTypes2_t" time="0.000129938125610352" />
    <testcase name="Equals (371)" classname="spec_perl_TestNestedTypes2_t" time="0.000127077102661133" />
    <testcase name="Equals (372)" classname="spec_perl_TestNestedTypes2_t" time="0.000136852264404297" />
    <testcase name="Equals (373)" classname="spec_perl_TestNestedTypes2_t" time="0.000113964080810547" />
  </testsuite>
  <testsuite name="spec_perl_TestDebugSwitchUser_t" errors="1" failures="0" skipped="0" tests="0" time="0.0514519214630127">
    <system-out></system-out>
    <testcase name="Test died too soon, even before plan. (373)" classname="spec_perl_TestDebugSwitchUser_t" time="0.0514519214630127">
      <failure message="The test suite died before a plan was produced. You need to have a plan." type="Plan">No plan</failure>
    </testcase>
  </testsuite>
  <testsuite name="spec_perl_TestNavParentFalse_t" errors="0" failures="0" skipped="0" tests="5" time="0.044935941696167">
    <system-out>1..5
ok 1 - Equals
ok 2 - Equals
ok 3 - Equals
ok 4 - Equals
ok 5 - Equals
</system-out>
    <testcase name="Equals (374)" classname="spec_perl_TestNavParentFalse_t" time="0.000566005706787109" />
    <testcase name="Equals (375)" classname="spec_perl_TestNavParentFalse_t" time="9.67979431152344e-05" />
    <testcase name="Equals (376)" classname="spec_perl_TestNavParentFalse_t" time="5.91278076171875e-05" />
    <testcase name="Equals (377)" classname="spec_perl_TestNavParentFalse_t" time="0.00020289421081543" />
    <testcase name="Equals (378)" classname="spec_perl_TestNavParentFalse_t" time="9.51290130615234e-05" />
  </testsuite>
  <testsuite name="spec_perl_TestEnum0_t" errors="0" failures="0" skipped="0" tests="2" time="0.0462081432342529">
    <system-out>1..2
ok 1 - Equals
ok 2 - Equals
</system-out>
    <testcase name="Equals (379)" classname="spec_perl_TestEnum0_t" time="0.000250816345214844" />
    <testcase name="Equals (380)" classname="spec_perl_TestEnum0_t" time="7.91549682617188e-05" />
  </testsuite>
  <testsuite name="spec_perl_TestNavParent_t" errors="0" failures="0" skipped="0" tests="5" time="0.0522298812866211">
    <system-out>1..5
ok 1 - Equals
ok 2 - Equals
ok 3 - Equals
ok 4 - Equals
ok 5 - Equals
</system-out>
    <testcase name="Equals (381)" classname="spec_perl_TestNavParent_t" time="0.000391006469726562" />
    <testcase name="Equals (382)" classname="spec_perl_TestNavParent_t" time="9.67979431152344e-05" />
    <testcase name="Equals (383)" classname="spec_perl_TestNavParent_t" time="0.000196218490600586" />
    <testcase name="Equals (384)" classname="spec_perl_TestNavParent_t" time="0.000149965286254883" />
    <testcase name="Equals (385)" classname="spec_perl_TestNavParent_t" time="0.000166893005371094" />
  </testsuite>
  <testsuite name="spec_perl_TestExprBits_t" errors="0" failures="0" skipped="0" tests="10" time="0.0486340522766113">
    <system-out>1..10
ok 1 - Equals
ok 2 - Equals
ok 3 - Equals
ok 4 - Equals
ok 5 - Equals
ok 6 - Equals
ok 7 - Equals
ok 8 - Equals
ok 9 - Equals
ok 10 - Equals
</system-out>
    <testcase name="Equals (386)" classname="spec_perl_TestExprBits_t" time="0.000298976898193359" />
    <testcase name="Equals (387)" classname="spec_perl_TestExprBits_t" time="8.41617584228516e-05" />
    <testcase name="Equals (388)" classname="spec_perl_TestExprBits_t" time="8.29696655273438e-05" />
    <testcase name="Equals (389)" classname="spec_perl_TestExprBits_t" time="0.000226020812988281" />
    <testcase name="Equals (390)" classname="spec_perl_TestExprBits_t" time="0.000105857849121094" />
    <testcase name="Equals (391)" classname="spec_perl_TestExprBits_t" time="0.000155925750732422" />
    <testcase name="Equals (392)" classname="spec_perl_TestExprBits_t" time="0.000114202499389648" />
    <testcase name="Equals (393)" classname="spec_perl_TestExprBits_t" time="0.000149965286254883" />
    <testcase name="Equals (394)" classname="spec_perl_TestExprBits_t" time="0.000110864639282227" />
    <testcase name="Equals (395)" classname="spec_perl_TestExprBits_t" time="0.000161170959472656" />
  </testsuite>
  <testsuite name="spec_perl_TestStrLiterals_t" errors="0" failures="0" skipped="0" tests="5" time="0.0466451644897461">
    <system-out>1..5
ok 1 - Equals
ok 2 - Equals
ok 3 - Equals
ok 4 - Equals
ok 5 - Equals
</system-out>
    <testcase name="Equals (396)" classname="spec_perl_TestStrLiterals_t" time="0.000262975692749023" />
    <testcase name="Equals (397)" classname="spec_perl_TestStrLiterals_t" time="8.20159912109375e-05" />
    <testcase name="Equals (398)" classname="spec_perl_TestStrLiterals_t" time="0.000149011611938477" />
    <testcase name="Equals (399)" classname="spec_perl_TestStrLiterals_t" time="0.000151157379150391" />
    <testcase name="Equals (400)" classname="spec_perl_TestStrLiterals_t" time="0.000166893005371094" />
  </testsuite>
  <testsuite name="spec_perl_TestEofExceptionU4_t" errors="0" failures="0" skipped="0" tests="1" time="0.0524308681488037">
    <system-out>1..1
ok 1 - Died
</system-out>
    <testcase name="Died (400)" classname="spec_perl_TestEofExceptionU4_t" time="0.000198841094970703" />
  </testsuite>
  <testsuite name="spec_perl_TestNavParentFalse2_t" errors="0" failures="0" skipped="0" tests="1" time="0.0547919273376465">
    <system-out>1..1
ok 1 - Equals
</system-out>
    <testcase name="Equals (401)" classname="spec_perl_TestNavParentFalse2_t" time="0.000473976135253906" />
  </testsuite>
  <testsuite name="spec_perl_TestExpr1_t" errors="0" failures="0" skipped="0" tests="4" time="0.0498840808868408">
    <system-out>1..4
ok 1 - Equals
ok 2 - Equals
ok 3 - Equals
ok 4 - Equals
</system-out>
    <testcase name="Equals (402)" classname="spec_perl_TestExpr1_t" time="0.000272035598754883" />
    <testcase name="Equals (403)" classname="spec_perl_TestExpr1_t" time="7.91549682617188e-05" />
    <testcase name="Equals (404)" classname="spec_perl_TestExpr1_t" time="0.000111818313598633" />
    <testcase name="Equals (405)" classname="spec_perl_TestExpr1_t" time="0.000152111053466797" />
  </testsuite>
  <testsuite name="spec_perl_TestYamlInts_t" errors="0" failures="0" skipped="0" tests="4" time="0.066709041595459">
    <system-out>1..4
ok 1 - Equals
ok 2 - Equals
ok 3 - Equals
ok 4 - Equals
</system-out>
    <testcase name="Equals (406)" classname="spec_perl_TestYamlInts_t" time="0.00234889984130859" />
    <testcase name="Equals (407)" classname="spec_perl_TestYamlInts_t" time="0.00101900100708008" />
    <testcase name="Equals (408)" classname="spec_perl_TestYamlInts_t" time="0.00076603889465332" />
    <testcase name="Equals (409)" classname="spec_perl_TestYamlInts_t" time="0.000563144683837891" />
  </testsuite>
  <testsuite name="spec_perl_TestCastToTop_t" errors="0" failures="0" skipped="0" tests="3" time="0.0452840328216553">
    <system-out>1..3
ok 1 - Equals
ok 2 - Equals
ok 3 - Equals
</system-out>
    <testcase name="Equals (410)" classname="spec_perl_TestCastToTop_t" time="0.000260114669799805" />
    <testcase name="Equals (411)" classname="spec_perl_TestCastToTop_t" time="0.000137805938720703" />
    <testcase name="Equals (412)" classname="spec_perl_TestCastToTop_t" time="0.000151157379150391" />
  </testsuite>
  <testsuite name="spec_perl_TestDebug0_t" errors="0" failures="0" skipped="1" tests="1" time="0.0452361106872559">
    <system-out>1..1
ok 1 # skip test_debug_0
</system-out>
    <testcase name="Unnamed test case 412" classname="spec_perl_TestDebug0_t" time="0.000297069549560547">
      <skipped message="ok 1 # skip test_debug_0" />
    </testcase>
  </testsuite>
  <testsuite name="spec_perl_TestSwitchManualStr_t" errors="0" failures="0" skipped="0" tests="9" time="0.0549290180206299">
    <system-out>1..9
ok 1 - Equals
ok 2 - Equals
ok 3 - Equals
ok 4 - Equals
ok 5 - Equals
ok 6 - Equals
ok 7 - Equals
ok 8 - Equals
ok 9 - Equals
</system-out>
    <testcase name="Equals (413)" classname="spec_perl_TestSwitchManualStr_t" time="0.000658988952636719" />
    <testcase name="Equals (414)" classname="spec_perl_TestSwitchManualStr_t" time="0.000128984451293945" />
    <testcase name="Equals (415)" classname="spec_perl_TestSwitchManualStr_t" time="4.88758087158203e-05" />
    <testcase name="Equals (416)" classname="spec_perl_TestSwitchManualStr_t" time="5.69820404052734e-05" />
    <testcase name="Equals (417)" classname="spec_perl_TestSwitchManualStr_t" time="9.70363616943359e-05" />
    <testcase name="Equals (418)" classname="spec_perl_TestSwitchManualStr_t" time="0.000175952911376953" />
    <testcase name="Equals (419)" classname="spec_perl_TestSwitchManualStr_t" time="7.10487365722656e-05" />
    <testcase name="Equals (420)" classname="spec_perl_TestSwitchManualStr_t" time="0.000151157379150391" />
    <testcase name="Equals (421)" classname="spec_perl_TestSwitchManualStr_t" time="0.000114917755126953" />
  </testsuite>
  <testsuite name="spec_perl_TestProcessXor4Const_t" errors="0" failures="0" skipped="0" tests="2" time="0.0460431575775146">
    <system-out>1..2
ok 1 - Equals
ok 2 - Equals
</system-out>
    <testcase name="Equals (422)" classname="spec_perl_TestProcessXor4Const_t" time="0.000368118286132812" />
    <testcase name="Equals (423)" classname="spec_perl_TestProcessXor4Const_t" time="0.00010991096496582" />
  </testsuite>
  <testsuite name="spec_perl_TestEosExceptionBytes_t" errors="0" failures="0" skipped="0" tests="1" time="0.0535979270935059">
    <system-out>1..1
ok 1 - Died
</system-out>
    <testcase name="Died (423)" classname="spec_perl_TestEosExceptionBytes_t" time="0.000663995742797852" />
  </testsuite>
  <testsuite name="spec_perl_TestProcessCustom_t" errors="1" failures="0" skipped="0" tests="0" time="0.048043966293335">
    <system-out></system-out>
    <testcase name="Test died too soon, even before plan. (423)" classname="spec_perl_TestProcessCustom_t" time="0.048043966293335">
      <failure message="The test suite died before a plan was produced. You need to have a plan." type="Plan">No plan</failure>
    </testcase>
  </testsuite>
  <testsuite name="spec_perl_TestSwitchIntegers2_t" errors="0" failures="0" skipped="0" tests="5" time="0.0465018749237061">
    <system-out>1..5
ok 1 - Equals
ok 2 - Equals
ok 3 - Equals
ok 4 - Equals
ok 5 - Equals
</system-out>
    <testcase name="Equals (424)" classname="spec_perl_TestSwitchIntegers2_t" time="0.000197172164916992" />
    <testcase name="Equals (425)" classname="spec_perl_TestSwitchIntegers2_t" time="7.20024108886719e-05" />
    <testcase name="Equals (426)" classname="spec_perl_TestSwitchIntegers2_t" time="0.000150918960571289" />
    <testcase name="Equals (427)" classname="spec_perl_TestSwitchIntegers2_t" time="0.000118017196655273" />
    <testcase name="Equals (428)" classname="spec_perl_TestSwitchIntegers2_t" time="0.000138044357299805" />
  </testsuite>
  <testsuite name="spec_perl_TestDefaultEndianExprIsLe_t" errors="0" failures="0" skipped="0" tests="12" time="0.0461699962615967">
    <system-out>1..12
ok 1 - Equals
ok 2 - Equals
ok 3 - Equals
ok 4 - Equals
ok 5 - Equals
ok 6 - Equals
ok 7 - Equals
ok 8 - Equals
ok 9 - Equals
ok 10 - Equals
ok 11 - Equals
ok 12 - Equals
</system-out>
    <testcase name="Equals (429)" classname="spec_perl_TestDefaultEndianExprIsLe_t" time="0.000279903411865234" />
    <testcase name="Equals (430)" classname="spec_perl_TestDefaultEndianExprIsLe_t" time="8.10623168945312e-05" />
    <testcase name="Equals (431)" classname="spec_perl_TestDefaultEndianExprIsLe_t" time="0.000123023986816406" />
    <testcase name="Equals (432)" classname="spec_perl_TestDefaultEndianExprIsLe_t" time="0.000133991241455078" />
    <testcase name="Equals (433)" classname="spec_perl_TestDefaultEndianExprIsLe_t" time="0.000130891799926758" />
    <testcase name="Equals (434)" classname="spec_perl_TestDefaultEndianExprIsLe_t" time="0.00012516975402832" />
    <testcase name="Equals (435)" classname="spec_perl_TestDefaultEndianExprIsLe_t" time="0.000145912170410156" />
    <testcase name="Equals (436)" classname="spec_perl_TestDefaultEndianExprIsLe_t" time="0.0001220703125" />
    <testcase name="Equals (437)" classname="spec_perl_TestDefaultEndianExprIsLe_t" time="0.000140905380249023" />
    <testcase name="Equals (438)" classname="spec_perl_TestDefaultEndianExprIsLe_t" time="0.000152111053466797" />
    <testcase name="Equals (439)" classname="spec_perl_TestDefaultEndianExprIsLe_t" time="0.000124931335449219" />
    <testcase name="Equals (440)" classname="spec_perl_TestDefaultEndianExprIsLe_t" time="0.0001220703125" />
  </testsuite>
  <testsuite name="spec_perl_TestNavRoot_t" errors="0" failures="0" skipped="0" tests="5" time="0.0494589805603027">
    <system-out>1..5
ok 1 - Equals
ok 2 - Equals
ok 3 - Equals
ok 4 - Equals
ok 5 - Equals
</system-out>
    <testcase name="Equals (441)" classname="spec_perl_TestNavRoot_t" time="0.000387191772460938" />
    <testcase name="Equals (442)" classname="spec_perl_TestNavRoot_t" time="9.17911529541016e-05" />
[...]
    <testcase name="Equals (691)" classname="spec_perl_TestEnumLongRangeS_t" time="0.00018620491027832" />
    <testcase name="Equals (692)" classname="spec_perl_TestEnumLongRangeS_t" time="0.000100851058959961" />
    <testcase name="Equals (693)" classname="spec_perl_TestEnumLongRangeS_t" time="0.000159978866577148" />
  </testsuite>
  <testsuite name="spec_perl_TestSwitchManualStrElse_t" errors="0" failures="0" skipped="0" tests="9" time="0.0530080795288086">
    <system-out>1..9
ok 1 - Equals
ok 2 - Equals
ok 3 - Equals
ok 4 - Equals
ok 5 - Equals
ok 6 - Equals
ok 7 - Equals
ok 8 - Equals
ok 9 - Equals
</system-out>
    <testcase name="Equals (694)" classname="spec_perl_TestSwitchManualStrElse_t" time="0.000383138656616211" />
    <testcase name="Equals (695)" classname="spec_perl_TestSwitchManualStrElse_t" time="8.79764556884766e-05" />
    <testcase name="Equals (696)" classname="spec_perl_TestSwitchManualStrElse_t" time="5.98430633544922e-05" />
    <testcase name="Equals (697)" classname="spec_perl_TestSwitchManualStrElse_t" time="0.000162124633789062" />
    <testcase name="Equals (698)" classname="spec_perl_TestSwitchManualStrElse_t" time="9.89437103271484e-05" />
    <testcase name="Equals (699)" classname="spec_perl_TestSwitchManualStrElse_t" time="0.000134944915771484" />
    <testcase name="Equals (700)" classname="spec_perl_TestSwitchManualStrElse_t" time="0.000154018402099609" />
    <testcase name="Equals (701)" classname="spec_perl_TestSwitchManualStrElse_t" time="0.000138998031616211" />
    <testcase name="Equals (702)" classname="spec_perl_TestSwitchManualStrElse_t" time="0.000162124633789062" />
  </testsuite>
  <testsuite name="spec_perl_TestRepeatUntilSized_t" errors="0" failures="0" skipped="0" tests="7" time="0.0465970039367676">
    <system-out>1..7
ok 1 - Equals
ok 2 - Equals
ok 3 - Equals
ok 4 - Equals
ok 5 - Equals
ok 6 - Equals
ok 7 - Equals
</system-out>
    <testcase name="Equals (703)" classname="spec_perl_TestRepeatUntilSized_t" time="0.000706911087036133" />
    <testcase name="Equals (704)" classname="spec_perl_TestRepeatUntilSized_t" time="0.000107049942016602" />
    <testcase name="Equals (705)" classname="spec_perl_TestRepeatUntilSized_t" time="4.88758087158203e-05" />
    <testcase name="Equals (706)" classname="spec_perl_TestRepeatUntilSized_t" time="5.81741333007812e-05" />
    <testcase name="Equals (707)" classname="spec_perl_TestRepeatUntilSized_t" time="0.000159025192260742" />
    <testcase name="Equals (708)" classname="spec_perl_TestRepeatUntilSized_t" time="0.000127792358398438" />
    <testcase name="Equals (709)" classname="spec_perl_TestRepeatUntilSized_t" time="0.000119209289550781" />
  </testsuite>
  <testsuite name="spec_perl_TestIfStruct_t" errors="0" failures="0" skipped="0" tests="7" time="0.0506839752197266">
    <system-out>1..7
ok 1 - Equals
ok 2 - Equals
ok 3 - Equals
ok 4 - Equals
ok 5 - Equals
ok 6 - Equals
ok 7 - Equals
</system-out>
    <testcase name="Equals (710)" classname="spec_perl_TestIfStruct_t" time="0.000406980514526367" />
    <testcase name="Equals (711)" classname="spec_perl_TestIfStruct_t" time="9.51290130615234e-05" />
    <testcase name="Equals (712)" classname="spec_perl_TestIfStruct_t" time="6.29425048828125e-05" />
    <testcase name="Equals (713)" classname="spec_perl_TestIfStruct_t" time="0.000115871429443359" />
    <testcase name="Equals (714)" classname="spec_perl_TestIfStruct_t" time="0.000138044357299805" />
    <testcase name="Equals (715)" classname="spec_perl_TestIfStruct_t" time="0.000138044357299805" />
    <testcase name="Equals (716)" classname="spec_perl_TestIfStruct_t" time="0.00014495849609375" />
  </testsuite>
  <testsuite name="spec_perl_TestEosExceptionU4_t" errors="0" failures="0" skipped="0" tests="1" time="0.0553760528564453">
    <system-out>1..1
ok 1 - Died
</system-out>
    <testcase name="Died (716)" classname="spec_perl_TestEosExceptionU4_t" time="0.000977039337158203" />
  </testsuite>
  <testsuite name="spec_perl_TestExpr0_t" errors="0" failures="0" skipped="0" tests="2" time="0.0543971061706543">
    <system-out>1..2
ok 1 - Equals
ok 2 - Equals
</system-out>
    <testcase name="Equals (717)" classname="spec_perl_TestExpr0_t" time="0.000543832778930664" />
    <testcase name="Equals (718)" classname="spec_perl_TestExpr0_t" time="0.000117063522338867" />
  </testsuite>
  <testsuite name="spec_perl_TestIndexSizes_t" errors="0" failures="0" skipped="0" tests="7" time="0.0478229522705078">
    <system-out>1..7
ok 1 - Equals
ok 2 - Equals
ok 3 - Equals
ok 4 - Equals
ok 5 - Equals
ok 6 - Equals
ok 7 - Equals
</system-out>
    <testcase name="Equals (719)" classname="spec_perl_TestIndexSizes_t" time="0.000329017639160156" />
    <testcase name="Equals (720)" classname="spec_perl_TestIndexSizes_t" time="8.67843627929688e-05" />
    <testcase name="Equals (721)" classname="spec_perl_TestIndexSizes_t" time="8.70227813720703e-05" />
    <testcase name="Equals (722)" classname="spec_perl_TestIndexSizes_t" time="0.000141143798828125" />
    <testcase name="Equals (723)" classname="spec_perl_TestIndexSizes_t" time="0.000128030776977539" />
    <testcase name="Equals (724)" classname="spec_perl_TestIndexSizes_t" time="0.000118017196655273" />
    <testcase name="Equals (725)" classname="spec_perl_TestIndexSizes_t" time="0.000146865844726562" />
  </testsuite>
  <testsuite name="spec_perl_TestRepeatNStruct_t" errors="0" failures="0" skipped="0" tests="5" time="0.046259880065918">
    <system-out>1..5
ok 1 - Equals
ok 2 - Equals
ok 3 - Equals
ok 4 - Equals
ok 5 - Equals
</system-out>
    <testcase name="Equals (726)" classname="spec_perl_TestRepeatNStruct_t" time="0.000235795974731445" />
    <testcase name="Equals (727)" classname="spec_perl_TestRepeatNStruct_t" time="7.70092010498047e-05" />
    <testcase name="Equals (728)" classname="spec_perl_TestRepeatNStruct_t" time="0.000147104263305664" />
    <testcase name="Equals (729)" classname="spec_perl_TestRepeatNStruct_t" time="0.000135898590087891" />
    <testcase name="Equals (730)" classname="spec_perl_TestRepeatNStruct_t" time="0.000114202499389648" />
  </testsuite>
  <testsuite name="spec_perl_TestProcessXor4Value_t" errors="0" failures="0" skipped="0" tests="2" time="0.0449469089508057">
    <system-out>1..2
ok 1 - Equals
ok 2 - Equals
</system-out>
    <testcase name="Equals (731)" classname="spec_perl_TestProcessXor4Value_t" time="0.00032806396484375" />
    <testcase name="Equals (732)" classname="spec_perl_TestProcessXor4Value_t" time="8.41617584228516e-05" />
  </testsuite>
  <testsuite name="spec_perl_TestCastNested_t" errors="0" failures="0" skipped="0" tests="4" time="0.0493788719177246">
    <system-out>1..4
ok 1 - Equals
ok 2 - Equals
ok 3 - Equals
ok 4 - Equals
</system-out>
    <testcase name="Equals (733)" classname="spec_perl_TestCastNested_t" time="0.000365018844604492" />
    <testcase name="Equals (734)" classname="spec_perl_TestCastNested_t" time="8.10623168945312e-05" />
    <testcase name="Equals (735)" classname="spec_perl_TestCastNested_t" time="0.000116825103759766" />
    <testcase name="Equals (736)" classname="spec_perl_TestCastNested_t" time="0.00015711784362793" />
  </testsuite>
  <testsuite name="spec_perl_TestBufferedStruct_t" errors="0" failures="0" skipped="0" tests="7" time="0.0464460849761963">
    <system-out>1..7
ok 1 - Equals
ok 2 - Equals
ok 3 - Equals
ok 4 - Equals
ok 5 - Equals
ok 6 - Equals
ok 7 - Equals
</system-out>
    <testcase name="Equals (737)" classname="spec_perl_TestBufferedStruct_t" time="0.000597953796386719" />
    <testcase name="Equals (738)" classname="spec_perl_TestBufferedStruct_t" time="9.70363616943359e-05" />
    <testcase name="Equals (739)" classname="spec_perl_TestBufferedStruct_t" time="5.79357147216797e-05" />
    <testcase name="Equals (740)" classname="spec_perl_TestBufferedStruct_t" time="0.000120878219604492" />
    <testcase name="Equals (741)" classname="spec_perl_TestBufferedStruct_t" time="0.000140190124511719" />
    <testcase name="Equals (742)" classname="spec_perl_TestBufferedStruct_t" time="0.000126838684082031" />
    <testcase name="Equals (743)" classname="spec_perl_TestBufferedStruct_t" time="0.000132083892822266" />
  </testsuite>
  <testsuite name="spec_perl_TestParamsPassArrayStr_t" errors="0" failures="1" skipped="6" tests="7" time="0.0659449100494385">
    <system-out>1..7
not ok 1 - test_params_pass_array_str died (Can't use an undefined value as an ARRAY reference at spec/perl/TestParamsPassArrayStr.t line 15.)
ok 2 # skip test_params_pass_array_str died
ok 3 # skip test_params_pass_array_str died
ok 4 # skip test_params_pass_array_str died
ok 5 # skip test_params_pass_array_str died
ok 6 # skip test_params_pass_array_str died
ok 7 # skip test_params_pass_array_str died
</system-out>
    <testcase name="test_params_pass_array_str died (Can't use an undefined value as an ARRAY reference at spec/perl/TestParamsPassArrayStr.t line 15.) (743)" classname="spec_perl_TestParamsPassArrayStr_t" time="0.000190973281860352">
      <failure message="not ok 1 - test_params_pass_array_str died (Can't use an undefined value as an ARRAY reference at spec/perl/TestParamsPassArrayStr.t line 15.)" type="TAP::Parser::Result::Test"></failure>
    </testcase>
    <testcase name="Unnamed test case 743" classname="spec_perl_TestParamsPassArrayStr_t" time="0.000108957290649414">
      <skipped message="ok 2 # skip test_params_pass_array_str died" />
    </testcase>
    <testcase name="Unnamed test case 744" classname="spec_perl_TestParamsPassArrayStr_t" time="4.41074371337891e-05">
      <skipped message="ok 3 # skip test_params_pass_array_str died" />
    </testcase>
    <testcase name="Unnamed test case 745" classname="spec_perl_TestParamsPassArrayStr_t" time="3.79085540771484e-05">
      <skipped message="ok 4 # skip test_params_pass_array_str died" />
    </testcase>
    <testcase name="Unnamed test case 746" classname="spec_perl_TestParamsPassArrayStr_t" time="4.00543212890625e-05">
      <skipped message="ok 5 # skip test_params_pass_array_str died" />
    </testcase>
    <testcase name="Unnamed test case 747" classname="spec_perl_TestParamsPassArrayStr_t" time="3.60012054443359e-05">
      <skipped message="ok 6 # skip test_params_pass_array_str died" />
    </testcase>
    <testcase name="Unnamed test case 748" classname="spec_perl_TestParamsPassArrayStr_t" time="3.48091125488281e-05">
      <skipped message="ok 7 # skip test_params_pass_array_str died" />
    </testcase>
  </testsuite>
  <testsuite name="spec_perl_TestNestedSameName2_t" errors="0" failures="0" skipped="0" tests="5" time="0.0460329055786133">
    <system-out>1..5
ok 1 - Equals
ok 2 - Equals
ok 3 - Equals
ok 4 - Equals
ok 5 - Equals
</system-out>
    <testcase name="Equals (748)" classname="spec_perl_TestNestedSameName2_t" time="0.000319004058837891" />
    <testcase name="Equals (749)" classname="spec_perl_TestNestedSameName2_t" time="8.70227813720703e-05" />
    <testcase name="Equals (750)" classname="spec_perl_TestNestedSameName2_t" time="5.79357147216797e-05" />
    <testcase name="Equals (751)" classname="spec_perl_TestNestedSameName2_t" time="0.000154018402099609" />
    <testcase name="Equals (752)" classname="spec_perl_TestNestedSameName2_t" time="0.000105142593383789" />
  </testsuite>
  <testsuite name="spec_perl_TestMetaXref_t" errors="0" failures="0" skipped="1" tests="1" time="0.0535869598388672">
    <system-out>1..1
ok 1 # skip MetaXref=HASH(0x13c9ab8)
</system-out>
    <testcase name="Unnamed test case 752" classname="spec_perl_TestMetaXref_t" time="0.00200200080871582">
      <skipped message="ok 1 # skip MetaXref=HASH(0x13c9ab8)" />
    </testcase>
  </testsuite>
  <testsuite name="spec_perl_TestParamsPassArrayUsertype_t" errors="0" failures="1" skipped="4" tests="5" time="0.0608270168304443">
    <system-out>1..5
not ok 1 - test_params_pass_array_usertype died (Can't use an undefined value as an ARRAY reference at compiled/perl/ParamsPassArrayUsertype.pm line 123.)
ok 2 # skip test_params_pass_array_usertype died
ok 3 # skip test_params_pass_array_usertype died
ok 4 # skip test_params_pass_array_usertype died
ok 5 # skip test_params_pass_array_usertype died
</system-out>
    <testcase name="test_params_pass_array_usertype died (Can't use an undefined value as an ARRAY reference at compiled/perl/ParamsPassArrayUsertype.pm line 123.) (752)" classname="spec_perl_TestParamsPassArrayUsertype_t" time="0.000403881072998047">
      <failure message="not ok 1 - test_params_pass_array_usertype died (Can't use an undefined value as an ARRAY reference at compiled/perl/ParamsPassArrayUsertype.pm line 123.)" type="TAP::Parser::Result::Test"></failure>
    </testcase>
    <testcase name="Unnamed test case 753" classname="spec_perl_TestParamsPassArrayUsertype_t" time="0.00045013427734375">
      <skipped message="ok 2 # skip test_params_pass_array_usertype died" />
    </testcase>
    <testcase name="Unnamed test case 754" classname="spec_perl_TestParamsPassArrayUsertype_t" time="0.000380992889404297">
      <skipped message="ok 3 # skip test_params_pass_array_usertype died" />
    </testcase>
    <testcase name="Unnamed test case 755" classname="spec_perl_TestParamsPassArrayUsertype_t" time="0.000298023223876953">
      <skipped message="ok 4 # skip test_params_pass_array_usertype died" />
    </testcase>
    <testcase name="Unnamed test case 756" classname="spec_perl_TestParamsPassArrayUsertype_t" time="0.000310897827148438">
      <skipped message="ok 5 # skip test_params_pass_array_usertype died" />
    </testcase>
  </testsuite>
  <testsuite name="spec_perl_TestProcessCustomNoArgs_t" errors="1" failures="0" skipped="0" tests="0" time="0.0491030216217041">
    <system-out></system-out>
    <testcase name="Test died too soon, even before plan. (756)" classname="spec_perl_TestProcessCustomNoArgs_t" time="0.0491030216217041">
      <failure message="The test suite died before a plan was produced. You need to have a plan." type="Plan">No plan</failure>
    </testcase>
  </testsuite>
  <testsuite name="spec_perl_TestZlibWithHeader78_t" errors="0" failures="0" skipped="0" tests="1" time="0.0662500858306885">
    <system-out>1..1
ok 1 - Equals
</system-out>
    <testcase name="Equals (756)" classname="spec_perl_TestZlibWithHeader78_t" time="0.000455856323242188" />
  </testsuite>
  <testsuite name="spec_perl_TestStrEncodings_t" errors="0" failures="0" skipped="0" tests="4" time="0.0696320533752441">
    <system-out>1..4
ok 1 - Equals
ok 2 - Equals
ok 3 - Equals
ok 4 - Equals
</system-out>
    <testcase name="Equals (757)" classname="spec_perl_TestStrEncodings_t" time="0.0212159156799316" />
    <testcase name="Equals (758)" classname="spec_perl_TestStrEncodings_t" time="0.000147104263305664" />
    <testcase name="Equals (759)" classname="spec_perl_TestStrEncodings_t" time="5.19752502441406e-05" />
    <testcase name="Equals (760)" classname="spec_perl_TestStrEncodings_t" time="6.41345977783203e-05" />
  </testsuite>
  <testsuite name="spec_perl_TestParamsCallShort_t" errors="0" failures="3" skipped="0" tests="3" time="0.0746529102325439">
    <system-out>1..3
not ok 1 - Equals
not ok 2 - Equals
not ok 3 - Equals
</system-out>
    <testcase name="Equals (761)" classname="spec_perl_TestParamsCallShort_t" time="0.00668597221374512">
      <failure message="not ok 1 - Equals" type="TAP::Parser::Result::Test"></failure>
    </testcase>
    <testcase name="Equals (762)" classname="spec_perl_TestParamsCallShort_t" time="0.00298404693603516">
      <failure message="not ok 2 - Equals" type="TAP::Parser::Result::Test"></failure>
    </testcase>
    <testcase name="Equals (763)" classname="spec_perl_TestParamsCallShort_t" time="0.00186491012573242">
      <failure message="not ok 3 - Equals" type="TAP::Parser::Result::Test"></failure>
    </testcase>
  </testsuite>
  <testsuite name="spec_perl_TestFloatingPoints_t" errors="0" failures="0" skipped="0" tests="8" time="0.0510678291320801">
    <system-out>1..8
ok 1 - Approx equals
ok 2 - Approx equals
ok 3 - Approx equals
ok 4 - Approx equals
ok 5 - Approx equals
ok 6 - Approx equals
ok 7 - Approx equals
ok 8 - Approx equals
</system-out>
    <testcase name="Approx equals (763)" classname="spec_perl_TestFloatingPoints_t" time="0.000187873840332031" />
    <testcase name="Approx equals (764)" classname="spec_perl_TestFloatingPoints_t" time="5.79357147216797e-05" />
    <testcase name="Approx equals (765)" classname="spec_perl_TestFloatingPoints_t" time="6.50882720947266e-05" />
    <testcase name="Approx equals (766)" classname="spec_perl_TestFloatingPoints_t" time="4.50611114501953e-05" />
    <testcase name="Approx equals (767)" classname="spec_perl_TestFloatingPoints_t" time="4.00543212890625e-05" />
    <testcase name="Approx equals (768)" classname="spec_perl_TestFloatingPoints_t" time="3.88622283935547e-05" />
    <testcase name="Approx equals (769)" classname="spec_perl_TestFloatingPoints_t" time="5.41210174560547e-05" />
    <testcase name="Approx equals (770)" classname="spec_perl_TestFloatingPoints_t" time="0.000121831893920898" />
  </testsuite>
  <testsuite name="spec_perl_TestPositionInSeq_t" errors="0" failures="0" skipped="0" tests="1" time="0.0496900081634521">
    <system-out>1..1
ok 1 - Equals
</system-out>
    <testcase name="Equals (770)" classname="spec_perl_TestPositionInSeq_t" time="0.000365972518920898" />
  </testsuite>
  <testsuite name="spec_perl_TestCombineBytes_t" errors="0" failures="0" skipped="0" tests="10" time="0.0472738742828369">
    <system-out>1..10
ok 1 - Equals
ok 2 - Equals
ok 3 - Equals
ok 4 - Equals
ok 5 - Equals
ok 6 - Equals
ok 7 - Equals
ok 8 - Equals
ok 9 - Equals
ok 10 - Equals
</system-out>
    <testcase name="Equals (771)" classname="spec_perl_TestCombineBytes_t" time="0.000306129455566406" />
    <testcase name="Equals (772)" classname="spec_perl_TestCombineBytes_t" time="7.98702239990234e-05" />
    <testcase name="Equals (773)" classname="spec_perl_TestCombineBytes_t" time="8.60691070556641e-05" />
    <testcase name="Equals (774)" classname="spec_perl_TestCombineBytes_t" time="0.00014805793762207" />
    <testcase name="Equals (775)" classname="spec_perl_TestCombineBytes_t" time="0.000129938125610352" />
    <testcase name="Equals (776)" classname="spec_perl_TestCombineBytes_t" time="0.000108957290649414" />
    <testcase name="Equals (777)" classname="spec_perl_TestCombineBytes_t" time="0.000169992446899414" />
    <testcase name="Equals (778)" classname="spec_perl_TestCombineBytes_t" time="0.000143051147460938" />
    <testcase name="Equals (779)" classname="spec_perl_TestCombineBytes_t" time="0.000113010406494141" />
    <testcase name="Equals (780)" classname="spec_perl_TestCombineBytes_t" time="0.00014805793762207" />
  </testsuite>
  <testsuite name="spec_perl_TestTypeTernary_t" errors="0" failures="0" skipped="0" tests="1" time="0.0437209606170654">
    <system-out>1..1
ok 1 - Equals
</system-out>
    <testcase name="Equals (781)" classname="spec_perl_TestTypeTernary_t" time="0.000545978546142578" />
  </testsuite>
  <testsuite name="spec_perl_TestExprStrOps_t" errors="1" failures="0" skipped="0" tests="0" time="0.0436069965362549">
    <system-out></system-out>
    <testcase name="Test died too soon, even before plan. (781)" classname="spec_perl_TestExprStrOps_t" time="0.0436069965362549">
      <failure message="The test suite died before a plan was produced. You need to have a plan." type="Plan">No plan</failure>
    </testcase>
  </testsuite>
  <testsuite name="spec_perl_TestEnumInvalid_t" errors="0" failures="0" skipped="0" tests="2" time="0.0450918674468994">
    <system-out>1..2
ok 1 - Equals
ok 2 - Equals
</system-out>
    <testcase name="Equals (782)" classname="spec_perl_TestEnumInvalid_t" time="0.000282049179077148" />
    <testcase name="Equals (783)" classname="spec_perl_TestEnumInvalid_t" time="7.89165496826172e-05" />
  </testsuite>
</testsuites>
