<?xml version='1.0' encoding='utf-8'?>
<testsuites>
  <testsuite name="spec_perl_TestCastToTop_t" errors="0" failures="0" skipped="0" tests="3" time="0.0528998374938965">
    <system-out>1..3
ok 1 - Equals
ok 2 - Equals
ok 3 - Equals
</system-out>
    <testcase name="Equals" classname="spec_perl_TestCastToTop_t" time="0.000190019607543945" />
    <testcase name="Equals (2)" classname="spec_perl_TestCastToTop_t" time="0.000130176544189453" />
    <testcase name="Equals (3)" classname="spec_perl_TestCastToTop_t" time="0.000119924545288086" />
  </testsuite>
  <testsuite name="spec_perl_TestParamsPassStruct_t" errors="0" failures="1" skipped="1" tests="4" time="0.0541260242462158">
    <system-out>1..4
ok 1 - Equals
ok 2 - Equals
not ok 3 - test_params_pass_struct died (Can't call method &quot;foo&quot; on an undefined value at spec/perl/TestParamsPassStruct.t line 16.)
ok 4 # skip test_params_pass_struct died
</system-out>
    <testcase name="Equals (4)" classname="spec_perl_TestParamsPassStruct_t" time="0.000216960906982422" />
    <testcase name="Equals (5)" classname="spec_perl_TestParamsPassStruct_t" time="0.000101089477539062" />
    <testcase name="test_params_pass_struct died (Can't call method &quot;foo&quot; on an undefined value at spec/perl/TestParamsPassStruct.t line 16.) (5)" classname="spec_perl_TestParamsPassStruct_t" time="0.000171899795532227">
      <failure message="not ok 3 - test_params_pass_struct died (Can't call method &quot;foo&quot; on an undefined value at spec/perl/TestParamsPassStruct.t line 16.)" type="TAP::Parser::Result::Test"></failure>
    </testcase>
    <testcase name="Unnamed test case 5" classname="spec_perl_TestParamsPassStruct_t" time="0.0004730224609375">
      <skipped message="ok 4 # skip test_params_pass_struct died" />
    </testcase>
  </testsuite>
  <testsuite name="spec_perl_TestNavParent3_t" errors="0" failures="0" skipped="0" tests="10" time="0.0575790405273438">
    <system-out>1..10
ok 1 - Equals
ok 2 - Equals
ok 3 - Equals
ok 4 - Equals
ok 5 - Equals
ok 6 - Equals
ok 7 - Equals
ok 8 - Equals
ok 9 - Equals
ok 10 - Equals
</system-out>
    <testcase name="Equals (6)" classname="spec_perl_TestNavParent3_t" time="0.000196933746337891" />
    <testcase name="Equals (7)" classname="spec_perl_TestNavParent3_t" time="8.89301300048828e-05" />
    <testcase name="Equals (8)" classname="spec_perl_TestNavParent3_t" time="0.000162124633789062" />
    <testcase name="Equals (9)" classname="spec_perl_TestNavParent3_t" time="0.000116825103759766" />
    <testcase name="Equals (10)" classname="spec_perl_TestNavParent3_t" time="0.000114202499389648" />
    <testcase name="Equals (11)" classname="spec_perl_TestNavParent3_t" time="0.000139951705932617" />
    <testcase name="Equals (12)" classname="spec_perl_TestNavParent3_t" time="0.000112056732177734" />
    <testcase name="Equals (13)" classname="spec_perl_TestNavParent3_t" time="0.000116825103759766" />
    <testcase name="Equals (14)" classname="spec_perl_TestNavParent3_t" time="0.000115156173706055" />
    <testcase name="Equals (15)" classname="spec_perl_TestNavParent3_t" time="0.00013279914855957" />
  </testsuite>
  <testsuite name="spec_perl_TestExprStrEncodings_t" errors="0" failures="0" skipped="0" tests="7" time="0.0611968040466309">
    <system-out>1..7
ok 1 - Equals
ok 2 - Equals
ok 3 - Equals
ok 4 - Equals
ok 5 - Equals
ok 6 - Equals
ok 7 - Equals
</system-out>
    <testcase name="Equals (16)" classname="spec_perl_TestExprStrEncodings_t" time="0.00337600708007812" />
    <testcase name="Equals (17)" classname="spec_perl_TestExprStrEncodings_t" time="7.89165496826172e-05" />
    <testcase name="Equals (18)" classname="spec_perl_TestExprStrEncodings_t" time="0.000102043151855469" />
    <testcase name="Equals (19)" classname="spec_perl_TestExprStrEncodings_t" time="0.000102996826171875" />
    <testcase name="Equals (20)" classname="spec_perl_TestExprStrEncodings_t" time="0.000102043151855469" />
    <testcase name="Equals (21)" classname="spec_perl_TestExprStrEncodings_t" time="0.000102043151855469" />
    <testcase name="Equals (22)" classname="spec_perl_TestExprStrEncodings_t" time="0.000110864639282227" />
  </testsuite>
  <testsuite name="spec_perl_TestBitsByteAligned_t" errors="0" failures="0" skipped="0" tests="9" time="0.0533888339996338">
    <system-out>1..9
ok 1 - Equals
ok 2 - Equals
ok 3 - Equals
ok 4 - Equals
ok 5 - Equals
ok 6 - Equals
ok 7 - Equals
ok 8 - Equals
ok 9 - Equals
</system-out>
    <testcase name="Equals (23)" classname="spec_perl_TestBitsByteAligned_t" time="0.000222206115722656" />
    <testcase name="Equals (24)" classname="spec_perl_TestBitsByteAligned_t" time="0.000113964080810547" />
    <testcase name="Equals (25)" classname="spec_perl_TestBitsByteAligned_t" time="0.000114917755126953" />
    <testcase name="Equals (26)" classname="spec_perl_TestBitsByteAligned_t" time="0.000101089477539062" />
    <testcase name="Equals (27)" classname="spec_perl_TestBitsByteAligned_t" time="0.000110864639282227" />
    <testcase name="Equals (28)" classname="spec_perl_TestBitsByteAligned_t" time="0.000107049942016602" />
    <testcase name="Equals (29)" classname="spec_perl_TestBitsByteAligned_t" time="0.000113964080810547" />
    <testcase name="Equals (30)" classname="spec_perl_TestBitsByteAligned_t" time="0.000163078308105469" />
    <testcase name="Equals (31)" classname="spec_perl_TestBitsByteAligned_t" time="0.000117063522338867" />
  </testsuite>
  <testsuite name="spec_perl_TestProcessCoerceUsertype1_t" errors="0" failures="0" skipped="0" tests="4" time="0.0534360408782959">
    <system-out>1..4
ok 1 - Equals
ok 2 - Equals
ok 3 - Equals
ok 4 - Equals
</system-out>
    <testcase name="Equals (32)" classname="spec_perl_TestProcessCoerceUsertype1_t" time="0.000468969345092773" />
    <testcase name="Equals (33)" classname="spec_perl_TestProcessCoerceUsertype1_t" time="0.000102996826171875" />
    <testcase name="Equals (34)" classname="spec_perl_TestProcessCoerceUsertype1_t" time="0.000105857849121094" />
    <testcase name="Equals (35)" classname="spec_perl_TestProcessCoerceUsertype1_t" time="0.000115156173706055" />
  </testsuite>
  <testsuite name="spec_perl_TestDefaultBigEndian_t" errors="0" failures="0" skipped="0" tests="1" time="0.0524771213531494">
    <system-out>1..1
ok 1 - Equals
</system-out>
    <testcase name="Equals (36)" classname="spec_perl_TestDefaultBigEndian_t" time="0.000184059143066406" />
  </testsuite>
  <testsuite name="spec_perl_TestImports0_t" errors="0" failures="0" skipped="0" tests="3" time="0.0530328750610352">
    <system-out>1..3
ok 1 - Equals
ok 2 - Equals
ok 3 - Equals
</system-out>
    <testcase name="Equals (37)" classname="spec_perl_TestImports0_t" time="0.000177860260009766" />
    <testcase name="Equals (38)" classname="spec_perl_TestImports0_t" time="0.000102996826171875" />
    <testcase name="Equals (39)" classname="spec_perl_TestImports0_t" time="0.000108957290649414" />
  </testsuite>
  <testsuite name="spec_perl_TestExpr3_t" errors="0" failures="0" skipped="0" tests="12" time="0.0578980445861816">
    <system-out>1..12
ok 1 - Equals
ok 2 - Equals
ok 3 - Equals
ok 4 - Equals
ok 5 - Equals
ok 6 - Equals
ok 7 - Equals
ok 8 - Equals
ok 9 - Equals
ok 10 - Equals
ok 11 - Equals
ok 12 - Equals
</system-out>
    <testcase name="Equals (40)" classname="spec_perl_TestExpr3_t" time="0.000257015228271484" />
    <testcase name="Equals (41)" classname="spec_perl_TestExpr3_t" time="0.000154018402099609" />
    <testcase name="Equals (42)" classname="spec_perl_TestExpr3_t" time="0.000171184539794922" />
    <testcase name="Equals (43)" classname="spec_perl_TestExpr3_t" time="0.000175952911376953" />
    <testcase name="Equals (44)" classname="spec_perl_TestExpr3_t" time="0.000157833099365234" />
    <testcase name="Equals (45)" classname="spec_perl_TestExpr3_t" time="0.000144004821777344" />
    <testcase name="Equals (46)" classname="spec_perl_TestExpr3_t" time="0.00014805793762207" />
    <testcase name="Equals (47)" classname="spec_perl_TestExpr3_t" time="0.000165939331054688" />
    <testcase name="Equals (48)" classname="spec_perl_TestExpr3_t" time="0.000147104263305664" />
    <testcase name="Equals (49)" classname="spec_perl_TestExpr3_t" time="0.00014495849609375" />
    <testcase name="Equals (50)" classname="spec_perl_TestExpr3_t" time="0.000174999237060547" />
    <testcase name="Equals (51)" classname="spec_perl_TestExpr3_t" time="0.000158071517944336" />
  </testsuite>
  <testsuite name="spec_perl_TestImportsAbsRel_t" errors="0" failures="0" skipped="0" tests="3" time="0.0528371334075928">
    <system-out>1..3
ok 1 - Equals
ok 2 - Equals
ok 3 - Equals
</system-out>
    <testcase name="Equals (52)" classname="spec_perl_TestImportsAbsRel_t" time="0.000190973281860352" />
    <testcase name="Equals (53)" classname="spec_perl_TestImportsAbsRel_t" time="0.000102043151855469" />
    <testcase name="Equals (54)" classname="spec_perl_TestImportsAbsRel_t" time="0.000116109848022461" />
  </testsuite>
  <testsuite name="spec_perl_TestFloatToI_t" errors="0" failures="0" skipped="0" tests="8" time="0.0530579090118408">
    <system-out>1..8
ok 1 - Approx equals
ok 2 - Approx equals
ok 3 - Equals
ok 4 - Equals
ok 5 - Equals
ok 6 - Equals
ok 7 - Equals
ok 8 - Equals
</system-out>
    <testcase name="Approx equals (54)" classname="spec_perl_TestFloatToI_t" time="8.89301300048828e-05" />
    <testcase name="Approx equals (55)" classname="spec_perl_TestFloatToI_t" time="5.19752502441406e-05" />
    <testcase name="Equals (55)" classname="spec_perl_TestFloatToI_t" time="8.20159912109375e-05" />
    <testcase name="Equals (56)" classname="spec_perl_TestFloatToI_t" time="0.000175952911376953" />
    <testcase name="Equals (57)" classname="spec_perl_TestFloatToI_t" time="8.0108642578125e-05" />
    <testcase name="Equals (58)" classname="spec_perl_TestFloatToI_t" time="0.000108957290649414" />
    <testcase name="Equals (59)" classname="spec_perl_TestFloatToI_t" time="0.000164031982421875" />
    <testcase name="Equals (60)" classname="spec_perl_TestFloatToI_t" time="6.89029693603516e-05" />
  </testsuite>
  <testsuite name="spec_perl_TestToStringCustom_t" errors="0" failures="0" skipped="0" tests="1" time="0.0564758777618408">
    <system-out>1..1
ok 1 - Equals
</system-out>
    <testcase name="Equals (61)" classname="spec_perl_TestToStringCustom_t" time="0.000235795974731445" />
  </testsuite>
  <testsuite name="spec_perl_TestDebug0_t" errors="0" failures="0" skipped="1" tests="1" time="0.0523140430450439">
    <system-out>1..1
ok 1 # skip test_debug_0
</system-out>
    <testcase name="Unnamed test case 61" classname="spec_perl_TestDebug0_t" time="0.000184059143066406">
      <skipped message="ok 1 # skip test_debug_0" />
    </testcase>
  </testsuite>
  <testsuite name="spec_perl_TestSwitchIntegers_t" errors="0" failures="0" skipped="0" tests="9" time="0.0546271800994873">
    <system-out>1..9
ok 1 - Equals
ok 2 - Equals
ok 3 - Equals
ok 4 - Equals
ok 5 - Equals
ok 6 - Equals
ok 7 - Equals
ok 8 - Equals
ok 9 - Equals
</system-out>
    <testcase name="Equals (62)" classname="spec_perl_TestSwitchIntegers_t" time="0.000212907791137695" />
    <testcase name="Equals (63)" classname="spec_perl_TestSwitchIntegers_t" time="0.000102043151855469" />
    <testcase name="Equals (64)" classname="spec_perl_TestSwitchIntegers_t" time="0.000116109848022461" />
    <testcase name="Equals (65)" classname="spec_perl_TestSwitchIntegers_t" time="0.000118017196655273" />
    <testcase name="Equals (66)" classname="spec_perl_TestSwitchIntegers_t" time="0.000112056732177734" />
    <testcase name="Equals (67)" classname="spec_perl_TestSwitchIntegers_t" time="0.000108957290649414" />
    <testcase name="Equals (68)" classname="spec_perl_TestSwitchIntegers_t" time="0.000105857849121094" />
    <testcase name="Equals (69)" classname="spec_perl_TestSwitchIntegers_t" time="0.000107049942016602" />
    <testcase name="Equals (70)" classname="spec_perl_TestSwitchIntegers_t" time="0.00011897087097168" />
  </testsuite>
  <testsuite name="spec_perl_TestDebugSwitchUser_t" errors="1" failures="0" skipped="0" tests="0" time="0.0507559776306152">
    <system-out></system-out>
    <testcase name="Test died too soon, even before plan. (70)" classname="spec_perl_TestDebugSwitchUser_t" time="0.0507559776306152">
      <failure message="The test suite died before a plan was produced. You need to have a plan." type="Plan">No plan</failure>
    </testcase>
  </testsuite>
  <testsuite name="spec_perl_TestSwitchRepeatExpr_t" errors="0" failures="0" skipped="0" tests="3" time="0.0527329444885254">
    <system-out>1..3
ok 1 - Equals
ok 2 - Equals
ok 3 - Equals
</system-out>
    <testcase name="Equals (71)" classname="spec_perl_TestSwitchRepeatExpr_t" time="0.000460147857666016" />
    <testcase name="Equals (72)" classname="spec_perl_TestSwitchRepeatExpr_t" time="0.000105857849121094" />
    <testcase name="Equals (73)" classname="spec_perl_TestSwitchRepeatExpr_t" time="0.000113010406494141" />
  </testsuite>
  <testsuite name="spec_perl_TestPositionToEnd_t" errors="0" failures="0" skipped="0" tests="2" time="0.0529389381408691">
    <system-out>1..2
ok 1 - Equals
ok 2 - Equals
</system-out>
    <testcase name="Equals (74)" classname="spec_perl_TestPositionToEnd_t" time="0.000210046768188477" />
    <testcase name="Equals (75)" classname="spec_perl_TestPositionToEnd_t" time="0.000105142593383789" />
  </testsuite>
  <testsuite name="spec_perl_TestStrLiterals_t" errors="0" failures="0" skipped="0" tests="5" time="0.0529921054840088">
    <system-out>1..5
ok 1 - Equals
ok 2 - Equals
ok 3 - Equals
ok 4 - Equals
ok 5 - Equals
</system-out>
    <testcase name="Equals (76)" classname="spec_perl_TestStrLiterals_t" time="0.000203847885131836" />
    <testcase name="Equals (77)" classname="spec_perl_TestStrLiterals_t" time="0.000116109848022461" />
    <testcase name="Equals (78)" classname="spec_perl_TestStrLiterals_t" time="0.0001220703125" />
    <testcase name="Equals (79)" classname="spec_perl_TestStrLiterals_t" time="0.000113964080810547" />
    <testcase name="Equals (80)" classname="spec_perl_TestStrLiterals_t" time="0.000115871429443359" />
  </testsuite>
  <testsuite name="spec_perl_TestIoLocalVar_t" errors="0" failures="0" skipped="0" tests="2" time="0.0533831119537354">
    <system-out>1..2
ok 1 - Equals
ok 2 - Equals
</system-out>
    <testcase name="Equals (81)" classname="spec_perl_TestIoLocalVar_t" time="0.000455141067504883" />
    <testcase name="Equals (82)" classname="spec_perl_TestIoLocalVar_t" time="0.00010991096496582" />
  </testsuite>
  <testsuite name="spec_perl_TestEnumToI_t" errors="0" failures="0" skipped="0" tests="8" time="0.0539309978485107">
    <system-out>1..8
ok 1 - Equals
ok 2 - Equals
ok 3 - Equals
ok 4 - Equals
ok 5 - Equals
ok 6 - Equals
ok 7 - Equals
ok 8 - Equals
</system-out>
    <testcase name="Equals (83)" classname="spec_perl_TestEnumToI_t" time="0.000205039978027344" />
    <testcase name="Equals (84)" classname="spec_perl_TestEnumToI_t" time="0.000102996826171875" />
    <testcase name="Equals (85)" classname="spec_perl_TestEnumToI_t" time="0.000113010406494141" />
    <testcase name="Equals (86)" classname="spec_perl_TestEnumToI_t" time="0.000117063522338867" />
    <testcase name="Equals (87)" classname="spec_perl_TestEnumToI_t" time="0.000114917755126953" />
    <testcase name="Equals (88)" classname="spec_perl_TestEnumToI_t" time="0.000103950500488281" />
    <testcase name="Equals (89)" classname="spec_perl_TestEnumToI_t" time="0.000103950500488281" />
    <testcase name="Equals (90)" classname="spec_perl_TestEnumToI_t" time="9.41753387451172e-05" />
  </testsuite>
  <testsuite name="spec_perl_TestSwitchManualStrElse_t" errors="0" failures="0" skipped="0" tests="9" time="0.0586628913879395">
    <system-out>1..9
ok 1 - Equals
ok 2 - Equals
ok 3 - Equals
ok 4 - Equals
ok 5 - Equals
ok 6 - Equals
ok 7 - Equals
ok 8 - Equals
ok 9 - Equals
</system-out>
    <testcase name="Equals (91)" classname="spec_perl_TestSwitchManualStrElse_t" time="0.000237941741943359" />
    <testcase name="Equals (92)" classname="spec_perl_TestSwitchManualStrElse_t" time="9.918212890625e-05" />
    <testcase name="Equals (93)" classname="spec_perl_TestSwitchManualStrElse_t" time="0.000113010406494141" />
    <testcase name="Equals (94)" classname="spec_perl_TestSwitchManualStrElse_t" time="0.000113964080810547" />
    <testcase name="Equals (95)" classname="spec_perl_TestSwitchManualStrElse_t" time="0.000112056732177734" />
    <testcase name="Equals (96)" classname="spec_perl_TestSwitchManualStrElse_t" time="0.000108957290649414" />
    <testcase name="Equals (97)" classname="spec_perl_TestSwitchManualStrElse_t" time="0.000113010406494141" />
    <testcase name="Equals (98)" classname="spec_perl_TestSwitchManualStrElse_t" time="0.000116825103759766" />
    <testcase name="Equals (99)" classname="spec_perl_TestSwitchManualStrElse_t" time="0.000111103057861328" />
  </testsuite>
  <testsuite name="spec_perl_TestRepeatEosBit_t" errors="0" failures="0" skipped="0" tests="1" time="0.0542058944702148">
    <system-out>1..1
ok 1 - Equals
</system-out>
    <testcase name="Equals (100)" classname="spec_perl_TestRepeatEosBit_t" time="0.000214099884033203" />
  </testsuite>
  <testsuite name="spec_perl_TestExprOpsParens_t" errors="0" failures="1" skipped="0" tests="9" time="0.0549449920654297">
    <system-out>1..9
ok 1 - Equals
ok 2 - Equals
ok 3 - Equals
ok 4 - Equals
ok 5 - Equals
ok 6 - Equals
not ok 7 - Equals
ok 8 - Equals
ok 9 - Equals
</system-out>
    <testcase name="Equals (101)" classname="spec_perl_TestExprOpsParens_t" time="0.000217914581298828" />
    <testcase name="Equals (102)" classname="spec_perl_TestExprOpsParens_t" time="6.19888305664062e-05" />
    <testcase name="Equals (103)" classname="spec_perl_TestExprOpsParens_t" time="0.000131130218505859" />
    <testcase name="Equals (104)" classname="spec_perl_TestExprOpsParens_t" time="0.000189065933227539" />
    <testcase name="Equals (105)" classname="spec_perl_TestExprOpsParens_t" time="6.29425048828125e-05" />
    <testcase name="Equals (106)" classname="spec_perl_TestExprOpsParens_t" time="0.000100851058959961" />
    <testcase name="Equals (107)" classname="spec_perl_TestExprOpsParens_t" time="0.000199079513549805">
      <failure message="not ok 7 - Equals" type="TAP::Parser::Result::Test"></failure>
    </testcase>
    <testcase name="Equals (108)" classname="spec_perl_TestExprOpsParens_t" time="0.000704050064086914" />
    <testcase name="Equals (109)" classname="spec_perl_TestExprOpsParens_t" time="8.98838043212891e-05" />
  </testsuite>
  <testsuite name="spec_perl_TestImportsCastToImported_t" errors="0" failures="1" skipped="0" tests="2" time="0.0536248683929443">
    <system-out>1..2
ok 1 - Equals
not ok 2 - test_imports_cast_to_imported died (Can't call method &quot;one&quot; on an undefined value at compiled/perl/CastToImported.pm line 42.)
</system-out>
    <testcase name="Equals (110)" classname="spec_perl_TestImportsCastToImported_t" time="0.000190973281860352" />
    <testcase name="test_imports_cast_to_imported died (Can't call method &quot;one&quot; on an undefined value at compiled/perl/CastToImported.pm line 42.) (110)" classname="spec_perl_TestImportsCastToImported_t" time="0.000211000442504883">
      <failure message="not ok 2 - test_imports_cast_to_imported died (Can't call method &quot;one&quot; on an undefined value at compiled/perl/CastToImported.pm line 42.)" type="TAP::Parser::Result::Test"></failure>
    </testcase>
  </testsuite>
  <testsuite name="spec_perl_TestFloatingPoints_t" errors="0" failures="0" skipped="0" tests="8" time="0.052476167678833">
    <system-out>1..8
ok 1 - Approx equals
ok 2 - Approx equals
ok 3 - Approx equals
ok 4 - Approx equals
ok 5 - Approx equals
ok 6 - Approx equals
ok 7 - Approx equals
ok 8 - Approx equals
</system-out>
    <testcase name="Approx equals (110)" classname="spec_perl_TestFloatingPoints_t" time="0.000110864639282227" />
    <testcase name="Approx equals (111)" classname="spec_perl_TestFloatingPoints_t" time="5.31673431396484e-05" />
    <testcase name="Approx equals (112)" classname="spec_perl_TestFloatingPoints_t" time="3.79085540771484e-05" />
    <testcase name="Approx equals (113)" classname="spec_perl_TestFloatingPoints_t" time="3.50475311279297e-05" />
    <testcase name="Approx equals (114)" classname="spec_perl_TestFloatingPoints_t" time="3.50475311279297e-05" />
    <testcase name="Approx equals (115)" classname="spec_perl_TestFloatingPoints_t" time="3.69548797607422e-05" />
    <testcase name="Approx equals (116)" classname="spec_perl_TestFloatingPoints_t" time="3.38554382324219e-05" />
    <testcase name="Approx equals (117)" classname="spec_perl_TestFloatingPoints_t" time="3.09944152832031e-05" />
  </testsuite>
  <testsuite name="spec_perl_TestProcessCoerceBytes_t" errors="0" failures="0" skipped="0" tests="4" time="0.0532500743865967">
    <system-out>1..4
ok 1 - Equals
ok 2 - Equals
ok 3 - Equals
ok 4 - Equals
</system-out>
    <testcase name="Equals (117)" classname="spec_perl_TestProcessCoerceBytes_t" time="0.000278949737548828" />
    <testcase name="Equals (118)" classname="spec_perl_TestProcessCoerceBytes_t" time="0.000162124633789062" />
    <testcase name="Equals (119)" classname="spec_perl_TestProcessCoerceBytes_t" time="0.000171899795532227" />
    <testcase name="Equals (120)" classname="spec_perl_TestProcessCoerceBytes_t" time="0.000159978866577148" />
  </testsuite>
  <testsuite name="spec_perl_TestParamsCall_t" errors="0" failures="3" skipped="0" tests="3" time="0.0582880973815918">
    <system-out>1..3
not ok 1 - Equals
not ok 2 - Equals
not ok 3 - Equals
</system-out>
    <testcase name="Equals (121)" classname="spec_perl_TestParamsCall_t" time="0.0004119873046875">
      <failure message="not ok 1 - Equals" type="TAP::Parser::Result::Test"></failure>
    </testcase>
    <testcase name="Equals (122)" classname="spec_perl_TestParamsCall_t" time="0.00090789794921875">
      <failure message="not ok 2 - Equals" type="TAP::Parser::Result::Test"></failure>
    </testcase>
    <testcase name="Equals (123)" classname="spec_perl_TestParamsCall_t" time="0.000715970993041992">
      <failure message="not ok 3 - Equals" type="TAP::Parser::Result::Test"></failure>
    </testcase>
  </testsuite>
  <testsuite name="spec_perl_TestNavParentFalse2_t" errors="0" failures="0" skipped="0" tests="1" time="0.0519371032714844">
    <system-out>1..1
ok 1 - Equals
</system-out>
    <testcase name="Equals (124)" classname="spec_perl_TestNavParentFalse2_t" time="0.000177145004272461" />
  </testsuite>
  <testsuite name="spec_perl_TestTermU1Val_t" errors="0" failures="0" skipped="0" tests="2" time="0.0569820404052734">
    <system-out>1..2
ok 1 - Equals
ok 2 - Equals
</system-out>
    <testcase name="Equals (125)" classname="spec_perl_TestTermU1Val_t" time="0.000311851501464844" />
    <testcase name="Equals (126)" classname="spec_perl_TestTermU1Val_t" time="0.000155925750732422" />
  </testsuite>
  <testsuite name="spec_perl_TestParamsPassArrayStruct_t" errors="0" failures="1" skipped="2" tests="3" time="0.0541532039642334">
    <system-out>1..3
not ok 1 - test_params_pass_array_struct died (Can't use an undefined value as an ARRAY reference at spec/perl/TestParamsPassArrayStruct.t line 14.)
ok 2 # skip test_params_pass_array_struct died
ok 3 # skip test_params_pass_array_struct died
</system-out>
    <testcase name="test_params_pass_array_struct died (Can't use an undefined value as an ARRAY reference at spec/perl/TestParamsPassArrayStruct.t line 14.) (126)" classname="spec_perl_TestParamsPassArrayStruct_t" time="0.000234842300415039">
      <failure message="not ok 1 - test_params_pass_array_struct died (Can't use an undefined value as an ARRAY reference at spec/perl/TestParamsPassArrayStruct.t line 14.)" type="TAP::Parser::Result::Test"></failure>
    </testcase>
    <testcase name="Unnamed test case 126" classname="spec_perl_TestParamsPassArrayStruct_t" time="0.000529050827026367">
      <skipped message="ok 2 # skip test_params_pass_array_struct died" />
    </testcase>
    <testcase name="Unnamed test case 127" classname="spec_perl_TestParamsPassArrayStruct_t" time="0.000225067138671875">
      <skipped message="ok 3 # skip test_params_pass_array_struct died" />
    </testcase>
  </testsuite>
  <testsuite name="spec_perl_TestBitsSeqEndianCombo_t" errors="0" failures="0" skipped="0" tests="8" time="0.0538251399993896">
    <system-out>1..8
ok 1 - Equals
ok 2 - Equals
ok 3 - Equals
ok 4 - Equals
ok 5 - Equals
ok 6 - Equals
ok 7 - Equals
ok 8 - Equals
</system-out>
    <testcase name="Equals (127)" classname="spec_perl_TestBitsSeqEndianCombo_t" time="0.00023198127746582" />
    <testcase name="Equals (128)" classname="spec_perl_TestBitsSeqEndianCombo_t" time="0.000111103057861328" />
    <testcase name="Equals (129)" classname="spec_perl_TestBitsSeqEndianCombo_t" time="0.000119924545288086" />
    <testcase name="Equals (130)" classname="spec_perl_TestBitsSeqEndianCombo_t" time="0.000107049942016602" />
    <testcase name="Equals (131)" classname="spec_perl_TestBitsSeqEndianCombo_t" time="0.000108003616333008" />
    <testcase name="Equals (132)" classname="spec_perl_TestBitsSeqEndianCombo_t" time="0.000110149383544922" />
    <testcase name="Equals (133)" classname="spec_perl_TestBitsSeqEndianCombo_t" time="0.0001068115234375" />
    <testcase name="Equals (134)" classname="spec_perl_TestBitsSeqEndianCombo_t" time="9.918212890625e-05" />
  </testsuite>
  <testsuite name="spec_perl_TestEosExceptionSized_t" errors="0" failures="0" skipped="0" tests="1" time="0.0539519786834717">
    <system-out>1..1
ok 1 - threw /^Requested \d+ bytes, but only \d+ bytes available/
</system-out>
    <testcase name="threw /^Requested \d+ bytes, but only \d+ bytes available/ (134)" classname="spec_perl_TestEosExceptionSized_t" time="0.000414848327636719" />
  </testsuite>
  <testsuite name="spec_perl_TestTsPacketHeader_t" errors="0" failures="0" skipped="0" tests="7" time="0.0535869598388672">
    <system-out>1..7
ok 1 - Equals
ok 2 - Equals
ok 3 - Equals
ok 4 - Equals
ok 5 - Equals
ok 6 - Equals
ok 7 - Equals
</system-out>
    <testcase name="Equals (135)" classname="spec_perl_TestTsPacketHeader_t" time="0.000211000442504883" />
    <testcase name="Equals (136)" classname="spec_perl_TestTsPacketHeader_t" time="8.60691070556641e-05" />
    <testcase name="Equals (137)" classname="spec_perl_TestTsPacketHeader_t" time="9.70363616943359e-05" />
    <testcase name="Equals (138)" classname="spec_perl_TestTsPacketHeader_t" time="9.70363616943359e-05" />
    <testcase name="Equals (139)" classname="spec_perl_TestTsPacketHeader_t" time="0.0001068115234375" />
    <testcase name="Equals (140)" classname="spec_perl_TestTsPacketHeader_t" time="0.000110149383544922" />
    <testcase name="Equals (141)" classname="spec_perl_TestTsPacketHeader_t" time="0.000108003616333008" />
  </testsuite>
  <testsuite name="spec_perl_TestProcessXorConst_t" errors="0" failures="0" skipped="0" tests="2" time="0.0530920028686523">
    <system-out>1..2
ok 1 - Equals
ok 2 - Equals
</system-out>
    <testcase name="Equals (142)" classname="spec_perl_TestProcessXorConst_t" time="0.000217914581298828" />
    <testcase name="Equals (143)" classname="spec_perl_TestProcessXorConst_t" time="0.000111103057861328" />
  </testsuite>
  <testsuite name="spec_perl_TestPositionInSeq_t" errors="0" failures="0" skipped="0" tests="1" time="0.0528559684753418">
    <system-out>1..1
ok 1 - Equals
</system-out>
    <testcase name="Equals (144)" classname="spec_perl_TestPositionInSeq_t" time="0.000247955322265625" />
  </testsuite>
  <testsuite name="spec_perl_TestEnum0_t" errors="0" failures="0" skipped="0" tests="2" time="0.0519721508026123">
    <system-out>1..2
ok 1 - Equals
ok 2 - Equals
</system-out>
    <testcase name="Equals (145)" classname="spec_perl_TestEnum0_t" time="0.000197887420654297" />
    <testcase name="Equals (146)" classname="spec_perl_TestEnum0_t" time="0.000102996826171875" />
  </testsuite>
  <testsuite name="spec_perl_TestEnumIf_t" errors="0" failures="0" skipped="0" tests="7" time="0.0571088790893555">
    <system-out>1..7
ok 1 - Equals
ok 2 - Equals
ok 3 - Equals
ok 4 - Equals
ok 5 - Equals
ok 6 - Equals
ok 7 - Equals
</system-out>
    <testcase name="Equals (147)" classname="spec_perl_TestEnumIf_t" time="0.000305891036987305" />
    <testcase name="Equals (148)" classname="spec_perl_TestEnumIf_t" time="6.19888305664062e-05" />
    <testcase name="Equals (149)" classname="spec_perl_TestEnumIf_t" time="0.000149965286254883" />
    <testcase name="Equals (150)" classname="spec_perl_TestEnumIf_t" time="9.51290130615234e-05" />
    <testcase name="Equals (151)" classname="spec_perl_TestEnumIf_t" time="0.000110864639282227" />
    <testcase name="Equals (152)" classname="spec_perl_TestEnumIf_t" time="0.000108957290649414" />
    <testcase name="Equals (153)" classname="spec_perl_TestEnumIf_t" time="0.000113010406494141" />
  </testsuite>
  <testsuite name="spec_perl_TestBitsUnalignedB64Be_t" errors="0" failures="0" skipped="0" tests="3" time="0.0528030395507812">
    <system-out>1..3
ok 1 - Equals
ok 2 - Equals
ok 3 - Equals
</system-out>
    <testcase name="Equals (154)" classname="spec_perl_TestBitsUnalignedB64Be_t" time="0.000200986862182617" />
    <testcase name="Equals (155)" classname="spec_perl_TestBitsUnalignedB64Be_t" time="0.000104904174804688" />
    <testcase name="Equals (156)" classname="spec_perl_TestBitsUnalignedB64Be_t" time="0.000116109848022461" />
  </testsuite>
  <testsuite name="spec_perl_TestNestedTypes2_t" errors="0" failures="0" skipped="0" tests="7" time="0.0537798404693604">
    <system-out>1..7
ok 1 - Equals
ok 2 - Equals
ok 3 - Equals
ok 4 - Equals
ok 5 - Equals
ok 6 - Equals
ok 7 - Equals
</system-out>
    <testcase name="Equals (157)" classname="spec_perl_TestNestedTypes2_t" time="0.000205039978027344" />
    <testcase name="Equals (158)" classname="spec_perl_TestNestedTypes2_t" time="0.000126123428344727" />
    <testcase name="Equals (159)" classname="spec_perl_TestNestedTypes2_t" time="0.000126838684082031" />
    <testcase name="Equals (160)" classname="spec_perl_TestNestedTypes2_t" time="0.000108957290649414" />
    <testcase name="Equals (161)" classname="spec_perl_TestNestedTypes2_t" time="0.000110149383544922" />
    <testcase name="Equals (162)" classname="spec_perl_TestNestedTypes2_t" time="0.00010991096496582" />
    <testcase name="Equals (163)" classname="spec_perl_TestNestedTypes2_t" time="0.000113964080810547" />
  </testsuite>
  <testsuite name="spec_perl_TestRepeatUntilCalcArrayType_t" errors="0" failures="0" skipped="0" tests="7" time="0.0540719032287598">
    <system-out>1..7
ok 1 - Equals
ok 2 - Equals
ok 3 - Equals
ok 4 - Equals
ok 5 - Equals
ok 6 - Equals
ok 7 - Equals
</system-out>
    <testcase name="Equals (164)" classname="spec_perl_TestRepeatUntilCalcArrayType_t" time="0.000544071197509766" />
    <testcase name="Equals (165)" classname="spec_perl_TestRepeatUntilCalcArrayType_t" time="0.000154018402099609" />
    <testcase name="Equals (166)" classname="spec_perl_TestRepeatUntilCalcArrayType_t" time="0.000171899795532227" />
    <testcase name="Equals (167)" classname="spec_perl_TestRepeatUntilCalcArrayType_t" time="0.000164985656738281" />
    <testcase name="Equals (168)" classname="spec_perl_TestRepeatUntilCalcArrayType_t" time="0.000162124633789062" />
    <testcase name="Equals (169)" classname="spec_perl_TestRepeatUntilCalcArrayType_t" time="0.000160932540893555" />
    <testcase name="Equals (170)" classname="spec_perl_TestRepeatUntilCalcArrayType_t" time="0.000164031982421875" />
  </testsuite>
  <testsuite name="spec_perl_TestSwitchMultiBoolOps_t" errors="0" failures="0" skipped="0" tests="9" time="0.0532190799713135">
    <system-out>1..9
ok 1 - Equals
ok 2 - Equals
ok 3 - Equals
ok 4 - Equals
ok 5 - Equals
ok 6 - Equals
ok 7 - Equals
ok 8 - Equals
ok 9 - Equals
</system-out>
    <testcase name="Equals (171)" classname="spec_perl_TestSwitchMultiBoolOps_t" time="0.00020909309387207" />
    <testcase name="Equals (172)" classname="spec_perl_TestSwitchMultiBoolOps_t" time="0.000111103057861328" />
    <testcase name="Equals (173)" classname="spec_perl_TestSwitchMultiBoolOps_t" time="0.000115871429443359" />
    <testcase name="Equals (174)" classname="spec_perl_TestSwitchMultiBoolOps_t" time="0.000121116638183594" />
    <testcase name="Equals (175)" classname="spec_perl_TestSwitchMultiBoolOps_t" time="0.000101804733276367" />
    <testcase name="Equals (176)" classname="spec_perl_TestSwitchMultiBoolOps_t" time="0.000106096267700195" />
    <testcase name="Equals (177)" classname="spec_perl_TestSwitchMultiBoolOps_t" time="0.000108003616333008" />
    <testcase name="Equals (178)" classname="spec_perl_TestSwitchMultiBoolOps_t" time="0.000114917755126953" />
    <testcase name="Equals (179)" classname="spec_perl_TestSwitchMultiBoolOps_t" time="0.000108003616333008" />
  </testsuite>
  <testsuite name="spec_perl_TestExprSizeofValueSized_t" errors="0" failures="0" skipped="0" tests="5" time="0.0539710521697998">
    <system-out>1..5
ok 1 - Equals
ok 2 - Equals
ok 3 - Equals
ok 4 - Equals
ok 5 - Equals
</system-out>
    <testcase name="Equals (180)" classname="spec_perl_TestExprSizeofValueSized_t" time="0.000529050827026367" />
    <testcase name="Equals (181)" classname="spec_perl_TestExprSizeofValueSized_t" time="0.000138044357299805" />
    <testcase name="Equals (182)" classname="spec_perl_TestExprSizeofValueSized_t" time="0.000158071517944336" />
    <testcase name="Equals (183)" classname="spec_perl_TestExprSizeofValueSized_t" time="0.000127792358398438" />
    <testcase name="Equals (184)" classname="spec_perl_TestExprSizeofValueSized_t" time="0.000141143798828125" />
  </testsuite>
  <testsuite name="spec_perl_TestEofExceptionU4_t" errors="0" failures="0" skipped="0" tests="1" time="0.0533709526062012">
    <system-out>1..1
ok 1 - threw /^Requested \d+ bytes, but only \d+ bytes available/
</system-out>
    <testcase name="threw /^Requested \d+ bytes, but only \d+ bytes available/ (184)" classname="spec_perl_TestEofExceptionU4_t" time="0.000120162963867188" />
  </testsuite>
  <testsuite name="spec_perl_TestSwitchManualStr_t" errors="0" failures="0" skipped="0" tests="9" time="0.0574889183044434">
    <system-out>1..9
ok 1 - Equals
ok 2 - Equals
ok 3 - Equals
ok 4 - Equals
ok 5 - Equals
ok 6 - Equals
ok 7 - Equals
ok 8 - Equals
ok 9 - Equals
</system-out>
    <testcase name="Equals (185)" classname="spec_perl_TestSwitchManualStr_t" time="0.000312089920043945" />
    <testcase name="Equals (186)" classname="spec_perl_TestSwitchManualStr_t" time="6.19888305664062e-05" />
    <testcase name="Equals (187)" classname="spec_perl_TestSwitchManualStr_t" time="0.00014495849609375" />
    <testcase name="Equals (188)" classname="spec_perl_TestSwitchManualStr_t" time="0.00010991096496582" />
    <testcase name="Equals (189)" classname="spec_perl_TestSwitchManualStr_t" time="0.000179052352905273" />
    <testcase name="Equals (190)" classname="spec_perl_TestSwitchManualStr_t" time="7.10487365722656e-05" />
    <testcase name="Equals (191)" classname="spec_perl_TestSwitchManualStr_t" time="8.98838043212891e-05" />
    <testcase name="Equals (192)" classname="spec_perl_TestSwitchManualStr_t" time="0.000159025192260742" />
    <testcase name="Equals (193)" classname="spec_perl_TestSwitchManualStr_t" time="6.91413879394531e-05" />
  </testsuite>
  <testsuite name="spec_perl_TestExprSizeofType1_t" errors="0" failures="0" skipped="0" tests="2" time="0.0530359745025635">
    <system-out>1..2
ok 1 - Equals
ok 2 - Equals
</system-out>
    <testcase name="Equals (194)" classname="spec_perl_TestExprSizeofType1_t" time="0.000189065933227539" />
    <testcase name="Equals (195)" classname="spec_perl_TestExprSizeofType1_t" time="0.000123977661132812" />
  </testsuite>
  <testsuite name="spec_perl_TestParamsCallExtraParens_t" errors="0" failures="1" skipped="0" tests="1" time="0.0583138465881348">
    <system-out>1..1
not ok 1 - Equals
</system-out>
    <testcase name="Equals (196)" classname="spec_perl_TestParamsCallExtraParens_t" time="0.00041508674621582">
      <failure message="not ok 1 - Equals" type="TAP::Parser::Result::Test"></failure>
    </testcase>
  </testsuite>
  <testsuite name="spec_perl_TestTypeTernary_t" errors="0" failures="0" skipped="0" tests="1" time="0.0524859428405762">
    <system-out>1..1
ok 1 - Equals
</system-out>
    <testcase name="Equals (197)" classname="spec_perl_TestTypeTernary_t" time="0.000445127487182617" />
  </testsuite>
  <testsuite name="spec_perl_TestProcessCoerceSwitch_t" errors="0" failures="0" skipped="0" tests="3" time="0.0534520149230957">
    <system-out>1..3
ok 1 - Equals
ok 2 - Equals
ok 3 - Equals
</system-out>
    <testcase name="Equals (198)" classname="spec_perl_TestProcessCoerceSwitch_t" time="0.000458002090454102" />
    <testcase name="Equals (199)" classname="spec_perl_TestProcessCoerceSwitch_t" time="0.000113964080810547" />
    <testcase name="Equals (200)" classname="spec_perl_TestProcessCoerceSwitch_t" time="0.000119924545288086" />
  </testsuite>
  <testsuite name="spec_perl_TestExprStrOps_t" errors="0" failures="0" skipped="0" tests="17" time="0.0581498146057129">
    <system-out>1..17
ok 1 - Equals
ok 2 - Equals
ok 3 - Equals
ok 4 - Equals
ok 5 - Equals
ok 6 - Equals
ok 7 - Equals
ok 8 - Equals
ok 9 - Equals
ok 10 - Equals
ok 11 - Equals
ok 12 - Equals
ok 13 - Equals
ok 14 - Equals
ok 15 - Equals
ok 16 - Equals
ok 17 - Equals
</system-out>
    <testcase name="Equals (201)" classname="spec_perl_TestExprStrOps_t" time="0.000173807144165039" />
    <testcase name="Equals (202)" classname="spec_perl_TestExprStrOps_t" time="0.000111103057861328" />
    <testcase name="Equals (203)" classname="spec_perl_TestExprStrOps_t" time="0.00011897087097168" />
    <testcase name="Equals (204)" classname="spec_perl_TestExprStrOps_t" time="0.000188112258911133" />
    <testcase name="Equals (205)" classname="spec_perl_TestExprStrOps_t" time="6.07967376708984e-05" />
    <testcase name="Equals (206)" classname="spec_perl_TestExprStrOps_t" time="0.000109195709228516" />
    <testcase name="Equals (207)" classname="spec_perl_TestExprStrOps_t" time="0.000110864639282227" />
    <testcase name="Equals (208)" classname="spec_perl_TestExprStrOps_t" time="9.10758972167969e-05" />
    <testcase name="Equals (209)" classname="spec_perl_TestExprStrOps_t" time="0.000108003616333008" />
    <testcase name="Equals (210)" classname="spec_perl_TestExprStrOps_t" time="0.000113964080810547" />
    <testcase name="Equals (211)" classname="spec_perl_TestExprStrOps_t" time="0.000111103057861328" />
    <testcase name="Equals (212)" classname="spec_perl_TestExprStrOps_t" time="0.000108003616333008" />
    <testcase name="Equals (213)" classname="spec_perl_TestExprStrOps_t" time="0.00010991096496582" />
    <testcase name="Equals (214)" classname="spec_perl_TestExprStrOps_t" time="0.000111103057861328" />
    <testcase name="Equals (215)" classname="spec_perl_TestExprStrOps_t" time="0.000108003616333008" />
    <testcase name="Equals (216)" classname="spec_perl_TestExprStrOps_t" time="0.000102996826171875" />
    <testcase name="Equals (217)" classname="spec_perl_TestExprStrOps_t" time="0.000105857849121094" />
  </testsuite>
  <testsuite name="spec_perl_TestSwitchCast_t" errors="0" failures="0" skipped="0" tests="2" time="0.0561120510101318">
    <system-out>1..2
ok 1 - Equals
ok 2 - Equals
</system-out>
    <testcase name="Equals (218)" classname="spec_perl_TestSwitchCast_t" time="0.000253915786743164" />
    <testcase name="Equals (219)" classname="spec_perl_TestSwitchCast_t" time="0.000102996826171875" />
  </testsuite>
  <testsuite name="spec_perl_TestNavParentFalse_t" errors="0" failures="0" skipped="0" tests="5" time="0.0528159141540527">
    <system-out>1..5
ok 1 - Equals
ok 2 - Equals
ok 3 - Equals
ok 4 - Equals
ok 5 - Equals
</system-out>
    <testcase name="Equals (220)" classname="spec_perl_TestNavParentFalse_t" time="0.00020599365234375" />
    <testcase name="Equals (221)" classname="spec_perl_TestNavParentFalse_t" time="0.000146865844726562" />
    <testcase name="Equals (222)" classname="spec_perl_TestNavParentFalse_t" time="0.000174999237060547" />
    <testcase name="Equals (223)" classname="spec_perl_TestNavParentFalse_t" time="8.89301300048828e-05" />
    <testcase name="Equals (224)" classname="spec_perl_TestNavParentFalse_t" time="0.000102043151855469" />
  </testsuite>
  <testsuite name="spec_perl_TestStrEos_t" errors="0" failures="0" skipped="0" tests="1" time="0.0562620162963867">
    <system-out>1..1
ok 1 - Equals
</system-out>
    <testcase name="Equals (225)" classname="spec_perl_TestStrEos_t" time="0.000290155410766602" />
  </testsuite>
  <testsuite name="spec_perl_TestBitsUnalignedB32Be_t" errors="0" failures="0" skipped="0" tests="3" time="0.0539150238037109">
    <system-out>1..3
ok 1 - Equals
ok 2 - Equals
ok 3 - Equals
</system-out>
    <testcase name="Equals (226)" classname="spec_perl_TestBitsUnalignedB32Be_t" time="0.000178098678588867" />
    <testcase name="Equals (227)" classname="spec_perl_TestBitsUnalignedB32Be_t" time="9.98973846435547e-05" />
    <testcase name="Equals (228)" classname="spec_perl_TestBitsUnalignedB32Be_t" time="0.000126123428344727" />
  </testsuite>
  <testsuite name="spec_perl_TestEnumIntRangeU_t" errors="0" failures="0" skipped="0" tests="2" time="0.0521278381347656">
    <system-out>1..2
ok 1 - Equals
ok 2 - Equals
</system-out>
    <testcase name="Equals (229)" classname="spec_perl_TestEnumIntRangeU_t" time="0.000239849090576172" />
    <testcase name="Equals (230)" classname="spec_perl_TestEnumIntRangeU_t" time="6.103515625e-05" />
  </testsuite>
  <testsuite name="spec_perl_TestExprBytesOps_t" errors="0" failures="0" skipped="0" tests="16" time="0.0552480220794678">
    <system-out>1..16
ok 1 - Equals
ok 2 - Equals
ok 3 - Equals
ok 4 - Equals
ok 5 - Equals
ok 6 - Equals
ok 7 - Equals
ok 8 - Equals
ok 9 - Equals
ok 10 - Equals
ok 11 - Equals
ok 12 - Equals
ok 13 - Equals
ok 14 - Equals
ok 15 - Equals
ok 16 - Equals
</system-out>
    <testcase name="Equals (231)" classname="spec_perl_TestExprBytesOps_t" time="0.000273942947387695" />
    <testcase name="Equals (232)" classname="spec_perl_TestExprBytesOps_t" time="0.000164031982421875" />
    <testcase name="Equals (233)" classname="spec_perl_TestExprBytesOps_t" time="0.000166893005371094" />
    <testcase name="Equals (234)" classname="spec_perl_TestExprBytesOps_t" time="0.000168085098266602" />
    <testcase name="Equals (235)" classname="spec_perl_TestExprBytesOps_t" time="0.000161886215209961" />
    <testcase name="Equals (236)" classname="spec_perl_TestExprBytesOps_t" time="0.000164031982421875" />
    <testcase name="Equals (237)" classname="spec_perl_TestExprBytesOps_t" time="0.000164031982421875" />
    <testcase name="Equals (238)" classname="spec_perl_TestExprBytesOps_t" time="0.000159978866577148" />
    <testcase name="Equals (239)" classname="spec_perl_TestExprBytesOps_t" time="0.000162124633789062" />
    <testcase name="Equals (240)" classname="spec_perl_TestExprBytesOps_t" time="0.000161886215209961" />
    <testcase name="Equals (241)" classname="spec_perl_TestExprBytesOps_t" time="0.000169992446899414" />
    <testcase name="Equals (242)" classname="spec_perl_TestExprBytesOps_t" time="0.000164031982421875" />
    <testcase name="Equals (243)" classname="spec_perl_TestExprBytesOps_t" time="0.000159025192260742" />
    <testcase name="Equals (244)" classname="spec_perl_TestExprBytesOps_t" time="0.000160932540893555" />
    <testcase name="Equals (245)" classname="spec_perl_TestExprBytesOps_t" time="0.000168085098266602" />
    <testcase name="Equals (246)" classname="spec_perl_TestExprBytesOps_t" time="0.000161886215209961" />
  </testsuite>
  <testsuite name="spec_perl_TestCombineBytes_t" errors="0" failures="0" skipped="0" tests="10" time="0.0531618595123291">
    <system-out>1..10
ok 1 - Equals
ok 2 - Equals
ok 3 - Equals
ok 4 - Equals
ok 5 - Equals
ok 6 - Equals
ok 7 - Equals
ok 8 - Equals
ok 9 - Equals
ok 10 - Equals
</system-out>
    <testcase name="Equals (247)" classname="spec_perl_TestCombineBytes_t" time="0.000204086303710938" />
    <testcase name="Equals (248)" classname="spec_perl_TestCombineBytes_t" time="0.000104904174804688" />
    <testcase name="Equals (249)" classname="spec_perl_TestCombineBytes_t" time="0.000104904174804688" />
    <testcase name="Equals (250)" classname="spec_perl_TestCombineBytes_t" time="0.000107049942016602" />
    <testcase name="Equals (251)" classname="spec_perl_TestCombineBytes_t" time="0.000108003616333008" />
    <testcase name="Equals (252)" classname="spec_perl_TestCombineBytes_t" time="0.000112056732177734" />
    <testcase name="Equals (253)" classname="spec_perl_TestCombineBytes_t" time="0.000102996826171875" />
    <testcase name="Equals (254)" classname="spec_perl_TestCombineBytes_t" time="0.00011897087097168" />
    <testcase name="Equals (255)" classname="spec_perl_TestCombineBytes_t" time="0.000102043151855469" />
    <testcase name="Equals (256)" classname="spec_perl_TestCombineBytes_t" time="0.000102043151855469" />
  </testsuite>
  <testsuite name="spec_perl_TestImportsCastToImported2_t" errors="0" failures="1" skipped="0" tests="2" time="0.0540850162506104">
    <system-out>1..2
ok 1 - Equals
not ok 2 - test_imports_cast_to_imported2 died (Can't call method &quot;one&quot; on an undefined value at spec/perl/TestImportsCastToImported2.t line 15.)
</system-out>
    <testcase name="Equals (257)" classname="spec_perl_TestImportsCastToImported2_t" time="0.000195980072021484" />
    <testcase name="test_imports_cast_to_imported2 died (Can't call method &quot;one&quot; on an undefined value at spec/perl/TestImportsCastToImported2.t line 15.) (257)" classname="spec_perl_TestImportsCastToImported2_t" time="0.000154972076416016">
      <failure message="not ok 2 - test_imports_cast_to_imported2 died (Can't call method &quot;one&quot; on an undefined value at spec/perl/TestImportsCastToImported2.t line 15.)" type="TAP::Parser::Result::Test"></failure>
    </testcase>
  </testsuite>
  <testsuite name="spec_perl_TestStrEncodingsEscapingToS_t" errors="0" failures="0" skipped="0" tests="4" time="0.0581309795379639">
    <system-out>1..4
ok 1 - threw Regexp ((?^:^Unknown encoding 'ASCII\\\\x'))
ok 2 - threw Regexp ((?^:^Unknown encoding 'UTF-8\\'x'))
ok 3 - threw Regexp ((?^:^Unknown encoding 'SJIS\\\&quot;x'))
ok 4 - threw Regexp ((?^:^Unknown encoding 'IBM437\\nx'))
</system-out>
    <testcase name="threw Regexp ((?^:^Unknown encoding 'ASCII\\\\x')) (257)" classname="spec_perl_TestStrEncodingsEscapingToS_t" time="0.000341892242431641" />
    <testcase name="threw Regexp ((?^:^Unknown encoding 'UTF-8\\'x')) (257)" classname="spec_perl_TestStrEncodingsEscapingToS_t" time="0.000211954116821289" />
    <testcase name="threw Regexp ((?^:^Unknown encoding 'SJIS\\\&quot;x')) (257)" classname="spec_perl_TestStrEncodingsEscapingToS_t" time="0.000220060348510742" />
    <testcase name="threw Regexp ((?^:^Unknown encoding 'IBM437\\nx')) (257)" classname="spec_perl_TestStrEncodingsEscapingToS_t" time="0.000217914581298828" />
  </testsuite>
  <testsuite name="spec_perl_TestSwitchElseOnly_t" errors="0" failures="0" skipped="0" tests="3" time="0.0529019832611084">
    <system-out>1..3
ok 1 - Equals
ok 2 - Equals
ok 3 - Equals
</system-out>
    <testcase name="Equals (258)" classname="spec_perl_TestSwitchElseOnly_t" time="0.000189065933227539" />
    <testcase name="Equals (259)" classname="spec_perl_TestSwitchElseOnly_t" time="0.000102996826171875" />
    <testcase name="Equals (260)" classname="spec_perl_TestSwitchElseOnly_t" time="0.00010991096496582" />
  </testsuite>
  <testsuite name="spec_perl_TestProcessRepeatUsertype_t" errors="0" failures="0" skipped="0" tests="4" time="0.0540280342102051">
    <system-out>1..4
ok 1 - Equals
ok 2 - Equals
ok 3 - Equals
ok 4 - Equals
</system-out>
    <testcase name="Equals (261)" classname="spec_perl_TestProcessRepeatUsertype_t" time="0.000476837158203125" />
    <testcase name="Equals (262)" classname="spec_perl_TestProcessRepeatUsertype_t" time="0.000118017196655273" />
    <testcase name="Equals (263)" classname="spec_perl_TestProcessRepeatUsertype_t" time="0.000130176544189453" />
    <testcase name="Equals (264)" classname="spec_perl_TestProcessRepeatUsertype_t" time="0.000116825103759766" />
  </testsuite>
  <testsuite name="spec_perl_TestNestedTypes3_t" errors="0" failures="0" skipped="0" tests="5" time="0.0539178848266602">
    <system-out>1..5
ok 1 - Equals
ok 2 - Equals
ok 3 - Equals
ok 4 - Equals
ok 5 - Equals
</system-out>
    <testcase name="Equals (265)" classname="spec_perl_TestNestedTypes3_t" time="0.000198841094970703" />
    <testcase name="Equals (266)" classname="spec_perl_TestNestedTypes3_t" time="0.000113964080810547" />
    <testcase name="Equals (267)" classname="spec_perl_TestNestedTypes3_t" time="0.000116109848022461" />
    <testcase name="Equals (268)" classname="spec_perl_TestNestedTypes3_t" time="0.00010991096496582" />
    <testcase name="Equals (269)" classname="spec_perl_TestNestedTypes3_t" time="0.000112056732177734" />
  </testsuite>
  <testsuite name="spec_perl_TestEnumNegative_t" errors="0" failures="0" skipped="0" tests="2" time="0.052177906036377">
    <system-out>1..2
ok 1 - Equals
ok 2 - Equals
</system-out>
    <testcase name="Equals (270)" classname="spec_perl_TestEnumNegative_t" time="0.000185966491699219" />
    <testcase name="Equals (271)" classname="spec_perl_TestEnumNegative_t" time="0.000112056732177734" />
  </testsuite>
  <testsuite name="spec_perl_TestBitsSignedResB32Be_t" errors="0" failures="0" skipped="0" tests="1" time="0.0523948669433594">
    <system-out>1..1
ok 1 - Equals
</system-out>
    <testcase name="Equals (272)" classname="spec_perl_TestBitsSignedResB32Be_t" time="0.000187873840332031" />
  </testsuite>
  <testsuite name="spec_perl_TestMultipleUse_t" errors="0" failures="0" skipped="0" tests="2" time="0.0527558326721191">
    <system-out>1..2
ok 1 - Equals
ok 2 - Equals
</system-out>
    <testcase name="Equals (273)" classname="spec_perl_TestMultipleUse_t" time="0.00023198127746582" />
    <testcase name="Equals (274)" classname="spec_perl_TestMultipleUse_t" time="8.79764556884766e-05" />
  </testsuite>
  <testsuite name="spec_perl_TestDefaultEndianExprInherited_t" errors="0" failures="0" skipped="0" tests="15" time="0.0557229518890381">
    <system-out>1..15
ok 1 - Equals
ok 2 - Equals
ok 3 - Equals
ok 4 - Equals
ok 5 - Equals
ok 6 - Equals
ok 7 - Equals
ok 8 - Equals
ok 9 - Equals
ok 10 - Equals
ok 11 - Equals
ok 12 - Equals
ok 13 - Equals
ok 14 - Equals
ok 15 - Equals
</system-out>
    <testcase name="Equals (275)" classname="spec_perl_TestDefaultEndianExprInherited_t" time="0.000334024429321289" />
    <testcase name="Equals (276)" classname="spec_perl_TestDefaultEndianExprInherited_t" time="0.000156164169311523" />
    <testcase name="Equals (277)" classname="spec_perl_TestDefaultEndianExprInherited_t" time="0.0001678466796875" />
    <testcase name="Equals (278)" classname="spec_perl_TestDefaultEndianExprInherited_t" time="0.000163078308105469" />
    <testcase name="Equals (279)" classname="spec_perl_TestDefaultEndianExprInherited_t" time="0.000169992446899414" />
    <testcase name="Equals (280)" classname="spec_perl_TestDefaultEndianExprInherited_t" time="0.000168085098266602" />
    <testcase name="Equals (281)" classname="spec_perl_TestDefaultEndianExprInherited_t" time="0.000163793563842773" />
    <testcase name="Equals (282)" classname="spec_perl_TestDefaultEndianExprInherited_t" time="0.00015711784362793" />
    <testcase name="Equals (283)" classname="spec_perl_TestDefaultEndianExprInherited_t" time="0.000178098678588867" />
    <testcase name="Equals (284)" classname="spec_perl_TestDefaultEndianExprInherited_t" time="0.000177860260009766" />
    <testcase name="Equals (285)" classname="spec_perl_TestDefaultEndianExprInherited_t" time="0.000149011611938477" />
    <testcase name="Equals (286)" classname="spec_perl_TestDefaultEndianExprInherited_t" time="0.000152111053466797" />
    <testcase name="Equals (287)" classname="spec_perl_TestDefaultEndianExprInherited_t" time="0.000154972076416016" />
    <testcase name="Equals (288)" classname="spec_perl_TestDefaultEndianExprInherited_t" time="0.000154972076416016" />
    <testcase name="Equals (289)" classname="spec_perl_TestDefaultEndianExprInherited_t" time="0.000187873840332031" />
  </testsuite>
  <testsuite name="spec_perl_TestParamsPassArrayStr_t" errors="0" failures="1" skipped="6" tests="7" time="0.0581710338592529">
    <system-out>1..7
not ok 1 - test_params_pass_array_str died (Can't use an undefined value as an ARRAY reference at spec/perl/TestParamsPassArrayStr.t line 14.)
ok 2 # skip test_params_pass_array_str died
ok 3 # skip test_params_pass_array_str died
ok 4 # skip test_params_pass_array_str died
ok 5 # skip test_params_pass_array_str died
ok 6 # skip test_params_pass_array_str died
ok 7 # skip test_params_pass_array_str died
</system-out>
    <testcase name="test_params_pass_array_str died (Can't use an undefined value as an ARRAY reference at spec/perl/TestParamsPassArrayStr.t line 14.) (289)" classname="spec_perl_TestParamsPassArrayStr_t" time="0.000232934951782227">
      <failure message="not ok 1 - test_params_pass_array_str died (Can't use an undefined value as an ARRAY reference at spec/perl/TestParamsPassArrayStr.t line 14.)" type="TAP::Parser::Result::Test"></failure>
    </testcase>
    <testcase name="Unnamed test case 289" classname="spec_perl_TestParamsPassArrayStr_t" time="0.000643014907836914">
      <skipped message="ok 2 # skip test_params_pass_array_str died" />
    </testcase>
    <testcase name="Unnamed test case 290" classname="spec_perl_TestParamsPassArrayStr_t" time="6.50882720947266e-05">
      <skipped message="ok 3 # skip test_params_pass_array_str died" />
    </testcase>
    <testcase name="Unnamed test case 291" classname="spec_perl_TestParamsPassArrayStr_t" time="7.39097595214844e-05">
      <skipped message="ok 4 # skip test_params_pass_array_str died" />
    </testcase>
    <testcase name="Unnamed test case 292" classname="spec_perl_TestParamsPassArrayStr_t" time="0.000125885009765625">
      <skipped message="ok 5 # skip test_params_pass_array_str died" />
    </testcase>
    <testcase name="Unnamed test case 293" classname="spec_perl_TestParamsPassArrayStr_t" time="0.000145196914672852">
      <skipped message="ok 6 # skip test_params_pass_array_str died" />
    </testcase>
    <testcase name="Unnamed test case 294" classname="spec_perl_TestParamsPassArrayStr_t" time="0.000155925750732422">
      <skipped message="ok 7 # skip test_params_pass_array_str died" />
    </testcase>
  </testsuite>
  <testsuite name="spec_perl_TestNavParentSwitch_t" errors="0" failures="0" skipped="0" tests="3" time="0.0525920391082764">
    <system-out>1..3
ok 1 - Equals
ok 2 - Equals
ok 3 - Equals
</system-out>
    <testcase name="Equals (294)" classname="spec_perl_TestNavParentSwitch_t" time="0.000231027603149414" />
    <testcase name="Equals (295)" classname="spec_perl_TestNavParentSwitch_t" time="8.20159912109375e-05" />
    <testcase name="Equals (296)" classname="spec_perl_TestNavParentSwitch_t" time="0.000164031982421875" />
  </testsuite>
  <testsuite name="spec_perl_TestNestedTypes_t" errors="0" failures="0" skipped="0" tests="3" time="0.0530879497528076">
    <system-out>1..3
ok 1 - Equals
ok 2 - Equals
ok 3 - Equals
</system-out>
    <testcase name="Equals (297)" classname="spec_perl_TestNestedTypes_t" time="0.000174999237060547" />
    <testcase name="Equals (298)" classname="spec_perl_TestNestedTypes_t" time="0.000125885009765625" />
    <testcase name="Equals (299)" classname="spec_perl_TestNestedTypes_t" time="0.000123023986816406" />
  </testsuite>
  <testsuite name="spec_perl_TestEnumDeepLiterals_t" errors="0" failures="0" skipped="0" tests="2" time="0.0524499416351318">
    <system-out>1..2
ok 1 - Equals
ok 2 - Equals
</system-out>
    <testcase name="Equals (300)" classname="spec_perl_TestEnumDeepLiterals_t" time="0.000174999237060547" />
    <testcase name="Equals (301)" classname="spec_perl_TestEnumDeepLiterals_t" time="8.89301300048828e-05" />
  </testsuite>
  <testsuite name="spec_perl_TestValidEqStrEncodings_t" errors="0" failures="0" skipped="1" tests="1" time="0.0598502159118652">
    <system-out>1..1
ok 1 # skip ValidEqStrEncodings=HASH(0x55b4ad287808)
</system-out>
    <testcase name="Unnamed test case 301" classname="spec_perl_TestValidEqStrEncodings_t" time="0.00393581390380859">
      <skipped message="ok 1 # skip ValidEqStrEncodings=HASH(0x55b4ad287808)" />
    </testcase>
  </testsuite>
  <testsuite name="spec_perl_TestJsSignedRightShift_t" errors="0" failures="0" skipped="0" tests="2" time="0.0522739887237549">
    <system-out>1..2
ok 1 - Equals
ok 2 - Equals
</system-out>
    <testcase name="Equals (302)" classname="spec_perl_TestJsSignedRightShift_t" time="0.000198125839233398" />
    <testcase name="Equals (303)" classname="spec_perl_TestJsSignedRightShift_t" time="0.000102996826171875" />
  </testsuite>
  <testsuite name="spec_perl_TestStrEncodingsEscapingEnc_t" errors="0" failures="0" skipped="0" tests="4" time="0.0591671466827393">
    <system-out>1..4
ok 1 - threw Regexp ((?^:^Unknown encoding 'ASCII\\\\x'))
ok 2 - threw Regexp ((?^:^Unknown encoding 'UTF-8\\'x'))
ok 3 - threw Regexp ((?^:^Unknown encoding 'SJIS\\\&quot;x'))
ok 4 - threw Regexp ((?^:^Unknown encoding 'IBM437\\nx'))
</system-out>
    <testcase name="threw Regexp ((?^:^Unknown encoding 'ASCII\\\\x')) (303)" classname="spec_perl_TestStrEncodingsEscapingEnc_t" time="0.000602006912231445" />
    <testcase name="threw Regexp ((?^:^Unknown encoding 'UTF-8\\'x')) (303)" classname="spec_perl_TestStrEncodingsEscapingEnc_t" time="0.000225067138671875" />
    <testcase name="threw Regexp ((?^:^Unknown encoding 'SJIS\\\&quot;x')) (303)" classname="spec_perl_TestStrEncodingsEscapingEnc_t" time="0.000217914581298828" />
    <testcase name="threw Regexp ((?^:^Unknown encoding 'IBM437\\nx')) (303)" classname="spec_perl_TestStrEncodingsEscapingEnc_t" time="0.00023198127746582" />
  </testsuite>
  <testsuite name="spec_perl_TestEosExceptionBytes_t" errors="0" failures="0" skipped="0" tests="1" time="0.0536608695983887">
    <system-out>1..1
ok 1 - threw /^Requested \d+ bytes, but only \d+ bytes available/
</system-out>
    <testcase name="threw /^Requested \d+ bytes, but only \d+ bytes available/ (303)" classname="spec_perl_TestEosExceptionBytes_t" time="0.000425100326538086" />
  </testsuite>
  <testsuite name="spec_perl_TestRecursiveOne_t" errors="0" failures="0" skipped="0" tests="4" time="0.0528619289398193">
    <system-out>1..4
ok 1 - Equals
ok 2 - Equals
ok 3 - Equals
ok 4 - Equals
</system-out>
    <testcase name="Equals (304)" classname="spec_perl_TestRecursiveOne_t" time="0.000199079513549805" />
    <testcase name="Equals (305)" classname="spec_perl_TestRecursiveOne_t" time="9.58442687988281e-05" />
    <testcase name="Equals (306)" classname="spec_perl_TestRecursiveOne_t" time="0.000111103057861328" />
    <testcase name="Equals (307)" classname="spec_perl_TestRecursiveOne_t" time="0.000108003616333008" />
  </testsuite>
  <testsuite name="spec_perl_TestSwitchManualInt_t" errors="0" failures="0" skipped="0" tests="9" time="0.0572128295898438">
    <system-out>1..9
ok 1 - Equals
ok 2 - Equals
ok 3 - Equals
ok 4 - Equals
ok 5 - Equals
ok 6 - Equals
ok 7 - Equals
ok 8 - Equals
ok 9 - Equals
</system-out>
    <testcase name="Equals (308)" classname="spec_perl_TestSwitchManualInt_t" time="0.000227928161621094" />
    <testcase name="Equals (309)" classname="spec_perl_TestSwitchManualInt_t" time="9.20295715332031e-05" />
    <testcase name="Equals (310)" classname="spec_perl_TestSwitchManualInt_t" time="0.000121116638183594" />
    <testcase name="Equals (311)" classname="spec_perl_TestSwitchManualInt_t" time="0.000123023986816406" />
    <testcase name="Equals (312)" classname="spec_perl_TestSwitchManualInt_t" time="0.000103950500488281" />
    <testcase name="Equals (313)" classname="spec_perl_TestSwitchManualInt_t" time="0.000118017196655273" />
    <testcase name="Equals (314)" classname="spec_perl_TestSwitchManualInt_t" time="9.60826873779297e-05" />
    <testcase name="Equals (315)" classname="spec_perl_TestSwitchManualInt_t" time="0.000110864639282227" />
    <testcase name="Equals (316)" classname="spec_perl_TestSwitchManualInt_t" time="0.000100135803222656" />
  </testsuite>
  <testsuite name="spec_perl_TestNestedSameName2_t" errors="0" failures="0" skipped="0" tests="5" time="0.053480863571167">
    <system-out>1..5
ok 1 - Equals
ok 2 - Equals
ok 3 - Equals
ok 4 - Equals
ok 5 - Equals
</system-out>
    <testcase name="Equals (317)" classname="spec_perl_TestNestedSameName2_t" time="0.000216007232666016" />
    <testcase name="Equals (318)" classname="spec_perl_TestNestedSameName2_t" time="0.000113010406494141" />
    <testcase name="Equals (319)" classname="spec_perl_TestNestedSameName2_t" time="0.000116825103759766" />
    <testcase name="Equals (320)" classname="spec_perl_TestNestedSameName2_t" time="0.000108003616333008" />
    <testcase name="Equals (321)" classname="spec_perl_TestNestedSameName2_t" time="0.0001220703125" />
  </testsuite>
  <testsuite name="spec_perl_TestDocstringsDocrefMulti_t" errors="0" failures="0" skipped="1" tests="1" time="0.0528500080108643">
    <system-out>1..1
ok 1 # skip DocstringsDocrefMulti=HASH(0x5642b079a9c0)
</system-out>
    <testcase name="Unnamed test case 321" classname="spec_perl_TestDocstringsDocrefMulti_t" time="0.000932931900024414">
      <skipped message="ok 1 # skip DocstringsDocrefMulti=HASH(0x5642b079a9c0)" />
    </testcase>
  </testsuite>
  <testsuite name="spec_perl_TestStrEncodingsDefault_t" errors="0" failures="0" skipped="0" tests="4" time="0.0594310760498047">
    <system-out>1..4
ok 1 - Equals
ok 2 - Equals
ok 3 - Equals
ok 4 - Equals
</system-out>
    <testcase name="Equals (322)" classname="spec_perl_TestStrEncodingsDefault_t" time="0.00320696830749512" />
    <testcase name="Equals (323)" classname="spec_perl_TestStrEncodingsDefault_t" time="0.000108003616333008" />
    <testcase name="Equals (324)" classname="spec_perl_TestStrEncodingsDefault_t" time="0.000114917755126953" />
    <testcase name="Equals (325)" classname="spec_perl_TestStrEncodingsDefault_t" time="0.000105142593383789" />
  </testsuite>
  <testsuite name="spec_perl_TestSwitchManualEnumInvalid_t" errors="0" failures="0" skipped="0" tests="5" time="0.0570011138916016">
    <system-out>1..5
ok 1 - Equals
ok 2 - Equals
ok 3 - nil
ok 4 - Equals
ok 5 - nil
</system-out>
    <testcase name="Equals (326)" classname="spec_perl_TestSwitchManualEnumInvalid_t" time="0.000190019607543945" />
    <testcase name="Equals (327)" classname="spec_perl_TestSwitchManualEnumInvalid_t" time="0.000105857849121094" />
    <testcase name="nil (327)" classname="spec_perl_TestSwitchManualEnumInvalid_t" time="5.10215759277344e-05" />
    <testcase name="Equals (328)" classname="spec_perl_TestSwitchManualEnumInvalid_t" time="0.000106096267700195" />
    <testcase name="nil (328)" classname="spec_perl_TestSwitchManualEnumInvalid_t" time="4.79221343994141e-05" />
  </testsuite>
  <testsuite name="spec_perl_TestEnumToIClassBorder1_t" errors="0" failures="1" skipped="0" tests="3" time="0.054502010345459">
    <system-out>1..3
ok 1 - Equals
ok 2 - Equals
not ok 3 - test_enum_to_i_class_border_1 died (Can't call method &quot;some_dog&quot; on an undefined value at compiled/perl/EnumToIClassBorder2.pm line 43.)
</system-out>
    <testcase name="Equals (329)" classname="spec_perl_TestEnumToIClassBorder1_t" time="0.000155925750732422" />
    <testcase name="Equals (330)" classname="spec_perl_TestEnumToIClassBorder1_t" time="0.000104188919067383" />
    <testcase name="test_enum_to_i_class_border_1 died (Can't call method &quot;some_dog&quot; on an undefined value at compiled/perl/EnumToIClassBorder2.pm line 43.) (330)" classname="spec_perl_TestEnumToIClassBorder1_t" time="0.000198841094970703">
      <failure message="not ok 3 - test_enum_to_i_class_border_1 died (Can't call method &quot;some_dog&quot; on an undefined value at compiled/perl/EnumToIClassBorder2.pm line 43.)" type="TAP::Parser::Result::Test"></failure>
    </testcase>
  </testsuite>
  <testsuite name="spec_perl_TestExprBytesNonLiteral_t" errors="0" failures="0" skipped="0" tests="3" time="0.0530378818511963">
    <system-out>1..3
ok 1 - Equals
ok 2 - Equals
ok 3 - Equals
</system-out>
    <testcase name="Equals (331)" classname="spec_perl_TestExprBytesNonLiteral_t" time="0.000186920166015625" />
    <testcase name="Equals (332)" classname="spec_perl_TestExprBytesNonLiteral_t" time="0.000111103057861328" />
    <testcase name="Equals (333)" classname="spec_perl_TestExprBytesNonLiteral_t" time="0.000112056732177734" />
  </testsuite>
  <testsuite name="spec_perl_TestIfInstances_t" errors="0" failures="0" skipped="0" tests="1" time="0.0524330139160156">
    <system-out>1..1
ok 1 - nil
</system-out>
    <testcase name="nil (333)" classname="spec_perl_TestIfInstances_t" time="0.000101089477539062" />
  </testsuite>
  <testsuite name="spec_perl_TestEnum1_t" errors="0" failures="0" skipped="0" tests="2" time="0.0530669689178467">
    <system-out>1..2
ok 1 - Equals
ok 2 - Equals
</system-out>
    <testcase name="Equals (334)" classname="spec_perl_TestEnum1_t" time="0.000206947326660156" />
    <testcase name="Equals (335)" classname="spec_perl_TestEnum1_t" time="0.000102043151855469" />
  </testsuite>
  <testsuite name="spec_perl_TestYamlInts_t" errors="0" failures="0" skipped="0" tests="4" time="0.0528390407562256">
    <system-out>1..4
ok 1 - Equals
ok 2 - Equals
ok 3 - Equals
ok 4 - Equals
</system-out>
    <testcase name="Equals (336)" classname="spec_perl_TestYamlInts_t" time="0.000175952911376953" />
    <testcase name="Equals (337)" classname="spec_perl_TestYamlInts_t" time="0.000100135803222656" />
    <testcase name="Equals (338)" classname="spec_perl_TestYamlInts_t" time="0.000118017196655273" />
    <testcase name="Equals (339)" classname="spec_perl_TestYamlInts_t" time="0.000122785568237305" />
  </testsuite>
  <testsuite name="spec_perl_TestProcessCustom_t" errors="1" failures="0" skipped="0" tests="0" time="0.0514059066772461">
    <system-out></system-out>
    <testcase name="Test died too soon, even before plan. (339)" classname="spec_perl_TestProcessCustom_t" time="0.0514059066772461">
      <failure message="The test suite died before a plan was produced. You need to have a plan." type="Plan">No plan</failure>
    </testcase>
  </testsuite>
  <testsuite name="spec_perl_TestSwitchManualEnumInvalidElse_t" errors="0" failures="0" skipped="0" tests="5" time="0.057344913482666">
    <system-out>1..5
ok 1 - Equals
ok 2 - Equals
ok 3 - Equals
ok 4 - Equals
ok 5 - Equals
</system-out>
    <testcase name="Equals (340)" classname="spec_perl_TestSwitchManualEnumInvalidElse_t" time="0.000212907791137695" />
    <testcase name="Equals (341)" classname="spec_perl_TestSwitchManualEnumInvalidElse_t" time="0.000139951705932617" />
    <testcase name="Equals (342)" classname="spec_perl_TestSwitchManualEnumInvalidElse_t" time="0.000108003616333008" />
    <testcase name="Equals (343)" classname="spec_perl_TestSwitchManualEnumInvalidElse_t" time="0.000117063522338867" />
    <testcase name="Equals (344)" classname="spec_perl_TestSwitchManualEnumInvalidElse_t" time="0.000117063522338867" />
  </testsuite>
  <testsuite name="spec_perl_TestSwitchManualEnum_t" errors="0" failures="0" skipped="0" tests="9" time="0.0712940692901611">
    <system-out>1..9
ok 1 - Equals
ok 2 - Equals
ok 3 - Equals
ok 4 - Equals
ok 5 - Equals
ok 6 - Equals
ok 7 - Equals
ok 8 - Equals
ok 9 - Equals
</system-out>
    <testcase name="Equals (345)" classname="spec_perl_TestSwitchManualEnum_t" time="0.000296831130981445" />
    <testcase name="Equals (346)" classname="spec_perl_TestSwitchManualEnum_t" time="0.000162124633789062" />
    <testcase name="Equals (347)" classname="spec_perl_TestSwitchManualEnum_t" time="0.000208854675292969" />
    <testcase name="Equals (348)" classname="spec_perl_TestSwitchManualEnum_t" time="0.000159978866577148" />
    <testcase name="Equals (349)" classname="spec_perl_TestSwitchManualEnum_t" time="0.000170230865478516" />
    <testcase name="Equals (350)" classname="spec_perl_TestSwitchManualEnum_t" time="0.000165939331054688" />
    <testcase name="Equals (351)" classname="spec_perl_TestSwitchManualEnum_t" time="0.000157833099365234" />
    <testcase name="Equals (352)" classname="spec_perl_TestSwitchManualEnum_t" time="0.00015711784362793" />
    <testcase name="Equals (353)" classname="spec_perl_TestSwitchManualEnum_t" time="0.000155925750732422" />
  </testsuite>
  <testsuite name="spec_perl_TestProcessRepeatBytes_t" errors="0" failures="0" skipped="0" tests="2" time="0.0529730319976807">
    <system-out>1..2
ok 1 - Equals
ok 2 - Equals
</system-out>
    <testcase name="Equals (354)" classname="spec_perl_TestProcessRepeatBytes_t" time="0.000181913375854492" />
    <testcase name="Equals (355)" classname="spec_perl_TestProcessRepeatBytes_t" time="9.70363616943359e-05" />
  </testsuite>
  <testsuite name="spec_perl_TestBitsSignedResB32Le_t" errors="0" failures="0" skipped="0" tests="1" time="0.052595853805542">
    <system-out>1..1
ok 1 - Equals
</system-out>
    <testcase name="Equals (356)" classname="spec_perl_TestBitsSignedResB32Le_t" time="0.000194072723388672" />
  </testsuite>
  <testsuite name="spec_perl_TestParamsPassUsertype_t" errors="0" failures="1" skipped="1" tests="2" time="0.0540800094604492">
    <system-out>1..2
not ok 1 - test_params_pass_usertype died (Can't call method &quot;foo&quot; on an undefined value at compiled/perl/ParamsPassUsertype.pm line 119.)
ok 2 # skip test_params_pass_usertype died
</system-out>
    <testcase name="test_params_pass_usertype died (Can't call method &quot;foo&quot; on an undefined value at compiled/perl/ParamsPassUsertype.pm line 119.) (356)" classname="spec_perl_TestParamsPassUsertype_t" time="0.00032806396484375">
      <failure message="not ok 1 - test_params_pass_usertype died (Can't call method &quot;foo&quot; on an undefined value at compiled/perl/ParamsPassUsertype.pm line 119.)" type="TAP::Parser::Result::Test"></failure>
    </testcase>
    <testcase name="Unnamed test case 356" classname="spec_perl_TestParamsPassUsertype_t" time="0.000494956970214844">
      <skipped message="ok 2 # skip test_params_pass_usertype died" />
    </testcase>
  </testsuite>
  <testsuite name="spec_perl_TestRepeatNStrzDouble_t" errors="0" failures="0" skipped="0" tests="3" time="0.0561058521270752">
    <system-out>1..3
ok 1 - Equals
ok 2 - Equals
ok 3 - Equals
</system-out>
    <testcase name="Equals (357)" classname="spec_perl_TestRepeatNStrzDouble_t" time="0.000245094299316406" />
    <testcase name="Equals (358)" classname="spec_perl_TestRepeatNStrzDouble_t" time="8.48770141601562e-05" />
    <testcase name="Equals (359)" classname="spec_perl_TestRepeatNStrzDouble_t" time="8.0108642578125e-05" />
  </testsuite>
  <testsuite name="spec_perl_TestPositionAbs_t" errors="0" failures="0" skipped="0" tests="2" time="0.0568978786468506">
    <system-out>1..2
ok 1 - Equals
ok 2 - Equals
</system-out>
    <testcase name="Equals (360)" classname="spec_perl_TestPositionAbs_t" time="0.000190973281860352" />
    <testcase name="Equals (361)" classname="spec_perl_TestPositionAbs_t" time="0.000169992446899414" />
  </testsuite>
  <testsuite name="spec_perl_TestIfValues_t" errors="0" failures="0" skipped="0" tests="6" time="0.0526149272918701">
    <system-out>1..6
ok 1 - Equals
ok 2 - Equals
ok 3 - Equals
ok 4 - nil
ok 5 - Equals
ok 6 - nil
</system-out>
    <testcase name="Equals (362)" classname="spec_perl_TestIfValues_t" time="0.00022578239440918" />
    <testcase name="Equals (363)" classname="spec_perl_TestIfValues_t" time="6.103515625e-05" />
    <testcase name="Equals (364)" classname="spec_perl_TestIfValues_t" time="0.000123023986816406" />
    <testcase name="nil (364)" classname="spec_perl_TestIfValues_t" time="4.91142272949219e-05" />
    <testcase name="Equals (365)" classname="spec_perl_TestIfValues_t" time="0.000105857849121094" />
    <testcase name="nil (365)" classname="spec_perl_TestIfValues_t" time="4.81605529785156e-05" />
  </testsuite>
  <testsuite name="spec_perl_TestIfStruct_t" errors="0" failures="0" skipped="0" tests="7" time="0.0569679737091064">
    <system-out>1..7
ok 1 - Equals
ok 2 - Equals
ok 3 - Equals
ok 4 - Equals
ok 5 - Equals
ok 6 - Equals
ok 7 - Equals
</system-out>
    <testcase name="Equals (366)" classname="spec_perl_TestIfStruct_t" time="0.000310897827148438" />
    <testcase name="Equals (367)" classname="spec_perl_TestIfStruct_t" time="8.70227813720703e-05" />
    <testcase name="Equals (368)" classname="spec_perl_TestIfStruct_t" time="0.000118017196655273" />
    <testcase name="Equals (369)" classname="spec_perl_TestIfStruct_t" time="0.000112056732177734" />
    <testcase name="Equals (370)" classname="spec_perl_TestIfStruct_t" time="0.000110864639282227" />
    <testcase name="Equals (371)" classname="spec_perl_TestIfStruct_t" time="0.000120162963867188" />
    <testcase name="Equals (372)" classname="spec_perl_TestIfStruct_t" time="0.000107049942016602" />
  </testsuite>
  <testsuite name="spec_perl_TestInstanceUserArray_t" errors="0" failures="0" skipped="0" tests="10" time="0.0538229942321777">
    <system-out>1..10
ok 1 - Equals
ok 2 - Equals
ok 3 - Equals
ok 4 - Equals
ok 5 - Equals
ok 6 - Equals
ok 7 - Equals
ok 8 - Equals
ok 9 - Equals
ok 10 - Equals
</system-out>
    <testcase name="Equals (373)" classname="spec_perl_TestInstanceUserArray_t" time="0.00018310546875" />
    <testcase name="Equals (374)" classname="spec_perl_TestInstanceUserArray_t" time="0.000104904174804688" />
    <testcase name="Equals (375)" classname="spec_perl_TestInstanceUserArray_t" time="0.000138998031616211" />
    <testcase name="Equals (376)" classname="spec_perl_TestInstanceUserArray_t" time="0.000432014465332031" />
    <testcase name="Equals (377)" classname="spec_perl_TestInstanceUserArray_t" time="0.000123023986816406" />
    <testcase name="Equals (378)" classname="spec_perl_TestInstanceUserArray_t" time="0.000111103057861328" />
    <testcase name="Equals (379)" classname="spec_perl_TestInstanceUserArray_t" time="0.00010991096496582" />
    <testcase name="Equals (380)" classname="spec_perl_TestInstanceUserArray_t" time="0.000111103057861328" />
    <testcase name="Equals (381)" classname="spec_perl_TestInstanceUserArray_t" time="0.000108003616333008" />
    <testcase name="Equals (382)" classname="spec_perl_TestInstanceUserArray_t" time="0.000108003616333008" />
  </testsuite>
  <testsuite name="spec_perl_TestImportsParamsDefArrayUsertypeImported_t" errors="0" failures="1" skipped="1" tests="5" time="0.0558309555053711">
    <system-out>1..5
ok 1 - Equals
ok 2 - Equals
ok 3 - Equals
not ok 4 - test_imports_params_def_array_usertype_imported died (Can't use an undefined value as an ARRAY reference at compiled/perl/ParamsDefArrayUsertypeImported.pm line 43.)
ok 5 # skip test_imports_params_def_array_usertype_imported died
</system-out>
    <testcase name="Equals (383)" classname="spec_perl_TestImportsParamsDefArrayUsertypeImported_t" time="0.000259876251220703" />
    <testcase name="Equals (384)" classname="spec_perl_TestImportsParamsDefArrayUsertypeImported_t" time="0.000162124633789062" />
    <testcase name="Equals (385)" classname="spec_perl_TestImportsParamsDefArrayUsertypeImported_t" time="0.000162839889526367" />
    <testcase name="test_imports_params_def_array_usertype_imported died (Can't use an undefined value as an ARRAY reference at compiled/perl/ParamsDefArrayUsertypeImported.pm line 43.) (385)" classname="spec_perl_TestImportsParamsDefArrayUsertypeImported_t" time="0.000223159790039062">
      <failure message="not ok 4 - test_imports_params_def_array_usertype_imported died (Can't use an undefined value as an ARRAY reference at compiled/perl/ParamsDefArrayUsertypeImported.pm line 43.)" type="TAP::Parser::Result::Test"></failure>
    </testcase>
    <testcase name="Unnamed test case 385" classname="spec_perl_TestImportsParamsDefArrayUsertypeImported_t" time="0.000625848770141602">
      <skipped message="ok 5 # skip test_imports_params_def_array_usertype_imported died" />
    </testcase>
  </testsuite>
  <testsuite name="spec_perl_TestNavRoot_t" errors="0" failures="0" skipped="0" tests="5" time="0.0565149784088135">
    <system-out>1..5
ok 1 - Equals
ok 2 - Equals
ok 3 - Equals
ok 4 - Equals
ok 5 - Equals
</system-out>
    <testcase name="Equals (386)" classname="spec_perl_TestNavRoot_t" time="0.000303983688354492" />
    <testcase name="Equals (387)" classname="spec_perl_TestNavRoot_t" time="6.19888305664062e-05" />
    <testcase name="Equals (388)" classname="spec_perl_TestNavRoot_t" time="0.000115156173706055" />
    <testcase name="Equals (389)" classname="spec_perl_TestNavRoot_t" time="0.000113010406494141" />
    <testcase name="Equals (390)" classname="spec_perl_TestNavRoot_t" time="0.000121831893920898" />
  </testsuite>
  <testsuite name="spec_perl_TestValidOptionalId_t" errors="1" failures="0" skipped="0" tests="0" time="0.0507969856262207">
    <system-out></system-out>
    <testcase name="Test died too soon, even before plan. (390)" classname="spec_perl_TestValidOptionalId_t" time="0.0507969856262207">
      <failure message="The test suite died before a plan was produced. You need to have a plan." type="Plan">No plan</failure>
    </testcase>
  </testsuite>
  <testsuite name="spec_perl_TestValidNotParsedIf_t" errors="0" failures="0" skipped="1" tests="1" time="0.0528690814971924">
    <system-out>1..1
ok 1 # skip ValidNotParsedIf=HASH(0x561f55e442b8)
</system-out>
    <testcase name="Unnamed test case 390" classname="spec_perl_TestValidNotParsedIf_t" time="0.000896930694580078">
      <skipped message="ok 1 # skip ValidNotParsedIf=HASH(0x561f55e442b8)" />
    </testcase>
  </testsuite>
  <testsuite name="spec_perl_TestExprSizeofValue0_t" errors="0" failures="0" skipped="0" tests="5" time="0.0528759956359863">
    <system-out>1..5
ok 1 - Equals
ok 2 - Equals
ok 3 - Equals
ok 4 - Equals
ok 5 - Equals
</system-out>
    <testcase name="Equals (391)" classname="spec_perl_TestExprSizeofValue0_t" time="0.00019383430480957" />
    <testcase name="Equals (392)" classname="spec_perl_TestExprSizeofValue0_t" time="0.000108003616333008" />
    <testcase name="Equals (393)" classname="spec_perl_TestExprSizeofValue0_t" time="0.000112056732177734" />
    <testcase name="Equals (394)" classname="spec_perl_TestExprSizeofValue0_t" time="0.000108003616333008" />
    <testcase name="Equals (395)" classname="spec_perl_TestExprSizeofValue0_t" time="0.000112056732177734" />
  </testsuite>
  <testsuite name="spec_perl_TestTypeIntUnaryOp_t" errors="0" failures="0" skipped="0" tests="4" time="0.0534911155700684">
    <system-out>1..4
ok 1 - Equals
ok 2 - Equals
ok 3 - Equals
ok 4 - Equals
</system-out>
    <testcase name="Equals (396)" classname="spec_perl_TestTypeIntUnaryOp_t" time="0.000177145004272461" />
    <testcase name="Equals (397)" classname="spec_perl_TestTypeIntUnaryOp_t" time="0.000102996826171875" />
    <testcase name="Equals (398)" classname="spec_perl_TestTypeIntUnaryOp_t" time="0.000110864639282227" />
    <testcase name="Equals (399)" classname="spec_perl_TestTypeIntUnaryOp_t" time="0.000117063522338867" />
  </testsuite>
  <testsuite name="spec_perl_TestIndexToParamEos_t" errors="0" failures="2" skipped="0" tests="7" time="0.0597889423370361">
    <system-out>1..7
[...]
ok 4 - Equals
ok 5 - Equals
ok 6 - Equals
ok 7 - Equals
ok 8 - Approx equals
ok 9 - Approx equals
ok 10 - Approx equals
ok 11 - Approx equals
ok 12 - Approx equals
ok 13 - Equals
ok 14 - Equals
ok 15 - Equals
ok 16 - Equals
ok 17 - Equals
ok 18 - Equals
</system-out>
    <testcase name="Equals (920)" classname="spec_perl_TestExprCalcArrayOps_t" time="0.000251054763793945" />
    <testcase name="Equals (921)" classname="spec_perl_TestExprCalcArrayOps_t" time="0.0001678466796875" />
    <testcase name="Equals (922)" classname="spec_perl_TestExprCalcArrayOps_t" time="0.000177145004272461" />
    <testcase name="Equals (923)" classname="spec_perl_TestExprCalcArrayOps_t" time="0.00017094612121582" />
    <testcase name="Equals (924)" classname="spec_perl_TestExprCalcArrayOps_t" time="0.000169038772583008" />
    <testcase name="Equals (925)" classname="spec_perl_TestExprCalcArrayOps_t" time="0.000182867050170898" />
    <testcase name="Equals (926)" classname="spec_perl_TestExprCalcArrayOps_t" time="0.000163078308105469" />
    <testcase name="Approx equals (926)" classname="spec_perl_TestExprCalcArrayOps_t" time="6.69956207275391e-05" />
    <testcase name="Approx equals (927)" classname="spec_perl_TestExprCalcArrayOps_t" time="8.79764556884766e-05" />
    <testcase name="Approx equals (928)" classname="spec_perl_TestExprCalcArrayOps_t" time="6.19888305664062e-05" />
    <testcase name="Approx equals (929)" classname="spec_perl_TestExprCalcArrayOps_t" time="9.29832458496094e-05" />
    <testcase name="Approx equals (930)" classname="spec_perl_TestExprCalcArrayOps_t" time="6.31809234619141e-05" />
    <testcase name="Equals (930)" classname="spec_perl_TestExprCalcArrayOps_t" time="0.000188827514648438" />
    <testcase name="Equals (931)" classname="spec_perl_TestExprCalcArrayOps_t" time="0.000169038772583008" />
    <testcase name="Equals (932)" classname="spec_perl_TestExprCalcArrayOps_t" time="0.000185012817382812" />
    <testcase name="Equals (933)" classname="spec_perl_TestExprCalcArrayOps_t" time="0.000169038772583008" />
    <testcase name="Equals (934)" classname="spec_perl_TestExprCalcArrayOps_t" time="0.000169992446899414" />
    <testcase name="Equals (935)" classname="spec_perl_TestExprCalcArrayOps_t" time="0.000164985656738281" />
  </testsuite>
  <testsuite name="spec_perl_TestExprFstring0_t" errors="0" failures="0" skipped="0" tests="9" time="0.0569500923156738">
    <system-out>1..9
ok 1 - Equals
ok 2 - Equals
ok 3 - Equals
ok 4 - Equals
ok 5 - Equals
ok 6 - Equals
ok 7 - Equals
ok 8 - Equals
ok 9 - Equals
</system-out>
    <testcase name="Equals (936)" classname="spec_perl_TestExprFstring0_t" time="0.000195980072021484" />
    <testcase name="Equals (937)" classname="spec_perl_TestExprFstring0_t" time="0.000105142593383789" />
    <testcase name="Equals (938)" classname="spec_perl_TestExprFstring0_t" time="0.000116825103759766" />
    <testcase name="Equals (939)" classname="spec_perl_TestExprFstring0_t" time="0.000102996826171875" />
    <testcase name="Equals (940)" classname="spec_perl_TestExprFstring0_t" time="0.000110149383544922" />
    <testcase name="Equals (941)" classname="spec_perl_TestExprFstring0_t" time="0.000110864639282227" />
    <testcase name="Equals (942)" classname="spec_perl_TestExprFstring0_t" time="0.000113010406494141" />
    <testcase name="Equals (943)" classname="spec_perl_TestExprFstring0_t" time="0.00011897087097168" />
    <testcase name="Equals (944)" classname="spec_perl_TestExprFstring0_t" time="0.000112056732177734" />
  </testsuite>
  <testsuite name="spec_perl_TestSwitchManualIntSizeEos_t" errors="0" failures="0" skipped="0" tests="10" time="0.0578911304473877">
    <system-out>1..10
ok 1 - Equals
ok 2 - Equals
ok 3 - Equals
ok 4 - Equals
ok 5 - Equals
ok 6 - Equals
ok 7 - Equals
ok 8 - Equals
ok 9 - Equals
ok 10 - Equals
</system-out>
    <testcase name="Equals (945)" classname="spec_perl_TestSwitchManualIntSizeEos_t" time="0.000645875930786133" />
    <testcase name="Equals (946)" classname="spec_perl_TestSwitchManualIntSizeEos_t" time="0.000102996826171875" />
    <testcase name="Equals (947)" classname="spec_perl_TestSwitchManualIntSizeEos_t" time="0.000117063522338867" />
    <testcase name="Equals (948)" classname="spec_perl_TestSwitchManualIntSizeEos_t" time="0.000114917755126953" />
    <testcase name="Equals (949)" classname="spec_perl_TestSwitchManualIntSizeEos_t" time="0.000119209289550781" />
    <testcase name="Equals (950)" classname="spec_perl_TestSwitchManualIntSizeEos_t" time="0.000101804733276367" />
    <testcase name="Equals (951)" classname="spec_perl_TestSwitchManualIntSizeEos_t" time="0.000106096267700195" />
    <testcase name="Equals (952)" classname="spec_perl_TestSwitchManualIntSizeEos_t" time="0.000111103057861328" />
    <testcase name="Equals (953)" classname="spec_perl_TestSwitchManualIntSizeEos_t" time="0.00010991096496582" />
    <testcase name="Equals (954)" classname="spec_perl_TestSwitchManualIntSizeEos_t" time="0.000108957290649414" />
  </testsuite>
  <testsuite name="spec_perl_TestNavRootRecursive_t" errors="0" failures="0" skipped="0" tests="4" time="0.0530009269714355">
    <system-out>1..4
ok 1 - Equals
ok 2 - Equals
ok 3 - Equals
ok 4 - nil
</system-out>
    <testcase name="Equals (955)" classname="spec_perl_TestNavRootRecursive_t" time="0.000159025192260742" />
    <testcase name="Equals (956)" classname="spec_perl_TestNavRootRecursive_t" time="0.000106096267700195" />
    <testcase name="Equals (957)" classname="spec_perl_TestNavRootRecursive_t" time="0.000185966491699219" />
    <testcase name="nil (957)" classname="spec_perl_TestNavRootRecursive_t" time="6.103515625e-05" />
  </testsuite>
  <testsuite name="spec_perl_TestEnumFancy_t" errors="0" failures="0" skipped="0" tests="2" time="0.0526359081268311">
    <system-out>1..2
ok 1 - Equals
ok 2 - Equals
</system-out>
    <testcase name="Equals (958)" classname="spec_perl_TestEnumFancy_t" time="0.000200033187866211" />
    <testcase name="Equals (959)" classname="spec_perl_TestEnumFancy_t" time="0.000108957290649414" />
  </testsuite>
  <testsuite name="spec_perl_TestExprIoTernary_t" errors="0" failures="0" skipped="0" tests="3" time="0.0531198978424072">
    <system-out>1..3
ok 1 - Equals
ok 2 - Equals
ok 3 - Equals
</system-out>
    <testcase name="Equals (960)" classname="spec_perl_TestExprIoTernary_t" time="0.000454902648925781" />
    <testcase name="Equals (961)" classname="spec_perl_TestExprIoTernary_t" time="8.51154327392578e-05" />
    <testcase name="Equals (962)" classname="spec_perl_TestExprIoTernary_t" time="0.000181913375854492" />
  </testsuite>
  <testsuite name="spec_perl_TestEnumDeep_t" errors="0" failures="0" skipped="0" tests="2" time="0.0524759292602539">
    <system-out>1..2
ok 1 - Equals
ok 2 - Equals
</system-out>
    <testcase name="Equals (963)" classname="spec_perl_TestEnumDeep_t" time="0.000212907791137695" />
    <testcase name="Equals (964)" classname="spec_perl_TestEnumDeep_t" time="7.10487365722656e-05" />
  </testsuite>
  <testsuite name="spec_perl_TestDocstrings_t" errors="0" failures="0" skipped="1" tests="1" time="0.0537989139556885">
    <system-out>1..1
ok 1 # skip Docstrings=HASH(0x5563680c8f68)
</system-out>
    <testcase name="Unnamed test case 964" classname="spec_perl_TestDocstrings_t" time="0.000995874404907227">
      <skipped message="ok 1 # skip Docstrings=HASH(0x5563680c8f68)" />
    </testcase>
  </testsuite>
  <testsuite name="spec_perl_TestExprEnum_t" errors="0" failures="0" skipped="0" tests="3" time="0.0521640777587891">
    <system-out>1..3
ok 1 - Equals
ok 2 - Equals
ok 3 - Equals
</system-out>
    <testcase name="Equals (965)" classname="spec_perl_TestExprEnum_t" time="0.000162124633789062" />
    <testcase name="Equals (966)" classname="spec_perl_TestExprEnum_t" time="0.000110864639282227" />
    <testcase name="Equals (967)" classname="spec_perl_TestExprEnum_t" time="0.000112056732177734" />
  </testsuite>
  <testsuite name="spec_perl_TestFixedStruct_t" errors="0" failures="0" skipped="0" tests="20" time="0.0550251007080078">
    <system-out>1..20
ok 1 - Equals
ok 2 - Equals
ok 3 - Equals
ok 4 - Equals
ok 5 - Equals
ok 6 - Equals
ok 7 - Equals
ok 8 - Equals
ok 9 - Equals
ok 10 - Equals
ok 11 - Equals
ok 12 - Equals
ok 13 - Equals
ok 14 - Equals
ok 15 - Equals
ok 16 - Equals
ok 17 - Equals
ok 18 - Equals
ok 19 - Equals
ok 20 - Equals
</system-out>
    <testcase name="Equals (968)" classname="spec_perl_TestFixedStruct_t" time="0.000218868255615234" />
    <testcase name="Equals (969)" classname="spec_perl_TestFixedStruct_t" time="0.000116109848022461" />
    <testcase name="Equals (970)" classname="spec_perl_TestFixedStruct_t" time="0.000114917755126953" />
    <testcase name="Equals (971)" classname="spec_perl_TestFixedStruct_t" time="0.000113964080810547" />
    <testcase name="Equals (972)" classname="spec_perl_TestFixedStruct_t" time="0.000111103057861328" />
    <testcase name="Equals (973)" classname="spec_perl_TestFixedStruct_t" time="0.000105857849121094" />
    <testcase name="Equals (974)" classname="spec_perl_TestFixedStruct_t" time="0.000105142593383789" />
    <testcase name="Equals (975)" classname="spec_perl_TestFixedStruct_t" time="0.000110864639282227" />
    <testcase name="Equals (976)" classname="spec_perl_TestFixedStruct_t" time="0.000103950500488281" />
    <testcase name="Equals (977)" classname="spec_perl_TestFixedStruct_t" time="0.000102043151855469" />
    <testcase name="Equals (978)" classname="spec_perl_TestFixedStruct_t" time="0.000108003616333008" />
    <testcase name="Equals (979)" classname="spec_perl_TestFixedStruct_t" time="0.000102996826171875" />
    <testcase name="Equals (980)" classname="spec_perl_TestFixedStruct_t" time="0.000105142593383789" />
    <testcase name="Equals (981)" classname="spec_perl_TestFixedStruct_t" time="0.000103950500488281" />
    <testcase name="Equals (982)" classname="spec_perl_TestFixedStruct_t" time="0.000128030776977539" />
    <testcase name="Equals (983)" classname="spec_perl_TestFixedStruct_t" time="0.000113010406494141" />
    <testcase name="Equals (984)" classname="spec_perl_TestFixedStruct_t" time="0.000107049942016602" />
    <testcase name="Equals (985)" classname="spec_perl_TestFixedStruct_t" time="0.000100851058959961" />
    <testcase name="Equals (986)" classname="spec_perl_TestFixedStruct_t" time="0.0001220703125" />
    <testcase name="Equals (987)" classname="spec_perl_TestFixedStruct_t" time="0.000144004821777344" />
  </testsuite>
  <testsuite name="spec_perl_TestSwitchManualIntSizeElse_t" errors="0" failures="0" skipped="0" tests="10" time="0.057974100112915">
    <system-out>1..10
ok 1 - Equals
ok 2 - Equals
ok 3 - Equals
ok 4 - Equals
ok 5 - Equals
ok 6 - Equals
ok 7 - Equals
ok 8 - Equals
ok 9 - Equals
ok 10 - Equals
</system-out>
    <testcase name="Equals (988)" classname="spec_perl_TestSwitchManualIntSizeElse_t" time="0.000608921051025391" />
    <testcase name="Equals (989)" classname="spec_perl_TestSwitchManualIntSizeElse_t" time="0.000103950500488281" />
    <testcase name="Equals (990)" classname="spec_perl_TestSwitchManualIntSizeElse_t" time="0.000113010406494141" />
    <testcase name="Equals (991)" classname="spec_perl_TestSwitchManualIntSizeElse_t" time="0.000113964080810547" />
    <testcase name="Equals (992)" classname="spec_perl_TestSwitchManualIntSizeElse_t" time="0.000110149383544922" />
    <testcase name="Equals (993)" classname="spec_perl_TestSwitchManualIntSizeElse_t" time="0.000110864639282227" />
    <testcase name="Equals (994)" classname="spec_perl_TestSwitchManualIntSizeElse_t" time="0.000111103057861328" />
    <testcase name="Equals (995)" classname="spec_perl_TestSwitchManualIntSizeElse_t" time="0.000108957290649414" />
    <testcase name="Equals (996)" classname="spec_perl_TestSwitchManualIntSizeElse_t" time="0.000104904174804688" />
    <testcase name="Equals (997)" classname="spec_perl_TestSwitchManualIntSizeElse_t" time="0.000111103057861328" />
  </testsuite>
  <testsuite name="spec_perl_TestExpr2_t" errors="0" failures="0" skipped="0" tests="17" time="0.0590558052062988">
    <system-out>1..17
ok 1 - Equals
ok 2 - Equals
ok 3 - Equals
ok 4 - Equals
ok 5 - Equals
ok 6 - Equals
ok 7 - Equals
ok 8 - Equals
ok 9 - Equals
ok 10 - Equals
ok 11 - Equals
ok 12 - Equals
ok 13 - Equals
ok 14 - Equals
ok 15 - Equals
ok 16 - Equals
ok 17 - Equals
</system-out>
    <testcase name="Equals (998)" classname="spec_perl_TestExpr2_t" time="0.000601053237915039" />
    <testcase name="Equals (999)" classname="spec_perl_TestExpr2_t" time="0.000159025192260742" />
    <testcase name="Equals (1000)" classname="spec_perl_TestExpr2_t" time="0.0001678466796875" />
    <testcase name="Equals (1001)" classname="spec_perl_TestExpr2_t" time="0.000176191329956055" />
    <testcase name="Equals (1002)" classname="spec_perl_TestExpr2_t" time="0.000125885009765625" />
    <testcase name="Equals (1003)" classname="spec_perl_TestExpr2_t" time="0.000104904174804688" />
    <testcase name="Equals (1004)" classname="spec_perl_TestExpr2_t" time="0.000119209289550781" />
    <testcase name="Equals (1005)" classname="spec_perl_TestExpr2_t" time="0.000134944915771484" />
    <testcase name="Equals (1006)" classname="spec_perl_TestExpr2_t" time="0.000128984451293945" />
    <testcase name="Equals (1007)" classname="spec_perl_TestExpr2_t" time="0.000108003616333008" />
    <testcase name="Equals (1008)" classname="spec_perl_TestExpr2_t" time="0.000104904174804688" />
    <testcase name="Equals (1009)" classname="spec_perl_TestExpr2_t" time="0.000111103057861328" />
    <testcase name="Equals (1010)" classname="spec_perl_TestExpr2_t" time="0.000135898590087891" />
    <testcase name="Equals (1011)" classname="spec_perl_TestExpr2_t" time="0.000134944915771484" />
    <testcase name="Equals (1012)" classname="spec_perl_TestExpr2_t" time="0.000110149383544922" />
    <testcase name="Equals (1013)" classname="spec_perl_TestExpr2_t" time="0.000105857849121094" />
    <testcase name="Equals (1014)" classname="spec_perl_TestExpr2_t" time="0.000112056732177734" />
  </testsuite>
  <testsuite name="spec_perl_TestExpr0_t" errors="0" failures="0" skipped="0" tests="2" time="0.0531389713287354">
    <system-out>1..2
ok 1 - Equals
ok 2 - Equals
</system-out>
    <testcase name="Equals (1015)" classname="spec_perl_TestExpr0_t" time="0.000193119049072266" />
    <testcase name="Equals (1016)" classname="spec_perl_TestExpr0_t" time="0.000100851058959961" />
  </testsuite>
  <testsuite name="spec_perl_TestNavParentRecursive_t" errors="0" failures="0" skipped="0" tests="4" time="0.0524590015411377">
    <system-out>1..4
ok 1 - Equals
ok 2 - Equals
ok 3 - Equals
ok 4 - nil
</system-out>
    <testcase name="Equals (1017)" classname="spec_perl_TestNavParentRecursive_t" time="0.000182867050170898" />
    <testcase name="Equals (1018)" classname="spec_perl_TestNavParentRecursive_t" time="0.000115156173706055" />
    <testcase name="Equals (1019)" classname="spec_perl_TestNavParentRecursive_t" time="0.000121831893920898" />
    <testcase name="nil (1019)" classname="spec_perl_TestNavParentRecursive_t" time="5.7220458984375e-05" />
  </testsuite>
  <testsuite name="spec_perl_TestParamsEnum_t" errors="0" failures="1" skipped="0" tests="2" time="0.0536670684814453">
    <system-out>1..2
ok 1 - Equals
not ok 2 - Equals
</system-out>
    <testcase name="Equals (1020)" classname="spec_perl_TestParamsEnum_t" time="0.000182151794433594" />
    <testcase name="Equals (1021)" classname="spec_perl_TestParamsEnum_t" time="0.000219821929931641">
      <failure message="not ok 2 - Equals" type="TAP::Parser::Result::Test"></failure>
    </testcase>
  </testsuite>
  <testsuite name="spec_perl_TestParamsPassBool_t" errors="0" failures="1" skipped="13" tests="14" time="0.0558040142059326">
    <system-out>1..14
not ok 1 - test_params_pass_bool died (Requested 2 bytes, but only 1 bytes available at ../runtime/perl/lib/IO/KaitaiStruct.pm line 338.)
ok 2 # skip test_params_pass_bool died
ok 3 # skip test_params_pass_bool died
ok 4 # skip test_params_pass_bool died
ok 5 # skip test_params_pass_bool died
ok 6 # skip test_params_pass_bool died
ok 7 # skip test_params_pass_bool died
ok 8 # skip test_params_pass_bool died
ok 9 # skip test_params_pass_bool died
ok 10 # skip test_params_pass_bool died
ok 11 # skip test_params_pass_bool died
ok 12 # skip test_params_pass_bool died
ok 13 # skip test_params_pass_bool died
ok 14 # skip test_params_pass_bool died
</system-out>
    <testcase name="test_params_pass_bool died (Requested 2 bytes, but only 1 bytes available at ../runtime/perl/lib/IO/KaitaiStruct.pm line 338.) (1021)" classname="spec_perl_TestParamsPassBool_t" time="0.000316143035888672">
      <failure message="not ok 1 - test_params_pass_bool died (Requested 2 bytes, but only 1 bytes available at ../runtime/perl/lib/IO/KaitaiStruct.pm line 338.)" type="TAP::Parser::Result::Test"></failure>
    </testcase>
    <testcase name="Unnamed test case 1021" classname="spec_perl_TestParamsPassBool_t" time="0.000494956970214844">
      <skipped message="ok 2 # skip test_params_pass_bool died" />
    </testcase>
    <testcase name="Unnamed test case 1022" classname="spec_perl_TestParamsPassBool_t" time="0.000134944915771484">
      <skipped message="ok 3 # skip test_params_pass_bool died" />
    </testcase>
    <testcase name="Unnamed test case 1023" classname="spec_perl_TestParamsPassBool_t" time="0.00014495849609375">
      <skipped message="ok 4 # skip test_params_pass_bool died" />
    </testcase>
    <testcase name="Unnamed test case 1024" classname="spec_perl_TestParamsPassBool_t" time="0.000138998031616211">
      <skipped message="ok 5 # skip test_params_pass_bool died" />
    </testcase>
    <testcase name="Unnamed test case 1025" classname="spec_perl_TestParamsPassBool_t" time="0.000144004821777344">
      <skipped message="ok 6 # skip test_params_pass_bool died" />
    </testcase>
    <testcase name="Unnamed test case 1026" classname="spec_perl_TestParamsPassBool_t" time="0.000134944915771484">
      <skipped message="ok 7 # skip test_params_pass_bool died" />
    </testcase>
    <testcase name="Unnamed test case 1027" classname="spec_perl_TestParamsPassBool_t" time="0.000140190124511719">
      <skipped message="ok 8 # skip test_params_pass_bool died" />
    </testcase>
    <testcase name="Unnamed test case 1028" classname="spec_perl_TestParamsPassBool_t" time="0.000137805938720703">
      <skipped message="ok 9 # skip test_params_pass_bool died" />
    </testcase>
    <testcase name="Unnamed test case 1029" classname="spec_perl_TestParamsPassBool_t" time="0.000135183334350586">
      <skipped message="ok 10 # skip test_params_pass_bool died" />
    </testcase>
    <testcase name="Unnamed test case 1030" classname="spec_perl_TestParamsPassBool_t" time="0.000140905380249023">
      <skipped message="ok 11 # skip test_params_pass_bool died" />
    </testcase>
    <testcase name="Unnamed test case 1031" classname="spec_perl_TestParamsPassBool_t" time="0.000130891799926758">
      <skipped message="ok 12 # skip test_params_pass_bool died" />
    </testcase>
    <testcase name="Unnamed test case 1032" classname="spec_perl_TestParamsPassBool_t" time="0.000142097473144531">
      <skipped message="ok 13 # skip test_params_pass_bool died" />
    </testcase>
    <testcase name="Unnamed test case 1033" classname="spec_perl_TestParamsPassBool_t" time="0.00014495849609375">
      <skipped message="ok 14 # skip test_params_pass_bool died" />
    </testcase>
  </testsuite>
  <testsuite name="spec_perl_TestEosExceptionU4_t" errors="0" failures="0" skipped="0" tests="1" time="0.0535368919372559">
    <system-out>1..1
ok 1 - threw /^Requested \d+ bytes, but only \d+ bytes available/
</system-out>
    <testcase name="threw /^Requested \d+ bytes, but only \d+ bytes available/ (1033)" classname="spec_perl_TestEosExceptionU4_t" time="0.000463962554931641" />
  </testsuite>
</testsuites>
