<?xml version='1.0' encoding='utf-8'?>
<testsuites>
  <testsuite name="spec_perl_TestExprSizeofType0_t" errors="0" failures="0" skipped="0" tests="1" time="0.0445060729980469">
    <system-out>1..1
ok 1 - Equals
</system-out>
    <testcase name="Equals" classname="spec_perl_TestExprSizeofType0_t" time="0.000257968902587891" />
  </testsuite>
  <testsuite name="spec_perl_TestStrPadTermEmpty_t" errors="0" failures="0" skipped="0" tests="4" time="0.0476491451263428">
    <system-out>1..4
ok 1 - Equals
ok 2 - Equals
ok 3 - Equals
ok 4 - Equals
</system-out>
    <testcase name="Equals (2)" classname="spec_perl_TestStrPadTermEmpty_t" time="0.000370979309082031" />
    <testcase name="Equals (3)" classname="spec_perl_TestStrPadTermEmpty_t" time="9.29832458496094e-05" />
    <testcase name="Equals (4)" classname="spec_perl_TestStrPadTermEmpty_t" time="5.79357147216797e-05" />
    <testcase name="Equals (5)" classname="spec_perl_TestStrPadTermEmpty_t" time="0.000124931335449219" />
  </testsuite>
  <testsuite name="spec_perl_TestRepeatEosStruct_t" errors="0" failures="0" skipped="0" tests="5" time="0.0442149639129639">
    <system-out>1..5
ok 1 - Equals
ok 2 - Equals
ok 3 - Equals
ok 4 - Equals
ok 5 - Equals
</system-out>
    <testcase name="Equals (6)" classname="spec_perl_TestRepeatEosStruct_t" time="0.000266075134277344" />
    <testcase name="Equals (7)" classname="spec_perl_TestRepeatEosStruct_t" time="8.89301300048828e-05" />
    <testcase name="Equals (8)" classname="spec_perl_TestRepeatEosStruct_t" time="0.000113964080810547" />
    <testcase name="Equals (9)" classname="spec_perl_TestRepeatEosStruct_t" time="0.000132083892822266" />
    <testcase name="Equals (10)" classname="spec_perl_TestRepeatEosStruct_t" time="0.000136852264404297" />
  </testsuite>
  <testsuite name="spec_perl_TestInstanceStd_t" errors="0" failures="0" skipped="0" tests="1" time="0.0464370250701904">
    <system-out>1..1
ok 1 - Equals
</system-out>
    <testcase name="Equals (11)" classname="spec_perl_TestInstanceStd_t" time="0.000259160995483398" />
  </testsuite>
  <testsuite name="spec_perl_TestNavParentOverride_t" errors="0" failures="0" skipped="0" tests="3" time="0.0442299842834473">
    <system-out>1..3
ok 1 - Equals
ok 2 - Equals
ok 3 - Equals
</system-out>
    <testcase name="Equals (12)" classname="spec_perl_TestNavParentOverride_t" time="0.000262022018432617" />
    <testcase name="Equals (13)" classname="spec_perl_TestNavParentOverride_t" time="8.10623168945312e-05" />
    <testcase name="Equals (14)" classname="spec_perl_TestNavParentOverride_t" time="0.000147104263305664" />
  </testsuite>
  <testsuite name="spec_perl_TestEnumLongRangeS_t" errors="0" failures="0" skipped="0" tests="7" time="0.0455689430236816">
    <system-out>1..7
ok 1 - Equals
ok 2 - Equals
ok 3 - Equals
ok 4 - Equals
ok 5 - Equals
ok 6 - Equals
ok 7 - Equals
</system-out>
    <testcase name="Equals (15)" classname="spec_perl_TestEnumLongRangeS_t" time="0.000266075134277344" />
    <testcase name="Equals (16)" classname="spec_perl_TestEnumLongRangeS_t" time="8.70227813720703e-05" />
    <testcase name="Equals (17)" classname="spec_perl_TestEnumLongRangeS_t" time="0.000164985656738281" />
    <testcase name="Equals (18)" classname="spec_perl_TestEnumLongRangeS_t" time="0.000101089477539062" />
    <testcase name="Equals (19)" classname="spec_perl_TestEnumLongRangeS_t" time="0.000152826309204102" />
    <testcase name="Equals (20)" classname="spec_perl_TestEnumLongRangeS_t" time="9.918212890625e-05" />
    <testcase name="Equals (21)" classname="spec_perl_TestEnumLongRangeS_t" time="0.000139951705932617" />
  </testsuite>
  <testsuite name="spec_perl_TestCastToTop_t" errors="0" failures="0" skipped="0" tests="3" time="0.0431408882141113">
    <system-out>1..3
ok 1 - Equals
ok 2 - Equals
ok 3 - Equals
</system-out>
    <testcase name="Equals (22)" classname="spec_perl_TestCastToTop_t" time="0.000190019607543945" />
    <testcase name="Equals (23)" classname="spec_perl_TestCastToTop_t" time="8.29696655273438e-05" />
    <testcase name="Equals (24)" classname="spec_perl_TestCastToTop_t" time="0.000145912170410156" />
  </testsuite>
  <testsuite name="spec_perl_TestProcessXor4Value_t" errors="0" failures="0" skipped="0" tests="2" time="0.0431489944458008">
    <system-out>1..2
ok 1 - Equals
ok 2 - Equals
</system-out>
    <testcase name="Equals (25)" classname="spec_perl_TestProcessXor4Value_t" time="0.000175952911376953" />
    <testcase name="Equals (26)" classname="spec_perl_TestProcessXor4Value_t" time="7.00950622558594e-05" />
  </testsuite>
  <testsuite name="spec_perl_TestEnumIntRangeS_t" errors="0" failures="0" skipped="0" tests="3" time="0.0549709796905518">
    <system-out>1..3
ok 1 - Equals
ok 2 - Equals
ok 3 - Equals
</system-out>
    <testcase name="Equals (27)" classname="spec_perl_TestEnumIntRangeS_t" time="0.000239849090576172" />
    <testcase name="Equals (28)" classname="spec_perl_TestEnumIntRangeS_t" time="8.10623168945312e-05" />
    <testcase name="Equals (29)" classname="spec_perl_TestEnumIntRangeS_t" time="0.000132083892822266" />
  </testsuite>
  <testsuite name="spec_perl_TestEnumNegative_t" errors="0" failures="0" skipped="0" tests="2" time="0.0438699722290039">
    <system-out>1..2
ok 1 - Equals
ok 2 - Equals
</system-out>
    <testcase name="Equals (30)" classname="spec_perl_TestEnumNegative_t" time="0.000249147415161133" />
    <testcase name="Equals (31)" classname="spec_perl_TestEnumNegative_t" time="7.58171081542969e-05" />
  </testsuite>
  <testsuite name="spec_perl_TestImports0_t" errors="0" failures="0" skipped="0" tests="3" time="0.044823169708252">
    <system-out>1..3
ok 1 - Equals
ok 2 - Equals
ok 3 - Equals
</system-out>
    <testcase name="Equals (32)" classname="spec_perl_TestImports0_t" time="0.000233173370361328" />
    <testcase name="Equals (33)" classname="spec_perl_TestImports0_t" time="8.08238983154297e-05" />
    <testcase name="Equals (34)" classname="spec_perl_TestImports0_t" time="0.000147104263305664" />
  </testsuite>
  <testsuite name="spec_perl_TestSwitchIntegers_t" errors="0" failures="0" skipped="0" tests="9" time="0.0448508262634277">
    <system-out>1..9
ok 1 - Equals
ok 2 - Equals
ok 3 - Equals
ok 4 - Equals
ok 5 - Equals
ok 6 - Equals
ok 7 - Equals
ok 8 - Equals
ok 9 - Equals
</system-out>
    <testcase name="Equals (35)" classname="spec_perl_TestSwitchIntegers_t" time="0.000286102294921875" />
    <testcase name="Equals (36)" classname="spec_perl_TestSwitchIntegers_t" time="8.67843627929688e-05" />
    <testcase name="Equals (37)" classname="spec_perl_TestSwitchIntegers_t" time="7.70092010498047e-05" />
    <testcase name="Equals (38)" classname="spec_perl_TestSwitchIntegers_t" time="0.000146150588989258" />
    <testcase name="Equals (39)" classname="spec_perl_TestSwitchIntegers_t" time="0.000107049942016602" />
    <testcase name="Equals (40)" classname="spec_perl_TestSwitchIntegers_t" time="0.000142812728881836" />
    <testcase name="Equals (41)" classname="spec_perl_TestSwitchIntegers_t" time="0.000110149383544922" />
    <testcase name="Equals (42)" classname="spec_perl_TestSwitchIntegers_t" time="0.000154018402099609" />
    <testcase name="Equals (43)" classname="spec_perl_TestSwitchIntegers_t" time="0.000114917755126953" />
  </testsuite>
  <testsuite name="spec_perl_TestEosExceptionBytes_t" errors="0" failures="0" skipped="0" tests="1" time="0.0451118946075439">
    <system-out>1..1
ok 1 - Died
</system-out>
    <testcase name="Died (43)" classname="spec_perl_TestEosExceptionBytes_t" time="0.00049591064453125" />
  </testsuite>
  <testsuite name="spec_perl_TestEnumForUnknownId_t" errors="0" failures="0" skipped="0" tests="1" time="0.0432770252227783">
    <system-out>1..1
ok 1 - Equals
</system-out>
    <testcase name="Equals (44)" classname="spec_perl_TestEnumForUnknownId_t" time="0.00025486946105957" />
  </testsuite>
  <testsuite name="spec_perl_TestSwitchManualIntSizeElse_t" errors="0" failures="0" skipped="0" tests="10" time="0.0494790077209473">
    <system-out>1..10
ok 1 - Equals
ok 2 - Equals
ok 3 - Equals
ok 4 - Equals
ok 5 - Equals
ok 6 - Equals
ok 7 - Equals
ok 8 - Equals
ok 9 - Equals
ok 10 - Equals
</system-out>
    <testcase name="Equals (45)" classname="spec_perl_TestSwitchManualIntSizeElse_t" time="0.000841140747070312" />
    <testcase name="Equals (46)" classname="spec_perl_TestSwitchManualIntSizeElse_t" time="0.000139951705932617" />
    <testcase name="Equals (47)" classname="spec_perl_TestSwitchManualIntSizeElse_t" time="7.00950622558594e-05" />
    <testcase name="Equals (48)" classname="spec_perl_TestSwitchManualIntSizeElse_t" time="5.69820404052734e-05" />
    <testcase name="Equals (49)" classname="spec_perl_TestSwitchManualIntSizeElse_t" time="0.000133991241455078" />
    <testcase name="Equals (50)" classname="spec_perl_TestSwitchManualIntSizeElse_t" time="0.000157833099365234" />
    <testcase name="Equals (51)" classname="spec_perl_TestSwitchManualIntSizeElse_t" time="0.00014805793762207" />
    <testcase name="Equals (52)" classname="spec_perl_TestSwitchManualIntSizeElse_t" time="0.000155925750732422" />
    <testcase name="Equals (53)" classname="spec_perl_TestSwitchManualIntSizeElse_t" time="0.000151157379150391" />
    <testcase name="Equals (54)" classname="spec_perl_TestSwitchManualIntSizeElse_t" time="0.000124931335449219" />
  </testsuite>
  <testsuite name="spec_perl_TestSwitchManualIntSize_t" errors="0" failures="1" skipped="0" tests="10" time="0.0522959232330322">
    <system-out>1..10
ok 1 - Equals
ok 2 - Equals
ok 3 - Equals
ok 4 - Equals
ok 5 - Equals
not ok 6 - test switch manual int size
ok 7 - Equals
ok 8 - Equals
ok 9 - Equals
ok 10 - Equals
</system-out>
    <testcase name="Equals (55)" classname="spec_perl_TestSwitchManualIntSize_t" time="0.000684976577758789" />
    <testcase name="Equals (56)" classname="spec_perl_TestSwitchManualIntSize_t" time="0.000106096267700195" />
    <testcase name="Equals (57)" classname="spec_perl_TestSwitchManualIntSize_t" time="6.89029693603516e-05" />
    <testcase name="Equals (58)" classname="spec_perl_TestSwitchManualIntSize_t" time="0.000108957290649414" />
    <testcase name="Equals (59)" classname="spec_perl_TestSwitchManualIntSize_t" time="0.000138998031616211" />
    <testcase name="test switch manual int size (59)" classname="spec_perl_TestSwitchManualIntSize_t" time="0.00225710868835449">
      <failure message="not ok 6 - test switch manual int size" type="TAP::Parser::Result::Test"></failure>
    </testcase>
    <testcase name="Equals (60)" classname="spec_perl_TestSwitchManualIntSize_t" time="8.70227813720703e-05" />
    <testcase name="Equals (61)" classname="spec_perl_TestSwitchManualIntSize_t" time="4.60147857666016e-05" />
    <testcase name="Equals (62)" classname="spec_perl_TestSwitchManualIntSize_t" time="6.60419464111328e-05" />
    <testcase name="Equals (63)" classname="spec_perl_TestSwitchManualIntSize_t" time="5.38825988769531e-05" />
  </testsuite>
  <testsuite name="spec_perl_TestIndexToParamUntil_t" errors="0" failures="2" skipped="0" tests="7" time="0.0563969612121582">
    <system-out>1..7
ok 1 - Equals
ok 2 - Equals
ok 3 - Equals
ok 4 - Equals
ok 5 - Equals
not ok 6 - Equals
not ok 7 - Equals
</system-out>
    <testcase name="Equals (64)" classname="spec_perl_TestIndexToParamUntil_t" time="0.0059669017791748" />
    <testcase name="Equals (65)" classname="spec_perl_TestIndexToParamUntil_t" time="0.000139951705932617" />
    <testcase name="Equals (66)" classname="spec_perl_TestIndexToParamUntil_t" time="6.103515625e-05" />
    <testcase name="Equals (67)" classname="spec_perl_TestIndexToParamUntil_t" time="0.000643014907836914" />
    <testcase name="Equals (68)" classname="spec_perl_TestIndexToParamUntil_t" time="8.0108642578125e-05" />
    <testcase name="Equals (69)" classname="spec_perl_TestIndexToParamUntil_t" time="5.29289245605469e-05">
      <failure message="not ok 6 - Equals" type="TAP::Parser::Result::Test"></failure>
    </testcase>
    <testcase name="Equals (70)" classname="spec_perl_TestIndexToParamUntil_t" time="0.000848054885864258">
      <failure message="not ok 7 - Equals" type="TAP::Parser::Result::Test"></failure>
    </testcase>
  </testsuite>
  <testsuite name="spec_perl_TestExpr2_t" errors="0" failures="0" skipped="0" tests="17" time="0.0497231483459473">
    <system-out>1..17
ok 1 - Equals
ok 2 - Equals
ok 3 - Equals
ok 4 - Equals
ok 5 - Equals
ok 6 - Equals
ok 7 - Equals
ok 8 - Equals
ok 9 - Equals
ok 10 - Equals
ok 11 - Equals
ok 12 - Equals
ok 13 - Equals
ok 14 - Equals
ok 15 - Equals
ok 16 - Equals
ok 17 - Equals
</system-out>
    <testcase name="Equals (71)" classname="spec_perl_TestExpr2_t" time="0.000710010528564453" />
    <testcase name="Equals (72)" classname="spec_perl_TestExpr2_t" time="0.000108003616333008" />
    <testcase name="Equals (73)" classname="spec_perl_TestExpr2_t" time="4.60147857666016e-05" />
    <testcase name="Equals (74)" classname="spec_perl_TestExpr2_t" time="0.000108957290649414" />
    <testcase name="Equals (75)" classname="spec_perl_TestExpr2_t" time="0.000138044357299805" />
    <testcase name="Equals (76)" classname="spec_perl_TestExpr2_t" time="0.00014185905456543" />
    <testcase name="Equals (77)" classname="spec_perl_TestExpr2_t" time="0.000119924545288086" />
    <testcase name="Equals (78)" classname="spec_perl_TestExpr2_t" time="0.00018620491027832" />
    <testcase name="Equals (79)" classname="spec_perl_TestExpr2_t" time="0.000157833099365234" />
    <testcase name="Equals (80)" classname="spec_perl_TestExpr2_t" time="0.000112056732177734" />
    <testcase name="Equals (81)" classname="spec_perl_TestExpr2_t" time="0.000129938125610352" />
    <testcase name="Equals (82)" classname="spec_perl_TestExpr2_t" time="0.00012516975402832" />
    <testcase name="Equals (83)" classname="spec_perl_TestExpr2_t" time="0.000172853469848633" />
    <testcase name="Equals (84)" classname="spec_perl_TestExpr2_t" time="0.000156164169311523" />
    <testcase name="Equals (85)" classname="spec_perl_TestExpr2_t" time="0.000112771987915039" />
    <testcase name="Equals (86)" classname="spec_perl_TestExpr2_t" time="0.000127077102661133" />
    <testcase name="Equals (87)" classname="spec_perl_TestExpr2_t" time="0.000141143798828125" />
  </testsuite>
  <testsuite name="spec_perl_TestSwitchManualIntElse_t" errors="0" failures="0" skipped="0" tests="9" time="0.0480380058288574">
    <system-out>1..9
ok 1 - Equals
ok 2 - Equals
ok 3 - Equals
ok 4 - Equals
ok 5 - Equals
ok 6 - Equals
ok 7 - Equals
ok 8 - Equals
ok 9 - Equals
</system-out>
    <testcase name="Equals (88)" classname="spec_perl_TestSwitchManualIntElse_t" time="0.000337839126586914" />
    <testcase name="Equals (89)" classname="spec_perl_TestSwitchManualIntElse_t" time="9.29832458496094e-05" />
    <testcase name="Equals (90)" classname="spec_perl_TestSwitchManualIntElse_t" time="6.00814819335938e-05" />
    <testcase name="Equals (91)" classname="spec_perl_TestSwitchManualIntElse_t" time="0.000146150588989258" />
    <testcase name="Equals (92)" classname="spec_perl_TestSwitchManualIntElse_t" time="0.000104904174804688" />
    <testcase name="Equals (93)" classname="spec_perl_TestSwitchManualIntElse_t" time="0.00014805793762207" />
    <testcase name="Equals (94)" classname="spec_perl_TestSwitchManualIntElse_t" time="0.000105857849121094" />
    <testcase name="Equals (95)" classname="spec_perl_TestSwitchManualIntElse_t" time="0.000156164169311523" />
    <testcase name="Equals (96)" classname="spec_perl_TestSwitchManualIntElse_t" time="0.000136852264404297" />
  </testsuite>
  <testsuite name="spec_perl_TestSwitchMultiBoolOps_t" errors="0" failures="0" skipped="0" tests="9" time="0.0447781085968018">
    <system-out>1..9
ok 1 - Equals
ok 2 - Equals
ok 3 - Equals
ok 4 - Equals
ok 5 - Equals
ok 6 - Equals
ok 7 - Equals
ok 8 - Equals
ok 9 - Equals
</system-out>
    <testcase name="Equals (97)" classname="spec_perl_TestSwitchMultiBoolOps_t" time="0.000274896621704102" />
    <testcase name="Equals (98)" classname="spec_perl_TestSwitchMultiBoolOps_t" time="8.41617584228516e-05" />
    <testcase name="Equals (99)" classname="spec_perl_TestSwitchMultiBoolOps_t" time="8.20159912109375e-05" />
    <testcase name="Equals (100)" classname="spec_perl_TestSwitchMultiBoolOps_t" time="0.000147819519042969" />
    <testcase name="Equals (101)" classname="spec_perl_TestSwitchMultiBoolOps_t" time="0.000121116638183594" />
    <testcase name="Equals (102)" classname="spec_perl_TestSwitchMultiBoolOps_t" time="0.000149011611938477" />
    <testcase name="Equals (103)" classname="spec_perl_TestSwitchMultiBoolOps_t" time="9.39369201660156e-05" />
    <testcase name="Equals (104)" classname="spec_perl_TestSwitchMultiBoolOps_t" time="0.000149965286254883" />
    <testcase name="Equals (105)" classname="spec_perl_TestSwitchMultiBoolOps_t" time="0.000113010406494141" />
  </testsuite>
  <testsuite name="spec_perl_TestExpr0_t" errors="0" failures="0" skipped="0" tests="2" time="0.046051025390625">
    <system-out>1..2
ok 1 - Equals
ok 2 - Equals
</system-out>
    <testcase name="Equals (106)" classname="spec_perl_TestExpr0_t" time="0.00031590461730957" />
    <testcase name="Equals (107)" classname="spec_perl_TestExpr0_t" time="8.79764556884766e-05" />
  </testsuite>
  <testsuite name="spec_perl_TestDefaultEndianExprIsBe_t" errors="0" failures="0" skipped="0" tests="18" time="0.0463659763336182">
    <system-out>1..18
ok 1 - Equals
ok 2 - Equals
ok 3 - Equals
ok 4 - Equals
ok 5 - Equals
ok 6 - Equals
ok 7 - Equals
ok 8 - Equals
ok 9 - Equals
ok 10 - Equals
ok 11 - Equals
ok 12 - Equals
ok 13 - Equals
ok 14 - Equals
ok 15 - Equals
ok 16 - Equals
ok 17 - Equals
ok 18 - Equals
</system-out>
    <testcase name="Equals (108)" classname="spec_perl_TestDefaultEndianExprIsBe_t" time="0.000277996063232422" />
    <testcase name="Equals (109)" classname="spec_perl_TestDefaultEndianExprIsBe_t" time="8.41617584228516e-05" />
    <testcase name="Equals (110)" classname="spec_perl_TestDefaultEndianExprIsBe_t" time="0.000133991241455078" />
    <testcase name="Equals (111)" classname="spec_perl_TestDefaultEndianExprIsBe_t" time="0.000124931335449219" />
    <testcase name="Equals (112)" classname="spec_perl_TestDefaultEndianExprIsBe_t" time="0.000149011611938477" />
    <testcase name="Equals (113)" classname="spec_perl_TestDefaultEndianExprIsBe_t" time="0.000167131423950195" />
    <testcase name="Equals (114)" classname="spec_perl_TestDefaultEndianExprIsBe_t" time="0.000115871429443359" />
    <testcase name="Equals (115)" classname="spec_perl_TestDefaultEndianExprIsBe_t" time="0.000143051147460938" />
    <testcase name="Equals (116)" classname="spec_perl_TestDefaultEndianExprIsBe_t" time="0.000115871429443359" />
    <testcase name="Equals (117)" classname="spec_perl_TestDefaultEndianExprIsBe_t" time="0.00014805793762207" />
    <testcase name="Equals (118)" classname="spec_perl_TestDefaultEndianExprIsBe_t" time="0.000149965286254883" />
    <testcase name="Equals (119)" classname="spec_perl_TestDefaultEndianExprIsBe_t" time="0.000156164169311523" />
    <testcase name="Equals (120)" classname="spec_perl_TestDefaultEndianExprIsBe_t" time="0.00011897087097168" />
    <testcase name="Equals (121)" classname="spec_perl_TestDefaultEndianExprIsBe_t" time="0.000144004821777344" />
    <testcase name="Equals (122)" classname="spec_perl_TestDefaultEndianExprIsBe_t" time="0.000115871429443359" />
    <testcase name="Equals (123)" classname="spec_perl_TestDefaultEndianExprIsBe_t" time="0.00014495849609375" />
    <testcase name="Equals (124)" classname="spec_perl_TestDefaultEndianExprIsBe_t" time="0.000151157379150391" />
    <testcase name="Equals (125)" classname="spec_perl_TestDefaultEndianExprIsBe_t" time="0.00014805793762207" />
  </testsuite>
  <testsuite name="spec_perl_TestNestedSameName2_t" errors="0" failures="0" skipped="0" tests="5" time="0.0453920364379883">
    <system-out>1..5
ok 1 - Equals
ok 2 - Equals
ok 3 - Equals
ok 4 - Equals
ok 5 - Equals
</system-out>
    <testcase name="Equals (126)" classname="spec_perl_TestNestedSameName2_t" time="0.000301837921142578" />
    <testcase name="Equals (127)" classname="spec_perl_TestNestedSameName2_t" time="9.10758972167969e-05" />
    <testcase name="Equals (128)" classname="spec_perl_TestNestedSameName2_t" time="7.79628753662109e-05" />
    <testcase name="Equals (129)" classname="spec_perl_TestNestedSameName2_t" time="0.000200033187866211" />
    <testcase name="Equals (130)" classname="spec_perl_TestNestedSameName2_t" time="0.000106096267700195" />
  </testsuite>
  <testsuite name="spec_perl_TestExprMod_t" errors="0" failures="0" skipped="0" tests="6" time="0.0448811054229736">
    <system-out>1..6
ok 1 - Equals
ok 2 - Equals
ok 3 - Equals
ok 4 - Equals
ok 5 - Equals
ok 6 - Equals
</system-out>
    <testcase name="Equals (131)" classname="spec_perl_TestExprMod_t" time="0.000247001647949219" />
    <testcase name="Equals (132)" classname="spec_perl_TestExprMod_t" time="8.10623168945312e-05" />
    <testcase name="Equals (133)" classname="spec_perl_TestExprMod_t" time="0.00014495849609375" />
    <testcase name="Equals (134)" classname="spec_perl_TestExprMod_t" time="0.000126123428344727" />
    <testcase name="Equals (135)" classname="spec_perl_TestExprMod_t" time="0.000136852264404297" />
    <testcase name="Equals (136)" classname="spec_perl_TestExprMod_t" time="0.000128984451293945" />
  </testsuite>
  <testsuite name="spec_perl_TestParamsCallShort_t" errors="0" failures="3" skipped="0" tests="3" time="0.0562429428100586">
    <system-out>1..3
not ok 1 - Equals
not ok 2 - Equals
not ok 3 - Equals
</system-out>
    <testcase name="Equals (137)" classname="spec_perl_TestParamsCallShort_t" time="0.00325107574462891">
      <failure message="not ok 1 - Equals" type="TAP::Parser::Result::Test"></failure>
    </testcase>
    <testcase name="Equals (138)" classname="spec_perl_TestParamsCallShort_t" time="0.0023338794708252">
      <failure message="not ok 2 - Equals" type="TAP::Parser::Result::Test"></failure>
    </testcase>
    <testcase name="Equals (139)" classname="spec_perl_TestParamsCallShort_t" time="0.00191998481750488">
      <failure message="not ok 3 - Equals" type="TAP::Parser::Result::Test"></failure>
    </testcase>
  </testsuite>
  <testsuite name="spec_perl_TestSwitchManualEnum_t" errors="0" failures="0" skipped="0" tests="9" time="0.0482699871063232">
    <system-out>1..9
ok 1 - Equals
ok 2 - Equals
ok 3 - Equals
ok 4 - Equals
ok 5 - Equals
ok 6 - Equals
ok 7 - Equals
ok 8 - Equals
ok 9 - Equals
</system-out>
    <testcase name="Equals (140)" classname="spec_perl_TestSwitchManualEnum_t" time="0.000361204147338867" />
    <testcase name="Equals (141)" classname="spec_perl_TestSwitchManualEnum_t" time="9.29832458496094e-05" />
    <testcase name="Equals (142)" classname="spec_perl_TestSwitchManualEnum_t" time="5.79357147216797e-05" />
    <testcase name="Equals (143)" classname="spec_perl_TestSwitchManualEnum_t" time="0.000154972076416016" />
    <testcase name="Equals (144)" classname="spec_perl_TestSwitchManualEnum_t" time="0.000123023986816406" />
    <testcase name="Equals (145)" classname="spec_perl_TestSwitchManualEnum_t" time="0.00014805793762207" />
    <testcase name="Equals (146)" classname="spec_perl_TestSwitchManualEnum_t" time="0.000103950500488281" />
    <testcase name="Equals (147)" classname="spec_perl_TestSwitchManualEnum_t" time="0.000143051147460938" />
    <testcase name="Equals (148)" classname="spec_perl_TestSwitchManualEnum_t" time="0.000115871429443359" />
  </testsuite>
  <testsuite name="spec_perl_TestExprStrOps_t" errors="1" failures="0" skipped="0" tests="0" time="0.0459611415863037">
    <system-out></system-out>
    <testcase name="Test died too soon, even before plan. (148)" classname="spec_perl_TestExprStrOps_t" time="0.0459611415863037">
      <failure message="The test suite died before a plan was produced. You need to have a plan." type="Plan">No plan</failure>
    </testcase>
  </testsuite>
  <testsuite name="spec_perl_TestSwitchIntegers2_t" errors="0" failures="0" skipped="0" tests="5" time="0.0444869995117188">
    <system-out>1..5
ok 1 - Equals
ok 2 - Equals
ok 3 - Equals
ok 4 - Equals
ok 5 - Equals
</system-out>
    <testcase name="Equals (149)" classname="spec_perl_TestSwitchIntegers2_t" time="0.000274181365966797" />
    <testcase name="Equals (150)" classname="spec_perl_TestSwitchIntegers2_t" time="8.48770141601562e-05" />
    <testcase name="Equals (151)" classname="spec_perl_TestSwitchIntegers2_t" time="7.70092010498047e-05" />
    <testcase name="Equals (152)" classname="spec_perl_TestSwitchIntegers2_t" time="0.000159978866577148" />
    <testcase name="Equals (153)" classname="spec_perl_TestSwitchIntegers2_t" time="0.000137090682983398" />
  </testsuite>
  <testsuite name="spec_perl_TestBitsByteAligned_t" errors="0" failures="0" skipped="0" tests="9" time="0.0444090366363525">
    <system-out>1..9
ok 1 - Equals
ok 2 - Equals
ok 3 - Equals
ok 4 - Equals
ok 5 - Equals
ok 6 - Equals
ok 7 - Equals
ok 8 - Equals
ok 9 - Equals
</system-out>
    <testcase name="Equals (154)" classname="spec_perl_TestBitsByteAligned_t" time="0.000257968902587891" />
    <testcase name="Equals (155)" classname="spec_perl_TestBitsByteAligned_t" time="8.48770141601562e-05" />
    <testcase name="Equals (156)" classname="spec_perl_TestBitsByteAligned_t" time="0.000114202499389648" />
    <testcase name="Equals (157)" classname="spec_perl_TestBitsByteAligned_t" time="0.00014495849609375" />
    <testcase name="Equals (158)" classname="spec_perl_TestBitsByteAligned_t" time="0.000149011611938477" />
    <testcase name="Equals (159)" classname="spec_perl_TestBitsByteAligned_t" time="0.000119924545288086" />
    <testcase name="Equals (160)" classname="spec_perl_TestBitsByteAligned_t" time="0.000119924545288086" />
    <testcase name="Equals (161)" classname="spec_perl_TestBitsByteAligned_t" time="0.00018620491027832" />
    <testcase name="Equals (162)" classname="spec_perl_TestBitsByteAligned_t" time="0.0001068115234375" />
  </testsuite>
  <testsuite name="spec_perl_TestFixedStruct_t" errors="1" failures="0" skipped="0" tests="0" time="0.0523669719696045">
    <system-out></system-out>
    <testcase name="Test died too soon, even before plan. (162)" classname="spec_perl_TestFixedStruct_t" time="0.0523669719696045">
      <failure message="The test suite died before a plan was produced. You need to have a plan." type="Plan">No plan</failure>
    </testcase>
  </testsuite>
  <testsuite name="spec_perl_TestDefaultEndianExprException_t" errors="0" failures="0" skipped="0" tests="1" time="0.044813871383667">
    <system-out>1..1
ok 1 - Died
</system-out>
    <testcase name="Died (162)" classname="spec_perl_TestDefaultEndianExprException_t" time="0.000261068344116211" />
  </testsuite>
  <testsuite name="spec_perl_TestPositionAbs_t" errors="0" failures="0" skipped="0" tests="2" time="0.0516541004180908">
    <system-out>1..2
ok 1 - Equals
ok 2 - Equals
</system-out>
    <testcase name="Equals (163)" classname="spec_perl_TestPositionAbs_t" time="0.000189065933227539" />
    <testcase name="Equals (164)" classname="spec_perl_TestPositionAbs_t" time="0.000222921371459961" />
  </testsuite>
  <testsuite name="spec_perl_TestDocstringsDocref_t" errors="0" failures="0" skipped="1" tests="1" time="0.0444588661193848">
    <system-out>1..1
ok 1 # skip DocstringsDocref=HASH(0x28407c8)
</system-out>
    <testcase name="Unnamed test case 164" classname="spec_perl_TestDocstringsDocref_t" time="0.00125598907470703">
      <skipped message="ok 1 # skip DocstringsDocref=HASH(0x28407c8)" />
    </testcase>
  </testsuite>
  <testsuite name="spec_perl_TestStrLiterals2_t" errors="0" failures="0" skipped="0" tests="4" time="0.0439980030059814">
    <system-out>1..4
ok 1 - Equals
ok 2 - Equals
ok 3 - Equals
ok 4 - Equals
</system-out>
    <testcase name="Equals (165)" classname="spec_perl_TestStrLiterals2_t" time="0.000249147415161133" />
    <testcase name="Equals (166)" classname="spec_perl_TestStrLiterals2_t" time="7.89165496826172e-05" />
    <testcase name="Equals (167)" classname="spec_perl_TestStrLiterals2_t" time="0.000164031982421875" />
    <testcase name="Equals (168)" classname="spec_perl_TestStrLiterals2_t" time="0.000134944915771484" />
  </testsuite>
  <testsuite name="spec_perl_TestFloatToI_t" errors="0" failures="0" skipped="0" tests="8" time="0.0449810028076172">
    <system-out>1..8
ok 1 - Equals
ok 2 - Equals
ok 3 - Equals
ok 4 - Equals
ok 5 - Equals
ok 6 - Equals
ok 7 - Equals
ok 8 - Equals
</system-out>
    <testcase name="Equals (169)" classname="spec_perl_TestFloatToI_t" time="0.000207901000976562" />
    <testcase name="Equals (170)" classname="spec_perl_TestFloatToI_t" time="7.29560852050781e-05" />
    <testcase name="Equals (171)" classname="spec_perl_TestFloatToI_t" time="0.000195026397705078" />
    <testcase name="Equals (172)" classname="spec_perl_TestFloatToI_t" time="7.89165496826172e-05" />
    <testcase name="Equals (173)" classname="spec_perl_TestFloatToI_t" time="0.000156164169311523" />
    <testcase name="Equals (174)" classname="spec_perl_TestFloatToI_t" time="9.70363616943359e-05" />
    <testcase name="Equals (175)" classname="spec_perl_TestFloatToI_t" time="0.00014185905456543" />
    <testcase name="Equals (176)" classname="spec_perl_TestFloatToI_t" time="0.000114917755126953" />
  </testsuite>
  <testsuite name="spec_perl_TestFloatingPoints_t" errors="0" failures="0" skipped="0" tests="8" time="0.0520930290222168">
    <system-out>1..8
ok 1 - Approx equals
ok 2 - Approx equals
ok 3 - Approx equals
ok 4 - Approx equals
ok 5 - Approx equals
ok 6 - Approx equals
ok 7 - Approx equals
ok 8 - Approx equals
</system-out>
    <testcase name="Approx equals (176)" classname="spec_perl_TestFloatingPoints_t" time="0.000216007232666016" />
    <testcase name="Approx equals (177)" classname="spec_perl_TestFloatingPoints_t" time="5.69820404052734e-05" />
    <testcase name="Approx equals (178)" classname="spec_perl_TestFloatingPoints_t" time="4.60147857666016e-05" />
    <testcase name="Approx equals (179)" classname="spec_perl_TestFloatingPoints_t" time="5.81741333007812e-05" />
    <testcase name="Approx equals (180)" classname="spec_perl_TestFloatingPoints_t" time="4.10079956054688e-05" />
    <testcase name="Approx equals (181)" classname="spec_perl_TestFloatingPoints_t" time="3.88622283935547e-05" />
    <testcase name="Approx equals (182)" classname="spec_perl_TestFloatingPoints_t" time="3.814697265625e-05" />
    <testcase name="Approx equals (183)" classname="spec_perl_TestFloatingPoints_t" time="3.60012054443359e-05" />
  </testsuite>
  <testsuite name="spec_perl_TestNavParent2_t" errors="0" failures="0" skipped="0" tests="10" time="0.048612117767334">
    <system-out>1..10
ok 1 - Equals
ok 2 - Equals
ok 3 - Equals
ok 4 - Equals
ok 5 - Equals
ok 6 - Equals
ok 7 - Equals
ok 8 - Equals
ok 9 - Equals
ok 10 - Equals
</system-out>
    <testcase name="Equals (183)" classname="spec_perl_TestNavParent2_t" time="0.000368118286132812" />
    <testcase name="Equals (184)" classname="spec_perl_TestNavParent2_t" time="9.67979431152344e-05" />
    <testcase name="Equals (185)" classname="spec_perl_TestNavParent2_t" time="6.00814819335938e-05" />
    <testcase name="Equals (186)" classname="spec_perl_TestNavParent2_t" time="0.00014495849609375" />
    <testcase name="Equals (187)" classname="spec_perl_TestNavParent2_t" time="0.000141143798828125" />
    <testcase name="Equals (188)" classname="spec_perl_TestNavParent2_t" time="0.000187873840332031" />
    <testcase name="Equals (189)" classname="spec_perl_TestNavParent2_t" time="0.000108957290649414" />
    <testcase name="Equals (190)" classname="spec_perl_TestNavParent2_t" time="0.000169038772583008" />
    <testcase name="Equals (191)" classname="spec_perl_TestNavParent2_t" time="0.000126123428344727" />
    <testcase name="Equals (192)" classname="spec_perl_TestNavParent2_t" time="0.000198841094970703" />
  </testsuite>
  <testsuite name="spec_perl_TestNavParentVsValueInst_t" errors="0" failures="0" skipped="0" tests="1" time="0.0473411083221436">
    <system-out>1..1
ok 1 - Equals
</system-out>
    <testcase name="Equals (193)" classname="spec_perl_TestNavParentVsValueInst_t" time="0.000407934188842773" />
  </testsuite>
  <testsuite name="spec_perl_TestDefaultEndianMod_t" errors="0" failures="0" skipped="0" tests="3" time="0.0436580181121826">
    <system-out>1..3
ok 1 - Equals
ok 2 - Equals
ok 3 - Equals
</system-out>
    <testcase name="Equals (194)" classname="spec_perl_TestDefaultEndianMod_t" time="0.000284910202026367" />
    <testcase name="Equals (195)" classname="spec_perl_TestDefaultEndianMod_t" time="9.01222229003906e-05" />
    <testcase name="Equals (196)" classname="spec_perl_TestDefaultEndianMod_t" time="8.58306884765625e-05" />
  </testsuite>
  <testsuite name="spec_perl_TestCombineEnum_t" errors="0" failures="0" skipped="0" tests="3" time="0.0436811447143555">
    <system-out>1..3
ok 1 - Equals
ok 2 - Equals
ok 3 - Equals
</system-out>
    <testcase name="Equals (197)" classname="spec_perl_TestCombineEnum_t" time="0.000262022018432617" />
    <testcase name="Equals (198)" classname="spec_perl_TestCombineEnum_t" time="8.48770141601562e-05" />
    <testcase name="Equals (199)" classname="spec_perl_TestCombineEnum_t" time="0.000116109848022461" />
  </testsuite>
  <testsuite name="spec_perl_TestNestedTypes3_t" errors="0" failures="0" skipped="0" tests="5" time="0.0454761981964111">
    <system-out>1..5
ok 1 - Equals
ok 2 - Equals
ok 3 - Equals
ok 4 - Equals
ok 5 - Equals
</system-out>
    <testcase name="Equals (200)" classname="spec_perl_TestNestedTypes3_t" time="0.000265836715698242" />
    <testcase name="Equals (201)" classname="spec_perl_TestNestedTypes3_t" time="8.91685485839844e-05" />
    <testcase name="Equals (202)" classname="spec_perl_TestNestedTypes3_t" time="0.000129938125610352" />
    <testcase name="Equals (203)" classname="spec_perl_TestNestedTypes3_t" time="0.000138044357299805" />
    <testcase name="Equals (204)" classname="spec_perl_TestNestedTypes3_t" time="0.000108003616333008" />
  </testsuite>
  <testsuite name="spec_perl_TestMetaTags_t" errors="0" failures="0" skipped="1" tests="1" time="0.0446000099182129">
    <system-out>1..1
ok 1 # skip MetaTags=HASH(0x2cd3908)
</system-out>
    <testcase name="Unnamed test case 204" classname="spec_perl_TestMetaTags_t" time="0.00130891799926758">
      <skipped message="ok 1 # skip MetaTags=HASH(0x2cd3908)" />
    </testcase>
  </testsuite>
  <testsuite name="spec_perl_TestNestedTypeParam_t" errors="0" failures="2" skipped="0" tests="2" time="0.0503010749816895">
    <system-out>1..2
not ok 1 - Equals
not ok 2 - Equals
</system-out>
    <testcase name="Equals (205)" classname="spec_perl_TestNestedTypeParam_t" time="0.00443100929260254">
      <failure message="not ok 1 - Equals" type="TAP::Parser::Result::Test"></failure>
    </testcase>
    <testcase name="Equals (206)" classname="spec_perl_TestNestedTypeParam_t" time="8.51154327392578e-05">
      <failure message="not ok 2 - Equals" type="TAP::Parser::Result::Test"></failure>
    </testcase>
  </testsuite>
  <testsuite name="spec_perl_TestNavRoot_t" errors="0" failures="0" skipped="0" tests="5" time="0.0480329990386963">
    <system-out>1..5
ok 1 - Equals
ok 2 - Equals
ok 3 - Equals
ok 4 - Equals
ok 5 - Equals
</system-out>
    <testcase name="Equals (207)" classname="spec_perl_TestNavRoot_t" time="0.000432968139648438" />
    <testcase name="Equals (208)" classname="spec_perl_TestNavRoot_t" time="0.000102043151855469" />
    <testcase name="Equals (209)" classname="spec_perl_TestNavRoot_t" time="6.00814819335938e-05" />
    <testcase name="Equals (210)" classname="spec_perl_TestNavRoot_t" time="0.000115871429443359" />
    <testcase name="Equals (211)" classname="spec_perl_TestNavRoot_t" time="0.000178098678588867" />
  </testsuite>
  <testsuite name="spec_perl_TestStrPadTerm_t" errors="0" failures="0" skipped="0" tests="4" time="0.0476109981536865">
    <system-out>1..4
ok 1 - Equals
ok 2 - Equals
ok 3 - Equals
ok 4 - Equals
</system-out>
    <testcase name="Equals (212)" classname="spec_perl_TestStrPadTerm_t" time="0.000361204147338867" />
    <testcase name="Equals (213)" classname="spec_perl_TestStrPadTerm_t" time="0.000105857849121094" />
    <testcase name="Equals (214)" classname="spec_perl_TestStrPadTerm_t" time="6.00814819335938e-05" />
    <testcase name="Equals (215)" classname="spec_perl_TestStrPadTerm_t" time="0.000125885009765625" />
  </testsuite>
  <testsuite name="spec_perl_TestHelloWorld_t" errors="0" failures="0" skipped="0" tests="1" time="0.0443909168243408">
    <system-out>1..1
ok 1 - Equals
</system-out>
    <testcase name="Equals (216)" classname="spec_perl_TestHelloWorld_t" time="0.000323057174682617" />
  </testsuite>
  <testsuite name="spec_perl_TestBitsSimple_t" errors="0" failures="0" skipped="0" tests="14" time="0.0453190803527832">
    <system-out>1..14
ok 1 - Equals
ok 2 - Equals
ok 3 - Equals
ok 4 - Equals
ok 5 - Equals
ok 6 - Equals
ok 7 - Equals
ok 8 - Equals
ok 9 - Equals
ok 10 - Equals
ok 11 - Equals
ok 12 - Equals
ok 13 - Equals
ok 14 - Equals
</system-out>
    <testcase name="Equals (217)" classname="spec_perl_TestBitsSimple_t" time="0.000291824340820312" />
    <testcase name="Equals (218)" classname="spec_perl_TestBitsSimple_t" time="8.51154327392578e-05" />
    <testcase name="Equals (219)" classname="spec_perl_TestBitsSimple_t" time="7.51018524169922e-05" />
    <testcase name="Equals (220)" classname="spec_perl_TestBitsSimple_t" time="0.000149965286254883" />
    <testcase name="Equals (221)" classname="spec_perl_TestBitsSimple_t" time="0.000134944915771484" />
    <testcase name="Equals (222)" classname="spec_perl_TestBitsSimple_t" time="0.000133037567138672" />
    <testcase name="Equals (223)" classname="spec_perl_TestBitsSimple_t" time="0.000123977661132812" />
    <testcase name="Equals (224)" classname="spec_perl_TestBitsSimple_t" time="0.000133037567138672" />
    <testcase name="Equals (225)" classname="spec_perl_TestBitsSimple_t" time="0.00010991096496582" />
    <testcase name="Equals (226)" classname="spec_perl_TestBitsSimple_t" time="0.000147104263305664" />
    <testcase name="Equals (227)" classname="spec_perl_TestBitsSimple_t" time="0.000115871429443359" />
    <testcase name="Equals (228)" classname="spec_perl_TestBitsSimple_t" time="0.000120162963867188" />
    <testcase name="Equals (229)" classname="spec_perl_TestBitsSimple_t" time="0.000158786773681641" />
    <testcase name="Equals (230)" classname="spec_perl_TestBitsSimple_t" time="0.000131130218505859" />
  </testsuite>
  <testsuite name="spec_perl_TestRecursiveOne_t" errors="0" failures="0" skipped="0" tests="4" time="0.0436849594116211">
    <system-out>1..4
ok 1 - Equals
ok 2 - Equals
ok 3 - Equals
ok 4 - Equals
</system-out>
    <testcase name="Equals (231)" classname="spec_perl_TestRecursiveOne_t" time="0.000226974487304688" />
    <testcase name="Equals (232)" classname="spec_perl_TestRecursiveOne_t" time="7.79628753662109e-05" />
    <testcase name="Equals (233)" classname="spec_perl_TestRecursiveOne_t" time="0.000150918960571289" />
    <testcase name="Equals (234)" classname="spec_perl_TestRecursiveOne_t" time="0.000132083892822266" />
  </testsuite>
  <testsuite name="spec_perl_TestExprOpsParens_t" errors="1" failures="0" skipped="0" tests="0" time="0.0445249080657959">
    <system-out></system-out>
    <testcase name="Test died too soon, even before plan. (234)" classname="spec_perl_TestExprOpsParens_t" time="0.0445249080657959">
      <failure message="The test suite died before a plan was produced. You need to have a plan." type="Plan">No plan</failure>
    </testcase>
  </testsuite>
  <testsuite name="spec_perl_TestImportsRel1_t" errors="0" failures="0" skipped="0" tests="3" time="0.0441391468048096">
    <system-out>1..3
ok 1 - Equals
ok 2 - Equals
ok 3 - Equals
</system-out>
    <testcase name="Equals (235)" classname="spec_perl_TestImportsRel1_t" time="0.000257015228271484" />
    <testcase name="Equals (236)" classname="spec_perl_TestImportsRel1_t" time="8.08238983154297e-05" />
    <testcase name="Equals (237)" classname="spec_perl_TestImportsRel1_t" time="0.000118017196655273" />
  </testsuite>
  <testsuite name="spec_perl_TestDebug0_t" errors="0" failures="0" skipped="1" tests="1" time="0.0445261001586914">
    <system-out>1..1
ok 1 # skip test_debug_0
</system-out>
    <testcase name="Unnamed test case 237" classname="spec_perl_TestDebug0_t" time="0.000208854675292969">
      <skipped message="ok 1 # skip test_debug_0" />
    </testcase>
  </testsuite>
  <testsuite name="spec_perl_TestProcessCustom_t" errors="1" failures="0" skipped="0" tests="0" time="0.0452950000762939">
    <system-out></system-out>
    <testcase name="Test died too soon, even before plan. (237)" classname="spec_perl_TestProcessCustom_t" time="0.0452950000762939">
      <failure message="The test suite died before a plan was produced. You need to have a plan." type="Plan">No plan</failure>
    </testcase>
  </testsuite>
  <testsuite name="spec_perl_TestMetaXref_t" errors="0" failures="0" skipped="1" tests="1" time="0.0447781085968018">
    <system-out>1..1
ok 1 # skip MetaXref=HASH(0x123c7b8)
</system-out>
    <testcase name="Unnamed test case 238" classname="spec_perl_TestMetaXref_t" time="0.00129795074462891">
      <skipped message="ok 1 # skip MetaXref=HASH(0x123c7b8)" />
    </testcase>
  </testsuite>
  <testsuite name="spec_perl_TestBitsEnum_t" errors="0" failures="0" skipped="0" tests="3" time="0.0432639122009277">
    <system-out>1..3
ok 1 - Equals
ok 2 - Equals
ok 3 - Equals
</system-out>
    <testcase name="Equals (238)" classname="spec_perl_TestBitsEnum_t" time="0.000227928161621094" />
    <testcase name="Equals (239)" classname="spec_perl_TestBitsEnum_t" time="9.32216644287109e-05" />
    <testcase name="Equals (240)" classname="spec_perl_TestBitsEnum_t" time="0.000200986862182617" />
  </testsuite>
  <testsuite name="spec_perl_TestParamsPassUsertype_t" errors="0" failures="1" skipped="1" tests="2" time="0.04728102684021">
    <system-out>1..2
not ok 1 - test_params_pass_usertype died (Can't call method &quot;foo&quot; on an undefined value at compiled/perl/ParamsPassUsertype.pm line 119.)
ok 2 # skip test_params_pass_usertype died
</system-out>
    <testcase name="test_params_pass_usertype died (Can't call method &quot;foo&quot; on an undefined value at compiled/perl/ParamsPassUsertype.pm line 119.) (240)" classname="spec_perl_TestParamsPassUsertype_t" time="0.000355005264282227">
      <failure message="not ok 1 - test_params_pass_usertype died (Can't call method &quot;foo&quot; on an undefined value at compiled/perl/ParamsPassUsertype.pm line 119.)" type="TAP::Parser::Result::Test"></failure>
    </testcase>
    <testcase name="Unnamed test case 240" classname="spec_perl_TestParamsPassUsertype_t" time="0.00156593322753906">
      <skipped message="ok 2 # skip test_params_pass_usertype died" />
    </testcase>
  </testsuite>
  <testsuite name="spec_perl_TestOptionalId_t" errors="0" failures="0" skipped="0" tests="3" time="0.0441348552703857">
    <system-out>1..3
ok 1 - Equals
ok 2 - Equals
ok 3 - Equals
</system-out>
    <testcase name="Equals (241)" classname="spec_perl_TestOptionalId_t" time="0.000236988067626953" />
    <testcase name="Equals (242)" classname="spec_perl_TestOptionalId_t" time="7.79628753662109e-05" />
    <testcase name="Equals (243)" classname="spec_perl_TestOptionalId_t" time="0.000136852264404297" />
  </testsuite>
  <testsuite name="spec_perl_TestEnumDeep_t" errors="0" failures="0" skipped="0" tests="2" time="0.0434060096740723">
    <system-out>1..2
ok 1 - Equals
ok 2 - Equals
</system-out>
    <testcase name="Equals (244)" classname="spec_perl_TestEnumDeep_t" time="0.000190019607543945" />
    <testcase name="Equals (245)" classname="spec_perl_TestEnumDeep_t" time="8.0108642578125e-05" />
  </testsuite>
  <testsuite name="spec_perl_TestExprCalcArrayOps_t" errors="0" failures="1" skipped="17" tests="18" time="0.0527949333190918">
    <system-out>1..18
not ok 1 - test_expr_calc_array_ops died (Can't use string (&quot;1000&quot;) as an ARRAY ref while &quot;strict refs&quot; in use at compiled/perl/ExprCalcArrayOps.pm line 50.)
ok 2 # skip test_expr_calc_array_ops died
ok 3 # skip test_expr_calc_array_ops died
ok 4 # skip test_expr_calc_array_ops died
ok 5 # skip test_expr_calc_array_ops died
ok 6 # skip test_expr_calc_array_ops died
ok 7 # skip test_expr_calc_array_ops died
ok 8 # skip test_expr_calc_array_ops died
ok 9 # skip test_expr_calc_array_ops died
ok 10 # skip test_expr_calc_array_ops died
ok 11 # skip test_expr_calc_array_ops died
ok 12 # skip test_expr_calc_array_ops died
ok 13 # skip test_expr_calc_array_ops died
ok 14 # skip test_expr_calc_array_ops died
ok 15 # skip test_expr_calc_array_ops died
ok 16 # skip test_expr_calc_array_ops died
ok 17 # skip test_expr_calc_array_ops died
ok 18 # skip test_expr_calc_array_ops died
</system-out>
    <testcase name="test_expr_calc_array_ops died (Can't use string (&quot;1000&quot;) as an ARRAY ref while &quot;strict refs&quot; in use at compiled/perl/ExprCalcArrayOps.pm line 50.) (245)" classname="spec_perl_TestExprCalcArrayOps_t" time="0.000195980072021484">
      <failure message="not ok 1 - test_expr_calc_array_ops died (Can't use string (&quot;1000&quot;) as an ARRAY ref while &quot;strict refs&quot; in use at compiled/perl/ExprCalcArrayOps.pm line 50.)" type="TAP::Parser::Result::Test"></failure>
    </testcase>
    <testcase name="Unnamed test case 245" classname="spec_perl_TestExprCalcArrayOps_t" time="0.000111103057861328">
      <skipped message="ok 2 # skip test_expr_calc_array_ops died" />
    </testcase>
    <testcase name="Unnamed test case 246" classname="spec_perl_TestExprCalcArrayOps_t" time="6.103515625e-05">
      <skipped message="ok 3 # skip test_expr_calc_array_ops died" />
    </testcase>
    <testcase name="Unnamed test case 247" classname="spec_perl_TestExprCalcArrayOps_t" time="5.38825988769531e-05">
      <skipped message="ok 4 # skip test_expr_calc_array_ops died" />
    </testcase>
    <testcase name="Unnamed test case 248" classname="spec_perl_TestExprCalcArrayOps_t" time="4.91142272949219e-05">
      <skipped message="ok 5 # skip test_expr_calc_array_ops died" />
    </testcase>
    <testcase name="Unnamed test case 249" classname="spec_perl_TestExprCalcArrayOps_t" time="4.60147857666016e-05">
      <skipped message="ok 6 # skip test_expr_calc_array_ops died" />
    </testcase>
    <testcase name="Unnamed test case 250" classname="spec_perl_TestExprCalcArrayOps_t" time="4.50611114501953e-05">
      <skipped message="ok 7 # skip test_expr_calc_array_ops died" />
    </testcase>
    <testcase name="Unnamed test case 251" classname="spec_perl_TestExprCalcArrayOps_t" time="4.29153442382812e-05">
      <skipped message="ok 8 # skip test_expr_calc_array_ops died" />
    </testcase>
    <testcase name="Unnamed test case 252" classname="spec_perl_TestExprCalcArrayOps_t" time="4.10079956054688e-05">
      <skipped message="ok 9 # skip test_expr_calc_array_ops died" />
    </testcase>
    <testcase name="Unnamed test case 253" classname="spec_perl_TestExprCalcArrayOps_t" time="4.1961669921875e-05">
      <skipped message="ok 10 # skip test_expr_calc_array_ops died" />
    </testcase>
    <testcase name="Unnamed test case 254" classname="spec_perl_TestExprCalcArrayOps_t" time="4.10079956054688e-05">
      <skipped message="ok 11 # skip test_expr_calc_array_ops died" />
    </testcase>
    <testcase name="Unnamed test case 255" classname="spec_perl_TestExprCalcArrayOps_t" time="4.60147857666016e-05">
      <skipped message="ok 12 # skip test_expr_calc_array_ops died" />
    </testcase>
    <testcase name="Unnamed test case 256" classname="spec_perl_TestExprCalcArrayOps_t" time="4.1961669921875e-05">
      <skipped message="ok 13 # skip test_expr_calc_array_ops died" />
    </testcase>
    <testcase name="Unnamed test case 257" classname="spec_perl_TestExprCalcArrayOps_t" time="4.00543212890625e-05">
      <skipped message="ok 14 # skip test_expr_calc_array_ops died" />
    </testcase>
    <testcase name="Unnamed test case 258" classname="spec_perl_TestExprCalcArrayOps_t" time="4.29153442382812e-05">
      <skipped message="ok 15 # skip test_expr_calc_array_ops died" />
    </testcase>
    <testcase name="Unnamed test case 259" classname="spec_perl_TestExprCalcArrayOps_t" time="4.31537628173828e-05">
      <skipped message="ok 16 # skip test_expr_calc_array_ops died" />
    </testcase>
    <testcase name="Unnamed test case 260" classname="spec_perl_TestExprCalcArrayOps_t" time="4.60147857666016e-05">
      <skipped message="ok 17 # skip test_expr_calc_array_ops died" />
    </testcase>
    <testcase name="Unnamed test case 261" classname="spec_perl_TestExprCalcArrayOps_t" time="3.98159027099609e-05">
      <skipped message="ok 18 # skip test_expr_calc_array_ops died" />
    </testcase>
  </testsuite>
  <testsuite name="spec_perl_TestExprIfIntOps_t" errors="0" failures="0" skipped="0" tests="2" time="0.044672966003418">
    <system-out>1..2
ok 1 - Equals
ok 2 - Equals
</system-out>
    <testcase name="Equals (261)" classname="spec_perl_TestExprIfIntOps_t" time="0.000262975692749023" />
    <testcase name="Equals (262)" classname="spec_perl_TestExprIfIntOps_t" time="8.20159912109375e-05" />
  </testsuite>
  <testsuite name="spec_perl_TestNestedSameName_t" errors="0" failures="0" skipped="0" tests="2" time="0.0445609092712402">
    <system-out>1..2
ok 1 - Equals
ok 2 - Equals
</system-out>
    <testcase name="Equals (263)" classname="spec_perl_TestNestedSameName_t" time="0.000296115875244141" />
    <testcase name="Equals (264)" classname="spec_perl_TestNestedSameName_t" time="8.58306884765625e-05" />
  </testsuite>
  <testsuite name="spec_perl_TestExpr1_t" errors="0" failures="0" skipped="0" tests="4" time="0.0475192070007324">
    <system-out>1..4
ok 1 - Equals
ok 2 - Equals
ok 3 - Equals
ok 4 - Equals
</system-out>
    <testcase name="Equals (265)" classname="spec_perl_TestExpr1_t" time="0.000265121459960938" />
    <testcase name="Equals (266)" classname="spec_perl_TestExpr1_t" time="8.20159912109375e-05" />
    <testcase name="Equals (267)" classname="spec_perl_TestExpr1_t" time="0.000108003616333008" />
    <testcase name="Equals (268)" classname="spec_perl_TestExpr1_t" time="0.000133991241455078" />
  </testsuite>
  <testsuite name="spec_perl_TestNavParentSwitch_t" errors="0" failures="0" skipped="0" tests="3" time="0.0446600914001465">
    <system-out>1..3
ok 1 - Equals
ok 2 - Equals
ok 3 - Equals
</system-out>
    <testcase name="Equals (269)" classname="spec_perl_TestNavParentSwitch_t" time="0.0002899169921875" />
    <testcase name="Equals (270)" classname="spec_perl_TestNavParentSwitch_t" time="8.51154327392578e-05" />
    <testcase name="Equals (271)" classname="spec_perl_TestNavParentSwitch_t" time="0.00011897087097168" />
  </testsuite>
  <testsuite name="spec_perl_TestParamsPassArrayInt_t" errors="0" failures="1" skipped="6" tests="7" time="0.0494701862335205">
    <system-out>1..7
not ok 1 - test_params_pass_array_int died (Can't use an undefined value as an ARRAY reference at spec/perl/TestParamsPassArrayInt.t line 15.)
ok 2 # skip test_params_pass_array_int died
ok 3 # skip test_params_pass_array_int died
ok 4 # skip test_params_pass_array_int died
ok 5 # skip test_params_pass_array_int died
ok 6 # skip test_params_pass_array_int died
ok 7 # skip test_params_pass_array_int died
</system-out>
    <testcase name="test_params_pass_array_int died (Can't use an undefined value as an ARRAY reference at spec/perl/TestParamsPassArrayInt.t line 15.) (271)" classname="spec_perl_TestParamsPassArrayInt_t" time="0.000391006469726562">
      <failure message="not ok 1 - test_params_pass_array_int died (Can't use an undefined value as an ARRAY reference at spec/perl/TestParamsPassArrayInt.t line 15.)" type="TAP::Parser::Result::Test"></failure>
    </testcase>
    <testcase name="Unnamed test case 271" classname="spec_perl_TestParamsPassArrayInt_t" time="0.00195908546447754">
      <skipped message="ok 2 # skip test_params_pass_array_int died" />
    </testcase>
    <testcase name="Unnamed test case 272" classname="spec_perl_TestParamsPassArrayInt_t" time="9.39369201660156e-05">
      <skipped message="ok 3 # skip test_params_pass_array_int died" />
    </testcase>
    <testcase name="Unnamed test case 273" classname="spec_perl_TestParamsPassArrayInt_t" time="7.70092010498047e-05">
      <skipped message="ok 4 # skip test_params_pass_array_int died" />
    </testcase>
    <testcase name="Unnamed test case 274" classname="spec_perl_TestParamsPassArrayInt_t" time="0.00133585929870605">
      <skipped message="ok 5 # skip test_params_pass_array_int died" />
    </testcase>
    <testcase name="Unnamed test case 275" classname="spec_perl_TestParamsPassArrayInt_t" time="0.000131130218505859">
      <skipped message="ok 6 # skip test_params_pass_array_int died" />
    </testcase>
    <testcase name="Unnamed test case 276" classname="spec_perl_TestParamsPassArrayInt_t" time="4.88758087158203e-05">
      <skipped message="ok 7 # skip test_params_pass_array_int died" />
    </testcase>
  </testsuite>
  <testsuite name="spec_perl_TestEnumInvalid_t" errors="0" failures="0" skipped="0" tests="2" time="0.0434730052947998">
    <system-out>1..2
ok 1 - Equals
ok 2 - Equals
</system-out>
    <testcase name="Equals (276)" classname="spec_perl_TestEnumInvalid_t" time="0.000186920166015625" />
    <testcase name="Equals (277)" classname="spec_perl_TestEnumInvalid_t" time="7.41481781005859e-05" />
  </testsuite>
  <testsuite name="spec_perl_TestValidSwitch_t" errors="1" failures="0" skipped="0" tests="0" time="0.0459539890289307">
    <system-out></system-out>
    <testcase name="Test died too soon, even before plan. (277)" classname="spec_perl_TestValidSwitch_t" time="0.0459539890289307">
      <failure message="The test suite died before a plan was produced. You need to have a plan." type="Plan">No plan</failure>
    </testcase>
  </testsuite>
  <testsuite name="spec_perl_TestInstanceStdArray_t" errors="0" failures="0" skipped="0" tests="7" time="0.0441110134124756">
    <system-out>1..7
ok 1 - Equals
ok 2 - Equals
ok 3 - Equals
ok 4 - Equals
ok 5 - Equals
ok 6 - Equals
ok 7 - Equals
</system-out>
    <testcase name="Equals (278)" classname="spec_perl_TestInstanceStdArray_t" time="0.000251054763793945" />
    <testcase name="Equals (279)" classname="spec_perl_TestInstanceStdArray_t" time="8.10623168945312e-05" />
    <testcase name="Equals (280)" classname="spec_perl_TestInstanceStdArray_t" time="0.000153779983520508" />
    <testcase name="Equals (281)" classname="spec_perl_TestInstanceStdArray_t" time="0.000161170959472656" />
    <testcase name="Equals (282)" classname="spec_perl_TestInstanceStdArray_t" time="0.000100851058959961" />
    <testcase name="Equals (283)" classname="spec_perl_TestInstanceStdArray_t" time="0.000146150588989258" />
    <testcase name="Equals (284)" classname="spec_perl_TestInstanceStdArray_t" time="0.000149965286254883" />
  </testsuite>
  <testsuite name="spec_perl_TestProcessXor4Const_t" errors="0" failures="0" skipped="0" tests="2" time="0.0438089370727539">
    <system-out>1..2
ok 1 - Equals
ok 2 - Equals
</system-out>
    <testcase name="Equals (285)" classname="spec_perl_TestProcessXor4Const_t" time="0.000246047973632812" />
    <testcase name="Equals (286)" classname="spec_perl_TestProcessXor4Const_t" time="8.10623168945312e-05" />
  </testsuite>
  <testsuite name="spec_perl_TestIfValues_t" errors="0" failures="0" skipped="0" tests="6" time="0.0451622009277344">
    <system-out>1..6
ok 1 - Equals
ok 2 - Equals
ok 3 - Equals
ok 4 - nil
ok 5 - Equals
ok 6 - nil
</system-out>
    <testcase name="Equals (287)" classname="spec_perl_TestIfValues_t" time="0.000287055969238281" />
    <testcase name="Equals (288)" classname="spec_perl_TestIfValues_t" time="8.20159912109375e-05" />
    <testcase name="Equals (289)" classname="spec_perl_TestIfValues_t" time="0.000138998031616211" />
    <testcase name="nil (289)" classname="spec_perl_TestIfValues_t" time="6.58035278320312e-05" />
    <testcase name="Equals (290)" classname="spec_perl_TestIfValues_t" time="0.000120162963867188" />
    <testcase name="nil (290)" classname="spec_perl_TestIfValues_t" time="5.88893890380859e-05" />
  </testsuite>
  <testsuite name="spec_perl_TestFixedContents_t" errors="1" failures="0" skipped="0" tests="0" time="0.0432639122009277">
    <system-out></system-out>
    <testcase name="Test died too soon, even before plan. (290)" classname="spec_perl_TestFixedContents_t" time="0.0432639122009277">
      <failure message="The test suite died before a plan was produced. You need to have a plan." type="Plan">No plan</failure>
    </testcase>
  </testsuite>
  <testsuite name="spec_perl_TestProcessCoerceBytes_t" errors="0" failures="0" skipped="0" tests="4" time="0.0447850227355957">
    <system-out>1..4
ok 1 - Equals
ok 2 - Equals
ok 3 - Equals
ok 4 - Equals
</system-out>
    <testcase name="Equals (291)" classname="spec_perl_TestProcessCoerceBytes_t" time="0.000304937362670898" />
    <testcase name="Equals (292)" classname="spec_perl_TestProcessCoerceBytes_t" time="8.48770141601562e-05" />
    <testcase name="Equals (293)" classname="spec_perl_TestProcessCoerceBytes_t" time="6.50882720947266e-05" />
    <testcase name="Equals (294)" classname="spec_perl_TestProcessCoerceBytes_t" time="0.000160932540893555" />
  </testsuite>
  <testsuite name="spec_perl_TestParamsCallExtraParens_t" errors="0" failures="1" skipped="0" tests="1" time="0.0521459579467773">
    <system-out>1..1
not ok 1 - Equals
</system-out>
    <testcase name="Equals (295)" classname="spec_perl_TestParamsCallExtraParens_t" time="0.00382590293884277">
      <failure message="not ok 1 - Equals" type="TAP::Parser::Result::Test"></failure>
    </testcase>
  </testsuite>
  <testsuite name="spec_perl_TestSwitchManualIntSizeEos_t" errors="0" failures="0" skipped="0" tests="10" time="0.0486478805541992">
    <system-out>1..10
ok 1 - Equals
ok 2 - Equals
ok 3 - Equals
ok 4 - Equals
ok 5 - Equals
ok 6 - Equals
ok 7 - Equals
ok 8 - Equals
ok 9 - Equals
ok 10 - Equals
</system-out>
    <testcase name="Equals (296)" classname="spec_perl_TestSwitchManualIntSizeEos_t" time="0.000770092010498047" />
    <testcase name="Equals (297)" classname="spec_perl_TestSwitchManualIntSizeEos_t" time="0.00011897087097168" />
    <testcase name="Equals (298)" classname="spec_perl_TestSwitchManualIntSizeEos_t" time="5.00679016113281e-05" />
    <testcase name="Equals (299)" classname="spec_perl_TestSwitchManualIntSizeEos_t" time="5.79357147216797e-05" />
    <testcase name="Equals (300)" classname="spec_perl_TestSwitchManualIntSizeEos_t" time="0.000138044357299805" />
    <testcase name="Equals (301)" classname="spec_perl_TestSwitchManualIntSizeEos_t" time="0.000166893005371094" />
    <testcase name="Equals (302)" classname="spec_perl_TestSwitchManualIntSizeEos_t" time="0.000152111053466797" />
    <testcase name="Equals (303)" classname="spec_perl_TestSwitchManualIntSizeEos_t" time="0.000147819519042969" />
    <testcase name="Equals (304)" classname="spec_perl_TestSwitchManualIntSizeEos_t" time="0.000120162963867188" />
    <testcase name="Equals (305)" classname="spec_perl_TestSwitchManualIntSizeEos_t" time="0.000152826309204102" />
  </testsuite>
  <testsuite name="spec_perl_TestSwitchManualStrElse_t" errors="0" failures="0" skipped="0" tests="9" time="0.0481929779052734">
    <system-out>1..9
ok 1 - Equals
ok 2 - Equals
ok 3 - Equals
ok 4 - Equals
ok 5 - Equals
ok 6 - Equals
ok 7 - Equals
ok 8 - Equals
ok 9 - Equals
</system-out>
    <testcase name="Equals (306)" classname="spec_perl_TestSwitchManualStrElse_t" time="0.000360012054443359" />
    <testcase name="Equals (307)" classname="spec_perl_TestSwitchManualStrElse_t" time="9.39369201660156e-05" />
    <testcase name="Equals (308)" classname="spec_perl_TestSwitchManualStrElse_t" time="6.00814819335938e-05" />
    <testcase name="Equals (309)" classname="spec_perl_TestSwitchManualStrElse_t" time="0.000136852264404297" />
    <testcase name="Equals (310)" classname="spec_perl_TestSwitchManualStrElse_t" time="0.000142097473144531" />
    <testcase name="Equals (311)" classname="spec_perl_TestSwitchManualStrElse_t" time="0.000115871429443359" />
    <testcase name="Equals (312)" classname="spec_perl_TestSwitchManualStrElse_t" time="0.000149965286254883" />
    <testcase name="Equals (313)" classname="spec_perl_TestSwitchManualStrElse_t" time="0.000123023986816406" />
    <testcase name="Equals (314)" classname="spec_perl_TestSwitchManualStrElse_t" time="0.000153064727783203" />
  </testsuite>
  <testsuite name="spec_perl_TestNavParent3_t" errors="0" failures="0" skipped="0" tests="10" time="0.0489020347595215">
    <system-out>1..10
ok 1 - Equals
ok 2 - Equals
ok 3 - Equals
ok 4 - Equals
ok 5 - Equals
ok 6 - Equals
ok 7 - Equals
ok 8 - Equals
ok 9 - Equals
ok 10 - Equals
</system-out>
    <testcase name="Equals (315)" classname="spec_perl_TestNavParent3_t" time="0.000312089920043945" />
    <testcase name="Equals (316)" classname="spec_perl_TestNavParent3_t" time="8.58306884765625e-05" />
    <testcase name="Equals (317)" classname="spec_perl_TestNavParent3_t" time="0.000188112258911133" />
    <testcase name="Equals (318)" classname="spec_perl_TestNavParent3_t" time="0.000123977661132812" />
    <testcase name="Equals (319)" classname="spec_perl_TestNavParent3_t" time="0.000152111053466797" />
    <testcase name="Equals (320)" classname="spec_perl_TestNavParent3_t" time="0.000186920166015625" />
    <testcase name="Equals (321)" classname="spec_perl_TestNavParent3_t" time="0.00011897087097168" />
    <testcase name="Equals (322)" classname="spec_perl_TestNavParent3_t" time="0.000130891799926758" />
    <testcase name="Equals (323)" classname="spec_perl_TestNavParent3_t" time="0.000120162963867188" />
    <testcase name="Equals (324)" classname="spec_perl_TestNavParent3_t" time="0.000184059143066406" />
  </testsuite>
  <testsuite name="spec_perl_TestZlibWithHeader78_t" errors="0" failures="0" skipped="0" tests="1" time="0.0655829906463623">
    <system-out>1..1
ok 1 - Equals
</system-out>
    <testcase name="Equals (325)" classname="spec_perl_TestZlibWithHeader78_t" time="0.000399112701416016" />
  </testsuite>
  <testsuite name="spec_perl_TestNonStandard_t" errors="0" failures="0" skipped="0" tests="1" time="0.0441739559173584">
    <system-out>1..1
ok 1 - Equals
</system-out>
    <testcase name="Equals (326)" classname="spec_perl_TestNonStandard_t" time="0.000232934951782227" />
  </testsuite>
  <testsuite name="spec_perl_TestEnumToI_t" errors="0" failures="0" skipped="0" tests="5" time="0.0442440509796143">
    <system-out>1..5
ok 1 - Equals
ok 2 - Equals
ok 3 - Equals
ok 4 - Equals
ok 5 - Equals
</system-out>
    <testcase name="Equals (327)" classname="spec_perl_TestEnumToI_t" time="0.000220060348510742" />
    <testcase name="Equals (328)" classname="spec_perl_TestEnumToI_t" time="7.60555267333984e-05" />
    <testcase name="Equals (329)" classname="spec_perl_TestEnumToI_t" time="0.000154972076416016" />
    <testcase name="Equals (330)" classname="spec_perl_TestEnumToI_t" time="0.000113010406494141" />
    <testcase name="Equals (331)" classname="spec_perl_TestEnumToI_t" time="0.000136852264404297" />
  </testsuite>
  <testsuite name="spec_perl_TestOpaqueExternalType02Parent_t" errors="0" failures="0" skipped="0" tests="3" time="0.0478348731994629">
    <system-out>1..3
ok 1 - Equals
ok 2 - Equals
ok 3 - Equals
</system-out>
    <testcase name="Equals (332)" classname="spec_perl_TestOpaqueExternalType02Parent_t" time="0.00041508674621582" />
    <testcase name="Equals (333)" classname="spec_perl_TestOpaqueExternalType02Parent_t" time="9.79900360107422e-05" />
    <testcase name="Equals (334)" classname="spec_perl_TestOpaqueExternalType02Parent_t" time="5.60283660888672e-05" />
  </testsuite>
  <testsuite name="spec_perl_TestRepeatUntilS4_t" errors="0" failures="0" skipped="0" tests="2" time="0.0467801094055176">
    <system-out>1..2
ok 1 - Equals
ok 2 - Equals
</system-out>
    <testcase name="Equals (335)" classname="spec_perl_TestRepeatUntilS4_t" time="0.000272035598754883" />
    <testcase name="Equals (336)" classname="spec_perl_TestRepeatUntilS4_t" time="8.10623168945312e-05" />
  </testsuite>
  <testsuite name="spec_perl_TestSwitchManualEnumInvalidElse_t" errors="0" failures="0" skipped="0" tests="5" time="0.0474061965942383">
    <system-out>1..5
ok 1 - Equals
ok 2 - Equals
ok 3 - Equals
ok 4 - Equals
ok 5 - Equals
</system-out>
    <testcase name="Equals (337)" classname="spec_perl_TestSwitchManualEnumInvalidElse_t" time="0.00029301643371582" />
    <testcase name="Equals (338)" classname="spec_perl_TestSwitchManualEnumInvalidElse_t" time="8.29696655273438e-05" />
    <testcase name="Equals (339)" classname="spec_perl_TestSwitchManualEnumInvalidElse_t" time="7.89165496826172e-05" />
    <testcase name="Equals (340)" classname="spec_perl_TestSwitchManualEnumInvalidElse_t" time="0.000162124633789062" />
    <testcase name="Equals (341)" classname="spec_perl_TestSwitchManualEnumInvalidElse_t" time="0.00011897087097168" />
  </testsuite>
  <testsuite name="spec_perl_TestSwitchManualStr_t" errors="0" failures="0" skipped="0" tests="9" time="0.0488028526306152">
    <system-out>1..9
ok 1 - Equals
ok 2 - Equals
ok 3 - Equals
ok 4 - Equals
ok 5 - Equals
ok 6 - Equals
ok 7 - Equals
ok 8 - Equals
ok 9 - Equals
</system-out>
    <testcase name="Equals (342)" classname="spec_perl_TestSwitchManualStr_t" time="0.000377893447875977" />
    <testcase name="Equals (343)" classname="spec_perl_TestSwitchManualStr_t" time="9.79900360107422e-05" />
    <testcase name="Equals (344)" classname="spec_perl_TestSwitchManualStr_t" time="6.00814819335938e-05" />
    <testcase name="Equals (345)" classname="spec_perl_TestSwitchManualStr_t" time="0.000174045562744141" />
    <testcase name="Equals (346)" classname="spec_perl_TestSwitchManualStr_t" time="9.39369201660156e-05" />
    <testcase name="Equals (347)" classname="spec_perl_TestSwitchManualStr_t" time="0.00014495849609375" />
    <testcase name="Equals (348)" classname="spec_perl_TestSwitchManualStr_t" time="0.000116109848022461" />
    <testcase name="Equals (349)" classname="spec_perl_TestSwitchManualStr_t" time="0.000153779983520508" />
    <testcase name="Equals (350)" classname="spec_perl_TestSwitchManualStr_t" time="0.000113010406494141" />
  </testsuite>
  <testsuite name="spec_perl_TestIndexSizes_t" errors="0" failures="0" skipped="0" tests="7" time="0.0481631755828857">
    <system-out>1..7
ok 1 - Equals
ok 2 - Equals
ok 3 - Equals
ok 4 - Equals
ok 5 - Equals
ok 6 - Equals
ok 7 - Equals
</system-out>
    <testcase name="Equals (351)" classname="spec_perl_TestIndexSizes_t" time="0.000277042388916016" />
    <testcase name="Equals (352)" classname="spec_perl_TestIndexSizes_t" time="8.29696655273438e-05" />
    <testcase name="Equals (353)" classname="spec_perl_TestIndexSizes_t" time="0.000118017196655273" />
    <testcase name="Equals (354)" classname="spec_perl_TestIndexSizes_t" time="0.000134944915771484" />
    <testcase name="Equals (355)" classname="spec_perl_TestIndexSizes_t" time="0.000146150588989258" />
    <testcase name="Equals (356)" classname="spec_perl_TestIndexSizes_t" time="0.000176906585693359" />
    <testcase name="Equals (357)" classname="spec_perl_TestIndexSizes_t" time="7.10487365722656e-05" />
  </testsuite>
  <testsuite name="spec_perl_TestValidLong_t" errors="1" failures="0" skipped="0" tests="0" time="0.0418701171875">
    <system-out></system-out>
    <testcase name="Test died too soon, even before plan. (357)" classname="spec_perl_TestValidLong_t" time="0.0418701171875">
      <failure message="The test suite died before a plan was produced. You need to have a plan." type="Plan">No plan</failure>
    </testcase>
  </testsuite>
  <testsuite name="spec_perl_TestRepeatNStruct_t" errors="0" failures="0" skipped="0" tests="5" time="0.0441699028015137">
    <system-out>1..5
ok 1 - Equals
ok 2 - Equals
ok 3 - Equals
ok 4 - Equals
ok 5 - Equals
</system-out>
    <testcase name="Equals (358)" classname="spec_perl_TestRepeatNStruct_t" time="0.000273227691650391" />
    <testcase name="Equals (359)" classname="spec_perl_TestRepeatNStruct_t" time="8.392333984375e-05" />
    <testcase name="Equals (360)" classname="spec_perl_TestRepeatNStruct_t" time="0.000128030776977539" />
    <testcase name="Equals (361)" classname="spec_perl_TestRepeatNStruct_t" time="0.000131845474243164" />
    <testcase name="Equals (362)" classname="spec_perl_TestRepeatNStruct_t" time="0.000117063522338867" />
  </testsuite>
  <testsuite name="spec_perl_TestParamsPassArrayStr_t" errors="0" failures="1" skipped="6" tests="7" time="0.053825855255127">
    <system-out>1..7
not ok 1 - test_params_pass_array_str died (Can't use an undefined value as an ARRAY reference at spec/perl/TestParamsPassArrayStr.t line 15.)
ok 2 # skip test_params_pass_array_str died
ok 3 # skip test_params_pass_array_str died
ok 4 # skip test_params_pass_array_str died
ok 5 # skip test_params_pass_array_str died
ok 6 # skip test_params_pass_array_str died
ok 7 # skip test_params_pass_array_str died
</system-out>
    <testcase name="test_params_pass_array_str died (Can't use an undefined value as an ARRAY reference at spec/perl/TestParamsPassArrayStr.t line 15.) (362)" classname="spec_perl_TestParamsPassArrayStr_t" time="0.000149965286254883">
      <failure message="not ok 1 - test_params_pass_array_str died (Can't use an undefined value as an ARRAY reference at spec/perl/TestParamsPassArrayStr.t line 15.)" type="TAP::Parser::Result::Test"></failure>
    </testcase>
    <testcase name="Unnamed test case 362" classname="spec_perl_TestParamsPassArrayStr_t" time="7.10487365722656e-05">
      <skipped message="ok 2 # skip test_params_pass_array_str died" />
    </testcase>
    <testcase name="Unnamed test case 363" classname="spec_perl_TestParamsPassArrayStr_t" time="4.29153442382812e-05">
      <skipped message="ok 3 # skip test_params_pass_array_str died" />
    </testcase>
    <testcase name="Unnamed test case 364" classname="spec_perl_TestParamsPassArrayStr_t" time="3.71932983398438e-05">
      <skipped message="ok 4 # skip test_params_pass_array_str died" />
    </testcase>
    <testcase name="Unnamed test case 365" classname="spec_perl_TestParamsPassArrayStr_t" time="3.48091125488281e-05">
      <skipped message="ok 5 # skip test_params_pass_array_str died" />
    </testcase>
    <testcase name="Unnamed test case 366" classname="spec_perl_TestParamsPassArrayStr_t" time="3.814697265625e-05">
      <skipped message="ok 6 # skip test_params_pass_array_str died" />
    </testcase>
    <testcase name="Unnamed test case 367" classname="spec_perl_TestParamsPassArrayStr_t" time="3.00407409667969e-05">
      <skipped message="ok 7 # skip test_params_pass_array_str died" />
    </testcase>
  </testsuite>
  <testsuite name="spec_perl_TestValidNotParsedIf_t" errors="1" failures="0" skipped="0" tests="0" time="0.056027889251709">
    <system-out></system-out>
    <testcase name="Test died too soon, even before plan. (367)" classname="spec_perl_TestValidNotParsedIf_t" time="0.056027889251709">
      <failure message="The test suite died before a plan was produced. You need to have a plan." type="Plan">No plan</failure>
    </testcase>
  </testsuite>
  <testsuite name="spec_perl_TestNestedTypes_t" errors="0" failures="0" skipped="0" tests="3" time="0.0593509674072266">
    <system-out>1..3
ok 1 - Equals
ok 2 - Equals
ok 3 - Equals
</system-out>
    <testcase name="Equals (367)" classname="spec_perl_TestNestedTypes_t" time="0.000280857086181641" />
    <testcase name="Equals (368)" classname="spec_perl_TestNestedTypes_t" time="8.29696655273438e-05" />
    <testcase name="Equals (369)" classname="spec_perl_TestNestedTypes_t" time="0.000129222869873047" />
  </testsuite>
  <testsuite name="spec_perl_TestIndexToParamExpr_t" errors="0" failures="2" skipped="0" tests="7" time="0.0545971393585205">
    <system-out>1..7
ok 1 - Equals
ok 2 - Equals
ok 3 - Equals
ok 4 - Equals
ok 5 - Equals
not ok 6 - Equals
not ok 7 - Equals
</system-out>
    <testcase name="Equals (370)" classname="spec_perl_TestIndexToParamExpr_t" time="0.00687193870544434" />
    <testcase name="Equals (371)" classname="spec_perl_TestIndexToParamExpr_t" time="8.60691070556641e-05" />
    <testcase name="Equals (372)" classname="spec_perl_TestIndexToParamExpr_t" time="2.81333923339844e-05" />
    <testcase name="Equals (373)" classname="spec_perl_TestIndexToParamExpr_t" time="2.47955322265625e-05" />
    <testcase name="Equals (374)" classname="spec_perl_TestIndexToParamExpr_t" time="2.40802764892578e-05" />
    <testcase name="Equals (375)" classname="spec_perl_TestIndexToParamExpr_t" time="3.79085540771484e-05">
      <failure message="not ok 6 - Equals" type="TAP::Parser::Result::Test"></failure>
    </testcase>
    <testcase name="Equals (376)" classname="spec_perl_TestIndexToParamExpr_t" time="2.31266021728516e-05">
      <failure message="not ok 7 - Equals" type="TAP::Parser::Result::Test"></failure>
    </testcase>
  </testsuite>
  <testsuite name="spec_perl_TestSwitchManualEnumInvalid_t" errors="0" failures="0" skipped="0" tests="5" time="0.0468549728393555">
    <system-out>1..5
ok 1 - Equals
ok 2 - Equals
ok 3 - nil
ok 4 - Equals
ok 5 - nil
</system-out>
    <testcase name="Equals (377)" classname="spec_perl_TestSwitchManualEnumInvalid_t" time="0.000290155410766602" />
    <testcase name="Equals (378)" classname="spec_perl_TestSwitchManualEnumInvalid_t" time="8.58306884765625e-05" />
    <testcase name="nil (378)" classname="spec_perl_TestSwitchManualEnumInvalid_t" time="5.69820404052734e-05" />
    <testcase name="Equals (379)" classname="spec_perl_TestSwitchManualEnumInvalid_t" time="0.000112056732177734" />
    <testcase name="nil (379)" classname="spec_perl_TestSwitchManualEnumInvalid_t" time="6.00814819335938e-05" />
  </testsuite>
  <testsuite name="spec_perl_TestExprSizeofValueSized_t" errors="0" failures="0" skipped="0" tests="5" time="0.04469895362854">
    <system-out>1..5
ok 1 - Equals
ok 2 - Equals
ok 3 - Equals
ok 4 - Equals
ok 5 - Equals
</system-out>
    <testcase name="Equals (380)" classname="spec_perl_TestExprSizeofValueSized_t" time="0.000611066818237305" />
    <testcase name="Equals (381)" classname="spec_perl_TestExprSizeofValueSized_t" time="0.000105857849121094" />
    <testcase name="Equals (382)" classname="spec_perl_TestExprSizeofValueSized_t" time="4.91142272949219e-05" />
    <testcase name="Equals (383)" classname="spec_perl_TestExprSizeofValueSized_t" time="0.000103950500488281" />
    <testcase name="Equals (384)" classname="spec_perl_TestExprSizeofValueSized_t" time="0.000139951705932617" />
  </testsuite>
  <testsuite name="spec_perl_TestNavParentSwitchCast_t" errors="0" failures="0" skipped="0" tests="3" time="0.0444622039794922">
    <system-out>1..3
ok 1 - Equals
ok 2 - Equals
ok 3 - Equals
</system-out>
    <testcase name="Equals (385)" classname="spec_perl_TestNavParentSwitchCast_t" time="0.000618934631347656" />
    <testcase name="Equals (386)" classname="spec_perl_TestNavParentSwitchCast_t" time="0.000128984451293945" />
    <testcase name="Equals (387)" classname="spec_perl_TestNavParentSwitchCast_t" time="6.41345977783203e-05" />
  </testsuite>
  <testsuite name="spec_perl_TestDocstrings_t" errors="0" failures="0" skipped="1" tests="1" time="0.044978141784668">
    <system-out>1..1
ok 1 # skip Docstrings=HASH(0x23bfc80)
</system-out>
    <testcase name="Unnamed test case 387" classname="spec_perl_TestDocstrings_t" time="0.00130295753479004">
      <skipped message="ok 1 # skip Docstrings=HASH(0x23bfc80)" />
    </testcase>
  </testsuite>
  <testsuite name="spec_perl_TestEnumDeepLiterals_t" errors="0" failures="0" skipped="0" tests="2" time="0.0429599285125732">
    <system-out>1..2
ok 1 - Equals
ok 2 - Equals
</system-out>
    <testcase name="Equals (388)" classname="spec_perl_TestEnumDeepLiterals_t" time="0.000188112258911133" />
    <testcase name="Equals (389)" classname="spec_perl_TestEnumDeepLiterals_t" time="0.000121831893920898" />
  </testsuite>
  <testsuite name="spec_perl_TestExprIoEof_t" errors="0" failures="0" skipped="0" tests="4" time="0.0474309921264648">
    <system-out>1..4
ok 1 - Equals
ok 2 - nil
ok 3 - Equals
ok 4 - Equals
</system-out>
    <testcase name="Equals (390)" classname="spec_perl_TestExprIoEof_t" time="0.000622034072875977" />
    <testcase name="nil (390)" classname="spec_perl_TestExprIoEof_t" time="0.000110149383544922" />
    <testcase name="Equals (391)" classname="spec_perl_TestExprIoEof_t" time="4.69684600830078e-05" />
    <testcase name="Equals (392)" classname="spec_perl_TestExprIoEof_t" time="6.4849853515625e-05" />
  </testsuite>
  <testsuite name="spec_perl_TestImportsAbsAbs_t" errors="0" failures="0" skipped="0" tests="3" time="0.0449349880218506">
    <system-out>1..3
ok 1 - Equals
ok 2 - Equals
ok 3 - Equals
</system-out>
    <testcase name="Equals (393)" classname="spec_perl_TestImportsAbsAbs_t" time="0.000230073928833008" />
    <testcase name="Equals (394)" classname="spec_perl_TestImportsAbsAbs_t" time="7.39097595214844e-05" />
    <testcase name="Equals (395)" classname="spec_perl_TestImportsAbsAbs_t" time="0.000164985656738281" />
  </testsuite>
  <testsuite name="spec_perl_TestIoLocalVar_t" errors="0" failures="0" skipped="0" tests="2" time="0.0449938774108887">
    <system-out>1..2
ok 1 - Equals
ok 2 - Equals
</system-out>
    <testcase name="Equals (396)" classname="spec_perl_TestIoLocalVar_t" time="0.000602006912231445" />
    <testcase name="Equals (397)" classname="spec_perl_TestIoLocalVar_t" time="0.000108003616333008" />
  </testsuite>
  <testsuite name="spec_perl_TestRepeatNStrzDouble_t" errors="0" failures="0" skipped="0" tests="3" time="0.0466270446777344">
    <system-out>1..3
ok 1 - Equals
ok 2 - Equals
ok 3 - Equals
</system-out>
    <testcase name="Equals (398)" classname="spec_perl_TestRepeatNStrzDouble_t" time="0.000318050384521484" />
    <testcase name="Equals (399)" classname="spec_perl_TestRepeatNStrzDouble_t" time="8.51154327392578e-05" />
    <testcase name="Equals (400)" classname="spec_perl_TestRepeatNStrzDouble_t" time="0.000111818313598633" />
  </testsuite>
  <testsuite name="spec_perl_TestDefaultBigEndian_t" errors="0" failures="0" skipped="0" tests="1" time="0.054192066192627">
    <system-out>1..1
ok 1 - Equals
</system-out>
    <testcase name="Equals (401)" classname="spec_perl_TestDefaultBigEndian_t" time="0.000245094299316406" />
  </testsuite>
  <testsuite name="spec_perl_TestRepeatEosBit_t" errors="0" failures="0" skipped="0" tests="1" time="0.0431728363037109">
    <system-out>1..1
ok 1 - Equals
</system-out>
    <testcase name="Equals (402)" classname="spec_perl_TestRepeatEosBit_t" time="0.000307083129882812" />
  </testsuite>
  <testsuite name="spec_perl_TestPositionToEnd_t" errors="0" failures="0" skipped="0" tests="2" time="0.0432620048522949">
    <system-out>1..2
ok 1 - Equals
ok 2 - Equals
</system-out>
    <testcase name="Equals (403)" classname="spec_perl_TestPositionToEnd_t" time="0.000252008438110352" />
    <testcase name="Equals (404)" classname="spec_perl_TestPositionToEnd_t" time="8.29696655273438e-05" />
  </testsuite>
  <testsuite name="spec_perl_TestTsPacketHeader_t" errors="0" failures="0" skipped="0" tests="7" time="0.043860912322998">
    <system-out>1..7
ok 1 - Equals
ok 2 - Equals
ok 3 - Equals
ok 4 - Equals
ok 5 - Equals
ok 6 - Equals
ok 7 - Equals
</system-out>
    <testcase name="Equals (405)" classname="spec_perl_TestTsPacketHeader_t" time="0.000241994857788086" />
    <testcase name="Equals (406)" classname="spec_perl_TestTsPacketHeader_t" time="7.89165496826172e-05" />
    <testcase name="Equals (407)" classname="spec_perl_TestTsPacketHeader_t" time="0.000120162963867188" />
    <testcase name="Equals (408)" classname="spec_perl_TestTsPacketHeader_t" time="0.000138998031616211" />
    <testcase name="Equals (409)" classname="spec_perl_TestTsPacketHeader_t" time="0.000140905380249023" />
    <testcase name="Equals (410)" classname="spec_perl_TestTsPacketHeader_t" time="0.000119924545288086" />
    <testcase name="Equals (411)" classname="spec_perl_TestTsPacketHeader_t" time="0.000151157379150391" />
  </testsuite>
  <testsuite name="spec_perl_TestEofExceptionU4_t" errors="0" failures="0" skipped="0" tests="1" time="0.0442118644714355">
    <system-out>1..1
ok 1 - Died
</system-out>
    <testcase name="Died (411)" classname="spec_perl_TestEofExceptionU4_t" time="0.000171899795532227" />
  </testsuite>
  <testsuite name="spec_perl_TestNestedTypes2_t" errors="0" failures="0" skipped="0" tests="7" time="0.0457398891448975">
    <system-out>1..7
ok 1 - Equals
ok 2 - Equals
ok 3 - Equals
ok 4 - Equals
ok 5 - Equals
ok 6 - Equals
ok 7 - Equals
</system-out>
    <testcase name="Equals (412)" classname="spec_perl_TestNestedTypes2_t" time="0.000345945358276367" />
    <testcase name="Equals (413)" classname="spec_perl_TestNestedTypes2_t" time="9.48905944824219e-05" />
    <testcase name="Equals (414)" classname="spec_perl_TestNestedTypes2_t" time="5.69820404052734e-05" />
    <testcase name="Equals (415)" classname="spec_perl_TestNestedTypes2_t" time="0.000128984451293945" />
    <testcase name="Equals (416)" classname="spec_perl_TestNestedTypes2_t" time="0.000136137008666992" />
    <testcase name="Equals (417)" classname="spec_perl_TestNestedTypes2_t" time="0.000145912170410156" />
    <testcase name="Equals (418)" classname="spec_perl_TestNestedTypes2_t" time="0.000120162963867188" />
  </testsuite>
  <testsuite name="spec_perl_TestProcessCoerceUsertype1_t" errors="0" failures="0" skipped="0" tests="4" time="0.0451250076293945">
    <system-out>1..4
ok 1 - Equals
ok 2 - Equals
ok 3 - Equals
ok 4 - Equals
</system-out>
    <testcase name="Equals (419)" classname="spec_perl_TestProcessCoerceUsertype1_t" time="0.000633001327514648" />
    <testcase name="Equals (420)" classname="spec_perl_TestProcessCoerceUsertype1_t" time="0.000108003616333008" />
    <testcase name="Equals (421)" classname="spec_perl_TestProcessCoerceUsertype1_t" time="6.69956207275391e-05" />
    <testcase name="Equals (422)" classname="spec_perl_TestProcessCoerceUsertype1_t" time="5.79357147216797e-05" />
  </testsuite>
  <testsuite name="spec_perl_TestBytesPadTerm_t" errors="0" failures="0" skipped="0" tests="4" time="0.0439090728759766">
    <system-out>1..4
ok 1 - Equals
ok 2 - Equals
ok 3 - Equals
ok 4 - Equals
</system-out>
    <testcase name="Equals (423)" classname="spec_perl_TestBytesPadTerm_t" time="0.000257015228271484" />
    <testcase name="Equals (424)" classname="spec_perl_TestBytesPadTerm_t" time="7.98702239990234e-05" />
    <testcase name="Equals (425)" classname="spec_perl_TestBytesPadTerm_t" time="0.000134944915771484" />
    <testcase name="Equals (426)" classname="spec_perl_TestBytesPadTerm_t" time="0.000132083892822266" />
  </testsuite>
  <testsuite name="spec_perl_TestExpr3_t" errors="0" failures="0" skipped="0" tests="12" time="0.0488250255584717">
    <system-out>1..12
ok 1 - Equals
ok 2 - Equals
ok 3 - Equals
ok 4 - Equals
ok 5 - Equals
ok 6 - Equals
ok 7 - Equals
ok 8 - Equals
ok 9 - Equals
ok 10 - Equals
ok 11 - Equals
ok 12 - Equals
</system-out>
    <testcase name="Equals (427)" classname="spec_perl_TestExpr3_t" time="0.00032496452331543" />
    <testcase name="Equals (428)" classname="spec_perl_TestExpr3_t" time="8.89301300048828e-05" />
    <testcase name="Equals (429)" classname="spec_perl_TestExpr3_t" time="5.69820404052734e-05" />
    <testcase name="Equals (430)" classname="spec_perl_TestExpr3_t" time="0.00014495849609375" />
    <testcase name="Equals (431)" classname="spec_perl_TestExpr3_t" time="0.000127077102661133" />
    <testcase name="Equals (432)" classname="spec_perl_TestExpr3_t" time="0.000143051147460938" />
    <testcase name="Equals (433)" classname="spec_perl_TestExpr3_t" time="0.00011897087097168" />
    <testcase name="Equals (434)" classname="spec_perl_TestExpr3_t" time="0.000221967697143555" />
    <testcase name="Equals (435)" classname="spec_perl_TestExpr3_t" time="0.000100135803222656" />
    <testcase name="Equals (436)" classname="spec_perl_TestExpr3_t" time="0.00014495849609375" />
    <testcase name="Equals (437)" classname="spec_perl_TestExpr3_t" time="0.000123977661132812" />
    <testcase name="Equals (438)" classname="spec_perl_TestExpr3_t" time="0.000151872634887695" />
  </testsuite>
  <testsuite name="spec_perl_TestTypeTernaryOpaque_t" errors="0" failures="0" skipped="0" tests="3" time="0.0479321479797363">
    <system-out>1..3
ok 1 - Equals
ok 2 - Equals
ok 3 - Equals
</system-out>
    <testcase name="Equals (439)" classname="spec_perl_TestTypeTernaryOpaque_t" time="0.000594854354858398" />
    <testcase name="Equals (440)" classname="spec_perl_TestTypeTernaryOpaque_t" time="9.918212890625e-05" />
    <testcase name="Equals (441)" classname="spec_perl_TestTypeTernaryOpaque_t" time="4.60147857666016e-05" />
  </testsuite>
  <testsuite name="spec_perl_TestValidShort_t" errors="1" failures="0" skipped="0" tests="0" time="0.0488491058349609">
    <system-out></system-out>
    <testcase name="Test died too soon, even before plan. (441)" classname="spec_perl_TestValidShort_t" time="0.0488491058349609">
      <failure message="The test suite died before a plan was produced. You need to have a plan." type="Plan">No plan</failure>
    </testcase>
  </testsuite>
  <testsuite name="spec_perl_TestSwitchBytearray_t" errors="0" failures="0" skipped="0" tests="9" time="0.0480160713195801">
    <system-out>1..9
ok 1 - Equals
ok 2 - Equals
ok 3 - Equals
ok 4 - Equals
ok 5 - Equals
ok 6 - Equals
ok 7 - Equals
ok 8 - Equals
ok 9 - Equals
</system-out>
    <testcase name="Equals (442)" classname="spec_perl_TestSwitchBytearray_t" time="0.000380039215087891" />
    <testcase name="Equals (443)" classname="spec_perl_TestSwitchBytearray_t" time="9.48905944824219e-05" />
    <testcase name="Equals (444)" classname="spec_perl_TestSwitchBytearray_t" time="5.91278076171875e-05" />
    <testcase name="Equals (445)" classname="spec_perl_TestSwitchBytearray_t" time="0.000155925750732422" />
    <testcase name="Equals (446)" classname="spec_perl_TestSwitchBytearray_t" time="0.000102043151855469" />
    <testcase name="Equals (447)" classname="spec_perl_TestSwitchBytearray_t" time="0.000153064727783203" />
    <testcase name="Equals (448)" classname="spec_perl_TestSwitchBytearray_t" time="0.000110864639282227" />
    <testcase name="Equals (449)" classname="spec_perl_TestSwitchBytearray_t" time="0.000141143798828125" />
    <testcase name="Equals (450)" classname="spec_perl_TestSwitchBytearray_t" time="0.000118017196655273" />
  </testsuite>
  <testsuite name="spec_perl_TestIfStruct_t" errors="0" failures="0" skipped="0" tests="7" time="0.0483019351959229">
    <system-out>1..7
ok 1 - Equals
ok 2 - Equals
ok 3 - Equals
ok 4 - Equals
ok 5 - Equals
ok 6 - Equals
ok 7 - Equals
</system-out>
    <testcase name="Equals (451)" classname="spec_perl_TestIfStruct_t" time="0.000416994094848633" />
    <testcase name="Equals (452)" classname="spec_perl_TestIfStruct_t" time="9.89437103271484e-05" />
    <testcase name="Equals (453)" classname="spec_perl_TestIfStruct_t" time="8.32080841064453e-05" />
    <testcase name="Equals (454)" classname="spec_perl_TestIfStruct_t" time="7.79628753662109e-05" />
    <testcase name="Equals (455)" classname="spec_perl_TestIfStruct_t" time="0.000161886215209961" />
    <testcase name="Equals (456)" classname="spec_perl_TestIfStruct_t" time="0.000121116638183594" />
    <testcase name="Equals (457)" classname="spec_perl_TestIfStruct_t" time="0.000119924545288086" />
  </testsuite>
  <testsuite name="spec_perl_TestRepeatUntilCalcArrayType_t" errors="0" failures="0" skipped="0" tests="7" time="0.0446829795837402">
    <system-out>1..7
ok 1 - Equals
ok 2 - Equals
ok 3 - Equals
ok 4 - Equals
ok 5 - Equals
ok 6 - Equals
ok 7 - Equals
</system-out>
    <testcase name="Equals (458)" classname="spec_perl_TestRepeatUntilCalcArrayType_t" time="0.000626087188720703" />
    <testcase name="Equals (459)" classname="spec_perl_TestRepeatUntilCalcArrayType_t" time="0.000102996826171875" />
    <testcase name="Equals (460)" classname="spec_perl_TestRepeatUntilCalcArrayType_t" time="4.69684600830078e-05" />
    <testcase name="Equals (461)" classname="spec_perl_TestRepeatUntilCalcArrayType_t" time="0.000108957290649414" />
    <testcase name="Equals (462)" classname="spec_perl_TestRepeatUntilCalcArrayType_t" time="0.000154972076416016" />
    <testcase name="Equals (463)" classname="spec_perl_TestRepeatUntilCalcArrayType_t" time="0.000123023986816406" />
    <testcase name="Equals (464)" classname="spec_perl_TestRepeatUntilCalcArrayType_t" time="0.000120878219604492" />
  </testsuite>
  <testsuite name="spec_perl_TestExprBytesOps_t" errors="1" failures="0" skipped="0" tests="0" time="0.0460829734802246">
    <system-out></system-out>
    <testcase name="Test died too soon, even before plan. (464)" classname="spec_perl_TestExprBytesOps_t" time="0.0460829734802246">
      <failure message="The test suite died before a plan was produced. You need to have a plan." type="Plan">No plan</failure>
    </testcase>
  </testsuite>
  <testsuite name="spec_perl_TestEnumIntRangeU_t" errors="0" failures="0" skipped="0" tests="2" time="0.0433280467987061">
    <system-out>1..2
ok 1 - Equals
ok 2 - Equals
</system-out>
    <testcase name="Equals (465)" classname="spec_perl_TestEnumIntRangeU_t" time="0.000169038772583008" />
    <testcase name="Equals (466)" classname="spec_perl_TestEnumIntRangeU_t" time="7.29560852050781e-05" />
  </testsuite>
  <testsuite name="spec_perl_TestDefaultBitEndianMod_t" errors="0" failures="0" skipped="0" tests="4" time="0.0442929267883301">
    <system-out>1..4
ok 1 - Equals
ok 2 - Equals
ok 3 - Equals
ok 4 - Equals
</system-out>
    <testcase name="Equals (467)" classname="spec_perl_TestDefaultBitEndianMod_t" time="0.000349044799804688" />
    <testcase name="Equals (468)" classname="spec_perl_TestDefaultBitEndianMod_t" time="8.79764556884766e-05" />
    <testcase name="Equals (469)" classname="spec_perl_TestDefaultBitEndianMod_t" time="5.60283660888672e-05" />
    <testcase name="Equals (470)" classname="spec_perl_TestDefaultBitEndianMod_t" time="0.000159978866577148" />
  </testsuite>
  <testsuite name="spec_perl_TestSwitchManualInt_t" errors="0" failures="0" skipped="0" tests="9" time="0.0477118492126465">
    <system-out>1..9
ok 1 - Equals
ok 2 - Equals
ok 3 - Equals
ok 4 - Equals
ok 5 - Equals
ok 6 - Equals
ok 7 - Equals
ok 8 - Equals
ok 9 - Equals
</system-out>
    <testcase name="Equals (471)" classname="spec_perl_TestSwitchManualInt_t" time="0.000334978103637695" />
    <testcase name="Equals (472)" classname="spec_perl_TestSwitchManualInt_t" time="0.000130176544189453" />
    <testcase name="Equals (473)" classname="spec_perl_TestSwitchManualInt_t" time="6.103515625e-05" />
    <testcase name="Equals (474)" classname="spec_perl_TestSwitchManualInt_t" time="0.000139951705932617" />
    <testcase name="Equals (475)" classname="spec_perl_TestSwitchManualInt_t" time="0.000133037567138672" />
    <testcase name="Equals (476)" classname="spec_perl_TestSwitchManualInt_t" time="0.00011897087097168" />
    <testcase name="Equals (477)" classname="spec_perl_TestSwitchManualInt_t" time="0.000139951705932617" />
    <testcase name="Equals (478)" classname="spec_perl_TestSwitchManualInt_t" time="0.000113964080810547" />
    <testcase name="Equals (479)" classname="spec_perl_TestSwitchManualInt_t" time="0.000123023986816406" />
  </testsuite>
  <testsuite name="spec_perl_TestEnum1_t" errors="0" failures="0" skipped="0" tests="2" time="0.0435910224914551">
    <system-out>1..2
ok 1 - Equals
ok 2 - Equals
</system-out>
    <testcase name="Equals (480)" classname="spec_perl_TestEnum1_t" time="0.000291109085083008" />
    <testcase name="Equals (481)" classname="spec_perl_TestEnum1_t" time="9.20295715332031e-05" />
  </testsuite>
  <testsuite name="spec_perl_TestExprEnum_t" errors="0" failures="0" skipped="0" tests="3" time="0.0707690715789795">
    <system-out>1..3
ok 1 - Equals
ok 2 - Equals
ok 3 - Equals
</system-out>
    <testcase name="Equals (482)" classname="spec_perl_TestExprEnum_t" time="0.000600814819335938" />
    <testcase name="Equals (483)" classname="spec_perl_TestExprEnum_t" time="0.000283002853393555" />
    <testcase name="Equals (484)" classname="spec_perl_TestExprEnum_t" time="0.000233173370361328" />
  </testsuite>
  <testsuite name="spec_perl_TestProcessCoerceSwitch_t" errors="0" failures="0" skipped="0" tests="3" time="0.0444619655609131">
    <system-out>1..3
ok 1 - Equals
ok 2 - Equals
ok 3 - Equals
</system-out>
    <testcase name="Equals (485)" classname="spec_perl_TestProcessCoerceSwitch_t" time="0.000568866729736328" />
    <testcase name="Equals (486)" classname="spec_perl_TestProcessCoerceSwitch_t" time="0.000112056732177734" />
    <testcase name="Equals (487)" classname="spec_perl_TestProcessCoerceSwitch_t" time="4.60147857666016e-05" />
  </testsuite>
  <testsuite name="spec_perl_TestEosExceptionU4_t" errors="0" failures="0" skipped="0" tests="1" time="0.044842004776001">
    <system-out>1..1
ok 1 - Died
</system-out>
    <testcase name="Died (487)" classname="spec_perl_TestEosExceptionU4_t" time="0.000481128692626953" />
  </testsuite>
  <testsuite name="spec_perl_TestTypeTernary2ndFalsy_t" errors="0" failures="1" skipped="0" tests="13" time="0.0486459732055664">
    <system-out>1..13
ok 1 - Equals
ok 2 - Equals
ok 3 - Equals
ok 4 - Approx equals
ok 5 - Approx equals
ok 6 - Equals
ok 7 - Equals
ok 8 - Equals
ok 9 - nil
ok 10 - Equals
ok 11 - Equals
ok 12 - Equals
not ok 13 - test_type_ternary_2nd_falsy died (Can't use an undefined value as an ARRAY reference at spec/perl/TestTypeTernary2ndFalsy.t line 27.)
</system-out>
    <testcase name="Equals (488)" classname="spec_perl_TestTypeTernary2ndFalsy_t" time="0.000262975692749023" />
    <testcase name="Equals (489)" classname="spec_perl_TestTypeTernary2ndFalsy_t" time="7.98702239990234e-05" />
    <testcase name="Equals (490)" classname="spec_perl_TestTypeTernary2ndFalsy_t" time="0.000117063522338867" />
    <testcase name="Approx equals (490)" classname="spec_perl_TestTypeTernary2ndFalsy_t" time="6.103515625e-05" />
    <testcase name="Approx equals (491)" classname="spec_perl_TestTypeTernary2ndFalsy_t" time="5.41210174560547e-05" />
    <testcase name="Equals (491)" classname="spec_perl_TestTypeTernary2ndFalsy_t" time="0.000150918960571289" />
    <testcase name="Equals (492)" classname="spec_perl_TestTypeTernary2ndFalsy_t" time="0.000101089477539062" />
    <testcase name="Equals (493)" classname="spec_perl_TestTypeTernary2ndFalsy_t" time="0.000142812728881836" />
    <testcase name="nil (493)" classname="spec_perl_TestTypeTernary2ndFalsy_t" time="6.31809234619141e-05" />
    <testcase name="Equals (494)" classname="spec_perl_TestTypeTernary2ndFalsy_t" time="0.000113010406494141" />
    <testcase name="Equals (495)" classname="spec_perl_TestTypeTernary2ndFalsy_t" time="0.000148773193359375" />
    <testcase name="Equals (496)" classname="spec_perl_TestTypeTernary2ndFalsy_t" time="0.000116109848022461" />
    <testcase name="test_type_ternary_2nd_falsy died (Can't use an undefined value as an ARRAY reference at spec/perl/TestTypeTernary2ndFalsy.t line 27.) (496)" classname="spec_perl_TestTypeTernary2ndFalsy_t" time="0.000278949737548828">
      <failure message="not ok 13 - test_type_ternary_2nd_falsy died (Can't use an undefined value as an ARRAY reference at spec/perl/TestTypeTernary2ndFalsy.t line 27.)" type="TAP::Parser::Result::Test"></failure>
    </testcase>
  </testsuite>
  <testsuite name="spec_perl_TestSwitchCast_t" errors="0" failures="0" skipped="0" tests="2" time="0.0473542213439941">
    <system-out>1..2
ok 1 - Equals
ok 2 - Equals
</system-out>
    <testcase name="Equals (497)" classname="spec_perl_TestSwitchCast_t" time="0.000375032424926758" />
    <testcase name="Equals (498)" classname="spec_perl_TestSwitchCast_t" time="9.89437103271484e-05" />
  </testsuite>
  <testsuite name="spec_perl_TestEnum0_t" errors="0" failures="0" skipped="0" tests="2" time="0.0429909229278564">
    <system-out>1..2
ok 1 - Equals
ok 2 - Equals
</system-out>
    <testcase name="Equals (499)" classname="spec_perl_TestEnum0_t" time="0.000244140625" />
    <testcase name="Equals (500)" classname="spec_perl_TestEnum0_t" time="7.89165496826172e-05" />
  </testsuite>
  <testsuite name="spec_perl_TestProcessRotate_t" errors="0" failures="0" skipped="0" tests="3" time="0.044072151184082">
    <system-out>1..3
ok 1 - Equals
ok 2 - Equals
ok 3 - Equals
</system-out>
    <testcase name="Equals (501)" classname="spec_perl_TestProcessRotate_t" time="0.000258922576904297" />
    <testcase name="Equals (502)" classname="spec_perl_TestProcessRotate_t" time="8.41617584228516e-05" />
    <testcase name="Equals (503)" classname="spec_perl_TestProcessRotate_t" time="0.000113964080810547" />
  </testsuite>
  <testsuite name="spec_perl_TestDebugEnumName_t" errors="1" failures="0" skipped="0" tests="0" time="0.0466098785400391">
    <system-out></system-out>
    <testcase name="Test died too soon, even before plan. (503)" classname="spec_perl_TestDebugEnumName_t" time="0.0466098785400391">
      <failure message="The test suite died before a plan was produced. You need to have a plan." type="Plan">No plan</failure>
    </testcase>
  </testsuite>
  <testsuite name="spec_perl_TestTermStrz_t" errors="0" failures="0" skipped="0" tests="3" time="0.0461409091949463">
    <system-out>1..3
ok 1 - Equals
ok 2 - Equals
ok 3 - Equals
</system-out>
    <testcase name="Equals (504)" classname="spec_perl_TestTermStrz_t" time="0.000303030014038086" />
    <testcase name="Equals (505)" classname="spec_perl_TestTermStrz_t" time="8.67843627929688e-05" />
    <testcase name="Equals (506)" classname="spec_perl_TestTermStrz_t" time="0.000117063522338867" />
  </testsuite>
  <testsuite name="spec_perl_TestCombineBool_t" errors="0" failures="0" skipped="0" tests="2" time="0.0427238941192627">
    <system-out>1..2
ok 1 - Equals
ok 2 - Equals
</system-out>
    <testcase name="Equals (507)" classname="spec_perl_TestCombineBool_t" time="0.000221967697143555" />
    <testcase name="Equals (508)" classname="spec_perl_TestCombineBool_t" time="7.51018524169922e-05" />
  </testsuite>
  <testsuite name="spec_perl_TestEnumLongRangeU_t" errors="0" failures="0" skipped="0" tests="4" time="0.0442159175872803">
    <system-out>1..4
ok 1 - Equals
ok 2 - Equals
ok 3 - Equals
ok 4 - Equals
</system-out>
    <testcase name="Equals (509)" classname="spec_perl_TestEnumLongRangeU_t" time="0.000249862670898438" />
    <testcase name="Equals (510)" classname="spec_perl_TestEnumLongRangeU_t" time="7.91549682617188e-05" />
    <testcase name="Equals (511)" classname="spec_perl_TestEnumLongRangeU_t" time="0.0001068115234375" />
    <testcase name="Equals (512)" classname="spec_perl_TestEnumLongRangeU_t" time="0.000135183334350586" />
  </testsuite>
  <testsuite name="spec_perl_TestExprSizeofValue0_t" errors="0" failures="0" skipped="0" tests="5" time="0.0445151329040527">
    <system-out>1..5
ok 1 - Equals
ok 2 - Equals
ok 3 - Equals
ok 4 - Equals
ok 5 - Equals
</system-out>
    <testcase name="Equals (513)" classname="spec_perl_TestExprSizeofValue0_t" time="0.000281095504760742" />
    <testcase name="Equals (514)" classname="spec_perl_TestExprSizeofValue0_t" time="8.48770141601562e-05" />
    <testcase name="Equals (515)" classname="spec_perl_TestExprSizeofValue0_t" time="8.10623168945312e-05" />
    <testcase name="Equals (516)" classname="spec_perl_TestExprSizeofValue0_t" time="0.000162839889526367" />
    <testcase name="Equals (517)" classname="spec_perl_TestExprSizeofValue0_t" time="0.000101089477539062" />
  </testsuite>
  <testsuite name="spec_perl_TestProcessCustomNoArgs_t" errors="1" failures="0" skipped="0" tests="0" time="0.0445959568023682">
    <system-out></system-out>
    <testcase name="Test died too soon, even before plan. (517)" classname="spec_perl_TestProcessCustomNoArgs_t" time="0.0445959568023682">
      <failure message="The test suite died before a plan was produced. You need to have a plan." type="Plan">No plan</failure>
    </testcase>
  </testsuite>
  <testsuite name="spec_perl_TestDefaultEndianExprIsLe_t" errors="0" failures="0" skipped="0" tests="12" time="0.0459649562835693">
    <system-out>1..12
ok 1 - Equals
ok 2 - Equals
ok 3 - Equals
ok 4 - Equals
ok 5 - Equals
ok 6 - Equals
ok 7 - Equals
ok 8 - Equals
ok 9 - Equals
ok 10 - Equals
ok 11 - Equals
ok 12 - Equals
</system-out>
    <testcase name="Equals (518)" classname="spec_perl_TestDefaultEndianExprIsLe_t" time="0.000368118286132812" />
    <testcase name="Equals (519)" classname="spec_perl_TestDefaultEndianExprIsLe_t" time="9.39369201660156e-05" />
    <testcase name="Equals (520)" classname="spec_perl_TestDefaultEndianExprIsLe_t" time="5.69820404052734e-05" />
    <testcase name="Equals (521)" classname="spec_perl_TestDefaultEndianExprIsLe_t" time="0.000120878219604492" />
    <testcase name="Equals (522)" classname="spec_perl_TestDefaultEndianExprIsLe_t" time="0.000127077102661133" />
    <testcase name="Equals (523)" classname="spec_perl_TestDefaultEndianExprIsLe_t" time="0.000146150588989258" />
    <testcase name="Equals (524)" classname="spec_perl_TestDefaultEndianExprIsLe_t" time="0.000124931335449219" />
    <testcase name="Equals (525)" classname="spec_perl_TestDefaultEndianExprIsLe_t" time="0.000150918960571289" />
    <testcase name="Equals (526)" classname="spec_perl_TestDefaultEndianExprIsLe_t" time="0.000113964080810547" />
    <testcase name="Equals (527)" classname="spec_perl_TestDefaultEndianExprIsLe_t" time="0.0001220703125" />
    <testcase name="Equals (528)" classname="spec_perl_TestDefaultEndianExprIsLe_t" time="0.000145912170410156" />
    <testcase name="Equals (529)" classname="spec_perl_TestDefaultEndianExprIsLe_t" time="0.00014805793762207" />
  </testsuite>
  <testsuite name="spec_perl_TestCastToImported_t" errors="0" failures="0" skipped="0" tests="2" time="0.0437049865722656">
    <system-out>1..2
ok 1 - Equals
ok 2 - Equals
</system-out>
    <testcase name="Equals (530)" classname="spec_perl_TestCastToImported_t" time="0.000225067138671875" />
    <testcase name="Equals (531)" classname="spec_perl_TestCastToImported_t" time="7.79628753662109e-05" />
  </testsuite>
  <testsuite name="spec_perl_TestTypeTernary_t" errors="0" failures="0" skipped="0" tests="1" time="0.0439770221710205">
    <system-out>1..1
ok 1 - Equals
</system-out>
    <testcase name="Equals (532)" classname="spec_perl_TestTypeTernary_t" time="0.000551939010620117" />
  </testsuite>
  <testsuite name="spec_perl_TestStrLiterals_t" errors="0" failures="0" skipped="0" tests="5" time="0.044823169708252">
    <system-out>1..5
ok 1 - Equals
ok 2 - Equals
ok 3 - Equals
ok 4 - Equals
ok 5 - Equals
</system-out>
    <testcase name="Equals (533)" classname="spec_perl_TestStrLiterals_t" time="0.000274896621704102" />
    <testcase name="Equals (534)" classname="spec_perl_TestStrLiterals_t" time="8.10623168945312e-05" />
    <testcase name="Equals (535)" classname="spec_perl_TestStrLiterals_t" time="0.000156879425048828" />
    <testcase name="Equals (536)" classname="spec_perl_TestStrLiterals_t" time="0.000149011611938477" />
    <testcase name="Equals (537)" classname="spec_perl_TestStrLiterals_t" time="0.00017094612121582" />
  </testsuite>
  <testsuite name="spec_perl_TestStrEncodings_t" errors="0" failures="0" skipped="0" tests="4" time="0.0660920143127441">
    <system-out>1..4
ok 1 - Equals
ok 2 - Equals
ok 3 - Equals
ok 4 - Equals
</system-out>
    <testcase name="Equals (538)" classname="spec_perl_TestStrEncodings_t" time="0.0191259384155273" />
    <testcase name="Equals (539)" classname="spec_perl_TestStrEncodings_t" time="0.000151157379150391" />
    <testcase name="Equals (540)" classname="spec_perl_TestStrEncodings_t" time="6.69956207275391e-05" />
    <testcase name="Equals (541)" classname="spec_perl_TestStrEncodings_t" time="5.48362731933594e-05" />
  </testsuite>
  <testsuite name="spec_perl_TestProcessXorConst_t" errors="0" failures="0" skipped="0" tests="2" time="0.0435559749603271">
    <system-out>1..2
ok 1 - Equals
ok 2 - Equals
</system-out>
    <testcase name="Equals (542)" classname="spec_perl_TestProcessXorConst_t" time="0.000235080718994141" />
    <testcase name="Equals (543)" classname="spec_perl_TestProcessXorConst_t" time="8.392333984375e-05" />
  </testsuite>
  <testsuite name="spec_perl_TestPositionInSeq_t" errors="0" failures="0" skipped="0" tests="1" time="0.0427470207214355">
    <system-out>1..1
ok 1 - Equals
</system-out>
    <testcase name="Equals (544)" classname="spec_perl_TestPositionInSeq_t" time="0.000180959701538086" />
  </testsuite>
  <testsuite name="spec_perl_TestExprIntDiv_t" errors="0" failures="2" skipped="0" tests="6" time="0.0472619533538818">
    <system-out>1..6
ok 1 - Equals
ok 2 - Equals
ok 3 - Equals
not ok 4 - Equals
ok 5 - Equals
not ok 6 - Equals
</system-out>
    <testcase name="Equals (545)" classname="spec_perl_TestExprIntDiv_t" time="0.000190019607543945" />
    <testcase name="Equals (546)" classname="spec_perl_TestExprIntDiv_t" time="7.70092010498047e-05" />
    <testcase name="Equals (547)" classname="spec_perl_TestExprIntDiv_t" time="0.000188112258911133" />
    <testcase name="Equals (548)" classname="spec_perl_TestExprIntDiv_t" time="0.000185012817382812">
      <failure message="not ok 4 - Equals" type="TAP::Parser::Result::Test"></failure>
    </testcase>
    <testcase name="Equals (549)" classname="spec_perl_TestExprIntDiv_t" time="0.00387382507324219" />
    <testcase name="Equals (550)" classname="spec_perl_TestExprIntDiv_t" time="7.00950622558594e-05">
      <failure message="not ok 6 - Equals" type="TAP::Parser::Result::Test"></failure>
    </testcase>
  </testsuite>
  <testsuite name="spec_perl_TestParamsEnum_t" errors="0" failures="1" skipped="0" tests="2" time="0.0400409698486328">
    <system-out>1..2
ok 1 - Equals
not ok 2 - Equals
</system-out>
    <testcase name="Equals (551)" classname="spec_perl_TestParamsEnum_t" time="0.000245094299316406" />
    <testcase name="Equals (552)" classname="spec_perl_TestParamsEnum_t" time="0.000911951065063477">
      <failure message="not ok 2 - Equals" type="TAP::Parser::Result::Test"></failure>
    </testcase>
  </testsuite>
  <testsuite name="spec_perl_TestJsSignedRightShift_t" errors="0" failures="0" skipped="0" tests="2" time="0.0439000129699707">
    <system-out>1..2
ok 1 - Equals
ok 2 - Equals
</system-out>
    <testcase name="Equals (553)" classname="spec_perl_TestJsSignedRightShift_t" time="0.000270843505859375" />
    <testcase name="Equals (554)" classname="spec_perl_TestJsSignedRightShift_t" time="0.000143051147460938" />
  </testsuite>
  <testsuite name="spec_perl_TestEnumOfValueInst_t" errors="0" failures="0" skipped="0" tests="4" time="0.0438249111175537">
    <system-out>1..4
ok 1 - Equals
ok 2 - Equals
ok 3 - Equals
ok 4 - Equals
</system-out>
    <testcase name="Equals (555)" classname="spec_perl_TestEnumOfValueInst_t" time="0.000252962112426758" />
    <testcase name="Equals (556)" classname="spec_perl_TestEnumOfValueInst_t" time="7.82012939453125e-05" />
    <testcase name="Equals (557)" classname="spec_perl_TestEnumOfValueInst_t" time="0.000105857849121094" />
    <testcase name="Equals (558)" classname="spec_perl_TestEnumOfValueInst_t" time="0.000144004821777344" />
  </testsuite>
  <testsuite name="spec_perl_TestYamlInts_t" errors="0" failures="0" skipped="0" tests="4" time="0.0442180633544922">
    <system-out>1..4
ok 1 - Equals
ok 2 - Equals
ok 3 - Equals
ok 4 - Equals
</system-out>
    <testcase name="Equals (559)" classname="spec_perl_TestYamlInts_t" time="0.000252962112426758" />
    <testcase name="Equals (560)" classname="spec_perl_TestYamlInts_t" time="0.000102043151855469" />
    <testcase name="Equals (561)" classname="spec_perl_TestYamlInts_t" time="0.000150918960571289" />
    <testcase name="Equals (562)" classname="spec_perl_TestYamlInts_t" time="0.000135898590087891" />
  </testsuite>
  <testsuite name="spec_perl_TestExprIoPos_t" errors="0" failures="0" skipped="0" tests="6" time="0.0479569435119629">
    <system-out>1..6
ok 1 - Equals
ok 2 - Equals
ok 3 - Equals
ok 4 - Equals
ok 5 - Equals
ok 6 - Equals
</system-out>
    <testcase name="Equals (563)" classname="spec_perl_TestExprIoPos_t" time="0.00067901611328125" />
    <testcase name="Equals (564)" classname="spec_perl_TestExprIoPos_t" time="0.000114917755126953" />
    <testcase name="Equals (565)" classname="spec_perl_TestExprIoPos_t" time="4.88758087158203e-05" />
    <testcase name="Equals (566)" classname="spec_perl_TestExprIoPos_t" time="5.69820404052734e-05" />
    <testcase name="Equals (567)" classname="spec_perl_TestExprIoPos_t" time="0.000145196914672852" />
    <testcase name="Equals (568)" classname="spec_perl_TestExprIoPos_t" time="0.000111818313598633" />
  </testsuite>
  <testsuite name="spec_perl_TestParamsPassArrayUsertype_t" errors="0" failures="1" skipped="4" tests="5" time="0.0488309860229492">
    <system-out>1..5
not ok 1 - test_params_pass_array_usertype died (Can't use an undefined value as an ARRAY reference at compiled/perl/ParamsPassArrayUsertype.pm line 123.)
ok 2 # skip test_params_pass_array_usertype died
ok 3 # skip test_params_pass_array_usertype died
ok 4 # skip test_params_pass_array_usertype died
ok 5 # skip test_params_pass_array_usertype died
</system-out>
    <testcase name="test_params_pass_array_usertype died (Can't use an undefined value as an ARRAY reference at compiled/perl/ParamsPassArrayUsertype.pm line 123.) (568)" classname="spec_perl_TestParamsPassArrayUsertype_t" time="0.000331878662109375">
      <failure message="not ok 1 - test_params_pass_array_usertype died (Can't use an undefined value as an ARRAY reference at compiled/perl/ParamsPassArrayUsertype.pm line 123.)" type="TAP::Parser::Result::Test"></failure>
    </testcase>
    <testcase name="Unnamed test case 568" classname="spec_perl_TestParamsPassArrayUsertype_t" time="0.00211095809936523">
      <skipped message="ok 2 # skip test_params_pass_array_usertype died" />
    </testcase>
    <testcase name="Unnamed test case 569" classname="spec_perl_TestParamsPassArrayUsertype_t" time="9.70363616943359e-05">
      <skipped message="ok 3 # skip test_params_pass_array_usertype died" />
    </testcase>
    <testcase name="Unnamed test case 570" classname="spec_perl_TestParamsPassArrayUsertype_t" time="0.000113010406494141">
      <skipped message="ok 4 # skip test_params_pass_array_usertype died" />
    </testcase>
    <testcase name="Unnamed test case 571" classname="spec_perl_TestParamsPassArrayUsertype_t" time="0.000164031982421875">
      <skipped message="ok 5 # skip test_params_pass_array_usertype died" />
    </testcase>
  </testsuite>
  <testsuite name="spec_perl_TestNavParentFalse_t" errors="0" failures="0" skipped="0" tests="5" time="0.044389009475708">
    <system-out>1..5
ok 1 - Equals
ok 2 - Equals
ok 3 - Equals
ok 4 - Equals
ok 5 - Equals
</system-out>
    <testcase name="Equals (571)" classname="spec_perl_TestNavParentFalse_t" time="0.000348091125488281" />
    <testcase name="Equals (572)" classname="spec_perl_TestNavParentFalse_t" time="9.70363616943359e-05" />
    <testcase name="Equals (573)" classname="spec_perl_TestNavParentFalse_t" time="5.88893890380859e-05" />
    <testcase name="Equals (574)" classname="spec_perl_TestNavParentFalse_t" time="0.000129938125610352" />
    <testcase name="Equals (575)" classname="spec_perl_TestNavParentFalse_t" time="0.000137090682983398" />
  </testsuite>
  <testsuite name="spec_perl_TestStrEncodingsDefault_t" errors="0" failures="0" skipped="0" tests="4" time="0.051016092300415">
    <system-out>1..4
ok 1 - Equals
ok 2 - Equals
ok 3 - Equals
ok 4 - Equals
</system-out>
    <testcase name="Equals (576)" classname="spec_perl_TestStrEncodingsDefault_t" time="0.00337791442871094" />
    <testcase name="Equals (577)" classname="spec_perl_TestStrEncodingsDefault_t" time="0.000131130218505859" />
    <testcase name="Equals (578)" classname="spec_perl_TestStrEncodingsDefault_t" time="8.70227813720703e-05" />
    <testcase name="Equals (579)" classname="spec_perl_TestStrEncodingsDefault_t" time="6.58035278320312e-05" />
  </testsuite>
  <testsuite name="spec_perl_TestProcessRepeatUsertype_t" errors="0" failures="0" skipped="0" tests="4" time="0.0452649593353271">
    <system-out>1..4
ok 1 - Equals
ok 2 - Equals
ok 3 - Equals
ok 4 - Equals
</system-out>
    <testcase name="Equals (580)" classname="spec_perl_TestProcessRepeatUsertype_t" time="0.00058293342590332" />
    <testcase name="Equals (581)" classname="spec_perl_TestProcessRepeatUsertype_t" time="0.000104188919067383" />
    <testcase name="Equals (582)" classname="spec_perl_TestProcessRepeatUsertype_t" time="5.88893890380859e-05" />
    <testcase name="Equals (583)" classname="spec_perl_TestProcessRepeatUsertype_t" time="0.000128030776977539" />
  </testsuite>
  <testsuite name="spec_perl_TestRepeatNStrz_t" errors="0" failures="0" skipped="0" tests="2" time="0.0464651584625244">
    <system-out>1..2
ok 1 - Equals
ok 2 - Equals
</system-out>
    <testcase name="Equals (584)" classname="spec_perl_TestRepeatNStrz_t" time="0.000313997268676758" />
    <testcase name="Equals (585)" classname="spec_perl_TestRepeatNStrz_t" time="8.79764556884766e-05" />
  </testsuite>
  <testsuite name="spec_perl_TestEofExceptionBytes_t" errors="0" failures="0" skipped="0" tests="1" time="0.0545849800109863">
    <system-out>1..1
ok 1 - Died
</system-out>
    <testcase name="Died (585)" classname="spec_perl_TestEofExceptionBytes_t" time="0.000177860260009766" />
  </testsuite>
  <testsuite name="spec_perl_TestZlibSurrounded_t" errors="0" failures="0" skipped="0" tests="1" time="0.0643241405487061">
    <system-out>1..1
ok 1 - Equals
</system-out>
    <testcase name="Equals (586)" classname="spec_perl_TestZlibSurrounded_t" time="0.000646829605102539" />
  </testsuite>
  <testsuite name="spec_perl_TestProcessXorValue_t" errors="0" failures="0" skipped="0" tests="2" time="0.0432162284851074">
    <system-out>1..2
ok 1 - Equals
ok 2 - Equals
</system-out>
    <testcase name="Equals (587)" classname="spec_perl_TestProcessXorValue_t" time="0.000173091888427734" />
    <testcase name="Equals (588)" classname="spec_perl_TestProcessXorValue_t" time="8.48770141601562e-05" />
  </testsuite>
  <testsuite name="spec_perl_TestProcessRepeatBytes_t" errors="0" failures="0" skipped="0" tests="2" time="0.0511479377746582">
    <system-out>1..2
ok 1 - Equals
ok 2 - Equals
</system-out>
    <testcase name="Equals (589)" classname="spec_perl_TestProcessRepeatBytes_t" time="0.000283956527709961" />
    <testcase name="Equals (590)" classname="spec_perl_TestProcessRepeatBytes_t" time="7.98702239990234e-05" />
  </testsuite>
  <testsuite name="spec_perl_TestExprBits_t" errors="0" failures="0" skipped="0" tests="10" time="0.0470800399780273">
    <system-out>1..10
ok 1 - Equals
ok 2 - Equals
ok 3 - Equals
ok 4 - Equals
ok 5 - Equals
ok 6 - Equals
ok 7 - Equals
ok 8 - Equals
ok 9 - Equals
ok 10 - Equals
</system-out>
    <testcase name="Equals (591)" classname="spec_perl_TestExprBits_t" time="0.000280857086181641" />
    <testcase name="Equals (592)" classname="spec_perl_TestExprBits_t" time="9.41753387451172e-05" />
    <testcase name="Equals (593)" classname="spec_perl_TestExprBits_t" time="5.88893890380859e-05" />
    <testcase name="Equals (594)" classname="spec_perl_TestExprBits_t" time="0.000164031982421875" />
    <testcase name="Equals (595)" classname="spec_perl_TestExprBits_t" time="9.29832458496094e-05" />
    <testcase name="Equals (596)" classname="spec_perl_TestExprBits_t" time="0.000145912170410156" />
    <testcase name="Equals (597)" classname="spec_perl_TestExprBits_t" time="0.000116109848022461" />
    <testcase name="Equals (598)" classname="spec_perl_TestExprBits_t" time="0.00014495849609375" />
    <testcase name="Equals (599)" classname="spec_perl_TestExprBits_t" time="0.000111103057861328" />
    <testcase name="Equals (600)" classname="spec_perl_TestExprBits_t" time="0.00017094612121582" />
  </testsuite>
  <testsuite name="spec_perl_TestImportsAbs_t" errors="0" failures="0" skipped="0" tests="2" time="0.0448088645935059">
    <system-out>1..2
ok 1 - Equals
ok 2 - Equals
</system-out>
    <testcase name="Equals (601)" classname="spec_perl_TestImportsAbs_t" time="0.000312089920043945" />
    <testcase name="Equals (602)" classname="spec_perl_TestImportsAbs_t" time="8.70227813720703e-05" />
  </testsuite>
  <testsuite name="spec_perl_TestDocstringsDocrefMulti_t" errors="0" failures="0" skipped="1" tests="1" time="0.0452370643615723">
    <system-out>1..1
ok 1 # skip DocstringsDocrefMulti=HASH(0x2f1ebe8)
</system-out>
    <testcase name="Unnamed test case 602" classname="spec_perl_TestDocstringsDocrefMulti_t" time="0.00129604339599609">
      <skipped message="ok 1 # skip DocstringsDocrefMulti=HASH(0x2f1ebe8)" />
    </testcase>
  </testsuite>
  <testsuite name="spec_perl_TestRepeatEosU4_t" errors="0" failures="0" skipped="0" tests="1" time="0.0433008670806885">
    <system-out>1..1
ok 1 - Equals
</system-out>
    <testcase name="Equals (603)" classname="spec_perl_TestRepeatEosU4_t" time="0.000215053558349609" />
  </testsuite>
  <testsuite name="spec_perl_TestParamsPassArrayStruct_t" errors="0" failures="1" skipped="2" tests="3" time="0.0481421947479248">
    <system-out>1..3
not ok 1 - test_params_pass_array_struct died (Can't use an undefined value as an ARRAY reference at spec/perl/TestParamsPassArrayStruct.t line 15.)
ok 2 # skip test_params_pass_array_struct died
ok 3 # skip test_params_pass_array_struct died
</system-out>
    <testcase name="test_params_pass_array_struct died (Can't use an undefined value as an ARRAY reference at spec/perl/TestParamsPassArrayStruct.t line 15.) (603)" classname="spec_perl_TestParamsPassArrayStruct_t" time="0.000339031219482422">
      <failure message="not ok 1 - test_params_pass_array_struct died (Can't use an undefined value as an ARRAY reference at spec/perl/TestParamsPassArrayStruct.t line 15.)" type="TAP::Parser::Result::Test"></failure>
    </testcase>
    <testcase name="Unnamed test case 603" classname="spec_perl_TestParamsPassArrayStruct_t" time="0.00411486625671387">
      <skipped message="ok 2 # skip test_params_pass_array_struct died" />
    </testcase>
    <testcase name="Unnamed test case 604" classname="spec_perl_TestParamsPassArrayStruct_t" time="0.000100135803222656">
      <skipped message="ok 3 # skip test_params_pass_array_struct died" />
    </testcase>
  </testsuite>
  <testsuite name="spec_perl_TestDefaultEndianExprInherited_t" errors="0" failures="0" skipped="0" tests="15" time="0.0457398891448975">
    <system-out>1..15
ok 1 - Equals
ok 2 - Equals
ok 3 - Equals
ok 4 - Equals
ok 5 - Equals
ok 6 - Equals
ok 7 - Equals
ok 8 - Equals
ok 9 - Equals
ok 10 - Equals
ok 11 - Equals
ok 12 - Equals
ok 13 - Equals
ok 14 - Equals
ok 15 - Equals
</system-out>
    <testcase name="Equals (604)" classname="spec_perl_TestDefaultEndianExprInherited_t" time="0.000348091125488281" />
    <testcase name="Equals (605)" classname="spec_perl_TestDefaultEndianExprInherited_t" time="0.000103950500488281" />
    <testcase name="Equals (606)" classname="spec_perl_TestDefaultEndianExprInherited_t" time="6.00814819335938e-05" />
    <testcase name="Equals (607)" classname="spec_perl_TestDefaultEndianExprInherited_t" time="0.000153779983520508" />
    <testcase name="Equals (608)" classname="spec_perl_TestDefaultEndianExprInherited_t" time="0.000141143798828125" />
    <testcase name="Equals (609)" classname="spec_perl_TestDefaultEndianExprInherited_t" time="0.000136852264404297" />
    <testcase name="Equals (610)" classname="spec_perl_TestDefaultEndianExprInherited_t" time="0.000138044357299805" />
    <testcase name="Equals (611)" classname="spec_perl_TestDefaultEndianExprInherited_t" time="0.000108957290649414" />
    <testcase name="Equals (612)" classname="spec_perl_TestDefaultEndianExprInherited_t" time="0.000143051147460938" />
    <testcase name="Equals (613)" classname="spec_perl_TestDefaultEndianExprInherited_t" time="0.000143051147460938" />
    <testcase name="Equals (614)" classname="spec_perl_TestDefaultEndianExprInherited_t" time="0.000127077102661133" />
    <testcase name="Equals (615)" classname="spec_perl_TestDefaultEndianExprInherited_t" time="0.000142812728881836" />
    <testcase name="Equals (616)" classname="spec_perl_TestDefaultEndianExprInherited_t" time="0.000143051147460938" />
    <testcase name="Equals (617)" classname="spec_perl_TestDefaultEndianExprInherited_t" time="0.000131130218505859" />
    <testcase name="Equals (618)" classname="spec_perl_TestDefaultEndianExprInherited_t" time="0.000150918960571289" />
  </testsuite>
  <testsuite name="spec_perl_TestInstanceUserArray_t" errors="0" failures="0" skipped="0" tests="10" time="0.0456440448760986">
    <system-out>1..10
ok 1 - Equals
ok 2 - Equals
ok 3 - Equals
ok 4 - Equals
ok 5 - Equals
ok 6 - Equals
ok 7 - Equals
ok 8 - Equals
ok 9 - Equals
ok 10 - Equals
</system-out>
    <testcase name="Equals (619)" classname="spec_perl_TestInstanceUserArray_t" time="0.000240087509155273" />
    <testcase name="Equals (620)" classname="spec_perl_TestInstanceUserArray_t" time="7.79628753662109e-05" />
    <testcase name="Equals (621)" classname="spec_perl_TestInstanceUserArray_t" time="0.000123977661132812" />
    <testcase name="Equals (622)" classname="spec_perl_TestInstanceUserArray_t" time="0.000549077987670898" />
    <testcase name="Equals (623)" classname="spec_perl_TestInstanceUserArray_t" time="7.98702239990234e-05" />
    <testcase name="Equals (624)" classname="spec_perl_TestInstanceUserArray_t" time="0.000116109848022461" />
    <testcase name="Equals (625)" classname="spec_perl_TestInstanceUserArray_t" time="0.000128984451293945" />
    <testcase name="Equals (626)" classname="spec_perl_TestInstanceUserArray_t" time="0.000179052352905273" />
    <testcase name="Equals (627)" classname="spec_perl_TestInstanceUserArray_t" time="8.29696655273438e-05" />
    <testcase name="Equals (628)" classname="spec_perl_TestInstanceUserArray_t" time="0.000105857849121094" />
  </testsuite>
  <testsuite name="spec_perl_TestIndexToParamEos_t" errors="0" failures="2" skipped="0" tests="7" time="0.0597407817840576">
    <system-out>1..7
ok 1 - Equals
ok 2 - Equals
ok 3 - Equals
ok 4 - Equals
ok 5 - Equals
not ok 6 - Equals
not ok 7 - Equals
</system-out>
    <testcase name="Equals (629)" classname="spec_perl_TestIndexToParamEos_t" time="0.00615620613098145" />
    <testcase name="Equals (630)" classname="spec_perl_TestIndexToParamEos_t" time="0.000140905380249023" />
    <testcase name="Equals (631)" classname="spec_perl_TestIndexToParamEos_t" time="4.91142272949219e-05" />
    <testcase name="Equals (632)" classname="spec_perl_TestIndexToParamEos_t" time="7.67707824707031e-05" />
    <testcase name="Equals (633)" classname="spec_perl_TestIndexToParamEos_t" time="0.00106310844421387" />
    <testcase name="Equals (634)" classname="spec_perl_TestIndexToParamEos_t" time="0.000525951385498047">
      <failure message="not ok 6 - Equals" type="TAP::Parser::Result::Test"></failure>
    </testcase>
    <testcase name="Equals (635)" classname="spec_perl_TestIndexToParamEos_t" time="0.00242400169372559">
      <failure message="not ok 7 - Equals" type="TAP::Parser::Result::Test"></failure>
    </testcase>
  </testsuite>
  <testsuite name="spec_perl_TestRepeatUntilComplex_t" errors="0" failures="0" skipped="0" tests="17" time="0.0453510284423828">
    <system-out>1..17
ok 1 - Equals
ok 2 - Equals
ok 3 - Equals
ok 4 - Equals
ok 5 - Equals
ok 6 - Equals
ok 7 - Equals
ok 8 - Equals
ok 9 - Equals
ok 10 - Equals
ok 11 - Equals
ok 12 - Equals
ok 13 - Equals
ok 14 - Equals
ok 15 - Equals
ok 16 - Equals
ok 17 - Equals
</system-out>
    <testcase name="Equals (636)" classname="spec_perl_TestRepeatUntilComplex_t" time="0.000352144241333008" />
    <testcase name="Equals (637)" classname="spec_perl_TestRepeatUntilComplex_t" time="0.000104904174804688" />
    <testcase name="Equals (638)" classname="spec_perl_TestRepeatUntilComplex_t" time="7.60555267333984e-05" />
    <testcase name="Equals (639)" classname="spec_perl_TestRepeatUntilComplex_t" time="0.000159978866577148" />
    <testcase name="Equals (640)" classname="spec_perl_TestRepeatUntilComplex_t" time="0.000108003616333008" />
    <testcase name="Equals (641)" classname="spec_perl_TestRepeatUntilComplex_t" time="0.000166893005371094" />
    <testcase name="Equals (642)" classname="spec_perl_TestRepeatUntilComplex_t" time="8.79764556884766e-05" />
    <testcase name="Equals (643)" classname="spec_perl_TestRepeatUntilComplex_t" time="0.000114202499389648" />
    <testcase name="Equals (644)" classname="spec_perl_TestRepeatUntilComplex_t" time="0.000146865844726562" />
    <testcase name="Equals (645)" classname="spec_perl_TestRepeatUntilComplex_t" time="0.000151157379150391" />
    <testcase name="Equals (646)" classname="spec_perl_TestRepeatUntilComplex_t" time="0.00010991096496582" />
    <testcase name="Equals (647)" classname="spec_perl_TestRepeatUntilComplex_t" time="0.000145912170410156" />
    <testcase name="Equals (648)" classname="spec_perl_TestRepeatUntilComplex_t" time="0.0001220703125" />
    <testcase name="Equals (649)" classname="spec_perl_TestRepeatUntilComplex_t" time="0.000154018402099609" />
    <testcase name="Equals (650)" classname="spec_perl_TestRepeatUntilComplex_t" time="0.000113964080810547" />
    <testcase name="Equals (651)" classname="spec_perl_TestRepeatUntilComplex_t" time="9.20295715332031e-05" />
    <testcase name="Equals (652)" classname="spec_perl_TestRepeatUntilComplex_t" time="0.000123977661132812" />
  </testsuite>
  <testsuite name="spec_perl_TestOpaqueExternalType_t" errors="0" failures="0" skipped="0" tests="3" time="0.0475070476531982">
    <system-out>1..3
ok 1 - Equals
ok 2 - Equals
ok 3 - Equals
</system-out>
    <testcase name="Equals (653)" classname="spec_perl_TestOpaqueExternalType_t" time="0.000313043594360352" />
    <testcase name="Equals (654)" classname="spec_perl_TestOpaqueExternalType_t" time="8.48770141601562e-05" />
    <testcase name="Equals (655)" classname="spec_perl_TestOpaqueExternalType_t" time="0.00011897087097168" />
  </testsuite>
  <testsuite name="spec_perl_TestIfInstances_t" errors="0" failures="0" skipped="0" tests="1" time="0.0441100597381592">
    <system-out>1..1
ok 1 - nil
</system-out>
    <testcase name="nil (655)" classname="spec_perl_TestIfInstances_t" time="0.000176906585693359" />
  </testsuite>
  <testsuite name="spec_perl_TestCombineStr_t" errors="0" failures="0" skipped="0" tests="15" time="0.0497589111328125">
    <system-out>1..15
ok 1 - Equals
ok 2 - Equals
ok 3 - Equals
ok 4 - Equals
ok 5 - Equals
ok 6 - Equals
ok 7 - Equals
ok 8 - Equals
ok 9 - Equals
ok 10 - Equals
ok 11 - Equals
ok 12 - Equals
ok 13 - Equals
ok 14 - Equals
ok 15 - Equals
</system-out>
    <testcase name="Equals (656)" classname="spec_perl_TestCombineStr_t" time="0.000344038009643555" />
    <testcase name="Equals (657)" classname="spec_perl_TestCombineStr_t" time="9.48905944824219e-05" />
    <testcase name="Equals (658)" classname="spec_perl_TestCombineStr_t" time="5.81741333007812e-05" />
    <testcase name="Equals (659)" classname="spec_perl_TestCombineStr_t" time="0.000157833099365234" />
    <testcase name="Equals (660)" classname="spec_perl_TestCombineStr_t" time="0.000152111053466797" />
    <testcase name="Equals (661)" classname="spec_perl_TestCombineStr_t" time="0.000132083892822266" />
    <testcase name="Equals (662)" classname="spec_perl_TestCombineStr_t" time="0.000121831893920898" />
    <testcase name="Equals (663)" classname="spec_perl_TestCombineStr_t" time="0.00014805793762207" />
    <testcase name="Equals (664)" classname="spec_perl_TestCombineStr_t" time="0.000114917755126953" />
    <testcase name="Equals (665)" classname="spec_perl_TestCombineStr_t" time="0.000166177749633789" />
    <testcase name="Equals (666)" classname="spec_perl_TestCombineStr_t" time="0.000103950500488281" />
    <testcase name="Equals (667)" classname="spec_perl_TestCombineStr_t" time="0.000150918960571289" />
    <testcase name="Equals (668)" classname="spec_perl_TestCombineStr_t" time="0.00011897087097168" />
    <testcase name="Equals (669)" classname="spec_perl_TestCombineStr_t" time="0.000147104263305664" />
    <testcase name="Equals (670)" classname="spec_perl_TestCombineStr_t" time="0.000163078308105469" />
  </testsuite>
  <testsuite name="spec_perl_TestIntegersMinMax_t" errors="0" failures="0" skipped="0" tests="28" time="0.0546929836273193">
    <system-out>1..28
ok 1 - Equals
ok 2 - Equals
ok 3 - Equals
ok 4 - Equals
ok 5 - Equals
ok 6 - Equals
ok 7 - Equals
ok 8 - Equals
ok 9 - Equals
ok 10 - Equals
ok 11 - Equals
ok 12 - Equals
ok 13 - Equals
ok 14 - Equals
ok 15 - Equals
ok 16 - Equals
ok 17 - Equals
ok 18 - Equals
ok 19 - Equals
ok 20 - Equals
ok 21 - Equals
ok 22 - Equals
ok 23 - Equals
ok 24 - Equals
ok 25 - Equals
ok 26 - Equals
ok 27 - Equals
ok 28 - Equals
</system-out>
    <testcase name="Equals (671)" classname="spec_perl_TestIntegersMinMax_t" time="0.000304937362670898" />
    <testcase name="Equals (672)" classname="spec_perl_TestIntegersMinMax_t" time="8.60691070556641e-05" />
    <testcase name="Equals (673)" classname="spec_perl_TestIntegersMinMax_t" time="7.39097595214844e-05" />
    <testcase name="Equals (674)" classname="spec_perl_TestIntegersMinMax_t" time="0.000151157379150391" />
    <testcase name="Equals (675)" classname="spec_perl_TestIntegersMinMax_t" time="0.000126838684082031" />
    <testcase name="Equals (676)" classname="spec_perl_TestIntegersMinMax_t" time="0.000114202499389648" />
    <testcase name="Equals (677)" classname="spec_perl_TestIntegersMinMax_t" time="0.000150918960571289" />
    <testcase name="Equals (678)" classname="spec_perl_TestIntegersMinMax_t" time="0.000119924545288086" />
    <testcase name="Equals (679)" classname="spec_perl_TestIntegersMinMax_t" time="0.000123023986816406" />
    <testcase name="Equals (680)" classname="spec_perl_TestIntegersMinMax_t" time="0.000121116638183594" />
    <testcase name="Equals (681)" classname="spec_perl_TestIntegersMinMax_t" time="0.000144004821777344" />
    <testcase name="Equals (682)" classname="spec_perl_TestIntegersMinMax_t" time="0.000110864639282227" />
    <testcase name="Equals (683)" classname="spec_perl_TestIntegersMinMax_t" time="0.000124931335449219" />
    <testcase name="Equals (684)" classname="spec_perl_TestIntegersMinMax_t" time="0.000153064727783203" />
    <testcase name="Equals (685)" classname="spec_perl_TestIntegersMinMax_t" time="0.000111103057861328" />
    <testcase name="Equals (686)" classname="spec_perl_TestIntegersMinMax_t" time="0.000124931335449219" />
    <testcase name="Equals (687)" classname="spec_perl_TestIntegersMinMax_t" time="0.000119924545288086" />
    <testcase name="Equals (688)" classname="spec_perl_TestIntegersMinMax_t" time="0.0001220703125" />
    <testcase name="Equals (689)" classname="spec_perl_TestIntegersMinMax_t" time="0.000145912170410156" />
    <testcase name="Equals (690)" classname="spec_perl_TestIntegersMinMax_t" time="0.000112056732177734" />
    <testcase name="Equals (691)" classname="spec_perl_TestIntegersMinMax_t" time="0.000144004821777344" />
    <testcase name="Equals (692)" classname="spec_perl_TestIntegersMinMax_t" time="0.000147104263305664" />
    <testcase name="Equals (693)" classname="spec_perl_TestIntegersMinMax_t" time="0.000119924545288086" />
    <testcase name="Equals (694)" classname="spec_perl_TestIntegersMinMax_t" time="0.000123023986816406" />
    <testcase name="Equals (695)" classname="spec_perl_TestIntegersMinMax_t" time="0.0001220703125" />
    <testcase name="Equals (696)" classname="spec_perl_TestIntegersMinMax_t" time="0.000121831893920898" />
    <testcase name="Equals (697)" classname="spec_perl_TestIntegersMinMax_t" time="0.000153064727783203" />
    <testcase name="Equals (698)" classname="spec_perl_TestIntegersMinMax_t" time="0.000111103057861328" />
  </testsuite>
  <testsuite name="spec_perl_TestEnumFancy_t" errors="0" failures="0" skipped="0" tests="2" time="0.0431280136108398">
    <system-out>1..2
ok 1 - Equals
ok 2 - Equals
</system-out>
    <testcase name="Equals (699)" classname="spec_perl_TestEnumFancy_t" time="0.000236988067626953" />
    <testcase name="Equals (700)" classname="spec_perl_TestEnumFancy_t" time="9.79900360107422e-05" />
  </testsuite>
  <testsuite name="spec_perl_TestCombineBytes_t" errors="0" failures="0" skipped="0" tests="10" time="0.0447819232940674">
    <system-out>1..10
ok 1 - Equals
ok 2 - Equals
ok 3 - Equals
ok 4 - Equals
ok 5 - Equals
ok 6 - Equals
ok 7 - Equals
ok 8 - Equals
ok 9 - Equals
ok 10 - Equals
</system-out>
    <testcase name="Equals (701)" classname="spec_perl_TestCombineBytes_t" time="0.000247955322265625" />
    <testcase name="Equals (702)" classname="spec_perl_TestCombineBytes_t" time="8.48770141601562e-05" />
    <testcase name="Equals (703)" classname="spec_perl_TestCombineBytes_t" time="0.0001220703125" />
    <testcase name="Equals (704)" classname="spec_perl_TestCombineBytes_t" time="0.000127077102661133" />
    <testcase name="Equals (705)" classname="spec_perl_TestCombineBytes_t" time="0.000133037567138672" />
    <testcase name="Equals (706)" classname="spec_perl_TestCombineBytes_t" time="0.000123977661132812" />
    <testcase name="Equals (707)" classname="spec_perl_TestCombineBytes_t" time="0.000144004821777344" />
    <testcase name="Equals (708)" classname="spec_perl_TestCombineBytes_t" time="0.000114917755126953" />
    <testcase name="Equals (709)" classname="spec_perl_TestCombineBytes_t" time="0.000142097473144531" />
    <testcase name="Equals (710)" classname="spec_perl_TestCombineBytes_t" time="0.000144004821777344" />
  </testsuite>
  <testsuite name="spec_perl_TestProcessCoerceUsertype2_t" errors="0" failures="0" skipped="0" tests="4" time="0.044719934463501">
    <system-out>1..4
ok 1 - Equals
ok 2 - Equals
ok 3 - Equals
ok 4 - Equals
</system-out>
    <testcase name="Equals (711)" classname="spec_perl_TestProcessCoerceUsertype2_t" time="0.000574111938476562" />
    <testcase name="Equals (712)" classname="spec_perl_TestProcessCoerceUsertype2_t" time="0.000100851058959961" />
    <testcase name="Equals (713)" classname="spec_perl_TestProcessCoerceUsertype2_t" time="5.81741333007812e-05" />
    <testcase name="Equals (714)" classname="spec_perl_TestProcessCoerceUsertype2_t" time="0.000120878219604492" />
  </testsuite>
  <testsuite name="spec_perl_TestNavParent_t" errors="0" failures="0" skipped="0" tests="5" time="0.0477349758148193">
    <system-out>1..5
ok 1 - Equals
ok 2 - Equals
ok 3 - Equals
ok 4 - Equals
ok 5 - Equals
</system-out>
    <testcase name="Equals (715)" classname="spec_perl_TestNavParent_t" time="0.00038909912109375" />
    <testcase name="Equals (716)" classname="spec_perl_TestNavParent_t" time="9.20295715332031e-05" />
    <testcase name="Equals (717)" classname="spec_perl_TestNavParent_t" time="6.07967376708984e-05" />
    <testcase name="Equals (718)" classname="spec_perl_TestNavParent_t" time="0.000144004821777344" />
    <testcase name="Equals (719)" classname="spec_perl_TestNavParent_t" time="0.000127077102661133" />
  </testsuite>
  <testsuite name="spec_perl_TestParamsPassStruct_t" errors="0" failures="1" skipped="1" tests="4" time="0.0466570854187012">
    <system-out>1..4
ok 1 - Equals
ok 2 - Equals
not ok 3 - test_params_pass_struct died (Can't call method &quot;foo&quot; on an undefined value at spec/perl/TestParamsPassStruct.t line 17.)
ok 4 # skip test_params_pass_struct died
</system-out>
    <testcase name="Equals (720)" classname="spec_perl_TestParamsPassStruct_t" time="0.000240087509155273" />
    <testcase name="Equals (721)" classname="spec_perl_TestParamsPassStruct_t" time="7.70092010498047e-05" />
    <testcase name="test_params_pass_struct died (Can't call method &quot;foo&quot; on an undefined value at spec/perl/TestParamsPassStruct.t line 17.) (721)" classname="spec_perl_TestParamsPassStruct_t" time="0.000262022018432617">
      <failure message="not ok 3 - test_params_pass_struct died (Can't call method &quot;foo&quot; on an undefined value at spec/perl/TestParamsPassStruct.t line 17.)" type="TAP::Parser::Result::Test"></failure>
    </testcase>
    <testcase name="Unnamed test case 721" classname="spec_perl_TestParamsPassStruct_t" time="0.00199294090270996">
      <skipped message="ok 4 # skip test_params_pass_struct died" />
    </testcase>
  </testsuite>
  <testsuite name="spec_perl_TestExprArray_t" errors="0" failures="1" skipped="0" tests="15" time="0.0529680252075195">
    <system-out>1..15
ok 1 - Equals
ok 2 - Equals
ok 3 - Equals
ok 4 - Equals
ok 5 - Equals
ok 6 - Equals
ok 7 - Equals
ok 8 - Equals
not ok 9 - Equals
ok 10 - Equals
ok 11 - Equals
ok 12 - Equals
ok 13 - Equals
ok 14 - Equals
ok 15 - Equals
</system-out>
    <testcase name="Equals (722)" classname="spec_perl_TestExprArray_t" time="0.000366926193237305" />
    <testcase name="Equals (723)" classname="spec_perl_TestExprArray_t" time="0.000111103057861328" />
    <testcase name="Equals (724)" classname="spec_perl_TestExprArray_t" time="6.19888305664062e-05" />
    <testcase name="Equals (725)" classname="spec_perl_TestExprArray_t" time="0.000128030776977539" />
    <testcase name="Equals (726)" classname="spec_perl_TestExprArray_t" time="0.000133991241455078" />
    <testcase name="Equals (727)" classname="spec_perl_TestExprArray_t" time="0.000116825103759766" />
    <testcase name="Equals (728)" classname="spec_perl_TestExprArray_t" time="0.000176191329956055" />
    <testcase name="Equals (729)" classname="spec_perl_TestExprArray_t" time="0.000108003616333008" />
    <testcase name="Equals (730)" classname="spec_perl_TestExprArray_t" time="0.000249862670898438">
      <failure message="not ok 9 - Equals" type="TAP::Parser::Result::Test"></failure>
    </testcase>
    <testcase name="Equals (731)" classname="spec_perl_TestExprArray_t" time="0.0038151741027832" />
    <testcase name="Equals (732)" classname="spec_perl_TestExprArray_t" time="5.48362731933594e-05" />
    <testcase name="Equals (733)" classname="spec_perl_TestExprArray_t" time="4.00543212890625e-05" />
    <testcase name="Equals (734)" classname="spec_perl_TestExprArray_t" time="3.40938568115234e-05" />
    <testcase name="Equals (735)" classname="spec_perl_TestExprArray_t" time="4.1961669921875e-05" />
    <testcase name="Equals (736)" classname="spec_perl_TestExprArray_t" time="3.29017639160156e-05" />
  </testsuite>
  <testsuite name="spec_perl_TestUserType_t" errors="0" failures="0" skipped="0" tests="2" time="0.0435969829559326">
    <system-out>1..2
ok 1 - Equals
ok 2 - Equals
</system-out>
    <testcase name="Equals (737)" classname="spec_perl_TestUserType_t" time="0.000240087509155273" />
    <testcase name="Equals (738)" classname="spec_perl_TestUserType_t" time="7.98702239990234e-05" />
  </testsuite>
  <testsuite name="spec_perl_TestBcdUserTypeLe_t" errors="0" failures="0" skipped="0" tests="6" time="0.0461020469665527">
    <system-out>1..6
ok 1 - Equals
ok 2 - Equals
ok 3 - Equals
ok 4 - Equals
ok 5 - Equals
ok 6 - Equals
</system-out>
    <testcase name="Equals (739)" classname="spec_perl_TestBcdUserTypeLe_t" time="0.000616788864135742" />
    <testcase name="Equals (740)" classname="spec_perl_TestBcdUserTypeLe_t" time="0.000105142593383789" />
    <testcase name="Equals (741)" classname="spec_perl_TestBcdUserTypeLe_t" time="6.69956207275391e-05" />
    <testcase name="Equals (742)" classname="spec_perl_TestBcdUserTypeLe_t" time="0.000125885009765625" />
    <testcase name="Equals (743)" classname="spec_perl_TestBcdUserTypeLe_t" time="0.000154018402099609" />
    <testcase name="Equals (744)" classname="spec_perl_TestBcdUserTypeLe_t" time="0.000147104263305664" />
  </testsuite>
  <testsuite name="spec_perl_TestInstanceIoUser_t" errors="0" failures="0" skipped="0" tests="4" time="0.0494740009307861">
    <system-out>1..4
ok 1 - Equals
ok 2 - Equals
ok 3 - Equals
ok 4 - Equals
</system-out>
    <testcase name="Equals (745)" classname="spec_perl_TestInstanceIoUser_t" time="0.000652074813842773" />
    <testcase name="Equals (746)" classname="spec_perl_TestInstanceIoUser_t" time="0.000106096267700195" />
    <testcase name="Equals (747)" classname="spec_perl_TestInstanceIoUser_t" time="0.000123977661132812" />
    <testcase name="Equals (748)" classname="spec_perl_TestInstanceIoUser_t" time="0.000160932540893555" />
  </testsuite>
  <testsuite name="spec_perl_TestStrEos_t" errors="0" failures="0" skipped="0" tests="1" time="0.0474798679351807">
    <system-out>1..1
ok 1 - Equals
</system-out>
    <testcase name="Equals (749)" classname="spec_perl_TestStrEos_t" time="0.000312089920043945" />
  </testsuite>
  <testsuite name="spec_perl_TestEnumImport_t" errors="0" failures="2" skipped="0" tests="2" time="0.0468680858612061">
    <system-out>1..2
not ok 1 - Equals
not ok 2 - Equals
</system-out>
    <testcase name="Equals (750)" classname="spec_perl_TestEnumImport_t" time="0.000221014022827148">
      <failure message="not ok 1 - Equals" type="TAP::Parser::Result::Test"></failure>
    </testcase>
    <testcase name="Equals (751)" classname="spec_perl_TestEnumImport_t" time="7.29560852050781e-05">
      <failure message="not ok 2 - Equals" type="TAP::Parser::Result::Test"></failure>
    </testcase>
  </testsuite>
  <testsuite name="spec_perl_TestExprBytesCmp_t" errors="0" failures="0" skipped="0" tests="10" time="0.0448718070983887">
    <system-out>1..10
ok 1 - Equals
ok 2 - Equals
ok 3 - Equals
ok 4 - Equals
ok 5 - Equals
ok 6 - Equals
ok 7 - Equals
ok 8 - Equals
ok 9 - Equals
ok 10 - Equals
</system-out>
    <testcase name="Equals (752)" classname="spec_perl_TestExprBytesCmp_t" time="0.00027918815612793" />
    <testcase name="Equals (753)" classname="spec_perl_TestExprBytesCmp_t" time="8.98838043212891e-05" />
    <testcase name="Equals (754)" classname="spec_perl_TestExprBytesCmp_t" time="0.000113010406494141" />
    <testcase name="Equals (755)" classname="spec_perl_TestExprBytesCmp_t" time="0.000142097473144531" />
    <testcase name="Equals (756)" classname="spec_perl_TestExprBytesCmp_t" time="0.000137805938720703" />
    <testcase name="Equals (757)" classname="spec_perl_TestExprBytesCmp_t" time="0.00012516975402832" />
    <testcase name="Equals (758)" classname="spec_perl_TestExprBytesCmp_t" time="0.000150918960571289" />
    <testcase name="Equals (759)" classname="spec_perl_TestExprBytesCmp_t" time="0.000123977661132812" />
    <testcase name="Equals (760)" classname="spec_perl_TestExprBytesCmp_t" time="0.0001220703125" />
    <testcase name="Equals (761)" classname="spec_perl_TestExprBytesCmp_t" time="0.000159025192260742" />
  </testsuite>
  <testsuite name="spec_perl_TestProcessToUser_t" errors="0" failures="0" skipped="0" tests="1" time="0.0471420288085938">
    <system-out>1..1
ok 1 - Equals
</system-out>
    <testcase name="Equals (762)" classname="spec_perl_TestProcessToUser_t" time="0.000605106353759766" />
  </testsuite>
  <testsuite name="spec_perl_TestExprSizeofType1_t" errors="0" failures="0" skipped="0" tests="2" time="0.0442221164703369">
    <system-out>1..2
ok 1 - Equals
ok 2 - Equals
</system-out>
    <testcase name="Equals (763)" classname="spec_perl_TestExprSizeofType1_t" time="0.00026392936706543" />
    <testcase name="Equals (764)" classname="spec_perl_TestExprSizeofType1_t" time="8.60691070556641e-05" />
  </testsuite>
  <testsuite name="spec_perl_TestBitsSeqEndianCombo_t" errors="0" failures="0" skipped="0" tests="8" time="0.0445230007171631">
    <system-out>1..8
ok 1 - Equals
ok 2 - Equals
ok 3 - Equals
ok 4 - Equals
ok 5 - Equals
ok 6 - Equals
ok 7 - Equals
ok 8 - Equals
</system-out>
    <testcase name="Equals (765)" classname="spec_perl_TestBitsSeqEndianCombo_t" time="0.000326156616210938" />
    <testcase name="Equals (766)" classname="spec_perl_TestBitsSeqEndianCombo_t" time="0.000113010406494141" />
    <testcase name="Equals (767)" classname="spec_perl_TestBitsSeqEndianCombo_t" time="6.19888305664062e-05" />
    <testcase name="Equals (768)" classname="spec_perl_TestBitsSeqEndianCombo_t" time="0.000139951705932617" />
    <testcase name="Equals (769)" classname="spec_perl_TestBitsSeqEndianCombo_t" time="0.000123023986816406" />
    <testcase name="Equals (770)" classname="spec_perl_TestBitsSeqEndianCombo_t" time="0.000134944915771484" />
    <testcase name="Equals (771)" classname="spec_perl_TestBitsSeqEndianCombo_t" time="0.000127077102661133" />
    <testcase name="Equals (772)" classname="spec_perl_TestBitsSeqEndianCombo_t" time="0.000121831893920898" />
  </testsuite>
  <testsuite name="spec_perl_TestDebugSwitchUser_t" errors="1" failures="0" skipped="0" tests="0" time="0.0444939136505127">
    <system-out></system-out>
    <testcase name="Test died too soon, even before plan. (772)" classname="spec_perl_TestDebugSwitchUser_t" time="0.0444939136505127">
      <failure message="The test suite died before a plan was produced. You need to have a plan." type="Plan">No plan</failure>
    </testcase>
  </testsuite>
  <testsuite name="spec_perl_TestEnumToIClassBorder1_t" errors="0" failures="1" skipped="0" tests="3" time="0.0456390380859375">
    <system-out>1..3
ok 1 - Equals
ok 2 - Equals
not ok 3 - test_enum_to_i_class_border_1 died (Can't call method &quot;some_dog&quot; on an undefined value at compiled/perl/EnumToIClassBorder2.pm line 42.)
</system-out>
    <testcase name="Equals (773)" classname="spec_perl_TestEnumToIClassBorder1_t" time="0.000245094299316406" />
    <testcase name="Equals (774)" classname="spec_perl_TestEnumToIClassBorder1_t" time="7.58171081542969e-05" />
    <testcase name="test_enum_to_i_class_border_1 died (Can't call method &quot;some_dog&quot; on an undefined value at compiled/perl/EnumToIClassBorder2.pm line 42.) (774)" classname="spec_perl_TestEnumToIClassBorder1_t" time="0.000265121459960938">
      <failure message="not ok 3 - test_enum_to_i_class_border_1 died (Can't call method &quot;some_dog&quot; on an undefined value at compiled/perl/EnumToIClassBorder2.pm line 42.)" type="TAP::Parser::Result::Test"></failure>
    </testcase>
  </testsuite>
  <testsuite name="spec_perl_TestExprBytesLiteral_t" errors="1" failures="0" skipped="0" tests="0" time="0.0465378761291504">
    <system-out></system-out>
    <testcase name="Test died too soon, even before plan. (774)" classname="spec_perl_TestExprBytesLiteral_t" time="0.0465378761291504">
      <failure message="The test suite died before a plan was produced. You need to have a plan." type="Plan">No plan</failure>
    </testcase>
  </testsuite>
  <testsuite name="spec_perl_TestBitsSimpleLe_t" errors="0" failures="0" skipped="0" tests="14" time="0.0449738502502441">
    <system-out>1..14
ok 1 - Equals
ok 2 - Equals
ok 3 - Equals
ok 4 - Equals
ok 5 - Equals
ok 6 - Equals
ok 7 - Equals
ok 8 - Equals
ok 9 - Equals
ok 10 - Equals
ok 11 - Equals
ok 12 - Equals
ok 13 - Equals
ok 14 - Equals
</system-out>
    <testcase name="Equals (775)" classname="spec_perl_TestBitsSimpleLe_t" time="0.000259876251220703" />
    <testcase name="Equals (776)" classname="spec_perl_TestBitsSimpleLe_t" time="7.79628753662109e-05" />
    <testcase name="Equals (777)" classname="spec_perl_TestBitsSimpleLe_t" time="0.000136137008666992" />
    <testcase name="Equals (778)" classname="spec_perl_TestBitsSimpleLe_t" time="0.000123023986816406" />
    <testcase name="Equals (779)" classname="spec_perl_TestBitsSimpleLe_t" time="0.000140905380249023" />
    <testcase name="Equals (780)" classname="spec_perl_TestBitsSimpleLe_t" time="0.000124931335449219" />
    <testcase name="Equals (781)" classname="spec_perl_TestBitsSimpleLe_t" time="0.000149011611938477" />
    <testcase name="Equals (782)" classname="spec_perl_TestBitsSimpleLe_t" time="0.000113010406494141" />
    <testcase name="Equals (783)" classname="spec_perl_TestBitsSimpleLe_t" time="0.000147104263305664" />
    <testcase name="Equals (784)" classname="spec_perl_TestBitsSimpleLe_t" time="0.00014495849609375" />
    <testcase name="Equals (785)" classname="spec_perl_TestBitsSimpleLe_t" time="0.00011897087097168" />
    <testcase name="Equals (786)" classname="spec_perl_TestBitsSimpleLe_t" time="0.000141143798828125" />
    <testcase name="Equals (787)" classname="spec_perl_TestBitsSimpleLe_t" time="0.000123977661132812" />
    <testcase name="Equals (788)" classname="spec_perl_TestBitsSimpleLe_t" time="0.000124931335449219" />
  </testsuite>
  <testsuite name="spec_perl_TestNavParentFalse2_t" errors="0" failures="0" skipped="0" tests="1" time="0.0440230369567871">
    <system-out>1..1
ok 1 - Equals
</system-out>
    <testcase name="Equals (789)" classname="spec_perl_TestNavParentFalse2_t" time="0.000318050384521484" />
  </testsuite>
  <testsuite name="spec_perl_TestIntegers_t" errors="1" failures="0" skipped="0" tests="0" time="0.0428080558776855">
    <system-out></system-out>
    <testcase name="Test died too soon, even before plan. (789)" classname="spec_perl_TestIntegers_t" time="0.0428080558776855">
      <failure message="The test suite died before a plan was produced. You need to have a plan." type="Plan">No plan</failure>
    </testcase>
  </testsuite>
  <testsuite name="spec_perl_TestCastNested_t" errors="0" failures="0" skipped="0" tests="4" time="0.0475208759307861">
    <system-out>1..4
ok 1 - Equals
ok 2 - Equals
ok 3 - Equals
ok 4 - Equals
</system-out>
    <testcase name="Equals (790)" classname="spec_perl_TestCastNested_t" time="0.000349998474121094" />
    <testcase name="Equals (791)" classname="spec_perl_TestCastNested_t" time="0.000114917755126953" />
    <testcase name="Equals (792)" classname="spec_perl_TestCastNested_t" time="0.000113010406494141" />
    <testcase name="Equals (793)" classname="spec_perl_TestCastNested_t" time="0.000149965286254883" />
  </testsuite>
  <testsuite name="spec_perl_TestEnumIf_t" errors="0" failures="0" skipped="0" tests="7" time="0.047562837600708">
    <system-out>1..7
ok 1 - Equals
ok 2 - Equals
ok 3 - Equals
ok 4 - Equals
ok 5 - Equals
ok 6 - Equals
ok 7 - Equals
</system-out>
    <testcase name="Equals (794)" classname="spec_perl_TestEnumIf_t" time="0.000403881072998047" />
    <testcase name="Equals (795)" classname="spec_perl_TestEnumIf_t" time="9.70363616943359e-05" />
    <testcase name="Equals (796)" classname="spec_perl_TestEnumIf_t" time="5.69820404052734e-05" />
    <testcase name="Equals (797)" classname="spec_perl_TestEnumIf_t" time="0.000117063522338867" />
    <testcase name="Equals (798)" classname="spec_perl_TestEnumIf_t" time="0.000134944915771484" />
    <testcase name="Equals (799)" classname="spec_perl_TestEnumIf_t" time="0.000145912170410156" />
    <testcase name="Equals (800)" classname="spec_perl_TestEnumIf_t" time="0.000109195709228516" />
  </testsuite>
  <testsuite name="spec_perl_TestBcdUserTypeBe_t" errors="0" failures="0" skipped="0" tests="6" time="0.0461170673370361">
    <system-out>1..6
ok 1 - Equals
ok 2 - Equals
ok 3 - Equals
ok 4 - Equals
ok 5 - Equals
ok 6 - Equals
</system-out>
    <testcase name="Equals (801)" classname="spec_perl_TestBcdUserTypeBe_t" time="0.000699996948242188" />
    <testcase name="Equals (802)" classname="spec_perl_TestBcdUserTypeBe_t" time="0.000113010406494141" />
    <testcase name="Equals (803)" classname="spec_perl_TestBcdUserTypeBe_t" time="5.60283660888672e-05" />
    <testcase name="Equals (804)" classname="spec_perl_TestBcdUserTypeBe_t" time="0.00011897087097168" />
    <testcase name="Equals (805)" classname="spec_perl_TestBcdUserTypeBe_t" time="0.000161886215209961" />
    <testcase name="Equals (806)" classname="spec_perl_TestBcdUserTypeBe_t" time="0.00015711784362793" />
  </testsuite>
  <testsuite name="spec_perl_TestMultipleUse_t" errors="0" failures="0" skipped="0" tests="2" time="0.0438580513000488">
    <system-out>1..2
ok 1 - Equals
ok 2 - Equals
</system-out>
    <testcase name="Equals (807)" classname="spec_perl_TestMultipleUse_t" time="0.000277996063232422" />
    <testcase name="Equals (808)" classname="spec_perl_TestMultipleUse_t" time="8.10623168945312e-05" />
  </testsuite>
  <testsuite name="spec_perl_TestImportsCircularA_t" errors="0" failures="0" skipped="0" tests="5" time="0.0448479652404785">
    <system-out>1..5
ok 1 - Equals
ok 2 - Equals
ok 3 - Equals
ok 4 - Equals
ok 5 - nil
</system-out>
    <testcase name="Equals (809)" classname="spec_perl_TestImportsCircularA_t" time="0.000197172164916992" />
    <testcase name="Equals (810)" classname="spec_perl_TestImportsCircularA_t" time="7.20024108886719e-05" />
    <testcase name="Equals (811)" classname="spec_perl_TestImportsCircularA_t" time="0.000186920166015625" />
    <testcase name="Equals (812)" classname="spec_perl_TestImportsCircularA_t" time="7.79628753662109e-05" />
    <testcase name="nil (812)" classname="spec_perl_TestImportsCircularA_t" time="5.69820404052734e-05" />
  </testsuite>
  <testsuite name="spec_perl_TestSwitchElseOnly_t" errors="0" failures="0" skipped="0" tests="3" time="0.0437281131744385">
    <system-out>1..3
ok 1 - Equals
ok 2 - Equals
ok 3 - Equals
</system-out>
    <testcase name="Equals (813)" classname="spec_perl_TestSwitchElseOnly_t" time="0.000250816345214844" />
    <testcase name="Equals (814)" classname="spec_perl_TestSwitchElseOnly_t" time="8.10623168945312e-05" />
    <testcase name="Equals (815)" classname="spec_perl_TestSwitchElseOnly_t" time="0.000118017196655273" />
  </testsuite>
  <testsuite name="spec_perl_TestBufferedStruct_t" errors="0" failures="0" skipped="0" tests="7" time="0.0442080497741699">
    <system-out>1..7
ok 1 - Equals
ok 2 - Equals
ok 3 - Equals
ok 4 - Equals
ok 5 - Equals
ok 6 - Equals
ok 7 - Equals
</system-out>
    <testcase name="Equals (816)" classname="spec_perl_TestBufferedStruct_t" time="0.000578165054321289" />
    <testcase name="Equals (817)" classname="spec_perl_TestBufferedStruct_t" time="0.000103950500488281" />
    <testcase name="Equals (818)" classname="spec_perl_TestBufferedStruct_t" time="4.60147857666016e-05" />
    <testcase name="Equals (819)" classname="spec_perl_TestBufferedStruct_t" time="9.89437103271484e-05" />
    <testcase name="Equals (820)" classname="spec_perl_TestBufferedStruct_t" time="0.000153064727783203" />
    <testcase name="Equals (821)" classname="spec_perl_TestBufferedStruct_t" time="0.000120878219604492" />
    <testcase name="Equals (822)" classname="spec_perl_TestBufferedStruct_t" time="0.000133991241455078" />
  </testsuite>
  <testsuite name="spec_perl_TestTermBytes_t" errors="0" failures="0" skipped="0" tests="3" time="0.0435738563537598">
    <system-out>1..3
ok 1 - Equals
ok 2 - Equals
ok 3 - Equals
</system-out>
    <testcase name="Equals (823)" classname="spec_perl_TestTermBytes_t" time="0.000286102294921875" />
    <testcase name="Equals (824)" classname="spec_perl_TestTermBytes_t" time="8.48770141601562e-05" />
    <testcase name="Equals (825)" classname="spec_perl_TestTermBytes_t" time="9.29832458496094e-05" />
  </testsuite>
  <testsuite name="spec_perl_TestImportsAbsRel_t" errors="0" failures="0" skipped="0" tests="3" time="0.0441768169403076">
    <system-out>1..3
ok 1 - Equals
ok 2 - Equals
ok 3 - Equals
</system-out>
    <testcase name="Equals (826)" classname="spec_perl_TestImportsAbsRel_t" time="0.000262022018432617" />
    <testcase name="Equals (827)" classname="spec_perl_TestImportsAbsRel_t" time="8.29696655273438e-05" />
    <testcase name="Equals (828)" classname="spec_perl_TestImportsAbsRel_t" time="0.000107049942016602" />
  </testsuite>
  <testsuite name="spec_perl_TestTypeIntUnaryOp_t" errors="0" failures="0" skipped="0" tests="4" time="0.0435960292816162">
    <system-out>1..4
ok 1 - Equals
ok 2 - Equals
ok 3 - Equals
ok 4 - Equals
</system-out>
    <testcase name="Equals (829)" classname="spec_perl_TestTypeIntUnaryOp_t" time="0.000248908996582031" />
    <testcase name="Equals (830)" classname="spec_perl_TestTypeIntUnaryOp_t" time="8.10623168945312e-05" />
    <testcase name="Equals (831)" classname="spec_perl_TestTypeIntUnaryOp_t" time="0.000131845474243164" />
    <testcase name="Equals (832)" classname="spec_perl_TestTypeIntUnaryOp_t" time="9.918212890625e-05" />
  </testsuite>
  <testsuite name="spec_perl_TestRepeatUntilSized_t" errors="0" failures="0" skipped="0" tests="7" time="0.0454020500183105">
    <system-out>1..7
ok 1 - Equals
ok 2 - Equals
ok 3 - Equals
ok 4 - Equals
ok 5 - Equals
ok 6 - Equals
ok 7 - Equals
</system-out>
    <testcase name="Equals (833)" classname="spec_perl_TestRepeatUntilSized_t" time="0.000624895095825195" />
    <testcase name="Equals (834)" classname="spec_perl_TestRepeatUntilSized_t" time="0.000128030776977539" />
    <testcase name="Equals (835)" classname="spec_perl_TestRepeatUntilSized_t" time="5.10215759277344e-05" />
    <testcase name="Equals (836)" classname="spec_perl_TestRepeatUntilSized_t" time="9.20295715332031e-05" />
    <testcase name="Equals (837)" classname="spec_perl_TestRepeatUntilSized_t" time="0.000159025192260742" />
    <testcase name="Equals (838)" classname="spec_perl_TestRepeatUntilSized_t" time="0.000128030776977539" />
    <testcase name="Equals (839)" classname="spec_perl_TestRepeatUntilSized_t" time="0.000145912170410156" />
  </testsuite>
  <testsuite name="spec_perl_TestSwitchRepeatExpr_t" errors="0" failures="0" skipped="0" tests="3" time="0.0437631607055664">
    <system-out>1..3
ok 1 - Equals
ok 2 - Equals
ok 3 - Equals
</system-out>
    <testcase name="Equals (840)" classname="spec_perl_TestSwitchRepeatExpr_t" time="0.000522851943969727" />
    <testcase name="Equals (841)" classname="spec_perl_TestSwitchRepeatExpr_t" time="0.000121116638183594" />
    <testcase name="Equals (842)" classname="spec_perl_TestSwitchRepeatExpr_t" time="6.79492950439453e-05" />
  </testsuite>
</testsuites>
