<?xml version='1.0' encoding='utf-8'?>
<testsuites>
  <testsuite name="spec_perl_TestJsSignedRightShift_t" errors="0" failures="0" skipped="0" tests="2" time="0.0607109069824219">
    <system-out>1..2
ok 1 - Equals
ok 2 - Equals
</system-out>
    <testcase name="Equals" classname="spec_perl_TestJsSignedRightShift_t" time="0.000164031982421875" />
    <testcase name="Equals (2)" classname="spec_perl_TestJsSignedRightShift_t" time="9.20295715332031e-05" />
  </testsuite>
  <testsuite name="spec_perl_TestBytesPadTerm_t" errors="0" failures="0" skipped="0" tests="4" time="0.0616440773010254">
    <system-out>1..4
ok 1 - Equals
ok 2 - Equals
ok 3 - Equals
ok 4 - Equals
</system-out>
    <testcase name="Equals (3)" classname="spec_perl_TestBytesPadTerm_t" time="0.000213861465454102" />
    <testcase name="Equals (4)" classname="spec_perl_TestBytesPadTerm_t" time="7.79628753662109e-05" />
    <testcase name="Equals (5)" classname="spec_perl_TestBytesPadTerm_t" time="0.000108003616333008" />
    <testcase name="Equals (6)" classname="spec_perl_TestBytesPadTerm_t" time="0.000107049942016602" />
  </testsuite>
  <testsuite name="spec_perl_TestProcessCustomNoArgs_t" errors="1" failures="0" skipped="0" tests="0" time="0.0589699745178223">
    <system-out></system-out>
    <testcase name="Test died too soon, even before plan. (6)" classname="spec_perl_TestProcessCustomNoArgs_t" time="0.0589699745178223">
      <failure message="The test suite died before a plan was produced. You need to have a plan." type="Plan">No plan</failure>
    </testcase>
  </testsuite>
  <testsuite name="spec_perl_TestValidEqStrEncodings_t" errors="0" failures="0" skipped="1" tests="1" time="0.0695970058441162">
    <system-out>1..1
ok 1 # skip ValidEqStrEncodings=HASH(0x561eed46bd70)
</system-out>
    <testcase name="Unnamed test case 6" classname="spec_perl_TestValidEqStrEncodings_t" time="0.00472593307495117">
      <skipped message="ok 1 # skip ValidEqStrEncodings=HASH(0x561eed46bd70)" />
    </testcase>
  </testsuite>
  <testsuite name="spec_perl_TestRepeatNStrz_t" errors="0" failures="0" skipped="0" tests="2" time="0.0644140243530273">
    <system-out>1..2
ok 1 - Equals
ok 2 - Equals
</system-out>
    <testcase name="Equals (7)" classname="spec_perl_TestRepeatNStrz_t" time="0.000264167785644531" />
    <testcase name="Equals (8)" classname="spec_perl_TestRepeatNStrz_t" time="9.29832458496094e-05" />
  </testsuite>
  <testsuite name="spec_perl_TestExprStrEncodings_t" errors="0" failures="0" skipped="0" tests="7" time="0.0694980621337891">
    <system-out>1..7
ok 1 - Equals
ok 2 - Equals
ok 3 - Equals
ok 4 - Equals
ok 5 - Equals
ok 6 - Equals
ok 7 - Equals
</system-out>
    <testcase name="Equals (9)" classname="spec_perl_TestExprStrEncodings_t" time="0.00383496284484863" />
    <testcase name="Equals (10)" classname="spec_perl_TestExprStrEncodings_t" time="7.60555267333984e-05" />
    <testcase name="Equals (11)" classname="spec_perl_TestExprStrEncodings_t" time="0.000102043151855469" />
    <testcase name="Equals (12)" classname="spec_perl_TestExprStrEncodings_t" time="9.60826873779297e-05" />
    <testcase name="Equals (13)" classname="spec_perl_TestExprStrEncodings_t" time="8.89301300048828e-05" />
    <testcase name="Equals (14)" classname="spec_perl_TestExprStrEncodings_t" time="9.20295715332031e-05" />
    <testcase name="Equals (15)" classname="spec_perl_TestExprStrEncodings_t" time="0.000102996826171875" />
  </testsuite>
  <testsuite name="spec_perl_TestBcdUserTypeLe_t" errors="0" failures="0" skipped="0" tests="6" time="0.0634639263153076">
    <system-out>1..6
ok 1 - Equals
ok 2 - Equals
ok 3 - Equals
ok 4 - Equals
ok 5 - Equals
ok 6 - Equals
</system-out>
    <testcase name="Equals (16)" classname="spec_perl_TestBcdUserTypeLe_t" time="0.000601053237915039" />
    <testcase name="Equals (17)" classname="spec_perl_TestBcdUserTypeLe_t" time="0.000103950500488281" />
    <testcase name="Equals (18)" classname="spec_perl_TestBcdUserTypeLe_t" time="0.000133991241455078" />
    <testcase name="Equals (19)" classname="spec_perl_TestBcdUserTypeLe_t" time="0.000113964080810547" />
    <testcase name="Equals (20)" classname="spec_perl_TestBcdUserTypeLe_t" time="0.000123977661132812" />
    <testcase name="Equals (21)" classname="spec_perl_TestBcdUserTypeLe_t" time="0.000118017196655273" />
  </testsuite>
  <testsuite name="spec_perl_TestSwitchManualIntSize_t" errors="0" failures="0" skipped="0" tests="10" time="0.0669841766357422">
    <system-out>1..10
ok 1 - Equals
ok 2 - Equals
ok 3 - Equals
ok 4 - Equals
ok 5 - Equals
ok 6 - Equals
ok 7 - Equals
ok 8 - Equals
ok 9 - Equals
ok 10 - Equals
</system-out>
    <testcase name="Equals (22)" classname="spec_perl_TestSwitchManualIntSize_t" time="0.000615119934082031" />
    <testcase name="Equals (23)" classname="spec_perl_TestSwitchManualIntSize_t" time="8.17775726318359e-05" />
    <testcase name="Equals (24)" classname="spec_perl_TestSwitchManualIntSize_t" time="0.000111103057861328" />
    <testcase name="Equals (25)" classname="spec_perl_TestSwitchManualIntSize_t" time="0.000102996826171875" />
    <testcase name="Equals (26)" classname="spec_perl_TestSwitchManualIntSize_t" time="0.000101089477539062" />
    <testcase name="Equals (27)" classname="spec_perl_TestSwitchManualIntSize_t" time="0.000125885009765625" />
    <testcase name="Equals (28)" classname="spec_perl_TestSwitchManualIntSize_t" time="0.000133037567138672" />
    <testcase name="Equals (29)" classname="spec_perl_TestSwitchManualIntSize_t" time="0.00011897087097168" />
    <testcase name="Equals (30)" classname="spec_perl_TestSwitchManualIntSize_t" time="9.60826873779297e-05" />
    <testcase name="Equals (31)" classname="spec_perl_TestSwitchManualIntSize_t" time="0.000100851058959961" />
  </testsuite>
  <testsuite name="spec_perl_TestExprIoPos_t" errors="0" failures="0" skipped="0" tests="6" time="0.0664350986480713">
    <system-out>1..6
ok 1 - Equals
ok 2 - Equals
ok 3 - Equals
ok 4 - Equals
ok 5 - Equals
ok 6 - Equals
</system-out>
    <testcase name="Equals (32)" classname="spec_perl_TestExprIoPos_t" time="0.000612974166870117" />
    <testcase name="Equals (33)" classname="spec_perl_TestExprIoPos_t" time="8.79764556884766e-05" />
    <testcase name="Equals (34)" classname="spec_perl_TestExprIoPos_t" time="0.000107049942016602" />
    <testcase name="Equals (35)" classname="spec_perl_TestExprIoPos_t" time="0.000103950500488281" />
    <testcase name="Equals (36)" classname="spec_perl_TestExprIoPos_t" time="0.000103950500488281" />
    <testcase name="Equals (37)" classname="spec_perl_TestExprIoPos_t" time="0.000111103057861328" />
  </testsuite>
  <testsuite name="spec_perl_TestEnumToI_t" errors="0" failures="0" skipped="0" tests="7" time="0.0615670680999756">
    <system-out>1..7
ok 1 - Equals
ok 2 - Equals
ok 3 - Equals
ok 4 - Equals
ok 5 - Equals
ok 6 - Equals
ok 7 - Equals
</system-out>
    <testcase name="Equals (38)" classname="spec_perl_TestEnumToI_t" time="0.000204801559448242" />
    <testcase name="Equals (39)" classname="spec_perl_TestEnumToI_t" time="0.000113010406494141" />
    <testcase name="Equals (40)" classname="spec_perl_TestEnumToI_t" time="0.000106096267700195" />
    <testcase name="Equals (41)" classname="spec_perl_TestEnumToI_t" time="0.000108957290649414" />
    <testcase name="Equals (42)" classname="spec_perl_TestEnumToI_t" time="8.60691070556641e-05" />
    <testcase name="Equals (43)" classname="spec_perl_TestEnumToI_t" time="8.79764556884766e-05" />
    <testcase name="Equals (44)" classname="spec_perl_TestEnumToI_t" time="8.60691070556641e-05" />
  </testsuite>
  <testsuite name="spec_perl_TestParamsEnum_t" errors="0" failures="1" skipped="0" tests="2" time="0.0622811317443848">
    <system-out>1..2
ok 1 - Equals
not ok 2 - Equals
</system-out>
    <testcase name="Equals (45)" classname="spec_perl_TestParamsEnum_t" time="0.000211000442504883" />
    <testcase name="Equals (46)" classname="spec_perl_TestParamsEnum_t" time="0.000749111175537109">
      <failure message="not ok 2 - Equals" type="TAP::Parser::Result::Test"></failure>
    </testcase>
  </testsuite>
  <testsuite name="spec_perl_TestOptionalId_t" errors="0" failures="0" skipped="0" tests="3" time="0.0611269474029541">
    <system-out>1..3
ok 1 - Equals
ok 2 - Equals
ok 3 - Equals
</system-out>
    <testcase name="Equals (47)" classname="spec_perl_TestOptionalId_t" time="0.000177860260009766" />
    <testcase name="Equals (48)" classname="spec_perl_TestOptionalId_t" time="9.01222229003906e-05" />
    <testcase name="Equals (49)" classname="spec_perl_TestOptionalId_t" time="0.000103950500488281" />
  </testsuite>
  <testsuite name="spec_perl_TestBitsSignedShiftB32Le_t" errors="0" failures="0" skipped="0" tests="2" time="0.0614199638366699">
    <system-out>1..2
ok 1 - Equals
ok 2 - Equals
</system-out>
    <testcase name="Equals (50)" classname="spec_perl_TestBitsSignedShiftB32Le_t" time="0.000210046768188477" />
    <testcase name="Equals (51)" classname="spec_perl_TestBitsSignedShiftB32Le_t" time="9.41753387451172e-05" />
  </testsuite>
  <testsuite name="spec_perl_TestRepeatUntilSized_t" errors="0" failures="0" skipped="0" tests="7" time="0.0609731674194336">
    <system-out>1..7
ok 1 - Equals
ok 2 - Equals
ok 3 - Equals
ok 4 - Equals
ok 5 - Equals
ok 6 - Equals
ok 7 - Equals
</system-out>
    <testcase name="Equals (52)" classname="spec_perl_TestRepeatUntilSized_t" time="0.000473976135253906" />
    <testcase name="Equals (53)" classname="spec_perl_TestRepeatUntilSized_t" time="9.29832458496094e-05" />
    <testcase name="Equals (54)" classname="spec_perl_TestRepeatUntilSized_t" time="0.000123023986816406" />
    <testcase name="Equals (55)" classname="spec_perl_TestRepeatUntilSized_t" time="9.60826873779297e-05" />
    <testcase name="Equals (56)" classname="spec_perl_TestRepeatUntilSized_t" time="0.000100851058959961" />
    <testcase name="Equals (57)" classname="spec_perl_TestRepeatUntilSized_t" time="9.79900360107422e-05" />
    <testcase name="Equals (58)" classname="spec_perl_TestRepeatUntilSized_t" time="0.000102996826171875" />
  </testsuite>
  <testsuite name="spec_perl_TestDefaultBitEndianMod_t" errors="0" failures="0" skipped="0" tests="4" time="0.0606710910797119">
    <system-out>1..4
ok 1 - Equals
ok 2 - Equals
ok 3 - Equals
ok 4 - Equals
</system-out>
    <testcase name="Equals (59)" classname="spec_perl_TestDefaultBitEndianMod_t" time="0.000237941741943359" />
    <testcase name="Equals (60)" classname="spec_perl_TestDefaultBitEndianMod_t" time="9.29832458496094e-05" />
    <testcase name="Equals (61)" classname="spec_perl_TestDefaultBitEndianMod_t" time="0.000113964080810547" />
    <testcase name="Equals (62)" classname="spec_perl_TestDefaultBitEndianMod_t" time="0.000101089477539062" />
  </testsuite>
  <testsuite name="spec_perl_TestIntegers_t" errors="0" failures="0" skipped="0" tests="20" time="0.0630221366882324">
    <system-out>1..20
ok 1 - Equals
ok 2 - Equals
ok 3 - Equals
ok 4 - Equals
ok 5 - Equals
ok 6 - Equals
ok 7 - Equals
ok 8 - Equals
ok 9 - Equals
ok 10 - Equals
ok 11 - Equals
ok 12 - Equals
ok 13 - Equals
ok 14 - Equals
ok 15 - Equals
ok 16 - Equals
ok 17 - Equals
ok 18 - Equals
ok 19 - Equals
ok 20 - Equals
</system-out>
    <testcase name="Equals (63)" classname="spec_perl_TestIntegers_t" time="0.000221014022827148" />
    <testcase name="Equals (64)" classname="spec_perl_TestIntegers_t" time="8.392333984375e-05" />
    <testcase name="Equals (65)" classname="spec_perl_TestIntegers_t" time="0.000104188919067383" />
    <testcase name="Equals (66)" classname="spec_perl_TestIntegers_t" time="0.000102996826171875" />
    <testcase name="Equals (67)" classname="spec_perl_TestIntegers_t" time="0.000101804733276367" />
    <testcase name="Equals (68)" classname="spec_perl_TestIntegers_t" time="0.000105142593383789" />
    <testcase name="Equals (69)" classname="spec_perl_TestIntegers_t" time="9.89437103271484e-05" />
    <testcase name="Equals (70)" classname="spec_perl_TestIntegers_t" time="9.89437103271484e-05" />
    <testcase name="Equals (71)" classname="spec_perl_TestIntegers_t" time="9.60826873779297e-05" />
    <testcase name="Equals (72)" classname="spec_perl_TestIntegers_t" time="9.79900360107422e-05" />
    <testcase name="Equals (73)" classname="spec_perl_TestIntegers_t" time="9.48905944824219e-05" />
    <testcase name="Equals (74)" classname="spec_perl_TestIntegers_t" time="0.000101089477539062" />
    <testcase name="Equals (75)" classname="spec_perl_TestIntegers_t" time="9.51290130615234e-05" />
    <testcase name="Equals (76)" classname="spec_perl_TestIntegers_t" time="9.17911529541016e-05" />
    <testcase name="Equals (77)" classname="spec_perl_TestIntegers_t" time="9.79900360107422e-05" />
    <testcase name="Equals (78)" classname="spec_perl_TestIntegers_t" time="9.60826873779297e-05" />
    <testcase name="Equals (79)" classname="spec_perl_TestIntegers_t" time="9.29832458496094e-05" />
    <testcase name="Equals (80)" classname="spec_perl_TestIntegers_t" time="9.70363616943359e-05" />
    <testcase name="Equals (81)" classname="spec_perl_TestIntegers_t" time="9.48905944824219e-05" />
    <testcase name="Equals (82)" classname="spec_perl_TestIntegers_t" time="9.60826873779297e-05" />
  </testsuite>
  <testsuite name="spec_perl_TestBitsShiftByB64Le_t" errors="0" failures="0" skipped="0" tests="2" time="0.0609490871429443">
    <system-out>1..2
ok 1 - Equals
ok 2 - Equals
</system-out>
    <testcase name="Equals (83)" classname="spec_perl_TestBitsShiftByB64Le_t" time="0.000195026397705078" />
    <testcase name="Equals (84)" classname="spec_perl_TestBitsShiftByB64Le_t" time="8.58306884765625e-05" />
  </testsuite>
  <testsuite name="spec_perl_TestIfStruct_t" errors="0" failures="0" skipped="0" tests="7" time="0.0657768249511719">
    <system-out>1..7
ok 1 - Equals
ok 2 - Equals
ok 3 - Equals
ok 4 - Equals
ok 5 - Equals
ok 6 - Equals
ok 7 - Equals
</system-out>
    <testcase name="Equals (85)" classname="spec_perl_TestIfStruct_t" time="0.000305891036987305" />
    <testcase name="Equals (86)" classname="spec_perl_TestIfStruct_t" time="8.70227813720703e-05" />
    <testcase name="Equals (87)" classname="spec_perl_TestIfStruct_t" time="0.000110149383544922" />
    <testcase name="Equals (88)" classname="spec_perl_TestIfStruct_t" time="0.000103950500488281" />
    <testcase name="Equals (89)" classname="spec_perl_TestIfStruct_t" time="9.98973846435547e-05" />
    <testcase name="Equals (90)" classname="spec_perl_TestIfStruct_t" time="0.000103950500488281" />
    <testcase name="Equals (91)" classname="spec_perl_TestIfStruct_t" time="9.51290130615234e-05" />
  </testsuite>
  <testsuite name="spec_perl_TestValidNotParsedIf_t" errors="0" failures="0" skipped="1" tests="1" time="0.0609488487243652">
    <system-out>1..1
ok 1 # skip ValidNotParsedIf=HASH(0x55d5e89ace90)
</system-out>
    <testcase name="Unnamed test case 91" classname="spec_perl_TestValidNotParsedIf_t" time="0.00110602378845215">
      <skipped message="ok 1 # skip ValidNotParsedIf=HASH(0x55d5e89ace90)" />
    </testcase>
  </testsuite>
  <testsuite name="spec_perl_TestImportsAbsRel_t" errors="0" failures="0" skipped="0" tests="3" time="0.062129020690918">
    <system-out>1..3
ok 1 - Equals
ok 2 - Equals
ok 3 - Equals
</system-out>
    <testcase name="Equals (92)" classname="spec_perl_TestImportsAbsRel_t" time="0.000196933746337891" />
    <testcase name="Equals (93)" classname="spec_perl_TestImportsAbsRel_t" time="8.60691070556641e-05" />
    <testcase name="Equals (94)" classname="spec_perl_TestImportsAbsRel_t" time="0.000111103057861328" />
  </testsuite>
  <testsuite name="spec_perl_TestEnumLongRangeS_t" errors="0" failures="0" skipped="0" tests="7" time="0.061445951461792">
    <system-out>1..7
ok 1 - Equals
ok 2 - Equals
ok 3 - Equals
ok 4 - Equals
ok 5 - Equals
ok 6 - Equals
ok 7 - Equals
</system-out>
    <testcase name="Equals (95)" classname="spec_perl_TestEnumLongRangeS_t" time="0.000211000442504883" />
    <testcase name="Equals (96)" classname="spec_perl_TestEnumLongRangeS_t" time="8.79764556884766e-05" />
    <testcase name="Equals (97)" classname="spec_perl_TestEnumLongRangeS_t" time="0.000107049942016602" />
    <testcase name="Equals (98)" classname="spec_perl_TestEnumLongRangeS_t" time="0.000101089477539062" />
    <testcase name="Equals (99)" classname="spec_perl_TestEnumLongRangeS_t" time="9.98973846435547e-05" />
    <testcase name="Equals (100)" classname="spec_perl_TestEnumLongRangeS_t" time="9.918212890625e-05" />
    <testcase name="Equals (101)" classname="spec_perl_TestEnumLongRangeS_t" time="0.000100851058959961" />
  </testsuite>
  <testsuite name="spec_perl_TestProcessCoerceUsertype1_t" errors="0" failures="0" skipped="0" tests="4" time="0.0622990131378174">
    <system-out>1..4
ok 1 - Equals
ok 2 - Equals
ok 3 - Equals
ok 4 - Equals
</system-out>
    <testcase name="Equals (102)" classname="spec_perl_TestProcessCoerceUsertype1_t" time="0.000510931015014648" />
    <testcase name="Equals (103)" classname="spec_perl_TestProcessCoerceUsertype1_t" time="9.01222229003906e-05" />
    <testcase name="Equals (104)" classname="spec_perl_TestProcessCoerceUsertype1_t" time="0.000106096267700195" />
    <testcase name="Equals (105)" classname="spec_perl_TestProcessCoerceUsertype1_t" time="0.000111818313598633" />
  </testsuite>
  <testsuite name="spec_perl_TestIndexSizes_t" errors="0" failures="0" skipped="0" tests="7" time="0.0686991214752197">
    <system-out>1..7
ok 1 - Equals
ok 2 - Equals
ok 3 - Equals
ok 4 - Equals
ok 5 - Equals
ok 6 - Equals
ok 7 - Equals
</system-out>
    <testcase name="Equals (106)" classname="spec_perl_TestIndexSizes_t" time="0.000278949737548828" />
    <testcase name="Equals (107)" classname="spec_perl_TestIndexSizes_t" time="8.60691070556641e-05" />
    <testcase name="Equals (108)" classname="spec_perl_TestIndexSizes_t" time="0.000113010406494141" />
    <testcase name="Equals (109)" classname="spec_perl_TestIndexSizes_t" time="0.000113010406494141" />
    <testcase name="Equals (110)" classname="spec_perl_TestIndexSizes_t" time="0.000108957290649414" />
    <testcase name="Equals (111)" classname="spec_perl_TestIndexSizes_t" time="0.000118017196655273" />
    <testcase name="Equals (112)" classname="spec_perl_TestIndexSizes_t" time="8.89301300048828e-05" />
  </testsuite>
  <testsuite name="spec_perl_TestSwitchIntegers2_t" errors="0" failures="0" skipped="0" tests="5" time="0.061028003692627">
    <system-out>1..5
ok 1 - Equals
ok 2 - Equals
ok 3 - Equals
ok 4 - Equals
ok 5 - Equals
</system-out>
    <testcase name="Equals (113)" classname="spec_perl_TestSwitchIntegers2_t" time="0.000164985656738281" />
    <testcase name="Equals (114)" classname="spec_perl_TestSwitchIntegers2_t" time="8.0108642578125e-05" />
    <testcase name="Equals (115)" classname="spec_perl_TestSwitchIntegers2_t" time="0.000107049942016602" />
    <testcase name="Equals (116)" classname="spec_perl_TestSwitchIntegers2_t" time="0.000110864639282227" />
    <testcase name="Equals (117)" classname="spec_perl_TestSwitchIntegers2_t" time="0.000101089477539062" />
  </testsuite>
  <testsuite name="spec_perl_TestEnumIf_t" errors="0" failures="0" skipped="0" tests="7" time="0.0665130615234375">
    <system-out>1..7
ok 1 - Equals
ok 2 - Equals
ok 3 - Equals
ok 4 - Equals
ok 5 - Equals
ok 6 - Equals
ok 7 - Equals
</system-out>
    <testcase name="Equals (118)" classname="spec_perl_TestEnumIf_t" time="0.000320911407470703" />
    <testcase name="Equals (119)" classname="spec_perl_TestEnumIf_t" time="9.29832458496094e-05" />
    <testcase name="Equals (120)" classname="spec_perl_TestEnumIf_t" time="0.000105142593383789" />
    <testcase name="Equals (121)" classname="spec_perl_TestEnumIf_t" time="0.000103950500488281" />
    <testcase name="Equals (122)" classname="spec_perl_TestEnumIf_t" time="0.000104904174804688" />
    <testcase name="Equals (123)" classname="spec_perl_TestEnumIf_t" time="0.000106096267700195" />
    <testcase name="Equals (124)" classname="spec_perl_TestEnumIf_t" time="9.70363616943359e-05" />
  </testsuite>
  <testsuite name="spec_perl_TestEnumIntRangeS_t" errors="0" failures="0" skipped="0" tests="3" time="0.0612690448760986">
    <system-out>1..3
ok 1 - Equals
ok 2 - Equals
ok 3 - Equals
</system-out>
    <testcase name="Equals (125)" classname="spec_perl_TestEnumIntRangeS_t" time="0.000119924545288086" />
    <testcase name="Equals (126)" classname="spec_perl_TestEnumIntRangeS_t" time="6.60419464111328e-05" />
    <testcase name="Equals (127)" classname="spec_perl_TestEnumIntRangeS_t" time="0.000104904174804688" />
  </testsuite>
  <testsuite name="spec_perl_TestCombineStr_t" errors="0" failures="0" skipped="0" tests="15" time="0.0675699710845947">
    <system-out>1..15
ok 1 - Equals
ok 2 - Equals
ok 3 - Equals
ok 4 - Equals
ok 5 - Equals
ok 6 - Equals
ok 7 - Equals
ok 8 - Equals
ok 9 - Equals
ok 10 - Equals
ok 11 - Equals
ok 12 - Equals
ok 13 - Equals
ok 14 - Equals
ok 15 - Equals
</system-out>
    <testcase name="Equals (128)" classname="spec_perl_TestCombineStr_t" time="0.000282049179077148" />
    <testcase name="Equals (129)" classname="spec_perl_TestCombineStr_t" time="9.51290130615234e-05" />
    <testcase name="Equals (130)" classname="spec_perl_TestCombineStr_t" time="0.000115871429443359" />
    <testcase name="Equals (131)" classname="spec_perl_TestCombineStr_t" time="9.89437103271484e-05" />
    <testcase name="Equals (132)" classname="spec_perl_TestCombineStr_t" time="0.000113964080810547" />
    <testcase name="Equals (133)" classname="spec_perl_TestCombineStr_t" time="0.000107049942016602" />
    <testcase name="Equals (134)" classname="spec_perl_TestCombineStr_t" time="0.000108003616333008" />
    <testcase name="Equals (135)" classname="spec_perl_TestCombineStr_t" time="0.000101089477539062" />
    <testcase name="Equals (136)" classname="spec_perl_TestCombineStr_t" time="0.000105857849121094" />
    <testcase name="Equals (137)" classname="spec_perl_TestCombineStr_t" time="0.000104188919067383" />
    <testcase name="Equals (138)" classname="spec_perl_TestCombineStr_t" time="0.000104904174804688" />
    <testcase name="Equals (139)" classname="spec_perl_TestCombineStr_t" time="0.000104904174804688" />
    <testcase name="Equals (140)" classname="spec_perl_TestCombineStr_t" time="9.82284545898438e-05" />
    <testcase name="Equals (141)" classname="spec_perl_TestCombineStr_t" time="0.0001068115234375" />
    <testcase name="Equals (142)" classname="spec_perl_TestCombineStr_t" time="9.60826873779297e-05" />
  </testsuite>
  <testsuite name="spec_perl_TestExprMod_t" errors="0" failures="0" skipped="0" tests="6" time="0.0614449977874756">
    <system-out>1..6
ok 1 - Equals
ok 2 - Equals
ok 3 - Equals
ok 4 - Equals
ok 5 - Equals
ok 6 - Equals
</system-out>
    <testcase name="Equals (143)" classname="spec_perl_TestExprMod_t" time="0.000175952911376953" />
    <testcase name="Equals (144)" classname="spec_perl_TestExprMod_t" time="8.70227813720703e-05" />
    <testcase name="Equals (145)" classname="spec_perl_TestExprMod_t" time="0.000108003616333008" />
    <testcase name="Equals (146)" classname="spec_perl_TestExprMod_t" time="0.000108003616333008" />
    <testcase name="Equals (147)" classname="spec_perl_TestExprMod_t" time="0.000111103057861328" />
    <testcase name="Equals (148)" classname="spec_perl_TestExprMod_t" time="0.000102996826171875" />
  </testsuite>
  <testsuite name="spec_perl_TestExprIntDiv_t" errors="0" failures="2" skipped="0" tests="6" time="0.0635359287261963">
    <system-out>1..6
ok 1 - Equals
ok 2 - Equals
ok 3 - Equals
not ok 4 - Equals
ok 5 - Equals
not ok 6 - Equals
</system-out>
    <testcase name="Equals (149)" classname="spec_perl_TestExprIntDiv_t" time="0.000195026397705078" />
    <testcase name="Equals (150)" classname="spec_perl_TestExprIntDiv_t" time="9.01222229003906e-05" />
    <testcase name="Equals (151)" classname="spec_perl_TestExprIntDiv_t" time="0.000110864639282227" />
    <testcase name="Equals (152)" classname="spec_perl_TestExprIntDiv_t" time="0.000159978866577148">
      <failure message="not ok 4 - Equals" type="TAP::Parser::Result::Test"></failure>
    </testcase>
    <testcase name="Equals (153)" classname="spec_perl_TestExprIntDiv_t" time="0.00106501579284668" />
    <testcase name="Equals (154)" classname="spec_perl_TestExprIntDiv_t" time="4.69684600830078e-05">
      <failure message="not ok 6 - Equals" type="TAP::Parser::Result::Test"></failure>
    </testcase>
  </testsuite>
  <testsuite name="spec_perl_TestSwitchManualEnumInvalidElse_t" errors="0" failures="0" skipped="0" tests="5" time="0.0652179718017578">
    <system-out>1..5
ok 1 - Equals
ok 2 - Equals
ok 3 - Equals
ok 4 - Equals
ok 5 - Equals
</system-out>
    <testcase name="Equals (155)" classname="spec_perl_TestSwitchManualEnumInvalidElse_t" time="0.000231027603149414" />
    <testcase name="Equals (156)" classname="spec_perl_TestSwitchManualEnumInvalidElse_t" time="8.60691070556641e-05" />
    <testcase name="Equals (157)" classname="spec_perl_TestSwitchManualEnumInvalidElse_t" time="0.000102996826171875" />
    <testcase name="Equals (158)" classname="spec_perl_TestSwitchManualEnumInvalidElse_t" time="0.000102996826171875" />
    <testcase name="Equals (159)" classname="spec_perl_TestSwitchManualEnumInvalidElse_t" time="9.79900360107422e-05" />
  </testsuite>
  <testsuite name="spec_perl_TestStrEncodings_t" errors="0" failures="0" skipped="0" tests="4" time="0.0679960250854492">
    <system-out>1..4
ok 1 - Equals
ok 2 - Equals
ok 3 - Equals
ok 4 - Equals
</system-out>
    <testcase name="Equals (160)" classname="spec_perl_TestStrEncodings_t" time="0.00364398956298828" />
    <testcase name="Equals (161)" classname="spec_perl_TestStrEncodings_t" time="0.000102043151855469" />
    <testcase name="Equals (162)" classname="spec_perl_TestStrEncodings_t" time="0.000108957290649414" />
    <testcase name="Equals (163)" classname="spec_perl_TestStrEncodings_t" time="0.000104904174804688" />
  </testsuite>
  <testsuite name="spec_perl_TestSwitchManualInt_t" errors="0" failures="0" skipped="0" tests="9" time="0.0659101009368896">
    <system-out>1..9
ok 1 - Equals
ok 2 - Equals
ok 3 - Equals
ok 4 - Equals
ok 5 - Equals
ok 6 - Equals
ok 7 - Equals
ok 8 - Equals
ok 9 - Equals
</system-out>
    <testcase name="Equals (164)" classname="spec_perl_TestSwitchManualInt_t" time="0.000265836715698242" />
    <testcase name="Equals (165)" classname="spec_perl_TestSwitchManualInt_t" time="7.31945037841797e-05" />
    <testcase name="Equals (166)" classname="spec_perl_TestSwitchManualInt_t" time="0.000105857849121094" />
    <testcase name="Equals (167)" classname="spec_perl_TestSwitchManualInt_t" time="0.000103950500488281" />
    <testcase name="Equals (168)" classname="spec_perl_TestSwitchManualInt_t" time="0.000102996826171875" />
    <testcase name="Equals (169)" classname="spec_perl_TestSwitchManualInt_t" time="9.60826873779297e-05" />
    <testcase name="Equals (170)" classname="spec_perl_TestSwitchManualInt_t" time="9.70363616943359e-05" />
    <testcase name="Equals (171)" classname="spec_perl_TestSwitchManualInt_t" time="9.60826873779297e-05" />
    <testcase name="Equals (172)" classname="spec_perl_TestSwitchManualInt_t" time="9.98973846435547e-05" />
  </testsuite>
  <testsuite name="spec_perl_TestBcdUserTypeBe_t" errors="0" failures="0" skipped="0" tests="6" time="0.0655889511108398">
    <system-out>1..6
ok 1 - Equals
ok 2 - Equals
ok 3 - Equals
ok 4 - Equals
ok 5 - Equals
ok 6 - Equals
</system-out>
    <testcase name="Equals (173)" classname="spec_perl_TestBcdUserTypeBe_t" time="0.000602960586547852" />
    <testcase name="Equals (174)" classname="spec_perl_TestBcdUserTypeBe_t" time="9.70363616943359e-05" />
    <testcase name="Equals (175)" classname="spec_perl_TestBcdUserTypeBe_t" time="0.000128030776977539" />
    <testcase name="Equals (176)" classname="spec_perl_TestBcdUserTypeBe_t" time="0.000118017196655273" />
    <testcase name="Equals (177)" classname="spec_perl_TestBcdUserTypeBe_t" time="0.000118017196655273" />
    <testcase name="Equals (178)" classname="spec_perl_TestBcdUserTypeBe_t" time="0.000114917755126953" />
  </testsuite>
  <testsuite name="spec_perl_TestBitsUnalignedB64Be_t" errors="0" failures="0" skipped="0" tests="3" time="0.061107873916626">
    <system-out>1..3
ok 1 - Equals
ok 2 - Equals
ok 3 - Equals
</system-out>
    <testcase name="Equals (179)" classname="spec_perl_TestBitsUnalignedB64Be_t" time="0.000161886215209961" />
    <testcase name="Equals (180)" classname="spec_perl_TestBitsUnalignedB64Be_t" time="8.10623168945312e-05" />
    <testcase name="Equals (181)" classname="spec_perl_TestBitsUnalignedB64Be_t" time="0.000108957290649414" />
  </testsuite>
  <testsuite name="spec_perl_TestBitsSimple_t" errors="0" failures="0" skipped="0" tests="14" time="0.0624079704284668">
    <system-out>1..14
ok 1 - Equals
ok 2 - Equals
ok 3 - Equals
ok 4 - Equals
ok 5 - Equals
ok 6 - Equals
ok 7 - Equals
ok 8 - Equals
ok 9 - Equals
ok 10 - Equals
ok 11 - Equals
ok 12 - Equals
ok 13 - Equals
ok 14 - Equals
</system-out>
    <testcase name="Equals (182)" classname="spec_perl_TestBitsSimple_t" time="0.00020599365234375" />
    <testcase name="Equals (183)" classname="spec_perl_TestBitsSimple_t" time="8.91685485839844e-05" />
    <testcase name="Equals (184)" classname="spec_perl_TestBitsSimple_t" time="9.70363616943359e-05" />
    <testcase name="Equals (185)" classname="spec_perl_TestBitsSimple_t" time="0.0001068115234375" />
    <testcase name="Equals (186)" classname="spec_perl_TestBitsSimple_t" time="0.000106096267700195" />
    <testcase name="Equals (187)" classname="spec_perl_TestBitsSimple_t" time="0.000102043151855469" />
    <testcase name="Equals (188)" classname="spec_perl_TestBitsSimple_t" time="0.000107049942016602" />
    <testcase name="Equals (189)" classname="spec_perl_TestBitsSimple_t" time="9.48905944824219e-05" />
    <testcase name="Equals (190)" classname="spec_perl_TestBitsSimple_t" time="9.48905944824219e-05" />
    <testcase name="Equals (191)" classname="spec_perl_TestBitsSimple_t" time="9.82284545898438e-05" />
    <testcase name="Equals (192)" classname="spec_perl_TestBitsSimple_t" time="0.0001068115234375" />
    <testcase name="Equals (193)" classname="spec_perl_TestBitsSimple_t" time="9.41753387451172e-05" />
    <testcase name="Equals (194)" classname="spec_perl_TestBitsSimple_t" time="9.89437103271484e-05" />
    <testcase name="Equals (195)" classname="spec_perl_TestBitsSimple_t" time="0.000102043151855469" />
  </testsuite>
  <testsuite name="spec_perl_TestEofExceptionU4_t" errors="0" failures="0" skipped="0" tests="1" time="0.0621249675750732">
    <system-out>1..1
ok 1 - threw /^Requested \d+ bytes, but only \d+ bytes available/
</system-out>
    <testcase name="threw /^Requested \d+ bytes, but only \d+ bytes available/ (195)" classname="spec_perl_TestEofExceptionU4_t" time="0.000127077102661133" />
  </testsuite>
  <testsuite name="spec_perl_TestInstanceStd_t" errors="0" failures="0" skipped="0" tests="1" time="0.0652999877929688">
    <system-out>1..1
ok 1 - Equals
</system-out>
    <testcase name="Equals (196)" classname="spec_perl_TestInstanceStd_t" time="0.000213146209716797" />
  </testsuite>
  <testsuite name="spec_perl_TestRepeatNStrzDouble_t" errors="0" failures="0" skipped="0" tests="3" time="0.0645458698272705">
    <system-out>1..3
ok 1 - Equals
ok 2 - Equals
ok 3 - Equals
</system-out>
    <testcase name="Equals (197)" classname="spec_perl_TestRepeatNStrzDouble_t" time="0.000239133834838867" />
    <testcase name="Equals (198)" classname="spec_perl_TestRepeatNStrzDouble_t" time="8.98838043212891e-05" />
    <testcase name="Equals (199)" classname="spec_perl_TestRepeatNStrzDouble_t" time="7.89165496826172e-05" />
  </testsuite>
  <testsuite name="spec_perl_TestIfInstances_t" errors="0" failures="0" skipped="0" tests="1" time="0.0601198673248291">
    <system-out>1..1
ok 1 - nil
</system-out>
    <testcase name="nil (199)" classname="spec_perl_TestIfInstances_t" time="0.000127077102661133" />
  </testsuite>
  <testsuite name="spec_perl_TestNestedTypes_t" errors="0" failures="0" skipped="0" tests="3" time="0.0610380172729492">
    <system-out>1..3
ok 1 - Equals
ok 2 - Equals
ok 3 - Equals
</system-out>
    <testcase name="Equals (200)" classname="spec_perl_TestNestedTypes_t" time="0.00020599365234375" />
    <testcase name="Equals (201)" classname="spec_perl_TestNestedTypes_t" time="8.58306884765625e-05" />
    <testcase name="Equals (202)" classname="spec_perl_TestNestedTypes_t" time="0.000109195709228516" />
  </testsuite>
  <testsuite name="spec_perl_TestImportsAbsAbs_t" errors="0" failures="0" skipped="0" tests="3" time="0.0617649555206299">
    <system-out>1..3
ok 1 - Equals
ok 2 - Equals
ok 3 - Equals
</system-out>
    <testcase name="Equals (203)" classname="spec_perl_TestImportsAbsAbs_t" time="0.000206947326660156" />
    <testcase name="Equals (204)" classname="spec_perl_TestImportsAbsAbs_t" time="9.70363616943359e-05" />
    <testcase name="Equals (205)" classname="spec_perl_TestImportsAbsAbs_t" time="0.000105857849121094" />
  </testsuite>
  <testsuite name="spec_perl_TestRepeatEosStruct_t" errors="0" failures="0" skipped="0" tests="5" time="0.0612690448760986">
    <system-out>1..5
ok 1 - Equals
ok 2 - Equals
ok 3 - Equals
ok 4 - Equals
ok 5 - Equals
</system-out>
    <testcase name="Equals (206)" classname="spec_perl_TestRepeatEosStruct_t" time="0.000208854675292969" />
    <testcase name="Equals (207)" classname="spec_perl_TestRepeatEosStruct_t" time="8.29696655273438e-05" />
    <testcase name="Equals (208)" classname="spec_perl_TestRepeatEosStruct_t" time="0.000101089477539062" />
    <testcase name="Equals (209)" classname="spec_perl_TestRepeatEosStruct_t" time="9.89437103271484e-05" />
    <testcase name="Equals (210)" classname="spec_perl_TestRepeatEosStruct_t" time="9.89437103271484e-05" />
  </testsuite>
  <testsuite name="spec_perl_TestExprStrOps_t" errors="0" failures="0" skipped="0" tests="17" time="0.0669400691986084">
    <system-out>1..17
ok 1 - Equals
ok 2 - Equals
ok 3 - Equals
ok 4 - Equals
ok 5 - Equals
ok 6 - Equals
ok 7 - Equals
ok 8 - Equals
ok 9 - Equals
ok 10 - Equals
ok 11 - Equals
ok 12 - Equals
ok 13 - Equals
ok 14 - Equals
ok 15 - Equals
ok 16 - Equals
ok 17 - Equals
</system-out>
    <testcase name="Equals (211)" classname="spec_perl_TestExprStrOps_t" time="0.000210046768188477" />
    <testcase name="Equals (212)" classname="spec_perl_TestExprStrOps_t" time="9.79900360107422e-05" />
    <testcase name="Equals (213)" classname="spec_perl_TestExprStrOps_t" time="0.000115156173706055" />
    <testcase name="Equals (214)" classname="spec_perl_TestExprStrOps_t" time="0.000114917755126953" />
    <testcase name="Equals (215)" classname="spec_perl_TestExprStrOps_t" time="0.000108003616333008" />
    <testcase name="Equals (216)" classname="spec_perl_TestExprStrOps_t" time="0.000102996826171875" />
    <testcase name="Equals (217)" classname="spec_perl_TestExprStrOps_t" time="0.000102043151855469" />
    <testcase name="Equals (218)" classname="spec_perl_TestExprStrOps_t" time="0.000107049942016602" />
    <testcase name="Equals (219)" classname="spec_perl_TestExprStrOps_t" time="0.000113964080810547" />
    <testcase name="Equals (220)" classname="spec_perl_TestExprStrOps_t" time="8.98838043212891e-05" />
    <testcase name="Equals (221)" classname="spec_perl_TestExprStrOps_t" time="0.000102043151855469" />
    <testcase name="Equals (222)" classname="spec_perl_TestExprStrOps_t" time="9.10758972167969e-05" />
    <testcase name="Equals (223)" classname="spec_perl_TestExprStrOps_t" time="9.48905944824219e-05" />
    <testcase name="Equals (224)" classname="spec_perl_TestExprStrOps_t" time="0.000102043151855469" />
    <testcase name="Equals (225)" classname="spec_perl_TestExprStrOps_t" time="0.000102996826171875" />
    <testcase name="Equals (226)" classname="spec_perl_TestExprStrOps_t" time="9.10758972167969e-05" />
    <testcase name="Equals (227)" classname="spec_perl_TestExprStrOps_t" time="9.79900360107422e-05" />
  </testsuite>
  <testsuite name="spec_perl_TestProcessRepeatUsertype_t" errors="0" failures="0" skipped="0" tests="4" time="0.0615060329437256">
    <system-out>1..4
ok 1 - Equals
ok 2 - Equals
ok 3 - Equals
ok 4 - Equals
</system-out>
    <testcase name="Equals (228)" classname="spec_perl_TestProcessRepeatUsertype_t" time="0.000509023666381836" />
    <testcase name="Equals (229)" classname="spec_perl_TestProcessRepeatUsertype_t" time="9.10758972167969e-05" />
    <testcase name="Equals (230)" classname="spec_perl_TestProcessRepeatUsertype_t" time="0.000114917755126953" />
    <testcase name="Equals (231)" classname="spec_perl_TestProcessRepeatUsertype_t" time="0.000102043151855469" />
  </testsuite>
  <testsuite name="spec_perl_TestExpr1_t" errors="0" failures="0" skipped="0" tests="4" time="0.065479040145874">
    <system-out>1..4
ok 1 - Equals
ok 2 - Equals
ok 3 - Equals
ok 4 - Equals
</system-out>
    <testcase name="Equals (232)" classname="spec_perl_TestExpr1_t" time="0.000231027603149414" />
    <testcase name="Equals (233)" classname="spec_perl_TestExpr1_t" time="7.79628753662109e-05" />
    <testcase name="Equals (234)" classname="spec_perl_TestExpr1_t" time="0.000106096267700195" />
    <testcase name="Equals (235)" classname="spec_perl_TestExpr1_t" time="0.000129938125610352" />
  </testsuite>
  <testsuite name="spec_perl_TestEofExceptionBytes_t" errors="0" failures="0" skipped="0" tests="1" time="0.0623509883880615">
    <system-out>1..1
ok 1 - threw /^Requested \d+ bytes, but only \d+ bytes available/
</system-out>
    <testcase name="threw /^Requested \d+ bytes, but only \d+ bytes available/ (235)" classname="spec_perl_TestEofExceptionBytes_t" time="0.000131130218505859" />
  </testsuite>
  <testsuite name="spec_perl_TestSwitchManualEnumInvalid_t" errors="0" failures="0" skipped="0" tests="5" time="0.0656290054321289">
    <system-out>1..5
ok 1 - Equals
ok 2 - Equals
ok 3 - nil
ok 4 - Equals
ok 5 - nil
</system-out>
    <testcase name="Equals (236)" classname="spec_perl_TestSwitchManualEnumInvalid_t" time="0.000220060348510742" />
    <testcase name="Equals (237)" classname="spec_perl_TestSwitchManualEnumInvalid_t" time="7.10487365722656e-05" />
    <testcase name="nil (237)" classname="spec_perl_TestSwitchManualEnumInvalid_t" time="5.38825988769531e-05" />
    <testcase name="Equals (238)" classname="spec_perl_TestSwitchManualEnumInvalid_t" time="0.000104188919067383" />
    <testcase name="nil (238)" classname="spec_perl_TestSwitchManualEnumInvalid_t" time="5.19752502441406e-05" />
  </testsuite>
  <testsuite name="spec_perl_TestExpr0_t" errors="0" failures="0" skipped="0" tests="2" time="0.0606341361999512">
    <system-out>1..2
ok 1 - Equals
ok 2 - Equals
</system-out>
    <testcase name="Equals (239)" classname="spec_perl_TestExpr0_t" time="0.000180959701538086" />
    <testcase name="Equals (240)" classname="spec_perl_TestExpr0_t" time="9.48905944824219e-05" />
  </testsuite>
  <testsuite name="spec_perl_TestStrEos_t" errors="0" failures="0" skipped="0" tests="1" time="0.0647599697113037">
    <system-out>1..1
ok 1 - Equals
</system-out>
    <testcase name="Equals (241)" classname="spec_perl_TestStrEos_t" time="0.000245094299316406" />
  </testsuite>
  <testsuite name="spec_perl_TestNestedSameName_t" errors="0" failures="0" skipped="0" tests="2" time="0.0607271194458008">
    <system-out>1..2
ok 1 - Equals
ok 2 - Equals
</system-out>
    <testcase name="Equals (242)" classname="spec_perl_TestNestedSameName_t" time="0.000216007232666016" />
    <testcase name="Equals (243)" classname="spec_perl_TestNestedSameName_t" time="0.000105142593383789" />
  </testsuite>
  <testsuite name="spec_perl_TestDefaultEndianExprIsBe_t" errors="0" failures="0" skipped="0" tests="18" time="0.0633459091186523">
    <system-out>1..18
ok 1 - Equals
ok 2 - Equals
ok 3 - Equals
ok 4 - Equals
ok 5 - Equals
ok 6 - Equals
ok 7 - Equals
ok 8 - Equals
ok 9 - Equals
ok 10 - Equals
ok 11 - Equals
ok 12 - Equals
ok 13 - Equals
ok 14 - Equals
ok 15 - Equals
ok 16 - Equals
ok 17 - Equals
ok 18 - Equals
</system-out>
    <testcase name="Equals (244)" classname="spec_perl_TestDefaultEndianExprIsBe_t" time="0.000279903411865234" />
    <testcase name="Equals (245)" classname="spec_perl_TestDefaultEndianExprIsBe_t" time="0.000102996826171875" />
    <testcase name="Equals (246)" classname="spec_perl_TestDefaultEndianExprIsBe_t" time="0.000119924545288086" />
    <testcase name="Equals (247)" classname="spec_perl_TestDefaultEndianExprIsBe_t" time="0.000114202499389648" />
    <testcase name="Equals (248)" classname="spec_perl_TestDefaultEndianExprIsBe_t" time="0.000111818313598633" />
    <testcase name="Equals (249)" classname="spec_perl_TestDefaultEndianExprIsBe_t" time="0.000128984451293945" />
    <testcase name="Equals (250)" classname="spec_perl_TestDefaultEndianExprIsBe_t" time="9.79900360107422e-05" />
    <testcase name="Equals (251)" classname="spec_perl_TestDefaultEndianExprIsBe_t" time="0.000100135803222656" />
    <testcase name="Equals (252)" classname="spec_perl_TestDefaultEndianExprIsBe_t" time="0.000104904174804688" />
    <testcase name="Equals (253)" classname="spec_perl_TestDefaultEndianExprIsBe_t" time="9.79900360107422e-05" />
    <testcase name="Equals (254)" classname="spec_perl_TestDefaultEndianExprIsBe_t" time="0.000116109848022461" />
    <testcase name="Equals (255)" classname="spec_perl_TestDefaultEndianExprIsBe_t" time="0.000112056732177734" />
    <testcase name="Equals (256)" classname="spec_perl_TestDefaultEndianExprIsBe_t" time="9.89437103271484e-05" />
    <testcase name="Equals (257)" classname="spec_perl_TestDefaultEndianExprIsBe_t" time="0.000100851058959961" />
    <testcase name="Equals (258)" classname="spec_perl_TestDefaultEndianExprIsBe_t" time="0.000105142593383789" />
    <testcase name="Equals (259)" classname="spec_perl_TestDefaultEndianExprIsBe_t" time="0.000101089477539062" />
    <testcase name="Equals (260)" classname="spec_perl_TestDefaultEndianExprIsBe_t" time="0.000108003616333008" />
    <testcase name="Equals (261)" classname="spec_perl_TestDefaultEndianExprIsBe_t" time="0.000113964080810547" />
  </testsuite>
  <testsuite name="spec_perl_TestStrEncodingsUtf16_t" errors="0" failures="0" skipped="0" tests="6" time="0.066957950592041">
    <system-out>1..6
ok 1 - Equals
ok 2 - Equals
ok 3 - Equals
ok 4 - Equals
ok 5 - Equals
ok 6 - Equals
</system-out>
    <testcase name="Equals (262)" classname="spec_perl_TestStrEncodingsUtf16_t" time="0.00134420394897461" />
    <testcase name="Equals (263)" classname="spec_perl_TestStrEncodingsUtf16_t" time="9.08374786376953e-05" />
    <testcase name="Equals (264)" classname="spec_perl_TestStrEncodingsUtf16_t" time="0.000107049942016602" />
    <testcase name="Equals (265)" classname="spec_perl_TestStrEncodingsUtf16_t" time="0.000103950500488281" />
    <testcase name="Equals (266)" classname="spec_perl_TestStrEncodingsUtf16_t" time="0.000101089477539062" />
    <testcase name="Equals (267)" classname="spec_perl_TestStrEncodingsUtf16_t" time="9.98973846435547e-05" />
  </testsuite>
  <testsuite name="spec_perl_TestEnumImport_t" errors="0" failures="2" skipped="0" tests="2" time="0.0625340938568115">
    <system-out>1..2
not ok 1 - Equals
not ok 2 - Equals
</system-out>
    <testcase name="Equals (268)" classname="spec_perl_TestEnumImport_t" time="0.000115871429443359">
      <failure message="not ok 1 - Equals" type="TAP::Parser::Result::Test"></failure>
    </testcase>
    <testcase name="Equals (269)" classname="spec_perl_TestEnumImport_t" time="4.00543212890625e-05">
      <failure message="not ok 2 - Equals" type="TAP::Parser::Result::Test"></failure>
    </testcase>
  </testsuite>
  <testsuite name="spec_perl_TestSwitchManualIntElse_t" errors="0" failures="0" skipped="0" tests="9" time="0.0662150382995605">
    <system-out>1..9
ok 1 - Equals
ok 2 - Equals
ok 3 - Equals
ok 4 - Equals
ok 5 - Equals
ok 6 - Equals
ok 7 - Equals
ok 8 - Equals
ok 9 - Equals
</system-out>
    <testcase name="Equals (270)" classname="spec_perl_TestSwitchManualIntElse_t" time="0.00026702880859375" />
    <testcase name="Equals (271)" classname="spec_perl_TestSwitchManualIntElse_t" time="8.91685485839844e-05" />
    <testcase name="Equals (272)" classname="spec_perl_TestSwitchManualIntElse_t" time="0.000114917755126953" />
    <testcase name="Equals (273)" classname="spec_perl_TestSwitchManualIntElse_t" time="0.000102043151855469" />
    <testcase name="Equals (274)" classname="spec_perl_TestSwitchManualIntElse_t" time="0.000102043151855469" />
    <testcase name="Equals (275)" classname="spec_perl_TestSwitchManualIntElse_t" time="9.89437103271484e-05" />
    <testcase name="Equals (276)" classname="spec_perl_TestSwitchManualIntElse_t" time="9.48905944824219e-05" />
    <testcase name="Equals (277)" classname="spec_perl_TestSwitchManualIntElse_t" time="0.000100135803222656" />
    <testcase name="Equals (278)" classname="spec_perl_TestSwitchManualIntElse_t" time="9.79900360107422e-05" />
  </testsuite>
  <testsuite name="spec_perl_TestProcessCoerceBytes_t" errors="0" failures="0" skipped="0" tests="4" time="0.0612838268280029">
    <system-out>1..4
ok 1 - Equals
ok 2 - Equals
ok 3 - Equals
ok 4 - Equals
</system-out>
    <testcase name="Equals (279)" classname="spec_perl_TestProcessCoerceBytes_t" time="0.000193119049072266" />
    <testcase name="Equals (280)" classname="spec_perl_TestProcessCoerceBytes_t" time="8.392333984375e-05" />
    <testcase name="Equals (281)" classname="spec_perl_TestProcessCoerceBytes_t" time="0.000105857849121094" />
    <testcase name="Equals (282)" classname="spec_perl_TestProcessCoerceBytes_t" time="0.000102043151855469" />
  </testsuite>
  <testsuite name="spec_perl_TestEosExceptionBytes_t" errors="0" failures="0" skipped="0" tests="1" time="0.0623888969421387">
    <system-out>1..1
ok 1 - threw /^Requested \d+ bytes, but only \d+ bytes available/
</system-out>
    <testcase name="threw /^Requested \d+ bytes, but only \d+ bytes available/ (282)" classname="spec_perl_TestEosExceptionBytes_t" time="0.000413894653320312" />
  </testsuite>
  <testsuite name="spec_perl_TestProcessXorConst_t" errors="0" failures="0" skipped="0" tests="2" time="0.0605418682098389">
    <system-out>1..2
ok 1 - Equals
ok 2 - Equals
</system-out>
    <testcase name="Equals (283)" classname="spec_perl_TestProcessXorConst_t" time="0.00023198127746582" />
    <testcase name="Equals (284)" classname="spec_perl_TestProcessXorConst_t" time="8.89301300048828e-05" />
  </testsuite>
  <testsuite name="spec_perl_TestEnumDeepLiterals_t" errors="0" failures="0" skipped="0" tests="2" time="0.0607168674468994">
    <system-out>1..2
ok 1 - Equals
ok 2 - Equals
</system-out>
    <testcase name="Equals (285)" classname="spec_perl_TestEnumDeepLiterals_t" time="0.000205039978027344" />
    <testcase name="Equals (286)" classname="spec_perl_TestEnumDeepLiterals_t" time="7.48634338378906e-05" />
  </testsuite>
  <testsuite name="spec_perl_TestInstanceStdArray_t" errors="0" failures="0" skipped="0" tests="7" time="0.0615689754486084">
    <system-out>1..7
ok 1 - Equals
ok 2 - Equals
ok 3 - Equals
ok 4 - Equals
ok 5 - Equals
ok 6 - Equals
ok 7 - Equals
</system-out>
    <testcase name="Equals (287)" classname="spec_perl_TestInstanceStdArray_t" time="0.000205039978027344" />
    <testcase name="Equals (288)" classname="spec_perl_TestInstanceStdArray_t" time="8.392333984375e-05" />
    <testcase name="Equals (289)" classname="spec_perl_TestInstanceStdArray_t" time="0.000102996826171875" />
    <testcase name="Equals (290)" classname="spec_perl_TestInstanceStdArray_t" time="0.000131130218505859" />
    <testcase name="Equals (291)" classname="spec_perl_TestInstanceStdArray_t" time="9.79900360107422e-05" />
    <testcase name="Equals (292)" classname="spec_perl_TestInstanceStdArray_t" time="9.98973846435547e-05" />
    <testcase name="Equals (293)" classname="spec_perl_TestInstanceStdArray_t" time="9.89437103271484e-05" />
  </testsuite>
  <testsuite name="spec_perl_TestExprBytesCmp_t" errors="0" failures="0" skipped="0" tests="10" time="0.0617668628692627">
    <system-out>1..10
ok 1 - Equals
ok 2 - Equals
ok 3 - Equals
ok 4 - Equals
ok 5 - Equals
ok 6 - Equals
ok 7 - Equals
ok 8 - Equals
ok 9 - Equals
ok 10 - Equals
</system-out>
    <testcase name="Equals (294)" classname="spec_perl_TestExprBytesCmp_t" time="0.000180959701538086" />
    <testcase name="Equals (295)" classname="spec_perl_TestExprBytesCmp_t" time="8.08238983154297e-05" />
    <testcase name="Equals (296)" classname="spec_perl_TestExprBytesCmp_t" time="0.000104188919067383" />
    <testcase name="Equals (297)" classname="spec_perl_TestExprBytesCmp_t" time="9.20295715332031e-05" />
    <testcase name="Equals (298)" classname="spec_perl_TestExprBytesCmp_t" time="8.98838043212891e-05" />
    <testcase name="Equals (299)" classname="spec_perl_TestExprBytesCmp_t" time="8.89301300048828e-05" />
    <testcase name="Equals (300)" classname="spec_perl_TestExprBytesCmp_t" time="8.51154327392578e-05" />
    <testcase name="Equals (301)" classname="spec_perl_TestExprBytesCmp_t" time="8.48770141601562e-05" />
    <testcase name="Equals (302)" classname="spec_perl_TestExprBytesCmp_t" time="8.79764556884766e-05" />
    <testcase name="Equals (303)" classname="spec_perl_TestExprBytesCmp_t" time="9.79900360107422e-05" />
  </testsuite>
  <testsuite name="spec_perl_TestYamlInts_t" errors="0" failures="0" skipped="0" tests="4" time="0.0617890357971191">
    <system-out>1..4
ok 1 - Equals
ok 2 - Equals
ok 3 - Equals
ok 4 - Equals
</system-out>
    <testcase name="Equals (304)" classname="spec_perl_TestYamlInts_t" time="0.000174045562744141" />
    <testcase name="Equals (305)" classname="spec_perl_TestYamlInts_t" time="8.20159912109375e-05" />
    <testcase name="Equals (306)" classname="spec_perl_TestYamlInts_t" time="0.000108957290649414" />
    <testcase name="Equals (307)" classname="spec_perl_TestYamlInts_t" time="0.000107049942016602" />
  </testsuite>
  <testsuite name="spec_perl_TestExpr3_t" errors="0" failures="0" skipped="0" tests="12" time="0.0664808750152588">
    <system-out>1..12
ok 1 - Equals
ok 2 - Equals
ok 3 - Equals
ok 4 - Equals
ok 5 - Equals
ok 6 - Equals
ok 7 - Equals
ok 8 - Equals
ok 9 - Equals
ok 10 - Equals
ok 11 - Equals
ok 12 - Equals
</system-out>
    <testcase name="Equals (308)" classname="spec_perl_TestExpr3_t" time="0.000200986862182617" />
    <testcase name="Equals (309)" classname="spec_perl_TestExpr3_t" time="8.10623168945312e-05" />
    <testcase name="Equals (310)" classname="spec_perl_TestExpr3_t" time="0.000108957290649414" />
    <testcase name="Equals (311)" classname="spec_perl_TestExpr3_t" time="0.000101089477539062" />
    <testcase name="Equals (312)" classname="spec_perl_TestExpr3_t" time="9.10758972167969e-05" />
    <testcase name="Equals (313)" classname="spec_perl_TestExpr3_t" time="8.79764556884766e-05" />
    <testcase name="Equals (314)" classname="spec_perl_TestExpr3_t" time="8.89301300048828e-05" />
    <testcase name="Equals (315)" classname="spec_perl_TestExpr3_t" time="8.0108642578125e-05" />
    <testcase name="Equals (316)" classname="spec_perl_TestExpr3_t" time="8.89301300048828e-05" />
    <testcase name="Equals (317)" classname="spec_perl_TestExpr3_t" time="7.98702239990234e-05" />
    <testcase name="Equals (318)" classname="spec_perl_TestExpr3_t" time="0.000115156173706055" />
    <testcase name="Equals (319)" classname="spec_perl_TestExpr3_t" time="0.000102996826171875" />
  </testsuite>
  <testsuite name="spec_perl_TestSwitchManualIntSizeElse_t" errors="0" failures="0" skipped="0" tests="10" time="0.0668361186981201">
    <system-out>1..10
ok 1 - Equals
ok 2 - Equals
ok 3 - Equals
ok 4 - Equals
ok 5 - Equals
ok 6 - Equals
ok 7 - Equals
ok 8 - Equals
ok 9 - Equals
ok 10 - Equals
</system-out>
    <testcase name="Equals (320)" classname="spec_perl_TestSwitchManualIntSizeElse_t" time="0.000628948211669922" />
    <testcase name="Equals (321)" classname="spec_perl_TestSwitchManualIntSizeElse_t" time="8.51154327392578e-05" />
    <testcase name="Equals (322)" classname="spec_perl_TestSwitchManualIntSizeElse_t" time="0.000108003616333008" />
    <testcase name="Equals (323)" classname="spec_perl_TestSwitchManualIntSizeElse_t" time="0.00010991096496582" />
    <testcase name="Equals (324)" classname="spec_perl_TestSwitchManualIntSizeElse_t" time="0.000102996826171875" />
    <testcase name="Equals (325)" classname="spec_perl_TestSwitchManualIntSizeElse_t" time="0.000123023986816406" />
    <testcase name="Equals (326)" classname="spec_perl_TestSwitchManualIntSizeElse_t" time="0.000112056732177734" />
    <testcase name="Equals (327)" classname="spec_perl_TestSwitchManualIntSizeElse_t" time="0.000108003616333008" />
    <testcase name="Equals (328)" classname="spec_perl_TestSwitchManualIntSizeElse_t" time="0.000108003616333008" />
    <testcase name="Equals (329)" classname="spec_perl_TestSwitchManualIntSizeElse_t" time="9.29832458496094e-05" />
  </testsuite>
  <testsuite name="spec_perl_TestParamsPassArrayInt_t" errors="0" failures="1" skipped="6" tests="7" time="0.0621449947357178">
    <system-out>1..7
not ok 1 - test_params_pass_array_int died (Can't use an undefined value as an ARRAY reference at spec/perl/TestParamsPassArrayInt.t line 14.)
ok 2 # skip test_params_pass_array_int died
ok 3 # skip test_params_pass_array_int died
ok 4 # skip test_params_pass_array_int died
ok 5 # skip test_params_pass_array_int died
ok 6 # skip test_params_pass_array_int died
ok 7 # skip test_params_pass_array_int died
</system-out>
    <testcase name="test_params_pass_array_int died (Can't use an undefined value as an ARRAY reference at spec/perl/TestParamsPassArrayInt.t line 14.) (329)" classname="spec_perl_TestParamsPassArrayInt_t" time="0.000236034393310547">
      <failure message="not ok 1 - test_params_pass_array_int died (Can't use an undefined value as an ARRAY reference at spec/perl/TestParamsPassArrayInt.t line 14.)" type="TAP::Parser::Result::Test"></failure>
    </testcase>
    <testcase name="Unnamed test case 329" classname="spec_perl_TestParamsPassArrayInt_t" time="0.00113582611083984">
      <skipped message="ok 2 # skip test_params_pass_array_int died" />
    </testcase>
    <testcase name="Unnamed test case 330" classname="spec_perl_TestParamsPassArrayInt_t" time="5.81741333007812e-05">
      <skipped message="ok 3 # skip test_params_pass_array_int died" />
    </testcase>
    <testcase name="Unnamed test case 331" classname="spec_perl_TestParamsPassArrayInt_t" time="3.60012054443359e-05">
      <skipped message="ok 4 # skip test_params_pass_array_int died" />
    </testcase>
    <testcase name="Unnamed test case 332" classname="spec_perl_TestParamsPassArrayInt_t" time="3.09944152832031e-05">
      <skipped message="ok 5 # skip test_params_pass_array_int died" />
    </testcase>
    <testcase name="Unnamed test case 333" classname="spec_perl_TestParamsPassArrayInt_t" time="3.09944152832031e-05">
      <skipped message="ok 6 # skip test_params_pass_array_int died" />
    </testcase>
    <testcase name="Unnamed test case 334" classname="spec_perl_TestParamsPassArrayInt_t" time="3.69548797607422e-05">
      <skipped message="ok 7 # skip test_params_pass_array_int died" />
    </testcase>
  </testsuite>
  <testsuite name="spec_perl_TestProcessCustom_t" errors="1" failures="0" skipped="0" tests="0" time="0.0590400695800781">
    <system-out></system-out>
    <testcase name="Test died too soon, even before plan. (334)" classname="spec_perl_TestProcessCustom_t" time="0.0590400695800781">
      <failure message="The test suite died before a plan was produced. You need to have a plan." type="Plan">No plan</failure>
    </testcase>
  </testsuite>
  <testsuite name="spec_perl_TestPositionAbs_t" errors="0" failures="0" skipped="0" tests="2" time="0.0651679039001465">
    <system-out>1..2
ok 1 - Equals
ok 2 - Equals
</system-out>
    <testcase name="Equals (334)" classname="spec_perl_TestPositionAbs_t" time="0.000216007232666016" />
    <testcase name="Equals (335)" classname="spec_perl_TestPositionAbs_t" time="0.000177145004272461" />
  </testsuite>
  <testsuite name="spec_perl_TestSwitchManualStrElse_t" errors="0" failures="0" skipped="0" tests="9" time="0.0662639141082764">
    <system-out>1..9
ok 1 - Equals
ok 2 - Equals
ok 3 - Equals
ok 4 - Equals
ok 5 - Equals
ok 6 - Equals
ok 7 - Equals
ok 8 - Equals
ok 9 - Equals
</system-out>
    <testcase name="Equals (336)" classname="spec_perl_TestSwitchManualStrElse_t" time="0.000262975692749023" />
    <testcase name="Equals (337)" classname="spec_perl_TestSwitchManualStrElse_t" time="8.10623168945312e-05" />
    <testcase name="Equals (338)" classname="spec_perl_TestSwitchManualStrElse_t" time="0.000113964080810547" />
    <testcase name="Equals (339)" classname="spec_perl_TestSwitchManualStrElse_t" time="0.000113964080810547" />
    <testcase name="Equals (340)" classname="spec_perl_TestSwitchManualStrElse_t" time="9.10758972167969e-05" />
    <testcase name="Equals (341)" classname="spec_perl_TestSwitchManualStrElse_t" time="9.98973846435547e-05" />
    <testcase name="Equals (342)" classname="spec_perl_TestSwitchManualStrElse_t" time="0.000100135803222656" />
    <testcase name="Equals (343)" classname="spec_perl_TestSwitchManualStrElse_t" time="0.00010991096496582" />
    <testcase name="Equals (344)" classname="spec_perl_TestSwitchManualStrElse_t" time="9.29832458496094e-05" />
  </testsuite>
  <testsuite name="spec_perl_TestFloatingPoints_t" errors="0" failures="0" skipped="0" tests="8" time="0.0602278709411621">
    <system-out>1..8
ok 1 - Approx equals
ok 2 - Approx equals
ok 3 - Approx equals
ok 4 - Approx equals
ok 5 - Approx equals
ok 6 - Approx equals
ok 7 - Approx equals
ok 8 - Approx equals
</system-out>
    <testcase name="Approx equals (344)" classname="spec_perl_TestFloatingPoints_t" time="0.000123977661132812" />
    <testcase name="Approx equals (345)" classname="spec_perl_TestFloatingPoints_t" time="3.91006469726562e-05" />
    <testcase name="Approx equals (346)" classname="spec_perl_TestFloatingPoints_t" time="3.88622283935547e-05" />
    <testcase name="Approx equals (347)" classname="spec_perl_TestFloatingPoints_t" time="2.81333923339844e-05" />
    <testcase name="Approx equals (348)" classname="spec_perl_TestFloatingPoints_t" time="2.78949737548828e-05" />
    <testcase name="Approx equals (349)" classname="spec_perl_TestFloatingPoints_t" time="4.10079956054688e-05" />
    <testcase name="Approx equals (350)" classname="spec_perl_TestFloatingPoints_t" time="2.81333923339844e-05" />
    <testcase name="Approx equals (351)" classname="spec_perl_TestFloatingPoints_t" time="3.09944152832031e-05" />
  </testsuite>
  <testsuite name="spec_perl_TestBitsByteAligned_t" errors="0" failures="0" skipped="0" tests="9" time="0.0627100467681885">
    <system-out>1..9
ok 1 - Equals
ok 2 - Equals
ok 3 - Equals
ok 4 - Equals
ok 5 - Equals
ok 6 - Equals
ok 7 - Equals
ok 8 - Equals
ok 9 - Equals
</system-out>
    <testcase name="Equals (351)" classname="spec_perl_TestBitsByteAligned_t" time="0.00010991096496582" />
    <testcase name="Equals (352)" classname="spec_perl_TestBitsByteAligned_t" time="3.91006469726562e-05" />
    <testcase name="Equals (353)" classname="spec_perl_TestBitsByteAligned_t" time="3.09944152832031e-05" />
    <testcase name="Equals (354)" classname="spec_perl_TestBitsByteAligned_t" time="2.78949737548828e-05" />
    <testcase name="Equals (355)" classname="spec_perl_TestBitsByteAligned_t" time="3.00407409667969e-05" />
    <testcase name="Equals (356)" classname="spec_perl_TestBitsByteAligned_t" time="2.69412994384766e-05" />
    <testcase name="Equals (357)" classname="spec_perl_TestBitsByteAligned_t" time="2.71797180175781e-05" />
    <testcase name="Equals (358)" classname="spec_perl_TestBitsByteAligned_t" time="2.50339508056641e-05" />
    <testcase name="Equals (359)" classname="spec_perl_TestBitsByteAligned_t" time="2.59876251220703e-05" />
  </testsuite>
  <testsuite name="spec_perl_TestMetaXref_t" errors="0" failures="0" skipped="1" tests="1" time="0.0615189075469971">
    <system-out>1..1
ok 1 # skip MetaXref=HASH(0x5576ccbb84d0)
</system-out>
    <testcase name="Unnamed test case 359" classname="spec_perl_TestMetaXref_t" time="0.00111818313598633">
      <skipped message="ok 1 # skip MetaXref=HASH(0x5576ccbb84d0)" />
    </testcase>
  </testsuite>
  <testsuite name="spec_perl_TestTermStrz_t" errors="0" failures="0" skipped="0" tests="3" time="0.0648410320281982">
    <system-out>1..3
ok 1 - Equals
ok 2 - Equals
ok 3 - Equals
</system-out>
    <testcase name="Equals (360)" classname="spec_perl_TestTermStrz_t" time="0.000247955322265625" />
    <testcase name="Equals (361)" classname="spec_perl_TestTermStrz_t" time="8.48770141601562e-05" />
    <testcase name="Equals (362)" classname="spec_perl_TestTermStrz_t" time="0.000107049942016602" />
  </testsuite>
  <testsuite name="spec_perl_TestNestedTypes3_t" errors="0" failures="0" skipped="0" tests="5" time="0.0615179538726807">
    <system-out>1..5
ok 1 - Equals
ok 2 - Equals
ok 3 - Equals
ok 4 - Equals
ok 5 - Equals
</system-out>
    <testcase name="Equals (363)" classname="spec_perl_TestNestedTypes3_t" time="0.000209808349609375" />
    <testcase name="Equals (364)" classname="spec_perl_TestNestedTypes3_t" time="9.10758972167969e-05" />
    <testcase name="Equals (365)" classname="spec_perl_TestNestedTypes3_t" time="0.000102043151855469" />
    <testcase name="Equals (366)" classname="spec_perl_TestNestedTypes3_t" time="0.000100851058959961" />
    <testcase name="Equals (367)" classname="spec_perl_TestNestedTypes3_t" time="0.000101089477539062" />
  </testsuite>
  <testsuite name="spec_perl_TestParamsPassArrayUsertype_t" errors="0" failures="1" skipped="4" tests="5" time="0.0652508735656738">
    <system-out>1..5
not ok 1 - test_params_pass_array_usertype died (Can't use an undefined value as an ARRAY reference at compiled/perl/ParamsPassArrayUsertype.pm line 123.)
ok 2 # skip test_params_pass_array_usertype died
ok 3 # skip test_params_pass_array_usertype died
ok 4 # skip test_params_pass_array_usertype died
ok 5 # skip test_params_pass_array_usertype died
</system-out>
    <testcase name="test_params_pass_array_usertype died (Can't use an undefined value as an ARRAY reference at compiled/perl/ParamsPassArrayUsertype.pm line 123.) (367)" classname="spec_perl_TestParamsPassArrayUsertype_t" time="0.000244855880737305">
      <failure message="not ok 1 - test_params_pass_array_usertype died (Can't use an undefined value as an ARRAY reference at compiled/perl/ParamsPassArrayUsertype.pm line 123.)" type="TAP::Parser::Result::Test"></failure>
    </testcase>
    <testcase name="Unnamed test case 367" classname="spec_perl_TestParamsPassArrayUsertype_t" time="0.000689029693603516">
      <skipped message="ok 2 # skip test_params_pass_array_usertype died" />
    </testcase>
    <testcase name="Unnamed test case 368" classname="spec_perl_TestParamsPassArrayUsertype_t" time="0.000837087631225586">
      <skipped message="ok 3 # skip test_params_pass_array_usertype died" />
    </testcase>
    <testcase name="Unnamed test case 369" classname="spec_perl_TestParamsPassArrayUsertype_t" time="4.79221343994141e-05">
      <skipped message="ok 4 # skip test_params_pass_array_usertype died" />
    </testcase>
    <testcase name="Unnamed test case 370" classname="spec_perl_TestParamsPassArrayUsertype_t" time="3.19480895996094e-05">
      <skipped message="ok 5 # skip test_params_pass_array_usertype died" />
    </testcase>
  </testsuite>
  <testsuite name="spec_perl_TestTypeTernary_t" errors="0" failures="0" skipped="0" tests="1" time="0.0604729652404785">
    <system-out>1..1
ok 1 - Equals
</system-out>
    <testcase name="Equals (370)" classname="spec_perl_TestTypeTernary_t" time="0.000499963760375977" />
  </testsuite>
  <testsuite name="spec_perl_TestCastToTop_t" errors="0" failures="0" skipped="0" tests="3" time="0.06113600730896">
    <system-out>1..3
ok 1 - Equals
ok 2 - Equals
ok 3 - Equals
</system-out>
    <testcase name="Equals (371)" classname="spec_perl_TestCastToTop_t" time="0.000192165374755859" />
    <testcase name="Equals (372)" classname="spec_perl_TestCastToTop_t" time="9.08374786376953e-05" />
    <testcase name="Equals (373)" classname="spec_perl_TestCastToTop_t" time="0.000102043151855469" />
  </testsuite>
  <testsuite name="spec_perl_TestExpr2_t" errors="0" failures="0" skipped="0" tests="17" time="0.0680861473083496">
    <system-out>1..17
ok 1 - Equals
ok 2 - Equals
ok 3 - Equals
ok 4 - Equals
ok 5 - Equals
ok 6 - Equals
ok 7 - Equals
ok 8 - Equals
ok 9 - Equals
ok 10 - Equals
ok 11 - Equals
ok 12 - Equals
ok 13 - Equals
ok 14 - Equals
ok 15 - Equals
ok 16 - Equals
ok 17 - Equals
</system-out>
    <testcase name="Equals (374)" classname="spec_perl_TestExpr2_t" time="0.000589847564697266" />
    <testcase name="Equals (375)" classname="spec_perl_TestExpr2_t" time="9.20295715332031e-05" />
    <testcase name="Equals (376)" classname="spec_perl_TestExpr2_t" time="0.000118017196655273" />
    <testcase name="Equals (377)" classname="spec_perl_TestExpr2_t" time="0.000108003616333008" />
    <testcase name="Equals (378)" classname="spec_perl_TestExpr2_t" time="0.000102996826171875" />
    <testcase name="Equals (379)" classname="spec_perl_TestExpr2_t" time="0.000108003616333008" />
    <testcase name="Equals (380)" classname="spec_perl_TestExpr2_t" time="0.000111103057861328" />
    <testcase name="Equals (381)" classname="spec_perl_TestExpr2_t" time="0.000133991241455078" />
    <testcase name="Equals (382)" classname="spec_perl_TestExpr2_t" time="0.000124931335449219" />
    <testcase name="Equals (383)" classname="spec_perl_TestExpr2_t" time="9.20295715332031e-05" />
    <testcase name="Equals (384)" classname="spec_perl_TestExpr2_t" time="0.000102996826171875" />
    <testcase name="Equals (385)" classname="spec_perl_TestExpr2_t" time="9.20295715332031e-05" />
    <testcase name="Equals (386)" classname="spec_perl_TestExpr2_t" time="0.000103950500488281" />
    <testcase name="Equals (387)" classname="spec_perl_TestExpr2_t" time="0.000118017196655273" />
    <testcase name="Equals (388)" classname="spec_perl_TestExpr2_t" time="9.98973846435547e-05" />
    <testcase name="Equals (389)" classname="spec_perl_TestExpr2_t" time="0.000101089477539062" />
    <testcase name="Equals (390)" classname="spec_perl_TestExpr2_t" time="9.39369201660156e-05" />
  </testsuite>
  <testsuite name="spec_perl_TestValidOptionalId_t" errors="1" failures="0" skipped="0" tests="0" time="0.0581967830657959">
    <system-out></system-out>
    <testcase name="Test died too soon, even before plan. (390)" classname="spec_perl_TestValidOptionalId_t" time="0.0581967830657959">
      <failure message="The test suite died before a plan was produced. You need to have a plan." type="Plan">No plan</failure>
    </testcase>
  </testsuite>
  <testsuite name="spec_perl_TestInstanceUserArray_t" errors="0" failures="0" skipped="0" tests="10" time="0.0622100830078125">
    <system-out>1..10
ok 1 - Equals
ok 2 - Equals
ok 3 - Equals
ok 4 - Equals
ok 5 - Equals
ok 6 - Equals
ok 7 - Equals
ok 8 - Equals
ok 9 - Equals
ok 10 - Equals
</system-out>
    <testcase name="Equals (391)" classname="spec_perl_TestInstanceUserArray_t" time="0.000185966491699219" />
    <testcase name="Equals (392)" classname="spec_perl_TestInstanceUserArray_t" time="7.89165496826172e-05" />
    <testcase name="Equals (393)" classname="spec_perl_TestInstanceUserArray_t" time="0.000116109848022461" />
    <testcase name="Equals (394)" classname="spec_perl_TestInstanceUserArray_t" time="0.000458955764770508" />
    <testcase name="Equals (395)" classname="spec_perl_TestInstanceUserArray_t" time="0.000113010406494141" />
    <testcase name="Equals (396)" classname="spec_perl_TestInstanceUserArray_t" time="0.000107049942016602" />
    <testcase name="Equals (397)" classname="spec_perl_TestInstanceUserArray_t" time="0.000108957290649414" />
    <testcase name="Equals (398)" classname="spec_perl_TestInstanceUserArray_t" time="0.000100135803222656" />
    <testcase name="Equals (399)" classname="spec_perl_TestInstanceUserArray_t" time="9.79900360107422e-05" />
    <testcase name="Equals (400)" classname="spec_perl_TestInstanceUserArray_t" time="9.98973846435547e-05" />
  </testsuite>
  <testsuite name="spec_perl_TestProcessCoerceSwitch_t" errors="0" failures="0" skipped="0" tests="3" time="0.0615270137786865">
    <system-out>1..3
ok 1 - Equals
ok 2 - Equals
ok 3 - Equals
</system-out>
    <testcase name="Equals (401)" classname="spec_perl_TestProcessCoerceSwitch_t" time="0.000465154647827148" />
    <testcase name="Equals (402)" classname="spec_perl_TestProcessCoerceSwitch_t" time="0.000102996826171875" />
    <testcase name="Equals (403)" classname="spec_perl_TestProcessCoerceSwitch_t" time="9.39369201660156e-05" />
  </testsuite>
  <testsuite name="spec_perl_TestExprBytesOps_t" errors="0" failures="0" skipped="0" tests="16" time="0.0628118515014648">
    <system-out>1..16
ok 1 - Equals
ok 2 - Equals
ok 3 - Equals
ok 4 - Equals
ok 5 - Equals
ok 6 - Equals
ok 7 - Equals
ok 8 - Equals
ok 9 - Equals
ok 10 - Equals
ok 11 - Equals
ok 12 - Equals
ok 13 - Equals
ok 14 - Equals
ok 15 - Equals
ok 16 - Equals
</system-out>
    <testcase name="Equals (404)" classname="spec_perl_TestExprBytesOps_t" time="0.000198841094970703" />
    <testcase name="Equals (405)" classname="spec_perl_TestExprBytesOps_t" time="9.20295715332031e-05" />
    <testcase name="Equals (406)" classname="spec_perl_TestExprBytesOps_t" time="0.000106096267700195" />
    <testcase name="Equals (407)" classname="spec_perl_TestExprBytesOps_t" time="0.000115871429443359" />
    <testcase name="Equals (408)" classname="spec_perl_TestExprBytesOps_t" time="9.60826873779297e-05" />
    <testcase name="Equals (409)" classname="spec_perl_TestExprBytesOps_t" time="9.98973846435547e-05" />
    <testcase name="Equals (410)" classname="spec_perl_TestExprBytesOps_t" time="0.000101089477539062" />
    <testcase name="Equals (411)" classname="spec_perl_TestExprBytesOps_t" time="9.60826873779297e-05" />
    <testcase name="Equals (412)" classname="spec_perl_TestExprBytesOps_t" time="0.0001068115234375" />
    <testcase name="Equals (413)" classname="spec_perl_TestExprBytesOps_t" time="9.60826873779297e-05" />
    <testcase name="Equals (414)" classname="spec_perl_TestExprBytesOps_t" time="0.000103950500488281" />
    <testcase name="Equals (415)" classname="spec_perl_TestExprBytesOps_t" time="9.60826873779297e-05" />
    <testcase name="Equals (416)" classname="spec_perl_TestExprBytesOps_t" time="9.98973846435547e-05" />
    <testcase name="Equals (417)" classname="spec_perl_TestExprBytesOps_t" time="0.000100135803222656" />
    <testcase name="Equals (418)" classname="spec_perl_TestExprBytesOps_t" time="0.000108003616333008" />
    <testcase name="Equals (419)" classname="spec_perl_TestExprBytesOps_t" time="9.39369201660156e-05" />
  </testsuite>
  <testsuite name="spec_perl_TestEnumInvalid_t" errors="0" failures="0" skipped="0" tests="2" time="0.0613391399383545">
    <system-out>1..2
ok 1 - Equals
ok 2 - Equals
</system-out>
    <testcase name="Equals (420)" classname="spec_perl_TestEnumInvalid_t" time="0.000181913375854492" />
    <testcase name="Equals (421)" classname="spec_perl_TestEnumInvalid_t" time="8.82148742675781e-05" />
  </testsuite>
  <testsuite name="spec_perl_TestExprBytesNonLiteral_t" errors="0" failures="0" skipped="0" tests="3" time="0.0611598491668701">
    <system-out>1..3
ok 1 - Equals
ok 2 - Equals
ok 3 - Equals
</system-out>
    <testcase name="Equals (422)" classname="spec_perl_TestExprBytesNonLiteral_t" time="0.000169992446899414" />
    <testcase name="Equals (423)" classname="spec_perl_TestExprBytesNonLiteral_t" time="8.51154327392578e-05" />
    <testcase name="Equals (424)" classname="spec_perl_TestExprBytesNonLiteral_t" time="0.000124931335449219" />
  </testsuite>
  <testsuite name="spec_perl_TestOpaqueExternalType_t" errors="0" failures="0" skipped="0" tests="3" time="0.0654611587524414">
    <system-out>1..3
ok 1 - Equals
ok 2 - Equals
ok 3 - Equals
</system-out>
    <testcase name="Equals (425)" classname="spec_perl_TestOpaqueExternalType_t" time="0.000285863876342773" />
    <testcase name="Equals (426)" classname="spec_perl_TestOpaqueExternalType_t" time="0.000101089477539062" />
    <testcase name="Equals (427)" classname="spec_perl_TestOpaqueExternalType_t" time="0.000108003616333008" />
  </testsuite>
  <testsuite name="spec_perl_TestNestedTypeParam_t" errors="0" failures="2" skipped="0" tests="2" time="0.0669200420379639">
    <system-out>1..2
not ok 1 - Equals
not ok 2 - Equals
</system-out>
    <testcase name="Equals (428)" classname="spec_perl_TestNestedTypeParam_t" time="0.00101780891418457">
      <failure message="not ok 1 - Equals" type="TAP::Parser::Result::Test"></failure>
    </testcase>
    <testcase name="Equals (429)" classname="spec_perl_TestNestedTypeParam_t" time="5.00679016113281e-05">
      <failure message="not ok 2 - Equals" type="TAP::Parser::Result::Test"></failure>
    </testcase>
  </testsuite>
  <testsuite name="spec_perl_TestNestedSameName2_t" errors="0" failures="0" skipped="0" tests="5" time="0.0621049404144287">
    <system-out>1..5
ok 1 - Equals
ok 2 - Equals
ok 3 - Equals
ok 4 - Equals
ok 5 - Equals
</system-out>
    <testcase name="Equals (430)" classname="spec_perl_TestNestedSameName2_t" time="0.00021815299987793" />
    <testcase name="Equals (431)" classname="spec_perl_TestNestedSameName2_t" time="9.48905944824219e-05" />
    <testcase name="Equals (432)" classname="spec_perl_TestNestedSameName2_t" time="0.000118017196655273" />
    <testcase name="Equals (433)" classname="spec_perl_TestNestedSameName2_t" time="9.70363616943359e-05" />
    <testcase name="Equals (434)" classname="spec_perl_TestNestedSameName2_t" time="0.000102043151855469" />
  </testsuite>
  <testsuite name="spec_perl_TestEnumIntRangeU_t" errors="0" failures="0" skipped="0" tests="2" time="0.0610058307647705">
    <system-out>1..2
ok 1 - Equals
ok 2 - Equals
</system-out>
    <testcase name="Equals (435)" classname="spec_perl_TestEnumIntRangeU_t" time="0.000222921371459961" />
    <testcase name="Equals (436)" classname="spec_perl_TestEnumIntRangeU_t" time="8.70227813720703e-05" />
  </testsuite>
  <testsuite name="spec_perl_TestImports0_t" errors="0" failures="0" skipped="0" tests="3" time="0.0609180927276611">
    <system-out>1..3
ok 1 - Equals
ok 2 - Equals
ok 3 - Equals
</system-out>
    <testcase name="Equals (437)" classname="spec_perl_TestImports0_t" time="0.000396013259887695" />
    <testcase name="Equals (438)" classname="spec_perl_TestImports0_t" time="4.50611114501953e-05" />
    <testcase name="Equals (439)" classname="spec_perl_TestImports0_t" time="4.29153442382812e-05" />
  </testsuite>
  <testsuite name="spec_perl_TestOpaqueExternalType02Parent_t" errors="0" failures="0" skipped="0" tests="3" time="0.0657870769500732">
    <system-out>1..3
ok 1 - Equals
ok 2 - Equals
ok 3 - Equals
</system-out>
    <testcase name="Equals (440)" classname="spec_perl_TestOpaqueExternalType02Parent_t" time="0.000343084335327148" />
    <testcase name="Equals (441)" classname="spec_perl_TestOpaqueExternalType02Parent_t" time="8.20159912109375e-05" />
    <testcase name="Equals (442)" classname="spec_perl_TestOpaqueExternalType02Parent_t" time="0.000120878219604492" />
  </testsuite>
  <testsuite name="spec_perl_TestDocstrings_t" errors="0" failures="0" skipped="1" tests="1" time="0.0613269805908203">
    <system-out>1..1
ok 1 # skip Docstrings=HASH(0x55c65dbe3f28)
</system-out>
    <testcase name="Unnamed test case 442" classname="spec_perl_TestDocstrings_t" time="0.00112199783325195">
      <skipped message="ok 1 # skip Docstrings=HASH(0x55c65dbe3f28)" />
    </testcase>
  </testsuite>
  <testsuite name="spec_perl_TestParamsCallShort_t" errors="0" failures="3" skipped="0" tests="3" time="0.0669150352478027">
    <system-out>1..3
not ok 1 - Equals
not ok 2 - Equals
not ok 3 - Equals
</system-out>
    <testcase name="Equals (443)" classname="spec_perl_TestParamsCallShort_t" time="0.00123405456542969">
      <failure message="not ok 1 - Equals" type="TAP::Parser::Result::Test"></failure>
    </testcase>
    <testcase name="Equals (444)" classname="spec_perl_TestParamsCallShort_t" time="6.00814819335938e-05">
      <failure message="not ok 2 - Equals" type="TAP::Parser::Result::Test"></failure>
    </testcase>
    <testcase name="Equals (445)" classname="spec_perl_TestParamsCallShort_t" time="3.00407409667969e-05">
      <failure message="not ok 3 - Equals" type="TAP::Parser::Result::Test"></failure>
    </testcase>
  </testsuite>
  <testsuite name="spec_perl_TestExprArray_t" errors="0" failures="0" skipped="0" tests="15" time="0.0670778751373291">
    <system-out>1..15
ok 1 - Equals
ok 2 - Equals
ok 3 - Equals
ok 4 - Equals
ok 5 - Equals
ok 6 - Equals
ok 7 - Approx equals
ok 8 - Approx equals
ok 9 - Approx equals
ok 10 - Approx equals
ok 11 - Equals
ok 12 - Equals
ok 13 - Equals
ok 14 - Equals
ok 15 - Equals
</system-out>
    <testcase name="Equals (446)" classname="spec_perl_TestExprArray_t" time="0.000290870666503906" />
    <testcase name="Equals (447)" classname="spec_perl_TestExprArray_t" time="9.32216644287109e-05" />
    <testcase name="Equals (448)" classname="spec_perl_TestExprArray_t" time="0.0001068115234375" />
    <testcase name="Equals (449)" classname="spec_perl_TestExprArray_t" time="0.000105142593383789" />
    <testcase name="Equals (450)" classname="spec_perl_TestExprArray_t" time="0.000102996826171875" />
    <testcase name="Equals (451)" classname="spec_perl_TestExprArray_t" time="0.000102996826171875" />
    <testcase name="Approx equals (451)" classname="spec_perl_TestExprArray_t" time="5.88893890380859e-05" />
    <testcase name="Approx equals (452)" classname="spec_perl_TestExprArray_t" time="3.50475311279297e-05" />
    <testcase name="Approx equals (453)" classname="spec_perl_TestExprArray_t" time="6.103515625e-05" />
    <testcase name="Approx equals (454)" classname="spec_perl_TestExprArray_t" time="3.79085540771484e-05" />
    <testcase name="Equals (454)" classname="spec_perl_TestExprArray_t" time="9.70363616943359e-05" />
    <testcase name="Equals (455)" classname="spec_perl_TestExprArray_t" time="0.000106096267700195" />
    <testcase name="Equals (456)" classname="spec_perl_TestExprArray_t" time="9.98973846435547e-05" />
    <testcase name="Equals (457)" classname="spec_perl_TestExprArray_t" time="9.89437103271484e-05" />
    <testcase name="Equals (458)" classname="spec_perl_TestExprArray_t" time="0.000106096267700195" />
  </testsuite>
  <testsuite name="spec_perl_TestBitsSignedShiftB64Le_t" errors="0" failures="0" skipped="0" tests="2" time="0.0606260299682617">
    <system-out>1..2
ok 1 - Equals
ok 2 - Equals
</system-out>
    <testcase name="Equals (459)" classname="spec_perl_TestBitsSignedShiftB64Le_t" time="0.000199079513549805" />
    <testcase name="Equals (460)" classname="spec_perl_TestBitsSignedShiftB64Le_t" time="9.67979431152344e-05" />
  </testsuite>
  <testsuite name="spec_perl_TestTypeTernary2ndFalsy_t" errors="0" failures="0" skipped="0" tests="13" time="0.0625970363616943">
    <system-out>1..13
ok 1 - Equals
ok 2 - Equals
ok 3 - Equals
ok 4 - Approx equals
ok 5 - Approx equals
ok 6 - Equals
ok 7 - Equals
ok 8 - Equals
ok 9 - nil
ok 10 - Equals
ok 11 - Equals
ok 12 - Equals
ok 13 - Equals
</system-out>
    <testcase name="Equals (461)" classname="spec_perl_TestTypeTernary2ndFalsy_t" time="0.00018000602722168" />
    <testcase name="Equals (462)" classname="spec_perl_TestTypeTernary2ndFalsy_t" time="0.000104904174804688" />
[...]
  </testsuite>
  <testsuite name="spec_perl_TestBitsShiftByB32Le_t" errors="0" failures="0" skipped="0" tests="2" time="0.0607340335845947">
    <system-out>1..2
ok 1 - Equals
ok 2 - Equals
</system-out>
    <testcase name="Equals (886)" classname="spec_perl_TestBitsShiftByB32Le_t" time="0.000194072723388672" />
    <testcase name="Equals (887)" classname="spec_perl_TestBitsShiftByB32Le_t" time="8.89301300048828e-05" />
  </testsuite>
  <testsuite name="spec_perl_TestUserType_t" errors="0" failures="0" skipped="0" tests="2" time="0.0608789920806885">
    <system-out>1..2
ok 1 - Equals
ok 2 - Equals
</system-out>
    <testcase name="Equals (888)" classname="spec_perl_TestUserType_t" time="0.000211000442504883" />
    <testcase name="Equals (889)" classname="spec_perl_TestUserType_t" time="9.29832458496094e-05" />
  </testsuite>
  <testsuite name="spec_perl_TestTermU1Val_t" errors="0" failures="0" skipped="0" tests="2" time="0.0648999214172363">
    <system-out>1..2
ok 1 - Equals
ok 2 - Equals
</system-out>
    <testcase name="Equals (890)" classname="spec_perl_TestTermU1Val_t" time="0.00025486946105957" />
    <testcase name="Equals (891)" classname="spec_perl_TestTermU1Val_t" time="7.51018524169922e-05" />
  </testsuite>
  <testsuite name="spec_perl_TestBitsUnalignedB32Le_t" errors="0" failures="0" skipped="0" tests="3" time="0.0615129470825195">
    <system-out>1..3
ok 1 - Equals
ok 2 - Equals
ok 3 - Equals
</system-out>
    <testcase name="Equals (892)" classname="spec_perl_TestBitsUnalignedB32Le_t" time="0.000165939331054688" />
    <testcase name="Equals (893)" classname="spec_perl_TestBitsUnalignedB32Le_t" time="9.10758972167969e-05" />
    <testcase name="Equals (894)" classname="spec_perl_TestBitsUnalignedB32Le_t" time="0.000103950500488281" />
  </testsuite>
  <testsuite name="spec_perl_TestCombineEnum_t" errors="0" failures="0" skipped="0" tests="3" time="0.0609769821166992">
    <system-out>1..3
ok 1 - Equals
ok 2 - Equals
ok 3 - Equals
</system-out>
    <testcase name="Equals (895)" classname="spec_perl_TestCombineEnum_t" time="0.000213146209716797" />
    <testcase name="Equals (896)" classname="spec_perl_TestCombineEnum_t" time="8.70227813720703e-05" />
    <testcase name="Equals (897)" classname="spec_perl_TestCombineEnum_t" time="0.000101804733276367" />
  </testsuite>
  <testsuite name="spec_perl_TestRepeatEosU4_t" errors="0" failures="0" skipped="0" tests="1" time="0.0605518817901611">
    <system-out>1..1
ok 1 - Equals
</system-out>
    <testcase name="Equals (898)" classname="spec_perl_TestRepeatEosU4_t" time="0.000159025192260742" />
  </testsuite>
  <testsuite name="spec_perl_TestEnumFancy_t" errors="0" failures="0" skipped="0" tests="2" time="0.0605330467224121">
    <system-out>1..2
ok 1 - Equals
ok 2 - Equals
</system-out>
    <testcase name="Equals (899)" classname="spec_perl_TestEnumFancy_t" time="0.000200033187866211" />
    <testcase name="Equals (900)" classname="spec_perl_TestEnumFancy_t" time="8.51154327392578e-05" />
  </testsuite>
  <testsuite name="spec_perl_TestParamsPassBool_t" errors="0" failures="1" skipped="13" tests="14" time="0.0642449855804443">
    <system-out>1..14
not ok 1 - test_params_pass_bool died (Requested 2 bytes, but only 1 bytes available at ../runtime/perl/lib/IO/KaitaiStruct.pm line 338.)
ok 2 # skip test_params_pass_bool died
ok 3 # skip test_params_pass_bool died
ok 4 # skip test_params_pass_bool died
ok 5 # skip test_params_pass_bool died
ok 6 # skip test_params_pass_bool died
ok 7 # skip test_params_pass_bool died
ok 8 # skip test_params_pass_bool died
ok 9 # skip test_params_pass_bool died
ok 10 # skip test_params_pass_bool died
ok 11 # skip test_params_pass_bool died
ok 12 # skip test_params_pass_bool died
ok 13 # skip test_params_pass_bool died
ok 14 # skip test_params_pass_bool died
</system-out>
    <testcase name="test_params_pass_bool died (Requested 2 bytes, but only 1 bytes available at ../runtime/perl/lib/IO/KaitaiStruct.pm line 338.) (900)" classname="spec_perl_TestParamsPassBool_t" time="0.000245809555053711">
      <failure message="not ok 1 - test_params_pass_bool died (Requested 2 bytes, but only 1 bytes available at ../runtime/perl/lib/IO/KaitaiStruct.pm line 338.)" type="TAP::Parser::Result::Test"></failure>
    </testcase>
    <testcase name="Unnamed test case 900" classname="spec_perl_TestParamsPassBool_t" time="0.0013279914855957">
      <skipped message="ok 2 # skip test_params_pass_bool died" />
    </testcase>
    <testcase name="Unnamed test case 901" classname="spec_perl_TestParamsPassBool_t" time="7.70092010498047e-05">
      <skipped message="ok 3 # skip test_params_pass_bool died" />
    </testcase>
    <testcase name="Unnamed test case 902" classname="spec_perl_TestParamsPassBool_t" time="3.60012054443359e-05">
      <skipped message="ok 4 # skip test_params_pass_bool died" />
    </testcase>
    <testcase name="Unnamed test case 903" classname="spec_perl_TestParamsPassBool_t" time="3.21865081787109e-05">
      <skipped message="ok 5 # skip test_params_pass_bool died" />
    </testcase>
    <testcase name="Unnamed test case 904" classname="spec_perl_TestParamsPassBool_t" time="2.98023223876953e-05">
      <skipped message="ok 6 # skip test_params_pass_bool died" />
    </testcase>
    <testcase name="Unnamed test case 905" classname="spec_perl_TestParamsPassBool_t" time="0.00145411491394043">
      <skipped message="ok 7 # skip test_params_pass_bool died" />
    </testcase>
    <testcase name="Unnamed test case 906" classname="spec_perl_TestParamsPassBool_t" time="5.00679016113281e-05">
      <skipped message="ok 8 # skip test_params_pass_bool died" />
    </testcase>
    <testcase name="Unnamed test case 907" classname="spec_perl_TestParamsPassBool_t" time="3.09944152832031e-05">
      <skipped message="ok 9 # skip test_params_pass_bool died" />
    </testcase>
    <testcase name="Unnamed test case 908" classname="spec_perl_TestParamsPassBool_t" time="3.60012054443359e-05">
      <skipped message="ok 10 # skip test_params_pass_bool died" />
    </testcase>
    <testcase name="Unnamed test case 909" classname="spec_perl_TestParamsPassBool_t" time="3.29017639160156e-05">
      <skipped message="ok 11 # skip test_params_pass_bool died" />
    </testcase>
    <testcase name="Unnamed test case 910" classname="spec_perl_TestParamsPassBool_t" time="3.00407409667969e-05">
      <skipped message="ok 12 # skip test_params_pass_bool died" />
    </testcase>
    <testcase name="Unnamed test case 911" classname="spec_perl_TestParamsPassBool_t" time="3.09944152832031e-05">
      <skipped message="ok 13 # skip test_params_pass_bool died" />
    </testcase>
    <testcase name="Unnamed test case 912" classname="spec_perl_TestParamsPassBool_t" time="3.00407409667969e-05">
      <skipped message="ok 14 # skip test_params_pass_bool died" />
    </testcase>
  </testsuite>
  <testsuite name="spec_perl_TestIndexToParamUntil_t" errors="0" failures="2" skipped="0" tests="7" time="0.0679218769073486">
    <system-out>1..7
ok 1 - Equals
ok 2 - Equals
ok 3 - Equals
ok 4 - Equals
ok 5 - Equals
not ok 6 - Equals
not ok 7 - Equals
</system-out>
    <testcase name="Equals (912)" classname="spec_perl_TestIndexToParamUntil_t" time="0.00103592872619629" />
    <testcase name="Equals (913)" classname="spec_perl_TestIndexToParamUntil_t" time="5.41210174560547e-05" />
    <testcase name="Equals (914)" classname="spec_perl_TestIndexToParamUntil_t" time="3.00407409667969e-05" />
    <testcase name="Equals (915)" classname="spec_perl_TestIndexToParamUntil_t" time="2.59876251220703e-05" />
    <testcase name="Equals (916)" classname="spec_perl_TestIndexToParamUntil_t" time="3.88622283935547e-05" />
    <testcase name="Equals (917)" classname="spec_perl_TestIndexToParamUntil_t" time="3.71932983398438e-05">
      <failure message="not ok 6 - Equals" type="TAP::Parser::Result::Test"></failure>
    </testcase>
    <testcase name="Equals (918)" classname="spec_perl_TestIndexToParamUntil_t" time="0.00112795829772949">
      <failure message="not ok 7 - Equals" type="TAP::Parser::Result::Test"></failure>
    </testcase>
  </testsuite>
  <testsuite name="spec_perl_TestIndexToParamEos_t" errors="0" failures="2" skipped="0" tests="7" time="0.0706501007080078">
    <system-out>1..7
ok 1 - Equals
ok 2 - Equals
ok 3 - Equals
ok 4 - Equals
ok 5 - Equals
not ok 6 - Equals
not ok 7 - Equals
</system-out>
    <testcase name="Equals (919)" classname="spec_perl_TestIndexToParamEos_t" time="0.000735044479370117" />
    <testcase name="Equals (920)" classname="spec_perl_TestIndexToParamEos_t" time="0.000827789306640625" />
    <testcase name="Equals (921)" classname="spec_perl_TestIndexToParamEos_t" time="8.20159912109375e-05" />
    <testcase name="Equals (922)" classname="spec_perl_TestIndexToParamEos_t" time="0.000102996826171875" />
    <testcase name="Equals (923)" classname="spec_perl_TestIndexToParamEos_t" time="0.000102996826171875" />
    <testcase name="Equals (924)" classname="spec_perl_TestIndexToParamEos_t" time="0.000169038772583008">
      <failure message="not ok 6 - Equals" type="TAP::Parser::Result::Test"></failure>
    </testcase>
    <testcase name="Equals (925)" classname="spec_perl_TestIndexToParamEos_t" time="0.00134396553039551">
      <failure message="not ok 7 - Equals" type="TAP::Parser::Result::Test"></failure>
    </testcase>
  </testsuite>
  <testsuite name="spec_perl_TestNavParent_t" errors="0" failures="0" skipped="0" tests="5" time="0.0660159587860107">
    <system-out>1..5
ok 1 - Equals
ok 2 - Equals
ok 3 - Equals
ok 4 - Equals
ok 5 - Equals
</system-out>
    <testcase name="Equals (926)" classname="spec_perl_TestNavParent_t" time="0.00030207633972168" />
    <testcase name="Equals (927)" classname="spec_perl_TestNavParent_t" time="8.98838043212891e-05" />
    <testcase name="Equals (928)" classname="spec_perl_TestNavParent_t" time="0.000113010406494141" />
    <testcase name="Equals (929)" classname="spec_perl_TestNavParent_t" time="0.000111103057861328" />
    <testcase name="Equals (930)" classname="spec_perl_TestNavParent_t" time="0.000105857849121094" />
  </testsuite>
  <testsuite name="spec_perl_TestEnumForUnknownId_t" errors="0" failures="0" skipped="0" tests="1" time="0.0609188079833984">
    <system-out>1..1
ok 1 - Equals
</system-out>
    <testcase name="Equals (931)" classname="spec_perl_TestEnumForUnknownId_t" time="0.000204801559448242" />
  </testsuite>
  <testsuite name="spec_perl_TestStrLiterals2_t" errors="0" failures="0" skipped="0" tests="4" time="0.0607659816741943">
    <system-out>1..4
ok 1 - Equals
ok 2 - Equals
ok 3 - Equals
ok 4 - Equals
</system-out>
    <testcase name="Equals (932)" classname="spec_perl_TestStrLiterals2_t" time="0.000169992446899414" />
    <testcase name="Equals (933)" classname="spec_perl_TestStrLiterals2_t" time="8.10623168945312e-05" />
    <testcase name="Equals (934)" classname="spec_perl_TestStrLiterals2_t" time="0.000113964080810547" />
    <testcase name="Equals (935)" classname="spec_perl_TestStrLiterals2_t" time="0.000105142593383789" />
  </testsuite>
  <testsuite name="spec_perl_TestEnumLongRangeU_t" errors="0" failures="0" skipped="0" tests="4" time="0.0609328746795654">
    <system-out>1..4
ok 1 - Equals
ok 2 - Equals
ok 3 - Equals
ok 4 - Equals
</system-out>
    <testcase name="Equals (936)" classname="spec_perl_TestEnumLongRangeU_t" time="0.000198125839233398" />
    <testcase name="Equals (937)" classname="spec_perl_TestEnumLongRangeU_t" time="9.48905944824219e-05" />
    <testcase name="Equals (938)" classname="spec_perl_TestEnumLongRangeU_t" time="0.000123023986816406" />
    <testcase name="Equals (939)" classname="spec_perl_TestEnumLongRangeU_t" time="0.000108957290649414" />
  </testsuite>
  <testsuite name="spec_perl_TestRepeatUntilCalcArrayType_t" errors="0" failures="0" skipped="0" tests="7" time="0.0610978603363037">
    <system-out>1..7
ok 1 - Equals
ok 2 - Equals
ok 3 - Equals
ok 4 - Equals
ok 5 - Equals
ok 6 - Equals
ok 7 - Equals
</system-out>
    <testcase name="Equals (940)" classname="spec_perl_TestRepeatUntilCalcArrayType_t" time="0.000518798828125" />
    <testcase name="Equals (941)" classname="spec_perl_TestRepeatUntilCalcArrayType_t" time="9.10758972167969e-05" />
    <testcase name="Equals (942)" classname="spec_perl_TestRepeatUntilCalcArrayType_t" time="0.000110149383544922" />
    <testcase name="Equals (943)" classname="spec_perl_TestRepeatUntilCalcArrayType_t" time="0.000101804733276367" />
    <testcase name="Equals (944)" classname="spec_perl_TestRepeatUntilCalcArrayType_t" time="0.000107049942016602" />
    <testcase name="Equals (945)" classname="spec_perl_TestRepeatUntilCalcArrayType_t" time="0.000102043151855469" />
    <testcase name="Equals (946)" classname="spec_perl_TestRepeatUntilCalcArrayType_t" time="0.000103950500488281" />
  </testsuite>
  <testsuite name="spec_perl_TestIoLocalVar_t" errors="0" failures="0" skipped="0" tests="2" time="0.0611419677734375">
    <system-out>1..2
ok 1 - Equals
ok 2 - Equals
</system-out>
    <testcase name="Equals (947)" classname="spec_perl_TestIoLocalVar_t" time="0.000466823577880859" />
    <testcase name="Equals (948)" classname="spec_perl_TestIoLocalVar_t" time="0.000111103057861328" />
  </testsuite>
  <testsuite name="spec_perl_TestProcessToUser_t" errors="0" failures="0" skipped="0" tests="1" time="0.0653209686279297">
    <system-out>1..1
ok 1 - Equals
</system-out>
    <testcase name="Equals (949)" classname="spec_perl_TestProcessToUser_t" time="0.000517129898071289" />
  </testsuite>
  <testsuite name="spec_perl_TestParamsPassStruct_t" errors="0" failures="1" skipped="1" tests="4" time="0.0632438659667969">
    <system-out>1..4
ok 1 - Equals
ok 2 - Equals
not ok 3 - test_params_pass_struct died (Can't call method &quot;foo&quot; on an undefined value at spec/perl/TestParamsPassStruct.t line 16.)
ok 4 # skip test_params_pass_struct died
</system-out>
    <testcase name="Equals (950)" classname="spec_perl_TestParamsPassStruct_t" time="0.000241994857788086" />
    <testcase name="Equals (951)" classname="spec_perl_TestParamsPassStruct_t" time="9.79900360107422e-05" />
    <testcase name="test_params_pass_struct died (Can't call method &quot;foo&quot; on an undefined value at spec/perl/TestParamsPassStruct.t line 16.) (951)" classname="spec_perl_TestParamsPassStruct_t" time="0.00020909309387207">
      <failure message="not ok 3 - test_params_pass_struct died (Can't call method &quot;foo&quot; on an undefined value at spec/perl/TestParamsPassStruct.t line 16.)" type="TAP::Parser::Result::Test"></failure>
    </testcase>
    <testcase name="Unnamed test case 951" classname="spec_perl_TestParamsPassStruct_t" time="0.00107288360595703">
      <skipped message="ok 4 # skip test_params_pass_struct died" />
    </testcase>
  </testsuite>
  <testsuite name="spec_perl_TestTsPacketHeader_t" errors="0" failures="0" skipped="0" tests="7" time="0.0610270500183105">
    <system-out>1..7
ok 1 - Equals
ok 2 - Equals
ok 3 - Equals
ok 4 - Equals
ok 5 - Equals
ok 6 - Equals
ok 7 - Equals
</system-out>
    <testcase name="Equals (952)" classname="spec_perl_TestTsPacketHeader_t" time="0.000224828720092773" />
    <testcase name="Equals (953)" classname="spec_perl_TestTsPacketHeader_t" time="7.60555267333984e-05" />
    <testcase name="Equals (954)" classname="spec_perl_TestTsPacketHeader_t" time="0.000103950500488281" />
    <testcase name="Equals (955)" classname="spec_perl_TestTsPacketHeader_t" time="9.41753387451172e-05" />
    <testcase name="Equals (956)" classname="spec_perl_TestTsPacketHeader_t" time="0.000102043151855469" />
    <testcase name="Equals (957)" classname="spec_perl_TestTsPacketHeader_t" time="0.000103950500488281" />
    <testcase name="Equals (958)" classname="spec_perl_TestTsPacketHeader_t" time="0.000102043151855469" />
  </testsuite>
  <testsuite name="spec_perl_TestIntegersDoubleOverflow_t" errors="0" failures="0" skipped="0" tests="8" time="0.0614910125732422">
    <system-out>1..8
ok 1 - Equals
ok 2 - Equals
ok 3 - Equals
ok 4 - Equals
ok 5 - Equals
ok 6 - Equals
ok 7 - Equals
ok 8 - Equals
</system-out>
    <testcase name="Equals (959)" classname="spec_perl_TestIntegersDoubleOverflow_t" time="0.000195026397705078" />
    <testcase name="Equals (960)" classname="spec_perl_TestIntegersDoubleOverflow_t" time="9.29832458496094e-05" />
    <testcase name="Equals (961)" classname="spec_perl_TestIntegersDoubleOverflow_t" time="0.000101089477539062" />
    <testcase name="Equals (962)" classname="spec_perl_TestIntegersDoubleOverflow_t" time="0.000105857849121094" />
    <testcase name="Equals (963)" classname="spec_perl_TestIntegersDoubleOverflow_t" time="0.000105142593383789" />
    <testcase name="Equals (964)" classname="spec_perl_TestIntegersDoubleOverflow_t" time="0.000102996826171875" />
    <testcase name="Equals (965)" classname="spec_perl_TestIntegersDoubleOverflow_t" time="0.000103950500488281" />
    <testcase name="Equals (966)" classname="spec_perl_TestIntegersDoubleOverflow_t" time="9.98973846435547e-05" />
  </testsuite>
  <testsuite name="spec_perl_TestRepeatEosBit_t" errors="0" failures="0" skipped="0" tests="1" time="0.0618200302124023">
    <system-out>1..1
ok 1 - Equals
</system-out>
    <testcase name="Equals (967)" classname="spec_perl_TestRepeatEosBit_t" time="0.000515937805175781" />
  </testsuite>
  <testsuite name="spec_perl_TestFixedStruct_t" errors="0" failures="0" skipped="0" tests="20" time="0.0628159046173096">
    <system-out>1..20
ok 1 - Equals
ok 2 - Equals
ok 3 - Equals
ok 4 - Equals
ok 5 - Equals
ok 6 - Equals
ok 7 - Equals
ok 8 - Equals
ok 9 - Equals
ok 10 - Equals
ok 11 - Equals
ok 12 - Equals
ok 13 - Equals
ok 14 - Equals
ok 15 - Equals
ok 16 - Equals
ok 17 - Equals
ok 18 - Equals
ok 19 - Equals
ok 20 - Equals
</system-out>
    <testcase name="Equals (968)" classname="spec_perl_TestFixedStruct_t" time="0.000242948532104492" />
    <testcase name="Equals (969)" classname="spec_perl_TestFixedStruct_t" time="9.20295715332031e-05" />
    <testcase name="Equals (970)" classname="spec_perl_TestFixedStruct_t" time="0.000105857849121094" />
    <testcase name="Equals (971)" classname="spec_perl_TestFixedStruct_t" time="0.000102043151855469" />
    <testcase name="Equals (972)" classname="spec_perl_TestFixedStruct_t" time="0.000127077102661133" />
    <testcase name="Equals (973)" classname="spec_perl_TestFixedStruct_t" time="9.79900360107422e-05" />
    <testcase name="Equals (974)" classname="spec_perl_TestFixedStruct_t" time="0.000102043151855469" />
    <testcase name="Equals (975)" classname="spec_perl_TestFixedStruct_t" time="0.000139951705932617" />
    <testcase name="Equals (976)" classname="spec_perl_TestFixedStruct_t" time="6.60419464111328e-05" />
    <testcase name="Equals (977)" classname="spec_perl_TestFixedStruct_t" time="8.89301300048828e-05" />
    <testcase name="Equals (978)" classname="spec_perl_TestFixedStruct_t" time="9.48905944824219e-05" />
    <testcase name="Equals (979)" classname="spec_perl_TestFixedStruct_t" time="9.60826873779297e-05" />
    <testcase name="Equals (980)" classname="spec_perl_TestFixedStruct_t" time="9.70363616943359e-05" />
    <testcase name="Equals (981)" classname="spec_perl_TestFixedStruct_t" time="9.89437103271484e-05" />
    <testcase name="Equals (982)" classname="spec_perl_TestFixedStruct_t" time="0.000102996826171875" />
    <testcase name="Equals (983)" classname="spec_perl_TestFixedStruct_t" time="9.70363616943359e-05" />
    <testcase name="Equals (984)" classname="spec_perl_TestFixedStruct_t" time="9.39369201660156e-05" />
    <testcase name="Equals (985)" classname="spec_perl_TestFixedStruct_t" time="9.89437103271484e-05" />
    <testcase name="Equals (986)" classname="spec_perl_TestFixedStruct_t" time="9.51290130615234e-05" />
    <testcase name="Equals (987)" classname="spec_perl_TestFixedStruct_t" time="9.60826873779297e-05" />
  </testsuite>
</testsuites>
