<?xml version='1.0' encoding='utf-8'?>
<testsuites>
  <testsuite name="spec_perl_TestStrEos_t" errors="0" failures="0" skipped="0" tests="1" time="0.0646839141845703">
    <system-out>1..1
ok 1 - Equals
</system-out>
    <testcase name="Equals" classname="spec_perl_TestStrEos_t" time="0.000231027603149414" />
  </testsuite>
  <testsuite name="spec_perl_TestMetaXref_t" errors="0" failures="0" skipped="1" tests="1" time="0.0611019134521484">
    <system-out>1..1
ok 1 # skip MetaXref=HASH(0x555dbe734168)
</system-out>
    <testcase name="Unnamed test case 1" classname="spec_perl_TestMetaXref_t" time="0.00109505653381348">
      <skipped message="ok 1 # skip MetaXref=HASH(0x555dbe734168)" />
    </testcase>
  </testsuite>
  <testsuite name="spec_perl_TestEnumNegative_t" errors="0" failures="0" skipped="0" tests="2" time="0.0608160495758057">
    <system-out>1..2
ok 1 - Equals
ok 2 - Equals
</system-out>
    <testcase name="Equals (2)" classname="spec_perl_TestEnumNegative_t" time="0.000210046768188477" />
    <testcase name="Equals (3)" classname="spec_perl_TestEnumNegative_t" time="8.29696655273438e-05" />
  </testsuite>
  <testsuite name="spec_perl_TestNestedTypes3_t" errors="0" failures="0" skipped="0" tests="5" time="0.0614500045776367">
    <system-out>1..5
ok 1 - Equals
ok 2 - Equals
ok 3 - Equals
ok 4 - Equals
ok 5 - Equals
</system-out>
    <testcase name="Equals (4)" classname="spec_perl_TestNestedTypes3_t" time="0.000247955322265625" />
    <testcase name="Equals (5)" classname="spec_perl_TestNestedTypes3_t" time="9.89437103271484e-05" />
    <testcase name="Equals (6)" classname="spec_perl_TestNestedTypes3_t" time="0.000105142593383789" />
    <testcase name="Equals (7)" classname="spec_perl_TestNestedTypes3_t" time="0.000102996826171875" />
    <testcase name="Equals (8)" classname="spec_perl_TestNestedTypes3_t" time="0.000104904174804688" />
  </testsuite>
  <testsuite name="spec_perl_TestDocstringsDocrefMulti_t" errors="0" failures="0" skipped="1" tests="1" time="0.0611438751220703">
    <system-out>1..1
ok 1 # skip DocstringsDocrefMulti=HASH(0x556c047d5288)
</system-out>
    <testcase name="Unnamed test case 8" classname="spec_perl_TestDocstringsDocrefMulti_t" time="0.0011599063873291">
      <skipped message="ok 1 # skip DocstringsDocrefMulti=HASH(0x556c047d5288)" />
    </testcase>
  </testsuite>
  <testsuite name="spec_perl_TestNavParentSwitch_t" errors="0" failures="0" skipped="0" tests="3" time="0.0612549781799316">
    <system-out>1..3
ok 1 - Equals
ok 2 - Equals
ok 3 - Equals
</system-out>
    <testcase name="Equals (9)" classname="spec_perl_TestNavParentSwitch_t" time="0.000250816345214844" />
    <testcase name="Equals (10)" classname="spec_perl_TestNavParentSwitch_t" time="8.51154327392578e-05" />
    <testcase name="Equals (11)" classname="spec_perl_TestNavParentSwitch_t" time="0.000111103057861328" />
  </testsuite>
  <testsuite name="spec_perl_TestInstanceStdArray_t" errors="0" failures="0" skipped="0" tests="7" time="0.0606899261474609">
    <system-out>1..7
ok 1 - Equals
ok 2 - Equals
ok 3 - Equals
ok 4 - Equals
ok 5 - Equals
ok 6 - Equals
ok 7 - Equals
</system-out>
    <testcase name="Equals (12)" classname="spec_perl_TestInstanceStdArray_t" time="0.000205039978027344" />
    <testcase name="Equals (13)" classname="spec_perl_TestInstanceStdArray_t" time="8.98838043212891e-05" />
    <testcase name="Equals (14)" classname="spec_perl_TestInstanceStdArray_t" time="0.000106096267700195" />
    <testcase name="Equals (15)" classname="spec_perl_TestInstanceStdArray_t" time="0.000120878219604492" />
    <testcase name="Equals (16)" classname="spec_perl_TestInstanceStdArray_t" time="9.918212890625e-05" />
    <testcase name="Equals (17)" classname="spec_perl_TestInstanceStdArray_t" time="9.79900360107422e-05" />
    <testcase name="Equals (18)" classname="spec_perl_TestInstanceStdArray_t" time="9.48905944824219e-05" />
  </testsuite>
  <testsuite name="spec_perl_TestInstanceIoUser_t" errors="0" failures="0" skipped="0" tests="4" time="0.0654468536376953">
    <system-out>1..4
ok 1 - Equals
ok 2 - Equals
ok 3 - Equals
ok 4 - Equals
</system-out>
    <testcase name="Equals (19)" classname="spec_perl_TestInstanceIoUser_t" time="0.000567913055419922" />
    <testcase name="Equals (20)" classname="spec_perl_TestInstanceIoUser_t" time="0.000112056732177734" />
    <testcase name="Equals (21)" classname="spec_perl_TestInstanceIoUser_t" time="0.000126838684082031" />
    <testcase name="Equals (22)" classname="spec_perl_TestInstanceIoUser_t" time="0.000127077102661133" />
  </testsuite>
  <testsuite name="spec_perl_TestBytesPadTerm_t" errors="0" failures="0" skipped="0" tests="4" time="0.0610458850860596">
    <system-out>1..4
ok 1 - Equals
ok 2 - Equals
ok 3 - Equals
ok 4 - Equals
</system-out>
    <testcase name="Equals (23)" classname="spec_perl_TestBytesPadTerm_t" time="0.000236988067626953" />
    <testcase name="Equals (24)" classname="spec_perl_TestBytesPadTerm_t" time="9.60826873779297e-05" />
    <testcase name="Equals (25)" classname="spec_perl_TestBytesPadTerm_t" time="0.0001068115234375" />
    <testcase name="Equals (26)" classname="spec_perl_TestBytesPadTerm_t" time="0.000102996826171875" />
  </testsuite>
  <testsuite name="spec_perl_TestProcessCoerceUsertype2_t" errors="0" failures="0" skipped="0" tests="4" time="0.0612349510192871">
    <system-out>1..4
ok 1 - Equals
ok 2 - Equals
ok 3 - Equals
ok 4 - Equals
</system-out>
    <testcase name="Equals (27)" classname="spec_perl_TestProcessCoerceUsertype2_t" time="0.000495195388793945" />
    <testcase name="Equals (28)" classname="spec_perl_TestProcessCoerceUsertype2_t" time="0.000101804733276367" />
    <testcase name="Equals (29)" classname="spec_perl_TestProcessCoerceUsertype2_t" time="0.000110149383544922" />
    <testcase name="Equals (30)" classname="spec_perl_TestProcessCoerceUsertype2_t" time="0.000105857849121094" />
  </testsuite>
  <testsuite name="spec_perl_TestSwitchMultiBoolOps_t" errors="0" failures="0" skipped="0" tests="9" time="0.0620381832122803">
    <system-out>1..9
ok 1 - Equals
ok 2 - Equals
ok 3 - Equals
ok 4 - Equals
ok 5 - Equals
ok 6 - Equals
ok 7 - Equals
ok 8 - Equals
ok 9 - Equals
</system-out>
    <testcase name="Equals (31)" classname="spec_perl_TestSwitchMultiBoolOps_t" time="0.000268936157226562" />
    <testcase name="Equals (32)" classname="spec_perl_TestSwitchMultiBoolOps_t" time="8.10623168945312e-05" />
    <testcase name="Equals (33)" classname="spec_perl_TestSwitchMultiBoolOps_t" time="0.000113964080810547" />
    <testcase name="Equals (34)" classname="spec_perl_TestSwitchMultiBoolOps_t" time="9.89437103271484e-05" />
    <testcase name="Equals (35)" classname="spec_perl_TestSwitchMultiBoolOps_t" time="9.79900360107422e-05" />
    <testcase name="Equals (36)" classname="spec_perl_TestSwitchMultiBoolOps_t" time="0.000100135803222656" />
    <testcase name="Equals (37)" classname="spec_perl_TestSwitchMultiBoolOps_t" time="9.89437103271484e-05" />
    <testcase name="Equals (38)" classname="spec_perl_TestSwitchMultiBoolOps_t" time="0.000100851058959961" />
    <testcase name="Equals (39)" classname="spec_perl_TestSwitchMultiBoolOps_t" time="0.000100135803222656" />
  </testsuite>
  <testsuite name="spec_perl_TestSwitchIntegers_t" errors="0" failures="0" skipped="0" tests="9" time="0.0615239143371582">
    <system-out>1..9
ok 1 - Equals
ok 2 - Equals
ok 3 - Equals
ok 4 - Equals
ok 5 - Equals
ok 6 - Equals
ok 7 - Equals
ok 8 - Equals
ok 9 - Equals
</system-out>
    <testcase name="Equals (40)" classname="spec_perl_TestSwitchIntegers_t" time="0.000241994857788086" />
    <testcase name="Equals (41)" classname="spec_perl_TestSwitchIntegers_t" time="8.70227813720703e-05" />
    <testcase name="Equals (42)" classname="spec_perl_TestSwitchIntegers_t" time="0.000110864639282227" />
    <testcase name="Equals (43)" classname="spec_perl_TestSwitchIntegers_t" time="9.79900360107422e-05" />
    <testcase name="Equals (44)" classname="spec_perl_TestSwitchIntegers_t" time="0.000107049942016602" />
    <testcase name="Equals (45)" classname="spec_perl_TestSwitchIntegers_t" time="9.51290130615234e-05" />
    <testcase name="Equals (46)" classname="spec_perl_TestSwitchIntegers_t" time="9.98973846435547e-05" />
    <testcase name="Equals (47)" classname="spec_perl_TestSwitchIntegers_t" time="9.89437103271484e-05" />
    <testcase name="Equals (48)" classname="spec_perl_TestSwitchIntegers_t" time="0.000102043151855469" />
  </testsuite>
  <testsuite name="spec_perl_TestOptionalId_t" errors="0" failures="0" skipped="0" tests="3" time="0.0613608360290527">
    <system-out>1..3
ok 1 - Equals
ok 2 - Equals
ok 3 - Equals
</system-out>
    <testcase name="Equals (49)" classname="spec_perl_TestOptionalId_t" time="0.000217914581298828" />
    <testcase name="Equals (50)" classname="spec_perl_TestOptionalId_t" time="8.0108642578125e-05" />
    <testcase name="Equals (51)" classname="spec_perl_TestOptionalId_t" time="0.000104904174804688" />
  </testsuite>
  <testsuite name="spec_perl_TestJsSignedRightShift_t" errors="0" failures="0" skipped="0" tests="2" time="0.0602180957794189">
    <system-out>1..2
ok 1 - Equals
ok 2 - Equals
</system-out>
    <testcase name="Equals (52)" classname="spec_perl_TestJsSignedRightShift_t" time="0.000203847885131836" />
    <testcase name="Equals (53)" classname="spec_perl_TestJsSignedRightShift_t" time="8.70227813720703e-05" />
  </testsuite>
  <testsuite name="spec_perl_TestExprIntDiv_t" errors="0" failures="2" skipped="0" tests="6" time="0.0640630722045898">
    <system-out>1..6
ok 1 - Equals
ok 2 - Equals
ok 3 - Equals
not ok 4 - Equals
ok 5 - Equals
not ok 6 - Equals
</system-out>
    <testcase name="Equals (54)" classname="spec_perl_TestExprIntDiv_t" time="0.000223159790039062" />
    <testcase name="Equals (55)" classname="spec_perl_TestExprIntDiv_t" time="8.58306884765625e-05" />
    <testcase name="Equals (56)" classname="spec_perl_TestExprIntDiv_t" time="0.000111103057861328" />
    <testcase name="Equals (57)" classname="spec_perl_TestExprIntDiv_t" time="0.00014805793762207">
      <failure message="not ok 4 - Equals" type="TAP::Parser::Result::Test"></failure>
    </testcase>
    <testcase name="Equals (58)" classname="spec_perl_TestExprIntDiv_t" time="0.00145983695983887" />
    <testcase name="Equals (59)" classname="spec_perl_TestExprIntDiv_t" time="0.000137090682983398">
      <failure message="not ok 6 - Equals" type="TAP::Parser::Result::Test"></failure>
    </testcase>
  </testsuite>
  <testsuite name="spec_perl_TestNavParentOverride_t" errors="0" failures="0" skipped="0" tests="3" time="0.0609838962554932">
    <system-out>1..3
ok 1 - Equals
ok 2 - Equals
ok 3 - Equals
</system-out>
    <testcase name="Equals (60)" classname="spec_perl_TestNavParentOverride_t" time="0.000227928161621094" />
    <testcase name="Equals (61)" classname="spec_perl_TestNavParentOverride_t" time="8.10623168945312e-05" />
    <testcase name="Equals (62)" classname="spec_perl_TestNavParentOverride_t" time="0.000108003616333008" />
  </testsuite>
  <testsuite name="spec_perl_TestEnumOfValueInst_t" errors="0" failures="0" skipped="0" tests="4" time="0.0609369277954102">
    <system-out>1..4
ok 1 - Equals
ok 2 - Equals
ok 3 - Equals
ok 4 - Equals
</system-out>
    <testcase name="Equals (63)" classname="spec_perl_TestEnumOfValueInst_t" time="0.000208854675292969" />
    <testcase name="Equals (64)" classname="spec_perl_TestEnumOfValueInst_t" time="9.51290130615234e-05" />
    <testcase name="Equals (65)" classname="spec_perl_TestEnumOfValueInst_t" time="0.000122785568237305" />
    <testcase name="Equals (66)" classname="spec_perl_TestEnumOfValueInst_t" time="0.000105142593383789" />
  </testsuite>
  <testsuite name="spec_perl_TestImportsRel1_t" errors="0" failures="0" skipped="0" tests="3" time="0.0612080097198486">
    <system-out>1..3
ok 1 - Equals
ok 2 - Equals
ok 3 - Equals
</system-out>
    <testcase name="Equals (67)" classname="spec_perl_TestImportsRel1_t" time="0.000108003616333008" />
    <testcase name="Equals (68)" classname="spec_perl_TestImportsRel1_t" time="3.98159027099609e-05" />
    <testcase name="Equals (69)" classname="spec_perl_TestImportsRel1_t" time="4.22000885009766e-05" />
  </testsuite>
  <testsuite name="spec_perl_TestParamsPassArrayUsertype_t" errors="0" failures="1" skipped="4" tests="5" time="0.0624840259552002">
    <system-out>1..5
not ok 1 - test_params_pass_array_usertype died (Can't use an undefined value as an ARRAY reference at compiled/perl/ParamsPassArrayUsertype.pm line 123.)
ok 2 # skip test_params_pass_array_usertype died
ok 3 # skip test_params_pass_array_usertype died
ok 4 # skip test_params_pass_array_usertype died
ok 5 # skip test_params_pass_array_usertype died
</system-out>
    <testcase name="test_params_pass_array_usertype died (Can't use an undefined value as an ARRAY reference at compiled/perl/ParamsPassArrayUsertype.pm line 123.) (69)" classname="spec_perl_TestParamsPassArrayUsertype_t" time="0.000234842300415039">
      <failure message="not ok 1 - test_params_pass_array_usertype died (Can't use an undefined value as an ARRAY reference at compiled/perl/ParamsPassArrayUsertype.pm line 123.)" type="TAP::Parser::Result::Test"></failure>
    </testcase>
    <testcase name="Unnamed test case 69" classname="spec_perl_TestParamsPassArrayUsertype_t" time="0.000982046127319336">
      <skipped message="ok 2 # skip test_params_pass_array_usertype died" />
    </testcase>
    <testcase name="Unnamed test case 70" classname="spec_perl_TestParamsPassArrayUsertype_t" time="6.19888305664062e-05">
      <skipped message="ok 3 # skip test_params_pass_array_usertype died" />
    </testcase>
    <testcase name="Unnamed test case 71" classname="spec_perl_TestParamsPassArrayUsertype_t" time="0.000230073928833008">
      <skipped message="ok 4 # skip test_params_pass_array_usertype died" />
    </testcase>
    <testcase name="Unnamed test case 72" classname="spec_perl_TestParamsPassArrayUsertype_t" time="6.103515625e-05">
      <skipped message="ok 5 # skip test_params_pass_array_usertype died" />
    </testcase>
  </testsuite>
  <testsuite name="spec_perl_TestSwitchIntegers2_t" errors="0" failures="0" skipped="0" tests="5" time="0.0606229305267334">
    <system-out>1..5
ok 1 - Equals
ok 2 - Equals
ok 3 - Equals
ok 4 - Equals
ok 5 - Equals
</system-out>
    <testcase name="Equals (72)" classname="spec_perl_TestSwitchIntegers2_t" time="0.000192880630493164" />
    <testcase name="Equals (73)" classname="spec_perl_TestSwitchIntegers2_t" time="8.20159912109375e-05" />
    <testcase name="Equals (74)" classname="spec_perl_TestSwitchIntegers2_t" time="0.000106096267700195" />
    <testcase name="Equals (75)" classname="spec_perl_TestSwitchIntegers2_t" time="0.000102996826171875" />
    <testcase name="Equals (76)" classname="spec_perl_TestSwitchIntegers2_t" time="9.79900360107422e-05" />
  </testsuite>
  <testsuite name="spec_perl_TestSwitchRepeatExprInvalid_t" errors="0" failures="0" skipped="0" tests="3" time="0.0617821216583252">
    <system-out>1..3
ok 1 - Equals
ok 2 - Equals
ok 3 - Equals
</system-out>
    <testcase name="Equals (77)" classname="spec_perl_TestSwitchRepeatExprInvalid_t" time="0.000214815139770508" />
    <testcase name="Equals (78)" classname="spec_perl_TestSwitchRepeatExprInvalid_t" time="9.10758972167969e-05" />
    <testcase name="Equals (79)" classname="spec_perl_TestSwitchRepeatExprInvalid_t" time="0.000108957290649414" />
  </testsuite>
  <testsuite name="spec_perl_TestProcessCoerceSwitch_t" errors="0" failures="0" skipped="0" tests="3" time="0.0609638690948486">
    <system-out>1..3
ok 1 - Equals
ok 2 - Equals
ok 3 - Equals
</system-out>
    <testcase name="Equals (80)" classname="spec_perl_TestProcessCoerceSwitch_t" time="0.000480175018310547" />
    <testcase name="Equals (81)" classname="spec_perl_TestProcessCoerceSwitch_t" time="9.08374786376953e-05" />
    <testcase name="Equals (82)" classname="spec_perl_TestProcessCoerceSwitch_t" time="0.000111103057861328" />
  </testsuite>
  <testsuite name="spec_perl_TestMetaTags_t" errors="0" failures="0" skipped="1" tests="1" time="0.061366081237793">
    <system-out>1..1
ok 1 # skip MetaTags=HASH(0x560071f5b3a0)
</system-out>
    <testcase name="Unnamed test case 82" classname="spec_perl_TestMetaTags_t" time="0.00111794471740723">
      <skipped message="ok 1 # skip MetaTags=HASH(0x560071f5b3a0)" />
    </testcase>
  </testsuite>
  <testsuite name="spec_perl_TestExprOpsParens_t" errors="0" failures="1" skipped="0" tests="9" time="0.063884973526001">
    <system-out>1..9
ok 1 - Equals
ok 2 - Equals
ok 3 - Equals
ok 4 - Equals
ok 5 - Equals
ok 6 - Equals
not ok 7 - Equals
ok 8 - Equals
ok 9 - Equals
</system-out>
    <testcase name="Equals (83)" classname="spec_perl_TestExprOpsParens_t" time="0.000203847885131836" />
    <testcase name="Equals (84)" classname="spec_perl_TestExprOpsParens_t" time="9.60826873779297e-05" />
    <testcase name="Equals (85)" classname="spec_perl_TestExprOpsParens_t" time="0.000118017196655273" />
    <testcase name="Equals (86)" classname="spec_perl_TestExprOpsParens_t" time="0.000115871429443359" />
    <testcase name="Equals (87)" classname="spec_perl_TestExprOpsParens_t" time="0.000115156173706055" />
    <testcase name="Equals (88)" classname="spec_perl_TestExprOpsParens_t" time="0.000108003616333008" />
    <testcase name="Equals (89)" classname="spec_perl_TestExprOpsParens_t" time="0.000159025192260742">
      <failure message="not ok 7 - Equals" type="TAP::Parser::Result::Test"></failure>
    </testcase>
    <testcase name="Equals (90)" classname="spec_perl_TestExprOpsParens_t" time="0.00154900550842285" />
    <testcase name="Equals (91)" classname="spec_perl_TestExprOpsParens_t" time="4.38690185546875e-05" />
  </testsuite>
  <testsuite name="spec_perl_TestSwitchRepeatExpr_t" errors="0" failures="0" skipped="0" tests="3" time="0.0617949962615967">
    <system-out>1..3
ok 1 - Equals
ok 2 - Equals
ok 3 - Equals
</system-out>
    <testcase name="Equals (92)" classname="spec_perl_TestSwitchRepeatExpr_t" time="0.000496149063110352" />
    <testcase name="Equals (93)" classname="spec_perl_TestSwitchRepeatExpr_t" time="8.89301300048828e-05" />
    <testcase name="Equals (94)" classname="spec_perl_TestSwitchRepeatExpr_t" time="0.000111103057861328" />
  </testsuite>
  <testsuite name="spec_perl_TestSwitchCast_t" errors="0" failures="0" skipped="0" tests="2" time="0.065126895904541">
    <system-out>1..2
ok 1 - Equals
ok 2 - Equals
</system-out>
    <testcase name="Equals (95)" classname="spec_perl_TestSwitchCast_t" time="0.000271081924438477" />
    <testcase name="Equals (96)" classname="spec_perl_TestSwitchCast_t" time="9.79900360107422e-05" />
  </testsuite>
  <testsuite name="spec_perl_TestEnumToIClassBorder1_t" errors="0" failures="1" skipped="0" tests="3" time="0.0624151229858398">
    <system-out>1..3
ok 1 - Equals
ok 2 - Equals
not ok 3 - test_enum_to_i_class_border_1 died (Can't call method &quot;some_dog&quot; on an undefined value at compiled/perl/EnumToIClassBorder2.pm line 42.)
</system-out>
    <testcase name="Equals (97)" classname="spec_perl_TestEnumToIClassBorder1_t" time="0.000220060348510742" />
    <testcase name="Equals (98)" classname="spec_perl_TestEnumToIClassBorder1_t" time="8.48770141601562e-05" />
    <testcase name="test_enum_to_i_class_border_1 died (Can't call method &quot;some_dog&quot; on an undefined value at compiled/perl/EnumToIClassBorder2.pm line 42.) (98)" classname="spec_perl_TestEnumToIClassBorder1_t" time="0.000211954116821289">
      <failure message="not ok 3 - test_enum_to_i_class_border_1 died (Can't call method &quot;some_dog&quot; on an undefined value at compiled/perl/EnumToIClassBorder2.pm line 42.)" type="TAP::Parser::Result::Test"></failure>
    </testcase>
  </testsuite>
  <testsuite name="spec_perl_TestEnumLongRangeS_t" errors="0" failures="0" skipped="0" tests="7" time="0.0612249374389648">
    <system-out>1..7
ok 1 - Equals
ok 2 - Equals
ok 3 - Equals
ok 4 - Equals
ok 5 - Equals
ok 6 - Equals
ok 7 - Equals
</system-out>
    <testcase name="Equals (99)" classname="spec_perl_TestEnumLongRangeS_t" time="0.000198841094970703" />
    <testcase name="Equals (100)" classname="spec_perl_TestEnumLongRangeS_t" time="9.01222229003906e-05" />
    <testcase name="Equals (101)" classname="spec_perl_TestEnumLongRangeS_t" time="0.000104904174804688" />
    <testcase name="Equals (102)" classname="spec_perl_TestEnumLongRangeS_t" time="0.000101089477539062" />
    <testcase name="Equals (103)" classname="spec_perl_TestEnumLongRangeS_t" time="9.70363616943359e-05" />
    <testcase name="Equals (104)" classname="spec_perl_TestEnumLongRangeS_t" time="9.98973846435547e-05" />
    <testcase name="Equals (105)" classname="spec_perl_TestEnumLongRangeS_t" time="0.000103950500488281" />
  </testsuite>
  <testsuite name="spec_perl_TestExprEnum_t" errors="0" failures="0" skipped="0" tests="3" time="0.0605740547180176">
    <system-out>1..3
ok 1 - Equals
ok 2 - Equals
ok 3 - Equals
</system-out>
    <testcase name="Equals (106)" classname="spec_perl_TestExprEnum_t" time="0.000185012817382812" />
    <testcase name="Equals (107)" classname="spec_perl_TestExprEnum_t" time="8.67843627929688e-05" />
    <testcase name="Equals (108)" classname="spec_perl_TestExprEnum_t" time="0.000115156173706055" />
  </testsuite>
  <testsuite name="spec_perl_TestNestedTypes2_t" errors="0" failures="0" skipped="0" tests="7" time="0.0617029666900635">
    <system-out>1..7
ok 1 - Equals
ok 2 - Equals
ok 3 - Equals
ok 4 - Equals
ok 5 - Equals
ok 6 - Equals
ok 7 - Equals
</system-out>
    <testcase name="Equals (109)" classname="spec_perl_TestNestedTypes2_t" time="0.000240087509155273" />
    <testcase name="Equals (110)" classname="spec_perl_TestNestedTypes2_t" time="9.39369201660156e-05" />
    <testcase name="Equals (111)" classname="spec_perl_TestNestedTypes2_t" time="0.000107049942016602" />
    <testcase name="Equals (112)" classname="spec_perl_TestNestedTypes2_t" time="0.000103950500488281" />
    <testcase name="Equals (113)" classname="spec_perl_TestNestedTypes2_t" time="0.000102996826171875" />
    <testcase name="Equals (114)" classname="spec_perl_TestNestedTypes2_t" time="9.98973846435547e-05" />
    <testcase name="Equals (115)" classname="spec_perl_TestNestedTypes2_t" time="0.000102043151855469" />
  </testsuite>
  <testsuite name="spec_perl_TestParamsCallExtraParens_t" errors="0" failures="1" skipped="0" tests="1" time="0.0677659511566162">
    <system-out>1..1
not ok 1 - Equals
</system-out>
    <testcase name="Equals (116)" classname="spec_perl_TestParamsCallExtraParens_t" time="0.000128984451293945">
      <failure message="not ok 1 - Equals" type="TAP::Parser::Result::Test"></failure>
    </testcase>
  </testsuite>
  <testsuite name="spec_perl_TestEosExceptionU4_t" errors="0" failures="0" skipped="0" tests="1" time="0.0623891353607178">
    <system-out>1..1
ok 1 - threw /^Requested \d+ bytes, but only \d+ bytes available/
</system-out>
    <testcase name="threw /^Requested \d+ bytes, but only \d+ bytes available/ (116)" classname="spec_perl_TestEosExceptionU4_t" time="0.000441074371337891" />
  </testsuite>
  <testsuite name="spec_perl_TestRepeatNStruct_t" errors="0" failures="0" skipped="0" tests="5" time="0.0609040260314941">
    <system-out>1..5
ok 1 - Equals
ok 2 - Equals
ok 3 - Equals
ok 4 - Equals
ok 5 - Equals
</system-out>
    <testcase name="Equals (117)" classname="spec_perl_TestRepeatNStruct_t" time="0.000230073928833008" />
    <testcase name="Equals (118)" classname="spec_perl_TestRepeatNStruct_t" time="9.51290130615234e-05" />
    <testcase name="Equals (119)" classname="spec_perl_TestRepeatNStruct_t" time="9.89437103271484e-05" />
    <testcase name="Equals (120)" classname="spec_perl_TestRepeatNStruct_t" time="0.000104904174804688" />
    <testcase name="Equals (121)" classname="spec_perl_TestRepeatNStruct_t" time="0.000102043151855469" />
  </testsuite>
  <testsuite name="spec_perl_TestEnumDeepLiterals_t" errors="0" failures="0" skipped="0" tests="2" time="0.0607759952545166">
    <system-out>1..2
ok 1 - Equals
ok 2 - Equals
</system-out>
    <testcase name="Equals (122)" classname="spec_perl_TestEnumDeepLiterals_t" time="0.000203847885131836" />
    <testcase name="Equals (123)" classname="spec_perl_TestEnumDeepLiterals_t" time="7.51018524169922e-05" />
  </testsuite>
  <testsuite name="spec_perl_TestParamsPassBool_t" errors="0" failures="1" skipped="13" tests="14" time="0.0635409355163574">
    <system-out>1..14
not ok 1 - test_params_pass_bool died (Requested 2 bytes, but only 1 bytes available at ../runtime/perl/lib/IO/KaitaiStruct.pm line 338.)
ok 2 # skip test_params_pass_bool died
ok 3 # skip test_params_pass_bool died
ok 4 # skip test_params_pass_bool died
ok 5 # skip test_params_pass_bool died
ok 6 # skip test_params_pass_bool died
ok 7 # skip test_params_pass_bool died
ok 8 # skip test_params_pass_bool died
ok 9 # skip test_params_pass_bool died
ok 10 # skip test_params_pass_bool died
ok 11 # skip test_params_pass_bool died
ok 12 # skip test_params_pass_bool died
ok 13 # skip test_params_pass_bool died
ok 14 # skip test_params_pass_bool died
</system-out>
    <testcase name="test_params_pass_bool died (Requested 2 bytes, but only 1 bytes available at ../runtime/perl/lib/IO/KaitaiStruct.pm line 338.) (123)" classname="spec_perl_TestParamsPassBool_t" time="0.000262975692749023">
      <failure message="not ok 1 - test_params_pass_bool died (Requested 2 bytes, but only 1 bytes available at ../runtime/perl/lib/IO/KaitaiStruct.pm line 338.)" type="TAP::Parser::Result::Test"></failure>
    </testcase>
    <testcase name="Unnamed test case 123" classname="spec_perl_TestParamsPassBool_t" time="0.00099492073059082">
      <skipped message="ok 2 # skip test_params_pass_bool died" />
    </testcase>
    <testcase name="Unnamed test case 124" classname="spec_perl_TestParamsPassBool_t" time="0.000113010406494141">
      <skipped message="ok 3 # skip test_params_pass_bool died" />
    </testcase>
    <testcase name="Unnamed test case 125" classname="spec_perl_TestParamsPassBool_t" time="8.79764556884766e-05">
      <skipped message="ok 4 # skip test_params_pass_bool died" />
    </testcase>
    <testcase name="Unnamed test case 126" classname="spec_perl_TestParamsPassBool_t" time="8.60691070556641e-05">
      <skipped message="ok 5 # skip test_params_pass_bool died" />
    </testcase>
    <testcase name="Unnamed test case 127" classname="spec_perl_TestParamsPassBool_t" time="8.70227813720703e-05">
      <skipped message="ok 6 # skip test_params_pass_bool died" />
    </testcase>
    <testcase name="Unnamed test case 128" classname="spec_perl_TestParamsPassBool_t" time="9.39369201660156e-05">
      <skipped message="ok 7 # skip test_params_pass_bool died" />
    </testcase>
    <testcase name="Unnamed test case 129" classname="spec_perl_TestParamsPassBool_t" time="8.70227813720703e-05">
      <skipped message="ok 8 # skip test_params_pass_bool died" />
    </testcase>
    <testcase name="Unnamed test case 130" classname="spec_perl_TestParamsPassBool_t" time="8.10623168945312e-05">
      <skipped message="ok 9 # skip test_params_pass_bool died" />
    </testcase>
    <testcase name="Unnamed test case 131" classname="spec_perl_TestParamsPassBool_t" time="9.20295715332031e-05">
      <skipped message="ok 10 # skip test_params_pass_bool died" />
    </testcase>
    <testcase name="Unnamed test case 132" classname="spec_perl_TestParamsPassBool_t" time="8.60691070556641e-05">
      <skipped message="ok 11 # skip test_params_pass_bool died" />
    </testcase>
    <testcase name="Unnamed test case 133" classname="spec_perl_TestParamsPassBool_t" time="7.98702239990234e-05">
      <skipped message="ok 12 # skip test_params_pass_bool died" />
    </testcase>
    <testcase name="Unnamed test case 134" classname="spec_perl_TestParamsPassBool_t" time="8.60691070556641e-05">
      <skipped message="ok 13 # skip test_params_pass_bool died" />
    </testcase>
    <testcase name="Unnamed test case 135" classname="spec_perl_TestParamsPassBool_t" time="8.60691070556641e-05">
      <skipped message="ok 14 # skip test_params_pass_bool died" />
    </testcase>
  </testsuite>
  <testsuite name="spec_perl_TestProcessCustom_t" errors="1" failures="0" skipped="0" tests="0" time="0.058513879776001">
    <system-out></system-out>
    <testcase name="Test died too soon, even before plan. (135)" classname="spec_perl_TestProcessCustom_t" time="0.058513879776001">
      <failure message="The test suite died before a plan was produced. You need to have a plan." type="Plan">No plan</failure>
    </testcase>
  </testsuite>
  <testsuite name="spec_perl_TestExprBits_t" errors="0" failures="0" skipped="0" tests="10" time="0.0623929500579834">
    <system-out>1..10
ok 1 - Equals
ok 2 - Equals
ok 3 - Equals
ok 4 - Equals
ok 5 - Equals
ok 6 - Equals
ok 7 - Equals
ok 8 - Equals
ok 9 - Equals
ok 10 - Equals
</system-out>
    <testcase name="Equals (135)" classname="spec_perl_TestExprBits_t" time="0.000206947326660156" />
    <testcase name="Equals (136)" classname="spec_perl_TestExprBits_t" time="8.0108642578125e-05" />
    <testcase name="Equals (137)" classname="spec_perl_TestExprBits_t" time="0.000103950500488281" />
    <testcase name="Equals (138)" classname="spec_perl_TestExprBits_t" time="0.000102996826171875" />
    <testcase name="Equals (139)" classname="spec_perl_TestExprBits_t" time="0.000101089477539062" />
    <testcase name="Equals (140)" classname="spec_perl_TestExprBits_t" time="9.98973846435547e-05" />
    <testcase name="Equals (141)" classname="spec_perl_TestExprBits_t" time="0.000102996826171875" />
    <testcase name="Equals (142)" classname="spec_perl_TestExprBits_t" time="9.20295715332031e-05" />
    <testcase name="Equals (143)" classname="spec_perl_TestExprBits_t" time="9.98973846435547e-05" />
    <testcase name="Equals (144)" classname="spec_perl_TestExprBits_t" time="0.000128030776977539" />
  </testsuite>
  <testsuite name="spec_perl_TestEnumLongRangeU_t" errors="0" failures="0" skipped="0" tests="4" time="0.0611720085144043">
    <system-out>1..4
ok 1 - Equals
ok 2 - Equals
ok 3 - Equals
ok 4 - Equals
</system-out>
    <testcase name="Equals (145)" classname="spec_perl_TestEnumLongRangeU_t" time="0.000216007232666016" />
    <testcase name="Equals (146)" classname="spec_perl_TestEnumLongRangeU_t" time="8.10623168945312e-05" />
    <testcase name="Equals (147)" classname="spec_perl_TestEnumLongRangeU_t" time="0.000110864639282227" />
    <testcase name="Equals (148)" classname="spec_perl_TestEnumLongRangeU_t" time="0.000101089477539062" />
  </testsuite>
  <testsuite name="spec_perl_TestExpr3_t" errors="0" failures="0" skipped="0" tests="12" time="0.0659139156341553">
    <system-out>1..12
ok 1 - Equals
ok 2 - Equals
ok 3 - Equals
ok 4 - Equals
ok 5 - Equals
ok 6 - Equals
ok 7 - Equals
ok 8 - Equals
ok 9 - Equals
ok 10 - Equals
ok 11 - Equals
ok 12 - Equals
</system-out>
    <testcase name="Equals (149)" classname="spec_perl_TestExpr3_t" time="0.000222206115722656" />
    <testcase name="Equals (150)" classname="spec_perl_TestExpr3_t" time="8.70227813720703e-05" />
    <testcase name="Equals (151)" classname="spec_perl_TestExpr3_t" time="0.000104904174804688" />
    <testcase name="Equals (152)" classname="spec_perl_TestExpr3_t" time="0.000102043151855469" />
    <testcase name="Equals (153)" classname="spec_perl_TestExpr3_t" time="9.20295715332031e-05" />
    <testcase name="Equals (154)" classname="spec_perl_TestExpr3_t" time="8.89301300048828e-05" />
    <testcase name="Equals (155)" classname="spec_perl_TestExpr3_t" time="8.98838043212891e-05" />
    <testcase name="Equals (156)" classname="spec_perl_TestExpr3_t" time="7.91549682617188e-05" />
    <testcase name="Equals (157)" classname="spec_perl_TestExpr3_t" time="9.39369201660156e-05" />
    <testcase name="Equals (158)" classname="spec_perl_TestExpr3_t" time="7.89165496826172e-05" />
    <testcase name="Equals (159)" classname="spec_perl_TestExpr3_t" time="9.41753387451172e-05" />
    <testcase name="Equals (160)" classname="spec_perl_TestExpr3_t" time="8.392333984375e-05" />
  </testsuite>
  <testsuite name="spec_perl_TestExprMod_t" errors="0" failures="0" skipped="0" tests="6" time="0.0611732006072998">
    <system-out>1..6
ok 1 - Equals
ok 2 - Equals
ok 3 - Equals
ok 4 - Equals
ok 5 - Equals
ok 6 - Equals
</system-out>
    <testcase name="Equals (161)" classname="spec_perl_TestExprMod_t" time="0.000207901000976562" />
    <testcase name="Equals (162)" classname="spec_perl_TestExprMod_t" time="9.01222229003906e-05" />
    <testcase name="Equals (163)" classname="spec_perl_TestExprMod_t" time="0.000103950500488281" />
    <testcase name="Equals (164)" classname="spec_perl_TestExprMod_t" time="0.000104904174804688" />
    <testcase name="Equals (165)" classname="spec_perl_TestExprMod_t" time="0.000102043151855469" />
    <testcase name="Equals (166)" classname="spec_perl_TestExprMod_t" time="0.000101089477539062" />
  </testsuite>
  <testsuite name="spec_perl_TestIndexToParamUntil_t" errors="0" failures="2" skipped="0" tests="7" time="0.0687298774719238">
    <system-out>1..7
ok 1 - Equals
ok 2 - Equals
ok 3 - Equals
ok 4 - Equals
ok 5 - Equals
not ok 6 - Equals
not ok 7 - Equals
</system-out>
    <testcase name="Equals (167)" classname="spec_perl_TestIndexToParamUntil_t" time="0.00130796432495117" />
    <testcase name="Equals (168)" classname="spec_perl_TestIndexToParamUntil_t" time="8.392333984375e-05" />
    <testcase name="Equals (169)" classname="spec_perl_TestIndexToParamUntil_t" time="0.000100135803222656" />
    <testcase name="Equals (170)" classname="spec_perl_TestIndexToParamUntil_t" time="0.000100851058959961" />
    <testcase name="Equals (171)" classname="spec_perl_TestIndexToParamUntil_t" time="0.000105142593383789" />
    <testcase name="Equals (172)" classname="spec_perl_TestIndexToParamUntil_t" time="0.000155925750732422">
      <failure message="not ok 6 - Equals" type="TAP::Parser::Result::Test"></failure>
    </testcase>
    <testcase name="Equals (173)" classname="spec_perl_TestIndexToParamUntil_t" time="0.00094294548034668">
      <failure message="not ok 7 - Equals" type="TAP::Parser::Result::Test"></failure>
    </testcase>
  </testsuite>
  <testsuite name="spec_perl_TestCombineBool_t" errors="0" failures="0" skipped="0" tests="2" time="0.0606129169464111">
    <system-out>1..2
ok 1 - Equals
ok 2 - Equals
</system-out>
    <testcase name="Equals (174)" classname="spec_perl_TestCombineBool_t" time="0.000212192535400391" />
    <testcase name="Equals (175)" classname="spec_perl_TestCombineBool_t" time="7.08103179931641e-05" />
  </testsuite>
  <testsuite name="spec_perl_TestTsPacketHeader_t" errors="0" failures="0" skipped="0" tests="7" time="0.0623259544372559">
    <system-out>1..7
ok 1 - Equals
ok 2 - Equals
ok 3 - Equals
ok 4 - Equals
ok 5 - Equals
ok 6 - Equals
ok 7 - Equals
</system-out>
    <testcase name="Equals (176)" classname="spec_perl_TestTsPacketHeader_t" time="0.000252962112426758" />
    <testcase name="Equals (177)" classname="spec_perl_TestTsPacketHeader_t" time="7.29560852050781e-05" />
    <testcase name="Equals (178)" classname="spec_perl_TestTsPacketHeader_t" time="9.51290130615234e-05" />
    <testcase name="Equals (179)" classname="spec_perl_TestTsPacketHeader_t" time="8.392333984375e-05" />
    <testcase name="Equals (180)" classname="spec_perl_TestTsPacketHeader_t" time="9.70363616943359e-05" />
    <testcase name="Equals (181)" classname="spec_perl_TestTsPacketHeader_t" time="0.000101089477539062" />
    <testcase name="Equals (182)" classname="spec_perl_TestTsPacketHeader_t" time="9.79900360107422e-05" />
  </testsuite>
  <testsuite name="spec_perl_TestTypeTernary_t" errors="0" failures="0" skipped="0" tests="1" time="0.061586856842041">
    <system-out>1..1
ok 1 - Equals
</system-out>
    <testcase name="Equals (183)" classname="spec_perl_TestTypeTernary_t" time="0.000509977340698242" />
  </testsuite>
  <testsuite name="spec_perl_TestExprBytesCmp_t" errors="0" failures="0" skipped="0" tests="10" time="0.0616660118103027">
    <system-out>1..10
ok 1 - Equals
ok 2 - Equals
ok 3 - Equals
ok 4 - Equals
ok 5 - Equals
ok 6 - Equals
ok 7 - Equals
ok 8 - Equals
ok 9 - Equals
ok 10 - Equals
</system-out>
    <testcase name="Equals (184)" classname="spec_perl_TestExprBytesCmp_t" time="0.000205039978027344" />
    <testcase name="Equals (185)" classname="spec_perl_TestExprBytesCmp_t" time="8.51154327392578e-05" />
    <testcase name="Equals (186)" classname="spec_perl_TestExprBytesCmp_t" time="0.000100851058959961" />
    <testcase name="Equals (187)" classname="spec_perl_TestExprBytesCmp_t" time="9.39369201660156e-05" />
    <testcase name="Equals (188)" classname="spec_perl_TestExprBytesCmp_t" time="9.10758972167969e-05" />
    <testcase name="Equals (189)" classname="spec_perl_TestExprBytesCmp_t" time="8.89301300048828e-05" />
    <testcase name="Equals (190)" classname="spec_perl_TestExprBytesCmp_t" time="0.000112056732177734" />
    <testcase name="Equals (191)" classname="spec_perl_TestExprBytesCmp_t" time="9.01222229003906e-05" />
    <testcase name="Equals (192)" classname="spec_perl_TestExprBytesCmp_t" time="8.58306884765625e-05" />
    <testcase name="Equals (193)" classname="spec_perl_TestExprBytesCmp_t" time="9.60826873779297e-05" />
  </testsuite>
  <testsuite name="spec_perl_TestStrLiterals2_t" errors="0" failures="0" skipped="0" tests="4" time="0.0606288909912109">
    <system-out>1..4
ok 1 - Equals
ok 2 - Equals
ok 3 - Equals
ok 4 - Equals
</system-out>
    <testcase name="Equals (194)" classname="spec_perl_TestStrLiterals2_t" time="0.000218868255615234" />
    <testcase name="Equals (195)" classname="spec_perl_TestStrLiterals2_t" time="8.70227813720703e-05" />
    <testcase name="Equals (196)" classname="spec_perl_TestStrLiterals2_t" time="0.000117063522338867" />
    <testcase name="Equals (197)" classname="spec_perl_TestStrLiterals2_t" time="9.98973846435547e-05" />
  </testsuite>
  <testsuite name="spec_perl_TestProcessCoerceUsertype1_t" errors="0" failures="0" skipped="0" tests="4" time="0.0614931583404541">
    <system-out>1..4
ok 1 - Equals
ok 2 - Equals
ok 3 - Equals
ok 4 - Equals
</system-out>
    <testcase name="Equals (198)" classname="spec_perl_TestProcessCoerceUsertype1_t" time="0.000488042831420898" />
    <testcase name="Equals (199)" classname="spec_perl_TestProcessCoerceUsertype1_t" time="8.67843627929688e-05" />
    <testcase name="Equals (200)" classname="spec_perl_TestProcessCoerceUsertype1_t" time="0.000106096267700195" />
    <testcase name="Equals (201)" classname="spec_perl_TestProcessCoerceUsertype1_t" time="0.000104904174804688" />
  </testsuite>
  <testsuite name="spec_perl_TestProcessCoerceBytes_t" errors="0" failures="0" skipped="0" tests="4" time="0.0614039897918701">
    <system-out>1..4
ok 1 - Equals
ok 2 - Equals
ok 3 - Equals
ok 4 - Equals
</system-out>
    <testcase name="Equals (202)" classname="spec_perl_TestProcessCoerceBytes_t" time="0.000115156173706055" />
    <testcase name="Equals (203)" classname="spec_perl_TestProcessCoerceBytes_t" time="3.98159027099609e-05" />
    <testcase name="Equals (204)" classname="spec_perl_TestProcessCoerceBytes_t" time="2.81333923339844e-05" />
    <testcase name="Equals (205)" classname="spec_perl_TestProcessCoerceBytes_t" time="2.59876251220703e-05" />
  </testsuite>
  <testsuite name="spec_perl_TestFloatToI_t" errors="0" failures="0" skipped="0" tests="8" time="0.0615279674530029">
    <system-out>1..8
ok 1 - Approx equals
ok 2 - Approx equals
ok 3 - Equals
ok 4 - Equals
ok 5 - Equals
ok 6 - Equals
ok 7 - Equals
ok 8 - Equals
</system-out>
    <testcase name="Approx equals (205)" classname="spec_perl_TestFloatToI_t" time="0.000108003616333008" />
    <testcase name="Approx equals (206)" classname="spec_perl_TestFloatToI_t" time="4.22000885009766e-05" />
    <testcase name="Equals (206)" classname="spec_perl_TestFloatToI_t" time="0.000113964080810547" />
    <testcase name="Equals (207)" classname="spec_perl_TestFloatToI_t" time="0.00014495849609375" />
    <testcase name="Equals (208)" classname="spec_perl_TestFloatToI_t" time="0.00010991096496582" />
    <testcase name="Equals (209)" classname="spec_perl_TestFloatToI_t" time="0.000110149383544922" />
    <testcase name="Equals (210)" classname="spec_perl_TestFloatToI_t" time="9.70363616943359e-05" />
    <testcase name="Equals (211)" classname="spec_perl_TestFloatToI_t" time="9.98973846435547e-05" />
  </testsuite>
  <testsuite name="spec_perl_TestExpr0_t" errors="0" failures="0" skipped="0" tests="2" time="0.0605769157409668">
    <system-out>1..2
ok 1 - Equals
ok 2 - Equals
</system-out>
    <testcase name="Equals (212)" classname="spec_perl_TestExpr0_t" time="0.000216960906982422" />
    <testcase name="Equals (213)" classname="spec_perl_TestExpr0_t" time="9.41753387451172e-05" />
  </testsuite>
  <testsuite name="spec_perl_TestEosExceptionBytes_t" errors="0" failures="0" skipped="0" tests="1" time="0.0620319843292236">
    <system-out>1..1
ok 1 - threw /^Requested \d+ bytes, but only \d+ bytes available/
</system-out>
    <testcase name="threw /^Requested \d+ bytes, but only \d+ bytes available/ (213)" classname="spec_perl_TestEosExceptionBytes_t" time="0.0004119873046875" />
  </testsuite>
  <testsuite name="spec_perl_TestBitsUnalignedB32Le_t" errors="0" failures="0" skipped="0" tests="3" time="0.0608599185943604">
    <system-out>1..3
ok 1 - Equals
ok 2 - Equals
ok 3 - Equals
</system-out>
    <testcase name="Equals (214)" classname="spec_perl_TestBitsUnalignedB32Le_t" time="0.000213861465454102" />
    <testcase name="Equals (215)" classname="spec_perl_TestBitsUnalignedB32Le_t" time="8.79764556884766e-05" />
    <testcase name="Equals (216)" classname="spec_perl_TestBitsUnalignedB32Le_t" time="0.000107049942016602" />
  </testsuite>
  <testsuite name="spec_perl_TestPositionToEnd_t" errors="0" failures="0" skipped="0" tests="2" time="0.0603668689727783">
    <system-out>1..2
ok 1 - Equals
ok 2 - Equals
</system-out>
    <testcase name="Equals (217)" classname="spec_perl_TestPositionToEnd_t" time="0.000226020812988281" />
    <testcase name="Equals (218)" classname="spec_perl_TestPositionToEnd_t" time="8.60691070556641e-05" />
  </testsuite>
  <testsuite name="spec_perl_TestRepeatUntilS4_t" errors="0" failures="0" skipped="0" tests="2" time="0.06467604637146">
    <system-out>1..2
ok 1 - Equals
ok 2 - Equals
</system-out>
    <testcase name="Equals (219)" classname="spec_perl_TestRepeatUntilS4_t" time="0.000223875045776367" />
    <testcase name="Equals (220)" classname="spec_perl_TestRepeatUntilS4_t" time="0.000104188919067383" />
  </testsuite>
  <testsuite name="spec_perl_TestProcessXor4Const_t" errors="0" failures="0" skipped="0" tests="2" time="0.0606670379638672">
    <system-out>1..2
ok 1 - Equals
ok 2 - Equals
</system-out>
    <testcase name="Equals (221)" classname="spec_perl_TestProcessXor4Const_t" time="0.000221967697143555" />
    <testcase name="Equals (222)" classname="spec_perl_TestProcessXor4Const_t" time="9.10758972167969e-05" />
  </testsuite>
  <testsuite name="spec_perl_TestIfStruct_t" errors="0" failures="0" skipped="0" tests="7" time="0.0660150051116943">
    <system-out>1..7
ok 1 - Equals
ok 2 - Equals
ok 3 - Equals
ok 4 - Equals
ok 5 - Equals
ok 6 - Equals
ok 7 - Equals
</system-out>
    <testcase name="Equals (223)" classname="spec_perl_TestIfStruct_t" time="0.0003509521484375" />
    <testcase name="Equals (224)" classname="spec_perl_TestIfStruct_t" time="0.000113964080810547" />
    <testcase name="Equals (225)" classname="spec_perl_TestIfStruct_t" time="0.000105142593383789" />
    <testcase name="Equals (226)" classname="spec_perl_TestIfStruct_t" time="0.000103950500488281" />
    <testcase name="Equals (227)" classname="spec_perl_TestIfStruct_t" time="9.79900360107422e-05" />
    <testcase name="Equals (228)" classname="spec_perl_TestIfStruct_t" time="9.98973846435547e-05" />
    <testcase name="Equals (229)" classname="spec_perl_TestIfStruct_t" time="9.41753387451172e-05" />
  </testsuite>
  <testsuite name="spec_perl_TestExpr2_t" errors="0" failures="0" skipped="0" tests="17" time="0.0681169033050537">
    <system-out>1..17
ok 1 - Equals
ok 2 - Equals
ok 3 - Equals
ok 4 - Equals
ok 5 - Equals
ok 6 - Equals
ok 7 - Equals
ok 8 - Equals
ok 9 - Equals
ok 10 - Equals
ok 11 - Equals
ok 12 - Equals
ok 13 - Equals
ok 14 - Equals
ok 15 - Equals
ok 16 - Equals
ok 17 - Equals
</system-out>
    <testcase name="Equals (230)" classname="spec_perl_TestExpr2_t" time="0.000553131103515625" />
    <testcase name="Equals (231)" classname="spec_perl_TestExpr2_t" time="8.58306884765625e-05" />
    <testcase name="Equals (232)" classname="spec_perl_TestExpr2_t" time="0.000127077102661133" />
    <testcase name="Equals (233)" classname="spec_perl_TestExpr2_t" time="0.000106096267700195" />
    <testcase name="Equals (234)" classname="spec_perl_TestExpr2_t" time="0.000101804733276367" />
    <testcase name="Equals (235)" classname="spec_perl_TestExpr2_t" time="0.000108003616333008" />
    <testcase name="Equals (236)" classname="spec_perl_TestExpr2_t" time="0.000104188919067383" />
    <testcase name="Equals (237)" classname="spec_perl_TestExpr2_t" time="0.00013279914855957" />
    <testcase name="Equals (238)" classname="spec_perl_TestExpr2_t" time="0.000123977661132812" />
    <testcase name="Equals (239)" classname="spec_perl_TestExpr2_t" time="0.000102043151855469" />
    <testcase name="Equals (240)" classname="spec_perl_TestExpr2_t" time="0.000103950500488281" />
    <testcase name="Equals (241)" classname="spec_perl_TestExpr2_t" time="9.20295715332031e-05" />
    <testcase name="Equals (242)" classname="spec_perl_TestExpr2_t" time="0.000101089477539062" />
    <testcase name="Equals (243)" classname="spec_perl_TestExpr2_t" time="0.000119924545288086" />
    <testcase name="Equals (244)" classname="spec_perl_TestExpr2_t" time="0.000102996826171875" />
    <testcase name="Equals (245)" classname="spec_perl_TestExpr2_t" time="9.918212890625e-05" />
    <testcase name="Equals (246)" classname="spec_perl_TestExpr2_t" time="9.89437103271484e-05" />
  </testsuite>
  <testsuite name="spec_perl_TestTermU1Val_t" errors="0" failures="0" skipped="0" tests="2" time="0.0655009746551514">
    <system-out>1..2
ok 1 - Equals
ok 2 - Equals
</system-out>
    <testcase name="Equals (247)" classname="spec_perl_TestTermU1Val_t" time="0.000291109085083008" />
    <testcase name="Equals (248)" classname="spec_perl_TestTermU1Val_t" time="8.392333984375e-05" />
  </testsuite>
  <testsuite name="spec_perl_TestBitsSeqEndianCombo_t" errors="0" failures="0" skipped="0" tests="8" time="0.0616350173950195">
    <system-out>1..8
ok 1 - Equals
ok 2 - Equals
ok 3 - Equals
ok 4 - Equals
ok 5 - Equals
ok 6 - Equals
ok 7 - Equals
ok 8 - Equals
</system-out>
    <testcase name="Equals (249)" classname="spec_perl_TestBitsSeqEndianCombo_t" time="0.000235795974731445" />
    <testcase name="Equals (250)" classname="spec_perl_TestBitsSeqEndianCombo_t" time="8.20159912109375e-05" />
    <testcase name="Equals (251)" classname="spec_perl_TestBitsSeqEndianCombo_t" time="9.918212890625e-05" />
    <testcase name="Equals (252)" classname="spec_perl_TestBitsSeqEndianCombo_t" time="9.79900360107422e-05" />
    <testcase name="Equals (253)" classname="spec_perl_TestBitsSeqEndianCombo_t" time="9.79900360107422e-05" />
    <testcase name="Equals (254)" classname="spec_perl_TestBitsSeqEndianCombo_t" time="9.58442687988281e-05" />
    <testcase name="Equals (255)" classname="spec_perl_TestBitsSeqEndianCombo_t" time="9.41753387451172e-05" />
    <testcase name="Equals (256)" classname="spec_perl_TestBitsSeqEndianCombo_t" time="0.000102996826171875" />
  </testsuite>
  <testsuite name="spec_perl_TestEnumForUnknownId_t" errors="0" failures="0" skipped="0" tests="1" time="0.0606448650360107">
    <system-out>1..1
ok 1 - Equals
</system-out>
    <testcase name="Equals (257)" classname="spec_perl_TestEnumForUnknownId_t" time="0.000220060348510742" />
  </testsuite>
  <testsuite name="spec_perl_TestDefaultEndianExprIsBe_t" errors="0" failures="0" skipped="0" tests="18" time="0.0628530979156494">
    <system-out>1..18
ok 1 - Equals
ok 2 - Equals
ok 3 - Equals
ok 4 - Equals
ok 5 - Equals
ok 6 - Equals
ok 7 - Equals
ok 8 - Equals
ok 9 - Equals
ok 10 - Equals
ok 11 - Equals
ok 12 - Equals
ok 13 - Equals
ok 14 - Equals
ok 15 - Equals
ok 16 - Equals
ok 17 - Equals
ok 18 - Equals
</system-out>
    <testcase name="Equals (258)" classname="spec_perl_TestDefaultEndianExprIsBe_t" time="0.00028681755065918" />
    <testcase name="Equals (259)" classname="spec_perl_TestDefaultEndianExprIsBe_t" time="9.918212890625e-05" />
    <testcase name="Equals (260)" classname="spec_perl_TestDefaultEndianExprIsBe_t" time="0.00010991096496582" />
    <testcase name="Equals (261)" classname="spec_perl_TestDefaultEndianExprIsBe_t" time="0.000108003616333008" />
    <testcase name="Equals (262)" classname="spec_perl_TestDefaultEndianExprIsBe_t" time="0.00010991096496582" />
    <testcase name="Equals (263)" classname="spec_perl_TestDefaultEndianExprIsBe_t" time="0.000123977661132812" />
    <testcase name="Equals (264)" classname="spec_perl_TestDefaultEndianExprIsBe_t" time="9.70363616943359e-05" />
    <testcase name="Equals (265)" classname="spec_perl_TestDefaultEndianExprIsBe_t" time="9.70363616943359e-05" />
    <testcase name="Equals (266)" classname="spec_perl_TestDefaultEndianExprIsBe_t" time="0.000102996826171875" />
    <testcase name="Equals (267)" classname="spec_perl_TestDefaultEndianExprIsBe_t" time="9.79900360107422e-05" />
    <testcase name="Equals (268)" classname="spec_perl_TestDefaultEndianExprIsBe_t" time="0.000113010406494141" />
    <testcase name="Equals (269)" classname="spec_perl_TestDefaultEndianExprIsBe_t" time="0.000108957290649414" />
    <testcase name="Equals (270)" classname="spec_perl_TestDefaultEndianExprIsBe_t" time="9.60826873779297e-05" />
    <testcase name="Equals (271)" classname="spec_perl_TestDefaultEndianExprIsBe_t" time="9.89437103271484e-05" />
    <testcase name="Equals (272)" classname="spec_perl_TestDefaultEndianExprIsBe_t" time="9.89437103271484e-05" />
    <testcase name="Equals (273)" classname="spec_perl_TestDefaultEndianExprIsBe_t" time="9.79900360107422e-05" />
    <testcase name="Equals (274)" classname="spec_perl_TestDefaultEndianExprIsBe_t" time="0.000109195709228516" />
    <testcase name="Equals (275)" classname="spec_perl_TestDefaultEndianExprIsBe_t" time="0.000131845474243164" />
  </testsuite>
  <testsuite name="spec_perl_TestParamsCallShort_t" errors="0" failures="3" skipped="0" tests="3" time="0.0730969905853271">
    <system-out>1..3
not ok 1 - Equals
not ok 2 - Equals
not ok 3 - Equals
</system-out>
    <testcase name="Equals (276)" classname="spec_perl_TestParamsCallShort_t" time="0.000812053680419922">
      <failure message="not ok 1 - Equals" type="TAP::Parser::Result::Test"></failure>
    </testcase>
    <testcase name="Equals (277)" classname="spec_perl_TestParamsCallShort_t" time="0.00114107131958008">
      <failure message="not ok 2 - Equals" type="TAP::Parser::Result::Test"></failure>
    </testcase>
    <testcase name="Equals (278)" classname="spec_perl_TestParamsCallShort_t" time="0.000906944274902344">
      <failure message="not ok 3 - Equals" type="TAP::Parser::Result::Test"></failure>
    </testcase>
  </testsuite>
  <testsuite name="spec_perl_TestEnumIntRangeS_t" errors="0" failures="0" skipped="0" tests="3" time="0.0606231689453125">
    <system-out>1..3
ok 1 - Equals
ok 2 - Equals
ok 3 - Equals
</system-out>
    <testcase name="Equals (279)" classname="spec_perl_TestEnumIntRangeS_t" time="0.000219821929931641" />
    <testcase name="Equals (280)" classname="spec_perl_TestEnumIntRangeS_t" time="9.51290130615234e-05" />
    <testcase name="Equals (281)" classname="spec_perl_TestEnumIntRangeS_t" time="0.000103950500488281" />
  </testsuite>
  <testsuite name="spec_perl_TestProcessXorConst_t" errors="0" failures="0" skipped="0" tests="2" time="0.0604641437530518">
    <system-out>1..2
ok 1 - Equals
ok 2 - Equals
</system-out>
    <testcase name="Equals (282)" classname="spec_perl_TestProcessXorConst_t" time="0.000218868255615234" />
    <testcase name="Equals (283)" classname="spec_perl_TestProcessXorConst_t" time="9.01222229003906e-05" />
  </testsuite>
  <testsuite name="spec_perl_TestParamsPassUsertype_t" errors="0" failures="1" skipped="1" tests="2" time="0.0615320205688477">
    <system-out>1..2
not ok 1 - test_params_pass_usertype died (Can't call method &quot;foo&quot; on an undefined value at compiled/perl/ParamsPassUsertype.pm line 119.)
ok 2 # skip test_params_pass_usertype died
</system-out>
    <testcase name="test_params_pass_usertype died (Can't call method &quot;foo&quot; on an undefined value at compiled/perl/ParamsPassUsertype.pm line 119.) (283)" classname="spec_perl_TestParamsPassUsertype_t" time="0.000230073928833008">
      <failure message="not ok 1 - test_params_pass_usertype died (Can't call method &quot;foo&quot; on an undefined value at compiled/perl/ParamsPassUsertype.pm line 119.)" type="TAP::Parser::Result::Test"></failure>
    </testcase>
    <testcase name="Unnamed test case 283" classname="spec_perl_TestParamsPassUsertype_t" time="0.00136899948120117">
      <skipped message="ok 2 # skip test_params_pass_usertype died" />
    </testcase>
  </testsuite>
  <testsuite name="spec_perl_TestRepeatNStrz_t" errors="0" failures="0" skipped="0" tests="2" time="0.0649080276489258">
    <system-out>1..2
ok 1 - Equals
ok 2 - Equals
</system-out>
    <testcase name="Equals (284)" classname="spec_perl_TestRepeatNStrz_t" time="0.000283002853393555" />
    <testcase name="Equals (285)" classname="spec_perl_TestRepeatNStrz_t" time="9.70363616943359e-05" />
  </testsuite>
  <testsuite name="spec_perl_TestValidNotParsedIf_t" errors="0" failures="0" skipped="1" tests="1" time="0.0623319149017334">
    <system-out>1..1
ok 1 # skip ValidNotParsedIf=HASH(0x55b438719a68)
</system-out>
    <testcase name="Unnamed test case 285" classname="spec_perl_TestValidNotParsedIf_t" time="0.00116300582885742">
      <skipped message="ok 1 # skip ValidNotParsedIf=HASH(0x55b438719a68)" />
    </testcase>
  </testsuite>
  <testsuite name="spec_perl_TestDefaultEndianExprException_t" errors="0" failures="0" skipped="0" tests="1" time="0.0620589256286621">
    <system-out>1..1
ok 1 - threw /^Unable to decide on endianness/
</system-out>
    <testcase name="threw /^Unable to decide on endianness/ (285)" classname="spec_perl_TestDefaultEndianExprException_t" time="0.000220060348510742" />
  </testsuite>
  <testsuite name="spec_perl_TestBitsSignedResB32Be_t" errors="0" failures="0" skipped="0" tests="1" time="0.0605509281158447">
    <system-out>1..1
ok 1 - Equals
</system-out>
    <testcase name="Equals (286)" classname="spec_perl_TestBitsSignedResB32Be_t" time="0.000204086303710938" />
  </testsuite>
  <testsuite name="spec_perl_TestCombineStr_t" errors="0" failures="0" skipped="0" tests="15" time="0.0665719509124756">
    <system-out>1..15
ok 1 - Equals
ok 2 - Equals
ok 3 - Equals
ok 4 - Equals
ok 5 - Equals
ok 6 - Equals
ok 7 - Equals
ok 8 - Equals
ok 9 - Equals
ok 10 - Equals
ok 11 - Equals
ok 12 - Equals
ok 13 - Equals
ok 14 - Equals
ok 15 - Equals
</system-out>
    <testcase name="Equals (287)" classname="spec_perl_TestCombineStr_t" time="0.000235080718994141" />
    <testcase name="Equals (288)" classname="spec_perl_TestCombineStr_t" time="8.58306884765625e-05" />
    <testcase name="Equals (289)" classname="spec_perl_TestCombineStr_t" time="0.000107049942016602" />
    <testcase name="Equals (290)" classname="spec_perl_TestCombineStr_t" time="9.60826873779297e-05" />
    <testcase name="Equals (291)" classname="spec_perl_TestCombineStr_t" time="0.000104904174804688" />
    <testcase name="Equals (292)" classname="spec_perl_TestCombineStr_t" time="9.89437103271484e-05" />
    <testcase name="Equals (293)" classname="spec_perl_TestCombineStr_t" time="0.000102996826171875" />
    <testcase name="Equals (294)" classname="spec_perl_TestCombineStr_t" time="9.51290130615234e-05" />
    <testcase name="Equals (295)" classname="spec_perl_TestCombineStr_t" time="0.000102043151855469" />
    <testcase name="Equals (296)" classname="spec_perl_TestCombineStr_t" time="9.58442687988281e-05" />
    <testcase name="Equals (297)" classname="spec_perl_TestCombineStr_t" time="9.60826873779297e-05" />
    <testcase name="Equals (298)" classname="spec_perl_TestCombineStr_t" time="9.48905944824219e-05" />
    <testcase name="Equals (299)" classname="spec_perl_TestCombineStr_t" time="9.41753387451172e-05" />
    <testcase name="Equals (300)" classname="spec_perl_TestCombineStr_t" time="9.58442687988281e-05" />
    <testcase name="Equals (301)" classname="spec_perl_TestCombineStr_t" time="9.70363616943359e-05" />
  </testsuite>
  <testsuite name="spec_perl_TestSwitchManualIntSizeEos_t" errors="0" failures="0" skipped="0" tests="10" time="0.0673551559448242">
    <system-out>1..10
ok 1 - Equals
ok 2 - Equals
ok 3 - Equals
ok 4 - Equals
ok 5 - Equals
ok 6 - Equals
ok 7 - Equals
ok 8 - Equals
ok 9 - Equals
ok 10 - Equals
</system-out>
    <testcase name="Equals (302)" classname="spec_perl_TestSwitchManualIntSizeEos_t" time="0.000705957412719727" />
    <testcase name="Equals (303)" classname="spec_perl_TestSwitchManualIntSizeEos_t" time="9.10758972167969e-05" />
    <testcase name="Equals (304)" classname="spec_perl_TestSwitchManualIntSizeEos_t" time="0.000114917755126953" />
    <testcase name="Equals (305)" classname="spec_perl_TestSwitchManualIntSizeEos_t" time="0.000107049942016602" />
    <testcase name="Equals (306)" classname="spec_perl_TestSwitchManualIntSizeEos_t" time="0.00010991096496582" />
    <testcase name="Equals (307)" classname="spec_perl_TestSwitchManualIntSizeEos_t" time="0.000127077102661133" />
    <testcase name="Equals (308)" classname="spec_perl_TestSwitchManualIntSizeEos_t" time="0.000105857849121094" />
    <testcase name="Equals (309)" classname="spec_perl_TestSwitchManualIntSizeEos_t" time="0.000106096267700195" />
    <testcase name="Equals (310)" classname="spec_perl_TestSwitchManualIntSizeEos_t" time="0.000101089477539062" />
    <testcase name="Equals (311)" classname="spec_perl_TestSwitchManualIntSizeEos_t" time="0.000103950500488281" />
  </testsuite>
  <testsuite name="spec_perl_TestBitsSimpleLe_t" errors="0" failures="0" skipped="0" tests="14" time="0.0619919300079346">
    <system-out>1..14
ok 1 - Equals
ok 2 - Equals
ok 3 - Equals
ok 4 - Equals
ok 5 - Equals
ok 6 - Equals
ok 7 - Equals
ok 8 - Equals
ok 9 - Equals
ok 10 - Equals
ok 11 - Equals
ok 12 - Equals
ok 13 - Equals
ok 14 - Equals
</system-out>
    <testcase name="Equals (312)" classname="spec_perl_TestBitsSimpleLe_t" time="0.000236988067626953" />
    <testcase name="Equals (313)" classname="spec_perl_TestBitsSimpleLe_t" time="8.70227813720703e-05" />
    <testcase name="Equals (314)" classname="spec_perl_TestBitsSimpleLe_t" time="9.60826873779297e-05" />
    <testcase name="Equals (315)" classname="spec_perl_TestBitsSimpleLe_t" time="0.000102996826171875" />
    <testcase name="Equals (316)" classname="spec_perl_TestBitsSimpleLe_t" time="0.000104904174804688" />
    <testcase name="Equals (317)" classname="spec_perl_TestBitsSimpleLe_t" time="0.000104188919067383" />
    <testcase name="Equals (318)" classname="spec_perl_TestBitsSimpleLe_t" time="9.67979431152344e-05" />
    <testcase name="Equals (319)" classname="spec_perl_TestBitsSimpleLe_t" time="0.000102043151855469" />
    <testcase name="Equals (320)" classname="spec_perl_TestBitsSimpleLe_t" time="9.79900360107422e-05" />
    <testcase name="Equals (321)" classname="spec_perl_TestBitsSimpleLe_t" time="0.000112056732177734" />
    <testcase name="Equals (322)" classname="spec_perl_TestBitsSimpleLe_t" time="9.20295715332031e-05" />
    <testcase name="Equals (323)" classname="spec_perl_TestBitsSimpleLe_t" time="9.79900360107422e-05" />
    <testcase name="Equals (324)" classname="spec_perl_TestBitsSimpleLe_t" time="0.000124931335449219" />
    <testcase name="Equals (325)" classname="spec_perl_TestBitsSimpleLe_t" time="0.000102043151855469" />
  </testsuite>
  <testsuite name="spec_perl_TestHelloWorld_t" errors="0" failures="0" skipped="0" tests="1" time="0.0609071254730225">
    <system-out>1..1
ok 1 - Equals
</system-out>
    <testcase name="Equals (326)" classname="spec_perl_TestHelloWorld_t" time="0.000212907791137695" />
  </testsuite>
  <testsuite name="spec_perl_TestEnum0_t" errors="0" failures="0" skipped="0" tests="2" time="0.0605499744415283">
    <system-out>1..2
ok 1 - Equals
ok 2 - Equals
</system-out>
    <testcase name="Equals (327)" classname="spec_perl_TestEnum0_t" time="0.000223159790039062" />
    <testcase name="Equals (328)" classname="spec_perl_TestEnum0_t" time="8.17775726318359e-05" />
  </testsuite>
  <testsuite name="spec_perl_TestNestedTypes_t" errors="0" failures="0" skipped="0" tests="3" time="0.061190128326416">
    <system-out>1..3
ok 1 - Equals
ok 2 - Equals
ok 3 - Equals
</system-out>
    <testcase name="Equals (329)" classname="spec_perl_TestNestedTypes_t" time="0.000218868255615234" />
    <testcase name="Equals (330)" classname="spec_perl_TestNestedTypes_t" time="8.70227813720703e-05" />
    <testcase name="Equals (331)" classname="spec_perl_TestNestedTypes_t" time="0.000107049942016602" />
  </testsuite>
  <testsuite name="spec_perl_TestSwitchManualIntElse_t" errors="0" failures="0" skipped="0" tests="9" time="0.0662550926208496">
    <system-out>1..9
ok 1 - Equals
ok 2 - Equals
ok 3 - Equals
ok 4 - Equals
ok 5 - Equals
ok 6 - Equals
ok 7 - Equals
ok 8 - Equals
ok 9 - Equals
</system-out>
    <testcase name="Equals (332)" classname="spec_perl_TestSwitchManualIntElse_t" time="0.000300884246826172" />
    <testcase name="Equals (333)" classname="spec_perl_TestSwitchManualIntElse_t" time="9.01222229003906e-05" />
    <testcase name="Equals (334)" classname="spec_perl_TestSwitchManualIntElse_t" time="0.000119924545288086" />
    <testcase name="Equals (335)" classname="spec_perl_TestSwitchManualIntElse_t" time="0.000102996826171875" />
    <testcase name="Equals (336)" classname="spec_perl_TestSwitchManualIntElse_t" time="0.000101089477539062" />
    <testcase name="Equals (337)" classname="spec_perl_TestSwitchManualIntElse_t" time="9.89437103271484e-05" />
    <testcase name="Equals (338)" classname="spec_perl_TestSwitchManualIntElse_t" time="9.70363616943359e-05" />
    <testcase name="Equals (339)" classname="spec_perl_TestSwitchManualIntElse_t" time="9.98973846435547e-05" />
    <testcase name="Equals (340)" classname="spec_perl_TestSwitchManualIntElse_t" time="9.89437103271484e-05" />
  </testsuite>
  <testsuite name="spec_perl_TestMultipleUse_t" errors="0" failures="0" skipped="0" tests="2" time="0.0605080127716064">
    <system-out>1..2
ok 1 - Equals
ok 2 - Equals
</system-out>
    <testcase name="Equals (341)" classname="spec_perl_TestMultipleUse_t" time="0.000221014022827148" />
    <testcase name="Equals (342)" classname="spec_perl_TestMultipleUse_t" time="0.000108957290649414" />
  </testsuite>
  <testsuite name="spec_perl_TestEnumIntRangeU_t" errors="0" failures="0" skipped="0" tests="2" time="0.0607240200042725">
    <system-out>1..2
ok 1 - Equals
ok 2 - Equals
</system-out>
    <testcase name="Equals (343)" classname="spec_perl_TestEnumIntRangeU_t" time="0.000195980072021484" />
    <testcase name="Equals (344)" classname="spec_perl_TestEnumIntRangeU_t" time="8.392333984375e-05" />
  </testsuite>
  <testsuite name="spec_perl_TestTypeTernary2ndFalsy_t" errors="0" failures="0" skipped="0" tests="13" time="0.0626652240753174">
    <system-out>1..13
ok 1 - Equals
ok 2 - Equals
ok 3 - Equals
ok 4 - Approx equals
ok 5 - Approx equals
ok 6 - Equals
ok 7 - Equals
ok 8 - Equals
ok 9 - nil
ok 10 - Equals
ok 11 - Equals
ok 12 - Equals
ok 13 - Equals
</system-out>
    <testcase name="Equals (345)" classname="spec_perl_TestTypeTernary2ndFalsy_t" time="0.000208139419555664" />
    <testcase name="Equals (346)" classname="spec_perl_TestTypeTernary2ndFalsy_t" time="8.58306884765625e-05" />
    <testcase name="Equals (347)" classname="spec_perl_TestTypeTernary2ndFalsy_t" time="0.000138044357299805" />
    <testcase name="Approx equals (347)" classname="spec_perl_TestTypeTernary2ndFalsy_t" time="5.69820404052734e-05" />
    <testcase name="Approx equals (348)" classname="spec_perl_TestTypeTernary2ndFalsy_t" time="3.40938568115234e-05" />
    <testcase name="Equals (348)" classname="spec_perl_TestTypeTernary2ndFalsy_t" time="0.000108957290649414" />
    <testcase name="Equals (349)" classname="spec_perl_TestTypeTernary2ndFalsy_t" time="0.000102043151855469" />
    <testcase name="Equals (350)" classname="spec_perl_TestTypeTernary2ndFalsy_t" time="0.000102043151855469" />
    <testcase name="nil (350)" classname="spec_perl_TestTypeTernary2ndFalsy_t" time="6.29425048828125e-05" />
    <testcase name="Equals (351)" classname="spec_perl_TestTypeTernary2ndFalsy_t" time="8.48770141601562e-05" />
    <testcase name="Equals (352)" classname="spec_perl_TestTypeTernary2ndFalsy_t" time="9.70363616943359e-05" />
    <testcase name="Equals (353)" classname="spec_perl_TestTypeTernary2ndFalsy_t" time="0.000102043151855469" />
    <testcase name="Equals (354)" classname="spec_perl_TestTypeTernary2ndFalsy_t" time="0.000103950500488281" />
  </testsuite>
  <testsuite name="spec_perl_TestSwitchManualEnumInvalidElse_t" errors="0" failures="0" skipped="0" tests="5" time="0.0660350322723389">
    <system-out>1..5
ok 1 - Equals
ok 2 - Equals
ok 3 - Equals
ok 4 - Equals
ok 5 - Equals
</system-out>
    <testcase name="Equals (355)" classname="spec_perl_TestSwitchManualEnumInvalidElse_t" time="0.000244140625" />
    <testcase name="Equals (356)" classname="spec_perl_TestSwitchManualEnumInvalidElse_t" time="9.98973846435547e-05" />
    <testcase name="Equals (357)" classname="spec_perl_TestSwitchManualEnumInvalidElse_t" time="0.000118017196655273" />
    <testcase name="Equals (358)" classname="spec_perl_TestSwitchManualEnumInvalidElse_t" time="0.000105142593383789" />
    <testcase name="Equals (359)" classname="spec_perl_TestSwitchManualEnumInvalidElse_t" time="0.000100851058959961" />
  </testsuite>
  <testsuite name="spec_perl_TestParamsPassArrayInt_t" errors="0" failures="1" skipped="6" tests="7" time="0.0647640228271484">
    <system-out>1..7
not ok 1 - test_params_pass_array_int died (Can't use an undefined value as an ARRAY reference at spec/perl/TestParamsPassArrayInt.t line 14.)
ok 2 # skip test_params_pass_array_int died
ok 3 # skip test_params_pass_array_int died
ok 4 # skip test_params_pass_array_int died
ok 5 # skip test_params_pass_array_int died
ok 6 # skip test_params_pass_array_int died
ok 7 # skip test_params_pass_array_int died
</system-out>
    <testcase name="test_params_pass_array_int died (Can't use an undefined value as an ARRAY reference at spec/perl/TestParamsPassArrayInt.t line 14.) (359)" classname="spec_perl_TestParamsPassArrayInt_t" time="0.000570058822631836">
      <failure message="not ok 1 - test_params_pass_array_int died (Can't use an undefined value as an ARRAY reference at spec/perl/TestParamsPassArrayInt.t line 14.)" type="TAP::Parser::Result::Test"></failure>
    </testcase>
    <testcase name="Unnamed test case 359" classname="spec_perl_TestParamsPassArrayInt_t" time="0.00182700157165527">
      <skipped message="ok 2 # skip test_params_pass_array_int died" />
    </testcase>
    <testcase name="Unnamed test case 360" classname="spec_perl_TestParamsPassArrayInt_t" time="0.000211000442504883">
      <skipped message="ok 3 # skip test_params_pass_array_int died" />
    </testcase>
    <testcase name="Unnamed test case 361" classname="spec_perl_TestParamsPassArrayInt_t" time="0.000165939331054688">
      <skipped message="ok 4 # skip test_params_pass_array_int died" />
    </testcase>
    <testcase name="Unnamed test case 362" classname="spec_perl_TestParamsPassArrayInt_t" time="0.00015711784362793">
      <skipped message="ok 5 # skip test_params_pass_array_int died" />
    </testcase>
    <testcase name="Unnamed test case 363" classname="spec_perl_TestParamsPassArrayInt_t" time="0.000155925750732422">
      <skipped message="ok 6 # skip test_params_pass_array_int died" />
    </testcase>
    <testcase name="Unnamed test case 364" classname="spec_perl_TestParamsPassArrayInt_t" time="0.000154018402099609">
      <skipped message="ok 7 # skip test_params_pass_array_int died" />
    </testcase>
  </testsuite>
  <testsuite name="spec_perl_TestIndexSizes_t" errors="0" failures="0" skipped="0" tests="7" time="0.065593957901001">
    <system-out>1..7
ok 1 - Equals
ok 2 - Equals
ok 3 - Equals
ok 4 - Equals
ok 5 - Equals
ok 6 - Equals
ok 7 - Equals
</system-out>
    <testcase name="Equals (364)" classname="spec_perl_TestIndexSizes_t" time="0.000248908996582031" />
    <testcase name="Equals (365)" classname="spec_perl_TestIndexSizes_t" time="8.91685485839844e-05" />
    <testcase name="Equals (366)" classname="spec_perl_TestIndexSizes_t" time="0.000102043151855469" />
    <testcase name="Equals (367)" classname="spec_perl_TestIndexSizes_t" time="0.000100851058959961" />
    <testcase name="Equals (368)" classname="spec_perl_TestIndexSizes_t" time="0.000102996826171875" />
    <testcase name="Equals (369)" classname="spec_perl_TestIndexSizes_t" time="9.89437103271484e-05" />
    <testcase name="Equals (370)" classname="spec_perl_TestIndexSizes_t" time="9.918212890625e-05" />
  </testsuite>
  <testsuite name="spec_perl_TestRepeatUntilComplex_t" errors="0" failures="0" skipped="0" tests="15" time="0.0623178482055664">
    <system-out>1..15
ok 1 - Equals
ok 2 - Equals
ok 3 - Equals
ok 4 - Equals
ok 5 - Equals
ok 6 - Equals
ok 7 - Equals
ok 8 - Equals
ok 9 - Equals
ok 10 - Equals
ok 11 - Equals
ok 12 - Equals
ok 13 - Equals
ok 14 - Equals
ok 15 - Equals
</system-out>
    <testcase name="Equals (371)" classname="spec_perl_TestRepeatUntilComplex_t" time="0.000266075134277344" />
    <testcase name="Equals (372)" classname="spec_perl_TestRepeatUntilComplex_t" time="8.58306884765625e-05" />
    <testcase name="Equals (373)" classname="spec_perl_TestRepeatUntilComplex_t" time="0.000124216079711914" />
    <testcase name="Equals (374)" classname="spec_perl_TestRepeatUntilComplex_t" time="0.000116825103759766" />
    <testcase name="Equals (375)" classname="spec_perl_TestRepeatUntilComplex_t" time="9.10758972167969e-05" />
    <testcase name="Equals (376)" classname="spec_perl_TestRepeatUntilComplex_t" time="0.000108003616333008" />
    <testcase name="Equals (377)" classname="spec_perl_TestRepeatUntilComplex_t" time="0.000103950500488281" />
    <testcase name="Equals (378)" classname="spec_perl_TestRepeatUntilComplex_t" time="0.000103950500488281" />
    <testcase name="Equals (379)" classname="spec_perl_TestRepeatUntilComplex_t" time="9.01222229003906e-05" />
    <testcase name="Equals (380)" classname="spec_perl_TestRepeatUntilComplex_t" time="9.70363616943359e-05" />
    <testcase name="Equals (381)" classname="spec_perl_TestRepeatUntilComplex_t" time="8.20159912109375e-05" />
    <testcase name="Equals (382)" classname="spec_perl_TestRepeatUntilComplex_t" time="9.89437103271484e-05" />
    <testcase name="Equals (383)" classname="spec_perl_TestRepeatUntilComplex_t" time="8.29696655273438e-05" />
    <testcase name="Equals (384)" classname="spec_perl_TestRepeatUntilComplex_t" time="9.39369201660156e-05" />
    <testcase name="Equals (385)" classname="spec_perl_TestRepeatUntilComplex_t" time="8.51154327392578e-05" />
  </testsuite>
  <testsuite name="spec_perl_TestZlibSurrounded_t" errors="0" failures="0" skipped="0" tests="1" time="0.0878000259399414">
    <system-out>1..1
ok 1 - Equals
</system-out>
    <testcase name="Equals (386)" classname="spec_perl_TestZlibSurrounded_t" time="0.000544071197509766" />
  </testsuite>
  <testsuite name="spec_perl_TestProcessCustomNoArgs_t" errors="1" failures="0" skipped="0" tests="0" time="0.0584089756011963">
    <system-out></system-out>
    <testcase name="Test died too soon, even before plan. (386)" classname="spec_perl_TestProcessCustomNoArgs_t" time="0.0584089756011963">
      <failure message="The test suite died before a plan was produced. You need to have a plan." type="Plan">No plan</failure>
    </testcase>
  </testsuite>
  <testsuite name="spec_perl_TestTypeTernaryOpaque_t" errors="0" failures="0" skipped="0" tests="3" time="0.0660891532897949">
    <system-out>1..3
ok 1 - Equals
ok 2 - Equals
ok 3 - Equals
</system-out>
    <testcase name="Equals (387)" classname="spec_perl_TestTypeTernaryOpaque_t" time="0.000547170639038086" />
    <testcase name="Equals (388)" classname="spec_perl_TestTypeTernaryOpaque_t" time="8.58306884765625e-05" />
    <testcase name="Equals (389)" classname="spec_perl_TestTypeTernaryOpaque_t" time="0.000109195709228516" />
  </testsuite>
  <testsuite name="spec_perl_TestNavParentSwitchCast_t" errors="0" failures="0" skipped="0" tests="3" time="0.0617640018463135">
    <system-out>1..3
ok 1 - Equals
ok 2 - Equals
ok 3 - Equals
</system-out>
    <testcase name="Equals (390)" classname="spec_perl_TestNavParentSwitchCast_t" time="0.000515937805175781" />
    <testcase name="Equals (391)" classname="spec_perl_TestNavParentSwitchCast_t" time="0.000101089477539062" />
    <testcase name="Equals (392)" classname="spec_perl_TestNavParentSwitchCast_t" time="0.000118017196655273" />
  </testsuite>
  <testsuite name="spec_perl_TestOpaqueExternalType02Parent_t" errors="0" failures="0" skipped="0" tests="3" time="0.0667269229888916">
    <system-out>1..3
ok 1 - Equals
ok 2 - Equals
ok 3 - Equals
</system-out>
    <testcase name="Equals (393)" classname="spec_perl_TestOpaqueExternalType02Parent_t" time="0.000339031219482422" />
    <testcase name="Equals (394)" classname="spec_perl_TestOpaqueExternalType02Parent_t" time="8.51154327392578e-05" />
    <testcase name="Equals (395)" classname="spec_perl_TestOpaqueExternalType02Parent_t" time="0.000115871429443359" />
  </testsuite>
  <testsuite name="spec_perl_TestCastToImported_t" errors="0" failures="0" skipped="0" tests="2" time="0.0609169006347656">
    <system-out>1..2
ok 1 - Equals
ok 2 - Equals
</system-out>
    <testcase name="Equals (396)" classname="spec_perl_TestCastToImported_t" time="0.000199079513549805" />
    <testcase name="Equals (397)" classname="spec_perl_TestCastToImported_t" time="0.000101089477539062" />
  </testsuite>
  <testsuite name="spec_perl_TestDocstrings_t" errors="0" failures="0" skipped="1" tests="1" time="0.0612521171569824">
    <system-out>1..1
ok 1 # skip Docstrings=HASH(0x55d824e88160)
</system-out>
    <testcase name="Unnamed test case 397" classname="spec_perl_TestDocstrings_t" time="0.00111818313598633">
      <skipped message="ok 1 # skip Docstrings=HASH(0x55d824e88160)" />
    </testcase>
  </testsuite>
  <testsuite name="spec_perl_TestTypeIntUnaryOp_t" errors="0" failures="0" skipped="0" tests="4" time="0.0613789558410645">
    <system-out>1..4
ok 1 - Equals
ok 2 - Equals
ok 3 - Equals
ok 4 - Equals
</system-out>
    <testcase name="Equals (398)" classname="spec_perl_TestTypeIntUnaryOp_t" time="0.000190973281860352" />
    <testcase name="Equals (399)" classname="spec_perl_TestTypeIntUnaryOp_t" time="7.89165496826172e-05" />
    <testcase name="Equals (400)" classname="spec_perl_TestTypeIntUnaryOp_t" time="0.000112056732177734" />
    <testcase name="Equals (401)" classname="spec_perl_TestTypeIntUnaryOp_t" time="0.000102996826171875" />
  </testsuite>
  <testsuite name="spec_perl_TestRepeatEosU4_t" errors="0" failures="0" skipped="0" tests="1" time="0.0602748394012451">
    <system-out>1..1
ok 1 - Equals
</system-out>
    <testcase name="Equals (402)" classname="spec_perl_TestRepeatEosU4_t" time="0.000178098678588867" />
  </testsuite>
  <testsuite name="spec_perl_TestStrPadTermEmpty_t" errors="0" failures="0" skipped="0" tests="4" time="0.0649509429931641">
    <system-out>1..4
ok 1 - Equals
ok 2 - Equals
ok 3 - Equals
ok 4 - Equals
</system-out>
    <testcase name="Equals (403)" classname="spec_perl_TestStrPadTermEmpty_t" time="0.000313043594360352" />
    <testcase name="Equals (404)" classname="spec_perl_TestStrPadTermEmpty_t" time="7.20024108886719e-05" />
    <testcase name="Equals (405)" classname="spec_perl_TestStrPadTermEmpty_t" time="0.000108957290649414" />
    <testcase name="Equals (406)" classname="spec_perl_TestStrPadTermEmpty_t" time="0.000102043151855469" />
  </testsuite>
  <testsuite name="spec_perl_TestUserType_t" errors="0" failures="0" skipped="0" tests="2" time="0.0610480308532715">
    <system-out>1..2
ok 1 - Equals
ok 2 - Equals
</system-out>
    <testcase name="Equals (407)" classname="spec_perl_TestUserType_t" time="0.000217914581298828" />
    <testcase name="Equals (408)" classname="spec_perl_TestUserType_t" time="8.98838043212891e-05" />
  </testsuite>
  <testsuite name="spec_perl_TestDefaultEndianMod_t" errors="0" failures="0" skipped="0" tests="3" time="0.0610110759735107">
    <system-out>1..3
ok 1 - Equals
ok 2 - Equals
ok 3 - Equals
</system-out>
    <testcase name="Equals (409)" classname="spec_perl_TestDefaultEndianMod_t" time="0.000236988067626953" />
    <testcase name="Equals (410)" classname="spec_perl_TestDefaultEndianMod_t" time="9.29832458496094e-05" />
    <testcase name="Equals (411)" classname="spec_perl_TestDefaultEndianMod_t" time="0.000117063522338867" />
  </testsuite>
  <testsuite name="spec_perl_TestSwitchElseOnly_t" errors="0" failures="0" skipped="0" tests="3" time="0.0606739521026611">
    <system-out>1..3
ok 1 - Equals
ok 2 - Equals
ok 3 - Equals
</system-out>
    <testcase name="Equals (412)" classname="spec_perl_TestSwitchElseOnly_t" time="0.000200986862182617" />
    <testcase name="Equals (413)" classname="spec_perl_TestSwitchElseOnly_t" time="8.10623168945312e-05" />
    <testcase name="Equals (414)" classname="spec_perl_TestSwitchElseOnly_t" time="0.000104904174804688" />
  </testsuite>
  <testsuite name="spec_perl_TestDebugEnumName_t" errors="1" failures="0" skipped="0" tests="0" time="0.0585088729858398">
    <system-out></system-out>
    <testcase name="Test died too soon, even before plan. (414)" classname="spec_perl_TestDebugEnumName_t" time="0.0585088729858398">
      <failure message="The test suite died before a plan was produced. You need to have a plan." type="Plan">No plan</failure>
    </testcase>
  </testsuite>
  <testsuite name="spec_perl_TestImports0_t" errors="0" failures="0" skipped="0" tests="3" time="0.0612781047821045">
    <system-out>1..3
ok 1 - Equals
ok 2 - Equals
ok 3 - Equals
</system-out>
    <testcase name="Equals (415)" classname="spec_perl_TestImports0_t" time="0.000218868255615234" />
    <testcase name="Equals (416)" classname="spec_perl_TestImports0_t" time="9.51290130615234e-05" />
    <testcase name="Equals (417)" classname="spec_perl_TestImports0_t" time="0.000110864639282227" />
  </testsuite>
  <testsuite name="spec_perl_TestBcdUserTypeLe_t" errors="0" failures="0" skipped="0" tests="6" time="0.062736988067627">
    <system-out>1..6
ok 1 - Equals
ok 2 - Equals
ok 3 - Equals
ok 4 - Equals
ok 5 - Equals
ok 6 - Equals
</system-out>
    <testcase name="Equals (418)" classname="spec_perl_TestBcdUserTypeLe_t" time="0.000535964965820312" />
    <testcase name="Equals (419)" classname="spec_perl_TestBcdUserTypeLe_t" time="0.000104904174804688" />
    <testcase name="Equals (420)" classname="spec_perl_TestBcdUserTypeLe_t" time="0.000133037567138672" />
    <testcase name="Equals (421)" classname="spec_perl_TestBcdUserTypeLe_t" time="0.000107049942016602" />
    <testcase name="Equals (422)" classname="spec_perl_TestBcdUserTypeLe_t" time="0.000116109848022461" />
[...]
ok 5 - Equals
</system-out>
    <testcase name="Equals (873)" classname="spec_perl_TestNavRoot_t" time="0.000316858291625977" />
    <testcase name="Equals (874)" classname="spec_perl_TestNavRoot_t" time="0.000104188919067383" />
    <testcase name="Equals (875)" classname="spec_perl_TestNavRoot_t" time="0.000103950500488281" />
    <testcase name="Equals (876)" classname="spec_perl_TestNavRoot_t" time="0.000104904174804688" />
    <testcase name="Equals (877)" classname="spec_perl_TestNavRoot_t" time="0.000101089477539062" />
  </testsuite>
  <testsuite name="spec_perl_TestProcessXorValue_t" errors="0" failures="0" skipped="0" tests="2" time="0.0605521202087402">
    <system-out>1..2
ok 1 - Equals
ok 2 - Equals
</system-out>
    <testcase name="Equals (878)" classname="spec_perl_TestProcessXorValue_t" time="0.000226974487304688" />
    <testcase name="Equals (879)" classname="spec_perl_TestProcessXorValue_t" time="8.89301300048828e-05" />
  </testsuite>
  <testsuite name="spec_perl_TestExprSizeofValue0_t" errors="0" failures="0" skipped="0" tests="5" time="0.0615091323852539">
    <system-out>1..5
ok 1 - Equals
ok 2 - Equals
ok 3 - Equals
ok 4 - Equals
ok 5 - Equals
</system-out>
    <testcase name="Equals (880)" classname="spec_perl_TestExprSizeofValue0_t" time="0.000200033187866211" />
    <testcase name="Equals (881)" classname="spec_perl_TestExprSizeofValue0_t" time="8.89301300048828e-05" />
    <testcase name="Equals (882)" classname="spec_perl_TestExprSizeofValue0_t" time="0.000118017196655273" />
    <testcase name="Equals (883)" classname="spec_perl_TestExprSizeofValue0_t" time="0.000107049942016602" />
    <testcase name="Equals (884)" classname="spec_perl_TestExprSizeofValue0_t" time="0.000106096267700195" />
  </testsuite>
  <testsuite name="spec_perl_TestPositionInSeq_t" errors="0" failures="0" skipped="0" tests="1" time="0.0602810382843018">
    <system-out>1..1
ok 1 - Equals
</system-out>
    <testcase name="Equals (885)" classname="spec_perl_TestPositionInSeq_t" time="0.000206947326660156" />
  </testsuite>
  <testsuite name="spec_perl_TestBitsSignedShiftB32Le_t" errors="0" failures="0" skipped="0" tests="2" time="0.0606300830841064">
    <system-out>1..2
ok 1 - Equals
ok 2 - Equals
</system-out>
    <testcase name="Equals (886)" classname="spec_perl_TestBitsSignedShiftB32Le_t" time="0.000227212905883789" />
    <testcase name="Equals (887)" classname="spec_perl_TestBitsSignedShiftB32Le_t" time="8.79764556884766e-05" />
  </testsuite>
  <testsuite name="spec_perl_TestNavParentFalse2_t" errors="0" failures="0" skipped="0" tests="1" time="0.0601201057434082">
    <system-out>1..1
ok 1 - Equals
</system-out>
    <testcase name="Equals (888)" classname="spec_perl_TestNavParentFalse2_t" time="0.000194072723388672" />
  </testsuite>
  <testsuite name="spec_perl_TestProcessRepeatUsertype_t" errors="0" failures="0" skipped="0" tests="4" time="0.061420202255249">
    <system-out>1..4
ok 1 - Equals
ok 2 - Equals
ok 3 - Equals
ok 4 - Equals
</system-out>
    <testcase name="Equals (889)" classname="spec_perl_TestProcessRepeatUsertype_t" time="0.000750064849853516" />
    <testcase name="Equals (890)" classname="spec_perl_TestProcessRepeatUsertype_t" time="5.38825988769531e-05" />
    <testcase name="Equals (891)" classname="spec_perl_TestProcessRepeatUsertype_t" time="4.10079956054688e-05" />
    <testcase name="Equals (892)" classname="spec_perl_TestProcessRepeatUsertype_t" time="2.59876251220703e-05" />
  </testsuite>
  <testsuite name="spec_perl_TestIntegers_t" errors="0" failures="0" skipped="0" tests="20" time="0.062654972076416">
    <system-out>1..20
ok 1 - Equals
ok 2 - Equals
ok 3 - Equals
ok 4 - Equals
ok 5 - Equals
ok 6 - Equals
ok 7 - Equals
ok 8 - Equals
ok 9 - Equals
ok 10 - Equals
ok 11 - Equals
ok 12 - Equals
ok 13 - Equals
ok 14 - Equals
ok 15 - Equals
ok 16 - Equals
ok 17 - Equals
ok 18 - Equals
ok 19 - Equals
ok 20 - Equals
</system-out>
    <testcase name="Equals (893)" classname="spec_perl_TestIntegers_t" time="0.000248908996582031" />
    <testcase name="Equals (894)" classname="spec_perl_TestIntegers_t" time="9.01222229003906e-05" />
    <testcase name="Equals (895)" classname="spec_perl_TestIntegers_t" time="0.000104904174804688" />
    <testcase name="Equals (896)" classname="spec_perl_TestIntegers_t" time="0.000101089477539062" />
    <testcase name="Equals (897)" classname="spec_perl_TestIntegers_t" time="0.000100851058959961" />
    <testcase name="Equals (898)" classname="spec_perl_TestIntegers_t" time="0.000104188919067383" />
    <testcase name="Equals (899)" classname="spec_perl_TestIntegers_t" time="9.89437103271484e-05" />
    <testcase name="Equals (900)" classname="spec_perl_TestIntegers_t" time="9.48905944824219e-05" />
    <testcase name="Equals (901)" classname="spec_perl_TestIntegers_t" time="9.60826873779297e-05" />
    <testcase name="Equals (902)" classname="spec_perl_TestIntegers_t" time="0.000102043151855469" />
    <testcase name="Equals (903)" classname="spec_perl_TestIntegers_t" time="9.20295715332031e-05" />
    <testcase name="Equals (904)" classname="spec_perl_TestIntegers_t" time="9.98973846435547e-05" />
    <testcase name="Equals (905)" classname="spec_perl_TestIntegers_t" time="9.39369201660156e-05" />
    <testcase name="Equals (906)" classname="spec_perl_TestIntegers_t" time="9.70363616943359e-05" />
    <testcase name="Equals (907)" classname="spec_perl_TestIntegers_t" time="9.79900360107422e-05" />
    <testcase name="Equals (908)" classname="spec_perl_TestIntegers_t" time="9.70363616943359e-05" />
    <testcase name="Equals (909)" classname="spec_perl_TestIntegers_t" time="9.51290130615234e-05" />
    <testcase name="Equals (910)" classname="spec_perl_TestIntegers_t" time="9.29832458496094e-05" />
    <testcase name="Equals (911)" classname="spec_perl_TestIntegers_t" time="9.89437103271484e-05" />
    <testcase name="Equals (912)" classname="spec_perl_TestIntegers_t" time="9.20295715332031e-05" />
  </testsuite>
  <testsuite name="spec_perl_TestValidLong_t" errors="0" failures="0" skipped="1" tests="1" time="0.0663490295410156">
    <system-out>1..1
ok 1 # skip ValidLong=HASH(0x5594c0c4cae8)
</system-out>
    <testcase name="Unnamed test case 912" classname="spec_perl_TestValidLong_t" time="0.00121808052062988">
      <skipped message="ok 1 # skip ValidLong=HASH(0x5594c0c4cae8)" />
    </testcase>
  </testsuite>
  <testsuite name="spec_perl_TestFloatingPoints_t" errors="0" failures="0" skipped="0" tests="8" time="0.061147928237915">
    <system-out>1..8
ok 1 - Approx equals
ok 2 - Approx equals
ok 3 - Approx equals
ok 4 - Approx equals
ok 5 - Approx equals
ok 6 - Approx equals
ok 7 - Approx equals
ok 8 - Approx equals
</system-out>
    <testcase name="Approx equals (912)" classname="spec_perl_TestFloatingPoints_t" time="0.000136852264404297" />
    <testcase name="Approx equals (913)" classname="spec_perl_TestFloatingPoints_t" time="4.60147857666016e-05" />
    <testcase name="Approx equals (914)" classname="spec_perl_TestFloatingPoints_t" time="2.90870666503906e-05" />
    <testcase name="Approx equals (915)" classname="spec_perl_TestFloatingPoints_t" time="3.29017639160156e-05" />
    <testcase name="Approx equals (916)" classname="spec_perl_TestFloatingPoints_t" time="3.60012054443359e-05" />
    <testcase name="Approx equals (917)" classname="spec_perl_TestFloatingPoints_t" time="3.40938568115234e-05" />
    <testcase name="Approx equals (918)" classname="spec_perl_TestFloatingPoints_t" time="3.19480895996094e-05" />
    <testcase name="Approx equals (919)" classname="spec_perl_TestFloatingPoints_t" time="3.29017639160156e-05" />
  </testsuite>
  <testsuite name="spec_perl_TestBitsSignedResB32Le_t" errors="0" failures="0" skipped="0" tests="1" time="0.060899019241333">
    <system-out>1..1
ok 1 - Equals
</system-out>
    <testcase name="Equals (919)" classname="spec_perl_TestBitsSignedResB32Le_t" time="0.000220060348510742" />
  </testsuite>
  <testsuite name="spec_perl_TestExprSizeofType1_t" errors="0" failures="0" skipped="0" tests="2" time="0.0611941814422607">
    <system-out>1..2
ok 1 - Equals
ok 2 - Equals
</system-out>
    <testcase name="Equals (920)" classname="spec_perl_TestExprSizeofType1_t" time="0.000210046768188477" />
    <testcase name="Equals (921)" classname="spec_perl_TestExprSizeofType1_t" time="0.000100851058959961" />
  </testsuite>
  <testsuite name="spec_perl_TestNavParentFalse_t" errors="0" failures="0" skipped="0" tests="5" time="0.0609478950500488">
    <system-out>1..5
ok 1 - Equals
ok 2 - Equals
ok 3 - Equals
ok 4 - Equals
ok 5 - Equals
</system-out>
    <testcase name="Equals (922)" classname="spec_perl_TestNavParentFalse_t" time="0.000224113464355469" />
    <testcase name="Equals (923)" classname="spec_perl_TestNavParentFalse_t" time="8.29696655273438e-05" />
    <testcase name="Equals (924)" classname="spec_perl_TestNavParentFalse_t" time="0.00010991096496582" />
    <testcase name="Equals (925)" classname="spec_perl_TestNavParentFalse_t" time="0.000102996826171875" />
    <testcase name="Equals (926)" classname="spec_perl_TestNavParentFalse_t" time="0.000105142593383789" />
  </testsuite>
  <testsuite name="spec_perl_TestNestedTypeParam_t" errors="0" failures="2" skipped="0" tests="2" time="0.0673398971557617">
    <system-out>1..2
not ok 1 - Equals
not ok 2 - Equals
</system-out>
    <testcase name="Equals (927)" classname="spec_perl_TestNestedTypeParam_t" time="0.00050806999206543">
      <failure message="not ok 1 - Equals" type="TAP::Parser::Result::Test"></failure>
    </testcase>
    <testcase name="Equals (928)" classname="spec_perl_TestNestedTypeParam_t" time="0.00107192993164062">
      <failure message="not ok 2 - Equals" type="TAP::Parser::Result::Test"></failure>
    </testcase>
  </testsuite>
  <testsuite name="spec_perl_TestEnumImport_t" errors="0" failures="2" skipped="0" tests="2" time="0.0615520477294922">
    <system-out>1..2
not ok 1 - Equals
not ok 2 - Equals
</system-out>
    <testcase name="Equals (929)" classname="spec_perl_TestEnumImport_t" time="0.0001068115234375">
      <failure message="not ok 1 - Equals" type="TAP::Parser::Result::Test"></failure>
    </testcase>
    <testcase name="Equals (930)" classname="spec_perl_TestEnumImport_t" time="3.50475311279297e-05">
      <failure message="not ok 2 - Equals" type="TAP::Parser::Result::Test"></failure>
    </testcase>
  </testsuite>
  <testsuite name="spec_perl_TestStrPadTerm_t" errors="0" failures="0" skipped="0" tests="4" time="0.0650482177734375">
    <system-out>1..4
ok 1 - Equals
ok 2 - Equals
ok 3 - Equals
ok 4 - Equals
</system-out>
    <testcase name="Equals (931)" classname="spec_perl_TestStrPadTerm_t" time="0.00029301643371582" />
    <testcase name="Equals (932)" classname="spec_perl_TestStrPadTerm_t" time="7.91549682617188e-05" />
    <testcase name="Equals (933)" classname="spec_perl_TestStrPadTerm_t" time="0.000105857849121094" />
    <testcase name="Equals (934)" classname="spec_perl_TestStrPadTerm_t" time="0.000102996826171875" />
  </testsuite>
  <testsuite name="spec_perl_TestIoLocalVar_t" errors="0" failures="0" skipped="0" tests="2" time="0.0606110095977783">
    <system-out>1..2
ok 1 - Equals
ok 2 - Equals
</system-out>
    <testcase name="Equals (935)" classname="spec_perl_TestIoLocalVar_t" time="0.000482082366943359" />
    <testcase name="Equals (936)" classname="spec_perl_TestIoLocalVar_t" time="9.10758972167969e-05" />
  </testsuite>
  <testsuite name="spec_perl_TestExprStrEncodings_t" errors="0" failures="0" skipped="0" tests="7" time="0.0697388648986816">
    <system-out>1..7
ok 1 - Equals
ok 2 - Equals
ok 3 - Equals
ok 4 - Equals
ok 5 - Equals
ok 6 - Equals
ok 7 - Equals
</system-out>
    <testcase name="Equals (937)" classname="spec_perl_TestExprStrEncodings_t" time="0.00384998321533203" />
    <testcase name="Equals (938)" classname="spec_perl_TestExprStrEncodings_t" time="8.10623168945312e-05" />
    <testcase name="Equals (939)" classname="spec_perl_TestExprStrEncodings_t" time="0.000107049942016602" />
    <testcase name="Equals (940)" classname="spec_perl_TestExprStrEncodings_t" time="9.08374786376953e-05" />
    <testcase name="Equals (941)" classname="spec_perl_TestExprStrEncodings_t" time="9.01222229003906e-05" />
    <testcase name="Equals (942)" classname="spec_perl_TestExprStrEncodings_t" time="8.89301300048828e-05" />
    <testcase name="Equals (943)" classname="spec_perl_TestExprStrEncodings_t" time="0.000108003616333008" />
  </testsuite>
  <testsuite name="spec_perl_TestBitsEnum_t" errors="0" failures="0" skipped="0" tests="3" time="0.0623459815979004">
    <system-out>1..3
ok 1 - Equals
ok 2 - Equals
ok 3 - Equals
</system-out>
    <testcase name="Equals (944)" classname="spec_perl_TestBitsEnum_t" time="0.000202178955078125" />
    <testcase name="Equals (945)" classname="spec_perl_TestBitsEnum_t" time="8.08238983154297e-05" />
    <testcase name="Equals (946)" classname="spec_perl_TestBitsEnum_t" time="0.000114202499389648" />
  </testsuite>
  <testsuite name="spec_perl_TestDocstringsDocref_t" errors="0" failures="0" skipped="1" tests="1" time="0.062859058380127">
    <system-out>1..1
ok 1 # skip DocstringsDocref=HASH(0x56220c2c2140)
</system-out>
    <testcase name="Unnamed test case 946" classname="spec_perl_TestDocstringsDocref_t" time="0.00113391876220703">
      <skipped message="ok 1 # skip DocstringsDocref=HASH(0x56220c2c2140)" />
    </testcase>
  </testsuite>
  <testsuite name="spec_perl_TestIfInstances_t" errors="0" failures="0" skipped="0" tests="1" time="0.0604650974273682">
    <system-out>1..1
ok 1 - nil
</system-out>
    <testcase name="nil (946)" classname="spec_perl_TestIfInstances_t" time="0.000111103057861328" />
  </testsuite>
  <testsuite name="spec_perl_TestStrEncodings_t" errors="0" failures="0" skipped="0" tests="4" time="0.0683948993682861">
    <system-out>1..4
ok 1 - Equals
ok 2 - Equals
ok 3 - Equals
ok 4 - Equals
</system-out>
    <testcase name="Equals (947)" classname="spec_perl_TestStrEncodings_t" time="0.00367188453674316" />
    <testcase name="Equals (948)" classname="spec_perl_TestStrEncodings_t" time="9.79900360107422e-05" />
    <testcase name="Equals (949)" classname="spec_perl_TestStrEncodings_t" time="0.000108003616333008" />
    <testcase name="Equals (950)" classname="spec_perl_TestStrEncodings_t" time="0.000103950500488281" />
  </testsuite>
  <testsuite name="spec_perl_TestExprCalcArrayOps_t" errors="0" failures="0" skipped="0" tests="18" time="0.0623741149902344">
    <system-out>1..18
ok 1 - Equals
ok 2 - Equals
ok 3 - Equals
ok 4 - Equals
ok 5 - Equals
ok 6 - Equals
ok 7 - Equals
ok 8 - Approx equals
ok 9 - Approx equals
ok 10 - Approx equals
ok 11 - Approx equals
ok 12 - Approx equals
ok 13 - Equals
ok 14 - Equals
ok 15 - Equals
ok 16 - Equals
ok 17 - Equals
ok 18 - Equals
</system-out>
    <testcase name="Equals (951)" classname="spec_perl_TestExprCalcArrayOps_t" time="0.000206947326660156" />
    <testcase name="Equals (952)" classname="spec_perl_TestExprCalcArrayOps_t" time="9.39369201660156e-05" />
    <testcase name="Equals (953)" classname="spec_perl_TestExprCalcArrayOps_t" time="0.000119209289550781" />
    <testcase name="Equals (954)" classname="spec_perl_TestExprCalcArrayOps_t" time="9.98973846435547e-05" />
    <testcase name="Equals (955)" classname="spec_perl_TestExprCalcArrayOps_t" time="0.000108957290649414" />
    <testcase name="Equals (956)" classname="spec_perl_TestExprCalcArrayOps_t" time="0.000102043151855469" />
    <testcase name="Equals (957)" classname="spec_perl_TestExprCalcArrayOps_t" time="0.000107049942016602" />
    <testcase name="Approx equals (957)" classname="spec_perl_TestExprCalcArrayOps_t" time="5.60283660888672e-05" />
    <testcase name="Approx equals (958)" classname="spec_perl_TestExprCalcArrayOps_t" time="3.79085540771484e-05" />
    <testcase name="Approx equals (959)" classname="spec_perl_TestExprCalcArrayOps_t" time="5.19752502441406e-05" />
    <testcase name="Approx equals (960)" classname="spec_perl_TestExprCalcArrayOps_t" time="3.60012054443359e-05" />
    <testcase name="Approx equals (961)" classname="spec_perl_TestExprCalcArrayOps_t" time="5.41210174560547e-05" />
    <testcase name="Equals (961)" classname="spec_perl_TestExprCalcArrayOps_t" time="0.000102043151855469" />
    <testcase name="Equals (962)" classname="spec_perl_TestExprCalcArrayOps_t" time="0.0001068115234375" />
    <testcase name="Equals (963)" classname="spec_perl_TestExprCalcArrayOps_t" time="0.000102043151855469" />
    <testcase name="Equals (964)" classname="spec_perl_TestExprCalcArrayOps_t" time="0.000103950500488281" />
    <testcase name="Equals (965)" classname="spec_perl_TestExprCalcArrayOps_t" time="0.000102996826171875" />
    <testcase name="Equals (966)" classname="spec_perl_TestExprCalcArrayOps_t" time="0.000101089477539062" />
  </testsuite>
  <testsuite name="spec_perl_TestRepeatUntilCalcArrayType_t" errors="0" failures="0" skipped="0" tests="7" time="0.0614938735961914">
    <system-out>1..7
ok 1 - Equals
ok 2 - Equals
ok 3 - Equals
ok 4 - Equals
ok 5 - Equals
ok 6 - Equals
ok 7 - Equals
</system-out>
    <testcase name="Equals (967)" classname="spec_perl_TestRepeatUntilCalcArrayType_t" time="0.000514030456542969" />
    <testcase name="Equals (968)" classname="spec_perl_TestRepeatUntilCalcArrayType_t" time="9.20295715332031e-05" />
    <testcase name="Equals (969)" classname="spec_perl_TestRepeatUntilCalcArrayType_t" time="0.000108003616333008" />
    <testcase name="Equals (970)" classname="spec_perl_TestRepeatUntilCalcArrayType_t" time="0.000102043151855469" />
    <testcase name="Equals (971)" classname="spec_perl_TestRepeatUntilCalcArrayType_t" time="9.98973846435547e-05" />
    <testcase name="Equals (972)" classname="spec_perl_TestRepeatUntilCalcArrayType_t" time="9.79900360107422e-05" />
    <testcase name="Equals (973)" classname="spec_perl_TestRepeatUntilCalcArrayType_t" time="9.79900360107422e-05" />
  </testsuite>
  <testsuite name="spec_perl_TestBitsUnalignedB64Le_t" errors="0" failures="0" skipped="0" tests="3" time="0.0608649253845215">
    <system-out>1..3
ok 1 - Equals
ok 2 - Equals
ok 3 - Equals
</system-out>
    <testcase name="Equals (974)" classname="spec_perl_TestBitsUnalignedB64Le_t" time="0.000163078308105469" />
    <testcase name="Equals (975)" classname="spec_perl_TestBitsUnalignedB64Le_t" time="9.17911529541016e-05" />
    <testcase name="Equals (976)" classname="spec_perl_TestBitsUnalignedB64Le_t" time="0.000105142593383789" />
  </testsuite>
  <testsuite name="spec_perl_TestSwitchManualIntSize_t" errors="0" failures="0" skipped="0" tests="10" time="0.0672080516815186">
    <system-out>1..10
ok 1 - Equals
ok 2 - Equals
ok 3 - Equals
ok 4 - Equals
ok 5 - Equals
ok 6 - Equals
ok 7 - Equals
ok 8 - Equals
ok 9 - Equals
ok 10 - Equals
</system-out>
    <testcase name="Equals (977)" classname="spec_perl_TestSwitchManualIntSize_t" time="0.000625133514404297" />
    <testcase name="Equals (978)" classname="spec_perl_TestSwitchManualIntSize_t" time="8.89301300048828e-05" />
    <testcase name="Equals (979)" classname="spec_perl_TestSwitchManualIntSize_t" time="0.00011897087097168" />
    <testcase name="Equals (980)" classname="spec_perl_TestSwitchManualIntSize_t" time="0.000107049942016602" />
    <testcase name="Equals (981)" classname="spec_perl_TestSwitchManualIntSize_t" time="0.000107049942016602" />
    <testcase name="Equals (982)" classname="spec_perl_TestSwitchManualIntSize_t" time="0.000124931335449219" />
    <testcase name="Equals (983)" classname="spec_perl_TestSwitchManualIntSize_t" time="0.000107049942016602" />
    <testcase name="Equals (984)" classname="spec_perl_TestSwitchManualIntSize_t" time="0.000113010406494141" />
    <testcase name="Equals (985)" classname="spec_perl_TestSwitchManualIntSize_t" time="9.58442687988281e-05" />
    <testcase name="Equals (986)" classname="spec_perl_TestSwitchManualIntSize_t" time="9.918212890625e-05" />
  </testsuite>
</testsuites>
