<?xml version='1.0' encoding='utf-8'?>
<testsuites>
  <testsuite name="spec_perl_TestCastToImported_t" errors="0" failures="0" skipped="0" tests="2" time="0.044313907623291">
    <system-out>1..2
ok 1 - Equals
ok 2 - Equals
</system-out>
    <testcase name="Equals" classname="spec_perl_TestCastToImported_t" time="0.000250101089477539" />
    <testcase name="Equals (2)" classname="spec_perl_TestCastToImported_t" time="7.58171081542969e-05" />
  </testsuite>
  <testsuite name="spec_perl_TestEnumIntRangeS_t" errors="0" failures="0" skipped="0" tests="3" time="0.0459620952606201">
    <system-out>1..3
ok 1 - Equals
ok 2 - Equals
ok 3 - Equals
</system-out>
    <testcase name="Equals (3)" classname="spec_perl_TestEnumIntRangeS_t" time="0.000278949737548828" />
    <testcase name="Equals (4)" classname="spec_perl_TestEnumIntRangeS_t" time="9.20295715332031e-05" />
    <testcase name="Equals (5)" classname="spec_perl_TestEnumIntRangeS_t" time="0.000131845474243164" />
  </testsuite>
  <testsuite name="spec_perl_TestNavParent2_t" errors="0" failures="0" skipped="0" tests="10" time="0.0491619110107422">
    <system-out>1..10
ok 1 - Equals
ok 2 - Equals
ok 3 - Equals
ok 4 - Equals
ok 5 - Equals
ok 6 - Equals
ok 7 - Equals
ok 8 - Equals
ok 9 - Equals
ok 10 - Equals
</system-out>
    <testcase name="Equals (6)" classname="spec_perl_TestNavParent2_t" time="0.000321149826049805" />
    <testcase name="Equals (7)" classname="spec_perl_TestNavParent2_t" time="8.48770141601562e-05" />
    <testcase name="Equals (8)" classname="spec_perl_TestNavParent2_t" time="9.60826873779297e-05" />
    <testcase name="Equals (9)" classname="spec_perl_TestNavParent2_t" time="0.000149965286254883" />
    <testcase name="Equals (10)" classname="spec_perl_TestNavParent2_t" time="0.000108003616333008" />
    <testcase name="Equals (11)" classname="spec_perl_TestNavParent2_t" time="0.000259876251220703" />
    <testcase name="Equals (12)" classname="spec_perl_TestNavParent2_t" time="0.000102043151855469" />
    <testcase name="Equals (13)" classname="spec_perl_TestNavParent2_t" time="0.000154018402099609" />
    <testcase name="Equals (14)" classname="spec_perl_TestNavParent2_t" time="0.000108957290649414" />
    <testcase name="Equals (15)" classname="spec_perl_TestNavParent2_t" time="0.000189065933227539" />
  </testsuite>
  <testsuite name="spec_perl_TestProcessRepeatUsertype_t" errors="0" failures="0" skipped="0" tests="4" time="0.0445659160614014">
    <system-out>1..4
ok 1 - Equals
ok 2 - Equals
ok 3 - Equals
ok 4 - Equals
</system-out>
    <testcase name="Equals (16)" classname="spec_perl_TestProcessRepeatUsertype_t" time="0.000597000122070312" />
    <testcase name="Equals (17)" classname="spec_perl_TestProcessRepeatUsertype_t" time="0.000101089477539062" />
    <testcase name="Equals (18)" classname="spec_perl_TestProcessRepeatUsertype_t" time="5.10215759277344e-05" />
    <testcase name="Equals (19)" classname="spec_perl_TestProcessRepeatUsertype_t" time="6.60419464111328e-05" />
  </testsuite>
  <testsuite name="spec_perl_TestMetaTags_t" errors="0" failures="0" skipped="1" tests="1" time="0.0454192161560059">
    <system-out>1..1
ok 1 # skip MetaTags=HASH(0x2be7628)
</system-out>
    <testcase name="Unnamed test case 19" classname="spec_perl_TestMetaTags_t" time="0.00131797790527344">
      <skipped message="ok 1 # skip MetaTags=HASH(0x2be7628)" />
    </testcase>
  </testsuite>
  <testsuite name="spec_perl_TestSwitchRepeatExprInvalid_t" errors="0" failures="0" skipped="0" tests="3" time="0.051347017288208">
    <system-out>1..3
ok 1 - Equals
ok 2 - Equals
ok 3 - Equals
</system-out>
    <testcase name="Equals (20)" classname="spec_perl_TestSwitchRepeatExprInvalid_t" time="0.000278949737548828" />
    <testcase name="Equals (21)" classname="spec_perl_TestSwitchRepeatExprInvalid_t" time="8.392333984375e-05" />
    <testcase name="Equals (22)" classname="spec_perl_TestSwitchRepeatExprInvalid_t" time="0.000115156173706055" />
  </testsuite>
  <testsuite name="spec_perl_TestProcessCoerceSwitch_t" errors="0" failures="0" skipped="0" tests="3" time="0.0451920032501221">
    <system-out>1..3
ok 1 - Equals
ok 2 - Equals
ok 3 - Equals
</system-out>
    <testcase name="Equals (23)" classname="spec_perl_TestProcessCoerceSwitch_t" time="0.000588893890380859" />
    <testcase name="Equals (24)" classname="spec_perl_TestProcessCoerceSwitch_t" time="9.89437103271484e-05" />
    <testcase name="Equals (25)" classname="spec_perl_TestProcessCoerceSwitch_t" time="5.91278076171875e-05" />
  </testsuite>
  <testsuite name="spec_perl_TestInstanceIoUser_t" errors="0" failures="0" skipped="0" tests="4" time="0.0714409351348877">
    <system-out>1..4
ok 1 - Equals
ok 2 - Equals
ok 3 - Equals
ok 4 - Equals
</system-out>
    <testcase name="Equals (26)" classname="spec_perl_TestInstanceIoUser_t" time="0.000653982162475586" />
    <testcase name="Equals (27)" classname="spec_perl_TestInstanceIoUser_t" time="0.000108003616333008" />
    <testcase name="Equals (28)" classname="spec_perl_TestInstanceIoUser_t" time="0.000121116638183594" />
    <testcase name="Equals (29)" classname="spec_perl_TestInstanceIoUser_t" time="0.000156879425048828" />
  </testsuite>
  <testsuite name="spec_perl_TestNavParentVsValueInst_t" errors="0" failures="0" skipped="0" tests="1" time="0.0472691059112549">
    <system-out>1..1
ok 1 - Equals
</system-out>
    <testcase name="Equals (30)" classname="spec_perl_TestNavParentVsValueInst_t" time="0.000327825546264648" />
  </testsuite>
  <testsuite name="spec_perl_TestSwitchManualEnum_t" errors="0" failures="0" skipped="0" tests="9" time="0.0482099056243896">
    <system-out>1..9
ok 1 - Equals
ok 2 - Equals
ok 3 - Equals
ok 4 - Equals
ok 5 - Equals
ok 6 - Equals
ok 7 - Equals
ok 8 - Equals
ok 9 - Equals
</system-out>
    <testcase name="Equals (31)" classname="spec_perl_TestSwitchManualEnum_t" time="0.000381946563720703" />
    <testcase name="Equals (32)" classname="spec_perl_TestSwitchManualEnum_t" time="8.60691070556641e-05" />
    <testcase name="Equals (33)" classname="spec_perl_TestSwitchManualEnum_t" time="0.000113964080810547" />
    <testcase name="Equals (34)" classname="spec_perl_TestSwitchManualEnum_t" time="0.000162124633789062" />
    <testcase name="Equals (35)" classname="spec_perl_TestSwitchManualEnum_t" time="0.000118017196655273" />
    <testcase name="Equals (36)" classname="spec_perl_TestSwitchManualEnum_t" time="0.00014185905456543" />
    <testcase name="Equals (37)" classname="spec_perl_TestSwitchManualEnum_t" time="0.000123023986816406" />
    <testcase name="Equals (38)" classname="spec_perl_TestSwitchManualEnum_t" time="0.000128984451293945" />
    <testcase name="Equals (39)" classname="spec_perl_TestSwitchManualEnum_t" time="0.000117063522338867" />
  </testsuite>
  <testsuite name="spec_perl_TestZlibSurrounded_t" errors="0" failures="0" skipped="0" tests="1" time="0.0661611557006836">
    <system-out>1..1
ok 1 - Equals
</system-out>
    <testcase name="Equals (40)" classname="spec_perl_TestZlibSurrounded_t" time="0.000626087188720703" />
  </testsuite>
  <testsuite name="spec_perl_TestBcdUserTypeLe_t" errors="0" failures="0" skipped="0" tests="6" time="0.0461218357086182">
    <system-out>1..6
ok 1 - Equals
ok 2 - Equals
ok 3 - Equals
ok 4 - Equals
ok 5 - Equals
ok 6 - Equals
</system-out>
    <testcase name="Equals (41)" classname="spec_perl_TestBcdUserTypeLe_t" time="0.000633001327514648" />
    <testcase name="Equals (42)" classname="spec_perl_TestBcdUserTypeLe_t" time="9.70363616943359e-05" />
    <testcase name="Equals (43)" classname="spec_perl_TestBcdUserTypeLe_t" time="0.00014495849609375" />
    <testcase name="Equals (44)" classname="spec_perl_TestBcdUserTypeLe_t" time="0.000145912170410156" />
    <testcase name="Equals (45)" classname="spec_perl_TestBcdUserTypeLe_t" time="0.000172138214111328" />
    <testcase name="Equals (46)" classname="spec_perl_TestBcdUserTypeLe_t" time="0.000150918960571289" />
  </testsuite>
  <testsuite name="spec_perl_TestHelloWorld_t" errors="0" failures="0" skipped="0" tests="1" time="0.0444891452789307">
    <system-out>1..1
ok 1 - Equals
</system-out>
    <testcase name="Equals (47)" classname="spec_perl_TestHelloWorld_t" time="0.000288009643554688" />
  </testsuite>
  <testsuite name="spec_perl_TestJsSignedRightShift_t" errors="0" failures="0" skipped="0" tests="2" time="0.0455820560455322">
    <system-out>1..2
ok 1 - Equals
ok 2 - Equals
</system-out>
    <testcase name="Equals (48)" classname="spec_perl_TestJsSignedRightShift_t" time="0.000286102294921875" />
    <testcase name="Equals (49)" classname="spec_perl_TestJsSignedRightShift_t" time="8.10623168945312e-05" />
  </testsuite>
  <testsuite name="spec_perl_TestImportsAbsAbs_t" errors="0" failures="0" skipped="0" tests="3" time="0.0445449352264404">
    <system-out>1..3
ok 1 - Equals
ok 2 - Equals
ok 3 - Equals
</system-out>
    <testcase name="Equals (50)" classname="spec_perl_TestImportsAbsAbs_t" time="0.000193119049072266" />
    <testcase name="Equals (51)" classname="spec_perl_TestImportsAbsAbs_t" time="7.29560852050781e-05" />
    <testcase name="Equals (52)" classname="spec_perl_TestImportsAbsAbs_t" time="0.000149965286254883" />
  </testsuite>
  <testsuite name="spec_perl_TestPositionInSeq_t" errors="0" failures="0" skipped="0" tests="1" time="0.0440740585327148">
    <system-out>1..1
ok 1 - Equals
</system-out>
    <testcase name="Equals (53)" classname="spec_perl_TestPositionInSeq_t" time="0.000248193740844727" />
  </testsuite>
  <testsuite name="spec_perl_TestProcessCoerceBytes_t" errors="0" failures="0" skipped="0" tests="4" time="0.0446209907531738">
    <system-out>1..4
ok 1 - Equals
ok 2 - Equals
ok 3 - Equals
ok 4 - Equals
</system-out>
    <testcase name="Equals (54)" classname="spec_perl_TestProcessCoerceBytes_t" time="0.000308990478515625" />
    <testcase name="Equals (55)" classname="spec_perl_TestProcessCoerceBytes_t" time="8.58306884765625e-05" />
    <testcase name="Equals (56)" classname="spec_perl_TestProcessCoerceBytes_t" time="0.000130176544189453" />
    <testcase name="Equals (57)" classname="spec_perl_TestProcessCoerceBytes_t" time="0.000171899795532227" />
  </testsuite>
  <testsuite name="spec_perl_TestRepeatUntilCalcArrayType_t" errors="0" failures="0" skipped="0" tests="7" time="0.0461831092834473">
    <system-out>1..7
ok 1 - Equals
ok 2 - Equals
ok 3 - Equals
ok 4 - Equals
ok 5 - Equals
ok 6 - Equals
ok 7 - Equals
</system-out>
    <testcase name="Equals (58)" classname="spec_perl_TestRepeatUntilCalcArrayType_t" time="0.000609159469604492" />
    <testcase name="Equals (59)" classname="spec_perl_TestRepeatUntilCalcArrayType_t" time="0.000123023986816406" />
    <testcase name="Equals (60)" classname="spec_perl_TestRepeatUntilCalcArrayType_t" time="4.88758087158203e-05" />
    <testcase name="Equals (61)" classname="spec_perl_TestRepeatUntilCalcArrayType_t" time="0.000101089477539062" />
    <testcase name="Equals (62)" classname="spec_perl_TestRepeatUntilCalcArrayType_t" time="0.000140905380249023" />
    <testcase name="Equals (63)" classname="spec_perl_TestRepeatUntilCalcArrayType_t" time="0.000126123428344727" />
    <testcase name="Equals (64)" classname="spec_perl_TestRepeatUntilCalcArrayType_t" time="0.000173807144165039" />
  </testsuite>
  <testsuite name="spec_perl_TestIntegersDoubleOverflow_t" errors="0" failures="0" skipped="0" tests="8" time="0.0599570274353027">
    <system-out>1..8
ok 1 - Equals
ok 2 - Equals
ok 3 - Equals
ok 4 - Equals
ok 5 - Equals
ok 6 - Equals
ok 7 - Equals
ok 8 - Equals
</system-out>
    <testcase name="Equals (65)" classname="spec_perl_TestIntegersDoubleOverflow_t" time="0.000262975692749023" />
    <testcase name="Equals (66)" classname="spec_perl_TestIntegersDoubleOverflow_t" time="8.0108642578125e-05" />
    <testcase name="Equals (67)" classname="spec_perl_TestIntegersDoubleOverflow_t" time="0.000138998031616211" />
    <testcase name="Equals (68)" classname="spec_perl_TestIntegersDoubleOverflow_t" time="0.000119924545288086" />
    <testcase name="Equals (69)" classname="spec_perl_TestIntegersDoubleOverflow_t" time="0.000144004821777344" />
    <testcase name="Equals (70)" classname="spec_perl_TestIntegersDoubleOverflow_t" time="0.000128030776977539" />
    <testcase name="Equals (71)" classname="spec_perl_TestIntegersDoubleOverflow_t" time="0.00014495849609375" />
    <testcase name="Equals (72)" classname="spec_perl_TestIntegersDoubleOverflow_t" time="0.000119924545288086" />
  </testsuite>
  <testsuite name="spec_perl_TestExprStrOps_t" errors="1" failures="0" skipped="0" tests="0" time="0.0452449321746826">
    <system-out></system-out>
    <testcase name="Test died too soon, even before plan. (72)" classname="spec_perl_TestExprStrOps_t" time="0.0452449321746826">
      <failure message="The test suite died before a plan was produced. You need to have a plan." type="Plan">No plan</failure>
    </testcase>
  </testsuite>
  <testsuite name="spec_perl_TestTermBytes_t" errors="0" failures="0" skipped="0" tests="3" time="0.0474729537963867">
    <system-out>1..3
ok 1 - Equals
ok 2 - Equals
ok 3 - Equals
</system-out>
    <testcase name="Equals (73)" classname="spec_perl_TestTermBytes_t" time="0.000276803970336914" />
    <testcase name="Equals (74)" classname="spec_perl_TestTermBytes_t" time="8.70227813720703e-05" />
    <testcase name="Equals (75)" classname="spec_perl_TestTermBytes_t" time="6.81877136230469e-05" />
  </testsuite>
  <testsuite name="spec_perl_TestEosExceptionBytes_t" errors="0" failures="0" skipped="0" tests="1" time="0.0453810691833496">
    <system-out>1..1
ok 1 - Died
</system-out>
    <testcase name="Died (75)" classname="spec_perl_TestEosExceptionBytes_t" time="0.000493049621582031" />
  </testsuite>
  <testsuite name="spec_perl_TestBitsSimpleLe_t" errors="0" failures="0" skipped="0" tests="14" time="0.0461039543151855">
    <system-out>1..14
ok 1 - Equals
ok 2 - Equals
ok 3 - Equals
ok 4 - Equals
ok 5 - Equals
ok 6 - Equals
ok 7 - Equals
ok 8 - Equals
ok 9 - Equals
ok 10 - Equals
ok 11 - Equals
ok 12 - Equals
ok 13 - Equals
ok 14 - Equals
</system-out>
    <testcase name="Equals (76)" classname="spec_perl_TestBitsSimpleLe_t" time="0.000292062759399414" />
    <testcase name="Equals (77)" classname="spec_perl_TestBitsSimpleLe_t" time="8.41617584228516e-05" />
    <testcase name="Equals (78)" classname="spec_perl_TestBitsSimpleLe_t" time="0.000117778778076172" />
    <testcase name="Equals (79)" classname="spec_perl_TestBitsSimpleLe_t" time="0.000136137008666992" />
    <testcase name="Equals (80)" classname="spec_perl_TestBitsSimpleLe_t" time="0.000149965286254883" />
    <testcase name="Equals (81)" classname="spec_perl_TestBitsSimpleLe_t" time="0.000128984451293945" />
    <testcase name="Equals (82)" classname="spec_perl_TestBitsSimpleLe_t" time="0.00014805793762207" />
    <testcase name="Equals (83)" classname="spec_perl_TestBitsSimpleLe_t" time="0.00011897087097168" />
    <testcase name="Equals (84)" classname="spec_perl_TestBitsSimpleLe_t" time="0.00014495849609375" />
    <testcase name="Equals (85)" classname="spec_perl_TestBitsSimpleLe_t" time="0.000121116638183594" />
    <testcase name="Equals (86)" classname="spec_perl_TestBitsSimpleLe_t" time="0.000150918960571289" />
    <testcase name="Equals (87)" classname="spec_perl_TestBitsSimpleLe_t" time="0.000149965286254883" />
    <testcase name="Equals (88)" classname="spec_perl_TestBitsSimpleLe_t" time="0.000128984451293945" />
    <testcase name="Equals (89)" classname="spec_perl_TestBitsSimpleLe_t" time="0.000126123428344727" />
  </testsuite>
  <testsuite name="spec_perl_TestExprOpsParens_t" errors="1" failures="0" skipped="0" tests="0" time="0.0440809726715088">
    <system-out></system-out>
    <testcase name="Test died too soon, even before plan. (89)" classname="spec_perl_TestExprOpsParens_t" time="0.0440809726715088">
      <failure message="The test suite died before a plan was produced. You need to have a plan." type="Plan">No plan</failure>
    </testcase>
  </testsuite>
  <testsuite name="spec_perl_TestStrEncodingsDefault_t" errors="0" failures="0" skipped="0" tests="4" time="0.0512838363647461">
    <system-out>1..4
ok 1 - Equals
ok 2 - Equals
ok 3 - Equals
ok 4 - Equals
</system-out>
    <testcase name="Equals (90)" classname="spec_perl_TestStrEncodingsDefault_t" time="0.00362110137939453" />
    <testcase name="Equals (91)" classname="spec_perl_TestStrEncodingsDefault_t" time="0.000125885009765625" />
    <testcase name="Equals (92)" classname="spec_perl_TestStrEncodingsDefault_t" time="6.103515625e-05" />
    <testcase name="Equals (93)" classname="spec_perl_TestStrEncodingsDefault_t" time="0.000128030776977539" />
  </testsuite>
  <testsuite name="spec_perl_TestNavParentFalse_t" errors="0" failures="0" skipped="0" tests="5" time="0.0449790954589844">
    <system-out>1..5
ok 1 - Equals
ok 2 - Equals
ok 3 - Equals
ok 4 - Equals
ok 5 - Equals
</system-out>
    <testcase name="Equals (94)" classname="spec_perl_TestNavParentFalse_t" time="0.000271797180175781" />
    <testcase name="Equals (95)" classname="spec_perl_TestNavParentFalse_t" time="8.70227813720703e-05" />
    <testcase name="Equals (96)" classname="spec_perl_TestNavParentFalse_t" time="0.000135183334350586" />
    <testcase name="Equals (97)" classname="spec_perl_TestNavParentFalse_t" time="0.000126838684082031" />
    <testcase name="Equals (98)" classname="spec_perl_TestNavParentFalse_t" time="0.000133991241455078" />
  </testsuite>
  <testsuite name="spec_perl_TestTypeTernaryOpaque_t" errors="0" failures="0" skipped="0" tests="3" time="0.0697879791259766">
    <system-out>1..3
ok 1 - Equals
ok 2 - Equals
ok 3 - Equals
</system-out>
    <testcase name="Equals (99)" classname="spec_perl_TestTypeTernaryOpaque_t" time="0.000644207000732422" />
    <testcase name="Equals (100)" classname="spec_perl_TestTypeTernaryOpaque_t" time="0.000101804733276367" />
    <testcase name="Equals (101)" classname="spec_perl_TestTypeTernaryOpaque_t" time="5.81741333007812e-05" />
  </testsuite>
  <testsuite name="spec_perl_TestDefaultBigEndian_t" errors="0" failures="0" skipped="0" tests="1" time="0.0526139736175537">
    <system-out>1..1
ok 1 - Equals
</system-out>
    <testcase name="Equals (102)" classname="spec_perl_TestDefaultBigEndian_t" time="0.000266075134277344" />
  </testsuite>
  <testsuite name="spec_perl_TestExpr1_t" errors="0" failures="0" skipped="0" tests="4" time="0.047623872756958">
    <system-out>1..4
ok 1 - Equals
ok 2 - Equals
ok 3 - Equals
ok 4 - Equals
</system-out>
    <testcase name="Equals (103)" classname="spec_perl_TestExpr1_t" time="0.0002899169921875" />
    <testcase name="Equals (104)" classname="spec_perl_TestExpr1_t" time="7.70092010498047e-05" />
    <testcase name="Equals (105)" classname="spec_perl_TestExpr1_t" time="0.000113964080810547" />
    <testcase name="Equals (106)" classname="spec_perl_TestExpr1_t" time="0.000138044357299805" />
  </testsuite>
  <testsuite name="spec_perl_TestExprIfIntOps_t" errors="0" failures="0" skipped="0" tests="2" time="0.0440769195556641">
    <system-out>1..2
ok 1 - Equals
ok 2 - Equals
</system-out>
    <testcase name="Equals (107)" classname="spec_perl_TestExprIfIntOps_t" time="0.000262022018432617" />
    <testcase name="Equals (108)" classname="spec_perl_TestExprIfIntOps_t" time="7.89165496826172e-05" />
  </testsuite>
  <testsuite name="spec_perl_TestSwitchManualInt_t" errors="0" failures="0" skipped="0" tests="9" time="0.0484499931335449">
    <system-out>1..9
ok 1 - Equals
ok 2 - Equals
ok 3 - Equals
ok 4 - Equals
ok 5 - Equals
ok 6 - Equals
ok 7 - Equals
ok 8 - Equals
ok 9 - Equals
</system-out>
    <testcase name="Equals (109)" classname="spec_perl_TestSwitchManualInt_t" time="0.000327110290527344" />
    <testcase name="Equals (110)" classname="spec_perl_TestSwitchManualInt_t" time="8.70227813720703e-05" />
    <testcase name="Equals (111)" classname="spec_perl_TestSwitchManualInt_t" time="0.000123023986816406" />
    <testcase name="Equals (112)" classname="spec_perl_TestSwitchManualInt_t" time="0.000136852264404297" />
    <testcase name="Equals (113)" classname="spec_perl_TestSwitchManualInt_t" time="0.000150918960571289" />
    <testcase name="Equals (114)" classname="spec_perl_TestSwitchManualInt_t" time="0.000113010406494141" />
    <testcase name="Equals (115)" classname="spec_perl_TestSwitchManualInt_t" time="0.000145196914672852" />
    <testcase name="Equals (116)" classname="spec_perl_TestSwitchManualInt_t" time="0.000118017196655273" />
    <testcase name="Equals (117)" classname="spec_perl_TestSwitchManualInt_t" time="0.000157833099365234" />
  </testsuite>
  <testsuite name="spec_perl_TestIfValues_t" errors="0" failures="0" skipped="0" tests="6" time="0.0450079441070557">
    <system-out>1..6
ok 1 - Equals
ok 2 - Equals
ok 3 - Equals
ok 4 - nil
ok 5 - Equals
ok 6 - nil
</system-out>
    <testcase name="Equals (118)" classname="spec_perl_TestIfValues_t" time="0.000273942947387695" />
    <testcase name="Equals (119)" classname="spec_perl_TestIfValues_t" time="8.70227813720703e-05" />
    <testcase name="Equals (120)" classname="spec_perl_TestIfValues_t" time="0.000124931335449219" />
    <testcase name="nil (120)" classname="spec_perl_TestIfValues_t" time="6.38961791992188e-05" />
    <testcase name="Equals (121)" classname="spec_perl_TestIfValues_t" time="0.000123023986816406" />
    <testcase name="nil (121)" classname="spec_perl_TestIfValues_t" time="6.19888305664062e-05" />
  </testsuite>
  <testsuite name="spec_perl_TestSwitchBytearray_t" errors="0" failures="0" skipped="0" tests="9" time="0.0486171245574951">
    <system-out>1..9
ok 1 - Equals
ok 2 - Equals
ok 3 - Equals
ok 4 - Equals
ok 5 - Equals
ok 6 - Equals
ok 7 - Equals
ok 8 - Equals
ok 9 - Equals
</system-out>
    <testcase name="Equals (122)" classname="spec_perl_TestSwitchBytearray_t" time="0.000349998474121094" />
    <testcase name="Equals (123)" classname="spec_perl_TestSwitchBytearray_t" time="8.60691070556641e-05" />
    <testcase name="Equals (124)" classname="spec_perl_TestSwitchBytearray_t" time="0.000119924545288086" />
    <testcase name="Equals (125)" classname="spec_perl_TestSwitchBytearray_t" time="0.000151157379150391" />
    <testcase name="Equals (126)" classname="spec_perl_TestSwitchBytearray_t" time="0.000105857849121094" />
    <testcase name="Equals (127)" classname="spec_perl_TestSwitchBytearray_t" time="0.000149011611938477" />
    <testcase name="Equals (128)" classname="spec_perl_TestSwitchBytearray_t" time="0.00011897087097168" />
    <testcase name="Equals (129)" classname="spec_perl_TestSwitchBytearray_t" time="0.00014805793762207" />
    <testcase name="Equals (130)" classname="spec_perl_TestSwitchBytearray_t" time="0.000117063522338867" />
  </testsuite>
  <testsuite name="spec_perl_TestProcessRotate_t" errors="0" failures="0" skipped="0" tests="3" time="0.0441057682037354">
    <system-out>1..3
ok 1 - Equals
ok 2 - Equals
ok 3 - Equals
</system-out>
    <testcase name="Equals (131)" classname="spec_perl_TestProcessRotate_t" time="0.000262022018432617" />
    <testcase name="Equals (132)" classname="spec_perl_TestProcessRotate_t" time="8.41617584228516e-05" />
    <testcase name="Equals (133)" classname="spec_perl_TestProcessRotate_t" time="0.000151872634887695" />
  </testsuite>
  <testsuite name="spec_perl_TestExprBits_t" errors="0" failures="0" skipped="0" tests="10" time="0.0465939044952393">
    <system-out>1..10
ok 1 - Equals
ok 2 - Equals
ok 3 - Equals
ok 4 - Equals
ok 5 - Equals
ok 6 - Equals
ok 7 - Equals
ok 8 - Equals
ok 9 - Equals
ok 10 - Equals
</system-out>
    <testcase name="Equals (134)" classname="spec_perl_TestExprBits_t" time="0.000310182571411133" />
    <testcase name="Equals (135)" classname="spec_perl_TestExprBits_t" time="8.67843627929688e-05" />
    <testcase name="Equals (136)" classname="spec_perl_TestExprBits_t" time="0.000112056732177734" />
    <testcase name="Equals (137)" classname="spec_perl_TestExprBits_t" time="0.000136137008666992" />
    <testcase name="Equals (138)" classname="spec_perl_TestExprBits_t" time="0.000142812728881836" />
    <testcase name="Equals (139)" classname="spec_perl_TestExprBits_t" time="0.000112056732177734" />
    <testcase name="Equals (140)" classname="spec_perl_TestExprBits_t" time="0.000141143798828125" />
    <testcase name="Equals (141)" classname="spec_perl_TestExprBits_t" time="0.000124931335449219" />
    <testcase name="Equals (142)" classname="spec_perl_TestExprBits_t" time="0.000119924545288086" />
    <testcase name="Equals (143)" classname="spec_perl_TestExprBits_t" time="0.000174045562744141" />
  </testsuite>
  <testsuite name="spec_perl_TestFixedStruct_t" errors="1" failures="0" skipped="0" tests="0" time="0.0563039779663086">
    <system-out></system-out>
    <testcase name="Test died too soon, even before plan. (143)" classname="spec_perl_TestFixedStruct_t" time="0.0563039779663086">
      <failure message="The test suite died before a plan was produced. You need to have a plan." type="Plan">No plan</failure>
    </testcase>
  </testsuite>
  <testsuite name="spec_perl_TestIfInstances_t" errors="0" failures="0" skipped="0" tests="1" time="0.0438098907470703">
    <system-out>1..1
ok 1 - nil
</system-out>
    <testcase name="nil (143)" classname="spec_perl_TestIfInstances_t" time="0.000192165374755859" />
  </testsuite>
  <testsuite name="spec_perl_TestEofExceptionU4_t" errors="0" failures="0" skipped="0" tests="1" time="0.0447850227355957">
    <system-out>1..1
ok 1 - Died
</system-out>
    <testcase name="Died (143)" classname="spec_perl_TestEofExceptionU4_t" time="0.000174045562744141" />
  </testsuite>
  <testsuite name="spec_perl_TestExprSizeofType0_t" errors="0" failures="0" skipped="0" tests="1" time="0.0440988540649414">
    <system-out>1..1
ok 1 - Equals
</system-out>
    <testcase name="Equals (144)" classname="spec_perl_TestExprSizeofType0_t" time="0.000255107879638672" />
  </testsuite>
  <testsuite name="spec_perl_TestIntegers_t" errors="1" failures="0" skipped="0" tests="0" time="0.0421998500823975">
    <system-out></system-out>
    <testcase name="Test died too soon, even before plan. (144)" classname="spec_perl_TestIntegers_t" time="0.0421998500823975">
      <failure message="The test suite died before a plan was produced. You need to have a plan." type="Plan">No plan</failure>
    </testcase>
  </testsuite>
  <testsuite name="spec_perl_TestBitsByteAligned_t" errors="0" failures="0" skipped="0" tests="9" time="0.0450079441070557">
    <system-out>1..9
ok 1 - Equals
ok 2 - Equals
ok 3 - Equals
ok 4 - Equals
ok 5 - Equals
ok 6 - Equals
ok 7 - Equals
ok 8 - Equals
ok 9 - Equals
</system-out>
    <testcase name="Equals (145)" classname="spec_perl_TestBitsByteAligned_t" time="0.000272035598754883" />
    <testcase name="Equals (146)" classname="spec_perl_TestBitsByteAligned_t" time="8.20159912109375e-05" />
    <testcase name="Equals (147)" classname="spec_perl_TestBitsByteAligned_t" time="0.000134944915771484" />
    <testcase name="Equals (148)" classname="spec_perl_TestBitsByteAligned_t" time="0.00011897087097168" />
    <testcase name="Equals (149)" classname="spec_perl_TestBitsByteAligned_t" time="0.000138044357299805" />
    <testcase name="Equals (150)" classname="spec_perl_TestBitsByteAligned_t" time="0.000120162963867188" />
    <testcase name="Equals (151)" classname="spec_perl_TestBitsByteAligned_t" time="0.000116825103759766" />
    <testcase name="Equals (152)" classname="spec_perl_TestBitsByteAligned_t" time="0.000123023986816406" />
    <testcase name="Equals (153)" classname="spec_perl_TestBitsByteAligned_t" time="0.000136137008666992" />
  </testsuite>
  <testsuite name="spec_perl_TestNavParent_t" errors="0" failures="0" skipped="0" tests="5" time="0.0489161014556885">
    <system-out>1..5
ok 1 - Equals
ok 2 - Equals
ok 3 - Equals
ok 4 - Equals
ok 5 - Equals
</system-out>
    <testcase name="Equals (154)" classname="spec_perl_TestNavParent_t" time="0.000365018844604492" />
    <testcase name="Equals (155)" classname="spec_perl_TestNavParent_t" time="0.000135898590087891" />
    <testcase name="Equals (156)" classname="spec_perl_TestNavParent_t" time="7.00950622558594e-05" />
    <testcase name="Equals (157)" classname="spec_perl_TestNavParent_t" time="0.000157833099365234" />
    <testcase name="Equals (158)" classname="spec_perl_TestNavParent_t" time="0.000129222869873047" />
  </testsuite>
  <testsuite name="spec_perl_TestEnumDeep_t" errors="0" failures="0" skipped="0" tests="2" time="0.0461509227752686">
    <system-out>1..2
ok 1 - Equals
ok 2 - Equals
</system-out>
    <testcase name="Equals (159)" classname="spec_perl_TestEnumDeep_t" time="0.000252962112426758" />
    <testcase name="Equals (160)" classname="spec_perl_TestEnumDeep_t" time="7.70092010498047e-05" />
  </testsuite>
  <testsuite name="spec_perl_TestProcessCustom_t" errors="1" failures="0" skipped="0" tests="0" time="0.0432889461517334">
    <system-out></system-out>
    <testcase name="Test died too soon, even before plan. (160)" classname="spec_perl_TestProcessCustom_t" time="0.0432889461517334">
      <failure message="The test suite died before a plan was produced. You need to have a plan." type="Plan">No plan</failure>
    </testcase>
  </testsuite>
  <testsuite name="spec_perl_TestExprArray_t" errors="0" failures="1" skipped="0" tests="15" time="0.0534048080444336">
    <system-out>1..15
ok 1 - Equals
ok 2 - Equals
ok 3 - Equals
ok 4 - Equals
ok 5 - Equals
ok 6 - Equals
ok 7 - Equals
ok 8 - Equals
not ok 9 - Equals
ok 10 - Equals
ok 11 - Equals
ok 12 - Equals
ok 13 - Equals
ok 14 - Equals
ok 15 - Equals
</system-out>
    <testcase name="Equals (161)" classname="spec_perl_TestExprArray_t" time="0.00036311149597168" />
    <testcase name="Equals (162)" classname="spec_perl_TestExprArray_t" time="0.0001220703125" />
    <testcase name="Equals (163)" classname="spec_perl_TestExprArray_t" time="5.88893890380859e-05" />
    <testcase name="Equals (164)" classname="spec_perl_TestExprArray_t" time="0.000139951705932617" />
    <testcase name="Equals (165)" classname="spec_perl_TestExprArray_t" time="0.000127077102661133" />
    <testcase name="Equals (166)" classname="spec_perl_TestExprArray_t" time="0.000149965286254883" />
    <testcase name="Equals (167)" classname="spec_perl_TestExprArray_t" time="0.000152111053466797" />
    <testcase name="Equals (168)" classname="spec_perl_TestExprArray_t" time="0.000159978866577148" />
    <testcase name="Equals (169)" classname="spec_perl_TestExprArray_t" time="0.000242948532104492">
      <failure message="not ok 9 - Equals" type="TAP::Parser::Result::Test"></failure>
    </testcase>
    <testcase name="Equals (170)" classname="spec_perl_TestExprArray_t" time="0.00339698791503906" />
    <testcase name="Equals (171)" classname="spec_perl_TestExprArray_t" time="8.0108642578125e-05" />
    <testcase name="Equals (172)" classname="spec_perl_TestExprArray_t" time="4.29153442382812e-05" />
    <testcase name="Equals (173)" classname="spec_perl_TestExprArray_t" time="4.10079956054688e-05" />
    <testcase name="Equals (174)" classname="spec_perl_TestExprArray_t" time="4.00543212890625e-05" />
    <testcase name="Equals (175)" classname="spec_perl_TestExprArray_t" time="6.89029693603516e-05" />
  </testsuite>
  <testsuite name="spec_perl_TestTypeTernary_t" errors="0" failures="0" skipped="0" tests="1" time="0.0483109951019287">
    <system-out>1..1
ok 1 - Equals
</system-out>
    <testcase name="Equals (176)" classname="spec_perl_TestTypeTernary_t" time="0.000600814819335938" />
  </testsuite>
  <testsuite name="spec_perl_TestEnumFancy_t" errors="0" failures="0" skipped="0" tests="2" time="0.0459611415863037">
    <system-out>1..2
ok 1 - Equals
ok 2 - Equals
</system-out>
    <testcase name="Equals (177)" classname="spec_perl_TestEnumFancy_t" time="0.000241994857788086" />
    <testcase name="Equals (178)" classname="spec_perl_TestEnumFancy_t" time="8.10623168945312e-05" />
  </testsuite>
  <testsuite name="spec_perl_TestSwitchIntegers2_t" errors="0" failures="0" skipped="0" tests="5" time="0.0445189476013184">
    <system-out>1..5
ok 1 - Equals
ok 2 - Equals
ok 3 - Equals
ok 4 - Equals
ok 5 - Equals
</system-out>
    <testcase name="Equals (179)" classname="spec_perl_TestSwitchIntegers2_t" time="0.00024104118347168" />
    <testcase name="Equals (180)" classname="spec_perl_TestSwitchIntegers2_t" time="8.10623168945312e-05" />
    <testcase name="Equals (181)" classname="spec_perl_TestSwitchIntegers2_t" time="0.000139951705932617" />
    <testcase name="Equals (182)" classname="spec_perl_TestSwitchIntegers2_t" time="0.000117063522338867" />
    <testcase name="Equals (183)" classname="spec_perl_TestSwitchIntegers2_t" time="0.000144004821777344" />
  </testsuite>
  <testsuite name="spec_perl_TestImportsRel1_t" errors="0" failures="0" skipped="0" tests="3" time="0.0440781116485596">
    <system-out>1..3
ok 1 - Equals
ok 2 - Equals
ok 3 - Equals
</system-out>
    <testcase name="Equals (184)" classname="spec_perl_TestImportsRel1_t" time="0.000243902206420898" />
    <testcase name="Equals (185)" classname="spec_perl_TestImportsRel1_t" time="7.79628753662109e-05" />
    <testcase name="Equals (186)" classname="spec_perl_TestImportsRel1_t" time="0.000147104263305664" />
  </testsuite>
  <testsuite name="spec_perl_TestExprIoEof_t" errors="0" failures="0" skipped="0" tests="4" time="0.049422025680542">
    <system-out>1..4
ok 1 - Equals
ok 2 - nil
ok 3 - Equals
ok 4 - Equals
</system-out>
    <testcase name="Equals (187)" classname="spec_perl_TestExprIoEof_t" time="0.000566959381103516" />
    <testcase name="nil (187)" classname="spec_perl_TestExprIoEof_t" time="9.89437103271484e-05" />
    <testcase name="Equals (188)" classname="spec_perl_TestExprIoEof_t" time="4.69684600830078e-05" />
    <testcase name="Equals (189)" classname="spec_perl_TestExprIoEof_t" time="5.50746917724609e-05" />
  </testsuite>
  <testsuite name="spec_perl_TestValidSwitch_t" errors="1" failures="0" skipped="0" tests="0" time="0.044633150100708">
    <system-out></system-out>
    <testcase name="Test died too soon, even before plan. (189)" classname="spec_perl_TestValidSwitch_t" time="0.044633150100708">
      <failure message="The test suite died before a plan was produced. You need to have a plan." type="Plan">No plan</failure>
    </testcase>
  </testsuite>
  <testsuite name="spec_perl_TestExprCalcArrayOps_t" errors="0" failures="1" skipped="17" tests="18" time="0.0719671249389648">
    <system-out>1..18
not ok 1 - test_expr_calc_array_ops died (Can't use string (&quot;1000&quot;) as an ARRAY ref while &quot;strict refs&quot; in use at compiled/perl/ExprCalcArrayOps.pm line 50.)
ok 2 # skip test_expr_calc_array_ops died
ok 3 # skip test_expr_calc_array_ops died
ok 4 # skip test_expr_calc_array_ops died
ok 5 # skip test_expr_calc_array_ops died
ok 6 # skip test_expr_calc_array_ops died
ok 7 # skip test_expr_calc_array_ops died
ok 8 # skip test_expr_calc_array_ops died
ok 9 # skip test_expr_calc_array_ops died
ok 10 # skip test_expr_calc_array_ops died
ok 11 # skip test_expr_calc_array_ops died
ok 12 # skip test_expr_calc_array_ops died
ok 13 # skip test_expr_calc_array_ops died
ok 14 # skip test_expr_calc_array_ops died
ok 15 # skip test_expr_calc_array_ops died
ok 16 # skip test_expr_calc_array_ops died
ok 17 # skip test_expr_calc_array_ops died
ok 18 # skip test_expr_calc_array_ops died
</system-out>
    <testcase name="test_expr_calc_array_ops died (Can't use string (&quot;1000&quot;) as an ARRAY ref while &quot;strict refs&quot; in use at compiled/perl/ExprCalcArrayOps.pm line 50.) (189)" classname="spec_perl_TestExprCalcArrayOps_t" time="0.000340938568115234">
      <failure message="not ok 1 - test_expr_calc_array_ops died (Can't use string (&quot;1000&quot;) as an ARRAY ref while &quot;strict refs&quot; in use at compiled/perl/ExprCalcArrayOps.pm line 50.)" type="TAP::Parser::Result::Test"></failure>
    </testcase>
    <testcase name="Unnamed test case 189" classname="spec_perl_TestExprCalcArrayOps_t" time="0.000494003295898438">
      <skipped message="ok 2 # skip test_expr_calc_array_ops died" />
    </testcase>
    <testcase name="Unnamed test case 190" classname="spec_perl_TestExprCalcArrayOps_t" time="9.89437103271484e-05">
      <skipped message="ok 3 # skip test_expr_calc_array_ops died" />
    </testcase>
    <testcase name="Unnamed test case 191" classname="spec_perl_TestExprCalcArrayOps_t" time="9.10758972167969e-05">
      <skipped message="ok 4 # skip test_expr_calc_array_ops died" />
    </testcase>
    <testcase name="Unnamed test case 192" classname="spec_perl_TestExprCalcArrayOps_t" time="0.000171899795532227">
      <skipped message="ok 5 # skip test_expr_calc_array_ops died" />
    </testcase>
    <testcase name="Unnamed test case 193" classname="spec_perl_TestExprCalcArrayOps_t" time="0.00012516975402832">
      <skipped message="ok 6 # skip test_expr_calc_array_ops died" />
    </testcase>
    <testcase name="Unnamed test case 194" classname="spec_perl_TestExprCalcArrayOps_t" time="0.000166893005371094">
      <skipped message="ok 7 # skip test_expr_calc_array_ops died" />
    </testcase>
    <testcase name="Unnamed test case 195" classname="spec_perl_TestExprCalcArrayOps_t" time="0.000124931335449219">
      <skipped message="ok 8 # skip test_expr_calc_array_ops died" />
    </testcase>
    <testcase name="Unnamed test case 196" classname="spec_perl_TestExprCalcArrayOps_t" time="0.000156164169311523">
      <skipped message="ok 9 # skip test_expr_calc_array_ops died" />
    </testcase>
    <testcase name="Unnamed test case 197" classname="spec_perl_TestExprCalcArrayOps_t" time="0.000176906585693359">
      <skipped message="ok 10 # skip test_expr_calc_array_ops died" />
    </testcase>
    <testcase name="Unnamed test case 198" classname="spec_perl_TestExprCalcArrayOps_t" time="0.000230073928833008">
      <skipped message="ok 11 # skip test_expr_calc_array_ops died" />
    </testcase>
    <testcase name="Unnamed test case 199" classname="spec_perl_TestExprCalcArrayOps_t" time="0.000123023986816406">
      <skipped message="ok 12 # skip test_expr_calc_array_ops died" />
    </testcase>
    <testcase name="Unnamed test case 200" classname="spec_perl_TestExprCalcArrayOps_t" time="7.39097595214844e-05">
      <skipped message="ok 13 # skip test_expr_calc_array_ops died" />
    </testcase>
    <testcase name="Unnamed test case 201" classname="spec_perl_TestExprCalcArrayOps_t" time="8.79764556884766e-05">
      <skipped message="ok 14 # skip test_expr_calc_array_ops died" />
    </testcase>
    <testcase name="Unnamed test case 202" classname="spec_perl_TestExprCalcArrayOps_t" time="0.000319004058837891">
      <skipped message="ok 15 # skip test_expr_calc_array_ops died" />
    </testcase>
    <testcase name="Unnamed test case 203" classname="spec_perl_TestExprCalcArrayOps_t" time="0.000106096267700195">
      <skipped message="ok 16 # skip test_expr_calc_array_ops died" />
    </testcase>
    <testcase name="Unnamed test case 204" classname="spec_perl_TestExprCalcArrayOps_t" time="7.89165496826172e-05">
      <skipped message="ok 17 # skip test_expr_calc_array_ops died" />
    </testcase>
    <testcase name="Unnamed test case 205" classname="spec_perl_TestExprCalcArrayOps_t" time="4.91142272949219e-05">
      <skipped message="ok 18 # skip test_expr_calc_array_ops died" />
    </testcase>
  </testsuite>
  <testsuite name="spec_perl_TestInstanceStd_t" errors="0" failures="0" skipped="0" tests="1" time="0.0479848384857178">
    <system-out>1..1
ok 1 - Equals
</system-out>
    <testcase name="Equals (205)" classname="spec_perl_TestInstanceStd_t" time="0.000303030014038086" />
  </testsuite>
  <testsuite name="spec_perl_TestProcessToUser_t" errors="0" failures="0" skipped="0" tests="1" time="0.0481398105621338">
    <system-out>1..1
ok 1 - Equals
</system-out>
    <testcase name="Equals (206)" classname="spec_perl_TestProcessToUser_t" time="0.000626802444458008" />
  </testsuite>
  <testsuite name="spec_perl_TestNestedSameName2_t" errors="0" failures="0" skipped="0" tests="5" time="0.0448081493377686">
    <system-out>1..5
ok 1 - Equals
ok 2 - Equals
ok 3 - Equals
ok 4 - Equals
ok 5 - Equals
</system-out>
    <testcase name="Equals (207)" classname="spec_perl_TestNestedSameName2_t" time="0.000277042388916016" />
    <testcase name="Equals (208)" classname="spec_perl_TestNestedSameName2_t" time="7.91549682617188e-05" />
    <testcase name="Equals (209)" classname="spec_perl_TestNestedSameName2_t" time="0.000131845474243164" />
    <testcase name="Equals (210)" classname="spec_perl_TestNestedSameName2_t" time="0.000128030776977539" />
    <testcase name="Equals (211)" classname="spec_perl_TestNestedSameName2_t" time="0.000144004821777344" />
  </testsuite>
  <testsuite name="spec_perl_TestBufferedStruct_t" errors="0" failures="0" skipped="0" tests="7" time="0.0448710918426514">
    <system-out>1..7
ok 1 - Equals
ok 2 - Equals
ok 3 - Equals
ok 4 - Equals
ok 5 - Equals
ok 6 - Equals
ok 7 - Equals
</system-out>
    <testcase name="Equals (212)" classname="spec_perl_TestBufferedStruct_t" time="0.000578880310058594" />
    <testcase name="Equals (213)" classname="spec_perl_TestBufferedStruct_t" time="9.82284545898438e-05" />
    <testcase name="Equals (214)" classname="spec_perl_TestBufferedStruct_t" time="5.79357147216797e-05" />
    <testcase name="Equals (215)" classname="spec_perl_TestBufferedStruct_t" time="0.000114917755126953" />
    <testcase name="Equals (216)" classname="spec_perl_TestBufferedStruct_t" time="0.000134944915771484" />
    <testcase name="Equals (217)" classname="spec_perl_TestBufferedStruct_t" time="0.000131130218505859" />
    <testcase name="Equals (218)" classname="spec_perl_TestBufferedStruct_t" time="0.000174999237060547" />
  </testsuite>
  <testsuite name="spec_perl_TestEnumNegative_t" errors="0" failures="0" skipped="0" tests="2" time="0.0441110134124756">
    <system-out>1..2
ok 1 - Equals
ok 2 - Equals
</system-out>
    <testcase name="Equals (219)" classname="spec_perl_TestEnumNegative_t" time="0.00022578239440918" />
    <testcase name="Equals (220)" classname="spec_perl_TestEnumNegative_t" time="8.10623168945312e-05" />
  </testsuite>
  <testsuite name="spec_perl_TestParamsCallExtraParens_t" errors="0" failures="1" skipped="0" tests="1" time="0.0540540218353271">
    <system-out>1..1
not ok 1 - Equals
</system-out>
    <testcase name="Equals (221)" classname="spec_perl_TestParamsCallExtraParens_t" time="0.00235700607299805">
      <failure message="not ok 1 - Equals" type="TAP::Parser::Result::Test"></failure>
    </testcase>
  </testsuite>
  <testsuite name="spec_perl_TestParamsPassUsertype_t" errors="0" failures="1" skipped="1" tests="2" time="0.0529110431671143">
    <system-out>1..2
not ok 1 - test_params_pass_usertype died (Can't call method &quot;foo&quot; on an undefined value at compiled/perl/ParamsPassUsertype.pm line 119.)
ok 2 # skip test_params_pass_usertype died
</system-out>
    <testcase name="test_params_pass_usertype died (Can't call method &quot;foo&quot; on an undefined value at compiled/perl/ParamsPassUsertype.pm line 119.) (221)" classname="spec_perl_TestParamsPassUsertype_t" time="0.000369071960449219">
      <failure message="not ok 1 - test_params_pass_usertype died (Can't call method &quot;foo&quot; on an undefined value at compiled/perl/ParamsPassUsertype.pm line 119.)" type="TAP::Parser::Result::Test"></failure>
    </testcase>
    <testcase name="Unnamed test case 221" classname="spec_perl_TestParamsPassUsertype_t" time="0.000443935394287109">
      <skipped message="ok 2 # skip test_params_pass_usertype died" />
    </testcase>
  </testsuite>
  <testsuite name="spec_perl_TestSwitchManualIntSize_t" errors="0" failures="1" skipped="0" tests="10" time="0.0545070171356201">
    <system-out>1..10
ok 1 - Equals
ok 2 - Equals
ok 3 - Equals
ok 4 - Equals
ok 5 - Equals
not ok 6 - test switch manual int size
ok 7 - Equals
ok 8 - Equals
ok 9 - Equals
ok 10 - Equals
</system-out>
    <testcase name="Equals (222)" classname="spec_perl_TestSwitchManualIntSize_t" time="0.000751018524169922" />
    <testcase name="Equals (223)" classname="spec_perl_TestSwitchManualIntSize_t" time="0.000114917755126953" />
    <testcase name="Equals (224)" classname="spec_perl_TestSwitchManualIntSize_t" time="6.103515625e-05" />
    <testcase name="Equals (225)" classname="spec_perl_TestSwitchManualIntSize_t" time="0.000118017196655273" />
    <testcase name="Equals (226)" classname="spec_perl_TestSwitchManualIntSize_t" time="0.000143051147460938" />
    <testcase name="test switch manual int size (226)" classname="spec_perl_TestSwitchManualIntSize_t" time="0.00147390365600586">
      <failure message="not ok 6 - test switch manual int size" type="TAP::Parser::Result::Test"></failure>
    </testcase>
    <testcase name="Equals (227)" classname="spec_perl_TestSwitchManualIntSize_t" time="0.00146913528442383" />
    <testcase name="Equals (228)" classname="spec_perl_TestSwitchManualIntSize_t" time="7.70092010498047e-05" />
    <testcase name="Equals (229)" classname="spec_perl_TestSwitchManualIntSize_t" time="6.98566436767578e-05" />
    <testcase name="Equals (230)" classname="spec_perl_TestSwitchManualIntSize_t" time="0.0014340877532959" />
  </testsuite>
  <testsuite name="spec_perl_TestRepeatUntilSized_t" errors="0" failures="0" skipped="0" tests="7" time="0.0453958511352539">
    <system-out>1..7
ok 1 - Equals
ok 2 - Equals
ok 3 - Equals
ok 4 - Equals
ok 5 - Equals
ok 6 - Equals
ok 7 - Equals
</system-out>
    <testcase name="Equals (231)" classname="spec_perl_TestRepeatUntilSized_t" time="0.000623941421508789" />
    <testcase name="Equals (232)" classname="spec_perl_TestRepeatUntilSized_t" time="0.000108003616333008" />
    <testcase name="Equals (233)" classname="spec_perl_TestRepeatUntilSized_t" time="6.103515625e-05" />
    <testcase name="Equals (234)" classname="spec_perl_TestRepeatUntilSized_t" time="6.38961791992188e-05" />
    <testcase name="Equals (235)" classname="spec_perl_TestRepeatUntilSized_t" time="0.000168085098266602" />
    <testcase name="Equals (236)" classname="spec_perl_TestRepeatUntilSized_t" time="0.000123023986816406" />
    <testcase name="Equals (237)" classname="spec_perl_TestRepeatUntilSized_t" time="0.000140905380249023" />
  </testsuite>
  <testsuite name="spec_perl_TestFloatToI_t" errors="0" failures="0" skipped="0" tests="8" time="0.0458199977874756">
    <system-out>1..8
ok 1 - Equals
ok 2 - Equals
ok 3 - Equals
ok 4 - Equals
ok 5 - Equals
ok 6 - Equals
ok 7 - Equals
ok 8 - Equals
</system-out>
    <testcase name="Equals (238)" classname="spec_perl_TestFloatToI_t" time="0.000310897827148438" />
    <testcase name="Equals (239)" classname="spec_perl_TestFloatToI_t" time="0.000102043151855469" />
    <testcase name="Equals (240)" classname="spec_perl_TestFloatToI_t" time="7.41481781005859e-05" />
    <testcase name="Equals (241)" classname="spec_perl_TestFloatToI_t" time="0.000184774398803711" />
    <testcase name="Equals (242)" classname="spec_perl_TestFloatToI_t" time="9.51290130615234e-05" />
    <testcase name="Equals (243)" classname="spec_perl_TestFloatToI_t" time="0.000143051147460938" />
    <testcase name="Equals (244)" classname="spec_perl_TestFloatToI_t" time="0.000135898590087891" />
    <testcase name="Equals (245)" classname="spec_perl_TestFloatToI_t" time="0.000119924545288086" />
  </testsuite>
  <testsuite name="spec_perl_TestDebugSwitchUser_t" errors="1" failures="0" skipped="0" tests="0" time="0.0538978576660156">
    <system-out></system-out>
    <testcase name="Test died too soon, even before plan. (245)" classname="spec_perl_TestDebugSwitchUser_t" time="0.0538978576660156">
      <failure message="The test suite died before a plan was produced. You need to have a plan." type="Plan">No plan</failure>
    </testcase>
  </testsuite>
  <testsuite name="spec_perl_TestEnumDeepLiterals_t" errors="0" failures="0" skipped="0" tests="2" time="0.0459098815917969">
    <system-out>1..2
ok 1 - Equals
ok 2 - Equals
</system-out>
    <testcase name="Equals (246)" classname="spec_perl_TestEnumDeepLiterals_t" time="0.000257968902587891" />
    <testcase name="Equals (247)" classname="spec_perl_TestEnumDeepLiterals_t" time="9.98973846435547e-05" />
  </testsuite>
  <testsuite name="spec_perl_TestValidNotParsedIf_t" errors="1" failures="0" skipped="0" tests="0" time="0.0621039867401123">
    <system-out></system-out>
    <testcase name="Test died too soon, even before plan. (247)" classname="spec_perl_TestValidNotParsedIf_t" time="0.0621039867401123">
      <failure message="The test suite died before a plan was produced. You need to have a plan." type="Plan">No plan</failure>
    </testcase>
  </testsuite>
  <testsuite name="spec_perl_TestParamsEnum_t" errors="0" failures="1" skipped="0" tests="2" time="0.0493991374969482">
    <system-out>1..2
ok 1 - Equals
not ok 2 - Equals
</system-out>
    <testcase name="Equals (248)" classname="spec_perl_TestParamsEnum_t" time="0.000248193740844727" />
    <testcase name="Equals (249)" classname="spec_perl_TestParamsEnum_t" time="0.00170993804931641">
      <failure message="not ok 2 - Equals" type="TAP::Parser::Result::Test"></failure>
    </testcase>
  </testsuite>
  <testsuite name="spec_perl_TestBytesPadTerm_t" errors="0" failures="0" skipped="0" tests="4" time="0.0442349910736084">
    <system-out>1..4
ok 1 - Equals
ok 2 - Equals
ok 3 - Equals
ok 4 - Equals
</system-out>
    <testcase name="Equals (250)" classname="spec_perl_TestBytesPadTerm_t" time="0.000267982482910156" />
    <testcase name="Equals (251)" classname="spec_perl_TestBytesPadTerm_t" time="8.10623168945312e-05" />
    <testcase name="Equals (252)" classname="spec_perl_TestBytesPadTerm_t" time="0.000111103057861328" />
    <testcase name="Equals (253)" classname="spec_perl_TestBytesPadTerm_t" time="0.000144004821777344" />
  </testsuite>
  <testsuite name="spec_perl_TestZlibWithHeader78_t" errors="0" failures="0" skipped="0" tests="1" time="0.0644528865814209">
    <system-out>1..1
ok 1 - Equals
</system-out>
    <testcase name="Equals (254)" classname="spec_perl_TestZlibWithHeader78_t" time="0.000356912612915039" />
  </testsuite>
  <testsuite name="spec_perl_TestEnumInvalid_t" errors="0" failures="0" skipped="0" tests="2" time="0.0474069118499756">
    <system-out>1..2
ok 1 - Equals
ok 2 - Equals
</system-out>
    <testcase name="Equals (255)" classname="spec_perl_TestEnumInvalid_t" time="0.00019383430480957" />
    <testcase name="Equals (256)" classname="spec_perl_TestEnumInvalid_t" time="0.000130176544189453" />
  </testsuite>
  <testsuite name="spec_perl_TestNavRoot_t" errors="0" failures="0" skipped="0" tests="5" time="0.0477380752563477">
    <system-out>1..5
ok 1 - Equals
ok 2 - Equals
ok 3 - Equals
ok 4 - Equals
ok 5 - Equals
</system-out>
    <testcase name="Equals (257)" classname="spec_perl_TestNavRoot_t" time="0.000368833541870117" />
    <testcase name="Equals (258)" classname="spec_perl_TestNavRoot_t" time="8.32080841064453e-05" />
    <testcase name="Equals (259)" classname="spec_perl_TestNavRoot_t" time="5.79357147216797e-05" />
    <testcase name="Equals (260)" classname="spec_perl_TestNavRoot_t" time="0.000175952911376953" />
    <testcase name="Equals (261)" classname="spec_perl_TestNavRoot_t" time="9.70363616943359e-05" />
  </testsuite>
  <testsuite name="spec_perl_TestNestedTypes2_t" errors="0" failures="0" skipped="0" tests="7" time="0.0473120212554932">
    <system-out>1..7
ok 1 - Equals
ok 2 - Equals
ok 3 - Equals
ok 4 - Equals
ok 5 - Equals
ok 6 - Equals
ok 7 - Equals
</system-out>
    <testcase name="Equals (262)" classname="spec_perl_TestNestedTypes2_t" time="0.000308990478515625" />
    <testcase name="Equals (263)" classname="spec_perl_TestNestedTypes2_t" time="0.000110864639282227" />
    <testcase name="Equals (264)" classname="spec_perl_TestNestedTypes2_t" time="6.19888305664062e-05" />
    <testcase name="Equals (265)" classname="spec_perl_TestNestedTypes2_t" time="0.000146150588989258" />
    <testcase name="Equals (266)" classname="spec_perl_TestNestedTypes2_t" time="0.000131845474243164" />
    <testcase name="Equals (267)" classname="spec_perl_TestNestedTypes2_t" time="0.000133991241455078" />
    <testcase name="Equals (268)" classname="spec_perl_TestNestedTypes2_t" time="0.000154018402099609" />
  </testsuite>
  <testsuite name="spec_perl_TestStrLiterals_t" errors="0" failures="0" skipped="0" tests="5" time="0.044590950012207">
    <system-out>1..5
ok 1 - Equals
ok 2 - Equals
ok 3 - Equals
ok 4 - Equals
ok 5 - Equals
</system-out>
    <testcase name="Equals (269)" classname="spec_perl_TestStrLiterals_t" time="0.000266075134277344" />
    <testcase name="Equals (270)" classname="spec_perl_TestStrLiterals_t" time="8.29696655273438e-05" />
    <testcase name="Equals (271)" classname="spec_perl_TestStrLiterals_t" time="0.000156879425048828" />
    <testcase name="Equals (272)" classname="spec_perl_TestStrLiterals_t" time="0.000120162963867188" />
    <testcase name="Equals (273)" classname="spec_perl_TestStrLiterals_t" time="0.00017094612121582" />
  </testsuite>
  <testsuite name="spec_perl_TestExprIntDiv_t" errors="0" failures="2" skipped="0" tests="6" time="0.0464680194854736">
    <system-out>1..6
ok 1 - Equals
ok 2 - Equals
ok 3 - Equals
not ok 4 - Equals
ok 5 - Equals
not ok 6 - Equals
</system-out>
    <testcase name="Equals (274)" classname="spec_perl_TestExprIntDiv_t" time="0.000279903411865234" />
    <testcase name="Equals (275)" classname="spec_perl_TestExprIntDiv_t" time="8.29696655273438e-05" />
    <testcase name="Equals (276)" classname="spec_perl_TestExprIntDiv_t" time="7.60555267333984e-05" />
    <testcase name="Equals (277)" classname="spec_perl_TestExprIntDiv_t" time="0.000230073928833008">
      <failure message="not ok 4 - Equals" type="TAP::Parser::Result::Test"></failure>
    </testcase>
    <testcase name="Equals (278)" classname="spec_perl_TestExprIntDiv_t" time="0.00165104866027832" />
    <testcase name="Equals (279)" classname="spec_perl_TestExprIntDiv_t" time="6.69956207275391e-05">
      <failure message="not ok 6 - Equals" type="TAP::Parser::Result::Test"></failure>
    </testcase>
  </testsuite>
  <testsuite name="spec_perl_TestParamsPassArrayInt_t" errors="0" failures="1" skipped="6" tests="7" time="0.0496039390563965">
    <system-out>1..7
not ok 1 - test_params_pass_array_int died (Can't use an undefined value as an ARRAY reference at spec/perl/TestParamsPassArrayInt.t line 15.)
ok 2 # skip test_params_pass_array_int died
ok 3 # skip test_params_pass_array_int died
ok 4 # skip test_params_pass_array_int died
ok 5 # skip test_params_pass_array_int died
ok 6 # skip test_params_pass_array_int died
ok 7 # skip test_params_pass_array_int died
</system-out>
    <testcase name="test_params_pass_array_int died (Can't use an undefined value as an ARRAY reference at spec/perl/TestParamsPassArrayInt.t line 15.) (279)" classname="spec_perl_TestParamsPassArrayInt_t" time="0.000159025192260742">
      <failure message="not ok 1 - test_params_pass_array_int died (Can't use an undefined value as an ARRAY reference at spec/perl/TestParamsPassArrayInt.t line 15.)" type="TAP::Parser::Result::Test"></failure>
    </testcase>
    <testcase name="Unnamed test case 279" classname="spec_perl_TestParamsPassArrayInt_t" time="7.20024108886719e-05">
      <skipped message="ok 2 # skip test_params_pass_array_int died" />
    </testcase>
    <testcase name="Unnamed test case 280" classname="spec_perl_TestParamsPassArrayInt_t" time="3.38554382324219e-05">
      <skipped message="ok 3 # skip test_params_pass_array_int died" />
    </testcase>
    <testcase name="Unnamed test case 281" classname="spec_perl_TestParamsPassArrayInt_t" time="2.59876251220703e-05">
      <skipped message="ok 4 # skip test_params_pass_array_int died" />
    </testcase>
    <testcase name="Unnamed test case 282" classname="spec_perl_TestParamsPassArrayInt_t" time="2.59876251220703e-05">
      <skipped message="ok 5 # skip test_params_pass_array_int died" />
    </testcase>
    <testcase name="Unnamed test case 283" classname="spec_perl_TestParamsPassArrayInt_t" time="2.40802764892578e-05">
      <skipped message="ok 6 # skip test_params_pass_array_int died" />
    </testcase>
    <testcase name="Unnamed test case 284" classname="spec_perl_TestParamsPassArrayInt_t" time="2.59876251220703e-05">
      <skipped message="ok 7 # skip test_params_pass_array_int died" />
    </testcase>
  </testsuite>
  <testsuite name="spec_perl_TestNavParent3_t" errors="0" failures="0" skipped="0" tests="10" time="0.0488691329956055">
    <system-out>1..10
ok 1 - Equals
ok 2 - Equals
ok 3 - Equals
ok 4 - Equals
ok 5 - Equals
ok 6 - Equals
ok 7 - Equals
ok 8 - Equals
ok 9 - Equals
ok 10 - Equals
</system-out>
    <testcase name="Equals (284)" classname="spec_perl_TestNavParent3_t" time="0.000261068344116211" />
    <testcase name="Equals (285)" classname="spec_perl_TestNavParent3_t" time="8.98838043212891e-05" />
    <testcase name="Equals (286)" classname="spec_perl_TestNavParent3_t" time="0.000195980072021484" />
    <testcase name="Equals (287)" classname="spec_perl_TestNavParent3_t" time="0.000123977661132812" />
    <testcase name="Equals (288)" classname="spec_perl_TestNavParent3_t" time="0.000169038772583008" />
    <testcase name="Equals (289)" classname="spec_perl_TestNavParent3_t" time="0.000208139419555664" />
    <testcase name="Equals (290)" classname="spec_perl_TestNavParent3_t" time="0.000100851058959961" />
    <testcase name="Equals (291)" classname="spec_perl_TestNavParent3_t" time="0.000159025192260742" />
    <testcase name="Equals (292)" classname="spec_perl_TestNavParent3_t" time="0.000106096267700195" />
    <testcase name="Equals (293)" classname="spec_perl_TestNavParent3_t" time="0.000177860260009766" />
  </testsuite>
  <testsuite name="spec_perl_TestCastNested_t" errors="0" failures="0" skipped="0" tests="4" time="0.0476720333099365">
    <system-out>1..4
ok 1 - Equals
ok 2 - Equals
ok 3 - Equals
ok 4 - Equals
</system-out>
    <testcase name="Equals (294)" classname="spec_perl_TestCastNested_t" time="0.000372886657714844" />
    <testcase name="Equals (295)" classname="spec_perl_TestCastNested_t" time="0.000102043151855469" />
    <testcase name="Equals (296)" classname="spec_perl_TestCastNested_t" time="6.103515625e-05" />
    <testcase name="Equals (297)" classname="spec_perl_TestCastNested_t" time="0.000175952911376953" />
  </testsuite>
  <testsuite name="spec_perl_TestNestedTypes3_t" errors="0" failures="0" skipped="0" tests="5" time="0.0472588539123535">
    <system-out>1..5
ok 1 - Equals
ok 2 - Equals
ok 3 - Equals
ok 4 - Equals
ok 5 - Equals
</system-out>
    <testcase name="Equals (298)" classname="spec_perl_TestNestedTypes3_t" time="0.000330209732055664" />
    <testcase name="Equals (299)" classname="spec_perl_TestNestedTypes3_t" time="8.58306884765625e-05" />
    <testcase name="Equals (300)" classname="spec_perl_TestNestedTypes3_t" time="0.000127077102661133" />
    <testcase name="Equals (301)" classname="spec_perl_TestNestedTypes3_t" time="0.000154972076416016" />
    <testcase name="Equals (302)" classname="spec_perl_TestNestedTypes3_t" time="0.00011897087097168" />
  </testsuite>
  <testsuite name="spec_perl_TestSwitchManualIntSizeElse_t" errors="0" failures="0" skipped="0" tests="10" time="0.0509319305419922">
    <system-out>1..10
ok 1 - Equals
ok 2 - Equals
ok 3 - Equals
ok 4 - Equals
ok 5 - Equals
ok 6 - Equals
ok 7 - Equals
ok 8 - Equals
ok 9 - Equals
ok 10 - Equals
</system-out>
    <testcase name="Equals (303)" classname="spec_perl_TestSwitchManualIntSizeElse_t" time="0.000756978988647461" />
    <testcase name="Equals (304)" classname="spec_perl_TestSwitchManualIntSizeElse_t" time="0.00010991096496582" />
    <testcase name="Equals (305)" classname="spec_perl_TestSwitchManualIntSizeElse_t" time="0.000116109848022461" />
    <testcase name="Equals (306)" classname="spec_perl_TestSwitchManualIntSizeElse_t" time="0.000145912170410156" />
    <testcase name="Equals (307)" classname="spec_perl_TestSwitchManualIntSizeElse_t" time="0.000138998031616211" />
    <testcase name="Equals (308)" classname="spec_perl_TestSwitchManualIntSizeElse_t" time="0.000173091888427734" />
    <testcase name="Equals (309)" classname="spec_perl_TestSwitchManualIntSizeElse_t" time="0.000144004821777344" />
    <testcase name="Equals (310)" classname="spec_perl_TestSwitchManualIntSizeElse_t" time="0.000149011611938477" />
    <testcase name="Equals (311)" classname="spec_perl_TestSwitchManualIntSizeElse_t" time="0.000151872634887695" />
    <testcase name="Equals (312)" classname="spec_perl_TestSwitchManualIntSizeElse_t" time="0.000141143798828125" />
  </testsuite>
  <testsuite name="spec_perl_TestRepeatUntilComplex_t" errors="0" failures="0" skipped="0" tests="17" time="0.0469889640808105">
    <system-out>1..17
ok 1 - Equals
ok 2 - Equals
ok 3 - Equals
ok 4 - Equals
ok 5 - Equals
ok 6 - Equals
ok 7 - Equals
ok 8 - Equals
ok 9 - Equals
ok 10 - Equals
ok 11 - Equals
ok 12 - Equals
ok 13 - Equals
ok 14 - Equals
ok 15 - Equals
ok 16 - Equals
ok 17 - Equals
</system-out>
    <testcase name="Equals (313)" classname="spec_perl_TestRepeatUntilComplex_t" time="0.000375986099243164" />
    <testcase name="Equals (314)" classname="spec_perl_TestRepeatUntilComplex_t" time="0.000135898590087891" />
    <testcase name="Equals (315)" classname="spec_perl_TestRepeatUntilComplex_t" time="9.60826873779297e-05" />
    <testcase name="Equals (316)" classname="spec_perl_TestRepeatUntilComplex_t" time="0.000169992446899414" />
    <testcase name="Equals (317)" classname="spec_perl_TestRepeatUntilComplex_t" time="0.000140905380249023" />
    <testcase name="Equals (318)" classname="spec_perl_TestRepeatUntilComplex_t" time="0.000116109848022461" />
    <testcase name="Equals (319)" classname="spec_perl_TestRepeatUntilComplex_t" time="9.89437103271484e-05" />
    <testcase name="Equals (320)" classname="spec_perl_TestRepeatUntilComplex_t" time="0.000137090682983398" />
    <testcase name="Equals (321)" classname="spec_perl_TestRepeatUntilComplex_t" time="0.000123023986816406" />
    <testcase name="Equals (322)" classname="spec_perl_TestRepeatUntilComplex_t" time="0.000154018402099609" />
    <testcase name="Equals (323)" classname="spec_perl_TestRepeatUntilComplex_t" time="0.000116825103759766" />
    <testcase name="Equals (324)" classname="spec_perl_TestRepeatUntilComplex_t" time="0.000146150588989258" />
    <testcase name="Equals (325)" classname="spec_perl_TestRepeatUntilComplex_t" time="0.000152826309204102" />
    <testcase name="Equals (326)" classname="spec_perl_TestRepeatUntilComplex_t" time="0.000118017196655273" />
    <testcase name="Equals (327)" classname="spec_perl_TestRepeatUntilComplex_t" time="0.000147104263305664" />
    <testcase name="Equals (328)" classname="spec_perl_TestRepeatUntilComplex_t" time="6.4849853515625e-05" />
    <testcase name="Equals (329)" classname="spec_perl_TestRepeatUntilComplex_t" time="0.000151157379150391" />
  </testsuite>
  <testsuite name="spec_perl_TestCombineStr_t" errors="0" failures="0" skipped="0" tests="15" time="0.0511298179626465">
    <system-out>1..15
ok 1 - Equals
ok 2 - Equals
ok 3 - Equals
ok 4 - Equals
ok 5 - Equals
ok 6 - Equals
ok 7 - Equals
ok 8 - Equals
ok 9 - Equals
ok 10 - Equals
ok 11 - Equals
ok 12 - Equals
ok 13 - Equals
ok 14 - Equals
ok 15 - Equals
</system-out>
    <testcase name="Equals (330)" classname="spec_perl_TestCombineStr_t" time="0.000313043594360352" />
    <testcase name="Equals (331)" classname="spec_perl_TestCombineStr_t" time="8.51154327392578e-05" />
    <testcase name="Equals (332)" classname="spec_perl_TestCombineStr_t" time="0.000121831893920898" />
    <testcase name="Equals (333)" classname="spec_perl_TestCombineStr_t" time="0.000153064727783203" />
    <testcase name="Equals (334)" classname="spec_perl_TestCombineStr_t" time="0.000144004821777344" />
    <testcase name="Equals (335)" classname="spec_perl_TestCombineStr_t" time="0.000131130218505859" />
    <testcase name="Equals (336)" classname="spec_perl_TestCombineStr_t" time="0.000147819519042969" />
    <testcase name="Equals (337)" classname="spec_perl_TestCombineStr_t" time="0.000152111053466797" />
    <testcase name="Equals (338)" classname="spec_perl_TestCombineStr_t" time="0.000127077102661133" />
    <testcase name="Equals (339)" classname="spec_perl_TestCombineStr_t" time="0.000152826309204102" />
    <testcase name="Equals (340)" classname="spec_perl_TestCombineStr_t" time="0.000137090682983398" />
    <testcase name="Equals (341)" classname="spec_perl_TestCombineStr_t" time="0.000124931335449219" />
    <testcase name="Equals (342)" classname="spec_perl_TestCombineStr_t" time="0.00014805793762207" />
    <testcase name="Equals (343)" classname="spec_perl_TestCombineStr_t" time="0.000154018402099609" />
    <testcase name="Equals (344)" classname="spec_perl_TestCombineStr_t" time="0.000168085098266602" />
  </testsuite>
  <testsuite name="spec_perl_TestEofExceptionBytes_t" errors="0" failures="0" skipped="0" tests="1" time="0.0457329750061035">
    <system-out>1..1
ok 1 - Died
</system-out>
    <testcase name="Died (344)" classname="spec_perl_TestEofExceptionBytes_t" time="0.000174999237060547" />
  </testsuite>
  <testsuite name="spec_perl_TestCombineBool_t" errors="0" failures="0" skipped="0" tests="2" time="0.0447030067443848">
    <system-out>1..2
ok 1 - Equals
ok 2 - Equals
</system-out>
    <testcase name="Equals (345)" classname="spec_perl_TestCombineBool_t" time="0.000303983688354492" />
    <testcase name="Equals (346)" classname="spec_perl_TestCombineBool_t" time="7.79628753662109e-05" />
  </testsuite>
  <testsuite name="spec_perl_TestOpaqueExternalType02Parent_t" errors="0" failures="0" skipped="0" tests="3" time="0.0494439601898193">
    <system-out>1..3
ok 1 - Equals
ok 2 - Equals
ok 3 - Equals
</system-out>
    <testcase name="Equals (347)" classname="spec_perl_TestOpaqueExternalType02Parent_t" time="0.000466108322143555" />
    <testcase name="Equals (348)" classname="spec_perl_TestOpaqueExternalType02Parent_t" time="0.000103950500488281" />
    <testcase name="Equals (349)" classname="spec_perl_TestOpaqueExternalType02Parent_t" time="6.19888305664062e-05" />
  </testsuite>
  <testsuite name="spec_perl_TestExprBytesLiteral_t" errors="1" failures="0" skipped="0" tests="0" time="0.0462031364440918">
    <system-out></system-out>
    <testcase name="Test died too soon, even before plan. (349)" classname="spec_perl_TestExprBytesLiteral_t" time="0.0462031364440918">
      <failure message="The test suite died before a plan was produced. You need to have a plan." type="Plan">No plan</failure>
    </testcase>
  </testsuite>
  <testsuite name="spec_perl_TestEnumLongRangeU_t" errors="0" failures="0" skipped="0" tests="4" time="0.0442399978637695">
    <system-out>1..4
ok 1 - Equals
ok 2 - Equals
ok 3 - Equals
ok 4 - Equals
</system-out>
    <testcase name="Equals (350)" classname="spec_perl_TestEnumLongRangeU_t" time="0.000261068344116211" />
    <testcase name="Equals (351)" classname="spec_perl_TestEnumLongRangeU_t" time="8.0108642578125e-05" />
    <testcase name="Equals (352)" classname="spec_perl_TestEnumLongRangeU_t" time="0.000126838684082031" />
    <testcase name="Equals (353)" classname="spec_perl_TestEnumLongRangeU_t" time="0.000127077102661133" />
  </testsuite>
  <testsuite name="spec_perl_TestSwitchManualIntElse_t" errors="0" failures="0" skipped="0" tests="9" time="0.0487427711486816">
    <system-out>1..9
ok 1 - Equals
ok 2 - Equals
ok 3 - Equals
ok 4 - Equals
ok 5 - Equals
ok 6 - Equals
ok 7 - Equals
ok 8 - Equals
ok 9 - Equals
</system-out>
    <testcase name="Equals (354)" classname="spec_perl_TestSwitchManualIntElse_t" time="0.000382900238037109" />
    <testcase name="Equals (355)" classname="spec_perl_TestSwitchManualIntElse_t" time="8.82148742675781e-05" />
    <testcase name="Equals (356)" classname="spec_perl_TestSwitchManualIntElse_t" time="9.29832458496094e-05" />
    <testcase name="Equals (357)" classname="spec_perl_TestSwitchManualIntElse_t" time="0.000147819519042969" />
    <testcase name="Equals (358)" classname="spec_perl_TestSwitchManualIntElse_t" time="0.000117063522338867" />
    <testcase name="Equals (359)" classname="spec_perl_TestSwitchManualIntElse_t" time="0.000143051147460938" />
    <testcase name="Equals (360)" classname="spec_perl_TestSwitchManualIntElse_t" time="0.000120878219604492" />
    <testcase name="Equals (361)" classname="spec_perl_TestSwitchManualIntElse_t" time="0.000161170959472656" />
    <testcase name="Equals (362)" classname="spec_perl_TestSwitchManualIntElse_t" time="0.000118017196655273" />
  </testsuite>
  <testsuite name="spec_perl_TestInstanceStdArray_t" errors="0" failures="0" skipped="0" tests="7" time="0.0448830127716064">
    <system-out>1..7
ok 1 - Equals
ok 2 - Equals
ok 3 - Equals
ok 4 - Equals
ok 5 - Equals
ok 6 - Equals
ok 7 - Equals
</system-out>
    <testcase name="Equals (363)" classname="spec_perl_TestInstanceStdArray_t" time="0.000260114669799805" />
    <testcase name="Equals (364)" classname="spec_perl_TestInstanceStdArray_t" time="7.89165496826172e-05" />
    <testcase name="Equals (365)" classname="spec_perl_TestInstanceStdArray_t" time="0.000134944915771484" />
    <testcase name="Equals (366)" classname="spec_perl_TestInstanceStdArray_t" time="0.000162124633789062" />
    <testcase name="Equals (367)" classname="spec_perl_TestInstanceStdArray_t" time="0.00010991096496582" />
    <testcase name="Equals (368)" classname="spec_perl_TestInstanceStdArray_t" time="0.00014495849609375" />
    <testcase name="Equals (369)" classname="spec_perl_TestInstanceStdArray_t" time="0.000114202499389648" />
  </testsuite>
  <testsuite name="spec_perl_TestTsPacketHeader_t" errors="0" failures="0" skipped="0" tests="7" time="0.0490410327911377">
    <system-out>1..7
ok 1 - Equals
ok 2 - Equals
ok 3 - Equals
ok 4 - Equals
ok 5 - Equals
ok 6 - Equals
ok 7 - Equals
</system-out>
    <testcase name="Equals (370)" classname="spec_perl_TestTsPacketHeader_t" time="0.000253915786743164" />
    <testcase name="Equals (371)" classname="spec_perl_TestTsPacketHeader_t" time="0.000149011611938477" />
    <testcase name="Equals (372)" classname="spec_perl_TestTsPacketHeader_t" time="7.91549682617188e-05" />
    <testcase name="Equals (373)" classname="spec_perl_TestTsPacketHeader_t" time="9.58442687988281e-05" />
    <testcase name="Equals (374)" classname="spec_perl_TestTsPacketHeader_t" time="7.10487365722656e-05" />
    <testcase name="Equals (375)" classname="spec_perl_TestTsPacketHeader_t" time="8.89301300048828e-05" />
    <testcase name="Equals (376)" classname="spec_perl_TestTsPacketHeader_t" time="9.41753387451172e-05" />
  </testsuite>
  <testsuite name="spec_perl_TestRepeatEosStruct_t" errors="0" failures="0" skipped="0" tests="5" time="0.0446288585662842">
    <system-out>1..5
ok 1 - Equals
ok 2 - Equals
ok 3 - Equals
ok 4 - Equals
ok 5 - Equals
</system-out>
    <testcase name="Equals (377)" classname="spec_perl_TestRepeatEosStruct_t" time="0.000299930572509766" />
    <testcase name="Equals (378)" classname="spec_perl_TestRepeatEosStruct_t" time="8.91685485839844e-05" />
    <testcase name="Equals (379)" classname="spec_perl_TestRepeatEosStruct_t" time="7.98702239990234e-05" />
    <testcase name="Equals (380)" classname="spec_perl_TestRepeatEosStruct_t" time="0.000158071517944336" />
    <testcase name="Equals (381)" classname="spec_perl_TestRepeatEosStruct_t" time="0.000118017196655273" />
  </testsuite>
  <testsuite name="spec_perl_TestNavParentOverride_t" errors="0" failures="0" skipped="0" tests="3" time="0.0447151660919189">
    <system-out>1..3
ok 1 - Equals
ok 2 - Equals
ok 3 - Equals
</system-out>
    <testcase name="Equals (382)" classname="spec_perl_TestNavParentOverride_t" time="0.000307083129882812" />
    <testcase name="Equals (383)" classname="spec_perl_TestNavParentOverride_t" time="0.00010991096496582" />
    <testcase name="Equals (384)" classname="spec_perl_TestNavParentOverride_t" time="6.19888305664062e-05" />
  </testsuite>
  <testsuite name="spec_perl_TestExprMod_t" errors="0" failures="0" skipped="0" tests="6" time="0.044403076171875">
    <system-out>1..6
ok 1 - Equals
ok 2 - Equals
ok 3 - Equals
ok 4 - Equals
ok 5 - Equals
ok 6 - Equals
</system-out>
    <testcase name="Equals (385)" classname="spec_perl_TestExprMod_t" time="0.000182867050170898" />
    <testcase name="Equals (386)" classname="spec_perl_TestExprMod_t" time="8.70227813720703e-05" />
    <testcase name="Equals (387)" classname="spec_perl_TestExprMod_t" time="0.000164031982421875" />
    <testcase name="Equals (388)" classname="spec_perl_TestExprMod_t" time="0.000121116638183594" />
    <testcase name="Equals (389)" classname="spec_perl_TestExprMod_t" time="0.000134944915771484" />
    <testcase name="Equals (390)" classname="spec_perl_TestExprMod_t" time="0.00014185905456543" />
  </testsuite>
  <testsuite name="spec_perl_TestExprSizeofType1_t" errors="0" failures="0" skipped="0" tests="2" time="0.0443930625915527">
    <system-out>1..2
ok 1 - Equals
ok 2 - Equals
</system-out>
    <testcase name="Equals (391)" classname="spec_perl_TestExprSizeofType1_t" time="0.000227928161621094" />
    <testcase name="Equals (392)" classname="spec_perl_TestExprSizeofType1_t" time="0.000124931335449219" />
  </testsuite>
  <testsuite name="spec_perl_TestTypeTernary2ndFalsy_t" errors="0" failures="1" skipped="0" tests="13" time="0.0653519630432129">
    <system-out>1..13
ok 1 - Equals
ok 2 - Equals
ok 3 - Equals
ok 4 - Approx equals
ok 5 - Approx equals
ok 6 - Equals
ok 7 - Equals
ok 8 - Equals
ok 9 - nil
ok 10 - Equals
ok 11 - Equals
ok 12 - Equals
not ok 13 - test_type_ternary_2nd_falsy died (Can't use an undefined value as an ARRAY reference at spec/perl/TestTypeTernary2ndFalsy.t line 27.)
</system-out>
    <testcase name="Equals (393)" classname="spec_perl_TestTypeTernary2ndFalsy_t" time="0.000430107116699219" />
    <testcase name="Equals (394)" classname="spec_perl_TestTypeTernary2ndFalsy_t" time="0.000139951705932617" />
    <testcase name="Equals (395)" classname="spec_perl_TestTypeTernary2ndFalsy_t" time="0.000196933746337891" />
    <testcase name="Approx equals (395)" classname="spec_perl_TestTypeTernary2ndFalsy_t" time="7.70092010498047e-05" />
    <testcase name="Approx equals (396)" classname="spec_perl_TestTypeTernary2ndFalsy_t" time="0.000113964080810547" />
    <testcase name="Equals (396)" classname="spec_perl_TestTypeTernary2ndFalsy_t" time="0.000185012817382812" />
    <testcase name="Equals (397)" classname="spec_perl_TestTypeTernary2ndFalsy_t" time="0.000195026397705078" />
    <testcase name="Equals (398)" classname="spec_perl_TestTypeTernary2ndFalsy_t" time="0.000174999237060547" />
    <testcase name="nil (398)" classname="spec_perl_TestTypeTernary2ndFalsy_t" time="0.000140905380249023" />
    <testcase name="Equals (399)" classname="spec_perl_TestTypeTernary2ndFalsy_t" time="0.000192165374755859" />
    <testcase name="Equals (400)" classname="spec_perl_TestTypeTernary2ndFalsy_t" time="0.000196933746337891" />
    <testcase name="Equals (401)" classname="spec_perl_TestTypeTernary2ndFalsy_t" time="0.000185966491699219" />
    <testcase name="test_type_ternary_2nd_falsy died (Can't use an undefined value as an ARRAY reference at spec/perl/TestTypeTernary2ndFalsy.t line 27.) (401)" classname="spec_perl_TestTypeTernary2ndFalsy_t" time="0.00038909912109375">
      <failure message="not ok 13 - test_type_ternary_2nd_falsy died (Can't use an undefined value as an ARRAY reference at spec/perl/TestTypeTernary2ndFalsy.t line 27.)" type="TAP::Parser::Result::Test"></failure>
    </testcase>
  </testsuite>
  <testsuite name="spec_perl_TestIfStruct_t" errors="0" failures="0" skipped="0" tests="7" time="0.0482008457183838">
    <system-out>1..7
ok 1 - Equals
ok 2 - Equals
ok 3 - Equals
ok 4 - Equals
ok 5 - Equals
ok 6 - Equals
ok 7 - Equals
</system-out>
    <testcase name="Equals (402)" classname="spec_perl_TestIfStruct_t" time="0.000378131866455078" />
    <testcase name="Equals (403)" classname="spec_perl_TestIfStruct_t" time="8.70227813720703e-05" />
    <testcase name="Equals (404)" classname="spec_perl_TestIfStruct_t" time="5.69820404052734e-05" />
    <testcase name="Equals (405)" classname="spec_perl_TestIfStruct_t" time="0.000164031982421875" />
    <testcase name="Equals (406)" classname="spec_perl_TestIfStruct_t" time="0.000122785568237305" />
    <testcase name="Equals (407)" classname="spec_perl_TestIfStruct_t" time="0.000137090682983398" />
    <testcase name="Equals (408)" classname="spec_perl_TestIfStruct_t" time="0.000114917755126953" />
  </testsuite>
  <testsuite name="spec_perl_TestSwitchMultiBoolOps_t" errors="0" failures="0" skipped="0" tests="9" time="0.0611529350280762">
    <system-out>1..9
ok 1 - Equals
ok 2 - Equals
ok 3 - Equals
ok 4 - Equals
ok 5 - Equals
ok 6 - Equals
ok 7 - Equals
ok 8 - Equals
ok 9 - Equals
</system-out>
    <testcase name="Equals (409)" classname="spec_perl_TestSwitchMultiBoolOps_t" time="0.000484943389892578" />
    <testcase name="Equals (410)" classname="spec_perl_TestSwitchMultiBoolOps_t" time="8.79764556884766e-05" />
    <testcase name="Equals (411)" classname="spec_perl_TestSwitchMultiBoolOps_t" time="0.000205039978027344" />
    <testcase name="Equals (412)" classname="spec_perl_TestSwitchMultiBoolOps_t" time="0.000192880630493164" />
    <testcase name="Equals (413)" classname="spec_perl_TestSwitchMultiBoolOps_t" time="0.000200986862182617" />
    <testcase name="Equals (414)" classname="spec_perl_TestSwitchMultiBoolOps_t" time="0.000169992446899414" />
    <testcase name="Equals (415)" classname="spec_perl_TestSwitchMultiBoolOps_t" time="0.00018310546875" />
    <testcase name="Equals (416)" classname="spec_perl_TestSwitchMultiBoolOps_t" time="0.000174999237060547" />
    <testcase name="Equals (417)" classname="spec_perl_TestSwitchMultiBoolOps_t" time="0.000190973281860352" />
  </testsuite>
  <testsuite name="spec_perl_TestParamsPassStruct_t" errors="0" failures="1" skipped="1" tests="4" time="0.0498208999633789">
    <system-out>1..4
ok 1 - Equals
ok 2 - Equals
not ok 3 - test_params_pass_struct died (Can't call method &quot;foo&quot; on an undefined value at spec/perl/TestParamsPassStruct.t line 17.)
ok 4 # skip test_params_pass_struct died
</system-out>
    <testcase name="Equals (418)" classname="spec_perl_TestParamsPassStruct_t" time="0.000273942947387695" />
    <testcase name="Equals (419)" classname="spec_perl_TestParamsPassStruct_t" time="8.48770141601562e-05" />
    <testcase name="test_params_pass_struct died (Can't call method &quot;foo&quot; on an undefined value at spec/perl/TestParamsPassStruct.t line 17.) (419)" classname="spec_perl_TestParamsPassStruct_t" time="0.000250101089477539">
      <failure message="not ok 3 - test_params_pass_struct died (Can't call method &quot;foo&quot; on an undefined value at spec/perl/TestParamsPassStruct.t line 17.)" type="TAP::Parser::Result::Test"></failure>
    </testcase>
    <testcase name="Unnamed test case 419" classname="spec_perl_TestParamsPassStruct_t" time="0.000510931015014648">
      <skipped message="ok 4 # skip test_params_pass_struct died" />
    </testcase>
  </testsuite>
  <testsuite name="spec_perl_TestExprIoPos_t" errors="0" failures="0" skipped="0" tests="6" time="0.0483191013336182">
    <system-out>1..6
ok 1 - Equals
ok 2 - Equals
ok 3 - Equals
ok 4 - Equals
ok 5 - Equals
ok 6 - Equals
</system-out>
    <testcase name="Equals (420)" classname="spec_perl_TestExprIoPos_t" time="0.000653982162475586" />
    <testcase name="Equals (421)" classname="spec_perl_TestExprIoPos_t" time="9.98973846435547e-05" />
    <testcase name="Equals (422)" classname="spec_perl_TestExprIoPos_t" time="6.19888305664062e-05" />
[...]
    <testcase name="Equals (764)" classname="spec_perl_TestDefaultEndianExprInherited_t" time="0.000153064727783203" />
    <testcase name="Equals (765)" classname="spec_perl_TestDefaultEndianExprInherited_t" time="0.000130891799926758" />
    <testcase name="Equals (766)" classname="spec_perl_TestDefaultEndianExprInherited_t" time="0.000125885009765625" />
    <testcase name="Equals (767)" classname="spec_perl_TestDefaultEndianExprInherited_t" time="0.000168085098266602" />
    <testcase name="Equals (768)" classname="spec_perl_TestDefaultEndianExprInherited_t" time="0.00011897087097168" />
    <testcase name="Equals (769)" classname="spec_perl_TestDefaultEndianExprInherited_t" time="0.000162124633789062" />
  </testsuite>
  <testsuite name="spec_perl_TestCombineBytes_t" errors="0" failures="0" skipped="0" tests="10" time="0.047144889831543">
    <system-out>1..10
ok 1 - Equals
ok 2 - Equals
ok 3 - Equals
ok 4 - Equals
ok 5 - Equals
ok 6 - Equals
ok 7 - Equals
ok 8 - Equals
ok 9 - Equals
ok 10 - Equals
</system-out>
    <testcase name="Equals (770)" classname="spec_perl_TestCombineBytes_t" time="0.000312089920043945" />
    <testcase name="Equals (771)" classname="spec_perl_TestCombineBytes_t" time="8.392333984375e-05" />
    <testcase name="Equals (772)" classname="spec_perl_TestCombineBytes_t" time="7.70092010498047e-05" />
    <testcase name="Equals (773)" classname="spec_perl_TestCombineBytes_t" time="0.00015711784362793" />
    <testcase name="Equals (774)" classname="spec_perl_TestCombineBytes_t" time="0.000119924545288086" />
    <testcase name="Equals (775)" classname="spec_perl_TestCombineBytes_t" time="0.000138998031616211" />
    <testcase name="Equals (776)" classname="spec_perl_TestCombineBytes_t" time="0.000123977661132812" />
    <testcase name="Equals (777)" classname="spec_perl_TestCombineBytes_t" time="0.000154018402099609" />
    <testcase name="Equals (778)" classname="spec_perl_TestCombineBytes_t" time="0.000125885009765625" />
    <testcase name="Equals (779)" classname="spec_perl_TestCombineBytes_t" time="0.000151157379150391" />
  </testsuite>
  <testsuite name="spec_perl_TestParamsPassBool_t" errors="0" failures="1" skipped="13" tests="14" time="0.056567907333374">
    <system-out>1..14
not ok 1 - test_params_pass_bool died (Requested 2 bytes, but got only 1 bytes at ../runtime/perl/lib/IO/KaitaiStruct.pm line 333.)
ok 2 # skip test_params_pass_bool died
ok 3 # skip test_params_pass_bool died
ok 4 # skip test_params_pass_bool died
ok 5 # skip test_params_pass_bool died
ok 6 # skip test_params_pass_bool died
ok 7 # skip test_params_pass_bool died
ok 8 # skip test_params_pass_bool died
ok 9 # skip test_params_pass_bool died
ok 10 # skip test_params_pass_bool died
ok 11 # skip test_params_pass_bool died
ok 12 # skip test_params_pass_bool died
ok 13 # skip test_params_pass_bool died
ok 14 # skip test_params_pass_bool died
</system-out>
    <testcase name="test_params_pass_bool died (Requested 2 bytes, but got only 1 bytes at ../runtime/perl/lib/IO/KaitaiStruct.pm line 333.) (779)" classname="spec_perl_TestParamsPassBool_t" time="0.000396966934204102">
      <failure message="not ok 1 - test_params_pass_bool died (Requested 2 bytes, but got only 1 bytes at ../runtime/perl/lib/IO/KaitaiStruct.pm line 333.)" type="TAP::Parser::Result::Test"></failure>
    </testcase>
    <testcase name="Unnamed test case 779" classname="spec_perl_TestParamsPassBool_t" time="0.000427007675170898">
      <skipped message="ok 2 # skip test_params_pass_bool died" />
    </testcase>
    <testcase name="Unnamed test case 780" classname="spec_perl_TestParamsPassBool_t" time="0.000327110290527344">
      <skipped message="ok 3 # skip test_params_pass_bool died" />
    </testcase>
    <testcase name="Unnamed test case 781" classname="spec_perl_TestParamsPassBool_t" time="0.000284910202026367">
      <skipped message="ok 4 # skip test_params_pass_bool died" />
    </testcase>
    <testcase name="Unnamed test case 782" classname="spec_perl_TestParamsPassBool_t" time="0.00026702880859375">
      <skipped message="ok 5 # skip test_params_pass_bool died" />
    </testcase>
    <testcase name="Unnamed test case 783" classname="spec_perl_TestParamsPassBool_t" time="0.000271081924438477">
      <skipped message="ok 6 # skip test_params_pass_bool died" />
    </testcase>
    <testcase name="Unnamed test case 784" classname="spec_perl_TestParamsPassBool_t" time="0.000280857086181641">
      <skipped message="ok 7 # skip test_params_pass_bool died" />
    </testcase>
    <testcase name="Unnamed test case 785" classname="spec_perl_TestParamsPassBool_t" time="0.000308990478515625">
      <skipped message="ok 8 # skip test_params_pass_bool died" />
    </testcase>
    <testcase name="Unnamed test case 786" classname="spec_perl_TestParamsPassBool_t" time="0.000282049179077148">
      <skipped message="ok 9 # skip test_params_pass_bool died" />
    </testcase>
    <testcase name="Unnamed test case 787" classname="spec_perl_TestParamsPassBool_t" time="0.000276088714599609">
      <skipped message="ok 10 # skip test_params_pass_bool died" />
    </testcase>
    <testcase name="Unnamed test case 788" classname="spec_perl_TestParamsPassBool_t" time="0.000284910202026367">
      <skipped message="ok 11 # skip test_params_pass_bool died" />
    </testcase>
    <testcase name="Unnamed test case 789" classname="spec_perl_TestParamsPassBool_t" time="0.000298023223876953">
      <skipped message="ok 12 # skip test_params_pass_bool died" />
    </testcase>
    <testcase name="Unnamed test case 790" classname="spec_perl_TestParamsPassBool_t" time="0.000273942947387695">
      <skipped message="ok 13 # skip test_params_pass_bool died" />
    </testcase>
    <testcase name="Unnamed test case 791" classname="spec_perl_TestParamsPassBool_t" time="0.000287055969238281">
      <skipped message="ok 14 # skip test_params_pass_bool died" />
    </testcase>
  </testsuite>
  <testsuite name="spec_perl_TestMultipleUse_t" errors="0" failures="0" skipped="0" tests="2" time="0.0440318584442139">
    <system-out>1..2
ok 1 - Equals
ok 2 - Equals
</system-out>
    <testcase name="Equals (791)" classname="spec_perl_TestMultipleUse_t" time="0.000276088714599609" />
    <testcase name="Equals (792)" classname="spec_perl_TestMultipleUse_t" time="8.20159912109375e-05" />
  </testsuite>
  <testsuite name="spec_perl_TestProcessXor4Const_t" errors="0" failures="0" skipped="0" tests="2" time="0.0440559387207031">
    <system-out>1..2
ok 1 - Equals
ok 2 - Equals
</system-out>
    <testcase name="Equals (793)" classname="spec_perl_TestProcessXor4Const_t" time="0.000246047973632812" />
    <testcase name="Equals (794)" classname="spec_perl_TestProcessXor4Const_t" time="7.89165496826172e-05" />
  </testsuite>
  <testsuite name="spec_perl_TestNavParentFalse2_t" errors="0" failures="0" skipped="0" tests="1" time="0.0444951057434082">
    <system-out>1..1
ok 1 - Equals
</system-out>
    <testcase name="Equals (795)" classname="spec_perl_TestNavParentFalse2_t" time="0.000283002853393555" />
  </testsuite>
  <testsuite name="spec_perl_TestRepeatNStrz_t" errors="0" failures="0" skipped="0" tests="2" time="0.0475499629974365">
    <system-out>1..2
ok 1 - Equals
ok 2 - Equals
</system-out>
    <testcase name="Equals (796)" classname="spec_perl_TestRepeatNStrz_t" time="0.000377893447875977" />
    <testcase name="Equals (797)" classname="spec_perl_TestRepeatNStrz_t" time="8.51154327392578e-05" />
  </testsuite>
  <testsuite name="spec_perl_TestInstanceUserArray_t" errors="0" failures="0" skipped="0" tests="10" time="0.045536994934082">
    <system-out>1..10
ok 1 - Equals
ok 2 - Equals
ok 3 - Equals
ok 4 - Equals
ok 5 - Equals
ok 6 - Equals
ok 7 - Equals
ok 8 - Equals
ok 9 - Equals
ok 10 - Equals
</system-out>
    <testcase name="Equals (798)" classname="spec_perl_TestInstanceUserArray_t" time="0.000288009643554688" />
    <testcase name="Equals (799)" classname="spec_perl_TestInstanceUserArray_t" time="0.000101089477539062" />
    <testcase name="Equals (800)" classname="spec_perl_TestInstanceUserArray_t" time="6.103515625e-05" />
    <testcase name="Equals (801)" classname="spec_perl_TestInstanceUserArray_t" time="0.000539779663085938" />
    <testcase name="Equals (802)" classname="spec_perl_TestInstanceUserArray_t" time="7.91549682617188e-05" />
    <testcase name="Equals (803)" classname="spec_perl_TestInstanceUserArray_t" time="0.000128030776977539" />
    <testcase name="Equals (804)" classname="spec_perl_TestInstanceUserArray_t" time="0.000128984451293945" />
    <testcase name="Equals (805)" classname="spec_perl_TestInstanceUserArray_t" time="0.000125885009765625" />
    <testcase name="Equals (806)" classname="spec_perl_TestInstanceUserArray_t" time="0.000133991241455078" />
    <testcase name="Equals (807)" classname="spec_perl_TestInstanceUserArray_t" time="0.000117063522338867" />
  </testsuite>
  <testsuite name="spec_perl_TestExprBytesOps_t" errors="1" failures="0" skipped="0" tests="0" time="0.0443949699401855">
    <system-out></system-out>
    <testcase name="Test died too soon, even before plan. (807)" classname="spec_perl_TestExprBytesOps_t" time="0.0443949699401855">
      <failure message="The test suite died before a plan was produced. You need to have a plan." type="Plan">No plan</failure>
    </testcase>
  </testsuite>
  <testsuite name="spec_perl_TestDefaultEndianExprException_t" errors="0" failures="0" skipped="0" tests="1" time="0.0475311279296875">
    <system-out>1..1
ok 1 - Died
</system-out>
    <testcase name="Died (807)" classname="spec_perl_TestDefaultEndianExprException_t" time="0.000272035598754883" />
  </testsuite>
  <testsuite name="spec_perl_TestNonStandard_t" errors="0" failures="0" skipped="0" tests="1" time="0.0457990169525146">
    <system-out>1..1
ok 1 - Equals
</system-out>
    <testcase name="Equals (808)" classname="spec_perl_TestNonStandard_t" time="0.00024104118347168" />
  </testsuite>
  <testsuite name="spec_perl_TestRecursiveOne_t" errors="0" failures="0" skipped="0" tests="4" time="0.0448870658874512">
    <system-out>1..4
ok 1 - Equals
ok 2 - Equals
ok 3 - Equals
ok 4 - Equals
</system-out>
    <testcase name="Equals (809)" classname="spec_perl_TestRecursiveOne_t" time="0.000249862670898438" />
    <testcase name="Equals (810)" classname="spec_perl_TestRecursiveOne_t" time="7.79628753662109e-05" />
    <testcase name="Equals (811)" classname="spec_perl_TestRecursiveOne_t" time="0.00013422966003418" />
    <testcase name="Equals (812)" classname="spec_perl_TestRecursiveOne_t" time="0.000143766403198242" />
  </testsuite>
  <testsuite name="spec_perl_TestProcessCoerceUsertype2_t" errors="0" failures="0" skipped="0" tests="4" time="0.0453379154205322">
    <system-out>1..4
ok 1 - Equals
ok 2 - Equals
ok 3 - Equals
ok 4 - Equals
</system-out>
    <testcase name="Equals (813)" classname="spec_perl_TestProcessCoerceUsertype2_t" time="0.000585794448852539" />
    <testcase name="Equals (814)" classname="spec_perl_TestProcessCoerceUsertype2_t" time="0.00012516975402832" />
    <testcase name="Equals (815)" classname="spec_perl_TestProcessCoerceUsertype2_t" time="6.29425048828125e-05" />
    <testcase name="Equals (816)" classname="spec_perl_TestProcessCoerceUsertype2_t" time="0.000115871429443359" />
  </testsuite>
  <testsuite name="spec_perl_TestUserType_t" errors="0" failures="0" skipped="0" tests="2" time="0.0483150482177734">
    <system-out>1..2
ok 1 - Equals
ok 2 - Equals
</system-out>
    <testcase name="Equals (817)" classname="spec_perl_TestUserType_t" time="0.000255107879638672" />
    <testcase name="Equals (818)" classname="spec_perl_TestUserType_t" time="0.000139951705932617" />
  </testsuite>
  <testsuite name="spec_perl_TestStrPadTermEmpty_t" errors="0" failures="0" skipped="0" tests="4" time="0.0481548309326172">
    <system-out>1..4
ok 1 - Equals
ok 2 - Equals
ok 3 - Equals
ok 4 - Equals
</system-out>
    <testcase name="Equals (819)" classname="spec_perl_TestStrPadTermEmpty_t" time="0.000360965728759766" />
    <testcase name="Equals (820)" classname="spec_perl_TestStrPadTermEmpty_t" time="8.51154327392578e-05" />
    <testcase name="Equals (821)" classname="spec_perl_TestStrPadTermEmpty_t" time="5.98430633544922e-05" />
    <testcase name="Equals (822)" classname="spec_perl_TestStrPadTermEmpty_t" time="0.000161170959472656" />
  </testsuite>
  <testsuite name="spec_perl_TestExprBytesCmp_t" errors="0" failures="0" skipped="0" tests="10" time="0.0453329086303711">
    <system-out>1..10
ok 1 - Equals
ok 2 - Equals
ok 3 - Equals
ok 4 - Equals
ok 5 - Equals
ok 6 - Equals
ok 7 - Equals
ok 8 - Equals
ok 9 - Equals
ok 10 - Equals
</system-out>
    <testcase name="Equals (823)" classname="spec_perl_TestExprBytesCmp_t" time="0.000236034393310547" />
    <testcase name="Equals (824)" classname="spec_perl_TestExprBytesCmp_t" time="7.70092010498047e-05" />
    <testcase name="Equals (825)" classname="spec_perl_TestExprBytesCmp_t" time="0.000160932540893555" />
    <testcase name="Equals (826)" classname="spec_perl_TestExprBytesCmp_t" time="0.000125885009765625" />
    <testcase name="Equals (827)" classname="spec_perl_TestExprBytesCmp_t" time="0.000150203704833984" />
    <testcase name="Equals (828)" classname="spec_perl_TestExprBytesCmp_t" time="0.00011897087097168" />
    <testcase name="Equals (829)" classname="spec_perl_TestExprBytesCmp_t" time="0.000155925750732422" />
    <testcase name="Equals (830)" classname="spec_perl_TestExprBytesCmp_t" time="0.000113964080810547" />
    <testcase name="Equals (831)" classname="spec_perl_TestExprBytesCmp_t" time="0.000145912170410156" />
    <testcase name="Equals (832)" classname="spec_perl_TestExprBytesCmp_t" time="0.000155210494995117" />
  </testsuite>
  <testsuite name="spec_perl_TestOptionalId_t" errors="0" failures="0" skipped="0" tests="3" time="0.045525074005127">
    <system-out>1..3
ok 1 - Equals
ok 2 - Equals
ok 3 - Equals
</system-out>
    <testcase name="Equals (833)" classname="spec_perl_TestOptionalId_t" time="0.000251054763793945" />
    <testcase name="Equals (834)" classname="spec_perl_TestOptionalId_t" time="6.41345977783203e-05" />
    <testcase name="Equals (835)" classname="spec_perl_TestOptionalId_t" time="5.79357147216797e-05" />
  </testsuite>
  <testsuite name="spec_perl_TestSwitchCast_t" errors="0" failures="0" skipped="0" tests="2" time="0.0480551719665527">
    <system-out>1..2
ok 1 - Equals
ok 2 - Equals
</system-out>
    <testcase name="Equals (836)" classname="spec_perl_TestSwitchCast_t" time="0.00032806396484375" />
    <testcase name="Equals (837)" classname="spec_perl_TestSwitchCast_t" time="8.51154327392578e-05" />
  </testsuite>
  <testsuite name="spec_perl_TestTypeIntUnaryOp_t" errors="0" failures="0" skipped="0" tests="4" time="0.0593709945678711">
    <system-out>1..4
ok 1 - Equals
ok 2 - Equals
ok 3 - Equals
ok 4 - Equals
</system-out>
    <testcase name="Equals (838)" classname="spec_perl_TestTypeIntUnaryOp_t" time="0.000370979309082031" />
    <testcase name="Equals (839)" classname="spec_perl_TestTypeIntUnaryOp_t" time="8.51154327392578e-05" />
    <testcase name="Equals (840)" classname="spec_perl_TestTypeIntUnaryOp_t" time="0.000211954116821289" />
    <testcase name="Equals (841)" classname="spec_perl_TestTypeIntUnaryOp_t" time="0.00014185905456543" />
  </testsuite>
  <testsuite name="spec_perl_TestNestedSameName_t" errors="0" failures="0" skipped="0" tests="2" time="0.0441370010375977">
    <system-out>1..2
ok 1 - Equals
ok 2 - Equals
</system-out>
    <testcase name="Equals (842)" classname="spec_perl_TestNestedSameName_t" time="0.000278949737548828" />
    <testcase name="Equals (843)" classname="spec_perl_TestNestedSameName_t" time="8.20159912109375e-05" />
  </testsuite>
  <testsuite name="spec_perl_TestSwitchManualIntSizeEos_t" errors="0" failures="0" skipped="0" tests="10" time="0.0488958358764648">
    <system-out>1..10
ok 1 - Equals
ok 2 - Equals
ok 3 - Equals
ok 4 - Equals
ok 5 - Equals
ok 6 - Equals
ok 7 - Equals
ok 8 - Equals
ok 9 - Equals
ok 10 - Equals
</system-out>
    <testcase name="Equals (844)" classname="spec_perl_TestSwitchManualIntSizeEos_t" time="0.000806093215942383" />
    <testcase name="Equals (845)" classname="spec_perl_TestSwitchManualIntSizeEos_t" time="9.79900360107422e-05" />
    <testcase name="Equals (846)" classname="spec_perl_TestSwitchManualIntSizeEos_t" time="5.79357147216797e-05" />
    <testcase name="Equals (847)" classname="spec_perl_TestSwitchManualIntSizeEos_t" time="0.000151872634887695" />
    <testcase name="Equals (848)" classname="spec_perl_TestSwitchManualIntSizeEos_t" time="0.000111103057861328" />
    <testcase name="Equals (849)" classname="spec_perl_TestSwitchManualIntSizeEos_t" time="0.000179052352905273" />
    <testcase name="Equals (850)" classname="spec_perl_TestSwitchManualIntSizeEos_t" time="0.000151872634887695" />
    <testcase name="Equals (851)" classname="spec_perl_TestSwitchManualIntSizeEos_t" time="0.00012516975402832" />
    <testcase name="Equals (852)" classname="spec_perl_TestSwitchManualIntSizeEos_t" time="0.00014495849609375" />
    <testcase name="Equals (853)" classname="spec_perl_TestSwitchManualIntSizeEos_t" time="0.000117063522338867" />
  </testsuite>
  <testsuite name="spec_perl_TestNavParentSwitchCast_t" errors="0" failures="0" skipped="0" tests="3" time="0.0447618961334229">
    <system-out>1..3
ok 1 - Equals
ok 2 - Equals
ok 3 - Equals
</system-out>
    <testcase name="Equals (854)" classname="spec_perl_TestNavParentSwitchCast_t" time="0.000562906265258789" />
    <testcase name="Equals (855)" classname="spec_perl_TestNavParentSwitchCast_t" time="9.89437103271484e-05" />
    <testcase name="Equals (856)" classname="spec_perl_TestNavParentSwitchCast_t" time="0.000123023986816406" />
  </testsuite>
  <testsuite name="spec_perl_TestIndexSizes_t" errors="0" failures="0" skipped="0" tests="7" time="0.0476338863372803">
    <system-out>1..7
ok 1 - Equals
ok 2 - Equals
ok 3 - Equals
ok 4 - Equals
ok 5 - Equals
ok 6 - Equals
ok 7 - Equals
</system-out>
    <testcase name="Equals (857)" classname="spec_perl_TestIndexSizes_t" time="0.000312089920043945" />
    <testcase name="Equals (858)" classname="spec_perl_TestIndexSizes_t" time="0.000128030776977539" />
    <testcase name="Equals (859)" classname="spec_perl_TestIndexSizes_t" time="6.19888305664062e-05" />
    <testcase name="Equals (860)" classname="spec_perl_TestIndexSizes_t" time="0.000125885009765625" />
    <testcase name="Equals (861)" classname="spec_perl_TestIndexSizes_t" time="0.000138044357299805" />
    <testcase name="Equals (862)" classname="spec_perl_TestIndexSizes_t" time="0.000113010406494141" />
    <testcase name="Equals (863)" classname="spec_perl_TestIndexSizes_t" time="0.00014805793762207" />
  </testsuite>
  <testsuite name="spec_perl_TestDebugEnumName_t" errors="1" failures="0" skipped="0" tests="0" time="0.0451290607452393">
    <system-out></system-out>
    <testcase name="Test died too soon, even before plan. (863)" classname="spec_perl_TestDebugEnumName_t" time="0.0451290607452393">
      <failure message="The test suite died before a plan was produced. You need to have a plan." type="Plan">No plan</failure>
    </testcase>
  </testsuite>
  <testsuite name="spec_perl_TestDefaultBitEndianMod_t" errors="0" failures="0" skipped="0" tests="4" time="0.0467460155487061">
    <system-out>1..4
ok 1 - Equals
ok 2 - Equals
ok 3 - Equals
ok 4 - Equals
</system-out>
    <testcase name="Equals (864)" classname="spec_perl_TestDefaultBitEndianMod_t" time="0.000349998474121094" />
    <testcase name="Equals (865)" classname="spec_perl_TestDefaultBitEndianMod_t" time="8.70227813720703e-05" />
    <testcase name="Equals (866)" classname="spec_perl_TestDefaultBitEndianMod_t" time="8.79764556884766e-05" />
    <testcase name="Equals (867)" classname="spec_perl_TestDefaultBitEndianMod_t" time="0.000174999237060547" />
  </testsuite>
</testsuites>
