<?xml version='1.0' encoding='utf-8'?>
<testsuites>
  <testsuite name="spec_perl_TestExprSizeofType0_t" errors="0" failures="0" skipped="0" tests="1" time="0.0495038032531738">
    <system-out>1..1
ok 1 - Equals
</system-out>
    <testcase name="Equals" classname="spec_perl_TestExprSizeofType0_t" time="0.00020599365234375" />
  </testsuite>
  <testsuite name="spec_perl_TestStrPadTerm_t" errors="0" failures="0" skipped="0" tests="4" time="0.0456900596618652">
    <system-out>1..4
ok 1 - Equals
ok 2 - Equals
ok 3 - Equals
ok 4 - Equals
</system-out>
    <testcase name="Equals (2)" classname="spec_perl_TestStrPadTerm_t" time="0.000309944152832031" />
    <testcase name="Equals (3)" classname="spec_perl_TestStrPadTerm_t" time="8.10623168945312e-05" />
    <testcase name="Equals (4)" classname="spec_perl_TestStrPadTerm_t" time="0.000117063522338867" />
    <testcase name="Equals (5)" classname="spec_perl_TestStrPadTerm_t" time="0.000127077102661133" />
  </testsuite>
  <testsuite name="spec_perl_TestProcessCustom_t" errors="1" failures="0" skipped="0" tests="0" time="0.040057897567749">
    <system-out></system-out>
    <testcase name="Test died too soon, even before plan. (5)" classname="spec_perl_TestProcessCustom_t" time="0.040057897567749">
      <failure message="The test suite died before a plan was produced. You need to have a plan." type="Plan">No plan</failure>
    </testcase>
  </testsuite>
  <testsuite name="spec_perl_TestTypeTernaryOpaque_t" errors="0" failures="0" skipped="0" tests="3" time="0.0464949607849121">
    <system-out>1..3
ok 1 - Equals
ok 2 - Equals
ok 3 - Equals
</system-out>
    <testcase name="Equals (6)" classname="spec_perl_TestTypeTernaryOpaque_t" time="0.000547885894775391" />
    <testcase name="Equals (7)" classname="spec_perl_TestTypeTernaryOpaque_t" time="9.70363616943359e-05" />
    <testcase name="Equals (8)" classname="spec_perl_TestTypeTernaryOpaque_t" time="7.79628753662109e-05" />
  </testsuite>
  <testsuite name="spec_perl_TestCombineBytes_t" errors="0" failures="0" skipped="0" tests="10" time="0.042335033416748">
    <system-out>1..10
ok 1 - Equals
ok 2 - Equals
ok 3 - Equals
ok 4 - Equals
ok 5 - Equals
ok 6 - Equals
ok 7 - Equals
ok 8 - Equals
ok 9 - Equals
ok 10 - Equals
</system-out>
    <testcase name="Equals (9)" classname="spec_perl_TestCombineBytes_t" time="0.000234127044677734" />
    <testcase name="Equals (10)" classname="spec_perl_TestCombineBytes_t" time="7.29560852050781e-05" />
    <testcase name="Equals (11)" classname="spec_perl_TestCombineBytes_t" time="0.000144004821777344" />
    <testcase name="Equals (12)" classname="spec_perl_TestCombineBytes_t" time="0.000121116638183594" />
    <testcase name="Equals (13)" classname="spec_perl_TestCombineBytes_t" time="0.000137805938720703" />
    <testcase name="Equals (14)" classname="spec_perl_TestCombineBytes_t" time="0.000128030776977539" />
    <testcase name="Equals (15)" classname="spec_perl_TestCombineBytes_t" time="0.000108957290649414" />
    <testcase name="Equals (16)" classname="spec_perl_TestCombineBytes_t" time="0.000142097473144531" />
    <testcase name="Equals (17)" classname="spec_perl_TestCombineBytes_t" time="0.00011897087097168" />
    <testcase name="Equals (18)" classname="spec_perl_TestCombineBytes_t" time="0.000121116638183594" />
  </testsuite>
  <testsuite name="spec_perl_TestRepeatUntilSized_t" errors="0" failures="0" skipped="0" tests="7" time="0.0437009334564209">
    <system-out>1..7
ok 1 - Equals
ok 2 - Equals
ok 3 - Equals
ok 4 - Equals
ok 5 - Equals
ok 6 - Equals
ok 7 - Equals
</system-out>
    <testcase name="Equals (19)" classname="spec_perl_TestRepeatUntilSized_t" time="0.000544071197509766" />
    <testcase name="Equals (20)" classname="spec_perl_TestRepeatUntilSized_t" time="9.29832458496094e-05" />
    <testcase name="Equals (21)" classname="spec_perl_TestRepeatUntilSized_t" time="5.79357147216797e-05" />
    <testcase name="Equals (22)" classname="spec_perl_TestRepeatUntilSized_t" time="9.89437103271484e-05" />
    <testcase name="Equals (23)" classname="spec_perl_TestRepeatUntilSized_t" time="0.000201940536499023" />
    <testcase name="Equals (24)" classname="spec_perl_TestRepeatUntilSized_t" time="6.81877136230469e-05" />
    <testcase name="Equals (25)" classname="spec_perl_TestRepeatUntilSized_t" time="0.000124931335449219" />
  </testsuite>
  <testsuite name="spec_perl_TestParamsCallShort_t" errors="0" failures="3" skipped="0" tests="3" time="0.0512499809265137">
    <system-out>1..3
not ok 1 - Equals
not ok 2 - Equals
not ok 3 - Equals
</system-out>
    <testcase name="Equals (26)" classname="spec_perl_TestParamsCallShort_t" time="0.0018918514251709">
      <failure message="not ok 1 - Equals" type="TAP::Parser::Result::Test"></failure>
    </testcase>
    <testcase name="Equals (27)" classname="spec_perl_TestParamsCallShort_t" time="0.00154805183410645">
      <failure message="not ok 2 - Equals" type="TAP::Parser::Result::Test"></failure>
    </testcase>
    <testcase name="Equals (28)" classname="spec_perl_TestParamsCallShort_t" time="0.00118899345397949">
      <failure message="not ok 3 - Equals" type="TAP::Parser::Result::Test"></failure>
    </testcase>
  </testsuite>
  <testsuite name="spec_perl_TestValidNotParsedIf_t" errors="1" failures="0" skipped="0" tests="0" time="0.047584056854248">
    <system-out></system-out>
    <testcase name="Test died too soon, even before plan. (28)" classname="spec_perl_TestValidNotParsedIf_t" time="0.047584056854248">
      <failure message="The test suite died before a plan was produced. You need to have a plan." type="Plan">No plan</failure>
    </testcase>
  </testsuite>
  <testsuite name="spec_perl_TestBitsByteAligned_t" errors="0" failures="0" skipped="0" tests="9" time="0.0432980060577393">
    <system-out>1..9
ok 1 - Equals
ok 2 - Equals
ok 3 - Equals
ok 4 - Equals
ok 5 - Equals
ok 6 - Equals
ok 7 - Equals
ok 8 - Equals
ok 9 - Equals
</system-out>
    <testcase name="Equals (29)" classname="spec_perl_TestBitsByteAligned_t" time="0.000236034393310547" />
    <testcase name="Equals (30)" classname="spec_perl_TestBitsByteAligned_t" time="8.10623168945312e-05" />
    <testcase name="Equals (31)" classname="spec_perl_TestBitsByteAligned_t" time="0.000124931335449219" />
    <testcase name="Equals (32)" classname="spec_perl_TestBitsByteAligned_t" time="0.000123977661132812" />
    <testcase name="Equals (33)" classname="spec_perl_TestBitsByteAligned_t" time="0.000131130218505859" />
    <testcase name="Equals (34)" classname="spec_perl_TestBitsByteAligned_t" time="0.000123023986816406" />
    <testcase name="Equals (35)" classname="spec_perl_TestBitsByteAligned_t" time="0.000125885009765625" />
    <testcase name="Equals (36)" classname="spec_perl_TestBitsByteAligned_t" time="0.000140905380249023" />
    <testcase name="Equals (37)" classname="spec_perl_TestBitsByteAligned_t" time="0.000119209289550781" />
  </testsuite>
  <testsuite name="spec_perl_TestHelloWorld_t" errors="0" failures="0" skipped="0" tests="1" time="0.0415599346160889">
    <system-out>1..1
ok 1 - Equals
</system-out>
    <testcase name="Equals (38)" classname="spec_perl_TestHelloWorld_t" time="0.000226974487304688" />
  </testsuite>
  <testsuite name="spec_perl_TestRepeatUntilComplex_t" errors="0" failures="0" skipped="0" tests="17" time="0.0452690124511719">
    <system-out>1..17
ok 1 - Equals
ok 2 - Equals
ok 3 - Equals
ok 4 - Equals
ok 5 - Equals
ok 6 - Equals
ok 7 - Equals
ok 8 - Equals
ok 9 - Equals
ok 10 - Equals
ok 11 - Equals
ok 12 - Equals
ok 13 - Equals
ok 14 - Equals
ok 15 - Equals
ok 16 - Equals
ok 17 - Equals
</system-out>
    <testcase name="Equals (39)" classname="spec_perl_TestRepeatUntilComplex_t" time="0.000277996063232422" />
    <testcase name="Equals (40)" classname="spec_perl_TestRepeatUntilComplex_t" time="8.29696655273438e-05" />
    <testcase name="Equals (41)" classname="spec_perl_TestRepeatUntilComplex_t" time="0.000184059143066406" />
    <testcase name="Equals (42)" classname="spec_perl_TestRepeatUntilComplex_t" time="0.000128984451293945" />
    <testcase name="Equals (43)" classname="spec_perl_TestRepeatUntilComplex_t" time="0.000142097473144531" />
    <testcase name="Equals (44)" classname="spec_perl_TestRepeatUntilComplex_t" time="0.000114917755126953" />
    <testcase name="Equals (45)" classname="spec_perl_TestRepeatUntilComplex_t" time="8.70227813720703e-05" />
    <testcase name="Equals (46)" classname="spec_perl_TestRepeatUntilComplex_t" time="0.000149011611938477" />
    <testcase name="Equals (47)" classname="spec_perl_TestRepeatUntilComplex_t" time="0.0001220703125" />
    <testcase name="Equals (48)" classname="spec_perl_TestRepeatUntilComplex_t" time="0.000159025192260742" />
    <testcase name="Equals (49)" classname="spec_perl_TestRepeatUntilComplex_t" time="0.000111818313598633" />
    <testcase name="Equals (50)" classname="spec_perl_TestRepeatUntilComplex_t" time="0.000144004821777344" />
    <testcase name="Equals (51)" classname="spec_perl_TestRepeatUntilComplex_t" time="0.000132083892822266" />
    <testcase name="Equals (52)" classname="spec_perl_TestRepeatUntilComplex_t" time="0.0001220703125" />
    <testcase name="Equals (53)" classname="spec_perl_TestRepeatUntilComplex_t" time="0.000121831893920898" />
    <testcase name="Equals (54)" classname="spec_perl_TestRepeatUntilComplex_t" time="8.29696655273438e-05" />
    <testcase name="Equals (55)" classname="spec_perl_TestRepeatUntilComplex_t" time="0.000147104263305664" />
  </testsuite>
  <testsuite name="spec_perl_TestExprCalcArrayOps_t" errors="0" failures="1" skipped="17" tests="18" time="0.0558679103851318">
    <system-out>1..18
not ok 1 - test_expr_calc_array_ops died (Can't use string (&quot;1000&quot;) as an ARRAY ref while &quot;strict refs&quot; in use at compiled/perl/ExprCalcArrayOps.pm line 50.)
ok 2 # skip test_expr_calc_array_ops died
ok 3 # skip test_expr_calc_array_ops died
ok 4 # skip test_expr_calc_array_ops died
ok 5 # skip test_expr_calc_array_ops died
ok 6 # skip test_expr_calc_array_ops died
ok 7 # skip test_expr_calc_array_ops died
ok 8 # skip test_expr_calc_array_ops died
ok 9 # skip test_expr_calc_array_ops died
ok 10 # skip test_expr_calc_array_ops died
ok 11 # skip test_expr_calc_array_ops died
ok 12 # skip test_expr_calc_array_ops died
ok 13 # skip test_expr_calc_array_ops died
ok 14 # skip test_expr_calc_array_ops died
ok 15 # skip test_expr_calc_array_ops died
ok 16 # skip test_expr_calc_array_ops died
ok 17 # skip test_expr_calc_array_ops died
ok 18 # skip test_expr_calc_array_ops died
</system-out>
    <testcase name="test_expr_calc_array_ops died (Can't use string (&quot;1000&quot;) as an ARRAY ref while &quot;strict refs&quot; in use at compiled/perl/ExprCalcArrayOps.pm line 50.) (55)" classname="spec_perl_TestExprCalcArrayOps_t" time="0.000181198120117188">
      <failure message="not ok 1 - test_expr_calc_array_ops died (Can't use string (&quot;1000&quot;) as an ARRAY ref while &quot;strict refs&quot; in use at compiled/perl/ExprCalcArrayOps.pm line 50.)" type="TAP::Parser::Result::Test"></failure>
    </testcase>
    <testcase name="Unnamed test case 55" classname="spec_perl_TestExprCalcArrayOps_t" time="0.0101079940795898">
      <skipped message="ok 2 # skip test_expr_calc_array_ops died" />
    </testcase>
    <testcase name="Unnamed test case 56" classname="spec_perl_TestExprCalcArrayOps_t" time="0.000108003616333008">
      <skipped message="ok 3 # skip test_expr_calc_array_ops died" />
    </testcase>
    <testcase name="Unnamed test case 57" classname="spec_perl_TestExprCalcArrayOps_t" time="5.29289245605469e-05">
      <skipped message="ok 4 # skip test_expr_calc_array_ops died" />
    </testcase>
    <testcase name="Unnamed test case 58" classname="spec_perl_TestExprCalcArrayOps_t" time="4.00543212890625e-05">
      <skipped message="ok 5 # skip test_expr_calc_array_ops died" />
    </testcase>
    <testcase name="Unnamed test case 59" classname="spec_perl_TestExprCalcArrayOps_t" time="3.88622283935547e-05">
      <skipped message="ok 6 # skip test_expr_calc_array_ops died" />
    </testcase>
    <testcase name="Unnamed test case 60" classname="spec_perl_TestExprCalcArrayOps_t" time="3.814697265625e-05">
      <skipped message="ok 7 # skip test_expr_calc_array_ops died" />
    </testcase>
    <testcase name="Unnamed test case 61" classname="spec_perl_TestExprCalcArrayOps_t" time="3.69548797607422e-05">
      <skipped message="ok 8 # skip test_expr_calc_array_ops died" />
    </testcase>
    <testcase name="Unnamed test case 62" classname="spec_perl_TestExprCalcArrayOps_t" time="3.69548797607422e-05">
      <skipped message="ok 9 # skip test_expr_calc_array_ops died" />
    </testcase>
    <testcase name="Unnamed test case 63" classname="spec_perl_TestExprCalcArrayOps_t" time="4.00543212890625e-05">
      <skipped message="ok 10 # skip test_expr_calc_array_ops died" />
    </testcase>
    <testcase name="Unnamed test case 64" classname="spec_perl_TestExprCalcArrayOps_t" time="3.69548797607422e-05">
      <skipped message="ok 11 # skip test_expr_calc_array_ops died" />
    </testcase>
    <testcase name="Unnamed test case 65" classname="spec_perl_TestExprCalcArrayOps_t" time="3.91006469726562e-05">
      <skipped message="ok 12 # skip test_expr_calc_array_ops died" />
    </testcase>
    <testcase name="Unnamed test case 66" classname="spec_perl_TestExprCalcArrayOps_t" time="3.79085540771484e-05">
      <skipped message="ok 13 # skip test_expr_calc_array_ops died" />
    </testcase>
    <testcase name="Unnamed test case 67" classname="spec_perl_TestExprCalcArrayOps_t" time="3.69548797607422e-05">
      <skipped message="ok 14 # skip test_expr_calc_array_ops died" />
    </testcase>
    <testcase name="Unnamed test case 68" classname="spec_perl_TestExprCalcArrayOps_t" time="3.60012054443359e-05">
      <skipped message="ok 15 # skip test_expr_calc_array_ops died" />
    </testcase>
    <testcase name="Unnamed test case 69" classname="spec_perl_TestExprCalcArrayOps_t" time="3.69548797607422e-05">
      <skipped message="ok 16 # skip test_expr_calc_array_ops died" />
    </testcase>
    <testcase name="Unnamed test case 70" classname="spec_perl_TestExprCalcArrayOps_t" time="3.60012054443359e-05">
      <skipped message="ok 17 # skip test_expr_calc_array_ops died" />
    </testcase>
    <testcase name="Unnamed test case 71" classname="spec_perl_TestExprCalcArrayOps_t" time="3.69548797607422e-05">
      <skipped message="ok 18 # skip test_expr_calc_array_ops died" />
    </testcase>
  </testsuite>
  <testsuite name="spec_perl_TestSwitchMultiBoolOps_t" errors="0" failures="0" skipped="0" tests="9" time="0.0432760715484619">
    <system-out>1..9
ok 1 - Equals
ok 2 - Equals
ok 3 - Equals
ok 4 - Equals
ok 5 - Equals
ok 6 - Equals
ok 7 - Equals
ok 8 - Equals
ok 9 - Equals
</system-out>
    <testcase name="Equals (71)" classname="spec_perl_TestSwitchMultiBoolOps_t" time="0.000275850296020508" />
    <testcase name="Equals (72)" classname="spec_perl_TestSwitchMultiBoolOps_t" time="7.70092010498047e-05" />
    <testcase name="Equals (73)" classname="spec_perl_TestSwitchMultiBoolOps_t" time="0.000117063522338867" />
    <testcase name="Equals (74)" classname="spec_perl_TestSwitchMultiBoolOps_t" time="0.000140905380249023" />
    <testcase name="Equals (75)" classname="spec_perl_TestSwitchMultiBoolOps_t" time="0.000110149383544922" />
    <testcase name="Equals (76)" classname="spec_perl_TestSwitchMultiBoolOps_t" time="0.000146865844726562" />
    <testcase name="Equals (77)" classname="spec_perl_TestSwitchMultiBoolOps_t" time="0.000121116638183594" />
    <testcase name="Equals (78)" classname="spec_perl_TestSwitchMultiBoolOps_t" time="0.000123023986816406" />
    <testcase name="Equals (79)" classname="spec_perl_TestSwitchMultiBoolOps_t" time="0.000128984451293945" />
  </testsuite>
  <testsuite name="spec_perl_TestEnumIntRangeS_t" errors="0" failures="0" skipped="0" tests="3" time="0.059830904006958">
    <system-out>1..3
ok 1 - Equals
ok 2 - Equals
ok 3 - Equals
</system-out>
    <testcase name="Equals (80)" classname="spec_perl_TestEnumIntRangeS_t" time="0.000492095947265625" />
    <testcase name="Equals (81)" classname="spec_perl_TestEnumIntRangeS_t" time="0.000285863876342773" />
    <testcase name="Equals (82)" classname="spec_perl_TestEnumIntRangeS_t" time="7.91549682617188e-05" />
  </testsuite>
  <testsuite name="spec_perl_TestParamsPassStruct_t" errors="0" failures="1" skipped="1" tests="4" time="0.0517210960388184">
    <system-out>1..4
ok 1 - Equals
ok 2 - Equals
not ok 3 - test_params_pass_struct died (Can't call method &quot;foo&quot; on an undefined value at spec/perl/TestParamsPassStruct.t line 17.)
ok 4 # skip test_params_pass_struct died
</system-out>
    <testcase name="Equals (83)" classname="spec_perl_TestParamsPassStruct_t" time="0.000231027603149414" />
    <testcase name="Equals (84)" classname="spec_perl_TestParamsPassStruct_t" time="8.41617584228516e-05" />
    <testcase name="test_params_pass_struct died (Can't call method &quot;foo&quot; on an undefined value at spec/perl/TestParamsPassStruct.t line 17.) (84)" classname="spec_perl_TestParamsPassStruct_t" time="0.000232934951782227">
      <failure message="not ok 3 - test_params_pass_struct died (Can't call method &quot;foo&quot; on an undefined value at spec/perl/TestParamsPassStruct.t line 17.)" type="TAP::Parser::Result::Test"></failure>
    </testcase>
    <testcase name="Unnamed test case 84" classname="spec_perl_TestParamsPassStruct_t" time="0.00049591064453125">
      <skipped message="ok 4 # skip test_params_pass_struct died" />
    </testcase>
  </testsuite>
  <testsuite name="spec_perl_TestValidLong_t" errors="1" failures="0" skipped="0" tests="0" time="0.0459060668945312">
    <system-out></system-out>
    <testcase name="Test died too soon, even before plan. (84)" classname="spec_perl_TestValidLong_t" time="0.0459060668945312">
      <failure message="The test suite died before a plan was produced. You need to have a plan." type="Plan">No plan</failure>
    </testcase>
  </testsuite>
  <testsuite name="spec_perl_TestExpr1_t" errors="0" failures="0" skipped="0" tests="4" time="0.0471999645233154">
    <system-out>1..4
ok 1 - Equals
ok 2 - Equals
ok 3 - Equals
ok 4 - Equals
</system-out>
    <testcase name="Equals (85)" classname="spec_perl_TestExpr1_t" time="0.000235080718994141" />
    <testcase name="Equals (86)" classname="spec_perl_TestExpr1_t" time="7.89165496826172e-05" />
    <testcase name="Equals (87)" classname="spec_perl_TestExpr1_t" time="0.000126123428344727" />
    <testcase name="Equals (88)" classname="spec_perl_TestExpr1_t" time="0.000143051147460938" />
  </testsuite>
  <testsuite name="spec_perl_TestNestedSameName_t" errors="0" failures="0" skipped="0" tests="2" time="0.0434951782226562">
    <system-out>1..2
ok 1 - Equals
ok 2 - Equals
</system-out>
    <testcase name="Equals (89)" classname="spec_perl_TestNestedSameName_t" time="0.000247955322265625" />
    <testcase name="Equals (90)" classname="spec_perl_TestNestedSameName_t" time="8.29696655273438e-05" />
  </testsuite>
  <testsuite name="spec_perl_TestZlibSurrounded_t" errors="0" failures="0" skipped="0" tests="1" time="0.0658040046691895">
    <system-out>1..1
ok 1 - Equals
</system-out>
    <testcase name="Equals (91)" classname="spec_perl_TestZlibSurrounded_t" time="0.000566959381103516" />
  </testsuite>
  <testsuite name="spec_perl_TestExprEnum_t" errors="0" failures="0" skipped="0" tests="3" time="0.0424771308898926">
    <system-out>1..3
ok 1 - Equals
ok 2 - Equals
ok 3 - Equals
</system-out>
    <testcase name="Equals (92)" classname="spec_perl_TestExprEnum_t" time="0.000207901000976562" />
    <testcase name="Equals (93)" classname="spec_perl_TestExprEnum_t" time="7.20024108886719e-05" />
    <testcase name="Equals (94)" classname="spec_perl_TestExprEnum_t" time="0.000158071517944336" />
  </testsuite>
  <testsuite name="spec_perl_TestNavParent3_t" errors="0" failures="0" skipped="0" tests="10" time="0.047511100769043">
    <system-out>1..10
ok 1 - Equals
ok 2 - Equals
ok 3 - Equals
ok 4 - Equals
ok 5 - Equals
ok 6 - Equals
ok 7 - Equals
ok 8 - Equals
ok 9 - Equals
ok 10 - Equals
</system-out>
    <testcase name="Equals (95)" classname="spec_perl_TestNavParent3_t" time="0.000241994857788086" />
    <testcase name="Equals (96)" classname="spec_perl_TestNavParent3_t" time="7.70092010498047e-05" />
    <testcase name="Equals (97)" classname="spec_perl_TestNavParent3_t" time="0.000222921371459961" />
    <testcase name="Equals (98)" classname="spec_perl_TestNavParent3_t" time="9.918212890625e-05" />
    <testcase name="Equals (99)" classname="spec_perl_TestNavParent3_t" time="0.00017094612121582" />
    <testcase name="Equals (100)" classname="spec_perl_TestNavParent3_t" time="0.000171899795532227" />
    <testcase name="Equals (101)" classname="spec_perl_TestNavParent3_t" time="0.000135183334350586" />
    <testcase name="Equals (102)" classname="spec_perl_TestNavParent3_t" time="0.000124931335449219" />
    <testcase name="Equals (103)" classname="spec_perl_TestNavParent3_t" time="0.000158071517944336" />
    <testcase name="Equals (104)" classname="spec_perl_TestNavParent3_t" time="0.000177860260009766" />
  </testsuite>
  <testsuite name="spec_perl_TestEnumOfValueInst_t" errors="0" failures="0" skipped="0" tests="4" time="0.0415899753570557">
    <system-out>1..4
ok 1 - Equals
ok 2 - Equals
ok 3 - Equals
ok 4 - Equals
</system-out>
    <testcase name="Equals (105)" classname="spec_perl_TestEnumOfValueInst_t" time="0.000211000442504883" />
    <testcase name="Equals (106)" classname="spec_perl_TestEnumOfValueInst_t" time="7.41481781005859e-05" />
    <testcase name="Equals (107)" classname="spec_perl_TestEnumOfValueInst_t" time="0.000146865844726562" />
    <testcase name="Equals (108)" classname="spec_perl_TestEnumOfValueInst_t" time="0.000123977661132812" />
  </testsuite>
  <testsuite name="spec_perl_TestEnumLongRangeS_t" errors="0" failures="0" skipped="0" tests="7" time="0.0425319671630859">
    <system-out>1..7
ok 1 - Equals
ok 2 - Equals
ok 3 - Equals
ok 4 - Equals
ok 5 - Equals
ok 6 - Equals
ok 7 - Equals
</system-out>
    <testcase name="Equals (109)" classname="spec_perl_TestEnumLongRangeS_t" time="0.000224828720092773" />
    <testcase name="Equals (110)" classname="spec_perl_TestEnumLongRangeS_t" time="8.51154327392578e-05" />
    <testcase name="Equals (111)" classname="spec_perl_TestEnumLongRangeS_t" time="0.000133037567138672" />
    <testcase name="Equals (112)" classname="spec_perl_TestEnumLongRangeS_t" time="0.00014185905456543" />
    <testcase name="Equals (113)" classname="spec_perl_TestEnumLongRangeS_t" time="0.000117063522338867" />
    <testcase name="Equals (114)" classname="spec_perl_TestEnumLongRangeS_t" time="0.000139951705932617" />
    <testcase name="Equals (115)" classname="spec_perl_TestEnumLongRangeS_t" time="0.000113964080810547" />
  </testsuite>
  <testsuite name="spec_perl_TestBytesPadTerm_t" errors="0" failures="0" skipped="0" tests="4" time="0.0419361591339111">
    <system-out>1..4
ok 1 - Equals
ok 2 - Equals
ok 3 - Equals
ok 4 - Equals
</system-out>
    <testcase name="Equals (116)" classname="spec_perl_TestBytesPadTerm_t" time="0.000244140625" />
    <testcase name="Equals (117)" classname="spec_perl_TestBytesPadTerm_t" time="7.98702239990234e-05" />
    <testcase name="Equals (118)" classname="spec_perl_TestBytesPadTerm_t" time="0.000153064727783203" />
    <testcase name="Equals (119)" classname="spec_perl_TestBytesPadTerm_t" time="9.70363616943359e-05" />
  </testsuite>
  <testsuite name="spec_perl_TestStrEncodings_t" errors="0" failures="0" skipped="0" tests="4" time="0.0642800331115723">
    <system-out>1..4
ok 1 - Equals
ok 2 - Equals
ok 3 - Equals
ok 4 - Equals
</system-out>
    <testcase name="Equals (120)" classname="spec_perl_TestStrEncodings_t" time="0.0181889533996582" />
    <testcase name="Equals (121)" classname="spec_perl_TestStrEncodings_t" time="0.000127077102661133" />
    <testcase name="Equals (122)" classname="spec_perl_TestStrEncodings_t" time="5.88893890380859e-05" />
    <testcase name="Equals (123)" classname="spec_perl_TestStrEncodings_t" time="0.000138998031616211" />
  </testsuite>
  <testsuite name="spec_perl_TestOpaqueExternalType_t" errors="0" failures="0" skipped="0" tests="3" time="0.0454230308532715">
    <system-out>1..3
ok 1 - Equals
ok 2 - Equals
ok 3 - Equals
</system-out>
    <testcase name="Equals (124)" classname="spec_perl_TestOpaqueExternalType_t" time="0.0002899169921875" />
    <testcase name="Equals (125)" classname="spec_perl_TestOpaqueExternalType_t" time="8.48770141601562e-05" />
    <testcase name="Equals (126)" classname="spec_perl_TestOpaqueExternalType_t" time="8.32080841064453e-05" />
  </testsuite>
  <testsuite name="spec_perl_TestPositionInSeq_t" errors="0" failures="0" skipped="0" tests="1" time="0.0415880680084229">
    <system-out>1..1
ok 1 - Equals
</system-out>
    <testcase name="Equals (127)" classname="spec_perl_TestPositionInSeq_t" time="0.000216007232666016" />
  </testsuite>
  <testsuite name="spec_perl_TestNavParent_t" errors="0" failures="0" skipped="0" tests="5" time="0.0473918914794922">
    <system-out>1..5
ok 1 - Equals
ok 2 - Equals
ok 3 - Equals
ok 4 - Equals
ok 5 - Equals
</system-out>
    <testcase name="Equals (128)" classname="spec_perl_TestNavParent_t" time="0.000325918197631836" />
    <testcase name="Equals (129)" classname="spec_perl_TestNavParent_t" time="8.51154327392578e-05" />
    <testcase name="Equals (130)" classname="spec_perl_TestNavParent_t" time="0.000108003616333008" />
    <testcase name="Equals (131)" classname="spec_perl_TestNavParent_t" time="0.00014495849609375" />
    <testcase name="Equals (132)" classname="spec_perl_TestNavParent_t" time="0.000154972076416016" />
  </testsuite>
  <testsuite name="spec_perl_TestOptionalId_t" errors="0" failures="0" skipped="0" tests="3" time="0.0413861274719238">
    <system-out>1..3
ok 1 - Equals
ok 2 - Equals
ok 3 - Equals
</system-out>
    <testcase name="Equals (133)" classname="spec_perl_TestOptionalId_t" time="0.000209808349609375" />
    <testcase name="Equals (134)" classname="spec_perl_TestOptionalId_t" time="7.60555267333984e-05" />
    <testcase name="Equals (135)" classname="spec_perl_TestOptionalId_t" time="0.000156164169311523" />
  </testsuite>
  <testsuite name="spec_perl_TestEnum0_t" errors="0" failures="0" skipped="0" tests="2" time="0.0412230491638184">
    <system-out>1..2
ok 1 - Equals
ok 2 - Equals
</system-out>
    <testcase name="Equals (136)" classname="spec_perl_TestEnum0_t" time="0.000215053558349609" />
    <testcase name="Equals (137)" classname="spec_perl_TestEnum0_t" time="8.20159912109375e-05" />
  </testsuite>
  <testsuite name="spec_perl_TestTypeTernary_t" errors="0" failures="0" skipped="0" tests="1" time="0.043316125869751">
    <system-out>1..1
ok 1 - Equals
</system-out>
    <testcase name="Equals (138)" classname="spec_perl_TestTypeTernary_t" time="0.000479936599731445" />
  </testsuite>
  <testsuite name="spec_perl_TestStrLiterals_t" errors="0" failures="0" skipped="0" tests="5" time="0.0434629917144775">
    <system-out>1..5
ok 1 - Equals
ok 2 - Equals
ok 3 - Equals
ok 4 - Equals
ok 5 - Equals
</system-out>
    <testcase name="Equals (139)" classname="spec_perl_TestStrLiterals_t" time="0.000164031982421875" />
    <testcase name="Equals (140)" classname="spec_perl_TestStrLiterals_t" time="0.000115156173706055" />
    <testcase name="Equals (141)" classname="spec_perl_TestStrLiterals_t" time="0.000151872634887695" />
    <testcase name="Equals (142)" classname="spec_perl_TestStrLiterals_t" time="0.000172138214111328" />
    <testcase name="Equals (143)" classname="spec_perl_TestStrLiterals_t" time="0.000125885009765625" />
  </testsuite>
  <testsuite name="spec_perl_TestTypeIntUnaryOp_t" errors="0" failures="0" skipped="0" tests="4" time="0.0418930053710938">
    <system-out>1..4
ok 1 - Equals
ok 2 - Equals
ok 3 - Equals
ok 4 - Equals
</system-out>
    <testcase name="Equals (144)" classname="spec_perl_TestTypeIntUnaryOp_t" time="0.000252008438110352" />
    <testcase name="Equals (145)" classname="spec_perl_TestTypeIntUnaryOp_t" time="7.60555267333984e-05" />
    <testcase name="Equals (146)" classname="spec_perl_TestTypeIntUnaryOp_t" time="0.00014495849609375" />
    <testcase name="Equals (147)" classname="spec_perl_TestTypeIntUnaryOp_t" time="0.000131130218505859" />
  </testsuite>
  <testsuite name="spec_perl_TestSwitchManualIntSizeElse_t" errors="0" failures="0" skipped="0" tests="10" time="0.0465128421783447">
    <system-out>1..10
ok 1 - Equals
ok 2 - Equals
ok 3 - Equals
ok 4 - Equals
ok 5 - Equals
ok 6 - Equals
ok 7 - Equals
ok 8 - Equals
ok 9 - Equals
ok 10 - Equals
</system-out>
    <testcase name="Equals (148)" classname="spec_perl_TestSwitchManualIntSizeElse_t" time="0.000578880310058594" />
    <testcase name="Equals (149)" classname="spec_perl_TestSwitchManualIntSizeElse_t" time="8.392333984375e-05" />
    <testcase name="Equals (150)" classname="spec_perl_TestSwitchManualIntSizeElse_t" time="0.000130176544189453" />
    <testcase name="Equals (151)" classname="spec_perl_TestSwitchManualIntSizeElse_t" time="0.000127792358398438" />
    <testcase name="Equals (152)" classname="spec_perl_TestSwitchManualIntSizeElse_t" time="0.000156164169311523" />
    <testcase name="Equals (153)" classname="spec_perl_TestSwitchManualIntSizeElse_t" time="0.000162839889526367" />
    <testcase name="Equals (154)" classname="spec_perl_TestSwitchManualIntSizeElse_t" time="0.000109195709228516" />
    <testcase name="Equals (155)" classname="spec_perl_TestSwitchManualIntSizeElse_t" time="0.000156879425048828" />
    <testcase name="Equals (156)" classname="spec_perl_TestSwitchManualIntSizeElse_t" time="0.000123977661132812" />
    <testcase name="Equals (157)" classname="spec_perl_TestSwitchManualIntSizeElse_t" time="0.000143051147460938" />
  </testsuite>
  <testsuite name="spec_perl_TestSwitchElseOnly_t" errors="1" failures="0" skipped="0" tests="0" time="0.0422308444976807">
    <system-out></system-out>
    <testcase name="Test died too soon, even before plan. (157)" classname="spec_perl_TestSwitchElseOnly_t" time="0.0422308444976807">
      <failure message="The test suite died before a plan was produced. You need to have a plan." type="Plan">No plan</failure>
    </testcase>
  </testsuite>
  <testsuite name="spec_perl_TestProcessXor4Value_t" errors="0" failures="0" skipped="0" tests="2" time="0.0414018630981445">
    <system-out>1..2
ok 1 - Equals
ok 2 - Equals
</system-out>
    <testcase name="Equals (158)" classname="spec_perl_TestProcessXor4Value_t" time="0.000236034393310547" />
    <testcase name="Equals (159)" classname="spec_perl_TestProcessXor4Value_t" time="7.58171081542969e-05" />
  </testsuite>
  <testsuite name="spec_perl_TestExprArray_t" errors="0" failures="1" skipped="0" tests="15" time="0.0521759986877441">
    <system-out>1..15
ok 1 - Equals
ok 2 - Equals
ok 3 - Equals
ok 4 - Equals
ok 5 - Equals
ok 6 - Equals
ok 7 - Equals
ok 8 - Equals
not ok 9 - Equals
ok 10 - Equals
ok 11 - Equals
ok 12 - Equals
ok 13 - Equals
ok 14 - Equals
ok 15 - Equals
</system-out>
    <testcase name="Equals (160)" classname="spec_perl_TestExprArray_t" time="0.000313997268676758" />
    <testcase name="Equals (161)" classname="spec_perl_TestExprArray_t" time="7.82012939453125e-05" />
    <testcase name="Equals (162)" classname="spec_perl_TestExprArray_t" time="0.000142812728881836" />
    <testcase name="Equals (163)" classname="spec_perl_TestExprArray_t" time="0.000128030776977539" />
    <testcase name="Equals (164)" classname="spec_perl_TestExprArray_t" time="0.000143051147460938" />
    <testcase name="Equals (165)" classname="spec_perl_TestExprArray_t" time="0.000136137008666992" />
    <testcase name="Equals (166)" classname="spec_perl_TestExprArray_t" time="0.000169992446899414" />
    <testcase name="Equals (167)" classname="spec_perl_TestExprArray_t" time="0.000150918960571289" />
    <testcase name="Equals (168)" classname="spec_perl_TestExprArray_t" time="0.000201940536499023">
      <failure message="not ok 9 - Equals" type="TAP::Parser::Result::Test"></failure>
    </testcase>
    <testcase name="Equals (169)" classname="spec_perl_TestExprArray_t" time="0.0026400089263916" />
    <testcase name="Equals (170)" classname="spec_perl_TestExprArray_t" time="0.000106096267700195" />
    <testcase name="Equals (171)" classname="spec_perl_TestExprArray_t" time="0.000164985656738281" />
    <testcase name="Equals (172)" classname="spec_perl_TestExprArray_t" time="0.000121831893920898" />
    <testcase name="Equals (173)" classname="spec_perl_TestExprArray_t" time="0.000166177749633789" />
    <testcase name="Equals (174)" classname="spec_perl_TestExprArray_t" time="0.000119924545288086" />
  </testsuite>
  <testsuite name="spec_perl_TestRecursiveOne_t" errors="0" failures="0" skipped="0" tests="4" time="0.0430130958557129">
    <system-out>1..4
ok 1 - Equals
ok 2 - Equals
ok 3 - Equals
ok 4 - Equals
</system-out>
    <testcase name="Equals (175)" classname="spec_perl_TestRecursiveOne_t" time="0.00021815299987793" />
    <testcase name="Equals (176)" classname="spec_perl_TestRecursiveOne_t" time="9.48905944824219e-05" />
    <testcase name="Equals (177)" classname="spec_perl_TestRecursiveOne_t" time="0.000154972076416016" />
    <testcase name="Equals (178)" classname="spec_perl_TestRecursiveOne_t" time="0.000123977661132812" />
  </testsuite>
  <testsuite name="spec_perl_TestInstanceIoUser_t" errors="0" failures="0" skipped="0" tests="4" time="0.0474910736083984">
    <system-out>1..4
ok 1 - Equals
ok 2 - Equals
ok 3 - Equals
ok 4 - Equals
</system-out>
    <testcase name="Equals (179)" classname="spec_perl_TestInstanceIoUser_t" time="0.000549077987670898" />
    <testcase name="Equals (180)" classname="spec_perl_TestInstanceIoUser_t" time="9.29832458496094e-05" />
    <testcase name="Equals (181)" classname="spec_perl_TestInstanceIoUser_t" time="0.000113964080810547" />
    <testcase name="Equals (182)" classname="spec_perl_TestInstanceIoUser_t" time="0.000162124633789062" />
  </testsuite>
  <testsuite name="spec_perl_TestNonStandard_t" errors="0" failures="0" skipped="0" tests="1" time="0.0424439907073975">
    <system-out>1..1
ok 1 - Equals
</system-out>
    <testcase name="Equals (183)" classname="spec_perl_TestNonStandard_t" time="0.000164031982421875" />
  </testsuite>
  <testsuite name="spec_perl_TestDebug0_t" errors="0" failures="0" skipped="1" tests="1" time="0.0408320426940918">
    <system-out>1..1
ok 1 # skip test_debug_0
</system-out>
    <testcase name="Unnamed test case 183" classname="spec_perl_TestDebug0_t" time="0.000216960906982422">
      <skipped message="ok 1 # skip test_debug_0" />
    </testcase>
  </testsuite>
  <testsuite name="spec_perl_TestDocstringsDocrefMulti_t" errors="0" failures="0" skipped="1" tests="1" time="0.0421981811523438">
    <system-out>1..1
ok 1 # skip DocstringsDocrefMulti=HASH(0x2273478)
</system-out>
    <testcase name="Unnamed test case 184" classname="spec_perl_TestDocstringsDocrefMulti_t" time="0.00116181373596191">
      <skipped message="ok 1 # skip DocstringsDocrefMulti=HASH(0x2273478)" />
    </testcase>
  </testsuite>
  <testsuite name="spec_perl_TestImportsAbs_t" errors="0" failures="0" skipped="0" tests="2" time="0.0419049263000488">
    <system-out>1..2
ok 1 - Equals
ok 2 - Equals
</system-out>
    <testcase name="Equals (184)" classname="spec_perl_TestImportsAbs_t" time="0.000243902206420898" />
    <testcase name="Equals (185)" classname="spec_perl_TestImportsAbs_t" time="7.70092010498047e-05" />
  </testsuite>
  <testsuite name="spec_perl_TestSwitchRepeatExpr_t" errors="0" failures="0" skipped="0" tests="3" time="0.0422930717468262">
    <system-out>1..3
ok 1 - Equals
ok 2 - Equals
ok 3 - Equals
</system-out>
    <testcase name="Equals (186)" classname="spec_perl_TestSwitchRepeatExpr_t" time="0.00046992301940918" />
    <testcase name="Equals (187)" classname="spec_perl_TestSwitchRepeatExpr_t" time="8.20159912109375e-05" />
    <testcase name="Equals (188)" classname="spec_perl_TestSwitchRepeatExpr_t" time="0.000103950500488281" />
  </testsuite>
  <testsuite name="spec_perl_TestExpr3_t" errors="0" failures="0" skipped="0" tests="12" time="0.0478448867797852">
    <system-out>1..12
ok 1 - Equals
ok 2 - Equals
ok 3 - Equals
ok 4 - Equals
ok 5 - Equals
ok 6 - Equals
ok 7 - Equals
ok 8 - Equals
ok 9 - Equals
ok 10 - Equals
ok 11 - Equals
ok 12 - Equals
</system-out>
    <testcase name="Equals (189)" classname="spec_perl_TestExpr3_t" time="0.000216960906982422" />
    <testcase name="Equals (190)" classname="spec_perl_TestExpr3_t" time="7.29560852050781e-05" />
    <testcase name="Equals (191)" classname="spec_perl_TestExpr3_t" time="0.000146150588989258" />
    <testcase name="Equals (192)" classname="spec_perl_TestExpr3_t" time="0.000144004821777344" />
    <testcase name="Equals (193)" classname="spec_perl_TestExpr3_t" time="0.00014495849609375" />
    <testcase name="Equals (194)" classname="spec_perl_TestExpr3_t" time="0.000124931335449219" />
    <testcase name="Equals (195)" classname="spec_perl_TestExpr3_t" time="0.000147104263305664" />
    <testcase name="Equals (196)" classname="spec_perl_TestExpr3_t" time="0.000126838684082031" />
    <testcase name="Equals (197)" classname="spec_perl_TestExpr3_t" time="0.000154972076416016" />
    <testcase name="Equals (198)" classname="spec_perl_TestExpr3_t" time="0.000115156173706055" />
    <testcase name="Equals (199)" classname="spec_perl_TestExpr3_t" time="0.000160932540893555" />
    <testcase name="Equals (200)" classname="spec_perl_TestExpr3_t" time="0.000118017196655273" />
  </testsuite>
  <testsuite name="spec_perl_TestEofExceptionU4_t" errors="0" failures="0" skipped="0" tests="1" time="0.0456898212432861">
    <system-out>1..1
ok 1 - Died
</system-out>
    <testcase name="Died (200)" classname="spec_perl_TestEofExceptionU4_t" time="0.000160932540893555" />
  </testsuite>
  <testsuite name="spec_perl_TestProcessCoerceUsertype1_t" errors="0" failures="0" skipped="0" tests="4" time="0.0423479080200195">
    <system-out>1..4
ok 1 - Equals
ok 2 - Equals
ok 3 - Equals
ok 4 - Equals
</system-out>
    <testcase name="Equals (201)" classname="spec_perl_TestProcessCoerceUsertype1_t" time="0.000460147857666016" />
    <testcase name="Equals (202)" classname="spec_perl_TestProcessCoerceUsertype1_t" time="0.000116825103759766" />
    <testcase name="Equals (203)" classname="spec_perl_TestProcessCoerceUsertype1_t" time="8.20159912109375e-05" />
    <testcase name="Equals (204)" classname="spec_perl_TestProcessCoerceUsertype1_t" time="0.000144004821777344" />
  </testsuite>
  <testsuite name="spec_perl_TestExprBytesCmp_t" errors="0" failures="0" skipped="0" tests="10" time="0.0422959327697754">
    <system-out>1..10
ok 1 - Equals
ok 2 - Equals
ok 3 - Equals
ok 4 - Equals
ok 5 - Equals
ok 6 - Equals
ok 7 - Equals
ok 8 - Equals
ok 9 - Equals
ok 10 - Equals
</system-out>
    <testcase name="Equals (205)" classname="spec_perl_TestExprBytesCmp_t" time="0.00020599365234375" />
    <testcase name="Equals (206)" classname="spec_perl_TestExprBytesCmp_t" time="7.20024108886719e-05" />
    <testcase name="Equals (207)" classname="spec_perl_TestExprBytesCmp_t" time="0.000142812728881836" />
    <testcase name="Equals (208)" classname="spec_perl_TestExprBytesCmp_t" time="0.000147104263305664" />
    <testcase name="Equals (209)" classname="spec_perl_TestExprBytesCmp_t" time="0.000112056732177734" />
    <testcase name="Equals (210)" classname="spec_perl_TestExprBytesCmp_t" time="0.000123977661132812" />
    <testcase name="Equals (211)" classname="spec_perl_TestExprBytesCmp_t" time="0.000123977661132812" />
    <testcase name="Equals (212)" classname="spec_perl_TestExprBytesCmp_t" time="0.000129938125610352" />
    <testcase name="Equals (213)" classname="spec_perl_TestExprBytesCmp_t" time="0.000117063522338867" />
    <testcase name="Equals (214)" classname="spec_perl_TestExprBytesCmp_t" time="0.000159025192260742" />
  </testsuite>
  <testsuite name="spec_perl_TestEnumInvalid_t" errors="0" failures="0" skipped="0" tests="2" time="0.0414209365844727">
    <system-out>1..2
ok 1 - Equals
ok 2 - Equals
</system-out>
    <testcase name="Equals (215)" classname="spec_perl_TestEnumInvalid_t" time="0.000210046768188477" />
    <testcase name="Equals (216)" classname="spec_perl_TestEnumInvalid_t" time="7.29560852050781e-05" />
  </testsuite>
  <testsuite name="spec_perl_TestEnumToIClassBorder1_t" errors="0" failures="1" skipped="0" tests="3" time="0.0429370403289795">
    <system-out>1..3
ok 1 - Equals
ok 2 - Equals
not ok 3 - test_enum_to_i_class_border_1 died (Can't call method &quot;some_dog&quot; on an undefined value at compiled/perl/EnumToIClassBorder2.pm line 42.)
</system-out>
    <testcase name="Equals (217)" classname="spec_perl_TestEnumToIClassBorder1_t" time="0.000201940536499023" />
    <testcase name="Equals (218)" classname="spec_perl_TestEnumToIClassBorder1_t" time="8.29696655273438e-05" />
    <testcase name="test_enum_to_i_class_border_1 died (Can't call method &quot;some_dog&quot; on an undefined value at compiled/perl/EnumToIClassBorder2.pm line 42.) (218)" classname="spec_perl_TestEnumToIClassBorder1_t" time="0.000236988067626953">
      <failure message="not ok 3 - test_enum_to_i_class_border_1 died (Can't call method &quot;some_dog&quot; on an undefined value at compiled/perl/EnumToIClassBorder2.pm line 42.)" type="TAP::Parser::Result::Test"></failure>
    </testcase>
  </testsuite>
  <testsuite name="spec_perl_TestExprSizeofType1_t" errors="0" failures="0" skipped="0" tests="2" time="0.0416009426116943">
    <system-out>1..2
ok 1 - Equals
ok 2 - Equals
</system-out>
    <testcase name="Equals (219)" classname="spec_perl_TestExprSizeofType1_t" time="0.000211000442504883" />
    <testcase name="Equals (220)" classname="spec_perl_TestExprSizeofType1_t" time="9.01222229003906e-05" />
  </testsuite>
  <testsuite name="spec_perl_TestProcessCustomNoArgs_t" errors="1" failures="0" skipped="0" tests="0" time="0.0563421249389648">
    <system-out></system-out>
    <testcase name="Test died too soon, even before plan. (220)" classname="spec_perl_TestProcessCustomNoArgs_t" time="0.0563421249389648">
      <failure message="The test suite died before a plan was produced. You need to have a plan." type="Plan">No plan</failure>
    </testcase>
  </testsuite>
  <testsuite name="spec_perl_TestOpaqueExternalType02Parent_t" errors="0" failures="0" skipped="0" tests="3" time="0.0455031394958496">
    <system-out>1..3
ok 1 - Equals
ok 2 - Equals
ok 3 - Equals
</system-out>
    <testcase name="Equals (221)" classname="spec_perl_TestOpaqueExternalType02Parent_t" time="0.000298976898193359" />
    <testcase name="Equals (222)" classname="spec_perl_TestOpaqueExternalType02Parent_t" time="8.10623168945312e-05" />
    <testcase name="Equals (223)" classname="spec_perl_TestOpaqueExternalType02Parent_t" time="0.000123977661132812" />
  </testsuite>
  <testsuite name="spec_perl_TestProcessRotate_t" errors="0" failures="0" skipped="0" tests="3" time="0.0418810844421387">
    <system-out>1..3
ok 1 - Equals
ok 2 - Equals
ok 3 - Equals
</system-out>
    <testcase name="Equals (224)" classname="spec_perl_TestProcessRotate_t" time="0.000227928161621094" />
    <testcase name="Equals (225)" classname="spec_perl_TestProcessRotate_t" time="7.20024108886719e-05" />
    <testcase name="Equals (226)" classname="spec_perl_TestProcessRotate_t" time="0.000133991241455078" />
  </testsuite>
  <testsuite name="spec_perl_TestExprSizeofValue0_t" errors="0" failures="0" skipped="0" tests="5" time="0.0426058769226074">
    <system-out>1..5
ok 1 - Equals
ok 2 - Equals
ok 3 - Equals
ok 4 - Equals
ok 5 - Equals
</system-out>
    <testcase name="Equals (227)" classname="spec_perl_TestExprSizeofValue0_t" time="0.000234127044677734" />
    <testcase name="Equals (228)" classname="spec_perl_TestExprSizeofValue0_t" time="7.29560852050781e-05" />
    <testcase name="Equals (229)" classname="spec_perl_TestExprSizeofValue0_t" time="0.000138044357299805" />
    <testcase name="Equals (230)" classname="spec_perl_TestExprSizeofValue0_t" time="0.00014495849609375" />
    <testcase name="Equals (231)" classname="spec_perl_TestExprSizeofValue0_t" time="0.00014495849609375" />
  </testsuite>
  <testsuite name="spec_perl_TestIndexToParamExpr_t" errors="0" failures="2" skipped="0" tests="7" time="0.0504748821258545">
    <system-out>1..7
ok 1 - Equals
ok 2 - Equals
ok 3 - Equals
ok 4 - Equals
ok 5 - Equals
not ok 6 - Equals
not ok 7 - Equals
</system-out>
    <testcase name="Equals (232)" classname="spec_perl_TestIndexToParamExpr_t" time="0.00226283073425293" />
    <testcase name="Equals (233)" classname="spec_perl_TestIndexToParamExpr_t" time="0.000101089477539062" />
    <testcase name="Equals (234)" classname="spec_perl_TestIndexToParamExpr_t" time="0.000107049942016602" />
    <testcase name="Equals (235)" classname="spec_perl_TestIndexToParamExpr_t" time="0.000161886215209961" />
    <testcase name="Equals (236)" classname="spec_perl_TestIndexToParamExpr_t" time="0.000117063522338867" />
    <testcase name="Equals (237)" classname="spec_perl_TestIndexToParamExpr_t" time="0.000211954116821289">
      <failure message="not ok 6 - Equals" type="TAP::Parser::Result::Test"></failure>
    </testcase>
    <testcase name="Equals (238)" classname="spec_perl_TestIndexToParamExpr_t" time="0.00173211097717285">
      <failure message="not ok 7 - Equals" type="TAP::Parser::Result::Test"></failure>
    </testcase>
  </testsuite>
  <testsuite name="spec_perl_TestFloatingPoints_t" errors="0" failures="0" skipped="0" tests="8" time="0.049638032913208">
    <system-out>1..8
ok 1 - Approx equals
ok 2 - Approx equals
ok 3 - Approx equals
ok 4 - Approx equals
ok 5 - Approx equals
ok 6 - Approx equals
ok 7 - Approx equals
ok 8 - Approx equals
</system-out>
    <testcase name="Approx equals (238)" classname="spec_perl_TestFloatingPoints_t" time="0.000144004821777344" />
    <testcase name="Approx equals (239)" classname="spec_perl_TestFloatingPoints_t" time="6.69956207275391e-05" />
    <testcase name="Approx equals (240)" classname="spec_perl_TestFloatingPoints_t" time="4.48226928710938e-05" />
    <testcase name="Approx equals (241)" classname="spec_perl_TestFloatingPoints_t" time="5.41210174560547e-05" />
    <testcase name="Approx equals (242)" classname="spec_perl_TestFloatingPoints_t" time="4.1961669921875e-05" />
    <testcase name="Approx equals (243)" classname="spec_perl_TestFloatingPoints_t" time="5.29289245605469e-05" />
    <testcase name="Approx equals (244)" classname="spec_perl_TestFloatingPoints_t" time="5.81741333007812e-05" />
    <testcase name="Approx equals (245)" classname="spec_perl_TestFloatingPoints_t" time="3.98159027099609e-05" />
  </testsuite>
  <testsuite name="spec_perl_TestDefaultEndianExprInherited_t" errors="0" failures="0" skipped="0" tests="15" time="0.0461230278015137">
    <system-out>1..15
ok 1 - Equals
ok 2 - Equals
ok 3 - Equals
ok 4 - Equals
ok 5 - Equals
ok 6 - Equals
ok 7 - Equals
ok 8 - Equals
ok 9 - Equals
ok 10 - Equals
ok 11 - Equals
ok 12 - Equals
ok 13 - Equals
ok 14 - Equals
ok 15 - Equals
</system-out>
    <testcase name="Equals (245)" classname="spec_perl_TestDefaultEndianExprInherited_t" time="0.000314950942993164" />
    <testcase name="Equals (246)" classname="spec_perl_TestDefaultEndianExprInherited_t" time="9.20295715332031e-05" />
    <testcase name="Equals (247)" classname="spec_perl_TestDefaultEndianExprInherited_t" time="8.79764556884766e-05" />
    <testcase name="Equals (248)" classname="spec_perl_TestDefaultEndianExprInherited_t" time="0.000149011611938477" />
    <testcase name="Equals (249)" classname="spec_perl_TestDefaultEndianExprInherited_t" time="0.000153064727783203" />
    <testcase name="Equals (250)" classname="spec_perl_TestDefaultEndianExprInherited_t" time="0.000114917755126953" />
    <testcase name="Equals (251)" classname="spec_perl_TestDefaultEndianExprInherited_t" time="0.000154018402099609" />
    <testcase name="Equals (252)" classname="spec_perl_TestDefaultEndianExprInherited_t" time="0.000119924545288086" />
    <testcase name="Equals (253)" classname="spec_perl_TestDefaultEndianExprInherited_t" time="0.000152111053466797" />
    <testcase name="Equals (254)" classname="spec_perl_TestDefaultEndianExprInherited_t" time="0.000154972076416016" />
    <testcase name="Equals (255)" classname="spec_perl_TestDefaultEndianExprInherited_t" time="0.000117063522338867" />
    <testcase name="Equals (256)" classname="spec_perl_TestDefaultEndianExprInherited_t" time="0.000145912170410156" />
    <testcase name="Equals (257)" classname="spec_perl_TestDefaultEndianExprInherited_t" time="0.00011897087097168" />
    <testcase name="Equals (258)" classname="spec_perl_TestDefaultEndianExprInherited_t" time="0.000160932540893555" />
    <testcase name="Equals (259)" classname="spec_perl_TestDefaultEndianExprInherited_t" time="0.000147104263305664" />
  </testsuite>
  <testsuite name="spec_perl_TestEnumNegative_t" errors="0" failures="0" skipped="0" tests="2" time="0.040881872177124">
    <system-out>1..2
ok 1 - Equals
ok 2 - Equals
</system-out>
    <testcase name="Equals (260)" classname="spec_perl_TestEnumNegative_t" time="0.000211000442504883" />
    <testcase name="Equals (261)" classname="spec_perl_TestEnumNegative_t" time="7.20024108886719e-05" />
  </testsuite>
  <testsuite name="spec_perl_TestEosExceptionU4_t" errors="0" failures="0" skipped="0" tests="1" time="0.0442509651184082">
    <system-out>1..1
ok 1 - Died
</system-out>
    <testcase name="Died (261)" classname="spec_perl_TestEosExceptionU4_t" time="0.00044703483581543" />
  </testsuite>
  <testsuite name="spec_perl_TestNestedTypes2_t" errors="0" failures="0" skipped="0" tests="7" time="0.0437431335449219">
    <system-out>1..7
ok 1 - Equals
ok 2 - Equals
ok 3 - Equals
ok 4 - Equals
ok 5 - Equals
ok 6 - Equals
ok 7 - Equals
</system-out>
    <testcase name="Equals (262)" classname="spec_perl_TestNestedTypes2_t" time="0.000247001647949219" />
    <testcase name="Equals (263)" classname="spec_perl_TestNestedTypes2_t" time="9.20295715332031e-05" />
    <testcase name="Equals (264)" classname="spec_perl_TestNestedTypes2_t" time="0.000116825103759766" />
    <testcase name="Equals (265)" classname="spec_perl_TestNestedTypes2_t" time="0.000141143798828125" />
    <testcase name="Equals (266)" classname="spec_perl_TestNestedTypes2_t" time="0.000133991241455078" />
    <testcase name="Equals (267)" classname="spec_perl_TestNestedTypes2_t" time="0.0001220703125" />
    <testcase name="Equals (268)" classname="spec_perl_TestNestedTypes2_t" time="0.000149965286254883" />
  </testsuite>
  <testsuite name="spec_perl_TestStrEncodingsDefault_t" errors="0" failures="0" skipped="0" tests="4" time="0.049422025680542">
    <system-out>1..4
ok 1 - Equals
ok 2 - Equals
ok 3 - Equals
ok 4 - Equals
</system-out>
    <testcase name="Equals (269)" classname="spec_perl_TestStrEncodingsDefault_t" time="0.00322604179382324" />
    <testcase name="Equals (270)" classname="spec_perl_TestStrEncodingsDefault_t" time="9.58442687988281e-05" />
    <testcase name="Equals (271)" classname="spec_perl_TestStrEncodingsDefault_t" time="6.31809234619141e-05" />
    <testcase name="Equals (272)" classname="spec_perl_TestStrEncodingsDefault_t" time="0.000172853469848633" />
  </testsuite>
  <testsuite name="spec_perl_TestEnumLongRangeU_t" errors="0" failures="0" skipped="0" tests="4" time="0.0418088436126709">
    <system-out>1..4
ok 1 - Equals
ok 2 - Equals
ok 3 - Equals
ok 4 - Equals
</system-out>
    <testcase name="Equals (273)" classname="spec_perl_TestEnumLongRangeU_t" time="0.000247001647949219" />
    <testcase name="Equals (274)" classname="spec_perl_TestEnumLongRangeU_t" time="7.79628753662109e-05" />
    <testcase name="Equals (275)" classname="spec_perl_TestEnumLongRangeU_t" time="0.000128030776977539" />
    <testcase name="Equals (276)" classname="spec_perl_TestEnumLongRangeU_t" time="0.000126838684082031" />
  </testsuite>
  <testsuite name="spec_perl_TestFixedStruct_t" errors="1" failures="0" skipped="0" tests="0" time="0.0451011657714844">
    <system-out></system-out>
    <testcase name="Test died too soon, even before plan. (276)" classname="spec_perl_TestFixedStruct_t" time="0.0451011657714844">
      <failure message="The test suite died before a plan was produced. You need to have a plan." type="Plan">No plan</failure>
    </testcase>
  </testsuite>
  <testsuite name="spec_perl_TestIfValues_t" errors="0" failures="0" skipped="0" tests="6" time="0.0416560173034668">
    <system-out>1..6
ok 1 - Equals
ok 2 - Equals
ok 3 - Equals
ok 4 - nil
ok 5 - Equals
ok 6 - nil
</system-out>
    <testcase name="Equals (277)" classname="spec_perl_TestIfValues_t" time="0.000221967697143555" />
    <testcase name="Equals (278)" classname="spec_perl_TestIfValues_t" time="8.51154327392578e-05" />
    <testcase name="Equals (279)" classname="spec_perl_TestIfValues_t" time="0.000149965286254883" />
    <testcase name="nil (279)" classname="spec_perl_TestIfValues_t" time="6.29425048828125e-05" />
    <testcase name="Equals (280)" classname="spec_perl_TestIfValues_t" time="0.000121116638183594" />
    <testcase name="nil (280)" classname="spec_perl_TestIfValues_t" time="6.19888305664062e-05" />
  </testsuite>
  <testsuite name="spec_perl_TestStrEos_t" errors="0" failures="0" skipped="0" tests="1" time="0.0452950000762939">
    <system-out>1..1
ok 1 - Equals
</system-out>
    <testcase name="Equals (281)" classname="spec_perl_TestStrEos_t" time="0.000277996063232422" />
  </testsuite>
  <testsuite name="spec_perl_TestRepeatEosStruct_t" errors="0" failures="0" skipped="0" tests="5" time="0.0437941551208496">
    <system-out>1..5
ok 1 - Equals
ok 2 - Equals
ok 3 - Equals
ok 4 - Equals
ok 5 - Equals
</system-out>
    <testcase name="Equals (282)" classname="spec_perl_TestRepeatEosStruct_t" time="0.000235080718994141" />
    <testcase name="Equals (283)" classname="spec_perl_TestRepeatEosStruct_t" time="7.48634338378906e-05" />
    <testcase name="Equals (284)" classname="spec_perl_TestRepeatEosStruct_t" time="0.000135183334350586" />
    <testcase name="Equals (285)" classname="spec_perl_TestRepeatEosStruct_t" time="0.000131845474243164" />
    <testcase name="Equals (286)" classname="spec_perl_TestRepeatEosStruct_t" time="0.000135183334350586" />
  </testsuite>
  <testsuite name="spec_perl_TestRepeatEosBit_t" errors="0" failures="1" skipped="0" tests="1" time="0.0446751117706299">
    <system-out>1..1
not ok 1 - Equals
</system-out>
    <testcase name="Equals (287)" classname="spec_perl_TestRepeatEosBit_t" time="0.000288963317871094">
      <failure message="not ok 1 - Equals" type="TAP::Parser::Result::Test"></failure>
    </testcase>
  </testsuite>
  <testsuite name="spec_perl_TestDefaultBigEndian_t" errors="0" failures="0" skipped="0" tests="1" time="0.0465190410614014">
    <system-out>1..1
ok 1 - Equals
</system-out>
    <testcase name="Equals (288)" classname="spec_perl_TestDefaultBigEndian_t" time="0.000209808349609375" />
  </testsuite>
  <testsuite name="spec_perl_TestEnumDeep_t" errors="0" failures="0" skipped="0" tests="2" time="0.0421850681304932">
    <system-out>1..2
ok 1 - Equals
ok 2 - Equals
</system-out>
    <testcase name="Equals (289)" classname="spec_perl_TestEnumDeep_t" time="0.000171899795532227" />
    <testcase name="Equals (290)" classname="spec_perl_TestEnumDeep_t" time="6.60419464111328e-05" />
  </testsuite>
  <testsuite name="spec_perl_TestSwitchManualStrElse_t" errors="0" failures="0" skipped="0" tests="9" time="0.0465800762176514">
    <system-out>1..9
ok 1 - Equals
ok 2 - Equals
ok 3 - Equals
ok 4 - Equals
ok 5 - Equals
ok 6 - Equals
ok 7 - Equals
ok 8 - Equals
ok 9 - Equals
</system-out>
    <testcase name="Equals (291)" classname="spec_perl_TestSwitchManualStrElse_t" time="0.000368833541870117" />
    <testcase name="Equals (292)" classname="spec_perl_TestSwitchManualStrElse_t" time="9.79900360107422e-05" />
    <testcase name="Equals (293)" classname="spec_perl_TestSwitchManualStrElse_t" time="6.19888305664062e-05" />
    <testcase name="Equals (294)" classname="spec_perl_TestSwitchManualStrElse_t" time="8.41617584228516e-05" />
    <testcase name="Equals (295)" classname="spec_perl_TestSwitchManualStrElse_t" time="0.000150918960571289" />
    <testcase name="Equals (296)" classname="spec_perl_TestSwitchManualStrElse_t" time="0.000120878219604492" />
    <testcase name="Equals (297)" classname="spec_perl_TestSwitchManualStrElse_t" time="0.000131130218505859" />
    <testcase name="Equals (298)" classname="spec_perl_TestSwitchManualStrElse_t" time="0.000118017196655273" />
    <testcase name="Equals (299)" classname="spec_perl_TestSwitchManualStrElse_t" time="0.000154972076416016" />
  </testsuite>
  <testsuite name="spec_perl_TestSwitchManualStr_t" errors="0" failures="0" skipped="0" tests="9" time="0.0467050075531006">
    <system-out>1..9
ok 1 - Equals
ok 2 - Equals
ok 3 - Equals
ok 4 - Equals
ok 5 - Equals
ok 6 - Equals
ok 7 - Equals
ok 8 - Equals
ok 9 - Equals
</system-out>
    <testcase name="Equals (300)" classname="spec_perl_TestSwitchManualStr_t" time="0.00030207633972168" />
    <testcase name="Equals (301)" classname="spec_perl_TestSwitchManualStr_t" time="8.48770141601562e-05" />
    <testcase name="Equals (302)" classname="spec_perl_TestSwitchManualStr_t" time="7.39097595214844e-05" />
    <testcase name="Equals (303)" classname="spec_perl_TestSwitchManualStr_t" time="0.00015711784362793" />
    <testcase name="Equals (304)" classname="spec_perl_TestSwitchManualStr_t" time="0.000119924545288086" />
    <testcase name="Equals (305)" classname="spec_perl_TestSwitchManualStr_t" time="0.000164031982421875" />
    <testcase name="Equals (306)" classname="spec_perl_TestSwitchManualStr_t" time="0.000113964080810547" />
    <testcase name="Equals (307)" classname="spec_perl_TestSwitchManualStr_t" time="0.00014495849609375" />
    <testcase name="Equals (308)" classname="spec_perl_TestSwitchManualStr_t" time="0.000119209289550781" />
  </testsuite>
  <testsuite name="spec_perl_TestInstanceUserArray_t" errors="0" failures="0" skipped="0" tests="10" time="0.044403076171875">
    <system-out>1..10
ok 1 - Equals
ok 2 - Equals
ok 3 - Equals
ok 4 - Equals
ok 5 - Equals
ok 6 - Equals
ok 7 - Equals
ok 8 - Equals
ok 9 - Equals
ok 10 - Equals
</system-out>
    <testcase name="Equals (309)" classname="spec_perl_TestInstanceUserArray_t" time="0.000231027603149414" />
    <testcase name="Equals (310)" classname="spec_perl_TestInstanceUserArray_t" time="7.70092010498047e-05" />
    <testcase name="Equals (311)" classname="spec_perl_TestInstanceUserArray_t" time="0.000169038772583008" />
    <testcase name="Equals (312)" classname="spec_perl_TestInstanceUserArray_t" time="0.000488996505737305" />
    <testcase name="Equals (313)" classname="spec_perl_TestInstanceUserArray_t" time="0.000113010406494141" />
    <testcase name="Equals (314)" classname="spec_perl_TestInstanceUserArray_t" time="0.000138998031616211" />
    <testcase name="Equals (315)" classname="spec_perl_TestInstanceUserArray_t" time="0.00014495849609375" />
    <testcase name="Equals (316)" classname="spec_perl_TestInstanceUserArray_t" time="0.000123977661132812" />
    <testcase name="Equals (317)" classname="spec_perl_TestInstanceUserArray_t" time="0.000138998031616211" />
    <testcase name="Equals (318)" classname="spec_perl_TestInstanceUserArray_t" time="0.000123977661132812" />
  </testsuite>
  <testsuite name="spec_perl_TestCombineEnum_t" errors="0" failures="0" skipped="0" tests="3" time="0.0411100387573242">
    <system-out>1..3
ok 1 - Equals
ok 2 - Equals
ok 3 - Equals
</system-out>
    <testcase name="Equals (319)" classname="spec_perl_TestCombineEnum_t" time="0.000233888626098633" />
    <testcase name="Equals (320)" classname="spec_perl_TestCombineEnum_t" time="7.70092010498047e-05" />
    <testcase name="Equals (321)" classname="spec_perl_TestCombineEnum_t" time="0.000140190124511719" />
  </testsuite>
  <testsuite name="spec_perl_TestDocstrings_t" errors="0" failures="0" skipped="1" tests="1" time="0.0425040721893311">
    <system-out>1..1
ok 1 # skip Docstrings=HASH(0x226fc68)
</system-out>
    <testcase name="Unnamed test case 321" classname="spec_perl_TestDocstrings_t" time="0.00117206573486328">
      <skipped message="ok 1 # skip Docstrings=HASH(0x226fc68)" />
    </testcase>
  </testsuite>
  <testsuite name="spec_perl_TestPositionToEnd_t" errors="0" failures="0" skipped="0" tests="2" time="0.0418391227722168">
    <system-out>1..2
ok 1 - Equals
ok 2 - Equals
</system-out>
    <testcase name="Equals (322)" classname="spec_perl_TestPositionToEnd_t" time="0.000174999237060547" />
    <testcase name="Equals (323)" classname="spec_perl_TestPositionToEnd_t" time="0.000112056732177734" />
  </testsuite>
  <testsuite name="spec_perl_TestEofExceptionBytes_t" errors="0" failures="0" skipped="0" tests="1" time="0.0530388355255127">
    <system-out>1..1
ok 1 - Died
</system-out>
    <testcase name="Died (323)" classname="spec_perl_TestEofExceptionBytes_t" time="0.000143051147460938" />
  </testsuite>
  <testsuite name="spec_perl_TestDebugEnumName_t" errors="1" failures="0" skipped="0" tests="0" time="0.0405421257019043">
    <system-out></system-out>
    <testcase name="Test died too soon, even before plan. (323)" classname="spec_perl_TestDebugEnumName_t" time="0.0405421257019043">
      <failure message="The test suite died before a plan was produced. You need to have a plan." type="Plan">No plan</failure>
    </testcase>
  </testsuite>
  <testsuite name="spec_perl_TestProcessXor4Const_t" errors="0" failures="0" skipped="0" tests="2" time="0.040938138961792">
    <system-out>1..2
ok 1 - Equals
ok 2 - Equals
</system-out>
    <testcase name="Equals (324)" classname="spec_perl_TestProcessXor4Const_t" time="0.00020599365234375" />
    <testcase name="Equals (325)" classname="spec_perl_TestProcessXor4Const_t" time="8.58306884765625e-05" />
  </testsuite>
  <testsuite name="spec_perl_TestIndexSizes_t" errors="0" failures="0" skipped="0" tests="7" time="0.0454709529876709">
    <system-out>1..7
ok 1 - Equals
ok 2 - Equals
ok 3 - Equals
ok 4 - Equals
ok 5 - Equals
ok 6 - Equals
ok 7 - Equals
</system-out>
    <testcase name="Equals (326)" classname="spec_perl_TestIndexSizes_t" time="0.000259160995483398" />
    <testcase name="Equals (327)" classname="spec_perl_TestIndexSizes_t" time="8.08238983154297e-05" />
    <testcase name="Equals (328)" classname="spec_perl_TestIndexSizes_t" time="8.0108642578125e-05" />
    <testcase name="Equals (329)" classname="spec_perl_TestIndexSizes_t" time="0.000144004821777344" />
    <testcase name="Equals (330)" classname="spec_perl_TestIndexSizes_t" time="0.000125885009765625" />
    <testcase name="Equals (331)" classname="spec_perl_TestIndexSizes_t" time="0.000138044357299805" />
    <testcase name="Equals (332)" classname="spec_perl_TestIndexSizes_t" time="0.000115156173706055" />
  </testsuite>
  <testsuite name="spec_perl_TestPositionAbs_t" errors="0" failures="0" skipped="0" tests="2" time="0.0461039543151855">
    <system-out>1..2
ok 1 - Equals
ok 2 - Equals
</system-out>
    <testcase name="Equals (333)" classname="spec_perl_TestPositionAbs_t" time="0.000248908996582031" />
    <testcase name="Equals (334)" classname="spec_perl_TestPositionAbs_t" time="0.000185966491699219" />
  </testsuite>
  <testsuite name="spec_perl_TestZlibWithHeader78_t" errors="0" failures="0" skipped="0" tests="1" time="0.0629739761352539">
    <system-out>1..1
ok 1 - Equals
</system-out>
    <testcase name="Equals (335)" classname="spec_perl_TestZlibWithHeader78_t" time="0.000336170196533203" />
  </testsuite>
  <testsuite name="spec_perl_TestNavParentVsValueInst_t" errors="0" failures="0" skipped="0" tests="1" time="0.0464489459991455">
    <system-out>1..1
ok 1 - Equals
</system-out>
    <testcase name="Equals (336)" classname="spec_perl_TestNavParentVsValueInst_t" time="0.000272035598754883" />
  </testsuite>
  <testsuite name="spec_perl_TestExprIoEof_t" errors="0" failures="0" skipped="0" tests="4" time="0.0419621467590332">
    <system-out>1..4
ok 1 - Equals
ok 2 - nil
ok 3 - Equals
ok 4 - Equals
</system-out>
    <testcase name="Equals (337)" classname="spec_perl_TestExprIoEof_t" time="0.0004730224609375" />
    <testcase name="nil (337)" classname="spec_perl_TestExprIoEof_t" time="8.79764556884766e-05" />
    <testcase name="Equals (338)" classname="spec_perl_TestExprIoEof_t" time="4.50611114501953e-05" />
    <testcase name="Equals (339)" classname="spec_perl_TestExprIoEof_t" time="7.10487365722656e-05" />
  </testsuite>
  <testsuite name="spec_perl_TestExpr2_t" errors="0" failures="0" skipped="0" tests="17" time="0.0493171215057373">
    <system-out>1..17
ok 1 - Equals
ok 2 - Equals
ok 3 - Equals
ok 4 - Equals
ok 5 - Equals
ok 6 - Equals
ok 7 - Equals
ok 8 - Equals
ok 9 - Equals
ok 10 - Equals
ok 11 - Equals
ok 12 - Equals
ok 13 - Equals
ok 14 - Equals
ok 15 - Equals
ok 16 - Equals
ok 17 - Equals
</system-out>
    <testcase name="Equals (340)" classname="spec_perl_TestExpr2_t" time="0.000554084777832031" />
    <testcase name="Equals (341)" classname="spec_perl_TestExpr2_t" time="8.60691070556641e-05" />
    <testcase name="Equals (342)" classname="spec_perl_TestExpr2_t" time="0.000107049942016602" />
    <testcase name="Equals (343)" classname="spec_perl_TestExpr2_t" time="0.000155925750732422" />
    <testcase name="Equals (344)" classname="spec_perl_TestExpr2_t" time="0.000124931335449219" />
    <testcase name="Equals (345)" classname="spec_perl_TestExpr2_t" time="0.000142097473144531" />
    <testcase name="Equals (346)" classname="spec_perl_TestExpr2_t" time="0.000121831893920898" />
    <testcase name="Equals (347)" classname="spec_perl_TestExpr2_t" time="0.000181198120117188" />
    <testcase name="Equals (348)" classname="spec_perl_TestExpr2_t" time="0.000163793563842773" />
    <testcase name="Equals (349)" classname="spec_perl_TestExpr2_t" time="0.000109195709228516" />
    <testcase name="Equals (350)" classname="spec_perl_TestExpr2_t" time="0.000161886215209961" />
    <testcase name="Equals (351)" classname="spec_perl_TestExpr2_t" time="0.000119924545288086" />
    <testcase name="Equals (352)" classname="spec_perl_TestExpr2_t" time="0.000158071517944336" />
    <testcase name="Equals (353)" classname="spec_perl_TestExpr2_t" time="0.000164985656738281" />
    <testcase name="Equals (354)" classname="spec_perl_TestExpr2_t" time="0.000108003616333008" />
    <testcase name="Equals (355)" classname="spec_perl_TestExpr2_t" time="0.000177145004272461" />
    <testcase name="Equals (356)" classname="spec_perl_TestExpr2_t" time="0.000110864639282227" />
  </testsuite>
  <testsuite name="spec_perl_TestMetaTags_t" errors="0" failures="0" skipped="1" tests="1" time="0.0442879199981689">
    <system-out>1..1
ok 1 # skip MetaTags=HASH(0x1baea98)
</system-out>
    <testcase name="Unnamed test case 356" classname="spec_perl_TestMetaTags_t" time="0.0012669563293457">
      <skipped message="ok 1 # skip MetaTags=HASH(0x1baea98)" />
    </testcase>
  </testsuite>
  <testsuite name="spec_perl_TestNavRoot_t" errors="0" failures="0" skipped="0" tests="5" time="0.0470840930938721">
    <system-out>1..5
ok 1 - Equals
ok 2 - Equals
ok 3 - Equals
ok 4 - Equals
ok 5 - Equals
</system-out>
    <testcase name="Equals (357)" classname="spec_perl_TestNavRoot_t" time="0.00032496452331543" />
    <testcase name="Equals (358)" classname="spec_perl_TestNavRoot_t" time="8.41617584228516e-05" />
    <testcase name="Equals (359)" classname="spec_perl_TestNavRoot_t" time="9.39369201660156e-05" />
    <testcase name="Equals (360)" classname="spec_perl_TestNavRoot_t" time="0.000142097473144531" />
    <testcase name="Equals (361)" classname="spec_perl_TestNavRoot_t" time="0.000129938125610352" />
  </testsuite>
  <testsuite name="spec_perl_TestIfStruct_t" errors="0" failures="0" skipped="0" tests="7" time="0.0456390380859375">
    <system-out>1..7
ok 1 - Equals
ok 2 - Equals
ok 3 - Equals
ok 4 - Equals
ok 5 - Equals
ok 6 - Equals
ok 7 - Equals
</system-out>
    <testcase name="Equals (362)" classname="spec_perl_TestIfStruct_t" time="0.000334978103637695" />
    <testcase name="Equals (363)" classname="spec_perl_TestIfStruct_t" time="9.39369201660156e-05" />
    <testcase name="Equals (364)" classname="spec_perl_TestIfStruct_t" time="0.000124931335449219" />
    <testcase name="Equals (365)" classname="spec_perl_TestIfStruct_t" time="0.000134944915771484" />
    <testcase name="Equals (366)" classname="spec_perl_TestIfStruct_t" time="0.000140190124511719" />
    <testcase name="Equals (367)" classname="spec_perl_TestIfStruct_t" time="0.000115871429443359" />
    <testcase name="Equals (368)" classname="spec_perl_TestIfStruct_t" time="0.000151157379150391" />
  </testsuite>
  <testsuite name="spec_perl_TestInstanceStd_t" errors="0" failures="0" skipped="0" tests="1" time="0.0463540554046631">
    <system-out>1..1
ok 1 - Equals
</system-out>
    <testcase name="Equals (369)" classname="spec_perl_TestInstanceStd_t" time="0.00023198127746582" />
  </testsuite>
  <testsuite name="spec_perl_TestTermBytes_t" errors="0" failures="0" skipped="0" tests="3" time="0.0415999889373779">
    <system-out>1..3
ok 1 - Equals
ok 2 - Equals
ok 3 - Equals
</system-out>
    <testcase name="Equals (370)" classname="spec_perl_TestTermBytes_t" time="0.000240802764892578" />
    <testcase name="Equals (371)" classname="spec_perl_TestTermBytes_t" time="0.000105142593383789" />
    <testcase name="Equals (372)" classname="spec_perl_TestTermBytes_t" time="0.000139951705932617" />
  </testsuite>
  <testsuite name="spec_perl_TestNavParentFalse_t" errors="0" failures="0" skipped="0" tests="5" time="0.0441579818725586">
    <system-out>1..5
ok 1 - Equals
ok 2 - Equals
ok 3 - Equals
ok 4 - Equals
ok 5 - Equals
</system-out>
    <testcase name="Equals (373)" classname="spec_perl_TestNavParentFalse_t" time="0.000262022018432617" />
    <testcase name="Equals (374)" classname="spec_perl_TestNavParentFalse_t" time="7.70092010498047e-05" />
    <testcase name="Equals (375)" classname="spec_perl_TestNavParentFalse_t" time="0.000135898590087891" />
    <testcase name="Equals (376)" classname="spec_perl_TestNavParentFalse_t" time="0.000138998031616211" />
    <testcase name="Equals (377)" classname="spec_perl_TestNavParentFalse_t" time="0.000134944915771484" />
  </testsuite>
  <testsuite name="spec_perl_TestBcdUserTypeBe_t" errors="0" failures="0" skipped="0" tests="6" time="0.0438230037689209">
    <system-out>1..6
ok 1 - Equals
ok 2 - Equals
ok 3 - Equals
ok 4 - Equals
ok 5 - Equals
ok 6 - Equals
</system-out>
    <testcase name="Equals (378)" classname="spec_perl_TestBcdUserTypeBe_t" time="0.000509023666381836" />
    <testcase name="Equals (379)" classname="spec_perl_TestBcdUserTypeBe_t" time="9.48905944824219e-05" />
    <testcase name="Equals (380)" classname="spec_perl_TestBcdUserTypeBe_t" time="0.000102996826171875" />
    <testcase name="Equals (381)" classname="spec_perl_TestBcdUserTypeBe_t" time="0.000154972076416016" />
    <testcase name="Equals (382)" classname="spec_perl_TestBcdUserTypeBe_t" time="0.000141143798828125" />
    <testcase name="Equals (383)" classname="spec_perl_TestBcdUserTypeBe_t" time="0.000149011611938477" />
  </testsuite>
  <testsuite name="spec_perl_TestImports0_t" errors="0" failures="0" skipped="0" tests="3" time="0.0412850379943848">
    <system-out>1..3
ok 1 - Equals
ok 2 - Equals
ok 3 - Equals
</system-out>
    <testcase name="Equals (384)" classname="spec_perl_TestImports0_t" time="0.00021815299987793" />
    <testcase name="Equals (385)" classname="spec_perl_TestImports0_t" time="7.20024108886719e-05" />
    <testcase name="Equals (386)" classname="spec_perl_TestImports0_t" time="0.000153779983520508" />
  </testsuite>
  <testsuite name="spec_perl_TestJsSignedRightShift_t" errors="0" failures="0" skipped="0" tests="2" time="0.0435149669647217">
    <system-out>1..2
ok 1 - Equals
ok 2 - Equals
</system-out>
    <testcase name="Equals (387)" classname="spec_perl_TestJsSignedRightShift_t" time="0.0002288818359375" />
    <testcase name="Equals (388)" classname="spec_perl_TestJsSignedRightShift_t" time="9.60826873779297e-05" />
  </testsuite>
  <testsuite name="spec_perl_TestNestedSameName2_t" errors="0" failures="0" skipped="0" tests="5" time="0.042011022567749">
    <system-out>1..5
ok 1 - Equals
ok 2 - Equals
ok 3 - Equals
ok 4 - Equals
ok 5 - Equals
</system-out>
    <testcase name="Equals (389)" classname="spec_perl_TestNestedSameName2_t" time="0.000365018844604492" />
    <testcase name="Equals (390)" classname="spec_perl_TestNestedSameName2_t" time="9.10758972167969e-05" />
    <testcase name="Equals (391)" classname="spec_perl_TestNestedSameName2_t" time="4.57763671875e-05" />
    <testcase name="Equals (392)" classname="spec_perl_TestNestedSameName2_t" time="6.103515625e-05" />
    <testcase name="Equals (393)" classname="spec_perl_TestNestedSameName2_t" time="0.000144004821777344" />
  </testsuite>
  <testsuite name="spec_perl_TestBcdUserTypeLe_t" errors="0" failures="0" skipped="0" tests="6" time="0.0434010028839111">
    <system-out>1..6
ok 1 - Equals
ok 2 - Equals
ok 3 - Equals
ok 4 - Equals
ok 5 - Equals
ok 6 - Equals
</system-out>
    <testcase name="Equals (394)" classname="spec_perl_TestBcdUserTypeLe_t" time="0.000476837158203125" />
    <testcase name="Equals (395)" classname="spec_perl_TestBcdUserTypeLe_t" time="0.000286102294921875" />
    <testcase name="Equals (396)" classname="spec_perl_TestBcdUserTypeLe_t" time="0.00011897087097168" />
    <testcase name="Equals (397)" classname="spec_perl_TestBcdUserTypeLe_t" time="0.000164031982421875" />
    <testcase name="Equals (398)" classname="spec_perl_TestBcdUserTypeLe_t" time="0.000159978866577148" />
    <testcase name="Equals (399)" classname="spec_perl_TestBcdUserTypeLe_t" time="0.000145912170410156" />
  </testsuite>
  <testsuite name="spec_perl_TestNavParentSwitchCast_t" errors="0" failures="0" skipped="0" tests="3" time="0.0450842380523682">
    <system-out>1..3
ok 1 - Equals
ok 2 - Equals
ok 3 - Equals
</system-out>
    <testcase name="Equals (400)" classname="spec_perl_TestNavParentSwitchCast_t" time="0.000523805618286133" />
    <testcase name="Equals (401)" classname="spec_perl_TestNavParentSwitchCast_t" time="9.51290130615234e-05" />
    <testcase name="Equals (402)" classname="spec_perl_TestNavParentSwitchCast_t" time="0.000108957290649414" />
  </testsuite>
  <testsuite name="spec_perl_TestProcessRepeatUsertype_t" errors="0" failures="0" skipped="0" tests="4" time="0.0413131713867188">
    <system-out>1..4
ok 1 - Equals
ok 2 - Equals
ok 3 - Equals
ok 4 - Equals
</system-out>
    <testcase name="Equals (403)" classname="spec_perl_TestProcessRepeatUsertype_t" time="0.000473976135253906" />
    <testcase name="Equals (404)" classname="spec_perl_TestProcessRepeatUsertype_t" time="8.08238983154297e-05" />
    <testcase name="Equals (405)" classname="spec_perl_TestProcessRepeatUsertype_t" time="0.000102996826171875" />
    <testcase name="Equals (406)" classname="spec_perl_TestProcessRepeatUsertype_t" time="0.000138044357299805" />
  </testsuite>
  <testsuite name="spec_perl_TestProcessCoerceSwitch_t" errors="0" failures="0" skipped="0" tests="3" time="0.0419659614562988">
    <system-out>1..3
ok 1 - Equals
ok 2 - Equals
ok 3 - Equals
</system-out>
    <testcase name="Equals (407)" classname="spec_perl_TestProcessCoerceSwitch_t" time="0.000480890274047852" />
    <testcase name="Equals (408)" classname="spec_perl_TestProcessCoerceSwitch_t" time="9.20295715332031e-05" />
    <testcase name="Equals (409)" classname="spec_perl_TestProcessCoerceSwitch_t" time="5.60283660888672e-05" />
  </testsuite>
  <testsuite name="spec_perl_TestEnumToI_t" errors="0" failures="0" skipped="0" tests="5" time="0.0419521331787109">
    <system-out>1..5
ok 1 - Equals
ok 2 - Equals
ok 3 - Equals
ok 4 - Equals
ok 5 - Equals
</system-out>
    <testcase name="Equals (410)" classname="spec_perl_TestEnumToI_t" time="0.000185012817382812" />
    <testcase name="Equals (411)" classname="spec_perl_TestEnumToI_t" time="8.79764556884766e-05" />
    <testcase name="Equals (412)" classname="spec_perl_TestEnumToI_t" time="0.000149011611938477" />
    <testcase name="Equals (413)" classname="spec_perl_TestEnumToI_t" time="0.000123977661132812" />
    <testcase name="Equals (414)" classname="spec_perl_TestEnumToI_t" time="0.000132083892822266" />
  </testsuite>
  <testsuite name="spec_perl_TestInstanceStdArray_t" errors="0" failures="0" skipped="0" tests="7" time="0.0438599586486816">
    <system-out>1..7
ok 1 - Equals
ok 2 - Equals
ok 3 - Equals
ok 4 - Equals
ok 5 - Equals
ok 6 - Equals
ok 7 - Equals
</system-out>
    <testcase name="Equals (415)" classname="spec_perl_TestInstanceStdArray_t" time="0.000275850296020508" />
    <testcase name="Equals (416)" classname="spec_perl_TestInstanceStdArray_t" time="0.000102043151855469" />
    <testcase name="Equals (417)" classname="spec_perl_TestInstanceStdArray_t" time="6.29425048828125e-05" />
    <testcase name="Equals (418)" classname="spec_perl_TestInstanceStdArray_t" time="0.000161170959472656" />
    <testcase name="Equals (419)" classname="spec_perl_TestInstanceStdArray_t" time="0.000131845474243164" />
    <testcase name="Equals (420)" classname="spec_perl_TestInstanceStdArray_t" time="0.000144004821777344" />
    <testcase name="Equals (421)" classname="spec_perl_TestInstanceStdArray_t" time="0.000121116638183594" />
  </testsuite>
  <testsuite name="spec_perl_TestStrLiterals2_t" errors="0" failures="0" skipped="0" tests="4" time="0.0426731109619141">
    <system-out>1..4
ok 1 - Equals
ok 2 - Equals
ok 3 - Equals
ok 4 - Equals
</system-out>
    <testcase name="Equals (422)" classname="spec_perl_TestStrLiterals2_t" time="0.000221967697143555" />
    <testcase name="Equals (423)" classname="spec_perl_TestStrLiterals2_t" time="9.98973846435547e-05" />
    <testcase name="Equals (424)" classname="spec_perl_TestStrLiterals2_t" time="0.000159025192260742" />
    <testcase name="Equals (425)" classname="spec_perl_TestStrLiterals2_t" time="0.000143051147460938" />
  </testsuite>
  <testsuite name="spec_perl_TestRepeatEosU4_t" errors="0" failures="0" skipped="0" tests="1" time="0.0445079803466797">
    <system-out>1..1
ok 1 - Equals
</system-out>
    <testcase name="Equals (426)" classname="spec_perl_TestRepeatEosU4_t" time="0.000250101089477539" />
  </testsuite>
  <testsuite name="spec_perl_TestCastToTop_t" errors="0" failures="0" skipped="0" tests="3" time="0.0414090156555176">
    <system-out>1..3
ok 1 - Equals
ok 2 - Equals
ok 3 - Equals
</system-out>
    <testcase name="Equals (427)" classname="spec_perl_TestCastToTop_t" time="0.000233888626098633" />
    <testcase name="Equals (428)" classname="spec_perl_TestCastToTop_t" time="0.0001220703125" />
    <testcase name="Equals (429)" classname="spec_perl_TestCastToTop_t" time="0.000164031982421875" />
  </testsuite>
  <testsuite name="spec_perl_TestProcessXorValue_t" errors="0" failures="0" skipped="0" tests="2" time="0.0421979427337646">
    <system-out>1..2
ok 1 - Equals
ok 2 - Equals
</system-out>
    <testcase name="Equals (430)" classname="spec_perl_TestProcessXorValue_t" time="0.000207901000976562" />
    <testcase name="Equals (431)" classname="spec_perl_TestProcessXorValue_t" time="7.29560852050781e-05" />
  </testsuite>
  <testsuite name="spec_perl_TestImportsCircularA_t" errors="0" failures="0" skipped="0" tests="5" time="0.0418739318847656">
    <system-out>1..5
ok 1 - Equals
ok 2 - Equals
ok 3 - Equals
ok 4 - Equals
ok 5 - Equals
</system-out>
[...]
    <testcase name="Equals (689)" classname="spec_perl_TestProcessCoerceBytes_t" time="0.000133037567138672" />
    <testcase name="Equals (690)" classname="spec_perl_TestProcessCoerceBytes_t" time="0.000130891799926758" />
  </testsuite>
  <testsuite name="spec_perl_TestFixedContents_t" errors="1" failures="0" skipped="0" tests="0" time="0.0533359050750732">
    <system-out></system-out>
    <testcase name="Test died too soon, even before plan. (690)" classname="spec_perl_TestFixedContents_t" time="0.0533359050750732">
      <failure message="The test suite died before a plan was produced. You need to have a plan." type="Plan">No plan</failure>
    </testcase>
  </testsuite>
  <testsuite name="spec_perl_TestNavParentOverride_t" errors="0" failures="0" skipped="0" tests="3" time="0.0436978340148926">
    <system-out>1..3
ok 1 - Equals
ok 2 - Equals
ok 3 - Equals
</system-out>
    <testcase name="Equals (691)" classname="spec_perl_TestNavParentOverride_t" time="0.000247001647949219" />
    <testcase name="Equals (692)" classname="spec_perl_TestNavParentOverride_t" time="7.51018524169922e-05" />
    <testcase name="Equals (693)" classname="spec_perl_TestNavParentOverride_t" time="0.000152826309204102" />
  </testsuite>
  <testsuite name="spec_perl_TestSwitchManualInt_t" errors="0" failures="0" skipped="0" tests="9" time="0.0457849502563477">
    <system-out>1..9
ok 1 - Equals
ok 2 - Equals
ok 3 - Equals
ok 4 - Equals
ok 5 - Equals
ok 6 - Equals
ok 7 - Equals
ok 8 - Equals
ok 9 - Equals
</system-out>
    <testcase name="Equals (694)" classname="spec_perl_TestSwitchManualInt_t" time="0.000288009643554688" />
    <testcase name="Equals (695)" classname="spec_perl_TestSwitchManualInt_t" time="8.20159912109375e-05" />
    <testcase name="Equals (696)" classname="spec_perl_TestSwitchManualInt_t" time="7.41481781005859e-05" />
    <testcase name="Equals (697)" classname="spec_perl_TestSwitchManualInt_t" time="0.000151872634887695" />
    <testcase name="Equals (698)" classname="spec_perl_TestSwitchManualInt_t" time="0.000123023986816406" />
    <testcase name="Equals (699)" classname="spec_perl_TestSwitchManualInt_t" time="0.000849008560180664" />
    <testcase name="Equals (700)" classname="spec_perl_TestSwitchManualInt_t" time="5.79357147216797e-05" />
    <testcase name="Equals (701)" classname="spec_perl_TestSwitchManualInt_t" time="3.60012054443359e-05" />
    <testcase name="Equals (702)" classname="spec_perl_TestSwitchManualInt_t" time="3.69548797607422e-05" />
  </testsuite>
  <testsuite name="spec_perl_TestDefaultEndianExprIsBe_t" errors="0" failures="0" skipped="0" tests="18" time="0.0461940765380859">
    <system-out>1..18
ok 1 - Equals
ok 2 - Equals
ok 3 - Equals
ok 4 - Equals
ok 5 - Equals
ok 6 - Equals
ok 7 - Equals
ok 8 - Equals
ok 9 - Equals
ok 10 - Equals
ok 11 - Equals
ok 12 - Equals
ok 13 - Equals
ok 14 - Equals
ok 15 - Equals
ok 16 - Equals
ok 17 - Equals
ok 18 - Equals
</system-out>
    <testcase name="Equals (703)" classname="spec_perl_TestDefaultEndianExprIsBe_t" time="0.00025486946105957" />
    <testcase name="Equals (704)" classname="spec_perl_TestDefaultEndianExprIsBe_t" time="7.91549682617188e-05" />
    <testcase name="Equals (705)" classname="spec_perl_TestDefaultEndianExprIsBe_t" time="0.000136852264404297" />
    <testcase name="Equals (706)" classname="spec_perl_TestDefaultEndianExprIsBe_t" time="0.000123977661132812" />
    <testcase name="Equals (707)" classname="spec_perl_TestDefaultEndianExprIsBe_t" time="0.000150203704833984" />
    <testcase name="Equals (708)" classname="spec_perl_TestDefaultEndianExprIsBe_t" time="0.000171899795532227" />
    <testcase name="Equals (709)" classname="spec_perl_TestDefaultEndianExprIsBe_t" time="0.000117063522338867" />
    <testcase name="Equals (710)" classname="spec_perl_TestDefaultEndianExprIsBe_t" time="0.000142812728881836" />
    <testcase name="Equals (711)" classname="spec_perl_TestDefaultEndianExprIsBe_t" time="0.000119209289550781" />
    <testcase name="Equals (712)" classname="spec_perl_TestDefaultEndianExprIsBe_t" time="0.000149965286254883" />
    <testcase name="Equals (713)" classname="spec_perl_TestDefaultEndianExprIsBe_t" time="0.000151872634887695" />
    <testcase name="Equals (714)" classname="spec_perl_TestDefaultEndianExprIsBe_t" time="0.000159978866577148" />
    <testcase name="Equals (715)" classname="spec_perl_TestDefaultEndianExprIsBe_t" time="0.000112056732177734" />
    <testcase name="Equals (716)" classname="spec_perl_TestDefaultEndianExprIsBe_t" time="0.000149011611938477" />
    <testcase name="Equals (717)" classname="spec_perl_TestDefaultEndianExprIsBe_t" time="0.000118017196655273" />
    <testcase name="Equals (718)" classname="spec_perl_TestDefaultEndianExprIsBe_t" time="0.000140905380249023" />
    <testcase name="Equals (719)" classname="spec_perl_TestDefaultEndianExprIsBe_t" time="0.000172138214111328" />
    <testcase name="Equals (720)" classname="spec_perl_TestDefaultEndianExprIsBe_t" time="0.000149965286254883" />
  </testsuite>
  <testsuite name="spec_perl_TestIfInstances_t" errors="0" failures="0" skipped="0" tests="1" time="0.0412750244140625">
    <system-out>1..1
ok 1 - nil
</system-out>
    <testcase name="nil (720)" classname="spec_perl_TestIfInstances_t" time="0.000150918960571289" />
  </testsuite>
  <testsuite name="spec_perl_TestEnumForUnknownId_t" errors="0" failures="0" skipped="0" tests="1" time="0.041579008102417">
    <system-out>1..1
ok 1 - Equals
</system-out>
    <testcase name="Equals (721)" classname="spec_perl_TestEnumForUnknownId_t" time="0.000201940536499023" />
  </testsuite>
  <testsuite name="spec_perl_TestExprIoPos_t" errors="0" failures="0" skipped="0" tests="6" time="0.0454161167144775">
    <system-out>1..6
ok 1 - Equals
ok 2 - Equals
ok 3 - Equals
ok 4 - Equals
ok 5 - Equals
ok 6 - Equals
</system-out>
    <testcase name="Equals (722)" classname="spec_perl_TestExprIoPos_t" time="0.000650882720947266" />
    <testcase name="Equals (723)" classname="spec_perl_TestExprIoPos_t" time="9.01222229003906e-05" />
    <testcase name="Equals (724)" classname="spec_perl_TestExprIoPos_t" time="5.79357147216797e-05" />
    <testcase name="Equals (725)" classname="spec_perl_TestExprIoPos_t" time="0.000152111053466797" />
    <testcase name="Equals (726)" classname="spec_perl_TestExprIoPos_t" time="0.000119924545288086" />
    <testcase name="Equals (727)" classname="spec_perl_TestExprIoPos_t" time="0.000133037567138672" />
  </testsuite>
  <testsuite name="spec_perl_TestParamsEnum_t" errors="0" failures="1" skipped="0" tests="2" time="0.0445151329040527">
    <system-out>1..2
ok 1 - Equals
not ok 2 - Equals
</system-out>
    <testcase name="Equals (728)" classname="spec_perl_TestParamsEnum_t" time="0.000217914581298828" />
    <testcase name="Equals (729)" classname="spec_perl_TestParamsEnum_t" time="0.00336313247680664">
      <failure message="not ok 2 - Equals" type="TAP::Parser::Result::Test"></failure>
    </testcase>
  </testsuite>
  <testsuite name="spec_perl_TestMultipleUse_t" errors="0" failures="0" skipped="0" tests="2" time="0.043766975402832">
    <system-out>1..2
ok 1 - Equals
ok 2 - Equals
</system-out>
    <testcase name="Equals (730)" classname="spec_perl_TestMultipleUse_t" time="0.000232219696044922" />
    <testcase name="Equals (731)" classname="spec_perl_TestMultipleUse_t" time="0.000121831893920898" />
  </testsuite>
  <testsuite name="spec_perl_TestIndexToParamEos_t" errors="0" failures="2" skipped="0" tests="7" time="0.0558309555053711">
    <system-out>1..7
ok 1 - Equals
ok 2 - Equals
ok 3 - Equals
ok 4 - Equals
ok 5 - Equals
not ok 6 - Equals
not ok 7 - Equals
</system-out>
    <testcase name="Equals (732)" classname="spec_perl_TestIndexToParamEos_t" time="0.00836491584777832" />
    <testcase name="Equals (733)" classname="spec_perl_TestIndexToParamEos_t" time="9.51290130615234e-05" />
    <testcase name="Equals (734)" classname="spec_perl_TestIndexToParamEos_t" time="4.1961669921875e-05" />
    <testcase name="Equals (735)" classname="spec_perl_TestIndexToParamEos_t" time="3.40938568115234e-05" />
    <testcase name="Equals (736)" classname="spec_perl_TestIndexToParamEos_t" time="3.09944152832031e-05" />
    <testcase name="Equals (737)" classname="spec_perl_TestIndexToParamEos_t" time="4.69684600830078e-05">
      <failure message="not ok 6 - Equals" type="TAP::Parser::Result::Test"></failure>
    </testcase>
    <testcase name="Equals (738)" classname="spec_perl_TestIndexToParamEos_t" time="3.19480895996094e-05">
      <failure message="not ok 7 - Equals" type="TAP::Parser::Result::Test"></failure>
    </testcase>
  </testsuite>
  <testsuite name="spec_perl_TestEnumFancy_t" errors="0" failures="0" skipped="0" tests="2" time="0.0415220260620117">
    <system-out>1..2
ok 1 - Equals
ok 2 - Equals
</system-out>
    <testcase name="Equals (739)" classname="spec_perl_TestEnumFancy_t" time="0.000203132629394531" />
    <testcase name="Equals (740)" classname="spec_perl_TestEnumFancy_t" time="7.10487365722656e-05" />
  </testsuite>
  <testsuite name="spec_perl_TestParamsPassArrayStr_t" errors="0" failures="1" skipped="6" tests="7" time="0.0504629611968994">
    <system-out>1..7
not ok 1 - test_params_pass_array_str died (Can't use an undefined value as an ARRAY reference at spec/perl/TestParamsPassArrayStr.t line 15.)
ok 2 # skip test_params_pass_array_str died
ok 3 # skip test_params_pass_array_str died
ok 4 # skip test_params_pass_array_str died
ok 5 # skip test_params_pass_array_str died
ok 6 # skip test_params_pass_array_str died
ok 7 # skip test_params_pass_array_str died
</system-out>
    <testcase name="test_params_pass_array_str died (Can't use an undefined value as an ARRAY reference at spec/perl/TestParamsPassArrayStr.t line 15.) (740)" classname="spec_perl_TestParamsPassArrayStr_t" time="0.000146150588989258">
      <failure message="not ok 1 - test_params_pass_array_str died (Can't use an undefined value as an ARRAY reference at spec/perl/TestParamsPassArrayStr.t line 15.)" type="TAP::Parser::Result::Test"></failure>
    </testcase>
    <testcase name="Unnamed test case 740" classname="spec_perl_TestParamsPassArrayStr_t" time="6.38961791992188e-05">
      <skipped message="ok 2 # skip test_params_pass_array_str died" />
    </testcase>
    <testcase name="Unnamed test case 741" classname="spec_perl_TestParamsPassArrayStr_t" time="4.1961669921875e-05">
      <skipped message="ok 3 # skip test_params_pass_array_str died" />
    </testcase>
    <testcase name="Unnamed test case 742" classname="spec_perl_TestParamsPassArrayStr_t" time="3.60012054443359e-05">
      <skipped message="ok 4 # skip test_params_pass_array_str died" />
    </testcase>
    <testcase name="Unnamed test case 743" classname="spec_perl_TestParamsPassArrayStr_t" time="4.00543212890625e-05">
      <skipped message="ok 5 # skip test_params_pass_array_str died" />
    </testcase>
    <testcase name="Unnamed test case 744" classname="spec_perl_TestParamsPassArrayStr_t" time="3.50475311279297e-05">
      <skipped message="ok 6 # skip test_params_pass_array_str died" />
    </testcase>
    <testcase name="Unnamed test case 745" classname="spec_perl_TestParamsPassArrayStr_t" time="3.50475311279297e-05">
      <skipped message="ok 7 # skip test_params_pass_array_str died" />
    </testcase>
  </testsuite>
  <testsuite name="spec_perl_TestNavParentFalse2_t" errors="0" failures="0" skipped="0" tests="1" time="0.0430088043212891">
    <system-out>1..1
ok 1 - Equals
</system-out>
    <testcase name="Equals (745)" classname="spec_perl_TestNavParentFalse2_t" time="0.000248908996582031" />
  </testsuite>
  <testsuite name="spec_perl_TestCombineBool_t" errors="0" failures="0" skipped="0" tests="2" time="0.0421571731567383">
    <system-out>1..2
ok 1 - Equals
ok 2 - Equals
</system-out>
    <testcase name="Equals (746)" classname="spec_perl_TestCombineBool_t" time="0.000219821929931641" />
    <testcase name="Equals (747)" classname="spec_perl_TestCombineBool_t" time="7.20024108886719e-05" />
  </testsuite>
  <testsuite name="spec_perl_TestParamsCallExtraParens_t" errors="0" failures="1" skipped="0" tests="1" time="0.0488638877868652">
    <system-out>1..1
not ok 1 - Equals
</system-out>
    <testcase name="Equals (748)" classname="spec_perl_TestParamsCallExtraParens_t" time="0.00222682952880859">
      <failure message="not ok 1 - Equals" type="TAP::Parser::Result::Test"></failure>
    </testcase>
  </testsuite>
  <testsuite name="spec_perl_TestNavParentSwitch_t" errors="0" failures="0" skipped="0" tests="3" time="0.0437581539154053">
    <system-out>1..3
ok 1 - Equals
ok 2 - Equals
ok 3 - Equals
</system-out>
    <testcase name="Equals (749)" classname="spec_perl_TestNavParentSwitch_t" time="0.000237226486206055" />
    <testcase name="Equals (750)" classname="spec_perl_TestNavParentSwitch_t" time="9.79900360107422e-05" />
    <testcase name="Equals (751)" classname="spec_perl_TestNavParentSwitch_t" time="0.000113964080810547" />
  </testsuite>
  <testsuite name="spec_perl_TestTermStrz_t" errors="0" failures="0" skipped="0" tests="3" time="0.0442090034484863">
    <system-out>1..3
ok 1 - Equals
ok 2 - Equals
ok 3 - Equals
</system-out>
    <testcase name="Equals (752)" classname="spec_perl_TestTermStrz_t" time="0.000296115875244141" />
    <testcase name="Equals (753)" classname="spec_perl_TestTermStrz_t" time="7.58171081542969e-05" />
    <testcase name="Equals (754)" classname="spec_perl_TestTermStrz_t" time="0.000158071517944336" />
  </testsuite>
  <testsuite name="spec_perl_TestCastNested_t" errors="0" failures="0" skipped="0" tests="4" time="0.045367956161499">
    <system-out>1..4
ok 1 - Equals
ok 2 - Equals
ok 3 - Equals
ok 4 - Equals
</system-out>
    <testcase name="Equals (755)" classname="spec_perl_TestCastNested_t" time="0.00030517578125" />
    <testcase name="Equals (756)" classname="spec_perl_TestCastNested_t" time="8.392333984375e-05" />
    <testcase name="Equals (757)" classname="spec_perl_TestCastNested_t" time="0.000115871429443359" />
    <testcase name="Equals (758)" classname="spec_perl_TestCastNested_t" time="0.000138044357299805" />
  </testsuite>
  <testsuite name="spec_perl_TestSwitchIntegers_t" errors="0" failures="0" skipped="0" tests="9" time="0.0819940567016602">
    <system-out>1..9
ok 1 - Equals
ok 2 - Equals
ok 3 - Equals
ok 4 - Equals
ok 5 - Equals
ok 6 - Equals
ok 7 - Equals
ok 8 - Equals
ok 9 - Equals
</system-out>
    <testcase name="Equals (759)" classname="spec_perl_TestSwitchIntegers_t" time="0.000776052474975586" />
    <testcase name="Equals (760)" classname="spec_perl_TestSwitchIntegers_t" time="0.000403881072998047" />
    <testcase name="Equals (761)" classname="spec_perl_TestSwitchIntegers_t" time="0.000312089920043945" />
    <testcase name="Equals (762)" classname="spec_perl_TestSwitchIntegers_t" time="0.000397920608520508" />
    <testcase name="Equals (763)" classname="spec_perl_TestSwitchIntegers_t" time="0.000400066375732422" />
    <testcase name="Equals (764)" classname="spec_perl_TestSwitchIntegers_t" time="0.000349998474121094" />
    <testcase name="Equals (765)" classname="spec_perl_TestSwitchIntegers_t" time="0.000330924987792969" />
    <testcase name="Equals (766)" classname="spec_perl_TestSwitchIntegers_t" time="0.000359058380126953" />
    <testcase name="Equals (767)" classname="spec_perl_TestSwitchIntegers_t" time="0.000382900238037109" />
  </testsuite>
  <testsuite name="spec_perl_TestParamsPassArrayUsertype_t" errors="0" failures="1" skipped="4" tests="5" time="0.0455489158630371">
    <system-out>1..5
not ok 1 - test_params_pass_array_usertype died (Can't use an undefined value as an ARRAY reference at compiled/perl/ParamsPassArrayUsertype.pm line 123.)
ok 2 # skip test_params_pass_array_usertype died
ok 3 # skip test_params_pass_array_usertype died
ok 4 # skip test_params_pass_array_usertype died
ok 5 # skip test_params_pass_array_usertype died
</system-out>
    <testcase name="test_params_pass_array_usertype died (Can't use an undefined value as an ARRAY reference at compiled/perl/ParamsPassArrayUsertype.pm line 123.) (767)" classname="spec_perl_TestParamsPassArrayUsertype_t" time="0.000288963317871094">
      <failure message="not ok 1 - test_params_pass_array_usertype died (Can't use an undefined value as an ARRAY reference at compiled/perl/ParamsPassArrayUsertype.pm line 123.)" type="TAP::Parser::Result::Test"></failure>
    </testcase>
    <testcase name="Unnamed test case 767" classname="spec_perl_TestParamsPassArrayUsertype_t" time="0.000399112701416016">
      <skipped message="ok 2 # skip test_params_pass_array_usertype died" />
    </testcase>
    <testcase name="Unnamed test case 768" classname="spec_perl_TestParamsPassArrayUsertype_t" time="0.000335931777954102">
      <skipped message="ok 3 # skip test_params_pass_array_usertype died" />
    </testcase>
    <testcase name="Unnamed test case 769" classname="spec_perl_TestParamsPassArrayUsertype_t" time="0.00032806396484375">
      <skipped message="ok 4 # skip test_params_pass_array_usertype died" />
    </testcase>
    <testcase name="Unnamed test case 770" classname="spec_perl_TestParamsPassArrayUsertype_t" time="0.000314950942993164">
      <skipped message="ok 5 # skip test_params_pass_array_usertype died" />
    </testcase>
  </testsuite>
  <testsuite name="spec_perl_TestNestedTypes_t" errors="0" failures="0" skipped="0" tests="3" time="0.0434820652008057">
    <system-out>1..3
ok 1 - Equals
ok 2 - Equals
ok 3 - Equals
</system-out>
    <testcase name="Equals (770)" classname="spec_perl_TestNestedTypes_t" time="0.000161886215209961" />
    <testcase name="Equals (771)" classname="spec_perl_TestNestedTypes_t" time="0.000121116638183594" />
    <testcase name="Equals (772)" classname="spec_perl_TestNestedTypes_t" time="0.000136852264404297" />
  </testsuite>
  <testsuite name="spec_perl_TestEnumImport_t" errors="0" failures="2" skipped="0" tests="2" time="0.0441551208496094">
    <system-out>1..2
not ok 1 - Equals
not ok 2 - Equals
</system-out>
    <testcase name="Equals (773)" classname="spec_perl_TestEnumImport_t" time="0.000116109848022461">
      <failure message="not ok 1 - Equals" type="TAP::Parser::Result::Test"></failure>
    </testcase>
    <testcase name="Equals (774)" classname="spec_perl_TestEnumImport_t" time="5.88893890380859e-05">
      <failure message="not ok 2 - Equals" type="TAP::Parser::Result::Test"></failure>
    </testcase>
  </testsuite>
  <testsuite name="spec_perl_TestBufferedStruct_t" errors="0" failures="0" skipped="0" tests="7" time="0.0426640510559082">
    <system-out>1..7
ok 1 - Equals
ok 2 - Equals
ok 3 - Equals
ok 4 - Equals
ok 5 - Equals
ok 6 - Equals
ok 7 - Equals
</system-out>
    <testcase name="Equals (775)" classname="spec_perl_TestBufferedStruct_t" time="0.000463008880615234" />
    <testcase name="Equals (776)" classname="spec_perl_TestBufferedStruct_t" time="8.10623168945312e-05" />
    <testcase name="Equals (777)" classname="spec_perl_TestBufferedStruct_t" time="9.60826873779297e-05" />
    <testcase name="Equals (778)" classname="spec_perl_TestBufferedStruct_t" time="0.000126838684082031" />
    <testcase name="Equals (779)" classname="spec_perl_TestBufferedStruct_t" time="0.000126123428344727" />
    <testcase name="Equals (780)" classname="spec_perl_TestBufferedStruct_t" time="0.00011897087097168" />
    <testcase name="Equals (781)" classname="spec_perl_TestBufferedStruct_t" time="0.000117063522338867" />
  </testsuite>
  <testsuite name="spec_perl_TestExpr0_t" errors="0" failures="0" skipped="0" tests="2" time="0.042870044708252">
    <system-out>1..2
ok 1 - Equals
ok 2 - Equals
</system-out>
    <testcase name="Equals (782)" classname="spec_perl_TestExpr0_t" time="0.000250101089477539" />
    <testcase name="Equals (783)" classname="spec_perl_TestExpr0_t" time="7.60555267333984e-05" />
  </testsuite>
</testsuites>
