<?xml version='1.0' encoding='utf-8'?>
<testsuites>
  <testsuite name="spec_perl_TestDefaultEndianExprIsBe_t" errors="1" failures="0" skipped="0" tests="0" time="0.0612688064575195">
    <system-out></system-out>
    <testcase name="Test died too soon, even before plan." classname="spec_perl_TestDefaultEndianExprIsBe_t" time="0.0612688064575195">
      <failure message="The test suite died before a plan was produced. You need to have a plan." type="Plan">No plan</failure>
    </testcase>
  </testsuite>
  <testsuite name="spec_perl_TestIndexToParamExpr_t" errors="1" failures="0" skipped="0" tests="0" time="0.0578761100769043">
    <system-out></system-out>
    <testcase name="Test died too soon, even before plan. (2)" classname="spec_perl_TestIndexToParamExpr_t" time="0.0578761100769043">
      <failure message="The test suite died before a plan was produced. You need to have a plan." type="Plan">No plan</failure>
    </testcase>
  </testsuite>
  <testsuite name="spec_perl_TestParamsPassUsertype_t" errors="1" failures="0" skipped="0" tests="0" time="0.0559420585632324">
    <system-out></system-out>
    <testcase name="Test died too soon, even before plan. (3)" classname="spec_perl_TestParamsPassUsertype_t" time="0.0559420585632324">
      <failure message="The test suite died before a plan was produced. You need to have a plan." type="Plan">No plan</failure>
    </testcase>
  </testsuite>
  <testsuite name="spec_perl_TestRepeatNStrz_t" errors="1" failures="0" skipped="0" tests="0" time="0.0545940399169922">
    <system-out></system-out>
    <testcase name="Test died too soon, even before plan. (4)" classname="spec_perl_TestRepeatNStrz_t" time="0.0545940399169922">
      <failure message="The test suite died before a plan was produced. You need to have a plan." type="Plan">No plan</failure>
    </testcase>
  </testsuite>
  <testsuite name="spec_perl_TestEnum1_t" errors="1" failures="0" skipped="0" tests="0" time="0.0604970455169678">
    <system-out></system-out>
    <testcase name="Test died too soon, even before plan. (5)" classname="spec_perl_TestEnum1_t" time="0.0604970455169678">
      <failure message="The test suite died before a plan was produced. You need to have a plan." type="Plan">No plan</failure>
    </testcase>
  </testsuite>
  <testsuite name="spec_perl_TestInstanceStdArray_t" errors="1" failures="0" skipped="0" tests="0" time="0.0572359561920166">
    <system-out></system-out>
    <testcase name="Test died too soon, even before plan. (6)" classname="spec_perl_TestInstanceStdArray_t" time="0.0572359561920166">
      <failure message="The test suite died before a plan was produced. You need to have a plan." type="Plan">No plan</failure>
    </testcase>
  </testsuite>
  <testsuite name="spec_perl_TestPositionInSeq_t" errors="1" failures="0" skipped="0" tests="0" time="0.0540471076965332">
    <system-out></system-out>
    <testcase name="Test died too soon, even before plan. (7)" classname="spec_perl_TestPositionInSeq_t" time="0.0540471076965332">
      <failure message="The test suite died before a plan was produced. You need to have a plan." type="Plan">No plan</failure>
    </testcase>
  </testsuite>
  <testsuite name="spec_perl_TestNestedTypes_t" errors="1" failures="0" skipped="0" tests="0" time="0.0555210113525391">
    <system-out></system-out>
    <testcase name="Test died too soon, even before plan. (8)" classname="spec_perl_TestNestedTypes_t" time="0.0555210113525391">
      <failure message="The test suite died before a plan was produced. You need to have a plan." type="Plan">No plan</failure>
    </testcase>
  </testsuite>
  <testsuite name="spec_perl_TestRepeatNStruct_t" errors="1" failures="0" skipped="0" tests="0" time="0.0543689727783203">
    <system-out></system-out>
    <testcase name="Test died too soon, even before plan. (9)" classname="spec_perl_TestRepeatNStruct_t" time="0.0543689727783203">
      <failure message="The test suite died before a plan was produced. You need to have a plan." type="Plan">No plan</failure>
    </testcase>
  </testsuite>
  <testsuite name="spec_perl_TestBitsSimple_t" errors="1" failures="0" skipped="0" tests="0" time="0.0575659275054932">
    <system-out></system-out>
    <testcase name="Test died too soon, even before plan. (10)" classname="spec_perl_TestBitsSimple_t" time="0.0575659275054932">
      <failure message="The test suite died before a plan was produced. You need to have a plan." type="Plan">No plan</failure>
    </testcase>
  </testsuite>
  <testsuite name="spec_perl_TestFloatingPoints_t" errors="1" failures="0" skipped="0" tests="0" time="0.0542459487915039">
    <system-out></system-out>
    <testcase name="Test died too soon, even before plan. (11)" classname="spec_perl_TestFloatingPoints_t" time="0.0542459487915039">
      <failure message="The test suite died before a plan was produced. You need to have a plan." type="Plan">No plan</failure>
    </testcase>
  </testsuite>
  <testsuite name="spec_perl_TestDefaultBigEndian_t" errors="1" failures="0" skipped="0" tests="0" time="0.0611600875854492">
    <system-out></system-out>
    <testcase name="Test died too soon, even before plan. (12)" classname="spec_perl_TestDefaultBigEndian_t" time="0.0611600875854492">
      <failure message="The test suite died before a plan was produced. You need to have a plan." type="Plan">No plan</failure>
    </testcase>
  </testsuite>
  <testsuite name="spec_perl_TestRepeatUntilS4_t" errors="1" failures="0" skipped="0" tests="0" time="0.0548288822174072">
    <system-out></system-out>
    <testcase name="Test died too soon, even before plan. (13)" classname="spec_perl_TestRepeatUntilS4_t" time="0.0548288822174072">
      <failure message="The test suite died before a plan was produced. You need to have a plan." type="Plan">No plan</failure>
    </testcase>
  </testsuite>
  <testsuite name="spec_perl_TestSwitchIntegers2_t" errors="1" failures="0" skipped="0" tests="0" time="0.0548830032348633">
    <system-out></system-out>
    <testcase name="Test died too soon, even before plan. (14)" classname="spec_perl_TestSwitchIntegers2_t" time="0.0548830032348633">
      <failure message="The test suite died before a plan was produced. You need to have a plan." type="Plan">No plan</failure>
    </testcase>
  </testsuite>
  <testsuite name="spec_perl_TestExprMod_t" errors="1" failures="0" skipped="0" tests="0" time="0.0542168617248535">
    <system-out></system-out>
    <testcase name="Test died too soon, even before plan. (15)" classname="spec_perl_TestExprMod_t" time="0.0542168617248535">
      <failure message="The test suite died before a plan was produced. You need to have a plan." type="Plan">No plan</failure>
    </testcase>
  </testsuite>
  <testsuite name="spec_perl_TestExprArray_t" errors="1" failures="0" skipped="0" tests="0" time="0.0542111396789551">
    <system-out></system-out>
    <testcase name="Test died too soon, even before plan. (16)" classname="spec_perl_TestExprArray_t" time="0.0542111396789551">
      <failure message="The test suite died before a plan was produced. You need to have a plan." type="Plan">No plan</failure>
    </testcase>
  </testsuite>
  <testsuite name="spec_perl_TestBufferedStruct_t" errors="1" failures="0" skipped="0" tests="0" time="0.0584180355072021">
    <system-out></system-out>
    <testcase name="Test died too soon, even before plan. (17)" classname="spec_perl_TestBufferedStruct_t" time="0.0584180355072021">
      <failure message="The test suite died before a plan was produced. You need to have a plan." type="Plan">No plan</failure>
    </testcase>
  </testsuite>
  <testsuite name="spec_perl_TestNestedTypes2_t" errors="1" failures="0" skipped="0" tests="0" time="0.0564498901367188">
    <system-out></system-out>
    <testcase name="Test died too soon, even before plan. (18)" classname="spec_perl_TestNestedTypes2_t" time="0.0564498901367188">
      <failure message="The test suite died before a plan was produced. You need to have a plan." type="Plan">No plan</failure>
    </testcase>
  </testsuite>
  <testsuite name="spec_perl_TestFixedStruct_t" errors="1" failures="0" skipped="0" tests="0" time="0.0554850101470947">
    <system-out></system-out>
    <testcase name="Test died too soon, even before plan. (19)" classname="spec_perl_TestFixedStruct_t" time="0.0554850101470947">
      <failure message="The test suite died before a plan was produced. You need to have a plan." type="Plan">No plan</failure>
    </testcase>
  </testsuite>
  <testsuite name="spec_perl_TestExprSizeofType0_t" errors="1" failures="0" skipped="0" tests="0" time="0.0556650161743164">
    <system-out></system-out>
    <testcase name="Test died too soon, even before plan. (20)" classname="spec_perl_TestExprSizeofType0_t" time="0.0556650161743164">
      <failure message="The test suite died before a plan was produced. You need to have a plan." type="Plan">No plan</failure>
    </testcase>
  </testsuite>
  <testsuite name="spec_perl_TestOpaqueExternalType_t" errors="1" failures="0" skipped="0" tests="0" time="0.0556960105895996">
    <system-out></system-out>
    <testcase name="Test died too soon, even before plan. (21)" classname="spec_perl_TestOpaqueExternalType_t" time="0.0556960105895996">
      <failure message="The test suite died before a plan was produced. You need to have a plan." type="Plan">No plan</failure>
    </testcase>
  </testsuite>
  <testsuite name="spec_perl_TestDefaultEndianExprIsLe_t" errors="1" failures="0" skipped="0" tests="0" time="0.0591249465942383">
    <system-out></system-out>
    <testcase name="Test died too soon, even before plan. (22)" classname="spec_perl_TestDefaultEndianExprIsLe_t" time="0.0591249465942383">
      <failure message="The test suite died before a plan was produced. You need to have a plan." type="Plan">No plan</failure>
    </testcase>
  </testsuite>
  <testsuite name="spec_perl_TestSwitchManualStrElse_t" errors="1" failures="0" skipped="0" tests="0" time="0.0547988414764404">
    <system-out></system-out>
    <testcase name="Test died too soon, even before plan. (23)" classname="spec_perl_TestSwitchManualStrElse_t" time="0.0547988414764404">
      <failure message="The test suite died before a plan was produced. You need to have a plan." type="Plan">No plan</failure>
    </testcase>
  </testsuite>
  <testsuite name="spec_perl_TestTypeTernary_t" errors="1" failures="0" skipped="0" tests="0" time="0.056210994720459">
    <system-out></system-out>
    <testcase name="Test died too soon, even before plan. (24)" classname="spec_perl_TestTypeTernary_t" time="0.056210994720459">
      <failure message="The test suite died before a plan was produced. You need to have a plan." type="Plan">No plan</failure>
    </testcase>
  </testsuite>
  <testsuite name="spec_perl_TestOptionalId_t" errors="1" failures="0" skipped="0" tests="0" time="0.0530581474304199">
    <system-out></system-out>
    <testcase name="Test died too soon, even before plan. (25)" classname="spec_perl_TestOptionalId_t" time="0.0530581474304199">
      <failure message="The test suite died before a plan was produced. You need to have a plan." type="Plan">No plan</failure>
    </testcase>
  </testsuite>
  <testsuite name="spec_perl_TestProcessRotate_t" errors="1" failures="0" skipped="0" tests="0" time="0.0609080791473389">
    <system-out></system-out>
    <testcase name="Test died too soon, even before plan. (26)" classname="spec_perl_TestProcessRotate_t" time="0.0609080791473389">
      <failure message="The test suite died before a plan was produced. You need to have a plan." type="Plan">No plan</failure>
    </testcase>
  </testsuite>
  <testsuite name="spec_perl_TestExprSizeofValueSized_t" errors="1" failures="0" skipped="0" tests="0" time="0.0537419319152832">
    <system-out></system-out>
    <testcase name="Test died too soon, even before plan. (27)" classname="spec_perl_TestExprSizeofValueSized_t" time="0.0537419319152832">
      <failure message="The test suite died before a plan was produced. You need to have a plan." type="Plan">No plan</failure>
    </testcase>
  </testsuite>
  <testsuite name="spec_perl_TestDocstringsDocref_t" errors="1" failures="0" skipped="0" tests="0" time="0.0619120597839355">
    <system-out></system-out>
    <testcase name="Test died too soon, even before plan. (28)" classname="spec_perl_TestDocstringsDocref_t" time="0.0619120597839355">
      <failure message="The test suite died before a plan was produced. You need to have a plan." type="Plan">No plan</failure>
    </testcase>
  </testsuite>
  <testsuite name="spec_perl_TestNavParentOverride_t" errors="1" failures="0" skipped="0" tests="0" time="0.0556640625">
    <system-out></system-out>
    <testcase name="Test died too soon, even before plan. (29)" classname="spec_perl_TestNavParentOverride_t" time="0.0556640625">
      <failure message="The test suite died before a plan was produced. You need to have a plan." type="Plan">No plan</failure>
    </testcase>
  </testsuite>
  <testsuite name="spec_perl_TestStrPadTerm_t" errors="1" failures="0" skipped="0" tests="0" time="0.0540859699249268">
    <system-out></system-out>
    <testcase name="Test died too soon, even before plan. (30)" classname="spec_perl_TestStrPadTerm_t" time="0.0540859699249268">
      <failure message="The test suite died before a plan was produced. You need to have a plan." type="Plan">No plan</failure>
    </testcase>
  </testsuite>
  <testsuite name="spec_perl_TestRepeatEosU4_t" errors="1" failures="0" skipped="0" tests="0" time="0.0536749362945557">
    <system-out></system-out>
    <testcase name="Test died too soon, even before plan. (31)" classname="spec_perl_TestRepeatEosU4_t" time="0.0536749362945557">
      <failure message="The test suite died before a plan was produced. You need to have a plan." type="Plan">No plan</failure>
    </testcase>
  </testsuite>
  <testsuite name="spec_perl_TestInstanceUserArray_t" errors="1" failures="0" skipped="0" tests="0" time="0.0556550025939941">
    <system-out></system-out>
    <testcase name="Test died too soon, even before plan. (32)" classname="spec_perl_TestInstanceUserArray_t" time="0.0556550025939941">
      <failure message="The test suite died before a plan was produced. You need to have a plan." type="Plan">No plan</failure>
    </testcase>
  </testsuite>
  <testsuite name="spec_perl_TestImportsCircularA_t" errors="1" failures="0" skipped="0" tests="0" time="0.0595128536224365">
    <system-out></system-out>
    <testcase name="Test died too soon, even before plan. (33)" classname="spec_perl_TestImportsCircularA_t" time="0.0595128536224365">
      <failure message="The test suite died before a plan was produced. You need to have a plan." type="Plan">No plan</failure>
    </testcase>
  </testsuite>
  <testsuite name="spec_perl_TestStrLiterals_t" errors="1" failures="0" skipped="0" tests="0" time="0.055495023727417">
    <system-out></system-out>
    <testcase name="Test died too soon, even before plan. (34)" classname="spec_perl_TestStrLiterals_t" time="0.055495023727417">
      <failure message="The test suite died before a plan was produced. You need to have a plan." type="Plan">No plan</failure>
    </testcase>
  </testsuite>
  <testsuite name="spec_perl_TestEofExceptionU4_t" errors="1" failures="0" skipped="0" tests="0" time="0.0551819801330566">
    <system-out></system-out>
    <testcase name="Test died too soon, even before plan. (35)" classname="spec_perl_TestEofExceptionU4_t" time="0.0551819801330566">
      <failure message="The test suite died before a plan was produced. You need to have a plan." type="Plan">No plan</failure>
    </testcase>
  </testsuite>
  <testsuite name="spec_perl_TestImports0_t" errors="1" failures="0" skipped="0" tests="0" time="0.0547349452972412">
    <system-out></system-out>
    <testcase name="Test died too soon, even before plan. (36)" classname="spec_perl_TestImports0_t" time="0.0547349452972412">
      <failure message="The test suite died before a plan was produced. You need to have a plan." type="Plan">No plan</failure>
    </testcase>
  </testsuite>
  <testsuite name="spec_perl_TestIndexToParamEos_t" errors="1" failures="0" skipped="0" tests="0" time="0.0600099563598633">
    <system-out></system-out>
    <testcase name="Test died too soon, even before plan. (37)" classname="spec_perl_TestIndexToParamEos_t" time="0.0600099563598633">
      <failure message="The test suite died before a plan was produced. You need to have a plan." type="Plan">No plan</failure>
    </testcase>
  </testsuite>
  <testsuite name="spec_perl_TestNestedSameName2_t" errors="1" failures="0" skipped="0" tests="0" time="0.056920051574707">
    <system-out></system-out>
    <testcase name="Test died too soon, even before plan. (38)" classname="spec_perl_TestNestedSameName2_t" time="0.056920051574707">
      <failure message="The test suite died before a plan was produced. You need to have a plan." type="Plan">No plan</failure>
    </testcase>
  </testsuite>
  <testsuite name="spec_perl_TestProcessCoerceUsertype1_t" errors="1" failures="0" skipped="0" tests="0" time="0.0579948425292969">
    <system-out></system-out>
    <testcase name="Test died too soon, even before plan. (39)" classname="spec_perl_TestProcessCoerceUsertype1_t" time="0.0579948425292969">
      <failure message="The test suite died before a plan was produced. You need to have a plan." type="Plan">No plan</failure>
    </testcase>
  </testsuite>
  <testsuite name="spec_perl_TestTypeIntUnaryOp_t" errors="1" failures="0" skipped="0" tests="0" time="0.0599339008331299">
    <system-out></system-out>
    <testcase name="Test died too soon, even before plan. (40)" classname="spec_perl_TestTypeIntUnaryOp_t" time="0.0599339008331299">
      <failure message="The test suite died before a plan was produced. You need to have a plan." type="Plan">No plan</failure>
    </testcase>
  </testsuite>
  <testsuite name="spec_perl_TestPositionToEnd_t" errors="1" failures="0" skipped="0" tests="0" time="0.0542738437652588">
    <system-out></system-out>
    <testcase name="Test died too soon, even before plan. (41)" classname="spec_perl_TestPositionToEnd_t" time="0.0542738437652588">
      <failure message="The test suite died before a plan was produced. You need to have a plan." type="Plan">No plan</failure>
    </testcase>
  </testsuite>
  <testsuite name="spec_perl_TestMetaXref_t" errors="1" failures="0" skipped="0" tests="0" time="0.055689811706543">
    <system-out></system-out>
    <testcase name="Test died too soon, even before plan. (42)" classname="spec_perl_TestMetaXref_t" time="0.055689811706543">
      <failure message="The test suite died before a plan was produced. You need to have a plan." type="Plan">No plan</failure>
    </testcase>
  </testsuite>
  <testsuite name="spec_perl_TestNavParentFalse_t" errors="1" failures="0" skipped="0" tests="0" time="0.058276891708374">
    <system-out></system-out>
    <testcase name="Test died too soon, even before plan. (43)" classname="spec_perl_TestNavParentFalse_t" time="0.058276891708374">
      <failure message="The test suite died before a plan was produced. You need to have a plan." type="Plan">No plan</failure>
    </testcase>
  </testsuite>
  <testsuite name="spec_perl_TestRepeatUntilSized_t" errors="1" failures="0" skipped="0" tests="0" time="0.0502550601959229">
    <system-out></system-out>
    <testcase name="Test died too soon, even before plan. (44)" classname="spec_perl_TestRepeatUntilSized_t" time="0.0502550601959229">
      <failure message="The test suite died before a plan was produced. You need to have a plan." type="Plan">No plan</failure>
    </testcase>
  </testsuite>
  <testsuite name="spec_perl_TestExprIoEof_t" errors="1" failures="0" skipped="0" tests="0" time="0.0563061237335205">
    <system-out></system-out>
    <testcase name="Test died too soon, even before plan. (45)" classname="spec_perl_TestExprIoEof_t" time="0.0563061237335205">
      <failure message="The test suite died before a plan was produced. You need to have a plan." type="Plan">No plan</failure>
    </testcase>
  </testsuite>
  <testsuite name="spec_perl_TestNavParentSwitch_t" errors="1" failures="0" skipped="0" tests="0" time="0.0603768825531006">
    <system-out></system-out>
    <testcase name="Test died too soon, even before plan. (46)" classname="spec_perl_TestNavParentSwitch_t" time="0.0603768825531006">
      <failure message="The test suite died before a plan was produced. You need to have a plan." type="Plan">No plan</failure>
    </testcase>
  </testsuite>
  <testsuite name="spec_perl_TestIfInstances_t" errors="1" failures="0" skipped="0" tests="0" time="0.0552361011505127">
    <system-out></system-out>
    <testcase name="Test died too soon, even before plan. (47)" classname="spec_perl_TestIfInstances_t" time="0.0552361011505127">
      <failure message="The test suite died before a plan was produced. You need to have a plan." type="Plan">No plan</failure>
    </testcase>
  </testsuite>
  <testsuite name="spec_perl_TestEnumFancy_t" errors="1" failures="0" skipped="0" tests="0" time="0.0561909675598145">
    <system-out></system-out>
    <testcase name="Test died too soon, even before plan. (48)" classname="spec_perl_TestEnumFancy_t" time="0.0561909675598145">
      <failure message="The test suite died before a plan was produced. You need to have a plan." type="Plan">No plan</failure>
    </testcase>
  </testsuite>
  <testsuite name="spec_perl_TestDefaultEndianMod_t" errors="1" failures="0" skipped="0" tests="0" time="0.0572681427001953">
    <system-out></system-out>
    <testcase name="Test died too soon, even before plan. (49)" classname="spec_perl_TestDefaultEndianMod_t" time="0.0572681427001953">
      <failure message="The test suite died before a plan was produced. You need to have a plan." type="Plan">No plan</failure>
    </testcase>
  </testsuite>
  <testsuite name="spec_perl_TestYamlInts_t" errors="1" failures="0" skipped="0" tests="0" time="0.0545570850372314">
    <system-out></system-out>
    <testcase name="Test died too soon, even before plan. (50)" classname="spec_perl_TestYamlInts_t" time="0.0545570850372314">
      <failure message="The test suite died before a plan was produced. You need to have a plan." type="Plan">No plan</failure>
    </testcase>
  </testsuite>
  <testsuite name="spec_perl_TestEnumForUnknownId_t" errors="1" failures="0" skipped="0" tests="0" time="0.0561270713806152">
    <system-out></system-out>
    <testcase name="Test died too soon, even before plan. (51)" classname="spec_perl_TestEnumForUnknownId_t" time="0.0561270713806152">
      <failure message="The test suite died before a plan was produced. You need to have a plan." type="Plan">No plan</failure>
    </testcase>
  </testsuite>
  <testsuite name="spec_perl_TestSwitchMultiBoolOps_t" errors="1" failures="0" skipped="0" tests="0" time="0.0540840625762939">
    <system-out></system-out>
    <testcase name="Test died too soon, even before plan. (52)" classname="spec_perl_TestSwitchMultiBoolOps_t" time="0.0540840625762939">
      <failure message="The test suite died before a plan was produced. You need to have a plan." type="Plan">No plan</failure>
    </testcase>
  </testsuite>
  <testsuite name="spec_perl_TestSwitchCast_t" errors="1" failures="0" skipped="0" tests="0" time="0.0605859756469727">
    <system-out></system-out>
    <testcase name="Test died too soon, even before plan. (53)" classname="spec_perl_TestSwitchCast_t" time="0.0605859756469727">
      <failure message="The test suite died before a plan was produced. You need to have a plan." type="Plan">No plan</failure>
    </testcase>
  </testsuite>
  <testsuite name="spec_perl_TestMultipleUse_t" errors="1" failures="0" skipped="0" tests="0" time="0.0550801753997803">
    <system-out></system-out>
    <testcase name="Test died too soon, even before plan. (54)" classname="spec_perl_TestMultipleUse_t" time="0.0550801753997803">
      <failure message="The test suite died before a plan was produced. You need to have a plan." type="Plan">No plan</failure>
    </testcase>
  </testsuite>
  <testsuite name="spec_perl_TestTermStrz_t" errors="1" failures="0" skipped="0" tests="0" time="0.054487943649292">
    <system-out></system-out>
    <testcase name="Test died too soon, even before plan. (55)" classname="spec_perl_TestTermStrz_t" time="0.054487943649292">
      <failure message="The test suite died before a plan was produced. You need to have a plan." type="Plan">No plan</failure>
    </testcase>
  </testsuite>
  <testsuite name="spec_perl_TestBitsByteAligned_t" errors="1" failures="0" skipped="0" tests="0" time="0.0614840984344482">
    <system-out></system-out>
    <testcase name="Test died too soon, even before plan. (56)" classname="spec_perl_TestBitsByteAligned_t" time="0.0614840984344482">
      <failure message="The test suite died before a plan was produced. You need to have a plan." type="Plan">No plan</failure>
    </testcase>
  </testsuite>
  <testsuite name="spec_perl_TestBcdUserTypeLe_t" errors="1" failures="0" skipped="0" tests="0" time="0.0534451007843018">
    <system-out></system-out>
    <testcase name="Test died too soon, even before plan. (57)" classname="spec_perl_TestBcdUserTypeLe_t" time="0.0534451007843018">
      <failure message="The test suite died before a plan was produced. You need to have a plan." type="Plan">No plan</failure>
    </testcase>
  </testsuite>
  <testsuite name="spec_perl_TestEnumToI_t" errors="1" failures="0" skipped="0" tests="0" time="0.0550408363342285">
    <system-out></system-out>
    <testcase name="Test died too soon, even before plan. (58)" classname="spec_perl_TestEnumToI_t" time="0.0550408363342285">
      <failure message="The test suite died before a plan was produced. You need to have a plan." type="Plan">No plan</failure>
    </testcase>
  </testsuite>
  <testsuite name="spec_perl_TestInstanceIoUser_t" errors="1" failures="0" skipped="0" tests="0" time="0.0587830543518066">
    <system-out></system-out>
    <testcase name="Test died too soon, even before plan. (59)" classname="spec_perl_TestInstanceIoUser_t" time="0.0587830543518066">
      <failure message="The test suite died before a plan was produced. You need to have a plan." type="Plan">No plan</failure>
    </testcase>
  </testsuite>
  <testsuite name="spec_perl_TestProcessXorConst_t" errors="1" failures="0" skipped="0" tests="0" time="0.0546400547027588">
    <system-out></system-out>
    <testcase name="Test died too soon, even before plan. (60)" classname="spec_perl_TestProcessXorConst_t" time="0.0546400547027588">
      <failure message="The test suite died before a plan was produced. You need to have a plan." type="Plan">No plan</failure>
    </testcase>
  </testsuite>
  <testsuite name="spec_perl_TestNavParent3_t" errors="1" failures="0" skipped="0" tests="0" time="0.0566000938415527">
    <system-out></system-out>
    <testcase name="Test died too soon, even before plan. (61)" classname="spec_perl_TestNavParent3_t" time="0.0566000938415527">
      <failure message="The test suite died before a plan was produced. You need to have a plan." type="Plan">No plan</failure>
    </testcase>
  </testsuite>
  <testsuite name="spec_perl_TestBitsEnum_t" errors="1" failures="0" skipped="0" tests="0" time="0.0600211620330811">
    <system-out></system-out>
    <testcase name="Test died too soon, even before plan. (62)" classname="spec_perl_TestBitsEnum_t" time="0.0600211620330811">
      <failure message="The test suite died before a plan was produced. You need to have a plan." type="Plan">No plan</failure>
    </testcase>
  </testsuite>
  <testsuite name="spec_perl_TestCastToImported_t" errors="1" failures="0" skipped="0" tests="0" time="0.0583279132843018">
    <system-out></system-out>
    <testcase name="Test died too soon, even before plan. (63)" classname="spec_perl_TestCastToImported_t" time="0.0583279132843018">
      <failure message="The test suite died before a plan was produced. You need to have a plan." type="Plan">No plan</failure>
    </testcase>
  </testsuite>
  <testsuite name="spec_perl_TestRepeatUntilComplex_t" errors="1" failures="0" skipped="0" tests="0" time="0.056067943572998">
    <system-out></system-out>
    <testcase name="Test died too soon, even before plan. (64)" classname="spec_perl_TestRepeatUntilComplex_t" time="0.056067943572998">
      <failure message="The test suite died before a plan was produced. You need to have a plan." type="Plan">No plan</failure>
    </testcase>
  </testsuite>
  <testsuite name="spec_perl_TestEnumDeepLiterals_t" errors="1" failures="0" skipped="0" tests="0" time="0.0587990283966064">
    <system-out></system-out>
    <testcase name="Test died too soon, even before plan. (65)" classname="spec_perl_TestEnumDeepLiterals_t" time="0.0587990283966064">
      <failure message="The test suite died before a plan was produced. You need to have a plan." type="Plan">No plan</failure>
    </testcase>
  </testsuite>
  <testsuite name="spec_perl_TestSwitchManualEnum_t" errors="1" failures="0" skipped="0" tests="0" time="0.0556738376617432">
    <system-out></system-out>
    <testcase name="Test died too soon, even before plan. (66)" classname="spec_perl_TestSwitchManualEnum_t" time="0.0556738376617432">
      <failure message="The test suite died before a plan was produced. You need to have a plan." type="Plan">No plan</failure>
    </testcase>
  </testsuite>
  <testsuite name="spec_perl_TestSwitchIntegers_t" errors="1" failures="0" skipped="0" tests="0" time="0.0563371181488037">
    <system-out></system-out>
    <testcase name="Test died too soon, even before plan. (67)" classname="spec_perl_TestSwitchIntegers_t" time="0.0563371181488037">
      <failure message="The test suite died before a plan was produced. You need to have a plan." type="Plan">No plan</failure>
    </testcase>
  </testsuite>
  <testsuite name="spec_perl_TestIfStruct_t" errors="1" failures="0" skipped="0" tests="0" time="0.0564360618591309">
    <system-out></system-out>
    <testcase name="Test died too soon, even before plan. (68)" classname="spec_perl_TestIfStruct_t" time="0.0564360618591309">
      <failure message="The test suite died before a plan was produced. You need to have a plan." type="Plan">No plan</failure>
    </testcase>
  </testsuite>
  <testsuite name="spec_perl_TestImportsAbs_t" errors="1" failures="0" skipped="0" tests="0" time="0.0548582077026367">
    <system-out></system-out>
    <testcase name="Test died too soon, even before plan. (69)" classname="spec_perl_TestImportsAbs_t" time="0.0548582077026367">
      <failure message="The test suite died before a plan was produced. You need to have a plan." type="Plan">No plan</failure>
    </testcase>
  </testsuite>
  <testsuite name="spec_perl_TestExprEnum_t" errors="1" failures="0" skipped="0" tests="0" time="0.0558359622955322">
    <system-out></system-out>
    <testcase name="Test died too soon, even before plan. (70)" classname="spec_perl_TestExprEnum_t" time="0.0558359622955322">
      <failure message="The test suite died before a plan was produced. You need to have a plan." type="Plan">No plan</failure>
    </testcase>
  </testsuite>
  <testsuite name="spec_perl_TestBcdUserTypeBe_t" errors="1" failures="0" skipped="0" tests="0" time="0.0541870594024658">
    <system-out></system-out>
    <testcase name="Test died too soon, even before plan. (71)" classname="spec_perl_TestBcdUserTypeBe_t" time="0.0541870594024658">
      <failure message="The test suite died before a plan was produced. You need to have a plan." type="Plan">No plan</failure>
    </testcase>
  </testsuite>
  <testsuite name="spec_perl_TestExpr2_t" errors="1" failures="0" skipped="0" tests="0" time="0.0566940307617188">
    <system-out></system-out>
    <testcase name="Test died too soon, even before plan. (72)" classname="spec_perl_TestExpr2_t" time="0.0566940307617188">
      <failure message="The test suite died before a plan was produced. You need to have a plan." type="Plan">No plan</failure>
    </testcase>
  </testsuite>
  <testsuite name="spec_perl_TestTermBytes_t" errors="1" failures="0" skipped="0" tests="0" time="0.0547280311584473">
    <system-out></system-out>
    <testcase name="Test died too soon, even before plan. (73)" classname="spec_perl_TestTermBytes_t" time="0.0547280311584473">
      <failure message="The test suite died before a plan was produced. You need to have a plan." type="Plan">No plan</failure>
    </testcase>
  </testsuite>
  <testsuite name="spec_perl_TestJsSignedRightShift_t" errors="1" failures="0" skipped="0" tests="0" time="0.0571448802947998">
    <system-out></system-out>
    <testcase name="Test died too soon, even before plan. (74)" classname="spec_perl_TestJsSignedRightShift_t" time="0.0571448802947998">
      <failure message="The test suite died before a plan was produced. You need to have a plan." type="Plan">No plan</failure>
    </testcase>
  </testsuite>
  <testsuite name="spec_perl_TestDocstrings_t" errors="1" failures="0" skipped="0" tests="0" time="0.0568227767944336">
    <system-out></system-out>
    <testcase name="Test died too soon, even before plan. (75)" classname="spec_perl_TestDocstrings_t" time="0.0568227767944336">
      <failure message="The test suite died before a plan was produced. You need to have a plan." type="Plan">No plan</failure>
    </testcase>
  </testsuite>
  <testsuite name="spec_perl_TestExprIoPos_t" errors="1" failures="0" skipped="0" tests="0" time="0.0551900863647461">
    <system-out></system-out>
    <testcase name="Test died too soon, even before plan. (76)" classname="spec_perl_TestExprIoPos_t" time="0.0551900863647461">
      <failure message="The test suite died before a plan was produced. You need to have a plan." type="Plan">No plan</failure>
    </testcase>
  </testsuite>
  <testsuite name="spec_perl_TestUserType_t" errors="1" failures="0" skipped="0" tests="0" time="0.0568010807037354">
    <system-out></system-out>
    <testcase name="Test died too soon, even before plan. (77)" classname="spec_perl_TestUserType_t" time="0.0568010807037354">
      <failure message="The test suite died before a plan was produced. You need to have a plan." type="Plan">No plan</failure>
    </testcase>
  </testsuite>
  <testsuite name="spec_perl_TestStrPadTermEmpty_t" errors="1" failures="0" skipped="0" tests="0" time="0.0543661117553711">
    <system-out></system-out>
    <testcase name="Test died too soon, even before plan. (78)" classname="spec_perl_TestStrPadTermEmpty_t" time="0.0543661117553711">
      <failure message="The test suite died before a plan was produced. You need to have a plan." type="Plan">No plan</failure>
    </testcase>
  </testsuite>
  <testsuite name="spec_perl_TestIndexSizes_t" errors="1" failures="0" skipped="0" tests="0" time="0.0600700378417969">
    <system-out></system-out>
    <testcase name="Test died too soon, even before plan. (79)" classname="spec_perl_TestIndexSizes_t" time="0.0600700378417969">
      <failure message="The test suite died before a plan was produced. You need to have a plan." type="Plan">No plan</failure>
    </testcase>
  </testsuite>
  <testsuite name="spec_perl_TestRepeatEosStruct_t" errors="1" failures="0" skipped="0" tests="0" time="0.0545651912689209">
    <system-out></system-out>
    <testcase name="Test died too soon, even before plan. (80)" classname="spec_perl_TestRepeatEosStruct_t" time="0.0545651912689209">
      <failure message="The test suite died before a plan was produced. You need to have a plan." type="Plan">No plan</failure>
    </testcase>
  </testsuite>
  <testsuite name="spec_perl_TestSwitchManualIntSize_t" errors="1" failures="0" skipped="0" tests="0" time="0.0550429821014404">
    <system-out></system-out>
    <testcase name="Test died too soon, even before plan. (81)" classname="spec_perl_TestSwitchManualIntSize_t" time="0.0550429821014404">
      <failure message="The test suite died before a plan was produced. You need to have a plan." type="Plan">No plan</failure>
    </testcase>
  </testsuite>
  <testsuite name="spec_perl_TestCastToTop_t" errors="1" failures="0" skipped="0" tests="0" time="0.0554828643798828">
    <system-out></system-out>
    <testcase name="Test died too soon, even before plan. (82)" classname="spec_perl_TestCastToTop_t" time="0.0554828643798828">
      <failure message="The test suite died before a plan was produced. You need to have a plan." type="Plan">No plan</failure>
    </testcase>
  </testsuite>
  <testsuite name="spec_perl_TestProcessXor4Const_t" errors="1" failures="0" skipped="0" tests="0" time="0.0565259456634521">
    <system-out></system-out>
    <testcase name="Test died too soon, even before plan. (83)" classname="spec_perl_TestProcessXor4Const_t" time="0.0565259456634521">
      <failure message="The test suite died before a plan was produced. You need to have a plan." type="Plan">No plan</failure>
    </testcase>
  </testsuite>
  <testsuite name="spec_perl_TestTypeTernaryOpaque_t" errors="1" failures="0" skipped="0" tests="0" time="0.0565531253814697">
    <system-out></system-out>
    <testcase name="Test died too soon, even before plan. (84)" classname="spec_perl_TestTypeTernaryOpaque_t" time="0.0565531253814697">
      <failure message="The test suite died before a plan was produced. You need to have a plan." type="Plan">No plan</failure>
    </testcase>
  </testsuite>
  <testsuite name="spec_perl_TestInstanceStd_t" errors="1" failures="0" skipped="0" tests="0" time="0.0576660633087158">
    <system-out></system-out>
    <testcase name="Test died too soon, even before plan. (85)" classname="spec_perl_TestInstanceStd_t" time="0.0576660633087158">
      <failure message="The test suite died before a plan was produced. You need to have a plan." type="Plan">No plan</failure>
    </testcase>
  </testsuite>
  <testsuite name="spec_perl_TestSwitchManualStr_t" errors="1" failures="0" skipped="0" tests="0" time="0.0558381080627441">
    <system-out></system-out>
    <testcase name="Test died too soon, even before plan. (86)" classname="spec_perl_TestSwitchManualStr_t" time="0.0558381080627441">
      <failure message="The test suite died before a plan was produced. You need to have a plan." type="Plan">No plan</failure>
    </testcase>
  </testsuite>
  <testsuite name="spec_perl_TestNestedTypes3_t" errors="1" failures="0" skipped="0" tests="0" time="0.0550642013549805">
    <system-out></system-out>
    <testcase name="Test died too soon, even before plan. (87)" classname="spec_perl_TestNestedTypes3_t" time="0.0550642013549805">
      <failure message="The test suite died before a plan was produced. You need to have a plan." type="Plan">No plan</failure>
    </testcase>
  </testsuite>
  <testsuite name="spec_perl_TestNavParent2_t" errors="1" failures="0" skipped="0" tests="0" time="0.0568029880523682">
    <system-out></system-out>
    <testcase name="Test died too soon, even before plan. (88)" classname="spec_perl_TestNavParent2_t" time="0.0568029880523682">
      <failure message="The test suite died before a plan was produced. You need to have a plan." type="Plan">No plan</failure>
    </testcase>
  </testsuite>
  <testsuite name="spec_perl_TestSwitchManualInt_t" errors="1" failures="0" skipped="0" tests="0" time="0.0548310279846191">
    <system-out></system-out>
    <testcase name="Test died too soon, even before plan. (89)" classname="spec_perl_TestSwitchManualInt_t" time="0.0548310279846191">
      <failure message="The test suite died before a plan was produced. You need to have a plan." type="Plan">No plan</failure>
    </testcase>
  </testsuite>
  <testsuite name="spec_perl_TestSwitchManualIntSizeEos_t" errors="1" failures="0" skipped="0" tests="0" time="0.0539021492004395">
    <system-out></system-out>
    <testcase name="Test died too soon, even before plan. (90)" classname="spec_perl_TestSwitchManualIntSizeEos_t" time="0.0539021492004395">
      <failure message="The test suite died before a plan was produced. You need to have a plan." type="Plan">No plan</failure>
    </testcase>
  </testsuite>
  <testsuite name="spec_perl_TestSwitchBytearray_t" errors="1" failures="0" skipped="0" tests="0" time="0.059208869934082">
    <system-out></system-out>
    <testcase name="Test died too soon, even before plan. (91)" classname="spec_perl_TestSwitchBytearray_t" time="0.059208869934082">
      <failure message="The test suite died before a plan was produced. You need to have a plan." type="Plan">No plan</failure>
    </testcase>
  </testsuite>
  <testsuite name="spec_perl_TestZlibWithHeader78_t" errors="1" failures="0" skipped="0" tests="0" time="0.0536749362945557">
    <system-out></system-out>
    <testcase name="Test died too soon, even before plan. (92)" classname="spec_perl_TestZlibWithHeader78_t" time="0.0536749362945557">
      <failure message="The test suite died before a plan was produced. You need to have a plan." type="Plan">No plan</failure>
    </testcase>
  </testsuite>
  <testsuite name="spec_perl_TestEnumOfValueInst_t" errors="1" failures="0" skipped="0" tests="0" time="0.0548989772796631">
    <system-out></system-out>
    <testcase name="Test died too soon, even before plan. (93)" classname="spec_perl_TestEnumOfValueInst_t" time="0.0548989772796631">
      <failure message="The test suite died before a plan was produced. You need to have a plan." type="Plan">No plan</failure>
    </testcase>
  </testsuite>
  <testsuite name="spec_perl_TestDefaultEndianExprException_t" errors="1" failures="0" skipped="0" tests="0" time="0.0566701889038086">
    <system-out></system-out>
    <testcase name="Test died too soon, even before plan. (94)" classname="spec_perl_TestDefaultEndianExprException_t" time="0.0566701889038086">
      <failure message="The test suite died before a plan was produced. You need to have a plan." type="Plan">No plan</failure>
    </testcase>
  </testsuite>
  <testsuite name="spec_perl_TestIndexToParamUntil_t" errors="1" failures="0" skipped="0" tests="0" time="0.0564308166503906">
    <system-out></system-out>
    <testcase name="Test died too soon, even before plan. (95)" classname="spec_perl_TestIndexToParamUntil_t" time="0.0564308166503906">
      <failure message="The test suite died before a plan was produced. You need to have a plan." type="Plan">No plan</failure>
    </testcase>
  </testsuite>
  <testsuite name="spec_perl_TestExpr0_t" errors="1" failures="0" skipped="0" tests="0" time="0.0552608966827393">
    <system-out></system-out>
    <testcase name="Test died too soon, even before plan. (96)" classname="spec_perl_TestExpr0_t" time="0.0552608966827393">
      <failure message="The test suite died before a plan was produced. You need to have a plan." type="Plan">No plan</failure>
    </testcase>
  </testsuite>
  <testsuite name="spec_perl_TestNavRoot_t" errors="1" failures="0" skipped="0" tests="0" time="0.0577859878540039">
    <system-out></system-out>
    <testcase name="Test died too soon, even before plan. (97)" classname="spec_perl_TestNavRoot_t" time="0.0577859878540039">
      <failure message="The test suite died before a plan was produced. You need to have a plan." type="Plan">No plan</failure>
    </testcase>
  </testsuite>
  <testsuite name="spec_perl_TestParamsEnum_t" errors="1" failures="0" skipped="0" tests="0" time="0.0550310611724854">
    <system-out></system-out>
    <testcase name="Test died too soon, even before plan. (98)" classname="spec_perl_TestParamsEnum_t" time="0.0550310611724854">
      <failure message="The test suite died before a plan was produced. You need to have a plan." type="Plan">No plan</failure>
    </testcase>
  </testsuite>
  <testsuite name="spec_perl_TestEnumIf_t" errors="1" failures="0" skipped="0" tests="0" time="0.0568180084228516">
    <system-out></system-out>
    <testcase name="Test died too soon, even before plan. (99)" classname="spec_perl_TestEnumIf_t" time="0.0568180084228516">
      <failure message="The test suite died before a plan was produced. You need to have a plan." type="Plan">No plan</failure>
    </testcase>
  </testsuite>
  <testsuite name="spec_perl_TestNonStandard_t" errors="1" failures="0" skipped="0" tests="0" time="0.0563650131225586">
    <system-out></system-out>
    <testcase name="Test died too soon, even before plan. (100)" classname="spec_perl_TestNonStandard_t" time="0.0563650131225586">
      <failure message="The test suite died before a plan was produced. You need to have a plan." type="Plan">No plan</failure>
    </testcase>
  </testsuite>
  <testsuite name="spec_perl_TestStrEncodings_t" errors="1" failures="0" skipped="0" tests="0" time="0.0564761161804199">
    <system-out></system-out>
    <testcase name="Test died too soon, even before plan. (101)" classname="spec_perl_TestStrEncodings_t" time="0.0564761161804199">
      <failure message="The test suite died before a plan was produced. You need to have a plan." type="Plan">No plan</failure>
    </testcase>
  </testsuite>
  <testsuite name="spec_perl_TestProcessToUser_t" errors="1" failures="0" skipped="0" tests="0" time="0.0587301254272461">
    <system-out></system-out>
    <testcase name="Test died too soon, even before plan. (102)" classname="spec_perl_TestProcessToUser_t" time="0.0587301254272461">
      <failure message="The test suite died before a plan was produced. You need to have a plan." type="Plan">No plan</failure>
    </testcase>
  </testsuite>
  <testsuite name="spec_perl_TestMetaTags_t" errors="1" failures="0" skipped="0" tests="0" time="0.0562291145324707">
    <system-out></system-out>
    <testcase name="Test died too soon, even before plan. (103)" classname="spec_perl_TestMetaTags_t" time="0.0562291145324707">
      <failure message="The test suite died before a plan was produced. You need to have a plan." type="Plan">No plan</failure>
    </testcase>
  </testsuite>
  <testsuite name="spec_perl_TestExprSizeofType1_t" errors="1" failures="0" skipped="0" tests="0" time="0.0544610023498535">
    <system-out></system-out>
    <testcase name="Test died too soon, even before plan. (104)" classname="spec_perl_TestExprSizeofType1_t" time="0.0544610023498535">
      <failure message="The test suite died before a plan was produced. You need to have a plan." type="Plan">No plan</failure>
    </testcase>
  </testsuite>
  <testsuite name="spec_perl_TestExpr3_t" errors="1" failures="0" skipped="0" tests="0" time="0.0536229610443115">
    <system-out></system-out>
    <testcase name="Test died too soon, even before plan. (105)" classname="spec_perl_TestExpr3_t" time="0.0536229610443115">
      <failure message="The test suite died before a plan was produced. You need to have a plan." type="Plan">No plan</failure>
    </testcase>
  </testsuite>
  <testsuite name="spec_perl_TestEofExceptionBytes_t" errors="1" failures="0" skipped="0" tests="0" time="0.0550229549407959">
    <system-out></system-out>
    <testcase name="Test died too soon, even before plan. (106)" classname="spec_perl_TestEofExceptionBytes_t" time="0.0550229549407959">
      <failure message="The test suite died before a plan was produced. You need to have a plan." type="Plan">No plan</failure>
    </testcase>
  </testsuite>
  <testsuite name="spec_perl_TestEnumNegative_t" errors="1" failures="0" skipped="0" tests="0" time="0.0552539825439453">
    <system-out></system-out>
    <testcase name="Test died too soon, even before plan. (107)" classname="spec_perl_TestEnumNegative_t" time="0.0552539825439453">
      <failure message="The test suite died before a plan was produced. You need to have a plan." type="Plan">No plan</failure>
    </testcase>
  </testsuite>
  <testsuite name="spec_perl_TestStrLiterals2_t" errors="1" failures="0" skipped="0" tests="0" time="0.05423903465271">
    <system-out></system-out>
    <testcase name="Test died too soon, even before plan. (108)" classname="spec_perl_TestStrLiterals2_t" time="0.05423903465271">
      <failure message="The test suite died before a plan was produced. You need to have a plan." type="Plan">No plan</failure>
    </testcase>
  </testsuite>
  <testsuite name="spec_perl_TestExprSizeofValue0_t" errors="1" failures="0" skipped="0" tests="0" time="0.0543129444122314">
    <system-out></system-out>
    <testcase name="Test died too soon, even before plan. (109)" classname="spec_perl_TestExprSizeofValue0_t" time="0.0543129444122314">
      <failure message="The test suite died before a plan was produced. You need to have a plan." type="Plan">No plan</failure>
    </testcase>
  </testsuite>
  <testsuite name="spec_perl_TestProcessCoerceBytes_t" errors="1" failures="0" skipped="0" tests="0" time="0.0595221519470215">
    <system-out></system-out>
    <testcase name="Test died too soon, even before plan. (110)" classname="spec_perl_TestProcessCoerceBytes_t" time="0.0595221519470215">
      <failure message="The test suite died before a plan was produced. You need to have a plan." type="Plan">No plan</failure>
    </testcase>
  </testsuite>
  <testsuite name="spec_perl_TestProcessCustom_t" errors="1" failures="0" skipped="0" tests="0" time="0.0560529232025146">
    <system-out></system-out>
    <testcase name="Test died too soon, even before plan. (111)" classname="spec_perl_TestProcessCustom_t" time="0.0560529232025146">
      <failure message="The test suite died before a plan was produced. You need to have a plan." type="Plan">No plan</failure>
    </testcase>
  </testsuite>
  <testsuite name="spec_perl_TestOpaqueExternalType02Parent_t" errors="1" failures="0" skipped="0" tests="0" time="0.0564529895782471">
    <system-out></system-out>
    <testcase name="Test died too soon, even before plan. (112)" classname="spec_perl_TestOpaqueExternalType02Parent_t" time="0.0564529895782471">
      <failure message="The test suite died before a plan was produced. You need to have a plan." type="Plan">No plan</failure>
    </testcase>
  </testsuite>
  <testsuite name="spec_perl_TestEnum0_t" errors="1" failures="0" skipped="0" tests="0" time="0.0620760917663574">
    <system-out></system-out>
    <testcase name="Test died too soon, even before plan. (113)" classname="spec_perl_TestEnum0_t" time="0.0620760917663574">
      <failure message="The test suite died before a plan was produced. You need to have a plan." type="Plan">No plan</failure>
    </testcase>
  </testsuite>
  <testsuite name="spec_perl_TestRepeatEosBit_t" errors="1" failures="0" skipped="0" tests="0" time="0.0580201148986816">
    <system-out></system-out>
    <testcase name="Test died too soon, even before plan. (114)" classname="spec_perl_TestRepeatEosBit_t" time="0.0580201148986816">
      <failure message="The test suite died before a plan was produced. You need to have a plan." type="Plan">No plan</failure>
    </testcase>
  </testsuite>
  <testsuite name="spec_perl_TestBytesPadTerm_t" errors="1" failures="0" skipped="0" tests="0" time="0.0566530227661133">
    <system-out></system-out>
    <testcase name="Test died too soon, even before plan. (115)" classname="spec_perl_TestBytesPadTerm_t" time="0.0566530227661133">
      <failure message="The test suite died before a plan was produced. You need to have a plan." type="Plan">No plan</failure>
    </testcase>
  </testsuite>
  <testsuite name="spec_perl_TestPositionAbs_t" errors="1" failures="0" skipped="0" tests="0" time="0.0539231300354004">
    <system-out></system-out>
    <testcase name="Test died too soon, even before plan. (116)" classname="spec_perl_TestPositionAbs_t" time="0.0539231300354004">
      <failure message="The test suite died before a plan was produced. You need to have a plan." type="Plan">No plan</failure>
    </testcase>
  </testsuite>
  <testsuite name="spec_perl_TestProcessXorValue_t" errors="1" failures="0" skipped="0" tests="0" time="0.0538208484649658">
    <system-out></system-out>
    <testcase name="Test died too soon, even before plan. (117)" classname="spec_perl_TestProcessXorValue_t" time="0.0538208484649658">
      <failure message="The test suite died before a plan was produced. You need to have a plan." type="Plan">No plan</failure>
    </testcase>
  </testsuite>
  <testsuite name="spec_perl_TestParamsCallShort_t" errors="1" failures="0" skipped="0" tests="0" time="0.054128885269165">
    <system-out></system-out>
    <testcase name="Test died too soon, even before plan. (118)" classname="spec_perl_TestParamsCallShort_t" time="0.054128885269165">
      <failure message="The test suite died before a plan was produced. You need to have a plan." type="Plan">No plan</failure>
    </testcase>
  </testsuite>
  <testsuite name="spec_perl_TestExpr1_t" errors="1" failures="0" skipped="0" tests="0" time="0.055034875869751">
    <system-out></system-out>
    <testcase name="Test died too soon, even before plan. (119)" classname="spec_perl_TestExpr1_t" time="0.055034875869751">
      <failure message="The test suite died before a plan was produced. You need to have a plan." type="Plan">No plan</failure>
    </testcase>
  </testsuite>
  <testsuite name="spec_perl_TestIoLocalVar_t" errors="1" failures="0" skipped="0" tests="0" time="0.0571229457855225">
    <system-out></system-out>
    <testcase name="Test died too soon, even before plan. (120)" classname="spec_perl_TestIoLocalVar_t" time="0.0571229457855225">
      <failure message="The test suite died before a plan was produced. You need to have a plan." type="Plan">No plan</failure>
    </testcase>
  </testsuite>
  <testsuite name="spec_perl_TestProcessCoerceSwitch_t" errors="1" failures="0" skipped="0" tests="0" time="0.0603580474853516">
    <system-out></system-out>
    <testcase name="Test died too soon, even before plan. (121)" classname="spec_perl_TestProcessCoerceSwitch_t" time="0.0603580474853516">
      <failure message="The test suite died before a plan was produced. You need to have a plan." type="Plan">No plan</failure>
    </testcase>
  </testsuite>
  <testsuite name="spec_perl_TestFixedContents_t" errors="1" failures="0" skipped="0" tests="0" time="0.0550539493560791">
    <system-out></system-out>
    <testcase name="Test died too soon, even before plan. (122)" classname="spec_perl_TestFixedContents_t" time="0.0550539493560791">
      <failure message="The test suite died before a plan was produced. You need to have a plan." type="Plan">No plan</failure>
    </testcase>
  </testsuite>
  <testsuite name="spec_perl_TestRecursiveOne_t" errors="1" failures="0" skipped="0" tests="0" time="0.059581995010376">
    <system-out></system-out>
    <testcase name="Test died too soon, even before plan. (123)" classname="spec_perl_TestRecursiveOne_t" time="0.059581995010376">
      <failure message="The test suite died before a plan was produced. You need to have a plan." type="Plan">No plan</failure>
    </testcase>
  </testsuite>
  <testsuite name="spec_perl_TestNestedSameName_t" errors="1" failures="0" skipped="0" tests="0" time="0.0579500198364258">
    <system-out></system-out>
    <testcase name="Test died too soon, even before plan. (124)" classname="spec_perl_TestNestedSameName_t" time="0.0579500198364258">
      <failure message="The test suite died before a plan was produced. You need to have a plan." type="Plan">No plan</failure>
    </testcase>
  </testsuite>
  <testsuite name="spec_perl_TestTsPacketHeader_t" errors="1" failures="0" skipped="0" tests="0" time="0.0615479946136475">
    <system-out></system-out>
    <testcase name="Test died too soon, even before plan. (125)" classname="spec_perl_TestTsPacketHeader_t" time="0.0615479946136475">
      <failure message="The test suite died before a plan was produced. You need to have a plan." type="Plan">No plan</failure>
    </testcase>
  </testsuite>
  <testsuite name="spec_perl_TestProcessXor4Value_t" errors="1" failures="0" skipped="0" tests="0" time="0.0547130107879639">
    <system-out></system-out>
    <testcase name="Test died too soon, even before plan. (126)" classname="spec_perl_TestProcessXor4Value_t" time="0.0547130107879639">
      <failure message="The test suite died before a plan was produced. You need to have a plan." type="Plan">No plan</failure>
    </testcase>
  </testsuite>
  <testsuite name="spec_perl_TestProcessCoerceUsertype2_t" errors="1" failures="0" skipped="0" tests="0" time="0.0554020404815674">
    <system-out></system-out>
    <testcase name="Test died too soon, even before plan. (127)" classname="spec_perl_TestProcessCoerceUsertype2_t" time="0.0554020404815674">
      <failure message="The test suite died before a plan was produced. You need to have a plan." type="Plan">No plan</failure>
    </testcase>
  </testsuite>
  <testsuite name="spec_perl_TestRepeatNStrzDouble_t" errors="1" failures="0" skipped="0" tests="0" time="0.0545830726623535">
    <system-out></system-out>
    <testcase name="Test died too soon, even before plan. (128)" classname="spec_perl_TestRepeatNStrzDouble_t" time="0.0545830726623535">
      <failure message="The test suite died before a plan was produced. You need to have a plan." type="Plan">No plan</failure>
    </testcase>
  </testsuite>
  <testsuite name="spec_perl_TestDebugEnumName_t" errors="1" failures="0" skipped="0" tests="0" time="0.0590569972991943">
    <system-out></system-out>
    <testcase name="Test died too soon, even before plan. (129)" classname="spec_perl_TestDebugEnumName_t" time="0.0590569972991943">
      <failure message="The test suite died before a plan was produced. You need to have a plan." type="Plan">No plan</failure>
    </testcase>
  </testsuite>
  <testsuite name="spec_perl_TestStrEncodingsDefault_t" errors="1" failures="0" skipped="0" tests="0" time="0.0560259819030762">
    <system-out></system-out>
    <testcase name="Test died too soon, even before plan. (130)" classname="spec_perl_TestStrEncodingsDefault_t" time="0.0560259819030762">
      <failure message="The test suite died before a plan was produced. You need to have a plan." type="Plan">No plan</failure>
    </testcase>
  </testsuite>
  <testsuite name="spec_perl_TestDefaultEndianExprInherited_t" errors="1" failures="0" skipped="0" tests="0" time="0.0549848079681396">
    <system-out></system-out>
    <testcase name="Test died too soon, even before plan. (131)" classname="spec_perl_TestDefaultEndianExprInherited_t" time="0.0549848079681396">
      <failure message="The test suite died before a plan was produced. You need to have a plan." type="Plan">No plan</failure>
    </testcase>
  </testsuite>
  <testsuite name="spec_perl_TestDocstringsDocrefMulti_t" errors="1" failures="0" skipped="0" tests="0" time="0.0586090087890625">
    <system-out></system-out>
    <testcase name="Test died too soon, even before plan. (132)" classname="spec_perl_TestDocstringsDocrefMulti_t" time="0.0586090087890625">
      <failure message="The test suite died before a plan was produced. You need to have a plan." type="Plan">No plan</failure>
    </testcase>
  </testsuite>
  <testsuite name="spec_perl_TestExprBytesCmp_t" errors="1" failures="0" skipped="0" tests="0" time="0.0596568584442139">
    <system-out></system-out>
    <testcase name="Test died too soon, even before plan. (133)" classname="spec_perl_TestExprBytesCmp_t" time="0.0596568584442139">
      <failure message="The test suite died before a plan was produced. You need to have a plan." type="Plan">No plan</failure>
    </testcase>
  </testsuite>
  <testsuite name="spec_perl_TestCastNested_t" errors="1" failures="0" skipped="0" tests="0" time="0.0575189590454102">
    <system-out></system-out>
    <testcase name="Test died too soon, even before plan. (134)" classname="spec_perl_TestCastNested_t" time="0.0575189590454102">
      <failure message="The test suite died before a plan was produced. You need to have a plan." type="Plan">No plan</failure>
    </testcase>
  </testsuite>
  <testsuite name="spec_perl_TestStrEos_t" errors="1" failures="0" skipped="0" tests="0" time="0.0558998584747314">
    <system-out></system-out>
    <testcase name="Test died too soon, even before plan. (135)" classname="spec_perl_TestStrEos_t" time="0.0558998584747314">
      <failure message="The test suite died before a plan was produced. You need to have a plan." type="Plan">No plan</failure>
    </testcase>
  </testsuite>
  <testsuite name="spec_perl_TestIntegers_t" errors="1" failures="0" skipped="0" tests="0" time="0.0573761463165283">
    <system-out></system-out>
    <testcase name="Test died too soon, even before plan. (136)" classname="spec_perl_TestIntegers_t" time="0.0573761463165283">
      <failure message="The test suite died before a plan was produced. You need to have a plan." type="Plan">No plan</failure>
    </testcase>
  </testsuite>
  <testsuite name="spec_perl_TestSwitchRepeatExpr_t" errors="1" failures="0" skipped="0" tests="0" time="0.0545179843902588">
    <system-out></system-out>
    <testcase name="Test died too soon, even before plan. (137)" classname="spec_perl_TestSwitchRepeatExpr_t" time="0.0545179843902588">
      <failure message="The test suite died before a plan was produced. You need to have a plan." type="Plan">No plan</failure>
    </testcase>
  </testsuite>
  <testsuite name="spec_perl_TestSwitchManualIntSizeElse_t" errors="1" failures="0" skipped="0" tests="0" time="0.0562489032745361">
    <system-out></system-out>
    <testcase name="Test died too soon, even before plan. (138)" classname="spec_perl_TestSwitchManualIntSizeElse_t" time="0.0562489032745361">
      <failure message="The test suite died before a plan was produced. You need to have a plan." type="Plan">No plan</failure>
    </testcase>
  </testsuite>
  <testsuite name="spec_perl_TestFloatToI_t" errors="1" failures="0" skipped="0" tests="0" time="0.0539729595184326">
    <system-out></system-out>
    <testcase name="Test died too soon, even before plan. (139)" classname="spec_perl_TestFloatToI_t" time="0.0539729595184326">
      <failure message="The test suite died before a plan was produced. You need to have a plan." type="Plan">No plan</failure>
    </testcase>
  </testsuite>
  <testsuite name="spec_perl_TestNavParentFalse2_t" errors="1" failures="0" skipped="0" tests="0" time="0.0559780597686768">
    <system-out></system-out>
    <testcase name="Test died too soon, even before plan. (140)" classname="spec_perl_TestNavParentFalse2_t" time="0.0559780597686768">
      <failure message="The test suite died before a plan was produced. You need to have a plan." type="Plan">No plan</failure>
    </testcase>
  </testsuite>
  <testsuite name="spec_perl_TestDebug0_t" errors="1" failures="0" skipped="0" tests="0" time="0.0550291538238525">
    <system-out></system-out>
    <testcase name="Test died too soon, even before plan. (141)" classname="spec_perl_TestDebug0_t" time="0.0550291538238525">
      <failure message="The test suite died before a plan was produced. You need to have a plan." type="Plan">No plan</failure>
    </testcase>
  </testsuite>
  <testsuite name="spec_perl_TestNavParentVsValueInst_t" errors="1" failures="0" skipped="0" tests="0" time="0.0552051067352295">
    <system-out></system-out>
    <testcase name="Test died too soon, even before plan. (142)" classname="spec_perl_TestNavParentVsValueInst_t" time="0.0552051067352295">
      <failure message="The test suite died before a plan was produced. You need to have a plan." type="Plan">No plan</failure>
    </testcase>
  </testsuite>
  <testsuite name="spec_perl_TestEnumDeep_t" errors="1" failures="0" skipped="0" tests="0" time="0.0613670349121094">
    <system-out></system-out>
    <testcase name="Test died too soon, even before plan. (143)" classname="spec_perl_TestEnumDeep_t" time="0.0613670349121094">
      <failure message="The test suite died before a plan was produced. You need to have a plan." type="Plan">No plan</failure>
    </testcase>
  </testsuite>
  <testsuite name="spec_perl_TestHelloWorld_t" errors="1" failures="0" skipped="0" tests="0" time="0.0531990528106689">
    <system-out></system-out>
    <testcase name="Test died too soon, even before plan. (144)" classname="spec_perl_TestHelloWorld_t" time="0.0531990528106689">
      <failure message="The test suite died before a plan was produced. You need to have a plan." type="Plan">No plan</failure>
    </testcase>
  </testsuite>
  <testsuite name="spec_perl_TestIfValues_t" errors="1" failures="0" skipped="0" tests="0" time="0.054265022277832">
    <system-out></system-out>
    <testcase name="Test died too soon, even before plan. (145)" classname="spec_perl_TestIfValues_t" time="0.054265022277832">
      <failure message="The test suite died before a plan was produced. You need to have a plan." type="Plan">No plan</failure>
    </testcase>
  </testsuite>
  <testsuite name="spec_perl_TestNavParent_t" errors="1" failures="0" skipped="0" tests="0" time="0.0558609962463379">
    <system-out></system-out>
    <testcase name="Test died too soon, even before plan. (146)" classname="spec_perl_TestNavParent_t" time="0.0558609962463379">
      <failure message="The test suite died before a plan was produced. You need to have a plan." type="Plan">No plan</failure>
    </testcase>
  </testsuite>
  <testsuite name="spec_perl_TestSwitchManualIntElse_t" errors="1" failures="0" skipped="0" tests="0" time="0.0615401268005371">
    <system-out></system-out>
    <testcase name="Test died too soon, even before plan. (147)" classname="spec_perl_TestSwitchManualIntElse_t" time="0.0615401268005371">
      <failure message="The test suite died before a plan was produced. You need to have a plan." type="Plan">No plan</failure>
    </testcase>
  </testsuite>
</testsuites>
