<?xml version='1.0' encoding='utf-8'?>
<testsuites>
  <testsuite name="spec_perl_TestParamsCallShort_t" errors="0" failures="3" skipped="0" tests="3" time="0.0467278957366943">
    <system-out>1..3
not ok 1 - Equals
not ok 2 - Equals
not ok 3 - Equals
</system-out>
    <testcase name="Equals" classname="spec_perl_TestParamsCallShort_t" time="0.00280022621154785">
      <failure message="not ok 1 - Equals" type="TAP::Parser::Result::Test"></failure>
    </testcase>
    <testcase name="Equals (2)" classname="spec_perl_TestParamsCallShort_t" time="0.000124931335449219">
      <failure message="not ok 2 - Equals" type="TAP::Parser::Result::Test"></failure>
    </testcase>
    <testcase name="Equals (3)" classname="spec_perl_TestParamsCallShort_t" time="0.00223207473754883">
      <failure message="not ok 3 - Equals" type="TAP::Parser::Result::Test"></failure>
    </testcase>
  </testsuite>
  <testsuite name="spec_perl_TestCastToTop_t" errors="0" failures="0" skipped="0" tests="3" time="0.0360839366912842">
    <system-out>1..3
ok 1 - Equals
ok 2 - Equals
ok 3 - Equals
</system-out>
    <testcase name="Equals (4)" classname="spec_perl_TestCastToTop_t" time="0.00126981735229492" />
    <testcase name="Equals (5)" classname="spec_perl_TestCastToTop_t" time="6.69956207275391e-05" />
    <testcase name="Equals (6)" classname="spec_perl_TestCastToTop_t" time="5.91278076171875e-05" />
  </testsuite>
  <testsuite name="spec_perl_TestImportsRel1_t" errors="0" failures="0" skipped="0" tests="3" time="0.0363740921020508">
    <system-out>1..3
ok 1 - Equals
ok 2 - Equals
ok 3 - Equals
</system-out>
    <testcase name="Equals (7)" classname="spec_perl_TestImportsRel1_t" time="0.00145912170410156" />
    <testcase name="Equals (8)" classname="spec_perl_TestImportsRel1_t" time="5.98430633544922e-05" />
    <testcase name="Equals (9)" classname="spec_perl_TestImportsRel1_t" time="5.91278076171875e-05" />
  </testsuite>
  <testsuite name="spec_perl_TestSwitchBytearray_t" errors="0" failures="0" skipped="0" tests="9" time="0.0419921875">
    <system-out>1..9
ok 1 - Equals
ok 2 - Equals
ok 3 - Equals
ok 4 - Equals
ok 5 - Equals
ok 6 - Equals
ok 7 - Equals
ok 8 - Equals
ok 9 - Equals
</system-out>
    <testcase name="Equals (10)" classname="spec_perl_TestSwitchBytearray_t" time="0.0015251636505127" />
    <testcase name="Equals (11)" classname="spec_perl_TestSwitchBytearray_t" time="7.89165496826172e-05" />
    <testcase name="Equals (12)" classname="spec_perl_TestSwitchBytearray_t" time="4.29153442382812e-05" />
    <testcase name="Equals (13)" classname="spec_perl_TestSwitchBytearray_t" time="4.31537628173828e-05" />
    <testcase name="Equals (14)" classname="spec_perl_TestSwitchBytearray_t" time="4.88758087158203e-05" />
    <testcase name="Equals (15)" classname="spec_perl_TestSwitchBytearray_t" time="3.91006469726562e-05" />
    <testcase name="Equals (16)" classname="spec_perl_TestSwitchBytearray_t" time="4.38690185546875e-05" />
    <testcase name="Equals (17)" classname="spec_perl_TestSwitchBytearray_t" time="4.22000885009766e-05" />
    <testcase name="Equals (18)" classname="spec_perl_TestSwitchBytearray_t" time="4.1961669921875e-05" />
  </testsuite>
  <testsuite name="spec_perl_TestImportsAbs_t" errors="0" failures="0" skipped="0" tests="2" time="0.0380668640136719">
    <system-out>1..2
ok 1 - Equals
ok 2 - Equals
</system-out>
    <testcase name="Equals (19)" classname="spec_perl_TestImportsAbs_t" time="0.00149798393249512" />
    <testcase name="Equals (20)" classname="spec_perl_TestImportsAbs_t" time="8.91685485839844e-05" />
  </testsuite>
  <testsuite name="spec_perl_TestInstanceStd_t" errors="0" failures="0" skipped="0" tests="1" time="0.0404191017150879">
    <system-out>1..1
ok 1 - Equals
</system-out>
    <testcase name="Equals (21)" classname="spec_perl_TestInstanceStd_t" time="0.00134015083312988" />
  </testsuite>
  <testsuite name="spec_perl_TestSwitchManualEnumInvalid_t" errors="0" failures="0" skipped="0" tests="5" time="0.042133092880249">
    <system-out>1..5
ok 1 - Equals
ok 2 - Equals
ok 3 - nil
ok 4 - Equals
ok 5 - nil
</system-out>
    <testcase name="Equals (22)" classname="spec_perl_TestSwitchManualEnumInvalid_t" time="0.00141191482543945" />
    <testcase name="Equals (23)" classname="spec_perl_TestSwitchManualEnumInvalid_t" time="6.103515625e-05" />
    <testcase name="nil (23)" classname="spec_perl_TestSwitchManualEnumInvalid_t" time="4.91142272949219e-05" />
    <testcase name="Equals (24)" classname="spec_perl_TestSwitchManualEnumInvalid_t" time="4.79221343994141e-05" />
    <testcase name="nil (24)" classname="spec_perl_TestSwitchManualEnumInvalid_t" time="4.50611114501953e-05" />
  </testsuite>
  <testsuite name="spec_perl_TestParamsPassUsertype_t" errors="0" failures="1" skipped="1" tests="2" time="0.036909818649292">
    <system-out>1..2
not ok 1 - test_params_pass_usertype died (Can't call method &quot;foo&quot; on an undefined value at compiled/perl/ParamsPassUsertype.pm line 119.)
ok 2 # skip test_params_pass_usertype died
</system-out>
    <testcase name="test_params_pass_usertype died (Can't call method &quot;foo&quot; on an undefined value at compiled/perl/ParamsPassUsertype.pm line 119.) (24)" classname="spec_perl_TestParamsPassUsertype_t" time="0.00131583213806152">
      <failure message="not ok 1 - test_params_pass_usertype died (Can't call method &quot;foo&quot; on an undefined value at compiled/perl/ParamsPassUsertype.pm line 119.)" type="TAP::Parser::Result::Test"></failure>
    </testcase>
    <testcase name="Unnamed test case 24" classname="spec_perl_TestParamsPassUsertype_t" time="0.000166177749633789">
      <skipped message="ok 2 # skip test_params_pass_usertype died" />
    </testcase>
  </testsuite>
  <testsuite name="spec_perl_TestExprArray_t" errors="0" failures="1" skipped="0" tests="15" time="0.043956995010376">
    <system-out>1..15
ok 1 - Equals
ok 2 - Equals
ok 3 - Equals
ok 4 - Equals
ok 5 - Equals
ok 6 - Equals
ok 7 - Approx equals
ok 8 - Approx equals
not ok 9 - Approx equals
ok 10 - Approx equals
ok 11 - Equals
ok 12 - Equals
ok 13 - Equals
ok 14 - Equals
ok 15 - Equals
</system-out>
    <testcase name="Equals (25)" classname="spec_perl_TestExprArray_t" time="0.00145101547241211" />
    <testcase name="Equals (26)" classname="spec_perl_TestExprArray_t" time="0.000103950500488281" />
    <testcase name="Equals (27)" classname="spec_perl_TestExprArray_t" time="6.50882720947266e-05" />
    <testcase name="Equals (28)" classname="spec_perl_TestExprArray_t" time="7.98702239990234e-05" />
    <testcase name="Equals (29)" classname="spec_perl_TestExprArray_t" time="5.41210174560547e-05" />
    <testcase name="Equals (30)" classname="spec_perl_TestExprArray_t" time="7.98702239990234e-05" />
    <testcase name="Approx equals (30)" classname="spec_perl_TestExprArray_t" time="5.41210174560547e-05" />
    <testcase name="Approx equals (31)" classname="spec_perl_TestExprArray_t" time="5.10215759277344e-05" />
    <testcase name="Approx equals (32)" classname="spec_perl_TestExprArray_t" time="8.29696655273438e-05">
      <failure message="not ok 9 - Approx equals" type="TAP::Parser::Result::Test"></failure>
    </testcase>
    <testcase name="Approx equals (33)" classname="spec_perl_TestExprArray_t" time="5.19752502441406e-05" />
    <testcase name="Equals (33)" classname="spec_perl_TestExprArray_t" time="7.10487365722656e-05" />
    <testcase name="Equals (34)" classname="spec_perl_TestExprArray_t" time="5.10215759277344e-05" />
    <testcase name="Equals (35)" classname="spec_perl_TestExprArray_t" time="6.4849853515625e-05" />
    <testcase name="Equals (36)" classname="spec_perl_TestExprArray_t" time="5.69820404052734e-05" />
    <testcase name="Equals (37)" classname="spec_perl_TestExprArray_t" time="6.41345977783203e-05" />
  </testsuite>
  <testsuite name="spec_perl_TestExprOpsParens_t" errors="0" failures="1" skipped="0" tests="9" time="0.0416610240936279">
    <system-out>1..9
ok 1 - Equals
ok 2 - Equals
ok 3 - Equals
ok 4 - Equals
ok 5 - Equals
ok 6 - Equals
not ok 7 - Equals
ok 8 - Equals
ok 9 - Equals
</system-out>
    <testcase name="Equals (38)" classname="spec_perl_TestExprOpsParens_t" time="0.0015571117401123" />
    <testcase name="Equals (39)" classname="spec_perl_TestExprOpsParens_t" time="6.89029693603516e-05" />
    <testcase name="Equals (40)" classname="spec_perl_TestExprOpsParens_t" time="5.00679016113281e-05" />
    <testcase name="Equals (41)" classname="spec_perl_TestExprOpsParens_t" time="5.00679016113281e-05" />
    <testcase name="Equals (42)" classname="spec_perl_TestExprOpsParens_t" time="9.98973846435547e-05" />
    <testcase name="Equals (43)" classname="spec_perl_TestExprOpsParens_t" time="4.69684600830078e-05" />
    <testcase name="Equals (44)" classname="spec_perl_TestExprOpsParens_t" time="9.10758972167969e-05">
      <failure message="not ok 7 - Equals" type="TAP::Parser::Result::Test"></failure>
    </testcase>
    <testcase name="Equals (45)" classname="spec_perl_TestExprOpsParens_t" time="0.000947952270507812" />
    <testcase name="Equals (46)" classname="spec_perl_TestExprOpsParens_t" time="5.91278076171875e-05" />
  </testsuite>
  <testsuite name="spec_perl_TestExprSizeofValueSized_t" errors="0" failures="0" skipped="0" tests="5" time="0.0383419990539551">
    <system-out>1..5
ok 1 - Equals
ok 2 - Equals
ok 3 - Equals
ok 4 - Equals
ok 5 - Equals
</system-out>
    <testcase name="Equals (47)" classname="spec_perl_TestExprSizeofValueSized_t" time="0.00171399116516113" />
    <testcase name="Equals (48)" classname="spec_perl_TestExprSizeofValueSized_t" time="6.103515625e-05" />
    <testcase name="Equals (49)" classname="spec_perl_TestExprSizeofValueSized_t" time="6.91413879394531e-05" />
    <testcase name="Equals (50)" classname="spec_perl_TestExprSizeofValueSized_t" time="3.79085540771484e-05" />
    <testcase name="Equals (51)" classname="spec_perl_TestExprSizeofValueSized_t" time="3.50475311279297e-05" />
  </testsuite>
  <testsuite name="spec_perl_TestImports0_t" errors="0" failures="0" skipped="0" tests="3" time="0.0361039638519287">
    <system-out>1..3
ok 1 - Equals
ok 2 - Equals
ok 3 - Equals
</system-out>
    <testcase name="Equals (52)" classname="spec_perl_TestImports0_t" time="0.00144696235656738" />
    <testcase name="Equals (53)" classname="spec_perl_TestImports0_t" time="0.000102043151855469" />
    <testcase name="Equals (54)" classname="spec_perl_TestImports0_t" time="4.79221343994141e-05" />
  </testsuite>
  <testsuite name="spec_perl_TestParamsPassArrayInt_t" errors="0" failures="1" skipped="6" tests="7" time="0.0404691696166992">
    <system-out>1..7
not ok 1 - test_params_pass_array_int died (Can't use an undefined value as an ARRAY reference at spec/perl/TestParamsPassArrayInt.t line 14.)
ok 2 # skip test_params_pass_array_int died
ok 3 # skip test_params_pass_array_int died
ok 4 # skip test_params_pass_array_int died
ok 5 # skip test_params_pass_array_int died
ok 6 # skip test_params_pass_array_int died
ok 7 # skip test_params_pass_array_int died
</system-out>
    <testcase name="test_params_pass_array_int died (Can't use an undefined value as an ARRAY reference at spec/perl/TestParamsPassArrayInt.t line 14.) (54)" classname="spec_perl_TestParamsPassArrayInt_t" time="0.00140190124511719">
      <failure message="not ok 1 - test_params_pass_array_int died (Can't use an undefined value as an ARRAY reference at spec/perl/TestParamsPassArrayInt.t line 14.)" type="TAP::Parser::Result::Test"></failure>
    </testcase>
    <testcase name="Unnamed test case 54" classname="spec_perl_TestParamsPassArrayInt_t" time="0.00015711784362793">
      <skipped message="ok 2 # skip test_params_pass_array_int died" />
    </testcase>
    <testcase name="Unnamed test case 55" classname="spec_perl_TestParamsPassArrayInt_t" time="9.58442687988281e-05">
      <skipped message="ok 3 # skip test_params_pass_array_int died" />
    </testcase>
    <testcase name="Unnamed test case 56" classname="spec_perl_TestParamsPassArrayInt_t" time="0.000117063522338867">
      <skipped message="ok 4 # skip test_params_pass_array_int died" />
    </testcase>
    <testcase name="Unnamed test case 57" classname="spec_perl_TestParamsPassArrayInt_t" time="7.00950622558594e-05">
      <skipped message="ok 5 # skip test_params_pass_array_int died" />
    </testcase>
    <testcase name="Unnamed test case 58" classname="spec_perl_TestParamsPassArrayInt_t" time="6.58035278320312e-05">
      <skipped message="ok 6 # skip test_params_pass_array_int died" />
    </testcase>
    <testcase name="Unnamed test case 59" classname="spec_perl_TestParamsPassArrayInt_t" time="9.79900360107422e-05">
      <skipped message="ok 7 # skip test_params_pass_array_int died" />
    </testcase>
  </testsuite>
  <testsuite name="spec_perl_TestValidSwitch_t" errors="0" failures="0" skipped="1" tests="1" time="0.0357949733734131">
    <system-out>1..1
ok 1 # skip ValidSwitch=HASH(0x5589219ff140)
</system-out>
    <testcase name="Unnamed test case 60" classname="spec_perl_TestValidSwitch_t" time="0.00104713439941406">
      <skipped message="ok 1 # skip ValidSwitch=HASH(0x5589219ff140)" />
    </testcase>
  </testsuite>
  <testsuite name="spec_perl_TestSwitchManualEnum_t" errors="0" failures="0" skipped="0" tests="9" time="0.0423579216003418">
    <system-out>1..9
ok 1 - Equals
ok 2 - Equals
ok 3 - Equals
ok 4 - Equals
ok 5 - Equals
ok 6 - Equals
ok 7 - Equals
ok 8 - Equals
ok 9 - Equals
</system-out>
    <testcase name="Equals (60)" classname="spec_perl_TestSwitchManualEnum_t" time="0.00147008895874023" />
    <testcase name="Equals (61)" classname="spec_perl_TestSwitchManualEnum_t" time="9.39369201660156e-05" />
    <testcase name="Equals (62)" classname="spec_perl_TestSwitchManualEnum_t" time="4.10079956054688e-05" />
    <testcase name="Equals (63)" classname="spec_perl_TestSwitchManualEnum_t" time="6.00814819335938e-05" />
    <testcase name="Equals (64)" classname="spec_perl_TestSwitchManualEnum_t" time="3.60012054443359e-05" />
    <testcase name="Equals (65)" classname="spec_perl_TestSwitchManualEnum_t" time="4.50611114501953e-05" />
    <testcase name="Equals (66)" classname="spec_perl_TestSwitchManualEnum_t" time="4.29153442382812e-05" />
    <testcase name="Equals (67)" classname="spec_perl_TestSwitchManualEnum_t" time="7.29560852050781e-05" />
    <testcase name="Equals (68)" classname="spec_perl_TestSwitchManualEnum_t" time="6.79492950439453e-05" />
  </testsuite>
  <testsuite name="spec_perl_TestSwitchMultiBoolOps_t" errors="0" failures="0" skipped="0" tests="9" time="0.0366220474243164">
    <system-out>1..9
ok 1 - Equals
ok 2 - Equals
ok 3 - Equals
ok 4 - Equals
ok 5 - Equals
ok 6 - Equals
ok 7 - Equals
ok 8 - Equals
ok 9 - Equals
</system-out>
    <testcase name="Equals (69)" classname="spec_perl_TestSwitchMultiBoolOps_t" time="0.00138401985168457" />
    <testcase name="Equals (70)" classname="spec_perl_TestSwitchMultiBoolOps_t" time="8.89301300048828e-05" />
    <testcase name="Equals (71)" classname="spec_perl_TestSwitchMultiBoolOps_t" time="5.60283660888672e-05" />
    <testcase name="Equals (72)" classname="spec_perl_TestSwitchMultiBoolOps_t" time="6.60419464111328e-05" />
    <testcase name="Equals (73)" classname="spec_perl_TestSwitchMultiBoolOps_t" time="5.10215759277344e-05" />
    <testcase name="Equals (74)" classname="spec_perl_TestSwitchMultiBoolOps_t" time="7.39097595214844e-05" />
    <testcase name="Equals (75)" classname="spec_perl_TestSwitchMultiBoolOps_t" time="5.00679016113281e-05" />
    <testcase name="Equals (76)" classname="spec_perl_TestSwitchMultiBoolOps_t" time="6.29425048828125e-05" />
    <testcase name="Equals (77)" classname="spec_perl_TestSwitchMultiBoolOps_t" time="6.00814819335938e-05" />
  </testsuite>
  <testsuite name="spec_perl_TestIndexToParamExpr_t" errors="0" failures="2" skipped="0" tests="7" time="0.0469849109649658">
    <system-out>1..7
ok 1 - Equals
ok 2 - Equals
ok 3 - Equals
ok 4 - Equals
ok 5 - Equals
not ok 6 - Equals
not ok 7 - Equals
</system-out>
    <testcase name="Equals (78)" classname="spec_perl_TestIndexToParamExpr_t" time="0.00205302238464355" />
    <testcase name="Equals (79)" classname="spec_perl_TestIndexToParamExpr_t" time="0.0001068115234375" />
    <testcase name="Equals (80)" classname="spec_perl_TestIndexToParamExpr_t" time="5.22136688232422e-05" />
    <testcase name="Equals (81)" classname="spec_perl_TestIndexToParamExpr_t" time="5.29289245605469e-05" />
    <testcase name="Equals (82)" classname="spec_perl_TestIndexToParamExpr_t" time="6.19888305664062e-05" />
    <testcase name="Equals (83)" classname="spec_perl_TestIndexToParamExpr_t" time="5.88893890380859e-05">
      <failure message="not ok 6 - Equals" type="TAP::Parser::Result::Test"></failure>
    </testcase>
    <testcase name="Equals (84)" classname="spec_perl_TestIndexToParamExpr_t" time="0.000250101089477539">
      <failure message="not ok 7 - Equals" type="TAP::Parser::Result::Test"></failure>
    </testcase>
  </testsuite>
  <testsuite name="spec_perl_TestProcessXorValue_t" errors="0" failures="0" skipped="0" tests="2" time="0.0359559059143066">
    <system-out>1..2
ok 1 - Equals
ok 2 - Equals
</system-out>
    <testcase name="Equals (85)" classname="spec_perl_TestProcessXorValue_t" time="0.00118398666381836" />
    <testcase name="Equals (86)" classname="spec_perl_TestProcessXorValue_t" time="6.50882720947266e-05" />
  </testsuite>
  <testsuite name="spec_perl_TestExpr1_t" errors="0" failures="0" skipped="0" tests="4" time="0.0404751300811768">
    <system-out>1..4
ok 1 - Equals
ok 2 - Equals
ok 3 - Equals
ok 4 - Equals
</system-out>
    <testcase name="Equals (87)" classname="spec_perl_TestExpr1_t" time="0.00128889083862305" />
    <testcase name="Equals (88)" classname="spec_perl_TestExpr1_t" time="8.91685485839844e-05" />
    <testcase name="Equals (89)" classname="spec_perl_TestExpr1_t" time="4.88758087158203e-05" />
    <testcase name="Equals (90)" classname="spec_perl_TestExpr1_t" time="5.79357147216797e-05" />
  </testsuite>
  <testsuite name="spec_perl_TestProcessCoerceUsertype2_t" errors="0" failures="0" skipped="0" tests="4" time="0.0368881225585938">
    <system-out>1..4
ok 1 - Equals
ok 2 - Equals
ok 3 - Equals
ok 4 - Equals
</system-out>
    <testcase name="Equals (91)" classname="spec_perl_TestProcessCoerceUsertype2_t" time="0.00172901153564453" />
    <testcase name="Equals (92)" classname="spec_perl_TestProcessCoerceUsertype2_t" time="6.50882720947266e-05" />
    <testcase name="Equals (93)" classname="spec_perl_TestProcessCoerceUsertype2_t" time="4.88758087158203e-05" />
    <testcase name="Equals (94)" classname="spec_perl_TestProcessCoerceUsertype2_t" time="5.91278076171875e-05" />
  </testsuite>
  <testsuite name="spec_perl_TestExprSizeofValue0_t" errors="0" failures="0" skipped="0" tests="5" time="0.0366208553314209">
    <system-out>1..5
ok 1 - Equals
ok 2 - Equals
ok 3 - Equals
ok 4 - Equals
ok 5 - Equals
</system-out>
    <testcase name="Equals (95)" classname="spec_perl_TestExprSizeofValue0_t" time="0.00146389007568359" />
    <testcase name="Equals (96)" classname="spec_perl_TestExprSizeofValue0_t" time="8.51154327392578e-05" />
    <testcase name="Equals (97)" classname="spec_perl_TestExprSizeofValue0_t" time="3.79085540771484e-05" />
    <testcase name="Equals (98)" classname="spec_perl_TestExprSizeofValue0_t" time="4.91142272949219e-05" />
    <testcase name="Equals (99)" classname="spec_perl_TestExprSizeofValue0_t" time="3.50475311279297e-05" />
  </testsuite>
  <testsuite name="spec_perl_TestJsSignedRightShift_t" errors="0" failures="0" skipped="0" tests="2" time="0.0426650047302246">
    <system-out>1..2
ok 1 - Equals
ok 2 - Equals
</system-out>
    <testcase name="Equals (100)" classname="spec_perl_TestJsSignedRightShift_t" time="0.00130200386047363" />
    <testcase name="Equals (101)" classname="spec_perl_TestJsSignedRightShift_t" time="0.000117063522338867" />
  </testsuite>
  <testsuite name="spec_perl_TestFloatingPoints_t" errors="0" failures="0" skipped="0" tests="8" time="0.0361850261688232">
    <system-out>1..8
ok 1 - Approx equals
ok 2 - Approx equals
ok 3 - Approx equals
ok 4 - Approx equals
ok 5 - Approx equals
ok 6 - Approx equals
ok 7 - Approx equals
ok 8 - Approx equals
</system-out>
    <testcase name="Approx equals (101)" classname="spec_perl_TestFloatingPoints_t" time="0.00130796432495117" />
    <testcase name="Approx equals (102)" classname="spec_perl_TestFloatingPoints_t" time="0.000110149383544922" />
    <testcase name="Approx equals (103)" classname="spec_perl_TestFloatingPoints_t" time="5.69820404052734e-05" />
    <testcase name="Approx equals (104)" classname="spec_perl_TestFloatingPoints_t" time="5.19752502441406e-05" />
    <testcase name="Approx equals (105)" classname="spec_perl_TestFloatingPoints_t" time="5.00679016113281e-05" />
    <testcase name="Approx equals (106)" classname="spec_perl_TestFloatingPoints_t" time="6.69956207275391e-05" />
    <testcase name="Approx equals (107)" classname="spec_perl_TestFloatingPoints_t" time="4.88758087158203e-05" />
    <testcase name="Approx equals (108)" classname="spec_perl_TestFloatingPoints_t" time="4.69684600830078e-05" />
  </testsuite>
  <testsuite name="spec_perl_TestExprIoPos_t" errors="0" failures="0" skipped="0" tests="6" time="0.0461428165435791">
    <system-out>1..6
ok 1 - Equals
ok 2 - Equals
ok 3 - Equals
ok 4 - Equals
ok 5 - Equals
ok 6 - Equals
</system-out>
    <testcase name="Equals (108)" classname="spec_perl_TestExprIoPos_t" time="0.00183796882629395" />
    <testcase name="Equals (109)" classname="spec_perl_TestExprIoPos_t" time="8.58306884765625e-05" />
    <testcase name="Equals (110)" classname="spec_perl_TestExprIoPos_t" time="4.81605529785156e-05" />
    <testcase name="Equals (111)" classname="spec_perl_TestExprIoPos_t" time="7.10487365722656e-05" />
    <testcase name="Equals (112)" classname="spec_perl_TestExprIoPos_t" time="7.20024108886719e-05" />
    <testcase name="Equals (113)" classname="spec_perl_TestExprIoPos_t" time="3.79085540771484e-05" />
  </testsuite>
  <testsuite name="spec_perl_TestEnumOfValueInst_t" errors="0" failures="0" skipped="0" tests="4" time="0.0407211780548096">
    <system-out>1..4
ok 1 - Equals
ok 2 - Equals
ok 3 - Equals
ok 4 - Equals
</system-out>
    <testcase name="Equals (114)" classname="spec_perl_TestEnumOfValueInst_t" time="0.00146794319152832" />
    <testcase name="Equals (115)" classname="spec_perl_TestEnumOfValueInst_t" time="0.000107049942016602" />
    <testcase name="Equals (116)" classname="spec_perl_TestEnumOfValueInst_t" time="6.79492950439453e-05" />
    <testcase name="Equals (117)" classname="spec_perl_TestEnumOfValueInst_t" time="7.98702239990234e-05" />
  </testsuite>
  <testsuite name="spec_perl_TestOptionalId_t" errors="0" failures="0" skipped="0" tests="3" time="0.0363759994506836">
    <system-out>1..3
ok 1 - Equals
ok 2 - Equals
ok 3 - Equals
</system-out>
    <testcase name="Equals (118)" classname="spec_perl_TestOptionalId_t" time="0.00139904022216797" />
    <testcase name="Equals (119)" classname="spec_perl_TestOptionalId_t" time="8.79764556884766e-05" />
    <testcase name="Equals (120)" classname="spec_perl_TestOptionalId_t" time="4.10079956054688e-05" />
  </testsuite>
  <testsuite name="spec_perl_TestProcessCoerceSwitch_t" errors="0" failures="0" skipped="0" tests="3" time="0.0366578102111816">
    <system-out>1..3
ok 1 - Equals
ok 2 - Equals
ok 3 - Equals
</system-out>
    <testcase name="Equals (121)" classname="spec_perl_TestProcessCoerceSwitch_t" time="0.00149703025817871" />
    <testcase name="Equals (122)" classname="spec_perl_TestProcessCoerceSwitch_t" time="9.10758972167969e-05" />
    <testcase name="Equals (123)" classname="spec_perl_TestProcessCoerceSwitch_t" time="4.29153442382812e-05" />
  </testsuite>
  <testsuite name="spec_perl_TestEnumIf_t" errors="0" failures="0" skipped="0" tests="7" time="0.0418949127197266">
    <system-out>1..7
ok 1 - Equals
ok 2 - Equals
ok 3 - Equals
ok 4 - Equals
ok 5 - Equals
ok 6 - Equals
ok 7 - Equals
</system-out>
    <testcase name="Equals (124)" classname="spec_perl_TestEnumIf_t" time="0.00163793563842773" />
    <testcase name="Equals (125)" classname="spec_perl_TestEnumIf_t" time="7.79628753662109e-05" />
    <testcase name="Equals (126)" classname="spec_perl_TestEnumIf_t" time="4.69684600830078e-05" />
    <testcase name="Equals (127)" classname="spec_perl_TestEnumIf_t" time="4.91142272949219e-05" />
    <testcase name="Equals (128)" classname="spec_perl_TestEnumIf_t" time="3.60012054443359e-05" />
    <testcase name="Equals (129)" classname="spec_perl_TestEnumIf_t" time="5.29289245605469e-05" />
    <testcase name="Equals (130)" classname="spec_perl_TestEnumIf_t" time="4.29153442382812e-05" />
  </testsuite>
  <testsuite name="spec_perl_TestExprIntDiv_t" errors="0" failures="2" skipped="0" tests="6" time="0.0385260581970215">
    <system-out>1..6
ok 1 - Equals
ok 2 - Equals
ok 3 - Equals
not ok 4 - Equals
ok 5 - Equals
not ok 6 - Equals
</system-out>
    <testcase name="Equals (131)" classname="spec_perl_TestExprIntDiv_t" time="0.00132513046264648" />
    <testcase name="Equals (132)" classname="spec_perl_TestExprIntDiv_t" time="9.70363616943359e-05" />
    <testcase name="Equals (133)" classname="spec_perl_TestExprIntDiv_t" time="5.29289245605469e-05" />
    <testcase name="Equals (134)" classname="spec_perl_TestExprIntDiv_t" time="7.89165496826172e-05">
      <failure message="not ok 4 - Equals" type="TAP::Parser::Result::Test"></failure>
    </testcase>
    <testcase name="Equals (135)" classname="spec_perl_TestExprIntDiv_t" time="0.000229120254516602" />
    <testcase name="Equals (136)" classname="spec_perl_TestExprIntDiv_t" time="0.000595808029174805">
      <failure message="not ok 6 - Equals" type="TAP::Parser::Result::Test"></failure>
    </testcase>
  </testsuite>
  <testsuite name="spec_perl_TestProcessCustom_t" errors="1" failures="0" skipped="0" tests="0" time="0.0336430072784424">
    <system-out></system-out>
    <testcase name="Test died too soon, even before plan. (136)" classname="spec_perl_TestProcessCustom_t" time="0.0336430072784424">
      <failure message="The test suite died before a plan was produced. You need to have a plan." type="Plan">No plan</failure>
    </testcase>
  </testsuite>
  <testsuite name="spec_perl_TestEnum1_t" errors="0" failures="0" skipped="0" tests="2" time="0.0361368656158447">
    <system-out>1..2
ok 1 - Equals
ok 2 - Equals
</system-out>
    <testcase name="Equals (137)" classname="spec_perl_TestEnum1_t" time="0.00141787528991699" />
    <testcase name="Equals (138)" classname="spec_perl_TestEnum1_t" time="7.41481781005859e-05" />
  </testsuite>
  <testsuite name="spec_perl_TestMultipleUse_t" errors="0" failures="0" skipped="0" tests="2" time="0.0394871234893799">
    <system-out>1..2
ok 1 - Equals
ok 2 - Equals
</system-out>
    <testcase name="Equals (139)" classname="spec_perl_TestMultipleUse_t" time="0.00156998634338379" />
    <testcase name="Equals (140)" classname="spec_perl_TestMultipleUse_t" time="0.000130176544189453" />
  </testsuite>
  <testsuite name="spec_perl_TestNestedSameName2_t" errors="0" failures="0" skipped="0" tests="5" time="0.0367429256439209">
    <system-out>1..5
ok 1 - Equals
ok 2 - Equals
ok 3 - Equals
ok 4 - Equals
ok 5 - Equals
</system-out>
    <testcase name="Equals (141)" classname="spec_perl_TestNestedSameName2_t" time="0.00141215324401855" />
    <testcase name="Equals (142)" classname="spec_perl_TestNestedSameName2_t" time="7.48634338378906e-05" />
    <testcase name="Equals (143)" classname="spec_perl_TestNestedSameName2_t" time="5.19752502441406e-05" />
    <testcase name="Equals (144)" classname="spec_perl_TestNestedSameName2_t" time="4.81605529785156e-05" />
    <testcase name="Equals (145)" classname="spec_perl_TestNestedSameName2_t" time="4.79221343994141e-05" />
  </testsuite>
  <testsuite name="spec_perl_TestParamsPassBool_t" errors="0" failures="1" skipped="13" tests="14" time="0.0389251708984375">
    <system-out>1..14
not ok 1 - test_params_pass_bool died (Requested 2 bytes, but only 1 bytes available at ../runtime/perl/lib/IO/KaitaiStruct.pm line 338.)
ok 2 # skip test_params_pass_bool died
ok 3 # skip test_params_pass_bool died
ok 4 # skip test_params_pass_bool died
ok 5 # skip test_params_pass_bool died
ok 6 # skip test_params_pass_bool died
ok 7 # skip test_params_pass_bool died
ok 8 # skip test_params_pass_bool died
ok 9 # skip test_params_pass_bool died
ok 10 # skip test_params_pass_bool died
ok 11 # skip test_params_pass_bool died
ok 12 # skip test_params_pass_bool died
ok 13 # skip test_params_pass_bool died
ok 14 # skip test_params_pass_bool died
</system-out>
    <testcase name="test_params_pass_bool died (Requested 2 bytes, but only 1 bytes available at ../runtime/perl/lib/IO/KaitaiStruct.pm line 338.) (145)" classname="spec_perl_TestParamsPassBool_t" time="0.00147008895874023">
      <failure message="not ok 1 - test_params_pass_bool died (Requested 2 bytes, but only 1 bytes available at ../runtime/perl/lib/IO/KaitaiStruct.pm line 338.)" type="TAP::Parser::Result::Test"></failure>
    </testcase>
    <testcase name="Unnamed test case 145" classname="spec_perl_TestParamsPassBool_t" time="0.000131130218505859">
      <skipped message="ok 2 # skip test_params_pass_bool died" />
    </testcase>
    <testcase name="Unnamed test case 146" classname="spec_perl_TestParamsPassBool_t" time="7.39097595214844e-05">
      <skipped message="ok 3 # skip test_params_pass_bool died" />
    </testcase>
    <testcase name="Unnamed test case 147" classname="spec_perl_TestParamsPassBool_t" time="5.19752502441406e-05">
      <skipped message="ok 4 # skip test_params_pass_bool died" />
    </testcase>
    <testcase name="Unnamed test case 148" classname="spec_perl_TestParamsPassBool_t" time="4.50611114501953e-05">
      <skipped message="ok 5 # skip test_params_pass_bool died" />
    </testcase>
    <testcase name="Unnamed test case 149" classname="spec_perl_TestParamsPassBool_t" time="4.29153442382812e-05">
      <skipped message="ok 6 # skip test_params_pass_bool died" />
    </testcase>
    <testcase name="Unnamed test case 150" classname="spec_perl_TestParamsPassBool_t" time="4.41074371337891e-05">
      <skipped message="ok 7 # skip test_params_pass_bool died" />
    </testcase>
    <testcase name="Unnamed test case 151" classname="spec_perl_TestParamsPassBool_t" time="4.98294830322266e-05">
      <skipped message="ok 8 # skip test_params_pass_bool died" />
    </testcase>
    <testcase name="Unnamed test case 152" classname="spec_perl_TestParamsPassBool_t" time="4.41074371337891e-05">
      <skipped message="ok 9 # skip test_params_pass_bool died" />
    </testcase>
    <testcase name="Unnamed test case 153" classname="spec_perl_TestParamsPassBool_t" time="4.29153442382812e-05">
      <skipped message="ok 10 # skip test_params_pass_bool died" />
    </testcase>
    <testcase name="Unnamed test case 154" classname="spec_perl_TestParamsPassBool_t" time="4.1961669921875e-05">
      <skipped message="ok 11 # skip test_params_pass_bool died" />
    </testcase>
    <testcase name="Unnamed test case 155" classname="spec_perl_TestParamsPassBool_t" time="7.41481781005859e-05">
      <skipped message="ok 12 # skip test_params_pass_bool died" />
    </testcase>
    <testcase name="Unnamed test case 156" classname="spec_perl_TestParamsPassBool_t" time="5.29289245605469e-05">
      <skipped message="ok 13 # skip test_params_pass_bool died" />
    </testcase>
    <testcase name="Unnamed test case 157" classname="spec_perl_TestParamsPassBool_t" time="4.41074371337891e-05">
      <skipped message="ok 14 # skip test_params_pass_bool died" />
    </testcase>
  </testsuite>
  <testsuite name="spec_perl_TestNestedTypes2_t" errors="0" failures="0" skipped="0" tests="7" time="0.037945032119751">
    <system-out>1..7
ok 1 - Equals
ok 2 - Equals
ok 3 - Equals
ok 4 - Equals
ok 5 - Equals
ok 6 - Equals
ok 7 - Equals
</system-out>
    <testcase name="Equals (157)" classname="spec_perl_TestNestedTypes2_t" time="0.00147914886474609" />
    <testcase name="Equals (158)" classname="spec_perl_TestNestedTypes2_t" time="6.79492950439453e-05" />
    <testcase name="Equals (159)" classname="spec_perl_TestNestedTypes2_t" time="5.19752502441406e-05" />
    <testcase name="Equals (160)" classname="spec_perl_TestNestedTypes2_t" time="4.50611114501953e-05" />
    <testcase name="Equals (161)" classname="spec_perl_TestNestedTypes2_t" time="9.39369201660156e-05" />
    <testcase name="Equals (162)" classname="spec_perl_TestNestedTypes2_t" time="4.60147857666016e-05" />
    <testcase name="Equals (163)" classname="spec_perl_TestNestedTypes2_t" time="8.392333984375e-05" />
  </testsuite>
  <testsuite name="spec_perl_TestZlibSurrounded_t" errors="0" failures="0" skipped="0" tests="1" time="0.0668067932128906">
    <system-out>1..1
ok 1 - Equals
</system-out>
    <testcase name="Equals (164)" classname="spec_perl_TestZlibSurrounded_t" time="0.00172591209411621" />
  </testsuite>
  <testsuite name="spec_perl_TestEnumImport_t" errors="0" failures="2" skipped="0" tests="2" time="0.0396831035614014">
    <system-out>1..2
not ok 1 - Equals
not ok 2 - Equals
</system-out>
    <testcase name="Equals (165)" classname="spec_perl_TestEnumImport_t" time="0.00136804580688477">
      <failure message="not ok 1 - Equals" type="TAP::Parser::Result::Test"></failure>
    </testcase>
    <testcase name="Equals (166)" classname="spec_perl_TestEnumImport_t" time="0.000849008560180664">
      <failure message="not ok 2 - Equals" type="TAP::Parser::Result::Test"></failure>
    </testcase>
  </testsuite>
  <testsuite name="spec_perl_TestTermStrz_t" errors="0" failures="0" skipped="0" tests="3" time="0.041982889175415">
    <system-out>1..3
ok 1 - Equals
ok 2 - Equals
ok 3 - Equals
</system-out>
    <testcase name="Equals (167)" classname="spec_perl_TestTermStrz_t" time="0.00151205062866211" />
    <testcase name="Equals (168)" classname="spec_perl_TestTermStrz_t" time="9.79900360107422e-05" />
    <testcase name="Equals (169)" classname="spec_perl_TestTermStrz_t" time="5.60283660888672e-05" />
  </testsuite>
  <testsuite name="spec_perl_TestIfValues_t" errors="0" failures="0" skipped="0" tests="6" time="0.036747932434082">
    <system-out>1..6
ok 1 - Equals
ok 2 - Equals
ok 3 - Equals
ok 4 - nil
ok 5 - Equals
ok 6 - nil
</system-out>
    <testcase name="Equals (170)" classname="spec_perl_TestIfValues_t" time="0.00128817558288574" />
    <testcase name="Equals (171)" classname="spec_perl_TestIfValues_t" time="7.98702239990234e-05" />
    <testcase name="Equals (172)" classname="spec_perl_TestIfValues_t" time="6.19888305664062e-05" />
    <testcase name="nil (172)" classname="spec_perl_TestIfValues_t" time="4.50611114501953e-05" />
    <testcase name="Equals (173)" classname="spec_perl_TestIfValues_t" time="6.38961791992188e-05" />
    <testcase name="nil (173)" classname="spec_perl_TestIfValues_t" time="4.31537628173828e-05" />
  </testsuite>
  <testsuite name="spec_perl_TestDebugEnumName_t" errors="1" failures="0" skipped="0" tests="0" time="0.0322070121765137">
    <system-out></system-out>
    <testcase name="Test died too soon, even before plan. (173)" classname="spec_perl_TestDebugEnumName_t" time="0.0322070121765137">
      <failure message="The test suite died before a plan was produced. You need to have a plan." type="Plan">No plan</failure>
    </testcase>
  </testsuite>
  <testsuite name="spec_perl_TestStrPadTerm_t" errors="0" failures="0" skipped="0" tests="4" time="0.0420198440551758">
    <system-out>1..4
ok 1 - Equals
ok 2 - Equals
ok 3 - Equals
ok 4 - Equals
</system-out>
    <testcase name="Equals (174)" classname="spec_perl_TestStrPadTerm_t" time="0.00140213966369629" />
    <testcase name="Equals (175)" classname="spec_perl_TestStrPadTerm_t" time="6.89029693603516e-05" />
    <testcase name="Equals (176)" classname="spec_perl_TestStrPadTerm_t" time="3.79085540771484e-05" />
    <testcase name="Equals (177)" classname="spec_perl_TestStrPadTerm_t" time="4.60147857666016e-05" />
  </testsuite>
  <testsuite name="spec_perl_TestTypeTernary2ndFalsy_t" errors="0" failures="0" skipped="0" tests="13" time="0.037473201751709">
    <system-out>1..13
ok 1 - Equals
ok 2 - Equals
ok 3 - Equals
ok 4 - Approx equals
ok 5 - Approx equals
ok 6 - Equals
ok 7 - Equals
ok 8 - Equals
ok 9 - nil
ok 10 - Equals
ok 11 - Equals
ok 12 - Equals
ok 13 - Equals
</system-out>
    <testcase name="Equals (178)" classname="spec_perl_TestTypeTernary2ndFalsy_t" time="0.00126290321350098" />
    <testcase name="Equals (179)" classname="spec_perl_TestTypeTernary2ndFalsy_t" time="0.000133991241455078" />
    <testcase name="Equals (180)" classname="spec_perl_TestTypeTernary2ndFalsy_t" time="6.81877136230469e-05" />
    <testcase name="Approx equals (180)" classname="spec_perl_TestTypeTernary2ndFalsy_t" time="6.07967376708984e-05" />
    <testcase name="Approx equals (181)" classname="spec_perl_TestTypeTernary2ndFalsy_t" time="8.20159912109375e-05" />
    <testcase name="Equals (181)" classname="spec_perl_TestTypeTernary2ndFalsy_t" time="5.91278076171875e-05" />
    <testcase name="Equals (182)" classname="spec_perl_TestTypeTernary2ndFalsy_t" time="5.69820404052734e-05" />
    <testcase name="Equals (183)" classname="spec_perl_TestTypeTernary2ndFalsy_t" time="7.48634338378906e-05" />
    <testcase name="nil (183)" classname="spec_perl_TestTypeTernary2ndFalsy_t" time="6.91413879394531e-05" />
    <testcase name="Equals (184)" classname="spec_perl_TestTypeTernary2ndFalsy_t" time="6.60419464111328e-05" />
    <testcase name="Equals (185)" classname="spec_perl_TestTypeTernary2ndFalsy_t" time="7.89165496826172e-05" />
    <testcase name="Equals (186)" classname="spec_perl_TestTypeTernary2ndFalsy_t" time="5.69820404052734e-05" />
    <testcase name="Equals (187)" classname="spec_perl_TestTypeTernary2ndFalsy_t" time="6.103515625e-05" />
  </testsuite>
  <testsuite name="spec_perl_TestHelloWorld_t" errors="0" failures="0" skipped="0" tests="1" time="0.035783052444458">
    <system-out>1..1
ok 1 - Equals
</system-out>
    <testcase name="Equals (188)" classname="spec_perl_TestHelloWorld_t" time="0.00143122673034668" />
  </testsuite>
  <testsuite name="spec_perl_TestSwitchManualIntSize_t" errors="0" failures="0" skipped="0" tests="10" time="0.0429458618164062">
    <system-out>1..10
ok 1 - Equals
ok 2 - Equals
ok 3 - Equals
ok 4 - Equals
ok 5 - Equals
ok 6 - Equals
ok 7 - Equals
ok 8 - Equals
ok 9 - Equals
ok 10 - Equals
</system-out>
    <testcase name="Equals (189)" classname="spec_perl_TestSwitchManualIntSize_t" time="0.00198221206665039" />
    <testcase name="Equals (190)" classname="spec_perl_TestSwitchManualIntSize_t" time="0.000362873077392578" />
    <testcase name="Equals (191)" classname="spec_perl_TestSwitchManualIntSize_t" time="6.79492950439453e-05" />
    <testcase name="Equals (192)" classname="spec_perl_TestSwitchManualIntSize_t" time="4.91142272949219e-05" />
    <testcase name="Equals (193)" classname="spec_perl_TestSwitchManualIntSize_t" time="7.20024108886719e-05" />
    <testcase name="Equals (194)" classname="spec_perl_TestSwitchManualIntSize_t" time="5.38825988769531e-05" />
    <testcase name="Equals (195)" classname="spec_perl_TestSwitchManualIntSize_t" time="4.60147857666016e-05" />
    <testcase name="Equals (196)" classname="spec_perl_TestSwitchManualIntSize_t" time="6.19888305664062e-05" />
    <testcase name="Equals (197)" classname="spec_perl_TestSwitchManualIntSize_t" time="5.19752502441406e-05" />
    <testcase name="Equals (198)" classname="spec_perl_TestSwitchManualIntSize_t" time="5.22136688232422e-05" />
  </testsuite>
  <testsuite name="spec_perl_TestEnumNegative_t" errors="0" failures="0" skipped="0" tests="2" time="0.040416955947876">
    <system-out>1..2
ok 1 - Equals
ok 2 - Equals
</system-out>
    <testcase name="Equals (199)" classname="spec_perl_TestEnumNegative_t" time="0.00135684013366699" />
    <testcase name="Equals (200)" classname="spec_perl_TestEnumNegative_t" time="0.000108003616333008" />
  </testsuite>
  <testsuite name="spec_perl_TestBcdUserTypeBe_t" errors="0" failures="0" skipped="0" tests="6" time="0.0400280952453613">
    <system-out>1..6
ok 1 - Equals
ok 2 - Equals
ok 3 - Equals
ok 4 - Equals
ok 5 - Equals
ok 6 - Equals
</system-out>
    <testcase name="Equals (201)" classname="spec_perl_TestBcdUserTypeBe_t" time="0.00187397003173828" />
    <testcase name="Equals (202)" classname="spec_perl_TestBcdUserTypeBe_t" time="0.000149965286254883" />
    <testcase name="Equals (203)" classname="spec_perl_TestBcdUserTypeBe_t" time="4.69684600830078e-05" />
    <testcase name="Equals (204)" classname="spec_perl_TestBcdUserTypeBe_t" time="5.50746917724609e-05" />
    <testcase name="Equals (205)" classname="spec_perl_TestBcdUserTypeBe_t" time="3.38554382324219e-05" />
    <testcase name="Equals (206)" classname="spec_perl_TestBcdUserTypeBe_t" time="3.31401824951172e-05" />
  </testsuite>
  <testsuite name="spec_perl_TestNonStandard_t" errors="0" failures="0" skipped="0" tests="1" time="0.0369629859924316">
    <system-out>1..1
ok 1 - Equals
</system-out>
    <testcase name="Equals (207)" classname="spec_perl_TestNonStandard_t" time="0.00202107429504395" />
  </testsuite>
  <testsuite name="spec_perl_TestIfStruct_t" errors="0" failures="0" skipped="0" tests="7" time="0.0419809818267822">
    <system-out>1..7
ok 1 - Equals
ok 2 - Equals
ok 3 - Equals
ok 4 - Equals
ok 5 - Equals
ok 6 - Equals
ok 7 - Equals
</system-out>
    <testcase name="Equals (208)" classname="spec_perl_TestIfStruct_t" time="0.00145697593688965" />
    <testcase name="Equals (209)" classname="spec_perl_TestIfStruct_t" time="0.00012516975402832" />
    <testcase name="Equals (210)" classname="spec_perl_TestIfStruct_t" time="8.08238983154297e-05" />
    <testcase name="Equals (211)" classname="spec_perl_TestIfStruct_t" time="6.91413879394531e-05" />
    <testcase name="Equals (212)" classname="spec_perl_TestIfStruct_t" time="8.392333984375e-05" />
    <testcase name="Equals (213)" classname="spec_perl_TestIfStruct_t" time="6.103515625e-05" />
    <testcase name="Equals (214)" classname="spec_perl_TestIfStruct_t" time="6.00814819335938e-05" />
  </testsuite>
  <testsuite name="spec_perl_TestSwitchRepeatExprInvalid_t" errors="0" failures="0" skipped="0" tests="3" time="0.0369720458984375">
    <system-out>1..3
ok 1 - Equals
ok 2 - Equals
ok 3 - Equals
</system-out>
    <testcase name="Equals (215)" classname="spec_perl_TestSwitchRepeatExprInvalid_t" time="0.00148105621337891" />
    <testcase name="Equals (216)" classname="spec_perl_TestSwitchRepeatExprInvalid_t" time="0.000108003616333008" />
    <testcase name="Equals (217)" classname="spec_perl_TestSwitchRepeatExprInvalid_t" time="0.000103950500488281" />
  </testsuite>
  <testsuite name="spec_perl_TestParamsPassArrayUsertype_t" errors="0" failures="1" skipped="4" tests="5" time="0.0426430702209473">
    <system-out>1..5
not ok 1 - test_params_pass_array_usertype died (Can't use an undefined value as an ARRAY reference at compiled/perl/ParamsPassArrayUsertype.pm line 123.)
ok 2 # skip test_params_pass_array_usertype died
ok 3 # skip test_params_pass_array_usertype died
ok 4 # skip test_params_pass_array_usertype died
ok 5 # skip test_params_pass_array_usertype died
</system-out>
    <testcase name="test_params_pass_array_usertype died (Can't use an undefined value as an ARRAY reference at compiled/perl/ParamsPassArrayUsertype.pm line 123.) (217)" classname="spec_perl_TestParamsPassArrayUsertype_t" time="0.0014040470123291">
      <failure message="not ok 1 - test_params_pass_array_usertype died (Can't use an undefined value as an ARRAY reference at compiled/perl/ParamsPassArrayUsertype.pm line 123.)" type="TAP::Parser::Result::Test"></failure>
    </testcase>
    <testcase name="Unnamed test case 217" classname="spec_perl_TestParamsPassArrayUsertype_t" time="0.000133037567138672">
      <skipped message="ok 2 # skip test_params_pass_array_usertype died" />
    </testcase>
    <testcase name="Unnamed test case 218" classname="spec_perl_TestParamsPassArrayUsertype_t" time="7.39097595214844e-05">
      <skipped message="ok 3 # skip test_params_pass_array_usertype died" />
    </testcase>
    <testcase name="Unnamed test case 219" classname="spec_perl_TestParamsPassArrayUsertype_t" time="5.88893890380859e-05">
      <skipped message="ok 4 # skip test_params_pass_array_usertype died" />
    </testcase>
    <testcase name="Unnamed test case 220" classname="spec_perl_TestParamsPassArrayUsertype_t" time="7.51018524169922e-05">
      <skipped message="ok 5 # skip test_params_pass_array_usertype died" />
    </testcase>
  </testsuite>
  <testsuite name="spec_perl_TestSwitchManualStr_t" errors="0" failures="0" skipped="0" tests="9" time="0.0417900085449219">
    <system-out>1..9
ok 1 - Equals
ok 2 - Equals
ok 3 - Equals
ok 4 - Equals
ok 5 - Equals
ok 6 - Equals
ok 7 - Equals
ok 8 - Equals
ok 9 - Equals
</system-out>
    <testcase name="Equals (220)" classname="spec_perl_TestSwitchManualStr_t" time="0.00144100189208984" />
    <testcase name="Equals (221)" classname="spec_perl_TestSwitchManualStr_t" time="9.41753387451172e-05" />
    <testcase name="Equals (222)" classname="spec_perl_TestSwitchManualStr_t" time="6.07967376708984e-05" />
    <testcase name="Equals (223)" classname="spec_perl_TestSwitchManualStr_t" time="7.70092010498047e-05" />
    <testcase name="Equals (224)" classname="spec_perl_TestSwitchManualStr_t" time="5.50746917724609e-05" />
    <testcase name="Equals (225)" classname="spec_perl_TestSwitchManualStr_t" time="7.00950622558594e-05" />
    <testcase name="Equals (226)" classname="spec_perl_TestSwitchManualStr_t" time="6.29425048828125e-05" />
    <testcase name="Equals (227)" classname="spec_perl_TestSwitchManualStr_t" time="6.69956207275391e-05" />
    <testcase name="Equals (228)" classname="spec_perl_TestSwitchManualStr_t" time="5.10215759277344e-05" />
  </testsuite>
  <testsuite name="spec_perl_TestParamsPassStruct_t" errors="0" failures="1" skipped="1" tests="4" time="0.0424001216888428">
    <system-out>1..4
ok 1 - Equals
ok 2 - Equals
not ok 3 - test_params_pass_struct died (Can't call method &quot;foo&quot; on an undefined value at spec/perl/TestParamsPassStruct.t line 16.)
ok 4 # skip test_params_pass_struct died
</system-out>
    <testcase name="Equals (229)" classname="spec_perl_TestParamsPassStruct_t" time="0.0015721321105957" />
    <testcase name="Equals (230)" classname="spec_perl_TestParamsPassStruct_t" time="6.19888305664062e-05" />
    <testcase name="test_params_pass_struct died (Can't call method &quot;foo&quot; on an undefined value at spec/perl/TestParamsPassStruct.t line 16.) (230)" classname="spec_perl_TestParamsPassStruct_t" time="6.98566436767578e-05">
      <failure message="not ok 3 - test_params_pass_struct died (Can't call method &quot;foo&quot; on an undefined value at spec/perl/TestParamsPassStruct.t line 16.)" type="TAP::Parser::Result::Test"></failure>
    </testcase>
    <testcase name="Unnamed test case 230" classname="spec_perl_TestParamsPassStruct_t" time="0.000634193420410156">
      <skipped message="ok 4 # skip test_params_pass_struct died" />
    </testcase>
  </testsuite>
  <testsuite name="spec_perl_TestMetaXref_t" errors="0" failures="0" skipped="1" tests="1" time="0.0428910255432129">
    <system-out>1..1
ok 1 # skip MetaXref=HASH(0x55dd28cef580)
</system-out>
    <testcase name="Unnamed test case 231" classname="spec_perl_TestMetaXref_t" time="0.00180792808532715">
      <skipped message="ok 1 # skip MetaXref=HASH(0x55dd28cef580)" />
    </testcase>
  </testsuite>
  <testsuite name="spec_perl_TestProcessXor4Const_t" errors="0" failures="0" skipped="0" tests="2" time="0.0358040332794189">
    <system-out>1..2
ok 1 - Equals
ok 2 - Equals
</system-out>
    <testcase name="Equals (231)" classname="spec_perl_TestProcessXor4Const_t" time="0.00140905380249023" />
    <testcase name="Equals (232)" classname="spec_perl_TestProcessXor4Const_t" time="7.00950622558594e-05" />
  </testsuite>
  <testsuite name="spec_perl_TestProcessXorConst_t" errors="0" failures="0" skipped="0" tests="2" time="0.0352499485015869">
    <system-out>1..2
ok 1 - Equals
ok 2 - Equals
</system-out>
    <testcase name="Equals (233)" classname="spec_perl_TestProcessXorConst_t" time="0.00145912170410156" />
    <testcase name="Equals (234)" classname="spec_perl_TestProcessXorConst_t" time="8.392333984375e-05" />
  </testsuite>
  <testsuite name="spec_perl_TestBitsSignedShiftB64Le_t" errors="0" failures="0" skipped="0" tests="2" time="0.0408530235290527">
    <system-out>1..2
ok 1 - Equals
ok 2 - Equals
</system-out>
    <testcase name="Equals (235)" classname="spec_perl_TestBitsSignedShiftB64Le_t" time="0.00178217887878418" />
    <testcase name="Equals (236)" classname="spec_perl_TestBitsSignedShiftB64Le_t" time="0.000238895416259766" />
  </testsuite>
  <testsuite name="spec_perl_TestCombineBool_t" errors="0" failures="0" skipped="0" tests="2" time="0.0363609790802002">
    <system-out>1..2
ok 1 - Equals
ok 2 - Equals
</system-out>
    <testcase name="Equals (237)" classname="spec_perl_TestCombineBool_t" time="0.00146007537841797" />
    <testcase name="Equals (238)" classname="spec_perl_TestCombineBool_t" time="8.29696655273438e-05" />
  </testsuite>
  <testsuite name="spec_perl_TestBitsUnalignedB32Le_t" errors="0" failures="0" skipped="0" tests="3" time="0.0365281105041504">
    <system-out>1..3
ok 1 - Equals
ok 2 - Equals
ok 3 - Equals
</system-out>
    <testcase name="Equals (239)" classname="spec_perl_TestBitsUnalignedB32Le_t" time="0.00140094757080078" />
    <testcase name="Equals (240)" classname="spec_perl_TestBitsUnalignedB32Le_t" time="6.103515625e-05" />
    <testcase name="Equals (241)" classname="spec_perl_TestBitsUnalignedB32Le_t" time="4.79221343994141e-05" />
  </testsuite>
  <testsuite name="spec_perl_TestZlibWithHeader78_t" errors="0" failures="0" skipped="0" tests="1" time="0.0661039352416992">
    <system-out>1..1
ok 1 - Equals
</system-out>
    <testcase name="Equals (242)" classname="spec_perl_TestZlibWithHeader78_t" time="0.00152707099914551" />
  </testsuite>
  <testsuite name="spec_perl_TestExprBytesNonLiteral_t" errors="0" failures="0" skipped="0" tests="3" time="0.0356218814849854">
    <system-out>1..3
ok 1 - Equals
ok 2 - Equals
ok 3 - Equals
</system-out>
    <testcase name="Equals (243)" classname="spec_perl_TestExprBytesNonLiteral_t" time="0.0012810230255127" />
    <testcase name="Equals (244)" classname="spec_perl_TestExprBytesNonLiteral_t" time="0.000110149383544922" />
    <testcase name="Equals (245)" classname="spec_perl_TestExprBytesNonLiteral_t" time="6.89029693603516e-05" />
  </testsuite>
  <testsuite name="spec_perl_TestValidLong_t" errors="0" failures="0" skipped="1" tests="1" time="0.0417101383209229">
    <system-out>1..1
ok 1 # skip ValidLong=HASH(0x557dae970970)
</system-out>
    <testcase name="Unnamed test case 245" classname="spec_perl_TestValidLong_t" time="0.00174689292907715">
      <skipped message="ok 1 # skip ValidLong=HASH(0x557dae970970)" />
    </testcase>
  </testsuite>
  <testsuite name="spec_perl_TestCastNested_t" errors="0" failures="0" skipped="0" tests="4" time="0.0417380332946777">
    <system-out>1..4
ok 1 - Equals
ok 2 - Equals
ok 3 - Equals
ok 4 - Equals
</system-out>
    <testcase name="Equals (246)" classname="spec_perl_TestCastNested_t" time="0.00139498710632324" />
    <testcase name="Equals (247)" classname="spec_perl_TestCastNested_t" time="7.10487365722656e-05" />
    <testcase name="Equals (248)" classname="spec_perl_TestCastNested_t" time="5.38825988769531e-05" />
    <testcase name="Equals (249)" classname="spec_perl_TestCastNested_t" time="4.41074371337891e-05" />
  </testsuite>
  <testsuite name="spec_perl_TestBitsSimpleLe_t" errors="0" failures="0" skipped="0" tests="14" time="0.0380740165710449">
    <system-out>1..14
ok 1 - Equals
ok 2 - Equals
ok 3 - Equals
ok 4 - Equals
ok 5 - Equals
ok 6 - Equals
ok 7 - Equals
ok 8 - Equals
ok 9 - Equals
ok 10 - Equals
ok 11 - Equals
ok 12 - Equals
ok 13 - Equals
ok 14 - Equals
</system-out>
    <testcase name="Equals (250)" classname="spec_perl_TestBitsSimpleLe_t" time="0.00155210494995117" />
    <testcase name="Equals (251)" classname="spec_perl_TestBitsSimpleLe_t" time="9.67979431152344e-05" />
    <testcase name="Equals (252)" classname="spec_perl_TestBitsSimpleLe_t" time="0.000260114669799805" />
    <testcase name="Equals (253)" classname="spec_perl_TestBitsSimpleLe_t" time="0.000330924987792969" />
    <testcase name="Equals (254)" classname="spec_perl_TestBitsSimpleLe_t" time="0.000221967697143555" />
    <testcase name="Equals (255)" classname="spec_perl_TestBitsSimpleLe_t" time="0.000666141510009766" />
    <testcase name="Equals (256)" classname="spec_perl_TestBitsSimpleLe_t" time="7.39097595214844e-05" />
    <testcase name="Equals (257)" classname="spec_perl_TestBitsSimpleLe_t" time="3.60012054443359e-05" />
    <testcase name="Equals (258)" classname="spec_perl_TestBitsSimpleLe_t" time="3.40938568115234e-05" />
    <testcase name="Equals (259)" classname="spec_perl_TestBitsSimpleLe_t" time="3.29017639160156e-05" />
    <testcase name="Equals (260)" classname="spec_perl_TestBitsSimpleLe_t" time="6.41345977783203e-05" />
    <testcase name="Equals (261)" classname="spec_perl_TestBitsSimpleLe_t" time="3.19480895996094e-05" />
    <testcase name="Equals (262)" classname="spec_perl_TestBitsSimpleLe_t" time="3.19480895996094e-05" />
    <testcase name="Equals (263)" classname="spec_perl_TestBitsSimpleLe_t" time="3.09944152832031e-05" />
  </testsuite>
  <testsuite name="spec_perl_TestStrLiterals2_t" errors="0" failures="0" skipped="0" tests="4" time="0.036189079284668">
    <system-out>1..4
ok 1 - Equals
ok 2 - Equals
ok 3 - Equals
ok 4 - Equals
</system-out>
    <testcase name="Equals (264)" classname="spec_perl_TestStrLiterals2_t" time="0.00137710571289062" />
    <testcase name="Equals (265)" classname="spec_perl_TestStrLiterals2_t" time="6.60419464111328e-05" />
    <testcase name="Equals (266)" classname="spec_perl_TestStrLiterals2_t" time="4.79221343994141e-05" />
    <testcase name="Equals (267)" classname="spec_perl_TestStrLiterals2_t" time="6.00814819335938e-05" />
  </testsuite>
  <testsuite name="spec_perl_TestSwitchManualIntSizeElse_t" errors="0" failures="0" skipped="0" tests="10" time="0.0435991287231445">
    <system-out>1..10
ok 1 - Equals
ok 2 - Equals
ok 3 - Equals
ok 4 - Equals
ok 5 - Equals
ok 6 - Equals
ok 7 - Equals
ok 8 - Equals
ok 9 - Equals
ok 10 - Equals
</system-out>
    <testcase name="Equals (268)" classname="spec_perl_TestSwitchManualIntSizeElse_t" time="0.00197601318359375" />
    <testcase name="Equals (269)" classname="spec_perl_TestSwitchManualIntSizeElse_t" time="8.60691070556641e-05" />
    <testcase name="Equals (270)" classname="spec_perl_TestSwitchManualIntSizeElse_t" time="4.10079956054688e-05" />
    <testcase name="Equals (271)" classname="spec_perl_TestSwitchManualIntSizeElse_t" time="3.69548797607422e-05" />
    <testcase name="Equals (272)" classname="spec_perl_TestSwitchManualIntSizeElse_t" time="4.69684600830078e-05" />
    <testcase name="Equals (273)" classname="spec_perl_TestSwitchManualIntSizeElse_t" time="4.50611114501953e-05" />
    <testcase name="Equals (274)" classname="spec_perl_TestSwitchManualIntSizeElse_t" time="9.29832458496094e-05" />
    <testcase name="Equals (275)" classname="spec_perl_TestSwitchManualIntSizeElse_t" time="7.39097595214844e-05" />
    <testcase name="Equals (276)" classname="spec_perl_TestSwitchManualIntSizeElse_t" time="6.79492950439453e-05" />
    <testcase name="Equals (277)" classname="spec_perl_TestSwitchManualIntSizeElse_t" time="8.0108642578125e-05" />
  </testsuite>
  <testsuite name="spec_perl_TestExprCalcArrayOps_t" errors="0" failures="0" skipped="0" tests="18" time="0.0373570919036865">
    <system-out>1..18
ok 1 - Equals
ok 2 - Equals
ok 3 - Equals
ok 4 - Equals
ok 5 - Equals
ok 6 - Equals
ok 7 - Equals
ok 8 - Approx equals
ok 9 - Approx equals
ok 10 - Approx equals
ok 11 - Approx equals
ok 12 - Approx equals
ok 13 - Equals
ok 14 - Equals
ok 15 - Equals
ok 16 - Equals
ok 17 - Equals
ok 18 - Equals
</system-out>
    <testcase name="Equals (278)" classname="spec_perl_TestExprCalcArrayOps_t" time="0.00124216079711914" />
    <testcase name="Equals (279)" classname="spec_perl_TestExprCalcArrayOps_t" time="0.000108957290649414" />
    <testcase name="Equals (280)" classname="spec_perl_TestExprCalcArrayOps_t" time="6.69956207275391e-05" />
    <testcase name="Equals (281)" classname="spec_perl_TestExprCalcArrayOps_t" time="8.20159912109375e-05" />
    <testcase name="Equals (282)" classname="spec_perl_TestExprCalcArrayOps_t" time="6.19888305664062e-05" />
    <testcase name="Equals (283)" classname="spec_perl_TestExprCalcArrayOps_t" time="7.70092010498047e-05" />
    <testcase name="Equals (284)" classname="spec_perl_TestExprCalcArrayOps_t" time="5.88893890380859e-05" />
    <testcase name="Approx equals (284)" classname="spec_perl_TestExprCalcArrayOps_t" time="8.41617584228516e-05" />
    <testcase name="Approx equals (285)" classname="spec_perl_TestExprCalcArrayOps_t" time="7.98702239990234e-05" />
    <testcase name="Approx equals (286)" classname="spec_perl_TestExprCalcArrayOps_t" time="6.29425048828125e-05" />
    <testcase name="Approx equals (287)" classname="spec_perl_TestExprCalcArrayOps_t" time="5.81741333007812e-05" />
    <testcase name="Approx equals (288)" classname="spec_perl_TestExprCalcArrayOps_t" time="5.69820404052734e-05" />
    <testcase name="Equals (288)" classname="spec_perl_TestExprCalcArrayOps_t" time="7.70092010498047e-05" />
    <testcase name="Equals (289)" classname="spec_perl_TestExprCalcArrayOps_t" time="0.000102996826171875" />
    <testcase name="Equals (290)" classname="spec_perl_TestExprCalcArrayOps_t" time="6.103515625e-05" />
    <testcase name="Equals (291)" classname="spec_perl_TestExprCalcArrayOps_t" time="5.69820404052734e-05" />
    <testcase name="Equals (292)" classname="spec_perl_TestExprCalcArrayOps_t" time="8.392333984375e-05" />
    <testcase name="Equals (293)" classname="spec_perl_TestExprCalcArrayOps_t" time="5.60283660888672e-05" />
  </testsuite>
  <testsuite name="spec_perl_TestDefaultEndianExprException_t" errors="0" failures="0" skipped="0" tests="1" time="0.0382051467895508">
    <system-out>1..1
ok 1 - threw /^Unable to decide on endianness/
</system-out>
    <testcase name="threw /^Unable to decide on endianness/ (293)" classname="spec_perl_TestDefaultEndianExprException_t" time="0.0014960765838623" />
  </testsuite>
  <testsuite name="spec_perl_TestRecursiveOne_t" errors="0" failures="0" skipped="0" tests="4" time="0.0363121032714844">
    <system-out>1..4
ok 1 - Equals
ok 2 - Equals
ok 3 - Equals
ok 4 - Equals
</system-out>
    <testcase name="Equals (294)" classname="spec_perl_TestRecursiveOne_t" time="0.00128602981567383" />
    <testcase name="Equals (295)" classname="spec_perl_TestRecursiveOne_t" time="9.79900360107422e-05" />
    <testcase name="Equals (296)" classname="spec_perl_TestRecursiveOne_t" time="5.88893890380859e-05" />
    <testcase name="Equals (297)" classname="spec_perl_TestRecursiveOne_t" time="8.70227813720703e-05" />
  </testsuite>
  <testsuite name="spec_perl_TestParamsPassArrayStruct_t" errors="0" failures="1" skipped="2" tests="3" time="0.0363860130310059">
    <system-out>1..3
not ok 1 - test_params_pass_array_struct died (Can't use an undefined value as an ARRAY reference at spec/perl/TestParamsPassArrayStruct.t line 14.)
ok 2 # skip test_params_pass_array_struct died
ok 3 # skip test_params_pass_array_struct died
</system-out>
    <testcase name="test_params_pass_array_struct died (Can't use an undefined value as an ARRAY reference at spec/perl/TestParamsPassArrayStruct.t line 14.) (297)" classname="spec_perl_TestParamsPassArrayStruct_t" time="0.00134491920471191">
      <failure message="not ok 1 - test_params_pass_array_struct died (Can't use an undefined value as an ARRAY reference at spec/perl/TestParamsPassArrayStruct.t line 14.)" type="TAP::Parser::Result::Test"></failure>
    </testcase>
    <testcase name="Unnamed test case 297" classname="spec_perl_TestParamsPassArrayStruct_t" time="0.000108003616333008">
      <skipped message="ok 2 # skip test_params_pass_array_struct died" />
    </testcase>
    <testcase name="Unnamed test case 298" classname="spec_perl_TestParamsPassArrayStruct_t" time="5.88893890380859e-05">
      <skipped message="ok 3 # skip test_params_pass_array_struct died" />
    </testcase>
  </testsuite>
  <testsuite name="spec_perl_TestBitsByteAligned_t" errors="0" failures="0" skipped="0" tests="9" time="0.0371620655059814">
    <system-out>1..9
ok 1 - Equals
ok 2 - Equals
ok 3 - Equals
ok 4 - Equals
ok 5 - Equals
ok 6 - Equals
ok 7 - Equals
ok 8 - Equals
ok 9 - Equals
</system-out>
    <testcase name="Equals (298)" classname="spec_perl_TestBitsByteAligned_t" time="0.00148797035217285" />
    <testcase name="Equals (299)" classname="spec_perl_TestBitsByteAligned_t" time="7.60555267333984e-05" />
    <testcase name="Equals (300)" classname="spec_perl_TestBitsByteAligned_t" time="3.79085540771484e-05" />
    <testcase name="Equals (301)" classname="spec_perl_TestBitsByteAligned_t" time="0.000168085098266602" />
    <testcase name="Equals (302)" classname="spec_perl_TestBitsByteAligned_t" time="4.1961669921875e-05" />
    <testcase name="Equals (303)" classname="spec_perl_TestBitsByteAligned_t" time="3.50475311279297e-05" />
    <testcase name="Equals (304)" classname="spec_perl_TestBitsByteAligned_t" time="4.60147857666016e-05" />
    <testcase name="Equals (305)" classname="spec_perl_TestBitsByteAligned_t" time="5.38825988769531e-05" />
    <testcase name="Equals (306)" classname="spec_perl_TestBitsByteAligned_t" time="4.50611114501953e-05" />
  </testsuite>
  <testsuite name="spec_perl_TestStrEos_t" errors="0" failures="0" skipped="0" tests="1" time="0.0412468910217285">
    <system-out>1..1
ok 1 - Equals
</system-out>
    <testcase name="Equals (307)" classname="spec_perl_TestStrEos_t" time="0.00135397911071777" />
  </testsuite>
  <testsuite name="spec_perl_TestEosExceptionU4_t" errors="0" failures="0" skipped="0" tests="1" time="0.0378899574279785">
    <system-out>1..1
ok 1 - threw /^Requested \d+ bytes, but only \d+ bytes available/
</system-out>
    <testcase name="threw /^Requested \d+ bytes, but only \d+ bytes available/ (307)" classname="spec_perl_TestEosExceptionU4_t" time="0.00181102752685547" />
  </testsuite>
  <testsuite name="spec_perl_TestIfInstances_t" errors="0" failures="0" skipped="0" tests="1" time="0.0360710620880127">
    <system-out>1..1
ok 1 - nil
</system-out>
    <testcase name="nil (307)" classname="spec_perl_TestIfInstances_t" time="0.0012660026550293" />
  </testsuite>
  <testsuite name="spec_perl_TestExprMod_t" errors="0" failures="0" skipped="0" tests="6" time="0.0375270843505859">
    <system-out>1..6
ok 1 - Equals
ok 2 - Equals
ok 3 - Equals
ok 4 - Equals
ok 5 - Equals
ok 6 - Equals
</system-out>
    <testcase name="Equals (308)" classname="spec_perl_TestExprMod_t" time="0.00179600715637207" />
    <testcase name="Equals (309)" classname="spec_perl_TestExprMod_t" time="9.70363616943359e-05" />
    <testcase name="Equals (310)" classname="spec_perl_TestExprMod_t" time="4.00543212890625e-05" />
    <testcase name="Equals (311)" classname="spec_perl_TestExprMod_t" time="3.50475311279297e-05" />
    <testcase name="Equals (312)" classname="spec_perl_TestExprMod_t" time="4.1961669921875e-05" />
    <testcase name="Equals (313)" classname="spec_perl_TestExprMod_t" time="3.38554382324219e-05" />
  </testsuite>
  <testsuite name="spec_perl_TestDefaultEndianExprInherited_t" errors="0" failures="0" skipped="0" tests="15" time="0.038428783416748">
    <system-out>1..15
ok 1 - Equals
ok 2 - Equals
ok 3 - Equals
ok 4 - Equals
ok 5 - Equals
ok 6 - Equals
ok 7 - Equals
ok 8 - Equals
ok 9 - Equals
ok 10 - Equals
ok 11 - Equals
ok 12 - Equals
ok 13 - Equals
ok 14 - Equals
ok 15 - Equals
</system-out>
    <testcase name="Equals (314)" classname="spec_perl_TestDefaultEndianExprInherited_t" time="0.00158500671386719" />
    <testcase name="Equals (315)" classname="spec_perl_TestDefaultEndianExprInherited_t" time="8.98838043212891e-05" />
    <testcase name="Equals (316)" classname="spec_perl_TestDefaultEndianExprInherited_t" time="3.91006469726562e-05" />
    <testcase name="Equals (317)" classname="spec_perl_TestDefaultEndianExprInherited_t" time="5.60283660888672e-05" />
    <testcase name="Equals (318)" classname="spec_perl_TestDefaultEndianExprInherited_t" time="4.60147857666016e-05" />
    <testcase name="Equals (319)" classname="spec_perl_TestDefaultEndianExprInherited_t" time="4.29153442382812e-05" />
    <testcase name="Equals (320)" classname="spec_perl_TestDefaultEndianExprInherited_t" time="5.69820404052734e-05" />
    <testcase name="Equals (321)" classname="spec_perl_TestDefaultEndianExprInherited_t" time="0.000133037567138672" />
    <testcase name="Equals (322)" classname="spec_perl_TestDefaultEndianExprInherited_t" time="4.79221343994141e-05" />
    <testcase name="Equals (323)" classname="spec_perl_TestDefaultEndianExprInherited_t" time="4.31537628173828e-05" />
    <testcase name="Equals (324)" classname="spec_perl_TestDefaultEndianExprInherited_t" time="6.4849853515625e-05" />
    <testcase name="Equals (325)" classname="spec_perl_TestDefaultEndianExprInherited_t" time="7.79628753662109e-05" />
    <testcase name="Equals (326)" classname="spec_perl_TestDefaultEndianExprInherited_t" time="5.91278076171875e-05" />
    <testcase name="Equals (327)" classname="spec_perl_TestDefaultEndianExprInherited_t" time="7.98702239990234e-05" />
    <testcase name="Equals (328)" classname="spec_perl_TestDefaultEndianExprInherited_t" time="8.70227813720703e-05" />
  </testsuite>
  <testsuite name="spec_perl_TestParamsCallExtraParens_t" errors="0" failures="1" skipped="0" tests="1" time="0.0423669815063477">
    <system-out>1..1
not ok 1 - Equals
</system-out>
    <testcase name="Equals (329)" classname="spec_perl_TestParamsCallExtraParens_t" time="0.00185894966125488">
      <failure message="not ok 1 - Equals" type="TAP::Parser::Result::Test"></failure>
    </testcase>
  </testsuite>
  <testsuite name="spec_perl_TestStrEncodings_t" errors="0" failures="0" skipped="0" tests="4" time="0.0455741882324219">
    <system-out>1..4
ok 1 - Equals
ok 2 - Equals
ok 3 - Equals
ok 4 - Equals
</system-out>
    <testcase name="Equals (330)" classname="spec_perl_TestStrEncodings_t" time="0.00561380386352539" />
    <testcase name="Equals (331)" classname="spec_perl_TestStrEncodings_t" time="0.000107049942016602" />
    <testcase name="Equals (332)" classname="spec_perl_TestStrEncodings_t" time="4.1961669921875e-05" />
    <testcase name="Equals (333)" classname="spec_perl_TestStrEncodings_t" time="3.71932983398438e-05" />
  </testsuite>
  <testsuite name="spec_perl_TestBitsUnalignedB64Be_t" errors="0" failures="0" skipped="0" tests="3" time="0.0363330841064453">
    <system-out>1..3
ok 1 - Equals
ok 2 - Equals
ok 3 - Equals
</system-out>
    <testcase name="Equals (334)" classname="spec_perl_TestBitsUnalignedB64Be_t" time="0.00139617919921875" />
    <testcase name="Equals (335)" classname="spec_perl_TestBitsUnalignedB64Be_t" time="6.29425048828125e-05" />
    <testcase name="Equals (336)" classname="spec_perl_TestBitsUnalignedB64Be_t" time="5.50746917724609e-05" />
  </testsuite>
  <testsuite name="spec_perl_TestStrEncodingsDefault_t" errors="0" failures="0" skipped="0" tests="4" time="0.0458059310913086">
    <system-out>1..4
ok 1 - Equals
ok 2 - Equals
ok 3 - Equals
ok 4 - Equals
</system-out>
    <testcase name="Equals (337)" classname="spec_perl_TestStrEncodingsDefault_t" time="0.00556492805480957" />
    <testcase name="Equals (338)" classname="spec_perl_TestStrEncodingsDefault_t" time="9.29832458496094e-05" />
    <testcase name="Equals (339)" classname="spec_perl_TestStrEncodingsDefault_t" time="4.1961669921875e-05" />
    <testcase name="Equals (340)" classname="spec_perl_TestStrEncodingsDefault_t" time="5.00679016113281e-05" />
  </testsuite>
  <testsuite name="spec_perl_TestEnumFancy_t" errors="0" failures="0" skipped="0" tests="2" time="0.0360040664672852">
    <system-out>1..2
ok 1 - Equals
ok 2 - Equals
</system-out>
    <testcase name="Equals (341)" classname="spec_perl_TestEnumFancy_t" time="0.00135588645935059" />
    <testcase name="Equals (342)" classname="spec_perl_TestEnumFancy_t" time="0.000107049942016602" />
  </testsuite>
  <testsuite name="spec_perl_TestDocstrings_t" errors="0" failures="0" skipped="1" tests="1" time="0.036262035369873">
    <system-out>1..1
ok 1 # skip Docstrings=HASH(0x55981f8e1628)
</system-out>
    <testcase name="Unnamed test case 342" classname="spec_perl_TestDocstrings_t" time="0.00163602828979492">
      <skipped message="ok 1 # skip Docstrings=HASH(0x55981f8e1628)" />
    </testcase>
  </testsuite>
  <testsuite name="spec_perl_TestEnumIntRangeS_t" errors="0" failures="0" skipped="0" tests="3" time="0.0375120639801025">
    <system-out>1..3
ok 1 - Equals
ok 2 - Equals
ok 3 - Equals
</system-out>
    <testcase name="Equals (343)" classname="spec_perl_TestEnumIntRangeS_t" time="0.00150203704833984" />
    <testcase name="Equals (344)" classname="spec_perl_TestEnumIntRangeS_t" time="0.000135898590087891" />
    <testcase name="Equals (345)" classname="spec_perl_TestEnumIntRangeS_t" time="9.29832458496094e-05" />
  </testsuite>
  <testsuite name="spec_perl_TestBitsShiftByB32Le_t" errors="0" failures="0" skipped="0" tests="2" time="0.0364069938659668">
    <system-out>1..2
ok 1 - Equals
ok 2 - Equals
</system-out>
    <testcase name="Equals (346)" classname="spec_perl_TestBitsShiftByB32Le_t" time="0.00144815444946289" />
    <testcase name="Equals (347)" classname="spec_perl_TestBitsShiftByB32Le_t" time="9.89437103271484e-05" />
  </testsuite>
  <testsuite name="spec_perl_TestExprBytesCmp_t" errors="0" failures="0" skipped="0" tests="10" time="0.0363349914550781">
    <system-out>1..10
ok 1 - Equals
ok 2 - Equals
ok 3 - Equals
ok 4 - Equals
ok 5 - Equals
ok 6 - Equals
ok 7 - Equals
ok 8 - Equals
ok 9 - Equals
ok 10 - Equals
</system-out>
    <testcase name="Equals (348)" classname="spec_perl_TestExprBytesCmp_t" time="0.00127196311950684" />
    <testcase name="Equals (349)" classname="spec_perl_TestExprBytesCmp_t" time="0.000112056732177734" />
    <testcase name="Equals (350)" classname="spec_perl_TestExprBytesCmp_t" time="7.70092010498047e-05" />
    <testcase name="Equals (351)" classname="spec_perl_TestExprBytesCmp_t" time="8.29696655273438e-05" />
    <testcase name="Equals (352)" classname="spec_perl_TestExprBytesCmp_t" time="6.19888305664062e-05" />
    <testcase name="Equals (353)" classname="spec_perl_TestExprBytesCmp_t" time="6.00814819335938e-05" />
    <testcase name="Equals (354)" classname="spec_perl_TestExprBytesCmp_t" time="7.89165496826172e-05" />
    <testcase name="Equals (355)" classname="spec_perl_TestExprBytesCmp_t" time="5.60283660888672e-05" />
    <testcase name="Equals (356)" classname="spec_perl_TestExprBytesCmp_t" time="5.79357147216797e-05" />
    <testcase name="Equals (357)" classname="spec_perl_TestExprBytesCmp_t" time="8.20159912109375e-05" />
  </testsuite>
  <testsuite name="spec_perl_TestFloatToI_t" errors="0" failures="0" skipped="0" tests="8" time="0.0370750427246094">
    <system-out>1..8
ok 1 - Approx equals
ok 2 - Approx equals
ok 3 - Equals
ok 4 - Equals
ok 5 - Equals
ok 6 - Equals
ok 7 - Equals
ok 8 - Equals
</system-out>
    <testcase name="Approx equals (357)" classname="spec_perl_TestFloatToI_t" time="0.00136590003967285" />
    <testcase name="Approx equals (358)" classname="spec_perl_TestFloatToI_t" time="7.70092010498047e-05" />
    <testcase name="Equals (358)" classname="spec_perl_TestFloatToI_t" time="7.20024108886719e-05" />
    <testcase name="Equals (359)" classname="spec_perl_TestFloatToI_t" time="4.29153442382812e-05" />
    <testcase name="Equals (360)" classname="spec_perl_TestFloatToI_t" time="3.814697265625e-05" />
    <testcase name="Equals (361)" classname="spec_perl_TestFloatToI_t" time="5.19752502441406e-05" />
    <testcase name="Equals (362)" classname="spec_perl_TestFloatToI_t" time="3.79085540771484e-05" />
    <testcase name="Equals (363)" classname="spec_perl_TestFloatToI_t" time="4.69684600830078e-05" />
  </testsuite>
  <testsuite name="spec_perl_TestRepeatEosBit_t" errors="0" failures="0" skipped="0" tests="1" time="0.0359261035919189">
    <system-out>1..1
ok 1 - Equals
</system-out>
    <testcase name="Equals (364)" classname="spec_perl_TestRepeatEosBit_t" time="0.00146102905273438" />
  </testsuite>
  <testsuite name="spec_perl_TestBitsSignedShiftB32Le_t" errors="0" failures="0" skipped="0" tests="2" time="0.0366170406341553">
    <system-out>1..2
ok 1 - Equals
ok 2 - Equals
</system-out>
    <testcase name="Equals (365)" classname="spec_perl_TestBitsSignedShiftB32Le_t" time="0.00218510627746582" />
    <testcase name="Equals (366)" classname="spec_perl_TestBitsSignedShiftB32Le_t" time="6.79492950439453e-05" />
  </testsuite>
  <testsuite name="spec_perl_TestNavParentSwitchCast_t" errors="0" failures="0" skipped="0" tests="3" time="0.0368280410766602">
    <system-out>1..3
ok 1 - Equals
ok 2 - Equals
ok 3 - Equals
</system-out>
    <testcase name="Equals (367)" classname="spec_perl_TestNavParentSwitchCast_t" time="0.0016930103302002" />
    <testcase name="Equals (368)" classname="spec_perl_TestNavParentSwitchCast_t" time="8.70227813720703e-05" />
    <testcase name="Equals (369)" classname="spec_perl_TestNavParentSwitchCast_t" time="4.91142272949219e-05" />
  </testsuite>
  <testsuite name="spec_perl_TestNavParentVsValueInst_t" errors="0" failures="0" skipped="0" tests="1" time="0.040539026260376">
    <system-out>1..1
ok 1 - Equals
</system-out>
    <testcase name="Equals (370)" classname="spec_perl_TestNavParentVsValueInst_t" time="0.00133085250854492" />
  </testsuite>
  <testsuite name="spec_perl_TestExprBytesOps_t" errors="0" failures="0" skipped="0" tests="16" time="0.0370991230010986">
    <system-out>1..16
ok 1 - Equals
ok 2 - Equals
ok 3 - Equals
ok 4 - Equals
ok 5 - Equals
ok 6 - Equals
ok 7 - Equals
ok 8 - Equals
ok 9 - Equals
ok 10 - Equals
ok 11 - Equals
ok 12 - Equals
ok 13 - Equals
ok 14 - Equals
ok 15 - Equals
ok 16 - Equals
</system-out>
    <testcase name="Equals (371)" classname="spec_perl_TestExprBytesOps_t" time="0.00131511688232422" />
    <testcase name="Equals (372)" classname="spec_perl_TestExprBytesOps_t" time="9.39369201660156e-05" />
    <testcase name="Equals (373)" classname="spec_perl_TestExprBytesOps_t" time="5.69820404052734e-05" />
    <testcase name="Equals (374)" classname="spec_perl_TestExprBytesOps_t" time="6.69956207275391e-05" />
    <testcase name="Equals (375)" classname="spec_perl_TestExprBytesOps_t" time="5.00679016113281e-05" />
    <testcase name="Equals (376)" classname="spec_perl_TestExprBytesOps_t" time="6.38961791992188e-05" />
    <testcase name="Equals (377)" classname="spec_perl_TestExprBytesOps_t" time="5.00679016113281e-05" />
    <testcase name="Equals (378)" classname="spec_perl_TestExprBytesOps_t" time="6.103515625e-05" />
    <testcase name="Equals (379)" classname="spec_perl_TestExprBytesOps_t" time="4.91142272949219e-05" />
    <testcase name="Equals (380)" classname="spec_perl_TestExprBytesOps_t" time="6.07967376708984e-05" />
    <testcase name="Equals (381)" classname="spec_perl_TestExprBytesOps_t" time="7.60555267333984e-05" />
    <testcase name="Equals (382)" classname="spec_perl_TestExprBytesOps_t" time="6.103515625e-05" />
    <testcase name="Equals (383)" classname="spec_perl_TestExprBytesOps_t" time="5.00679016113281e-05" />
    <testcase name="Equals (384)" classname="spec_perl_TestExprBytesOps_t" time="6.60419464111328e-05" />
    <testcase name="Equals (385)" classname="spec_perl_TestExprBytesOps_t" time="6.19888305664062e-05" />
    <testcase name="Equals (386)" classname="spec_perl_TestExprBytesOps_t" time="6.69956207275391e-05" />
  </testsuite>
  <testsuite name="spec_perl_TestNestedTypes3_t" errors="0" failures="0" skipped="0" tests="5" time="0.0373480319976807">
    <system-out>1..5
ok 1 - Equals
ok 2 - Equals
ok 3 - Equals
ok 4 - Equals
ok 5 - Equals
</system-out>
    <testcase name="Equals (387)" classname="spec_perl_TestNestedTypes3_t" time="0.00151205062866211" />
    <testcase name="Equals (388)" classname="spec_perl_TestNestedTypes3_t" time="9.70363616943359e-05" />
    <testcase name="Equals (389)" classname="spec_perl_TestNestedTypes3_t" time="4.1961669921875e-05" />
    <testcase name="Equals (390)" classname="spec_perl_TestNestedTypes3_t" time="5.91278076171875e-05" />
    <testcase name="Equals (391)" classname="spec_perl_TestNestedTypes3_t" time="3.60012054443359e-05" />
  </testsuite>
  <testsuite name="spec_perl_TestProcessCustomNoArgs_t" errors="1" failures="0" skipped="0" tests="0" time="0.0333662033081055">
    <system-out></system-out>
    <testcase name="Test died too soon, even before plan. (391)" classname="spec_perl_TestProcessCustomNoArgs_t" time="0.0333662033081055">
      <failure message="The test suite died before a plan was produced. You need to have a plan." type="Plan">No plan</failure>
    </testcase>
  </testsuite>
  <testsuite name="spec_perl_TestDocstringsDocrefMulti_t" errors="0" failures="0" skipped="1" tests="1" time="0.0359208583831787">
    <system-out>1..1
ok 1 # skip DocstringsDocrefMulti=HASH(0x560eb1a09888)
</system-out>
    <testcase name="Unnamed test case 391" classname="spec_perl_TestDocstringsDocrefMulti_t" time="0.00165915489196777">
      <skipped message="ok 1 # skip DocstringsDocrefMulti=HASH(0x560eb1a09888)" />
    </testcase>
  </testsuite>
  <testsuite name="spec_perl_TestRepeatUntilS4_t" errors="0" failures="0" skipped="0" tests="2" time="0.0408761501312256">
    <system-out>1..2
ok 1 - Equals
ok 2 - Equals
</system-out>
    <testcase name="Equals (392)" classname="spec_perl_TestRepeatUntilS4_t" time="0.00134396553039551" />
    <testcase name="Equals (393)" classname="spec_perl_TestRepeatUntilS4_t" time="9.20295715332031e-05" />
  </testsuite>
  <testsuite name="spec_perl_TestInstanceUserArray_t" errors="0" failures="0" skipped="0" tests="10" time="0.0377199649810791">
    <system-out>1..10
ok 1 - Equals
ok 2 - Equals
ok 3 - Equals
ok 4 - Equals
ok 5 - Equals
ok 6 - Equals
ok 7 - Equals
ok 8 - Equals
ok 9 - Equals
ok 10 - Equals
</system-out>
    <testcase name="Equals (394)" classname="spec_perl_TestInstanceUserArray_t" time="0.00131797790527344" />
    <testcase name="Equals (395)" classname="spec_perl_TestInstanceUserArray_t" time="7.10487365722656e-05" />
    <testcase name="Equals (396)" classname="spec_perl_TestInstanceUserArray_t" time="4.81605529785156e-05" />
    <testcase name="Equals (397)" classname="spec_perl_TestInstanceUserArray_t" time="0.00049901008605957" />
    <testcase name="Equals (398)" classname="spec_perl_TestInstanceUserArray_t" time="0.00013279914855957" />
    <testcase name="Equals (399)" classname="spec_perl_TestInstanceUserArray_t" time="5.00679016113281e-05" />
    <testcase name="Equals (400)" classname="spec_perl_TestInstanceUserArray_t" time="4.50611114501953e-05" />
    <testcase name="Equals (401)" classname="spec_perl_TestInstanceUserArray_t" time="7.29560852050781e-05" />
    <testcase name="Equals (402)" classname="spec_perl_TestInstanceUserArray_t" time="7.79628753662109e-05" />
    <testcase name="Equals (403)" classname="spec_perl_TestInstanceUserArray_t" time="6.60419464111328e-05" />
  </testsuite>
  <testsuite name="spec_perl_TestProcessRepeatBytes_t" errors="0" failures="0" skipped="0" tests="2" time="0.035628080368042">
    <system-out>1..2
ok 1 - Equals
ok 2 - Equals
</system-out>
[...]
    </testcase>
    <testcase name="Unnamed test case 879" classname="spec_perl_TestParamsPassArrayStr_t" time="8.41617584228516e-05">
      <skipped message="ok 3 # skip test_params_pass_array_str died" />
    </testcase>
    <testcase name="Unnamed test case 880" classname="spec_perl_TestParamsPassArrayStr_t" time="7.20024108886719e-05">
      <skipped message="ok 4 # skip test_params_pass_array_str died" />
    </testcase>
    <testcase name="Unnamed test case 881" classname="spec_perl_TestParamsPassArrayStr_t" time="7.48634338378906e-05">
      <skipped message="ok 5 # skip test_params_pass_array_str died" />
    </testcase>
    <testcase name="Unnamed test case 882" classname="spec_perl_TestParamsPassArrayStr_t" time="6.60419464111328e-05">
      <skipped message="ok 6 # skip test_params_pass_array_str died" />
    </testcase>
    <testcase name="Unnamed test case 883" classname="spec_perl_TestParamsPassArrayStr_t" time="6.50882720947266e-05">
      <skipped message="ok 7 # skip test_params_pass_array_str died" />
    </testcase>
  </testsuite>
  <testsuite name="spec_perl_TestFixedContents_t" errors="0" failures="0" skipped="1" tests="1" time="0.0358469486236572">
    <system-out>1..1
ok 1 # skip FixedContents=HASH(0x56112d7b3d60)
</system-out>
    <testcase name="Unnamed test case 884" classname="spec_perl_TestFixedContents_t" time="0.00169610977172852">
      <skipped message="ok 1 # skip FixedContents=HASH(0x56112d7b3d60)" />
    </testcase>
  </testsuite>
  <testsuite name="spec_perl_TestProcessXor4Value_t" errors="0" failures="0" skipped="0" tests="2" time="0.0356969833374023">
    <system-out>1..2
ok 1 - Equals
ok 2 - Equals
</system-out>
    <testcase name="Equals (884)" classname="spec_perl_TestProcessXor4Value_t" time="0.00141406059265137" />
    <testcase name="Equals (885)" classname="spec_perl_TestProcessXor4Value_t" time="6.29425048828125e-05" />
  </testsuite>
  <testsuite name="spec_perl_TestBitsEnum_t" errors="0" failures="0" skipped="0" tests="3" time="0.0360507965087891">
    <system-out>1..3
ok 1 - Equals
ok 2 - Equals
ok 3 - Equals
</system-out>
    <testcase name="Equals (886)" classname="spec_perl_TestBitsEnum_t" time="0.00148415565490723" />
    <testcase name="Equals (887)" classname="spec_perl_TestBitsEnum_t" time="8.20159912109375e-05" />
    <testcase name="Equals (888)" classname="spec_perl_TestBitsEnum_t" time="4.69684600830078e-05" />
  </testsuite>
  <testsuite name="spec_perl_TestRepeatNStrzDouble_t" errors="0" failures="0" skipped="0" tests="3" time="0.0411980152130127">
    <system-out>1..3
ok 1 - Equals
ok 2 - Equals
ok 3 - Equals
</system-out>
    <testcase name="Equals (889)" classname="spec_perl_TestRepeatNStrzDouble_t" time="0.00144600868225098" />
    <testcase name="Equals (890)" classname="spec_perl_TestRepeatNStrzDouble_t" time="8.29696655273438e-05" />
    <testcase name="Equals (891)" classname="spec_perl_TestRepeatNStrzDouble_t" time="8.98838043212891e-05" />
  </testsuite>
  <testsuite name="spec_perl_TestImportsAbsAbs_t" errors="0" failures="0" skipped="0" tests="3" time="0.0369958877563477">
    <system-out>1..3
ok 1 - Equals
ok 2 - Equals
ok 3 - Equals
</system-out>
    <testcase name="Equals (892)" classname="spec_perl_TestImportsAbsAbs_t" time="0.00138497352600098" />
    <testcase name="Equals (893)" classname="spec_perl_TestImportsAbsAbs_t" time="6.79492950439453e-05" />
    <testcase name="Equals (894)" classname="spec_perl_TestImportsAbsAbs_t" time="4.79221343994141e-05" />
  </testsuite>
  <testsuite name="spec_perl_TestExpr0_t" errors="0" failures="0" skipped="0" tests="2" time="0.036113977432251">
    <system-out>1..2
ok 1 - Equals
ok 2 - Equals
</system-out>
    <testcase name="Equals (895)" classname="spec_perl_TestExpr0_t" time="0.00132298469543457" />
    <testcase name="Equals (896)" classname="spec_perl_TestExpr0_t" time="0.000108957290649414" />
  </testsuite>
  <testsuite name="spec_perl_TestEnumInvalid_t" errors="0" failures="0" skipped="0" tests="2" time="0.0429069995880127">
    <system-out>1..2
ok 1 - Equals
ok 2 - Equals
</system-out>
    <testcase name="Equals (897)" classname="spec_perl_TestEnumInvalid_t" time="0.0014650821685791" />
    <testcase name="Equals (898)" classname="spec_perl_TestEnumInvalid_t" time="0.000123977661132812" />
  </testsuite>
  <testsuite name="spec_perl_TestExprBits_t" errors="0" failures="0" skipped="0" tests="10" time="0.0366959571838379">
    <system-out>1..10
ok 1 - Equals
ok 2 - Equals
ok 3 - Equals
ok 4 - Equals
ok 5 - Equals
ok 6 - Equals
ok 7 - Equals
ok 8 - Equals
ok 9 - Equals
ok 10 - Equals
</system-out>
    <testcase name="Equals (899)" classname="spec_perl_TestExprBits_t" time="0.00147795677185059" />
    <testcase name="Equals (900)" classname="spec_perl_TestExprBits_t" time="9.60826873779297e-05" />
    <testcase name="Equals (901)" classname="spec_perl_TestExprBits_t" time="0.000103950500488281" />
    <testcase name="Equals (902)" classname="spec_perl_TestExprBits_t" time="6.69956207275391e-05" />
    <testcase name="Equals (903)" classname="spec_perl_TestExprBits_t" time="0.000119924545288086" />
    <testcase name="Equals (904)" classname="spec_perl_TestExprBits_t" time="6.50882720947266e-05" />
    <testcase name="Equals (905)" classname="spec_perl_TestExprBits_t" time="6.60419464111328e-05" />
    <testcase name="Equals (906)" classname="spec_perl_TestExprBits_t" time="8.392333984375e-05" />
    <testcase name="Equals (907)" classname="spec_perl_TestExprBits_t" time="6.00814819335938e-05" />
    <testcase name="Equals (908)" classname="spec_perl_TestExprBits_t" time="5.79357147216797e-05" />
  </testsuite>
  <testsuite name="spec_perl_TestOpaqueExternalType02Parent_t" errors="0" failures="0" skipped="0" tests="3" time="0.0423860549926758">
    <system-out>1..3
ok 1 - Equals
ok 2 - Equals
ok 3 - Equals
</system-out>
    <testcase name="Equals (909)" classname="spec_perl_TestOpaqueExternalType02Parent_t" time="0.00159096717834473" />
    <testcase name="Equals (910)" classname="spec_perl_TestOpaqueExternalType02Parent_t" time="8.08238983154297e-05" />
    <testcase name="Equals (911)" classname="spec_perl_TestOpaqueExternalType02Parent_t" time="4.41074371337891e-05" />
  </testsuite>
  <testsuite name="spec_perl_TestBitsSeqEndianCombo_t" errors="0" failures="0" skipped="0" tests="8" time="0.0375552177429199">
    <system-out>1..8
ok 1 - Equals
ok 2 - Equals
ok 3 - Equals
ok 4 - Equals
ok 5 - Equals
ok 6 - Equals
ok 7 - Equals
ok 8 - Equals
</system-out>
    <testcase name="Equals (912)" classname="spec_perl_TestBitsSeqEndianCombo_t" time="0.00146102905273438" />
    <testcase name="Equals (913)" classname="spec_perl_TestBitsSeqEndianCombo_t" time="8.29696655273438e-05" />
    <testcase name="Equals (914)" classname="spec_perl_TestBitsSeqEndianCombo_t" time="4.50611114501953e-05" />
    <testcase name="Equals (915)" classname="spec_perl_TestBitsSeqEndianCombo_t" time="3.57627868652344e-05" />
    <testcase name="Equals (916)" classname="spec_perl_TestBitsSeqEndianCombo_t" time="5.22136688232422e-05" />
    <testcase name="Equals (917)" classname="spec_perl_TestBitsSeqEndianCombo_t" time="3.69548797607422e-05" />
    <testcase name="Equals (918)" classname="spec_perl_TestBitsSeqEndianCombo_t" time="4.29153442382812e-05" />
    <testcase name="Equals (919)" classname="spec_perl_TestBitsSeqEndianCombo_t" time="4.10079956054688e-05" />
  </testsuite>
  <testsuite name="spec_perl_TestEosExceptionBytes_t" errors="0" failures="0" skipped="0" tests="1" time="0.0378711223602295">
    <system-out>1..1
ok 1 - threw /^Requested \d+ bytes, but only \d+ bytes available/
</system-out>
    <testcase name="threw /^Requested \d+ bytes, but only \d+ bytes available/ (919)" classname="spec_perl_TestEosExceptionBytes_t" time="0.00174689292907715" />
  </testsuite>
  <testsuite name="spec_perl_TestEnumLongRangeS_t" errors="0" failures="0" skipped="0" tests="7" time="0.0399191379547119">
    <system-out>1..7
ok 1 - Equals
ok 2 - Equals
ok 3 - Equals
ok 4 - Equals
ok 5 - Equals
ok 6 - Equals
ok 7 - Equals
</system-out>
    <testcase name="Equals (920)" classname="spec_perl_TestEnumLongRangeS_t" time="0.00170111656188965" />
    <testcase name="Equals (921)" classname="spec_perl_TestEnumLongRangeS_t" time="0.000102043151855469" />
    <testcase name="Equals (922)" classname="spec_perl_TestEnumLongRangeS_t" time="5.38825988769531e-05" />
    <testcase name="Equals (923)" classname="spec_perl_TestEnumLongRangeS_t" time="4.79221343994141e-05" />
    <testcase name="Equals (924)" classname="spec_perl_TestEnumLongRangeS_t" time="6.50882720947266e-05" />
    <testcase name="Equals (925)" classname="spec_perl_TestEnumLongRangeS_t" time="4.60147857666016e-05" />
    <testcase name="Equals (926)" classname="spec_perl_TestEnumLongRangeS_t" time="4.50611114501953e-05" />
  </testsuite>
  <testsuite name="spec_perl_TestDebugSwitchUser_t" errors="1" failures="0" skipped="0" tests="0" time="0.03302001953125">
    <system-out></system-out>
    <testcase name="Test died too soon, even before plan. (926)" classname="spec_perl_TestDebugSwitchUser_t" time="0.03302001953125">
      <failure message="The test suite died before a plan was produced. You need to have a plan." type="Plan">No plan</failure>
    </testcase>
  </testsuite>
  <testsuite name="spec_perl_TestExprIfIntOps_t" errors="0" failures="0" skipped="0" tests="2" time="0.0351262092590332">
    <system-out>1..2
ok 1 - Equals
ok 2 - Equals
</system-out>
    <testcase name="Equals (927)" classname="spec_perl_TestExprIfIntOps_t" time="0.00127005577087402" />
    <testcase name="Equals (928)" classname="spec_perl_TestExprIfIntOps_t" time="0.000113010406494141" />
  </testsuite>
  <testsuite name="spec_perl_TestSwitchIntegers_t" errors="0" failures="0" skipped="0" tests="9" time="0.037045955657959">
    <system-out>1..9
ok 1 - Equals
ok 2 - Equals
ok 3 - Equals
ok 4 - Equals
ok 5 - Equals
ok 6 - Equals
ok 7 - Equals
ok 8 - Equals
ok 9 - Equals
</system-out>
    <testcase name="Equals (929)" classname="spec_perl_TestSwitchIntegers_t" time="0.00245308876037598" />
    <testcase name="Equals (930)" classname="spec_perl_TestSwitchIntegers_t" time="0.0001068115234375" />
    <testcase name="Equals (931)" classname="spec_perl_TestSwitchIntegers_t" time="4.10079956054688e-05" />
    <testcase name="Equals (932)" classname="spec_perl_TestSwitchIntegers_t" time="3.60012054443359e-05" />
    <testcase name="Equals (933)" classname="spec_perl_TestSwitchIntegers_t" time="3.40938568115234e-05" />
    <testcase name="Equals (934)" classname="spec_perl_TestSwitchIntegers_t" time="3.19480895996094e-05" />
    <testcase name="Equals (935)" classname="spec_perl_TestSwitchIntegers_t" time="3.29017639160156e-05" />
    <testcase name="Equals (936)" classname="spec_perl_TestSwitchIntegers_t" time="3.60012054443359e-05" />
    <testcase name="Equals (937)" classname="spec_perl_TestSwitchIntegers_t" time="3.31401824951172e-05" />
  </testsuite>
  <testsuite name="spec_perl_TestDocstringsDocref_t" errors="0" failures="0" skipped="1" tests="1" time="0.0353710651397705">
    <system-out>1..1
ok 1 # skip DocstringsDocref=HASH(0x561a430ce4c0)
</system-out>
    <testcase name="Unnamed test case 937" classname="spec_perl_TestDocstringsDocref_t" time="0.00166106224060059">
      <skipped message="ok 1 # skip DocstringsDocref=HASH(0x561a430ce4c0)" />
    </testcase>
  </testsuite>
  <testsuite name="spec_perl_TestExprSizeofType0_t" errors="0" failures="0" skipped="0" tests="1" time="0.0362739562988281">
    <system-out>1..1
ok 1 - Equals
</system-out>
    <testcase name="Equals (938)" classname="spec_perl_TestExprSizeofType0_t" time="0.00133490562438965" />
  </testsuite>
  <testsuite name="spec_perl_TestExpr2_t" errors="0" failures="0" skipped="0" tests="17" time="0.043694019317627">
    <system-out>1..17
ok 1 - Equals
ok 2 - Equals
ok 3 - Equals
ok 4 - Equals
ok 5 - Equals
ok 6 - Equals
ok 7 - Equals
ok 8 - Equals
ok 9 - Equals
ok 10 - Equals
ok 11 - Equals
ok 12 - Equals
ok 13 - Equals
ok 14 - Equals
ok 15 - Equals
ok 16 - Equals
ok 17 - Equals
</system-out>
    <testcase name="Equals (939)" classname="spec_perl_TestExpr2_t" time="0.00185298919677734" />
    <testcase name="Equals (940)" classname="spec_perl_TestExpr2_t" time="0.000128030776977539" />
    <testcase name="Equals (941)" classname="spec_perl_TestExpr2_t" time="7.29560852050781e-05" />
    <testcase name="Equals (942)" classname="spec_perl_TestExpr2_t" time="6.31809234619141e-05" />
    <testcase name="Equals (943)" classname="spec_perl_TestExpr2_t" time="8.20159912109375e-05" />
    <testcase name="Equals (944)" classname="spec_perl_TestExpr2_t" time="5.79357147216797e-05" />
    <testcase name="Equals (945)" classname="spec_perl_TestExpr2_t" time="6.69956207275391e-05" />
    <testcase name="Equals (946)" classname="spec_perl_TestExpr2_t" time="7.60555267333984e-05" />
    <testcase name="Equals (947)" classname="spec_perl_TestExpr2_t" time="5.79357147216797e-05" />
    <testcase name="Equals (948)" classname="spec_perl_TestExpr2_t" time="5.69820404052734e-05" />
    <testcase name="Equals (949)" classname="spec_perl_TestExpr2_t" time="7.70092010498047e-05" />
    <testcase name="Equals (950)" classname="spec_perl_TestExpr2_t" time="5.60283660888672e-05" />
    <testcase name="Equals (951)" classname="spec_perl_TestExpr2_t" time="5.79357147216797e-05" />
    <testcase name="Equals (952)" classname="spec_perl_TestExpr2_t" time="7.91549682617188e-05" />
    <testcase name="Equals (953)" classname="spec_perl_TestExpr2_t" time="5.69820404052734e-05" />
    <testcase name="Equals (954)" classname="spec_perl_TestExpr2_t" time="8.70227813720703e-05" />
    <testcase name="Equals (955)" classname="spec_perl_TestExpr2_t" time="5.57899475097656e-05" />
  </testsuite>
  <testsuite name="spec_perl_TestIndexSizes_t" errors="0" failures="0" skipped="0" tests="7" time="0.0412700176239014">
    <system-out>1..7
ok 1 - Equals
ok 2 - Equals
ok 3 - Equals
ok 4 - Equals
ok 5 - Equals
ok 6 - Equals
ok 7 - Equals
</system-out>
    <testcase name="Equals (956)" classname="spec_perl_TestIndexSizes_t" time="0.00145101547241211" />
    <testcase name="Equals (957)" classname="spec_perl_TestIndexSizes_t" time="8.29696655273438e-05" />
    <testcase name="Equals (958)" classname="spec_perl_TestIndexSizes_t" time="4.00543212890625e-05" />
    <testcase name="Equals (959)" classname="spec_perl_TestIndexSizes_t" time="4.69684600830078e-05" />
    <testcase name="Equals (960)" classname="spec_perl_TestIndexSizes_t" time="4.48226928710938e-05" />
    <testcase name="Equals (961)" classname="spec_perl_TestIndexSizes_t" time="4.50611114501953e-05" />
    <testcase name="Equals (962)" classname="spec_perl_TestIndexSizes_t" time="7.79628753662109e-05" />
  </testsuite>
  <testsuite name="spec_perl_TestImportsAbsRel_t" errors="0" failures="0" skipped="0" tests="3" time="0.0368871688842773">
    <system-out>1..3
ok 1 - Equals
ok 2 - Equals
ok 3 - Equals
</system-out>
    <testcase name="Equals (963)" classname="spec_perl_TestImportsAbsRel_t" time="0.00139594078063965" />
    <testcase name="Equals (964)" classname="spec_perl_TestImportsAbsRel_t" time="5.98430633544922e-05" />
    <testcase name="Equals (965)" classname="spec_perl_TestImportsAbsRel_t" time="4.91142272949219e-05" />
  </testsuite>
  <testsuite name="spec_perl_TestPositionToEnd_t" errors="0" failures="0" skipped="0" tests="2" time="0.0362479686737061">
    <system-out>1..2
ok 1 - Equals
ok 2 - Equals
</system-out>
    <testcase name="Equals (966)" classname="spec_perl_TestPositionToEnd_t" time="0.00142693519592285" />
    <testcase name="Equals (967)" classname="spec_perl_TestPositionToEnd_t" time="6.38961791992188e-05" />
  </testsuite>
  <testsuite name="spec_perl_TestSwitchManualEnumInvalidElse_t" errors="0" failures="0" skipped="0" tests="5" time="0.0419390201568604">
    <system-out>1..5
ok 1 - Equals
ok 2 - Equals
ok 3 - Equals
ok 4 - Equals
ok 5 - Equals
</system-out>
    <testcase name="Equals (968)" classname="spec_perl_TestSwitchManualEnumInvalidElse_t" time="0.00147509574890137" />
    <testcase name="Equals (969)" classname="spec_perl_TestSwitchManualEnumInvalidElse_t" time="9.29832458496094e-05" />
    <testcase name="Equals (970)" classname="spec_perl_TestSwitchManualEnumInvalidElse_t" time="5.00679016113281e-05" />
    <testcase name="Equals (971)" classname="spec_perl_TestSwitchManualEnumInvalidElse_t" time="4.29153442382812e-05" />
    <testcase name="Equals (972)" classname="spec_perl_TestSwitchManualEnumInvalidElse_t" time="5.91278076171875e-05" />
  </testsuite>
  <testsuite name="spec_perl_TestCombineStr_t" errors="0" failures="0" skipped="0" tests="15" time="0.0424630641937256">
    <system-out>1..15
ok 1 - Equals
ok 2 - Equals
ok 3 - Equals
ok 4 - Equals
ok 5 - Equals
ok 6 - Equals
ok 7 - Equals
ok 8 - Equals
ok 9 - Equals
ok 10 - Equals
ok 11 - Equals
ok 12 - Equals
ok 13 - Equals
ok 14 - Equals
ok 15 - Equals
</system-out>
    <testcase name="Equals (973)" classname="spec_perl_TestCombineStr_t" time="0.00143814086914062" />
    <testcase name="Equals (974)" classname="spec_perl_TestCombineStr_t" time="6.38961791992188e-05" />
    <testcase name="Equals (975)" classname="spec_perl_TestCombineStr_t" time="4.81605529785156e-05" />
    <testcase name="Equals (976)" classname="spec_perl_TestCombineStr_t" time="4.48226928710938e-05" />
    <testcase name="Equals (977)" classname="spec_perl_TestCombineStr_t" time="8.79764556884766e-05" />
    <testcase name="Equals (978)" classname="spec_perl_TestCombineStr_t" time="6.81877136230469e-05" />
    <testcase name="Equals (979)" classname="spec_perl_TestCombineStr_t" time="7.29560852050781e-05" />
    <testcase name="Equals (980)" classname="spec_perl_TestCombineStr_t" time="6.79492950439453e-05" />
    <testcase name="Equals (981)" classname="spec_perl_TestCombineStr_t" time="8.70227813720703e-05" />
    <testcase name="Equals (982)" classname="spec_perl_TestCombineStr_t" time="4.29153442382812e-05" />
    <testcase name="Equals (983)" classname="spec_perl_TestCombineStr_t" time="7.41481781005859e-05" />
    <testcase name="Equals (984)" classname="spec_perl_TestCombineStr_t" time="9.29832458496094e-05" />
    <testcase name="Equals (985)" classname="spec_perl_TestCombineStr_t" time="7.29560852050781e-05" />
    <testcase name="Equals (986)" classname="spec_perl_TestCombineStr_t" time="6.89029693603516e-05" />
    <testcase name="Equals (987)" classname="spec_perl_TestCombineStr_t" time="6.81877136230469e-05" />
  </testsuite>
  <testsuite name="spec_perl_TestSwitchIntegers2_t" errors="0" failures="0" skipped="0" tests="5" time="0.0363068580627441">
    <system-out>1..5
ok 1 - Equals
ok 2 - Equals
ok 3 - Equals
ok 4 - Equals
ok 5 - Equals
</system-out>
    <testcase name="Equals (988)" classname="spec_perl_TestSwitchIntegers2_t" time="0.00148105621337891" />
    <testcase name="Equals (989)" classname="spec_perl_TestSwitchIntegers2_t" time="8.67843627929688e-05" />
    <testcase name="Equals (990)" classname="spec_perl_TestSwitchIntegers2_t" time="4.00543212890625e-05" />
    <testcase name="Equals (991)" classname="spec_perl_TestSwitchIntegers2_t" time="3.50475311279297e-05" />
    <testcase name="Equals (992)" classname="spec_perl_TestSwitchIntegers2_t" time="4.60147857666016e-05" />
  </testsuite>
  <testsuite name="spec_perl_TestBytesPadTerm_t" errors="0" failures="0" skipped="0" tests="4" time="0.0366640090942383">
    <system-out>1..4
ok 1 - Equals
ok 2 - Equals
ok 3 - Equals
ok 4 - Equals
</system-out>
    <testcase name="Equals (993)" classname="spec_perl_TestBytesPadTerm_t" time="0.00150203704833984" />
    <testcase name="Equals (994)" classname="spec_perl_TestBytesPadTerm_t" time="7.29560852050781e-05" />
    <testcase name="Equals (995)" classname="spec_perl_TestBytesPadTerm_t" time="6.38961791992188e-05" />
    <testcase name="Equals (996)" classname="spec_perl_TestBytesPadTerm_t" time="3.814697265625e-05" />
  </testsuite>
</testsuites>
