<?xml version='1.0' encoding='utf-8'?>
<testsuites>
  <testsuite name="spec_perl_TestNavParentOverride_t" errors="0" failures="0" skipped="0" tests="3" time="0.0394370555877686">
    <system-out>1..3
ok 1 - Equals
ok 2 - Equals
ok 3 - Equals
</system-out>
    <testcase name="Equals" classname="spec_perl_TestNavParentOverride_t" time="0.00153899192810059" />
    <testcase name="Equals (2)" classname="spec_perl_TestNavParentOverride_t" time="9.29832458496094e-05" />
    <testcase name="Equals (3)" classname="spec_perl_TestNavParentOverride_t" time="6.69956207275391e-05" />
  </testsuite>
  <testsuite name="spec_perl_TestNavParentFalse_t" errors="0" failures="0" skipped="0" tests="5" time="0.0381960868835449">
    <system-out>1..5
ok 1 - Equals
ok 2 - Equals
ok 3 - Equals
ok 4 - Equals
ok 5 - Equals
</system-out>
    <testcase name="Equals (4)" classname="spec_perl_TestNavParentFalse_t" time="0.00158905982971191" />
    <testcase name="Equals (5)" classname="spec_perl_TestNavParentFalse_t" time="8.79764556884766e-05" />
    <testcase name="Equals (6)" classname="spec_perl_TestNavParentFalse_t" time="6.98566436767578e-05" />
    <testcase name="Equals (7)" classname="spec_perl_TestNavParentFalse_t" time="7.41481781005859e-05" />
    <testcase name="Equals (8)" classname="spec_perl_TestNavParentFalse_t" time="5.50746917724609e-05" />
  </testsuite>
  <testsuite name="spec_perl_TestRepeatEosBit_t" errors="0" failures="0" skipped="0" tests="1" time="0.0403759479522705">
    <system-out>1..1
ok 1 - Equals
</system-out>
    <testcase name="Equals (9)" classname="spec_perl_TestRepeatEosBit_t" time="0.00260090827941895" />
  </testsuite>
  <testsuite name="spec_perl_TestIndexToParamUntil_t" errors="0" failures="2" skipped="0" tests="7" time="0.0479180812835693">
    <system-out>1..7
ok 1 - Equals
ok 2 - Equals
ok 3 - Equals
ok 4 - Equals
ok 5 - Equals
not ok 6 - Equals
not ok 7 - Equals
</system-out>
    <testcase name="Equals (10)" classname="spec_perl_TestIndexToParamUntil_t" time="0.00236606597900391" />
    <testcase name="Equals (11)" classname="spec_perl_TestIndexToParamUntil_t" time="0.000100851058959961" />
    <testcase name="Equals (12)" classname="spec_perl_TestIndexToParamUntil_t" time="4.81605529785156e-05" />
    <testcase name="Equals (13)" classname="spec_perl_TestIndexToParamUntil_t" time="6.19888305664062e-05" />
    <testcase name="Equals (14)" classname="spec_perl_TestIndexToParamUntil_t" time="5.10215759277344e-05" />
    <testcase name="Equals (15)" classname="spec_perl_TestIndexToParamUntil_t" time="8.58306884765625e-05">
      <failure message="not ok 6 - Equals" type="TAP::Parser::Result::Test"></failure>
    </testcase>
    <testcase name="Equals (16)" classname="spec_perl_TestIndexToParamUntil_t" time="0.00270795822143555">
      <failure message="not ok 7 - Equals" type="TAP::Parser::Result::Test"></failure>
    </testcase>
  </testsuite>
  <testsuite name="spec_perl_TestSwitchRepeatExpr_t" errors="0" failures="0" skipped="0" tests="3" time="0.0412180423736572">
    <system-out>1..3
ok 1 - Equals
ok 2 - Equals
ok 3 - Equals
</system-out>
    <testcase name="Equals (17)" classname="spec_perl_TestSwitchRepeatExpr_t" time="0.00182580947875977" />
    <testcase name="Equals (18)" classname="spec_perl_TestSwitchRepeatExpr_t" time="0.000102043151855469" />
    <testcase name="Equals (19)" classname="spec_perl_TestSwitchRepeatExpr_t" time="0.000247955322265625" />
  </testsuite>
  <testsuite name="spec_perl_TestTypeTernaryOpaque_t" errors="0" failures="0" skipped="0" tests="3" time="0.0511109828948975">
    <system-out>1..3
ok 1 - Equals
ok 2 - Equals
ok 3 - Equals
</system-out>
    <testcase name="Equals (20)" classname="spec_perl_TestTypeTernaryOpaque_t" time="0.00197911262512207" />
    <testcase name="Equals (21)" classname="spec_perl_TestTypeTernaryOpaque_t" time="7.89165496826172e-05" />
    <testcase name="Equals (22)" classname="spec_perl_TestTypeTernaryOpaque_t" time="6.19888305664062e-05" />
  </testsuite>
  <testsuite name="spec_perl_TestBitsUnalignedB32Le_t" errors="0" failures="0" skipped="0" tests="3" time="0.0402390956878662">
    <system-out>1..3
ok 1 - Equals
ok 2 - Equals
ok 3 - Equals
</system-out>
    <testcase name="Equals (23)" classname="spec_perl_TestBitsUnalignedB32Le_t" time="0.00147008895874023" />
    <testcase name="Equals (24)" classname="spec_perl_TestBitsUnalignedB32Le_t" time="8.29696655273438e-05" />
    <testcase name="Equals (25)" classname="spec_perl_TestBitsUnalignedB32Le_t" time="6.4849853515625e-05" />
  </testsuite>
  <testsuite name="spec_perl_TestDefaultEndianExprIsBe_t" errors="0" failures="0" skipped="0" tests="18" time="0.0459449291229248">
    <system-out>1..18
ok 1 - Equals
ok 2 - Equals
ok 3 - Equals
ok 4 - Equals
ok 5 - Equals
ok 6 - Equals
ok 7 - Equals
ok 8 - Equals
ok 9 - Equals
ok 10 - Equals
ok 11 - Equals
ok 12 - Equals
ok 13 - Equals
ok 14 - Equals
ok 15 - Equals
ok 16 - Equals
ok 17 - Equals
ok 18 - Equals
</system-out>
    <testcase name="Equals (26)" classname="spec_perl_TestDefaultEndianExprIsBe_t" time="0.00176620483398438" />
    <testcase name="Equals (27)" classname="spec_perl_TestDefaultEndianExprIsBe_t" time="9.67979431152344e-05" />
    <testcase name="Equals (28)" classname="spec_perl_TestDefaultEndianExprIsBe_t" time="5.00679016113281e-05" />
    <testcase name="Equals (29)" classname="spec_perl_TestDefaultEndianExprIsBe_t" time="6.41345977783203e-05" />
    <testcase name="Equals (30)" classname="spec_perl_TestDefaultEndianExprIsBe_t" time="9.08374786376953e-05" />
    <testcase name="Equals (31)" classname="spec_perl_TestDefaultEndianExprIsBe_t" time="0.000131130218505859" />
    <testcase name="Equals (32)" classname="spec_perl_TestDefaultEndianExprIsBe_t" time="9.20295715332031e-05" />
    <testcase name="Equals (33)" classname="spec_perl_TestDefaultEndianExprIsBe_t" time="0.000100851058959961" />
    <testcase name="Equals (34)" classname="spec_perl_TestDefaultEndianExprIsBe_t" time="8.51154327392578e-05" />
    <testcase name="Equals (35)" classname="spec_perl_TestDefaultEndianExprIsBe_t" time="8.89301300048828e-05" />
    <testcase name="Equals (36)" classname="spec_perl_TestDefaultEndianExprIsBe_t" time="0.000106096267700195" />
    <testcase name="Equals (37)" classname="spec_perl_TestDefaultEndianExprIsBe_t" time="0.000244855880737305" />
    <testcase name="Equals (38)" classname="spec_perl_TestDefaultEndianExprIsBe_t" time="7.91549682617188e-05" />
    <testcase name="Equals (39)" classname="spec_perl_TestDefaultEndianExprIsBe_t" time="9.29832458496094e-05" />
    <testcase name="Equals (40)" classname="spec_perl_TestDefaultEndianExprIsBe_t" time="8.89301300048828e-05" />
    <testcase name="Equals (41)" classname="spec_perl_TestDefaultEndianExprIsBe_t" time="9.10758972167969e-05" />
    <testcase name="Equals (42)" classname="spec_perl_TestDefaultEndianExprIsBe_t" time="0.000236034393310547" />
    <testcase name="Equals (43)" classname="spec_perl_TestDefaultEndianExprIsBe_t" time="9.79900360107422e-05" />
  </testsuite>
  <testsuite name="spec_perl_TestParamsCallShort_t" errors="0" failures="3" skipped="0" tests="3" time="0.0552070140838623">
    <system-out>1..3
not ok 1 - Equals
not ok 2 - Equals
not ok 3 - Equals
</system-out>
    <testcase name="Equals (44)" classname="spec_perl_TestParamsCallShort_t" time="0.00182795524597168">
      <failure message="not ok 1 - Equals" type="TAP::Parser::Result::Test"></failure>
    </testcase>
    <testcase name="Equals (45)" classname="spec_perl_TestParamsCallShort_t" time="0.000980854034423828">
      <failure message="not ok 2 - Equals" type="TAP::Parser::Result::Test"></failure>
    </testcase>
    <testcase name="Equals (46)" classname="spec_perl_TestParamsCallShort_t" time="7.60555267333984e-05">
      <failure message="not ok 3 - Equals" type="TAP::Parser::Result::Test"></failure>
    </testcase>
  </testsuite>
  <testsuite name="spec_perl_TestSwitchMultiBoolOps_t" errors="0" failures="0" skipped="0" tests="9" time="0.0409469604492188">
    <system-out>1..9
ok 1 - Equals
ok 2 - Equals
ok 3 - Equals
ok 4 - Equals
ok 5 - Equals
ok 6 - Equals
ok 7 - Equals
ok 8 - Equals
ok 9 - Equals
</system-out>
    <testcase name="Equals (47)" classname="spec_perl_TestSwitchMultiBoolOps_t" time="0.00197386741638184" />
    <testcase name="Equals (48)" classname="spec_perl_TestSwitchMultiBoolOps_t" time="8.20159912109375e-05" />
    <testcase name="Equals (49)" classname="spec_perl_TestSwitchMultiBoolOps_t" time="8.29696655273438e-05" />
    <testcase name="Equals (50)" classname="spec_perl_TestSwitchMultiBoolOps_t" time="7.91549682617188e-05" />
    <testcase name="Equals (51)" classname="spec_perl_TestSwitchMultiBoolOps_t" time="6.19888305664062e-05" />
    <testcase name="Equals (52)" classname="spec_perl_TestSwitchMultiBoolOps_t" time="9.58442687988281e-05" />
    <testcase name="Equals (53)" classname="spec_perl_TestSwitchMultiBoolOps_t" time="0.000127077102661133" />
    <testcase name="Equals (54)" classname="spec_perl_TestSwitchMultiBoolOps_t" time="7.98702239990234e-05" />
    <testcase name="Equals (55)" classname="spec_perl_TestSwitchMultiBoolOps_t" time="0.000114202499389648" />
  </testsuite>
  <testsuite name="spec_perl_TestIntegersDoubleOverflow_t" errors="0" failures="0" skipped="0" tests="8" time="0.0424320697784424">
    <system-out>1..8
ok 1 - Equals
ok 2 - Equals
ok 3 - Equals
ok 4 - Equals
ok 5 - Equals
ok 6 - Equals
ok 7 - Equals
ok 8 - Equals
</system-out>
    <testcase name="Equals (56)" classname="spec_perl_TestIntegersDoubleOverflow_t" time="0.00213789939880371" />
    <testcase name="Equals (57)" classname="spec_perl_TestIntegersDoubleOverflow_t" time="9.89437103271484e-05" />
    <testcase name="Equals (58)" classname="spec_perl_TestIntegersDoubleOverflow_t" time="5.91278076171875e-05" />
    <testcase name="Equals (59)" classname="spec_perl_TestIntegersDoubleOverflow_t" time="6.38961791992188e-05" />
    <testcase name="Equals (60)" classname="spec_perl_TestIntegersDoubleOverflow_t" time="5.69820404052734e-05" />
    <testcase name="Equals (61)" classname="spec_perl_TestIntegersDoubleOverflow_t" time="0.000110149383544922" />
    <testcase name="Equals (62)" classname="spec_perl_TestIntegersDoubleOverflow_t" time="8.08238983154297e-05" />
    <testcase name="Equals (63)" classname="spec_perl_TestIntegersDoubleOverflow_t" time="9.10758972167969e-05" />
  </testsuite>
  <testsuite name="spec_perl_TestHelloWorld_t" errors="0" failures="0" skipped="0" tests="1" time="0.037571907043457">
    <system-out>1..1
ok 1 - Equals
</system-out>
    <testcase name="Equals (64)" classname="spec_perl_TestHelloWorld_t" time="0.00198888778686523" />
  </testsuite>
  <testsuite name="spec_perl_TestRecursiveOne_t" errors="0" failures="0" skipped="0" tests="4" time="0.0415341854095459">
    <system-out>1..4
ok 1 - Equals
ok 2 - Equals
ok 3 - Equals
ok 4 - Equals
</system-out>
    <testcase name="Equals (65)" classname="spec_perl_TestRecursiveOne_t" time="0.00156497955322266" />
    <testcase name="Equals (66)" classname="spec_perl_TestRecursiveOne_t" time="7.70092010498047e-05" />
    <testcase name="Equals (67)" classname="spec_perl_TestRecursiveOne_t" time="6.19888305664062e-05" />
    <testcase name="Equals (68)" classname="spec_perl_TestRecursiveOne_t" time="5.60283660888672e-05" />
  </testsuite>
  <testsuite name="spec_perl_TestImportsAbsAbs_t" errors="0" failures="0" skipped="0" tests="3" time="0.0397059917449951">
    <system-out>1..3
ok 1 - Equals
ok 2 - Equals
ok 3 - Equals
</system-out>
    <testcase name="Equals (69)" classname="spec_perl_TestImportsAbsAbs_t" time="0.00149893760681152" />
    <testcase name="Equals (70)" classname="spec_perl_TestImportsAbsAbs_t" time="8.60691070556641e-05" />
    <testcase name="Equals (71)" classname="spec_perl_TestImportsAbsAbs_t" time="4.79221343994141e-05" />
  </testsuite>
  <testsuite name="spec_perl_TestNestedSameName_t" errors="0" failures="0" skipped="0" tests="2" time="0.0447070598602295">
    <system-out>1..2
ok 1 - Equals
ok 2 - Equals
</system-out>
    <testcase name="Equals (72)" classname="spec_perl_TestNestedSameName_t" time="0.00206279754638672" />
    <testcase name="Equals (73)" classname="spec_perl_TestNestedSameName_t" time="8.51154327392578e-05" />
  </testsuite>
  <testsuite name="spec_perl_TestExpr1_t" errors="0" failures="0" skipped="0" tests="4" time="0.0508019924163818">
    <system-out>1..4
ok 1 - Equals
ok 2 - Equals
ok 3 - Equals
ok 4 - Equals
</system-out>
    <testcase name="Equals (74)" classname="spec_perl_TestExpr1_t" time="0.00182890892028809" />
    <testcase name="Equals (75)" classname="spec_perl_TestExpr1_t" time="8.20159912109375e-05" />
    <testcase name="Equals (76)" classname="spec_perl_TestExpr1_t" time="4.41074371337891e-05" />
    <testcase name="Equals (77)" classname="spec_perl_TestExpr1_t" time="5.69820404052734e-05" />
  </testsuite>
  <testsuite name="spec_perl_TestValidShort_t" errors="0" failures="0" skipped="1" tests="1" time="0.049206018447876">
    <system-out>1..1
ok 1 # skip ValidShort=HASH(0x55c3aaf82480)
</system-out>
    <testcase name="Unnamed test case 77" classname="spec_perl_TestValidShort_t" time="0.00194215774536133">
      <skipped message="ok 1 # skip ValidShort=HASH(0x55c3aaf82480)" />
    </testcase>
  </testsuite>
  <testsuite name="spec_perl_TestEnumInvalid_t" errors="0" failures="0" skipped="0" tests="2" time="0.040848970413208">
    <system-out>1..2
ok 1 - Equals
ok 2 - Equals
</system-out>
    <testcase name="Equals (78)" classname="spec_perl_TestEnumInvalid_t" time="0.00177288055419922" />
    <testcase name="Equals (79)" classname="spec_perl_TestEnumInvalid_t" time="0.000120162963867188" />
  </testsuite>
  <testsuite name="spec_perl_TestEnumIntRangeS_t" errors="0" failures="0" skipped="0" tests="3" time="0.0443630218505859">
    <system-out>1..3
ok 1 - Equals
ok 2 - Equals
ok 3 - Equals
</system-out>
    <testcase name="Equals (80)" classname="spec_perl_TestEnumIntRangeS_t" time="0.00186491012573242" />
    <testcase name="Equals (81)" classname="spec_perl_TestEnumIntRangeS_t" time="0.000266075134277344" />
    <testcase name="Equals (82)" classname="spec_perl_TestEnumIntRangeS_t" time="0.000237941741943359" />
  </testsuite>
  <testsuite name="spec_perl_TestFloatToI_t" errors="0" failures="0" skipped="0" tests="8" time="0.0375380516052246">
    <system-out>1..8
ok 1 - Approx equals
ok 2 - Approx equals
ok 3 - Equals
ok 4 - Equals
ok 5 - Equals
ok 6 - Equals
ok 7 - Equals
ok 8 - Equals
</system-out>
    <testcase name="Approx equals (82)" classname="spec_perl_TestFloatToI_t" time="0.00150012969970703" />
    <testcase name="Approx equals (83)" classname="spec_perl_TestFloatToI_t" time="5.79357147216797e-05" />
    <testcase name="Equals (83)" classname="spec_perl_TestFloatToI_t" time="6.60419464111328e-05" />
    <testcase name="Equals (84)" classname="spec_perl_TestFloatToI_t" time="4.29153442382812e-05" />
    <testcase name="Equals (85)" classname="spec_perl_TestFloatToI_t" time="5.60283660888672e-05" />
    <testcase name="Equals (86)" classname="spec_perl_TestFloatToI_t" time="8.70227813720703e-05" />
    <testcase name="Equals (87)" classname="spec_perl_TestFloatToI_t" time="0.000102043151855469" />
    <testcase name="Equals (88)" classname="spec_perl_TestFloatToI_t" time="7.48634338378906e-05" />
  </testsuite>
  <testsuite name="spec_perl_TestParamsEnum_t" errors="0" failures="1" skipped="0" tests="2" time="0.0463171005249023">
    <system-out>1..2
ok 1 - Equals
not ok 2 - Equals
</system-out>
    <testcase name="Equals (89)" classname="spec_perl_TestParamsEnum_t" time="0.00147891044616699" />
    <testcase name="Equals (90)" classname="spec_perl_TestParamsEnum_t" time="0.000132083892822266">
      <failure message="not ok 2 - Equals" type="TAP::Parser::Result::Test"></failure>
    </testcase>
  </testsuite>
  <testsuite name="spec_perl_TestBitsSimple_t" errors="0" failures="0" skipped="0" tests="14" time="0.0426120758056641">
    <system-out>1..14
ok 1 - Equals
ok 2 - Equals
ok 3 - Equals
ok 4 - Equals
ok 5 - Equals
ok 6 - Equals
ok 7 - Equals
ok 8 - Equals
ok 9 - Equals
ok 10 - Equals
ok 11 - Equals
ok 12 - Equals
ok 13 - Equals
ok 14 - Equals
</system-out>
    <testcase name="Equals (91)" classname="spec_perl_TestBitsSimple_t" time="0.00157999992370605" />
    <testcase name="Equals (92)" classname="spec_perl_TestBitsSimple_t" time="8.0108642578125e-05" />
    <testcase name="Equals (93)" classname="spec_perl_TestBitsSimple_t" time="7.20024108886719e-05" />
    <testcase name="Equals (94)" classname="spec_perl_TestBitsSimple_t" time="6.103515625e-05" />
    <testcase name="Equals (95)" classname="spec_perl_TestBitsSimple_t" time="6.58035278320312e-05" />
    <testcase name="Equals (96)" classname="spec_perl_TestBitsSimple_t" time="0.000169038772583008" />
    <testcase name="Equals (97)" classname="spec_perl_TestBitsSimple_t" time="4.81605529785156e-05" />
    <testcase name="Equals (98)" classname="spec_perl_TestBitsSimple_t" time="6.69956207275391e-05" />
    <testcase name="Equals (99)" classname="spec_perl_TestBitsSimple_t" time="5.88893890380859e-05" />
    <testcase name="Equals (100)" classname="spec_perl_TestBitsSimple_t" time="5.60283660888672e-05" />
    <testcase name="Equals (101)" classname="spec_perl_TestBitsSimple_t" time="0.000155925750732422" />
    <testcase name="Equals (102)" classname="spec_perl_TestBitsSimple_t" time="6.69956207275391e-05" />
    <testcase name="Equals (103)" classname="spec_perl_TestBitsSimple_t" time="5.50746917724609e-05" />
    <testcase name="Equals (104)" classname="spec_perl_TestBitsSimple_t" time="0.000952005386352539" />
  </testsuite>
  <testsuite name="spec_perl_TestImportsAbsRel_t" errors="0" failures="0" skipped="0" tests="3" time="0.0415871143341064">
    <system-out>1..3
ok 1 - Equals
ok 2 - Equals
ok 3 - Equals
</system-out>
    <testcase name="Equals (105)" classname="spec_perl_TestImportsAbsRel_t" time="0.00178408622741699" />
    <testcase name="Equals (106)" classname="spec_perl_TestImportsAbsRel_t" time="7.70092010498047e-05" />
    <testcase name="Equals (107)" classname="spec_perl_TestImportsAbsRel_t" time="6.19888305664062e-05" />
  </testsuite>
  <testsuite name="spec_perl_TestProcessRepeatUsertype_t" errors="0" failures="0" skipped="0" tests="4" time="0.044370174407959">
    <system-out>1..4
ok 1 - Equals
ok 2 - Equals
ok 3 - Equals
ok 4 - Equals
</system-out>
    <testcase name="Equals (108)" classname="spec_perl_TestProcessRepeatUsertype_t" time="0.00190210342407227" />
    <testcase name="Equals (109)" classname="spec_perl_TestProcessRepeatUsertype_t" time="8.51154327392578e-05" />
    <testcase name="Equals (110)" classname="spec_perl_TestProcessRepeatUsertype_t" time="4.79221343994141e-05" />
    <testcase name="Equals (111)" classname="spec_perl_TestProcessRepeatUsertype_t" time="7.20024108886719e-05" />
  </testsuite>
  <testsuite name="spec_perl_TestPositionAbs_t" errors="0" failures="0" skipped="0" tests="2" time="0.0457150936126709">
    <system-out>1..2
ok 1 - Equals
ok 2 - Equals
</system-out>
    <testcase name="Equals (112)" classname="spec_perl_TestPositionAbs_t" time="0.00148892402648926" />
    <testcase name="Equals (113)" classname="spec_perl_TestPositionAbs_t" time="0.000174999237060547" />
  </testsuite>
  <testsuite name="spec_perl_TestRepeatEosU4_t" errors="0" failures="0" skipped="0" tests="1" time="0.0372250080108643">
    <system-out>1..1
ok 1 - Equals
</system-out>
    <testcase name="Equals (114)" classname="spec_perl_TestRepeatEosU4_t" time="0.00125002861022949" />
  </testsuite>
  <testsuite name="spec_perl_TestDebug0_t" errors="0" failures="0" skipped="1" tests="1" time="0.0432090759277344">
    <system-out>1..1
ok 1 # skip test_debug_0
</system-out>
    <testcase name="Unnamed test case 114" classname="spec_perl_TestDebug0_t" time="0.00156497955322266">
      <skipped message="ok 1 # skip test_debug_0" />
    </testcase>
  </testsuite>
  <testsuite name="spec_perl_TestCastToImported_t" errors="0" failures="0" skipped="0" tests="2" time="0.0397498607635498">
    <system-out>1..2
ok 1 - Equals
ok 2 - Equals
</system-out>
    <testcase name="Equals (115)" classname="spec_perl_TestCastToImported_t" time="0.00137710571289062" />
    <testcase name="Equals (116)" classname="spec_perl_TestCastToImported_t" time="0.000102043151855469" />
  </testsuite>
  <testsuite name="spec_perl_TestEnumIf_t" errors="0" failures="0" skipped="0" tests="7" time="0.0476489067077637">
    <system-out>1..7
ok 1 - Equals
ok 2 - Equals
ok 3 - Equals
ok 4 - Equals
ok 5 - Equals
ok 6 - Equals
ok 7 - Equals
</system-out>
    <testcase name="Equals (117)" classname="spec_perl_TestEnumIf_t" time="0.00166487693786621" />
    <testcase name="Equals (118)" classname="spec_perl_TestEnumIf_t" time="8.51154327392578e-05" />
    <testcase name="Equals (119)" classname="spec_perl_TestEnumIf_t" time="5.69820404052734e-05" />
    <testcase name="Equals (120)" classname="spec_perl_TestEnumIf_t" time="5.98430633544922e-05" />
    <testcase name="Equals (121)" classname="spec_perl_TestEnumIf_t" time="5.69820404052734e-05" />
    <testcase name="Equals (122)" classname="spec_perl_TestEnumIf_t" time="7.10487365722656e-05" />
    <testcase name="Equals (123)" classname="spec_perl_TestEnumIf_t" time="0.000103950500488281" />
  </testsuite>
  <testsuite name="spec_perl_TestStrEos_t" errors="0" failures="0" skipped="0" tests="1" time="0.0420379638671875">
    <system-out>1..1
ok 1 - Equals
</system-out>
    <testcase name="Equals (124)" classname="spec_perl_TestStrEos_t" time="0.00144600868225098" />
  </testsuite>
  <testsuite name="spec_perl_TestEosExceptionBytes_t" errors="0" failures="0" skipped="0" tests="1" time="0.0424890518188477">
    <system-out>1..1
ok 1 - threw /^Requested \d+ bytes, but only \d+ bytes available/
</system-out>
    <testcase name="threw /^Requested \d+ bytes, but only \d+ bytes available/ (124)" classname="spec_perl_TestEosExceptionBytes_t" time="0.00201797485351562" />
  </testsuite>
  <testsuite name="spec_perl_TestParamsPassArrayStr_t" errors="0" failures="1" skipped="6" tests="7" time="0.0452840328216553">
    <system-out>1..7
not ok 1 - test_params_pass_array_str died (Can't use an undefined value as an ARRAY reference at spec/perl/TestParamsPassArrayStr.t line 14.)
ok 2 # skip test_params_pass_array_str died
ok 3 # skip test_params_pass_array_str died
ok 4 # skip test_params_pass_array_str died
ok 5 # skip test_params_pass_array_str died
ok 6 # skip test_params_pass_array_str died
ok 7 # skip test_params_pass_array_str died
</system-out>
    <testcase name="test_params_pass_array_str died (Can't use an undefined value as an ARRAY reference at spec/perl/TestParamsPassArrayStr.t line 14.) (124)" classname="spec_perl_TestParamsPassArrayStr_t" time="0.00143003463745117">
      <failure message="not ok 1 - test_params_pass_array_str died (Can't use an undefined value as an ARRAY reference at spec/perl/TestParamsPassArrayStr.t line 14.)" type="TAP::Parser::Result::Test"></failure>
    </testcase>
    <testcase name="Unnamed test case 124" classname="spec_perl_TestParamsPassArrayStr_t" time="0.00146889686584473">
      <skipped message="ok 2 # skip test_params_pass_array_str died" />
    </testcase>
    <testcase name="Unnamed test case 125" classname="spec_perl_TestParamsPassArrayStr_t" time="7.20024108886719e-05">
      <skipped message="ok 3 # skip test_params_pass_array_str died" />
    </testcase>
    <testcase name="Unnamed test case 126" classname="spec_perl_TestParamsPassArrayStr_t" time="5.00679016113281e-05">
      <skipped message="ok 4 # skip test_params_pass_array_str died" />
    </testcase>
    <testcase name="Unnamed test case 127" classname="spec_perl_TestParamsPassArrayStr_t" time="4.69684600830078e-05">
      <skipped message="ok 5 # skip test_params_pass_array_str died" />
    </testcase>
    <testcase name="Unnamed test case 128" classname="spec_perl_TestParamsPassArrayStr_t" time="4.50611114501953e-05">
      <skipped message="ok 6 # skip test_params_pass_array_str died" />
    </testcase>
    <testcase name="Unnamed test case 129" classname="spec_perl_TestParamsPassArrayStr_t" time="4.38690185546875e-05">
      <skipped message="ok 7 # skip test_params_pass_array_str died" />
    </testcase>
  </testsuite>
  <testsuite name="spec_perl_TestNavParent3_t" errors="0" failures="0" skipped="0" tests="10" time="0.0457799434661865">
    <system-out>1..10
ok 1 - Equals
ok 2 - Equals
ok 3 - Equals
ok 4 - Equals
ok 5 - Equals
ok 6 - Equals
ok 7 - Equals
ok 8 - Equals
ok 9 - Equals
ok 10 - Equals
</system-out>
    <testcase name="Equals (129)" classname="spec_perl_TestNavParent3_t" time="0.00139498710632324" />
    <testcase name="Equals (130)" classname="spec_perl_TestNavParent3_t" time="7.91549682617188e-05" />
    <testcase name="Equals (131)" classname="spec_perl_TestNavParent3_t" time="0.000130891799926758" />
    <testcase name="Equals (132)" classname="spec_perl_TestNavParent3_t" time="9.48905944824219e-05" />
    <testcase name="Equals (133)" classname="spec_perl_TestNavParent3_t" time="9.82284545898438e-05" />
    <testcase name="Equals (134)" classname="spec_perl_TestNavParent3_t" time="0.000130891799926758" />
    <testcase name="Equals (135)" classname="spec_perl_TestNavParent3_t" time="0.000101089477539062" />
    <testcase name="Equals (136)" classname="spec_perl_TestNavParent3_t" time="8.98838043212891e-05" />
    <testcase name="Equals (137)" classname="spec_perl_TestNavParent3_t" time="8.79764556884766e-05" />
    <testcase name="Equals (138)" classname="spec_perl_TestNavParent3_t" time="0.000124931335449219" />
  </testsuite>
  <testsuite name="spec_perl_TestParamsPassUsertype_t" errors="0" failures="1" skipped="1" tests="2" time="0.0413298606872559">
    <system-out>1..2
not ok 1 - test_params_pass_usertype died (Can't call method &quot;foo&quot; on an undefined value at compiled/perl/ParamsPassUsertype.pm line 119.)
ok 2 # skip test_params_pass_usertype died
</system-out>
    <testcase name="test_params_pass_usertype died (Can't call method &quot;foo&quot; on an undefined value at compiled/perl/ParamsPassUsertype.pm line 119.) (138)" classname="spec_perl_TestParamsPassUsertype_t" time="0.00143003463745117">
      <failure message="not ok 1 - test_params_pass_usertype died (Can't call method &quot;foo&quot; on an undefined value at compiled/perl/ParamsPassUsertype.pm line 119.)" type="TAP::Parser::Result::Test"></failure>
    </testcase>
    <testcase name="Unnamed test case 138" classname="spec_perl_TestParamsPassUsertype_t" time="0.00011897087097168">
      <skipped message="ok 2 # skip test_params_pass_usertype died" />
    </testcase>
  </testsuite>
  <testsuite name="spec_perl_TestExprBytesOps_t" errors="0" failures="0" skipped="0" tests="16" time="0.0417659282684326">
    <system-out>1..16
ok 1 - Equals
ok 2 - Equals
ok 3 - Equals
ok 4 - Equals
ok 5 - Equals
ok 6 - Equals
ok 7 - Equals
ok 8 - Equals
ok 9 - Equals
ok 10 - Equals
ok 11 - Equals
ok 12 - Equals
ok 13 - Equals
ok 14 - Equals
ok 15 - Equals
ok 16 - Equals
</system-out>
    <testcase name="Equals (139)" classname="spec_perl_TestExprBytesOps_t" time="0.00151586532592773" />
    <testcase name="Equals (140)" classname="spec_perl_TestExprBytesOps_t" time="8.51154327392578e-05" />
    <testcase name="Equals (141)" classname="spec_perl_TestExprBytesOps_t" time="4.88758087158203e-05" />
    <testcase name="Equals (142)" classname="spec_perl_TestExprBytesOps_t" time="5.91278076171875e-05" />
    <testcase name="Equals (143)" classname="spec_perl_TestExprBytesOps_t" time="6.38961791992188e-05" />
    <testcase name="Equals (144)" classname="spec_perl_TestExprBytesOps_t" time="7.10487365722656e-05" />
    <testcase name="Equals (145)" classname="spec_perl_TestExprBytesOps_t" time="9.39369201660156e-05" />
    <testcase name="Equals (146)" classname="spec_perl_TestExprBytesOps_t" time="0.000957965850830078" />
    <testcase name="Equals (147)" classname="spec_perl_TestExprBytesOps_t" time="0.000372171401977539" />
    <testcase name="Equals (148)" classname="spec_perl_TestExprBytesOps_t" time="5.98430633544922e-05" />
    <testcase name="Equals (149)" classname="spec_perl_TestExprBytesOps_t" time="4.60147857666016e-05" />
    <testcase name="Equals (150)" classname="spec_perl_TestExprBytesOps_t" time="4.10079956054688e-05" />
    <testcase name="Equals (151)" classname="spec_perl_TestExprBytesOps_t" time="4.1961669921875e-05" />
    <testcase name="Equals (152)" classname="spec_perl_TestExprBytesOps_t" time="4.00543212890625e-05" />
    <testcase name="Equals (153)" classname="spec_perl_TestExprBytesOps_t" time="3.91006469726562e-05" />
    <testcase name="Equals (154)" classname="spec_perl_TestExprBytesOps_t" time="4.10079956054688e-05" />
  </testsuite>
  <testsuite name="spec_perl_TestIntegersMinMax_t" errors="0" failures="0" skipped="0" tests="28" time="0.0483419895172119">
    <system-out>1..28
ok 1 - Equals
ok 2 - Equals
ok 3 - Equals
ok 4 - Equals
ok 5 - Equals
ok 6 - Equals
ok 7 - Equals
ok 8 - Equals
ok 9 - Equals
ok 10 - Equals
ok 11 - Equals
ok 12 - Equals
ok 13 - Equals
ok 14 - Equals
ok 15 - Equals
ok 16 - Equals
ok 17 - Equals
ok 18 - Equals
ok 19 - Equals
ok 20 - Equals
ok 21 - Equals
ok 22 - Equals
ok 23 - Equals
ok 24 - Equals
ok 25 - Equals
ok 26 - Equals
ok 27 - Equals
ok 28 - Equals
</system-out>
    <testcase name="Equals (155)" classname="spec_perl_TestIntegersMinMax_t" time="0.0017249584197998" />
    <testcase name="Equals (156)" classname="spec_perl_TestIntegersMinMax_t" time="8.10623168945312e-05" />
    <testcase name="Equals (157)" classname="spec_perl_TestIntegersMinMax_t" time="4.60147857666016e-05" />
    <testcase name="Equals (158)" classname="spec_perl_TestIntegersMinMax_t" time="6.19888305664062e-05" />
    <testcase name="Equals (159)" classname="spec_perl_TestIntegersMinMax_t" time="5.60283660888672e-05" />
    <testcase name="Equals (160)" classname="spec_perl_TestIntegersMinMax_t" time="9.70363616943359e-05" />
    <testcase name="Equals (161)" classname="spec_perl_TestIntegersMinMax_t" time="0.000112771987915039" />
    <testcase name="Equals (162)" classname="spec_perl_TestIntegersMinMax_t" time="6.00814819335938e-05" />
    <testcase name="Equals (163)" classname="spec_perl_TestIntegersMinMax_t" time="9.89437103271484e-05" />
    <testcase name="Equals (164)" classname="spec_perl_TestIntegersMinMax_t" time="9.60826873779297e-05" />
    <testcase name="Equals (165)" classname="spec_perl_TestIntegersMinMax_t" time="0.000139951705932617" />
    <testcase name="Equals (166)" classname="spec_perl_TestIntegersMinMax_t" time="6.103515625e-05" />
    <testcase name="Equals (167)" classname="spec_perl_TestIntegersMinMax_t" time="6.41345977783203e-05" />
    <testcase name="Equals (168)" classname="spec_perl_TestIntegersMinMax_t" time="5.57899475097656e-05" />
    <testcase name="Equals (169)" classname="spec_perl_TestIntegersMinMax_t" time="8.0108642578125e-05" />
    <testcase name="Equals (170)" classname="spec_perl_TestIntegersMinMax_t" time="0.000101089477539062" />
    <testcase name="Equals (171)" classname="spec_perl_TestIntegersMinMax_t" time="6.69956207275391e-05" />
    <testcase name="Equals (172)" classname="spec_perl_TestIntegersMinMax_t" time="9.79900360107422e-05" />
    <testcase name="Equals (173)" classname="spec_perl_TestIntegersMinMax_t" time="9.67979431152344e-05" />
    <testcase name="Equals (174)" classname="spec_perl_TestIntegersMinMax_t" time="7.20024108886719e-05" />
    <testcase name="Equals (175)" classname="spec_perl_TestIntegersMinMax_t" time="0.000102996826171875" />
    <testcase name="Equals (176)" classname="spec_perl_TestIntegersMinMax_t" time="6.60419464111328e-05" />
    <testcase name="Equals (177)" classname="spec_perl_TestIntegersMinMax_t" time="0.000133991241455078" />
    <testcase name="Equals (178)" classname="spec_perl_TestIntegersMinMax_t" time="8.60691070556641e-05" />
    <testcase name="Equals (179)" classname="spec_perl_TestIntegersMinMax_t" time="0.000102996826171875" />
    <testcase name="Equals (180)" classname="spec_perl_TestIntegersMinMax_t" time="0.000116109848022461" />
    <testcase name="Equals (181)" classname="spec_perl_TestIntegersMinMax_t" time="8.70227813720703e-05" />
    <testcase name="Equals (182)" classname="spec_perl_TestIntegersMinMax_t" time="9.39369201660156e-05" />
  </testsuite>
  <testsuite name="spec_perl_TestIndexToParamEos_t" errors="0" failures="2" skipped="0" tests="7" time="0.0509209632873535">
    <system-out>1..7
ok 1 - Equals
ok 2 - Equals
ok 3 - Equals
ok 4 - Equals
ok 5 - Equals
not ok 6 - Equals
not ok 7 - Equals
</system-out>
    <testcase name="Equals (183)" classname="spec_perl_TestIndexToParamEos_t" time="0.0031440258026123" />
    <testcase name="Equals (184)" classname="spec_perl_TestIndexToParamEos_t" time="0.000172138214111328" />
    <testcase name="Equals (185)" classname="spec_perl_TestIndexToParamEos_t" time="4.98294830322266e-05" />
    <testcase name="Equals (186)" classname="spec_perl_TestIndexToParamEos_t" time="0.000103950500488281" />
    <testcase name="Equals (187)" classname="spec_perl_TestIndexToParamEos_t" time="0.000102043151855469" />
    <testcase name="Equals (188)" classname="spec_perl_TestIndexToParamEos_t" time="0.000128984451293945">
      <failure message="not ok 6 - Equals" type="TAP::Parser::Result::Test"></failure>
    </testcase>
    <testcase name="Equals (189)" classname="spec_perl_TestIndexToParamEos_t" time="0.00230908393859863">
      <failure message="not ok 7 - Equals" type="TAP::Parser::Result::Test"></failure>
    </testcase>
  </testsuite>
  <testsuite name="spec_perl_TestStrLiterals_t" errors="0" failures="0" skipped="0" tests="5" time="0.0423059463500977">
    <system-out>1..5
ok 1 - Equals
ok 2 - Equals
ok 3 - Equals
ok 4 - Equals
ok 5 - Equals
</system-out>
    <testcase name="Equals (190)" classname="spec_perl_TestStrLiterals_t" time="0.00153803825378418" />
    <testcase name="Equals (191)" classname="spec_perl_TestStrLiterals_t" time="0.000101089477539062" />
    <testcase name="Equals (192)" classname="spec_perl_TestStrLiterals_t" time="4.79221343994141e-05" />
    <testcase name="Equals (193)" classname="spec_perl_TestStrLiterals_t" time="5.88893890380859e-05" />
    <testcase name="Equals (194)" classname="spec_perl_TestStrLiterals_t" time="5.69820404052734e-05" />
  </testsuite>
  <testsuite name="spec_perl_TestProcessCustomNoArgs_t" errors="1" failures="0" skipped="0" tests="0" time="0.0393149852752686">
    <system-out></system-out>
    <testcase name="Test died too soon, even before plan. (194)" classname="spec_perl_TestProcessCustomNoArgs_t" time="0.0393149852752686">
      <failure message="The test suite died before a plan was produced. You need to have a plan." type="Plan">No plan</failure>
    </testcase>
  </testsuite>
  <testsuite name="spec_perl_TestIndexToParamExpr_t" errors="0" failures="2" skipped="0" tests="7" time="0.0480720996856689">
    <system-out>1..7
ok 1 - Equals
ok 2 - Equals
ok 3 - Equals
ok 4 - Equals
ok 5 - Equals
not ok 6 - Equals
not ok 7 - Equals
</system-out>
    <testcase name="Equals (195)" classname="spec_perl_TestIndexToParamExpr_t" time="0.00206708908081055" />
    <testcase name="Equals (196)" classname="spec_perl_TestIndexToParamExpr_t" time="0.000113964080810547" />
    <testcase name="Equals (197)" classname="spec_perl_TestIndexToParamExpr_t" time="4.48226928710938e-05" />
    <testcase name="Equals (198)" classname="spec_perl_TestIndexToParamExpr_t" time="5.10215759277344e-05" />
    <testcase name="Equals (199)" classname="spec_perl_TestIndexToParamExpr_t" time="7.00950622558594e-05" />
    <testcase name="Equals (200)" classname="spec_perl_TestIndexToParamExpr_t" time="5.60283660888672e-05">
      <failure message="not ok 6 - Equals" type="TAP::Parser::Result::Test"></failure>
    </testcase>
    <testcase name="Equals (201)" classname="spec_perl_TestIndexToParamExpr_t" time="5.98430633544922e-05">
      <failure message="not ok 7 - Equals" type="TAP::Parser::Result::Test"></failure>
    </testcase>
  </testsuite>
  <testsuite name="spec_perl_TestExpr3_t" errors="0" failures="0" skipped="0" tests="12" time="0.0558280944824219">
    <system-out>1..12
ok 1 - Equals
ok 2 - Equals
ok 3 - Equals
ok 4 - Equals
ok 5 - Equals
ok 6 - Equals
ok 7 - Equals
ok 8 - Equals
ok 9 - Equals
ok 10 - Equals
ok 11 - Equals
ok 12 - Equals
</system-out>
    <testcase name="Equals (202)" classname="spec_perl_TestExpr3_t" time="0.0031437873840332" />
    <testcase name="Equals (203)" classname="spec_perl_TestExpr3_t" time="9.41753387451172e-05" />
    <testcase name="Equals (204)" classname="spec_perl_TestExpr3_t" time="5.10215759277344e-05" />
    <testcase name="Equals (205)" classname="spec_perl_TestExpr3_t" time="6.19888305664062e-05" />
    <testcase name="Equals (206)" classname="spec_perl_TestExpr3_t" time="4.38690185546875e-05" />
    <testcase name="Equals (207)" classname="spec_perl_TestExpr3_t" time="6.91413879394531e-05" />
    <testcase name="Equals (208)" classname="spec_perl_TestExpr3_t" time="5.98430633544922e-05" />
    <testcase name="Equals (209)" classname="spec_perl_TestExpr3_t" time="0.000200033187866211" />
    <testcase name="Equals (210)" classname="spec_perl_TestExpr3_t" time="4.69684600830078e-05" />
    <testcase name="Equals (211)" classname="spec_perl_TestExpr3_t" time="6.50882720947266e-05" />
    <testcase name="Equals (212)" classname="spec_perl_TestExpr3_t" time="5.79357147216797e-05" />
    <testcase name="Equals (213)" classname="spec_perl_TestExpr3_t" time="5.60283660888672e-05" />
  </testsuite>
  <testsuite name="spec_perl_TestBitsUnalignedB32Be_t" errors="0" failures="0" skipped="0" tests="3" time="0.0451850891113281">
    <system-out>1..3
ok 1 - Equals
ok 2 - Equals
ok 3 - Equals
</system-out>
    <testcase name="Equals (214)" classname="spec_perl_TestBitsUnalignedB32Be_t" time="0.00182604789733887" />
    <testcase name="Equals (215)" classname="spec_perl_TestBitsUnalignedB32Be_t" time="8.79764556884766e-05" />
    <testcase name="Equals (216)" classname="spec_perl_TestBitsUnalignedB32Be_t" time="4.81605529785156e-05" />
  </testsuite>
  <testsuite name="spec_perl_TestNavParentFalse2_t" errors="0" failures="0" skipped="0" tests="1" time="0.0441131591796875">
    <system-out>1..1
ok 1 - Equals
</system-out>
    <testcase name="Equals (217)" classname="spec_perl_TestNavParentFalse2_t" time="0.00163006782531738" />
  </testsuite>
  <testsuite name="spec_perl_TestExprSizeofValue0_t" errors="0" failures="0" skipped="0" tests="5" time="0.048253059387207">
    <system-out>1..5
ok 1 - Equals
ok 2 - Equals
ok 3 - Equals
ok 4 - Equals
ok 5 - Equals
</system-out>
    <testcase name="Equals (218)" classname="spec_perl_TestExprSizeofValue0_t" time="0.00162816047668457" />
    <testcase name="Equals (219)" classname="spec_perl_TestExprSizeofValue0_t" time="8.89301300048828e-05" />
    <testcase name="Equals (220)" classname="spec_perl_TestExprSizeofValue0_t" time="6.50882720947266e-05" />
    <testcase name="Equals (221)" classname="spec_perl_TestExprSizeofValue0_t" time="5.98430633544922e-05" />
    <testcase name="Equals (222)" classname="spec_perl_TestExprSizeofValue0_t" time="5.69820404052734e-05" />
  </testsuite>
  <testsuite name="spec_perl_TestStrPadTerm_t" errors="0" failures="0" skipped="0" tests="4" time="0.0479249954223633">
    <system-out>1..4
ok 1 - Equals
ok 2 - Equals
ok 3 - Equals
ok 4 - Equals
</system-out>
    <testcase name="Equals (223)" classname="spec_perl_TestStrPadTerm_t" time="0.00147795677185059" />
    <testcase name="Equals (224)" classname="spec_perl_TestStrPadTerm_t" time="0.000105857849121094" />
    <testcase name="Equals (225)" classname="spec_perl_TestStrPadTerm_t" time="4.81605529785156e-05" />
    <testcase name="Equals (226)" classname="spec_perl_TestStrPadTerm_t" time="5.98430633544922e-05" />
  </testsuite>
  <testsuite name="spec_perl_TestProcessXorConst_t" errors="0" failures="0" skipped="0" tests="2" time="0.0412399768829346">
    <system-out>1..2
ok 1 - Equals
ok 2 - Equals
</system-out>
    <testcase name="Equals (227)" classname="spec_perl_TestProcessXorConst_t" time="0.00142192840576172" />
    <testcase name="Equals (228)" classname="spec_perl_TestProcessXorConst_t" time="8.392333984375e-05" />
  </testsuite>
  <testsuite name="spec_perl_TestJsSignedRightShift_t" errors="0" failures="0" skipped="0" tests="2" time="0.0432140827178955">
    <system-out>1..2
ok 1 - Equals
ok 2 - Equals
</system-out>
    <testcase name="Equals (229)" classname="spec_perl_TestJsSignedRightShift_t" time="0.00151395797729492" />
    <testcase name="Equals (230)" classname="spec_perl_TestJsSignedRightShift_t" time="8.70227813720703e-05" />
  </testsuite>
  <testsuite name="spec_perl_TestCastNested_t" errors="0" failures="0" skipped="0" tests="4" time="0.0474510192871094">
    <system-out>1..4
ok 1 - Equals
ok 2 - Equals
ok 3 - Equals
ok 4 - Equals
</system-out>
    <testcase name="Equals (231)" classname="spec_perl_TestCastNested_t" time="0.00174093246459961" />
    <testcase name="Equals (232)" classname="spec_perl_TestCastNested_t" time="8.70227813720703e-05" />
    <testcase name="Equals (233)" classname="spec_perl_TestCastNested_t" time="4.79221343994141e-05" />
    <testcase name="Equals (234)" classname="spec_perl_TestCastNested_t" time="6.103515625e-05" />
  </testsuite>
  <testsuite name="spec_perl_TestValidOptionalId_t" errors="1" failures="0" skipped="0" tests="0" time="0.0435450077056885">
    <system-out></system-out>
    <testcase name="Test died too soon, even before plan. (234)" classname="spec_perl_TestValidOptionalId_t" time="0.0435450077056885">
      <failure message="The test suite died before a plan was produced. You need to have a plan." type="Plan">No plan</failure>
    </testcase>
  </testsuite>
  <testsuite name="spec_perl_TestEnumOfValueInst_t" errors="0" failures="0" skipped="0" tests="4" time="0.0421919822692871">
    <system-out>1..4
ok 1 - Equals
ok 2 - Equals
ok 3 - Equals
ok 4 - Equals
</system-out>
    <testcase name="Equals (235)" classname="spec_perl_TestEnumOfValueInst_t" time="0.00173711776733398" />
    <testcase name="Equals (236)" classname="spec_perl_TestEnumOfValueInst_t" time="7.70092010498047e-05" />
    <testcase name="Equals (237)" classname="spec_perl_TestEnumOfValueInst_t" time="9.20295715332031e-05" />
    <testcase name="Equals (238)" classname="spec_perl_TestEnumOfValueInst_t" time="6.103515625e-05" />
  </testsuite>
  <testsuite name="spec_perl_TestSwitchIntegers2_t" errors="0" failures="0" skipped="0" tests="5" time="0.0393600463867188">
    <system-out>1..5
ok 1 - Equals
ok 2 - Equals
ok 3 - Equals
ok 4 - Equals
ok 5 - Equals
</system-out>
    <testcase name="Equals (239)" classname="spec_perl_TestSwitchIntegers2_t" time="0.00140500068664551" />
    <testcase name="Equals (240)" classname="spec_perl_TestSwitchIntegers2_t" time="8.0108642578125e-05" />
    <testcase name="Equals (241)" classname="spec_perl_TestSwitchIntegers2_t" time="4.60147857666016e-05" />
    <testcase name="Equals (242)" classname="spec_perl_TestSwitchIntegers2_t" time="5.69820404052734e-05" />
    <testcase name="Equals (243)" classname="spec_perl_TestSwitchIntegers2_t" time="5.60283660888672e-05" />
  </testsuite>
  <testsuite name="spec_perl_TestBitsUnalignedB64Be_t" errors="0" failures="0" skipped="0" tests="3" time="0.0412759780883789">
    <system-out>1..3
ok 1 - Equals
ok 2 - Equals
ok 3 - Equals
</system-out>
    <testcase name="Equals (244)" classname="spec_perl_TestBitsUnalignedB64Be_t" time="0.00169920921325684" />
    <testcase name="Equals (245)" classname="spec_perl_TestBitsUnalignedB64Be_t" time="0.000105857849121094" />
    <testcase name="Equals (246)" classname="spec_perl_TestBitsUnalignedB64Be_t" time="9.70363616943359e-05" />
  </testsuite>
  <testsuite name="spec_perl_TestProcessCoerceUsertype1_t" errors="0" failures="0" skipped="0" tests="4" time="0.04215407371521">
    <system-out>1..4
ok 1 - Equals
ok 2 - Equals
ok 3 - Equals
ok 4 - Equals
</system-out>
    <testcase name="Equals (247)" classname="spec_perl_TestProcessCoerceUsertype1_t" time="0.00207805633544922" />
    <testcase name="Equals (248)" classname="spec_perl_TestProcessCoerceUsertype1_t" time="9.58442687988281e-05" />
    <testcase name="Equals (249)" classname="spec_perl_TestProcessCoerceUsertype1_t" time="5.00679016113281e-05" />
    <testcase name="Equals (250)" classname="spec_perl_TestProcessCoerceUsertype1_t" time="6.19888305664062e-05" />
  </testsuite>
  <testsuite name="spec_perl_TestBitsUnalignedB64Le_t" errors="0" failures="0" skipped="0" tests="3" time="0.0401182174682617">
    <system-out>1..3
ok 1 - Equals
ok 2 - Equals
ok 3 - Equals
</system-out>
    <testcase name="Equals (251)" classname="spec_perl_TestBitsUnalignedB64Le_t" time="0.00197005271911621" />
    <testcase name="Equals (252)" classname="spec_perl_TestBitsUnalignedB64Le_t" time="8.48770141601562e-05" />
    <testcase name="Equals (253)" classname="spec_perl_TestBitsUnalignedB64Le_t" time="4.69684600830078e-05" />
  </testsuite>
  <testsuite name="spec_perl_TestProcessXorValue_t" errors="0" failures="0" skipped="0" tests="2" time="0.0395150184631348">
    <system-out>1..2
ok 1 - Equals
ok 2 - Equals
</system-out>
    <testcase name="Equals (254)" classname="spec_perl_TestProcessXorValue_t" time="0.00173091888427734" />
    <testcase name="Equals (255)" classname="spec_perl_TestProcessXorValue_t" time="8.41617584228516e-05" />
  </testsuite>
  <testsuite name="spec_perl_TestNavParentSwitch_t" errors="0" failures="0" skipped="0" tests="3" time="0.0432438850402832">
    <system-out>1..3
ok 1 - Equals
ok 2 - Equals
ok 3 - Equals
</system-out>
    <testcase name="Equals (256)" classname="spec_perl_TestNavParentSwitch_t" time="0.00165295600891113" />
    <testcase name="Equals (257)" classname="spec_perl_TestNavParentSwitch_t" time="8.60691070556641e-05" />
    <testcase name="Equals (258)" classname="spec_perl_TestNavParentSwitch_t" time="8.48770141601562e-05" />
  </testsuite>
  <testsuite name="spec_perl_TestFloatingPoints_t" errors="0" failures="0" skipped="0" tests="8" time="0.0411930084228516">
    <system-out>1..8
ok 1 - Approx equals
ok 2 - Approx equals
ok 3 - Approx equals
ok 4 - Approx equals
ok 5 - Approx equals
ok 6 - Approx equals
ok 7 - Approx equals
ok 8 - Approx equals
</system-out>
    <testcase name="Approx equals (258)" classname="spec_perl_TestFloatingPoints_t" time="0.00153088569641113" />
    <testcase name="Approx equals (259)" classname="spec_perl_TestFloatingPoints_t" time="8.60691070556641e-05" />
    <testcase name="Approx equals (260)" classname="spec_perl_TestFloatingPoints_t" time="0.000130891799926758" />
    <testcase name="Approx equals (261)" classname="spec_perl_TestFloatingPoints_t" time="7.41481781005859e-05" />
    <testcase name="Approx equals (262)" classname="spec_perl_TestFloatingPoints_t" time="7.20024108886719e-05" />
    <testcase name="Approx equals (263)" classname="spec_perl_TestFloatingPoints_t" time="6.98566436767578e-05" />
    <testcase name="Approx equals (264)" classname="spec_perl_TestFloatingPoints_t" time="6.103515625e-05" />
    <testcase name="Approx equals (265)" classname="spec_perl_TestFloatingPoints_t" time="5.79357147216797e-05" />
  </testsuite>
  <testsuite name="spec_perl_TestSwitchBytearray_t" errors="0" failures="0" skipped="0" tests="9" time="0.0467159748077393">
    <system-out>1..9
ok 1 - Equals
ok 2 - Equals
ok 3 - Equals
ok 4 - Equals
ok 5 - Equals
ok 6 - Equals
ok 7 - Equals
ok 8 - Equals
ok 9 - Equals
</system-out>
    <testcase name="Equals (265)" classname="spec_perl_TestSwitchBytearray_t" time="0.00173306465148926" />
    <testcase name="Equals (266)" classname="spec_perl_TestSwitchBytearray_t" time="0.000134944915771484" />
    <testcase name="Equals (267)" classname="spec_perl_TestSwitchBytearray_t" time="4.91142272949219e-05" />
    <testcase name="Equals (268)" classname="spec_perl_TestSwitchBytearray_t" time="5.79357147216797e-05" />
    <testcase name="Equals (269)" classname="spec_perl_TestSwitchBytearray_t" time="5.50746917724609e-05" />
    <testcase name="Equals (270)" classname="spec_perl_TestSwitchBytearray_t" time="8.79764556884766e-05" />
    <testcase name="Equals (271)" classname="spec_perl_TestSwitchBytearray_t" time="0.000165939331054688" />
    <testcase name="Equals (272)" classname="spec_perl_TestSwitchBytearray_t" time="0.000123977661132812" />
    <testcase name="Equals (273)" classname="spec_perl_TestSwitchBytearray_t" time="0.00017094612121582" />
  </testsuite>
  <testsuite name="spec_perl_TestBcdUserTypeBe_t" errors="0" failures="0" skipped="0" tests="6" time="0.05930495262146">
    <system-out>1..6
ok 1 - Equals
ok 2 - Equals
ok 3 - Equals
ok 4 - Equals
ok 5 - Equals
ok 6 - Equals
</system-out>
    <testcase name="Equals (274)" classname="spec_perl_TestBcdUserTypeBe_t" time="0.00243186950683594" />
    <testcase name="Equals (275)" classname="spec_perl_TestBcdUserTypeBe_t" time="0.000273942947387695" />
    <testcase name="Equals (276)" classname="spec_perl_TestBcdUserTypeBe_t" time="0.000251054763793945" />
    <testcase name="Equals (277)" classname="spec_perl_TestBcdUserTypeBe_t" time="0.000234127044677734" />
    <testcase name="Equals (278)" classname="spec_perl_TestBcdUserTypeBe_t" time="0.000235795974731445" />
    <testcase name="Equals (279)" classname="spec_perl_TestBcdUserTypeBe_t" time="0.000353097915649414" />
  </testsuite>
  <testsuite name="spec_perl_TestPositionInSeq_t" errors="0" failures="0" skipped="0" tests="1" time="0.0371019840240479">
    <system-out>1..1
ok 1 - Equals
</system-out>
    <testcase name="Equals (280)" classname="spec_perl_TestPositionInSeq_t" time="0.00163102149963379" />
  </testsuite>
  <testsuite name="spec_perl_TestDocstrings_t" errors="0" failures="0" skipped="1" tests="1" time="0.0405559539794922">
    <system-out>1..1
ok 1 # skip Docstrings=HASH(0x5591787aa050)
</system-out>
    <testcase name="Unnamed test case 280" classname="spec_perl_TestDocstrings_t" time="0.00195884704589844">
      <skipped message="ok 1 # skip Docstrings=HASH(0x5591787aa050)" />
    </testcase>
  </testsuite>
  <testsuite name="spec_perl_TestExprSizeofValueSized_t" errors="0" failures="0" skipped="0" tests="5" time="0.0473501682281494">
    <system-out>1..5
ok 1 - Equals
ok 2 - Equals
ok 3 - Equals
ok 4 - Equals
ok 5 - Equals
</system-out>
    <testcase name="Equals (281)" classname="spec_perl_TestExprSizeofValueSized_t" time="0.00195693969726562" />
    <testcase name="Equals (282)" classname="spec_perl_TestExprSizeofValueSized_t" time="0.000101089477539062" />
    <testcase name="Equals (283)" classname="spec_perl_TestExprSizeofValueSized_t" time="4.69684600830078e-05" />
    <testcase name="Equals (284)" classname="spec_perl_TestExprSizeofValueSized_t" time="6.19888305664062e-05" />
    <testcase name="Equals (285)" classname="spec_perl_TestExprSizeofValueSized_t" time="5.88893890380859e-05" />
  </testsuite>
  <testsuite name="spec_perl_TestCombineBytes_t" errors="0" failures="0" skipped="0" tests="10" time="0.038891077041626">
    <system-out>1..10
ok 1 - Equals
ok 2 - Equals
ok 3 - Equals
ok 4 - Equals
ok 5 - Equals
ok 6 - Equals
ok 7 - Equals
ok 8 - Equals
ok 9 - Equals
ok 10 - Equals
</system-out>
    <testcase name="Equals (286)" classname="spec_perl_TestCombineBytes_t" time="0.00138401985168457" />
    <testcase name="Equals (287)" classname="spec_perl_TestCombineBytes_t" time="7.79628753662109e-05" />
    <testcase name="Equals (288)" classname="spec_perl_TestCombineBytes_t" time="4.41074371337891e-05" />
    <testcase name="Equals (289)" classname="spec_perl_TestCombineBytes_t" time="5.60283660888672e-05" />
    <testcase name="Equals (290)" classname="spec_perl_TestCombineBytes_t" time="5.79357147216797e-05" />
    <testcase name="Equals (291)" classname="spec_perl_TestCombineBytes_t" time="0.000110149383544922" />
    <testcase name="Equals (292)" classname="spec_perl_TestCombineBytes_t" time="5.69820404052734e-05" />
    <testcase name="Equals (293)" classname="spec_perl_TestCombineBytes_t" time="0.000114917755126953" />
    <testcase name="Equals (294)" classname="spec_perl_TestCombineBytes_t" time="0.000159025192260742" />
    <testcase name="Equals (295)" classname="spec_perl_TestCombineBytes_t" time="6.38961791992188e-05" />
  </testsuite>
  <testsuite name="spec_perl_TestProcessToUser_t" errors="0" failures="0" skipped="0" tests="1" time="0.0459799766540527">
    <system-out>1..1
ok 1 - Equals
</system-out>
    <testcase name="Equals (296)" classname="spec_perl_TestProcessToUser_t" time="0.00206398963928223" />
  </testsuite>
  <testsuite name="spec_perl_TestDefaultEndianMod_t" errors="0" failures="0" skipped="0" tests="3" time="0.0406501293182373">
    <system-out>1..3
ok 1 - Equals
ok 2 - Equals
ok 3 - Equals
</system-out>
    <testcase name="Equals (297)" classname="spec_perl_TestDefaultEndianMod_t" time="0.0015108585357666" />
    <testcase name="Equals (298)" classname="spec_perl_TestDefaultEndianMod_t" time="0.00011897087097168" />
    <testcase name="Equals (299)" classname="spec_perl_TestDefaultEndianMod_t" time="6.81877136230469e-05" />
  </testsuite>
  <testsuite name="spec_perl_TestExprBytesCmp_t" errors="0" failures="0" skipped="0" tests="10" time="0.0423321723937988">
    <system-out>1..10
ok 1 - Equals
ok 2 - Equals
ok 3 - Equals
ok 4 - Equals
ok 5 - Equals
ok 6 - Equals
ok 7 - Equals
ok 8 - Equals
ok 9 - Equals
ok 10 - Equals
</system-out>
    <testcase name="Equals (300)" classname="spec_perl_TestExprBytesCmp_t" time="0.00157809257507324" />
    <testcase name="Equals (301)" classname="spec_perl_TestExprBytesCmp_t" time="8.70227813720703e-05" />
    <testcase name="Equals (302)" classname="spec_perl_TestExprBytesCmp_t" time="0.0001678466796875" />
    <testcase name="Equals (303)" classname="spec_perl_TestExprBytesCmp_t" time="8.29696655273438e-05" />
    <testcase name="Equals (304)" classname="spec_perl_TestExprBytesCmp_t" time="6.19888305664062e-05" />
    <testcase name="Equals (305)" classname="spec_perl_TestExprBytesCmp_t" time="6.41345977783203e-05" />
    <testcase name="Equals (306)" classname="spec_perl_TestExprBytesCmp_t" time="0.000101089477539062" />
    <testcase name="Equals (307)" classname="spec_perl_TestExprBytesCmp_t" time="8.17775726318359e-05" />
    <testcase name="Equals (308)" classname="spec_perl_TestExprBytesCmp_t" time="0.000110149383544922" />
    <testcase name="Equals (309)" classname="spec_perl_TestExprBytesCmp_t" time="6.103515625e-05" />
  </testsuite>
  <testsuite name="spec_perl_TestSwitchManualIntSizeEos_t" errors="0" failures="0" skipped="0" tests="10" time="0.0459339618682861">
    <system-out>1..10
ok 1 - Equals
ok 2 - Equals
ok 3 - Equals
ok 4 - Equals
ok 5 - Equals
ok 6 - Equals
ok 7 - Equals
ok 8 - Equals
ok 9 - Equals
ok 10 - Equals
</system-out>
    <testcase name="Equals (310)" classname="spec_perl_TestSwitchManualIntSizeEos_t" time="0.00242495536804199" />
    <testcase name="Equals (311)" classname="spec_perl_TestSwitchManualIntSizeEos_t" time="7.70092010498047e-05" />
    <testcase name="Equals (312)" classname="spec_perl_TestSwitchManualIntSizeEos_t" time="7.00950622558594e-05" />
    <testcase name="Equals (313)" classname="spec_perl_TestSwitchManualIntSizeEos_t" time="5.29289245605469e-05" />
    <testcase name="Equals (314)" classname="spec_perl_TestSwitchManualIntSizeEos_t" time="5.19752502441406e-05" />
    <testcase name="Equals (315)" classname="spec_perl_TestSwitchManualIntSizeEos_t" time="0.000160932540893555" />
    <testcase name="Equals (316)" classname="spec_perl_TestSwitchManualIntSizeEos_t" time="0.000169992446899414" />
    <testcase name="Equals (317)" classname="spec_perl_TestSwitchManualIntSizeEos_t" time="0.000104188919067383" />
    <testcase name="Equals (318)" classname="spec_perl_TestSwitchManualIntSizeEos_t" time="9.58442687988281e-05" />
    <testcase name="Equals (319)" classname="spec_perl_TestSwitchManualIntSizeEos_t" time="6.91413879394531e-05" />
  </testsuite>
  <testsuite name="spec_perl_TestBitsSimpleLe_t" errors="0" failures="0" skipped="0" tests="14" time="0.0462827682495117">
    <system-out>1..14
ok 1 - Equals
ok 2 - Equals
ok 3 - Equals
ok 4 - Equals
ok 5 - Equals
ok 6 - Equals
ok 7 - Equals
ok 8 - Equals
ok 9 - Equals
ok 10 - Equals
ok 11 - Equals
ok 12 - Equals
ok 13 - Equals
ok 14 - Equals
</system-out>
    <testcase name="Equals (320)" classname="spec_perl_TestBitsSimpleLe_t" time="0.00162792205810547" />
    <testcase name="Equals (321)" classname="spec_perl_TestBitsSimpleLe_t" time="9.01222229003906e-05" />
    <testcase name="Equals (322)" classname="spec_perl_TestBitsSimpleLe_t" time="4.88758087158203e-05" />
    <testcase name="Equals (323)" classname="spec_perl_TestBitsSimpleLe_t" time="6.103515625e-05" />
    <testcase name="Equals (324)" classname="spec_perl_TestBitsSimpleLe_t" time="4.1961669921875e-05" />
    <testcase name="Equals (325)" classname="spec_perl_TestBitsSimpleLe_t" time="6.31809234619141e-05" />
    <testcase name="Equals (326)" classname="spec_perl_TestBitsSimpleLe_t" time="9.08374786376953e-05" />
    <testcase name="Equals (327)" classname="spec_perl_TestBitsSimpleLe_t" time="9.20295715332031e-05" />
    <testcase name="Equals (328)" classname="spec_perl_TestBitsSimpleLe_t" time="8.0108642578125e-05" />
    <testcase name="Equals (329)" classname="spec_perl_TestBitsSimpleLe_t" time="9.67979431152344e-05" />
    <testcase name="Equals (330)" classname="spec_perl_TestBitsSimpleLe_t" time="6.69956207275391e-05" />
    <testcase name="Equals (331)" classname="spec_perl_TestBitsSimpleLe_t" time="9.41753387451172e-05" />
    <testcase name="Equals (332)" classname="spec_perl_TestBitsSimpleLe_t" time="0.000197887420654297" />
    <testcase name="Equals (333)" classname="spec_perl_TestBitsSimpleLe_t" time="0.000102996826171875" />
  </testsuite>
  <testsuite name="spec_perl_TestEnumForUnknownId_t" errors="0" failures="0" skipped="0" tests="1" time="0.0433228015899658">
    <system-out>1..1
ok 1 - Equals
</system-out>
    <testcase name="Equals (334)" classname="spec_perl_TestEnumForUnknownId_t" time="0.00171494483947754" />
  </testsuite>
  <testsuite name="spec_perl_TestDefaultEndianExprIsLe_t" errors="0" failures="0" skipped="0" tests="12" time="0.0417749881744385">
    <system-out>1..12
ok 1 - Equals
ok 2 - Equals
ok 3 - Equals
ok 4 - Equals
ok 5 - Equals
ok 6 - Equals
ok 7 - Equals
ok 8 - Equals
ok 9 - Equals
ok 10 - Equals
ok 11 - Equals
ok 12 - Equals
</system-out>
    <testcase name="Equals (335)" classname="spec_perl_TestDefaultEndianExprIsLe_t" time="0.0017249584197998" />
    <testcase name="Equals (336)" classname="spec_perl_TestDefaultEndianExprIsLe_t" time="7.39097595214844e-05" />
    <testcase name="Equals (337)" classname="spec_perl_TestDefaultEndianExprIsLe_t" time="6.103515625e-05" />
    <testcase name="Equals (338)" classname="spec_perl_TestDefaultEndianExprIsLe_t" time="0.000103950500488281" />
    <testcase name="Equals (339)" classname="spec_perl_TestDefaultEndianExprIsLe_t" time="0.000103950500488281" />
    <testcase name="Equals (340)" classname="spec_perl_TestDefaultEndianExprIsLe_t" time="9.20295715332031e-05" />
    <testcase name="Equals (341)" classname="spec_perl_TestDefaultEndianExprIsLe_t" time="9.01222229003906e-05" />
    <testcase name="Equals (342)" classname="spec_perl_TestDefaultEndianExprIsLe_t" time="8.98838043212891e-05" />
    <testcase name="Equals (343)" classname="spec_perl_TestDefaultEndianExprIsLe_t" time="8.91685485839844e-05" />
    <testcase name="Equals (344)" classname="spec_perl_TestDefaultEndianExprIsLe_t" time="8.79764556884766e-05" />
    <testcase name="Equals (345)" classname="spec_perl_TestDefaultEndianExprIsLe_t" time="9.20295715332031e-05" />
    <testcase name="Equals (346)" classname="spec_perl_TestDefaultEndianExprIsLe_t" time="8.70227813720703e-05" />
  </testsuite>
  <testsuite name="spec_perl_TestExprIfIntOps_t" errors="0" failures="0" skipped="0" tests="2" time="0.0457170009613037">
    <system-out>1..2
ok 1 - Equals
ok 2 - Equals
</system-out>
    <testcase name="Equals (347)" classname="spec_perl_TestExprIfIntOps_t" time="0.00155901908874512" />
    <testcase name="Equals (348)" classname="spec_perl_TestExprIfIntOps_t" time="9.79900360107422e-05" />
  </testsuite>
  <testsuite name="spec_perl_TestEnumImport_t" errors="0" failures="2" skipped="0" tests="2" time="0.0456280708312988">
    <system-out>1..2
not ok 1 - Equals
not ok 2 - Equals
</system-out>
    <testcase name="Equals (349)" classname="spec_perl_TestEnumImport_t" time="0.00154209136962891">
      <failure message="not ok 1 - Equals" type="TAP::Parser::Result::Test"></failure>
    </testcase>
    <testcase name="Equals (350)" classname="spec_perl_TestEnumImport_t" time="0.000891923904418945">
      <failure message="not ok 2 - Equals" type="TAP::Parser::Result::Test"></failure>
    </testcase>
  </testsuite>
  <testsuite name="spec_perl_TestNestedTypes_t" errors="0" failures="0" skipped="0" tests="3" time="0.04317307472229">
    <system-out>1..3
ok 1 - Equals
ok 2 - Equals
ok 3 - Equals
</system-out>
    <testcase name="Equals (351)" classname="spec_perl_TestNestedTypes_t" time="0.00168704986572266" />
    <testcase name="Equals (352)" classname="spec_perl_TestNestedTypes_t" time="9.39369201660156e-05" />
    <testcase name="Equals (353)" classname="spec_perl_TestNestedTypes_t" time="5.19752502441406e-05" />
  </testsuite>
  <testsuite name="spec_perl_TestValidEqStrEncodings_t" errors="0" failures="0" skipped="1" tests="1" time="0.0566971302032471">
    <system-out>1..1
ok 1 # skip ValidEqStrEncodings=HASH(0x55b201a220a0)
</system-out>
    <testcase name="Unnamed test case 353" classname="spec_perl_TestValidEqStrEncodings_t" time="0.00687694549560547">
      <skipped message="ok 1 # skip ValidEqStrEncodings=HASH(0x55b201a220a0)" />
    </testcase>
  </testsuite>
  <testsuite name="spec_perl_TestEosExceptionU4_t" errors="0" failures="0" skipped="0" tests="1" time="0.0440139770507812">
    <system-out>1..1
ok 1 - threw /^Requested \d+ bytes, but only \d+ bytes available/
</system-out>
    <testcase name="threw /^Requested \d+ bytes, but only \d+ bytes available/ (353)" classname="spec_perl_TestEosExceptionU4_t" time="0.00181913375854492" />
  </testsuite>
  <testsuite name="spec_perl_TestRepeatUntilCalcArrayType_t" errors="0" failures="0" skipped="0" tests="7" time="0.0406169891357422">
    <system-out>1..7
ok 1 - Equals
ok 2 - Equals
ok 3 - Equals
ok 4 - Equals
ok 5 - Equals
ok 6 - Equals
ok 7 - Equals
</system-out>
    <testcase name="Equals (354)" classname="spec_perl_TestRepeatUntilCalcArrayType_t" time="0.00198602676391602" />
    <testcase name="Equals (355)" classname="spec_perl_TestRepeatUntilCalcArrayType_t" time="8.0108642578125e-05" />
    <testcase name="Equals (356)" classname="spec_perl_TestRepeatUntilCalcArrayType_t" time="9.79900360107422e-05" />
    <testcase name="Equals (357)" classname="spec_perl_TestRepeatUntilCalcArrayType_t" time="7.70092010498047e-05" />
    <testcase name="Equals (358)" classname="spec_perl_TestRepeatUntilCalcArrayType_t" time="6.103515625e-05" />
    <testcase name="Equals (359)" classname="spec_perl_TestRepeatUntilCalcArrayType_t" time="5.69820404052734e-05" />
    <testcase name="Equals (360)" classname="spec_perl_TestRepeatUntilCalcArrayType_t" time="0.000129938125610352" />
  </testsuite>
  <testsuite name="spec_perl_TestRepeatNStrzDouble_t" errors="0" failures="0" skipped="0" tests="3" time="0.0453579425811768">
    <system-out>1..3
ok 1 - Equals
ok 2 - Equals
ok 3 - Equals
</system-out>
    <testcase name="Equals (361)" classname="spec_perl_TestRepeatNStrzDouble_t" time="0.00174188613891602" />
    <testcase name="Equals (362)" classname="spec_perl_TestRepeatNStrzDouble_t" time="8.60691070556641e-05" />
    <testcase name="Equals (363)" classname="spec_perl_TestRepeatNStrzDouble_t" time="6.69956207275391e-05" />
  </testsuite>
  <testsuite name="spec_perl_TestTermStrz_t" errors="0" failures="0" skipped="0" tests="3" time="0.0443429946899414">
    <system-out>1..3
ok 1 - Equals
ok 2 - Equals
ok 3 - Equals
</system-out>
    <testcase name="Equals (364)" classname="spec_perl_TestTermStrz_t" time="0.00153493881225586" />
    <testcase name="Equals (365)" classname="spec_perl_TestTermStrz_t" time="8.392333984375e-05" />
    <testcase name="Equals (366)" classname="spec_perl_TestTermStrz_t" time="6.41345977783203e-05" />
  </testsuite>
  <testsuite name="spec_perl_TestSwitchManualInt_t" errors="0" failures="0" skipped="0" tests="9" time="0.0474338531494141">
    <system-out>1..9
ok 1 - Equals
ok 2 - Equals
ok 3 - Equals
ok 4 - Equals
ok 5 - Equals
ok 6 - Equals
ok 7 - Equals
ok 8 - Equals
ok 9 - Equals
</system-out>
    <testcase name="Equals (367)" classname="spec_perl_TestSwitchManualInt_t" time="0.00161504745483398" />
    <testcase name="Equals (368)" classname="spec_perl_TestSwitchManualInt_t" time="8.392333984375e-05" />
    <testcase name="Equals (369)" classname="spec_perl_TestSwitchManualInt_t" time="4.79221343994141e-05" />
    <testcase name="Equals (370)" classname="spec_perl_TestSwitchManualInt_t" time="8.70227813720703e-05" />
    <testcase name="Equals (371)" classname="spec_perl_TestSwitchManualInt_t" time="6.41345977783203e-05" />
    <testcase name="Equals (372)" classname="spec_perl_TestSwitchManualInt_t" time="0.000101804733276367" />
    <testcase name="Equals (373)" classname="spec_perl_TestSwitchManualInt_t" time="9.70363616943359e-05" />
    <testcase name="Equals (374)" classname="spec_perl_TestSwitchManualInt_t" time="0.000106096267700195" />
    <testcase name="Equals (375)" classname="spec_perl_TestSwitchManualInt_t" time="8.89301300048828e-05" />
  </testsuite>
  <testsuite name="spec_perl_TestEnumNegative_t" errors="0" failures="0" skipped="0" tests="2" time="0.0412700176239014">
    <system-out>1..2
ok 1 - Equals
ok 2 - Equals
</system-out>
    <testcase name="Equals (376)" classname="spec_perl_TestEnumNegative_t" time="0.00152087211608887" />
    <testcase name="Equals (377)" classname="spec_perl_TestEnumNegative_t" time="0.000128030776977539" />
  </testsuite>
  <testsuite name="spec_perl_TestRepeatUntilS4_t" errors="0" failures="0" skipped="0" tests="2" time="0.0446529388427734">
    <system-out>1..2
ok 1 - Equals
ok 2 - Equals
</system-out>
    <testcase name="Equals (378)" classname="spec_perl_TestRepeatUntilS4_t" time="0.00165796279907227" />
    <testcase name="Equals (379)" classname="spec_perl_TestRepeatUntilS4_t" time="9.29832458496094e-05" />
  </testsuite>
  <testsuite name="spec_perl_TestZlibWithHeader78_t" errors="0" failures="0" skipped="0" tests="1" time="0.078010082244873">
    <system-out>1..1
ok 1 - Equals
</system-out>
    <testcase name="Equals (380)" classname="spec_perl_TestZlibWithHeader78_t" time="0.00195097923278809" />
  </testsuite>
  <testsuite name="spec_perl_TestNavParent2_t" errors="0" failures="0" skipped="0" tests="10" time="0.0485570430755615">
    <system-out>1..10
ok 1 - Equals
ok 2 - Equals
ok 3 - Equals
ok 4 - Equals
ok 5 - Equals
ok 6 - Equals
ok 7 - Equals
ok 8 - Equals
ok 9 - Equals
ok 10 - Equals
</system-out>
    <testcase name="Equals (381)" classname="spec_perl_TestNavParent2_t" time="0.00238704681396484" />
    <testcase name="Equals (382)" classname="spec_perl_TestNavParent2_t" time="8.392333984375e-05" />
    <testcase name="Equals (383)" classname="spec_perl_TestNavParent2_t" time="7.79628753662109e-05" />
    <testcase name="Equals (384)" classname="spec_perl_TestNavParent2_t" time="5.60283660888672e-05" />
    <testcase name="Equals (385)" classname="spec_perl_TestNavParent2_t" time="8.10623168945312e-05" />
    <testcase name="Equals (386)" classname="spec_perl_TestNavParent2_t" time="0.000174045562744141" />
    <testcase name="Equals (387)" classname="spec_perl_TestNavParent2_t" time="9.48905944824219e-05" />
    <testcase name="Equals (388)" classname="spec_perl_TestNavParent2_t" time="9.70363616943359e-05" />
    <testcase name="Equals (389)" classname="spec_perl_TestNavParent2_t" time="9.20295715332031e-05" />
    <testcase name="Equals (390)" classname="spec_perl_TestNavParent2_t" time="0.000132083892822266" />
  </testsuite>
  <testsuite name="spec_perl_TestMetaTags_t" errors="0" failures="0" skipped="1" tests="1" time="0.0427920818328857">
    <system-out>1..1
ok 1 # skip MetaTags=HASH(0x55ba61956eb8)
</system-out>
    <testcase name="Unnamed test case 390" classname="spec_perl_TestMetaTags_t" time="0.00182700157165527">
      <skipped message="ok 1 # skip MetaTags=HASH(0x55ba61956eb8)" />
    </testcase>
  </testsuite>
  <testsuite name="spec_perl_TestCombineBool_t" errors="0" failures="0" skipped="0" tests="2" time="0.0403480529785156">
    <system-out>1..2
ok 1 - Equals
ok 2 - Equals
</system-out>
    <testcase name="Equals (391)" classname="spec_perl_TestCombineBool_t" time="0.00166702270507812" />
    <testcase name="Equals (392)" classname="spec_perl_TestCombineBool_t" time="0.000100135803222656" />
  </testsuite>
  <testsuite name="spec_perl_TestDocstringsDocref_t" errors="0" failures="0" skipped="1" tests="1" time="0.0460579395294189">
    <system-out>1..1
ok 1 # skip DocstringsDocref=HASH(0x55697af8b4a0)
</system-out>
    <testcase name="Unnamed test case 392" classname="spec_perl_TestDocstringsDocref_t" time="0.00209999084472656">
      <skipped message="ok 1 # skip DocstringsDocref=HASH(0x55697af8b4a0)" />
    </testcase>
  </testsuite>
  <testsuite name="spec_perl_TestRepeatNStruct_t" errors="0" failures="0" skipped="0" tests="5" time="0.0366001129150391">
    <system-out>1..5
ok 1 - Equals
ok 2 - Equals
ok 3 - Equals
ok 4 - Equals
ok 5 - Equals
</system-out>
    <testcase name="Equals (393)" classname="spec_perl_TestRepeatNStruct_t" time="0.00160479545593262" />
    <testcase name="Equals (394)" classname="spec_perl_TestRepeatNStruct_t" time="7.70092010498047e-05" />
    <testcase name="Equals (395)" classname="spec_perl_TestRepeatNStruct_t" time="6.19888305664062e-05" />
    <testcase name="Equals (396)" classname="spec_perl_TestRepeatNStruct_t" time="5.69820404052734e-05" />
    <testcase name="Equals (397)" classname="spec_perl_TestRepeatNStruct_t" time="5.41210174560547e-05" />
  </testsuite>
  <testsuite name="spec_perl_TestExpr0_t" errors="0" failures="0" skipped="0" tests="2" time="0.0407090187072754">
    <system-out>1..2
ok 1 - Equals
ok 2 - Equals
</system-out>
    <testcase name="Equals (398)" classname="spec_perl_TestExpr0_t" time="0.00167393684387207" />
    <testcase name="Equals (399)" classname="spec_perl_TestExpr0_t" time="8.10623168945312e-05" />
  </testsuite>
  <testsuite name="spec_perl_TestExprBits_t" errors="0" failures="0" skipped="0" tests="10" time="0.0428390502929688">
    <system-out>1..10
ok 1 - Equals
ok 2 - Equals
ok 3 - Equals
ok 4 - Equals
ok 5 - Equals
ok 6 - Equals
ok 7 - Equals
ok 8 - Equals
ok 9 - Equals
ok 10 - Equals
</system-out>
    <testcase name="Equals (400)" classname="spec_perl_TestExprBits_t" time="0.0015099048614502" />
    <testcase name="Equals (401)" classname="spec_perl_TestExprBits_t" time="7.70092010498047e-05" />
    <testcase name="Equals (402)" classname="spec_perl_TestExprBits_t" time="8.48770141601562e-05" />
    <testcase name="Equals (403)" classname="spec_perl_TestExprBits_t" time="5.91278076171875e-05" />
    <testcase name="Equals (404)" classname="spec_perl_TestExprBits_t" time="6.60419464111328e-05" />
    <testcase name="Equals (405)" classname="spec_perl_TestExprBits_t" time="9.98973846435547e-05" />
    <testcase name="Equals (406)" classname="spec_perl_TestExprBits_t" time="9.29832458496094e-05" />
    <testcase name="Equals (407)" classname="spec_perl_TestExprBits_t" time="8.60691070556641e-05" />
    <testcase name="Equals (408)" classname="spec_perl_TestExprBits_t" time="7.79628753662109e-05" />
    <testcase name="Equals (409)" classname="spec_perl_TestExprBits_t" time="0.000149965286254883" />
  </testsuite>
  <testsuite name="spec_perl_TestImports0_t" errors="0" failures="0" skipped="0" tests="3" time="0.0448689460754395">
    <system-out>1..3
ok 1 - Equals
ok 2 - Equals
ok 3 - Equals
</system-out>
    <testcase name="Equals (410)" classname="spec_perl_TestImports0_t" time="0.00529193878173828" />
    <testcase name="Equals (411)" classname="spec_perl_TestImports0_t" time="0.000118017196655273" />
    <testcase name="Equals (412)" classname="spec_perl_TestImports0_t" time="5.00679016113281e-05" />
  </testsuite>
  <testsuite name="spec_perl_TestBitsByteAligned_t" errors="0" failures="0" skipped="0" tests="9" time="0.0431931018829346">
    <system-out>1..9
ok 1 - Equals
ok 2 - Equals
ok 3 - Equals
ok 4 - Equals
ok 5 - Equals
ok 6 - Equals
ok 7 - Equals
ok 8 - Equals
ok 9 - Equals
</system-out>
    <testcase name="Equals (413)" classname="spec_perl_TestBitsByteAligned_t" time="0.00157403945922852" />
    <testcase name="Equals (414)" classname="spec_perl_TestBitsByteAligned_t" time="0.000102996826171875" />
    <testcase name="Equals (415)" classname="spec_perl_TestBitsByteAligned_t" time="0.000115871429443359" />
    <testcase name="Equals (416)" classname="spec_perl_TestBitsByteAligned_t" time="0.000141143798828125" />
    <testcase name="Equals (417)" classname="spec_perl_TestBitsByteAligned_t" time="6.69956207275391e-05" />
    <testcase name="Equals (418)" classname="spec_perl_TestBitsByteAligned_t" time="0.000117778778076172" />
    <testcase name="Equals (419)" classname="spec_perl_TestBitsByteAligned_t" time="0.000104188919067383" />
    <testcase name="Equals (420)" classname="spec_perl_TestBitsByteAligned_t" time="9.89437103271484e-05" />
    <testcase name="Equals (421)" classname="spec_perl_TestBitsByteAligned_t" time="8.70227813720703e-05" />
  </testsuite>
  <testsuite name="spec_perl_TestEnumToIClassBorder1_t" errors="0" failures="1" skipped="0" tests="3" time="0.0435240268707275">
    <system-out>1..3
ok 1 - Equals
ok 2 - Equals
not ok 3 - test_enum_to_i_class_border_1 died (Can't call method &quot;some_dog&quot; on an undefined value at compiled/perl/EnumToIClassBorder2.pm line 42.)
</system-out>
    <testcase name="Equals (422)" classname="spec_perl_TestEnumToIClassBorder1_t" time="0.00171494483947754" />
    <testcase name="Equals (423)" classname="spec_perl_TestEnumToIClassBorder1_t" time="8.51154327392578e-05" />
    <testcase name="test_enum_to_i_class_border_1 died (Can't call method &quot;some_dog&quot; on an undefined value at compiled/perl/EnumToIClassBorder2.pm line 42.) (423)" classname="spec_perl_TestEnumToIClassBorder1_t" time="8.10623168945312e-05">
      <failure message="not ok 3 - test_enum_to_i_class_border_1 died (Can't call method &quot;some_dog&quot; on an undefined value at compiled/perl/EnumToIClassBorder2.pm line 42.)" type="TAP::Parser::Result::Test"></failure>
    </testcase>
  </testsuite>
  <testsuite name="spec_perl_TestBytesPadTerm_t" errors="0" failures="0" skipped="0" tests="4" time="0.0391809940338135">
    <system-out>1..4
ok 1 - Equals
ok 2 - Equals
ok 3 - Equals
ok 4 - Equals
</system-out>
    <testcase name="Equals (424)" classname="spec_perl_TestBytesPadTerm_t" time="0.00164294242858887" />
    <testcase name="Equals (425)" classname="spec_perl_TestBytesPadTerm_t" time="9.70363616943359e-05" />
    <testcase name="Equals (426)" classname="spec_perl_TestBytesPadTerm_t" time="6.38961791992188e-05" />
    <testcase name="Equals (427)" classname="spec_perl_TestBytesPadTerm_t" time="5.91278076171875e-05" />
  </testsuite>
  <testsuite name="spec_perl_TestDefaultEndianExprException_t" errors="0" failures="0" skipped="0" tests="1" time="0.0428900718688965">
    <system-out>1..1
ok 1 - threw /^Unable to decide on endianness/
</system-out>
    <testcase name="threw /^Unable to decide on endianness/ (427)" classname="spec_perl_TestDefaultEndianExprException_t" time="0.00151586532592773" />
  </testsuite>
  <testsuite name="spec_perl_TestDefaultEndianExprInherited_t" errors="0" failures="0" skipped="0" tests="15" time="0.0420980453491211">
    <system-out>1..15
ok 1 - Equals
ok 2 - Equals
ok 3 - Equals
ok 4 - Equals
ok 5 - Equals
ok 6 - Equals
ok 7 - Equals
ok 8 - Equals
ok 9 - Equals
ok 10 - Equals
ok 11 - Equals
ok 12 - Equals
ok 13 - Equals
ok 14 - Equals
ok 15 - Equals
</system-out>
    <testcase name="Equals (428)" classname="spec_perl_TestDefaultEndianExprInherited_t" time="0.00158405303955078" />
    <testcase name="Equals (429)" classname="spec_perl_TestDefaultEndianExprInherited_t" time="8.79764556884766e-05" />
    <testcase name="Equals (430)" classname="spec_perl_TestDefaultEndianExprInherited_t" time="4.79221343994141e-05" />
    <testcase name="Equals (431)" classname="spec_perl_TestDefaultEndianExprInherited_t" time="6.31809234619141e-05" />
    <testcase name="Equals (432)" classname="spec_perl_TestDefaultEndianExprInherited_t" time="7.98702239990234e-05" />
    <testcase name="Equals (433)" classname="spec_perl_TestDefaultEndianExprInherited_t" time="0.000101089477539062" />
    <testcase name="Equals (434)" classname="spec_perl_TestDefaultEndianExprInherited_t" time="9.89437103271484e-05" />
    <testcase name="Equals (435)" classname="spec_perl_TestDefaultEndianExprInherited_t" time="0.000102996826171875" />
    <testcase name="Equals (436)" classname="spec_perl_TestDefaultEndianExprInherited_t" time="6.69956207275391e-05" />
    <testcase name="Equals (437)" classname="spec_perl_TestDefaultEndianExprInherited_t" time="0.000123023986816406" />
    <testcase name="Equals (438)" classname="spec_perl_TestDefaultEndianExprInherited_t" time="9.89437103271484e-05" />
    <testcase name="Equals (439)" classname="spec_perl_TestDefaultEndianExprInherited_t" time="9.51290130615234e-05" />
    <testcase name="Equals (440)" classname="spec_perl_TestDefaultEndianExprInherited_t" time="8.58306884765625e-05" />
    <testcase name="Equals (441)" classname="spec_perl_TestDefaultEndianExprInherited_t" time="0.000108003616333008" />
    <testcase name="Equals (442)" classname="spec_perl_TestDefaultEndianExprInherited_t" time="0.000149011611938477" />
  </testsuite>
  <testsuite name="spec_perl_TestBcdUserTypeLe_t" errors="0" failures="0" skipped="0" tests="6" time="0.0464298725128174">
    <system-out>1..6
ok 1 - Equals
ok 2 - Equals
ok 3 - Equals
ok 4 - Equals
ok 5 - Equals
ok 6 - Equals
</system-out>
    <testcase name="Equals (443)" classname="spec_perl_TestBcdUserTypeLe_t" time="0.00219202041625977" />
    <testcase name="Equals (444)" classname="spec_perl_TestBcdUserTypeLe_t" time="9.01222229003906e-05" />
    <testcase name="Equals (445)" classname="spec_perl_TestBcdUserTypeLe_t" time="6.29425048828125e-05" />
    <testcase name="Equals (446)" classname="spec_perl_TestBcdUserTypeLe_t" time="5.79357147216797e-05" />
    <testcase name="Equals (447)" classname="spec_perl_TestBcdUserTypeLe_t" time="9.79900360107422e-05" />
    <testcase name="Equals (448)" classname="spec_perl_TestBcdUserTypeLe_t" time="0.000104188919067383" />
  </testsuite>
  <testsuite name="spec_perl_TestExpr2_t" errors="0" failures="0" skipped="0" tests="17" time="0.0587770938873291">
    <system-out>1..17
ok 1 - Equals
ok 2 - Equals
ok 3 - Equals
ok 4 - Equals
ok 5 - Equals
ok 6 - Equals
ok 7 - Equals
ok 8 - Equals
ok 9 - Equals
ok 10 - Equals
ok 11 - Equals
ok 12 - Equals
ok 13 - Equals
ok 14 - Equals
ok 15 - Equals
ok 16 - Equals
ok 17 - Equals
</system-out>
    <testcase name="Equals (449)" classname="spec_perl_TestExpr2_t" time="0.00211882591247559" />
    <testcase name="Equals (450)" classname="spec_perl_TestExpr2_t" time="8.20159912109375e-05" />
    <testcase name="Equals (451)" classname="spec_perl_TestExpr2_t" time="0.000139951705932617" />
    <testcase name="Equals (452)" classname="spec_perl_TestExpr2_t" time="6.91413879394531e-05" />
    <testcase name="Equals (453)" classname="spec_perl_TestExpr2_t" time="0.000113964080810547" />
[...]
  </testsuite>
  <testsuite name="spec_perl_TestNavParentSwitchCast_t" errors="0" failures="0" skipped="0" tests="3" time="0.0414009094238281">
    <system-out>1..3
ok 1 - Equals
ok 2 - Equals
ok 3 - Equals
</system-out>
    <testcase name="Equals (878)" classname="spec_perl_TestNavParentSwitchCast_t" time="0.00207686424255371" />
    <testcase name="Equals (879)" classname="spec_perl_TestNavParentSwitchCast_t" time="0.000124216079711914" />
    <testcase name="Equals (880)" classname="spec_perl_TestNavParentSwitchCast_t" time="5.29289245605469e-05" />
  </testsuite>
  <testsuite name="spec_perl_TestExprEnum_t" errors="0" failures="0" skipped="0" tests="3" time="0.0487370491027832">
    <system-out>1..3
ok 1 - Equals
ok 2 - Equals
ok 3 - Equals
</system-out>
    <testcase name="Equals (881)" classname="spec_perl_TestExprEnum_t" time="0.00152683258056641" />
    <testcase name="Equals (882)" classname="spec_perl_TestExprEnum_t" time="0.00119996070861816" />
    <testcase name="Equals (883)" classname="spec_perl_TestExprEnum_t" time="7.20024108886719e-05" />
  </testsuite>
  <testsuite name="spec_perl_TestProcessRotate_t" errors="0" failures="0" skipped="0" tests="3" time="0.0401771068572998">
    <system-out>1..3
ok 1 - Equals
ok 2 - Equals
ok 3 - Equals
</system-out>
    <testcase name="Equals (884)" classname="spec_perl_TestProcessRotate_t" time="0.00145792961120605" />
    <testcase name="Equals (885)" classname="spec_perl_TestProcessRotate_t" time="9.20295715332031e-05" />
    <testcase name="Equals (886)" classname="spec_perl_TestProcessRotate_t" time="6.60419464111328e-05" />
  </testsuite>
  <testsuite name="spec_perl_TestDocstringsDocrefMulti_t" errors="0" failures="0" skipped="1" tests="1" time="0.0433859825134277">
    <system-out>1..1
ok 1 # skip DocstringsDocrefMulti=HASH(0x560192c672f8)
</system-out>
    <testcase name="Unnamed test case 886" classname="spec_perl_TestDocstringsDocrefMulti_t" time="0.00190901756286621">
      <skipped message="ok 1 # skip DocstringsDocrefMulti=HASH(0x560192c672f8)" />
    </testcase>
  </testsuite>
  <testsuite name="spec_perl_TestSwitchManualIntSize_t" errors="0" failures="0" skipped="0" tests="10" time="0.0496668815612793">
    <system-out>1..10
ok 1 - Equals
ok 2 - Equals
ok 3 - Equals
ok 4 - Equals
ok 5 - Equals
ok 6 - Equals
ok 7 - Equals
ok 8 - Equals
ok 9 - Equals
ok 10 - Equals
</system-out>
    <testcase name="Equals (887)" classname="spec_perl_TestSwitchManualIntSize_t" time="0.00211691856384277" />
    <testcase name="Equals (888)" classname="spec_perl_TestSwitchManualIntSize_t" time="9.10758972167969e-05" />
    <testcase name="Equals (889)" classname="spec_perl_TestSwitchManualIntSize_t" time="0.000243902206420898" />
    <testcase name="Equals (890)" classname="spec_perl_TestSwitchManualIntSize_t" time="5.60283660888672e-05" />
    <testcase name="Equals (891)" classname="spec_perl_TestSwitchManualIntSize_t" time="6.79492950439453e-05" />
    <testcase name="Equals (892)" classname="spec_perl_TestSwitchManualIntSize_t" time="9.70363616943359e-05" />
    <testcase name="Equals (893)" classname="spec_perl_TestSwitchManualIntSize_t" time="0.000128030776977539" />
    <testcase name="Equals (894)" classname="spec_perl_TestSwitchManualIntSize_t" time="6.41345977783203e-05" />
    <testcase name="Equals (895)" classname="spec_perl_TestSwitchManualIntSize_t" time="0.000206947326660156" />
    <testcase name="Equals (896)" classname="spec_perl_TestSwitchManualIntSize_t" time="8.29696655273438e-05" />
  </testsuite>
  <testsuite name="spec_perl_TestSwitchIntegers_t" errors="0" failures="0" skipped="0" tests="9" time="0.0376319885253906">
    <system-out>1..9
ok 1 - Equals
ok 2 - Equals
ok 3 - Equals
ok 4 - Equals
ok 5 - Equals
ok 6 - Equals
ok 7 - Equals
ok 8 - Equals
ok 9 - Equals
</system-out>
    <testcase name="Equals (897)" classname="spec_perl_TestSwitchIntegers_t" time="0.00179910659790039" />
    <testcase name="Equals (898)" classname="spec_perl_TestSwitchIntegers_t" time="0.00011897087097168" />
    <testcase name="Equals (899)" classname="spec_perl_TestSwitchIntegers_t" time="7.79628753662109e-05" />
    <testcase name="Equals (900)" classname="spec_perl_TestSwitchIntegers_t" time="0.000113964080810547" />
    <testcase name="Equals (901)" classname="spec_perl_TestSwitchIntegers_t" time="0.00011897087097168" />
    <testcase name="Equals (902)" classname="spec_perl_TestSwitchIntegers_t" time="9.41753387451172e-05" />
    <testcase name="Equals (903)" classname="spec_perl_TestSwitchIntegers_t" time="0.0001068115234375" />
    <testcase name="Equals (904)" classname="spec_perl_TestSwitchIntegers_t" time="9.60826873779297e-05" />
    <testcase name="Equals (905)" classname="spec_perl_TestSwitchIntegers_t" time="7.60555267333984e-05" />
  </testsuite>
  <testsuite name="spec_perl_TestIndexSizes_t" errors="0" failures="0" skipped="0" tests="7" time="0.0442860126495361">
    <system-out>1..7
ok 1 - Equals
ok 2 - Equals
ok 3 - Equals
ok 4 - Equals
ok 5 - Equals
ok 6 - Equals
ok 7 - Equals
</system-out>
    <testcase name="Equals (906)" classname="spec_perl_TestIndexSizes_t" time="0.00151991844177246" />
    <testcase name="Equals (907)" classname="spec_perl_TestIndexSizes_t" time="8.60691070556641e-05" />
    <testcase name="Equals (908)" classname="spec_perl_TestIndexSizes_t" time="0.000119924545288086" />
    <testcase name="Equals (909)" classname="spec_perl_TestIndexSizes_t" time="7.51018524169922e-05" />
    <testcase name="Equals (910)" classname="spec_perl_TestIndexSizes_t" time="7.70092010498047e-05" />
    <testcase name="Equals (911)" classname="spec_perl_TestIndexSizes_t" time="0.000105857849121094" />
    <testcase name="Equals (912)" classname="spec_perl_TestIndexSizes_t" time="0.000133037567138672" />
  </testsuite>
  <testsuite name="spec_perl_TestSwitchCast_t" errors="0" failures="0" skipped="0" tests="2" time="0.0428371429443359">
    <system-out>1..2
ok 1 - Equals
ok 2 - Equals
</system-out>
    <testcase name="Equals (913)" classname="spec_perl_TestSwitchCast_t" time="0.00161314010620117" />
    <testcase name="Equals (914)" classname="spec_perl_TestSwitchCast_t" time="7.70092010498047e-05" />
  </testsuite>
  <testsuite name="spec_perl_TestExprStrEncodings_t" errors="0" failures="0" skipped="0" tests="7" time="0.0508120059967041">
    <system-out>1..7
ok 1 - Equals
ok 2 - Equals
ok 3 - Equals
ok 4 - Equals
ok 5 - Equals
ok 6 - Equals
ok 7 - Equals
</system-out>
    <testcase name="Equals (915)" classname="spec_perl_TestExprStrEncodings_t" time="0.0063939094543457" />
    <testcase name="Equals (916)" classname="spec_perl_TestExprStrEncodings_t" time="0.000101089477539062" />
    <testcase name="Equals (917)" classname="spec_perl_TestExprStrEncodings_t" time="4.98294830322266e-05" />
    <testcase name="Equals (918)" classname="spec_perl_TestExprStrEncodings_t" time="8.0108642578125e-05" />
    <testcase name="Equals (919)" classname="spec_perl_TestExprStrEncodings_t" time="4.79221343994141e-05" />
    <testcase name="Equals (920)" classname="spec_perl_TestExprStrEncodings_t" time="5.91278076171875e-05" />
    <testcase name="Equals (921)" classname="spec_perl_TestExprStrEncodings_t" time="9.79900360107422e-05" />
  </testsuite>
  <testsuite name="spec_perl_TestNavRoot_t" errors="0" failures="0" skipped="0" tests="5" time="0.0468120574951172">
    <system-out>1..5
ok 1 - Equals
ok 2 - Equals
ok 3 - Equals
ok 4 - Equals
ok 5 - Equals
</system-out>
    <testcase name="Equals (922)" classname="spec_perl_TestNavRoot_t" time="0.00177502632141113" />
    <testcase name="Equals (923)" classname="spec_perl_TestNavRoot_t" time="0.000119924545288086" />
    <testcase name="Equals (924)" classname="spec_perl_TestNavRoot_t" time="6.41345977783203e-05" />
    <testcase name="Equals (925)" classname="spec_perl_TestNavRoot_t" time="8.08238983154297e-05" />
    <testcase name="Equals (926)" classname="spec_perl_TestNavRoot_t" time="0.000144004821777344" />
  </testsuite>
  <testsuite name="spec_perl_TestSwitchManualIntElse_t" errors="0" failures="0" skipped="0" tests="9" time="0.0483050346374512">
    <system-out>1..9
ok 1 - Equals
ok 2 - Equals
ok 3 - Equals
ok 4 - Equals
ok 5 - Equals
ok 6 - Equals
ok 7 - Equals
ok 8 - Equals
ok 9 - Equals
</system-out>
    <testcase name="Equals (927)" classname="spec_perl_TestSwitchManualIntElse_t" time="0.0016331672668457" />
    <testcase name="Equals (928)" classname="spec_perl_TestSwitchManualIntElse_t" time="8.79764556884766e-05" />
    <testcase name="Equals (929)" classname="spec_perl_TestSwitchManualIntElse_t" time="6.69956207275391e-05" />
    <testcase name="Equals (930)" classname="spec_perl_TestSwitchManualIntElse_t" time="5.98430633544922e-05" />
    <testcase name="Equals (931)" classname="spec_perl_TestSwitchManualIntElse_t" time="8.51154327392578e-05" />
    <testcase name="Equals (932)" classname="spec_perl_TestSwitchManualIntElse_t" time="0.000108957290649414" />
    <testcase name="Equals (933)" classname="spec_perl_TestSwitchManualIntElse_t" time="8.51154327392578e-05" />
    <testcase name="Equals (934)" classname="spec_perl_TestSwitchManualIntElse_t" time="7.39097595214844e-05" />
    <testcase name="Equals (935)" classname="spec_perl_TestSwitchManualIntElse_t" time="0.000110864639282227" />
  </testsuite>
  <testsuite name="spec_perl_TestCastToTop_t" errors="0" failures="0" skipped="0" tests="3" time="0.0417170524597168">
    <system-out>1..3
ok 1 - Equals
ok 2 - Equals
ok 3 - Equals
</system-out>
    <testcase name="Equals (936)" classname="spec_perl_TestCastToTop_t" time="0.00165605545043945" />
    <testcase name="Equals (937)" classname="spec_perl_TestCastToTop_t" time="8.48770141601562e-05" />
    <testcase name="Equals (938)" classname="spec_perl_TestCastToTop_t" time="5.41210174560547e-05" />
  </testsuite>
  <testsuite name="spec_perl_TestBitsSignedShiftB64Le_t" errors="0" failures="0" skipped="0" tests="2" time="0.0406701564788818">
    <system-out>1..2
ok 1 - Equals
ok 2 - Equals
</system-out>
    <testcase name="Equals (939)" classname="spec_perl_TestBitsSignedShiftB64Le_t" time="0.00165796279907227" />
    <testcase name="Equals (940)" classname="spec_perl_TestBitsSignedShiftB64Le_t" time="0.000115156173706055" />
  </testsuite>
  <testsuite name="spec_perl_TestDebugEnumName_t" errors="1" failures="0" skipped="0" tests="0" time="0.0357098579406738">
    <system-out></system-out>
    <testcase name="Test died too soon, even before plan. (940)" classname="spec_perl_TestDebugEnumName_t" time="0.0357098579406738">
      <failure message="The test suite died before a plan was produced. You need to have a plan." type="Plan">No plan</failure>
    </testcase>
  </testsuite>
  <testsuite name="spec_perl_TestFixedContents_t" errors="0" failures="0" skipped="1" tests="1" time="0.0416488647460938">
    <system-out>1..1
ok 1 # skip FixedContents=HASH(0x561ec484e2b8)
</system-out>
    <testcase name="Unnamed test case 940" classname="spec_perl_TestFixedContents_t" time="0.00169992446899414">
      <skipped message="ok 1 # skip FixedContents=HASH(0x561ec484e2b8)" />
    </testcase>
  </testsuite>
  <testsuite name="spec_perl_TestTermU1Val_t" errors="0" failures="0" skipped="0" tests="2" time="0.0439109802246094">
    <system-out>1..2
ok 1 - Equals
ok 2 - Equals
</system-out>
    <testcase name="Equals (941)" classname="spec_perl_TestTermU1Val_t" time="0.00158882141113281" />
    <testcase name="Equals (942)" classname="spec_perl_TestTermU1Val_t" time="0.000107049942016602" />
  </testsuite>
  <testsuite name="spec_perl_TestNonStandard_t" errors="0" failures="0" skipped="0" tests="1" time="0.0409469604492188">
    <system-out>1..1
ok 1 - Equals
</system-out>
    <testcase name="Equals (943)" classname="spec_perl_TestNonStandard_t" time="0.00137782096862793" />
  </testsuite>
  <testsuite name="spec_perl_TestBitsShiftByB32Le_t" errors="0" failures="0" skipped="0" tests="2" time="0.0399789810180664">
    <system-out>1..2
ok 1 - Equals
ok 2 - Equals
</system-out>
    <testcase name="Equals (944)" classname="spec_perl_TestBitsShiftByB32Le_t" time="0.00161314010620117" />
    <testcase name="Equals (945)" classname="spec_perl_TestBitsShiftByB32Le_t" time="7.89165496826172e-05" />
  </testsuite>
  <testsuite name="spec_perl_TestEnum1_t" errors="0" failures="0" skipped="0" tests="2" time="0.048698902130127">
    <system-out>1..2
ok 1 - Equals
ok 2 - Equals
</system-out>
    <testcase name="Equals (946)" classname="spec_perl_TestEnum1_t" time="0.00174999237060547" />
    <testcase name="Equals (947)" classname="spec_perl_TestEnum1_t" time="0.000123977661132812" />
  </testsuite>
  <testsuite name="spec_perl_TestIfInstances_t" errors="0" failures="0" skipped="0" tests="1" time="0.0377540588378906">
    <system-out>1..1
ok 1 - nil
</system-out>
    <testcase name="nil (947)" classname="spec_perl_TestIfInstances_t" time="0.00139284133911133" />
  </testsuite>
  <testsuite name="spec_perl_TestEnumLongRangeU_t" errors="0" failures="0" skipped="0" tests="4" time="0.041018009185791">
    <system-out>1..4
ok 1 - Equals
ok 2 - Equals
ok 3 - Equals
ok 4 - Equals
</system-out>
    <testcase name="Equals (948)" classname="spec_perl_TestEnumLongRangeU_t" time="0.0014960765838623" />
    <testcase name="Equals (949)" classname="spec_perl_TestEnumLongRangeU_t" time="8.20159912109375e-05" />
    <testcase name="Equals (950)" classname="spec_perl_TestEnumLongRangeU_t" time="4.57763671875e-05" />
    <testcase name="Equals (951)" classname="spec_perl_TestEnumLongRangeU_t" time="5.91278076171875e-05" />
  </testsuite>
  <testsuite name="spec_perl_TestExprSizeofType0_t" errors="0" failures="0" skipped="0" tests="1" time="0.0482051372528076">
    <system-out>1..1
ok 1 - Equals
</system-out>
    <testcase name="Equals (952)" classname="spec_perl_TestExprSizeofType0_t" time="0.00169110298156738" />
  </testsuite>
  <testsuite name="spec_perl_TestEnumDeep_t" errors="0" failures="0" skipped="0" tests="2" time="0.0495119094848633">
    <system-out>1..2
ok 1 - Equals
ok 2 - Equals
</system-out>
    <testcase name="Equals (953)" classname="spec_perl_TestEnumDeep_t" time="0.0017859935760498" />
    <testcase name="Equals (954)" classname="spec_perl_TestEnumDeep_t" time="8.48770141601562e-05" />
  </testsuite>
  <testsuite name="spec_perl_TestRepeatEosStruct_t" errors="0" failures="0" skipped="0" tests="5" time="0.0406479835510254">
    <system-out>1..5
ok 1 - Equals
ok 2 - Equals
ok 3 - Equals
ok 4 - Equals
ok 5 - Equals
</system-out>
    <testcase name="Equals (955)" classname="spec_perl_TestRepeatEosStruct_t" time="0.00200486183166504" />
    <testcase name="Equals (956)" classname="spec_perl_TestRepeatEosStruct_t" time="0.000226020812988281" />
    <testcase name="Equals (957)" classname="spec_perl_TestRepeatEosStruct_t" time="0.000225067138671875" />
    <testcase name="Equals (958)" classname="spec_perl_TestRepeatEosStruct_t" time="0.000324010848999023" />
    <testcase name="Equals (959)" classname="spec_perl_TestRepeatEosStruct_t" time="0.00049591064453125" />
  </testsuite>
  <testsuite name="spec_perl_TestBitsSignedResB32Be_t" errors="0" failures="0" skipped="0" tests="1" time="0.039909839630127">
    <system-out>1..1
ok 1 - Equals
</system-out>
    <testcase name="Equals (960)" classname="spec_perl_TestBitsSignedResB32Be_t" time="0.0014350414276123" />
  </testsuite>
  <testsuite name="spec_perl_TestEofExceptionBytes_t" errors="0" failures="0" skipped="0" tests="1" time="0.0411269664764404">
    <system-out>1..1
ok 1 - threw /^Requested \d+ bytes, but only \d+ bytes available/
</system-out>
    <testcase name="threw /^Requested \d+ bytes, but only \d+ bytes available/ (960)" classname="spec_perl_TestEofExceptionBytes_t" time="0.00157999992370605" />
  </testsuite>
  <testsuite name="spec_perl_TestCombineStr_t" errors="0" failures="0" skipped="0" tests="15" time="0.054732084274292">
    <system-out>1..15
ok 1 - Equals
ok 2 - Equals
ok 3 - Equals
ok 4 - Equals
ok 5 - Equals
ok 6 - Equals
ok 7 - Equals
ok 8 - Equals
ok 9 - Equals
ok 10 - Equals
ok 11 - Equals
ok 12 - Equals
ok 13 - Equals
ok 14 - Equals
ok 15 - Equals
</system-out>
    <testcase name="Equals (961)" classname="spec_perl_TestCombineStr_t" time="0.00231504440307617" />
    <testcase name="Equals (962)" classname="spec_perl_TestCombineStr_t" time="8.51154327392578e-05" />
    <testcase name="Equals (963)" classname="spec_perl_TestCombineStr_t" time="0.000234842300415039" />
    <testcase name="Equals (964)" classname="spec_perl_TestCombineStr_t" time="5.10215759277344e-05" />
    <testcase name="Equals (965)" classname="spec_perl_TestCombineStr_t" time="8.10623168945312e-05" />
    <testcase name="Equals (966)" classname="spec_perl_TestCombineStr_t" time="6.00814819335938e-05" />
    <testcase name="Equals (967)" classname="spec_perl_TestCombineStr_t" time="0.000111818313598633" />
    <testcase name="Equals (968)" classname="spec_perl_TestCombineStr_t" time="9.01222229003906e-05" />
    <testcase name="Equals (969)" classname="spec_perl_TestCombineStr_t" time="0.000113964080810547" />
    <testcase name="Equals (970)" classname="spec_perl_TestCombineStr_t" time="7.00950622558594e-05" />
    <testcase name="Equals (971)" classname="spec_perl_TestCombineStr_t" time="9.58442687988281e-05" />
    <testcase name="Equals (972)" classname="spec_perl_TestCombineStr_t" time="9.01222229003906e-05" />
    <testcase name="Equals (973)" classname="spec_perl_TestCombineStr_t" time="9.70363616943359e-05" />
    <testcase name="Equals (974)" classname="spec_perl_TestCombineStr_t" time="8.98838043212891e-05" />
    <testcase name="Equals (975)" classname="spec_perl_TestCombineStr_t" time="9.29832458496094e-05" />
  </testsuite>
  <testsuite name="spec_perl_TestProcessCoerceUsertype2_t" errors="0" failures="0" skipped="0" tests="4" time="0.0427069664001465">
    <system-out>1..4
ok 1 - Equals
ok 2 - Equals
ok 3 - Equals
ok 4 - Equals
</system-out>
    <testcase name="Equals (976)" classname="spec_perl_TestProcessCoerceUsertype2_t" time="0.0025629997253418" />
    <testcase name="Equals (977)" classname="spec_perl_TestProcessCoerceUsertype2_t" time="8.70227813720703e-05" />
    <testcase name="Equals (978)" classname="spec_perl_TestProcessCoerceUsertype2_t" time="6.69956207275391e-05" />
    <testcase name="Equals (979)" classname="spec_perl_TestProcessCoerceUsertype2_t" time="6.19888305664062e-05" />
  </testsuite>
  <testsuite name="spec_perl_TestDefaultBitEndianMod_t" errors="0" failures="0" skipped="0" tests="4" time="0.040255069732666">
    <system-out>1..4
ok 1 - Equals
ok 2 - Equals
ok 3 - Equals
ok 4 - Equals
</system-out>
    <testcase name="Equals (980)" classname="spec_perl_TestDefaultBitEndianMod_t" time="0.00157690048217773" />
    <testcase name="Equals (981)" classname="spec_perl_TestDefaultBitEndianMod_t" time="8.10623168945312e-05" />
    <testcase name="Equals (982)" classname="spec_perl_TestDefaultBitEndianMod_t" time="6.19888305664062e-05" />
    <testcase name="Equals (983)" classname="spec_perl_TestDefaultBitEndianMod_t" time="5.69820404052734e-05" />
  </testsuite>
  <testsuite name="spec_perl_TestCombineEnum_t" errors="0" failures="0" skipped="0" tests="3" time="0.0433349609375">
    <system-out>1..3
ok 1 - Equals
ok 2 - Equals
ok 3 - Equals
</system-out>
    <testcase name="Equals (984)" classname="spec_perl_TestCombineEnum_t" time="0.00250697135925293" />
    <testcase name="Equals (985)" classname="spec_perl_TestCombineEnum_t" time="0.000132083892822266" />
    <testcase name="Equals (986)" classname="spec_perl_TestCombineEnum_t" time="5.88893890380859e-05" />
  </testsuite>
  <testsuite name="spec_perl_TestBitsSignedResB32Le_t" errors="0" failures="0" skipped="0" tests="1" time="0.0395100116729736">
    <system-out>1..1
ok 1 - Equals
</system-out>
    <testcase name="Equals (987)" classname="spec_perl_TestBitsSignedResB32Le_t" time="0.00149703025817871" />
  </testsuite>
</testsuites>
