<?xml version='1.0' encoding='utf-8'?>
<testsuites>
  <testsuite name="spec_perl_TestInstanceIoUser_t" errors="0" failures="0" skipped="0" tests="4" time="0.0631928443908691">
    <system-out>1..4
ok 1 - Equals
ok 2 - Equals
ok 3 - Equals
ok 4 - Equals
</system-out>
    <testcase name="Equals" classname="spec_perl_TestInstanceIoUser_t" time="0.000517845153808594" />
    <testcase name="Equals (2)" classname="spec_perl_TestInstanceIoUser_t" time="0.000149011611938477" />
    <testcase name="Equals (3)" classname="spec_perl_TestInstanceIoUser_t" time="0.000154018402099609" />
    <testcase name="Equals (4)" classname="spec_perl_TestInstanceIoUser_t" time="0.000149965286254883" />
  </testsuite>
  <testsuite name="spec_perl_TestValidSwitch_t" errors="0" failures="0" skipped="1" tests="1" time="0.0552358627319336">
    <system-out>1..1
ok 1 # skip ValidSwitch=HASH(0x555e30d9d150)
</system-out>
    <testcase name="Unnamed test case 4" classname="spec_perl_TestValidSwitch_t" time="0.000931024551391602">
      <skipped message="ok 1 # skip ValidSwitch=HASH(0x555e30d9d150)" />
    </testcase>
  </testsuite>
  <testsuite name="spec_perl_TestProcessXorValue_t" errors="0" failures="0" skipped="0" tests="2" time="0.0525820255279541">
    <system-out>1..2
ok 1 - Equals
ok 2 - Equals
</system-out>
    <testcase name="Equals (5)" classname="spec_perl_TestProcessXorValue_t" time="0.000177145004272461" />
    <testcase name="Equals (6)" classname="spec_perl_TestProcessXorValue_t" time="8.392333984375e-05" />
  </testsuite>
  <testsuite name="spec_perl_TestPositionToEnd_t" errors="0" failures="0" skipped="0" tests="2" time="0.05413818359375">
    <system-out>1..2
ok 1 - Equals
ok 2 - Equals
</system-out>
    <testcase name="Equals (7)" classname="spec_perl_TestPositionToEnd_t" time="0.00018000602722168" />
    <testcase name="Equals (8)" classname="spec_perl_TestPositionToEnd_t" time="7.60555267333984e-05" />
  </testsuite>
  <testsuite name="spec_perl_TestStrPadTermEmpty_t" errors="0" failures="0" skipped="0" tests="4" time="0.0578849315643311">
    <system-out>1..4
ok 1 - Equals
ok 2 - Equals
ok 3 - Equals
ok 4 - Equals
</system-out>
    <testcase name="Equals (9)" classname="spec_perl_TestStrPadTermEmpty_t" time="0.000221967697143555" />
    <testcase name="Equals (10)" classname="spec_perl_TestStrPadTermEmpty_t" time="0.000102043151855469" />
    <testcase name="Equals (11)" classname="spec_perl_TestStrPadTermEmpty_t" time="7.89165496826172e-05" />
    <testcase name="Equals (12)" classname="spec_perl_TestStrPadTermEmpty_t" time="7.29560852050781e-05" />
  </testsuite>
  <testsuite name="spec_perl_TestProcessCoerceBytes_t" errors="0" failures="0" skipped="0" tests="4" time="0.0537359714508057">
    <system-out>1..4
ok 1 - Equals
ok 2 - Equals
ok 3 - Equals
ok 4 - Equals
</system-out>
    <testcase name="Equals (13)" classname="spec_perl_TestProcessCoerceBytes_t" time="0.000174999237060547" />
    <testcase name="Equals (14)" classname="spec_perl_TestProcessCoerceBytes_t" time="9.60826873779297e-05" />
    <testcase name="Equals (15)" classname="spec_perl_TestProcessCoerceBytes_t" time="8.392333984375e-05" />
    <testcase name="Equals (16)" classname="spec_perl_TestProcessCoerceBytes_t" time="5.69820404052734e-05" />
  </testsuite>
  <testsuite name="spec_perl_TestTermBytes_t" errors="0" failures="0" skipped="0" tests="3" time="0.0592420101165771">
    <system-out>1..3
ok 1 - Equals
ok 2 - Equals
ok 3 - Equals
</system-out>
    <testcase name="Equals (17)" classname="spec_perl_TestTermBytes_t" time="0.000131130218505859" />
    <testcase name="Equals (18)" classname="spec_perl_TestTermBytes_t" time="5.88893890380859e-05" />
    <testcase name="Equals (19)" classname="spec_perl_TestTermBytes_t" time="4.29153442382812e-05" />
  </testsuite>
  <testsuite name="spec_perl_TestRepeatEosBit_t" errors="0" failures="0" skipped="0" tests="1" time="0.0528490543365479">
    <system-out>1..1
ok 1 - Equals
</system-out>
    <testcase name="Equals (20)" classname="spec_perl_TestRepeatEosBit_t" time="0.000189065933227539" />
  </testsuite>
  <testsuite name="spec_perl_TestExprSizeofValueSized_t" errors="0" failures="0" skipped="0" tests="5" time="0.0556910037994385">
    <system-out>1..5
ok 1 - Equals
ok 2 - Equals
ok 3 - Equals
ok 4 - Equals
ok 5 - Equals
</system-out>
    <testcase name="Equals (21)" classname="spec_perl_TestExprSizeofValueSized_t" time="0.000265121459960938" />
    <testcase name="Equals (22)" classname="spec_perl_TestExprSizeofValueSized_t" time="9.89437103271484e-05" />
    <testcase name="Equals (23)" classname="spec_perl_TestExprSizeofValueSized_t" time="7.70092010498047e-05" />
    <testcase name="Equals (24)" classname="spec_perl_TestExprSizeofValueSized_t" time="7.10487365722656e-05" />
    <testcase name="Equals (25)" classname="spec_perl_TestExprSizeofValueSized_t" time="6.98566436767578e-05" />
  </testsuite>
  <testsuite name="spec_perl_TestZlibSurrounded_t" errors="0" failures="0" skipped="0" tests="1" time="0.0818150043487549">
    <system-out>1..1
ok 1 - Equals
</system-out>
    <testcase name="Equals (26)" classname="spec_perl_TestZlibSurrounded_t" time="0.000344038009643555" />
  </testsuite>
  <testsuite name="spec_perl_TestIfValues_t" errors="0" failures="0" skipped="0" tests="6" time="0.060992956161499">
    <system-out>1..6
ok 1 - Equals
ok 2 - Equals
ok 3 - Equals
ok 4 - nil
ok 5 - Equals
ok 6 - nil
</system-out>
    <testcase name="Equals (27)" classname="spec_perl_TestIfValues_t" time="0.000221967697143555" />
    <testcase name="Equals (28)" classname="spec_perl_TestIfValues_t" time="7.82012939453125e-05" />
    <testcase name="Equals (29)" classname="spec_perl_TestIfValues_t" time="8.29696655273438e-05" />
    <testcase name="nil (29)" classname="spec_perl_TestIfValues_t" time="5.69820404052734e-05" />
    <testcase name="Equals (30)" classname="spec_perl_TestIfValues_t" time="5.60283660888672e-05" />
    <testcase name="nil (30)" classname="spec_perl_TestIfValues_t" time="7.29560852050781e-05" />
  </testsuite>
  <testsuite name="spec_perl_TestDocstringsDocref_t" errors="0" failures="0" skipped="1" tests="1" time="0.0553059577941895">
    <system-out>1..1
ok 1 # skip DocstringsDocref=HASH(0x5645c0e99148)
</system-out>
    <testcase name="Unnamed test case 30" classname="spec_perl_TestDocstringsDocref_t" time="0.00113391876220703">
      <skipped message="ok 1 # skip DocstringsDocref=HASH(0x5645c0e99148)" />
    </testcase>
  </testsuite>
  <testsuite name="spec_perl_TestDocstringsDocrefMulti_t" errors="0" failures="0" skipped="1" tests="1" time="0.0537722110748291">
    <system-out>1..1
ok 1 # skip DocstringsDocrefMulti=HASH(0x55f26d182348)
</system-out>
    <testcase name="Unnamed test case 31" classname="spec_perl_TestDocstringsDocrefMulti_t" time="0.000776052474975586">
      <skipped message="ok 1 # skip DocstringsDocrefMulti=HASH(0x55f26d182348)" />
    </testcase>
  </testsuite>
  <testsuite name="spec_perl_TestParamsPassUsertype_t" errors="0" failures="1" skipped="1" tests="2" time="0.0566809177398682">
    <system-out>1..2
not ok 1 - test_params_pass_usertype died (Can't call method &quot;foo&quot; on an undefined value at compiled/perl/ParamsPassUsertype.pm line 119.)
ok 2 # skip test_params_pass_usertype died
</system-out>
    <testcase name="test_params_pass_usertype died (Can't call method &quot;foo&quot; on an undefined value at compiled/perl/ParamsPassUsertype.pm line 119.) (31)" classname="spec_perl_TestParamsPassUsertype_t" time="0.000192165374755859">
      <failure message="not ok 1 - test_params_pass_usertype died (Can't call method &quot;foo&quot; on an undefined value at compiled/perl/ParamsPassUsertype.pm line 119.)" type="TAP::Parser::Result::Test"></failure>
    </testcase>
    <testcase name="Unnamed test case 32" classname="spec_perl_TestParamsPassUsertype_t" time="0.000133991241455078">
      <skipped message="ok 2 # skip test_params_pass_usertype died" />
    </testcase>
  </testsuite>
  <testsuite name="spec_perl_TestBitsShiftByB32Le_t" errors="0" failures="0" skipped="0" tests="2" time="0.0537459850311279">
    <system-out>1..2
ok 1 - Equals
ok 2 - Equals
</system-out>
    <testcase name="Equals (32)" classname="spec_perl_TestBitsShiftByB32Le_t" time="0.000211000442504883" />
    <testcase name="Equals (33)" classname="spec_perl_TestBitsShiftByB32Le_t" time="9.10758972167969e-05" />
  </testsuite>
  <testsuite name="spec_perl_TestExprSizeofValue0_t" errors="0" failures="0" skipped="0" tests="5" time="0.0550549030303955">
    <system-out>1..5
ok 1 - Equals
ok 2 - Equals
ok 3 - Equals
ok 4 - Equals
ok 5 - Equals
</system-out>
    <testcase name="Equals (34)" classname="spec_perl_TestExprSizeofValue0_t" time="0.00017094612121582" />
    <testcase name="Equals (35)" classname="spec_perl_TestExprSizeofValue0_t" time="9.41753387451172e-05" />
    <testcase name="Equals (36)" classname="spec_perl_TestExprSizeofValue0_t" time="6.19888305664062e-05" />
    <testcase name="Equals (37)" classname="spec_perl_TestExprSizeofValue0_t" time="7.39097595214844e-05" />
    <testcase name="Equals (38)" classname="spec_perl_TestExprSizeofValue0_t" time="5.50746917724609e-05" />
  </testsuite>
  <testsuite name="spec_perl_TestRepeatUntilSized_t" errors="0" failures="0" skipped="0" tests="7" time="0.0547201633453369">
    <system-out>1..7
ok 1 - Equals
ok 2 - Equals
ok 3 - Equals
ok 4 - Equals
ok 5 - Equals
ok 6 - Equals
ok 7 - Equals
</system-out>
    <testcase name="Equals (39)" classname="spec_perl_TestRepeatUntilSized_t" time="0.000372171401977539" />
    <testcase name="Equals (40)" classname="spec_perl_TestRepeatUntilSized_t" time="0.000101804733276367" />
    <testcase name="Equals (41)" classname="spec_perl_TestRepeatUntilSized_t" time="0.000120162963867188" />
    <testcase name="Equals (42)" classname="spec_perl_TestRepeatUntilSized_t" time="8.08238983154297e-05" />
    <testcase name="Equals (43)" classname="spec_perl_TestRepeatUntilSized_t" time="7.31945037841797e-05" />
    <testcase name="Equals (44)" classname="spec_perl_TestRepeatUntilSized_t" time="0.000119924545288086" />
    <testcase name="Equals (45)" classname="spec_perl_TestRepeatUntilSized_t" time="7.20024108886719e-05" />
  </testsuite>
  <testsuite name="spec_perl_TestSwitchManualIntSize_t" errors="0" failures="0" skipped="0" tests="10" time="0.0592830181121826">
    <system-out>1..10
ok 1 - Equals
ok 2 - Equals
ok 3 - Equals
ok 4 - Equals
ok 5 - Equals
ok 6 - Equals
ok 7 - Equals
ok 8 - Equals
ok 9 - Equals
ok 10 - Equals
</system-out>
    <testcase name="Equals (46)" classname="spec_perl_TestSwitchManualIntSize_t" time="0.000409841537475586" />
    <testcase name="Equals (47)" classname="spec_perl_TestSwitchManualIntSize_t" time="7.91549682617188e-05" />
    <testcase name="Equals (48)" classname="spec_perl_TestSwitchManualIntSize_t" time="6.29425048828125e-05" />
    <testcase name="Equals (49)" classname="spec_perl_TestSwitchManualIntSize_t" time="9.48905944824219e-05" />
    <testcase name="Equals (50)" classname="spec_perl_TestSwitchManualIntSize_t" time="8.60691070556641e-05" />
    <testcase name="Equals (51)" classname="spec_perl_TestSwitchManualIntSize_t" time="9.29832458496094e-05" />
    <testcase name="Equals (52)" classname="spec_perl_TestSwitchManualIntSize_t" time="9.39369201660156e-05" />
    <testcase name="Equals (53)" classname="spec_perl_TestSwitchManualIntSize_t" time="9.20295715332031e-05" />
    <testcase name="Equals (54)" classname="spec_perl_TestSwitchManualIntSize_t" time="0.000105142593383789" />
    <testcase name="Equals (55)" classname="spec_perl_TestSwitchManualIntSize_t" time="6.60419464111328e-05" />
  </testsuite>
  <testsuite name="spec_perl_TestProcessCustom_t" errors="1" failures="0" skipped="0" tests="0" time="0.0526859760284424">
    <system-out></system-out>
    <testcase name="Test died too soon, even before plan. (55)" classname="spec_perl_TestProcessCustom_t" time="0.0526859760284424">
      <failure message="The test suite died before a plan was produced. You need to have a plan." type="Plan">No plan</failure>
    </testcase>
  </testsuite>
  <testsuite name="spec_perl_TestParamsPassBool_t" errors="0" failures="1" skipped="13" tests="14" time="0.057589054107666">
    <system-out>1..14
not ok 1 - test_params_pass_bool died (Requested 2 bytes, but only 1 bytes available at ../runtime/perl/lib/IO/KaitaiStruct.pm line 338.)
ok 2 # skip test_params_pass_bool died
ok 3 # skip test_params_pass_bool died
ok 4 # skip test_params_pass_bool died
ok 5 # skip test_params_pass_bool died
ok 6 # skip test_params_pass_bool died
ok 7 # skip test_params_pass_bool died
ok 8 # skip test_params_pass_bool died
ok 9 # skip test_params_pass_bool died
ok 10 # skip test_params_pass_bool died
ok 11 # skip test_params_pass_bool died
ok 12 # skip test_params_pass_bool died
ok 13 # skip test_params_pass_bool died
ok 14 # skip test_params_pass_bool died
</system-out>
    <testcase name="test_params_pass_bool died (Requested 2 bytes, but only 1 bytes available at ../runtime/perl/lib/IO/KaitaiStruct.pm line 338.) (55)" classname="spec_perl_TestParamsPassBool_t" time="0.000207185745239258">
      <failure message="not ok 1 - test_params_pass_bool died (Requested 2 bytes, but only 1 bytes available at ../runtime/perl/lib/IO/KaitaiStruct.pm line 338.)" type="TAP::Parser::Result::Test"></failure>
    </testcase>
    <testcase name="Unnamed test case 55" classname="spec_perl_TestParamsPassBool_t" time="0.000140905380249023">
      <skipped message="ok 2 # skip test_params_pass_bool died" />
    </testcase>
    <testcase name="Unnamed test case 56" classname="spec_perl_TestParamsPassBool_t" time="9.39369201660156e-05">
      <skipped message="ok 3 # skip test_params_pass_bool died" />
    </testcase>
    <testcase name="Unnamed test case 57" classname="spec_perl_TestParamsPassBool_t" time="6.81877136230469e-05">
      <skipped message="ok 4 # skip test_params_pass_bool died" />
    </testcase>
    <testcase name="Unnamed test case 58" classname="spec_perl_TestParamsPassBool_t" time="7.98702239990234e-05">
      <skipped message="ok 5 # skip test_params_pass_bool died" />
    </testcase>
    <testcase name="Unnamed test case 59" classname="spec_perl_TestParamsPassBool_t" time="6.19888305664062e-05">
      <skipped message="ok 6 # skip test_params_pass_bool died" />
    </testcase>
    <testcase name="Unnamed test case 60" classname="spec_perl_TestParamsPassBool_t" time="8.79764556884766e-05">
      <skipped message="ok 7 # skip test_params_pass_bool died" />
    </testcase>
    <testcase name="Unnamed test case 61" classname="spec_perl_TestParamsPassBool_t" time="7.29560852050781e-05">
      <skipped message="ok 8 # skip test_params_pass_bool died" />
    </testcase>
    <testcase name="Unnamed test case 62" classname="spec_perl_TestParamsPassBool_t" time="8.41617584228516e-05">
      <skipped message="ok 9 # skip test_params_pass_bool died" />
    </testcase>
    <testcase name="Unnamed test case 63" classname="spec_perl_TestParamsPassBool_t" time="7.39097595214844e-05">
      <skipped message="ok 10 # skip test_params_pass_bool died" />
    </testcase>
    <testcase name="Unnamed test case 64" classname="spec_perl_TestParamsPassBool_t" time="6.103515625e-05">
      <skipped message="ok 11 # skip test_params_pass_bool died" />
    </testcase>
    <testcase name="Unnamed test case 65" classname="spec_perl_TestParamsPassBool_t" time="7.79628753662109e-05">
      <skipped message="ok 12 # skip test_params_pass_bool died" />
    </testcase>
    <testcase name="Unnamed test case 66" classname="spec_perl_TestParamsPassBool_t" time="6.103515625e-05">
      <skipped message="ok 13 # skip test_params_pass_bool died" />
    </testcase>
    <testcase name="Unnamed test case 67" classname="spec_perl_TestParamsPassBool_t" time="6.00814819335938e-05">
      <skipped message="ok 14 # skip test_params_pass_bool died" />
    </testcase>
  </testsuite>
  <testsuite name="spec_perl_TestOpaqueExternalType02Parent_t" errors="0" failures="0" skipped="0" tests="3" time="0.0580668449401855">
    <system-out>1..3
ok 1 - Equals
ok 2 - Equals
ok 3 - Equals
</system-out>
    <testcase name="Equals (67)" classname="spec_perl_TestOpaqueExternalType02Parent_t" time="0.000175952911376953" />
    <testcase name="Equals (68)" classname="spec_perl_TestOpaqueExternalType02Parent_t" time="9.51290130615234e-05" />
    <testcase name="Equals (69)" classname="spec_perl_TestOpaqueExternalType02Parent_t" time="6.07967376708984e-05" />
  </testsuite>
  <testsuite name="spec_perl_TestNavParentVsValueInst_t" errors="0" failures="0" skipped="0" tests="1" time="0.0596408843994141">
    <system-out>1..1
ok 1 - Equals
</system-out>
    <testcase name="Equals (70)" classname="spec_perl_TestNavParentVsValueInst_t" time="0.000190973281860352" />
  </testsuite>
  <testsuite name="spec_perl_TestStrEncodings_t" errors="0" failures="0" skipped="0" tests="4" time="0.0655069351196289">
    <system-out>1..4
ok 1 - Equals
ok 2 - Equals
ok 3 - Equals
ok 4 - Equals
</system-out>
    <testcase name="Equals (71)" classname="spec_perl_TestStrEncodings_t" time="0.00394201278686523" />
    <testcase name="Equals (72)" classname="spec_perl_TestStrEncodings_t" time="0.000136137008666992" />
    <testcase name="Equals (73)" classname="spec_perl_TestStrEncodings_t" time="6.89029693603516e-05" />
    <testcase name="Equals (74)" classname="spec_perl_TestStrEncodings_t" time="5.79357147216797e-05" />
  </testsuite>
  <testsuite name="spec_perl_TestIndexSizes_t" errors="0" failures="0" skipped="0" tests="7" time="0.061107873916626">
    <system-out>1..7
ok 1 - Equals
ok 2 - Equals
ok 3 - Equals
ok 4 - Equals
ok 5 - Equals
ok 6 - Equals
ok 7 - Equals
</system-out>
    <testcase name="Equals (75)" classname="spec_perl_TestIndexSizes_t" time="0.000185012817382812" />
    <testcase name="Equals (76)" classname="spec_perl_TestIndexSizes_t" time="9.79900360107422e-05" />
    <testcase name="Equals (77)" classname="spec_perl_TestIndexSizes_t" time="7.70092010498047e-05" />
    <testcase name="Equals (78)" classname="spec_perl_TestIndexSizes_t" time="0.000142097473144531" />
    <testcase name="Equals (79)" classname="spec_perl_TestIndexSizes_t" time="0.0001220703125" />
    <testcase name="Equals (80)" classname="spec_perl_TestIndexSizes_t" time="0.000126838684082031" />
    <testcase name="Equals (81)" classname="spec_perl_TestIndexSizes_t" time="0.000123977661132812" />
  </testsuite>
  <testsuite name="spec_perl_TestParamsCallShort_t" errors="0" failures="3" skipped="0" tests="3" time="0.0687019824981689">
    <system-out>1..3
not ok 1 - Equals
not ok 2 - Equals
not ok 3 - Equals
</system-out>
    <testcase name="Equals (82)" classname="spec_perl_TestParamsCallShort_t" time="0.000301122665405273">
      <failure message="not ok 1 - Equals" type="TAP::Parser::Result::Test"></failure>
    </testcase>
    <testcase name="Equals (83)" classname="spec_perl_TestParamsCallShort_t" time="0.0022270679473877">
      <failure message="not ok 2 - Equals" type="TAP::Parser::Result::Test"></failure>
    </testcase>
    <testcase name="Equals (84)" classname="spec_perl_TestParamsCallShort_t" time="8.08238983154297e-05">
      <failure message="not ok 3 - Equals" type="TAP::Parser::Result::Test"></failure>
    </testcase>
  </testsuite>
  <testsuite name="spec_perl_TestExprIoEof_t" errors="0" failures="0" skipped="0" tests="4" time="0.0543849468231201">
    <system-out>1..4
ok 1 - Equals
ok 2 - nil
ok 3 - Equals
ok 4 - Equals
</system-out>
    <testcase name="Equals (85)" classname="spec_perl_TestExprIoEof_t" time="0.000382184982299805" />
    <testcase name="nil (85)" classname="spec_perl_TestExprIoEof_t" time="9.79900360107422e-05" />
    <testcase name="Equals (86)" classname="spec_perl_TestExprIoEof_t" time="9.29832458496094e-05" />
    <testcase name="Equals (87)" classname="spec_perl_TestExprIoEof_t" time="7.29560852050781e-05" />
  </testsuite>
  <testsuite name="spec_perl_TestInstanceUserArray_t" errors="0" failures="0" skipped="0" tests="10" time="0.0552549362182617">
    <system-out>1..10
ok 1 - Equals
ok 2 - Equals
ok 3 - Equals
ok 4 - Equals
ok 5 - Equals
ok 6 - Equals
ok 7 - Equals
ok 8 - Equals
ok 9 - Equals
ok 10 - Equals
</system-out>
    <testcase name="Equals (88)" classname="spec_perl_TestInstanceUserArray_t" time="0.000190973281860352" />
    <testcase name="Equals (89)" classname="spec_perl_TestInstanceUserArray_t" time="7.60555267333984e-05" />
    <testcase name="Equals (90)" classname="spec_perl_TestInstanceUserArray_t" time="8.48770141601562e-05" />
    <testcase name="Equals (91)" classname="spec_perl_TestInstanceUserArray_t" time="0.000298976898193359" />
    <testcase name="Equals (92)" classname="spec_perl_TestInstanceUserArray_t" time="0.000121116638183594" />
    <testcase name="Equals (93)" classname="spec_perl_TestInstanceUserArray_t" time="9.20295715332031e-05" />
    <testcase name="Equals (94)" classname="spec_perl_TestInstanceUserArray_t" time="0.000116825103759766" />
    <testcase name="Equals (95)" classname="spec_perl_TestInstanceUserArray_t" time="9.70363616943359e-05" />
    <testcase name="Equals (96)" classname="spec_perl_TestInstanceUserArray_t" time="9.10758972167969e-05" />
    <testcase name="Equals (97)" classname="spec_perl_TestInstanceUserArray_t" time="0.000113010406494141" />
  </testsuite>
  <testsuite name="spec_perl_TestNavParentOverride_t" errors="0" failures="0" skipped="0" tests="3" time="0.0560729503631592">
    <system-out>1..3
ok 1 - Equals
ok 2 - Equals
ok 3 - Equals
</system-out>
    <testcase name="Equals (98)" classname="spec_perl_TestNavParentOverride_t" time="0.00017094612121582" />
    <testcase name="Equals (99)" classname="spec_perl_TestNavParentOverride_t" time="0.000108957290649414" />
    <testcase name="Equals (100)" classname="spec_perl_TestNavParentOverride_t" time="5.31673431396484e-05" />
  </testsuite>
  <testsuite name="spec_perl_TestExpr3_t" errors="0" failures="0" skipped="0" tests="12" time="0.0611939430236816">
    <system-out>1..12
ok 1 - Equals
ok 2 - Equals
ok 3 - Equals
ok 4 - Equals
ok 5 - Equals
ok 6 - Equals
ok 7 - Equals
ok 8 - Equals
ok 9 - Equals
ok 10 - Equals
ok 11 - Equals
ok 12 - Equals
</system-out>
    <testcase name="Equals (101)" classname="spec_perl_TestExpr3_t" time="0.000178098678588867" />
    <testcase name="Equals (102)" classname="spec_perl_TestExpr3_t" time="9.08374786376953e-05" />
    <testcase name="Equals (103)" classname="spec_perl_TestExpr3_t" time="7.79628753662109e-05" />
    <testcase name="Equals (104)" classname="spec_perl_TestExpr3_t" time="0.000147104263305664" />
    <testcase name="Equals (105)" classname="spec_perl_TestExpr3_t" time="0.000115871429443359" />
    <testcase name="Equals (106)" classname="spec_perl_TestExpr3_t" time="0.000114202499389648" />
    <testcase name="Equals (107)" classname="spec_perl_TestExpr3_t" time="0.000113964080810547" />
    <testcase name="Equals (108)" classname="spec_perl_TestExpr3_t" time="0.000131845474243164" />
    <testcase name="Equals (109)" classname="spec_perl_TestExpr3_t" time="7.70092010498047e-05" />
    <testcase name="Equals (110)" classname="spec_perl_TestExpr3_t" time="0.000118017196655273" />
    <testcase name="Equals (111)" classname="spec_perl_TestExpr3_t" time="0.000110149383544922" />
    <testcase name="Equals (112)" classname="spec_perl_TestExpr3_t" time="0.000140905380249023" />
  </testsuite>
  <testsuite name="spec_perl_TestNestedSameName_t" errors="0" failures="0" skipped="0" tests="2" time="0.0532419681549072">
    <system-out>1..2
ok 1 - Equals
ok 2 - Equals
</system-out>
    <testcase name="Equals (113)" classname="spec_perl_TestNestedSameName_t" time="0.000181913375854492" />
    <testcase name="Equals (114)" classname="spec_perl_TestNestedSameName_t" time="7.60555267333984e-05" />
  </testsuite>
  <testsuite name="spec_perl_TestImportsAbs_t" errors="0" failures="0" skipped="0" tests="2" time="0.0632271766662598">
    <system-out>1..2
ok 1 - Equals
ok 2 - Equals
</system-out>
    <testcase name="Equals (115)" classname="spec_perl_TestImportsAbs_t" time="0.000233888626098633" />
    <testcase name="Equals (116)" classname="spec_perl_TestImportsAbs_t" time="7.70092010498047e-05" />
  </testsuite>
  <testsuite name="spec_perl_TestBitsSimple_t" errors="0" failures="0" skipped="0" tests="14" time="0.0570199489593506">
    <system-out>1..14
ok 1 - Equals
ok 2 - Equals
ok 3 - Equals
ok 4 - Equals
ok 5 - Equals
ok 6 - Equals
ok 7 - Equals
ok 8 - Equals
ok 9 - Equals
ok 10 - Equals
ok 11 - Equals
ok 12 - Equals
ok 13 - Equals
ok 14 - Equals
</system-out>
    <testcase name="Equals (117)" classname="spec_perl_TestBitsSimple_t" time="0.000146865844726562" />
    <testcase name="Equals (118)" classname="spec_perl_TestBitsSimple_t" time="0.000107049942016602" />
    <testcase name="Equals (119)" classname="spec_perl_TestBitsSimple_t" time="6.00814819335938e-05" />
    <testcase name="Equals (120)" classname="spec_perl_TestBitsSimple_t" time="5.48362731933594e-05" />
    <testcase name="Equals (121)" classname="spec_perl_TestBitsSimple_t" time="5.50746917724609e-05" />
    <testcase name="Equals (122)" classname="spec_perl_TestBitsSimple_t" time="5.29289245605469e-05" />
    <testcase name="Equals (123)" classname="spec_perl_TestBitsSimple_t" time="8.20159912109375e-05" />
    <testcase name="Equals (124)" classname="spec_perl_TestBitsSimple_t" time="6.103515625e-05" />
    <testcase name="Equals (125)" classname="spec_perl_TestBitsSimple_t" time="5.29289245605469e-05" />
    <testcase name="Equals (126)" classname="spec_perl_TestBitsSimple_t" time="5.10215759277344e-05" />
    <testcase name="Equals (127)" classname="spec_perl_TestBitsSimple_t" time="7.29560852050781e-05" />
    <testcase name="Equals (128)" classname="spec_perl_TestBitsSimple_t" time="5.10215759277344e-05" />
    <testcase name="Equals (129)" classname="spec_perl_TestBitsSimple_t" time="5.19752502441406e-05" />
    <testcase name="Equals (130)" classname="spec_perl_TestBitsSimple_t" time="6.69956207275391e-05" />
  </testsuite>
  <testsuite name="spec_perl_TestRepeatNStrz_t" errors="0" failures="0" skipped="0" tests="2" time="0.0586369037628174">
    <system-out>1..2
ok 1 - Equals
ok 2 - Equals
</system-out>
    <testcase name="Equals (131)" classname="spec_perl_TestRepeatNStrz_t" time="0.000186920166015625" />
    <testcase name="Equals (132)" classname="spec_perl_TestRepeatNStrz_t" time="9.10758972167969e-05" />
  </testsuite>
  <testsuite name="spec_perl_TestProcessRepeatBytes_t" errors="0" failures="0" skipped="0" tests="2" time="0.0671358108520508">
    <system-out>1..2
ok 1 - Equals
ok 2 - Equals
</system-out>
    <testcase name="Equals (133)" classname="spec_perl_TestProcessRepeatBytes_t" time="0.000300884246826172" />
    <testcase name="Equals (134)" classname="spec_perl_TestProcessRepeatBytes_t" time="6.79492950439453e-05" />
  </testsuite>
  <testsuite name="spec_perl_TestEnumImport_t" errors="0" failures="2" skipped="0" tests="2" time="0.0609180927276611">
    <system-out>1..2
not ok 1 - Equals
not ok 2 - Equals
</system-out>
    <testcase name="Equals (135)" classname="spec_perl_TestEnumImport_t" time="0.00036311149597168">
      <failure message="not ok 1 - Equals" type="TAP::Parser::Result::Test"></failure>
    </testcase>
    <testcase name="Equals (136)" classname="spec_perl_TestEnumImport_t" time="0.00196194648742676">
      <failure message="not ok 2 - Equals" type="TAP::Parser::Result::Test"></failure>
    </testcase>
  </testsuite>
  <testsuite name="spec_perl_TestSwitchRepeatExpr_t" errors="0" failures="0" skipped="0" tests="3" time="0.0547778606414795">
    <system-out>1..3
ok 1 - Equals
ok 2 - Equals
ok 3 - Equals
</system-out>
    <testcase name="Equals (137)" classname="spec_perl_TestSwitchRepeatExpr_t" time="0.000273942947387695" />
    <testcase name="Equals (138)" classname="spec_perl_TestSwitchRepeatExpr_t" time="9.60826873779297e-05" />
    <testcase name="Equals (139)" classname="spec_perl_TestSwitchRepeatExpr_t" time="7.70092010498047e-05" />
  </testsuite>
  <testsuite name="spec_perl_TestSwitchManualStr_t" errors="0" failures="0" skipped="0" tests="9" time="0.0623269081115723">
    <system-out>1..9
ok 1 - Equals
ok 2 - Equals
ok 3 - Equals
ok 4 - Equals
ok 5 - Equals
ok 6 - Equals
ok 7 - Equals
ok 8 - Equals
ok 9 - Equals
</system-out>
    <testcase name="Equals (140)" classname="spec_perl_TestSwitchManualStr_t" time="0.000200033187866211" />
    <testcase name="Equals (141)" classname="spec_perl_TestSwitchManualStr_t" time="7.98702239990234e-05" />
    <testcase name="Equals (142)" classname="spec_perl_TestSwitchManualStr_t" time="8.20159912109375e-05" />
    <testcase name="Equals (143)" classname="spec_perl_TestSwitchManualStr_t" time="6.79492950439453e-05" />
    <testcase name="Equals (144)" classname="spec_perl_TestSwitchManualStr_t" time="7.41481781005859e-05" />
    <testcase name="Equals (145)" classname="spec_perl_TestSwitchManualStr_t" time="6.98566436767578e-05" />
    <testcase name="Equals (146)" classname="spec_perl_TestSwitchManualStr_t" time="0.000197172164916992" />
    <testcase name="Equals (147)" classname="spec_perl_TestSwitchManualStr_t" time="0.000130891799926758" />
    <testcase name="Equals (148)" classname="spec_perl_TestSwitchManualStr_t" time="0.000121116638183594" />
  </testsuite>
  <testsuite name="spec_perl_TestStrLiterals_t" errors="0" failures="0" skipped="0" tests="5" time="0.0578749179840088">
    <system-out>1..5
ok 1 - Equals
ok 2 - Equals
ok 3 - Equals
ok 4 - Equals
ok 5 - Equals
</system-out>
    <testcase name="Equals (149)" classname="spec_perl_TestStrLiterals_t" time="0.00207281112670898" />
    <testcase name="Equals (150)" classname="spec_perl_TestStrLiterals_t" time="4.31537628173828e-05" />
    <testcase name="Equals (151)" classname="spec_perl_TestStrLiterals_t" time="2.88486480712891e-05" />
    <testcase name="Equals (152)" classname="spec_perl_TestStrLiterals_t" time="2.21729278564453e-05" />
    <testcase name="Equals (153)" classname="spec_perl_TestStrLiterals_t" time="2.19345092773438e-05" />
  </testsuite>
  <testsuite name="spec_perl_TestSwitchRepeatExprInvalid_t" errors="0" failures="0" skipped="0" tests="3" time="0.0534179210662842">
    <system-out>1..3
ok 1 - Equals
ok 2 - Equals
ok 3 - Equals
</system-out>
    <testcase name="Equals (154)" classname="spec_perl_TestSwitchRepeatExprInvalid_t" time="0.000180959701538086" />
    <testcase name="Equals (155)" classname="spec_perl_TestSwitchRepeatExprInvalid_t" time="7.51018524169922e-05" />
    <testcase name="Equals (156)" classname="spec_perl_TestSwitchRepeatExprInvalid_t" time="0.000133991241455078" />
  </testsuite>
  <testsuite name="spec_perl_TestSwitchIntegers_t" errors="0" failures="0" skipped="0" tests="9" time="0.0550110340118408">
    <system-out>1..9
ok 1 - Equals
ok 2 - Equals
ok 3 - Equals
ok 4 - Equals
ok 5 - Equals
ok 6 - Equals
ok 7 - Equals
ok 8 - Equals
ok 9 - Equals
</system-out>
    <testcase name="Equals (157)" classname="spec_perl_TestSwitchIntegers_t" time="0.000145912170410156" />
    <testcase name="Equals (158)" classname="spec_perl_TestSwitchIntegers_t" time="7.51018524169922e-05" />
    <testcase name="Equals (159)" classname="spec_perl_TestSwitchIntegers_t" time="6.19888305664062e-05" />
    <testcase name="Equals (160)" classname="spec_perl_TestSwitchIntegers_t" time="7.20024108886719e-05" />
    <testcase name="Equals (161)" classname="spec_perl_TestSwitchIntegers_t" time="0.000107049942016602" />
    <testcase name="Equals (162)" classname="spec_perl_TestSwitchIntegers_t" time="7.39097595214844e-05" />
    <testcase name="Equals (163)" classname="spec_perl_TestSwitchIntegers_t" time="9.20295715332031e-05" />
    <testcase name="Equals (164)" classname="spec_perl_TestSwitchIntegers_t" time="8.51154327392578e-05" />
    <testcase name="Equals (165)" classname="spec_perl_TestSwitchIntegers_t" time="9.48905944824219e-05" />
  </testsuite>
  <testsuite name="spec_perl_TestParamsPassArrayStr_t" errors="0" failures="1" skipped="6" tests="7" time="0.0633180141448975">
    <system-out>1..7
not ok 1 - test_params_pass_array_str died (Can't use an undefined value as an ARRAY reference at spec/perl/TestParamsPassArrayStr.t line 14.)
ok 2 # skip test_params_pass_array_str died
ok 3 # skip test_params_pass_array_str died
ok 4 # skip test_params_pass_array_str died
ok 5 # skip test_params_pass_array_str died
ok 6 # skip test_params_pass_array_str died
ok 7 # skip test_params_pass_array_str died
</system-out>
    <testcase name="test_params_pass_array_str died (Can't use an undefined value as an ARRAY reference at spec/perl/TestParamsPassArrayStr.t line 14.) (165)" classname="spec_perl_TestParamsPassArrayStr_t" time="0.000203132629394531">
      <failure message="not ok 1 - test_params_pass_array_str died (Can't use an undefined value as an ARRAY reference at spec/perl/TestParamsPassArrayStr.t line 14.)" type="TAP::Parser::Result::Test"></failure>
    </testcase>
    <testcase name="Unnamed test case 165" classname="spec_perl_TestParamsPassArrayStr_t" time="0.00189685821533203">
      <skipped message="ok 2 # skip test_params_pass_array_str died" />
    </testcase>
    <testcase name="Unnamed test case 166" classname="spec_perl_TestParamsPassArrayStr_t" time="0.000146150588989258">
      <skipped message="ok 3 # skip test_params_pass_array_str died" />
    </testcase>
    <testcase name="Unnamed test case 167" classname="spec_perl_TestParamsPassArrayStr_t" time="7.20024108886719e-05">
      <skipped message="ok 4 # skip test_params_pass_array_str died" />
    </testcase>
    <testcase name="Unnamed test case 168" classname="spec_perl_TestParamsPassArrayStr_t" time="7.29560852050781e-05">
      <skipped message="ok 5 # skip test_params_pass_array_str died" />
    </testcase>
    <testcase name="Unnamed test case 169" classname="spec_perl_TestParamsPassArrayStr_t" time="6.4849853515625e-05">
      <skipped message="ok 6 # skip test_params_pass_array_str died" />
    </testcase>
    <testcase name="Unnamed test case 170" classname="spec_perl_TestParamsPassArrayStr_t" time="6.19888305664062e-05">
      <skipped message="ok 7 # skip test_params_pass_array_str died" />
    </testcase>
  </testsuite>
  <testsuite name="spec_perl_TestSwitchCast_t" errors="0" failures="0" skipped="0" tests="2" time="0.0574760437011719">
    <system-out>1..2
ok 1 - Equals
ok 2 - Equals
</system-out>
    <testcase name="Equals (170)" classname="spec_perl_TestSwitchCast_t" time="0.000186920166015625" />
    <testcase name="Equals (171)" classname="spec_perl_TestSwitchCast_t" time="7.60555267333984e-05" />
  </testsuite>
  <testsuite name="spec_perl_TestValidNotParsedIf_t" errors="0" failures="0" skipped="1" tests="1" time="0.0546929836273193">
    <system-out>1..1
ok 1 # skip ValidNotParsedIf=HASH(0x563c16a431a0)
</system-out>
    <testcase name="Unnamed test case 171" classname="spec_perl_TestValidNotParsedIf_t" time="0.000855922698974609">
      <skipped message="ok 1 # skip ValidNotParsedIf=HASH(0x563c16a431a0)" />
    </testcase>
  </testsuite>
  <testsuite name="spec_perl_TestEnumLongRangeS_t" errors="0" failures="0" skipped="0" tests="7" time="0.0573289394378662">
    <system-out>1..7
ok 1 - Equals
ok 2 - Equals
ok 3 - Equals
ok 4 - Equals
ok 5 - Equals
ok 6 - Equals
ok 7 - Equals
</system-out>
    <testcase name="Equals (172)" classname="spec_perl_TestEnumLongRangeS_t" time="0.000182867050170898" />
    <testcase name="Equals (173)" classname="spec_perl_TestEnumLongRangeS_t" time="7.60555267333984e-05" />
    <testcase name="Equals (174)" classname="spec_perl_TestEnumLongRangeS_t" time="8.0108642578125e-05" />
    <testcase name="Equals (175)" classname="spec_perl_TestEnumLongRangeS_t" time="7.29560852050781e-05" />
    <testcase name="Equals (176)" classname="spec_perl_TestEnumLongRangeS_t" time="7.98702239990234e-05" />
    <testcase name="Equals (177)" classname="spec_perl_TestEnumLongRangeS_t" time="0.000144004821777344" />
    <testcase name="Equals (178)" classname="spec_perl_TestEnumLongRangeS_t" time="0.000102996826171875" />
  </testsuite>
  <testsuite name="spec_perl_TestProcessToUser_t" errors="0" failures="0" skipped="0" tests="1" time="0.0569658279418945">
    <system-out>1..1
ok 1 - Equals
</system-out>
    <testcase name="Equals (179)" classname="spec_perl_TestProcessToUser_t" time="0.000378847122192383" />
  </testsuite>
  <testsuite name="spec_perl_TestBitsSignedShiftB32Le_t" errors="0" failures="0" skipped="0" tests="2" time="0.0582609176635742">
    <system-out>1..2
ok 1 - Equals
ok 2 - Equals
</system-out>
    <testcase name="Equals (180)" classname="spec_perl_TestBitsSignedShiftB32Le_t" time="0.000161886215209961" />
    <testcase name="Equals (181)" classname="spec_perl_TestBitsSignedShiftB32Le_t" time="9.89437103271484e-05" />
  </testsuite>
  <testsuite name="spec_perl_TestEnumInvalid_t" errors="0" failures="0" skipped="0" tests="2" time="0.0540840625762939">
    <system-out>1..2
ok 1 - Equals
ok 2 - Equals
</system-out>
    <testcase name="Equals (182)" classname="spec_perl_TestEnumInvalid_t" time="0.0002288818359375" />
    <testcase name="Equals (183)" classname="spec_perl_TestEnumInvalid_t" time="7.79628753662109e-05" />
  </testsuite>
  <testsuite name="spec_perl_TestParamsEnum_t" errors="0" failures="1" skipped="0" tests="2" time="0.06467604637146">
    <system-out>1..2
ok 1 - Equals
not ok 2 - Equals
</system-out>
    <testcase name="Equals (184)" classname="spec_perl_TestParamsEnum_t" time="0.000199079513549805" />
    <testcase name="Equals (185)" classname="spec_perl_TestParamsEnum_t" time="8.89301300048828e-05">
      <failure message="not ok 2 - Equals" type="TAP::Parser::Result::Test"></failure>
    </testcase>
  </testsuite>
  <testsuite name="spec_perl_TestIntegersMinMax_t" errors="0" failures="0" skipped="0" tests="28" time="0.0567519664764404">
    <system-out>1..28
ok 1 - Equals
ok 2 - Equals
ok 3 - Equals
ok 4 - Equals
ok 5 - Equals
ok 6 - Equals
ok 7 - Equals
ok 8 - Equals
ok 9 - Equals
ok 10 - Equals
ok 11 - Equals
ok 12 - Equals
ok 13 - Equals
ok 14 - Equals
ok 15 - Equals
ok 16 - Equals
ok 17 - Equals
ok 18 - Equals
ok 19 - Equals
ok 20 - Equals
ok 21 - Equals
ok 22 - Equals
ok 23 - Equals
ok 24 - Equals
ok 25 - Equals
ok 26 - Equals
ok 27 - Equals
ok 28 - Equals
</system-out>
    <testcase name="Equals (186)" classname="spec_perl_TestIntegersMinMax_t" time="0.000182867050170898" />
    <testcase name="Equals (187)" classname="spec_perl_TestIntegersMinMax_t" time="9.70363616943359e-05" />
    <testcase name="Equals (188)" classname="spec_perl_TestIntegersMinMax_t" time="7.79628753662109e-05" />
    <testcase name="Equals (189)" classname="spec_perl_TestIntegersMinMax_t" time="7.31945037841797e-05" />
    <testcase name="Equals (190)" classname="spec_perl_TestIntegersMinMax_t" time="6.98566436767578e-05" />
    <testcase name="Equals (191)" classname="spec_perl_TestIntegersMinMax_t" time="0.000143051147460938" />
    <testcase name="Equals (192)" classname="spec_perl_TestIntegersMinMax_t" time="0.000114917755126953" />
    <testcase name="Equals (193)" classname="spec_perl_TestIntegersMinMax_t" time="7.20024108886719e-05" />
    <testcase name="Equals (194)" classname="spec_perl_TestIntegersMinMax_t" time="6.81877136230469e-05" />
    <testcase name="Equals (195)" classname="spec_perl_TestIntegersMinMax_t" time="9.67979431152344e-05" />
    <testcase name="Equals (196)" classname="spec_perl_TestIntegersMinMax_t" time="8.0108642578125e-05" />
    <testcase name="Equals (197)" classname="spec_perl_TestIntegersMinMax_t" time="6.79492950439453e-05" />
    <testcase name="Equals (198)" classname="spec_perl_TestIntegersMinMax_t" time="0.000108003616333008" />
    <testcase name="Equals (199)" classname="spec_perl_TestIntegersMinMax_t" time="7.39097595214844e-05" />
    <testcase name="Equals (200)" classname="spec_perl_TestIntegersMinMax_t" time="0.000102996826171875" />
    <testcase name="Equals (201)" classname="spec_perl_TestIntegersMinMax_t" time="7.20024108886719e-05" />
    <testcase name="Equals (202)" classname="spec_perl_TestIntegersMinMax_t" time="6.60419464111328e-05" />
    <testcase name="Equals (203)" classname="spec_perl_TestIntegersMinMax_t" time="0.000107049942016602" />
    <testcase name="Equals (204)" classname="spec_perl_TestIntegersMinMax_t" time="7.00950622558594e-05" />
    <testcase name="Equals (205)" classname="spec_perl_TestIntegersMinMax_t" time="8.48770141601562e-05" />
    <testcase name="Equals (206)" classname="spec_perl_TestIntegersMinMax_t" time="6.69956207275391e-05" />
    <testcase name="Equals (207)" classname="spec_perl_TestIntegersMinMax_t" time="0.000107049942016602" />
    <testcase name="Equals (208)" classname="spec_perl_TestIntegersMinMax_t" time="0.000116109848022461" />
    <testcase name="Equals (209)" classname="spec_perl_TestIntegersMinMax_t" time="6.79492950439453e-05" />
    <testcase name="Equals (210)" classname="spec_perl_TestIntegersMinMax_t" time="8.58306884765625e-05" />
    <testcase name="Equals (211)" classname="spec_perl_TestIntegersMinMax_t" time="9.10758972167969e-05" />
    <testcase name="Equals (212)" classname="spec_perl_TestIntegersMinMax_t" time="6.69956207275391e-05" />
    <testcase name="Equals (213)" classname="spec_perl_TestIntegersMinMax_t" time="9.51290130615234e-05" />
  </testsuite>
  <testsuite name="spec_perl_TestBytesPadTerm_t" errors="0" failures="0" skipped="0" tests="4" time="0.0537219047546387">
    <system-out>1..4
ok 1 - Equals
ok 2 - Equals
ok 3 - Equals
ok 4 - Equals
</system-out>
    <testcase name="Equals (214)" classname="spec_perl_TestBytesPadTerm_t" time="0.000135898590087891" />
    <testcase name="Equals (215)" classname="spec_perl_TestBytesPadTerm_t" time="6.79492950439453e-05" />
    <testcase name="Equals (216)" classname="spec_perl_TestBytesPadTerm_t" time="5.29289245605469e-05" />
    <testcase name="Equals (217)" classname="spec_perl_TestBytesPadTerm_t" time="5.22136688232422e-05" />
  </testsuite>
  <testsuite name="spec_perl_TestYamlInts_t" errors="0" failures="0" skipped="0" tests="4" time="0.0535931587219238">
    <system-out>1..4
ok 1 - Equals
ok 2 - Equals
ok 3 - Equals
ok 4 - Equals
</system-out>
    <testcase name="Equals (218)" classname="spec_perl_TestYamlInts_t" time="9.58442687988281e-05" />
    <testcase name="Equals (219)" classname="spec_perl_TestYamlInts_t" time="4.31537628173828e-05" />
    <testcase name="Equals (220)" classname="spec_perl_TestYamlInts_t" time="3.29017639160156e-05" />
    <testcase name="Equals (221)" classname="spec_perl_TestYamlInts_t" time="3.19480895996094e-05" />
  </testsuite>
  <testsuite name="spec_perl_TestEnumDeepLiterals_t" errors="0" failures="0" skipped="0" tests="2" time="0.053117036819458">
    <system-out>1..2
ok 1 - Equals
ok 2 - Equals
</system-out>
    <testcase name="Equals (222)" classname="spec_perl_TestEnumDeepLiterals_t" time="0.000174045562744141" />
    <testcase name="Equals (223)" classname="spec_perl_TestEnumDeepLiterals_t" time="7.67707824707031e-05" />
  </testsuite>
  <testsuite name="spec_perl_TestUserType_t" errors="0" failures="0" skipped="0" tests="2" time="0.0564041137695312">
    <system-out>1..2
ok 1 - Equals
ok 2 - Equals
</system-out>
    <testcase name="Equals (224)" classname="spec_perl_TestUserType_t" time="0.000195980072021484" />
    <testcase name="Equals (225)" classname="spec_perl_TestUserType_t" time="7.70092010498047e-05" />
  </testsuite>
  <testsuite name="spec_perl_TestTypeTernary2ndFalsy_t" errors="0" failures="0" skipped="0" tests="13" time="0.0554940700531006">
    <system-out>1..13
ok 1 - Equals
ok 2 - Equals
ok 3 - Equals
ok 4 - Approx equals
ok 5 - Approx equals
ok 6 - Equals
ok 7 - Equals
ok 8 - Equals
ok 9 - nil
ok 10 - Equals
ok 11 - Equals
ok 12 - Equals
ok 13 - Equals
</system-out>
    <testcase name="Equals (226)" classname="spec_perl_TestTypeTernary2ndFalsy_t" time="0.000191211700439453" />
    <testcase name="Equals (227)" classname="spec_perl_TestTypeTernary2ndFalsy_t" time="7.58171081542969e-05" />
    <testcase name="Equals (228)" classname="spec_perl_TestTypeTernary2ndFalsy_t" time="8.20159912109375e-05" />
    <testcase name="Approx equals (228)" classname="spec_perl_TestTypeTernary2ndFalsy_t" time="5.81741333007812e-05" />
    <testcase name="Approx equals (229)" classname="spec_perl_TestTypeTernary2ndFalsy_t" time="5.57899475097656e-05" />
    <testcase name="Equals (229)" classname="spec_perl_TestTypeTernary2ndFalsy_t" time="7.20024108886719e-05" />
    <testcase name="Equals (230)" classname="spec_perl_TestTypeTernary2ndFalsy_t" time="5.50746917724609e-05" />
    <testcase name="Equals (231)" classname="spec_perl_TestTypeTernary2ndFalsy_t" time="6.79492950439453e-05" />
    <testcase name="nil (231)" classname="spec_perl_TestTypeTernary2ndFalsy_t" time="5.41210174560547e-05" />
    <testcase name="Equals (232)" classname="spec_perl_TestTypeTernary2ndFalsy_t" time="6.79492950439453e-05" />
    <testcase name="Equals (233)" classname="spec_perl_TestTypeTernary2ndFalsy_t" time="6.89029693603516e-05" />
    <testcase name="Equals (234)" classname="spec_perl_TestTypeTernary2ndFalsy_t" time="0.000136137008666992" />
    <testcase name="Equals (235)" classname="spec_perl_TestTypeTernary2ndFalsy_t" time="7.39097595214844e-05" />
  </testsuite>
  <testsuite name="spec_perl_TestRecursiveOne_t" errors="0" failures="0" skipped="0" tests="4" time="0.0555620193481445">
    <system-out>1..4
ok 1 - Equals
ok 2 - Equals
ok 3 - Equals
ok 4 - Equals
</system-out>
    <testcase name="Equals (236)" classname="spec_perl_TestRecursiveOne_t" time="0.00018000602722168" />
    <testcase name="Equals (237)" classname="spec_perl_TestRecursiveOne_t" time="9.60826873779297e-05" />
    <testcase name="Equals (238)" classname="spec_perl_TestRecursiveOne_t" time="7.70092010498047e-05" />
    <testcase name="Equals (239)" classname="spec_perl_TestRecursiveOne_t" time="0.000118017196655273" />
  </testsuite>
  <testsuite name="spec_perl_TestDebugEnumName_t" errors="1" failures="0" skipped="0" tests="0" time="0.0599231719970703">
    <system-out></system-out>
    <testcase name="Test died too soon, even before plan. (239)" classname="spec_perl_TestDebugEnumName_t" time="0.0599231719970703">
      <failure message="The test suite died before a plan was produced. You need to have a plan." type="Plan">No plan</failure>
    </testcase>
  </testsuite>
  <testsuite name="spec_perl_TestBitsSeqEndianCombo_t" errors="0" failures="0" skipped="0" tests="8" time="0.0568699836730957">
    <system-out>1..8
ok 1 - Equals
ok 2 - Equals
ok 3 - Equals
ok 4 - Equals
ok 5 - Equals
ok 6 - Equals
ok 7 - Equals
ok 8 - Equals
</system-out>
    <testcase name="Equals (240)" classname="spec_perl_TestBitsSeqEndianCombo_t" time="0.000186920166015625" />
    <testcase name="Equals (241)" classname="spec_perl_TestBitsSeqEndianCombo_t" time="7.60555267333984e-05" />
    <testcase name="Equals (242)" classname="spec_perl_TestBitsSeqEndianCombo_t" time="7.98702239990234e-05" />
    <testcase name="Equals (243)" classname="spec_perl_TestBitsSeqEndianCombo_t" time="6.00814819335938e-05" />
    <testcase name="Equals (244)" classname="spec_perl_TestBitsSeqEndianCombo_t" time="7.41481781005859e-05" />
    <testcase name="Equals (245)" classname="spec_perl_TestBitsSeqEndianCombo_t" time="5.57899475097656e-05" />
    <testcase name="Equals (246)" classname="spec_perl_TestBitsSeqEndianCombo_t" time="7.31945037841797e-05" />
    <testcase name="Equals (247)" classname="spec_perl_TestBitsSeqEndianCombo_t" time="6.07967376708984e-05" />
  </testsuite>
  <testsuite name="spec_perl_TestExprIfIntOps_t" errors="0" failures="0" skipped="0" tests="2" time="0.0551519393920898">
    <system-out>1..2
ok 1 - Equals
ok 2 - Equals
</system-out>
    <testcase name="Equals (248)" classname="spec_perl_TestExprIfIntOps_t" time="0.000166893005371094" />
    <testcase name="Equals (249)" classname="spec_perl_TestExprIfIntOps_t" time="9.01222229003906e-05" />
  </testsuite>
  <testsuite name="spec_perl_TestIndexToParamExpr_t" errors="0" failures="2" skipped="0" tests="7" time="0.0624079704284668">
    <system-out>1..7
ok 1 - Equals
ok 2 - Equals
ok 3 - Equals
ok 4 - Equals
ok 5 - Equals
not ok 6 - Equals
not ok 7 - Equals
</system-out>
    <testcase name="Equals (250)" classname="spec_perl_TestIndexToParamExpr_t" time="0.000205039978027344" />
    <testcase name="Equals (251)" classname="spec_perl_TestIndexToParamExpr_t" time="8.392333984375e-05" />
    <testcase name="Equals (252)" classname="spec_perl_TestIndexToParamExpr_t" time="8.51154327392578e-05" />
    <testcase name="Equals (253)" classname="spec_perl_TestIndexToParamExpr_t" time="5.79357147216797e-05" />
    <testcase name="Equals (254)" classname="spec_perl_TestIndexToParamExpr_t" time="5.69820404052734e-05" />
    <testcase name="Equals (255)" classname="spec_perl_TestIndexToParamExpr_t" time="9.60826873779297e-05">
      <failure message="not ok 6 - Equals" type="TAP::Parser::Result::Test"></failure>
    </testcase>
    <testcase name="Equals (256)" classname="spec_perl_TestIndexToParamExpr_t" time="0.0016028881072998">
      <failure message="not ok 7 - Equals" type="TAP::Parser::Result::Test"></failure>
    </testcase>
  </testsuite>
  <testsuite name="spec_perl_TestEnumIntRangeU_t" errors="0" failures="0" skipped="0" tests="2" time="0.0533370971679688">
    <system-out>1..2
ok 1 - Equals
ok 2 - Equals
</system-out>
    <testcase name="Equals (257)" classname="spec_perl_TestEnumIntRangeU_t" time="0.000177860260009766" />
    <testcase name="Equals (258)" classname="spec_perl_TestEnumIntRangeU_t" time="7.51018524169922e-05" />
  </testsuite>
  <testsuite name="spec_perl_TestCombineEnum_t" errors="0" failures="0" skipped="0" tests="3" time="0.0553810596466064">
    <system-out>1..3
ok 1 - Equals
ok 2 - Equals
ok 3 - Equals
</system-out>
    <testcase name="Equals (259)" classname="spec_perl_TestCombineEnum_t" time="0.000173091888427734" />
    <testcase name="Equals (260)" classname="spec_perl_TestCombineEnum_t" time="8.98838043212891e-05" />
    <testcase name="Equals (261)" classname="spec_perl_TestCombineEnum_t" time="7.60555267333984e-05" />
  </testsuite>
  <testsuite name="spec_perl_TestEnumToI_t" errors="0" failures="1" skipped="4" tests="8" time="0.0581340789794922">
    <system-out>1..8
ok 1 - Equals
ok 2 - Equals
ok 3 - Equals
not ok 4 - test_enum_to_i died (Can't locate object method &quot;pet_1_i_to_s&quot; via package &quot;EnumToI&quot; at spec/perl/TestEnumToI.t line 17.)
ok 5 # skip test_enum_to_i died
ok 6 # skip test_enum_to_i died
ok 7 # skip test_enum_to_i died
ok 8 # skip test_enum_to_i died
</system-out>
    <testcase name="Equals (262)" classname="spec_perl_TestEnumToI_t" time="0.000224113464355469" />
    <testcase name="Equals (263)" classname="spec_perl_TestEnumToI_t" time="7.29560852050781e-05" />
    <testcase name="Equals (264)" classname="spec_perl_TestEnumToI_t" time="8.0108642578125e-05" />
    <testcase name="test_enum_to_i died (Can't locate object method &quot;pet_1_i_to_s&quot; via package &quot;EnumToI&quot; at spec/perl/TestEnumToI.t line 17.) (264)" classname="spec_perl_TestEnumToI_t" time="7.10487365722656e-05">
      <failure message="not ok 4 - test_enum_to_i died (Can't locate object method &quot;pet_1_i_to_s&quot; via package &quot;EnumToI&quot; at spec/perl/TestEnumToI.t line 17.)" type="TAP::Parser::Result::Test"></failure>
    </testcase>
    <testcase name="Unnamed test case 264" classname="spec_perl_TestEnumToI_t" time="0.00106477737426758">
      <skipped message="ok 5 # skip test_enum_to_i died" />
    </testcase>
    <testcase name="Unnamed test case 265" classname="spec_perl_TestEnumToI_t" time="8.41617584228516e-05">
      <skipped message="ok 6 # skip test_enum_to_i died" />
    </testcase>
    <testcase name="Unnamed test case 266" classname="spec_perl_TestEnumToI_t" time="0.00409102439880371">
      <skipped message="ok 7 # skip test_enum_to_i died" />
    </testcase>
    <testcase name="Unnamed test case 267" classname="spec_perl_TestEnumToI_t" time="9.89437103271484e-05">
      <skipped message="ok 8 # skip test_enum_to_i died" />
    </testcase>
  </testsuite>
  <testsuite name="spec_perl_TestEnumDeep_t" errors="0" failures="0" skipped="0" tests="2" time="0.0541439056396484">
    <system-out>1..2
ok 1 - Equals
ok 2 - Equals
</system-out>
    <testcase name="Equals (267)" classname="spec_perl_TestEnumDeep_t" time="0.000183820724487305" />
    <testcase name="Equals (268)" classname="spec_perl_TestEnumDeep_t" time="7.41481781005859e-05" />
  </testsuite>
  <testsuite name="spec_perl_TestRepeatEosU4_t" errors="0" failures="0" skipped="0" tests="1" time="0.0550289154052734">
    <system-out>1..1
ok 1 - Equals
</system-out>
    <testcase name="Equals (269)" classname="spec_perl_TestRepeatEosU4_t" time="0.000191926956176758" />
  </testsuite>
  <testsuite name="spec_perl_TestProcessXor4Const_t" errors="0" failures="0" skipped="0" tests="2" time="0.0529952049255371">
    <system-out>1..2
ok 1 - Equals
ok 2 - Equals
</system-out>
    <testcase name="Equals (270)" classname="spec_perl_TestProcessXor4Const_t" time="0.00018000602722168" />
    <testcase name="Equals (271)" classname="spec_perl_TestProcessXor4Const_t" time="7.60555267333984e-05" />
  </testsuite>
  <testsuite name="spec_perl_TestStrEncodingsUtf16_t" errors="0" failures="0" skipped="0" tests="6" time="0.0626192092895508">
    <system-out>1..6
ok 1 - Equals
ok 2 - Equals
ok 3 - Equals
ok 4 - Equals
ok 5 - Equals
ok 6 - Equals
</system-out>
    <testcase name="Equals (272)" classname="spec_perl_TestStrEncodingsUtf16_t" time="0.00146698951721191" />
    <testcase name="Equals (273)" classname="spec_perl_TestStrEncodingsUtf16_t" time="0.000309944152832031" />
    <testcase name="Equals (274)" classname="spec_perl_TestStrEncodingsUtf16_t" time="0.000275135040283203" />
    <testcase name="Equals (275)" classname="spec_perl_TestStrEncodingsUtf16_t" time="0.000262022018432617" />
    <testcase name="Equals (276)" classname="spec_perl_TestStrEncodingsUtf16_t" time="0.000285863876342773" />
    <testcase name="Equals (277)" classname="spec_perl_TestStrEncodingsUtf16_t" time="0.000221014022827148" />
  </testsuite>
  <testsuite name="spec_perl_TestCombineBytes_t" errors="0" failures="0" skipped="0" tests="10" time="0.0554189682006836">
    <system-out>1..10
ok 1 - Equals
ok 2 - Equals
ok 3 - Equals
ok 4 - Equals
ok 5 - Equals
ok 6 - Equals
ok 7 - Equals
ok 8 - Equals
ok 9 - Equals
ok 10 - Equals
</system-out>
    <testcase name="Equals (278)" classname="spec_perl_TestCombineBytes_t" time="0.000164985656738281" />
    <testcase name="Equals (279)" classname="spec_perl_TestCombineBytes_t" time="7.98702239990234e-05" />
    <testcase name="Equals (280)" classname="spec_perl_TestCombineBytes_t" time="8.0108642578125e-05" />
    <testcase name="Equals (281)" classname="spec_perl_TestCombineBytes_t" time="5.50746917724609e-05" />
    <testcase name="Equals (282)" classname="spec_perl_TestCombineBytes_t" time="6.98566436767578e-05" />
    <testcase name="Equals (283)" classname="spec_perl_TestCombineBytes_t" time="7.79628753662109e-05" />
    <testcase name="Equals (284)" classname="spec_perl_TestCombineBytes_t" time="7.00950622558594e-05" />
    <testcase name="Equals (285)" classname="spec_perl_TestCombineBytes_t" time="0.000129938125610352" />
    <testcase name="Equals (286)" classname="spec_perl_TestCombineBytes_t" time="0.000119924545288086" />
    <testcase name="Equals (287)" classname="spec_perl_TestCombineBytes_t" time="0.0001220703125" />
  </testsuite>
  <testsuite name="spec_perl_TestProcessCustomNoArgs_t" errors="1" failures="0" skipped="0" tests="0" time="0.0525209903717041">
    <system-out></system-out>
    <testcase name="Test died too soon, even before plan. (287)" classname="spec_perl_TestProcessCustomNoArgs_t" time="0.0525209903717041">
      <failure message="The test suite died before a plan was produced. You need to have a plan." type="Plan">No plan</failure>
    </testcase>
  </testsuite>
  <testsuite name="spec_perl_TestToStringCustom_t" errors="0" failures="0" skipped="0" tests="1" time="0.0638852119445801">
    <system-out>1..1
ok 1 - Equals
</system-out>
    <testcase name="Equals (288)" classname="spec_perl_TestToStringCustom_t" time="0.000210046768188477" />
  </testsuite>
  <testsuite name="spec_perl_TestBcdUserTypeBe_t" errors="0" failures="0" skipped="0" tests="6" time="0.110665082931519">
    <system-out>1..6
ok 1 - Equals
ok 2 - Equals
ok 3 - Equals
ok 4 - Equals
ok 5 - Equals
ok 6 - Equals
</system-out>
    <testcase name="Equals (289)" classname="spec_perl_TestBcdUserTypeBe_t" time="0.000417947769165039" />
    <testcase name="Equals (290)" classname="spec_perl_TestBcdUserTypeBe_t" time="0.000106096267700195" />
    <testcase name="Equals (291)" classname="spec_perl_TestBcdUserTypeBe_t" time="7.79628753662109e-05" />
    <testcase name="Equals (292)" classname="spec_perl_TestBcdUserTypeBe_t" time="7.20024108886719e-05" />
    <testcase name="Equals (293)" classname="spec_perl_TestBcdUserTypeBe_t" time="6.89029693603516e-05" />
    <testcase name="Equals (294)" classname="spec_perl_TestBcdUserTypeBe_t" time="0.000136137008666992" />
  </testsuite>
  <testsuite name="spec_perl_TestStrPadTerm_t" errors="0" failures="0" skipped="0" tests="4" time="0.0604579448699951">
    <system-out>1..4
ok 1 - Equals
ok 2 - Equals
ok 3 - Equals
ok 4 - Equals
</system-out>
    <testcase name="Equals (295)" classname="spec_perl_TestStrPadTerm_t" time="0.000257968902587891" />
    <testcase name="Equals (296)" classname="spec_perl_TestStrPadTerm_t" time="8.392333984375e-05" />
    <testcase name="Equals (297)" classname="spec_perl_TestStrPadTerm_t" time="0.000128030776977539" />
    <testcase name="Equals (298)" classname="spec_perl_TestStrPadTerm_t" time="7.70092010498047e-05" />
  </testsuite>
  <testsuite name="spec_perl_TestSwitchManualEnumInvalid_t" errors="0" failures="0" skipped="0" tests="5" time="0.0574760437011719">
    <system-out>1..5
ok 1 - Equals
ok 2 - Equals
ok 3 - nil
ok 4 - Equals
ok 5 - nil
</system-out>
    <testcase name="Equals (299)" classname="spec_perl_TestSwitchManualEnumInvalid_t" time="0.000157833099365234" />
    <testcase name="Equals (300)" classname="spec_perl_TestSwitchManualEnumInvalid_t" time="7.00950622558594e-05" />
    <testcase name="nil (300)" classname="spec_perl_TestSwitchManualEnumInvalid_t" time="4.29153442382812e-05" />
    <testcase name="Equals (301)" classname="spec_perl_TestSwitchManualEnumInvalid_t" time="8.32080841064453e-05" />
    <testcase name="nil (301)" classname="spec_perl_TestSwitchManualEnumInvalid_t" time="3.79085540771484e-05" />
  </testsuite>
  <testsuite name="spec_perl_TestExprArray_t" errors="0" failures="0" skipped="0" tests="15" time="0.0595550537109375">
    <system-out>1..15
ok 1 - Equals
ok 2 - Equals
ok 3 - Equals
ok 4 - Equals
ok 5 - Equals
ok 6 - Equals
ok 7 - Approx equals
ok 8 - Approx equals
ok 9 - Approx equals
ok 10 - Approx equals
ok 11 - Equals
ok 12 - Equals
ok 13 - Equals
ok 14 - Equals
ok 15 - Equals
</system-out>
    <testcase name="Equals (302)" classname="spec_perl_TestExprArray_t" time="0.000235080718994141" />
    <testcase name="Equals (303)" classname="spec_perl_TestExprArray_t" time="9.60826873779297e-05" />
    <testcase name="Equals (304)" classname="spec_perl_TestExprArray_t" time="7.58171081542969e-05" />
    <testcase name="Equals (305)" classname="spec_perl_TestExprArray_t" time="7.10487365722656e-05" />
    <testcase name="Equals (306)" classname="spec_perl_TestExprArray_t" time="6.91413879394531e-05" />
    <testcase name="Equals (307)" classname="spec_perl_TestExprArray_t" time="8.17775726318359e-05" />
    <testcase name="Approx equals (307)" classname="spec_perl_TestExprArray_t" time="7.10487365722656e-05" />
    <testcase name="Approx equals (308)" classname="spec_perl_TestExprArray_t" time="5.50746917724609e-05" />
    <testcase name="Approx equals (309)" classname="spec_perl_TestExprArray_t" time="7.00950622558594e-05" />
    <testcase name="Approx equals (310)" classname="spec_perl_TestExprArray_t" time="6.69956207275391e-05" />
    <testcase name="Equals (310)" classname="spec_perl_TestExprArray_t" time="6.19888305664062e-05" />
    <testcase name="Equals (311)" classname="spec_perl_TestExprArray_t" time="6.89029693603516e-05" />
    <testcase name="Equals (312)" classname="spec_perl_TestExprArray_t" time="5.79357147216797e-05" />
    <testcase name="Equals (313)" classname="spec_perl_TestExprArray_t" time="7.29560852050781e-05" />
    <testcase name="Equals (314)" classname="spec_perl_TestExprArray_t" time="6.81877136230469e-05" />
  </testsuite>
  <testsuite name="spec_perl_TestImportsRel1_t" errors="0" failures="0" skipped="0" tests="3" time="0.0569338798522949">
    <system-out>1..3
ok 1 - Equals
ok 2 - Equals
ok 3 - Equals
</system-out>
    <testcase name="Equals (315)" classname="spec_perl_TestImportsRel1_t" time="0.000195980072021484" />
    <testcase name="Equals (316)" classname="spec_perl_TestImportsRel1_t" time="7.79628753662109e-05" />
    <testcase name="Equals (317)" classname="spec_perl_TestImportsRel1_t" time="7.89165496826172e-05" />
  </testsuite>
  <testsuite name="spec_perl_TestIndexToParamUntil_t" errors="0" failures="2" skipped="0" tests="7" time="0.0592219829559326">
    <system-out>1..7
ok 1 - Equals
ok 2 - Equals
ok 3 - Equals
ok 4 - Equals
ok 5 - Equals
not ok 6 - Equals
not ok 7 - Equals
</system-out>
    <testcase name="Equals (318)" classname="spec_perl_TestIndexToParamUntil_t" time="0.000406026840209961" />
    <testcase name="Equals (319)" classname="spec_perl_TestIndexToParamUntil_t" time="0.000934123992919922" />
    <testcase name="Equals (320)" classname="spec_perl_TestIndexToParamUntil_t" time="5.10215759277344e-05" />
    <testcase name="Equals (321)" classname="spec_perl_TestIndexToParamUntil_t" time="3.60012054443359e-05" />
    <testcase name="Equals (322)" classname="spec_perl_TestIndexToParamUntil_t" time="3.38554382324219e-05" />
    <testcase name="Equals (323)" classname="spec_perl_TestIndexToParamUntil_t" time="4.31537628173828e-05">
      <failure message="not ok 6 - Equals" type="TAP::Parser::Result::Test"></failure>
    </testcase>
    <testcase name="Equals (324)" classname="spec_perl_TestIndexToParamUntil_t" time="7.70092010498047e-05">
      <failure message="not ok 7 - Equals" type="TAP::Parser::Result::Test"></failure>
    </testcase>
  </testsuite>
  <testsuite name="spec_perl_TestExprEnum_t" errors="0" failures="0" skipped="0" tests="3" time="0.0532832145690918">
    <system-out>1..3
ok 1 - Equals
ok 2 - Equals
ok 3 - Equals
</system-out>
    <testcase name="Equals (325)" classname="spec_perl_TestExprEnum_t" time="0.000175952911376953" />
    <testcase name="Equals (326)" classname="spec_perl_TestExprEnum_t" time="7.58171081542969e-05" />
    <testcase name="Equals (327)" classname="spec_perl_TestExprEnum_t" time="6.103515625e-05" />
  </testsuite>
  <testsuite name="spec_perl_TestEosExceptionU4_t" errors="0" failures="0" skipped="0" tests="1" time="0.0554718971252441">
    <system-out>1..1
ok 1 - threw /^Requested \d+ bytes, but only \d+ bytes available/
</system-out>
    <testcase name="threw /^Requested \d+ bytes, but only \d+ bytes available/ (327)" classname="spec_perl_TestEosExceptionU4_t" time="0.000182151794433594" />
  </testsuite>
  <testsuite name="spec_perl_TestCombineStr_t" errors="0" failures="0" skipped="0" tests="15" time="0.06044602394104">
    <system-out>1..15
ok 1 - Equals
ok 2 - Equals
ok 3 - Equals
ok 4 - Equals
ok 5 - Equals
ok 6 - Equals
ok 7 - Equals
ok 8 - Equals
ok 9 - Equals
ok 10 - Equals
ok 11 - Equals
ok 12 - Equals
ok 13 - Equals
ok 14 - Equals
ok 15 - Equals
</system-out>
    <testcase name="Equals (328)" classname="spec_perl_TestCombineStr_t" time="0.000181198120117188" />
    <testcase name="Equals (329)" classname="spec_perl_TestCombineStr_t" time="7.48634338378906e-05" />
    <testcase name="Equals (330)" classname="spec_perl_TestCombineStr_t" time="9.29832458496094e-05" />
    <testcase name="Equals (331)" classname="spec_perl_TestCombineStr_t" time="5.69820404052734e-05" />
    <testcase name="Equals (332)" classname="spec_perl_TestCombineStr_t" time="7.20024108886719e-05" />
    <testcase name="Equals (333)" classname="spec_perl_TestCombineStr_t" time="5.41210174560547e-05" />
    <testcase name="Equals (334)" classname="spec_perl_TestCombineStr_t" time="0.000113010406494141" />
    <testcase name="Equals (335)" classname="spec_perl_TestCombineStr_t" time="5.29289245605469e-05" />
    <testcase name="Equals (336)" classname="spec_perl_TestCombineStr_t" time="6.89029693603516e-05" />
    <testcase name="Equals (337)" classname="spec_perl_TestCombineStr_t" time="6.81877136230469e-05" />
    <testcase name="Equals (338)" classname="spec_perl_TestCombineStr_t" time="7.08103179931641e-05" />
    <testcase name="Equals (339)" classname="spec_perl_TestCombineStr_t" time="6.60419464111328e-05" />
    <testcase name="Equals (340)" classname="spec_perl_TestCombineStr_t" time="0.000108957290649414" />
    <testcase name="Equals (341)" classname="spec_perl_TestCombineStr_t" time="6.60419464111328e-05" />
    <testcase name="Equals (342)" classname="spec_perl_TestCombineStr_t" time="0.000105142593383789" />
  </testsuite>
  <testsuite name="spec_perl_TestEnumIf_t" errors="0" failures="0" skipped="0" tests="7" time="0.0589299201965332">
    <system-out>1..7
ok 1 - Equals
ok 2 - Equals
ok 3 - Equals
ok 4 - Equals
ok 5 - Equals
ok 6 - Equals
ok 7 - Equals
</system-out>
    <testcase name="Equals (343)" classname="spec_perl_TestEnumIf_t" time="0.000297069549560547" />
    <testcase name="Equals (344)" classname="spec_perl_TestEnumIf_t" time="0.000186920166015625" />
    <testcase name="Equals (345)" classname="spec_perl_TestEnumIf_t" time="0.000132083892822266" />
    <testcase name="Equals (346)" classname="spec_perl_TestEnumIf_t" time="0.000129938125610352" />
    <testcase name="Equals (347)" classname="spec_perl_TestEnumIf_t" time="0.000129938125610352" />
    <testcase name="Equals (348)" classname="spec_perl_TestEnumIf_t" time="0.00012516975402832" />
    <testcase name="Equals (349)" classname="spec_perl_TestEnumIf_t" time="0.000128984451293945" />
  </testsuite>
  <testsuite name="spec_perl_TestDefaultEndianExprIsLe_t" errors="0" failures="0" skipped="0" tests="12" time="0.0570359230041504">
    <system-out>1..12
ok 1 - Equals
ok 2 - Equals
ok 3 - Equals
ok 4 - Equals
ok 5 - Equals
ok 6 - Equals
ok 7 - Equals
ok 8 - Equals
ok 9 - Equals
ok 10 - Equals
ok 11 - Equals
ok 12 - Equals
</system-out>
    <testcase name="Equals (350)" classname="spec_perl_TestDefaultEndianExprIsLe_t" time="0.000195026397705078" />
    <testcase name="Equals (351)" classname="spec_perl_TestDefaultEndianExprIsLe_t" time="7.70092010498047e-05" />
    <testcase name="Equals (352)" classname="spec_perl_TestDefaultEndianExprIsLe_t" time="8.60691070556641e-05" />
    <testcase name="Equals (353)" classname="spec_perl_TestDefaultEndianExprIsLe_t" time="5.69820404052734e-05" />
    <testcase name="Equals (354)" classname="spec_perl_TestDefaultEndianExprIsLe_t" time="7.10487365722656e-05" />
    <testcase name="Equals (355)" classname="spec_perl_TestDefaultEndianExprIsLe_t" time="7.89165496826172e-05" />
    <testcase name="Equals (356)" classname="spec_perl_TestDefaultEndianExprIsLe_t" time="0.000132083892822266" />
    <testcase name="Equals (357)" classname="spec_perl_TestDefaultEndianExprIsLe_t" time="0.000114917755126953" />
    <testcase name="Equals (358)" classname="spec_perl_TestDefaultEndianExprIsLe_t" time="0.000120878219604492" />
    <testcase name="Equals (359)" classname="spec_perl_TestDefaultEndianExprIsLe_t" time="0.000121116638183594" />
    <testcase name="Equals (360)" classname="spec_perl_TestDefaultEndianExprIsLe_t" time="0.000174045562744141" />
    <testcase name="Equals (361)" classname="spec_perl_TestDefaultEndianExprIsLe_t" time="9.48905944824219e-05" />
  </testsuite>
  <testsuite name="spec_perl_TestExprSizeofType0_t" errors="0" failures="0" skipped="0" tests="1" time="0.0556399822235107">
    <system-out>1..1
ok 1 - Equals
</system-out>
    <testcase name="Equals (362)" classname="spec_perl_TestExprSizeofType0_t" time="0.000185966491699219" />
  </testsuite>
  <testsuite name="spec_perl_TestExprMod_t" errors="0" failures="0" skipped="0" tests="6" time="0.0534369945526123">
    <system-out>1..6
ok 1 - Equals
ok 2 - Equals
ok 3 - Equals
ok 4 - Equals
ok 5 - Equals
ok 6 - Equals
</system-out>
    <testcase name="Equals (363)" classname="spec_perl_TestExprMod_t" time="0.000156879425048828" />
    <testcase name="Equals (364)" classname="spec_perl_TestExprMod_t" time="8.70227813720703e-05" />
    <testcase name="Equals (365)" classname="spec_perl_TestExprMod_t" time="5.69820404052734e-05" />
    <testcase name="Equals (366)" classname="spec_perl_TestExprMod_t" time="6.91413879394531e-05" />
    <testcase name="Equals (367)" classname="spec_perl_TestExprMod_t" time="6.60419464111328e-05" />
    <testcase name="Equals (368)" classname="spec_perl_TestExprMod_t" time="6.79492950439453e-05" />
  </testsuite>
  <testsuite name="spec_perl_TestBitsSignedResB32Le_t" errors="0" failures="0" skipped="0" tests="1" time="0.0547440052032471">
    <system-out>1..1
ok 1 - Equals
</system-out>
    <testcase name="Equals (369)" classname="spec_perl_TestBitsSignedResB32Le_t" time="0.000169038772583008" />
  </testsuite>
  <testsuite name="spec_perl_TestDebugSwitchUser_t" errors="1" failures="0" skipped="0" tests="0" time="0.0556609630584717">
    <system-out></system-out>
    <testcase name="Test died too soon, even before plan. (369)" classname="spec_perl_TestDebugSwitchUser_t" time="0.0556609630584717">
      <failure message="The test suite died before a plan was produced. You need to have a plan." type="Plan">No plan</failure>
    </testcase>
  </testsuite>
  <testsuite name="spec_perl_TestBitsUnalignedB32Be_t" errors="0" failures="0" skipped="0" tests="3" time="0.0589420795440674">
    <system-out>1..3
ok 1 - Equals
ok 2 - Equals
ok 3 - Equals
</system-out>
    <testcase name="Equals (370)" classname="spec_perl_TestBitsUnalignedB32Be_t" time="0.000196933746337891" />
    <testcase name="Equals (371)" classname="spec_perl_TestBitsUnalignedB32Be_t" time="8.392333984375e-05" />
    <testcase name="Equals (372)" classname="spec_perl_TestBitsUnalignedB32Be_t" time="8.0108642578125e-05" />
  </testsuite>
  <testsuite name="spec_perl_TestExprBytesCmp_t" errors="0" failures="0" skipped="0" tests="10" time="0.0555779933929443">
    <system-out>1..10
ok 1 - Equals
ok 2 - Equals
ok 3 - Equals
ok 4 - Equals
ok 5 - Equals
ok 6 - Equals
ok 7 - Equals
ok 8 - Equals
ok 9 - Equals
ok 10 - Equals
</system-out>
    <testcase name="Equals (373)" classname="spec_perl_TestExprBytesCmp_t" time="0.000181913375854492" />
    <testcase name="Equals (374)" classname="spec_perl_TestExprBytesCmp_t" time="7.41481781005859e-05" />
    <testcase name="Equals (375)" classname="spec_perl_TestExprBytesCmp_t" time="8.20159912109375e-05" />
    <testcase name="Equals (376)" classname="spec_perl_TestExprBytesCmp_t" time="5.79357147216797e-05" />
    <testcase name="Equals (377)" classname="spec_perl_TestExprBytesCmp_t" time="5.38825988769531e-05" />
    <testcase name="Equals (378)" classname="spec_perl_TestExprBytesCmp_t" time="7.20024108886719e-05" />
    <testcase name="Equals (379)" classname="spec_perl_TestExprBytesCmp_t" time="5.41210174560547e-05" />
    <testcase name="Equals (380)" classname="spec_perl_TestExprBytesCmp_t" time="6.79492950439453e-05" />
    <testcase name="Equals (381)" classname="spec_perl_TestExprBytesCmp_t" time="0.000128030776977539" />
    <testcase name="Equals (382)" classname="spec_perl_TestExprBytesCmp_t" time="9.79900360107422e-05" />
  </testsuite>
  <testsuite name="spec_perl_TestDebug0_t" errors="0" failures="0" skipped="1" tests="1" time="0.0547099113464355">
    <system-out>1..1
ok 1 # skip test_debug_0
</system-out>
    <testcase name="Unnamed test case 382" classname="spec_perl_TestDebug0_t" time="0.000190973281860352">
      <skipped message="ok 1 # skip test_debug_0" />
    </testcase>
  </testsuite>
  <testsuite name="spec_perl_TestRepeatUntilComplex_t" errors="0" failures="0" skipped="0" tests="15" time="0.055696964263916">
    <system-out>1..15
ok 1 - Equals
ok 2 - Equals
ok 3 - Equals
ok 4 - Equals
ok 5 - Equals
ok 6 - Equals
ok 7 - Equals
ok 8 - Equals
ok 9 - Equals
ok 10 - Equals
ok 11 - Equals
ok 12 - Equals
ok 13 - Equals
ok 14 - Equals
ok 15 - Equals
</system-out>
    <testcase name="Equals (383)" classname="spec_perl_TestRepeatUntilComplex_t" time="0.000185012817382812" />
    <testcase name="Equals (384)" classname="spec_perl_TestRepeatUntilComplex_t" time="9.51290130615234e-05" />
    <testcase name="Equals (385)" classname="spec_perl_TestRepeatUntilComplex_t" time="6.103515625e-05" />
    <testcase name="Equals (386)" classname="spec_perl_TestRepeatUntilComplex_t" time="0.000108003616333008" />
    <testcase name="Equals (387)" classname="spec_perl_TestRepeatUntilComplex_t" time="5.57899475097656e-05" />
    <testcase name="Equals (388)" classname="spec_perl_TestRepeatUntilComplex_t" time="7.20024108886719e-05" />
    <testcase name="Equals (389)" classname="spec_perl_TestRepeatUntilComplex_t" time="6.81877136230469e-05" />
    <testcase name="Equals (390)" classname="spec_perl_TestRepeatUntilComplex_t" time="6.79492950439453e-05" />
    <testcase name="Equals (391)" classname="spec_perl_TestRepeatUntilComplex_t" time="6.69956207275391e-05" />
    <testcase name="Equals (392)" classname="spec_perl_TestRepeatUntilComplex_t" time="6.98566436767578e-05" />
    <testcase name="Equals (393)" classname="spec_perl_TestRepeatUntilComplex_t" time="7.41481781005859e-05" />
    <testcase name="Equals (394)" classname="spec_perl_TestRepeatUntilComplex_t" time="6.60419464111328e-05" />
    <testcase name="Equals (395)" classname="spec_perl_TestRepeatUntilComplex_t" time="9.48905944824219e-05" />
    <testcase name="Equals (396)" classname="spec_perl_TestRepeatUntilComplex_t" time="9.01222229003906e-05" />
    <testcase name="Equals (397)" classname="spec_perl_TestRepeatUntilComplex_t" time="6.58035278320312e-05" />
  </testsuite>
  <testsuite name="spec_perl_TestValidShort_t" errors="0" failures="0" skipped="1" tests="1" time="0.0581309795379639">
    <system-out>1..1
ok 1 # skip ValidShort=HASH(0x55d29b100838)
</system-out>
    <testcase name="Unnamed test case 397" classname="spec_perl_TestValidShort_t" time="0.000930070877075195">
      <skipped message="ok 1 # skip ValidShort=HASH(0x55d29b100838)" />
    </testcase>
  </testsuite>
  <testsuite name="spec_perl_TestProcessCoerceSwitch_t" errors="0" failures="0" skipped="0" tests="3" time="0.0582249164581299">
    <system-out>1..3
ok 1 - Equals
ok 2 - Equals
ok 3 - Equals
</system-out>
    <testcase name="Equals (398)" classname="spec_perl_TestProcessCoerceSwitch_t" time="0.000278949737548828" />
    <testcase name="Equals (399)" classname="spec_perl_TestProcessCoerceSwitch_t" time="9.918212890625e-05" />
    <testcase name="Equals (400)" classname="spec_perl_TestProcessCoerceSwitch_t" time="6.38961791992188e-05" />
  </testsuite>
  <testsuite name="spec_perl_TestBitsEnum_t" errors="0" failures="0" skipped="0" tests="3" time="0.0552198886871338">
    <system-out>1..3
ok 1 - Equals
ok 2 - Equals
ok 3 - Equals
</system-out>
    <testcase name="Equals (401)" classname="spec_perl_TestBitsEnum_t" time="0.000185012817382812" />
    <testcase name="Equals (402)" classname="spec_perl_TestBitsEnum_t" time="7.48634338378906e-05" />
    <testcase name="Equals (403)" classname="spec_perl_TestBitsEnum_t" time="8.60691070556641e-05" />
  </testsuite>
  <testsuite name="spec_perl_TestEnumIntRangeS_t" errors="0" failures="0" skipped="0" tests="3" time="0.0563580989837646">
    <system-out>1..3
ok 1 - Equals
ok 2 - Equals
ok 3 - Equals
</system-out>
    <testcase name="Equals (404)" classname="spec_perl_TestEnumIntRangeS_t" time="0.000169038772583008" />
    <testcase name="Equals (405)" classname="spec_perl_TestEnumIntRangeS_t" time="9.58442687988281e-05" />
    <testcase name="Equals (406)" classname="spec_perl_TestEnumIntRangeS_t" time="5.79357147216797e-05" />
  </testsuite>
  <testsuite name="spec_perl_TestNestedTypes2_t" errors="0" failures="0" skipped="0" tests="7" time="0.0640161037445068">
    <system-out>1..7
ok 1 - Equals
ok 2 - Equals
ok 3 - Equals
ok 4 - Equals
ok 5 - Equals
ok 6 - Equals
ok 7 - Equals
</system-out>
    <testcase name="Equals (407)" classname="spec_perl_TestNestedTypes2_t" time="0.000204086303710938" />
    <testcase name="Equals (408)" classname="spec_perl_TestNestedTypes2_t" time="0.000100851058959961" />
    <testcase name="Equals (409)" classname="spec_perl_TestNestedTypes2_t" time="6.19888305664062e-05" />
    <testcase name="Equals (410)" classname="spec_perl_TestNestedTypes2_t" time="7.91549682617188e-05" />
    <testcase name="Equals (411)" classname="spec_perl_TestNestedTypes2_t" time="6.98566436767578e-05" />
    <testcase name="Equals (412)" classname="spec_perl_TestNestedTypes2_t" time="0.000130176544189453" />
    <testcase name="Equals (413)" classname="spec_perl_TestNestedTypes2_t" time="8.29696655273438e-05" />
  </testsuite>
  <testsuite name="spec_perl_TestDefaultBitEndianMod_t" errors="0" failures="0" skipped="0" tests="4" time="0.0563139915466309">
    <system-out>1..4
ok 1 - Equals
ok 2 - Equals
ok 3 - Equals
ok 4 - Equals
</system-out>
    <testcase name="Equals (414)" classname="spec_perl_TestDefaultBitEndianMod_t" time="0.000186920166015625" />
    <testcase name="Equals (415)" classname="spec_perl_TestDefaultBitEndianMod_t" time="9.79900360107422e-05" />
    <testcase name="Equals (416)" classname="spec_perl_TestDefaultBitEndianMod_t" time="6.19888305664062e-05" />
    <testcase name="Equals (417)" classname="spec_perl_TestDefaultBitEndianMod_t" time="7.20024108886719e-05" />
  </testsuite>
  <testsuite name="spec_perl_TestDefaultEndianExprException_t" errors="0" failures="0" skipped="0" tests="1" time="0.059859037399292">
    <system-out>1..1
ok 1 - threw /^Unable to decide on endianness/
</system-out>
    <testcase name="threw /^Unable to decide on endianness/ (417)" classname="spec_perl_TestDefaultEndianExprException_t" time="0.000191926956176758" />
  </testsuite>
  <testsuite name="spec_perl_TestExprOpsParens_t" errors="0" failures="1" skipped="0" tests="9" time="0.0577230453491211">
    <system-out>1..9
ok 1 - Equals
ok 2 - Equals
ok 3 - Equals
ok 4 - Equals
ok 5 - Equals
ok 6 - Equals
not ok 7 - Equals
ok 8 - Equals
ok 9 - Equals
</system-out>
    <testcase name="Equals (418)" classname="spec_perl_TestExprOpsParens_t" time="0.00018310546875" />
    <testcase name="Equals (419)" classname="spec_perl_TestExprOpsParens_t" time="8.10623168945312e-05" />
    <testcase name="Equals (420)" classname="spec_perl_TestExprOpsParens_t" time="8.20159912109375e-05" />
    <testcase name="Equals (421)" classname="spec_perl_TestExprOpsParens_t" time="5.57899475097656e-05" />
    <testcase name="Equals (422)" classname="spec_perl_TestExprOpsParens_t" time="5.50746917724609e-05" />
    <testcase name="Equals (423)" classname="spec_perl_TestExprOpsParens_t" time="7.10487365722656e-05" />
    <testcase name="Equals (424)" classname="spec_perl_TestExprOpsParens_t" time="7.10487365722656e-05">
      <failure message="not ok 7 - Equals" type="TAP::Parser::Result::Test"></failure>
    </testcase>
    <testcase name="Equals (425)" classname="spec_perl_TestExprOpsParens_t" time="0.000996828079223633" />
    <testcase name="Equals (426)" classname="spec_perl_TestExprOpsParens_t" time="7.60555267333984e-05" />
  </testsuite>
  <testsuite name="spec_perl_TestSwitchManualIntSizeEos_t" errors="0" failures="0" skipped="0" tests="10" time="0.0595309734344482">
[...]
  </testsuite>
  <testsuite name="spec_perl_TestSwitchBytearray_t" errors="0" failures="0" skipped="0" tests="9" time="0.0579700469970703">
    <system-out>1..9
ok 1 - Equals
ok 2 - Equals
ok 3 - Equals
ok 4 - Equals
ok 5 - Equals
ok 6 - Equals
ok 7 - Equals
ok 8 - Equals
ok 9 - Equals
</system-out>
    <testcase name="Equals (867)" classname="spec_perl_TestSwitchBytearray_t" time="0.000177860260009766" />
    <testcase name="Equals (868)" classname="spec_perl_TestSwitchBytearray_t" time="9.51290130615234e-05" />
    <testcase name="Equals (869)" classname="spec_perl_TestSwitchBytearray_t" time="6.103515625e-05" />
    <testcase name="Equals (870)" classname="spec_perl_TestSwitchBytearray_t" time="7.48634338378906e-05" />
    <testcase name="Equals (871)" classname="spec_perl_TestSwitchBytearray_t" time="5.50746917724609e-05" />
    <testcase name="Equals (872)" classname="spec_perl_TestSwitchBytearray_t" time="0.000113010406494141" />
    <testcase name="Equals (873)" classname="spec_perl_TestSwitchBytearray_t" time="7.29560852050781e-05" />
    <testcase name="Equals (874)" classname="spec_perl_TestSwitchBytearray_t" time="6.69956207275391e-05" />
    <testcase name="Equals (875)" classname="spec_perl_TestSwitchBytearray_t" time="6.89029693603516e-05" />
  </testsuite>
  <testsuite name="spec_perl_TestExprCalcArrayOps_t" errors="0" failures="0" skipped="0" tests="18" time="0.056771993637085">
    <system-out>1..18
ok 1 - Equals
ok 2 - Equals
ok 3 - Equals
ok 4 - Equals
ok 5 - Equals
ok 6 - Equals
ok 7 - Equals
ok 8 - Approx equals
ok 9 - Approx equals
ok 10 - Approx equals
ok 11 - Approx equals
ok 12 - Approx equals
ok 13 - Equals
ok 14 - Equals
ok 15 - Equals
ok 16 - Equals
ok 17 - Equals
ok 18 - Equals
</system-out>
    <testcase name="Equals (876)" classname="spec_perl_TestExprCalcArrayOps_t" time="0.000597000122070312" />
    <testcase name="Equals (877)" classname="spec_perl_TestExprCalcArrayOps_t" time="0.000125885009765625" />
    <testcase name="Equals (878)" classname="spec_perl_TestExprCalcArrayOps_t" time="8.29696655273438e-05" />
    <testcase name="Equals (879)" classname="spec_perl_TestExprCalcArrayOps_t" time="9.01222229003906e-05" />
    <testcase name="Equals (880)" classname="spec_perl_TestExprCalcArrayOps_t" time="7.29560852050781e-05" />
    <testcase name="Equals (881)" classname="spec_perl_TestExprCalcArrayOps_t" time="7.20024108886719e-05" />
    <testcase name="Equals (882)" classname="spec_perl_TestExprCalcArrayOps_t" time="0.000103950500488281" />
    <testcase name="Approx equals (882)" classname="spec_perl_TestExprCalcArrayOps_t" time="7.20024108886719e-05" />
    <testcase name="Approx equals (883)" classname="spec_perl_TestExprCalcArrayOps_t" time="5.60283660888672e-05" />
    <testcase name="Approx equals (884)" classname="spec_perl_TestExprCalcArrayOps_t" time="7.98702239990234e-05" />
    <testcase name="Approx equals (885)" classname="spec_perl_TestExprCalcArrayOps_t" time="5.7220458984375e-05" />
    <testcase name="Approx equals (886)" classname="spec_perl_TestExprCalcArrayOps_t" time="5.29289245605469e-05" />
    <testcase name="Equals (886)" classname="spec_perl_TestExprCalcArrayOps_t" time="6.89029693603516e-05" />
    <testcase name="Equals (887)" classname="spec_perl_TestExprCalcArrayOps_t" time="0.000136137008666992" />
    <testcase name="Equals (888)" classname="spec_perl_TestExprCalcArrayOps_t" time="8.08238983154297e-05" />
    <testcase name="Equals (889)" classname="spec_perl_TestExprCalcArrayOps_t" time="5.50746917724609e-05" />
    <testcase name="Equals (890)" classname="spec_perl_TestExprCalcArrayOps_t" time="6.79492950439453e-05" />
    <testcase name="Equals (891)" classname="spec_perl_TestExprCalcArrayOps_t" time="5.31673431396484e-05" />
  </testsuite>
  <testsuite name="spec_perl_TestNestedTypes_t" errors="0" failures="0" skipped="0" tests="3" time="0.0732800960540771">
    <system-out>1..3
ok 1 - Equals
ok 2 - Equals
ok 3 - Equals
</system-out>
    <testcase name="Equals (892)" classname="spec_perl_TestNestedTypes_t" time="0.000147819519042969" />
    <testcase name="Equals (893)" classname="spec_perl_TestNestedTypes_t" time="9.29832458496094e-05" />
    <testcase name="Equals (894)" classname="spec_perl_TestNestedTypes_t" time="0.000128030776977539" />
  </testsuite>
  <testsuite name="spec_perl_TestEnumNegative_t" errors="0" failures="0" skipped="0" tests="2" time="0.054253101348877">
    <system-out>1..2
ok 1 - Equals
ok 2 - Equals
</system-out>
    <testcase name="Equals (895)" classname="spec_perl_TestEnumNegative_t" time="0.000100135803222656" />
    <testcase name="Equals (896)" classname="spec_perl_TestEnumNegative_t" time="4.69684600830078e-05" />
  </testsuite>
  <testsuite name="spec_perl_TestBitsSimpleLe_t" errors="0" failures="0" skipped="0" tests="14" time="0.0549042224884033">
    <system-out>1..14
ok 1 - Equals
ok 2 - Equals
ok 3 - Equals
ok 4 - Equals
ok 5 - Equals
ok 6 - Equals
ok 7 - Equals
ok 8 - Equals
ok 9 - Equals
ok 10 - Equals
ok 11 - Equals
ok 12 - Equals
ok 13 - Equals
ok 14 - Equals
</system-out>
    <testcase name="Equals (897)" classname="spec_perl_TestBitsSimpleLe_t" time="0.000161886215209961" />
    <testcase name="Equals (898)" classname="spec_perl_TestBitsSimpleLe_t" time="9.01222229003906e-05" />
    <testcase name="Equals (899)" classname="spec_perl_TestBitsSimpleLe_t" time="6.103515625e-05" />
    <testcase name="Equals (900)" classname="spec_perl_TestBitsSimpleLe_t" time="7.20024108886719e-05" />
    <testcase name="Equals (901)" classname="spec_perl_TestBitsSimpleLe_t" time="7.10487365722656e-05" />
    <testcase name="Equals (902)" classname="spec_perl_TestBitsSimpleLe_t" time="7.58171081542969e-05" />
    <testcase name="Equals (903)" classname="spec_perl_TestBitsSimpleLe_t" time="7.79628753662109e-05" />
    <testcase name="Equals (904)" classname="spec_perl_TestBitsSimpleLe_t" time="6.91413879394531e-05" />
    <testcase name="Equals (905)" classname="spec_perl_TestBitsSimpleLe_t" time="6.79492950439453e-05" />
    <testcase name="Equals (906)" classname="spec_perl_TestBitsSimpleLe_t" time="7.79628753662109e-05" />
    <testcase name="Equals (907)" classname="spec_perl_TestBitsSimpleLe_t" time="8.79764556884766e-05" />
    <testcase name="Equals (908)" classname="spec_perl_TestBitsSimpleLe_t" time="0.000151157379150391" />
    <testcase name="Equals (909)" classname="spec_perl_TestBitsSimpleLe_t" time="0.000111818313598633" />
    <testcase name="Equals (910)" classname="spec_perl_TestBitsSimpleLe_t" time="0.000124216079711914" />
  </testsuite>
  <testsuite name="spec_perl_TestImportsAbsRel_t" errors="0" failures="0" skipped="0" tests="3" time="0.0610511302947998">
    <system-out>1..3
ok 1 - Equals
ok 2 - Equals
ok 3 - Equals
</system-out>
    <testcase name="Equals (911)" classname="spec_perl_TestImportsAbsRel_t" time="0.00026392936706543" />
    <testcase name="Equals (912)" classname="spec_perl_TestImportsAbsRel_t" time="7.89165496826172e-05" />
    <testcase name="Equals (913)" classname="spec_perl_TestImportsAbsRel_t" time="8.20159912109375e-05" />
  </testsuite>
  <testsuite name="spec_perl_TestNavRoot_t" errors="0" failures="0" skipped="0" tests="5" time="0.0589449405670166">
    <system-out>1..5
ok 1 - Equals
ok 2 - Equals
ok 3 - Equals
ok 4 - Equals
ok 5 - Equals
</system-out>
    <testcase name="Equals (914)" classname="spec_perl_TestNavRoot_t" time="0.000204086303710938" />
    <testcase name="Equals (915)" classname="spec_perl_TestNavRoot_t" time="9.39369201660156e-05" />
    <testcase name="Equals (916)" classname="spec_perl_TestNavRoot_t" time="0.000143051147460938" />
    <testcase name="Equals (917)" classname="spec_perl_TestNavRoot_t" time="0.000131845474243164" />
    <testcase name="Equals (918)" classname="spec_perl_TestNavRoot_t" time="0.000142097473144531" />
  </testsuite>
  <testsuite name="spec_perl_TestEnum0_t" errors="0" failures="0" skipped="0" tests="2" time="0.0531649589538574">
    <system-out>1..2
ok 1 - Equals
ok 2 - Equals
</system-out>
    <testcase name="Equals (919)" classname="spec_perl_TestEnum0_t" time="0.000192880630493164" />
    <testcase name="Equals (920)" classname="spec_perl_TestEnum0_t" time="7.51018524169922e-05" />
  </testsuite>
  <testsuite name="spec_perl_TestSwitchManualIntSizeElse_t" errors="0" failures="0" skipped="0" tests="10" time="0.0622260570526123">
    <system-out>1..10
ok 1 - Equals
ok 2 - Equals
ok 3 - Equals
ok 4 - Equals
ok 5 - Equals
ok 6 - Equals
ok 7 - Equals
ok 8 - Equals
ok 9 - Equals
ok 10 - Equals
</system-out>
    <testcase name="Equals (921)" classname="spec_perl_TestSwitchManualIntSizeElse_t" time="0.000509977340698242" />
    <testcase name="Equals (922)" classname="spec_perl_TestSwitchManualIntSizeElse_t" time="0.000102043151855469" />
    <testcase name="Equals (923)" classname="spec_perl_TestSwitchManualIntSizeElse_t" time="7.79628753662109e-05" />
    <testcase name="Equals (924)" classname="spec_perl_TestSwitchManualIntSizeElse_t" time="7.20024108886719e-05" />
    <testcase name="Equals (925)" classname="spec_perl_TestSwitchManualIntSizeElse_t" time="7.00950622558594e-05" />
    <testcase name="Equals (926)" classname="spec_perl_TestSwitchManualIntSizeElse_t" time="7.10487365722656e-05" />
    <testcase name="Equals (927)" classname="spec_perl_TestSwitchManualIntSizeElse_t" time="0.000130891799926758" />
    <testcase name="Equals (928)" classname="spec_perl_TestSwitchManualIntSizeElse_t" time="0.000118017196655273" />
    <testcase name="Equals (929)" classname="spec_perl_TestSwitchManualIntSizeElse_t" time="7.29560852050781e-05" />
    <testcase name="Equals (930)" classname="spec_perl_TestSwitchManualIntSizeElse_t" time="0.00011897087097168" />
  </testsuite>
  <testsuite name="spec_perl_TestBitsUnalignedB64Le_t" errors="0" failures="0" skipped="0" tests="3" time="0.0561411380767822">
    <system-out>1..3
ok 1 - Equals
ok 2 - Equals
ok 3 - Equals
</system-out>
    <testcase name="Equals (931)" classname="spec_perl_TestBitsUnalignedB64Le_t" time="0.000130176544189453" />
    <testcase name="Equals (932)" classname="spec_perl_TestBitsUnalignedB64Le_t" time="5.69820404052734e-05" />
    <testcase name="Equals (933)" classname="spec_perl_TestBitsUnalignedB64Le_t" time="4.38690185546875e-05" />
  </testsuite>
  <testsuite name="spec_perl_TestEnumOfValueInst_t" errors="0" failures="0" skipped="0" tests="4" time="0.0547029972076416">
    <system-out>1..4
ok 1 - Equals
ok 2 - Equals
ok 3 - Equals
ok 4 - Equals
</system-out>
    <testcase name="Equals (934)" classname="spec_perl_TestEnumOfValueInst_t" time="0.000174999237060547" />
    <testcase name="Equals (935)" classname="spec_perl_TestEnumOfValueInst_t" time="9.29832458496094e-05" />
    <testcase name="Equals (936)" classname="spec_perl_TestEnumOfValueInst_t" time="7.51018524169922e-05" />
    <testcase name="Equals (937)" classname="spec_perl_TestEnumOfValueInst_t" time="7.20024108886719e-05" />
  </testsuite>
  <testsuite name="spec_perl_TestSwitchManualEnumInvalidElse_t" errors="0" failures="0" skipped="0" tests="5" time="0.0584330558776855">
    <system-out>1..5
ok 1 - Equals
ok 2 - Equals
ok 3 - Equals
ok 4 - Equals
ok 5 - Equals
</system-out>
    <testcase name="Equals (938)" classname="spec_perl_TestSwitchManualEnumInvalidElse_t" time="0.000177145004272461" />
    <testcase name="Equals (939)" classname="spec_perl_TestSwitchManualEnumInvalidElse_t" time="7.39097595214844e-05" />
    <testcase name="Equals (940)" classname="spec_perl_TestSwitchManualEnumInvalidElse_t" time="7.89165496826172e-05" />
    <testcase name="Equals (941)" classname="spec_perl_TestSwitchManualEnumInvalidElse_t" time="5.81741333007812e-05" />
    <testcase name="Equals (942)" classname="spec_perl_TestSwitchManualEnumInvalidElse_t" time="7.08103179931641e-05" />
  </testsuite>
  <testsuite name="spec_perl_TestInstanceStd_t" errors="0" failures="0" skipped="0" tests="1" time="0.0644140243530273">
    <system-out>1..1
ok 1 - Equals
</system-out>
    <testcase name="Equals (943)" classname="spec_perl_TestInstanceStd_t" time="0.000198841094970703" />
  </testsuite>
  <testsuite name="spec_perl_TestRepeatNStrzDouble_t" errors="0" failures="0" skipped="0" tests="3" time="0.0576989650726318">
    <system-out>1..3
ok 1 - Equals
ok 2 - Equals
ok 3 - Equals
</system-out>
    <testcase name="Equals (944)" classname="spec_perl_TestRepeatNStrzDouble_t" time="0.00014185905456543" />
    <testcase name="Equals (945)" classname="spec_perl_TestRepeatNStrzDouble_t" time="6.91413879394531e-05" />
    <testcase name="Equals (946)" classname="spec_perl_TestRepeatNStrzDouble_t" time="5.98430633544922e-05" />
  </testsuite>
  <testsuite name="spec_perl_TestParamsPassStruct_t" errors="0" failures="1" skipped="1" tests="4" time="0.0555448532104492">
    <system-out>1..4
ok 1 - Equals
ok 2 - Equals
not ok 3 - test_params_pass_struct died (Can't call method &quot;foo&quot; on an undefined value at spec/perl/TestParamsPassStruct.t line 16.)
ok 4 # skip test_params_pass_struct died
</system-out>
    <testcase name="Equals (947)" classname="spec_perl_TestParamsPassStruct_t" time="0.000172138214111328" />
    <testcase name="Equals (948)" classname="spec_perl_TestParamsPassStruct_t" time="9.70363616943359e-05" />
    <testcase name="test_params_pass_struct died (Can't call method &quot;foo&quot; on an undefined value at spec/perl/TestParamsPassStruct.t line 16.) (948)" classname="spec_perl_TestParamsPassStruct_t" time="9.48905944824219e-05">
      <failure message="not ok 3 - test_params_pass_struct died (Can't call method &quot;foo&quot; on an undefined value at spec/perl/TestParamsPassStruct.t line 16.)" type="TAP::Parser::Result::Test"></failure>
    </testcase>
    <testcase name="Unnamed test case 948" classname="spec_perl_TestParamsPassStruct_t" time="0.0011601448059082">
      <skipped message="ok 4 # skip test_params_pass_struct died" />
    </testcase>
  </testsuite>
  <testsuite name="spec_perl_TestTypeTernary_t" errors="0" failures="0" skipped="0" tests="1" time="0.0541701316833496">
    <system-out>1..1
ok 1 - Equals
</system-out>
    <testcase name="Equals (949)" classname="spec_perl_TestTypeTernary_t" time="0.000294208526611328" />
  </testsuite>
  <testsuite name="spec_perl_TestNavParentFalse2_t" errors="0" failures="0" skipped="0" tests="1" time="0.0562729835510254">
    <system-out>1..1
ok 1 - Equals
</system-out>
    <testcase name="Equals (950)" classname="spec_perl_TestNavParentFalse2_t" time="0.00020289421081543" />
  </testsuite>
  <testsuite name="spec_perl_TestSwitchManualStrElse_t" errors="0" failures="0" skipped="0" tests="9" time="0.0594069957733154">
    <system-out>1..9
ok 1 - Equals
ok 2 - Equals
ok 3 - Equals
ok 4 - Equals
ok 5 - Equals
ok 6 - Equals
ok 7 - Equals
ok 8 - Equals
ok 9 - Equals
</system-out>
    <testcase name="Equals (951)" classname="spec_perl_TestSwitchManualStrElse_t" time="0.000185012817382812" />
    <testcase name="Equals (952)" classname="spec_perl_TestSwitchManualStrElse_t" time="8.70227813720703e-05" />
    <testcase name="Equals (953)" classname="spec_perl_TestSwitchManualStrElse_t" time="5.79357147216797e-05" />
    <testcase name="Equals (954)" classname="spec_perl_TestSwitchManualStrElse_t" time="6.98566436767578e-05" />
    <testcase name="Equals (955)" classname="spec_perl_TestSwitchManualStrElse_t" time="6.91413879394531e-05" />
    <testcase name="Equals (956)" classname="spec_perl_TestSwitchManualStrElse_t" time="6.79492950439453e-05" />
    <testcase name="Equals (957)" classname="spec_perl_TestSwitchManualStrElse_t" time="6.38961791992188e-05" />
    <testcase name="Equals (958)" classname="spec_perl_TestSwitchManualStrElse_t" time="6.91413879394531e-05" />
    <testcase name="Equals (959)" classname="spec_perl_TestSwitchManualStrElse_t" time="8.79764556884766e-05" />
  </testsuite>
  <testsuite name="spec_perl_TestBitsSignedShiftB64Le_t" errors="0" failures="0" skipped="0" tests="2" time="0.0555770397186279">
    <system-out>1..2
ok 1 - Equals
ok 2 - Equals
</system-out>
    <testcase name="Equals (960)" classname="spec_perl_TestBitsSignedShiftB64Le_t" time="0.000164031982421875" />
    <testcase name="Equals (961)" classname="spec_perl_TestBitsSignedShiftB64Le_t" time="8.98838043212891e-05" />
  </testsuite>
  <testsuite name="spec_perl_TestIndexToParamEos_t" errors="0" failures="2" skipped="0" tests="7" time="0.0696499347686768">
    <system-out>1..7
ok 1 - Equals
ok 2 - Equals
ok 3 - Equals
ok 4 - Equals
ok 5 - Equals
not ok 6 - Equals
not ok 7 - Equals
</system-out>
    <testcase name="Equals (962)" classname="spec_perl_TestIndexToParamEos_t" time="0.0022130012512207" />
    <testcase name="Equals (963)" classname="spec_perl_TestIndexToParamEos_t" time="6.89029693603516e-05" />
    <testcase name="Equals (964)" classname="spec_perl_TestIndexToParamEos_t" time="4.1961669921875e-05" />
    <testcase name="Equals (965)" classname="spec_perl_TestIndexToParamEos_t" time="3.40938568115234e-05" />
    <testcase name="Equals (966)" classname="spec_perl_TestIndexToParamEos_t" time="3.19480895996094e-05" />
    <testcase name="Equals (967)" classname="spec_perl_TestIndexToParamEos_t" time="4.41074371337891e-05">
      <failure message="not ok 6 - Equals" type="TAP::Parser::Result::Test"></failure>
    </testcase>
    <testcase name="Equals (968)" classname="spec_perl_TestIndexToParamEos_t" time="3.19480895996094e-05">
      <failure message="not ok 7 - Equals" type="TAP::Parser::Result::Test"></failure>
    </testcase>
  </testsuite>
  <testsuite name="spec_perl_TestTypeTernaryOpaque_t" errors="0" failures="0" skipped="0" tests="3" time="0.0602920055389404">
    <system-out>1..3
ok 1 - Equals
ok 2 - Equals
ok 3 - Equals
</system-out>
    <testcase name="Equals (969)" classname="spec_perl_TestTypeTernaryOpaque_t" time="0.000502109527587891" />
    <testcase name="Equals (970)" classname="spec_perl_TestTypeTernaryOpaque_t" time="0.000102043151855469" />
    <testcase name="Equals (971)" classname="spec_perl_TestTypeTernaryOpaque_t" time="0.000129938125610352" />
  </testsuite>
  <testsuite name="spec_perl_TestNavParent3_t" errors="0" failures="0" skipped="0" tests="10" time="0.0650999546051025">
    <system-out>1..10
ok 1 - Equals
ok 2 - Equals
ok 3 - Equals
ok 4 - Equals
ok 5 - Equals
ok 6 - Equals
ok 7 - Equals
ok 8 - Equals
ok 9 - Equals
ok 10 - Equals
</system-out>
    <testcase name="Equals (972)" classname="spec_perl_TestNavParent3_t" time="0.000200986862182617" />
    <testcase name="Equals (973)" classname="spec_perl_TestNavParent3_t" time="7.91549682617188e-05" />
    <testcase name="Equals (974)" classname="spec_perl_TestNavParent3_t" time="8.58306884765625e-05" />
    <testcase name="Equals (975)" classname="spec_perl_TestNavParent3_t" time="5.81741333007812e-05" />
    <testcase name="Equals (976)" classname="spec_perl_TestNavParent3_t" time="7.29560852050781e-05" />
    <testcase name="Equals (977)" classname="spec_perl_TestNavParent3_t" time="0.000181913375854492" />
    <testcase name="Equals (978)" classname="spec_perl_TestNavParent3_t" time="0.000121116638183594" />
    <testcase name="Equals (979)" classname="spec_perl_TestNavParent3_t" time="0.000125885009765625" />
    <testcase name="Equals (980)" classname="spec_perl_TestNavParent3_t" time="0.000135898590087891" />
    <testcase name="Equals (981)" classname="spec_perl_TestNavParent3_t" time="0.000146150588989258" />
  </testsuite>
  <testsuite name="spec_perl_TestNavParentSwitchCast_t" errors="0" failures="0" skipped="0" tests="3" time="0.0569019317626953">
    <system-out>1..3
ok 1 - Equals
ok 2 - Equals
ok 3 - Equals
</system-out>
    <testcase name="Equals (982)" classname="spec_perl_TestNavParentSwitchCast_t" time="0.000385046005249023" />
    <testcase name="Equals (983)" classname="spec_perl_TestNavParentSwitchCast_t" time="0.000102996826171875" />
    <testcase name="Equals (984)" classname="spec_perl_TestNavParentSwitchCast_t" time="0.000120878219604492" />
  </testsuite>
</testsuites>
