<?xml version='1.0' encoding='utf-8'?>
<testsuites>
  <testsuite name="spec_perl_TestDefaultEndianExprInherited_t" errors="0" failures="0" skipped="0" tests="15" time="0.0321969985961914">
    <system-out>1..15
ok 1 - Equals
ok 2 - Equals
ok 3 - Equals
ok 4 - Equals
ok 5 - Equals
ok 6 - Equals
ok 7 - Equals
ok 8 - Equals
ok 9 - Equals
ok 10 - Equals
ok 11 - Equals
ok 12 - Equals
ok 13 - Equals
ok 14 - Equals
ok 15 - Equals
</system-out>
    <testcase name="Equals" classname="spec_perl_TestDefaultEndianExprInherited_t" time="0.00117588043212891" />
    <testcase name="Equals (2)" classname="spec_perl_TestDefaultEndianExprInherited_t" time="5.91278076171875e-05" />
    <testcase name="Equals (3)" classname="spec_perl_TestDefaultEndianExprInherited_t" time="4.48226928710938e-05" />
    <testcase name="Equals (4)" classname="spec_perl_TestDefaultEndianExprInherited_t" time="4.31537628173828e-05" />
    <testcase name="Equals (5)" classname="spec_perl_TestDefaultEndianExprInherited_t" time="6.19888305664062e-05" />
    <testcase name="Equals (6)" classname="spec_perl_TestDefaultEndianExprInherited_t" time="5.98430633544922e-05" />
    <testcase name="Equals (7)" classname="spec_perl_TestDefaultEndianExprInherited_t" time="6.103515625e-05" />
    <testcase name="Equals (8)" classname="spec_perl_TestDefaultEndianExprInherited_t" time="5.91278076171875e-05" />
    <testcase name="Equals (9)" classname="spec_perl_TestDefaultEndianExprInherited_t" time="8.48770141601562e-05" />
    <testcase name="Equals (10)" classname="spec_perl_TestDefaultEndianExprInherited_t" time="6.41345977783203e-05" />
    <testcase name="Equals (11)" classname="spec_perl_TestDefaultEndianExprInherited_t" time="5.19752502441406e-05" />
    <testcase name="Equals (12)" classname="spec_perl_TestDefaultEndianExprInherited_t" time="6.29425048828125e-05" />
    <testcase name="Equals (13)" classname="spec_perl_TestDefaultEndianExprInherited_t" time="6.00814819335938e-05" />
    <testcase name="Equals (14)" classname="spec_perl_TestDefaultEndianExprInherited_t" time="5.88893890380859e-05" />
    <testcase name="Equals (15)" classname="spec_perl_TestDefaultEndianExprInherited_t" time="7.51018524169922e-05" />
  </testsuite>
  <testsuite name="spec_perl_TestExprEnum_t" errors="0" failures="0" skipped="0" tests="3" time="0.0305881500244141">
    <system-out>1..3
ok 1 - Equals
ok 2 - Equals
ok 3 - Equals
</system-out>
    <testcase name="Equals (16)" classname="spec_perl_TestExprEnum_t" time="0.00119686126708984" />
    <testcase name="Equals (17)" classname="spec_perl_TestExprEnum_t" time="7.31945037841797e-05" />
    <testcase name="Equals (18)" classname="spec_perl_TestExprEnum_t" time="3.69548797607422e-05" />
  </testsuite>
  <testsuite name="spec_perl_TestImportsAbsRel_t" errors="0" failures="0" skipped="0" tests="3" time="0.0315759181976318">
    <system-out>1..3
ok 1 - Equals
ok 2 - Equals
ok 3 - Equals
</system-out>
    <testcase name="Equals (19)" classname="spec_perl_TestImportsAbsRel_t" time="0.00117397308349609" />
    <testcase name="Equals (20)" classname="spec_perl_TestImportsAbsRel_t" time="6.19888305664062e-05" />
    <testcase name="Equals (21)" classname="spec_perl_TestImportsAbsRel_t" time="4.88758087158203e-05" />
  </testsuite>
  <testsuite name="spec_perl_TestBitsUnalignedB32Be_t" errors="0" failures="0" skipped="0" tests="3" time="0.0308449268341064">
    <system-out>1..3
ok 1 - Equals
ok 2 - Equals
ok 3 - Equals
</system-out>
    <testcase name="Equals (22)" classname="spec_perl_TestBitsUnalignedB32Be_t" time="0.000185966491699219" />
    <testcase name="Equals (23)" classname="spec_perl_TestBitsUnalignedB32Be_t" time="4.00543212890625e-05" />
    <testcase name="Equals (24)" classname="spec_perl_TestBitsUnalignedB32Be_t" time="3.00407409667969e-05" />
  </testsuite>
  <testsuite name="spec_perl_TestDefaultBitEndianMod_t" errors="0" failures="0" skipped="0" tests="4" time="0.0313520431518555">
    <system-out>1..4
ok 1 - Equals
ok 2 - Equals
ok 3 - Equals
ok 4 - Equals
</system-out>
    <testcase name="Equals (25)" classname="spec_perl_TestDefaultBitEndianMod_t" time="0.0011909008026123" />
    <testcase name="Equals (26)" classname="spec_perl_TestDefaultBitEndianMod_t" time="6.91413879394531e-05" />
    <testcase name="Equals (27)" classname="spec_perl_TestDefaultBitEndianMod_t" time="3.69548797607422e-05" />
    <testcase name="Equals (28)" classname="spec_perl_TestDefaultBitEndianMod_t" time="4.38690185546875e-05" />
  </testsuite>
  <testsuite name="spec_perl_TestBcdUserTypeLe_t" errors="0" failures="0" skipped="0" tests="6" time="0.0333960056304932">
    <system-out>1..6
ok 1 - Equals
ok 2 - Equals
ok 3 - Equals
ok 4 - Equals
ok 5 - Equals
ok 6 - Equals
</system-out>
    <testcase name="Equals (29)" classname="spec_perl_TestBcdUserTypeLe_t" time="0.00150704383850098" />
    <testcase name="Equals (30)" classname="spec_perl_TestBcdUserTypeLe_t" time="6.4849853515625e-05" />
    <testcase name="Equals (31)" classname="spec_perl_TestBcdUserTypeLe_t" time="5.31673431396484e-05" />
    <testcase name="Equals (32)" classname="spec_perl_TestBcdUserTypeLe_t" time="7.58171081542969e-05" />
    <testcase name="Equals (33)" classname="spec_perl_TestBcdUserTypeLe_t" time="8.10623168945312e-05" />
    <testcase name="Equals (34)" classname="spec_perl_TestBcdUserTypeLe_t" time="7.00950622558594e-05" />
  </testsuite>
  <testsuite name="spec_perl_TestEnumLongRangeU_t" errors="0" failures="0" skipped="0" tests="4" time="0.030609130859375">
    <system-out>1..4
ok 1 - Equals
ok 2 - Equals
ok 3 - Equals
ok 4 - Equals
</system-out>
    <testcase name="Equals (35)" classname="spec_perl_TestEnumLongRangeU_t" time="0.00125789642333984" />
    <testcase name="Equals (36)" classname="spec_perl_TestEnumLongRangeU_t" time="7.39097595214844e-05" />
    <testcase name="Equals (37)" classname="spec_perl_TestEnumLongRangeU_t" time="3.60012054443359e-05" />
    <testcase name="Equals (38)" classname="spec_perl_TestEnumLongRangeU_t" time="3.31401824951172e-05" />
  </testsuite>
  <testsuite name="spec_perl_TestRepeatEosBit_t" errors="0" failures="0" skipped="0" tests="1" time="0.0306949615478516">
    <system-out>1..1
ok 1 - Equals
</system-out>
    <testcase name="Equals (39)" classname="spec_perl_TestRepeatEosBit_t" time="0.00121688842773438" />
  </testsuite>
  <testsuite name="spec_perl_TestParamsPassArrayUsertype_t" errors="0" failures="1" skipped="4" tests="5" time="0.0310320854187012">
    <system-out>1..5
not ok 1 - test_params_pass_array_usertype died (Can't use an undefined value as an ARRAY reference at compiled/perl/ParamsPassArrayUsertype.pm line 123.)
ok 2 # skip test_params_pass_array_usertype died
ok 3 # skip test_params_pass_array_usertype died
ok 4 # skip test_params_pass_array_usertype died
ok 5 # skip test_params_pass_array_usertype died
</system-out>
    <testcase name="test_params_pass_array_usertype died (Can't use an undefined value as an ARRAY reference at compiled/perl/ParamsPassArrayUsertype.pm line 123.) (39)" classname="spec_perl_TestParamsPassArrayUsertype_t" time="0.00106906890869141">
      <failure message="not ok 1 - test_params_pass_array_usertype died (Can't use an undefined value as an ARRAY reference at compiled/perl/ParamsPassArrayUsertype.pm line 123.)" type="TAP::Parser::Result::Test"></failure>
    </testcase>
    <testcase name="Unnamed test case 39" classname="spec_perl_TestParamsPassArrayUsertype_t" time="0.000103950500488281">
      <skipped message="ok 2 # skip test_params_pass_array_usertype died" />
    </testcase>
    <testcase name="Unnamed test case 40" classname="spec_perl_TestParamsPassArrayUsertype_t" time="4.69684600830078e-05">
      <skipped message="ok 3 # skip test_params_pass_array_usertype died" />
    </testcase>
    <testcase name="Unnamed test case 41" classname="spec_perl_TestParamsPassArrayUsertype_t" time="3.814697265625e-05">
      <skipped message="ok 4 # skip test_params_pass_array_usertype died" />
    </testcase>
    <testcase name="Unnamed test case 42" classname="spec_perl_TestParamsPassArrayUsertype_t" time="3.60012054443359e-05">
      <skipped message="ok 5 # skip test_params_pass_array_usertype died" />
    </testcase>
  </testsuite>
  <testsuite name="spec_perl_TestIntegers_t" errors="0" failures="0" skipped="0" tests="20" time="0.0321321487426758">
    <system-out>1..20
ok 1 - Equals
ok 2 - Equals
ok 3 - Equals
ok 4 - Equals
ok 5 - Equals
ok 6 - Equals
ok 7 - Equals
ok 8 - Equals
ok 9 - Equals
ok 10 - Equals
ok 11 - Equals
ok 12 - Equals
ok 13 - Equals
ok 14 - Equals
ok 15 - Equals
ok 16 - Equals
ok 17 - Equals
ok 18 - Equals
ok 19 - Equals
ok 20 - Equals
</system-out>
    <testcase name="Equals (42)" classname="spec_perl_TestIntegers_t" time="0.00120687484741211" />
    <testcase name="Equals (43)" classname="spec_perl_TestIntegers_t" time="6.19888305664062e-05" />
    <testcase name="Equals (44)" classname="spec_perl_TestIntegers_t" time="3.91006469726562e-05" />
    <testcase name="Equals (45)" classname="spec_perl_TestIntegers_t" time="4.1961669921875e-05" />
    <testcase name="Equals (46)" classname="spec_perl_TestIntegers_t" time="5.10215759277344e-05" />
    <testcase name="Equals (47)" classname="spec_perl_TestIntegers_t" time="4.1961669921875e-05" />
    <testcase name="Equals (48)" classname="spec_perl_TestIntegers_t" time="4.00543212890625e-05" />
    <testcase name="Equals (49)" classname="spec_perl_TestIntegers_t" time="6.89029693603516e-05" />
    <testcase name="Equals (50)" classname="spec_perl_TestIntegers_t" time="5.60283660888672e-05" />
    <testcase name="Equals (51)" classname="spec_perl_TestIntegers_t" time="6.00814819335938e-05" />
    <testcase name="Equals (52)" classname="spec_perl_TestIntegers_t" time="6.38961791992188e-05" />
    <testcase name="Equals (53)" classname="spec_perl_TestIntegers_t" time="5.00679016113281e-05" />
    <testcase name="Equals (54)" classname="spec_perl_TestIntegers_t" time="6.103515625e-05" />
    <testcase name="Equals (55)" classname="spec_perl_TestIntegers_t" time="5.69820404052734e-05" />
    <testcase name="Equals (56)" classname="spec_perl_TestIntegers_t" time="6.38961791992188e-05" />
    <testcase name="Equals (57)" classname="spec_perl_TestIntegers_t" time="6.00814819335938e-05" />
    <testcase name="Equals (58)" classname="spec_perl_TestIntegers_t" time="5.29289245605469e-05" />
    <testcase name="Equals (59)" classname="spec_perl_TestIntegers_t" time="6.103515625e-05" />
    <testcase name="Equals (60)" classname="spec_perl_TestIntegers_t" time="5.88893890380859e-05" />
    <testcase name="Equals (61)" classname="spec_perl_TestIntegers_t" time="6.103515625e-05" />
  </testsuite>
  <testsuite name="spec_perl_TestSwitchManualStr_t" errors="0" failures="0" skipped="0" tests="9" time="0.0365288257598877">
    <system-out>1..9
ok 1 - Equals
ok 2 - Equals
ok 3 - Equals
ok 4 - Equals
ok 5 - Equals
ok 6 - Equals
ok 7 - Equals
ok 8 - Equals
ok 9 - Equals
</system-out>
    <testcase name="Equals (62)" classname="spec_perl_TestSwitchManualStr_t" time="0.00125694274902344" />
    <testcase name="Equals (63)" classname="spec_perl_TestSwitchManualStr_t" time="6.50882720947266e-05" />
    <testcase name="Equals (64)" classname="spec_perl_TestSwitchManualStr_t" time="3.69548797607422e-05" />
    <testcase name="Equals (65)" classname="spec_perl_TestSwitchManualStr_t" time="4.41074371337891e-05" />
    <testcase name="Equals (66)" classname="spec_perl_TestSwitchManualStr_t" time="4.1961669921875e-05" />
    <testcase name="Equals (67)" classname="spec_perl_TestSwitchManualStr_t" time="4.10079956054688e-05" />
    <testcase name="Equals (68)" classname="spec_perl_TestSwitchManualStr_t" time="6.38961791992188e-05" />
    <testcase name="Equals (69)" classname="spec_perl_TestSwitchManualStr_t" time="6.29425048828125e-05" />
    <testcase name="Equals (70)" classname="spec_perl_TestSwitchManualStr_t" time="4.81605529785156e-05" />
  </testsuite>
  <testsuite name="spec_perl_TestExpr1_t" errors="0" failures="0" skipped="0" tests="4" time="0.0345067977905273">
    <system-out>1..4
ok 1 - Equals
ok 2 - Equals
ok 3 - Equals
ok 4 - Equals
</system-out>
    <testcase name="Equals (71)" classname="spec_perl_TestExpr1_t" time="0.00107908248901367" />
    <testcase name="Equals (72)" classname="spec_perl_TestExpr1_t" time="6.38961791992188e-05" />
    <testcase name="Equals (73)" classname="spec_perl_TestExpr1_t" time="3.69548797607422e-05" />
    <testcase name="Equals (74)" classname="spec_perl_TestExpr1_t" time="4.41074371337891e-05" />
  </testsuite>
  <testsuite name="spec_perl_TestEnum1_t" errors="0" failures="0" skipped="0" tests="2" time="0.0310678482055664">
    <system-out>1..2
ok 1 - Equals
ok 2 - Equals
</system-out>
    <testcase name="Equals (75)" classname="spec_perl_TestEnum1_t" time="0.00121808052062988" />
    <testcase name="Equals (76)" classname="spec_perl_TestEnum1_t" time="6.103515625e-05" />
  </testsuite>
  <testsuite name="spec_perl_TestPositionAbs_t" errors="0" failures="0" skipped="0" tests="2" time="0.0344870090484619">
    <system-out>1..2
ok 1 - Equals
ok 2 - Equals
</system-out>
    <testcase name="Equals (77)" classname="spec_perl_TestPositionAbs_t" time="0.0010991096496582" />
    <testcase name="Equals (78)" classname="spec_perl_TestPositionAbs_t" time="0.000115871429443359" />
  </testsuite>
  <testsuite name="spec_perl_TestInstanceIoUser_t" errors="0" failures="0" skipped="0" tests="4" time="0.0358998775482178">
    <system-out>1..4
ok 1 - Equals
ok 2 - Equals
ok 3 - Equals
ok 4 - Equals
</system-out>
    <testcase name="Equals (79)" classname="spec_perl_TestInstanceIoUser_t" time="0.00154805183410645" />
    <testcase name="Equals (80)" classname="spec_perl_TestInstanceIoUser_t" time="5.48362731933594e-05" />
    <testcase name="Equals (81)" classname="spec_perl_TestInstanceIoUser_t" time="7.82012939453125e-05" />
    <testcase name="Equals (82)" classname="spec_perl_TestInstanceIoUser_t" time="7.79628753662109e-05" />
  </testsuite>
  <testsuite name="spec_perl_TestCombineStr_t" errors="0" failures="0" skipped="0" tests="15" time="0.0358109474182129">
    <system-out>1..15
ok 1 - Equals
ok 2 - Equals
ok 3 - Equals
ok 4 - Equals
ok 5 - Equals
ok 6 - Equals
ok 7 - Equals
ok 8 - Equals
ok 9 - Equals
ok 10 - Equals
ok 11 - Equals
ok 12 - Equals
ok 13 - Equals
ok 14 - Equals
ok 15 - Equals
</system-out>
    <testcase name="Equals (83)" classname="spec_perl_TestCombineStr_t" time="0.00125408172607422" />
    <testcase name="Equals (84)" classname="spec_perl_TestCombineStr_t" time="6.60419464111328e-05" />
    <testcase name="Equals (85)" classname="spec_perl_TestCombineStr_t" time="8.20159912109375e-05" />
    <testcase name="Equals (86)" classname="spec_perl_TestCombineStr_t" time="4.88758087158203e-05" />
    <testcase name="Equals (87)" classname="spec_perl_TestCombineStr_t" time="7.91549682617188e-05" />
    <testcase name="Equals (88)" classname="spec_perl_TestCombineStr_t" time="5.29289245605469e-05" />
    <testcase name="Equals (89)" classname="spec_perl_TestCombineStr_t" time="6.69956207275391e-05" />
    <testcase name="Equals (90)" classname="spec_perl_TestCombineStr_t" time="6.00814819335938e-05" />
    <testcase name="Equals (91)" classname="spec_perl_TestCombineStr_t" time="7.70092010498047e-05" />
    <testcase name="Equals (92)" classname="spec_perl_TestCombineStr_t" time="4.07695770263672e-05" />
    <testcase name="Equals (93)" classname="spec_perl_TestCombineStr_t" time="6.31809234619141e-05" />
    <testcase name="Equals (94)" classname="spec_perl_TestCombineStr_t" time="4.98294830322266e-05" />
    <testcase name="Equals (95)" classname="spec_perl_TestCombineStr_t" time="6.41345977783203e-05" />
    <testcase name="Equals (96)" classname="spec_perl_TestCombineStr_t" time="5.79357147216797e-05" />
    <testcase name="Equals (97)" classname="spec_perl_TestCombineStr_t" time="6.103515625e-05" />
  </testsuite>
  <testsuite name="spec_perl_TestProcessCustom_t" errors="1" failures="0" skipped="0" tests="0" time="0.0281400680541992">
    <system-out></system-out>
    <testcase name="Test died too soon, even before plan. (97)" classname="spec_perl_TestProcessCustom_t" time="0.0281400680541992">
      <failure message="The test suite died before a plan was produced. You need to have a plan." type="Plan">No plan</failure>
    </testcase>
  </testsuite>
  <testsuite name="spec_perl_TestEnumInvalid_t" errors="0" failures="0" skipped="0" tests="2" time="0.0305249691009521">
    <system-out>1..2
ok 1 - Equals
ok 2 - Equals
</system-out>
    <testcase name="Equals (98)" classname="spec_perl_TestEnumInvalid_t" time="0.00116205215454102" />
    <testcase name="Equals (99)" classname="spec_perl_TestEnumInvalid_t" time="7.08103179931641e-05" />
  </testsuite>
  <testsuite name="spec_perl_TestNavParent3_t" errors="0" failures="0" skipped="0" tests="10" time="0.0355970859527588">
    <system-out>1..10
ok 1 - Equals
ok 2 - Equals
ok 3 - Equals
ok 4 - Equals
ok 5 - Equals
ok 6 - Equals
ok 7 - Equals
ok 8 - Equals
ok 9 - Equals
ok 10 - Equals
</system-out>
    <testcase name="Equals (100)" classname="spec_perl_TestNavParent3_t" time="0.00115203857421875" />
    <testcase name="Equals (101)" classname="spec_perl_TestNavParent3_t" time="6.19888305664062e-05" />
    <testcase name="Equals (102)" classname="spec_perl_TestNavParent3_t" time="9.01222229003906e-05" />
    <testcase name="Equals (103)" classname="spec_perl_TestNavParent3_t" time="4.69684600830078e-05" />
    <testcase name="Equals (104)" classname="spec_perl_TestNavParent3_t" time="6.69956207275391e-05" />
    <testcase name="Equals (105)" classname="spec_perl_TestNavParent3_t" time="9.58442687988281e-05" />
    <testcase name="Equals (106)" classname="spec_perl_TestNavParent3_t" time="6.50882720947266e-05" />
    <testcase name="Equals (107)" classname="spec_perl_TestNavParent3_t" time="4.1961669921875e-05" />
    <testcase name="Equals (108)" classname="spec_perl_TestNavParent3_t" time="7.00950622558594e-05" />
    <testcase name="Equals (109)" classname="spec_perl_TestNavParent3_t" time="7.70092010498047e-05" />
  </testsuite>
  <testsuite name="spec_perl_TestIntegersDoubleOverflow_t" errors="0" failures="0" skipped="0" tests="8" time="0.031404972076416">
    <system-out>1..8
ok 1 - Equals
ok 2 - Equals
ok 3 - Equals
ok 4 - Equals
ok 5 - Equals
ok 6 - Equals
ok 7 - Equals
ok 8 - Equals
</system-out>
    <testcase name="Equals (110)" classname="spec_perl_TestIntegersDoubleOverflow_t" time="0.00116205215454102" />
    <testcase name="Equals (111)" classname="spec_perl_TestIntegersDoubleOverflow_t" time="6.103515625e-05" />
    <testcase name="Equals (112)" classname="spec_perl_TestIntegersDoubleOverflow_t" time="3.60012054443359e-05" />
    <testcase name="Equals (113)" classname="spec_perl_TestIntegersDoubleOverflow_t" time="5.50746917724609e-05" />
    <testcase name="Equals (114)" classname="spec_perl_TestIntegersDoubleOverflow_t" time="4.29153442382812e-05" />
    <testcase name="Equals (115)" classname="spec_perl_TestIntegersDoubleOverflow_t" time="4.69684600830078e-05" />
    <testcase name="Equals (116)" classname="spec_perl_TestIntegersDoubleOverflow_t" time="4.29153442382812e-05" />
    <testcase name="Equals (117)" classname="spec_perl_TestIntegersDoubleOverflow_t" time="6.81877136230469e-05" />
  </testsuite>
  <testsuite name="spec_perl_TestExprMod_t" errors="0" failures="0" skipped="0" tests="6" time="0.0307159423828125">
    <system-out>1..6
ok 1 - Equals
ok 2 - Equals
ok 3 - Equals
ok 4 - Equals
ok 5 - Equals
ok 6 - Equals
</system-out>
    <testcase name="Equals (118)" classname="spec_perl_TestExprMod_t" time="0.00111103057861328" />
    <testcase name="Equals (119)" classname="spec_perl_TestExprMod_t" time="6.4849853515625e-05" />
    <testcase name="Equals (120)" classname="spec_perl_TestExprMod_t" time="3.69548797607422e-05" />
    <testcase name="Equals (121)" classname="spec_perl_TestExprMod_t" time="4.50611114501953e-05" />
    <testcase name="Equals (122)" classname="spec_perl_TestExprMod_t" time="4.31537628173828e-05" />
    <testcase name="Equals (123)" classname="spec_perl_TestExprMod_t" time="4.07695770263672e-05" />
  </testsuite>
  <testsuite name="spec_perl_TestExprOpsParens_t" errors="0" failures="1" skipped="0" tests="9" time="0.0317678451538086">
    <system-out>1..9
ok 1 - Equals
ok 2 - Equals
ok 3 - Equals
ok 4 - Equals
ok 5 - Equals
ok 6 - Equals
not ok 7 - Equals
ok 8 - Equals
ok 9 - Equals
</system-out>
    <testcase name="Equals (124)" classname="spec_perl_TestExprOpsParens_t" time="0.00109696388244629" />
    <testcase name="Equals (125)" classname="spec_perl_TestExprOpsParens_t" time="6.69956207275391e-05" />
    <testcase name="Equals (126)" classname="spec_perl_TestExprOpsParens_t" time="3.69548797607422e-05" />
    <testcase name="Equals (127)" classname="spec_perl_TestExprOpsParens_t" time="4.60147857666016e-05" />
    <testcase name="Equals (128)" classname="spec_perl_TestExprOpsParens_t" time="4.1961669921875e-05" />
    <testcase name="Equals (129)" classname="spec_perl_TestExprOpsParens_t" time="7.00950622558594e-05" />
    <testcase name="Equals (130)" classname="spec_perl_TestExprOpsParens_t" time="7.70092010498047e-05">
      <failure message="not ok 7 - Equals" type="TAP::Parser::Result::Test"></failure>
    </testcase>
    <testcase name="Equals (131)" classname="spec_perl_TestExprOpsParens_t" time="0.000738859176635742" />
    <testcase name="Equals (132)" classname="spec_perl_TestExprOpsParens_t" time="6.00814819335938e-05" />
  </testsuite>
  <testsuite name="spec_perl_TestDefaultEndianMod_t" errors="0" failures="0" skipped="0" tests="3" time="0.0308079719543457">
    <system-out>1..3
ok 1 - Equals
ok 2 - Equals
ok 3 - Equals
</system-out>
    <testcase name="Equals (133)" classname="spec_perl_TestDefaultEndianMod_t" time="0.00115180015563965" />
    <testcase name="Equals (134)" classname="spec_perl_TestDefaultEndianMod_t" time="7.51018524169922e-05" />
    <testcase name="Equals (135)" classname="spec_perl_TestDefaultEndianMod_t" time="3.69548797607422e-05" />
  </testsuite>
  <testsuite name="spec_perl_TestExprIfIntOps_t" errors="0" failures="0" skipped="0" tests="2" time="0.0306038856506348">
    <system-out>1..2
ok 1 - Equals
ok 2 - Equals
</system-out>
    <testcase name="Equals (136)" classname="spec_perl_TestExprIfIntOps_t" time="0.00114107131958008" />
    <testcase name="Equals (137)" classname="spec_perl_TestExprIfIntOps_t" time="6.89029693603516e-05" />
  </testsuite>
  <testsuite name="spec_perl_TestBitsShiftByB32Le_t" errors="0" failures="0" skipped="0" tests="2" time="0.0300190448760986">
    <system-out>1..2
ok 1 - Equals
ok 2 - Equals
</system-out>
    <testcase name="Equals (138)" classname="spec_perl_TestBitsShiftByB32Le_t" time="0.00110197067260742" />
    <testcase name="Equals (139)" classname="spec_perl_TestBitsShiftByB32Le_t" time="6.103515625e-05" />
  </testsuite>
  <testsuite name="spec_perl_TestExpr0_t" errors="0" failures="0" skipped="0" tests="2" time="0.030242919921875">
    <system-out>1..2
ok 1 - Equals
ok 2 - Equals
</system-out>
    <testcase name="Equals (140)" classname="spec_perl_TestExpr0_t" time="0.00106382369995117" />
    <testcase name="Equals (141)" classname="spec_perl_TestExpr0_t" time="5.91278076171875e-05" />
  </testsuite>
  <testsuite name="spec_perl_TestExprBytesNonLiteral_t" errors="0" failures="0" skipped="0" tests="3" time="0.0312681198120117">
    <system-out>1..3
ok 1 - Equals
ok 2 - Equals
ok 3 - Equals
</system-out>
    <testcase name="Equals (142)" classname="spec_perl_TestExprBytesNonLiteral_t" time="0.00117921829223633" />
    <testcase name="Equals (143)" classname="spec_perl_TestExprBytesNonLiteral_t" time="7.48634338378906e-05" />
    <testcase name="Equals (144)" classname="spec_perl_TestExprBytesNonLiteral_t" time="3.814697265625e-05" />
  </testsuite>
  <testsuite name="spec_perl_TestEofExceptionBytes_t" errors="0" failures="0" skipped="0" tests="1" time="0.0321040153503418">
    <system-out>1..1
ok 1 - threw /^Requested \d+ bytes, but only \d+ bytes available/
</system-out>
    <testcase name="threw /^Requested \d+ bytes, but only \d+ bytes available/ (144)" classname="spec_perl_TestEofExceptionBytes_t" time="0.00120902061462402" />
  </testsuite>
  <testsuite name="spec_perl_TestRepeatNStruct_t" errors="0" failures="0" skipped="0" tests="5" time="0.0305061340332031">
    <system-out>1..5
ok 1 - Equals
ok 2 - Equals
ok 3 - Equals
ok 4 - Equals
ok 5 - Equals
</system-out>
    <testcase name="Equals (145)" classname="spec_perl_TestRepeatNStruct_t" time="0.00114798545837402" />
    <testcase name="Equals (146)" classname="spec_perl_TestRepeatNStruct_t" time="6.29425048828125e-05" />
    <testcase name="Equals (147)" classname="spec_perl_TestRepeatNStruct_t" time="3.60012054443359e-05" />
    <testcase name="Equals (148)" classname="spec_perl_TestRepeatNStruct_t" time="4.41074371337891e-05" />
    <testcase name="Equals (149)" classname="spec_perl_TestRepeatNStruct_t" time="4.07695770263672e-05" />
  </testsuite>
  <testsuite name="spec_perl_TestMetaXref_t" errors="0" failures="0" skipped="1" tests="1" time="0.0307579040527344">
    <system-out>1..1
ok 1 # skip MetaXref=HASH(0x563acd3d3f18)
</system-out>
    <testcase name="Unnamed test case 149" classname="spec_perl_TestMetaXref_t" time="0.00133895874023438">
      <skipped message="ok 1 # skip MetaXref=HASH(0x563acd3d3f18)" />
    </testcase>
  </testsuite>
  <testsuite name="spec_perl_TestProcessRepeatBytes_t" errors="0" failures="0" skipped="0" tests="2" time="0.0302779674530029">
    <system-out>1..2
ok 1 - Equals
ok 2 - Equals
</system-out>
    <testcase name="Equals (150)" classname="spec_perl_TestProcessRepeatBytes_t" time="0.00110197067260742" />
    <testcase name="Equals (151)" classname="spec_perl_TestProcessRepeatBytes_t" time="6.4849853515625e-05" />
  </testsuite>
  <testsuite name="spec_perl_TestBitsUnalignedB64Be_t" errors="0" failures="0" skipped="0" tests="3" time="0.0320079326629639">
    <system-out>1..3
ok 1 - Equals
ok 2 - Equals
ok 3 - Equals
</system-out>
    <testcase name="Equals (152)" classname="spec_perl_TestBitsUnalignedB64Be_t" time="0.00150704383850098" />
    <testcase name="Equals (153)" classname="spec_perl_TestBitsUnalignedB64Be_t" time="0.000236988067626953" />
    <testcase name="Equals (154)" classname="spec_perl_TestBitsUnalignedB64Be_t" time="0.000163078308105469" />
  </testsuite>
  <testsuite name="spec_perl_TestIfStruct_t" errors="0" failures="0" skipped="0" tests="7" time="0.0352568626403809">
    <system-out>1..7
ok 1 - Equals
ok 2 - Equals
ok 3 - Equals
ok 4 - Equals
ok 5 - Equals
ok 6 - Equals
ok 7 - Equals
</system-out>
    <testcase name="Equals (155)" classname="spec_perl_TestIfStruct_t" time="0.00127983093261719" />
    <testcase name="Equals (156)" classname="spec_perl_TestIfStruct_t" time="6.19888305664062e-05" />
    <testcase name="Equals (157)" classname="spec_perl_TestIfStruct_t" time="3.69548797607422e-05" />
    <testcase name="Equals (158)" classname="spec_perl_TestIfStruct_t" time="5.22136688232422e-05" />
    <testcase name="Equals (159)" classname="spec_perl_TestIfStruct_t" time="4.38690185546875e-05" />
    <testcase name="Equals (160)" classname="spec_perl_TestIfStruct_t" time="4.29153442382812e-05" />
    <testcase name="Equals (161)" classname="spec_perl_TestIfStruct_t" time="5.91278076171875e-05" />
  </testsuite>
  <testsuite name="spec_perl_TestSwitchManualIntElse_t" errors="0" failures="0" skipped="0" tests="9" time="0.0366029739379883">
    <system-out>1..9
ok 1 - Equals
ok 2 - Equals
ok 3 - Equals
ok 4 - Equals
ok 5 - Equals
ok 6 - Equals
ok 7 - Equals
ok 8 - Equals
ok 9 - Equals
</system-out>
    <testcase name="Equals (162)" classname="spec_perl_TestSwitchManualIntElse_t" time="0.00133514404296875" />
    <testcase name="Equals (163)" classname="spec_perl_TestSwitchManualIntElse_t" time="5.48362731933594e-05" />
    <testcase name="Equals (164)" classname="spec_perl_TestSwitchManualIntElse_t" time="4.91142272949219e-05" />
    <testcase name="Equals (165)" classname="spec_perl_TestSwitchManualIntElse_t" time="4.29153442382812e-05" />
    <testcase name="Equals (166)" classname="spec_perl_TestSwitchManualIntElse_t" time="6.103515625e-05" />
    <testcase name="Equals (167)" classname="spec_perl_TestSwitchManualIntElse_t" time="5.41210174560547e-05" />
    <testcase name="Equals (168)" classname="spec_perl_TestSwitchManualIntElse_t" time="6.38961791992188e-05" />
    <testcase name="Equals (169)" classname="spec_perl_TestSwitchManualIntElse_t" time="5.19752502441406e-05" />
    <testcase name="Equals (170)" classname="spec_perl_TestSwitchManualIntElse_t" time="6.41345977783203e-05" />
  </testsuite>
  <testsuite name="spec_perl_TestEnumIntRangeU_t" errors="0" failures="0" skipped="0" tests="2" time="0.0306131839752197">
    <system-out>1..2
ok 1 - Equals
ok 2 - Equals
</system-out>
    <testcase name="Equals (171)" classname="spec_perl_TestEnumIntRangeU_t" time="0.00132513046264648" />
    <testcase name="Equals (172)" classname="spec_perl_TestEnumIntRangeU_t" time="8.48770141601562e-05" />
  </testsuite>
  <testsuite name="spec_perl_TestNestedTypeParam_t" errors="0" failures="2" skipped="0" tests="2" time="0.0359721183776855">
    <system-out>1..2
not ok 1 - Equals
not ok 2 - Equals
</system-out>
    <testcase name="Equals (173)" classname="spec_perl_TestNestedTypeParam_t" time="0.0015721321105957">
      <failure message="not ok 1 - Equals" type="TAP::Parser::Result::Test"></failure>
    </testcase>
    <testcase name="Equals (174)" classname="spec_perl_TestNestedTypeParam_t" time="8.20159912109375e-05">
      <failure message="not ok 2 - Equals" type="TAP::Parser::Result::Test"></failure>
    </testcase>
  </testsuite>
  <testsuite name="spec_perl_TestStrLiterals2_t" errors="0" failures="0" skipped="0" tests="4" time="0.0307149887084961">
    <system-out>1..4
ok 1 - Equals
ok 2 - Equals
ok 3 - Equals
ok 4 - Equals
</system-out>
    <testcase name="Equals (175)" classname="spec_perl_TestStrLiterals2_t" time="0.00115299224853516" />
    <testcase name="Equals (176)" classname="spec_perl_TestStrLiterals2_t" time="6.79492950439453e-05" />
    <testcase name="Equals (177)" classname="spec_perl_TestStrLiterals2_t" time="4.50611114501953e-05" />
    <testcase name="Equals (178)" classname="spec_perl_TestStrLiterals2_t" time="4.50611114501953e-05" />
  </testsuite>
  <testsuite name="spec_perl_TestPositionInSeq_t" errors="0" failures="0" skipped="0" tests="1" time="0.0305659770965576">
    <system-out>1..1
ok 1 - Equals
</system-out>
    <testcase name="Equals (179)" classname="spec_perl_TestPositionInSeq_t" time="0.00118398666381836" />
  </testsuite>
  <testsuite name="spec_perl_TestParamsEnum_t" errors="0" failures="1" skipped="0" tests="2" time="0.0315752029418945">
    <system-out>1..2
ok 1 - Equals
not ok 2 - Equals
</system-out>
    <testcase name="Equals (180)" classname="spec_perl_TestParamsEnum_t" time="0.00116395950317383" />
    <testcase name="Equals (181)" classname="spec_perl_TestParamsEnum_t" time="6.98566436767578e-05">
      <failure message="not ok 2 - Equals" type="TAP::Parser::Result::Test"></failure>
    </testcase>
  </testsuite>
  <testsuite name="spec_perl_TestSwitchRepeatExpr_t" errors="0" failures="0" skipped="0" tests="3" time="0.0311791896820068">
    <system-out>1..3
ok 1 - Equals
ok 2 - Equals
ok 3 - Equals
</system-out>
    <testcase name="Equals (182)" classname="spec_perl_TestSwitchRepeatExpr_t" time="0.00154900550842285" />
    <testcase name="Equals (183)" classname="spec_perl_TestSwitchRepeatExpr_t" time="5.88893890380859e-05" />
    <testcase name="Equals (184)" classname="spec_perl_TestSwitchRepeatExpr_t" time="5.69820404052734e-05" />
  </testsuite>
  <testsuite name="spec_perl_TestCombineEnum_t" errors="0" failures="0" skipped="0" tests="3" time="0.0304999351501465">
    <system-out>1..3
ok 1 - Equals
ok 2 - Equals
ok 3 - Equals
</system-out>
    <testcase name="Equals (185)" classname="spec_perl_TestCombineEnum_t" time="0.00108981132507324" />
    <testcase name="Equals (186)" classname="spec_perl_TestCombineEnum_t" time="6.19888305664062e-05" />
    <testcase name="Equals (187)" classname="spec_perl_TestCombineEnum_t" time="3.60012054443359e-05" />
  </testsuite>
  <testsuite name="spec_perl_TestNavParentOverride_t" errors="0" failures="0" skipped="0" tests="3" time="0.0306611061096191">
    <system-out>1..3
ok 1 - Equals
ok 2 - Equals
ok 3 - Equals
</system-out>
    <testcase name="Equals (188)" classname="spec_perl_TestNavParentOverride_t" time="0.00115489959716797" />
    <testcase name="Equals (189)" classname="spec_perl_TestNavParentOverride_t" time="6.81877136230469e-05" />
    <testcase name="Equals (190)" classname="spec_perl_TestNavParentOverride_t" time="3.69548797607422e-05" />
  </testsuite>
  <testsuite name="spec_perl_TestImportsAbsAbs_t" errors="0" failures="0" skipped="0" tests="3" time="0.0309178829193115">
    <system-out>1..3
ok 1 - Equals
ok 2 - Equals
ok 3 - Equals
</system-out>
    <testcase name="Equals (191)" classname="spec_perl_TestImportsAbsAbs_t" time="0.00115108489990234" />
    <testcase name="Equals (192)" classname="spec_perl_TestImportsAbsAbs_t" time="7.29560852050781e-05" />
    <testcase name="Equals (193)" classname="spec_perl_TestImportsAbsAbs_t" time="3.69548797607422e-05" />
  </testsuite>
  <testsuite name="spec_perl_TestValidEqStrEncodings_t" errors="0" failures="0" skipped="1" tests="1" time="0.03961181640625">
    <system-out>1..1
ok 1 # skip ValidEqStrEncodings=HASH(0x5621926f3c40)
</system-out>
    <testcase name="Unnamed test case 193" classname="spec_perl_TestValidEqStrEncodings_t" time="0.00544404983520508">
      <skipped message="ok 1 # skip ValidEqStrEncodings=HASH(0x5621926f3c40)" />
    </testcase>
  </testsuite>
  <testsuite name="spec_perl_TestPositionToEnd_t" errors="0" failures="0" skipped="0" tests="2" time="0.0304501056671143">
    <system-out>1..2
ok 1 - Equals
ok 2 - Equals
</system-out>
    <testcase name="Equals (194)" classname="spec_perl_TestPositionToEnd_t" time="0.00107717514038086" />
    <testcase name="Equals (195)" classname="spec_perl_TestPositionToEnd_t" time="5.98430633544922e-05" />
  </testsuite>
  <testsuite name="spec_perl_TestEnumFancy_t" errors="0" failures="0" skipped="0" tests="2" time="0.0311779975891113">
    <system-out>1..2
ok 1 - Equals
ok 2 - Equals
</system-out>
    <testcase name="Equals (196)" classname="spec_perl_TestEnumFancy_t" time="0.00119805335998535" />
    <testcase name="Equals (197)" classname="spec_perl_TestEnumFancy_t" time="6.00814819335938e-05" />
  </testsuite>
  <testsuite name="spec_perl_TestDocstringsDocref_t" errors="0" failures="0" skipped="1" tests="1" time="0.0302720069885254">
    <system-out>1..1
ok 1 # skip DocstringsDocref=HASH(0x55f2cfa05a60)
</system-out>
    <testcase name="Unnamed test case 197" classname="spec_perl_TestDocstringsDocref_t" time="0.00138211250305176">
      <skipped message="ok 1 # skip DocstringsDocref=HASH(0x55f2cfa05a60)" />
    </testcase>
  </testsuite>
  <testsuite name="spec_perl_TestRepeatNStrz_t" errors="0" failures="0" skipped="0" tests="2" time="0.0343780517578125">
    <system-out>1..2
ok 1 - Equals
ok 2 - Equals
</system-out>
    <testcase name="Equals (198)" classname="spec_perl_TestRepeatNStrz_t" time="0.00113296508789062" />
    <testcase name="Equals (199)" classname="spec_perl_TestRepeatNStrz_t" time="6.60419464111328e-05" />
  </testsuite>
  <testsuite name="spec_perl_TestProcessXor4Value_t" errors="0" failures="0" skipped="0" tests="2" time="0.0304939746856689">
    <system-out>1..2
ok 1 - Equals
ok 2 - Equals
</system-out>
    <testcase name="Equals (200)" classname="spec_perl_TestProcessXor4Value_t" time="0.00116395950317383" />
    <testcase name="Equals (201)" classname="spec_perl_TestProcessXor4Value_t" time="6.103515625e-05" />
  </testsuite>
  <testsuite name="spec_perl_TestBitsByteAligned_t" errors="0" failures="0" skipped="0" tests="9" time="0.0307869911193848">
    <system-out>1..9
ok 1 - Equals
ok 2 - Equals
ok 3 - Equals
ok 4 - Equals
ok 5 - Equals
ok 6 - Equals
ok 7 - Equals
ok 8 - Equals
ok 9 - Equals
</system-out>
    <testcase name="Equals (202)" classname="spec_perl_TestBitsByteAligned_t" time="0.0011138916015625" />
    <testcase name="Equals (203)" classname="spec_perl_TestBitsByteAligned_t" time="6.41345977783203e-05" />
    <testcase name="Equals (204)" classname="spec_perl_TestBitsByteAligned_t" time="3.60012054443359e-05" />
    <testcase name="Equals (205)" classname="spec_perl_TestBitsByteAligned_t" time="4.60147857666016e-05" />
    <testcase name="Equals (206)" classname="spec_perl_TestBitsByteAligned_t" time="4.60147857666016e-05" />
    <testcase name="Equals (207)" classname="spec_perl_TestBitsByteAligned_t" time="4.10079956054688e-05" />
    <testcase name="Equals (208)" classname="spec_perl_TestBitsByteAligned_t" time="6.89029693603516e-05" />
    <testcase name="Equals (209)" classname="spec_perl_TestBitsByteAligned_t" time="5.79357147216797e-05" />
    <testcase name="Equals (210)" classname="spec_perl_TestBitsByteAligned_t" time="5.81741333007812e-05" />
  </testsuite>
  <testsuite name="spec_perl_TestDefaultEndianExprException_t" errors="0" failures="0" skipped="0" tests="1" time="0.0324490070343018">
    <system-out>1..1
ok 1 - threw /^Unable to decide on endianness/
</system-out>
    <testcase name="threw /^Unable to decide on endianness/ (210)" classname="spec_perl_TestDefaultEndianExprException_t" time="0.00123095512390137" />
  </testsuite>
  <testsuite name="spec_perl_TestBitsSignedShiftB32Le_t" errors="0" failures="0" skipped="0" tests="2" time="0.0312559604644775">
    <system-out>1..2
ok 1 - Equals
ok 2 - Equals
</system-out>
    <testcase name="Equals (211)" classname="spec_perl_TestBitsSignedShiftB32Le_t" time="0.00115203857421875" />
    <testcase name="Equals (212)" classname="spec_perl_TestBitsSignedShiftB32Le_t" time="6.50882720947266e-05" />
  </testsuite>
  <testsuite name="spec_perl_TestInstanceUserArray_t" errors="0" failures="0" skipped="0" tests="10" time="0.0316798686981201">
    <system-out>1..10
ok 1 - Equals
ok 2 - Equals
ok 3 - Equals
ok 4 - Equals
ok 5 - Equals
ok 6 - Equals
ok 7 - Equals
ok 8 - Equals
ok 9 - Equals
ok 10 - Equals
</system-out>
    <testcase name="Equals (213)" classname="spec_perl_TestInstanceUserArray_t" time="0.00112318992614746" />
    <testcase name="Equals (214)" classname="spec_perl_TestInstanceUserArray_t" time="6.29425048828125e-05" />
    <testcase name="Equals (215)" classname="spec_perl_TestInstanceUserArray_t" time="3.79085540771484e-05" />
    <testcase name="Equals (216)" classname="spec_perl_TestInstanceUserArray_t" time="0.000394105911254883" />
    <testcase name="Equals (217)" classname="spec_perl_TestInstanceUserArray_t" time="7.10487365722656e-05" />
    <testcase name="Equals (218)" classname="spec_perl_TestInstanceUserArray_t" time="5.98430633544922e-05" />
    <testcase name="Equals (219)" classname="spec_perl_TestInstanceUserArray_t" time="6.19888305664062e-05" />
    <testcase name="Equals (220)" classname="spec_perl_TestInstanceUserArray_t" time="5.91278076171875e-05" />
    <testcase name="Equals (221)" classname="spec_perl_TestInstanceUserArray_t" time="5.88893890380859e-05" />
    <testcase name="Equals (222)" classname="spec_perl_TestInstanceUserArray_t" time="6.00814819335938e-05" />
  </testsuite>
  <testsuite name="spec_perl_TestBitsSignedResB32Be_t" errors="0" failures="0" skipped="0" tests="1" time="0.0301289558410645">
    <system-out>1..1
ok 1 - Equals
</system-out>
    <testcase name="Equals (223)" classname="spec_perl_TestBitsSignedResB32Be_t" time="0.00110483169555664" />
  </testsuite>
  <testsuite name="spec_perl_TestSwitchMultiBoolOps_t" errors="0" failures="0" skipped="0" tests="9" time="0.0314438343048096">
    <system-out>1..9
ok 1 - Equals
ok 2 - Equals
ok 3 - Equals
ok 4 - Equals
ok 5 - Equals
ok 6 - Equals
ok 7 - Equals
ok 8 - Equals
ok 9 - Equals
</system-out>
    <testcase name="Equals (224)" classname="spec_perl_TestSwitchMultiBoolOps_t" time="0.00114178657531738" />
    <testcase name="Equals (225)" classname="spec_perl_TestSwitchMultiBoolOps_t" time="6.19888305664062e-05" />
    <testcase name="Equals (226)" classname="spec_perl_TestSwitchMultiBoolOps_t" time="4.60147857666016e-05" />
    <testcase name="Equals (227)" classname="spec_perl_TestSwitchMultiBoolOps_t" time="4.22000885009766e-05" />
    <testcase name="Equals (228)" classname="spec_perl_TestSwitchMultiBoolOps_t" time="4.1961669921875e-05" />
    <testcase name="Equals (229)" classname="spec_perl_TestSwitchMultiBoolOps_t" time="4.10079956054688e-05" />
    <testcase name="Equals (230)" classname="spec_perl_TestSwitchMultiBoolOps_t" time="7.39097595214844e-05" />
    <testcase name="Equals (231)" classname="spec_perl_TestSwitchMultiBoolOps_t" time="4.29153442382812e-05" />
    <testcase name="Equals (232)" classname="spec_perl_TestSwitchMultiBoolOps_t" time="4.91142272949219e-05" />
  </testsuite>
  <testsuite name="spec_perl_TestProcessXor4Const_t" errors="0" failures="0" skipped="0" tests="2" time="0.0309269428253174">
    <system-out>1..2
ok 1 - Equals
ok 2 - Equals
</system-out>
    <testcase name="Equals (233)" classname="spec_perl_TestProcessXor4Const_t" time="0.00114798545837402" />
    <testcase name="Equals (234)" classname="spec_perl_TestProcessXor4Const_t" time="7.10487365722656e-05" />
  </testsuite>
  <testsuite name="spec_perl_TestBitsSeqEndianCombo_t" errors="0" failures="0" skipped="0" tests="8" time="0.0310549736022949">
    <system-out>1..8
ok 1 - Equals
ok 2 - Equals
ok 3 - Equals
ok 4 - Equals
ok 5 - Equals
ok 6 - Equals
ok 7 - Equals
ok 8 - Equals
</system-out>
    <testcase name="Equals (235)" classname="spec_perl_TestBitsSeqEndianCombo_t" time="0.00107407569885254" />
    <testcase name="Equals (236)" classname="spec_perl_TestBitsSeqEndianCombo_t" time="6.69956207275391e-05" />
    <testcase name="Equals (237)" classname="spec_perl_TestBitsSeqEndianCombo_t" time="3.88622283935547e-05" />
    <testcase name="Equals (238)" classname="spec_perl_TestBitsSeqEndianCombo_t" time="4.60147857666016e-05" />
    <testcase name="Equals (239)" classname="spec_perl_TestBitsSeqEndianCombo_t" time="4.31537628173828e-05" />
    <testcase name="Equals (240)" classname="spec_perl_TestBitsSeqEndianCombo_t" time="4.38690185546875e-05" />
    <testcase name="Equals (241)" classname="spec_perl_TestBitsSeqEndianCombo_t" time="4.10079956054688e-05" />
    <testcase name="Equals (242)" classname="spec_perl_TestBitsSeqEndianCombo_t" time="6.79492950439453e-05" />
  </testsuite>
  <testsuite name="spec_perl_TestProcessRotate_t" errors="0" failures="0" skipped="0" tests="3" time="0.0309529304504395">
    <system-out>1..3
ok 1 - Equals
ok 2 - Equals
ok 3 - Equals
</system-out>
    <testcase name="Equals (243)" classname="spec_perl_TestProcessRotate_t" time="0.00111699104309082" />
    <testcase name="Equals (244)" classname="spec_perl_TestProcessRotate_t" time="6.38961791992188e-05" />
    <testcase name="Equals (245)" classname="spec_perl_TestProcessRotate_t" time="7.79628753662109e-05" />
  </testsuite>
  <testsuite name="spec_perl_TestTermU1Val_t" errors="0" failures="0" skipped="0" tests="2" time="0.0361161231994629">
    <system-out>1..2
ok 1 - Equals
ok 2 - Equals
</system-out>
    <testcase name="Equals (246)" classname="spec_perl_TestTermU1Val_t" time="0.00117993354797363" />
    <testcase name="Equals (247)" classname="spec_perl_TestTermU1Val_t" time="6.00814819335938e-05" />
  </testsuite>
  <testsuite name="spec_perl_TestInstanceStdArray_t" errors="0" failures="0" skipped="0" tests="7" time="0.0309560298919678">
    <system-out>1..7
ok 1 - Equals
ok 2 - Equals
ok 3 - Equals
ok 4 - Equals
ok 5 - Equals
ok 6 - Equals
ok 7 - Equals
</system-out>
    <testcase name="Equals (248)" classname="spec_perl_TestInstanceStdArray_t" time="0.00112605094909668" />
    <testcase name="Equals (249)" classname="spec_perl_TestInstanceStdArray_t" time="7.48634338378906e-05" />
    <testcase name="Equals (250)" classname="spec_perl_TestInstanceStdArray_t" time="4.69684600830078e-05" />
    <testcase name="Equals (251)" classname="spec_perl_TestInstanceStdArray_t" time="4.41074371337891e-05" />
    <testcase name="Equals (252)" classname="spec_perl_TestInstanceStdArray_t" time="4.1961669921875e-05" />
    <testcase name="Equals (253)" classname="spec_perl_TestInstanceStdArray_t" time="8.10623168945312e-05" />
    <testcase name="Equals (254)" classname="spec_perl_TestInstanceStdArray_t" time="4.29153442382812e-05" />
  </testsuite>
  <testsuite name="spec_perl_TestFloatToI_t" errors="0" failures="0" skipped="0" tests="8" time="0.0311172008514404">
    <system-out>1..8
ok 1 - Approx equals
ok 2 - Approx equals
ok 3 - Equals
ok 4 - Equals
ok 5 - Equals
ok 6 - Equals
ok 7 - Equals
ok 8 - Equals
</system-out>
    <testcase name="Approx equals (254)" classname="spec_perl_TestFloatToI_t" time="0.00107002258300781" />
    <testcase name="Approx equals (255)" classname="spec_perl_TestFloatToI_t" time="6.4849853515625e-05" />
    <testcase name="Equals (255)" classname="spec_perl_TestFloatToI_t" time="3.71932983398438e-05" />
    <testcase name="Equals (256)" classname="spec_perl_TestFloatToI_t" time="4.38690185546875e-05" />
    <testcase name="Equals (257)" classname="spec_perl_TestFloatToI_t" time="4.1961669921875e-05" />
    <testcase name="Equals (258)" classname="spec_perl_TestFloatToI_t" time="4.10079956054688e-05" />
    <testcase name="Equals (259)" classname="spec_perl_TestFloatToI_t" time="6.00814819335938e-05" />
    <testcase name="Equals (260)" classname="spec_perl_TestFloatToI_t" time="6.103515625e-05" />
  </testsuite>
  <testsuite name="spec_perl_TestRepeatUntilS4_t" errors="0" failures="0" skipped="0" tests="2" time="0.0347530841827393">
    <system-out>1..2
ok 1 - Equals
ok 2 - Equals
</system-out>
    <testcase name="Equals (261)" classname="spec_perl_TestRepeatUntilS4_t" time="0.00119996070861816" />
    <testcase name="Equals (262)" classname="spec_perl_TestRepeatUntilS4_t" time="6.38961791992188e-05" />
  </testsuite>
  <testsuite name="spec_perl_TestProcessCoerceUsertype1_t" errors="0" failures="0" skipped="0" tests="4" time="0.0312740802764893">
    <system-out>1..4
ok 1 - Equals
ok 2 - Equals
ok 3 - Equals
ok 4 - Equals
</system-out>
    <testcase name="Equals (263)" classname="spec_perl_TestProcessCoerceUsertype1_t" time="0.00131392478942871" />
    <testcase name="Equals (264)" classname="spec_perl_TestProcessCoerceUsertype1_t" time="6.60419464111328e-05" />
    <testcase name="Equals (265)" classname="spec_perl_TestProcessCoerceUsertype1_t" time="3.69548797607422e-05" />
    <testcase name="Equals (266)" classname="spec_perl_TestProcessCoerceUsertype1_t" time="4.41074371337891e-05" />
  </testsuite>
  <testsuite name="spec_perl_TestSwitchManualIntSizeElse_t" errors="0" failures="0" skipped="0" tests="10" time="0.0358490943908691">
    <system-out>1..10
ok 1 - Equals
ok 2 - Equals
ok 3 - Equals
ok 4 - Equals
ok 5 - Equals
ok 6 - Equals
ok 7 - Equals
ok 8 - Equals
ok 9 - Equals
ok 10 - Equals
</system-out>
    <testcase name="Equals (267)" classname="spec_perl_TestSwitchManualIntSizeElse_t" time="0.00163817405700684" />
    <testcase name="Equals (268)" classname="spec_perl_TestSwitchManualIntSizeElse_t" time="7.70092010498047e-05" />
    <testcase name="Equals (269)" classname="spec_perl_TestSwitchManualIntSizeElse_t" time="4.10079956054688e-05" />
    <testcase name="Equals (270)" classname="spec_perl_TestSwitchManualIntSizeElse_t" time="3.48091125488281e-05" />
    <testcase name="Equals (271)" classname="spec_perl_TestSwitchManualIntSizeElse_t" time="4.72068786621094e-05" />
    <testcase name="Equals (272)" classname="spec_perl_TestSwitchManualIntSizeElse_t" time="4.60147857666016e-05" />
    <testcase name="Equals (273)" classname="spec_perl_TestSwitchManualIntSizeElse_t" time="4.38690185546875e-05" />
    <testcase name="Equals (274)" classname="spec_perl_TestSwitchManualIntSizeElse_t" time="4.10079956054688e-05" />
    <testcase name="Equals (275)" classname="spec_perl_TestSwitchManualIntSizeElse_t" time="4.00543212890625e-05" />
    <testcase name="Equals (276)" classname="spec_perl_TestSwitchManualIntSizeElse_t" time="7.29560852050781e-05" />
  </testsuite>
  <testsuite name="spec_perl_TestEnumLongRangeS_t" errors="0" failures="0" skipped="0" tests="7" time="0.0307209491729736">
    <system-out>1..7
ok 1 - Equals
ok 2 - Equals
ok 3 - Equals
ok 4 - Equals
ok 5 - Equals
ok 6 - Equals
ok 7 - Equals
</system-out>
    <testcase name="Equals (277)" classname="spec_perl_TestEnumLongRangeS_t" time="0.00108695030212402" />
    <testcase name="Equals (278)" classname="spec_perl_TestEnumLongRangeS_t" time="5.91278076171875e-05" />
    <testcase name="Equals (279)" classname="spec_perl_TestEnumLongRangeS_t" time="3.60012054443359e-05" />
    <testcase name="Equals (280)" classname="spec_perl_TestEnumLongRangeS_t" time="4.29153442382812e-05" />
    <testcase name="Equals (281)" classname="spec_perl_TestEnumLongRangeS_t" time="4.31537628173828e-05" />
    <testcase name="Equals (282)" classname="spec_perl_TestEnumLongRangeS_t" time="6.19888305664062e-05" />
    <testcase name="Equals (283)" classname="spec_perl_TestEnumLongRangeS_t" time="5.79357147216797e-05" />
  </testsuite>
  <testsuite name="spec_perl_TestDefaultEndianExprIsLe_t" errors="0" failures="0" skipped="0" tests="12" time="0.0311040878295898">
    <system-out>1..12
ok 1 - Equals
ok 2 - Equals
ok 3 - Equals
ok 4 - Equals
ok 5 - Equals
ok 6 - Equals
ok 7 - Equals
ok 8 - Equals
ok 9 - Equals
ok 10 - Equals
ok 11 - Equals
ok 12 - Equals
</system-out>
    <testcase name="Equals (284)" classname="spec_perl_TestDefaultEndianExprIsLe_t" time="0.00117206573486328" />
    <testcase name="Equals (285)" classname="spec_perl_TestDefaultEndianExprIsLe_t" time="6.00814819335938e-05" />
    <testcase name="Equals (286)" classname="spec_perl_TestDefaultEndianExprIsLe_t" time="3.60012054443359e-05" />
    <testcase name="Equals (287)" classname="spec_perl_TestDefaultEndianExprIsLe_t" time="4.60147857666016e-05" />
    <testcase name="Equals (288)" classname="spec_perl_TestDefaultEndianExprIsLe_t" time="4.1961669921875e-05" />
    <testcase name="Equals (289)" classname="spec_perl_TestDefaultEndianExprIsLe_t" time="6.19888305664062e-05" />
    <testcase name="Equals (290)" classname="spec_perl_TestDefaultEndianExprIsLe_t" time="4.79221343994141e-05" />
    <testcase name="Equals (291)" classname="spec_perl_TestDefaultEndianExprIsLe_t" time="6.50882720947266e-05" />
    <testcase name="Equals (292)" classname="spec_perl_TestDefaultEndianExprIsLe_t" time="5.79357147216797e-05" />
    <testcase name="Equals (293)" classname="spec_perl_TestDefaultEndianExprIsLe_t" time="5.79357147216797e-05" />
    <testcase name="Equals (294)" classname="spec_perl_TestDefaultEndianExprIsLe_t" time="5.91278076171875e-05" />
    <testcase name="Equals (295)" classname="spec_perl_TestDefaultEndianExprIsLe_t" time="5.88893890380859e-05" />
  </testsuite>
  <testsuite name="spec_perl_TestBitsSignedResB32Le_t" errors="0" failures="0" skipped="0" tests="1" time="0.0300588607788086">
    <system-out>1..1
ok 1 - Equals
</system-out>
    <testcase name="Equals (296)" classname="spec_perl_TestBitsSignedResB32Le_t" time="0.00114798545837402" />
  </testsuite>
  <testsuite name="spec_perl_TestTsPacketHeader_t" errors="0" failures="0" skipped="0" tests="7" time="0.030728816986084">
    <system-out>1..7
ok 1 - Equals
ok 2 - Equals
ok 3 - Equals
ok 4 - Equals
ok 5 - Equals
ok 6 - Equals
ok 7 - Equals
</system-out>
    <testcase name="Equals (297)" classname="spec_perl_TestTsPacketHeader_t" time="0.00118517875671387" />
    <testcase name="Equals (298)" classname="spec_perl_TestTsPacketHeader_t" time="6.38961791992188e-05" />
    <testcase name="Equals (299)" classname="spec_perl_TestTsPacketHeader_t" time="4.31537628173828e-05" />
    <testcase name="Equals (300)" classname="spec_perl_TestTsPacketHeader_t" time="4.48226928710938e-05" />
    <testcase name="Equals (301)" classname="spec_perl_TestTsPacketHeader_t" time="4.00543212890625e-05" />
    <testcase name="Equals (302)" classname="spec_perl_TestTsPacketHeader_t" time="4.1961669921875e-05" />
    <testcase name="Equals (303)" classname="spec_perl_TestTsPacketHeader_t" time="4.10079956054688e-05" />
  </testsuite>
  <testsuite name="spec_perl_TestExprIntDiv_t" errors="0" failures="2" skipped="0" tests="6" time="0.0324399471282959">
    <system-out>1..6
ok 1 - Equals
ok 2 - Equals
ok 3 - Equals
not ok 4 - Equals
ok 5 - Equals
not ok 6 - Equals
</system-out>
    <testcase name="Equals (304)" classname="spec_perl_TestExprIntDiv_t" time="0.00116205215454102" />
    <testcase name="Equals (305)" classname="spec_perl_TestExprIntDiv_t" time="6.103515625e-05" />
    <testcase name="Equals (306)" classname="spec_perl_TestExprIntDiv_t" time="3.60012054443359e-05" />
    <testcase name="Equals (307)" classname="spec_perl_TestExprIntDiv_t" time="6.79492950439453e-05">
      <failure message="not ok 4 - Equals" type="TAP::Parser::Result::Test"></failure>
    </testcase>
    <testcase name="Equals (308)" classname="spec_perl_TestExprIntDiv_t" time="0.000324010848999023" />
    <testcase name="Equals (309)" classname="spec_perl_TestExprIntDiv_t" time="0.000733852386474609">
      <failure message="not ok 6 - Equals" type="TAP::Parser::Result::Test"></failure>
    </testcase>
  </testsuite>
  <testsuite name="spec_perl_TestProcessCoerceSwitch_t" errors="0" failures="0" skipped="0" tests="3" time="0.0314469337463379">
    <system-out>1..3
ok 1 - Equals
ok 2 - Equals
ok 3 - Equals
</system-out>
    <testcase name="Equals (310)" classname="spec_perl_TestProcessCoerceSwitch_t" time="0.0014958381652832" />
    <testcase name="Equals (311)" classname="spec_perl_TestProcessCoerceSwitch_t" time="7.00950622558594e-05" />
    <testcase name="Equals (312)" classname="spec_perl_TestProcessCoerceSwitch_t" time="3.69548797607422e-05" />
  </testsuite>
  <testsuite name="spec_perl_TestNavParentSwitch_t" errors="0" failures="0" skipped="0" tests="3" time="0.0311040878295898">
    <system-out>1..3
ok 1 - Equals
ok 2 - Equals
ok 3 - Equals
</system-out>
    <testcase name="Equals (313)" classname="spec_perl_TestNavParentSwitch_t" time="0.00113797187805176" />
    <testcase name="Equals (314)" classname="spec_perl_TestNavParentSwitch_t" time="6.41345977783203e-05" />
    <testcase name="Equals (315)" classname="spec_perl_TestNavParentSwitch_t" time="3.69548797607422e-05" />
  </testsuite>
  <testsuite name="spec_perl_TestBytesPadTerm_t" errors="0" failures="0" skipped="0" tests="4" time="0.0318698883056641">
    <system-out>1..4
ok 1 - Equals
ok 2 - Equals
ok 3 - Equals
ok 4 - Equals
</system-out>
    <testcase name="Equals (316)" classname="spec_perl_TestBytesPadTerm_t" time="0.00117707252502441" />
    <testcase name="Equals (317)" classname="spec_perl_TestBytesPadTerm_t" time="5.60283660888672e-05" />
    <testcase name="Equals (318)" classname="spec_perl_TestBytesPadTerm_t" time="4.57763671875e-05" />
    <testcase name="Equals (319)" classname="spec_perl_TestBytesPadTerm_t" time="4.41074371337891e-05" />
  </testsuite>
  <testsuite name="spec_perl_TestRepeatEosU4_t" errors="0" failures="0" skipped="0" tests="1" time="0.0301859378814697">
    <system-out>1..1
ok 1 - Equals
</system-out>
    <testcase name="Equals (320)" classname="spec_perl_TestRepeatEosU4_t" time="0.00111818313598633" />
  </testsuite>
  <testsuite name="spec_perl_TestEnum0_t" errors="0" failures="0" skipped="0" tests="2" time="0.030958890914917">
    <system-out>1..2
ok 1 - Equals
ok 2 - Equals
</system-out>
    <testcase name="Equals (321)" classname="spec_perl_TestEnum0_t" time="0.00116109848022461" />
    <testcase name="Equals (322)" classname="spec_perl_TestEnum0_t" time="7.20024108886719e-05" />
  </testsuite>
  <testsuite name="spec_perl_TestBitsSimple_t" errors="0" failures="0" skipped="0" tests="14" time="0.0312800407409668">
    <system-out>1..14
ok 1 - Equals
ok 2 - Equals
ok 3 - Equals
ok 4 - Equals
ok 5 - Equals
ok 6 - Equals
ok 7 - Equals
ok 8 - Equals
ok 9 - Equals
ok 10 - Equals
ok 11 - Equals
ok 12 - Equals
ok 13 - Equals
ok 14 - Equals
</system-out>
    <testcase name="Equals (323)" classname="spec_perl_TestBitsSimple_t" time="0.00123476982116699" />
    <testcase name="Equals (324)" classname="spec_perl_TestBitsSimple_t" time="7.41481781005859e-05" />
    <testcase name="Equals (325)" classname="spec_perl_TestBitsSimple_t" time="3.69548797607422e-05" />
    <testcase name="Equals (326)" classname="spec_perl_TestBitsSimple_t" time="4.41074371337891e-05" />
    <testcase name="Equals (327)" classname="spec_perl_TestBitsSimple_t" time="3.69548797607422e-05" />
    <testcase name="Equals (328)" classname="spec_perl_TestBitsSimple_t" time="4.1961669921875e-05" />
    <testcase name="Equals (329)" classname="spec_perl_TestBitsSimple_t" time="4.00543212890625e-05" />
    <testcase name="Equals (330)" classname="spec_perl_TestBitsSimple_t" time="4.48226928710938e-05" />
    <testcase name="Equals (331)" classname="spec_perl_TestBitsSimple_t" time="6.41345977783203e-05" />
    <testcase name="Equals (332)" classname="spec_perl_TestBitsSimple_t" time="5.50746917724609e-05" />
    <testcase name="Equals (333)" classname="spec_perl_TestBitsSimple_t" time="5.98430633544922e-05" />
    <testcase name="Equals (334)" classname="spec_perl_TestBitsSimple_t" time="5.91278076171875e-05" />
    <testcase name="Equals (335)" classname="spec_perl_TestBitsSimple_t" time="5.88893890380859e-05" />
    <testcase name="Equals (336)" classname="spec_perl_TestBitsSimple_t" time="6.00814819335938e-05" />
  </testsuite>
  <testsuite name="spec_perl_TestExpr3_t" errors="0" failures="0" skipped="0" tests="12" time="0.0352869033813477">
    <system-out>1..12
ok 1 - Equals
ok 2 - Equals
ok 3 - Equals
ok 4 - Equals
ok 5 - Equals
ok 6 - Equals
ok 7 - Equals
ok 8 - Equals
ok 9 - Equals
ok 10 - Equals
ok 11 - Equals
ok 12 - Equals
</system-out>
    <testcase name="Equals (337)" classname="spec_perl_TestExpr3_t" time="0.00114107131958008" />
    <testcase name="Equals (338)" classname="spec_perl_TestExpr3_t" time="6.19888305664062e-05" />
    <testcase name="Equals (339)" classname="spec_perl_TestExpr3_t" time="4.69684600830078e-05" />
    <testcase name="Equals (340)" classname="spec_perl_TestExpr3_t" time="4.50611114501953e-05" />
    <testcase name="Equals (341)" classname="spec_perl_TestExpr3_t" time="4.1961669921875e-05" />
    <testcase name="Equals (342)" classname="spec_perl_TestExpr3_t" time="4.1961669921875e-05" />
    <testcase name="Equals (343)" classname="spec_perl_TestExpr3_t" time="4.00543212890625e-05" />
    <testcase name="Equals (344)" classname="spec_perl_TestExpr3_t" time="7.51018524169922e-05" />
    <testcase name="Equals (345)" classname="spec_perl_TestExpr3_t" time="5.79357147216797e-05" />
    <testcase name="Equals (346)" classname="spec_perl_TestExpr3_t" time="5.88893890380859e-05" />
    <testcase name="Equals (347)" classname="spec_perl_TestExpr3_t" time="5.91278076171875e-05" />
    <testcase name="Equals (348)" classname="spec_perl_TestExpr3_t" time="6.38961791992188e-05" />
  </testsuite>
  <testsuite name="spec_perl_TestSwitchManualEnumInvalidElse_t" errors="0" failures="0" skipped="0" tests="5" time="0.0358591079711914">
    <system-out>1..5
ok 1 - Equals
ok 2 - Equals
ok 3 - Equals
ok 4 - Equals
ok 5 - Equals
</system-out>
    <testcase name="Equals (349)" classname="spec_perl_TestSwitchManualEnumInvalidElse_t" time="0.00118494033813477" />
    <testcase name="Equals (350)" classname="spec_perl_TestSwitchManualEnumInvalidElse_t" time="7.10487365722656e-05" />
    <testcase name="Equals (351)" classname="spec_perl_TestSwitchManualEnumInvalidElse_t" time="3.69548797607422e-05" />
    <testcase name="Equals (352)" classname="spec_perl_TestSwitchManualEnumInvalidElse_t" time="4.91142272949219e-05" />
    <testcase name="Equals (353)" classname="spec_perl_TestSwitchManualEnumInvalidElse_t" time="4.29153442382812e-05" />
  </testsuite>
  <testsuite name="spec_perl_TestDocstrings_t" errors="0" failures="0" skipped="1" tests="1" time="0.0305728912353516">
    <system-out>1..1
ok 1 # skip Docstrings=HASH(0x55a5a587b100)
</system-out>
    <testcase name="Unnamed test case 353" classname="spec_perl_TestDocstrings_t" time="0.00148797035217285">
      <skipped message="ok 1 # skip Docstrings=HASH(0x55a5a587b100)" />
    </testcase>
  </testsuite>
  <testsuite name="spec_perl_TestRecursiveOne_t" errors="0" failures="0" skipped="0" tests="4" time="0.0313570499420166">
    <system-out>1..4
ok 1 - Equals
ok 2 - Equals
ok 3 - Equals
ok 4 - Equals
</system-out>
    <testcase name="Equals (354)" classname="spec_perl_TestRecursiveOne_t" time="0.00141596794128418" />
    <testcase name="Equals (355)" classname="spec_perl_TestRecursiveOne_t" time="0.000236034393310547" />
    <testcase name="Equals (356)" classname="spec_perl_TestRecursiveOne_t" time="7.51018524169922e-05" />
    <testcase name="Equals (357)" classname="spec_perl_TestRecursiveOne_t" time="3.69548797607422e-05" />
  </testsuite>
  <testsuite name="spec_perl_TestExprArray_t" errors="0" failures="1" skipped="0" tests="15" time="0.037182092666626">
    <system-out>1..15
ok 1 - Equals
ok 2 - Equals
ok 3 - Equals
ok 4 - Equals
ok 5 - Equals
ok 6 - Equals
ok 7 - Approx equals
ok 8 - Approx equals
not ok 9 - Approx equals
ok 10 - Approx equals
ok 11 - Equals
ok 12 - Equals
ok 13 - Equals
ok 14 - Equals
ok 15 - Equals
</system-out>
    <testcase name="Equals (358)" classname="spec_perl_TestExprArray_t" time="0.00125885009765625" />
    <testcase name="Equals (359)" classname="spec_perl_TestExprArray_t" time="6.91413879394531e-05" />
    <testcase name="Equals (360)" classname="spec_perl_TestExprArray_t" time="4.38690185546875e-05" />
    <testcase name="Equals (361)" classname="spec_perl_TestExprArray_t" time="4.50611114501953e-05" />
    <testcase name="Equals (362)" classname="spec_perl_TestExprArray_t" time="3.40938568115234e-05" />
    <testcase name="Equals (363)" classname="spec_perl_TestExprArray_t" time="4.1961669921875e-05" />
    <testcase name="Approx equals (363)" classname="spec_perl_TestExprArray_t" time="4.1961669921875e-05" />
    <testcase name="Approx equals (364)" classname="spec_perl_TestExprArray_t" time="4.00543212890625e-05" />
    <testcase name="Approx equals (365)" classname="spec_perl_TestExprArray_t" time="5.19752502441406e-05">
      <failure message="not ok 9 - Approx equals" type="TAP::Parser::Result::Test"></failure>
    </testcase>
    <testcase name="Approx equals (366)" classname="spec_perl_TestExprArray_t" time="0.000290870666503906" />
    <testcase name="Equals (366)" classname="spec_perl_TestExprArray_t" time="0.00038909912109375" />
    <testcase name="Equals (367)" classname="spec_perl_TestExprArray_t" time="0.00136494636535645" />
    <testcase name="Equals (368)" classname="spec_perl_TestExprArray_t" time="5.29289245605469e-05" />
    <testcase name="Equals (369)" classname="spec_perl_TestExprArray_t" time="3.21865081787109e-05" />
    <testcase name="Equals (370)" classname="spec_perl_TestExprArray_t" time="2.88486480712891e-05" />
  </testsuite>
  <testsuite name="spec_perl_TestProcessXorValue_t" errors="0" failures="0" skipped="0" tests="2" time="0.0307791233062744">
    <system-out>1..2
ok 1 - Equals
ok 2 - Equals
</system-out>
    <testcase name="Equals (371)" classname="spec_perl_TestProcessXorValue_t" time="0.00112605094909668" />
    <testcase name="Equals (372)" classname="spec_perl_TestProcessXorValue_t" time="6.60419464111328e-05" />
  </testsuite>
  <testsuite name="spec_perl_TestFixedContents_t" errors="0" failures="0" skipped="1" tests="1" time="0.030181884765625">
    <system-out>1..1
ok 1 # skip FixedContents=HASH(0x56088be82a40)
</system-out>
    <testcase name="Unnamed test case 372" classname="spec_perl_TestFixedContents_t" time="0.00131511688232422">
      <skipped message="ok 1 # skip FixedContents=HASH(0x56088be82a40)" />
    </testcase>
  </testsuite>
  <testsuite name="spec_perl_TestIndexToParamEos_t" errors="0" failures="2" skipped="0" tests="7" time="0.03653883934021">
    <system-out>1..7
ok 1 - Equals
ok 2 - Equals
ok 3 - Equals
ok 4 - Equals
ok 5 - Equals
not ok 6 - Equals
not ok 7 - Equals
</system-out>
    <testcase name="Equals (373)" classname="spec_perl_TestIndexToParamEos_t" time="0.00209307670593262" />
    <testcase name="Equals (374)" classname="spec_perl_TestIndexToParamEos_t" time="7.41481781005859e-05" />
    <testcase name="Equals (375)" classname="spec_perl_TestIndexToParamEos_t" time="3.69548797607422e-05" />
    <testcase name="Equals (376)" classname="spec_perl_TestIndexToParamEos_t" time="3.88622283935547e-05" />
    <testcase name="Equals (377)" classname="spec_perl_TestIndexToParamEos_t" time="3.31401824951172e-05" />
    <testcase name="Equals (378)" classname="spec_perl_TestIndexToParamEos_t" time="4.29153442382812e-05">
      <failure message="not ok 6 - Equals" type="TAP::Parser::Result::Test"></failure>
    </testcase>
    <testcase name="Equals (379)" classname="spec_perl_TestIndexToParamEos_t" time="5.10215759277344e-05">
      <failure message="not ok 7 - Equals" type="TAP::Parser::Result::Test"></failure>
    </testcase>
  </testsuite>
  <testsuite name="spec_perl_TestIoLocalVar_t" errors="0" failures="0" skipped="0" tests="2" time="0.0308699607849121">
    <system-out>1..2
ok 1 - Equals
ok 2 - Equals
</system-out>
    <testcase name="Equals (380)" classname="spec_perl_TestIoLocalVar_t" time="0.00142407417297363" />
    <testcase name="Equals (381)" classname="spec_perl_TestIoLocalVar_t" time="6.89029693603516e-05" />
  </testsuite>
  <testsuite name="spec_perl_TestEnumIntRangeS_t" errors="0" failures="0" skipped="0" tests="3" time="0.0308058261871338">
    <system-out>1..3
ok 1 - Equals
ok 2 - Equals
ok 3 - Equals
</system-out>
    <testcase name="Equals (382)" classname="spec_perl_TestEnumIntRangeS_t" time="0.00117707252502441" />
    <testcase name="Equals (383)" classname="spec_perl_TestEnumIntRangeS_t" time="6.89029693603516e-05" />
    <testcase name="Equals (384)" classname="spec_perl_TestEnumIntRangeS_t" time="3.69548797607422e-05" />
  </testsuite>
  <testsuite name="spec_perl_TestNavParentSwitchCast_t" errors="0" failures="0" skipped="0" tests="3" time="0.0311999320983887">
    <system-out>1..3
ok 1 - Equals
ok 2 - Equals
ok 3 - Equals
</system-out>
    <testcase name="Equals (385)" classname="spec_perl_TestNavParentSwitchCast_t" time="0.00150203704833984" />
    <testcase name="Equals (386)" classname="spec_perl_TestNavParentSwitchCast_t" time="7.70092010498047e-05" />
    <testcase name="Equals (387)" classname="spec_perl_TestNavParentSwitchCast_t" time="4.10079956054688e-05" />
  </testsuite>
  <testsuite name="spec_perl_TestZlibWithHeader78_t" errors="0" failures="0" skipped="0" tests="1" time="0.058466911315918">
    <system-out>1..1
ok 1 - Equals
</system-out>
    <testcase name="Equals (388)" classname="spec_perl_TestZlibWithHeader78_t" time="0.00149416923522949" />
  </testsuite>
  <testsuite name="spec_perl_TestIfInstances_t" errors="0" failures="0" skipped="0" tests="1" time="0.0304708480834961">
    <system-out>1..1
ok 1 - nil
</system-out>
    <testcase name="nil (388)" classname="spec_perl_TestIfInstances_t" time="0.00101900100708008" />
  </testsuite>
  <testsuite name="spec_perl_TestExprSizeofValue0_t" errors="0" failures="0" skipped="0" tests="5" time="0.0307769775390625">
    <system-out>1..5
ok 1 - Equals
ok 2 - Equals
ok 3 - Equals
ok 4 - Equals
ok 5 - Equals
</system-out>
    <testcase name="Equals (389)" classname="spec_perl_TestExprSizeofValue0_t" time="0.00116419792175293" />
    <testcase name="Equals (390)" classname="spec_perl_TestExprSizeofValue0_t" time="5.98430633544922e-05" />
    <testcase name="Equals (391)" classname="spec_perl_TestExprSizeofValue0_t" time="4.50611114501953e-05" />
    <testcase name="Equals (392)" classname="spec_perl_TestExprSizeofValue0_t" time="4.29153442382812e-05" />
    <testcase name="Equals (393)" classname="spec_perl_TestExprSizeofValue0_t" time="4.81605529785156e-05" />
  </testsuite>
  <testsuite name="spec_perl_TestBitsSimpleLe_t" errors="0" failures="0" skipped="0" tests="14" time="0.0315959453582764">
    <system-out>1..14
ok 1 - Equals
ok 2 - Equals
ok 3 - Equals
ok 4 - Equals
ok 5 - Equals
ok 6 - Equals
ok 7 - Equals
ok 8 - Equals
ok 9 - Equals
ok 10 - Equals
ok 11 - Equals
ok 12 - Equals
ok 13 - Equals
ok 14 - Equals
</system-out>
    <testcase name="Equals (394)" classname="spec_perl_TestBitsSimpleLe_t" time="0.0011439323425293" />
    <testcase name="Equals (395)" classname="spec_perl_TestBitsSimpleLe_t" time="6.50882720947266e-05" />
    <testcase name="Equals (396)" classname="spec_perl_TestBitsSimpleLe_t" time="3.88622283935547e-05" />
    <testcase name="Equals (397)" classname="spec_perl_TestBitsSimpleLe_t" time="4.41074371337891e-05" />
    <testcase name="Equals (398)" classname="spec_perl_TestBitsSimpleLe_t" time="4.1961669921875e-05" />
    <testcase name="Equals (399)" classname="spec_perl_TestBitsSimpleLe_t" time="4.10079956054688e-05" />
    <testcase name="Equals (400)" classname="spec_perl_TestBitsSimpleLe_t" time="7.00950622558594e-05" />
    <testcase name="Equals (401)" classname="spec_perl_TestBitsSimpleLe_t" time="6.19888305664062e-05" />
    <testcase name="Equals (402)" classname="spec_perl_TestBitsSimpleLe_t" time="5.19752502441406e-05" />
    <testcase name="Equals (403)" classname="spec_perl_TestBitsSimpleLe_t" time="5.98430633544922e-05" />
    <testcase name="Equals (404)" classname="spec_perl_TestBitsSimpleLe_t" time="6.00814819335938e-05" />
    <testcase name="Equals (405)" classname="spec_perl_TestBitsSimpleLe_t" time="8.0108642578125e-05" />
    <testcase name="Equals (406)" classname="spec_perl_TestBitsSimpleLe_t" time="7.29560852050781e-05" />
    <testcase name="Equals (407)" classname="spec_perl_TestBitsSimpleLe_t" time="6.103515625e-05" />
  </testsuite>
  <testsuite name="spec_perl_TestEnumOfValueInst_t" errors="0" failures="0" skipped="0" tests="4" time="0.0306658744812012">
    <system-out>1..4
ok 1 - Equals
ok 2 - Equals
ok 3 - Equals
ok 4 - Equals
</system-out>
    <testcase name="Equals (408)" classname="spec_perl_TestEnumOfValueInst_t" time="0.00112819671630859" />
    <testcase name="Equals (409)" classname="spec_perl_TestEnumOfValueInst_t" time="6.98566436767578e-05" />
    <testcase name="Equals (410)" classname="spec_perl_TestEnumOfValueInst_t" time="4.31537628173828e-05" />
    <testcase name="Equals (411)" classname="spec_perl_TestEnumOfValueInst_t" time="4.38690185546875e-05" />
  </testsuite>
  <testsuite name="spec_perl_TestRepeatUntilComplex_t" errors="0" failures="0" skipped="0" tests="15" time="0.0317749977111816">
    <system-out>1..15
ok 1 - Equals
ok 2 - Equals
ok 3 - Equals
ok 4 - Equals
ok 5 - Equals
ok 6 - Equals
ok 7 - Equals
ok 8 - Equals
ok 9 - Equals
ok 10 - Equals
ok 11 - Equals
ok 12 - Equals
ok 13 - Equals
ok 14 - Equals
ok 15 - Equals
</system-out>
    <testcase name="Equals (412)" classname="spec_perl_TestRepeatUntilComplex_t" time="0.00116395950317383" />
    <testcase name="Equals (413)" classname="spec_perl_TestRepeatUntilComplex_t" time="6.69956207275391e-05" />
    <testcase name="Equals (414)" classname="spec_perl_TestRepeatUntilComplex_t" time="4.81605529785156e-05" />
    <testcase name="Equals (415)" classname="spec_perl_TestRepeatUntilComplex_t" time="5.69820404052734e-05" />
    <testcase name="Equals (416)" classname="spec_perl_TestRepeatUntilComplex_t" time="8.98838043212891e-05" />
    <testcase name="Equals (417)" classname="spec_perl_TestRepeatUntilComplex_t" time="6.19888305664062e-05" />
    <testcase name="Equals (418)" classname="spec_perl_TestRepeatUntilComplex_t" time="6.50882720947266e-05" />
    <testcase name="Equals (419)" classname="spec_perl_TestRepeatUntilComplex_t" time="4.91142272949219e-05" />
    <testcase name="Equals (420)" classname="spec_perl_TestRepeatUntilComplex_t" time="8.79764556884766e-05" />
    <testcase name="Equals (421)" classname="spec_perl_TestRepeatUntilComplex_t" time="5.98430633544922e-05" />
    <testcase name="Equals (422)" classname="spec_perl_TestRepeatUntilComplex_t" time="8.51154327392578e-05" />
    <testcase name="Equals (423)" classname="spec_perl_TestRepeatUntilComplex_t" time="5.19752502441406e-05" />
    <testcase name="Equals (424)" classname="spec_perl_TestRepeatUntilComplex_t" time="8.392333984375e-05" />
    <testcase name="Equals (425)" classname="spec_perl_TestRepeatUntilComplex_t" time="6.103515625e-05" />
    <testcase name="Equals (426)" classname="spec_perl_TestRepeatUntilComplex_t" time="8.79764556884766e-05" />
  </testsuite>
  <testsuite name="spec_perl_TestTypeTernaryOpaque_t" errors="0" failures="0" skipped="0" tests="3" time="0.035377025604248">
    <system-out>1..3
ok 1 - Equals
ok 2 - Equals
ok 3 - Equals
</system-out>
    <testcase name="Equals (427)" classname="spec_perl_TestTypeTernaryOpaque_t" time="0.00155496597290039" />
    <testcase name="Equals (428)" classname="spec_perl_TestTypeTernaryOpaque_t" time="7.60555267333984e-05" />
    <testcase name="Equals (429)" classname="spec_perl_TestTypeTernaryOpaque_t" time="4.00543212890625e-05" />
  </testsuite>
  <testsuite name="spec_perl_TestProcessToUser_t" errors="0" failures="0" skipped="0" tests="1" time="0.0347900390625">
    <system-out>1..1
ok 1 - Equals
</system-out>
    <testcase name="Equals (430)" classname="spec_perl_TestProcessToUser_t" time="0.00157499313354492" />
  </testsuite>
  <testsuite name="spec_perl_TestProcessRepeatUsertype_t" errors="0" failures="0" skipped="0" tests="4" time="0.0311279296875">
    <system-out>1..4
ok 1 - Equals
ok 2 - Equals
ok 3 - Equals
ok 4 - Equals
</system-out>
    <testcase name="Equals (431)" classname="spec_perl_TestProcessRepeatUsertype_t" time="0.00148200988769531" />
    <testcase name="Equals (432)" classname="spec_perl_TestProcessRepeatUsertype_t" time="7.79628753662109e-05" />
    <testcase name="Equals (433)" classname="spec_perl_TestProcessRepeatUsertype_t" time="3.91006469726562e-05" />
    <testcase name="Equals (434)" classname="spec_perl_TestProcessRepeatUsertype_t" time="4.38690185546875e-05" />
  </testsuite>
  <testsuite name="spec_perl_TestNavParentFalse_t" errors="0" failures="0" skipped="0" tests="5" time="0.0309841632843018">
    <system-out>1..5
ok 1 - Equals
ok 2 - Equals
ok 3 - Equals
ok 4 - Equals
ok 5 - Equals
</system-out>
    <testcase name="Equals (435)" classname="spec_perl_TestNavParentFalse_t" time="0.00118184089660645" />
    <testcase name="Equals (436)" classname="spec_perl_TestNavParentFalse_t" time="6.22272491455078e-05" />
    <testcase name="Equals (437)" classname="spec_perl_TestNavParentFalse_t" time="3.57627868652344e-05" />
    <testcase name="Equals (438)" classname="spec_perl_TestNavParentFalse_t" time="4.50611114501953e-05" />
    <testcase name="Equals (439)" classname="spec_perl_TestNavParentFalse_t" time="4.31537628173828e-05" />
  </testsuite>
  <testsuite name="spec_perl_TestTypeTernary_t" errors="0" failures="0" skipped="0" tests="1" time="0.0313880443572998">
    <system-out>1..1
ok 1 - Equals
</system-out>
    <testcase name="Equals (440)" classname="spec_perl_TestTypeTernary_t" time="0.0014641284942627" />
  </testsuite>
  <testsuite name="spec_perl_TestEnumDeep_t" errors="0" failures="0" skipped="0" tests="2" time="0.0307419300079346">
    <system-out>1..2
ok 1 - Equals
ok 2 - Equals
</system-out>
    <testcase name="Equals (441)" classname="spec_perl_TestEnumDeep_t" time="0.00111103057861328" />
    <testcase name="Equals (442)" classname="spec_perl_TestEnumDeep_t" time="6.69956207275391e-05" />
  </testsuite>
  <testsuite name="spec_perl_TestDefaultEndianExprIsBe_t" errors="0" failures="0" skipped="0" tests="18" time="0.0319170951843262">
    <system-out>1..18
ok 1 - Equals
ok 2 - Equals
ok 3 - Equals
ok 4 - Equals
ok 5 - Equals
ok 6 - Equals
ok 7 - Equals
ok 8 - Equals
ok 9 - Equals
ok 10 - Equals
ok 11 - Equals
ok 12 - Equals
ok 13 - Equals
ok 14 - Equals
ok 15 - Equals
ok 16 - Equals
ok 17 - Equals
ok 18 - Equals
</system-out>
    <testcase name="Equals (443)" classname="spec_perl_TestDefaultEndianExprIsBe_t" time="0.00117301940917969" />
    <testcase name="Equals (444)" classname="spec_perl_TestDefaultEndianExprIsBe_t" time="5.91278076171875e-05" />
    <testcase name="Equals (445)" classname="spec_perl_TestDefaultEndianExprIsBe_t" time="4.50611114501953e-05" />
    <testcase name="Equals (446)" classname="spec_perl_TestDefaultEndianExprIsBe_t" time="4.1961669921875e-05" />
    <testcase name="Equals (447)" classname="spec_perl_TestDefaultEndianExprIsBe_t" time="6.69956207275391e-05" />
    <testcase name="Equals (448)" classname="spec_perl_TestDefaultEndianExprIsBe_t" time="8.48770141601562e-05" />
    <testcase name="Equals (449)" classname="spec_perl_TestDefaultEndianExprIsBe_t" time="6.00814819335938e-05" />
    <testcase name="Equals (450)" classname="spec_perl_TestDefaultEndianExprIsBe_t" time="7.00950622558594e-05" />
    <testcase name="Equals (451)" classname="spec_perl_TestDefaultEndianExprIsBe_t" time="4.07695770263672e-05" />
    <testcase name="Equals (452)" classname="spec_perl_TestDefaultEndianExprIsBe_t" time="6.60419464111328e-05" />
    <testcase name="Equals (453)" classname="spec_perl_TestDefaultEndianExprIsBe_t" time="7.20024108886719e-05" />
    <testcase name="Equals (454)" classname="spec_perl_TestDefaultEndianExprIsBe_t" time="7.79628753662109e-05" />
    <testcase name="Equals (455)" classname="spec_perl_TestDefaultEndianExprIsBe_t" time="5.7220458984375e-05" />
    <testcase name="Equals (456)" classname="spec_perl_TestDefaultEndianExprIsBe_t" time="5.69820404052734e-05" />
    <testcase name="Equals (457)" classname="spec_perl_TestDefaultEndianExprIsBe_t" time="5.79357147216797e-05" />
    <testcase name="Equals (458)" classname="spec_perl_TestDefaultEndianExprIsBe_t" time="5.88893890380859e-05" />
    <testcase name="Equals (459)" classname="spec_perl_TestDefaultEndianExprIsBe_t" time="7.20024108886719e-05" />
    <testcase name="Equals (460)" classname="spec_perl_TestDefaultEndianExprIsBe_t" time="7.10487365722656e-05" />
  </testsuite>
  <testsuite name="spec_perl_TestValidSwitch_t" errors="0" failures="0" skipped="1" tests="1" time="0.0313699245452881">
    <system-out>1..1
ok 1 # skip ValidSwitch=HASH(0x5582ed005c90)
</system-out>
    <testcase name="Unnamed test case 460" classname="spec_perl_TestValidSwitch_t" time="0.00140500068664551">
      <skipped message="ok 1 # skip ValidSwitch=HASH(0x5582ed005c90)" />
    </testcase>
  </testsuite>
  <testsuite name="spec_perl_TestCombineBool_t" errors="0" failures="0" skipped="0" tests="2" time="0.0302548408508301">
    <system-out>1..2
ok 1 - Equals
ok 2 - Equals
</system-out>
    <testcase name="Equals (461)" classname="spec_perl_TestCombineBool_t" time="0.00105905532836914" />
    <testcase name="Equals (462)" classname="spec_perl_TestCombineBool_t" time="5.79357147216797e-05" />
  </testsuite>
  <testsuite name="spec_perl_TestImportsRel1_t" errors="0" failures="0" skipped="0" tests="3" time="0.0313780307769775">
    <system-out>1..3
ok 1 - Equals
ok 2 - Equals
ok 3 - Equals
</system-out>
    <testcase name="Equals (463)" classname="spec_perl_TestImportsRel1_t" time="0.00120186805725098" />
    <testcase name="Equals (464)" classname="spec_perl_TestImportsRel1_t" time="6.31809234619141e-05" />
    <testcase name="Equals (465)" classname="spec_perl_TestImportsRel1_t" time="3.79085540771484e-05" />
  </testsuite>
  <testsuite name="spec_perl_TestEnumIf_t" errors="0" failures="0" skipped="0" tests="7" time="0.0354399681091309">
    <system-out>1..7
ok 1 - Equals
ok 2 - Equals
ok 3 - Equals
ok 4 - Equals
ok 5 - Equals
ok 6 - Equals
[...]
    <testcase name="Equals (887)" classname="spec_perl_TestExpr2_t" time="5.91278076171875e-05" />
    <testcase name="Equals (888)" classname="spec_perl_TestExpr2_t" time="5.79357147216797e-05" />
    <testcase name="Equals (889)" classname="spec_perl_TestExpr2_t" time="6.00814819335938e-05" />
  </testsuite>
  <testsuite name="spec_perl_TestExprSizeofValueSized_t" errors="0" failures="0" skipped="0" tests="5" time="0.0311839580535889">
    <system-out>1..5
ok 1 - Equals
ok 2 - Equals
ok 3 - Equals
ok 4 - Equals
ok 5 - Equals
</system-out>
    <testcase name="Equals (890)" classname="spec_perl_TestExprSizeofValueSized_t" time="0.00146794319152832" />
    <testcase name="Equals (891)" classname="spec_perl_TestExprSizeofValueSized_t" time="6.19888305664062e-05" />
    <testcase name="Equals (892)" classname="spec_perl_TestExprSizeofValueSized_t" time="3.69548797607422e-05" />
    <testcase name="Equals (893)" classname="spec_perl_TestExprSizeofValueSized_t" time="4.41074371337891e-05" />
    <testcase name="Equals (894)" classname="spec_perl_TestExprSizeofValueSized_t" time="4.29153442382812e-05" />
  </testsuite>
  <testsuite name="spec_perl_TestSwitchManualInt_t" errors="0" failures="0" skipped="0" tests="9" time="0.0353748798370361">
    <system-out>1..9
ok 1 - Equals
ok 2 - Equals
ok 3 - Equals
ok 4 - Equals
ok 5 - Equals
ok 6 - Equals
ok 7 - Equals
ok 8 - Equals
ok 9 - Equals
</system-out>
    <testcase name="Equals (895)" classname="spec_perl_TestSwitchManualInt_t" time="0.00120902061462402" />
    <testcase name="Equals (896)" classname="spec_perl_TestSwitchManualInt_t" time="8.60691070556641e-05" />
    <testcase name="Equals (897)" classname="spec_perl_TestSwitchManualInt_t" time="3.79085540771484e-05" />
    <testcase name="Equals (898)" classname="spec_perl_TestSwitchManualInt_t" time="3.71932983398438e-05" />
    <testcase name="Equals (899)" classname="spec_perl_TestSwitchManualInt_t" time="4.60147857666016e-05" />
    <testcase name="Equals (900)" classname="spec_perl_TestSwitchManualInt_t" time="3.98159027099609e-05" />
    <testcase name="Equals (901)" classname="spec_perl_TestSwitchManualInt_t" time="4.31537628173828e-05" />
    <testcase name="Equals (902)" classname="spec_perl_TestSwitchManualInt_t" time="3.09944152832031e-05" />
    <testcase name="Equals (903)" classname="spec_perl_TestSwitchManualInt_t" time="4.10079956054688e-05" />
  </testsuite>
  <testsuite name="spec_perl_TestSwitchElseOnly_t" errors="0" failures="0" skipped="0" tests="3" time="0.0303699970245361">
    <system-out>1..3
ok 1 - Equals
ok 2 - Equals
ok 3 - Equals
</system-out>
    <testcase name="Equals (904)" classname="spec_perl_TestSwitchElseOnly_t" time="0.00107192993164062" />
    <testcase name="Equals (905)" classname="spec_perl_TestSwitchElseOnly_t" time="6.89029693603516e-05" />
    <testcase name="Equals (906)" classname="spec_perl_TestSwitchElseOnly_t" time="4.22000885009766e-05" />
  </testsuite>
  <testsuite name="spec_perl_TestEnumDeepLiterals_t" errors="0" failures="0" skipped="0" tests="2" time="0.0311799049377441">
    <system-out>1..2
ok 1 - Equals
ok 2 - Equals
</system-out>
    <testcase name="Equals (907)" classname="spec_perl_TestEnumDeepLiterals_t" time="0.00114202499389648" />
    <testcase name="Equals (908)" classname="spec_perl_TestEnumDeepLiterals_t" time="7.39097595214844e-05" />
  </testsuite>
  <testsuite name="spec_perl_TestExprIoPos_t" errors="0" failures="0" skipped="0" tests="6" time="0.0357921123504639">
    <system-out>1..6
ok 1 - Equals
ok 2 - Equals
ok 3 - Equals
ok 4 - Equals
ok 5 - Equals
ok 6 - Equals
</system-out>
    <testcase name="Equals (909)" classname="spec_perl_TestExprIoPos_t" time="0.00248003005981445" />
    <testcase name="Equals (910)" classname="spec_perl_TestExprIoPos_t" time="5.69820404052734e-05" />
    <testcase name="Equals (911)" classname="spec_perl_TestExprIoPos_t" time="3.69548797607422e-05" />
    <testcase name="Equals (912)" classname="spec_perl_TestExprIoPos_t" time="4.00543212890625e-05" />
    <testcase name="Equals (913)" classname="spec_perl_TestExprIoPos_t" time="3.29017639160156e-05" />
    <testcase name="Equals (914)" classname="spec_perl_TestExprIoPos_t" time="3.19480895996094e-05" />
  </testsuite>
  <testsuite name="spec_perl_TestParamsPassUsertype_t" errors="0" failures="1" skipped="1" tests="2" time="0.0310850143432617">
    <system-out>1..2
not ok 1 - test_params_pass_usertype died (Can't call method &quot;foo&quot; on an undefined value at compiled/perl/ParamsPassUsertype.pm line 119.)
ok 2 # skip test_params_pass_usertype died
</system-out>
    <testcase name="test_params_pass_usertype died (Can't call method &quot;foo&quot; on an undefined value at compiled/perl/ParamsPassUsertype.pm line 119.) (914)" classname="spec_perl_TestParamsPassUsertype_t" time="0.00111103057861328">
      <failure message="not ok 1 - test_params_pass_usertype died (Can't call method &quot;foo&quot; on an undefined value at compiled/perl/ParamsPassUsertype.pm line 119.)" type="TAP::Parser::Result::Test"></failure>
    </testcase>
    <testcase name="Unnamed test case 914" classname="spec_perl_TestParamsPassUsertype_t" time="9.79900360107422e-05">
      <skipped message="ok 2 # skip test_params_pass_usertype died" />
    </testcase>
  </testsuite>
  <testsuite name="spec_perl_TestParamsPassStruct_t" errors="0" failures="1" skipped="1" tests="4" time="0.0316050052642822">
    <system-out>1..4
ok 1 - Equals
ok 2 - Equals
not ok 3 - test_params_pass_struct died (Can't call method &quot;foo&quot; on an undefined value at spec/perl/TestParamsPassStruct.t line 16.)
ok 4 # skip test_params_pass_struct died
</system-out>
    <testcase name="Equals (915)" classname="spec_perl_TestParamsPassStruct_t" time="0.00122594833374023" />
    <testcase name="Equals (916)" classname="spec_perl_TestParamsPassStruct_t" time="5.48362731933594e-05" />
    <testcase name="test_params_pass_struct died (Can't call method &quot;foo&quot; on an undefined value at spec/perl/TestParamsPassStruct.t line 16.) (916)" classname="spec_perl_TestParamsPassStruct_t" time="8.82148742675781e-05">
      <failure message="not ok 3 - test_params_pass_struct died (Can't call method &quot;foo&quot; on an undefined value at spec/perl/TestParamsPassStruct.t line 16.)" type="TAP::Parser::Result::Test"></failure>
    </testcase>
    <testcase name="Unnamed test case 916" classname="spec_perl_TestParamsPassStruct_t" time="0.000545978546142578">
      <skipped message="ok 4 # skip test_params_pass_struct died" />
    </testcase>
  </testsuite>
  <testsuite name="spec_perl_TestBitsUnalignedB64Le_t" errors="0" failures="0" skipped="0" tests="3" time="0.0344588756561279">
    <system-out>1..3
ok 1 - Equals
ok 2 - Equals
ok 3 - Equals
</system-out>
    <testcase name="Equals (917)" classname="spec_perl_TestBitsUnalignedB64Le_t" time="0.00166416168212891" />
    <testcase name="Equals (918)" classname="spec_perl_TestBitsUnalignedB64Le_t" time="0.000218868255615234" />
    <testcase name="Equals (919)" classname="spec_perl_TestBitsUnalignedB64Le_t" time="0.000154972076416016" />
  </testsuite>
  <testsuite name="spec_perl_TestNestedSameName_t" errors="0" failures="0" skipped="0" tests="2" time="0.0317618846893311">
    <system-out>1..2
ok 1 - Equals
ok 2 - Equals
</system-out>
    <testcase name="Equals (920)" classname="spec_perl_TestNestedSameName_t" time="0.00116896629333496" />
    <testcase name="Equals (921)" classname="spec_perl_TestNestedSameName_t" time="6.50882720947266e-05" />
  </testsuite>
  <testsuite name="spec_perl_TestStrEncodings_t" errors="0" failures="0" skipped="0" tests="4" time="0.0393340587615967">
    <system-out>1..4
ok 1 - Equals
ok 2 - Equals
ok 3 - Equals
ok 4 - Equals
</system-out>
    <testcase name="Equals (922)" classname="spec_perl_TestStrEncodings_t" time="0.00495100021362305" />
    <testcase name="Equals (923)" classname="spec_perl_TestStrEncodings_t" time="9.89437103271484e-05" />
    <testcase name="Equals (924)" classname="spec_perl_TestStrEncodings_t" time="4.00543212890625e-05" />
    <testcase name="Equals (925)" classname="spec_perl_TestStrEncodings_t" time="3.69548797607422e-05" />
  </testsuite>
  <testsuite name="spec_perl_TestInstanceStd_t" errors="0" failures="0" skipped="0" tests="1" time="0.0344870090484619">
    <system-out>1..1
ok 1 - Equals
</system-out>
    <testcase name="Equals (926)" classname="spec_perl_TestInstanceStd_t" time="0.00119900703430176" />
  </testsuite>
  <testsuite name="spec_perl_TestParamsPassBool_t" errors="0" failures="1" skipped="13" tests="14" time="0.0319089889526367">
    <system-out>1..14
not ok 1 - test_params_pass_bool died (Requested 2 bytes, but only 1 bytes available at ../runtime/perl/lib/IO/KaitaiStruct.pm line 338.)
ok 2 # skip test_params_pass_bool died
ok 3 # skip test_params_pass_bool died
ok 4 # skip test_params_pass_bool died
ok 5 # skip test_params_pass_bool died
ok 6 # skip test_params_pass_bool died
ok 7 # skip test_params_pass_bool died
ok 8 # skip test_params_pass_bool died
ok 9 # skip test_params_pass_bool died
ok 10 # skip test_params_pass_bool died
ok 11 # skip test_params_pass_bool died
ok 12 # skip test_params_pass_bool died
ok 13 # skip test_params_pass_bool died
ok 14 # skip test_params_pass_bool died
</system-out>
    <testcase name="test_params_pass_bool died (Requested 2 bytes, but only 1 bytes available at ../runtime/perl/lib/IO/KaitaiStruct.pm line 338.) (926)" classname="spec_perl_TestParamsPassBool_t" time="0.00121307373046875">
      <failure message="not ok 1 - test_params_pass_bool died (Requested 2 bytes, but only 1 bytes available at ../runtime/perl/lib/IO/KaitaiStruct.pm line 338.)" type="TAP::Parser::Result::Test"></failure>
    </testcase>
    <testcase name="Unnamed test case 926" classname="spec_perl_TestParamsPassBool_t" time="8.98838043212891e-05">
      <skipped message="ok 2 # skip test_params_pass_bool died" />
    </testcase>
    <testcase name="Unnamed test case 927" classname="spec_perl_TestParamsPassBool_t" time="4.69684600830078e-05">
      <skipped message="ok 3 # skip test_params_pass_bool died" />
    </testcase>
    <testcase name="Unnamed test case 928" classname="spec_perl_TestParamsPassBool_t" time="5.69820404052734e-05">
      <skipped message="ok 4 # skip test_params_pass_bool died" />
    </testcase>
    <testcase name="Unnamed test case 929" classname="spec_perl_TestParamsPassBool_t" time="3.69548797607422e-05">
      <skipped message="ok 5 # skip test_params_pass_bool died" />
    </testcase>
    <testcase name="Unnamed test case 930" classname="spec_perl_TestParamsPassBool_t" time="4.10079956054688e-05">
      <skipped message="ok 6 # skip test_params_pass_bool died" />
    </testcase>
    <testcase name="Unnamed test case 931" classname="spec_perl_TestParamsPassBool_t" time="3.50475311279297e-05">
      <skipped message="ok 7 # skip test_params_pass_bool died" />
    </testcase>
    <testcase name="Unnamed test case 932" classname="spec_perl_TestParamsPassBool_t" time="3.91006469726562e-05">
      <skipped message="ok 8 # skip test_params_pass_bool died" />
    </testcase>
    <testcase name="Unnamed test case 933" classname="spec_perl_TestParamsPassBool_t" time="3.50475311279297e-05">
      <skipped message="ok 9 # skip test_params_pass_bool died" />
    </testcase>
    <testcase name="Unnamed test case 934" classname="spec_perl_TestParamsPassBool_t" time="3.48091125488281e-05">
      <skipped message="ok 10 # skip test_params_pass_bool died" />
    </testcase>
    <testcase name="Unnamed test case 935" classname="spec_perl_TestParamsPassBool_t" time="3.50475311279297e-05">
      <skipped message="ok 11 # skip test_params_pass_bool died" />
    </testcase>
    <testcase name="Unnamed test case 936" classname="spec_perl_TestParamsPassBool_t" time="3.50475311279297e-05">
      <skipped message="ok 12 # skip test_params_pass_bool died" />
    </testcase>
    <testcase name="Unnamed test case 937" classname="spec_perl_TestParamsPassBool_t" time="3.60012054443359e-05">
      <skipped message="ok 13 # skip test_params_pass_bool died" />
    </testcase>
    <testcase name="Unnamed test case 938" classname="spec_perl_TestParamsPassBool_t" time="5.19752502441406e-05">
      <skipped message="ok 14 # skip test_params_pass_bool died" />
    </testcase>
  </testsuite>
  <testsuite name="spec_perl_TestNestedTypes2_t" errors="0" failures="0" skipped="0" tests="7" time="0.0313961505889893">
    <system-out>1..7
ok 1 - Equals
ok 2 - Equals
ok 3 - Equals
ok 4 - Equals
ok 5 - Equals
ok 6 - Equals
ok 7 - Equals
</system-out>
    <testcase name="Equals (938)" classname="spec_perl_TestNestedTypes2_t" time="0.00120091438293457" />
    <testcase name="Equals (939)" classname="spec_perl_TestNestedTypes2_t" time="7.10487365722656e-05" />
    <testcase name="Equals (940)" classname="spec_perl_TestNestedTypes2_t" time="3.69548797607422e-05" />
    <testcase name="Equals (941)" classname="spec_perl_TestNestedTypes2_t" time="4.79221343994141e-05" />
    <testcase name="Equals (942)" classname="spec_perl_TestNestedTypes2_t" time="4.22000885009766e-05" />
    <testcase name="Equals (943)" classname="spec_perl_TestNestedTypes2_t" time="4.1961669921875e-05" />
    <testcase name="Equals (944)" classname="spec_perl_TestNestedTypes2_t" time="5.60283660888672e-05" />
  </testsuite>
  <testsuite name="spec_perl_TestEnumNegative_t" errors="0" failures="0" skipped="0" tests="2" time="0.0302338600158691">
    <system-out>1..2
ok 1 - Equals
ok 2 - Equals
</system-out>
    <testcase name="Equals (945)" classname="spec_perl_TestEnumNegative_t" time="0.0010840892791748" />
    <testcase name="Equals (946)" classname="spec_perl_TestEnumNegative_t" time="5.88893890380859e-05" />
  </testsuite>
  <testsuite name="spec_perl_TestCombineBytes_t" errors="0" failures="0" skipped="0" tests="10" time="0.0307948589324951">
    <system-out>1..10
ok 1 - Equals
ok 2 - Equals
ok 3 - Equals
ok 4 - Equals
ok 5 - Equals
ok 6 - Equals
ok 7 - Equals
ok 8 - Equals
ok 9 - Equals
ok 10 - Equals
</system-out>
    <testcase name="Equals (947)" classname="spec_perl_TestCombineBytes_t" time="0.00114107131958008" />
    <testcase name="Equals (948)" classname="spec_perl_TestCombineBytes_t" time="5.69820404052734e-05" />
    <testcase name="Equals (949)" classname="spec_perl_TestCombineBytes_t" time="4.48226928710938e-05" />
    <testcase name="Equals (950)" classname="spec_perl_TestCombineBytes_t" time="4.31537628173828e-05" />
    <testcase name="Equals (951)" classname="spec_perl_TestCombineBytes_t" time="4.29153442382812e-05" />
    <testcase name="Equals (952)" classname="spec_perl_TestCombineBytes_t" time="7.51018524169922e-05" />
    <testcase name="Equals (953)" classname="spec_perl_TestCombineBytes_t" time="4.29153442382812e-05" />
    <testcase name="Equals (954)" classname="spec_perl_TestCombineBytes_t" time="5.91278076171875e-05" />
    <testcase name="Equals (955)" classname="spec_perl_TestCombineBytes_t" time="6.07967376708984e-05" />
    <testcase name="Equals (956)" classname="spec_perl_TestCombineBytes_t" time="6.81877136230469e-05" />
  </testsuite>
  <testsuite name="spec_perl_TestExprBytesCmp_t" errors="0" failures="0" skipped="0" tests="10" time="0.0313599109649658">
    <system-out>1..10
ok 1 - Equals
ok 2 - Equals
ok 3 - Equals
ok 4 - Equals
ok 5 - Equals
ok 6 - Equals
ok 7 - Equals
ok 8 - Equals
ok 9 - Equals
ok 10 - Equals
</system-out>
    <testcase name="Equals (957)" classname="spec_perl_TestExprBytesCmp_t" time="0.00117588043212891" />
    <testcase name="Equals (958)" classname="spec_perl_TestExprBytesCmp_t" time="5.50746917724609e-05" />
    <testcase name="Equals (959)" classname="spec_perl_TestExprBytesCmp_t" time="4.60147857666016e-05" />
    <testcase name="Equals (960)" classname="spec_perl_TestExprBytesCmp_t" time="4.38690185546875e-05" />
    <testcase name="Equals (961)" classname="spec_perl_TestExprBytesCmp_t" time="6.69956207275391e-05" />
    <testcase name="Equals (962)" classname="spec_perl_TestExprBytesCmp_t" time="6.31809234619141e-05" />
    <testcase name="Equals (963)" classname="spec_perl_TestExprBytesCmp_t" time="5.98430633544922e-05" />
    <testcase name="Equals (964)" classname="spec_perl_TestExprBytesCmp_t" time="6.41345977783203e-05" />
    <testcase name="Equals (965)" classname="spec_perl_TestExprBytesCmp_t" time="6.69956207275391e-05" />
    <testcase name="Equals (966)" classname="spec_perl_TestExprBytesCmp_t" time="5.69820404052734e-05" />
  </testsuite>
  <testsuite name="spec_perl_TestIndexToParamUntil_t" errors="0" failures="2" skipped="0" tests="7" time="0.0355310440063477">
    <system-out>1..7
ok 1 - Equals
ok 2 - Equals
ok 3 - Equals
ok 4 - Equals
ok 5 - Equals
not ok 6 - Equals
not ok 7 - Equals
</system-out>
    <testcase name="Equals (967)" classname="spec_perl_TestIndexToParamUntil_t" time="0.00199985504150391" />
    <testcase name="Equals (968)" classname="spec_perl_TestIndexToParamUntil_t" time="7.29560852050781e-05" />
    <testcase name="Equals (969)" classname="spec_perl_TestIndexToParamUntil_t" time="3.814697265625e-05" />
    <testcase name="Equals (970)" classname="spec_perl_TestIndexToParamUntil_t" time="4.79221343994141e-05" />
    <testcase name="Equals (971)" classname="spec_perl_TestIndexToParamUntil_t" time="3.40938568115234e-05" />
    <testcase name="Equals (972)" classname="spec_perl_TestIndexToParamUntil_t" time="4.48226928710938e-05">
      <failure message="not ok 6 - Equals" type="TAP::Parser::Result::Test"></failure>
    </testcase>
    <testcase name="Equals (973)" classname="spec_perl_TestIndexToParamUntil_t" time="5.31673431396484e-05">
      <failure message="not ok 7 - Equals" type="TAP::Parser::Result::Test"></failure>
    </testcase>
  </testsuite>
  <testsuite name="spec_perl_TestSwitchBytearray_t" errors="0" failures="0" skipped="0" tests="9" time="0.0360138416290283">
    <system-out>1..9
ok 1 - Equals
ok 2 - Equals
ok 3 - Equals
ok 4 - Equals
ok 5 - Equals
ok 6 - Equals
ok 7 - Equals
ok 8 - Equals
ok 9 - Equals
</system-out>
    <testcase name="Equals (974)" classname="spec_perl_TestSwitchBytearray_t" time="0.00120186805725098" />
    <testcase name="Equals (975)" classname="spec_perl_TestSwitchBytearray_t" time="6.103515625e-05" />
    <testcase name="Equals (976)" classname="spec_perl_TestSwitchBytearray_t" time="4.00543212890625e-05" />
    <testcase name="Equals (977)" classname="spec_perl_TestSwitchBytearray_t" time="4.50611114501953e-05" />
    <testcase name="Equals (978)" classname="spec_perl_TestSwitchBytearray_t" time="4.1961669921875e-05" />
    <testcase name="Equals (979)" classname="spec_perl_TestSwitchBytearray_t" time="4.29153442382812e-05" />
    <testcase name="Equals (980)" classname="spec_perl_TestSwitchBytearray_t" time="6.19888305664062e-05" />
    <testcase name="Equals (981)" classname="spec_perl_TestSwitchBytearray_t" time="7.51018524169922e-05" />
    <testcase name="Equals (982)" classname="spec_perl_TestSwitchBytearray_t" time="4.29153442382812e-05" />
  </testsuite>
  <testsuite name="spec_perl_TestParamsCallExtraParens_t" errors="0" failures="1" skipped="0" tests="1" time="0.0366711616516113">
    <system-out>1..1
not ok 1 - Equals
</system-out>
    <testcase name="Equals (983)" classname="spec_perl_TestParamsCallExtraParens_t" time="0.00222301483154297">
      <failure message="not ok 1 - Equals" type="TAP::Parser::Result::Test"></failure>
    </testcase>
  </testsuite>
  <testsuite name="spec_perl_TestBitsEnum_t" errors="0" failures="0" skipped="0" tests="3" time="0.0304930210113525">
    <system-out>1..3
ok 1 - Equals
ok 2 - Equals
ok 3 - Equals
</system-out>
    <testcase name="Equals (984)" classname="spec_perl_TestBitsEnum_t" time="0.00109291076660156" />
    <testcase name="Equals (985)" classname="spec_perl_TestBitsEnum_t" time="5.79357147216797e-05" />
    <testcase name="Equals (986)" classname="spec_perl_TestBitsEnum_t" time="5.50746917724609e-05" />
  </testsuite>
</testsuites>
