<?xml version='1.0' encoding='utf-8'?>
<testsuites>
  <testsuite name="spec_perl_TestCombineBool_t" errors="0" failures="0" skipped="0" tests="2" time="0.0346951484680176">
    <system-out>1..2
ok 1 - Equals
ok 2 - Equals
</system-out>
    <testcase name="Equals" classname="spec_perl_TestCombineBool_t" time="0.00136303901672363" />
    <testcase name="Equals (2)" classname="spec_perl_TestCombineBool_t" time="7.00950622558594e-05" />
  </testsuite>
  <testsuite name="spec_perl_TestValidSwitch_t" errors="0" failures="0" skipped="1" tests="1" time="0.0342981815338135">
    <system-out>1..1
ok 1 # skip ValidSwitch=HASH(0x55c2c92afa30)
</system-out>
    <testcase name="Unnamed test case 2" classname="spec_perl_TestValidSwitch_t" time="0.00171709060668945">
      <skipped message="ok 1 # skip ValidSwitch=HASH(0x55c2c92afa30)" />
    </testcase>
  </testsuite>
  <testsuite name="spec_perl_TestBitsUnalignedB32Be_t" errors="0" failures="0" skipped="0" tests="3" time="0.0345790386199951">
    <system-out>1..3
ok 1 - Equals
ok 2 - Equals
ok 3 - Equals
</system-out>
    <testcase name="Equals (3)" classname="spec_perl_TestBitsUnalignedB32Be_t" time="0.00146603584289551" />
    <testcase name="Equals (4)" classname="spec_perl_TestBitsUnalignedB32Be_t" time="7.98702239990234e-05" />
    <testcase name="Equals (5)" classname="spec_perl_TestBitsUnalignedB32Be_t" time="4.60147857666016e-05" />
  </testsuite>
  <testsuite name="spec_perl_TestBitsSignedShiftB64Le_t" errors="0" failures="0" skipped="0" tests="2" time="0.0350379943847656">
    <system-out>1..2
ok 1 - Equals
ok 2 - Equals
</system-out>
    <testcase name="Equals (6)" classname="spec_perl_TestBitsSignedShiftB64Le_t" time="0.0013129711151123" />
    <testcase name="Equals (7)" classname="spec_perl_TestBitsSignedShiftB64Le_t" time="8.0108642578125e-05" />
  </testsuite>
  <testsuite name="spec_perl_TestInstanceStdArray_t" errors="0" failures="0" skipped="0" tests="7" time="0.0351362228393555">
    <system-out>1..7
ok 1 - Equals
ok 2 - Equals
ok 3 - Equals
ok 4 - Equals
ok 5 - Equals
ok 6 - Equals
ok 7 - Equals
</system-out>
    <testcase name="Equals (8)" classname="spec_perl_TestInstanceStdArray_t" time="0.00137591361999512" />
    <testcase name="Equals (9)" classname="spec_perl_TestInstanceStdArray_t" time="0.000134944915771484" />
    <testcase name="Equals (10)" classname="spec_perl_TestInstanceStdArray_t" time="5.60283660888672e-05" />
    <testcase name="Equals (11)" classname="spec_perl_TestInstanceStdArray_t" time="6.103515625e-05" />
    <testcase name="Equals (12)" classname="spec_perl_TestInstanceStdArray_t" time="4.1961669921875e-05" />
    <testcase name="Equals (13)" classname="spec_perl_TestInstanceStdArray_t" time="4.41074371337891e-05" />
    <testcase name="Equals (14)" classname="spec_perl_TestInstanceStdArray_t" time="5.19752502441406e-05" />
  </testsuite>
  <testsuite name="spec_perl_TestRepeatUntilS4_t" errors="0" failures="0" skipped="0" tests="2" time="0.0397360324859619">
    <system-out>1..2
ok 1 - Equals
ok 2 - Equals
</system-out>
    <testcase name="Equals (15)" classname="spec_perl_TestRepeatUntilS4_t" time="0.00131106376647949" />
    <testcase name="Equals (16)" classname="spec_perl_TestRepeatUntilS4_t" time="7.89165496826172e-05" />
  </testsuite>
  <testsuite name="spec_perl_TestSwitchManualEnumInvalid_t" errors="0" failures="0" skipped="0" tests="5" time="0.0402119159698486">
    <system-out>1..5
ok 1 - Equals
ok 2 - Equals
ok 3 - nil
ok 4 - Equals
ok 5 - nil
</system-out>
    <testcase name="Equals (17)" classname="spec_perl_TestSwitchManualEnumInvalid_t" time="0.00135397911071777" />
    <testcase name="Equals (18)" classname="spec_perl_TestSwitchManualEnumInvalid_t" time="8.20159912109375e-05" />
    <testcase name="nil (18)" classname="spec_perl_TestSwitchManualEnumInvalid_t" time="5.29289245605469e-05" />
    <testcase name="Equals (19)" classname="spec_perl_TestSwitchManualEnumInvalid_t" time="5.91278076171875e-05" />
    <testcase name="nil (19)" classname="spec_perl_TestSwitchManualEnumInvalid_t" time="4.29153442382812e-05" />
  </testsuite>
  <testsuite name="spec_perl_TestEnumToIClassBorder1_t" errors="0" failures="1" skipped="0" tests="3" time="0.0361049175262451">
    <system-out>1..3
ok 1 - Equals
ok 2 - Equals
not ok 3 - test_enum_to_i_class_border_1 died (Can't call method &quot;some_dog&quot; on an undefined value at compiled/perl/EnumToIClassBorder2.pm line 42.)
</system-out>
    <testcase name="Equals (20)" classname="spec_perl_TestEnumToIClassBorder1_t" time="0.00132608413696289" />
    <testcase name="Equals (21)" classname="spec_perl_TestEnumToIClassBorder1_t" time="7.89165496826172e-05" />
    <testcase name="test_enum_to_i_class_border_1 died (Can't call method &quot;some_dog&quot; on an undefined value at compiled/perl/EnumToIClassBorder2.pm line 42.) (21)" classname="spec_perl_TestEnumToIClassBorder1_t" time="6.69956207275391e-05">
      <failure message="not ok 3 - test_enum_to_i_class_border_1 died (Can't call method &quot;some_dog&quot; on an undefined value at compiled/perl/EnumToIClassBorder2.pm line 42.)" type="TAP::Parser::Result::Test"></failure>
    </testcase>
  </testsuite>
  <testsuite name="spec_perl_TestExprSizeofValueSized_t" errors="0" failures="0" skipped="0" tests="5" time="0.0387001037597656">
    <system-out>1..5
ok 1 - Equals
ok 2 - Equals
ok 3 - Equals
ok 4 - Equals
ok 5 - Equals
</system-out>
    <testcase name="Equals (22)" classname="spec_perl_TestExprSizeofValueSized_t" time="0.00143885612487793" />
    <testcase name="Equals (23)" classname="spec_perl_TestExprSizeofValueSized_t" time="6.00814819335938e-05" />
    <testcase name="Equals (24)" classname="spec_perl_TestExprSizeofValueSized_t" time="3.79085540771484e-05" />
    <testcase name="Equals (25)" classname="spec_perl_TestExprSizeofValueSized_t" time="3.40938568115234e-05" />
    <testcase name="Equals (26)" classname="spec_perl_TestExprSizeofValueSized_t" time="3.38554382324219e-05" />
  </testsuite>
  <testsuite name="spec_perl_TestDocstringsDocrefMulti_t" errors="0" failures="0" skipped="1" tests="1" time="0.0347268581390381">
    <system-out>1..1
ok 1 # skip DocstringsDocrefMulti=HASH(0x555b2dc68a80)
</system-out>
    <testcase name="Unnamed test case 26" classname="spec_perl_TestDocstringsDocrefMulti_t" time="0.00160598754882812">
      <skipped message="ok 1 # skip DocstringsDocrefMulti=HASH(0x555b2dc68a80)" />
    </testcase>
  </testsuite>
  <testsuite name="spec_perl_TestStrLiterals_t" errors="0" failures="0" skipped="0" tests="5" time="0.0347681045532227">
    <system-out>1..5
ok 1 - Equals
ok 2 - Equals
ok 3 - Equals
ok 4 - Equals
ok 5 - Equals
</system-out>
    <testcase name="Equals (27)" classname="spec_perl_TestStrLiterals_t" time="0.0011909008026123" />
    <testcase name="Equals (28)" classname="spec_perl_TestStrLiterals_t" time="7.20024108886719e-05" />
    <testcase name="Equals (29)" classname="spec_perl_TestStrLiterals_t" time="5.60283660888672e-05" />
    <testcase name="Equals (30)" classname="spec_perl_TestStrLiterals_t" time="0.000103950500488281" />
    <testcase name="Equals (31)" classname="spec_perl_TestStrLiterals_t" time="6.31809234619141e-05" />
  </testsuite>
  <testsuite name="spec_perl_TestCastToImported_t" errors="0" failures="0" skipped="0" tests="2" time="0.0344038009643555">
    <system-out>1..2
ok 1 - Equals
ok 2 - Equals
</system-out>
    <testcase name="Equals (32)" classname="spec_perl_TestCastToImported_t" time="0.0014801025390625" />
    <testcase name="Equals (33)" classname="spec_perl_TestCastToImported_t" time="5.98430633544922e-05" />
  </testsuite>
  <testsuite name="spec_perl_TestStrLiterals2_t" errors="0" failures="0" skipped="0" tests="4" time="0.0343780517578125">
    <system-out>1..4
ok 1 - Equals
ok 2 - Equals
ok 3 - Equals
ok 4 - Equals
</system-out>
    <testcase name="Equals (34)" classname="spec_perl_TestStrLiterals2_t" time="0.00129294395446777" />
    <testcase name="Equals (35)" classname="spec_perl_TestStrLiterals2_t" time="8.48770141601562e-05" />
    <testcase name="Equals (36)" classname="spec_perl_TestStrLiterals2_t" time="4.91142272949219e-05" />
    <testcase name="Equals (37)" classname="spec_perl_TestStrLiterals2_t" time="5.41210174560547e-05" />
  </testsuite>
  <testsuite name="spec_perl_TestOptionalId_t" errors="0" failures="0" skipped="0" tests="3" time="0.038444995880127">
    <system-out>1..3
ok 1 - Equals
ok 2 - Equals
ok 3 - Equals
</system-out>
    <testcase name="Equals (38)" classname="spec_perl_TestOptionalId_t" time="0.00137495994567871" />
    <testcase name="Equals (39)" classname="spec_perl_TestOptionalId_t" time="6.69956207275391e-05" />
    <testcase name="Equals (40)" classname="spec_perl_TestOptionalId_t" time="6.69956207275391e-05" />
  </testsuite>
  <testsuite name="spec_perl_TestSwitchCast_t" errors="0" failures="0" skipped="0" tests="2" time="0.039661169052124">
    <system-out>1..2
ok 1 - Equals
ok 2 - Equals
</system-out>
    <testcase name="Equals (41)" classname="spec_perl_TestSwitchCast_t" time="0.00147199630737305" />
    <testcase name="Equals (42)" classname="spec_perl_TestSwitchCast_t" time="8.79764556884766e-05" />
  </testsuite>
  <testsuite name="spec_perl_TestProcessToUser_t" errors="0" failures="0" skipped="0" tests="1" time="0.0400400161743164">
    <system-out>1..1
ok 1 - Equals
</system-out>
    <testcase name="Equals (43)" classname="spec_perl_TestProcessToUser_t" time="0.00181102752685547" />
  </testsuite>
  <testsuite name="spec_perl_TestExprIntDiv_t" errors="0" failures="2" skipped="0" tests="6" time="0.0369000434875488">
    <system-out>1..6
ok 1 - Equals
ok 2 - Equals
ok 3 - Equals
not ok 4 - Equals
ok 5 - Equals
not ok 6 - Equals
</system-out>
    <testcase name="Equals (44)" classname="spec_perl_TestExprIntDiv_t" time="0.00137901306152344" />
    <testcase name="Equals (45)" classname="spec_perl_TestExprIntDiv_t" time="7.70092010498047e-05" />
    <testcase name="Equals (46)" classname="spec_perl_TestExprIntDiv_t" time="4.1961669921875e-05" />
    <testcase name="Equals (47)" classname="spec_perl_TestExprIntDiv_t" time="5.48362731933594e-05">
      <failure message="not ok 4 - Equals" type="TAP::Parser::Result::Test"></failure>
    </testcase>
    <testcase name="Equals (48)" classname="spec_perl_TestExprIntDiv_t" time="0.000694036483764648" />
    <testcase name="Equals (49)" classname="spec_perl_TestExprIntDiv_t" time="0.000236034393310547">
      <failure message="not ok 6 - Equals" type="TAP::Parser::Result::Test"></failure>
    </testcase>
  </testsuite>
  <testsuite name="spec_perl_TestNavParentOverride_t" errors="0" failures="0" skipped="0" tests="3" time="0.0359539985656738">
    <system-out>1..3
ok 1 - Equals
ok 2 - Equals
ok 3 - Equals
</system-out>
    <testcase name="Equals (50)" classname="spec_perl_TestNavParentOverride_t" time="0.00139689445495605" />
    <testcase name="Equals (51)" classname="spec_perl_TestNavParentOverride_t" time="7.70092010498047e-05" />
    <testcase name="Equals (52)" classname="spec_perl_TestNavParentOverride_t" time="4.1961669921875e-05" />
  </testsuite>
  <testsuite name="spec_perl_TestValidEqStrEncodings_t" errors="0" failures="0" skipped="1" tests="1" time="0.0435500144958496">
    <system-out>1..1
ok 1 # skip ValidEqStrEncodings=HASH(0x5632344daa70)
</system-out>
    <testcase name="Unnamed test case 52" classname="spec_perl_TestValidEqStrEncodings_t" time="0.00554299354553223">
      <skipped message="ok 1 # skip ValidEqStrEncodings=HASH(0x5632344daa70)" />
    </testcase>
  </testsuite>
  <testsuite name="spec_perl_TestFixedContents_t" errors="0" failures="0" skipped="1" tests="1" time="0.0349869728088379">
    <system-out>1..1
ok 1 # skip FixedContents=HASH(0x55c727d85940)
</system-out>
    <testcase name="Unnamed test case 53" classname="spec_perl_TestFixedContents_t" time="0.0016019344329834">
      <skipped message="ok 1 # skip FixedContents=HASH(0x55c727d85940)" />
    </testcase>
  </testsuite>
  <testsuite name="spec_perl_TestDefaultEndianExprIsLe_t" errors="0" failures="0" skipped="0" tests="12" time="0.0384600162506104">
    <system-out>1..12
ok 1 - Equals
ok 2 - Equals
ok 3 - Equals
ok 4 - Equals
ok 5 - Equals
ok 6 - Equals
ok 7 - Equals
ok 8 - Equals
ok 9 - Equals
ok 10 - Equals
ok 11 - Equals
ok 12 - Equals
</system-out>
    <testcase name="Equals (53)" classname="spec_perl_TestDefaultEndianExprIsLe_t" time="0.00182104110717773" />
    <testcase name="Equals (54)" classname="spec_perl_TestDefaultEndianExprIsLe_t" time="7.08103179931641e-05" />
    <testcase name="Equals (55)" classname="spec_perl_TestDefaultEndianExprIsLe_t" time="4.69684600830078e-05" />
    <testcase name="Equals (56)" classname="spec_perl_TestDefaultEndianExprIsLe_t" time="5.31673431396484e-05" />
    <testcase name="Equals (57)" classname="spec_perl_TestDefaultEndianExprIsLe_t" time="4.29153442382812e-05" />
    <testcase name="Equals (58)" classname="spec_perl_TestDefaultEndianExprIsLe_t" time="7.60555267333984e-05" />
    <testcase name="Equals (59)" classname="spec_perl_TestDefaultEndianExprIsLe_t" time="6.89029693603516e-05" />
    <testcase name="Equals (60)" classname="spec_perl_TestDefaultEndianExprIsLe_t" time="6.91413879394531e-05" />
    <testcase name="Equals (61)" classname="spec_perl_TestDefaultEndianExprIsLe_t" time="6.98566436767578e-05" />
    <testcase name="Equals (62)" classname="spec_perl_TestDefaultEndianExprIsLe_t" time="6.91413879394531e-05" />
    <testcase name="Equals (63)" classname="spec_perl_TestDefaultEndianExprIsLe_t" time="6.89029693603516e-05" />
    <testcase name="Equals (64)" classname="spec_perl_TestDefaultEndianExprIsLe_t" time="6.91413879394531e-05" />
  </testsuite>
  <testsuite name="spec_perl_TestProcessRepeatBytes_t" errors="0" failures="0" skipped="0" tests="2" time="0.0364258289337158">
    <system-out>1..2
ok 1 - Equals
ok 2 - Equals
</system-out>
    <testcase name="Equals (65)" classname="spec_perl_TestProcessRepeatBytes_t" time="0.00139594078063965" />
    <testcase name="Equals (66)" classname="spec_perl_TestProcessRepeatBytes_t" time="7.00950622558594e-05" />
  </testsuite>
  <testsuite name="spec_perl_TestParamsPassArrayInt_t" errors="0" failures="1" skipped="6" tests="7" time="0.0359539985656738">
    <system-out>1..7
not ok 1 - test_params_pass_array_int died (Can't use an undefined value as an ARRAY reference at spec/perl/TestParamsPassArrayInt.t line 14.)
ok 2 # skip test_params_pass_array_int died
ok 3 # skip test_params_pass_array_int died
ok 4 # skip test_params_pass_array_int died
ok 5 # skip test_params_pass_array_int died
ok 6 # skip test_params_pass_array_int died
ok 7 # skip test_params_pass_array_int died
</system-out>
    <testcase name="test_params_pass_array_int died (Can't use an undefined value as an ARRAY reference at spec/perl/TestParamsPassArrayInt.t line 14.) (66)" classname="spec_perl_TestParamsPassArrayInt_t" time="0.00146889686584473">
      <failure message="not ok 1 - test_params_pass_array_int died (Can't use an undefined value as an ARRAY reference at spec/perl/TestParamsPassArrayInt.t line 14.)" type="TAP::Parser::Result::Test"></failure>
    </testcase>
    <testcase name="Unnamed test case 66" classname="spec_perl_TestParamsPassArrayInt_t" time="0.000121116638183594">
      <skipped message="ok 2 # skip test_params_pass_array_int died" />
    </testcase>
    <testcase name="Unnamed test case 67" classname="spec_perl_TestParamsPassArrayInt_t" time="4.88758087158203e-05">
      <skipped message="ok 3 # skip test_params_pass_array_int died" />
    </testcase>
    <testcase name="Unnamed test case 68" classname="spec_perl_TestParamsPassArrayInt_t" time="4.00543212890625e-05">
      <skipped message="ok 4 # skip test_params_pass_array_int died" />
    </testcase>
    <testcase name="Unnamed test case 69" classname="spec_perl_TestParamsPassArrayInt_t" time="3.88622283935547e-05">
      <skipped message="ok 5 # skip test_params_pass_array_int died" />
    </testcase>
    <testcase name="Unnamed test case 70" classname="spec_perl_TestParamsPassArrayInt_t" time="3.60012054443359e-05">
      <skipped message="ok 6 # skip test_params_pass_array_int died" />
    </testcase>
    <testcase name="Unnamed test case 71" classname="spec_perl_TestParamsPassArrayInt_t" time="4.50611114501953e-05">
      <skipped message="ok 7 # skip test_params_pass_array_int died" />
    </testcase>
  </testsuite>
  <testsuite name="spec_perl_TestNavParent_t" errors="0" failures="0" skipped="0" tests="5" time="0.0407230854034424">
    <system-out>1..5
ok 1 - Equals
ok 2 - Equals
ok 3 - Equals
ok 4 - Equals
ok 5 - Equals
</system-out>
    <testcase name="Equals (71)" classname="spec_perl_TestNavParent_t" time="0.00151681900024414" />
    <testcase name="Equals (72)" classname="spec_perl_TestNavParent_t" time="8.91685485839844e-05" />
    <testcase name="Equals (73)" classname="spec_perl_TestNavParent_t" time="4.88758087158203e-05" />
    <testcase name="Equals (74)" classname="spec_perl_TestNavParent_t" time="4.31537628173828e-05" />
    <testcase name="Equals (75)" classname="spec_perl_TestNavParent_t" time="5.69820404052734e-05" />
  </testsuite>
  <testsuite name="spec_perl_TestTermStrz_t" errors="0" failures="0" skipped="0" tests="3" time="0.039207935333252">
    <system-out>1..3
ok 1 - Equals
ok 2 - Equals
ok 3 - Equals
</system-out>
    <testcase name="Equals (76)" classname="spec_perl_TestTermStrz_t" time="0.00130414962768555" />
    <testcase name="Equals (77)" classname="spec_perl_TestTermStrz_t" time="8.392333984375e-05" />
    <testcase name="Equals (78)" classname="spec_perl_TestTermStrz_t" time="6.29425048828125e-05" />
  </testsuite>
  <testsuite name="spec_perl_TestDefaultBitEndianMod_t" errors="0" failures="0" skipped="0" tests="4" time="0.0362510681152344">
    <system-out>1..4
ok 1 - Equals
ok 2 - Equals
ok 3 - Equals
ok 4 - Equals
</system-out>
    <testcase name="Equals (79)" classname="spec_perl_TestDefaultBitEndianMod_t" time="0.0014340877532959" />
    <testcase name="Equals (80)" classname="spec_perl_TestDefaultBitEndianMod_t" time="8.79764556884766e-05" />
    <testcase name="Equals (81)" classname="spec_perl_TestDefaultBitEndianMod_t" time="4.91142272949219e-05" />
    <testcase name="Equals (82)" classname="spec_perl_TestDefaultBitEndianMod_t" time="4.1961669921875e-05" />
  </testsuite>
  <testsuite name="spec_perl_TestExprCalcArrayOps_t" errors="0" failures="0" skipped="0" tests="18" time="0.0366199016571045">
    <system-out>1..18
ok 1 - Equals
ok 2 - Equals
ok 3 - Equals
ok 4 - Equals
ok 5 - Equals
ok 6 - Equals
ok 7 - Equals
ok 8 - Approx equals
ok 9 - Approx equals
ok 10 - Approx equals
ok 11 - Approx equals
ok 12 - Approx equals
ok 13 - Equals
ok 14 - Equals
ok 15 - Equals
ok 16 - Equals
ok 17 - Equals
ok 18 - Equals
</system-out>
    <testcase name="Equals (83)" classname="spec_perl_TestExprCalcArrayOps_t" time="0.00133395195007324" />
    <testcase name="Equals (84)" classname="spec_perl_TestExprCalcArrayOps_t" time="8.79764556884766e-05" />
    <testcase name="Equals (85)" classname="spec_perl_TestExprCalcArrayOps_t" time="3.91006469726562e-05" />
    <testcase name="Equals (86)" classname="spec_perl_TestExprCalcArrayOps_t" time="4.69684600830078e-05" />
    <testcase name="Equals (87)" classname="spec_perl_TestExprCalcArrayOps_t" time="4.50611114501953e-05" />
    <testcase name="Equals (88)" classname="spec_perl_TestExprCalcArrayOps_t" time="7.39097595214844e-05" />
    <testcase name="Equals (89)" classname="spec_perl_TestExprCalcArrayOps_t" time="8.10623168945312e-05" />
    <testcase name="Approx equals (89)" classname="spec_perl_TestExprCalcArrayOps_t" time="4.38690185546875e-05" />
    <testcase name="Approx equals (90)" classname="spec_perl_TestExprCalcArrayOps_t" time="4.22000885009766e-05" />
    <testcase name="Approx equals (91)" classname="spec_perl_TestExprCalcArrayOps_t" time="5.79357147216797e-05" />
    <testcase name="Approx equals (92)" classname="spec_perl_TestExprCalcArrayOps_t" time="4.1961669921875e-05" />
    <testcase name="Approx equals (93)" classname="spec_perl_TestExprCalcArrayOps_t" time="4.00543212890625e-05" />
    <testcase name="Equals (93)" classname="spec_perl_TestExprCalcArrayOps_t" time="8.79764556884766e-05" />
    <testcase name="Equals (94)" classname="spec_perl_TestExprCalcArrayOps_t" time="0.000190019607543945" />
    <testcase name="Equals (95)" classname="spec_perl_TestExprCalcArrayOps_t" time="4.38690185546875e-05" />
    <testcase name="Equals (96)" classname="spec_perl_TestExprCalcArrayOps_t" time="6.00814819335938e-05" />
    <testcase name="Equals (97)" classname="spec_perl_TestExprCalcArrayOps_t" time="3.19480895996094e-05" />
    <testcase name="Equals (98)" classname="spec_perl_TestExprCalcArrayOps_t" time="4.31537628173828e-05" />
  </testsuite>
  <testsuite name="spec_perl_TestNavParentFalse_t" errors="0" failures="0" skipped="0" tests="5" time="0.0357489585876465">
    <system-out>1..5
ok 1 - Equals
ok 2 - Equals
ok 3 - Equals
ok 4 - Equals
ok 5 - Equals
</system-out>
    <testcase name="Equals (99)" classname="spec_perl_TestNavParentFalse_t" time="0.00143098831176758" />
    <testcase name="Equals (100)" classname="spec_perl_TestNavParentFalse_t" time="6.98566436767578e-05" />
    <testcase name="Equals (101)" classname="spec_perl_TestNavParentFalse_t" time="6.91413879394531e-05" />
    <testcase name="Equals (102)" classname="spec_perl_TestNavParentFalse_t" time="4.79221343994141e-05" />
    <testcase name="Equals (103)" classname="spec_perl_TestNavParentFalse_t" time="4.10079956054688e-05" />
  </testsuite>
  <testsuite name="spec_perl_TestEnumLongRangeS_t" errors="0" failures="0" skipped="0" tests="7" time="0.0351588726043701">
    <system-out>1..7
ok 1 - Equals
ok 2 - Equals
ok 3 - Equals
ok 4 - Equals
ok 5 - Equals
ok 6 - Equals
ok 7 - Equals
</system-out>
    <testcase name="Equals (104)" classname="spec_perl_TestEnumLongRangeS_t" time="0.00139808654785156" />
    <testcase name="Equals (105)" classname="spec_perl_TestEnumLongRangeS_t" time="8.48770141601562e-05" />
    <testcase name="Equals (106)" classname="spec_perl_TestEnumLongRangeS_t" time="4.91142272949219e-05" />
    <testcase name="Equals (107)" classname="spec_perl_TestEnumLongRangeS_t" time="4.1961669921875e-05" />
    <testcase name="Equals (108)" classname="spec_perl_TestEnumLongRangeS_t" time="5.69820404052734e-05" />
    <testcase name="Equals (109)" classname="spec_perl_TestEnumLongRangeS_t" time="4.00543212890625e-05" />
    <testcase name="Equals (110)" classname="spec_perl_TestEnumLongRangeS_t" time="5.10215759277344e-05" />
  </testsuite>
  <testsuite name="spec_perl_TestEnumFancy_t" errors="0" failures="0" skipped="0" tests="2" time="0.0349969863891602">
    <system-out>1..2
ok 1 - Equals
ok 2 - Equals
</system-out>
    <testcase name="Equals (111)" classname="spec_perl_TestEnumFancy_t" time="0.0013880729675293" />
    <testcase name="Equals (112)" classname="spec_perl_TestEnumFancy_t" time="8.79764556884766e-05" />
  </testsuite>
  <testsuite name="spec_perl_TestIndexToParamExpr_t" errors="0" failures="2" skipped="0" tests="7" time="0.0457279682159424">
    <system-out>1..7
ok 1 - Equals
ok 2 - Equals
ok 3 - Equals
ok 4 - Equals
ok 5 - Equals
not ok 6 - Equals
not ok 7 - Equals
</system-out>
    <testcase name="Equals (113)" classname="spec_perl_TestIndexToParamExpr_t" time="0.00254511833190918" />
    <testcase name="Equals (114)" classname="spec_perl_TestIndexToParamExpr_t" time="8.20159912109375e-05" />
    <testcase name="Equals (115)" classname="spec_perl_TestIndexToParamExpr_t" time="4.00543212890625e-05" />
    <testcase name="Equals (116)" classname="spec_perl_TestIndexToParamExpr_t" time="5.38825988769531e-05" />
    <testcase name="Equals (117)" classname="spec_perl_TestIndexToParamExpr_t" time="7.60555267333984e-05" />
    <testcase name="Equals (118)" classname="spec_perl_TestIndexToParamExpr_t" time="0.000102043151855469">
      <failure message="not ok 6 - Equals" type="TAP::Parser::Result::Test"></failure>
    </testcase>
    <testcase name="Equals (119)" classname="spec_perl_TestIndexToParamExpr_t" time="0.00113296508789062">
      <failure message="not ok 7 - Equals" type="TAP::Parser::Result::Test"></failure>
    </testcase>
  </testsuite>
  <testsuite name="spec_perl_TestTypeTernaryOpaque_t" errors="0" failures="0" skipped="0" tests="3" time="0.0399138927459717">
    <system-out>1..3
ok 1 - Equals
ok 2 - Equals
ok 3 - Equals
</system-out>
    <testcase name="Equals (120)" classname="spec_perl_TestTypeTernaryOpaque_t" time="0.00177907943725586" />
    <testcase name="Equals (121)" classname="spec_perl_TestTypeTernaryOpaque_t" time="8.79764556884766e-05" />
    <testcase name="Equals (122)" classname="spec_perl_TestTypeTernaryOpaque_t" time="4.88758087158203e-05" />
  </testsuite>
  <testsuite name="spec_perl_TestBitsSignedResB32Le_t" errors="0" failures="0" skipped="0" tests="1" time="0.0353281497955322">
    <system-out>1..1
ok 1 - Equals
</system-out>
    <testcase name="Equals (123)" classname="spec_perl_TestBitsSignedResB32Le_t" time="0.00143694877624512" />
  </testsuite>
  <testsuite name="spec_perl_TestSwitchManualEnum_t" errors="0" failures="0" skipped="0" tests="9" time="0.0407149791717529">
    <system-out>1..9
ok 1 - Equals
ok 2 - Equals
ok 3 - Equals
ok 4 - Equals
ok 5 - Equals
ok 6 - Equals
ok 7 - Equals
ok 8 - Equals
ok 9 - Equals
</system-out>
    <testcase name="Equals (124)" classname="spec_perl_TestSwitchManualEnum_t" time="0.00144100189208984" />
    <testcase name="Equals (125)" classname="spec_perl_TestSwitchManualEnum_t" time="7.00950622558594e-05" />
    <testcase name="Equals (126)" classname="spec_perl_TestSwitchManualEnum_t" time="3.79085540771484e-05" />
    <testcase name="Equals (127)" classname="spec_perl_TestSwitchManualEnum_t" time="4.69684600830078e-05" />
    <testcase name="Equals (128)" classname="spec_perl_TestSwitchManualEnum_t" time="5.41210174560547e-05" />
    <testcase name="Equals (129)" classname="spec_perl_TestSwitchManualEnum_t" time="9.98973846435547e-05" />
    <testcase name="Equals (130)" classname="spec_perl_TestSwitchManualEnum_t" time="5.60283660888672e-05" />
    <testcase name="Equals (131)" classname="spec_perl_TestSwitchManualEnum_t" time="5.69820404052734e-05" />
    <testcase name="Equals (132)" classname="spec_perl_TestSwitchManualEnum_t" time="6.79492950439453e-05" />
  </testsuite>
  <testsuite name="spec_perl_TestBitsShiftByB32Le_t" errors="0" failures="0" skipped="0" tests="2" time="0.0359029769897461">
    <system-out>1..2
ok 1 - Equals
ok 2 - Equals
</system-out>
    <testcase name="Equals (133)" classname="spec_perl_TestBitsShiftByB32Le_t" time="0.00142312049865723" />
    <testcase name="Equals (134)" classname="spec_perl_TestBitsShiftByB32Le_t" time="7.70092010498047e-05" />
  </testsuite>
  <testsuite name="spec_perl_TestSwitchManualEnumInvalidElse_t" errors="0" failures="0" skipped="0" tests="5" time="0.0391721725463867">
    <system-out>1..5
ok 1 - Equals
ok 2 - Equals
ok 3 - Equals
ok 4 - Equals
ok 5 - Equals
</system-out>
    <testcase name="Equals (135)" classname="spec_perl_TestSwitchManualEnumInvalidElse_t" time="0.0013129711151123" />
    <testcase name="Equals (136)" classname="spec_perl_TestSwitchManualEnumInvalidElse_t" time="6.19888305664062e-05" />
    <testcase name="Equals (137)" classname="spec_perl_TestSwitchManualEnumInvalidElse_t" time="5.00679016113281e-05" />
    <testcase name="Equals (138)" classname="spec_perl_TestSwitchManualEnumInvalidElse_t" time="7.60555267333984e-05" />
    <testcase name="Equals (139)" classname="spec_perl_TestSwitchManualEnumInvalidElse_t" time="6.98566436767578e-05" />
  </testsuite>
  <testsuite name="spec_perl_TestProcessRepeatUsertype_t" errors="0" failures="0" skipped="0" tests="4" time="0.0417699813842773">
    <system-out>1..4
ok 1 - Equals
ok 2 - Equals
ok 3 - Equals
ok 4 - Equals
</system-out>
    <testcase name="Equals (140)" classname="spec_perl_TestProcessRepeatUsertype_t" time="0.00170302391052246" />
    <testcase name="Equals (141)" classname="spec_perl_TestProcessRepeatUsertype_t" time="6.50882720947266e-05" />
    <testcase name="Equals (142)" classname="spec_perl_TestProcessRepeatUsertype_t" time="6.60419464111328e-05" />
    <testcase name="Equals (143)" classname="spec_perl_TestProcessRepeatUsertype_t" time="5.19752502441406e-05" />
  </testsuite>
  <testsuite name="spec_perl_TestBitsUnalignedB64Be_t" errors="0" failures="0" skipped="0" tests="3" time="0.0357248783111572">
    <system-out>1..3
ok 1 - Equals
ok 2 - Equals
ok 3 - Equals
</system-out>
    <testcase name="Equals (144)" classname="spec_perl_TestBitsUnalignedB64Be_t" time="0.0013430118560791" />
    <testcase name="Equals (145)" classname="spec_perl_TestBitsUnalignedB64Be_t" time="6.98566436767578e-05" />
    <testcase name="Equals (146)" classname="spec_perl_TestBitsUnalignedB64Be_t" time="5.50746917724609e-05" />
  </testsuite>
  <testsuite name="spec_perl_TestExprEnum_t" errors="0" failures="0" skipped="0" tests="3" time="0.0349600315093994">
    <system-out>1..3
ok 1 - Equals
ok 2 - Equals
ok 3 - Equals
</system-out>
    <testcase name="Equals (147)" classname="spec_perl_TestExprEnum_t" time="0.00133204460144043" />
    <testcase name="Equals (148)" classname="spec_perl_TestExprEnum_t" time="8.70227813720703e-05" />
    <testcase name="Equals (149)" classname="spec_perl_TestExprEnum_t" time="4.81605529785156e-05" />
  </testsuite>
  <testsuite name="spec_perl_TestIndexToParamUntil_t" errors="0" failures="2" skipped="0" tests="7" time="0.0424859523773193">
    <system-out>1..7
ok 1 - Equals
ok 2 - Equals
ok 3 - Equals
ok 4 - Equals
ok 5 - Equals
not ok 6 - Equals
not ok 7 - Equals
</system-out>
    <testcase name="Equals (150)" classname="spec_perl_TestIndexToParamUntil_t" time="0.00261306762695312" />
    <testcase name="Equals (151)" classname="spec_perl_TestIndexToParamUntil_t" time="8.98838043212891e-05" />
    <testcase name="Equals (152)" classname="spec_perl_TestIndexToParamUntil_t" time="4.72068786621094e-05" />
    <testcase name="Equals (153)" classname="spec_perl_TestIndexToParamUntil_t" time="6.19888305664062e-05" />
    <testcase name="Equals (154)" classname="spec_perl_TestIndexToParamUntil_t" time="4.60147857666016e-05" />
    <testcase name="Equals (155)" classname="spec_perl_TestIndexToParamUntil_t" time="6.89029693603516e-05">
      <failure message="not ok 6 - Equals" type="TAP::Parser::Result::Test"></failure>
    </testcase>
    <testcase name="Equals (156)" classname="spec_perl_TestIndexToParamUntil_t" time="0.000503063201904297">
      <failure message="not ok 7 - Equals" type="TAP::Parser::Result::Test"></failure>
    </testcase>
  </testsuite>
  <testsuite name="spec_perl_TestExprSizeofType0_t" errors="0" failures="0" skipped="0" tests="1" time="0.0381069183349609">
    <system-out>1..1
ok 1 - Equals
</system-out>
    <testcase name="Equals (157)" classname="spec_perl_TestExprSizeofType0_t" time="0.00135612487792969" />
  </testsuite>
  <testsuite name="spec_perl_TestEnumForUnknownId_t" errors="0" failures="0" skipped="0" tests="1" time="0.0344448089599609">
    <system-out>1..1
ok 1 - Equals
</system-out>
    <testcase name="Equals (158)" classname="spec_perl_TestEnumForUnknownId_t" time="0.00139808654785156" />
  </testsuite>
  <testsuite name="spec_perl_TestExprBits_t" errors="0" failures="0" skipped="0" tests="10" time="0.0358500480651855">
    <system-out>1..10
ok 1 - Equals
ok 2 - Equals
ok 3 - Equals
ok 4 - Equals
ok 5 - Equals
ok 6 - Equals
ok 7 - Equals
ok 8 - Equals
ok 9 - Equals
ok 10 - Equals
</system-out>
    <testcase name="Equals (159)" classname="spec_perl_TestExprBits_t" time="0.00146293640136719" />
    <testcase name="Equals (160)" classname="spec_perl_TestExprBits_t" time="7.79628753662109e-05" />
    <testcase name="Equals (161)" classname="spec_perl_TestExprBits_t" time="4.60147857666016e-05" />
    <testcase name="Equals (162)" classname="spec_perl_TestExprBits_t" time="7.79628753662109e-05" />
    <testcase name="Equals (163)" classname="spec_perl_TestExprBits_t" time="6.00814819335938e-05" />
    <testcase name="Equals (164)" classname="spec_perl_TestExprBits_t" time="3.60012054443359e-05" />
    <testcase name="Equals (165)" classname="spec_perl_TestExprBits_t" time="4.38690185546875e-05" />
    <testcase name="Equals (166)" classname="spec_perl_TestExprBits_t" time="4.31537628173828e-05" />
    <testcase name="Equals (167)" classname="spec_perl_TestExprBits_t" time="6.98566436767578e-05" />
    <testcase name="Equals (168)" classname="spec_perl_TestExprBits_t" time="9.41753387451172e-05" />
  </testsuite>
  <testsuite name="spec_perl_TestProcessCoerceBytes_t" errors="0" failures="0" skipped="0" tests="4" time="0.0354218482971191">
    <system-out>1..4
ok 1 - Equals
ok 2 - Equals
ok 3 - Equals
ok 4 - Equals
</system-out>
    <testcase name="Equals (169)" classname="spec_perl_TestProcessCoerceBytes_t" time="0.00147700309753418" />
    <testcase name="Equals (170)" classname="spec_perl_TestProcessCoerceBytes_t" time="8.70227813720703e-05" />
    <testcase name="Equals (171)" classname="spec_perl_TestProcessCoerceBytes_t" time="4.91142272949219e-05" />
    <testcase name="Equals (172)" classname="spec_perl_TestProcessCoerceBytes_t" time="4.1961669921875e-05" />
  </testsuite>
  <testsuite name="spec_perl_TestExprIoPos_t" errors="0" failures="0" skipped="0" tests="6" time="0.0405590534210205">
    <system-out>1..6
ok 1 - Equals
ok 2 - Equals
ok 3 - Equals
ok 4 - Equals
ok 5 - Equals
ok 6 - Equals
</system-out>
    <testcase name="Equals (173)" classname="spec_perl_TestExprIoPos_t" time="0.00182604789733887" />
    <testcase name="Equals (174)" classname="spec_perl_TestExprIoPos_t" time="7.60555267333984e-05" />
    <testcase name="Equals (175)" classname="spec_perl_TestExprIoPos_t" time="3.88622283935547e-05" />
    <testcase name="Equals (176)" classname="spec_perl_TestExprIoPos_t" time="4.81605529785156e-05" />
    <testcase name="Equals (177)" classname="spec_perl_TestExprIoPos_t" time="4.38690185546875e-05" />
    <testcase name="Equals (178)" classname="spec_perl_TestExprIoPos_t" time="4.1961669921875e-05" />
  </testsuite>
  <testsuite name="spec_perl_TestRepeatEosBit_t" errors="0" failures="0" skipped="0" tests="1" time="0.0346610546112061">
    <system-out>1..1
ok 1 - Equals
</system-out>
    <testcase name="Equals (179)" classname="spec_perl_TestRepeatEosBit_t" time="0.00135302543640137" />
  </testsuite>
  <testsuite name="spec_perl_TestBitsShiftByB64Le_t" errors="0" failures="0" skipped="0" tests="2" time="0.0351340770721436">
    <system-out>1..2
ok 1 - Equals
ok 2 - Equals
</system-out>
    <testcase name="Equals (180)" classname="spec_perl_TestBitsShiftByB64Le_t" time="0.00136303901672363" />
    <testcase name="Equals (181)" classname="spec_perl_TestBitsShiftByB64Le_t" time="6.98566436767578e-05" />
  </testsuite>
  <testsuite name="spec_perl_TestTypeTernary2ndFalsy_t" errors="0" failures="0" skipped="0" tests="13" time="0.0365328788757324">
    <system-out>1..13
ok 1 - Equals
ok 2 - Equals
ok 3 - Equals
ok 4 - Approx equals
ok 5 - Approx equals
ok 6 - Equals
ok 7 - Equals
ok 8 - Equals
ok 9 - nil
ok 10 - Equals
ok 11 - Equals
ok 12 - Equals
ok 13 - Equals
</system-out>
    <testcase name="Equals (182)" classname="spec_perl_TestTypeTernary2ndFalsy_t" time="0.00142908096313477" />
    <testcase name="Equals (183)" classname="spec_perl_TestTypeTernary2ndFalsy_t" time="8.98838043212891e-05" />
    <testcase name="Equals (184)" classname="spec_perl_TestTypeTernary2ndFalsy_t" time="5.00679016113281e-05" />
    <testcase name="Approx equals (184)" classname="spec_perl_TestTypeTernary2ndFalsy_t" time="4.60147857666016e-05" />
    <testcase name="Approx equals (185)" classname="spec_perl_TestTypeTernary2ndFalsy_t" time="6.29425048828125e-05" />
    <testcase name="Equals (185)" classname="spec_perl_TestTypeTernary2ndFalsy_t" time="5.00679016113281e-05" />
    <testcase name="Equals (186)" classname="spec_perl_TestTypeTernary2ndFalsy_t" time="4.29153442382812e-05" />
    <testcase name="Equals (187)" classname="spec_perl_TestTypeTernary2ndFalsy_t" time="5.31673431396484e-05" />
    <testcase name="nil (187)" classname="spec_perl_TestTypeTernary2ndFalsy_t" time="3.88622283935547e-05" />
    <testcase name="Equals (188)" classname="spec_perl_TestTypeTernary2ndFalsy_t" time="3.91006469726562e-05" />
    <testcase name="Equals (189)" classname="spec_perl_TestTypeTernary2ndFalsy_t" time="4.98294830322266e-05" />
    <testcase name="Equals (190)" classname="spec_perl_TestTypeTernary2ndFalsy_t" time="3.71932983398438e-05" />
    <testcase name="Equals (191)" classname="spec_perl_TestTypeTernary2ndFalsy_t" time="4.88758087158203e-05" />
  </testsuite>
  <testsuite name="spec_perl_TestExpr3_t" errors="0" failures="0" skipped="0" tests="12" time="0.0406019687652588">
    <system-out>1..12
ok 1 - Equals
ok 2 - Equals
ok 3 - Equals
ok 4 - Equals
ok 5 - Equals
ok 6 - Equals
ok 7 - Equals
ok 8 - Equals
ok 9 - Equals
ok 10 - Equals
ok 11 - Equals
ok 12 - Equals
</system-out>
    <testcase name="Equals (192)" classname="spec_perl_TestExpr3_t" time="0.00144410133361816" />
    <testcase name="Equals (193)" classname="spec_perl_TestExpr3_t" time="7.48634338378906e-05" />
    <testcase name="Equals (194)" classname="spec_perl_TestExpr3_t" time="4.31537628173828e-05" />
    <testcase name="Equals (195)" classname="spec_perl_TestExpr3_t" time="3.69548797607422e-05" />
    <testcase name="Equals (196)" classname="spec_perl_TestExpr3_t" time="4.79221343994141e-05" />
    <testcase name="Equals (197)" classname="spec_perl_TestExpr3_t" time="3.40938568115234e-05" />
    <testcase name="Equals (198)" classname="spec_perl_TestExpr3_t" time="4.88758087158203e-05" />
    <testcase name="Equals (199)" classname="spec_perl_TestExpr3_t" time="6.91413879394531e-05" />
    <testcase name="Equals (200)" classname="spec_perl_TestExpr3_t" time="6.29425048828125e-05" />
    <testcase name="Equals (201)" classname="spec_perl_TestExpr3_t" time="6.69956207275391e-05" />
    <testcase name="Equals (202)" classname="spec_perl_TestExpr3_t" time="6.98566436767578e-05" />
    <testcase name="Equals (203)" classname="spec_perl_TestExpr3_t" time="6.72340393066406e-05" />
  </testsuite>
  <testsuite name="spec_perl_TestSwitchIntegers2_t" errors="0" failures="0" skipped="0" tests="5" time="0.0345590114593506">
    <system-out>1..5
ok 1 - Equals
ok 2 - Equals
ok 3 - Equals
ok 4 - Equals
ok 5 - Equals
</system-out>
    <testcase name="Equals (204)" classname="spec_perl_TestSwitchIntegers2_t" time="0.00137710571289062" />
    <testcase name="Equals (205)" classname="spec_perl_TestSwitchIntegers2_t" time="8.79764556884766e-05" />
    <testcase name="Equals (206)" classname="spec_perl_TestSwitchIntegers2_t" time="4.91142272949219e-05" />
    <testcase name="Equals (207)" classname="spec_perl_TestSwitchIntegers2_t" time="4.29153442382812e-05" />
    <testcase name="Equals (208)" classname="spec_perl_TestSwitchIntegers2_t" time="5.60283660888672e-05" />
  </testsuite>
  <testsuite name="spec_perl_TestFloatingPoints_t" errors="0" failures="0" skipped="0" tests="8" time="0.0355339050292969">
    <system-out>1..8
ok 1 - Approx equals
ok 2 - Approx equals
ok 3 - Approx equals
ok 4 - Approx equals
ok 5 - Approx equals
ok 6 - Approx equals
ok 7 - Approx equals
ok 8 - Approx equals
</system-out>
    <testcase name="Approx equals (208)" classname="spec_perl_TestFloatingPoints_t" time="0.00125312805175781" />
    <testcase name="Approx equals (209)" classname="spec_perl_TestFloatingPoints_t" time="8.98838043212891e-05" />
    <testcase name="Approx equals (210)" classname="spec_perl_TestFloatingPoints_t" time="4.50611114501953e-05" />
    <testcase name="Approx equals (211)" classname="spec_perl_TestFloatingPoints_t" time="4.29153442382812e-05" />
    <testcase name="Approx equals (212)" classname="spec_perl_TestFloatingPoints_t" time="4.91142272949219e-05" />
    <testcase name="Approx equals (213)" classname="spec_perl_TestFloatingPoints_t" time="6.29425048828125e-05" />
    <testcase name="Approx equals (214)" classname="spec_perl_TestFloatingPoints_t" time="4.10079956054688e-05" />
    <testcase name="Approx equals (215)" classname="spec_perl_TestFloatingPoints_t" time="3.91006469726562e-05" />
  </testsuite>
  <testsuite name="spec_perl_TestBitsSimpleLe_t" errors="0" failures="0" skipped="0" tests="14" time="0.0367488861083984">
    <system-out>1..14
ok 1 - Equals
ok 2 - Equals
ok 3 - Equals
ok 4 - Equals
ok 5 - Equals
ok 6 - Equals
ok 7 - Equals
ok 8 - Equals
ok 9 - Equals
ok 10 - Equals
ok 11 - Equals
ok 12 - Equals
ok 13 - Equals
ok 14 - Equals
</system-out>
    <testcase name="Equals (215)" classname="spec_perl_TestBitsSimpleLe_t" time="0.00145292282104492" />
    <testcase name="Equals (216)" classname="spec_perl_TestBitsSimpleLe_t" time="8.29696655273438e-05" />
    <testcase name="Equals (217)" classname="spec_perl_TestBitsSimpleLe_t" time="3.91006469726562e-05" />
    <testcase name="Equals (218)" classname="spec_perl_TestBitsSimpleLe_t" time="4.79221343994141e-05" />
    <testcase name="Equals (219)" classname="spec_perl_TestBitsSimpleLe_t" time="3.40938568115234e-05" />
    <testcase name="Equals (220)" classname="spec_perl_TestBitsSimpleLe_t" time="4.38690185546875e-05" />
    <testcase name="Equals (221)" classname="spec_perl_TestBitsSimpleLe_t" time="9.70363616943359e-05" />
    <testcase name="Equals (222)" classname="spec_perl_TestBitsSimpleLe_t" time="7.70092010498047e-05" />
    <testcase name="Equals (223)" classname="spec_perl_TestBitsSimpleLe_t" time="6.79492950439453e-05" />
    <testcase name="Equals (224)" classname="spec_perl_TestBitsSimpleLe_t" time="7.00950622558594e-05" />
    <testcase name="Equals (225)" classname="spec_perl_TestBitsSimpleLe_t" time="7.48634338378906e-05" />
    <testcase name="Equals (226)" classname="spec_perl_TestBitsSimpleLe_t" time="0.000168085098266602" />
    <testcase name="Equals (227)" classname="spec_perl_TestBitsSimpleLe_t" time="3.91006469726562e-05" />
    <testcase name="Equals (228)" classname="spec_perl_TestBitsSimpleLe_t" time="4.38690185546875e-05" />
  </testsuite>
  <testsuite name="spec_perl_TestEnumNegative_t" errors="0" failures="0" skipped="0" tests="2" time="0.0346798896789551">
    <system-out>1..2
ok 1 - Equals
ok 2 - Equals
</system-out>
    <testcase name="Equals (229)" classname="spec_perl_TestEnumNegative_t" time="0.0014030933380127" />
    <testcase name="Equals (230)" classname="spec_perl_TestEnumNegative_t" time="7.60555267333984e-05" />
  </testsuite>
  <testsuite name="spec_perl_TestHelloWorld_t" errors="0" failures="0" skipped="0" tests="1" time="0.0350399017333984">
    <system-out>1..1
ok 1 - Equals
</system-out>
    <testcase name="Equals (231)" classname="spec_perl_TestHelloWorld_t" time="0.00130915641784668" />
  </testsuite>
  <testsuite name="spec_perl_TestOpaqueExternalType_t" errors="0" failures="0" skipped="0" tests="3" time="0.0439939498901367">
    <system-out>1..3
ok 1 - Equals
ok 2 - Equals
ok 3 - Equals
</system-out>
    <testcase name="Equals (232)" classname="spec_perl_TestOpaqueExternalType_t" time="0.00138306617736816" />
    <testcase name="Equals (233)" classname="spec_perl_TestOpaqueExternalType_t" time="8.89301300048828e-05" />
    <testcase name="Equals (234)" classname="spec_perl_TestOpaqueExternalType_t" time="4.60147857666016e-05" />
  </testsuite>
  <testsuite name="spec_perl_TestCastToTop_t" errors="0" failures="0" skipped="0" tests="3" time="0.0351419448852539">
    <system-out>1..3
ok 1 - Equals
ok 2 - Equals
ok 3 - Equals
</system-out>
    <testcase name="Equals (235)" classname="spec_perl_TestCastToTop_t" time="0.00136208534240723" />
    <testcase name="Equals (236)" classname="spec_perl_TestCastToTop_t" time="8.58306884765625e-05" />
    <testcase name="Equals (237)" classname="spec_perl_TestCastToTop_t" time="5.91278076171875e-05" />
  </testsuite>
  <testsuite name="spec_perl_TestNestedSameName_t" errors="0" failures="0" skipped="0" tests="2" time="0.035768985748291">
    <system-out>1..2
ok 1 - Equals
ok 2 - Equals
</system-out>
    <testcase name="Equals (238)" classname="spec_perl_TestNestedSameName_t" time="0.0013740062713623" />
    <testcase name="Equals (239)" classname="spec_perl_TestNestedSameName_t" time="7.98702239990234e-05" />
  </testsuite>
  <testsuite name="spec_perl_TestEnumToI_t" errors="0" failures="0" skipped="0" tests="7" time="0.0339300632476807">
    <system-out>1..7
ok 1 - Equals
ok 2 - Equals
ok 3 - Equals
ok 4 - Equals
ok 5 - Equals
ok 6 - Equals
ok 7 - Equals
</system-out>
    <testcase name="Equals (240)" classname="spec_perl_TestEnumToI_t" time="0.00133514404296875" />
    <testcase name="Equals (241)" classname="spec_perl_TestEnumToI_t" time="8.29696655273438e-05" />
    <testcase name="Equals (242)" classname="spec_perl_TestEnumToI_t" time="4.60147857666016e-05" />
    <testcase name="Equals (243)" classname="spec_perl_TestEnumToI_t" time="5.38825988769531e-05" />
    <testcase name="Equals (244)" classname="spec_perl_TestEnumToI_t" time="5.10215759277344e-05" />
    <testcase name="Equals (245)" classname="spec_perl_TestEnumToI_t" time="5.00679016113281e-05" />
    <testcase name="Equals (246)" classname="spec_perl_TestEnumToI_t" time="5.60283660888672e-05" />
  </testsuite>
  <testsuite name="spec_perl_TestParamsPassArrayStr_t" errors="0" failures="1" skipped="6" tests="7" time="0.0411829948425293">
    <system-out>1..7
not ok 1 - test_params_pass_array_str died (Can't use an undefined value as an ARRAY reference at spec/perl/TestParamsPassArrayStr.t line 14.)
ok 2 # skip test_params_pass_array_str died
ok 3 # skip test_params_pass_array_str died
ok 4 # skip test_params_pass_array_str died
ok 5 # skip test_params_pass_array_str died
ok 6 # skip test_params_pass_array_str died
ok 7 # skip test_params_pass_array_str died
</system-out>
    <testcase name="test_params_pass_array_str died (Can't use an undefined value as an ARRAY reference at spec/perl/TestParamsPassArrayStr.t line 14.) (246)" classname="spec_perl_TestParamsPassArrayStr_t" time="0.0014488697052002">
      <failure message="not ok 1 - test_params_pass_array_str died (Can't use an undefined value as an ARRAY reference at spec/perl/TestParamsPassArrayStr.t line 14.)" type="TAP::Parser::Result::Test"></failure>
    </testcase>
    <testcase name="Unnamed test case 246" classname="spec_perl_TestParamsPassArrayStr_t" time="0.000142097473144531">
      <skipped message="ok 2 # skip test_params_pass_array_str died" />
    </testcase>
    <testcase name="Unnamed test case 247" classname="spec_perl_TestParamsPassArrayStr_t" time="6.103515625e-05">
      <skipped message="ok 3 # skip test_params_pass_array_str died" />
    </testcase>
    <testcase name="Unnamed test case 248" classname="spec_perl_TestParamsPassArrayStr_t" time="4.79221343994141e-05">
      <skipped message="ok 4 # skip test_params_pass_array_str died" />
    </testcase>
    <testcase name="Unnamed test case 249" classname="spec_perl_TestParamsPassArrayStr_t" time="4.41074371337891e-05">
      <skipped message="ok 5 # skip test_params_pass_array_str died" />
    </testcase>
    <testcase name="Unnamed test case 250" classname="spec_perl_TestParamsPassArrayStr_t" time="4.29153442382812e-05">
      <skipped message="ok 6 # skip test_params_pass_array_str died" />
    </testcase>
    <testcase name="Unnamed test case 251" classname="spec_perl_TestParamsPassArrayStr_t" time="4.1961669921875e-05">
      <skipped message="ok 7 # skip test_params_pass_array_str died" />
    </testcase>
  </testsuite>
  <testsuite name="spec_perl_TestSwitchElseOnly_t" errors="0" failures="0" skipped="0" tests="3" time="0.0348341464996338">
    <system-out>1..3
ok 1 - Equals
ok 2 - Equals
ok 3 - Equals
</system-out>
    <testcase name="Equals (251)" classname="spec_perl_TestSwitchElseOnly_t" time="0.00133299827575684" />
    <testcase name="Equals (252)" classname="spec_perl_TestSwitchElseOnly_t" time="7.60555267333984e-05" />
    <testcase name="Equals (253)" classname="spec_perl_TestSwitchElseOnly_t" time="4.69684600830078e-05" />
  </testsuite>
  <testsuite name="spec_perl_TestNavRoot_t" errors="0" failures="0" skipped="0" tests="5" time="0.0411629676818848">
    <system-out>1..5
ok 1 - Equals
ok 2 - Equals
ok 3 - Equals
ok 4 - Equals
ok 5 - Equals
</system-out>
    <testcase name="Equals (254)" classname="spec_perl_TestNavRoot_t" time="0.00153398513793945" />
    <testcase name="Equals (255)" classname="spec_perl_TestNavRoot_t" time="8.29696655273438e-05" />
    <testcase name="Equals (256)" classname="spec_perl_TestNavRoot_t" time="4.1961669921875e-05" />
    <testcase name="Equals (257)" classname="spec_perl_TestNavRoot_t" time="3.69548797607422e-05" />
    <testcase name="Equals (258)" classname="spec_perl_TestNavRoot_t" time="4.81605529785156e-05" />
  </testsuite>
  <testsuite name="spec_perl_TestTypeIntUnaryOp_t" errors="0" failures="0" skipped="0" tests="4" time="0.0352671146392822">
    <system-out>1..4
ok 1 - Equals
ok 2 - Equals
ok 3 - Equals
ok 4 - Equals
</system-out>
    <testcase name="Equals (259)" classname="spec_perl_TestTypeIntUnaryOp_t" time="0.00142788887023926" />
    <testcase name="Equals (260)" classname="spec_perl_TestTypeIntUnaryOp_t" time="9.32216644287109e-05" />
    <testcase name="Equals (261)" classname="spec_perl_TestTypeIntUnaryOp_t" time="6.19888305664062e-05" />
    <testcase name="Equals (262)" classname="spec_perl_TestTypeIntUnaryOp_t" time="4.38690185546875e-05" />
  </testsuite>
  <testsuite name="spec_perl_TestRepeatEosU4_t" errors="0" failures="0" skipped="0" tests="1" time="0.0345609188079834">
    <system-out>1..1
ok 1 - Equals
</system-out>
    <testcase name="Equals (263)" classname="spec_perl_TestRepeatEosU4_t" time="0.00145792961120605" />
  </testsuite>
  <testsuite name="spec_perl_TestExprStrEncodings_t" errors="0" failures="0" skipped="0" tests="7" time="0.0459930896759033">
    <system-out>1..7
ok 1 - Equals
ok 2 - Equals
ok 3 - Equals
ok 4 - Equals
ok 5 - Equals
ok 6 - Equals
ok 7 - Equals
</system-out>
    <testcase name="Equals (264)" classname="spec_perl_TestExprStrEncodings_t" time="0.00549793243408203" />
    <testcase name="Equals (265)" classname="spec_perl_TestExprStrEncodings_t" time="8.48770141601562e-05" />
    <testcase name="Equals (266)" classname="spec_perl_TestExprStrEncodings_t" time="4.72068786621094e-05" />
    <testcase name="Equals (267)" classname="spec_perl_TestExprStrEncodings_t" time="5.69820404052734e-05" />
    <testcase name="Equals (268)" classname="spec_perl_TestExprStrEncodings_t" time="5.29289245605469e-05" />
    <testcase name="Equals (269)" classname="spec_perl_TestExprStrEncodings_t" time="5.10215759277344e-05" />
    <testcase name="Equals (270)" classname="spec_perl_TestExprStrEncodings_t" time="8.89301300048828e-05" />
  </testsuite>
  <testsuite name="spec_perl_TestValidOptionalId_t" errors="1" failures="0" skipped="0" tests="0" time="0.0317728519439697">
    <system-out></system-out>
    <testcase name="Test died too soon, even before plan. (270)" classname="spec_perl_TestValidOptionalId_t" time="0.0317728519439697">
      <failure message="The test suite died before a plan was produced. You need to have a plan." type="Plan">No plan</failure>
    </testcase>
  </testsuite>
  <testsuite name="spec_perl_TestInstanceStd_t" errors="0" failures="0" skipped="0" tests="1" time="0.0391209125518799">
    <system-out>1..1
ok 1 - Equals
</system-out>
    <testcase name="Equals (271)" classname="spec_perl_TestInstanceStd_t" time="0.00131702423095703" />
  </testsuite>
  <testsuite name="spec_perl_TestOpaqueExternalType02Parent_t" errors="0" failures="0" skipped="0" tests="3" time="0.0404078960418701">
    <system-out>1..3
ok 1 - Equals
ok 2 - Equals
ok 3 - Equals
</system-out>
    <testcase name="Equals (272)" classname="spec_perl_TestOpaqueExternalType02Parent_t" time="0.00152087211608887" />
    <testcase name="Equals (273)" classname="spec_perl_TestOpaqueExternalType02Parent_t" time="8.29696655273438e-05" />
    <testcase name="Equals (274)" classname="spec_perl_TestOpaqueExternalType02Parent_t" time="3.91006469726562e-05" />
  </testsuite>
  <testsuite name="spec_perl_TestExprBytesNonLiteral_t" errors="0" failures="0" skipped="0" tests="3" time="0.0354640483856201">
    <system-out>1..3
ok 1 - Equals
ok 2 - Equals
ok 3 - Equals
</system-out>
    <testcase name="Equals (275)" classname="spec_perl_TestExprBytesNonLiteral_t" time="0.00133705139160156" />
    <testcase name="Equals (276)" classname="spec_perl_TestExprBytesNonLiteral_t" time="7.20024108886719e-05" />
    <testcase name="Equals (277)" classname="spec_perl_TestExprBytesNonLiteral_t" time="5.48362731933594e-05" />
  </testsuite>
  <testsuite name="spec_perl_TestStrEncodingsUtf16_t" errors="0" failures="0" skipped="0" tests="6" time="0.0408730506896973">
    <system-out>1..6
ok 1 - Equals
ok 2 - Equals
ok 3 - Equals
ok 4 - Equals
ok 5 - Equals
ok 6 - Equals
</system-out>
    <testcase name="Equals (278)" classname="spec_perl_TestStrEncodingsUtf16_t" time="0.00265097618103027" />
    <testcase name="Equals (279)" classname="spec_perl_TestStrEncodingsUtf16_t" time="9.01222229003906e-05" />
    <testcase name="Equals (280)" classname="spec_perl_TestStrEncodingsUtf16_t" time="8.48770141601562e-05" />
    <testcase name="Equals (281)" classname="spec_perl_TestStrEncodingsUtf16_t" time="4.41074371337891e-05" />
    <testcase name="Equals (282)" classname="spec_perl_TestStrEncodingsUtf16_t" time="5.88893890380859e-05" />
    <testcase name="Equals (283)" classname="spec_perl_TestStrEncodingsUtf16_t" time="4.00543212890625e-05" />
  </testsuite>
  <testsuite name="spec_perl_TestImportsAbs_t" errors="0" failures="0" skipped="0" tests="2" time="0.0355000495910645">
    <system-out>1..2
ok 1 - Equals
ok 2 - Equals
</system-out>
    <testcase name="Equals (284)" classname="spec_perl_TestImportsAbs_t" time="0.00140500068664551" />
    <testcase name="Equals (285)" classname="spec_perl_TestImportsAbs_t" time="7.58171081542969e-05" />
  </testsuite>
  <testsuite name="spec_perl_TestJsSignedRightShift_t" errors="0" failures="0" skipped="0" tests="2" time="0.0349729061126709">
    <system-out>1..2
ok 1 - Equals
ok 2 - Equals
</system-out>
    <testcase name="Equals (286)" classname="spec_perl_TestJsSignedRightShift_t" time="0.00134491920471191" />
    <testcase name="Equals (287)" classname="spec_perl_TestJsSignedRightShift_t" time="6.69956207275391e-05" />
  </testsuite>
  <testsuite name="spec_perl_TestExpr2_t" errors="0" failures="0" skipped="0" tests="17" time="0.0422790050506592">
    <system-out>1..17
ok 1 - Equals
ok 2 - Equals
ok 3 - Equals
ok 4 - Equals
ok 5 - Equals
ok 6 - Equals
ok 7 - Equals
ok 8 - Equals
ok 9 - Equals
ok 10 - Equals
ok 11 - Equals
ok 12 - Equals
ok 13 - Equals
ok 14 - Equals
ok 15 - Equals
ok 16 - Equals
ok 17 - Equals
</system-out>
    <testcase name="Equals (288)" classname="spec_perl_TestExpr2_t" time="0.00183796882629395" />
    <testcase name="Equals (289)" classname="spec_perl_TestExpr2_t" time="7.79628753662109e-05" />
    <testcase name="Equals (290)" classname="spec_perl_TestExpr2_t" time="5.00679016113281e-05" />
    <testcase name="Equals (291)" classname="spec_perl_TestExpr2_t" time="4.79221343994141e-05" />
    <testcase name="Equals (292)" classname="spec_perl_TestExpr2_t" time="4.91142272949219e-05" />
    <testcase name="Equals (293)" classname="spec_perl_TestExpr2_t" time="6.60419464111328e-05" />
    <testcase name="Equals (294)" classname="spec_perl_TestExpr2_t" time="7.39097595214844e-05" />
    <testcase name="Equals (295)" classname="spec_perl_TestExpr2_t" time="0.000104904174804688" />
    <testcase name="Equals (296)" classname="spec_perl_TestExpr2_t" time="9.70363616943359e-05" />
    <testcase name="Equals (297)" classname="spec_perl_TestExpr2_t" time="7.41481781005859e-05" />
    <testcase name="Equals (298)" classname="spec_perl_TestExpr2_t" time="6.58035278320312e-05" />
    <testcase name="Equals (299)" classname="spec_perl_TestExpr2_t" time="6.91413879394531e-05" />
    <testcase name="Equals (300)" classname="spec_perl_TestExpr2_t" time="7.39097595214844e-05" />
    <testcase name="Equals (301)" classname="spec_perl_TestExpr2_t" time="8.60691070556641e-05" />
    <testcase name="Equals (302)" classname="spec_perl_TestExpr2_t" time="6.79492950439453e-05" />
    <testcase name="Equals (303)" classname="spec_perl_TestExpr2_t" time="7.10487365722656e-05" />
    <testcase name="Equals (304)" classname="spec_perl_TestExpr2_t" time="7.00950622558594e-05" />
  </testsuite>
  <testsuite name="spec_perl_TestExpr0_t" errors="0" failures="0" skipped="0" tests="2" time="0.0351550579071045">
    <system-out>1..2
ok 1 - Equals
ok 2 - Equals
</system-out>
    <testcase name="Equals (305)" classname="spec_perl_TestExpr0_t" time="0.00143885612487793" />
    <testcase name="Equals (306)" classname="spec_perl_TestExpr0_t" time="8.60691070556641e-05" />
  </testsuite>
  <testsuite name="spec_perl_TestExprIfIntOps_t" errors="0" failures="0" skipped="0" tests="2" time="0.0348169803619385">
    <system-out>1..2
ok 1 - Equals
ok 2 - Equals
</system-out>
    <testcase name="Equals (307)" classname="spec_perl_TestExprIfIntOps_t" time="0.00133609771728516" />
    <testcase name="Equals (308)" classname="spec_perl_TestExprIfIntOps_t" time="5.79357147216797e-05" />
  </testsuite>
  <testsuite name="spec_perl_TestEofExceptionBytes_t" errors="0" failures="0" skipped="0" tests="1" time="0.0366489887237549">
    <system-out>1..1
ok 1 - threw /^Requested \d+ bytes, but only \d+ bytes available/
</system-out>
    <testcase name="threw /^Requested \d+ bytes, but only \d+ bytes available/ (308)" classname="spec_perl_TestEofExceptionBytes_t" time="0.00147509574890137" />
  </testsuite>
  <testsuite name="spec_perl_TestExprSizeofValue0_t" errors="0" failures="0" skipped="0" tests="5" time="0.0355739593505859">
    <system-out>1..5
ok 1 - Equals
ok 2 - Equals
ok 3 - Equals
ok 4 - Equals
ok 5 - Equals
</system-out>
    <testcase name="Equals (309)" classname="spec_perl_TestExprSizeofValue0_t" time="0.00143599510192871" />
    <testcase name="Equals (310)" classname="spec_perl_TestExprSizeofValue0_t" time="8.91685485839844e-05" />
    <testcase name="Equals (311)" classname="spec_perl_TestExprSizeofValue0_t" time="5.60283660888672e-05" />
    <testcase name="Equals (312)" classname="spec_perl_TestExprSizeofValue0_t" time="4.1961669921875e-05" />
    <testcase name="Equals (313)" classname="spec_perl_TestExprSizeofValue0_t" time="5.48362731933594e-05" />
  </testsuite>
  <testsuite name="spec_perl_TestProcessRotate_t" errors="0" failures="0" skipped="0" tests="3" time="0.0353550910949707">
    <system-out>1..3
ok 1 - Equals
ok 2 - Equals
ok 3 - Equals
</system-out>
    <testcase name="Equals (314)" classname="spec_perl_TestProcessRotate_t" time="0.00130605697631836" />
    <testcase name="Equals (315)" classname="spec_perl_TestProcessRotate_t" time="7.39097595214844e-05" />
    <testcase name="Equals (316)" classname="spec_perl_TestProcessRotate_t" time="5.60283660888672e-05" />
  </testsuite>
  <testsuite name="spec_perl_TestParamsCallExtraParens_t" errors="0" failures="1" skipped="0" tests="1" time="0.0486400127410889">
    <system-out>1..1
not ok 1 - Equals
</system-out>
    <testcase name="Equals (317)" classname="spec_perl_TestParamsCallExtraParens_t" time="0.00227999687194824">
      <failure message="not ok 1 - Equals" type="TAP::Parser::Result::Test"></failure>
    </testcase>
  </testsuite>
  <testsuite name="spec_perl_TestDocstringsDocref_t" errors="0" failures="0" skipped="1" tests="1" time="0.0368270874023438">
    <system-out>1..1
ok 1 # skip DocstringsDocref=HASH(0x5599708e8050)
</system-out>
    <testcase name="Unnamed test case 317" classname="spec_perl_TestDocstringsDocref_t" time="0.00168895721435547">
      <skipped message="ok 1 # skip DocstringsDocref=HASH(0x5599708e8050)" />
    </testcase>
  </testsuite>
  <testsuite name="spec_perl_TestDebug0_t" errors="0" failures="0" skipped="1" tests="1" time="0.0356540679931641">
    <system-out>1..1
ok 1 # skip test_debug_0
</system-out>
    <testcase name="Unnamed test case 318" classname="spec_perl_TestDebug0_t" time="0.000149011611938477">
      <skipped message="ok 1 # skip test_debug_0" />
    </testcase>
  </testsuite>
  <testsuite name="spec_perl_TestSwitchManualStrElse_t" errors="0" failures="0" skipped="0" tests="9" time="0.0405609607696533">
    <system-out>1..9
ok 1 - Equals
ok 2 - Equals
ok 3 - Equals
ok 4 - Equals
ok 5 - Equals
ok 6 - Equals
ok 7 - Equals
ok 8 - Equals
ok 9 - Equals
</system-out>
    <testcase name="Equals (318)" classname="spec_perl_TestSwitchManualStrElse_t" time="0.00150108337402344" />
    <testcase name="Equals (319)" classname="spec_perl_TestSwitchManualStrElse_t" time="8.98838043212891e-05" />
    <testcase name="Equals (320)" classname="spec_perl_TestSwitchManualStrElse_t" time="5.00679016113281e-05" />
    <testcase name="Equals (321)" classname="spec_perl_TestSwitchManualStrElse_t" time="4.1961669921875e-05" />
    <testcase name="Equals (322)" classname="spec_perl_TestSwitchManualStrElse_t" time="5.81741333007812e-05" />
    <testcase name="Equals (323)" classname="spec_perl_TestSwitchManualStrElse_t" time="3.98159027099609e-05" />
    <testcase name="Equals (324)" classname="spec_perl_TestSwitchManualStrElse_t" time="5.19752502441406e-05" />
    <testcase name="Equals (325)" classname="spec_perl_TestSwitchManualStrElse_t" time="3.814697265625e-05" />
    <testcase name="Equals (326)" classname="spec_perl_TestSwitchManualStrElse_t" time="4.88758087158203e-05" />
  </testsuite>
  <testsuite name="spec_perl_TestParamsPassArrayStruct_t" errors="0" failures="1" skipped="2" tests="3" time="0.0364840030670166">
    <system-out>1..3
not ok 1 - test_params_pass_array_struct died (Can't use an undefined value as an ARRAY reference at spec/perl/TestParamsPassArrayStruct.t line 14.)
ok 2 # skip test_params_pass_array_struct died
ok 3 # skip test_params_pass_array_struct died
</system-out>
    <testcase name="test_params_pass_array_struct died (Can't use an undefined value as an ARRAY reference at spec/perl/TestParamsPassArrayStruct.t line 14.) (326)" classname="spec_perl_TestParamsPassArrayStruct_t" time="0.00147223472595215">
      <failure message="not ok 1 - test_params_pass_array_struct died (Can't use an undefined value as an ARRAY reference at spec/perl/TestParamsPassArrayStruct.t line 14.)" type="TAP::Parser::Result::Test"></failure>
    </testcase>
    <testcase name="Unnamed test case 326" classname="spec_perl_TestParamsPassArrayStruct_t" time="0.000102996826171875">
      <skipped message="ok 2 # skip test_params_pass_array_struct died" />
    </testcase>
    <testcase name="Unnamed test case 327" classname="spec_perl_TestParamsPassArrayStruct_t" time="5.38825988769531e-05">
      <skipped message="ok 3 # skip test_params_pass_array_struct died" />
    </testcase>
  </testsuite>
  <testsuite name="spec_perl_TestCombineStr_t" errors="0" failures="0" skipped="0" tests="15" time="0.0408978462219238">
    <system-out>1..15
ok 1 - Equals
ok 2 - Equals
ok 3 - Equals
ok 4 - Equals
ok 5 - Equals
ok 6 - Equals
ok 7 - Equals
ok 8 - Equals
ok 9 - Equals
ok 10 - Equals
ok 11 - Equals
ok 12 - Equals
ok 13 - Equals
ok 14 - Equals
ok 15 - Equals
</system-out>
    <testcase name="Equals (327)" classname="spec_perl_TestCombineStr_t" time="0.00136995315551758" />
    <testcase name="Equals (328)" classname="spec_perl_TestCombineStr_t" time="6.00814819335938e-05" />
    <testcase name="Equals (329)" classname="spec_perl_TestCombineStr_t" time="6.91413879394531e-05" />
    <testcase name="Equals (330)" classname="spec_perl_TestCombineStr_t" time="6.79492950439453e-05" />
    <testcase name="Equals (331)" classname="spec_perl_TestCombineStr_t" time="5.98430633544922e-05" />
    <testcase name="Equals (332)" classname="spec_perl_TestCombineStr_t" time="7.20024108886719e-05" />
    <testcase name="Equals (333)" classname="spec_perl_TestCombineStr_t" time="9.20295715332031e-05" />
    <testcase name="Equals (334)" classname="spec_perl_TestCombineStr_t" time="4.50611114501953e-05" />
    <testcase name="Equals (335)" classname="spec_perl_TestCombineStr_t" time="8.70227813720703e-05" />
    <testcase name="Equals (336)" classname="spec_perl_TestCombineStr_t" time="8.48770141601562e-05" />
    <testcase name="Equals (337)" classname="spec_perl_TestCombineStr_t" time="5.91278076171875e-05" />
    <testcase name="Equals (338)" classname="spec_perl_TestCombineStr_t" time="7.70092010498047e-05" />
    <testcase name="Equals (339)" classname="spec_perl_TestCombineStr_t" time="8.20159912109375e-05" />
    <testcase name="Equals (340)" classname="spec_perl_TestCombineStr_t" time="5.38825988769531e-05" />
    <testcase name="Equals (341)" classname="spec_perl_TestCombineStr_t" time="7.29560852050781e-05" />
  </testsuite>
  <testsuite name="spec_perl_TestSwitchManualIntSize_t" errors="0" failures="0" skipped="0" tests="10" time="0.0418791770935059">
    <system-out>1..10
ok 1 - Equals
ok 2 - Equals
ok 3 - Equals
ok 4 - Equals
ok 5 - Equals
ok 6 - Equals
ok 7 - Equals
ok 8 - Equals
ok 9 - Equals
ok 10 - Equals
</system-out>
    <testcase name="Equals (342)" classname="spec_perl_TestSwitchManualIntSize_t" time="0.00184822082519531" />
    <testcase name="Equals (343)" classname="spec_perl_TestSwitchManualIntSize_t" time="8.392333984375e-05" />
    <testcase name="Equals (344)" classname="spec_perl_TestSwitchManualIntSize_t" time="5.38825988769531e-05" />
    <testcase name="Equals (345)" classname="spec_perl_TestSwitchManualIntSize_t" time="5.50746917724609e-05" />
    <testcase name="Equals (346)" classname="spec_perl_TestSwitchManualIntSize_t" time="4.10079956054688e-05" />
    <testcase name="Equals (347)" classname="spec_perl_TestSwitchManualIntSize_t" time="9.48905944824219e-05" />
    <testcase name="Equals (348)" classname="spec_perl_TestSwitchManualIntSize_t" time="7.41481781005859e-05" />
    <testcase name="Equals (349)" classname="spec_perl_TestSwitchManualIntSize_t" time="7.10487365722656e-05" />
    <testcase name="Equals (350)" classname="spec_perl_TestSwitchManualIntSize_t" time="8.392333984375e-05" />
    <testcase name="Equals (351)" classname="spec_perl_TestSwitchManualIntSize_t" time="5.10215759277344e-05" />
  </testsuite>
  <testsuite name="spec_perl_TestDebugSwitchUser_t" errors="1" failures="0" skipped="0" tests="0" time="0.0338499546051025">
    <system-out></system-out>
    <testcase name="Test died too soon, even before plan. (351)" classname="spec_perl_TestDebugSwitchUser_t" time="0.0338499546051025">
      <failure message="The test suite died before a plan was produced. You need to have a plan." type="Plan">No plan</failure>
    </testcase>
  </testsuite>
  <testsuite name="spec_perl_TestParamsPassStruct_t" errors="0" failures="1" skipped="1" tests="4" time="0.0380079746246338">
    <system-out>1..4
ok 1 - Equals
ok 2 - Equals
not ok 3 - test_params_pass_struct died (Can't call method &quot;foo&quot; on an undefined value at spec/perl/TestParamsPassStruct.t line 16.)
ok 4 # skip test_params_pass_struct died
</system-out>
    <testcase name="Equals (352)" classname="spec_perl_TestParamsPassStruct_t" time="0.00139880180358887" />
    <testcase name="Equals (353)" classname="spec_perl_TestParamsPassStruct_t" time="6.81877136230469e-05" />
    <testcase name="test_params_pass_struct died (Can't call method &quot;foo&quot; on an undefined value at spec/perl/TestParamsPassStruct.t line 16.) (353)" classname="spec_perl_TestParamsPassStruct_t" time="8.08238983154297e-05">
      <failure message="not ok 3 - test_params_pass_struct died (Can't call method &quot;foo&quot; on an undefined value at spec/perl/TestParamsPassStruct.t line 16.)" type="TAP::Parser::Result::Test"></failure>
    </testcase>
    <testcase name="Unnamed test case 353" classname="spec_perl_TestParamsPassStruct_t" time="0.000538110733032227">
      <skipped message="ok 4 # skip test_params_pass_struct died" />
    </testcase>
  </testsuite>
  <testsuite name="spec_perl_TestBitsByteAligned_t" errors="0" failures="0" skipped="0" tests="9" time="0.0275499820709229">
    <system-out>1..9
ok 1 - Equals
ok 2 - Equals
ok 3 - Equals
ok 4 - Equals
ok 5 - Equals
ok 6 - Equals
ok 7 - Equals
ok 8 - Equals
ok 9 - Equals
</system-out>
    <testcase name="Equals (354)" classname="spec_perl_TestBitsByteAligned_t" time="0.00136804580688477" />
    <testcase name="Equals (355)" classname="spec_perl_TestBitsByteAligned_t" time="5.91278076171875e-05" />
    <testcase name="Equals (356)" classname="spec_perl_TestBitsByteAligned_t" time="4.69684600830078e-05" />
    <testcase name="Equals (357)" classname="spec_perl_TestBitsByteAligned_t" time="8.70227813720703e-05" />
    <testcase name="Equals (358)" classname="spec_perl_TestBitsByteAligned_t" time="7.29560852050781e-05" />
    <testcase name="Equals (359)" classname="spec_perl_TestBitsByteAligned_t" time="7.29560852050781e-05" />
    <testcase name="Equals (360)" classname="spec_perl_TestBitsByteAligned_t" time="7.00950622558594e-05" />
    <testcase name="Equals (361)" classname="spec_perl_TestBitsByteAligned_t" time="6.79492950439453e-05" />
    <testcase name="Equals (362)" classname="spec_perl_TestBitsByteAligned_t" time="6.79492950439453e-05" />
  </testsuite>
  <testsuite name="spec_perl_TestEnumIntRangeS_t" errors="0" failures="0" skipped="0" tests="3" time="0.0351359844207764">
    <system-out>1..3
ok 1 - Equals
ok 2 - Equals
ok 3 - Equals
</system-out>
    <testcase name="Equals (363)" classname="spec_perl_TestEnumIntRangeS_t" time="0.00137710571289062" />
    <testcase name="Equals (364)" classname="spec_perl_TestEnumIntRangeS_t" time="8.392333984375e-05" />
    <testcase name="Equals (365)" classname="spec_perl_TestEnumIntRangeS_t" time="4.60147857666016e-05" />
  </testsuite>
  <testsuite name="spec_perl_TestYamlInts_t" errors="0" failures="0" skipped="0" tests="4" time="0.0353360176086426">
    <system-out>1..4
ok 1 - Equals
ok 2 - Equals
ok 3 - Equals
ok 4 - Equals
</system-out>
    <testcase name="Equals (366)" classname="spec_perl_TestYamlInts_t" time="0.0012819766998291" />
    <testcase name="Equals (367)" classname="spec_perl_TestYamlInts_t" time="7.91549682617188e-05" />
    <testcase name="Equals (368)" classname="spec_perl_TestYamlInts_t" time="4.50611114501953e-05" />
    <testcase name="Equals (369)" classname="spec_perl_TestYamlInts_t" time="5.29289245605469e-05" />
  </testsuite>
  <testsuite name="spec_perl_TestParamsPassArrayUsertype_t" errors="0" failures="1" skipped="4" tests="5" time="0.036506175994873">
    <system-out>1..5
not ok 1 - test_params_pass_array_usertype died (Can't use an undefined value as an ARRAY reference at compiled/perl/ParamsPassArrayUsertype.pm line 123.)
ok 2 # skip test_params_pass_array_usertype died
ok 3 # skip test_params_pass_array_usertype died
ok 4 # skip test_params_pass_array_usertype died
ok 5 # skip test_params_pass_array_usertype died
</system-out>
    <testcase name="test_params_pass_array_usertype died (Can't use an undefined value as an ARRAY reference at compiled/perl/ParamsPassArrayUsertype.pm line 123.) (369)" classname="spec_perl_TestParamsPassArrayUsertype_t" time="0.00147795677185059">
      <failure message="not ok 1 - test_params_pass_array_usertype died (Can't use an undefined value as an ARRAY reference at compiled/perl/ParamsPassArrayUsertype.pm line 123.)" type="TAP::Parser::Result::Test"></failure>
    </testcase>
    <testcase name="Unnamed test case 369" classname="spec_perl_TestParamsPassArrayUsertype_t" time="0.000108957290649414">
      <skipped message="ok 2 # skip test_params_pass_array_usertype died" />
    </testcase>
    <testcase name="Unnamed test case 370" classname="spec_perl_TestParamsPassArrayUsertype_t" time="5.29289245605469e-05">
      <skipped message="ok 3 # skip test_params_pass_array_usertype died" />
    </testcase>
    <testcase name="Unnamed test case 371" classname="spec_perl_TestParamsPassArrayUsertype_t" time="4.22000885009766e-05">
      <skipped message="ok 4 # skip test_params_pass_array_usertype died" />
    </testcase>
    <testcase name="Unnamed test case 372" classname="spec_perl_TestParamsPassArrayUsertype_t" time="3.69548797607422e-05">
      <skipped message="ok 5 # skip test_params_pass_array_usertype died" />
    </testcase>
  </testsuite>
  <testsuite name="spec_perl_TestImportsAbsAbs_t" errors="0" failures="0" skipped="0" tests="3" time="0.0363199710845947">
    <system-out>1..3
ok 1 - Equals
ok 2 - Equals
ok 3 - Equals
</system-out>
    <testcase name="Equals (372)" classname="spec_perl_TestImportsAbsAbs_t" time="0.00125002861022949" />
    <testcase name="Equals (373)" classname="spec_perl_TestImportsAbsAbs_t" time="6.60419464111328e-05" />
    <testcase name="Equals (374)" classname="spec_perl_TestImportsAbsAbs_t" time="4.88758087158203e-05" />
  </testsuite>
  <testsuite name="spec_perl_TestEnumImport_t" errors="0" failures="2" skipped="0" tests="2" time="0.0380311012268066">
    <system-out>1..2
not ok 1 - Equals
not ok 2 - Equals
</system-out>
    <testcase name="Equals (375)" classname="spec_perl_TestEnumImport_t" time="0.00139689445495605">
      <failure message="not ok 1 - Equals" type="TAP::Parser::Result::Test"></failure>
    </testcase>
    <testcase name="Equals (376)" classname="spec_perl_TestEnumImport_t" time="9.01222229003906e-05">
      <failure message="not ok 2 - Equals" type="TAP::Parser::Result::Test"></failure>
    </testcase>
  </testsuite>
  <testsuite name="spec_perl_TestMetaTags_t" errors="0" failures="0" skipped="1" tests="1" time="0.0347669124603271">
    <system-out>1..1
ok 1 # skip MetaTags=HASH(0x5649d33d2fa8)
</system-out>
    <testcase name="Unnamed test case 376" classname="spec_perl_TestMetaTags_t" time="0.00165700912475586">
      <skipped message="ok 1 # skip MetaTags=HASH(0x5649d33d2fa8)" />
    </testcase>
  </testsuite>
  <testsuite name="spec_perl_TestExprArray_t" errors="0" failures="1" skipped="0" tests="15" time="0.0418069362640381">
    <system-out>1..15
ok 1 - Equals
ok 2 - Equals
ok 3 - Equals
ok 4 - Equals
ok 5 - Equals
ok 6 - Equals
ok 7 - Approx equals
ok 8 - Approx equals
not ok 9 - Approx equals
ok 10 - Approx equals
ok 11 - Equals
ok 12 - Equals
ok 13 - Equals
ok 14 - Equals
ok 15 - Equals
</system-out>
    <testcase name="Equals (377)" classname="spec_perl_TestExprArray_t" time="0.00146102905273438" />
    <testcase name="Equals (378)" classname="spec_perl_TestExprArray_t" time="7.79628753662109e-05" />
    <testcase name="Equals (379)" classname="spec_perl_TestExprArray_t" time="5.19752502441406e-05" />
    <testcase name="Equals (380)" classname="spec_perl_TestExprArray_t" time="5.60283660888672e-05" />
    <testcase name="Equals (381)" classname="spec_perl_TestExprArray_t" time="5.60283660888672e-05" />
    <testcase name="Equals (382)" classname="spec_perl_TestExprArray_t" time="4.98294830322266e-05" />
    <testcase name="Approx equals (382)" classname="spec_perl_TestExprArray_t" time="5.10215759277344e-05" />
    <testcase name="Approx equals (383)" classname="spec_perl_TestExprArray_t" time="4.91142272949219e-05" />
    <testcase name="Approx equals (384)" classname="spec_perl_TestExprArray_t" time="5.98430633544922e-05">
      <failure message="not ok 9 - Approx equals" type="TAP::Parser::Result::Test"></failure>
    </testcase>
    <testcase name="Approx equals (385)" classname="spec_perl_TestExprArray_t" time="0.000855207443237305" />
    <testcase name="Equals (385)" classname="spec_perl_TestExprArray_t" time="8.20159912109375e-05" />
    <testcase name="Equals (386)" classname="spec_perl_TestExprArray_t" time="7.17639923095703e-05" />
    <testcase name="Equals (387)" classname="spec_perl_TestExprArray_t" time="5.00679016113281e-05" />
    <testcase name="Equals (388)" classname="spec_perl_TestExprArray_t" time="4.10079956054688e-05" />
    <testcase name="Equals (389)" classname="spec_perl_TestExprArray_t" time="3.814697265625e-05" />
  </testsuite>
  <testsuite name="spec_perl_TestProcessCustomNoArgs_t" errors="1" failures="0" skipped="0" tests="0" time="0.0311970710754395">
    <system-out></system-out>
    <testcase name="Test died too soon, even before plan. (389)" classname="spec_perl_TestProcessCustomNoArgs_t" time="0.0311970710754395">
      <failure message="The test suite died before a plan was produced. You need to have a plan." type="Plan">No plan</failure>
    </testcase>
  </testsuite>
  <testsuite name="spec_perl_TestIntegersDoubleOverflow_t" errors="0" failures="0" skipped="0" tests="8" time="0.0357530117034912">
    <system-out>1..8
ok 1 - Equals
ok 2 - Equals
ok 3 - Equals
ok 4 - Equals
ok 5 - Equals
ok 6 - Equals
ok 7 - Equals
ok 8 - Equals
</system-out>
    <testcase name="Equals (390)" classname="spec_perl_TestIntegersDoubleOverflow_t" time="0.00151515007019043" />
    <testcase name="Equals (391)" classname="spec_perl_TestIntegersDoubleOverflow_t" time="9.79900360107422e-05" />
    <testcase name="Equals (392)" classname="spec_perl_TestIntegersDoubleOverflow_t" time="3.98159027099609e-05" />
    <testcase name="Equals (393)" classname="spec_perl_TestIntegersDoubleOverflow_t" time="3.71932983398438e-05" />
    <testcase name="Equals (394)" classname="spec_perl_TestIntegersDoubleOverflow_t" time="5.29289245605469e-05" />
    <testcase name="Equals (395)" classname="spec_perl_TestIntegersDoubleOverflow_t" time="3.91006469726562e-05" />
    <testcase name="Equals (396)" classname="spec_perl_TestIntegersDoubleOverflow_t" time="4.48226928710938e-05" />
    <testcase name="Equals (397)" classname="spec_perl_TestIntegersDoubleOverflow_t" time="4.1961669921875e-05" />
  </testsuite>
  <testsuite name="spec_perl_TestBitsUnalignedB64Le_t" errors="0" failures="0" skipped="0" tests="3" time="0.0350620746612549">
    <system-out>1..3
ok 1 - Equals
ok 2 - Equals
ok 3 - Equals
</system-out>
    <testcase name="Equals (398)" classname="spec_perl_TestBitsUnalignedB64Le_t" time="0.00147104263305664" />
    <testcase name="Equals (399)" classname="spec_perl_TestBitsUnalignedB64Le_t" time="7.41481781005859e-05" />
    <testcase name="Equals (400)" classname="spec_perl_TestBitsUnalignedB64Le_t" time="4.1961669921875e-05" />
  </testsuite>
  <testsuite name="spec_perl_TestDocstrings_t" errors="0" failures="0" skipped="1" tests="1" time="0.035693883895874">
    <system-out>1..1
ok 1 # skip Docstrings=HASH(0x5583470f5bb8)
</system-out>
    <testcase name="Unnamed test case 400" classname="spec_perl_TestDocstrings_t" time="0.00178003311157227">
      <skipped message="ok 1 # skip Docstrings=HASH(0x5583470f5bb8)" />
    </testcase>
  </testsuite>
  <testsuite name="spec_perl_TestEosExceptionBytes_t" errors="0" failures="0" skipped="0" tests="1" time="0.0372262001037598">
    <system-out>1..1
ok 1 - threw /^Requested \d+ bytes, but only \d+ bytes available/
</system-out>
    <testcase name="threw /^Requested \d+ bytes, but only \d+ bytes available/ (400)" classname="spec_perl_TestEosExceptionBytes_t" time="0.00166893005371094" />
  </testsuite>
  <testsuite name="spec_perl_TestSwitchManualIntSizeElse_t" errors="0" failures="0" skipped="0" tests="10" time="0.0406370162963867">
    <system-out>1..10
ok 1 - Equals
ok 2 - Equals
ok 3 - Equals
ok 4 - Equals
ok 5 - Equals
ok 6 - Equals
ok 7 - Equals
ok 8 - Equals
ok 9 - Equals
ok 10 - Equals
</system-out>
    <testcase name="Equals (401)" classname="spec_perl_TestSwitchManualIntSizeElse_t" time="0.00177311897277832" />
    <testcase name="Equals (402)" classname="spec_perl_TestSwitchManualIntSizeElse_t" time="7.58171081542969e-05" />
    <testcase name="Equals (403)" classname="spec_perl_TestSwitchManualIntSizeElse_t" time="5.69820404052734e-05" />
    <testcase name="Equals (404)" classname="spec_perl_TestSwitchManualIntSizeElse_t" time="5.31673431396484e-05" />
[...]
  </testsuite>
  <testsuite name="spec_perl_TestBytesPadTerm_t" errors="0" failures="0" skipped="0" tests="4" time="0.0350921154022217">
    <system-out>1..4
ok 1 - Equals
ok 2 - Equals
ok 3 - Equals
ok 4 - Equals
</system-out>
    <testcase name="Equals (873)" classname="spec_perl_TestBytesPadTerm_t" time="0.00145602226257324" />
    <testcase name="Equals (874)" classname="spec_perl_TestBytesPadTerm_t" time="8.51154327392578e-05" />
    <testcase name="Equals (875)" classname="spec_perl_TestBytesPadTerm_t" time="4.79221343994141e-05" />
    <testcase name="Equals (876)" classname="spec_perl_TestBytesPadTerm_t" time="5.79357147216797e-05" />
  </testsuite>
  <testsuite name="spec_perl_TestExprIoEof_t" errors="0" failures="0" skipped="0" tests="4" time="0.0358190536499023">
    <system-out>1..4
ok 1 - Equals
ok 2 - nil
ok 3 - Equals
ok 4 - Equals
</system-out>
    <testcase name="Equals (877)" classname="spec_perl_TestExprIoEof_t" time="0.0017549991607666" />
    <testcase name="nil (877)" classname="spec_perl_TestExprIoEof_t" time="6.69956207275391e-05" />
    <testcase name="Equals (878)" classname="spec_perl_TestExprIoEof_t" time="7.41481781005859e-05" />
    <testcase name="Equals (879)" classname="spec_perl_TestExprIoEof_t" time="4.48226928710938e-05" />
  </testsuite>
  <testsuite name="spec_perl_TestNestedTypes2_t" errors="0" failures="0" skipped="0" tests="7" time="0.0379679203033447">
    <system-out>1..7
ok 1 - Equals
ok 2 - Equals
ok 3 - Equals
ok 4 - Equals
ok 5 - Equals
ok 6 - Equals
ok 7 - Equals
</system-out>
    <testcase name="Equals (880)" classname="spec_perl_TestNestedTypes2_t" time="0.00211596488952637" />
    <testcase name="Equals (881)" classname="spec_perl_TestNestedTypes2_t" time="0.000102043151855469" />
    <testcase name="Equals (882)" classname="spec_perl_TestNestedTypes2_t" time="4.98294830322266e-05" />
    <testcase name="Equals (883)" classname="spec_perl_TestNestedTypes2_t" time="4.69684600830078e-05" />
    <testcase name="Equals (884)" classname="spec_perl_TestNestedTypes2_t" time="5.91278076171875e-05" />
    <testcase name="Equals (885)" classname="spec_perl_TestNestedTypes2_t" time="4.10079956054688e-05" />
    <testcase name="Equals (886)" classname="spec_perl_TestNestedTypes2_t" time="5.29289245605469e-05" />
  </testsuite>
  <testsuite name="spec_perl_TestValidNotParsedIf_t" errors="0" failures="0" skipped="1" tests="1" time="0.0345780849456787">
    <system-out>1..1
ok 1 # skip ValidNotParsedIf=HASH(0x556ab2f931e8)
</system-out>
    <testcase name="Unnamed test case 886" classname="spec_perl_TestValidNotParsedIf_t" time="0.0015871524810791">
      <skipped message="ok 1 # skip ValidNotParsedIf=HASH(0x556ab2f931e8)" />
    </testcase>
  </testsuite>
  <testsuite name="spec_perl_TestEnumIntRangeU_t" errors="0" failures="0" skipped="0" tests="2" time="0.0349280834197998">
    <system-out>1..2
ok 1 - Equals
ok 2 - Equals
</system-out>
    <testcase name="Equals (887)" classname="spec_perl_TestEnumIntRangeU_t" time="0.00143599510192871" />
    <testcase name="Equals (888)" classname="spec_perl_TestEnumIntRangeU_t" time="8.58306884765625e-05" />
  </testsuite>
  <testsuite name="spec_perl_TestEnumLongRangeU_t" errors="0" failures="0" skipped="0" tests="4" time="0.0354020595550537">
    <system-out>1..4
ok 1 - Equals
ok 2 - Equals
ok 3 - Equals
ok 4 - Equals
</system-out>
    <testcase name="Equals (889)" classname="spec_perl_TestEnumLongRangeU_t" time="0.00135898590087891" />
    <testcase name="Equals (890)" classname="spec_perl_TestEnumLongRangeU_t" time="6.69956207275391e-05" />
    <testcase name="Equals (891)" classname="spec_perl_TestEnumLongRangeU_t" time="3.69548797607422e-05" />
    <testcase name="Equals (892)" classname="spec_perl_TestEnumLongRangeU_t" time="4.50611114501953e-05" />
  </testsuite>
  <testsuite name="spec_perl_TestExpr1_t" errors="0" failures="0" skipped="0" tests="4" time="0.0397601127624512">
    <system-out>1..4
ok 1 - Equals
ok 2 - Equals
ok 3 - Equals
ok 4 - Equals
</system-out>
    <testcase name="Equals (893)" classname="spec_perl_TestExpr1_t" time="0.00141096115112305" />
    <testcase name="Equals (894)" classname="spec_perl_TestExpr1_t" time="8.91685485839844e-05" />
    <testcase name="Equals (895)" classname="spec_perl_TestExpr1_t" time="5.60283660888672e-05" />
    <testcase name="Equals (896)" classname="spec_perl_TestExpr1_t" time="4.1961669921875e-05" />
  </testsuite>
  <testsuite name="spec_perl_TestUserType_t" errors="0" failures="0" skipped="0" tests="2" time="0.0341870784759521">
    <system-out>1..2
ok 1 - Equals
ok 2 - Equals
</system-out>
    <testcase name="Equals (897)" classname="spec_perl_TestUserType_t" time="0.00137495994567871" />
    <testcase name="Equals (898)" classname="spec_perl_TestUserType_t" time="7.91549682617188e-05" />
  </testsuite>
  <testsuite name="spec_perl_TestBitsSeqEndianCombo_t" errors="0" failures="0" skipped="0" tests="8" time="0.0367259979248047">
    <system-out>1..8
ok 1 - Equals
ok 2 - Equals
ok 3 - Equals
ok 4 - Equals
ok 5 - Equals
ok 6 - Equals
ok 7 - Equals
ok 8 - Equals
</system-out>
    <testcase name="Equals (899)" classname="spec_perl_TestBitsSeqEndianCombo_t" time="0.00149297714233398" />
    <testcase name="Equals (900)" classname="spec_perl_TestBitsSeqEndianCombo_t" time="9.10758972167969e-05" />
    <testcase name="Equals (901)" classname="spec_perl_TestBitsSeqEndianCombo_t" time="5.29289245605469e-05" />
    <testcase name="Equals (902)" classname="spec_perl_TestBitsSeqEndianCombo_t" time="4.1961669921875e-05" />
    <testcase name="Equals (903)" classname="spec_perl_TestBitsSeqEndianCombo_t" time="6.19888305664062e-05" />
    <testcase name="Equals (904)" classname="spec_perl_TestBitsSeqEndianCombo_t" time="4.10079956054688e-05" />
    <testcase name="Equals (905)" classname="spec_perl_TestBitsSeqEndianCombo_t" time="3.91006469726562e-05" />
    <testcase name="Equals (906)" classname="spec_perl_TestBitsSeqEndianCombo_t" time="5.29289245605469e-05" />
  </testsuite>
  <testsuite name="spec_perl_TestParamsCallShort_t" errors="0" failures="3" skipped="0" tests="3" time="0.0463061332702637">
    <system-out>1..3
not ok 1 - Equals
not ok 2 - Equals
not ok 3 - Equals
</system-out>
    <testcase name="Equals (907)" classname="spec_perl_TestParamsCallShort_t" time="0.00229001045227051">
      <failure message="not ok 1 - Equals" type="TAP::Parser::Result::Test"></failure>
    </testcase>
    <testcase name="Equals (908)" classname="spec_perl_TestParamsCallShort_t" time="0.000851869583129883">
      <failure message="not ok 2 - Equals" type="TAP::Parser::Result::Test"></failure>
    </testcase>
    <testcase name="Equals (909)" classname="spec_perl_TestParamsCallShort_t" time="9.41753387451172e-05">
      <failure message="not ok 3 - Equals" type="TAP::Parser::Result::Test"></failure>
    </testcase>
  </testsuite>
  <testsuite name="spec_perl_TestRepeatNStruct_t" errors="0" failures="0" skipped="0" tests="5" time="0.0354530811309814">
    <system-out>1..5
ok 1 - Equals
ok 2 - Equals
ok 3 - Equals
ok 4 - Equals
ok 5 - Equals
</system-out>
    <testcase name="Equals (910)" classname="spec_perl_TestRepeatNStruct_t" time="0.00136685371398926" />
    <testcase name="Equals (911)" classname="spec_perl_TestRepeatNStruct_t" time="8.91685485839844e-05" />
    <testcase name="Equals (912)" classname="spec_perl_TestRepeatNStruct_t" time="4.88758087158203e-05" />
    <testcase name="Equals (913)" classname="spec_perl_TestRepeatNStruct_t" time="4.91142272949219e-05" />
    <testcase name="Equals (914)" classname="spec_perl_TestRepeatNStruct_t" time="5.60283660888672e-05" />
  </testsuite>
  <testsuite name="spec_perl_TestNavParentFalse2_t" errors="0" failures="0" skipped="0" tests="1" time="0.0352959632873535">
    <system-out>1..1
ok 1 - Equals
</system-out>
    <testcase name="Equals (915)" classname="spec_perl_TestNavParentFalse2_t" time="0.00138616561889648" />
  </testsuite>
  <testsuite name="spec_perl_TestBitsUnalignedB32Le_t" errors="0" failures="0" skipped="0" tests="3" time="0.0388059616088867">
    <system-out>1..3
ok 1 - Equals
ok 2 - Equals
ok 3 - Equals
</system-out>
    <testcase name="Equals (916)" classname="spec_perl_TestBitsUnalignedB32Le_t" time="0.00131106376647949" />
    <testcase name="Equals (917)" classname="spec_perl_TestBitsUnalignedB32Le_t" time="7.98702239990234e-05" />
    <testcase name="Equals (918)" classname="spec_perl_TestBitsUnalignedB32Le_t" time="4.81605529785156e-05" />
  </testsuite>
  <testsuite name="spec_perl_TestNavParent2_t" errors="0" failures="0" skipped="0" tests="10" time="0.0411379337310791">
    <system-out>1..10
ok 1 - Equals
ok 2 - Equals
ok 3 - Equals
ok 4 - Equals
ok 5 - Equals
ok 6 - Equals
ok 7 - Equals
ok 8 - Equals
ok 9 - Equals
ok 10 - Equals
</system-out>
    <testcase name="Equals (919)" classname="spec_perl_TestNavParent2_t" time="0.00123095512390137" />
    <testcase name="Equals (920)" classname="spec_perl_TestNavParent2_t" time="6.29425048828125e-05" />
    <testcase name="Equals (921)" classname="spec_perl_TestNavParent2_t" time="4.81605529785156e-05" />
    <testcase name="Equals (922)" classname="spec_perl_TestNavParent2_t" time="4.48226928710938e-05" />
    <testcase name="Equals (923)" classname="spec_perl_TestNavParent2_t" time="6.81877136230469e-05" />
    <testcase name="Equals (924)" classname="spec_perl_TestNavParent2_t" time="0.000122785568237305" />
    <testcase name="Equals (925)" classname="spec_perl_TestNavParent2_t" time="7.20024108886719e-05" />
    <testcase name="Equals (926)" classname="spec_perl_TestNavParent2_t" time="7.00950622558594e-05" />
    <testcase name="Equals (927)" classname="spec_perl_TestNavParent2_t" time="6.89029693603516e-05" />
    <testcase name="Equals (928)" classname="spec_perl_TestNavParent2_t" time="9.82284545898438e-05" />
  </testsuite>
  <testsuite name="spec_perl_TestProcessCustom_t" errors="1" failures="0" skipped="0" tests="0" time="0.0321950912475586">
    <system-out></system-out>
    <testcase name="Test died too soon, even before plan. (928)" classname="spec_perl_TestProcessCustom_t" time="0.0321950912475586">
      <failure message="The test suite died before a plan was produced. You need to have a plan." type="Plan">No plan</failure>
    </testcase>
  </testsuite>
  <testsuite name="spec_perl_TestIfInstances_t" errors="0" failures="0" skipped="0" tests="1" time="0.034959077835083">
    <system-out>1..1
ok 1 - nil
</system-out>
    <testcase name="nil (928)" classname="spec_perl_TestIfInstances_t" time="0.00136208534240723" />
  </testsuite>
  <testsuite name="spec_perl_TestProcessXor4Const_t" errors="0" failures="0" skipped="0" tests="2" time="0.0349400043487549">
    <system-out>1..2
ok 1 - Equals
ok 2 - Equals
</system-out>
    <testcase name="Equals (929)" classname="spec_perl_TestProcessXor4Const_t" time="0.00140500068664551" />
    <testcase name="Equals (930)" classname="spec_perl_TestProcessXor4Const_t" time="8.60691070556641e-05" />
  </testsuite>
  <testsuite name="spec_perl_TestExprMod_t" errors="0" failures="0" skipped="0" tests="6" time="0.0338408946990967">
    <system-out>1..6
ok 1 - Equals
ok 2 - Equals
ok 3 - Equals
ok 4 - Equals
ok 5 - Equals
ok 6 - Equals
</system-out>
    <testcase name="Equals (931)" classname="spec_perl_TestExprMod_t" time="0.00144100189208984" />
    <testcase name="Equals (932)" classname="spec_perl_TestExprMod_t" time="8.91685485839844e-05" />
    <testcase name="Equals (933)" classname="spec_perl_TestExprMod_t" time="4.88758087158203e-05" />
    <testcase name="Equals (934)" classname="spec_perl_TestExprMod_t" time="4.1961669921875e-05" />
    <testcase name="Equals (935)" classname="spec_perl_TestExprMod_t" time="5.60283660888672e-05" />
    <testcase name="Equals (936)" classname="spec_perl_TestExprMod_t" time="4.00543212890625e-05" />
  </testsuite>
  <testsuite name="spec_perl_TestParamsEnum_t" errors="0" failures="1" skipped="0" tests="2" time="0.0366208553314209">
    <system-out>1..2
ok 1 - Equals
not ok 2 - Equals
</system-out>
    <testcase name="Equals (937)" classname="spec_perl_TestParamsEnum_t" time="0.00141096115112305" />
    <testcase name="Equals (938)" classname="spec_perl_TestParamsEnum_t" time="9.10758972167969e-05">
      <failure message="not ok 2 - Equals" type="TAP::Parser::Result::Test"></failure>
    </testcase>
  </testsuite>
  <testsuite name="spec_perl_TestEnumDeepLiterals_t" errors="0" failures="0" skipped="0" tests="2" time="0.0349879264831543">
    <system-out>1..2
ok 1 - Equals
ok 2 - Equals
</system-out>
    <testcase name="Equals (939)" classname="spec_perl_TestEnumDeepLiterals_t" time="0.00139689445495605" />
    <testcase name="Equals (940)" classname="spec_perl_TestEnumDeepLiterals_t" time="8.70227813720703e-05" />
  </testsuite>
  <testsuite name="spec_perl_TestImportsRel1_t" errors="0" failures="0" skipped="0" tests="3" time="0.0359468460083008">
    <system-out>1..3
ok 1 - Equals
ok 2 - Equals
ok 3 - Equals
</system-out>
    <testcase name="Equals (941)" classname="spec_perl_TestImportsRel1_t" time="0.00151920318603516" />
    <testcase name="Equals (942)" classname="spec_perl_TestImportsRel1_t" time="6.07967376708984e-05" />
    <testcase name="Equals (943)" classname="spec_perl_TestImportsRel1_t" time="5.69820404052734e-05" />
  </testsuite>
  <testsuite name="spec_perl_TestEnumOfValueInst_t" errors="0" failures="0" skipped="0" tests="4" time="0.0347580909729004">
    <system-out>1..4
ok 1 - Equals
ok 2 - Equals
ok 3 - Equals
ok 4 - Equals
</system-out>
    <testcase name="Equals (944)" classname="spec_perl_TestEnumOfValueInst_t" time="0.00118494033813477" />
    <testcase name="Equals (945)" classname="spec_perl_TestEnumOfValueInst_t" time="7.20024108886719e-05" />
    <testcase name="Equals (946)" classname="spec_perl_TestEnumOfValueInst_t" time="5.81741333007812e-05" />
    <testcase name="Equals (947)" classname="spec_perl_TestEnumOfValueInst_t" time="4.79221343994141e-05" />
  </testsuite>
  <testsuite name="spec_perl_TestProcessCoerceSwitch_t" errors="0" failures="0" skipped="0" tests="3" time="0.035768985748291">
    <system-out>1..3
ok 1 - Equals
ok 2 - Equals
ok 3 - Equals
</system-out>
    <testcase name="Equals (948)" classname="spec_perl_TestProcessCoerceSwitch_t" time="0.0017399787902832" />
    <testcase name="Equals (949)" classname="spec_perl_TestProcessCoerceSwitch_t" time="7.89165496826172e-05" />
    <testcase name="Equals (950)" classname="spec_perl_TestProcessCoerceSwitch_t" time="4.1961669921875e-05" />
  </testsuite>
  <testsuite name="spec_perl_TestExprStrOps_t" errors="0" failures="0" skipped="0" tests="17" time="0.0416162014007568">
    <system-out>1..17
ok 1 - Equals
ok 2 - Equals
ok 3 - Equals
ok 4 - Equals
ok 5 - Equals
ok 6 - Equals
ok 7 - Equals
ok 8 - Equals
ok 9 - Equals
ok 10 - Equals
ok 11 - Equals
ok 12 - Equals
ok 13 - Equals
ok 14 - Equals
ok 15 - Equals
ok 16 - Equals
ok 17 - Equals
</system-out>
    <testcase name="Equals (951)" classname="spec_perl_TestExprStrOps_t" time="0.00150084495544434" />
    <testcase name="Equals (952)" classname="spec_perl_TestExprStrOps_t" time="0.000127077102661133" />
    <testcase name="Equals (953)" classname="spec_perl_TestExprStrOps_t" time="0.000351905822753906" />
    <testcase name="Equals (954)" classname="spec_perl_TestExprStrOps_t" time="7.10487365722656e-05" />
    <testcase name="Equals (955)" classname="spec_perl_TestExprStrOps_t" time="4.41074371337891e-05" />
    <testcase name="Equals (956)" classname="spec_perl_TestExprStrOps_t" time="4.1961669921875e-05" />
    <testcase name="Equals (957)" classname="spec_perl_TestExprStrOps_t" time="6.79492950439453e-05" />
    <testcase name="Equals (958)" classname="spec_perl_TestExprStrOps_t" time="4.69684600830078e-05" />
    <testcase name="Equals (959)" classname="spec_perl_TestExprStrOps_t" time="3.91006469726562e-05" />
    <testcase name="Equals (960)" classname="spec_perl_TestExprStrOps_t" time="5.98430633544922e-05" />
    <testcase name="Equals (961)" classname="spec_perl_TestExprStrOps_t" time="4.00543212890625e-05" />
    <testcase name="Equals (962)" classname="spec_perl_TestExprStrOps_t" time="3.814697265625e-05" />
    <testcase name="Equals (963)" classname="spec_perl_TestExprStrOps_t" time="3.88622283935547e-05" />
    <testcase name="Equals (964)" classname="spec_perl_TestExprStrOps_t" time="4.10079956054688e-05" />
    <testcase name="Equals (965)" classname="spec_perl_TestExprStrOps_t" time="8.0108642578125e-05" />
    <testcase name="Equals (966)" classname="spec_perl_TestExprStrOps_t" time="7.58171081542969e-05" />
    <testcase name="Equals (967)" classname="spec_perl_TestExprStrOps_t" time="4.10079956054688e-05" />
  </testsuite>
  <testsuite name="spec_perl_TestNestedTypeParam_t" errors="0" failures="2" skipped="0" tests="2" time="0.0460689067840576">
    <system-out>1..2
not ok 1 - Equals
not ok 2 - Equals
</system-out>
    <testcase name="Equals (968)" classname="spec_perl_TestNestedTypeParam_t" time="0.00251102447509766">
      <failure message="not ok 1 - Equals" type="TAP::Parser::Result::Test"></failure>
    </testcase>
    <testcase name="Equals (969)" classname="spec_perl_TestNestedTypeParam_t" time="0.00188994407653809">
      <failure message="not ok 2 - Equals" type="TAP::Parser::Result::Test"></failure>
    </testcase>
  </testsuite>
  <testsuite name="spec_perl_TestRepeatEosStruct_t" errors="0" failures="0" skipped="0" tests="5" time="0.035053014755249">
    <system-out>1..5
ok 1 - Equals
ok 2 - Equals
ok 3 - Equals
ok 4 - Equals
ok 5 - Equals
</system-out>
    <testcase name="Equals (970)" classname="spec_perl_TestRepeatEosStruct_t" time="0.00140190124511719" />
    <testcase name="Equals (971)" classname="spec_perl_TestRepeatEosStruct_t" time="8.89301300048828e-05" />
    <testcase name="Equals (972)" classname="spec_perl_TestRepeatEosStruct_t" time="9.01222229003906e-05" />
    <testcase name="Equals (973)" classname="spec_perl_TestRepeatEosStruct_t" time="5.29289245605469e-05" />
    <testcase name="Equals (974)" classname="spec_perl_TestRepeatEosStruct_t" time="6.00814819335938e-05" />
  </testsuite>
  <testsuite name="spec_perl_TestNavParent3_t" errors="0" failures="0" skipped="0" tests="10" time="0.0409507751464844">
    <system-out>1..10
ok 1 - Equals
ok 2 - Equals
ok 3 - Equals
ok 4 - Equals
ok 5 - Equals
ok 6 - Equals
ok 7 - Equals
ok 8 - Equals
ok 9 - Equals
ok 10 - Equals
</system-out>
    <testcase name="Equals (975)" classname="spec_perl_TestNavParent3_t" time="0.00150394439697266" />
    <testcase name="Equals (976)" classname="spec_perl_TestNavParent3_t" time="0.000105142593383789" />
    <testcase name="Equals (977)" classname="spec_perl_TestNavParent3_t" time="6.103515625e-05" />
    <testcase name="Equals (978)" classname="spec_perl_TestNavParent3_t" time="6.103515625e-05" />
    <testcase name="Equals (979)" classname="spec_perl_TestNavParent3_t" time="4.1961669921875e-05" />
    <testcase name="Equals (980)" classname="spec_perl_TestNavParent3_t" time="5.29289245605469e-05" />
    <testcase name="Equals (981)" classname="spec_perl_TestNavParent3_t" time="5.88893890380859e-05" />
    <testcase name="Equals (982)" classname="spec_perl_TestNavParent3_t" time="5.00679016113281e-05" />
    <testcase name="Equals (983)" classname="spec_perl_TestNavParent3_t" time="5.31673431396484e-05" />
    <testcase name="Equals (984)" classname="spec_perl_TestNavParent3_t" time="9.58442687988281e-05" />
  </testsuite>
  <testsuite name="spec_perl_TestPositionAbs_t" errors="0" failures="0" skipped="0" tests="2" time="0.0408258438110352">
    <system-out>1..2
ok 1 - Equals
ok 2 - Equals
</system-out>
    <testcase name="Equals (985)" classname="spec_perl_TestPositionAbs_t" time="0.00163507461547852" />
    <testcase name="Equals (986)" classname="spec_perl_TestPositionAbs_t" time="0.000334978103637695" />
  </testsuite>
</testsuites>
