<?xml version='1.0' encoding='utf-8'?>
<testsuites>
  <testsuite name="spec_perl_TestParamsPassArrayStr_t" errors="0" failures="1" skipped="6" tests="7" time="0.0879240036010742">
    <system-out>1..7
not ok 1 - test_params_pass_array_str died (Can't use an undefined value as an ARRAY reference at spec/perl/TestParamsPassArrayStr.t line 14.)
ok 2 # skip test_params_pass_array_str died
ok 3 # skip test_params_pass_array_str died
ok 4 # skip test_params_pass_array_str died
ok 5 # skip test_params_pass_array_str died
ok 6 # skip test_params_pass_array_str died
ok 7 # skip test_params_pass_array_str died
</system-out>
    <testcase name="test_params_pass_array_str died (Can't use an undefined value as an ARRAY reference at spec/perl/TestParamsPassArrayStr.t line 14.)" classname="spec_perl_TestParamsPassArrayStr_t" time="0.000296115875244141">
      <failure message="not ok 1 - test_params_pass_array_str died (Can't use an undefined value as an ARRAY reference at spec/perl/TestParamsPassArrayStr.t line 14.)" type="TAP::Parser::Result::Test"></failure>
    </testcase>
    <testcase name="Unnamed test case 1" classname="spec_perl_TestParamsPassArrayStr_t" time="0.000770092010498047">
      <skipped message="ok 2 # skip test_params_pass_array_str died" />
    </testcase>
    <testcase name="Unnamed test case 2" classname="spec_perl_TestParamsPassArrayStr_t" time="0.000539779663085938">
      <skipped message="ok 3 # skip test_params_pass_array_str died" />
    </testcase>
    <testcase name="Unnamed test case 3" classname="spec_perl_TestParamsPassArrayStr_t" time="0.000105142593383789">
      <skipped message="ok 4 # skip test_params_pass_array_str died" />
    </testcase>
    <testcase name="Unnamed test case 4" classname="spec_perl_TestParamsPassArrayStr_t" time="0.000226974487304688">
      <skipped message="ok 5 # skip test_params_pass_array_str died" />
    </testcase>
    <testcase name="Unnamed test case 5" classname="spec_perl_TestParamsPassArrayStr_t" time="0.000138998031616211">
      <skipped message="ok 6 # skip test_params_pass_array_str died" />
    </testcase>
    <testcase name="Unnamed test case 6" classname="spec_perl_TestParamsPassArrayStr_t" time="0.000159978866577148">
      <skipped message="ok 7 # skip test_params_pass_array_str died" />
    </testcase>
  </testsuite>
  <testsuite name="spec_perl_TestValidNotParsedIf_t" errors="0" failures="0" skipped="1" tests="1" time="0.0776550769805908">
    <system-out>1..1
ok 1 # skip ValidNotParsedIf=HASH(0x561c63285f68)
</system-out>
    <testcase name="Unnamed test case 7" classname="spec_perl_TestValidNotParsedIf_t" time="0.00137114524841309">
      <skipped message="ok 1 # skip ValidNotParsedIf=HASH(0x561c63285f68)" />
    </testcase>
  </testsuite>
  <testsuite name="spec_perl_TestBitsShiftByB32Le_t" errors="0" failures="0" skipped="0" tests="2" time="0.0757489204406738">
    <system-out>1..2
ok 1 - Equals
ok 2 - Equals
</system-out>
    <testcase name="Equals (7)" classname="spec_perl_TestBitsShiftByB32Le_t" time="0.000233888626098633" />
    <testcase name="Equals (8)" classname="spec_perl_TestBitsShiftByB32Le_t" time="0.000123977661132812" />
  </testsuite>
  <testsuite name="spec_perl_TestNavParentSwitch_t" errors="0" failures="0" skipped="0" tests="3" time="0.0814321041107178">
    <system-out>1..3
ok 1 - Equals
ok 2 - Equals
ok 3 - Equals
</system-out>
    <testcase name="Equals (9)" classname="spec_perl_TestNavParentSwitch_t" time="0.000248193740844727" />
    <testcase name="Equals (10)" classname="spec_perl_TestNavParentSwitch_t" time="0.000137805938720703" />
    <testcase name="Equals (11)" classname="spec_perl_TestNavParentSwitch_t" time="0.000171184539794922" />
  </testsuite>
  <testsuite name="spec_perl_TestEnumToI_t" errors="0" failures="0" skipped="0" tests="8" time="0.0751590728759766">
    <system-out>1..8
ok 1 - Equals
ok 2 - Equals
ok 3 - Equals
ok 4 - Equals
ok 5 - Equals
ok 6 - Equals
ok 7 - Equals
ok 8 - Equals
</system-out>
    <testcase name="Equals (12)" classname="spec_perl_TestEnumToI_t" time="0.000185966491699219" />
    <testcase name="Equals (13)" classname="spec_perl_TestEnumToI_t" time="0.000127077102661133" />
    <testcase name="Equals (14)" classname="spec_perl_TestEnumToI_t" time="0.000149965286254883" />
    <testcase name="Equals (15)" classname="spec_perl_TestEnumToI_t" time="0.000155925750732422" />
    <testcase name="Equals (16)" classname="spec_perl_TestEnumToI_t" time="0.00015711784362793" />
    <testcase name="Equals (17)" classname="spec_perl_TestEnumToI_t" time="0.000144004821777344" />
    <testcase name="Equals (18)" classname="spec_perl_TestEnumToI_t" time="0.000164031982421875" />
    <testcase name="Equals (19)" classname="spec_perl_TestEnumToI_t" time="0.000154972076416016" />
  </testsuite>
  <testsuite name="spec_perl_TestUserType_t" errors="0" failures="0" skipped="0" tests="2" time="0.0791938304901123">
    <system-out>1..2
ok 1 - Equals
ok 2 - Equals
</system-out>
    <testcase name="Equals (20)" classname="spec_perl_TestUserType_t" time="0.00084686279296875" />
    <testcase name="Equals (21)" classname="spec_perl_TestUserType_t" time="7.79628753662109e-05" />
  </testsuite>
  <testsuite name="spec_perl_TestEnumToIInvalid_t" errors="0" failures="0" skipped="0" tests="8" time="0.0782208442687988">
    <system-out>1..8
ok 1 - Equals
ok 2 - Equals
ok 3 - Equals
ok 4 - Equals
ok 5 - Equals
ok 6 - Equals
ok 7 - Equals
ok 8 - Equals
</system-out>
    <testcase name="Equals (22)" classname="spec_perl_TestEnumToIInvalid_t" time="0.000204086303710938" />
    <testcase name="Equals (23)" classname="spec_perl_TestEnumToIInvalid_t" time="0.000138998031616211" />
    <testcase name="Equals (24)" classname="spec_perl_TestEnumToIInvalid_t" time="0.000147104263305664" />
    <testcase name="Equals (25)" classname="spec_perl_TestEnumToIInvalid_t" time="0.000152826309204102" />
    <testcase name="Equals (26)" classname="spec_perl_TestEnumToIInvalid_t" time="0.000286102294921875" />
    <testcase name="Equals (27)" classname="spec_perl_TestEnumToIInvalid_t" time="0.000154018402099609" />
    <testcase name="Equals (28)" classname="spec_perl_TestEnumToIInvalid_t" time="0.000150918960571289" />
    <testcase name="Equals (29)" classname="spec_perl_TestEnumToIInvalid_t" time="0.000225067138671875" />
  </testsuite>
  <testsuite name="spec_perl_TestFixedStruct_t" errors="0" failures="0" skipped="0" tests="20" time="0.084907054901123">
    <system-out>1..20
ok 1 - Equals
ok 2 - Equals
ok 3 - Equals
ok 4 - Equals
ok 5 - Equals
ok 6 - Equals
ok 7 - Equals
ok 8 - Equals
ok 9 - Equals
ok 10 - Equals
ok 11 - Equals
ok 12 - Equals
ok 13 - Equals
ok 14 - Equals
ok 15 - Equals
ok 16 - Equals
ok 17 - Equals
ok 18 - Equals
ok 19 - Equals
ok 20 - Equals
</system-out>
    <testcase name="Equals (30)" classname="spec_perl_TestFixedStruct_t" time="0.000223875045776367" />
    <testcase name="Equals (31)" classname="spec_perl_TestFixedStruct_t" time="0.000128030776977539" />
    <testcase name="Equals (32)" classname="spec_perl_TestFixedStruct_t" time="0.000159978866577148" />
    <testcase name="Equals (33)" classname="spec_perl_TestFixedStruct_t" time="0.000154018402099609" />
    <testcase name="Equals (34)" classname="spec_perl_TestFixedStruct_t" time="0.00014805793762207" />
    <testcase name="Equals (35)" classname="spec_perl_TestFixedStruct_t" time="0.000155925750732422" />
    <testcase name="Equals (36)" classname="spec_perl_TestFixedStruct_t" time="0.000144004821777344" />
    <testcase name="Equals (37)" classname="spec_perl_TestFixedStruct_t" time="0.000151157379150391" />
    <testcase name="Equals (38)" classname="spec_perl_TestFixedStruct_t" time="0.000161886215209961" />
    <testcase name="Equals (39)" classname="spec_perl_TestFixedStruct_t" time="0.000159025192260742" />
    <testcase name="Equals (40)" classname="spec_perl_TestFixedStruct_t" time="0.000139951705932617" />
    <testcase name="Equals (41)" classname="spec_perl_TestFixedStruct_t" time="0.00014495849609375" />
    <testcase name="Equals (42)" classname="spec_perl_TestFixedStruct_t" time="0.000146150588989258" />
    <testcase name="Equals (43)" classname="spec_perl_TestFixedStruct_t" time="0.000157833099365234" />
    <testcase name="Equals (44)" classname="spec_perl_TestFixedStruct_t" time="0.000158071517944336" />
    <testcase name="Equals (45)" classname="spec_perl_TestFixedStruct_t" time="0.000160932540893555" />
    <testcase name="Equals (46)" classname="spec_perl_TestFixedStruct_t" time="0.000163078308105469" />
    <testcase name="Equals (47)" classname="spec_perl_TestFixedStruct_t" time="0.00015711784362793" />
    <testcase name="Equals (48)" classname="spec_perl_TestFixedStruct_t" time="0.000178813934326172" />
    <testcase name="Equals (49)" classname="spec_perl_TestFixedStruct_t" time="0.000178098678588867" />
  </testsuite>
  <testsuite name="spec_perl_TestNestedTypes_t" errors="0" failures="0" skipped="0" tests="3" time="0.0788030624389648">
    <system-out>1..3
ok 1 - Equals
ok 2 - Equals
ok 3 - Equals
</system-out>
    <testcase name="Equals (50)" classname="spec_perl_TestNestedTypes_t" time="0.000219821929931641" />
    <testcase name="Equals (51)" classname="spec_perl_TestNestedTypes_t" time="0.000150203704833984" />
    <testcase name="Equals (52)" classname="spec_perl_TestNestedTypes_t" time="0.000169992446899414" />
  </testsuite>
  <testsuite name="spec_perl_TestSwitchElseOnly_t" errors="0" failures="0" skipped="0" tests="3" time="0.0775229930877686">
    <system-out>1..3
ok 1 - Equals
ok 2 - Equals
ok 3 - Equals
</system-out>
    <testcase name="Equals (53)" classname="spec_perl_TestSwitchElseOnly_t" time="0.000241994857788086" />
    <testcase name="Equals (54)" classname="spec_perl_TestSwitchElseOnly_t" time="0.000151157379150391" />
    <testcase name="Equals (55)" classname="spec_perl_TestSwitchElseOnly_t" time="0.000169992446899414" />
  </testsuite>
  <testsuite name="spec_perl_TestIoLocalVar_t" errors="0" failures="0" skipped="0" tests="2" time="0.0845880508422852">
    <system-out>1..2
ok 1 - Equals
ok 2 - Equals
</system-out>
    <testcase name="Equals (56)" classname="spec_perl_TestIoLocalVar_t" time="0.000760078430175781" />
    <testcase name="Equals (57)" classname="spec_perl_TestIoLocalVar_t" time="0.000113964080810547" />
  </testsuite>
  <testsuite name="spec_perl_TestEofExceptionBytes_t" errors="0" failures="0" skipped="0" tests="1" time="0.0858278274536133">
    <system-out>1..1
ok 1 - threw /^Requested \d+ bytes, but only \d+ bytes available/
</system-out>
    <testcase name="threw /^Requested \d+ bytes, but only \d+ bytes available/ (57)" classname="spec_perl_TestEofExceptionBytes_t" time="0.000132083892822266" />
  </testsuite>
  <testsuite name="spec_perl_TestCombineBytes_t" errors="0" failures="0" skipped="0" tests="10" time="0.0753481388092041">
    <system-out>1..10
ok 1 - Equals
ok 2 - Equals
ok 3 - Equals
ok 4 - Equals
ok 5 - Equals
ok 6 - Equals
ok 7 - Equals
ok 8 - Equals
ok 9 - Equals
ok 10 - Equals
</system-out>
    <testcase name="Equals (58)" classname="spec_perl_TestCombineBytes_t" time="0.000230073928833008" />
    <testcase name="Equals (59)" classname="spec_perl_TestCombineBytes_t" time="0.00014185905456543" />
    <testcase name="Equals (60)" classname="spec_perl_TestCombineBytes_t" time="0.000146150588989258" />
    <testcase name="Equals (61)" classname="spec_perl_TestCombineBytes_t" time="0.000166893005371094" />
    <testcase name="Equals (62)" classname="spec_perl_TestCombineBytes_t" time="0.000169992446899414" />
    <testcase name="Equals (63)" classname="spec_perl_TestCombineBytes_t" time="0.000173091888427734" />
    <testcase name="Equals (64)" classname="spec_perl_TestCombineBytes_t" time="0.000197887420654297" />
    <testcase name="Equals (65)" classname="spec_perl_TestCombineBytes_t" time="0.000195980072021484" />
    <testcase name="Equals (66)" classname="spec_perl_TestCombineBytes_t" time="0.000177145004272461" />
    <testcase name="Equals (67)" classname="spec_perl_TestCombineBytes_t" time="0.00017094612121582" />
  </testsuite>
  <testsuite name="spec_perl_TestEnumLongRangeS_t" errors="0" failures="0" skipped="0" tests="7" time="0.0788130760192871">
    <system-out>1..7
ok 1 - Equals
ok 2 - Equals
ok 3 - Equals
ok 4 - Equals
ok 5 - Equals
ok 6 - Equals
ok 7 - Equals
</system-out>
    <testcase name="Equals (68)" classname="spec_perl_TestEnumLongRangeS_t" time="0.000234127044677734" />
    <testcase name="Equals (69)" classname="spec_perl_TestEnumLongRangeS_t" time="0.000158786773681641" />
    <testcase name="Equals (70)" classname="spec_perl_TestEnumLongRangeS_t" time="0.000184059143066406" />
    <testcase name="Equals (71)" classname="spec_perl_TestEnumLongRangeS_t" time="0.000198125839233398" />
    <testcase name="Equals (72)" classname="spec_perl_TestEnumLongRangeS_t" time="0.000171899795532227" />
    <testcase name="Equals (73)" classname="spec_perl_TestEnumLongRangeS_t" time="0.000162124633789062" />
    <testcase name="Equals (74)" classname="spec_perl_TestEnumLongRangeS_t" time="0.000171899795532227" />
  </testsuite>
  <testsuite name="spec_perl_TestCombineEnum_t" errors="0" failures="0" skipped="0" tests="3" time="0.0748240947723389">
    <system-out>1..3
ok 1 - Equals
ok 2 - Equals
ok 3 - Equals
</system-out>
    <testcase name="Equals (75)" classname="spec_perl_TestCombineEnum_t" time="0.000203847885131836" />
    <testcase name="Equals (76)" classname="spec_perl_TestCombineEnum_t" time="0.000168085098266602" />
    <testcase name="Equals (77)" classname="spec_perl_TestCombineEnum_t" time="0.000149965286254883" />
  </testsuite>
  <testsuite name="spec_perl_TestStrPadTerm_t" errors="0" failures="0" skipped="0" tests="4" time="0.083064079284668">
    <system-out>1..4
ok 1 - Equals
ok 2 - Equals
ok 3 - Equals
ok 4 - Equals
</system-out>
    <testcase name="Equals (78)" classname="spec_perl_TestStrPadTerm_t" time="0.000332832336425781" />
    <testcase name="Equals (79)" classname="spec_perl_TestStrPadTerm_t" time="0.000141143798828125" />
    <testcase name="Equals (80)" classname="spec_perl_TestStrPadTerm_t" time="0.000175952911376953" />
    <testcase name="Equals (81)" classname="spec_perl_TestStrPadTerm_t" time="0.000169992446899414" />
  </testsuite>
  <testsuite name="spec_perl_TestFloatingPoints_t" errors="0" failures="0" skipped="0" tests="8" time="0.0776019096374512">
    <system-out>1..8
ok 1 - Approx equals
ok 2 - Approx equals
ok 3 - Approx equals
ok 4 - Approx equals
ok 5 - Approx equals
ok 6 - Approx equals
ok 7 - Approx equals
ok 8 - Approx equals
</system-out>
    <testcase name="Approx equals (81)" classname="spec_perl_TestFloatingPoints_t" time="0.000162124633789062" />
    <testcase name="Approx equals (82)" classname="spec_perl_TestFloatingPoints_t" time="7.29560852050781e-05" />
    <testcase name="Approx equals (83)" classname="spec_perl_TestFloatingPoints_t" time="4.10079956054688e-05" />
    <testcase name="Approx equals (84)" classname="spec_perl_TestFloatingPoints_t" time="4.38690185546875e-05" />
    <testcase name="Approx equals (85)" classname="spec_perl_TestFloatingPoints_t" time="5.50746917724609e-05" />
    <testcase name="Approx equals (86)" classname="spec_perl_TestFloatingPoints_t" time="3.69548797607422e-05" />
    <testcase name="Approx equals (87)" classname="spec_perl_TestFloatingPoints_t" time="5.00679016113281e-05" />
    <testcase name="Approx equals (88)" classname="spec_perl_TestFloatingPoints_t" time="3.60012054443359e-05" />
  </testsuite>
  <testsuite name="spec_perl_TestZlibSurrounded_t" errors="0" failures="0" skipped="0" tests="1" time="0.112391948699951">
    <system-out>1..1
ok 1 - Equals
</system-out>
    <testcase name="Equals (88)" classname="spec_perl_TestZlibSurrounded_t" time="0.000123977661132812" />
  </testsuite>
  <testsuite name="spec_perl_TestPositionToEnd_t" errors="0" failures="0" skipped="0" tests="2" time="0.0789468288421631">
    <system-out>1..2
ok 1 - Equals
ok 2 - Equals
</system-out>
    <testcase name="Equals (89)" classname="spec_perl_TestPositionToEnd_t" time="0.000236988067626953" />
    <testcase name="Equals (90)" classname="spec_perl_TestPositionToEnd_t" time="0.000133037567138672" />
  </testsuite>
  <testsuite name="spec_perl_TestTsPacketHeader_t" errors="0" failures="0" skipped="0" tests="7" time="0.0794179439544678">
    <system-out>1..7
ok 1 - Equals
ok 2 - Equals
ok 3 - Equals
ok 4 - Equals
ok 5 - Equals
ok 6 - Equals
ok 7 - Equals
</system-out>
    <testcase name="Equals (91)" classname="spec_perl_TestTsPacketHeader_t" time="0.000239133834838867" />
    <testcase name="Equals (92)" classname="spec_perl_TestTsPacketHeader_t" time="0.000128984451293945" />
    <testcase name="Equals (93)" classname="spec_perl_TestTsPacketHeader_t" time="0.000149965286254883" />
    <testcase name="Equals (94)" classname="spec_perl_TestTsPacketHeader_t" time="0.000150918960571289" />
    <testcase name="Equals (95)" classname="spec_perl_TestTsPacketHeader_t" time="0.000164031982421875" />
    <testcase name="Equals (96)" classname="spec_perl_TestTsPacketHeader_t" time="0.000164985656738281" />
    <testcase name="Equals (97)" classname="spec_perl_TestTsPacketHeader_t" time="0.000260114669799805" />
  </testsuite>
  <testsuite name="spec_perl_TestYamlInts_t" errors="0" failures="0" skipped="0" tests="4" time="0.0791511535644531">
    <system-out>1..4
ok 1 - Equals
ok 2 - Equals
ok 3 - Equals
ok 4 - Equals
</system-out>
    <testcase name="Equals (98)" classname="spec_perl_TestYamlInts_t" time="0.000221967697143555" />
    <testcase name="Equals (99)" classname="spec_perl_TestYamlInts_t" time="0.000147104263305664" />
    <testcase name="Equals (100)" classname="spec_perl_TestYamlInts_t" time="0.000169038772583008" />
    <testcase name="Equals (101)" classname="spec_perl_TestYamlInts_t" time="0.000184059143066406" />
  </testsuite>
  <testsuite name="spec_perl_TestImports0_t" errors="0" failures="0" skipped="0" tests="3" time="0.0762019157409668">
    <system-out>1..3
ok 1 - Equals
ok 2 - Equals
ok 3 - Equals
</system-out>
    <testcase name="Equals (102)" classname="spec_perl_TestImports0_t" time="0.000233173370361328" />
    <testcase name="Equals (103)" classname="spec_perl_TestImports0_t" time="0.00014495849609375" />
    <testcase name="Equals (104)" classname="spec_perl_TestImports0_t" time="0.000186920166015625" />
  </testsuite>
  <testsuite name="spec_perl_TestImportsAbsRel_t" errors="0" failures="0" skipped="0" tests="3" time="0.0731229782104492">
    <system-out>1..3
ok 1 - Equals
ok 2 - Equals
ok 3 - Equals
</system-out>
    <testcase name="Equals (105)" classname="spec_perl_TestImportsAbsRel_t" time="0.000248193740844727" />
    <testcase name="Equals (106)" classname="spec_perl_TestImportsAbsRel_t" time="0.000150918960571289" />
    <testcase name="Equals (107)" classname="spec_perl_TestImportsAbsRel_t" time="0.000184059143066406" />
  </testsuite>
  <testsuite name="spec_perl_TestIndexToParamExpr_t" errors="0" failures="2" skipped="0" tests="7" time="0.0859839916229248">
    <system-out>1..7
ok 1 - Equals
ok 2 - Equals
ok 3 - Equals
ok 4 - Equals
ok 5 - Equals
not ok 6 - Equals
not ok 7 - Equals
</system-out>
    <testcase name="Equals (108)" classname="spec_perl_TestIndexToParamExpr_t" time="0.00119805335998535" />
    <testcase name="Equals (109)" classname="spec_perl_TestIndexToParamExpr_t" time="0.00426983833312988" />
    <testcase name="Equals (110)" classname="spec_perl_TestIndexToParamExpr_t" time="5.00679016113281e-05" />
    <testcase name="Equals (111)" classname="spec_perl_TestIndexToParamExpr_t" time="3.88622283935547e-05" />
    <testcase name="Equals (112)" classname="spec_perl_TestIndexToParamExpr_t" time="3.60012054443359e-05" />
    <testcase name="Equals (113)" classname="spec_perl_TestIndexToParamExpr_t" time="5.00679016113281e-05">
      <failure message="not ok 6 - Equals" type="TAP::Parser::Result::Test"></failure>
    </testcase>
    <testcase name="Equals (114)" classname="spec_perl_TestIndexToParamExpr_t" time="0.000105142593383789">
      <failure message="not ok 7 - Equals" type="TAP::Parser::Result::Test"></failure>
    </testcase>
  </testsuite>
  <testsuite name="spec_perl_TestHelloWorld_t" errors="0" failures="0" skipped="0" tests="1" time="0.0769407749176025">
    <system-out>1..1
ok 1 - Equals
</system-out>
    <testcase name="Equals (115)" classname="spec_perl_TestHelloWorld_t" time="0.000213146209716797" />
  </testsuite>
  <testsuite name="spec_perl_TestSwitchBytearray_t" errors="0" failures="0" skipped="0" tests="9" time="0.0890839099884033">
    <system-out>1..9
ok 1 - Equals
ok 2 - Equals
ok 3 - Equals
ok 4 - Equals
ok 5 - Equals
ok 6 - Equals
ok 7 - Equals
ok 8 - Equals
ok 9 - Equals
</system-out>
    <testcase name="Equals (116)" classname="spec_perl_TestSwitchBytearray_t" time="0.000308036804199219" />
    <testcase name="Equals (117)" classname="spec_perl_TestSwitchBytearray_t" time="0.000135898590087891" />
    <testcase name="Equals (118)" classname="spec_perl_TestSwitchBytearray_t" time="0.00017094612121582" />
    <testcase name="Equals (119)" classname="spec_perl_TestSwitchBytearray_t" time="0.000168085098266602" />
    <testcase name="Equals (120)" classname="spec_perl_TestSwitchBytearray_t" time="0.000169992446899414" />
    <testcase name="Equals (121)" classname="spec_perl_TestSwitchBytearray_t" time="0.000174999237060547" />
    <testcase name="Equals (122)" classname="spec_perl_TestSwitchBytearray_t" time="0.000160932540893555" />
    <testcase name="Equals (123)" classname="spec_perl_TestSwitchBytearray_t" time="0.000169992446899414" />
    <testcase name="Equals (124)" classname="spec_perl_TestSwitchBytearray_t" time="0.000167131423950195" />
  </testsuite>
  <testsuite name="spec_perl_TestStrPadTermEmpty_t" errors="0" failures="0" skipped="0" tests="4" time="0.0866870880126953">
    <system-out>1..4
ok 1 - Equals
ok 2 - Equals
ok 3 - Equals
ok 4 - Equals
</system-out>
    <testcase name="Equals (125)" classname="spec_perl_TestStrPadTermEmpty_t" time="0.000373125076293945" />
    <testcase name="Equals (126)" classname="spec_perl_TestStrPadTermEmpty_t" time="0.000142812728881836" />
    <testcase name="Equals (127)" classname="spec_perl_TestStrPadTermEmpty_t" time="0.000169038772583008" />
    <testcase name="Equals (128)" classname="spec_perl_TestStrPadTermEmpty_t" time="0.000227928161621094" />
  </testsuite>
  <testsuite name="spec_perl_TestParamsEnum_t" errors="0" failures="1" skipped="0" tests="2" time="0.08331298828125">
    <system-out>1..2
ok 1 - Equals
not ok 2 - Equals
</system-out>
    <testcase name="Equals (129)" classname="spec_perl_TestParamsEnum_t" time="0.000211000442504883" />
    <testcase name="Equals (130)" classname="spec_perl_TestParamsEnum_t" time="0.000576972961425781">
      <failure message="not ok 2 - Equals" type="TAP::Parser::Result::Test"></failure>
    </testcase>
  </testsuite>
  <testsuite name="spec_perl_TestBitsUnalignedB64Be_t" errors="0" failures="0" skipped="0" tests="3" time="0.0790219306945801">
    <system-out>1..3
ok 1 - Equals
ok 2 - Equals
ok 3 - Equals
</system-out>
    <testcase name="Equals (131)" classname="spec_perl_TestBitsUnalignedB64Be_t" time="0.000196933746337891" />
    <testcase name="Equals (132)" classname="spec_perl_TestBitsUnalignedB64Be_t" time="0.000153064727783203" />
    <testcase name="Equals (133)" classname="spec_perl_TestBitsUnalignedB64Be_t" time="0.00018310546875" />
  </testsuite>
  <testsuite name="spec_perl_TestRepeatEosStruct_t" errors="0" failures="0" skipped="0" tests="5" time="0.0780999660491943">
    <system-out>1..5
ok 1 - Equals
ok 2 - Equals
ok 3 - Equals
ok 4 - Equals
ok 5 - Equals
</system-out>
    <testcase name="Equals (134)" classname="spec_perl_TestRepeatEosStruct_t" time="0.000149011611938477" />
    <testcase name="Equals (135)" classname="spec_perl_TestRepeatEosStruct_t" time="0.000158071517944336" />
    <testcase name="Equals (136)" classname="spec_perl_TestRepeatEosStruct_t" time="6.60419464111328e-05" />
    <testcase name="Equals (137)" classname="spec_perl_TestRepeatEosStruct_t" time="4.1961669921875e-05" />
    <testcase name="Equals (138)" classname="spec_perl_TestRepeatEosStruct_t" time="3.79085540771484e-05" />
  </testsuite>
  <testsuite name="spec_perl_TestIndexToParamEos_t" errors="0" failures="2" skipped="0" tests="7" time="0.0841419696807861">
    <system-out>1..7
ok 1 - Equals
ok 2 - Equals
ok 3 - Equals
ok 4 - Equals
ok 5 - Equals
not ok 6 - Equals
not ok 7 - Equals
</system-out>
    <testcase name="Equals (139)" classname="spec_perl_TestIndexToParamEos_t" time="0.0021669864654541" />
    <testcase name="Equals (140)" classname="spec_perl_TestIndexToParamEos_t" time="6.50882720947266e-05" />
    <testcase name="Equals (141)" classname="spec_perl_TestIndexToParamEos_t" time="5.07831573486328e-05" />
    <testcase name="Equals (142)" classname="spec_perl_TestIndexToParamEos_t" time="3.40938568115234e-05" />
    <testcase name="Equals (143)" classname="spec_perl_TestIndexToParamEos_t" time="3.60012054443359e-05" />
    <testcase name="Equals (144)" classname="spec_perl_TestIndexToParamEos_t" time="4.41074371337891e-05">
      <failure message="not ok 6 - Equals" type="TAP::Parser::Result::Test"></failure>
    </testcase>
    <testcase name="Equals (145)" classname="spec_perl_TestIndexToParamEos_t" time="5.98430633544922e-05">
      <failure message="not ok 7 - Equals" type="TAP::Parser::Result::Test"></failure>
    </testcase>
  </testsuite>
  <testsuite name="spec_perl_TestRepeatUntilCalcArrayType_t" errors="0" failures="0" skipped="0" tests="7" time="0.0793380737304688">
    <system-out>1..7
ok 1 - Equals
ok 2 - Equals
ok 3 - Equals
ok 4 - Equals
ok 5 - Equals
ok 6 - Equals
ok 7 - Equals
</system-out>
    <testcase name="Equals (146)" classname="spec_perl_TestRepeatUntilCalcArrayType_t" time="0.000739812850952148" />
    <testcase name="Equals (147)" classname="spec_perl_TestRepeatUntilCalcArrayType_t" time="7.91549682617188e-05" />
    <testcase name="Equals (148)" classname="spec_perl_TestRepeatUntilCalcArrayType_t" time="0.000171899795532227" />
    <testcase name="Equals (149)" classname="spec_perl_TestRepeatUntilCalcArrayType_t" time="0.000188112258911133" />
    <testcase name="Equals (150)" classname="spec_perl_TestRepeatUntilCalcArrayType_t" time="0.000157833099365234" />
    <testcase name="Equals (151)" classname="spec_perl_TestRepeatUntilCalcArrayType_t" time="0.000163078308105469" />
    <testcase name="Equals (152)" classname="spec_perl_TestRepeatUntilCalcArrayType_t" time="0.000164985656738281" />
  </testsuite>
  <testsuite name="spec_perl_TestNestedTypes3_t" errors="0" failures="0" skipped="0" tests="5" time="0.07965087890625">
    <system-out>1..5
ok 1 - Equals
ok 2 - Equals
ok 3 - Equals
ok 4 - Equals
ok 5 - Equals
</system-out>
    <testcase name="Equals (153)" classname="spec_perl_TestNestedTypes3_t" time="0.000255107879638672" />
    <testcase name="Equals (154)" classname="spec_perl_TestNestedTypes3_t" time="0.000145912170410156" />
    <testcase name="Equals (155)" classname="spec_perl_TestNestedTypes3_t" time="0.000174999237060547" />
    <testcase name="Equals (156)" classname="spec_perl_TestNestedTypes3_t" time="0.000184059143066406" />
    <testcase name="Equals (157)" classname="spec_perl_TestNestedTypes3_t" time="0.000160932540893555" />
  </testsuite>
  <testsuite name="spec_perl_TestSwitchManualIntElse_t" errors="0" failures="0" skipped="0" tests="9" time="0.089561939239502">
    <system-out>1..9
ok 1 - Equals
ok 2 - Equals
ok 3 - Equals
ok 4 - Equals
ok 5 - Equals
ok 6 - Equals
ok 7 - Equals
ok 8 - Equals
ok 9 - Equals
</system-out>
    <testcase name="Equals (158)" classname="spec_perl_TestSwitchManualIntElse_t" time="0.000355958938598633" />
    <testcase name="Equals (159)" classname="spec_perl_TestSwitchManualIntElse_t" time="0.000151157379150391" />
    <testcase name="Equals (160)" classname="spec_perl_TestSwitchManualIntElse_t" time="0.000211954116821289" />
    <testcase name="Equals (161)" classname="spec_perl_TestSwitchManualIntElse_t" time="0.000154972076416016" />
    <testcase name="Equals (162)" classname="spec_perl_TestSwitchManualIntElse_t" time="0.000171899795532227" />
    <testcase name="Equals (163)" classname="spec_perl_TestSwitchManualIntElse_t" time="0.000163078308105469" />
    <testcase name="Equals (164)" classname="spec_perl_TestSwitchManualIntElse_t" time="0.00015711784362793" />
    <testcase name="Equals (165)" classname="spec_perl_TestSwitchManualIntElse_t" time="0.000157833099365234" />
    <testcase name="Equals (166)" classname="spec_perl_TestSwitchManualIntElse_t" time="0.000163078308105469" />
  </testsuite>
  <testsuite name="spec_perl_TestNavParent_t" errors="0" failures="0" skipped="0" tests="5" time="0.0837240219116211">
    <system-out>1..5
ok 1 - Equals
ok 2 - Equals
ok 3 - Equals
ok 4 - Equals
ok 5 - Equals
</system-out>
    <testcase name="Equals (167)" classname="spec_perl_TestNavParent_t" time="0.000345230102539062" />
    <testcase name="Equals (168)" classname="spec_perl_TestNavParent_t" time="0.000134944915771484" />
    <testcase name="Equals (169)" classname="spec_perl_TestNavParent_t" time="0.000169992446899414" />
    <testcase name="Equals (170)" classname="spec_perl_TestNavParent_t" time="0.000164031982421875" />
    <testcase name="Equals (171)" classname="spec_perl_TestNavParent_t" time="0.000159025192260742" />
  </testsuite>
  <testsuite name="spec_perl_TestIntegersDoubleOverflow_t" errors="0" failures="0" skipped="0" tests="8" time="0.0809431076049805">
    <system-out>1..8
ok 1 - Equals
ok 2 - Equals
ok 3 - Equals
ok 4 - Equals
ok 5 - Equals
ok 6 - Equals
ok 7 - Equals
ok 8 - Equals
</system-out>
    <testcase name="Equals (172)" classname="spec_perl_TestIntegersDoubleOverflow_t" time="0.000236034393310547" />
    <testcase name="Equals (173)" classname="spec_perl_TestIntegersDoubleOverflow_t" time="0.000137805938720703" />
    <testcase name="Equals (174)" classname="spec_perl_TestIntegersDoubleOverflow_t" time="0.000225067138671875" />
    <testcase name="Equals (175)" classname="spec_perl_TestIntegersDoubleOverflow_t" time="0.000169038772583008" />
    <testcase name="Equals (176)" classname="spec_perl_TestIntegersDoubleOverflow_t" time="0.000163078308105469" />
    <testcase name="Equals (177)" classname="spec_perl_TestIntegersDoubleOverflow_t" time="0.000188827514648438" />
    <testcase name="Equals (178)" classname="spec_perl_TestIntegersDoubleOverflow_t" time="0.000494003295898438" />
    <testcase name="Equals (179)" classname="spec_perl_TestIntegersDoubleOverflow_t" time="5.00679016113281e-05" />
  </testsuite>
  <testsuite name="spec_perl_TestEnumImport_t" errors="0" failures="2" skipped="0" tests="2" time="0.082125186920166">
    <system-out>1..2
not ok 1 - Equals
not ok 2 - Equals
</system-out>
    <testcase name="Equals (180)" classname="spec_perl_TestEnumImport_t" time="0.000270843505859375">
      <failure message="not ok 1 - Equals" type="TAP::Parser::Result::Test"></failure>
    </testcase>
    <testcase name="Equals (181)" classname="spec_perl_TestEnumImport_t" time="0.00178003311157227">
      <failure message="not ok 2 - Equals" type="TAP::Parser::Result::Test"></failure>
    </testcase>
  </testsuite>
  <testsuite name="spec_perl_TestProcessRepeatUsertype_t" errors="0" failures="0" skipped="0" tests="4" time="0.0805230140686035">
    <system-out>1..4
ok 1 - Equals
ok 2 - Equals
ok 3 - Equals
ok 4 - Equals
</system-out>
    <testcase name="Equals (182)" classname="spec_perl_TestProcessRepeatUsertype_t" time="0.000715970993041992" />
    <testcase name="Equals (183)" classname="spec_perl_TestProcessRepeatUsertype_t" time="0.000142097473144531" />
    <testcase name="Equals (184)" classname="spec_perl_TestProcessRepeatUsertype_t" time="0.000177860260009766" />
    <testcase name="Equals (185)" classname="spec_perl_TestProcessRepeatUsertype_t" time="0.000174999237060547" />
  </testsuite>
  <testsuite name="spec_perl_TestRepeatNStruct_t" errors="0" failures="0" skipped="0" tests="5" time="0.0788259506225586">
    <system-out>1..5
ok 1 - Equals
ok 2 - Equals
ok 3 - Equals
ok 4 - Equals
ok 5 - Equals
</system-out>
    <testcase name="Equals (186)" classname="spec_perl_TestRepeatNStruct_t" time="0.000239849090576172" />
    <testcase name="Equals (187)" classname="spec_perl_TestRepeatNStruct_t" time="0.000154018402099609" />
    <testcase name="Equals (188)" classname="spec_perl_TestRepeatNStruct_t" time="0.000166177749633789" />
    <testcase name="Equals (189)" classname="spec_perl_TestRepeatNStruct_t" time="0.000168800354003906" />
    <testcase name="Equals (190)" classname="spec_perl_TestRepeatNStruct_t" time="0.000168085098266602" />
  </testsuite>
  <testsuite name="spec_perl_TestExpr3_t" errors="0" failures="0" skipped="0" tests="12" time="0.0860979557037354">
    <system-out>1..12
ok 1 - Equals
ok 2 - Equals
ok 3 - Equals
ok 4 - Equals
ok 5 - Equals
ok 6 - Equals
ok 7 - Equals
ok 8 - Equals
ok 9 - Equals
ok 10 - Equals
ok 11 - Equals
ok 12 - Equals
</system-out>
    <testcase name="Equals (191)" classname="spec_perl_TestExpr3_t" time="0.000210046768188477" />
    <testcase name="Equals (192)" classname="spec_perl_TestExpr3_t" time="0.000130891799926758" />
    <testcase name="Equals (193)" classname="spec_perl_TestExpr3_t" time="0.000177145004272461" />
    <testcase name="Equals (194)" classname="spec_perl_TestExpr3_t" time="0.000166893005371094" />
    <testcase name="Equals (195)" classname="spec_perl_TestExpr3_t" time="0.000166177749633789" />
    <testcase name="Equals (196)" classname="spec_perl_TestExpr3_t" time="0.000151872634887695" />
    <testcase name="Equals (197)" classname="spec_perl_TestExpr3_t" time="0.000145912170410156" />
    <testcase name="Equals (198)" classname="spec_perl_TestExpr3_t" time="0.00014805793762207" />
    <testcase name="Equals (199)" classname="spec_perl_TestExpr3_t" time="0.000180959701538086" />
    <testcase name="Equals (200)" classname="spec_perl_TestExpr3_t" time="0.000149011611938477" />
    <testcase name="Equals (201)" classname="spec_perl_TestExpr3_t" time="0.000185966491699219" />
    <testcase name="Equals (202)" classname="spec_perl_TestExpr3_t" time="0.000162124633789062" />
  </testsuite>
  <testsuite name="spec_perl_TestExprSizeofType0_t" errors="0" failures="0" skipped="0" tests="1" time="0.0725579261779785">
    <system-out>1..1
ok 1 - Equals
</system-out>
    <testcase name="Equals (203)" classname="spec_perl_TestExprSizeofType0_t" time="0.000242948532104492" />
  </testsuite>
  <testsuite name="spec_perl_TestNestedTypes2_t" errors="0" failures="0" skipped="0" tests="7" time="0.0774879455566406">
    <system-out>1..7
ok 1 - Equals
ok 2 - Equals
ok 3 - Equals
ok 4 - Equals
ok 5 - Equals
ok 6 - Equals
ok 7 - Equals
</system-out>
    <testcase name="Equals (204)" classname="spec_perl_TestNestedTypes2_t" time="0.000259160995483398" />
    <testcase name="Equals (205)" classname="spec_perl_TestNestedTypes2_t" time="0.000149011611938477" />
    <testcase name="Equals (206)" classname="spec_perl_TestNestedTypes2_t" time="0.000176906585693359" />
    <testcase name="Equals (207)" classname="spec_perl_TestNestedTypes2_t" time="0.000171899795532227" />
    <testcase name="Equals (208)" classname="spec_perl_TestNestedTypes2_t" time="0.000169992446899414" />
    <testcase name="Equals (209)" classname="spec_perl_TestNestedTypes2_t" time="0.00018000602722168" />
    <testcase name="Equals (210)" classname="spec_perl_TestNestedTypes2_t" time="0.000184059143066406" />
  </testsuite>
  <testsuite name="spec_perl_TestZlibWithHeader78_t" errors="0" failures="0" skipped="0" tests="1" time="0.113677024841309">
    <system-out>1..1
ok 1 - Equals
</system-out>
    <testcase name="Equals (211)" classname="spec_perl_TestZlibWithHeader78_t" time="0.000389814376831055" />
  </testsuite>
  <testsuite name="spec_perl_TestStrEncodings_t" errors="0" failures="0" skipped="0" tests="4" time="0.0843570232391357">
    <system-out>1..4
ok 1 - Equals
ok 2 - Equals
ok 3 - Equals
ok 4 - Equals
</system-out>
    <testcase name="Equals (212)" classname="spec_perl_TestStrEncodings_t" time="0.00426983833312988" />
    <testcase name="Equals (213)" classname="spec_perl_TestStrEncodings_t" time="0.000100135803222656" />
    <testcase name="Equals (214)" classname="spec_perl_TestStrEncodings_t" time="0.000175952911376953" />
    <testcase name="Equals (215)" classname="spec_perl_TestStrEncodings_t" time="0.000174045562744141" />
  </testsuite>
  <testsuite name="spec_perl_TestJsSignedRightShift_t" errors="0" failures="0" skipped="0" tests="2" time="0.089148998260498">
    <system-out>1..2
ok 1 - Equals
ok 2 - Equals
</system-out>
    <testcase name="Equals (216)" classname="spec_perl_TestJsSignedRightShift_t" time="0.000222921371459961" />
    <testcase name="Equals (217)" classname="spec_perl_TestJsSignedRightShift_t" time="0.000146865844726562" />
  </testsuite>
  <testsuite name="spec_perl_TestImportsAbs_t" errors="0" failures="0" skipped="0" tests="2" time="0.076369047164917">
    <system-out>1..2
ok 1 - Equals
ok 2 - Equals
</system-out>
    <testcase name="Equals (218)" classname="spec_perl_TestImportsAbs_t" time="0.000252008438110352" />
    <testcase name="Equals (219)" classname="spec_perl_TestImportsAbs_t" time="0.000179052352905273" />
  </testsuite>
  <testsuite name="spec_perl_TestExpr2_t" errors="0" failures="0" skipped="0" tests="17" time="0.0888450145721436">
    <system-out>1..17
ok 1 - Equals
ok 2 - Equals
ok 3 - Equals
ok 4 - Equals
ok 5 - Equals
ok 6 - Equals
ok 7 - Equals
ok 8 - Equals
ok 9 - Equals
ok 10 - Equals
ok 11 - Equals
ok 12 - Equals
ok 13 - Equals
ok 14 - Equals
ok 15 - Equals
ok 16 - Equals
ok 17 - Equals
</system-out>
    <testcase name="Equals (220)" classname="spec_perl_TestExpr2_t" time="0.000131845474243164" />
    <testcase name="Equals (221)" classname="spec_perl_TestExpr2_t" time="7.60555267333984e-05" />
    <testcase name="Equals (222)" classname="spec_perl_TestExpr2_t" time="8.29696655273438e-05" />
    <testcase name="Equals (223)" classname="spec_perl_TestExpr2_t" time="6.60419464111328e-05" />
    <testcase name="Equals (224)" classname="spec_perl_TestExpr2_t" time="9.79900360107422e-05" />
    <testcase name="Equals (225)" classname="spec_perl_TestExpr2_t" time="0.000174999237060547" />
    <testcase name="Equals (226)" classname="spec_perl_TestExpr2_t" time="0.00018000602722168" />
    <testcase name="Equals (227)" classname="spec_perl_TestExpr2_t" time="0.000948905944824219" />
    <testcase name="Equals (228)" classname="spec_perl_TestExpr2_t" time="0.000200033187866211" />
    <testcase name="Equals (229)" classname="spec_perl_TestExpr2_t" time="0.000189065933227539" />
    <testcase name="Equals (230)" classname="spec_perl_TestExpr2_t" time="0.000190019607543945" />
    <testcase name="Equals (231)" classname="spec_perl_TestExpr2_t" time="0.000151872634887695" />
    <testcase name="Equals (232)" classname="spec_perl_TestExpr2_t" time="0.000174999237060547" />
    <testcase name="Equals (233)" classname="spec_perl_TestExpr2_t" time="0.000210046768188477" />
    <testcase name="Equals (234)" classname="spec_perl_TestExpr2_t" time="0.00018000602722168" />
    <testcase name="Equals (235)" classname="spec_perl_TestExpr2_t" time="0.000180959701538086" />
    <testcase name="Equals (236)" classname="spec_perl_TestExpr2_t" time="0.000190019607543945" />
  </testsuite>
  <testsuite name="spec_perl_TestIndexSizes_t" errors="0" failures="0" skipped="0" tests="7" time="0.0871548652648926">
    <system-out>1..7
ok 1 - Equals
ok 2 - Equals
ok 3 - Equals
ok 4 - Equals
ok 5 - Equals
ok 6 - Equals
ok 7 - Equals
</system-out>
    <testcase name="Equals (237)" classname="spec_perl_TestIndexSizes_t" time="0.000240087509155273" />
    <testcase name="Equals (238)" classname="spec_perl_TestIndexSizes_t" time="0.000123023986816406" />
    <testcase name="Equals (239)" classname="spec_perl_TestIndexSizes_t" time="0.000136852264404297" />
    <testcase name="Equals (240)" classname="spec_perl_TestIndexSizes_t" time="0.000145196914672852" />
    <testcase name="Equals (241)" classname="spec_perl_TestIndexSizes_t" time="0.000151872634887695" />
    <testcase name="Equals (242)" classname="spec_perl_TestIndexSizes_t" time="0.000162124633789062" />
    <testcase name="Equals (243)" classname="spec_perl_TestIndexSizes_t" time="0.000157833099365234" />
  </testsuite>
  <testsuite name="spec_perl_TestExprIfIntOps_t" errors="0" failures="0" skipped="0" tests="2" time="0.0788700580596924">
    <system-out>1..2
ok 1 - Equals
ok 2 - Equals
</system-out>
    <testcase name="Equals (244)" classname="spec_perl_TestExprIfIntOps_t" time="0.000208854675292969" />
    <testcase name="Equals (245)" classname="spec_perl_TestExprIfIntOps_t" time="0.000123977661132812" />
  </testsuite>
  <testsuite name="spec_perl_TestCastToImported_t" errors="0" failures="0" skipped="0" tests="2" time="0.0765218734741211">
    <system-out>1..2
ok 1 - Equals
ok 2 - Equals
</system-out>
    <testcase name="Equals (246)" classname="spec_perl_TestCastToImported_t" time="0.000169038772583008" />
    <testcase name="Equals (247)" classname="spec_perl_TestCastToImported_t" time="8.10623168945312e-05" />
  </testsuite>
  <testsuite name="spec_perl_TestEnumToIClassBorder1_t" errors="0" failures="1" skipped="0" tests="3" time="0.0791618824005127">
    <system-out>1..3
ok 1 - Equals
ok 2 - Equals
not ok 3 - test_enum_to_i_class_border_1 died (Can't call method &quot;some_dog&quot; on an undefined value at compiled/perl/EnumToIClassBorder2.pm line 42.)
</system-out>
    <testcase name="Equals (248)" classname="spec_perl_TestEnumToIClassBorder1_t" time="0.000217914581298828" />
    <testcase name="Equals (249)" classname="spec_perl_TestEnumToIClassBorder1_t" time="0.000167131423950195" />
    <testcase name="test_enum_to_i_class_border_1 died (Can't call method &quot;some_dog&quot; on an undefined value at compiled/perl/EnumToIClassBorder2.pm line 42.) (249)" classname="spec_perl_TestEnumToIClassBorder1_t" time="0.000239849090576172">
      <failure message="not ok 3 - test_enum_to_i_class_border_1 died (Can't call method &quot;some_dog&quot; on an undefined value at compiled/perl/EnumToIClassBorder2.pm line 42.)" type="TAP::Parser::Result::Test"></failure>
    </testcase>
  </testsuite>
  <testsuite name="spec_perl_TestInstanceStd_t" errors="0" failures="0" skipped="0" tests="1" time="0.0774068832397461">
    <system-out>1..1
ok 1 - Equals
</system-out>
    <testcase name="Equals (250)" classname="spec_perl_TestInstanceStd_t" time="0.00025486946105957" />
  </testsuite>
  <testsuite name="spec_perl_TestTypeTernaryOpaque_t" errors="0" failures="0" skipped="0" tests="3" time="0.092278003692627">
    <system-out>1..3
ok 1 - Equals
ok 2 - Equals
ok 3 - Equals
</system-out>
    <testcase name="Equals (251)" classname="spec_perl_TestTypeTernaryOpaque_t" time="0.000647068023681641" />
    <testcase name="Equals (252)" classname="spec_perl_TestTypeTernaryOpaque_t" time="7.39097595214844e-05" />
    <testcase name="Equals (253)" classname="spec_perl_TestTypeTernaryOpaque_t" time="0.000182867050170898" />
  </testsuite>
  <testsuite name="spec_perl_TestImportsCircularA_t" errors="0" failures="0" skipped="0" tests="5" time="0.0760390758514404">
    <system-out>1..5
ok 1 - Equals
ok 2 - Equals
ok 3 - Equals
ok 4 - Equals
ok 5 - nil
</system-out>
    <testcase name="Equals (254)" classname="spec_perl_TestImportsCircularA_t" time="0.000188827514648438" />
    <testcase name="Equals (255)" classname="spec_perl_TestImportsCircularA_t" time="0.000128984451293945" />
    <testcase name="Equals (256)" classname="spec_perl_TestImportsCircularA_t" time="0.000149011611938477" />
    <testcase name="Equals (257)" classname="spec_perl_TestImportsCircularA_t" time="0.000158071517944336" />
    <testcase name="nil (257)" classname="spec_perl_TestImportsCircularA_t" time="7.60555267333984e-05" />
  </testsuite>
  <testsuite name="spec_perl_TestBitsUnalignedB32Le_t" errors="0" failures="0" skipped="0" tests="3" time="0.0779120922088623">
    <system-out>1..3
ok 1 - Equals
ok 2 - Equals
ok 3 - Equals
</system-out>
    <testcase name="Equals (258)" classname="spec_perl_TestBitsUnalignedB32Le_t" time="0.000216007232666016" />
    <testcase name="Equals (259)" classname="spec_perl_TestBitsUnalignedB32Le_t" time="0.000142812728881836" />
    <testcase name="Equals (260)" classname="spec_perl_TestBitsUnalignedB32Le_t" time="0.000182151794433594" />
  </testsuite>
  <testsuite name="spec_perl_TestTermStrz_t" errors="0" failures="0" skipped="0" tests="3" time="0.0829100608825684">
    <system-out>1..3
ok 1 - Equals
ok 2 - Equals
ok 3 - Equals
</system-out>
    <testcase name="Equals (261)" classname="spec_perl_TestTermStrz_t" time="0.000335931777954102" />
    <testcase name="Equals (262)" classname="spec_perl_TestTermStrz_t" time="0.000138998031616211" />
    <testcase name="Equals (263)" classname="spec_perl_TestTermStrz_t" time="0.000182151794433594" />
  </testsuite>
  <testsuite name="spec_perl_TestParamsPassArrayStruct_t" errors="0" failures="1" skipped="2" tests="3" time="0.0847070217132568">
    <system-out>1..3
not ok 1 - test_params_pass_array_struct died (Can't use an undefined value as an ARRAY reference at spec/perl/TestParamsPassArrayStruct.t line 14.)
ok 2 # skip test_params_pass_array_struct died
ok 3 # skip test_params_pass_array_struct died
</system-out>
    <testcase name="test_params_pass_array_struct died (Can't use an undefined value as an ARRAY reference at spec/perl/TestParamsPassArrayStruct.t line 14.) (263)" classname="spec_perl_TestParamsPassArrayStruct_t" time="0.000289201736450195">
      <failure message="not ok 1 - test_params_pass_array_struct died (Can't use an undefined value as an ARRAY reference at spec/perl/TestParamsPassArrayStruct.t line 14.)" type="TAP::Parser::Result::Test"></failure>
    </testcase>
    <testcase name="Unnamed test case 263" classname="spec_perl_TestParamsPassArrayStruct_t" time="0.00246095657348633">
      <skipped message="ok 2 # skip test_params_pass_array_struct died" />
    </testcase>
    <testcase name="Unnamed test case 264" classname="spec_perl_TestParamsPassArrayStruct_t" time="7.48634338378906e-05">
      <skipped message="ok 3 # skip test_params_pass_array_struct died" />
    </testcase>
  </testsuite>
  <testsuite name="spec_perl_TestValidShort_t" errors="0" failures="0" skipped="1" tests="1" time="0.0833060741424561">
    <system-out>1..1
ok 1 # skip ValidShort=HASH(0x556a8f43a9a8)
</system-out>
    <testcase name="Unnamed test case 265" classname="spec_perl_TestValidShort_t" time="0.00173783302307129">
      <skipped message="ok 1 # skip ValidShort=HASH(0x556a8f43a9a8)" />
    </testcase>
  </testsuite>
  <testsuite name="spec_perl_TestDebug0_t" errors="0" failures="0" skipped="1" tests="1" time="0.0739190578460693">
    <system-out>1..1
ok 1 # skip test_debug_0
</system-out>
    <testcase name="Unnamed test case 266" classname="spec_perl_TestDebug0_t" time="0.000182867050170898">
      <skipped message="ok 1 # skip test_debug_0" />
    </testcase>
  </testsuite>
  <testsuite name="spec_perl_TestProcessToUser_t" errors="0" failures="0" skipped="0" tests="1" time="0.0825040340423584">
    <system-out>1..1
ok 1 - Equals
</system-out>
    <testcase name="Equals (266)" classname="spec_perl_TestProcessToUser_t" time="0.00066685676574707" />
  </testsuite>
  <testsuite name="spec_perl_TestExprStrOps_t" errors="0" failures="0" skipped="0" tests="17" time="0.085780143737793">
    <system-out>1..17
ok 1 - Equals
ok 2 - Equals
ok 3 - Equals
ok 4 - Equals
ok 5 - Equals
ok 6 - Equals
ok 7 - Equals
ok 8 - Equals
ok 9 - Equals
ok 10 - Equals
ok 11 - Equals
ok 12 - Equals
ok 13 - Equals
ok 14 - Equals
ok 15 - Equals
ok 16 - Equals
ok 17 - Equals
</system-out>
    <testcase name="Equals (267)" classname="spec_perl_TestExprStrOps_t" time="0.000277996063232422" />
    <testcase name="Equals (268)" classname="spec_perl_TestExprStrOps_t" time="0.000141143798828125" />
    <testcase name="Equals (269)" classname="spec_perl_TestExprStrOps_t" time="0.00018000602722168" />
    <testcase name="Equals (270)" classname="spec_perl_TestExprStrOps_t" time="0.000169992446899414" />
    <testcase name="Equals (271)" classname="spec_perl_TestExprStrOps_t" time="0.000160932540893555" />
    <testcase name="Equals (272)" classname="spec_perl_TestExprStrOps_t" time="0.00020909309387207" />
    <testcase name="Equals (273)" classname="spec_perl_TestExprStrOps_t" time="0.000146865844726562" />
    <testcase name="Equals (274)" classname="spec_perl_TestExprStrOps_t" time="0.000177145004272461" />
    <testcase name="Equals (275)" classname="spec_perl_TestExprStrOps_t" time="0.000156879425048828" />
    <testcase name="Equals (276)" classname="spec_perl_TestExprStrOps_t" time="0.000173091888427734" />
    <testcase name="Equals (277)" classname="spec_perl_TestExprStrOps_t" time="0.000174045562744141" />
    <testcase name="Equals (278)" classname="spec_perl_TestExprStrOps_t" time="0.000172853469848633" />
    <testcase name="Equals (279)" classname="spec_perl_TestExprStrOps_t" time="0.000173091888427734" />
    <testcase name="Equals (280)" classname="spec_perl_TestExprStrOps_t" time="0.000157833099365234" />
    <testcase name="Equals (281)" classname="spec_perl_TestExprStrOps_t" time="0.000478029251098633" />
    <testcase name="Equals (282)" classname="spec_perl_TestExprStrOps_t" time="6.41345977783203e-05" />
    <testcase name="Equals (283)" classname="spec_perl_TestExprStrOps_t" time="3.60012054443359e-05" />
  </testsuite>
  <testsuite name="spec_perl_TestDocstrings_t" errors="0" failures="0" skipped="1" tests="1" time="0.0802609920501709">
    <system-out>1..1
ok 1 # skip Docstrings=HASH(0x556c2db96478)
</system-out>
    <testcase name="Unnamed test case 283" classname="spec_perl_TestDocstrings_t" time="0.00138187408447266">
      <skipped message="ok 1 # skip Docstrings=HASH(0x556c2db96478)" />
    </testcase>
  </testsuite>
  <testsuite name="spec_perl_TestBcdUserTypeLe_t" errors="0" failures="0" skipped="0" tests="6" time="0.0767421722412109">
    <system-out>1..6
ok 1 - Equals
ok 2 - Equals
ok 3 - Equals
ok 4 - Equals
ok 5 - Equals
ok 6 - Equals
</system-out>
    <testcase name="Equals (284)" classname="spec_perl_TestBcdUserTypeLe_t" time="0.000555038452148438" />
    <testcase name="Equals (285)" classname="spec_perl_TestBcdUserTypeLe_t" time="9.60826873779297e-05" />
    <testcase name="Equals (286)" classname="spec_perl_TestBcdUserTypeLe_t" time="0.0001678466796875" />
    <testcase name="Equals (287)" classname="spec_perl_TestBcdUserTypeLe_t" time="0.000318050384521484" />
    <testcase name="Equals (288)" classname="spec_perl_TestBcdUserTypeLe_t" time="0.000204086303710938" />
    <testcase name="Equals (289)" classname="spec_perl_TestBcdUserTypeLe_t" time="0.000171899795532227" />
  </testsuite>
  <testsuite name="spec_perl_TestParamsPassBool_t" errors="0" failures="1" skipped="13" tests="14" time="0.0862870216369629">
    <system-out>1..14
not ok 1 - test_params_pass_bool died (Requested 2 bytes, but only 1 bytes available at ../runtime/perl/lib/IO/KaitaiStruct.pm line 338.)
ok 2 # skip test_params_pass_bool died
ok 3 # skip test_params_pass_bool died
ok 4 # skip test_params_pass_bool died
ok 5 # skip test_params_pass_bool died
ok 6 # skip test_params_pass_bool died
ok 7 # skip test_params_pass_bool died
ok 8 # skip test_params_pass_bool died
ok 9 # skip test_params_pass_bool died
ok 10 # skip test_params_pass_bool died
ok 11 # skip test_params_pass_bool died
ok 12 # skip test_params_pass_bool died
ok 13 # skip test_params_pass_bool died
ok 14 # skip test_params_pass_bool died
</system-out>
    <testcase name="test_params_pass_bool died (Requested 2 bytes, but only 1 bytes available at ../runtime/perl/lib/IO/KaitaiStruct.pm line 338.) (289)" classname="spec_perl_TestParamsPassBool_t" time="0.000321865081787109">
      <failure message="not ok 1 - test_params_pass_bool died (Requested 2 bytes, but only 1 bytes available at ../runtime/perl/lib/IO/KaitaiStruct.pm line 338.)" type="TAP::Parser::Result::Test"></failure>
    </testcase>
    <testcase name="Unnamed test case 289" classname="spec_perl_TestParamsPassBool_t" time="0.00349092483520508">
      <skipped message="ok 2 # skip test_params_pass_bool died" />
    </testcase>
    <testcase name="Unnamed test case 290" classname="spec_perl_TestParamsPassBool_t" time="7.31945037841797e-05">
      <skipped message="ok 3 # skip test_params_pass_bool died" />
    </testcase>
    <testcase name="Unnamed test case 291" classname="spec_perl_TestParamsPassBool_t" time="5.57899475097656e-05">
      <skipped message="ok 4 # skip test_params_pass_bool died" />
    </testcase>
    <testcase name="Unnamed test case 292" classname="spec_perl_TestParamsPassBool_t" time="5.10215759277344e-05">
      <skipped message="ok 5 # skip test_params_pass_bool died" />
    </testcase>
    <testcase name="Unnamed test case 293" classname="spec_perl_TestParamsPassBool_t" time="4.31537628173828e-05">
      <skipped message="ok 6 # skip test_params_pass_bool died" />
    </testcase>
    <testcase name="Unnamed test case 294" classname="spec_perl_TestParamsPassBool_t" time="4.10079956054688e-05">
      <skipped message="ok 7 # skip test_params_pass_bool died" />
    </testcase>
    <testcase name="Unnamed test case 295" classname="spec_perl_TestParamsPassBool_t" time="3.88622283935547e-05">
      <skipped message="ok 8 # skip test_params_pass_bool died" />
    </testcase>
    <testcase name="Unnamed test case 296" classname="spec_perl_TestParamsPassBool_t" time="3.814697265625e-05">
      <skipped message="ok 9 # skip test_params_pass_bool died" />
    </testcase>
    <testcase name="Unnamed test case 297" classname="spec_perl_TestParamsPassBool_t" time="4.10079956054688e-05">
      <skipped message="ok 10 # skip test_params_pass_bool died" />
    </testcase>
    <testcase name="Unnamed test case 298" classname="spec_perl_TestParamsPassBool_t" time="3.79085540771484e-05">
      <skipped message="ok 11 # skip test_params_pass_bool died" />
    </testcase>
    <testcase name="Unnamed test case 299" classname="spec_perl_TestParamsPassBool_t" time="4.00543212890625e-05">
      <skipped message="ok 12 # skip test_params_pass_bool died" />
    </testcase>
    <testcase name="Unnamed test case 300" classname="spec_perl_TestParamsPassBool_t" time="4.60147857666016e-05">
      <skipped message="ok 13 # skip test_params_pass_bool died" />
    </testcase>
    <testcase name="Unnamed test case 301" classname="spec_perl_TestParamsPassBool_t" time="4.00543212890625e-05">
      <skipped message="ok 14 # skip test_params_pass_bool died" />
    </testcase>
  </testsuite>
  <testsuite name="spec_perl_TestEnum1_t" errors="0" failures="0" skipped="0" tests="2" time="0.0761079788208008">
    <system-out>1..2
ok 1 - Equals
ok 2 - Equals
</system-out>
    <testcase name="Equals (301)" classname="spec_perl_TestEnum1_t" time="0.000248908996582031" />
    <testcase name="Equals (302)" classname="spec_perl_TestEnum1_t" time="0.000150918960571289" />
  </testsuite>
  <testsuite name="spec_perl_TestParamsCallExtraParens_t" errors="0" failures="1" skipped="0" tests="1" time="0.0899369716644287">
    <system-out>1..1
not ok 1 - Equals
</system-out>
    <testcase name="Equals (303)" classname="spec_perl_TestParamsCallExtraParens_t" time="0.00122904777526855">
      <failure message="not ok 1 - Equals" type="TAP::Parser::Result::Test"></failure>
    </testcase>
  </testsuite>
  <testsuite name="spec_perl_TestRepeatEosU4_t" errors="0" failures="0" skipped="0" tests="1" time="0.0777008533477783">
    <system-out>1..1
ok 1 - Equals
</system-out>
    <testcase name="Equals (304)" classname="spec_perl_TestRepeatEosU4_t" time="0.000192880630493164" />
  </testsuite>
  <testsuite name="spec_perl_TestParamsCallShort_t" errors="0" failures="3" skipped="0" tests="3" time="0.0949790477752686">
    <system-out>1..3
not ok 1 - Equals
not ok 2 - Equals
not ok 3 - Equals
</system-out>
    <testcase name="Equals (305)" classname="spec_perl_TestParamsCallShort_t" time="0.000823020935058594">
      <failure message="not ok 1 - Equals" type="TAP::Parser::Result::Test"></failure>
    </testcase>
    <testcase name="Equals (306)" classname="spec_perl_TestParamsCallShort_t" time="0.000700950622558594">
      <failure message="not ok 2 - Equals" type="TAP::Parser::Result::Test"></failure>
    </testcase>
    <testcase name="Equals (307)" classname="spec_perl_TestParamsCallShort_t" time="0.000613927841186523">
      <failure message="not ok 3 - Equals" type="TAP::Parser::Result::Test"></failure>
    </testcase>
  </testsuite>
  <testsuite name="spec_perl_TestExprBytesOps_t" errors="0" failures="0" skipped="0" tests="16" time="0.081758975982666">
    <system-out>1..16
ok 1 - Equals
ok 2 - Equals
ok 3 - Equals
ok 4 - Equals
ok 5 - Equals
ok 6 - Equals
ok 7 - Equals
ok 8 - Equals
ok 9 - Equals
ok 10 - Equals
ok 11 - Equals
ok 12 - Equals
ok 13 - Equals
ok 14 - Equals
ok 15 - Equals
ok 16 - Equals
</system-out>
    <testcase name="Equals (308)" classname="spec_perl_TestExprBytesOps_t" time="0.000133991241455078" />
    <testcase name="Equals (309)" classname="spec_perl_TestExprBytesOps_t" time="0.000172853469848633" />
    <testcase name="Equals (310)" classname="spec_perl_TestExprBytesOps_t" time="7.91549682617188e-05" />
    <testcase name="Equals (311)" classname="spec_perl_TestExprBytesOps_t" time="4.10079956054688e-05" />
    <testcase name="Equals (312)" classname="spec_perl_TestExprBytesOps_t" time="0.000150918960571289" />
    <testcase name="Equals (313)" classname="spec_perl_TestExprBytesOps_t" time="0.00024104118347168" />
    <testcase name="Equals (314)" classname="spec_perl_TestExprBytesOps_t" time="0.00017094612121582" />
    <testcase name="Equals (315)" classname="spec_perl_TestExprBytesOps_t" time="0.00292086601257324" />
    <testcase name="Equals (316)" classname="spec_perl_TestExprBytesOps_t" time="6.69956207275391e-05" />
    <testcase name="Equals (317)" classname="spec_perl_TestExprBytesOps_t" time="4.81605529785156e-05" />
    <testcase name="Equals (318)" classname="spec_perl_TestExprBytesOps_t" time="4.38690185546875e-05" />
    <testcase name="Equals (319)" classname="spec_perl_TestExprBytesOps_t" time="3.814697265625e-05" />
    <testcase name="Equals (320)" classname="spec_perl_TestExprBytesOps_t" time="3.60012054443359e-05" />
    <testcase name="Equals (321)" classname="spec_perl_TestExprBytesOps_t" time="3.38554382324219e-05" />
    <testcase name="Equals (322)" classname="spec_perl_TestExprBytesOps_t" time="3.31401824951172e-05" />
    <testcase name="Equals (323)" classname="spec_perl_TestExprBytesOps_t" time="4.00543212890625e-05" />
  </testsuite>
  <testsuite name="spec_perl_TestSwitchMultiBoolOps_t" errors="0" failures="0" skipped="0" tests="9" time="0.074315071105957">
    <system-out>1..9
ok 1 - Equals
ok 2 - Equals
ok 3 - Equals
ok 4 - Equals
ok 5 - Equals
ok 6 - Equals
ok 7 - Equals
ok 8 - Equals
ok 9 - Equals
</system-out>
    <testcase name="Equals (324)" classname="spec_perl_TestSwitchMultiBoolOps_t" time="0.000247001647949219" />
    <testcase name="Equals (325)" classname="spec_perl_TestSwitchMultiBoolOps_t" time="0.000138998031616211" />
    <testcase name="Equals (326)" classname="spec_perl_TestSwitchMultiBoolOps_t" time="0.000158071517944336" />
    <testcase name="Equals (327)" classname="spec_perl_TestSwitchMultiBoolOps_t" time="0.00015711784362793" />
    <testcase name="Equals (328)" classname="spec_perl_TestSwitchMultiBoolOps_t" time="0.000157833099365234" />
    <testcase name="Equals (329)" classname="spec_perl_TestSwitchMultiBoolOps_t" time="0.000154972076416016" />
    <testcase name="Equals (330)" classname="spec_perl_TestSwitchMultiBoolOps_t" time="0.000152111053466797" />
    <testcase name="Equals (331)" classname="spec_perl_TestSwitchMultiBoolOps_t" time="0.000153064727783203" />
    <testcase name="Equals (332)" classname="spec_perl_TestSwitchMultiBoolOps_t" time="0.000154018402099609" />
  </testsuite>
  <testsuite name="spec_perl_TestDocstringsDocref_t" errors="0" failures="0" skipped="1" tests="1" time="0.0795459747314453">
    <system-out>1..1
ok 1 # skip DocstringsDocref=HASH(0x5585d435f550)
</system-out>
    <testcase name="Unnamed test case 332" classname="spec_perl_TestDocstringsDocref_t" time="0.00162100791931152">
      <skipped message="ok 1 # skip DocstringsDocref=HASH(0x5585d435f550)" />
    </testcase>
  </testsuite>
  <testsuite name="spec_perl_TestNavParent2_t" errors="0" failures="0" skipped="0" tests="10" time="0.0831770896911621">
    <system-out>1..10
ok 1 - Equals
ok 2 - Equals
ok 3 - Equals
ok 4 - Equals
ok 5 - Equals
ok 6 - Equals
ok 7 - Equals
ok 8 - Equals
ok 9 - Equals
ok 10 - Equals
</system-out>
    <testcase name="Equals (333)" classname="spec_perl_TestNavParent2_t" time="0.000283002853393555" />
    <testcase name="Equals (334)" classname="spec_perl_TestNavParent2_t" time="0.000130176544189453" />
    <testcase name="Equals (335)" classname="spec_perl_TestNavParent2_t" time="0.000162839889526367" />
    <testcase name="Equals (336)" classname="spec_perl_TestNavParent2_t" time="0.000163078308105469" />
    <testcase name="Equals (337)" classname="spec_perl_TestNavParent2_t" time="0.000159025192260742" />
    <testcase name="Equals (338)" classname="spec_perl_TestNavParent2_t" time="0.000216960906982422" />
    <testcase name="Equals (339)" classname="spec_perl_TestNavParent2_t" time="0.000164031982421875" />
    <testcase name="Equals (340)" classname="spec_perl_TestNavParent2_t" time="0.000169038772583008" />
    <testcase name="Equals (341)" classname="spec_perl_TestNavParent2_t" time="0.000150918960571289" />
    <testcase name="Equals (342)" classname="spec_perl_TestNavParent2_t" time="0.000194072723388672" />
  </testsuite>
  <testsuite name="spec_perl_TestEnumDeep_t" errors="0" failures="0" skipped="0" tests="2" time="0.0742321014404297">
    <system-out>1..2
ok 1 - Equals
ok 2 - Equals
</system-out>
    <testcase name="Equals (343)" classname="spec_perl_TestEnumDeep_t" time="0.000223159790039062" />
    <testcase name="Equals (344)" classname="spec_perl_TestEnumDeep_t" time="0.00014805793762207" />
  </testsuite>
  <testsuite name="spec_perl_TestBitsSimpleLe_t" errors="0" failures="0" skipped="0" tests="14" time="0.0866460800170898">
    <system-out>1..14
ok 1 - Equals
ok 2 - Equals
ok 3 - Equals
ok 4 - Equals
ok 5 - Equals
ok 6 - Equals
ok 7 - Equals
ok 8 - Equals
ok 9 - Equals
ok 10 - Equals
ok 11 - Equals
ok 12 - Equals
ok 13 - Equals
ok 14 - Equals
</system-out>
    <testcase name="Equals (345)" classname="spec_perl_TestBitsSimpleLe_t" time="0.000295877456665039" />
    <testcase name="Equals (346)" classname="spec_perl_TestBitsSimpleLe_t" time="0.000147104263305664" />
    <testcase name="Equals (347)" classname="spec_perl_TestBitsSimpleLe_t" time="0.000154972076416016" />
    <testcase name="Equals (348)" classname="spec_perl_TestBitsSimpleLe_t" time="0.000168085098266602" />
    <testcase name="Equals (349)" classname="spec_perl_TestBitsSimpleLe_t" time="0.000165939331054688" />
    <testcase name="Equals (350)" classname="spec_perl_TestBitsSimpleLe_t" time="0.000190019607543945" />
    <testcase name="Equals (351)" classname="spec_perl_TestBitsSimpleLe_t" time="0.000154972076416016" />
    <testcase name="Equals (352)" classname="spec_perl_TestBitsSimpleLe_t" time="0.000159025192260742" />
    <testcase name="Equals (353)" classname="spec_perl_TestBitsSimpleLe_t" time="0.000160932540893555" />
    <testcase name="Equals (354)" classname="spec_perl_TestBitsSimpleLe_t" time="0.000184059143066406" />
    <testcase name="Equals (355)" classname="spec_perl_TestBitsSimpleLe_t" time="0.000171899795532227" />
    <testcase name="Equals (356)" classname="spec_perl_TestBitsSimpleLe_t" time="0.000164985656738281" />
    <testcase name="Equals (357)" classname="spec_perl_TestBitsSimpleLe_t" time="0.000158071517944336" />
    <testcase name="Equals (358)" classname="spec_perl_TestBitsSimpleLe_t" time="0.000193119049072266" />
  </testsuite>
  <testsuite name="spec_perl_TestRepeatNStrzDouble_t" errors="0" failures="0" skipped="0" tests="3" time="0.0811169147491455">
    <system-out>1..3
ok 1 - Equals
ok 2 - Equals
ok 3 - Equals
</system-out>
    <testcase name="Equals (359)" classname="spec_perl_TestRepeatNStrzDouble_t" time="0.000308036804199219" />
    <testcase name="Equals (360)" classname="spec_perl_TestRepeatNStrzDouble_t" time="0.000120878219604492" />
    <testcase name="Equals (361)" classname="spec_perl_TestRepeatNStrzDouble_t" time="0.000114917755126953" />
  </testsuite>
  <testsuite name="spec_perl_TestExprOpsParens_t" errors="0" failures="1" skipped="0" tests="9" time="0.0783560276031494">
    <system-out>1..9
ok 1 - Equals
ok 2 - Equals
ok 3 - Equals
ok 4 - Equals
ok 5 - Equals
ok 6 - Equals
not ok 7 - Equals
ok 8 - Equals
ok 9 - Equals
</system-out>
    <testcase name="Equals (362)" classname="spec_perl_TestExprOpsParens_t" time="0.000249862670898438" />
    <testcase name="Equals (363)" classname="spec_perl_TestExprOpsParens_t" time="0.00014495849609375" />
    <testcase name="Equals (364)" classname="spec_perl_TestExprOpsParens_t" time="0.000177145004272461" />
    <testcase name="Equals (365)" classname="spec_perl_TestExprOpsParens_t" time="0.000190973281860352" />
    <testcase name="Equals (366)" classname="spec_perl_TestExprOpsParens_t" time="0.000185012817382812" />
    <testcase name="Equals (367)" classname="spec_perl_TestExprOpsParens_t" time="0.00018000602722168" />
    <testcase name="Equals (368)" classname="spec_perl_TestExprOpsParens_t" time="0.000214815139770508">
      <failure message="not ok 7 - Equals" type="TAP::Parser::Result::Test"></failure>
    </testcase>
    <testcase name="Equals (369)" classname="spec_perl_TestExprOpsParens_t" time="0.00124716758728027" />
    <testcase name="Equals (370)" classname="spec_perl_TestExprOpsParens_t" time="6.4849853515625e-05" />
  </testsuite>
  <testsuite name="spec_perl_TestEnumNegative_t" errors="0" failures="0" skipped="0" tests="2" time="0.0766339302062988">
    <system-out>1..2
ok 1 - Equals
ok 2 - Equals
</system-out>
    <testcase name="Equals (371)" classname="spec_perl_TestEnumNegative_t" time="0.00018000602722168" />
    <testcase name="Equals (372)" classname="spec_perl_TestEnumNegative_t" time="0.000132083892822266" />
  </testsuite>
  <testsuite name="spec_perl_TestCastToTop_t" errors="0" failures="0" skipped="0" tests="3" time="0.0808501243591309">
    <system-out>1..3
ok 1 - Equals
ok 2 - Equals
ok 3 - Equals
</system-out>
    <testcase name="Equals (373)" classname="spec_perl_TestCastToTop_t" time="0.000250816345214844" />
    <testcase name="Equals (374)" classname="spec_perl_TestCastToTop_t" time="0.000163078308105469" />
    <testcase name="Equals (375)" classname="spec_perl_TestCastToTop_t" time="0.000185966491699219" />
  </testsuite>
  <testsuite name="spec_perl_TestTypeIntUnaryOp_t" errors="0" failures="0" skipped="0" tests="4" time="0.0834648609161377">
    <system-out>1..4
ok 1 - Equals
ok 2 - Equals
ok 3 - Equals
ok 4 - Equals
</system-out>
    <testcase name="Equals (376)" classname="spec_perl_TestTypeIntUnaryOp_t" time="0.000775814056396484" />
    <testcase name="Equals (377)" classname="spec_perl_TestTypeIntUnaryOp_t" time="0.000146150588989258" />
    <testcase name="Equals (378)" classname="spec_perl_TestTypeIntUnaryOp_t" time="0.000185012817382812" />
    <testcase name="Equals (379)" classname="spec_perl_TestTypeIntUnaryOp_t" time="0.000173807144165039" />
  </testsuite>
  <testsuite name="spec_perl_TestEnumIntRangeU_t" errors="0" failures="0" skipped="0" tests="2" time="0.0815010070800781">
    <system-out>1..2
ok 1 - Equals
ok 2 - Equals
</system-out>
    <testcase name="Equals (380)" classname="spec_perl_TestEnumIntRangeU_t" time="0.000246047973632812" />
    <testcase name="Equals (381)" classname="spec_perl_TestEnumIntRangeU_t" time="0.000203847885131836" />
  </testsuite>
  <testsuite name="spec_perl_TestIfInstances_t" errors="0" failures="0" skipped="0" tests="1" time="0.0780861377716064">
    <system-out>1..1
ok 1 - nil
</system-out>
    <testcase name="nil (381)" classname="spec_perl_TestIfInstances_t" time="0.000167131423950195" />
  </testsuite>
  <testsuite name="spec_perl_TestSwitchIntegers2_t" errors="0" failures="0" skipped="0" tests="5" time="0.0826780796051025">
    <system-out>1..5
ok 1 - Equals
ok 2 - Equals
ok 3 - Equals
ok 4 - Equals
ok 5 - Equals
</system-out>
    <testcase name="Equals (382)" classname="spec_perl_TestSwitchIntegers2_t" time="0.000230789184570312" />
    <testcase name="Equals (383)" classname="spec_perl_TestSwitchIntegers2_t" time="0.000146150588989258" />
    <testcase name="Equals (384)" classname="spec_perl_TestSwitchIntegers2_t" time="0.000303030014038086" />
    <testcase name="Equals (385)" classname="spec_perl_TestSwitchIntegers2_t" time="6.79492950439453e-05" />
    <testcase name="Equals (386)" classname="spec_perl_TestSwitchIntegers2_t" time="0.000132083892822266" />
  </testsuite>
  <testsuite name="spec_perl_TestImportsAbsAbs_t" errors="0" failures="0" skipped="0" tests="3" time="0.0732600688934326">
    <system-out>1..3
ok 1 - Equals
ok 2 - Equals
ok 3 - Equals
</system-out>
    <testcase name="Equals (387)" classname="spec_perl_TestImportsAbsAbs_t" time="0.000250816345214844" />
    <testcase name="Equals (388)" classname="spec_perl_TestImportsAbsAbs_t" time="0.00012516975402832" />
    <testcase name="Equals (389)" classname="spec_perl_TestImportsAbsAbs_t" time="0.000156879425048828" />
  </testsuite>
  <testsuite name="spec_perl_TestExprBytesCmp_t" errors="0" failures="0" skipped="0" tests="10" time="0.0802688598632812">
    <system-out>1..10
ok 1 - Equals
ok 2 - Equals
ok 3 - Equals
ok 4 - Equals
ok 5 - Equals
ok 6 - Equals
ok 7 - Equals
ok 8 - Equals
ok 9 - Equals
ok 10 - Equals
</system-out>
    <testcase name="Equals (390)" classname="spec_perl_TestExprBytesCmp_t" time="0.000232934951782227" />
    <testcase name="Equals (391)" classname="spec_perl_TestExprBytesCmp_t" time="0.000135183334350586" />
    <testcase name="Equals (392)" classname="spec_perl_TestExprBytesCmp_t" time="0.000169992446899414" />
    <testcase name="Equals (393)" classname="spec_perl_TestExprBytesCmp_t" time="0.000149965286254883" />
    <testcase name="Equals (394)" classname="spec_perl_TestExprBytesCmp_t" time="0.000159978866577148" />
    <testcase name="Equals (395)" classname="spec_perl_TestExprBytesCmp_t" time="0.00014495849609375" />
    <testcase name="Equals (396)" classname="spec_perl_TestExprBytesCmp_t" time="0.000153064727783203" />
    <testcase name="Equals (397)" classname="spec_perl_TestExprBytesCmp_t" time="0.000150918960571289" />
    <testcase name="Equals (398)" classname="spec_perl_TestExprBytesCmp_t" time="0.000149965286254883" />
    <testcase name="Equals (399)" classname="spec_perl_TestExprBytesCmp_t" time="0.000169992446899414" />
  </testsuite>
  <testsuite name="spec_perl_TestExpr1_t" errors="0" failures="0" skipped="0" tests="4" time="0.082927942276001">
    <system-out>1..4
ok 1 - Equals
ok 2 - Equals
ok 3 - Equals
ok 4 - Equals
</system-out>
    <testcase name="Equals (400)" classname="spec_perl_TestExpr1_t" time="0.000231027603149414" />
    <testcase name="Equals (401)" classname="spec_perl_TestExpr1_t" time="0.000166177749633789" />
    <testcase name="Equals (402)" classname="spec_perl_TestExpr1_t" time="0.000156879425048828" />
    <testcase name="Equals (403)" classname="spec_perl_TestExpr1_t" time="0.000162124633789062" />
  </testsuite>
  <testsuite name="spec_perl_TestParamsPassArrayInt_t" errors="0" failures="1" skipped="6" tests="7" time="0.0806429386138916">
    <system-out>1..7
not ok 1 - test_params_pass_array_int died (Can't use an undefined value as an ARRAY reference at spec/perl/TestParamsPassArrayInt.t line 14.)
ok 2 # skip test_params_pass_array_int died
ok 3 # skip test_params_pass_array_int died
ok 4 # skip test_params_pass_array_int died
ok 5 # skip test_params_pass_array_int died
ok 6 # skip test_params_pass_array_int died
ok 7 # skip test_params_pass_array_int died
</system-out>
    <testcase name="test_params_pass_array_int died (Can't use an undefined value as an ARRAY reference at spec/perl/TestParamsPassArrayInt.t line 14.) (403)" classname="spec_perl_TestParamsPassArrayInt_t" time="0.000321865081787109">
      <failure message="not ok 1 - test_params_pass_array_int died (Can't use an undefined value as an ARRAY reference at spec/perl/TestParamsPassArrayInt.t line 14.)" type="TAP::Parser::Result::Test"></failure>
    </testcase>
    <testcase name="Unnamed test case 403" classname="spec_perl_TestParamsPassArrayInt_t" time="0.000900030136108398">
      <skipped message="ok 2 # skip test_params_pass_array_int died" />
    </testcase>
    <testcase name="Unnamed test case 404" classname="spec_perl_TestParamsPassArrayInt_t" time="0.00347399711608887">
      <skipped message="ok 3 # skip test_params_pass_array_int died" />
    </testcase>
    <testcase name="Unnamed test case 405" classname="spec_perl_TestParamsPassArrayInt_t" time="6.50882720947266e-05">
      <skipped message="ok 4 # skip test_params_pass_array_int died" />
    </testcase>
    <testcase name="Unnamed test case 406" classname="spec_perl_TestParamsPassArrayInt_t" time="5.38825988769531e-05">
      <skipped message="ok 5 # skip test_params_pass_array_int died" />
    </testcase>
    <testcase name="Unnamed test case 407" classname="spec_perl_TestParamsPassArrayInt_t" time="5.00679016113281e-05">
      <skipped message="ok 6 # skip test_params_pass_array_int died" />
    </testcase>
    <testcase name="Unnamed test case 408" classname="spec_perl_TestParamsPassArrayInt_t" time="4.31537628173828e-05">
      <skipped message="ok 7 # skip test_params_pass_array_int died" />
    </testcase>
  </testsuite>
  <testsuite name="spec_perl_TestExprCalcArrayOps_t" errors="0" failures="0" skipped="0" tests="18" time="0.08477783203125">
    <system-out>1..18
ok 1 - Equals
ok 2 - Equals
ok 3 - Equals
ok 4 - Equals
ok 5 - Equals
ok 6 - Equals
ok 7 - Equals
ok 8 - Approx equals
ok 9 - Approx equals
ok 10 - Approx equals
ok 11 - Approx equals
ok 12 - Approx equals
ok 13 - Equals
ok 14 - Equals
ok 15 - Equals
ok 16 - Equals
ok 17 - Equals
ok 18 - Equals
</system-out>
    <testcase name="Equals (408)" classname="spec_perl_TestExprCalcArrayOps_t" time="0.000564098358154297" />
    <testcase name="Equals (409)" classname="spec_perl_TestExprCalcArrayOps_t" time="0.000348091125488281" />
    <testcase name="Equals (410)" classname="spec_perl_TestExprCalcArrayOps_t" time="0.000340938568115234" />
    <testcase name="Equals (411)" classname="spec_perl_TestExprCalcArrayOps_t" time="0.0003509521484375" />
    <testcase name="Equals (412)" classname="spec_perl_TestExprCalcArrayOps_t" time="0.000345945358276367" />
    <testcase name="Equals (413)" classname="spec_perl_TestExprCalcArrayOps_t" time="0.000295162200927734" />
    <testcase name="Equals (414)" classname="spec_perl_TestExprCalcArrayOps_t" time="0.000291824340820312" />
    <testcase name="Approx equals (414)" classname="spec_perl_TestExprCalcArrayOps_t" time="0.000224113464355469" />
    <testcase name="Approx equals (415)" classname="spec_perl_TestExprCalcArrayOps_t" time="0.000190973281860352" />
    <testcase name="Approx equals (416)" classname="spec_perl_TestExprCalcArrayOps_t" time="0.000186920166015625" />
    <testcase name="Approx equals (417)" classname="spec_perl_TestExprCalcArrayOps_t" time="0.000195980072021484" />
    <testcase name="Approx equals (418)" classname="spec_perl_TestExprCalcArrayOps_t" time="0.00020909309387207" />
    <testcase name="Equals (418)" classname="spec_perl_TestExprCalcArrayOps_t" time="0.000303030014038086" />
    <testcase name="Equals (419)" classname="spec_perl_TestExprCalcArrayOps_t" time="0.000313997268676758" />
    <testcase name="Equals (420)" classname="spec_perl_TestExprCalcArrayOps_t" time="0.000319004058837891" />
    <testcase name="Equals (421)" classname="spec_perl_TestExprCalcArrayOps_t" time="0.000308036804199219" />
    <testcase name="Equals (422)" classname="spec_perl_TestExprCalcArrayOps_t" time="0.000329971313476562" />
    <testcase name="Equals (423)" classname="spec_perl_TestExprCalcArrayOps_t" time="0.000398874282836914" />
  </testsuite>
  <testsuite name="spec_perl_TestExprMod_t" errors="0" failures="0" skipped="0" tests="6" time="0.0748858451843262">
    <system-out>1..6
ok 1 - Equals
ok 2 - Equals
ok 3 - Equals
ok 4 - Equals
ok 5 - Equals
ok 6 - Equals
</system-out>
    <testcase name="Equals (424)" classname="spec_perl_TestExprMod_t" time="0.000190973281860352" />
    <testcase name="Equals (425)" classname="spec_perl_TestExprMod_t" time="0.000130176544189453" />
    <testcase name="Equals (426)" classname="spec_perl_TestExprMod_t" time="0.00018000602722168" />
    <testcase name="Equals (427)" classname="spec_perl_TestExprMod_t" time="0.00018000602722168" />
    <testcase name="Equals (428)" classname="spec_perl_TestExprMod_t" time="0.000165939331054688" />
    <testcase name="Equals (429)" classname="spec_perl_TestExprMod_t" time="0.000186920166015625" />
  </testsuite>
  <testsuite name="spec_perl_TestBitsSignedResB32Le_t" errors="0" failures="0" skipped="0" tests="1" time="0.0829710960388184">
    <system-out>1..1
ok 1 - Equals
</system-out>
    <testcase name="Equals (430)" classname="spec_perl_TestBitsSignedResB32Le_t" time="0.000648021697998047" />
  </testsuite>
  <testsuite name="spec_perl_TestExprIntDiv_t" errors="0" failures="2" skipped="0" tests="6" time="0.0831139087677002">
    <system-out>1..6
ok 1 - Equals
ok 2 - Equals
ok 3 - Equals
not ok 4 - Equals
ok 5 - Equals
not ok 6 - Equals
</system-out>
    <testcase name="Equals (431)" classname="spec_perl_TestExprIntDiv_t" time="0.000279903411865234" />
    <testcase name="Equals (432)" classname="spec_perl_TestExprIntDiv_t" time="0.000149965286254883" />
    <testcase name="Equals (433)" classname="spec_perl_TestExprIntDiv_t" time="0.000168085098266602" />
    <testcase name="Equals (434)" classname="spec_perl_TestExprIntDiv_t" time="0.000244855880737305">
      <failure message="not ok 4 - Equals" type="TAP::Parser::Result::Test"></failure>
    </testcase>
    <testcase name="Equals (435)" classname="spec_perl_TestExprIntDiv_t" time="0.00155997276306152" />
    <testcase name="Equals (436)" classname="spec_perl_TestExprIntDiv_t" time="0.00020909309387207">
      <failure message="not ok 6 - Equals" type="TAP::Parser::Result::Test"></failure>
    </testcase>
  </testsuite>
  <testsuite name="spec_perl_TestEnumLongRangeU_t" errors="0" failures="0" skipped="0" tests="4" time="0.0755569934844971">
    <system-out>1..4
ok 1 - Equals
ok 2 - Equals
ok 3 - Equals
ok 4 - Equals
</system-out>
    <testcase name="Equals (437)" classname="spec_perl_TestEnumLongRangeU_t" time="0.000211000442504883" />
    <testcase name="Equals (438)" classname="spec_perl_TestEnumLongRangeU_t" time="0.00014495849609375" />
    <testcase name="Equals (439)" classname="spec_perl_TestEnumLongRangeU_t" time="0.000159025192260742" />
    <testcase name="Equals (440)" classname="spec_perl_TestEnumLongRangeU_t" time="0.000151872634887695" />
  </testsuite>
  <testsuite name="spec_perl_TestDebugSwitchUser_t" errors="1" failures="0" skipped="0" tests="0" time="0.0795691013336182">
    <system-out></system-out>
    <testcase name="Test died too soon, even before plan. (440)" classname="spec_perl_TestDebugSwitchUser_t" time="0.0795691013336182">
      <failure message="The test suite died before a plan was produced. You need to have a plan." type="Plan">No plan</failure>
    </testcase>
  </testsuite>
[...]
    </testcase>
    <testcase name="Unnamed test case 882" classname="spec_perl_TestParamsPassStruct_t" time="0.000844001770019531">
      <skipped message="ok 4 # skip test_params_pass_struct died" />
    </testcase>
  </testsuite>
  <testsuite name="spec_perl_TestRepeatNStrz_t" errors="0" failures="0" skipped="0" tests="2" time="0.079941987991333">
    <system-out>1..2
ok 1 - Equals
ok 2 - Equals
</system-out>
    <testcase name="Equals (883)" classname="spec_perl_TestRepeatNStrz_t" time="0.000365018844604492" />
    <testcase name="Equals (884)" classname="spec_perl_TestRepeatNStrz_t" time="9.79900360107422e-05" />
  </testsuite>
  <testsuite name="spec_perl_TestTermBytes_t" errors="0" failures="0" skipped="0" tests="3" time="0.0805020332336426">
    <system-out>1..3
ok 1 - Equals
ok 2 - Equals
ok 3 - Equals
</system-out>
    <testcase name="Equals (885)" classname="spec_perl_TestTermBytes_t" time="0.000201940536499023" />
    <testcase name="Equals (886)" classname="spec_perl_TestTermBytes_t" time="0.000139951705932617" />
    <testcase name="Equals (887)" classname="spec_perl_TestTermBytes_t" time="0.000173091888427734" />
  </testsuite>
  <testsuite name="spec_perl_TestInstanceStdArray_t" errors="0" failures="0" skipped="0" tests="7" time="0.0752239227294922">
    <system-out>1..7
ok 1 - Equals
ok 2 - Equals
ok 3 - Equals
ok 4 - Equals
ok 5 - Equals
ok 6 - Equals
ok 7 - Equals
</system-out>
    <testcase name="Equals (888)" classname="spec_perl_TestInstanceStdArray_t" time="0.000252962112426758" />
    <testcase name="Equals (889)" classname="spec_perl_TestInstanceStdArray_t" time="0.00017094612121582" />
    <testcase name="Equals (890)" classname="spec_perl_TestInstanceStdArray_t" time="0.000167131423950195" />
    <testcase name="Equals (891)" classname="spec_perl_TestInstanceStdArray_t" time="0.000192880630493164" />
    <testcase name="Equals (892)" classname="spec_perl_TestInstanceStdArray_t" time="0.000189065933227539" />
    <testcase name="Equals (893)" classname="spec_perl_TestInstanceStdArray_t" time="0.000154018402099609" />
    <testcase name="Equals (894)" classname="spec_perl_TestInstanceStdArray_t" time="0.000185966491699219" />
  </testsuite>
  <testsuite name="spec_perl_TestProcessRotate_t" errors="0" failures="0" skipped="0" tests="3" time="0.0791110992431641">
    <system-out>1..3
ok 1 - Equals
ok 2 - Equals
ok 3 - Equals
</system-out>
    <testcase name="Equals (895)" classname="spec_perl_TestProcessRotate_t" time="0.000319957733154297" />
    <testcase name="Equals (896)" classname="spec_perl_TestProcessRotate_t" time="0.000156164169311523" />
    <testcase name="Equals (897)" classname="spec_perl_TestProcessRotate_t" time="0.000203847885131836" />
  </testsuite>
  <testsuite name="spec_perl_TestBcdUserTypeBe_t" errors="0" failures="0" skipped="0" tests="6" time="0.0883748531341553">
    <system-out>1..6
ok 1 - Equals
ok 2 - Equals
ok 3 - Equals
ok 4 - Equals
ok 5 - Equals
ok 6 - Equals
</system-out>
    <testcase name="Equals (898)" classname="spec_perl_TestBcdUserTypeBe_t" time="0.000741004943847656" />
    <testcase name="Equals (899)" classname="spec_perl_TestBcdUserTypeBe_t" time="0.000164031982421875" />
    <testcase name="Equals (900)" classname="spec_perl_TestBcdUserTypeBe_t" time="0.000188112258911133" />
    <testcase name="Equals (901)" classname="spec_perl_TestBcdUserTypeBe_t" time="0.000195980072021484" />
    <testcase name="Equals (902)" classname="spec_perl_TestBcdUserTypeBe_t" time="0.000178813934326172" />
    <testcase name="Equals (903)" classname="spec_perl_TestBcdUserTypeBe_t" time="0.000174999237060547" />
  </testsuite>
  <testsuite name="spec_perl_TestStrLiterals2_t" errors="0" failures="0" skipped="0" tests="4" time="0.0769689083099365">
    <system-out>1..4
ok 1 - Equals
ok 2 - Equals
ok 3 - Equals
ok 4 - Equals
</system-out>
    <testcase name="Equals (904)" classname="spec_perl_TestStrLiterals2_t" time="0.000292062759399414" />
    <testcase name="Equals (905)" classname="spec_perl_TestStrLiterals2_t" time="0.000132083892822266" />
    <testcase name="Equals (906)" classname="spec_perl_TestStrLiterals2_t" time="0.000175952911376953" />
    <testcase name="Equals (907)" classname="spec_perl_TestStrLiterals2_t" time="0.000175952911376953" />
  </testsuite>
  <testsuite name="spec_perl_TestMetaXref_t" errors="0" failures="0" skipped="1" tests="1" time="0.075016975402832">
    <system-out>1..1
ok 1 # skip MetaXref=HASH(0x564399848520)
</system-out>
    <testcase name="Unnamed test case 907" classname="spec_perl_TestMetaXref_t" time="0.00156521797180176">
      <skipped message="ok 1 # skip MetaXref=HASH(0x564399848520)" />
    </testcase>
  </testsuite>
  <testsuite name="spec_perl_TestIntegers_t" errors="0" failures="0" skipped="0" tests="20" time="0.0841550827026367">
    <system-out>1..20
ok 1 - Equals
ok 2 - Equals
ok 3 - Equals
ok 4 - Equals
ok 5 - Equals
ok 6 - Equals
ok 7 - Equals
ok 8 - Equals
ok 9 - Equals
ok 10 - Equals
ok 11 - Equals
ok 12 - Equals
ok 13 - Equals
ok 14 - Equals
ok 15 - Equals
ok 16 - Equals
ok 17 - Equals
ok 18 - Equals
ok 19 - Equals
ok 20 - Equals
</system-out>
    <testcase name="Equals (908)" classname="spec_perl_TestIntegers_t" time="0.000275850296020508" />
    <testcase name="Equals (909)" classname="spec_perl_TestIntegers_t" time="0.000154018402099609" />
    <testcase name="Equals (910)" classname="spec_perl_TestIntegers_t" time="0.000178098678588867" />
    <testcase name="Equals (911)" classname="spec_perl_TestIntegers_t" time="0.000206947326660156" />
    <testcase name="Equals (912)" classname="spec_perl_TestIntegers_t" time="0.000172853469848633" />
    <testcase name="Equals (913)" classname="spec_perl_TestIntegers_t" time="0.000174045562744141" />
    <testcase name="Equals (914)" classname="spec_perl_TestIntegers_t" time="0.000178098678588867" />
    <testcase name="Equals (915)" classname="spec_perl_TestIntegers_t" time="0.000177860260009766" />
    <testcase name="Equals (916)" classname="spec_perl_TestIntegers_t" time="0.00018000602722168" />
    <testcase name="Equals (917)" classname="spec_perl_TestIntegers_t" time="0.000172138214111328" />
    <testcase name="Equals (918)" classname="spec_perl_TestIntegers_t" time="0.000195980072021484" />
    <testcase name="Equals (919)" classname="spec_perl_TestIntegers_t" time="0.000236988067626953" />
    <testcase name="Equals (920)" classname="spec_perl_TestIntegers_t" time="0.000168085098266602" />
    <testcase name="Equals (921)" classname="spec_perl_TestIntegers_t" time="0.000190019607543945" />
    <testcase name="Equals (922)" classname="spec_perl_TestIntegers_t" time="0.000157833099365234" />
    <testcase name="Equals (923)" classname="spec_perl_TestIntegers_t" time="0.000197172164916992" />
    <testcase name="Equals (924)" classname="spec_perl_TestIntegers_t" time="0.000201940536499023" />
    <testcase name="Equals (925)" classname="spec_perl_TestIntegers_t" time="0.000174999237060547" />
    <testcase name="Equals (926)" classname="spec_perl_TestIntegers_t" time="0.000181913375854492" />
    <testcase name="Equals (927)" classname="spec_perl_TestIntegers_t" time="0.000186920166015625" />
  </testsuite>
  <testsuite name="spec_perl_TestOpaqueExternalType02Parent_t" errors="0" failures="0" skipped="0" tests="3" time="0.0845780372619629">
    <system-out>1..3
ok 1 - Equals
ok 2 - Equals
ok 3 - Equals
</system-out>
    <testcase name="Equals (928)" classname="spec_perl_TestOpaqueExternalType02Parent_t" time="0.000339031219482422" />
    <testcase name="Equals (929)" classname="spec_perl_TestOpaqueExternalType02Parent_t" time="0.000152111053466797" />
    <testcase name="Equals (930)" classname="spec_perl_TestOpaqueExternalType02Parent_t" time="0.00018000602722168" />
  </testsuite>
  <testsuite name="spec_perl_TestOptionalId_t" errors="0" failures="0" skipped="0" tests="3" time="0.0846531391143799">
    <system-out>1..3
ok 1 - Equals
ok 2 - Equals
ok 3 - Equals
</system-out>
    <testcase name="Equals (931)" classname="spec_perl_TestOptionalId_t" time="0.000256061553955078" />
    <testcase name="Equals (932)" classname="spec_perl_TestOptionalId_t" time="0.000156879425048828" />
    <testcase name="Equals (933)" classname="spec_perl_TestOptionalId_t" time="0.000172138214111328" />
  </testsuite>
  <testsuite name="spec_perl_TestOpaqueExternalType_t" errors="0" failures="0" skipped="0" tests="3" time="0.0829389095306396">
    <system-out>1..3
ok 1 - Equals
ok 2 - Equals
ok 3 - Equals
</system-out>
    <testcase name="Equals (934)" classname="spec_perl_TestOpaqueExternalType_t" time="0.000335931777954102" />
    <testcase name="Equals (935)" classname="spec_perl_TestOpaqueExternalType_t" time="0.000153064727783203" />
    <testcase name="Equals (936)" classname="spec_perl_TestOpaqueExternalType_t" time="0.000168085098266602" />
  </testsuite>
  <testsuite name="spec_perl_TestProcessXor4Value_t" errors="0" failures="0" skipped="0" tests="2" time="0.0764260292053223">
    <system-out>1..2
ok 1 - Equals
ok 2 - Equals
</system-out>
    <testcase name="Equals (937)" classname="spec_perl_TestProcessXor4Value_t" time="0.000195026397705078" />
    <testcase name="Equals (938)" classname="spec_perl_TestProcessXor4Value_t" time="0.000123977661132812" />
  </testsuite>
  <testsuite name="spec_perl_TestValidEqStrEncodings_t" errors="0" failures="0" skipped="1" tests="1" time="0.0969250202178955">
    <system-out>1..1
ok 1 # skip ValidEqStrEncodings=HASH(0x556e55ec1c10)
</system-out>
    <testcase name="Unnamed test case 938" classname="spec_perl_TestValidEqStrEncodings_t" time="0.00643205642700195">
      <skipped message="ok 1 # skip ValidEqStrEncodings=HASH(0x556e55ec1c10)" />
    </testcase>
  </testsuite>
  <testsuite name="spec_perl_TestSwitchManualIntSizeElse_t" errors="0" failures="0" skipped="0" tests="10" time="0.0845742225646973">
    <system-out>1..10
ok 1 - Equals
ok 2 - Equals
ok 3 - Equals
ok 4 - Equals
ok 5 - Equals
ok 6 - Equals
ok 7 - Equals
ok 8 - Equals
ok 9 - Equals
ok 10 - Equals
</system-out>
    <testcase name="Equals (939)" classname="spec_perl_TestSwitchManualIntSizeElse_t" time="0.000771045684814453" />
    <testcase name="Equals (940)" classname="spec_perl_TestSwitchManualIntSizeElse_t" time="0.000100135803222656" />
    <testcase name="Equals (941)" classname="spec_perl_TestSwitchManualIntSizeElse_t" time="0.000171899795532227" />
    <testcase name="Equals (942)" classname="spec_perl_TestSwitchManualIntSizeElse_t" time="0.000154018402099609" />
    <testcase name="Equals (943)" classname="spec_perl_TestSwitchManualIntSizeElse_t" time="0.000514030456542969" />
    <testcase name="Equals (944)" classname="spec_perl_TestSwitchManualIntSizeElse_t" time="4.50611114501953e-05" />
    <testcase name="Equals (945)" classname="spec_perl_TestSwitchManualIntSizeElse_t" time="5.48362731933594e-05" />
    <testcase name="Equals (946)" classname="spec_perl_TestSwitchManualIntSizeElse_t" time="7.41481781005859e-05" />
    <testcase name="Equals (947)" classname="spec_perl_TestSwitchManualIntSizeElse_t" time="0.000180959701538086" />
    <testcase name="Equals (948)" classname="spec_perl_TestSwitchManualIntSizeElse_t" time="0.00017094612121582" />
  </testsuite>
  <testsuite name="spec_perl_TestProcessCoerceUsertype1_t" errors="0" failures="0" skipped="0" tests="4" time="0.0795691013336182">
    <system-out>1..4
ok 1 - Equals
ok 2 - Equals
ok 3 - Equals
ok 4 - Equals
</system-out>
    <testcase name="Equals (949)" classname="spec_perl_TestProcessCoerceUsertype1_t" time="0.000648021697998047" />
    <testcase name="Equals (950)" classname="spec_perl_TestProcessCoerceUsertype1_t" time="8.10623168945312e-05" />
    <testcase name="Equals (951)" classname="spec_perl_TestProcessCoerceUsertype1_t" time="0.000188827514648438" />
    <testcase name="Equals (952)" classname="spec_perl_TestProcessCoerceUsertype1_t" time="0.00018310546875" />
  </testsuite>
  <testsuite name="spec_perl_TestDefaultEndianExprException_t" errors="0" failures="0" skipped="0" tests="1" time="0.0822939872741699">
    <system-out>1..1
ok 1 - threw /^Unable to decide on endianness/
</system-out>
    <testcase name="threw /^Unable to decide on endianness/ (952)" classname="spec_perl_TestDefaultEndianExprException_t" time="0.0002288818359375" />
  </testsuite>
  <testsuite name="spec_perl_TestProcessXorValue_t" errors="0" failures="0" skipped="0" tests="2" time="0.0744509696960449">
    <system-out>1..2
ok 1 - Equals
ok 2 - Equals
</system-out>
    <testcase name="Equals (953)" classname="spec_perl_TestProcessXorValue_t" time="0.000207185745239258" />
    <testcase name="Equals (954)" classname="spec_perl_TestProcessXorValue_t" time="0.000138998031616211" />
  </testsuite>
  <testsuite name="spec_perl_TestBitsUnalignedB32Be_t" errors="0" failures="0" skipped="0" tests="3" time="0.0805830955505371">
    <system-out>1..3
ok 1 - Equals
ok 2 - Equals
ok 3 - Equals
</system-out>
    <testcase name="Equals (955)" classname="spec_perl_TestBitsUnalignedB32Be_t" time="0.000185012817382812" />
    <testcase name="Equals (956)" classname="spec_perl_TestBitsUnalignedB32Be_t" time="0.000139951705932617" />
    <testcase name="Equals (957)" classname="spec_perl_TestBitsUnalignedB32Be_t" time="0.000165939331054688" />
  </testsuite>
  <testsuite name="spec_perl_TestExprEnum_t" errors="0" failures="0" skipped="0" tests="3" time="0.0800509452819824">
    <system-out>1..3
ok 1 - Equals
ok 2 - Equals
ok 3 - Equals
</system-out>
    <testcase name="Equals (958)" classname="spec_perl_TestExprEnum_t" time="0.000237941741943359" />
    <testcase name="Equals (959)" classname="spec_perl_TestExprEnum_t" time="0.000143051147460938" />
    <testcase name="Equals (960)" classname="spec_perl_TestExprEnum_t" time="0.000174045562744141" />
  </testsuite>
  <testsuite name="spec_perl_TestIndexToParamUntil_t" errors="0" failures="2" skipped="0" tests="7" time="0.0832440853118896">
    <system-out>1..7
ok 1 - Equals
ok 2 - Equals
ok 3 - Equals
ok 4 - Equals
ok 5 - Equals
not ok 6 - Equals
not ok 7 - Equals
</system-out>
    <testcase name="Equals (961)" classname="spec_perl_TestIndexToParamUntil_t" time="0.00194787979125977" />
    <testcase name="Equals (962)" classname="spec_perl_TestIndexToParamUntil_t" time="6.91413879394531e-05" />
    <testcase name="Equals (963)" classname="spec_perl_TestIndexToParamUntil_t" time="7.29560852050781e-05" />
    <testcase name="Equals (964)" classname="spec_perl_TestIndexToParamUntil_t" time="4.38690185546875e-05" />
    <testcase name="Equals (965)" classname="spec_perl_TestIndexToParamUntil_t" time="4.69684600830078e-05" />
    <testcase name="Equals (966)" classname="spec_perl_TestIndexToParamUntil_t" time="5.7220458984375e-05">
      <failure message="not ok 6 - Equals" type="TAP::Parser::Result::Test"></failure>
    </testcase>
    <testcase name="Equals (967)" classname="spec_perl_TestIndexToParamUntil_t" time="6.4849853515625e-05">
      <failure message="not ok 7 - Equals" type="TAP::Parser::Result::Test"></failure>
    </testcase>
  </testsuite>
  <testsuite name="spec_perl_TestMetaTags_t" errors="0" failures="0" skipped="1" tests="1" time="0.0913290977478027">
    <system-out>1..1
ok 1 # skip MetaTags=HASH(0x558167484418)
</system-out>
    <testcase name="Unnamed test case 967" classname="spec_perl_TestMetaTags_t" time="0.00131511688232422">
      <skipped message="ok 1 # skip MetaTags=HASH(0x558167484418)" />
    </testcase>
  </testsuite>
  <testsuite name="spec_perl_TestCastNested_t" errors="0" failures="0" skipped="0" tests="4" time="0.083975076675415">
    <system-out>1..4
ok 1 - Equals
ok 2 - Equals
ok 3 - Equals
ok 4 - Equals
</system-out>
    <testcase name="Equals (968)" classname="spec_perl_TestCastNested_t" time="0.000432014465332031" />
    <testcase name="Equals (969)" classname="spec_perl_TestCastNested_t" time="0.000203847885131836" />
    <testcase name="Equals (970)" classname="spec_perl_TestCastNested_t" time="0.000180959701538086" />
    <testcase name="Equals (971)" classname="spec_perl_TestCastNested_t" time="0.000276088714599609" />
  </testsuite>
  <testsuite name="spec_perl_TestDefaultEndianExprIsBe_t" errors="0" failures="0" skipped="0" tests="18" time="0.0894920825958252">
    <system-out>1..18
ok 1 - Equals
ok 2 - Equals
ok 3 - Equals
ok 4 - Equals
ok 5 - Equals
ok 6 - Equals
ok 7 - Equals
ok 8 - Equals
ok 9 - Equals
ok 10 - Equals
ok 11 - Equals
ok 12 - Equals
ok 13 - Equals
ok 14 - Equals
ok 15 - Equals
ok 16 - Equals
ok 17 - Equals
ok 18 - Equals
</system-out>
    <testcase name="Equals (972)" classname="spec_perl_TestDefaultEndianExprIsBe_t" time="0.000321149826049805" />
    <testcase name="Equals (973)" classname="spec_perl_TestDefaultEndianExprIsBe_t" time="0.000159978866577148" />
    <testcase name="Equals (974)" classname="spec_perl_TestDefaultEndianExprIsBe_t" time="0.000172853469848633" />
    <testcase name="Equals (975)" classname="spec_perl_TestDefaultEndianExprIsBe_t" time="0.000185966491699219" />
    <testcase name="Equals (976)" classname="spec_perl_TestDefaultEndianExprIsBe_t" time="0.000190019607543945" />
    <testcase name="Equals (977)" classname="spec_perl_TestDefaultEndianExprIsBe_t" time="0.000208139419555664" />
    <testcase name="Equals (978)" classname="spec_perl_TestDefaultEndianExprIsBe_t" time="0.000197887420654297" />
    <testcase name="Equals (979)" classname="spec_perl_TestDefaultEndianExprIsBe_t" time="0.000262022018432617" />
    <testcase name="Equals (980)" classname="spec_perl_TestDefaultEndianExprIsBe_t" time="0.00020909309387207" />
    <testcase name="Equals (981)" classname="spec_perl_TestDefaultEndianExprIsBe_t" time="0.000916957855224609" />
    <testcase name="Equals (982)" classname="spec_perl_TestDefaultEndianExprIsBe_t" time="0.000179052352905273" />
    <testcase name="Equals (983)" classname="spec_perl_TestDefaultEndianExprIsBe_t" time="0.000242948532104492" />
    <testcase name="Equals (984)" classname="spec_perl_TestDefaultEndianExprIsBe_t" time="0.000192880630493164" />
    <testcase name="Equals (985)" classname="spec_perl_TestDefaultEndianExprIsBe_t" time="0.000169038772583008" />
    <testcase name="Equals (986)" classname="spec_perl_TestDefaultEndianExprIsBe_t" time="0.000178098678588867" />
    <testcase name="Equals (987)" classname="spec_perl_TestDefaultEndianExprIsBe_t" time="0.000182867050170898" />
    <testcase name="Equals (988)" classname="spec_perl_TestDefaultEndianExprIsBe_t" time="0.000632047653198242" />
    <testcase name="Equals (989)" classname="spec_perl_TestDefaultEndianExprIsBe_t" time="0.000164985656738281" />
  </testsuite>
  <testsuite name="spec_perl_TestSwitchManualStr_t" errors="0" failures="0" skipped="0" tests="9" time="0.0886449813842773">
    <system-out>1..9
ok 1 - Equals
ok 2 - Equals
ok 3 - Equals
ok 4 - Equals
ok 5 - Equals
ok 6 - Equals
ok 7 - Equals
ok 8 - Equals
ok 9 - Equals
</system-out>
    <testcase name="Equals (990)" classname="spec_perl_TestSwitchManualStr_t" time="0.000365972518920898" />
    <testcase name="Equals (991)" classname="spec_perl_TestSwitchManualStr_t" time="0.000159025192260742" />
    <testcase name="Equals (992)" classname="spec_perl_TestSwitchManualStr_t" time="0.000188827514648438" />
    <testcase name="Equals (993)" classname="spec_perl_TestSwitchManualStr_t" time="0.00141000747680664" />
    <testcase name="Equals (994)" classname="spec_perl_TestSwitchManualStr_t" time="0.000143051147460938" />
    <testcase name="Equals (995)" classname="spec_perl_TestSwitchManualStr_t" time="0.000246047973632812" />
    <testcase name="Equals (996)" classname="spec_perl_TestSwitchManualStr_t" time="0.000189065933227539" />
    <testcase name="Equals (997)" classname="spec_perl_TestSwitchManualStr_t" time="0.000161886215209961" />
    <testcase name="Equals (998)" classname="spec_perl_TestSwitchManualStr_t" time="0.000159025192260742" />
  </testsuite>
</testsuites>
