<?xml version='1.0' encoding='utf-8'?>
<testsuites>
  <testsuite name="spec_perl_TestSwitchElseOnly_t" errors="1" failures="0" skipped="0" tests="0" time="0.0486879348754883">
    <system-out></system-out>
    <testcase name="Test died too soon, even before plan." classname="spec_perl_TestSwitchElseOnly_t" time="0.0486879348754883">
      <failure message="The test suite died before a plan was produced. You need to have a plan." type="Plan">No plan</failure>
    </testcase>
  </testsuite>
  <testsuite name="spec_perl_TestRepeatNStrz_t" errors="0" failures="0" skipped="0" tests="2" time="0.0432631969451904">
    <system-out>1..2
ok 1 - Equals
ok 2 - Equals
</system-out>
    <testcase name="Equals" classname="spec_perl_TestRepeatNStrz_t" time="0.000292062759399414" />
    <testcase name="Equals (2)" classname="spec_perl_TestRepeatNStrz_t" time="0.0001220703125" />
  </testsuite>
  <testsuite name="spec_perl_TestUserType_t" errors="0" failures="0" skipped="0" tests="2" time="0.0428080558776855">
    <system-out>1..2
ok 1 - Equals
ok 2 - Equals
</system-out>
    <testcase name="Equals (3)" classname="spec_perl_TestUserType_t" time="0.000234842300415039" />
    <testcase name="Equals (4)" classname="spec_perl_TestUserType_t" time="0.000138044357299805" />
  </testsuite>
  <testsuite name="spec_perl_TestSwitchRepeatExpr_t" errors="0" failures="0" skipped="0" tests="3" time="0.0405030250549316">
    <system-out>1..3
ok 1 - Equals
ok 2 - Equals
ok 3 - Equals
</system-out>
    <testcase name="Equals (5)" classname="spec_perl_TestSwitchRepeatExpr_t" time="0.000405073165893555" />
    <testcase name="Equals (6)" classname="spec_perl_TestSwitchRepeatExpr_t" time="0.000114917755126953" />
    <testcase name="Equals (7)" classname="spec_perl_TestSwitchRepeatExpr_t" time="0.000132083892822266" />
  </testsuite>
  <testsuite name="spec_perl_TestMetaXref_t" errors="0" failures="0" skipped="1" tests="1" time="0.0447180271148682">
    <system-out>1..1
ok 1 # skip MetaXref=HASH(0x2b6bf70)
</system-out>
    <testcase name="Unnamed test case 7" classname="spec_perl_TestMetaXref_t" time="0.00119805335998535">
      <skipped message="ok 1 # skip MetaXref=HASH(0x2b6bf70)" />
    </testcase>
  </testsuite>
  <testsuite name="spec_perl_TestSwitchBytearray_t" errors="0" failures="0" skipped="0" tests="9" time="0.0443620681762695">
    <system-out>1..9
ok 1 - Equals
ok 2 - Equals
ok 3 - Equals
ok 4 - Equals
ok 5 - Equals
ok 6 - Equals
ok 7 - Equals
ok 8 - Equals
ok 9 - Equals
</system-out>
    <testcase name="Equals (8)" classname="spec_perl_TestSwitchBytearray_t" time="0.000286102294921875" />
    <testcase name="Equals (9)" classname="spec_perl_TestSwitchBytearray_t" time="0.00011897087097168" />
    <testcase name="Equals (10)" classname="spec_perl_TestSwitchBytearray_t" time="0.000137090682983398" />
    <testcase name="Equals (11)" classname="spec_perl_TestSwitchBytearray_t" time="0.000146865844726562" />
    <testcase name="Equals (12)" classname="spec_perl_TestSwitchBytearray_t" time="0.0001220703125" />
    <testcase name="Equals (13)" classname="spec_perl_TestSwitchBytearray_t" time="0.000149965286254883" />
    <testcase name="Equals (14)" classname="spec_perl_TestSwitchBytearray_t" time="0.000118017196655273" />
    <testcase name="Equals (15)" classname="spec_perl_TestSwitchBytearray_t" time="0.000142097473144531" />
    <testcase name="Equals (16)" classname="spec_perl_TestSwitchBytearray_t" time="0.000122785568237305" />
  </testsuite>
  <testsuite name="spec_perl_TestTypeIntUnaryOp_t" errors="0" failures="0" skipped="0" tests="4" time="0.0418000221252441">
    <system-out>1..4
ok 1 - Equals
ok 2 - Equals
ok 3 - Equals
ok 4 - Equals
</system-out>
    <testcase name="Equals (17)" classname="spec_perl_TestTypeIntUnaryOp_t" time="0.000238895416259766" />
    <testcase name="Equals (18)" classname="spec_perl_TestTypeIntUnaryOp_t" time="0.000127077102661133" />
    <testcase name="Equals (19)" classname="spec_perl_TestTypeIntUnaryOp_t" time="0.000141143798828125" />
    <testcase name="Equals (20)" classname="spec_perl_TestTypeIntUnaryOp_t" time="0.000150918960571289" />
  </testsuite>
  <testsuite name="spec_perl_TestEnum1_t" errors="0" failures="0" skipped="0" tests="2" time="0.0417249202728271">
    <system-out>1..2
ok 1 - Equals
ok 2 - Equals
</system-out>
    <testcase name="Equals (21)" classname="spec_perl_TestEnum1_t" time="0.000257968902587891" />
    <testcase name="Equals (22)" classname="spec_perl_TestEnum1_t" time="8.20159912109375e-05" />
  </testsuite>
  <testsuite name="spec_perl_TestProcessCoerceSwitch_t" errors="0" failures="0" skipped="0" tests="3" time="0.0410771369934082">
    <system-out>1..3
ok 1 - Equals
ok 2 - Equals
ok 3 - Equals
</system-out>
    <testcase name="Equals (23)" classname="spec_perl_TestProcessCoerceSwitch_t" time="0.000415802001953125" />
    <testcase name="Equals (24)" classname="spec_perl_TestProcessCoerceSwitch_t" time="0.000126123428344727" />
    <testcase name="Equals (25)" classname="spec_perl_TestProcessCoerceSwitch_t" time="0.000130891799926758" />
  </testsuite>
  <testsuite name="spec_perl_TestIfInstances_t" errors="0" failures="0" skipped="0" tests="1" time="0.0423951148986816">
    <system-out>1..1
ok 1 - nil
</system-out>
    <testcase name="nil (25)" classname="spec_perl_TestIfInstances_t" time="0.00018310546875" />
  </testsuite>
  <testsuite name="spec_perl_TestEnumIf_t" errors="0" failures="0" skipped="0" tests="7" time="0.0453758239746094">
    <system-out>1..7
ok 1 - Equals
ok 2 - Equals
ok 3 - Equals
ok 4 - Equals
ok 5 - Equals
ok 6 - Equals
ok 7 - Equals
</system-out>
    <testcase name="Equals (26)" classname="spec_perl_TestEnumIf_t" time="0.000384092330932617" />
    <testcase name="Equals (27)" classname="spec_perl_TestEnumIf_t" time="7.70092010498047e-05" />
    <testcase name="Equals (28)" classname="spec_perl_TestEnumIf_t" time="0.00014495849609375" />
    <testcase name="Equals (29)" classname="spec_perl_TestEnumIf_t" time="0.000133991241455078" />
    <testcase name="Equals (30)" classname="spec_perl_TestEnumIf_t" time="0.000138044357299805" />
    <testcase name="Equals (31)" classname="spec_perl_TestEnumIf_t" time="0.000132083892822266" />
    <testcase name="Equals (32)" classname="spec_perl_TestEnumIf_t" time="0.000133991241455078" />
  </testsuite>
  <testsuite name="spec_perl_TestProcessXorValue_t" errors="0" failures="0" skipped="0" tests="2" time="0.0418171882629395">
    <system-out>1..2
ok 1 - Equals
ok 2 - Equals
</system-out>
    <testcase name="Equals (33)" classname="spec_perl_TestProcessXorValue_t" time="0.000239849090576172" />
    <testcase name="Equals (34)" classname="spec_perl_TestProcessXorValue_t" time="0.000116109848022461" />
  </testsuite>
  <testsuite name="spec_perl_TestEnumDeep_t" errors="0" failures="0" skipped="0" tests="2" time="0.0421559810638428">
    <system-out>1..2
ok 1 - Equals
ok 2 - Equals
</system-out>
    <testcase name="Equals (35)" classname="spec_perl_TestEnumDeep_t" time="0.000239849090576172" />
    <testcase name="Equals (36)" classname="spec_perl_TestEnumDeep_t" time="0.000116109848022461" />
  </testsuite>
  <testsuite name="spec_perl_TestProcessRepeatBytes_t" errors="0" failures="0" skipped="0" tests="2" time="0.0597810745239258">
    <system-out>1..2
ok 1 - Equals
ok 2 - Equals
</system-out>
    <testcase name="Equals (37)" classname="spec_perl_TestProcessRepeatBytes_t" time="0.00026702880859375" />
    <testcase name="Equals (38)" classname="spec_perl_TestProcessRepeatBytes_t" time="0.000100851058959961" />
  </testsuite>
  <testsuite name="spec_perl_TestEnumToI_t" errors="0" failures="0" skipped="0" tests="5" time="0.0424568653106689">
    <system-out>1..5
ok 1 - Equals
ok 2 - Equals
ok 3 - Equals
ok 4 - Equals
ok 5 - Equals
</system-out>
    <testcase name="Equals (39)" classname="spec_perl_TestEnumToI_t" time="0.000256061553955078" />
    <testcase name="Equals (40)" classname="spec_perl_TestEnumToI_t" time="0.000119924545288086" />
    <testcase name="Equals (41)" classname="spec_perl_TestEnumToI_t" time="0.000168085098266602" />
    <testcase name="Equals (42)" classname="spec_perl_TestEnumToI_t" time="0.000119924545288086" />
    <testcase name="Equals (43)" classname="spec_perl_TestEnumToI_t" time="0.000149011611938477" />
  </testsuite>
  <testsuite name="spec_perl_TestIndexSizes_t" errors="0" failures="0" skipped="0" tests="7" time="0.0444910526275635">
    <system-out>1..7
ok 1 - Equals
ok 2 - Equals
ok 3 - Equals
ok 4 - Equals
ok 5 - Equals
ok 6 - Equals
ok 7 - Equals
</system-out>
    <testcase name="Equals (44)" classname="spec_perl_TestIndexSizes_t" time="0.000252008438110352" />
    <testcase name="Equals (45)" classname="spec_perl_TestIndexSizes_t" time="8.79764556884766e-05" />
    <testcase name="Equals (46)" classname="spec_perl_TestIndexSizes_t" time="0.000133991241455078" />
    <testcase name="Equals (47)" classname="spec_perl_TestIndexSizes_t" time="0.000127077102661133" />
    <testcase name="Equals (48)" classname="spec_perl_TestIndexSizes_t" time="0.000114917755126953" />
    <testcase name="Equals (49)" classname="spec_perl_TestIndexSizes_t" time="0.000143051147460938" />
    <testcase name="Equals (50)" classname="spec_perl_TestIndexSizes_t" time="0.000120162963867188" />
  </testsuite>
  <testsuite name="spec_perl_TestDocstrings_t" errors="0" failures="0" skipped="1" tests="1" time="0.0426430702209473">
    <system-out>1..1
ok 1 # skip Docstrings=HASH(0x1a81578)
</system-out>
    <testcase name="Unnamed test case 50" classname="spec_perl_TestDocstrings_t" time="0.00113797187805176">
      <skipped message="ok 1 # skip Docstrings=HASH(0x1a81578)" />
    </testcase>
  </testsuite>
  <testsuite name="spec_perl_TestSwitchManualEnumInvalidElse_t" errors="0" failures="0" skipped="0" tests="5" time="0.0469489097595215">
    <system-out>1..5
ok 1 - Equals
ok 2 - Equals
ok 3 - Equals
ok 4 - Equals
ok 5 - Equals
</system-out>
    <testcase name="Equals (51)" classname="spec_perl_TestSwitchManualEnumInvalidElse_t" time="0.00029301643371582" />
    <testcase name="Equals (52)" classname="spec_perl_TestSwitchManualEnumInvalidElse_t" time="0.000113964080810547" />
    <testcase name="Equals (53)" classname="spec_perl_TestSwitchManualEnumInvalidElse_t" time="0.00014495849609375" />
    <testcase name="Equals (54)" classname="spec_perl_TestSwitchManualEnumInvalidElse_t" time="0.000149011611938477" />
    <testcase name="Equals (55)" classname="spec_perl_TestSwitchManualEnumInvalidElse_t" time="0.000120878219604492" />
  </testsuite>
  <testsuite name="spec_perl_TestSwitchManualEnumInvalid_t" errors="0" failures="0" skipped="0" tests="5" time="0.0461571216583252">
    <system-out>1..5
ok 1 - Equals
ok 2 - Equals
ok 3 - nil
ok 4 - Equals
ok 5 - nil
</system-out>
    <testcase name="Equals (56)" classname="spec_perl_TestSwitchManualEnumInvalid_t" time="0.000261068344116211" />
    <testcase name="Equals (57)" classname="spec_perl_TestSwitchManualEnumInvalid_t" time="9.60826873779297e-05" />
    <testcase name="nil (57)" classname="spec_perl_TestSwitchManualEnumInvalid_t" time="0.000215053558349609" />
    <testcase name="Equals (58)" classname="spec_perl_TestSwitchManualEnumInvalid_t" time="0.000216007232666016" />
    <testcase name="nil (58)" classname="spec_perl_TestSwitchManualEnumInvalid_t" time="7.17639923095703e-05" />
  </testsuite>
  <testsuite name="spec_perl_TestValidShort_t" errors="1" failures="0" skipped="0" tests="0" time="0.0489270687103271">
    <system-out></system-out>
    <testcase name="Test died too soon, even before plan. (58)" classname="spec_perl_TestValidShort_t" time="0.0489270687103271">
      <failure message="The test suite died before a plan was produced. You need to have a plan." type="Plan">No plan</failure>
    </testcase>
  </testsuite>
  <testsuite name="spec_perl_TestNavParentVsValueInst_t" errors="0" failures="0" skipped="0" tests="1" time="0.0442430973052979">
    <system-out>1..1
ok 1 - Equals
</system-out>
    <testcase name="Equals (59)" classname="spec_perl_TestNavParentVsValueInst_t" time="0.000283002853393555" />
  </testsuite>
  <testsuite name="spec_perl_TestParamsCallShort_t" errors="0" failures="3" skipped="0" tests="3" time="0.0678861141204834">
    <system-out>1..3
not ok 1 - Equals
not ok 2 - Equals
not ok 3 - Equals
</system-out>
    <testcase name="Equals (60)" classname="spec_perl_TestParamsCallShort_t" time="0.000436067581176758">
      <failure message="not ok 1 - Equals" type="TAP::Parser::Result::Test"></failure>
    </testcase>
    <testcase name="Equals (61)" classname="spec_perl_TestParamsCallShort_t" time="0.000921010971069336">
      <failure message="not ok 2 - Equals" type="TAP::Parser::Result::Test"></failure>
    </testcase>
    <testcase name="Equals (62)" classname="spec_perl_TestParamsCallShort_t" time="0.000828027725219727">
      <failure message="not ok 3 - Equals" type="TAP::Parser::Result::Test"></failure>
    </testcase>
  </testsuite>
  <testsuite name="spec_perl_TestProcessXorConst_t" errors="0" failures="0" skipped="0" tests="2" time="0.0416109561920166">
    <system-out>1..2
ok 1 - Equals
ok 2 - Equals
</system-out>
    <testcase name="Equals (63)" classname="spec_perl_TestProcessXorConst_t" time="0.000266075134277344" />
    <testcase name="Equals (64)" classname="spec_perl_TestProcessXorConst_t" time="0.000115871429443359" />
  </testsuite>
  <testsuite name="spec_perl_TestNonStandard_t" errors="0" failures="0" skipped="0" tests="1" time="0.0412888526916504">
    <system-out>1..1
ok 1 - Equals
</system-out>
    <testcase name="Equals (65)" classname="spec_perl_TestNonStandard_t" time="0.000249862670898438" />
  </testsuite>
  <testsuite name="spec_perl_TestNavParent2_t" errors="0" failures="0" skipped="0" tests="10" time="0.0466399192810059">
    <system-out>1..10
ok 1 - Equals
ok 2 - Equals
ok 3 - Equals
ok 4 - Equals
ok 5 - Equals
ok 6 - Equals
ok 7 - Equals
ok 8 - Equals
ok 9 - Equals
ok 10 - Equals
</system-out>
    <testcase name="Equals (66)" classname="spec_perl_TestNavParent2_t" time="0.000296115875244141" />
    <testcase name="Equals (67)" classname="spec_perl_TestNavParent2_t" time="0.000101804733276367" />
    <testcase name="Equals (68)" classname="spec_perl_TestNavParent2_t" time="0.000138044357299805" />
    <testcase name="Equals (69)" classname="spec_perl_TestNavParent2_t" time="0.000153064727783203" />
    <testcase name="Equals (70)" classname="spec_perl_TestNavParent2_t" time="0.000120878219604492" />
    <testcase name="Equals (71)" classname="spec_perl_TestNavParent2_t" time="0.000202178955078125" />
    <testcase name="Equals (72)" classname="spec_perl_TestNavParent2_t" time="0.000111818313598633" />
    <testcase name="Equals (73)" classname="spec_perl_TestNavParent2_t" time="0.000149011611938477" />
    <testcase name="Equals (74)" classname="spec_perl_TestNavParent2_t" time="0.000131130218505859" />
    <testcase name="Equals (75)" classname="spec_perl_TestNavParent2_t" time="0.000169038772583008" />
  </testsuite>
  <testsuite name="spec_perl_TestEosExceptionU4_t" errors="0" failures="0" skipped="0" tests="1" time="0.0427179336547852">
    <system-out>1..1
ok 1 - Died
</system-out>
    <testcase name="Died (75)" classname="spec_perl_TestEosExceptionU4_t" time="0.000410079956054688" />
  </testsuite>
  <testsuite name="spec_perl_TestProcessToUser_t" errors="0" failures="0" skipped="0" tests="1" time="0.0448358058929443">
    <system-out>1..1
ok 1 - Equals
</system-out>
    <testcase name="Equals (76)" classname="spec_perl_TestProcessToUser_t" time="0.000488042831420898" />
  </testsuite>
  <testsuite name="spec_perl_TestExprBytesOps_t" errors="1" failures="0" skipped="0" tests="0" time="0.0448870658874512">
    <system-out></system-out>
    <testcase name="Test died too soon, even before plan. (76)" classname="spec_perl_TestExprBytesOps_t" time="0.0448870658874512">
      <failure message="The test suite died before a plan was produced. You need to have a plan." type="Plan">No plan</failure>
    </testcase>
  </testsuite>
  <testsuite name="spec_perl_TestSwitchManualIntSizeEos_t" errors="0" failures="0" skipped="0" tests="10" time="0.0451910495758057">
    <system-out>1..10
ok 1 - Equals
ok 2 - Equals
ok 3 - Equals
ok 4 - Equals
ok 5 - Equals
ok 6 - Equals
ok 7 - Equals
ok 8 - Equals
ok 9 - Equals
ok 10 - Equals
</system-out>
    <testcase name="Equals (77)" classname="spec_perl_TestSwitchManualIntSizeEos_t" time="0.000607967376708984" />
    <testcase name="Equals (78)" classname="spec_perl_TestSwitchManualIntSizeEos_t" time="0.000128030776977539" />
    <testcase name="Equals (79)" classname="spec_perl_TestSwitchManualIntSizeEos_t" time="0.000126123428344727" />
    <testcase name="Equals (80)" classname="spec_perl_TestSwitchManualIntSizeEos_t" time="0.000130891799926758" />
    <testcase name="Equals (81)" classname="spec_perl_TestSwitchManualIntSizeEos_t" time="0.000130891799926758" />
    <testcase name="Equals (82)" classname="spec_perl_TestSwitchManualIntSizeEos_t" time="0.000161170959472656" />
    <testcase name="Equals (83)" classname="spec_perl_TestSwitchManualIntSizeEos_t" time="0.000119924545288086" />
    <testcase name="Equals (84)" classname="spec_perl_TestSwitchManualIntSizeEos_t" time="0.00014805793762207" />
    <testcase name="Equals (85)" classname="spec_perl_TestSwitchManualIntSizeEos_t" time="0.000155925750732422" />
    <testcase name="Equals (86)" classname="spec_perl_TestSwitchManualIntSizeEos_t" time="0.00011897087097168" />
  </testsuite>
  <testsuite name="spec_perl_TestIoLocalVar_t" errors="0" failures="0" skipped="0" tests="2" time="0.0581538677215576">
    <system-out>1..2
ok 1 - Equals
ok 2 - Equals
</system-out>
    <testcase name="Equals (87)" classname="spec_perl_TestIoLocalVar_t" time="0.000463008880615234" />
    <testcase name="Equals (88)" classname="spec_perl_TestIoLocalVar_t" time="7.79628753662109e-05" />
  </testsuite>
  <testsuite name="spec_perl_TestRepeatEosU4_t" errors="0" failures="0" skipped="0" tests="1" time="0.0428328514099121">
    <system-out>1..1
ok 1 - Equals
</system-out>
    <testcase name="Equals (89)" classname="spec_perl_TestRepeatEosU4_t" time="0.000234842300415039" />
  </testsuite>
  <testsuite name="spec_perl_TestBcdUserTypeLe_t" errors="0" failures="0" skipped="0" tests="6" time="0.0428781509399414">
    <system-out>1..6
ok 1 - Equals
ok 2 - Equals
ok 3 - Equals
ok 4 - Equals
ok 5 - Equals
ok 6 - Equals
</system-out>
    <testcase name="Equals (90)" classname="spec_perl_TestBcdUserTypeLe_t" time="0.000473976135253906" />
    <testcase name="Equals (91)" classname="spec_perl_TestBcdUserTypeLe_t" time="0.000120162963867188" />
    <testcase name="Equals (92)" classname="spec_perl_TestBcdUserTypeLe_t" time="0.000152826309204102" />
    <testcase name="Equals (93)" classname="spec_perl_TestBcdUserTypeLe_t" time="0.000149011611938477" />
    <testcase name="Equals (94)" classname="spec_perl_TestBcdUserTypeLe_t" time="0.000152111053466797" />
    <testcase name="Equals (95)" classname="spec_perl_TestBcdUserTypeLe_t" time="0.000149965286254883" />
  </testsuite>
  <testsuite name="spec_perl_TestIndexToParamEos_t" errors="0" failures="2" skipped="0" tests="7" time="0.0465710163116455">
    <system-out>1..7
ok 1 - Equals
ok 2 - Equals
ok 3 - Equals
ok 4 - Equals
ok 5 - Equals
not ok 6 - Equals
not ok 7 - Equals
</system-out>
    <testcase name="Equals (96)" classname="spec_perl_TestIndexToParamEos_t" time="0.00416994094848633" />
    <testcase name="Equals (97)" classname="spec_perl_TestIndexToParamEos_t" time="6.29425048828125e-05" />
    <testcase name="Equals (98)" classname="spec_perl_TestIndexToParamEos_t" time="4.22000885009766e-05" />
    <testcase name="Equals (99)" classname="spec_perl_TestIndexToParamEos_t" time="3.69548797607422e-05" />
    <testcase name="Equals (100)" classname="spec_perl_TestIndexToParamEos_t" time="3.69548797607422e-05" />
    <testcase name="Equals (101)" classname="spec_perl_TestIndexToParamEos_t" time="5.38825988769531e-05">
      <failure message="not ok 6 - Equals" type="TAP::Parser::Result::Test"></failure>
    </testcase>
    <testcase name="Equals (102)" classname="spec_perl_TestIndexToParamEos_t" time="4.31537628173828e-05">
      <failure message="not ok 7 - Equals" type="TAP::Parser::Result::Test"></failure>
    </testcase>
  </testsuite>
  <testsuite name="spec_perl_TestImportsCircularA_t" errors="0" failures="0" skipped="0" tests="5" time="0.0409948825836182">
    <system-out>1..5
ok 1 - Equals
ok 2 - Equals
ok 3 - Equals
ok 4 - Equals
ok 5 - Equals
</system-out>
    <testcase name="Equals (103)" classname="spec_perl_TestImportsCircularA_t" time="0.000265836715698242" />
    <testcase name="Equals (104)" classname="spec_perl_TestImportsCircularA_t" time="0.000111103057861328" />
    <testcase name="Equals (105)" classname="spec_perl_TestImportsCircularA_t" time="0.000127077102661133" />
    <testcase name="Equals (106)" classname="spec_perl_TestImportsCircularA_t" time="0.000127792358398438" />
    <testcase name="Equals (107)" classname="spec_perl_TestImportsCircularA_t" time="7.10487365722656e-05" />
  </testsuite>
  <testsuite name="spec_perl_TestEnumForUnknownId_t" errors="0" failures="0" skipped="0" tests="1" time="0.0398640632629395">
    <system-out>1..1
ok 1 - Equals
</system-out>
    <testcase name="Equals (108)" classname="spec_perl_TestEnumForUnknownId_t" time="0.000226974487304688" />
  </testsuite>
  <testsuite name="spec_perl_TestIndexToParamUntil_t" errors="0" failures="2" skipped="0" tests="7" time="0.0696721076965332">
    <system-out>1..7
ok 1 - Equals
ok 2 - Equals
ok 3 - Equals
ok 4 - Equals
ok 5 - Equals
not ok 6 - Equals
not ok 7 - Equals
</system-out>
    <testcase name="Equals (109)" classname="spec_perl_TestIndexToParamUntil_t" time="0.000636100769042969" />
    <testcase name="Equals (110)" classname="spec_perl_TestIndexToParamUntil_t" time="0.000283956527709961" />
    <testcase name="Equals (111)" classname="spec_perl_TestIndexToParamUntil_t" time="0.000269889831542969" />
    <testcase name="Equals (112)" classname="spec_perl_TestIndexToParamUntil_t" time="0.000266075134277344" />
    <testcase name="Equals (113)" classname="spec_perl_TestIndexToParamUntil_t" time="0.000282049179077148" />
    <testcase name="Equals (114)" classname="spec_perl_TestIndexToParamUntil_t" time="0.000349998474121094">
      <failure message="not ok 6 - Equals" type="TAP::Parser::Result::Test"></failure>
    </testcase>
    <testcase name="Equals (115)" classname="spec_perl_TestIndexToParamUntil_t" time="0.000782966613769531">
      <failure message="not ok 7 - Equals" type="TAP::Parser::Result::Test"></failure>
    </testcase>
  </testsuite>
  <testsuite name="spec_perl_TestExprSizeofValueSized_t" errors="0" failures="0" skipped="0" tests="5" time="0.0427718162536621">
    <system-out>1..5
ok 1 - Equals
ok 2 - Equals
ok 3 - Equals
ok 4 - Equals
ok 5 - Equals
</system-out>
    <testcase name="Equals (116)" classname="spec_perl_TestExprSizeofValueSized_t" time="0.000456094741821289" />
    <testcase name="Equals (117)" classname="spec_perl_TestExprSizeofValueSized_t" time="0.000108003616333008" />
    <testcase name="Equals (118)" classname="spec_perl_TestExprSizeofValueSized_t" time="0.000138998031616211" />
    <testcase name="Equals (119)" classname="spec_perl_TestExprSizeofValueSized_t" time="0.000149011611938477" />
    <testcase name="Equals (120)" classname="spec_perl_TestExprSizeofValueSized_t" time="0.000115871429443359" />
  </testsuite>
  <testsuite name="spec_perl_TestRepeatUntilComplex_t" errors="0" failures="0" skipped="0" tests="17" time="0.043133020401001">
    <system-out>1..17
ok 1 - Equals
ok 2 - Equals
ok 3 - Equals
ok 4 - Equals
ok 5 - Equals
ok 6 - Equals
ok 7 - Equals
ok 8 - Equals
ok 9 - Equals
ok 10 - Equals
ok 11 - Equals
ok 12 - Equals
ok 13 - Equals
ok 14 - Equals
ok 15 - Equals
ok 16 - Equals
ok 17 - Equals
</system-out>
    <testcase name="Equals (121)" classname="spec_perl_TestRepeatUntilComplex_t" time="0.000325202941894531" />
    <testcase name="Equals (122)" classname="spec_perl_TestRepeatUntilComplex_t" time="9.79900360107422e-05" />
    <testcase name="Equals (123)" classname="spec_perl_TestRepeatUntilComplex_t" time="0.000160932540893555" />
    <testcase name="Equals (124)" classname="spec_perl_TestRepeatUntilComplex_t" time="0.000135898590087891" />
    <testcase name="Equals (125)" classname="spec_perl_TestRepeatUntilComplex_t" time="0.00011897087097168" />
    <testcase name="Equals (126)" classname="spec_perl_TestRepeatUntilComplex_t" time="0.000144004821777344" />
    <testcase name="Equals (127)" classname="spec_perl_TestRepeatUntilComplex_t" time="7.82012939453125e-05" />
    <testcase name="Equals (128)" classname="spec_perl_TestRepeatUntilComplex_t" time="0.000147819519042969" />
    <testcase name="Equals (129)" classname="spec_perl_TestRepeatUntilComplex_t" time="0.00012516975402832" />
    <testcase name="Equals (130)" classname="spec_perl_TestRepeatUntilComplex_t" time="0.000150918960571289" />
    <testcase name="Equals (131)" classname="spec_perl_TestRepeatUntilComplex_t" time="0.00010991096496582" />
    <testcase name="Equals (132)" classname="spec_perl_TestRepeatUntilComplex_t" time="0.000140190124511719" />
    <testcase name="Equals (133)" classname="spec_perl_TestRepeatUntilComplex_t" time="0.000122785568237305" />
    <testcase name="Equals (134)" classname="spec_perl_TestRepeatUntilComplex_t" time="0.000141143798828125" />
    <testcase name="Equals (135)" classname="spec_perl_TestRepeatUntilComplex_t" time="0.00014185905456543" />
    <testcase name="Equals (136)" classname="spec_perl_TestRepeatUntilComplex_t" time="7.60555267333984e-05" />
    <testcase name="Equals (137)" classname="spec_perl_TestRepeatUntilComplex_t" time="0.000139951705932617" />
  </testsuite>
  <testsuite name="spec_perl_TestEnumDeepLiterals_t" errors="0" failures="0" skipped="0" tests="2" time="0.0430700778961182">
    <system-out>1..2
ok 1 - Equals
ok 2 - Equals
</system-out>
    <testcase name="Equals (138)" classname="spec_perl_TestEnumDeepLiterals_t" time="0.000240802764892578" />
    <testcase name="Equals (139)" classname="spec_perl_TestEnumDeepLiterals_t" time="9.41753387451172e-05" />
  </testsuite>
  <testsuite name="spec_perl_TestStrCombine_t" errors="0" failures="0" skipped="0" tests="15" time="0.0452001094818115">
    <system-out>1..15
ok 1 - Equals
ok 2 - Equals
ok 3 - Equals
ok 4 - Equals
ok 5 - Equals
ok 6 - Equals
ok 7 - Equals
ok 8 - Equals
ok 9 - Equals
ok 10 - Equals
ok 11 - Equals
ok 12 - Equals
ok 13 - Equals
ok 14 - Equals
ok 15 - Equals
</system-out>
    <testcase name="Equals (140)" classname="spec_perl_TestStrCombine_t" time="0.000240802764892578" />
    <testcase name="Equals (141)" classname="spec_perl_TestStrCombine_t" time="0.000110149383544922" />
    <testcase name="Equals (142)" classname="spec_perl_TestStrCombine_t" time="0.000133991241455078" />
    <testcase name="Equals (143)" classname="spec_perl_TestStrCombine_t" time="0.000138998031616211" />
    <testcase name="Equals (144)" classname="spec_perl_TestStrCombine_t" time="0.000154018402099609" />
    <testcase name="Equals (145)" classname="spec_perl_TestStrCombine_t" time="0.000110864639282227" />
    <testcase name="Equals (146)" classname="spec_perl_TestStrCombine_t" time="0.000146150588989258" />
    <testcase name="Equals (147)" classname="spec_perl_TestStrCombine_t" time="0.00010991096496582" />
    <testcase name="Equals (148)" classname="spec_perl_TestStrCombine_t" time="0.000135898590087891" />
    <testcase name="Equals (149)" classname="spec_perl_TestStrCombine_t" time="0.000137090682983398" />
    <testcase name="Equals (150)" classname="spec_perl_TestStrCombine_t" time="0.000159025192260742" />
    <testcase name="Equals (151)" classname="spec_perl_TestStrCombine_t" time="0.000117063522338867" />
    <testcase name="Equals (152)" classname="spec_perl_TestStrCombine_t" time="0.000150918960571289" />
    <testcase name="Equals (153)" classname="spec_perl_TestStrCombine_t" time="0.000114917755126953" />
    <testcase name="Equals (154)" classname="spec_perl_TestStrCombine_t" time="0.000145196914672852" />
  </testsuite>
  <testsuite name="spec_perl_TestInstanceStd_t" errors="0" failures="0" skipped="0" tests="1" time="0.0552308559417725">
    <system-out>1..1
ok 1 - Equals
</system-out>
    <testcase name="Equals (155)" classname="spec_perl_TestInstanceStd_t" time="0.000243902206420898" />
  </testsuite>
  <testsuite name="spec_perl_TestSwitchManualIntSizeElse_t" errors="0" failures="0" skipped="0" tests="10" time="0.0450050830841064">
    <system-out>1..10
ok 1 - Equals
ok 2 - Equals
ok 3 - Equals
ok 4 - Equals
ok 5 - Equals
ok 6 - Equals
ok 7 - Equals
ok 8 - Equals
ok 9 - Equals
ok 10 - Equals
</system-out>
    <testcase name="Equals (156)" classname="spec_perl_TestSwitchManualIntSizeElse_t" time="0.000576019287109375" />
    <testcase name="Equals (157)" classname="spec_perl_TestSwitchManualIntSizeElse_t" time="0.000103950500488281" />
    <testcase name="Equals (158)" classname="spec_perl_TestSwitchManualIntSizeElse_t" time="0.000133991241455078" />
    <testcase name="Equals (159)" classname="spec_perl_TestSwitchManualIntSizeElse_t" time="0.000154972076416016" />
    <testcase name="Equals (160)" classname="spec_perl_TestSwitchManualIntSizeElse_t" time="0.000121116638183594" />
    <testcase name="Equals (161)" classname="spec_perl_TestSwitchManualIntSizeElse_t" time="0.000166893005371094" />
    <testcase name="Equals (162)" classname="spec_perl_TestSwitchManualIntSizeElse_t" time="0.000113010406494141" />
    <testcase name="Equals (163)" classname="spec_perl_TestSwitchManualIntSizeElse_t" time="0.000144004821777344" />
    <testcase name="Equals (164)" classname="spec_perl_TestSwitchManualIntSizeElse_t" time="0.00012516975402832" />
    <testcase name="Equals (165)" classname="spec_perl_TestSwitchManualIntSizeElse_t" time="0.000140905380249023" />
  </testsuite>
  <testsuite name="spec_perl_TestProcessCoerceUsertype2_t" errors="0" failures="0" skipped="0" tests="4" time="0.0405399799346924">
    <system-out>1..4
ok 1 - Equals
ok 2 - Equals
ok 3 - Equals
ok 4 - Equals
</system-out>
    <testcase name="Equals (166)" classname="spec_perl_TestProcessCoerceUsertype2_t" time="0.000474929809570312" />
    <testcase name="Equals (167)" classname="spec_perl_TestProcessCoerceUsertype2_t" time="0.000113010406494141" />
    <testcase name="Equals (168)" classname="spec_perl_TestProcessCoerceUsertype2_t" time="0.000144004821777344" />
    <testcase name="Equals (169)" classname="spec_perl_TestProcessCoerceUsertype2_t" time="0.000139951705932617" />
  </testsuite>
  <testsuite name="spec_perl_TestBcdUserTypeBe_t" errors="0" failures="0" skipped="0" tests="6" time="0.042881965637207">
    <system-out>1..6
ok 1 - Equals
ok 2 - Equals
ok 3 - Equals
ok 4 - Equals
ok 5 - Equals
ok 6 - Equals
</system-out>
    <testcase name="Equals (170)" classname="spec_perl_TestBcdUserTypeBe_t" time="0.000483989715576172" />
    <testcase name="Equals (171)" classname="spec_perl_TestBcdUserTypeBe_t" time="0.000112056732177734" />
    <testcase name="Equals (172)" classname="spec_perl_TestBcdUserTypeBe_t" time="0.000152826309204102" />
    <testcase name="Equals (173)" classname="spec_perl_TestBcdUserTypeBe_t" time="0.000146150588989258" />
    <testcase name="Equals (174)" classname="spec_perl_TestBcdUserTypeBe_t" time="0.000149965286254883" />
    <testcase name="Equals (175)" classname="spec_perl_TestBcdUserTypeBe_t" time="0.000144004821777344" />
  </testsuite>
  <testsuite name="spec_perl_TestFloatToI_t" errors="0" failures="0" skipped="0" tests="8" time="0.0430350303649902">
    <system-out>1..8
ok 1 - Equals
ok 2 - Equals
ok 3 - Equals
ok 4 - Equals
ok 5 - Equals
ok 6 - Equals
ok 7 - Equals
ok 8 - Equals
</system-out>
    <testcase name="Equals (176)" classname="spec_perl_TestFloatToI_t" time="0.000250101089477539" />
    <testcase name="Equals (177)" classname="spec_perl_TestFloatToI_t" time="0.000114917755126953" />
    <testcase name="Equals (178)" classname="spec_perl_TestFloatToI_t" time="0.000141143798828125" />
    <testcase name="Equals (179)" classname="spec_perl_TestFloatToI_t" time="0.000133037567138672" />
    <testcase name="Equals (180)" classname="spec_perl_TestFloatToI_t" time="0.000137805938720703" />
    <testcase name="Equals (181)" classname="spec_perl_TestFloatToI_t" time="0.000145196914672852" />
    <testcase name="Equals (182)" classname="spec_perl_TestFloatToI_t" time="0.000124931335449219" />
    <testcase name="Equals (183)" classname="spec_perl_TestFloatToI_t" time="0.000150918960571289" />
  </testsuite>
  <testsuite name="spec_perl_TestCastToTop_t" errors="0" failures="0" skipped="0" tests="3" time="0.040147066116333">
    <system-out>1..3
ok 1 - Equals
ok 2 - Equals
ok 3 - Equals
</system-out>
    <testcase name="Equals (184)" classname="spec_perl_TestCastToTop_t" time="0.000224828720092773" />
    <testcase name="Equals (185)" classname="spec_perl_TestCastToTop_t" time="0.000128984451293945" />
    <testcase name="Equals (186)" classname="spec_perl_TestCastToTop_t" time="0.000138044357299805" />
  </testsuite>
  <testsuite name="spec_perl_TestStrPadTerm_t" errors="0" failures="0" skipped="0" tests="4" time="0.0448517799377441">
    <system-out>1..4
ok 1 - Equals
ok 2 - Equals
ok 3 - Equals
ok 4 - Equals
</system-out>
    <testcase name="Equals (187)" classname="spec_perl_TestStrPadTerm_t" time="0.00032806396484375" />
    <testcase name="Equals (188)" classname="spec_perl_TestStrPadTerm_t" time="0.000123023986816406" />
    <testcase name="Equals (189)" classname="spec_perl_TestStrPadTerm_t" time="0.000135898590087891" />
    <testcase name="Equals (190)" classname="spec_perl_TestStrPadTerm_t" time="0.000168085098266602" />
  </testsuite>
  <testsuite name="spec_perl_TestJsSignedRightShift_t" errors="0" failures="0" skipped="0" tests="2" time="0.0418479442596436">
    <system-out>1..2
ok 1 - Equals
ok 2 - Equals
</system-out>
    <testcase name="Equals (191)" classname="spec_perl_TestJsSignedRightShift_t" time="0.000241994857788086" />
    <testcase name="Equals (192)" classname="spec_perl_TestJsSignedRightShift_t" time="0.000133037567138672" />
  </testsuite>
  <testsuite name="spec_perl_TestNestedTypes3_t" errors="0" failures="0" skipped="0" tests="5" time="0.0426161289215088">
    <system-out>1..5
ok 1 - Equals
ok 2 - Equals
ok 3 - Equals
ok 4 - Equals
ok 5 - Equals
</system-out>
    <testcase name="Equals (193)" classname="spec_perl_TestNestedTypes3_t" time="0.000252008438110352" />
    <testcase name="Equals (194)" classname="spec_perl_TestNestedTypes3_t" time="0.000116825103759766" />
    <testcase name="Equals (195)" classname="spec_perl_TestNestedTypes3_t" time="0.000147104263305664" />
    <testcase name="Equals (196)" classname="spec_perl_TestNestedTypes3_t" time="0.00014495849609375" />
    <testcase name="Equals (197)" classname="spec_perl_TestNestedTypes3_t" time="0.000123977661132812" />
  </testsuite>
  <testsuite name="spec_perl_TestProcessCoerceBytes_t" errors="0" failures="0" skipped="0" tests="4" time="0.043043851852417">
    <system-out>1..4
ok 1 - Equals
ok 2 - Equals
ok 3 - Equals
ok 4 - Equals
</system-out>
    <testcase name="Equals (198)" classname="spec_perl_TestProcessCoerceBytes_t" time="0.000283002853393555" />
    <testcase name="Equals (199)" classname="spec_perl_TestProcessCoerceBytes_t" time="7.60555267333984e-05" />
    <testcase name="Equals (200)" classname="spec_perl_TestProcessCoerceBytes_t" time="0.000247955322265625" />
    <testcase name="Equals (201)" classname="spec_perl_TestProcessCoerceBytes_t" time="0.000139951705932617" />
  </testsuite>
  <testsuite name="spec_perl_TestNestedSameName2_t" errors="0" failures="0" skipped="0" tests="5" time="0.0407609939575195">
    <system-out>1..5
ok 1 - Equals
ok 2 - Equals
ok 3 - Equals
ok 4 - Equals
ok 5 - Equals
</system-out>
    <testcase name="Equals (202)" classname="spec_perl_TestNestedSameName2_t" time="0.000247001647949219" />
    <testcase name="Equals (203)" classname="spec_perl_TestNestedSameName2_t" time="0.0001220703125" />
    <testcase name="Equals (204)" classname="spec_perl_TestNestedSameName2_t" time="0.000137090682983398" />
    <testcase name="Equals (205)" classname="spec_perl_TestNestedSameName2_t" time="0.000135898590087891" />
    <testcase name="Equals (206)" classname="spec_perl_TestNestedSameName2_t" time="0.000114917755126953" />
  </testsuite>
  <testsuite name="spec_perl_TestMetaTags_t" errors="0" failures="0" skipped="1" tests="1" time="0.0432629585266113">
    <system-out>1..1
ok 1 # skip MetaTags=HASH(0x2cc25d8)
</system-out>
    <testcase name="Unnamed test case 206" classname="spec_perl_TestMetaTags_t" time="0.00121808052062988">
      <skipped message="ok 1 # skip MetaTags=HASH(0x2cc25d8)" />
    </testcase>
  </testsuite>
  <testsuite name="spec_perl_TestPositionAbs_t" errors="0" failures="0" skipped="0" tests="2" time="0.0460629463195801">
    <system-out>1..2
ok 1 - Equals
ok 2 - Equals
</system-out>
    <testcase name="Equals (207)" classname="spec_perl_TestPositionAbs_t" time="0.000221014022827148" />
    <testcase name="Equals (208)" classname="spec_perl_TestPositionAbs_t" time="0.000188112258911133" />
  </testsuite>
  <testsuite name="spec_perl_TestNavParentSwitch_t" errors="0" failures="0" skipped="0" tests="3" time="0.0422999858856201">
    <system-out>1..3
ok 1 - Equals
ok 2 - Equals
ok 3 - Equals
</system-out>
    <testcase name="Equals (209)" classname="spec_perl_TestNavParentSwitch_t" time="0.000255107879638672" />
    <testcase name="Equals (210)" classname="spec_perl_TestNavParentSwitch_t" time="0.0001220703125" />
    <testcase name="Equals (211)" classname="spec_perl_TestNavParentSwitch_t" time="0.000138044357299805" />
  </testsuite>
  <testsuite name="spec_perl_TestStrLiterals_t" errors="0" failures="0" skipped="0" tests="5" time="0.0428009033203125">
    <system-out>1..5
ok 1 - Equals
ok 2 - Equals
ok 3 - Equals
ok 4 - Equals
ok 5 - Equals
</system-out>
    <testcase name="Equals (212)" classname="spec_perl_TestStrLiterals_t" time="0.000230073928833008" />
    <testcase name="Equals (213)" classname="spec_perl_TestStrLiterals_t" time="0.00014805793762207" />
    <testcase name="Equals (214)" classname="spec_perl_TestStrLiterals_t" time="0.000154018402099609" />
    <testcase name="Equals (215)" classname="spec_perl_TestStrLiterals_t" time="0.000211954116821289" />
    <testcase name="Equals (216)" classname="spec_perl_TestStrLiterals_t" time="0.000154018402099609" />
  </testsuite>
  <testsuite name="spec_perl_TestNavParent3_t" errors="0" failures="0" skipped="0" tests="10" time="0.0463690757751465">
    <system-out>1..10
ok 1 - Equals
ok 2 - Equals
ok 3 - Equals
ok 4 - Equals
ok 5 - Equals
ok 6 - Equals
ok 7 - Equals
ok 8 - Equals
ok 9 - Equals
ok 10 - Equals
</system-out>
    <testcase name="Equals (217)" classname="spec_perl_TestNavParent3_t" time="0.000233173370361328" />
    <testcase name="Equals (218)" classname="spec_perl_TestNavParent3_t" time="9.70363616943359e-05" />
    <testcase name="Equals (219)" classname="spec_perl_TestNavParent3_t" time="0.000201940536499023" />
    <testcase name="Equals (220)" classname="spec_perl_TestNavParent3_t" time="0.000125885009765625" />
    <testcase name="Equals (221)" classname="spec_perl_TestNavParent3_t" time="0.000151157379150391" />
    <testcase name="Equals (222)" classname="spec_perl_TestNavParent3_t" time="0.000185966491699219" />
    <testcase name="Equals (223)" classname="spec_perl_TestNavParent3_t" time="0.000124931335449219" />
    <testcase name="Equals (224)" classname="spec_perl_TestNavParent3_t" time="0.000130891799926758" />
    <testcase name="Equals (225)" classname="spec_perl_TestNavParent3_t" time="0.000141143798828125" />
    <testcase name="Equals (226)" classname="spec_perl_TestNavParent3_t" time="0.000171899795532227" />
  </testsuite>
  <testsuite name="spec_perl_TestEnumOfValueInst_t" errors="0" failures="0" skipped="0" tests="4" time="0.0423471927642822">
    <system-out>1..4
ok 1 - Equals
ok 2 - Equals
ok 3 - Equals
ok 4 - Equals
</system-out>
    <testcase name="Equals (227)" classname="spec_perl_TestEnumOfValueInst_t" time="0.000260829925537109" />
    <testcase name="Equals (228)" classname="spec_perl_TestEnumOfValueInst_t" time="0.000121116638183594" />
    <testcase name="Equals (229)" classname="spec_perl_TestEnumOfValueInst_t" time="0.000144004821777344" />
    <testcase name="Equals (230)" classname="spec_perl_TestEnumOfValueInst_t" time="0.000135898590087891" />
  </testsuite>
  <testsuite name="spec_perl_TestSwitchCast_t" errors="0" failures="0" skipped="0" tests="2" time="0.0432679653167725">
    <system-out>1..2
ok 1 - Equals
ok 2 - Equals
</system-out>
    <testcase name="Equals (231)" classname="spec_perl_TestSwitchCast_t" time="0.000282049179077148" />
    <testcase name="Equals (232)" classname="spec_perl_TestSwitchCast_t" time="0.000119924545288086" />
  </testsuite>
  <testsuite name="spec_perl_TestRepeatEosStruct_t" errors="0" failures="0" skipped="0" tests="5" time="0.0449008941650391">
    <system-out>1..5
ok 1 - Equals
ok 2 - Equals
ok 3 - Equals
ok 4 - Equals
ok 5 - Equals
</system-out>
    <testcase name="Equals (233)" classname="spec_perl_TestRepeatEosStruct_t" time="0.000253915786743164" />
    <testcase name="Equals (234)" classname="spec_perl_TestRepeatEosStruct_t" time="0.000218868255615234" />
    <testcase name="Equals (235)" classname="spec_perl_TestRepeatEosStruct_t" time="0.000213146209716797" />
    <testcase name="Equals (236)" classname="spec_perl_TestRepeatEosStruct_t" time="0.00014495849609375" />
    <testcase name="Equals (237)" classname="spec_perl_TestRepeatEosStruct_t" time="0.000111103057861328" />
  </testsuite>
  <testsuite name="spec_perl_TestBitsByteAligned_t" errors="0" failures="0" skipped="0" tests="9" time="0.0421698093414307">
    <system-out>1..9
ok 1 - Equals
ok 2 - Equals
ok 3 - Equals
ok 4 - Equals
ok 5 - Equals
ok 6 - Equals
ok 7 - Equals
ok 8 - Equals
ok 9 - Equals
</system-out>
    <testcase name="Equals (238)" classname="spec_perl_TestBitsByteAligned_t" time="0.000307798385620117" />
    <testcase name="Equals (239)" classname="spec_perl_TestBitsByteAligned_t" time="9.918212890625e-05" />
    <testcase name="Equals (240)" classname="spec_perl_TestBitsByteAligned_t" time="0.000142812728881836" />
    <testcase name="Equals (241)" classname="spec_perl_TestBitsByteAligned_t" time="0.000120162963867188" />
    <testcase name="Equals (242)" classname="spec_perl_TestBitsByteAligned_t" time="0.000139951705932617" />
    <testcase name="Equals (243)" classname="spec_perl_TestBitsByteAligned_t" time="0.000117063522338867" />
    <testcase name="Equals (244)" classname="spec_perl_TestBitsByteAligned_t" time="0.000156879425048828" />
    <testcase name="Equals (245)" classname="spec_perl_TestBitsByteAligned_t" time="0.000121116638183594" />
    <testcase name="Equals (246)" classname="spec_perl_TestBitsByteAligned_t" time="0.000120878219604492" />
  </testsuite>
  <testsuite name="spec_perl_TestOpaqueExternalType_t" errors="0" failures="0" skipped="0" tests="3" time="0.0434460639953613">
    <system-out>1..3
ok 1 - Equals
ok 2 - Equals
ok 3 - Equals
</system-out>
    <testcase name="Equals (247)" classname="spec_perl_TestOpaqueExternalType_t" time="0.000298976898193359" />
    <testcase name="Equals (248)" classname="spec_perl_TestOpaqueExternalType_t" time="9.20295715332031e-05" />
    <testcase name="Equals (249)" classname="spec_perl_TestOpaqueExternalType_t" time="0.000146150588989258" />
  </testsuite>
  <testsuite name="spec_perl_TestCastToImported_t" errors="0" failures="0" skipped="0" tests="2" time="0.0409700870513916">
    <system-out>1..2
ok 1 - Equals
ok 2 - Equals
</system-out>
    <testcase name="Equals (250)" classname="spec_perl_TestCastToImported_t" time="0.000229835510253906" />
    <testcase name="Equals (251)" classname="spec_perl_TestCastToImported_t" time="0.00012516975402832" />
  </testsuite>
  <testsuite name="spec_perl_TestExprArray_t" errors="0" failures="1" skipped="0" tests="15" time="0.0510110855102539">
    <system-out>1..15
ok 1 - Equals
ok 2 - Equals
ok 3 - Equals
ok 4 - Equals
ok 5 - Equals
ok 6 - Equals
ok 7 - Equals
ok 8 - Equals
not ok 9 - Equals
ok 10 - Equals
ok 11 - Equals
ok 12 - Equals
ok 13 - Equals
ok 14 - Equals
ok 15 - Equals
</system-out>
    <testcase name="Equals (252)" classname="spec_perl_TestExprArray_t" time="0.000332117080688477" />
    <testcase name="Equals (253)" classname="spec_perl_TestExprArray_t" time="0.000138998031616211" />
    <testcase name="Equals (254)" classname="spec_perl_TestExprArray_t" time="0.000140905380249023" />
    <testcase name="Equals (255)" classname="spec_perl_TestExprArray_t" time="0.000201940536499023" />
    <testcase name="Equals (256)" classname="spec_perl_TestExprArray_t" time="0.000121116638183594" />
    <testcase name="Equals (257)" classname="spec_perl_TestExprArray_t" time="0.00014495849609375" />
    <testcase name="Equals (258)" classname="spec_perl_TestExprArray_t" time="0.000155925750732422" />
    <testcase name="Equals (259)" classname="spec_perl_TestExprArray_t" time="0.000145196914672852" />
    <testcase name="Equals (260)" classname="spec_perl_TestExprArray_t" time="0.000197887420654297">
      <failure message="not ok 9 - Equals" type="TAP::Parser::Result::Test"></failure>
    </testcase>
    <testcase name="Equals (261)" classname="spec_perl_TestExprArray_t" time="0.0021820068359375" />
    <testcase name="Equals (262)" classname="spec_perl_TestExprArray_t" time="5.38825988769531e-05" />
    <testcase name="Equals (263)" classname="spec_perl_TestExprArray_t" time="5.10215759277344e-05" />
    <testcase name="Equals (264)" classname="spec_perl_TestExprArray_t" time="4.00543212890625e-05" />
    <testcase name="Equals (265)" classname="spec_perl_TestExprArray_t" time="3.814697265625e-05" />
    <testcase name="Equals (266)" classname="spec_perl_TestExprArray_t" time="3.69548797607422e-05" />
  </testsuite>
  <testsuite name="spec_perl_TestFloatingPoints_t" errors="0" failures="0" skipped="0" tests="8" time="0.0541009902954102">
    <system-out>1..8
ok 1 - Approx equals
ok 2 - Approx equals
ok 3 - Approx equals
ok 4 - Approx equals
ok 5 - Approx equals
ok 6 - Approx equals
ok 7 - Approx equals
ok 8 - Approx equals
</system-out>
    <testcase name="Approx equals (266)" classname="spec_perl_TestFloatingPoints_t" time="0.000166177749633789" />
    <testcase name="Approx equals (267)" classname="spec_perl_TestFloatingPoints_t" time="6.98566436767578e-05" />
    <testcase name="Approx equals (268)" classname="spec_perl_TestFloatingPoints_t" time="4.60147857666016e-05" />
    <testcase name="Approx equals (269)" classname="spec_perl_TestFloatingPoints_t" time="5.91278076171875e-05" />
    <testcase name="Approx equals (270)" classname="spec_perl_TestFloatingPoints_t" time="4.38690185546875e-05" />
    <testcase name="Approx equals (271)" classname="spec_perl_TestFloatingPoints_t" time="5.50746917724609e-05" />
    <testcase name="Approx equals (272)" classname="spec_perl_TestFloatingPoints_t" time="4.1961669921875e-05" />
    <testcase name="Approx equals (273)" classname="spec_perl_TestFloatingPoints_t" time="5.29289245605469e-05" />
  </testsuite>
  <testsuite name="spec_perl_TestExprIoPos_t" errors="0" failures="0" skipped="0" tests="6" time="0.0456790924072266">
    <system-out>1..6
ok 1 - Equals
ok 2 - Equals
ok 3 - Equals
ok 4 - Equals
ok 5 - Equals
ok 6 - Equals
</system-out>
    <testcase name="Equals (273)" classname="spec_perl_TestExprIoPos_t" time="0.000524997711181641" />
    <testcase name="Equals (274)" classname="spec_perl_TestExprIoPos_t" time="0.000113010406494141" />
    <testcase name="Equals (275)" classname="spec_perl_TestExprIoPos_t" time="0.000138044357299805" />
    <testcase name="Equals (276)" classname="spec_perl_TestExprIoPos_t" time="0.000133991241455078" />
    <testcase name="Equals (277)" classname="spec_perl_TestExprIoPos_t" time="0.000165939331054688" />
    <testcase name="Equals (278)" classname="spec_perl_TestExprIoPos_t" time="9.51290130615234e-05" />
  </testsuite>
  <testsuite name="spec_perl_TestOptionalId_t" errors="0" failures="0" skipped="0" tests="3" time="0.041417121887207">
    <system-out>1..3
ok 1 - Equals
ok 2 - Equals
ok 3 - Equals
</system-out>
    <testcase name="Equals (279)" classname="spec_perl_TestOptionalId_t" time="0.000242948532104492" />
    <testcase name="Equals (280)" classname="spec_perl_TestOptionalId_t" time="0.000117063522338867" />
    <testcase name="Equals (281)" classname="spec_perl_TestOptionalId_t" time="0.000147104263305664" />
  </testsuite>
  <testsuite name="spec_perl_TestBufferedStruct_t" errors="0" failures="0" skipped="0" tests="7" time="0.0440559387207031">
    <system-out>1..7
ok 1 - Equals
ok 2 - Equals
ok 3 - Equals
ok 4 - Equals
ok 5 - Equals
ok 6 - Equals
ok 7 - Equals
</system-out>
    <testcase name="Equals (282)" classname="spec_perl_TestBufferedStruct_t" time="0.0004730224609375" />
    <testcase name="Equals (283)" classname="spec_perl_TestBufferedStruct_t" time="7.48634338378906e-05" />
    <testcase name="Equals (284)" classname="spec_perl_TestBufferedStruct_t" time="0.000147104263305664" />
    <testcase name="Equals (285)" classname="spec_perl_TestBufferedStruct_t" time="0.000130891799926758" />
    <testcase name="Equals (286)" classname="spec_perl_TestBufferedStruct_t" time="0.000132083892822266" />
    <testcase name="Equals (287)" classname="spec_perl_TestBufferedStruct_t" time="0.00014185905456543" />
    <testcase name="Equals (288)" classname="spec_perl_TestBufferedStruct_t" time="0.000116109848022461" />
  </testsuite>
  <testsuite name="spec_perl_TestSwitchManualIntElse_t" errors="0" failures="0" skipped="0" tests="9" time="0.044191837310791">
    <system-out>1..9
ok 1 - Equals
ok 2 - Equals
ok 3 - Equals
ok 4 - Equals
ok 5 - Equals
ok 6 - Equals
ok 7 - Equals
ok 8 - Equals
ok 9 - Equals
</system-out>
    <testcase name="Equals (289)" classname="spec_perl_TestSwitchManualIntElse_t" time="0.000306844711303711" />
    <testcase name="Equals (290)" classname="spec_perl_TestSwitchManualIntElse_t" time="7.41481781005859e-05" />
    <testcase name="Equals (291)" classname="spec_perl_TestSwitchManualIntElse_t" time="0.000146865844726562" />
    <testcase name="Equals (292)" classname="spec_perl_TestSwitchManualIntElse_t" time="0.000124931335449219" />
    <testcase name="Equals (293)" classname="spec_perl_TestSwitchManualIntElse_t" time="0.000131130218505859" />
    <testcase name="Equals (294)" classname="spec_perl_TestSwitchManualIntElse_t" time="0.000129938125610352" />
    <testcase name="Equals (295)" classname="spec_perl_TestSwitchManualIntElse_t" time="0.000118017196655273" />
    <testcase name="Equals (296)" classname="spec_perl_TestSwitchManualIntElse_t" time="0.000121116638183594" />
    <testcase name="Equals (297)" classname="spec_perl_TestSwitchManualIntElse_t" time="0.000155925750732422" />
  </testsuite>
  <testsuite name="spec_perl_TestStrEncodings_t" errors="0" failures="0" skipped="0" tests="4" time="0.0614430904388428">
    <system-out>1..4
ok 1 - Equals
ok 2 - Equals
ok 3 - Equals
ok 4 - Equals
</system-out>
    <testcase name="Equals (298)" classname="spec_perl_TestStrEncodings_t" time="0.018557071685791" />
    <testcase name="Equals (299)" classname="spec_perl_TestStrEncodings_t" time="0.000118017196655273" />
    <testcase name="Equals (300)" classname="spec_perl_TestStrEncodings_t" time="0.000192880630493164" />
    <testcase name="Equals (301)" classname="spec_perl_TestStrEncodings_t" time="0.000135183334350586" />
  </testsuite>
  <testsuite name="spec_perl_TestValidSwitch_t" errors="1" failures="0" skipped="0" tests="0" time="0.0464029312133789">
    <system-out></system-out>
    <testcase name="Test died too soon, even before plan. (301)" classname="spec_perl_TestValidSwitch_t" time="0.0464029312133789">
      <failure message="The test suite died before a plan was produced. You need to have a plan." type="Plan">No plan</failure>
    </testcase>
  </testsuite>
  <testsuite name="spec_perl_TestExprSizeofType0_t" errors="0" failures="0" skipped="0" tests="1" time="0.0420839786529541">
    <system-out>1..1
ok 1 - Equals
</system-out>
    <testcase name="Equals (302)" classname="spec_perl_TestExprSizeofType0_t" time="0.000248908996582031" />
  </testsuite>
  <testsuite name="spec_perl_TestStrPadTermEmpty_t" errors="0" failures="0" skipped="0" tests="4" time="0.0450789928436279">
    <system-out>1..4
ok 1 - Equals
ok 2 - Equals
ok 3 - Equals
ok 4 - Equals
</system-out>
    <testcase name="Equals (303)" classname="spec_perl_TestStrPadTermEmpty_t" time="0.000307083129882812" />
    <testcase name="Equals (304)" classname="spec_perl_TestStrPadTermEmpty_t" time="0.000124931335449219" />
    <testcase name="Equals (305)" classname="spec_perl_TestStrPadTermEmpty_t" time="0.000145196914672852" />
    <testcase name="Equals (306)" classname="spec_perl_TestStrPadTermEmpty_t" time="0.000230789184570312" />
  </testsuite>
  <testsuite name="spec_perl_TestExpr2_t" errors="0" failures="0" skipped="0" tests="17" time="0.047417163848877">
    <system-out>1..17
ok 1 - Equals
ok 2 - Equals
ok 3 - Equals
ok 4 - Equals
ok 5 - Equals
ok 6 - Equals
ok 7 - Equals
ok 8 - Equals
ok 9 - Equals
ok 10 - Equals
ok 11 - Equals
ok 12 - Equals
ok 13 - Equals
ok 14 - Equals
ok 15 - Equals
ok 16 - Equals
ok 17 - Equals
</system-out>
    <testcase name="Equals (307)" classname="spec_perl_TestExpr2_t" time="0.000568151473999023" />
    <testcase name="Equals (308)" classname="spec_perl_TestExpr2_t" time="0.000144004821777344" />
    <testcase name="Equals (309)" classname="spec_perl_TestExpr2_t" time="0.000139951705932617" />
    <testcase name="Equals (310)" classname="spec_perl_TestExpr2_t" time="0.000159978866577148" />
    <testcase name="Equals (311)" classname="spec_perl_TestExpr2_t" time="0.000121116638183594" />
    <testcase name="Equals (312)" classname="spec_perl_TestExpr2_t" time="0.000146865844726562" />
    <testcase name="Equals (313)" classname="spec_perl_TestExpr2_t" time="0.000128984451293945" />
    <testcase name="Equals (314)" classname="spec_perl_TestExpr2_t" time="0.000178098678588867" />
    <testcase name="Equals (315)" classname="spec_perl_TestExpr2_t" time="0.000159025192260742" />
    <testcase name="Equals (316)" classname="spec_perl_TestExpr2_t" time="0.000128030776977539" />
    <testcase name="Equals (317)" classname="spec_perl_TestExpr2_t" time="0.000162839889526367" />
    <testcase name="Equals (318)" classname="spec_perl_TestExpr2_t" time="0.000147104263305664" />
    <testcase name="Equals (319)" classname="spec_perl_TestExpr2_t" time="0.000164031982421875" />
    <testcase name="Equals (320)" classname="spec_perl_TestExpr2_t" time="0.000152826309204102" />
    <testcase name="Equals (321)" classname="spec_perl_TestExpr2_t" time="0.000117063522338867" />
    <testcase name="Equals (322)" classname="spec_perl_TestExpr2_t" time="0.000143051147460938" />
    <testcase name="Equals (323)" classname="spec_perl_TestExpr2_t" time="0.000149965286254883" />
  </testsuite>
  <testsuite name="spec_perl_TestRecursiveOne_t" errors="0" failures="0" skipped="0" tests="4" time="0.0425329208374023">
    <system-out>1..4
ok 1 - Equals
ok 2 - Equals
ok 3 - Equals
ok 4 - Equals
</system-out>
    <testcase name="Equals (324)" classname="spec_perl_TestRecursiveOne_t" time="0.000246047973632812" />
    <testcase name="Equals (325)" classname="spec_perl_TestRecursiveOne_t" time="0.000117063522338867" />
    <testcase name="Equals (326)" classname="spec_perl_TestRecursiveOne_t" time="0.000164985656738281" />
    <testcase name="Equals (327)" classname="spec_perl_TestRecursiveOne_t" time="0.000121831893920898" />
  </testsuite>
  <testsuite name="spec_perl_TestNestedTypes2_t" errors="0" failures="0" skipped="0" tests="7" time="0.0428028106689453">
    <system-out>1..7
ok 1 - Equals
ok 2 - Equals
ok 3 - Equals
ok 4 - Equals
ok 5 - Equals
ok 6 - Equals
ok 7 - Equals
</system-out>
    <testcase name="Equals (328)" classname="spec_perl_TestNestedTypes2_t" time="0.000267982482910156" />
    <testcase name="Equals (329)" classname="spec_perl_TestNestedTypes2_t" time="0.000130891799926758" />
    <testcase name="Equals (330)" classname="spec_perl_TestNestedTypes2_t" time="0.000137090682983398" />
    <testcase name="Equals (331)" classname="spec_perl_TestNestedTypes2_t" time="0.000152111053466797" />
    <testcase name="Equals (332)" classname="spec_perl_TestNestedTypes2_t" time="0.000108003616333008" />
    <testcase name="Equals (333)" classname="spec_perl_TestNestedTypes2_t" time="0.000152826309204102" />
    <testcase name="Equals (334)" classname="spec_perl_TestNestedTypes2_t" time="0.000110149383544922" />
  </testsuite>
  <testsuite name="spec_perl_TestEnumImport_t" errors="0" failures="2" skipped="0" tests="2" time="0.0469868183135986">
    <system-out>1..2
not ok 1 - Equals
not ok 2 - Equals
</system-out>
    <testcase name="Equals (335)" classname="spec_perl_TestEnumImport_t" time="0.000112771987915039">
      <failure message="not ok 1 - Equals" type="TAP::Parser::Result::Test"></failure>
    </testcase>
    <testcase name="Equals (336)" classname="spec_perl_TestEnumImport_t" time="3.31401824951172e-05">
      <failure message="not ok 2 - Equals" type="TAP::Parser::Result::Test"></failure>
    </testcase>
  </testsuite>
  <testsuite name="spec_perl_TestTypeTernaryOpaque_t" errors="0" failures="0" skipped="0" tests="3" time="0.045335054397583">
    <system-out>1..3
ok 1 - Equals
ok 2 - Equals
ok 3 - Equals
</system-out>
    <testcase name="Equals (337)" classname="spec_perl_TestTypeTernaryOpaque_t" time="0.000505208969116211" />
    <testcase name="Equals (338)" classname="spec_perl_TestTypeTernaryOpaque_t" time="0.000129938125610352" />
    <testcase name="Equals (339)" classname="spec_perl_TestTypeTernaryOpaque_t" time="0.000130891799926758" />
  </testsuite>
  <testsuite name="spec_perl_TestYamlInts_t" errors="0" failures="0" skipped="0" tests="4" time="0.0462970733642578">
    <system-out>1..4
ok 1 - Equals
ok 2 - Equals
ok 3 - Equals
ok 4 - Equals
</system-out>
    <testcase name="Equals (340)" classname="spec_perl_TestYamlInts_t" time="0.000436067581176758" />
    <testcase name="Equals (341)" classname="spec_perl_TestYamlInts_t" time="8.79764556884766e-05" />
    <testcase name="Equals (342)" classname="spec_perl_TestYamlInts_t" time="0.000153064727783203" />
    <testcase name="Equals (343)" classname="spec_perl_TestYamlInts_t" time="0.000152826309204102" />
  </testsuite>
  <testsuite name="spec_perl_TestPositionToEnd_t" errors="0" failures="0" skipped="0" tests="2" time="0.0409250259399414">
    <system-out>1..2
ok 1 - Equals
ok 2 - Equals
</system-out>
    <testcase name="Equals (344)" classname="spec_perl_TestPositionToEnd_t" time="0.000375986099243164" />
    <testcase name="Equals (345)" classname="spec_perl_TestPositionToEnd_t" time="0.00011897087097168" />
  </testsuite>
  <testsuite name="spec_perl_TestEnum0_t" errors="0" failures="0" skipped="0" tests="2" time="0.041740894317627">
    <system-out>1..2
ok 1 - Equals
ok 2 - Equals
</system-out>
    <testcase name="Equals (346)" classname="spec_perl_TestEnum0_t" time="0.000272989273071289" />
    <testcase name="Equals (347)" classname="spec_perl_TestEnum0_t" time="0.00011897087097168" />
  </testsuite>
  <testsuite name="spec_perl_TestIntegers_t" errors="1" failures="0" skipped="0" tests="0" time="0.0393860340118408">
    <system-out></system-out>
    <testcase name="Test died too soon, even before plan. (347)" classname="spec_perl_TestIntegers_t" time="0.0393860340118408">
      <failure message="The test suite died before a plan was produced. You need to have a plan." type="Plan">No plan</failure>
    </testcase>
  </testsuite>
  <testsuite name="spec_perl_TestRepeatNStrzDouble_t" errors="0" failures="0" skipped="0" tests="3" time="0.0434269905090332">
    <system-out>1..3
ok 1 - Equals
ok 2 - Equals
ok 3 - Equals
</system-out>
    <testcase name="Equals (348)" classname="spec_perl_TestRepeatNStrzDouble_t" time="0.000316858291625977" />
    <testcase name="Equals (349)" classname="spec_perl_TestRepeatNStrzDouble_t" time="9.70363616943359e-05" />
    <testcase name="Equals (350)" classname="spec_perl_TestRepeatNStrzDouble_t" time="0.000126123428344727" />
  </testsuite>
  <testsuite name="spec_perl_TestNavParentOverride_t" errors="0" failures="0" skipped="0" tests="3" time="0.0416159629821777">
    <system-out>1..3
ok 1 - Equals
ok 2 - Equals
ok 3 - Equals
</system-out>
    <testcase name="Equals (351)" classname="spec_perl_TestNavParentOverride_t" time="0.000257015228271484" />
    <testcase name="Equals (352)" classname="spec_perl_TestNavParentOverride_t" time="0.000113010406494141" />
    <testcase name="Equals (353)" classname="spec_perl_TestNavParentOverride_t" time="0.000148773193359375" />
  </testsuite>
  <testsuite name="spec_perl_TestNestedTypes_t" errors="0" failures="0" skipped="0" tests="3" time="0.0411620140075684">
    <system-out>1..3
ok 1 - Equals
ok 2 - Equals
ok 3 - Equals
</system-out>
    <testcase name="Equals (354)" classname="spec_perl_TestNestedTypes_t" time="0.000243902206420898" />
    <testcase name="Equals (355)" classname="spec_perl_TestNestedTypes_t" time="0.000108957290649414" />
    <testcase name="Equals (356)" classname="spec_perl_TestNestedTypes_t" time="0.000136137008666992" />
  </testsuite>
  <testsuite name="spec_perl_TestMultipleUse_t" errors="0" failures="0" skipped="0" tests="2" time="0.0422818660736084">
    <system-out>1..2
ok 1 - Equals
ok 2 - Equals
</system-out>
    <testcase name="Equals (357)" classname="spec_perl_TestMultipleUse_t" time="0.000253915786743164" />
    <testcase name="Equals (358)" classname="spec_perl_TestMultipleUse_t" time="0.000164031982421875" />
  </testsuite>
  <testsuite name="spec_perl_TestBytesPadTerm_t" errors="0" failures="0" skipped="0" tests="4" time="0.0435428619384766">
    <system-out>1..4
ok 1 - Equals
ok 2 - Equals
ok 3 - Equals
ok 4 - Equals
</system-out>
    <testcase name="Equals (359)" classname="spec_perl_TestBytesPadTerm_t" time="0.000373125076293945" />
    <testcase name="Equals (360)" classname="spec_perl_TestBytesPadTerm_t" time="8.10623168945312e-05" />
    <testcase name="Equals (361)" classname="spec_perl_TestBytesPadTerm_t" time="0.000123977661132812" />
    <testcase name="Equals (362)" classname="spec_perl_TestBytesPadTerm_t" time="0.000131845474243164" />
  </testsuite>
  <testsuite name="spec_perl_TestRepeatUntilS4_t" errors="0" failures="0" skipped="0" tests="2" time="0.0455241203308105">
    <system-out>1..2
ok 1 - Equals
ok 2 - Equals
</system-out>
    <testcase name="Equals (363)" classname="spec_perl_TestRepeatUntilS4_t" time="0.000251054763793945" />
    <testcase name="Equals (364)" classname="spec_perl_TestRepeatUntilS4_t" time="0.000103950500488281" />
  </testsuite>
  <testsuite name="spec_perl_TestParamsPassUsertype_t" errors="0" failures="1" skipped="1" tests="2" time="0.05094313621521">
    <system-out>1..2
not ok 1 - test_params_pass_usertype died (Can't call method &quot;foo&quot; on an undefined value at compiled/perl/ParamsPassUsertype.pm line 119.)
ok 2 # skip test_params_pass_usertype died
</system-out>
    <testcase name="test_params_pass_usertype died (Can't call method &quot;foo&quot; on an undefined value at compiled/perl/ParamsPassUsertype.pm line 119.) (364)" classname="spec_perl_TestParamsPassUsertype_t" time="0.000298976898193359">
      <failure message="not ok 1 - test_params_pass_usertype died (Can't call method &quot;foo&quot; on an undefined value at compiled/perl/ParamsPassUsertype.pm line 119.)" type="TAP::Parser::Result::Test"></failure>
    </testcase>
    <testcase name="Unnamed test case 364" classname="spec_perl_TestParamsPassUsertype_t" time="0.000458002090454102">
      <skipped message="ok 2 # skip test_params_pass_usertype died" />
    </testcase>
  </testsuite>
  <testsuite name="spec_perl_TestProcessRepeatUsertype_t" errors="0" failures="0" skipped="0" tests="4" time="0.043259859085083">
    <system-out>1..4
ok 1 - Equals
ok 2 - Equals
ok 3 - Equals
ok 4 - Equals
</system-out>
    <testcase name="Equals (365)" classname="spec_perl_TestProcessRepeatUsertype_t" time="0.000473976135253906" />
    <testcase name="Equals (366)" classname="spec_perl_TestProcessRepeatUsertype_t" time="0.00010991096496582" />
    <testcase name="Equals (367)" classname="spec_perl_TestProcessRepeatUsertype_t" time="0.000144004821777344" />
    <testcase name="Equals (368)" classname="spec_perl_TestProcessRepeatUsertype_t" time="0.000141143798828125" />
  </testsuite>
  <testsuite name="spec_perl_TestSwitchIntegers_t" errors="0" failures="0" skipped="0" tests="9" time="0.0416829586029053">
    <system-out>1..9
ok 1 - Equals
ok 2 - Equals
ok 3 - Equals
ok 4 - Equals
ok 5 - Equals
ok 6 - Equals
ok 7 - Equals
ok 8 - Equals
ok 9 - Equals
</system-out>
    <testcase name="Equals (369)" classname="spec_perl_TestSwitchIntegers_t" time="0.000267982482910156" />
    <testcase name="Equals (370)" classname="spec_perl_TestSwitchIntegers_t" time="9.79900360107422e-05" />
    <testcase name="Equals (371)" classname="spec_perl_TestSwitchIntegers_t" time="0.000143051147460938" />
    <testcase name="Equals (372)" classname="spec_perl_TestSwitchIntegers_t" time="0.000124931335449219" />
    <testcase name="Equals (373)" classname="spec_perl_TestSwitchIntegers_t" time="0.00011897087097168" />
    <testcase name="Equals (374)" classname="spec_perl_TestSwitchIntegers_t" time="0.000138044357299805" />
    <testcase name="Equals (375)" classname="spec_perl_TestSwitchIntegers_t" time="0.000114917755126953" />
    <testcase name="Equals (376)" classname="spec_perl_TestSwitchIntegers_t" time="0.0001220703125" />
    <testcase name="Equals (377)" classname="spec_perl_TestSwitchIntegers_t" time="0.000153064727783203" />
  </testsuite>
  <testsuite name="spec_perl_TestEnumLongRangeU_t" errors="0" failures="0" skipped="0" tests="4" time="0.0420341491699219">
    <system-out>1..4
ok 1 - Equals
ok 2 - Equals
ok 3 - Equals
ok 4 - Equals
</system-out>
    <testcase name="Equals (378)" classname="spec_perl_TestEnumLongRangeU_t" time="0.000235080718994141" />
    <testcase name="Equals (379)" classname="spec_perl_TestEnumLongRangeU_t" time="0.000119924545288086" />
    <testcase name="Equals (380)" classname="spec_perl_TestEnumLongRangeU_t" time="0.000149011611938477" />
    <testcase name="Equals (381)" classname="spec_perl_TestEnumLongRangeU_t" time="0.000136137008666992" />
  </testsuite>
  <testsuite name="spec_perl_TestOpaqueExternalType02Parent_t" errors="0" failures="0" skipped="0" tests="3" time="0.0436780452728271">
    <system-out>1..3
ok 1 - Equals
ok 2 - Equals
ok 3 - Equals
</system-out>
    <testcase name="Equals (382)" classname="spec_perl_TestOpaqueExternalType02Parent_t" time="0.000319004058837891" />
    <testcase name="Equals (383)" classname="spec_perl_TestOpaqueExternalType02Parent_t" time="0.000132083892822266" />
    <testcase name="Equals (384)" classname="spec_perl_TestOpaqueExternalType02Parent_t" time="0.000128030776977539" />
  </testsuite>
  <testsuite name="spec_perl_TestSwitchManualStrElse_t" errors="0" failures="0" skipped="0" tests="9" time="0.0447318553924561">
    <system-out>1..9
ok 1 - Equals
ok 2 - Equals
ok 3 - Equals
ok 4 - Equals
ok 5 - Equals
ok 6 - Equals
ok 7 - Equals
ok 8 - Equals
ok 9 - Equals
</system-out>
    <testcase name="Equals (385)" classname="spec_perl_TestSwitchManualStrElse_t" time="0.000300884246826172" />
    <testcase name="Equals (386)" classname="spec_perl_TestSwitchManualStrElse_t" time="0.000106096267700195" />
    <testcase name="Equals (387)" classname="spec_perl_TestSwitchManualStrElse_t" time="0.00014805793762207" />
    <testcase name="Equals (388)" classname="spec_perl_TestSwitchManualStrElse_t" time="0.000113010406494141" />
    <testcase name="Equals (389)" classname="spec_perl_TestSwitchManualStrElse_t" time="0.000155925750732422" />
    <testcase name="Equals (390)" classname="spec_perl_TestSwitchManualStrElse_t" time="0.000100851058959961" />
    <testcase name="Equals (391)" classname="spec_perl_TestSwitchManualStrElse_t" time="0.000141143798828125" />
    <testcase name="Equals (392)" classname="spec_perl_TestSwitchManualStrElse_t" time="0.000118017196655273" />
    <testcase name="Equals (393)" classname="spec_perl_TestSwitchManualStrElse_t" time="0.000153064727783203" />
  </testsuite>
  <testsuite name="spec_perl_TestStrEos_t" errors="0" failures="0" skipped="0" tests="1" time="0.0452439785003662">
    <system-out>1..1
ok 1 - Equals
</system-out>
    <testcase name="Equals (394)" classname="spec_perl_TestStrEos_t" time="0.000258207321166992" />
  </testsuite>
  <testsuite name="spec_perl_TestDefaultEndianExprException_t" errors="0" failures="0" skipped="0" tests="1" time="0.0416240692138672">
    <system-out>1..1
ok 1 - Died
</system-out>
    <testcase name="Died (394)" classname="spec_perl_TestDefaultEndianExprException_t" time="0.000211954116821289" />
  </testsuite>
  <testsuite name="spec_perl_TestTermStrz_t" errors="0" failures="0" skipped="0" tests="3" time="0.045586109161377">
    <system-out>1..3
ok 1 - Equals
ok 2 - Equals
ok 3 - Equals
</system-out>
    <testcase name="Equals (395)" classname="spec_perl_TestTermStrz_t" time="0.000317096710205078" />
    <testcase name="Equals (396)" classname="spec_perl_TestTermStrz_t" time="0.000123977661132812" />
    <testcase name="Equals (397)" classname="spec_perl_TestTermStrz_t" time="0.000139951705932617" />
  </testsuite>
  <testsuite name="spec_perl_TestTypeTernary_t" errors="0" failures="0" skipped="0" tests="1" time="0.0422451496124268">
    <system-out>1..1
ok 1 - Equals
</system-out>
    <testcase name="Equals (398)" classname="spec_perl_TestTypeTernary_t" time="0.000478029251098633" />
  </testsuite>
  <testsuite name="spec_perl_TestExprEnum_t" errors="0" failures="0" skipped="0" tests="3" time="0.0485579967498779">
    <system-out>1..3
ok 1 - Equals
ok 2 - Equals
ok 3 - Equals
</system-out>
    <testcase name="Equals (399)" classname="spec_perl_TestExprEnum_t" time="0.000221967697143555" />
    <testcase name="Equals (400)" classname="spec_perl_TestExprEnum_t" time="0.00011897087097168" />
    <testcase name="Equals (401)" classname="spec_perl_TestExprEnum_t" time="0.000151157379150391" />
  </testsuite>
  <testsuite name="spec_perl_TestFixedContents_t" errors="1" failures="0" skipped="0" tests="0" time="0.0504369735717773">
    <system-out></system-out>
    <testcase name="Test died too soon, even before plan. (401)" classname="spec_perl_TestFixedContents_t" time="0.0504369735717773">
      <failure message="The test suite died before a plan was produced. You need to have a plan." type="Plan">No plan</failure>
    </testcase>
  </testsuite>
  <testsuite name="spec_perl_TestExprMod_t" errors="0" failures="0" skipped="0" tests="6" time="0.0422489643096924">
    <system-out>1..6
ok 1 - Equals
ok 2 - Equals
ok 3 - Equals
ok 4 - Equals
ok 5 - Equals
ok 6 - Equals
</system-out>
    <testcase name="Equals (402)" classname="spec_perl_TestExprMod_t" time="0.000223875045776367" />
    <testcase name="Equals (403)" classname="spec_perl_TestExprMod_t" time="0.000142097473144531" />
    <testcase name="Equals (404)" classname="spec_perl_TestExprMod_t" time="0.000147819519042969" />
    <testcase name="Equals (405)" classname="spec_perl_TestExprMod_t" time="0.000141143798828125" />
    <testcase name="Equals (406)" classname="spec_perl_TestExprMod_t" time="0.000146865844726562" />
    <testcase name="Equals (407)" classname="spec_perl_TestExprMod_t" time="0.000123023986816406" />
  </testsuite>
  <testsuite name="spec_perl_TestRepeatUntilSized_t" errors="0" failures="0" skipped="0" tests="7" time="0.0412659645080566">
    <system-out>1..7
ok 1 - Equals
ok 2 - Equals
ok 3 - Equals
ok 4 - Equals
ok 5 - Equals
ok 6 - Equals
ok 7 - Equals
</system-out>
    <testcase name="Equals (408)" classname="spec_perl_TestRepeatUntilSized_t" time="0.00045013427734375" />
    <testcase name="Equals (409)" classname="spec_perl_TestRepeatUntilSized_t" time="0.000117778778076172" />
    <testcase name="Equals (410)" classname="spec_perl_TestRepeatUntilSized_t" time="0.000152111053466797" />
    <testcase name="Equals (411)" classname="spec_perl_TestRepeatUntilSized_t" time="0.000129938125610352" />
    <testcase name="Equals (412)" classname="spec_perl_TestRepeatUntilSized_t" time="0.000133037567138672" />
    <testcase name="Equals (413)" classname="spec_perl_TestRepeatUntilSized_t" time="0.000123023986816406" />
    <testcase name="Equals (414)" classname="spec_perl_TestRepeatUntilSized_t" time="0.000128030776977539" />
  </testsuite>
  <testsuite name="spec_perl_TestDefaultEndianExprIsLe_t" errors="0" failures="0" skipped="0" tests="12" time="0.0440888404846191">
    <system-out>1..12
ok 1 - Equals
ok 2 - Equals
ok 3 - Equals
ok 4 - Equals
ok 5 - Equals
ok 6 - Equals
ok 7 - Equals
ok 8 - Equals
ok 9 - Equals
ok 10 - Equals
ok 11 - Equals
ok 12 - Equals
</system-out>
    <testcase name="Equals (415)" classname="spec_perl_TestDefaultEndianExprIsLe_t" time="0.000258922576904297" />
    <testcase name="Equals (416)" classname="spec_perl_TestDefaultEndianExprIsLe_t" time="0.000123977661132812" />
    <testcase name="Equals (417)" classname="spec_perl_TestDefaultEndianExprIsLe_t" time="0.000147104263305664" />
    <testcase name="Equals (418)" classname="spec_perl_TestDefaultEndianExprIsLe_t" time="0.000139951705932617" />
    <testcase name="Equals (419)" classname="spec_perl_TestDefaultEndianExprIsLe_t" time="0.000120878219604492" />
    <testcase name="Equals (420)" classname="spec_perl_TestDefaultEndianExprIsLe_t" time="0.000146150588989258" />
    <testcase name="Equals (421)" classname="spec_perl_TestDefaultEndianExprIsLe_t" time="0.000121831893920898" />
    <testcase name="Equals (422)" classname="spec_perl_TestDefaultEndianExprIsLe_t" time="0.000146150588989258" />
    <testcase name="Equals (423)" classname="spec_perl_TestDefaultEndianExprIsLe_t" time="0.000115871429443359" />
    <testcase name="Equals (424)" classname="spec_perl_TestDefaultEndianExprIsLe_t" time="0.000159025192260742" />
    <testcase name="Equals (425)" classname="spec_perl_TestDefaultEndianExprIsLe_t" time="0.000121116638183594" />
    <testcase name="Equals (426)" classname="spec_perl_TestDefaultEndianExprIsLe_t" time="0.000143051147460938" />
  </testsuite>
  <testsuite name="spec_perl_TestExprSizeofValue0_t" errors="0" failures="0" skipped="0" tests="5" time="0.0423331260681152">
    <system-out>1..5
ok 1 - Equals
ok 2 - Equals
ok 3 - Equals
ok 4 - Equals
ok 5 - Equals
</system-out>
    <testcase name="Equals (427)" classname="spec_perl_TestExprSizeofValue0_t" time="0.000257968902587891" />
    <testcase name="Equals (428)" classname="spec_perl_TestExprSizeofValue0_t" time="0.0001220703125" />
    <testcase name="Equals (429)" classname="spec_perl_TestExprSizeofValue0_t" time="0.000135898590087891" />
    <testcase name="Equals (430)" classname="spec_perl_TestExprSizeofValue0_t" time="0.000144004821777344" />
    <testcase name="Equals (431)" classname="spec_perl_TestExprSizeofValue0_t" time="0.000123977661132812" />
  </testsuite>
  <testsuite name="spec_perl_TestTermBytes_t" errors="0" failures="0" skipped="0" tests="3" time="0.0410351753234863">
    <system-out>1..3
ok 1 - Equals
ok 2 - Equals
ok 3 - Equals
</system-out>
    <testcase name="Equals (432)" classname="spec_perl_TestTermBytes_t" time="0.000258922576904297" />
    <testcase name="Equals (433)" classname="spec_perl_TestTermBytes_t" time="0.00012516975402832" />
    <testcase name="Equals (434)" classname="spec_perl_TestTermBytes_t" time="0.000133991241455078" />
  </testsuite>
  <testsuite name="spec_perl_TestDebugSwitchUser_t" errors="1" failures="0" skipped="0" tests="0" time="0.0550761222839355">
    <system-out></system-out>
    <testcase name="Test died too soon, even before plan. (434)" classname="spec_perl_TestDebugSwitchUser_t" time="0.0550761222839355">
      <failure message="The test suite died before a plan was produced. You need to have a plan." type="Plan">No plan</failure>
    </testcase>
  </testsuite>
  <testsuite name="spec_perl_TestEosExceptionBytes_t" errors="0" failures="0" skipped="0" tests="1" time="0.0435390472412109">
    <system-out>1..1
ok 1 - Died
</system-out>
    <testcase name="Died (434)" classname="spec_perl_TestEosExceptionBytes_t" time="0.000401973724365234" />
  </testsuite>
  <testsuite name="spec_perl_TestProcessCoerceUsertype1_t" errors="0" failures="0" skipped="0" tests="4" time="0.0407159328460693">
    <system-out>1..4
ok 1 - Equals
ok 2 - Equals
ok 3 - Equals
ok 4 - Equals
</system-out>
    <testcase name="Equals (435)" classname="spec_perl_TestProcessCoerceUsertype1_t" time="0.00045013427734375" />
    <testcase name="Equals (436)" classname="spec_perl_TestProcessCoerceUsertype1_t" time="0.000108003616333008" />
    <testcase name="Equals (437)" classname="spec_perl_TestProcessCoerceUsertype1_t" time="0.000149011611938477" />
    <testcase name="Equals (438)" classname="spec_perl_TestProcessCoerceUsertype1_t" time="0.000116825103759766" />
  </testsuite>
  <testsuite name="spec_perl_TestDefaultEndianExprIsBe_t" errors="0" failures="0" skipped="0" tests="18" time="0.0453448295593262">
    <system-out>1..18
ok 1 - Equals
ok 2 - Equals
ok 3 - Equals
ok 4 - Equals
ok 5 - Equals
ok 6 - Equals
ok 7 - Equals
ok 8 - Equals
ok 9 - Equals
ok 10 - Equals
ok 11 - Equals
ok 12 - Equals
ok 13 - Equals
ok 14 - Equals
ok 15 - Equals
ok 16 - Equals
ok 17 - Equals
ok 18 - Equals
</system-out>
    <testcase name="Equals (439)" classname="spec_perl_TestDefaultEndianExprIsBe_t" time="0.000280141830444336" />
    <testcase name="Equals (440)" classname="spec_perl_TestDefaultEndianExprIsBe_t" time="0.000116825103759766" />
    <testcase name="Equals (441)" classname="spec_perl_TestDefaultEndianExprIsBe_t" time="0.000136137008666992" />
    <testcase name="Equals (442)" classname="spec_perl_TestDefaultEndianExprIsBe_t" time="0.000146865844726562" />
    <testcase name="Equals (443)" classname="spec_perl_TestDefaultEndianExprIsBe_t" time="0.000151157379150391" />
    <testcase name="Equals (444)" classname="spec_perl_TestDefaultEndianExprIsBe_t" time="0.00017094612121582" />
    <testcase name="Equals (445)" classname="spec_perl_TestDefaultEndianExprIsBe_t" time="0.000124931335449219" />
    <testcase name="Equals (446)" classname="spec_perl_TestDefaultEndianExprIsBe_t" time="0.000123023986816406" />
    <testcase name="Equals (447)" classname="spec_perl_TestDefaultEndianExprIsBe_t" time="0.000140905380249023" />
    <testcase name="Equals (448)" classname="spec_perl_TestDefaultEndianExprIsBe_t" time="0.000129222869873047" />
    <testcase name="Equals (449)" classname="spec_perl_TestDefaultEndianExprIsBe_t" time="0.000162839889526367" />
    <testcase name="Equals (450)" classname="spec_perl_TestDefaultEndianExprIsBe_t" time="0.000153064727783203" />
    <testcase name="Equals (451)" classname="spec_perl_TestDefaultEndianExprIsBe_t" time="0.000124931335449219" />
    <testcase name="Equals (452)" classname="spec_perl_TestDefaultEndianExprIsBe_t" time="0.000173091888427734" />
    <testcase name="Equals (453)" classname="spec_perl_TestDefaultEndianExprIsBe_t" time="0.000112056732177734" />
    <testcase name="Equals (454)" classname="spec_perl_TestDefaultEndianExprIsBe_t" time="0.000142812728881836" />
    <testcase name="Equals (455)" classname="spec_perl_TestDefaultEndianExprIsBe_t" time="0.00015711784362793" />
    <testcase name="Equals (456)" classname="spec_perl_TestDefaultEndianExprIsBe_t" time="0.000166893005371094" />
  </testsuite>
[...]
    <system-out>1..1
ok 1 - Equals
</system-out>
    <testcase name="Equals (610)" classname="spec_perl_TestNavParentFalse2_t" time="0.000257015228271484" />
  </testsuite>
  <testsuite name="spec_perl_TestPositionInSeq_t" errors="0" failures="0" skipped="0" tests="1" time="0.0402090549468994">
    <system-out>1..1
ok 1 - Equals
</system-out>
    <testcase name="Equals (611)" classname="spec_perl_TestPositionInSeq_t" time="0.000236034393310547" />
  </testsuite>
  <testsuite name="spec_perl_TestExprSizeofType1_t" errors="0" failures="0" skipped="0" tests="2" time="0.0424411296844482">
    <system-out>1..2
ok 1 - Equals
ok 2 - Equals
</system-out>
    <testcase name="Equals (612)" classname="spec_perl_TestExprSizeofType1_t" time="0.000242948532104492" />
    <testcase name="Equals (613)" classname="spec_perl_TestExprSizeofType1_t" time="0.000146150588989258" />
  </testsuite>
  <testsuite name="spec_perl_TestNavParent_t" errors="0" failures="0" skipped="0" tests="5" time="0.0454459190368652">
    <system-out>1..5
ok 1 - Equals
ok 2 - Equals
ok 3 - Equals
ok 4 - Equals
ok 5 - Equals
</system-out>
    <testcase name="Equals (614)" classname="spec_perl_TestNavParent_t" time="0.000343084335327148" />
    <testcase name="Equals (615)" classname="spec_perl_TestNavParent_t" time="7.48634338378906e-05" />
    <testcase name="Equals (616)" classname="spec_perl_TestNavParent_t" time="0.000151157379150391" />
    <testcase name="Equals (617)" classname="spec_perl_TestNavParent_t" time="0.000124931335449219" />
    <testcase name="Equals (618)" classname="spec_perl_TestNavParent_t" time="0.000138044357299805" />
  </testsuite>
  <testsuite name="spec_perl_TestEofExceptionU4_t" errors="0" failures="0" skipped="0" tests="1" time="0.0422208309173584">
    <system-out>1..1
ok 1 - Died
</system-out>
    <testcase name="Died (618)" classname="spec_perl_TestEofExceptionU4_t" time="0.000186920166015625" />
  </testsuite>
  <testsuite name="spec_perl_TestValidLong_t" errors="1" failures="0" skipped="0" tests="0" time="0.0442099571228027">
    <system-out></system-out>
    <testcase name="Test died too soon, even before plan. (618)" classname="spec_perl_TestValidLong_t" time="0.0442099571228027">
      <failure message="The test suite died before a plan was produced. You need to have a plan." type="Plan">No plan</failure>
    </testcase>
  </testsuite>
  <testsuite name="spec_perl_TestExprBytesCmp_t" errors="0" failures="0" skipped="0" tests="10" time="0.0432748794555664">
    <system-out>1..10
ok 1 - Equals
ok 2 - Equals
ok 3 - Equals
ok 4 - Equals
ok 5 - Equals
ok 6 - Equals
ok 7 - Equals
ok 8 - Equals
ok 9 - Equals
ok 10 - Equals
</system-out>
    <testcase name="Equals (619)" classname="spec_perl_TestExprBytesCmp_t" time="0.000226020812988281" />
    <testcase name="Equals (620)" classname="spec_perl_TestExprBytesCmp_t" time="0.000116109848022461" />
    <testcase name="Equals (621)" classname="spec_perl_TestExprBytesCmp_t" time="0.000153779983520508" />
    <testcase name="Equals (622)" classname="spec_perl_TestExprBytesCmp_t" time="0.000135183334350586" />
    <testcase name="Equals (623)" classname="spec_perl_TestExprBytesCmp_t" time="0.000143051147460938" />
    <testcase name="Equals (624)" classname="spec_perl_TestExprBytesCmp_t" time="0.000147819519042969" />
    <testcase name="Equals (625)" classname="spec_perl_TestExprBytesCmp_t" time="0.0001220703125" />
    <testcase name="Equals (626)" classname="spec_perl_TestExprBytesCmp_t" time="0.000142097473144531" />
    <testcase name="Equals (627)" classname="spec_perl_TestExprBytesCmp_t" time="0.000123977661132812" />
    <testcase name="Equals (628)" classname="spec_perl_TestExprBytesCmp_t" time="0.000162839889526367" />
  </testsuite>
  <testsuite name="spec_perl_TestEnumIntRangeS_t" errors="0" failures="0" skipped="0" tests="3" time="0.0618979930877686">
    <system-out>1..3
ok 1 - Equals
ok 2 - Equals
ok 3 - Equals
</system-out>
    <testcase name="Equals (629)" classname="spec_perl_TestEnumIntRangeS_t" time="0.000262022018432617" />
    <testcase name="Equals (630)" classname="spec_perl_TestEnumIntRangeS_t" time="9.20295715332031e-05" />
    <testcase name="Equals (631)" classname="spec_perl_TestEnumIntRangeS_t" time="0.000146865844726562" />
  </testsuite>
  <testsuite name="spec_perl_TestNestedSameName_t" errors="0" failures="0" skipped="0" tests="2" time="0.0403239727020264">
    <system-out>1..2
ok 1 - Equals
ok 2 - Equals
</system-out>
    <testcase name="Equals (632)" classname="spec_perl_TestNestedSameName_t" time="0.000237941741943359" />
    <testcase name="Equals (633)" classname="spec_perl_TestNestedSameName_t" time="0.000118017196655273" />
  </testsuite>
  <testsuite name="spec_perl_TestEnumFancy_t" errors="0" failures="0" skipped="0" tests="2" time="0.0403361320495605">
    <system-out>1..2
ok 1 - Equals
ok 2 - Equals
</system-out>
    <testcase name="Equals (634)" classname="spec_perl_TestEnumFancy_t" time="0.000252008438110352" />
    <testcase name="Equals (635)" classname="spec_perl_TestEnumFancy_t" time="9.29832458496094e-05" />
  </testsuite>
  <testsuite name="spec_perl_TestIfStruct_t" errors="0" failures="0" skipped="0" tests="7" time="0.0469789505004883">
    <system-out>1..7
ok 1 - Equals
ok 2 - Equals
ok 3 - Equals
ok 4 - Equals
ok 5 - Equals
ok 6 - Equals
ok 7 - Equals
</system-out>
    <testcase name="Equals (636)" classname="spec_perl_TestIfStruct_t" time="0.000358104705810547" />
    <testcase name="Equals (637)" classname="spec_perl_TestIfStruct_t" time="0.000116825103759766" />
    <testcase name="Equals (638)" classname="spec_perl_TestIfStruct_t" time="0.000144004821777344" />
    <testcase name="Equals (639)" classname="spec_perl_TestIfStruct_t" time="0.000143051147460938" />
    <testcase name="Equals (640)" classname="spec_perl_TestIfStruct_t" time="0.000145912170410156" />
    <testcase name="Equals (641)" classname="spec_perl_TestIfStruct_t" time="0.000120162963867188" />
    <testcase name="Equals (642)" classname="spec_perl_TestIfStruct_t" time="0.000150918960571289" />
  </testsuite>
  <testsuite name="spec_perl_TestSwitchManualEnum_t" errors="0" failures="0" skipped="0" tests="9" time="0.0470778942108154">
    <system-out>1..9
ok 1 - Equals
ok 2 - Equals
ok 3 - Equals
ok 4 - Equals
ok 5 - Equals
ok 6 - Equals
ok 7 - Equals
ok 8 - Equals
ok 9 - Equals
</system-out>
    <testcase name="Equals (643)" classname="spec_perl_TestSwitchManualEnum_t" time="0.000316143035888672" />
    <testcase name="Equals (644)" classname="spec_perl_TestSwitchManualEnum_t" time="9.58442687988281e-05" />
    <testcase name="Equals (645)" classname="spec_perl_TestSwitchManualEnum_t" time="0.000145196914672852" />
    <testcase name="Equals (646)" classname="spec_perl_TestSwitchManualEnum_t" time="0.000135898590087891" />
    <testcase name="Equals (647)" classname="spec_perl_TestSwitchManualEnum_t" time="0.000150918960571289" />
    <testcase name="Equals (648)" classname="spec_perl_TestSwitchManualEnum_t" time="0.000119209289550781" />
    <testcase name="Equals (649)" classname="spec_perl_TestSwitchManualEnum_t" time="0.00014495849609375" />
    <testcase name="Equals (650)" classname="spec_perl_TestSwitchManualEnum_t" time="0.00011897087097168" />
    <testcase name="Equals (651)" classname="spec_perl_TestSwitchManualEnum_t" time="0.000129938125610352" />
  </testsuite>
  <testsuite name="spec_perl_TestInstanceStdArray_t" errors="0" failures="0" skipped="0" tests="7" time="0.0427169799804688">
    <system-out>1..7
ok 1 - Equals
ok 2 - Equals
ok 3 - Equals
ok 4 - Equals
ok 5 - Equals
ok 6 - Equals
ok 7 - Equals
</system-out>
    <testcase name="Equals (652)" classname="spec_perl_TestInstanceStdArray_t" time="0.000276088714599609" />
    <testcase name="Equals (653)" classname="spec_perl_TestInstanceStdArray_t" time="9.98973846435547e-05" />
    <testcase name="Equals (654)" classname="spec_perl_TestInstanceStdArray_t" time="0.000152111053466797" />
    <testcase name="Equals (655)" classname="spec_perl_TestInstanceStdArray_t" time="0.000159025192260742" />
    <testcase name="Equals (656)" classname="spec_perl_TestInstanceStdArray_t" time="0.000124931335449219" />
    <testcase name="Equals (657)" classname="spec_perl_TestInstanceStdArray_t" time="0.000162124633789062" />
    <testcase name="Equals (658)" classname="spec_perl_TestInstanceStdArray_t" time="0.00011897087097168" />
  </testsuite>
  <testsuite name="spec_perl_TestTsPacketHeader_t" errors="0" failures="0" skipped="0" tests="7" time="0.0423109531402588">
    <system-out>1..7
ok 1 - Equals
ok 2 - Equals
ok 3 - Equals
ok 4 - Equals
ok 5 - Equals
ok 6 - Equals
ok 7 - Equals
</system-out>
    <testcase name="Equals (659)" classname="spec_perl_TestTsPacketHeader_t" time="0.000253200531005859" />
    <testcase name="Equals (660)" classname="spec_perl_TestTsPacketHeader_t" time="0.000125885009765625" />
    <testcase name="Equals (661)" classname="spec_perl_TestTsPacketHeader_t" time="0.000154018402099609" />
    <testcase name="Equals (662)" classname="spec_perl_TestTsPacketHeader_t" time="0.00011897087097168" />
    <testcase name="Equals (663)" classname="spec_perl_TestTsPacketHeader_t" time="0.00014495849609375" />
    <testcase name="Equals (664)" classname="spec_perl_TestTsPacketHeader_t" time="0.000116109848022461" />
    <testcase name="Equals (665)" classname="spec_perl_TestTsPacketHeader_t" time="0.000144004821777344" />
  </testsuite>
  <testsuite name="spec_perl_TestSwitchManualStr_t" errors="0" failures="0" skipped="0" tests="9" time="0.0441420078277588">
    <system-out>1..9
ok 1 - Equals
ok 2 - Equals
ok 3 - Equals
ok 4 - Equals
ok 5 - Equals
ok 6 - Equals
ok 7 - Equals
ok 8 - Equals
ok 9 - Equals
</system-out>
    <testcase name="Equals (666)" classname="spec_perl_TestSwitchManualStr_t" time="0.000282049179077148" />
    <testcase name="Equals (667)" classname="spec_perl_TestSwitchManualStr_t" time="0.000107049942016602" />
    <testcase name="Equals (668)" classname="spec_perl_TestSwitchManualStr_t" time="0.000142097473144531" />
    <testcase name="Equals (669)" classname="spec_perl_TestSwitchManualStr_t" time="0.00013279914855957" />
    <testcase name="Equals (670)" classname="spec_perl_TestSwitchManualStr_t" time="0.000131130218505859" />
    <testcase name="Equals (671)" classname="spec_perl_TestSwitchManualStr_t" time="0.000161886215209961" />
    <testcase name="Equals (672)" classname="spec_perl_TestSwitchManualStr_t" time="0.000120162963867188" />
    <testcase name="Equals (673)" classname="spec_perl_TestSwitchManualStr_t" time="0.000137805938720703" />
    <testcase name="Equals (674)" classname="spec_perl_TestSwitchManualStr_t" time="0.000135183334350586" />
  </testsuite>
  <testsuite name="spec_perl_TestIfValues_t" errors="0" failures="0" skipped="0" tests="6" time="0.0427639484405518">
    <system-out>1..6
ok 1 - Equals
ok 2 - Equals
ok 3 - Equals
ok 4 - nil
ok 5 - Equals
ok 6 - nil
</system-out>
    <testcase name="Equals (675)" classname="spec_perl_TestIfValues_t" time="0.000248908996582031" />
    <testcase name="Equals (676)" classname="spec_perl_TestIfValues_t" time="9.39369201660156e-05" />
    <testcase name="Equals (677)" classname="spec_perl_TestIfValues_t" time="0.000161170959472656" />
    <testcase name="nil (677)" classname="spec_perl_TestIfValues_t" time="6.29425048828125e-05" />
    <testcase name="Equals (678)" classname="spec_perl_TestIfValues_t" time="0.000123023986816406" />
    <testcase name="nil (678)" classname="spec_perl_TestIfValues_t" time="5.88893890380859e-05" />
  </testsuite>
  <testsuite name="spec_perl_TestProcessRotate_t" errors="0" failures="0" skipped="0" tests="3" time="0.0419440269470215">
    <system-out>1..3
ok 1 - Equals
ok 2 - Equals
ok 3 - Equals
</system-out>
    <testcase name="Equals (679)" classname="spec_perl_TestProcessRotate_t" time="0.000257015228271484" />
    <testcase name="Equals (680)" classname="spec_perl_TestProcessRotate_t" time="0.000120162963867188" />
    <testcase name="Equals (681)" classname="spec_perl_TestProcessRotate_t" time="0.000135898590087891" />
  </testsuite>
  <testsuite name="spec_perl_TestFixedStruct_t" errors="1" failures="0" skipped="0" tests="0" time="0.0514159202575684">
    <system-out></system-out>
    <testcase name="Test died too soon, even before plan. (681)" classname="spec_perl_TestFixedStruct_t" time="0.0514159202575684">
      <failure message="The test suite died before a plan was produced. You need to have a plan." type="Plan">No plan</failure>
    </testcase>
  </testsuite>
  <testsuite name="spec_perl_TestNavRoot_t" errors="0" failures="0" skipped="0" tests="5" time="0.0434958934783936">
    <system-out>1..5
ok 1 - Equals
ok 2 - Equals
ok 3 - Equals
ok 4 - Equals
ok 5 - Equals
</system-out>
    <testcase name="Equals (682)" classname="spec_perl_TestNavRoot_t" time="0.000298023223876953" />
    <testcase name="Equals (683)" classname="spec_perl_TestNavRoot_t" time="0.00011897087097168" />
    <testcase name="Equals (684)" classname="spec_perl_TestNavRoot_t" time="0.000179052352905273" />
    <testcase name="Equals (685)" classname="spec_perl_TestNavRoot_t" time="0.000136852264404297" />
    <testcase name="Equals (686)" classname="spec_perl_TestNavRoot_t" time="0.000137090682983398" />
  </testsuite>
  <testsuite name="spec_perl_TestEnumLongRangeS_t" errors="0" failures="0" skipped="0" tests="7" time="0.043428897857666">
    <system-out>1..7
ok 1 - Equals
ok 2 - Equals
ok 3 - Equals
ok 4 - Equals
ok 5 - Equals
ok 6 - Equals
ok 7 - Equals
</system-out>
    <testcase name="Equals (687)" classname="spec_perl_TestEnumLongRangeS_t" time="0.000248193740844727" />
    <testcase name="Equals (688)" classname="spec_perl_TestEnumLongRangeS_t" time="0.000123023986816406" />
    <testcase name="Equals (689)" classname="spec_perl_TestEnumLongRangeS_t" time="0.000135898590087891" />
    <testcase name="Equals (690)" classname="spec_perl_TestEnumLongRangeS_t" time="0.000139951705932617" />
    <testcase name="Equals (691)" classname="spec_perl_TestEnumLongRangeS_t" time="0.000142097473144531" />
    <testcase name="Equals (692)" classname="spec_perl_TestEnumLongRangeS_t" time="0.000121831893920898" />
    <testcase name="Equals (693)" classname="spec_perl_TestEnumLongRangeS_t" time="0.000143051147460938" />
  </testsuite>
  <testsuite name="spec_perl_TestExprStrOps_t" errors="1" failures="0" skipped="0" tests="0" time="0.0403540134429932">
    <system-out></system-out>
    <testcase name="Test died too soon, even before plan. (693)" classname="spec_perl_TestExprStrOps_t" time="0.0403540134429932">
      <failure message="The test suite died before a plan was produced. You need to have a plan." type="Plan">No plan</failure>
    </testcase>
  </testsuite>
  <testsuite name="spec_perl_TestRepeatNStruct_t" errors="0" failures="0" skipped="0" tests="5" time="0.0432441234588623">
    <system-out>1..5
ok 1 - Equals
ok 2 - Equals
ok 3 - Equals
ok 4 - Equals
ok 5 - Equals
</system-out>
    <testcase name="Equals (694)" classname="spec_perl_TestRepeatNStruct_t" time="0.000246047973632812" />
    <testcase name="Equals (695)" classname="spec_perl_TestRepeatNStruct_t" time="0.000127077102661133" />
    <testcase name="Equals (696)" classname="spec_perl_TestRepeatNStruct_t" time="0.000143051147460938" />
    <testcase name="Equals (697)" classname="spec_perl_TestRepeatNStruct_t" time="0.00014185905456543" />
    <testcase name="Equals (698)" classname="spec_perl_TestRepeatNStruct_t" time="0.000134944915771484" />
  </testsuite>
  <testsuite name="spec_perl_TestDebugEnumName_t" errors="1" failures="0" skipped="0" tests="0" time="0.0391058921813965">
    <system-out></system-out>
    <testcase name="Test died too soon, even before plan. (698)" classname="spec_perl_TestDebugEnumName_t" time="0.0391058921813965">
      <failure message="The test suite died before a plan was produced. You need to have a plan." type="Plan">No plan</failure>
    </testcase>
  </testsuite>
  <testsuite name="spec_perl_TestExpr3_t" errors="0" failures="0" skipped="0" tests="12" time="0.0466580390930176">
    <system-out>1..12
ok 1 - Equals
ok 2 - Equals
ok 3 - Equals
ok 4 - Equals
ok 5 - Equals
ok 6 - Equals
ok 7 - Equals
ok 8 - Equals
ok 9 - Equals
ok 10 - Equals
ok 11 - Equals
ok 12 - Equals
</system-out>
    <testcase name="Equals (699)" classname="spec_perl_TestExpr3_t" time="0.000246047973632812" />
    <testcase name="Equals (700)" classname="spec_perl_TestExpr3_t" time="0.000113964080810547" />
    <testcase name="Equals (701)" classname="spec_perl_TestExpr3_t" time="0.000140905380249023" />
    <testcase name="Equals (702)" classname="spec_perl_TestExpr3_t" time="0.000138044357299805" />
    <testcase name="Equals (703)" classname="spec_perl_TestExpr3_t" time="0.000123977661132812" />
    <testcase name="Equals (704)" classname="spec_perl_TestExpr3_t" time="0.000140905380249023" />
    <testcase name="Equals (705)" classname="spec_perl_TestExpr3_t" time="0.000123023986816406" />
    <testcase name="Equals (706)" classname="spec_perl_TestExpr3_t" time="0.000158071517944336" />
    <testcase name="Equals (707)" classname="spec_perl_TestExpr3_t" time="0.000128030776977539" />
    <testcase name="Equals (708)" classname="spec_perl_TestExpr3_t" time="0.000159978866577148" />
    <testcase name="Equals (709)" classname="spec_perl_TestExpr3_t" time="0.0001220703125" />
    <testcase name="Equals (710)" classname="spec_perl_TestExpr3_t" time="0.000140905380249023" />
  </testsuite>
  <testsuite name="spec_perl_TestStrEncodingsDefault_t" errors="0" failures="0" skipped="0" tests="4" time="0.0480530261993408">
    <system-out>1..4
ok 1 - Equals
ok 2 - Equals
ok 3 - Equals
ok 4 - Equals
</system-out>
    <testcase name="Equals (711)" classname="spec_perl_TestStrEncodingsDefault_t" time="0.0029141902923584" />
    <testcase name="Equals (712)" classname="spec_perl_TestStrEncodingsDefault_t" time="0.000121831893920898" />
    <testcase name="Equals (713)" classname="spec_perl_TestStrEncodingsDefault_t" time="0.00015711784362793" />
    <testcase name="Equals (714)" classname="spec_perl_TestStrEncodingsDefault_t" time="0.000154018402099609" />
  </testsuite>
  <testsuite name="spec_perl_TestExprBits_t" errors="0" failures="0" skipped="0" tests="10" time="0.0442380905151367">
    <system-out>1..10
ok 1 - Equals
ok 2 - Equals
ok 3 - Equals
ok 4 - Equals
ok 5 - Equals
ok 6 - Equals
ok 7 - Equals
ok 8 - Equals
ok 9 - Equals
ok 10 - Equals
</system-out>
    <testcase name="Equals (715)" classname="spec_perl_TestExprBits_t" time="0.000283956527709961" />
    <testcase name="Equals (716)" classname="spec_perl_TestExprBits_t" time="0.000116109848022461" />
    <testcase name="Equals (717)" classname="spec_perl_TestExprBits_t" time="0.000136852264404297" />
    <testcase name="Equals (718)" classname="spec_perl_TestExprBits_t" time="0.000147104263305664" />
    <testcase name="Equals (719)" classname="spec_perl_TestExprBits_t" time="0.000149965286254883" />
    <testcase name="Equals (720)" classname="spec_perl_TestExprBits_t" time="0.000126123428344727" />
    <testcase name="Equals (721)" classname="spec_perl_TestExprBits_t" time="0.00014185905456543" />
    <testcase name="Equals (722)" classname="spec_perl_TestExprBits_t" time="0.000123977661132812" />
    <testcase name="Equals (723)" classname="spec_perl_TestExprBits_t" time="0.000139951705932617" />
    <testcase name="Equals (724)" classname="spec_perl_TestExprBits_t" time="0.000152111053466797" />
  </testsuite>
  <testsuite name="spec_perl_TestProcessCustom_t" errors="1" failures="0" skipped="0" tests="0" time="0.0389969348907471">
    <system-out></system-out>
    <testcase name="Test died too soon, even before plan. (724)" classname="spec_perl_TestProcessCustom_t" time="0.0389969348907471">
      <failure message="The test suite died before a plan was produced. You need to have a plan." type="Plan">No plan</failure>
    </testcase>
  </testsuite>
</testsuites>
