<?xml version='1.0' encoding='utf-8'?>
<testsuites>
  <testsuite name="spec_perl_TestNavParent_t" errors="0" failures="0" skipped="0" tests="5" time="0.0435409545898438">
    <system-out>1..5
ok 1 - Equals
ok 2 - Equals
ok 3 - Equals
ok 4 - Equals
ok 5 - Equals
</system-out>
    <testcase name="Equals" classname="spec_perl_TestNavParent_t" time="0.000329971313476562" />
    <testcase name="Equals (2)" classname="spec_perl_TestNavParent_t" time="9.70363616943359e-05" />
    <testcase name="Equals (3)" classname="spec_perl_TestNavParent_t" time="0.000139951705932617" />
    <testcase name="Equals (4)" classname="spec_perl_TestNavParent_t" time="0.00014495849609375" />
    <testcase name="Equals (5)" classname="spec_perl_TestNavParent_t" time="0.000110149383544922" />
  </testsuite>
  <testsuite name="spec_perl_TestEofExceptionBytes_t" errors="0" failures="0" skipped="0" tests="1" time="0.0421140193939209">
    <system-out>1..1
ok 1 - Died
</system-out>
    <testcase name="Died (5)" classname="spec_perl_TestEofExceptionBytes_t" time="0.00017094612121582" />
  </testsuite>
  <testsuite name="spec_perl_TestOpaqueExternalType_t" errors="0" failures="0" skipped="0" tests="3" time="0.0432660579681396">
    <system-out>1..3
ok 1 - Equals
ok 2 - Equals
ok 3 - Equals
</system-out>
    <testcase name="Equals (6)" classname="spec_perl_TestOpaqueExternalType_t" time="0.000276803970336914" />
    <testcase name="Equals (7)" classname="spec_perl_TestOpaqueExternalType_t" time="9.41753387451172e-05" />
    <testcase name="Equals (8)" classname="spec_perl_TestOpaqueExternalType_t" time="0.000143051147460938" />
  </testsuite>
  <testsuite name="spec_perl_TestProcessRepeatUsertype_t" errors="0" failures="0" skipped="0" tests="4" time="0.0409541130065918">
    <system-out>1..4
ok 1 - Equals
ok 2 - Equals
ok 3 - Equals
ok 4 - Equals
</system-out>
    <testcase name="Equals (9)" classname="spec_perl_TestProcessRepeatUsertype_t" time="0.000453948974609375" />
    <testcase name="Equals (10)" classname="spec_perl_TestProcessRepeatUsertype_t" time="7.60555267333984e-05" />
    <testcase name="Equals (11)" classname="spec_perl_TestProcessRepeatUsertype_t" time="0.00014495849609375" />
    <testcase name="Equals (12)" classname="spec_perl_TestProcessRepeatUsertype_t" time="0.000138998031616211" />
  </testsuite>
  <testsuite name="spec_perl_TestNestedSameName2_t" errors="0" failures="0" skipped="0" tests="5" time="0.041409969329834">
    <system-out>1..5
ok 1 - Equals
ok 2 - Equals
ok 3 - Equals
ok 4 - Equals
ok 5 - Equals
</system-out>
    <testcase name="Equals (13)" classname="spec_perl_TestNestedSameName2_t" time="0.000265836715698242" />
    <testcase name="Equals (14)" classname="spec_perl_TestNestedSameName2_t" time="9.20295715332031e-05" />
    <testcase name="Equals (15)" classname="spec_perl_TestNestedSameName2_t" time="0.000152111053466797" />
    <testcase name="Equals (16)" classname="spec_perl_TestNestedSameName2_t" time="0.000133991241455078" />
    <testcase name="Equals (17)" classname="spec_perl_TestNestedSameName2_t" time="0.000133991241455078" />
  </testsuite>
  <testsuite name="spec_perl_TestDefaultEndianExprIsLe_t" errors="0" failures="0" skipped="0" tests="12" time="0.0423579216003418">
    <system-out>1..12
ok 1 - Equals
ok 2 - Equals
ok 3 - Equals
ok 4 - Equals
ok 5 - Equals
ok 6 - Equals
ok 7 - Equals
ok 8 - Equals
ok 9 - Equals
ok 10 - Equals
ok 11 - Equals
ok 12 - Equals
</system-out>
    <testcase name="Equals (18)" classname="spec_perl_TestDefaultEndianExprIsLe_t" time="0.000273942947387695" />
    <testcase name="Equals (19)" classname="spec_perl_TestDefaultEndianExprIsLe_t" time="0.00011897087097168" />
    <testcase name="Equals (20)" classname="spec_perl_TestDefaultEndianExprIsLe_t" time="0.000134944915771484" />
    <testcase name="Equals (21)" classname="spec_perl_TestDefaultEndianExprIsLe_t" time="0.000133037567138672" />
    <testcase name="Equals (22)" classname="spec_perl_TestDefaultEndianExprIsLe_t" time="0.000133037567138672" />
    <testcase name="Equals (23)" classname="spec_perl_TestDefaultEndianExprIsLe_t" time="0.000113010406494141" />
    <testcase name="Equals (24)" classname="spec_perl_TestDefaultEndianExprIsLe_t" time="0.000176906585693359" />
    <testcase name="Equals (25)" classname="spec_perl_TestDefaultEndianExprIsLe_t" time="0.000101089477539062" />
    <testcase name="Equals (26)" classname="spec_perl_TestDefaultEndianExprIsLe_t" time="0.000144004821777344" />
    <testcase name="Equals (27)" classname="spec_perl_TestDefaultEndianExprIsLe_t" time="0.000123023986816406" />
    <testcase name="Equals (28)" classname="spec_perl_TestDefaultEndianExprIsLe_t" time="0.000164985656738281" />
    <testcase name="Equals (29)" classname="spec_perl_TestDefaultEndianExprIsLe_t" time="0.000113010406494141" />
  </testsuite>
  <testsuite name="spec_perl_TestExprBytesLiteral_t" errors="1" failures="0" skipped="0" tests="0" time="0.0416219234466553">
    <system-out></system-out>
    <testcase name="Test died too soon, even before plan. (29)" classname="spec_perl_TestExprBytesLiteral_t" time="0.0416219234466553">
      <failure message="The test suite died before a plan was produced. You need to have a plan." type="Plan">No plan</failure>
    </testcase>
  </testsuite>
  <testsuite name="spec_perl_TestSwitchManualEnum_t" errors="0" failures="0" skipped="0" tests="9" time="0.0450408458709717">
    <system-out>1..9
ok 1 - Equals
ok 2 - Equals
ok 3 - Equals
ok 4 - Equals
ok 5 - Equals
ok 6 - Equals
ok 7 - Equals
ok 8 - Equals
ok 9 - Equals
</system-out>
    <testcase name="Equals (30)" classname="spec_perl_TestSwitchManualEnum_t" time="0.000319004058837891" />
    <testcase name="Equals (31)" classname="spec_perl_TestSwitchManualEnum_t" time="8.82148742675781e-05" />
    <testcase name="Equals (32)" classname="spec_perl_TestSwitchManualEnum_t" time="0.000144004821777344" />
    <testcase name="Equals (33)" classname="spec_perl_TestSwitchManualEnum_t" time="0.000153779983520508" />
    <testcase name="Equals (34)" classname="spec_perl_TestSwitchManualEnum_t" time="0.000149011611938477" />
    <testcase name="Equals (35)" classname="spec_perl_TestSwitchManualEnum_t" time="0.000119209289550781" />
    <testcase name="Equals (36)" classname="spec_perl_TestSwitchManualEnum_t" time="0.000156879425048828" />
    <testcase name="Equals (37)" classname="spec_perl_TestSwitchManualEnum_t" time="0.00010991096496582" />
    <testcase name="Equals (38)" classname="spec_perl_TestSwitchManualEnum_t" time="0.00012516975402832" />
  </testsuite>
  <testsuite name="spec_perl_TestProcessRepeatBytes_t" errors="0" failures="0" skipped="0" tests="2" time="0.0411510467529297">
    <system-out>1..2
ok 1 - Equals
ok 2 - Equals
</system-out>
    <testcase name="Equals (39)" classname="spec_perl_TestProcessRepeatBytes_t" time="0.000228166580200195" />
    <testcase name="Equals (40)" classname="spec_perl_TestProcessRepeatBytes_t" time="7.20024108886719e-05" />
  </testsuite>
  <testsuite name="spec_perl_TestEnum0_t" errors="0" failures="0" skipped="0" tests="2" time="0.0405638217926025">
    <system-out>1..2
ok 1 - Equals
ok 2 - Equals
</system-out>
    <testcase name="Equals (41)" classname="spec_perl_TestEnum0_t" time="0.000229120254516602" />
    <testcase name="Equals (42)" classname="spec_perl_TestEnum0_t" time="9.39369201660156e-05" />
  </testsuite>
  <testsuite name="spec_perl_TestDebugSwitchUser_t" errors="1" failures="0" skipped="0" tests="0" time="0.0508389472961426">
    <system-out></system-out>
    <testcase name="Test died too soon, even before plan. (42)" classname="spec_perl_TestDebugSwitchUser_t" time="0.0508389472961426">
      <failure message="The test suite died before a plan was produced. You need to have a plan." type="Plan">No plan</failure>
    </testcase>
  </testsuite>
  <testsuite name="spec_perl_TestProcessXor4Const_t" errors="0" failures="0" skipped="0" tests="2" time="0.0400111675262451">
    <system-out>1..2
ok 1 - Equals
ok 2 - Equals
</system-out>
    <testcase name="Equals (43)" classname="spec_perl_TestProcessXor4Const_t" time="0.000235080718994141" />
    <testcase name="Equals (44)" classname="spec_perl_TestProcessXor4Const_t" time="0.000118017196655273" />
  </testsuite>
  <testsuite name="spec_perl_TestProcessCustom_t" errors="1" failures="0" skipped="0" tests="0" time="0.0393140316009521">
    <system-out></system-out>
    <testcase name="Test died too soon, even before plan. (44)" classname="spec_perl_TestProcessCustom_t" time="0.0393140316009521">
      <failure message="The test suite died before a plan was produced. You need to have a plan." type="Plan">No plan</failure>
    </testcase>
  </testsuite>
  <testsuite name="spec_perl_TestEnumIntRangeU_t" errors="0" failures="0" skipped="0" tests="2" time="0.0404260158538818">
    <system-out>1..2
ok 1 - Equals
ok 2 - Equals
</system-out>
    <testcase name="Equals (45)" classname="spec_perl_TestEnumIntRangeU_t" time="0.000224113464355469" />
    <testcase name="Equals (46)" classname="spec_perl_TestEnumIntRangeU_t" time="0.000114917755126953" />
  </testsuite>
  <testsuite name="spec_perl_TestFixedStruct_t" errors="1" failures="0" skipped="0" tests="0" time="0.044475793838501">
    <system-out></system-out>
    <testcase name="Test died too soon, even before plan. (46)" classname="spec_perl_TestFixedStruct_t" time="0.044475793838501">
      <failure message="The test suite died before a plan was produced. You need to have a plan." type="Plan">No plan</failure>
    </testcase>
  </testsuite>
  <testsuite name="spec_perl_TestExprSizeofType0_t" errors="0" failures="0" skipped="0" tests="1" time="0.0414340496063232">
    <system-out>1..1
ok 1 - Equals
</system-out>
    <testcase name="Equals (47)" classname="spec_perl_TestExprSizeofType0_t" time="0.000236988067626953" />
  </testsuite>
  <testsuite name="spec_perl_TestImports0_t" errors="0" failures="0" skipped="0" tests="3" time="0.0406811237335205">
    <system-out>1..3
ok 1 - Equals
ok 2 - Equals
ok 3 - Equals
</system-out>
    <testcase name="Equals (48)" classname="spec_perl_TestImports0_t" time="0.000236988067626953" />
    <testcase name="Equals (49)" classname="spec_perl_TestImports0_t" time="9.41753387451172e-05" />
    <testcase name="Equals (50)" classname="spec_perl_TestImports0_t" time="0.000139951705932617" />
  </testsuite>
  <testsuite name="spec_perl_TestIfStruct_t" errors="0" failures="0" skipped="0" tests="7" time="0.0446920394897461">
    <system-out>1..7
ok 1 - Equals
ok 2 - Equals
ok 3 - Equals
ok 4 - Equals
ok 5 - Equals
ok 6 - Equals
ok 7 - Equals
</system-out>
    <testcase name="Equals (51)" classname="spec_perl_TestIfStruct_t" time="0.000335216522216797" />
    <testcase name="Equals (52)" classname="spec_perl_TestIfStruct_t" time="9.17911529541016e-05" />
    <testcase name="Equals (53)" classname="spec_perl_TestIfStruct_t" time="0.000145196914672852" />
    <testcase name="Equals (54)" classname="spec_perl_TestIfStruct_t" time="0.000134944915771484" />
    <testcase name="Equals (55)" classname="spec_perl_TestIfStruct_t" time="0.000143051147460938" />
    <testcase name="Equals (56)" classname="spec_perl_TestIfStruct_t" time="0.000119924545288086" />
    <testcase name="Equals (57)" classname="spec_perl_TestIfStruct_t" time="0.000143051147460938" />
  </testsuite>
  <testsuite name="spec_perl_TestNavParentVsValueInst_t" errors="0" failures="0" skipped="0" tests="1" time="0.043489933013916">
    <system-out>1..1
ok 1 - Equals
</system-out>
    <testcase name="Equals (58)" classname="spec_perl_TestNavParentVsValueInst_t" time="0.000290155410766602" />
  </testsuite>
  <testsuite name="spec_perl_TestNavParentSwitch_t" errors="0" failures="0" skipped="0" tests="3" time="0.0410449504852295">
    <system-out>1..3
ok 1 - Equals
ok 2 - Equals
ok 3 - Equals
</system-out>
    <testcase name="Equals (59)" classname="spec_perl_TestNavParentSwitch_t" time="0.000245094299316406" />
    <testcase name="Equals (60)" classname="spec_perl_TestNavParentSwitch_t" time="9.29832458496094e-05" />
    <testcase name="Equals (61)" classname="spec_perl_TestNavParentSwitch_t" time="0.000162839889526367" />
  </testsuite>
  <testsuite name="spec_perl_TestStrPadTerm_t" errors="0" failures="0" skipped="0" tests="4" time="0.0442900657653809">
    <system-out>1..4
ok 1 - Equals
ok 2 - Equals
ok 3 - Equals
ok 4 - Equals
</system-out>
    <testcase name="Equals (62)" classname="spec_perl_TestStrPadTerm_t" time="0.000303030014038086" />
    <testcase name="Equals (63)" classname="spec_perl_TestStrPadTerm_t" time="8.60691070556641e-05" />
    <testcase name="Equals (64)" classname="spec_perl_TestStrPadTerm_t" time="8.29696655273438e-05" />
    <testcase name="Equals (65)" classname="spec_perl_TestStrPadTerm_t" time="0.000152111053466797" />
  </testsuite>
  <testsuite name="spec_perl_TestNavParentOverride_t" errors="0" failures="0" skipped="0" tests="3" time="0.0413849353790283">
    <system-out>1..3
ok 1 - Equals
ok 2 - Equals
ok 3 - Equals
</system-out>
    <testcase name="Equals (66)" classname="spec_perl_TestNavParentOverride_t" time="0.000255107879638672" />
    <testcase name="Equals (67)" classname="spec_perl_TestNavParentOverride_t" time="7.79628753662109e-05" />
    <testcase name="Equals (68)" classname="spec_perl_TestNavParentOverride_t" time="0.00014495849609375" />
  </testsuite>
  <testsuite name="spec_perl_TestSwitchBytearray_t" errors="0" failures="0" skipped="0" tests="9" time="0.0444149971008301">
    <system-out>1..9
ok 1 - Equals
ok 2 - Equals
ok 3 - Equals
ok 4 - Equals
ok 5 - Equals
ok 6 - Equals
ok 7 - Equals
ok 8 - Equals
ok 9 - Equals
</system-out>
    <testcase name="Equals (69)" classname="spec_perl_TestSwitchBytearray_t" time="0.000281095504760742" />
    <testcase name="Equals (70)" classname="spec_perl_TestSwitchBytearray_t" time="9.29832458496094e-05" />
    <testcase name="Equals (71)" classname="spec_perl_TestSwitchBytearray_t" time="0.000151872634887695" />
    <testcase name="Equals (72)" classname="spec_perl_TestSwitchBytearray_t" time="0.000138044357299805" />
    <testcase name="Equals (73)" classname="spec_perl_TestSwitchBytearray_t" time="0.000117063522338867" />
    <testcase name="Equals (74)" classname="spec_perl_TestSwitchBytearray_t" time="0.000150918960571289" />
    <testcase name="Equals (75)" classname="spec_perl_TestSwitchBytearray_t" time="0.00011897087097168" />
    <testcase name="Equals (76)" classname="spec_perl_TestSwitchBytearray_t" time="0.000133991241455078" />
    <testcase name="Equals (77)" classname="spec_perl_TestSwitchBytearray_t" time="0.000142097473144531" />
  </testsuite>
  <testsuite name="spec_perl_TestNestedSameName_t" errors="0" failures="0" skipped="0" tests="2" time="0.0407629013061523">
    <system-out>1..2
ok 1 - Equals
ok 2 - Equals
</system-out>
    <testcase name="Equals (78)" classname="spec_perl_TestNestedSameName_t" time="0.000260829925537109" />
    <testcase name="Equals (79)" classname="spec_perl_TestNestedSameName_t" time="9.51290130615234e-05" />
  </testsuite>
  <testsuite name="spec_perl_TestSwitchIntegers2_t" errors="0" failures="0" skipped="0" tests="5" time="0.0408389568328857">
    <system-out>1..5
ok 1 - Equals
ok 2 - Equals
ok 3 - Equals
ok 4 - Equals
ok 5 - Equals
</system-out>
    <testcase name="Equals (80)" classname="spec_perl_TestSwitchIntegers2_t" time="0.000227928161621094" />
    <testcase name="Equals (81)" classname="spec_perl_TestSwitchIntegers2_t" time="9.01222229003906e-05" />
    <testcase name="Equals (82)" classname="spec_perl_TestSwitchIntegers2_t" time="0.000157833099365234" />
    <testcase name="Equals (83)" classname="spec_perl_TestSwitchIntegers2_t" time="0.000137090682983398" />
    <testcase name="Equals (84)" classname="spec_perl_TestSwitchIntegers2_t" time="0.000137090682983398" />
  </testsuite>
  <testsuite name="spec_perl_TestImportsAbsRel_t" errors="0" failures="0" skipped="0" tests="3" time="0.0410821437835693">
    <system-out>1..3
ok 1 - Equals
ok 2 - Equals
ok 3 - Equals
</system-out>
    <testcase name="Equals (85)" classname="spec_perl_TestImportsAbsRel_t" time="0.000252008438110352" />
    <testcase name="Equals (86)" classname="spec_perl_TestImportsAbsRel_t" time="9.89437103271484e-05" />
    <testcase name="Equals (87)" classname="spec_perl_TestImportsAbsRel_t" time="0.000145912170410156" />
  </testsuite>
  <testsuite name="spec_perl_TestSwitchManualEnumInvalidElse_t" errors="0" failures="0" skipped="0" tests="5" time="0.0443248748779297">
    <system-out>1..5
ok 1 - Equals
ok 2 - Equals
ok 3 - Equals
ok 4 - Equals
ok 5 - Equals
</system-out>
    <testcase name="Equals (88)" classname="spec_perl_TestSwitchManualEnumInvalidElse_t" time="0.000260114669799805" />
    <testcase name="Equals (89)" classname="spec_perl_TestSwitchManualEnumInvalidElse_t" time="9.08374786376953e-05" />
    <testcase name="Equals (90)" classname="spec_perl_TestSwitchManualEnumInvalidElse_t" time="0.000153064727783203" />
    <testcase name="Equals (91)" classname="spec_perl_TestSwitchManualEnumInvalidElse_t" time="0.000130891799926758" />
    <testcase name="Equals (92)" classname="spec_perl_TestSwitchManualEnumInvalidElse_t" time="0.000147104263305664" />
  </testsuite>
  <testsuite name="spec_perl_TestBytesPadTerm_t" errors="0" failures="0" skipped="0" tests="4" time="0.0413990020751953">
    <system-out>1..4
ok 1 - Equals
ok 2 - Equals
ok 3 - Equals
ok 4 - Equals
</system-out>
    <testcase name="Equals (93)" classname="spec_perl_TestBytesPadTerm_t" time="0.000240802764892578" />
    <testcase name="Equals (94)" classname="spec_perl_TestBytesPadTerm_t" time="7.31945037841797e-05" />
    <testcase name="Equals (95)" classname="spec_perl_TestBytesPadTerm_t" time="0.000150918960571289" />
    <testcase name="Equals (96)" classname="spec_perl_TestBytesPadTerm_t" time="0.000136852264404297" />
  </testsuite>
  <testsuite name="spec_perl_TestEnumInvalid_t" errors="0" failures="0" skipped="0" tests="2" time="0.0406641960144043">
    <system-out>1..2
ok 1 - Equals
ok 2 - Equals
</system-out>
    <testcase name="Equals (97)" classname="spec_perl_TestEnumInvalid_t" time="0.000220060348510742" />
    <testcase name="Equals (98)" classname="spec_perl_TestEnumInvalid_t" time="0.000143051147460938" />
  </testsuite>
  <testsuite name="spec_perl_TestCastToImported_t" errors="0" failures="0" skipped="0" tests="2" time="0.0409839153289795">
    <system-out>1..2
ok 1 - Equals
ok 2 - Equals
</system-out>
    <testcase name="Equals (99)" classname="spec_perl_TestCastToImported_t" time="0.000239849090576172" />
    <testcase name="Equals (100)" classname="spec_perl_TestCastToImported_t" time="7.60555267333984e-05" />
  </testsuite>
  <testsuite name="spec_perl_TestExpr1_t" errors="0" failures="0" skipped="0" tests="4" time="0.0435948371887207">
    <system-out>1..4
ok 1 - Equals
ok 2 - Equals
ok 3 - Equals
ok 4 - Equals
</system-out>
    <testcase name="Equals (101)" classname="spec_perl_TestExpr1_t" time="0.000238180160522461" />
    <testcase name="Equals (102)" classname="spec_perl_TestExpr1_t" time="9.48905944824219e-05" />
    <testcase name="Equals (103)" classname="spec_perl_TestExpr1_t" time="0.000149965286254883" />
    <testcase name="Equals (104)" classname="spec_perl_TestExpr1_t" time="0.000134944915771484" />
  </testsuite>
  <testsuite name="spec_perl_TestExprIfIntOps_t" errors="0" failures="0" skipped="0" tests="2" time="0.0405559539794922">
    <system-out>1..2
ok 1 - Equals
ok 2 - Equals
</system-out>
    <testcase name="Equals (105)" classname="spec_perl_TestExprIfIntOps_t" time="0.000238895416259766" />
    <testcase name="Equals (106)" classname="spec_perl_TestExprIfIntOps_t" time="0.000108003616333008" />
  </testsuite>
  <testsuite name="spec_perl_TestTypeIntUnaryOp_t" errors="0" failures="0" skipped="0" tests="4" time="0.0409469604492188">
    <system-out>1..4
ok 1 - Equals
ok 2 - Equals
ok 3 - Equals
ok 4 - Equals
</system-out>
    <testcase name="Equals (107)" classname="spec_perl_TestTypeIntUnaryOp_t" time="0.000221014022827148" />
    <testcase name="Equals (108)" classname="spec_perl_TestTypeIntUnaryOp_t" time="0.000116109848022461" />
    <testcase name="Equals (109)" classname="spec_perl_TestTypeIntUnaryOp_t" time="0.000136852264404297" />
    <testcase name="Equals (110)" classname="spec_perl_TestTypeIntUnaryOp_t" time="0.000150203704833984" />
  </testsuite>
  <testsuite name="spec_perl_TestCastToTop_t" errors="0" failures="0" skipped="0" tests="3" time="0.0411279201507568">
    <system-out>1..3
ok 1 - Equals
ok 2 - Equals
ok 3 - Equals
</system-out>
    <testcase name="Equals (111)" classname="spec_perl_TestCastToTop_t" time="0.000214815139770508" />
    <testcase name="Equals (112)" classname="spec_perl_TestCastToTop_t" time="0.000102043151855469" />
    <testcase name="Equals (113)" classname="spec_perl_TestCastToTop_t" time="0.000158071517944336" />
  </testsuite>
  <testsuite name="spec_perl_TestZlibWithHeader78_t" errors="0" failures="0" skipped="0" tests="1" time="0.0593838691711426">
    <system-out>1..1
ok 1 - Equals
</system-out>
    <testcase name="Equals (114)" classname="spec_perl_TestZlibWithHeader78_t" time="0.00031590461730957" />
  </testsuite>
  <testsuite name="spec_perl_TestOptionalId_t" errors="0" failures="0" skipped="0" tests="3" time="0.0407459735870361">
    <system-out>1..3
ok 1 - Equals
ok 2 - Equals
ok 3 - Equals
</system-out>
    <testcase name="Equals (115)" classname="spec_perl_TestOptionalId_t" time="0.000215053558349609" />
    <testcase name="Equals (116)" classname="spec_perl_TestOptionalId_t" time="0.000113964080810547" />
    <testcase name="Equals (117)" classname="spec_perl_TestOptionalId_t" time="0.000128030776977539" />
  </testsuite>
  <testsuite name="spec_perl_TestProcessCoerceUsertype2_t" errors="0" failures="0" skipped="0" tests="4" time="0.0408110618591309">
    <system-out>1..4
ok 1 - Equals
ok 2 - Equals
ok 3 - Equals
ok 4 - Equals
</system-out>
    <testcase name="Equals (118)" classname="spec_perl_TestProcessCoerceUsertype2_t" time="0.000456809997558594" />
    <testcase name="Equals (119)" classname="spec_perl_TestProcessCoerceUsertype2_t" time="7.70092010498047e-05" />
    <testcase name="Equals (120)" classname="spec_perl_TestProcessCoerceUsertype2_t" time="0.000145196914672852" />
    <testcase name="Equals (121)" classname="spec_perl_TestProcessCoerceUsertype2_t" time="0.000131845474243164" />
  </testsuite>
  <testsuite name="spec_perl_TestNavParent2_t" errors="0" failures="0" skipped="0" tests="10" time="0.0444669723510742">
    <system-out>1..10
ok 1 - Equals
ok 2 - Equals
ok 3 - Equals
ok 4 - Equals
ok 5 - Equals
ok 6 - Equals
ok 7 - Equals
ok 8 - Equals
ok 9 - Equals
ok 10 - Equals
</system-out>
    <testcase name="Equals (122)" classname="spec_perl_TestNavParent2_t" time="0.000267982482910156" />
    <testcase name="Equals (123)" classname="spec_perl_TestNavParent2_t" time="7.29560852050781e-05" />
    <testcase name="Equals (124)" classname="spec_perl_TestNavParent2_t" time="0.000136137008666992" />
    <testcase name="Equals (125)" classname="spec_perl_TestNavParent2_t" time="0.000124931335449219" />
    <testcase name="Equals (126)" classname="spec_perl_TestNavParent2_t" time="0.000147104263305664" />
    <testcase name="Equals (127)" classname="spec_perl_TestNavParent2_t" time="0.000175952911376953" />
    <testcase name="Equals (128)" classname="spec_perl_TestNavParent2_t" time="0.000115871429443359" />
    <testcase name="Equals (129)" classname="spec_perl_TestNavParent2_t" time="0.000128030776977539" />
    <testcase name="Equals (130)" classname="spec_perl_TestNavParent2_t" time="0.00011897087097168" />
    <testcase name="Equals (131)" classname="spec_perl_TestNavParent2_t" time="0.000178098678588867" />
  </testsuite>
  <testsuite name="spec_perl_TestExprBytesCmp_t" errors="0" failures="0" skipped="0" tests="10" time="0.0427498817443848">
    <system-out>1..10
ok 1 - Equals
ok 2 - Equals
ok 3 - Equals
ok 4 - Equals
ok 5 - Equals
ok 6 - Equals
ok 7 - Equals
ok 8 - Equals
ok 9 - Equals
ok 10 - Equals
</system-out>
    <testcase name="Equals (132)" classname="spec_perl_TestExprBytesCmp_t" time="0.00023198127746582" />
    <testcase name="Equals (133)" classname="spec_perl_TestExprBytesCmp_t" time="0.000131845474243164" />
    <testcase name="Equals (134)" classname="spec_perl_TestExprBytesCmp_t" time="0.000138998031616211" />
    <testcase name="Equals (135)" classname="spec_perl_TestExprBytesCmp_t" time="0.000137090682983398" />
    <testcase name="Equals (136)" classname="spec_perl_TestExprBytesCmp_t" time="0.000137090682983398" />
    <testcase name="Equals (137)" classname="spec_perl_TestExprBytesCmp_t" time="0.000116825103759766" />
    <testcase name="Equals (138)" classname="spec_perl_TestExprBytesCmp_t" time="0.000147104263305664" />
    <testcase name="Equals (139)" classname="spec_perl_TestExprBytesCmp_t" time="0.000113964080810547" />
    <testcase name="Equals (140)" classname="spec_perl_TestExprBytesCmp_t" time="0.000147104263305664" />
    <testcase name="Equals (141)" classname="spec_perl_TestExprBytesCmp_t" time="0.000151872634887695" />
  </testsuite>
  <testsuite name="spec_perl_TestNonStandard_t" errors="0" failures="0" skipped="0" tests="1" time="0.0400331020355225">
    <system-out>1..1
ok 1 - Equals
</system-out>
    <testcase name="Equals (142)" classname="spec_perl_TestNonStandard_t" time="0.000225067138671875" />
  </testsuite>
  <testsuite name="spec_perl_TestExprIntDiv_t" errors="0" failures="2" skipped="0" tests="6" time="0.0432331562042236">
    <system-out>1..6
ok 1 - Equals
ok 2 - Equals
ok 3 - Equals
not ok 4 - Equals
ok 5 - Equals
not ok 6 - Equals
</system-out>
    <testcase name="Equals (143)" classname="spec_perl_TestExprIntDiv_t" time="0.000221014022827148" />
    <testcase name="Equals (144)" classname="spec_perl_TestExprIntDiv_t" time="0.000119924545288086" />
    <testcase name="Equals (145)" classname="spec_perl_TestExprIntDiv_t" time="0.000137090682983398" />
    <testcase name="Equals (146)" classname="spec_perl_TestExprIntDiv_t" time="0.000181913375854492">
      <failure message="not ok 4 - Equals" type="TAP::Parser::Result::Test"></failure>
    </testcase>
    <testcase name="Equals (147)" classname="spec_perl_TestExprIntDiv_t" time="0.00322294235229492" />
    <testcase name="Equals (148)" classname="spec_perl_TestExprIntDiv_t" time="0.00011897087097168">
      <failure message="not ok 6 - Equals" type="TAP::Parser::Result::Test"></failure>
    </testcase>
  </testsuite>
  <testsuite name="spec_perl_TestNavParentSwitchCast_t" errors="0" failures="0" skipped="0" tests="3" time="0.0411238670349121">
    <system-out>1..3
ok 1 - Equals
ok 2 - Equals
ok 3 - Equals
</system-out>
    <testcase name="Equals (149)" classname="spec_perl_TestNavParentSwitchCast_t" time="0.000476837158203125" />
    <testcase name="Equals (150)" classname="spec_perl_TestNavParentSwitchCast_t" time="0.000120162963867188" />
    <testcase name="Equals (151)" classname="spec_perl_TestNavParentSwitchCast_t" time="0.000154018402099609" />
  </testsuite>
  <testsuite name="spec_perl_TestNestedTypes3_t" errors="0" failures="0" skipped="0" tests="5" time="0.0412039756774902">
    <system-out>1..5
ok 1 - Equals
ok 2 - Equals
ok 3 - Equals
ok 4 - Equals
ok 5 - Equals
</system-out>
    <testcase name="Equals (152)" classname="spec_perl_TestNestedTypes3_t" time="0.000245809555053711" />
    <testcase name="Equals (153)" classname="spec_perl_TestNestedTypes3_t" time="0.000121116638183594" />
    <testcase name="Equals (154)" classname="spec_perl_TestNestedTypes3_t" time="0.000143051147460938" />
    <testcase name="Equals (155)" classname="spec_perl_TestNestedTypes3_t" time="0.000115871429443359" />
    <testcase name="Equals (156)" classname="spec_perl_TestNestedTypes3_t" time="0.000141143798828125" />
  </testsuite>
  <testsuite name="spec_perl_TestProcessCoerceSwitch_t" errors="0" failures="0" skipped="0" tests="3" time="0.0408229827880859">
    <system-out>1..3
ok 1 - Equals
ok 2 - Equals
ok 3 - Equals
</system-out>
    <testcase name="Equals (157)" classname="spec_perl_TestProcessCoerceSwitch_t" time="0.000441074371337891" />
    <testcase name="Equals (158)" classname="spec_perl_TestProcessCoerceSwitch_t" time="7.39097595214844e-05" />
    <testcase name="Equals (159)" classname="spec_perl_TestProcessCoerceSwitch_t" time="0.000154972076416016" />
  </testsuite>
  <testsuite name="spec_perl_TestNestedTypes2_t" errors="0" failures="0" skipped="0" tests="7" time="0.0418469905853271">
    <system-out>1..7
ok 1 - Equals
ok 2 - Equals
ok 3 - Equals
ok 4 - Equals
ok 5 - Equals
ok 6 - Equals
ok 7 - Equals
</system-out>
    <testcase name="Equals (160)" classname="spec_perl_TestNestedTypes2_t" time="0.000252008438110352" />
    <testcase name="Equals (161)" classname="spec_perl_TestNestedTypes2_t" time="9.08374786376953e-05" />
    <testcase name="Equals (162)" classname="spec_perl_TestNestedTypes2_t" time="0.00014495849609375" />
    <testcase name="Equals (163)" classname="spec_perl_TestNestedTypes2_t" time="0.000129222869873047" />
    <testcase name="Equals (164)" classname="spec_perl_TestNestedTypes2_t" time="0.000137805938720703" />
    <testcase name="Equals (165)" classname="spec_perl_TestNestedTypes2_t" time="0.00011897087097168" />
    <testcase name="Equals (166)" classname="spec_perl_TestNestedTypes2_t" time="0.000142097473144531" />
  </testsuite>
  <testsuite name="spec_perl_TestValidNotParsedIf_t" errors="1" failures="0" skipped="0" tests="0" time="0.0488638877868652">
    <system-out></system-out>
    <testcase name="Test died too soon, even before plan. (166)" classname="spec_perl_TestValidNotParsedIf_t" time="0.0488638877868652">
      <failure message="The test suite died before a plan was produced. You need to have a plan." type="Plan">No plan</failure>
    </testcase>
  </testsuite>
  <testsuite name="spec_perl_TestNavParentFalse_t" errors="0" failures="0" skipped="0" tests="5" time="0.0413410663604736">
    <system-out>1..5
ok 1 - Equals
ok 2 - Equals
ok 3 - Equals
ok 4 - Equals
ok 5 - Equals
</system-out>
    <testcase name="Equals (167)" classname="spec_perl_TestNavParentFalse_t" time="0.000267982482910156" />
    <testcase name="Equals (168)" classname="spec_perl_TestNavParentFalse_t" time="9.89437103271484e-05" />
    <testcase name="Equals (169)" classname="spec_perl_TestNavParentFalse_t" time="0.000149965286254883" />
    <testcase name="Equals (170)" classname="spec_perl_TestNavParentFalse_t" time="0.000138998031616211" />
    <testcase name="Equals (171)" classname="spec_perl_TestNavParentFalse_t" time="0.000121116638183594" />
  </testsuite>
  <testsuite name="spec_perl_TestSwitchManualIntSizeElse_t" errors="0" failures="0" skipped="0" tests="10" time="0.0461430549621582">
    <system-out>1..10
ok 1 - Equals
ok 2 - Equals
ok 3 - Equals
ok 4 - Equals
ok 5 - Equals
ok 6 - Equals
ok 7 - Equals
ok 8 - Equals
ok 9 - Equals
ok 10 - Equals
</system-out>
    <testcase name="Equals (172)" classname="spec_perl_TestSwitchManualIntSizeElse_t" time="0.000563144683837891" />
    <testcase name="Equals (173)" classname="spec_perl_TestSwitchManualIntSizeElse_t" time="7.98702239990234e-05" />
    <testcase name="Equals (174)" classname="spec_perl_TestSwitchManualIntSizeElse_t" time="0.000126123428344727" />
    <testcase name="Equals (175)" classname="spec_perl_TestSwitchManualIntSizeElse_t" time="0.000134944915771484" />
    <testcase name="Equals (176)" classname="spec_perl_TestSwitchManualIntSizeElse_t" time="0.000133037567138672" />
    <testcase name="Equals (177)" classname="spec_perl_TestSwitchManualIntSizeElse_t" time="0.00014805793762207" />
    <testcase name="Equals (178)" classname="spec_perl_TestSwitchManualIntSizeElse_t" time="0.000128984451293945" />
    <testcase name="Equals (179)" classname="spec_perl_TestSwitchManualIntSizeElse_t" time="0.000149965286254883" />
    <testcase name="Equals (180)" classname="spec_perl_TestSwitchManualIntSizeElse_t" time="0.000125885009765625" />
    <testcase name="Equals (181)" classname="spec_perl_TestSwitchManualIntSizeElse_t" time="0.000140190124511719" />
  </testsuite>
  <testsuite name="spec_perl_TestRepeatNStrzDouble_t" errors="0" failures="0" skipped="0" tests="3" time="0.0432748794555664">
    <system-out>1..3
ok 1 - Equals
ok 2 - Equals
ok 3 - Equals
</system-out>
    <testcase name="Equals (182)" classname="spec_perl_TestRepeatNStrzDouble_t" time="0.000284194946289062" />
    <testcase name="Equals (183)" classname="spec_perl_TestRepeatNStrzDouble_t" time="9.58442687988281e-05" />
    <testcase name="Equals (184)" classname="spec_perl_TestRepeatNStrzDouble_t" time="0.000134944915771484" />
  </testsuite>
  <testsuite name="spec_perl_TestExprIoEof_t" errors="0" failures="0" skipped="0" tests="4" time="0.0493500232696533">
    <system-out>1..4
ok 1 - Equals
ok 2 - nil
ok 3 - Equals
ok 4 - Equals
</system-out>
    <testcase name="Equals (185)" classname="spec_perl_TestExprIoEof_t" time="0.000455141067504883" />
    <testcase name="nil (185)" classname="spec_perl_TestExprIoEof_t" time="7.48634338378906e-05" />
    <testcase name="Equals (186)" classname="spec_perl_TestExprIoEof_t" time="5.69820404052734e-05" />
    <testcase name="Equals (187)" classname="spec_perl_TestExprIoEof_t" time="0.000132083892822266" />
  </testsuite>
  <testsuite name="spec_perl_TestBitsSimpleLe_t" errors="0" failures="0" skipped="0" tests="14" time="0.0422430038452148">
    <system-out>1..14
ok 1 - Equals
ok 2 - Equals
ok 3 - Equals
ok 4 - Equals
ok 5 - Equals
ok 6 - Equals
ok 7 - Equals
ok 8 - Equals
ok 9 - Equals
ok 10 - Equals
ok 11 - Equals
ok 12 - Equals
ok 13 - Equals
ok 14 - Equals
</system-out>
    <testcase name="Equals (188)" classname="spec_perl_TestBitsSimpleLe_t" time="0.000278949737548828" />
    <testcase name="Equals (189)" classname="spec_perl_TestBitsSimpleLe_t" time="9.98973846435547e-05" />
    <testcase name="Equals (190)" classname="spec_perl_TestBitsSimpleLe_t" time="0.000138044357299805" />
    <testcase name="Equals (191)" classname="spec_perl_TestBitsSimpleLe_t" time="0.000138044357299805" />
    <testcase name="Equals (192)" classname="spec_perl_TestBitsSimpleLe_t" time="0.000123023986816406" />
    <testcase name="Equals (193)" classname="spec_perl_TestBitsSimpleLe_t" time="0.000149011611938477" />
    <testcase name="Equals (194)" classname="spec_perl_TestBitsSimpleLe_t" time="0.00010991096496582" />
    <testcase name="Equals (195)" classname="spec_perl_TestBitsSimpleLe_t" time="0.000123023986816406" />
    <testcase name="Equals (196)" classname="spec_perl_TestBitsSimpleLe_t" time="0.000151157379150391" />
    <testcase name="Equals (197)" classname="spec_perl_TestBitsSimpleLe_t" time="0.000111818313598633" />
    <testcase name="Equals (198)" classname="spec_perl_TestBitsSimpleLe_t" time="0.0001220703125" />
    <testcase name="Equals (199)" classname="spec_perl_TestBitsSimpleLe_t" time="0.000152111053466797" />
    <testcase name="Equals (200)" classname="spec_perl_TestBitsSimpleLe_t" time="0.000108957290649414" />
    <testcase name="Equals (201)" classname="spec_perl_TestBitsSimpleLe_t" time="0.000140905380249023" />
  </testsuite>
  <testsuite name="spec_perl_TestSwitchRepeatExpr_t" errors="0" failures="0" skipped="0" tests="3" time="0.0407800674438477">
    <system-out>1..3
ok 1 - Equals
ok 2 - Equals
ok 3 - Equals
</system-out>
    <testcase name="Equals (202)" classname="spec_perl_TestSwitchRepeatExpr_t" time="0.000462055206298828" />
    <testcase name="Equals (203)" classname="spec_perl_TestSwitchRepeatExpr_t" time="7.70092010498047e-05" />
    <testcase name="Equals (204)" classname="spec_perl_TestSwitchRepeatExpr_t" time="0.000154972076416016" />
  </testsuite>
  <testsuite name="spec_perl_TestFloatingPoints_t" errors="0" failures="0" skipped="0" tests="8" time="0.0416889190673828">
    <system-out>1..8
ok 1 - Approx equals
ok 2 - Approx equals
ok 3 - Approx equals
ok 4 - Approx equals
ok 5 - Approx equals
ok 6 - Approx equals
ok 7 - Approx equals
ok 8 - Approx equals
</system-out>
    <testcase name="Approx equals (204)" classname="spec_perl_TestFloatingPoints_t" time="0.000137090682983398" />
    <testcase name="Approx equals (205)" classname="spec_perl_TestFloatingPoints_t" time="7.29560852050781e-05" />
    <testcase name="Approx equals (206)" classname="spec_perl_TestFloatingPoints_t" time="4.38690185546875e-05" />
    <testcase name="Approx equals (207)" classname="spec_perl_TestFloatingPoints_t" time="5.50746917724609e-05" />
    <testcase name="Approx equals (208)" classname="spec_perl_TestFloatingPoints_t" time="4.1961669921875e-05" />
    <testcase name="Approx equals (209)" classname="spec_perl_TestFloatingPoints_t" time="5.19752502441406e-05" />
    <testcase name="Approx equals (210)" classname="spec_perl_TestFloatingPoints_t" time="4.10079956054688e-05" />
    <testcase name="Approx equals (211)" classname="spec_perl_TestFloatingPoints_t" time="5.00679016113281e-05" />
  </testsuite>
  <testsuite name="spec_perl_TestExprSizeofValueSized_t" errors="0" failures="0" skipped="0" tests="5" time="0.041572093963623">
    <system-out>1..5
ok 1 - Equals
ok 2 - Equals
ok 3 - Equals
ok 4 - Equals
ok 5 - Equals
</system-out>
    <testcase name="Equals (211)" classname="spec_perl_TestExprSizeofValueSized_t" time="0.00043797492980957" />
    <testcase name="Equals (212)" classname="spec_perl_TestExprSizeofValueSized_t" time="7.29560852050781e-05" />
    <testcase name="Equals (213)" classname="spec_perl_TestExprSizeofValueSized_t" time="0.00014495849609375" />
    <testcase name="Equals (214)" classname="spec_perl_TestExprSizeofValueSized_t" time="0.000128984451293945" />
    <testcase name="Equals (215)" classname="spec_perl_TestExprSizeofValueSized_t" time="0.000138998031616211" />
  </testsuite>
  <testsuite name="spec_perl_TestExprCalcArrayOps_t" errors="0" failures="1" skipped="17" tests="18" time="0.0591230392456055">
    <system-out>1..18
not ok 1 - test_expr_calc_array_ops died (Can't use string (&quot;1000&quot;) as an ARRAY ref while &quot;strict refs&quot; in use at compiled/perl/ExprCalcArrayOps.pm line 50.)
ok 2 # skip test_expr_calc_array_ops died
ok 3 # skip test_expr_calc_array_ops died
ok 4 # skip test_expr_calc_array_ops died
ok 5 # skip test_expr_calc_array_ops died
ok 6 # skip test_expr_calc_array_ops died
ok 7 # skip test_expr_calc_array_ops died
ok 8 # skip test_expr_calc_array_ops died
ok 9 # skip test_expr_calc_array_ops died
ok 10 # skip test_expr_calc_array_ops died
ok 11 # skip test_expr_calc_array_ops died
ok 12 # skip test_expr_calc_array_ops died
ok 13 # skip test_expr_calc_array_ops died
ok 14 # skip test_expr_calc_array_ops died
ok 15 # skip test_expr_calc_array_ops died
ok 16 # skip test_expr_calc_array_ops died
ok 17 # skip test_expr_calc_array_ops died
ok 18 # skip test_expr_calc_array_ops died
</system-out>
    <testcase name="test_expr_calc_array_ops died (Can't use string (&quot;1000&quot;) as an ARRAY ref while &quot;strict refs&quot; in use at compiled/perl/ExprCalcArrayOps.pm line 50.) (215)" classname="spec_perl_TestExprCalcArrayOps_t" time="0.000710010528564453">
      <failure message="not ok 1 - test_expr_calc_array_ops died (Can't use string (&quot;1000&quot;) as an ARRAY ref while &quot;strict refs&quot; in use at compiled/perl/ExprCalcArrayOps.pm line 50.)" type="TAP::Parser::Result::Test"></failure>
    </testcase>
    <testcase name="Unnamed test case 215" classname="spec_perl_TestExprCalcArrayOps_t" time="0.000917911529541016">
      <skipped message="ok 2 # skip test_expr_calc_array_ops died" />
    </testcase>
    <testcase name="Unnamed test case 216" classname="spec_perl_TestExprCalcArrayOps_t" time="0.000380039215087891">
      <skipped message="ok 3 # skip test_expr_calc_array_ops died" />
    </testcase>
    <testcase name="Unnamed test case 217" classname="spec_perl_TestExprCalcArrayOps_t" time="0.000401973724365234">
      <skipped message="ok 4 # skip test_expr_calc_array_ops died" />
    </testcase>
    <testcase name="Unnamed test case 218" classname="spec_perl_TestExprCalcArrayOps_t" time="0.000422000885009766">
      <skipped message="ok 5 # skip test_expr_calc_array_ops died" />
    </testcase>
    <testcase name="Unnamed test case 219" classname="spec_perl_TestExprCalcArrayOps_t" time="0.000407934188842773">
      <skipped message="ok 6 # skip test_expr_calc_array_ops died" />
    </testcase>
    <testcase name="Unnamed test case 220" classname="spec_perl_TestExprCalcArrayOps_t" time="0.000404119491577148">
      <skipped message="ok 7 # skip test_expr_calc_array_ops died" />
    </testcase>
    <testcase name="Unnamed test case 221" classname="spec_perl_TestExprCalcArrayOps_t" time="0.000422954559326172">
      <skipped message="ok 8 # skip test_expr_calc_array_ops died" />
    </testcase>
    <testcase name="Unnamed test case 222" classname="spec_perl_TestExprCalcArrayOps_t" time="0.000394105911254883">
      <skipped message="ok 9 # skip test_expr_calc_array_ops died" />
    </testcase>
    <testcase name="Unnamed test case 223" classname="spec_perl_TestExprCalcArrayOps_t" time="0.0004119873046875">
      <skipped message="ok 10 # skip test_expr_calc_array_ops died" />
    </testcase>
    <testcase name="Unnamed test case 224" classname="spec_perl_TestExprCalcArrayOps_t" time="0.000355958938598633">
      <skipped message="ok 11 # skip test_expr_calc_array_ops died" />
    </testcase>
    <testcase name="Unnamed test case 225" classname="spec_perl_TestExprCalcArrayOps_t" time="0.000370979309082031">
      <skipped message="ok 12 # skip test_expr_calc_array_ops died" />
    </testcase>
    <testcase name="Unnamed test case 226" classname="spec_perl_TestExprCalcArrayOps_t" time="0.000349998474121094">
      <skipped message="ok 13 # skip test_expr_calc_array_ops died" />
    </testcase>
    <testcase name="Unnamed test case 227" classname="spec_perl_TestExprCalcArrayOps_t" time="0.0002899169921875">
      <skipped message="ok 14 # skip test_expr_calc_array_ops died" />
    </testcase>
    <testcase name="Unnamed test case 228" classname="spec_perl_TestExprCalcArrayOps_t" time="0.000374078750610352">
      <skipped message="ok 15 # skip test_expr_calc_array_ops died" />
    </testcase>
    <testcase name="Unnamed test case 229" classname="spec_perl_TestExprCalcArrayOps_t" time="0.000355958938598633">
      <skipped message="ok 16 # skip test_expr_calc_array_ops died" />
    </testcase>
    <testcase name="Unnamed test case 230" classname="spec_perl_TestExprCalcArrayOps_t" time="0.000359058380126953">
      <skipped message="ok 17 # skip test_expr_calc_array_ops died" />
    </testcase>
    <testcase name="Unnamed test case 231" classname="spec_perl_TestExprCalcArrayOps_t" time="0.000425100326538086">
      <skipped message="ok 18 # skip test_expr_calc_array_ops died" />
    </testcase>
  </testsuite>
  <testsuite name="spec_perl_TestInstanceStdArray_t" errors="0" failures="0" skipped="0" tests="7" time="0.0422399044036865">
    <system-out>1..7
ok 1 - Equals
ok 2 - Equals
ok 3 - Equals
ok 4 - Equals
ok 5 - Equals
ok 6 - Equals
ok 7 - Equals
</system-out>
    <testcase name="Equals (231)" classname="spec_perl_TestInstanceStdArray_t" time="0.000226974487304688" />
    <testcase name="Equals (232)" classname="spec_perl_TestInstanceStdArray_t" time="0.000120162963867188" />
    <testcase name="Equals (233)" classname="spec_perl_TestInstanceStdArray_t" time="0.000139951705932617" />
    <testcase name="Equals (234)" classname="spec_perl_TestInstanceStdArray_t" time="0.000159978866577148" />
    <testcase name="Equals (235)" classname="spec_perl_TestInstanceStdArray_t" time="0.000114917755126953" />
    <testcase name="Equals (236)" classname="spec_perl_TestInstanceStdArray_t" time="0.000149011611938477" />
    <testcase name="Equals (237)" classname="spec_perl_TestInstanceStdArray_t" time="0.000116109848022461" />
  </testsuite>
  <testsuite name="spec_perl_TestBitsByteAligned_t" errors="0" failures="0" skipped="0" tests="9" time="0.0414481163024902">
    <system-out>1..9
ok 1 - Equals
ok 2 - Equals
ok 3 - Equals
ok 4 - Equals
ok 5 - Equals
ok 6 - Equals
ok 7 - Equals
ok 8 - Equals
ok 9 - Equals
</system-out>
    <testcase name="Equals (238)" classname="spec_perl_TestBitsByteAligned_t" time="0.000262022018432617" />
    <testcase name="Equals (239)" classname="spec_perl_TestBitsByteAligned_t" time="9.51290130615234e-05" />
    <testcase name="Equals (240)" classname="spec_perl_TestBitsByteAligned_t" time="0.000140905380249023" />
    <testcase name="Equals (241)" classname="spec_perl_TestBitsByteAligned_t" time="0.000136137008666992" />
    <testcase name="Equals (242)" classname="spec_perl_TestBitsByteAligned_t" time="0.000101804733276367" />
    <testcase name="Equals (243)" classname="spec_perl_TestBitsByteAligned_t" time="0.000144004821777344" />
    <testcase name="Equals (244)" classname="spec_perl_TestBitsByteAligned_t" time="0.000113010406494141" />
    <testcase name="Equals (245)" classname="spec_perl_TestBitsByteAligned_t" time="0.000143051147460938" />
    <testcase name="Equals (246)" classname="spec_perl_TestBitsByteAligned_t" time="0.000116109848022461" />
  </testsuite>
  <testsuite name="spec_perl_TestYamlInts_t" errors="0" failures="0" skipped="0" tests="4" time="0.0467219352722168">
    <system-out>1..4
ok 1 - Equals
ok 2 - Equals
ok 3 - Equals
ok 4 - Equals
</system-out>
    <testcase name="Equals (247)" classname="spec_perl_TestYamlInts_t" time="0.000237226486206055" />
    <testcase name="Equals (248)" classname="spec_perl_TestYamlInts_t" time="9.79900360107422e-05" />
    <testcase name="Equals (249)" classname="spec_perl_TestYamlInts_t" time="0.000187873840332031" />
    <testcase name="Equals (250)" classname="spec_perl_TestYamlInts_t" time="0.000149965286254883" />
  </testsuite>
  <testsuite name="spec_perl_TestEnum1_t" errors="0" failures="0" skipped="0" tests="2" time="0.0405080318450928">
    <system-out>1..2
ok 1 - Equals
ok 2 - Equals
</system-out>
    <testcase name="Equals (251)" classname="spec_perl_TestEnum1_t" time="0.000241994857788086" />
    <testcase name="Equals (252)" classname="spec_perl_TestEnum1_t" time="9.51290130615234e-05" />
  </testsuite>
  <testsuite name="spec_perl_TestNavParent3_t" errors="0" failures="0" skipped="0" tests="10" time="0.0452759265899658">
    <system-out>1..10
ok 1 - Equals
ok 2 - Equals
ok 3 - Equals
ok 4 - Equals
ok 5 - Equals
ok 6 - Equals
ok 7 - Equals
ok 8 - Equals
ok 9 - Equals
ok 10 - Equals
</system-out>
    <testcase name="Equals (253)" classname="spec_perl_TestNavParent3_t" time="0.000235080718994141" />
    <testcase name="Equals (254)" classname="spec_perl_TestNavParent3_t" time="8.70227813720703e-05" />
    <testcase name="Equals (255)" classname="spec_perl_TestNavParent3_t" time="0.000357866287231445" />
    <testcase name="Equals (256)" classname="spec_perl_TestNavParent3_t" time="0.000135183334350586" />
    <testcase name="Equals (257)" classname="spec_perl_TestNavParent3_t" time="0.000147819519042969" />
    <testcase name="Equals (258)" classname="spec_perl_TestNavParent3_t" time="0.000189065933227539" />
    <testcase name="Equals (259)" classname="spec_perl_TestNavParent3_t" time="0.000102996826171875" />
    <testcase name="Equals (260)" classname="spec_perl_TestNavParent3_t" time="0.000154972076416016" />
    <testcase name="Equals (261)" classname="spec_perl_TestNavParent3_t" time="0.000114917755126953" />
    <testcase name="Equals (262)" classname="spec_perl_TestNavParent3_t" time="0.000187158584594727" />
  </testsuite>
  <testsuite name="spec_perl_TestRepeatUntilCalcArrayType_t" errors="0" failures="0" skipped="0" tests="7" time="0.0413529872894287">
    <system-out>1..7
ok 1 - Equals
ok 2 - Equals
ok 3 - Equals
ok 4 - Equals
ok 5 - Equals
ok 6 - Equals
ok 7 - Equals
</system-out>
    <testcase name="Equals (263)" classname="spec_perl_TestRepeatUntilCalcArrayType_t" time="0.000465869903564453" />
    <testcase name="Equals (264)" classname="spec_perl_TestRepeatUntilCalcArrayType_t" time="7.41481781005859e-05" />
    <testcase name="Equals (265)" classname="spec_perl_TestRepeatUntilCalcArrayType_t" time="0.000140905380249023" />
    <testcase name="Equals (266)" classname="spec_perl_TestRepeatUntilCalcArrayType_t" time="0.000133991241455078" />
    <testcase name="Equals (267)" classname="spec_perl_TestRepeatUntilCalcArrayType_t" time="0.000131130218505859" />
    <testcase name="Equals (268)" classname="spec_perl_TestRepeatUntilCalcArrayType_t" time="0.000144004821777344" />
    <testcase name="Equals (269)" classname="spec_perl_TestRepeatUntilCalcArrayType_t" time="0.000126838684082031" />
  </testsuite>
  <testsuite name="spec_perl_TestRepeatNStruct_t" errors="0" failures="0" skipped="0" tests="5" time="0.041100025177002">
    <system-out>1..5
ok 1 - Equals
ok 2 - Equals
ok 3 - Equals
ok 4 - Equals
ok 5 - Equals
</system-out>
    <testcase name="Equals (270)" classname="spec_perl_TestRepeatNStruct_t" time="0.000224828720092773" />
    <testcase name="Equals (271)" classname="spec_perl_TestRepeatNStruct_t" time="9.918212890625e-05" />
    <testcase name="Equals (272)" classname="spec_perl_TestRepeatNStruct_t" time="0.000159025192260742" />
    <testcase name="Equals (273)" classname="spec_perl_TestRepeatNStruct_t" time="0.000131845474243164" />
    <testcase name="Equals (274)" classname="spec_perl_TestRepeatNStruct_t" time="0.000133991241455078" />
  </testsuite>
  <testsuite name="spec_perl_TestDefaultBitEndianMod_t" errors="0" failures="0" skipped="0" tests="4" time="0.0417730808258057">
    <system-out>1..4
ok 1 - Equals
ok 2 - Equals
ok 3 - Equals
ok 4 - Equals
</system-out>
    <testcase name="Equals (275)" classname="spec_perl_TestDefaultBitEndianMod_t" time="0.00026702880859375" />
    <testcase name="Equals (276)" classname="spec_perl_TestDefaultBitEndianMod_t" time="7.91549682617188e-05" />
    <testcase name="Equals (277)" classname="spec_perl_TestDefaultBitEndianMod_t" time="0.000130891799926758" />
    <testcase name="Equals (278)" classname="spec_perl_TestDefaultBitEndianMod_t" time="0.000124931335449219" />
  </testsuite>
  <testsuite name="spec_perl_TestRepeatUntilSized_t" errors="0" failures="0" skipped="0" tests="7" time="0.0412580966949463">
    <system-out>1..7
ok 1 - Equals
ok 2 - Equals
ok 3 - Equals
ok 4 - Equals
ok 5 - Equals
ok 6 - Equals
ok 7 - Equals
</system-out>
    <testcase name="Equals (279)" classname="spec_perl_TestRepeatUntilSized_t" time="0.000451087951660156" />
    <testcase name="Equals (280)" classname="spec_perl_TestRepeatUntilSized_t" time="0.000119924545288086" />
    <testcase name="Equals (281)" classname="spec_perl_TestRepeatUntilSized_t" time="0.000123023986816406" />
    <testcase name="Equals (282)" classname="spec_perl_TestRepeatUntilSized_t" time="0.000133037567138672" />
    <testcase name="Equals (283)" classname="spec_perl_TestRepeatUntilSized_t" time="0.000135898590087891" />
    <testcase name="Equals (284)" classname="spec_perl_TestRepeatUntilSized_t" time="0.000174045562744141" />
    <testcase name="Equals (285)" classname="spec_perl_TestRepeatUntilSized_t" time="0.000113964080810547" />
  </testsuite>
  <testsuite name="spec_perl_TestSwitchElseOnly_t" errors="0" failures="0" skipped="0" tests="3" time="0.0404121875762939">
    <system-out>1..3
ok 1 - Equals
ok 2 - Equals
ok 3 - Equals
</system-out>
    <testcase name="Equals (286)" classname="spec_perl_TestSwitchElseOnly_t" time="0.000231027603149414" />
    <testcase name="Equals (287)" classname="spec_perl_TestSwitchElseOnly_t" time="0.000119924545288086" />
    <testcase name="Equals (288)" classname="spec_perl_TestSwitchElseOnly_t" time="0.000130891799926758" />
  </testsuite>
  <testsuite name="spec_perl_TestTermBytes_t" errors="0" failures="0" skipped="0" tests="3" time="0.0403549671173096">
    <system-out>1..3
ok 1 - Equals
ok 2 - Equals
ok 3 - Equals
</system-out>
    <testcase name="Equals (289)" classname="spec_perl_TestTermBytes_t" time="0.000245094299316406" />
    <testcase name="Equals (290)" classname="spec_perl_TestTermBytes_t" time="8.60691070556641e-05" />
    <testcase name="Equals (291)" classname="spec_perl_TestTermBytes_t" time="0.000149965286254883" />
  </testsuite>
  <testsuite name="spec_perl_TestRepeatNStrz_t" errors="0" failures="0" skipped="0" tests="2" time="0.043179988861084">
    <system-out>1..2
ok 1 - Equals
ok 2 - Equals
</system-out>
    <testcase name="Equals (292)" classname="spec_perl_TestRepeatNStrz_t" time="0.000286102294921875" />
    <testcase name="Equals (293)" classname="spec_perl_TestRepeatNStrz_t" time="9.70363616943359e-05" />
  </testsuite>
  <testsuite name="spec_perl_TestParamsPassStruct_t" errors="0" failures="1" skipped="1" tests="4" time="0.0456531047821045">
    <system-out>1..4
ok 1 - Equals
ok 2 - Equals
not ok 3 - test_params_pass_struct died (Can't call method &quot;foo&quot; on an undefined value at spec/perl/TestParamsPassStruct.t line 17.)
ok 4 # skip test_params_pass_struct died
</system-out>
    <testcase name="Equals (294)" classname="spec_perl_TestParamsPassStruct_t" time="0.000251054763793945" />
    <testcase name="Equals (295)" classname="spec_perl_TestParamsPassStruct_t" time="7.51018524169922e-05" />
    <testcase name="test_params_pass_struct died (Can't call method &quot;foo&quot; on an undefined value at spec/perl/TestParamsPassStruct.t line 17.) (295)" classname="spec_perl_TestParamsPassStruct_t" time="0.000221014022827148">
      <failure message="not ok 3 - test_params_pass_struct died (Can't call method &quot;foo&quot; on an undefined value at spec/perl/TestParamsPassStruct.t line 17.)" type="TAP::Parser::Result::Test"></failure>
    </testcase>
    <testcase name="Unnamed test case 295" classname="spec_perl_TestParamsPassStruct_t" time="0.00155282020568848">
      <skipped message="ok 4 # skip test_params_pass_struct died" />
    </testcase>
  </testsuite>
  <testsuite name="spec_perl_TestBitsSeqEndianCombo_t" errors="0" failures="0" skipped="0" tests="8" time="0.0410048961639404">
    <system-out>1..8
ok 1 - Equals
ok 2 - Equals
ok 3 - Equals
ok 4 - Equals
ok 5 - Equals
ok 6 - Equals
ok 7 - Equals
ok 8 - Equals
</system-out>
    <testcase name="Equals (296)" classname="spec_perl_TestBitsSeqEndianCombo_t" time="0.000259160995483398" />
    <testcase name="Equals (297)" classname="spec_perl_TestBitsSeqEndianCombo_t" time="0.000130891799926758" />
    <testcase name="Equals (298)" classname="spec_perl_TestBitsSeqEndianCombo_t" time="0.000136137008666992" />
    <testcase name="Equals (299)" classname="spec_perl_TestBitsSeqEndianCombo_t" time="0.000136852264404297" />
    <testcase name="Equals (300)" classname="spec_perl_TestBitsSeqEndianCombo_t" time="0.000115156173706055" />
    <testcase name="Equals (301)" classname="spec_perl_TestBitsSeqEndianCombo_t" time="0.000142812728881836" />
    <testcase name="Equals (302)" classname="spec_perl_TestBitsSeqEndianCombo_t" time="0.000112056732177734" />
    <testcase name="Equals (303)" classname="spec_perl_TestBitsSeqEndianCombo_t" time="0.000123023986816406" />
  </testsuite>
  <testsuite name="spec_perl_TestValidShort_t" errors="1" failures="0" skipped="0" tests="0" time="0.0456020832061768">
    <system-out></system-out>
    <testcase name="Test died too soon, even before plan. (303)" classname="spec_perl_TestValidShort_t" time="0.0456020832061768">
      <failure message="The test suite died before a plan was produced. You need to have a plan." type="Plan">No plan</failure>
    </testcase>
  </testsuite>
  <testsuite name="spec_perl_TestTypeTernary2ndFalsy_t" errors="0" failures="1" skipped="0" tests="13" time="0.0454199314117432">
    <system-out>1..13
ok 1 - Equals
ok 2 - Equals
ok 3 - Equals
ok 4 - Approx equals
ok 5 - Approx equals
ok 6 - Equals
ok 7 - Equals
ok 8 - Equals
ok 9 - nil
ok 10 - Equals
ok 11 - Equals
ok 12 - Equals
not ok 13 - test_type_ternary_2nd_falsy died (Can't use an undefined value as an ARRAY reference at spec/perl/TestTypeTernary2ndFalsy.t line 27.)
</system-out>
    <testcase name="Equals (304)" classname="spec_perl_TestTypeTernary2ndFalsy_t" time="0.000247955322265625" />
    <testcase name="Equals (305)" classname="spec_perl_TestTypeTernary2ndFalsy_t" time="9.29832458496094e-05" />
    <testcase name="Equals (306)" classname="spec_perl_TestTypeTernary2ndFalsy_t" time="0.000138044357299805" />
    <testcase name="Approx equals (306)" classname="spec_perl_TestTypeTernary2ndFalsy_t" time="5.98430633544922e-05" />
    <testcase name="Approx equals (307)" classname="spec_perl_TestTypeTernary2ndFalsy_t" time="5.31673431396484e-05" />
    <testcase name="Equals (307)" classname="spec_perl_TestTypeTernary2ndFalsy_t" time="0.000116825103759766" />
    <testcase name="Equals (308)" classname="spec_perl_TestTypeTernary2ndFalsy_t" time="0.000150203704833984" />
    <testcase name="Equals (309)" classname="spec_perl_TestTypeTernary2ndFalsy_t" time="0.000113964080810547" />
    <testcase name="nil (309)" classname="spec_perl_TestTypeTernary2ndFalsy_t" time="6.103515625e-05" />
    <testcase name="Equals (310)" classname="spec_perl_TestTypeTernary2ndFalsy_t" time="0.000139951705932617" />
    <testcase name="Equals (311)" classname="spec_perl_TestTypeTernary2ndFalsy_t" time="0.000119924545288086" />
    <testcase name="Equals (312)" classname="spec_perl_TestTypeTernary2ndFalsy_t" time="0.000145912170410156" />
    <testcase name="test_type_ternary_2nd_falsy died (Can't use an undefined value as an ARRAY reference at spec/perl/TestTypeTernary2ndFalsy.t line 27.) (312)" classname="spec_perl_TestTypeTernary2ndFalsy_t" time="0.000214099884033203">
      <failure message="not ok 13 - test_type_ternary_2nd_falsy died (Can't use an undefined value as an ARRAY reference at spec/perl/TestTypeTernary2ndFalsy.t line 27.)" type="TAP::Parser::Result::Test"></failure>
    </testcase>
  </testsuite>
  <testsuite name="spec_perl_TestProcessRotate_t" errors="0" failures="0" skipped="0" tests="3" time="0.0403609275817871">
    <system-out>1..3
ok 1 - Equals
ok 2 - Equals
ok 3 - Equals
</system-out>
    <testcase name="Equals (313)" classname="spec_perl_TestProcessRotate_t" time="0.000254154205322266" />
    <testcase name="Equals (314)" classname="spec_perl_TestProcessRotate_t" time="0.000113010406494141" />
    <testcase name="Equals (315)" classname="spec_perl_TestProcessRotate_t" time="0.000169992446899414" />
  </testsuite>
  <testsuite name="spec_perl_TestNestedTypeParam_t" errors="0" failures="2" skipped="0" tests="2" time="0.049170970916748">
    <system-out>1..2
not ok 1 - Equals
not ok 2 - Equals
</system-out>
    <testcase name="Equals (316)" classname="spec_perl_TestNestedTypeParam_t" time="0.00169777870178223">
      <failure message="not ok 1 - Equals" type="TAP::Parser::Result::Test"></failure>
    </testcase>
    <testcase name="Equals (317)" classname="spec_perl_TestNestedTypeParam_t" time="0.00128602981567383">
      <failure message="not ok 2 - Equals" type="TAP::Parser::Result::Test"></failure>
    </testcase>
  </testsuite>
  <testsuite name="spec_perl_TestCombineBool_t" errors="0" failures="0" skipped="0" tests="2" time="0.0412240028381348">
    <system-out>1..2
ok 1 - Equals
ok 2 - Equals
</system-out>
    <testcase name="Equals (318)" classname="spec_perl_TestCombineBool_t" time="0.000200986862182617" />
    <testcase name="Equals (319)" classname="spec_perl_TestCombineBool_t" time="8.98838043212891e-05" />
  </testsuite>
  <testsuite name="spec_perl_TestTypeTernaryOpaque_t" errors="0" failures="0" skipped="0" tests="3" time="0.0446341037750244">
    <system-out>1..3
ok 1 - Equals
ok 2 - Equals
ok 3 - Equals
</system-out>
    <testcase name="Equals (320)" classname="spec_perl_TestTypeTernaryOpaque_t" time="0.000487089157104492" />
    <testcase name="Equals (321)" classname="spec_perl_TestTypeTernaryOpaque_t" time="7.48634338378906e-05" />
    <testcase name="Equals (322)" classname="spec_perl_TestTypeTernaryOpaque_t" time="0.000136137008666992" />
  </testsuite>
  <testsuite name="spec_perl_TestEnumLongRangeS_t" errors="0" failures="0" skipped="0" tests="7" time="0.0418879985809326">
    <system-out>1..7
ok 1 - Equals
ok 2 - Equals
ok 3 - Equals
ok 4 - Equals
ok 5 - Equals
ok 6 - Equals
ok 7 - Equals
</system-out>
    <testcase name="Equals (323)" classname="spec_perl_TestEnumLongRangeS_t" time="0.00023198127746582" />
    <testcase name="Equals (324)" classname="spec_perl_TestEnumLongRangeS_t" time="0.000124931335449219" />
    <testcase name="Equals (325)" classname="spec_perl_TestEnumLongRangeS_t" time="0.000141143798828125" />
    <testcase name="Equals (326)" classname="spec_perl_TestEnumLongRangeS_t" time="0.000133991241455078" />
    <testcase name="Equals (327)" classname="spec_perl_TestEnumLongRangeS_t" time="0.000121831893920898" />
    <testcase name="Equals (328)" classname="spec_perl_TestEnumLongRangeS_t" time="0.000177145004272461" />
    <testcase name="Equals (329)" classname="spec_perl_TestEnumLongRangeS_t" time="0.000110864639282227" />
  </testsuite>
  <testsuite name="spec_perl_TestEosExceptionU4_t" errors="0" failures="0" skipped="0" tests="1" time="0.0413370132446289">
    <system-out>1..1
ok 1 - Died
</system-out>
    <testcase name="Died (329)" classname="spec_perl_TestEosExceptionU4_t" time="0.000396013259887695" />
  </testsuite>
  <testsuite name="spec_perl_TestBitsEnum_t" errors="0" failures="0" skipped="0" tests="3" time="0.0403439998626709">
    <system-out>1..3
ok 1 - Equals
ok 2 - Equals
ok 3 - Equals
</system-out>
    <testcase name="Equals (330)" classname="spec_perl_TestBitsEnum_t" time="0.000229120254516602" />
    <testcase name="Equals (331)" classname="spec_perl_TestBitsEnum_t" time="0.000118017196655273" />
    <testcase name="Equals (332)" classname="spec_perl_TestBitsEnum_t" time="0.000145912170410156" />
  </testsuite>
  <testsuite name="spec_perl_TestParamsEnum_t" errors="0" failures="1" skipped="0" tests="2" time="0.0509190559387207">
    <system-out>1..2
ok 1 - Equals
not ok 2 - Equals
</system-out>
    <testcase name="Equals (333)" classname="spec_perl_TestParamsEnum_t" time="0.000236034393310547" />
    <testcase name="Equals (334)" classname="spec_perl_TestParamsEnum_t" time="0.000159025192260742">
      <failure message="not ok 2 - Equals" type="TAP::Parser::Result::Test"></failure>
    </testcase>
  </testsuite>
  <testsuite name="spec_perl_TestIndexToParamUntil_t" errors="0" failures="2" skipped="0" tests="7" time="0.0660490989685059">
    <system-out>1..7
ok 1 - Equals
ok 2 - Equals
ok 3 - Equals
ok 4 - Equals
ok 5 - Equals
not ok 6 - Equals
not ok 7 - Equals
</system-out>
    <testcase name="Equals (335)" classname="spec_perl_TestIndexToParamUntil_t" time="0.000369071960449219" />
    <testcase name="Equals (336)" classname="spec_perl_TestIndexToParamUntil_t" time="0.000377893447875977" />
    <testcase name="Equals (337)" classname="spec_perl_TestIndexToParamUntil_t" time="0.000329017639160156" />
    <testcase name="Equals (338)" classname="spec_perl_TestIndexToParamUntil_t" time="0.000374078750610352" />
    <testcase name="Equals (339)" classname="spec_perl_TestIndexToParamUntil_t" time="0.000345945358276367" />
    <testcase name="Equals (340)" classname="spec_perl_TestIndexToParamUntil_t" time="0.000370979309082031">
      <failure message="not ok 6 - Equals" type="TAP::Parser::Result::Test"></failure>
    </testcase>
    <testcase name="Equals (341)" classname="spec_perl_TestIndexToParamUntil_t" time="0.00106596946716309">
      <failure message="not ok 7 - Equals" type="TAP::Parser::Result::Test"></failure>
    </testcase>
  </testsuite>
  <testsuite name="spec_perl_TestUserType_t" errors="0" failures="0" skipped="0" tests="2" time="0.0401380062103271">
    <system-out>1..2
ok 1 - Equals
ok 2 - Equals
</system-out>
    <testcase name="Equals (342)" classname="spec_perl_TestUserType_t" time="0.000250101089477539" />
    <testcase name="Equals (343)" classname="spec_perl_TestUserType_t" time="7.39097595214844e-05" />
  </testsuite>
  <testsuite name="spec_perl_TestDefaultEndianExprIsBe_t" errors="0" failures="0" skipped="0" tests="18" time="0.0433359146118164">
    <system-out>1..18
ok 1 - Equals
ok 2 - Equals
ok 3 - Equals
ok 4 - Equals
ok 5 - Equals
ok 6 - Equals
ok 7 - Equals
ok 8 - Equals
ok 9 - Equals
ok 10 - Equals
ok 11 - Equals
ok 12 - Equals
ok 13 - Equals
ok 14 - Equals
ok 15 - Equals
ok 16 - Equals
ok 17 - Equals
ok 18 - Equals
</system-out>
    <testcase name="Equals (344)" classname="spec_perl_TestDefaultEndianExprIsBe_t" time="0.000262022018432617" />
    <testcase name="Equals (345)" classname="spec_perl_TestDefaultEndianExprIsBe_t" time="9.20295715332031e-05" />
    <testcase name="Equals (346)" classname="spec_perl_TestDefaultEndianExprIsBe_t" time="0.000144004821777344" />
    <testcase name="Equals (347)" classname="spec_perl_TestDefaultEndianExprIsBe_t" time="0.000125885009765625" />
    <testcase name="Equals (348)" classname="spec_perl_TestDefaultEndianExprIsBe_t" time="0.000145196914672852" />
    <testcase name="Equals (349)" classname="spec_perl_TestDefaultEndianExprIsBe_t" time="0.000159978866577148" />
    <testcase name="Equals (350)" classname="spec_perl_TestDefaultEndianExprIsBe_t" time="0.000116825103759766" />
    <testcase name="Equals (351)" classname="spec_perl_TestDefaultEndianExprIsBe_t" time="0.000143051147460938" />
    <testcase name="Equals (352)" classname="spec_perl_TestDefaultEndianExprIsBe_t" time="0.000116109848022461" />
    <testcase name="Equals (353)" classname="spec_perl_TestDefaultEndianExprIsBe_t" time="0.000149011611938477" />
    <testcase name="Equals (354)" classname="spec_perl_TestDefaultEndianExprIsBe_t" time="0.000144004821777344" />
    <testcase name="Equals (355)" classname="spec_perl_TestDefaultEndianExprIsBe_t" time="0.000154972076416016" />
    <testcase name="Equals (356)" classname="spec_perl_TestDefaultEndianExprIsBe_t" time="0.000123977661132812" />
    <testcase name="Equals (357)" classname="spec_perl_TestDefaultEndianExprIsBe_t" time="0.000123023986816406" />
    <testcase name="Equals (358)" classname="spec_perl_TestDefaultEndianExprIsBe_t" time="0.000128030776977539" />
    <testcase name="Equals (359)" classname="spec_perl_TestDefaultEndianExprIsBe_t" time="0.000119924545288086" />
    <testcase name="Equals (360)" classname="spec_perl_TestDefaultEndianExprIsBe_t" time="0.000164031982421875" />
    <testcase name="Equals (361)" classname="spec_perl_TestDefaultEndianExprIsBe_t" time="0.000145912170410156" />
  </testsuite>
  <testsuite name="spec_perl_TestSwitchManualIntSizeEos_t" errors="0" failures="0" skipped="0" tests="10" time="0.0458109378814697">
    <system-out>1..10
ok 1 - Equals
ok 2 - Equals
ok 3 - Equals
ok 4 - Equals
ok 5 - Equals
ok 6 - Equals
ok 7 - Equals
ok 8 - Equals
ok 9 - Equals
ok 10 - Equals
</system-out>
    <testcase name="Equals (362)" classname="spec_perl_TestSwitchManualIntSizeEos_t" time="0.000597953796386719" />
    <testcase name="Equals (363)" classname="spec_perl_TestSwitchManualIntSizeEos_t" time="0.000108957290649414" />
    <testcase name="Equals (364)" classname="spec_perl_TestSwitchManualIntSizeEos_t" time="0.000140190124511719" />
    <testcase name="Equals (365)" classname="spec_perl_TestSwitchManualIntSizeEos_t" time="0.000135898590087891" />
    <testcase name="Equals (366)" classname="spec_perl_TestSwitchManualIntSizeEos_t" time="0.000139951705932617" />
    <testcase name="Equals (367)" classname="spec_perl_TestSwitchManualIntSizeEos_t" time="0.000153064727783203" />
    <testcase name="Equals (368)" classname="spec_perl_TestSwitchManualIntSizeEos_t" time="0.000138044357299805" />
    <testcase name="Equals (369)" classname="spec_perl_TestSwitchManualIntSizeEos_t" time="0.0001220703125" />
    <testcase name="Equals (370)" classname="spec_perl_TestSwitchManualIntSizeEos_t" time="0.000140905380249023" />
    <testcase name="Equals (371)" classname="spec_perl_TestSwitchManualIntSizeEos_t" time="0.000123023986816406" />
  </testsuite>
  <testsuite name="spec_perl_TestImportsAbsAbs_t" errors="0" failures="0" skipped="0" tests="3" time="0.0409669876098633">
    <system-out>1..3
ok 1 - Equals
ok 2 - Equals
ok 3 - Equals
</system-out>
    <testcase name="Equals (372)" classname="spec_perl_TestImportsAbsAbs_t" time="0.000236034393310547" />
    <testcase name="Equals (373)" classname="spec_perl_TestImportsAbsAbs_t" time="9.48905944824219e-05" />
    <testcase name="Equals (374)" classname="spec_perl_TestImportsAbsAbs_t" time="0.000144004821777344" />
  </testsuite>
  <testsuite name="spec_perl_TestExprStrOps_t" errors="1" failures="0" skipped="0" tests="0" time="0.0393872261047363">
    <system-out></system-out>
    <testcase name="Test died too soon, even before plan. (374)" classname="spec_perl_TestExprStrOps_t" time="0.0393872261047363">
      <failure message="The test suite died before a plan was produced. You need to have a plan." type="Plan">No plan</failure>
    </testcase>
  </testsuite>
  <testsuite name="spec_perl_TestImportsCircularA_t" errors="0" failures="0" skipped="0" tests="5" time="0.0415089130401611">
    <system-out>1..5
ok 1 - Equals
ok 2 - Equals
ok 3 - Equals
ok 4 - Equals
ok 5 - nil
</system-out>
    <testcase name="Equals (375)" classname="spec_perl_TestImportsCircularA_t" time="0.000243186950683594" />
    <testcase name="Equals (376)" classname="spec_perl_TestImportsCircularA_t" time="0.000116825103759766" />
    <testcase name="Equals (377)" classname="spec_perl_TestImportsCircularA_t" time="0.000152111053466797" />
    <testcase name="Equals (378)" classname="spec_perl_TestImportsCircularA_t" time="0.00024104118347168" />
    <testcase name="nil (378)" classname="spec_perl_TestImportsCircularA_t" time="7.48634338378906e-05" />
  </testsuite>
  <testsuite name="spec_perl_TestBitsSimple_t" errors="0" failures="0" skipped="0" tests="14" time="0.0421497821807861">
    <system-out>1..14
ok 1 - Equals
ok 2 - Equals
ok 3 - Equals
ok 4 - Equals
ok 5 - Equals
ok 6 - Equals
ok 7 - Equals
ok 8 - Equals
ok 9 - Equals
ok 10 - Equals
ok 11 - Equals
ok 12 - Equals
ok 13 - Equals
ok 14 - Equals
</system-out>
    <testcase name="Equals (379)" classname="spec_perl_TestBitsSimple_t" time="0.000280857086181641" />
    <testcase name="Equals (380)" classname="spec_perl_TestBitsSimple_t" time="0.000105142593383789" />
    <testcase name="Equals (381)" classname="spec_perl_TestBitsSimple_t" time="0.000155925750732422" />
    <testcase name="Equals (382)" classname="spec_perl_TestBitsSimple_t" time="0.000115871429443359" />
    <testcase name="Equals (383)" classname="spec_perl_TestBitsSimple_t" time="0.000150203704833984" />
    <testcase name="Equals (384)" classname="spec_perl_TestBitsSimple_t" time="0.00011897087097168" />
    <testcase name="Equals (385)" classname="spec_perl_TestBitsSimple_t" time="0.000140905380249023" />
    <testcase name="Equals (386)" classname="spec_perl_TestBitsSimple_t" time="0.000123977661132812" />
    <testcase name="Equals (387)" classname="spec_perl_TestBitsSimple_t" time="0.000147104263305664" />
    <testcase name="Equals (388)" classname="spec_perl_TestBitsSimple_t" time="0.000110864639282227" />
    <testcase name="Equals (389)" classname="spec_perl_TestBitsSimple_t" time="0.000152111053466797" />
    <testcase name="Equals (390)" classname="spec_perl_TestBitsSimple_t" time="0.000114917755126953" />
    <testcase name="Equals (391)" classname="spec_perl_TestBitsSimple_t" time="0.000123023986816406" />
    <testcase name="Equals (392)" classname="spec_perl_TestBitsSimple_t" time="0.00014805793762207" />
  </testsuite>
  <testsuite name="spec_perl_TestExprEnum_t" errors="0" failures="0" skipped="0" tests="3" time="0.0415511131286621">
    <system-out>1..3
ok 1 - Equals
ok 2 - Equals
ok 3 - Equals
</system-out>
    <testcase name="Equals (393)" classname="spec_perl_TestExprEnum_t" time="0.000217199325561523" />
    <testcase name="Equals (394)" classname="spec_perl_TestExprEnum_t" time="0.00011897087097168" />
    <testcase name="Equals (395)" classname="spec_perl_TestExprEnum_t" time="0.000135898590087891" />
  </testsuite>
  <testsuite name="spec_perl_TestNavParentFalse2_t" errors="0" failures="0" skipped="0" tests="1" time="0.0404989719390869">
    <system-out>1..1
ok 1 - Equals
</system-out>
    <testcase name="Equals (396)" classname="spec_perl_TestNavParentFalse2_t" time="0.000245094299316406" />
  </testsuite>
  <testsuite name="spec_perl_TestSwitchManualEnumInvalid_t" errors="0" failures="0" skipped="0" tests="5" time="0.044658899307251">
    <system-out>1..5
ok 1 - Equals
ok 2 - Equals
ok 3 - nil
ok 4 - Equals
ok 5 - nil
</system-out>
    <testcase name="Equals (397)" classname="spec_perl_TestSwitchManualEnumInvalid_t" time="0.000247001647949219" />
    <testcase name="Equals (398)" classname="spec_perl_TestSwitchManualEnumInvalid_t" time="9.01222229003906e-05" />
    <testcase name="nil (398)" classname="spec_perl_TestSwitchManualEnumInvalid_t" time="5.98430633544922e-05" />
    <testcase name="Equals (399)" classname="spec_perl_TestSwitchManualEnumInvalid_t" time="0.000149011611938477" />
    <testcase name="nil (399)" classname="spec_perl_TestSwitchManualEnumInvalid_t" time="6.50882720947266e-05" />
  </testsuite>
  <testsuite name="spec_perl_TestSwitchIntegers_t" errors="0" failures="0" skipped="0" tests="9" time="0.0412318706512451">
    <system-out>1..9
ok 1 - Equals
ok 2 - Equals
ok 3 - Equals
ok 4 - Equals
ok 5 - Equals
ok 6 - Equals
ok 7 - Equals
ok 8 - Equals
ok 9 - Equals
</system-out>
    <testcase name="Equals (400)" classname="spec_perl_TestSwitchIntegers_t" time="0.000244855880737305" />
    <testcase name="Equals (401)" classname="spec_perl_TestSwitchIntegers_t" time="9.60826873779297e-05" />
    <testcase name="Equals (402)" classname="spec_perl_TestSwitchIntegers_t" time="0.000143051147460938" />
    <testcase name="Equals (403)" classname="spec_perl_TestSwitchIntegers_t" time="0.000124931335449219" />
    <testcase name="Equals (404)" classname="spec_perl_TestSwitchIntegers_t" time="0.000113964080810547" />
    <testcase name="Equals (405)" classname="spec_perl_TestSwitchIntegers_t" time="0.000147104263305664" />
    <testcase name="Equals (406)" classname="spec_perl_TestSwitchIntegers_t" time="0.000112056732177734" />
    <testcase name="Equals (407)" classname="spec_perl_TestSwitchIntegers_t" time="0.000123977661132812" />
    <testcase name="Equals (408)" classname="spec_perl_TestSwitchIntegers_t" time="0.000121831893920898" />
  </testsuite>
  <testsuite name="spec_perl_TestBufferedStruct_t" errors="0" failures="0" skipped="0" tests="7" time="0.0418329238891602">
    <system-out>1..7
ok 1 - Equals
ok 2 - Equals
ok 3 - Equals
ok 4 - Equals
ok 5 - Equals
ok 6 - Equals
ok 7 - Equals
</system-out>
    <testcase name="Equals (409)" classname="spec_perl_TestBufferedStruct_t" time="0.000454187393188477" />
    <testcase name="Equals (410)" classname="spec_perl_TestBufferedStruct_t" time="7.89165496826172e-05" />
    <testcase name="Equals (411)" classname="spec_perl_TestBufferedStruct_t" time="0.000137090682983398" />
    <testcase name="Equals (412)" classname="spec_perl_TestBufferedStruct_t" time="0.000121831893920898" />
    <testcase name="Equals (413)" classname="spec_perl_TestBufferedStruct_t" time="0.000138044357299805" />
    <testcase name="Equals (414)" classname="spec_perl_TestBufferedStruct_t" time="0.000117063522338867" />
    <testcase name="Equals (415)" classname="spec_perl_TestBufferedStruct_t" time="0.000139951705932617" />
  </testsuite>
  <testsuite name="spec_perl_TestDocstrings_t" errors="0" failures="0" skipped="1" tests="1" time="0.0413880348205566">
    <system-out>1..1
ok 1 # skip Docstrings=HASH(0x21b0580)
</system-out>
    <testcase name="Unnamed test case 415" classname="spec_perl_TestDocstrings_t" time="0.00114107131958008">
      <skipped message="ok 1 # skip Docstrings=HASH(0x21b0580)" />
    </testcase>
  </testsuite>
  <testsuite name="spec_perl_TestSwitchManualStrElse_t" errors="0" failures="0" skipped="0" tests="9" time="0.0443780422210693">
    <system-out>1..9
ok 1 - Equals
ok 2 - Equals
ok 3 - Equals
ok 4 - Equals
ok 5 - Equals
ok 6 - Equals
ok 7 - Equals
ok 8 - Equals
ok 9 - Equals
</system-out>
    <testcase name="Equals (416)" classname="spec_perl_TestSwitchManualStrElse_t" time="0.000298976898193359" />
    <testcase name="Equals (417)" classname="spec_perl_TestSwitchManualStrElse_t" time="7.70092010498047e-05" />
    <testcase name="Equals (418)" classname="spec_perl_TestSwitchManualStrElse_t" time="0.000181913375854492" />
    <testcase name="Equals (419)" classname="spec_perl_TestSwitchManualStrElse_t" time="0.000117063522338867" />
    <testcase name="Equals (420)" classname="spec_perl_TestSwitchManualStrElse_t" time="0.000149965286254883" />
    <testcase name="Equals (421)" classname="spec_perl_TestSwitchManualStrElse_t" time="0.000108003616333008" />
    <testcase name="Equals (422)" classname="spec_perl_TestSwitchManualStrElse_t" time="0.000142097473144531" />
    <testcase name="Equals (423)" classname="spec_perl_TestSwitchManualStrElse_t" time="0.000123023986816406" />
    <testcase name="Equals (424)" classname="spec_perl_TestSwitchManualStrElse_t" time="0.000154972076416016" />
  </testsuite>
  <testsuite name="spec_perl_TestStrLiterals2_t" errors="0" failures="0" skipped="0" tests="4" time="0.0406019687652588">
    <system-out>1..4
ok 1 - Equals
ok 2 - Equals
ok 3 - Equals
ok 4 - Equals
</system-out>
    <testcase name="Equals (425)" classname="spec_perl_TestStrLiterals2_t" time="0.000224828720092773" />
    <testcase name="Equals (426)" classname="spec_perl_TestStrLiterals2_t" time="0.000128030776977539" />
    <testcase name="Equals (427)" classname="spec_perl_TestStrLiterals2_t" time="0.000164985656738281" />
    <testcase name="Equals (428)" classname="spec_perl_TestStrLiterals2_t" time="0.000149965286254883" />
  </testsuite>
  <testsuite name="spec_perl_TestDocstringsDocrefMulti_t" errors="0" failures="0" skipped="1" tests="1" time="0.0413320064544678">
    <system-out>1..1
ok 1 # skip DocstringsDocrefMulti=HASH(0x23dd598)
</system-out>
    <testcase name="Unnamed test case 428" classname="spec_perl_TestDocstringsDocrefMulti_t" time="0.00110697746276855">
      <skipped message="ok 1 # skip DocstringsDocrefMulti=HASH(0x23dd598)" />
    </testcase>
  </testsuite>
  <testsuite name="spec_perl_TestPositionAbs_t" errors="0" failures="0" skipped="0" tests="2" time="0.044625997543335">
    <system-out>1..2
ok 1 - Equals
ok 2 - Equals
</system-out>
    <testcase name="Equals (429)" classname="spec_perl_TestPositionAbs_t" time="0.000247001647949219" />
    <testcase name="Equals (430)" classname="spec_perl_TestPositionAbs_t" time="0.000195980072021484" />
  </testsuite>
  <testsuite name="spec_perl_TestDefaultEndianExprInherited_t" errors="0" failures="0" skipped="0" tests="15" time="0.0437791347503662">
    <system-out>1..15
ok 1 - Equals
ok 2 - Equals
ok 3 - Equals
ok 4 - Equals
ok 5 - Equals
ok 6 - Equals
ok 7 - Equals
ok 8 - Equals
ok 9 - Equals
ok 10 - Equals
ok 11 - Equals
ok 12 - Equals
ok 13 - Equals
ok 14 - Equals
ok 15 - Equals
</system-out>
    <testcase name="Equals (431)" classname="spec_perl_TestDefaultEndianExprInherited_t" time="0.000325202941894531" />
    <testcase name="Equals (432)" classname="spec_perl_TestDefaultEndianExprInherited_t" time="0.000104904174804688" />
    <testcase name="Equals (433)" classname="spec_perl_TestDefaultEndianExprInherited_t" time="0.000149965286254883" />
    <testcase name="Equals (434)" classname="spec_perl_TestDefaultEndianExprInherited_t" time="0.000119924545288086" />
    <testcase name="Equals (435)" classname="spec_perl_TestDefaultEndianExprInherited_t" time="0.00014805793762207" />
    <testcase name="Equals (436)" classname="spec_perl_TestDefaultEndianExprInherited_t" time="0.000123023986816406" />
[...]
    <testcase name="Equals (738)" classname="spec_perl_TestEnumIf_t" time="0.000125885009765625" />
    <testcase name="Equals (739)" classname="spec_perl_TestEnumIf_t" time="0.000123023986816406" />
    <testcase name="Equals (740)" classname="spec_perl_TestEnumIf_t" time="0.000144004821777344" />
  </testsuite>
  <testsuite name="spec_perl_TestCombineStr_t" errors="0" failures="0" skipped="0" tests="15" time="0.0464279651641846">
    <system-out>1..15
ok 1 - Equals
ok 2 - Equals
ok 3 - Equals
ok 4 - Equals
ok 5 - Equals
ok 6 - Equals
ok 7 - Equals
ok 8 - Equals
ok 9 - Equals
ok 10 - Equals
ok 11 - Equals
ok 12 - Equals
ok 13 - Equals
ok 14 - Equals
ok 15 - Equals
</system-out>
    <testcase name="Equals (741)" classname="spec_perl_TestCombineStr_t" time="0.000252962112426758" />
    <testcase name="Equals (742)" classname="spec_perl_TestCombineStr_t" time="7.79628753662109e-05" />
    <testcase name="Equals (743)" classname="spec_perl_TestCombineStr_t" time="0.000139951705932617" />
    <testcase name="Equals (744)" classname="spec_perl_TestCombineStr_t" time="0.000128984451293945" />
    <testcase name="Equals (745)" classname="spec_perl_TestCombineStr_t" time="0.000152111053466797" />
    <testcase name="Equals (746)" classname="spec_perl_TestCombineStr_t" time="0.000119924545288086" />
    <testcase name="Equals (747)" classname="spec_perl_TestCombineStr_t" time="0.00014805793762207" />
    <testcase name="Equals (748)" classname="spec_perl_TestCombineStr_t" time="0.0001220703125" />
    <testcase name="Equals (749)" classname="spec_perl_TestCombineStr_t" time="0.000144004821777344" />
    <testcase name="Equals (750)" classname="spec_perl_TestCombineStr_t" time="0.000124931335449219" />
    <testcase name="Equals (751)" classname="spec_perl_TestCombineStr_t" time="0.000150918960571289" />
    <testcase name="Equals (752)" classname="spec_perl_TestCombineStr_t" time="0.000146150588989258" />
    <testcase name="Equals (753)" classname="spec_perl_TestCombineStr_t" time="0.000120878219604492" />
    <testcase name="Equals (754)" classname="spec_perl_TestCombineStr_t" time="0.000150918960571289" />
    <testcase name="Equals (755)" classname="spec_perl_TestCombineStr_t" time="0.000158071517944336" />
  </testsuite>
  <testsuite name="spec_perl_TestDocstringsDocref_t" errors="0" failures="0" skipped="1" tests="1" time="0.0410377979278564">
    <system-out>1..1
ok 1 # skip DocstringsDocref=HASH(0x1b17588)
</system-out>
    <testcase name="Unnamed test case 755" classname="spec_perl_TestDocstringsDocref_t" time="0.0010828971862793">
      <skipped message="ok 1 # skip DocstringsDocref=HASH(0x1b17588)" />
    </testcase>
  </testsuite>
  <testsuite name="spec_perl_TestSwitchCast_t" errors="0" failures="0" skipped="0" tests="2" time="0.0431089401245117">
    <system-out>1..2
ok 1 - Equals
ok 2 - Equals
</system-out>
    <testcase name="Equals (756)" classname="spec_perl_TestSwitchCast_t" time="0.000310897827148438" />
    <testcase name="Equals (757)" classname="spec_perl_TestSwitchCast_t" time="0.000133991241455078" />
  </testsuite>
  <testsuite name="spec_perl_TestExprSizeofValue0_t" errors="0" failures="0" skipped="0" tests="5" time="0.0416479110717773">
    <system-out>1..5
ok 1 - Equals
ok 2 - Equals
ok 3 - Equals
ok 4 - Equals
ok 5 - Equals
</system-out>
    <testcase name="Equals (758)" classname="spec_perl_TestExprSizeofValue0_t" time="0.000253915786743164" />
    <testcase name="Equals (759)" classname="spec_perl_TestExprSizeofValue0_t" time="7.41481781005859e-05" />
    <testcase name="Equals (760)" classname="spec_perl_TestExprSizeofValue0_t" time="0.000149011611938477" />
    <testcase name="Equals (761)" classname="spec_perl_TestExprSizeofValue0_t" time="0.000128984451293945" />
    <testcase name="Equals (762)" classname="spec_perl_TestExprSizeofValue0_t" time="0.000111818313598633" />
  </testsuite>
  <testsuite name="spec_perl_TestEnumNegative_t" errors="0" failures="0" skipped="0" tests="2" time="0.0414621829986572">
    <system-out>1..2
ok 1 - Equals
ok 2 - Equals
</system-out>
    <testcase name="Equals (763)" classname="spec_perl_TestEnumNegative_t" time="0.000211954116821289" />
    <testcase name="Equals (764)" classname="spec_perl_TestEnumNegative_t" time="0.000117063522338867" />
  </testsuite>
  <testsuite name="spec_perl_TestSwitchManualIntSize_t" errors="0" failures="1" skipped="0" tests="10" time="0.0467231273651123">
    <system-out>1..10
ok 1 - Equals
ok 2 - Equals
ok 3 - Equals
ok 4 - Equals
ok 5 - Equals
not ok 6 - test switch manual int size
ok 7 - Equals
ok 8 - Equals
ok 9 - Equals
ok 10 - Equals
</system-out>
    <testcase name="Equals (765)" classname="spec_perl_TestSwitchManualIntSize_t" time="0.000552892684936523" />
    <testcase name="Equals (766)" classname="spec_perl_TestSwitchManualIntSize_t" time="7.70092010498047e-05" />
    <testcase name="Equals (767)" classname="spec_perl_TestSwitchManualIntSize_t" time="0.000168085098266602" />
    <testcase name="Equals (768)" classname="spec_perl_TestSwitchManualIntSize_t" time="0.000123977661132812" />
    <testcase name="Equals (769)" classname="spec_perl_TestSwitchManualIntSize_t" time="0.000131845474243164" />
    <testcase name="test switch manual int size (769)" classname="spec_perl_TestSwitchManualIntSize_t" time="0.00294017791748047">
      <failure message="not ok 6 - test switch manual int size" type="TAP::Parser::Result::Test"></failure>
    </testcase>
    <testcase name="Equals (770)" classname="spec_perl_TestSwitchManualIntSize_t" time="3.88622283935547e-05" />
    <testcase name="Equals (771)" classname="spec_perl_TestSwitchManualIntSize_t" time="2.71797180175781e-05" />
    <testcase name="Equals (772)" classname="spec_perl_TestSwitchManualIntSize_t" time="2.288818359375e-05" />
    <testcase name="Equals (773)" classname="spec_perl_TestSwitchManualIntSize_t" time="2.19345092773438e-05" />
  </testsuite>
  <testsuite name="spec_perl_TestNestedTypes_t" errors="0" failures="0" skipped="0" tests="3" time="0.0423250198364258">
    <system-out>1..3
ok 1 - Equals
ok 2 - Equals
ok 3 - Equals
</system-out>
    <testcase name="Equals (774)" classname="spec_perl_TestNestedTypes_t" time="0.000242948532104492" />
    <testcase name="Equals (775)" classname="spec_perl_TestNestedTypes_t" time="0.000113964080810547" />
    <testcase name="Equals (776)" classname="spec_perl_TestNestedTypes_t" time="0.000149011611938477" />
  </testsuite>
  <testsuite name="spec_perl_TestMetaXref_t" errors="0" failures="0" skipped="1" tests="1" time="0.0416491031646729">
    <system-out>1..1
ok 1 # skip MetaXref=HASH(0x1238c40)
</system-out>
    <testcase name="Unnamed test case 776" classname="spec_perl_TestMetaXref_t" time="0.00112795829772949">
      <skipped message="ok 1 # skip MetaXref=HASH(0x1238c40)" />
    </testcase>
  </testsuite>
  <testsuite name="spec_perl_TestExprSizeofType1_t" errors="0" failures="0" skipped="0" tests="2" time="0.0411539077758789">
    <system-out>1..2
ok 1 - Equals
ok 2 - Equals
</system-out>
    <testcase name="Equals (777)" classname="spec_perl_TestExprSizeofType1_t" time="0.00023198127746582" />
    <testcase name="Equals (778)" classname="spec_perl_TestExprSizeofType1_t" time="0.000128984451293945" />
  </testsuite>
  <testsuite name="spec_perl_TestIndexToParamEos_t" errors="0" failures="2" skipped="0" tests="7" time="0.0478160381317139">
    <system-out>1..7
ok 1 - Equals
ok 2 - Equals
ok 3 - Equals
ok 4 - Equals
ok 5 - Equals
not ok 6 - Equals
not ok 7 - Equals
</system-out>
    <testcase name="Equals (779)" classname="spec_perl_TestIndexToParamEos_t" time="0.00489020347595215" />
    <testcase name="Equals (780)" classname="spec_perl_TestIndexToParamEos_t" time="0.000100851058959961" />
    <testcase name="Equals (781)" classname="spec_perl_TestIndexToParamEos_t" time="4.60147857666016e-05" />
    <testcase name="Equals (782)" classname="spec_perl_TestIndexToParamEos_t" time="4.10079956054688e-05" />
    <testcase name="Equals (783)" classname="spec_perl_TestIndexToParamEos_t" time="8.79764556884766e-05" />
    <testcase name="Equals (784)" classname="spec_perl_TestIndexToParamEos_t" time="6.60419464111328e-05">
      <failure message="not ok 6 - Equals" type="TAP::Parser::Result::Test"></failure>
    </testcase>
    <testcase name="Equals (785)" classname="spec_perl_TestIndexToParamEos_t" time="3.91006469726562e-05">
      <failure message="not ok 7 - Equals" type="TAP::Parser::Result::Test"></failure>
    </testcase>
  </testsuite>
  <testsuite name="spec_perl_TestExpr3_t" errors="0" failures="0" skipped="0" tests="12" time="0.0444769859313965">
    <system-out>1..12
ok 1 - Equals
ok 2 - Equals
ok 3 - Equals
ok 4 - Equals
ok 5 - Equals
ok 6 - Equals
ok 7 - Equals
ok 8 - Equals
ok 9 - Equals
ok 10 - Equals
ok 11 - Equals
ok 12 - Equals
</system-out>
    <testcase name="Equals (786)" classname="spec_perl_TestExpr3_t" time="0.000226020812988281" />
    <testcase name="Equals (787)" classname="spec_perl_TestExpr3_t" time="0.000108957290649414" />
    <testcase name="Equals (788)" classname="spec_perl_TestExpr3_t" time="0.000145912170410156" />
    <testcase name="Equals (789)" classname="spec_perl_TestExpr3_t" time="0.000133037567138672" />
    <testcase name="Equals (790)" classname="spec_perl_TestExpr3_t" time="0.00011897087097168" />
    <testcase name="Equals (791)" classname="spec_perl_TestExpr3_t" time="0.000141143798828125" />
    <testcase name="Equals (792)" classname="spec_perl_TestExpr3_t" time="0.000124931335449219" />
    <testcase name="Equals (793)" classname="spec_perl_TestExpr3_t" time="0.000138998031616211" />
    <testcase name="Equals (794)" classname="spec_perl_TestExpr3_t" time="0.000102996826171875" />
    <testcase name="Equals (795)" classname="spec_perl_TestExpr3_t" time="0.000154972076416016" />
    <testcase name="Equals (796)" classname="spec_perl_TestExpr3_t" time="0.000113010406494141" />
    <testcase name="Equals (797)" classname="spec_perl_TestExpr3_t" time="0.000143051147460938" />
  </testsuite>
  <testsuite name="spec_perl_TestInstanceIoUser_t" errors="0" failures="0" skipped="0" tests="4" time="0.0761780738830566">
    <system-out>1..4
ok 1 - Equals
ok 2 - Equals
ok 3 - Equals
ok 4 - Equals
</system-out>
    <testcase name="Equals (798)" classname="spec_perl_TestInstanceIoUser_t" time="0.00051116943359375" />
    <testcase name="Equals (799)" classname="spec_perl_TestInstanceIoUser_t" time="0.000134944915771484" />
    <testcase name="Equals (800)" classname="spec_perl_TestInstanceIoUser_t" time="0.000164985656738281" />
    <testcase name="Equals (801)" classname="spec_perl_TestInstanceIoUser_t" time="0.000149965286254883" />
  </testsuite>
  <testsuite name="spec_perl_TestSwitchRepeatExprInvalid_t" errors="0" failures="0" skipped="0" tests="3" time="0.0405302047729492">
    <system-out>1..3
ok 1 - Equals
ok 2 - Equals
ok 3 - Equals
</system-out>
    <testcase name="Equals (802)" classname="spec_perl_TestSwitchRepeatExprInvalid_t" time="0.000251054763793945" />
    <testcase name="Equals (803)" classname="spec_perl_TestSwitchRepeatExprInvalid_t" time="7.20024108886719e-05" />
    <testcase name="Equals (804)" classname="spec_perl_TestSwitchRepeatExprInvalid_t" time="0.000145912170410156" />
  </testsuite>
  <testsuite name="spec_perl_TestStrEncodings_t" errors="0" failures="0" skipped="0" tests="4" time="0.0635778903961182">
    <system-out>1..4
ok 1 - Equals
ok 2 - Equals
ok 3 - Equals
ok 4 - Equals
</system-out>
    <testcase name="Equals (805)" classname="spec_perl_TestStrEncodings_t" time="0.0201869010925293" />
    <testcase name="Equals (806)" classname="spec_perl_TestStrEncodings_t" time="8.29696655273438e-05" />
    <testcase name="Equals (807)" classname="spec_perl_TestStrEncodings_t" time="0.000164985656738281" />
    <testcase name="Equals (808)" classname="spec_perl_TestStrEncodings_t" time="0.00014805793762207" />
  </testsuite>
  <testsuite name="spec_perl_TestRecursiveOne_t" errors="0" failures="0" skipped="0" tests="4" time="0.0423340797424316">
    <system-out>1..4
ok 1 - Equals
ok 2 - Equals
ok 3 - Equals
ok 4 - Equals
</system-out>
    <testcase name="Equals (809)" classname="spec_perl_TestRecursiveOne_t" time="0.000262975692749023" />
    <testcase name="Equals (810)" classname="spec_perl_TestRecursiveOne_t" time="0.000108003616333008" />
    <testcase name="Equals (811)" classname="spec_perl_TestRecursiveOne_t" time="0.000141143798828125" />
    <testcase name="Equals (812)" classname="spec_perl_TestRecursiveOne_t" time="0.000129938125610352" />
  </testsuite>
  <testsuite name="spec_perl_TestInstanceStd_t" errors="0" failures="0" skipped="0" tests="1" time="0.0428709983825684">
    <system-out>1..1
ok 1 - Equals
</system-out>
    <testcase name="Equals (813)" classname="spec_perl_TestInstanceStd_t" time="0.000237941741943359" />
  </testsuite>
  <testsuite name="spec_perl_TestParamsPassArrayStruct_t" errors="0" failures="1" skipped="2" tests="3" time="0.0461859703063965">
    <system-out>1..3
not ok 1 - test_params_pass_array_struct died (Can't use an undefined value as an ARRAY reference at spec/perl/TestParamsPassArrayStruct.t line 15.)
ok 2 # skip test_params_pass_array_struct died
ok 3 # skip test_params_pass_array_struct died
</system-out>
    <testcase name="test_params_pass_array_struct died (Can't use an undefined value as an ARRAY reference at spec/perl/TestParamsPassArrayStruct.t line 15.) (813)" classname="spec_perl_TestParamsPassArrayStruct_t" time="0.000288963317871094">
      <failure message="not ok 1 - test_params_pass_array_struct died (Can't use an undefined value as an ARRAY reference at spec/perl/TestParamsPassArrayStruct.t line 15.)" type="TAP::Parser::Result::Test"></failure>
    </testcase>
    <testcase name="Unnamed test case 813" classname="spec_perl_TestParamsPassArrayStruct_t" time="0.000453948974609375">
      <skipped message="ok 2 # skip test_params_pass_array_struct died" />
    </testcase>
    <testcase name="Unnamed test case 814" classname="spec_perl_TestParamsPassArrayStruct_t" time="0.000365972518920898">
      <skipped message="ok 3 # skip test_params_pass_array_struct died" />
    </testcase>
  </testsuite>
  <testsuite name="spec_perl_TestDebug0_t" errors="0" failures="0" skipped="1" tests="1" time="0.0420510768890381">
    <system-out>1..1
ok 1 # skip test_debug_0
</system-out>
    <testcase name="Unnamed test case 815" classname="spec_perl_TestDebug0_t" time="0.000291109085083008">
      <skipped message="ok 1 # skip test_debug_0" />
    </testcase>
  </testsuite>
  <testsuite name="spec_perl_TestEnumDeep_t" errors="0" failures="0" skipped="0" tests="2" time="0.0410530567169189">
    <system-out>1..2
ok 1 - Equals
ok 2 - Equals
</system-out>
    <testcase name="Equals (815)" classname="spec_perl_TestEnumDeep_t" time="0.000201940536499023" />
    <testcase name="Equals (816)" classname="spec_perl_TestEnumDeep_t" time="7.20024108886719e-05" />
  </testsuite>
  <testsuite name="spec_perl_TestRepeatEosStruct_t" errors="0" failures="0" skipped="0" tests="5" time="0.0407199859619141">
    <system-out>1..5
ok 1 - Equals
ok 2 - Equals
ok 3 - Equals
ok 4 - Equals
ok 5 - Equals
</system-out>
    <testcase name="Equals (817)" classname="spec_perl_TestRepeatEosStruct_t" time="0.000254154205322266" />
    <testcase name="Equals (818)" classname="spec_perl_TestRepeatEosStruct_t" time="0.000115871429443359" />
    <testcase name="Equals (819)" classname="spec_perl_TestRepeatEosStruct_t" time="0.000158071517944336" />
    <testcase name="Equals (820)" classname="spec_perl_TestRepeatEosStruct_t" time="0.000103950500488281" />
    <testcase name="Equals (821)" classname="spec_perl_TestRepeatEosStruct_t" time="0.000143051147460938" />
  </testsuite>
  <testsuite name="spec_perl_TestSwitchManualStr_t" errors="0" failures="0" skipped="0" tests="9" time="0.0445230007171631">
    <system-out>1..9
ok 1 - Equals
ok 2 - Equals
ok 3 - Equals
ok 4 - Equals
ok 5 - Equals
ok 6 - Equals
ok 7 - Equals
ok 8 - Equals
ok 9 - Equals
</system-out>
    <testcase name="Equals (822)" classname="spec_perl_TestSwitchManualStr_t" time="0.000293970108032227" />
    <testcase name="Equals (823)" classname="spec_perl_TestSwitchManualStr_t" time="0.00011897087097168" />
    <testcase name="Equals (824)" classname="spec_perl_TestSwitchManualStr_t" time="0.000139951705932617" />
    <testcase name="Equals (825)" classname="spec_perl_TestSwitchManualStr_t" time="0.000116109848022461" />
    <testcase name="Equals (826)" classname="spec_perl_TestSwitchManualStr_t" time="0.000143766403198242" />
    <testcase name="Equals (827)" classname="spec_perl_TestSwitchManualStr_t" time="0.000116109848022461" />
    <testcase name="Equals (828)" classname="spec_perl_TestSwitchManualStr_t" time="0.000150918960571289" />
    <testcase name="Equals (829)" classname="spec_perl_TestSwitchManualStr_t" time="0.000123023986816406" />
    <testcase name="Equals (830)" classname="spec_perl_TestSwitchManualStr_t" time="0.0001220703125" />
  </testsuite>
  <testsuite name="spec_perl_TestIoLocalVar_t" errors="0" failures="0" skipped="0" tests="2" time="0.0414869785308838">
    <system-out>1..2
ok 1 - Equals
ok 2 - Equals
</system-out>
    <testcase name="Equals (831)" classname="spec_perl_TestIoLocalVar_t" time="0.000470876693725586" />
    <testcase name="Equals (832)" classname="spec_perl_TestIoLocalVar_t" time="8.20159912109375e-05" />
  </testsuite>
  <testsuite name="spec_perl_TestValidSwitch_t" errors="1" failures="0" skipped="0" tests="0" time="0.0429959297180176">
    <system-out></system-out>
    <testcase name="Test died too soon, even before plan. (832)" classname="spec_perl_TestValidSwitch_t" time="0.0429959297180176">
      <failure message="The test suite died before a plan was produced. You need to have a plan." type="Plan">No plan</failure>
    </testcase>
  </testsuite>
  <testsuite name="spec_perl_TestSwitchMultiBoolOps_t" errors="0" failures="0" skipped="0" tests="9" time="0.041348934173584">
    <system-out>1..9
ok 1 - Equals
ok 2 - Equals
ok 3 - Equals
ok 4 - Equals
ok 5 - Equals
ok 6 - Equals
ok 7 - Equals
ok 8 - Equals
ok 9 - Equals
</system-out>
    <testcase name="Equals (833)" classname="spec_perl_TestSwitchMultiBoolOps_t" time="0.000259160995483398" />
    <testcase name="Equals (834)" classname="spec_perl_TestSwitchMultiBoolOps_t" time="0.000113010406494141" />
    <testcase name="Equals (835)" classname="spec_perl_TestSwitchMultiBoolOps_t" time="0.000130891799926758" />
    <testcase name="Equals (836)" classname="spec_perl_TestSwitchMultiBoolOps_t" time="0.000141143798828125" />
    <testcase name="Equals (837)" classname="spec_perl_TestSwitchMultiBoolOps_t" time="0.000134944915771484" />
    <testcase name="Equals (838)" classname="spec_perl_TestSwitchMultiBoolOps_t" time="0.000145912170410156" />
    <testcase name="Equals (839)" classname="spec_perl_TestSwitchMultiBoolOps_t" time="0.000131130218505859" />
    <testcase name="Equals (840)" classname="spec_perl_TestSwitchMultiBoolOps_t" time="0.000115871429443359" />
    <testcase name="Equals (841)" classname="spec_perl_TestSwitchMultiBoolOps_t" time="0.000139951705932617" />
  </testsuite>
  <testsuite name="spec_perl_TestNavRoot_t" errors="0" failures="0" skipped="0" tests="5" time="0.0442588329315186">
    <system-out>1..5
ok 1 - Equals
ok 2 - Equals
ok 3 - Equals
ok 4 - Equals
ok 5 - Equals
</system-out>
    <testcase name="Equals (842)" classname="spec_perl_TestNavRoot_t" time="0.000317096710205078" />
    <testcase name="Equals (843)" classname="spec_perl_TestNavRoot_t" time="7.39097595214844e-05" />
    <testcase name="Equals (844)" classname="spec_perl_TestNavRoot_t" time="0.000134944915771484" />
    <testcase name="Equals (845)" classname="spec_perl_TestNavRoot_t" time="0.00014805793762207" />
    <testcase name="Equals (846)" classname="spec_perl_TestNavRoot_t" time="0.000106096267700195" />
  </testsuite>
</testsuites>
