<?xml version='1.0' encoding='utf-8'?>
<testsuites>
  <testsuite name="spec_perl_TestImportsAbsAbs_t" errors="0" failures="0" skipped="0" tests="3" time="0.0426161289215088">
    <system-out>1..3
ok 1 - Equals
ok 2 - Equals
ok 3 - Equals
</system-out>
    <testcase name="Equals" classname="spec_perl_TestImportsAbsAbs_t" time="0.000222921371459961" />
    <testcase name="Equals (2)" classname="spec_perl_TestImportsAbsAbs_t" time="7.70092010498047e-05" />
    <testcase name="Equals (3)" classname="spec_perl_TestImportsAbsAbs_t" time="0.000138044357299805" />
  </testsuite>
  <testsuite name="spec_perl_TestImportsAbsRel_t" errors="0" failures="0" skipped="0" tests="3" time="0.0431561470031738">
    <system-out>1..3
ok 1 - Equals
ok 2 - Equals
ok 3 - Equals
</system-out>
    <testcase name="Equals (4)" classname="spec_perl_TestImportsAbsRel_t" time="0.000222921371459961" />
    <testcase name="Equals (5)" classname="spec_perl_TestImportsAbsRel_t" time="7.70092010498047e-05" />
    <testcase name="Equals (6)" classname="spec_perl_TestImportsAbsRel_t" time="0.000121116638183594" />
  </testsuite>
  <testsuite name="spec_perl_TestDefaultEndianExprException_t" errors="0" failures="0" skipped="0" tests="1" time="0.0434989929199219">
    <system-out>1..1
ok 1 - Died
</system-out>
    <testcase name="Died (6)" classname="spec_perl_TestDefaultEndianExprException_t" time="0.00023198127746582" />
  </testsuite>
  <testsuite name="spec_perl_TestNestedTypeParam_t" errors="0" failures="2" skipped="0" tests="2" time="0.0505228042602539">
    <system-out>1..2
not ok 1 - Equals
not ok 2 - Equals
</system-out>
    <testcase name="Equals (7)" classname="spec_perl_TestNestedTypeParam_t" time="0.00262308120727539">
      <failure message="not ok 1 - Equals" type="TAP::Parser::Result::Test"></failure>
    </testcase>
    <testcase name="Equals (8)" classname="spec_perl_TestNestedTypeParam_t" time="8.58306884765625e-05">
      <failure message="not ok 2 - Equals" type="TAP::Parser::Result::Test"></failure>
    </testcase>
  </testsuite>
  <testsuite name="spec_perl_TestProcessXorConst_t" errors="0" failures="0" skipped="0" tests="2" time="0.0439538955688477">
    <system-out>1..2
ok 1 - Equals
ok 2 - Equals
</system-out>
    <testcase name="Equals (9)" classname="spec_perl_TestProcessXorConst_t" time="0.0002288818359375" />
    <testcase name="Equals (10)" classname="spec_perl_TestProcessXorConst_t" time="7.79628753662109e-05" />
  </testsuite>
  <testsuite name="spec_perl_TestExprBits_t" errors="0" failures="0" skipped="0" tests="10" time="0.0449230670928955">
    <system-out>1..10
ok 1 - Equals
ok 2 - Equals
ok 3 - Equals
ok 4 - Equals
ok 5 - Equals
ok 6 - Equals
ok 7 - Equals
ok 8 - Equals
ok 9 - Equals
ok 10 - Equals
</system-out>
    <testcase name="Equals (11)" classname="spec_perl_TestExprBits_t" time="0.000281810760498047" />
    <testcase name="Equals (12)" classname="spec_perl_TestExprBits_t" time="8.41617584228516e-05" />
    <testcase name="Equals (13)" classname="spec_perl_TestExprBits_t" time="0.000113010406494141" />
    <testcase name="Equals (14)" classname="spec_perl_TestExprBits_t" time="0.000145912170410156" />
    <testcase name="Equals (15)" classname="spec_perl_TestExprBits_t" time="0.000112056732177734" />
    <testcase name="Equals (16)" classname="spec_perl_TestExprBits_t" time="0.00014495849609375" />
    <testcase name="Equals (17)" classname="spec_perl_TestExprBits_t" time="0.00011897087097168" />
    <testcase name="Equals (18)" classname="spec_perl_TestExprBits_t" time="0.000152111053466797" />
    <testcase name="Equals (19)" classname="spec_perl_TestExprBits_t" time="0.000117778778076172" />
    <testcase name="Equals (20)" classname="spec_perl_TestExprBits_t" time="0.000164031982421875" />
  </testsuite>
  <testsuite name="spec_perl_TestIntegersMinMax_t" errors="0" failures="0" skipped="0" tests="28" time="0.0462229251861572">
    <system-out>1..28
ok 1 - Equals
ok 2 - Equals
ok 3 - Equals
ok 4 - Equals
ok 5 - Equals
ok 6 - Equals
ok 7 - Equals
ok 8 - Equals
ok 9 - Equals
ok 10 - Equals
ok 11 - Equals
ok 12 - Equals
ok 13 - Equals
ok 14 - Equals
ok 15 - Equals
ok 16 - Equals
ok 17 - Equals
ok 18 - Equals
ok 19 - Equals
ok 20 - Equals
ok 21 - Equals
ok 22 - Equals
ok 23 - Equals
ok 24 - Equals
ok 25 - Equals
ok 26 - Equals
ok 27 - Equals
ok 28 - Equals
</system-out>
    <testcase name="Equals (21)" classname="spec_perl_TestIntegersMinMax_t" time="0.000257968902587891" />
    <testcase name="Equals (22)" classname="spec_perl_TestIntegersMinMax_t" time="9.60826873779297e-05" />
    <testcase name="Equals (23)" classname="spec_perl_TestIntegersMinMax_t" time="0.000116109848022461" />
    <testcase name="Equals (24)" classname="spec_perl_TestIntegersMinMax_t" time="0.000166893005371094" />
    <testcase name="Equals (25)" classname="spec_perl_TestIntegersMinMax_t" time="8.70227813720703e-05" />
    <testcase name="Equals (26)" classname="spec_perl_TestIntegersMinMax_t" time="0.000149965286254883" />
    <testcase name="Equals (27)" classname="spec_perl_TestIntegersMinMax_t" time="0.000112056732177734" />
    <testcase name="Equals (28)" classname="spec_perl_TestIntegersMinMax_t" time="0.000153064727783203" />
    <testcase name="Equals (29)" classname="spec_perl_TestIntegersMinMax_t" time="0.000115871429443359" />
    <testcase name="Equals (30)" classname="spec_perl_TestIntegersMinMax_t" time="0.000124931335449219" />
    <testcase name="Equals (31)" classname="spec_perl_TestIntegersMinMax_t" time="0.000128030776977539" />
    <testcase name="Equals (32)" classname="spec_perl_TestIntegersMinMax_t" time="0.000128030776977539" />
    <testcase name="Equals (33)" classname="spec_perl_TestIntegersMinMax_t" time="0.000121116638183594" />
    <testcase name="Equals (34)" classname="spec_perl_TestIntegersMinMax_t" time="0.00014805793762207" />
    <testcase name="Equals (35)" classname="spec_perl_TestIntegersMinMax_t" time="0.000116825103759766" />
    <testcase name="Equals (36)" classname="spec_perl_TestIntegersMinMax_t" time="0.00014805793762207" />
    <testcase name="Equals (37)" classname="spec_perl_TestIntegersMinMax_t" time="0.000113010406494141" />
    <testcase name="Equals (38)" classname="spec_perl_TestIntegersMinMax_t" time="0.000144004821777344" />
    <testcase name="Equals (39)" classname="spec_perl_TestIntegersMinMax_t" time="0.000115871429443359" />
    <testcase name="Equals (40)" classname="spec_perl_TestIntegersMinMax_t" time="0.000129222869873047" />
    <testcase name="Equals (41)" classname="spec_perl_TestIntegersMinMax_t" time="0.000149965286254883" />
    <testcase name="Equals (42)" classname="spec_perl_TestIntegersMinMax_t" time="0.000114917755126953" />
    <testcase name="Equals (43)" classname="spec_perl_TestIntegersMinMax_t" time="0.000154972076416016" />
    <testcase name="Equals (44)" classname="spec_perl_TestIntegersMinMax_t" time="0.000105142593383789" />
    <testcase name="Equals (45)" classname="spec_perl_TestIntegersMinMax_t" time="0.000121831893920898" />
    <testcase name="Equals (46)" classname="spec_perl_TestIntegersMinMax_t" time="0.000144004821777344" />
    <testcase name="Equals (47)" classname="spec_perl_TestIntegersMinMax_t" time="0.000133991241455078" />
    <testcase name="Equals (48)" classname="spec_perl_TestIntegersMinMax_t" time="0.000123023986816406" />
  </testsuite>
  <testsuite name="spec_perl_TestInstanceUserArray_t" errors="0" failures="0" skipped="0" tests="10" time="0.0444090366363525">
    <system-out>1..10
ok 1 - Equals
ok 2 - Equals
ok 3 - Equals
ok 4 - Equals
ok 5 - Equals
ok 6 - Equals
ok 7 - Equals
ok 8 - Equals
ok 9 - Equals
ok 10 - Equals
</system-out>
    <testcase name="Equals (49)" classname="spec_perl_TestInstanceUserArray_t" time="0.0002288818359375" />
    <testcase name="Equals (50)" classname="spec_perl_TestInstanceUserArray_t" time="7.89165496826172e-05" />
    <testcase name="Equals (51)" classname="spec_perl_TestInstanceUserArray_t" time="0.000136137008666992" />
    <testcase name="Equals (52)" classname="spec_perl_TestInstanceUserArray_t" time="0.000501871109008789" />
    <testcase name="Equals (53)" classname="spec_perl_TestInstanceUserArray_t" time="0.000111103057861328" />
    <testcase name="Equals (54)" classname="spec_perl_TestInstanceUserArray_t" time="0.000104904174804688" />
    <testcase name="Equals (55)" classname="spec_perl_TestInstanceUserArray_t" time="0.000133037567138672" />
    <testcase name="Equals (56)" classname="spec_perl_TestInstanceUserArray_t" time="0.000127077102661133" />
    <testcase name="Equals (57)" classname="spec_perl_TestInstanceUserArray_t" time="0.000119924545288086" />
    <testcase name="Equals (58)" classname="spec_perl_TestInstanceUserArray_t" time="0.0001220703125" />
  </testsuite>
  <testsuite name="spec_perl_TestProcessCoerceUsertype1_t" errors="0" failures="0" skipped="0" tests="4" time="0.0429370403289795">
    <system-out>1..4
ok 1 - Equals
ok 2 - Equals
ok 3 - Equals
ok 4 - Equals
</system-out>
    <testcase name="Equals (59)" classname="spec_perl_TestProcessCoerceUsertype1_t" time="0.000494003295898438" />
    <testcase name="Equals (60)" classname="spec_perl_TestProcessCoerceUsertype1_t" time="8.79764556884766e-05" />
    <testcase name="Equals (61)" classname="spec_perl_TestProcessCoerceUsertype1_t" time="7.31945037841797e-05" />
    <testcase name="Equals (62)" classname="spec_perl_TestProcessCoerceUsertype1_t" time="0.000150918960571289" />
  </testsuite>
  <testsuite name="spec_perl_TestRecursiveOne_t" errors="0" failures="0" skipped="0" tests="4" time="0.0441451072692871">
    <system-out>1..4
ok 1 - Equals
ok 2 - Equals
ok 3 - Equals
ok 4 - Equals
</system-out>
    <testcase name="Equals (63)" classname="spec_perl_TestRecursiveOne_t" time="0.000244855880737305" />
    <testcase name="Equals (64)" classname="spec_perl_TestRecursiveOne_t" time="8.0108642578125e-05" />
    <testcase name="Equals (65)" classname="spec_perl_TestRecursiveOne_t" time="9.89437103271484e-05" />
    <testcase name="Equals (66)" classname="spec_perl_TestRecursiveOne_t" time="0.000154972076416016" />
  </testsuite>
  <testsuite name="spec_perl_TestSwitchElseOnly_t" errors="0" failures="0" skipped="0" tests="3" time="0.0420911312103271">
    <system-out>1..3
ok 1 - Equals
ok 2 - Equals
ok 3 - Equals
</system-out>
    <testcase name="Equals (67)" classname="spec_perl_TestSwitchElseOnly_t" time="0.00020909309387207" />
    <testcase name="Equals (68)" classname="spec_perl_TestSwitchElseOnly_t" time="8.20159912109375e-05" />
    <testcase name="Equals (69)" classname="spec_perl_TestSwitchElseOnly_t" time="0.000152826309204102" />
  </testsuite>
  <testsuite name="spec_perl_TestEofExceptionBytes_t" errors="0" failures="0" skipped="0" tests="1" time="0.0533699989318848">
    <system-out>1..1
ok 1 - Died
</system-out>
    <testcase name="Died (69)" classname="spec_perl_TestEofExceptionBytes_t" time="0.000160932540893555" />
  </testsuite>
  <testsuite name="spec_perl_TestParamsPassArrayUsertype_t" errors="0" failures="1" skipped="4" tests="5" time="0.0502519607543945">
    <system-out>1..5
not ok 1 - test_params_pass_array_usertype died (Can't use an undefined value as an ARRAY reference at compiled/perl/ParamsPassArrayUsertype.pm line 123.)
ok 2 # skip test_params_pass_array_usertype died
ok 3 # skip test_params_pass_array_usertype died
ok 4 # skip test_params_pass_array_usertype died
ok 5 # skip test_params_pass_array_usertype died
</system-out>
    <testcase name="test_params_pass_array_usertype died (Can't use an undefined value as an ARRAY reference at compiled/perl/ParamsPassArrayUsertype.pm line 123.) (69)" classname="spec_perl_TestParamsPassArrayUsertype_t" time="0.000287055969238281">
      <failure message="not ok 1 - test_params_pass_array_usertype died (Can't use an undefined value as an ARRAY reference at compiled/perl/ParamsPassArrayUsertype.pm line 123.)" type="TAP::Parser::Result::Test"></failure>
    </testcase>
    <testcase name="Unnamed test case 69" classname="spec_perl_TestParamsPassArrayUsertype_t" time="0.000425815582275391">
      <skipped message="ok 2 # skip test_params_pass_array_usertype died" />
    </testcase>
    <testcase name="Unnamed test case 70" classname="spec_perl_TestParamsPassArrayUsertype_t" time="0.00049901008605957">
      <skipped message="ok 3 # skip test_params_pass_array_usertype died" />
    </testcase>
    <testcase name="Unnamed test case 71" classname="spec_perl_TestParamsPassArrayUsertype_t" time="0.000420093536376953">
      <skipped message="ok 4 # skip test_params_pass_array_usertype died" />
    </testcase>
    <testcase name="Unnamed test case 72" classname="spec_perl_TestParamsPassArrayUsertype_t" time="0.000392913818359375">
      <skipped message="ok 5 # skip test_params_pass_array_usertype died" />
    </testcase>
  </testsuite>
  <testsuite name="spec_perl_TestEnumNegative_t" errors="0" failures="0" skipped="0" tests="2" time="0.0419559478759766">
    <system-out>1..2
ok 1 - Equals
ok 2 - Equals
</system-out>
    <testcase name="Equals (72)" classname="spec_perl_TestEnumNegative_t" time="0.000149965286254883" />
    <testcase name="Equals (73)" classname="spec_perl_TestEnumNegative_t" time="6.91413879394531e-05" />
  </testsuite>
  <testsuite name="spec_perl_TestIoLocalVar_t" errors="0" failures="0" skipped="0" tests="2" time="0.0437657833099365">
    <system-out>1..2
ok 1 - Equals
ok 2 - Equals
</system-out>
    <testcase name="Equals (74)" classname="spec_perl_TestIoLocalVar_t" time="0.000535011291503906" />
    <testcase name="Equals (75)" classname="spec_perl_TestIoLocalVar_t" time="0.000106096267700195" />
  </testsuite>
  <testsuite name="spec_perl_TestBitsByteAligned_t" errors="0" failures="0" skipped="0" tests="9" time="0.0427839756011963">
    <system-out>1..9
ok 1 - Equals
ok 2 - Equals
ok 3 - Equals
ok 4 - Equals
ok 5 - Equals
ok 6 - Equals
ok 7 - Equals
ok 8 - Equals
ok 9 - Equals
</system-out>
    <testcase name="Equals (76)" classname="spec_perl_TestBitsByteAligned_t" time="0.000247955322265625" />
    <testcase name="Equals (77)" classname="spec_perl_TestBitsByteAligned_t" time="8.10623168945312e-05" />
    <testcase name="Equals (78)" classname="spec_perl_TestBitsByteAligned_t" time="0.00011897087097168" />
    <testcase name="Equals (79)" classname="spec_perl_TestBitsByteAligned_t" time="0.00014805793762207" />
    <testcase name="Equals (80)" classname="spec_perl_TestBitsByteAligned_t" time="0.000100851058959961" />
    <testcase name="Equals (81)" classname="spec_perl_TestBitsByteAligned_t" time="0.00014495849609375" />
    <testcase name="Equals (82)" classname="spec_perl_TestBitsByteAligned_t" time="0.000108003616333008" />
    <testcase name="Equals (83)" classname="spec_perl_TestBitsByteAligned_t" time="0.000143051147460938" />
    <testcase name="Equals (84)" classname="spec_perl_TestBitsByteAligned_t" time="0.000115156173706055" />
  </testsuite>
  <testsuite name="spec_perl_TestSwitchManualIntSize_t" errors="0" failures="1" skipped="0" tests="10" time="0.0492300987243652">
    <system-out>1..10
ok 1 - Equals
ok 2 - Equals
ok 3 - Equals
ok 4 - Equals
ok 5 - Equals
not ok 6 - test switch manual int size
ok 7 - Equals
ok 8 - Equals
ok 9 - Equals
ok 10 - Equals
</system-out>
    <testcase name="Equals (85)" classname="spec_perl_TestSwitchManualIntSize_t" time="0.000604867935180664" />
    <testcase name="Equals (86)" classname="spec_perl_TestSwitchManualIntSize_t" time="9.51290130615234e-05" />
    <testcase name="Equals (87)" classname="spec_perl_TestSwitchManualIntSize_t" time="5.88893890380859e-05" />
    <testcase name="Equals (88)" classname="spec_perl_TestSwitchManualIntSize_t" time="0.000144004821777344" />
    <testcase name="Equals (89)" classname="spec_perl_TestSwitchManualIntSize_t" time="0.000126123428344727" />
    <testcase name="test switch manual int size (89)" classname="spec_perl_TestSwitchManualIntSize_t" time="0.00391006469726562">
      <failure message="not ok 6 - test switch manual int size" type="TAP::Parser::Result::Test"></failure>
    </testcase>
    <testcase name="Equals (90)" classname="spec_perl_TestSwitchManualIntSize_t" time="6.69956207275391e-05" />
    <testcase name="Equals (91)" classname="spec_perl_TestSwitchManualIntSize_t" time="4.1961669921875e-05" />
    <testcase name="Equals (92)" classname="spec_perl_TestSwitchManualIntSize_t" time="3.88622283935547e-05" />
    <testcase name="Equals (93)" classname="spec_perl_TestSwitchManualIntSize_t" time="7.60555267333984e-05" />
  </testsuite>
  <testsuite name="spec_perl_TestEnum1_t" errors="0" failures="0" skipped="0" tests="2" time="0.0420269966125488">
    <system-out>1..2
ok 1 - Equals
ok 2 - Equals
</system-out>
    <testcase name="Equals (94)" classname="spec_perl_TestEnum1_t" time="0.000147104263305664" />
    <testcase name="Equals (95)" classname="spec_perl_TestEnum1_t" time="0.000133037567138672" />
  </testsuite>
  <testsuite name="spec_perl_TestZlibSurrounded_t" errors="0" failures="0" skipped="0" tests="1" time="0.0632369518280029">
    <system-out>1..1
ok 1 - Equals
</system-out>
    <testcase name="Equals (96)" classname="spec_perl_TestZlibSurrounded_t" time="0.000593185424804688" />
  </testsuite>
  <testsuite name="spec_perl_TestFixedContents_t" errors="1" failures="0" skipped="0" tests="0" time="0.0433089733123779">
    <system-out></system-out>
    <testcase name="Test died too soon, even before plan. (96)" classname="spec_perl_TestFixedContents_t" time="0.0433089733123779">
      <failure message="The test suite died before a plan was produced. You need to have a plan." type="Plan">No plan</failure>
    </testcase>
  </testsuite>
  <testsuite name="spec_perl_TestStrEncodings_t" errors="0" failures="0" skipped="0" tests="4" time="0.0683188438415527">
    <system-out>1..4
ok 1 - Equals
ok 2 - Equals
ok 3 - Equals
ok 4 - Equals
</system-out>
    <testcase name="Equals (97)" classname="spec_perl_TestStrEncodings_t" time="0.0225768089294434" />
    <testcase name="Equals (98)" classname="spec_perl_TestStrEncodings_t" time="0.000178098678588867" />
    <testcase name="Equals (99)" classname="spec_perl_TestStrEncodings_t" time="6.60419464111328e-05" />
    <testcase name="Equals (100)" classname="spec_perl_TestStrEncodings_t" time="5.38825988769531e-05" />
  </testsuite>
  <testsuite name="spec_perl_TestCombineBool_t" errors="0" failures="0" skipped="0" tests="2" time="0.0419011116027832">
    <system-out>1..2
ok 1 - Equals
ok 2 - Equals
</system-out>
    <testcase name="Equals (101)" classname="spec_perl_TestCombineBool_t" time="0.000190973281860352" />
    <testcase name="Equals (102)" classname="spec_perl_TestCombineBool_t" time="6.69956207275391e-05" />
  </testsuite>
  <testsuite name="spec_perl_TestParamsPassStruct_t" errors="0" failures="1" skipped="1" tests="4" time="0.0458228588104248">
    <system-out>1..4
ok 1 - Equals
ok 2 - Equals
not ok 3 - test_params_pass_struct died (Can't call method &quot;foo&quot; on an undefined value at spec/perl/TestParamsPassStruct.t line 17.)
ok 4 # skip test_params_pass_struct died
</system-out>
    <testcase name="Equals (103)" classname="spec_perl_TestParamsPassStruct_t" time="0.000245094299316406" />
    <testcase name="Equals (104)" classname="spec_perl_TestParamsPassStruct_t" time="8.20159912109375e-05" />
    <testcase name="test_params_pass_struct died (Can't call method &quot;foo&quot; on an undefined value at spec/perl/TestParamsPassStruct.t line 17.) (104)" classname="spec_perl_TestParamsPassStruct_t" time="0.000229835510253906">
      <failure message="not ok 3 - test_params_pass_struct died (Can't call method &quot;foo&quot; on an undefined value at spec/perl/TestParamsPassStruct.t line 17.)" type="TAP::Parser::Result::Test"></failure>
    </testcase>
    <testcase name="Unnamed test case 104" classname="spec_perl_TestParamsPassStruct_t" time="0.0016171932220459">
      <skipped message="ok 4 # skip test_params_pass_struct died" />
    </testcase>
  </testsuite>
  <testsuite name="spec_perl_TestMetaTags_t" errors="0" failures="0" skipped="1" tests="1" time="0.0436429977416992">
    <system-out>1..1
ok 1 # skip MetaTags=HASH(0x1f8e630)
</system-out>
    <testcase name="Unnamed test case 105" classname="spec_perl_TestMetaTags_t" time="0.0012049674987793">
      <skipped message="ok 1 # skip MetaTags=HASH(0x1f8e630)" />
    </testcase>
  </testsuite>
  <testsuite name="spec_perl_TestNavParent3_t" errors="0" failures="0" skipped="0" tests="10" time="0.0467860698699951">
    <system-out>1..10
ok 1 - Equals
ok 2 - Equals
ok 3 - Equals
ok 4 - Equals
ok 5 - Equals
ok 6 - Equals
ok 7 - Equals
ok 8 - Equals
ok 9 - Equals
ok 10 - Equals
</system-out>
    <testcase name="Equals (105)" classname="spec_perl_TestNavParent3_t" time="0.000221014022827148" />
    <testcase name="Equals (106)" classname="spec_perl_TestNavParent3_t" time="9.79900360107422e-05" />
    <testcase name="Equals (107)" classname="spec_perl_TestNavParent3_t" time="0.00017094612121582" />
    <testcase name="Equals (108)" classname="spec_perl_TestNavParent3_t" time="0.000114917755126953" />
    <testcase name="Equals (109)" classname="spec_perl_TestNavParent3_t" time="0.000134944915771484" />
    <testcase name="Equals (110)" classname="spec_perl_TestNavParent3_t" time="0.000184059143066406" />
    <testcase name="Equals (111)" classname="spec_perl_TestNavParent3_t" time="0.000113964080810547" />
    <testcase name="Equals (112)" classname="spec_perl_TestNavParent3_t" time="0.000128984451293945" />
    <testcase name="Equals (113)" classname="spec_perl_TestNavParent3_t" time="0.000127077102661133" />
    <testcase name="Equals (114)" classname="spec_perl_TestNavParent3_t" time="0.000174999237060547" />
  </testsuite>
  <testsuite name="spec_perl_TestExprIoPos_t" errors="0" failures="0" skipped="0" tests="6" time="0.0477080345153809">
    <system-out>1..6
ok 1 - Equals
ok 2 - Equals
ok 3 - Equals
ok 4 - Equals
ok 5 - Equals
ok 6 - Equals
</system-out>
    <testcase name="Equals (115)" classname="spec_perl_TestExprIoPos_t" time="0.000604867935180664" />
    <testcase name="Equals (116)" classname="spec_perl_TestExprIoPos_t" time="0.000132083892822266" />
    <testcase name="Equals (117)" classname="spec_perl_TestExprIoPos_t" time="6.29425048828125e-05" />
    <testcase name="Equals (118)" classname="spec_perl_TestExprIoPos_t" time="5.79357147216797e-05" />
    <testcase name="Equals (119)" classname="spec_perl_TestExprIoPos_t" time="0.000151157379150391" />
    <testcase name="Equals (120)" classname="spec_perl_TestExprIoPos_t" time="0.000130891799926758" />
  </testsuite>
  <testsuite name="spec_perl_TestIfValues_t" errors="0" failures="0" skipped="0" tests="6" time="0.0433280467987061">
    <system-out>1..6
ok 1 - Equals
ok 2 - Equals
ok 3 - Equals
ok 4 - nil
ok 5 - Equals
ok 6 - nil
</system-out>
    <testcase name="Equals (121)" classname="spec_perl_TestIfValues_t" time="0.000222921371459961" />
    <testcase name="Equals (122)" classname="spec_perl_TestIfValues_t" time="8.10623168945312e-05" />
    <testcase name="Equals (123)" classname="spec_perl_TestIfValues_t" time="0.000133991241455078" />
    <testcase name="nil (123)" classname="spec_perl_TestIfValues_t" time="6.50882720947266e-05" />
    <testcase name="Equals (124)" classname="spec_perl_TestIfValues_t" time="0.000119924545288086" />
    <testcase name="nil (124)" classname="spec_perl_TestIfValues_t" time="5.88893890380859e-05" />
  </testsuite>
  <testsuite name="spec_perl_TestCastToTop_t" errors="0" failures="0" skipped="0" tests="3" time="0.042294979095459">
    <system-out>1..3
ok 1 - Equals
ok 2 - Equals
ok 3 - Equals
</system-out>
    <testcase name="Equals (125)" classname="spec_perl_TestCastToTop_t" time="0.000164031982421875" />
    <testcase name="Equals (126)" classname="spec_perl_TestCastToTop_t" time="0.000149011611938477" />
    <testcase name="Equals (127)" classname="spec_perl_TestCastToTop_t" time="0.000135898590087891" />
  </testsuite>
  <testsuite name="spec_perl_TestInstanceStdArray_t" errors="0" failures="0" skipped="0" tests="7" time="0.0436840057373047">
    <system-out>1..7
ok 1 - Equals
ok 2 - Equals
ok 3 - Equals
ok 4 - Equals
ok 5 - Equals
ok 6 - Equals
ok 7 - Equals
</system-out>
    <testcase name="Equals (128)" classname="spec_perl_TestInstanceStdArray_t" time="0.00020599365234375" />
    <testcase name="Equals (129)" classname="spec_perl_TestInstanceStdArray_t" time="7.98702239990234e-05" />
    <testcase name="Equals (130)" classname="spec_perl_TestInstanceStdArray_t" time="0.000130176544189453" />
    <testcase name="Equals (131)" classname="spec_perl_TestInstanceStdArray_t" time="0.000197887420654297" />
    <testcase name="Equals (132)" classname="spec_perl_TestInstanceStdArray_t" time="0.000129938125610352" />
    <testcase name="Equals (133)" classname="spec_perl_TestInstanceStdArray_t" time="0.000141143798828125" />
    <testcase name="Equals (134)" classname="spec_perl_TestInstanceStdArray_t" time="0.000114917755126953" />
  </testsuite>
  <testsuite name="spec_perl_TestExprIntDiv_t" errors="0" failures="2" skipped="0" tests="6" time="0.0476458072662354">
    <system-out>1..6
ok 1 - Equals
ok 2 - Equals
ok 3 - Equals
not ok 4 - Equals
ok 5 - Equals
not ok 6 - Equals
</system-out>
    <testcase name="Equals (135)" classname="spec_perl_TestExprIntDiv_t" time="0.000162839889526367" />
    <testcase name="Equals (136)" classname="spec_perl_TestExprIntDiv_t" time="7.41481781005859e-05" />
    <testcase name="Equals (137)" classname="spec_perl_TestExprIntDiv_t" time="0.000172853469848633" />
    <testcase name="Equals (138)" classname="spec_perl_TestExprIntDiv_t" time="0.000173091888427734">
      <failure message="not ok 4 - Equals" type="TAP::Parser::Result::Test"></failure>
    </testcase>
    <testcase name="Equals (139)" classname="spec_perl_TestExprIntDiv_t" time="0.00128698348999023" />
    <testcase name="Equals (140)" classname="spec_perl_TestExprIntDiv_t" time="0.00010991096496582">
      <failure message="not ok 6 - Equals" type="TAP::Parser::Result::Test"></failure>
    </testcase>
  </testsuite>
  <testsuite name="spec_perl_TestIfStruct_t" errors="0" failures="0" skipped="0" tests="7" time="0.0467510223388672">
    <system-out>1..7
ok 1 - Equals
ok 2 - Equals
ok 3 - Equals
ok 4 - Equals
ok 5 - Equals
ok 6 - Equals
ok 7 - Equals
</system-out>
    <testcase name="Equals (141)" classname="spec_perl_TestIfStruct_t" time="0.000360012054443359" />
    <testcase name="Equals (142)" classname="spec_perl_TestIfStruct_t" time="0.000102043151855469" />
    <testcase name="Equals (143)" classname="spec_perl_TestIfStruct_t" time="5.88893890380859e-05" />
    <testcase name="Equals (144)" classname="spec_perl_TestIfStruct_t" time="0.000126123428344727" />
    <testcase name="Equals (145)" classname="spec_perl_TestIfStruct_t" time="0.000133037567138672" />
    <testcase name="Equals (146)" classname="spec_perl_TestIfStruct_t" time="0.000135898590087891" />
    <testcase name="Equals (147)" classname="spec_perl_TestIfStruct_t" time="0.000128984451293945" />
  </testsuite>
  <testsuite name="spec_perl_TestSwitchManualIntElse_t" errors="0" failures="0" skipped="0" tests="9" time="0.0462689399719238">
    <system-out>1..9
ok 1 - Equals
ok 2 - Equals
ok 3 - Equals
ok 4 - Equals
ok 5 - Equals
ok 6 - Equals
ok 7 - Equals
ok 8 - Equals
ok 9 - Equals
</system-out>
    <testcase name="Equals (148)" classname="spec_perl_TestSwitchManualIntElse_t" time="0.000334024429321289" />
    <testcase name="Equals (149)" classname="spec_perl_TestSwitchManualIntElse_t" time="8.89301300048828e-05" />
    <testcase name="Equals (150)" classname="spec_perl_TestSwitchManualIntElse_t" time="6.103515625e-05" />
    <testcase name="Equals (151)" classname="spec_perl_TestSwitchManualIntElse_t" time="0.000134944915771484" />
    <testcase name="Equals (152)" classname="spec_perl_TestSwitchManualIntElse_t" time="0.000133991241455078" />
    <testcase name="Equals (153)" classname="spec_perl_TestSwitchManualIntElse_t" time="0.000142097473144531" />
    <testcase name="Equals (154)" classname="spec_perl_TestSwitchManualIntElse_t" time="0.000113010406494141" />
    <testcase name="Equals (155)" classname="spec_perl_TestSwitchManualIntElse_t" time="0.000147819519042969" />
    <testcase name="Equals (156)" classname="spec_perl_TestSwitchManualIntElse_t" time="0.000133037567138672" />
  </testsuite>
  <testsuite name="spec_perl_TestExpr1_t" errors="0" failures="0" skipped="0" tests="4" time="0.0459189414978027">
    <system-out>1..4
ok 1 - Equals
ok 2 - Equals
ok 3 - Equals
ok 4 - Equals
</system-out>
    <testcase name="Equals (157)" classname="spec_perl_TestExpr1_t" time="0.000164031982421875" />
    <testcase name="Equals (158)" classname="spec_perl_TestExpr1_t" time="6.81877136230469e-05" />
    <testcase name="Equals (159)" classname="spec_perl_TestExpr1_t" time="0.0001678466796875" />
    <testcase name="Equals (160)" classname="spec_perl_TestExpr1_t" time="0.000115156173706055" />
  </testsuite>
  <testsuite name="spec_perl_TestTsPacketHeader_t" errors="0" failures="0" skipped="0" tests="7" time="0.0434029102325439">
    <system-out>1..7
ok 1 - Equals
ok 2 - Equals
ok 3 - Equals
ok 4 - Equals
ok 5 - Equals
ok 6 - Equals
ok 7 - Equals
</system-out>
    <testcase name="Equals (161)" classname="spec_perl_TestTsPacketHeader_t" time="0.000242948532104492" />
    <testcase name="Equals (162)" classname="spec_perl_TestTsPacketHeader_t" time="8.48770141601562e-05" />
    <testcase name="Equals (163)" classname="spec_perl_TestTsPacketHeader_t" time="0.000132083892822266" />
    <testcase name="Equals (164)" classname="spec_perl_TestTsPacketHeader_t" time="0.000125885009765625" />
    <testcase name="Equals (165)" classname="spec_perl_TestTsPacketHeader_t" time="0.000123023986816406" />
    <testcase name="Equals (166)" classname="spec_perl_TestTsPacketHeader_t" time="0.000135183334350586" />
    <testcase name="Equals (167)" classname="spec_perl_TestTsPacketHeader_t" time="0.000121831893920898" />
  </testsuite>
  <testsuite name="spec_perl_TestStrPadTermEmpty_t" errors="0" failures="0" skipped="0" tests="4" time="0.0456140041351318">
    <system-out>1..4
ok 1 - Equals
ok 2 - Equals
ok 3 - Equals
ok 4 - Equals
</system-out>
    <testcase name="Equals (168)" classname="spec_perl_TestStrPadTermEmpty_t" time="0.00031280517578125" />
    <testcase name="Equals (169)" classname="spec_perl_TestStrPadTermEmpty_t" time="8.70227813720703e-05" />
    <testcase name="Equals (170)" classname="spec_perl_TestStrPadTermEmpty_t" time="5.91278076171875e-05" />
    <testcase name="Equals (171)" classname="spec_perl_TestStrPadTermEmpty_t" time="0.000145912170410156" />
  </testsuite>
  <testsuite name="spec_perl_TestExprSizeofType0_t" errors="0" failures="0" skipped="0" tests="1" time="0.0451781749725342">
    <system-out>1..1
ok 1 - Equals
</system-out>
    <testcase name="Equals (172)" classname="spec_perl_TestExprSizeofType0_t" time="0.000255107879638672" />
  </testsuite>
  <testsuite name="spec_perl_TestParamsPassArrayStr_t" errors="0" failures="1" skipped="6" tests="7" time="0.0516939163208008">
    <system-out>1..7
not ok 1 - test_params_pass_array_str died (Can't use an undefined value as an ARRAY reference at spec/perl/TestParamsPassArrayStr.t line 15.)
ok 2 # skip test_params_pass_array_str died
ok 3 # skip test_params_pass_array_str died
ok 4 # skip test_params_pass_array_str died
ok 5 # skip test_params_pass_array_str died
ok 6 # skip test_params_pass_array_str died
ok 7 # skip test_params_pass_array_str died
</system-out>
    <testcase name="test_params_pass_array_str died (Can't use an undefined value as an ARRAY reference at spec/perl/TestParamsPassArrayStr.t line 15.) (172)" classname="spec_perl_TestParamsPassArrayStr_t" time="0.000362157821655273">
      <failure message="not ok 1 - test_params_pass_array_str died (Can't use an undefined value as an ARRAY reference at spec/perl/TestParamsPassArrayStr.t line 15.)" type="TAP::Parser::Result::Test"></failure>
    </testcase>
    <testcase name="Unnamed test case 172" classname="spec_perl_TestParamsPassArrayStr_t" time="0.00216197967529297">
      <skipped message="ok 2 # skip test_params_pass_array_str died" />
    </testcase>
    <testcase name="Unnamed test case 173" classname="spec_perl_TestParamsPassArrayStr_t" time="7.48634338378906e-05">
      <skipped message="ok 3 # skip test_params_pass_array_str died" />
    </testcase>
    <testcase name="Unnamed test case 174" classname="spec_perl_TestParamsPassArrayStr_t" time="4.72068786621094e-05">
      <skipped message="ok 4 # skip test_params_pass_array_str died" />
    </testcase>
    <testcase name="Unnamed test case 175" classname="spec_perl_TestParamsPassArrayStr_t" time="5.29289245605469e-05">
      <skipped message="ok 5 # skip test_params_pass_array_str died" />
    </testcase>
    <testcase name="Unnamed test case 176" classname="spec_perl_TestParamsPassArrayStr_t" time="4.10079956054688e-05">
      <skipped message="ok 6 # skip test_params_pass_array_str died" />
    </testcase>
    <testcase name="Unnamed test case 177" classname="spec_perl_TestParamsPassArrayStr_t" time="4.60147857666016e-05">
      <skipped message="ok 7 # skip test_params_pass_array_str died" />
    </testcase>
  </testsuite>
  <testsuite name="spec_perl_TestExpr2_t" errors="0" failures="0" skipped="0" tests="17" time="0.0489590167999268">
    <system-out>1..17
ok 1 - Equals
ok 2 - Equals
ok 3 - Equals
ok 4 - Equals
ok 5 - Equals
ok 6 - Equals
ok 7 - Equals
ok 8 - Equals
ok 9 - Equals
ok 10 - Equals
ok 11 - Equals
ok 12 - Equals
ok 13 - Equals
ok 14 - Equals
ok 15 - Equals
ok 16 - Equals
ok 17 - Equals
</system-out>
    <testcase name="Equals (177)" classname="spec_perl_TestExpr2_t" time="0.000583887100219727" />
    <testcase name="Equals (178)" classname="spec_perl_TestExpr2_t" time="9.98973846435547e-05" />
    <testcase name="Equals (179)" classname="spec_perl_TestExpr2_t" time="9.20295715332031e-05" />
    <testcase name="Equals (180)" classname="spec_perl_TestExpr2_t" time="0.000100135803222656" />
    <testcase name="Equals (181)" classname="spec_perl_TestExpr2_t" time="0.00014185905456543" />
    <testcase name="Equals (182)" classname="spec_perl_TestExpr2_t" time="0.00018310546875" />
    <testcase name="Equals (183)" classname="spec_perl_TestExpr2_t" time="7.70092010498047e-05" />
    <testcase name="Equals (184)" classname="spec_perl_TestExpr2_t" time="0.000192880630493164" />
    <testcase name="Equals (185)" classname="spec_perl_TestExpr2_t" time="0.000136137008666992" />
    <testcase name="Equals (186)" classname="spec_perl_TestExpr2_t" time="0.000140905380249023" />
    <testcase name="Equals (187)" classname="spec_perl_TestExpr2_t" time="0.000134944915771484" />
    <testcase name="Equals (188)" classname="spec_perl_TestExpr2_t" time="0.000154018402099609" />
    <testcase name="Equals (189)" classname="spec_perl_TestExpr2_t" time="0.000154972076416016" />
    <testcase name="Equals (190)" classname="spec_perl_TestExpr2_t" time="0.000166177749633789" />
    <testcase name="Equals (191)" classname="spec_perl_TestExpr2_t" time="0.000113010406494141" />
    <testcase name="Equals (192)" classname="spec_perl_TestExpr2_t" time="0.000145912170410156" />
    <testcase name="Equals (193)" classname="spec_perl_TestExpr2_t" time="0.000128984451293945" />
  </testsuite>
  <testsuite name="spec_perl_TestDebugSwitchUser_t" errors="1" failures="0" skipped="0" tests="0" time="0.0507581233978271">
    <system-out></system-out>
    <testcase name="Test died too soon, even before plan. (193)" classname="spec_perl_TestDebugSwitchUser_t" time="0.0507581233978271">
      <failure message="The test suite died before a plan was produced. You need to have a plan." type="Plan">No plan</failure>
    </testcase>
  </testsuite>
  <testsuite name="spec_perl_TestDebugEnumName_t" errors="1" failures="0" skipped="0" tests="0" time="0.0440680980682373">
    <system-out></system-out>
    <testcase name="Test died too soon, even before plan. (194)" classname="spec_perl_TestDebugEnumName_t" time="0.0440680980682373">
      <failure message="The test suite died before a plan was produced. You need to have a plan." type="Plan">No plan</failure>
    </testcase>
  </testsuite>
  <testsuite name="spec_perl_TestJsSignedRightShift_t" errors="0" failures="0" skipped="0" tests="2" time="0.0443429946899414">
    <system-out>1..2
ok 1 - Equals
ok 2 - Equals
</system-out>
    <testcase name="Equals (194)" classname="spec_perl_TestJsSignedRightShift_t" time="0.000174999237060547" />
    <testcase name="Equals (195)" classname="spec_perl_TestJsSignedRightShift_t" time="8.51154327392578e-05" />
  </testsuite>
  <testsuite name="spec_perl_TestOpaqueExternalType_t" errors="0" failures="0" skipped="0" tests="3" time="0.0453710556030273">
    <system-out>1..3
ok 1 - Equals
ok 2 - Equals
ok 3 - Equals
</system-out>
    <testcase name="Equals (196)" classname="spec_perl_TestOpaqueExternalType_t" time="0.000299930572509766" />
    <testcase name="Equals (197)" classname="spec_perl_TestOpaqueExternalType_t" time="8.60691070556641e-05" />
    <testcase name="Equals (198)" classname="spec_perl_TestOpaqueExternalType_t" time="6.4849853515625e-05" />
  </testsuite>
  <testsuite name="spec_perl_TestExprOpsParens_t" errors="1" failures="0" skipped="0" tests="0" time="0.0465569496154785">
    <system-out></system-out>
    <testcase name="Test died too soon, even before plan. (198)" classname="spec_perl_TestExprOpsParens_t" time="0.0465569496154785">
      <failure message="The test suite died before a plan was produced. You need to have a plan." type="Plan">No plan</failure>
    </testcase>
  </testsuite>
  <testsuite name="spec_perl_TestIndexToParamUntil_t" errors="0" failures="2" skipped="0" tests="7" time="0.0687761306762695">
    <system-out>1..7
ok 1 - Equals
ok 2 - Equals
ok 3 - Equals
ok 4 - Equals
ok 5 - Equals
not ok 6 - Equals
not ok 7 - Equals
</system-out>
    <testcase name="Equals (199)" classname="spec_perl_TestIndexToParamUntil_t" time="0.000432968139648438" />
    <testcase name="Equals (200)" classname="spec_perl_TestIndexToParamUntil_t" time="0.0003509521484375" />
    <testcase name="Equals (201)" classname="spec_perl_TestIndexToParamUntil_t" time="0.00030207633972168" />
    <testcase name="Equals (202)" classname="spec_perl_TestIndexToParamUntil_t" time="0.000281095504760742" />
    <testcase name="Equals (203)" classname="spec_perl_TestIndexToParamUntil_t" time="0.000279903411865234" />
    <testcase name="Equals (204)" classname="spec_perl_TestIndexToParamUntil_t" time="0.000344991683959961">
      <failure message="not ok 6 - Equals" type="TAP::Parser::Result::Test"></failure>
    </testcase>
    <testcase name="Equals (205)" classname="spec_perl_TestIndexToParamUntil_t" time="0.000853061676025391">
      <failure message="not ok 7 - Equals" type="TAP::Parser::Result::Test"></failure>
    </testcase>
  </testsuite>
  <testsuite name="spec_perl_TestIndexSizes_t" errors="0" failures="0" skipped="0" tests="7" time="0.0469069480895996">
    <system-out>1..7
ok 1 - Equals
ok 2 - Equals
ok 3 - Equals
ok 4 - Equals
ok 5 - Equals
ok 6 - Equals
ok 7 - Equals
</system-out>
    <testcase name="Equals (206)" classname="spec_perl_TestIndexSizes_t" time="0.000291824340820312" />
    <testcase name="Equals (207)" classname="spec_perl_TestIndexSizes_t" time="8.60691070556641e-05" />
    <testcase name="Equals (208)" classname="spec_perl_TestIndexSizes_t" time="6.00814819335938e-05" />
    <testcase name="Equals (209)" classname="spec_perl_TestIndexSizes_t" time="0.000135898590087891" />
    <testcase name="Equals (210)" classname="spec_perl_TestIndexSizes_t" time="0.000133037567138672" />
    <testcase name="Equals (211)" classname="spec_perl_TestIndexSizes_t" time="0.0001220703125" />
    <testcase name="Equals (212)" classname="spec_perl_TestIndexSizes_t" time="0.000130891799926758" />
  </testsuite>
  <testsuite name="spec_perl_TestRepeatNStruct_t" errors="0" failures="0" skipped="0" tests="5" time="0.0448088645935059">
    <system-out>1..5
ok 1 - Equals
ok 2 - Equals
ok 3 - Equals
ok 4 - Equals
ok 5 - Equals
</system-out>
    <testcase name="Equals (213)" classname="spec_perl_TestRepeatNStruct_t" time="0.000274181365966797" />
    <testcase name="Equals (214)" classname="spec_perl_TestRepeatNStruct_t" time="0.000101804733276367" />
    <testcase name="Equals (215)" classname="spec_perl_TestRepeatNStruct_t" time="6.00814819335938e-05" />
    <testcase name="Equals (216)" classname="spec_perl_TestRepeatNStruct_t" time="0.00014805793762207" />
    <testcase name="Equals (217)" classname="spec_perl_TestRepeatNStruct_t" time="0.000134944915771484" />
  </testsuite>
  <testsuite name="spec_perl_TestBitsSimple_t" errors="0" failures="0" skipped="0" tests="14" time="0.0446028709411621">
    <system-out>1..14
ok 1 - Equals
ok 2 - Equals
ok 3 - Equals
ok 4 - Equals
ok 5 - Equals
ok 6 - Equals
ok 7 - Equals
ok 8 - Equals
ok 9 - Equals
ok 10 - Equals
ok 11 - Equals
ok 12 - Equals
ok 13 - Equals
ok 14 - Equals
</system-out>
    <testcase name="Equals (218)" classname="spec_perl_TestBitsSimple_t" time="0.000252962112426758" />
    <testcase name="Equals (219)" classname="spec_perl_TestBitsSimple_t" time="7.89165496826172e-05" />
    <testcase name="Equals (220)" classname="spec_perl_TestBitsSimple_t" time="0.000113964080810547" />
    <testcase name="Equals (221)" classname="spec_perl_TestBitsSimple_t" time="0.000131130218505859" />
    <testcase name="Equals (222)" classname="spec_perl_TestBitsSimple_t" time="0.000144004821777344" />
    <testcase name="Equals (223)" classname="spec_perl_TestBitsSimple_t" time="0.000154972076416016" />
    <testcase name="Equals (224)" classname="spec_perl_TestBitsSimple_t" time="0.000102996826171875" />
    <testcase name="Equals (225)" classname="spec_perl_TestBitsSimple_t" time="0.000127077102661133" />
    <testcase name="Equals (226)" classname="spec_perl_TestBitsSimple_t" time="0.000128984451293945" />
    <testcase name="Equals (227)" classname="spec_perl_TestBitsSimple_t" time="0.000110864639282227" />
    <testcase name="Equals (228)" classname="spec_perl_TestBitsSimple_t" time="0.000150918960571289" />
    <testcase name="Equals (229)" classname="spec_perl_TestBitsSimple_t" time="0.000109195709228516" />
    <testcase name="Equals (230)" classname="spec_perl_TestBitsSimple_t" time="0.000129938125610352" />
    <testcase name="Equals (231)" classname="spec_perl_TestBitsSimple_t" time="0.000119924545288086" />
  </testsuite>
  <testsuite name="spec_perl_TestStrLiterals_t" errors="0" failures="0" skipped="0" tests="5" time="0.044774055480957">
    <system-out>1..5
ok 1 - Equals
ok 2 - Equals
ok 3 - Equals
ok 4 - Equals
ok 5 - Equals
</system-out>
    <testcase name="Equals (232)" classname="spec_perl_TestStrLiterals_t" time="0.000174999237060547" />
    <testcase name="Equals (233)" classname="spec_perl_TestStrLiterals_t" time="7.39097595214844e-05" />
    <testcase name="Equals (234)" classname="spec_perl_TestStrLiterals_t" time="0.000193119049072266" />
    <testcase name="Equals (235)" classname="spec_perl_TestStrLiterals_t" time="0.000130891799926758" />
    <testcase name="Equals (236)" classname="spec_perl_TestStrLiterals_t" time="0.000167131423950195" />
  </testsuite>
  <testsuite name="spec_perl_TestSwitchManualStrElse_t" errors="0" failures="0" skipped="0" tests="9" time="0.0476560592651367">
    <system-out>1..9
ok 1 - Equals
ok 2 - Equals
ok 3 - Equals
ok 4 - Equals
ok 5 - Equals
ok 6 - Equals
ok 7 - Equals
ok 8 - Equals
ok 9 - Equals
</system-out>
    <testcase name="Equals (237)" classname="spec_perl_TestSwitchManualStrElse_t" time="0.000326871871948242" />
    <testcase name="Equals (238)" classname="spec_perl_TestSwitchManualStrElse_t" time="8.60691070556641e-05" />
    <testcase name="Equals (239)" classname="spec_perl_TestSwitchManualStrElse_t" time="9.79900360107422e-05" />
    <testcase name="Equals (240)" classname="spec_perl_TestSwitchManualStrElse_t" time="0.000138998031616211" />
    <testcase name="Equals (241)" classname="spec_perl_TestSwitchManualStrElse_t" time="0.000119924545288086" />
    <testcase name="Equals (242)" classname="spec_perl_TestSwitchManualStrElse_t" time="0.000119209289550781" />
    <testcase name="Equals (243)" classname="spec_perl_TestSwitchManualStrElse_t" time="0.000146865844726562" />
    <testcase name="Equals (244)" classname="spec_perl_TestSwitchManualStrElse_t" time="0.000149011611938477" />
    <testcase name="Equals (245)" classname="spec_perl_TestSwitchManualStrElse_t" time="0.000129938125610352" />
  </testsuite>
  <testsuite name="spec_perl_TestDocstrings_t" errors="0" failures="0" skipped="1" tests="1" time="0.0434389114379883">
    <system-out>1..1
ok 1 # skip Docstrings=HASH(0x114b420)
</system-out>
    <testcase name="Unnamed test case 245" classname="spec_perl_TestDocstrings_t" time="0.00116515159606934">
      <skipped message="ok 1 # skip Docstrings=HASH(0x114b420)" />
    </testcase>
  </testsuite>
  <testsuite name="spec_perl_TestSwitchBytearray_t" errors="0" failures="0" skipped="0" tests="9" time="0.0467038154602051">
    <system-out>1..9
ok 1 - Equals
ok 2 - Equals
ok 3 - Equals
ok 4 - Equals
ok 5 - Equals
ok 6 - Equals
ok 7 - Equals
ok 8 - Equals
ok 9 - Equals
</system-out>
    <testcase name="Equals (246)" classname="spec_perl_TestSwitchBytearray_t" time="0.000288009643554688" />
    <testcase name="Equals (247)" classname="spec_perl_TestSwitchBytearray_t" time="8.20159912109375e-05" />
    <testcase name="Equals (248)" classname="spec_perl_TestSwitchBytearray_t" time="8.10623168945312e-05" />
    <testcase name="Equals (249)" classname="spec_perl_TestSwitchBytearray_t" time="0.000209808349609375" />
    <testcase name="Equals (250)" classname="spec_perl_TestSwitchBytearray_t" time="7.70092010498047e-05" />
    <testcase name="Equals (251)" classname="spec_perl_TestSwitchBytearray_t" time="0.000144004821777344" />
    <testcase name="Equals (252)" classname="spec_perl_TestSwitchBytearray_t" time="0.000115156173706055" />
    <testcase name="Equals (253)" classname="spec_perl_TestSwitchBytearray_t" time="0.000147819519042969" />
    <testcase name="Equals (254)" classname="spec_perl_TestSwitchBytearray_t" time="0.000116109848022461" />
  </testsuite>
  <testsuite name="spec_perl_TestNestedTypes_t" errors="0" failures="0" skipped="0" tests="3" time="0.0428481101989746">
    <system-out>1..3
ok 1 - Equals
ok 2 - Equals
ok 3 - Equals
</system-out>
    <testcase name="Equals (255)" classname="spec_perl_TestNestedTypes_t" time="0.000250101089477539" />
    <testcase name="Equals (256)" classname="spec_perl_TestNestedTypes_t" time="0.000105857849121094" />
    <testcase name="Equals (257)" classname="spec_perl_TestNestedTypes_t" time="0.000153064727783203" />
  </testsuite>
  <testsuite name="spec_perl_TestNavParentFalse2_t" errors="0" failures="0" skipped="0" tests="1" time="0.0424149036407471">
    <system-out>1..1
ok 1 - Equals
</system-out>
    <testcase name="Equals (258)" classname="spec_perl_TestNavParentFalse2_t" time="0.000185012817382812" />
  </testsuite>
  <testsuite name="spec_perl_TestDefaultEndianExprIsBe_t" errors="0" failures="0" skipped="0" tests="18" time="0.0447549819946289">
    <system-out>1..18
ok 1 - Equals
ok 2 - Equals
ok 3 - Equals
ok 4 - Equals
ok 5 - Equals
ok 6 - Equals
ok 7 - Equals
ok 8 - Equals
ok 9 - Equals
ok 10 - Equals
ok 11 - Equals
ok 12 - Equals
ok 13 - Equals
ok 14 - Equals
ok 15 - Equals
ok 16 - Equals
ok 17 - Equals
ok 18 - Equals
</system-out>
    <testcase name="Equals (259)" classname="spec_perl_TestDefaultEndianExprIsBe_t" time="0.000238895416259766" />
    <testcase name="Equals (260)" classname="spec_perl_TestDefaultEndianExprIsBe_t" time="8.41617584228516e-05" />
    <testcase name="Equals (261)" classname="spec_perl_TestDefaultEndianExprIsBe_t" time="0.000136852264404297" />
    <testcase name="Equals (262)" classname="spec_perl_TestDefaultEndianExprIsBe_t" time="0.000132083892822266" />
    <testcase name="Equals (263)" classname="spec_perl_TestDefaultEndianExprIsBe_t" time="0.000154018402099609" />
    <testcase name="Equals (264)" classname="spec_perl_TestDefaultEndianExprIsBe_t" time="0.000159978866577148" />
    <testcase name="Equals (265)" classname="spec_perl_TestDefaultEndianExprIsBe_t" time="0.00011897087097168" />
    <testcase name="Equals (266)" classname="spec_perl_TestDefaultEndianExprIsBe_t" time="0.000145912170410156" />
    <testcase name="Equals (267)" classname="spec_perl_TestDefaultEndianExprIsBe_t" time="0.000120162963867188" />
    <testcase name="Equals (268)" classname="spec_perl_TestDefaultEndianExprIsBe_t" time="0.000146865844726562" />
    <testcase name="Equals (269)" classname="spec_perl_TestDefaultEndianExprIsBe_t" time="0.000152111053466797" />
    <testcase name="Equals (270)" classname="spec_perl_TestDefaultEndianExprIsBe_t" time="0.000160932540893555" />
    <testcase name="Equals (271)" classname="spec_perl_TestDefaultEndianExprIsBe_t" time="0.000112056732177734" />
    <testcase name="Equals (272)" classname="spec_perl_TestDefaultEndianExprIsBe_t" time="0.000146865844726562" />
    <testcase name="Equals (273)" classname="spec_perl_TestDefaultEndianExprIsBe_t" time="0.000143051147460938" />
    <testcase name="Equals (274)" classname="spec_perl_TestDefaultEndianExprIsBe_t" time="0.000137090682983398" />
    <testcase name="Equals (275)" classname="spec_perl_TestDefaultEndianExprIsBe_t" time="0.000152826309204102" />
    <testcase name="Equals (276)" classname="spec_perl_TestDefaultEndianExprIsBe_t" time="0.000149011611938477" />
  </testsuite>
  <testsuite name="spec_perl_TestInstanceIoUser_t" errors="0" failures="0" skipped="0" tests="4" time="0.0718979835510254">
    <system-out>1..4
ok 1 - Equals
ok 2 - Equals
ok 3 - Equals
ok 4 - Equals
</system-out>
    <testcase name="Equals (277)" classname="spec_perl_TestInstanceIoUser_t" time="0.000592947006225586" />
    <testcase name="Equals (278)" classname="spec_perl_TestInstanceIoUser_t" time="0.000101089477539062" />
    <testcase name="Equals (279)" classname="spec_perl_TestInstanceIoUser_t" time="0.000155925750732422" />
    <testcase name="Equals (280)" classname="spec_perl_TestInstanceIoUser_t" time="0.000140905380249023" />
  </testsuite>
  <testsuite name="spec_perl_TestRepeatEosStruct_t" errors="0" failures="0" skipped="0" tests="5" time="0.0445199012756348">
    <system-out>1..5
ok 1 - Equals
ok 2 - Equals
ok 3 - Equals
ok 4 - Equals
ok 5 - Equals
</system-out>
    <testcase name="Equals (281)" classname="spec_perl_TestRepeatEosStruct_t" time="0.000309944152832031" />
    <testcase name="Equals (282)" classname="spec_perl_TestRepeatEosStruct_t" time="9.10758972167969e-05" />
    <testcase name="Equals (283)" classname="spec_perl_TestRepeatEosStruct_t" time="5.79357147216797e-05" />
    <testcase name="Equals (284)" classname="spec_perl_TestRepeatEosStruct_t" time="0.000158071517944336" />
    <testcase name="Equals (285)" classname="spec_perl_TestRepeatEosStruct_t" time="0.000108003616333008" />
  </testsuite>
  <testsuite name="spec_perl_TestHelloWorld_t" errors="0" failures="0" skipped="0" tests="1" time="0.0436530113220215">
    <system-out>1..1
ok 1 - Equals
</system-out>
    <testcase name="Equals (286)" classname="spec_perl_TestHelloWorld_t" time="0.000234127044677734" />
  </testsuite>
  <testsuite name="spec_perl_TestValidShort_t" errors="1" failures="0" skipped="0" tests="0" time="0.0494070053100586">
    <system-out></system-out>
    <testcase name="Test died too soon, even before plan. (286)" classname="spec_perl_TestValidShort_t" time="0.0494070053100586">
      <failure message="The test suite died before a plan was produced. You need to have a plan." type="Plan">No plan</failure>
    </testcase>
  </testsuite>
  <testsuite name="spec_perl_TestOpaqueExternalType02Parent_t" errors="0" failures="0" skipped="0" tests="3" time="0.0463659763336182">
    <system-out>1..3
ok 1 - Equals
ok 2 - Equals
ok 3 - Equals
</system-out>
    <testcase name="Equals (287)" classname="spec_perl_TestOpaqueExternalType02Parent_t" time="0.000307083129882812" />
    <testcase name="Equals (288)" classname="spec_perl_TestOpaqueExternalType02Parent_t" time="8.48770141601562e-05" />
    <testcase name="Equals (289)" classname="spec_perl_TestOpaqueExternalType02Parent_t" time="0.000128984451293945" />
  </testsuite>
  <testsuite name="spec_perl_TestProcessRepeatUsertype_t" errors="0" failures="0" skipped="0" tests="4" time="0.0425291061401367">
    <system-out>1..4
ok 1 - Equals
ok 2 - Equals
ok 3 - Equals
ok 4 - Equals
</system-out>
    <testcase name="Equals (290)" classname="spec_perl_TestProcessRepeatUsertype_t" time="0.000520944595336914" />
    <testcase name="Equals (291)" classname="spec_perl_TestProcessRepeatUsertype_t" time="9.39369201660156e-05" />
    <testcase name="Equals (292)" classname="spec_perl_TestProcessRepeatUsertype_t" time="5.7220458984375e-05" />
    <testcase name="Equals (293)" classname="spec_perl_TestProcessRepeatUsertype_t" time="0.000120878219604492" />
  </testsuite>
  <testsuite name="spec_perl_TestProcessRotate_t" errors="0" failures="0" skipped="0" tests="3" time="0.0426549911499023">
    <system-out>1..3
ok 1 - Equals
ok 2 - Equals
ok 3 - Equals
</system-out>
    <testcase name="Equals (294)" classname="spec_perl_TestProcessRotate_t" time="0.000283956527709961" />
    <testcase name="Equals (295)" classname="spec_perl_TestProcessRotate_t" time="8.48770141601562e-05" />
    <testcase name="Equals (296)" classname="spec_perl_TestProcessRotate_t" time="5.91278076171875e-05" />
  </testsuite>
  <testsuite name="spec_perl_TestSwitchCast_t" errors="0" failures="0" skipped="0" tests="2" time="0.045522928237915">
    <system-out>1..2
ok 1 - Equals
ok 2 - Equals
</system-out>
    <testcase name="Equals (297)" classname="spec_perl_TestSwitchCast_t" time="0.000273942947387695" />
    <testcase name="Equals (298)" classname="spec_perl_TestSwitchCast_t" time="8.10623168945312e-05" />
  </testsuite>
  <testsuite name="spec_perl_TestRepeatUntilSized_t" errors="0" failures="0" skipped="0" tests="7" time="0.0433518886566162">
    <system-out>1..7
ok 1 - Equals
ok 2 - Equals
ok 3 - Equals
ok 4 - Equals
ok 5 - Equals
ok 6 - Equals
ok 7 - Equals
</system-out>
    <testcase name="Equals (299)" classname="spec_perl_TestRepeatUntilSized_t" time="0.000494956970214844" />
    <testcase name="Equals (300)" classname="spec_perl_TestRepeatUntilSized_t" time="9.32216644287109e-05" />
    <testcase name="Equals (301)" classname="spec_perl_TestRepeatUntilSized_t" time="5.98430633544922e-05" />
    <testcase name="Equals (302)" classname="spec_perl_TestRepeatUntilSized_t" time="0.000142097473144531" />
    <testcase name="Equals (303)" classname="spec_perl_TestRepeatUntilSized_t" time="0.000123023986816406" />
    <testcase name="Equals (304)" classname="spec_perl_TestRepeatUntilSized_t" time="0.000140905380249023" />
    <testcase name="Equals (305)" classname="spec_perl_TestRepeatUntilSized_t" time="0.000111103057861328" />
  </testsuite>
  <testsuite name="spec_perl_TestProcessToUser_t" errors="0" failures="0" skipped="0" tests="1" time="0.04551100730896">
    <system-out>1..1
ok 1 - Equals
</system-out>
    <testcase name="Equals (306)" classname="spec_perl_TestProcessToUser_t" time="0.000528097152709961" />
  </testsuite>
  <testsuite name="spec_perl_TestValidSwitch_t" errors="1" failures="0" skipped="0" tests="0" time="0.047137975692749">
    <system-out></system-out>
    <testcase name="Test died too soon, even before plan. (306)" classname="spec_perl_TestValidSwitch_t" time="0.047137975692749">
      <failure message="The test suite died before a plan was produced. You need to have a plan." type="Plan">No plan</failure>
    </testcase>
  </testsuite>
  <testsuite name="spec_perl_TestBufferedStruct_t" errors="0" failures="0" skipped="0" tests="7" time="0.0437629222869873">
    <system-out>1..7
ok 1 - Equals
ok 2 - Equals
ok 3 - Equals
ok 4 - Equals
ok 5 - Equals
ok 6 - Equals
ok 7 - Equals
</system-out>
    <testcase name="Equals (307)" classname="spec_perl_TestBufferedStruct_t" time="0.000524044036865234" />
    <testcase name="Equals (308)" classname="spec_perl_TestBufferedStruct_t" time="9.79900360107422e-05" />
    <testcase name="Equals (309)" classname="spec_perl_TestBufferedStruct_t" time="5.79357147216797e-05" />
    <testcase name="Equals (310)" classname="spec_perl_TestBufferedStruct_t" time="0.000102996826171875" />
    <testcase name="Equals (311)" classname="spec_perl_TestBufferedStruct_t" time="0.000132083892822266" />
    <testcase name="Equals (312)" classname="spec_perl_TestBufferedStruct_t" time="0.000138998031616211" />
    <testcase name="Equals (313)" classname="spec_perl_TestBufferedStruct_t" time="0.000136852264404297" />
  </testsuite>
  <testsuite name="spec_perl_TestImportsCircularA_t" errors="0" failures="0" skipped="0" tests="5" time="0.044309139251709">
    <system-out>1..5
ok 1 - Equals
ok 2 - Equals
ok 3 - Equals
ok 4 - Equals
ok 5 - nil
</system-out>
    <testcase name="Equals (314)" classname="spec_perl_TestImportsCircularA_t" time="0.000196933746337891" />
    <testcase name="Equals (315)" classname="spec_perl_TestImportsCircularA_t" time="7.41481781005859e-05" />
    <testcase name="Equals (316)" classname="spec_perl_TestImportsCircularA_t" time="0.000168800354003906" />
    <testcase name="Equals (317)" classname="spec_perl_TestImportsCircularA_t" time="0.000100135803222656" />
    <testcase name="nil (317)" classname="spec_perl_TestImportsCircularA_t" time="6.103515625e-05" />
  </testsuite>
  <testsuite name="spec_perl_TestYamlInts_t" errors="0" failures="0" skipped="0" tests="4" time="0.0424540042877197">
    <system-out>1..4
ok 1 - Equals
ok 2 - Equals
ok 3 - Equals
ok 4 - Equals
</system-out>
    <testcase name="Equals (318)" classname="spec_perl_TestYamlInts_t" time="0.000253915786743164" />
    <testcase name="Equals (319)" classname="spec_perl_TestYamlInts_t" time="0.000138044357299805" />
    <testcase name="Equals (320)" classname="spec_perl_TestYamlInts_t" time="0.000150918960571289" />
    <testcase name="Equals (321)" classname="spec_perl_TestYamlInts_t" time="0.000149965286254883" />
  </testsuite>
  <testsuite name="spec_perl_TestImportsAbs_t" errors="0" failures="0" skipped="0" tests="2" time="0.0432062149047852">
    <system-out>1..2
ok 1 - Equals
ok 2 - Equals
</system-out>
    <testcase name="Equals (322)" classname="spec_perl_TestImportsAbs_t" time="0.000416040420532227" />
    <testcase name="Equals (323)" classname="spec_perl_TestImportsAbs_t" time="0.000115871429443359" />
  </testsuite>
  <testsuite name="spec_perl_TestExprStrOps_t" errors="1" failures="0" skipped="0" tests="0" time="0.0474960803985596">
    <system-out></system-out>
    <testcase name="Test died too soon, even before plan. (323)" classname="spec_perl_TestExprStrOps_t" time="0.0474960803985596">
      <failure message="The test suite died before a plan was produced. You need to have a plan." type="Plan">No plan</failure>
    </testcase>
  </testsuite>
  <testsuite name="spec_perl_TestProcessCustom_t" errors="1" failures="0" skipped="0" tests="0" time="0.0411779880523682">
    <system-out></system-out>
    <testcase name="Test died too soon, even before plan. (324)" classname="spec_perl_TestProcessCustom_t" time="0.0411779880523682">
      <failure message="The test suite died before a plan was produced. You need to have a plan." type="Plan">No plan</failure>
    </testcase>
  </testsuite>
  <testsuite name="spec_perl_TestSwitchRepeatExpr_t" errors="0" failures="0" skipped="0" tests="3" time="0.0435371398925781">
    <system-out>1..3
ok 1 - Equals
ok 2 - Equals
ok 3 - Equals
</system-out>
    <testcase name="Equals (324)" classname="spec_perl_TestSwitchRepeatExpr_t" time="0.00049901008605957" />
    <testcase name="Equals (325)" classname="spec_perl_TestSwitchRepeatExpr_t" time="9.48905944824219e-05" />
    <testcase name="Equals (326)" classname="spec_perl_TestSwitchRepeatExpr_t" time="6.41345977783203e-05" />
  </testsuite>
  <testsuite name="spec_perl_TestNavParentVsValueInst_t" errors="0" failures="0" skipped="0" tests="1" time="0.0459039211273193">
    <system-out>1..1
ok 1 - Equals
</system-out>
    <testcase name="Equals (327)" classname="spec_perl_TestNavParentVsValueInst_t" time="0.000290870666503906" />
  </testsuite>
  <testsuite name="spec_perl_TestParamsPassUsertype_t" errors="0" failures="1" skipped="1" tests="2" time="0.0463099479675293">
    <system-out>1..2
not ok 1 - test_params_pass_usertype died (Can't call method &quot;foo&quot; on an undefined value at compiled/perl/ParamsPassUsertype.pm line 119.)
ok 2 # skip test_params_pass_usertype died
</system-out>
    <testcase name="test_params_pass_usertype died (Can't call method &quot;foo&quot; on an undefined value at compiled/perl/ParamsPassUsertype.pm line 119.) (327)" classname="spec_perl_TestParamsPassUsertype_t" time="0.000267982482910156">
      <failure message="not ok 1 - test_params_pass_usertype died (Can't call method &quot;foo&quot; on an undefined value at compiled/perl/ParamsPassUsertype.pm line 119.)" type="TAP::Parser::Result::Test"></failure>
    </testcase>
    <testcase name="Unnamed test case 327" classname="spec_perl_TestParamsPassUsertype_t" time="0.00194787979125977">
      <skipped message="ok 2 # skip test_params_pass_usertype died" />
    </testcase>
  </testsuite>
  <testsuite name="spec_perl_TestCastNested_t" errors="0" failures="0" skipped="0" tests="4" time="0.046036958694458">
    <system-out>1..4
ok 1 - Equals
ok 2 - Equals
ok 3 - Equals
ok 4 - Equals
</system-out>
    <testcase name="Equals (328)" classname="spec_perl_TestCastNested_t" time="0.000359058380126953" />
    <testcase name="Equals (329)" classname="spec_perl_TestCastNested_t" time="8.60691070556641e-05" />
    <testcase name="Equals (330)" classname="spec_perl_TestCastNested_t" time="7.10487365722656e-05" />
    <testcase name="Equals (331)" classname="spec_perl_TestCastNested_t" time="0.000181913375854492" />
  </testsuite>
  <testsuite name="spec_perl_TestNonStandard_t" errors="0" failures="0" skipped="0" tests="1" time="0.0416610240936279">
    <system-out>1..1
ok 1 - Equals
</system-out>
    <testcase name="Equals (332)" classname="spec_perl_TestNonStandard_t" time="0.000212907791137695" />
  </testsuite>
  <testsuite name="spec_perl_TestImports0_t" errors="0" failures="0" skipped="0" tests="3" time="0.0432729721069336">
    <system-out>1..3
ok 1 - Equals
ok 2 - Equals
ok 3 - Equals
</system-out>
    <testcase name="Equals (333)" classname="spec_perl_TestImports0_t" time="0.000216007232666016" />
    <testcase name="Equals (334)" classname="spec_perl_TestImports0_t" time="7.70092010498047e-05" />
    <testcase name="Equals (335)" classname="spec_perl_TestImports0_t" time="0.000159978866577148" />
  </testsuite>
  <testsuite name="spec_perl_TestEnum0_t" errors="0" failures="0" skipped="0" tests="2" time="0.0427689552307129">
    <system-out>1..2
ok 1 - Equals
ok 2 - Equals
</system-out>
    <testcase name="Equals (336)" classname="spec_perl_TestEnum0_t" time="0.000247955322265625" />
    <testcase name="Equals (337)" classname="spec_perl_TestEnum0_t" time="7.91549682617188e-05" />
  </testsuite>
  <testsuite name="spec_perl_TestBitsSeqEndianCombo_t" errors="0" failures="0" skipped="0" tests="8" time="0.0428750514984131">
    <system-out>1..8
ok 1 - Equals
ok 2 - Equals
ok 3 - Equals
ok 4 - Equals
ok 5 - Equals
ok 6 - Equals
ok 7 - Equals
ok 8 - Equals
</system-out>
    <testcase name="Equals (338)" classname="spec_perl_TestBitsSeqEndianCombo_t" time="0.00023198127746582" />
    <testcase name="Equals (339)" classname="spec_perl_TestBitsSeqEndianCombo_t" time="7.60555267333984e-05" />
    <testcase name="Equals (340)" classname="spec_perl_TestBitsSeqEndianCombo_t" time="0.000138998031616211" />
    <testcase name="Equals (341)" classname="spec_perl_TestBitsSeqEndianCombo_t" time="0.000128984451293945" />
    <testcase name="Equals (342)" classname="spec_perl_TestBitsSeqEndianCombo_t" time="0.000113964080810547" />
    <testcase name="Equals (343)" classname="spec_perl_TestBitsSeqEndianCombo_t" time="0.000149965286254883" />
    <testcase name="Equals (344)" classname="spec_perl_TestBitsSeqEndianCombo_t" time="0.000102043151855469" />
    <testcase name="Equals (345)" classname="spec_perl_TestBitsSeqEndianCombo_t" time="0.00014185905456543" />
  </testsuite>
  <testsuite name="spec_perl_TestDocstringsDocrefMulti_t" errors="0" failures="0" skipped="1" tests="1" time="0.0434029102325439">
    <system-out>1..1
ok 1 # skip DocstringsDocrefMulti=HASH(0x117a3e8)
</system-out>
    <testcase name="Unnamed test case 345" classname="spec_perl_TestDocstringsDocrefMulti_t" time="0.00127482414245605">
      <skipped message="ok 1 # skip DocstringsDocrefMulti=HASH(0x117a3e8)" />
    </testcase>
  </testsuite>
  <testsuite name="spec_perl_TestNestedSameName_t" errors="0" failures="0" skipped="0" tests="2" time="0.0421919822692871">
    <system-out>1..2
ok 1 - Equals
ok 2 - Equals
</system-out>
    <testcase name="Equals (346)" classname="spec_perl_TestNestedSameName_t" time="0.000234842300415039" />
    <testcase name="Equals (347)" classname="spec_perl_TestNestedSameName_t" time="8.91685485839844e-05" />
  </testsuite>
  <testsuite name="spec_perl_TestEnumIntRangeU_t" errors="0" failures="0" skipped="0" tests="2" time="0.042600154876709">
    <system-out>1..2
ok 1 - Equals
ok 2 - Equals
</system-out>
    <testcase name="Equals (348)" classname="spec_perl_TestEnumIntRangeU_t" time="0.000236988067626953" />
    <testcase name="Equals (349)" classname="spec_perl_TestEnumIntRangeU_t" time="7.70092010498047e-05" />
  </testsuite>
  <testsuite name="spec_perl_TestStrEncodingsDefault_t" errors="0" failures="0" skipped="0" tests="4" time="0.0520250797271729">
    <system-out>1..4
ok 1 - Equals
ok 2 - Equals
ok 3 - Equals
ok 4 - Equals
</system-out>
    <testcase name="Equals (350)" classname="spec_perl_TestStrEncodingsDefault_t" time="0.00335597991943359" />
    <testcase name="Equals (351)" classname="spec_perl_TestStrEncodingsDefault_t" time="0.000121831893920898" />
    <testcase name="Equals (352)" classname="spec_perl_TestStrEncodingsDefault_t" time="6.50882720947266e-05" />
    <testcase name="Equals (353)" classname="spec_perl_TestStrEncodingsDefault_t" time="0.000152111053466797" />
  </testsuite>
  <testsuite name="spec_perl_TestExprBytesOps_t" errors="1" failures="0" skipped="0" tests="0" time="0.0464279651641846">
    <system-out></system-out>
    <testcase name="Test died too soon, even before plan. (353)" classname="spec_perl_TestExprBytesOps_t" time="0.0464279651641846">
      <failure message="The test suite died before a plan was produced. You need to have a plan." type="Plan">No plan</failure>
    </testcase>
  </testsuite>
  <testsuite name="spec_perl_TestSwitchIntegers2_t" errors="0" failures="0" skipped="0" tests="5" time="0.0425450801849365">
    <system-out>1..5
ok 1 - Equals
ok 2 - Equals
ok 3 - Equals
ok 4 - Equals
ok 5 - Equals
</system-out>
    <testcase name="Equals (354)" classname="spec_perl_TestSwitchIntegers2_t" time="0.000264883041381836" />
    <testcase name="Equals (355)" classname="spec_perl_TestSwitchIntegers2_t" time="0.000113010406494141" />
    <testcase name="Equals (356)" classname="spec_perl_TestSwitchIntegers2_t" time="6.41345977783203e-05" />
    <testcase name="Equals (357)" classname="spec_perl_TestSwitchIntegers2_t" time="0.000115871429443359" />
    <testcase name="Equals (358)" classname="spec_perl_TestSwitchIntegers2_t" time="0.000139951705932617" />
  </testsuite>
  <testsuite name="spec_perl_TestEnumLongRangeS_t" errors="0" failures="0" skipped="0" tests="7" time="0.0433540344238281">
    <system-out>1..7
ok 1 - Equals
ok 2 - Equals
ok 3 - Equals
ok 4 - Equals
ok 5 - Equals
ok 6 - Equals
ok 7 - Equals
</system-out>
    <testcase name="Equals (359)" classname="spec_perl_TestEnumLongRangeS_t" time="0.000208139419555664" />
    <testcase name="Equals (360)" classname="spec_perl_TestEnumLongRangeS_t" time="7.70092010498047e-05" />
    <testcase name="Equals (361)" classname="spec_perl_TestEnumLongRangeS_t" time="0.000140905380249023" />
    <testcase name="Equals (362)" classname="spec_perl_TestEnumLongRangeS_t" time="0.000123977661132812" />
    <testcase name="Equals (363)" classname="spec_perl_TestEnumLongRangeS_t" time="0.000198125839233398" />
    <testcase name="Equals (364)" classname="spec_perl_TestEnumLongRangeS_t" time="8.48770141601562e-05" />
    <testcase name="Equals (365)" classname="spec_perl_TestEnumLongRangeS_t" time="0.00014805793762207" />
  </testsuite>
  <testsuite name="spec_perl_TestExprSizeofValue0_t" errors="0" failures="0" skipped="0" tests="5" time="0.0463600158691406">
    <system-out>1..5
ok 1 - Equals
ok 2 - Equals
ok 3 - Equals
ok 4 - Equals
ok 5 - Equals
</system-out>
    <testcase name="Equals (366)" classname="spec_perl_TestExprSizeofValue0_t" time="0.000220060348510742" />
    <testcase name="Equals (367)" classname="spec_perl_TestExprSizeofValue0_t" time="7.98702239990234e-05" />
    <testcase name="Equals (368)" classname="spec_perl_TestExprSizeofValue0_t" time="0.00014805793762207" />
    <testcase name="Equals (369)" classname="spec_perl_TestExprSizeofValue0_t" time="0.000135898590087891" />
    <testcase name="Equals (370)" classname="spec_perl_TestExprSizeofValue0_t" time="0.000118017196655273" />
  </testsuite>
  <testsuite name="spec_perl_TestExprEnum_t" errors="0" failures="0" skipped="0" tests="3" time="0.0494620800018311">
    <system-out>1..3
ok 1 - Equals
ok 2 - Equals
ok 3 - Equals
</system-out>
    <testcase name="Equals (371)" classname="spec_perl_TestExprEnum_t" time="0.000165939331054688" />
    <testcase name="Equals (372)" classname="spec_perl_TestExprEnum_t" time="7.31945037841797e-05" />
    <testcase name="Equals (373)" classname="spec_perl_TestExprEnum_t" time="0.000181913375854492" />
  </testsuite>
  <testsuite name="spec_perl_TestMultipleUse_t" errors="0" failures="0" skipped="0" tests="2" time="0.0425469875335693">
    <system-out>1..2
ok 1 - Equals
ok 2 - Equals
</system-out>
    <testcase name="Equals (374)" classname="spec_perl_TestMultipleUse_t" time="0.000211954116821289" />
    <testcase name="Equals (375)" classname="spec_perl_TestMultipleUse_t" time="7.48634338378906e-05" />
  </testsuite>
  <testsuite name="spec_perl_TestRepeatNStrz_t" errors="0" failures="0" skipped="0" tests="2" time="0.0461349487304688">
    <system-out>1..2
ok 1 - Equals
ok 2 - Equals
</system-out>
    <testcase name="Equals (376)" classname="spec_perl_TestRepeatNStrz_t" time="0.000356912612915039" />
    <testcase name="Equals (377)" classname="spec_perl_TestRepeatNStrz_t" time="0.000101089477539062" />
  </testsuite>
  <testsuite name="spec_perl_TestMetaXref_t" errors="0" failures="0" skipped="1" tests="1" time="0.0433011054992676">
    <system-out>1..1
ok 1 # skip MetaXref=HASH(0x1345df0)
</system-out>
    <testcase name="Unnamed test case 377" classname="spec_perl_TestMetaXref_t" time="0.00122308731079102">
      <skipped message="ok 1 # skip MetaXref=HASH(0x1345df0)" />
    </testcase>
  </testsuite>
  <testsuite name="spec_perl_TestTypeTernary2ndFalsy_t" errors="0" failures="1" skipped="0" tests="13" time="0.0475149154663086">
    <system-out>1..13
ok 1 - Equals
ok 2 - Equals
ok 3 - Equals
ok 4 - Approx equals
ok 5 - Approx equals
ok 6 - Equals
ok 7 - Equals
ok 8 - Equals
ok 9 - nil
ok 10 - Equals
ok 11 - Equals
ok 12 - Equals
not ok 13 - test_type_ternary_2nd_falsy died (Can't use an undefined value as an ARRAY reference at spec/perl/TestTypeTernary2ndFalsy.t line 27.)
</system-out>
    <testcase name="Equals (378)" classname="spec_perl_TestTypeTernary2ndFalsy_t" time="0.000180959701538086" />
    <testcase name="Equals (379)" classname="spec_perl_TestTypeTernary2ndFalsy_t" time="7.51018524169922e-05" />
    <testcase name="Equals (380)" classname="spec_perl_TestTypeTernary2ndFalsy_t" time="0.000133991241455078" />
    <testcase name="Approx equals (380)" classname="spec_perl_TestTypeTernary2ndFalsy_t" time="0.000108003616333008" />
    <testcase name="Approx equals (381)" classname="spec_perl_TestTypeTernary2ndFalsy_t" time="4.69684600830078e-05" />
    <testcase name="Equals (381)" classname="spec_perl_TestTypeTernary2ndFalsy_t" time="8.392333984375e-05" />
    <testcase name="Equals (382)" classname="spec_perl_TestTypeTernary2ndFalsy_t" time="0.000152111053466797" />
    <testcase name="Equals (383)" classname="spec_perl_TestTypeTernary2ndFalsy_t" time="0.000121831893920898" />
    <testcase name="nil (383)" classname="spec_perl_TestTypeTernary2ndFalsy_t" time="6.91413879394531e-05" />
    <testcase name="Equals (384)" classname="spec_perl_TestTypeTernary2ndFalsy_t" time="0.000133991241455078" />
    <testcase name="Equals (385)" classname="spec_perl_TestTypeTernary2ndFalsy_t" time="0.000120878219604492" />
    <testcase name="Equals (386)" classname="spec_perl_TestTypeTernary2ndFalsy_t" time="0.000132083892822266" />
    <testcase name="test_type_ternary_2nd_falsy died (Can't use an undefined value as an ARRAY reference at spec/perl/TestTypeTernary2ndFalsy.t line 27.) (386)" classname="spec_perl_TestTypeTernary2ndFalsy_t" time="0.000278949737548828">
      <failure message="not ok 13 - test_type_ternary_2nd_falsy died (Can't use an undefined value as an ARRAY reference at spec/perl/TestTypeTernary2ndFalsy.t line 27.)" type="TAP::Parser::Result::Test"></failure>
    </testcase>
  </testsuite>
  <testsuite name="spec_perl_TestEnumOfValueInst_t" errors="0" failures="0" skipped="0" tests="4" time="0.0422279834747314">
    <system-out>1..4
ok 1 - Equals
ok 2 - Equals
ok 3 - Equals
ok 4 - Equals
</system-out>
    <testcase name="Equals (387)" classname="spec_perl_TestEnumOfValueInst_t" time="0.000196933746337891" />
    <testcase name="Equals (388)" classname="spec_perl_TestEnumOfValueInst_t" time="7.51018524169922e-05" />
    <testcase name="Equals (389)" classname="spec_perl_TestEnumOfValueInst_t" time="0.000155925750732422" />
    <testcase name="Equals (390)" classname="spec_perl_TestEnumOfValueInst_t" time="0.000132083892822266" />
  </testsuite>
  <testsuite name="spec_perl_TestTermBytes_t" errors="0" failures="0" skipped="0" tests="3" time="0.0431749820709229">
    <system-out>1..3
ok 1 - Equals
ok 2 - Equals
ok 3 - Equals
</system-out>
    <testcase name="Equals (391)" classname="spec_perl_TestTermBytes_t" time="0.000214099884033203" />
    <testcase name="Equals (392)" classname="spec_perl_TestTermBytes_t" time="7.58171081542969e-05" />
    <testcase name="Equals (393)" classname="spec_perl_TestTermBytes_t" time="0.000162124633789062" />
  </testsuite>
  <testsuite name="spec_perl_TestValidLong_t" errors="1" failures="0" skipped="0" tests="0" time="0.0412759780883789">
    <system-out></system-out>
    <testcase name="Test died too soon, even before plan. (393)" classname="spec_perl_TestValidLong_t" time="0.0412759780883789">
      <failure message="The test suite died before a plan was produced. You need to have a plan." type="Plan">No plan</failure>
    </testcase>
  </testsuite>
  <testsuite name="spec_perl_TestRepeatEosU4_t" errors="0" failures="0" skipped="0" tests="1" time="0.0455770492553711">
    <system-out>1..1
ok 1 - Equals
</system-out>
    <testcase name="Equals (394)" classname="spec_perl_TestRepeatEosU4_t" time="0.000250816345214844" />
  </testsuite>
  <testsuite name="spec_perl_TestSwitchManualInt_t" errors="0" failures="0" skipped="0" tests="9" time="0.0461139678955078">
    <system-out>1..9
ok 1 - Equals
ok 2 - Equals
ok 3 - Equals
ok 4 - Equals
ok 5 - Equals
ok 6 - Equals
ok 7 - Equals
ok 8 - Equals
ok 9 - Equals
</system-out>
    <testcase name="Equals (395)" classname="spec_perl_TestSwitchManualInt_t" time="0.000266075134277344" />
    <testcase name="Equals (396)" classname="spec_perl_TestSwitchManualInt_t" time="8.29696655273438e-05" />
    <testcase name="Equals (397)" classname="spec_perl_TestSwitchManualInt_t" time="0.00013279914855957" />
    <testcase name="Equals (398)" classname="spec_perl_TestSwitchManualInt_t" time="0.000133037567138672" />
    <testcase name="Equals (399)" classname="spec_perl_TestSwitchManualInt_t" time="0.000142097473144531" />
    <testcase name="Equals (400)" classname="spec_perl_TestSwitchManualInt_t" time="0.000118017196655273" />
    <testcase name="Equals (401)" classname="spec_perl_TestSwitchManualInt_t" time="0.000128984451293945" />
    <testcase name="Equals (402)" classname="spec_perl_TestSwitchManualInt_t" time="0.000151872634887695" />
    <testcase name="Equals (403)" classname="spec_perl_TestSwitchManualInt_t" time="0.000114202499389648" />
  </testsuite>
  <testsuite name="spec_perl_TestTermStrz_t" errors="0" failures="0" skipped="0" tests="3" time="0.0455279350280762">
    <system-out>1..3
ok 1 - Equals
ok 2 - Equals
ok 3 - Equals
</system-out>
    <testcase name="Equals (404)" classname="spec_perl_TestTermStrz_t" time="0.000291824340820312" />
    <testcase name="Equals (405)" classname="spec_perl_TestTermStrz_t" time="0.000101089477539062" />
    <testcase name="Equals (406)" classname="spec_perl_TestTermStrz_t" time="8.10623168945312e-05" />
  </testsuite>
  <testsuite name="spec_perl_TestCombineStr_t" errors="0" failures="0" skipped="0" tests="15" time="0.0473110675811768">
    <system-out>1..15
ok 1 - Equals
ok 2 - Equals
ok 3 - Equals
ok 4 - Equals
ok 5 - Equals
ok 6 - Equals
ok 7 - Equals
ok 8 - Equals
ok 9 - Equals
ok 10 - Equals
ok 11 - Equals
ok 12 - Equals
ok 13 - Equals
ok 14 - Equals
ok 15 - Equals
</system-out>
    <testcase name="Equals (407)" classname="spec_perl_TestCombineStr_t" time="0.000277042388916016" />
    <testcase name="Equals (408)" classname="spec_perl_TestCombineStr_t" time="0.000113010406494141" />
    <testcase name="Equals (409)" classname="spec_perl_TestCombineStr_t" time="5.69820404052734e-05" />
    <testcase name="Equals (410)" classname="spec_perl_TestCombineStr_t" time="0.000128984451293945" />
    <testcase name="Equals (411)" classname="spec_perl_TestCombineStr_t" time="0.000144004821777344" />
    <testcase name="Equals (412)" classname="spec_perl_TestCombineStr_t" time="0.000115156173706055" />
    <testcase name="Equals (413)" classname="spec_perl_TestCombineStr_t" time="0.000146865844726562" />
    <testcase name="Equals (414)" classname="spec_perl_TestCombineStr_t" time="0.000114917755126953" />
    <testcase name="Equals (415)" classname="spec_perl_TestCombineStr_t" time="0.00014805793762207" />
    <testcase name="Equals (416)" classname="spec_perl_TestCombineStr_t" time="0.000127077102661133" />
    <testcase name="Equals (417)" classname="spec_perl_TestCombineStr_t" time="0.0001220703125" />
    <testcase name="Equals (418)" classname="spec_perl_TestCombineStr_t" time="0.000121831893920898" />
    <testcase name="Equals (419)" classname="spec_perl_TestCombineStr_t" time="0.000144004821777344" />
    <testcase name="Equals (420)" classname="spec_perl_TestCombineStr_t" time="0.000143051147460938" />
    <testcase name="Equals (421)" classname="spec_perl_TestCombineStr_t" time="0.000152111053466797" />
  </testsuite>
  <testsuite name="spec_perl_TestImportsRel1_t" errors="0" failures="0" skipped="0" tests="3" time="0.0433690547943115">
    <system-out>1..3
ok 1 - Equals
ok 2 - Equals
ok 3 - Equals
</system-out>
    <testcase name="Equals (422)" classname="spec_perl_TestImportsRel1_t" time="0.000182151794433594" />
    <testcase name="Equals (423)" classname="spec_perl_TestImportsRel1_t" time="7.58171081542969e-05" />
    <testcase name="Equals (424)" classname="spec_perl_TestImportsRel1_t" time="0.000118017196655273" />
  </testsuite>
  <testsuite name="spec_perl_TestSwitchManualEnumInvalid_t" errors="0" failures="0" skipped="0" tests="5" time="0.0475049018859863">
    <system-out>1..5
ok 1 - Equals
ok 2 - Equals
ok 3 - nil
[...]
    <testcase name="Unnamed test case 729" classname="spec_perl_TestExprCalcArrayOps_t" time="7.20024108886719e-05">
      <skipped message="ok 8 # skip test_expr_calc_array_ops died" />
    </testcase>
    <testcase name="Unnamed test case 730" classname="spec_perl_TestExprCalcArrayOps_t" time="0.00176405906677246">
      <skipped message="ok 9 # skip test_expr_calc_array_ops died" />
    </testcase>
    <testcase name="Unnamed test case 731" classname="spec_perl_TestExprCalcArrayOps_t" time="0.000103950500488281">
      <skipped message="ok 10 # skip test_expr_calc_array_ops died" />
    </testcase>
    <testcase name="Unnamed test case 732" classname="spec_perl_TestExprCalcArrayOps_t" time="5.19752502441406e-05">
      <skipped message="ok 11 # skip test_expr_calc_array_ops died" />
    </testcase>
    <testcase name="Unnamed test case 733" classname="spec_perl_TestExprCalcArrayOps_t" time="5.79357147216797e-05">
      <skipped message="ok 12 # skip test_expr_calc_array_ops died" />
    </testcase>
    <testcase name="Unnamed test case 734" classname="spec_perl_TestExprCalcArrayOps_t" time="0.00148892402648926">
      <skipped message="ok 13 # skip test_expr_calc_array_ops died" />
    </testcase>
    <testcase name="Unnamed test case 735" classname="spec_perl_TestExprCalcArrayOps_t" time="8.0108642578125e-05">
      <skipped message="ok 14 # skip test_expr_calc_array_ops died" />
    </testcase>
    <testcase name="Unnamed test case 736" classname="spec_perl_TestExprCalcArrayOps_t" time="4.69684600830078e-05">
      <skipped message="ok 15 # skip test_expr_calc_array_ops died" />
    </testcase>
    <testcase name="Unnamed test case 737" classname="spec_perl_TestExprCalcArrayOps_t" time="4.1961669921875e-05">
      <skipped message="ok 16 # skip test_expr_calc_array_ops died" />
    </testcase>
    <testcase name="Unnamed test case 738" classname="spec_perl_TestExprCalcArrayOps_t" time="4.31537628173828e-05">
      <skipped message="ok 17 # skip test_expr_calc_array_ops died" />
    </testcase>
    <testcase name="Unnamed test case 739" classname="spec_perl_TestExprCalcArrayOps_t" time="3.88622283935547e-05">
      <skipped message="ok 18 # skip test_expr_calc_array_ops died" />
    </testcase>
  </testsuite>
  <testsuite name="spec_perl_TestNestedTypes3_t" errors="0" failures="0" skipped="0" tests="5" time="0.042421817779541">
    <system-out>1..5
ok 1 - Equals
ok 2 - Equals
ok 3 - Equals
ok 4 - Equals
ok 5 - Equals
</system-out>
    <testcase name="Equals (739)" classname="spec_perl_TestNestedTypes3_t" time="0.000233888626098633" />
    <testcase name="Equals (740)" classname="spec_perl_TestNestedTypes3_t" time="8.29696655273438e-05" />
    <testcase name="Equals (741)" classname="spec_perl_TestNestedTypes3_t" time="0.00011897087097168" />
    <testcase name="Equals (742)" classname="spec_perl_TestNestedTypes3_t" time="0.000136137008666992" />
    <testcase name="Equals (743)" classname="spec_perl_TestNestedTypes3_t" time="0.000124931335449219" />
  </testsuite>
  <testsuite name="spec_perl_TestCastToImported_t" errors="0" failures="0" skipped="0" tests="2" time="0.0420680046081543">
    <system-out>1..2
ok 1 - Equals
ok 2 - Equals
</system-out>
    <testcase name="Equals (744)" classname="spec_perl_TestCastToImported_t" time="0.000172138214111328" />
    <testcase name="Equals (745)" classname="spec_perl_TestCastToImported_t" time="6.98566436767578e-05" />
  </testsuite>
  <testsuite name="spec_perl_TestEnumToIClassBorder1_t" errors="0" failures="1" skipped="0" tests="3" time="0.0435769557952881">
    <system-out>1..3
ok 1 - Equals
ok 2 - Equals
not ok 3 - test_enum_to_i_class_border_1 died (Can't call method &quot;some_dog&quot; on an undefined value at compiled/perl/EnumToIClassBorder2.pm line 42.)
</system-out>
    <testcase name="Equals (746)" classname="spec_perl_TestEnumToIClassBorder1_t" time="0.000221967697143555" />
    <testcase name="Equals (747)" classname="spec_perl_TestEnumToIClassBorder1_t" time="7.60555267333984e-05" />
    <testcase name="test_enum_to_i_class_border_1 died (Can't call method &quot;some_dog&quot; on an undefined value at compiled/perl/EnumToIClassBorder2.pm line 42.) (747)" classname="spec_perl_TestEnumToIClassBorder1_t" time="0.000239133834838867">
      <failure message="not ok 3 - test_enum_to_i_class_border_1 died (Can't call method &quot;some_dog&quot; on an undefined value at compiled/perl/EnumToIClassBorder2.pm line 42.)" type="TAP::Parser::Result::Test"></failure>
    </testcase>
  </testsuite>
  <testsuite name="spec_perl_TestDefaultEndianExprIsLe_t" errors="0" failures="0" skipped="0" tests="12" time="0.0443778038024902">
    <system-out>1..12
ok 1 - Equals
ok 2 - Equals
ok 3 - Equals
ok 4 - Equals
ok 5 - Equals
ok 6 - Equals
ok 7 - Equals
ok 8 - Equals
ok 9 - Equals
ok 10 - Equals
ok 11 - Equals
ok 12 - Equals
</system-out>
    <testcase name="Equals (748)" classname="spec_perl_TestDefaultEndianExprIsLe_t" time="0.000313997268676758" />
    <testcase name="Equals (749)" classname="spec_perl_TestDefaultEndianExprIsLe_t" time="8.48770141601562e-05" />
    <testcase name="Equals (750)" classname="spec_perl_TestDefaultEndianExprIsLe_t" time="5.79357147216797e-05" />
    <testcase name="Equals (751)" classname="spec_perl_TestDefaultEndianExprIsLe_t" time="0.000147104263305664" />
    <testcase name="Equals (752)" classname="spec_perl_TestDefaultEndianExprIsLe_t" time="0.000132083892822266" />
    <testcase name="Equals (753)" classname="spec_perl_TestDefaultEndianExprIsLe_t" time="0.000138998031616211" />
    <testcase name="Equals (754)" classname="spec_perl_TestDefaultEndianExprIsLe_t" time="0.000155925750732422" />
    <testcase name="Equals (755)" classname="spec_perl_TestDefaultEndianExprIsLe_t" time="0.000132083892822266" />
    <testcase name="Equals (756)" classname="spec_perl_TestDefaultEndianExprIsLe_t" time="0.000116825103759766" />
    <testcase name="Equals (757)" classname="spec_perl_TestDefaultEndianExprIsLe_t" time="0.00014495849609375" />
    <testcase name="Equals (758)" classname="spec_perl_TestDefaultEndianExprIsLe_t" time="0.000121116638183594" />
    <testcase name="Equals (759)" classname="spec_perl_TestDefaultEndianExprIsLe_t" time="0.000143051147460938" />
  </testsuite>
  <testsuite name="spec_perl_TestSwitchMultiBoolOps_t" errors="0" failures="0" skipped="0" tests="9" time="0.0438971519470215">
    <system-out>1..9
ok 1 - Equals
ok 2 - Equals
ok 3 - Equals
ok 4 - Equals
ok 5 - Equals
ok 6 - Equals
ok 7 - Equals
ok 8 - Equals
ok 9 - Equals
</system-out>
    <testcase name="Equals (760)" classname="spec_perl_TestSwitchMultiBoolOps_t" time="0.000234127044677734" />
    <testcase name="Equals (761)" classname="spec_perl_TestSwitchMultiBoolOps_t" time="7.98702239990234e-05" />
    <testcase name="Equals (762)" classname="spec_perl_TestSwitchMultiBoolOps_t" time="0.000144004821777344" />
    <testcase name="Equals (763)" classname="spec_perl_TestSwitchMultiBoolOps_t" time="0.000129938125610352" />
    <testcase name="Equals (764)" classname="spec_perl_TestSwitchMultiBoolOps_t" time="0.0001220703125" />
    <testcase name="Equals (765)" classname="spec_perl_TestSwitchMultiBoolOps_t" time="0.000127077102661133" />
    <testcase name="Equals (766)" classname="spec_perl_TestSwitchMultiBoolOps_t" time="0.000154018402099609" />
    <testcase name="Equals (767)" classname="spec_perl_TestSwitchMultiBoolOps_t" time="0.000108003616333008" />
    <testcase name="Equals (768)" classname="spec_perl_TestSwitchMultiBoolOps_t" time="0.000143051147460938" />
  </testsuite>
  <testsuite name="spec_perl_TestProcessXor4Value_t" errors="0" failures="0" skipped="0" tests="2" time="0.0434770584106445">
    <system-out>1..2
ok 1 - Equals
ok 2 - Equals
</system-out>
    <testcase name="Equals (769)" classname="spec_perl_TestProcessXor4Value_t" time="0.000164031982421875" />
    <testcase name="Equals (770)" classname="spec_perl_TestProcessXor4Value_t" time="7.29560852050781e-05" />
  </testsuite>
  <testsuite name="spec_perl_TestSwitchManualStr_t" errors="0" failures="0" skipped="0" tests="9" time="0.0471999645233154">
    <system-out>1..9
ok 1 - Equals
ok 2 - Equals
ok 3 - Equals
ok 4 - Equals
ok 5 - Equals
ok 6 - Equals
ok 7 - Equals
ok 8 - Equals
ok 9 - Equals
</system-out>
    <testcase name="Equals (771)" classname="spec_perl_TestSwitchManualStr_t" time="0.000320911407470703" />
    <testcase name="Equals (772)" classname="spec_perl_TestSwitchManualStr_t" time="0.0001220703125" />
    <testcase name="Equals (773)" classname="spec_perl_TestSwitchManualStr_t" time="5.98430633544922e-05" />
    <testcase name="Equals (774)" classname="spec_perl_TestSwitchManualStr_t" time="0.000112056732177734" />
    <testcase name="Equals (775)" classname="spec_perl_TestSwitchManualStr_t" time="0.000142097473144531" />
    <testcase name="Equals (776)" classname="spec_perl_TestSwitchManualStr_t" time="0.000113964080810547" />
    <testcase name="Equals (777)" classname="spec_perl_TestSwitchManualStr_t" time="0.000155925750732422" />
    <testcase name="Equals (778)" classname="spec_perl_TestSwitchManualStr_t" time="0.00011897087097168" />
    <testcase name="Equals (779)" classname="spec_perl_TestSwitchManualStr_t" time="0.000123977661132812" />
  </testsuite>
  <testsuite name="spec_perl_TestNavRoot_t" errors="0" failures="0" skipped="0" tests="5" time="0.0468361377716064">
    <system-out>1..5
ok 1 - Equals
ok 2 - Equals
ok 3 - Equals
ok 4 - Equals
ok 5 - Equals
</system-out>
    <testcase name="Equals (780)" classname="spec_perl_TestNavRoot_t" time="0.000322818756103516" />
    <testcase name="Equals (781)" classname="spec_perl_TestNavRoot_t" time="0.000118017196655273" />
    <testcase name="Equals (782)" classname="spec_perl_TestNavRoot_t" time="6.41345977783203e-05" />
    <testcase name="Equals (783)" classname="spec_perl_TestNavRoot_t" time="0.000126838684082031" />
    <testcase name="Equals (784)" classname="spec_perl_TestNavRoot_t" time="0.000141143798828125" />
  </testsuite>
  <testsuite name="spec_perl_TestProcessCoerceSwitch_t" errors="0" failures="0" skipped="0" tests="3" time="0.0432338714599609">
    <system-out>1..3
ok 1 - Equals
ok 2 - Equals
ok 3 - Equals
</system-out>
    <testcase name="Equals (785)" classname="spec_perl_TestProcessCoerceSwitch_t" time="0.000498056411743164" />
    <testcase name="Equals (786)" classname="spec_perl_TestProcessCoerceSwitch_t" time="9.70363616943359e-05" />
    <testcase name="Equals (787)" classname="spec_perl_TestProcessCoerceSwitch_t" time="5.79357147216797e-05" />
  </testsuite>
  <testsuite name="spec_perl_TestEnumDeep_t" errors="0" failures="0" skipped="0" tests="2" time="0.0425949096679688">
    <system-out>1..2
ok 1 - Equals
ok 2 - Equals
</system-out>
    <testcase name="Equals (788)" classname="spec_perl_TestEnumDeep_t" time="0.000163078308105469" />
    <testcase name="Equals (789)" classname="spec_perl_TestEnumDeep_t" time="0.000123023986816406" />
  </testsuite>
  <testsuite name="spec_perl_TestProcessCoerceUsertype2_t" errors="0" failures="0" skipped="0" tests="4" time="0.0429770946502686">
    <system-out>1..4
ok 1 - Equals
ok 2 - Equals
ok 3 - Equals
ok 4 - Equals
</system-out>
    <testcase name="Equals (790)" classname="spec_perl_TestProcessCoerceUsertype2_t" time="0.000555992126464844" />
    <testcase name="Equals (791)" classname="spec_perl_TestProcessCoerceUsertype2_t" time="0.000100135803222656" />
    <testcase name="Equals (792)" classname="spec_perl_TestProcessCoerceUsertype2_t" time="5.88893890380859e-05" />
    <testcase name="Equals (793)" classname="spec_perl_TestProcessCoerceUsertype2_t" time="0.000160932540893555" />
  </testsuite>
  <testsuite name="spec_perl_TestCombineEnum_t" errors="0" failures="0" skipped="0" tests="3" time="0.041978120803833">
    <system-out>1..3
ok 1 - Equals
ok 2 - Equals
ok 3 - Equals
</system-out>
    <testcase name="Equals (794)" classname="spec_perl_TestCombineEnum_t" time="0.000168085098266602" />
    <testcase name="Equals (795)" classname="spec_perl_TestCombineEnum_t" time="9.98973846435547e-05" />
    <testcase name="Equals (796)" classname="spec_perl_TestCombineEnum_t" time="0.000128984451293945" />
  </testsuite>
  <testsuite name="spec_perl_TestRepeatEosBit_t" errors="0" failures="0" skipped="0" tests="1" time="0.0432181358337402">
    <system-out>1..1
ok 1 - Equals
</system-out>
    <testcase name="Equals (797)" classname="spec_perl_TestRepeatEosBit_t" time="0.000276088714599609" />
  </testsuite>
  <testsuite name="spec_perl_TestNavParent2_t" errors="0" failures="0" skipped="0" tests="10" time="0.0466799736022949">
    <system-out>1..10
ok 1 - Equals
ok 2 - Equals
ok 3 - Equals
ok 4 - Equals
ok 5 - Equals
ok 6 - Equals
ok 7 - Equals
ok 8 - Equals
ok 9 - Equals
ok 10 - Equals
</system-out>
    <testcase name="Equals (798)" classname="spec_perl_TestNavParent2_t" time="0.000299930572509766" />
    <testcase name="Equals (799)" classname="spec_perl_TestNavParent2_t" time="8.91685485839844e-05" />
    <testcase name="Equals (800)" classname="spec_perl_TestNavParent2_t" time="5.88893890380859e-05" />
    <testcase name="Equals (801)" classname="spec_perl_TestNavParent2_t" time="0.000138044357299805" />
    <testcase name="Equals (802)" classname="spec_perl_TestNavParent2_t" time="0.000125885009765625" />
    <testcase name="Equals (803)" classname="spec_perl_TestNavParent2_t" time="0.000195980072021484" />
    <testcase name="Equals (804)" classname="spec_perl_TestNavParent2_t" time="9.918212890625e-05" />
    <testcase name="Equals (805)" classname="spec_perl_TestNavParent2_t" time="0.00014495849609375" />
    <testcase name="Equals (806)" classname="spec_perl_TestNavParent2_t" time="0.000128984451293945" />
    <testcase name="Equals (807)" classname="spec_perl_TestNavParent2_t" time="0.000176906585693359" />
  </testsuite>
  <testsuite name="spec_perl_TestCombineBytes_t" errors="0" failures="0" skipped="0" tests="10" time="0.0434920787811279">
    <system-out>1..10
ok 1 - Equals
ok 2 - Equals
ok 3 - Equals
ok 4 - Equals
ok 5 - Equals
ok 6 - Equals
ok 7 - Equals
ok 8 - Equals
ok 9 - Equals
ok 10 - Equals
</system-out>
    <testcase name="Equals (808)" classname="spec_perl_TestCombineBytes_t" time="0.000240087509155273" />
    <testcase name="Equals (809)" classname="spec_perl_TestCombineBytes_t" time="7.79628753662109e-05" />
    <testcase name="Equals (810)" classname="spec_perl_TestCombineBytes_t" time="0.00014185905456543" />
    <testcase name="Equals (811)" classname="spec_perl_TestCombineBytes_t" time="8.70227813720703e-05" />
    <testcase name="Equals (812)" classname="spec_perl_TestCombineBytes_t" time="0.000139951705932617" />
    <testcase name="Equals (813)" classname="spec_perl_TestCombineBytes_t" time="0.000114202499389648" />
    <testcase name="Equals (814)" classname="spec_perl_TestCombineBytes_t" time="0.000138998031616211" />
    <testcase name="Equals (815)" classname="spec_perl_TestCombineBytes_t" time="0.000120878219604492" />
    <testcase name="Equals (816)" classname="spec_perl_TestCombineBytes_t" time="0.000154972076416016" />
    <testcase name="Equals (817)" classname="spec_perl_TestCombineBytes_t" time="0.000121116638183594" />
  </testsuite>
  <testsuite name="spec_perl_TestExprIoEof_t" errors="0" failures="0" skipped="0" tests="4" time="0.0425460338592529">
    <system-out>1..4
ok 1 - Equals
ok 2 - nil
ok 3 - Equals
ok 4 - Equals
</system-out>
    <testcase name="Equals (818)" classname="spec_perl_TestExprIoEof_t" time="0.000489950180053711" />
    <testcase name="nil (818)" classname="spec_perl_TestExprIoEof_t" time="9.39369201660156e-05" />
    <testcase name="Equals (819)" classname="spec_perl_TestExprIoEof_t" time="4.50611114501953e-05" />
    <testcase name="Equals (820)" classname="spec_perl_TestExprIoEof_t" time="6.103515625e-05" />
  </testsuite>
  <testsuite name="spec_perl_TestExprArray_t" errors="0" failures="1" skipped="0" tests="15" time="0.0518660545349121">
    <system-out>1..15
ok 1 - Equals
ok 2 - Equals
ok 3 - Equals
ok 4 - Equals
ok 5 - Equals
ok 6 - Equals
ok 7 - Equals
ok 8 - Equals
not ok 9 - Equals
ok 10 - Equals
ok 11 - Equals
ok 12 - Equals
ok 13 - Equals
ok 14 - Equals
ok 15 - Equals
</system-out>
    <testcase name="Equals (821)" classname="spec_perl_TestExprArray_t" time="0.000360012054443359" />
    <testcase name="Equals (822)" classname="spec_perl_TestExprArray_t" time="9.10758972167969e-05" />
    <testcase name="Equals (823)" classname="spec_perl_TestExprArray_t" time="6.79492950439453e-05" />
    <testcase name="Equals (824)" classname="spec_perl_TestExprArray_t" time="0.000124931335449219" />
    <testcase name="Equals (825)" classname="spec_perl_TestExprArray_t" time="0.000114202499389648" />
    <testcase name="Equals (826)" classname="spec_perl_TestExprArray_t" time="0.000142812728881836" />
    <testcase name="Equals (827)" classname="spec_perl_TestExprArray_t" time="0.000135183334350586" />
    <testcase name="Equals (828)" classname="spec_perl_TestExprArray_t" time="0.000149965286254883" />
    <testcase name="Equals (829)" classname="spec_perl_TestExprArray_t" time="0.000216007232666016">
      <failure message="not ok 9 - Equals" type="TAP::Parser::Result::Test"></failure>
    </testcase>
    <testcase name="Equals (830)" classname="spec_perl_TestExprArray_t" time="0.00426387786865234" />
    <testcase name="Equals (831)" classname="spec_perl_TestExprArray_t" time="0.000108957290649414" />
    <testcase name="Equals (832)" classname="spec_perl_TestExprArray_t" time="3.09944152832031e-05" />
    <testcase name="Equals (833)" classname="spec_perl_TestExprArray_t" time="2.40802764892578e-05" />
    <testcase name="Equals (834)" classname="spec_perl_TestExprArray_t" time="2.31266021728516e-05" />
    <testcase name="Equals (835)" classname="spec_perl_TestExprArray_t" time="2.19345092773438e-05" />
  </testsuite>
  <testsuite name="spec_perl_TestBcdUserTypeLe_t" errors="0" failures="0" skipped="0" tests="6" time="0.0439929962158203">
    <system-out>1..6
ok 1 - Equals
ok 2 - Equals
ok 3 - Equals
ok 4 - Equals
ok 5 - Equals
ok 6 - Equals
</system-out>
    <testcase name="Equals (836)" classname="spec_perl_TestBcdUserTypeLe_t" time="0.0005340576171875" />
    <testcase name="Equals (837)" classname="spec_perl_TestBcdUserTypeLe_t" time="9.20295715332031e-05" />
    <testcase name="Equals (838)" classname="spec_perl_TestBcdUserTypeLe_t" time="0.000107049942016602" />
    <testcase name="Equals (839)" classname="spec_perl_TestBcdUserTypeLe_t" time="0.000143051147460938" />
    <testcase name="Equals (840)" classname="spec_perl_TestBcdUserTypeLe_t" time="0.000157833099365234" />
    <testcase name="Equals (841)" classname="spec_perl_TestBcdUserTypeLe_t" time="0.00015711784362793" />
  </testsuite>
  <testsuite name="spec_perl_TestExprIfIntOps_t" errors="0" failures="0" skipped="0" tests="2" time="0.0427579879760742">
    <system-out>1..2
ok 1 - Equals
ok 2 - Equals
</system-out>
    <testcase name="Equals (842)" classname="spec_perl_TestExprIfIntOps_t" time="0.000264167785644531" />
    <testcase name="Equals (843)" classname="spec_perl_TestExprIfIntOps_t" time="8.89301300048828e-05" />
  </testsuite>
  <testsuite name="spec_perl_TestParamsEnum_t" errors="0" failures="1" skipped="0" tests="2" time="0.0663819313049316">
    <system-out>1..2
ok 1 - Equals
not ok 2 - Equals
</system-out>
    <testcase name="Equals (844)" classname="spec_perl_TestParamsEnum_t" time="0.000238180160522461" />
    <testcase name="Equals (845)" classname="spec_perl_TestParamsEnum_t" time="0.00017094612121582">
      <failure message="not ok 2 - Equals" type="TAP::Parser::Result::Test"></failure>
    </testcase>
  </testsuite>
  <testsuite name="spec_perl_TestIfInstances_t" errors="0" failures="0" skipped="0" tests="1" time="0.0428709983825684">
    <system-out>1..1
ok 1 - nil
</system-out>
    <testcase name="nil (845)" classname="spec_perl_TestIfInstances_t" time="0.0001678466796875" />
  </testsuite>
</testsuites>
