<?xml version='1.0' encoding='utf-8'?>
<testsuites>
  <testsuite name="spec_perl_TestOptionalId_t" errors="0" failures="0" skipped="0" tests="3" time="0.0405521392822266">
    <system-out>1..3
ok 1 - Equals
ok 2 - Equals
ok 3 - Equals
</system-out>
    <testcase name="Equals" classname="spec_perl_TestOptionalId_t" time="0.00155305862426758" />
    <testcase name="Equals (2)" classname="spec_perl_TestOptionalId_t" time="8.48770141601562e-05" />
    <testcase name="Equals (3)" classname="spec_perl_TestOptionalId_t" time="4.69684600830078e-05" />
  </testsuite>
  <testsuite name="spec_perl_TestDefaultEndianExprIsLe_t" errors="0" failures="0" skipped="0" tests="12" time="0.0399000644683838">
    <system-out>1..12
ok 1 - Equals
ok 2 - Equals
ok 3 - Equals
ok 4 - Equals
ok 5 - Equals
ok 6 - Equals
ok 7 - Equals
ok 8 - Equals
ok 9 - Equals
ok 10 - Equals
ok 11 - Equals
ok 12 - Equals
</system-out>
    <testcase name="Equals (4)" classname="spec_perl_TestDefaultEndianExprIsLe_t" time="0.00166702270507812" />
    <testcase name="Equals (5)" classname="spec_perl_TestDefaultEndianExprIsLe_t" time="0.000116825103759766" />
    <testcase name="Equals (6)" classname="spec_perl_TestDefaultEndianExprIsLe_t" time="5.00679016113281e-05" />
    <testcase name="Equals (7)" classname="spec_perl_TestDefaultEndianExprIsLe_t" time="7.20024108886719e-05" />
    <testcase name="Equals (8)" classname="spec_perl_TestDefaultEndianExprIsLe_t" time="6.19888305664062e-05" />
    <testcase name="Equals (9)" classname="spec_perl_TestDefaultEndianExprIsLe_t" time="5.91278076171875e-05" />
    <testcase name="Equals (10)" classname="spec_perl_TestDefaultEndianExprIsLe_t" time="0.000133991241455078" />
    <testcase name="Equals (11)" classname="spec_perl_TestDefaultEndianExprIsLe_t" time="8.98838043212891e-05" />
    <testcase name="Equals (12)" classname="spec_perl_TestDefaultEndianExprIsLe_t" time="6.60419464111328e-05" />
    <testcase name="Equals (13)" classname="spec_perl_TestDefaultEndianExprIsLe_t" time="9.01222229003906e-05" />
    <testcase name="Equals (14)" classname="spec_perl_TestDefaultEndianExprIsLe_t" time="0.000100851058959961" />
    <testcase name="Equals (15)" classname="spec_perl_TestDefaultEndianExprIsLe_t" time="8.70227813720703e-05" />
  </testsuite>
  <testsuite name="spec_perl_TestDebugSwitchUser_t" errors="1" failures="0" skipped="0" tests="0" time="0.0369601249694824">
    <system-out></system-out>
    <testcase name="Test died too soon, even before plan. (15)" classname="spec_perl_TestDebugSwitchUser_t" time="0.0369601249694824">
      <failure message="The test suite died before a plan was produced. You need to have a plan." type="Plan">No plan</failure>
    </testcase>
  </testsuite>
  <testsuite name="spec_perl_TestEnumLongRangeS_t" errors="0" failures="0" skipped="0" tests="7" time="0.0378780364990234">
    <system-out>1..7
ok 1 - Equals
ok 2 - Equals
ok 3 - Equals
ok 4 - Equals
ok 5 - Equals
ok 6 - Equals
ok 7 - Equals
</system-out>
    <testcase name="Equals (16)" classname="spec_perl_TestEnumLongRangeS_t" time="0.0012660026550293" />
    <testcase name="Equals (17)" classname="spec_perl_TestEnumLongRangeS_t" time="7.39097595214844e-05" />
    <testcase name="Equals (18)" classname="spec_perl_TestEnumLongRangeS_t" time="4.31537628173828e-05" />
    <testcase name="Equals (19)" classname="spec_perl_TestEnumLongRangeS_t" time="7.39097595214844e-05" />
    <testcase name="Equals (20)" classname="spec_perl_TestEnumLongRangeS_t" time="6.50882720947266e-05" />
    <testcase name="Equals (21)" classname="spec_perl_TestEnumLongRangeS_t" time="5.48362731933594e-05" />
    <testcase name="Equals (22)" classname="spec_perl_TestEnumLongRangeS_t" time="0.000110149383544922" />
  </testsuite>
  <testsuite name="spec_perl_TestParamsPassArrayUsertype_t" errors="0" failures="1" skipped="4" tests="5" time="0.0385069847106934">
    <system-out>1..5
not ok 1 - test_params_pass_array_usertype died (Can't use an undefined value as an ARRAY reference at compiled/perl/ParamsPassArrayUsertype.pm line 123.)
ok 2 # skip test_params_pass_array_usertype died
ok 3 # skip test_params_pass_array_usertype died
ok 4 # skip test_params_pass_array_usertype died
ok 5 # skip test_params_pass_array_usertype died
</system-out>
    <testcase name="test_params_pass_array_usertype died (Can't use an undefined value as an ARRAY reference at compiled/perl/ParamsPassArrayUsertype.pm line 123.) (22)" classname="spec_perl_TestParamsPassArrayUsertype_t" time="0.00152897834777832">
      <failure message="not ok 1 - test_params_pass_array_usertype died (Can't use an undefined value as an ARRAY reference at compiled/perl/ParamsPassArrayUsertype.pm line 123.)" type="TAP::Parser::Result::Test"></failure>
    </testcase>
    <testcase name="Unnamed test case 22" classname="spec_perl_TestParamsPassArrayUsertype_t" time="9.58442687988281e-05">
      <skipped message="ok 2 # skip test_params_pass_array_usertype died" />
    </testcase>
    <testcase name="Unnamed test case 23" classname="spec_perl_TestParamsPassArrayUsertype_t" time="5.00679016113281e-05">
      <skipped message="ok 3 # skip test_params_pass_array_usertype died" />
    </testcase>
    <testcase name="Unnamed test case 24" classname="spec_perl_TestParamsPassArrayUsertype_t" time="4.31537628173828e-05">
      <skipped message="ok 4 # skip test_params_pass_array_usertype died" />
    </testcase>
    <testcase name="Unnamed test case 25" classname="spec_perl_TestParamsPassArrayUsertype_t" time="3.98159027099609e-05">
      <skipped message="ok 5 # skip test_params_pass_array_usertype died" />
    </testcase>
  </testsuite>
  <testsuite name="spec_perl_TestExprCalcArrayOps_t" errors="0" failures="0" skipped="0" tests="18" time="0.040802001953125">
    <system-out>1..18
ok 1 - Equals
ok 2 - Equals
ok 3 - Equals
ok 4 - Equals
ok 5 - Equals
ok 6 - Equals
ok 7 - Equals
ok 8 - Approx equals
ok 9 - Approx equals
ok 10 - Approx equals
ok 11 - Approx equals
ok 12 - Approx equals
ok 13 - Equals
ok 14 - Equals
ok 15 - Equals
ok 16 - Equals
ok 17 - Equals
ok 18 - Equals
</system-out>
    <testcase name="Equals (25)" classname="spec_perl_TestExprCalcArrayOps_t" time="0.00154900550842285" />
    <testcase name="Equals (26)" classname="spec_perl_TestExprCalcArrayOps_t" time="9.10758972167969e-05" />
    <testcase name="Equals (27)" classname="spec_perl_TestExprCalcArrayOps_t" time="5.88893890380859e-05" />
    <testcase name="Equals (28)" classname="spec_perl_TestExprCalcArrayOps_t" time="7.41481781005859e-05" />
    <testcase name="Equals (29)" classname="spec_perl_TestExprCalcArrayOps_t" time="6.69956207275391e-05" />
    <testcase name="Equals (30)" classname="spec_perl_TestExprCalcArrayOps_t" time="0.000123023986816406" />
    <testcase name="Equals (31)" classname="spec_perl_TestExprCalcArrayOps_t" time="9.58442687988281e-05" />
    <testcase name="Approx equals (31)" classname="spec_perl_TestExprCalcArrayOps_t" time="0.00012516975402832" />
    <testcase name="Approx equals (32)" classname="spec_perl_TestExprCalcArrayOps_t" time="5.38825988769531e-05" />
    <testcase name="Approx equals (33)" classname="spec_perl_TestExprCalcArrayOps_t" time="5.10215759277344e-05" />
    <testcase name="Approx equals (34)" classname="spec_perl_TestExprCalcArrayOps_t" time="5.19752502441406e-05" />
    <testcase name="Approx equals (35)" classname="spec_perl_TestExprCalcArrayOps_t" time="6.79492950439453e-05" />
    <testcase name="Equals (35)" classname="spec_perl_TestExprCalcArrayOps_t" time="0.000132083892822266" />
    <testcase name="Equals (36)" classname="spec_perl_TestExprCalcArrayOps_t" time="0.000112056732177734" />
    <testcase name="Equals (37)" classname="spec_perl_TestExprCalcArrayOps_t" time="9.79900360107422e-05" />
    <testcase name="Equals (38)" classname="spec_perl_TestExprCalcArrayOps_t" time="0.000128984451293945" />
    <testcase name="Equals (39)" classname="spec_perl_TestExprCalcArrayOps_t" time="8.58306884765625e-05" />
    <testcase name="Equals (40)" classname="spec_perl_TestExprCalcArrayOps_t" time="8.32080841064453e-05" />
  </testsuite>
  <testsuite name="spec_perl_TestInstanceUserArray_t" errors="0" failures="0" skipped="0" tests="10" time="0.0384619235992432">
    <system-out>1..10
ok 1 - Equals
ok 2 - Equals
ok 3 - Equals
ok 4 - Equals
ok 5 - Equals
ok 6 - Equals
ok 7 - Equals
ok 8 - Equals
ok 9 - Equals
ok 10 - Equals
</system-out>
    <testcase name="Equals (41)" classname="spec_perl_TestInstanceUserArray_t" time="0.00163602828979492" />
    <testcase name="Equals (42)" classname="spec_perl_TestInstanceUserArray_t" time="7.51018524169922e-05" />
    <testcase name="Equals (43)" classname="spec_perl_TestInstanceUserArray_t" time="0.000103950500488281" />
    <testcase name="Equals (44)" classname="spec_perl_TestInstanceUserArray_t" time="0.000566959381103516" />
    <testcase name="Equals (45)" classname="spec_perl_TestInstanceUserArray_t" time="9.20295715332031e-05" />
    <testcase name="Equals (46)" classname="spec_perl_TestInstanceUserArray_t" time="4.50611114501953e-05" />
    <testcase name="Equals (47)" classname="spec_perl_TestInstanceUserArray_t" time="5.69820404052734e-05" />
    <testcase name="Equals (48)" classname="spec_perl_TestInstanceUserArray_t" time="5.29289245605469e-05" />
    <testcase name="Equals (49)" classname="spec_perl_TestInstanceUserArray_t" time="8.60691070556641e-05" />
    <testcase name="Equals (50)" classname="spec_perl_TestInstanceUserArray_t" time="5.69820404052734e-05" />
  </testsuite>
  <testsuite name="spec_perl_TestBitsShiftByB64Le_t" errors="0" failures="0" skipped="0" tests="2" time="0.0383710861206055">
    <system-out>1..2
ok 1 - Equals
ok 2 - Equals
</system-out>
    <testcase name="Equals (51)" classname="spec_perl_TestBitsShiftByB64Le_t" time="0.000586032867431641" />
    <testcase name="Equals (52)" classname="spec_perl_TestBitsShiftByB64Le_t" time="8.29696655273438e-05" />
  </testsuite>
  <testsuite name="spec_perl_TestSwitchIntegers2_t" errors="0" failures="0" skipped="0" tests="5" time="0.0396728515625">
    <system-out>1..5
ok 1 - Equals
ok 2 - Equals
ok 3 - Equals
ok 4 - Equals
ok 5 - Equals
</system-out>
    <testcase name="Equals (53)" classname="spec_perl_TestSwitchIntegers2_t" time="0.00150394439697266" />
    <testcase name="Equals (54)" classname="spec_perl_TestSwitchIntegers2_t" time="8.10623168945312e-05" />
    <testcase name="Equals (55)" classname="spec_perl_TestSwitchIntegers2_t" time="4.50611114501953e-05" />
    <testcase name="Equals (56)" classname="spec_perl_TestSwitchIntegers2_t" time="5.79357147216797e-05" />
    <testcase name="Equals (57)" classname="spec_perl_TestSwitchIntegers2_t" time="7.29560852050781e-05" />
  </testsuite>
  <testsuite name="spec_perl_TestSwitchManualIntElse_t" errors="0" failures="0" skipped="0" tests="9" time="0.0463509559631348">
    <system-out>1..9
ok 1 - Equals
ok 2 - Equals
ok 3 - Equals
ok 4 - Equals
ok 5 - Equals
ok 6 - Equals
ok 7 - Equals
ok 8 - Equals
ok 9 - Equals
</system-out>
    <testcase name="Equals (58)" classname="spec_perl_TestSwitchManualIntElse_t" time="0.00157499313354492" />
    <testcase name="Equals (59)" classname="spec_perl_TestSwitchManualIntElse_t" time="0.000216960906982422" />
    <testcase name="Equals (60)" classname="spec_perl_TestSwitchManualIntElse_t" time="5.69820404052734e-05" />
    <testcase name="Equals (61)" classname="spec_perl_TestSwitchManualIntElse_t" time="7.20024108886719e-05" />
    <testcase name="Equals (62)" classname="spec_perl_TestSwitchManualIntElse_t" time="7.51018524169922e-05" />
    <testcase name="Equals (63)" classname="spec_perl_TestSwitchManualIntElse_t" time="6.07967376708984e-05" />
    <testcase name="Equals (64)" classname="spec_perl_TestSwitchManualIntElse_t" time="0.00014805793762207" />
    <testcase name="Equals (65)" classname="spec_perl_TestSwitchManualIntElse_t" time="9.70363616943359e-05" />
    <testcase name="Equals (66)" classname="spec_perl_TestSwitchManualIntElse_t" time="0.000111103057861328" />
  </testsuite>
  <testsuite name="spec_perl_TestExprBytesCmp_t" errors="0" failures="0" skipped="0" tests="10" time="0.038905143737793">
    <system-out>1..10
ok 1 - Equals
ok 2 - Equals
ok 3 - Equals
ok 4 - Equals
ok 5 - Equals
ok 6 - Equals
ok 7 - Equals
ok 8 - Equals
ok 9 - Equals
ok 10 - Equals
</system-out>
    <testcase name="Equals (67)" classname="spec_perl_TestExprBytesCmp_t" time="0.00148296356201172" />
    <testcase name="Equals (68)" classname="spec_perl_TestExprBytesCmp_t" time="7.70092010498047e-05" />
    <testcase name="Equals (69)" classname="spec_perl_TestExprBytesCmp_t" time="7.58171081542969e-05" />
    <testcase name="Equals (70)" classname="spec_perl_TestExprBytesCmp_t" time="0.000111103057861328" />
    <testcase name="Equals (71)" classname="spec_perl_TestExprBytesCmp_t" time="0.000128984451293945" />
    <testcase name="Equals (72)" classname="spec_perl_TestExprBytesCmp_t" time="0.000103950500488281" />
    <testcase name="Equals (73)" classname="spec_perl_TestExprBytesCmp_t" time="9.10758972167969e-05" />
    <testcase name="Equals (74)" classname="spec_perl_TestExprBytesCmp_t" time="0.000200986862182617" />
    <testcase name="Equals (75)" classname="spec_perl_TestExprBytesCmp_t" time="8.98838043212891e-05" />
    <testcase name="Equals (76)" classname="spec_perl_TestExprBytesCmp_t" time="0.000132083892822266" />
  </testsuite>
  <testsuite name="spec_perl_TestNestedTypes3_t" errors="0" failures="0" skipped="0" tests="5" time="0.0374031066894531">
    <system-out>1..5
ok 1 - Equals
ok 2 - Equals
ok 3 - Equals
ok 4 - Equals
ok 5 - Equals
</system-out>
    <testcase name="Equals (77)" classname="spec_perl_TestNestedTypes3_t" time="0.00139403343200684" />
    <testcase name="Equals (78)" classname="spec_perl_TestNestedTypes3_t" time="7.00950622558594e-05" />
    <testcase name="Equals (79)" classname="spec_perl_TestNestedTypes3_t" time="7.08103179931641e-05" />
    <testcase name="Equals (80)" classname="spec_perl_TestNestedTypes3_t" time="5.00679016113281e-05" />
    <testcase name="Equals (81)" classname="spec_perl_TestNestedTypes3_t" time="7.79628753662109e-05" />
  </testsuite>
  <testsuite name="spec_perl_TestParamsPassStruct_t" errors="0" failures="1" skipped="1" tests="4" time="0.0386719703674316">
    <system-out>1..4
ok 1 - Equals
ok 2 - Equals
not ok 3 - test_params_pass_struct died (Can't call method &quot;foo&quot; on an undefined value at spec/perl/TestParamsPassStruct.t line 16.)
ok 4 # skip test_params_pass_struct died
</system-out>
    <testcase name="Equals (82)" classname="spec_perl_TestParamsPassStruct_t" time="0.0016779899597168" />
    <testcase name="Equals (83)" classname="spec_perl_TestParamsPassStruct_t" time="0.00020909309387207" />
    <testcase name="test_params_pass_struct died (Can't call method &quot;foo&quot; on an undefined value at spec/perl/TestParamsPassStruct.t line 16.) (83)" classname="spec_perl_TestParamsPassStruct_t" time="0.000169992446899414">
      <failure message="not ok 3 - test_params_pass_struct died (Can't call method &quot;foo&quot; on an undefined value at spec/perl/TestParamsPassStruct.t line 16.)" type="TAP::Parser::Result::Test"></failure>
    </testcase>
    <testcase name="Unnamed test case 83" classname="spec_perl_TestParamsPassStruct_t" time="0.000522851943969727">
      <skipped message="ok 4 # skip test_params_pass_struct died" />
    </testcase>
  </testsuite>
  <testsuite name="spec_perl_TestBitsShiftByB32Le_t" errors="0" failures="0" skipped="0" tests="2" time="0.0393750667572021">
    <system-out>1..2
ok 1 - Equals
ok 2 - Equals
</system-out>
    <testcase name="Equals (84)" classname="spec_perl_TestBitsShiftByB32Le_t" time="0.00164508819580078" />
    <testcase name="Equals (85)" classname="spec_perl_TestBitsShiftByB32Le_t" time="8.20159912109375e-05" />
  </testsuite>
  <testsuite name="spec_perl_TestNavParentFalse2_t" errors="0" failures="0" skipped="0" tests="1" time="0.0366959571838379">
    <system-out>1..1
ok 1 - Equals
</system-out>
    <testcase name="Equals (86)" classname="spec_perl_TestNavParentFalse2_t" time="0.00167298316955566" />
  </testsuite>
  <testsuite name="spec_perl_TestBitsUnalignedB32Le_t" errors="0" failures="0" skipped="0" tests="3" time="0.0373461246490479">
    <system-out>1..3
ok 1 - Equals
ok 2 - Equals
ok 3 - Equals
</system-out>
    <testcase name="Equals (87)" classname="spec_perl_TestBitsUnalignedB32Le_t" time="0.00146889686584473" />
    <testcase name="Equals (88)" classname="spec_perl_TestBitsUnalignedB32Le_t" time="0.000121116638183594" />
    <testcase name="Equals (89)" classname="spec_perl_TestBitsUnalignedB32Le_t" time="4.50611114501953e-05" />
  </testsuite>
  <testsuite name="spec_perl_TestIntegersDoubleOverflow_t" errors="0" failures="0" skipped="0" tests="8" time="0.0374469757080078">
    <system-out>1..8
ok 1 - Equals
ok 2 - Equals
ok 3 - Equals
ok 4 - Equals
ok 5 - Equals
ok 6 - Equals
ok 7 - Equals
ok 8 - Equals
</system-out>
    <testcase name="Equals (90)" classname="spec_perl_TestIntegersDoubleOverflow_t" time="0.00174593925476074" />
    <testcase name="Equals (91)" classname="spec_perl_TestIntegersDoubleOverflow_t" time="7.29560852050781e-05" />
    <testcase name="Equals (92)" classname="spec_perl_TestIntegersDoubleOverflow_t" time="7.29560852050781e-05" />
    <testcase name="Equals (93)" classname="spec_perl_TestIntegersDoubleOverflow_t" time="6.00814819335938e-05" />
    <testcase name="Equals (94)" classname="spec_perl_TestIntegersDoubleOverflow_t" time="5.19752502441406e-05" />
    <testcase name="Equals (95)" classname="spec_perl_TestIntegersDoubleOverflow_t" time="0.000102043151855469" />
    <testcase name="Equals (96)" classname="spec_perl_TestIntegersDoubleOverflow_t" time="7.39097595214844e-05" />
    <testcase name="Equals (97)" classname="spec_perl_TestIntegersDoubleOverflow_t" time="0.000131130218505859" />
  </testsuite>
  <testsuite name="spec_perl_TestBitsSignedShiftB64Le_t" errors="0" failures="0" skipped="0" tests="2" time="0.0362429618835449">
    <system-out>1..2
ok 1 - Equals
ok 2 - Equals
</system-out>
    <testcase name="Equals (98)" classname="spec_perl_TestBitsSignedShiftB64Le_t" time="0.00158095359802246" />
    <testcase name="Equals (99)" classname="spec_perl_TestBitsSignedShiftB64Le_t" time="0.000216007232666016" />
  </testsuite>
  <testsuite name="spec_perl_TestParamsPassArrayStr_t" errors="0" failures="1" skipped="6" tests="7" time="0.0471980571746826">
    <system-out>1..7
not ok 1 - test_params_pass_array_str died (Can't use an undefined value as an ARRAY reference at spec/perl/TestParamsPassArrayStr.t line 14.)
ok 2 # skip test_params_pass_array_str died
ok 3 # skip test_params_pass_array_str died
ok 4 # skip test_params_pass_array_str died
ok 5 # skip test_params_pass_array_str died
ok 6 # skip test_params_pass_array_str died
ok 7 # skip test_params_pass_array_str died
</system-out>
    <testcase name="test_params_pass_array_str died (Can't use an undefined value as an ARRAY reference at spec/perl/TestParamsPassArrayStr.t line 14.) (99)" classname="spec_perl_TestParamsPassArrayStr_t" time="0.00152897834777832">
      <failure message="not ok 1 - test_params_pass_array_str died (Can't use an undefined value as an ARRAY reference at spec/perl/TestParamsPassArrayStr.t line 14.)" type="TAP::Parser::Result::Test"></failure>
    </testcase>
    <testcase name="Unnamed test case 99" classname="spec_perl_TestParamsPassArrayStr_t" time="9.79900360107422e-05">
      <skipped message="ok 2 # skip test_params_pass_array_str died" />
    </testcase>
    <testcase name="Unnamed test case 100" classname="spec_perl_TestParamsPassArrayStr_t" time="4.88758087158203e-05">
      <skipped message="ok 3 # skip test_params_pass_array_str died" />
    </testcase>
    <testcase name="Unnamed test case 101" classname="spec_perl_TestParamsPassArrayStr_t" time="4.00543212890625e-05">
      <skipped message="ok 4 # skip test_params_pass_array_str died" />
    </testcase>
    <testcase name="Unnamed test case 102" classname="spec_perl_TestParamsPassArrayStr_t" time="5.79357147216797e-05">
      <skipped message="ok 5 # skip test_params_pass_array_str died" />
    </testcase>
    <testcase name="Unnamed test case 103" classname="spec_perl_TestParamsPassArrayStr_t" time="3.814697265625e-05">
      <skipped message="ok 6 # skip test_params_pass_array_str died" />
    </testcase>
    <testcase name="Unnamed test case 104" classname="spec_perl_TestParamsPassArrayStr_t" time="4.00543212890625e-05">
      <skipped message="ok 7 # skip test_params_pass_array_str died" />
    </testcase>
  </testsuite>
  <testsuite name="spec_perl_TestProcessCoerceBytes_t" errors="0" failures="0" skipped="0" tests="4" time="0.0413641929626465">
    <system-out>1..4
ok 1 - Equals
ok 2 - Equals
ok 3 - Equals
ok 4 - Equals
</system-out>
    <testcase name="Equals (104)" classname="spec_perl_TestProcessCoerceBytes_t" time="0.00145506858825684" />
    <testcase name="Equals (105)" classname="spec_perl_TestProcessCoerceBytes_t" time="9.89437103271484e-05" />
    <testcase name="Equals (106)" classname="spec_perl_TestProcessCoerceBytes_t" time="0.000168085098266602" />
    <testcase name="Equals (107)" classname="spec_perl_TestProcessCoerceBytes_t" time="8.60691070556641e-05" />
  </testsuite>
  <testsuite name="spec_perl_TestEnum1_t" errors="0" failures="0" skipped="0" tests="2" time="0.0385711193084717">
    <system-out>1..2
ok 1 - Equals
ok 2 - Equals
</system-out>
    <testcase name="Equals (108)" classname="spec_perl_TestEnum1_t" time="0.00156307220458984" />
    <testcase name="Equals (109)" classname="spec_perl_TestEnum1_t" time="7.79628753662109e-05" />
  </testsuite>
  <testsuite name="spec_perl_TestCombineEnum_t" errors="0" failures="0" skipped="0" tests="3" time="0.0365180969238281">
    <system-out>1..3
ok 1 - Equals
ok 2 - Equals
ok 3 - Equals
</system-out>
    <testcase name="Equals (110)" classname="spec_perl_TestCombineEnum_t" time="0.0014188289642334" />
    <testcase name="Equals (111)" classname="spec_perl_TestCombineEnum_t" time="0.000112056732177734" />
    <testcase name="Equals (112)" classname="spec_perl_TestCombineEnum_t" time="9.51290130615234e-05" />
  </testsuite>
  <testsuite name="spec_perl_TestBitsEnum_t" errors="0" failures="0" skipped="0" tests="3" time="0.0423660278320312">
    <system-out>1..3
ok 1 - Equals
ok 2 - Equals
ok 3 - Equals
</system-out>
    <testcase name="Equals (113)" classname="spec_perl_TestBitsEnum_t" time="0.00146102905273438" />
    <testcase name="Equals (114)" classname="spec_perl_TestBitsEnum_t" time="8.67843627929688e-05" />
    <testcase name="Equals (115)" classname="spec_perl_TestBitsEnum_t" time="5.10215759277344e-05" />
  </testsuite>
  <testsuite name="spec_perl_TestSwitchManualIntSizeElse_t" errors="0" failures="0" skipped="0" tests="10" time="0.046159029006958">
    <system-out>1..10
ok 1 - Equals
ok 2 - Equals
ok 3 - Equals
ok 4 - Equals
ok 5 - Equals
ok 6 - Equals
ok 7 - Equals
ok 8 - Equals
ok 9 - Equals
ok 10 - Equals
</system-out>
    <testcase name="Equals (116)" classname="spec_perl_TestSwitchManualIntSizeElse_t" time="0.00200200080871582" />
    <testcase name="Equals (117)" classname="spec_perl_TestSwitchManualIntSizeElse_t" time="8.58306884765625e-05" />
    <testcase name="Equals (118)" classname="spec_perl_TestSwitchManualIntSizeElse_t" time="4.72068786621094e-05" />
    <testcase name="Equals (119)" classname="spec_perl_TestSwitchManualIntSizeElse_t" time="7.39097595214844e-05" />
    <testcase name="Equals (120)" classname="spec_perl_TestSwitchManualIntSizeElse_t" time="5.50746917724609e-05" />
    <testcase name="Equals (121)" classname="spec_perl_TestSwitchManualIntSizeElse_t" time="0.000123977661132812" />
    <testcase name="Equals (122)" classname="spec_perl_TestSwitchManualIntSizeElse_t" time="5.88893890380859e-05" />
    <testcase name="Equals (123)" classname="spec_perl_TestSwitchManualIntSizeElse_t" time="8.20159912109375e-05" />
    <testcase name="Equals (124)" classname="spec_perl_TestSwitchManualIntSizeElse_t" time="0.000102996826171875" />
    <testcase name="Equals (125)" classname="spec_perl_TestSwitchManualIntSizeElse_t" time="9.89437103271484e-05" />
  </testsuite>
  <testsuite name="spec_perl_TestRepeatUntilComplex_t" errors="0" failures="0" skipped="0" tests="15" time="0.0427021980285645">
    <system-out>1..15
ok 1 - Equals
ok 2 - Equals
ok 3 - Equals
ok 4 - Equals
ok 5 - Equals
ok 6 - Equals
ok 7 - Equals
ok 8 - Equals
ok 9 - Equals
ok 10 - Equals
ok 11 - Equals
ok 12 - Equals
ok 13 - Equals
ok 14 - Equals
ok 15 - Equals
</system-out>
    <testcase name="Equals (126)" classname="spec_perl_TestRepeatUntilComplex_t" time="0.00164103507995605" />
    <testcase name="Equals (127)" classname="spec_perl_TestRepeatUntilComplex_t" time="9.48905944824219e-05" />
    <testcase name="Equals (128)" classname="spec_perl_TestRepeatUntilComplex_t" time="6.60419464111328e-05" />
    <testcase name="Equals (129)" classname="spec_perl_TestRepeatUntilComplex_t" time="0.000110149383544922" />
    <testcase name="Equals (130)" classname="spec_perl_TestRepeatUntilComplex_t" time="0.000113964080810547" />
    <testcase name="Equals (131)" classname="spec_perl_TestRepeatUntilComplex_t" time="9.70363616943359e-05" />
    <testcase name="Equals (132)" classname="spec_perl_TestRepeatUntilComplex_t" time="9.08374786376953e-05" />
    <testcase name="Equals (133)" classname="spec_perl_TestRepeatUntilComplex_t" time="0.000106096267700195" />
    <testcase name="Equals (134)" classname="spec_perl_TestRepeatUntilComplex_t" time="0.000118017196655273" />
    <testcase name="Equals (135)" classname="spec_perl_TestRepeatUntilComplex_t" time="9.39369201660156e-05" />
    <testcase name="Equals (136)" classname="spec_perl_TestRepeatUntilComplex_t" time="0.000257968902587891" />
    <testcase name="Equals (137)" classname="spec_perl_TestRepeatUntilComplex_t" time="0.000164985656738281" />
    <testcase name="Equals (138)" classname="spec_perl_TestRepeatUntilComplex_t" time="0.000147104263305664" />
    <testcase name="Equals (139)" classname="spec_perl_TestRepeatUntilComplex_t" time="0.000145912170410156" />
    <testcase name="Equals (140)" classname="spec_perl_TestRepeatUntilComplex_t" time="0.000131130218505859" />
  </testsuite>
  <testsuite name="spec_perl_TestProcessXorConst_t" errors="0" failures="0" skipped="0" tests="2" time="0.0388550758361816">
    <system-out>1..2
ok 1 - Equals
ok 2 - Equals
</system-out>
    <testcase name="Equals (141)" classname="spec_perl_TestProcessXorConst_t" time="0.0017850399017334" />
    <testcase name="Equals (142)" classname="spec_perl_TestProcessXorConst_t" time="9.10758972167969e-05" />
  </testsuite>
  <testsuite name="spec_perl_TestImportsCircularA_t" errors="0" failures="0" skipped="0" tests="5" time="0.0386037826538086">
    <system-out>1..5
ok 1 - Equals
ok 2 - Equals
ok 3 - Equals
ok 4 - Equals
ok 5 - nil
</system-out>
    <testcase name="Equals (143)" classname="spec_perl_TestImportsCircularA_t" time="0.00145411491394043" />
    <testcase name="Equals (144)" classname="spec_perl_TestImportsCircularA_t" time="8.29696655273438e-05" />
    <testcase name="Equals (145)" classname="spec_perl_TestImportsCircularA_t" time="9.79900360107422e-05" />
    <testcase name="Equals (146)" classname="spec_perl_TestImportsCircularA_t" time="6.29425048828125e-05" />
    <testcase name="nil (146)" classname="spec_perl_TestImportsCircularA_t" time="5.81741333007812e-05" />
  </testsuite>
  <testsuite name="spec_perl_TestDocstrings_t" errors="0" failures="0" skipped="1" tests="1" time="0.0369548797607422">
    <system-out>1..1
ok 1 # skip Docstrings=HASH(0x55d503783218)
</system-out>
    <testcase name="Unnamed test case 146" classname="spec_perl_TestDocstrings_t" time="0.00164699554443359">
      <skipped message="ok 1 # skip Docstrings=HASH(0x55d503783218)" />
    </testcase>
  </testsuite>
  <testsuite name="spec_perl_TestParamsPassArrayInt_t" errors="0" failures="1" skipped="6" tests="7" time="0.040010929107666">
    <system-out>1..7
not ok 1 - test_params_pass_array_int died (Can't use an undefined value as an ARRAY reference at spec/perl/TestParamsPassArrayInt.t line 14.)
ok 2 # skip test_params_pass_array_int died
ok 3 # skip test_params_pass_array_int died
ok 4 # skip test_params_pass_array_int died
ok 5 # skip test_params_pass_array_int died
ok 6 # skip test_params_pass_array_int died
ok 7 # skip test_params_pass_array_int died
</system-out>
    <testcase name="test_params_pass_array_int died (Can't use an undefined value as an ARRAY reference at spec/perl/TestParamsPassArrayInt.t line 14.) (146)" classname="spec_perl_TestParamsPassArrayInt_t" time="0.00143098831176758">
      <failure message="not ok 1 - test_params_pass_array_int died (Can't use an undefined value as an ARRAY reference at spec/perl/TestParamsPassArrayInt.t line 14.)" type="TAP::Parser::Result::Test"></failure>
    </testcase>
    <testcase name="Unnamed test case 147" classname="spec_perl_TestParamsPassArrayInt_t" time="0.000575065612792969">
      <skipped message="ok 2 # skip test_params_pass_array_int died" />
    </testcase>
    <testcase name="Unnamed test case 148" classname="spec_perl_TestParamsPassArrayInt_t" time="0.000303030014038086">
      <skipped message="ok 3 # skip test_params_pass_array_int died" />
    </testcase>
    <testcase name="Unnamed test case 149" classname="spec_perl_TestParamsPassArrayInt_t" time="0.000135898590087891">
      <skipped message="ok 4 # skip test_params_pass_array_int died" />
    </testcase>
    <testcase name="Unnamed test case 150" classname="spec_perl_TestParamsPassArrayInt_t" time="8.29696655273438e-05">
      <skipped message="ok 5 # skip test_params_pass_array_int died" />
    </testcase>
    <testcase name="Unnamed test case 151" classname="spec_perl_TestParamsPassArrayInt_t" time="4.50611114501953e-05">
      <skipped message="ok 6 # skip test_params_pass_array_int died" />
    </testcase>
    <testcase name="Unnamed test case 152" classname="spec_perl_TestParamsPassArrayInt_t" time="0.000672101974487305">
      <skipped message="ok 7 # skip test_params_pass_array_int died" />
    </testcase>
  </testsuite>
  <testsuite name="spec_perl_TestIndexToParamEos_t" errors="0" failures="2" skipped="0" tests="7" time="0.0509099960327148">
    <system-out>1..7
ok 1 - Equals
ok 2 - Equals
ok 3 - Equals
ok 4 - Equals
ok 5 - Equals
not ok 6 - Equals
not ok 7 - Equals
</system-out>
    <testcase name="Equals (152)" classname="spec_perl_TestIndexToParamEos_t" time="0.00278115272521973" />
    <testcase name="Equals (153)" classname="spec_perl_TestIndexToParamEos_t" time="8.48770141601562e-05" />
    <testcase name="Equals (154)" classname="spec_perl_TestIndexToParamEos_t" time="4.69684600830078e-05" />
    <testcase name="Equals (155)" classname="spec_perl_TestIndexToParamEos_t" time="6.91413879394531e-05" />
    <testcase name="Equals (156)" classname="spec_perl_TestIndexToParamEos_t" time="6.19888305664062e-05" />
    <testcase name="Equals (157)" classname="spec_perl_TestIndexToParamEos_t" time="6.89029693603516e-05">
      <failure message="not ok 6 - Equals" type="TAP::Parser::Result::Test"></failure>
    </testcase>
    <testcase name="Equals (158)" classname="spec_perl_TestIndexToParamEos_t" time="0.00053095817565918">
      <failure message="not ok 7 - Equals" type="TAP::Parser::Result::Test"></failure>
    </testcase>
  </testsuite>
  <testsuite name="spec_perl_TestProcessXorValue_t" errors="0" failures="0" skipped="0" tests="2" time="0.0364201068878174">
    <system-out>1..2
ok 1 - Equals
ok 2 - Equals
</system-out>
    <testcase name="Equals (159)" classname="spec_perl_TestProcessXorValue_t" time="0.00133204460144043" />
    <testcase name="Equals (160)" classname="spec_perl_TestProcessXorValue_t" time="8.10623168945312e-05" />
  </testsuite>
  <testsuite name="spec_perl_TestUserType_t" errors="0" failures="0" skipped="0" tests="2" time="0.0389590263366699">
    <system-out>1..2
ok 1 - Equals
ok 2 - Equals
</system-out>
    <testcase name="Equals (161)" classname="spec_perl_TestUserType_t" time="0.0017399787902832" />
    <testcase name="Equals (162)" classname="spec_perl_TestUserType_t" time="8.32080841064453e-05" />
  </testsuite>
  <testsuite name="spec_perl_TestDefaultBigEndian_t" errors="0" failures="0" skipped="0" tests="1" time="0.0365669727325439">
    <system-out>1..1
ok 1 - Equals
</system-out>
    <testcase name="Equals (163)" classname="spec_perl_TestDefaultBigEndian_t" time="0.00136899948120117" />
  </testsuite>
  <testsuite name="spec_perl_TestStrEos_t" errors="0" failures="0" skipped="0" tests="1" time="0.0451951026916504">
    <system-out>1..1
ok 1 - Equals
</system-out>
    <testcase name="Equals (164)" classname="spec_perl_TestStrEos_t" time="0.00157499313354492" />
  </testsuite>
  <testsuite name="spec_perl_TestNavParentSwitch_t" errors="0" failures="0" skipped="0" tests="3" time="0.0393180847167969">
    <system-out>1..3
ok 1 - Equals
ok 2 - Equals
ok 3 - Equals
</system-out>
    <testcase name="Equals (165)" classname="spec_perl_TestNavParentSwitch_t" time="0.00168299674987793" />
    <testcase name="Equals (166)" classname="spec_perl_TestNavParentSwitch_t" time="7.89165496826172e-05" />
    <testcase name="Equals (167)" classname="spec_perl_TestNavParentSwitch_t" time="4.60147857666016e-05" />
  </testsuite>
  <testsuite name="spec_perl_TestBitsByteAligned_t" errors="0" failures="0" skipped="0" tests="9" time="0.0399329662322998">
    <system-out>1..9
ok 1 - Equals
ok 2 - Equals
ok 3 - Equals
ok 4 - Equals
ok 5 - Equals
ok 6 - Equals
ok 7 - Equals
ok 8 - Equals
ok 9 - Equals
</system-out>
    <testcase name="Equals (168)" classname="spec_perl_TestBitsByteAligned_t" time="0.00159001350402832" />
    <testcase name="Equals (169)" classname="spec_perl_TestBitsByteAligned_t" time="0.000100851058959961" />
    <testcase name="Equals (170)" classname="spec_perl_TestBitsByteAligned_t" time="4.81605529785156e-05" />
    <testcase name="Equals (171)" classname="spec_perl_TestBitsByteAligned_t" time="6.19888305664062e-05" />
    <testcase name="Equals (172)" classname="spec_perl_TestBitsByteAligned_t" time="6.4849853515625e-05" />
    <testcase name="Equals (173)" classname="spec_perl_TestBitsByteAligned_t" time="9.29832458496094e-05" />
    <testcase name="Equals (174)" classname="spec_perl_TestBitsByteAligned_t" time="9.51290130615234e-05" />
    <testcase name="Equals (175)" classname="spec_perl_TestBitsByteAligned_t" time="0.000104904174804688" />
    <testcase name="Equals (176)" classname="spec_perl_TestBitsByteAligned_t" time="9.10758972167969e-05" />
  </testsuite>
  <testsuite name="spec_perl_TestIndexToParamExpr_t" errors="0" failures="2" skipped="0" tests="7" time="0.0467650890350342">
    <system-out>1..7
ok 1 - Equals
ok 2 - Equals
ok 3 - Equals
ok 4 - Equals
ok 5 - Equals
not ok 6 - Equals
not ok 7 - Equals
</system-out>
    <testcase name="Equals (177)" classname="spec_perl_TestIndexToParamExpr_t" time="0.00237178802490234" />
    <testcase name="Equals (178)" classname="spec_perl_TestIndexToParamExpr_t" time="9.79900360107422e-05" />
    <testcase name="Equals (179)" classname="spec_perl_TestIndexToParamExpr_t" time="7.00950622558594e-05" />
    <testcase name="Equals (180)" classname="spec_perl_TestIndexToParamExpr_t" time="7.51018524169922e-05" />
    <testcase name="Equals (181)" classname="spec_perl_TestIndexToParamExpr_t" time="0.000101804733276367" />
    <testcase name="Equals (182)" classname="spec_perl_TestIndexToParamExpr_t" time="0.000131130218505859">
      <failure message="not ok 6 - Equals" type="TAP::Parser::Result::Test"></failure>
    </testcase>
    <testcase name="Equals (183)" classname="spec_perl_TestIndexToParamExpr_t" time="0.000394105911254883">
      <failure message="not ok 7 - Equals" type="TAP::Parser::Result::Test"></failure>
    </testcase>
  </testsuite>
  <testsuite name="spec_perl_TestDefaultEndianExprException_t" errors="0" failures="0" skipped="0" tests="1" time="0.038877010345459">
    <system-out>1..1
ok 1 - threw /^Unable to decide on endianness/
</system-out>
    <testcase name="threw /^Unable to decide on endianness/ (183)" classname="spec_perl_TestDefaultEndianExprException_t" time="0.0016779899597168" />
  </testsuite>
  <testsuite name="spec_perl_TestTermU1Val_t" errors="0" failures="0" skipped="0" tests="2" time="0.0415980815887451">
    <system-out>1..2
ok 1 - Equals
ok 2 - Equals
</system-out>
    <testcase name="Equals (184)" classname="spec_perl_TestTermU1Val_t" time="0.00155282020568848" />
    <testcase name="Equals (185)" classname="spec_perl_TestTermU1Val_t" time="7.41481781005859e-05" />
  </testsuite>
  <testsuite name="spec_perl_TestIoLocalVar_t" errors="0" failures="0" skipped="0" tests="2" time="0.0371780395507812">
    <system-out>1..2
ok 1 - Equals
ok 2 - Equals
</system-out>
    <testcase name="Equals (186)" classname="spec_perl_TestIoLocalVar_t" time="0.00178408622741699" />
    <testcase name="Equals (187)" classname="spec_perl_TestIoLocalVar_t" time="8.0108642578125e-05" />
  </testsuite>
  <testsuite name="spec_perl_TestParamsCallShort_t" errors="0" failures="3" skipped="0" tests="3" time="0.0449380874633789">
    <system-out>1..3
not ok 1 - Equals
not ok 2 - Equals
not ok 3 - Equals
</system-out>
    <testcase name="Equals (188)" classname="spec_perl_TestParamsCallShort_t" time="0.00200390815734863">
      <failure message="not ok 1 - Equals" type="TAP::Parser::Result::Test"></failure>
    </testcase>
    <testcase name="Equals (189)" classname="spec_perl_TestParamsCallShort_t" time="0.0015101432800293">
      <failure message="not ok 2 - Equals" type="TAP::Parser::Result::Test"></failure>
    </testcase>
    <testcase name="Equals (190)" classname="spec_perl_TestParamsCallShort_t" time="5.19752502441406e-05">
      <failure message="not ok 3 - Equals" type="TAP::Parser::Result::Test"></failure>
    </testcase>
  </testsuite>
  <testsuite name="spec_perl_TestStrEncodings_t" errors="0" failures="0" skipped="0" tests="4" time="0.0495579242706299">
    <system-out>1..4
ok 1 - Equals
ok 2 - Equals
ok 3 - Equals
ok 4 - Equals
</system-out>
    <testcase name="Equals (191)" classname="spec_perl_TestStrEncodings_t" time="0.00604510307312012" />
    <testcase name="Equals (192)" classname="spec_perl_TestStrEncodings_t" time="9.29832458496094e-05" />
    <testcase name="Equals (193)" classname="spec_perl_TestStrEncodings_t" time="8.29696655273438e-05" />
    <testcase name="Equals (194)" classname="spec_perl_TestStrEncodings_t" time="6.60419464111328e-05" />
  </testsuite>
  <testsuite name="spec_perl_TestSwitchManualEnum_t" errors="0" failures="0" skipped="0" tests="9" time="0.0449538230895996">
    <system-out>1..9
ok 1 - Equals
ok 2 - Equals
ok 3 - Equals
ok 4 - Equals
ok 5 - Equals
ok 6 - Equals
ok 7 - Equals
ok 8 - Equals
ok 9 - Equals
</system-out>
    <testcase name="Equals (195)" classname="spec_perl_TestSwitchManualEnum_t" time="0.00155115127563477" />
    <testcase name="Equals (196)" classname="spec_perl_TestSwitchManualEnum_t" time="8.48770141601562e-05" />
    <testcase name="Equals (197)" classname="spec_perl_TestSwitchManualEnum_t" time="4.81605529785156e-05" />
    <testcase name="Equals (198)" classname="spec_perl_TestSwitchManualEnum_t" time="5.98430633544922e-05" />
    <testcase name="Equals (199)" classname="spec_perl_TestSwitchManualEnum_t" time="5.81741333007812e-05" />
    <testcase name="Equals (200)" classname="spec_perl_TestSwitchManualEnum_t" time="5.57899475097656e-05" />
    <testcase name="Equals (201)" classname="spec_perl_TestSwitchManualEnum_t" time="6.31809234619141e-05" />
    <testcase name="Equals (202)" classname="spec_perl_TestSwitchManualEnum_t" time="9.48905944824219e-05" />
    <testcase name="Equals (203)" classname="spec_perl_TestSwitchManualEnum_t" time="9.39369201660156e-05" />
  </testsuite>
  <testsuite name="spec_perl_TestFloatingPoints_t" errors="0" failures="0" skipped="0" tests="8" time="0.0393359661102295">
    <system-out>1..8
ok 1 - Approx equals
ok 2 - Approx equals
ok 3 - Approx equals
ok 4 - Approx equals
ok 5 - Approx equals
ok 6 - Approx equals
ok 7 - Approx equals
ok 8 - Approx equals
</system-out>
    <testcase name="Approx equals (203)" classname="spec_perl_TestFloatingPoints_t" time="0.00159478187561035" />
    <testcase name="Approx equals (204)" classname="spec_perl_TestFloatingPoints_t" time="8.91685485839844e-05" />
    <testcase name="Approx equals (205)" classname="spec_perl_TestFloatingPoints_t" time="4.60147857666016e-05" />
    <testcase name="Approx equals (206)" classname="spec_perl_TestFloatingPoints_t" time="3.98159027099609e-05" />
    <testcase name="Approx equals (207)" classname="spec_perl_TestFloatingPoints_t" time="7.00950622558594e-05" />
    <testcase name="Approx equals (208)" classname="spec_perl_TestFloatingPoints_t" time="4.69684600830078e-05" />
    <testcase name="Approx equals (209)" classname="spec_perl_TestFloatingPoints_t" time="3.91006469726562e-05" />
    <testcase name="Approx equals (210)" classname="spec_perl_TestFloatingPoints_t" time="5.38825988769531e-05" />
  </testsuite>
  <testsuite name="spec_perl_TestToStringCustom_t" errors="0" failures="0" skipped="0" tests="1" time="0.0421161651611328">
    <system-out>1..1
ok 1 - Equals
</system-out>
    <testcase name="Equals (210)" classname="spec_perl_TestToStringCustom_t" time="0.000208139419555664" />
  </testsuite>
  <testsuite name="spec_perl_TestNestedSameName2_t" errors="0" failures="0" skipped="0" tests="5" time="0.038128137588501">
    <system-out>1..5
ok 1 - Equals
ok 2 - Equals
ok 3 - Equals
ok 4 - Equals
ok 5 - Equals
</system-out>
    <testcase name="Equals (211)" classname="spec_perl_TestNestedSameName2_t" time="0.00139498710632324" />
    <testcase name="Equals (212)" classname="spec_perl_TestNestedSameName2_t" time="7.91549682617188e-05" />
    <testcase name="Equals (213)" classname="spec_perl_TestNestedSameName2_t" time="4.48226928710938e-05" />
    <testcase name="Equals (214)" classname="spec_perl_TestNestedSameName2_t" time="5.60283660888672e-05" />
    <testcase name="Equals (215)" classname="spec_perl_TestNestedSameName2_t" time="5.50746917724609e-05" />
  </testsuite>
  <testsuite name="spec_perl_TestZlibSurrounded_t" errors="0" failures="0" skipped="0" tests="1" time="0.0839838981628418">
    <system-out>1..1
ok 1 - Equals
</system-out>
    <testcase name="Equals (216)" classname="spec_perl_TestZlibSurrounded_t" time="0.00249886512756348" />
  </testsuite>
  <testsuite name="spec_perl_TestEnumIntRangeU_t" errors="0" failures="0" skipped="0" tests="2" time="0.034743070602417">
    <system-out>1..2
ok 1 - Equals
ok 2 - Equals
</system-out>
    <testcase name="Equals (217)" classname="spec_perl_TestEnumIntRangeU_t" time="0.00101494789123535" />
    <testcase name="Equals (218)" classname="spec_perl_TestEnumIntRangeU_t" time="7.29560852050781e-05" />
  </testsuite>
  <testsuite name="spec_perl_TestSwitchRepeatExpr_t" errors="0" failures="0" skipped="0" tests="3" time="0.0368349552154541">
    <system-out>1..3
ok 1 - Equals
ok 2 - Equals
ok 3 - Equals
</system-out>
    <testcase name="Equals (219)" classname="spec_perl_TestSwitchRepeatExpr_t" time="0.00195002555847168" />
    <testcase name="Equals (220)" classname="spec_perl_TestSwitchRepeatExpr_t" time="8.392333984375e-05" />
    <testcase name="Equals (221)" classname="spec_perl_TestSwitchRepeatExpr_t" time="4.72068786621094e-05" />
  </testsuite>
  <testsuite name="spec_perl_TestBitsSimpleLe_t" errors="0" failures="0" skipped="0" tests="14" time="0.0382161140441895">
    <system-out>1..14
ok 1 - Equals
ok 2 - Equals
ok 3 - Equals
ok 4 - Equals
ok 5 - Equals
ok 6 - Equals
ok 7 - Equals
ok 8 - Equals
ok 9 - Equals
ok 10 - Equals
ok 11 - Equals
ok 12 - Equals
ok 13 - Equals
ok 14 - Equals
</system-out>
    <testcase name="Equals (222)" classname="spec_perl_TestBitsSimpleLe_t" time="0.0015099048614502" />
    <testcase name="Equals (223)" classname="spec_perl_TestBitsSimpleLe_t" time="8.79764556884766e-05" />
    <testcase name="Equals (224)" classname="spec_perl_TestBitsSimpleLe_t" time="7.00950622558594e-05" />
    <testcase name="Equals (225)" classname="spec_perl_TestBitsSimpleLe_t" time="6.29425048828125e-05" />
    <testcase name="Equals (226)" classname="spec_perl_TestBitsSimpleLe_t" time="0.000152111053466797" />
    <testcase name="Equals (227)" classname="spec_perl_TestBitsSimpleLe_t" time="8.98838043212891e-05" />
    <testcase name="Equals (228)" classname="spec_perl_TestBitsSimpleLe_t" time="8.41617584228516e-05" />
    <testcase name="Equals (229)" classname="spec_perl_TestBitsSimpleLe_t" time="6.29425048828125e-05" />
    <testcase name="Equals (230)" classname="spec_perl_TestBitsSimpleLe_t" time="7.98702239990234e-05" />
    <testcase name="Equals (231)" classname="spec_perl_TestBitsSimpleLe_t" time="8.51154327392578e-05" />
    <testcase name="Equals (232)" classname="spec_perl_TestBitsSimpleLe_t" time="7.89165496826172e-05" />
    <testcase name="Equals (233)" classname="spec_perl_TestBitsSimpleLe_t" time="0.000178098678588867" />
    <testcase name="Equals (234)" classname="spec_perl_TestBitsSimpleLe_t" time="0.000104904174804688" />
    <testcase name="Equals (235)" classname="spec_perl_TestBitsSimpleLe_t" time="9.01222229003906e-05" />
  </testsuite>
  <testsuite name="spec_perl_TestEnumNegative_t" errors="0" failures="0" skipped="0" tests="2" time="0.0420229434967041">
    <system-out>1..2
ok 1 - Equals
ok 2 - Equals
</system-out>
    <testcase name="Equals (236)" classname="spec_perl_TestEnumNegative_t" time="0.0017249584197998" />
    <testcase name="Equals (237)" classname="spec_perl_TestEnumNegative_t" time="8.79764556884766e-05" />
  </testsuite>
  <testsuite name="spec_perl_TestSwitchManualInt_t" errors="0" failures="0" skipped="0" tests="9" time="0.0473949909210205">
    <system-out>1..9
ok 1 - Equals
ok 2 - Equals
ok 3 - Equals
ok 4 - Equals
ok 5 - Equals
ok 6 - Equals
ok 7 - Equals
ok 8 - Equals
ok 9 - Equals
</system-out>
    <testcase name="Equals (238)" classname="spec_perl_TestSwitchManualInt_t" time="0.0018000602722168" />
    <testcase name="Equals (239)" classname="spec_perl_TestSwitchManualInt_t" time="8.89301300048828e-05" />
    <testcase name="Equals (240)" classname="spec_perl_TestSwitchManualInt_t" time="5.10215759277344e-05" />
    <testcase name="Equals (241)" classname="spec_perl_TestSwitchManualInt_t" time="6.50882720947266e-05" />
    <testcase name="Equals (242)" classname="spec_perl_TestSwitchManualInt_t" time="8.10623168945312e-05" />
    <testcase name="Equals (243)" classname="spec_perl_TestSwitchManualInt_t" time="8.20159912109375e-05" />
    <testcase name="Equals (244)" classname="spec_perl_TestSwitchManualInt_t" time="5.69820404052734e-05" />
    <testcase name="Equals (245)" classname="spec_perl_TestSwitchManualInt_t" time="0.000134944915771484" />
    <testcase name="Equals (246)" classname="spec_perl_TestSwitchManualInt_t" time="8.70227813720703e-05" />
  </testsuite>
  <testsuite name="spec_perl_TestCastToTop_t" errors="0" failures="0" skipped="0" tests="3" time="0.0356459617614746">
    <system-out>1..3
ok 1 - Equals
ok 2 - Equals
ok 3 - Equals
</system-out>
    <testcase name="Equals (247)" classname="spec_perl_TestCastToTop_t" time="0.00126481056213379" />
    <testcase name="Equals (248)" classname="spec_perl_TestCastToTop_t" time="7.41481781005859e-05" />
    <testcase name="Equals (249)" classname="spec_perl_TestCastToTop_t" time="5.98430633544922e-05" />
  </testsuite>
  <testsuite name="spec_perl_TestExprIntDiv_t" errors="0" failures="2" skipped="0" tests="6" time="0.0408658981323242">
    <system-out>1..6
ok 1 - Equals
ok 2 - Equals
ok 3 - Equals
not ok 4 - Equals
ok 5 - Equals
not ok 6 - Equals
</system-out>
    <testcase name="Equals (250)" classname="spec_perl_TestExprIntDiv_t" time="0.00140714645385742" />
    <testcase name="Equals (251)" classname="spec_perl_TestExprIntDiv_t" time="7.58171081542969e-05" />
    <testcase name="Equals (252)" classname="spec_perl_TestExprIntDiv_t" time="4.31537628173828e-05" />
    <testcase name="Equals (253)" classname="spec_perl_TestExprIntDiv_t" time="8.98838043212891e-05">
      <failure message="not ok 4 - Equals" type="TAP::Parser::Result::Test"></failure>
    </testcase>
    <testcase name="Equals (254)" classname="spec_perl_TestExprIntDiv_t" time="0.00116515159606934" />
    <testcase name="Equals (255)" classname="spec_perl_TestExprIntDiv_t" time="0.000116825103759766">
      <failure message="not ok 6 - Equals" type="TAP::Parser::Result::Test"></failure>
    </testcase>
  </testsuite>
  <testsuite name="spec_perl_TestValidNotParsedIf_t" errors="0" failures="0" skipped="1" tests="1" time="0.0361490249633789">
    <system-out>1..1
ok 1 # skip ValidNotParsedIf=HASH(0x55b31e00fb08)
</system-out>
    <testcase name="Unnamed test case 255" classname="spec_perl_TestValidNotParsedIf_t" time="0.00173687934875488">
      <skipped message="ok 1 # skip ValidNotParsedIf=HASH(0x55b31e00fb08)" />
    </testcase>
  </testsuite>
  <testsuite name="spec_perl_TestProcessCoerceSwitch_t" errors="0" failures="0" skipped="0" tests="3" time="0.0395321846008301">
    <system-out>1..3
ok 1 - Equals
ok 2 - Equals
ok 3 - Equals
</system-out>
    <testcase name="Equals (256)" classname="spec_perl_TestProcessCoerceSwitch_t" time="0.00177907943725586" />
    <testcase name="Equals (257)" classname="spec_perl_TestProcessCoerceSwitch_t" time="7.89165496826172e-05" />
    <testcase name="Equals (258)" classname="spec_perl_TestProcessCoerceSwitch_t" time="6.41345977783203e-05" />
  </testsuite>
  <testsuite name="spec_perl_TestSwitchIntegers_t" errors="0" failures="0" skipped="0" tests="9" time="0.0391650199890137">
    <system-out>1..9
ok 1 - Equals
ok 2 - Equals
ok 3 - Equals
ok 4 - Equals
ok 5 - Equals
ok 6 - Equals
ok 7 - Equals
ok 8 - Equals
ok 9 - Equals
</system-out>
    <testcase name="Equals (259)" classname="spec_perl_TestSwitchIntegers_t" time="0.00158500671386719" />
    <testcase name="Equals (260)" classname="spec_perl_TestSwitchIntegers_t" time="8.29696655273438e-05" />
    <testcase name="Equals (261)" classname="spec_perl_TestSwitchIntegers_t" time="4.88758087158203e-05" />
    <testcase name="Equals (262)" classname="spec_perl_TestSwitchIntegers_t" time="6.00814819335938e-05" />
    <testcase name="Equals (263)" classname="spec_perl_TestSwitchIntegers_t" time="5.69820404052734e-05" />
    <testcase name="Equals (264)" classname="spec_perl_TestSwitchIntegers_t" time="5.50746917724609e-05" />
    <testcase name="Equals (265)" classname="spec_perl_TestSwitchIntegers_t" time="7.70092010498047e-05" />
    <testcase name="Equals (266)" classname="spec_perl_TestSwitchIntegers_t" time="9.98973846435547e-05" />
    <testcase name="Equals (267)" classname="spec_perl_TestSwitchIntegers_t" time="5.91278076171875e-05" />
  </testsuite>
  <testsuite name="spec_perl_TestNavParentOverride_t" errors="0" failures="0" skipped="0" tests="3" time="0.0357401371002197">
    <system-out>1..3
ok 1 - Equals
ok 2 - Equals
ok 3 - Equals
</system-out>
    <testcase name="Equals (268)" classname="spec_perl_TestNavParentOverride_t" time="0.00148701667785645" />
    <testcase name="Equals (269)" classname="spec_perl_TestNavParentOverride_t" time="7.60555267333984e-05" />
    <testcase name="Equals (270)" classname="spec_perl_TestNavParentOverride_t" time="6.58035278320312e-05" />
  </testsuite>
  <testsuite name="spec_perl_TestTypeIntUnaryOp_t" errors="0" failures="0" skipped="0" tests="4" time="0.0364990234375">
    <system-out>1..4
ok 1 - Equals
ok 2 - Equals
ok 3 - Equals
ok 4 - Equals
</system-out>
    <testcase name="Equals (271)" classname="spec_perl_TestTypeIntUnaryOp_t" time="0.00157713890075684" />
    <testcase name="Equals (272)" classname="spec_perl_TestTypeIntUnaryOp_t" time="0.000125885009765625" />
    <testcase name="Equals (273)" classname="spec_perl_TestTypeIntUnaryOp_t" time="5.19752502441406e-05" />
    <testcase name="Equals (274)" classname="spec_perl_TestTypeIntUnaryOp_t" time="5.91278076171875e-05" />
  </testsuite>
  <testsuite name="spec_perl_TestExprIoEof_t" errors="0" failures="0" skipped="0" tests="4" time="0.0405681133270264">
    <system-out>1..4
ok 1 - Equals
ok 2 - nil
ok 3 - Equals
ok 4 - Equals
</system-out>
    <testcase name="Equals (275)" classname="spec_perl_TestExprIoEof_t" time="0.00198793411254883" />
    <testcase name="nil (275)" classname="spec_perl_TestExprIoEof_t" time="8.60691070556641e-05" />
    <testcase name="Equals (276)" classname="spec_perl_TestExprIoEof_t" time="7.29560852050781e-05" />
    <testcase name="Equals (277)" classname="spec_perl_TestExprIoEof_t" time="8.10623168945312e-05" />
  </testsuite>
  <testsuite name="spec_perl_TestSwitchManualEnumInvalid_t" errors="0" failures="0" skipped="0" tests="5" time="0.0454070568084717">
    <system-out>1..5
ok 1 - Equals
ok 2 - Equals
ok 3 - nil
ok 4 - Equals
ok 5 - nil
</system-out>
    <testcase name="Equals (278)" classname="spec_perl_TestSwitchManualEnumInvalid_t" time="0.00162982940673828" />
    <testcase name="Equals (279)" classname="spec_perl_TestSwitchManualEnumInvalid_t" time="8.51154327392578e-05" />
    <testcase name="nil (279)" classname="spec_perl_TestSwitchManualEnumInvalid_t" time="4.79221343994141e-05" />
    <testcase name="Equals (280)" classname="spec_perl_TestSwitchManualEnumInvalid_t" time="6.103515625e-05" />
    <testcase name="nil (280)" classname="spec_perl_TestSwitchManualEnumInvalid_t" time="4.10079956054688e-05" />
  </testsuite>
  <testsuite name="spec_perl_TestExprBits_t" errors="0" failures="0" skipped="0" tests="10" time="0.0413570404052734">
    <system-out>1..10
ok 1 - Equals
ok 2 - Equals
ok 3 - Equals
ok 4 - Equals
ok 5 - Equals
ok 6 - Equals
ok 7 - Equals
ok 8 - Equals
ok 9 - Equals
ok 10 - Equals
</system-out>
    <testcase name="Equals (281)" classname="spec_perl_TestExprBits_t" time="0.0016329288482666" />
    <testcase name="Equals (282)" classname="spec_perl_TestExprBits_t" time="0.000231027603149414" />
    <testcase name="Equals (283)" classname="spec_perl_TestExprBits_t" time="0.000211000442504883" />
    <testcase name="Equals (284)" classname="spec_perl_TestExprBits_t" time="0.000231027603149414" />
    <testcase name="Equals (285)" classname="spec_perl_TestExprBits_t" time="0.000208854675292969" />
    <testcase name="Equals (286)" classname="spec_perl_TestExprBits_t" time="0.000226020812988281" />
    <testcase name="Equals (287)" classname="spec_perl_TestExprBits_t" time="0.000195026397705078" />
    <testcase name="Equals (288)" classname="spec_perl_TestExprBits_t" time="0.000245094299316406" />
    <testcase name="Equals (289)" classname="spec_perl_TestExprBits_t" time="0.000207901000976562" />
    <testcase name="Equals (290)" classname="spec_perl_TestExprBits_t" time="0.000247955322265625" />
  </testsuite>
  <testsuite name="spec_perl_TestRepeatUntilS4_t" errors="0" failures="0" skipped="0" tests="2" time="0.0460062026977539">
    <system-out>1..2
ok 1 - Equals
ok 2 - Equals
</system-out>
    <testcase name="Equals (291)" classname="spec_perl_TestRepeatUntilS4_t" time="0.00155210494995117" />
    <testcase name="Equals (292)" classname="spec_perl_TestRepeatUntilS4_t" time="0.000173807144165039" />
  </testsuite>
  <testsuite name="spec_perl_TestStrEncodingsUtf16_t" errors="0" failures="0" skipped="0" tests="6" time="0.0454089641571045">
    <system-out>1..6
ok 1 - Equals
ok 2 - Equals
ok 3 - Equals
ok 4 - Equals
ok 5 - Equals
ok 6 - Equals
</system-out>
    <testcase name="Equals (293)" classname="spec_perl_TestStrEncodingsUtf16_t" time="0.0032050609588623" />
    <testcase name="Equals (294)" classname="spec_perl_TestStrEncodingsUtf16_t" time="8.60691070556641e-05" />
    <testcase name="Equals (295)" classname="spec_perl_TestStrEncodingsUtf16_t" time="8.17775726318359e-05" />
    <testcase name="Equals (296)" classname="spec_perl_TestStrEncodingsUtf16_t" time="7.31945037841797e-05" />
    <testcase name="Equals (297)" classname="spec_perl_TestStrEncodingsUtf16_t" time="6.98566436767578e-05" />
    <testcase name="Equals (298)" classname="spec_perl_TestStrEncodingsUtf16_t" time="0.000112056732177734" />
  </testsuite>
  <testsuite name="spec_perl_TestIntegers_t" errors="0" failures="0" skipped="0" tests="20" time="0.0390608310699463">
    <system-out>1..20
ok 1 - Equals
ok 2 - Equals
ok 3 - Equals
ok 4 - Equals
ok 5 - Equals
ok 6 - Equals
ok 7 - Equals
ok 8 - Equals
ok 9 - Equals
ok 10 - Equals
ok 11 - Equals
ok 12 - Equals
ok 13 - Equals
ok 14 - Equals
ok 15 - Equals
ok 16 - Equals
ok 17 - Equals
ok 18 - Equals
ok 19 - Equals
ok 20 - Equals
</system-out>
    <testcase name="Equals (299)" classname="spec_perl_TestIntegers_t" time="0.00159311294555664" />
    <testcase name="Equals (300)" classname="spec_perl_TestIntegers_t" time="8.29696655273438e-05" />
    <testcase name="Equals (301)" classname="spec_perl_TestIntegers_t" time="7.08103179931641e-05" />
    <testcase name="Equals (302)" classname="spec_perl_TestIntegers_t" time="6.22272491455078e-05" />
    <testcase name="Equals (303)" classname="spec_perl_TestIntegers_t" time="0.000162839889526367" />
    <testcase name="Equals (304)" classname="spec_perl_TestIntegers_t" time="6.19888305664062e-05" />
    <testcase name="Equals (305)" classname="spec_perl_TestIntegers_t" time="5.41210174560547e-05" />
    <testcase name="Equals (306)" classname="spec_perl_TestIntegers_t" time="7.48634338378906e-05" />
    <testcase name="Equals (307)" classname="spec_perl_TestIntegers_t" time="6.79492950439453e-05" />
    <testcase name="Equals (308)" classname="spec_perl_TestIntegers_t" time="0.000137090682983398" />
    <testcase name="Equals (309)" classname="spec_perl_TestIntegers_t" time="0.000137090682983398" />
    <testcase name="Equals (310)" classname="spec_perl_TestIntegers_t" time="8.392333984375e-05" />
    <testcase name="Equals (311)" classname="spec_perl_TestIntegers_t" time="0.000101089477539062" />
    <testcase name="Equals (312)" classname="spec_perl_TestIntegers_t" time="0.000123023986816406" />
    <testcase name="Equals (313)" classname="spec_perl_TestIntegers_t" time="0.000120878219604492" />
    <testcase name="Equals (314)" classname="spec_perl_TestIntegers_t" time="0.000150918960571289" />
    <testcase name="Equals (315)" classname="spec_perl_TestIntegers_t" time="0.000114202499389648" />
    <testcase name="Equals (316)" classname="spec_perl_TestIntegers_t" time="0.000134944915771484" />
    <testcase name="Equals (317)" classname="spec_perl_TestIntegers_t" time="0.00020599365234375" />
    <testcase name="Equals (318)" classname="spec_perl_TestIntegers_t" time="0.000125885009765625" />
  </testsuite>
  <testsuite name="spec_perl_TestTermBytes_t" errors="0" failures="0" skipped="0" tests="3" time="0.0371007919311523">
    <system-out>1..3
ok 1 - Equals
ok 2 - Equals
ok 3 - Equals
</system-out>
    <testcase name="Equals (319)" classname="spec_perl_TestTermBytes_t" time="0.00130605697631836" />
    <testcase name="Equals (320)" classname="spec_perl_TestTermBytes_t" time="7.89165496826172e-05" />
    <testcase name="Equals (321)" classname="spec_perl_TestTermBytes_t" time="4.41074371337891e-05" />
  </testsuite>
  <testsuite name="spec_perl_TestProcessToUser_t" errors="0" failures="0" skipped="0" tests="1" time="0.0434479713439941">
    <system-out>1..1
ok 1 - Equals
</system-out>
    <testcase name="Equals (322)" classname="spec_perl_TestProcessToUser_t" time="0.00189495086669922" />
  </testsuite>
  <testsuite name="spec_perl_TestYamlInts_t" errors="0" failures="0" skipped="0" tests="4" time="0.0406789779663086">
    <system-out>1..4
ok 1 - Equals
ok 2 - Equals
ok 3 - Equals
ok 4 - Equals
</system-out>
    <testcase name="Equals (323)" classname="spec_perl_TestYamlInts_t" time="0.00148296356201172" />
    <testcase name="Equals (324)" classname="spec_perl_TestYamlInts_t" time="0.000102043151855469" />
    <testcase name="Equals (325)" classname="spec_perl_TestYamlInts_t" time="6.79492950439453e-05" />
    <testcase name="Equals (326)" classname="spec_perl_TestYamlInts_t" time="6.31809234619141e-05" />
  </testsuite>
  <testsuite name="spec_perl_TestBcdUserTypeBe_t" errors="0" failures="0" skipped="0" tests="6" time="0.0427889823913574">
    <system-out>1..6
ok 1 - Equals
ok 2 - Equals
ok 3 - Equals
ok 4 - Equals
ok 5 - Equals
ok 6 - Equals
</system-out>
    <testcase name="Equals (327)" classname="spec_perl_TestBcdUserTypeBe_t" time="0.00200390815734863" />
    <testcase name="Equals (328)" classname="spec_perl_TestBcdUserTypeBe_t" time="9.60826873779297e-05" />
    <testcase name="Equals (329)" classname="spec_perl_TestBcdUserTypeBe_t" time="0.000961065292358398" />
    <testcase name="Equals (330)" classname="spec_perl_TestBcdUserTypeBe_t" time="7.98702239990234e-05" />
    <testcase name="Equals (331)" classname="spec_perl_TestBcdUserTypeBe_t" time="9.10758972167969e-05" />
    <testcase name="Equals (332)" classname="spec_perl_TestBcdUserTypeBe_t" time="0.000113964080810547" />
  </testsuite>
  <testsuite name="spec_perl_TestCombineBytes_t" errors="0" failures="0" skipped="0" tests="10" time="0.0375690460205078">
    <system-out>1..10
ok 1 - Equals
ok 2 - Equals
ok 3 - Equals
ok 4 - Equals
ok 5 - Equals
ok 6 - Equals
ok 7 - Equals
ok 8 - Equals
ok 9 - Equals
ok 10 - Equals
</system-out>
    <testcase name="Equals (333)" classname="spec_perl_TestCombineBytes_t" time="0.00136804580688477" />
    <testcase name="Equals (334)" classname="spec_perl_TestCombineBytes_t" time="7.29560852050781e-05" />
    <testcase name="Equals (335)" classname="spec_perl_TestCombineBytes_t" time="5.60283660888672e-05" />
    <testcase name="Equals (336)" classname="spec_perl_TestCombineBytes_t" time="5.19752502441406e-05" />
    <testcase name="Equals (337)" classname="spec_perl_TestCombineBytes_t" time="5.19752502441406e-05" />
    <testcase name="Equals (338)" classname="spec_perl_TestCombineBytes_t" time="0.000101089477539062" />
    <testcase name="Equals (339)" classname="spec_perl_TestCombineBytes_t" time="5.60283660888672e-05" />
    <testcase name="Equals (340)" classname="spec_perl_TestCombineBytes_t" time="9.10758972167969e-05" />
    <testcase name="Equals (341)" classname="spec_perl_TestCombineBytes_t" time="7.79628753662109e-05" />
    <testcase name="Equals (342)" classname="spec_perl_TestCombineBytes_t" time="8.48770141601562e-05" />
  </testsuite>
  <testsuite name="spec_perl_TestZlibWithHeader78_t" errors="0" failures="0" skipped="0" tests="1" time="0.073746919631958">
    <system-out>1..1
ok 1 - Equals
</system-out>
    <testcase name="Equals (343)" classname="spec_perl_TestZlibWithHeader78_t" time="0.00159597396850586" />
  </testsuite>
  <testsuite name="spec_perl_TestStrEncodingsDefault_t" errors="0" failures="0" skipped="0" tests="4" time="0.0501670837402344">
    <system-out>1..4
ok 1 - Equals
ok 2 - Equals
ok 3 - Equals
ok 4 - Equals
</system-out>
    <testcase name="Equals (344)" classname="spec_perl_TestStrEncodingsDefault_t" time="0.00600314140319824" />
    <testcase name="Equals (345)" classname="spec_perl_TestStrEncodingsDefault_t" time="9.29832458496094e-05" />
    <testcase name="Equals (346)" classname="spec_perl_TestStrEncodingsDefault_t" time="4.79221343994141e-05" />
    <testcase name="Equals (347)" classname="spec_perl_TestStrEncodingsDefault_t" time="0.000131130218505859" />
  </testsuite>
  <testsuite name="spec_perl_TestSwitchRepeatExprInvalid_t" errors="0" failures="0" skipped="0" tests="3" time="0.0370211601257324">
    <system-out>1..3
ok 1 - Equals
ok 2 - Equals
ok 3 - Equals
</system-out>
    <testcase name="Equals (348)" classname="spec_perl_TestSwitchRepeatExprInvalid_t" time="0.00156497955322266" />
    <testcase name="Equals (349)" classname="spec_perl_TestSwitchRepeatExprInvalid_t" time="0.000113964080810547" />
    <testcase name="Equals (350)" classname="spec_perl_TestSwitchRepeatExprInvalid_t" time="5.50746917724609e-05" />
  </testsuite>
  <testsuite name="spec_perl_TestBcdUserTypeLe_t" errors="0" failures="0" skipped="0" tests="6" time="0.043140172958374">
    <system-out>1..6
ok 1 - Equals
ok 2 - Equals
ok 3 - Equals
ok 4 - Equals
ok 5 - Equals
ok 6 - Equals
</system-out>
    <testcase name="Equals (351)" classname="spec_perl_TestBcdUserTypeLe_t" time="0.00192499160766602" />
    <testcase name="Equals (352)" classname="spec_perl_TestBcdUserTypeLe_t" time="0.000102996826171875" />
    <testcase name="Equals (353)" classname="spec_perl_TestBcdUserTypeLe_t" time="5.19752502441406e-05" />
    <testcase name="Equals (354)" classname="spec_perl_TestBcdUserTypeLe_t" time="6.00814819335938e-05" />
    <testcase name="Equals (355)" classname="spec_perl_TestBcdUserTypeLe_t" time="9.98973846435547e-05" />
    <testcase name="Equals (356)" classname="spec_perl_TestBcdUserTypeLe_t" time="0.000118017196655273" />
  </testsuite>
  <testsuite name="spec_perl_TestDefaultEndianMod_t" errors="0" failures="0" skipped="0" tests="3" time="0.0374019145965576">
    <system-out>1..3
ok 1 - Equals
ok 2 - Equals
ok 3 - Equals
</system-out>
    <testcase name="Equals (357)" classname="spec_perl_TestDefaultEndianMod_t" time="0.00154590606689453" />
    <testcase name="Equals (358)" classname="spec_perl_TestDefaultEndianMod_t" time="8.10623168945312e-05" />
    <testcase name="Equals (359)" classname="spec_perl_TestDefaultEndianMod_t" time="6.19888305664062e-05" />
  </testsuite>
  <testsuite name="spec_perl_TestFloatToI_t" errors="0" failures="0" skipped="0" tests="8" time="0.0405058860778809">
    <system-out>1..8
ok 1 - Approx equals
ok 2 - Approx equals
ok 3 - Equals
ok 4 - Equals
ok 5 - Equals
ok 6 - Equals
ok 7 - Equals
ok 8 - Equals
</system-out>
    <testcase name="Approx equals (359)" classname="spec_perl_TestFloatToI_t" time="0.00151205062866211" />
    <testcase name="Approx equals (360)" classname="spec_perl_TestFloatToI_t" time="8.48770141601562e-05" />
    <testcase name="Equals (360)" classname="spec_perl_TestFloatToI_t" time="4.91142272949219e-05" />
    <testcase name="Equals (361)" classname="spec_perl_TestFloatToI_t" time="6.103515625e-05" />
    <testcase name="Equals (362)" classname="spec_perl_TestFloatToI_t" time="5.79357147216797e-05" />
    <testcase name="Equals (363)" classname="spec_perl_TestFloatToI_t" time="0.000128984451293945" />
    <testcase name="Equals (364)" classname="spec_perl_TestFloatToI_t" time="8.89301300048828e-05" />
    <testcase name="Equals (365)" classname="spec_perl_TestFloatToI_t" time="9.39369201660156e-05" />
  </testsuite>
  <testsuite name="spec_perl_TestInstanceStdArray_t" errors="0" failures="0" skipped="0" tests="7" time="0.0391919612884521">
    <system-out>1..7
ok 1 - Equals
ok 2 - Equals
ok 3 - Equals
ok 4 - Equals
ok 5 - Equals
ok 6 - Equals
ok 7 - Equals
</system-out>
    <testcase name="Equals (366)" classname="spec_perl_TestInstanceStdArray_t" time="0.00173306465148926" />
    <testcase name="Equals (367)" classname="spec_perl_TestInstanceStdArray_t" time="9.48905944824219e-05" />
    <testcase name="Equals (368)" classname="spec_perl_TestInstanceStdArray_t" time="7.00950622558594e-05" />
    <testcase name="Equals (369)" classname="spec_perl_TestInstanceStdArray_t" time="6.19888305664062e-05" />
    <testcase name="Equals (370)" classname="spec_perl_TestInstanceStdArray_t" time="0.000104904174804688" />
    <testcase name="Equals (371)" classname="spec_perl_TestInstanceStdArray_t" time="9.98973846435547e-05" />
    <testcase name="Equals (372)" classname="spec_perl_TestInstanceStdArray_t" time="7.82012939453125e-05" />
  </testsuite>
  <testsuite name="spec_perl_TestBufferedStruct_t" errors="0" failures="0" skipped="0" tests="7" time="0.0394129753112793">
    <system-out>1..7
ok 1 - Equals
ok 2 - Equals
ok 3 - Equals
ok 4 - Equals
ok 5 - Equals
ok 6 - Equals
ok 7 - Equals
</system-out>
    <testcase name="Equals (373)" classname="spec_perl_TestBufferedStruct_t" time="0.00180697441101074" />
    <testcase name="Equals (374)" classname="spec_perl_TestBufferedStruct_t" time="7.89165496826172e-05" />
    <testcase name="Equals (375)" classname="spec_perl_TestBufferedStruct_t" time="4.60147857666016e-05" />
    <testcase name="Equals (376)" classname="spec_perl_TestBufferedStruct_t" time="6.19888305664062e-05" />
    <testcase name="Equals (377)" classname="spec_perl_TestBufferedStruct_t" time="7.41481781005859e-05" />
    <testcase name="Equals (378)" classname="spec_perl_TestBufferedStruct_t" time="5.79357147216797e-05" />
    <testcase name="Equals (379)" classname="spec_perl_TestBufferedStruct_t" time="6.38961791992188e-05" />
  </testsuite>
  <testsuite name="spec_perl_TestNestedSameName_t" errors="0" failures="0" skipped="0" tests="2" time="0.0405070781707764">
    <system-out>1..2
ok 1 - Equals
ok 2 - Equals
</system-out>
    <testcase name="Equals (380)" classname="spec_perl_TestNestedSameName_t" time="0.00217509269714355" />
    <testcase name="Equals (381)" classname="spec_perl_TestNestedSameName_t" time="9.79900360107422e-05" />
  </testsuite>
  <testsuite name="spec_perl_TestEnumDeep_t" errors="0" failures="0" skipped="0" tests="2" time="0.0372581481933594">
    <system-out>1..2
ok 1 - Equals
ok 2 - Equals
</system-out>
    <testcase name="Equals (382)" classname="spec_perl_TestEnumDeep_t" time="0.0015261173248291" />
    <testcase name="Equals (383)" classname="spec_perl_TestEnumDeep_t" time="7.98702239990234e-05" />
  </testsuite>
  <testsuite name="spec_perl_TestExprMod_t" errors="0" failures="0" skipped="0" tests="6" time="0.0401120185852051">
    <system-out>1..6
ok 1 - Equals
ok 2 - Equals
ok 3 - Equals
ok 4 - Equals
ok 5 - Equals
ok 6 - Equals
</system-out>
    <testcase name="Equals (384)" classname="spec_perl_TestExprMod_t" time="0.00158405303955078" />
    <testcase name="Equals (385)" classname="spec_perl_TestExprMod_t" time="7.98702239990234e-05" />
    <testcase name="Equals (386)" classname="spec_perl_TestExprMod_t" time="4.41074371337891e-05" />
    <testcase name="Equals (387)" classname="spec_perl_TestExprMod_t" time="5.60283660888672e-05" />
    <testcase name="Equals (388)" classname="spec_perl_TestExprMod_t" time="5.38825988769531e-05" />
    <testcase name="Equals (389)" classname="spec_perl_TestExprMod_t" time="0.000102996826171875" />
  </testsuite>
  <testsuite name="spec_perl_TestNestedTypes2_t" errors="0" failures="0" skipped="0" tests="7" time="0.0421390533447266">
    <system-out>1..7
ok 1 - Equals
ok 2 - Equals
ok 3 - Equals
ok 4 - Equals
ok 5 - Equals
ok 6 - Equals
ok 7 - Equals
</system-out>
    <testcase name="Equals (390)" classname="spec_perl_TestNestedTypes2_t" time="0.00166106224060059" />
    <testcase name="Equals (391)" classname="spec_perl_TestNestedTypes2_t" time="7.70092010498047e-05" />
    <testcase name="Equals (392)" classname="spec_perl_TestNestedTypes2_t" time="8.48770141601562e-05" />
    <testcase name="Equals (393)" classname="spec_perl_TestNestedTypes2_t" time="6.31809234619141e-05" />
    <testcase name="Equals (394)" classname="spec_perl_TestNestedTypes2_t" time="9.89437103271484e-05" />
    <testcase name="Equals (395)" classname="spec_perl_TestNestedTypes2_t" time="0.000102996826171875" />
    <testcase name="Equals (396)" classname="spec_perl_TestNestedTypes2_t" time="9.10758972167969e-05" />
  </testsuite>
  <testsuite name="spec_perl_TestOpaqueExternalType02Parent_t" errors="0" failures="0" skipped="0" tests="3" time="0.0438849925994873">
    <system-out>1..3
ok 1 - Equals
ok 2 - Equals
ok 3 - Equals
</system-out>
    <testcase name="Equals (397)" classname="spec_perl_TestOpaqueExternalType02Parent_t" time="0.00168395042419434" />
    <testcase name="Equals (398)" classname="spec_perl_TestOpaqueExternalType02Parent_t" time="7.51018524169922e-05" />
    <testcase name="Equals (399)" classname="spec_perl_TestOpaqueExternalType02Parent_t" time="5.69820404052734e-05" />
  </testsuite>
  <testsuite name="spec_perl_TestExprSizeofValueSized_t" errors="0" failures="0" skipped="0" tests="5" time="0.0385169982910156">
    <system-out>1..5
ok 1 - Equals
ok 2 - Equals
ok 3 - Equals
ok 4 - Equals
ok 5 - Equals
</system-out>
    <testcase name="Equals (400)" classname="spec_perl_TestExprSizeofValueSized_t" time="0.00185298919677734" />
    <testcase name="Equals (401)" classname="spec_perl_TestExprSizeofValueSized_t" time="7.39097595214844e-05" />
    <testcase name="Equals (402)" classname="spec_perl_TestExprSizeofValueSized_t" time="9.70363616943359e-05" />
    <testcase name="Equals (403)" classname="spec_perl_TestExprSizeofValueSized_t" time="5.41210174560547e-05" />
    <testcase name="Equals (404)" classname="spec_perl_TestExprSizeofValueSized_t" time="0.000164031982421875" />
  </testsuite>
  <testsuite name="spec_perl_TestSwitchManualStr_t" errors="0" failures="0" skipped="0" tests="9" time="0.0455808639526367">
    <system-out>1..9
ok 1 - Equals
ok 2 - Equals
ok 3 - Equals
ok 4 - Equals
ok 5 - Equals
ok 6 - Equals
ok 7 - Equals
ok 8 - Equals
ok 9 - Equals
</system-out>
    <testcase name="Equals (405)" classname="spec_perl_TestSwitchManualStr_t" time="0.0016171932220459" />
    <testcase name="Equals (406)" classname="spec_perl_TestSwitchManualStr_t" time="9.39369201660156e-05" />
    <testcase name="Equals (407)" classname="spec_perl_TestSwitchManualStr_t" time="5.00679016113281e-05" />
    <testcase name="Equals (408)" classname="spec_perl_TestSwitchManualStr_t" time="6.38961791992188e-05" />
    <testcase name="Equals (409)" classname="spec_perl_TestSwitchManualStr_t" time="6.103515625e-05" />
    <testcase name="Equals (410)" classname="spec_perl_TestSwitchManualStr_t" time="6.00814819335938e-05" />
    <testcase name="Equals (411)" classname="spec_perl_TestSwitchManualStr_t" time="0.00022578239440918" />
    <testcase name="Equals (412)" classname="spec_perl_TestSwitchManualStr_t" time="0.000101089477539062" />
    <testcase name="Equals (413)" classname="spec_perl_TestSwitchManualStr_t" time="9.39369201660156e-05" />
  </testsuite>
  <testsuite name="spec_perl_TestPositionAbs_t" errors="0" failures="0" skipped="0" tests="2" time="0.0465738773345947">
    <system-out>1..2
ok 1 - Equals
ok 2 - Equals
</system-out>
    <testcase name="Equals (414)" classname="spec_perl_TestPositionAbs_t" time="0.00151300430297852" />
    <testcase name="Equals (415)" classname="spec_perl_TestPositionAbs_t" time="0.000158071517944336" />
  </testsuite>
  <testsuite name="spec_perl_TestEnumInvalid_t" errors="0" failures="0" skipped="0" tests="2" time="0.0355889797210693">
    <system-out>1..2
ok 1 - Equals
ok 2 - Equals
</system-out>
    <testcase name="Equals (416)" classname="spec_perl_TestEnumInvalid_t" time="0.00134992599487305" />
    <testcase name="Equals (417)" classname="spec_perl_TestEnumInvalid_t" time="8.20159912109375e-05" />
  </testsuite>
  <testsuite name="spec_perl_TestIfStruct_t" errors="0" failures="0" skipped="0" tests="7" time="0.0433840751647949">
    <system-out>1..7
ok 1 - Equals
ok 2 - Equals
ok 3 - Equals
ok 4 - Equals
ok 5 - Equals
ok 6 - Equals
ok 7 - Equals
</system-out>
    <testcase name="Equals (418)" classname="spec_perl_TestIfStruct_t" time="0.00143790245056152" />
    <testcase name="Equals (419)" classname="spec_perl_TestIfStruct_t" time="0.000100135803222656" />
    <testcase name="Equals (420)" classname="spec_perl_TestIfStruct_t" time="5.69820404052734e-05" />
    <testcase name="Equals (421)" classname="spec_perl_TestIfStruct_t" time="7.10487365722656e-05" />
    <testcase name="Equals (422)" classname="spec_perl_TestIfStruct_t" time="5.10215759277344e-05" />
    <testcase name="Equals (423)" classname="spec_perl_TestIfStruct_t" time="6.89029693603516e-05" />
    <testcase name="Equals (424)" classname="spec_perl_TestIfStruct_t" time="0.000133991241455078" />
  </testsuite>
  <testsuite name="spec_perl_TestEnumIntRangeS_t" errors="0" failures="0" skipped="0" tests="3" time="0.0362770557403564">
    <system-out>1..3
ok 1 - Equals
ok 2 - Equals
ok 3 - Equals
</system-out>
    <testcase name="Equals (425)" classname="spec_perl_TestEnumIntRangeS_t" time="0.00159215927124023" />
    <testcase name="Equals (426)" classname="spec_perl_TestEnumIntRangeS_t" time="0.000103950500488281" />
    <testcase name="Equals (427)" classname="spec_perl_TestEnumIntRangeS_t" time="6.19888305664062e-05" />
  </testsuite>
  <testsuite name="spec_perl_TestNavParent3_t" errors="0" failures="0" skipped="0" tests="10" time="0.0418047904968262">
    <system-out>1..10
ok 1 - Equals
ok 2 - Equals
ok 3 - Equals
ok 4 - Equals
ok 5 - Equals
ok 6 - Equals
ok 7 - Equals
ok 8 - Equals
ok 9 - Equals
ok 10 - Equals
</system-out>
    <testcase name="Equals (428)" classname="spec_perl_TestNavParent3_t" time="0.00141382217407227" />
    <testcase name="Equals (429)" classname="spec_perl_TestNavParent3_t" time="7.10487365722656e-05" />
    <testcase name="Equals (430)" classname="spec_perl_TestNavParent3_t" time="0.000152111053466797" />
    <testcase name="Equals (431)" classname="spec_perl_TestNavParent3_t" time="7.60555267333984e-05" />
    <testcase name="Equals (432)" classname="spec_perl_TestNavParent3_t" time="7.58171081542969e-05" />
    <testcase name="Equals (433)" classname="spec_perl_TestNavParent3_t" time="0.00011897087097168" />
    <testcase name="Equals (434)" classname="spec_perl_TestNavParent3_t" time="8.51154327392578e-05" />
    <testcase name="Equals (435)" classname="spec_perl_TestNavParent3_t" time="6.38961791992188e-05" />
    <testcase name="Equals (436)" classname="spec_perl_TestNavParent3_t" time="8.41617584228516e-05" />
    <testcase name="Equals (437)" classname="spec_perl_TestNavParent3_t" time="0.000113010406494141" />
  </testsuite>
  <testsuite name="spec_perl_TestTsPacketHeader_t" errors="0" failures="0" skipped="0" tests="7" time="0.0364489555358887">
    <system-out>1..7
ok 1 - Equals
ok 2 - Equals
ok 3 - Equals
ok 4 - Equals
ok 5 - Equals
ok 6 - Equals
ok 7 - Equals
</system-out>
    <testcase name="Equals (438)" classname="spec_perl_TestTsPacketHeader_t" time="0.00167512893676758" />
    <testcase name="Equals (439)" classname="spec_perl_TestTsPacketHeader_t" time="8.08238983154297e-05" />
    <testcase name="Equals (440)" classname="spec_perl_TestTsPacketHeader_t" time="4.50611114501953e-05" />
    <testcase name="Equals (441)" classname="spec_perl_TestTsPacketHeader_t" time="8.70227813720703e-05" />
    <testcase name="Equals (442)" classname="spec_perl_TestTsPacketHeader_t" time="5.50746917724609e-05" />
    <testcase name="Equals (443)" classname="spec_perl_TestTsPacketHeader_t" time="5.38825988769531e-05" />
    <testcase name="Equals (444)" classname="spec_perl_TestTsPacketHeader_t" time="7.20024108886719e-05" />
  </testsuite>
  <testsuite name="spec_perl_TestSwitchBytearray_t" errors="0" failures="0" skipped="0" tests="9" time="0.0441761016845703">
    <system-out>1..9
ok 1 - Equals
ok 2 - Equals
ok 3 - Equals
ok 4 - Equals
ok 5 - Equals
ok 6 - Equals
ok 7 - Equals
ok 8 - Equals
ok 9 - Equals
</system-out>
    <testcase name="Equals (445)" classname="spec_perl_TestSwitchBytearray_t" time="0.00183582305908203" />
    <testcase name="Equals (446)" classname="spec_perl_TestSwitchBytearray_t" time="8.51154327392578e-05" />
    <testcase name="Equals (447)" classname="spec_perl_TestSwitchBytearray_t" time="4.69684600830078e-05" />
    <testcase name="Equals (448)" classname="spec_perl_TestSwitchBytearray_t" time="6.60419464111328e-05" />
    <testcase name="Equals (449)" classname="spec_perl_TestSwitchBytearray_t" time="5.50746917724609e-05" />
    <testcase name="Equals (450)" classname="spec_perl_TestSwitchBytearray_t" time="5.48362731933594e-05" />
    <testcase name="Equals (451)" classname="spec_perl_TestSwitchBytearray_t" time="6.69956207275391e-05" />
    <testcase name="Equals (452)" classname="spec_perl_TestSwitchBytearray_t" time="0.000103950500488281" />
[...]
    <testcase name="Equals (889)" classname="spec_perl_TestDefaultEndianExprInherited_t" time="0.000129938125610352" />
  </testsuite>
  <testsuite name="spec_perl_TestJsSignedRightShift_t" errors="0" failures="0" skipped="0" tests="2" time="0.0394949913024902">
    <system-out>1..2
ok 1 - Equals
ok 2 - Equals
</system-out>
    <testcase name="Equals (890)" classname="spec_perl_TestJsSignedRightShift_t" time="0.00162792205810547" />
    <testcase name="Equals (891)" classname="spec_perl_TestJsSignedRightShift_t" time="0.000105142593383789" />
  </testsuite>
  <testsuite name="spec_perl_TestDebug0_t" errors="0" failures="0" skipped="1" tests="1" time="0.03631591796875">
    <system-out>1..1
ok 1 # skip test_debug_0
</system-out>
    <testcase name="Unnamed test case 891" classname="spec_perl_TestDebug0_t" time="0.00131797790527344">
      <skipped message="ok 1 # skip test_debug_0" />
    </testcase>
  </testsuite>
  <testsuite name="spec_perl_TestTypeTernaryOpaque_t" errors="0" failures="0" skipped="0" tests="3" time="0.0452210903167725">
    <system-out>1..3
ok 1 - Equals
ok 2 - Equals
ok 3 - Equals
</system-out>
    <testcase name="Equals (892)" classname="spec_perl_TestTypeTernaryOpaque_t" time="0.00201797485351562" />
    <testcase name="Equals (893)" classname="spec_perl_TestTypeTernaryOpaque_t" time="8.41617584228516e-05" />
    <testcase name="Equals (894)" classname="spec_perl_TestTypeTernaryOpaque_t" time="4.79221343994141e-05" />
  </testsuite>
  <testsuite name="spec_perl_TestNavParent_t" errors="0" failures="0" skipped="0" tests="5" time="0.042931079864502">
    <system-out>1..5
ok 1 - Equals
ok 2 - Equals
ok 3 - Equals
ok 4 - Equals
ok 5 - Equals
</system-out>
    <testcase name="Equals (895)" classname="spec_perl_TestNavParent_t" time="0.0018310546875" />
    <testcase name="Equals (896)" classname="spec_perl_TestNavParent_t" time="7.39097595214844e-05" />
    <testcase name="Equals (897)" classname="spec_perl_TestNavParent_t" time="5.69820404052734e-05" />
    <testcase name="Equals (898)" classname="spec_perl_TestNavParent_t" time="6.89029693603516e-05" />
    <testcase name="Equals (899)" classname="spec_perl_TestNavParent_t" time="0.000177145004272461" />
  </testsuite>
  <testsuite name="spec_perl_TestEnumOfValueInst_t" errors="0" failures="0" skipped="0" tests="4" time="0.0376009941101074">
    <system-out>1..4
ok 1 - Equals
ok 2 - Equals
ok 3 - Equals
ok 4 - Equals
</system-out>
    <testcase name="Equals (900)" classname="spec_perl_TestEnumOfValueInst_t" time="0.00141096115112305" />
    <testcase name="Equals (901)" classname="spec_perl_TestEnumOfValueInst_t" time="8.29696655273438e-05" />
    <testcase name="Equals (902)" classname="spec_perl_TestEnumOfValueInst_t" time="6.50882720947266e-05" />
    <testcase name="Equals (903)" classname="spec_perl_TestEnumOfValueInst_t" time="5.48362731933594e-05" />
  </testsuite>
  <testsuite name="spec_perl_TestProcessCoerceUsertype1_t" errors="0" failures="0" skipped="0" tests="4" time="0.0471200942993164">
    <system-out>1..4
ok 1 - Equals
ok 2 - Equals
ok 3 - Equals
ok 4 - Equals
</system-out>
    <testcase name="Equals (904)" classname="spec_perl_TestProcessCoerceUsertype1_t" time="0.00202488899230957" />
    <testcase name="Equals (905)" classname="spec_perl_TestProcessCoerceUsertype1_t" time="9.01222229003906e-05" />
    <testcase name="Equals (906)" classname="spec_perl_TestProcessCoerceUsertype1_t" time="5.00679016113281e-05" />
    <testcase name="Equals (907)" classname="spec_perl_TestProcessCoerceUsertype1_t" time="6.19888305664062e-05" />
  </testsuite>
  <testsuite name="spec_perl_TestBitsSeqEndianCombo_t" errors="0" failures="0" skipped="0" tests="8" time="0.0440258979797363">
    <system-out>1..8
ok 1 - Equals
ok 2 - Equals
ok 3 - Equals
ok 4 - Equals
ok 5 - Equals
ok 6 - Equals
ok 7 - Equals
ok 8 - Equals
</system-out>
    <testcase name="Equals (908)" classname="spec_perl_TestBitsSeqEndianCombo_t" time="0.001708984375" />
    <testcase name="Equals (909)" classname="spec_perl_TestBitsSeqEndianCombo_t" time="8.20159912109375e-05" />
    <testcase name="Equals (910)" classname="spec_perl_TestBitsSeqEndianCombo_t" time="4.69684600830078e-05" />
    <testcase name="Equals (911)" classname="spec_perl_TestBitsSeqEndianCombo_t" time="5.91278076171875e-05" />
    <testcase name="Equals (912)" classname="spec_perl_TestBitsSeqEndianCombo_t" time="5.69820404052734e-05" />
    <testcase name="Equals (913)" classname="spec_perl_TestBitsSeqEndianCombo_t" time="5.69820404052734e-05" />
    <testcase name="Equals (914)" classname="spec_perl_TestBitsSeqEndianCombo_t" time="5.38825988769531e-05" />
    <testcase name="Equals (915)" classname="spec_perl_TestBitsSeqEndianCombo_t" time="0.000142097473144531" />
  </testsuite>
  <testsuite name="spec_perl_TestRepeatEosStruct_t" errors="0" failures="0" skipped="0" tests="5" time="0.0413839817047119">
    <system-out>1..5
ok 1 - Equals
ok 2 - Equals
ok 3 - Equals
ok 4 - Equals
ok 5 - Equals
</system-out>
    <testcase name="Equals (916)" classname="spec_perl_TestRepeatEosStruct_t" time="0.00195193290710449" />
    <testcase name="Equals (917)" classname="spec_perl_TestRepeatEosStruct_t" time="8.91685485839844e-05" />
    <testcase name="Equals (918)" classname="spec_perl_TestRepeatEosStruct_t" time="6.58035278320312e-05" />
    <testcase name="Equals (919)" classname="spec_perl_TestRepeatEosStruct_t" time="8.60691070556641e-05" />
    <testcase name="Equals (920)" classname="spec_perl_TestRepeatEosStruct_t" time="8.10623168945312e-05" />
  </testsuite>
  <testsuite name="spec_perl_TestStrLiterals_t" errors="0" failures="0" skipped="0" tests="5" time="0.03951096534729">
    <system-out>1..5
ok 1 - Equals
ok 2 - Equals
ok 3 - Equals
ok 4 - Equals
ok 5 - Equals
</system-out>
    <testcase name="Equals (921)" classname="spec_perl_TestStrLiterals_t" time="0.00143694877624512" />
    <testcase name="Equals (922)" classname="spec_perl_TestStrLiterals_t" time="0.000102996826171875" />
    <testcase name="Equals (923)" classname="spec_perl_TestStrLiterals_t" time="0.000103950500488281" />
    <testcase name="Equals (924)" classname="spec_perl_TestStrLiterals_t" time="6.00814819335938e-05" />
    <testcase name="Equals (925)" classname="spec_perl_TestStrLiterals_t" time="0.000110864639282227" />
  </testsuite>
  <testsuite name="spec_perl_TestValidSwitch_t" errors="0" failures="0" skipped="1" tests="1" time="0.0392429828643799">
    <system-out>1..1
ok 1 # skip ValidSwitch=HASH(0x55c9e26ceb08)
</system-out>
    <testcase name="Unnamed test case 925" classname="spec_perl_TestValidSwitch_t" time="0.00198793411254883">
      <skipped message="ok 1 # skip ValidSwitch=HASH(0x55c9e26ceb08)" />
    </testcase>
  </testsuite>
  <testsuite name="spec_perl_TestProcessXor4Const_t" errors="0" failures="0" skipped="0" tests="2" time="0.0381350517272949">
    <system-out>1..2
ok 1 - Equals
ok 2 - Equals
</system-out>
    <testcase name="Equals (926)" classname="spec_perl_TestProcessXor4Const_t" time="0.00138401985168457" />
    <testcase name="Equals (927)" classname="spec_perl_TestProcessXor4Const_t" time="8.20159912109375e-05" />
  </testsuite>
  <testsuite name="spec_perl_TestEosExceptionU4_t" errors="0" failures="0" skipped="0" tests="1" time="0.0394449234008789">
    <system-out>1..1
ok 1 - threw /^Requested \d+ bytes, but only \d+ bytes available/
</system-out>
    <testcase name="threw /^Requested \d+ bytes, but only \d+ bytes available/ (927)" classname="spec_perl_TestEosExceptionU4_t" time="0.00169801712036133" />
  </testsuite>
  <testsuite name="spec_perl_TestIfValues_t" errors="0" failures="0" skipped="0" tests="6" time="0.0386900901794434">
    <system-out>1..6
ok 1 - Equals
ok 2 - Equals
ok 3 - Equals
ok 4 - nil
ok 5 - Equals
ok 6 - nil
</system-out>
    <testcase name="Equals (928)" classname="spec_perl_TestIfValues_t" time="0.00148105621337891" />
    <testcase name="Equals (929)" classname="spec_perl_TestIfValues_t" time="0.000101089477539062" />
    <testcase name="Equals (930)" classname="spec_perl_TestIfValues_t" time="0.000129938125610352" />
    <testcase name="nil (930)" classname="spec_perl_TestIfValues_t" time="0.000104904174804688" />
    <testcase name="Equals (931)" classname="spec_perl_TestIfValues_t" time="9.20295715332031e-05" />
    <testcase name="nil (931)" classname="spec_perl_TestIfValues_t" time="0.000128984451293945" />
  </testsuite>
  <testsuite name="spec_perl_TestEnum0_t" errors="0" failures="0" skipped="0" tests="2" time="0.0372829437255859">
    <system-out>1..2
ok 1 - Equals
ok 2 - Equals
</system-out>
    <testcase name="Equals (932)" classname="spec_perl_TestEnum0_t" time="0.00135684013366699" />
    <testcase name="Equals (933)" classname="spec_perl_TestEnum0_t" time="7.60555267333984e-05" />
  </testsuite>
  <testsuite name="spec_perl_TestParamsPassArrayStruct_t" errors="0" failures="1" skipped="2" tests="3" time="0.0370020866394043">
    <system-out>1..3
not ok 1 - test_params_pass_array_struct died (Can't use an undefined value as an ARRAY reference at spec/perl/TestParamsPassArrayStruct.t line 14.)
ok 2 # skip test_params_pass_array_struct died
ok 3 # skip test_params_pass_array_struct died
</system-out>
    <testcase name="test_params_pass_array_struct died (Can't use an undefined value as an ARRAY reference at spec/perl/TestParamsPassArrayStruct.t line 14.) (933)" classname="spec_perl_TestParamsPassArrayStruct_t" time="0.00146913528442383">
      <failure message="not ok 1 - test_params_pass_array_struct died (Can't use an undefined value as an ARRAY reference at spec/perl/TestParamsPassArrayStruct.t line 14.)" type="TAP::Parser::Result::Test"></failure>
    </testcase>
    <testcase name="Unnamed test case 933" classname="spec_perl_TestParamsPassArrayStruct_t" time="0.000113010406494141">
      <skipped message="ok 2 # skip test_params_pass_array_struct died" />
    </testcase>
    <testcase name="Unnamed test case 934" classname="spec_perl_TestParamsPassArrayStruct_t" time="4.98294830322266e-05">
      <skipped message="ok 3 # skip test_params_pass_array_struct died" />
    </testcase>
  </testsuite>
  <testsuite name="spec_perl_TestIndexToParamUntil_t" errors="0" failures="2" skipped="0" tests="7" time="0.0488529205322266">
    <system-out>1..7
ok 1 - Equals
ok 2 - Equals
ok 3 - Equals
ok 4 - Equals
ok 5 - Equals
not ok 6 - Equals
not ok 7 - Equals
</system-out>
    <testcase name="Equals (934)" classname="spec_perl_TestIndexToParamUntil_t" time="0.0026698112487793" />
    <testcase name="Equals (935)" classname="spec_perl_TestIndexToParamUntil_t" time="8.51154327392578e-05" />
    <testcase name="Equals (936)" classname="spec_perl_TestIndexToParamUntil_t" time="4.69684600830078e-05" />
    <testcase name="Equals (937)" classname="spec_perl_TestIndexToParamUntil_t" time="0.000194072723388672" />
    <testcase name="Equals (938)" classname="spec_perl_TestIndexToParamUntil_t" time="9.39369201660156e-05" />
    <testcase name="Equals (939)" classname="spec_perl_TestIndexToParamUntil_t" time="8.0108642578125e-05">
      <failure message="not ok 6 - Equals" type="TAP::Parser::Result::Test"></failure>
    </testcase>
    <testcase name="Equals (940)" classname="spec_perl_TestIndexToParamUntil_t" time="0.000442981719970703">
      <failure message="not ok 7 - Equals" type="TAP::Parser::Result::Test"></failure>
    </testcase>
  </testsuite>
  <testsuite name="spec_perl_TestNestedTypeParam_t" errors="0" failures="2" skipped="0" tests="2" time="0.0448639392852783">
    <system-out>1..2
not ok 1 - Equals
not ok 2 - Equals
</system-out>
    <testcase name="Equals (941)" classname="spec_perl_TestNestedTypeParam_t" time="0.00177597999572754">
      <failure message="not ok 1 - Equals" type="TAP::Parser::Result::Test"></failure>
    </testcase>
    <testcase name="Equals (942)" classname="spec_perl_TestNestedTypeParam_t" time="9.82284545898438e-05">
      <failure message="not ok 2 - Equals" type="TAP::Parser::Result::Test"></failure>
    </testcase>
  </testsuite>
  <testsuite name="spec_perl_TestNavParentVsValueInst_t" errors="0" failures="0" skipped="0" tests="1" time="0.0461690425872803">
    <system-out>1..1
ok 1 - Equals
</system-out>
    <testcase name="Equals (943)" classname="spec_perl_TestNavParentVsValueInst_t" time="0.00202202796936035" />
  </testsuite>
  <testsuite name="spec_perl_TestValidShort_t" errors="0" failures="0" skipped="1" tests="1" time="0.0440139770507812">
    <system-out>1..1
ok 1 # skip ValidShort=HASH(0x561223db2af0)
</system-out>
    <testcase name="Unnamed test case 943" classname="spec_perl_TestValidShort_t" time="0.00195693969726562">
      <skipped message="ok 1 # skip ValidShort=HASH(0x561223db2af0)" />
    </testcase>
  </testsuite>
  <testsuite name="spec_perl_TestProcessCustom_t" errors="1" failures="0" skipped="0" tests="0" time="0.0345108509063721">
    <system-out></system-out>
    <testcase name="Test died too soon, even before plan. (943)" classname="spec_perl_TestProcessCustom_t" time="0.0345108509063721">
      <failure message="The test suite died before a plan was produced. You need to have a plan." type="Plan">No plan</failure>
    </testcase>
  </testsuite>
  <testsuite name="spec_perl_TestCombineStr_t" errors="0" failures="0" skipped="0" tests="15" time="0.0463471412658691">
    <system-out>1..15
ok 1 - Equals
ok 2 - Equals
ok 3 - Equals
ok 4 - Equals
ok 5 - Equals
ok 6 - Equals
ok 7 - Equals
ok 8 - Equals
ok 9 - Equals
ok 10 - Equals
ok 11 - Equals
ok 12 - Equals
ok 13 - Equals
ok 14 - Equals
ok 15 - Equals
</system-out>
    <testcase name="Equals (944)" classname="spec_perl_TestCombineStr_t" time="0.0022280216217041" />
    <testcase name="Equals (945)" classname="spec_perl_TestCombineStr_t" time="0.000113010406494141" />
    <testcase name="Equals (946)" classname="spec_perl_TestCombineStr_t" time="6.103515625e-05" />
    <testcase name="Equals (947)" classname="spec_perl_TestCombineStr_t" time="8.98838043212891e-05" />
    <testcase name="Equals (948)" classname="spec_perl_TestCombineStr_t" time="5.50746917724609e-05" />
    <testcase name="Equals (949)" classname="spec_perl_TestCombineStr_t" time="9.20295715332031e-05" />
    <testcase name="Equals (950)" classname="spec_perl_TestCombineStr_t" time="8.0108642578125e-05" />
    <testcase name="Equals (951)" classname="spec_perl_TestCombineStr_t" time="7.79628753662109e-05" />
    <testcase name="Equals (952)" classname="spec_perl_TestCombineStr_t" time="6.19888305664062e-05" />
    <testcase name="Equals (953)" classname="spec_perl_TestCombineStr_t" time="8.60691070556641e-05" />
    <testcase name="Equals (954)" classname="spec_perl_TestCombineStr_t" time="5.69820404052734e-05" />
    <testcase name="Equals (955)" classname="spec_perl_TestCombineStr_t" time="9.29832458496094e-05" />
    <testcase name="Equals (956)" classname="spec_perl_TestCombineStr_t" time="7.58171081542969e-05" />
    <testcase name="Equals (957)" classname="spec_perl_TestCombineStr_t" time="8.51154327392578e-05" />
    <testcase name="Equals (958)" classname="spec_perl_TestCombineStr_t" time="9.39369201660156e-05" />
  </testsuite>
  <testsuite name="spec_perl_TestBitsSignedResB32Be_t" errors="0" failures="0" skipped="0" tests="1" time="0.0363109111785889">
    <system-out>1..1
ok 1 - Equals
</system-out>
    <testcase name="Equals (959)" classname="spec_perl_TestBitsSignedResB32Be_t" time="0.00154805183410645" />
  </testsuite>
  <testsuite name="spec_perl_TestProcessRotate_t" errors="0" failures="0" skipped="0" tests="3" time="0.0379629135131836">
    <system-out>1..3
ok 1 - Equals
ok 2 - Equals
ok 3 - Equals
</system-out>
    <testcase name="Equals (960)" classname="spec_perl_TestProcessRotate_t" time="0.00157904624938965" />
    <testcase name="Equals (961)" classname="spec_perl_TestProcessRotate_t" time="8.48770141601562e-05" />
    <testcase name="Equals (962)" classname="spec_perl_TestProcessRotate_t" time="0.000118017196655273" />
  </testsuite>
  <testsuite name="spec_perl_TestStrLiterals2_t" errors="0" failures="0" skipped="0" tests="4" time="0.0384011268615723">
    <system-out>1..4
ok 1 - Equals
ok 2 - Equals
ok 3 - Equals
ok 4 - Equals
</system-out>
    <testcase name="Equals (963)" classname="spec_perl_TestStrLiterals2_t" time="0.00168800354003906" />
    <testcase name="Equals (964)" classname="spec_perl_TestStrLiterals2_t" time="0.00011897087097168" />
    <testcase name="Equals (965)" classname="spec_perl_TestStrLiterals2_t" time="6.79492950439453e-05" />
    <testcase name="Equals (966)" classname="spec_perl_TestStrLiterals2_t" time="0.000179052352905273" />
  </testsuite>
  <testsuite name="spec_perl_TestExpr2_t" errors="0" failures="0" skipped="0" tests="17" time="0.0457968711853027">
    <system-out>1..17
ok 1 - Equals
ok 2 - Equals
ok 3 - Equals
ok 4 - Equals
ok 5 - Equals
ok 6 - Equals
ok 7 - Equals
ok 8 - Equals
ok 9 - Equals
ok 10 - Equals
ok 11 - Equals
ok 12 - Equals
ok 13 - Equals
ok 14 - Equals
ok 15 - Equals
ok 16 - Equals
ok 17 - Equals
</system-out>
    <testcase name="Equals (967)" classname="spec_perl_TestExpr2_t" time="0.00202178955078125" />
    <testcase name="Equals (968)" classname="spec_perl_TestExpr2_t" time="8.20159912109375e-05" />
    <testcase name="Equals (969)" classname="spec_perl_TestExpr2_t" time="5.19752502441406e-05" />
    <testcase name="Equals (970)" classname="spec_perl_TestExpr2_t" time="6.60419464111328e-05" />
    <testcase name="Equals (971)" classname="spec_perl_TestExpr2_t" time="8.41617584228516e-05" />
    <testcase name="Equals (972)" classname="spec_perl_TestExpr2_t" time="6.29425048828125e-05" />
    <testcase name="Equals (973)" classname="spec_perl_TestExpr2_t" time="0.000104904174804688" />
    <testcase name="Equals (974)" classname="spec_perl_TestExpr2_t" time="0.000127077102661133" />
    <testcase name="Equals (975)" classname="spec_perl_TestExpr2_t" time="0.000113010406494141" />
    <testcase name="Equals (976)" classname="spec_perl_TestExpr2_t" time="9.60826873779297e-05" />
    <testcase name="Equals (977)" classname="spec_perl_TestExpr2_t" time="5.98430633544922e-05" />
    <testcase name="Equals (978)" classname="spec_perl_TestExpr2_t" time="9.60826873779297e-05" />
    <testcase name="Equals (979)" classname="spec_perl_TestExpr2_t" time="7.60555267333984e-05" />
    <testcase name="Equals (980)" classname="spec_perl_TestExpr2_t" time="0.00010991096496582" />
    <testcase name="Equals (981)" classname="spec_perl_TestExpr2_t" time="8.70227813720703e-05" />
    <testcase name="Equals (982)" classname="spec_perl_TestExpr2_t" time="8.10623168945312e-05" />
    <testcase name="Equals (983)" classname="spec_perl_TestExpr2_t" time="8.58306884765625e-05" />
  </testsuite>
  <testsuite name="spec_perl_TestRepeatEosBit_t" errors="0" failures="0" skipped="0" tests="1" time="0.0372509956359863">
    <system-out>1..1
ok 1 - Equals
</system-out>
    <testcase name="Equals (984)" classname="spec_perl_TestRepeatEosBit_t" time="0.00144696235656738" />
  </testsuite>
  <testsuite name="spec_perl_TestDebugEnumName_t" errors="1" failures="0" skipped="0" tests="0" time="0.0350608825683594">
    <system-out></system-out>
    <testcase name="Test died too soon, even before plan. (984)" classname="spec_perl_TestDebugEnumName_t" time="0.0350608825683594">
      <failure message="The test suite died before a plan was produced. You need to have a plan." type="Plan">No plan</failure>
    </testcase>
  </testsuite>
  <testsuite name="spec_perl_TestImportsAbsRel_t" errors="0" failures="0" skipped="0" tests="3" time="0.0399909019470215">
    <system-out>1..3
ok 1 - Equals
ok 2 - Equals
ok 3 - Equals
</system-out>
    <testcase name="Equals (985)" classname="spec_perl_TestImportsAbsRel_t" time="0.00147414207458496" />
    <testcase name="Equals (986)" classname="spec_perl_TestImportsAbsRel_t" time="8.08238983154297e-05" />
    <testcase name="Equals (987)" classname="spec_perl_TestImportsAbsRel_t" time="4.81605529785156e-05" />
  </testsuite>
</testsuites>
