<?xml version='1.0' encoding='utf-8'?>
<testsuites>
  <testsuite name="spec_perl_TestEnumLongRangeS_t" errors="0" failures="0" skipped="0" tests="7" time="0.049036979675293">
    <system-out>1..7
ok 1 - Equals
ok 2 - Equals
ok 3 - Equals
ok 4 - Equals
ok 5 - Equals
ok 6 - Equals
ok 7 - Equals
</system-out>
    <testcase name="Equals" classname="spec_perl_TestEnumLongRangeS_t" time="0.000240087509155273" />
    <testcase name="Equals (2)" classname="spec_perl_TestEnumLongRangeS_t" time="9.70363616943359e-05" />
    <testcase name="Equals (3)" classname="spec_perl_TestEnumLongRangeS_t" time="0.000164985656738281" />
    <testcase name="Equals (4)" classname="spec_perl_TestEnumLongRangeS_t" time="0.000137090682983398" />
    <testcase name="Equals (5)" classname="spec_perl_TestEnumLongRangeS_t" time="0.000168800354003906" />
    <testcase name="Equals (6)" classname="spec_perl_TestEnumLongRangeS_t" time="0.000138044357299805" />
    <testcase name="Equals (7)" classname="spec_perl_TestEnumLongRangeS_t" time="0.000152111053466797" />
  </testsuite>
  <testsuite name="spec_perl_TestValidShort_t" errors="0" failures="0" skipped="1" tests="1" time="0.0534429550170898">
    <system-out>1..1
ok 1 # skip ValidShort=HASH(0x5633a8ede668)
</system-out>
    <testcase name="Unnamed test case 7" classname="spec_perl_TestValidShort_t" time="0.00105786323547363">
      <skipped message="ok 1 # skip ValidShort=HASH(0x5633a8ede668)" />
    </testcase>
  </testsuite>
  <testsuite name="spec_perl_TestStrEos_t" errors="0" failures="0" skipped="0" tests="1" time="0.0499730110168457">
    <system-out>1..1
ok 1 - Equals
</system-out>
    <testcase name="Equals (8)" classname="spec_perl_TestStrEos_t" time="0.000306129455566406" />
  </testsuite>
  <testsuite name="spec_perl_TestInstanceStd_t" errors="0" failures="0" skipped="0" tests="1" time="0.0530948638916016">
    <system-out>1..1
ok 1 - Equals
</system-out>
    <testcase name="Equals (9)" classname="spec_perl_TestInstanceStd_t" time="0.000323057174682617" />
  </testsuite>
  <testsuite name="spec_perl_TestCastToTop_t" errors="0" failures="0" skipped="0" tests="3" time="0.0466909408569336">
    <system-out>1..3
ok 1 - Equals
ok 2 - Equals
ok 3 - Equals
</system-out>
    <testcase name="Equals (10)" classname="spec_perl_TestCastToTop_t" time="0.000238895416259766" />
    <testcase name="Equals (11)" classname="spec_perl_TestCastToTop_t" time="0.000155925750732422" />
    <testcase name="Equals (12)" classname="spec_perl_TestCastToTop_t" time="0.000142097473144531" />
  </testsuite>
  <testsuite name="spec_perl_TestCombineStr_t" errors="0" failures="0" skipped="0" tests="15" time="0.0528500080108643">
    <system-out>1..15
ok 1 - Equals
ok 2 - Equals
ok 3 - Equals
ok 4 - Equals
ok 5 - Equals
ok 6 - Equals
ok 7 - Equals
ok 8 - Equals
ok 9 - Equals
ok 10 - Equals
ok 11 - Equals
ok 12 - Equals
ok 13 - Equals
ok 14 - Equals
ok 15 - Equals
</system-out>
    <testcase name="Equals (13)" classname="spec_perl_TestCombineStr_t" time="0.000251054763793945" />
    <testcase name="Equals (14)" classname="spec_perl_TestCombineStr_t" time="7.70092010498047e-05" />
    <testcase name="Equals (15)" classname="spec_perl_TestCombineStr_t" time="0.000163793563842773" />
    <testcase name="Equals (16)" classname="spec_perl_TestCombineStr_t" time="0.000140190124511719" />
    <testcase name="Equals (17)" classname="spec_perl_TestCombineStr_t" time="0.000166893005371094" />
    <testcase name="Equals (18)" classname="spec_perl_TestCombineStr_t" time="0.000128030776977539" />
    <testcase name="Equals (19)" classname="spec_perl_TestCombineStr_t" time="0.000160932540893555" />
    <testcase name="Equals (20)" classname="spec_perl_TestCombineStr_t" time="0.00015711784362793" />
    <testcase name="Equals (21)" classname="spec_perl_TestCombineStr_t" time="0.000150918960571289" />
    <testcase name="Equals (22)" classname="spec_perl_TestCombineStr_t" time="0.000131130218505859" />
    <testcase name="Equals (23)" classname="spec_perl_TestCombineStr_t" time="0.000177860260009766" />
    <testcase name="Equals (24)" classname="spec_perl_TestCombineStr_t" time="0.000144004821777344" />
    <testcase name="Equals (25)" classname="spec_perl_TestCombineStr_t" time="0.000134944915771484" />
    <testcase name="Equals (26)" classname="spec_perl_TestCombineStr_t" time="0.000167131423950195" />
    <testcase name="Equals (27)" classname="spec_perl_TestCombineStr_t" time="0.000133991241455078" />
  </testsuite>
  <testsuite name="spec_perl_TestProcessXor4Const_t" errors="0" failures="0" skipped="0" tests="2" time="0.0481641292572021">
    <system-out>1..2
ok 1 - Equals
ok 2 - Equals
</system-out>
    <testcase name="Equals (28)" classname="spec_perl_TestProcessXor4Const_t" time="0.000288009643554688" />
    <testcase name="Equals (29)" classname="spec_perl_TestProcessXor4Const_t" time="0.000111103057861328" />
  </testsuite>
  <testsuite name="spec_perl_TestExprBits_t" errors="0" failures="0" skipped="0" tests="10" time="0.0486259460449219">
    <system-out>1..10
ok 1 - Equals
ok 2 - Equals
ok 3 - Equals
ok 4 - Equals
ok 5 - Equals
ok 6 - Equals
ok 7 - Equals
ok 8 - Equals
ok 9 - Equals
ok 10 - Equals
</system-out>
    <testcase name="Equals (30)" classname="spec_perl_TestExprBits_t" time="0.000247001647949219" />
    <testcase name="Equals (31)" classname="spec_perl_TestExprBits_t" time="0.000127077102661133" />
    <testcase name="Equals (32)" classname="spec_perl_TestExprBits_t" time="0.000148773193359375" />
    <testcase name="Equals (33)" classname="spec_perl_TestExprBits_t" time="0.000147104263305664" />
    <testcase name="Equals (34)" classname="spec_perl_TestExprBits_t" time="0.000173091888427734" />
    <testcase name="Equals (35)" classname="spec_perl_TestExprBits_t" time="0.000123023986816406" />
    <testcase name="Equals (36)" classname="spec_perl_TestExprBits_t" time="0.000125885009765625" />
    <testcase name="Equals (37)" classname="spec_perl_TestExprBits_t" time="0.000152111053466797" />
    <testcase name="Equals (38)" classname="spec_perl_TestExprBits_t" time="0.000149011611938477" />
    <testcase name="Equals (39)" classname="spec_perl_TestExprBits_t" time="0.000164985656738281" />
  </testsuite>
  <testsuite name="spec_perl_TestFloatToI_t" errors="0" failures="0" skipped="0" tests="8" time="0.0511720180511475">
    <system-out>1..8
ok 1 - Approx equals
ok 2 - Approx equals
ok 3 - Equals
ok 4 - Equals
ok 5 - Equals
ok 6 - Equals
ok 7 - Equals
ok 8 - Equals
</system-out>
    <testcase name="Approx equals (39)" classname="spec_perl_TestFloatToI_t" time="0.000174045562744141" />
    <testcase name="Approx equals (40)" classname="spec_perl_TestFloatToI_t" time="5.60283660888672e-05" />
    <testcase name="Equals (40)" classname="spec_perl_TestFloatToI_t" time="5.88893890380859e-05" />
    <testcase name="Equals (41)" classname="spec_perl_TestFloatToI_t" time="0.000212907791137695" />
    <testcase name="Equals (42)" classname="spec_perl_TestFloatToI_t" time="7.51018524169922e-05" />
    <testcase name="Equals (43)" classname="spec_perl_TestFloatToI_t" time="0.000169038772583008" />
    <testcase name="Equals (44)" classname="spec_perl_TestFloatToI_t" time="0.000164031982421875" />
    <testcase name="Equals (45)" classname="spec_perl_TestFloatToI_t" time="0.000125885009765625" />
  </testsuite>
  <testsuite name="spec_perl_TestRepeatUntilS4_t" errors="0" failures="0" skipped="0" tests="2" time="0.0502200126647949">
    <system-out>1..2
ok 1 - Equals
ok 2 - Equals
</system-out>
    <testcase name="Equals (46)" classname="spec_perl_TestRepeatUntilS4_t" time="0.000255823135375977" />
    <testcase name="Equals (47)" classname="spec_perl_TestRepeatUntilS4_t" time="0.000126123428344727" />
  </testsuite>
  <testsuite name="spec_perl_TestRecursiveOne_t" errors="0" failures="0" skipped="0" tests="4" time="0.0475339889526367">
    <system-out>1..4
ok 1 - Equals
ok 2 - Equals
ok 3 - Equals
ok 4 - Equals
</system-out>
    <testcase name="Equals (48)" classname="spec_perl_TestRecursiveOne_t" time="0.000254154205322266" />
    <testcase name="Equals (49)" classname="spec_perl_TestRecursiveOne_t" time="0.000103950500488281" />
    <testcase name="Equals (50)" classname="spec_perl_TestRecursiveOne_t" time="0.000154972076416016" />
    <testcase name="Equals (51)" classname="spec_perl_TestRecursiveOne_t" time="0.000133991241455078" />
  </testsuite>
  <testsuite name="spec_perl_TestEnumForUnknownId_t" errors="0" failures="0" skipped="0" tests="1" time="0.0596208572387695">
    <system-out>1..1
ok 1 - Equals
</system-out>
    <testcase name="Equals (52)" classname="spec_perl_TestEnumForUnknownId_t" time="0.000236034393310547" />
  </testsuite>
  <testsuite name="spec_perl_TestRepeatEosStruct_t" errors="0" failures="0" skipped="0" tests="5" time="0.0471329689025879">
    <system-out>1..5
ok 1 - Equals
ok 2 - Equals
ok 3 - Equals
ok 4 - Equals
ok 5 - Equals
</system-out>
    <testcase name="Equals (53)" classname="spec_perl_TestRepeatEosStruct_t" time="0.000267982482910156" />
    <testcase name="Equals (54)" classname="spec_perl_TestRepeatEosStruct_t" time="0.000113010406494141" />
    <testcase name="Equals (55)" classname="spec_perl_TestRepeatEosStruct_t" time="0.000174045562744141" />
    <testcase name="Equals (56)" classname="spec_perl_TestRepeatEosStruct_t" time="0.000130891799926758" />
    <testcase name="Equals (57)" classname="spec_perl_TestRepeatEosStruct_t" time="0.000146150588989258" />
  </testsuite>
  <testsuite name="spec_perl_TestPositionInSeq_t" errors="0" failures="0" skipped="0" tests="1" time="0.0465359687805176">
    <system-out>1..1
ok 1 - Equals
</system-out>
    <testcase name="Equals (58)" classname="spec_perl_TestPositionInSeq_t" time="0.000234842300415039" />
  </testsuite>
  <testsuite name="spec_perl_TestEnumLongRangeU_t" errors="0" failures="0" skipped="0" tests="4" time="0.0477700233459473">
    <system-out>1..4
ok 1 - Equals
ok 2 - Equals
ok 3 - Equals
ok 4 - Equals
</system-out>
    <testcase name="Equals (59)" classname="spec_perl_TestEnumLongRangeU_t" time="0.00025486946105957" />
    <testcase name="Equals (60)" classname="spec_perl_TestEnumLongRangeU_t" time="0.000120162963867188" />
    <testcase name="Equals (61)" classname="spec_perl_TestEnumLongRangeU_t" time="0.000148773193359375" />
    <testcase name="Equals (62)" classname="spec_perl_TestEnumLongRangeU_t" time="0.000144004821777344" />
  </testsuite>
  <testsuite name="spec_perl_TestNestedSameName_t" errors="0" failures="0" skipped="0" tests="2" time="0.0470938682556152">
    <system-out>1..2
ok 1 - Equals
ok 2 - Equals
</system-out>
    <testcase name="Equals (63)" classname="spec_perl_TestNestedSameName_t" time="0.000265121459960938" />
    <testcase name="Equals (64)" classname="spec_perl_TestNestedSameName_t" time="0.000131845474243164" />
  </testsuite>
  <testsuite name="spec_perl_TestSwitchManualStrElse_t" errors="0" failures="0" skipped="0" tests="9" time="0.0521950721740723">
    <system-out>1..9
ok 1 - Equals
ok 2 - Equals
ok 3 - Equals
ok 4 - Equals
ok 5 - Equals
ok 6 - Equals
ok 7 - Equals
ok 8 - Equals
ok 9 - Equals
</system-out>
    <testcase name="Equals (65)" classname="spec_perl_TestSwitchManualStrElse_t" time="0.000301837921142578" />
    <testcase name="Equals (66)" classname="spec_perl_TestSwitchManualStrElse_t" time="0.000127077102661133" />
    <testcase name="Equals (67)" classname="spec_perl_TestSwitchManualStrElse_t" time="0.000162124633789062" />
    <testcase name="Equals (68)" classname="spec_perl_TestSwitchManualStrElse_t" time="0.000156879425048828" />
    <testcase name="Equals (69)" classname="spec_perl_TestSwitchManualStrElse_t" time="0.00014805793762207" />
    <testcase name="Equals (70)" classname="spec_perl_TestSwitchManualStrElse_t" time="0.000153064727783203" />
    <testcase name="Equals (71)" classname="spec_perl_TestSwitchManualStrElse_t" time="0.000131845474243164" />
    <testcase name="Equals (72)" classname="spec_perl_TestSwitchManualStrElse_t" time="0.00015711784362793" />
    <testcase name="Equals (73)" classname="spec_perl_TestSwitchManualStrElse_t" time="0.000133037567138672" />
  </testsuite>
  <testsuite name="spec_perl_TestBcdUserTypeBe_t" errors="0" failures="0" skipped="0" tests="6" time="0.0499749183654785">
    <system-out>1..6
ok 1 - Equals
ok 2 - Equals
ok 3 - Equals
ok 4 - Equals
ok 5 - Equals
ok 6 - Equals
</system-out>
    <testcase name="Equals (74)" classname="spec_perl_TestBcdUserTypeBe_t" time="0.000525951385498047" />
    <testcase name="Equals (75)" classname="spec_perl_TestBcdUserTypeBe_t" time="8.29696655273438e-05" />
    <testcase name="Equals (76)" classname="spec_perl_TestBcdUserTypeBe_t" time="0.000192880630493164" />
    <testcase name="Equals (77)" classname="spec_perl_TestBcdUserTypeBe_t" time="0.000158071517944336" />
    <testcase name="Equals (78)" classname="spec_perl_TestBcdUserTypeBe_t" time="0.00018000602722168" />
    <testcase name="Equals (79)" classname="spec_perl_TestBcdUserTypeBe_t" time="0.000153064727783203" />
  </testsuite>
  <testsuite name="spec_perl_TestNestedSameName2_t" errors="0" failures="0" skipped="0" tests="5" time="0.0478439331054688">
    <system-out>1..5
ok 1 - Equals
ok 2 - Equals
ok 3 - Equals
ok 4 - Equals
ok 5 - Equals
</system-out>
    <testcase name="Equals (80)" classname="spec_perl_TestNestedSameName2_t" time="0.000279903411865234" />
    <testcase name="Equals (81)" classname="spec_perl_TestNestedSameName2_t" time="0.000101089477539062" />
    <testcase name="Equals (82)" classname="spec_perl_TestNestedSameName2_t" time="0.000162124633789062" />
    <testcase name="Equals (83)" classname="spec_perl_TestNestedSameName2_t" time="0.00014185905456543" />
    <testcase name="Equals (84)" classname="spec_perl_TestNestedSameName2_t" time="0.00014805793762207" />
  </testsuite>
  <testsuite name="spec_perl_TestParamsCallExtraParens_t" errors="0" failures="1" skipped="0" tests="1" time="0.0527749061584473">
    <system-out>1..1
not ok 1 - Equals
</system-out>
    <testcase name="Equals (85)" classname="spec_perl_TestParamsCallExtraParens_t" time="0.00386977195739746">
      <failure message="not ok 1 - Equals" type="TAP::Parser::Result::Test"></failure>
    </testcase>
  </testsuite>
  <testsuite name="spec_perl_TestBitsUnalignedB64Be_t" errors="0" failures="0" skipped="0" tests="3" time="0.047076940536499">
    <system-out>1..3
ok 1 - Equals
ok 2 - Equals
ok 3 - Equals
</system-out>
    <testcase name="Equals (86)" classname="spec_perl_TestBitsUnalignedB64Be_t" time="0.000247001647949219" />
    <testcase name="Equals (87)" classname="spec_perl_TestBitsUnalignedB64Be_t" time="0.000122785568237305" />
    <testcase name="Equals (88)" classname="spec_perl_TestBitsUnalignedB64Be_t" time="0.000153064727783203" />
  </testsuite>
  <testsuite name="spec_perl_TestEnum1_t" errors="0" failures="0" skipped="0" tests="2" time="0.053037166595459">
    <system-out>1..2
ok 1 - Equals
ok 2 - Equals
</system-out>
    <testcase name="Equals (89)" classname="spec_perl_TestEnum1_t" time="0.000501871109008789" />
    <testcase name="Equals (90)" classname="spec_perl_TestEnum1_t" time="8.79764556884766e-05" />
  </testsuite>
  <testsuite name="spec_perl_TestStrEncodingsDefault_t" errors="0" failures="0" skipped="0" tests="4" time="0.0542149543762207">
    <system-out>1..4
ok 1 - Equals
ok 2 - Equals
ok 3 - Equals
ok 4 - Equals
</system-out>
    <testcase name="Equals (91)" classname="spec_perl_TestStrEncodingsDefault_t" time="0.00296688079833984" />
    <testcase name="Equals (92)" classname="spec_perl_TestStrEncodingsDefault_t" time="0.000137090682983398" />
    <testcase name="Equals (93)" classname="spec_perl_TestStrEncodingsDefault_t" time="0.000165939331054688" />
    <testcase name="Equals (94)" classname="spec_perl_TestStrEncodingsDefault_t" time="0.00018000602722168" />
  </testsuite>
  <testsuite name="spec_perl_TestNestedTypeParam_t" errors="0" failures="2" skipped="0" tests="2" time="0.0539388656616211">
    <system-out>1..2
not ok 1 - Equals
not ok 2 - Equals
</system-out>
    <testcase name="Equals (95)" classname="spec_perl_TestNestedTypeParam_t" time="0.00441789627075195">
      <failure message="not ok 1 - Equals" type="TAP::Parser::Result::Test"></failure>
    </testcase>
    <testcase name="Equals (96)" classname="spec_perl_TestNestedTypeParam_t" time="0.000225067138671875">
      <failure message="not ok 2 - Equals" type="TAP::Parser::Result::Test"></failure>
    </testcase>
  </testsuite>
  <testsuite name="spec_perl_TestEosExceptionBytes_t" errors="0" failures="0" skipped="0" tests="1" time="0.0480399131774902">
    <system-out>1..1
ok 1 - threw /^Requested \d+ bytes, but only \d+ bytes available/
</system-out>
    <testcase name="threw /^Requested \d+ bytes, but only \d+ bytes available/ (96)" classname="spec_perl_TestEosExceptionBytes_t" time="0.000394821166992188" />
  </testsuite>
  <testsuite name="spec_perl_TestValidNotParsedIf_t" errors="0" failures="0" skipped="1" tests="1" time="0.0497360229492188">
    <system-out>1..1
ok 1 # skip ValidNotParsedIf=HASH(0x55b1317a37b8)
</system-out>
    <testcase name="Unnamed test case 96" classname="spec_perl_TestValidNotParsedIf_t" time="0.00103402137756348">
      <skipped message="ok 1 # skip ValidNotParsedIf=HASH(0x55b1317a37b8)" />
    </testcase>
  </testsuite>
  <testsuite name="spec_perl_TestEnumToI_t" errors="0" failures="0" skipped="0" tests="7" time="0.047454833984375">
    <system-out>1..7
ok 1 - Equals
ok 2 - Equals
ok 3 - Equals
ok 4 - Equals
ok 5 - Equals
ok 6 - Equals
ok 7 - Equals
</system-out>
    <testcase name="Equals (97)" classname="spec_perl_TestEnumToI_t" time="0.000210046768188477" />
    <testcase name="Equals (98)" classname="spec_perl_TestEnumToI_t" time="0.000131130218505859" />
    <testcase name="Equals (99)" classname="spec_perl_TestEnumToI_t" time="0.000147819519042969" />
    <testcase name="Equals (100)" classname="spec_perl_TestEnumToI_t" time="0.000159025192260742" />
    <testcase name="Equals (101)" classname="spec_perl_TestEnumToI_t" time="0.000115156173706055" />
    <testcase name="Equals (102)" classname="spec_perl_TestEnumToI_t" time="0.000122785568237305" />
    <testcase name="Equals (103)" classname="spec_perl_TestEnumToI_t" time="0.000130176544189453" />
  </testsuite>
  <testsuite name="spec_perl_TestBcdUserTypeLe_t" errors="0" failures="0" skipped="0" tests="6" time="0.0496659278869629">
    <system-out>1..6
ok 1 - Equals
ok 2 - Equals
ok 3 - Equals
ok 4 - Equals
ok 5 - Equals
ok 6 - Equals
</system-out>
    <testcase name="Equals (104)" classname="spec_perl_TestBcdUserTypeLe_t" time="0.000487089157104492" />
    <testcase name="Equals (105)" classname="spec_perl_TestBcdUserTypeLe_t" time="0.000136852264404297" />
    <testcase name="Equals (106)" classname="spec_perl_TestBcdUserTypeLe_t" time="0.000164031982421875" />
    <testcase name="Equals (107)" classname="spec_perl_TestBcdUserTypeLe_t" time="0.000163078308105469" />
    <testcase name="Equals (108)" classname="spec_perl_TestBcdUserTypeLe_t" time="0.000180959701538086" />
    <testcase name="Equals (109)" classname="spec_perl_TestBcdUserTypeLe_t" time="0.000140905380249023" />
  </testsuite>
  <testsuite name="spec_perl_TestExprSizeofType1_t" errors="0" failures="0" skipped="0" tests="2" time="0.0492630004882812">
    <system-out>1..2
ok 1 - Equals
ok 2 - Equals
</system-out>
    <testcase name="Equals (110)" classname="spec_perl_TestExprSizeofType1_t" time="0.000256776809692383" />
    <testcase name="Equals (111)" classname="spec_perl_TestExprSizeofType1_t" time="0.000138044357299805" />
  </testsuite>
  <testsuite name="spec_perl_TestDefaultEndianExprIsBe_t" errors="0" failures="0" skipped="0" tests="18" time="0.0497839450836182">
    <system-out>1..18
ok 1 - Equals
ok 2 - Equals
ok 3 - Equals
ok 4 - Equals
ok 5 - Equals
ok 6 - Equals
ok 7 - Equals
ok 8 - Equals
ok 9 - Equals
ok 10 - Equals
ok 11 - Equals
ok 12 - Equals
ok 13 - Equals
ok 14 - Equals
ok 15 - Equals
ok 16 - Equals
ok 17 - Equals
ok 18 - Equals
</system-out>
    <testcase name="Equals (112)" classname="spec_perl_TestDefaultEndianExprIsBe_t" time="0.000284910202026367" />
    <testcase name="Equals (113)" classname="spec_perl_TestDefaultEndianExprIsBe_t" time="0.000142097473144531" />
    <testcase name="Equals (114)" classname="spec_perl_TestDefaultEndianExprIsBe_t" time="0.000155925750732422" />
    <testcase name="Equals (115)" classname="spec_perl_TestDefaultEndianExprIsBe_t" time="0.000149965286254883" />
    <testcase name="Equals (116)" classname="spec_perl_TestDefaultEndianExprIsBe_t" time="0.000161886215209961" />
    <testcase name="Equals (117)" classname="spec_perl_TestDefaultEndianExprIsBe_t" time="0.000169038772583008" />
    <testcase name="Equals (118)" classname="spec_perl_TestDefaultEndianExprIsBe_t" time="0.000147104263305664" />
    <testcase name="Equals (119)" classname="spec_perl_TestDefaultEndianExprIsBe_t" time="0.000151872634887695" />
    <testcase name="Equals (120)" classname="spec_perl_TestDefaultEndianExprIsBe_t" time="0.00014805793762207" />
    <testcase name="Equals (121)" classname="spec_perl_TestDefaultEndianExprIsBe_t" time="0.000134944915771484" />
    <testcase name="Equals (122)" classname="spec_perl_TestDefaultEndianExprIsBe_t" time="0.000164985656738281" />
    <testcase name="Equals (123)" classname="spec_perl_TestDefaultEndianExprIsBe_t" time="0.000167131423950195" />
    <testcase name="Equals (124)" classname="spec_perl_TestDefaultEndianExprIsBe_t" time="0.000137090682983398" />
    <testcase name="Equals (125)" classname="spec_perl_TestDefaultEndianExprIsBe_t" time="0.000152826309204102" />
    <testcase name="Equals (126)" classname="spec_perl_TestDefaultEndianExprIsBe_t" time="0.000147104263305664" />
    <testcase name="Equals (127)" classname="spec_perl_TestDefaultEndianExprIsBe_t" time="0.000153064727783203" />
    <testcase name="Equals (128)" classname="spec_perl_TestDefaultEndianExprIsBe_t" time="0.000159978866577148" />
    <testcase name="Equals (129)" classname="spec_perl_TestDefaultEndianExprIsBe_t" time="0.000168800354003906" />
  </testsuite>
  <testsuite name="spec_perl_TestDocstringsDocref_t" errors="0" failures="0" skipped="1" tests="1" time="0.0501241683959961">
    <system-out>1..1
ok 1 # skip DocstringsDocref=HASH(0x55e97ea11968)
</system-out>
    <testcase name="Unnamed test case 129" classname="spec_perl_TestDocstringsDocref_t" time="0.00106406211853027">
      <skipped message="ok 1 # skip DocstringsDocref=HASH(0x55e97ea11968)" />
    </testcase>
  </testsuite>
  <testsuite name="spec_perl_TestBitsSimple_t" errors="0" failures="0" skipped="0" tests="14" time="0.0489580631256104">
    <system-out>1..14
ok 1 - Equals
ok 2 - Equals
ok 3 - Equals
ok 4 - Equals
ok 5 - Equals
ok 6 - Equals
ok 7 - Equals
ok 8 - Equals
ok 9 - Equals
ok 10 - Equals
ok 11 - Equals
ok 12 - Equals
ok 13 - Equals
ok 14 - Equals
</system-out>
    <testcase name="Equals (130)" classname="spec_perl_TestBitsSimple_t" time="0.000277996063232422" />
    <testcase name="Equals (131)" classname="spec_perl_TestBitsSimple_t" time="0.000119924545288086" />
    <testcase name="Equals (132)" classname="spec_perl_TestBitsSimple_t" time="0.000132083892822266" />
    <testcase name="Equals (133)" classname="spec_perl_TestBitsSimple_t" time="0.00014495849609375" />
    <testcase name="Equals (134)" classname="spec_perl_TestBitsSimple_t" time="0.000154018402099609" />
    <testcase name="Equals (135)" classname="spec_perl_TestBitsSimple_t" time="0.000157833099365234" />
    <testcase name="Equals (136)" classname="spec_perl_TestBitsSimple_t" time="0.00014805793762207" />
    <testcase name="Equals (137)" classname="spec_perl_TestBitsSimple_t" time="0.000155925750732422" />
    <testcase name="Equals (138)" classname="spec_perl_TestBitsSimple_t" time="0.000150203704833984" />
    <testcase name="Equals (139)" classname="spec_perl_TestBitsSimple_t" time="0.000129938125610352" />
    <testcase name="Equals (140)" classname="spec_perl_TestBitsSimple_t" time="0.000154972076416016" />
    <testcase name="Equals (141)" classname="spec_perl_TestBitsSimple_t" time="0.000146865844726562" />
    <testcase name="Equals (142)" classname="spec_perl_TestBitsSimple_t" time="0.000130176544189453" />
    <testcase name="Equals (143)" classname="spec_perl_TestBitsSimple_t" time="0.000154018402099609" />
  </testsuite>
  <testsuite name="spec_perl_TestNavParent_t" errors="0" failures="0" skipped="0" tests="5" time="0.0535178184509277">
    <system-out>1..5
ok 1 - Equals
ok 2 - Equals
ok 3 - Equals
ok 4 - Equals
ok 5 - Equals
</system-out>
    <testcase name="Equals (144)" classname="spec_perl_TestNavParent_t" time="0.000384092330932617" />
    <testcase name="Equals (145)" classname="spec_perl_TestNavParent_t" time="0.000128984451293945" />
    <testcase name="Equals (146)" classname="spec_perl_TestNavParent_t" time="0.000149011611938477" />
    <testcase name="Equals (147)" classname="spec_perl_TestNavParent_t" time="0.000150918960571289" />
    <testcase name="Equals (148)" classname="spec_perl_TestNavParent_t" time="0.000153064727783203" />
  </testsuite>
  <testsuite name="spec_perl_TestSwitchIntegers_t" errors="0" failures="0" skipped="0" tests="9" time="0.0485031604766846">
    <system-out>1..9
ok 1 - Equals
ok 2 - Equals
ok 3 - Equals
ok 4 - Equals
ok 5 - Equals
ok 6 - Equals
ok 7 - Equals
ok 8 - Equals
ok 9 - Equals
</system-out>
    <testcase name="Equals (149)" classname="spec_perl_TestSwitchIntegers_t" time="0.000257968902587891" />
    <testcase name="Equals (150)" classname="spec_perl_TestSwitchIntegers_t" time="0.000114917755126953" />
    <testcase name="Equals (151)" classname="spec_perl_TestSwitchIntegers_t" time="0.000156164169311523" />
    <testcase name="Equals (152)" classname="spec_perl_TestSwitchIntegers_t" time="0.00014185905456543" />
    <testcase name="Equals (153)" classname="spec_perl_TestSwitchIntegers_t" time="0.000159978866577148" />
    <testcase name="Equals (154)" classname="spec_perl_TestSwitchIntegers_t" time="0.000149965286254883" />
    <testcase name="Equals (155)" classname="spec_perl_TestSwitchIntegers_t" time="0.000135183334350586" />
    <testcase name="Equals (156)" classname="spec_perl_TestSwitchIntegers_t" time="0.000155925750732422" />
    <testcase name="Equals (157)" classname="spec_perl_TestSwitchIntegers_t" time="0.000129938125610352" />
  </testsuite>
  <testsuite name="spec_perl_TestEnumToIClassBorder1_t" errors="0" failures="1" skipped="0" tests="3" time="0.0506000518798828">
    <system-out>1..3
ok 1 - Equals
ok 2 - Equals
not ok 3 - test_enum_to_i_class_border_1 died (Can't call method &quot;some_dog&quot; on an undefined value at compiled/perl/EnumToIClassBorder2.pm line 42.)
</system-out>
    <testcase name="Equals (158)" classname="spec_perl_TestEnumToIClassBorder1_t" time="0.000226974487304688" />
    <testcase name="Equals (159)" classname="spec_perl_TestEnumToIClassBorder1_t" time="0.000128984451293945" />
    <testcase name="test_enum_to_i_class_border_1 died (Can't call method &quot;some_dog&quot; on an undefined value at compiled/perl/EnumToIClassBorder2.pm line 42.) (159)" classname="spec_perl_TestEnumToIClassBorder1_t" time="0.000235080718994141">
      <failure message="not ok 3 - test_enum_to_i_class_border_1 died (Can't call method &quot;some_dog&quot; on an undefined value at compiled/perl/EnumToIClassBorder2.pm line 42.)" type="TAP::Parser::Result::Test"></failure>
    </testcase>
  </testsuite>
  <testsuite name="spec_perl_TestRepeatNStrzDouble_t" errors="0" failures="0" skipped="0" tests="3" time="0.0502810478210449">
    <system-out>1..3
ok 1 - Equals
ok 2 - Equals
ok 3 - Equals
</system-out>
    <testcase name="Equals (160)" classname="spec_perl_TestRepeatNStrzDouble_t" time="0.000317096710205078" />
    <testcase name="Equals (161)" classname="spec_perl_TestRepeatNStrzDouble_t" time="0.000115871429443359" />
    <testcase name="Equals (162)" classname="spec_perl_TestRepeatNStrzDouble_t" time="0.000101089477539062" />
  </testsuite>
  <testsuite name="spec_perl_TestTypeTernary_t" errors="0" failures="0" skipped="0" tests="1" time="0.0485968589782715">
    <system-out>1..1
ok 1 - Equals
</system-out>
    <testcase name="Equals (163)" classname="spec_perl_TestTypeTernary_t" time="0.000496864318847656" />
  </testsuite>
  <testsuite name="spec_perl_TestNavParentVsValueInst_t" errors="0" failures="0" skipped="0" tests="1" time="0.0527191162109375">
    <system-out>1..1
ok 1 - Equals
</system-out>
    <testcase name="Equals (164)" classname="spec_perl_TestNavParentVsValueInst_t" time="0.000319957733154297" />
  </testsuite>
  <testsuite name="spec_perl_TestBytesPadTerm_t" errors="0" failures="0" skipped="0" tests="4" time="0.0478191375732422">
    <system-out>1..4
ok 1 - Equals
ok 2 - Equals
ok 3 - Equals
ok 4 - Equals
</system-out>
    <testcase name="Equals (165)" classname="spec_perl_TestBytesPadTerm_t" time="0.000271081924438477" />
    <testcase name="Equals (166)" classname="spec_perl_TestBytesPadTerm_t" time="0.000119924545288086" />
    <testcase name="Equals (167)" classname="spec_perl_TestBytesPadTerm_t" time="0.000151872634887695" />
    <testcase name="Equals (168)" classname="spec_perl_TestBytesPadTerm_t" time="0.000155210494995117" />
  </testsuite>
  <testsuite name="spec_perl_TestExprOpsParens_t" errors="1" failures="0" skipped="0" tests="0" time="0.049083948135376">
    <system-out></system-out>
    <testcase name="Test died too soon, even before plan. (168)" classname="spec_perl_TestExprOpsParens_t" time="0.049083948135376">
      <failure message="The test suite died before a plan was produced. You need to have a plan." type="Plan">No plan</failure>
    </testcase>
  </testsuite>
  <testsuite name="spec_perl_TestNavRoot_t" errors="0" failures="0" skipped="0" tests="5" time="0.0540969371795654">
    <system-out>1..5
ok 1 - Equals
ok 2 - Equals
ok 3 - Equals
ok 4 - Equals
ok 5 - Equals
</system-out>
    <testcase name="Equals (169)" classname="spec_perl_TestNavRoot_t" time="0.000352859497070312" />
    <testcase name="Equals (170)" classname="spec_perl_TestNavRoot_t" time="0.000105142593383789" />
    <testcase name="Equals (171)" classname="spec_perl_TestNavRoot_t" time="0.000155925750732422" />
    <testcase name="Equals (172)" classname="spec_perl_TestNavRoot_t" time="0.000153064727783203" />
    <testcase name="Equals (173)" classname="spec_perl_TestNavRoot_t" time="0.000140905380249023" />
  </testsuite>
  <testsuite name="spec_perl_TestBitsUnalignedB32Be_t" errors="0" failures="0" skipped="0" tests="3" time="0.0469310283660889">
    <system-out>1..3
ok 1 - Equals
ok 2 - Equals
ok 3 - Equals
</system-out>
    <testcase name="Equals (174)" classname="spec_perl_TestBitsUnalignedB32Be_t" time="0.000221967697143555" />
    <testcase name="Equals (175)" classname="spec_perl_TestBitsUnalignedB32Be_t" time="0.000151157379150391" />
    <testcase name="Equals (176)" classname="spec_perl_TestBitsUnalignedB32Be_t" time="0.000151872634887695" />
  </testsuite>
  <testsuite name="spec_perl_TestTermStrz_t" errors="0" failures="0" skipped="0" tests="3" time="0.0502359867095947">
    <system-out>1..3
ok 1 - Equals
ok 2 - Equals
ok 3 - Equals
</system-out>
    <testcase name="Equals (177)" classname="spec_perl_TestTermStrz_t" time="0.000320911407470703" />
    <testcase name="Equals (178)" classname="spec_perl_TestTermStrz_t" time="9.29832458496094e-05" />
    <testcase name="Equals (179)" classname="spec_perl_TestTermStrz_t" time="0.000164031982421875" />
  </testsuite>
  <testsuite name="spec_perl_TestBitsSignedResB32Be_t" errors="0" failures="0" skipped="0" tests="1" time="0.0466139316558838">
    <system-out>1..1
ok 1 - Equals
</system-out>
    <testcase name="Equals (180)" classname="spec_perl_TestBitsSignedResB32Be_t" time="0.000247955322265625" />
  </testsuite>
  <testsuite name="spec_perl_TestDocstringsDocrefMulti_t" errors="0" failures="0" skipped="1" tests="1" time="0.0498368740081787">
    <system-out>1..1
ok 1 # skip DocstringsDocrefMulti=HASH(0x55913ade01c8)
</system-out>
    <testcase name="Unnamed test case 180" classname="spec_perl_TestDocstringsDocrefMulti_t" time="0.00102901458740234">
      <skipped message="ok 1 # skip DocstringsDocrefMulti=HASH(0x55913ade01c8)" />
    </testcase>
  </testsuite>
  <testsuite name="spec_perl_TestEnumNegative_t" errors="0" failures="0" skipped="0" tests="2" time="0.046565055847168">
    <system-out>1..2
ok 1 - Equals
ok 2 - Equals
</system-out>
    <testcase name="Equals (181)" classname="spec_perl_TestEnumNegative_t" time="0.000234127044677734" />
    <testcase name="Equals (182)" classname="spec_perl_TestEnumNegative_t" time="0.000108003616333008" />
  </testsuite>
  <testsuite name="spec_perl_TestEnum0_t" errors="0" failures="0" skipped="0" tests="2" time="0.0493099689483643">
    <system-out>1..2
ok 1 - Equals
ok 2 - Equals
</system-out>
    <testcase name="Equals (183)" classname="spec_perl_TestEnum0_t" time="0.000264883041381836" />
    <testcase name="Equals (184)" classname="spec_perl_TestEnum0_t" time="0.000123977661132812" />
  </testsuite>
  <testsuite name="spec_perl_TestFloatingPoints_t" errors="0" failures="0" skipped="0" tests="8" time="0.0479719638824463">
    <system-out>1..8
ok 1 - Approx equals
ok 2 - Approx equals
ok 3 - Approx equals
ok 4 - Approx equals
ok 5 - Approx equals
ok 6 - Approx equals
ok 7 - Approx equals
ok 8 - Approx equals
</system-out>
    <testcase name="Approx equals (184)" classname="spec_perl_TestFloatingPoints_t" time="0.000181913375854492" />
    <testcase name="Approx equals (185)" classname="spec_perl_TestFloatingPoints_t" time="7.10487365722656e-05" />
    <testcase name="Approx equals (186)" classname="spec_perl_TestFloatingPoints_t" time="5.79357147216797e-05" />
    <testcase name="Approx equals (187)" classname="spec_perl_TestFloatingPoints_t" time="4.31537628173828e-05" />
    <testcase name="Approx equals (188)" classname="spec_perl_TestFloatingPoints_t" time="6.38961791992188e-05" />
    <testcase name="Approx equals (189)" classname="spec_perl_TestFloatingPoints_t" time="5.60283660888672e-05" />
    <testcase name="Approx equals (190)" classname="spec_perl_TestFloatingPoints_t" time="6.00814819335938e-05" />
    <testcase name="Approx equals (191)" classname="spec_perl_TestFloatingPoints_t" time="7.89165496826172e-05" />
  </testsuite>
  <testsuite name="spec_perl_TestRepeatEosU4_t" errors="0" failures="0" skipped="0" tests="1" time="0.046724796295166">
    <system-out>1..1
ok 1 - Equals
</system-out>
    <testcase name="Equals (191)" classname="spec_perl_TestRepeatEosU4_t" time="0.000264167785644531" />
  </testsuite>
  <testsuite name="spec_perl_TestBitsEnum_t" errors="0" failures="0" skipped="0" tests="3" time="0.0470061302185059">
    <system-out>1..3
ok 1 - Equals
ok 2 - Equals
ok 3 - Equals
</system-out>
    <testcase name="Equals (192)" classname="spec_perl_TestBitsEnum_t" time="0.000247955322265625" />
    <testcase name="Equals (193)" classname="spec_perl_TestBitsEnum_t" time="0.000123023986816406" />
    <testcase name="Equals (194)" classname="spec_perl_TestBitsEnum_t" time="0.000156879425048828" />
  </testsuite>
  <testsuite name="spec_perl_TestIfStruct_t" errors="0" failures="0" skipped="0" tests="7" time="0.0540318489074707">
    <system-out>1..7
ok 1 - Equals
ok 2 - Equals
ok 3 - Equals
ok 4 - Equals
ok 5 - Equals
ok 6 - Equals
ok 7 - Equals
</system-out>
    <testcase name="Equals (195)" classname="spec_perl_TestIfStruct_t" time="0.000341892242431641" />
    <testcase name="Equals (196)" classname="spec_perl_TestIfStruct_t" time="0.000109195709228516" />
    <testcase name="Equals (197)" classname="spec_perl_TestIfStruct_t" time="0.000161886215209961" />
    <testcase name="Equals (198)" classname="spec_perl_TestIfStruct_t" time="0.000159025192260742" />
    <testcase name="Equals (199)" classname="spec_perl_TestIfStruct_t" time="0.000154972076416016" />
    <testcase name="Equals (200)" classname="spec_perl_TestIfStruct_t" time="0.000160932540893555" />
    <testcase name="Equals (201)" classname="spec_perl_TestIfStruct_t" time="0.000143051147460938" />
  </testsuite>
  <testsuite name="spec_perl_TestTypeTernary2ndFalsy_t" errors="0" failures="1" skipped="0" tests="13" time="0.0521609783172607">
    <system-out>1..13
ok 1 - Equals
ok 2 - Equals
ok 3 - Equals
ok 4 - Approx equals
ok 5 - Approx equals
ok 6 - Equals
ok 7 - Equals
ok 8 - Equals
ok 9 - nil
ok 10 - Equals
ok 11 - Equals
ok 12 - Equals
not ok 13 - test_type_ternary_2nd_falsy died (Can't use an undefined value as an ARRAY reference at spec/perl/TestTypeTernary2ndFalsy.t line 26.)
</system-out>
    <testcase name="Equals (202)" classname="spec_perl_TestTypeTernary2ndFalsy_t" time="0.000231027603149414" />
    <testcase name="Equals (203)" classname="spec_perl_TestTypeTernary2ndFalsy_t" time="8.29696655273438e-05" />
    <testcase name="Equals (204)" classname="spec_perl_TestTypeTernary2ndFalsy_t" time="0.000158071517944336" />
    <testcase name="Approx equals (204)" classname="spec_perl_TestTypeTernary2ndFalsy_t" time="6.60419464111328e-05" />
    <testcase name="Approx equals (205)" classname="spec_perl_TestTypeTernary2ndFalsy_t" time="5.29289245605469e-05" />
    <testcase name="Equals (205)" classname="spec_perl_TestTypeTernary2ndFalsy_t" time="0.000144004821777344" />
    <testcase name="Equals (206)" classname="spec_perl_TestTypeTernary2ndFalsy_t" time="0.000158071517944336" />
    <testcase name="Equals (207)" classname="spec_perl_TestTypeTernary2ndFalsy_t" time="0.000127792358398438" />
    <testcase name="nil (207)" classname="spec_perl_TestTypeTernary2ndFalsy_t" time="6.22272491455078e-05" />
    <testcase name="Equals (208)" classname="spec_perl_TestTypeTernary2ndFalsy_t" time="0.000161886215209961" />
    <testcase name="Equals (209)" classname="spec_perl_TestTypeTernary2ndFalsy_t" time="0.000130891799926758" />
    <testcase name="Equals (210)" classname="spec_perl_TestTypeTernary2ndFalsy_t" time="0.000171184539794922" />
    <testcase name="test_type_ternary_2nd_falsy died (Can't use an undefined value as an ARRAY reference at spec/perl/TestTypeTernary2ndFalsy.t line 26.) (210)" classname="spec_perl_TestTypeTernary2ndFalsy_t" time="0.000249862670898438">
      <failure message="not ok 13 - test_type_ternary_2nd_falsy died (Can't use an undefined value as an ARRAY reference at spec/perl/TestTypeTernary2ndFalsy.t line 26.)" type="TAP::Parser::Result::Test"></failure>
    </testcase>
  </testsuite>
  <testsuite name="spec_perl_TestSwitchManualIntSize_t" errors="0" failures="0" skipped="0" tests="10" time="0.0519101619720459">
    <system-out>1..10
ok 1 - Equals
ok 2 - Equals
ok 3 - Equals
ok 4 - Equals
ok 5 - Equals
ok 6 - Equals
ok 7 - Equals
ok 8 - Equals
ok 9 - Equals
ok 10 - Equals
</system-out>
    <testcase name="Equals (211)" classname="spec_perl_TestSwitchManualIntSize_t" time="0.000551939010620117" />
    <testcase name="Equals (212)" classname="spec_perl_TestSwitchManualIntSize_t" time="9.60826873779297e-05" />
    <testcase name="Equals (213)" classname="spec_perl_TestSwitchManualIntSize_t" time="0.000158071517944336" />
    <testcase name="Equals (214)" classname="spec_perl_TestSwitchManualIntSize_t" time="0.000136852264404297" />
    <testcase name="Equals (215)" classname="spec_perl_TestSwitchManualIntSize_t" time="0.00014495849609375" />
    <testcase name="Equals (216)" classname="spec_perl_TestSwitchManualIntSize_t" time="0.00015711784362793" />
    <testcase name="Equals (217)" classname="spec_perl_TestSwitchManualIntSize_t" time="0.000154018402099609" />
    <testcase name="Equals (218)" classname="spec_perl_TestSwitchManualIntSize_t" time="0.000163078308105469" />
    <testcase name="Equals (219)" classname="spec_perl_TestSwitchManualIntSize_t" time="0.000123977661132812" />
    <testcase name="Equals (220)" classname="spec_perl_TestSwitchManualIntSize_t" time="0.000165939331054688" />
  </testsuite>
  <testsuite name="spec_perl_TestExprStrOps_t" errors="1" failures="0" skipped="0" tests="0" time="0.0478620529174805">
    <system-out></system-out>
    <testcase name="Test died too soon, even before plan. (220)" classname="spec_perl_TestExprStrOps_t" time="0.0478620529174805">
      <failure message="The test suite died before a plan was produced. You need to have a plan." type="Plan">No plan</failure>
    </testcase>
  </testsuite>
  <testsuite name="spec_perl_TestEnumOfValueInst_t" errors="0" failures="0" skipped="0" tests="4" time="0.0470941066741943">
    <system-out>1..4
ok 1 - Equals
ok 2 - Equals
ok 3 - Equals
ok 4 - Equals
</system-out>
    <testcase name="Equals (221)" classname="spec_perl_TestEnumOfValueInst_t" time="0.000246047973632812" />
    <testcase name="Equals (222)" classname="spec_perl_TestEnumOfValueInst_t" time="0.000128030776977539" />
    <testcase name="Equals (223)" classname="spec_perl_TestEnumOfValueInst_t" time="0.000149965286254883" />
    <testcase name="Equals (224)" classname="spec_perl_TestEnumOfValueInst_t" time="0.00014805793762207" />
  </testsuite>
  <testsuite name="spec_perl_TestExpr1_t" errors="0" failures="0" skipped="0" tests="4" time="0.0507421493530273">
    <system-out>1..4
ok 1 - Equals
ok 2 - Equals
ok 3 - Equals
ok 4 - Equals
</system-out>
    <testcase name="Equals (225)" classname="spec_perl_TestExpr1_t" time="0.000244855880737305" />
    <testcase name="Equals (226)" classname="spec_perl_TestExpr1_t" time="0.000102996826171875" />
    <testcase name="Equals (227)" classname="spec_perl_TestExpr1_t" time="0.000156164169311523" />
    <testcase name="Equals (228)" classname="spec_perl_TestExpr1_t" time="0.000151872634887695" />
  </testsuite>
  <testsuite name="spec_perl_TestCombineEnum_t" errors="0" failures="0" skipped="0" tests="3" time="0.047011137008667">
    <system-out>1..3
ok 1 - Equals
ok 2 - Equals
ok 3 - Equals
</system-out>
    <testcase name="Equals (229)" classname="spec_perl_TestCombineEnum_t" time="0.000261783599853516" />
    <testcase name="Equals (230)" classname="spec_perl_TestCombineEnum_t" time="0.000128030776977539" />
    <testcase name="Equals (231)" classname="spec_perl_TestCombineEnum_t" time="0.000153064727783203" />
  </testsuite>
  <testsuite name="spec_perl_TestProcessCoerceUsertype2_t" errors="0" failures="0" skipped="0" tests="4" time="0.0476531982421875">
    <system-out>1..4
ok 1 - Equals
ok 2 - Equals
ok 3 - Equals
ok 4 - Equals
</system-out>
    <testcase name="Equals (232)" classname="spec_perl_TestProcessCoerceUsertype2_t" time="0.000463962554931641" />
    <testcase name="Equals (233)" classname="spec_perl_TestProcessCoerceUsertype2_t" time="0.000126123428344727" />
    <testcase name="Equals (234)" classname="spec_perl_TestProcessCoerceUsertype2_t" time="0.000144004821777344" />
    <testcase name="Equals (235)" classname="spec_perl_TestProcessCoerceUsertype2_t" time="0.000152826309204102" />
  </testsuite>
  <testsuite name="spec_perl_TestParamsPassStruct_t" errors="0" failures="1" skipped="1" tests="4" time="0.0654878616333008">
    <system-out>1..4
ok 1 - Equals
ok 2 - Equals
not ok 3 - test_params_pass_struct died (Can't call method &quot;foo&quot; on an undefined value at spec/perl/TestParamsPassStruct.t line 16.)
ok 4 # skip test_params_pass_struct died
</system-out>
    <testcase name="Equals (236)" classname="spec_perl_TestParamsPassStruct_t" time="0.000226974487304688" />
    <testcase name="Equals (237)" classname="spec_perl_TestParamsPassStruct_t" time="7.91549682617188e-05" />
    <testcase name="test_params_pass_struct died (Can't call method &quot;foo&quot; on an undefined value at spec/perl/TestParamsPassStruct.t line 16.) (237)" classname="spec_perl_TestParamsPassStruct_t" time="0.000307798385620117">
      <failure message="not ok 3 - test_params_pass_struct died (Can't call method &quot;foo&quot; on an undefined value at spec/perl/TestParamsPassStruct.t line 16.)" type="TAP::Parser::Result::Test"></failure>
    </testcase>
    <testcase name="Unnamed test case 237" classname="spec_perl_TestParamsPassStruct_t" time="0.000438213348388672">
      <skipped message="ok 4 # skip test_params_pass_struct died" />
    </testcase>
  </testsuite>
  <testsuite name="spec_perl_TestIfValues_t" errors="0" failures="0" skipped="0" tests="6" time="0.0495321750640869">
    <system-out>1..6
ok 1 - Equals
ok 2 - Equals
ok 3 - Equals
ok 4 - nil
ok 5 - Equals
ok 6 - nil
</system-out>
    <testcase name="Equals (238)" classname="spec_perl_TestIfValues_t" time="0.000282049179077148" />
    <testcase name="Equals (239)" classname="spec_perl_TestIfValues_t" time="9.79900360107422e-05" />
    <testcase name="Equals (240)" classname="spec_perl_TestIfValues_t" time="0.000165939331054688" />
    <testcase name="nil (240)" classname="spec_perl_TestIfValues_t" time="6.41345977783203e-05" />
    <testcase name="Equals (241)" classname="spec_perl_TestIfValues_t" time="0.00014805793762207" />
    <testcase name="nil (241)" classname="spec_perl_TestIfValues_t" time="6.19888305664062e-05" />
  </testsuite>
  <testsuite name="spec_perl_TestDebug0_t" errors="0" failures="0" skipped="1" tests="1" time="0.0476500988006592">
    <system-out>1..1
ok 1 # skip test_debug_0
</system-out>
    <testcase name="Unnamed test case 241" classname="spec_perl_TestDebug0_t" time="0.000252008438110352">
      <skipped message="ok 1 # skip test_debug_0" />
    </testcase>
  </testsuite>
  <testsuite name="spec_perl_TestDefaultEndianExprInherited_t" errors="0" failures="0" skipped="0" tests="15" time="0.0508198738098145">
    <system-out>1..15
ok 1 - Equals
ok 2 - Equals
ok 3 - Equals
ok 4 - Equals
ok 5 - Equals
ok 6 - Equals
ok 7 - Equals
ok 8 - Equals
ok 9 - Equals
ok 10 - Equals
ok 11 - Equals
ok 12 - Equals
ok 13 - Equals
ok 14 - Equals
ok 15 - Equals
</system-out>
    <testcase name="Equals (242)" classname="spec_perl_TestDefaultEndianExprInherited_t" time="0.000311851501464844" />
    <testcase name="Equals (243)" classname="spec_perl_TestDefaultEndianExprInherited_t" time="0.000135183334350586" />
    <testcase name="Equals (244)" classname="spec_perl_TestDefaultEndianExprInherited_t" time="0.000145912170410156" />
    <testcase name="Equals (245)" classname="spec_perl_TestDefaultEndianExprInherited_t" time="0.000149011611938477" />
    <testcase name="Equals (246)" classname="spec_perl_TestDefaultEndianExprInherited_t" time="0.000169038772583008" />
    <testcase name="Equals (247)" classname="spec_perl_TestDefaultEndianExprInherited_t" time="0.000135898590087891" />
    <testcase name="Equals (248)" classname="spec_perl_TestDefaultEndianExprInherited_t" time="0.000154972076416016" />
    <testcase name="Equals (249)" classname="spec_perl_TestDefaultEndianExprInherited_t" time="0.000142097473144531" />
    <testcase name="Equals (250)" classname="spec_perl_TestDefaultEndianExprInherited_t" time="0.000128984451293945" />
    <testcase name="Equals (251)" classname="spec_perl_TestDefaultEndianExprInherited_t" time="0.000191926956176758" />
    <testcase name="Equals (252)" classname="spec_perl_TestDefaultEndianExprInherited_t" time="0.000107049942016602" />
    <testcase name="Equals (253)" classname="spec_perl_TestDefaultEndianExprInherited_t" time="0.000174045562744141" />
    <testcase name="Equals (254)" classname="spec_perl_TestDefaultEndianExprInherited_t" time="0.000128984451293945" />
    <testcase name="Equals (255)" classname="spec_perl_TestDefaultEndianExprInherited_t" time="0.000159978866577148" />
    <testcase name="Equals (256)" classname="spec_perl_TestDefaultEndianExprInherited_t" time="0.000154018402099609" />
  </testsuite>
  <testsuite name="spec_perl_TestExprBytesOps_t" errors="1" failures="0" skipped="0" tests="0" time="0.0497450828552246">
    <system-out></system-out>
    <testcase name="Test died too soon, even before plan. (256)" classname="spec_perl_TestExprBytesOps_t" time="0.0497450828552246">
      <failure message="The test suite died before a plan was produced. You need to have a plan." type="Plan">No plan</failure>
    </testcase>
  </testsuite>
  <testsuite name="spec_perl_TestSwitchManualIntElse_t" errors="0" failures="0" skipped="0" tests="9" time="0.0521869659423828">
    <system-out>1..9
ok 1 - Equals
ok 2 - Equals
ok 3 - Equals
ok 4 - Equals
ok 5 - Equals
ok 6 - Equals
ok 7 - Equals
ok 8 - Equals
ok 9 - Equals
</system-out>
    <testcase name="Equals (257)" classname="spec_perl_TestSwitchManualIntElse_t" time="0.000303030014038086" />
    <testcase name="Equals (258)" classname="spec_perl_TestSwitchManualIntElse_t" time="7.60555267333984e-05" />
    <testcase name="Equals (259)" classname="spec_perl_TestSwitchManualIntElse_t" time="0.000152111053466797" />
    <testcase name="Equals (260)" classname="spec_perl_TestSwitchManualIntElse_t" time="0.000139951705932617" />
    <testcase name="Equals (261)" classname="spec_perl_TestSwitchManualIntElse_t" time="0.000154018402099609" />
    <testcase name="Equals (262)" classname="spec_perl_TestSwitchManualIntElse_t" time="0.00014185905456543" />
    <testcase name="Equals (263)" classname="spec_perl_TestSwitchManualIntElse_t" time="0.000154018402099609" />
    <testcase name="Equals (264)" classname="spec_perl_TestSwitchManualIntElse_t" time="0.000159025192260742" />
    <testcase name="Equals (265)" classname="spec_perl_TestSwitchManualIntElse_t" time="0.000132083892822266" />
  </testsuite>
  <testsuite name="spec_perl_TestExprEnum_t" errors="0" failures="0" skipped="0" tests="3" time="0.0491421222686768">
    <system-out>1..3
ok 1 - Equals
ok 2 - Equals
ok 3 - Equals
</system-out>
    <testcase name="Equals (266)" classname="spec_perl_TestExprEnum_t" time="0.000267982482910156" />
    <testcase name="Equals (267)" classname="spec_perl_TestExprEnum_t" time="0.000125885009765625" />
    <testcase name="Equals (268)" classname="spec_perl_TestExprEnum_t" time="0.00015711784362793" />
  </testsuite>
  <testsuite name="spec_perl_TestMultipleUse_t" errors="0" failures="0" skipped="0" tests="2" time="0.049868106842041">
    <system-out>1..2
ok 1 - Equals
ok 2 - Equals
</system-out>
    <testcase name="Equals (269)" classname="spec_perl_TestMultipleUse_t" time="0.00026392936706543" />
    <testcase name="Equals (270)" classname="spec_perl_TestMultipleUse_t" time="0.000153064727783203" />
  </testsuite>
  <testsuite name="spec_perl_TestImportsCircularA_t" errors="0" failures="0" skipped="0" tests="5" time="0.0493748188018799">
    <system-out>1..5
ok 1 - Equals
ok 2 - Equals
ok 3 - Equals
ok 4 - Equals
ok 5 - nil
</system-out>
    <testcase name="Equals (271)" classname="spec_perl_TestImportsCircularA_t" time="0.000261068344116211" />
    <testcase name="Equals (272)" classname="spec_perl_TestImportsCircularA_t" time="0.000134944915771484" />
    <testcase name="Equals (273)" classname="spec_perl_TestImportsCircularA_t" time="0.000151872634887695" />
    <testcase name="Equals (274)" classname="spec_perl_TestImportsCircularA_t" time="0.000152111053466797" />
    <testcase name="nil (274)" classname="spec_perl_TestImportsCircularA_t" time="7.10487365722656e-05" />
  </testsuite>
  <testsuite name="spec_perl_TestInstanceIoUser_t" errors="0" failures="0" skipped="0" tests="4" time="0.0718989372253418">
    <system-out>1..4
ok 1 - Equals
ok 2 - Equals
ok 3 - Equals
ok 4 - Equals
</system-out>
    <testcase name="Equals (275)" classname="spec_perl_TestInstanceIoUser_t" time="0.00053715705871582" />
    <testcase name="Equals (276)" classname="spec_perl_TestInstanceIoUser_t" time="0.000151872634887695" />
    <testcase name="Equals (277)" classname="spec_perl_TestInstanceIoUser_t" time="0.000195980072021484" />
    <testcase name="Equals (278)" classname="spec_perl_TestInstanceIoUser_t" time="0.000169038772583008" />
  </testsuite>
  <testsuite name="spec_perl_TestBitsByteAligned_t" errors="0" failures="0" skipped="0" tests="9" time="0.0483419895172119">
    <system-out>1..9
ok 1 - Equals
ok 2 - Equals
ok 3 - Equals
ok 4 - Equals
ok 5 - Equals
ok 6 - Equals
ok 7 - Equals
ok 8 - Equals
ok 9 - Equals
</system-out>
    <testcase name="Equals (279)" classname="spec_perl_TestBitsByteAligned_t" time="0.000266075134277344" />
    <testcase name="Equals (280)" classname="spec_perl_TestBitsByteAligned_t" time="0.00011897087097168" />
    <testcase name="Equals (281)" classname="spec_perl_TestBitsByteAligned_t" time="0.000160932540893555" />
    <testcase name="Equals (282)" classname="spec_perl_TestBitsByteAligned_t" time="0.000120162963867188" />
    <testcase name="Equals (283)" classname="spec_perl_TestBitsByteAligned_t" time="0.000156879425048828" />
    <testcase name="Equals (284)" classname="spec_perl_TestBitsByteAligned_t" time="0.00012516975402832" />
    <testcase name="Equals (285)" classname="spec_perl_TestBitsByteAligned_t" time="0.000201940536499023" />
    <testcase name="Equals (286)" classname="spec_perl_TestBitsByteAligned_t" time="8.29696655273438e-05" />
    <testcase name="Equals (287)" classname="spec_perl_TestBitsByteAligned_t" time="0.000164985656738281" />
  </testsuite>
  <testsuite name="spec_perl_TestBufferedStruct_t" errors="0" failures="0" skipped="0" tests="7" time="0.0483541488647461">
    <system-out>1..7
ok 1 - Equals
ok 2 - Equals
ok 3 - Equals
ok 4 - Equals
ok 5 - Equals
ok 6 - Equals
ok 7 - Equals
</system-out>
    <testcase name="Equals (288)" classname="spec_perl_TestBufferedStruct_t" time="0.000463962554931641" />
    <testcase name="Equals (289)" classname="spec_perl_TestBufferedStruct_t" time="9.39369201660156e-05" />
    <testcase name="Equals (290)" classname="spec_perl_TestBufferedStruct_t" time="0.000154972076416016" />
    <testcase name="Equals (291)" classname="spec_perl_TestBufferedStruct_t" time="0.000146150588989258" />
    <testcase name="Equals (292)" classname="spec_perl_TestBufferedStruct_t" time="0.000146865844726562" />
    <testcase name="Equals (293)" classname="spec_perl_TestBufferedStruct_t" time="0.000137090682983398" />
    <testcase name="Equals (294)" classname="spec_perl_TestBufferedStruct_t" time="0.000156879425048828" />
  </testsuite>
  <testsuite name="spec_perl_TestIndexToParamUntil_t" errors="0" failures="2" skipped="0" tests="7" time="0.063572883605957">
    <system-out>1..7
ok 1 - Equals
ok 2 - Equals
ok 3 - Equals
ok 4 - Equals
ok 5 - Equals
not ok 6 - Equals
not ok 7 - Equals
</system-out>
    <testcase name="Equals (295)" classname="spec_perl_TestIndexToParamUntil_t" time="0.000703096389770508" />
    <testcase name="Equals (296)" classname="spec_perl_TestIndexToParamUntil_t" time="0.000502109527587891" />
    <testcase name="Equals (297)" classname="spec_perl_TestIndexToParamUntil_t" time="0.000461816787719727" />
    <testcase name="Equals (298)" classname="spec_perl_TestIndexToParamUntil_t" time="0.000440120697021484" />
    <testcase name="Equals (299)" classname="spec_perl_TestIndexToParamUntil_t" time="0.000390052795410156" />
    <testcase name="Equals (300)" classname="spec_perl_TestIndexToParamUntil_t" time="0.000458002090454102">
      <failure message="not ok 6 - Equals" type="TAP::Parser::Result::Test"></failure>
    </testcase>
    <testcase name="Equals (301)" classname="spec_perl_TestIndexToParamUntil_t" time="0.00112485885620117">
      <failure message="not ok 7 - Equals" type="TAP::Parser::Result::Test"></failure>
    </testcase>
  </testsuite>
  <testsuite name="spec_perl_TestPositionToEnd_t" errors="0" failures="0" skipped="0" tests="2" time="0.0466799736022949">
    <system-out>1..2
ok 1 - Equals
ok 2 - Equals
</system-out>
    <testcase name="Equals (302)" classname="spec_perl_TestPositionToEnd_t" time="0.000256061553955078" />
    <testcase name="Equals (303)" classname="spec_perl_TestPositionToEnd_t" time="0.000145912170410156" />
  </testsuite>
  <testsuite name="spec_perl_TestParamsPassBool_t" errors="0" failures="1" skipped="13" tests="14" time="0.0584731101989746">
    <system-out>1..14
not ok 1 - test_params_pass_bool died (Requested 2 bytes, but only 1 bytes available at ../runtime/perl/lib/IO/KaitaiStruct.pm line 338.)
ok 2 # skip test_params_pass_bool died
ok 3 # skip test_params_pass_bool died
ok 4 # skip test_params_pass_bool died
ok 5 # skip test_params_pass_bool died
ok 6 # skip test_params_pass_bool died
ok 7 # skip test_params_pass_bool died
ok 8 # skip test_params_pass_bool died
ok 9 # skip test_params_pass_bool died
ok 10 # skip test_params_pass_bool died
ok 11 # skip test_params_pass_bool died
ok 12 # skip test_params_pass_bool died
ok 13 # skip test_params_pass_bool died
ok 14 # skip test_params_pass_bool died
</system-out>
    <testcase name="test_params_pass_bool died (Requested 2 bytes, but only 1 bytes available at ../runtime/perl/lib/IO/KaitaiStruct.pm line 338.) (303)" classname="spec_perl_TestParamsPassBool_t" time="0.000320911407470703">
      <failure message="not ok 1 - test_params_pass_bool died (Requested 2 bytes, but only 1 bytes available at ../runtime/perl/lib/IO/KaitaiStruct.pm line 338.)" type="TAP::Parser::Result::Test"></failure>
    </testcase>
    <testcase name="Unnamed test case 303" classname="spec_perl_TestParamsPassBool_t" time="0.000457048416137695">
      <skipped message="ok 2 # skip test_params_pass_bool died" />
    </testcase>
    <testcase name="Unnamed test case 304" classname="spec_perl_TestParamsPassBool_t" time="0.000380039215087891">
      <skipped message="ok 3 # skip test_params_pass_bool died" />
    </testcase>
    <testcase name="Unnamed test case 305" classname="spec_perl_TestParamsPassBool_t" time="0.000407934188842773">
      <skipped message="ok 4 # skip test_params_pass_bool died" />
    </testcase>
    <testcase name="Unnamed test case 306" classname="spec_perl_TestParamsPassBool_t" time="0.000391006469726562">
      <skipped message="ok 5 # skip test_params_pass_bool died" />
    </testcase>
    <testcase name="Unnamed test case 307" classname="spec_perl_TestParamsPassBool_t" time="0.000406026840209961">
      <skipped message="ok 6 # skip test_params_pass_bool died" />
    </testcase>
    <testcase name="Unnamed test case 308" classname="spec_perl_TestParamsPassBool_t" time="0.000380992889404297">
      <skipped message="ok 7 # skip test_params_pass_bool died" />
    </testcase>
    <testcase name="Unnamed test case 309" classname="spec_perl_TestParamsPassBool_t" time="0.000403881072998047">
      <skipped message="ok 8 # skip test_params_pass_bool died" />
    </testcase>
    <testcase name="Unnamed test case 310" classname="spec_perl_TestParamsPassBool_t" time="0.000394105911254883">
      <skipped message="ok 9 # skip test_params_pass_bool died" />
    </testcase>
    <testcase name="Unnamed test case 311" classname="spec_perl_TestParamsPassBool_t" time="0.000355005264282227">
      <skipped message="ok 10 # skip test_params_pass_bool died" />
    </testcase>
    <testcase name="Unnamed test case 312" classname="spec_perl_TestParamsPassBool_t" time="0.000424861907958984">
      <skipped message="ok 11 # skip test_params_pass_bool died" />
    </testcase>
    <testcase name="Unnamed test case 313" classname="spec_perl_TestParamsPassBool_t" time="0.000405073165893555">
      <skipped message="ok 12 # skip test_params_pass_bool died" />
    </testcase>
    <testcase name="Unnamed test case 314" classname="spec_perl_TestParamsPassBool_t" time="0.000397920608520508">
      <skipped message="ok 13 # skip test_params_pass_bool died" />
    </testcase>
    <testcase name="Unnamed test case 315" classname="spec_perl_TestParamsPassBool_t" time="0.000396013259887695">
      <skipped message="ok 14 # skip test_params_pass_bool died" />
    </testcase>
  </testsuite>
  <testsuite name="spec_perl_TestImportsAbsRel_t" errors="0" failures="0" skipped="0" tests="3" time="0.0492820739746094">
    <system-out>1..3
ok 1 - Equals
ok 2 - Equals
ok 3 - Equals
</system-out>
    <testcase name="Equals (315)" classname="spec_perl_TestImportsAbsRel_t" time="0.000243186950683594" />
    <testcase name="Equals (316)" classname="spec_perl_TestImportsAbsRel_t" time="0.000113010406494141" />
    <testcase name="Equals (317)" classname="spec_perl_TestImportsAbsRel_t" time="0.000166893005371094" />
  </testsuite>
  <testsuite name="spec_perl_TestEnumInvalid_t" errors="0" failures="0" skipped="0" tests="2" time="0.0606269836425781">
    <system-out>1..2
ok 1 - Equals
ok 2 - Equals
</system-out>
    <testcase name="Equals (318)" classname="spec_perl_TestEnumInvalid_t" time="0.000281095504760742" />
    <testcase name="Equals (319)" classname="spec_perl_TestEnumInvalid_t" time="7.79628753662109e-05" />
  </testsuite>
  <testsuite name="spec_perl_TestDocstrings_t" errors="0" failures="0" skipped="1" tests="1" time="0.0476551055908203">
    <system-out>1..1
ok 1 # skip Docstrings=HASH(0x562fd29c1968)
</system-out>
    <testcase name="Unnamed test case 319" classname="spec_perl_TestDocstrings_t" time="0.000977039337158203">
      <skipped message="ok 1 # skip Docstrings=HASH(0x562fd29c1968)" />
    </testcase>
  </testsuite>
  <testsuite name="spec_perl_TestIndexToParamExpr_t" errors="0" failures="2" skipped="0" tests="7" time="0.0822379589080811">
    <system-out>1..7
ok 1 - Equals
ok 2 - Equals
ok 3 - Equals
ok 4 - Equals
ok 5 - Equals
not ok 6 - Equals
not ok 7 - Equals
</system-out>
    <testcase name="Equals (320)" classname="spec_perl_TestIndexToParamExpr_t" time="0.000332117080688477" />
    <testcase name="Equals (321)" classname="spec_perl_TestIndexToParamExpr_t" time="0.000411033630371094" />
    <testcase name="Equals (322)" classname="spec_perl_TestIndexToParamExpr_t" time="0.000545978546142578" />
    <testcase name="Equals (323)" classname="spec_perl_TestIndexToParamExpr_t" time="0.000392913818359375" />
    <testcase name="Equals (324)" classname="spec_perl_TestIndexToParamExpr_t" time="0.000514984130859375" />
    <testcase name="Equals (325)" classname="spec_perl_TestIndexToParamExpr_t" time="0.00053715705871582">
      <failure message="not ok 6 - Equals" type="TAP::Parser::Result::Test"></failure>
    </testcase>
    <testcase name="Equals (326)" classname="spec_perl_TestIndexToParamExpr_t" time="0.00128793716430664">
      <failure message="not ok 7 - Equals" type="TAP::Parser::Result::Test"></failure>
    </testcase>
  </testsuite>
  <testsuite name="spec_perl_TestEnumImport_t" errors="0" failures="2" skipped="0" tests="2" time="0.056649923324585">
    <system-out>1..2
not ok 1 - Equals
not ok 2 - Equals
</system-out>
    <testcase name="Equals (327)" classname="spec_perl_TestEnumImport_t" time="0.000133991241455078">
      <failure message="not ok 1 - Equals" type="TAP::Parser::Result::Test"></failure>
    </testcase>
    <testcase name="Equals (328)" classname="spec_perl_TestEnumImport_t" time="8.58306884765625e-05">
      <failure message="not ok 2 - Equals" type="TAP::Parser::Result::Test"></failure>
    </testcase>
  </testsuite>
  <testsuite name="spec_perl_TestSwitchManualIntSizeElse_t" errors="0" failures="0" skipped="0" tests="10" time="0.0524189472198486">
    <system-out>1..10
ok 1 - Equals
ok 2 - Equals
ok 3 - Equals
ok 4 - Equals
ok 5 - Equals
ok 6 - Equals
ok 7 - Equals
ok 8 - Equals
ok 9 - Equals
ok 10 - Equals
</system-out>
    <testcase name="Equals (329)" classname="spec_perl_TestSwitchManualIntSizeElse_t" time="0.000576972961425781" />
    <testcase name="Equals (330)" classname="spec_perl_TestSwitchManualIntSizeElse_t" time="8.20159912109375e-05" />
    <testcase name="Equals (331)" classname="spec_perl_TestSwitchManualIntSizeElse_t" time="0.000150203704833984" />
    <testcase name="Equals (332)" classname="spec_perl_TestSwitchManualIntSizeElse_t" time="0.000146865844726562" />
    <testcase name="Equals (333)" classname="spec_perl_TestSwitchManualIntSizeElse_t" time="0.00014495849609375" />
    <testcase name="Equals (334)" classname="spec_perl_TestSwitchManualIntSizeElse_t" time="0.000153064727783203" />
    <testcase name="Equals (335)" classname="spec_perl_TestSwitchManualIntSizeElse_t" time="0.000139951705932617" />
    <testcase name="Equals (336)" classname="spec_perl_TestSwitchManualIntSizeElse_t" time="0.000159025192260742" />
    <testcase name="Equals (337)" classname="spec_perl_TestSwitchManualIntSizeElse_t" time="0.000132083892822266" />
    <testcase name="Equals (338)" classname="spec_perl_TestSwitchManualIntSizeElse_t" time="0.000162839889526367" />
  </testsuite>
  <testsuite name="spec_perl_TestRepeatUntilComplex_t" errors="0" failures="0" skipped="0" tests="15" time="0.0489349365234375">
    <system-out>1..15
ok 1 - Equals
ok 2 - Equals
ok 3 - Equals
ok 4 - Equals
ok 5 - Equals
ok 6 - Equals
ok 7 - Equals
ok 8 - Equals
ok 9 - Equals
ok 10 - Equals
ok 11 - Equals
ok 12 - Equals
ok 13 - Equals
ok 14 - Equals
ok 15 - Equals
</system-out>
    <testcase name="Equals (339)" classname="spec_perl_TestRepeatUntilComplex_t" time="0.000298023223876953" />
    <testcase name="Equals (340)" classname="spec_perl_TestRepeatUntilComplex_t" time="0.000123977661132812" />
    <testcase name="Equals (341)" classname="spec_perl_TestRepeatUntilComplex_t" time="0.000151157379150391" />
    <testcase name="Equals (342)" classname="spec_perl_TestRepeatUntilComplex_t" time="0.000159978866577148" />
    <testcase name="Equals (343)" classname="spec_perl_TestRepeatUntilComplex_t" time="0.000115871429443359" />
    <testcase name="Equals (344)" classname="spec_perl_TestRepeatUntilComplex_t" time="0.000162124633789062" />
    <testcase name="Equals (345)" classname="spec_perl_TestRepeatUntilComplex_t" time="0.000154018402099609" />
    <testcase name="Equals (346)" classname="spec_perl_TestRepeatUntilComplex_t" time="0.000154972076416016" />
    <testcase name="Equals (347)" classname="spec_perl_TestRepeatUntilComplex_t" time="0.000128984451293945" />
    <testcase name="Equals (348)" classname="spec_perl_TestRepeatUntilComplex_t" time="0.000156879425048828" />
    <testcase name="Equals (349)" classname="spec_perl_TestRepeatUntilComplex_t" time="0.000133037567138672" />
    <testcase name="Equals (350)" classname="spec_perl_TestRepeatUntilComplex_t" time="0.000161170959472656" />
    <testcase name="Equals (351)" classname="spec_perl_TestRepeatUntilComplex_t" time="0.000126838684082031" />
    <testcase name="Equals (352)" classname="spec_perl_TestRepeatUntilComplex_t" time="0.000159978866577148" />
    <testcase name="Equals (353)" classname="spec_perl_TestRepeatUntilComplex_t" time="0.000149011611938477" />
  </testsuite>
  <testsuite name="spec_perl_TestNonStandard_t" errors="0" failures="0" skipped="0" tests="1" time="0.0475518703460693">
    <system-out>1..1
ok 1 - Equals
</system-out>
    <testcase name="Equals (354)" classname="spec_perl_TestNonStandard_t" time="0.000247001647949219" />
  </testsuite>
  <testsuite name="spec_perl_TestNavParent3_t" errors="0" failures="0" skipped="0" tests="10" time="0.0543999671936035">
    <system-out>1..10
ok 1 - Equals
ok 2 - Equals
ok 3 - Equals
ok 4 - Equals
ok 5 - Equals
ok 6 - Equals
ok 7 - Equals
ok 8 - Equals
ok 9 - Equals
ok 10 - Equals
</system-out>
    <testcase name="Equals (355)" classname="spec_perl_TestNavParent3_t" time="0.000248908996582031" />
    <testcase name="Equals (356)" classname="spec_perl_TestNavParent3_t" time="9.60826873779297e-05" />
    <testcase name="Equals (357)" classname="spec_perl_TestNavParent3_t" time="0.000241994857788086" />
    <testcase name="Equals (358)" classname="spec_perl_TestNavParent3_t" time="0.000123023986816406" />
    <testcase name="Equals (359)" classname="spec_perl_TestNavParent3_t" time="0.000174999237060547" />
    <testcase name="Equals (360)" classname="spec_perl_TestNavParent3_t" time="0.000195026397705078" />
    <testcase name="Equals (361)" classname="spec_perl_TestNavParent3_t" time="0.000145912170410156" />
    <testcase name="Equals (362)" classname="spec_perl_TestNavParent3_t" time="0.000143051147460938" />
    <testcase name="Equals (363)" classname="spec_perl_TestNavParent3_t" time="0.000176906585693359" />
    <testcase name="Equals (364)" classname="spec_perl_TestNavParent3_t" time="0.000196218490600586" />
  </testsuite>
  <testsuite name="spec_perl_TestDebugEnumName_t" errors="1" failures="0" skipped="0" tests="0" time="0.0491340160369873">
    <system-out></system-out>
    <testcase name="Test died too soon, even before plan. (364)" classname="spec_perl_TestDebugEnumName_t" time="0.0491340160369873">
      <failure message="The test suite died before a plan was produced. You need to have a plan." type="Plan">No plan</failure>
    </testcase>
  </testsuite>
  <testsuite name="spec_perl_TestExpr0_t" errors="0" failures="0" skipped="0" tests="2" time="0.0465421676635742">
    <system-out>1..2
ok 1 - Equals
ok 2 - Equals
</system-out>
    <testcase name="Equals (365)" classname="spec_perl_TestExpr0_t" time="0.000242948532104492" />
    <testcase name="Equals (366)" classname="spec_perl_TestExpr0_t" time="0.000129938125610352" />
  </testsuite>
  <testsuite name="spec_perl_TestYamlInts_t" errors="0" failures="0" skipped="0" tests="4" time="0.0481629371643066">
    <system-out>1..4
ok 1 - Equals
ok 2 - Equals
ok 3 - Equals
ok 4 - Equals
</system-out>
    <testcase name="Equals (367)" classname="spec_perl_TestYamlInts_t" time="0.000257968902587891" />
    <testcase name="Equals (368)" classname="spec_perl_TestYamlInts_t" time="0.000146865844726562" />
    <testcase name="Equals (369)" classname="spec_perl_TestYamlInts_t" time="0.000167131423950195" />
    <testcase name="Equals (370)" classname="spec_perl_TestYamlInts_t" time="0.000174045562744141" />
  </testsuite>
  <testsuite name="spec_perl_TestExprSizeofType0_t" errors="0" failures="0" skipped="0" tests="1" time="0.0534391403198242">
    <system-out>1..1
ok 1 - Equals
</system-out>
    <testcase name="Equals (371)" classname="spec_perl_TestExprSizeofType0_t" time="0.000259160995483398" />
  </testsuite>
  <testsuite name="spec_perl_TestEnumDeep_t" errors="0" failures="0" skipped="0" tests="2" time="0.0569400787353516">
    <system-out>1..2
ok 1 - Equals
ok 2 - Equals
</system-out>
    <testcase name="Equals (372)" classname="spec_perl_TestEnumDeep_t" time="0.000238895416259766" />
    <testcase name="Equals (373)" classname="spec_perl_TestEnumDeep_t" time="8.20159912109375e-05" />
  </testsuite>
  <testsuite name="spec_perl_TestProcessXorConst_t" errors="0" failures="0" skipped="0" tests="2" time="0.0466849803924561">
    <system-out>1..2
ok 1 - Equals
ok 2 - Equals
</system-out>
    <testcase name="Equals (374)" classname="spec_perl_TestProcessXorConst_t" time="0.000261068344116211" />
    <testcase name="Equals (375)" classname="spec_perl_TestProcessXorConst_t" time="0.000129938125610352" />
  </testsuite>
  <testsuite name="spec_perl_TestNavParentFalse2_t" errors="0" failures="0" skipped="0" tests="1" time="0.0489709377288818">
    <system-out>1..1
ok 1 - Equals
</system-out>
    <testcase name="Equals (376)" classname="spec_perl_TestNavParentFalse2_t" time="0.000257968902587891" />
  </testsuite>
  <testsuite name="spec_perl_TestExprCalcArrayOps_t" errors="0" failures="0" skipped="0" tests="18" time="0.0588259696960449">
    <system-out>1..18
ok 1 - Equals
ok 2 - Equals
ok 3 - Equals
ok 4 - Equals
ok 5 - Equals
ok 6 - Equals
ok 7 - Equals
ok 8 - Approx equals
ok 9 - Approx equals
ok 10 - Approx equals
ok 11 - Approx equals
ok 12 - Approx equals
ok 13 - Equals
ok 14 - Equals
ok 15 - Equals
ok 16 - Equals
ok 17 - Equals
ok 18 - Equals
</system-out>
    <testcase name="Equals (377)" classname="spec_perl_TestExprCalcArrayOps_t" time="0.000260114669799805" />
    <testcase name="Equals (378)" classname="spec_perl_TestExprCalcArrayOps_t" time="0.000136852264404297" />
    <testcase name="Equals (379)" classname="spec_perl_TestExprCalcArrayOps_t" time="0.000169992446899414" />
    <testcase name="Equals (380)" classname="spec_perl_TestExprCalcArrayOps_t" time="0.000178098678588867" />
    <testcase name="Equals (381)" classname="spec_perl_TestExprCalcArrayOps_t" time="0.00018000602722168" />
    <testcase name="Equals (382)" classname="spec_perl_TestExprCalcArrayOps_t" time="0.000171899795532227" />
    <testcase name="Equals (383)" classname="spec_perl_TestExprCalcArrayOps_t" time="0.00018000602722168" />
    <testcase name="Approx equals (383)" classname="spec_perl_TestExprCalcArrayOps_t" time="6.41345977783203e-05" />
    <testcase name="Approx equals (384)" classname="spec_perl_TestExprCalcArrayOps_t" time="7.58171081542969e-05" />
    <testcase name="Approx equals (385)" classname="spec_perl_TestExprCalcArrayOps_t" time="8.51154327392578e-05" />
    <testcase name="Approx equals (386)" classname="spec_perl_TestExprCalcArrayOps_t" time="7.20024108886719e-05" />
    <testcase name="Approx equals (387)" classname="spec_perl_TestExprCalcArrayOps_t" time="8.10623168945312e-05" />
    <testcase name="Equals (387)" classname="spec_perl_TestExprCalcArrayOps_t" time="0.000195026397705078" />
    <testcase name="Equals (388)" classname="spec_perl_TestExprCalcArrayOps_t" time="0.000176906585693359" />
    <testcase name="Equals (389)" classname="spec_perl_TestExprCalcArrayOps_t" time="0.000160932540893555" />
    <testcase name="Equals (390)" classname="spec_perl_TestExprCalcArrayOps_t" time="0.000185012817382812" />
    <testcase name="Equals (391)" classname="spec_perl_TestExprCalcArrayOps_t" time="0.00017094612121582" />
    <testcase name="Equals (392)" classname="spec_perl_TestExprCalcArrayOps_t" time="0.000174045562744141" />
  </testsuite>
  <testsuite name="spec_perl_TestCombineBool_t" errors="0" failures="0" skipped="0" tests="2" time="0.0467219352722168">
    <system-out>1..2
ok 1 - Equals
ok 2 - Equals
</system-out>
    <testcase name="Equals (393)" classname="spec_perl_TestCombineBool_t" time="0.000239133834838867" />
    <testcase name="Equals (394)" classname="spec_perl_TestCombineBool_t" time="9.29832458496094e-05" />
  </testsuite>
  <testsuite name="spec_perl_TestStrPadTerm_t" errors="0" failures="0" skipped="0" tests="4" time="0.0505309104919434">
    <system-out>1..4
ok 1 - Equals
ok 2 - Equals
ok 3 - Equals
ok 4 - Equals
</system-out>
    <testcase name="Equals (395)" classname="spec_perl_TestStrPadTerm_t" time="0.000300884246826172" />
    <testcase name="Equals (396)" classname="spec_perl_TestStrPadTerm_t" time="0.00011897087097168" />
    <testcase name="Equals (397)" classname="spec_perl_TestStrPadTerm_t" time="0.000156164169311523" />
    <testcase name="Equals (398)" classname="spec_perl_TestStrPadTerm_t" time="0.00014495849609375" />
  </testsuite>
  <testsuite name="spec_perl_TestEnumIntRangeU_t" errors="0" failures="0" skipped="0" tests="2" time="0.0539450645446777">
    <system-out>1..2
ok 1 - Equals
ok 2 - Equals
</system-out>
    <testcase name="Equals (399)" classname="spec_perl_TestEnumIntRangeU_t" time="0.000239849090576172" />
    <testcase name="Equals (400)" classname="spec_perl_TestEnumIntRangeU_t" time="8.32080841064453e-05" />
  </testsuite>
  <testsuite name="spec_perl_TestBitsShiftByB64Le_t" errors="0" failures="0" skipped="0" tests="2" time="0.0469889640808105">
    <system-out>1..2
ok 1 - Equals
ok 2 - Equals
</system-out>
    <testcase name="Equals (401)" classname="spec_perl_TestBitsShiftByB64Le_t" time="0.000244855880737305" />
    <testcase name="Equals (402)" classname="spec_perl_TestBitsShiftByB64Le_t" time="0.000133037567138672" />
  </testsuite>
  <testsuite name="spec_perl_TestProcessRepeatUsertype_t" errors="0" failures="0" skipped="0" tests="4" time="0.0476779937744141">
    <system-out>1..4
ok 1 - Equals
ok 2 - Equals
ok 3 - Equals
ok 4 - Equals
</system-out>
    <testcase name="Equals (403)" classname="spec_perl_TestProcessRepeatUsertype_t" time="0.000499963760375977" />
    <testcase name="Equals (404)" classname="spec_perl_TestProcessRepeatUsertype_t" time="7.70092010498047e-05" />
    <testcase name="Equals (405)" classname="spec_perl_TestProcessRepeatUsertype_t" time="0.000175952911376953" />
    <testcase name="Equals (406)" classname="spec_perl_TestProcessRepeatUsertype_t" time="0.0001220703125" />
  </testsuite>
  <testsuite name="spec_perl_TestSwitchManualEnumInvalid_t" errors="0" failures="0" skipped="0" tests="5" time="0.0504860877990723">
    <system-out>1..5
ok 1 - Equals
ok 2 - Equals
ok 3 - nil
ok 4 - Equals
ok 5 - nil
</system-out>
    <testcase name="Equals (407)" classname="spec_perl_TestSwitchManualEnumInvalid_t" time="0.000249147415161133" />
    <testcase name="Equals (408)" classname="spec_perl_TestSwitchManualEnumInvalid_t" time="0.000139951705932617" />
    <testcase name="nil (408)" classname="spec_perl_TestSwitchManualEnumInvalid_t" time="6.79492950439453e-05" />
    <testcase name="Equals (409)" classname="spec_perl_TestSwitchManualEnumInvalid_t" time="0.00014495849609375" />
    <testcase name="nil (409)" classname="spec_perl_TestSwitchManualEnumInvalid_t" time="6.00814819335938e-05" />
  </testsuite>
  <testsuite name="spec_perl_TestCastNested_t" errors="0" failures="0" skipped="0" tests="4" time="0.0507800579071045">
    <system-out>1..4
ok 1 - Equals
ok 2 - Equals
ok 3 - Equals
ok 4 - Equals
</system-out>
    <testcase name="Equals (410)" classname="spec_perl_TestCastNested_t" time="0.000312089920043945" />
    <testcase name="Equals (411)" classname="spec_perl_TestCastNested_t" time="0.000127077102661133" />
    <testcase name="Equals (412)" classname="spec_perl_TestCastNested_t" time="0.000149011611938477" />
    <testcase name="Equals (413)" classname="spec_perl_TestCastNested_t" time="0.000146865844726562" />
  </testsuite>
  <testsuite name="spec_perl_TestUserType_t" errors="0" failures="0" skipped="0" tests="2" time="0.0494508743286133">
    <system-out>1..2
ok 1 - Equals
ok 2 - Equals
</system-out>
    <testcase name="Equals (414)" classname="spec_perl_TestUserType_t" time="0.000267982482910156" />
    <testcase name="Equals (415)" classname="spec_perl_TestUserType_t" time="9.60826873779297e-05" />
  </testsuite>
  <testsuite name="spec_perl_TestBitsUnalignedB32Le_t" errors="0" failures="0" skipped="0" tests="3" time="0.0470240116119385">
    <system-out>1..3
ok 1 - Equals
ok 2 - Equals
ok 3 - Equals
</system-out>
    <testcase name="Equals (416)" classname="spec_perl_TestBitsUnalignedB32Le_t" time="0.000220060348510742" />
    <testcase name="Equals (417)" classname="spec_perl_TestBitsUnalignedB32Le_t" time="0.000129938125610352" />
    <testcase name="Equals (418)" classname="spec_perl_TestBitsUnalignedB32Le_t" time="0.000159025192260742" />
  </testsuite>
  <testsuite name="spec_perl_TestProcessXor4Value_t" errors="0" failures="0" skipped="0" tests="2" time="0.0485758781433105">
    <system-out>1..2
ok 1 - Equals
ok 2 - Equals
</system-out>
    <testcase name="Equals (419)" classname="spec_perl_TestProcessXor4Value_t" time="0.000260829925537109" />
    <testcase name="Equals (420)" classname="spec_perl_TestProcessXor4Value_t" time="0.000121116638183594" />
  </testsuite>
  <testsuite name="spec_perl_TestRepeatNStruct_t" errors="0" failures="0" skipped="0" tests="5" time="0.0472400188446045">
    <system-out>1..5
ok 1 - Equals
ok 2 - Equals
ok 3 - Equals
ok 4 - Equals
ok 5 - Equals
</system-out>
    <testcase name="Equals (421)" classname="spec_perl_TestRepeatNStruct_t" time="0.000250101089477539" />
    <testcase name="Equals (422)" classname="spec_perl_TestRepeatNStruct_t" time="0.000132083892822266" />
    <testcase name="Equals (423)" classname="spec_perl_TestRepeatNStruct_t" time="0.000156879425048828" />
    <testcase name="Equals (424)" classname="spec_perl_TestRepeatNStruct_t" time="0.000131130218505859" />
    <testcase name="Equals (425)" classname="spec_perl_TestRepeatNStruct_t" time="0.000158786773681641" />
  </testsuite>
  <testsuite name="spec_perl_TestDefaultBigEndian_t" errors="0" failures="0" skipped="0" tests="1" time="0.0579319000244141">
    <system-out>1..1
ok 1 - Equals
</system-out>
    <testcase name="Equals (426)" classname="spec_perl_TestDefaultBigEndian_t" time="0.000265121459960938" />
  </testsuite>
[...]
  </testsuite>
  <testsuite name="spec_perl_TestEnumIntRangeS_t" errors="0" failures="0" skipped="0" tests="3" time="0.0639598369598389">
    <system-out>1..3
ok 1 - Equals
ok 2 - Equals
ok 3 - Equals
</system-out>
    <testcase name="Equals (835)" classname="spec_perl_TestEnumIntRangeS_t" time="0.000255107879638672" />
    <testcase name="Equals (836)" classname="spec_perl_TestEnumIntRangeS_t" time="0.000130891799926758" />
    <testcase name="Equals (837)" classname="spec_perl_TestEnumIntRangeS_t" time="0.000117063522338867" />
  </testsuite>
  <testsuite name="spec_perl_TestIndexToParamEos_t" errors="0" failures="2" skipped="0" tests="7" time="0.0587699413299561">
    <system-out>1..7
ok 1 - Equals
ok 2 - Equals
ok 3 - Equals
ok 4 - Equals
ok 5 - Equals
not ok 6 - Equals
not ok 7 - Equals
</system-out>
    <testcase name="Equals (838)" classname="spec_perl_TestIndexToParamEos_t" time="0.00671505928039551" />
    <testcase name="Equals (839)" classname="spec_perl_TestIndexToParamEos_t" time="7.60555267333984e-05" />
    <testcase name="Equals (840)" classname="spec_perl_TestIndexToParamEos_t" time="0.000140905380249023" />
    <testcase name="Equals (841)" classname="spec_perl_TestIndexToParamEos_t" time="5.00679016113281e-05" />
    <testcase name="Equals (842)" classname="spec_perl_TestIndexToParamEos_t" time="3.79085540771484e-05" />
    <testcase name="Equals (843)" classname="spec_perl_TestIndexToParamEos_t" time="0.0001220703125">
      <failure message="not ok 6 - Equals" type="TAP::Parser::Result::Test"></failure>
    </testcase>
    <testcase name="Equals (844)" classname="spec_perl_TestIndexToParamEos_t" time="4.38690185546875e-05">
      <failure message="not ok 7 - Equals" type="TAP::Parser::Result::Test"></failure>
    </testcase>
  </testsuite>
  <testsuite name="spec_perl_TestDefaultBitEndianMod_t" errors="0" failures="0" skipped="0" tests="4" time="0.0482861995697021">
    <system-out>1..4
ok 1 - Equals
ok 2 - Equals
ok 3 - Equals
ok 4 - Equals
</system-out>
    <testcase name="Equals (845)" classname="spec_perl_TestDefaultBitEndianMod_t" time="0.000279903411865234" />
    <testcase name="Equals (846)" classname="spec_perl_TestDefaultBitEndianMod_t" time="7.39097595214844e-05" />
    <testcase name="Equals (847)" classname="spec_perl_TestDefaultBitEndianMod_t" time="0.000348091125488281" />
    <testcase name="Equals (848)" classname="spec_perl_TestDefaultBitEndianMod_t" time="0.00014805793762207" />
  </testsuite>
  <testsuite name="spec_perl_TestExprSizeofValueSized_t" errors="0" failures="0" skipped="0" tests="5" time="0.0497760772705078">
    <system-out>1..5
ok 1 - Equals
ok 2 - Equals
ok 3 - Equals
ok 4 - Equals
ok 5 - Equals
</system-out>
    <testcase name="Equals (849)" classname="spec_perl_TestExprSizeofValueSized_t" time="0.000480890274047852" />
    <testcase name="Equals (850)" classname="spec_perl_TestExprSizeofValueSized_t" time="8.60691070556641e-05" />
    <testcase name="Equals (851)" classname="spec_perl_TestExprSizeofValueSized_t" time="0.000152826309204102" />
    <testcase name="Equals (852)" classname="spec_perl_TestExprSizeofValueSized_t" time="0.000147104263305664" />
    <testcase name="Equals (853)" classname="spec_perl_TestExprSizeofValueSized_t" time="0.000147104263305664" />
  </testsuite>
  <testsuite name="spec_perl_TestProcessToUser_t" errors="0" failures="0" skipped="0" tests="1" time="0.0503518581390381">
    <system-out>1..1
ok 1 - Equals
</system-out>
    <testcase name="Equals (854)" classname="spec_perl_TestProcessToUser_t" time="0.000473976135253906" />
  </testsuite>
  <testsuite name="spec_perl_TestProcessRepeatBytes_t" errors="0" failures="0" skipped="0" tests="2" time="0.0564260482788086">
    <system-out>1..2
ok 1 - Equals
ok 2 - Equals
</system-out>
    <testcase name="Equals (855)" classname="spec_perl_TestProcessRepeatBytes_t" time="0.000259160995483398" />
    <testcase name="Equals (856)" classname="spec_perl_TestProcessRepeatBytes_t" time="9.08374786376953e-05" />
  </testsuite>
  <testsuite name="spec_perl_TestParamsCallShort_t" errors="0" failures="3" skipped="0" tests="3" time="0.0616497993469238">
    <system-out>1..3
not ok 1 - Equals
not ok 2 - Equals
not ok 3 - Equals
</system-out>
    <testcase name="Equals (857)" classname="spec_perl_TestParamsCallShort_t" time="0.000463962554931641">
      <failure message="not ok 1 - Equals" type="TAP::Parser::Result::Test"></failure>
    </testcase>
    <testcase name="Equals (858)" classname="spec_perl_TestParamsCallShort_t" time="0.00121092796325684">
      <failure message="not ok 2 - Equals" type="TAP::Parser::Result::Test"></failure>
    </testcase>
    <testcase name="Equals (859)" classname="spec_perl_TestParamsCallShort_t" time="0.00101709365844727">
      <failure message="not ok 3 - Equals" type="TAP::Parser::Result::Test"></failure>
    </testcase>
  </testsuite>
  <testsuite name="spec_perl_TestImports0_t" errors="0" failures="0" skipped="0" tests="3" time="0.0494170188903809">
    <system-out>1..3
ok 1 - Equals
ok 2 - Equals
ok 3 - Equals
</system-out>
    <testcase name="Equals (860)" classname="spec_perl_TestImports0_t" time="0.000259876251220703" />
    <testcase name="Equals (861)" classname="spec_perl_TestImports0_t" time="0.000113964080810547" />
    <testcase name="Equals (862)" classname="spec_perl_TestImports0_t" time="0.00018000602722168" />
  </testsuite>
  <testsuite name="spec_perl_TestHelloWorld_t" errors="0" failures="0" skipped="0" tests="1" time="0.0498569011688232">
    <system-out>1..1
ok 1 - Equals
</system-out>
    <testcase name="Equals (863)" classname="spec_perl_TestHelloWorld_t" time="0.000226974487304688" />
  </testsuite>
  <testsuite name="spec_perl_TestBitsSeqEndianCombo_t" errors="0" failures="0" skipped="0" tests="8" time="0.0478179454803467">
    <system-out>1..8
ok 1 - Equals
ok 2 - Equals
ok 3 - Equals
ok 4 - Equals
ok 5 - Equals
ok 6 - Equals
ok 7 - Equals
ok 8 - Equals
</system-out>
    <testcase name="Equals (864)" classname="spec_perl_TestBitsSeqEndianCombo_t" time="0.000271081924438477" />
    <testcase name="Equals (865)" classname="spec_perl_TestBitsSeqEndianCombo_t" time="0.000104904174804688" />
    <testcase name="Equals (866)" classname="spec_perl_TestBitsSeqEndianCombo_t" time="0.000169992446899414" />
    <testcase name="Equals (867)" classname="spec_perl_TestBitsSeqEndianCombo_t" time="0.000141143798828125" />
    <testcase name="Equals (868)" classname="spec_perl_TestBitsSeqEndianCombo_t" time="0.000148773193359375" />
    <testcase name="Equals (869)" classname="spec_perl_TestBitsSeqEndianCombo_t" time="0.000130176544189453" />
    <testcase name="Equals (870)" classname="spec_perl_TestBitsSeqEndianCombo_t" time="0.000164985656738281" />
    <testcase name="Equals (871)" classname="spec_perl_TestBitsSeqEndianCombo_t" time="0.000113964080810547" />
  </testsuite>
  <testsuite name="spec_perl_TestNavParentOverride_t" errors="0" failures="0" skipped="0" tests="3" time="0.0504539012908936">
    <system-out>1..3
ok 1 - Equals
ok 2 - Equals
ok 3 - Equals
</system-out>
    <testcase name="Equals (872)" classname="spec_perl_TestNavParentOverride_t" time="0.000257015228271484" />
    <testcase name="Equals (873)" classname="spec_perl_TestNavParentOverride_t" time="0.000135183334350586" />
    <testcase name="Equals (874)" classname="spec_perl_TestNavParentOverride_t" time="0.000178813934326172" />
  </testsuite>
  <testsuite name="spec_perl_TestExprBytesLiteral_t" errors="1" failures="0" skipped="0" tests="0" time="0.0567340850830078">
    <system-out></system-out>
    <testcase name="Test died too soon, even before plan. (874)" classname="spec_perl_TestExprBytesLiteral_t" time="0.0567340850830078">
      <failure message="The test suite died before a plan was produced. You need to have a plan." type="Plan">No plan</failure>
    </testcase>
  </testsuite>
  <testsuite name="spec_perl_TestTermU1Val_t" errors="0" failures="0" skipped="0" tests="2" time="0.04994797706604">
    <system-out>1..2
ok 1 - Equals
ok 2 - Equals
</system-out>
    <testcase name="Equals (875)" classname="spec_perl_TestTermU1Val_t" time="0.000303030014038086" />
    <testcase name="Equals (876)" classname="spec_perl_TestTermU1Val_t" time="0.000119924545288086" />
  </testsuite>
  <testsuite name="spec_perl_TestSwitchElseOnly_t" errors="0" failures="0" skipped="0" tests="3" time="0.0469539165496826">
    <system-out>1..3
ok 1 - Equals
ok 2 - Equals
ok 3 - Equals
</system-out>
    <testcase name="Equals (877)" classname="spec_perl_TestSwitchElseOnly_t" time="0.000249862670898438" />
    <testcase name="Equals (878)" classname="spec_perl_TestSwitchElseOnly_t" time="9.79900360107422e-05" />
    <testcase name="Equals (879)" classname="spec_perl_TestSwitchElseOnly_t" time="0.00015711784362793" />
  </testsuite>
  <testsuite name="spec_perl_TestIfInstances_t" errors="0" failures="0" skipped="0" tests="1" time="0.0489640235900879">
    <system-out>1..1
ok 1 - nil
</system-out>
    <testcase name="nil (879)" classname="spec_perl_TestIfInstances_t" time="0.000156879425048828" />
  </testsuite>
  <testsuite name="spec_perl_TestNavParentSwitch_t" errors="0" failures="0" skipped="0" tests="3" time="0.0500130653381348">
    <system-out>1..3
ok 1 - Equals
ok 2 - Equals
ok 3 - Equals
</system-out>
    <testcase name="Equals (880)" classname="spec_perl_TestNavParentSwitch_t" time="0.000252962112426758" />
    <testcase name="Equals (881)" classname="spec_perl_TestNavParentSwitch_t" time="0.000111103057861328" />
    <testcase name="Equals (882)" classname="spec_perl_TestNavParentSwitch_t" time="0.000169992446899414" />
  </testsuite>
  <testsuite name="spec_perl_TestExprSizeofValue0_t" errors="0" failures="0" skipped="0" tests="5" time="0.0500550270080566">
    <system-out>1..5
ok 1 - Equals
ok 2 - Equals
ok 3 - Equals
ok 4 - Equals
ok 5 - Equals
</system-out>
    <testcase name="Equals (883)" classname="spec_perl_TestExprSizeofValue0_t" time="0.000257015228271484" />
    <testcase name="Equals (884)" classname="spec_perl_TestExprSizeofValue0_t" time="0.000102043151855469" />
    <testcase name="Equals (885)" classname="spec_perl_TestExprSizeofValue0_t" time="0.000172853469848633" />
    <testcase name="Equals (886)" classname="spec_perl_TestExprSizeofValue0_t" time="0.000144004821777344" />
    <testcase name="Equals (887)" classname="spec_perl_TestExprSizeofValue0_t" time="0.000166177749633789" />
  </testsuite>
  <testsuite name="spec_perl_TestSwitchManualInt_t" errors="0" failures="0" skipped="0" tests="9" time="0.0514400005340576">
    <system-out>1..9
ok 1 - Equals
ok 2 - Equals
ok 3 - Equals
ok 4 - Equals
ok 5 - Equals
ok 6 - Equals
ok 7 - Equals
ok 8 - Equals
ok 9 - Equals
</system-out>
    <testcase name="Equals (888)" classname="spec_perl_TestSwitchManualInt_t" time="0.000313043594360352" />
    <testcase name="Equals (889)" classname="spec_perl_TestSwitchManualInt_t" time="0.000106096267700195" />
    <testcase name="Equals (890)" classname="spec_perl_TestSwitchManualInt_t" time="0.000161886215209961" />
    <testcase name="Equals (891)" classname="spec_perl_TestSwitchManualInt_t" time="0.000133991241455078" />
    <testcase name="Equals (892)" classname="spec_perl_TestSwitchManualInt_t" time="0.00014805793762207" />
    <testcase name="Equals (893)" classname="spec_perl_TestSwitchManualInt_t" time="0.000151872634887695" />
    <testcase name="Equals (894)" classname="spec_perl_TestSwitchManualInt_t" time="0.000146150588989258" />
    <testcase name="Equals (895)" classname="spec_perl_TestSwitchManualInt_t" time="0.000154972076416016" />
    <testcase name="Equals (896)" classname="spec_perl_TestSwitchManualInt_t" time="0.00014185905456543" />
  </testsuite>
  <testsuite name="spec_perl_TestSwitchMultiBoolOps_t" errors="0" failures="0" skipped="0" tests="9" time="0.0481090545654297">
    <system-out>1..9
ok 1 - Equals
ok 2 - Equals
ok 3 - Equals
ok 4 - Equals
ok 5 - Equals
ok 6 - Equals
ok 7 - Equals
ok 8 - Equals
ok 9 - Equals
</system-out>
    <testcase name="Equals (897)" classname="spec_perl_TestSwitchMultiBoolOps_t" time="0.000268936157226562" />
    <testcase name="Equals (898)" classname="spec_perl_TestSwitchMultiBoolOps_t" time="9.39369201660156e-05" />
    <testcase name="Equals (899)" classname="spec_perl_TestSwitchMultiBoolOps_t" time="0.000159025192260742" />
    <testcase name="Equals (900)" classname="spec_perl_TestSwitchMultiBoolOps_t" time="0.00014805793762207" />
    <testcase name="Equals (901)" classname="spec_perl_TestSwitchMultiBoolOps_t" time="0.000125885009765625" />
    <testcase name="Equals (902)" classname="spec_perl_TestSwitchMultiBoolOps_t" time="0.000163078308105469" />
    <testcase name="Equals (903)" classname="spec_perl_TestSwitchMultiBoolOps_t" time="0.000143051147460938" />
    <testcase name="Equals (904)" classname="spec_perl_TestSwitchMultiBoolOps_t" time="0.000164985656738281" />
    <testcase name="Equals (905)" classname="spec_perl_TestSwitchMultiBoolOps_t" time="0.000124931335449219" />
  </testsuite>
  <testsuite name="spec_perl_TestNavParentSwitchCast_t" errors="0" failures="0" skipped="0" tests="3" time="0.0497829914093018">
    <system-out>1..3
ok 1 - Equals
ok 2 - Equals
ok 3 - Equals
</system-out>
    <testcase name="Equals (906)" classname="spec_perl_TestNavParentSwitchCast_t" time="0.000501155853271484" />
    <testcase name="Equals (907)" classname="spec_perl_TestNavParentSwitchCast_t" time="0.000139951705932617" />
    <testcase name="Equals (908)" classname="spec_perl_TestNavParentSwitchCast_t" time="0.000169038772583008" />
  </testsuite>
  <testsuite name="spec_perl_TestSwitchIntegers2_t" errors="0" failures="0" skipped="0" tests="5" time="0.047199010848999">
    <system-out>1..5
ok 1 - Equals
ok 2 - Equals
ok 3 - Equals
ok 4 - Equals
ok 5 - Equals
</system-out>
    <testcase name="Equals (909)" classname="spec_perl_TestSwitchIntegers2_t" time="0.00023198127746582" />
    <testcase name="Equals (910)" classname="spec_perl_TestSwitchIntegers2_t" time="0.000144004821777344" />
    <testcase name="Equals (911)" classname="spec_perl_TestSwitchIntegers2_t" time="0.000161886215209961" />
    <testcase name="Equals (912)" classname="spec_perl_TestSwitchIntegers2_t" time="0.000124216079711914" />
    <testcase name="Equals (913)" classname="spec_perl_TestSwitchIntegers2_t" time="0.0001678466796875" />
  </testsuite>
  <testsuite name="spec_perl_TestRepeatEosBit_t" errors="0" failures="0" skipped="0" tests="1" time="0.0470118522644043">
    <system-out>1..1
ok 1 - Equals
</system-out>
    <testcase name="Equals (914)" classname="spec_perl_TestRepeatEosBit_t" time="0.000266075134277344" />
  </testsuite>
  <testsuite name="spec_perl_TestExprIntDiv_t" errors="0" failures="2" skipped="0" tests="6" time="0.0552921295166016">
    <system-out>1..6
ok 1 - Equals
ok 2 - Equals
ok 3 - Equals
not ok 4 - Equals
ok 5 - Equals
not ok 6 - Equals
</system-out>
    <testcase name="Equals (915)" classname="spec_perl_TestExprIntDiv_t" time="0.000238895416259766" />
    <testcase name="Equals (916)" classname="spec_perl_TestExprIntDiv_t" time="9.48905944824219e-05" />
    <testcase name="Equals (917)" classname="spec_perl_TestExprIntDiv_t" time="0.000197172164916992" />
    <testcase name="Equals (918)" classname="spec_perl_TestExprIntDiv_t" time="0.000190019607543945">
      <failure message="not ok 4 - Equals" type="TAP::Parser::Result::Test"></failure>
    </testcase>
    <testcase name="Equals (919)" classname="spec_perl_TestExprIntDiv_t" time="0.00305485725402832" />
    <testcase name="Equals (920)" classname="spec_perl_TestExprIntDiv_t" time="0.00038599967956543">
      <failure message="not ok 6 - Equals" type="TAP::Parser::Result::Test"></failure>
    </testcase>
  </testsuite>
  <testsuite name="spec_perl_TestDebugSwitchUser_t" errors="1" failures="0" skipped="0" tests="0" time="0.0522840023040771">
    <system-out></system-out>
    <testcase name="Test died too soon, even before plan. (920)" classname="spec_perl_TestDebugSwitchUser_t" time="0.0522840023040771">
      <failure message="The test suite died before a plan was produced. You need to have a plan." type="Plan">No plan</failure>
    </testcase>
  </testsuite>
  <testsuite name="spec_perl_TestStrLiterals_t" errors="0" failures="0" skipped="0" tests="5" time="0.0472519397735596">
    <system-out>1..5
ok 1 - Equals
ok 2 - Equals
ok 3 - Equals
ok 4 - Equals
ok 5 - Equals
</system-out>
    <testcase name="Equals (921)" classname="spec_perl_TestStrLiterals_t" time="0.000272989273071289" />
    <testcase name="Equals (922)" classname="spec_perl_TestStrLiterals_t" time="0.000143051147460938" />
    <testcase name="Equals (923)" classname="spec_perl_TestStrLiterals_t" time="0.000160932540893555" />
    <testcase name="Equals (924)" classname="spec_perl_TestStrLiterals_t" time="0.000163078308105469" />
    <testcase name="Equals (925)" classname="spec_perl_TestStrLiterals_t" time="0.000165939331054688" />
  </testsuite>
  <testsuite name="spec_perl_TestProcessCoerceSwitch_t" errors="0" failures="0" skipped="0" tests="3" time="0.0472898483276367">
    <system-out>1..3
ok 1 - Equals
ok 2 - Equals
ok 3 - Equals
</system-out>
    <testcase name="Equals (926)" classname="spec_perl_TestProcessCoerceSwitch_t" time="0.000435113906860352" />
    <testcase name="Equals (927)" classname="spec_perl_TestProcessCoerceSwitch_t" time="8.392333984375e-05" />
    <testcase name="Equals (928)" classname="spec_perl_TestProcessCoerceSwitch_t" time="0.000147104263305664" />
  </testsuite>
  <testsuite name="spec_perl_TestBitsSignedResB32Le_t" errors="0" failures="0" skipped="0" tests="1" time="0.046450138092041">
    <system-out>1..1
ok 1 - Equals
</system-out>
    <testcase name="Equals (929)" classname="spec_perl_TestBitsSignedResB32Le_t" time="0.000222206115722656" />
  </testsuite>
  <testsuite name="spec_perl_TestProcessCustomNoArgs_t" errors="1" failures="0" skipped="0" tests="0" time="0.0538010597229004">
    <system-out></system-out>
    <testcase name="Test died too soon, even before plan. (929)" classname="spec_perl_TestProcessCustomNoArgs_t" time="0.0538010597229004">
      <failure message="The test suite died before a plan was produced. You need to have a plan." type="Plan">No plan</failure>
    </testcase>
  </testsuite>
  <testsuite name="spec_perl_TestStrLiterals2_t" errors="0" failures="0" skipped="0" tests="4" time="0.0477900505065918">
    <system-out>1..4
ok 1 - Equals
ok 2 - Equals
ok 3 - Equals
ok 4 - Equals
</system-out>
    <testcase name="Equals (930)" classname="spec_perl_TestStrLiterals2_t" time="0.000247001647949219" />
    <testcase name="Equals (931)" classname="spec_perl_TestStrLiterals2_t" time="0.000152111053466797" />
    <testcase name="Equals (932)" classname="spec_perl_TestStrLiterals2_t" time="0.000155925750732422" />
    <testcase name="Equals (933)" classname="spec_perl_TestStrLiterals2_t" time="0.000163078308105469" />
  </testsuite>
  <testsuite name="spec_perl_TestEnumIf_t" errors="0" failures="0" skipped="0" tests="7" time="0.0647010803222656">
    <system-out>1..7
ok 1 - Equals
ok 2 - Equals
ok 3 - Equals
ok 4 - Equals
ok 5 - Equals
ok 6 - Equals
ok 7 - Equals
</system-out>
    <testcase name="Equals (934)" classname="spec_perl_TestEnumIf_t" time="0.000324010848999023" />
    <testcase name="Equals (935)" classname="spec_perl_TestEnumIf_t" time="8.29696655273438e-05" />
    <testcase name="Equals (936)" classname="spec_perl_TestEnumIf_t" time="0.000163078308105469" />
    <testcase name="Equals (937)" classname="spec_perl_TestEnumIf_t" time="0.00014805793762207" />
    <testcase name="Equals (938)" classname="spec_perl_TestEnumIf_t" time="0.000190973281860352" />
    <testcase name="Equals (939)" classname="spec_perl_TestEnumIf_t" time="0.000113964080810547" />
    <testcase name="Equals (940)" classname="spec_perl_TestEnumIf_t" time="0.00017094612121582" />
  </testsuite>
</testsuites>
