<?xml version='1.0' encoding='utf-8'?>
<testsuites>
  <testsuite name="spec_perl_TestValidNotParsedIf_t" errors="1" failures="0" skipped="0" tests="0" time="0.055211067199707">
    <system-out></system-out>
    <testcase name="Test died too soon, even before plan." classname="spec_perl_TestValidNotParsedIf_t" time="0.055211067199707">
      <failure message="The test suite died before a plan was produced. You need to have a plan." type="Plan">No plan</failure>
    </testcase>
  </testsuite>
  <testsuite name="spec_perl_TestEnumOfValueInst_t" errors="0" failures="0" skipped="0" tests="4" time="0.0420539379119873">
    <system-out>1..4
ok 1 - Equals
ok 2 - Equals
ok 3 - Equals
ok 4 - Equals
</system-out>
    <testcase name="Equals" classname="spec_perl_TestEnumOfValueInst_t" time="0.000163078308105469" />
    <testcase name="Equals (2)" classname="spec_perl_TestEnumOfValueInst_t" time="6.79492950439453e-05" />
    <testcase name="Equals (3)" classname="spec_perl_TestEnumOfValueInst_t" time="0.00014805793762207" />
    <testcase name="Equals (4)" classname="spec_perl_TestEnumOfValueInst_t" time="0.000119924545288086" />
  </testsuite>
  <testsuite name="spec_perl_TestImports0_t" errors="0" failures="0" skipped="0" tests="3" time="0.0427720546722412">
    <system-out>1..3
ok 1 - Equals
ok 2 - Equals
ok 3 - Equals
</system-out>
    <testcase name="Equals (5)" classname="spec_perl_TestImports0_t" time="0.000159978866577148" />
    <testcase name="Equals (6)" classname="spec_perl_TestImports0_t" time="7.10487365722656e-05" />
    <testcase name="Equals (7)" classname="spec_perl_TestImports0_t" time="0.00014495849609375" />
  </testsuite>
  <testsuite name="spec_perl_TestOpaqueExternalType_t" errors="0" failures="0" skipped="0" tests="3" time="0.0457160472869873">
    <system-out>1..3
ok 1 - Equals
ok 2 - Equals
ok 3 - Equals
</system-out>
    <testcase name="Equals (8)" classname="spec_perl_TestOpaqueExternalType_t" time="0.000282049179077148" />
    <testcase name="Equals (9)" classname="spec_perl_TestOpaqueExternalType_t" time="8.58306884765625e-05" />
    <testcase name="Equals (10)" classname="spec_perl_TestOpaqueExternalType_t" time="0.00012516975402832" />
  </testsuite>
  <testsuite name="spec_perl_TestSwitchManualIntSize_t" errors="0" failures="1" skipped="0" tests="10" time="0.0485780239105225">
    <system-out>1..10
ok 1 - Equals
ok 2 - Equals
ok 3 - Equals
ok 4 - Equals
ok 5 - Equals
not ok 6 - test switch manual int size
ok 7 - Equals
ok 8 - Equals
ok 9 - Equals
ok 10 - Equals
</system-out>
    <testcase name="Equals (11)" classname="spec_perl_TestSwitchManualIntSize_t" time="0.000588178634643555" />
    <testcase name="Equals (12)" classname="spec_perl_TestSwitchManualIntSize_t" time="8.58306884765625e-05" />
    <testcase name="Equals (13)" classname="spec_perl_TestSwitchManualIntSize_t" time="0.000108957290649414" />
    <testcase name="Equals (14)" classname="spec_perl_TestSwitchManualIntSize_t" time="0.000143051147460938" />
    <testcase name="Equals (15)" classname="spec_perl_TestSwitchManualIntSize_t" time="0.000128030776977539" />
    <testcase name="test switch manual int size (15)" classname="spec_perl_TestSwitchManualIntSize_t" time="0.00325703620910645">
      <failure message="not ok 6 - test switch manual int size" type="TAP::Parser::Result::Test"></failure>
    </testcase>
    <testcase name="Equals (16)" classname="spec_perl_TestSwitchManualIntSize_t" time="6.103515625e-05" />
    <testcase name="Equals (17)" classname="spec_perl_TestSwitchManualIntSize_t" time="5.29289245605469e-05" />
    <testcase name="Equals (18)" classname="spec_perl_TestSwitchManualIntSize_t" time="4.41074371337891e-05" />
    <testcase name="Equals (19)" classname="spec_perl_TestSwitchManualIntSize_t" time="3.79085540771484e-05" />
  </testsuite>
  <testsuite name="spec_perl_TestProcessToUser_t" errors="0" failures="0" skipped="0" tests="1" time="0.0452489852905273">
    <system-out>1..1
ok 1 - Equals
</system-out>
    <testcase name="Equals (20)" classname="spec_perl_TestProcessToUser_t" time="0.000513076782226562" />
  </testsuite>
  <testsuite name="spec_perl_TestEnumNegative_t" errors="0" failures="0" skipped="0" tests="2" time="0.04150390625">
    <system-out>1..2
ok 1 - Equals
ok 2 - Equals
</system-out>
    <testcase name="Equals (21)" classname="spec_perl_TestEnumNegative_t" time="0.000155925750732422" />
    <testcase name="Equals (22)" classname="spec_perl_TestEnumNegative_t" time="6.60419464111328e-05" />
  </testsuite>
  <testsuite name="spec_perl_TestIntegers_t" errors="1" failures="0" skipped="0" tests="0" time="0.0436530113220215">
    <system-out></system-out>
    <testcase name="Test died too soon, even before plan. (22)" classname="spec_perl_TestIntegers_t" time="0.0436530113220215">
      <failure message="The test suite died before a plan was produced. You need to have a plan." type="Plan">No plan</failure>
    </testcase>
  </testsuite>
  <testsuite name="spec_perl_TestDocstringsDocref_t" errors="0" failures="0" skipped="1" tests="1" time="0.0427148342132568">
    <system-out>1..1
ok 1 # skip DocstringsDocref=HASH(0x1743748)
</system-out>
    <testcase name="Unnamed test case 22" classname="spec_perl_TestDocstringsDocref_t" time="0.00115180015563965">
      <skipped message="ok 1 # skip DocstringsDocref=HASH(0x1743748)" />
    </testcase>
  </testsuite>
  <testsuite name="spec_perl_TestNestedSameName2_t" errors="0" failures="0" skipped="0" tests="5" time="0.0424509048461914">
    <system-out>1..5
ok 1 - Equals
ok 2 - Equals
ok 3 - Equals
ok 4 - Equals
ok 5 - Equals
</system-out>
    <testcase name="Equals (23)" classname="spec_perl_TestNestedSameName2_t" time="0.000251054763793945" />
    <testcase name="Equals (24)" classname="spec_perl_TestNestedSameName2_t" time="7.89165496826172e-05" />
    <testcase name="Equals (25)" classname="spec_perl_TestNestedSameName2_t" time="0.000133037567138672" />
    <testcase name="Equals (26)" classname="spec_perl_TestNestedSameName2_t" time="0.000128030776977539" />
    <testcase name="Equals (27)" classname="spec_perl_TestNestedSameName2_t" time="0.000145912170410156" />
  </testsuite>
  <testsuite name="spec_perl_TestSwitchRepeatExpr_t" errors="0" failures="0" skipped="0" tests="3" time="0.0392909049987793">
    <system-out>1..3
ok 1 - Equals
ok 2 - Equals
ok 3 - Equals
</system-out>
    <testcase name="Equals (28)" classname="spec_perl_TestSwitchRepeatExpr_t" time="0.000459909439086914" />
    <testcase name="Equals (29)" classname="spec_perl_TestSwitchRepeatExpr_t" time="9.39369201660156e-05" />
    <testcase name="Equals (30)" classname="spec_perl_TestSwitchRepeatExpr_t" time="5.7220458984375e-05" />
  </testsuite>
  <testsuite name="spec_perl_TestExprOpsParens_t" errors="1" failures="0" skipped="0" tests="0" time="0.0428140163421631">
    <system-out></system-out>
    <testcase name="Test died too soon, even before plan. (30)" classname="spec_perl_TestExprOpsParens_t" time="0.0428140163421631">
      <failure message="The test suite died before a plan was produced. You need to have a plan." type="Plan">No plan</failure>
    </testcase>
  </testsuite>
  <testsuite name="spec_perl_TestExprIntDiv_t" errors="0" failures="2" skipped="0" tests="6" time="0.047562837600708">
    <system-out>1..6
ok 1 - Equals
ok 2 - Equals
ok 3 - Equals
not ok 4 - Equals
ok 5 - Equals
not ok 6 - Equals
</system-out>
    <testcase name="Equals (31)" classname="spec_perl_TestExprIntDiv_t" time="0.000211954116821289" />
    <testcase name="Equals (32)" classname="spec_perl_TestExprIntDiv_t" time="7.48634338378906e-05" />
    <testcase name="Equals (33)" classname="spec_perl_TestExprIntDiv_t" time="0.000149011611938477" />
    <testcase name="Equals (34)" classname="spec_perl_TestExprIntDiv_t" time="0.000349044799804688">
      <failure message="not ok 4 - Equals" type="TAP::Parser::Result::Test"></failure>
    </testcase>
    <testcase name="Equals (35)" classname="spec_perl_TestExprIntDiv_t" time="0.00234103202819824" />
    <testcase name="Equals (36)" classname="spec_perl_TestExprIntDiv_t" time="7.20024108886719e-05">
      <failure message="not ok 6 - Equals" type="TAP::Parser::Result::Test"></failure>
    </testcase>
  </testsuite>
  <testsuite name="spec_perl_TestNavParentSwitch_t" errors="0" failures="0" skipped="0" tests="3" time="0.042165994644165">
    <system-out>1..3
ok 1 - Equals
ok 2 - Equals
ok 3 - Equals
</system-out>
    <testcase name="Equals (37)" classname="spec_perl_TestNavParentSwitch_t" time="0.000228166580200195" />
    <testcase name="Equals (38)" classname="spec_perl_TestNavParentSwitch_t" time="8.70227813720703e-05" />
    <testcase name="Equals (39)" classname="spec_perl_TestNavParentSwitch_t" time="0.000150918960571289" />
  </testsuite>
  <testsuite name="spec_perl_TestFixedContents_t" errors="1" failures="0" skipped="0" tests="0" time="0.0410499572753906">
    <system-out></system-out>
    <testcase name="Test died too soon, even before plan. (39)" classname="spec_perl_TestFixedContents_t" time="0.0410499572753906">
      <failure message="The test suite died before a plan was produced. You need to have a plan." type="Plan">No plan</failure>
    </testcase>
  </testsuite>
  <testsuite name="spec_perl_TestNavParent_t" errors="0" failures="0" skipped="0" tests="5" time="0.046454906463623">
    <system-out>1..5
ok 1 - Equals
ok 2 - Equals
ok 3 - Equals
ok 4 - Equals
ok 5 - Equals
</system-out>
    <testcase name="Equals (40)" classname="spec_perl_TestNavParent_t" time="0.000363826751708984" />
    <testcase name="Equals (41)" classname="spec_perl_TestNavParent_t" time="9.10758972167969e-05" />
    <testcase name="Equals (42)" classname="spec_perl_TestNavParent_t" time="5.79357147216797e-05" />
    <testcase name="Equals (43)" classname="spec_perl_TestNavParent_t" time="0.000146150588989258" />
    <testcase name="Equals (44)" classname="spec_perl_TestNavParent_t" time="9.48905944824219e-05" />
  </testsuite>
  <testsuite name="spec_perl_TestNestedTypeParam_t" errors="0" failures="2" skipped="0" tests="2" time="0.0478780269622803">
    <system-out>1..2
not ok 1 - Equals
not ok 2 - Equals
</system-out>
    <testcase name="Equals (45)" classname="spec_perl_TestNestedTypeParam_t" time="0.00389218330383301">
      <failure message="not ok 1 - Equals" type="TAP::Parser::Result::Test"></failure>
    </testcase>
    <testcase name="Equals (46)" classname="spec_perl_TestNestedTypeParam_t" time="8.392333984375e-05">
      <failure message="not ok 2 - Equals" type="TAP::Parser::Result::Test"></failure>
    </testcase>
  </testsuite>
  <testsuite name="spec_perl_TestEnumIntRangeS_t" errors="0" failures="0" skipped="0" tests="3" time="0.0470499992370605">
    <system-out>1..3
ok 1 - Equals
ok 2 - Equals
ok 3 - Equals
</system-out>
    <testcase name="Equals (47)" classname="spec_perl_TestEnumIntRangeS_t" time="0.000164031982421875" />
    <testcase name="Equals (48)" classname="spec_perl_TestEnumIntRangeS_t" time="6.79492950439453e-05" />
    <testcase name="Equals (49)" classname="spec_perl_TestEnumIntRangeS_t" time="0.000152111053466797" />
  </testsuite>
  <testsuite name="spec_perl_TestSwitchMultiBoolOps_t" errors="0" failures="0" skipped="0" tests="9" time="0.0434679985046387">
    <system-out>1..9
ok 1 - Equals
ok 2 - Equals
ok 3 - Equals
ok 4 - Equals
ok 5 - Equals
ok 6 - Equals
ok 7 - Equals
ok 8 - Equals
ok 9 - Equals
</system-out>
    <testcase name="Equals (50)" classname="spec_perl_TestSwitchMultiBoolOps_t" time="0.000243902206420898" />
    <testcase name="Equals (51)" classname="spec_perl_TestSwitchMultiBoolOps_t" time="8.392333984375e-05" />
    <testcase name="Equals (52)" classname="spec_perl_TestSwitchMultiBoolOps_t" time="0.000111103057861328" />
    <testcase name="Equals (53)" classname="spec_perl_TestSwitchMultiBoolOps_t" time="0.000128030776977539" />
    <testcase name="Equals (54)" classname="spec_perl_TestSwitchMultiBoolOps_t" time="0.000123023986816406" />
    <testcase name="Equals (55)" classname="spec_perl_TestSwitchMultiBoolOps_t" time="0.000134944915771484" />
    <testcase name="Equals (56)" classname="spec_perl_TestSwitchMultiBoolOps_t" time="0.000126123428344727" />
    <testcase name="Equals (57)" classname="spec_perl_TestSwitchMultiBoolOps_t" time="0.000140905380249023" />
    <testcase name="Equals (58)" classname="spec_perl_TestSwitchMultiBoolOps_t" time="0.000130891799926758" />
  </testsuite>
  <testsuite name="spec_perl_TestExprEnum_t" errors="0" failures="0" skipped="0" tests="3" time="0.0426979064941406">
    <system-out>1..3
ok 1 - Equals
ok 2 - Equals
ok 3 - Equals
</system-out>
    <testcase name="Equals (59)" classname="spec_perl_TestExprEnum_t" time="0.000217914581298828" />
    <testcase name="Equals (60)" classname="spec_perl_TestExprEnum_t" time="7.70092010498047e-05" />
    <testcase name="Equals (61)" classname="spec_perl_TestExprEnum_t" time="0.000149011611938477" />
  </testsuite>
  <testsuite name="spec_perl_TestInstanceStdArray_t" errors="0" failures="0" skipped="0" tests="7" time="0.0426299571990967">
    <system-out>1..7
ok 1 - Equals
ok 2 - Equals
ok 3 - Equals
ok 4 - Equals
ok 5 - Equals
ok 6 - Equals
ok 7 - Equals
</system-out>
    <testcase name="Equals (62)" classname="spec_perl_TestInstanceStdArray_t" time="0.000252962112426758" />
    <testcase name="Equals (63)" classname="spec_perl_TestInstanceStdArray_t" time="8.60691070556641e-05" />
    <testcase name="Equals (64)" classname="spec_perl_TestInstanceStdArray_t" time="8.29696655273438e-05" />
    <testcase name="Equals (65)" classname="spec_perl_TestInstanceStdArray_t" time="0.000169038772583008" />
    <testcase name="Equals (66)" classname="spec_perl_TestInstanceStdArray_t" time="0.000120878219604492" />
    <testcase name="Equals (67)" classname="spec_perl_TestInstanceStdArray_t" time="0.000144004821777344" />
    <testcase name="Equals (68)" classname="spec_perl_TestInstanceStdArray_t" time="0.000119924545288086" />
  </testsuite>
  <testsuite name="spec_perl_TestSwitchManualEnumInvalid_t" errors="0" failures="0" skipped="0" tests="5" time="0.0454170703887939">
    <system-out>1..5
ok 1 - Equals
ok 2 - Equals
ok 3 - nil
ok 4 - Equals
ok 5 - nil
</system-out>
    <testcase name="Equals (69)" classname="spec_perl_TestSwitchManualEnumInvalid_t" time="0.000287055969238281" />
    <testcase name="Equals (70)" classname="spec_perl_TestSwitchManualEnumInvalid_t" time="7.98702239990234e-05" />
    <testcase name="nil (70)" classname="spec_perl_TestSwitchManualEnumInvalid_t" time="4.60147857666016e-05" />
    <testcase name="Equals (71)" classname="spec_perl_TestSwitchManualEnumInvalid_t" time="5.69820404052734e-05" />
    <testcase name="nil (71)" classname="spec_perl_TestSwitchManualEnumInvalid_t" time="5.31673431396484e-05" />
  </testsuite>
  <testsuite name="spec_perl_TestExprBits_t" errors="0" failures="0" skipped="0" tests="10" time="0.0444297790527344">
    <system-out>1..10
ok 1 - Equals
ok 2 - Equals
ok 3 - Equals
ok 4 - Equals
ok 5 - Equals
ok 6 - Equals
ok 7 - Equals
ok 8 - Equals
ok 9 - Equals
ok 10 - Equals
</system-out>
    <testcase name="Equals (72)" classname="spec_perl_TestExprBits_t" time="0.000271081924438477" />
    <testcase name="Equals (73)" classname="spec_perl_TestExprBits_t" time="0.000137090682983398" />
    <testcase name="Equals (74)" classname="spec_perl_TestExprBits_t" time="0.000142812728881836" />
    <testcase name="Equals (75)" classname="spec_perl_TestExprBits_t" time="0.000145196914672852" />
    <testcase name="Equals (76)" classname="spec_perl_TestExprBits_t" time="0.000107765197753906" />
    <testcase name="Equals (77)" classname="spec_perl_TestExprBits_t" time="0.00012516975402832" />
    <testcase name="Equals (78)" classname="spec_perl_TestExprBits_t" time="0.000128030776977539" />
    <testcase name="Equals (79)" classname="spec_perl_TestExprBits_t" time="0.000118017196655273" />
    <testcase name="Equals (80)" classname="spec_perl_TestExprBits_t" time="0.000121831893920898" />
    <testcase name="Equals (81)" classname="spec_perl_TestExprBits_t" time="0.000151157379150391" />
  </testsuite>
  <testsuite name="spec_perl_TestExpr2_t" errors="0" failures="0" skipped="0" tests="17" time="0.0483260154724121">
    <system-out>1..17
ok 1 - Equals
ok 2 - Equals
ok 3 - Equals
ok 4 - Equals
ok 5 - Equals
ok 6 - Equals
ok 7 - Equals
ok 8 - Equals
ok 9 - Equals
ok 10 - Equals
ok 11 - Equals
ok 12 - Equals
ok 13 - Equals
ok 14 - Equals
ok 15 - Equals
ok 16 - Equals
ok 17 - Equals
</system-out>
    <testcase name="Equals (82)" classname="spec_perl_TestExpr2_t" time="0.000557184219360352" />
    <testcase name="Equals (83)" classname="spec_perl_TestExpr2_t" time="9.39369201660156e-05" />
    <testcase name="Equals (84)" classname="spec_perl_TestExpr2_t" time="5.79357147216797e-05" />
    <testcase name="Equals (85)" classname="spec_perl_TestExpr2_t" time="0.000146150588989258" />
    <testcase name="Equals (86)" classname="spec_perl_TestExpr2_t" time="0.000121831893920898" />
    <testcase name="Equals (87)" classname="spec_perl_TestExpr2_t" time="0.000128030776977539" />
    <testcase name="Equals (88)" classname="spec_perl_TestExpr2_t" time="0.000162124633789062" />
    <testcase name="Equals (89)" classname="spec_perl_TestExpr2_t" time="0.000147819519042969" />
    <testcase name="Equals (90)" classname="spec_perl_TestExpr2_t" time="0.000163078308105469" />
    <testcase name="Equals (91)" classname="spec_perl_TestExpr2_t" time="0.000113964080810547" />
    <testcase name="Equals (92)" classname="spec_perl_TestExpr2_t" time="0.000164985656738281" />
    <testcase name="Equals (93)" classname="spec_perl_TestExpr2_t" time="0.000128030776977539" />
    <testcase name="Equals (94)" classname="spec_perl_TestExpr2_t" time="0.000174045562744141" />
    <testcase name="Equals (95)" classname="spec_perl_TestExpr2_t" time="0.000128984451293945" />
    <testcase name="Equals (96)" classname="spec_perl_TestExpr2_t" time="0.0001220703125" />
    <testcase name="Equals (97)" classname="spec_perl_TestExpr2_t" time="0.000143051147460938" />
    <testcase name="Equals (98)" classname="spec_perl_TestExpr2_t" time="0.000124931335449219" />
  </testsuite>
  <testsuite name="spec_perl_TestExprArray_t" errors="0" failures="1" skipped="0" tests="15" time="0.0494680404663086">
    <system-out>1..15
ok 1 - Equals
ok 2 - Equals
ok 3 - Equals
ok 4 - Equals
ok 5 - Equals
ok 6 - Equals
ok 7 - Equals
ok 8 - Equals
not ok 9 - Equals
ok 10 - Equals
ok 11 - Equals
ok 12 - Equals
ok 13 - Equals
ok 14 - Equals
ok 15 - Equals
</system-out>
    <testcase name="Equals (99)" classname="spec_perl_TestExprArray_t" time="0.000326156616210938" />
    <testcase name="Equals (100)" classname="spec_perl_TestExprArray_t" time="8.392333984375e-05" />
    <testcase name="Equals (101)" classname="spec_perl_TestExprArray_t" time="5.69820404052734e-05" />
    <testcase name="Equals (102)" classname="spec_perl_TestExprArray_t" time="0.000175952911376953" />
    <testcase name="Equals (103)" classname="spec_perl_TestExprArray_t" time="8.89301300048828e-05" />
    <testcase name="Equals (104)" classname="spec_perl_TestExprArray_t" time="0.000141143798828125" />
    <testcase name="Equals (105)" classname="spec_perl_TestExprArray_t" time="0.000164031982421875" />
    <testcase name="Equals (106)" classname="spec_perl_TestExprArray_t" time="0.000113010406494141" />
    <testcase name="Equals (107)" classname="spec_perl_TestExprArray_t" time="0.000223875045776367">
      <failure message="not ok 9 - Equals" type="TAP::Parser::Result::Test"></failure>
    </testcase>
    <testcase name="Equals (108)" classname="spec_perl_TestExprArray_t" time="0.00384712219238281" />
    <testcase name="Equals (109)" classname="spec_perl_TestExprArray_t" time="6.69956207275391e-05" />
    <testcase name="Equals (110)" classname="spec_perl_TestExprArray_t" time="3.69548797607422e-05" />
    <testcase name="Equals (111)" classname="spec_perl_TestExprArray_t" time="2.88486480712891e-05" />
    <testcase name="Equals (112)" classname="spec_perl_TestExprArray_t" time="2.21729278564453e-05" />
    <testcase name="Equals (113)" classname="spec_perl_TestExprArray_t" time="2.19345092773438e-05" />
  </testsuite>
  <testsuite name="spec_perl_TestNestedTypes3_t" errors="0" failures="0" skipped="0" tests="5" time="0.0426931381225586">
    <system-out>1..5
ok 1 - Equals
ok 2 - Equals
ok 3 - Equals
ok 4 - Equals
ok 5 - Equals
</system-out>
    <testcase name="Equals (114)" classname="spec_perl_TestNestedTypes3_t" time="0.00021815299987793" />
    <testcase name="Equals (115)" classname="spec_perl_TestNestedTypes3_t" time="8.10623168945312e-05" />
    <testcase name="Equals (116)" classname="spec_perl_TestNestedTypes3_t" time="0.000133991241455078" />
    <testcase name="Equals (117)" classname="spec_perl_TestNestedTypes3_t" time="0.000126838684082031" />
    <testcase name="Equals (118)" classname="spec_perl_TestNestedTypes3_t" time="0.000154018402099609" />
  </testsuite>
  <testsuite name="spec_perl_TestNestedTypes_t" errors="0" failures="0" skipped="0" tests="3" time="0.0604159832000732">
    <system-out>1..3
ok 1 - Equals
ok 2 - Equals
ok 3 - Equals
</system-out>
    <testcase name="Equals (119)" classname="spec_perl_TestNestedTypes_t" time="0.000250101089477539" />
    <testcase name="Equals (120)" classname="spec_perl_TestNestedTypes_t" time="9.01222229003906e-05" />
    <testcase name="Equals (121)" classname="spec_perl_TestNestedTypes_t" time="5.88893890380859e-05" />
  </testsuite>
  <testsuite name="spec_perl_TestImportsAbs_t" errors="0" failures="0" skipped="0" tests="2" time="0.0425240993499756">
    <system-out>1..2
ok 1 - Equals
ok 2 - Equals
</system-out>
    <testcase name="Equals (122)" classname="spec_perl_TestImportsAbs_t" time="0.000236988067626953" />
    <testcase name="Equals (123)" classname="spec_perl_TestImportsAbs_t" time="7.41481781005859e-05" />
  </testsuite>
  <testsuite name="spec_perl_TestDebug0_t" errors="0" failures="0" skipped="1" tests="1" time="0.0425641536712646">
    <system-out>1..1
ok 1 # skip test_debug_0
</system-out>
    <testcase name="Unnamed test case 123" classname="spec_perl_TestDebug0_t" time="0.000231027603149414">
      <skipped message="ok 1 # skip test_debug_0" />
    </testcase>
  </testsuite>
  <testsuite name="spec_perl_TestValidLong_t" errors="1" failures="0" skipped="0" tests="0" time="0.0401661396026611">
    <system-out></system-out>
    <testcase name="Test died too soon, even before plan. (123)" classname="spec_perl_TestValidLong_t" time="0.0401661396026611">
      <failure message="The test suite died before a plan was produced. You need to have a plan." type="Plan">No plan</failure>
    </testcase>
  </testsuite>
  <testsuite name="spec_perl_TestJsSignedRightShift_t" errors="0" failures="0" skipped="0" tests="2" time="0.0421688556671143">
    <system-out>1..2
ok 1 - Equals
ok 2 - Equals
</system-out>
    <testcase name="Equals (124)" classname="spec_perl_TestJsSignedRightShift_t" time="0.000281810760498047" />
    <testcase name="Equals (125)" classname="spec_perl_TestJsSignedRightShift_t" time="8.79764556884766e-05" />
  </testsuite>
  <testsuite name="spec_perl_TestEnumToI_t" errors="0" failures="1" skipped="0" tests="7" time="0.0438129901885986">
    <system-out>1..7
ok 1 - Equals
ok 2 - Equals
ok 3 - Equals
ok 4 - Equals
ok 5 - Equals
ok 6 - Equals
not ok 7 - Equals
</system-out>
    <testcase name="Equals (126)" classname="spec_perl_TestEnumToI_t" time="0.000150918960571289" />
    <testcase name="Equals (127)" classname="spec_perl_TestEnumToI_t" time="0.000133037567138672" />
    <testcase name="Equals (128)" classname="spec_perl_TestEnumToI_t" time="0.00011897087097168" />
    <testcase name="Equals (129)" classname="spec_perl_TestEnumToI_t" time="0.000135183334350586" />
    <testcase name="Equals (130)" classname="spec_perl_TestEnumToI_t" time="0.000153779983520508" />
    <testcase name="Equals (131)" classname="spec_perl_TestEnumToI_t" time="9.60826873779297e-05" />
    <testcase name="Equals (132)" classname="spec_perl_TestEnumToI_t" time="0.000185012817382812">
      <failure message="not ok 7 - Equals" type="TAP::Parser::Result::Test"></failure>
    </testcase>
  </testsuite>
  <testsuite name="spec_perl_TestTypeIntUnaryOp_t" errors="0" failures="0" skipped="0" tests="4" time="0.0425329208374023">
    <system-out>1..4
ok 1 - Equals
ok 2 - Equals
ok 3 - Equals
ok 4 - Equals
</system-out>
    <testcase name="Equals (133)" classname="spec_perl_TestTypeIntUnaryOp_t" time="0.0001678466796875" />
    <testcase name="Equals (134)" classname="spec_perl_TestTypeIntUnaryOp_t" time="6.60419464111328e-05" />
    <testcase name="Equals (135)" classname="spec_perl_TestTypeIntUnaryOp_t" time="0.000190973281860352" />
    <testcase name="Equals (136)" classname="spec_perl_TestTypeIntUnaryOp_t" time="9.20295715332031e-05" />
  </testsuite>
  <testsuite name="spec_perl_TestDocstringsDocrefMulti_t" errors="0" failures="0" skipped="1" tests="1" time="0.0434939861297607">
    <system-out>1..1
ok 1 # skip DocstringsDocrefMulti=HASH(0xb78560)
</system-out>
    <testcase name="Unnamed test case 136" classname="spec_perl_TestDocstringsDocrefMulti_t" time="0.00126099586486816">
      <skipped message="ok 1 # skip DocstringsDocrefMulti=HASH(0xb78560)" />
    </testcase>
  </testsuite>
  <testsuite name="spec_perl_TestParamsEnum_t" errors="0" failures="1" skipped="0" tests="2" time="0.0458760261535645">
    <system-out>1..2
ok 1 - Equals
not ok 2 - Equals
</system-out>
    <testcase name="Equals (137)" classname="spec_perl_TestParamsEnum_t" time="0.000236034393310547" />
    <testcase name="Equals (138)" classname="spec_perl_TestParamsEnum_t" time="0.000870943069458008">
      <failure message="not ok 2 - Equals" type="TAP::Parser::Result::Test"></failure>
    </testcase>
  </testsuite>
  <testsuite name="spec_perl_TestYamlInts_t" errors="0" failures="0" skipped="0" tests="4" time="0.0474700927734375">
    <system-out>1..4
ok 1 - Equals
ok 2 - Equals
ok 3 - Equals
ok 4 - Equals
</system-out>
    <testcase name="Equals (139)" classname="spec_perl_TestYamlInts_t" time="0.000226020812988281" />
    <testcase name="Equals (140)" classname="spec_perl_TestYamlInts_t" time="7.91549682617188e-05" />
    <testcase name="Equals (141)" classname="spec_perl_TestYamlInts_t" time="0.000214815139770508" />
    <testcase name="Equals (142)" classname="spec_perl_TestYamlInts_t" time="0.000128984451293945" />
  </testsuite>
  <testsuite name="spec_perl_TestTypeTernary_t" errors="0" failures="0" skipped="0" tests="1" time="0.0422139167785645">
    <system-out>1..1
ok 1 - Equals
</system-out>
    <testcase name="Equals (143)" classname="spec_perl_TestTypeTernary_t" time="0.000432014465332031" />
  </testsuite>
  <testsuite name="spec_perl_TestRepeatEosBit_t" errors="0" failures="0" skipped="0" tests="1" time="0.0415480136871338">
    <system-out>1..1
ok 1 - Equals
</system-out>
    <testcase name="Equals (144)" classname="spec_perl_TestRepeatEosBit_t" time="0.000283956527709961" />
  </testsuite>
  <testsuite name="spec_perl_TestBytesPadTerm_t" errors="0" failures="0" skipped="0" tests="4" time="0.0433979034423828">
    <system-out>1..4
ok 1 - Equals
ok 2 - Equals
ok 3 - Equals
ok 4 - Equals
</system-out>
    <testcase name="Equals (145)" classname="spec_perl_TestBytesPadTerm_t" time="0.00020909309387207" />
    <testcase name="Equals (146)" classname="spec_perl_TestBytesPadTerm_t" time="7.60555267333984e-05" />
    <testcase name="Equals (147)" classname="spec_perl_TestBytesPadTerm_t" time="0.000156879425048828" />
    <testcase name="Equals (148)" classname="spec_perl_TestBytesPadTerm_t" time="9.918212890625e-05" />
  </testsuite>
  <testsuite name="spec_perl_TestEnumLongRangeU_t" errors="0" failures="0" skipped="0" tests="4" time="0.0430541038513184">
    <system-out>1..4
ok 1 - Equals
ok 2 - Equals
ok 3 - Equals
ok 4 - Equals
</system-out>
    <testcase name="Equals (149)" classname="spec_perl_TestEnumLongRangeU_t" time="0.000172138214111328" />
    <testcase name="Equals (150)" classname="spec_perl_TestEnumLongRangeU_t" time="7.10487365722656e-05" />
    <testcase name="Equals (151)" classname="spec_perl_TestEnumLongRangeU_t" time="0.00014495849609375" />
    <testcase name="Equals (152)" classname="spec_perl_TestEnumLongRangeU_t" time="0.000118017196655273" />
  </testsuite>
  <testsuite name="spec_perl_TestRepeatNStrzDouble_t" errors="0" failures="0" skipped="0" tests="3" time="0.0446829795837402">
    <system-out>1..3
ok 1 - Equals
ok 2 - Equals
ok 3 - Equals
</system-out>
    <testcase name="Equals (153)" classname="spec_perl_TestRepeatNStrzDouble_t" time="0.000266075134277344" />
    <testcase name="Equals (154)" classname="spec_perl_TestRepeatNStrzDouble_t" time="8.20159912109375e-05" />
    <testcase name="Equals (155)" classname="spec_perl_TestRepeatNStrzDouble_t" time="0.000118017196655273" />
  </testsuite>
  <testsuite name="spec_perl_TestExprIfIntOps_t" errors="0" failures="0" skipped="0" tests="2" time="0.0432801246643066">
    <system-out>1..2
ok 1 - Equals
ok 2 - Equals
</system-out>
    <testcase name="Equals (156)" classname="spec_perl_TestExprIfIntOps_t" time="0.000257968902587891" />
    <testcase name="Equals (157)" classname="spec_perl_TestExprIfIntOps_t" time="8.392333984375e-05" />
  </testsuite>
  <testsuite name="spec_perl_TestSwitchIntegers_t" errors="0" failures="0" skipped="0" tests="9" time="0.0429821014404297">
    <system-out>1..9
ok 1 - Equals
ok 2 - Equals
ok 3 - Equals
ok 4 - Equals
ok 5 - Equals
ok 6 - Equals
ok 7 - Equals
ok 8 - Equals
ok 9 - Equals
</system-out>
    <testcase name="Equals (158)" classname="spec_perl_TestSwitchIntegers_t" time="0.000257015228271484" />
    <testcase name="Equals (159)" classname="spec_perl_TestSwitchIntegers_t" time="7.79628753662109e-05" />
    <testcase name="Equals (160)" classname="spec_perl_TestSwitchIntegers_t" time="0.000178098678588867" />
    <testcase name="Equals (161)" classname="spec_perl_TestSwitchIntegers_t" time="7.60555267333984e-05" />
    <testcase name="Equals (162)" classname="spec_perl_TestSwitchIntegers_t" time="0.000131845474243164" />
    <testcase name="Equals (163)" classname="spec_perl_TestSwitchIntegers_t" time="0.000117063522338867" />
    <testcase name="Equals (164)" classname="spec_perl_TestSwitchIntegers_t" time="0.000138044357299805" />
    <testcase name="Equals (165)" classname="spec_perl_TestSwitchIntegers_t" time="0.000149011611938477" />
    <testcase name="Equals (166)" classname="spec_perl_TestSwitchIntegers_t" time="0.000116825103759766" />
  </testsuite>
  <testsuite name="spec_perl_TestInstanceIoUser_t" errors="0" failures="0" skipped="0" tests="4" time="0.0487549304962158">
    <system-out>1..4
ok 1 - Equals
ok 2 - Equals
ok 3 - Equals
ok 4 - Equals
</system-out>
    <testcase name="Equals (167)" classname="spec_perl_TestInstanceIoUser_t" time="0.000557899475097656" />
    <testcase name="Equals (168)" classname="spec_perl_TestInstanceIoUser_t" time="9.51290130615234e-05" />
    <testcase name="Equals (169)" classname="spec_perl_TestInstanceIoUser_t" time="0.000208854675292969" />
    <testcase name="Equals (170)" classname="spec_perl_TestInstanceIoUser_t" time="8.60691070556641e-05" />
  </testsuite>
  <testsuite name="spec_perl_TestDefaultEndianExprIsBe_t" errors="0" failures="0" skipped="0" tests="18" time="0.0458090305328369">
    <system-out>1..18
ok 1 - Equals
ok 2 - Equals
ok 3 - Equals
ok 4 - Equals
ok 5 - Equals
ok 6 - Equals
ok 7 - Equals
ok 8 - Equals
ok 9 - Equals
ok 10 - Equals
ok 11 - Equals
ok 12 - Equals
ok 13 - Equals
ok 14 - Equals
ok 15 - Equals
ok 16 - Equals
ok 17 - Equals
ok 18 - Equals
</system-out>
    <testcase name="Equals (171)" classname="spec_perl_TestDefaultEndianExprIsBe_t" time="0.00026702880859375" />
    <testcase name="Equals (172)" classname="spec_perl_TestDefaultEndianExprIsBe_t" time="8.20159912109375e-05" />
    <testcase name="Equals (173)" classname="spec_perl_TestDefaultEndianExprIsBe_t" time="0.000125885009765625" />
    <testcase name="Equals (174)" classname="spec_perl_TestDefaultEndianExprIsBe_t" time="0.0001220703125" />
    <testcase name="Equals (175)" classname="spec_perl_TestDefaultEndianExprIsBe_t" time="0.000149011611938477" />
    <testcase name="Equals (176)" classname="spec_perl_TestDefaultEndianExprIsBe_t" time="0.000164985656738281" />
    <testcase name="Equals (177)" classname="spec_perl_TestDefaultEndianExprIsBe_t" time="0.000111103057861328" />
    <testcase name="Equals (178)" classname="spec_perl_TestDefaultEndianExprIsBe_t" time="0.000135898590087891" />
    <testcase name="Equals (179)" classname="spec_perl_TestDefaultEndianExprIsBe_t" time="0.000133991241455078" />
    <testcase name="Equals (180)" classname="spec_perl_TestDefaultEndianExprIsBe_t" time="0.000118017196655273" />
    <testcase name="Equals (181)" classname="spec_perl_TestDefaultEndianExprIsBe_t" time="0.000180959701538086" />
    <testcase name="Equals (182)" classname="spec_perl_TestDefaultEndianExprIsBe_t" time="0.000131130218505859" />
    <testcase name="Equals (183)" classname="spec_perl_TestDefaultEndianExprIsBe_t" time="0.000154018402099609" />
    <testcase name="Equals (184)" classname="spec_perl_TestDefaultEndianExprIsBe_t" time="0.000111818313598633" />
    <testcase name="Equals (185)" classname="spec_perl_TestDefaultEndianExprIsBe_t" time="0.000143051147460938" />
    <testcase name="Equals (186)" classname="spec_perl_TestDefaultEndianExprIsBe_t" time="0.000155925750732422" />
    <testcase name="Equals (187)" classname="spec_perl_TestDefaultEndianExprIsBe_t" time="0.000159978866577148" />
    <testcase name="Equals (188)" classname="spec_perl_TestDefaultEndianExprIsBe_t" time="0.000150203704833984" />
  </testsuite>
  <testsuite name="spec_perl_TestNavParentOverride_t" errors="0" failures="0" skipped="0" tests="3" time="0.042151927947998">
    <system-out>1..3
ok 1 - Equals
ok 2 - Equals
ok 3 - Equals
</system-out>
    <testcase name="Equals (189)" classname="spec_perl_TestNavParentOverride_t" time="0.000280857086181641" />
    <testcase name="Equals (190)" classname="spec_perl_TestNavParentOverride_t" time="8.70227813720703e-05" />
    <testcase name="Equals (191)" classname="spec_perl_TestNavParentOverride_t" time="5.69820404052734e-05" />
  </testsuite>
  <testsuite name="spec_perl_TestEosExceptionU4_t" errors="0" failures="0" skipped="0" tests="1" time="0.0431499481201172">
    <system-out>1..1
ok 1 - Died
</system-out>
    <testcase name="Died (191)" classname="spec_perl_TestEosExceptionU4_t" time="0.000389814376831055" />
  </testsuite>
  <testsuite name="spec_perl_TestRepeatUntilSized_t" errors="0" failures="0" skipped="0" tests="7" time="0.043071985244751">
    <system-out>1..7
ok 1 - Equals
ok 2 - Equals
ok 3 - Equals
ok 4 - Equals
ok 5 - Equals
ok 6 - Equals
ok 7 - Equals
</system-out>
    <testcase name="Equals (192)" classname="spec_perl_TestRepeatUntilSized_t" time="0.000531911849975586" />
    <testcase name="Equals (193)" classname="spec_perl_TestRepeatUntilSized_t" time="0.000106096267700195" />
    <testcase name="Equals (194)" classname="spec_perl_TestRepeatUntilSized_t" time="4.79221343994141e-05" />
    <testcase name="Equals (195)" classname="spec_perl_TestRepeatUntilSized_t" time="5.60283660888672e-05" />
    <testcase name="Equals (196)" classname="spec_perl_TestRepeatUntilSized_t" time="0.000129938125610352" />
    <testcase name="Equals (197)" classname="spec_perl_TestRepeatUntilSized_t" time="0.000132083892822266" />
    <testcase name="Equals (198)" classname="spec_perl_TestRepeatUntilSized_t" time="0.0001220703125" />
  </testsuite>
  <testsuite name="spec_perl_TestEnumIf_t" errors="0" failures="0" skipped="0" tests="7" time="0.0460309982299805">
    <system-out>1..7
ok 1 - Equals
ok 2 - Equals
ok 3 - Equals
ok 4 - Equals
ok 5 - Equals
ok 6 - Equals
ok 7 - Equals
</system-out>
    <testcase name="Equals (199)" classname="spec_perl_TestEnumIf_t" time="0.000323057174682617" />
    <testcase name="Equals (200)" classname="spec_perl_TestEnumIf_t" time="8.29696655273438e-05" />
    <testcase name="Equals (201)" classname="spec_perl_TestEnumIf_t" time="8.41617584228516e-05" />
    <testcase name="Equals (202)" classname="spec_perl_TestEnumIf_t" time="0.000168800354003906" />
    <testcase name="Equals (203)" classname="spec_perl_TestEnumIf_t" time="0.000105142593383789" />
    <testcase name="Equals (204)" classname="spec_perl_TestEnumIf_t" time="0.00014495849609375" />
    <testcase name="Equals (205)" classname="spec_perl_TestEnumIf_t" time="0.000119924545288086" />
  </testsuite>
  <testsuite name="spec_perl_TestStrEncodingsDefault_t" errors="0" failures="0" skipped="0" tests="4" time="0.0483920574188232">
    <system-out>1..4
ok 1 - Equals
ok 2 - Equals
ok 3 - Equals
ok 4 - Equals
</system-out>
    <testcase name="Equals (206)" classname="spec_perl_TestStrEncodingsDefault_t" time="0.00311088562011719" />
    <testcase name="Equals (207)" classname="spec_perl_TestStrEncodingsDefault_t" time="9.51290130615234e-05" />
    <testcase name="Equals (208)" classname="spec_perl_TestStrEncodingsDefault_t" time="5.88893890380859e-05" />
    <testcase name="Equals (209)" classname="spec_perl_TestStrEncodingsDefault_t" time="0.000163078308105469" />
  </testsuite>
  <testsuite name="spec_perl_TestIntegersMinMax_t" errors="0" failures="0" skipped="0" tests="28" time="0.0459070205688477">
    <system-out>1..28
ok 1 - Equals
ok 2 - Equals
ok 3 - Equals
ok 4 - Equals
ok 5 - Equals
ok 6 - Equals
ok 7 - Equals
ok 8 - Equals
ok 9 - Equals
ok 10 - Equals
ok 11 - Equals
ok 12 - Equals
ok 13 - Equals
ok 14 - Equals
ok 15 - Equals
ok 16 - Equals
ok 17 - Equals
ok 18 - Equals
ok 19 - Equals
ok 20 - Equals
ok 21 - Equals
ok 22 - Equals
ok 23 - Equals
ok 24 - Equals
ok 25 - Equals
ok 26 - Equals
ok 27 - Equals
ok 28 - Equals
</system-out>
    <testcase name="Equals (210)" classname="spec_perl_TestIntegersMinMax_t" time="0.000260114669799805" />
    <testcase name="Equals (211)" classname="spec_perl_TestIntegersMinMax_t" time="7.70092010498047e-05" />
    <testcase name="Equals (212)" classname="spec_perl_TestIntegersMinMax_t" time="0.000114917755126953" />
    <testcase name="Equals (213)" classname="spec_perl_TestIntegersMinMax_t" time="0.000139951705932617" />
    <testcase name="Equals (214)" classname="spec_perl_TestIntegersMinMax_t" time="0.000136137008666992" />
    <testcase name="Equals (215)" classname="spec_perl_TestIntegersMinMax_t" time="0.000157833099365234" />
    <testcase name="Equals (216)" classname="spec_perl_TestIntegersMinMax_t" time="0.000121116638183594" />
    <testcase name="Equals (217)" classname="spec_perl_TestIntegersMinMax_t" time="0.000124931335449219" />
    <testcase name="Equals (218)" classname="spec_perl_TestIntegersMinMax_t" time="0.000147104263305664" />
    <testcase name="Equals (219)" classname="spec_perl_TestIntegersMinMax_t" time="0.000114917755126953" />
    <testcase name="Equals (220)" classname="spec_perl_TestIntegersMinMax_t" time="0.000156879425048828" />
    <testcase name="Equals (221)" classname="spec_perl_TestIntegersMinMax_t" time="0.000114202499389648" />
    <testcase name="Equals (222)" classname="spec_perl_TestIntegersMinMax_t" time="0.00014495849609375" />
    <testcase name="Equals (223)" classname="spec_perl_TestIntegersMinMax_t" time="0.000120878219604492" />
    <testcase name="Equals (224)" classname="spec_perl_TestIntegersMinMax_t" time="0.000149011611938477" />
    <testcase name="Equals (225)" classname="spec_perl_TestIntegersMinMax_t" time="0.000113964080810547" />
    <testcase name="Equals (226)" classname="spec_perl_TestIntegersMinMax_t" time="0.000144004821777344" />
    <testcase name="Equals (227)" classname="spec_perl_TestIntegersMinMax_t" time="0.000115156173706055" />
    <testcase name="Equals (228)" classname="spec_perl_TestIntegersMinMax_t" time="0.000154018402099609" />
    <testcase name="Equals (229)" classname="spec_perl_TestIntegersMinMax_t" time="0.000111818313598633" />
    <testcase name="Equals (230)" classname="spec_perl_TestIntegersMinMax_t" time="0.000150203704833984" />
    <testcase name="Equals (231)" classname="spec_perl_TestIntegersMinMax_t" time="0.000125885009765625" />
    <testcase name="Equals (232)" classname="spec_perl_TestIntegersMinMax_t" time="0.000124931335449219" />
    <testcase name="Equals (233)" classname="spec_perl_TestIntegersMinMax_t" time="0.000126123428344727" />
    <testcase name="Equals (234)" classname="spec_perl_TestIntegersMinMax_t" time="0.00011897087097168" />
    <testcase name="Equals (235)" classname="spec_perl_TestIntegersMinMax_t" time="0.000127077102661133" />
    <testcase name="Equals (236)" classname="spec_perl_TestIntegersMinMax_t" time="0.000144004821777344" />
    <testcase name="Equals (237)" classname="spec_perl_TestIntegersMinMax_t" time="0.000117778778076172" />
  </testsuite>
  <testsuite name="spec_perl_TestHelloWorld_t" errors="0" failures="0" skipped="0" tests="1" time="0.042374849319458">
    <system-out>1..1
ok 1 - Equals
</system-out>
    <testcase name="Equals (238)" classname="spec_perl_TestHelloWorld_t" time="0.000207901000976562" />
  </testsuite>
  <testsuite name="spec_perl_TestRepeatEosU4_t" errors="0" failures="0" skipped="0" tests="1" time="0.0419638156890869">
    <system-out>1..1
ok 1 - Equals
</system-out>
    <testcase name="Equals (239)" classname="spec_perl_TestRepeatEosU4_t" time="0.000164031982421875" />
  </testsuite>
  <testsuite name="spec_perl_TestNavParent2_t" errors="0" failures="0" skipped="0" tests="10" time="0.0474879741668701">
    <system-out>1..10
ok 1 - Equals
ok 2 - Equals
ok 3 - Equals
ok 4 - Equals
ok 5 - Equals
ok 6 - Equals
ok 7 - Equals
ok 8 - Equals
ok 9 - Equals
ok 10 - Equals
</system-out>
    <testcase name="Equals (240)" classname="spec_perl_TestNavParent2_t" time="0.000246047973632812" />
    <testcase name="Equals (241)" classname="spec_perl_TestNavParent2_t" time="7.89165496826172e-05" />
    <testcase name="Equals (242)" classname="spec_perl_TestNavParent2_t" time="0.000107049942016602" />
    <testcase name="Equals (243)" classname="spec_perl_TestNavParent2_t" time="0.00014495849609375" />
    <testcase name="Equals (244)" classname="spec_perl_TestNavParent2_t" time="0.000116109848022461" />
    <testcase name="Equals (245)" classname="spec_perl_TestNavParent2_t" time="0.000190973281860352" />
    <testcase name="Equals (246)" classname="spec_perl_TestNavParent2_t" time="0.000116825103759766" />
    <testcase name="Equals (247)" classname="spec_perl_TestNavParent2_t" time="0.000128030776977539" />
    <testcase name="Equals (248)" classname="spec_perl_TestNavParent2_t" time="0.000128984451293945" />
    <testcase name="Equals (249)" classname="spec_perl_TestNavParent2_t" time="0.000169038772583008" />
  </testsuite>
  <testsuite name="spec_perl_TestPositionAbs_t" errors="0" failures="0" skipped="0" tests="2" time="0.0491149425506592">
    <system-out>1..2
ok 1 - Equals
ok 2 - Equals
</system-out>
    <testcase name="Equals (250)" classname="spec_perl_TestPositionAbs_t" time="0.000161886215209961" />
    <testcase name="Equals (251)" classname="spec_perl_TestPositionAbs_t" time="0.000192165374755859" />
  </testsuite>
  <testsuite name="spec_perl_TestOpaqueExternalType02Parent_t" errors="0" failures="0" skipped="0" tests="3" time="0.0461311340332031">
    <system-out>1..3
ok 1 - Equals
ok 2 - Equals
ok 3 - Equals
</system-out>
    <testcase name="Equals (252)" classname="spec_perl_TestOpaqueExternalType02Parent_t" time="0.000370025634765625" />
    <testcase name="Equals (253)" classname="spec_perl_TestOpaqueExternalType02Parent_t" time="9.01222229003906e-05" />
    <testcase name="Equals (254)" classname="spec_perl_TestOpaqueExternalType02Parent_t" time="5.88893890380859e-05" />
  </testsuite>
  <testsuite name="spec_perl_TestProcessCustomNoArgs_t" errors="1" failures="0" skipped="0" tests="0" time="0.0565550327301025">
    <system-out></system-out>
    <testcase name="Test died too soon, even before plan. (254)" classname="spec_perl_TestProcessCustomNoArgs_t" time="0.0565550327301025">
      <failure message="The test suite died before a plan was produced. You need to have a plan." type="Plan">No plan</failure>
    </testcase>
  </testsuite>
  <testsuite name="spec_perl_TestValidSwitch_t" errors="1" failures="0" skipped="0" tests="0" time="0.0485460758209229">
    <system-out></system-out>
    <testcase name="Test died too soon, even before plan. (255)" classname="spec_perl_TestValidSwitch_t" time="0.0485460758209229">
      <failure message="The test suite died before a plan was produced. You need to have a plan." type="Plan">No plan</failure>
    </testcase>
  </testsuite>
  <testsuite name="spec_perl_TestNavParentFalse2_t" errors="0" failures="0" skipped="0" tests="1" time="0.0420138835906982">
    <system-out>1..1
ok 1 - Equals
</system-out>
    <testcase name="Equals (255)" classname="spec_perl_TestNavParentFalse2_t" time="0.000225067138671875" />
  </testsuite>
  <testsuite name="spec_perl_TestExprBytesCmp_t" errors="0" failures="0" skipped="0" tests="10" time="0.0432338714599609">
    <system-out>1..10
ok 1 - Equals
ok 2 - Equals
ok 3 - Equals
ok 4 - Equals
ok 5 - Equals
ok 6 - Equals
ok 7 - Equals
ok 8 - Equals
ok 9 - Equals
ok 10 - Equals
</system-out>
    <testcase name="Equals (256)" classname="spec_perl_TestExprBytesCmp_t" time="0.000295162200927734" />
    <testcase name="Equals (257)" classname="spec_perl_TestExprBytesCmp_t" time="0.000123977661132812" />
    <testcase name="Equals (258)" classname="spec_perl_TestExprBytesCmp_t" time="6.29425048828125e-05" />
    <testcase name="Equals (259)" classname="spec_perl_TestExprBytesCmp_t" time="0.000143051147460938" />
    <testcase name="Equals (260)" classname="spec_perl_TestExprBytesCmp_t" time="0.000118017196655273" />
    <testcase name="Equals (261)" classname="spec_perl_TestExprBytesCmp_t" time="0.000134944915771484" />
    <testcase name="Equals (262)" classname="spec_perl_TestExprBytesCmp_t" time="0.00014805793762207" />
    <testcase name="Equals (263)" classname="spec_perl_TestExprBytesCmp_t" time="0.00011897087097168" />
    <testcase name="Equals (264)" classname="spec_perl_TestExprBytesCmp_t" time="0.000128984451293945" />
    <testcase name="Equals (265)" classname="spec_perl_TestExprBytesCmp_t" time="0.000147104263305664" />
  </testsuite>
  <testsuite name="spec_perl_TestSwitchRepeatExprInvalid_t" errors="0" failures="0" skipped="0" tests="3" time="0.0425999164581299">
    <system-out>1..3
ok 1 - Equals
ok 2 - Equals
ok 3 - Equals
</system-out>
    <testcase name="Equals (266)" classname="spec_perl_TestSwitchRepeatExprInvalid_t" time="0.000238895416259766" />
    <testcase name="Equals (267)" classname="spec_perl_TestSwitchRepeatExprInvalid_t" time="9.01222229003906e-05" />
    <testcase name="Equals (268)" classname="spec_perl_TestSwitchRepeatExprInvalid_t" time="0.00011897087097168" />
  </testsuite>
  <testsuite name="spec_perl_TestExprSizeofValueSized_t" errors="0" failures="0" skipped="0" tests="5" time="0.0422811508178711">
    <system-out>1..5
ok 1 - Equals
ok 2 - Equals
ok 3 - Equals
ok 4 - Equals
ok 5 - Equals
</system-out>
    <testcase name="Equals (269)" classname="spec_perl_TestExprSizeofValueSized_t" time="0.000421047210693359" />
    <testcase name="Equals (270)" classname="spec_perl_TestExprSizeofValueSized_t" time="8.392333984375e-05" />
    <testcase name="Equals (271)" classname="spec_perl_TestExprSizeofValueSized_t" time="0.000100135803222656" />
    <testcase name="Equals (272)" classname="spec_perl_TestExprSizeofValueSized_t" time="0.000131845474243164" />
    <testcase name="Equals (273)" classname="spec_perl_TestExprSizeofValueSized_t" time="0.000131130218505859" />
  </testsuite>
  <testsuite name="spec_perl_TestSwitchElseOnly_t" errors="0" failures="0" skipped="0" tests="3" time="0.041917085647583">
    <system-out>1..3
ok 1 - Equals
ok 2 - Equals
ok 3 - Equals
</system-out>
    <testcase name="Equals (274)" classname="spec_perl_TestSwitchElseOnly_t" time="0.000217914581298828" />
    <testcase name="Equals (275)" classname="spec_perl_TestSwitchElseOnly_t" time="7.60555267333984e-05" />
    <testcase name="Equals (276)" classname="spec_perl_TestSwitchElseOnly_t" time="0.000141143798828125" />
  </testsuite>
  <testsuite name="spec_perl_TestProcessRepeatUsertype_t" errors="0" failures="0" skipped="0" tests="4" time="0.0429720878601074">
    <system-out>1..4
ok 1 - Equals
ok 2 - Equals
ok 3 - Equals
ok 4 - Equals
</system-out>
    <testcase name="Equals (277)" classname="spec_perl_TestProcessRepeatUsertype_t" time="0.000500917434692383" />
    <testcase name="Equals (278)" classname="spec_perl_TestProcessRepeatUsertype_t" time="8.91685485839844e-05" />
    <testcase name="Equals (279)" classname="spec_perl_TestProcessRepeatUsertype_t" time="9.67979431152344e-05" />
    <testcase name="Equals (280)" classname="spec_perl_TestProcessRepeatUsertype_t" time="6.103515625e-05" />
  </testsuite>
  <testsuite name="spec_perl_TestNavParentSwitchCast_t" errors="0" failures="0" skipped="0" tests="3" time="0.0427432060241699">
    <system-out>1..3
ok 1 - Equals
ok 2 - Equals
ok 3 - Equals
</system-out>
    <testcase name="Equals (281)" classname="spec_perl_TestNavParentSwitchCast_t" time="0.000468969345092773" />
    <testcase name="Equals (282)" classname="spec_perl_TestNavParentSwitchCast_t" time="8.70227813720703e-05" />
    <testcase name="Equals (283)" classname="spec_perl_TestNavParentSwitchCast_t" time="0.000145912170410156" />
  </testsuite>
  <testsuite name="spec_perl_TestExprSizeofValue0_t" errors="0" failures="0" skipped="0" tests="5" time="0.0421679019927979">
    <system-out>1..5
ok 1 - Equals
ok 2 - Equals
ok 3 - Equals
ok 4 - Equals
ok 5 - Equals
</system-out>
    <testcase name="Equals (284)" classname="spec_perl_TestExprSizeofValue0_t" time="0.000229120254516602" />
    <testcase name="Equals (285)" classname="spec_perl_TestExprSizeofValue0_t" time="8.29696655273438e-05" />
    <testcase name="Equals (286)" classname="spec_perl_TestExprSizeofValue0_t" time="0.000126123428344727" />
    <testcase name="Equals (287)" classname="spec_perl_TestExprSizeofValue0_t" time="0.000128984451293945" />
    <testcase name="Equals (288)" classname="spec_perl_TestExprSizeofValue0_t" time="0.000116825103759766" />
  </testsuite>
  <testsuite name="spec_perl_TestIndexToParamEos_t" errors="0" failures="2" skipped="0" tests="7" time="0.0569219589233398">
    <system-out>1..7
ok 1 - Equals
ok 2 - Equals
ok 3 - Equals
ok 4 - Equals
ok 5 - Equals
not ok 6 - Equals
not ok 7 - Equals
</system-out>
    <testcase name="Equals (289)" classname="spec_perl_TestIndexToParamEos_t" time="0.00997591018676758" />
    <testcase name="Equals (290)" classname="spec_perl_TestIndexToParamEos_t" time="0.000128030776977539" />
    <testcase name="Equals (291)" classname="spec_perl_TestIndexToParamEos_t" time="5.60283660888672e-05" />
    <testcase name="Equals (292)" classname="spec_perl_TestIndexToParamEos_t" time="4.79221343994141e-05" />
    <testcase name="Equals (293)" classname="spec_perl_TestIndexToParamEos_t" time="4.10079956054688e-05" />
    <testcase name="Equals (294)" classname="spec_perl_TestIndexToParamEos_t" time="5.10215759277344e-05">
      <failure message="not ok 6 - Equals" type="TAP::Parser::Result::Test"></failure>
    </testcase>
    <testcase name="Equals (295)" classname="spec_perl_TestIndexToParamEos_t" time="6.79492950439453e-05">
      <failure message="not ok 7 - Equals" type="TAP::Parser::Result::Test"></failure>
    </testcase>
  </testsuite>
  <testsuite name="spec_perl_TestBcdUserTypeBe_t" errors="0" failures="0" skipped="0" tests="6" time="0.0443050861358643">
    <system-out>1..6
ok 1 - Equals
ok 2 - Equals
ok 3 - Equals
ok 4 - Equals
ok 5 - Equals
ok 6 - Equals
</system-out>
    <testcase name="Equals (296)" classname="spec_perl_TestBcdUserTypeBe_t" time="0.000537872314453125" />
    <testcase name="Equals (297)" classname="spec_perl_TestBcdUserTypeBe_t" time="9.51290130615234e-05" />
    <testcase name="Equals (298)" classname="spec_perl_TestBcdUserTypeBe_t" time="7.20024108886719e-05" />
    <testcase name="Equals (299)" classname="spec_perl_TestBcdUserTypeBe_t" time="0.000162839889526367" />
    <testcase name="Equals (300)" classname="spec_perl_TestBcdUserTypeBe_t" time="0.000154018402099609" />
    <testcase name="Equals (301)" classname="spec_perl_TestBcdUserTypeBe_t" time="0.000133991241455078" />
  </testsuite>
  <testsuite name="spec_perl_TestBitsByteAligned_t" errors="0" failures="0" skipped="0" tests="9" time="0.042963981628418">
    <system-out>1..9
ok 1 - Equals
ok 2 - Equals
ok 3 - Equals
ok 4 - Equals
ok 5 - Equals
ok 6 - Equals
ok 7 - Equals
ok 8 - Equals
ok 9 - Equals
</system-out>
    <testcase name="Equals (302)" classname="spec_perl_TestBitsByteAligned_t" time="0.000282049179077148" />
    <testcase name="Equals (303)" classname="spec_perl_TestBitsByteAligned_t" time="8.67843627929688e-05" />
    <testcase name="Equals (304)" classname="spec_perl_TestBitsByteAligned_t" time="5.91278076171875e-05" />
    <testcase name="Equals (305)" classname="spec_perl_TestBitsByteAligned_t" time="0.000143051147460938" />
    <testcase name="Equals (306)" classname="spec_perl_TestBitsByteAligned_t" time="0.0001068115234375" />
    <testcase name="Equals (307)" classname="spec_perl_TestBitsByteAligned_t" time="0.00014805793762207" />
    <testcase name="Equals (308)" classname="spec_perl_TestBitsByteAligned_t" time="0.000120162963867188" />
    <testcase name="Equals (309)" classname="spec_perl_TestBitsByteAligned_t" time="0.00014495849609375" />
    <testcase name="Equals (310)" classname="spec_perl_TestBitsByteAligned_t" time="0.000114917755126953" />
  </testsuite>
  <testsuite name="spec_perl_TestCastToImported_t" errors="0" failures="0" skipped="0" tests="2" time="0.0439310073852539">
    <system-out>1..2
ok 1 - Equals
ok 2 - Equals
</system-out>
    <testcase name="Equals (311)" classname="spec_perl_TestCastToImported_t" time="0.000193119049072266" />
    <testcase name="Equals (312)" classname="spec_perl_TestCastToImported_t" time="9.10758972167969e-05" />
  </testsuite>
  <testsuite name="spec_perl_TestZlibWithHeader78_t" errors="0" failures="0" skipped="0" tests="1" time="0.0616829395294189">
    <system-out>1..1
ok 1 - Equals
</system-out>
    <testcase name="Equals (313)" classname="spec_perl_TestZlibWithHeader78_t" time="0.000267982482910156" />
  </testsuite>
  <testsuite name="spec_perl_TestProcessXorConst_t" errors="0" failures="0" skipped="0" tests="2" time="0.0415990352630615">
    <system-out>1..2
ok 1 - Equals
ok 2 - Equals
</system-out>
    <testcase name="Equals (314)" classname="spec_perl_TestProcessXorConst_t" time="0.000164985656738281" />
    <testcase name="Equals (315)" classname="spec_perl_TestProcessXorConst_t" time="6.91413879394531e-05" />
  </testsuite>
  <testsuite name="spec_perl_TestEnumIntRangeU_t" errors="0" failures="0" skipped="0" tests="2" time="0.0420858860015869">
    <system-out>1..2
ok 1 - Equals
ok 2 - Equals
</system-out>
    <testcase name="Equals (316)" classname="spec_perl_TestEnumIntRangeU_t" time="0.00020599365234375" />
    <testcase name="Equals (317)" classname="spec_perl_TestEnumIntRangeU_t" time="8.29696655273438e-05" />
  </testsuite>
  <testsuite name="spec_perl_TestBitsSeqEndianCombo_t" errors="0" failures="0" skipped="0" tests="8" time="0.0431609153747559">
    <system-out>1..8
ok 1 - Equals
ok 2 - Equals
ok 3 - Equals
ok 4 - Equals
ok 5 - Equals
ok 6 - Equals
ok 7 - Equals
ok 8 - Equals
</system-out>
    <testcase name="Equals (318)" classname="spec_perl_TestBitsSeqEndianCombo_t" time="0.00026702880859375" />
    <testcase name="Equals (319)" classname="spec_perl_TestBitsSeqEndianCombo_t" time="7.70092010498047e-05" />
    <testcase name="Equals (320)" classname="spec_perl_TestBitsSeqEndianCombo_t" time="0.000123023986816406" />
    <testcase name="Equals (321)" classname="spec_perl_TestBitsSeqEndianCombo_t" time="0.000123977661132812" />
    <testcase name="Equals (322)" classname="spec_perl_TestBitsSeqEndianCombo_t" time="0.000132083892822266" />
    <testcase name="Equals (323)" classname="spec_perl_TestBitsSeqEndianCombo_t" time="0.000123023986816406" />
    <testcase name="Equals (324)" classname="spec_perl_TestBitsSeqEndianCombo_t" time="0.00014805793762207" />
    <testcase name="Equals (325)" classname="spec_perl_TestBitsSeqEndianCombo_t" time="0.000110864639282227" />
  </testsuite>
  <testsuite name="spec_perl_TestFloatToI_t" errors="0" failures="0" skipped="0" tests="8" time="0.043133020401001">
    <system-out>1..8
ok 1 - Equals
ok 2 - Equals
ok 3 - Equals
ok 4 - Equals
ok 5 - Equals
ok 6 - Equals
ok 7 - Equals
ok 8 - Equals
</system-out>
    <testcase name="Equals (326)" classname="spec_perl_TestFloatToI_t" time="0.000167131423950195" />
    <testcase name="Equals (327)" classname="spec_perl_TestFloatToI_t" time="6.89029693603516e-05" />
    <testcase name="Equals (328)" classname="spec_perl_TestFloatToI_t" time="0.000154018402099609" />
    <testcase name="Equals (329)" classname="spec_perl_TestFloatToI_t" time="0.000123023986816406" />
    <testcase name="Equals (330)" classname="spec_perl_TestFloatToI_t" time="0.000139951705932617" />
    <testcase name="Equals (331)" classname="spec_perl_TestFloatToI_t" time="0.000135898590087891" />
    <testcase name="Equals (332)" classname="spec_perl_TestFloatToI_t" time="0.00012516975402832" />
    <testcase name="Equals (333)" classname="spec_perl_TestFloatToI_t" time="0.000120878219604492" />
  </testsuite>
  <testsuite name="spec_perl_TestImportsAbsRel_t" errors="0" failures="0" skipped="0" tests="3" time="0.0431768894195557">
    <system-out>1..3
ok 1 - Equals
ok 2 - Equals
ok 3 - Equals
</system-out>
    <testcase name="Equals (334)" classname="spec_perl_TestImportsAbsRel_t" time="0.000174999237060547" />
    <testcase name="Equals (335)" classname="spec_perl_TestImportsAbsRel_t" time="7.70092010498047e-05" />
    <testcase name="Equals (336)" classname="spec_perl_TestImportsAbsRel_t" time="0.000143051147460938" />
  </testsuite>
  <testsuite name="spec_perl_TestSwitchManualStr_t" errors="0" failures="0" skipped="0" tests="9" time="0.0469920635223389">
    <system-out>1..9
ok 1 - Equals
ok 2 - Equals
ok 3 - Equals
ok 4 - Equals
ok 5 - Equals
ok 6 - Equals
ok 7 - Equals
ok 8 - Equals
ok 9 - Equals
</system-out>
    <testcase name="Equals (337)" classname="spec_perl_TestSwitchManualStr_t" time="0.000268936157226562" />
    <testcase name="Equals (338)" classname="spec_perl_TestSwitchManualStr_t" time="8.29696655273438e-05" />
    <testcase name="Equals (339)" classname="spec_perl_TestSwitchManualStr_t" time="0.00011897087097168" />
    <testcase name="Equals (340)" classname="spec_perl_TestSwitchManualStr_t" time="0.000144004821777344" />
    <testcase name="Equals (341)" classname="spec_perl_TestSwitchManualStr_t" time="0.000112056732177734" />
    <testcase name="Equals (342)" classname="spec_perl_TestSwitchManualStr_t" time="0.000149011611938477" />
    <testcase name="Equals (343)" classname="spec_perl_TestSwitchManualStr_t" time="0.000117063522338867" />
    <testcase name="Equals (344)" classname="spec_perl_TestSwitchManualStr_t" time="0.000120878219604492" />
    <testcase name="Equals (345)" classname="spec_perl_TestSwitchManualStr_t" time="0.000154972076416016" />
  </testsuite>
  <testsuite name="spec_perl_TestNestedSameName_t" errors="0" failures="0" skipped="0" tests="2" time="0.0420470237731934">
    <system-out>1..2
ok 1 - Equals
ok 2 - Equals
</system-out>
    <testcase name="Equals (346)" classname="spec_perl_TestNestedSameName_t" time="0.000194072723388672" />
    <testcase name="Equals (347)" classname="spec_perl_TestNestedSameName_t" time="7.41481781005859e-05" />
  </testsuite>
  <testsuite name="spec_perl_TestTermStrz_t" errors="0" failures="0" skipped="0" tests="3" time="0.0460708141326904">
    <system-out>1..3
ok 1 - Equals
ok 2 - Equals
ok 3 - Equals
</system-out>
    <testcase name="Equals (348)" classname="spec_perl_TestTermStrz_t" time="0.000293970108032227" />
    <testcase name="Equals (349)" classname="spec_perl_TestTermStrz_t" time="7.79628753662109e-05" />
    <testcase name="Equals (350)" classname="spec_perl_TestTermStrz_t" time="9.20295715332031e-05" />
  </testsuite>
  <testsuite name="spec_perl_TestPositionInSeq_t" errors="0" failures="0" skipped="0" tests="1" time="0.0419921875">
    <system-out>1..1
ok 1 - Equals
</system-out>
    <testcase name="Equals (351)" classname="spec_perl_TestPositionInSeq_t" time="0.000249862670898438" />
  </testsuite>
  <testsuite name="spec_perl_TestProcessCoerceSwitch_t" errors="0" failures="0" skipped="0" tests="3" time="0.0421769618988037">
    <system-out>1..3
ok 1 - Equals
ok 2 - Equals
ok 3 - Equals
</system-out>
    <testcase name="Equals (352)" classname="spec_perl_TestProcessCoerceSwitch_t" time="0.000433921813964844" />
    <testcase name="Equals (353)" classname="spec_perl_TestProcessCoerceSwitch_t" time="0.00011897087097168" />
    <testcase name="Equals (354)" classname="spec_perl_TestProcessCoerceSwitch_t" time="6.41345977783203e-05" />
  </testsuite>
  <testsuite name="spec_perl_TestBitsEnum_t" errors="0" failures="0" skipped="0" tests="3" time="0.0421228408813477">
    <system-out>1..3
ok 1 - Equals
ok 2 - Equals
ok 3 - Equals
</system-out>
    <testcase name="Equals (355)" classname="spec_perl_TestBitsEnum_t" time="0.000289201736450195" />
    <testcase name="Equals (356)" classname="spec_perl_TestBitsEnum_t" time="9.08374786376953e-05" />
    <testcase name="Equals (357)" classname="spec_perl_TestBitsEnum_t" time="0.000158071517944336" />
  </testsuite>
  <testsuite name="spec_perl_TestParamsPassArrayUsertype_t" errors="0" failures="1" skipped="4" tests="5" time="0.0542809963226318">
    <system-out>1..5
not ok 1 - test_params_pass_array_usertype died (Can't use an undefined value as an ARRAY reference at compiled/perl/ParamsPassArrayUsertype.pm line 123.)
ok 2 # skip test_params_pass_array_usertype died
ok 3 # skip test_params_pass_array_usertype died
ok 4 # skip test_params_pass_array_usertype died
ok 5 # skip test_params_pass_array_usertype died
</system-out>
    <testcase name="test_params_pass_array_usertype died (Can't use an undefined value as an ARRAY reference at compiled/perl/ParamsPassArrayUsertype.pm line 123.) (357)" classname="spec_perl_TestParamsPassArrayUsertype_t" time="0.000280141830444336">
      <failure message="not ok 1 - test_params_pass_array_usertype died (Can't use an undefined value as an ARRAY reference at compiled/perl/ParamsPassArrayUsertype.pm line 123.)" type="TAP::Parser::Result::Test"></failure>
    </testcase>
    <testcase name="Unnamed test case 357" classname="spec_perl_TestParamsPassArrayUsertype_t" time="0.000384807586669922">
      <skipped message="ok 2 # skip test_params_pass_array_usertype died" />
    </testcase>
    <testcase name="Unnamed test case 358" classname="spec_perl_TestParamsPassArrayUsertype_t" time="0.00038599967956543">
      <skipped message="ok 3 # skip test_params_pass_array_usertype died" />
    </testcase>
    <testcase name="Unnamed test case 359" classname="spec_perl_TestParamsPassArrayUsertype_t" time="0.000375986099243164">
      <skipped message="ok 4 # skip test_params_pass_array_usertype died" />
    </testcase>
    <testcase name="Unnamed test case 360" classname="spec_perl_TestParamsPassArrayUsertype_t" time="0.000346183776855469">
      <skipped message="ok 5 # skip test_params_pass_array_usertype died" />
    </testcase>
  </testsuite>
  <testsuite name="spec_perl_TestSwitchManualInt_t" errors="0" failures="0" skipped="0" tests="9" time="0.0460679531097412">
    <system-out>1..9
ok 1 - Equals
ok 2 - Equals
ok 3 - Equals
ok 4 - Equals
ok 5 - Equals
ok 6 - Equals
ok 7 - Equals
ok 8 - Equals
ok 9 - Equals
</system-out>
    <testcase name="Equals (360)" classname="spec_perl_TestSwitchManualInt_t" time="0.000277996063232422" />
    <testcase name="Equals (361)" classname="spec_perl_TestSwitchManualInt_t" time="0.000127077102661133" />
    <testcase name="Equals (362)" classname="spec_perl_TestSwitchManualInt_t" time="6.50882720947266e-05" />
    <testcase name="Equals (363)" classname="spec_perl_TestSwitchManualInt_t" time="0.000129938125610352" />
    <testcase name="Equals (364)" classname="spec_perl_TestSwitchManualInt_t" time="0.000133037567138672" />
    <testcase name="Equals (365)" classname="spec_perl_TestSwitchManualInt_t" time="0.000136852264404297" />
    <testcase name="Equals (366)" classname="spec_perl_TestSwitchManualInt_t" time="0.000126123428344727" />
    <testcase name="Equals (367)" classname="spec_perl_TestSwitchManualInt_t" time="0.000146865844726562" />
    <testcase name="Equals (368)" classname="spec_perl_TestSwitchManualInt_t" time="0.000123023986816406" />
  </testsuite>
  <testsuite name="spec_perl_TestDefaultEndianExprIsLe_t" errors="0" failures="0" skipped="0" tests="12" time="0.0438759326934814">
    <system-out>1..12
ok 1 - Equals
ok 2 - Equals
ok 3 - Equals
ok 4 - Equals
ok 5 - Equals
ok 6 - Equals
ok 7 - Equals
ok 8 - Equals
ok 9 - Equals
ok 10 - Equals
ok 11 - Equals
ok 12 - Equals
</system-out>
    <testcase name="Equals (369)" classname="spec_perl_TestDefaultEndianExprIsLe_t" time="0.000298023223876953" />
    <testcase name="Equals (370)" classname="spec_perl_TestDefaultEndianExprIsLe_t" time="8.392333984375e-05" />
    <testcase name="Equals (371)" classname="spec_perl_TestDefaultEndianExprIsLe_t" time="5.79357147216797e-05" />
    <testcase name="Equals (372)" classname="spec_perl_TestDefaultEndianExprIsLe_t" time="0.000144004821777344" />
    <testcase name="Equals (373)" classname="spec_perl_TestDefaultEndianExprIsLe_t" time="0.000121116638183594" />
    <testcase name="Equals (374)" classname="spec_perl_TestDefaultEndianExprIsLe_t" time="0.000139951705932617" />
    <testcase name="Equals (375)" classname="spec_perl_TestDefaultEndianExprIsLe_t" time="0.000128030776977539" />
    <testcase name="Equals (376)" classname="spec_perl_TestDefaultEndianExprIsLe_t" time="0.000119924545288086" />
    <testcase name="Equals (377)" classname="spec_perl_TestDefaultEndianExprIsLe_t" time="0.0001220703125" />
    <testcase name="Equals (378)" classname="spec_perl_TestDefaultEndianExprIsLe_t" time="0.000123977661132812" />
    <testcase name="Equals (379)" classname="spec_perl_TestDefaultEndianExprIsLe_t" time="0.000120878219604492" />
    <testcase name="Equals (380)" classname="spec_perl_TestDefaultEndianExprIsLe_t" time="0.000141143798828125" />
  </testsuite>
  <testsuite name="spec_perl_TestProcessRotate_t" errors="0" failures="0" skipped="0" tests="3" time="0.0418581962585449">
    <system-out>1..3
ok 1 - Equals
ok 2 - Equals
ok 3 - Equals
</system-out>
    <testcase name="Equals (381)" classname="spec_perl_TestProcessRotate_t" time="0.000206947326660156" />
    <testcase name="Equals (382)" classname="spec_perl_TestProcessRotate_t" time="0.0001220703125" />
    <testcase name="Equals (383)" classname="spec_perl_TestProcessRotate_t" time="0.000125885009765625" />
  </testsuite>
  <testsuite name="spec_perl_TestDebugSwitchUser_t" errors="1" failures="0" skipped="0" tests="0" time="0.0567278861999512">
    <system-out></system-out>
    <testcase name="Test died too soon, even before plan. (383)" classname="spec_perl_TestDebugSwitchUser_t" time="0.0567278861999512">
      <failure message="The test suite died before a plan was produced. You need to have a plan." type="Plan">No plan</failure>
    </testcase>
  </testsuite>
  <testsuite name="spec_perl_TestExprCalcArrayOps_t" errors="0" failures="1" skipped="17" tests="18" time="0.0546269416809082">
    <system-out>1..18
not ok 1 - test_expr_calc_array_ops died (Can't use string (&quot;1000&quot;) as an ARRAY ref while &quot;strict refs&quot; in use at compiled/perl/ExprCalcArrayOps.pm line 50.)
ok 2 # skip test_expr_calc_array_ops died
ok 3 # skip test_expr_calc_array_ops died
ok 4 # skip test_expr_calc_array_ops died
ok 5 # skip test_expr_calc_array_ops died
ok 6 # skip test_expr_calc_array_ops died
ok 7 # skip test_expr_calc_array_ops died
ok 8 # skip test_expr_calc_array_ops died
ok 9 # skip test_expr_calc_array_ops died
ok 10 # skip test_expr_calc_array_ops died
ok 11 # skip test_expr_calc_array_ops died
ok 12 # skip test_expr_calc_array_ops died
ok 13 # skip test_expr_calc_array_ops died
ok 14 # skip test_expr_calc_array_ops died
ok 15 # skip test_expr_calc_array_ops died
ok 16 # skip test_expr_calc_array_ops died
ok 17 # skip test_expr_calc_array_ops died
ok 18 # skip test_expr_calc_array_ops died
</system-out>
    <testcase name="test_expr_calc_array_ops died (Can't use string (&quot;1000&quot;) as an ARRAY ref while &quot;strict refs&quot; in use at compiled/perl/ExprCalcArrayOps.pm line 50.) (383)" classname="spec_perl_TestExprCalcArrayOps_t" time="0.000342130661010742">
      <failure message="not ok 1 - test_expr_calc_array_ops died (Can't use string (&quot;1000&quot;) as an ARRAY ref while &quot;strict refs&quot; in use at compiled/perl/ExprCalcArrayOps.pm line 50.)" type="TAP::Parser::Result::Test"></failure>
    </testcase>
    <testcase name="Unnamed test case 383" classname="spec_perl_TestExprCalcArrayOps_t" time="0.00198602676391602">
      <skipped message="ok 2 # skip test_expr_calc_array_ops died" />
    </testcase>
    <testcase name="Unnamed test case 384" classname="spec_perl_TestExprCalcArrayOps_t" time="9.20295715332031e-05">
      <skipped message="ok 3 # skip test_expr_calc_array_ops died" />
    </testcase>
    <testcase name="Unnamed test case 385" classname="spec_perl_TestExprCalcArrayOps_t" time="8.67843627929688e-05">
      <skipped message="ok 4 # skip test_expr_calc_array_ops died" />
    </testcase>
    <testcase name="Unnamed test case 386" classname="spec_perl_TestExprCalcArrayOps_t" time="0.000167131423950195">
      <skipped message="ok 5 # skip test_expr_calc_array_ops died" />
    </testcase>
    <testcase name="Unnamed test case 387" classname="spec_perl_TestExprCalcArrayOps_t" time="0.000120878219604492">
      <skipped message="ok 6 # skip test_expr_calc_array_ops died" />
    </testcase>
    <testcase name="Unnamed test case 388" classname="spec_perl_TestExprCalcArrayOps_t" time="0.000159025192260742">
      <skipped message="ok 7 # skip test_expr_calc_array_ops died" />
    </testcase>
    <testcase name="Unnamed test case 389" classname="spec_perl_TestExprCalcArrayOps_t" time="0.000607967376708984">
      <skipped message="ok 8 # skip test_expr_calc_array_ops died" />
    </testcase>
    <testcase name="Unnamed test case 390" classname="spec_perl_TestExprCalcArrayOps_t" time="0.000202178955078125">
      <skipped message="ok 9 # skip test_expr_calc_array_ops died" />
    </testcase>
    <testcase name="Unnamed test case 391" classname="spec_perl_TestExprCalcArrayOps_t" time="0.00018000602722168">
      <skipped message="ok 10 # skip test_expr_calc_array_ops died" />
    </testcase>
    <testcase name="Unnamed test case 392" classname="spec_perl_TestExprCalcArrayOps_t" time="0.000118017196655273">
      <skipped message="ok 11 # skip test_expr_calc_array_ops died" />
    </testcase>
    <testcase name="Unnamed test case 393" classname="spec_perl_TestExprCalcArrayOps_t" time="0.000133991241455078">
      <skipped message="ok 12 # skip test_expr_calc_array_ops died" />
    </testcase>
    <testcase name="Unnamed test case 394" classname="spec_perl_TestExprCalcArrayOps_t" time="0.000136852264404297">
      <skipped message="ok 13 # skip test_expr_calc_array_ops died" />
    </testcase>
    <testcase name="Unnamed test case 395" classname="spec_perl_TestExprCalcArrayOps_t" time="0.000121116638183594">
      <skipped message="ok 14 # skip test_expr_calc_array_ops died" />
    </testcase>
    <testcase name="Unnamed test case 396" classname="spec_perl_TestExprCalcArrayOps_t" time="0.000128984451293945">
      <skipped message="ok 15 # skip test_expr_calc_array_ops died" />
    </testcase>
    <testcase name="Unnamed test case 397" classname="spec_perl_TestExprCalcArrayOps_t" time="0.000131845474243164">
      <skipped message="ok 16 # skip test_expr_calc_array_ops died" />
    </testcase>
    <testcase name="Unnamed test case 398" classname="spec_perl_TestExprCalcArrayOps_t" time="0.00015711784362793">
      <skipped message="ok 17 # skip test_expr_calc_array_ops died" />
    </testcase>
    <testcase name="Unnamed test case 399" classname="spec_perl_TestExprCalcArrayOps_t" time="0.00011897087097168">
      <skipped message="ok 18 # skip test_expr_calc_array_ops died" />
    </testcase>
  </testsuite>
  <testsuite name="spec_perl_TestEnum0_t" errors="0" failures="0" skipped="0" tests="2" time="0.042057991027832">
    <system-out>1..2
ok 1 - Equals
ok 2 - Equals
</system-out>
    <testcase name="Equals (399)" classname="spec_perl_TestEnum0_t" time="0.000160932540893555" />
    <testcase name="Equals (400)" classname="spec_perl_TestEnum0_t" time="6.79492950439453e-05" />
  </testsuite>
  <testsuite name="spec_perl_TestFloatingPoints_t" errors="0" failures="0" skipped="0" tests="8" time="0.0463740825653076">
    <system-out>1..8
ok 1 - Approx equals
ok 2 - Approx equals
ok 3 - Approx equals
ok 4 - Approx equals
ok 5 - Approx equals
ok 6 - Approx equals
ok 7 - Approx equals
ok 8 - Approx equals
</system-out>
    <testcase name="Approx equals (400)" classname="spec_perl_TestFloatingPoints_t" time="0.000154972076416016" />
    <testcase name="Approx equals (401)" classname="spec_perl_TestFloatingPoints_t" time="5.41210174560547e-05" />
    <testcase name="Approx equals (402)" classname="spec_perl_TestFloatingPoints_t" time="6.07967376708984e-05" />
    <testcase name="Approx equals (403)" classname="spec_perl_TestFloatingPoints_t" time="4.41074371337891e-05" />
    <testcase name="Approx equals (404)" classname="spec_perl_TestFloatingPoints_t" time="4.1961669921875e-05" />
    <testcase name="Approx equals (405)" classname="spec_perl_TestFloatingPoints_t" time="4.00543212890625e-05" />
    <testcase name="Approx equals (406)" classname="spec_perl_TestFloatingPoints_t" time="5.38825988769531e-05" />
    <testcase name="Approx equals (407)" classname="spec_perl_TestFloatingPoints_t" time="3.91006469726562e-05" />
  </testsuite>
  <testsuite name="spec_perl_TestSwitchManualIntSizeElse_t" errors="0" failures="0" skipped="0" tests="10" time="0.0582160949707031">
    <system-out>1..10
ok 1 - Equals
ok 2 - Equals
ok 3 - Equals
ok 4 - Equals
ok 5 - Equals
ok 6 - Equals
ok 7 - Equals
ok 8 - Equals
ok 9 - Equals
ok 10 - Equals
</system-out>
    <testcase name="Equals (407)" classname="spec_perl_TestSwitchManualIntSizeElse_t" time="0.000595808029174805" />
    <testcase name="Equals (408)" classname="spec_perl_TestSwitchManualIntSizeElse_t" time="9.01222229003906e-05" />
    <testcase name="Equals (409)" classname="spec_perl_TestSwitchManualIntSizeElse_t" time="8.10623168945312e-05" />
    <testcase name="Equals (410)" classname="spec_perl_TestSwitchManualIntSizeElse_t" time="0.000159025192260742" />
    <testcase name="Equals (411)" classname="spec_perl_TestSwitchManualIntSizeElse_t" time="0.000124931335449219" />
    <testcase name="Equals (412)" classname="spec_perl_TestSwitchManualIntSizeElse_t" time="0.000155925750732422" />
    <testcase name="Equals (413)" classname="spec_perl_TestSwitchManualIntSizeElse_t" time="0.000118017196655273" />
    <testcase name="Equals (414)" classname="spec_perl_TestSwitchManualIntSizeElse_t" time="0.000173091888427734" />
    <testcase name="Equals (415)" classname="spec_perl_TestSwitchManualIntSizeElse_t" time="0.000126838684082031" />
    <testcase name="Equals (416)" classname="spec_perl_TestSwitchManualIntSizeElse_t" time="0.000151157379150391" />
  </testsuite>
  <testsuite name="spec_perl_TestTypeTernaryOpaque_t" errors="0" failures="0" skipped="0" tests="3" time="0.0573179721832275">
    <system-out>1..3
ok 1 - Equals
ok 2 - Equals
ok 3 - Equals
</system-out>
    <testcase name="Equals (417)" classname="spec_perl_TestTypeTernaryOpaque_t" time="0.00052189826965332" />
    <testcase name="Equals (418)" classname="spec_perl_TestTypeTernaryOpaque_t" time="9.51290130615234e-05" />
    <testcase name="Equals (419)" classname="spec_perl_TestTypeTernaryOpaque_t" time="5.79357147216797e-05" />
  </testsuite>
  <testsuite name="spec_perl_TestIoLocalVar_t" errors="0" failures="0" skipped="0" tests="2" time="0.0425240993499756">
    <system-out>1..2
ok 1 - Equals
ok 2 - Equals
</system-out>
    <testcase name="Equals (420)" classname="spec_perl_TestIoLocalVar_t" time="0.0004730224609375" />
    <testcase name="Equals (421)" classname="spec_perl_TestIoLocalVar_t" time="8.79764556884766e-05" />
  </testsuite>
  <testsuite name="spec_perl_TestSwitchManualIntSizeEos_t" errors="0" failures="0" skipped="0" tests="10" time="0.0472288131713867">
    <system-out>1..10
ok 1 - Equals
ok 2 - Equals
ok 3 - Equals
ok 4 - Equals
ok 5 - Equals
ok 6 - Equals
ok 7 - Equals
ok 8 - Equals
ok 9 - Equals
ok 10 - Equals
</system-out>
    <testcase name="Equals (422)" classname="spec_perl_TestSwitchManualIntSizeEos_t" time="0.000678062438964844" />
    <testcase name="Equals (423)" classname="spec_perl_TestSwitchManualIntSizeEos_t" time="0.000136852264404297" />
    <testcase name="Equals (424)" classname="spec_perl_TestSwitchManualIntSizeEos_t" time="6.69956207275391e-05" />
    <testcase name="Equals (425)" classname="spec_perl_TestSwitchManualIntSizeEos_t" time="5.60283660888672e-05" />
    <testcase name="Equals (426)" classname="spec_perl_TestSwitchManualIntSizeEos_t" time="0.000152111053466797" />
    <testcase name="Equals (427)" classname="spec_perl_TestSwitchManualIntSizeEos_t" time="0.000145912170410156" />
    <testcase name="Equals (428)" classname="spec_perl_TestSwitchManualIntSizeEos_t" time="0.000138044357299805" />
    <testcase name="Equals (429)" classname="spec_perl_TestSwitchManualIntSizeEos_t" time="0.000157833099365234" />
    <testcase name="Equals (430)" classname="spec_perl_TestSwitchManualIntSizeEos_t" time="0.000113010406494141" />
    <testcase name="Equals (431)" classname="spec_perl_TestSwitchManualIntSizeEos_t" time="0.000153064727783203" />
  </testsuite>
  <testsuite name="spec_perl_TestStrPadTerm_t" errors="0" failures="0" skipped="0" tests="4" time="0.0454990863800049">
    <system-out>1..4
ok 1 - Equals
ok 2 - Equals
ok 3 - Equals
ok 4 - Equals
</system-out>
    <testcase name="Equals (432)" classname="spec_perl_TestStrPadTerm_t" time="0.000310182571411133" />
    <testcase name="Equals (433)" classname="spec_perl_TestStrPadTerm_t" time="9.48905944824219e-05" />
    <testcase name="Equals (434)" classname="spec_perl_TestStrPadTerm_t" time="5.91278076171875e-05" />
    <testcase name="Equals (435)" classname="spec_perl_TestStrPadTerm_t" time="0.000146865844726562" />
  </testsuite>
  <testsuite name="spec_perl_TestStrEncodings_t" errors="0" failures="0" skipped="0" tests="4" time="0.0668010711669922">
    <system-out>1..4
ok 1 - Equals
ok 2 - Equals
ok 3 - Equals
ok 4 - Equals
</system-out>
    <testcase name="Equals (436)" classname="spec_perl_TestStrEncodings_t" time="0.021028995513916" />
    <testcase name="Equals (437)" classname="spec_perl_TestStrEncodings_t" time="0.000110864639282227" />
    <testcase name="Equals (438)" classname="spec_perl_TestStrEncodings_t" time="6.31809234619141e-05" />
    <testcase name="Equals (439)" classname="spec_perl_TestStrEncodings_t" time="0.000139951705932617" />
  </testsuite>
  <testsuite name="spec_perl_TestBufferedStruct_t" errors="0" failures="0" skipped="0" tests="7" time="0.0430099964141846">
    <system-out>1..7
ok 1 - Equals
ok 2 - Equals
ok 3 - Equals
ok 4 - Equals
ok 5 - Equals
ok 6 - Equals
ok 7 - Equals
</system-out>
    <testcase name="Equals (440)" classname="spec_perl_TestBufferedStruct_t" time="0.000515937805175781" />
[...]
    <testcase name="Equals (745)" classname="spec_perl_TestSwitchManualStrElse_t" time="0.000110149383544922" />
    <testcase name="Equals (746)" classname="spec_perl_TestSwitchManualStrElse_t" time="0.000149965286254883" />
  </testsuite>
  <testsuite name="spec_perl_TestProcessRepeatBytes_t" errors="0" failures="0" skipped="0" tests="2" time="0.0478558540344238">
    <system-out>1..2
ok 1 - Equals
ok 2 - Equals
</system-out>
    <testcase name="Equals (747)" classname="spec_perl_TestProcessRepeatBytes_t" time="0.000216007232666016" />
    <testcase name="Equals (748)" classname="spec_perl_TestProcessRepeatBytes_t" time="7.58171081542969e-05" />
  </testsuite>
  <testsuite name="spec_perl_TestIfStruct_t" errors="0" failures="0" skipped="0" tests="7" time="0.0459220409393311">
    <system-out>1..7
ok 1 - Equals
ok 2 - Equals
ok 3 - Equals
ok 4 - Equals
ok 5 - Equals
ok 6 - Equals
ok 7 - Equals
</system-out>
    <testcase name="Equals (749)" classname="spec_perl_TestIfStruct_t" time="0.000303983688354492" />
    <testcase name="Equals (750)" classname="spec_perl_TestIfStruct_t" time="8.392333984375e-05" />
    <testcase name="Equals (751)" classname="spec_perl_TestIfStruct_t" time="8.20159912109375e-05" />
    <testcase name="Equals (752)" classname="spec_perl_TestIfStruct_t" time="0.000197172164916992" />
    <testcase name="Equals (753)" classname="spec_perl_TestIfStruct_t" time="6.58035278320312e-05" />
    <testcase name="Equals (754)" classname="spec_perl_TestIfStruct_t" time="0.000130176544189453" />
    <testcase name="Equals (755)" classname="spec_perl_TestIfStruct_t" time="0.000114917755126953" />
  </testsuite>
  <testsuite name="spec_perl_TestNestedTypes2_t" errors="0" failures="0" skipped="0" tests="7" time="0.0430347919464111">
    <system-out>1..7
ok 1 - Equals
ok 2 - Equals
ok 3 - Equals
ok 4 - Equals
ok 5 - Equals
ok 6 - Equals
ok 7 - Equals
</system-out>
    <testcase name="Equals (756)" classname="spec_perl_TestNestedTypes2_t" time="0.000272989273071289" />
    <testcase name="Equals (757)" classname="spec_perl_TestNestedTypes2_t" time="7.98702239990234e-05" />
    <testcase name="Equals (758)" classname="spec_perl_TestNestedTypes2_t" time="9.20295715332031e-05" />
    <testcase name="Equals (759)" classname="spec_perl_TestNestedTypes2_t" time="0.000152111053466797" />
    <testcase name="Equals (760)" classname="spec_perl_TestNestedTypes2_t" time="9.98973846435547e-05" />
    <testcase name="Equals (761)" classname="spec_perl_TestNestedTypes2_t" time="0.000141143798828125" />
    <testcase name="Equals (762)" classname="spec_perl_TestNestedTypes2_t" time="0.000117778778076172" />
  </testsuite>
  <testsuite name="spec_perl_TestExprBytesLiteral_t" errors="1" failures="0" skipped="0" tests="0" time="0.0442800521850586">
    <system-out></system-out>
    <testcase name="Test died too soon, even before plan. (762)" classname="spec_perl_TestExprBytesLiteral_t" time="0.0442800521850586">
      <failure message="The test suite died before a plan was produced. You need to have a plan." type="Plan">No plan</failure>
    </testcase>
  </testsuite>
  <testsuite name="spec_perl_TestSwitchCast_t" errors="0" failures="0" skipped="0" tests="2" time="0.0453000068664551">
    <system-out>1..2
ok 1 - Equals
ok 2 - Equals
</system-out>
    <testcase name="Equals (763)" classname="spec_perl_TestSwitchCast_t" time="0.000252962112426758" />
    <testcase name="Equals (764)" classname="spec_perl_TestSwitchCast_t" time="7.51018524169922e-05" />
  </testsuite>
  <testsuite name="spec_perl_TestIntegersDoubleOverflow_t" errors="0" failures="0" skipped="0" tests="8" time="0.0440211296081543">
    <system-out>1..8
ok 1 - Equals
ok 2 - Equals
ok 3 - Equals
ok 4 - Equals
ok 5 - Equals
ok 6 - Equals
ok 7 - Equals
ok 8 - Equals
</system-out>
    <testcase name="Equals (765)" classname="spec_perl_TestIntegersDoubleOverflow_t" time="0.000226974487304688" />
    <testcase name="Equals (766)" classname="spec_perl_TestIntegersDoubleOverflow_t" time="7.51018524169922e-05" />
    <testcase name="Equals (767)" classname="spec_perl_TestIntegersDoubleOverflow_t" time="0.000133037567138672" />
    <testcase name="Equals (768)" classname="spec_perl_TestIntegersDoubleOverflow_t" time="0.000127792358398438" />
    <testcase name="Equals (769)" classname="spec_perl_TestIntegersDoubleOverflow_t" time="0.000113010406494141" />
    <testcase name="Equals (770)" classname="spec_perl_TestIntegersDoubleOverflow_t" time="0.000154972076416016" />
    <testcase name="Equals (771)" classname="spec_perl_TestIntegersDoubleOverflow_t" time="0.000115156173706055" />
    <testcase name="Equals (772)" classname="spec_perl_TestIntegersDoubleOverflow_t" time="0.00014805793762207" />
  </testsuite>
  <testsuite name="spec_perl_TestStrLiterals_t" errors="0" failures="0" skipped="0" tests="5" time="0.0433220863342285">
    <system-out>1..5
ok 1 - Equals
ok 2 - Equals
ok 3 - Equals
ok 4 - Equals
ok 5 - Equals
</system-out>
    <testcase name="Equals (773)" classname="spec_perl_TestStrLiterals_t" time="0.00017094612121582" />
    <testcase name="Equals (774)" classname="spec_perl_TestStrLiterals_t" time="0.000124216079711914" />
    <testcase name="Equals (775)" classname="spec_perl_TestStrLiterals_t" time="0.000137805938720703" />
    <testcase name="Equals (776)" classname="spec_perl_TestStrLiterals_t" time="0.000154018402099609" />
    <testcase name="Equals (777)" classname="spec_perl_TestStrLiterals_t" time="0.000158071517944336" />
  </testsuite>
  <testsuite name="spec_perl_TestEnumForUnknownId_t" errors="0" failures="0" skipped="0" tests="1" time="0.042125940322876">
    <system-out>1..1
ok 1 - Equals
</system-out>
    <testcase name="Equals (778)" classname="spec_perl_TestEnumForUnknownId_t" time="0.000231027603149414" />
  </testsuite>
  <testsuite name="spec_perl_TestCombineBool_t" errors="0" failures="0" skipped="0" tests="2" time="0.0446300506591797">
    <system-out>1..2
ok 1 - Equals
ok 2 - Equals
</system-out>
    <testcase name="Equals (779)" classname="spec_perl_TestCombineBool_t" time="0.000224828720092773" />
    <testcase name="Equals (780)" classname="spec_perl_TestCombineBool_t" time="7.51018524169922e-05" />
  </testsuite>
  <testsuite name="spec_perl_TestCastToTop_t" errors="0" failures="0" skipped="0" tests="3" time="0.042503833770752">
    <system-out>1..3
ok 1 - Equals
ok 2 - Equals
ok 3 - Equals
</system-out>
    <testcase name="Equals (781)" classname="spec_perl_TestCastToTop_t" time="0.00020599365234375" />
    <testcase name="Equals (782)" classname="spec_perl_TestCastToTop_t" time="7.79628753662109e-05" />
    <testcase name="Equals (783)" classname="spec_perl_TestCastToTop_t" time="0.000106096267700195" />
  </testsuite>
  <testsuite name="spec_perl_TestEnum1_t" errors="0" failures="0" skipped="0" tests="2" time="0.0426051616668701">
    <system-out>1..2
ok 1 - Equals
ok 2 - Equals
</system-out>
    <testcase name="Equals (784)" classname="spec_perl_TestEnum1_t" time="0.00020909309387207" />
    <testcase name="Equals (785)" classname="spec_perl_TestEnum1_t" time="7.20024108886719e-05" />
  </testsuite>
  <testsuite name="spec_perl_TestImportsCircularA_t" errors="0" failures="0" skipped="0" tests="5" time="0.0422289371490479">
    <system-out>1..5
ok 1 - Equals
ok 2 - Equals
ok 3 - Equals
ok 4 - Equals
ok 5 - nil
</system-out>
    <testcase name="Equals (786)" classname="spec_perl_TestImportsCircularA_t" time="0.000237941741943359" />
    <testcase name="Equals (787)" classname="spec_perl_TestImportsCircularA_t" time="8.392333984375e-05" />
    <testcase name="Equals (788)" classname="spec_perl_TestImportsCircularA_t" time="0.000153064727783203" />
    <testcase name="Equals (789)" classname="spec_perl_TestImportsCircularA_t" time="0.000120878219604492" />
    <testcase name="nil (789)" classname="spec_perl_TestImportsCircularA_t" time="6.103515625e-05" />
  </testsuite>
  <testsuite name="spec_perl_TestDefaultBitEndianMod_t" errors="0" failures="0" skipped="0" tests="4" time="0.0426759719848633">
    <system-out>1..4
ok 1 - Equals
ok 2 - Equals
ok 3 - Equals
ok 4 - Equals
</system-out>
    <testcase name="Equals (790)" classname="spec_perl_TestDefaultBitEndianMod_t" time="0.000256061553955078" />
    <testcase name="Equals (791)" classname="spec_perl_TestDefaultBitEndianMod_t" time="0.000108003616333008" />
    <testcase name="Equals (792)" classname="spec_perl_TestDefaultBitEndianMod_t" time="0.000143051147460938" />
    <testcase name="Equals (793)" classname="spec_perl_TestDefaultBitEndianMod_t" time="0.000129938125610352" />
  </testsuite>
  <testsuite name="spec_perl_TestMetaTags_t" errors="0" failures="0" skipped="1" tests="1" time="0.0432689189910889">
    <system-out>1..1
ok 1 # skip MetaTags=HASH(0x12a1d68)
</system-out>
    <testcase name="Unnamed test case 793" classname="spec_perl_TestMetaTags_t" time="0.00116896629333496">
      <skipped message="ok 1 # skip MetaTags=HASH(0x12a1d68)" />
    </testcase>
  </testsuite>
  <testsuite name="spec_perl_TestSwitchManualEnumInvalidElse_t" errors="0" failures="0" skipped="0" tests="5" time="0.0458500385284424">
    <system-out>1..5
ok 1 - Equals
ok 2 - Equals
ok 3 - Equals
ok 4 - Equals
ok 5 - Equals
</system-out>
    <testcase name="Equals (794)" classname="spec_perl_TestSwitchManualEnumInvalidElse_t" time="0.000257968902587891" />
    <testcase name="Equals (795)" classname="spec_perl_TestSwitchManualEnumInvalidElse_t" time="8.10623168945312e-05" />
    <testcase name="Equals (796)" classname="spec_perl_TestSwitchManualEnumInvalidElse_t" time="0.000119924545288086" />
    <testcase name="Equals (797)" classname="spec_perl_TestSwitchManualEnumInvalidElse_t" time="0.000145196914672852" />
    <testcase name="Equals (798)" classname="spec_perl_TestSwitchManualEnumInvalidElse_t" time="0.000110864639282227" />
  </testsuite>
  <testsuite name="spec_perl_TestEofExceptionBytes_t" errors="0" failures="0" skipped="0" tests="1" time="0.0478730201721191">
    <system-out>1..1
ok 1 - Died
</system-out>
    <testcase name="Died (798)" classname="spec_perl_TestEofExceptionBytes_t" time="0.000180959701538086" />
  </testsuite>
  <testsuite name="spec_perl_TestCombineStr_t" errors="0" failures="0" skipped="0" tests="15" time="0.0479898452758789">
    <system-out>1..15
ok 1 - Equals
ok 2 - Equals
ok 3 - Equals
ok 4 - Equals
ok 5 - Equals
ok 6 - Equals
ok 7 - Equals
ok 8 - Equals
ok 9 - Equals
ok 10 - Equals
ok 11 - Equals
ok 12 - Equals
ok 13 - Equals
ok 14 - Equals
ok 15 - Equals
</system-out>
    <testcase name="Equals (799)" classname="spec_perl_TestCombineStr_t" time="0.000206947326660156" />
    <testcase name="Equals (800)" classname="spec_perl_TestCombineStr_t" time="7.29560852050781e-05" />
    <testcase name="Equals (801)" classname="spec_perl_TestCombineStr_t" time="0.000138044357299805" />
    <testcase name="Equals (802)" classname="spec_perl_TestCombineStr_t" time="0.000253915786743164" />
    <testcase name="Equals (803)" classname="spec_perl_TestCombineStr_t" time="0.000192165374755859" />
    <testcase name="Equals (804)" classname="spec_perl_TestCombineStr_t" time="0.000130891799926758" />
    <testcase name="Equals (805)" classname="spec_perl_TestCombineStr_t" time="0.000154018402099609" />
    <testcase name="Equals (806)" classname="spec_perl_TestCombineStr_t" time="0.000146865844726562" />
    <testcase name="Equals (807)" classname="spec_perl_TestCombineStr_t" time="0.000107049942016602" />
    <testcase name="Equals (808)" classname="spec_perl_TestCombineStr_t" time="0.00014805793762207" />
    <testcase name="Equals (809)" classname="spec_perl_TestCombineStr_t" time="0.000113964080810547" />
    <testcase name="Equals (810)" classname="spec_perl_TestCombineStr_t" time="0.000162124633789062" />
    <testcase name="Equals (811)" classname="spec_perl_TestCombineStr_t" time="0.000125885009765625" />
    <testcase name="Equals (812)" classname="spec_perl_TestCombineStr_t" time="0.000154018402099609" />
    <testcase name="Equals (813)" classname="spec_perl_TestCombineStr_t" time="0.000112056732177734" />
  </testsuite>
  <testsuite name="spec_perl_TestProcessCustom_t" errors="1" failures="0" skipped="0" tests="0" time="0.0406160354614258">
    <system-out></system-out>
    <testcase name="Test died too soon, even before plan. (813)" classname="spec_perl_TestProcessCustom_t" time="0.0406160354614258">
      <failure message="The test suite died before a plan was produced. You need to have a plan." type="Plan">No plan</failure>
    </testcase>
  </testsuite>
  <testsuite name="spec_perl_TestEnumDeepLiterals_t" errors="0" failures="0" skipped="0" tests="2" time="0.0421640872955322">
    <system-out>1..2
ok 1 - Equals
ok 2 - Equals
</system-out>
    <testcase name="Equals (814)" classname="spec_perl_TestEnumDeepLiterals_t" time="0.000205039978027344" />
    <testcase name="Equals (815)" classname="spec_perl_TestEnumDeepLiterals_t" time="7.70092010498047e-05" />
  </testsuite>
  <testsuite name="spec_perl_TestProcessXorValue_t" errors="0" failures="0" skipped="0" tests="2" time="0.0418999195098877">
    <system-out>1..2
ok 1 - Equals
ok 2 - Equals
</system-out>
    <testcase name="Equals (816)" classname="spec_perl_TestProcessXorValue_t" time="0.000164985656738281" />
    <testcase name="Equals (817)" classname="spec_perl_TestProcessXorValue_t" time="7.29560852050781e-05" />
  </testsuite>
  <testsuite name="spec_perl_TestNavParentVsValueInst_t" errors="0" failures="0" skipped="0" tests="1" time="0.0444750785827637">
    <system-out>1..1
ok 1 - Equals
</system-out>
    <testcase name="Equals (818)" classname="spec_perl_TestNavParentVsValueInst_t" time="0.000252962112426758" />
  </testsuite>
  <testsuite name="spec_perl_TestEnumDeep_t" errors="0" failures="0" skipped="0" tests="2" time="0.0419449806213379">
    <system-out>1..2
ok 1 - Equals
ok 2 - Equals
</system-out>
    <testcase name="Equals (819)" classname="spec_perl_TestEnumDeep_t" time="0.00020289421081543" />
    <testcase name="Equals (820)" classname="spec_perl_TestEnumDeep_t" time="7.51018524169922e-05" />
  </testsuite>
  <testsuite name="spec_perl_TestExprIoPos_t" errors="0" failures="0" skipped="0" tests="6" time="0.0457091331481934">
    <system-out>1..6
ok 1 - Equals
ok 2 - Equals
ok 3 - Equals
ok 4 - Equals
ok 5 - Equals
ok 6 - Equals
</system-out>
    <testcase name="Equals (821)" classname="spec_perl_TestExprIoPos_t" time="0.000512838363647461" />
    <testcase name="Equals (822)" classname="spec_perl_TestExprIoPos_t" time="0.000120162963867188" />
    <testcase name="Equals (823)" classname="spec_perl_TestExprIoPos_t" time="6.29425048828125e-05" />
    <testcase name="Equals (824)" classname="spec_perl_TestExprIoPos_t" time="0.000129938125610352" />
    <testcase name="Equals (825)" classname="spec_perl_TestExprIoPos_t" time="0.000121116638183594" />
    <testcase name="Equals (826)" classname="spec_perl_TestExprIoPos_t" time="0.000128984451293945" />
  </testsuite>
  <testsuite name="spec_perl_TestValidShort_t" errors="1" failures="0" skipped="0" tests="0" time="0.044795036315918">
    <system-out></system-out>
    <testcase name="Test died too soon, even before plan. (826)" classname="spec_perl_TestValidShort_t" time="0.044795036315918">
      <failure message="The test suite died before a plan was produced. You need to have a plan." type="Plan">No plan</failure>
    </testcase>
  </testsuite>
  <testsuite name="spec_perl_TestTsPacketHeader_t" errors="0" failures="0" skipped="0" tests="7" time="0.0435428619384766">
    <system-out>1..7
ok 1 - Equals
ok 2 - Equals
ok 3 - Equals
ok 4 - Equals
ok 5 - Equals
ok 6 - Equals
ok 7 - Equals
</system-out>
    <testcase name="Equals (827)" classname="spec_perl_TestTsPacketHeader_t" time="0.000248193740844727" />
    <testcase name="Equals (828)" classname="spec_perl_TestTsPacketHeader_t" time="8.29696655273438e-05" />
    <testcase name="Equals (829)" classname="spec_perl_TestTsPacketHeader_t" time="0.000133037567138672" />
    <testcase name="Equals (830)" classname="spec_perl_TestTsPacketHeader_t" time="0.000122785568237305" />
    <testcase name="Equals (831)" classname="spec_perl_TestTsPacketHeader_t" time="0.000137090682983398" />
    <testcase name="Equals (832)" classname="spec_perl_TestTsPacketHeader_t" time="0.000111103057861328" />
    <testcase name="Equals (833)" classname="spec_perl_TestTsPacketHeader_t" time="0.000139951705932617" />
  </testsuite>
  <testsuite name="spec_perl_TestSwitchManualIntElse_t" errors="0" failures="0" skipped="0" tests="9" time="0.0464258193969727">
    <system-out>1..9
ok 1 - Equals
ok 2 - Equals
ok 3 - Equals
ok 4 - Equals
ok 5 - Equals
ok 6 - Equals
ok 7 - Equals
ok 8 - Equals
ok 9 - Equals
</system-out>
    <testcase name="Equals (834)" classname="spec_perl_TestSwitchManualIntElse_t" time="0.000281810760498047" />
    <testcase name="Equals (835)" classname="spec_perl_TestSwitchManualIntElse_t" time="7.79628753662109e-05" />
    <testcase name="Equals (836)" classname="spec_perl_TestSwitchManualIntElse_t" time="0.000128030776977539" />
    <testcase name="Equals (837)" classname="spec_perl_TestSwitchManualIntElse_t" time="0.000133991241455078" />
    <testcase name="Equals (838)" classname="spec_perl_TestSwitchManualIntElse_t" time="0.000112056732177734" />
    <testcase name="Equals (839)" classname="spec_perl_TestSwitchManualIntElse_t" time="0.000144004821777344" />
    <testcase name="Equals (840)" classname="spec_perl_TestSwitchManualIntElse_t" time="0.000116109848022461" />
    <testcase name="Equals (841)" classname="spec_perl_TestSwitchManualIntElse_t" time="0.000149011611938477" />
    <testcase name="Equals (842)" classname="spec_perl_TestSwitchManualIntElse_t" time="0.000154018402099609" />
  </testsuite>
  <testsuite name="spec_perl_TestEofExceptionU4_t" errors="0" failures="0" skipped="0" tests="1" time="0.0425951480865479">
    <system-out>1..1
ok 1 - Died
</system-out>
    <testcase name="Died (842)" classname="spec_perl_TestEofExceptionU4_t" time="0.000165939331054688" />
  </testsuite>
  <testsuite name="spec_perl_TestSwitchManualEnum_t" errors="0" failures="0" skipped="0" tests="9" time="0.0463380813598633">
    <system-out>1..9
ok 1 - Equals
ok 2 - Equals
ok 3 - Equals
ok 4 - Equals
ok 5 - Equals
ok 6 - Equals
ok 7 - Equals
ok 8 - Equals
ok 9 - Equals
</system-out>
    <testcase name="Equals (843)" classname="spec_perl_TestSwitchManualEnum_t" time="0.000313043594360352" />
    <testcase name="Equals (844)" classname="spec_perl_TestSwitchManualEnum_t" time="8.0108642578125e-05" />
    <testcase name="Equals (845)" classname="spec_perl_TestSwitchManualEnum_t" time="0.00017094612121582" />
    <testcase name="Equals (846)" classname="spec_perl_TestSwitchManualEnum_t" time="8.70227813720703e-05" />
    <testcase name="Equals (847)" classname="spec_perl_TestSwitchManualEnum_t" time="0.000153064727783203" />
    <testcase name="Equals (848)" classname="spec_perl_TestSwitchManualEnum_t" time="0.000111818313598633" />
    <testcase name="Equals (849)" classname="spec_perl_TestSwitchManualEnum_t" time="0.000161170959472656" />
    <testcase name="Equals (850)" classname="spec_perl_TestSwitchManualEnum_t" time="0.000108957290649414" />
    <testcase name="Equals (851)" classname="spec_perl_TestSwitchManualEnum_t" time="0.000159978866577148" />
  </testsuite>
  <testsuite name="spec_perl_TestStrLiterals2_t" errors="0" failures="0" skipped="0" tests="4" time="0.0422670841217041">
    <system-out>1..4
ok 1 - Equals
ok 2 - Equals
ok 3 - Equals
ok 4 - Equals
</system-out>
    <testcase name="Equals (852)" classname="spec_perl_TestStrLiterals2_t" time="0.000149965286254883" />
    <testcase name="Equals (853)" classname="spec_perl_TestStrLiterals2_t" time="0.000121831893920898" />
    <testcase name="Equals (854)" classname="spec_perl_TestStrLiterals2_t" time="0.000140190124511719" />
    <testcase name="Equals (855)" classname="spec_perl_TestStrLiterals2_t" time="0.000150918960571289" />
  </testsuite>
</testsuites>
