<?xml version='1.0' encoding='utf-8'?>
<testsuites>
  <testsuite name="spec_perl_TestSwitchManualIntElse_t" errors="0" failures="0" skipped="0" tests="9" time="0.0866620540618896">
    <system-out>1..9
ok 1 - Equals
ok 2 - Equals
ok 3 - Equals
ok 4 - Equals
ok 5 - Equals
ok 6 - Equals
ok 7 - Equals
ok 8 - Equals
ok 9 - Equals
</system-out>
    <testcase name="Equals" classname="spec_perl_TestSwitchManualIntElse_t" time="0.000313043594360352" />
    <testcase name="Equals (2)" classname="spec_perl_TestSwitchManualIntElse_t" time="0.000131130218505859" />
    <testcase name="Equals (3)" classname="spec_perl_TestSwitchManualIntElse_t" time="0.000169038772583008" />
    <testcase name="Equals (4)" classname="spec_perl_TestSwitchManualIntElse_t" time="0.000147819519042969" />
    <testcase name="Equals (5)" classname="spec_perl_TestSwitchManualIntElse_t" time="0.000215053558349609" />
    <testcase name="Equals (6)" classname="spec_perl_TestSwitchManualIntElse_t" time="0.000165939331054688" />
    <testcase name="Equals (7)" classname="spec_perl_TestSwitchManualIntElse_t" time="0.000230073928833008" />
    <testcase name="Equals (8)" classname="spec_perl_TestSwitchManualIntElse_t" time="0.000173091888427734" />
    <testcase name="Equals (9)" classname="spec_perl_TestSwitchManualIntElse_t" time="0.000247955322265625" />
  </testsuite>
  <testsuite name="spec_perl_TestEnumInvalid_t" errors="0" failures="0" skipped="0" tests="2" time="0.0831291675567627">
    <system-out>1..2
ok 1 - Equals
ok 2 - Equals
</system-out>
    <testcase name="Equals (10)" classname="spec_perl_TestEnumInvalid_t" time="0.000152826309204102" />
    <testcase name="Equals (11)" classname="spec_perl_TestEnumInvalid_t" time="0.000123023986816406" />
  </testsuite>
  <testsuite name="spec_perl_TestNavRoot_t" errors="0" failures="0" skipped="0" tests="5" time="0.0850841999053955">
    <system-out>1..5
ok 1 - Equals
ok 2 - Equals
ok 3 - Equals
ok 4 - Equals
ok 5 - Equals
</system-out>
    <testcase name="Equals (12)" classname="spec_perl_TestNavRoot_t" time="0.000308990478515625" />
    <testcase name="Equals (13)" classname="spec_perl_TestNavRoot_t" time="0.000245094299316406" />
    <testcase name="Equals (14)" classname="spec_perl_TestNavRoot_t" time="0.000219821929931641" />
    <testcase name="Equals (15)" classname="spec_perl_TestNavRoot_t" time="0.000172138214111328" />
    <testcase name="Equals (16)" classname="spec_perl_TestNavRoot_t" time="0.000174999237060547" />
  </testsuite>
  <testsuite name="spec_perl_TestMetaTags_t" errors="0" failures="0" skipped="1" tests="1" time="0.0747580528259277">
    <system-out>1..1
ok 1 # skip MetaTags=HASH(0x55abe2395810)
</system-out>
    <testcase name="Unnamed test case 16" classname="spec_perl_TestMetaTags_t" time="0.0013580322265625">
      <skipped message="ok 1 # skip MetaTags=HASH(0x55abe2395810)" />
    </testcase>
  </testsuite>
  <testsuite name="spec_perl_TestRepeatEosU4_t" errors="0" failures="0" skipped="0" tests="1" time="0.0739240646362305">
    <system-out>1..1
ok 1 - Equals
</system-out>
    <testcase name="Equals (17)" classname="spec_perl_TestRepeatEosU4_t" time="0.000147819519042969" />
  </testsuite>
  <testsuite name="spec_perl_TestExprIfIntOps_t" errors="0" failures="0" skipped="0" tests="2" time="0.0714960098266602">
    <system-out>1..2
ok 1 - Equals
ok 2 - Equals
</system-out>
    <testcase name="Equals (18)" classname="spec_perl_TestExprIfIntOps_t" time="0.000196933746337891" />
    <testcase name="Equals (19)" classname="spec_perl_TestExprIfIntOps_t" time="0.0001220703125" />
  </testsuite>
  <testsuite name="spec_perl_TestIndexSizes_t" errors="0" failures="0" skipped="0" tests="7" time="0.0788741111755371">
    <system-out>1..7
ok 1 - Equals
ok 2 - Equals
ok 3 - Equals
ok 4 - Equals
ok 5 - Equals
ok 6 - Equals
ok 7 - Equals
</system-out>
    <testcase name="Equals (20)" classname="spec_perl_TestIndexSizes_t" time="0.000247001647949219" />
    <testcase name="Equals (21)" classname="spec_perl_TestIndexSizes_t" time="0.00014185905456543" />
    <testcase name="Equals (22)" classname="spec_perl_TestIndexSizes_t" time="0.000200986862182617" />
    <testcase name="Equals (23)" classname="spec_perl_TestIndexSizes_t" time="0.000150203704833984" />
    <testcase name="Equals (24)" classname="spec_perl_TestIndexSizes_t" time="0.000149011611938477" />
    <testcase name="Equals (25)" classname="spec_perl_TestIndexSizes_t" time="0.000172853469848633" />
    <testcase name="Equals (26)" classname="spec_perl_TestIndexSizes_t" time="0.00015711784362793" />
  </testsuite>
  <testsuite name="spec_perl_TestUserType_t" errors="0" failures="0" skipped="0" tests="2" time="0.0758850574493408">
    <system-out>1..2
ok 1 - Equals
ok 2 - Equals
</system-out>
    <testcase name="Equals (27)" classname="spec_perl_TestUserType_t" time="0.000171899795532227" />
    <testcase name="Equals (28)" classname="spec_perl_TestUserType_t" time="0.000144004821777344" />
  </testsuite>
  <testsuite name="spec_perl_TestBitsUnalignedB32Le_t" errors="0" failures="0" skipped="0" tests="3" time="0.0854899883270264">
    <system-out>1..3
ok 1 - Equals
ok 2 - Equals
ok 3 - Equals
</system-out>
    <testcase name="Equals (29)" classname="spec_perl_TestBitsUnalignedB32Le_t" time="0.000190973281860352" />
    <testcase name="Equals (30)" classname="spec_perl_TestBitsUnalignedB32Le_t" time="0.000145912170410156" />
    <testcase name="Equals (31)" classname="spec_perl_TestBitsUnalignedB32Le_t" time="0.000156164169311523" />
  </testsuite>
  <testsuite name="spec_perl_TestTsPacketHeader_t" errors="0" failures="0" skipped="0" tests="7" time="0.0820798873901367">
    <system-out>1..7
ok 1 - Equals
ok 2 - Equals
ok 3 - Equals
ok 4 - Equals
ok 5 - Equals
ok 6 - Equals
ok 7 - Equals
</system-out>
    <testcase name="Equals (32)" classname="spec_perl_TestTsPacketHeader_t" time="0.000248908996582031" />
    <testcase name="Equals (33)" classname="spec_perl_TestTsPacketHeader_t" time="0.000185012817382812" />
    <testcase name="Equals (34)" classname="spec_perl_TestTsPacketHeader_t" time="0.000153064727783203" />
    <testcase name="Equals (35)" classname="spec_perl_TestTsPacketHeader_t" time="0.000185012817382812" />
    <testcase name="Equals (36)" classname="spec_perl_TestTsPacketHeader_t" time="0.000185012817382812" />
    <testcase name="Equals (37)" classname="spec_perl_TestTsPacketHeader_t" time="0.000164985656738281" />
    <testcase name="Equals (38)" classname="spec_perl_TestTsPacketHeader_t" time="0.000183820724487305" />
  </testsuite>
  <testsuite name="spec_perl_TestParamsPassArrayStr_t" errors="0" failures="1" skipped="6" tests="7" time="0.0806641578674316">
    <system-out>1..7
not ok 1 - test_params_pass_array_str died (Can't use an undefined value as an ARRAY reference at spec/perl/TestParamsPassArrayStr.t line 14.)
ok 2 # skip test_params_pass_array_str died
ok 3 # skip test_params_pass_array_str died
ok 4 # skip test_params_pass_array_str died
ok 5 # skip test_params_pass_array_str died
ok 6 # skip test_params_pass_array_str died
ok 7 # skip test_params_pass_array_str died
</system-out>
    <testcase name="test_params_pass_array_str died (Can't use an undefined value as an ARRAY reference at spec/perl/TestParamsPassArrayStr.t line 14.) (38)" classname="spec_perl_TestParamsPassArrayStr_t" time="0.000308036804199219">
      <failure message="not ok 1 - test_params_pass_array_str died (Can't use an undefined value as an ARRAY reference at spec/perl/TestParamsPassArrayStr.t line 14.)" type="TAP::Parser::Result::Test"></failure>
    </testcase>
    <testcase name="Unnamed test case 38" classname="spec_perl_TestParamsPassArrayStr_t" time="0.00108790397644043">
      <skipped message="ok 2 # skip test_params_pass_array_str died" />
    </testcase>
    <testcase name="Unnamed test case 39" classname="spec_perl_TestParamsPassArrayStr_t" time="6.31809234619141e-05">
      <skipped message="ok 3 # skip test_params_pass_array_str died" />
    </testcase>
    <testcase name="Unnamed test case 40" classname="spec_perl_TestParamsPassArrayStr_t" time="7.08103179931641e-05">
      <skipped message="ok 4 # skip test_params_pass_array_str died" />
    </testcase>
    <testcase name="Unnamed test case 41" classname="spec_perl_TestParamsPassArrayStr_t" time="4.60147857666016e-05">
      <skipped message="ok 5 # skip test_params_pass_array_str died" />
    </testcase>
    <testcase name="Unnamed test case 42" classname="spec_perl_TestParamsPassArrayStr_t" time="9.70363616943359e-05">
      <skipped message="ok 6 # skip test_params_pass_array_str died" />
    </testcase>
    <testcase name="Unnamed test case 43" classname="spec_perl_TestParamsPassArrayStr_t" time="4.69684600830078e-05">
      <skipped message="ok 7 # skip test_params_pass_array_str died" />
    </testcase>
  </testsuite>
  <testsuite name="spec_perl_TestMultipleUse_t" errors="0" failures="0" skipped="0" tests="2" time="0.0768930912017822">
    <system-out>1..2
ok 1 - Equals
ok 2 - Equals
</system-out>
    <testcase name="Equals (43)" classname="spec_perl_TestMultipleUse_t" time="0.000274181365966797" />
    <testcase name="Equals (44)" classname="spec_perl_TestMultipleUse_t" time="0.000185966491699219" />
  </testsuite>
  <testsuite name="spec_perl_TestEofExceptionBytes_t" errors="0" failures="0" skipped="0" tests="1" time="0.0800549983978271">
    <system-out>1..1
ok 1 - threw /^Requested \d+ bytes, but only \d+ bytes available/
</system-out>
    <testcase name="threw /^Requested \d+ bytes, but only \d+ bytes available/ (44)" classname="spec_perl_TestEofExceptionBytes_t" time="0.000145912170410156" />
  </testsuite>
  <testsuite name="spec_perl_TestTermBytes_t" errors="0" failures="0" skipped="0" tests="3" time="0.0822420120239258">
    <system-out>1..3
ok 1 - Equals
ok 2 - Equals
ok 3 - Equals
</system-out>
    <testcase name="Equals (45)" classname="spec_perl_TestTermBytes_t" time="0.000346899032592773" />
    <testcase name="Equals (46)" classname="spec_perl_TestTermBytes_t" time="0.000173091888427734" />
    <testcase name="Equals (47)" classname="spec_perl_TestTermBytes_t" time="0.000223875045776367" />
  </testsuite>
  <testsuite name="spec_perl_TestEnumForUnknownId_t" errors="0" failures="0" skipped="0" tests="1" time="0.0818920135498047">
    <system-out>1..1
ok 1 - Equals
</system-out>
    <testcase name="Equals (48)" classname="spec_perl_TestEnumForUnknownId_t" time="0.000216007232666016" />
  </testsuite>
  <testsuite name="spec_perl_TestCombineStr_t" errors="0" failures="0" skipped="0" tests="15" time="0.0904672145843506">
    <system-out>1..15
ok 1 - Equals
ok 2 - Equals
ok 3 - Equals
ok 4 - Equals
ok 5 - Equals
ok 6 - Equals
ok 7 - Equals
ok 8 - Equals
ok 9 - Equals
ok 10 - Equals
ok 11 - Equals
ok 12 - Equals
ok 13 - Equals
ok 14 - Equals
ok 15 - Equals
</system-out>
    <testcase name="Equals (49)" classname="spec_perl_TestCombineStr_t" time="0.000277996063232422" />
    <testcase name="Equals (50)" classname="spec_perl_TestCombineStr_t" time="0.00014805793762207" />
    <testcase name="Equals (51)" classname="spec_perl_TestCombineStr_t" time="0.000179052352905273" />
    <testcase name="Equals (52)" classname="spec_perl_TestCombineStr_t" time="0.000211000442504883" />
    <testcase name="Equals (53)" classname="spec_perl_TestCombineStr_t" time="0.000221014022827148" />
    <testcase name="Equals (54)" classname="spec_perl_TestCombineStr_t" time="0.000231027603149414" />
    <testcase name="Equals (55)" classname="spec_perl_TestCombineStr_t" time="0.000211954116821289" />
    <testcase name="Equals (56)" classname="spec_perl_TestCombineStr_t" time="0.000160932540893555" />
    <testcase name="Equals (57)" classname="spec_perl_TestCombineStr_t" time="0.000309944152832031" />
    <testcase name="Equals (58)" classname="spec_perl_TestCombineStr_t" time="0.000377178192138672" />
    <testcase name="Equals (59)" classname="spec_perl_TestCombineStr_t" time="0.000188827514648438" />
    <testcase name="Equals (60)" classname="spec_perl_TestCombineStr_t" time="0.000173091888427734" />
    <testcase name="Equals (61)" classname="spec_perl_TestCombineStr_t" time="0.000168085098266602" />
    <testcase name="Equals (62)" classname="spec_perl_TestCombineStr_t" time="0.000164985656738281" />
    <testcase name="Equals (63)" classname="spec_perl_TestCombineStr_t" time="0.000177860260009766" />
  </testsuite>
  <testsuite name="spec_perl_TestBitsSignedShiftB32Le_t" errors="0" failures="0" skipped="0" tests="2" time="0.0787339210510254">
    <system-out>1..2
ok 1 - Equals
ok 2 - Equals
</system-out>
    <testcase name="Equals (64)" classname="spec_perl_TestBitsSignedShiftB32Le_t" time="0.000375032424926758" />
    <testcase name="Equals (65)" classname="spec_perl_TestBitsSignedShiftB32Le_t" time="0.000250101089477539" />
  </testsuite>
  <testsuite name="spec_perl_TestExprIntDiv_t" errors="0" failures="2" skipped="0" tests="6" time="0.0775008201599121">
    <system-out>1..6
ok 1 - Equals
ok 2 - Equals
ok 3 - Equals
not ok 4 - Equals
ok 5 - Equals
not ok 6 - Equals
</system-out>
    <testcase name="Equals (66)" classname="spec_perl_TestExprIntDiv_t" time="0.000223159790039062" />
    <testcase name="Equals (67)" classname="spec_perl_TestExprIntDiv_t" time="0.000163793563842773" />
    <testcase name="Equals (68)" classname="spec_perl_TestExprIntDiv_t" time="0.000163078308105469" />
    <testcase name="Equals (69)" classname="spec_perl_TestExprIntDiv_t" time="0.000206947326660156">
      <failure message="not ok 4 - Equals" type="TAP::Parser::Result::Test"></failure>
    </testcase>
    <testcase name="Equals (70)" classname="spec_perl_TestExprIntDiv_t" time="0.00399208068847656" />
    <testcase name="Equals (71)" classname="spec_perl_TestExprIntDiv_t" time="7.00950622558594e-05">
      <failure message="not ok 6 - Equals" type="TAP::Parser::Result::Test"></failure>
    </testcase>
  </testsuite>
  <testsuite name="spec_perl_TestOpaqueExternalType02Parent_t" errors="0" failures="0" skipped="0" tests="3" time="0.0899641513824463">
    <system-out>1..3
ok 1 - Equals
ok 2 - Equals
ok 3 - Equals
</system-out>
    <testcase name="Equals (72)" classname="spec_perl_TestOpaqueExternalType02Parent_t" time="0.000440835952758789" />
    <testcase name="Equals (73)" classname="spec_perl_TestOpaqueExternalType02Parent_t" time="0.000204086303710938" />
    <testcase name="Equals (74)" classname="spec_perl_TestOpaqueExternalType02Parent_t" time="0.000188112258911133" />
  </testsuite>
  <testsuite name="spec_perl_TestDebugEnumName_t" errors="1" failures="0" skipped="0" tests="0" time="0.0726301670074463">
    <system-out></system-out>
    <testcase name="Test died too soon, even before plan. (74)" classname="spec_perl_TestDebugEnumName_t" time="0.0726301670074463">
      <failure message="The test suite died before a plan was produced. You need to have a plan." type="Plan">No plan</failure>
    </testcase>
  </testsuite>
  <testsuite name="spec_perl_TestProcessCustom_t" errors="1" failures="0" skipped="0" tests="0" time="0.0702009201049805">
    <system-out></system-out>
    <testcase name="Test died too soon, even before plan. (75)" classname="spec_perl_TestProcessCustom_t" time="0.0702009201049805">
      <failure message="The test suite died before a plan was produced. You need to have a plan." type="Plan">No plan</failure>
    </testcase>
  </testsuite>
  <testsuite name="spec_perl_TestNavParentSwitch_t" errors="0" failures="0" skipped="0" tests="3" time="0.0782430171966553">
    <system-out>1..3
ok 1 - Equals
ok 2 - Equals
ok 3 - Equals
</system-out>
    <testcase name="Equals (75)" classname="spec_perl_TestNavParentSwitch_t" time="0.000154018402099609" />
    <testcase name="Equals (76)" classname="spec_perl_TestNavParentSwitch_t" time="0.000143051147460938" />
    <testcase name="Equals (77)" classname="spec_perl_TestNavParentSwitch_t" time="0.000145912170410156" />
  </testsuite>
  <testsuite name="spec_perl_TestTermU1Val_t" errors="0" failures="0" skipped="0" tests="2" time="0.0904810428619385">
    <system-out>1..2
ok 1 - Equals
ok 2 - Equals
</system-out>
    <testcase name="Equals (78)" classname="spec_perl_TestTermU1Val_t" time="0.000277042388916016" />
    <testcase name="Equals (79)" classname="spec_perl_TestTermU1Val_t" time="0.000126838684082031" />
  </testsuite>
  <testsuite name="spec_perl_TestEnumDeep_t" errors="0" failures="0" skipped="0" tests="2" time="0.0789718627929688">
    <system-out>1..2
ok 1 - Equals
ok 2 - Equals
</system-out>
    <testcase name="Equals (80)" classname="spec_perl_TestEnumDeep_t" time="0.000359058380126953" />
    <testcase name="Equals (81)" classname="spec_perl_TestEnumDeep_t" time="0.000174999237060547" />
  </testsuite>
  <testsuite name="spec_perl_TestExprCalcArrayOps_t" errors="0" failures="0" skipped="0" tests="18" time="0.0784988403320312">
    <system-out>1..18
ok 1 - Equals
ok 2 - Equals
ok 3 - Equals
ok 4 - Equals
ok 5 - Equals
ok 6 - Equals
ok 7 - Equals
ok 8 - Approx equals
ok 9 - Approx equals
ok 10 - Approx equals
ok 11 - Approx equals
ok 12 - Approx equals
ok 13 - Equals
ok 14 - Equals
ok 15 - Equals
ok 16 - Equals
ok 17 - Equals
ok 18 - Equals
</system-out>
    <testcase name="Equals (82)" classname="spec_perl_TestExprCalcArrayOps_t" time="0.000181913375854492" />
    <testcase name="Equals (83)" classname="spec_perl_TestExprCalcArrayOps_t" time="0.000153064727783203" />
    <testcase name="Equals (84)" classname="spec_perl_TestExprCalcArrayOps_t" time="0.000187873840332031" />
    <testcase name="Equals (85)" classname="spec_perl_TestExprCalcArrayOps_t" time="0.000221014022827148" />
    <testcase name="Equals (86)" classname="spec_perl_TestExprCalcArrayOps_t" time="0.000179052352905273" />
    <testcase name="Equals (87)" classname="spec_perl_TestExprCalcArrayOps_t" time="0.000176906585693359" />
    <testcase name="Equals (88)" classname="spec_perl_TestExprCalcArrayOps_t" time="0.000245094299316406" />
    <testcase name="Approx equals (88)" classname="spec_perl_TestExprCalcArrayOps_t" time="8.89301300048828e-05" />
    <testcase name="Approx equals (89)" classname="spec_perl_TestExprCalcArrayOps_t" time="5.41210174560547e-05" />
    <testcase name="Approx equals (90)" classname="spec_perl_TestExprCalcArrayOps_t" time="8.70227813720703e-05" />
    <testcase name="Approx equals (91)" classname="spec_perl_TestExprCalcArrayOps_t" time="8.29696655273438e-05" />
    <testcase name="Approx equals (92)" classname="spec_perl_TestExprCalcArrayOps_t" time="9.20295715332031e-05" />
    <testcase name="Equals (92)" classname="spec_perl_TestExprCalcArrayOps_t" time="0.000165939331054688" />
    <testcase name="Equals (93)" classname="spec_perl_TestExprCalcArrayOps_t" time="0.00017094612121582" />
    <testcase name="Equals (94)" classname="spec_perl_TestExprCalcArrayOps_t" time="0.000190019607543945" />
    <testcase name="Equals (95)" classname="spec_perl_TestExprCalcArrayOps_t" time="0.00018000602722168" />
    <testcase name="Equals (96)" classname="spec_perl_TestExprCalcArrayOps_t" time="0.000218868255615234" />
    <testcase name="Equals (97)" classname="spec_perl_TestExprCalcArrayOps_t" time="0.000174999237060547" />
  </testsuite>
  <testsuite name="spec_perl_TestFixedContents_t" errors="0" failures="0" skipped="1" tests="1" time="0.0792970657348633">
    <system-out>1..1
ok 1 # skip FixedContents=HASH(0x5556119de9d0)
</system-out>
    <testcase name="Unnamed test case 97" classname="spec_perl_TestFixedContents_t" time="0.00129103660583496">
      <skipped message="ok 1 # skip FixedContents=HASH(0x5556119de9d0)" />
    </testcase>
  </testsuite>
  <testsuite name="spec_perl_TestExprStrEncodings_t" errors="0" failures="0" skipped="0" tests="7" time="0.0910511016845703">
    <system-out>1..7
ok 1 - Equals
ok 2 - Equals
ok 3 - Equals
ok 4 - Equals
ok 5 - Equals
ok 6 - Equals
ok 7 - Equals
</system-out>
    <testcase name="Equals (98)" classname="spec_perl_TestExprStrEncodings_t" time="0.00467991828918457" />
    <testcase name="Equals (99)" classname="spec_perl_TestExprStrEncodings_t" time="0.000105142593383789" />
    <testcase name="Equals (100)" classname="spec_perl_TestExprStrEncodings_t" time="0.000155925750732422" />
    <testcase name="Equals (101)" classname="spec_perl_TestExprStrEncodings_t" time="0.000144004821777344" />
    <testcase name="Equals (102)" classname="spec_perl_TestExprStrEncodings_t" time="0.000154972076416016" />
    <testcase name="Equals (103)" classname="spec_perl_TestExprStrEncodings_t" time="0.000151157379150391" />
    <testcase name="Equals (104)" classname="spec_perl_TestExprStrEncodings_t" time="0.000187873840332031" />
  </testsuite>
  <testsuite name="spec_perl_TestSwitchManualEnum_t" errors="0" failures="0" skipped="0" tests="9" time="0.0797009468078613">
    <system-out>1..9
ok 1 - Equals
ok 2 - Equals
ok 3 - Equals
ok 4 - Equals
ok 5 - Equals
ok 6 - Equals
ok 7 - Equals
ok 8 - Equals
ok 9 - Equals
</system-out>
    <testcase name="Equals (105)" classname="spec_perl_TestSwitchManualEnum_t" time="0.000270843505859375" />
    <testcase name="Equals (106)" classname="spec_perl_TestSwitchManualEnum_t" time="0.000150203704833984" />
    <testcase name="Equals (107)" classname="spec_perl_TestSwitchManualEnum_t" time="0.000175952911376953" />
    <testcase name="Equals (108)" classname="spec_perl_TestSwitchManualEnum_t" time="0.000190973281860352" />
    <testcase name="Equals (109)" classname="spec_perl_TestSwitchManualEnum_t" time="0.000159978866577148" />
    <testcase name="Equals (110)" classname="spec_perl_TestSwitchManualEnum_t" time="0.000201940536499023" />
    <testcase name="Equals (111)" classname="spec_perl_TestSwitchManualEnum_t" time="0.00014495849609375" />
    <testcase name="Equals (112)" classname="spec_perl_TestSwitchManualEnum_t" time="0.000153064727783203" />
    <testcase name="Equals (113)" classname="spec_perl_TestSwitchManualEnum_t" time="0.000159978866577148" />
  </testsuite>
  <testsuite name="spec_perl_TestExprSizeofType1_t" errors="0" failures="0" skipped="0" tests="2" time="0.078948974609375">
    <system-out>1..2
ok 1 - Equals
ok 2 - Equals
</system-out>
    <testcase name="Equals (114)" classname="spec_perl_TestExprSizeofType1_t" time="0.000196933746337891" />
    <testcase name="Equals (115)" classname="spec_perl_TestExprSizeofType1_t" time="0.000262975692749023" />
  </testsuite>
  <testsuite name="spec_perl_TestEnumToIClassBorder1_t" errors="0" failures="1" skipped="0" tests="3" time="0.084259033203125">
    <system-out>1..3
ok 1 - Equals
ok 2 - Equals
not ok 3 - test_enum_to_i_class_border_1 died (Can't call method &quot;some_dog&quot; on an undefined value at compiled/perl/EnumToIClassBorder2.pm line 42.)
</system-out>
    <testcase name="Equals (116)" classname="spec_perl_TestEnumToIClassBorder1_t" time="0.000274896621704102" />
    <testcase name="Equals (117)" classname="spec_perl_TestEnumToIClassBorder1_t" time="0.000113964080810547" />
    <testcase name="test_enum_to_i_class_border_1 died (Can't call method &quot;some_dog&quot; on an undefined value at compiled/perl/EnumToIClassBorder2.pm line 42.) (117)" classname="spec_perl_TestEnumToIClassBorder1_t" time="0.000264167785644531">
      <failure message="not ok 3 - test_enum_to_i_class_border_1 died (Can't call method &quot;some_dog&quot; on an undefined value at compiled/perl/EnumToIClassBorder2.pm line 42.)" type="TAP::Parser::Result::Test"></failure>
    </testcase>
  </testsuite>
  <testsuite name="spec_perl_TestBitsUnalignedB64Le_t" errors="0" failures="0" skipped="0" tests="3" time="0.0705881118774414">
    <system-out>1..3
ok 1 - Equals
ok 2 - Equals
ok 3 - Equals
</system-out>
    <testcase name="Equals (118)" classname="spec_perl_TestBitsUnalignedB64Le_t" time="0.000210046768188477" />
    <testcase name="Equals (119)" classname="spec_perl_TestBitsUnalignedB64Le_t" time="0.000153064727783203" />
    <testcase name="Equals (120)" classname="spec_perl_TestBitsUnalignedB64Le_t" time="0.00022578239440918" />
  </testsuite>
  <testsuite name="spec_perl_TestSwitchCast_t" errors="0" failures="0" skipped="0" tests="2" time="0.0870239734649658">
    <system-out>1..2
ok 1 - Equals
ok 2 - Equals
</system-out>
    <testcase name="Equals (121)" classname="spec_perl_TestSwitchCast_t" time="0.000338077545166016" />
    <testcase name="Equals (122)" classname="spec_perl_TestSwitchCast_t" time="0.000133037567138672" />
  </testsuite>
  <testsuite name="spec_perl_TestRepeatEosStruct_t" errors="0" failures="0" skipped="0" tests="5" time="0.0751500129699707">
    <system-out>1..5
ok 1 - Equals
ok 2 - Equals
ok 3 - Equals
ok 4 - Equals
ok 5 - Equals
</system-out>
    <testcase name="Equals (123)" classname="spec_perl_TestRepeatEosStruct_t" time="0.000222921371459961" />
    <testcase name="Equals (124)" classname="spec_perl_TestRepeatEosStruct_t" time="0.000137090682983398" />
    <testcase name="Equals (125)" classname="spec_perl_TestRepeatEosStruct_t" time="0.00017094612121582" />
    <testcase name="Equals (126)" classname="spec_perl_TestRepeatEosStruct_t" time="0.000167131423950195" />
    <testcase name="Equals (127)" classname="spec_perl_TestRepeatEosStruct_t" time="0.000152826309204102" />
  </testsuite>
  <testsuite name="spec_perl_TestCastNested_t" errors="0" failures="0" skipped="0" tests="4" time="0.0807139873504639">
    <system-out>1..4
ok 1 - Equals
ok 2 - Equals
ok 3 - Equals
ok 4 - Equals
</system-out>
    <testcase name="Equals (128)" classname="spec_perl_TestCastNested_t" time="0.000318050384521484" />
    <testcase name="Equals (129)" classname="spec_perl_TestCastNested_t" time="0.000154018402099609" />
    <testcase name="Equals (130)" classname="spec_perl_TestCastNested_t" time="0.000195026397705078" />
    <testcase name="Equals (131)" classname="spec_perl_TestCastNested_t" time="0.000146865844726562" />
  </testsuite>
  <testsuite name="spec_perl_TestCombineBytes_t" errors="0" failures="0" skipped="0" tests="10" time="0.0774118900299072">
    <system-out>1..10
ok 1 - Equals
ok 2 - Equals
ok 3 - Equals
ok 4 - Equals
ok 5 - Equals
ok 6 - Equals
ok 7 - Equals
ok 8 - Equals
ok 9 - Equals
ok 10 - Equals
</system-out>
    <testcase name="Equals (132)" classname="spec_perl_TestCombineBytes_t" time="0.000246047973632812" />
    <testcase name="Equals (133)" classname="spec_perl_TestCombineBytes_t" time="0.000121831893920898" />
    <testcase name="Equals (134)" classname="spec_perl_TestCombineBytes_t" time="0.000143051147460938" />
    <testcase name="Equals (135)" classname="spec_perl_TestCombineBytes_t" time="0.000143051147460938" />
    <testcase name="Equals (136)" classname="spec_perl_TestCombineBytes_t" time="0.000146865844726562" />
    <testcase name="Equals (137)" classname="spec_perl_TestCombineBytes_t" time="0.000153064727783203" />
    <testcase name="Equals (138)" classname="spec_perl_TestCombineBytes_t" time="0.000149011611938477" />
    <testcase name="Equals (139)" classname="spec_perl_TestCombineBytes_t" time="0.00018310546875" />
    <testcase name="Equals (140)" classname="spec_perl_TestCombineBytes_t" time="0.000156879425048828" />
    <testcase name="Equals (141)" classname="spec_perl_TestCombineBytes_t" time="0.00015711784362793" />
  </testsuite>
  <testsuite name="spec_perl_TestValidNotParsedIf_t" errors="0" failures="0" skipped="1" tests="1" time="0.0766971111297607">
    <system-out>1..1
ok 1 # skip ValidNotParsedIf=HASH(0x55a8a994cd10)
</system-out>
    <testcase name="Unnamed test case 141" classname="spec_perl_TestValidNotParsedIf_t" time="0.00136208534240723">
      <skipped message="ok 1 # skip ValidNotParsedIf=HASH(0x55a8a994cd10)" />
    </testcase>
  </testsuite>
  <testsuite name="spec_perl_TestBitsUnalignedB64Be_t" errors="0" failures="0" skipped="0" tests="3" time="0.0756030082702637">
    <system-out>1..3
ok 1 - Equals
ok 2 - Equals
ok 3 - Equals
</system-out>
    <testcase name="Equals (142)" classname="spec_perl_TestBitsUnalignedB64Be_t" time="0.000212192535400391" />
    <testcase name="Equals (143)" classname="spec_perl_TestBitsUnalignedB64Be_t" time="0.000155925750732422" />
    <testcase name="Equals (144)" classname="spec_perl_TestBitsUnalignedB64Be_t" time="0.000207901000976562" />
  </testsuite>
  <testsuite name="spec_perl_TestNavParentOverride_t" errors="0" failures="0" skipped="0" tests="3" time="0.0751340389251709">
    <system-out>1..3
ok 1 - Equals
ok 2 - Equals
ok 3 - Equals
</system-out>
    <testcase name="Equals (145)" classname="spec_perl_TestNavParentOverride_t" time="0.000231027603149414" />
    <testcase name="Equals (146)" classname="spec_perl_TestNavParentOverride_t" time="0.000138044357299805" />
    <testcase name="Equals (147)" classname="spec_perl_TestNavParentOverride_t" time="0.000155925750732422" />
  </testsuite>
  <testsuite name="spec_perl_TestProcessCoerceUsertype1_t" errors="0" failures="0" skipped="0" tests="4" time="0.0759940147399902">
    <system-out>1..4
ok 1 - Equals
ok 2 - Equals
ok 3 - Equals
ok 4 - Equals
</system-out>
    <testcase name="Equals (148)" classname="spec_perl_TestProcessCoerceUsertype1_t" time="0.000661849975585938" />
    <testcase name="Equals (149)" classname="spec_perl_TestProcessCoerceUsertype1_t" time="7.60555267333984e-05" />
    <testcase name="Equals (150)" classname="spec_perl_TestProcessCoerceUsertype1_t" time="0.000225067138671875" />
    <testcase name="Equals (151)" classname="spec_perl_TestProcessCoerceUsertype1_t" time="0.000158071517944336" />
  </testsuite>
  <testsuite name="spec_perl_TestRepeatUntilCalcArrayType_t" errors="0" failures="0" skipped="0" tests="7" time="0.0776569843292236">
    <system-out>1..7
ok 1 - Equals
ok 2 - Equals
ok 3 - Equals
ok 4 - Equals
ok 5 - Equals
ok 6 - Equals
ok 7 - Equals
</system-out>
    <testcase name="Equals (152)" classname="spec_perl_TestRepeatUntilCalcArrayType_t" time="0.000645875930786133" />
    <testcase name="Equals (153)" classname="spec_perl_TestRepeatUntilCalcArrayType_t" time="6.91413879394531e-05" />
    <testcase name="Equals (154)" classname="spec_perl_TestRepeatUntilCalcArrayType_t" time="0.000130891799926758" />
    <testcase name="Equals (155)" classname="spec_perl_TestRepeatUntilCalcArrayType_t" time="0.000160932540893555" />
    <testcase name="Equals (156)" classname="spec_perl_TestRepeatUntilCalcArrayType_t" time="0.000143051147460938" />
    <testcase name="Equals (157)" classname="spec_perl_TestRepeatUntilCalcArrayType_t" time="0.000155925750732422" />
    <testcase name="Equals (158)" classname="spec_perl_TestRepeatUntilCalcArrayType_t" time="0.000171184539794922" />
  </testsuite>
  <testsuite name="spec_perl_TestFixedStruct_t" errors="0" failures="0" skipped="0" tests="20" time="0.0922491550445557">
    <system-out>1..20
ok 1 - Equals
ok 2 - Equals
ok 3 - Equals
ok 4 - Equals
ok 5 - Equals
ok 6 - Equals
ok 7 - Equals
ok 8 - Equals
ok 9 - Equals
ok 10 - Equals
ok 11 - Equals
ok 12 - Equals
ok 13 - Equals
ok 14 - Equals
ok 15 - Equals
ok 16 - Equals
ok 17 - Equals
ok 18 - Equals
ok 19 - Equals
ok 20 - Equals
</system-out>
    <testcase name="Equals (159)" classname="spec_perl_TestFixedStruct_t" time="0.000235080718994141" />
    <testcase name="Equals (160)" classname="spec_perl_TestFixedStruct_t" time="0.000123977661132812" />
    <testcase name="Equals (161)" classname="spec_perl_TestFixedStruct_t" time="0.000165939331054688" />
    <testcase name="Equals (162)" classname="spec_perl_TestFixedStruct_t" time="0.000164031982421875" />
    <testcase name="Equals (163)" classname="spec_perl_TestFixedStruct_t" time="0.000146865844726562" />
    <testcase name="Equals (164)" classname="spec_perl_TestFixedStruct_t" time="0.00014805793762207" />
    <testcase name="Equals (165)" classname="spec_perl_TestFixedStruct_t" time="0.000159025192260742" />
    <testcase name="Equals (166)" classname="spec_perl_TestFixedStruct_t" time="0.000138998031616211" />
    <testcase name="Equals (167)" classname="spec_perl_TestFixedStruct_t" time="0.000139951705932617" />
    <testcase name="Equals (168)" classname="spec_perl_TestFixedStruct_t" time="0.000141143798828125" />
    <testcase name="Equals (169)" classname="spec_perl_TestFixedStruct_t" time="0.000140905380249023" />
    <testcase name="Equals (170)" classname="spec_perl_TestFixedStruct_t" time="0.000135898590087891" />
    <testcase name="Equals (171)" classname="spec_perl_TestFixedStruct_t" time="0.000164985656738281" />
    <testcase name="Equals (172)" classname="spec_perl_TestFixedStruct_t" time="0.000147104263305664" />
    <testcase name="Equals (173)" classname="spec_perl_TestFixedStruct_t" time="0.00014805793762207" />
    <testcase name="Equals (174)" classname="spec_perl_TestFixedStruct_t" time="0.000139951705932617" />
    <testcase name="Equals (175)" classname="spec_perl_TestFixedStruct_t" time="0.000137090682983398" />
    <testcase name="Equals (176)" classname="spec_perl_TestFixedStruct_t" time="0.00014185905456543" />
    <testcase name="Equals (177)" classname="spec_perl_TestFixedStruct_t" time="0.000133991241455078" />
    <testcase name="Equals (178)" classname="spec_perl_TestFixedStruct_t" time="0.000136137008666992" />
  </testsuite>
  <testsuite name="spec_perl_TestParamsCallExtraParens_t" errors="0" failures="1" skipped="0" tests="1" time="0.0932431221008301">
    <system-out>1..1
not ok 1 - Equals
</system-out>
    <testcase name="Equals (179)" classname="spec_perl_TestParamsCallExtraParens_t" time="0.00084996223449707">
      <failure message="not ok 1 - Equals" type="TAP::Parser::Result::Test"></failure>
    </testcase>
  </testsuite>
  <testsuite name="spec_perl_TestValidOptionalId_t" errors="1" failures="0" skipped="0" tests="0" time="0.0721909999847412">
    <system-out></system-out>
    <testcase name="Test died too soon, even before plan. (179)" classname="spec_perl_TestValidOptionalId_t" time="0.0721909999847412">
      <failure message="The test suite died before a plan was produced. You need to have a plan." type="Plan">No plan</failure>
    </testcase>
  </testsuite>
  <testsuite name="spec_perl_TestPositionToEnd_t" errors="0" failures="0" skipped="0" tests="2" time="0.0741138458251953">
    <system-out>1..2
ok 1 - Equals
ok 2 - Equals
</system-out>
    <testcase name="Equals (180)" classname="spec_perl_TestPositionToEnd_t" time="0.000223875045776367" />
    <testcase name="Equals (181)" classname="spec_perl_TestPositionToEnd_t" time="0.0001220703125" />
  </testsuite>
  <testsuite name="spec_perl_TestDebug0_t" errors="0" failures="0" skipped="1" tests="1" time="0.0812311172485352">
    <system-out>1..1
ok 1 # skip test_debug_0
</system-out>
    <testcase name="Unnamed test case 181" classname="spec_perl_TestDebug0_t" time="0.000160932540893555">
      <skipped message="ok 1 # skip test_debug_0" />
    </testcase>
  </testsuite>
  <testsuite name="spec_perl_TestParamsPassArrayInt_t" errors="0" failures="1" skipped="6" tests="7" time="0.0872499942779541">
    <system-out>1..7
not ok 1 - test_params_pass_array_int died (Can't use an undefined value as an ARRAY reference at spec/perl/TestParamsPassArrayInt.t line 14.)
ok 2 # skip test_params_pass_array_int died
ok 3 # skip test_params_pass_array_int died
ok 4 # skip test_params_pass_array_int died
ok 5 # skip test_params_pass_array_int died
ok 6 # skip test_params_pass_array_int died
ok 7 # skip test_params_pass_array_int died
</system-out>
    <testcase name="test_params_pass_array_int died (Can't use an undefined value as an ARRAY reference at spec/perl/TestParamsPassArrayInt.t line 14.) (181)" classname="spec_perl_TestParamsPassArrayInt_t" time="0.000305891036987305">
      <failure message="not ok 1 - test_params_pass_array_int died (Can't use an undefined value as an ARRAY reference at spec/perl/TestParamsPassArrayInt.t line 14.)" type="TAP::Parser::Result::Test"></failure>
    </testcase>
    <testcase name="Unnamed test case 182" classname="spec_perl_TestParamsPassArrayInt_t" time="0.00203108787536621">
      <skipped message="ok 2 # skip test_params_pass_array_int died" />
    </testcase>
    <testcase name="Unnamed test case 183" classname="spec_perl_TestParamsPassArrayInt_t" time="6.38961791992188e-05">
      <skipped message="ok 3 # skip test_params_pass_array_int died" />
    </testcase>
    <testcase name="Unnamed test case 184" classname="spec_perl_TestParamsPassArrayInt_t" time="4.91142272949219e-05">
      <skipped message="ok 4 # skip test_params_pass_array_int died" />
    </testcase>
    <testcase name="Unnamed test case 185" classname="spec_perl_TestParamsPassArrayInt_t" time="4.50611114501953e-05">
      <skipped message="ok 5 # skip test_params_pass_array_int died" />
    </testcase>
    <testcase name="Unnamed test case 186" classname="spec_perl_TestParamsPassArrayInt_t" time="6.4849853515625e-05">
      <skipped message="ok 6 # skip test_params_pass_array_int died" />
    </testcase>
    <testcase name="Unnamed test case 187" classname="spec_perl_TestParamsPassArrayInt_t" time="4.31537628173828e-05">
      <skipped message="ok 7 # skip test_params_pass_array_int died" />
    </testcase>
  </testsuite>
  <testsuite name="spec_perl_TestExprIoEof_t" errors="0" failures="0" skipped="0" tests="4" time="0.0776941776275635">
    <system-out>1..4
ok 1 - Equals
ok 2 - nil
ok 3 - Equals
ok 4 - Equals
</system-out>
    <testcase name="Equals (187)" classname="spec_perl_TestExprIoEof_t" time="0.000622034072875977" />
    <testcase name="nil (187)" classname="spec_perl_TestExprIoEof_t" time="8.48770141601562e-05" />
    <testcase name="Equals (188)" classname="spec_perl_TestExprIoEof_t" time="0.000200033187866211" />
    <testcase name="Equals (189)" classname="spec_perl_TestExprIoEof_t" time="0.000193119049072266" />
  </testsuite>
  <testsuite name="spec_perl_TestCastToTop_t" errors="0" failures="0" skipped="0" tests="3" time="0.0753579139709473">
    <system-out>1..3
ok 1 - Equals
ok 2 - Equals
ok 3 - Equals
</system-out>
    <testcase name="Equals (190)" classname="spec_perl_TestCastToTop_t" time="0.000147104263305664" />
    <testcase name="Equals (191)" classname="spec_perl_TestCastToTop_t" time="6.89029693603516e-05" />
    <testcase name="Equals (192)" classname="spec_perl_TestCastToTop_t" time="0.000176906585693359" />
  </testsuite>
  <testsuite name="spec_perl_TestSwitchIntegers2_t" errors="0" failures="0" skipped="0" tests="5" time="0.0734179019927979">
    <system-out>1..5
ok 1 - Equals
ok 2 - Equals
ok 3 - Equals
ok 4 - Equals
ok 5 - Equals
</system-out>
    <testcase name="Equals (193)" classname="spec_perl_TestSwitchIntegers2_t" time="0.000221967697143555" />
    <testcase name="Equals (194)" classname="spec_perl_TestSwitchIntegers2_t" time="0.000213146209716797" />
    <testcase name="Equals (195)" classname="spec_perl_TestSwitchIntegers2_t" time="0.000154972076416016" />
    <testcase name="Equals (196)" classname="spec_perl_TestSwitchIntegers2_t" time="0.000154972076416016" />
    <testcase name="Equals (197)" classname="spec_perl_TestSwitchIntegers2_t" time="0.000150918960571289" />
  </testsuite>
  <testsuite name="spec_perl_TestPositionAbs_t" errors="0" failures="0" skipped="0" tests="2" time="0.0841138362884521">
    <system-out>1..2
ok 1 - Equals
ok 2 - Equals
</system-out>
    <testcase name="Equals (198)" classname="spec_perl_TestPositionAbs_t" time="0.000223875045776367" />
    <testcase name="Equals (199)" classname="spec_perl_TestPositionAbs_t" time="0.00032806396484375" />
  </testsuite>
  <testsuite name="spec_perl_TestInstanceUserArray_t" errors="0" failures="0" skipped="0" tests="10" time="0.0785398483276367">
    <system-out>1..10
ok 1 - Equals
ok 2 - Equals
ok 3 - Equals
ok 4 - Equals
ok 5 - Equals
ok 6 - Equals
ok 7 - Equals
ok 8 - Equals
ok 9 - Equals
ok 10 - Equals
</system-out>
    <testcase name="Equals (200)" classname="spec_perl_TestInstanceUserArray_t" time="0.000247955322265625" />
    <testcase name="Equals (201)" classname="spec_perl_TestInstanceUserArray_t" time="0.000127077102661133" />
    <testcase name="Equals (202)" classname="spec_perl_TestInstanceUserArray_t" time="0.000154972076416016" />
    <testcase name="Equals (203)" classname="spec_perl_TestInstanceUserArray_t" time="0.00071406364440918" />
    <testcase name="Equals (204)" classname="spec_perl_TestInstanceUserArray_t" time="0.000120878219604492" />
    <testcase name="Equals (205)" classname="spec_perl_TestInstanceUserArray_t" time="0.000159978866577148" />
    <testcase name="Equals (206)" classname="spec_perl_TestInstanceUserArray_t" time="0.000167131423950195" />
    <testcase name="Equals (207)" classname="spec_perl_TestInstanceUserArray_t" time="0.000230789184570312" />
    <testcase name="Equals (208)" classname="spec_perl_TestInstanceUserArray_t" time="0.000164031982421875" />
    <testcase name="Equals (209)" classname="spec_perl_TestInstanceUserArray_t" time="0.000197172164916992" />
  </testsuite>
  <testsuite name="spec_perl_TestSwitchManualInt_t" errors="0" failures="0" skipped="0" tests="9" time="0.0833859443664551">
    <system-out>1..9
ok 1 - Equals
ok 2 - Equals
ok 3 - Equals
ok 4 - Equals
ok 5 - Equals
ok 6 - Equals
ok 7 - Equals
ok 8 - Equals
ok 9 - Equals
</system-out>
    <testcase name="Equals (210)" classname="spec_perl_TestSwitchManualInt_t" time="0.000290870666503906" />
    <testcase name="Equals (211)" classname="spec_perl_TestSwitchManualInt_t" time="0.000149965286254883" />
    <testcase name="Equals (212)" classname="spec_perl_TestSwitchManualInt_t" time="0.00018000602722168" />
    <testcase name="Equals (213)" classname="spec_perl_TestSwitchManualInt_t" time="0.00014805793762207" />
    <testcase name="Equals (214)" classname="spec_perl_TestSwitchManualInt_t" time="0.00017094612121582" />
    <testcase name="Equals (215)" classname="spec_perl_TestSwitchManualInt_t" time="0.000193119049072266" />
    <testcase name="Equals (216)" classname="spec_perl_TestSwitchManualInt_t" time="0.000140905380249023" />
    <testcase name="Equals (217)" classname="spec_perl_TestSwitchManualInt_t" time="0.000143051147460938" />
    <testcase name="Equals (218)" classname="spec_perl_TestSwitchManualInt_t" time="0.000149965286254883" />
  </testsuite>
  <testsuite name="spec_perl_TestCombineBool_t" errors="0" failures="0" skipped="0" tests="2" time="0.0732979774475098">
    <system-out>1..2
ok 1 - Equals
ok 2 - Equals
</system-out>
    <testcase name="Equals (219)" classname="spec_perl_TestCombineBool_t" time="0.00023198127746582" />
    <testcase name="Equals (220)" classname="spec_perl_TestCombineBool_t" time="0.000132083892822266" />
  </testsuite>
  <testsuite name="spec_perl_TestExprSizeofValue0_t" errors="0" failures="0" skipped="0" tests="5" time="0.0801880359649658">
    <system-out>1..5
ok 1 - Equals
ok 2 - Equals
ok 3 - Equals
ok 4 - Equals
ok 5 - Equals
</system-out>
    <testcase name="Equals (221)" classname="spec_perl_TestExprSizeofValue0_t" time="0.000253200531005859" />
    <testcase name="Equals (222)" classname="spec_perl_TestExprSizeofValue0_t" time="0.000178813934326172" />
    <testcase name="Equals (223)" classname="spec_perl_TestExprSizeofValue0_t" time="0.000207185745239258" />
    <testcase name="Equals (224)" classname="spec_perl_TestExprSizeofValue0_t" time="0.000446796417236328" />
    <testcase name="Equals (225)" classname="spec_perl_TestExprSizeofValue0_t" time="0.000202178955078125" />
  </testsuite>
  <testsuite name="spec_perl_TestTypeTernaryOpaque_t" errors="0" failures="0" skipped="0" tests="3" time="0.0904691219329834">
    <system-out>1..3
ok 1 - Equals
ok 2 - Equals
ok 3 - Equals
</system-out>
    <testcase name="Equals (226)" classname="spec_perl_TestTypeTernaryOpaque_t" time="0.00139904022216797" />
    <testcase name="Equals (227)" classname="spec_perl_TestTypeTernaryOpaque_t" time="0.000199079513549805" />
    <testcase name="Equals (228)" classname="spec_perl_TestTypeTernaryOpaque_t" time="0.000475883483886719" />
  </testsuite>
  <testsuite name="spec_perl_TestExpr1_t" errors="0" failures="0" skipped="0" tests="4" time="0.0820789337158203">
    <system-out>1..4
ok 1 - Equals
ok 2 - Equals
ok 3 - Equals
ok 4 - Equals
</system-out>
    <testcase name="Equals (229)" classname="spec_perl_TestExpr1_t" time="0.000159025192260742" />
    <testcase name="Equals (230)" classname="spec_perl_TestExpr1_t" time="0.000135898590087891" />
    <testcase name="Equals (231)" classname="spec_perl_TestExpr1_t" time="0.000142097473144531" />
    <testcase name="Equals (232)" classname="spec_perl_TestExpr1_t" time="0.000158786773681641" />
  </testsuite>
  <testsuite name="spec_perl_TestRepeatNStrz_t" errors="0" failures="0" skipped="0" tests="2" time="0.0778889656066895">
    <system-out>1..2
ok 1 - Equals
ok 2 - Equals
</system-out>
    <testcase name="Equals (233)" classname="spec_perl_TestRepeatNStrz_t" time="0.00026392936706543" />
    <testcase name="Equals (234)" classname="spec_perl_TestRepeatNStrz_t" time="9.60826873779297e-05" />
  </testsuite>
  <testsuite name="spec_perl_TestIoLocalVar_t" errors="0" failures="0" skipped="0" tests="2" time="0.0774059295654297">
    <system-out>1..2
ok 1 - Equals
ok 2 - Equals
</system-out>
    <testcase name="Equals (235)" classname="spec_perl_TestIoLocalVar_t" time="0.000715017318725586" />
    <testcase name="Equals (236)" classname="spec_perl_TestIoLocalVar_t" time="0.000129938125610352" />
  </testsuite>
  <testsuite name="spec_perl_TestStrPadTerm_t" errors="0" failures="0" skipped="0" tests="4" time="0.0773739814758301">
    <system-out>1..4
ok 1 - Equals
ok 2 - Equals
ok 3 - Equals
ok 4 - Equals
</system-out>
    <testcase name="Equals (237)" classname="spec_perl_TestStrPadTerm_t" time="0.000373125076293945" />
    <testcase name="Equals (238)" classname="spec_perl_TestStrPadTerm_t" time="0.000157833099365234" />
    <testcase name="Equals (239)" classname="spec_perl_TestStrPadTerm_t" time="0.000145196914672852" />
    <testcase name="Equals (240)" classname="spec_perl_TestStrPadTerm_t" time="0.000169992446899414" />
  </testsuite>
  <testsuite name="spec_perl_TestBcdUserTypeLe_t" errors="0" failures="0" skipped="0" tests="6" time="0.0795328617095947">
    <system-out>1..6
ok 1 - Equals
ok 2 - Equals
ok 3 - Equals
ok 4 - Equals
ok 5 - Equals
ok 6 - Equals
</system-out>
    <testcase name="Equals (241)" classname="spec_perl_TestBcdUserTypeLe_t" time="0.00338196754455566" />
    <testcase name="Equals (242)" classname="spec_perl_TestBcdUserTypeLe_t" time="5.31673431396484e-05" />
    <testcase name="Equals (243)" classname="spec_perl_TestBcdUserTypeLe_t" time="4.69684600830078e-05" />
    <testcase name="Equals (244)" classname="spec_perl_TestBcdUserTypeLe_t" time="3.69548797607422e-05" />
    <testcase name="Equals (245)" classname="spec_perl_TestBcdUserTypeLe_t" time="3.60012054443359e-05" />
    <testcase name="Equals (246)" classname="spec_perl_TestBcdUserTypeLe_t" time="3.29017639160156e-05" />
  </testsuite>
  <testsuite name="spec_perl_TestNestedSameName2_t" errors="0" failures="0" skipped="0" tests="5" time="0.0783150196075439">
    <system-out>1..5
ok 1 - Equals
ok 2 - Equals
ok 3 - Equals
ok 4 - Equals
ok 5 - Equals
</system-out>
    <testcase name="Equals (247)" classname="spec_perl_TestNestedSameName2_t" time="0.000288009643554688" />
    <testcase name="Equals (248)" classname="spec_perl_TestNestedSameName2_t" time="0.000149011611938477" />
    <testcase name="Equals (249)" classname="spec_perl_TestNestedSameName2_t" time="0.000200033187866211" />
    <testcase name="Equals (250)" classname="spec_perl_TestNestedSameName2_t" time="0.000227928161621094" />
    <testcase name="Equals (251)" classname="spec_perl_TestNestedSameName2_t" time="0.000280141830444336" />
  </testsuite>
  <testsuite name="spec_perl_TestParamsPassStruct_t" errors="0" failures="1" skipped="1" tests="4" time="0.0715749263763428">
    <system-out>1..4
ok 1 - Equals
ok 2 - Equals
not ok 3 - test_params_pass_struct died (Can't call method &quot;foo&quot; on an undefined value at spec/perl/TestParamsPassStruct.t line 16.)
ok 4 # skip test_params_pass_struct died
</system-out>
    <testcase name="Equals (252)" classname="spec_perl_TestParamsPassStruct_t" time="0.000176191329956055" />
    <testcase name="Equals (253)" classname="spec_perl_TestParamsPassStruct_t" time="0.000150918960571289" />
    <testcase name="test_params_pass_struct died (Can't call method &quot;foo&quot; on an undefined value at spec/perl/TestParamsPassStruct.t line 16.) (253)" classname="spec_perl_TestParamsPassStruct_t" time="0.000215053558349609">
      <failure message="not ok 3 - test_params_pass_struct died (Can't call method &quot;foo&quot; on an undefined value at spec/perl/TestParamsPassStruct.t line 16.)" type="TAP::Parser::Result::Test"></failure>
    </testcase>
    <testcase name="Unnamed test case 253" classname="spec_perl_TestParamsPassStruct_t" time="0.000917911529541016">
      <skipped message="ok 4 # skip test_params_pass_struct died" />
    </testcase>
  </testsuite>
  <testsuite name="spec_perl_TestEnumToI_t" errors="0" failures="0" skipped="0" tests="7" time="0.0914490222930908">
    <system-out>1..7
ok 1 - Equals
ok 2 - Equals
ok 3 - Equals
ok 4 - Equals
ok 5 - Equals
ok 6 - Equals
ok 7 - Equals
</system-out>
    <testcase name="Equals (254)" classname="spec_perl_TestEnumToI_t" time="0.00020599365234375" />
    <testcase name="Equals (255)" classname="spec_perl_TestEnumToI_t" time="0.000230073928833008" />
    <testcase name="Equals (256)" classname="spec_perl_TestEnumToI_t" time="0.000200986862182617" />
    <testcase name="Equals (257)" classname="spec_perl_TestEnumToI_t" time="0.000208139419555664" />
    <testcase name="Equals (258)" classname="spec_perl_TestEnumToI_t" time="0.000175952911376953" />
    <testcase name="Equals (259)" classname="spec_perl_TestEnumToI_t" time="0.000154972076416016" />
    <testcase name="Equals (260)" classname="spec_perl_TestEnumToI_t" time="0.00017094612121582" />
  </testsuite>
  <testsuite name="spec_perl_TestNavParentSwitchCast_t" errors="0" failures="0" skipped="0" tests="3" time="0.0769801139831543">
    <system-out>1..3
ok 1 - Equals
ok 2 - Equals
ok 3 - Equals
</system-out>
    <testcase name="Equals (261)" classname="spec_perl_TestNavParentSwitchCast_t" time="0.000574111938476562" />
    <testcase name="Equals (262)" classname="spec_perl_TestNavParentSwitchCast_t" time="7.20024108886719e-05" />
    <testcase name="Equals (263)" classname="spec_perl_TestNavParentSwitchCast_t" time="0.00017094612121582" />
  </testsuite>
  <testsuite name="spec_perl_TestDefaultBigEndian_t" errors="0" failures="0" skipped="0" tests="1" time="0.0730350017547607">
    <system-out>1..1
ok 1 - Equals
</system-out>
    <testcase name="Equals (264)" classname="spec_perl_TestDefaultBigEndian_t" time="0.000149965286254883" />
  </testsuite>
  <testsuite name="spec_perl_TestExprMod_t" errors="0" failures="0" skipped="0" tests="6" time="0.0735101699829102">
    <system-out>1..6
ok 1 - Equals
ok 2 - Equals
ok 3 - Equals
ok 4 - Equals
ok 5 - Equals
ok 6 - Equals
</system-out>
    <testcase name="Equals (265)" classname="spec_perl_TestExprMod_t" time="0.000216007232666016" />
    <testcase name="Equals (266)" classname="spec_perl_TestExprMod_t" time="0.000173091888427734" />
    <testcase name="Equals (267)" classname="spec_perl_TestExprMod_t" time="0.000166893005371094" />
    <testcase name="Equals (268)" classname="spec_perl_TestExprMod_t" time="0.000169038772583008" />
    <testcase name="Equals (269)" classname="spec_perl_TestExprMod_t" time="0.000200986862182617" />
    <testcase name="Equals (270)" classname="spec_perl_TestExprMod_t" time="0.000160932540893555" />
  </testsuite>
  <testsuite name="spec_perl_TestParamsCallShort_t" errors="0" failures="3" skipped="0" tests="3" time="0.0852639675140381">
    <system-out>1..3
not ok 1 - Equals
not ok 2 - Equals
not ok 3 - Equals
</system-out>
    <testcase name="Equals (271)" classname="spec_perl_TestParamsCallShort_t" time="0.000932931900024414">
      <failure message="not ok 1 - Equals" type="TAP::Parser::Result::Test"></failure>
    </testcase>
    <testcase name="Equals (272)" classname="spec_perl_TestParamsCallShort_t" time="0.00327515602111816">
      <failure message="not ok 2 - Equals" type="TAP::Parser::Result::Test"></failure>
    </testcase>
    <testcase name="Equals (273)" classname="spec_perl_TestParamsCallShort_t" time="4.60147857666016e-05">
      <failure message="not ok 3 - Equals" type="TAP::Parser::Result::Test"></failure>
    </testcase>
  </testsuite>
  <testsuite name="spec_perl_TestDocstringsDocref_t" errors="0" failures="0" skipped="1" tests="1" time="0.0917501449584961">
    <system-out>1..1
ok 1 # skip DocstringsDocref=HASH(0x558891065298)
</system-out>
    <testcase name="Unnamed test case 273" classname="spec_perl_TestDocstringsDocref_t" time="0.00196504592895508">
      <skipped message="ok 1 # skip DocstringsDocref=HASH(0x558891065298)" />
    </testcase>
  </testsuite>
  <testsuite name="spec_perl_TestFloatingPoints_t" errors="0" failures="0" skipped="0" tests="8" time="0.0863728523254395">
    <system-out>1..8
ok 1 - Approx equals
ok 2 - Approx equals
ok 3 - Approx equals
ok 4 - Approx equals
ok 5 - Approx equals
ok 6 - Approx equals
ok 7 - Approx equals
ok 8 - Approx equals
</system-out>
    <testcase name="Approx equals (273)" classname="spec_perl_TestFloatingPoints_t" time="0.00017094612121582" />
    <testcase name="Approx equals (274)" classname="spec_perl_TestFloatingPoints_t" time="8.0108642578125e-05" />
    <testcase name="Approx equals (275)" classname="spec_perl_TestFloatingPoints_t" time="3.98159027099609e-05" />
    <testcase name="Approx equals (276)" classname="spec_perl_TestFloatingPoints_t" time="5.10215759277344e-05" />
    <testcase name="Approx equals (277)" classname="spec_perl_TestFloatingPoints_t" time="3.814697265625e-05" />
    <testcase name="Approx equals (278)" classname="spec_perl_TestFloatingPoints_t" time="5.10215759277344e-05" />
    <testcase name="Approx equals (279)" classname="spec_perl_TestFloatingPoints_t" time="4.79221343994141e-05" />
    <testcase name="Approx equals (280)" classname="spec_perl_TestFloatingPoints_t" time="5.50746917724609e-05" />
  </testsuite>
  <testsuite name="spec_perl_TestValidLong_t" errors="0" failures="0" skipped="1" tests="1" time="0.0789730548858643">
    <system-out>1..1
ok 1 # skip ValidLong=HASH(0x559f0ca9a1c8)
</system-out>
    <testcase name="Unnamed test case 280" classname="spec_perl_TestValidLong_t" time="0.0014340877532959">
      <skipped message="ok 1 # skip ValidLong=HASH(0x559f0ca9a1c8)" />
    </testcase>
  </testsuite>
  <testsuite name="spec_perl_TestNestedTypeParam_t" errors="0" failures="2" skipped="0" tests="2" time="0.0878939628601074">
    <system-out>1..2
not ok 1 - Equals
not ok 2 - Equals
</system-out>
    <testcase name="Equals (280)" classname="spec_perl_TestNestedTypeParam_t" time="0.000172853469848633">
      <failure message="not ok 1 - Equals" type="TAP::Parser::Result::Test"></failure>
    </testcase>
    <testcase name="Equals (281)" classname="spec_perl_TestNestedTypeParam_t" time="0.00161099433898926">
      <failure message="not ok 2 - Equals" type="TAP::Parser::Result::Test"></failure>
    </testcase>
  </testsuite>
  <testsuite name="spec_perl_TestBitsSimpleLe_t" errors="0" failures="0" skipped="0" tests="14" time="0.0743870735168457">
    <system-out>1..14
ok 1 - Equals
ok 2 - Equals
ok 3 - Equals
ok 4 - Equals
ok 5 - Equals
ok 6 - Equals
ok 7 - Equals
ok 8 - Equals
ok 9 - Equals
ok 10 - Equals
ok 11 - Equals
ok 12 - Equals
ok 13 - Equals
ok 14 - Equals
</system-out>
    <testcase name="Equals (282)" classname="spec_perl_TestBitsSimpleLe_t" time="0.000257015228271484" />
    <testcase name="Equals (283)" classname="spec_perl_TestBitsSimpleLe_t" time="0.000327110290527344" />
    <testcase name="Equals (284)" classname="spec_perl_TestBitsSimpleLe_t" time="0.000160932540893555" />
    <testcase name="Equals (285)" classname="spec_perl_TestBitsSimpleLe_t" time="0.000216007232666016" />
    <testcase name="Equals (286)" classname="spec_perl_TestBitsSimpleLe_t" time="0.000174999237060547" />
    <testcase name="Equals (287)" classname="spec_perl_TestBitsSimpleLe_t" time="0.00018310546875" />
    <testcase name="Equals (288)" classname="spec_perl_TestBitsSimpleLe_t" time="0.000173807144165039" />
    <testcase name="Equals (289)" classname="spec_perl_TestBitsSimpleLe_t" time="0.000135183334350586" />
    <testcase name="Equals (290)" classname="spec_perl_TestBitsSimpleLe_t" time="0.000156879425048828" />
    <testcase name="Equals (291)" classname="spec_perl_TestBitsSimpleLe_t" time="0.000188112258911133" />
    <testcase name="Equals (292)" classname="spec_perl_TestBitsSimpleLe_t" time="0.000164031982421875" />
    <testcase name="Equals (293)" classname="spec_perl_TestBitsSimpleLe_t" time="0.000214815139770508" />
    <testcase name="Equals (294)" classname="spec_perl_TestBitsSimpleLe_t" time="0.000147104263305664" />
    <testcase name="Equals (295)" classname="spec_perl_TestBitsSimpleLe_t" time="0.000149965286254883" />
  </testsuite>
  <testsuite name="spec_perl_TestBitsSignedShiftB64Le_t" errors="0" failures="0" skipped="0" tests="2" time="0.0771420001983643">
    <system-out>1..2
ok 1 - Equals
ok 2 - Equals
</system-out>
    <testcase name="Equals (296)" classname="spec_perl_TestBitsSignedShiftB64Le_t" time="0.000124931335449219" />
    <testcase name="Equals (297)" classname="spec_perl_TestBitsSignedShiftB64Le_t" time="8.0108642578125e-05" />
  </testsuite>
  <testsuite name="spec_perl_TestMetaXref_t" errors="0" failures="0" skipped="1" tests="1" time="0.0747561454772949">
    <system-out>1..1
ok 1 # skip MetaXref=HASH(0x557c393836b8)
</system-out>
    <testcase name="Unnamed test case 297" classname="spec_perl_TestMetaXref_t" time="0.00129199028015137">
      <skipped message="ok 1 # skip MetaXref=HASH(0x557c393836b8)" />
    </testcase>
  </testsuite>
  <testsuite name="spec_perl_TestDebugSwitchUser_t" errors="1" failures="0" skipped="0" tests="0" time="0.0725719928741455">
    <system-out></system-out>
    <testcase name="Test died too soon, even before plan. (297)" classname="spec_perl_TestDebugSwitchUser_t" time="0.0725719928741455">
      <failure message="The test suite died before a plan was produced. You need to have a plan." type="Plan">No plan</failure>
    </testcase>
  </testsuite>
  <testsuite name="spec_perl_TestExpr0_t" errors="0" failures="0" skipped="0" tests="2" time="0.0727169513702393">
    <system-out>1..2
ok 1 - Equals
ok 2 - Equals
</system-out>
    <testcase name="Equals (298)" classname="spec_perl_TestExpr0_t" time="0.000180959701538086" />
    <testcase name="Equals (299)" classname="spec_perl_TestExpr0_t" time="0.000121116638183594" />
  </testsuite>
  <testsuite name="spec_perl_TestSwitchManualStrElse_t" errors="0" failures="0" skipped="0" tests="9" time="0.0922901630401611">
    <system-out>1..9
ok 1 - Equals
ok 2 - Equals
ok 3 - Equals
ok 4 - Equals
ok 5 - Equals
ok 6 - Equals
ok 7 - Equals
ok 8 - Equals
ok 9 - Equals
</system-out>
    <testcase name="Equals (300)" classname="spec_perl_TestSwitchManualStrElse_t" time="0.000428915023803711" />
    <testcase name="Equals (301)" classname="spec_perl_TestSwitchManualStrElse_t" time="0.000178098678588867" />
    <testcase name="Equals (302)" classname="spec_perl_TestSwitchManualStrElse_t" time="0.000195026397705078" />
    <testcase name="Equals (303)" classname="spec_perl_TestSwitchManualStrElse_t" time="0.000186920166015625" />
    <testcase name="Equals (304)" classname="spec_perl_TestSwitchManualStrElse_t" time="0.000226974487304688" />
    <testcase name="Equals (305)" classname="spec_perl_TestSwitchManualStrElse_t" time="0.000181913375854492" />
    <testcase name="Equals (306)" classname="spec_perl_TestSwitchManualStrElse_t" time="0.000184059143066406" />
    <testcase name="Equals (307)" classname="spec_perl_TestSwitchManualStrElse_t" time="0.000257968902587891" />
    <testcase name="Equals (308)" classname="spec_perl_TestSwitchManualStrElse_t" time="0.000182151794433594" />
  </testsuite>
  <testsuite name="spec_perl_TestEosExceptionU4_t" errors="0" failures="0" skipped="0" tests="1" time="0.0744478702545166">
    <system-out>1..1
ok 1 - threw /^Requested \d+ bytes, but only \d+ bytes available/
</system-out>
    <testcase name="threw /^Requested \d+ bytes, but only \d+ bytes available/ (308)" classname="spec_perl_TestEosExceptionU4_t" time="0.000597953796386719" />
  </testsuite>
  <testsuite name="spec_perl_TestIfStruct_t" errors="0" failures="0" skipped="0" tests="7" time="0.0917630195617676">
    <system-out>1..7
ok 1 - Equals
ok 2 - Equals
ok 3 - Equals
ok 4 - Equals
ok 5 - Equals
ok 6 - Equals
ok 7 - Equals
</system-out>
    <testcase name="Equals (309)" classname="spec_perl_TestIfStruct_t" time="0.000337839126586914" />
    <testcase name="Equals (310)" classname="spec_perl_TestIfStruct_t" time="0.000152111053466797" />
    <testcase name="Equals (311)" classname="spec_perl_TestIfStruct_t" time="0.000166893005371094" />
    <testcase name="Equals (312)" classname="spec_perl_TestIfStruct_t" time="0.000174999237060547" />
    <testcase name="Equals (313)" classname="spec_perl_TestIfStruct_t" time="0.000184059143066406" />
    <testcase name="Equals (314)" classname="spec_perl_TestIfStruct_t" time="0.000200033187866211" />
    <testcase name="Equals (315)" classname="spec_perl_TestIfStruct_t" time="0.000196933746337891" />
  </testsuite>
  <testsuite name="spec_perl_TestDocstrings_t" errors="0" failures="0" skipped="1" tests="1" time="0.0825130939483643">
    <system-out>1..1
ok 1 # skip Docstrings=HASH(0x558f150e8e40)
</system-out>
    <testcase name="Unnamed test case 315" classname="spec_perl_TestDocstrings_t" time="0.00135111808776855">
      <skipped message="ok 1 # skip Docstrings=HASH(0x558f150e8e40)" />
    </testcase>
  </testsuite>
  <testsuite name="spec_perl_TestNestedSameName_t" errors="0" failures="0" skipped="0" tests="2" time="0.0727689266204834">
    <system-out>1..2
ok 1 - Equals
ok 2 - Equals
</system-out>
    <testcase name="Equals (316)" classname="spec_perl_TestNestedSameName_t" time="0.000205039978027344" />
    <testcase name="Equals (317)" classname="spec_perl_TestNestedSameName_t" time="0.000126838684082031" />
  </testsuite>
  <testsuite name="spec_perl_TestSwitchManualIntSizeElse_t" errors="0" failures="0" skipped="0" tests="10" time="0.0799968242645264">
    <system-out>1..10
ok 1 - Equals
ok 2 - Equals
ok 3 - Equals
ok 4 - Equals
ok 5 - Equals
ok 6 - Equals
ok 7 - Equals
ok 8 - Equals
ok 9 - Equals
ok 10 - Equals
</system-out>
    <testcase name="Equals (318)" classname="spec_perl_TestSwitchManualIntSizeElse_t" time="0.000844001770019531" />
    <testcase name="Equals (319)" classname="spec_perl_TestSwitchManualIntSizeElse_t" time="0.000111818313598633" />
    <testcase name="Equals (320)" classname="spec_perl_TestSwitchManualIntSizeElse_t" time="0.000146150588989258" />
    <testcase name="Equals (321)" classname="spec_perl_TestSwitchManualIntSizeElse_t" time="0.000168800354003906" />
    <testcase name="Equals (322)" classname="spec_perl_TestSwitchManualIntSizeElse_t" time="0.000138998031616211" />
    <testcase name="Equals (323)" classname="spec_perl_TestSwitchManualIntSizeElse_t" time="0.000126123428344727" />
    <testcase name="Equals (324)" classname="spec_perl_TestSwitchManualIntSizeElse_t" time="0.000176906585693359" />
    <testcase name="Equals (325)" classname="spec_perl_TestSwitchManualIntSizeElse_t" time="0.000187158584594727" />
    <testcase name="Equals (326)" classname="spec_perl_TestSwitchManualIntSizeElse_t" time="0.000162839889526367" />
    <testcase name="Equals (327)" classname="spec_perl_TestSwitchManualIntSizeElse_t" time="0.000138998031616211" />
  </testsuite>
  <testsuite name="spec_perl_TestBitsSignedResB32Be_t" errors="0" failures="0" skipped="0" tests="1" time="0.0743401050567627">
    <system-out>1..1
ok 1 - Equals
</system-out>
    <testcase name="Equals (328)" classname="spec_perl_TestBitsSignedResB32Be_t" time="0.000260114669799805" />
  </testsuite>
  <testsuite name="spec_perl_TestIntegersMinMax_t" errors="0" failures="0" skipped="0" tests="28" time="0.0834779739379883">
    <system-out>1..28
ok 1 - Equals
ok 2 - Equals
ok 3 - Equals
ok 4 - Equals
ok 5 - Equals
ok 6 - Equals
ok 7 - Equals
ok 8 - Equals
ok 9 - Equals
ok 10 - Equals
ok 11 - Equals
ok 12 - Equals
ok 13 - Equals
ok 14 - Equals
ok 15 - Equals
ok 16 - Equals
ok 17 - Equals
ok 18 - Equals
ok 19 - Equals
ok 20 - Equals
ok 21 - Equals
ok 22 - Equals
ok 23 - Equals
ok 24 - Equals
ok 25 - Equals
ok 26 - Equals
ok 27 - Equals
ok 28 - Equals
</system-out>
    <testcase name="Equals (329)" classname="spec_perl_TestIntegersMinMax_t" time="0.00028681755065918" />
    <testcase name="Equals (330)" classname="spec_perl_TestIntegersMinMax_t" time="0.000159978866577148" />
    <testcase name="Equals (331)" classname="spec_perl_TestIntegersMinMax_t" time="0.000181198120117188" />
    <testcase name="Equals (332)" classname="spec_perl_TestIntegersMinMax_t" time="0.000171899795532227" />
    <testcase name="Equals (333)" classname="spec_perl_TestIntegersMinMax_t" time="0.000158071517944336" />
    <testcase name="Equals (334)" classname="spec_perl_TestIntegersMinMax_t" time="0.00020289421081543" />
    <testcase name="Equals (335)" classname="spec_perl_TestIntegersMinMax_t" time="0.000164985656738281" />
    <testcase name="Equals (336)" classname="spec_perl_TestIntegersMinMax_t" time="0.000164985656738281" />
    <testcase name="Equals (337)" classname="spec_perl_TestIntegersMinMax_t" time="0.000180959701538086" />
    <testcase name="Equals (338)" classname="spec_perl_TestIntegersMinMax_t" time="0.000165224075317383" />
    <testcase name="Equals (339)" classname="spec_perl_TestIntegersMinMax_t" time="0.000154972076416016" />
    <testcase name="Equals (340)" classname="spec_perl_TestIntegersMinMax_t" time="0.000172853469848633" />
    <testcase name="Equals (341)" classname="spec_perl_TestIntegersMinMax_t" time="0.000221014022827148" />
    <testcase name="Equals (342)" classname="spec_perl_TestIntegersMinMax_t" time="0.000198125839233398" />
    <testcase name="Equals (343)" classname="spec_perl_TestIntegersMinMax_t" time="0.000211000442504883" />
    <testcase name="Equals (344)" classname="spec_perl_TestIntegersMinMax_t" time="0.000178813934326172" />
    <testcase name="Equals (345)" classname="spec_perl_TestIntegersMinMax_t" time="0.00024104118347168" />
    <testcase name="Equals (346)" classname="spec_perl_TestIntegersMinMax_t" time="0.000174999237060547" />
    <testcase name="Equals (347)" classname="spec_perl_TestIntegersMinMax_t" time="0.000199079513549805" />
    <testcase name="Equals (348)" classname="spec_perl_TestIntegersMinMax_t" time="0.00020909309387207" />
    <testcase name="Equals (349)" classname="spec_perl_TestIntegersMinMax_t" time="0.000156879425048828" />
    <testcase name="Equals (350)" classname="spec_perl_TestIntegersMinMax_t" time="0.000155925750732422" />
    <testcase name="Equals (351)" classname="spec_perl_TestIntegersMinMax_t" time="0.000205039978027344" />
    <testcase name="Equals (352)" classname="spec_perl_TestIntegersMinMax_t" time="0.000163078308105469" />
    <testcase name="Equals (353)" classname="spec_perl_TestIntegersMinMax_t" time="0.000150918960571289" />
    <testcase name="Equals (354)" classname="spec_perl_TestIntegersMinMax_t" time="0.000151157379150391" />
    <testcase name="Equals (355)" classname="spec_perl_TestIntegersMinMax_t" time="0.000413894653320312" />
    <testcase name="Equals (356)" classname="spec_perl_TestIntegersMinMax_t" time="0.000317096710205078" />
  </testsuite>
  <testsuite name="spec_perl_TestValidShort_t" errors="0" failures="0" skipped="1" tests="1" time="0.0803511142730713">
    <system-out>1..1
ok 1 # skip ValidShort=HASH(0x55daa2d23d78)
</system-out>
    <testcase name="Unnamed test case 356" classname="spec_perl_TestValidShort_t" time="0.00142383575439453">
      <skipped message="ok 1 # skip ValidShort=HASH(0x55daa2d23d78)" />
    </testcase>
  </testsuite>
  <testsuite name="spec_perl_TestTermStrz_t" errors="0" failures="0" skipped="0" tests="3" time="0.0849649906158447">
    <system-out>1..3
ok 1 - Equals
ok 2 - Equals
ok 3 - Equals
</system-out>
    <testcase name="Equals (357)" classname="spec_perl_TestTermStrz_t" time="0.000285148620605469" />
    <testcase name="Equals (358)" classname="spec_perl_TestTermStrz_t" time="0.00014495849609375" />
    <testcase name="Equals (359)" classname="spec_perl_TestTermStrz_t" time="0.000159978866577148" />
  </testsuite>
  <testsuite name="spec_perl_TestDefaultEndianExprException_t" errors="0" failures="0" skipped="0" tests="1" time="0.0743520259857178">
    <system-out>1..1
ok 1 - threw /^Unable to decide on endianness/
</system-out>
    <testcase name="threw /^Unable to decide on endianness/ (359)" classname="spec_perl_TestDefaultEndianExprException_t" time="0.000185012817382812" />
  </testsuite>
  <testsuite name="spec_perl_TestEnumNegative_t" errors="0" failures="0" skipped="0" tests="2" time="0.079841136932373">
    <system-out>1..2
ok 1 - Equals
ok 2 - Equals
</system-out>
    <testcase name="Equals (360)" classname="spec_perl_TestEnumNegative_t" time="0.00018000602722168" />
    <testcase name="Equals (361)" classname="spec_perl_TestEnumNegative_t" time="0.000158071517944336" />
  </testsuite>
  <testsuite name="spec_perl_TestInstanceStd_t" errors="0" failures="0" skipped="0" tests="1" time="0.0814290046691895">
    <system-out>1..1
ok 1 - Equals
</system-out>
    <testcase name="Equals (362)" classname="spec_perl_TestInstanceStd_t" time="0.000394105911254883" />
  </testsuite>
  <testsuite name="spec_perl_TestNestedTypes3_t" errors="0" failures="0" skipped="0" tests="5" time="0.0852360725402832">
    <system-out>1..5
ok 1 - Equals
ok 2 - Equals
ok 3 - Equals
ok 4 - Equals
ok 5 - Equals
</system-out>
    <testcase name="Equals (363)" classname="spec_perl_TestNestedTypes3_t" time="0.000244855880737305" />
    <testcase name="Equals (364)" classname="spec_perl_TestNestedTypes3_t" time="0.000146150588989258" />
    <testcase name="Equals (365)" classname="spec_perl_TestNestedTypes3_t" time="0.00017094612121582" />
    <testcase name="Equals (366)" classname="spec_perl_TestNestedTypes3_t" time="0.00017094612121582" />
    <testcase name="Equals (367)" classname="spec_perl_TestNestedTypes3_t" time="0.000169038772583008" />
  </testsuite>
  <testsuite name="spec_perl_TestSwitchMultiBoolOps_t" errors="0" failures="0" skipped="0" tests="9" time="0.0812249183654785">
    <system-out>1..9
ok 1 - Equals
ok 2 - Equals
ok 3 - Equals
ok 4 - Equals
ok 5 - Equals
ok 6 - Equals
ok 7 - Equals
ok 8 - Equals
ok 9 - Equals
</system-out>
    <testcase name="Equals (368)" classname="spec_perl_TestSwitchMultiBoolOps_t" time="0.000339984893798828" />
    <testcase name="Equals (369)" classname="spec_perl_TestSwitchMultiBoolOps_t" time="0.000185966491699219" />
    <testcase name="Equals (370)" classname="spec_perl_TestSwitchMultiBoolOps_t" time="0.000181913375854492" />
    <testcase name="Equals (371)" classname="spec_perl_TestSwitchMultiBoolOps_t" time="0.00018000602722168" />
    <testcase name="Equals (372)" classname="spec_perl_TestSwitchMultiBoolOps_t" time="0.000184059143066406" />
    <testcase name="Equals (373)" classname="spec_perl_TestSwitchMultiBoolOps_t" time="0.000179052352905273" />
    <testcase name="Equals (374)" classname="spec_perl_TestSwitchMultiBoolOps_t" time="0.000199794769287109" />
    <testcase name="Equals (375)" classname="spec_perl_TestSwitchMultiBoolOps_t" time="0.000215053558349609" />
    <testcase name="Equals (376)" classname="spec_perl_TestSwitchMultiBoolOps_t" time="0.000223159790039062" />
  </testsuite>
  <testsuite name="spec_perl_TestNonStandard_t" errors="0" failures="0" skipped="0" tests="1" time="0.0889880657196045">
    <system-out>1..1
ok 1 - Equals
</system-out>
    <testcase name="Equals (377)" classname="spec_perl_TestNonStandard_t" time="0.000158071517944336" />
  </testsuite>
  <testsuite name="spec_perl_TestDocstringsDocrefMulti_t" errors="0" failures="0" skipped="1" tests="1" time="0.0851759910583496">
    <system-out>1..1
ok 1 # skip DocstringsDocrefMulti=HASH(0x560788cd4910)
</system-out>
    <testcase name="Unnamed test case 377" classname="spec_perl_TestDocstringsDocrefMulti_t" time="0.00157308578491211">
      <skipped message="ok 1 # skip DocstringsDocrefMulti=HASH(0x560788cd4910)" />
    </testcase>
  </testsuite>
  <testsuite name="spec_perl_TestRecursiveOne_t" errors="0" failures="0" skipped="0" tests="4" time="0.0713729858398438">
    <system-out>1..4
ok 1 - Equals
ok 2 - Equals
ok 3 - Equals
ok 4 - Equals
</system-out>
    <testcase name="Equals (378)" classname="spec_perl_TestRecursiveOne_t" time="0.000184059143066406" />
    <testcase name="Equals (379)" classname="spec_perl_TestRecursiveOne_t" time="9.89437103271484e-05" />
    <testcase name="Equals (380)" classname="spec_perl_TestRecursiveOne_t" time="0.000231027603149414" />
    <testcase name="Equals (381)" classname="spec_perl_TestRecursiveOne_t" time="0.00032496452331543" />
  </testsuite>
  <testsuite name="spec_perl_TestExpr2_t" errors="0" failures="0" skipped="0" tests="17" time="0.0827598571777344">
    <system-out>1..17
ok 1 - Equals
ok 2 - Equals
ok 3 - Equals
ok 4 - Equals
ok 5 - Equals
ok 6 - Equals
ok 7 - Equals
ok 8 - Equals
ok 9 - Equals
ok 10 - Equals
ok 11 - Equals
ok 12 - Equals
ok 13 - Equals
ok 14 - Equals
ok 15 - Equals
ok 16 - Equals
ok 17 - Equals
</system-out>
    <testcase name="Equals (382)" classname="spec_perl_TestExpr2_t" time="0.00065302848815918" />
    <testcase name="Equals (383)" classname="spec_perl_TestExpr2_t" time="6.98566436767578e-05" />
    <testcase name="Equals (384)" classname="spec_perl_TestExpr2_t" time="0.000178098678588867" />
    <testcase name="Equals (385)" classname="spec_perl_TestExpr2_t" time="0.000190973281860352" />
    <testcase name="Equals (386)" classname="spec_perl_TestExpr2_t" time="0.000161886215209961" />
    <testcase name="Equals (387)" classname="spec_perl_TestExpr2_t" time="0.000179052352905273" />
    <testcase name="Equals (388)" classname="spec_perl_TestExpr2_t" time="0.000266075134277344" />
    <testcase name="Equals (389)" classname="spec_perl_TestExpr2_t" time="0.000197887420654297" />
    <testcase name="Equals (390)" classname="spec_perl_TestExpr2_t" time="0.000236034393310547" />
    <testcase name="Equals (391)" classname="spec_perl_TestExpr2_t" time="0.000151157379150391" />
    <testcase name="Equals (392)" classname="spec_perl_TestExpr2_t" time="0.00018000602722168" />
    <testcase name="Equals (393)" classname="spec_perl_TestExpr2_t" time="0.000168800354003906" />
    <testcase name="Equals (394)" classname="spec_perl_TestExpr2_t" time="0.000210046768188477" />
    <testcase name="Equals (395)" classname="spec_perl_TestExpr2_t" time="0.000174999237060547" />
    <testcase name="Equals (396)" classname="spec_perl_TestExpr2_t" time="0.000156164169311523" />
    <testcase name="Equals (397)" classname="spec_perl_TestExpr2_t" time="0.000151872634887695" />
    <testcase name="Equals (398)" classname="spec_perl_TestExpr2_t" time="0.000158071517944336" />
  </testsuite>
  <testsuite name="spec_perl_TestOpaqueExternalType_t" errors="0" failures="0" skipped="0" tests="3" time="0.0817899703979492">
    <system-out>1..3
ok 1 - Equals
ok 2 - Equals
ok 3 - Equals
</system-out>
    <testcase name="Equals (399)" classname="spec_perl_TestOpaqueExternalType_t" time="0.000308036804199219" />
    <testcase name="Equals (400)" classname="spec_perl_TestOpaqueExternalType_t" time="0.000131845474243164" />
    <testcase name="Equals (401)" classname="spec_perl_TestOpaqueExternalType_t" time="0.000158071517944336" />
  </testsuite>
  <testsuite name="spec_perl_TestNestedTypes2_t" errors="0" failures="0" skipped="0" tests="7" time="0.0827350616455078">
    <system-out>1..7
ok 1 - Equals
ok 2 - Equals
ok 3 - Equals
ok 4 - Equals
ok 5 - Equals
ok 6 - Equals
ok 7 - Equals
</system-out>
    <testcase name="Equals (402)" classname="spec_perl_TestNestedTypes2_t" time="0.000253915786743164" />
    <testcase name="Equals (403)" classname="spec_perl_TestNestedTypes2_t" time="0.000153064727783203" />
    <testcase name="Equals (404)" classname="spec_perl_TestNestedTypes2_t" time="0.000190973281860352" />
    <testcase name="Equals (405)" classname="spec_perl_TestNestedTypes2_t" time="0.000247955322265625" />
    <testcase name="Equals (406)" classname="spec_perl_TestNestedTypes2_t" time="0.000146150588989258" />
    <testcase name="Equals (407)" classname="spec_perl_TestNestedTypes2_t" time="0.000190019607543945" />
    <testcase name="Equals (408)" classname="spec_perl_TestNestedTypes2_t" time="0.000152826309204102" />
  </testsuite>
  <testsuite name="spec_perl_TestProcessToUser_t" errors="0" failures="0" skipped="0" tests="1" time="0.0831959247589111">
    <system-out>1..1
ok 1 - Equals
</system-out>
    <testcase name="Equals (409)" classname="spec_perl_TestProcessToUser_t" time="0.00208210945129395" />
  </testsuite>
  <testsuite name="spec_perl_TestProcessCoerceBytes_t" errors="0" failures="0" skipped="0" tests="4" time="0.0777738094329834">
    <system-out>1..4
ok 1 - Equals
ok 2 - Equals
ok 3 - Equals
ok 4 - Equals
</system-out>
    <testcase name="Equals (410)" classname="spec_perl_TestProcessCoerceBytes_t" time="0.000236034393310547" />
    <testcase name="Equals (411)" classname="spec_perl_TestProcessCoerceBytes_t" time="0.000167131423950195" />
    <testcase name="Equals (412)" classname="spec_perl_TestProcessCoerceBytes_t" time="0.000220775604248047" />
    <testcase name="Equals (413)" classname="spec_perl_TestProcessCoerceBytes_t" time="0.000238180160522461" />
  </testsuite>
  <testsuite name="spec_perl_TestExprOpsParens_t" errors="0" failures="1" skipped="0" tests="9" time="0.0823121070861816">
    <system-out>1..9
ok 1 - Equals
ok 2 - Equals
ok 3 - Equals
ok 4 - Equals
ok 5 - Equals
ok 6 - Equals
not ok 7 - Equals
ok 8 - Equals
ok 9 - Equals
</system-out>
    <testcase name="Equals (414)" classname="spec_perl_TestExprOpsParens_t" time="0.000216960906982422" />
    <testcase name="Equals (415)" classname="spec_perl_TestExprOpsParens_t" time="0.000153064727783203" />
    <testcase name="Equals (416)" classname="spec_perl_TestExprOpsParens_t" time="0.000205039978027344" />
    <testcase name="Equals (417)" classname="spec_perl_TestExprOpsParens_t" time="0.000238895416259766" />
    <testcase name="Equals (418)" classname="spec_perl_TestExprOpsParens_t" time="0.000187158584594727" />
    <testcase name="Equals (419)" classname="spec_perl_TestExprOpsParens_t" time="0.000182867050170898" />
    <testcase name="Equals (420)" classname="spec_perl_TestExprOpsParens_t" time="0.000288963317871094">
      <failure message="not ok 7 - Equals" type="TAP::Parser::Result::Test"></failure>
    </testcase>
    <testcase name="Equals (421)" classname="spec_perl_TestExprOpsParens_t" time="0.00350117683410645" />
    <testcase name="Equals (422)" classname="spec_perl_TestExprOpsParens_t" time="6.38961791992188e-05" />
  </testsuite>
  <testsuite name="spec_perl_TestStrEos_t" errors="0" failures="0" skipped="0" tests="1" time="0.0818939208984375">
    <system-out>1..1
ok 1 - Equals
</system-out>
    <testcase name="Equals (423)" classname="spec_perl_TestStrEos_t" time="0.000348091125488281" />
  </testsuite>
  <testsuite name="spec_perl_TestPositionInSeq_t" errors="0" failures="0" skipped="0" tests="1" time="0.0746831893920898">
    <system-out>1..1
ok 1 - Equals
</system-out>
    <testcase name="Equals (424)" classname="spec_perl_TestPositionInSeq_t" time="0.00018310546875" />
  </testsuite>
  <testsuite name="spec_perl_TestExprStrOps_t" errors="0" failures="0" skipped="0" tests="17" time="0.088886022567749">
    <system-out>1..17
ok 1 - Equals
ok 2 - Equals
ok 3 - Equals
ok 4 - Equals
ok 5 - Equals
ok 6 - Equals
ok 7 - Equals
ok 8 - Equals
ok 9 - Equals
ok 10 - Equals
[...]
    <system-out>1..8
ok 1 - Equals
ok 2 - Equals
ok 3 - Equals
ok 4 - Equals
ok 5 - Equals
ok 6 - Equals
ok 7 - Equals
ok 8 - Equals
</system-out>
    <testcase name="Equals (864)" classname="spec_perl_TestIntegersDoubleOverflow_t" time="0.000240087509155273" />
    <testcase name="Equals (865)" classname="spec_perl_TestIntegersDoubleOverflow_t" time="0.000157833099365234" />
    <testcase name="Equals (866)" classname="spec_perl_TestIntegersDoubleOverflow_t" time="0.000174999237060547" />
    <testcase name="Equals (867)" classname="spec_perl_TestIntegersDoubleOverflow_t" time="0.000256061553955078" />
    <testcase name="Equals (868)" classname="spec_perl_TestIntegersDoubleOverflow_t" time="0.000200986862182617" />
    <testcase name="Equals (869)" classname="spec_perl_TestIntegersDoubleOverflow_t" time="0.000164031982421875" />
    <testcase name="Equals (870)" classname="spec_perl_TestIntegersDoubleOverflow_t" time="0.000192880630493164" />
    <testcase name="Equals (871)" classname="spec_perl_TestIntegersDoubleOverflow_t" time="0.000154018402099609" />
  </testsuite>
  <testsuite name="spec_perl_TestBitsShiftByB32Le_t" errors="0" failures="0" skipped="0" tests="2" time="0.0871729850769043">
    <system-out>1..2
ok 1 - Equals
ok 2 - Equals
</system-out>
    <testcase name="Equals (872)" classname="spec_perl_TestBitsShiftByB32Le_t" time="0.000185012817382812" />
    <testcase name="Equals (873)" classname="spec_perl_TestBitsShiftByB32Le_t" time="0.000161886215209961" />
  </testsuite>
  <testsuite name="spec_perl_TestSwitchElseOnly_t" errors="0" failures="0" skipped="0" tests="3" time="0.0865359306335449">
    <system-out>1..3
ok 1 - Equals
ok 2 - Equals
ok 3 - Equals
</system-out>
    <testcase name="Equals (874)" classname="spec_perl_TestSwitchElseOnly_t" time="0.000174045562744141" />
    <testcase name="Equals (875)" classname="spec_perl_TestSwitchElseOnly_t" time="0.000208854675292969" />
    <testcase name="Equals (876)" classname="spec_perl_TestSwitchElseOnly_t" time="0.000174999237060547" />
  </testsuite>
  <testsuite name="spec_perl_TestOptionalId_t" errors="0" failures="0" skipped="0" tests="3" time="0.0800070762634277">
    <system-out>1..3
ok 1 - Equals
ok 2 - Equals
ok 3 - Equals
</system-out>
    <testcase name="Equals (877)" classname="spec_perl_TestOptionalId_t" time="0.000210046768188477" />
    <testcase name="Equals (878)" classname="spec_perl_TestOptionalId_t" time="0.000168085098266602" />
    <testcase name="Equals (879)" classname="spec_perl_TestOptionalId_t" time="0.000160932540893555" />
  </testsuite>
  <testsuite name="spec_perl_TestBcdUserTypeBe_t" errors="0" failures="0" skipped="0" tests="6" time="0.090177059173584">
    <system-out>1..6
ok 1 - Equals
ok 2 - Equals
ok 3 - Equals
ok 4 - Equals
ok 5 - Equals
ok 6 - Equals
</system-out>
    <testcase name="Equals (880)" classname="spec_perl_TestBcdUserTypeBe_t" time="0.000730991363525391" />
    <testcase name="Equals (881)" classname="spec_perl_TestBcdUserTypeBe_t" time="8.20159912109375e-05" />
    <testcase name="Equals (882)" classname="spec_perl_TestBcdUserTypeBe_t" time="0.000169038772583008" />
    <testcase name="Equals (883)" classname="spec_perl_TestBcdUserTypeBe_t" time="0.000199794769287109" />
    <testcase name="Equals (884)" classname="spec_perl_TestBcdUserTypeBe_t" time="0.00020909309387207" />
    <testcase name="Equals (885)" classname="spec_perl_TestBcdUserTypeBe_t" time="0.000198125839233398" />
  </testsuite>
  <testsuite name="spec_perl_TestRepeatUntilComplex_t" errors="0" failures="0" skipped="0" tests="15" time="0.0845210552215576">
    <system-out>1..15
ok 1 - Equals
ok 2 - Equals
ok 3 - Equals
ok 4 - Equals
ok 5 - Equals
ok 6 - Equals
ok 7 - Equals
ok 8 - Equals
ok 9 - Equals
ok 10 - Equals
ok 11 - Equals
ok 12 - Equals
ok 13 - Equals
ok 14 - Equals
ok 15 - Equals
</system-out>
    <testcase name="Equals (886)" classname="spec_perl_TestRepeatUntilComplex_t" time="0.000248193740844727" />
    <testcase name="Equals (887)" classname="spec_perl_TestRepeatUntilComplex_t" time="0.000135898590087891" />
    <testcase name="Equals (888)" classname="spec_perl_TestRepeatUntilComplex_t" time="0.000145912170410156" />
    <testcase name="Equals (889)" classname="spec_perl_TestRepeatUntilComplex_t" time="0.000168085098266602" />
    <testcase name="Equals (890)" classname="spec_perl_TestRepeatUntilComplex_t" time="0.000149965286254883" />
    <testcase name="Equals (891)" classname="spec_perl_TestRepeatUntilComplex_t" time="0.000176906585693359" />
    <testcase name="Equals (892)" classname="spec_perl_TestRepeatUntilComplex_t" time="0.000173091888427734" />
    <testcase name="Equals (893)" classname="spec_perl_TestRepeatUntilComplex_t" time="0.000164031982421875" />
    <testcase name="Equals (894)" classname="spec_perl_TestRepeatUntilComplex_t" time="0.000151872634887695" />
    <testcase name="Equals (895)" classname="spec_perl_TestRepeatUntilComplex_t" time="0.000162124633789062" />
    <testcase name="Equals (896)" classname="spec_perl_TestRepeatUntilComplex_t" time="0.000133037567138672" />
    <testcase name="Equals (897)" classname="spec_perl_TestRepeatUntilComplex_t" time="0.000156879425048828" />
    <testcase name="Equals (898)" classname="spec_perl_TestRepeatUntilComplex_t" time="0.000135183334350586" />
    <testcase name="Equals (899)" classname="spec_perl_TestRepeatUntilComplex_t" time="0.000169992446899414" />
    <testcase name="Equals (900)" classname="spec_perl_TestRepeatUntilComplex_t" time="0.000161886215209961" />
  </testsuite>
  <testsuite name="spec_perl_TestImportsCircularA_t" errors="0" failures="0" skipped="0" tests="5" time="0.0736989974975586">
    <system-out>1..5
ok 1 - Equals
ok 2 - Equals
ok 3 - Equals
ok 4 - Equals
ok 5 - nil
</system-out>
    <testcase name="Equals (901)" classname="spec_perl_TestImportsCircularA_t" time="0.000181913375854492" />
    <testcase name="Equals (902)" classname="spec_perl_TestImportsCircularA_t" time="0.000112056732177734" />
    <testcase name="Equals (903)" classname="spec_perl_TestImportsCircularA_t" time="0.000159978866577148" />
    <testcase name="Equals (904)" classname="spec_perl_TestImportsCircularA_t" time="0.000178098678588867" />
    <testcase name="nil (904)" classname="spec_perl_TestImportsCircularA_t" time="7.60555267333984e-05" />
  </testsuite>
  <testsuite name="spec_perl_TestDefaultEndianExprInherited_t" errors="0" failures="0" skipped="0" tests="15" time="0.0825819969177246">
    <system-out>1..15
ok 1 - Equals
ok 2 - Equals
ok 3 - Equals
ok 4 - Equals
ok 5 - Equals
ok 6 - Equals
ok 7 - Equals
ok 8 - Equals
ok 9 - Equals
ok 10 - Equals
ok 11 - Equals
ok 12 - Equals
ok 13 - Equals
ok 14 - Equals
ok 15 - Equals
</system-out>
    <testcase name="Equals (905)" classname="spec_perl_TestDefaultEndianExprInherited_t" time="0.000572919845581055" />
    <testcase name="Equals (906)" classname="spec_perl_TestDefaultEndianExprInherited_t" time="0.000158071517944336" />
    <testcase name="Equals (907)" classname="spec_perl_TestDefaultEndianExprInherited_t" time="0.000182867050170898" />
    <testcase name="Equals (908)" classname="spec_perl_TestDefaultEndianExprInherited_t" time="0.000190973281860352" />
    <testcase name="Equals (909)" classname="spec_perl_TestDefaultEndianExprInherited_t" time="0.000220060348510742" />
    <testcase name="Equals (910)" classname="spec_perl_TestDefaultEndianExprInherited_t" time="0.000195980072021484" />
    <testcase name="Equals (911)" classname="spec_perl_TestDefaultEndianExprInherited_t" time="0.000165939331054688" />
    <testcase name="Equals (912)" classname="spec_perl_TestDefaultEndianExprInherited_t" time="0.000211000442504883" />
    <testcase name="Equals (913)" classname="spec_perl_TestDefaultEndianExprInherited_t" time="0.000210046768188477" />
    <testcase name="Equals (914)" classname="spec_perl_TestDefaultEndianExprInherited_t" time="0.000247955322265625" />
    <testcase name="Equals (915)" classname="spec_perl_TestDefaultEndianExprInherited_t" time="0.000211000442504883" />
    <testcase name="Equals (916)" classname="spec_perl_TestDefaultEndianExprInherited_t" time="0.000184059143066406" />
    <testcase name="Equals (917)" classname="spec_perl_TestDefaultEndianExprInherited_t" time="0.000175952911376953" />
    <testcase name="Equals (918)" classname="spec_perl_TestDefaultEndianExprInherited_t" time="0.000164985656738281" />
    <testcase name="Equals (919)" classname="spec_perl_TestDefaultEndianExprInherited_t" time="0.000213146209716797" />
  </testsuite>
  <testsuite name="spec_perl_TestProcessXorConst_t" errors="0" failures="0" skipped="0" tests="2" time="0.0736141204833984">
    <system-out>1..2
ok 1 - Equals
ok 2 - Equals
</system-out>
    <testcase name="Equals (920)" classname="spec_perl_TestProcessXorConst_t" time="0.000200986862182617" />
    <testcase name="Equals (921)" classname="spec_perl_TestProcessXorConst_t" time="0.000108003616333008" />
  </testsuite>
  <testsuite name="spec_perl_TestNavParentFalse2_t" errors="0" failures="0" skipped="0" tests="1" time="0.0749759674072266">
    <system-out>1..1
ok 1 - Equals
</system-out>
    <testcase name="Equals (922)" classname="spec_perl_TestNavParentFalse2_t" time="0.000247001647949219" />
  </testsuite>
  <testsuite name="spec_perl_TestEnumIntRangeS_t" errors="0" failures="0" skipped="0" tests="3" time="0.0773189067840576">
    <system-out>1..3
ok 1 - Equals
ok 2 - Equals
ok 3 - Equals
</system-out>
    <testcase name="Equals (923)" classname="spec_perl_TestEnumIntRangeS_t" time="0.000211000442504883" />
    <testcase name="Equals (924)" classname="spec_perl_TestEnumIntRangeS_t" time="0.000156879425048828" />
    <testcase name="Equals (925)" classname="spec_perl_TestEnumIntRangeS_t" time="0.000155210494995117" />
  </testsuite>
  <testsuite name="spec_perl_TestHelloWorld_t" errors="0" failures="0" skipped="0" tests="1" time="0.0745961666107178">
    <system-out>1..1
ok 1 - Equals
</system-out>
    <testcase name="Equals (926)" classname="spec_perl_TestHelloWorld_t" time="0.000216960906982422" />
  </testsuite>
  <testsuite name="spec_perl_TestImportsAbs_t" errors="0" failures="0" skipped="0" tests="2" time="0.0777571201324463">
    <system-out>1..2
ok 1 - Equals
ok 2 - Equals
</system-out>
    <testcase name="Equals (927)" classname="spec_perl_TestImportsAbs_t" time="0.000210046768188477" />
    <testcase name="Equals (928)" classname="spec_perl_TestImportsAbs_t" time="0.000159978866577148" />
  </testsuite>
  <testsuite name="spec_perl_TestEnumIntRangeU_t" errors="0" failures="0" skipped="0" tests="2" time="0.0787491798400879">
    <system-out>1..2
ok 1 - Equals
ok 2 - Equals
</system-out>
    <testcase name="Equals (929)" classname="spec_perl_TestEnumIntRangeU_t" time="0.000247001647949219" />
    <testcase name="Equals (930)" classname="spec_perl_TestEnumIntRangeU_t" time="0.000174999237060547" />
  </testsuite>
  <testsuite name="spec_perl_TestProcessRepeatBytes_t" errors="0" failures="0" skipped="0" tests="2" time="0.0759000778198242">
    <system-out>1..2
ok 1 - Equals
ok 2 - Equals
</system-out>
    <testcase name="Equals (931)" classname="spec_perl_TestProcessRepeatBytes_t" time="0.000152111053466797" />
    <testcase name="Equals (932)" classname="spec_perl_TestProcessRepeatBytes_t" time="0.000104904174804688" />
  </testsuite>
  <testsuite name="spec_perl_TestExprSizeofValueSized_t" errors="0" failures="0" skipped="0" tests="5" time="0.0841958522796631">
    <system-out>1..5
ok 1 - Equals
ok 2 - Equals
ok 3 - Equals
ok 4 - Equals
ok 5 - Equals
</system-out>
    <testcase name="Equals (933)" classname="spec_perl_TestExprSizeofValueSized_t" time="0.000576019287109375" />
    <testcase name="Equals (934)" classname="spec_perl_TestExprSizeofValueSized_t" time="7.41481781005859e-05" />
    <testcase name="Equals (935)" classname="spec_perl_TestExprSizeofValueSized_t" time="0.000213861465454102" />
    <testcase name="Equals (936)" classname="spec_perl_TestExprSizeofValueSized_t" time="0.000169038772583008" />
    <testcase name="Equals (937)" classname="spec_perl_TestExprSizeofValueSized_t" time="0.000169038772583008" />
  </testsuite>
  <testsuite name="spec_perl_TestProcessCoerceUsertype2_t" errors="0" failures="0" skipped="0" tests="4" time="0.0778968334197998">
    <system-out>1..4
ok 1 - Equals
ok 2 - Equals
ok 3 - Equals
ok 4 - Equals
</system-out>
    <testcase name="Equals (938)" classname="spec_perl_TestProcessCoerceUsertype2_t" time="0.000628948211669922" />
    <testcase name="Equals (939)" classname="spec_perl_TestProcessCoerceUsertype2_t" time="9.29832458496094e-05" />
    <testcase name="Equals (940)" classname="spec_perl_TestProcessCoerceUsertype2_t" time="0.000198125839233398" />
    <testcase name="Equals (941)" classname="spec_perl_TestProcessCoerceUsertype2_t" time="0.000208854675292969" />
  </testsuite>
  <testsuite name="spec_perl_TestBitsSimple_t" errors="0" failures="0" skipped="0" tests="14" time="0.0767238140106201">
    <system-out>1..14
ok 1 - Equals
ok 2 - Equals
ok 3 - Equals
ok 4 - Equals
ok 5 - Equals
ok 6 - Equals
ok 7 - Equals
ok 8 - Equals
ok 9 - Equals
ok 10 - Equals
ok 11 - Equals
ok 12 - Equals
ok 13 - Equals
ok 14 - Equals
</system-out>
    <testcase name="Equals (942)" classname="spec_perl_TestBitsSimple_t" time="0.000192165374755859" />
    <testcase name="Equals (943)" classname="spec_perl_TestBitsSimple_t" time="0.000274896621704102" />
    <testcase name="Equals (944)" classname="spec_perl_TestBitsSimple_t" time="0.000192880630493164" />
    <testcase name="Equals (945)" classname="spec_perl_TestBitsSimple_t" time="0.000228166580200195" />
    <testcase name="Equals (946)" classname="spec_perl_TestBitsSimple_t" time="0.000182867050170898" />
    <testcase name="Equals (947)" classname="spec_perl_TestBitsSimple_t" time="0.000156164169311523" />
    <testcase name="Equals (948)" classname="spec_perl_TestBitsSimple_t" time="0.000222921371459961" />
    <testcase name="Equals (949)" classname="spec_perl_TestBitsSimple_t" time="0.000140905380249023" />
    <testcase name="Equals (950)" classname="spec_perl_TestBitsSimple_t" time="0.000145196914672852" />
    <testcase name="Equals (951)" classname="spec_perl_TestBitsSimple_t" time="0.000142812728881836" />
    <testcase name="Equals (952)" classname="spec_perl_TestBitsSimple_t" time="0.000221014022827148" />
    <testcase name="Equals (953)" classname="spec_perl_TestBitsSimple_t" time="0.000177145004272461" />
    <testcase name="Equals (954)" classname="spec_perl_TestBitsSimple_t" time="0.000137805938720703" />
    <testcase name="Equals (955)" classname="spec_perl_TestBitsSimple_t" time="0.000149011611938477" />
  </testsuite>
  <testsuite name="spec_perl_TestStrLiterals_t" errors="0" failures="0" skipped="0" tests="5" time="0.0833771228790283">
    <system-out>1..5
ok 1 - Equals
ok 2 - Equals
ok 3 - Equals
ok 4 - Equals
ok 5 - Equals
</system-out>
    <testcase name="Equals (956)" classname="spec_perl_TestStrLiterals_t" time="0.000185012817382812" />
    <testcase name="Equals (957)" classname="spec_perl_TestStrLiterals_t" time="0.000149011611938477" />
    <testcase name="Equals (958)" classname="spec_perl_TestStrLiterals_t" time="0.000344991683959961" />
    <testcase name="Equals (959)" classname="spec_perl_TestStrLiterals_t" time="0.00026392936706543" />
    <testcase name="Equals (960)" classname="spec_perl_TestStrLiterals_t" time="0.000211954116821289" />
  </testsuite>
  <testsuite name="spec_perl_TestStrLiterals2_t" errors="0" failures="0" skipped="0" tests="4" time="0.0743298530578613">
    <system-out>1..4
ok 1 - Equals
ok 2 - Equals
ok 3 - Equals
ok 4 - Equals
</system-out>
    <testcase name="Equals (961)" classname="spec_perl_TestStrLiterals2_t" time="0.000180959701538086" />
    <testcase name="Equals (962)" classname="spec_perl_TestStrLiterals2_t" time="0.000130891799926758" />
    <testcase name="Equals (963)" classname="spec_perl_TestStrLiterals2_t" time="0.00018620491027832" />
    <testcase name="Equals (964)" classname="spec_perl_TestStrLiterals2_t" time="0.000250816345214844" />
  </testsuite>
  <testsuite name="spec_perl_TestProcessXorValue_t" errors="0" failures="0" skipped="0" tests="2" time="0.0695328712463379">
    <system-out>1..2
ok 1 - Equals
ok 2 - Equals
</system-out>
    <testcase name="Equals (965)" classname="spec_perl_TestProcessXorValue_t" time="0.000198125839233398" />
    <testcase name="Equals (966)" classname="spec_perl_TestProcessXorValue_t" time="0.000124931335449219" />
  </testsuite>
  <testsuite name="spec_perl_TestNestedTypes_t" errors="0" failures="0" skipped="0" tests="3" time="0.0774149894714355">
    <system-out>1..3
ok 1 - Equals
ok 2 - Equals
ok 3 - Equals
</system-out>
    <testcase name="Equals (967)" classname="spec_perl_TestNestedTypes_t" time="0.000230073928833008" />
    <testcase name="Equals (968)" classname="spec_perl_TestNestedTypes_t" time="0.000136852264404297" />
    <testcase name="Equals (969)" classname="spec_perl_TestNestedTypes_t" time="0.00017094612121582" />
  </testsuite>
  <testsuite name="spec_perl_TestRepeatEosBit_t" errors="0" failures="0" skipped="0" tests="1" time="0.0722708702087402">
    <system-out>1..1
ok 1 - Equals
</system-out>
    <testcase name="Equals (970)" classname="spec_perl_TestRepeatEosBit_t" time="0.000284910202026367" />
  </testsuite>
  <testsuite name="spec_perl_TestIndexToParamExpr_t" errors="0" failures="2" skipped="0" tests="7" time="0.0854520797729492">
    <system-out>1..7
ok 1 - Equals
ok 2 - Equals
ok 3 - Equals
ok 4 - Equals
ok 5 - Equals
not ok 6 - Equals
not ok 7 - Equals
</system-out>
    <testcase name="Equals (971)" classname="spec_perl_TestIndexToParamExpr_t" time="0.00142097473144531" />
    <testcase name="Equals (972)" classname="spec_perl_TestIndexToParamExpr_t" time="5.79357147216797e-05" />
    <testcase name="Equals (973)" classname="spec_perl_TestIndexToParamExpr_t" time="3.91006469726562e-05" />
    <testcase name="Equals (974)" classname="spec_perl_TestIndexToParamExpr_t" time="6.38961791992188e-05" />
    <testcase name="Equals (975)" classname="spec_perl_TestIndexToParamExpr_t" time="5.50746917724609e-05" />
    <testcase name="Equals (976)" classname="spec_perl_TestIndexToParamExpr_t" time="6.60419464111328e-05">
      <failure message="not ok 6 - Equals" type="TAP::Parser::Result::Test"></failure>
    </testcase>
    <testcase name="Equals (977)" classname="spec_perl_TestIndexToParamExpr_t" time="0.0016028881072998">
      <failure message="not ok 7 - Equals" type="TAP::Parser::Result::Test"></failure>
    </testcase>
  </testsuite>
  <testsuite name="spec_perl_TestExprBits_t" errors="0" failures="0" skipped="0" tests="10" time="0.0803887844085693">
    <system-out>1..10
ok 1 - Equals
ok 2 - Equals
ok 3 - Equals
ok 4 - Equals
ok 5 - Equals
ok 6 - Equals
ok 7 - Equals
ok 8 - Equals
ok 9 - Equals
ok 10 - Equals
</system-out>
    <testcase name="Equals (978)" classname="spec_perl_TestExprBits_t" time="0.000209808349609375" />
    <testcase name="Equals (979)" classname="spec_perl_TestExprBits_t" time="0.000150203704833984" />
    <testcase name="Equals (980)" classname="spec_perl_TestExprBits_t" time="0.000152826309204102" />
    <testcase name="Equals (981)" classname="spec_perl_TestExprBits_t" time="0.000276088714599609" />
    <testcase name="Equals (982)" classname="spec_perl_TestExprBits_t" time="0.000252962112426758" />
    <testcase name="Equals (983)" classname="spec_perl_TestExprBits_t" time="0.000152111053466797" />
    <testcase name="Equals (984)" classname="spec_perl_TestExprBits_t" time="0.000330924987792969" />
    <testcase name="Equals (985)" classname="spec_perl_TestExprBits_t" time="0.000211954116821289" />
    <testcase name="Equals (986)" classname="spec_perl_TestExprBits_t" time="0.000164985656738281" />
    <testcase name="Equals (987)" classname="spec_perl_TestExprBits_t" time="0.000230073928833008" />
  </testsuite>
</testsuites>
