<?xml version='1.0' encoding='utf-8'?>
<testsuites>
  <testsuite name="spec_perl_TestCastToTop_t" errors="0" failures="0" skipped="0" tests="3" time="0.0621368885040283">
    <system-out>1..3
ok 1 - Equals
ok 2 - Equals
ok 3 - Equals
</system-out>
    <testcase name="Equals" classname="spec_perl_TestCastToTop_t" time="0.000193119049072266" />
    <testcase name="Equals (2)" classname="spec_perl_TestCastToTop_t" time="0.000104904174804688" />
    <testcase name="Equals (3)" classname="spec_perl_TestCastToTop_t" time="0.000116109848022461" />
  </testsuite>
  <testsuite name="spec_perl_TestCombineStr_t" errors="0" failures="0" skipped="0" tests="15" time="0.0682129859924316">
    <system-out>1..15
ok 1 - Equals
ok 2 - Equals
ok 3 - Equals
ok 4 - Equals
ok 5 - Equals
ok 6 - Equals
ok 7 - Equals
ok 8 - Equals
ok 9 - Equals
ok 10 - Equals
ok 11 - Equals
ok 12 - Equals
ok 13 - Equals
ok 14 - Equals
ok 15 - Equals
</system-out>
    <testcase name="Equals (4)" classname="spec_perl_TestCombineStr_t" time="0.000236988067626953" />
    <testcase name="Equals (5)" classname="spec_perl_TestCombineStr_t" time="9.29832458496094e-05" />
    <testcase name="Equals (6)" classname="spec_perl_TestCombineStr_t" time="0.000113964080810547" />
    <testcase name="Equals (7)" classname="spec_perl_TestCombineStr_t" time="9.82284545898438e-05" />
    <testcase name="Equals (8)" classname="spec_perl_TestCombineStr_t" time="0.00010991096496582" />
    <testcase name="Equals (9)" classname="spec_perl_TestCombineStr_t" time="9.98973846435547e-05" />
    <testcase name="Equals (10)" classname="spec_perl_TestCombineStr_t" time="0.000128030776977539" />
    <testcase name="Equals (11)" classname="spec_perl_TestCombineStr_t" time="0.000100135803222656" />
    <testcase name="Equals (12)" classname="spec_perl_TestCombineStr_t" time="0.000103950500488281" />
    <testcase name="Equals (13)" classname="spec_perl_TestCombineStr_t" time="9.98973846435547e-05" />
    <testcase name="Equals (14)" classname="spec_perl_TestCombineStr_t" time="0.000103950500488281" />
    <testcase name="Equals (15)" classname="spec_perl_TestCombineStr_t" time="9.51290130615234e-05" />
    <testcase name="Equals (16)" classname="spec_perl_TestCombineStr_t" time="9.79900360107422e-05" />
    <testcase name="Equals (17)" classname="spec_perl_TestCombineStr_t" time="0.000102996826171875" />
    <testcase name="Equals (18)" classname="spec_perl_TestCombineStr_t" time="9.79900360107422e-05" />
  </testsuite>
  <testsuite name="spec_perl_TestBitsSimple_t" errors="0" failures="0" skipped="0" tests="14" time="0.0635027885437012">
    <system-out>1..14
ok 1 - Equals
ok 2 - Equals
ok 3 - Equals
ok 4 - Equals
ok 5 - Equals
ok 6 - Equals
ok 7 - Equals
ok 8 - Equals
ok 9 - Equals
ok 10 - Equals
ok 11 - Equals
ok 12 - Equals
ok 13 - Equals
ok 14 - Equals
</system-out>
    <testcase name="Equals (19)" classname="spec_perl_TestBitsSimple_t" time="0.000245094299316406" />
    <testcase name="Equals (20)" classname="spec_perl_TestBitsSimple_t" time="9.29832458496094e-05" />
    <testcase name="Equals (21)" classname="spec_perl_TestBitsSimple_t" time="9.29832458496094e-05" />
    <testcase name="Equals (22)" classname="spec_perl_TestBitsSimple_t" time="9.89437103271484e-05" />
    <testcase name="Equals (23)" classname="spec_perl_TestBitsSimple_t" time="9.98973846435547e-05" />
    <testcase name="Equals (24)" classname="spec_perl_TestBitsSimple_t" time="9.918212890625e-05" />
    <testcase name="Equals (25)" classname="spec_perl_TestBitsSimple_t" time="0.000105857849121094" />
    <testcase name="Equals (26)" classname="spec_perl_TestBitsSimple_t" time="9.51290130615234e-05" />
    <testcase name="Equals (27)" classname="spec_perl_TestBitsSimple_t" time="9.20295715332031e-05" />
    <testcase name="Equals (28)" classname="spec_perl_TestBitsSimple_t" time="9.58442687988281e-05" />
    <testcase name="Equals (29)" classname="spec_perl_TestBitsSimple_t" time="0.000102043151855469" />
    <testcase name="Equals (30)" classname="spec_perl_TestBitsSimple_t" time="9.79900360107422e-05" />
    <testcase name="Equals (31)" classname="spec_perl_TestBitsSimple_t" time="9.39369201660156e-05" />
    <testcase name="Equals (32)" classname="spec_perl_TestBitsSimple_t" time="0.000102043151855469" />
  </testsuite>
  <testsuite name="spec_perl_TestSwitchManualIntElse_t" errors="0" failures="0" skipped="0" tests="9" time="0.0696818828582764">
    <system-out>1..9
ok 1 - Equals
ok 2 - Equals
ok 3 - Equals
ok 4 - Equals
ok 5 - Equals
ok 6 - Equals
ok 7 - Equals
ok 8 - Equals
ok 9 - Equals
</system-out>
    <testcase name="Equals (33)" classname="spec_perl_TestSwitchManualIntElse_t" time="0.000614166259765625" />
    <testcase name="Equals (34)" classname="spec_perl_TestSwitchManualIntElse_t" time="0.000262022018432617" />
    <testcase name="Equals (35)" classname="spec_perl_TestSwitchManualIntElse_t" time="0.000325918197631836" />
    <testcase name="Equals (36)" classname="spec_perl_TestSwitchManualIntElse_t" time="6.69956207275391e-05" />
    <testcase name="Equals (37)" classname="spec_perl_TestSwitchManualIntElse_t" time="6.19888305664062e-05" />
    <testcase name="Equals (38)" classname="spec_perl_TestSwitchManualIntElse_t" time="0.000104904174804688" />
    <testcase name="Equals (39)" classname="spec_perl_TestSwitchManualIntElse_t" time="9.41753387451172e-05" />
    <testcase name="Equals (40)" classname="spec_perl_TestSwitchManualIntElse_t" time="0.000100851058959961" />
    <testcase name="Equals (41)" classname="spec_perl_TestSwitchManualIntElse_t" time="9.89437103271484e-05" />
  </testsuite>
  <testsuite name="spec_perl_TestDefaultEndianExprIsBe_t" errors="0" failures="0" skipped="0" tests="18" time="0.0649600028991699">
    <system-out>1..18
ok 1 - Equals
ok 2 - Equals
ok 3 - Equals
ok 4 - Equals
ok 5 - Equals
ok 6 - Equals
ok 7 - Equals
ok 8 - Equals
ok 9 - Equals
ok 10 - Equals
ok 11 - Equals
ok 12 - Equals
ok 13 - Equals
ok 14 - Equals
ok 15 - Equals
ok 16 - Equals
ok 17 - Equals
ok 18 - Equals
</system-out>
    <testcase name="Equals (42)" classname="spec_perl_TestDefaultEndianExprIsBe_t" time="0.000317096710205078" />
    <testcase name="Equals (43)" classname="spec_perl_TestDefaultEndianExprIsBe_t" time="9.89437103271484e-05" />
    <testcase name="Equals (44)" classname="spec_perl_TestDefaultEndianExprIsBe_t" time="0.000120162963867188" />
    <testcase name="Equals (45)" classname="spec_perl_TestDefaultEndianExprIsBe_t" time="0.000113964080810547" />
    <testcase name="Equals (46)" classname="spec_perl_TestDefaultEndianExprIsBe_t" time="0.000113964080810547" />
    <testcase name="Equals (47)" classname="spec_perl_TestDefaultEndianExprIsBe_t" time="0.000123977661132812" />
    <testcase name="Equals (48)" classname="spec_perl_TestDefaultEndianExprIsBe_t" time="0.000103950500488281" />
    <testcase name="Equals (49)" classname="spec_perl_TestDefaultEndianExprIsBe_t" time="0.000101089477539062" />
    <testcase name="Equals (50)" classname="spec_perl_TestDefaultEndianExprIsBe_t" time="0.000102043151855469" />
    <testcase name="Equals (51)" classname="spec_perl_TestDefaultEndianExprIsBe_t" time="9.58442687988281e-05" />
    <testcase name="Equals (52)" classname="spec_perl_TestDefaultEndianExprIsBe_t" time="0.000113010406494141" />
    <testcase name="Equals (53)" classname="spec_perl_TestDefaultEndianExprIsBe_t" time="0.000112056732177734" />
    <testcase name="Equals (54)" classname="spec_perl_TestDefaultEndianExprIsBe_t" time="9.98973846435547e-05" />
    <testcase name="Equals (55)" classname="spec_perl_TestDefaultEndianExprIsBe_t" time="9.70363616943359e-05" />
    <testcase name="Equals (56)" classname="spec_perl_TestDefaultEndianExprIsBe_t" time="0.000101089477539062" />
    <testcase name="Equals (57)" classname="spec_perl_TestDefaultEndianExprIsBe_t" time="9.89437103271484e-05" />
    <testcase name="Equals (58)" classname="spec_perl_TestDefaultEndianExprIsBe_t" time="0.000108003616333008" />
    <testcase name="Equals (59)" classname="spec_perl_TestDefaultEndianExprIsBe_t" time="0.000112056732177734" />
  </testsuite>
  <testsuite name="spec_perl_TestTermU1Val_t" errors="0" failures="0" skipped="0" tests="2" time="0.0663490295410156">
    <system-out>1..2
ok 1 - Equals
ok 2 - Equals
</system-out>
    <testcase name="Equals (60)" classname="spec_perl_TestTermU1Val_t" time="0.000287055969238281" />
    <testcase name="Equals (61)" classname="spec_perl_TestTermU1Val_t" time="7.98702239990234e-05" />
  </testsuite>
  <testsuite name="spec_perl_TestImportsCircularA_t" errors="0" failures="0" skipped="0" tests="5" time="0.0628387928009033">
    <system-out>1..5
ok 1 - Equals
ok 2 - Equals
ok 3 - Equals
ok 4 - Equals
ok 5 - nil
</system-out>
    <testcase name="Equals (62)" classname="spec_perl_TestImportsCircularA_t" time="0.000290155410766602" />
    <testcase name="Equals (63)" classname="spec_perl_TestImportsCircularA_t" time="8.98838043212891e-05" />
    <testcase name="Equals (64)" classname="spec_perl_TestImportsCircularA_t" time="0.000111103057861328" />
    <testcase name="Equals (65)" classname="spec_perl_TestImportsCircularA_t" time="9.89437103271484e-05" />
    <testcase name="nil (65)" classname="spec_perl_TestImportsCircularA_t" time="5.38825988769531e-05" />
  </testsuite>
  <testsuite name="spec_perl_TestNonStandard_t" errors="0" failures="0" skipped="0" tests="1" time="0.0616369247436523">
    <system-out>1..1
ok 1 - Equals
</system-out>
    <testcase name="Equals (66)" classname="spec_perl_TestNonStandard_t" time="0.000204801559448242" />
  </testsuite>
  <testsuite name="spec_perl_TestEnumInvalid_t" errors="0" failures="0" skipped="0" tests="2" time="0.0621380805969238">
    <system-out>1..2
ok 1 - Equals
ok 2 - Equals
</system-out>
    <testcase name="Equals (67)" classname="spec_perl_TestEnumInvalid_t" time="0.000200986862182617" />
    <testcase name="Equals (68)" classname="spec_perl_TestEnumInvalid_t" time="8.70227813720703e-05" />
  </testsuite>
  <testsuite name="spec_perl_TestParamsEnum_t" errors="0" failures="1" skipped="0" tests="2" time="0.0633177757263184">
    <system-out>1..2
ok 1 - Equals
not ok 2 - Equals
</system-out>
    <testcase name="Equals (69)" classname="spec_perl_TestParamsEnum_t" time="0.000212907791137695" />
    <testcase name="Equals (70)" classname="spec_perl_TestParamsEnum_t" time="0.000820159912109375">
      <failure message="not ok 2 - Equals" type="TAP::Parser::Result::Test"></failure>
    </testcase>
  </testsuite>
  <testsuite name="spec_perl_TestBitsSignedResB32Be_t" errors="0" failures="0" skipped="0" tests="1" time="0.0614371299743652">
    <system-out>1..1
ok 1 - Equals
</system-out>
    <testcase name="Equals (71)" classname="spec_perl_TestBitsSignedResB32Be_t" time="0.000199794769287109" />
  </testsuite>
  <testsuite name="spec_perl_TestExpr2_t" errors="0" failures="0" skipped="0" tests="17" time="0.0685009956359863">
    <system-out>1..17
ok 1 - Equals
ok 2 - Equals
ok 3 - Equals
ok 4 - Equals
ok 5 - Equals
ok 6 - Equals
ok 7 - Equals
ok 8 - Equals
ok 9 - Equals
ok 10 - Equals
ok 11 - Equals
ok 12 - Equals
ok 13 - Equals
ok 14 - Equals
ok 15 - Equals
ok 16 - Equals
ok 17 - Equals
</system-out>
    <testcase name="Equals (72)" classname="spec_perl_TestExpr2_t" time="0.000586032867431641" />
    <testcase name="Equals (73)" classname="spec_perl_TestExpr2_t" time="9.51290130615234e-05" />
    <testcase name="Equals (74)" classname="spec_perl_TestExpr2_t" time="0.000113010406494141" />
    <testcase name="Equals (75)" classname="spec_perl_TestExpr2_t" time="9.98973846435547e-05" />
    <testcase name="Equals (76)" classname="spec_perl_TestExpr2_t" time="0.000104904174804688" />
    <testcase name="Equals (77)" classname="spec_perl_TestExpr2_t" time="0.000107049942016602" />
    <testcase name="Equals (78)" classname="spec_perl_TestExpr2_t" time="0.000112056732177734" />
    <testcase name="Equals (79)" classname="spec_perl_TestExpr2_t" time="0.000128984451293945" />
    <testcase name="Equals (80)" classname="spec_perl_TestExpr2_t" time="0.000119924545288086" />
    <testcase name="Equals (81)" classname="spec_perl_TestExpr2_t" time="0.000106096267700195" />
    <testcase name="Equals (82)" classname="spec_perl_TestExpr2_t" time="9.20295715332031e-05" />
    <testcase name="Equals (83)" classname="spec_perl_TestExpr2_t" time="9.70363616943359e-05" />
    <testcase name="Equals (84)" classname="spec_perl_TestExpr2_t" time="0.000104904174804688" />
    <testcase name="Equals (85)" classname="spec_perl_TestExpr2_t" time="0.000118017196655273" />
    <testcase name="Equals (86)" classname="spec_perl_TestExpr2_t" time="0.000101089477539062" />
    <testcase name="Equals (87)" classname="spec_perl_TestExpr2_t" time="9.70363616943359e-05" />
    <testcase name="Equals (88)" classname="spec_perl_TestExpr2_t" time="0.000126838684082031" />
  </testsuite>
  <testsuite name="spec_perl_TestProcessXorConst_t" errors="0" failures="0" skipped="0" tests="2" time="0.0618758201599121">
    <system-out>1..2
ok 1 - Equals
ok 2 - Equals
</system-out>
    <testcase name="Equals (89)" classname="spec_perl_TestProcessXorConst_t" time="0.000233888626098633" />
    <testcase name="Equals (90)" classname="spec_perl_TestProcessXorConst_t" time="8.20159912109375e-05" />
  </testsuite>
  <testsuite name="spec_perl_TestBitsSeqEndianCombo_t" errors="0" failures="0" skipped="0" tests="8" time="0.0633299350738525">
    <system-out>1..8
ok 1 - Equals
ok 2 - Equals
ok 3 - Equals
ok 4 - Equals
ok 5 - Equals
ok 6 - Equals
ok 7 - Equals
ok 8 - Equals
</system-out>
    <testcase name="Equals (91)" classname="spec_perl_TestBitsSeqEndianCombo_t" time="0.000220060348510742" />
    <testcase name="Equals (92)" classname="spec_perl_TestBitsSeqEndianCombo_t" time="7.29560852050781e-05" />
    <testcase name="Equals (93)" classname="spec_perl_TestBitsSeqEndianCombo_t" time="9.98973846435547e-05" />
    <testcase name="Equals (94)" classname="spec_perl_TestBitsSeqEndianCombo_t" time="9.918212890625e-05" />
    <testcase name="Equals (95)" classname="spec_perl_TestBitsSeqEndianCombo_t" time="9.70363616943359e-05" />
    <testcase name="Equals (96)" classname="spec_perl_TestBitsSeqEndianCombo_t" time="9.48905944824219e-05" />
    <testcase name="Equals (97)" classname="spec_perl_TestBitsSeqEndianCombo_t" time="9.48905944824219e-05" />
    <testcase name="Equals (98)" classname="spec_perl_TestBitsSeqEndianCombo_t" time="8.70227813720703e-05" />
  </testsuite>
  <testsuite name="spec_perl_TestParamsCallShort_t" errors="0" failures="3" skipped="0" tests="3" time="0.0686030387878418">
    <system-out>1..3
not ok 1 - Equals
not ok 2 - Equals
not ok 3 - Equals
</system-out>
    <testcase name="Equals (99)" classname="spec_perl_TestParamsCallShort_t" time="0.000898122787475586">
      <failure message="not ok 1 - Equals" type="TAP::Parser::Result::Test"></failure>
    </testcase>
    <testcase name="Equals (100)" classname="spec_perl_TestParamsCallShort_t" time="6.29425048828125e-05">
      <failure message="not ok 2 - Equals" type="TAP::Parser::Result::Test"></failure>
    </testcase>
    <testcase name="Equals (101)" classname="spec_perl_TestParamsCallShort_t" time="0.000936985015869141">
      <failure message="not ok 3 - Equals" type="TAP::Parser::Result::Test"></failure>
    </testcase>
  </testsuite>
  <testsuite name="spec_perl_TestValidShort_t" errors="0" failures="0" skipped="1" tests="1" time="0.0670540332794189">
    <system-out>1..1
ok 1 # skip ValidShort=HASH(0x5587d5171a68)
</system-out>
    <testcase name="Unnamed test case 101" classname="spec_perl_TestValidShort_t" time="0.00127291679382324">
      <skipped message="ok 1 # skip ValidShort=HASH(0x5587d5171a68)" />
    </testcase>
  </testsuite>
  <testsuite name="spec_perl_TestBitsSignedShiftB32Le_t" errors="0" failures="0" skipped="0" tests="2" time="0.0614380836486816">
    <system-out>1..2
ok 1 - Equals
ok 2 - Equals
</system-out>
    <testcase name="Equals (102)" classname="spec_perl_TestBitsSignedShiftB32Le_t" time="0.000233888626098633" />
    <testcase name="Equals (103)" classname="spec_perl_TestBitsSignedShiftB32Le_t" time="9.41753387451172e-05" />
  </testsuite>
  <testsuite name="spec_perl_TestParamsPassStruct_t" errors="0" failures="1" skipped="1" tests="4" time="0.0641210079193115">
    <system-out>1..4
ok 1 - Equals
ok 2 - Equals
not ok 3 - test_params_pass_struct died (Can't call method &quot;foo&quot; on an undefined value at spec/perl/TestParamsPassStruct.t line 16.)
ok 4 # skip test_params_pass_struct died
</system-out>
    <testcase name="Equals (104)" classname="spec_perl_TestParamsPassStruct_t" time="0.000212907791137695" />
    <testcase name="Equals (105)" classname="spec_perl_TestParamsPassStruct_t" time="9.20295715332031e-05" />
    <testcase name="test_params_pass_struct died (Can't call method &quot;foo&quot; on an undefined value at spec/perl/TestParamsPassStruct.t line 16.) (105)" classname="spec_perl_TestParamsPassStruct_t" time="0.000195980072021484">
      <failure message="not ok 3 - test_params_pass_struct died (Can't call method &quot;foo&quot; on an undefined value at spec/perl/TestParamsPassStruct.t line 16.)" type="TAP::Parser::Result::Test"></failure>
    </testcase>
    <testcase name="Unnamed test case 105" classname="spec_perl_TestParamsPassStruct_t" time="0.00123000144958496">
      <skipped message="ok 4 # skip test_params_pass_struct died" />
    </testcase>
  </testsuite>
  <testsuite name="spec_perl_TestDefaultEndianExprInherited_t" errors="0" failures="0" skipped="0" tests="15" time="0.0641891956329346">
    <system-out>1..15
ok 1 - Equals
ok 2 - Equals
ok 3 - Equals
ok 4 - Equals
ok 5 - Equals
ok 6 - Equals
ok 7 - Equals
ok 8 - Equals
ok 9 - Equals
ok 10 - Equals
ok 11 - Equals
ok 12 - Equals
ok 13 - Equals
ok 14 - Equals
ok 15 - Equals
</system-out>
    <testcase name="Equals (106)" classname="spec_perl_TestDefaultEndianExprInherited_t" time="0.000326156616210938" />
    <testcase name="Equals (107)" classname="spec_perl_TestDefaultEndianExprInherited_t" time="9.48905944824219e-05" />
    <testcase name="Equals (108)" classname="spec_perl_TestDefaultEndianExprInherited_t" time="0.000107049942016602" />
    <testcase name="Equals (109)" classname="spec_perl_TestDefaultEndianExprInherited_t" time="0.000102043151855469" />
    <testcase name="Equals (110)" classname="spec_perl_TestDefaultEndianExprInherited_t" time="0.00011897087097168" />
    <testcase name="Equals (111)" classname="spec_perl_TestDefaultEndianExprInherited_t" time="0.000104904174804688" />
    <testcase name="Equals (112)" classname="spec_perl_TestDefaultEndianExprInherited_t" time="9.60826873779297e-05" />
    <testcase name="Equals (113)" classname="spec_perl_TestDefaultEndianExprInherited_t" time="0.000100851058959961" />
    <testcase name="Equals (114)" classname="spec_perl_TestDefaultEndianExprInherited_t" time="9.82284545898438e-05" />
    <testcase name="Equals (115)" classname="spec_perl_TestDefaultEndianExprInherited_t" time="0.000112771987915039" />
    <testcase name="Equals (116)" classname="spec_perl_TestDefaultEndianExprInherited_t" time="0.000104188919067383" />
    <testcase name="Equals (117)" classname="spec_perl_TestDefaultEndianExprInherited_t" time="9.20295715332031e-05" />
    <testcase name="Equals (118)" classname="spec_perl_TestDefaultEndianExprInherited_t" time="9.79900360107422e-05" />
    <testcase name="Equals (119)" classname="spec_perl_TestDefaultEndianExprInherited_t" time="9.58442687988281e-05" />
    <testcase name="Equals (120)" classname="spec_perl_TestDefaultEndianExprInherited_t" time="0.000117063522338867" />
  </testsuite>
  <testsuite name="spec_perl_TestDocstrings_t" errors="0" failures="0" skipped="1" tests="1" time="0.0626180171966553">
    <system-out>1..1
ok 1 # skip Docstrings=HASH(0x564a16a86fd8)
</system-out>
    <testcase name="Unnamed test case 120" classname="spec_perl_TestDocstrings_t" time="0.00117707252502441">
      <skipped message="ok 1 # skip Docstrings=HASH(0x564a16a86fd8)" />
    </testcase>
  </testsuite>
  <testsuite name="spec_perl_TestEnumToI_t" errors="0" failures="0" skipped="0" tests="8" time="0.0621888637542725">
    <system-out>1..8
ok 1 - Equals
ok 2 - Equals
ok 3 - Equals
ok 4 - Equals
ok 5 - Equals
ok 6 - Equals
ok 7 - Equals
ok 8 - Equals
</system-out>
    <testcase name="Equals (121)" classname="spec_perl_TestEnumToI_t" time="0.000204086303710938" />
    <testcase name="Equals (122)" classname="spec_perl_TestEnumToI_t" time="7.98702239990234e-05" />
    <testcase name="Equals (123)" classname="spec_perl_TestEnumToI_t" time="0.000137090682983398" />
    <testcase name="Equals (124)" classname="spec_perl_TestEnumToI_t" time="0.000108003616333008" />
    <testcase name="Equals (125)" classname="spec_perl_TestEnumToI_t" time="0.000107049942016602" />
    <testcase name="Equals (126)" classname="spec_perl_TestEnumToI_t" time="8.79764556884766e-05" />
    <testcase name="Equals (127)" classname="spec_perl_TestEnumToI_t" time="8.79764556884766e-05" />
    <testcase name="Equals (128)" classname="spec_perl_TestEnumToI_t" time="9.20295715332031e-05" />
  </testsuite>
  <testsuite name="spec_perl_TestEofExceptionU4_t" errors="0" failures="0" skipped="0" tests="1" time="0.0625448226928711">
    <system-out>1..1
ok 1 - threw /^Requested \d+ bytes, but only \d+ bytes available/
</system-out>
    <testcase name="threw /^Requested \d+ bytes, but only \d+ bytes available/ (128)" classname="spec_perl_TestEofExceptionU4_t" time="0.000149011611938477" />
  </testsuite>
  <testsuite name="spec_perl_TestBitsShiftByB32Le_t" errors="0" failures="0" skipped="0" tests="2" time="0.0616860389709473">
    <system-out>1..2
ok 1 - Equals
ok 2 - Equals
</system-out>
    <testcase name="Equals (129)" classname="spec_perl_TestBitsShiftByB32Le_t" time="0.000184059143066406" />
    <testcase name="Equals (130)" classname="spec_perl_TestBitsShiftByB32Le_t" time="8.392333984375e-05" />
  </testsuite>
  <testsuite name="spec_perl_TestInstanceIoUser_t" errors="0" failures="0" skipped="0" tests="4" time="0.0677900314331055">
    <system-out>1..4
ok 1 - Equals
ok 2 - Equals
ok 3 - Equals
ok 4 - Equals
</system-out>
    <testcase name="Equals (131)" classname="spec_perl_TestInstanceIoUser_t" time="0.000581026077270508" />
    <testcase name="Equals (132)" classname="spec_perl_TestInstanceIoUser_t" time="0.000118017196655273" />
    <testcase name="Equals (133)" classname="spec_perl_TestInstanceIoUser_t" time="0.000122785568237305" />
    <testcase name="Equals (134)" classname="spec_perl_TestInstanceIoUser_t" time="0.000119209289550781" />
  </testsuite>
  <testsuite name="spec_perl_TestSwitchRepeatExprInvalid_t" errors="0" failures="0" skipped="0" tests="3" time="0.0621020793914795">
    <system-out>1..3
ok 1 - Equals
ok 2 - Equals
ok 3 - Equals
</system-out>
    <testcase name="Equals (135)" classname="spec_perl_TestSwitchRepeatExprInvalid_t" time="0.000174999237060547" />
    <testcase name="Equals (136)" classname="spec_perl_TestSwitchRepeatExprInvalid_t" time="7.51018524169922e-05" />
    <testcase name="Equals (137)" classname="spec_perl_TestSwitchRepeatExprInvalid_t" time="0.000113010406494141" />
  </testsuite>
  <testsuite name="spec_perl_TestEnumIntRangeU_t" errors="0" failures="0" skipped="0" tests="2" time="0.0610151290893555">
    <system-out>1..2
ok 1 - Equals
ok 2 - Equals
</system-out>
    <testcase name="Equals (138)" classname="spec_perl_TestEnumIntRangeU_t" time="0.000218868255615234" />
    <testcase name="Equals (139)" classname="spec_perl_TestEnumIntRangeU_t" time="8.10623168945312e-05" />
  </testsuite>
  <testsuite name="spec_perl_TestEnumToIInvalid_t" errors="0" failures="0" skipped="0" tests="8" time="0.0622339248657227">
    <system-out>1..8
ok 1 - Equals
ok 2 - Equals
ok 3 - Equals
ok 4 - Equals
ok 5 - Equals
ok 6 - Equals
ok 7 - Equals
ok 8 - Equals
</system-out>
    <testcase name="Equals (140)" classname="spec_perl_TestEnumToIInvalid_t" time="0.000227928161621094" />
    <testcase name="Equals (141)" classname="spec_perl_TestEnumToIInvalid_t" time="9.79900360107422e-05" />
    <testcase name="Equals (142)" classname="spec_perl_TestEnumToIInvalid_t" time="0.000101089477539062" />
    <testcase name="Equals (143)" classname="spec_perl_TestEnumToIInvalid_t" time="0.000105857849121094" />
    <testcase name="Equals (144)" classname="spec_perl_TestEnumToIInvalid_t" time="0.000100135803222656" />
    <testcase name="Equals (145)" classname="spec_perl_TestEnumToIInvalid_t" time="9.39369201660156e-05" />
    <testcase name="Equals (146)" classname="spec_perl_TestEnumToIInvalid_t" time="8.89301300048828e-05" />
    <testcase name="Equals (147)" classname="spec_perl_TestEnumToIInvalid_t" time="9.32216644287109e-05" />
  </testsuite>
  <testsuite name="spec_perl_TestIoLocalVar_t" errors="0" failures="0" skipped="0" tests="2" time="0.0629079341888428">
    <system-out>1..2
ok 1 - Equals
ok 2 - Equals
</system-out>
    <testcase name="Equals (148)" classname="spec_perl_TestIoLocalVar_t" time="0.000995874404907227" />
    <testcase name="Equals (149)" classname="spec_perl_TestIoLocalVar_t" time="0.000110149383544922" />
  </testsuite>
  <testsuite name="spec_perl_TestNestedTypeParam_t" errors="0" failures="2" skipped="0" tests="2" time="0.0682640075683594">
    <system-out>1..2
not ok 1 - Equals
not ok 2 - Equals
</system-out>
    <testcase name="Equals (150)" classname="spec_perl_TestNestedTypeParam_t" time="0.000865936279296875">
      <failure message="not ok 1 - Equals" type="TAP::Parser::Result::Test"></failure>
    </testcase>
    <testcase name="Equals (151)" classname="spec_perl_TestNestedTypeParam_t" time="6.50882720947266e-05">
      <failure message="not ok 2 - Equals" type="TAP::Parser::Result::Test"></failure>
    </testcase>
  </testsuite>
  <testsuite name="spec_perl_TestProcessCoerceBytes_t" errors="0" failures="0" skipped="0" tests="4" time="0.0633499622344971">
    <system-out>1..4
ok 1 - Equals
ok 2 - Equals
ok 3 - Equals
ok 4 - Equals
</system-out>
    <testcase name="Equals (152)" classname="spec_perl_TestProcessCoerceBytes_t" time="0.000266075134277344" />
    <testcase name="Equals (153)" classname="spec_perl_TestProcessCoerceBytes_t" time="9.67979431152344e-05" />
    <testcase name="Equals (154)" classname="spec_perl_TestProcessCoerceBytes_t" time="0.000106096267700195" />
    <testcase name="Equals (155)" classname="spec_perl_TestProcessCoerceBytes_t" time="0.000106096267700195" />
  </testsuite>
  <testsuite name="spec_perl_TestIntegers_t" errors="0" failures="0" skipped="0" tests="20" time="0.0645389556884766">
    <system-out>1..20
ok 1 - Equals
ok 2 - Equals
ok 3 - Equals
ok 4 - Equals
ok 5 - Equals
ok 6 - Equals
ok 7 - Equals
ok 8 - Equals
ok 9 - Equals
ok 10 - Equals
ok 11 - Equals
ok 12 - Equals
ok 13 - Equals
ok 14 - Equals
ok 15 - Equals
ok 16 - Equals
ok 17 - Equals
ok 18 - Equals
ok 19 - Equals
ok 20 - Equals
</system-out>
    <testcase name="Equals (156)" classname="spec_perl_TestIntegers_t" time="0.000257015228271484" />
    <testcase name="Equals (157)" classname="spec_perl_TestIntegers_t" time="0.000107049942016602" />
    <testcase name="Equals (158)" classname="spec_perl_TestIntegers_t" time="0.000105142593383789" />
    <testcase name="Equals (159)" classname="spec_perl_TestIntegers_t" time="0.000103950500488281" />
    <testcase name="Equals (160)" classname="spec_perl_TestIntegers_t" time="0.000102043151855469" />
    <testcase name="Equals (161)" classname="spec_perl_TestIntegers_t" time="0.000101804733276367" />
    <testcase name="Equals (162)" classname="spec_perl_TestIntegers_t" time="0.000105142593383789" />
    <testcase name="Equals (163)" classname="spec_perl_TestIntegers_t" time="9.89437103271484e-05" />
    <testcase name="Equals (164)" classname="spec_perl_TestIntegers_t" time="9.79900360107422e-05" />
    <testcase name="Equals (165)" classname="spec_perl_TestIntegers_t" time="9.51290130615234e-05" />
    <testcase name="Equals (166)" classname="spec_perl_TestIntegers_t" time="0.000100851058959961" />
    <testcase name="Equals (167)" classname="spec_perl_TestIntegers_t" time="9.60826873779297e-05" />
    <testcase name="Equals (168)" classname="spec_perl_TestIntegers_t" time="9.60826873779297e-05" />
    <testcase name="Equals (169)" classname="spec_perl_TestIntegers_t" time="9.58442687988281e-05" />
    <testcase name="Equals (170)" classname="spec_perl_TestIntegers_t" time="9.89437103271484e-05" />
    <testcase name="Equals (171)" classname="spec_perl_TestIntegers_t" time="9.70363616943359e-05" />
    <testcase name="Equals (172)" classname="spec_perl_TestIntegers_t" time="9.51290130615234e-05" />
    <testcase name="Equals (173)" classname="spec_perl_TestIntegers_t" time="9.98973846435547e-05" />
    <testcase name="Equals (174)" classname="spec_perl_TestIntegers_t" time="9.51290130615234e-05" />
    <testcase name="Equals (175)" classname="spec_perl_TestIntegers_t" time="9.39369201660156e-05" />
  </testsuite>
  <testsuite name="spec_perl_TestOptionalId_t" errors="0" failures="0" skipped="0" tests="3" time="0.0814979076385498">
    <system-out>1..3
ok 1 - Equals
ok 2 - Equals
ok 3 - Equals
</system-out>
    <testcase name="Equals (176)" classname="spec_perl_TestOptionalId_t" time="0.000133037567138672" />
    <testcase name="Equals (177)" classname="spec_perl_TestOptionalId_t" time="4.69684600830078e-05" />
    <testcase name="Equals (178)" classname="spec_perl_TestOptionalId_t" time="0.000336885452270508" />
  </testsuite>
  <testsuite name="spec_perl_TestSwitchCast_t" errors="0" failures="0" skipped="0" tests="2" time="0.0666642189025879">
    <system-out>1..2
ok 1 - Equals
ok 2 - Equals
</system-out>
    <testcase name="Equals (179)" classname="spec_perl_TestSwitchCast_t" time="0.000333786010742188" />
    <testcase name="Equals (180)" classname="spec_perl_TestSwitchCast_t" time="9.918212890625e-05" />
  </testsuite>
  <testsuite name="spec_perl_TestBcdUserTypeLe_t" errors="0" failures="0" skipped="0" tests="6" time="0.0637600421905518">
    <system-out>1..6
ok 1 - Equals
ok 2 - Equals
ok 3 - Equals
ok 4 - Equals
ok 5 - Equals
ok 6 - Equals
</system-out>
    <testcase name="Equals (181)" classname="spec_perl_TestBcdUserTypeLe_t" time="0.000541925430297852" />
    <testcase name="Equals (182)" classname="spec_perl_TestBcdUserTypeLe_t" time="0.000107049942016602" />
    <testcase name="Equals (183)" classname="spec_perl_TestBcdUserTypeLe_t" time="0.000134944915771484" />
    <testcase name="Equals (184)" classname="spec_perl_TestBcdUserTypeLe_t" time="0.000113010406494141" />
    <testcase name="Equals (185)" classname="spec_perl_TestBcdUserTypeLe_t" time="0.000119924545288086" />
    <testcase name="Equals (186)" classname="spec_perl_TestBcdUserTypeLe_t" time="0.000117063522338867" />
  </testsuite>
  <testsuite name="spec_perl_TestBitsEnum_t" errors="0" failures="0" skipped="0" tests="3" time="0.0642490386962891">
    <system-out>1..3
ok 1 - Equals
ok 2 - Equals
ok 3 - Equals
</system-out>
    <testcase name="Equals (187)" classname="spec_perl_TestBitsEnum_t" time="0.000480175018310547" />
    <testcase name="Equals (188)" classname="spec_perl_TestBitsEnum_t" time="0.000247001647949219" />
    <testcase name="Equals (189)" classname="spec_perl_TestBitsEnum_t" time="0.000253915786743164" />
  </testsuite>
  <testsuite name="spec_perl_TestDebugEnumName_t" errors="1" failures="0" skipped="0" tests="0" time="0.059744119644165">
    <system-out></system-out>
    <testcase name="Test died too soon, even before plan. (189)" classname="spec_perl_TestDebugEnumName_t" time="0.059744119644165">
      <failure message="The test suite died before a plan was produced. You need to have a plan." type="Plan">No plan</failure>
    </testcase>
  </testsuite>
  <testsuite name="spec_perl_TestBitsUnalignedB64Le_t" errors="0" failures="0" skipped="0" tests="3" time="0.0621340274810791">
    <system-out>1..3
ok 1 - Equals
ok 2 - Equals
ok 3 - Equals
</system-out>
    <testcase name="Equals (190)" classname="spec_perl_TestBitsUnalignedB64Le_t" time="0.000210046768188477" />
    <testcase name="Equals (191)" classname="spec_perl_TestBitsUnalignedB64Le_t" time="8.20159912109375e-05" />
    <testcase name="Equals (192)" classname="spec_perl_TestBitsUnalignedB64Le_t" time="0.000110864639282227" />
  </testsuite>
  <testsuite name="spec_perl_TestPositionAbs_t" errors="0" failures="0" skipped="0" tests="2" time="0.0667932033538818">
    <system-out>1..2
ok 1 - Equals
ok 2 - Equals
</system-out>
    <testcase name="Equals (193)" classname="spec_perl_TestPositionAbs_t" time="0.000220060348510742" />
    <testcase name="Equals (194)" classname="spec_perl_TestPositionAbs_t" time="0.000201940536499023" />
  </testsuite>
  <testsuite name="spec_perl_TestExprBits_t" errors="0" failures="0" skipped="0" tests="10" time="0.0630881786346436">
    <system-out>1..10
ok 1 - Equals
ok 2 - Equals
ok 3 - Equals
ok 4 - Equals
ok 5 - Equals
ok 6 - Equals
ok 7 - Equals
ok 8 - Equals
ok 9 - Equals
ok 10 - Equals
</system-out>
    <testcase name="Equals (195)" classname="spec_perl_TestExprBits_t" time="0.000238895416259766" />
    <testcase name="Equals (196)" classname="spec_perl_TestExprBits_t" time="8.60691070556641e-05" />
    <testcase name="Equals (197)" classname="spec_perl_TestExprBits_t" time="0.000103950500488281" />
    <testcase name="Equals (198)" classname="spec_perl_TestExprBits_t" time="0.000101089477539062" />
    <testcase name="Equals (199)" classname="spec_perl_TestExprBits_t" time="0.000102996826171875" />
    <testcase name="Equals (200)" classname="spec_perl_TestExprBits_t" time="9.89437103271484e-05" />
    <testcase name="Equals (201)" classname="spec_perl_TestExprBits_t" time="9.79900360107422e-05" />
    <testcase name="Equals (202)" classname="spec_perl_TestExprBits_t" time="0.000101089477539062" />
    <testcase name="Equals (203)" classname="spec_perl_TestExprBits_t" time="9.48905944824219e-05" />
    <testcase name="Equals (204)" classname="spec_perl_TestExprBits_t" time="0.0001220703125" />
  </testsuite>
  <testsuite name="spec_perl_TestProcessCoerceSwitch_t" errors="0" failures="0" skipped="0" tests="3" time="0.0627219676971436">
    <system-out>1..3
ok 1 - Equals
ok 2 - Equals
ok 3 - Equals
</system-out>
    <testcase name="Equals (205)" classname="spec_perl_TestProcessCoerceSwitch_t" time="0.000540971755981445" />
    <testcase name="Equals (206)" classname="spec_perl_TestProcessCoerceSwitch_t" time="8.29696655273438e-05" />
    <testcase name="Equals (207)" classname="spec_perl_TestProcessCoerceSwitch_t" time="0.000113964080810547" />
  </testsuite>
  <testsuite name="spec_perl_TestSwitchBytearray_t" errors="0" failures="0" skipped="0" tests="9" time="0.0679829120635986">
    <system-out>1..9
ok 1 - Equals
ok 2 - Equals
ok 3 - Equals
ok 4 - Equals
ok 5 - Equals
ok 6 - Equals
ok 7 - Equals
ok 8 - Equals
ok 9 - Equals
</system-out>
    <testcase name="Equals (208)" classname="spec_perl_TestSwitchBytearray_t" time="0.000299930572509766" />
    <testcase name="Equals (209)" classname="spec_perl_TestSwitchBytearray_t" time="8.0108642578125e-05" />
    <testcase name="Equals (210)" classname="spec_perl_TestSwitchBytearray_t" time="0.000110864639282227" />
    <testcase name="Equals (211)" classname="spec_perl_TestSwitchBytearray_t" time="0.000100135803222656" />
    <testcase name="Equals (212)" classname="spec_perl_TestSwitchBytearray_t" time="9.89437103271484e-05" />
    <testcase name="Equals (213)" classname="spec_perl_TestSwitchBytearray_t" time="0.000102996826171875" />
    <testcase name="Equals (214)" classname="spec_perl_TestSwitchBytearray_t" time="9.79900360107422e-05" />
    <testcase name="Equals (215)" classname="spec_perl_TestSwitchBytearray_t" time="9.60826873779297e-05" />
    <testcase name="Equals (216)" classname="spec_perl_TestSwitchBytearray_t" time="9.58442687988281e-05" />
  </testsuite>
  <testsuite name="spec_perl_TestRepeatNStrz_t" errors="0" failures="0" skipped="0" tests="2" time="0.0665969848632812">
    <system-out>1..2
ok 1 - Equals
ok 2 - Equals
</system-out>
    <testcase name="Equals (217)" classname="spec_perl_TestRepeatNStrz_t" time="0.000288963317871094" />
    <testcase name="Equals (218)" classname="spec_perl_TestRepeatNStrz_t" time="8.70227813720703e-05" />
  </testsuite>
  <testsuite name="spec_perl_TestEnum1_t" errors="0" failures="0" skipped="0" tests="2" time="0.0624220371246338">
    <system-out>1..2
ok 1 - Equals
ok 2 - Equals
</system-out>
    <testcase name="Equals (219)" classname="spec_perl_TestEnum1_t" time="0.000214099884033203" />
    <testcase name="Equals (220)" classname="spec_perl_TestEnum1_t" time="8.79764556884766e-05" />
  </testsuite>
  <testsuite name="spec_perl_TestNavParentSwitch_t" errors="0" failures="0" skipped="0" tests="3" time="0.0618231296539307">
    <system-out>1..3
ok 1 - Equals
ok 2 - Equals
ok 3 - Equals
</system-out>
    <testcase name="Equals (221)" classname="spec_perl_TestNavParentSwitch_t" time="0.000237941741943359" />
    <testcase name="Equals (222)" classname="spec_perl_TestNavParentSwitch_t" time="9.20295715332031e-05" />
    <testcase name="Equals (223)" classname="spec_perl_TestNavParentSwitch_t" time="0.000108003616333008" />
  </testsuite>
  <testsuite name="spec_perl_TestDefaultEndianMod_t" errors="0" failures="0" skipped="0" tests="3" time="0.0621321201324463">
    <system-out>1..3
ok 1 - Equals
ok 2 - Equals
ok 3 - Equals
</system-out>
    <testcase name="Equals (224)" classname="spec_perl_TestDefaultEndianMod_t" time="0.000244140625" />
    <testcase name="Equals (225)" classname="spec_perl_TestDefaultEndianMod_t" time="8.70227813720703e-05" />
    <testcase name="Equals (226)" classname="spec_perl_TestDefaultEndianMod_t" time="0.000108957290649414" />
  </testsuite>
  <testsuite name="spec_perl_TestValidEqStrEncodings_t" errors="0" failures="0" skipped="1" tests="1" time="0.0706470012664795">
    <system-out>1..1
ok 1 # skip ValidEqStrEncodings=HASH(0x5621308f4348)
</system-out>
    <testcase name="Unnamed test case 226" classname="spec_perl_TestValidEqStrEncodings_t" time="0.00470399856567383">
      <skipped message="ok 1 # skip ValidEqStrEncodings=HASH(0x5621308f4348)" />
    </testcase>
  </testsuite>
  <testsuite name="spec_perl_TestProcessCoerceUsertype2_t" errors="0" failures="0" skipped="0" tests="4" time="0.0633280277252197">
    <system-out>1..4
ok 1 - Equals
ok 2 - Equals
ok 3 - Equals
ok 4 - Equals
</system-out>
    <testcase name="Equals (227)" classname="spec_perl_TestProcessCoerceUsertype2_t" time="0.000555992126464844" />
    <testcase name="Equals (228)" classname="spec_perl_TestProcessCoerceUsertype2_t" time="8.82148742675781e-05" />
    <testcase name="Equals (229)" classname="spec_perl_TestProcessCoerceUsertype2_t" time="0.00010991096496582" />
    <testcase name="Equals (230)" classname="spec_perl_TestProcessCoerceUsertype2_t" time="0.000105857849121094" />
  </testsuite>
  <testsuite name="spec_perl_TestNestedSameName_t" errors="0" failures="0" skipped="0" tests="2" time="0.0621237754821777">
    <system-out>1..2
ok 1 - Equals
ok 2 - Equals
</system-out>
    <testcase name="Equals (231)" classname="spec_perl_TestNestedSameName_t" time="0.000236988067626953" />
    <testcase name="Equals (232)" classname="spec_perl_TestNestedSameName_t" time="9.918212890625e-05" />
  </testsuite>
  <testsuite name="spec_perl_TestStrEos_t" errors="0" failures="0" skipped="0" tests="1" time="0.0660989284515381">
    <system-out>1..1
ok 1 - Equals
</system-out>
    <testcase name="Equals (233)" classname="spec_perl_TestStrEos_t" time="0.000277042388916016" />
  </testsuite>
  <testsuite name="spec_perl_TestSwitchManualIntSizeElse_t" errors="0" failures="0" skipped="0" tests="10" time="0.0683200359344482">
    <system-out>1..10
ok 1 - Equals
ok 2 - Equals
ok 3 - Equals
ok 4 - Equals
ok 5 - Equals
ok 6 - Equals
ok 7 - Equals
ok 8 - Equals
ok 9 - Equals
ok 10 - Equals
</system-out>
    <testcase name="Equals (234)" classname="spec_perl_TestSwitchManualIntSizeElse_t" time="0.000681161880493164" />
    <testcase name="Equals (235)" classname="spec_perl_TestSwitchManualIntSizeElse_t" time="8.392333984375e-05" />
    <testcase name="Equals (236)" classname="spec_perl_TestSwitchManualIntSizeElse_t" time="0.000112056732177734" />
    <testcase name="Equals (237)" classname="spec_perl_TestSwitchManualIntSizeElse_t" time="0.000102996826171875" />
    <testcase name="Equals (238)" classname="spec_perl_TestSwitchManualIntSizeElse_t" time="0.000104904174804688" />
    <testcase name="Equals (239)" classname="spec_perl_TestSwitchManualIntSizeElse_t" time="0.000117063522338867" />
    <testcase name="Equals (240)" classname="spec_perl_TestSwitchManualIntSizeElse_t" time="0.000102996826171875" />
    <testcase name="Equals (241)" classname="spec_perl_TestSwitchManualIntSizeElse_t" time="0.000102043151855469" />
    <testcase name="Equals (242)" classname="spec_perl_TestSwitchManualIntSizeElse_t" time="0.000102043151855469" />
    <testcase name="Equals (243)" classname="spec_perl_TestSwitchManualIntSizeElse_t" time="0.000103950500488281" />
  </testsuite>
  <testsuite name="spec_perl_TestDefaultBitEndianMod_t" errors="0" failures="0" skipped="0" tests="4" time="0.0623040199279785">
    <system-out>1..4
ok 1 - Equals
ok 2 - Equals
ok 3 - Equals
ok 4 - Equals
</system-out>
    <testcase name="Equals (244)" classname="spec_perl_TestDefaultBitEndianMod_t" time="0.000252962112426758" />
    <testcase name="Equals (245)" classname="spec_perl_TestDefaultBitEndianMod_t" time="8.82148742675781e-05" />
    <testcase name="Equals (246)" classname="spec_perl_TestDefaultBitEndianMod_t" time="0.000115871429443359" />
    <testcase name="Equals (247)" classname="spec_perl_TestDefaultBitEndianMod_t" time="0.000103950500488281" />
  </testsuite>
  <testsuite name="spec_perl_TestTermBytes_t" errors="0" failures="0" skipped="0" tests="3" time="0.0641860961914062">
    <system-out>1..3
ok 1 - Equals
ok 2 - Equals
ok 3 - Equals
</system-out>
    <testcase name="Equals (248)" classname="spec_perl_TestTermBytes_t" time="0.000213146209716797" />
    <testcase name="Equals (249)" classname="spec_perl_TestTermBytes_t" time="9.98973846435547e-05" />
    <testcase name="Equals (250)" classname="spec_perl_TestTermBytes_t" time="0.000121116638183594" />
  </testsuite>
  <testsuite name="spec_perl_TestFloatToI_t" errors="0" failures="0" skipped="0" tests="8" time="0.0629568099975586">
    <system-out>1..8
ok 1 - Approx equals
ok 2 - Approx equals
ok 3 - Equals
ok 4 - Equals
ok 5 - Equals
ok 6 - Equals
ok 7 - Equals
ok 8 - Equals
</system-out>
    <testcase name="Approx equals (250)" classname="spec_perl_TestFloatToI_t" time="0.00011897087097168" />
    <testcase name="Approx equals (251)" classname="spec_perl_TestFloatToI_t" time="4.1961669921875e-05" />
    <testcase name="Equals (251)" classname="spec_perl_TestFloatToI_t" time="9.60826873779297e-05" />
    <testcase name="Equals (252)" classname="spec_perl_TestFloatToI_t" time="0.000128030776977539" />
    <testcase name="Equals (253)" classname="spec_perl_TestFloatToI_t" time="0.000113010406494141" />
    <testcase name="Equals (254)" classname="spec_perl_TestFloatToI_t" time="0.000106096267700195" />
    <testcase name="Equals (255)" classname="spec_perl_TestFloatToI_t" time="0.000101804733276367" />
    <testcase name="Equals (256)" classname="spec_perl_TestFloatToI_t" time="0.000101089477539062" />
  </testsuite>
  <testsuite name="spec_perl_TestBitsUnalignedB64Be_t" errors="0" failures="0" skipped="0" tests="3" time="0.0621109008789062">
    <system-out>1..3
ok 1 - Equals
ok 2 - Equals
ok 3 - Equals
</system-out>
    <testcase name="Equals (257)" classname="spec_perl_TestBitsUnalignedB64Be_t" time="0.00020599365234375" />
    <testcase name="Equals (258)" classname="spec_perl_TestBitsUnalignedB64Be_t" time="9.10758972167969e-05" />
    <testcase name="Equals (259)" classname="spec_perl_TestBitsUnalignedB64Be_t" time="0.000103950500488281" />
  </testsuite>
  <testsuite name="spec_perl_TestStrPadTermEmpty_t" errors="0" failures="0" skipped="0" tests="4" time="0.0668809413909912">
    <system-out>1..4
ok 1 - Equals
ok 2 - Equals
ok 3 - Equals
ok 4 - Equals
</system-out>
    <testcase name="Equals (260)" classname="spec_perl_TestStrPadTermEmpty_t" time="0.000320196151733398" />
    <testcase name="Equals (261)" classname="spec_perl_TestStrPadTermEmpty_t" time="7.98702239990234e-05" />
    <testcase name="Equals (262)" classname="spec_perl_TestStrPadTermEmpty_t" time="0.000108003616333008" />
    <testcase name="Equals (263)" classname="spec_perl_TestStrPadTermEmpty_t" time="0.000121116638183594" />
  </testsuite>
  <testsuite name="spec_perl_TestEnumImport_t" errors="0" failures="2" skipped="0" tests="2" time="0.0646471977233887">
    <system-out>1..2
not ok 1 - Equals
not ok 2 - Equals
</system-out>
    <testcase name="Equals (264)" classname="spec_perl_TestEnumImport_t" time="0.000185012817382812">
      <failure message="not ok 1 - Equals" type="TAP::Parser::Result::Test"></failure>
    </testcase>
    <testcase name="Equals (265)" classname="spec_perl_TestEnumImport_t" time="0.00128507614135742">
      <failure message="not ok 2 - Equals" type="TAP::Parser::Result::Test"></failure>
    </testcase>
  </testsuite>
  <testsuite name="spec_perl_TestExprSizeofType0_t" errors="0" failures="0" skipped="0" tests="1" time="0.0614428520202637">
    <system-out>1..1
ok 1 - Equals
</system-out>
    <testcase name="Equals (266)" classname="spec_perl_TestExprSizeofType0_t" time="0.000185012817382812" />
  </testsuite>
  <testsuite name="spec_perl_TestExpr3_t" errors="0" failures="0" skipped="0" tests="12" time="0.0669119358062744">
    <system-out>1..12
ok 1 - Equals
ok 2 - Equals
ok 3 - Equals
ok 4 - Equals
ok 5 - Equals
ok 6 - Equals
ok 7 - Equals
ok 8 - Equals
ok 9 - Equals
ok 10 - Equals
ok 11 - Equals
ok 12 - Equals
</system-out>
    <testcase name="Equals (267)" classname="spec_perl_TestExpr3_t" time="0.000221014022827148" />
    <testcase name="Equals (268)" classname="spec_perl_TestExpr3_t" time="8.60691070556641e-05" />
    <testcase name="Equals (269)" classname="spec_perl_TestExpr3_t" time="0.00010991096496582" />
    <testcase name="Equals (270)" classname="spec_perl_TestExpr3_t" time="0.000100135803222656" />
    <testcase name="Equals (271)" classname="spec_perl_TestExpr3_t" time="9.20295715332031e-05" />
    <testcase name="Equals (272)" classname="spec_perl_TestExpr3_t" time="8.89301300048828e-05" />
    <testcase name="Equals (273)" classname="spec_perl_TestExpr3_t" time="8.70227813720703e-05" />
    <testcase name="Equals (274)" classname="spec_perl_TestExpr3_t" time="8.60691070556641e-05" />
    <testcase name="Equals (275)" classname="spec_perl_TestExpr3_t" time="8.48770141601562e-05" />
    <testcase name="Equals (276)" classname="spec_perl_TestExpr3_t" time="8.51154327392578e-05" />
    <testcase name="Equals (277)" classname="spec_perl_TestExpr3_t" time="8.70227813720703e-05" />
    <testcase name="Equals (278)" classname="spec_perl_TestExpr3_t" time="8.48770141601562e-05" />
  </testsuite>
  <testsuite name="spec_perl_TestRecursiveOne_t" errors="0" failures="0" skipped="0" tests="4" time="0.0622482299804688">
    <system-out>1..4
ok 1 - Equals
ok 2 - Equals
ok 3 - Equals
ok 4 - Equals
</system-out>
    <testcase name="Equals (279)" classname="spec_perl_TestRecursiveOne_t" time="0.000224828720092773" />
    <testcase name="Equals (280)" classname="spec_perl_TestRecursiveOne_t" time="9.20295715332031e-05" />
    <testcase name="Equals (281)" classname="spec_perl_TestRecursiveOne_t" time="0.000107049942016602" />
    <testcase name="Equals (282)" classname="spec_perl_TestRecursiveOne_t" time="0.000102996826171875" />
  </testsuite>
  <testsuite name="spec_perl_TestExprBytesOps_t" errors="0" failures="0" skipped="0" tests="16" time="0.0629701614379883">
    <system-out>1..16
ok 1 - Equals
ok 2 - Equals
ok 3 - Equals
ok 4 - Equals
ok 5 - Equals
ok 6 - Equals
ok 7 - Equals
ok 8 - Equals
ok 9 - Equals
ok 10 - Equals
ok 11 - Equals
ok 12 - Equals
ok 13 - Equals
ok 14 - Equals
ok 15 - Equals
ok 16 - Equals
</system-out>
    <testcase name="Equals (283)" classname="spec_perl_TestExprBytesOps_t" time="0.000185012817382812" />
    <testcase name="Equals (284)" classname="spec_perl_TestExprBytesOps_t" time="9.89437103271484e-05" />
    <testcase name="Equals (285)" classname="spec_perl_TestExprBytesOps_t" time="0.000103950500488281" />
    <testcase name="Equals (286)" classname="spec_perl_TestExprBytesOps_t" time="0.000105142593383789" />
    <testcase name="Equals (287)" classname="spec_perl_TestExprBytesOps_t" time="0.000102996826171875" />
    <testcase name="Equals (288)" classname="spec_perl_TestExprBytesOps_t" time="0.000101804733276367" />
    <testcase name="Equals (289)" classname="spec_perl_TestExprBytesOps_t" time="0.000101089477539062" />
    <testcase name="Equals (290)" classname="spec_perl_TestExprBytesOps_t" time="9.70363616943359e-05" />
    <testcase name="Equals (291)" classname="spec_perl_TestExprBytesOps_t" time="0.000104904174804688" />
    <testcase name="Equals (292)" classname="spec_perl_TestExprBytesOps_t" time="0.000109195709228516" />
    <testcase name="Equals (293)" classname="spec_perl_TestExprBytesOps_t" time="9.98973846435547e-05" />
    <testcase name="Equals (294)" classname="spec_perl_TestExprBytesOps_t" time="9.70363616943359e-05" />
    <testcase name="Equals (295)" classname="spec_perl_TestExprBytesOps_t" time="9.98973846435547e-05" />
    <testcase name="Equals (296)" classname="spec_perl_TestExprBytesOps_t" time="9.89437103271484e-05" />
    <testcase name="Equals (297)" classname="spec_perl_TestExprBytesOps_t" time="0.000105142593383789" />
    <testcase name="Equals (298)" classname="spec_perl_TestExprBytesOps_t" time="0.000102043151855469" />
  </testsuite>
  <testsuite name="spec_perl_TestCastToImported_t" errors="0" failures="0" skipped="0" tests="2" time="0.0619590282440186">
    <system-out>1..2
ok 1 - Equals
ok 2 - Equals
</system-out>
    <testcase name="Equals (299)" classname="spec_perl_TestCastToImported_t" time="0.000224113464355469" />
    <testcase name="Equals (300)" classname="spec_perl_TestCastToImported_t" time="0.000114917755126953" />
  </testsuite>
  <testsuite name="spec_perl_TestSwitchElseOnly_t" errors="0" failures="0" skipped="0" tests="3" time="0.0624339580535889">
    <system-out>1..3
ok 1 - Equals
ok 2 - Equals
ok 3 - Equals
</system-out>
    <testcase name="Equals (301)" classname="spec_perl_TestSwitchElseOnly_t" time="0.000233173370361328" />
    <testcase name="Equals (302)" classname="spec_perl_TestSwitchElseOnly_t" time="9.58442687988281e-05" />
    <testcase name="Equals (303)" classname="spec_perl_TestSwitchElseOnly_t" time="0.000100135803222656" />
  </testsuite>
  <testsuite name="spec_perl_TestRepeatEosStruct_t" errors="0" failures="0" skipped="0" tests="5" time="0.062391996383667">
    <system-out>1..5
ok 1 - Equals
ok 2 - Equals
ok 3 - Equals
ok 4 - Equals
ok 5 - Equals
</system-out>
    <testcase name="Equals (304)" classname="spec_perl_TestRepeatEosStruct_t" time="0.00024104118347168" />
    <testcase name="Equals (305)" classname="spec_perl_TestRepeatEosStruct_t" time="0.000124931335449219" />
    <testcase name="Equals (306)" classname="spec_perl_TestRepeatEosStruct_t" time="0.000129938125610352" />
    <testcase name="Equals (307)" classname="spec_perl_TestRepeatEosStruct_t" time="0.000117063522338867" />
    <testcase name="Equals (308)" classname="spec_perl_TestRepeatEosStruct_t" time="9.20295715332031e-05" />
  </testsuite>
  <testsuite name="spec_perl_TestRepeatNStruct_t" errors="0" failures="0" skipped="0" tests="5" time="0.0622570514678955">
    <system-out>1..5
ok 1 - Equals
ok 2 - Equals
ok 3 - Equals
ok 4 - Equals
ok 5 - Equals
</system-out>
    <testcase name="Equals (309)" classname="spec_perl_TestRepeatNStruct_t" time="0.000196218490600586" />
    <testcase name="Equals (310)" classname="spec_perl_TestRepeatNStruct_t" time="8.89301300048828e-05" />
    <testcase name="Equals (311)" classname="spec_perl_TestRepeatNStruct_t" time="0.000107049942016602" />
    <testcase name="Equals (312)" classname="spec_perl_TestRepeatNStruct_t" time="9.89437103271484e-05" />
    <testcase name="Equals (313)" classname="spec_perl_TestRepeatNStruct_t" time="0.000100851058959961" />
  </testsuite>
  <testsuite name="spec_perl_TestEnumDeep_t" errors="0" failures="0" skipped="0" tests="2" time="0.0619580745697021">
    <system-out>1..2
ok 1 - Equals
ok 2 - Equals
</system-out>
    <testcase name="Equals (314)" classname="spec_perl_TestEnumDeep_t" time="0.000249147415161133" />
    <testcase name="Equals (315)" classname="spec_perl_TestEnumDeep_t" time="9.20295715332031e-05" />
  </testsuite>
  <testsuite name="spec_perl_TestParamsPassArrayStr_t" errors="0" failures="1" skipped="6" tests="7" time="0.0686578750610352">
    <system-out>1..7
not ok 1 - test_params_pass_array_str died (Can't use an undefined value as an ARRAY reference at spec/perl/TestParamsPassArrayStr.t line 14.)
ok 2 # skip test_params_pass_array_str died
ok 3 # skip test_params_pass_array_str died
ok 4 # skip test_params_pass_array_str died
ok 5 # skip test_params_pass_array_str died
ok 6 # skip test_params_pass_array_str died
ok 7 # skip test_params_pass_array_str died
</system-out>
    <testcase name="test_params_pass_array_str died (Can't use an undefined value as an ARRAY reference at spec/perl/TestParamsPassArrayStr.t line 14.) (315)" classname="spec_perl_TestParamsPassArrayStr_t" time="0.000283956527709961">
      <failure message="not ok 1 - test_params_pass_array_str died (Can't use an undefined value as an ARRAY reference at spec/perl/TestParamsPassArrayStr.t line 14.)" type="TAP::Parser::Result::Test"></failure>
    </testcase>
    <testcase name="Unnamed test case 315" classname="spec_perl_TestParamsPassArrayStr_t" time="0.00128388404846191">
      <skipped message="ok 2 # skip test_params_pass_array_str died" />
    </testcase>
    <testcase name="Unnamed test case 316" classname="spec_perl_TestParamsPassArrayStr_t" time="5.69820404052734e-05">
      <skipped message="ok 3 # skip test_params_pass_array_str died" />
    </testcase>
    <testcase name="Unnamed test case 317" classname="spec_perl_TestParamsPassArrayStr_t" time="3.31401824951172e-05">
      <skipped message="ok 4 # skip test_params_pass_array_str died" />
    </testcase>
    <testcase name="Unnamed test case 318" classname="spec_perl_TestParamsPassArrayStr_t" time="3.09944152832031e-05">
      <skipped message="ok 5 # skip test_params_pass_array_str died" />
    </testcase>
    <testcase name="Unnamed test case 319" classname="spec_perl_TestParamsPassArrayStr_t" time="3.09944152832031e-05">
      <skipped message="ok 6 # skip test_params_pass_array_str died" />
    </testcase>
    <testcase name="Unnamed test case 320" classname="spec_perl_TestParamsPassArrayStr_t" time="3.00407409667969e-05">
      <skipped message="ok 7 # skip test_params_pass_array_str died" />
    </testcase>
  </testsuite>
  <testsuite name="spec_perl_TestIndexSizes_t" errors="0" failures="0" skipped="0" tests="7" time="0.069040060043335">
    <system-out>1..7
ok 1 - Equals
ok 2 - Equals
ok 3 - Equals
ok 4 - Equals
ok 5 - Equals
ok 6 - Equals
ok 7 - Equals
</system-out>
    <testcase name="Equals (320)" classname="spec_perl_TestIndexSizes_t" time="0.000552177429199219" />
    <testcase name="Equals (321)" classname="spec_perl_TestIndexSizes_t" time="0.000247001647949219" />
    <testcase name="Equals (322)" classname="spec_perl_TestIndexSizes_t" time="0.000198841094970703" />
    <testcase name="Equals (323)" classname="spec_perl_TestIndexSizes_t" time="0.000184059143066406" />
    <testcase name="Equals (324)" classname="spec_perl_TestIndexSizes_t" time="0.000191926956176758" />
    <testcase name="Equals (325)" classname="spec_perl_TestIndexSizes_t" time="0.000192165374755859" />
    <testcase name="Equals (326)" classname="spec_perl_TestIndexSizes_t" time="0.000178813934326172" />
  </testsuite>
  <testsuite name="spec_perl_TestPositionToEnd_t" errors="0" failures="0" skipped="0" tests="2" time="0.0625460147857666">
    <system-out>1..2
ok 1 - Equals
ok 2 - Equals
</system-out>
    <testcase name="Equals (327)" classname="spec_perl_TestPositionToEnd_t" time="0.000242948532104492" />
    <testcase name="Equals (328)" classname="spec_perl_TestPositionToEnd_t" time="9.29832458496094e-05" />
  </testsuite>
  <testsuite name="spec_perl_TestExprStrOps_t" errors="0" failures="0" skipped="0" tests="17" time="0.0675821304321289">
    <system-out>1..17
ok 1 - Equals
ok 2 - Equals
ok 3 - Equals
ok 4 - Equals
ok 5 - Equals
ok 6 - Equals
ok 7 - Equals
ok 8 - Equals
ok 9 - Equals
ok 10 - Equals
ok 11 - Equals
ok 12 - Equals
ok 13 - Equals
ok 14 - Equals
ok 15 - Equals
ok 16 - Equals
ok 17 - Equals
</system-out>
    <testcase name="Equals (329)" classname="spec_perl_TestExprStrOps_t" time="0.00023198127746582" />
    <testcase name="Equals (330)" classname="spec_perl_TestExprStrOps_t" time="8.70227813720703e-05" />
    <testcase name="Equals (331)" classname="spec_perl_TestExprStrOps_t" time="0.000108003616333008" />
    <testcase name="Equals (332)" classname="spec_perl_TestExprStrOps_t" time="0.000113964080810547" />
    <testcase name="Equals (333)" classname="spec_perl_TestExprStrOps_t" time="0.000104188919067383" />
    <testcase name="Equals (334)" classname="spec_perl_TestExprStrOps_t" time="0.0001068115234375" />
    <testcase name="Equals (335)" classname="spec_perl_TestExprStrOps_t" time="9.41753387451172e-05" />
    <testcase name="Equals (336)" classname="spec_perl_TestExprStrOps_t" time="0.000101804733276367" />
    <testcase name="Equals (337)" classname="spec_perl_TestExprStrOps_t" time="9.918212890625e-05" />
    <testcase name="Equals (338)" classname="spec_perl_TestExprStrOps_t" time="0.000102043151855469" />
    <testcase name="Equals (339)" classname="spec_perl_TestExprStrOps_t" time="0.000100851058959961" />
    <testcase name="Equals (340)" classname="spec_perl_TestExprStrOps_t" time="0.000101089477539062" />
    <testcase name="Equals (341)" classname="spec_perl_TestExprStrOps_t" time="0.000100851058959961" />
    <testcase name="Equals (342)" classname="spec_perl_TestExprStrOps_t" time="0.000106096267700195" />
    <testcase name="Equals (343)" classname="spec_perl_TestExprStrOps_t" time="0.000101089477539062" />
    <testcase name="Equals (344)" classname="spec_perl_TestExprStrOps_t" time="9.98973846435547e-05" />
    <testcase name="Equals (345)" classname="spec_perl_TestExprStrOps_t" time="9.51290130615234e-05" />
  </testsuite>
  <testsuite name="spec_perl_TestParamsPassUsertype_t" errors="0" failures="1" skipped="1" tests="2" time="0.0644960403442383">
    <system-out>1..2
not ok 1 - test_params_pass_usertype died (Can't call method &quot;foo&quot; on an undefined value at compiled/perl/ParamsPassUsertype.pm line 119.)
ok 2 # skip test_params_pass_usertype died
</system-out>
    <testcase name="test_params_pass_usertype died (Can't call method &quot;foo&quot; on an undefined value at compiled/perl/ParamsPassUsertype.pm line 119.) (345)" classname="spec_perl_TestParamsPassUsertype_t" time="0.000233173370361328">
      <failure message="not ok 1 - test_params_pass_usertype died (Can't call method &quot;foo&quot; on an undefined value at compiled/perl/ParamsPassUsertype.pm line 119.)" type="TAP::Parser::Result::Test"></failure>
    </testcase>
    <testcase name="Unnamed test case 345" classname="spec_perl_TestParamsPassUsertype_t" time="0.00103282928466797">
      <skipped message="ok 2 # skip test_params_pass_usertype died" />
    </testcase>
  </testsuite>
  <testsuite name="spec_perl_TestNavParent3_t" errors="0" failures="0" skipped="0" tests="10" time="0.06740403175354">
    <system-out>1..10
ok 1 - Equals
ok 2 - Equals
ok 3 - Equals
ok 4 - Equals
ok 5 - Equals
ok 6 - Equals
ok 7 - Equals
ok 8 - Equals
ok 9 - Equals
ok 10 - Equals
</system-out>
    <testcase name="Equals (346)" classname="spec_perl_TestNavParent3_t" time="0.00020909309387207" />
    <testcase name="Equals (347)" classname="spec_perl_TestNavParent3_t" time="8.48770141601562e-05" />
    <testcase name="Equals (348)" classname="spec_perl_TestNavParent3_t" time="0.00020599365234375" />
    <testcase name="Equals (349)" classname="spec_perl_TestNavParent3_t" time="0.000105142593383789" />
    <testcase name="Equals (350)" classname="spec_perl_TestNavParent3_t" time="0.000100851058959961" />
    <testcase name="Equals (351)" classname="spec_perl_TestNavParent3_t" time="0.000135183334350586" />
    <testcase name="Equals (352)" classname="spec_perl_TestNavParent3_t" time="0.000100851058959961" />
    <testcase name="Equals (353)" classname="spec_perl_TestNavParent3_t" time="0.000103950500488281" />
    <testcase name="Equals (354)" classname="spec_perl_TestNavParent3_t" time="9.79900360107422e-05" />
    <testcase name="Equals (355)" classname="spec_perl_TestNavParent3_t" time="0.000121116638183594" />
  </testsuite>
  <testsuite name="spec_perl_TestExprSizeofType1_t" errors="0" failures="0" skipped="0" tests="2" time="0.0620920658111572">
    <system-out>1..2
ok 1 - Equals
ok 2 - Equals
</system-out>
    <testcase name="Equals (356)" classname="spec_perl_TestExprSizeofType1_t" time="0.000203847885131836" />
    <testcase name="Equals (357)" classname="spec_perl_TestExprSizeofType1_t" time="8.60691070556641e-05" />
  </testsuite>
  <testsuite name="spec_perl_TestInstanceStdArray_t" errors="0" failures="0" skipped="0" tests="7" time="0.062204122543335">
    <system-out>1..7
ok 1 - Equals
ok 2 - Equals
ok 3 - Equals
ok 4 - Equals
ok 5 - Equals
ok 6 - Equals
ok 7 - Equals
</system-out>
    <testcase name="Equals (358)" classname="spec_perl_TestInstanceStdArray_t" time="0.000215053558349609" />
    <testcase name="Equals (359)" classname="spec_perl_TestInstanceStdArray_t" time="8.20159912109375e-05" />
    <testcase name="Equals (360)" classname="spec_perl_TestInstanceStdArray_t" time="0.000105142593383789" />
    <testcase name="Equals (361)" classname="spec_perl_TestInstanceStdArray_t" time="0.000125885009765625" />
    <testcase name="Equals (362)" classname="spec_perl_TestInstanceStdArray_t" time="0.000108003616333008" />
    <testcase name="Equals (363)" classname="spec_perl_TestInstanceStdArray_t" time="0.000118017196655273" />
    <testcase name="Equals (364)" classname="spec_perl_TestInstanceStdArray_t" time="0.000102043151855469" />
  </testsuite>
  <testsuite name="spec_perl_TestStrEncodings_t" errors="0" failures="0" skipped="0" tests="4" time="0.0708999633789062">
    <system-out>1..4
ok 1 - Equals
ok 2 - Equals
ok 3 - Equals
ok 4 - Equals
</system-out>
    <testcase name="Equals (365)" classname="spec_perl_TestStrEncodings_t" time="0.00380086898803711" />
    <testcase name="Equals (366)" classname="spec_perl_TestStrEncodings_t" time="9.29832458496094e-05" />
    <testcase name="Equals (367)" classname="spec_perl_TestStrEncodings_t" time="0.000118017196655273" />
    <testcase name="Equals (368)" classname="spec_perl_TestStrEncodings_t" time="0.000137090682983398" />
  </testsuite>
  <testsuite name="spec_perl_TestTypeIntUnaryOp_t" errors="0" failures="0" skipped="0" tests="4" time="0.0623378753662109">
    <system-out>1..4
ok 1 - Equals
ok 2 - Equals
ok 3 - Equals
ok 4 - Equals
</system-out>
    <testcase name="Equals (369)" classname="spec_perl_TestTypeIntUnaryOp_t" time="0.000165939331054688" />
    <testcase name="Equals (370)" classname="spec_perl_TestTypeIntUnaryOp_t" time="6.79492950439453e-05" />
    <testcase name="Equals (371)" classname="spec_perl_TestTypeIntUnaryOp_t" time="0.000110149383544922" />
    <testcase name="Equals (372)" classname="spec_perl_TestTypeIntUnaryOp_t" time="0.000102996826171875" />
  </testsuite>
  <testsuite name="spec_perl_TestExprMod_t" errors="0" failures="0" skipped="0" tests="6" time="0.0622701644897461">
    <system-out>1..6
ok 1 - Equals
ok 2 - Equals
ok 3 - Equals
ok 4 - Equals
ok 5 - Equals
ok 6 - Equals
</system-out>
    <testcase name="Equals (373)" classname="spec_perl_TestExprMod_t" time="0.000190973281860352" />
    <testcase name="Equals (374)" classname="spec_perl_TestExprMod_t" time="9.79900360107422e-05" />
    <testcase name="Equals (375)" classname="spec_perl_TestExprMod_t" time="0.000108003616333008" />
    <testcase name="Equals (376)" classname="spec_perl_TestExprMod_t" time="0.000105142593383789" />
    <testcase name="Equals (377)" classname="spec_perl_TestExprMod_t" time="9.89437103271484e-05" />
    <testcase name="Equals (378)" classname="spec_perl_TestExprMod_t" time="0.000101089477539062" />
  </testsuite>
  <testsuite name="spec_perl_TestParamsPassBool_t" errors="0" failures="1" skipped="13" tests="14" time="0.0643661022186279">
    <system-out>1..14
not ok 1 - test_params_pass_bool died (Requested 2 bytes, but only 1 bytes available at ../runtime/perl/lib/IO/KaitaiStruct.pm line 338.)
ok 2 # skip test_params_pass_bool died
ok 3 # skip test_params_pass_bool died
ok 4 # skip test_params_pass_bool died
ok 5 # skip test_params_pass_bool died
ok 6 # skip test_params_pass_bool died
ok 7 # skip test_params_pass_bool died
ok 8 # skip test_params_pass_bool died
ok 9 # skip test_params_pass_bool died
ok 10 # skip test_params_pass_bool died
ok 11 # skip test_params_pass_bool died
ok 12 # skip test_params_pass_bool died
ok 13 # skip test_params_pass_bool died
ok 14 # skip test_params_pass_bool died
</system-out>
    <testcase name="test_params_pass_bool died (Requested 2 bytes, but only 1 bytes available at ../runtime/perl/lib/IO/KaitaiStruct.pm line 338.) (378)" classname="spec_perl_TestParamsPassBool_t" time="0.000278949737548828">
      <failure message="not ok 1 - test_params_pass_bool died (Requested 2 bytes, but only 1 bytes available at ../runtime/perl/lib/IO/KaitaiStruct.pm line 338.)" type="TAP::Parser::Result::Test"></failure>
    </testcase>
    <testcase name="Unnamed test case 378" classname="spec_perl_TestParamsPassBool_t" time="0.00212001800537109">
      <skipped message="ok 2 # skip test_params_pass_bool died" />
    </testcase>
    <testcase name="Unnamed test case 379" classname="spec_perl_TestParamsPassBool_t" time="5.60283660888672e-05">
      <skipped message="ok 3 # skip test_params_pass_bool died" />
    </testcase>
    <testcase name="Unnamed test case 380" classname="spec_perl_TestParamsPassBool_t" time="3.69548797607422e-05">
      <skipped message="ok 4 # skip test_params_pass_bool died" />
    </testcase>
    <testcase name="Unnamed test case 381" classname="spec_perl_TestParamsPassBool_t" time="3.40938568115234e-05">
      <skipped message="ok 5 # skip test_params_pass_bool died" />
    </testcase>
    <testcase name="Unnamed test case 382" classname="spec_perl_TestParamsPassBool_t" time="2.88486480712891e-05">
      <skipped message="ok 6 # skip test_params_pass_bool died" />
    </testcase>
    <testcase name="Unnamed test case 383" classname="spec_perl_TestParamsPassBool_t" time="3.00407409667969e-05">
      <skipped message="ok 7 # skip test_params_pass_bool died" />
    </testcase>
    <testcase name="Unnamed test case 384" classname="spec_perl_TestParamsPassBool_t" time="2.90870666503906e-05">
      <skipped message="ok 8 # skip test_params_pass_bool died" />
    </testcase>
    <testcase name="Unnamed test case 385" classname="spec_perl_TestParamsPassBool_t" time="3.00407409667969e-05">
      <skipped message="ok 9 # skip test_params_pass_bool died" />
    </testcase>
    <testcase name="Unnamed test case 386" classname="spec_perl_TestParamsPassBool_t" time="2.98023223876953e-05">
      <skipped message="ok 10 # skip test_params_pass_bool died" />
    </testcase>
    <testcase name="Unnamed test case 387" classname="spec_perl_TestParamsPassBool_t" time="2.90870666503906e-05">
      <skipped message="ok 11 # skip test_params_pass_bool died" />
    </testcase>
    <testcase name="Unnamed test case 388" classname="spec_perl_TestParamsPassBool_t" time="3.00407409667969e-05">
      <skipped message="ok 12 # skip test_params_pass_bool died" />
    </testcase>
    <testcase name="Unnamed test case 389" classname="spec_perl_TestParamsPassBool_t" time="2.88486480712891e-05">
      <skipped message="ok 13 # skip test_params_pass_bool died" />
    </testcase>
    <testcase name="Unnamed test case 390" classname="spec_perl_TestParamsPassBool_t" time="2.81333923339844e-05">
      <skipped message="ok 14 # skip test_params_pass_bool died" />
    </testcase>
  </testsuite>
  <testsuite name="spec_perl_TestUserType_t" errors="0" failures="0" skipped="0" tests="2" time="0.0620439052581787">
    <system-out>1..2
ok 1 - Equals
ok 2 - Equals
</system-out>
    <testcase name="Equals (390)" classname="spec_perl_TestUserType_t" time="0.000216007232666016" />
    <testcase name="Equals (391)" classname="spec_perl_TestUserType_t" time="0.000107049942016602" />
  </testsuite>
  <testsuite name="spec_perl_TestImports0_t" errors="0" failures="0" skipped="0" tests="3" time="0.0616788864135742">
    <system-out>1..3
ok 1 - Equals
ok 2 - Equals
ok 3 - Equals
</system-out>
    <testcase name="Equals (392)" classname="spec_perl_TestImports0_t" time="0.000203847885131836" />
    <testcase name="Equals (393)" classname="spec_perl_TestImports0_t" time="7.70092010498047e-05" />
    <testcase name="Equals (394)" classname="spec_perl_TestImports0_t" time="0.000109195709228516" />
  </testsuite>
  <testsuite name="spec_perl_TestDefaultBigEndian_t" errors="0" failures="0" skipped="0" tests="1" time="0.0620050430297852">
    <system-out>1..1
ok 1 - Equals
</system-out>
    <testcase name="Equals (395)" classname="spec_perl_TestDefaultBigEndian_t" time="0.000226974487304688" />
  </testsuite>
  <testsuite name="spec_perl_TestBitsSignedShiftB64Le_t" errors="0" failures="0" skipped="0" tests="2" time="0.0621881484985352">
    <system-out>1..2
ok 1 - Equals
ok 2 - Equals
</system-out>
    <testcase name="Equals (396)" classname="spec_perl_TestBitsSignedShiftB64Le_t" time="0.000197887420654297" />
    <testcase name="Equals (397)" classname="spec_perl_TestBitsSignedShiftB64Le_t" time="8.89301300048828e-05" />
  </testsuite>
  <testsuite name="spec_perl_TestRepeatEosBit_t" errors="0" failures="0" skipped="0" tests="1" time="0.0621750354766846">
    <system-out>1..1
ok 1 - Equals
</system-out>
    <testcase name="Equals (398)" classname="spec_perl_TestRepeatEosBit_t" time="0.00023198127746582" />
  </testsuite>
  <testsuite name="spec_perl_TestNestedTypes2_t" errors="0" failures="0" skipped="0" tests="7" time="0.0635209083557129">
    <system-out>1..7
ok 1 - Equals
ok 2 - Equals
ok 3 - Equals
ok 4 - Equals
ok 5 - Equals
ok 6 - Equals
ok 7 - Equals
</system-out>
    <testcase name="Equals (399)" classname="spec_perl_TestNestedTypes2_t" time="0.000248908996582031" />
    <testcase name="Equals (400)" classname="spec_perl_TestNestedTypes2_t" time="9.70363616943359e-05" />
    <testcase name="Equals (401)" classname="spec_perl_TestNestedTypes2_t" time="0.000112056732177734" />
    <testcase name="Equals (402)" classname="spec_perl_TestNestedTypes2_t" time="0.000100851058959961" />
    <testcase name="Equals (403)" classname="spec_perl_TestNestedTypes2_t" time="0.000100135803222656" />
    <testcase name="Equals (404)" classname="spec_perl_TestNestedTypes2_t" time="0.000113010406494141" />
    <testcase name="Equals (405)" classname="spec_perl_TestNestedTypes2_t" time="0.000103950500488281" />
  </testsuite>
  <testsuite name="spec_perl_TestNestedSameName2_t" errors="0" failures="0" skipped="0" tests="5" time="0.0629689693450928">
    <system-out>1..5
ok 1 - Equals
ok 2 - Equals
ok 3 - Equals
ok 4 - Equals
ok 5 - Equals
</system-out>
    <testcase name="Equals (406)" classname="spec_perl_TestNestedSameName2_t" time="0.000224113464355469" />
    <testcase name="Equals (407)" classname="spec_perl_TestNestedSameName2_t" time="8.79764556884766e-05" />
    <testcase name="Equals (408)" classname="spec_perl_TestNestedSameName2_t" time="0.000110864639282227" />
    <testcase name="Equals (409)" classname="spec_perl_TestNestedSameName2_t" time="0.000107049942016602" />
    <testcase name="Equals (410)" classname="spec_perl_TestNestedSameName2_t" time="0.000102043151855469" />
  </testsuite>
  <testsuite name="spec_perl_TestImportsAbsRel_t" errors="0" failures="0" skipped="0" tests="3" time="0.0629560947418213">
    <system-out>1..3
ok 1 - Equals
ok 2 - Equals
ok 3 - Equals
</system-out>
    <testcase name="Equals (411)" classname="spec_perl_TestImportsAbsRel_t" time="0.000213146209716797" />
    <testcase name="Equals (412)" classname="spec_perl_TestImportsAbsRel_t" time="8.48770141601562e-05" />
    <testcase name="Equals (413)" classname="spec_perl_TestImportsAbsRel_t" time="0.000108957290649414" />
  </testsuite>
  <testsuite name="spec_perl_TestEosExceptionBytes_t" errors="0" failures="0" skipped="0" tests="1" time="0.0633370876312256">
    <system-out>1..1
ok 1 - threw /^Requested \d+ bytes, but only \d+ bytes available/
</system-out>
    <testcase name="threw /^Requested \d+ bytes, but only \d+ bytes available/ (413)" classname="spec_perl_TestEosExceptionBytes_t" time="0.000457048416137695" />
  </testsuite>
  <testsuite name="spec_perl_TestRepeatUntilSized_t" errors="0" failures="0" skipped="0" tests="7" time="0.0631639957427979">
    <system-out>1..7
ok 1 - Equals
ok 2 - Equals
ok 3 - Equals
ok 4 - Equals
ok 5 - Equals
ok 6 - Equals
ok 7 - Equals
</system-out>
    <testcase name="Equals (414)" classname="spec_perl_TestRepeatUntilSized_t" time="0.000544071197509766" />
    <testcase name="Equals (415)" classname="spec_perl_TestRepeatUntilSized_t" time="7.48634338378906e-05" />
    <testcase name="Equals (416)" classname="spec_perl_TestRepeatUntilSized_t" time="0.000107049942016602" />
    <testcase name="Equals (417)" classname="spec_perl_TestRepeatUntilSized_t" time="0.000102043151855469" />
    <testcase name="Equals (418)" classname="spec_perl_TestRepeatUntilSized_t" time="0.000101089477539062" />
    <testcase name="Equals (419)" classname="spec_perl_TestRepeatUntilSized_t" time="0.000102996826171875" />
    <testcase name="Equals (420)" classname="spec_perl_TestRepeatUntilSized_t" time="9.70363616943359e-05" />
  </testsuite>
  <testsuite name="spec_perl_TestZlibSurrounded_t" errors="0" failures="0" skipped="0" tests="1" time="0.0886270999908447">
    <system-out>1..1
ok 1 - Equals
</system-out>
    <testcase name="Equals (421)" classname="spec_perl_TestZlibSurrounded_t" time="0.000585079193115234" />
  </testsuite>
  <testsuite name="spec_perl_TestEosExceptionU4_t" errors="0" failures="0" skipped="0" tests="1" time="0.0637569427490234">
    <system-out>1..1
ok 1 - threw /^Requested \d+ bytes, but only \d+ bytes available/
</system-out>
    <testcase name="threw /^Requested \d+ bytes, but only \d+ bytes available/ (421)" classname="spec_perl_TestEosExceptionU4_t" time="0.000452041625976562" />
  </testsuite>
  <testsuite name="spec_perl_TestExprEnum_t" errors="0" failures="0" skipped="0" tests="3" time="0.0617659091949463">
    <system-out>1..3
ok 1 - Equals
ok 2 - Equals
ok 3 - Equals
</system-out>
    <testcase name="Equals (422)" classname="spec_perl_TestExprEnum_t" time="0.000197887420654297" />
    <testcase name="Equals (423)" classname="spec_perl_TestExprEnum_t" time="8.51154327392578e-05" />
    <testcase name="Equals (424)" classname="spec_perl_TestExprEnum_t" time="0.000116825103759766" />
  </testsuite>
  <testsuite name="spec_perl_TestMultipleUse_t" errors="0" failures="0" skipped="0" tests="2" time="0.0628080368041992">
    <system-out>1..2
ok 1 - Equals
ok 2 - Equals
</system-out>
    <testcase name="Equals (425)" classname="spec_perl_TestMultipleUse_t" time="0.000220060348510742" />
    <testcase name="Equals (426)" classname="spec_perl_TestMultipleUse_t" time="0.000106096267700195" />
  </testsuite>
  <testsuite name="spec_perl_TestProcessXor4Value_t" errors="0" failures="0" skipped="0" tests="2" time="0.0621440410614014">
    <system-out>1..2
ok 1 - Equals
ok 2 - Equals
</system-out>
    <testcase name="Equals (427)" classname="spec_perl_TestProcessXor4Value_t" time="0.000195980072021484" />
    <testcase name="Equals (428)" classname="spec_perl_TestProcessXor4Value_t" time="8.392333984375e-05" />
  </testsuite>
  <testsuite name="spec_perl_TestIndexToParamEos_t" errors="0" failures="2" skipped="0" tests="7" time="0.0707478523254395">
    <system-out>1..7
ok 1 - Equals
ok 2 - Equals
ok 3 - Equals
ok 4 - Equals
ok 5 - Equals
not ok 6 - Equals
not ok 7 - Equals
</system-out>
    <testcase name="Equals (429)" classname="spec_perl_TestIndexToParamEos_t" time="0.00126814842224121" />
    <testcase name="Equals (430)" classname="spec_perl_TestIndexToParamEos_t" time="0.000352859497070312" />
    <testcase name="Equals (431)" classname="spec_perl_TestIndexToParamEos_t" time="6.19888305664062e-05" />
    <testcase name="Equals (432)" classname="spec_perl_TestIndexToParamEos_t" time="9.89437103271484e-05" />
    <testcase name="Equals (433)" classname="spec_perl_TestIndexToParamEos_t" time="0.000100135803222656" />
    <testcase name="Equals (434)" classname="spec_perl_TestIndexToParamEos_t" time="0.000161886215209961">
      <failure message="not ok 6 - Equals" type="TAP::Parser::Result::Test"></failure>
    </testcase>
    <testcase name="Equals (435)" classname="spec_perl_TestIndexToParamEos_t" time="0.00110197067260742">
      <failure message="not ok 7 - Equals" type="TAP::Parser::Result::Test"></failure>
    </testcase>
  </testsuite>
  <testsuite name="spec_perl_TestImportsAbsAbs_t" errors="0" failures="0" skipped="0" tests="3" time="0.0618360042572021">
    <system-out>1..3
ok 1 - Equals
ok 2 - Equals
ok 3 - Equals
</system-out>
    <testcase name="Equals (436)" classname="spec_perl_TestImportsAbsAbs_t" time="0.000236988067626953" />
    <testcase name="Equals (437)" classname="spec_perl_TestImportsAbsAbs_t" time="7.51018524169922e-05" />
    <testcase name="Equals (438)" classname="spec_perl_TestImportsAbsAbs_t" time="0.00010991096496582" />
  </testsuite>
  <testsuite name="spec_perl_TestBitsUnalignedB32Be_t" errors="0" failures="0" skipped="0" tests="3" time="0.0621938705444336">
    <system-out>1..3
ok 1 - Equals
ok 2 - Equals
ok 3 - Equals
</system-out>
    <testcase name="Equals (439)" classname="spec_perl_TestBitsUnalignedB32Be_t" time="0.000220060348510742" />
    <testcase name="Equals (440)" classname="spec_perl_TestBitsUnalignedB32Be_t" time="9.01222229003906e-05" />
    <testcase name="Equals (441)" classname="spec_perl_TestBitsUnalignedB32Be_t" time="0.000110864639282227" />
  </testsuite>
  <testsuite name="spec_perl_TestCombineEnum_t" errors="0" failures="0" skipped="0" tests="3" time="0.0619869232177734">
    <system-out>1..3
ok 1 - Equals
ok 2 - Equals
ok 3 - Equals
</system-out>
    <testcase name="Equals (442)" classname="spec_perl_TestCombineEnum_t" time="0.000211954116821289" />
    <testcase name="Equals (443)" classname="spec_perl_TestCombineEnum_t" time="9.48905944824219e-05" />
    <testcase name="Equals (444)" classname="spec_perl_TestCombineEnum_t" time="0.000108957290649414" />
  </testsuite>
  <testsuite name="spec_perl_TestRepeatUntilS4_t" errors="0" failures="0" skipped="0" tests="2" time="0.0664420127868652">
    <system-out>1..2
ok 1 - Equals
ok 2 - Equals
</system-out>
    <testcase name="Equals (445)" classname="spec_perl_TestRepeatUntilS4_t" time="0.000113010406494141" />
    <testcase name="Equals (446)" classname="spec_perl_TestRepeatUntilS4_t" time="3.40938568115234e-05" />
  </testsuite>
  <testsuite name="spec_perl_TestValidOptionalId_t" errors="1" failures="0" skipped="0" tests="0" time="0.0596728324890137">
    <system-out></system-out>
    <testcase name="Test died too soon, even before plan. (446)" classname="spec_perl_TestValidOptionalId_t" time="0.0596728324890137">
[...]
    <system-out>1..10
ok 1 - Equals
ok 2 - Equals
ok 3 - Equals
ok 4 - Equals
ok 5 - Equals
ok 6 - Equals
ok 7 - Equals
ok 8 - Equals
ok 9 - Equals
ok 10 - Equals
</system-out>
    <testcase name="Equals (886)" classname="spec_perl_TestExprBytesCmp_t" time="0.000200033187866211" />
    <testcase name="Equals (887)" classname="spec_perl_TestExprBytesCmp_t" time="9.29832458496094e-05" />
    <testcase name="Equals (888)" classname="spec_perl_TestExprBytesCmp_t" time="9.70363616943359e-05" />
    <testcase name="Equals (889)" classname="spec_perl_TestExprBytesCmp_t" time="9.29832458496094e-05" />
    <testcase name="Equals (890)" classname="spec_perl_TestExprBytesCmp_t" time="8.98838043212891e-05" />
    <testcase name="Equals (891)" classname="spec_perl_TestExprBytesCmp_t" time="8.60691070556641e-05" />
    <testcase name="Equals (892)" classname="spec_perl_TestExprBytesCmp_t" time="9.29832458496094e-05" />
    <testcase name="Equals (893)" classname="spec_perl_TestExprBytesCmp_t" time="8.10623168945312e-05" />
    <testcase name="Equals (894)" classname="spec_perl_TestExprBytesCmp_t" time="8.70227813720703e-05" />
    <testcase name="Equals (895)" classname="spec_perl_TestExprBytesCmp_t" time="9.48905944824219e-05" />
  </testsuite>
  <testsuite name="spec_perl_TestStrLiterals2_t" errors="0" failures="0" skipped="0" tests="4" time="0.0627870559692383">
    <system-out>1..4
ok 1 - Equals
ok 2 - Equals
ok 3 - Equals
ok 4 - Equals
</system-out>
    <testcase name="Equals (896)" classname="spec_perl_TestStrLiterals2_t" time="0.000217914581298828" />
    <testcase name="Equals (897)" classname="spec_perl_TestStrLiterals2_t" time="8.29696655273438e-05" />
    <testcase name="Equals (898)" classname="spec_perl_TestStrLiterals2_t" time="0.000111103057861328" />
    <testcase name="Equals (899)" classname="spec_perl_TestStrLiterals2_t" time="0.000108003616333008" />
  </testsuite>
  <testsuite name="spec_perl_TestEofExceptionBytes_t" errors="0" failures="0" skipped="0" tests="1" time="0.0625979900360107">
    <system-out>1..1
ok 1 - threw /^Requested \d+ bytes, but only \d+ bytes available/
</system-out>
    <testcase name="threw /^Requested \d+ bytes, but only \d+ bytes available/ (899)" classname="spec_perl_TestEofExceptionBytes_t" time="0.000123977661132812" />
  </testsuite>
  <testsuite name="spec_perl_TestSwitchManualIntSizeEos_t" errors="0" failures="0" skipped="0" tests="10" time="0.068450927734375">
    <system-out>1..10
ok 1 - Equals
ok 2 - Equals
ok 3 - Equals
ok 4 - Equals
ok 5 - Equals
ok 6 - Equals
ok 7 - Equals
ok 8 - Equals
ok 9 - Equals
ok 10 - Equals
</system-out>
    <testcase name="Equals (900)" classname="spec_perl_TestSwitchManualIntSizeEos_t" time="0.000685930252075195" />
    <testcase name="Equals (901)" classname="spec_perl_TestSwitchManualIntSizeEos_t" time="9.20295715332031e-05" />
    <testcase name="Equals (902)" classname="spec_perl_TestSwitchManualIntSizeEos_t" time="0.000119924545288086" />
    <testcase name="Equals (903)" classname="spec_perl_TestSwitchManualIntSizeEos_t" time="0.000108003616333008" />
    <testcase name="Equals (904)" classname="spec_perl_TestSwitchManualIntSizeEos_t" time="0.000102043151855469" />
    <testcase name="Equals (905)" classname="spec_perl_TestSwitchManualIntSizeEos_t" time="0.000168085098266602" />
    <testcase name="Equals (906)" classname="spec_perl_TestSwitchManualIntSizeEos_t" time="0.000236034393310547" />
    <testcase name="Equals (907)" classname="spec_perl_TestSwitchManualIntSizeEos_t" time="9.89437103271484e-05" />
    <testcase name="Equals (908)" classname="spec_perl_TestSwitchManualIntSizeEos_t" time="9.98973846435547e-05" />
    <testcase name="Equals (909)" classname="spec_perl_TestSwitchManualIntSizeEos_t" time="0.000108957290649414" />
  </testsuite>
  <testsuite name="spec_perl_TestRepeatUntilComplex_t" errors="0" failures="0" skipped="0" tests="15" time="0.0641138553619385">
    <system-out>1..15
ok 1 - Equals
ok 2 - Equals
ok 3 - Equals
ok 4 - Equals
ok 5 - Equals
ok 6 - Equals
ok 7 - Equals
ok 8 - Equals
ok 9 - Equals
ok 10 - Equals
ok 11 - Equals
ok 12 - Equals
ok 13 - Equals
ok 14 - Equals
ok 15 - Equals
</system-out>
    <testcase name="Equals (910)" classname="spec_perl_TestRepeatUntilComplex_t" time="0.000286102294921875" />
    <testcase name="Equals (911)" classname="spec_perl_TestRepeatUntilComplex_t" time="8.392333984375e-05" />
    <testcase name="Equals (912)" classname="spec_perl_TestRepeatUntilComplex_t" time="0.0001220703125" />
    <testcase name="Equals (913)" classname="spec_perl_TestRepeatUntilComplex_t" time="0.000114917755126953" />
    <testcase name="Equals (914)" classname="spec_perl_TestRepeatUntilComplex_t" time="9.29832458496094e-05" />
    <testcase name="Equals (915)" classname="spec_perl_TestRepeatUntilComplex_t" time="0.000106096267700195" />
    <testcase name="Equals (916)" classname="spec_perl_TestRepeatUntilComplex_t" time="0.000102996826171875" />
    <testcase name="Equals (917)" classname="spec_perl_TestRepeatUntilComplex_t" time="9.98973846435547e-05" />
    <testcase name="Equals (918)" classname="spec_perl_TestRepeatUntilComplex_t" time="9.82284545898438e-05" />
    <testcase name="Equals (919)" classname="spec_perl_TestRepeatUntilComplex_t" time="8.89301300048828e-05" />
    <testcase name="Equals (920)" classname="spec_perl_TestRepeatUntilComplex_t" time="8.29696655273438e-05" />
    <testcase name="Equals (921)" classname="spec_perl_TestRepeatUntilComplex_t" time="9.70363616943359e-05" />
    <testcase name="Equals (922)" classname="spec_perl_TestRepeatUntilComplex_t" time="8.98838043212891e-05" />
    <testcase name="Equals (923)" classname="spec_perl_TestRepeatUntilComplex_t" time="0.000105142593383789" />
    <testcase name="Equals (924)" classname="spec_perl_TestRepeatUntilComplex_t" time="8.70227813720703e-05" />
  </testsuite>
  <testsuite name="spec_perl_TestStrLiterals_t" errors="0" failures="0" skipped="0" tests="5" time="0.0622701644897461">
    <system-out>1..5
ok 1 - Equals
ok 2 - Equals
ok 3 - Equals
ok 4 - Equals
ok 5 - Equals
</system-out>
    <testcase name="Equals (925)" classname="spec_perl_TestStrLiterals_t" time="0.000224113464355469" />
    <testcase name="Equals (926)" classname="spec_perl_TestStrLiterals_t" time="9.29832458496094e-05" />
    <testcase name="Equals (927)" classname="spec_perl_TestStrLiterals_t" time="0.000117063522338867" />
    <testcase name="Equals (928)" classname="spec_perl_TestStrLiterals_t" time="0.000101804733276367" />
    <testcase name="Equals (929)" classname="spec_perl_TestStrLiterals_t" time="0.000106096267700195" />
  </testsuite>
  <testsuite name="spec_perl_TestCombineBool_t" errors="0" failures="0" skipped="0" tests="2" time="0.0614478588104248">
    <system-out>1..2
ok 1 - Equals
ok 2 - Equals
</system-out>
    <testcase name="Equals (930)" classname="spec_perl_TestCombineBool_t" time="0.000175952911376953" />
    <testcase name="Equals (931)" classname="spec_perl_TestCombineBool_t" time="7.60555267333984e-05" />
  </testsuite>
  <testsuite name="spec_perl_TestBitsShiftByB64Le_t" errors="0" failures="0" skipped="0" tests="2" time="0.0621271133422852">
    <system-out>1..2
ok 1 - Equals
ok 2 - Equals
</system-out>
    <testcase name="Equals (932)" classname="spec_perl_TestBitsShiftByB64Le_t" time="0.000188827514648438" />
    <testcase name="Equals (933)" classname="spec_perl_TestBitsShiftByB64Le_t" time="8.91685485839844e-05" />
  </testsuite>
  <testsuite name="spec_perl_TestExprIntDiv_t" errors="0" failures="2" skipped="0" tests="6" time="0.0640971660614014">
    <system-out>1..6
ok 1 - Equals
ok 2 - Equals
ok 3 - Equals
not ok 4 - Equals
ok 5 - Equals
not ok 6 - Equals
</system-out>
    <testcase name="Equals (934)" classname="spec_perl_TestExprIntDiv_t" time="0.000204086303710938" />
    <testcase name="Equals (935)" classname="spec_perl_TestExprIntDiv_t" time="8.29696655273438e-05" />
    <testcase name="Equals (936)" classname="spec_perl_TestExprIntDiv_t" time="0.000107049942016602" />
    <testcase name="Equals (937)" classname="spec_perl_TestExprIntDiv_t" time="0.000165939331054688">
      <failure message="not ok 4 - Equals" type="TAP::Parser::Result::Test"></failure>
    </testcase>
    <testcase name="Equals (938)" classname="spec_perl_TestExprIntDiv_t" time="0.00117707252502441" />
    <testcase name="Equals (939)" classname="spec_perl_TestExprIntDiv_t" time="5.79357147216797e-05">
      <failure message="not ok 6 - Equals" type="TAP::Parser::Result::Test"></failure>
    </testcase>
  </testsuite>
  <testsuite name="spec_perl_TestExprStrEncodings_t" errors="0" failures="0" skipped="0" tests="7" time="0.0706830024719238">
    <system-out>1..7
ok 1 - Equals
ok 2 - Equals
ok 3 - Equals
ok 4 - Equals
ok 5 - Equals
ok 6 - Equals
ok 7 - Equals
</system-out>
    <testcase name="Equals (940)" classname="spec_perl_TestExprStrEncodings_t" time="0.00389885902404785" />
    <testcase name="Equals (941)" classname="spec_perl_TestExprStrEncodings_t" time="8.41617584228516e-05" />
    <testcase name="Equals (942)" classname="spec_perl_TestExprStrEncodings_t" time="0.000111818313598633" />
    <testcase name="Equals (943)" classname="spec_perl_TestExprStrEncodings_t" time="9.79900360107422e-05" />
    <testcase name="Equals (944)" classname="spec_perl_TestExprStrEncodings_t" time="9.70363616943359e-05" />
    <testcase name="Equals (945)" classname="spec_perl_TestExprStrEncodings_t" time="9.51290130615234e-05" />
    <testcase name="Equals (946)" classname="spec_perl_TestExprStrEncodings_t" time="0.000104904174804688" />
  </testsuite>
  <testsuite name="spec_perl_TestValidLong_t" errors="0" failures="0" skipped="1" tests="1" time="0.0670349597930908">
    <system-out>1..1
ok 1 # skip ValidLong=HASH(0x56031dd93280)
</system-out>
    <testcase name="Unnamed test case 946" classname="spec_perl_TestValidLong_t" time="0.00119519233703613">
      <skipped message="ok 1 # skip ValidLong=HASH(0x56031dd93280)" />
    </testcase>
  </testsuite>
  <testsuite name="spec_perl_TestEnum0_t" errors="0" failures="0" skipped="0" tests="2" time="0.0615110397338867">
    <system-out>1..2
ok 1 - Equals
ok 2 - Equals
</system-out>
    <testcase name="Equals (947)" classname="spec_perl_TestEnum0_t" time="0.000212192535400391" />
    <testcase name="Equals (948)" classname="spec_perl_TestEnum0_t" time="8.17775726318359e-05" />
  </testsuite>
  <testsuite name="spec_perl_TestProcessCustom_t" errors="1" failures="0" skipped="0" tests="0" time="0.0606579780578613">
    <system-out></system-out>
    <testcase name="Test died too soon, even before plan. (948)" classname="spec_perl_TestProcessCustom_t" time="0.0606579780578613">
      <failure message="The test suite died before a plan was produced. You need to have a plan." type="Plan">No plan</failure>
    </testcase>
  </testsuite>
  <testsuite name="spec_perl_TestSwitchManualStrElse_t" errors="0" failures="0" skipped="0" tests="9" time="0.0679919719696045">
    <system-out>1..9
ok 1 - Equals
ok 2 - Equals
ok 3 - Equals
ok 4 - Equals
ok 5 - Equals
ok 6 - Equals
ok 7 - Equals
ok 8 - Equals
ok 9 - Equals
</system-out>
    <testcase name="Equals (949)" classname="spec_perl_TestSwitchManualStrElse_t" time="0.000118017196655273" />
    <testcase name="Equals (950)" classname="spec_perl_TestSwitchManualStrElse_t" time="4.1961669921875e-05" />
    <testcase name="Equals (951)" classname="spec_perl_TestSwitchManualStrElse_t" time="2.90870666503906e-05" />
    <testcase name="Equals (952)" classname="spec_perl_TestSwitchManualStrElse_t" time="2.69412994384766e-05" />
    <testcase name="Equals (953)" classname="spec_perl_TestSwitchManualStrElse_t" time="2.81333923339844e-05" />
    <testcase name="Equals (954)" classname="spec_perl_TestSwitchManualStrElse_t" time="2.59876251220703e-05" />
    <testcase name="Equals (955)" classname="spec_perl_TestSwitchManualStrElse_t" time="2.98023223876953e-05" />
    <testcase name="Equals (956)" classname="spec_perl_TestSwitchManualStrElse_t" time="2.59876251220703e-05" />
    <testcase name="Equals (957)" classname="spec_perl_TestSwitchManualStrElse_t" time="2.50339508056641e-05" />
  </testsuite>
  <testsuite name="spec_perl_TestProcessCoerceUsertype1_t" errors="0" failures="0" skipped="0" tests="4" time="0.0633900165557861">
    <system-out>1..4
ok 1 - Equals
ok 2 - Equals
ok 3 - Equals
ok 4 - Equals
</system-out>
    <testcase name="Equals (958)" classname="spec_perl_TestProcessCoerceUsertype1_t" time="0.000606060028076172" />
    <testcase name="Equals (959)" classname="spec_perl_TestProcessCoerceUsertype1_t" time="0.000108957290649414" />
    <testcase name="Equals (960)" classname="spec_perl_TestProcessCoerceUsertype1_t" time="0.000105142593383789" />
    <testcase name="Equals (961)" classname="spec_perl_TestProcessCoerceUsertype1_t" time="0.000113964080810547" />
  </testsuite>
  <testsuite name="spec_perl_TestExprIoEof_t" errors="0" failures="0" skipped="0" tests="4" time="0.0624918937683105">
    <system-out>1..4
ok 1 - Equals
ok 2 - nil
ok 3 - Equals
ok 4 - Equals
</system-out>
    <testcase name="Equals (962)" classname="spec_perl_TestExprIoEof_t" time="0.000545024871826172" />
    <testcase name="nil (962)" classname="spec_perl_TestExprIoEof_t" time="4.50611114501953e-05" />
    <testcase name="Equals (963)" classname="spec_perl_TestExprIoEof_t" time="8.60691070556641e-05" />
    <testcase name="Equals (964)" classname="spec_perl_TestExprIoEof_t" time="0.000115871429443359" />
  </testsuite>
  <testsuite name="spec_perl_TestMetaXref_t" errors="0" failures="0" skipped="1" tests="1" time="0.0625660419464111">
    <system-out>1..1
ok 1 # skip MetaXref=HASH(0x55719f8bc7d0)
</system-out>
    <testcase name="Unnamed test case 964" classname="spec_perl_TestMetaXref_t" time="0.00116300582885742">
      <skipped message="ok 1 # skip MetaXref=HASH(0x55719f8bc7d0)" />
    </testcase>
  </testsuite>
  <testsuite name="spec_perl_TestInstanceStd_t" errors="0" failures="0" skipped="0" tests="1" time="0.0659799575805664">
    <system-out>1..1
ok 1 - Equals
</system-out>
    <testcase name="Equals (965)" classname="spec_perl_TestInstanceStd_t" time="0.000269889831542969" />
  </testsuite>
  <testsuite name="spec_perl_TestIndexToParamUntil_t" errors="0" failures="2" skipped="0" tests="7" time="0.0685250759124756">
    <system-out>1..7
ok 1 - Equals
ok 2 - Equals
ok 3 - Equals
ok 4 - Equals
ok 5 - Equals
not ok 6 - Equals
not ok 7 - Equals
</system-out>
    <testcase name="Equals (966)" classname="spec_perl_TestIndexToParamUntil_t" time="0.00135397911071777" />
    <testcase name="Equals (967)" classname="spec_perl_TestIndexToParamUntil_t" time="5.69820404052734e-05" />
    <testcase name="Equals (968)" classname="spec_perl_TestIndexToParamUntil_t" time="3.00407409667969e-05" />
    <testcase name="Equals (969)" classname="spec_perl_TestIndexToParamUntil_t" time="2.69412994384766e-05" />
    <testcase name="Equals (970)" classname="spec_perl_TestIndexToParamUntil_t" time="2.59876251220703e-05" />
    <testcase name="Equals (971)" classname="spec_perl_TestIndexToParamUntil_t" time="5.69820404052734e-05">
      <failure message="not ok 6 - Equals" type="TAP::Parser::Result::Test"></failure>
    </testcase>
    <testcase name="Equals (972)" classname="spec_perl_TestIndexToParamUntil_t" time="0.000303983688354492">
      <failure message="not ok 7 - Equals" type="TAP::Parser::Result::Test"></failure>
    </testcase>
  </testsuite>
  <testsuite name="spec_perl_TestProcessRepeatUsertype_t" errors="0" failures="0" skipped="0" tests="4" time="0.063140869140625">
    <system-out>1..4
ok 1 - Equals
ok 2 - Equals
ok 3 - Equals
ok 4 - Equals
</system-out>
    <testcase name="Equals (973)" classname="spec_perl_TestProcessRepeatUsertype_t" time="0.000554084777832031" />
    <testcase name="Equals (974)" classname="spec_perl_TestProcessRepeatUsertype_t" time="9.58442687988281e-05" />
    <testcase name="Equals (975)" classname="spec_perl_TestProcessRepeatUsertype_t" time="0.000103950500488281" />
    <testcase name="Equals (976)" classname="spec_perl_TestProcessRepeatUsertype_t" time="0.000102043151855469" />
  </testsuite>
  <testsuite name="spec_perl_TestTypeTernary_t" errors="0" failures="0" skipped="0" tests="1" time="0.0625660419464111">
    <system-out>1..1
ok 1 - Equals
</system-out>
    <testcase name="Equals (977)" classname="spec_perl_TestTypeTernary_t" time="0.000519990921020508" />
  </testsuite>
  <testsuite name="spec_perl_TestPositionInSeq_t" errors="0" failures="0" skipped="0" tests="1" time="0.0621411800384521">
    <system-out>1..1
ok 1 - Equals
</system-out>
    <testcase name="Equals (978)" classname="spec_perl_TestPositionInSeq_t" time="0.000216007232666016" />
  </testsuite>
  <testsuite name="spec_perl_TestEnumIf_t" errors="0" failures="0" skipped="0" tests="7" time="0.0674221515655518">
    <system-out>1..7
ok 1 - Equals
ok 2 - Equals
ok 3 - Equals
ok 4 - Equals
ok 5 - Equals
ok 6 - Equals
ok 7 - Equals
</system-out>
    <testcase name="Equals (979)" classname="spec_perl_TestEnumIf_t" time="0.000319957733154297" />
    <testcase name="Equals (980)" classname="spec_perl_TestEnumIf_t" time="8.98838043212891e-05" />
    <testcase name="Equals (981)" classname="spec_perl_TestEnumIf_t" time="0.000105142593383789" />
    <testcase name="Equals (982)" classname="spec_perl_TestEnumIf_t" time="0.000104904174804688" />
    <testcase name="Equals (983)" classname="spec_perl_TestEnumIf_t" time="9.98973846435547e-05" />
    <testcase name="Equals (984)" classname="spec_perl_TestEnumIf_t" time="9.918212890625e-05" />
    <testcase name="Equals (985)" classname="spec_perl_TestEnumIf_t" time="9.79900360107422e-05" />
  </testsuite>
  <testsuite name="spec_perl_TestDocstringsDocref_t" errors="0" failures="0" skipped="1" tests="1" time="0.0623879432678223">
    <system-out>1..1
ok 1 # skip DocstringsDocref=HASH(0x55dc79279608)
</system-out>
    <testcase name="Unnamed test case 985" classname="spec_perl_TestDocstringsDocref_t" time="0.00115704536437988">
      <skipped message="ok 1 # skip DocstringsDocref=HASH(0x55dc79279608)" />
    </testcase>
  </testsuite>
  <testsuite name="spec_perl_TestIfValues_t" errors="0" failures="0" skipped="0" tests="6" time="0.0618360042572021">
    <system-out>1..6
ok 1 - Equals
ok 2 - Equals
ok 3 - Equals
ok 4 - nil
ok 5 - Equals
ok 6 - nil
</system-out>
    <testcase name="Equals (986)" classname="spec_perl_TestIfValues_t" time="0.000195980072021484" />
    <testcase name="Equals (987)" classname="spec_perl_TestIfValues_t" time="8.60691070556641e-05" />
    <testcase name="Equals (988)" classname="spec_perl_TestIfValues_t" time="0.000107049942016602" />
    <testcase name="nil (988)" classname="spec_perl_TestIfValues_t" time="5.48362731933594e-05" />
    <testcase name="Equals (989)" classname="spec_perl_TestIfValues_t" time="0.000105142593383789" />
    <testcase name="nil (989)" classname="spec_perl_TestIfValues_t" time="3.50475311279297e-05" />
  </testsuite>
  <testsuite name="spec_perl_TestStrEncodingsUtf16_t" errors="0" failures="0" skipped="0" tests="6" time="0.0682411193847656">
    <system-out>1..6
ok 1 - Equals
ok 2 - Equals
ok 3 - Equals
ok 4 - Equals
ok 5 - Equals
ok 6 - Equals
</system-out>
    <testcase name="Equals (990)" classname="spec_perl_TestStrEncodingsUtf16_t" time="0.00143885612487793" />
    <testcase name="Equals (991)" classname="spec_perl_TestStrEncodingsUtf16_t" time="9.79900360107422e-05" />
    <testcase name="Equals (992)" classname="spec_perl_TestStrEncodingsUtf16_t" time="0.000105142593383789" />
    <testcase name="Equals (993)" classname="spec_perl_TestStrEncodingsUtf16_t" time="0.000103950500488281" />
    <testcase name="Equals (994)" classname="spec_perl_TestStrEncodingsUtf16_t" time="0.000100851058959961" />
    <testcase name="Equals (995)" classname="spec_perl_TestStrEncodingsUtf16_t" time="0.000107049942016602" />
  </testsuite>
</testsuites>
