<?xml version='1.0' encoding='utf-8'?>
<testsuites>
  <testsuite name="spec_perl_TestNestedTypes_t" errors="0" failures="0" skipped="0" tests="3" time="0.0464129447937012">
    <system-out>1..3
ok 1 - Equals
ok 2 - Equals
ok 3 - Equals
</system-out>
    <testcase name="Equals" classname="spec_perl_TestNestedTypes_t" time="0.000280141830444336" />
    <testcase name="Equals (2)" classname="spec_perl_TestNestedTypes_t" time="8.70227813720703e-05" />
    <testcase name="Equals (3)" classname="spec_perl_TestNestedTypes_t" time="0.000120878219604492" />
  </testsuite>
  <testsuite name="spec_perl_TestRecursiveOne_t" errors="0" failures="0" skipped="0" tests="4" time="0.0442409515380859">
    <system-out>1..4
ok 1 - Equals
ok 2 - Equals
ok 3 - Equals
ok 4 - Equals
</system-out>
    <testcase name="Equals (4)" classname="spec_perl_TestRecursiveOne_t" time="0.000272989273071289" />
    <testcase name="Equals (5)" classname="spec_perl_TestRecursiveOne_t" time="8.0108642578125e-05" />
    <testcase name="Equals (6)" classname="spec_perl_TestRecursiveOne_t" time="0.000128984451293945" />
    <testcase name="Equals (7)" classname="spec_perl_TestRecursiveOne_t" time="0.000149965286254883" />
  </testsuite>
  <testsuite name="spec_perl_TestNavParentOverride_t" errors="0" failures="0" skipped="0" tests="3" time="0.0433919429779053">
    <system-out>1..3
ok 1 - Equals
ok 2 - Equals
ok 3 - Equals
</system-out>
    <testcase name="Equals (8)" classname="spec_perl_TestNavParentOverride_t" time="0.000252008438110352" />
    <testcase name="Equals (9)" classname="spec_perl_TestNavParentOverride_t" time="8.32080841064453e-05" />
    <testcase name="Equals (10)" classname="spec_perl_TestNavParentOverride_t" time="0.000123977661132812" />
  </testsuite>
  <testsuite name="spec_perl_TestIoLocalVar_t" errors="0" failures="0" skipped="0" tests="2" time="0.0430660247802734">
    <system-out>1..2
ok 1 - Equals
ok 2 - Equals
</system-out>
    <testcase name="Equals (11)" classname="spec_perl_TestIoLocalVar_t" time="0.000529050827026367" />
    <testcase name="Equals (12)" classname="spec_perl_TestIoLocalVar_t" time="0.000100851058959961" />
  </testsuite>
  <testsuite name="spec_perl_TestNestedTypes2_t" errors="0" failures="0" skipped="0" tests="7" time="0.0457570552825928">
    <system-out>1..7
ok 1 - Equals
ok 2 - Equals
ok 3 - Equals
ok 4 - Equals
ok 5 - Equals
ok 6 - Equals
ok 7 - Equals
</system-out>
    <testcase name="Equals (13)" classname="spec_perl_TestNestedTypes2_t" time="0.000298023223876953" />
    <testcase name="Equals (14)" classname="spec_perl_TestNestedTypes2_t" time="8.29696655273438e-05" />
    <testcase name="Equals (15)" classname="spec_perl_TestNestedTypes2_t" time="7.70092010498047e-05" />
    <testcase name="Equals (16)" classname="spec_perl_TestNestedTypes2_t" time="0.000153064727783203" />
    <testcase name="Equals (17)" classname="spec_perl_TestNestedTypes2_t" time="0.000122785568237305" />
    <testcase name="Equals (18)" classname="spec_perl_TestNestedTypes2_t" time="0.000140190124511719" />
    <testcase name="Equals (19)" classname="spec_perl_TestNestedTypes2_t" time="0.000118017196655273" />
  </testsuite>
  <testsuite name="spec_perl_TestEnumInvalid_t" errors="0" failures="0" skipped="0" tests="2" time="0.0435609817504883">
    <system-out>1..2
ok 1 - Equals
ok 2 - Equals
</system-out>
    <testcase name="Equals (20)" classname="spec_perl_TestEnumInvalid_t" time="0.000222921371459961" />
    <testcase name="Equals (21)" classname="spec_perl_TestEnumInvalid_t" time="6.91413879394531e-05" />
  </testsuite>
  <testsuite name="spec_perl_TestImportsAbs_t" errors="0" failures="0" skipped="0" tests="2" time="0.0433609485626221">
    <system-out>1..2
ok 1 - Equals
ok 2 - Equals
</system-out>
    <testcase name="Equals (22)" classname="spec_perl_TestImportsAbs_t" time="0.000251054763793945" />
    <testcase name="Equals (23)" classname="spec_perl_TestImportsAbs_t" time="7.67707824707031e-05" />
  </testsuite>
  <testsuite name="spec_perl_TestFixedContents_t" errors="1" failures="0" skipped="0" tests="0" time="0.056459903717041">
    <system-out></system-out>
    <testcase name="Test died too soon, even before plan. (23)" classname="spec_perl_TestFixedContents_t" time="0.056459903717041">
      <failure message="The test suite died before a plan was produced. You need to have a plan." type="Plan">No plan</failure>
    </testcase>
  </testsuite>
  <testsuite name="spec_perl_TestRepeatNStrz_t" errors="0" failures="0" skipped="0" tests="2" time="0.0462901592254639">
    <system-out>1..2
ok 1 - Equals
ok 2 - Equals
</system-out>
    <testcase name="Equals (24)" classname="spec_perl_TestRepeatNStrz_t" time="0.000334024429321289" />
    <testcase name="Equals (25)" classname="spec_perl_TestRepeatNStrz_t" time="8.29696655273438e-05" />
  </testsuite>
  <testsuite name="spec_perl_TestProcessCustom_t" errors="1" failures="0" skipped="0" tests="0" time="0.0415000915527344">
    <system-out></system-out>
    <testcase name="Test died too soon, even before plan. (25)" classname="spec_perl_TestProcessCustom_t" time="0.0415000915527344">
      <failure message="The test suite died before a plan was produced. You need to have a plan." type="Plan">No plan</failure>
    </testcase>
  </testsuite>
  <testsuite name="spec_perl_TestSwitchBytearray_t" errors="0" failures="0" skipped="0" tests="9" time="0.0478270053863525">
    <system-out>1..9
ok 1 - Equals
ok 2 - Equals
ok 3 - Equals
ok 4 - Equals
ok 5 - Equals
ok 6 - Equals
ok 7 - Equals
ok 8 - Equals
ok 9 - Equals
</system-out>
    <testcase name="Equals (26)" classname="spec_perl_TestSwitchBytearray_t" time="0.000319004058837891" />
    <testcase name="Equals (27)" classname="spec_perl_TestSwitchBytearray_t" time="8.17775726318359e-05" />
    <testcase name="Equals (28)" classname="spec_perl_TestSwitchBytearray_t" time="7.82012939453125e-05" />
    <testcase name="Equals (29)" classname="spec_perl_TestSwitchBytearray_t" time="0.000152826309204102" />
    <testcase name="Equals (30)" classname="spec_perl_TestSwitchBytearray_t" time="0.00011897087097168" />
    <testcase name="Equals (31)" classname="spec_perl_TestSwitchBytearray_t" time="0.000135183334350586" />
    <testcase name="Equals (32)" classname="spec_perl_TestSwitchBytearray_t" time="0.000124931335449219" />
    <testcase name="Equals (33)" classname="spec_perl_TestSwitchBytearray_t" time="0.000149965286254883" />
    <testcase name="Equals (34)" classname="spec_perl_TestSwitchBytearray_t" time="0.000110149383544922" />
  </testsuite>
  <testsuite name="spec_perl_TestEnumIntRangeU_t" errors="0" failures="0" skipped="0" tests="2" time="0.0432958602905273">
    <system-out>1..2
ok 1 - Equals
ok 2 - Equals
</system-out>
    <testcase name="Equals (35)" classname="spec_perl_TestEnumIntRangeU_t" time="0.000229835510253906" />
    <testcase name="Equals (36)" classname="spec_perl_TestEnumIntRangeU_t" time="7.51018524169922e-05" />
  </testsuite>
  <testsuite name="spec_perl_TestBytesPadTerm_t" errors="0" failures="0" skipped="0" tests="4" time="0.0435349941253662">
    <system-out>1..4
ok 1 - Equals
ok 2 - Equals
ok 3 - Equals
ok 4 - Equals
</system-out>
    <testcase name="Equals (37)" classname="spec_perl_TestBytesPadTerm_t" time="0.000236034393310547" />
    <testcase name="Equals (38)" classname="spec_perl_TestBytesPadTerm_t" time="8.79764556884766e-05" />
    <testcase name="Equals (39)" classname="spec_perl_TestBytesPadTerm_t" time="0.000127077102661133" />
    <testcase name="Equals (40)" classname="spec_perl_TestBytesPadTerm_t" time="0.000129938125610352" />
  </testsuite>
  <testsuite name="spec_perl_TestNavParentSwitchCast_t" errors="0" failures="0" skipped="0" tests="3" time="0.043712854385376">
    <system-out>1..3
ok 1 - Equals
ok 2 - Equals
ok 3 - Equals
</system-out>
    <testcase name="Equals (41)" classname="spec_perl_TestNavParentSwitchCast_t" time="0.000535011291503906" />
    <testcase name="Equals (42)" classname="spec_perl_TestNavParentSwitchCast_t" time="9.60826873779297e-05" />
    <testcase name="Equals (43)" classname="spec_perl_TestNavParentSwitchCast_t" time="9.58442687988281e-05" />
  </testsuite>
  <testsuite name="spec_perl_TestInstanceUserArray_t" errors="0" failures="0" skipped="0" tests="10" time="0.0466868877410889">
    <system-out>1..10
ok 1 - Equals
ok 2 - Equals
ok 3 - Equals
ok 4 - Equals
ok 5 - Equals
ok 6 - Equals
ok 7 - Equals
ok 8 - Equals
ok 9 - Equals
ok 10 - Equals
</system-out>
    <testcase name="Equals (44)" classname="spec_perl_TestInstanceUserArray_t" time="0.000234842300415039" />
    <testcase name="Equals (45)" classname="spec_perl_TestInstanceUserArray_t" time="7.79628753662109e-05" />
    <testcase name="Equals (46)" classname="spec_perl_TestInstanceUserArray_t" time="0.000141143798828125" />
    <testcase name="Equals (47)" classname="spec_perl_TestInstanceUserArray_t" time="0.000504970550537109" />
    <testcase name="Equals (48)" classname="spec_perl_TestInstanceUserArray_t" time="8.0108642578125e-05" />
    <testcase name="Equals (49)" classname="spec_perl_TestInstanceUserArray_t" time="0.000142812728881836" />
    <testcase name="Equals (50)" classname="spec_perl_TestInstanceUserArray_t" time="0.0001220703125" />
    <testcase name="Equals (51)" classname="spec_perl_TestInstanceUserArray_t" time="0.000142097473144531" />
    <testcase name="Equals (52)" classname="spec_perl_TestInstanceUserArray_t" time="0.000123977661132812" />
    <testcase name="Equals (53)" classname="spec_perl_TestInstanceUserArray_t" time="0.000114917755126953" />
  </testsuite>
  <testsuite name="spec_perl_TestDefaultEndianMod_t" errors="0" failures="0" skipped="0" tests="3" time="0.0431749820709229">
    <system-out>1..3
ok 1 - Equals
ok 2 - Equals
ok 3 - Equals
</system-out>
    <testcase name="Equals (54)" classname="spec_perl_TestDefaultEndianMod_t" time="0.000292062759399414" />
    <testcase name="Equals (55)" classname="spec_perl_TestDefaultEndianMod_t" time="8.79764556884766e-05" />
    <testcase name="Equals (56)" classname="spec_perl_TestDefaultEndianMod_t" time="7.41481781005859e-05" />
  </testsuite>
  <testsuite name="spec_perl_TestCastToTop_t" errors="0" failures="0" skipped="0" tests="3" time="0.0440621376037598">
    <system-out>1..3
ok 1 - Equals
ok 2 - Equals
ok 3 - Equals
</system-out>
    <testcase name="Equals (57)" classname="spec_perl_TestCastToTop_t" time="0.000226974487304688" />
    <testcase name="Equals (58)" classname="spec_perl_TestCastToTop_t" time="0.000149011611938477" />
    <testcase name="Equals (59)" classname="spec_perl_TestCastToTop_t" time="0.000137805938720703" />
  </testsuite>
  <testsuite name="spec_perl_TestTypeTernary2ndFalsy_t" errors="0" failures="1" skipped="0" tests="13" time="0.04842209815979">
    <system-out>1..13
ok 1 - Equals
ok 2 - Equals
ok 3 - Equals
ok 4 - Approx equals
ok 5 - Approx equals
ok 6 - Equals
ok 7 - Equals
ok 8 - Equals
ok 9 - nil
ok 10 - Equals
ok 11 - Equals
ok 12 - Equals
not ok 13 - test_type_ternary_2nd_falsy died (Can't use an undefined value as an ARRAY reference at spec/perl/TestTypeTernary2ndFalsy.t line 27.)
</system-out>
    <testcase name="Equals (60)" classname="spec_perl_TestTypeTernary2ndFalsy_t" time="0.000245094299316406" />
    <testcase name="Equals (61)" classname="spec_perl_TestTypeTernary2ndFalsy_t" time="7.70092010498047e-05" />
    <testcase name="Equals (62)" classname="spec_perl_TestTypeTernary2ndFalsy_t" time="0.000104904174804688" />
    <testcase name="Approx equals (62)" classname="spec_perl_TestTypeTernary2ndFalsy_t" time="5.69820404052734e-05" />
    <testcase name="Approx equals (63)" classname="spec_perl_TestTypeTernary2ndFalsy_t" time="5.31673431396484e-05" />
    <testcase name="Equals (63)" classname="spec_perl_TestTypeTernary2ndFalsy_t" time="0.000177860260009766" />
    <testcase name="Equals (64)" classname="spec_perl_TestTypeTernary2ndFalsy_t" time="0.000105142593383789" />
    <testcase name="Equals (65)" classname="spec_perl_TestTypeTernary2ndFalsy_t" time="0.000146865844726562" />
    <testcase name="nil (65)" classname="spec_perl_TestTypeTernary2ndFalsy_t" time="6.00814819335938e-05" />
    <testcase name="Equals (66)" classname="spec_perl_TestTypeTernary2ndFalsy_t" time="0.000123023986816406" />
    <testcase name="Equals (67)" classname="spec_perl_TestTypeTernary2ndFalsy_t" time="0.000121831893920898" />
    <testcase name="Equals (68)" classname="spec_perl_TestTypeTernary2ndFalsy_t" time="0.000152111053466797" />
    <testcase name="test_type_ternary_2nd_falsy died (Can't use an undefined value as an ARRAY reference at spec/perl/TestTypeTernary2ndFalsy.t line 27.) (68)" classname="spec_perl_TestTypeTernary2ndFalsy_t" time="0.000248908996582031">
      <failure message="not ok 13 - test_type_ternary_2nd_falsy died (Can't use an undefined value as an ARRAY reference at spec/perl/TestTypeTernary2ndFalsy.t line 27.)" type="TAP::Parser::Result::Test"></failure>
    </testcase>
  </testsuite>
  <testsuite name="spec_perl_TestBufferedStruct_t" errors="0" failures="0" skipped="0" tests="7" time="0.0446560382843018">
    <system-out>1..7
ok 1 - Equals
ok 2 - Equals
ok 3 - Equals
ok 4 - Equals
ok 5 - Equals
ok 6 - Equals
ok 7 - Equals
</system-out>
    <testcase name="Equals (69)" classname="spec_perl_TestBufferedStruct_t" time="0.000541925430297852" />
    <testcase name="Equals (70)" classname="spec_perl_TestBufferedStruct_t" time="9.79900360107422e-05" />
    <testcase name="Equals (71)" classname="spec_perl_TestBufferedStruct_t" time="5.60283660888672e-05" />
    <testcase name="Equals (72)" classname="spec_perl_TestBufferedStruct_t" time="0.000127077102661133" />
    <testcase name="Equals (73)" classname="spec_perl_TestBufferedStruct_t" time="0.000130891799926758" />
    <testcase name="Equals (74)" classname="spec_perl_TestBufferedStruct_t" time="0.0001220703125" />
    <testcase name="Equals (75)" classname="spec_perl_TestBufferedStruct_t" time="0.000133991241455078" />
  </testsuite>
  <testsuite name="spec_perl_TestCombineStr_t" errors="0" failures="0" skipped="0" tests="15" time="0.0484271049499512">
    <system-out>1..15
ok 1 - Equals
ok 2 - Equals
ok 3 - Equals
ok 4 - Equals
ok 5 - Equals
ok 6 - Equals
ok 7 - Equals
ok 8 - Equals
ok 9 - Equals
ok 10 - Equals
ok 11 - Equals
ok 12 - Equals
ok 13 - Equals
ok 14 - Equals
ok 15 - Equals
</system-out>
    <testcase name="Equals (76)" classname="spec_perl_TestCombineStr_t" time="0.000319957733154297" />
    <testcase name="Equals (77)" classname="spec_perl_TestCombineStr_t" time="8.60691070556641e-05" />
    <testcase name="Equals (78)" classname="spec_perl_TestCombineStr_t" time="5.69820404052734e-05" />
    <testcase name="Equals (79)" classname="spec_perl_TestCombineStr_t" time="0.000155925750732422" />
    <testcase name="Equals (80)" classname="spec_perl_TestCombineStr_t" time="0.000107049942016602" />
    <testcase name="Equals (81)" classname="spec_perl_TestCombineStr_t" time="0.000155925750732422" />
    <testcase name="Equals (82)" classname="spec_perl_TestCombineStr_t" time="0.000108957290649414" />
    <testcase name="Equals (83)" classname="spec_perl_TestCombineStr_t" time="0.000145196914672852" />
    <testcase name="Equals (84)" classname="spec_perl_TestCombineStr_t" time="0.000120878219604492" />
    <testcase name="Equals (85)" classname="spec_perl_TestCombineStr_t" time="0.000124931335449219" />
    <testcase name="Equals (86)" classname="spec_perl_TestCombineStr_t" time="0.000118017196655273" />
    <testcase name="Equals (87)" classname="spec_perl_TestCombineStr_t" time="0.000141143798828125" />
    <testcase name="Equals (88)" classname="spec_perl_TestCombineStr_t" time="0.000123023986816406" />
    <testcase name="Equals (89)" classname="spec_perl_TestCombineStr_t" time="0.000166893005371094" />
    <testcase name="Equals (90)" classname="spec_perl_TestCombineStr_t" time="0.000103950500488281" />
  </testsuite>
  <testsuite name="spec_perl_TestExpr3_t" errors="0" failures="0" skipped="0" tests="12" time="0.0478119850158691">
    <system-out>1..12
ok 1 - Equals
ok 2 - Equals
ok 3 - Equals
ok 4 - Equals
ok 5 - Equals
ok 6 - Equals
ok 7 - Equals
ok 8 - Equals
ok 9 - Equals
ok 10 - Equals
ok 11 - Equals
ok 12 - Equals
</system-out>
    <testcase name="Equals (91)" classname="spec_perl_TestExpr3_t" time="0.00024104118347168" />
    <testcase name="Equals (92)" classname="spec_perl_TestExpr3_t" time="7.60555267333984e-05" />
    <testcase name="Equals (93)" classname="spec_perl_TestExpr3_t" time="0.00014185905456543" />
    <testcase name="Equals (94)" classname="spec_perl_TestExpr3_t" time="0.000130176544189453" />
    <testcase name="Equals (95)" classname="spec_perl_TestExpr3_t" time="0.000133991241455078" />
    <testcase name="Equals (96)" classname="spec_perl_TestExpr3_t" time="0.000115871429443359" />
    <testcase name="Equals (97)" classname="spec_perl_TestExpr3_t" time="0.000143051147460938" />
    <testcase name="Equals (98)" classname="spec_perl_TestExpr3_t" time="0.000114917755126953" />
    <testcase name="Equals (99)" classname="spec_perl_TestExpr3_t" time="0.000143051147460938" />
    <testcase name="Equals (100)" classname="spec_perl_TestExpr3_t" time="0.000154972076416016" />
    <testcase name="Equals (101)" classname="spec_perl_TestExpr3_t" time="0.000118017196655273" />
    <testcase name="Equals (102)" classname="spec_perl_TestExpr3_t" time="0.000123977661132812" />
  </testsuite>
  <testsuite name="spec_perl_TestEnumForUnknownId_t" errors="0" failures="0" skipped="0" tests="1" time="0.0426449775695801">
    <system-out>1..1
ok 1 - Equals
</system-out>
    <testcase name="Equals (103)" classname="spec_perl_TestEnumForUnknownId_t" time="0.000221014022827148" />
  </testsuite>
  <testsuite name="spec_perl_TestNavParentFalse2_t" errors="0" failures="0" skipped="0" tests="1" time="0.042773962020874">
    <system-out>1..1
ok 1 - Equals
</system-out>
    <testcase name="Equals (104)" classname="spec_perl_TestNavParentFalse2_t" time="0.000236034393310547" />
  </testsuite>
  <testsuite name="spec_perl_TestDefaultEndianExprIsLe_t" errors="0" failures="0" skipped="0" tests="12" time="0.0450129508972168">
    <system-out>1..12
ok 1 - Equals
ok 2 - Equals
ok 3 - Equals
ok 4 - Equals
ok 5 - Equals
ok 6 - Equals
ok 7 - Equals
ok 8 - Equals
ok 9 - Equals
ok 10 - Equals
ok 11 - Equals
ok 12 - Equals
</system-out>
    <testcase name="Equals (105)" classname="spec_perl_TestDefaultEndianExprIsLe_t" time="0.000303030014038086" />
    <testcase name="Equals (106)" classname="spec_perl_TestDefaultEndianExprIsLe_t" time="8.41617584228516e-05" />
    <testcase name="Equals (107)" classname="spec_perl_TestDefaultEndianExprIsLe_t" time="7.98702239990234e-05" />
    <testcase name="Equals (108)" classname="spec_perl_TestDefaultEndianExprIsLe_t" time="0.000191926956176758" />
    <testcase name="Equals (109)" classname="spec_perl_TestDefaultEndianExprIsLe_t" time="7.10487365722656e-05" />
    <testcase name="Equals (110)" classname="spec_perl_TestDefaultEndianExprIsLe_t" time="0.000133991241455078" />
    <testcase name="Equals (111)" classname="spec_perl_TestDefaultEndianExprIsLe_t" time="0.000121116638183594" />
    <testcase name="Equals (112)" classname="spec_perl_TestDefaultEndianExprIsLe_t" time="0.000140905380249023" />
    <testcase name="Equals (113)" classname="spec_perl_TestDefaultEndianExprIsLe_t" time="0.000106096267700195" />
    <testcase name="Equals (114)" classname="spec_perl_TestDefaultEndianExprIsLe_t" time="0.000145912170410156" />
    <testcase name="Equals (115)" classname="spec_perl_TestDefaultEndianExprIsLe_t" time="0.000108957290649414" />
    <testcase name="Equals (116)" classname="spec_perl_TestDefaultEndianExprIsLe_t" time="0.000147104263305664" />
  </testsuite>
  <testsuite name="spec_perl_TestNavParent3_t" errors="0" failures="0" skipped="0" tests="10" time="0.047274112701416">
    <system-out>1..10
ok 1 - Equals
ok 2 - Equals
ok 3 - Equals
ok 4 - Equals
ok 5 - Equals
ok 6 - Equals
ok 7 - Equals
ok 8 - Equals
ok 9 - Equals
ok 10 - Equals
</system-out>
    <testcase name="Equals (117)" classname="spec_perl_TestNavParent3_t" time="0.000171184539794922" />
    <testcase name="Equals (118)" classname="spec_perl_TestNavParent3_t" time="6.89029693603516e-05" />
    <testcase name="Equals (119)" classname="spec_perl_TestNavParent3_t" time="0.000231027603149414" />
    <testcase name="Equals (120)" classname="spec_perl_TestNavParent3_t" time="7.29560852050781e-05" />
    <testcase name="Equals (121)" classname="spec_perl_TestNavParent3_t" time="0.000143051147460938" />
    <testcase name="Equals (122)" classname="spec_perl_TestNavParent3_t" time="0.000173091888427734" />
    <testcase name="Equals (123)" classname="spec_perl_TestNavParent3_t" time="0.000101804733276367" />
    <testcase name="Equals (124)" classname="spec_perl_TestNavParent3_t" time="0.000141143798828125" />
    <testcase name="Equals (125)" classname="spec_perl_TestNavParent3_t" time="0.000121831893920898" />
    <testcase name="Equals (126)" classname="spec_perl_TestNavParent3_t" time="0.000174045562744141" />
  </testsuite>
  <testsuite name="spec_perl_TestValidShort_t" errors="1" failures="0" skipped="0" tests="0" time="0.0559098720550537">
    <system-out></system-out>
    <testcase name="Test died too soon, even before plan. (126)" classname="spec_perl_TestValidShort_t" time="0.0559098720550537">
      <failure message="The test suite died before a plan was produced. You need to have a plan." type="Plan">No plan</failure>
    </testcase>
  </testsuite>
  <testsuite name="spec_perl_TestImports0_t" errors="0" failures="0" skipped="0" tests="3" time="0.0440750122070312">
    <system-out>1..3
ok 1 - Equals
ok 2 - Equals
ok 3 - Equals
</system-out>
    <testcase name="Equals (127)" classname="spec_perl_TestImports0_t" time="0.000221014022827148" />
    <testcase name="Equals (128)" classname="spec_perl_TestImports0_t" time="7.67707824707031e-05" />
    <testcase name="Equals (129)" classname="spec_perl_TestImports0_t" time="0.00018620491027832" />
  </testsuite>
  <testsuite name="spec_perl_TestSwitchManualEnum_t" errors="0" failures="0" skipped="0" tests="9" time="0.0482242107391357">
    <system-out>1..9
ok 1 - Equals
ok 2 - Equals
ok 3 - Equals
ok 4 - Equals
ok 5 - Equals
ok 6 - Equals
ok 7 - Equals
ok 8 - Equals
ok 9 - Equals
</system-out>
    <testcase name="Equals (130)" classname="spec_perl_TestSwitchManualEnum_t" time="0.000360012054443359" />
    <testcase name="Equals (131)" classname="spec_perl_TestSwitchManualEnum_t" time="0.000105857849121094" />
    <testcase name="Equals (132)" classname="spec_perl_TestSwitchManualEnum_t" time="5.91278076171875e-05" />
    <testcase name="Equals (133)" classname="spec_perl_TestSwitchManualEnum_t" time="0.000168800354003906" />
    <testcase name="Equals (134)" classname="spec_perl_TestSwitchManualEnum_t" time="0.00012516975402832" />
    <testcase name="Equals (135)" classname="spec_perl_TestSwitchManualEnum_t" time="0.000165939331054688" />
    <testcase name="Equals (136)" classname="spec_perl_TestSwitchManualEnum_t" time="0.000130891799926758" />
    <testcase name="Equals (137)" classname="spec_perl_TestSwitchManualEnum_t" time="0.000116109848022461" />
    <testcase name="Equals (138)" classname="spec_perl_TestSwitchManualEnum_t" time="0.000154018402099609" />
  </testsuite>
  <testsuite name="spec_perl_TestValidNotParsedIf_t" errors="1" failures="0" skipped="0" tests="0" time="0.0536730289459229">
    <system-out></system-out>
    <testcase name="Test died too soon, even before plan. (138)" classname="spec_perl_TestValidNotParsedIf_t" time="0.0536730289459229">
      <failure message="The test suite died before a plan was produced. You need to have a plan." type="Plan">No plan</failure>
    </testcase>
  </testsuite>
  <testsuite name="spec_perl_TestExprBits_t" errors="0" failures="0" skipped="0" tests="10" time="0.0475540161132812">
    <system-out>1..10
ok 1 - Equals
ok 2 - Equals
ok 3 - Equals
ok 4 - Equals
ok 5 - Equals
ok 6 - Equals
ok 7 - Equals
ok 8 - Equals
ok 9 - Equals
ok 10 - Equals
</system-out>
    <testcase name="Equals (139)" classname="spec_perl_TestExprBits_t" time="0.000299930572509766" />
    <testcase name="Equals (140)" classname="spec_perl_TestExprBits_t" time="8.29696655273438e-05" />
    <testcase name="Equals (141)" classname="spec_perl_TestExprBits_t" time="9.918212890625e-05" />
    <testcase name="Equals (142)" classname="spec_perl_TestExprBits_t" time="0.000160932540893555" />
    <testcase name="Equals (143)" classname="spec_perl_TestExprBits_t" time="0.000117063522338867" />
    <testcase name="Equals (144)" classname="spec_perl_TestExprBits_t" time="0.000133991241455078" />
    <testcase name="Equals (145)" classname="spec_perl_TestExprBits_t" time="0.00011897087097168" />
    <testcase name="Equals (146)" classname="spec_perl_TestExprBits_t" time="0.000149011611938477" />
    <testcase name="Equals (147)" classname="spec_perl_TestExprBits_t" time="0.000118017196655273" />
    <testcase name="Equals (148)" classname="spec_perl_TestExprBits_t" time="0.000164031982421875" />
  </testsuite>
  <testsuite name="spec_perl_TestIfStruct_t" errors="0" failures="0" skipped="0" tests="7" time="0.0474450588226318">
    <system-out>1..7
ok 1 - Equals
ok 2 - Equals
ok 3 - Equals
ok 4 - Equals
ok 5 - Equals
ok 6 - Equals
ok 7 - Equals
</system-out>
    <testcase name="Equals (149)" classname="spec_perl_TestIfStruct_t" time="0.000380039215087891" />
    <testcase name="Equals (150)" classname="spec_perl_TestIfStruct_t" time="9.20295715332031e-05" />
    <testcase name="Equals (151)" classname="spec_perl_TestIfStruct_t" time="5.79357147216797e-05" />
    <testcase name="Equals (152)" classname="spec_perl_TestIfStruct_t" time="0.00014185905456543" />
    <testcase name="Equals (153)" classname="spec_perl_TestIfStruct_t" time="0.000130176544189453" />
    <testcase name="Equals (154)" classname="spec_perl_TestIfStruct_t" time="0.000138998031616211" />
    <testcase name="Equals (155)" classname="spec_perl_TestIfStruct_t" time="0.000119924545288086" />
  </testsuite>
  <testsuite name="spec_perl_TestNavParentSwitch_t" errors="0" failures="0" skipped="0" tests="3" time="0.0433909893035889">
    <system-out>1..3
ok 1 - Equals
ok 2 - Equals
ok 3 - Equals
</system-out>
    <testcase name="Equals (156)" classname="spec_perl_TestNavParentSwitch_t" time="0.000284910202026367" />
    <testcase name="Equals (157)" classname="spec_perl_TestNavParentSwitch_t" time="8.41617584228516e-05" />
    <testcase name="Equals (158)" classname="spec_perl_TestNavParentSwitch_t" time="0.000121831893920898" />
  </testsuite>
  <testsuite name="spec_perl_TestTypeTernaryOpaque_t" errors="0" failures="0" skipped="0" tests="3" time="0.0568478107452393">
    <system-out>1..3
ok 1 - Equals
ok 2 - Equals
ok 3 - Equals
</system-out>
    <testcase name="Equals (159)" classname="spec_perl_TestTypeTernaryOpaque_t" time="0.000610113143920898" />
    <testcase name="Equals (160)" classname="spec_perl_TestTypeTernaryOpaque_t" time="9.70363616943359e-05" />
    <testcase name="Equals (161)" classname="spec_perl_TestTypeTernaryOpaque_t" time="5.38825988769531e-05" />
  </testsuite>
  <testsuite name="spec_perl_TestZlibWithHeader78_t" errors="0" failures="0" skipped="0" tests="1" time="0.0671961307525635">
    <system-out>1..1
ok 1 - Equals
</system-out>
    <testcase name="Equals (162)" classname="spec_perl_TestZlibWithHeader78_t" time="0.000390052795410156" />
  </testsuite>
  <testsuite name="spec_perl_TestEnumToI_t" errors="0" failures="1" skipped="0" tests="7" time="0.0459461212158203">
    <system-out>1..7
ok 1 - Equals
ok 2 - Equals
ok 3 - Equals
ok 4 - Equals
ok 5 - Equals
ok 6 - Equals
not ok 7 - Equals
</system-out>
    <testcase name="Equals (163)" classname="spec_perl_TestEnumToI_t" time="0.000257015228271484" />
    <testcase name="Equals (164)" classname="spec_perl_TestEnumToI_t" time="7.91549682617188e-05" />
    <testcase name="Equals (165)" classname="spec_perl_TestEnumToI_t" time="0.000139951705932617" />
    <testcase name="Equals (166)" classname="spec_perl_TestEnumToI_t" time="0.0001220703125" />
    <testcase name="Equals (167)" classname="spec_perl_TestEnumToI_t" time="0.000206947326660156" />
    <testcase name="Equals (168)" classname="spec_perl_TestEnumToI_t" time="0.000104904174804688" />
    <testcase name="Equals (169)" classname="spec_perl_TestEnumToI_t" time="0.000210046768188477">
      <failure message="not ok 7 - Equals" type="TAP::Parser::Result::Test"></failure>
    </testcase>
  </testsuite>
  <testsuite name="spec_perl_TestEofExceptionU4_t" errors="0" failures="0" skipped="0" tests="1" time="0.0443739891052246">
    <system-out>1..1
ok 1 - Died
</system-out>
    <testcase name="Died (169)" classname="spec_perl_TestEofExceptionU4_t" time="0.000167131423950195" />
  </testsuite>
  <testsuite name="spec_perl_TestRepeatNStrzDouble_t" errors="0" failures="0" skipped="0" tests="3" time="0.047760009765625">
    <system-out>1..3
ok 1 - Equals
ok 2 - Equals
ok 3 - Equals
</system-out>
    <testcase name="Equals (170)" classname="spec_perl_TestRepeatNStrzDouble_t" time="0.000319004058837891" />
    <testcase name="Equals (171)" classname="spec_perl_TestRepeatNStrzDouble_t" time="8.98838043212891e-05" />
    <testcase name="Equals (172)" classname="spec_perl_TestRepeatNStrzDouble_t" time="7.51018524169922e-05" />
  </testsuite>
  <testsuite name="spec_perl_TestNestedTypes3_t" errors="0" failures="0" skipped="0" tests="5" time="0.0443530082702637">
    <system-out>1..5
ok 1 - Equals
ok 2 - Equals
ok 3 - Equals
ok 4 - Equals
ok 5 - Equals
</system-out>
    <testcase name="Equals (173)" classname="spec_perl_TestNestedTypes3_t" time="0.000261068344116211" />
    <testcase name="Equals (174)" classname="spec_perl_TestNestedTypes3_t" time="8.10623168945312e-05" />
    <testcase name="Equals (175)" classname="spec_perl_TestNestedTypes3_t" time="0.000143051147460938" />
    <testcase name="Equals (176)" classname="spec_perl_TestNestedTypes3_t" time="0.000144004821777344" />
    <testcase name="Equals (177)" classname="spec_perl_TestNestedTypes3_t" time="0.000114917755126953" />
  </testsuite>
  <testsuite name="spec_perl_TestExprIfIntOps_t" errors="0" failures="0" skipped="0" tests="2" time="0.0483050346374512">
    <system-out>1..2
ok 1 - Equals
ok 2 - Equals
</system-out>
    <testcase name="Equals (178)" classname="spec_perl_TestExprIfIntOps_t" time="0.000226974487304688" />
    <testcase name="Equals (179)" classname="spec_perl_TestExprIfIntOps_t" time="7.79628753662109e-05" />
  </testsuite>
  <testsuite name="spec_perl_TestSwitchRepeatExpr_t" errors="0" failures="0" skipped="0" tests="3" time="0.0439720153808594">
    <system-out>1..3
ok 1 - Equals
ok 2 - Equals
ok 3 - Equals
</system-out>
    <testcase name="Equals (180)" classname="spec_perl_TestSwitchRepeatExpr_t" time="0.00053095817565918" />
    <testcase name="Equals (181)" classname="spec_perl_TestSwitchRepeatExpr_t" time="9.41753387451172e-05" />
    <testcase name="Equals (182)" classname="spec_perl_TestSwitchRepeatExpr_t" time="5.48362731933594e-05" />
  </testsuite>
  <testsuite name="spec_perl_TestEnumDeepLiterals_t" errors="0" failures="0" skipped="0" tests="2" time="0.0432751178741455">
    <system-out>1..2
ok 1 - Equals
ok 2 - Equals
</system-out>
    <testcase name="Equals (183)" classname="spec_perl_TestEnumDeepLiterals_t" time="0.000220060348510742" />
    <testcase name="Equals (184)" classname="spec_perl_TestEnumDeepLiterals_t" time="7.70092010498047e-05" />
  </testsuite>
  <testsuite name="spec_perl_TestRepeatUntilComplex_t" errors="0" failures="0" skipped="0" tests="17" time="0.0463039875030518">
    <system-out>1..17
ok 1 - Equals
ok 2 - Equals
ok 3 - Equals
ok 4 - Equals
ok 5 - Equals
ok 6 - Equals
ok 7 - Equals
ok 8 - Equals
ok 9 - Equals
ok 10 - Equals
ok 11 - Equals
ok 12 - Equals
ok 13 - Equals
ok 14 - Equals
ok 15 - Equals
ok 16 - Equals
ok 17 - Equals
</system-out>
    <testcase name="Equals (185)" classname="spec_perl_TestRepeatUntilComplex_t" time="0.000339031219482422" />
    <testcase name="Equals (186)" classname="spec_perl_TestRepeatUntilComplex_t" time="8.98838043212891e-05" />
    <testcase name="Equals (187)" classname="spec_perl_TestRepeatUntilComplex_t" time="0.000118017196655273" />
    <testcase name="Equals (188)" classname="spec_perl_TestRepeatUntilComplex_t" time="0.000144004821777344" />
    <testcase name="Equals (189)" classname="spec_perl_TestRepeatUntilComplex_t" time="0.000137090682983398" />
    <testcase name="Equals (190)" classname="spec_perl_TestRepeatUntilComplex_t" time="0.000126838684082031" />
    <testcase name="Equals (191)" classname="spec_perl_TestRepeatUntilComplex_t" time="8.41617584228516e-05" />
    <testcase name="Equals (192)" classname="spec_perl_TestRepeatUntilComplex_t" time="0.000157833099365234" />
    <testcase name="Equals (193)" classname="spec_perl_TestRepeatUntilComplex_t" time="0.000110149383544922" />
    <testcase name="Equals (194)" classname="spec_perl_TestRepeatUntilComplex_t" time="0.000154018402099609" />
    <testcase name="Equals (195)" classname="spec_perl_TestRepeatUntilComplex_t" time="0.000121831893920898" />
    <testcase name="Equals (196)" classname="spec_perl_TestRepeatUntilComplex_t" time="0.000121116638183594" />
    <testcase name="Equals (197)" classname="spec_perl_TestRepeatUntilComplex_t" time="0.000149965286254883" />
    <testcase name="Equals (198)" classname="spec_perl_TestRepeatUntilComplex_t" time="0.000121116638183594" />
    <testcase name="Equals (199)" classname="spec_perl_TestRepeatUntilComplex_t" time="0.000126838684082031" />
    <testcase name="Equals (200)" classname="spec_perl_TestRepeatUntilComplex_t" time="9.01222229003906e-05" />
    <testcase name="Equals (201)" classname="spec_perl_TestRepeatUntilComplex_t" time="0.000143051147460938" />
  </testsuite>
  <testsuite name="spec_perl_TestExpr1_t" errors="0" failures="0" skipped="0" tests="4" time="0.046720027923584">
    <system-out>1..4
ok 1 - Equals
ok 2 - Equals
ok 3 - Equals
ok 4 - Equals
</system-out>
    <testcase name="Equals (202)" classname="spec_perl_TestExpr1_t" time="0.000288009643554688" />
    <testcase name="Equals (203)" classname="spec_perl_TestExpr1_t" time="7.89165496826172e-05" />
    <testcase name="Equals (204)" classname="spec_perl_TestExpr1_t" time="0.000113964080810547" />
    <testcase name="Equals (205)" classname="spec_perl_TestExpr1_t" time="0.000139951705932617" />
  </testsuite>
  <testsuite name="spec_perl_TestZlibSurrounded_t" errors="0" failures="0" skipped="0" tests="1" time="0.0677800178527832">
    <system-out>1..1
ok 1 - Equals
</system-out>
    <testcase name="Equals (206)" classname="spec_perl_TestZlibSurrounded_t" time="0.000695943832397461" />
  </testsuite>
  <testsuite name="spec_perl_TestSwitchCast_t" errors="0" failures="0" skipped="0" tests="2" time="0.0464119911193848">
    <system-out>1..2
ok 1 - Equals
ok 2 - Equals
</system-out>
    <testcase name="Equals (207)" classname="spec_perl_TestSwitchCast_t" time="0.000323057174682617" />
    <testcase name="Equals (208)" classname="spec_perl_TestSwitchCast_t" time="8.20159912109375e-05" />
  </testsuite>
  <testsuite name="spec_perl_TestImportsAbsAbs_t" errors="0" failures="0" skipped="0" tests="3" time="0.0436627864837646">
    <system-out>1..3
ok 1 - Equals
ok 2 - Equals
ok 3 - Equals
</system-out>
    <testcase name="Equals (209)" classname="spec_perl_TestImportsAbsAbs_t" time="0.000242948532104492" />
    <testcase name="Equals (210)" classname="spec_perl_TestImportsAbsAbs_t" time="7.48634338378906e-05" />
    <testcase name="Equals (211)" classname="spec_perl_TestImportsAbsAbs_t" time="0.000142097473144531" />
  </testsuite>
  <testsuite name="spec_perl_TestParamsCallExtraParens_t" errors="0" failures="1" skipped="0" tests="1" time="0.048058032989502">
    <system-out>1..1
not ok 1 - Equals
</system-out>
    <testcase name="Equals (212)" classname="spec_perl_TestParamsCallExtraParens_t" time="0.00331377983093262">
      <failure message="not ok 1 - Equals" type="TAP::Parser::Result::Test"></failure>
    </testcase>
  </testsuite>
  <testsuite name="spec_perl_TestEnumNegative_t" errors="0" failures="0" skipped="0" tests="2" time="0.0432910919189453">
    <system-out>1..2
ok 1 - Equals
ok 2 - Equals
</system-out>
    <testcase name="Equals (213)" classname="spec_perl_TestEnumNegative_t" time="0.000169038772583008" />
    <testcase name="Equals (214)" classname="spec_perl_TestEnumNegative_t" time="0.000120162963867188" />
  </testsuite>
  <testsuite name="spec_perl_TestPositionToEnd_t" errors="0" failures="0" skipped="0" tests="2" time="0.0438241958618164">
    <system-out>1..2
ok 1 - Equals
ok 2 - Equals
</system-out>
    <testcase name="Equals (215)" classname="spec_perl_TestPositionToEnd_t" time="0.000247955322265625" />
    <testcase name="Equals (216)" classname="spec_perl_TestPositionToEnd_t" time="8.0108642578125e-05" />
  </testsuite>
  <testsuite name="spec_perl_TestExprSizeofValueSized_t" errors="0" failures="0" skipped="0" tests="5" time="0.0439300537109375">
    <system-out>1..5
ok 1 - Equals
ok 2 - Equals
ok 3 - Equals
ok 4 - Equals
ok 5 - Equals
</system-out>
    <testcase name="Equals (217)" classname="spec_perl_TestExprSizeofValueSized_t" time="0.000506877899169922" />
    <testcase name="Equals (218)" classname="spec_perl_TestExprSizeofValueSized_t" time="9.51290130615234e-05" />
    <testcase name="Equals (219)" classname="spec_perl_TestExprSizeofValueSized_t" time="5.69820404052734e-05" />
    <testcase name="Equals (220)" classname="spec_perl_TestExprSizeofValueSized_t" time="0.000138998031616211" />
    <testcase name="Equals (221)" classname="spec_perl_TestExprSizeofValueSized_t" time="0.000121831893920898" />
  </testsuite>
  <testsuite name="spec_perl_TestParamsPassArrayUsertype_t" errors="0" failures="1" skipped="4" tests="5" time="0.0478119850158691">
    <system-out>1..5
not ok 1 - test_params_pass_array_usertype died (Can't use an undefined value as an ARRAY reference at compiled/perl/ParamsPassArrayUsertype.pm line 123.)
ok 2 # skip test_params_pass_array_usertype died
ok 3 # skip test_params_pass_array_usertype died
ok 4 # skip test_params_pass_array_usertype died
ok 5 # skip test_params_pass_array_usertype died
</system-out>
    <testcase name="test_params_pass_array_usertype died (Can't use an undefined value as an ARRAY reference at compiled/perl/ParamsPassArrayUsertype.pm line 123.) (221)" classname="spec_perl_TestParamsPassArrayUsertype_t" time="0.000314950942993164">
      <failure message="not ok 1 - test_params_pass_array_usertype died (Can't use an undefined value as an ARRAY reference at compiled/perl/ParamsPassArrayUsertype.pm line 123.)" type="TAP::Parser::Result::Test"></failure>
    </testcase>
    <testcase name="Unnamed test case 221" classname="spec_perl_TestParamsPassArrayUsertype_t" time="0.000435113906860352">
      <skipped message="ok 2 # skip test_params_pass_array_usertype died" />
    </testcase>
    <testcase name="Unnamed test case 222" classname="spec_perl_TestParamsPassArrayUsertype_t" time="0.000297069549560547">
      <skipped message="ok 3 # skip test_params_pass_array_usertype died" />
    </testcase>
    <testcase name="Unnamed test case 223" classname="spec_perl_TestParamsPassArrayUsertype_t" time="0.000243902206420898">
      <skipped message="ok 4 # skip test_params_pass_array_usertype died" />
    </testcase>
    <testcase name="Unnamed test case 224" classname="spec_perl_TestParamsPassArrayUsertype_t" time="0.000245094299316406">
      <skipped message="ok 5 # skip test_params_pass_array_usertype died" />
    </testcase>
  </testsuite>
  <testsuite name="spec_perl_TestIntegersMinMax_t" errors="0" failures="0" skipped="0" tests="28" time="0.0469131469726562">
    <system-out>1..28
ok 1 - Equals
ok 2 - Equals
ok 3 - Equals
ok 4 - Equals
ok 5 - Equals
ok 6 - Equals
ok 7 - Equals
ok 8 - Equals
ok 9 - Equals
ok 10 - Equals
ok 11 - Equals
ok 12 - Equals
ok 13 - Equals
ok 14 - Equals
ok 15 - Equals
ok 16 - Equals
ok 17 - Equals
ok 18 - Equals
ok 19 - Equals
ok 20 - Equals
ok 21 - Equals
ok 22 - Equals
ok 23 - Equals
ok 24 - Equals
ok 25 - Equals
ok 26 - Equals
ok 27 - Equals
ok 28 - Equals
</system-out>
    <testcase name="Equals (224)" classname="spec_perl_TestIntegersMinMax_t" time="0.000310182571411133" />
    <testcase name="Equals (225)" classname="spec_perl_TestIntegersMinMax_t" time="8.392333984375e-05" />
    <testcase name="Equals (226)" classname="spec_perl_TestIntegersMinMax_t" time="5.79357147216797e-05" />
    <testcase name="Equals (227)" classname="spec_perl_TestIntegersMinMax_t" time="0.000143051147460938" />
    <testcase name="Equals (228)" classname="spec_perl_TestIntegersMinMax_t" time="0.000127077102661133" />
    <testcase name="Equals (229)" classname="spec_perl_TestIntegersMinMax_t" time="0.000143051147460938" />
    <testcase name="Equals (230)" classname="spec_perl_TestIntegersMinMax_t" time="0.000122785568237305" />
    <testcase name="Equals (231)" classname="spec_perl_TestIntegersMinMax_t" time="0.000150203704833984" />
    <testcase name="Equals (232)" classname="spec_perl_TestIntegersMinMax_t" time="0.000121831893920898" />
    <testcase name="Equals (233)" classname="spec_perl_TestIntegersMinMax_t" time="0.0001220703125" />
    <testcase name="Equals (234)" classname="spec_perl_TestIntegersMinMax_t" time="0.000129938125610352" />
    <testcase name="Equals (235)" classname="spec_perl_TestIntegersMinMax_t" time="0.000115156173706055" />
    <testcase name="Equals (236)" classname="spec_perl_TestIntegersMinMax_t" time="0.000144004821777344" />
    <testcase name="Equals (237)" classname="spec_perl_TestIntegersMinMax_t" time="0.000144004821777344" />
    <testcase name="Equals (238)" classname="spec_perl_TestIntegersMinMax_t" time="0.000114917755126953" />
    <testcase name="Equals (239)" classname="spec_perl_TestIntegersMinMax_t" time="0.000139951705932617" />
    <testcase name="Equals (240)" classname="spec_perl_TestIntegersMinMax_t" time="0.000117063522338867" />
    <testcase name="Equals (241)" classname="spec_perl_TestIntegersMinMax_t" time="0.000138044357299805" />
    <testcase name="Equals (242)" classname="spec_perl_TestIntegersMinMax_t" time="0.000123023986816406" />
    <testcase name="Equals (243)" classname="spec_perl_TestIntegersMinMax_t" time="0.000120878219604492" />
    <testcase name="Equals (244)" classname="spec_perl_TestIntegersMinMax_t" time="0.000169992446899414" />
    <testcase name="Equals (245)" classname="spec_perl_TestIntegersMinMax_t" time="0.000102043151855469" />
    <testcase name="Equals (246)" classname="spec_perl_TestIntegersMinMax_t" time="0.000143051147460938" />
    <testcase name="Equals (247)" classname="spec_perl_TestIntegersMinMax_t" time="0.000116825103759766" />
    <testcase name="Equals (248)" classname="spec_perl_TestIntegersMinMax_t" time="0.000119209289550781" />
    <testcase name="Equals (249)" classname="spec_perl_TestIntegersMinMax_t" time="0.000139951705932617" />
    <testcase name="Equals (250)" classname="spec_perl_TestIntegersMinMax_t" time="0.000138044357299805" />
    <testcase name="Equals (251)" classname="spec_perl_TestIntegersMinMax_t" time="0.000125885009765625" />
  </testsuite>
  <testsuite name="spec_perl_TestProcessXor4Value_t" errors="0" failures="0" skipped="0" tests="2" time="0.043720006942749">
    <system-out>1..2
ok 1 - Equals
ok 2 - Equals
</system-out>
    <testcase name="Equals (252)" classname="spec_perl_TestProcessXor4Value_t" time="0.000241994857788086" />
    <testcase name="Equals (253)" classname="spec_perl_TestProcessXor4Value_t" time="7.79628753662109e-05" />
  </testsuite>
  <testsuite name="spec_perl_TestMetaXref_t" errors="0" failures="0" skipped="1" tests="1" time="0.0436649322509766">
    <system-out>1..1
ok 1 # skip MetaXref=HASH(0x2590828)
</system-out>
    <testcase name="Unnamed test case 253" classname="spec_perl_TestMetaXref_t" time="0.00123906135559082">
      <skipped message="ok 1 # skip MetaXref=HASH(0x2590828)" />
    </testcase>
  </testsuite>
  <testsuite name="spec_perl_TestUserType_t" errors="0" failures="0" skipped="0" tests="2" time="0.0439770221710205">
    <system-out>1..2
ok 1 - Equals
ok 2 - Equals
</system-out>
    <testcase name="Equals (254)" classname="spec_perl_TestUserType_t" time="0.000236034393310547" />
    <testcase name="Equals (255)" classname="spec_perl_TestUserType_t" time="7.58171081542969e-05" />
  </testsuite>
  <testsuite name="spec_perl_TestRepeatEosBit_t" errors="0" failures="0" skipped="0" tests="1" time="0.0433449745178223">
    <system-out>1..1
ok 1 - Equals
</system-out>
    <testcase name="Equals (256)" classname="spec_perl_TestRepeatEosBit_t" time="0.000332117080688477" />
  </testsuite>
  <testsuite name="spec_perl_TestEnumIntRangeS_t" errors="0" failures="0" skipped="0" tests="3" time="0.0451891422271729">
    <system-out>1..3
ok 1 - Equals
ok 2 - Equals
ok 3 - Equals
</system-out>
    <testcase name="Equals (257)" classname="spec_perl_TestEnumIntRangeS_t" time="0.000230073928833008" />
    <testcase name="Equals (258)" classname="spec_perl_TestEnumIntRangeS_t" time="7.51018524169922e-05" />
    <testcase name="Equals (259)" classname="spec_perl_TestEnumIntRangeS_t" time="0.000186920166015625" />
  </testsuite>
  <testsuite name="spec_perl_TestProcessCoerceUsertype1_t" errors="0" failures="0" skipped="0" tests="4" time="0.0440688133239746">
    <system-out>1..4
ok 1 - Equals
ok 2 - Equals
ok 3 - Equals
ok 4 - Equals
</system-out>
    <testcase name="Equals (260)" classname="spec_perl_TestProcessCoerceUsertype1_t" time="0.00056910514831543" />
    <testcase name="Equals (261)" classname="spec_perl_TestProcessCoerceUsertype1_t" time="0.000140905380249023" />
    <testcase name="Equals (262)" classname="spec_perl_TestProcessCoerceUsertype1_t" time="5.41210174560547e-05" />
    <testcase name="Equals (263)" classname="spec_perl_TestProcessCoerceUsertype1_t" time="0.000125885009765625" />
  </testsuite>
  <testsuite name="spec_perl_TestEnumImport_t" errors="0" failures="2" skipped="0" tests="2" time="0.046036958694458">
    <system-out>1..2
not ok 1 - Equals
not ok 2 - Equals
</system-out>
    <testcase name="Equals (264)" classname="spec_perl_TestEnumImport_t" time="0.000208139419555664">
      <failure message="not ok 1 - Equals" type="TAP::Parser::Result::Test"></failure>
    </testcase>
    <testcase name="Equals (265)" classname="spec_perl_TestEnumImport_t" time="6.4849853515625e-05">
      <failure message="not ok 2 - Equals" type="TAP::Parser::Result::Test"></failure>
    </testcase>
  </testsuite>
  <testsuite name="spec_perl_TestRepeatEosStruct_t" errors="0" failures="0" skipped="0" tests="5" time="0.0438878536224365">
    <system-out>1..5
ok 1 - Equals
ok 2 - Equals
ok 3 - Equals
ok 4 - Equals
ok 5 - Equals
</system-out>
    <testcase name="Equals (266)" classname="spec_perl_TestRepeatEosStruct_t" time="0.000272035598754883" />
    <testcase name="Equals (267)" classname="spec_perl_TestRepeatEosStruct_t" time="0.000101804733276367" />
    <testcase name="Equals (268)" classname="spec_perl_TestRepeatEosStruct_t" time="8.79764556884766e-05" />
    <testcase name="Equals (269)" classname="spec_perl_TestRepeatEosStruct_t" time="0.000152111053466797" />
    <testcase name="Equals (270)" classname="spec_perl_TestRepeatEosStruct_t" time="0.000117063522338867" />
  </testsuite>
  <testsuite name="spec_perl_TestNavParentVsValueInst_t" errors="0" failures="0" skipped="0" tests="1" time="0.0461719036102295">
    <system-out>1..1
ok 1 - Equals
</system-out>
    <testcase name="Equals (271)" classname="spec_perl_TestNavParentVsValueInst_t" time="0.00030207633972168" />
  </testsuite>
  <testsuite name="spec_perl_TestExprArray_t" errors="0" failures="1" skipped="0" tests="15" time="0.0526177883148193">
    <system-out>1..15
ok 1 - Equals
ok 2 - Equals
ok 3 - Equals
ok 4 - Equals
ok 5 - Equals
ok 6 - Equals
ok 7 - Equals
ok 8 - Equals
not ok 9 - Equals
ok 10 - Equals
ok 11 - Equals
ok 12 - Equals
ok 13 - Equals
ok 14 - Equals
ok 15 - Equals
</system-out>
    <testcase name="Equals (272)" classname="spec_perl_TestExprArray_t" time="0.000370025634765625" />
    <testcase name="Equals (273)" classname="spec_perl_TestExprArray_t" time="9.10758972167969e-05" />
    <testcase name="Equals (274)" classname="spec_perl_TestExprArray_t" time="5.79357147216797e-05" />
    <testcase name="Equals (275)" classname="spec_perl_TestExprArray_t" time="0.000185012817382812" />
    <testcase name="Equals (276)" classname="spec_perl_TestExprArray_t" time="0.000103950500488281" />
    <testcase name="Equals (277)" classname="spec_perl_TestExprArray_t" time="0.000133037567138672" />
    <testcase name="Equals (278)" classname="spec_perl_TestExprArray_t" time="0.000169992446899414" />
    <testcase name="Equals (279)" classname="spec_perl_TestExprArray_t" time="0.000108957290649414" />
    <testcase name="Equals (280)" classname="spec_perl_TestExprArray_t" time="0.000236034393310547">
      <failure message="not ok 9 - Equals" type="TAP::Parser::Result::Test"></failure>
    </testcase>
    <testcase name="Equals (281)" classname="spec_perl_TestExprArray_t" time="0.00457000732421875" />
    <testcase name="Equals (282)" classname="spec_perl_TestExprArray_t" time="0.000105857849121094" />
    <testcase name="Equals (283)" classname="spec_perl_TestExprArray_t" time="3.60012054443359e-05" />
    <testcase name="Equals (284)" classname="spec_perl_TestExprArray_t" time="2.40802764892578e-05" />
    <testcase name="Equals (285)" classname="spec_perl_TestExprArray_t" time="2.31266021728516e-05" />
    <testcase name="Equals (286)" classname="spec_perl_TestExprArray_t" time="2.09808349609375e-05" />
  </testsuite>
  <testsuite name="spec_perl_TestStrPadTerm_t" errors="0" failures="0" skipped="0" tests="4" time="0.0466670989990234">
    <system-out>1..4
ok 1 - Equals
ok 2 - Equals
ok 3 - Equals
ok 4 - Equals
</system-out>
    <testcase name="Equals (287)" classname="spec_perl_TestStrPadTerm_t" time="0.00032806396484375" />
    <testcase name="Equals (288)" classname="spec_perl_TestStrPadTerm_t" time="8.60691070556641e-05" />
    <testcase name="Equals (289)" classname="spec_perl_TestStrPadTerm_t" time="5.79357147216797e-05" />
    <testcase name="Equals (290)" classname="spec_perl_TestStrPadTerm_t" time="0.000146150588989258" />
  </testsuite>
  <testsuite name="spec_perl_TestProcessRotate_t" errors="0" failures="0" skipped="0" tests="3" time="0.0440189838409424">
    <system-out>1..3
ok 1 - Equals
ok 2 - Equals
ok 3 - Equals
</system-out>
    <testcase name="Equals (291)" classname="spec_perl_TestProcessRotate_t" time="0.000257968902587891" />
    <testcase name="Equals (292)" classname="spec_perl_TestProcessRotate_t" time="8.79764556884766e-05" />
    <testcase name="Equals (293)" classname="spec_perl_TestProcessRotate_t" time="0.000162124633789062" />
  </testsuite>
  <testsuite name="spec_perl_TestNestedSameName2_t" errors="0" failures="0" skipped="0" tests="5" time="0.0440969467163086">
    <system-out>1..5
ok 1 - Equals
ok 2 - Equals
ok 3 - Equals
ok 4 - Equals
ok 5 - Equals
</system-out>
    <testcase name="Equals (294)" classname="spec_perl_TestNestedSameName2_t" time="0.000298023223876953" />
    <testcase name="Equals (295)" classname="spec_perl_TestNestedSameName2_t" time="8.20159912109375e-05" />
    <testcase name="Equals (296)" classname="spec_perl_TestNestedSameName2_t" time="5.69820404052734e-05" />
    <testcase name="Equals (297)" classname="spec_perl_TestNestedSameName2_t" time="0.000133037567138672" />
    <testcase name="Equals (298)" classname="spec_perl_TestNestedSameName2_t" time="0.000128030776977539" />
  </testsuite>
  <testsuite name="spec_perl_TestSwitchManualIntSize_t" errors="0" failures="1" skipped="0" tests="10" time="0.052483081817627">
    <system-out>1..10
ok 1 - Equals
ok 2 - Equals
ok 3 - Equals
ok 4 - Equals
ok 5 - Equals
not ok 6 - test switch manual int size
ok 7 - Equals
ok 8 - Equals
ok 9 - Equals
ok 10 - Equals
</system-out>
    <testcase name="Equals (299)" classname="spec_perl_TestSwitchManualIntSize_t" time="0.00067901611328125" />
    <testcase name="Equals (300)" classname="spec_perl_TestSwitchManualIntSize_t" time="0.000102043151855469" />
    <testcase name="Equals (301)" classname="spec_perl_TestSwitchManualIntSize_t" time="5.79357147216797e-05" />
    <testcase name="Equals (302)" classname="spec_perl_TestSwitchManualIntSize_t" time="0.000107049942016602" />
    <testcase name="Equals (303)" classname="spec_perl_TestSwitchManualIntSize_t" time="0.000138044357299805" />
    <testcase name="test switch manual int size (303)" classname="spec_perl_TestSwitchManualIntSize_t" time="0.00226998329162598">
      <failure message="not ok 6 - test switch manual int size" type="TAP::Parser::Result::Test"></failure>
    </testcase>
    <testcase name="Equals (304)" classname="spec_perl_TestSwitchManualIntSize_t" time="7.39097595214844e-05" />
    <testcase name="Equals (305)" classname="spec_perl_TestSwitchManualIntSize_t" time="4.41074371337891e-05" />
    <testcase name="Equals (306)" classname="spec_perl_TestSwitchManualIntSize_t" time="3.60012054443359e-05" />
    <testcase name="Equals (307)" classname="spec_perl_TestSwitchManualIntSize_t" time="3.79085540771484e-05" />
  </testsuite>
  <testsuite name="spec_perl_TestNonStandard_t" errors="0" failures="0" skipped="0" tests="1" time="0.0433008670806885">
    <system-out>1..1
ok 1 - Equals
</system-out>
    <testcase name="Equals (308)" classname="spec_perl_TestNonStandard_t" time="0.000236988067626953" />
  </testsuite>
  <testsuite name="spec_perl_TestFloatingPoints_t" errors="0" failures="0" skipped="0" tests="8" time="0.0483601093292236">
    <system-out>1..8
ok 1 - Approx equals
ok 2 - Approx equals
ok 3 - Approx equals
ok 4 - Approx equals
ok 5 - Approx equals
ok 6 - Approx equals
ok 7 - Approx equals
ok 8 - Approx equals
</system-out>
    <testcase name="Approx equals (308)" classname="spec_perl_TestFloatingPoints_t" time="0.000169038772583008" />
    <testcase name="Approx equals (309)" classname="spec_perl_TestFloatingPoints_t" time="5.38825988769531e-05" />
    <testcase name="Approx equals (310)" classname="spec_perl_TestFloatingPoints_t" time="4.50611114501953e-05" />
    <testcase name="Approx equals (311)" classname="spec_perl_TestFloatingPoints_t" time="5.79357147216797e-05" />
    <testcase name="Approx equals (312)" classname="spec_perl_TestFloatingPoints_t" time="4.1961669921875e-05" />
    <testcase name="Approx equals (313)" classname="spec_perl_TestFloatingPoints_t" time="4.00543212890625e-05" />
    <testcase name="Approx equals (314)" classname="spec_perl_TestFloatingPoints_t" time="3.91006469726562e-05" />
    <testcase name="Approx equals (315)" classname="spec_perl_TestFloatingPoints_t" time="3.60012054443359e-05" />
  </testsuite>
  <testsuite name="spec_perl_TestExprIoPos_t" errors="0" failures="0" skipped="0" tests="6" time="0.0474510192871094">
    <system-out>1..6
ok 1 - Equals
ok 2 - Equals
ok 3 - Equals
ok 4 - Equals
ok 5 - Equals
ok 6 - Equals
</system-out>
    <testcase name="Equals (315)" classname="spec_perl_TestExprIoPos_t" time="0.000633955001831055" />
    <testcase name="Equals (316)" classname="spec_perl_TestExprIoPos_t" time="0.000102043151855469" />
    <testcase name="Equals (317)" classname="spec_perl_TestExprIoPos_t" time="5.60283660888672e-05" />
    <testcase name="Equals (318)" classname="spec_perl_TestExprIoPos_t" time="0.000108003616333008" />
    <testcase name="Equals (319)" classname="spec_perl_TestExprIoPos_t" time="0.000127077102661133" />
    <testcase name="Equals (320)" classname="spec_perl_TestExprIoPos_t" time="0.000131845474243164" />
  </testsuite>
  <testsuite name="spec_perl_TestStrEncodings_t" errors="0" failures="0" skipped="0" tests="4" time="0.0730619430541992">
    <system-out>1..4
ok 1 - Equals
ok 2 - Equals
ok 3 - Equals
ok 4 - Equals
</system-out>
    <testcase name="Equals (321)" classname="spec_perl_TestStrEncodings_t" time="0.0261380672454834" />
    <testcase name="Equals (322)" classname="spec_perl_TestStrEncodings_t" time="0.000178098678588867" />
    <testcase name="Equals (323)" classname="spec_perl_TestStrEncodings_t" time="6.07967376708984e-05" />
    <testcase name="Equals (324)" classname="spec_perl_TestStrEncodings_t" time="0.000111103057861328" />
  </testsuite>
  <testsuite name="spec_perl_TestImportsAbsRel_t" errors="0" failures="0" skipped="0" tests="3" time="0.0435390472412109">
    <system-out>1..3
ok 1 - Equals
ok 2 - Equals
ok 3 - Equals
</system-out>
    <testcase name="Equals (325)" classname="spec_perl_TestImportsAbsRel_t" time="0.000173091888427734" />
    <testcase name="Equals (326)" classname="spec_perl_TestImportsAbsRel_t" time="6.79492950439453e-05" />
    <testcase name="Equals (327)" classname="spec_perl_TestImportsAbsRel_t" time="0.00015711784362793" />
  </testsuite>
  <testsuite name="spec_perl_TestRepeatUntilSized_t" errors="0" failures="0" skipped="0" tests="7" time="0.0441749095916748">
    <system-out>1..7
ok 1 - Equals
ok 2 - Equals
ok 3 - Equals
ok 4 - Equals
ok 5 - Equals
ok 6 - Equals
ok 7 - Equals
</system-out>
    <testcase name="Equals (328)" classname="spec_perl_TestRepeatUntilSized_t" time="0.000554084777832031" />
    <testcase name="Equals (329)" classname="spec_perl_TestRepeatUntilSized_t" time="0.000129938125610352" />
    <testcase name="Equals (330)" classname="spec_perl_TestRepeatUntilSized_t" time="6.69956207275391e-05" />
    <testcase name="Equals (331)" classname="spec_perl_TestRepeatUntilSized_t" time="5.50746917724609e-05" />
    <testcase name="Equals (332)" classname="spec_perl_TestRepeatUntilSized_t" time="0.000169992446899414" />
    <testcase name="Equals (333)" classname="spec_perl_TestRepeatUntilSized_t" time="0.000115871429443359" />
    <testcase name="Equals (334)" classname="spec_perl_TestRepeatUntilSized_t" time="0.000128030776977539" />
  </testsuite>
  <testsuite name="spec_perl_TestExprStrOps_t" errors="1" failures="0" skipped="0" tests="0" time="0.0414471626281738">
    <system-out></system-out>
    <testcase name="Test died too soon, even before plan. (334)" classname="spec_perl_TestExprStrOps_t" time="0.0414471626281738">
      <failure message="The test suite died before a plan was produced. You need to have a plan." type="Plan">No plan</failure>
    </testcase>
  </testsuite>
  <testsuite name="spec_perl_TestExpr0_t" errors="0" failures="0" skipped="0" tests="2" time="0.0434999465942383">
    <system-out>1..2
ok 1 - Equals
ok 2 - Equals
</system-out>
    <testcase name="Equals (335)" classname="spec_perl_TestExpr0_t" time="0.000228166580200195" />
    <testcase name="Equals (336)" classname="spec_perl_TestExpr0_t" time="7.58171081542969e-05" />
  </testsuite>
  <testsuite name="spec_perl_TestRepeatEosU4_t" errors="0" failures="0" skipped="0" tests="1" time="0.0446498394012451">
    <system-out>1..1
ok 1 - Equals
</system-out>
    <testcase name="Equals (337)" classname="spec_perl_TestRepeatEosU4_t" time="0.000259876251220703" />
  </testsuite>
  <testsuite name="spec_perl_TestDebugEnumName_t" errors="1" failures="0" skipped="0" tests="0" time="0.0420441627502441">
    <system-out></system-out>
    <testcase name="Test died too soon, even before plan. (337)" classname="spec_perl_TestDebugEnumName_t" time="0.0420441627502441">
      <failure message="The test suite died before a plan was produced. You need to have a plan." type="Plan">No plan</failure>
    </testcase>
  </testsuite>
  <testsuite name="spec_perl_TestBitsSimple_t" errors="0" failures="0" skipped="0" tests="14" time="0.0447590351104736">
    <system-out>1..14
ok 1 - Equals
ok 2 - Equals
ok 3 - Equals
ok 4 - Equals
ok 5 - Equals
ok 6 - Equals
ok 7 - Equals
ok 8 - Equals
ok 9 - Equals
ok 10 - Equals
ok 11 - Equals
ok 12 - Equals
ok 13 - Equals
ok 14 - Equals
</system-out>
    <testcase name="Equals (338)" classname="spec_perl_TestBitsSimple_t" time="0.000285148620605469" />
    <testcase name="Equals (339)" classname="spec_perl_TestBitsSimple_t" time="8.08238983154297e-05" />
    <testcase name="Equals (340)" classname="spec_perl_TestBitsSimple_t" time="0.000107049942016602" />
    <testcase name="Equals (341)" classname="spec_perl_TestBitsSimple_t" time="0.000144004821777344" />
    <testcase name="Equals (342)" classname="spec_perl_TestBitsSimple_t" time="0.000135898590087891" />
    <testcase name="Equals (343)" classname="spec_perl_TestBitsSimple_t" time="0.000155210494995117" />
    <testcase name="Equals (344)" classname="spec_perl_TestBitsSimple_t" time="0.000113964080810547" />
    <testcase name="Equals (345)" classname="spec_perl_TestBitsSimple_t" time="0.000149965286254883" />
    <testcase name="Equals (346)" classname="spec_perl_TestBitsSimple_t" time="0.000108003616333008" />
    <testcase name="Equals (347)" classname="spec_perl_TestBitsSimple_t" time="0.000151872634887695" />
    <testcase name="Equals (348)" classname="spec_perl_TestBitsSimple_t" time="0.000112056732177734" />
    <testcase name="Equals (349)" classname="spec_perl_TestBitsSimple_t" time="0.000149011611938477" />
    <testcase name="Equals (350)" classname="spec_perl_TestBitsSimple_t" time="0.000112056732177734" />
    <testcase name="Equals (351)" classname="spec_perl_TestBitsSimple_t" time="0.000144004821777344" />
  </testsuite>
  <testsuite name="spec_perl_TestSwitchManualEnumInvalid_t" errors="0" failures="0" skipped="0" tests="5" time="0.0472800731658936">
    <system-out>1..5
ok 1 - Equals
ok 2 - Equals
ok 3 - nil
ok 4 - Equals
ok 5 - nil
</system-out>
    <testcase name="Equals (352)" classname="spec_perl_TestSwitchManualEnumInvalid_t" time="0.000268936157226562" />
    <testcase name="Equals (353)" classname="spec_perl_TestSwitchManualEnumInvalid_t" time="8.10623168945312e-05" />
    <testcase name="nil (353)" classname="spec_perl_TestSwitchManualEnumInvalid_t" time="7.79628753662109e-05" />
    <testcase name="Equals (354)" classname="spec_perl_TestSwitchManualEnumInvalid_t" time="0.000108957290649414" />
    <testcase name="nil (354)" classname="spec_perl_TestSwitchManualEnumInvalid_t" time="5.79357147216797e-05" />
  </testsuite>
  <testsuite name="spec_perl_TestMetaTags_t" errors="0" failures="0" skipped="1" tests="1" time="0.0440530776977539">
    <system-out>1..1
ok 1 # skip MetaTags=HASH(0x838b58)
</system-out>
    <testcase name="Unnamed test case 354" classname="spec_perl_TestMetaTags_t" time="0.00124788284301758">
      <skipped message="ok 1 # skip MetaTags=HASH(0x838b58)" />
    </testcase>
  </testsuite>
  <testsuite name="spec_perl_TestCombineBool_t" errors="0" failures="0" skipped="0" tests="2" time="0.0426878929138184">
    <system-out>1..2
ok 1 - Equals
ok 2 - Equals
</system-out>
    <testcase name="Equals (355)" classname="spec_perl_TestCombineBool_t" time="0.000218868255615234" />
    <testcase name="Equals (356)" classname="spec_perl_TestCombineBool_t" time="9.32216644287109e-05" />
  </testsuite>
  <testsuite name="spec_perl_TestParamsPassUsertype_t" errors="0" failures="1" skipped="1" tests="2" time="0.0462329387664795">
    <system-out>1..2
not ok 1 - test_params_pass_usertype died (Can't call method &quot;foo&quot; on an undefined value at compiled/perl/ParamsPassUsertype.pm line 119.)
ok 2 # skip test_params_pass_usertype died
</system-out>
    <testcase name="test_params_pass_usertype died (Can't call method &quot;foo&quot; on an undefined value at compiled/perl/ParamsPassUsertype.pm line 119.) (356)" classname="spec_perl_TestParamsPassUsertype_t" time="0.000323057174682617">
      <failure message="not ok 1 - test_params_pass_usertype died (Can't call method &quot;foo&quot; on an undefined value at compiled/perl/ParamsPassUsertype.pm line 119.)" type="TAP::Parser::Result::Test"></failure>
    </testcase>
    <testcase name="Unnamed test case 356" classname="spec_perl_TestParamsPassUsertype_t" time="0.00146603584289551">
      <skipped message="ok 2 # skip test_params_pass_usertype died" />
    </testcase>
  </testsuite>
  <testsuite name="spec_perl_TestSwitchRepeatExprInvalid_t" errors="0" failures="0" skipped="0" tests="3" time="0.0435419082641602">
    <system-out>1..3
ok 1 - Equals
ok 2 - Equals
ok 3 - Equals
</system-out>
    <testcase name="Equals (357)" classname="spec_perl_TestSwitchRepeatExprInvalid_t" time="0.00027012825012207" />
    <testcase name="Equals (358)" classname="spec_perl_TestSwitchRepeatExprInvalid_t" time="8.60691070556641e-05" />
    <testcase name="Equals (359)" classname="spec_perl_TestSwitchRepeatExprInvalid_t" time="9.29832458496094e-05" />
  </testsuite>
  <testsuite name="spec_perl_TestNavParentFalse_t" errors="0" failures="0" skipped="0" tests="5" time="0.0435390472412109">
    <system-out>1..5
ok 1 - Equals
ok 2 - Equals
ok 3 - Equals
ok 4 - Equals
ok 5 - Equals
</system-out>
    <testcase name="Equals (360)" classname="spec_perl_TestNavParentFalse_t" time="0.000262975692749023" />
    <testcase name="Equals (361)" classname="spec_perl_TestNavParentFalse_t" time="8.29696655273438e-05" />
    <testcase name="Equals (362)" classname="spec_perl_TestNavParentFalse_t" time="8.392333984375e-05" />
    <testcase name="Equals (363)" classname="spec_perl_TestNavParentFalse_t" time="0.000161170959472656" />
    <testcase name="Equals (364)" classname="spec_perl_TestNavParentFalse_t" time="0.000127792358398438" />
  </testsuite>
  <testsuite name="spec_perl_TestParamsPassStruct_t" errors="0" failures="1" skipped="1" tests="4" time="0.0495541095733643">
    <system-out>1..4
ok 1 - Equals
ok 2 - Equals
not ok 3 - test_params_pass_struct died (Can't call method &quot;foo&quot; on an undefined value at spec/perl/TestParamsPassStruct.t line 17.)
ok 4 # skip test_params_pass_struct died
</system-out>
    <testcase name="Equals (365)" classname="spec_perl_TestParamsPassStruct_t" time="0.000227212905883789" />
    <testcase name="Equals (366)" classname="spec_perl_TestParamsPassStruct_t" time="7.89165496826172e-05" />
    <testcase name="test_params_pass_struct died (Can't call method &quot;foo&quot; on an undefined value at spec/perl/TestParamsPassStruct.t line 17.) (366)" classname="spec_perl_TestParamsPassStruct_t" time="0.000257015228271484">
      <failure message="not ok 3 - test_params_pass_struct died (Can't call method &quot;foo&quot; on an undefined value at spec/perl/TestParamsPassStruct.t line 17.)" type="TAP::Parser::Result::Test"></failure>
    </testcase>
    <testcase name="Unnamed test case 366" classname="spec_perl_TestParamsPassStruct_t" time="0.00182890892028809">
      <skipped message="ok 4 # skip test_params_pass_struct died" />
    </testcase>
  </testsuite>
  <testsuite name="spec_perl_TestPositionInSeq_t" errors="0" failures="0" skipped="0" tests="1" time="0.0433690547943115">
    <system-out>1..1
ok 1 - Equals
</system-out>
    <testcase name="Equals (367)" classname="spec_perl_TestPositionInSeq_t" time="0.000260829925537109" />
  </testsuite>
  <testsuite name="spec_perl_TestExprBytesOps_t" errors="1" failures="0" skipped="0" tests="0" time="0.0461361408233643">
    <system-out></system-out>
    <testcase name="Test died too soon, even before plan. (367)" classname="spec_perl_TestExprBytesOps_t" time="0.0461361408233643">
      <failure message="The test suite died before a plan was produced. You need to have a plan." type="Plan">No plan</failure>
    </testcase>
  </testsuite>
  <testsuite name="spec_perl_TestValidSwitch_t" errors="1" failures="0" skipped="0" tests="0" time="0.0478630065917969">
    <system-out></system-out>
    <testcase name="Test died too soon, even before plan. (368)" classname="spec_perl_TestValidSwitch_t" time="0.0478630065917969">
      <failure message="The test suite died before a plan was produced. You need to have a plan." type="Plan">No plan</failure>
    </testcase>
  </testsuite>
  <testsuite name="spec_perl_TestOpaqueExternalType_t" errors="0" failures="0" skipped="0" tests="3" time="0.0475800037384033">
    <system-out>1..3
ok 1 - Equals
ok 2 - Equals
ok 3 - Equals
</system-out>
    <testcase name="Equals (368)" classname="spec_perl_TestOpaqueExternalType_t" time="0.000349998474121094" />
    <testcase name="Equals (369)" classname="spec_perl_TestOpaqueExternalType_t" time="9.10758972167969e-05" />
    <testcase name="Equals (370)" classname="spec_perl_TestOpaqueExternalType_t" time="5.79357147216797e-05" />
  </testsuite>
  <testsuite name="spec_perl_TestRepeatUntilCalcArrayType_t" errors="0" failures="0" skipped="0" tests="7" time="0.0448369979858398">
    <system-out>1..7
ok 1 - Equals
ok 2 - Equals
ok 3 - Equals
ok 4 - Equals
ok 5 - Equals
ok 6 - Equals
ok 7 - Equals
</system-out>
    <testcase name="Equals (371)" classname="spec_perl_TestRepeatUntilCalcArrayType_t" time="0.000332832336425781" />
    <testcase name="Equals (372)" classname="spec_perl_TestRepeatUntilCalcArrayType_t" time="8.29696655273438e-05" />
    <testcase name="Equals (373)" classname="spec_perl_TestRepeatUntilCalcArrayType_t" time="5.81741333007812e-05" />
    <testcase name="Equals (374)" classname="spec_perl_TestRepeatUntilCalcArrayType_t" time="0.00017094612121582" />
    <testcase name="Equals (375)" classname="spec_perl_TestRepeatUntilCalcArrayType_t" time="9.60826873779297e-05" />
    <testcase name="Equals (376)" classname="spec_perl_TestRepeatUntilCalcArrayType_t" time="0.000145912170410156" />
    <testcase name="Equals (377)" classname="spec_perl_TestRepeatUntilCalcArrayType_t" time="0.000112056732177734" />
  </testsuite>
  <testsuite name="spec_perl_TestNavParent_t" errors="0" failures="0" skipped="0" tests="5" time="0.0467839241027832">
    <system-out>1..5
ok 1 - Equals
ok 2 - Equals
ok 3 - Equals
ok 4 - Equals
ok 5 - Equals
</system-out>
    <testcase name="Equals (378)" classname="spec_perl_TestNavParent_t" time="0.000342130661010742" />
    <testcase name="Equals (379)" classname="spec_perl_TestNavParent_t" time="8.29696655273438e-05" />
    <testcase name="Equals (380)" classname="spec_perl_TestNavParent_t" time="0.000128984451293945" />
    <testcase name="Equals (381)" classname="spec_perl_TestNavParent_t" time="0.000129938125610352" />
    <testcase name="Equals (382)" classname="spec_perl_TestNavParent_t" time="0.000137090682983398" />
  </testsuite>
  <testsuite name="spec_perl_TestExprSizeofValue0_t" errors="0" failures="0" skipped="0" tests="5" time="0.0438258647918701">
    <system-out>1..5
ok 1 - Equals
ok 2 - Equals
ok 3 - Equals
ok 4 - Equals
ok 5 - Equals
</system-out>
    <testcase name="Equals (383)" classname="spec_perl_TestExprSizeofValue0_t" time="0.000243902206420898" />
    <testcase name="Equals (384)" classname="spec_perl_TestExprSizeofValue0_t" time="8.20159912109375e-05" />
    <testcase name="Equals (385)" classname="spec_perl_TestExprSizeofValue0_t" time="0.000119924545288086" />
    <testcase name="Equals (386)" classname="spec_perl_TestExprSizeofValue0_t" time="0.00016021728515625" />
    <testcase name="Equals (387)" classname="spec_perl_TestExprSizeofValue0_t" time="0.000120878219604492" />
  </testsuite>
  <testsuite name="spec_perl_TestOpaqueExternalType02Parent_t" errors="0" failures="0" skipped="0" tests="3" time="0.047173023223877">
    <system-out>1..3
ok 1 - Equals
ok 2 - Equals
ok 3 - Equals
</system-out>
    <testcase name="Equals (388)" classname="spec_perl_TestOpaqueExternalType02Parent_t" time="0.000323057174682617" />
    <testcase name="Equals (389)" classname="spec_perl_TestOpaqueExternalType02Parent_t" time="8.79764556884766e-05" />
    <testcase name="Equals (390)" classname="spec_perl_TestOpaqueExternalType02Parent_t" time="7.79628753662109e-05" />
  </testsuite>
  <testsuite name="spec_perl_TestProcessXor4Const_t" errors="0" failures="0" skipped="0" tests="2" time="0.0443639755249023">
    <system-out>1..2
ok 1 - Equals
ok 2 - Equals
</system-out>
    <testcase name="Equals (391)" classname="spec_perl_TestProcessXor4Const_t" time="0.000243902206420898" />
    <testcase name="Equals (392)" classname="spec_perl_TestProcessXor4Const_t" time="9.20295715332031e-05" />
  </testsuite>
  <testsuite name="spec_perl_TestBcdUserTypeBe_t" errors="0" failures="0" skipped="0" tests="6" time="0.0452158451080322">
    <system-out>1..6
ok 1 - Equals
ok 2 - Equals
ok 3 - Equals
ok 4 - Equals
ok 5 - Equals
ok 6 - Equals
</system-out>
    <testcase name="Equals (393)" classname="spec_perl_TestBcdUserTypeBe_t" time="0.000602006912231445" />
    <testcase name="Equals (394)" classname="spec_perl_TestBcdUserTypeBe_t" time="0.000103950500488281" />
    <testcase name="Equals (395)" classname="spec_perl_TestBcdUserTypeBe_t" time="5.50746917724609e-05" />
    <testcase name="Equals (396)" classname="spec_perl_TestBcdUserTypeBe_t" time="0.000169992446899414" />
    <testcase name="Equals (397)" classname="spec_perl_TestBcdUserTypeBe_t" time="0.000142097473144531" />
    <testcase name="Equals (398)" classname="spec_perl_TestBcdUserTypeBe_t" time="0.000147819519042969" />
  </testsuite>
  <testsuite name="spec_perl_TestTermStrz_t" errors="0" failures="0" skipped="0" tests="3" time="0.0480718612670898">
    <system-out>1..3
ok 1 - Equals
ok 2 - Equals
ok 3 - Equals
</system-out>
    <testcase name="Equals (399)" classname="spec_perl_TestTermStrz_t" time="0.000327110290527344" />
    <testcase name="Equals (400)" classname="spec_perl_TestTermStrz_t" time="8.89301300048828e-05" />
    <testcase name="Equals (401)" classname="spec_perl_TestTermStrz_t" time="5.60283660888672e-05" />
  </testsuite>
  <testsuite name="spec_perl_TestIndexToParamUntil_t" errors="0" failures="2" skipped="0" tests="7" time="0.0596408843994141">
    <system-out>1..7
ok 1 - Equals
ok 2 - Equals
ok 3 - Equals
ok 4 - Equals
ok 5 - Equals
not ok 6 - Equals
not ok 7 - Equals
</system-out>
    <testcase name="Equals (402)" classname="spec_perl_TestIndexToParamUntil_t" time="0.0140070915222168" />
    <testcase name="Equals (403)" classname="spec_perl_TestIndexToParamUntil_t" time="6.60419464111328e-05" />
    <testcase name="Equals (404)" classname="spec_perl_TestIndexToParamUntil_t" time="2.88486480712891e-05" />
    <testcase name="Equals (405)" classname="spec_perl_TestIndexToParamUntil_t" time="2.40802764892578e-05" />
    <testcase name="Equals (406)" classname="spec_perl_TestIndexToParamUntil_t" time="2.19345092773438e-05" />
    <testcase name="Equals (407)" classname="spec_perl_TestIndexToParamUntil_t" time="3.00407409667969e-05">
      <failure message="not ok 6 - Equals" type="TAP::Parser::Result::Test"></failure>
    </testcase>
    <testcase name="Equals (408)" classname="spec_perl_TestIndexToParamUntil_t" time="2.19345092773438e-05">
      <failure message="not ok 7 - Equals" type="TAP::Parser::Result::Test"></failure>
    </testcase>
  </testsuite>
  <testsuite name="spec_perl_TestDebug0_t" errors="0" failures="0" skipped="1" tests="1" time="0.0435791015625">
    <system-out>1..1
ok 1 # skip test_debug_0
</system-out>
    <testcase name="Unnamed test case 408" classname="spec_perl_TestDebug0_t" time="0.000247955322265625">
      <skipped message="ok 1 # skip test_debug_0" />
    </testcase>
  </testsuite>
  <testsuite name="spec_perl_TestSwitchIntegers_t" errors="0" failures="0" skipped="0" tests="9" time="0.0449409484863281">
    <system-out>1..9
ok 1 - Equals
ok 2 - Equals
ok 3 - Equals
ok 4 - Equals
ok 5 - Equals
ok 6 - Equals
ok 7 - Equals
ok 8 - Equals
ok 9 - Equals
</system-out>
    <testcase name="Equals (409)" classname="spec_perl_TestSwitchIntegers_t" time="0.000287055969238281" />
    <testcase name="Equals (410)" classname="spec_perl_TestSwitchIntegers_t" time="8.60691070556641e-05" />
    <testcase name="Equals (411)" classname="spec_perl_TestSwitchIntegers_t" time="7.70092010498047e-05" />
    <testcase name="Equals (412)" classname="spec_perl_TestSwitchIntegers_t" time="0.000149965286254883" />
    <testcase name="Equals (413)" classname="spec_perl_TestSwitchIntegers_t" time="0.000117063522338867" />
    <testcase name="Equals (414)" classname="spec_perl_TestSwitchIntegers_t" time="0.000140905380249023" />
    <testcase name="Equals (415)" classname="spec_perl_TestSwitchIntegers_t" time="0.000113010406494141" />
    <testcase name="Equals (416)" classname="spec_perl_TestSwitchIntegers_t" time="0.00014495849609375" />
    <testcase name="Equals (417)" classname="spec_perl_TestSwitchIntegers_t" time="0.00011897087097168" />
  </testsuite>
  <testsuite name="spec_perl_TestIndexSizes_t" errors="0" failures="0" skipped="0" tests="7" time="0.0471010208129883">
    <system-out>1..7
ok 1 - Equals
ok 2 - Equals
ok 3 - Equals
ok 4 - Equals
ok 5 - Equals
ok 6 - Equals
ok 7 - Equals
</system-out>
    <testcase name="Equals (418)" classname="spec_perl_TestIndexSizes_t" time="0.000280141830444336" />
    <testcase name="Equals (419)" classname="spec_perl_TestIndexSizes_t" time="8.08238983154297e-05" />
    <testcase name="Equals (420)" classname="spec_perl_TestIndexSizes_t" time="9.01222229003906e-05" />
    <testcase name="Equals (421)" classname="spec_perl_TestIndexSizes_t" time="0.000154972076416016" />
    <testcase name="Equals (422)" classname="spec_perl_TestIndexSizes_t" time="0.000103950500488281" />
    <testcase name="Equals (423)" classname="spec_perl_TestIndexSizes_t" time="0.00014495849609375" />
    <testcase name="Equals (424)" classname="spec_perl_TestIndexSizes_t" time="0.000118017196655273" />
  </testsuite>
  <testsuite name="spec_perl_TestSwitchManualIntSizeEos_t" errors="0" failures="0" skipped="0" tests="10" time="0.0490028858184814">
    <system-out>1..10
ok 1 - Equals
ok 2 - Equals
ok 3 - Equals
ok 4 - Equals
ok 5 - Equals
ok 6 - Equals
ok 7 - Equals
ok 8 - Equals
ok 9 - Equals
ok 10 - Equals
</system-out>
    <testcase name="Equals (425)" classname="spec_perl_TestSwitchManualIntSizeEos_t" time="0.000715970993041992" />
    <testcase name="Equals (426)" classname="spec_perl_TestSwitchManualIntSizeEos_t" time="0.000100135803222656" />
    <testcase name="Equals (427)" classname="spec_perl_TestSwitchManualIntSizeEos_t" time="0.000113010406494141" />
    <testcase name="Equals (428)" classname="spec_perl_TestSwitchManualIntSizeEos_t" time="0.000134944915771484" />
    <testcase name="Equals (429)" classname="spec_perl_TestSwitchManualIntSizeEos_t" time="0.000129938125610352" />
    <testcase name="Equals (430)" classname="spec_perl_TestSwitchManualIntSizeEos_t" time="0.000173091888427734" />
    <testcase name="Equals (431)" classname="spec_perl_TestSwitchManualIntSizeEos_t" time="0.000161886215209961" />
    <testcase name="Equals (432)" classname="spec_perl_TestSwitchManualIntSizeEos_t" time="0.000164985656738281" />
    <testcase name="Equals (433)" classname="spec_perl_TestSwitchManualIntSizeEos_t" time="0.000112056732177734" />
    <testcase name="Equals (434)" classname="spec_perl_TestSwitchManualIntSizeEos_t" time="0.000153064727783203" />
  </testsuite>
  <testsuite name="spec_perl_TestExprEnum_t" errors="0" failures="0" skipped="0" tests="3" time="0.0712020397186279">
    <system-out>1..3
ok 1 - Equals
ok 2 - Equals
ok 3 - Equals
</system-out>
    <testcase name="Equals (435)" classname="spec_perl_TestExprEnum_t" time="0.000587224960327148" />
    <testcase name="Equals (436)" classname="spec_perl_TestExprEnum_t" time="0.000253915786743164" />
    <testcase name="Equals (437)" classname="spec_perl_TestExprEnum_t" time="0.000262975692749023" />
  </testsuite>
  <testsuite name="spec_perl_TestParamsPassArrayInt_t" errors="0" failures="1" skipped="6" tests="7" time="0.0502469539642334">
    <system-out>1..7
not ok 1 - test_params_pass_array_int died (Can't use an undefined value as an ARRAY reference at spec/perl/TestParamsPassArrayInt.t line 15.)
ok 2 # skip test_params_pass_array_int died
ok 3 # skip test_params_pass_array_int died
ok 4 # skip test_params_pass_array_int died
ok 5 # skip test_params_pass_array_int died
ok 6 # skip test_params_pass_array_int died
[...]
      <skipped message="ok 3 # skip test_expr_calc_array_ops died" />
    </testcase>
    <testcase name="Unnamed test case 757" classname="spec_perl_TestExprCalcArrayOps_t" time="4.60147857666016e-05">
      <skipped message="ok 4 # skip test_expr_calc_array_ops died" />
    </testcase>
    <testcase name="Unnamed test case 758" classname="spec_perl_TestExprCalcArrayOps_t" time="4.22000885009766e-05">
      <skipped message="ok 5 # skip test_expr_calc_array_ops died" />
    </testcase>
    <testcase name="Unnamed test case 759" classname="spec_perl_TestExprCalcArrayOps_t" time="4.1961669921875e-05">
      <skipped message="ok 6 # skip test_expr_calc_array_ops died" />
    </testcase>
    <testcase name="Unnamed test case 760" classname="spec_perl_TestExprCalcArrayOps_t" time="4.10079956054688e-05">
      <skipped message="ok 7 # skip test_expr_calc_array_ops died" />
    </testcase>
    <testcase name="Unnamed test case 761" classname="spec_perl_TestExprCalcArrayOps_t" time="5.88893890380859e-05">
      <skipped message="ok 8 # skip test_expr_calc_array_ops died" />
    </testcase>
    <testcase name="Unnamed test case 762" classname="spec_perl_TestExprCalcArrayOps_t" time="4.1961669921875e-05">
      <skipped message="ok 9 # skip test_expr_calc_array_ops died" />
    </testcase>
    <testcase name="Unnamed test case 763" classname="spec_perl_TestExprCalcArrayOps_t" time="4.50611114501953e-05">
      <skipped message="ok 10 # skip test_expr_calc_array_ops died" />
    </testcase>
    <testcase name="Unnamed test case 764" classname="spec_perl_TestExprCalcArrayOps_t" time="4.10079956054688e-05">
      <skipped message="ok 11 # skip test_expr_calc_array_ops died" />
    </testcase>
    <testcase name="Unnamed test case 765" classname="spec_perl_TestExprCalcArrayOps_t" time="3.91006469726562e-05">
      <skipped message="ok 12 # skip test_expr_calc_array_ops died" />
    </testcase>
    <testcase name="Unnamed test case 766" classname="spec_perl_TestExprCalcArrayOps_t" time="4.79221343994141e-05">
      <skipped message="ok 13 # skip test_expr_calc_array_ops died" />
    </testcase>
    <testcase name="Unnamed test case 767" classname="spec_perl_TestExprCalcArrayOps_t" time="4.10079956054688e-05">
      <skipped message="ok 14 # skip test_expr_calc_array_ops died" />
    </testcase>
    <testcase name="Unnamed test case 768" classname="spec_perl_TestExprCalcArrayOps_t" time="4.00543212890625e-05">
      <skipped message="ok 15 # skip test_expr_calc_array_ops died" />
    </testcase>
    <testcase name="Unnamed test case 769" classname="spec_perl_TestExprCalcArrayOps_t" time="3.88622283935547e-05">
      <skipped message="ok 16 # skip test_expr_calc_array_ops died" />
    </testcase>
    <testcase name="Unnamed test case 770" classname="spec_perl_TestExprCalcArrayOps_t" time="3.91006469726562e-05">
      <skipped message="ok 17 # skip test_expr_calc_array_ops died" />
    </testcase>
    <testcase name="Unnamed test case 771" classname="spec_perl_TestExprCalcArrayOps_t" time="3.79085540771484e-05">
      <skipped message="ok 18 # skip test_expr_calc_array_ops died" />
    </testcase>
  </testsuite>
  <testsuite name="spec_perl_TestStrLiterals_t" errors="0" failures="0" skipped="0" tests="5" time="0.0446288585662842">
    <system-out>1..5
ok 1 - Equals
ok 2 - Equals
ok 3 - Equals
ok 4 - Equals
ok 5 - Equals
</system-out>
    <testcase name="Equals (771)" classname="spec_perl_TestStrLiterals_t" time="0.000267982482910156" />
    <testcase name="Equals (772)" classname="spec_perl_TestStrLiterals_t" time="0.000158071517944336" />
    <testcase name="Equals (773)" classname="spec_perl_TestStrLiterals_t" time="6.103515625e-05" />
    <testcase name="Equals (774)" classname="spec_perl_TestStrLiterals_t" time="0.00014495849609375" />
    <testcase name="Equals (775)" classname="spec_perl_TestStrLiterals_t" time="0.000149965286254883" />
  </testsuite>
  <testsuite name="spec_perl_TestEosExceptionBytes_t" errors="0" failures="0" skipped="0" tests="1" time="0.0446639060974121">
    <system-out>1..1
ok 1 - Died
</system-out>
    <testcase name="Died (775)" classname="spec_perl_TestEosExceptionBytes_t" time="0.000460147857666016" />
  </testsuite>
  <testsuite name="spec_perl_TestBitsByteAligned_t" errors="0" failures="0" skipped="0" tests="9" time="0.0445871353149414">
    <system-out>1..9
ok 1 - Equals
ok 2 - Equals
ok 3 - Equals
ok 4 - Equals
ok 5 - Equals
ok 6 - Equals
ok 7 - Equals
ok 8 - Equals
ok 9 - Equals
</system-out>
    <testcase name="Equals (776)" classname="spec_perl_TestBitsByteAligned_t" time="0.000304937362670898" />
    <testcase name="Equals (777)" classname="spec_perl_TestBitsByteAligned_t" time="8.41617584228516e-05" />
    <testcase name="Equals (778)" classname="spec_perl_TestBitsByteAligned_t" time="5.69820404052734e-05" />
    <testcase name="Equals (779)" classname="spec_perl_TestBitsByteAligned_t" time="0.000149965286254883" />
    <testcase name="Equals (780)" classname="spec_perl_TestBitsByteAligned_t" time="0.000113010406494141" />
    <testcase name="Equals (781)" classname="spec_perl_TestBitsByteAligned_t" time="0.000143051147460938" />
    <testcase name="Equals (782)" classname="spec_perl_TestBitsByteAligned_t" time="0.000114917755126953" />
    <testcase name="Equals (783)" classname="spec_perl_TestBitsByteAligned_t" time="0.000158071517944336" />
    <testcase name="Equals (784)" classname="spec_perl_TestBitsByteAligned_t" time="0.000100851058959961" />
  </testsuite>
  <testsuite name="spec_perl_TestDocstringsDocref_t" errors="0" failures="0" skipped="1" tests="1" time="0.0443439483642578">
    <system-out>1..1
ok 1 # skip DocstringsDocref=HASH(0x24115c0)
</system-out>
    <testcase name="Unnamed test case 784" classname="spec_perl_TestDocstringsDocref_t" time="0.00124788284301758">
      <skipped message="ok 1 # skip DocstringsDocref=HASH(0x24115c0)" />
    </testcase>
  </testsuite>
  <testsuite name="spec_perl_TestEnumLongRangeS_t" errors="0" failures="0" skipped="0" tests="7" time="0.0445489883422852">
    <system-out>1..7
ok 1 - Equals
ok 2 - Equals
ok 3 - Equals
ok 4 - Equals
ok 5 - Equals
ok 6 - Equals
ok 7 - Equals
</system-out>
    <testcase name="Equals (785)" classname="spec_perl_TestEnumLongRangeS_t" time="0.000249862670898438" />
    <testcase name="Equals (786)" classname="spec_perl_TestEnumLongRangeS_t" time="7.51018524169922e-05" />
    <testcase name="Equals (787)" classname="spec_perl_TestEnumLongRangeS_t" time="0.000119924545288086" />
    <testcase name="Equals (788)" classname="spec_perl_TestEnumLongRangeS_t" time="0.000130891799926758" />
    <testcase name="Equals (789)" classname="spec_perl_TestEnumLongRangeS_t" time="0.000110149383544922" />
    <testcase name="Equals (790)" classname="spec_perl_TestEnumLongRangeS_t" time="0.000138044357299805" />
    <testcase name="Equals (791)" classname="spec_perl_TestEnumLongRangeS_t" time="0.000128030776977539" />
  </testsuite>
  <testsuite name="spec_perl_TestTypeIntUnaryOp_t" errors="0" failures="0" skipped="0" tests="4" time="0.043820858001709">
    <system-out>1..4
ok 1 - Equals
ok 2 - Equals
ok 3 - Equals
ok 4 - Equals
</system-out>
    <testcase name="Equals (792)" classname="spec_perl_TestTypeIntUnaryOp_t" time="0.000238180160522461" />
    <testcase name="Equals (793)" classname="spec_perl_TestTypeIntUnaryOp_t" time="7.39097595214844e-05" />
    <testcase name="Equals (794)" classname="spec_perl_TestTypeIntUnaryOp_t" time="0.000133037567138672" />
    <testcase name="Equals (795)" classname="spec_perl_TestTypeIntUnaryOp_t" time="0.000149965286254883" />
  </testsuite>
  <testsuite name="spec_perl_TestExprIntDiv_t" errors="0" failures="2" skipped="0" tests="6" time="0.0473189353942871">
    <system-out>1..6
ok 1 - Equals
ok 2 - Equals
ok 3 - Equals
not ok 4 - Equals
ok 5 - Equals
not ok 6 - Equals
</system-out>
    <testcase name="Equals (796)" classname="spec_perl_TestExprIntDiv_t" time="0.000171899795532227" />
    <testcase name="Equals (797)" classname="spec_perl_TestExprIntDiv_t" time="0.000121116638183594" />
    <testcase name="Equals (798)" classname="spec_perl_TestExprIntDiv_t" time="0.000151872634887695" />
    <testcase name="Equals (799)" classname="spec_perl_TestExprIntDiv_t" time="0.000185966491699219">
      <failure message="not ok 4 - Equals" type="TAP::Parser::Result::Test"></failure>
    </testcase>
    <testcase name="Equals (800)" classname="spec_perl_TestExprIntDiv_t" time="0.000944137573242188" />
    <testcase name="Equals (801)" classname="spec_perl_TestExprIntDiv_t" time="0.000885009765625">
      <failure message="not ok 6 - Equals" type="TAP::Parser::Result::Test"></failure>
    </testcase>
  </testsuite>
  <testsuite name="spec_perl_TestExprSizeofType0_t" errors="0" failures="0" skipped="0" tests="1" time="0.0508410930633545">
    <system-out>1..1
ok 1 - Equals
</system-out>
    <testcase name="Equals (802)" classname="spec_perl_TestExprSizeofType0_t" time="0.000226020812988281" />
  </testsuite>
  <testsuite name="spec_perl_TestEnumOfValueInst_t" errors="0" failures="0" skipped="0" tests="4" time="0.0432760715484619">
    <system-out>1..4
ok 1 - Equals
ok 2 - Equals
ok 3 - Equals
ok 4 - Equals
</system-out>
    <testcase name="Equals (803)" classname="spec_perl_TestEnumOfValueInst_t" time="0.000217914581298828" />
    <testcase name="Equals (804)" classname="spec_perl_TestEnumOfValueInst_t" time="7.70092010498047e-05" />
    <testcase name="Equals (805)" classname="spec_perl_TestEnumOfValueInst_t" time="0.000138044357299805" />
    <testcase name="Equals (806)" classname="spec_perl_TestEnumOfValueInst_t" time="0.000133991241455078" />
  </testsuite>
  <testsuite name="spec_perl_TestEnum1_t" errors="0" failures="0" skipped="0" tests="2" time="0.0430710315704346">
    <system-out>1..2
ok 1 - Equals
ok 2 - Equals
</system-out>
    <testcase name="Equals (807)" classname="spec_perl_TestEnum1_t" time="0.000188112258911133" />
    <testcase name="Equals (808)" classname="spec_perl_TestEnum1_t" time="6.69956207275391e-05" />
  </testsuite>
  <testsuite name="spec_perl_TestInstanceIoUser_t" errors="0" failures="0" skipped="0" tests="4" time="0.0679731369018555">
    <system-out>1..4
ok 1 - Equals
ok 2 - Equals
ok 3 - Equals
ok 4 - Equals
</system-out>
    <testcase name="Equals (809)" classname="spec_perl_TestInstanceIoUser_t" time="0.000639915466308594" />
    <testcase name="Equals (810)" classname="spec_perl_TestInstanceIoUser_t" time="0.000103950500488281" />
    <testcase name="Equals (811)" classname="spec_perl_TestInstanceIoUser_t" time="0.000120162963867188" />
    <testcase name="Equals (812)" classname="spec_perl_TestInstanceIoUser_t" time="0.000154972076416016" />
  </testsuite>
  <testsuite name="spec_perl_TestExprIoEof_t" errors="0" failures="0" skipped="0" tests="4" time="0.0440168380737305">
    <system-out>1..4
ok 1 - Equals
ok 2 - nil
ok 3 - Equals
ok 4 - Equals
</system-out>
    <testcase name="Equals (813)" classname="spec_perl_TestExprIoEof_t" time="0.000566959381103516" />
    <testcase name="nil (813)" classname="spec_perl_TestExprIoEof_t" time="0.000101089477539062" />
    <testcase name="Equals (814)" classname="spec_perl_TestExprIoEof_t" time="4.60147857666016e-05" />
    <testcase name="Equals (815)" classname="spec_perl_TestExprIoEof_t" time="5.38825988769531e-05" />
  </testsuite>
  <testsuite name="spec_perl_TestNestedSameName_t" errors="0" failures="0" skipped="0" tests="2" time="0.0445361137390137">
    <system-out>1..2
ok 1 - Equals
ok 2 - Equals
</system-out>
    <testcase name="Equals (816)" classname="spec_perl_TestNestedSameName_t" time="0.0002899169921875" />
    <testcase name="Equals (817)" classname="spec_perl_TestNestedSameName_t" time="7.79628753662109e-05" />
  </testsuite>
  <testsuite name="spec_perl_TestEnumDeep_t" errors="0" failures="0" skipped="0" tests="2" time="0.0433998107910156">
    <system-out>1..2
ok 1 - Equals
ok 2 - Equals
</system-out>
    <testcase name="Equals (818)" classname="spec_perl_TestEnumDeep_t" time="0.000228166580200195" />
    <testcase name="Equals (819)" classname="spec_perl_TestEnumDeep_t" time="8.98838043212891e-05" />
  </testsuite>
  <testsuite name="spec_perl_TestSwitchElseOnly_t" errors="0" failures="0" skipped="0" tests="3" time="0.0433590412139893">
    <system-out>1..3
ok 1 - Equals
ok 2 - Equals
ok 3 - Equals
</system-out>
    <testcase name="Equals (820)" classname="spec_perl_TestSwitchElseOnly_t" time="0.000233888626098633" />
    <testcase name="Equals (821)" classname="spec_perl_TestSwitchElseOnly_t" time="7.39097595214844e-05" />
    <testcase name="Equals (822)" classname="spec_perl_TestSwitchElseOnly_t" time="0.000147104263305664" />
  </testsuite>
  <testsuite name="spec_perl_TestParamsCallShort_t" errors="0" failures="3" skipped="0" tests="3" time="0.0600070953369141">
    <system-out>1..3
not ok 1 - Equals
not ok 2 - Equals
not ok 3 - Equals
</system-out>
    <testcase name="Equals (823)" classname="spec_perl_TestParamsCallShort_t" time="0.000416040420532227">
      <failure message="not ok 1 - Equals" type="TAP::Parser::Result::Test"></failure>
    </testcase>
    <testcase name="Equals (824)" classname="spec_perl_TestParamsCallShort_t" time="0.000949859619140625">
      <failure message="not ok 2 - Equals" type="TAP::Parser::Result::Test"></failure>
    </testcase>
    <testcase name="Equals (825)" classname="spec_perl_TestParamsCallShort_t" time="0.000696182250976562">
      <failure message="not ok 3 - Equals" type="TAP::Parser::Result::Test"></failure>
    </testcase>
  </testsuite>
  <testsuite name="spec_perl_TestTypeTernary_t" errors="0" failures="0" skipped="0" tests="1" time="0.0436899662017822">
    <system-out>1..1
ok 1 - Equals
</system-out>
    <testcase name="Equals (826)" classname="spec_perl_TestTypeTernary_t" time="0.000583887100219727" />
  </testsuite>
  <testsuite name="spec_perl_TestIfValues_t" errors="0" failures="0" skipped="0" tests="6" time="0.0437088012695312">
    <system-out>1..6
ok 1 - Equals
ok 2 - Equals
ok 3 - Equals
ok 4 - nil
ok 5 - Equals
ok 6 - nil
</system-out>
    <testcase name="Equals (827)" classname="spec_perl_TestIfValues_t" time="0.000251054763793945" />
    <testcase name="Equals (828)" classname="spec_perl_TestIfValues_t" time="8.20159912109375e-05" />
    <testcase name="Equals (829)" classname="spec_perl_TestIfValues_t" time="0.000128030776977539" />
    <testcase name="nil (829)" classname="spec_perl_TestIfValues_t" time="5.98430633544922e-05" />
    <testcase name="Equals (830)" classname="spec_perl_TestIfValues_t" time="0.000132083892822266" />
    <testcase name="nil (830)" classname="spec_perl_TestIfValues_t" time="6.50882720947266e-05" />
  </testsuite>
  <testsuite name="spec_perl_TestExprMod_t" errors="0" failures="0" skipped="0" tests="6" time="0.0438559055328369">
    <system-out>1..6
ok 1 - Equals
ok 2 - Equals
ok 3 - Equals
ok 4 - Equals
ok 5 - Equals
ok 6 - Equals
</system-out>
    <testcase name="Equals (831)" classname="spec_perl_TestExprMod_t" time="0.00024104118347168" />
    <testcase name="Equals (832)" classname="spec_perl_TestExprMod_t" time="7.67707824707031e-05" />
    <testcase name="Equals (833)" classname="spec_perl_TestExprMod_t" time="0.00013422966003418" />
    <testcase name="Equals (834)" classname="spec_perl_TestExprMod_t" time="0.000131845474243164" />
    <testcase name="Equals (835)" classname="spec_perl_TestExprMod_t" time="0.000144004821777344" />
    <testcase name="Equals (836)" classname="spec_perl_TestExprMod_t" time="0.000127077102661133" />
  </testsuite>
  <testsuite name="spec_perl_TestCastToImported_t" errors="0" failures="0" skipped="0" tests="2" time="0.0430159568786621">
    <system-out>1..2
ok 1 - Equals
ok 2 - Equals
</system-out>
    <testcase name="Equals (837)" classname="spec_perl_TestCastToImported_t" time="0.000217914581298828" />
    <testcase name="Equals (838)" classname="spec_perl_TestCastToImported_t" time="7.70092010498047e-05" />
  </testsuite>
  <testsuite name="spec_perl_TestDefaultBitEndianMod_t" errors="0" failures="0" skipped="0" tests="4" time="0.0444331169128418">
    <system-out>1..4
ok 1 - Equals
ok 2 - Equals
ok 3 - Equals
ok 4 - Equals
</system-out>
    <testcase name="Equals (839)" classname="spec_perl_TestDefaultBitEndianMod_t" time="0.000332117080688477" />
    <testcase name="Equals (840)" classname="spec_perl_TestDefaultBitEndianMod_t" time="8.89301300048828e-05" />
    <testcase name="Equals (841)" classname="spec_perl_TestDefaultBitEndianMod_t" time="7.41481781005859e-05" />
    <testcase name="Equals (842)" classname="spec_perl_TestDefaultBitEndianMod_t" time="0.000155925750732422" />
  </testsuite>
  <testsuite name="spec_perl_TestStrEos_t" errors="0" failures="0" skipped="0" tests="1" time="0.0475678443908691">
    <system-out>1..1
ok 1 - Equals
</system-out>
    <testcase name="Equals (843)" classname="spec_perl_TestStrEos_t" time="0.000336170196533203" />
  </testsuite>
  <testsuite name="spec_perl_TestProcessRepeatBytes_t" errors="0" failures="0" skipped="0" tests="2" time="0.0538990497589111">
    <system-out>1..2
ok 1 - Equals
ok 2 - Equals
</system-out>
    <testcase name="Equals (844)" classname="spec_perl_TestProcessRepeatBytes_t" time="0.000251054763793945" />
    <testcase name="Equals (845)" classname="spec_perl_TestProcessRepeatBytes_t" time="8.10623168945312e-05" />
  </testsuite>
  <testsuite name="spec_perl_TestProcessToUser_t" errors="0" failures="0" skipped="0" tests="1" time="0.0479199886322021">
    <system-out>1..1
ok 1 - Equals
</system-out>
    <testcase name="Equals (846)" classname="spec_perl_TestProcessToUser_t" time="0.000609159469604492" />
  </testsuite>
  <testsuite name="spec_perl_TestPositionAbs_t" errors="0" failures="0" skipped="0" tests="2" time="0.0464308261871338">
    <system-out>1..2
ok 1 - Equals
ok 2 - Equals
</system-out>
    <testcase name="Equals (847)" classname="spec_perl_TestPositionAbs_t" time="0.000220060348510742" />
    <testcase name="Equals (848)" classname="spec_perl_TestPositionAbs_t" time="0.000211954116821289" />
  </testsuite>
  <testsuite name="spec_perl_TestParamsEnum_t" errors="0" failures="1" skipped="0" tests="2" time="0.0585918426513672">
    <system-out>1..2
ok 1 - Equals
not ok 2 - Equals
</system-out>
    <testcase name="Equals (849)" classname="spec_perl_TestParamsEnum_t" time="0.0002288818359375" />
    <testcase name="Equals (850)" classname="spec_perl_TestParamsEnum_t" time="0.000191211700439453">
      <failure message="not ok 2 - Equals" type="TAP::Parser::Result::Test"></failure>
    </testcase>
  </testsuite>
  <testsuite name="spec_perl_TestProcessCoerceSwitch_t" errors="0" failures="0" skipped="0" tests="3" time="0.0441570281982422">
    <system-out>1..3
ok 1 - Equals
ok 2 - Equals
ok 3 - Equals
</system-out>
    <testcase name="Equals (851)" classname="spec_perl_TestProcessCoerceSwitch_t" time="0.000532150268554688" />
    <testcase name="Equals (852)" classname="spec_perl_TestProcessCoerceSwitch_t" time="0.000101804733276367" />
    <testcase name="Equals (853)" classname="spec_perl_TestProcessCoerceSwitch_t" time="5.50746917724609e-05" />
  </testsuite>
  <testsuite name="spec_perl_TestDefaultEndianExprException_t" errors="0" failures="0" skipped="0" tests="1" time="0.0441710948944092">
    <system-out>1..1
ok 1 - Died
</system-out>
    <testcase name="Died (853)" classname="spec_perl_TestDefaultEndianExprException_t" time="0.000225067138671875" />
  </testsuite>
  <testsuite name="spec_perl_TestProcessXorValue_t" errors="0" failures="0" skipped="0" tests="2" time="0.043752908706665">
    <system-out>1..2
ok 1 - Equals
ok 2 - Equals
</system-out>
    <testcase name="Equals (854)" classname="spec_perl_TestProcessXorValue_t" time="0.000264167785644531" />
    <testcase name="Equals (855)" classname="spec_perl_TestProcessXorValue_t" time="7.70092010498047e-05" />
  </testsuite>
</testsuites>
