<?xml version='1.0' encoding='utf-8'?>
<testsuites>
  <testsuite name="spec_perl_TestDocstrings_t" errors="0" failures="0" skipped="1" tests="1" time="0.0294320583343506">
    <system-out>1..1
ok 1 # skip Docstrings=HASH(0x55869210a828)
</system-out>
    <testcase name="Unnamed test case 1" classname="spec_perl_TestDocstrings_t" time="0.00132393836975098">
      <skipped message="ok 1 # skip Docstrings=HASH(0x55869210a828)" />
    </testcase>
  </testsuite>
  <testsuite name="spec_perl_TestFixedContents_t" errors="0" failures="0" skipped="1" tests="1" time="0.0294198989868164">
    <system-out>1..1
ok 1 # skip FixedContents=HASH(0x56056a2381c8)
</system-out>
    <testcase name="Unnamed test case 2" classname="spec_perl_TestFixedContents_t" time="0.0012969970703125">
      <skipped message="ok 1 # skip FixedContents=HASH(0x56056a2381c8)" />
    </testcase>
  </testsuite>
  <testsuite name="spec_perl_TestSwitchCast_t" errors="0" failures="0" skipped="0" tests="2" time="0.0334789752960205">
    <system-out>1..2
ok 1 - Equals
ok 2 - Equals
</system-out>
    <testcase name="Equals (2)" classname="spec_perl_TestSwitchCast_t" time="0.00113511085510254" />
    <testcase name="Equals (3)" classname="spec_perl_TestSwitchCast_t" time="5.98430633544922e-05" />
  </testsuite>
  <testsuite name="spec_perl_TestIndexToParamUntil_t" errors="0" failures="2" skipped="0" tests="7" time="0.0345809459686279">
    <system-out>1..7
ok 1 - Equals
ok 2 - Equals
ok 3 - Equals
ok 4 - Equals
ok 5 - Equals
not ok 6 - Equals
not ok 7 - Equals
</system-out>
    <testcase name="Equals (4)" classname="spec_perl_TestIndexToParamUntil_t" time="0.00187277793884277" />
    <testcase name="Equals (5)" classname="spec_perl_TestIndexToParamUntil_t" time="6.50882720947266e-05" />
    <testcase name="Equals (6)" classname="spec_perl_TestIndexToParamUntil_t" time="3.91006469726562e-05" />
    <testcase name="Equals (7)" classname="spec_perl_TestIndexToParamUntil_t" time="5.98430633544922e-05" />
    <testcase name="Equals (8)" classname="spec_perl_TestIndexToParamUntil_t" time="4.10079956054688e-05" />
    <testcase name="Equals (9)" classname="spec_perl_TestIndexToParamUntil_t" time="4.91142272949219e-05">
      <failure message="not ok 6 - Equals" type="TAP::Parser::Result::Test"></failure>
    </testcase>
    <testcase name="Equals (10)" classname="spec_perl_TestIndexToParamUntil_t" time="0.000515937805175781">
      <failure message="not ok 7 - Equals" type="TAP::Parser::Result::Test"></failure>
    </testcase>
  </testsuite>
  <testsuite name="spec_perl_TestDebugEnumName_t" errors="1" failures="0" skipped="0" tests="0" time="0.0269820690155029">
    <system-out></system-out>
    <testcase name="Test died too soon, even before plan. (10)" classname="spec_perl_TestDebugEnumName_t" time="0.0269820690155029">
      <failure message="The test suite died before a plan was produced. You need to have a plan." type="Plan">No plan</failure>
    </testcase>
  </testsuite>
  <testsuite name="spec_perl_TestSwitchBytearray_t" errors="0" failures="0" skipped="0" tests="9" time="0.0341641902923584">
    <system-out>1..9
ok 1 - Equals
ok 2 - Equals
ok 3 - Equals
ok 4 - Equals
ok 5 - Equals
ok 6 - Equals
ok 7 - Equals
ok 8 - Equals
ok 9 - Equals
</system-out>
    <testcase name="Equals (11)" classname="spec_perl_TestSwitchBytearray_t" time="0.00116491317749023" />
    <testcase name="Equals (12)" classname="spec_perl_TestSwitchBytearray_t" time="6.103515625e-05" />
    <testcase name="Equals (13)" classname="spec_perl_TestSwitchBytearray_t" time="4.69684600830078e-05" />
    <testcase name="Equals (14)" classname="spec_perl_TestSwitchBytearray_t" time="4.31537628173828e-05" />
    <testcase name="Equals (15)" classname="spec_perl_TestSwitchBytearray_t" time="4.29153442382812e-05" />
    <testcase name="Equals (16)" classname="spec_perl_TestSwitchBytearray_t" time="4.1961669921875e-05" />
    <testcase name="Equals (17)" classname="spec_perl_TestSwitchBytearray_t" time="7.20024108886719e-05" />
    <testcase name="Equals (18)" classname="spec_perl_TestSwitchBytearray_t" time="4.60147857666016e-05" />
    <testcase name="Equals (19)" classname="spec_perl_TestSwitchBytearray_t" time="7.29560852050781e-05" />
  </testsuite>
  <testsuite name="spec_perl_TestProcessCoerceBytes_t" errors="0" failures="0" skipped="0" tests="4" time="0.0296671390533447">
    <system-out>1..4
ok 1 - Equals
ok 2 - Equals
ok 3 - Equals
ok 4 - Equals
</system-out>
    <testcase name="Equals (20)" classname="spec_perl_TestProcessCoerceBytes_t" time="0.00114917755126953" />
    <testcase name="Equals (21)" classname="spec_perl_TestProcessCoerceBytes_t" time="7.89165496826172e-05" />
    <testcase name="Equals (22)" classname="spec_perl_TestProcessCoerceBytes_t" time="5.00679016113281e-05" />
    <testcase name="Equals (23)" classname="spec_perl_TestProcessCoerceBytes_t" time="4.38690185546875e-05" />
  </testsuite>
  <testsuite name="spec_perl_TestBcdUserTypeBe_t" errors="0" failures="0" skipped="0" tests="6" time="0.032505989074707">
    <system-out>1..6
ok 1 - Equals
ok 2 - Equals
ok 3 - Equals
ok 4 - Equals
ok 5 - Equals
ok 6 - Equals
</system-out>
    <testcase name="Equals (24)" classname="spec_perl_TestBcdUserTypeBe_t" time="0.00152206420898438" />
    <testcase name="Equals (25)" classname="spec_perl_TestBcdUserTypeBe_t" time="5.98430633544922e-05" />
    <testcase name="Equals (26)" classname="spec_perl_TestBcdUserTypeBe_t" time="4.91142272949219e-05" />
    <testcase name="Equals (27)" classname="spec_perl_TestBcdUserTypeBe_t" time="7.70092010498047e-05" />
    <testcase name="Equals (28)" classname="spec_perl_TestBcdUserTypeBe_t" time="7.48634338378906e-05" />
    <testcase name="Equals (29)" classname="spec_perl_TestBcdUserTypeBe_t" time="6.81877136230469e-05" />
  </testsuite>
  <testsuite name="spec_perl_TestSwitchManualIntElse_t" errors="0" failures="0" skipped="0" tests="9" time="0.0343461036682129">
    <system-out>1..9
ok 1 - Equals
ok 2 - Equals
ok 3 - Equals
ok 4 - Equals
ok 5 - Equals
ok 6 - Equals
ok 7 - Equals
ok 8 - Equals
ok 9 - Equals
</system-out>
    <testcase name="Equals (30)" classname="spec_perl_TestSwitchManualIntElse_t" time="0.0011899471282959" />
    <testcase name="Equals (31)" classname="spec_perl_TestSwitchManualIntElse_t" time="6.69956207275391e-05" />
    <testcase name="Equals (32)" classname="spec_perl_TestSwitchManualIntElse_t" time="3.79085540771484e-05" />
    <testcase name="Equals (33)" classname="spec_perl_TestSwitchManualIntElse_t" time="4.50611114501953e-05" />
    <testcase name="Equals (34)" classname="spec_perl_TestSwitchManualIntElse_t" time="4.1961669921875e-05" />
    <testcase name="Equals (35)" classname="spec_perl_TestSwitchManualIntElse_t" time="4.22000885009766e-05" />
    <testcase name="Equals (36)" classname="spec_perl_TestSwitchManualIntElse_t" time="7.48634338378906e-05" />
    <testcase name="Equals (37)" classname="spec_perl_TestSwitchManualIntElse_t" time="4.10079956054688e-05" />
    <testcase name="Equals (38)" classname="spec_perl_TestSwitchManualIntElse_t" time="6.50882720947266e-05" />
  </testsuite>
  <testsuite name="spec_perl_TestValidNotParsedIf_t" errors="0" failures="0" skipped="1" tests="1" time="0.0294408798217773">
    <system-out>1..1
ok 1 # skip ValidNotParsedIf=HASH(0x55a7f5fc9410)
</system-out>
    <testcase name="Unnamed test case 38" classname="spec_perl_TestValidNotParsedIf_t" time="0.00130391120910645">
      <skipped message="ok 1 # skip ValidNotParsedIf=HASH(0x55a7f5fc9410)" />
    </testcase>
  </testsuite>
  <testsuite name="spec_perl_TestDefaultBigEndian_t" errors="0" failures="0" skipped="0" tests="1" time="0.0289809703826904">
    <system-out>1..1
ok 1 - Equals
</system-out>
    <testcase name="Equals (39)" classname="spec_perl_TestDefaultBigEndian_t" time="0.00112199783325195" />
  </testsuite>
  <testsuite name="spec_perl_TestExprIoEof_t" errors="0" failures="0" skipped="0" tests="4" time="0.030552864074707">
    <system-out>1..4
ok 1 - Equals
ok 2 - nil
ok 3 - Equals
ok 4 - Equals
</system-out>
    <testcase name="Equals (40)" classname="spec_perl_TestExprIoEof_t" time="0.00141692161560059" />
    <testcase name="nil (40)" classname="spec_perl_TestExprIoEof_t" time="5.79357147216797e-05" />
    <testcase name="Equals (41)" classname="spec_perl_TestExprIoEof_t" time="6.41345977783203e-05" />
    <testcase name="Equals (42)" classname="spec_perl_TestExprIoEof_t" time="4.00543212890625e-05" />
  </testsuite>
  <testsuite name="spec_perl_TestEnumLongRangeU_t" errors="0" failures="0" skipped="0" tests="4" time="0.0293920040130615">
    <system-out>1..4
ok 1 - Equals
ok 2 - Equals
ok 3 - Equals
ok 4 - Equals
</system-out>
    <testcase name="Equals (43)" classname="spec_perl_TestEnumLongRangeU_t" time="0.00104188919067383" />
    <testcase name="Equals (44)" classname="spec_perl_TestEnumLongRangeU_t" time="5.79357147216797e-05" />
    <testcase name="Equals (45)" classname="spec_perl_TestEnumLongRangeU_t" time="4.60147857666016e-05" />
    <testcase name="Equals (46)" classname="spec_perl_TestEnumLongRangeU_t" time="4.31537628173828e-05" />
  </testsuite>
  <testsuite name="spec_perl_TestExprIntDiv_t" errors="0" failures="2" skipped="0" tests="6" time="0.0297231674194336">
    <system-out>1..6
ok 1 - Equals
ok 2 - Equals
ok 3 - Equals
not ok 4 - Equals
ok 5 - Equals
not ok 6 - Equals
</system-out>
    <testcase name="Equals (47)" classname="spec_perl_TestExprIntDiv_t" time="0.00110483169555664" />
    <testcase name="Equals (48)" classname="spec_perl_TestExprIntDiv_t" time="5.60283660888672e-05" />
    <testcase name="Equals (49)" classname="spec_perl_TestExprIntDiv_t" time="4.60147857666016e-05" />
    <testcase name="Equals (50)" classname="spec_perl_TestExprIntDiv_t" time="6.00814819335938e-05">
      <failure message="not ok 4 - Equals" type="TAP::Parser::Result::Test"></failure>
    </testcase>
    <testcase name="Equals (51)" classname="spec_perl_TestExprIntDiv_t" time="0.00142407417297363" />
    <testcase name="Equals (52)" classname="spec_perl_TestExprIntDiv_t" time="5.98430633544922e-05">
      <failure message="not ok 6 - Equals" type="TAP::Parser::Result::Test"></failure>
    </testcase>
  </testsuite>
  <testsuite name="spec_perl_TestCombineBytes_t" errors="0" failures="0" skipped="0" tests="10" time="0.0294950008392334">
    <system-out>1..10
ok 1 - Equals
ok 2 - Equals
ok 3 - Equals
ok 4 - Equals
ok 5 - Equals
ok 6 - Equals
ok 7 - Equals
ok 8 - Equals
ok 9 - Equals
ok 10 - Equals
</system-out>
    <testcase name="Equals (53)" classname="spec_perl_TestCombineBytes_t" time="0.00107407569885254" />
    <testcase name="Equals (54)" classname="spec_perl_TestCombineBytes_t" time="5.69820404052734e-05" />
    <testcase name="Equals (55)" classname="spec_perl_TestCombineBytes_t" time="4.69684600830078e-05" />
    <testcase name="Equals (56)" classname="spec_perl_TestCombineBytes_t" time="4.1961669921875e-05" />
    <testcase name="Equals (57)" classname="spec_perl_TestCombineBytes_t" time="5.60283660888672e-05" />
    <testcase name="Equals (58)" classname="spec_perl_TestCombineBytes_t" time="7.20024108886719e-05" />
    <testcase name="Equals (59)" classname="spec_perl_TestCombineBytes_t" time="4.31537628173828e-05" />
    <testcase name="Equals (60)" classname="spec_perl_TestCombineBytes_t" time="8.48770141601562e-05" />
    <testcase name="Equals (61)" classname="spec_perl_TestCombineBytes_t" time="6.29425048828125e-05" />
    <testcase name="Equals (62)" classname="spec_perl_TestCombineBytes_t" time="6.103515625e-05" />
  </testsuite>
  <testsuite name="spec_perl_TestDefaultBitEndianMod_t" errors="0" failures="0" skipped="0" tests="4" time="0.0296378135681152">
    <system-out>1..4
ok 1 - Equals
ok 2 - Equals
ok 3 - Equals
ok 4 - Equals
</system-out>
    <testcase name="Equals (63)" classname="spec_perl_TestDefaultBitEndianMod_t" time="0.00118207931518555" />
    <testcase name="Equals (64)" classname="spec_perl_TestDefaultBitEndianMod_t" time="6.79492950439453e-05" />
    <testcase name="Equals (65)" classname="spec_perl_TestDefaultBitEndianMod_t" time="3.60012054443359e-05" />
    <testcase name="Equals (66)" classname="spec_perl_TestDefaultBitEndianMod_t" time="4.41074371337891e-05" />
  </testsuite>
  <testsuite name="spec_perl_TestIoLocalVar_t" errors="0" failures="0" skipped="0" tests="2" time="0.0295648574829102">
    <system-out>1..2
ok 1 - Equals
ok 2 - Equals
</system-out>
    <testcase name="Equals (67)" classname="spec_perl_TestIoLocalVar_t" time="0.00141692161560059" />
    <testcase name="Equals (68)" classname="spec_perl_TestIoLocalVar_t" time="7.41481781005859e-05" />
  </testsuite>
  <testsuite name="spec_perl_TestCombineEnum_t" errors="0" failures="0" skipped="0" tests="3" time="0.0291309356689453">
    <system-out>1..3
ok 1 - Equals
ok 2 - Equals
ok 3 - Equals
</system-out>
    <testcase name="Equals (69)" classname="spec_perl_TestCombineEnum_t" time="0.00109219551086426" />
    <testcase name="Equals (70)" classname="spec_perl_TestCombineEnum_t" time="5.88893890380859e-05" />
    <testcase name="Equals (71)" classname="spec_perl_TestCombineEnum_t" time="4.60147857666016e-05" />
  </testsuite>
  <testsuite name="spec_perl_TestImportsAbsRel_t" errors="0" failures="0" skipped="0" tests="3" time="0.0316338539123535">
    <system-out>1..3
ok 1 - Equals
ok 2 - Equals
ok 3 - Equals
</system-out>
    <testcase name="Equals (72)" classname="spec_perl_TestImportsAbsRel_t" time="0.00106501579284668" />
    <testcase name="Equals (73)" classname="spec_perl_TestImportsAbsRel_t" time="5.60283660888672e-05" />
    <testcase name="Equals (74)" classname="spec_perl_TestImportsAbsRel_t" time="4.1961669921875e-05" />
  </testsuite>
  <testsuite name="spec_perl_TestEosExceptionBytes_t" errors="0" failures="0" skipped="0" tests="1" time="0.0307221412658691">
    <system-out>1..1
ok 1 - threw /^Requested \d+ bytes, but only \d+ bytes available/
</system-out>
    <testcase name="threw /^Requested \d+ bytes, but only \d+ bytes available/ (74)" classname="spec_perl_TestEosExceptionBytes_t" time="0.00139999389648438" />
  </testsuite>
  <testsuite name="spec_perl_TestInstanceUserArray_t" errors="0" failures="0" skipped="0" tests="10" time="0.030332088470459">
    <system-out>1..10
ok 1 - Equals
ok 2 - Equals
ok 3 - Equals
ok 4 - Equals
ok 5 - Equals
ok 6 - Equals
ok 7 - Equals
ok 8 - Equals
ok 9 - Equals
ok 10 - Equals
</system-out>
    <testcase name="Equals (75)" classname="spec_perl_TestInstanceUserArray_t" time="0.00110816955566406" />
    <testcase name="Equals (76)" classname="spec_perl_TestInstanceUserArray_t" time="7.70092010498047e-05" />
    <testcase name="Equals (77)" classname="spec_perl_TestInstanceUserArray_t" time="3.88622283935547e-05" />
    <testcase name="Equals (78)" classname="spec_perl_TestInstanceUserArray_t" time="0.000299930572509766" />
    <testcase name="Equals (79)" classname="spec_perl_TestInstanceUserArray_t" time="6.91413879394531e-05" />
    <testcase name="Equals (80)" classname="spec_perl_TestInstanceUserArray_t" time="6.60419464111328e-05" />
    <testcase name="Equals (81)" classname="spec_perl_TestInstanceUserArray_t" time="5.69820404052734e-05" />
    <testcase name="Equals (82)" classname="spec_perl_TestInstanceUserArray_t" time="5.79357147216797e-05" />
    <testcase name="Equals (83)" classname="spec_perl_TestInstanceUserArray_t" time="6.00814819335938e-05" />
    <testcase name="Equals (84)" classname="spec_perl_TestInstanceUserArray_t" time="5.88893890380859e-05" />
  </testsuite>
  <testsuite name="spec_perl_TestRepeatUntilComplex_t" errors="0" failures="0" skipped="0" tests="15" time="0.0306859016418457">
    <system-out>1..15
ok 1 - Equals
ok 2 - Equals
ok 3 - Equals
ok 4 - Equals
ok 5 - Equals
ok 6 - Equals
ok 7 - Equals
ok 8 - Equals
ok 9 - Equals
ok 10 - Equals
ok 11 - Equals
ok 12 - Equals
ok 13 - Equals
ok 14 - Equals
ok 15 - Equals
</system-out>
    <testcase name="Equals (85)" classname="spec_perl_TestRepeatUntilComplex_t" time="0.00114321708679199" />
    <testcase name="Equals (86)" classname="spec_perl_TestRepeatUntilComplex_t" time="5.79357147216797e-05" />
    <testcase name="Equals (87)" classname="spec_perl_TestRepeatUntilComplex_t" time="7.20024108886719e-05" />
    <testcase name="Equals (88)" classname="spec_perl_TestRepeatUntilComplex_t" time="6.89029693603516e-05" />
    <testcase name="Equals (89)" classname="spec_perl_TestRepeatUntilComplex_t" time="8.51154327392578e-05" />
    <testcase name="Equals (90)" classname="spec_perl_TestRepeatUntilComplex_t" time="6.103515625e-05" />
    <testcase name="Equals (91)" classname="spec_perl_TestRepeatUntilComplex_t" time="6.4849853515625e-05" />
    <testcase name="Equals (92)" classname="spec_perl_TestRepeatUntilComplex_t" time="5.60283660888672e-05" />
    <testcase name="Equals (93)" classname="spec_perl_TestRepeatUntilComplex_t" time="8.29696655273438e-05" />
    <testcase name="Equals (94)" classname="spec_perl_TestRepeatUntilComplex_t" time="6.79492950439453e-05" />
    <testcase name="Equals (95)" classname="spec_perl_TestRepeatUntilComplex_t" time="7.60555267333984e-05" />
    <testcase name="Equals (96)" classname="spec_perl_TestRepeatUntilComplex_t" time="5.91278076171875e-05" />
    <testcase name="Equals (97)" classname="spec_perl_TestRepeatUntilComplex_t" time="8.58306884765625e-05" />
    <testcase name="Equals (98)" classname="spec_perl_TestRepeatUntilComplex_t" time="5.91278076171875e-05" />
    <testcase name="Equals (99)" classname="spec_perl_TestRepeatUntilComplex_t" time="0.000113964080810547" />
  </testsuite>
  <testsuite name="spec_perl_TestNavParentSwitchCast_t" errors="0" failures="0" skipped="0" tests="3" time="0.0297389030456543">
    <system-out>1..3
ok 1 - Equals
ok 2 - Equals
ok 3 - Equals
</system-out>
    <testcase name="Equals (100)" classname="spec_perl_TestNavParentSwitchCast_t" time="0.00140118598937988" />
    <testcase name="Equals (101)" classname="spec_perl_TestNavParentSwitchCast_t" time="8.17775726318359e-05" />
    <testcase name="Equals (102)" classname="spec_perl_TestNavParentSwitchCast_t" time="4.10079956054688e-05" />
  </testsuite>
  <testsuite name="spec_perl_TestEnumDeep_t" errors="0" failures="0" skipped="0" tests="2" time="0.0292379856109619">
    <system-out>1..2
ok 1 - Equals
ok 2 - Equals
</system-out>
    <testcase name="Equals (103)" classname="spec_perl_TestEnumDeep_t" time="0.00111794471740723" />
    <testcase name="Equals (104)" classname="spec_perl_TestEnumDeep_t" time="5.50746917724609e-05" />
  </testsuite>
  <testsuite name="spec_perl_TestSwitchRepeatExpr_t" errors="0" failures="0" skipped="0" tests="3" time="0.0297172069549561">
    <system-out>1..3
ok 1 - Equals
ok 2 - Equals
ok 3 - Equals
</system-out>
    <testcase name="Equals (105)" classname="spec_perl_TestSwitchRepeatExpr_t" time="0.00140213966369629" />
    <testcase name="Equals (106)" classname="spec_perl_TestSwitchRepeatExpr_t" time="5.60283660888672e-05" />
    <testcase name="Equals (107)" classname="spec_perl_TestSwitchRepeatExpr_t" time="5.48362731933594e-05" />
  </testsuite>
  <testsuite name="spec_perl_TestSwitchManualIntSizeElse_t" errors="0" failures="0" skipped="0" tests="10" time="0.0347261428833008">
    <system-out>1..10
ok 1 - Equals
ok 2 - Equals
ok 3 - Equals
ok 4 - Equals
ok 5 - Equals
ok 6 - Equals
ok 7 - Equals
ok 8 - Equals
ok 9 - Equals
ok 10 - Equals
</system-out>
    <testcase name="Equals (108)" classname="spec_perl_TestSwitchManualIntSizeElse_t" time="0.00156998634338379" />
    <testcase name="Equals (109)" classname="spec_perl_TestSwitchManualIntSizeElse_t" time="9.70363616943359e-05" />
    <testcase name="Equals (110)" classname="spec_perl_TestSwitchManualIntSizeElse_t" time="3.98159027099609e-05" />
    <testcase name="Equals (111)" classname="spec_perl_TestSwitchManualIntSizeElse_t" time="3.50475311279297e-05" />
    <testcase name="Equals (112)" classname="spec_perl_TestSwitchManualIntSizeElse_t" time="4.60147857666016e-05" />
    <testcase name="Equals (113)" classname="spec_perl_TestSwitchManualIntSizeElse_t" time="5.19752502441406e-05" />
    <testcase name="Equals (114)" classname="spec_perl_TestSwitchManualIntSizeElse_t" time="4.31537628173828e-05" />
    <testcase name="Equals (115)" classname="spec_perl_TestSwitchManualIntSizeElse_t" time="4.48226928710938e-05" />
    <testcase name="Equals (116)" classname="spec_perl_TestSwitchManualIntSizeElse_t" time="6.60419464111328e-05" />
    <testcase name="Equals (117)" classname="spec_perl_TestSwitchManualIntSizeElse_t" time="5.29289245605469e-05" />
  </testsuite>
  <testsuite name="spec_perl_TestTypeTernary_t" errors="0" failures="0" skipped="0" tests="1" time="0.0296769142150879">
    <system-out>1..1
ok 1 - Equals
</system-out>
    <testcase name="Equals (118)" classname="spec_perl_TestTypeTernary_t" time="0.00145292282104492" />
  </testsuite>
  <testsuite name="spec_perl_TestTsPacketHeader_t" errors="0" failures="0" skipped="0" tests="7" time="0.0296120643615723">
    <system-out>1..7
ok 1 - Equals
ok 2 - Equals
ok 3 - Equals
ok 4 - Equals
ok 5 - Equals
ok 6 - Equals
ok 7 - Equals
</system-out>
    <testcase name="Equals (119)" classname="spec_perl_TestTsPacketHeader_t" time="0.00107407569885254" />
    <testcase name="Equals (120)" classname="spec_perl_TestTsPacketHeader_t" time="6.60419464111328e-05" />
    <testcase name="Equals (121)" classname="spec_perl_TestTsPacketHeader_t" time="5.10215759277344e-05" />
    <testcase name="Equals (122)" classname="spec_perl_TestTsPacketHeader_t" time="4.38690185546875e-05" />
    <testcase name="Equals (123)" classname="spec_perl_TestTsPacketHeader_t" time="4.69684600830078e-05" />
    <testcase name="Equals (124)" classname="spec_perl_TestTsPacketHeader_t" time="4.22000885009766e-05" />
    <testcase name="Equals (125)" classname="spec_perl_TestTsPacketHeader_t" time="6.19888305664062e-05" />
  </testsuite>
  <testsuite name="spec_perl_TestNavRoot_t" errors="0" failures="0" skipped="0" tests="5" time="0.0336711406707764">
    <system-out>1..5
ok 1 - Equals
ok 2 - Equals
ok 3 - Equals
ok 4 - Equals
ok 5 - Equals
</system-out>
    <testcase name="Equals (126)" classname="spec_perl_TestNavRoot_t" time="0.00119686126708984" />
    <testcase name="Equals (127)" classname="spec_perl_TestNavRoot_t" time="5.60283660888672e-05" />
    <testcase name="Equals (128)" classname="spec_perl_TestNavRoot_t" time="4.60147857666016e-05" />
    <testcase name="Equals (129)" classname="spec_perl_TestNavRoot_t" time="4.31537628173828e-05" />
    <testcase name="Equals (130)" classname="spec_perl_TestNavRoot_t" time="6.4849853515625e-05" />
  </testsuite>
  <testsuite name="spec_perl_TestBitsEnum_t" errors="0" failures="0" skipped="0" tests="3" time="0.0302410125732422">
    <system-out>1..3
ok 1 - Equals
ok 2 - Equals
ok 3 - Equals
</system-out>
    <testcase name="Equals (131)" classname="spec_perl_TestBitsEnum_t" time="0.00111794471740723" />
    <testcase name="Equals (132)" classname="spec_perl_TestBitsEnum_t" time="5.31673431396484e-05" />
    <testcase name="Equals (133)" classname="spec_perl_TestBitsEnum_t" time="4.79221343994141e-05" />
  </testsuite>
  <testsuite name="spec_perl_TestEnumForUnknownId_t" errors="0" failures="0" skipped="0" tests="1" time="0.0289740562438965">
    <system-out>1..1
ok 1 - Equals
</system-out>
    <testcase name="Equals (134)" classname="spec_perl_TestEnumForUnknownId_t" time="0.00105595588684082" />
  </testsuite>
  <testsuite name="spec_perl_TestMultipleUse_t" errors="0" failures="0" skipped="0" tests="2" time="0.0295040607452393">
    <system-out>1..2
ok 1 - Equals
ok 2 - Equals
</system-out>
    <testcase name="Equals (135)" classname="spec_perl_TestMultipleUse_t" time="0.00108790397644043" />
    <testcase name="Equals (136)" classname="spec_perl_TestMultipleUse_t" time="7.41481781005859e-05" />
  </testsuite>
  <testsuite name="spec_perl_TestExprArray_t" errors="0" failures="1" skipped="0" tests="15" time="0.0352602005004883">
    <system-out>1..15
ok 1 - Equals
ok 2 - Equals
ok 3 - Equals
ok 4 - Equals
ok 5 - Equals
ok 6 - Equals
ok 7 - Approx equals
ok 8 - Approx equals
not ok 9 - Approx equals
ok 10 - Approx equals
ok 11 - Equals
ok 12 - Equals
ok 13 - Equals
ok 14 - Equals
ok 15 - Equals
</system-out>
    <testcase name="Equals (137)" classname="spec_perl_TestExprArray_t" time="0.00115394592285156" />
    <testcase name="Equals (138)" classname="spec_perl_TestExprArray_t" time="5.10215759277344e-05" />
    <testcase name="Equals (139)" classname="spec_perl_TestExprArray_t" time="4.88758087158203e-05" />
    <testcase name="Equals (140)" classname="spec_perl_TestExprArray_t" time="3.91006469726562e-05" />
    <testcase name="Equals (141)" classname="spec_perl_TestExprArray_t" time="7.10487365722656e-05" />
    <testcase name="Equals (142)" classname="spec_perl_TestExprArray_t" time="5.88893890380859e-05" />
    <testcase name="Approx equals (142)" classname="spec_perl_TestExprArray_t" time="3.91006469726562e-05" />
    <testcase name="Approx equals (143)" classname="spec_perl_TestExprArray_t" time="3.69548797607422e-05" />
    <testcase name="Approx equals (144)" classname="spec_perl_TestExprArray_t" time="4.69684600830078e-05">
      <failure message="not ok 9 - Approx equals" type="TAP::Parser::Result::Test"></failure>
    </testcase>
    <testcase name="Approx equals (145)" classname="spec_perl_TestExprArray_t" time="0.000396013259887695" />
    <testcase name="Equals (145)" classname="spec_perl_TestExprArray_t" time="0.00121188163757324" />
    <testcase name="Equals (146)" classname="spec_perl_TestExprArray_t" time="5.19752502441406e-05" />
    <testcase name="Equals (147)" classname="spec_perl_TestExprArray_t" time="3.60012054443359e-05" />
    <testcase name="Equals (148)" classname="spec_perl_TestExprArray_t" time="3.21865081787109e-05" />
    <testcase name="Equals (149)" classname="spec_perl_TestExprArray_t" time="2.88486480712891e-05" />
  </testsuite>
  <testsuite name="spec_perl_TestBitsSignedResB32Be_t" errors="0" failures="0" skipped="0" tests="1" time="0.0292000770568848">
    <system-out>1..1
ok 1 - Equals
</system-out>
    <testcase name="Equals (150)" classname="spec_perl_TestBitsSignedResB32Be_t" time="0.00107192993164062" />
  </testsuite>
  <testsuite name="spec_perl_TestIfValues_t" errors="0" failures="0" skipped="0" tests="6" time="0.0292749404907227">
    <system-out>1..6
ok 1 - Equals
ok 2 - Equals
ok 3 - Equals
ok 4 - nil
ok 5 - Equals
ok 6 - nil
</system-out>
    <testcase name="Equals (151)" classname="spec_perl_TestIfValues_t" time="0.00110197067260742" />
    <testcase name="Equals (152)" classname="spec_perl_TestIfValues_t" time="5.60283660888672e-05" />
    <testcase name="Equals (153)" classname="spec_perl_TestIfValues_t" time="4.60147857666016e-05" />
    <testcase name="nil (153)" classname="spec_perl_TestIfValues_t" time="0.00011897087097168" />
    <testcase name="Equals (154)" classname="spec_perl_TestIfValues_t" time="5.41210174560547e-05" />
    <testcase name="nil (154)" classname="spec_perl_TestIfValues_t" time="3.48091125488281e-05" />
  </testsuite>
  <testsuite name="spec_perl_TestBufferedStruct_t" errors="0" failures="0" skipped="0" tests="7" time="0.0299270153045654">
    <system-out>1..7
ok 1 - Equals
ok 2 - Equals
ok 3 - Equals
ok 4 - Equals
ok 5 - Equals
ok 6 - Equals
ok 7 - Equals
</system-out>
    <testcase name="Equals (155)" classname="spec_perl_TestBufferedStruct_t" time="0.00134515762329102" />
    <testcase name="Equals (156)" classname="spec_perl_TestBufferedStruct_t" time="6.79492950439453e-05" />
    <testcase name="Equals (157)" classname="spec_perl_TestBufferedStruct_t" time="4.79221343994141e-05" />
    <testcase name="Equals (158)" classname="spec_perl_TestBufferedStruct_t" time="4.69684600830078e-05" />
    <testcase name="Equals (159)" classname="spec_perl_TestBufferedStruct_t" time="4.41074371337891e-05" />
    <testcase name="Equals (160)" classname="spec_perl_TestBufferedStruct_t" time="4.1961669921875e-05" />
    <testcase name="Equals (161)" classname="spec_perl_TestBufferedStruct_t" time="5.69820404052734e-05" />
  </testsuite>
  <testsuite name="spec_perl_TestProcessCustom_t" errors="1" failures="0" skipped="0" tests="0" time="0.0270450115203857">
    <system-out></system-out>
    <testcase name="Test died too soon, even before plan. (161)" classname="spec_perl_TestProcessCustom_t" time="0.0270450115203857">
      <failure message="The test suite died before a plan was produced. You need to have a plan." type="Plan">No plan</failure>
    </testcase>
  </testsuite>
  <testsuite name="spec_perl_TestExprSizeofType0_t" errors="0" failures="0" skipped="0" tests="1" time="0.0291228294372559">
    <system-out>1..1
ok 1 - Equals
</system-out>
    <testcase name="Equals (162)" classname="spec_perl_TestExprSizeofType0_t" time="0.00106906890869141" />
  </testsuite>
  <testsuite name="spec_perl_TestNestedTypes_t" errors="0" failures="0" skipped="0" tests="3" time="0.0294449329376221">
    <system-out>1..3
ok 1 - Equals
ok 2 - Equals
ok 3 - Equals
</system-out>
    <testcase name="Equals (163)" classname="spec_perl_TestNestedTypes_t" time="0.0011289119720459" />
    <testcase name="Equals (164)" classname="spec_perl_TestNestedTypes_t" time="5.60283660888672e-05" />
    <testcase name="Equals (165)" classname="spec_perl_TestNestedTypes_t" time="4.81605529785156e-05" />
  </testsuite>
  <testsuite name="spec_perl_TestValidShort_t" errors="0" failures="0" skipped="1" tests="1" time="0.0342259407043457">
    <system-out>1..1
ok 1 # skip ValidShort=HASH(0x558ff122bc28)
</system-out>
    <testcase name="Unnamed test case 165" classname="spec_perl_TestValidShort_t" time="0.00142908096313477">
      <skipped message="ok 1 # skip ValidShort=HASH(0x558ff122bc28)" />
    </testcase>
  </testsuite>
  <testsuite name="spec_perl_TestExprBytesCmp_t" errors="0" failures="0" skipped="0" tests="10" time="0.0299961566925049">
    <system-out>1..10
ok 1 - Equals
ok 2 - Equals
ok 3 - Equals
ok 4 - Equals
ok 5 - Equals
ok 6 - Equals
ok 7 - Equals
ok 8 - Equals
ok 9 - Equals
ok 10 - Equals
</system-out>
    <testcase name="Equals (166)" classname="spec_perl_TestExprBytesCmp_t" time="0.00114703178405762" />
    <testcase name="Equals (167)" classname="spec_perl_TestExprBytesCmp_t" time="6.00814819335938e-05" />
    <testcase name="Equals (168)" classname="spec_perl_TestExprBytesCmp_t" time="4.69684600830078e-05" />
    <testcase name="Equals (169)" classname="spec_perl_TestExprBytesCmp_t" time="4.60147857666016e-05" />
    <testcase name="Equals (170)" classname="spec_perl_TestExprBytesCmp_t" time="6.69956207275391e-05" />
    <testcase name="Equals (171)" classname="spec_perl_TestExprBytesCmp_t" time="0.000396966934204102" />
    <testcase name="Equals (172)" classname="spec_perl_TestExprBytesCmp_t" time="5.29289245605469e-05" />
    <testcase name="Equals (173)" classname="spec_perl_TestExprBytesCmp_t" time="3.31401824951172e-05" />
    <testcase name="Equals (174)" classname="spec_perl_TestExprBytesCmp_t" time="3.09944152832031e-05" />
    <testcase name="Equals (175)" classname="spec_perl_TestExprBytesCmp_t" time="3.19480895996094e-05" />
  </testsuite>
  <testsuite name="spec_perl_TestSwitchElseOnly_t" errors="0" failures="0" skipped="0" tests="3" time="0.0293710231781006">
    <system-out>1..3
ok 1 - Equals
ok 2 - Equals
ok 3 - Equals
</system-out>
    <testcase name="Equals (176)" classname="spec_perl_TestSwitchElseOnly_t" time="0.0011141300201416" />
    <testcase name="Equals (177)" classname="spec_perl_TestSwitchElseOnly_t" time="5.69820404052734e-05" />
    <testcase name="Equals (178)" classname="spec_perl_TestSwitchElseOnly_t" time="4.79221343994141e-05" />
  </testsuite>
  <testsuite name="spec_perl_TestNavParentFalse_t" errors="0" failures="0" skipped="0" tests="5" time="0.0298080444335938">
    <system-out>1..5
ok 1 - Equals
ok 2 - Equals
ok 3 - Equals
ok 4 - Equals
ok 5 - Equals
</system-out>
    <testcase name="Equals (179)" classname="spec_perl_TestNavParentFalse_t" time="0.00118494033813477" />
    <testcase name="Equals (180)" classname="spec_perl_TestNavParentFalse_t" time="6.00814819335938e-05" />
    <testcase name="Equals (181)" classname="spec_perl_TestNavParentFalse_t" time="3.69548797607422e-05" />
    <testcase name="Equals (182)" classname="spec_perl_TestNavParentFalse_t" time="4.60147857666016e-05" />
    <testcase name="Equals (183)" classname="spec_perl_TestNavParentFalse_t" time="3.29017639160156e-05" />
  </testsuite>
  <testsuite name="spec_perl_TestZlibSurrounded_t" errors="0" failures="0" skipped="0" tests="1" time="0.0550529956817627">
    <system-out>1..1
ok 1 - Equals
</system-out>
    <testcase name="Equals (184)" classname="spec_perl_TestZlibSurrounded_t" time="0.00152492523193359" />
  </testsuite>
  <testsuite name="spec_perl_TestCastNested_t" errors="0" failures="0" skipped="0" tests="4" time="0.035416841506958">
    <system-out>1..4
ok 1 - Equals
ok 2 - Equals
ok 3 - Equals
ok 4 - Equals
</system-out>
    <testcase name="Equals (185)" classname="spec_perl_TestCastNested_t" time="0.0011589527130127" />
    <testcase name="Equals (186)" classname="spec_perl_TestCastNested_t" time="5.10215759277344e-05" />
    <testcase name="Equals (187)" classname="spec_perl_TestCastNested_t" time="4.00543212890625e-05" />
    <testcase name="Equals (188)" classname="spec_perl_TestCastNested_t" time="6.19888305664062e-05" />
  </testsuite>
  <testsuite name="spec_perl_TestProcessXorValue_t" errors="0" failures="0" skipped="0" tests="2" time="0.0296599864959717">
    <system-out>1..2
ok 1 - Equals
ok 2 - Equals
</system-out>
    <testcase name="Equals (189)" classname="spec_perl_TestProcessXorValue_t" time="0.00109505653381348" />
    <testcase name="Equals (190)" classname="spec_perl_TestProcessXorValue_t" time="6.19888305664062e-05" />
  </testsuite>
  <testsuite name="spec_perl_TestImports0_t" errors="0" failures="0" skipped="0" tests="3" time="0.0293369293212891">
    <system-out>1..3
ok 1 - Equals
ok 2 - Equals
ok 3 - Equals
</system-out>
    <testcase name="Equals (191)" classname="spec_perl_TestImports0_t" time="0.0010521411895752" />
    <testcase name="Equals (192)" classname="spec_perl_TestImports0_t" time="6.89029693603516e-05" />
    <testcase name="Equals (193)" classname="spec_perl_TestImports0_t" time="4.79221343994141e-05" />
  </testsuite>
  <testsuite name="spec_perl_TestRepeatUntilSized_t" errors="0" failures="0" skipped="0" tests="7" time="0.0303800106048584">
    <system-out>1..7
ok 1 - Equals
ok 2 - Equals
ok 3 - Equals
ok 4 - Equals
ok 5 - Equals
ok 6 - Equals
ok 7 - Equals
</system-out>
    <testcase name="Equals (194)" classname="spec_perl_TestRepeatUntilSized_t" time="0.00138592720031738" />
    <testcase name="Equals (195)" classname="spec_perl_TestRepeatUntilSized_t" time="6.103515625e-05" />
    <testcase name="Equals (196)" classname="spec_perl_TestRepeatUntilSized_t" time="5.31673431396484e-05" />
    <testcase name="Equals (197)" classname="spec_perl_TestRepeatUntilSized_t" time="4.79221343994141e-05" />
    <testcase name="Equals (198)" classname="spec_perl_TestRepeatUntilSized_t" time="4.29153442382812e-05" />
    <testcase name="Equals (199)" classname="spec_perl_TestRepeatUntilSized_t" time="4.1961669921875e-05" />
    <testcase name="Equals (200)" classname="spec_perl_TestRepeatUntilSized_t" time="6.50882720947266e-05" />
  </testsuite>
  <testsuite name="spec_perl_TestValidOptionalId_t" errors="1" failures="0" skipped="0" tests="0" time="0.0266799926757812">
    <system-out></system-out>
    <testcase name="Test died too soon, even before plan. (200)" classname="spec_perl_TestValidOptionalId_t" time="0.0266799926757812">
      <failure message="The test suite died before a plan was produced. You need to have a plan." type="Plan">No plan</failure>
    </testcase>
  </testsuite>
  <testsuite name="spec_perl_TestEofExceptionBytes_t" errors="0" failures="0" skipped="0" tests="1" time="0.0306320190429688">
    <system-out>1..1
ok 1 - threw /^Requested \d+ bytes, but only \d+ bytes available/
</system-out>
    <testcase name="threw /^Requested \d+ bytes, but only \d+ bytes available/ (200)" classname="spec_perl_TestEofExceptionBytes_t" time="0.00110006332397461" />
  </testsuite>
  <testsuite name="spec_perl_TestExprBytesNonLiteral_t" errors="0" failures="0" skipped="0" tests="3" time="0.0292460918426514">
    <system-out>1..3
ok 1 - Equals
ok 2 - Equals
ok 3 - Equals
</system-out>
    <testcase name="Equals (201)" classname="spec_perl_TestExprBytesNonLiteral_t" time="0.00110888481140137" />
    <testcase name="Equals (202)" classname="spec_perl_TestExprBytesNonLiteral_t" time="5.81741333007812e-05" />
    <testcase name="Equals (203)" classname="spec_perl_TestExprBytesNonLiteral_t" time="4.88758087158203e-05" />
  </testsuite>
  <testsuite name="spec_perl_TestImportsAbs_t" errors="0" failures="0" skipped="0" tests="2" time="0.0297989845275879">
    <system-out>1..2
ok 1 - Equals
ok 2 - Equals
</system-out>
    <testcase name="Equals (204)" classname="spec_perl_TestImportsAbs_t" time="0.00110101699829102" />
    <testcase name="Equals (205)" classname="spec_perl_TestImportsAbs_t" time="6.29425048828125e-05" />
  </testsuite>
  <testsuite name="spec_perl_TestNestedTypeParam_t" errors="0" failures="2" skipped="0" tests="2" time="0.0354709625244141">
    <system-out>1..2
not ok 1 - Equals
not ok 2 - Equals
</system-out>
    <testcase name="Equals (206)" classname="spec_perl_TestNestedTypeParam_t" time="0.00149679183959961">
      <failure message="not ok 1 - Equals" type="TAP::Parser::Result::Test"></failure>
    </testcase>
    <testcase name="Equals (207)" classname="spec_perl_TestNestedTypeParam_t" time="0.00065302848815918">
      <failure message="not ok 2 - Equals" type="TAP::Parser::Result::Test"></failure>
    </testcase>
  </testsuite>
  <testsuite name="spec_perl_TestIntegersMinMax_t" errors="0" failures="0" skipped="0" tests="28" time="0.031364917755127">
    <system-out>1..28
ok 1 - Equals
ok 2 - Equals
ok 3 - Equals
ok 4 - Equals
ok 5 - Equals
ok 6 - Equals
ok 7 - Equals
ok 8 - Equals
ok 9 - Equals
ok 10 - Equals
ok 11 - Equals
ok 12 - Equals
ok 13 - Equals
ok 14 - Equals
ok 15 - Equals
ok 16 - Equals
ok 17 - Equals
ok 18 - Equals
ok 19 - Equals
ok 20 - Equals
ok 21 - Equals
ok 22 - Equals
ok 23 - Equals
ok 24 - Equals
ok 25 - Equals
ok 26 - Equals
ok 27 - Equals
ok 28 - Equals
</system-out>
    <testcase name="Equals (208)" classname="spec_perl_TestIntegersMinMax_t" time="0.00114107131958008" />
    <testcase name="Equals (209)" classname="spec_perl_TestIntegersMinMax_t" time="6.38961791992188e-05" />
    <testcase name="Equals (210)" classname="spec_perl_TestIntegersMinMax_t" time="4.60147857666016e-05" />
    <testcase name="Equals (211)" classname="spec_perl_TestIntegersMinMax_t" time="4.81605529785156e-05" />
    <testcase name="Equals (212)" classname="spec_perl_TestIntegersMinMax_t" time="4.29153442382812e-05" />
    <testcase name="Equals (213)" classname="spec_perl_TestIntegersMinMax_t" time="4.10079956054688e-05" />
    <testcase name="Equals (214)" classname="spec_perl_TestIntegersMinMax_t" time="6.79492950439453e-05" />
    <testcase name="Equals (215)" classname="spec_perl_TestIntegersMinMax_t" time="4.31537628173828e-05" />
    <testcase name="Equals (216)" classname="spec_perl_TestIntegersMinMax_t" time="6.19888305664062e-05" />
    <testcase name="Equals (217)" classname="spec_perl_TestIntegersMinMax_t" time="5.98430633544922e-05" />
    <testcase name="Equals (218)" classname="spec_perl_TestIntegersMinMax_t" time="5.91278076171875e-05" />
    <testcase name="Equals (219)" classname="spec_perl_TestIntegersMinMax_t" time="5.79357147216797e-05" />
    <testcase name="Equals (220)" classname="spec_perl_TestIntegersMinMax_t" time="5.79357147216797e-05" />
    <testcase name="Equals (221)" classname="spec_perl_TestIntegersMinMax_t" time="5.69820404052734e-05" />
    <testcase name="Equals (222)" classname="spec_perl_TestIntegersMinMax_t" time="5.91278076171875e-05" />
    <testcase name="Equals (223)" classname="spec_perl_TestIntegersMinMax_t" time="5.79357147216797e-05" />
    <testcase name="Equals (224)" classname="spec_perl_TestIntegersMinMax_t" time="5.91278076171875e-05" />
    <testcase name="Equals (225)" classname="spec_perl_TestIntegersMinMax_t" time="5.69820404052734e-05" />
    <testcase name="Equals (226)" classname="spec_perl_TestIntegersMinMax_t" time="5.98430633544922e-05" />
    <testcase name="Equals (227)" classname="spec_perl_TestIntegersMinMax_t" time="6.103515625e-05" />
    <testcase name="Equals (228)" classname="spec_perl_TestIntegersMinMax_t" time="5.41210174560547e-05" />
    <testcase name="Equals (229)" classname="spec_perl_TestIntegersMinMax_t" time="6.38961791992188e-05" />
    <testcase name="Equals (230)" classname="spec_perl_TestIntegersMinMax_t" time="4.10079956054688e-05" />
    <testcase name="Equals (231)" classname="spec_perl_TestIntegersMinMax_t" time="6.41345977783203e-05" />
    <testcase name="Equals (232)" classname="spec_perl_TestIntegersMinMax_t" time="5.69820404052734e-05" />
    <testcase name="Equals (233)" classname="spec_perl_TestIntegersMinMax_t" time="5.69820404052734e-05" />
    <testcase name="Equals (234)" classname="spec_perl_TestIntegersMinMax_t" time="5.69820404052734e-05" />
    <testcase name="Equals (235)" classname="spec_perl_TestIntegersMinMax_t" time="6.60419464111328e-05" />
  </testsuite>
  <testsuite name="spec_perl_TestIndexToParamExpr_t" errors="0" failures="2" skipped="0" tests="7" time="0.0353100299835205">
    <system-out>1..7
ok 1 - Equals
ok 2 - Equals
ok 3 - Equals
ok 4 - Equals
ok 5 - Equals
not ok 6 - Equals
not ok 7 - Equals
</system-out>
    <testcase name="Equals (236)" classname="spec_perl_TestIndexToParamExpr_t" time="0.00146293640136719" />
    <testcase name="Equals (237)" classname="spec_perl_TestIndexToParamExpr_t" time="7.39097595214844e-05" />
    <testcase name="Equals (238)" classname="spec_perl_TestIndexToParamExpr_t" time="3.814697265625e-05" />
    <testcase name="Equals (239)" classname="spec_perl_TestIndexToParamExpr_t" time="5.19752502441406e-05" />
    <testcase name="Equals (240)" classname="spec_perl_TestIndexToParamExpr_t" time="3.50475311279297e-05" />
    <testcase name="Equals (241)" classname="spec_perl_TestIndexToParamExpr_t" time="5.48362731933594e-05">
      <failure message="not ok 6 - Equals" type="TAP::Parser::Result::Test"></failure>
    </testcase>
    <testcase name="Equals (242)" classname="spec_perl_TestIndexToParamExpr_t" time="0.000631093978881836">
      <failure message="not ok 7 - Equals" type="TAP::Parser::Result::Test"></failure>
    </testcase>
  </testsuite>
  <testsuite name="spec_perl_TestParamsPassBool_t" errors="0" failures="1" skipped="13" tests="14" time="0.0312511920928955">
    <system-out>1..14
not ok 1 - test_params_pass_bool died (Requested 2 bytes, but only 1 bytes available at ../runtime/perl/lib/IO/KaitaiStruct.pm line 338.)
ok 2 # skip test_params_pass_bool died
ok 3 # skip test_params_pass_bool died
ok 4 # skip test_params_pass_bool died
ok 5 # skip test_params_pass_bool died
ok 6 # skip test_params_pass_bool died
ok 7 # skip test_params_pass_bool died
ok 8 # skip test_params_pass_bool died
ok 9 # skip test_params_pass_bool died
ok 10 # skip test_params_pass_bool died
ok 11 # skip test_params_pass_bool died
ok 12 # skip test_params_pass_bool died
ok 13 # skip test_params_pass_bool died
ok 14 # skip test_params_pass_bool died
</system-out>
    <testcase name="test_params_pass_bool died (Requested 2 bytes, but only 1 bytes available at ../runtime/perl/lib/IO/KaitaiStruct.pm line 338.) (242)" classname="spec_perl_TestParamsPassBool_t" time="0.00122308731079102">
      <failure message="not ok 1 - test_params_pass_bool died (Requested 2 bytes, but only 1 bytes available at ../runtime/perl/lib/IO/KaitaiStruct.pm line 338.)" type="TAP::Parser::Result::Test"></failure>
    </testcase>
    <testcase name="Unnamed test case 242" classname="spec_perl_TestParamsPassBool_t" time="8.79764556884766e-05">
      <skipped message="ok 2 # skip test_params_pass_bool died" />
    </testcase>
    <testcase name="Unnamed test case 243" classname="spec_perl_TestParamsPassBool_t" time="4.69684600830078e-05">
      <skipped message="ok 3 # skip test_params_pass_bool died" />
    </testcase>
    <testcase name="Unnamed test case 244" classname="spec_perl_TestParamsPassBool_t" time="5.31673431396484e-05">
      <skipped message="ok 4 # skip test_params_pass_bool died" />
    </testcase>
    <testcase name="Unnamed test case 245" classname="spec_perl_TestParamsPassBool_t" time="3.69548797607422e-05">
      <skipped message="ok 5 # skip test_params_pass_bool died" />
    </testcase>
    <testcase name="Unnamed test case 246" classname="spec_perl_TestParamsPassBool_t" time="3.69548797607422e-05">
      <skipped message="ok 6 # skip test_params_pass_bool died" />
    </testcase>
    <testcase name="Unnamed test case 247" classname="spec_perl_TestParamsPassBool_t" time="3.50475311279297e-05">
      <skipped message="ok 7 # skip test_params_pass_bool died" />
    </testcase>
    <testcase name="Unnamed test case 248" classname="spec_perl_TestParamsPassBool_t" time="4.1961669921875e-05">
      <skipped message="ok 8 # skip test_params_pass_bool died" />
    </testcase>
    <testcase name="Unnamed test case 249" classname="spec_perl_TestParamsPassBool_t" time="3.50475311279297e-05">
      <skipped message="ok 9 # skip test_params_pass_bool died" />
    </testcase>
    <testcase name="Unnamed test case 250" classname="spec_perl_TestParamsPassBool_t" time="3.60012054443359e-05">
      <skipped message="ok 10 # skip test_params_pass_bool died" />
    </testcase>
    <testcase name="Unnamed test case 251" classname="spec_perl_TestParamsPassBool_t" time="3.50475311279297e-05">
      <skipped message="ok 11 # skip test_params_pass_bool died" />
    </testcase>
    <testcase name="Unnamed test case 252" classname="spec_perl_TestParamsPassBool_t" time="3.48091125488281e-05">
      <skipped message="ok 12 # skip test_params_pass_bool died" />
    </testcase>
    <testcase name="Unnamed test case 253" classname="spec_perl_TestParamsPassBool_t" time="4.72068786621094e-05">
      <skipped message="ok 13 # skip test_params_pass_bool died" />
    </testcase>
    <testcase name="Unnamed test case 254" classname="spec_perl_TestParamsPassBool_t" time="3.98159027099609e-05">
      <skipped message="ok 14 # skip test_params_pass_bool died" />
    </testcase>
  </testsuite>
  <testsuite name="spec_perl_TestRepeatEosStruct_t" errors="0" failures="0" skipped="0" tests="5" time="0.0295791625976562">
    <system-out>1..5
ok 1 - Equals
ok 2 - Equals
ok 3 - Equals
ok 4 - Equals
ok 5 - Equals
</system-out>
    <testcase name="Equals (254)" classname="spec_perl_TestRepeatEosStruct_t" time="0.00114703178405762" />
    <testcase name="Equals (255)" classname="spec_perl_TestRepeatEosStruct_t" time="5.69820404052734e-05" />
    <testcase name="Equals (256)" classname="spec_perl_TestRepeatEosStruct_t" time="4.69684600830078e-05" />
    <testcase name="Equals (257)" classname="spec_perl_TestRepeatEosStruct_t" time="5.00679016113281e-05" />
    <testcase name="Equals (258)" classname="spec_perl_TestRepeatEosStruct_t" time="4.29153442382812e-05" />
  </testsuite>
  <testsuite name="spec_perl_TestProcessXor4Const_t" errors="0" failures="0" skipped="0" tests="2" time="0.0290179252624512">
    <system-out>1..2
ok 1 - Equals
ok 2 - Equals
</system-out>
    <testcase name="Equals (259)" classname="spec_perl_TestProcessXor4Const_t" time="0.0011298656463623" />
    <testcase name="Equals (260)" classname="spec_perl_TestProcessXor4Const_t" time="5.69820404052734e-05" />
  </testsuite>
  <testsuite name="spec_perl_TestIndexSizes_t" errors="0" failures="0" skipped="0" tests="7" time="0.0330550670623779">
    <system-out>1..7
ok 1 - Equals
ok 2 - Equals
ok 3 - Equals
ok 4 - Equals
ok 5 - Equals
ok 6 - Equals
ok 7 - Equals
</system-out>
    <testcase name="Equals (261)" classname="spec_perl_TestIndexSizes_t" time="0.00111293792724609" />
    <testcase name="Equals (262)" classname="spec_perl_TestIndexSizes_t" time="6.00814819335938e-05" />
    <testcase name="Equals (263)" classname="spec_perl_TestIndexSizes_t" time="4.91142272949219e-05" />
    <testcase name="Equals (264)" classname="spec_perl_TestIndexSizes_t" time="5.38825988769531e-05" />
    <testcase name="Equals (265)" classname="spec_perl_TestIndexSizes_t" time="4.41074371337891e-05" />
    <testcase name="Equals (266)" classname="spec_perl_TestIndexSizes_t" time="4.1961669921875e-05" />
    <testcase name="Equals (267)" classname="spec_perl_TestIndexSizes_t" time="4.50611114501953e-05" />
  </testsuite>
  <testsuite name="spec_perl_TestSwitchRepeatExprInvalid_t" errors="0" failures="0" skipped="0" tests="3" time="0.0299451351165771">
    <system-out>1..3
ok 1 - Equals
ok 2 - Equals
ok 3 - Equals
</system-out>
    <testcase name="Equals (268)" classname="spec_perl_TestSwitchRepeatExprInvalid_t" time="0.0010530948638916" />
    <testcase name="Equals (269)" classname="spec_perl_TestSwitchRepeatExprInvalid_t" time="5.88893890380859e-05" />
    <testcase name="Equals (270)" classname="spec_perl_TestSwitchRepeatExprInvalid_t" time="4.60147857666016e-05" />
  </testsuite>
  <testsuite name="spec_perl_TestCombineBool_t" errors="0" failures="0" skipped="0" tests="2" time="0.0289509296417236">
    <system-out>1..2
ok 1 - Equals
ok 2 - Equals
</system-out>
    <testcase name="Equals (271)" classname="spec_perl_TestCombineBool_t" time="0.00105810165405273" />
    <testcase name="Equals (272)" classname="spec_perl_TestCombineBool_t" time="5.79357147216797e-05" />
  </testsuite>
  <testsuite name="spec_perl_TestBitsByteAligned_t" errors="0" failures="0" skipped="0" tests="9" time="0.0300900936126709">
    <system-out>1..9
ok 1 - Equals
ok 2 - Equals
ok 3 - Equals
ok 4 - Equals
ok 5 - Equals
ok 6 - Equals
ok 7 - Equals
ok 8 - Equals
ok 9 - Equals
</system-out>
    <testcase name="Equals (273)" classname="spec_perl_TestBitsByteAligned_t" time="0.00110983848571777" />
    <testcase name="Equals (274)" classname="spec_perl_TestBitsByteAligned_t" time="6.19888305664062e-05" />
    <testcase name="Equals (275)" classname="spec_perl_TestBitsByteAligned_t" time="4.69684600830078e-05" />
    <testcase name="Equals (276)" classname="spec_perl_TestBitsByteAligned_t" time="4.60147857666016e-05" />
    <testcase name="Equals (277)" classname="spec_perl_TestBitsByteAligned_t" time="4.81605529785156e-05" />
    <testcase name="Equals (278)" classname="spec_perl_TestBitsByteAligned_t" time="4.10079956054688e-05" />
    <testcase name="Equals (279)" classname="spec_perl_TestBitsByteAligned_t" time="6.79492950439453e-05" />
    <testcase name="Equals (280)" classname="spec_perl_TestBitsByteAligned_t" time="6.79492950439453e-05" />
    <testcase name="Equals (281)" classname="spec_perl_TestBitsByteAligned_t" time="4.10079956054688e-05" />
  </testsuite>
  <testsuite name="spec_perl_TestExprMod_t" errors="0" failures="0" skipped="0" tests="6" time="0.0293269157409668">
    <system-out>1..6
ok 1 - Equals
ok 2 - Equals
ok 3 - Equals
ok 4 - Equals
ok 5 - Equals
ok 6 - Equals
</system-out>
    <testcase name="Equals (282)" classname="spec_perl_TestExprMod_t" time="0.00110793113708496" />
    <testcase name="Equals (283)" classname="spec_perl_TestExprMod_t" time="5.69820404052734e-05" />
    <testcase name="Equals (284)" classname="spec_perl_TestExprMod_t" time="4.69684600830078e-05" />
    <testcase name="Equals (285)" classname="spec_perl_TestExprMod_t" time="4.41074371337891e-05" />
    <testcase name="Equals (286)" classname="spec_perl_TestExprMod_t" time="4.29153442382812e-05" />
    <testcase name="Equals (287)" classname="spec_perl_TestExprMod_t" time="6.60419464111328e-05" />
  </testsuite>
  <testsuite name="spec_perl_TestExprSizeofValue0_t" errors="0" failures="0" skipped="0" tests="5" time="0.0302331447601318">
    <system-out>1..5
ok 1 - Equals
ok 2 - Equals
ok 3 - Equals
ok 4 - Equals
ok 5 - Equals
</system-out>
    <testcase name="Equals (288)" classname="spec_perl_TestExprSizeofValue0_t" time="0.00114607810974121" />
    <testcase name="Equals (289)" classname="spec_perl_TestExprSizeofValue0_t" time="5.69820404052734e-05" />
    <testcase name="Equals (290)" classname="spec_perl_TestExprSizeofValue0_t" time="4.69684600830078e-05" />
    <testcase name="Equals (291)" classname="spec_perl_TestExprSizeofValue0_t" time="5.10215759277344e-05" />
    <testcase name="Equals (292)" classname="spec_perl_TestExprSizeofValue0_t" time="5.69820404052734e-05" />
  </testsuite>
  <testsuite name="spec_perl_TestDefaultEndianMod_t" errors="0" failures="0" skipped="0" tests="3" time="0.0297830104827881">
    <system-out>1..3
ok 1 - Equals
ok 2 - Equals
ok 3 - Equals
</system-out>
    <testcase name="Equals (293)" classname="spec_perl_TestDefaultEndianMod_t" time="0.00109601020812988" />
    <testcase name="Equals (294)" classname="spec_perl_TestDefaultEndianMod_t" time="6.69956207275391e-05" />
    <testcase name="Equals (295)" classname="spec_perl_TestDefaultEndianMod_t" time="3.60012054443359e-05" />
  </testsuite>
  <testsuite name="spec_perl_TestIntegersDoubleOverflow_t" errors="0" failures="0" skipped="0" tests="8" time="0.0297329425811768">
    <system-out>1..8
ok 1 - Equals
ok 2 - Equals
ok 3 - Equals
ok 4 - Equals
ok 5 - Equals
ok 6 - Equals
ok 7 - Equals
ok 8 - Equals
</system-out>
    <testcase name="Equals (296)" classname="spec_perl_TestIntegersDoubleOverflow_t" time="0.00112199783325195" />
    <testcase name="Equals (297)" classname="spec_perl_TestIntegersDoubleOverflow_t" time="5.79357147216797e-05" />
    <testcase name="Equals (298)" classname="spec_perl_TestIntegersDoubleOverflow_t" time="4.50611114501953e-05" />
    <testcase name="Equals (299)" classname="spec_perl_TestIntegersDoubleOverflow_t" time="4.38690185546875e-05" />
    <testcase name="Equals (300)" classname="spec_perl_TestIntegersDoubleOverflow_t" time="6.69956207275391e-05" />
    <testcase name="Equals (301)" classname="spec_perl_TestIntegersDoubleOverflow_t" time="4.81605529785156e-05" />
    <testcase name="Equals (302)" classname="spec_perl_TestIntegersDoubleOverflow_t" time="6.19888305664062e-05" />
    <testcase name="Equals (303)" classname="spec_perl_TestIntegersDoubleOverflow_t" time="5.98430633544922e-05" />
  </testsuite>
  <testsuite name="spec_perl_TestOptionalId_t" errors="0" failures="0" skipped="0" tests="3" time="0.029202938079834">
    <system-out>1..3
ok 1 - Equals
ok 2 - Equals
ok 3 - Equals
</system-out>
    <testcase name="Equals (304)" classname="spec_perl_TestOptionalId_t" time="0.00106096267700195" />
    <testcase name="Equals (305)" classname="spec_perl_TestOptionalId_t" time="5.69820404052734e-05" />
    <testcase name="Equals (306)" classname="spec_perl_TestOptionalId_t" time="4.72068786621094e-05" />
  </testsuite>
  <testsuite name="spec_perl_TestRecursiveOne_t" errors="0" failures="0" skipped="0" tests="4" time="0.0302081108093262">
    <system-out>1..4
ok 1 - Equals
ok 2 - Equals
ok 3 - Equals
ok 4 - Equals
</system-out>
    <testcase name="Equals (307)" classname="spec_perl_TestRecursiveOne_t" time="0.00113391876220703" />
    <testcase name="Equals (308)" classname="spec_perl_TestRecursiveOne_t" time="6.81877136230469e-05" />
    <testcase name="Equals (309)" classname="spec_perl_TestRecursiveOne_t" time="3.79085540771484e-05" />
    <testcase name="Equals (310)" classname="spec_perl_TestRecursiveOne_t" time="4.41074371337891e-05" />
  </testsuite>
  <testsuite name="spec_perl_TestMetaTags_t" errors="0" failures="0" skipped="1" tests="1" time="0.0293331146240234">
    <system-out>1..1
ok 1 # skip MetaTags=HASH(0x55fbe985d430)
</system-out>
    <testcase name="Unnamed test case 310" classname="spec_perl_TestMetaTags_t" time="0.00128817558288574">
      <skipped message="ok 1 # skip MetaTags=HASH(0x55fbe985d430)" />
    </testcase>
  </testsuite>
  <testsuite name="spec_perl_TestSwitchManualEnumInvalid_t" errors="0" failures="0" skipped="0" tests="5" time="0.0335538387298584">
    <system-out>1..5
ok 1 - Equals
ok 2 - Equals
ok 3 - nil
ok 4 - Equals
ok 5 - nil
</system-out>
    <testcase name="Equals (311)" classname="spec_perl_TestSwitchManualEnumInvalid_t" time="0.00112700462341309" />
    <testcase name="Equals (312)" classname="spec_perl_TestSwitchManualEnumInvalid_t" time="5.81741333007812e-05" />
    <testcase name="nil (312)" classname="spec_perl_TestSwitchManualEnumInvalid_t" time="3.88622283935547e-05" />
    <testcase name="Equals (313)" classname="spec_perl_TestSwitchManualEnumInvalid_t" time="5.00679016113281e-05" />
    <testcase name="nil (313)" classname="spec_perl_TestSwitchManualEnumInvalid_t" time="4.38690185546875e-05" />
  </testsuite>
  <testsuite name="spec_perl_TestValidEqStrEncodings_t" errors="0" failures="0" skipped="1" tests="1" time="0.0367040634155273">
    <system-out>1..1
ok 1 # skip ValidEqStrEncodings=HASH(0x5607c26c50a0)
</system-out>
    <testcase name="Unnamed test case 313" classname="spec_perl_TestValidEqStrEncodings_t" time="0.00479817390441895">
      <skipped message="ok 1 # skip ValidEqStrEncodings=HASH(0x5607c26c50a0)" />
    </testcase>
  </testsuite>
  <testsuite name="spec_perl_TestExprBits_t" errors="0" failures="0" skipped="0" tests="10" time="0.0305829048156738">
    <system-out>1..10
ok 1 - Equals
ok 2 - Equals
ok 3 - Equals
ok 4 - Equals
ok 5 - Equals
ok 6 - Equals
ok 7 - Equals
ok 8 - Equals
ok 9 - Equals
ok 10 - Equals
</system-out>
    <testcase name="Equals (314)" classname="spec_perl_TestExprBits_t" time="0.00119304656982422" />
    <testcase name="Equals (315)" classname="spec_perl_TestExprBits_t" time="5.41210174560547e-05" />
    <testcase name="Equals (316)" classname="spec_perl_TestExprBits_t" time="5.19752502441406e-05" />
    <testcase name="Equals (317)" classname="spec_perl_TestExprBits_t" time="5.88893890380859e-05" />
    <testcase name="Equals (318)" classname="spec_perl_TestExprBits_t" time="6.19888305664062e-05" />
    <testcase name="Equals (319)" classname="spec_perl_TestExprBits_t" time="5.81741333007812e-05" />
    <testcase name="Equals (320)" classname="spec_perl_TestExprBits_t" time="6.58035278320312e-05" />
    <testcase name="Equals (321)" classname="spec_perl_TestExprBits_t" time="6.81877136230469e-05" />
    <testcase name="Equals (322)" classname="spec_perl_TestExprBits_t" time="5.79357147216797e-05" />
    <testcase name="Equals (323)" classname="spec_perl_TestExprBits_t" time="7.89165496826172e-05" />
  </testsuite>
  <testsuite name="spec_perl_TestRepeatNStruct_t" errors="0" failures="0" skipped="0" tests="5" time="0.0297350883483887">
    <system-out>1..5
ok 1 - Equals
ok 2 - Equals
ok 3 - Equals
ok 4 - Equals
ok 5 - Equals
</system-out>
    <testcase name="Equals (324)" classname="spec_perl_TestRepeatNStruct_t" time="0.00108909606933594" />
    <testcase name="Equals (325)" classname="spec_perl_TestRepeatNStruct_t" time="5.79357147216797e-05" />
    <testcase name="Equals (326)" classname="spec_perl_TestRepeatNStruct_t" time="4.81605529785156e-05" />
    <testcase name="Equals (327)" classname="spec_perl_TestRepeatNStruct_t" time="4.38690185546875e-05" />
    <testcase name="Equals (328)" classname="spec_perl_TestRepeatNStruct_t" time="4.1961669921875e-05" />
  </testsuite>
  <testsuite name="spec_perl_TestBitsShiftByB32Le_t" errors="0" failures="0" skipped="0" tests="2" time="0.0292339324951172">
    <system-out>1..2
ok 1 - Equals
ok 2 - Equals
</system-out>
    <testcase name="Equals (329)" classname="spec_perl_TestBitsShiftByB32Le_t" time="0.00108885765075684" />
    <testcase name="Equals (330)" classname="spec_perl_TestBitsShiftByB32Le_t" time="5.91278076171875e-05" />
  </testsuite>
  <testsuite name="spec_perl_TestProcessCoerceSwitch_t" errors="0" failures="0" skipped="0" tests="3" time="0.0298361778259277">
    <system-out>1..3
ok 1 - Equals
ok 2 - Equals
ok 3 - Equals
</system-out>
    <testcase name="Equals (331)" classname="spec_perl_TestProcessCoerceSwitch_t" time="0.00140881538391113" />
    <testcase name="Equals (332)" classname="spec_perl_TestProcessCoerceSwitch_t" time="6.22272491455078e-05" />
    <testcase name="Equals (333)" classname="spec_perl_TestProcessCoerceSwitch_t" time="4.57763671875e-05" />
  </testsuite>
  <testsuite name="spec_perl_TestNonStandard_t" errors="0" failures="0" skipped="0" tests="1" time="0.0294868946075439">
    <system-out>1..1
ok 1 - Equals
</system-out>
    <testcase name="Equals (334)" classname="spec_perl_TestNonStandard_t" time="0.0011141300201416" />
  </testsuite>
  <testsuite name="spec_perl_TestOpaqueExternalType02Parent_t" errors="0" failures="0" skipped="0" tests="3" time="0.0339879989624023">
    <system-out>1..3
ok 1 - Equals
ok 2 - Equals
ok 3 - Equals
</system-out>
    <testcase name="Equals (335)" classname="spec_perl_TestOpaqueExternalType02Parent_t" time="0.00116181373596191" />
    <testcase name="Equals (336)" classname="spec_perl_TestOpaqueExternalType02Parent_t" time="6.103515625e-05" />
    <testcase name="Equals (337)" classname="spec_perl_TestOpaqueExternalType02Parent_t" time="4.69684600830078e-05" />
  </testsuite>
  <testsuite name="spec_perl_TestSwitchManualEnum_t" errors="0" failures="0" skipped="0" tests="9" time="0.0340850353240967">
    <system-out>1..9
ok 1 - Equals
ok 2 - Equals
ok 3 - Equals
ok 4 - Equals
ok 5 - Equals
ok 6 - Equals
ok 7 - Equals
ok 8 - Equals
ok 9 - Equals
</system-out>
    <testcase name="Equals (338)" classname="spec_perl_TestSwitchManualEnum_t" time="0.00118494033813477" />
    <testcase name="Equals (339)" classname="spec_perl_TestSwitchManualEnum_t" time="6.60419464111328e-05" />
    <testcase name="Equals (340)" classname="spec_perl_TestSwitchManualEnum_t" time="3.69548797607422e-05" />
    <testcase name="Equals (341)" classname="spec_perl_TestSwitchManualEnum_t" time="4.41074371337891e-05" />
    <testcase name="Equals (342)" classname="spec_perl_TestSwitchManualEnum_t" time="4.29153442382812e-05" />
    <testcase name="Equals (343)" classname="spec_perl_TestSwitchManualEnum_t" time="4.10079956054688e-05" />
    <testcase name="Equals (344)" classname="spec_perl_TestSwitchManualEnum_t" time="5.81741333007812e-05" />
    <testcase name="Equals (345)" classname="spec_perl_TestSwitchManualEnum_t" time="5.07831573486328e-05" />
    <testcase name="Equals (346)" classname="spec_perl_TestSwitchManualEnum_t" time="5.60283660888672e-05" />
  </testsuite>
  <testsuite name="spec_perl_TestEofExceptionU4_t" errors="0" failures="0" skipped="0" tests="1" time="0.0306899547576904">
    <system-out>1..1
ok 1 - threw /^Requested \d+ bytes, but only \d+ bytes available/
</system-out>
    <testcase name="threw /^Requested \d+ bytes, but only \d+ bytes available/ (346)" classname="spec_perl_TestEofExceptionU4_t" time="0.00111985206604004" />
  </testsuite>
  <testsuite name="spec_perl_TestNavParentFalse2_t" errors="0" failures="0" skipped="0" tests="1" time="0.02889084815979">
    <system-out>1..1
ok 1 - Equals
</system-out>
    <testcase name="Equals (347)" classname="spec_perl_TestNavParentFalse2_t" time="0.00110602378845215" />
  </testsuite>
  <testsuite name="spec_perl_TestIntegers_t" errors="0" failures="0" skipped="0" tests="20" time="0.0310111045837402">
    <system-out>1..20
ok 1 - Equals
ok 2 - Equals
ok 3 - Equals
ok 4 - Equals
ok 5 - Equals
ok 6 - Equals
ok 7 - Equals
ok 8 - Equals
ok 9 - Equals
ok 10 - Equals
ok 11 - Equals
ok 12 - Equals
ok 13 - Equals
ok 14 - Equals
ok 15 - Equals
ok 16 - Equals
ok 17 - Equals
ok 18 - Equals
ok 19 - Equals
ok 20 - Equals
</system-out>
    <testcase name="Equals (348)" classname="spec_perl_TestIntegers_t" time="0.00116515159606934" />
    <testcase name="Equals (349)" classname="spec_perl_TestIntegers_t" time="5.79357147216797e-05" />
    <testcase name="Equals (350)" classname="spec_perl_TestIntegers_t" time="4.79221343994141e-05" />
    <testcase name="Equals (351)" classname="spec_perl_TestIntegers_t" time="4.41074371337891e-05" />
    <testcase name="Equals (352)" classname="spec_perl_TestIntegers_t" time="5.00679016113281e-05" />
    <testcase name="Equals (353)" classname="spec_perl_TestIntegers_t" time="4.60147857666016e-05" />
    <testcase name="Equals (354)" classname="spec_perl_TestIntegers_t" time="6.38961791992188e-05" />
    <testcase name="Equals (355)" classname="spec_perl_TestIntegers_t" time="5.50746917724609e-05" />
    <testcase name="Equals (356)" classname="spec_perl_TestIntegers_t" time="5.88893890380859e-05" />
    <testcase name="Equals (357)" classname="spec_perl_TestIntegers_t" time="6.00814819335938e-05" />
    <testcase name="Equals (358)" classname="spec_perl_TestIntegers_t" time="5.79357147216797e-05" />
    <testcase name="Equals (359)" classname="spec_perl_TestIntegers_t" time="6.41345977783203e-05" />
    <testcase name="Equals (360)" classname="spec_perl_TestIntegers_t" time="6.19888305664062e-05" />
    <testcase name="Equals (361)" classname="spec_perl_TestIntegers_t" time="5.38825988769531e-05" />
    <testcase name="Equals (362)" classname="spec_perl_TestIntegers_t" time="5.79357147216797e-05" />
    <testcase name="Equals (363)" classname="spec_perl_TestIntegers_t" time="6.31809234619141e-05" />
    <testcase name="Equals (364)" classname="spec_perl_TestIntegers_t" time="5.29289245605469e-05" />
    <testcase name="Equals (365)" classname="spec_perl_TestIntegers_t" time="5.69820404052734e-05" />
    <testcase name="Equals (366)" classname="spec_perl_TestIntegers_t" time="5.88893890380859e-05" />
    <testcase name="Equals (367)" classname="spec_perl_TestIntegers_t" time="5.81741333007812e-05" />
  </testsuite>
  <testsuite name="spec_perl_TestDefaultEndianExprIsLe_t" errors="0" failures="0" skipped="0" tests="12" time="0.0305168628692627">
    <system-out>1..12
ok 1 - Equals
ok 2 - Equals
ok 3 - Equals
ok 4 - Equals
ok 5 - Equals
ok 6 - Equals
ok 7 - Equals
ok 8 - Equals
ok 9 - Equals
ok 10 - Equals
ok 11 - Equals
ok 12 - Equals
</system-out>
    <testcase name="Equals (368)" classname="spec_perl_TestDefaultEndianExprIsLe_t" time="0.00117707252502441" />
    <testcase name="Equals (369)" classname="spec_perl_TestDefaultEndianExprIsLe_t" time="5.88893890380859e-05" />
    <testcase name="Equals (370)" classname="spec_perl_TestDefaultEndianExprIsLe_t" time="4.60147857666016e-05" />
    <testcase name="Equals (371)" classname="spec_perl_TestDefaultEndianExprIsLe_t" time="5.10215759277344e-05" />
    <testcase name="Equals (372)" classname="spec_perl_TestDefaultEndianExprIsLe_t" time="4.1961669921875e-05" />
    <testcase name="Equals (373)" classname="spec_perl_TestDefaultEndianExprIsLe_t" time="4.91142272949219e-05" />
    <testcase name="Equals (374)" classname="spec_perl_TestDefaultEndianExprIsLe_t" time="6.58035278320312e-05" />
    <testcase name="Equals (375)" classname="spec_perl_TestDefaultEndianExprIsLe_t" time="5.81741333007812e-05" />
    <testcase name="Equals (376)" classname="spec_perl_TestDefaultEndianExprIsLe_t" time="5.79357147216797e-05" />
    <testcase name="Equals (377)" classname="spec_perl_TestDefaultEndianExprIsLe_t" time="6.00814819335938e-05" />
    <testcase name="Equals (378)" classname="spec_perl_TestDefaultEndianExprIsLe_t" time="5.88893890380859e-05" />
    <testcase name="Equals (379)" classname="spec_perl_TestDefaultEndianExprIsLe_t" time="5.91278076171875e-05" />
  </testsuite>
  <testsuite name="spec_perl_TestBitsUnalignedB64Be_t" errors="0" failures="0" skipped="0" tests="3" time="0.0291459560394287">
    <system-out>1..3
ok 1 - Equals
ok 2 - Equals
ok 3 - Equals
</system-out>
    <testcase name="Equals (380)" classname="spec_perl_TestBitsUnalignedB64Be_t" time="0.00110793113708496" />
    <testcase name="Equals (381)" classname="spec_perl_TestBitsUnalignedB64Be_t" time="6.00814819335938e-05" />
    <testcase name="Equals (382)" classname="spec_perl_TestBitsUnalignedB64Be_t" time="5.29289245605469e-05" />
  </testsuite>
  <testsuite name="spec_perl_TestRepeatNStrz_t" errors="0" failures="0" skipped="0" tests="2" time="0.0334510803222656">
    <system-out>1..2
ok 1 - Equals
ok 2 - Equals
</system-out>
    <testcase name="Equals (383)" classname="spec_perl_TestRepeatNStrz_t" time="0.00110483169555664" />
    <testcase name="Equals (384)" classname="spec_perl_TestRepeatNStrz_t" time="6.103515625e-05" />
  </testsuite>
  <testsuite name="spec_perl_TestSwitchManualStrElse_t" errors="0" failures="0" skipped="0" tests="9" time="0.03432297706604">
    <system-out>1..9
ok 1 - Equals
ok 2 - Equals
ok 3 - Equals
ok 4 - Equals
ok 5 - Equals
ok 6 - Equals
ok 7 - Equals
ok 8 - Equals
ok 9 - Equals
</system-out>
    <testcase name="Equals (385)" classname="spec_perl_TestSwitchManualStrElse_t" time="0.00118708610534668" />
    <testcase name="Equals (386)" classname="spec_perl_TestSwitchManualStrElse_t" time="6.19888305664062e-05" />
    <testcase name="Equals (387)" classname="spec_perl_TestSwitchManualStrElse_t" time="4.69684600830078e-05" />
    <testcase name="Equals (388)" classname="spec_perl_TestSwitchManualStrElse_t" time="4.41074371337891e-05" />
    <testcase name="Equals (389)" classname="spec_perl_TestSwitchManualStrElse_t" time="4.1961669921875e-05" />
    <testcase name="Equals (390)" classname="spec_perl_TestSwitchManualStrElse_t" time="5.19752502441406e-05" />
    <testcase name="Equals (391)" classname="spec_perl_TestSwitchManualStrElse_t" time="6.29425048828125e-05" />
    <testcase name="Equals (392)" classname="spec_perl_TestSwitchManualStrElse_t" time="5.50746917724609e-05" />
    <testcase name="Equals (393)" classname="spec_perl_TestSwitchManualStrElse_t" time="5.98430633544922e-05" />
  </testsuite>
  <testsuite name="spec_perl_TestImportsCircularA_t" errors="0" failures="0" skipped="0" tests="5" time="0.0296230316162109">
    <system-out>1..5
ok 1 - Equals
ok 2 - Equals
ok 3 - Equals
ok 4 - Equals
ok 5 - nil
</system-out>
    <testcase name="Equals (394)" classname="spec_perl_TestImportsCircularA_t" time="0.0010521411895752" />
    <testcase name="Equals (395)" classname="spec_perl_TestImportsCircularA_t" time="5.88893890380859e-05" />
    <testcase name="Equals (396)" classname="spec_perl_TestImportsCircularA_t" time="4.69684600830078e-05" />
    <testcase name="Equals (397)" classname="spec_perl_TestImportsCircularA_t" time="4.69684600830078e-05" />
    <testcase name="nil (397)" classname="spec_perl_TestImportsCircularA_t" time="6.69956207275391e-05" />
  </testsuite>
  <testsuite name="spec_perl_TestStrEos_t" errors="0" failures="0" skipped="0" tests="1" time="0.0332691669464111">
    <system-out>1..1
ok 1 - Equals
</system-out>
    <testcase name="Equals (398)" classname="spec_perl_TestStrEos_t" time="0.00108885765075684" />
  </testsuite>
  <testsuite name="spec_perl_TestEnumOfValueInst_t" errors="0" failures="0" skipped="0" tests="4" time="0.0290160179138184">
    <system-out>1..4
ok 1 - Equals
ok 2 - Equals
ok 3 - Equals
ok 4 - Equals
</system-out>
    <testcase name="Equals (399)" classname="spec_perl_TestEnumOfValueInst_t" time="0.00102782249450684" />
    <testcase name="Equals (400)" classname="spec_perl_TestEnumOfValueInst_t" time="6.103515625e-05" />
    <testcase name="Equals (401)" classname="spec_perl_TestEnumOfValueInst_t" time="5.00679016113281e-05" />
    <testcase name="Equals (402)" classname="spec_perl_TestEnumOfValueInst_t" time="4.41074371337891e-05" />
  </testsuite>
  <testsuite name="spec_perl_TestInstanceStdArray_t" errors="0" failures="0" skipped="0" tests="7" time="0.0295279026031494">
    <system-out>1..7
ok 1 - Equals
ok 2 - Equals
ok 3 - Equals
ok 4 - Equals
ok 5 - Equals
ok 6 - Equals
ok 7 - Equals
</system-out>
    <testcase name="Equals (403)" classname="spec_perl_TestInstanceStdArray_t" time="0.00111508369445801" />
    <testcase name="Equals (404)" classname="spec_perl_TestInstanceStdArray_t" time="6.79492950439453e-05" />
    <testcase name="Equals (405)" classname="spec_perl_TestInstanceStdArray_t" time="4.79221343994141e-05" />
    <testcase name="Equals (406)" classname="spec_perl_TestInstanceStdArray_t" time="4.41074371337891e-05" />
    <testcase name="Equals (407)" classname="spec_perl_TestInstanceStdArray_t" time="6.69956207275391e-05" />
    <testcase name="Equals (408)" classname="spec_perl_TestInstanceStdArray_t" time="6.29425048828125e-05" />
    <testcase name="Equals (409)" classname="spec_perl_TestInstanceStdArray_t" time="4.50611114501953e-05" />
  </testsuite>
  <testsuite name="spec_perl_TestExprEnum_t" errors="0" failures="0" skipped="0" tests="3" time="0.029224157333374">
    <system-out>1..3
ok 1 - Equals
ok 2 - Equals
ok 3 - Equals
</system-out>
    <testcase name="Equals (410)" classname="spec_perl_TestExprEnum_t" time="0.00106215476989746" />
    <testcase name="Equals (411)" classname="spec_perl_TestExprEnum_t" time="6.103515625e-05" />
    <testcase name="Equals (412)" classname="spec_perl_TestExprEnum_t" time="4.69684600830078e-05" />
  </testsuite>
  <testsuite name="spec_perl_TestProcessXorConst_t" errors="0" failures="0" skipped="0" tests="2" time="0.0292019844055176">
    <system-out>1..2
ok 1 - Equals
ok 2 - Equals
</system-out>
    <testcase name="Equals (413)" classname="spec_perl_TestProcessXorConst_t" time="0.00113296508789062" />
    <testcase name="Equals (414)" classname="spec_perl_TestProcessXorConst_t" time="5.79357147216797e-05" />
  </testsuite>
  <testsuite name="spec_perl_TestDefaultEndianExprException_t" errors="0" failures="0" skipped="0" tests="1" time="0.0307540893554688">
    <system-out>1..1
ok 1 - threw /^Unable to decide on endianness/
</system-out>
    <testcase name="threw /^Unable to decide on endianness/ (414)" classname="spec_perl_TestDefaultEndianExprException_t" time="0.00112009048461914" />
  </testsuite>
  <testsuite name="spec_perl_TestSwitchIntegers2_t" errors="0" failures="0" skipped="0" tests="5" time="0.0296750068664551">
    <system-out>1..5
ok 1 - Equals
ok 2 - Equals
ok 3 - Equals
ok 4 - Equals
ok 5 - Equals
</system-out>
    <testcase name="Equals (415)" classname="spec_perl_TestSwitchIntegers2_t" time="0.00107502937316895" />
    <testcase name="Equals (416)" classname="spec_perl_TestSwitchIntegers2_t" time="6.41345977783203e-05" />
    <testcase name="Equals (417)" classname="spec_perl_TestSwitchIntegers2_t" time="3.79085540771484e-05" />
    <testcase name="Equals (418)" classname="spec_perl_TestSwitchIntegers2_t" time="4.41074371337891e-05" />
    <testcase name="Equals (419)" classname="spec_perl_TestSwitchIntegers2_t" time="4.38690185546875e-05" />
  </testsuite>
  <testsuite name="spec_perl_TestDebug0_t" errors="0" failures="0" skipped="1" tests="1" time="0.0290360450744629">
    <system-out>1..1
ok 1 # skip test_debug_0
</system-out>
    <testcase name="Unnamed test case 419" classname="spec_perl_TestDebug0_t" time="0.0001220703125">
      <skipped message="ok 1 # skip test_debug_0" />
    </testcase>
  </testsuite>
  <testsuite name="spec_perl_TestEnumIf_t" errors="0" failures="0" skipped="0" tests="7" time="0.0335719585418701">
    <system-out>1..7
ok 1 - Equals
ok 2 - Equals
ok 3 - Equals
ok 4 - Equals
ok 5 - Equals
ok 6 - Equals
ok 7 - Equals
</system-out>
    <testcase name="Equals (420)" classname="spec_perl_TestEnumIf_t" time="0.00121092796325684" />
    <testcase name="Equals (421)" classname="spec_perl_TestEnumIf_t" time="6.00814819335938e-05" />
    <testcase name="Equals (422)" classname="spec_perl_TestEnumIf_t" time="4.60147857666016e-05" />
    <testcase name="Equals (423)" classname="spec_perl_TestEnumIf_t" time="4.1961669921875e-05" />
    <testcase name="Equals (424)" classname="spec_perl_TestEnumIf_t" time="4.88758087158203e-05" />
    <testcase name="Equals (425)" classname="spec_perl_TestEnumIf_t" time="6.91413879394531e-05" />
    <testcase name="Equals (426)" classname="spec_perl_TestEnumIf_t" time="5.19752502441406e-05" />
  </testsuite>
  <testsuite name="spec_perl_TestNavParent_t" errors="0" failures="0" skipped="0" tests="5" time="0.0337491035461426">
    <system-out>1..5
ok 1 - Equals
ok 2 - Equals
ok 3 - Equals
ok 4 - Equals
ok 5 - Equals
</system-out>
    <testcase name="Equals (427)" classname="spec_perl_TestNavParent_t" time="0.0011589527130127" />
    <testcase name="Equals (428)" classname="spec_perl_TestNavParent_t" time="6.38961791992188e-05" />
    <testcase name="Equals (429)" classname="spec_perl_TestNavParent_t" time="4.72068786621094e-05" />
    <testcase name="Equals (430)" classname="spec_perl_TestNavParent_t" time="4.38690185546875e-05" />
    <testcase name="Equals (431)" classname="spec_perl_TestNavParent_t" time="4.29153442382812e-05" />
  </testsuite>
  <testsuite name="spec_perl_TestNavParentSwitch_t" errors="0" failures="0" skipped="0" tests="3" time="0.0292718410491943">
    <system-out>1..3
ok 1 - Equals
ok 2 - Equals
ok 3 - Equals
</system-out>
    <testcase name="Equals (432)" classname="spec_perl_TestNavParentSwitch_t" time="0.00111985206604004" />
    <testcase name="Equals (433)" classname="spec_perl_TestNavParentSwitch_t" time="5.81741333007812e-05" />
    <testcase name="Equals (434)" classname="spec_perl_TestNavParentSwitch_t" time="4.69684600830078e-05" />
  </testsuite>
  <testsuite name="spec_perl_TestExprIoPos_t" errors="0" failures="0" skipped="0" tests="6" time="0.0337860584259033">
    <system-out>1..6
ok 1 - Equals
ok 2 - Equals
ok 3 - Equals
ok 4 - Equals
ok 5 - Equals
ok 6 - Equals
</system-out>
    <testcase name="Equals (435)" classname="spec_perl_TestExprIoPos_t" time="0.00155091285705566" />
    <testcase name="Equals (436)" classname="spec_perl_TestExprIoPos_t" time="7.82012939453125e-05" />
    <testcase name="Equals (437)" classname="spec_perl_TestExprIoPos_t" time="4.07695770263672e-05" />
    <testcase name="Equals (438)" classname="spec_perl_TestExprIoPos_t" time="3.60012054443359e-05" />
    <testcase name="Equals (439)" classname="spec_perl_TestExprIoPos_t" time="4.72068786621094e-05" />
    <testcase name="Equals (440)" classname="spec_perl_TestExprIoPos_t" time="3.29017639160156e-05" />
  </testsuite>
  <testsuite name="spec_perl_TestSwitchManualIntSizeEos_t" errors="0" failures="0" skipped="0" tests="10" time="0.0346279144287109">
    <system-out>1..10
ok 1 - Equals
ok 2 - Equals
ok 3 - Equals
ok 4 - Equals
ok 5 - Equals
ok 6 - Equals
ok 7 - Equals
ok 8 - Equals
ok 9 - Equals
ok 10 - Equals
</system-out>
    <testcase name="Equals (441)" classname="spec_perl_TestSwitchManualIntSizeEos_t" time="0.00159597396850586" />
    <testcase name="Equals (442)" classname="spec_perl_TestSwitchManualIntSizeEos_t" time="7.20024108886719e-05" />
    <testcase name="Equals (443)" classname="spec_perl_TestSwitchManualIntSizeEos_t" time="4.10079956054688e-05" />
    <testcase name="Equals (444)" classname="spec_perl_TestSwitchManualIntSizeEos_t" time="3.69548797607422e-05" />
    <testcase name="Equals (445)" classname="spec_perl_TestSwitchManualIntSizeEos_t" time="4.69684600830078e-05" />
    <testcase name="Equals (446)" classname="spec_perl_TestSwitchManualIntSizeEos_t" time="4.31537628173828e-05" />
    <testcase name="Equals (447)" classname="spec_perl_TestSwitchManualIntSizeEos_t" time="4.10079956054688e-05" />
    <testcase name="Equals (448)" classname="spec_perl_TestSwitchManualIntSizeEos_t" time="4.10079956054688e-05" />
    <testcase name="Equals (449)" classname="spec_perl_TestSwitchManualIntSizeEos_t" time="6.79492950439453e-05" />
    <testcase name="Equals (450)" classname="spec_perl_TestSwitchManualIntSizeEos_t" time="4.10079956054688e-05" />
  </testsuite>
  <testsuite name="spec_perl_TestSwitchManualInt_t" errors="0" failures="0" skipped="0" tests="9" time="0.0344419479370117">
    <system-out>1..9
ok 1 - Equals
ok 2 - Equals
ok 3 - Equals
ok 4 - Equals
ok 5 - Equals
ok 6 - Equals
ok 7 - Equals
ok 8 - Equals
ok 9 - Equals
</system-out>
[...]
    <testcase name="Equals (887)" classname="spec_perl_TestNavParent2_t" time="8.0108642578125e-05" />
    <testcase name="Equals (888)" classname="spec_perl_TestNavParent2_t" time="6.07967376708984e-05" />
    <testcase name="Equals (889)" classname="spec_perl_TestNavParent2_t" time="5.91278076171875e-05" />
    <testcase name="Equals (890)" classname="spec_perl_TestNavParent2_t" time="6.29425048828125e-05" />
    <testcase name="Equals (891)" classname="spec_perl_TestNavParent2_t" time="8.0108642578125e-05" />
  </testsuite>
  <testsuite name="spec_perl_TestDocstringsDocrefMulti_t" errors="0" failures="0" skipped="1" tests="1" time="0.0292491912841797">
    <system-out>1..1
ok 1 # skip DocstringsDocrefMulti=HASH(0x55b0e1a0ef08)
</system-out>
    <testcase name="Unnamed test case 891" classname="spec_perl_TestDocstringsDocrefMulti_t" time="0.00136399269104004">
      <skipped message="ok 1 # skip DocstringsDocrefMulti=HASH(0x55b0e1a0ef08)" />
    </testcase>
  </testsuite>
  <testsuite name="spec_perl_TestRepeatEosBit_t" errors="0" failures="0" skipped="0" tests="1" time="0.0293190479278564">
    <system-out>1..1
ok 1 - Equals
</system-out>
    <testcase name="Equals (892)" classname="spec_perl_TestRepeatEosBit_t" time="0.00110578536987305" />
  </testsuite>
  <testsuite name="spec_perl_TestExprOpsParens_t" errors="0" failures="1" skipped="0" tests="9" time="0.0307419300079346">
    <system-out>1..9
ok 1 - Equals
ok 2 - Equals
ok 3 - Equals
ok 4 - Equals
ok 5 - Equals
ok 6 - Equals
not ok 7 - Equals
ok 8 - Equals
ok 9 - Equals
</system-out>
    <testcase name="Equals (893)" classname="spec_perl_TestExprOpsParens_t" time="0.00105500221252441" />
    <testcase name="Equals (894)" classname="spec_perl_TestExprOpsParens_t" time="6.103515625e-05" />
    <testcase name="Equals (895)" classname="spec_perl_TestExprOpsParens_t" time="4.60147857666016e-05" />
    <testcase name="Equals (896)" classname="spec_perl_TestExprOpsParens_t" time="4.38690185546875e-05" />
    <testcase name="Equals (897)" classname="spec_perl_TestExprOpsParens_t" time="6.19888305664062e-05" />
    <testcase name="Equals (898)" classname="spec_perl_TestExprOpsParens_t" time="6.00814819335938e-05" />
    <testcase name="Equals (899)" classname="spec_perl_TestExprOpsParens_t" time="7.70092010498047e-05">
      <failure message="not ok 7 - Equals" type="TAP::Parser::Result::Test"></failure>
    </testcase>
    <testcase name="Equals (900)" classname="spec_perl_TestExprOpsParens_t" time="0.00152707099914551" />
    <testcase name="Equals (901)" classname="spec_perl_TestExprOpsParens_t" time="5.98430633544922e-05" />
  </testsuite>
  <testsuite name="spec_perl_TestEosExceptionU4_t" errors="0" failures="0" skipped="0" tests="1" time="0.0307331085205078">
    <system-out>1..1
ok 1 - threw /^Requested \d+ bytes, but only \d+ bytes available/
</system-out>
    <testcase name="threw /^Requested \d+ bytes, but only \d+ bytes available/ (901)" classname="spec_perl_TestEosExceptionU4_t" time="0.0014641284942627" />
  </testsuite>
  <testsuite name="spec_perl_TestYamlInts_t" errors="0" failures="0" skipped="0" tests="4" time="0.0288810729980469">
    <system-out>1..4
ok 1 - Equals
ok 2 - Equals
ok 3 - Equals
ok 4 - Equals
</system-out>
    <testcase name="Equals (902)" classname="spec_perl_TestYamlInts_t" time="0.00108599662780762" />
    <testcase name="Equals (903)" classname="spec_perl_TestYamlInts_t" time="5.60283660888672e-05" />
    <testcase name="Equals (904)" classname="spec_perl_TestYamlInts_t" time="4.57763671875e-05" />
    <testcase name="Equals (905)" classname="spec_perl_TestYamlInts_t" time="4.41074371337891e-05" />
  </testsuite>
  <testsuite name="spec_perl_TestEnumLongRangeS_t" errors="0" failures="0" skipped="0" tests="7" time="0.0293760299682617">
    <system-out>1..7
ok 1 - Equals
ok 2 - Equals
ok 3 - Equals
ok 4 - Equals
ok 5 - Equals
ok 6 - Equals
ok 7 - Equals
</system-out>
    <testcase name="Equals (906)" classname="spec_perl_TestEnumLongRangeS_t" time="0.00106406211853027" />
    <testcase name="Equals (907)" classname="spec_perl_TestEnumLongRangeS_t" time="5.79357147216797e-05" />
    <testcase name="Equals (908)" classname="spec_perl_TestEnumLongRangeS_t" time="4.60147857666016e-05" />
    <testcase name="Equals (909)" classname="spec_perl_TestEnumLongRangeS_t" time="4.22000885009766e-05" />
    <testcase name="Equals (910)" classname="spec_perl_TestEnumLongRangeS_t" time="4.38690185546875e-05" />
    <testcase name="Equals (911)" classname="spec_perl_TestEnumLongRangeS_t" time="6.41345977783203e-05" />
    <testcase name="Equals (912)" classname="spec_perl_TestEnumLongRangeS_t" time="5.19752502441406e-05" />
  </testsuite>
  <testsuite name="spec_perl_TestEnumFancy_t" errors="0" failures="0" skipped="0" tests="2" time="0.0288510322570801">
    <system-out>1..2
ok 1 - Equals
ok 2 - Equals
</system-out>
    <testcase name="Equals (913)" classname="spec_perl_TestEnumFancy_t" time="0.00105786323547363" />
    <testcase name="Equals (914)" classname="spec_perl_TestEnumFancy_t" time="5.41210174560547e-05" />
  </testsuite>
  <testsuite name="spec_perl_TestEnumToIClassBorder1_t" errors="0" failures="1" skipped="0" tests="3" time="0.0310928821563721">
    <system-out>1..3
ok 1 - Equals
ok 2 - Equals
not ok 3 - test_enum_to_i_class_border_1 died (Can't call method &quot;some_dog&quot; on an undefined value at compiled/perl/EnumToIClassBorder2.pm line 42.)
</system-out>
    <testcase name="Equals (915)" classname="spec_perl_TestEnumToIClassBorder1_t" time="0.00116205215454102" />
    <testcase name="Equals (916)" classname="spec_perl_TestEnumToIClassBorder1_t" time="5.19752502441406e-05" />
    <testcase name="test_enum_to_i_class_border_1 died (Can't call method &quot;some_dog&quot; on an undefined value at compiled/perl/EnumToIClassBorder2.pm line 42.) (916)" classname="spec_perl_TestEnumToIClassBorder1_t" time="9.89437103271484e-05">
      <failure message="not ok 3 - test_enum_to_i_class_border_1 died (Can't call method &quot;some_dog&quot; on an undefined value at compiled/perl/EnumToIClassBorder2.pm line 42.)" type="TAP::Parser::Result::Test"></failure>
    </testcase>
  </testsuite>
  <testsuite name="spec_perl_TestProcessRepeatUsertype_t" errors="0" failures="0" skipped="0" tests="4" time="0.0300228595733643">
    <system-out>1..4
ok 1 - Equals
ok 2 - Equals
ok 3 - Equals
ok 4 - Equals
</system-out>
    <testcase name="Equals (917)" classname="spec_perl_TestProcessRepeatUsertype_t" time="0.00145697593688965" />
    <testcase name="Equals (918)" classname="spec_perl_TestProcessRepeatUsertype_t" time="7.89165496826172e-05" />
    <testcase name="Equals (919)" classname="spec_perl_TestProcessRepeatUsertype_t" time="4.00543212890625e-05" />
    <testcase name="Equals (920)" classname="spec_perl_TestProcessRepeatUsertype_t" time="4.38690185546875e-05" />
  </testsuite>
  <testsuite name="spec_perl_TestInstanceIoUser_t" errors="0" failures="0" skipped="0" tests="4" time="0.033991813659668">
    <system-out>1..4
ok 1 - Equals
ok 2 - Equals
ok 3 - Equals
ok 4 - Equals
</system-out>
    <testcase name="Equals (921)" classname="spec_perl_TestInstanceIoUser_t" time="0.0014498233795166" />
    <testcase name="Equals (922)" classname="spec_perl_TestInstanceIoUser_t" time="7.10487365722656e-05" />
    <testcase name="Equals (923)" classname="spec_perl_TestInstanceIoUser_t" time="4.10079956054688e-05" />
    <testcase name="Equals (924)" classname="spec_perl_TestInstanceIoUser_t" time="4.79221343994141e-05" />
  </testsuite>
  <testsuite name="spec_perl_TestIndexToParamEos_t" errors="0" failures="2" skipped="0" tests="7" time="0.0339040756225586">
    <system-out>1..7
ok 1 - Equals
ok 2 - Equals
ok 3 - Equals
ok 4 - Equals
ok 5 - Equals
not ok 6 - Equals
not ok 7 - Equals
</system-out>
    <testcase name="Equals (925)" classname="spec_perl_TestIndexToParamEos_t" time="0.00182890892028809" />
    <testcase name="Equals (926)" classname="spec_perl_TestIndexToParamEos_t" time="6.60419464111328e-05" />
    <testcase name="Equals (927)" classname="spec_perl_TestIndexToParamEos_t" time="3.91006469726562e-05" />
    <testcase name="Equals (928)" classname="spec_perl_TestIndexToParamEos_t" time="4.1961669921875e-05" />
    <testcase name="Equals (929)" classname="spec_perl_TestIndexToParamEos_t" time="3.38554382324219e-05" />
    <testcase name="Equals (930)" classname="spec_perl_TestIndexToParamEos_t" time="4.50611114501953e-05">
      <failure message="not ok 6 - Equals" type="TAP::Parser::Result::Test"></failure>
    </testcase>
    <testcase name="Equals (931)" classname="spec_perl_TestIndexToParamEos_t" time="5.00679016113281e-05">
      <failure message="not ok 7 - Equals" type="TAP::Parser::Result::Test"></failure>
    </testcase>
  </testsuite>
  <testsuite name="spec_perl_TestProcessXor4Value_t" errors="0" failures="0" skipped="0" tests="2" time="0.0293807983398438">
    <system-out>1..2
ok 1 - Equals
ok 2 - Equals
</system-out>
    <testcase name="Equals (932)" classname="spec_perl_TestProcessXor4Value_t" time="0.00114989280700684" />
    <testcase name="Equals (933)" classname="spec_perl_TestProcessXor4Value_t" time="5.79357147216797e-05" />
  </testsuite>
  <testsuite name="spec_perl_TestBytesPadTerm_t" errors="0" failures="0" skipped="0" tests="4" time="0.02960205078125">
    <system-out>1..4
ok 1 - Equals
ok 2 - Equals
ok 3 - Equals
ok 4 - Equals
</system-out>
    <testcase name="Equals (934)" classname="spec_perl_TestBytesPadTerm_t" time="0.00107502937316895" />
    <testcase name="Equals (935)" classname="spec_perl_TestBytesPadTerm_t" time="5.81741333007812e-05" />
    <testcase name="Equals (936)" classname="spec_perl_TestBytesPadTerm_t" time="4.57763671875e-05" />
    <testcase name="Equals (937)" classname="spec_perl_TestBytesPadTerm_t" time="4.31537628173828e-05" />
  </testsuite>
  <testsuite name="spec_perl_TestValidSwitch_t" errors="0" failures="0" skipped="1" tests="1" time="0.02972412109375">
    <system-out>1..1
ok 1 # skip ValidSwitch=HASH(0x557b4960dac0)
</system-out>
    <testcase name="Unnamed test case 937" classname="spec_perl_TestValidSwitch_t" time="0.00191783905029297">
      <skipped message="ok 1 # skip ValidSwitch=HASH(0x557b4960dac0)" />
    </testcase>
  </testsuite>
  <testsuite name="spec_perl_TestProcessCoerceUsertype2_t" errors="0" failures="0" skipped="0" tests="4" time="0.0300500392913818">
    <system-out>1..4
ok 1 - Equals
ok 2 - Equals
ok 3 - Equals
ok 4 - Equals
</system-out>
    <testcase name="Equals (938)" classname="spec_perl_TestProcessCoerceUsertype2_t" time="0.0015101432800293" />
    <testcase name="Equals (939)" classname="spec_perl_TestProcessCoerceUsertype2_t" time="5.69820404052734e-05" />
    <testcase name="Equals (940)" classname="spec_perl_TestProcessCoerceUsertype2_t" time="5.79357147216797e-05" />
    <testcase name="Equals (941)" classname="spec_perl_TestProcessCoerceUsertype2_t" time="3.79085540771484e-05" />
  </testsuite>
  <testsuite name="spec_perl_TestRepeatNStrzDouble_t" errors="0" failures="0" skipped="0" tests="3" time="0.0339179039001465">
    <system-out>1..3
ok 1 - Equals
ok 2 - Equals
ok 3 - Equals
</system-out>
    <testcase name="Equals (942)" classname="spec_perl_TestRepeatNStrzDouble_t" time="0.00113701820373535" />
    <testcase name="Equals (943)" classname="spec_perl_TestRepeatNStrzDouble_t" time="7.39097595214844e-05" />
    <testcase name="Equals (944)" classname="spec_perl_TestRepeatNStrzDouble_t" time="5.10215759277344e-05" />
  </testsuite>
  <testsuite name="spec_perl_TestProcessRepeatBytes_t" errors="0" failures="0" skipped="0" tests="2" time="0.02931809425354">
    <system-out>1..2
ok 1 - Equals
ok 2 - Equals
</system-out>
    <testcase name="Equals (945)" classname="spec_perl_TestProcessRepeatBytes_t" time="0.00106000900268555" />
    <testcase name="Equals (946)" classname="spec_perl_TestProcessRepeatBytes_t" time="6.19888305664062e-05" />
  </testsuite>
  <testsuite name="spec_perl_TestToStringCustom_t" errors="0" failures="0" skipped="0" tests="1" time="0.0333430767059326">
    <system-out>1..1
ok 1 - Equals
</system-out>
    <testcase name="Equals (947)" classname="spec_perl_TestToStringCustom_t" time="0.000177860260009766" />
  </testsuite>
  <testsuite name="spec_perl_TestExpr0_t" errors="0" failures="0" skipped="0" tests="2" time="0.0291740894317627">
    <system-out>1..2
ok 1 - Equals
ok 2 - Equals
</system-out>
    <testcase name="Equals (948)" classname="spec_perl_TestExpr0_t" time="0.00111699104309082" />
    <testcase name="Equals (949)" classname="spec_perl_TestExpr0_t" time="5.7220458984375e-05" />
  </testsuite>
  <testsuite name="spec_perl_TestBitsSignedResB32Le_t" errors="0" failures="0" skipped="0" tests="1" time="0.0293910503387451">
    <system-out>1..1
ok 1 - Equals
</system-out>
    <testcase name="Equals (950)" classname="spec_perl_TestBitsSignedResB32Le_t" time="0.00106716156005859" />
  </testsuite>
  <testsuite name="spec_perl_TestEnum1_t" errors="0" failures="0" skipped="0" tests="2" time="0.0291910171508789">
    <system-out>1..2
ok 1 - Equals
ok 2 - Equals
</system-out>
    <testcase name="Equals (951)" classname="spec_perl_TestEnum1_t" time="0.00107884407043457" />
    <testcase name="Equals (952)" classname="spec_perl_TestEnum1_t" time="5.60283660888672e-05" />
  </testsuite>
  <testsuite name="spec_perl_TestRepeatUntilCalcArrayType_t" errors="0" failures="0" skipped="0" tests="7" time="0.0304031372070312">
    <system-out>1..7
ok 1 - Equals
ok 2 - Equals
ok 3 - Equals
ok 4 - Equals
ok 5 - Equals
ok 6 - Equals
ok 7 - Equals
</system-out>
    <testcase name="Equals (953)" classname="spec_perl_TestRepeatUntilCalcArrayType_t" time="0.00149011611938477" />
    <testcase name="Equals (954)" classname="spec_perl_TestRepeatUntilCalcArrayType_t" time="7.39097595214844e-05" />
    <testcase name="Equals (955)" classname="spec_perl_TestRepeatUntilCalcArrayType_t" time="4.00543212890625e-05" />
    <testcase name="Equals (956)" classname="spec_perl_TestRepeatUntilCalcArrayType_t" time="4.00543212890625e-05" />
    <testcase name="Equals (957)" classname="spec_perl_TestRepeatUntilCalcArrayType_t" time="4.88758087158203e-05" />
    <testcase name="Equals (958)" classname="spec_perl_TestRepeatUntilCalcArrayType_t" time="3.40938568115234e-05" />
    <testcase name="Equals (959)" classname="spec_perl_TestRepeatUntilCalcArrayType_t" time="4.1961669921875e-05" />
  </testsuite>
  <testsuite name="spec_perl_TestBitsSimpleLe_t" errors="0" failures="0" skipped="0" tests="14" time="0.0302741527557373">
    <system-out>1..14
ok 1 - Equals
ok 2 - Equals
ok 3 - Equals
ok 4 - Equals
ok 5 - Equals
ok 6 - Equals
ok 7 - Equals
ok 8 - Equals
ok 9 - Equals
ok 10 - Equals
ok 11 - Equals
ok 12 - Equals
ok 13 - Equals
ok 14 - Equals
</system-out>
    <testcase name="Equals (960)" classname="spec_perl_TestBitsSimpleLe_t" time="0.00115609169006348" />
    <testcase name="Equals (961)" classname="spec_perl_TestBitsSimpleLe_t" time="5.48362731933594e-05" />
    <testcase name="Equals (962)" classname="spec_perl_TestBitsSimpleLe_t" time="4.72068786621094e-05" />
    <testcase name="Equals (963)" classname="spec_perl_TestBitsSimpleLe_t" time="4.29153442382812e-05" />
    <testcase name="Equals (964)" classname="spec_perl_TestBitsSimpleLe_t" time="4.29153442382812e-05" />
    <testcase name="Equals (965)" classname="spec_perl_TestBitsSimpleLe_t" time="7.00950622558594e-05" />
    <testcase name="Equals (966)" classname="spec_perl_TestBitsSimpleLe_t" time="5.29289245605469e-05" />
    <testcase name="Equals (967)" classname="spec_perl_TestBitsSimpleLe_t" time="5.91278076171875e-05" />
    <testcase name="Equals (968)" classname="spec_perl_TestBitsSimpleLe_t" time="6.19888305664062e-05" />
    <testcase name="Equals (969)" classname="spec_perl_TestBitsSimpleLe_t" time="4.60147857666016e-05" />
    <testcase name="Equals (970)" classname="spec_perl_TestBitsSimpleLe_t" time="6.07967376708984e-05" />
    <testcase name="Equals (971)" classname="spec_perl_TestBitsSimpleLe_t" time="5.91278076171875e-05" />
    <testcase name="Equals (972)" classname="spec_perl_TestBitsSimpleLe_t" time="5.50746917724609e-05" />
    <testcase name="Equals (973)" classname="spec_perl_TestBitsSimpleLe_t" time="5.79357147216797e-05" />
  </testsuite>
  <testsuite name="spec_perl_TestValidLong_t" errors="0" failures="0" skipped="1" tests="1" time="0.033566951751709">
    <system-out>1..1
ok 1 # skip ValidLong=HASH(0x55e5f6d920a0)
</system-out>
    <testcase name="Unnamed test case 973" classname="spec_perl_TestValidLong_t" time="0.00150299072265625">
      <skipped message="ok 1 # skip ValidLong=HASH(0x55e5f6d920a0)" />
    </testcase>
  </testsuite>
  <testsuite name="spec_perl_TestEnumToI_t" errors="0" failures="0" skipped="0" tests="7" time="0.0299949645996094">
    <system-out>1..7
ok 1 - Equals
ok 2 - Equals
ok 3 - Equals
ok 4 - Equals
ok 5 - Equals
ok 6 - Equals
ok 7 - Equals
</system-out>
    <testcase name="Equals (974)" classname="spec_perl_TestEnumToI_t" time="0.00211095809936523" />
    <testcase name="Equals (975)" classname="spec_perl_TestEnumToI_t" time="5.10215759277344e-05" />
    <testcase name="Equals (976)" classname="spec_perl_TestEnumToI_t" time="3.19480895996094e-05" />
    <testcase name="Equals (977)" classname="spec_perl_TestEnumToI_t" time="2.90870666503906e-05" />
    <testcase name="Equals (978)" classname="spec_perl_TestEnumToI_t" time="2.81333923339844e-05" />
    <testcase name="Equals (979)" classname="spec_perl_TestEnumToI_t" time="2.78949737548828e-05" />
    <testcase name="Equals (980)" classname="spec_perl_TestEnumToI_t" time="3.00407409667969e-05" />
  </testsuite>
  <testsuite name="spec_perl_TestPositionAbs_t" errors="0" failures="0" skipped="0" tests="2" time="0.0343668460845947">
    <system-out>1..2
ok 1 - Equals
ok 2 - Equals
</system-out>
    <testcase name="Equals (981)" classname="spec_perl_TestPositionAbs_t" time="0.00115394592285156" />
    <testcase name="Equals (982)" classname="spec_perl_TestPositionAbs_t" time="0.000134944915771484" />
  </testsuite>
  <testsuite name="spec_perl_TestDocstringsDocref_t" errors="0" failures="0" skipped="1" tests="1" time="0.0294559001922607">
    <system-out>1..1
ok 1 # skip DocstringsDocref=HASH(0x5584342ee1d8)
</system-out>
    <testcase name="Unnamed test case 982" classname="spec_perl_TestDocstringsDocref_t" time="0.00131916999816895">
      <skipped message="ok 1 # skip DocstringsDocref=HASH(0x5584342ee1d8)" />
    </testcase>
  </testsuite>
  <testsuite name="spec_perl_TestImportsRel1_t" errors="0" failures="0" skipped="0" tests="3" time="0.0298590660095215">
    <system-out>1..3
ok 1 - Equals
ok 2 - Equals
ok 3 - Equals
</system-out>
    <testcase name="Equals (983)" classname="spec_perl_TestImportsRel1_t" time="0.00121021270751953" />
    <testcase name="Equals (984)" classname="spec_perl_TestImportsRel1_t" time="6.69956207275391e-05" />
    <testcase name="Equals (985)" classname="spec_perl_TestImportsRel1_t" time="3.79085540771484e-05" />
  </testsuite>
  <testsuite name="spec_perl_TestParamsCallShort_t" errors="0" failures="3" skipped="0" tests="3" time="0.0340609550476074">
    <system-out>1..3
not ok 1 - Equals
not ok 2 - Equals
not ok 3 - Equals
</system-out>
    <testcase name="Equals (986)" classname="spec_perl_TestParamsCallShort_t" time="0.00137901306152344">
      <failure message="not ok 1 - Equals" type="TAP::Parser::Result::Test"></failure>
    </testcase>
    <testcase name="Equals (987)" classname="spec_perl_TestParamsCallShort_t" time="0.00109386444091797">
      <failure message="not ok 2 - Equals" type="TAP::Parser::Result::Test"></failure>
    </testcase>
    <testcase name="Equals (988)" classname="spec_perl_TestParamsCallShort_t" time="8.0108642578125e-05">
      <failure message="not ok 3 - Equals" type="TAP::Parser::Result::Test"></failure>
    </testcase>
  </testsuite>
</testsuites>
