<?xml version='1.0' encoding='utf-8'?>
<testsuites>
  <testsuite name="spec_perl_TestProcessCoerceUsertype1_t" errors="0" failures="0" skipped="0" tests="4" time="0.0425159931182861">
    <system-out>1..4
ok 1 - Equals
ok 2 - Equals
ok 3 - Equals
ok 4 - Equals
</system-out>
    <testcase name="Equals" classname="spec_perl_TestProcessCoerceUsertype1_t" time="0.000506877899169922" />
    <testcase name="Equals (2)" classname="spec_perl_TestProcessCoerceUsertype1_t" time="0.000101089477539062" />
    <testcase name="Equals (3)" classname="spec_perl_TestProcessCoerceUsertype1_t" time="5.98430633544922e-05" />
    <testcase name="Equals (4)" classname="spec_perl_TestProcessCoerceUsertype1_t" time="0.000138044357299805" />
  </testsuite>
  <testsuite name="spec_perl_TestCastToTop_t" errors="0" failures="0" skipped="0" tests="3" time="0.0423460006713867">
    <system-out>1..3
ok 1 - Equals
ok 2 - Equals
ok 3 - Equals
</system-out>
    <testcase name="Equals (5)" classname="spec_perl_TestCastToTop_t" time="0.000219821929931641" />
    <testcase name="Equals (6)" classname="spec_perl_TestCastToTop_t" time="0.000106096267700195" />
    <testcase name="Equals (7)" classname="spec_perl_TestCastToTop_t" time="0.00014805793762207" />
  </testsuite>
  <testsuite name="spec_perl_TestSwitchManualEnumInvalid_t" errors="0" failures="0" skipped="0" tests="5" time="0.0452790260314941">
    <system-out>1..5
ok 1 - Equals
ok 2 - Equals
ok 3 - nil
ok 4 - Equals
ok 5 - nil
</system-out>
    <testcase name="Equals (8)" classname="spec_perl_TestSwitchManualEnumInvalid_t" time="0.000237941741943359" />
    <testcase name="Equals (9)" classname="spec_perl_TestSwitchManualEnumInvalid_t" time="8.89301300048828e-05" />
    <testcase name="nil (9)" classname="spec_perl_TestSwitchManualEnumInvalid_t" time="6.103515625e-05" />
    <testcase name="Equals (10)" classname="spec_perl_TestSwitchManualEnumInvalid_t" time="0.00011897087097168" />
    <testcase name="nil (10)" classname="spec_perl_TestSwitchManualEnumInvalid_t" time="6.103515625e-05" />
  </testsuite>
  <testsuite name="spec_perl_TestNestedTypes3_t" errors="0" failures="0" skipped="0" tests="5" time="0.0444879531860352">
    <system-out>1..5
ok 1 - Equals
ok 2 - Equals
ok 3 - Equals
ok 4 - Equals
ok 5 - Equals
</system-out>
    <testcase name="Equals (11)" classname="spec_perl_TestNestedTypes3_t" time="0.000255107879638672" />
    <testcase name="Equals (12)" classname="spec_perl_TestNestedTypes3_t" time="8.89301300048828e-05" />
    <testcase name="Equals (13)" classname="spec_perl_TestNestedTypes3_t" time="8.0108642578125e-05" />
    <testcase name="Equals (14)" classname="spec_perl_TestNestedTypes3_t" time="0.000146865844726562" />
    <testcase name="Equals (15)" classname="spec_perl_TestNestedTypes3_t" time="0.000128984451293945" />
  </testsuite>
  <testsuite name="spec_perl_TestRepeatEosU4_t" errors="0" failures="0" skipped="0" tests="1" time="0.0412740707397461">
    <system-out>1..1
ok 1 - Equals
</system-out>
    <testcase name="Equals (16)" classname="spec_perl_TestRepeatEosU4_t" time="0.000164031982421875" />
  </testsuite>
  <testsuite name="spec_perl_TestParamsPassArrayInt_t" errors="0" failures="1" skipped="6" tests="7" time="0.0457041263580322">
    <system-out>1..7
not ok 1 - test_params_pass_array_int died (Can't use an undefined value as an ARRAY reference at spec/perl/TestParamsPassArrayInt.t line 15.)
ok 2 # skip test_params_pass_array_int died
ok 3 # skip test_params_pass_array_int died
ok 4 # skip test_params_pass_array_int died
ok 5 # skip test_params_pass_array_int died
ok 6 # skip test_params_pass_array_int died
ok 7 # skip test_params_pass_array_int died
</system-out>
    <testcase name="test_params_pass_array_int died (Can't use an undefined value as an ARRAY reference at spec/perl/TestParamsPassArrayInt.t line 15.) (16)" classname="spec_perl_TestParamsPassArrayInt_t" time="0.000310897827148438">
      <failure message="not ok 1 - test_params_pass_array_int died (Can't use an undefined value as an ARRAY reference at spec/perl/TestParamsPassArrayInt.t line 15.)" type="TAP::Parser::Result::Test"></failure>
    </testcase>
    <testcase name="Unnamed test case 16" classname="spec_perl_TestParamsPassArrayInt_t" time="0.00167512893676758">
      <skipped message="ok 2 # skip test_params_pass_array_int died" />
    </testcase>
    <testcase name="Unnamed test case 17" classname="spec_perl_TestParamsPassArrayInt_t" time="5.38825988769531e-05">
      <skipped message="ok 3 # skip test_params_pass_array_int died" />
    </testcase>
    <testcase name="Unnamed test case 18" classname="spec_perl_TestParamsPassArrayInt_t" time="0.00023198127746582">
      <skipped message="ok 4 # skip test_params_pass_array_int died" />
    </testcase>
    <testcase name="Unnamed test case 19" classname="spec_perl_TestParamsPassArrayInt_t" time="0.000113964080810547">
      <skipped message="ok 5 # skip test_params_pass_array_int died" />
    </testcase>
    <testcase name="Unnamed test case 20" classname="spec_perl_TestParamsPassArrayInt_t" time="0.000162124633789062">
      <skipped message="ok 6 # skip test_params_pass_array_int died" />
    </testcase>
    <testcase name="Unnamed test case 21" classname="spec_perl_TestParamsPassArrayInt_t" time="0.000100851058959961">
      <skipped message="ok 7 # skip test_params_pass_array_int died" />
    </testcase>
  </testsuite>
  <testsuite name="spec_perl_TestRepeatUntilCalcArrayType_t" errors="0" failures="0" skipped="0" tests="7" time="0.0427370071411133">
    <system-out>1..7
ok 1 - Equals
ok 2 - Equals
ok 3 - Equals
ok 4 - Equals
ok 5 - Equals
ok 6 - Equals
ok 7 - Equals
</system-out>
    <testcase name="Equals (21)" classname="spec_perl_TestRepeatUntilCalcArrayType_t" time="0.000487089157104492" />
    <testcase name="Equals (22)" classname="spec_perl_TestRepeatUntilCalcArrayType_t" time="9.39369201660156e-05" />
    <testcase name="Equals (23)" classname="spec_perl_TestRepeatUntilCalcArrayType_t" time="8.392333984375e-05" />
    <testcase name="Equals (24)" classname="spec_perl_TestRepeatUntilCalcArrayType_t" time="9.918212890625e-05" />
    <testcase name="Equals (25)" classname="spec_perl_TestRepeatUntilCalcArrayType_t" time="0.000138044357299805" />
    <testcase name="Equals (26)" classname="spec_perl_TestRepeatUntilCalcArrayType_t" time="0.000117778778076172" />
    <testcase name="Equals (27)" classname="spec_perl_TestRepeatUntilCalcArrayType_t" time="0.000116109848022461" />
  </testsuite>
  <testsuite name="spec_perl_TestProcessCustom_t" errors="1" failures="0" skipped="0" tests="0" time="0.0407111644744873">
    <system-out></system-out>
    <testcase name="Test died too soon, even before plan. (27)" classname="spec_perl_TestProcessCustom_t" time="0.0407111644744873">
      <failure message="The test suite died before a plan was produced. You need to have a plan." type="Plan">No plan</failure>
    </testcase>
  </testsuite>
  <testsuite name="spec_perl_TestExprBits_t" errors="0" failures="0" skipped="0" tests="10" time="0.0437371730804443">
    <system-out>1..10
ok 1 - Equals
ok 2 - Equals
ok 3 - Equals
ok 4 - Equals
ok 5 - Equals
ok 6 - Equals
ok 7 - Equals
ok 8 - Equals
ok 9 - Equals
ok 10 - Equals
</system-out>
    <testcase name="Equals (28)" classname="spec_perl_TestExprBits_t" time="0.000252008438110352" />
    <testcase name="Equals (29)" classname="spec_perl_TestExprBits_t" time="8.08238983154297e-05" />
    <testcase name="Equals (30)" classname="spec_perl_TestExprBits_t" time="0.0001220703125" />
    <testcase name="Equals (31)" classname="spec_perl_TestExprBits_t" time="0.000128984451293945" />
    <testcase name="Equals (32)" classname="spec_perl_TestExprBits_t" time="0.000132083892822266" />
    <testcase name="Equals (33)" classname="spec_perl_TestExprBits_t" time="0.000119924545288086" />
    <testcase name="Equals (34)" classname="spec_perl_TestExprBits_t" time="0.000149011611938477" />
    <testcase name="Equals (35)" classname="spec_perl_TestExprBits_t" time="0.000119924545288086" />
    <testcase name="Equals (36)" classname="spec_perl_TestExprBits_t" time="0.000173091888427734" />
    <testcase name="Equals (37)" classname="spec_perl_TestExprBits_t" time="0.000131130218505859" />
  </testsuite>
  <testsuite name="spec_perl_TestNestedTypes_t" errors="0" failures="0" skipped="0" tests="3" time="0.0451397895812988">
    <system-out>1..3
ok 1 - Equals
ok 2 - Equals
ok 3 - Equals
</system-out>
    <testcase name="Equals (38)" classname="spec_perl_TestNestedTypes_t" time="0.000248908996582031" />
    <testcase name="Equals (39)" classname="spec_perl_TestNestedTypes_t" time="0.000112056732177734" />
    <testcase name="Equals (40)" classname="spec_perl_TestNestedTypes_t" time="0.000142097473144531" />
  </testsuite>
  <testsuite name="spec_perl_TestIfInstances_t" errors="0" failures="0" skipped="0" tests="1" time="0.0407488346099854">
    <system-out>1..1
ok 1 - nil
</system-out>
    <testcase name="nil (40)" classname="spec_perl_TestIfInstances_t" time="0.000154018402099609" />
  </testsuite>
  <testsuite name="spec_perl_TestZlibSurrounded_t" errors="0" failures="0" skipped="0" tests="1" time="0.0641288757324219">
    <system-out>1..1
ok 1 - Equals
</system-out>
    <testcase name="Equals (41)" classname="spec_perl_TestZlibSurrounded_t" time="0.000560998916625977" />
  </testsuite>
  <testsuite name="spec_perl_TestBitsSignedB32Le_t" errors="0" failures="0" skipped="0" tests="4" time="0.0451529026031494">
    <system-out>1..4
ok 1 - Equals
ok 2 - Equals
ok 3 - Equals
ok 4 - Equals
</system-out>
    <testcase name="Equals (42)" classname="spec_perl_TestBitsSignedB32Le_t" time="0.000243902206420898" />
    <testcase name="Equals (43)" classname="spec_perl_TestBitsSignedB32Le_t" time="8.41617584228516e-05" />
    <testcase name="Equals (44)" classname="spec_perl_TestBitsSignedB32Le_t" time="0.000133037567138672" />
    <testcase name="Equals (45)" classname="spec_perl_TestBitsSignedB32Le_t" time="0.000133991241455078" />
  </testsuite>
  <testsuite name="spec_perl_TestParamsPassUsertype_t" errors="0" failures="1" skipped="1" tests="2" time="0.0462410449981689">
    <system-out>1..2
not ok 1 - test_params_pass_usertype died (Can't call method &quot;foo&quot; on an undefined value at compiled/perl/ParamsPassUsertype.pm line 119.)
ok 2 # skip test_params_pass_usertype died
</system-out>
    <testcase name="test_params_pass_usertype died (Can't call method &quot;foo&quot; on an undefined value at compiled/perl/ParamsPassUsertype.pm line 119.) (45)" classname="spec_perl_TestParamsPassUsertype_t" time="0.000297784805297852">
      <failure message="not ok 1 - test_params_pass_usertype died (Can't call method &quot;foo&quot; on an undefined value at compiled/perl/ParamsPassUsertype.pm line 119.)" type="TAP::Parser::Result::Test"></failure>
    </testcase>
    <testcase name="Unnamed test case 45" classname="spec_perl_TestParamsPassUsertype_t" time="0.00410008430480957">
      <skipped message="ok 2 # skip test_params_pass_usertype died" />
    </testcase>
  </testsuite>
  <testsuite name="spec_perl_TestPositionToEnd_t" errors="0" failures="0" skipped="0" tests="2" time="0.0419070720672607">
    <system-out>1..2
ok 1 - Equals
ok 2 - Equals
</system-out>
    <testcase name="Equals (46)" classname="spec_perl_TestPositionToEnd_t" time="0.000222921371459961" />
    <testcase name="Equals (47)" classname="spec_perl_TestPositionToEnd_t" time="7.82012939453125e-05" />
  </testsuite>
  <testsuite name="spec_perl_TestEnumToIClassBorder1_t" errors="0" failures="1" skipped="0" tests="3" time="0.0452558994293213">
    <system-out>1..3
ok 1 - Equals
ok 2 - Equals
not ok 3 - test_enum_to_i_class_border_1 died (Can't call method &quot;some_dog&quot; on an undefined value at compiled/perl/EnumToIClassBorder2.pm line 42.)
</system-out>
    <testcase name="Equals (48)" classname="spec_perl_TestEnumToIClassBorder1_t" time="0.000187873840332031" />
    <testcase name="Equals (49)" classname="spec_perl_TestEnumToIClassBorder1_t" time="7.10487365722656e-05" />
    <testcase name="test_enum_to_i_class_border_1 died (Can't call method &quot;some_dog&quot; on an undefined value at compiled/perl/EnumToIClassBorder2.pm line 42.) (49)" classname="spec_perl_TestEnumToIClassBorder1_t" time="0.000266075134277344">
      <failure message="not ok 3 - test_enum_to_i_class_border_1 died (Can't call method &quot;some_dog&quot; on an undefined value at compiled/perl/EnumToIClassBorder2.pm line 42.)" type="TAP::Parser::Result::Test"></failure>
    </testcase>
  </testsuite>
  <testsuite name="spec_perl_TestFixedStruct_t" errors="0" failures="0" skipped="0" tests="20" time="0.0447149276733398">
    <system-out>1..20
ok 1 - Equals
ok 2 - Equals
ok 3 - Equals
ok 4 - Equals
ok 5 - Equals
ok 6 - Equals
ok 7 - Equals
ok 8 - Equals
ok 9 - Equals
ok 10 - Equals
ok 11 - Equals
ok 12 - Equals
ok 13 - Equals
ok 14 - Equals
ok 15 - Equals
ok 16 - Equals
ok 17 - Equals
ok 18 - Equals
ok 19 - Equals
ok 20 - Equals
</system-out>
    <testcase name="Equals (50)" classname="spec_perl_TestFixedStruct_t" time="0.000269889831542969" />
    <testcase name="Equals (51)" classname="spec_perl_TestFixedStruct_t" time="8.70227813720703e-05" />
    <testcase name="Equals (52)" classname="spec_perl_TestFixedStruct_t" time="8.29696655273438e-05" />
    <testcase name="Equals (53)" classname="spec_perl_TestFixedStruct_t" time="0.000154018402099609" />
    <testcase name="Equals (54)" classname="spec_perl_TestFixedStruct_t" time="0.000126123428344727" />
    <testcase name="Equals (55)" classname="spec_perl_TestFixedStruct_t" time="0.000136852264404297" />
    <testcase name="Equals (56)" classname="spec_perl_TestFixedStruct_t" time="0.000120162963867188" />
    <testcase name="Equals (57)" classname="spec_perl_TestFixedStruct_t" time="0.000144004821777344" />
    <testcase name="Equals (58)" classname="spec_perl_TestFixedStruct_t" time="0.000120878219604492" />
    <testcase name="Equals (59)" classname="spec_perl_TestFixedStruct_t" time="0.000143051147460938" />
    <testcase name="Equals (60)" classname="spec_perl_TestFixedStruct_t" time="0.000115871429443359" />
    <testcase name="Equals (61)" classname="spec_perl_TestFixedStruct_t" time="0.000131130218505859" />
    <testcase name="Equals (62)" classname="spec_perl_TestFixedStruct_t" time="0.000125885009765625" />
    <testcase name="Equals (63)" classname="spec_perl_TestFixedStruct_t" time="0.000143051147460938" />
    <testcase name="Equals (64)" classname="spec_perl_TestFixedStruct_t" time="0.00011897087097168" />
    <testcase name="Equals (65)" classname="spec_perl_TestFixedStruct_t" time="0.000149011611938477" />
    <testcase name="Equals (66)" classname="spec_perl_TestFixedStruct_t" time="0.000133991241455078" />
    <testcase name="Equals (67)" classname="spec_perl_TestFixedStruct_t" time="0.000133037567138672" />
    <testcase name="Equals (68)" classname="spec_perl_TestFixedStruct_t" time="0.000123023986816406" />
    <testcase name="Equals (69)" classname="spec_perl_TestFixedStruct_t" time="0.0001220703125" />
  </testsuite>
  <testsuite name="spec_perl_TestExpr2_t" errors="0" failures="0" skipped="0" tests="17" time="0.0496740341186523">
    <system-out>1..17
ok 1 - Equals
ok 2 - Equals
ok 3 - Equals
ok 4 - Equals
ok 5 - Equals
ok 6 - Equals
ok 7 - Equals
ok 8 - Equals
ok 9 - Equals
ok 10 - Equals
ok 11 - Equals
ok 12 - Equals
ok 13 - Equals
ok 14 - Equals
ok 15 - Equals
ok 16 - Equals
ok 17 - Equals
</system-out>
    <testcase name="Equals (70)" classname="spec_perl_TestExpr2_t" time="0.000564098358154297" />
    <testcase name="Equals (71)" classname="spec_perl_TestExpr2_t" time="0.000162839889526367" />
    <testcase name="Equals (72)" classname="spec_perl_TestExpr2_t" time="4.91142272949219e-05" />
    <testcase name="Equals (73)" classname="spec_perl_TestExpr2_t" time="7.89165496826172e-05" />
    <testcase name="Equals (74)" classname="spec_perl_TestExpr2_t" time="0.00030207633972168" />
    <testcase name="Equals (75)" classname="spec_perl_TestExpr2_t" time="0.000112056732177734" />
    <testcase name="Equals (76)" classname="spec_perl_TestExpr2_t" time="0.000165939331054688" />
    <testcase name="Equals (77)" classname="spec_perl_TestExpr2_t" time="0.000159025192260742" />
    <testcase name="Equals (78)" classname="spec_perl_TestExpr2_t" time="0.000154972076416016" />
    <testcase name="Equals (79)" classname="spec_perl_TestExpr2_t" time="0.000127077102661133" />
    <testcase name="Equals (80)" classname="spec_perl_TestExpr2_t" time="0.000139951705932617" />
    <testcase name="Equals (81)" classname="spec_perl_TestExpr2_t" time="0.000159978866577148" />
    <testcase name="Equals (82)" classname="spec_perl_TestExpr2_t" time="0.000129938125610352" />
    <testcase name="Equals (83)" classname="spec_perl_TestExpr2_t" time="0.000167131423950195" />
    <testcase name="Equals (84)" classname="spec_perl_TestExpr2_t" time="0.00011897087097168" />
    <testcase name="Equals (85)" classname="spec_perl_TestExpr2_t" time="0.000140905380249023" />
    <testcase name="Equals (86)" classname="spec_perl_TestExpr2_t" time="0.000127077102661133" />
  </testsuite>
  <testsuite name="spec_perl_TestFloatingPoints_t" errors="0" failures="0" skipped="0" tests="8" time="0.0418469905853271">
    <system-out>1..8
ok 1 - Approx equals
ok 2 - Approx equals
ok 3 - Approx equals
ok 4 - Approx equals
ok 5 - Approx equals
ok 6 - Approx equals
ok 7 - Approx equals
ok 8 - Approx equals
</system-out>
    <testcase name="Approx equals (86)" classname="spec_perl_TestFloatingPoints_t" time="0.000207901000976562" />
    <testcase name="Approx equals (87)" classname="spec_perl_TestFloatingPoints_t" time="6.50882720947266e-05" />
    <testcase name="Approx equals (88)" classname="spec_perl_TestFloatingPoints_t" time="6.29425048828125e-05" />
    <testcase name="Approx equals (89)" classname="spec_perl_TestFloatingPoints_t" time="4.31537628173828e-05" />
    <testcase name="Approx equals (90)" classname="spec_perl_TestFloatingPoints_t" time="4.29153442382812e-05" />
    <testcase name="Approx equals (91)" classname="spec_perl_TestFloatingPoints_t" time="4.1961669921875e-05" />
    <testcase name="Approx equals (92)" classname="spec_perl_TestFloatingPoints_t" time="4.31537628173828e-05" />
    <testcase name="Approx equals (93)" classname="spec_perl_TestFloatingPoints_t" time="5.07831573486328e-05" />
  </testsuite>
  <testsuite name="spec_perl_TestParamsEnum_t" errors="0" failures="1" skipped="0" tests="2" time="0.0448911190032959">
    <system-out>1..2
ok 1 - Equals
not ok 2 - Equals
</system-out>
    <testcase name="Equals (93)" classname="spec_perl_TestParamsEnum_t" time="0.000239133834838867" />
    <testcase name="Equals (94)" classname="spec_perl_TestParamsEnum_t" time="0.00070500373840332">
      <failure message="not ok 2 - Equals" type="TAP::Parser::Result::Test"></failure>
    </testcase>
  </testsuite>
  <testsuite name="spec_perl_TestTermBytes_t" errors="0" failures="0" skipped="0" tests="3" time="0.0420980453491211">
    <system-out>1..3
ok 1 - Equals
ok 2 - Equals
ok 3 - Equals
</system-out>
    <testcase name="Equals (95)" classname="spec_perl_TestTermBytes_t" time="0.000216960906982422" />
    <testcase name="Equals (96)" classname="spec_perl_TestTermBytes_t" time="7.79628753662109e-05" />
    <testcase name="Equals (97)" classname="spec_perl_TestTermBytes_t" time="0.000123023986816406" />
  </testsuite>
  <testsuite name="spec_perl_TestIntegers_t" errors="0" failures="0" skipped="0" tests="20" time="0.0444390773773193">
    <system-out>1..20
ok 1 - Equals
ok 2 - Equals
ok 3 - Equals
ok 4 - Equals
ok 5 - Equals
ok 6 - Equals
ok 7 - Equals
ok 8 - Equals
ok 9 - Equals
ok 10 - Equals
ok 11 - Equals
ok 12 - Equals
ok 13 - Equals
ok 14 - Equals
ok 15 - Equals
ok 16 - Equals
ok 17 - Equals
ok 18 - Equals
ok 19 - Equals
ok 20 - Equals
</system-out>
    <testcase name="Equals (98)" classname="spec_perl_TestIntegers_t" time="0.000243902206420898" />
    <testcase name="Equals (99)" classname="spec_perl_TestIntegers_t" time="8.0108642578125e-05" />
    <testcase name="Equals (100)" classname="spec_perl_TestIntegers_t" time="0.000134944915771484" />
    <testcase name="Equals (101)" classname="spec_perl_TestIntegers_t" time="0.000128030776977539" />
    <testcase name="Equals (102)" classname="spec_perl_TestIntegers_t" time="0.000116825103759766" />
    <testcase name="Equals (103)" classname="spec_perl_TestIntegers_t" time="0.000162124633789062" />
    <testcase name="Equals (104)" classname="spec_perl_TestIntegers_t" time="9.39369201660156e-05" />
    <testcase name="Equals (105)" classname="spec_perl_TestIntegers_t" time="0.000139951705932617" />
    <testcase name="Equals (106)" classname="spec_perl_TestIntegers_t" time="0.000117063522338867" />
    <testcase name="Equals (107)" classname="spec_perl_TestIntegers_t" time="0.00015711784362793" />
    <testcase name="Equals (108)" classname="spec_perl_TestIntegers_t" time="0.000113010406494141" />
    <testcase name="Equals (109)" classname="spec_perl_TestIntegers_t" time="0.00014185905456543" />
    <testcase name="Equals (110)" classname="spec_perl_TestIntegers_t" time="0.000155925750732422" />
    <testcase name="Equals (111)" classname="spec_perl_TestIntegers_t" time="0.000120162963867188" />
    <testcase name="Equals (112)" classname="spec_perl_TestIntegers_t" time="0.000149011611938477" />
    <testcase name="Equals (113)" classname="spec_perl_TestIntegers_t" time="0.000116825103759766" />
    <testcase name="Equals (114)" classname="spec_perl_TestIntegers_t" time="0.000141143798828125" />
    <testcase name="Equals (115)" classname="spec_perl_TestIntegers_t" time="0.000120878219604492" />
    <testcase name="Equals (116)" classname="spec_perl_TestIntegers_t" time="0.000141143798828125" />
    <testcase name="Equals (117)" classname="spec_perl_TestIntegers_t" time="0.000123977661132812" />
  </testsuite>
  <testsuite name="spec_perl_TestParamsCallExtraParens_t" errors="0" failures="1" skipped="0" tests="1" time="0.0517239570617676">
    <system-out>1..1
not ok 1 - Equals
</system-out>
    <testcase name="Equals (118)" classname="spec_perl_TestParamsCallExtraParens_t" time="0.00228309631347656">
      <failure message="not ok 1 - Equals" type="TAP::Parser::Result::Test"></failure>
    </testcase>
  </testsuite>
  <testsuite name="spec_perl_TestStrEos_t" errors="0" failures="0" skipped="0" tests="1" time="0.0445220470428467">
    <system-out>1..1
ok 1 - Equals
</system-out>
    <testcase name="Equals (119)" classname="spec_perl_TestStrEos_t" time="0.000273942947387695" />
  </testsuite>
  <testsuite name="spec_perl_TestInstanceStd_t" errors="0" failures="0" skipped="0" tests="1" time="0.0441410541534424">
    <system-out>1..1
ok 1 - Equals
</system-out>
    <testcase name="Equals (120)" classname="spec_perl_TestInstanceStd_t" time="0.000206947326660156" />
  </testsuite>
  <testsuite name="spec_perl_TestTypeTernary_t" errors="0" failures="0" skipped="0" tests="1" time="0.0420899391174316">
    <system-out>1..1
ok 1 - Equals
</system-out>
    <testcase name="Equals (121)" classname="spec_perl_TestTypeTernary_t" time="0.0004730224609375" />
  </testsuite>
  <testsuite name="spec_perl_TestProcessXorConst_t" errors="0" failures="0" skipped="0" tests="2" time="0.0422639846801758">
    <system-out>1..2
ok 1 - Equals
ok 2 - Equals
</system-out>
    <testcase name="Equals (122)" classname="spec_perl_TestProcessXorConst_t" time="0.000234127044677734" />
    <testcase name="Equals (123)" classname="spec_perl_TestProcessXorConst_t" time="9.39369201660156e-05" />
  </testsuite>
  <testsuite name="spec_perl_TestCombineEnum_t" errors="0" failures="0" skipped="0" tests="3" time="0.042982816696167">
    <system-out>1..3
ok 1 - Equals
ok 2 - Equals
ok 3 - Equals
</system-out>
    <testcase name="Equals (124)" classname="spec_perl_TestCombineEnum_t" time="0.000176906585693359" />
    <testcase name="Equals (125)" classname="spec_perl_TestCombineEnum_t" time="8.10623168945312e-05" />
    <testcase name="Equals (126)" classname="spec_perl_TestCombineEnum_t" time="0.000155925750732422" />
  </testsuite>
  <testsuite name="spec_perl_TestSwitchManualIntElse_t" errors="0" failures="0" skipped="0" tests="9" time="0.0457820892333984">
    <system-out>1..9
ok 1 - Equals
ok 2 - Equals
ok 3 - Equals
ok 4 - Equals
ok 5 - Equals
ok 6 - Equals
ok 7 - Equals
ok 8 - Equals
ok 9 - Equals
</system-out>
    <testcase name="Equals (127)" classname="spec_perl_TestSwitchManualIntElse_t" time="0.000295877456665039" />
    <testcase name="Equals (128)" classname="spec_perl_TestSwitchManualIntElse_t" time="8.51154327392578e-05" />
    <testcase name="Equals (129)" classname="spec_perl_TestSwitchManualIntElse_t" time="0.000121831893920898" />
    <testcase name="Equals (130)" classname="spec_perl_TestSwitchManualIntElse_t" time="0.000126123428344727" />
    <testcase name="Equals (131)" classname="spec_perl_TestSwitchManualIntElse_t" time="0.000131845474243164" />
    <testcase name="Equals (132)" classname="spec_perl_TestSwitchManualIntElse_t" time="0.000130176544189453" />
    <testcase name="Equals (133)" classname="spec_perl_TestSwitchManualIntElse_t" time="0.000152826309204102" />
    <testcase name="Equals (134)" classname="spec_perl_TestSwitchManualIntElse_t" time="0.000113010406494141" />
    <testcase name="Equals (135)" classname="spec_perl_TestSwitchManualIntElse_t" time="0.000144004821777344" />
  </testsuite>
  <testsuite name="spec_perl_TestStrEncodings_t" errors="0" failures="0" skipped="0" tests="4" time="0.0478649139404297">
    <system-out>1..4
ok 1 - Equals
ok 2 - Equals
ok 3 - Equals
ok 4 - Equals
</system-out>
    <testcase name="Equals (136)" classname="spec_perl_TestStrEncodings_t" time="0.00307297706604004" />
    <testcase name="Equals (137)" classname="spec_perl_TestStrEncodings_t" time="0.000105142593383789" />
    <testcase name="Equals (138)" classname="spec_perl_TestStrEncodings_t" time="6.07967376708984e-05" />
    <testcase name="Equals (139)" classname="spec_perl_TestStrEncodings_t" time="0.000144004821777344" />
  </testsuite>
  <testsuite name="spec_perl_TestBitsSeqEndianCombo_t" errors="0" failures="0" skipped="0" tests="8" time="0.0435490608215332">
    <system-out>1..8
ok 1 - Equals
ok 2 - Equals
ok 3 - Equals
ok 4 - Equals
ok 5 - Equals
ok 6 - Equals
ok 7 - Equals
ok 8 - Equals
</system-out>
    <testcase name="Equals (140)" classname="spec_perl_TestBitsSeqEndianCombo_t" time="0.000193119049072266" />
    <testcase name="Equals (141)" classname="spec_perl_TestBitsSeqEndianCombo_t" time="5.60283660888672e-05" />
    <testcase name="Equals (142)" classname="spec_perl_TestBitsSeqEndianCombo_t" time="4.79221343994141e-05" />
    <testcase name="Equals (143)" classname="spec_perl_TestBitsSeqEndianCombo_t" time="5.79357147216797e-05" />
    <testcase name="Equals (144)" classname="spec_perl_TestBitsSeqEndianCombo_t" time="4.41074371337891e-05" />
    <testcase name="Equals (145)" classname="spec_perl_TestBitsSeqEndianCombo_t" time="5.69820404052734e-05" />
    <testcase name="Equals (146)" classname="spec_perl_TestBitsSeqEndianCombo_t" time="0.000173091888427734" />
    <testcase name="Equals (147)" classname="spec_perl_TestBitsSeqEndianCombo_t" time="8.392333984375e-05" />
  </testsuite>
  <testsuite name="spec_perl_TestNavRoot_t" errors="0" failures="0" skipped="0" tests="5" time="0.046968936920166">
    <system-out>1..5
ok 1 - Equals
ok 2 - Equals
ok 3 - Equals
ok 4 - Equals
ok 5 - Equals
</system-out>
    <testcase name="Equals (148)" classname="spec_perl_TestNavRoot_t" time="0.000386953353881836" />
    <testcase name="Equals (149)" classname="spec_perl_TestNavRoot_t" time="9.51290130615234e-05" />
    <testcase name="Equals (150)" classname="spec_perl_TestNavRoot_t" time="6.103515625e-05" />
    <testcase name="Equals (151)" classname="spec_perl_TestNavRoot_t" time="0.000139951705932617" />
    <testcase name="Equals (152)" classname="spec_perl_TestNavRoot_t" time="0.000150918960571289" />
  </testsuite>
  <testsuite name="spec_perl_TestSwitchManualIntSizeEos_t" errors="0" failures="0" skipped="0" tests="10" time="0.0463309288024902">
    <system-out>1..10
ok 1 - Equals
ok 2 - Equals
ok 3 - Equals
ok 4 - Equals
ok 5 - Equals
ok 6 - Equals
ok 7 - Equals
ok 8 - Equals
ok 9 - Equals
ok 10 - Equals
</system-out>
    <testcase name="Equals (153)" classname="spec_perl_TestSwitchManualIntSizeEos_t" time="0.000643014907836914" />
    <testcase name="Equals (154)" classname="spec_perl_TestSwitchManualIntSizeEos_t" time="8.98838043212891e-05" />
    <testcase name="Equals (155)" classname="spec_perl_TestSwitchManualIntSizeEos_t" time="7.10487365722656e-05" />
    <testcase name="Equals (156)" classname="spec_perl_TestSwitchManualIntSizeEos_t" time="0.000128984451293945" />
    <testcase name="Equals (157)" classname="spec_perl_TestSwitchManualIntSizeEos_t" time="0.000159025192260742" />
    <testcase name="Equals (158)" classname="spec_perl_TestSwitchManualIntSizeEos_t" time="0.00014805793762207" />
    <testcase name="Equals (159)" classname="spec_perl_TestSwitchManualIntSizeEos_t" time="0.000138998031616211" />
    <testcase name="Equals (160)" classname="spec_perl_TestSwitchManualIntSizeEos_t" time="0.000125885009765625" />
    <testcase name="Equals (161)" classname="spec_perl_TestSwitchManualIntSizeEos_t" time="0.000128030776977539" />
    <testcase name="Equals (162)" classname="spec_perl_TestSwitchManualIntSizeEos_t" time="0.000146150588989258" />
  </testsuite>
  <testsuite name="spec_perl_TestExprSizeofType1_t" errors="0" failures="0" skipped="0" tests="2" time="0.0438110828399658">
    <system-out>1..2
ok 1 - Equals
ok 2 - Equals
</system-out>
    <testcase name="Equals (163)" classname="spec_perl_TestExprSizeofType1_t" time="0.000216007232666016" />
    <testcase name="Equals (164)" classname="spec_perl_TestExprSizeofType1_t" time="9.70363616943359e-05" />
  </testsuite>
  <testsuite name="spec_perl_TestPositionInSeq_t" errors="0" failures="0" skipped="0" tests="1" time="0.0415511131286621">
    <system-out>1..1
ok 1 - Equals
</system-out>
    <testcase name="Equals (165)" classname="spec_perl_TestPositionInSeq_t" time="0.000211954116821289" />
  </testsuite>
  <testsuite name="spec_perl_TestParamsCallShort_t" errors="0" failures="3" skipped="0" tests="3" time="0.0557548999786377">
    <system-out>1..3
not ok 1 - Equals
not ok 2 - Equals
not ok 3 - Equals
</system-out>
    <testcase name="Equals (166)" classname="spec_perl_TestParamsCallShort_t" time="0.00246596336364746">
      <failure message="not ok 1 - Equals" type="TAP::Parser::Result::Test"></failure>
    </testcase>
    <testcase name="Equals (167)" classname="spec_perl_TestParamsCallShort_t" time="0.00185799598693848">
      <failure message="not ok 2 - Equals" type="TAP::Parser::Result::Test"></failure>
    </testcase>
    <testcase name="Equals (168)" classname="spec_perl_TestParamsCallShort_t" time="0.00189113616943359">
      <failure message="not ok 3 - Equals" type="TAP::Parser::Result::Test"></failure>
    </testcase>
  </testsuite>
  <testsuite name="spec_perl_TestExpr0_t" errors="0" failures="0" skipped="0" tests="2" time="0.0436768531799316">
    <system-out>1..2
ok 1 - Equals
ok 2 - Equals
</system-out>
    <testcase name="Equals (169)" classname="spec_perl_TestExpr0_t" time="0.000233173370361328" />
    <testcase name="Equals (170)" classname="spec_perl_TestExpr0_t" time="7.89165496826172e-05" />
  </testsuite>
  <testsuite name="spec_perl_TestExprBytesCmp_t" errors="0" failures="0" skipped="0" tests="10" time="0.0440349578857422">
    <system-out>1..10
ok 1 - Equals
ok 2 - Equals
ok 3 - Equals
ok 4 - Equals
ok 5 - Equals
ok 6 - Equals
ok 7 - Equals
ok 8 - Equals
ok 9 - Equals
ok 10 - Equals
</system-out>
    <testcase name="Equals (171)" classname="spec_perl_TestExprBytesCmp_t" time="0.000199079513549805" />
    <testcase name="Equals (172)" classname="spec_perl_TestExprBytesCmp_t" time="7.79628753662109e-05" />
    <testcase name="Equals (173)" classname="spec_perl_TestExprBytesCmp_t" time="0.000133037567138672" />
    <testcase name="Equals (174)" classname="spec_perl_TestExprBytesCmp_t" time="0.00014495849609375" />
    <testcase name="Equals (175)" classname="spec_perl_TestExprBytesCmp_t" time="0.000134944915771484" />
    <testcase name="Equals (176)" classname="spec_perl_TestExprBytesCmp_t" time="0.000120878219604492" />
    <testcase name="Equals (177)" classname="spec_perl_TestExprBytesCmp_t" time="0.000150203704833984" />
    <testcase name="Equals (178)" classname="spec_perl_TestExprBytesCmp_t" time="0.000114917755126953" />
    <testcase name="Equals (179)" classname="spec_perl_TestExprBytesCmp_t" time="0.000140905380249023" />
    <testcase name="Equals (180)" classname="spec_perl_TestExprBytesCmp_t" time="0.000145196914672852" />
  </testsuite>
  <testsuite name="spec_perl_TestFloatToI_t" errors="0" failures="0" skipped="0" tests="8" time="0.0437970161437988">
    <system-out>1..8
ok 1 - Equals
ok 2 - Equals
ok 3 - Equals
ok 4 - Equals
ok 5 - Equals
ok 6 - Equals
ok 7 - Equals
ok 8 - Equals
</system-out>
    <testcase name="Equals (181)" classname="spec_perl_TestFloatToI_t" time="0.000226020812988281" />
    <testcase name="Equals (182)" classname="spec_perl_TestFloatToI_t" time="8.29696655273438e-05" />
    <testcase name="Equals (183)" classname="spec_perl_TestFloatToI_t" time="0.000143051147460938" />
    <testcase name="Equals (184)" classname="spec_perl_TestFloatToI_t" time="0.000133037567138672" />
    <testcase name="Equals (185)" classname="spec_perl_TestFloatToI_t" time="0.00014805793762207" />
    <testcase name="Equals (186)" classname="spec_perl_TestFloatToI_t" time="0.000115871429443359" />
    <testcase name="Equals (187)" classname="spec_perl_TestFloatToI_t" time="0.000162124633789062" />
    <testcase name="Equals (188)" classname="spec_perl_TestFloatToI_t" time="0.000118017196655273" />
  </testsuite>
  <testsuite name="spec_perl_TestSwitchManualIntSizeElse_t" errors="0" failures="0" skipped="0" tests="10" time="0.0484650135040283">
    <system-out>1..10
ok 1 - Equals
ok 2 - Equals
ok 3 - Equals
ok 4 - Equals
ok 5 - Equals
ok 6 - Equals
ok 7 - Equals
ok 8 - Equals
ok 9 - Equals
ok 10 - Equals
</system-out>
    <testcase name="Equals (189)" classname="spec_perl_TestSwitchManualIntSizeElse_t" time="0.000586032867431641" />
    <testcase name="Equals (190)" classname="spec_perl_TestSwitchManualIntSizeElse_t" time="9.29832458496094e-05" />
    <testcase name="Equals (191)" classname="spec_perl_TestSwitchManualIntSizeElse_t" time="6.103515625e-05" />
    <testcase name="Equals (192)" classname="spec_perl_TestSwitchManualIntSizeElse_t" time="0.000166893005371094" />
    <testcase name="Equals (193)" classname="spec_perl_TestSwitchManualIntSizeElse_t" time="0.000108003616333008" />
    <testcase name="Equals (194)" classname="spec_perl_TestSwitchManualIntSizeElse_t" time="0.000147104263305664" />
    <testcase name="Equals (195)" classname="spec_perl_TestSwitchManualIntSizeElse_t" time="0.00014495849609375" />
    <testcase name="Equals (196)" classname="spec_perl_TestSwitchManualIntSizeElse_t" time="0.000120878219604492" />
    <testcase name="Equals (197)" classname="spec_perl_TestSwitchManualIntSizeElse_t" time="0.00014495849609375" />
    <testcase name="Equals (198)" classname="spec_perl_TestSwitchManualIntSizeElse_t" time="0.0001220703125" />
  </testsuite>
  <testsuite name="spec_perl_TestDebug0_t" errors="0" failures="0" skipped="1" tests="1" time="0.0416281223297119">
    <system-out>1..1
ok 1 # skip test_debug_0
</system-out>
    <testcase name="Unnamed test case 198" classname="spec_perl_TestDebug0_t" time="0.000190019607543945">
      <skipped message="ok 1 # skip test_debug_0" />
    </testcase>
  </testsuite>
  <testsuite name="spec_perl_TestEosExceptionBytes_t" errors="0" failures="0" skipped="0" tests="1" time="0.0426769256591797">
    <system-out>1..1
ok 1 - Died
</system-out>
    <testcase name="Died (198)" classname="spec_perl_TestEosExceptionBytes_t" time="0.000395059585571289" />
  </testsuite>
  <testsuite name="spec_perl_TestEnumImport_t" errors="0" failures="2" skipped="0" tests="2" time="0.0479300022125244">
    <system-out>1..2
not ok 1 - Equals
not ok 2 - Equals
</system-out>
    <testcase name="Equals (199)" classname="spec_perl_TestEnumImport_t" time="0.000868082046508789">
      <failure message="not ok 1 - Equals" type="TAP::Parser::Result::Test"></failure>
    </testcase>
    <testcase name="Equals (200)" classname="spec_perl_TestEnumImport_t" time="0.000982999801635742">
      <failure message="not ok 2 - Equals" type="TAP::Parser::Result::Test"></failure>
    </testcase>
  </testsuite>
  <testsuite name="spec_perl_TestDefaultBitEndianMod_t" errors="0" failures="0" skipped="0" tests="4" time="0.0431191921234131">
    <system-out>1..4
ok 1 - Equals
ok 2 - Equals
ok 3 - Equals
ok 4 - Equals
</system-out>
    <testcase name="Equals (201)" classname="spec_perl_TestDefaultBitEndianMod_t" time="0.000256061553955078" />
    <testcase name="Equals (202)" classname="spec_perl_TestDefaultBitEndianMod_t" time="0.000104904174804688" />
    <testcase name="Equals (203)" classname="spec_perl_TestDefaultBitEndianMod_t" time="0.0001220703125" />
    <testcase name="Equals (204)" classname="spec_perl_TestDefaultBitEndianMod_t" time="0.000129938125610352" />
  </testsuite>
  <testsuite name="spec_perl_TestSwitchCast_t" errors="0" failures="0" skipped="0" tests="2" time="0.0451638698577881">
    <system-out>1..2
ok 1 - Equals
ok 2 - Equals
</system-out>
    <testcase name="Equals (205)" classname="spec_perl_TestSwitchCast_t" time="0.000310182571411133" />
    <testcase name="Equals (206)" classname="spec_perl_TestSwitchCast_t" time="8.48770141601562e-05" />
  </testsuite>
  <testsuite name="spec_perl_TestEnumIntRangeU_t" errors="0" failures="0" skipped="0" tests="2" time="0.0418710708618164">
    <system-out>1..2
ok 1 - Equals
ok 2 - Equals
</system-out>
    <testcase name="Equals (207)" classname="spec_perl_TestEnumIntRangeU_t" time="0.000165939331054688" />
    <testcase name="Equals (208)" classname="spec_perl_TestEnumIntRangeU_t" time="0.000118017196655273" />
  </testsuite>
  <testsuite name="spec_perl_TestRepeatNStruct_t" errors="0" failures="0" skipped="0" tests="5" time="0.0418150424957275">
    <system-out>1..5
ok 1 - Equals
ok 2 - Equals
ok 3 - Equals
ok 4 - Equals
ok 5 - Equals
</system-out>
    <testcase name="Equals (209)" classname="spec_perl_TestRepeatNStruct_t" time="0.000233173370361328" />
    <testcase name="Equals (210)" classname="spec_perl_TestRepeatNStruct_t" time="8.17775726318359e-05" />
    <testcase name="Equals (211)" classname="spec_perl_TestRepeatNStruct_t" time="0.000119209289550781" />
    <testcase name="Equals (212)" classname="spec_perl_TestRepeatNStruct_t" time="0.000127792358398438" />
    <testcase name="Equals (213)" classname="spec_perl_TestRepeatNStruct_t" time="0.000117063522338867" />
  </testsuite>
  <testsuite name="spec_perl_TestStrLiterals_t" errors="0" failures="0" skipped="0" tests="5" time="0.0420768260955811">
    <system-out>1..5
ok 1 - Equals
ok 2 - Equals
ok 3 - Equals
ok 4 - Equals
ok 5 - Equals
</system-out>
    <testcase name="Equals (214)" classname="spec_perl_TestStrLiterals_t" time="0.000238180160522461" />
    <testcase name="Equals (215)" classname="spec_perl_TestStrLiterals_t" time="9.39369201660156e-05" />
    <testcase name="Equals (216)" classname="spec_perl_TestStrLiterals_t" time="0.000156879425048828" />
    <testcase name="Equals (217)" classname="spec_perl_TestStrLiterals_t" time="0.000138998031616211" />
    <testcase name="Equals (218)" classname="spec_perl_TestStrLiterals_t" time="0.000155210494995117" />
  </testsuite>
  <testsuite name="spec_perl_TestFixedContents_t" errors="0" failures="0" skipped="1" tests="1" time="0.0449779033660889">
    <system-out>1..1
ok 1 # skip FixedContents=HASH(0x1b04338)
</system-out>
    <testcase name="Unnamed test case 218" classname="spec_perl_TestFixedContents_t" time="0.00116801261901855">
      <skipped message="ok 1 # skip FixedContents=HASH(0x1b04338)" />
    </testcase>
  </testsuite>
  <testsuite name="spec_perl_TestSwitchRepeatExpr_t" errors="0" failures="0" skipped="0" tests="3" time="0.0423598289489746">
    <system-out>1..3
ok 1 - Equals
ok 2 - Equals
ok 3 - Equals
</system-out>
    <testcase name="Equals (219)" classname="spec_perl_TestSwitchRepeatExpr_t" time="0.000479936599731445" />
    <testcase name="Equals (220)" classname="spec_perl_TestSwitchRepeatExpr_t" time="9.51290130615234e-05" />
    <testcase name="Equals (221)" classname="spec_perl_TestSwitchRepeatExpr_t" time="6.29425048828125e-05" />
  </testsuite>
  <testsuite name="spec_perl_TestExprMod_t" errors="0" failures="0" skipped="0" tests="6" time="0.0424900054931641">
    <system-out>1..6
ok 1 - Equals
ok 2 - Equals
ok 3 - Equals
ok 4 - Equals
ok 5 - Equals
ok 6 - Equals
</system-out>
    <testcase name="Equals (222)" classname="spec_perl_TestExprMod_t" time="0.000216007232666016" />
    <testcase name="Equals (223)" classname="spec_perl_TestExprMod_t" time="7.70092010498047e-05" />
    <testcase name="Equals (224)" classname="spec_perl_TestExprMod_t" time="0.000133037567138672" />
    <testcase name="Equals (225)" classname="spec_perl_TestExprMod_t" time="0.000126123428344727" />
    <testcase name="Equals (226)" classname="spec_perl_TestExprMod_t" time="0.000138044357299805" />
    <testcase name="Equals (227)" classname="spec_perl_TestExprMod_t" time="0.000124931335449219" />
  </testsuite>
  <testsuite name="spec_perl_TestExprIoEof_t" errors="0" failures="0" skipped="0" tests="4" time="0.0424208641052246">
    <system-out>1..4
ok 1 - Equals
ok 2 - nil
ok 3 - Equals
ok 4 - Equals
</system-out>
    <testcase name="Equals (228)" classname="spec_perl_TestExprIoEof_t" time="0.000480175018310547" />
    <testcase name="nil (228)" classname="spec_perl_TestExprIoEof_t" time="9.29832458496094e-05" />
    <testcase name="Equals (229)" classname="spec_perl_TestExprIoEof_t" time="4.88758087158203e-05" />
    <testcase name="Equals (230)" classname="spec_perl_TestExprIoEof_t" time="6.00814819335938e-05" />
  </testsuite>
  <testsuite name="spec_perl_TestTypeIntUnaryOp_t" errors="0" failures="0" skipped="0" tests="4" time="0.0419528484344482">
    <system-out>1..4
ok 1 - Equals
ok 2 - Equals
ok 3 - Equals
ok 4 - Equals
</system-out>
    <testcase name="Equals (231)" classname="spec_perl_TestTypeIntUnaryOp_t" time="0.000212192535400391" />
    <testcase name="Equals (232)" classname="spec_perl_TestTypeIntUnaryOp_t" time="8.20159912109375e-05" />
    <testcase name="Equals (233)" classname="spec_perl_TestTypeIntUnaryOp_t" time="0.000151872634887695" />
    <testcase name="Equals (234)" classname="spec_perl_TestTypeIntUnaryOp_t" time="0.000112056732177734" />
  </testsuite>
  <testsuite name="spec_perl_TestBitsByteAligned_t" errors="0" failures="0" skipped="0" tests="9" time="0.045147180557251">
    <system-out>1..9
ok 1 - Equals
ok 2 - Equals
ok 3 - Equals
ok 4 - Equals
ok 5 - Equals
ok 6 - Equals
ok 7 - Equals
ok 8 - Equals
ok 9 - Equals
</system-out>
    <testcase name="Equals (235)" classname="spec_perl_TestBitsByteAligned_t" time="0.000257968902587891" />
    <testcase name="Equals (236)" classname="spec_perl_TestBitsByteAligned_t" time="7.70092010498047e-05" />
    <testcase name="Equals (237)" classname="spec_perl_TestBitsByteAligned_t" time="0.00014805793762207" />
    <testcase name="Equals (238)" classname="spec_perl_TestBitsByteAligned_t" time="0.000125885009765625" />
    <testcase name="Equals (239)" classname="spec_perl_TestBitsByteAligned_t" time="0.000121116638183594" />
    <testcase name="Equals (240)" classname="spec_perl_TestBitsByteAligned_t" time="0.000150918960571289" />
    <testcase name="Equals (241)" classname="spec_perl_TestBitsByteAligned_t" time="0.000114917755126953" />
    <testcase name="Equals (242)" classname="spec_perl_TestBitsByteAligned_t" time="0.000145196914672852" />
    <testcase name="Equals (243)" classname="spec_perl_TestBitsByteAligned_t" time="0.000151872634887695" />
  </testsuite>
  <testsuite name="spec_perl_TestIndexToParamUntil_t" errors="0" failures="2" skipped="0" tests="7" time="0.0604679584503174">
    <system-out>1..7
ok 1 - Equals
ok 2 - Equals
ok 3 - Equals
ok 4 - Equals
ok 5 - Equals
not ok 6 - Equals
not ok 7 - Equals
</system-out>
    <testcase name="Equals (244)" classname="spec_perl_TestIndexToParamUntil_t" time="0.000391006469726562" />
    <testcase name="Equals (245)" classname="spec_perl_TestIndexToParamUntil_t" time="0.000451087951660156" />
    <testcase name="Equals (246)" classname="spec_perl_TestIndexToParamUntil_t" time="0.00039982795715332" />
    <testcase name="Equals (247)" classname="spec_perl_TestIndexToParamUntil_t" time="0.000399112701416016" />
    <testcase name="Equals (248)" classname="spec_perl_TestIndexToParamUntil_t" time="0.000344038009643555" />
    <testcase name="Equals (249)" classname="spec_perl_TestIndexToParamUntil_t" time="0.000332832336425781">
      <failure message="not ok 6 - Equals" type="TAP::Parser::Result::Test"></failure>
    </testcase>
    <testcase name="Equals (250)" classname="spec_perl_TestIndexToParamUntil_t" time="0.000882148742675781">
      <failure message="not ok 7 - Equals" type="TAP::Parser::Result::Test"></failure>
    </testcase>
  </testsuite>
  <testsuite name="spec_perl_TestExprArray_t" errors="0" failures="1" skipped="0" tests="15" time="0.049731969833374">
    <system-out>1..15
ok 1 - Equals
ok 2 - Equals
ok 3 - Equals
ok 4 - Equals
ok 5 - Equals
ok 6 - Equals
ok 7 - Equals
ok 8 - Equals
not ok 9 - Equals
ok 10 - Equals
ok 11 - Equals
ok 12 - Equals
ok 13 - Equals
ok 14 - Equals
ok 15 - Equals
</system-out>
    <testcase name="Equals (251)" classname="spec_perl_TestExprArray_t" time="0.000355958938598633" />
    <testcase name="Equals (252)" classname="spec_perl_TestExprArray_t" time="9.29832458496094e-05" />
    <testcase name="Equals (253)" classname="spec_perl_TestExprArray_t" time="7.70092010498047e-05" />
    <testcase name="Equals (254)" classname="spec_perl_TestExprArray_t" time="0.000135898590087891" />
    <testcase name="Equals (255)" classname="spec_perl_TestExprArray_t" time="0.000113964080810547" />
    <testcase name="Equals (256)" classname="spec_perl_TestExprArray_t" time="0.000145196914672852" />
    <testcase name="Equals (257)" classname="spec_perl_TestExprArray_t" time="0.000164985656738281" />
    <testcase name="Equals (258)" classname="spec_perl_TestExprArray_t" time="0.00011897087097168" />
    <testcase name="Equals (259)" classname="spec_perl_TestExprArray_t" time="0.000200986862182617">
      <failure message="not ok 9 - Equals" type="TAP::Parser::Result::Test"></failure>
    </testcase>
    <testcase name="Equals (260)" classname="spec_perl_TestExprArray_t" time="0.00386786460876465" />
    <testcase name="Equals (261)" classname="spec_perl_TestExprArray_t" time="6.103515625e-05" />
    <testcase name="Equals (262)" classname="spec_perl_TestExprArray_t" time="3.40938568115234e-05" />
    <testcase name="Equals (263)" classname="spec_perl_TestExprArray_t" time="3.19480895996094e-05" />
    <testcase name="Equals (264)" classname="spec_perl_TestExprArray_t" time="3.40938568115234e-05" />
    <testcase name="Equals (265)" classname="spec_perl_TestExprArray_t" time="3.19480895996094e-05" />
  </testsuite>
  <testsuite name="spec_perl_TestBytesPadTerm_t" errors="0" failures="0" skipped="0" tests="4" time="0.0430660247802734">
    <system-out>1..4
ok 1 - Equals
ok 2 - Equals
ok 3 - Equals
ok 4 - Equals
</system-out>
    <testcase name="Equals (266)" classname="spec_perl_TestBytesPadTerm_t" time="0.000239849090576172" />
    <testcase name="Equals (267)" classname="spec_perl_TestBytesPadTerm_t" time="7.79628753662109e-05" />
    <testcase name="Equals (268)" classname="spec_perl_TestBytesPadTerm_t" time="0.000127077102661133" />
    <testcase name="Equals (269)" classname="spec_perl_TestBytesPadTerm_t" time="0.000137090682983398" />
  </testsuite>
  <testsuite name="spec_perl_TestRepeatEosStruct_t" errors="0" failures="0" skipped="0" tests="5" time="0.0423879623413086">
    <system-out>1..5
ok 1 - Equals
ok 2 - Equals
ok 3 - Equals
ok 4 - Equals
ok 5 - Equals
</system-out>
    <testcase name="Equals (270)" classname="spec_perl_TestRepeatEosStruct_t" time="0.000244855880737305" />
    <testcase name="Equals (271)" classname="spec_perl_TestRepeatEosStruct_t" time="8.392333984375e-05" />
    <testcase name="Equals (272)" classname="spec_perl_TestRepeatEosStruct_t" time="0.000104188919067383" />
    <testcase name="Equals (273)" classname="spec_perl_TestRepeatEosStruct_t" time="0.000136852264404297" />
    <testcase name="Equals (274)" classname="spec_perl_TestRepeatEosStruct_t" time="0.000115156173706055" />
  </testsuite>
  <testsuite name="spec_perl_TestTypeTernary2ndFalsy_t" errors="0" failures="1" skipped="0" tests="13" time="0.0470089912414551">
    <system-out>1..13
ok 1 - Equals
ok 2 - Equals
ok 3 - Equals
ok 4 - Approx equals
ok 5 - Approx equals
ok 6 - Equals
ok 7 - Equals
ok 8 - Equals
ok 9 - nil
ok 10 - Equals
ok 11 - Equals
ok 12 - Equals
not ok 13 - test_type_ternary_2nd_falsy died (Can't use an undefined value as an ARRAY reference at spec/perl/TestTypeTernary2ndFalsy.t line 27.)
</system-out>
    <testcase name="Equals (275)" classname="spec_perl_TestTypeTernary2ndFalsy_t" time="0.000166893005371094" />
    <testcase name="Equals (276)" classname="spec_perl_TestTypeTernary2ndFalsy_t" time="0.000115156173706055" />
    <testcase name="Equals (277)" classname="spec_perl_TestTypeTernary2ndFalsy_t" time="0.000128984451293945" />
    <testcase name="Approx equals (277)" classname="spec_perl_TestTypeTernary2ndFalsy_t" time="6.19888305664062e-05" />
    <testcase name="Approx equals (278)" classname="spec_perl_TestTypeTernary2ndFalsy_t" time="5.38825988769531e-05" />
    <testcase name="Equals (278)" classname="spec_perl_TestTypeTernary2ndFalsy_t" time="0.000129938125610352" />
    <testcase name="Equals (279)" classname="spec_perl_TestTypeTernary2ndFalsy_t" time="0.000138998031616211" />
    <testcase name="Equals (280)" classname="spec_perl_TestTypeTernary2ndFalsy_t" time="0.000126123428344727" />
    <testcase name="nil (280)" classname="spec_perl_TestTypeTernary2ndFalsy_t" time="7.20024108886719e-05" />
    <testcase name="Equals (281)" classname="spec_perl_TestTypeTernary2ndFalsy_t" time="0.000102043151855469" />
    <testcase name="Equals (282)" classname="spec_perl_TestTypeTernary2ndFalsy_t" time="0.000179052352905273" />
    <testcase name="Equals (283)" classname="spec_perl_TestTypeTernary2ndFalsy_t" time="0.000148773193359375" />
    <testcase name="test_type_ternary_2nd_falsy died (Can't use an undefined value as an ARRAY reference at spec/perl/TestTypeTernary2ndFalsy.t line 27.) (283)" classname="spec_perl_TestTypeTernary2ndFalsy_t" time="0.000232219696044922">
      <failure message="not ok 13 - test_type_ternary_2nd_falsy died (Can't use an undefined value as an ARRAY reference at spec/perl/TestTypeTernary2ndFalsy.t line 27.)" type="TAP::Parser::Result::Test"></failure>
    </testcase>
  </testsuite>
  <testsuite name="spec_perl_TestBcdUserTypeLe_t" errors="0" failures="0" skipped="0" tests="6" time="0.0461010932922363">
    <system-out>1..6
ok 1 - Equals
ok 2 - Equals
ok 3 - Equals
ok 4 - Equals
ok 5 - Equals
ok 6 - Equals
</system-out>
    <testcase name="Equals (284)" classname="spec_perl_TestBcdUserTypeLe_t" time="0.000601053237915039" />
    <testcase name="Equals (285)" classname="spec_perl_TestBcdUserTypeLe_t" time="9.79900360107422e-05" />
    <testcase name="Equals (286)" classname="spec_perl_TestBcdUserTypeLe_t" time="5.98430633544922e-05" />
    <testcase name="Equals (287)" classname="spec_perl_TestBcdUserTypeLe_t" time="0.000169038772583008" />
    <testcase name="Equals (288)" classname="spec_perl_TestBcdUserTypeLe_t" time="0.000142097473144531" />
    <testcase name="Equals (289)" classname="spec_perl_TestBcdUserTypeLe_t" time="0.000164031982421875" />
  </testsuite>
  <testsuite name="spec_perl_TestHelloWorld_t" errors="0" failures="0" skipped="0" tests="1" time="0.0410721302032471">
    <system-out>1..1
ok 1 - Equals
</system-out>
    <testcase name="Equals (290)" classname="spec_perl_TestHelloWorld_t" time="0.00020599365234375" />
  </testsuite>
  <testsuite name="spec_perl_TestSwitchManualIntSize_t" errors="0" failures="1" skipped="0" tests="10" time="0.0501589775085449">
    <system-out>1..10
ok 1 - Equals
ok 2 - Equals
ok 3 - Equals
ok 4 - Equals
ok 5 - Equals
not ok 6 - test switch manual int size
ok 7 - Equals
ok 8 - Equals
ok 9 - Equals
ok 10 - Equals
</system-out>
    <testcase name="Equals (291)" classname="spec_perl_TestSwitchManualIntSize_t" time="0.000589132308959961" />
    <testcase name="Equals (292)" classname="spec_perl_TestSwitchManualIntSize_t" time="0.000116825103759766" />
    <testcase name="Equals (293)" classname="spec_perl_TestSwitchManualIntSize_t" time="5.81741333007812e-05" />
    <testcase name="Equals (294)" classname="spec_perl_TestSwitchManualIntSize_t" time="0.000103950500488281" />
    <testcase name="Equals (295)" classname="spec_perl_TestSwitchManualIntSize_t" time="0.000131845474243164" />
    <testcase name="test switch manual int size (295)" classname="spec_perl_TestSwitchManualIntSize_t" time="0.0017549991607666">
      <failure message="not ok 6 - test switch manual int size" type="TAP::Parser::Result::Test"></failure>
    </testcase>
    <testcase name="Equals (296)" classname="spec_perl_TestSwitchManualIntSize_t" time="6.81877136230469e-05" />
    <testcase name="Equals (297)" classname="spec_perl_TestSwitchManualIntSize_t" time="0.00359988212585449" />
    <testcase name="Equals (298)" classname="spec_perl_TestSwitchManualIntSize_t" time="5.91278076171875e-05" />
    <testcase name="Equals (299)" classname="spec_perl_TestSwitchManualIntSize_t" time="8.48770141601562e-05" />
  </testsuite>
  <testsuite name="spec_perl_TestCombineBool_t" errors="0" failures="0" skipped="0" tests="2" time="0.0421378612518311">
    <system-out>1..2
ok 1 - Equals
ok 2 - Equals
</system-out>
    <testcase name="Equals (300)" classname="spec_perl_TestCombineBool_t" time="0.00020599365234375" />
    <testcase name="Equals (301)" classname="spec_perl_TestCombineBool_t" time="7.79628753662109e-05" />
  </testsuite>
  <testsuite name="spec_perl_TestEnumForUnknownId_t" errors="0" failures="0" skipped="0" tests="1" time="0.0421059131622314">
    <system-out>1..1
ok 1 - Equals
</system-out>
    <testcase name="Equals (302)" classname="spec_perl_TestEnumForUnknownId_t" time="0.000205039978027344" />
  </testsuite>
  <testsuite name="spec_perl_TestExprStrOps_t" errors="1" failures="0" skipped="0" tests="0" time="0.0444328784942627">
    <system-out></system-out>
    <testcase name="Test died too soon, even before plan. (302)" classname="spec_perl_TestExprStrOps_t" time="0.0444328784942627">
      <failure message="The test suite died before a plan was produced. You need to have a plan." type="Plan">No plan</failure>
    </testcase>
  </testsuite>
  <testsuite name="spec_perl_TestSwitchManualEnum_t" errors="0" failures="0" skipped="0" tests="9" time="0.0460050106048584">
    <system-out>1..9
ok 1 - Equals
ok 2 - Equals
ok 3 - Equals
ok 4 - Equals
ok 5 - Equals
ok 6 - Equals
ok 7 - Equals
ok 8 - Equals
ok 9 - Equals
</system-out>
    <testcase name="Equals (303)" classname="spec_perl_TestSwitchManualEnum_t" time="0.000293970108032227" />
    <testcase name="Equals (304)" classname="spec_perl_TestSwitchManualEnum_t" time="8.79764556884766e-05" />
    <testcase name="Equals (305)" classname="spec_perl_TestSwitchManualEnum_t" time="7.51018524169922e-05" />
    <testcase name="Equals (306)" classname="spec_perl_TestSwitchManualEnum_t" time="0.000162839889526367" />
    <testcase name="Equals (307)" classname="spec_perl_TestSwitchManualEnum_t" time="0.000224113464355469" />
    <testcase name="Equals (308)" classname="spec_perl_TestSwitchManualEnum_t" time="0.000149011611938477" />
    <testcase name="Equals (309)" classname="spec_perl_TestSwitchManualEnum_t" time="0.000145912170410156" />
    <testcase name="Equals (310)" classname="spec_perl_TestSwitchManualEnum_t" time="0.000149011611938477" />
    <testcase name="Equals (311)" classname="spec_perl_TestSwitchManualEnum_t" time="0.000123023986816406" />
  </testsuite>
  <testsuite name="spec_perl_TestSwitchManualStr_t" errors="0" failures="0" skipped="0" tests="9" time="0.0455009937286377">
    <system-out>1..9
ok 1 - Equals
ok 2 - Equals
ok 3 - Equals
ok 4 - Equals
ok 5 - Equals
ok 6 - Equals
ok 7 - Equals
ok 8 - Equals
ok 9 - Equals
</system-out>
    <testcase name="Equals (312)" classname="spec_perl_TestSwitchManualStr_t" time="0.000324010848999023" />
    <testcase name="Equals (313)" classname="spec_perl_TestSwitchManualStr_t" time="9.98973846435547e-05" />
    <testcase name="Equals (314)" classname="spec_perl_TestSwitchManualStr_t" time="5.91278076171875e-05" />
    <testcase name="Equals (315)" classname="spec_perl_TestSwitchManualStr_t" time="0.000146865844726562" />
    <testcase name="Equals (316)" classname="spec_perl_TestSwitchManualStr_t" time="0.000127077102661133" />
    <testcase name="Equals (317)" classname="spec_perl_TestSwitchManualStr_t" time="0.000113010406494141" />
    <testcase name="Equals (318)" classname="spec_perl_TestSwitchManualStr_t" time="0.00014805793762207" />
    <testcase name="Equals (319)" classname="spec_perl_TestSwitchManualStr_t" time="0.000105857849121094" />
    <testcase name="Equals (320)" classname="spec_perl_TestSwitchManualStr_t" time="0.000128030776977539" />
  </testsuite>
  <testsuite name="spec_perl_TestValidShort_t" errors="0" failures="0" skipped="1" tests="1" time="0.0463669300079346">
    <system-out>1..1
ok 1 # skip ValidShort=HASH(0x24b5ae8)
</system-out>
    <testcase name="Unnamed test case 320" classname="spec_perl_TestValidShort_t" time="0.00130486488342285">
      <skipped message="ok 1 # skip ValidShort=HASH(0x24b5ae8)" />
    </testcase>
  </testsuite>
  <testsuite name="spec_perl_TestStrEncodingsDefault_t" errors="0" failures="0" skipped="0" tests="4" time="0.0496590137481689">
    <system-out>1..4
ok 1 - Equals
ok 2 - Equals
ok 3 - Equals
ok 4 - Equals
</system-out>
    <testcase name="Equals (321)" classname="spec_perl_TestStrEncodingsDefault_t" time="0.00302410125732422" />
    <testcase name="Equals (322)" classname="spec_perl_TestStrEncodingsDefault_t" time="9.89437103271484e-05" />
    <testcase name="Equals (323)" classname="spec_perl_TestStrEncodingsDefault_t" time="6.79492950439453e-05" />
    <testcase name="Equals (324)" classname="spec_perl_TestStrEncodingsDefault_t" time="0.000151157379150391" />
  </testsuite>
  <testsuite name="spec_perl_TestEnumLongRangeS_t" errors="0" failures="0" skipped="0" tests="7" time="0.0428428649902344">
    <system-out>1..7
ok 1 - Equals
ok 2 - Equals
ok 3 - Equals
ok 4 - Equals
ok 5 - Equals
ok 6 - Equals
ok 7 - Equals
</system-out>
    <testcase name="Equals (325)" classname="spec_perl_TestEnumLongRangeS_t" time="0.000207901000976562" />
    <testcase name="Equals (326)" classname="spec_perl_TestEnumLongRangeS_t" time="7.70092010498047e-05" />
    <testcase name="Equals (327)" classname="spec_perl_TestEnumLongRangeS_t" time="0.000127077102661133" />
    <testcase name="Equals (328)" classname="spec_perl_TestEnumLongRangeS_t" time="0.000134944915771484" />
    <testcase name="Equals (329)" classname="spec_perl_TestEnumLongRangeS_t" time="0.000164031982421875" />
    <testcase name="Equals (330)" classname="spec_perl_TestEnumLongRangeS_t" time="0.000118017196655273" />
    <testcase name="Equals (331)" classname="spec_perl_TestEnumLongRangeS_t" time="0.000129938125610352" />
  </testsuite>
  <testsuite name="spec_perl_TestNestedSameName_t" errors="0" failures="0" skipped="0" tests="2" time="0.0438680648803711">
    <system-out>1..2
ok 1 - Equals
ok 2 - Equals
</system-out>
    <testcase name="Equals (332)" classname="spec_perl_TestNestedSameName_t" time="0.000277996063232422" />
    <testcase name="Equals (333)" classname="spec_perl_TestNestedSameName_t" time="8.29696655273438e-05" />
  </testsuite>
  <testsuite name="spec_perl_TestEnumDeepLiterals_t" errors="0" failures="0" skipped="0" tests="2" time="0.0419530868530273">
    <system-out>1..2
ok 1 - Equals
ok 2 - Equals
</system-out>
    <testcase name="Equals (334)" classname="spec_perl_TestEnumDeepLiterals_t" time="0.000185012817382812" />
    <testcase name="Equals (335)" classname="spec_perl_TestEnumDeepLiterals_t" time="7.29560852050781e-05" />
  </testsuite>
  <testsuite name="spec_perl_TestNavParent3_t" errors="0" failures="0" skipped="0" tests="10" time="0.0467081069946289">
    <system-out>1..10
ok 1 - Equals
ok 2 - Equals
ok 3 - Equals
ok 4 - Equals
ok 5 - Equals
ok 6 - Equals
ok 7 - Equals
ok 8 - Equals
ok 9 - Equals
ok 10 - Equals
</system-out>
    <testcase name="Equals (336)" classname="spec_perl_TestNavParent3_t" time="0.000210046768188477" />
    <testcase name="Equals (337)" classname="spec_perl_TestNavParent3_t" time="8.48770141601562e-05" />
    <testcase name="Equals (338)" classname="spec_perl_TestNavParent3_t" time="0.00018310546875" />
    <testcase name="Equals (339)" classname="spec_perl_TestNavParent3_t" time="0.000137090682983398" />
    <testcase name="Equals (340)" classname="spec_perl_TestNavParent3_t" time="0.000115871429443359" />
    <testcase name="Equals (341)" classname="spec_perl_TestNavParent3_t" time="0.000200986862182617" />
    <testcase name="Equals (342)" classname="spec_perl_TestNavParent3_t" time="9.89437103271484e-05" />
    <testcase name="Equals (343)" classname="spec_perl_TestNavParent3_t" time="0.000142097473144531" />
    <testcase name="Equals (344)" classname="spec_perl_TestNavParent3_t" time="0.000147104263305664" />
    <testcase name="Equals (345)" classname="spec_perl_TestNavParent3_t" time="0.000169992446899414" />
  </testsuite>
  <testsuite name="spec_perl_TestProcessRepeatBytes_t" errors="0" failures="0" skipped="0" tests="2" time="0.0511810779571533">
    <system-out>1..2
ok 1 - Equals
ok 2 - Equals
</system-out>
    <testcase name="Equals (346)" classname="spec_perl_TestProcessRepeatBytes_t" time="0.000169992446899414" />
    <testcase name="Equals (347)" classname="spec_perl_TestProcessRepeatBytes_t" time="7.29560852050781e-05" />
  </testsuite>
  <testsuite name="spec_perl_TestProcessRepeatUsertype_t" errors="0" failures="0" skipped="0" tests="4" time="0.0420689582824707">
    <system-out>1..4
ok 1 - Equals
ok 2 - Equals
ok 3 - Equals
ok 4 - Equals
</system-out>
    <testcase name="Equals (348)" classname="spec_perl_TestProcessRepeatUsertype_t" time="0.000502824783325195" />
    <testcase name="Equals (349)" classname="spec_perl_TestProcessRepeatUsertype_t" time="9.79900360107422e-05" />
    <testcase name="Equals (350)" classname="spec_perl_TestProcessRepeatUsertype_t" time="7.20024108886719e-05" />
    <testcase name="Equals (351)" classname="spec_perl_TestProcessRepeatUsertype_t" time="7.00950622558594e-05" />
  </testsuite>
  <testsuite name="spec_perl_TestDocstrings_t" errors="0" failures="0" skipped="1" tests="1" time="0.0426061153411865">
    <system-out>1..1
ok 1 # skip Docstrings=HASH(0x16805e8)
</system-out>
    <testcase name="Unnamed test case 351" classname="spec_perl_TestDocstrings_t" time="0.00121402740478516">
      <skipped message="ok 1 # skip Docstrings=HASH(0x16805e8)" />
    </testcase>
  </testsuite>
  <testsuite name="spec_perl_TestIndexSizes_t" errors="0" failures="0" skipped="0" tests="7" time="0.0470969676971436">
    <system-out>1..7
ok 1 - Equals
ok 2 - Equals
ok 3 - Equals
ok 4 - Equals
ok 5 - Equals
ok 6 - Equals
ok 7 - Equals
</system-out>
    <testcase name="Equals (352)" classname="spec_perl_TestIndexSizes_t" time="0.000443935394287109" />
    <testcase name="Equals (353)" classname="spec_perl_TestIndexSizes_t" time="0.000111103057861328" />
    <testcase name="Equals (354)" classname="spec_perl_TestIndexSizes_t" time="8.48770141601562e-05" />
    <testcase name="Equals (355)" classname="spec_perl_TestIndexSizes_t" time="0.000162124633789062" />
    <testcase name="Equals (356)" classname="spec_perl_TestIndexSizes_t" time="0.000127077102661133" />
    <testcase name="Equals (357)" classname="spec_perl_TestIndexSizes_t" time="0.000142812728881836" />
    <testcase name="Equals (358)" classname="spec_perl_TestIndexSizes_t" time="0.0001220703125" />
  </testsuite>
  <testsuite name="spec_perl_TestIfStruct_t" errors="0" failures="0" skipped="0" tests="7" time="0.0458710193634033">
    <system-out>1..7
ok 1 - Equals
ok 2 - Equals
ok 3 - Equals
ok 4 - Equals
ok 5 - Equals
ok 6 - Equals
ok 7 - Equals
</system-out>
    <testcase name="Equals (359)" classname="spec_perl_TestIfStruct_t" time="0.000308036804199219" />
    <testcase name="Equals (360)" classname="spec_perl_TestIfStruct_t" time="8.70227813720703e-05" />
    <testcase name="Equals (361)" classname="spec_perl_TestIfStruct_t" time="6.50882720947266e-05" />
    <testcase name="Equals (362)" classname="spec_perl_TestIfStruct_t" time="0.000154972076416016" />
    <testcase name="Equals (363)" classname="spec_perl_TestIfStruct_t" time="0.000123977661132812" />
    <testcase name="Equals (364)" classname="spec_perl_TestIfStruct_t" time="0.000118017196655273" />
    <testcase name="Equals (365)" classname="spec_perl_TestIfStruct_t" time="0.000145912170410156" />
  </testsuite>
  <testsuite name="spec_perl_TestMetaTags_t" errors="0" failures="0" skipped="1" tests="1" time="0.0442130565643311">
    <system-out>1..1
ok 1 # skip MetaTags=HASH(0x12c6128)
</system-out>
    <testcase name="Unnamed test case 365" classname="spec_perl_TestMetaTags_t" time="0.00125694274902344">
      <skipped message="ok 1 # skip MetaTags=HASH(0x12c6128)" />
    </testcase>
  </testsuite>
  <testsuite name="spec_perl_TestBitsSimpleLe_t" errors="0" failures="0" skipped="0" tests="14" time="0.0450820922851562">
    <system-out>1..14
ok 1 - Equals
ok 2 - Equals
ok 3 - Equals
ok 4 - Equals
ok 5 - Equals
ok 6 - Equals
ok 7 - Equals
ok 8 - Equals
ok 9 - Equals
ok 10 - Equals
ok 11 - Equals
ok 12 - Equals
ok 13 - Equals
ok 14 - Equals
</system-out>
    <testcase name="Equals (366)" classname="spec_perl_TestBitsSimpleLe_t" time="0.000277996063232422" />
    <testcase name="Equals (367)" classname="spec_perl_TestBitsSimpleLe_t" time="8.392333984375e-05" />
    <testcase name="Equals (368)" classname="spec_perl_TestBitsSimpleLe_t" time="0.000114917755126953" />
    <testcase name="Equals (369)" classname="spec_perl_TestBitsSimpleLe_t" time="0.000134944915771484" />
    <testcase name="Equals (370)" classname="spec_perl_TestBitsSimpleLe_t" time="0.000116109848022461" />
    <testcase name="Equals (371)" classname="spec_perl_TestBitsSimpleLe_t" time="0.000140905380249023" />
    <testcase name="Equals (372)" classname="spec_perl_TestBitsSimpleLe_t" time="0.000119209289550781" />
    <testcase name="Equals (373)" classname="spec_perl_TestBitsSimpleLe_t" time="0.000278949737548828" />
    <testcase name="Equals (374)" classname="spec_perl_TestBitsSimpleLe_t" time="0.000136852264404297" />
    <testcase name="Equals (375)" classname="spec_perl_TestBitsSimpleLe_t" time="0.00014805793762207" />
    <testcase name="Equals (376)" classname="spec_perl_TestBitsSimpleLe_t" time="0.000119924545288086" />
    <testcase name="Equals (377)" classname="spec_perl_TestBitsSimpleLe_t" time="0.000145196914672852" />
    <testcase name="Equals (378)" classname="spec_perl_TestBitsSimpleLe_t" time="0.000124931335449219" />
    <testcase name="Equals (379)" classname="spec_perl_TestBitsSimpleLe_t" time="0.000154018402099609" />
  </testsuite>
  <testsuite name="spec_perl_TestStrLiterals2_t" errors="0" failures="0" skipped="0" tests="4" time="0.0421109199523926">
    <system-out>1..4
ok 1 - Equals
ok 2 - Equals
ok 3 - Equals
ok 4 - Equals
</system-out>
    <testcase name="Equals (380)" classname="spec_perl_TestStrLiterals2_t" time="0.000218868255615234" />
    <testcase name="Equals (381)" classname="spec_perl_TestStrLiterals2_t" time="7.79628753662109e-05" />
    <testcase name="Equals (382)" classname="spec_perl_TestStrLiterals2_t" time="0.000161170959472656" />
    <testcase name="Equals (383)" classname="spec_perl_TestStrLiterals2_t" time="0.000144004821777344" />
  </testsuite>
  <testsuite name="spec_perl_TestProcessCustomNoArgs_t" errors="1" failures="0" skipped="0" tests="0" time="0.0537230968475342">
    <system-out></system-out>
    <testcase name="Test died too soon, even before plan. (383)" classname="spec_perl_TestProcessCustomNoArgs_t" time="0.0537230968475342">
      <failure message="The test suite died before a plan was produced. You need to have a plan." type="Plan">No plan</failure>
    </testcase>
  </testsuite>
  <testsuite name="spec_perl_TestNestedSameName2_t" errors="0" failures="0" skipped="0" tests="5" time="0.0445828437805176">
    <system-out>1..5
ok 1 - Equals
ok 2 - Equals
ok 3 - Equals
ok 4 - Equals
ok 5 - Equals
</system-out>
    <testcase name="Equals (384)" classname="spec_perl_TestNestedSameName2_t" time="0.000248908996582031" />
    <testcase name="Equals (385)" classname="spec_perl_TestNestedSameName2_t" time="8.392333984375e-05" />
    <testcase name="Equals (386)" classname="spec_perl_TestNestedSameName2_t" time="0.000133037567138672" />
    <testcase name="Equals (387)" classname="spec_perl_TestNestedSameName2_t" time="0.000162124633789062" />
    <testcase name="Equals (388)" classname="spec_perl_TestNestedSameName2_t" time="9.48905944824219e-05" />
  </testsuite>
  <testsuite name="spec_perl_TestProcessCoerceBytes_t" errors="0" failures="0" skipped="0" tests="4" time="0.0426650047302246">
    <system-out>1..4
ok 1 - Equals
ok 2 - Equals
ok 3 - Equals
ok 4 - Equals
</system-out>
    <testcase name="Equals (389)" classname="spec_perl_TestProcessCoerceBytes_t" time="0.000241994857788086" />
    <testcase name="Equals (390)" classname="spec_perl_TestProcessCoerceBytes_t" time="8.20159912109375e-05" />
    <testcase name="Equals (391)" classname="spec_perl_TestProcessCoerceBytes_t" time="0.000115871429443359" />
    <testcase name="Equals (392)" classname="spec_perl_TestProcessCoerceBytes_t" time="0.000132083892822266" />
  </testsuite>
  <testsuite name="spec_perl_TestNavParent_t" errors="0" failures="0" skipped="0" tests="5" time="0.0478188991546631">
    <system-out>1..5
ok 1 - Equals
ok 2 - Equals
ok 3 - Equals
ok 4 - Equals
ok 5 - Equals
</system-out>
    <testcase name="Equals (393)" classname="spec_perl_TestNavParent_t" time="0.000348091125488281" />
    <testcase name="Equals (394)" classname="spec_perl_TestNavParent_t" time="9.08374786376953e-05" />
    <testcase name="Equals (395)" classname="spec_perl_TestNavParent_t" time="6.19888305664062e-05" />
    <testcase name="Equals (396)" classname="spec_perl_TestNavParent_t" time="0.000152111053466797" />
    <testcase name="Equals (397)" classname="spec_perl_TestNavParent_t" time="0.000132083892822266" />
  </testsuite>
  <testsuite name="spec_perl_TestIoLocalVar_t" errors="0" failures="0" skipped="0" tests="2" time="0.0434761047363281">
    <system-out>1..2
ok 1 - Equals
ok 2 - Equals
</system-out>
    <testcase name="Equals (398)" classname="spec_perl_TestIoLocalVar_t" time="0.000522851943969727" />
    <testcase name="Equals (399)" classname="spec_perl_TestIoLocalVar_t" time="9.10758972167969e-05" />
  </testsuite>
  <testsuite name="spec_perl_TestExprCalcArrayOps_t" errors="0" failures="1" skipped="17" tests="18" time="0.0654699802398682">
    <system-out>1..18
not ok 1 - test_expr_calc_array_ops died (Can't use string (&quot;1000&quot;) as an ARRAY ref while &quot;strict refs&quot; in use at compiled/perl/ExprCalcArrayOps.pm line 50.)
ok 2 # skip test_expr_calc_array_ops died
ok 3 # skip test_expr_calc_array_ops died
ok 4 # skip test_expr_calc_array_ops died
ok 5 # skip test_expr_calc_array_ops died
ok 6 # skip test_expr_calc_array_ops died
ok 7 # skip test_expr_calc_array_ops died
ok 8 # skip test_expr_calc_array_ops died
ok 9 # skip test_expr_calc_array_ops died
ok 10 # skip test_expr_calc_array_ops died
ok 11 # skip test_expr_calc_array_ops died
ok 12 # skip test_expr_calc_array_ops died
ok 13 # skip test_expr_calc_array_ops died
ok 14 # skip test_expr_calc_array_ops died
ok 15 # skip test_expr_calc_array_ops died
ok 16 # skip test_expr_calc_array_ops died
ok 17 # skip test_expr_calc_array_ops died
ok 18 # skip test_expr_calc_array_ops died
</system-out>
    <testcase name="test_expr_calc_array_ops died (Can't use string (&quot;1000&quot;) as an ARRAY ref while &quot;strict refs&quot; in use at compiled/perl/ExprCalcArrayOps.pm line 50.) (399)" classname="spec_perl_TestExprCalcArrayOps_t" time="0.000669002532958984">
      <failure message="not ok 1 - test_expr_calc_array_ops died (Can't use string (&quot;1000&quot;) as an ARRAY ref while &quot;strict refs&quot; in use at compiled/perl/ExprCalcArrayOps.pm line 50.)" type="TAP::Parser::Result::Test"></failure>
    </testcase>
    <testcase name="Unnamed test case 399" classname="spec_perl_TestExprCalcArrayOps_t" time="0.000744104385375977">
      <skipped message="ok 2 # skip test_expr_calc_array_ops died" />
    </testcase>
    <testcase name="Unnamed test case 400" classname="spec_perl_TestExprCalcArrayOps_t" time="0.000320911407470703">
      <skipped message="ok 3 # skip test_expr_calc_array_ops died" />
    </testcase>
    <testcase name="Unnamed test case 401" classname="spec_perl_TestExprCalcArrayOps_t" time="0.000292062759399414">
      <skipped message="ok 4 # skip test_expr_calc_array_ops died" />
    </testcase>
    <testcase name="Unnamed test case 402" classname="spec_perl_TestExprCalcArrayOps_t" time="0.000300884246826172">
      <skipped message="ok 5 # skip test_expr_calc_array_ops died" />
    </testcase>
    <testcase name="Unnamed test case 403" classname="spec_perl_TestExprCalcArrayOps_t" time="0.000296115875244141">
      <skipped message="ok 6 # skip test_expr_calc_array_ops died" />
    </testcase>
    <testcase name="Unnamed test case 404" classname="spec_perl_TestExprCalcArrayOps_t" time="0.00029301643371582">
      <skipped message="ok 7 # skip test_expr_calc_array_ops died" />
    </testcase>
    <testcase name="Unnamed test case 405" classname="spec_perl_TestExprCalcArrayOps_t" time="0.000292062759399414">
      <skipped message="ok 8 # skip test_expr_calc_array_ops died" />
    </testcase>
    <testcase name="Unnamed test case 406" classname="spec_perl_TestExprCalcArrayOps_t" time="0.000275850296020508">
      <skipped message="ok 9 # skip test_expr_calc_array_ops died" />
    </testcase>
    <testcase name="Unnamed test case 407" classname="spec_perl_TestExprCalcArrayOps_t" time="0.000288009643554688">
      <skipped message="ok 10 # skip test_expr_calc_array_ops died" />
    </testcase>
    <testcase name="Unnamed test case 408" classname="spec_perl_TestExprCalcArrayOps_t" time="0.000272989273071289">
      <skipped message="ok 11 # skip test_expr_calc_array_ops died" />
    </testcase>
    <testcase name="Unnamed test case 409" classname="spec_perl_TestExprCalcArrayOps_t" time="0.000281095504760742">
      <skipped message="ok 12 # skip test_expr_calc_array_ops died" />
    </testcase>
    <testcase name="Unnamed test case 410" classname="spec_perl_TestExprCalcArrayOps_t" time="0.000287055969238281">
      <skipped message="ok 13 # skip test_expr_calc_array_ops died" />
    </testcase>
    <testcase name="Unnamed test case 411" classname="spec_perl_TestExprCalcArrayOps_t" time="0.000275850296020508">
      <skipped message="ok 14 # skip test_expr_calc_array_ops died" />
    </testcase>
    <testcase name="Unnamed test case 412" classname="spec_perl_TestExprCalcArrayOps_t" time="0.000272035598754883">
      <skipped message="ok 15 # skip test_expr_calc_array_ops died" />
    </testcase>
    <testcase name="Unnamed test case 413" classname="spec_perl_TestExprCalcArrayOps_t" time="0.000282049179077148">
      <skipped message="ok 16 # skip test_expr_calc_array_ops died" />
    </testcase>
    <testcase name="Unnamed test case 414" classname="spec_perl_TestExprCalcArrayOps_t" time="0.000305891036987305">
      <skipped message="ok 17 # skip test_expr_calc_array_ops died" />
    </testcase>
    <testcase name="Unnamed test case 415" classname="spec_perl_TestExprCalcArrayOps_t" time="0.000290155410766602">
      <skipped message="ok 18 # skip test_expr_calc_array_ops died" />
    </testcase>
  </testsuite>
  <testsuite name="spec_perl_TestTsPacketHeader_t" errors="0" failures="0" skipped="0" tests="7" time="0.0425639152526855">
    <system-out>1..7
ok 1 - Equals
ok 2 - Equals
ok 3 - Equals
ok 4 - Equals
ok 5 - Equals
ok 6 - Equals
ok 7 - Equals
</system-out>
    <testcase name="Equals (415)" classname="spec_perl_TestTsPacketHeader_t" time="0.000261068344116211" />
    <testcase name="Equals (416)" classname="spec_perl_TestTsPacketHeader_t" time="8.29696655273438e-05" />
    <testcase name="Equals (417)" classname="spec_perl_TestTsPacketHeader_t" time="0.000107049942016602" />
    <testcase name="Equals (418)" classname="spec_perl_TestTsPacketHeader_t" time="0.000133037567138672" />
    <testcase name="Equals (419)" classname="spec_perl_TestTsPacketHeader_t" time="0.000113010406494141" />
    <testcase name="Equals (420)" classname="spec_perl_TestTsPacketHeader_t" time="0.000149965286254883" />
    <testcase name="Equals (421)" classname="spec_perl_TestTsPacketHeader_t" time="0.000110864639282227" />
  </testsuite>
  <testsuite name="spec_perl_TestValidLong_t" errors="0" failures="0" skipped="1" tests="1" time="0.0474178791046143">
    <system-out>1..1
ok 1 # skip ValidLong=HASH(0x2d06eb0)
</system-out>
    <testcase name="Unnamed test case 421" classname="spec_perl_TestValidLong_t" time="0.0012969970703125">
      <skipped message="ok 1 # skip ValidLong=HASH(0x2d06eb0)" />
    </testcase>
  </testsuite>
  <testsuite name="spec_perl_TestImportsRel1_t" errors="0" failures="0" skipped="0" tests="3" time="0.0423870086669922">
    <system-out>1..3
ok 1 - Equals
ok 2 - Equals
ok 3 - Equals
</system-out>
    <testcase name="Equals (422)" classname="spec_perl_TestImportsRel1_t" time="0.000243902206420898" />
    <testcase name="Equals (423)" classname="spec_perl_TestImportsRel1_t" time="8.0108642578125e-05" />
    <testcase name="Equals (424)" classname="spec_perl_TestImportsRel1_t" time="9.70363616943359e-05" />
  </testsuite>
  <testsuite name="spec_perl_TestNestedTypes2_t" errors="0" failures="0" skipped="0" tests="7" time="0.0446641445159912">
    <system-out>1..7
ok 1 - Equals
ok 2 - Equals
ok 3 - Equals
ok 4 - Equals
ok 5 - Equals
ok 6 - Equals
ok 7 - Equals
</system-out>
    <testcase name="Equals (425)" classname="spec_perl_TestNestedTypes2_t" time="0.000267982482910156" />
    <testcase name="Equals (426)" classname="spec_perl_TestNestedTypes2_t" time="8.70227813720703e-05" />
    <testcase name="Equals (427)" classname="spec_perl_TestNestedTypes2_t" time="8.60691070556641e-05" />
    <testcase name="Equals (428)" classname="spec_perl_TestNestedTypes2_t" time="0.000152826309204102" />
    <testcase name="Equals (429)" classname="spec_perl_TestNestedTypes2_t" time="0.000130176544189453" />
    <testcase name="Equals (430)" classname="spec_perl_TestNestedTypes2_t" time="0.000157833099365234" />
    <testcase name="Equals (431)" classname="spec_perl_TestNestedTypes2_t" time="0.000119209289550781" />
  </testsuite>
  <testsuite name="spec_perl_TestSwitchManualEnumInvalidElse_t" errors="0" failures="0" skipped="0" tests="5" time="0.0451250076293945">
    <system-out>1..5
ok 1 - Equals
ok 2 - Equals
ok 3 - Equals
ok 4 - Equals
ok 5 - Equals
</system-out>
    <testcase name="Equals (432)" classname="spec_perl_TestSwitchManualEnumInvalidElse_t" time="0.000261068344116211" />
[...]
    <testcase name="Equals (803)" classname="spec_perl_TestExprStrEncodings_t" time="0.000164985656738281" />
    <testcase name="Equals (804)" classname="spec_perl_TestExprStrEncodings_t" time="0.000165939331054688" />
  </testsuite>
  <testsuite name="spec_perl_TestExprIfIntOps_t" errors="0" failures="0" skipped="0" tests="2" time="0.0423378944396973">
    <system-out>1..2
ok 1 - Equals
ok 2 - Equals
</system-out>
    <testcase name="Equals (805)" classname="spec_perl_TestExprIfIntOps_t" time="0.000215053558349609" />
    <testcase name="Equals (806)" classname="spec_perl_TestExprIfIntOps_t" time="7.79628753662109e-05" />
  </testsuite>
  <testsuite name="spec_perl_TestMetaXref_t" errors="0" failures="0" skipped="1" tests="1" time="0.0439879894256592">
    <system-out>1..1
ok 1 # skip MetaXref=HASH(0x2399278)
</system-out>
    <testcase name="Unnamed test case 806" classname="spec_perl_TestMetaXref_t" time="0.00121808052062988">
      <skipped message="ok 1 # skip MetaXref=HASH(0x2399278)" />
    </testcase>
  </testsuite>
  <testsuite name="spec_perl_TestEnumIf_t" errors="0" failures="0" skipped="0" tests="7" time="0.0461239814758301">
    <system-out>1..7
ok 1 - Equals
ok 2 - Equals
ok 3 - Equals
ok 4 - Equals
ok 5 - Equals
ok 6 - Equals
ok 7 - Equals
</system-out>
    <testcase name="Equals (807)" classname="spec_perl_TestEnumIf_t" time="0.000311851501464844" />
    <testcase name="Equals (808)" classname="spec_perl_TestEnumIf_t" time="8.82148742675781e-05" />
    <testcase name="Equals (809)" classname="spec_perl_TestEnumIf_t" time="7.29560852050781e-05" />
    <testcase name="Equals (810)" classname="spec_perl_TestEnumIf_t" time="0.000201940536499023" />
    <testcase name="Equals (811)" classname="spec_perl_TestEnumIf_t" time="9.60826873779297e-05" />
    <testcase name="Equals (812)" classname="spec_perl_TestEnumIf_t" time="0.000138998031616211" />
    <testcase name="Equals (813)" classname="spec_perl_TestEnumIf_t" time="0.000130891799926758" />
  </testsuite>
  <testsuite name="spec_perl_TestImportsAbsRel_t" errors="0" failures="0" skipped="0" tests="3" time="0.042402982711792">
    <system-out>1..3
ok 1 - Equals
ok 2 - Equals
ok 3 - Equals
</system-out>
    <testcase name="Equals (814)" classname="spec_perl_TestImportsAbsRel_t" time="0.00024104118347168" />
    <testcase name="Equals (815)" classname="spec_perl_TestImportsAbsRel_t" time="8.10623168945312e-05" />
    <testcase name="Equals (816)" classname="spec_perl_TestImportsAbsRel_t" time="8.20159912109375e-05" />
  </testsuite>
  <testsuite name="spec_perl_TestNavParentFalse_t" errors="0" failures="0" skipped="0" tests="5" time="0.0441598892211914">
    <system-out>1..5
ok 1 - Equals
ok 2 - Equals
ok 3 - Equals
ok 4 - Equals
ok 5 - Equals
</system-out>
    <testcase name="Equals (817)" classname="spec_perl_TestNavParentFalse_t" time="0.000269889831542969" />
    <testcase name="Equals (818)" classname="spec_perl_TestNavParentFalse_t" time="8.20159912109375e-05" />
    <testcase name="Equals (819)" classname="spec_perl_TestNavParentFalse_t" time="0.000108957290649414" />
    <testcase name="Equals (820)" classname="spec_perl_TestNavParentFalse_t" time="0.000131130218505859" />
    <testcase name="Equals (821)" classname="spec_perl_TestNavParentFalse_t" time="0.000130891799926758" />
  </testsuite>
  <testsuite name="spec_perl_TestImports0_t" errors="0" failures="0" skipped="0" tests="3" time="0.0421719551086426">
    <system-out>1..3
ok 1 - Equals
ok 2 - Equals
ok 3 - Equals
</system-out>
    <testcase name="Equals (822)" classname="spec_perl_TestImports0_t" time="0.000200033187866211" />
    <testcase name="Equals (823)" classname="spec_perl_TestImports0_t" time="7.39097595214844e-05" />
    <testcase name="Equals (824)" classname="spec_perl_TestImports0_t" time="0.000130891799926758" />
  </testsuite>
  <testsuite name="spec_perl_TestCastNested_t" errors="0" failures="0" skipped="0" tests="4" time="0.0475809574127197">
    <system-out>1..4
ok 1 - Equals
ok 2 - Equals
ok 3 - Equals
ok 4 - Equals
</system-out>
    <testcase name="Equals (825)" classname="spec_perl_TestCastNested_t" time="0.000309944152832031" />
    <testcase name="Equals (826)" classname="spec_perl_TestCastNested_t" time="8.51154327392578e-05" />
    <testcase name="Equals (827)" classname="spec_perl_TestCastNested_t" time="0.000110864639282227" />
    <testcase name="Equals (828)" classname="spec_perl_TestCastNested_t" time="0.000137090682983398" />
  </testsuite>
  <testsuite name="spec_perl_TestRepeatUntilComplex_t" errors="0" failures="0" skipped="0" tests="17" time="0.0446779727935791">
    <system-out>1..17
ok 1 - Equals
ok 2 - Equals
ok 3 - Equals
ok 4 - Equals
ok 5 - Equals
ok 6 - Equals
ok 7 - Equals
ok 8 - Equals
ok 9 - Equals
ok 10 - Equals
ok 11 - Equals
ok 12 - Equals
ok 13 - Equals
ok 14 - Equals
ok 15 - Equals
ok 16 - Equals
ok 17 - Equals
</system-out>
    <testcase name="Equals (829)" classname="spec_perl_TestRepeatUntilComplex_t" time="0.000298976898193359" />
    <testcase name="Equals (830)" classname="spec_perl_TestRepeatUntilComplex_t" time="8.41617584228516e-05" />
    <testcase name="Equals (831)" classname="spec_perl_TestRepeatUntilComplex_t" time="0.000171899795532227" />
    <testcase name="Equals (832)" classname="spec_perl_TestRepeatUntilComplex_t" time="8.79764556884766e-05" />
    <testcase name="Equals (833)" classname="spec_perl_TestRepeatUntilComplex_t" time="0.000144004821777344" />
    <testcase name="Equals (834)" classname="spec_perl_TestRepeatUntilComplex_t" time="0.000120162963867188" />
    <testcase name="Equals (835)" classname="spec_perl_TestRepeatUntilComplex_t" time="8.29696655273438e-05" />
    <testcase name="Equals (836)" classname="spec_perl_TestRepeatUntilComplex_t" time="0.000144004821777344" />
    <testcase name="Equals (837)" classname="spec_perl_TestRepeatUntilComplex_t" time="0.000115871429443359" />
    <testcase name="Equals (838)" classname="spec_perl_TestRepeatUntilComplex_t" time="0.000144004821777344" />
    <testcase name="Equals (839)" classname="spec_perl_TestRepeatUntilComplex_t" time="0.000144004821777344" />
    <testcase name="Equals (840)" classname="spec_perl_TestRepeatUntilComplex_t" time="0.000123977661132812" />
    <testcase name="Equals (841)" classname="spec_perl_TestRepeatUntilComplex_t" time="0.000149011611938477" />
    <testcase name="Equals (842)" classname="spec_perl_TestRepeatUntilComplex_t" time="0.000120162963867188" />
    <testcase name="Equals (843)" classname="spec_perl_TestRepeatUntilComplex_t" time="0.000122785568237305" />
    <testcase name="Equals (844)" classname="spec_perl_TestRepeatUntilComplex_t" time="9.29832458496094e-05" />
    <testcase name="Equals (845)" classname="spec_perl_TestRepeatUntilComplex_t" time="0.000121116638183594" />
  </testsuite>
  <testsuite name="spec_perl_TestExprIntDiv_t" errors="0" failures="2" skipped="0" tests="6" time="0.0459849834442139">
    <system-out>1..6
ok 1 - Equals
ok 2 - Equals
ok 3 - Equals
not ok 4 - Equals
ok 5 - Equals
not ok 6 - Equals
</system-out>
    <testcase name="Equals (846)" classname="spec_perl_TestExprIntDiv_t" time="0.000247001647949219" />
    <testcase name="Equals (847)" classname="spec_perl_TestExprIntDiv_t" time="8.70227813720703e-05" />
    <testcase name="Equals (848)" classname="spec_perl_TestExprIntDiv_t" time="0.000117063522338867" />
    <testcase name="Equals (849)" classname="spec_perl_TestExprIntDiv_t" time="0.000175952911376953">
      <failure message="not ok 4 - Equals" type="TAP::Parser::Result::Test"></failure>
    </testcase>
    <testcase name="Equals (850)" classname="spec_perl_TestExprIntDiv_t" time="0.00154995918273926" />
    <testcase name="Equals (851)" classname="spec_perl_TestExprIntDiv_t" time="0.000285148620605469">
      <failure message="not ok 6 - Equals" type="TAP::Parser::Result::Test"></failure>
    </testcase>
  </testsuite>
  <testsuite name="spec_perl_TestEofExceptionBytes_t" errors="0" failures="0" skipped="0" tests="1" time="0.0433509349822998">
    <system-out>1..1
ok 1 - Died
</system-out>
    <testcase name="Died (851)" classname="spec_perl_TestEofExceptionBytes_t" time="0.000168085098266602" />
  </testsuite>
  <testsuite name="spec_perl_TestSwitchMultiBoolOps_t" errors="0" failures="0" skipped="0" tests="9" time="0.0421769618988037">
    <system-out>1..9
ok 1 - Equals
ok 2 - Equals
ok 3 - Equals
ok 4 - Equals
ok 5 - Equals
ok 6 - Equals
ok 7 - Equals
ok 8 - Equals
ok 9 - Equals
</system-out>
    <testcase name="Equals (852)" classname="spec_perl_TestSwitchMultiBoolOps_t" time="0.000268936157226562" />
    <testcase name="Equals (853)" classname="spec_perl_TestSwitchMultiBoolOps_t" time="9.20295715332031e-05" />
    <testcase name="Equals (854)" classname="spec_perl_TestSwitchMultiBoolOps_t" time="0.000138998031616211" />
    <testcase name="Equals (855)" classname="spec_perl_TestSwitchMultiBoolOps_t" time="0.000133991241455078" />
    <testcase name="Equals (856)" classname="spec_perl_TestSwitchMultiBoolOps_t" time="0.000133037567138672" />
    <testcase name="Equals (857)" classname="spec_perl_TestSwitchMultiBoolOps_t" time="0.000142097473144531" />
    <testcase name="Equals (858)" classname="spec_perl_TestSwitchMultiBoolOps_t" time="0.000133037567138672" />
    <testcase name="Equals (859)" classname="spec_perl_TestSwitchMultiBoolOps_t" time="0.000118017196655273" />
    <testcase name="Equals (860)" classname="spec_perl_TestSwitchMultiBoolOps_t" time="0.000127792358398438" />
  </testsuite>
  <testsuite name="spec_perl_TestEnumFancy_t" errors="0" failures="0" skipped="0" tests="2" time="0.0424680709838867">
    <system-out>1..2
ok 1 - Equals
ok 2 - Equals
</system-out>
    <testcase name="Equals (861)" classname="spec_perl_TestEnumFancy_t" time="0.000172853469848633" />
    <testcase name="Equals (862)" classname="spec_perl_TestEnumFancy_t" time="9.10758972167969e-05" />
  </testsuite>
  <testsuite name="spec_perl_TestDefaultEndianExprIsLe_t" errors="0" failures="0" skipped="0" tests="12" time="0.0439889430999756">
    <system-out>1..12
ok 1 - Equals
ok 2 - Equals
ok 3 - Equals
ok 4 - Equals
ok 5 - Equals
ok 6 - Equals
ok 7 - Equals
ok 8 - Equals
ok 9 - Equals
ok 10 - Equals
ok 11 - Equals
ok 12 - Equals
</system-out>
    <testcase name="Equals (863)" classname="spec_perl_TestDefaultEndianExprIsLe_t" time="0.000281095504760742" />
    <testcase name="Equals (864)" classname="spec_perl_TestDefaultEndianExprIsLe_t" time="8.29696655273438e-05" />
    <testcase name="Equals (865)" classname="spec_perl_TestDefaultEndianExprIsLe_t" time="0.000115871429443359" />
    <testcase name="Equals (866)" classname="spec_perl_TestDefaultEndianExprIsLe_t" time="0.000164985656738281" />
    <testcase name="Equals (867)" classname="spec_perl_TestDefaultEndianExprIsLe_t" time="0.0001220703125" />
    <testcase name="Equals (868)" classname="spec_perl_TestDefaultEndianExprIsLe_t" time="0.00014495849609375" />
    <testcase name="Equals (869)" classname="spec_perl_TestDefaultEndianExprIsLe_t" time="0.000115156173706055" />
    <testcase name="Equals (870)" classname="spec_perl_TestDefaultEndianExprIsLe_t" time="0.000126838684082031" />
    <testcase name="Equals (871)" classname="spec_perl_TestDefaultEndianExprIsLe_t" time="0.000121116638183594" />
    <testcase name="Equals (872)" classname="spec_perl_TestDefaultEndianExprIsLe_t" time="0.000149011611938477" />
    <testcase name="Equals (873)" classname="spec_perl_TestDefaultEndianExprIsLe_t" time="0.000115871429443359" />
    <testcase name="Equals (874)" classname="spec_perl_TestDefaultEndianExprIsLe_t" time="0.000141143798828125" />
  </testsuite>
  <testsuite name="spec_perl_TestProcessXor4Value_t" errors="0" failures="0" skipped="0" tests="2" time="0.0421438217163086">
    <system-out>1..2
ok 1 - Equals
ok 2 - Equals
</system-out>
    <testcase name="Equals (875)" classname="spec_perl_TestProcessXor4Value_t" time="0.000213146209716797" />
    <testcase name="Equals (876)" classname="spec_perl_TestProcessXor4Value_t" time="7.58171081542969e-05" />
  </testsuite>
  <testsuite name="spec_perl_TestSwitchRepeatExprInvalid_t" errors="0" failures="0" skipped="0" tests="3" time="0.0418810844421387">
    <system-out>1..3
ok 1 - Equals
ok 2 - Equals
ok 3 - Equals
</system-out>
    <testcase name="Equals (877)" classname="spec_perl_TestSwitchRepeatExprInvalid_t" time="0.000169038772583008" />
    <testcase name="Equals (878)" classname="spec_perl_TestSwitchRepeatExprInvalid_t" time="0.000112056732177734" />
    <testcase name="Equals (879)" classname="spec_perl_TestSwitchRepeatExprInvalid_t" time="0.000149965286254883" />
  </testsuite>
  <testsuite name="spec_perl_TestEnumLongRangeU_t" errors="0" failures="0" skipped="0" tests="4" time="0.0417239665985107">
    <system-out>1..4
ok 1 - Equals
ok 2 - Equals
ok 3 - Equals
ok 4 - Equals
</system-out>
    <testcase name="Equals (880)" classname="spec_perl_TestEnumLongRangeU_t" time="0.00023198127746582" />
    <testcase name="Equals (881)" classname="spec_perl_TestEnumLongRangeU_t" time="7.58171081542969e-05" />
    <testcase name="Equals (882)" classname="spec_perl_TestEnumLongRangeU_t" time="0.000145196914672852" />
    <testcase name="Equals (883)" classname="spec_perl_TestEnumLongRangeU_t" time="0.000108957290649414" />
  </testsuite>
  <testsuite name="spec_perl_TestNavParentVsValueInst_t" errors="0" failures="0" skipped="0" tests="1" time="0.0460119247436523">
    <system-out>1..1
ok 1 - Equals
</system-out>
    <testcase name="Equals (884)" classname="spec_perl_TestNavParentVsValueInst_t" time="0.000275850296020508" />
  </testsuite>
  <testsuite name="spec_perl_TestBitsEnum_t" errors="0" failures="0" skipped="0" tests="3" time="0.0426099300384521">
    <system-out>1..3
ok 1 - Equals
ok 2 - Equals
ok 3 - Equals
</system-out>
    <testcase name="Equals (885)" classname="spec_perl_TestBitsEnum_t" time="0.000236034393310547" />
    <testcase name="Equals (886)" classname="spec_perl_TestBitsEnum_t" time="7.89165496826172e-05" />
    <testcase name="Equals (887)" classname="spec_perl_TestBitsEnum_t" time="0.000130891799926758" />
  </testsuite>
  <testsuite name="spec_perl_TestDocstringsDocrefMulti_t" errors="0" failures="0" skipped="1" tests="1" time="0.044374942779541">
    <system-out>1..1
ok 1 # skip DocstringsDocrefMulti=HASH(0x2e791e8)
</system-out>
    <testcase name="Unnamed test case 887" classname="spec_perl_TestDocstringsDocrefMulti_t" time="0.00121903419494629">
      <skipped message="ok 1 # skip DocstringsDocrefMulti=HASH(0x2e791e8)" />
    </testcase>
  </testsuite>
  <testsuite name="spec_perl_TestEnumNegative_t" errors="0" failures="0" skipped="0" tests="2" time="0.0412890911102295">
    <system-out>1..2
ok 1 - Equals
ok 2 - Equals
</system-out>
    <testcase name="Equals (888)" classname="spec_perl_TestEnumNegative_t" time="0.000214099884033203" />
    <testcase name="Equals (889)" classname="spec_perl_TestEnumNegative_t" time="7.60555267333984e-05" />
  </testsuite>
  <testsuite name="spec_perl_TestSwitchManualStrElse_t" errors="0" failures="0" skipped="0" tests="9" time="0.0460720062255859">
    <system-out>1..9
ok 1 - Equals
ok 2 - Equals
ok 3 - Equals
ok 4 - Equals
ok 5 - Equals
ok 6 - Equals
ok 7 - Equals
ok 8 - Equals
ok 9 - Equals
</system-out>
    <testcase name="Equals (890)" classname="spec_perl_TestSwitchManualStrElse_t" time="0.000277042388916016" />
    <testcase name="Equals (891)" classname="spec_perl_TestSwitchManualStrElse_t" time="7.98702239990234e-05" />
    <testcase name="Equals (892)" classname="spec_perl_TestSwitchManualStrElse_t" time="0.000142097473144531" />
    <testcase name="Equals (893)" classname="spec_perl_TestSwitchManualStrElse_t" time="0.000117063522338867" />
    <testcase name="Equals (894)" classname="spec_perl_TestSwitchManualStrElse_t" time="0.000135898590087891" />
    <testcase name="Equals (895)" classname="spec_perl_TestSwitchManualStrElse_t" time="0.00014805793762207" />
    <testcase name="Equals (896)" classname="spec_perl_TestSwitchManualStrElse_t" time="0.000113010406494141" />
    <testcase name="Equals (897)" classname="spec_perl_TestSwitchManualStrElse_t" time="0.000128984451293945" />
    <testcase name="Equals (898)" classname="spec_perl_TestSwitchManualStrElse_t" time="0.00014185905456543" />
  </testsuite>
  <testsuite name="spec_perl_TestTermStrz_t" errors="0" failures="0" skipped="0" tests="3" time="0.0443668365478516">
    <system-out>1..3
ok 1 - Equals
ok 2 - Equals
ok 3 - Equals
</system-out>
    <testcase name="Equals (899)" classname="spec_perl_TestTermStrz_t" time="0.000298023223876953" />
    <testcase name="Equals (900)" classname="spec_perl_TestTermStrz_t" time="7.79628753662109e-05" />
    <testcase name="Equals (901)" classname="spec_perl_TestTermStrz_t" time="0.000113964080810547" />
  </testsuite>
  <testsuite name="spec_perl_TestBitsSimple_t" errors="0" failures="0" skipped="0" tests="14" time="0.0461339950561523">
    <system-out>1..14
ok 1 - Equals
ok 2 - Equals
ok 3 - Equals
ok 4 - Equals
ok 5 - Equals
ok 6 - Equals
ok 7 - Equals
ok 8 - Equals
ok 9 - Equals
ok 10 - Equals
ok 11 - Equals
ok 12 - Equals
ok 13 - Equals
ok 14 - Equals
</system-out>
    <testcase name="Equals (902)" classname="spec_perl_TestBitsSimple_t" time="0.000329017639160156" />
    <testcase name="Equals (903)" classname="spec_perl_TestBitsSimple_t" time="9.39369201660156e-05" />
    <testcase name="Equals (904)" classname="spec_perl_TestBitsSimple_t" time="5.88893890380859e-05" />
    <testcase name="Equals (905)" classname="spec_perl_TestBitsSimple_t" time="0.00015711784362793" />
    <testcase name="Equals (906)" classname="spec_perl_TestBitsSimple_t" time="0.000165939331054688" />
    <testcase name="Equals (907)" classname="spec_perl_TestBitsSimple_t" time="6.60419464111328e-05" />
    <testcase name="Equals (908)" classname="spec_perl_TestBitsSimple_t" time="0.000151872634887695" />
    <testcase name="Equals (909)" classname="spec_perl_TestBitsSimple_t" time="0.00012516975402832" />
    <testcase name="Equals (910)" classname="spec_perl_TestBitsSimple_t" time="0.000145912170410156" />
    <testcase name="Equals (911)" classname="spec_perl_TestBitsSimple_t" time="0.000116109848022461" />
    <testcase name="Equals (912)" classname="spec_perl_TestBitsSimple_t" time="0.00014185905456543" />
    <testcase name="Equals (913)" classname="spec_perl_TestBitsSimple_t" time="0.0001220703125" />
    <testcase name="Equals (914)" classname="spec_perl_TestBitsSimple_t" time="0.000151872634887695" />
    <testcase name="Equals (915)" classname="spec_perl_TestBitsSimple_t" time="0.000114202499389648" />
  </testsuite>
  <testsuite name="spec_perl_TestPositionAbs_t" errors="0" failures="0" skipped="0" tests="2" time="0.0456039905548096">
    <system-out>1..2
ok 1 - Equals
ok 2 - Equals
</system-out>
    <testcase name="Equals (916)" classname="spec_perl_TestPositionAbs_t" time="0.000166893005371094" />
    <testcase name="Equals (917)" classname="spec_perl_TestPositionAbs_t" time="0.000203132629394531" />
  </testsuite>
  <testsuite name="spec_perl_TestExprIoPos_t" errors="0" failures="0" skipped="0" tests="6" time="0.0457131862640381">
    <system-out>1..6
ok 1 - Equals
ok 2 - Equals
ok 3 - Equals
ok 4 - Equals
ok 5 - Equals
ok 6 - Equals
</system-out>
    <testcase name="Equals (918)" classname="spec_perl_TestExprIoPos_t" time="0.000583887100219727" />
    <testcase name="Equals (919)" classname="spec_perl_TestExprIoPos_t" time="9.51290130615234e-05" />
    <testcase name="Equals (920)" classname="spec_perl_TestExprIoPos_t" time="5.79357147216797e-05" />
    <testcase name="Equals (921)" classname="spec_perl_TestExprIoPos_t" time="0.000128030776977539" />
    <testcase name="Equals (922)" classname="spec_perl_TestExprIoPos_t" time="0.000123023986816406" />
    <testcase name="Equals (923)" classname="spec_perl_TestExprIoPos_t" time="0.000134944915771484" />
  </testsuite>
</testsuites>
