<?xml version='1.0' encoding='utf-8'?>
<testsuites>
  <testsuite name="spec_perl_TestRepeatUntilCalcArrayType_t" errors="0" failures="0" skipped="0" tests="7" time="0.0359888076782227">
    <system-out>1..7
ok 1 - Equals
ok 2 - Equals
ok 3 - Equals
ok 4 - Equals
ok 5 - Equals
ok 6 - Equals
ok 7 - Equals
</system-out>
    <testcase name="Equals" classname="spec_perl_TestRepeatUntilCalcArrayType_t" time="0.00158214569091797" />
    <testcase name="Equals (2)" classname="spec_perl_TestRepeatUntilCalcArrayType_t" time="0.000136852264404297" />
    <testcase name="Equals (3)" classname="spec_perl_TestRepeatUntilCalcArrayType_t" time="5.22136688232422e-05" />
    <testcase name="Equals (4)" classname="spec_perl_TestRepeatUntilCalcArrayType_t" time="6.69956207275391e-05" />
    <testcase name="Equals (5)" classname="spec_perl_TestRepeatUntilCalcArrayType_t" time="4.57763671875e-05" />
    <testcase name="Equals (6)" classname="spec_perl_TestRepeatUntilCalcArrayType_t" time="5.81741333007812e-05" />
    <testcase name="Equals (7)" classname="spec_perl_TestRepeatUntilCalcArrayType_t" time="5.19752502441406e-05" />
  </testsuite>
  <testsuite name="spec_perl_TestOpaqueExternalType02Parent_t" errors="0" failures="0" skipped="0" tests="3" time="0.040153980255127">
    <system-out>1..3
ok 1 - Equals
ok 2 - Equals
ok 3 - Equals
</system-out>
    <testcase name="Equals (8)" classname="spec_perl_TestOpaqueExternalType02Parent_t" time="0.00144314765930176" />
    <testcase name="Equals (9)" classname="spec_perl_TestOpaqueExternalType02Parent_t" time="5.98430633544922e-05" />
    <testcase name="Equals (10)" classname="spec_perl_TestOpaqueExternalType02Parent_t" time="4.69684600830078e-05" />
  </testsuite>
  <testsuite name="spec_perl_TestIntegersDoubleOverflow_t" errors="0" failures="0" skipped="0" tests="8" time="0.036217212677002">
    <system-out>1..8
ok 1 - Equals
ok 2 - Equals
ok 3 - Equals
ok 4 - Equals
ok 5 - Equals
ok 6 - Equals
ok 7 - Equals
ok 8 - Equals
</system-out>
    <testcase name="Equals (11)" classname="spec_perl_TestIntegersDoubleOverflow_t" time="0.0013279914855957" />
    <testcase name="Equals (12)" classname="spec_perl_TestIntegersDoubleOverflow_t" time="7.41481781005859e-05" />
    <testcase name="Equals (13)" classname="spec_perl_TestIntegersDoubleOverflow_t" time="4.88758087158203e-05" />
    <testcase name="Equals (14)" classname="spec_perl_TestIntegersDoubleOverflow_t" time="6.19888305664062e-05" />
    <testcase name="Equals (15)" classname="spec_perl_TestIntegersDoubleOverflow_t" time="4.1961669921875e-05" />
    <testcase name="Equals (16)" classname="spec_perl_TestIntegersDoubleOverflow_t" time="7.51018524169922e-05" />
    <testcase name="Equals (17)" classname="spec_perl_TestIntegersDoubleOverflow_t" time="7.70092010498047e-05" />
    <testcase name="Equals (18)" classname="spec_perl_TestIntegersDoubleOverflow_t" time="6.98566436767578e-05" />
  </testsuite>
  <testsuite name="spec_perl_TestHelloWorld_t" errors="0" failures="0" skipped="0" tests="1" time="0.0356919765472412">
    <system-out>1..1
ok 1 - Equals
</system-out>
    <testcase name="Equals (19)" classname="spec_perl_TestHelloWorld_t" time="0.00116491317749023" />
  </testsuite>
  <testsuite name="spec_perl_TestSwitchManualIntElse_t" errors="0" failures="0" skipped="0" tests="9" time="0.0400309562683105">
    <system-out>1..9
ok 1 - Equals
ok 2 - Equals
ok 3 - Equals
ok 4 - Equals
ok 5 - Equals
ok 6 - Equals
ok 7 - Equals
ok 8 - Equals
ok 9 - Equals
</system-out>
    <testcase name="Equals (20)" classname="spec_perl_TestSwitchManualIntElse_t" time="0.00148987770080566" />
    <testcase name="Equals (21)" classname="spec_perl_TestSwitchManualIntElse_t" time="0.000150203704833984" />
    <testcase name="Equals (22)" classname="spec_perl_TestSwitchManualIntElse_t" time="7.08103179931641e-05" />
    <testcase name="Equals (23)" classname="spec_perl_TestSwitchManualIntElse_t" time="7.00950622558594e-05" />
    <testcase name="Equals (24)" classname="spec_perl_TestSwitchManualIntElse_t" time="5.79357147216797e-05" />
    <testcase name="Equals (25)" classname="spec_perl_TestSwitchManualIntElse_t" time="8.20159912109375e-05" />
    <testcase name="Equals (26)" classname="spec_perl_TestSwitchManualIntElse_t" time="5.69820404052734e-05" />
    <testcase name="Equals (27)" classname="spec_perl_TestSwitchManualIntElse_t" time="5.41210174560547e-05" />
    <testcase name="Equals (28)" classname="spec_perl_TestSwitchManualIntElse_t" time="5.48362731933594e-05" />
  </testsuite>
  <testsuite name="spec_perl_TestExprMod_t" errors="0" failures="0" skipped="0" tests="6" time="0.0365018844604492">
    <system-out>1..6
ok 1 - Equals
ok 2 - Equals
ok 3 - Equals
ok 4 - Equals
ok 5 - Equals
ok 6 - Equals
</system-out>
    <testcase name="Equals (29)" classname="spec_perl_TestExprMod_t" time="0.0013279914855957" />
    <testcase name="Equals (30)" classname="spec_perl_TestExprMod_t" time="0.000111103057861328" />
    <testcase name="Equals (31)" classname="spec_perl_TestExprMod_t" time="6.69956207275391e-05" />
    <testcase name="Equals (32)" classname="spec_perl_TestExprMod_t" time="6.19888305664062e-05" />
    <testcase name="Equals (33)" classname="spec_perl_TestExprMod_t" time="8.20159912109375e-05" />
    <testcase name="Equals (34)" classname="spec_perl_TestExprMod_t" time="6.4849853515625e-05" />
  </testsuite>
  <testsuite name="spec_perl_TestExprSizeofType1_t" errors="0" failures="0" skipped="0" tests="2" time="0.0364899635314941">
    <system-out>1..2
ok 1 - Equals
ok 2 - Equals
</system-out>
    <testcase name="Equals (35)" classname="spec_perl_TestExprSizeofType1_t" time="0.00128793716430664" />
    <testcase name="Equals (36)" classname="spec_perl_TestExprSizeofType1_t" time="0.000147104263305664" />
  </testsuite>
  <testsuite name="spec_perl_TestEnum1_t" errors="0" failures="0" skipped="0" tests="2" time="0.0355961322784424">
    <system-out>1..2
ok 1 - Equals
ok 2 - Equals
</system-out>
    <testcase name="Equals (37)" classname="spec_perl_TestEnum1_t" time="0.00149679183959961" />
    <testcase name="Equals (38)" classname="spec_perl_TestEnum1_t" time="7.60555267333984e-05" />
  </testsuite>
  <testsuite name="spec_perl_TestNestedSameName2_t" errors="0" failures="0" skipped="0" tests="5" time="0.035355806350708">
    <system-out>1..5
ok 1 - Equals
ok 2 - Equals
ok 3 - Equals
ok 4 - Equals
ok 5 - Equals
</system-out>
    <testcase name="Equals (39)" classname="spec_perl_TestNestedSameName2_t" time="0.00141596794128418" />
    <testcase name="Equals (40)" classname="spec_perl_TestNestedSameName2_t" time="7.60555267333984e-05" />
    <testcase name="Equals (41)" classname="spec_perl_TestNestedSameName2_t" time="4.1961669921875e-05" />
    <testcase name="Equals (42)" classname="spec_perl_TestNestedSameName2_t" time="3.69548797607422e-05" />
    <testcase name="Equals (43)" classname="spec_perl_TestNestedSameName2_t" time="5.00679016113281e-05" />
  </testsuite>
  <testsuite name="spec_perl_TestExprIntDiv_t" errors="0" failures="2" skipped="0" tests="6" time="0.0375640392303467">
    <system-out>1..6
ok 1 - Equals
ok 2 - Equals
ok 3 - Equals
not ok 4 - Equals
ok 5 - Equals
not ok 6 - Equals
</system-out>
    <testcase name="Equals (44)" classname="spec_perl_TestExprIntDiv_t" time="0.00125503540039062" />
    <testcase name="Equals (45)" classname="spec_perl_TestExprIntDiv_t" time="0.000116825103759766" />
    <testcase name="Equals (46)" classname="spec_perl_TestExprIntDiv_t" time="7.00950622558594e-05" />
    <testcase name="Equals (47)" classname="spec_perl_TestExprIntDiv_t" time="9.20295715332031e-05">
      <failure message="not ok 4 - Equals" type="TAP::Parser::Result::Test"></failure>
    </testcase>
    <testcase name="Equals (48)" classname="spec_perl_TestExprIntDiv_t" time="8.392333984375e-05" />
    <testcase name="Equals (49)" classname="spec_perl_TestExprIntDiv_t" time="8.60691070556641e-05">
      <failure message="not ok 6 - Equals" type="TAP::Parser::Result::Test"></failure>
    </testcase>
  </testsuite>
  <testsuite name="spec_perl_TestSwitchManualEnumInvalid_t" errors="0" failures="0" skipped="0" tests="5" time="0.0383760929107666">
    <system-out>1..5
ok 1 - Equals
ok 2 - Equals
ok 3 - nil
ok 4 - Equals
ok 5 - nil
</system-out>
    <testcase name="Equals (50)" classname="spec_perl_TestSwitchManualEnumInvalid_t" time="0.00121092796325684" />
    <testcase name="Equals (51)" classname="spec_perl_TestSwitchManualEnumInvalid_t" time="0.000104188919067383" />
    <testcase name="nil (51)" classname="spec_perl_TestSwitchManualEnumInvalid_t" time="6.69956207275391e-05" />
    <testcase name="Equals (52)" classname="spec_perl_TestSwitchManualEnumInvalid_t" time="5.98430633544922e-05" />
    <testcase name="nil (52)" classname="spec_perl_TestSwitchManualEnumInvalid_t" time="7.51018524169922e-05" />
  </testsuite>
  <testsuite name="spec_perl_TestCombineBytes_t" errors="0" failures="0" skipped="0" tests="10" time="0.036998987197876">
    <system-out>1..10
ok 1 - Equals
ok 2 - Equals
ok 3 - Equals
ok 4 - Equals
ok 5 - Equals
ok 6 - Equals
ok 7 - Equals
ok 8 - Equals
ok 9 - Equals
ok 10 - Equals
</system-out>
    <testcase name="Equals (53)" classname="spec_perl_TestCombineBytes_t" time="0.00140500068664551" />
    <testcase name="Equals (54)" classname="spec_perl_TestCombineBytes_t" time="6.89029693603516e-05" />
    <testcase name="Equals (55)" classname="spec_perl_TestCombineBytes_t" time="5.00679016113281e-05" />
    <testcase name="Equals (56)" classname="spec_perl_TestCombineBytes_t" time="4.69684600830078e-05" />
    <testcase name="Equals (57)" classname="spec_perl_TestCombineBytes_t" time="7.10487365722656e-05" />
    <testcase name="Equals (58)" classname="spec_perl_TestCombineBytes_t" time="7.60555267333984e-05" />
    <testcase name="Equals (59)" classname="spec_perl_TestCombineBytes_t" time="6.19888305664062e-05" />
    <testcase name="Equals (60)" classname="spec_perl_TestCombineBytes_t" time="6.89029693603516e-05" />
    <testcase name="Equals (61)" classname="spec_perl_TestCombineBytes_t" time="7.00950622558594e-05" />
    <testcase name="Equals (62)" classname="spec_perl_TestCombineBytes_t" time="7.58171081542969e-05" />
  </testsuite>
  <testsuite name="spec_perl_TestImportsRel1_t" errors="0" failures="0" skipped="0" tests="3" time="0.0358421802520752">
    <system-out>1..3
ok 1 - Equals
ok 2 - Equals
ok 3 - Equals
</system-out>
    <testcase name="Equals (63)" classname="spec_perl_TestImportsRel1_t" time="0.00125408172607422" />
    <testcase name="Equals (64)" classname="spec_perl_TestImportsRel1_t" time="0.000107049942016602" />
    <testcase name="Equals (65)" classname="spec_perl_TestImportsRel1_t" time="6.69956207275391e-05" />
  </testsuite>
  <testsuite name="spec_perl_TestInstanceStdArray_t" errors="0" failures="0" skipped="0" tests="7" time="0.0357801914215088">
    <system-out>1..7
ok 1 - Equals
ok 2 - Equals
ok 3 - Equals
ok 4 - Equals
ok 5 - Equals
ok 6 - Equals
ok 7 - Equals
</system-out>
    <testcase name="Equals (66)" classname="spec_perl_TestInstanceStdArray_t" time="0.00136303901672363" />
    <testcase name="Equals (67)" classname="spec_perl_TestInstanceStdArray_t" time="7.51018524169922e-05" />
    <testcase name="Equals (68)" classname="spec_perl_TestInstanceStdArray_t" time="4.79221343994141e-05" />
    <testcase name="Equals (69)" classname="spec_perl_TestInstanceStdArray_t" time="4.50611114501953e-05" />
    <testcase name="Equals (70)" classname="spec_perl_TestInstanceStdArray_t" time="7.39097595214844e-05" />
    <testcase name="Equals (71)" classname="spec_perl_TestInstanceStdArray_t" time="7.20024108886719e-05" />
    <testcase name="Equals (72)" classname="spec_perl_TestInstanceStdArray_t" time="6.103515625e-05" />
  </testsuite>
  <testsuite name="spec_perl_TestSwitchCast_t" errors="0" failures="0" skipped="0" tests="2" time="0.0384390354156494">
    <system-out>1..2
ok 1 - Equals
ok 2 - Equals
</system-out>
    <testcase name="Equals (73)" classname="spec_perl_TestSwitchCast_t" time="0.00137519836425781" />
    <testcase name="Equals (74)" classname="spec_perl_TestSwitchCast_t" time="7.98702239990234e-05" />
  </testsuite>
  <testsuite name="spec_perl_TestDefaultEndianExprInherited_t" errors="0" failures="0" skipped="0" tests="15" time="0.0381908416748047">
    <system-out>1..15
ok 1 - Equals
ok 2 - Equals
ok 3 - Equals
ok 4 - Equals
ok 5 - Equals
ok 6 - Equals
ok 7 - Equals
ok 8 - Equals
ok 9 - Equals
ok 10 - Equals
ok 11 - Equals
ok 12 - Equals
ok 13 - Equals
ok 14 - Equals
ok 15 - Equals
</system-out>
    <testcase name="Equals (75)" classname="spec_perl_TestDefaultEndianExprInherited_t" time="0.00161099433898926" />
    <testcase name="Equals (76)" classname="spec_perl_TestDefaultEndianExprInherited_t" time="7.89165496826172e-05" />
    <testcase name="Equals (77)" classname="spec_perl_TestDefaultEndianExprInherited_t" time="4.00543212890625e-05" />
    <testcase name="Equals (78)" classname="spec_perl_TestDefaultEndianExprInherited_t" time="4.60147857666016e-05" />
    <testcase name="Equals (79)" classname="spec_perl_TestDefaultEndianExprInherited_t" time="5.10215759277344e-05" />
    <testcase name="Equals (80)" classname="spec_perl_TestDefaultEndianExprInherited_t" time="3.48091125488281e-05" />
    <testcase name="Equals (81)" classname="spec_perl_TestDefaultEndianExprInherited_t" time="4.31537628173828e-05" />
    <testcase name="Equals (82)" classname="spec_perl_TestDefaultEndianExprInherited_t" time="6.89029693603516e-05" />
    <testcase name="Equals (83)" classname="spec_perl_TestDefaultEndianExprInherited_t" time="6.41345977783203e-05" />
    <testcase name="Equals (84)" classname="spec_perl_TestDefaultEndianExprInherited_t" time="8.17775726318359e-05" />
    <testcase name="Equals (85)" classname="spec_perl_TestDefaultEndianExprInherited_t" time="7.41481781005859e-05" />
    <testcase name="Equals (86)" classname="spec_perl_TestDefaultEndianExprInherited_t" time="6.60419464111328e-05" />
    <testcase name="Equals (87)" classname="spec_perl_TestDefaultEndianExprInherited_t" time="6.89029693603516e-05" />
    <testcase name="Equals (88)" classname="spec_perl_TestDefaultEndianExprInherited_t" time="6.89029693603516e-05" />
    <testcase name="Equals (89)" classname="spec_perl_TestDefaultEndianExprInherited_t" time="0.000111103057861328" />
  </testsuite>
  <testsuite name="spec_perl_TestZlibWithHeader78_t" errors="0" failures="0" skipped="0" tests="1" time="0.068950891494751">
    <system-out>1..1
ok 1 - Equals
</system-out>
    <testcase name="Equals (90)" classname="spec_perl_TestZlibWithHeader78_t" time="0.00144314765930176" />
  </testsuite>
  <testsuite name="spec_perl_TestFloatingPoints_t" errors="0" failures="0" skipped="0" tests="8" time="0.0351319313049316">
    <system-out>1..8
ok 1 - Approx equals
ok 2 - Approx equals
ok 3 - Approx equals
ok 4 - Approx equals
ok 5 - Approx equals
ok 6 - Approx equals
ok 7 - Approx equals
ok 8 - Approx equals
</system-out>
    <testcase name="Approx equals (90)" classname="spec_perl_TestFloatingPoints_t" time="0.00118803977966309" />
    <testcase name="Approx equals (91)" classname="spec_perl_TestFloatingPoints_t" time="0.000111103057861328" />
    <testcase name="Approx equals (92)" classname="spec_perl_TestFloatingPoints_t" time="6.79492950439453e-05" />
    <testcase name="Approx equals (93)" classname="spec_perl_TestFloatingPoints_t" time="6.29425048828125e-05" />
    <testcase name="Approx equals (94)" classname="spec_perl_TestFloatingPoints_t" time="8.0108642578125e-05" />
    <testcase name="Approx equals (95)" classname="spec_perl_TestFloatingPoints_t" time="8.89301300048828e-05" />
    <testcase name="Approx equals (96)" classname="spec_perl_TestFloatingPoints_t" time="6.19888305664062e-05" />
    <testcase name="Approx equals (97)" classname="spec_perl_TestFloatingPoints_t" time="5.69820404052734e-05" />
  </testsuite>
  <testsuite name="spec_perl_TestProcessXor4Value_t" errors="0" failures="0" skipped="0" tests="2" time="0.0345199108123779">
    <system-out>1..2
ok 1 - Equals
ok 2 - Equals
</system-out>
    <testcase name="Equals (97)" classname="spec_perl_TestProcessXor4Value_t" time="0.00125408172607422" />
    <testcase name="Equals (98)" classname="spec_perl_TestProcessXor4Value_t" time="7.70092010498047e-05" />
  </testsuite>
  <testsuite name="spec_perl_TestImportsAbsAbs_t" errors="0" failures="0" skipped="0" tests="3" time="0.0373339653015137">
    <system-out>1..3
ok 1 - Equals
ok 2 - Equals
ok 3 - Equals
</system-out>
    <testcase name="Equals (99)" classname="spec_perl_TestImportsAbsAbs_t" time="0.00140595436096191" />
    <testcase name="Equals (100)" classname="spec_perl_TestImportsAbsAbs_t" time="0.00012516975402832" />
    <testcase name="Equals (101)" classname="spec_perl_TestImportsAbsAbs_t" time="7.10487365722656e-05" />
  </testsuite>
  <testsuite name="spec_perl_TestExprBytesNonLiteral_t" errors="0" failures="0" skipped="0" tests="3" time="0.0358519554138184">
    <system-out>1..3
ok 1 - Equals
ok 2 - Equals
ok 3 - Equals
</system-out>
    <testcase name="Equals (102)" classname="spec_perl_TestExprBytesNonLiteral_t" time="0.00122499465942383" />
    <testcase name="Equals (103)" classname="spec_perl_TestExprBytesNonLiteral_t" time="0.000108003616333008" />
    <testcase name="Equals (104)" classname="spec_perl_TestExprBytesNonLiteral_t" time="7.10487365722656e-05" />
  </testsuite>
  <testsuite name="spec_perl_TestYamlInts_t" errors="0" failures="0" skipped="0" tests="4" time="0.0344281196594238">
    <system-out>1..4
ok 1 - Equals
ok 2 - Equals
ok 3 - Equals
ok 4 - Equals
</system-out>
    <testcase name="Equals (105)" classname="spec_perl_TestYamlInts_t" time="0.00121307373046875" />
    <testcase name="Equals (106)" classname="spec_perl_TestYamlInts_t" time="0.000103950500488281" />
    <testcase name="Equals (107)" classname="spec_perl_TestYamlInts_t" time="6.81877136230469e-05" />
    <testcase name="Equals (108)" classname="spec_perl_TestYamlInts_t" time="7.98702239990234e-05" />
  </testsuite>
  <testsuite name="spec_perl_TestBytesPadTerm_t" errors="0" failures="0" skipped="0" tests="4" time="0.033499002456665">
    <system-out>1..4
ok 1 - Equals
ok 2 - Equals
ok 3 - Equals
ok 4 - Equals
</system-out>
    <testcase name="Equals (109)" classname="spec_perl_TestBytesPadTerm_t" time="0.00123095512390137" />
    <testcase name="Equals (110)" classname="spec_perl_TestBytesPadTerm_t" time="9.79900360107422e-05" />
    <testcase name="Equals (111)" classname="spec_perl_TestBytesPadTerm_t" time="6.19888305664062e-05" />
    <testcase name="Equals (112)" classname="spec_perl_TestBytesPadTerm_t" time="7.31945037841797e-05" />
  </testsuite>
  <testsuite name="spec_perl_TestDebugSwitchUser_t" errors="1" failures="0" skipped="0" tests="0" time="0.0318078994750977">
    <system-out></system-out>
    <testcase name="Test died too soon, even before plan. (112)" classname="spec_perl_TestDebugSwitchUser_t" time="0.0318078994750977">
      <failure message="The test suite died before a plan was produced. You need to have a plan." type="Plan">No plan</failure>
    </testcase>
  </testsuite>
  <testsuite name="spec_perl_TestParamsPassUsertype_t" errors="0" failures="1" skipped="1" tests="2" time="0.0370979309082031">
    <system-out>1..2
not ok 1 - test_params_pass_usertype died (Can't call method &quot;foo&quot; on an undefined value at compiled/perl/ParamsPassUsertype.pm line 119.)
ok 2 # skip test_params_pass_usertype died
</system-out>
    <testcase name="test_params_pass_usertype died (Can't call method &quot;foo&quot; on an undefined value at compiled/perl/ParamsPassUsertype.pm line 119.) (112)" classname="spec_perl_TestParamsPassUsertype_t" time="0.00133800506591797">
      <failure message="not ok 1 - test_params_pass_usertype died (Can't call method &quot;foo&quot; on an undefined value at compiled/perl/ParamsPassUsertype.pm line 119.)" type="TAP::Parser::Result::Test"></failure>
    </testcase>
    <testcase name="Unnamed test case 112" classname="spec_perl_TestParamsPassUsertype_t" time="0.000137805938720703">
      <skipped message="ok 2 # skip test_params_pass_usertype died" />
    </testcase>
  </testsuite>
  <testsuite name="spec_perl_TestProcessCoerceBytes_t" errors="0" failures="0" skipped="0" tests="4" time="0.0343070030212402">
    <system-out>1..4
ok 1 - Equals
ok 2 - Equals
ok 3 - Equals
ok 4 - Equals
</system-out>
    <testcase name="Equals (113)" classname="spec_perl_TestProcessCoerceBytes_t" time="0.00145506858825684" />
    <testcase name="Equals (114)" classname="spec_perl_TestProcessCoerceBytes_t" time="0.000113010406494141" />
    <testcase name="Equals (115)" classname="spec_perl_TestProcessCoerceBytes_t" time="6.89029693603516e-05" />
    <testcase name="Equals (116)" classname="spec_perl_TestProcessCoerceBytes_t" time="6.29425048828125e-05" />
  </testsuite>
  <testsuite name="spec_perl_TestCastNested_t" errors="0" failures="0" skipped="0" tests="4" time="0.0402181148529053">
    <system-out>1..4
ok 1 - Equals
ok 2 - Equals
ok 3 - Equals
ok 4 - Equals
</system-out>
    <testcase name="Equals (117)" classname="spec_perl_TestCastNested_t" time="0.00151300430297852" />
    <testcase name="Equals (118)" classname="spec_perl_TestCastNested_t" time="7.79628753662109e-05" />
    <testcase name="Equals (119)" classname="spec_perl_TestCastNested_t" time="4.00543212890625e-05" />
    <testcase name="Equals (120)" classname="spec_perl_TestCastNested_t" time="3.60012054443359e-05" />
  </testsuite>
  <testsuite name="spec_perl_TestNavParent3_t" errors="0" failures="0" skipped="0" tests="10" time="0.0427970886230469">
    <system-out>1..10
ok 1 - Equals
ok 2 - Equals
ok 3 - Equals
ok 4 - Equals
ok 5 - Equals
ok 6 - Equals
ok 7 - Equals
ok 8 - Equals
ok 9 - Equals
ok 10 - Equals
</system-out>
    <testcase name="Equals (121)" classname="spec_perl_TestNavParent3_t" time="0.00152206420898438" />
    <testcase name="Equals (122)" classname="spec_perl_TestNavParent3_t" time="8.29696655273438e-05" />
    <testcase name="Equals (123)" classname="spec_perl_TestNavParent3_t" time="0.000100851058959961" />
    <testcase name="Equals (124)" classname="spec_perl_TestNavParent3_t" time="7.20024108886719e-05" />
    <testcase name="Equals (125)" classname="spec_perl_TestNavParent3_t" time="0.000113964080810547" />
    <testcase name="Equals (126)" classname="spec_perl_TestNavParent3_t" time="7.70092010498047e-05" />
    <testcase name="Equals (127)" classname="spec_perl_TestNavParent3_t" time="7.70092010498047e-05" />
    <testcase name="Equals (128)" classname="spec_perl_TestNavParent3_t" time="0.000249147415161133" />
    <testcase name="Equals (129)" classname="spec_perl_TestNavParent3_t" time="7.98702239990234e-05" />
    <testcase name="Equals (130)" classname="spec_perl_TestNavParent3_t" time="6.41345977783203e-05" />
  </testsuite>
  <testsuite name="spec_perl_TestEnumToIClassBorder1_t" errors="0" failures="1" skipped="0" tests="3" time="0.0366759300231934">
    <system-out>1..3
ok 1 - Equals
ok 2 - Equals
not ok 3 - test_enum_to_i_class_border_1 died (Can't call method &quot;some_dog&quot; on an undefined value at compiled/perl/EnumToIClassBorder2.pm line 42.)
</system-out>
    <testcase name="Equals (131)" classname="spec_perl_TestEnumToIClassBorder1_t" time="0.00148916244506836" />
    <testcase name="Equals (132)" classname="spec_perl_TestEnumToIClassBorder1_t" time="7.98702239990234e-05" />
    <testcase name="test_enum_to_i_class_border_1 died (Can't call method &quot;some_dog&quot; on an undefined value at compiled/perl/EnumToIClassBorder2.pm line 42.) (132)" classname="spec_perl_TestEnumToIClassBorder1_t" time="5.50746917724609e-05">
      <failure message="not ok 3 - test_enum_to_i_class_border_1 died (Can't call method &quot;some_dog&quot; on an undefined value at compiled/perl/EnumToIClassBorder2.pm line 42.)" type="TAP::Parser::Result::Test"></failure>
    </testcase>
  </testsuite>
  <testsuite name="spec_perl_TestEnumLongRangeU_t" errors="0" failures="0" skipped="0" tests="4" time="0.0349822044372559">
    <system-out>1..4
ok 1 - Equals
ok 2 - Equals
ok 3 - Equals
ok 4 - Equals
</system-out>
    <testcase name="Equals (133)" classname="spec_perl_TestEnumLongRangeU_t" time="0.00126409530639648" />
    <testcase name="Equals (134)" classname="spec_perl_TestEnumLongRangeU_t" time="0.000108003616333008" />
    <testcase name="Equals (135)" classname="spec_perl_TestEnumLongRangeU_t" time="6.79492950439453e-05" />
    <testcase name="Equals (136)" classname="spec_perl_TestEnumLongRangeU_t" time="6.103515625e-05" />
  </testsuite>
  <testsuite name="spec_perl_TestSwitchIntegers_t" errors="0" failures="0" skipped="0" tests="9" time="0.0355391502380371">
    <system-out>1..9
ok 1 - Equals
ok 2 - Equals
ok 3 - Equals
ok 4 - Equals
ok 5 - Equals
ok 6 - Equals
ok 7 - Equals
ok 8 - Equals
ok 9 - Equals
</system-out>
    <testcase name="Equals (137)" classname="spec_perl_TestSwitchIntegers_t" time="0.00135993957519531" />
    <testcase name="Equals (138)" classname="spec_perl_TestSwitchIntegers_t" time="0.000115156173706055" />
    <testcase name="Equals (139)" classname="spec_perl_TestSwitchIntegers_t" time="6.4849853515625e-05" />
    <testcase name="Equals (140)" classname="spec_perl_TestSwitchIntegers_t" time="5.81741333007812e-05" />
    <testcase name="Equals (141)" classname="spec_perl_TestSwitchIntegers_t" time="7.98702239990234e-05" />
    <testcase name="Equals (142)" classname="spec_perl_TestSwitchIntegers_t" time="5.69820404052734e-05" />
    <testcase name="Equals (143)" classname="spec_perl_TestSwitchIntegers_t" time="5.60283660888672e-05" />
    <testcase name="Equals (144)" classname="spec_perl_TestSwitchIntegers_t" time="8.392333984375e-05" />
    <testcase name="Equals (145)" classname="spec_perl_TestSwitchIntegers_t" time="5.60283660888672e-05" />
  </testsuite>
  <testsuite name="spec_perl_TestExprIfIntOps_t" errors="0" failures="0" skipped="0" tests="2" time="0.0369999408721924">
    <system-out>1..2
ok 1 - Equals
ok 2 - Equals
</system-out>
    <testcase name="Equals (146)" classname="spec_perl_TestExprIfIntOps_t" time="0.00153708457946777" />
    <testcase name="Equals (147)" classname="spec_perl_TestExprIfIntOps_t" time="6.19888305664062e-05" />
  </testsuite>
  <testsuite name="spec_perl_TestFixedContents_t" errors="0" failures="0" skipped="1" tests="1" time="0.0356519222259521">
    <system-out>1..1
ok 1 # skip FixedContents=HASH(0x55bac2f46df0)
</system-out>
    <testcase name="Unnamed test case 147" classname="spec_perl_TestFixedContents_t" time="0.00171399116516113">
      <skipped message="ok 1 # skip FixedContents=HASH(0x55bac2f46df0)" />
    </testcase>
  </testsuite>
  <testsuite name="spec_perl_TestRepeatNStrzDouble_t" errors="0" failures="0" skipped="0" tests="3" time="0.0410218238830566">
    <system-out>1..3
ok 1 - Equals
ok 2 - Equals
ok 3 - Equals
</system-out>
    <testcase name="Equals (148)" classname="spec_perl_TestRepeatNStrzDouble_t" time="0.0016331672668457" />
    <testcase name="Equals (149)" classname="spec_perl_TestRepeatNStrzDouble_t" time="0.000128984451293945" />
    <testcase name="Equals (150)" classname="spec_perl_TestRepeatNStrzDouble_t" time="7.29560852050781e-05" />
  </testsuite>
  <testsuite name="spec_perl_TestEnum0_t" errors="0" failures="0" skipped="0" tests="2" time="0.0352168083190918">
    <system-out>1..2
ok 1 - Equals
ok 2 - Equals
</system-out>
    <testcase name="Equals (151)" classname="spec_perl_TestEnum0_t" time="0.0014040470123291" />
    <testcase name="Equals (152)" classname="spec_perl_TestEnum0_t" time="9.29832458496094e-05" />
  </testsuite>
  <testsuite name="spec_perl_TestStrLiterals_t" errors="0" failures="0" skipped="0" tests="5" time="0.0356128215789795">
    <system-out>1..5
ok 1 - Equals
ok 2 - Equals
ok 3 - Equals
ok 4 - Equals
ok 5 - Equals
</system-out>
    <testcase name="Equals (153)" classname="spec_perl_TestStrLiterals_t" time="0.00129103660583496" />
    <testcase name="Equals (154)" classname="spec_perl_TestStrLiterals_t" time="6.29425048828125e-05" />
    <testcase name="Equals (155)" classname="spec_perl_TestStrLiterals_t" time="4.88758087158203e-05" />
    <testcase name="Equals (156)" classname="spec_perl_TestStrLiterals_t" time="6.41345977783203e-05" />
    <testcase name="Equals (157)" classname="spec_perl_TestStrLiterals_t" time="7.29560852050781e-05" />
  </testsuite>
  <testsuite name="spec_perl_TestRepeatEosU4_t" errors="0" failures="0" skipped="0" tests="1" time="0.0341570377349854">
    <system-out>1..1
ok 1 - Equals
</system-out>
    <testcase name="Equals (158)" classname="spec_perl_TestRepeatEosU4_t" time="0.00144004821777344" />
  </testsuite>
  <testsuite name="spec_perl_TestIndexSizes_t" errors="0" failures="0" skipped="0" tests="7" time="0.0403120517730713">
    <system-out>1..7
ok 1 - Equals
ok 2 - Equals
ok 3 - Equals
ok 4 - Equals
ok 5 - Equals
ok 6 - Equals
ok 7 - Equals
</system-out>
    <testcase name="Equals (159)" classname="spec_perl_TestIndexSizes_t" time="0.00156497955322266" />
    <testcase name="Equals (160)" classname="spec_perl_TestIndexSizes_t" time="9.98973846435547e-05" />
    <testcase name="Equals (161)" classname="spec_perl_TestIndexSizes_t" time="0.000106096267700195" />
    <testcase name="Equals (162)" classname="spec_perl_TestIndexSizes_t" time="8.392333984375e-05" />
    <testcase name="Equals (163)" classname="spec_perl_TestIndexSizes_t" time="6.60419464111328e-05" />
    <testcase name="Equals (164)" classname="spec_perl_TestIndexSizes_t" time="6.103515625e-05" />
    <testcase name="Equals (165)" classname="spec_perl_TestIndexSizes_t" time="5.98430633544922e-05" />
  </testsuite>
  <testsuite name="spec_perl_TestSwitchMultiBoolOps_t" errors="0" failures="0" skipped="0" tests="9" time="0.0339350700378418">
    <system-out>1..9
ok 1 - Equals
ok 2 - Equals
ok 3 - Equals
ok 4 - Equals
ok 5 - Equals
ok 6 - Equals
ok 7 - Equals
ok 8 - Equals
ok 9 - Equals
</system-out>
    <testcase name="Equals (166)" classname="spec_perl_TestSwitchMultiBoolOps_t" time="0.0014500617980957" />
    <testcase name="Equals (167)" classname="spec_perl_TestSwitchMultiBoolOps_t" time="8.70227813720703e-05" />
    <testcase name="Equals (168)" classname="spec_perl_TestSwitchMultiBoolOps_t" time="4.00543212890625e-05" />
    <testcase name="Equals (169)" classname="spec_perl_TestSwitchMultiBoolOps_t" time="3.60012054443359e-05" />
    <testcase name="Equals (170)" classname="spec_perl_TestSwitchMultiBoolOps_t" time="3.40938568115234e-05" />
    <testcase name="Equals (171)" classname="spec_perl_TestSwitchMultiBoolOps_t" time="3.29017639160156e-05" />
    <testcase name="Equals (172)" classname="spec_perl_TestSwitchMultiBoolOps_t" time="4.79221343994141e-05" />
    <testcase name="Equals (173)" classname="spec_perl_TestSwitchMultiBoolOps_t" time="3.31401824951172e-05" />
    <testcase name="Equals (174)" classname="spec_perl_TestSwitchMultiBoolOps_t" time="3.29017639160156e-05" />
  </testsuite>
  <testsuite name="spec_perl_TestNavParentSwitchCast_t" errors="0" failures="0" skipped="0" tests="3" time="0.0365810394287109">
    <system-out>1..3
ok 1 - Equals
ok 2 - Equals
ok 3 - Equals
</system-out>
    <testcase name="Equals (175)" classname="spec_perl_TestNavParentSwitchCast_t" time="0.00168800354003906" />
    <testcase name="Equals (176)" classname="spec_perl_TestNavParentSwitchCast_t" time="8.79764556884766e-05" />
    <testcase name="Equals (177)" classname="spec_perl_TestNavParentSwitchCast_t" time="3.88622283935547e-05" />
  </testsuite>
  <testsuite name="spec_perl_TestZlibSurrounded_t" errors="0" failures="0" skipped="0" tests="1" time="0.0664458274841309">
    <system-out>1..1
ok 1 - Equals
</system-out>
    <testcase name="Equals (178)" classname="spec_perl_TestZlibSurrounded_t" time="0.00195002555847168" />
  </testsuite>
  <testsuite name="spec_perl_TestStrEncodingsUtf16_t" errors="0" failures="0" skipped="0" tests="6" time="0.0417070388793945">
    <system-out>1..6
ok 1 - Equals
ok 2 - Equals
ok 3 - Equals
ok 4 - Equals
ok 5 - Equals
ok 6 - Equals
</system-out>
    <testcase name="Equals (179)" classname="spec_perl_TestStrEncodingsUtf16_t" time="0.00246095657348633" />
    <testcase name="Equals (180)" classname="spec_perl_TestStrEncodingsUtf16_t" time="5.69820404052734e-05" />
    <testcase name="Equals (181)" classname="spec_perl_TestStrEncodingsUtf16_t" time="5.69820404052734e-05" />
    <testcase name="Equals (182)" classname="spec_perl_TestStrEncodingsUtf16_t" time="3.50475311279297e-05" />
    <testcase name="Equals (183)" classname="spec_perl_TestStrEncodingsUtf16_t" time="3.19480895996094e-05" />
    <testcase name="Equals (184)" classname="spec_perl_TestStrEncodingsUtf16_t" time="4.38690185546875e-05" />
  </testsuite>
  <testsuite name="spec_perl_TestEnumImport_t" errors="0" failures="2" skipped="0" tests="2" time="0.0377891063690186">
    <system-out>1..2
not ok 1 - Equals
not ok 2 - Equals
</system-out>
    <testcase name="Equals (185)" classname="spec_perl_TestEnumImport_t" time="0.00254106521606445">
      <failure message="not ok 1 - Equals" type="TAP::Parser::Result::Test"></failure>
    </testcase>
    <testcase name="Equals (186)" classname="spec_perl_TestEnumImport_t" time="0.00110793113708496">
      <failure message="not ok 2 - Equals" type="TAP::Parser::Result::Test"></failure>
    </testcase>
  </testsuite>
  <testsuite name="spec_perl_TestIfValues_t" errors="0" failures="0" skipped="0" tests="6" time="0.0359249114990234">
    <system-out>1..6
ok 1 - Equals
ok 2 - Equals
ok 3 - Equals
ok 4 - nil
ok 5 - Equals
ok 6 - nil
</system-out>
    <testcase name="Equals (187)" classname="spec_perl_TestIfValues_t" time="0.00135588645935059" />
    <testcase name="Equals (188)" classname="spec_perl_TestIfValues_t" time="8.82148742675781e-05" />
    <testcase name="Equals (189)" classname="spec_perl_TestIfValues_t" time="4.79221343994141e-05" />
    <testcase name="nil (189)" classname="spec_perl_TestIfValues_t" time="4.69684600830078e-05" />
    <testcase name="Equals (190)" classname="spec_perl_TestIfValues_t" time="6.38961791992188e-05" />
    <testcase name="nil (190)" classname="spec_perl_TestIfValues_t" time="4.31537628173828e-05" />
  </testsuite>
  <testsuite name="spec_perl_TestNavParentFalse2_t" errors="0" failures="0" skipped="0" tests="1" time="0.0359680652618408">
    <system-out>1..1
ok 1 - Equals
</system-out>
    <testcase name="Equals (191)" classname="spec_perl_TestNavParentFalse2_t" time="0.00133204460144043" />
  </testsuite>
  <testsuite name="spec_perl_TestCastToTop_t" errors="0" failures="0" skipped="0" tests="3" time="0.0356090068817139">
    <system-out>1..3
ok 1 - Equals
ok 2 - Equals
ok 3 - Equals
</system-out>
    <testcase name="Equals (192)" classname="spec_perl_TestCastToTop_t" time="0.00146198272705078" />
    <testcase name="Equals (193)" classname="spec_perl_TestCastToTop_t" time="0.000117063522338867" />
    <testcase name="Equals (194)" classname="spec_perl_TestCastToTop_t" time="6.58035278320312e-05" />
  </testsuite>
  <testsuite name="spec_perl_TestTsPacketHeader_t" errors="0" failures="0" skipped="0" tests="7" time="0.0351080894470215">
    <system-out>1..7
ok 1 - Equals
ok 2 - Equals
ok 3 - Equals
ok 4 - Equals
ok 5 - Equals
ok 6 - Equals
ok 7 - Equals
</system-out>
    <testcase name="Equals (195)" classname="spec_perl_TestTsPacketHeader_t" time="0.00143098831176758" />
    <testcase name="Equals (196)" classname="spec_perl_TestTsPacketHeader_t" time="5.79357147216797e-05" />
    <testcase name="Equals (197)" classname="spec_perl_TestTsPacketHeader_t" time="5.50746917724609e-05" />
    <testcase name="Equals (198)" classname="spec_perl_TestTsPacketHeader_t" time="4.1961669921875e-05" />
    <testcase name="Equals (199)" classname="spec_perl_TestTsPacketHeader_t" time="3.69548797607422e-05" />
    <testcase name="Equals (200)" classname="spec_perl_TestTsPacketHeader_t" time="6.38961791992188e-05" />
    <testcase name="Equals (201)" classname="spec_perl_TestTsPacketHeader_t" time="3.21865081787109e-05" />
  </testsuite>
  <testsuite name="spec_perl_TestExpr3_t" errors="0" failures="0" skipped="0" tests="12" time="0.0402400493621826">
    <system-out>1..12
ok 1 - Equals
ok 2 - Equals
ok 3 - Equals
ok 4 - Equals
ok 5 - Equals
ok 6 - Equals
ok 7 - Equals
ok 8 - Equals
ok 9 - Equals
ok 10 - Equals
ok 11 - Equals
ok 12 - Equals
</system-out>
    <testcase name="Equals (202)" classname="spec_perl_TestExpr3_t" time="0.00145292282104492" />
    <testcase name="Equals (203)" classname="spec_perl_TestExpr3_t" time="0.000120878219604492" />
    <testcase name="Equals (204)" classname="spec_perl_TestExpr3_t" time="8.0108642578125e-05" />
    <testcase name="Equals (205)" classname="spec_perl_TestExpr3_t" time="6.19888305664062e-05" />
    <testcase name="Equals (206)" classname="spec_perl_TestExpr3_t" time="8.29696655273438e-05" />
    <testcase name="Equals (207)" classname="spec_perl_TestExpr3_t" time="5.79357147216797e-05" />
    <testcase name="Equals (208)" classname="spec_perl_TestExpr3_t" time="5.7220458984375e-05" />
    <testcase name="Equals (209)" classname="spec_perl_TestExpr3_t" time="5.38825988769531e-05" />
    <testcase name="Equals (210)" classname="spec_perl_TestExpr3_t" time="7.29560852050781e-05" />
    <testcase name="Equals (211)" classname="spec_perl_TestExpr3_t" time="5.29289245605469e-05" />
    <testcase name="Equals (212)" classname="spec_perl_TestExpr3_t" time="5.31673431396484e-05" />
    <testcase name="Equals (213)" classname="spec_perl_TestExpr3_t" time="5.69820404052734e-05" />
  </testsuite>
  <testsuite name="spec_perl_TestInstanceStd_t" errors="0" failures="0" skipped="0" tests="1" time="0.0398781299591064">
    <system-out>1..1
ok 1 - Equals
</system-out>
    <testcase name="Equals (214)" classname="spec_perl_TestInstanceStd_t" time="0.00133895874023438" />
  </testsuite>
  <testsuite name="spec_perl_TestIndexToParamEos_t" errors="0" failures="2" skipped="0" tests="7" time="0.0430550575256348">
    <system-out>1..7
ok 1 - Equals
ok 2 - Equals
ok 3 - Equals
ok 4 - Equals
ok 5 - Equals
not ok 6 - Equals
not ok 7 - Equals
</system-out>
    <testcase name="Equals (215)" classname="spec_perl_TestIndexToParamEos_t" time="0.00589895248413086" />
    <testcase name="Equals (216)" classname="spec_perl_TestIndexToParamEos_t" time="7.39097595214844e-05" />
    <testcase name="Equals (217)" classname="spec_perl_TestIndexToParamEos_t" time="4.00543212890625e-05" />
    <testcase name="Equals (218)" classname="spec_perl_TestIndexToParamEos_t" time="4.1961669921875e-05" />
    <testcase name="Equals (219)" classname="spec_perl_TestIndexToParamEos_t" time="3.60012054443359e-05" />
    <testcase name="Equals (220)" classname="spec_perl_TestIndexToParamEos_t" time="4.81605529785156e-05">
      <failure message="not ok 6 - Equals" type="TAP::Parser::Result::Test"></failure>
    </testcase>
    <testcase name="Equals (221)" classname="spec_perl_TestIndexToParamEos_t" time="3.48091125488281e-05">
      <failure message="not ok 7 - Equals" type="TAP::Parser::Result::Test"></failure>
    </testcase>
  </testsuite>
  <testsuite name="spec_perl_TestNavParent_t" errors="0" failures="0" skipped="0" tests="5" time="0.0406239032745361">
    <system-out>1..5
ok 1 - Equals
ok 2 - Equals
ok 3 - Equals
ok 4 - Equals
ok 5 - Equals
</system-out>
    <testcase name="Equals (222)" classname="spec_perl_TestNavParent_t" time="0.0014641284942627" />
    <testcase name="Equals (223)" classname="spec_perl_TestNavParent_t" time="0.000104904174804688" />
    <testcase name="Equals (224)" classname="spec_perl_TestNavParent_t" time="6.60419464111328e-05" />
    <testcase name="Equals (225)" classname="spec_perl_TestNavParent_t" time="7.79628753662109e-05" />
    <testcase name="Equals (226)" classname="spec_perl_TestNavParent_t" time="5.69820404052734e-05" />
  </testsuite>
  <testsuite name="spec_perl_TestBitsUnalignedB32Be_t" errors="0" failures="0" skipped="0" tests="3" time="0.0347239971160889">
    <system-out>1..3
ok 1 - Equals
ok 2 - Equals
ok 3 - Equals
</system-out>
    <testcase name="Equals (227)" classname="spec_perl_TestBitsUnalignedB32Be_t" time="0.00134515762329102" />
    <testcase name="Equals (228)" classname="spec_perl_TestBitsUnalignedB32Be_t" time="0.000181913375854492" />
    <testcase name="Equals (229)" classname="spec_perl_TestBitsUnalignedB32Be_t" time="7.51018524169922e-05" />
  </testsuite>
  <testsuite name="spec_perl_TestEnumOfValueInst_t" errors="0" failures="0" skipped="0" tests="4" time="0.0361998081207275">
    <system-out>1..4
ok 1 - Equals
ok 2 - Equals
ok 3 - Equals
ok 4 - Equals
</system-out>
    <testcase name="Equals (230)" classname="spec_perl_TestEnumOfValueInst_t" time="0.00145316123962402" />
    <testcase name="Equals (231)" classname="spec_perl_TestEnumOfValueInst_t" time="5.98430633544922e-05" />
    <testcase name="Equals (232)" classname="spec_perl_TestEnumOfValueInst_t" time="6.81877136230469e-05" />
    <testcase name="Equals (233)" classname="spec_perl_TestEnumOfValueInst_t" time="3.79085540771484e-05" />
  </testsuite>
  <testsuite name="spec_perl_TestEofExceptionBytes_t" errors="0" failures="0" skipped="0" tests="1" time="0.0372269153594971">
    <system-out>1..1
ok 1 - threw /^Requested \d+ bytes, but only \d+ bytes available/
</system-out>
    <testcase name="threw /^Requested \d+ bytes, but only \d+ bytes available/ (233)" classname="spec_perl_TestEofExceptionBytes_t" time="0.00143003463745117" />
  </testsuite>
  <testsuite name="spec_perl_TestTermU1Val_t" errors="0" failures="0" skipped="0" tests="2" time="0.0409629344940186">
    <system-out>1..2
ok 1 - Equals
ok 2 - Equals
</system-out>
    <testcase name="Equals (234)" classname="spec_perl_TestTermU1Val_t" time="0.00148296356201172" />
    <testcase name="Equals (235)" classname="spec_perl_TestTermU1Val_t" time="7.39097595214844e-05" />
  </testsuite>
  <testsuite name="spec_perl_TestStrPadTermEmpty_t" errors="0" failures="0" skipped="0" tests="4" time="0.039247989654541">
    <system-out>1..4
ok 1 - Equals
ok 2 - Equals
ok 3 - Equals
ok 4 - Equals
</system-out>
    <testcase name="Equals (236)" classname="spec_perl_TestStrPadTermEmpty_t" time="0.00135898590087891" />
    <testcase name="Equals (237)" classname="spec_perl_TestStrPadTermEmpty_t" time="8.10623168945312e-05" />
    <testcase name="Equals (238)" classname="spec_perl_TestStrPadTermEmpty_t" time="4.88758087158203e-05" />
    <testcase name="Equals (239)" classname="spec_perl_TestStrPadTermEmpty_t" time="5.79357147216797e-05" />
  </testsuite>
  <testsuite name="spec_perl_TestProcessCustomNoArgs_t" errors="1" failures="0" skipped="0" tests="0" time="0.0303130149841309">
    <system-out></system-out>
    <testcase name="Test died too soon, even before plan. (239)" classname="spec_perl_TestProcessCustomNoArgs_t" time="0.0303130149841309">
      <failure message="The test suite died before a plan was produced. You need to have a plan." type="Plan">No plan</failure>
    </testcase>
  </testsuite>
  <testsuite name="spec_perl_TestEnumIntRangeS_t" errors="0" failures="0" skipped="0" tests="3" time="0.0357749462127686">
    <system-out>1..3
ok 1 - Equals
ok 2 - Equals
ok 3 - Equals
</system-out>
    <testcase name="Equals (240)" classname="spec_perl_TestEnumIntRangeS_t" time="0.00145411491394043" />
    <testcase name="Equals (241)" classname="spec_perl_TestEnumIntRangeS_t" time="7.89165496826172e-05" />
    <testcase name="Equals (242)" classname="spec_perl_TestEnumIntRangeS_t" time="5.29289245605469e-05" />
  </testsuite>
  <testsuite name="spec_perl_TestImportsCircularA_t" errors="0" failures="0" skipped="0" tests="5" time="0.0372369289398193">
    <system-out>1..5
ok 1 - Equals
ok 2 - Equals
ok 3 - Equals
ok 4 - Equals
ok 5 - nil
</system-out>
    <testcase name="Equals (243)" classname="spec_perl_TestImportsCircularA_t" time="0.00141787528991699" />
    <testcase name="Equals (244)" classname="spec_perl_TestImportsCircularA_t" time="0.000101089477539062" />
    <testcase name="Equals (245)" classname="spec_perl_TestImportsCircularA_t" time="3.98159027099609e-05" />
    <testcase name="Equals (246)" classname="spec_perl_TestImportsCircularA_t" time="4.00543212890625e-05" />
    <testcase name="nil (246)" classname="spec_perl_TestImportsCircularA_t" time="6.103515625e-05" />
  </testsuite>
  <testsuite name="spec_perl_TestNestedTypes2_t" errors="0" failures="0" skipped="0" tests="7" time="0.0362989902496338">
    <system-out>1..7
ok 1 - Equals
ok 2 - Equals
ok 3 - Equals
ok 4 - Equals
ok 5 - Equals
ok 6 - Equals
ok 7 - Equals
</system-out>
    <testcase name="Equals (247)" classname="spec_perl_TestNestedTypes2_t" time="0.00144100189208984" />
    <testcase name="Equals (248)" classname="spec_perl_TestNestedTypes2_t" time="0.000116109848022461" />
    <testcase name="Equals (249)" classname="spec_perl_TestNestedTypes2_t" time="6.89029693603516e-05" />
    <testcase name="Equals (250)" classname="spec_perl_TestNestedTypes2_t" time="6.91413879394531e-05" />
    <testcase name="Equals (251)" classname="spec_perl_TestNestedTypes2_t" time="8.29696655273438e-05" />
    <testcase name="Equals (252)" classname="spec_perl_TestNestedTypes2_t" time="6.103515625e-05" />
    <testcase name="Equals (253)" classname="spec_perl_TestNestedTypes2_t" time="6.89029693603516e-05" />
  </testsuite>
  <testsuite name="spec_perl_TestStrEncodingsDefault_t" errors="0" failures="0" skipped="0" tests="4" time="0.0449230670928955">
    <system-out>1..4
ok 1 - Equals
ok 2 - Equals
ok 3 - Equals
ok 4 - Equals
</system-out>
    <testcase name="Equals (254)" classname="spec_perl_TestStrEncodingsDefault_t" time="0.00557208061218262" />
    <testcase name="Equals (255)" classname="spec_perl_TestStrEncodingsDefault_t" time="9.98973846435547e-05" />
    <testcase name="Equals (256)" classname="spec_perl_TestStrEncodingsDefault_t" time="4.10079956054688e-05" />
    <testcase name="Equals (257)" classname="spec_perl_TestStrEncodingsDefault_t" time="3.60012054443359e-05" />
  </testsuite>
  <testsuite name="spec_perl_TestMetaTags_t" errors="0" failures="0" skipped="1" tests="1" time="0.0358951091766357">
    <system-out>1..1
ok 1 # skip MetaTags=HASH(0x559b1a211420)
</system-out>
    <testcase name="Unnamed test case 257" classname="spec_perl_TestMetaTags_t" time="0.00164914131164551">
      <skipped message="ok 1 # skip MetaTags=HASH(0x559b1a211420)" />
    </testcase>
  </testsuite>
  <testsuite name="spec_perl_TestToStringCustom_t" errors="0" failures="0" skipped="0" tests="1" time="0.0389409065246582">
    <system-out>1..1
ok 1 - Equals
</system-out>
    <testcase name="Equals (258)" classname="spec_perl_TestToStringCustom_t" time="0.000200986862182617" />
  </testsuite>
  <testsuite name="spec_perl_TestParamsEnum_t" errors="0" failures="1" skipped="0" tests="2" time="0.0368988513946533">
    <system-out>1..2
ok 1 - Equals
not ok 2 - Equals
</system-out>
    <testcase name="Equals (259)" classname="spec_perl_TestParamsEnum_t" time="0.00132298469543457" />
    <testcase name="Equals (260)" classname="spec_perl_TestParamsEnum_t" time="0.0001220703125">
      <failure message="not ok 2 - Equals" type="TAP::Parser::Result::Test"></failure>
    </testcase>
  </testsuite>
  <testsuite name="spec_perl_TestBitsShiftByB32Le_t" errors="0" failures="0" skipped="0" tests="2" time="0.0350570678710938">
    <system-out>1..2
ok 1 - Equals
ok 2 - Equals
</system-out>
    <testcase name="Equals (261)" classname="spec_perl_TestBitsShiftByB32Le_t" time="0.00131082534790039" />
    <testcase name="Equals (262)" classname="spec_perl_TestBitsShiftByB32Le_t" time="9.01222229003906e-05" />
  </testsuite>
  <testsuite name="spec_perl_TestPositionToEnd_t" errors="0" failures="0" skipped="0" tests="2" time="0.0346310138702393">
    <system-out>1..2
ok 1 - Equals
ok 2 - Equals
</system-out>
    <testcase name="Equals (263)" classname="spec_perl_TestPositionToEnd_t" time="0.00130820274353027" />
    <testcase name="Equals (264)" classname="spec_perl_TestPositionToEnd_t" time="0.00010991096496582" />
  </testsuite>
  <testsuite name="spec_perl_TestParamsPassArrayStruct_t" errors="0" failures="1" skipped="2" tests="3" time="0.0402600765228271">
    <system-out>1..3
not ok 1 - test_params_pass_array_struct died (Can't use an undefined value as an ARRAY reference at spec/perl/TestParamsPassArrayStruct.t line 14.)
ok 2 # skip test_params_pass_array_struct died
ok 3 # skip test_params_pass_array_struct died
</system-out>
    <testcase name="test_params_pass_array_struct died (Can't use an undefined value as an ARRAY reference at spec/perl/TestParamsPassArrayStruct.t line 14.) (264)" classname="spec_perl_TestParamsPassArrayStruct_t" time="0.00144004821777344">
      <failure message="not ok 1 - test_params_pass_array_struct died (Can't use an undefined value as an ARRAY reference at spec/perl/TestParamsPassArrayStruct.t line 14.)" type="TAP::Parser::Result::Test"></failure>
    </testcase>
    <testcase name="Unnamed test case 264" classname="spec_perl_TestParamsPassArrayStruct_t" time="0.000183820724487305">
      <skipped message="ok 2 # skip test_params_pass_array_struct died" />
    </testcase>
    <testcase name="Unnamed test case 265" classname="spec_perl_TestParamsPassArrayStruct_t" time="8.60691070556641e-05">
      <skipped message="ok 3 # skip test_params_pass_array_struct died" />
    </testcase>
  </testsuite>
  <testsuite name="spec_perl_TestDefaultEndianMod_t" errors="0" failures="0" skipped="0" tests="3" time="0.0354461669921875">
    <system-out>1..3
ok 1 - Equals
ok 2 - Equals
ok 3 - Equals
</system-out>
    <testcase name="Equals (265)" classname="spec_perl_TestDefaultEndianMod_t" time="0.00131988525390625" />
    <testcase name="Equals (266)" classname="spec_perl_TestDefaultEndianMod_t" time="8.392333984375e-05" />
    <testcase name="Equals (267)" classname="spec_perl_TestDefaultEndianMod_t" time="5.50746917724609e-05" />
  </testsuite>
  <testsuite name="spec_perl_TestRepeatEosBit_t" errors="0" failures="0" skipped="0" tests="1" time="0.0352449417114258">
    <system-out>1..1
ok 1 - Equals
</system-out>
    <testcase name="Equals (268)" classname="spec_perl_TestRepeatEosBit_t" time="0.00149202346801758" />
  </testsuite>
  <testsuite name="spec_perl_TestEnumFancy_t" errors="0" failures="0" skipped="0" tests="2" time="0.0358331203460693">
    <system-out>1..2
ok 1 - Equals
ok 2 - Equals
</system-out>
    <testcase name="Equals (269)" classname="spec_perl_TestEnumFancy_t" time="0.00134897232055664" />
    <testcase name="Equals (270)" classname="spec_perl_TestEnumFancy_t" time="0.000123023986816406" />
  </testsuite>
  <testsuite name="spec_perl_TestIfStruct_t" errors="0" failures="0" skipped="0" tests="7" time="0.0417928695678711">
    <system-out>1..7
ok 1 - Equals
ok 2 - Equals
ok 3 - Equals
ok 4 - Equals
ok 5 - Equals
ok 6 - Equals
ok 7 - Equals
</system-out>
    <testcase name="Equals (271)" classname="spec_perl_TestIfStruct_t" time="0.00151991844177246" />
    <testcase name="Equals (272)" classname="spec_perl_TestIfStruct_t" time="7.20024108886719e-05" />
    <testcase name="Equals (273)" classname="spec_perl_TestIfStruct_t" time="3.91006469726562e-05" />
    <testcase name="Equals (274)" classname="spec_perl_TestIfStruct_t" time="5.69820404052734e-05" />
    <testcase name="Equals (275)" classname="spec_perl_TestIfStruct_t" time="4.50611114501953e-05" />
    <testcase name="Equals (276)" classname="spec_perl_TestIfStruct_t" time="7.79628753662109e-05" />
    <testcase name="Equals (277)" classname="spec_perl_TestIfStruct_t" time="7.10487365722656e-05" />
  </testsuite>
  <testsuite name="spec_perl_TestParamsPassArrayUsertype_t" errors="0" failures="1" skipped="4" tests="5" time="0.0375361442565918">
    <system-out>1..5
not ok 1 - test_params_pass_array_usertype died (Can't use an undefined value as an ARRAY reference at compiled/perl/ParamsPassArrayUsertype.pm line 123.)
ok 2 # skip test_params_pass_array_usertype died
ok 3 # skip test_params_pass_array_usertype died
ok 4 # skip test_params_pass_array_usertype died
ok 5 # skip test_params_pass_array_usertype died
</system-out>
    <testcase name="test_params_pass_array_usertype died (Can't use an undefined value as an ARRAY reference at compiled/perl/ParamsPassArrayUsertype.pm line 123.) (277)" classname="spec_perl_TestParamsPassArrayUsertype_t" time="0.00147485733032227">
      <failure message="not ok 1 - test_params_pass_array_usertype died (Can't use an undefined value as an ARRAY reference at compiled/perl/ParamsPassArrayUsertype.pm line 123.)" type="TAP::Parser::Result::Test"></failure>
    </testcase>
    <testcase name="Unnamed test case 277" classname="spec_perl_TestParamsPassArrayUsertype_t" time="0.000138998031616211">
      <skipped message="ok 2 # skip test_params_pass_array_usertype died" />
    </testcase>
    <testcase name="Unnamed test case 278" classname="spec_perl_TestParamsPassArrayUsertype_t" time="7.10487365722656e-05">
      <skipped message="ok 3 # skip test_params_pass_array_usertype died" />
    </testcase>
    <testcase name="Unnamed test case 279" classname="spec_perl_TestParamsPassArrayUsertype_t" time="6.103515625e-05">
      <skipped message="ok 4 # skip test_params_pass_array_usertype died" />
    </testcase>
    <testcase name="Unnamed test case 280" classname="spec_perl_TestParamsPassArrayUsertype_t" time="5.79357147216797e-05">
      <skipped message="ok 5 # skip test_params_pass_array_usertype died" />
    </testcase>
  </testsuite>
  <testsuite name="spec_perl_TestBufferedStruct_t" errors="0" failures="0" skipped="0" tests="7" time="0.0349628925323486">
    <system-out>1..7
ok 1 - Equals
ok 2 - Equals
ok 3 - Equals
ok 4 - Equals
ok 5 - Equals
ok 6 - Equals
ok 7 - Equals
</system-out>
    <testcase name="Equals (280)" classname="spec_perl_TestBufferedStruct_t" time="0.00159215927124023" />
    <testcase name="Equals (281)" classname="spec_perl_TestBufferedStruct_t" time="0.000164031982421875" />
    <testcase name="Equals (282)" classname="spec_perl_TestBufferedStruct_t" time="6.69956207275391e-05" />
    <testcase name="Equals (283)" classname="spec_perl_TestBufferedStruct_t" time="6.98566436767578e-05" />
    <testcase name="Equals (284)" classname="spec_perl_TestBufferedStruct_t" time="8.70227813720703e-05" />
    <testcase name="Equals (285)" classname="spec_perl_TestBufferedStruct_t" time="6.00814819335938e-05" />
    <testcase name="Equals (286)" classname="spec_perl_TestBufferedStruct_t" time="6.89029693603516e-05" />
  </testsuite>
  <testsuite name="spec_perl_TestCombineEnum_t" errors="0" failures="0" skipped="0" tests="3" time="0.0347981452941895">
    <system-out>1..3
ok 1 - Equals
ok 2 - Equals
ok 3 - Equals
</system-out>
    <testcase name="Equals (287)" classname="spec_perl_TestCombineEnum_t" time="0.00126004219055176" />
    <testcase name="Equals (288)" classname="spec_perl_TestCombineEnum_t" time="9.39369201660156e-05" />
    <testcase name="Equals (289)" classname="spec_perl_TestCombineEnum_t" time="5.79357147216797e-05" />
  </testsuite>
  <testsuite name="spec_perl_TestExpr1_t" errors="0" failures="0" skipped="0" tests="4" time="0.0401039123535156">
    <system-out>1..4
ok 1 - Equals
ok 2 - Equals
ok 3 - Equals
ok 4 - Equals
</system-out>
    <testcase name="Equals (290)" classname="spec_perl_TestExpr1_t" time="0.00143790245056152" />
    <testcase name="Equals (291)" classname="spec_perl_TestExpr1_t" time="7.79628753662109e-05" />
    <testcase name="Equals (292)" classname="spec_perl_TestExpr1_t" time="8.0108642578125e-05" />
    <testcase name="Equals (293)" classname="spec_perl_TestExpr1_t" time="5.10215759277344e-05" />
  </testsuite>
  <testsuite name="spec_perl_TestSwitchRepeatExprInvalid_t" errors="0" failures="0" skipped="0" tests="3" time="0.034700870513916">
    <system-out>1..3
ok 1 - Equals
ok 2 - Equals
ok 3 - Equals
</system-out>
    <testcase name="Equals (294)" classname="spec_perl_TestSwitchRepeatExprInvalid_t" time="0.0012669563293457" />
    <testcase name="Equals (295)" classname="spec_perl_TestSwitchRepeatExprInvalid_t" time="0.000113964080810547" />
    <testcase name="Equals (296)" classname="spec_perl_TestSwitchRepeatExprInvalid_t" time="7.00950622558594e-05" />
  </testsuite>
  <testsuite name="spec_perl_TestValidSwitch_t" errors="0" failures="0" skipped="1" tests="1" time="0.0347568988800049">
    <system-out>1..1
ok 1 # skip ValidSwitch=HASH(0x55f5db7e01f8)
</system-out>
    <testcase name="Unnamed test case 296" classname="spec_perl_TestValidSwitch_t" time="0.0015559196472168">
      <skipped message="ok 1 # skip ValidSwitch=HASH(0x55f5db7e01f8)" />
    </testcase>
  </testsuite>
  <testsuite name="spec_perl_TestDefaultBitEndianMod_t" errors="0" failures="0" skipped="0" tests="4" time="0.0366449356079102">
    <system-out>1..4
ok 1 - Equals
ok 2 - Equals
ok 3 - Equals
ok 4 - Equals
</system-out>
    <testcase name="Equals (297)" classname="spec_perl_TestDefaultBitEndianMod_t" time="0.00146794319152832" />
    <testcase name="Equals (298)" classname="spec_perl_TestDefaultBitEndianMod_t" time="8.20159912109375e-05" />
    <testcase name="Equals (299)" classname="spec_perl_TestDefaultBitEndianMod_t" time="3.91006469726562e-05" />
    <testcase name="Equals (300)" classname="spec_perl_TestDefaultBitEndianMod_t" time="4.79221343994141e-05" />
  </testsuite>
  <testsuite name="spec_perl_TestExprIoPos_t" errors="0" failures="0" skipped="0" tests="6" time="0.0415310859680176">
    <system-out>1..6
ok 1 - Equals
ok 2 - Equals
ok 3 - Equals
ok 4 - Equals
ok 5 - Equals
ok 6 - Equals
</system-out>
    <testcase name="Equals (301)" classname="spec_perl_TestExprIoPos_t" time="0.00180506706237793" />
    <testcase name="Equals (302)" classname="spec_perl_TestExprIoPos_t" time="7.70092010498047e-05" />
    <testcase name="Equals (303)" classname="spec_perl_TestExprIoPos_t" time="5.00679016113281e-05" />
    <testcase name="Equals (304)" classname="spec_perl_TestExprIoPos_t" time="3.69548797607422e-05" />
    <testcase name="Equals (305)" classname="spec_perl_TestExprIoPos_t" time="5.00679016113281e-05" />
    <testcase name="Equals (306)" classname="spec_perl_TestExprIoPos_t" time="3.38554382324219e-05" />
  </testsuite>
  <testsuite name="spec_perl_TestRepeatUntilSized_t" errors="0" failures="0" skipped="0" tests="7" time="0.0350639820098877">
    <system-out>1..7
ok 1 - Equals
ok 2 - Equals
ok 3 - Equals
ok 4 - Equals
ok 5 - Equals
ok 6 - Equals
ok 7 - Equals
</system-out>
    <testcase name="Equals (307)" classname="spec_perl_TestRepeatUntilSized_t" time="0.00156784057617188" />
    <testcase name="Equals (308)" classname="spec_perl_TestRepeatUntilSized_t" time="8.60691070556641e-05" />
    <testcase name="Equals (309)" classname="spec_perl_TestRepeatUntilSized_t" time="5.91278076171875e-05" />
    <testcase name="Equals (310)" classname="spec_perl_TestRepeatUntilSized_t" time="6.19888305664062e-05" />
    <testcase name="Equals (311)" classname="spec_perl_TestRepeatUntilSized_t" time="4.48226928710938e-05" />
    <testcase name="Equals (312)" classname="spec_perl_TestRepeatUntilSized_t" time="5.69820404052734e-05" />
    <testcase name="Equals (313)" classname="spec_perl_TestRepeatUntilSized_t" time="4.50611114501953e-05" />
  </testsuite>
  <testsuite name="spec_perl_TestBitsSignedResB32Le_t" errors="0" failures="0" skipped="0" tests="1" time="0.034977912902832">
    <system-out>1..1
ok 1 - Equals
</system-out>
    <testcase name="Equals (314)" classname="spec_perl_TestBitsSignedResB32Le_t" time="0.00153303146362305" />
  </testsuite>
  <testsuite name="spec_perl_TestBitsSimpleLe_t" errors="0" failures="0" skipped="0" tests="14" time="0.0355279445648193">
    <system-out>1..14
ok 1 - Equals
ok 2 - Equals
ok 3 - Equals
ok 4 - Equals
ok 5 - Equals
ok 6 - Equals
ok 7 - Equals
ok 8 - Equals
ok 9 - Equals
ok 10 - Equals
ok 11 - Equals
ok 12 - Equals
ok 13 - Equals
ok 14 - Equals
</system-out>
    <testcase name="Equals (315)" classname="spec_perl_TestBitsSimpleLe_t" time="0.00151896476745605" />
    <testcase name="Equals (316)" classname="spec_perl_TestBitsSimpleLe_t" time="0.000100135803222656" />
    <testcase name="Equals (317)" classname="spec_perl_TestBitsSimpleLe_t" time="0.000105857849121094" />
    <testcase name="Equals (318)" classname="spec_perl_TestBitsSimpleLe_t" time="6.41345977783203e-05" />
    <testcase name="Equals (319)" classname="spec_perl_TestBitsSimpleLe_t" time="5.98430633544922e-05" />
    <testcase name="Equals (320)" classname="spec_perl_TestBitsSimpleLe_t" time="6.00814819335938e-05" />
    <testcase name="Equals (321)" classname="spec_perl_TestBitsSimpleLe_t" time="5.88893890380859e-05" />
    <testcase name="Equals (322)" classname="spec_perl_TestBitsSimpleLe_t" time="8.0108642578125e-05" />
    <testcase name="Equals (323)" classname="spec_perl_TestBitsSimpleLe_t" time="6.60419464111328e-05" />
    <testcase name="Equals (324)" classname="spec_perl_TestBitsSimpleLe_t" time="5.60283660888672e-05" />
    <testcase name="Equals (325)" classname="spec_perl_TestBitsSimpleLe_t" time="5.69820404052734e-05" />
    <testcase name="Equals (326)" classname="spec_perl_TestBitsSimpleLe_t" time="5.48362731933594e-05" />
    <testcase name="Equals (327)" classname="spec_perl_TestBitsSimpleLe_t" time="5.60283660888672e-05" />
    <testcase name="Equals (328)" classname="spec_perl_TestBitsSimpleLe_t" time="7.51018524169922e-05" />
  </testsuite>
  <testsuite name="spec_perl_TestProcessXor4Const_t" errors="0" failures="0" skipped="0" tests="2" time="0.0345630645751953">
    <system-out>1..2
ok 1 - Equals
ok 2 - Equals
</system-out>
    <testcase name="Equals (329)" classname="spec_perl_TestProcessXor4Const_t" time="0.00141286849975586" />
    <testcase name="Equals (330)" classname="spec_perl_TestProcessXor4Const_t" time="0.000102996826171875" />
  </testsuite>
  <testsuite name="spec_perl_TestValidNotParsedIf_t" errors="0" failures="0" skipped="1" tests="1" time="0.034808874130249">
    <system-out>1..1
ok 1 # skip ValidNotParsedIf=HASH(0x55a676aa3378)
</system-out>
    <testcase name="Unnamed test case 330" classname="spec_perl_TestValidNotParsedIf_t" time="0.00174903869628906">
      <skipped message="ok 1 # skip ValidNotParsedIf=HASH(0x55a676aa3378)" />
    </testcase>
  </testsuite>
  <testsuite name="spec_perl_TestExprSizeofValueSized_t" errors="0" failures="0" skipped="0" tests="5" time="0.0368130207061768">
    <system-out>1..5
ok 1 - Equals
ok 2 - Equals
ok 3 - Equals
ok 4 - Equals
ok 5 - Equals
</system-out>
    <testcase name="Equals (331)" classname="spec_perl_TestExprSizeofValueSized_t" time="0.00167393684387207" />
    <testcase name="Equals (332)" classname="spec_perl_TestExprSizeofValueSized_t" time="0.000133037567138672" />
    <testcase name="Equals (333)" classname="spec_perl_TestExprSizeofValueSized_t" time="7.39097595214844e-05" />
    <testcase name="Equals (334)" classname="spec_perl_TestExprSizeofValueSized_t" time="6.41345977783203e-05" />
    <testcase name="Equals (335)" classname="spec_perl_TestExprSizeofValueSized_t" time="6.19888305664062e-05" />
  </testsuite>
  <testsuite name="spec_perl_TestProcessCustom_t" errors="1" failures="0" skipped="0" tests="0" time="0.0307190418243408">
    <system-out></system-out>
    <testcase name="Test died too soon, even before plan. (335)" classname="spec_perl_TestProcessCustom_t" time="0.0307190418243408">
      <failure message="The test suite died before a plan was produced. You need to have a plan." type="Plan">No plan</failure>
    </testcase>
  </testsuite>
  <testsuite name="spec_perl_TestDocstringsDocrefMulti_t" errors="0" failures="0" skipped="1" tests="1" time="0.0355949401855469">
    <system-out>1..1
ok 1 # skip DocstringsDocrefMulti=HASH(0x560b0d938208)
</system-out>
    <testcase name="Unnamed test case 335" classname="spec_perl_TestDocstringsDocrefMulti_t" time="0.00144815444946289">
      <skipped message="ok 1 # skip DocstringsDocrefMulti=HASH(0x560b0d938208)" />
    </testcase>
  </testsuite>
  <testsuite name="spec_perl_TestProcessXorConst_t" errors="0" failures="0" skipped="0" tests="2" time="0.0342178344726562">
    <system-out>1..2
ok 1 - Equals
ok 2 - Equals
</system-out>
    <testcase name="Equals (336)" classname="spec_perl_TestProcessXorConst_t" time="0.00141310691833496" />
    <testcase name="Equals (337)" classname="spec_perl_TestProcessXorConst_t" time="5.60283660888672e-05" />
  </testsuite>
  <testsuite name="spec_perl_TestInstanceUserArray_t" errors="0" failures="0" skipped="0" tests="10" time="0.0380470752716064">
    <system-out>1..10
ok 1 - Equals
ok 2 - Equals
ok 3 - Equals
ok 4 - Equals
ok 5 - Equals
ok 6 - Equals
ok 7 - Equals
ok 8 - Equals
ok 9 - Equals
ok 10 - Equals
</system-out>
    <testcase name="Equals (338)" classname="spec_perl_TestInstanceUserArray_t" time="0.00111985206604004" />
    <testcase name="Equals (339)" classname="spec_perl_TestInstanceUserArray_t" time="8.41617584228516e-05" />
    <testcase name="Equals (340)" classname="spec_perl_TestInstanceUserArray_t" time="5.60283660888672e-05" />
    <testcase name="Equals (341)" classname="spec_perl_TestInstanceUserArray_t" time="0.000476837158203125" />
    <testcase name="Equals (342)" classname="spec_perl_TestInstanceUserArray_t" time="6.41345977783203e-05" />
    <testcase name="Equals (343)" classname="spec_perl_TestInstanceUserArray_t" time="9.89437103271484e-05" />
    <testcase name="Equals (344)" classname="spec_perl_TestInstanceUserArray_t" time="6.29425048828125e-05" />
    <testcase name="Equals (345)" classname="spec_perl_TestInstanceUserArray_t" time="6.00814819335938e-05" />
    <testcase name="Equals (346)" classname="spec_perl_TestInstanceUserArray_t" time="5.88893890380859e-05" />
    <testcase name="Equals (347)" classname="spec_perl_TestInstanceUserArray_t" time="7.29560852050781e-05" />
  </testsuite>
  <testsuite name="spec_perl_TestBitsShiftByB64Le_t" errors="0" failures="0" skipped="0" tests="2" time="0.0355980396270752">
    <system-out>1..2
ok 1 - Equals
ok 2 - Equals
</system-out>
    <testcase name="Equals (348)" classname="spec_perl_TestBitsShiftByB64Le_t" time="0.00125789642333984" />
    <testcase name="Equals (349)" classname="spec_perl_TestBitsShiftByB64Le_t" time="5.60283660888672e-05" />
  </testsuite>
  <testsuite name="spec_perl_TestSwitchRepeatExpr_t" errors="0" failures="0" skipped="0" tests="3" time="0.0338308811187744">
    <system-out>1..3
ok 1 - Equals
ok 2 - Equals
ok 3 - Equals
</system-out>
    <testcase name="Equals (350)" classname="spec_perl_TestSwitchRepeatExpr_t" time="0.00154995918273926" />
    <testcase name="Equals (351)" classname="spec_perl_TestSwitchRepeatExpr_t" time="0.000102996826171875" />
    <testcase name="Equals (352)" classname="spec_perl_TestSwitchRepeatExpr_t" time="6.91413879394531e-05" />
  </testsuite>
  <testsuite name="spec_perl_TestProcessCoerceSwitch_t" errors="0" failures="0" skipped="0" tests="3" time="0.0346660614013672">
    <system-out>1..3
ok 1 - Equals
ok 2 - Equals
ok 3 - Equals
</system-out>
    <testcase name="Equals (353)" classname="spec_perl_TestProcessCoerceSwitch_t" time="0.00154209136962891" />
    <testcase name="Equals (354)" classname="spec_perl_TestProcessCoerceSwitch_t" time="7.20024108886719e-05" />
    <testcase name="Equals (355)" classname="spec_perl_TestProcessCoerceSwitch_t" time="3.79085540771484e-05" />
  </testsuite>
  <testsuite name="spec_perl_TestInstanceIoUser_t" errors="0" failures="0" skipped="0" tests="4" time="0.0411131381988525">
    <system-out>1..4
ok 1 - Equals
ok 2 - Equals
ok 3 - Equals
ok 4 - Equals
</system-out>
    <testcase name="Equals (356)" classname="spec_perl_TestInstanceIoUser_t" time="0.001708984375" />
    <testcase name="Equals (357)" classname="spec_perl_TestInstanceIoUser_t" time="0.000101804733276367" />
    <testcase name="Equals (358)" classname="spec_perl_TestInstanceIoUser_t" time="6.00814819335938e-05" />
    <testcase name="Equals (359)" classname="spec_perl_TestInstanceIoUser_t" time="7.20024108886719e-05" />
  </testsuite>
  <testsuite name="spec_perl_TestExprArray_t" errors="0" failures="1" skipped="0" tests="15" time="0.0416049957275391">
    <system-out>1..15
ok 1 - Equals
ok 2 - Equals
ok 3 - Equals
ok 4 - Equals
ok 5 - Equals
ok 6 - Equals
ok 7 - Approx equals
ok 8 - Approx equals
not ok 9 - Approx equals
ok 10 - Approx equals
ok 11 - Equals
ok 12 - Equals
ok 13 - Equals
ok 14 - Equals
ok 15 - Equals
</system-out>
    <testcase name="Equals (360)" classname="spec_perl_TestExprArray_t" time="0.00141096115112305" />
    <testcase name="Equals (361)" classname="spec_perl_TestExprArray_t" time="0.000154018402099609" />
    <testcase name="Equals (362)" classname="spec_perl_TestExprArray_t" time="8.20159912109375e-05" />
    <testcase name="Equals (363)" classname="spec_perl_TestExprArray_t" time="8.79764556884766e-05" />
    <testcase name="Equals (364)" classname="spec_perl_TestExprArray_t" time="6.41345977783203e-05" />
    <testcase name="Equals (365)" classname="spec_perl_TestExprArray_t" time="6.19888305664062e-05" />
    <testcase name="Approx equals (365)" classname="spec_perl_TestExprArray_t" time="6.00814819335938e-05" />
    <testcase name="Approx equals (366)" classname="spec_perl_TestExprArray_t" time="7.98702239990234e-05" />
    <testcase name="Approx equals (367)" classname="spec_perl_TestExprArray_t" time="7.70092010498047e-05">
      <failure message="not ok 9 - Approx equals" type="TAP::Parser::Result::Test"></failure>
    </testcase>
    <testcase name="Approx equals (368)" classname="spec_perl_TestExprArray_t" time="6.00814819335938e-05" />
    <testcase name="Equals (368)" classname="spec_perl_TestExprArray_t" time="8.392333984375e-05" />
    <testcase name="Equals (369)" classname="spec_perl_TestExprArray_t" time="6.19888305664062e-05" />
    <testcase name="Equals (370)" classname="spec_perl_TestExprArray_t" time="6.79492950439453e-05" />
    <testcase name="Equals (371)" classname="spec_perl_TestExprArray_t" time="8.0108642578125e-05" />
    <testcase name="Equals (372)" classname="spec_perl_TestExprArray_t" time="5.79357147216797e-05" />
  </testsuite>
  <testsuite name="spec_perl_TestIndexToParamUntil_t" errors="0" failures="2" skipped="0" tests="7" time="0.0427911281585693">
    <system-out>1..7
ok 1 - Equals
ok 2 - Equals
ok 3 - Equals
ok 4 - Equals
ok 5 - Equals
not ok 6 - Equals
not ok 7 - Equals
</system-out>
    <testcase name="Equals (373)" classname="spec_perl_TestIndexToParamUntil_t" time="0.00205278396606445" />
    <testcase name="Equals (374)" classname="spec_perl_TestIndexToParamUntil_t" time="8.82148742675781e-05" />
    <testcase name="Equals (375)" classname="spec_perl_TestIndexToParamUntil_t" time="3.98159027099609e-05" />
    <testcase name="Equals (376)" classname="spec_perl_TestIndexToParamUntil_t" time="4.31537628173828e-05" />
    <testcase name="Equals (377)" classname="spec_perl_TestIndexToParamUntil_t" time="5.88893890380859e-05" />
    <testcase name="Equals (378)" classname="spec_perl_TestIndexToParamUntil_t" time="7.70092010498047e-05">
      <failure message="not ok 6 - Equals" type="TAP::Parser::Result::Test"></failure>
    </testcase>
    <testcase name="Equals (379)" classname="spec_perl_TestIndexToParamUntil_t" time="0.000802040100097656">
      <failure message="not ok 7 - Equals" type="TAP::Parser::Result::Test"></failure>
    </testcase>
  </testsuite>
  <testsuite name="spec_perl_TestNavParentSwitch_t" errors="0" failures="0" skipped="0" tests="3" time="0.0366489887237549">
    <system-out>1..3
ok 1 - Equals
ok 2 - Equals
ok 3 - Equals
</system-out>
    <testcase name="Equals (380)" classname="spec_perl_TestNavParentSwitch_t" time="0.00151515007019043" />
    <testcase name="Equals (381)" classname="spec_perl_TestNavParentSwitch_t" time="0.000142812728881836" />
    <testcase name="Equals (382)" classname="spec_perl_TestNavParentSwitch_t" time="6.19888305664062e-05" />
  </testsuite>
  <testsuite name="spec_perl_TestCastToImported_t" errors="0" failures="0" skipped="0" tests="2" time="0.0378129482269287">
    <system-out>1..2
ok 1 - Equals
ok 2 - Equals
</system-out>
    <testcase name="Equals (383)" classname="spec_perl_TestCastToImported_t" time="0.00131106376647949" />
    <testcase name="Equals (384)" classname="spec_perl_TestCastToImported_t" time="0.000138998031616211" />
  </testsuite>
  <testsuite name="spec_perl_TestSwitchManualStrElse_t" errors="0" failures="0" skipped="0" tests="9" time="0.0414688587188721">
    <system-out>1..9
ok 1 - Equals
ok 2 - Equals
ok 3 - Equals
ok 4 - Equals
ok 5 - Equals
ok 6 - Equals
ok 7 - Equals
ok 8 - Equals
ok 9 - Equals
</system-out>
    <testcase name="Equals (385)" classname="spec_perl_TestSwitchManualStrElse_t" time="0.00146102905273438" />
    <testcase name="Equals (386)" classname="spec_perl_TestSwitchManualStrElse_t" time="7.58171081542969e-05" />
    <testcase name="Equals (387)" classname="spec_perl_TestSwitchManualStrElse_t" time="3.91006469726562e-05" />
    <testcase name="Equals (388)" classname="spec_perl_TestSwitchManualStrElse_t" time="3.38554382324219e-05" />
    <testcase name="Equals (389)" classname="spec_perl_TestSwitchManualStrElse_t" time="4.50611114501953e-05" />
    <testcase name="Equals (390)" classname="spec_perl_TestSwitchManualStrElse_t" time="3.09944152832031e-05" />
    <testcase name="Equals (391)" classname="spec_perl_TestSwitchManualStrElse_t" time="4.31537628173828e-05" />
    <testcase name="Equals (392)" classname="spec_perl_TestSwitchManualStrElse_t" time="3.88622283935547e-05" />
    <testcase name="Equals (393)" classname="spec_perl_TestSwitchManualStrElse_t" time="5.60283660888672e-05" />
  </testsuite>
  <testsuite name="spec_perl_TestBitsSignedShiftB32Le_t" errors="0" failures="0" skipped="0" tests="2" time="0.0347630977630615">
    <system-out>1..2
ok 1 - Equals
ok 2 - Equals
</system-out>
    <testcase name="Equals (394)" classname="spec_perl_TestBitsSignedShiftB32Le_t" time="0.00123405456542969" />
    <testcase name="Equals (395)" classname="spec_perl_TestBitsSignedShiftB32Le_t" time="9.51290130615234e-05" />
  </testsuite>
  <testsuite name="spec_perl_TestDefaultEndianExprException_t" errors="0" failures="0" skipped="0" tests="1" time="0.0384418964385986">
    <system-out>1..1
ok 1 - threw /^Unable to decide on endianness/
</system-out>
    <testcase name="threw /^Unable to decide on endianness/ (395)" classname="spec_perl_TestDefaultEndianExprException_t" time="0.00162792205810547" />
  </testsuite>
  <testsuite name="spec_perl_TestParamsCallExtraParens_t" errors="0" failures="1" skipped="0" tests="1" time="0.041964054107666">
    <system-out>1..1
not ok 1 - Equals
</system-out>
    <testcase name="Equals (396)" classname="spec_perl_TestParamsCallExtraParens_t" time="0.00202798843383789">
      <failure message="not ok 1 - Equals" type="TAP::Parser::Result::Test"></failure>
    </testcase>
  </testsuite>
  <testsuite name="spec_perl_TestProcessToUser_t" errors="0" failures="0" skipped="0" tests="1" time="0.040010929107666">
    <system-out>1..1
ok 1 - Equals
</system-out>
    <testcase name="Equals (397)" classname="spec_perl_TestProcessToUser_t" time="0.00165295600891113" />
  </testsuite>
  <testsuite name="spec_perl_TestMultipleUse_t" errors="0" failures="0" skipped="0" tests="2" time="0.0357770919799805">
    <system-out>1..2
ok 1 - Equals
ok 2 - Equals
</system-out>
    <testcase name="Equals (398)" classname="spec_perl_TestMultipleUse_t" time="0.00130081176757812" />
    <testcase name="Equals (399)" classname="spec_perl_TestMultipleUse_t" time="9.918212890625e-05" />
  </testsuite>
  <testsuite name="spec_perl_TestBitsSignedShiftB64Le_t" errors="0" failures="0" skipped="0" tests="2" time="0.0352730751037598">
    <system-out>1..2
ok 1 - Equals
ok 2 - Equals
</system-out>
    <testcase name="Equals (400)" classname="spec_perl_TestBitsSignedShiftB64Le_t" time="0.00143694877624512" />
    <testcase name="Equals (401)" classname="spec_perl_TestBitsSignedShiftB64Le_t" time="6.19888305664062e-05" />
  </testsuite>
  <testsuite name="spec_perl_TestDebug0_t" errors="0" failures="0" skipped="1" tests="1" time="0.0359320640563965">
    <system-out>1..1
ok 1 # skip test_debug_0
</system-out>
    <testcase name="Unnamed test case 401" classname="spec_perl_TestDebug0_t" time="0.0012660026550293">
      <skipped message="ok 1 # skip test_debug_0" />
    </testcase>
  </testsuite>
  <testsuite name="spec_perl_TestTypeTernary_t" errors="0" failures="0" skipped="0" tests="1" time="0.0376100540161133">
    <system-out>1..1
ok 1 - Equals
</system-out>
    <testcase name="Equals (402)" classname="spec_perl_TestTypeTernary_t" time="0.00191903114318848" />
  </testsuite>
  <testsuite name="spec_perl_TestJsSignedRightShift_t" errors="0" failures="0" skipped="0" tests="2" time="0.035679817199707">
    <system-out>1..2
ok 1 - Equals
ok 2 - Equals
</system-out>
    <testcase name="Equals (403)" classname="spec_perl_TestJsSignedRightShift_t" time="0.00142788887023926" />
    <testcase name="Equals (404)" classname="spec_perl_TestJsSignedRightShift_t" time="7.39097595214844e-05" />
  </testsuite>
  <testsuite name="spec_perl_TestNavRoot_t" errors="0" failures="0" skipped="0" tests="5" time="0.0417261123657227">
    <system-out>1..5
ok 1 - Equals
ok 2 - Equals
ok 3 - Equals
ok 4 - Equals
ok 5 - Equals
</system-out>
    <testcase name="Equals (405)" classname="spec_perl_TestNavRoot_t" time="0.00148487091064453" />
    <testcase name="Equals (406)" classname="spec_perl_TestNavRoot_t" time="7.91549682617188e-05" />
    <testcase name="Equals (407)" classname="spec_perl_TestNavRoot_t" time="6.58035278320312e-05" />
    <testcase name="Equals (408)" classname="spec_perl_TestNavRoot_t" time="6.31809234619141e-05" />
    <testcase name="Equals (409)" classname="spec_perl_TestNavRoot_t" time="5.98430633544922e-05" />
  </testsuite>
  <testsuite name="spec_perl_TestRepeatUntilS4_t" errors="0" failures="0" skipped="0" tests="2" time="0.0376310348510742">
    <system-out>1..2
ok 1 - Equals
ok 2 - Equals
</system-out>
    <testcase name="Equals (410)" classname="spec_perl_TestRepeatUntilS4_t" time="0.00134110450744629" />
    <testcase name="Equals (411)" classname="spec_perl_TestRepeatUntilS4_t" time="0.000107049942016602" />
  </testsuite>
  <testsuite name="spec_perl_TestEnumDeep_t" errors="0" failures="0" skipped="0" tests="2" time="0.0340530872344971">
    <system-out>1..2
ok 1 - Equals
ok 2 - Equals
</system-out>
    <testcase name="Equals (412)" classname="spec_perl_TestEnumDeep_t" time="0.00126194953918457" />
    <testcase name="Equals (413)" classname="spec_perl_TestEnumDeep_t" time="9.60826873779297e-05" />
  </testsuite>
  <testsuite name="spec_perl_TestFixedStruct_t" errors="0" failures="0" skipped="0" tests="20" time="0.0374479293823242">
    <system-out>1..20
ok 1 - Equals
ok 2 - Equals
ok 3 - Equals
ok 4 - Equals
ok 5 - Equals
ok 6 - Equals
ok 7 - Equals
ok 8 - Equals
ok 9 - Equals
ok 10 - Equals
ok 11 - Equals
ok 12 - Equals
ok 13 - Equals
ok 14 - Equals
ok 15 - Equals
ok 16 - Equals
ok 17 - Equals
ok 18 - Equals
ok 19 - Equals
ok 20 - Equals
</system-out>
    <testcase name="Equals (414)" classname="spec_perl_TestFixedStruct_t" time="0.00150108337402344" />
    <testcase name="Equals (415)" classname="spec_perl_TestFixedStruct_t" time="0.000135898590087891" />
    <testcase name="Equals (416)" classname="spec_perl_TestFixedStruct_t" time="7.41481781005859e-05" />
    <testcase name="Equals (417)" classname="spec_perl_TestFixedStruct_t" time="6.4849853515625e-05" />
    <testcase name="Equals (418)" classname="spec_perl_TestFixedStruct_t" time="6.29425048828125e-05" />
    <testcase name="Equals (419)" classname="spec_perl_TestFixedStruct_t" time="8.91685485839844e-05" />
    <testcase name="Equals (420)" classname="spec_perl_TestFixedStruct_t" time="6.103515625e-05" />
[...]
    <testcase name="Equals (879)" classname="spec_perl_TestBitsEnum_t" time="0.000110864639282227" />
    <testcase name="Equals (880)" classname="spec_perl_TestBitsEnum_t" time="6.91413879394531e-05" />
  </testsuite>
  <testsuite name="spec_perl_TestEnumNegative_t" errors="0" failures="0" skipped="0" tests="2" time="0.0354681015014648">
    <system-out>1..2
ok 1 - Equals
ok 2 - Equals
</system-out>
    <testcase name="Equals (881)" classname="spec_perl_TestEnumNegative_t" time="0.00135898590087891" />
    <testcase name="Equals (882)" classname="spec_perl_TestEnumNegative_t" time="0.000100135803222656" />
  </testsuite>
  <testsuite name="spec_perl_TestParamsPassArrayStr_t" errors="0" failures="1" skipped="6" tests="7" time="0.0408589839935303">
    <system-out>1..7
not ok 1 - test_params_pass_array_str died (Can't use an undefined value as an ARRAY reference at spec/perl/TestParamsPassArrayStr.t line 14.)
ok 2 # skip test_params_pass_array_str died
ok 3 # skip test_params_pass_array_str died
ok 4 # skip test_params_pass_array_str died
ok 5 # skip test_params_pass_array_str died
ok 6 # skip test_params_pass_array_str died
ok 7 # skip test_params_pass_array_str died
</system-out>
    <testcase name="test_params_pass_array_str died (Can't use an undefined value as an ARRAY reference at spec/perl/TestParamsPassArrayStr.t line 14.) (882)" classname="spec_perl_TestParamsPassArrayStr_t" time="0.00152707099914551">
      <failure message="not ok 1 - test_params_pass_array_str died (Can't use an undefined value as an ARRAY reference at spec/perl/TestParamsPassArrayStr.t line 14.)" type="TAP::Parser::Result::Test"></failure>
    </testcase>
    <testcase name="Unnamed test case 882" classname="spec_perl_TestParamsPassArrayStr_t" time="0.000102043151855469">
      <skipped message="ok 2 # skip test_params_pass_array_str died" />
    </testcase>
    <testcase name="Unnamed test case 883" classname="spec_perl_TestParamsPassArrayStr_t" time="4.38690185546875e-05">
      <skipped message="ok 3 # skip test_params_pass_array_str died" />
    </testcase>
    <testcase name="Unnamed test case 884" classname="spec_perl_TestParamsPassArrayStr_t" time="7.60555267333984e-05">
      <skipped message="ok 4 # skip test_params_pass_array_str died" />
    </testcase>
    <testcase name="Unnamed test case 885" classname="spec_perl_TestParamsPassArrayStr_t" time="3.91006469726562e-05">
      <skipped message="ok 5 # skip test_params_pass_array_str died" />
    </testcase>
    <testcase name="Unnamed test case 886" classname="spec_perl_TestParamsPassArrayStr_t" time="3.79085540771484e-05">
      <skipped message="ok 6 # skip test_params_pass_array_str died" />
    </testcase>
    <testcase name="Unnamed test case 887" classname="spec_perl_TestParamsPassArrayStr_t" time="4.91142272949219e-05">
      <skipped message="ok 7 # skip test_params_pass_array_str died" />
    </testcase>
  </testsuite>
  <testsuite name="spec_perl_TestBitsUnalignedB64Le_t" errors="0" failures="0" skipped="0" tests="3" time="0.0389530658721924">
    <system-out>1..3
ok 1 - Equals
ok 2 - Equals
ok 3 - Equals
</system-out>
    <testcase name="Equals (887)" classname="spec_perl_TestBitsUnalignedB64Le_t" time="0.0012819766998291" />
    <testcase name="Equals (888)" classname="spec_perl_TestBitsUnalignedB64Le_t" time="0.000112056732177734" />
    <testcase name="Equals (889)" classname="spec_perl_TestBitsUnalignedB64Le_t" time="6.60419464111328e-05" />
  </testsuite>
  <testsuite name="spec_perl_TestDebugEnumName_t" errors="1" failures="0" skipped="0" tests="0" time="0.0320181846618652">
    <system-out></system-out>
    <testcase name="Test died too soon, even before plan. (889)" classname="spec_perl_TestDebugEnumName_t" time="0.0320181846618652">
      <failure message="The test suite died before a plan was produced. You need to have a plan." type="Plan">No plan</failure>
    </testcase>
  </testsuite>
  <testsuite name="spec_perl_TestProcessCoerceUsertype1_t" errors="0" failures="0" skipped="0" tests="4" time="0.03666090965271">
    <system-out>1..4
ok 1 - Equals
ok 2 - Equals
ok 3 - Equals
ok 4 - Equals
</system-out>
    <testcase name="Equals (890)" classname="spec_perl_TestProcessCoerceUsertype1_t" time="0.00176191329956055" />
    <testcase name="Equals (891)" classname="spec_perl_TestProcessCoerceUsertype1_t" time="0.000107049942016602" />
    <testcase name="Equals (892)" classname="spec_perl_TestProcessCoerceUsertype1_t" time="0.000103950500488281" />
    <testcase name="Equals (893)" classname="spec_perl_TestProcessCoerceUsertype1_t" time="6.4849853515625e-05" />
  </testsuite>
  <testsuite name="spec_perl_TestParamsPassStruct_t" errors="0" failures="1" skipped="1" tests="4" time="0.0360488891601562">
    <system-out>1..4
ok 1 - Equals
ok 2 - Equals
not ok 3 - test_params_pass_struct died (Can't call method &quot;foo&quot; on an undefined value at spec/perl/TestParamsPassStruct.t line 16.)
ok 4 # skip test_params_pass_struct died
</system-out>
    <testcase name="Equals (894)" classname="spec_perl_TestParamsPassStruct_t" time="0.00130200386047363" />
    <testcase name="Equals (895)" classname="spec_perl_TestParamsPassStruct_t" time="7.79628753662109e-05" />
    <testcase name="test_params_pass_struct died (Can't call method &quot;foo&quot; on an undefined value at spec/perl/TestParamsPassStruct.t line 16.) (895)" classname="spec_perl_TestParamsPassStruct_t" time="9.20295715332031e-05">
      <failure message="not ok 3 - test_params_pass_struct died (Can't call method &quot;foo&quot; on an undefined value at spec/perl/TestParamsPassStruct.t line 16.)" type="TAP::Parser::Result::Test"></failure>
    </testcase>
    <testcase name="Unnamed test case 895" classname="spec_perl_TestParamsPassStruct_t" time="9.10758972167969e-05">
      <skipped message="ok 4 # skip test_params_pass_struct died" />
    </testcase>
  </testsuite>
  <testsuite name="spec_perl_TestProcessRepeatUsertype_t" errors="0" failures="0" skipped="0" tests="4" time="0.0356690883636475">
    <system-out>1..4
ok 1 - Equals
ok 2 - Equals
ok 3 - Equals
ok 4 - Equals
</system-out>
    <testcase name="Equals (896)" classname="spec_perl_TestProcessRepeatUsertype_t" time="0.00142192840576172" />
    <testcase name="Equals (897)" classname="spec_perl_TestProcessRepeatUsertype_t" time="7.29560852050781e-05" />
    <testcase name="Equals (898)" classname="spec_perl_TestProcessRepeatUsertype_t" time="5.29289245605469e-05" />
    <testcase name="Equals (899)" classname="spec_perl_TestProcessRepeatUsertype_t" time="6.41345977783203e-05" />
  </testsuite>
  <testsuite name="spec_perl_TestSwitchManualEnum_t" errors="0" failures="0" skipped="0" tests="9" time="0.0388438701629639">
    <system-out>1..9
ok 1 - Equals
ok 2 - Equals
ok 3 - Equals
ok 4 - Equals
ok 5 - Equals
ok 6 - Equals
ok 7 - Equals
ok 8 - Equals
ok 9 - Equals
</system-out>
    <testcase name="Equals (900)" classname="spec_perl_TestSwitchManualEnum_t" time="0.00127983093261719" />
    <testcase name="Equals (901)" classname="spec_perl_TestSwitchManualEnum_t" time="9.70363616943359e-05" />
    <testcase name="Equals (902)" classname="spec_perl_TestSwitchManualEnum_t" time="6.41345977783203e-05" />
    <testcase name="Equals (903)" classname="spec_perl_TestSwitchManualEnum_t" time="7.70092010498047e-05" />
    <testcase name="Equals (904)" classname="spec_perl_TestSwitchManualEnum_t" time="5.69820404052734e-05" />
    <testcase name="Equals (905)" classname="spec_perl_TestSwitchManualEnum_t" time="7.29560852050781e-05" />
    <testcase name="Equals (906)" classname="spec_perl_TestSwitchManualEnum_t" time="5.50746917724609e-05" />
    <testcase name="Equals (907)" classname="spec_perl_TestSwitchManualEnum_t" time="7.48634338378906e-05" />
    <testcase name="Equals (908)" classname="spec_perl_TestSwitchManualEnum_t" time="5.50746917724609e-05" />
  </testsuite>
  <testsuite name="spec_perl_TestSwitchManualEnumInvalidElse_t" errors="0" failures="0" skipped="0" tests="5" time="0.0387101173400879">
    <system-out>1..5
ok 1 - Equals
ok 2 - Equals
ok 3 - Equals
ok 4 - Equals
ok 5 - Equals
</system-out>
    <testcase name="Equals (909)" classname="spec_perl_TestSwitchManualEnumInvalidElse_t" time="0.00124192237854004" />
    <testcase name="Equals (910)" classname="spec_perl_TestSwitchManualEnumInvalidElse_t" time="0.000101089477539062" />
    <testcase name="Equals (911)" classname="spec_perl_TestSwitchManualEnumInvalidElse_t" time="6.29425048828125e-05" />
    <testcase name="Equals (912)" classname="spec_perl_TestSwitchManualEnumInvalidElse_t" time="9.10758972167969e-05" />
    <testcase name="Equals (913)" classname="spec_perl_TestSwitchManualEnumInvalidElse_t" time="5.98430633544922e-05" />
  </testsuite>
  <testsuite name="spec_perl_TestIntegersMinMax_t" errors="0" failures="0" skipped="0" tests="28" time="0.0378389358520508">
    <system-out>1..28
ok 1 - Equals
ok 2 - Equals
ok 3 - Equals
ok 4 - Equals
ok 5 - Equals
ok 6 - Equals
ok 7 - Equals
ok 8 - Equals
ok 9 - Equals
ok 10 - Equals
ok 11 - Equals
ok 12 - Equals
ok 13 - Equals
ok 14 - Equals
ok 15 - Equals
ok 16 - Equals
ok 17 - Equals
ok 18 - Equals
ok 19 - Equals
ok 20 - Equals
ok 21 - Equals
ok 22 - Equals
ok 23 - Equals
ok 24 - Equals
ok 25 - Equals
ok 26 - Equals
ok 27 - Equals
ok 28 - Equals
</system-out>
    <testcase name="Equals (914)" classname="spec_perl_TestIntegersMinMax_t" time="0.00140905380249023" />
    <testcase name="Equals (915)" classname="spec_perl_TestIntegersMinMax_t" time="7.79628753662109e-05" />
    <testcase name="Equals (916)" classname="spec_perl_TestIntegersMinMax_t" time="8.10623168945312e-05" />
    <testcase name="Equals (917)" classname="spec_perl_TestIntegersMinMax_t" time="5.69820404052734e-05" />
    <testcase name="Equals (918)" classname="spec_perl_TestIntegersMinMax_t" time="4.88758087158203e-05" />
    <testcase name="Equals (919)" classname="spec_perl_TestIntegersMinMax_t" time="4.69684600830078e-05" />
    <testcase name="Equals (920)" classname="spec_perl_TestIntegersMinMax_t" time="7.29560852050781e-05" />
    <testcase name="Equals (921)" classname="spec_perl_TestIntegersMinMax_t" time="4.60147857666016e-05" />
    <testcase name="Equals (922)" classname="spec_perl_TestIntegersMinMax_t" time="4.60147857666016e-05" />
    <testcase name="Equals (923)" classname="spec_perl_TestIntegersMinMax_t" time="5.91278076171875e-05" />
    <testcase name="Equals (924)" classname="spec_perl_TestIntegersMinMax_t" time="6.89029693603516e-05" />
    <testcase name="Equals (925)" classname="spec_perl_TestIntegersMinMax_t" time="4.91142272949219e-05" />
    <testcase name="Equals (926)" classname="spec_perl_TestIntegersMinMax_t" time="6.103515625e-05" />
    <testcase name="Equals (927)" classname="spec_perl_TestIntegersMinMax_t" time="4.48226928710938e-05" />
    <testcase name="Equals (928)" classname="spec_perl_TestIntegersMinMax_t" time="5.69820404052734e-05" />
    <testcase name="Equals (929)" classname="spec_perl_TestIntegersMinMax_t" time="0.00115013122558594" />
    <testcase name="Equals (930)" classname="spec_perl_TestIntegersMinMax_t" time="9.20295715332031e-05" />
    <testcase name="Equals (931)" classname="spec_perl_TestIntegersMinMax_t" time="8.58306884765625e-05" />
    <testcase name="Equals (932)" classname="spec_perl_TestIntegersMinMax_t" time="6.50882720947266e-05" />
    <testcase name="Equals (933)" classname="spec_perl_TestIntegersMinMax_t" time="4.79221343994141e-05" />
    <testcase name="Equals (934)" classname="spec_perl_TestIntegersMinMax_t" time="4.41074371337891e-05" />
    <testcase name="Equals (935)" classname="spec_perl_TestIntegersMinMax_t" time="5.00679016113281e-05" />
    <testcase name="Equals (936)" classname="spec_perl_TestIntegersMinMax_t" time="4.60147857666016e-05" />
    <testcase name="Equals (937)" classname="spec_perl_TestIntegersMinMax_t" time="4.48226928710938e-05" />
    <testcase name="Equals (938)" classname="spec_perl_TestIntegersMinMax_t" time="4.31537628173828e-05" />
    <testcase name="Equals (939)" classname="spec_perl_TestIntegersMinMax_t" time="4.29153442382812e-05" />
    <testcase name="Equals (940)" classname="spec_perl_TestIntegersMinMax_t" time="4.41074371337891e-05" />
    <testcase name="Equals (941)" classname="spec_perl_TestIntegersMinMax_t" time="4.88758087158203e-05" />
  </testsuite>
  <testsuite name="spec_perl_TestBcdUserTypeBe_t" errors="0" failures="0" skipped="0" tests="6" time="0.0334501266479492">
    <system-out>1..6
ok 1 - Equals
ok 2 - Equals
ok 3 - Equals
ok 4 - Equals
ok 5 - Equals
ok 6 - Equals
</system-out>
    <testcase name="Equals (942)" classname="spec_perl_TestBcdUserTypeBe_t" time="0.00223493576049805" />
    <testcase name="Equals (943)" classname="spec_perl_TestBcdUserTypeBe_t" time="0.000266075134277344" />
    <testcase name="Equals (944)" classname="spec_perl_TestBcdUserTypeBe_t" time="0.000205039978027344" />
    <testcase name="Equals (945)" classname="spec_perl_TestBcdUserTypeBe_t" time="0.000182867050170898" />
    <testcase name="Equals (946)" classname="spec_perl_TestBcdUserTypeBe_t" time="0.000190019607543945" />
    <testcase name="Equals (947)" classname="spec_perl_TestBcdUserTypeBe_t" time="0.000175952911376953" />
  </testsuite>
  <testsuite name="spec_perl_TestDefaultEndianExprIsBe_t" errors="0" failures="0" skipped="0" tests="18" time="0.0376160144805908">
    <system-out>1..18
ok 1 - Equals
ok 2 - Equals
ok 3 - Equals
ok 4 - Equals
ok 5 - Equals
ok 6 - Equals
ok 7 - Equals
ok 8 - Equals
ok 9 - Equals
ok 10 - Equals
ok 11 - Equals
ok 12 - Equals
ok 13 - Equals
ok 14 - Equals
ok 15 - Equals
ok 16 - Equals
ok 17 - Equals
ok 18 - Equals
</system-out>
    <testcase name="Equals (948)" classname="spec_perl_TestDefaultEndianExprIsBe_t" time="0.00145101547241211" />
    <testcase name="Equals (949)" classname="spec_perl_TestDefaultEndianExprIsBe_t" time="8.60691070556641e-05" />
    <testcase name="Equals (950)" classname="spec_perl_TestDefaultEndianExprIsBe_t" time="5.19752502441406e-05" />
    <testcase name="Equals (951)" classname="spec_perl_TestDefaultEndianExprIsBe_t" time="6.41345977783203e-05" />
    <testcase name="Equals (952)" classname="spec_perl_TestDefaultEndianExprIsBe_t" time="6.07967376708984e-05" />
    <testcase name="Equals (953)" classname="spec_perl_TestDefaultEndianExprIsBe_t" time="5.81741333007812e-05" />
    <testcase name="Equals (954)" classname="spec_perl_TestDefaultEndianExprIsBe_t" time="7.98702239990234e-05" />
    <testcase name="Equals (955)" classname="spec_perl_TestDefaultEndianExprIsBe_t" time="6.91413879394531e-05" />
    <testcase name="Equals (956)" classname="spec_perl_TestDefaultEndianExprIsBe_t" time="5.79357147216797e-05" />
    <testcase name="Equals (957)" classname="spec_perl_TestDefaultEndianExprIsBe_t" time="7.39097595214844e-05" />
    <testcase name="Equals (958)" classname="spec_perl_TestDefaultEndianExprIsBe_t" time="9.39369201660156e-05" />
    <testcase name="Equals (959)" classname="spec_perl_TestDefaultEndianExprIsBe_t" time="7.82012939453125e-05" />
    <testcase name="Equals (960)" classname="spec_perl_TestDefaultEndianExprIsBe_t" time="5.88893890380859e-05" />
    <testcase name="Equals (961)" classname="spec_perl_TestDefaultEndianExprIsBe_t" time="7.20024108886719e-05" />
    <testcase name="Equals (962)" classname="spec_perl_TestDefaultEndianExprIsBe_t" time="5.60283660888672e-05" />
    <testcase name="Equals (963)" classname="spec_perl_TestDefaultEndianExprIsBe_t" time="8.29696655273438e-05" />
    <testcase name="Equals (964)" classname="spec_perl_TestDefaultEndianExprIsBe_t" time="8.60691070556641e-05" />
    <testcase name="Equals (965)" classname="spec_perl_TestDefaultEndianExprIsBe_t" time="8.20159912109375e-05" />
  </testsuite>
  <testsuite name="spec_perl_TestEnumDeepLiterals_t" errors="0" failures="0" skipped="0" tests="2" time="0.0357480049133301">
    <system-out>1..2
ok 1 - Equals
ok 2 - Equals
</system-out>
    <testcase name="Equals (966)" classname="spec_perl_TestEnumDeepLiterals_t" time="0.00130605697631836" />
    <testcase name="Equals (967)" classname="spec_perl_TestEnumDeepLiterals_t" time="0.000137090682983398" />
  </testsuite>
  <testsuite name="spec_perl_TestRepeatNStrz_t" errors="0" failures="0" skipped="0" tests="2" time="0.0401389598846436">
    <system-out>1..2
ok 1 - Equals
ok 2 - Equals
</system-out>
    <testcase name="Equals (968)" classname="spec_perl_TestRepeatNStrz_t" time="0.00143909454345703" />
    <testcase name="Equals (969)" classname="spec_perl_TestRepeatNStrz_t" time="0.000108957290649414" />
  </testsuite>
  <testsuite name="spec_perl_TestImportsAbsRel_t" errors="0" failures="0" skipped="0" tests="3" time="0.037322998046875">
    <system-out>1..3
ok 1 - Equals
ok 2 - Equals
ok 3 - Equals
</system-out>
    <testcase name="Equals (970)" classname="spec_perl_TestImportsAbsRel_t" time="0.00148200988769531" />
    <testcase name="Equals (971)" classname="spec_perl_TestImportsAbsRel_t" time="7.91549682617188e-05" />
    <testcase name="Equals (972)" classname="spec_perl_TestImportsAbsRel_t" time="4.38690185546875e-05" />
  </testsuite>
  <testsuite name="spec_perl_TestBcdUserTypeLe_t" errors="0" failures="0" skipped="0" tests="6" time="0.0385868549346924">
    <system-out>1..6
ok 1 - Equals
ok 2 - Equals
ok 3 - Equals
ok 4 - Equals
ok 5 - Equals
ok 6 - Equals
</system-out>
    <testcase name="Equals (973)" classname="spec_perl_TestBcdUserTypeLe_t" time="0.00170612335205078" />
    <testcase name="Equals (974)" classname="spec_perl_TestBcdUserTypeLe_t" time="8.48770141601562e-05" />
    <testcase name="Equals (975)" classname="spec_perl_TestBcdUserTypeLe_t" time="6.91413879394531e-05" />
    <testcase name="Equals (976)" classname="spec_perl_TestBcdUserTypeLe_t" time="6.4849853515625e-05" />
    <testcase name="Equals (977)" classname="spec_perl_TestBcdUserTypeLe_t" time="6.19888305664062e-05" />
    <testcase name="Equals (978)" classname="spec_perl_TestBcdUserTypeLe_t" time="6.19888305664062e-05" />
  </testsuite>
  <testsuite name="spec_perl_TestExprStrEncodings_t" errors="0" failures="0" skipped="0" tests="7" time="0.0471110343933105">
    <system-out>1..7
ok 1 - Equals
ok 2 - Equals
ok 3 - Equals
ok 4 - Equals
ok 5 - Equals
ok 6 - Equals
ok 7 - Equals
</system-out>
    <testcase name="Equals (979)" classname="spec_perl_TestExprStrEncodings_t" time="0.00601696968078613" />
    <testcase name="Equals (980)" classname="spec_perl_TestExprStrEncodings_t" time="0.000155925750732422" />
    <testcase name="Equals (981)" classname="spec_perl_TestExprStrEncodings_t" time="7.51018524169922e-05" />
    <testcase name="Equals (982)" classname="spec_perl_TestExprStrEncodings_t" time="7.98702239990234e-05" />
    <testcase name="Equals (983)" classname="spec_perl_TestExprStrEncodings_t" time="6.50882720947266e-05" />
    <testcase name="Equals (984)" classname="spec_perl_TestExprStrEncodings_t" time="6.89029693603516e-05" />
    <testcase name="Equals (985)" classname="spec_perl_TestExprStrEncodings_t" time="8.82148742675781e-05" />
  </testsuite>
  <testsuite name="spec_perl_TestProcessRepeatBytes_t" errors="0" failures="0" skipped="0" tests="2" time="0.0338060855865479">
    <system-out>1..2
ok 1 - Equals
ok 2 - Equals
</system-out>
    <testcase name="Equals (986)" classname="spec_perl_TestProcessRepeatBytes_t" time="0.00139999389648438" />
    <testcase name="Equals (987)" classname="spec_perl_TestProcessRepeatBytes_t" time="8.48770141601562e-05" />
  </testsuite>
  <testsuite name="spec_perl_TestValidOptionalId_t" errors="1" failures="0" skipped="0" tests="0" time="0.0326840877532959">
    <system-out></system-out>
    <testcase name="Test died too soon, even before plan. (987)" classname="spec_perl_TestValidOptionalId_t" time="0.0326840877532959">
      <failure message="The test suite died before a plan was produced. You need to have a plan." type="Plan">No plan</failure>
    </testcase>
  </testsuite>
</testsuites>
