<?xml version='1.0' encoding='utf-8'?>
<testsuites>
  <testsuite name="spec_perl_TestRepeatUntilSized_t" errors="0" failures="0" skipped="0" tests="7" time="0.0465891361236572">
    <system-out>1..7
ok 1 - Equals
ok 2 - Equals
ok 3 - Equals
ok 4 - Equals
ok 5 - Equals
ok 6 - Equals
ok 7 - Equals
</system-out>
    <testcase name="Equals" classname="spec_perl_TestRepeatUntilSized_t" time="0.000663995742797852" />
    <testcase name="Equals (2)" classname="spec_perl_TestRepeatUntilSized_t" time="0.000151872634887695" />
    <testcase name="Equals (3)" classname="spec_perl_TestRepeatUntilSized_t" time="6.31809234619141e-05" />
    <testcase name="Equals (4)" classname="spec_perl_TestRepeatUntilSized_t" time="0.000111818313598633" />
    <testcase name="Equals (5)" classname="spec_perl_TestRepeatUntilSized_t" time="0.000142097473144531" />
    <testcase name="Equals (6)" classname="spec_perl_TestRepeatUntilSized_t" time="0.000133991241455078" />
    <testcase name="Equals (7)" classname="spec_perl_TestRepeatUntilSized_t" time="0.000155925750732422" />
  </testsuite>
  <testsuite name="spec_perl_TestParamsPassArrayInt_t" errors="0" failures="1" skipped="6" tests="7" time="0.0536000728607178">
    <system-out>1..7
not ok 1 - test_params_pass_array_int died (Can't use an undefined value as an ARRAY reference at spec/perl/TestParamsPassArrayInt.t line 15.)
ok 2 # skip test_params_pass_array_int died
ok 3 # skip test_params_pass_array_int died
ok 4 # skip test_params_pass_array_int died
ok 5 # skip test_params_pass_array_int died
ok 6 # skip test_params_pass_array_int died
ok 7 # skip test_params_pass_array_int died
</system-out>
    <testcase name="test_params_pass_array_int died (Can't use an undefined value as an ARRAY reference at spec/perl/TestParamsPassArrayInt.t line 15.) (7)" classname="spec_perl_TestParamsPassArrayInt_t" time="0.000761032104492188">
      <failure message="not ok 1 - test_params_pass_array_int died (Can't use an undefined value as an ARRAY reference at spec/perl/TestParamsPassArrayInt.t line 15.)" type="TAP::Parser::Result::Test"></failure>
    </testcase>
    <testcase name="Unnamed test case 7" classname="spec_perl_TestParamsPassArrayInt_t" time="0.000834941864013672">
      <skipped message="ok 2 # skip test_params_pass_array_int died" />
    </testcase>
    <testcase name="Unnamed test case 8" classname="spec_perl_TestParamsPassArrayInt_t" time="0.000301122665405273">
      <skipped message="ok 3 # skip test_params_pass_array_int died" />
    </testcase>
    <testcase name="Unnamed test case 9" classname="spec_perl_TestParamsPassArrayInt_t" time="0.000281810760498047">
      <skipped message="ok 4 # skip test_params_pass_array_int died" />
    </testcase>
    <testcase name="Unnamed test case 10" classname="spec_perl_TestParamsPassArrayInt_t" time="0.000265121459960938">
      <skipped message="ok 5 # skip test_params_pass_array_int died" />
    </testcase>
    <testcase name="Unnamed test case 11" classname="spec_perl_TestParamsPassArrayInt_t" time="0.000262022018432617">
      <skipped message="ok 6 # skip test_params_pass_array_int died" />
    </testcase>
    <testcase name="Unnamed test case 12" classname="spec_perl_TestParamsPassArrayInt_t" time="0.000274896621704102">
      <skipped message="ok 7 # skip test_params_pass_array_int died" />
    </testcase>
  </testsuite>
  <testsuite name="spec_perl_TestBytesPadTerm_t" errors="0" failures="0" skipped="0" tests="4" time="0.0487189292907715">
    <system-out>1..4
ok 1 - Equals
ok 2 - Equals
ok 3 - Equals
ok 4 - Equals
</system-out>
    <testcase name="Equals (12)" classname="spec_perl_TestBytesPadTerm_t" time="0.000300168991088867" />
    <testcase name="Equals (13)" classname="spec_perl_TestBytesPadTerm_t" time="9.79900360107422e-05" />
    <testcase name="Equals (14)" classname="spec_perl_TestBytesPadTerm_t" time="0.000151872634887695" />
    <testcase name="Equals (15)" classname="spec_perl_TestBytesPadTerm_t" time="0.000121116638183594" />
  </testsuite>
  <testsuite name="spec_perl_TestEnumIf_t" errors="0" failures="0" skipped="0" tests="7" time="0.0486950874328613">
    <system-out>1..7
ok 1 - Equals
ok 2 - Equals
ok 3 - Equals
ok 4 - Equals
ok 5 - Equals
ok 6 - Equals
ok 7 - Equals
</system-out>
    <testcase name="Equals (16)" classname="spec_perl_TestEnumIf_t" time="0.000436067581176758" />
    <testcase name="Equals (17)" classname="spec_perl_TestEnumIf_t" time="9.17911529541016e-05" />
    <testcase name="Equals (18)" classname="spec_perl_TestEnumIf_t" time="5.81741333007812e-05" />
    <testcase name="Equals (19)" classname="spec_perl_TestEnumIf_t" time="0.000114917755126953" />
    <testcase name="Equals (20)" classname="spec_perl_TestEnumIf_t" time="0.000144004821777344" />
    <testcase name="Equals (21)" classname="spec_perl_TestEnumIf_t" time="0.000144004821777344" />
    <testcase name="Equals (22)" classname="spec_perl_TestEnumIf_t" time="0.000114917755126953" />
  </testsuite>
  <testsuite name="spec_perl_TestZlibSurrounded_t" errors="0" failures="0" skipped="0" tests="1" time="0.0675919055938721">
    <system-out>1..1
ok 1 - Equals
</system-out>
    <testcase name="Equals (23)" classname="spec_perl_TestZlibSurrounded_t" time="0.000672101974487305" />
  </testsuite>
  <testsuite name="spec_perl_TestFloatToI_t" errors="0" failures="0" skipped="0" tests="8" time="0.044935941696167">
    <system-out>1..8
ok 1 - Equals
ok 2 - Equals
ok 3 - Equals
ok 4 - Equals
ok 5 - Equals
ok 6 - Equals
ok 7 - Equals
ok 8 - Equals
</system-out>
    <testcase name="Equals (24)" classname="spec_perl_TestFloatToI_t" time="0.000258922576904297" />
    <testcase name="Equals (25)" classname="spec_perl_TestFloatToI_t" time="0.000195026397705078" />
    <testcase name="Equals (26)" classname="spec_perl_TestFloatToI_t" time="7.60555267333984e-05" />
    <testcase name="Equals (27)" classname="spec_perl_TestFloatToI_t" time="5.88893890380859e-05" />
    <testcase name="Equals (28)" classname="spec_perl_TestFloatToI_t" time="0.000120162963867188" />
    <testcase name="Equals (29)" classname="spec_perl_TestFloatToI_t" time="0.000134944915771484" />
    <testcase name="Equals (30)" classname="spec_perl_TestFloatToI_t" time="0.000153064727783203" />
    <testcase name="Equals (31)" classname="spec_perl_TestFloatToI_t" time="0.000117778778076172" />
  </testsuite>
  <testsuite name="spec_perl_TestSwitchIntegers2_t" errors="0" failures="0" skipped="0" tests="5" time="0.0478839874267578">
    <system-out>1..5
ok 1 - Equals
ok 2 - Equals
ok 3 - Equals
ok 4 - Equals
ok 5 - Equals
</system-out>
    <testcase name="Equals (32)" classname="spec_perl_TestSwitchIntegers2_t" time="0.000261068344116211" />
    <testcase name="Equals (33)" classname="spec_perl_TestSwitchIntegers2_t" time="7.79628753662109e-05" />
    <testcase name="Equals (34)" classname="spec_perl_TestSwitchIntegers2_t" time="0.000149965286254883" />
    <testcase name="Equals (35)" classname="spec_perl_TestSwitchIntegers2_t" time="0.000139951705932617" />
    <testcase name="Equals (36)" classname="spec_perl_TestSwitchIntegers2_t" time="0.000143051147460938" />
  </testsuite>
  <testsuite name="spec_perl_TestParamsPassArrayStruct_t" errors="0" failures="1" skipped="2" tests="3" time="0.0491340160369873">
    <system-out>1..3
not ok 1 - test_params_pass_array_struct died (Can't use an undefined value as an ARRAY reference at spec/perl/TestParamsPassArrayStruct.t line 15.)
ok 2 # skip test_params_pass_array_struct died
ok 3 # skip test_params_pass_array_struct died
</system-out>
    <testcase name="test_params_pass_array_struct died (Can't use an undefined value as an ARRAY reference at spec/perl/TestParamsPassArrayStruct.t line 15.) (36)" classname="spec_perl_TestParamsPassArrayStruct_t" time="0.000345945358276367">
      <failure message="not ok 1 - test_params_pass_array_struct died (Can't use an undefined value as an ARRAY reference at spec/perl/TestParamsPassArrayStruct.t line 15.)" type="TAP::Parser::Result::Test"></failure>
    </testcase>
    <testcase name="Unnamed test case 36" classname="spec_perl_TestParamsPassArrayStruct_t" time="0.000451087951660156">
      <skipped message="ok 2 # skip test_params_pass_array_struct died" />
    </testcase>
    <testcase name="Unnamed test case 37" classname="spec_perl_TestParamsPassArrayStruct_t" time="0.000324010848999023">
      <skipped message="ok 3 # skip test_params_pass_array_struct died" />
    </testcase>
  </testsuite>
  <testsuite name="spec_perl_TestPositionInSeq_t" errors="0" failures="0" skipped="0" tests="1" time="0.0446059703826904">
    <system-out>1..1
ok 1 - Equals
</system-out>
    <testcase name="Equals (37)" classname="spec_perl_TestPositionInSeq_t" time="0.000259876251220703" />
  </testsuite>
  <testsuite name="spec_perl_TestParamsPassStruct_t" errors="0" failures="1" skipped="1" tests="4" time="0.0511500835418701">
    <system-out>1..4
ok 1 - Equals
ok 2 - Equals
not ok 3 - test_params_pass_struct died (Can't call method &quot;foo&quot; on an undefined value at spec/perl/TestParamsPassStruct.t line 17.)
ok 4 # skip test_params_pass_struct died
</system-out>
    <testcase name="Equals (38)" classname="spec_perl_TestParamsPassStruct_t" time="0.00030207633972168" />
    <testcase name="Equals (39)" classname="spec_perl_TestParamsPassStruct_t" time="8.20159912109375e-05" />
    <testcase name="test_params_pass_struct died (Can't call method &quot;foo&quot; on an undefined value at spec/perl/TestParamsPassStruct.t line 17.) (39)" classname="spec_perl_TestParamsPassStruct_t" time="0.0002899169921875">
      <failure message="not ok 3 - test_params_pass_struct died (Can't call method &quot;foo&quot; on an undefined value at spec/perl/TestParamsPassStruct.t line 17.)" type="TAP::Parser::Result::Test"></failure>
    </testcase>
    <testcase name="Unnamed test case 39" classname="spec_perl_TestParamsPassStruct_t" time="0.000459194183349609">
      <skipped message="ok 4 # skip test_params_pass_struct died" />
    </testcase>
  </testsuite>
  <testsuite name="spec_perl_TestNonStandard_t" errors="0" failures="0" skipped="0" tests="1" time="0.0445280075073242">
    <system-out>1..1
ok 1 - Equals
</system-out>
    <testcase name="Equals (40)" classname="spec_perl_TestNonStandard_t" time="0.000247001647949219" />
  </testsuite>
  <testsuite name="spec_perl_TestImportsAbsRel_t" errors="0" failures="0" skipped="0" tests="3" time="0.0448939800262451">
    <system-out>1..3
ok 1 - Equals
ok 2 - Equals
ok 3 - Equals
</system-out>
    <testcase name="Equals (41)" classname="spec_perl_TestImportsAbsRel_t" time="0.000283002853393555" />
    <testcase name="Equals (42)" classname="spec_perl_TestImportsAbsRel_t" time="7.98702239990234e-05" />
    <testcase name="Equals (43)" classname="spec_perl_TestImportsAbsRel_t" time="0.000145912170410156" />
  </testsuite>
  <testsuite name="spec_perl_TestTypeTernaryOpaque_t" errors="0" failures="0" skipped="0" tests="3" time="0.0550358295440674">
    <system-out>1..3
ok 1 - Equals
ok 2 - Equals
ok 3 - Equals
</system-out>
    <testcase name="Equals (44)" classname="spec_perl_TestTypeTernaryOpaque_t" time="0.000701904296875" />
    <testcase name="Equals (45)" classname="spec_perl_TestTypeTernaryOpaque_t" time="0.000102996826171875" />
    <testcase name="Equals (46)" classname="spec_perl_TestTypeTernaryOpaque_t" time="5.69820404052734e-05" />
  </testsuite>
  <testsuite name="spec_perl_TestEofExceptionBytes_t" errors="0" failures="0" skipped="0" tests="1" time="0.0577571392059326">
    <system-out>1..1
ok 1 - Died
</system-out>
    <testcase name="Died (46)" classname="spec_perl_TestEofExceptionBytes_t" time="0.000185966491699219" />
  </testsuite>
  <testsuite name="spec_perl_TestStrEos_t" errors="0" failures="0" skipped="0" tests="1" time="0.0497128963470459">
    <system-out>1..1
ok 1 - Equals
</system-out>
    <testcase name="Equals (47)" classname="spec_perl_TestStrEos_t" time="0.000313997268676758" />
  </testsuite>
  <testsuite name="spec_perl_TestProcessCoerceUsertype1_t" errors="0" failures="0" skipped="0" tests="4" time="0.0455050468444824">
    <system-out>1..4
ok 1 - Equals
ok 2 - Equals
ok 3 - Equals
ok 4 - Equals
</system-out>
    <testcase name="Equals (48)" classname="spec_perl_TestProcessCoerceUsertype1_t" time="0.000655174255371094" />
    <testcase name="Equals (49)" classname="spec_perl_TestProcessCoerceUsertype1_t" time="0.000101804733276367" />
    <testcase name="Equals (50)" classname="spec_perl_TestProcessCoerceUsertype1_t" time="4.81605529785156e-05" />
    <testcase name="Equals (51)" classname="spec_perl_TestProcessCoerceUsertype1_t" time="5.69820404052734e-05" />
  </testsuite>
  <testsuite name="spec_perl_TestExpr0_t" errors="0" failures="0" skipped="0" tests="2" time="0.0443849563598633">
    <system-out>1..2
ok 1 - Equals
ok 2 - Equals
</system-out>
    <testcase name="Equals (52)" classname="spec_perl_TestExpr0_t" time="0.000230073928833008" />
    <testcase name="Equals (53)" classname="spec_perl_TestExpr0_t" time="7.29560852050781e-05" />
  </testsuite>
  <testsuite name="spec_perl_TestMetaTags_t" errors="0" failures="0" skipped="1" tests="1" time="0.0460610389709473">
    <system-out>1..1
ok 1 # skip MetaTags=HASH(0x135e4e0)
</system-out>
    <testcase name="Unnamed test case 53" classname="spec_perl_TestMetaTags_t" time="0.00136089324951172">
      <skipped message="ok 1 # skip MetaTags=HASH(0x135e4e0)" />
    </testcase>
  </testsuite>
  <testsuite name="spec_perl_TestProcessRepeatUsertype_t" errors="0" failures="0" skipped="0" tests="4" time="0.0476810932159424">
    <system-out>1..4
ok 1 - Equals
ok 2 - Equals
ok 3 - Equals
ok 4 - Equals
</system-out>
    <testcase name="Equals (54)" classname="spec_perl_TestProcessRepeatUsertype_t" time="0.00058293342590332" />
    <testcase name="Equals (55)" classname="spec_perl_TestProcessRepeatUsertype_t" time="0.000102043151855469" />
    <testcase name="Equals (56)" classname="spec_perl_TestProcessRepeatUsertype_t" time="6.00814819335938e-05" />
    <testcase name="Equals (57)" classname="spec_perl_TestProcessRepeatUsertype_t" time="0.000123977661132812" />
  </testsuite>
  <testsuite name="spec_perl_TestStrEncodings_t" errors="0" failures="0" skipped="0" tests="4" time="0.0694699287414551">
    <system-out>1..4
ok 1 - Equals
ok 2 - Equals
ok 3 - Equals
ok 4 - Equals
</system-out>
    <testcase name="Equals (58)" classname="spec_perl_TestStrEncodings_t" time="0.0205008983612061" />
    <testcase name="Equals (59)" classname="spec_perl_TestStrEncodings_t" time="0.000127077102661133" />
    <testcase name="Equals (60)" classname="spec_perl_TestStrEncodings_t" time="9.60826873779297e-05" />
    <testcase name="Equals (61)" classname="spec_perl_TestStrEncodings_t" time="7.60555267333984e-05" />
  </testsuite>
  <testsuite name="spec_perl_TestExprIoPos_t" errors="0" failures="0" skipped="0" tests="6" time="0.0488719940185547">
    <system-out>1..6
ok 1 - Equals
ok 2 - Equals
ok 3 - Equals
ok 4 - Equals
ok 5 - Equals
ok 6 - Equals
</system-out>
    <testcase name="Equals (62)" classname="spec_perl_TestExprIoPos_t" time="0.000664949417114258" />
    <testcase name="Equals (63)" classname="spec_perl_TestExprIoPos_t" time="9.60826873779297e-05" />
    <testcase name="Equals (64)" classname="spec_perl_TestExprIoPos_t" time="5.88893890380859e-05" />
    <testcase name="Equals (65)" classname="spec_perl_TestExprIoPos_t" time="0.000121116638183594" />
    <testcase name="Equals (66)" classname="spec_perl_TestExprIoPos_t" time="0.000128030776977539" />
    <testcase name="Equals (67)" classname="spec_perl_TestExprIoPos_t" time="0.000134944915771484" />
  </testsuite>
  <testsuite name="spec_perl_TestBitsEnum_t" errors="0" failures="0" skipped="0" tests="3" time="0.0447208881378174">
    <system-out>1..3
ok 1 - Equals
ok 2 - Equals
ok 3 - Equals
</system-out>
    <testcase name="Equals (68)" classname="spec_perl_TestBitsEnum_t" time="0.000254154205322266" />
    <testcase name="Equals (69)" classname="spec_perl_TestBitsEnum_t" time="7.70092010498047e-05" />
    <testcase name="Equals (70)" classname="spec_perl_TestBitsEnum_t" time="0.000136852264404297" />
  </testsuite>
  <testsuite name="spec_perl_TestExprBytesLiteral_t" errors="1" failures="0" skipped="0" tests="0" time="0.0472791194915771">
    <system-out></system-out>
    <testcase name="Test died too soon, even before plan. (70)" classname="spec_perl_TestExprBytesLiteral_t" time="0.0472791194915771">
      <failure message="The test suite died before a plan was produced. You need to have a plan." type="Plan">No plan</failure>
    </testcase>
  </testsuite>
  <testsuite name="spec_perl_TestBcdUserTypeLe_t" errors="0" failures="0" skipped="0" tests="6" time="0.0466389656066895">
    <system-out>1..6
ok 1 - Equals
ok 2 - Equals
ok 3 - Equals
ok 4 - Equals
ok 5 - Equals
ok 6 - Equals
</system-out>
    <testcase name="Equals (71)" classname="spec_perl_TestBcdUserTypeLe_t" time="0.000651121139526367" />
    <testcase name="Equals (72)" classname="spec_perl_TestBcdUserTypeLe_t" time="9.48905944824219e-05" />
    <testcase name="Equals (73)" classname="spec_perl_TestBcdUserTypeLe_t" time="0.000133991241455078" />
    <testcase name="Equals (74)" classname="spec_perl_TestBcdUserTypeLe_t" time="0.000138998031616211" />
    <testcase name="Equals (75)" classname="spec_perl_TestBcdUserTypeLe_t" time="0.000167131423950195" />
    <testcase name="Equals (76)" classname="spec_perl_TestBcdUserTypeLe_t" time="0.000159978866577148" />
  </testsuite>
  <testsuite name="spec_perl_TestCastNested_t" errors="0" failures="0" skipped="0" tests="4" time="0.0516719818115234">
    <system-out>1..4
ok 1 - Equals
ok 2 - Equals
ok 3 - Equals
ok 4 - Equals
</system-out>
    <testcase name="Equals (77)" classname="spec_perl_TestCastNested_t" time="0.000377893447875977" />
    <testcase name="Equals (78)" classname="spec_perl_TestCastNested_t" time="0.000211000442504883" />
    <testcase name="Equals (79)" classname="spec_perl_TestCastNested_t" time="0.000212907791137695" />
    <testcase name="Equals (80)" classname="spec_perl_TestCastNested_t" time="0.000187158584594727" />
  </testsuite>
  <testsuite name="spec_perl_TestExprOpsParens_t" errors="1" failures="0" skipped="0" tests="0" time="0.0452158451080322">
    <system-out></system-out>
    <testcase name="Test died too soon, even before plan. (80)" classname="spec_perl_TestExprOpsParens_t" time="0.0452158451080322">
      <failure message="The test suite died before a plan was produced. You need to have a plan." type="Plan">No plan</failure>
    </testcase>
  </testsuite>
  <testsuite name="spec_perl_TestDefaultEndianMod_t" errors="0" failures="0" skipped="0" tests="3" time="0.0444438457489014">
    <system-out>1..3
ok 1 - Equals
ok 2 - Equals
ok 3 - Equals
</system-out>
    <testcase name="Equals (81)" classname="spec_perl_TestDefaultEndianMod_t" time="0.000303030014038086" />
    <testcase name="Equals (82)" classname="spec_perl_TestDefaultEndianMod_t" time="9.39369201660156e-05" />
    <testcase name="Equals (83)" classname="spec_perl_TestDefaultEndianMod_t" time="5.91278076171875e-05" />
  </testsuite>
  <testsuite name="spec_perl_TestSwitchManualIntSizeElse_t" errors="0" failures="0" skipped="0" tests="10" time="0.049515962600708">
    <system-out>1..10
ok 1 - Equals
ok 2 - Equals
ok 3 - Equals
ok 4 - Equals
ok 5 - Equals
ok 6 - Equals
ok 7 - Equals
ok 8 - Equals
ok 9 - Equals
ok 10 - Equals
</system-out>
    <testcase name="Equals (84)" classname="spec_perl_TestSwitchManualIntSizeElse_t" time="0.000787973403930664" />
    <testcase name="Equals (85)" classname="spec_perl_TestSwitchManualIntSizeElse_t" time="0.000100851058959961" />
    <testcase name="Equals (86)" classname="spec_perl_TestSwitchManualIntSizeElse_t" time="5.81741333007812e-05" />
    <testcase name="Equals (87)" classname="spec_perl_TestSwitchManualIntSizeElse_t" time="0.000108003616333008" />
    <testcase name="Equals (88)" classname="spec_perl_TestSwitchManualIntSizeElse_t" time="0.000134944915771484" />
    <testcase name="Equals (89)" classname="spec_perl_TestSwitchManualIntSizeElse_t" time="0.000189065933227539" />
    <testcase name="Equals (90)" classname="spec_perl_TestSwitchManualIntSizeElse_t" time="0.000134944915771484" />
    <testcase name="Equals (91)" classname="spec_perl_TestSwitchManualIntSizeElse_t" time="0.00014805793762207" />
    <testcase name="Equals (92)" classname="spec_perl_TestSwitchManualIntSizeElse_t" time="0.00013279914855957" />
    <testcase name="Equals (93)" classname="spec_perl_TestSwitchManualIntSizeElse_t" time="0.000142097473144531" />
  </testsuite>
  <testsuite name="spec_perl_TestPositionToEnd_t" errors="0" failures="0" skipped="0" tests="2" time="0.0441691875457764">
    <system-out>1..2
ok 1 - Equals
ok 2 - Equals
</system-out>
    <testcase name="Equals (94)" classname="spec_perl_TestPositionToEnd_t" time="0.000270843505859375" />
    <testcase name="Equals (95)" classname="spec_perl_TestPositionToEnd_t" time="7.91549682617188e-05" />
  </testsuite>
  <testsuite name="spec_perl_TestCombineBool_t" errors="0" failures="0" skipped="0" tests="2" time="0.045522928237915">
    <system-out>1..2
ok 1 - Equals
ok 2 - Equals
</system-out>
    <testcase name="Equals (96)" classname="spec_perl_TestCombineBool_t" time="0.000334978103637695" />
    <testcase name="Equals (97)" classname="spec_perl_TestCombineBool_t" time="8.79764556884766e-05" />
  </testsuite>
  <testsuite name="spec_perl_TestNavParentSwitch_t" errors="0" failures="0" skipped="0" tests="3" time="0.0450379848480225">
    <system-out>1..3
ok 1 - Equals
ok 2 - Equals
ok 3 - Equals
</system-out>
    <testcase name="Equals (98)" classname="spec_perl_TestNavParentSwitch_t" time="0.000252962112426758" />
    <testcase name="Equals (99)" classname="spec_perl_TestNavParentSwitch_t" time="0.000103950500488281" />
    <testcase name="Equals (100)" classname="spec_perl_TestNavParentSwitch_t" time="0.000194072723388672" />
  </testsuite>
  <testsuite name="spec_perl_TestMetaXref_t" errors="0" failures="0" skipped="1" tests="1" time="0.0448160171508789">
    <system-out>1..1
ok 1 # skip MetaXref=HASH(0x130d508)
</system-out>
    <testcase name="Unnamed test case 100" classname="spec_perl_TestMetaXref_t" time="0.00134992599487305">
      <skipped message="ok 1 # skip MetaXref=HASH(0x130d508)" />
    </testcase>
  </testsuite>
  <testsuite name="spec_perl_TestEnumDeep_t" errors="0" failures="0" skipped="0" tests="2" time="0.0439720153808594">
    <system-out>1..2
ok 1 - Equals
ok 2 - Equals
</system-out>
    <testcase name="Equals (101)" classname="spec_perl_TestEnumDeep_t" time="0.00017094612121582" />
    <testcase name="Equals (102)" classname="spec_perl_TestEnumDeep_t" time="0.000153064727783203" />
  </testsuite>
  <testsuite name="spec_perl_TestDefaultEndianExprInherited_t" errors="0" failures="0" skipped="0" tests="15" time="0.0478649139404297">
    <system-out>1..15
ok 1 - Equals
ok 2 - Equals
ok 3 - Equals
ok 4 - Equals
ok 5 - Equals
ok 6 - Equals
ok 7 - Equals
ok 8 - Equals
ok 9 - Equals
ok 10 - Equals
ok 11 - Equals
ok 12 - Equals
ok 13 - Equals
ok 14 - Equals
ok 15 - Equals
</system-out>
    <testcase name="Equals (103)" classname="spec_perl_TestDefaultEndianExprInherited_t" time="0.000399112701416016" />
    <testcase name="Equals (104)" classname="spec_perl_TestDefaultEndianExprInherited_t" time="8.89301300048828e-05" />
    <testcase name="Equals (105)" classname="spec_perl_TestDefaultEndianExprInherited_t" time="5.69820404052734e-05" />
    <testcase name="Equals (106)" classname="spec_perl_TestDefaultEndianExprInherited_t" time="0.000106096267700195" />
    <testcase name="Equals (107)" classname="spec_perl_TestDefaultEndianExprInherited_t" time="0.000156879425048828" />
    <testcase name="Equals (108)" classname="spec_perl_TestDefaultEndianExprInherited_t" time="0.000149011611938477" />
    <testcase name="Equals (109)" classname="spec_perl_TestDefaultEndianExprInherited_t" time="0.000117063522338867" />
    <testcase name="Equals (110)" classname="spec_perl_TestDefaultEndianExprInherited_t" time="0.000144004821777344" />
    <testcase name="Equals (111)" classname="spec_perl_TestDefaultEndianExprInherited_t" time="0.000126123428344727" />
    <testcase name="Equals (112)" classname="spec_perl_TestDefaultEndianExprInherited_t" time="0.000154972076416016" />
    <testcase name="Equals (113)" classname="spec_perl_TestDefaultEndianExprInherited_t" time="0.000123023986816406" />
    <testcase name="Equals (114)" classname="spec_perl_TestDefaultEndianExprInherited_t" time="0.000121831893920898" />
    <testcase name="Equals (115)" classname="spec_perl_TestDefaultEndianExprInherited_t" time="0.000158071517944336" />
    <testcase name="Equals (116)" classname="spec_perl_TestDefaultEndianExprInherited_t" time="0.0001220703125" />
    <testcase name="Equals (117)" classname="spec_perl_TestDefaultEndianExprInherited_t" time="0.000151872634887695" />
  </testsuite>
  <testsuite name="spec_perl_TestRepeatNStruct_t" errors="0" failures="0" skipped="0" tests="5" time="0.0447778701782227">
    <system-out>1..5
ok 1 - Equals
ok 2 - Equals
ok 3 - Equals
ok 4 - Equals
ok 5 - Equals
</system-out>
    <testcase name="Equals (118)" classname="spec_perl_TestRepeatNStruct_t" time="0.000324010848999023" />
    <testcase name="Equals (119)" classname="spec_perl_TestRepeatNStruct_t" time="8.67843627929688e-05" />
    <testcase name="Equals (120)" classname="spec_perl_TestRepeatNStruct_t" time="5.81741333007812e-05" />
    <testcase name="Equals (121)" classname="spec_perl_TestRepeatNStruct_t" time="0.00020289421081543" />
    <testcase name="Equals (122)" classname="spec_perl_TestRepeatNStruct_t" time="6.91413879394531e-05" />
  </testsuite>
  <testsuite name="spec_perl_TestDocstrings_t" errors="0" failures="0" skipped="1" tests="1" time="0.0448000431060791">
    <system-out>1..1
ok 1 # skip Docstrings=HASH(0x2b2e178)
</system-out>
    <testcase name="Unnamed test case 122" classname="spec_perl_TestDocstrings_t" time="0.00127506256103516">
      <skipped message="ok 1 # skip Docstrings=HASH(0x2b2e178)" />
    </testcase>
  </testsuite>
  <testsuite name="spec_perl_TestNestedSameName_t" errors="0" failures="0" skipped="0" tests="2" time="0.045231819152832">
    <system-out>1..2
ok 1 - Equals
ok 2 - Equals
</system-out>
    <testcase name="Equals (123)" classname="spec_perl_TestNestedSameName_t" time="0.00026702880859375" />
    <testcase name="Equals (124)" classname="spec_perl_TestNestedSameName_t" time="8.10623168945312e-05" />
  </testsuite>
  <testsuite name="spec_perl_TestEnumToIClassBorder1_t" errors="0" failures="1" skipped="0" tests="3" time="0.0468239784240723">
    <system-out>1..3
ok 1 - Equals
ok 2 - Equals
not ok 3 - test_enum_to_i_class_border_1 died (Can't call method &quot;some_dog&quot; on an undefined value at compiled/perl/EnumToIClassBorder2.pm line 42.)
</system-out>
    <testcase name="Equals (125)" classname="spec_perl_TestEnumToIClassBorder1_t" time="0.000185966491699219" />
    <testcase name="Equals (126)" classname="spec_perl_TestEnumToIClassBorder1_t" time="0.000123023986816406" />
    <testcase name="test_enum_to_i_class_border_1 died (Can't call method &quot;some_dog&quot; on an undefined value at compiled/perl/EnumToIClassBorder2.pm line 42.) (126)" classname="spec_perl_TestEnumToIClassBorder1_t" time="0.000269889831542969">
      <failure message="not ok 3 - test_enum_to_i_class_border_1 died (Can't call method &quot;some_dog&quot; on an undefined value at compiled/perl/EnumToIClassBorder2.pm line 42.)" type="TAP::Parser::Result::Test"></failure>
    </testcase>
  </testsuite>
  <testsuite name="spec_perl_TestNestedTypes_t" errors="0" failures="0" skipped="0" tests="3" time="0.0446679592132568">
    <system-out>1..3
ok 1 - Equals
ok 2 - Equals
ok 3 - Equals
</system-out>
    <testcase name="Equals (127)" classname="spec_perl_TestNestedTypes_t" time="0.000252008438110352" />
    <testcase name="Equals (128)" classname="spec_perl_TestNestedTypes_t" time="7.58171081542969e-05" />
    <testcase name="Equals (129)" classname="spec_perl_TestNestedTypes_t" time="0.000133991241455078" />
  </testsuite>
  <testsuite name="spec_perl_TestDebug0_t" errors="0" failures="0" skipped="1" tests="1" time="0.0455801486968994">
    <system-out>1..1
ok 1 # skip test_debug_0
</system-out>
    <testcase name="Unnamed test case 129" classname="spec_perl_TestDebug0_t" time="0.000313997268676758">
      <skipped message="ok 1 # skip test_debug_0" />
    </testcase>
  </testsuite>
  <testsuite name="spec_perl_TestProcessToUser_t" errors="0" failures="0" skipped="0" tests="1" time="0.0499510765075684">
    <system-out>1..1
ok 1 - Equals
</system-out>
    <testcase name="Equals (130)" classname="spec_perl_TestProcessToUser_t" time="0.000663995742797852" />
  </testsuite>
  <testsuite name="spec_perl_TestSwitchCast_t" errors="0" failures="0" skipped="0" tests="2" time="0.0483319759368896">
    <system-out>1..2
ok 1 - Equals
ok 2 - Equals
</system-out>
    <testcase name="Equals (131)" classname="spec_perl_TestSwitchCast_t" time="0.000357151031494141" />
    <testcase name="Equals (132)" classname="spec_perl_TestSwitchCast_t" time="0.000100851058959961" />
  </testsuite>
  <testsuite name="spec_perl_TestExprBits_t" errors="0" failures="0" skipped="0" tests="10" time="0.0477471351623535">
    <system-out>1..10
ok 1 - Equals
ok 2 - Equals
ok 3 - Equals
ok 4 - Equals
ok 5 - Equals
ok 6 - Equals
ok 7 - Equals
ok 8 - Equals
ok 9 - Equals
ok 10 - Equals
</system-out>
    <testcase name="Equals (133)" classname="spec_perl_TestExprBits_t" time="0.000284194946289062" />
    <testcase name="Equals (134)" classname="spec_perl_TestExprBits_t" time="9.08374786376953e-05" />
    <testcase name="Equals (135)" classname="spec_perl_TestExprBits_t" time="0.000117063522338867" />
    <testcase name="Equals (136)" classname="spec_perl_TestExprBits_t" time="0.000138044357299805" />
    <testcase name="Equals (137)" classname="spec_perl_TestExprBits_t" time="0.000113964080810547" />
    <testcase name="Equals (138)" classname="spec_perl_TestExprBits_t" time="0.000149011611938477" />
    <testcase name="Equals (139)" classname="spec_perl_TestExprBits_t" time="0.000114917755126953" />
    <testcase name="Equals (140)" classname="spec_perl_TestExprBits_t" time="0.000288963317871094" />
    <testcase name="Equals (141)" classname="spec_perl_TestExprBits_t" time="0.000154018402099609" />
    <testcase name="Equals (142)" classname="spec_perl_TestExprBits_t" time="0.000192165374755859" />
  </testsuite>
  <testsuite name="spec_perl_TestJsSignedRightShift_t" errors="0" failures="0" skipped="0" tests="2" time="0.0466361045837402">
    <system-out>1..2
ok 1 - Equals
ok 2 - Equals
</system-out>
    <testcase name="Equals (143)" classname="spec_perl_TestJsSignedRightShift_t" time="0.000281095504760742" />
    <testcase name="Equals (144)" classname="spec_perl_TestJsSignedRightShift_t" time="8.10623168945312e-05" />
  </testsuite>
  <testsuite name="spec_perl_TestEnumNegative_t" errors="0" failures="0" skipped="0" tests="2" time="0.0464878082275391">
    <system-out>1..2
ok 1 - Equals
ok 2 - Equals
</system-out>
    <testcase name="Equals (145)" classname="spec_perl_TestEnumNegative_t" time="0.000234127044677734" />
    <testcase name="Equals (146)" classname="spec_perl_TestEnumNegative_t" time="9.98973846435547e-05" />
  </testsuite>
  <testsuite name="spec_perl_TestEnumLongRangeU_t" errors="0" failures="0" skipped="0" tests="4" time="0.0464358329772949">
    <system-out>1..4
ok 1 - Equals
ok 2 - Equals
ok 3 - Equals
ok 4 - Equals
</system-out>
    <testcase name="Equals (147)" classname="spec_perl_TestEnumLongRangeU_t" time="0.000294923782348633" />
    <testcase name="Equals (148)" classname="spec_perl_TestEnumLongRangeU_t" time="9.10758972167969e-05" />
    <testcase name="Equals (149)" classname="spec_perl_TestEnumLongRangeU_t" time="9.10758972167969e-05" />
    <testcase name="Equals (150)" classname="spec_perl_TestEnumLongRangeU_t" time="0.000144004821777344" />
  </testsuite>
  <testsuite name="spec_perl_TestNavParentSwitchCast_t" errors="0" failures="0" skipped="0" tests="3" time="0.0447859764099121">
    <system-out>1..3
ok 1 - Equals
ok 2 - Equals
ok 3 - Equals
</system-out>
    <testcase name="Equals (151)" classname="spec_perl_TestNavParentSwitchCast_t" time="0.000571966171264648" />
    <testcase name="Equals (152)" classname="spec_perl_TestNavParentSwitchCast_t" time="0.000102043151855469" />
    <testcase name="Equals (153)" classname="spec_perl_TestNavParentSwitchCast_t" time="0.000133037567138672" />
  </testsuite>
  <testsuite name="spec_perl_TestSwitchManualEnumInvalidElse_t" errors="0" failures="0" skipped="0" tests="5" time="0.0500309467315674">
    <system-out>1..5
ok 1 - Equals
ok 2 - Equals
ok 3 - Equals
ok 4 - Equals
ok 5 - Equals
</system-out>
    <testcase name="Equals (154)" classname="spec_perl_TestSwitchManualEnumInvalidElse_t" time="0.000290870666503906" />
    <testcase name="Equals (155)" classname="spec_perl_TestSwitchManualEnumInvalidElse_t" time="8.89301300048828e-05" />
    <testcase name="Equals (156)" classname="spec_perl_TestSwitchManualEnumInvalidElse_t" time="0.000116109848022461" />
    <testcase name="Equals (157)" classname="spec_perl_TestSwitchManualEnumInvalidElse_t" time="0.000136852264404297" />
    <testcase name="Equals (158)" classname="spec_perl_TestSwitchManualEnumInvalidElse_t" time="0.000133037567138672" />
  </testsuite>
  <testsuite name="spec_perl_TestInstanceIoUser_t" errors="0" failures="0" skipped="0" tests="4" time="0.0832338333129883">
    <system-out>1..4
ok 1 - Equals
ok 2 - Equals
ok 3 - Equals
ok 4 - Equals
</system-out>
    <testcase name="Equals (159)" classname="spec_perl_TestInstanceIoUser_t" time="0.00099492073059082" />
    <testcase name="Equals (160)" classname="spec_perl_TestInstanceIoUser_t" time="0.00030517578125" />
    <testcase name="Equals (161)" classname="spec_perl_TestInstanceIoUser_t" time="0.000131845474243164" />
    <testcase name="Equals (162)" classname="spec_perl_TestInstanceIoUser_t" time="0.000153064727783203" />
  </testsuite>
  <testsuite name="spec_perl_TestTermStrz_t" errors="0" failures="0" skipped="0" tests="3" time="0.0477550029754639">
    <system-out>1..3
ok 1 - Equals
ok 2 - Equals
ok 3 - Equals
</system-out>
    <testcase name="Equals (163)" classname="spec_perl_TestTermStrz_t" time="0.000351905822753906" />
    <testcase name="Equals (164)" classname="spec_perl_TestTermStrz_t" time="8.79764556884766e-05" />
    <testcase name="Equals (165)" classname="spec_perl_TestTermStrz_t" time="5.91278076171875e-05" />
  </testsuite>
  <testsuite name="spec_perl_TestEnumImport_t" errors="0" failures="2" skipped="0" tests="2" time="0.049293041229248">
    <system-out>1..2
not ok 1 - Equals
not ok 2 - Equals
</system-out>
    <testcase name="Equals (166)" classname="spec_perl_TestEnumImport_t" time="0.000157833099365234">
      <failure message="not ok 1 - Equals" type="TAP::Parser::Result::Test"></failure>
    </testcase>
    <testcase name="Equals (167)" classname="spec_perl_TestEnumImport_t" time="5.19752502441406e-05">
      <failure message="not ok 2 - Equals" type="TAP::Parser::Result::Test"></failure>
    </testcase>
  </testsuite>
  <testsuite name="spec_perl_TestSwitchIntegers_t" errors="0" failures="0" skipped="0" tests="9" time="0.0521419048309326">
    <system-out>1..9
ok 1 - Equals
ok 2 - Equals
ok 3 - Equals
ok 4 - Equals
ok 5 - Equals
ok 6 - Equals
ok 7 - Equals
ok 8 - Equals
ok 9 - Equals
</system-out>
    <testcase name="Equals (168)" classname="spec_perl_TestSwitchIntegers_t" time="0.000447988510131836" />
    <testcase name="Equals (169)" classname="spec_perl_TestSwitchIntegers_t" time="0.000102996826171875" />
    <testcase name="Equals (170)" classname="spec_perl_TestSwitchIntegers_t" time="6.19888305664062e-05" />
    <testcase name="Equals (171)" classname="spec_perl_TestSwitchIntegers_t" time="9.08374786376953e-05" />
    <testcase name="Equals (172)" classname="spec_perl_TestSwitchIntegers_t" time="0.000159978866577148" />
    <testcase name="Equals (173)" classname="spec_perl_TestSwitchIntegers_t" time="0.000151157379150391" />
    <testcase name="Equals (174)" classname="spec_perl_TestSwitchIntegers_t" time="0.000159978866577148" />
    <testcase name="Equals (175)" classname="spec_perl_TestSwitchIntegers_t" time="0.000123023986816406" />
    <testcase name="Equals (176)" classname="spec_perl_TestSwitchIntegers_t" time="0.000172853469848633" />
  </testsuite>
  <testsuite name="spec_perl_TestProcessCustom_t" errors="1" failures="0" skipped="0" tests="0" time="0.0442278385162354">
    <system-out></system-out>
    <testcase name="Test died too soon, even before plan. (176)" classname="spec_perl_TestProcessCustom_t" time="0.0442278385162354">
      <failure message="The test suite died before a plan was produced. You need to have a plan." type="Plan">No plan</failure>
    </testcase>
  </testsuite>
  <testsuite name="spec_perl_TestDocstringsDocrefMulti_t" errors="0" failures="0" skipped="1" tests="1" time="0.0456180572509766">
    <system-out>1..1
ok 1 # skip DocstringsDocrefMulti=HASH(0x2c71240)
</system-out>
    <testcase name="Unnamed test case 176" classname="spec_perl_TestDocstringsDocrefMulti_t" time="0.00109505653381348">
      <skipped message="ok 1 # skip DocstringsDocrefMulti=HASH(0x2c71240)" />
    </testcase>
  </testsuite>
  <testsuite name="spec_perl_TestRecursiveOne_t" errors="0" failures="0" skipped="0" tests="4" time="0.0450000762939453">
    <system-out>1..4
ok 1 - Equals
ok 2 - Equals
ok 3 - Equals
ok 4 - Equals
</system-out>
    <testcase name="Equals (177)" classname="spec_perl_TestRecursiveOne_t" time="0.000247955322265625" />
    <testcase name="Equals (178)" classname="spec_perl_TestRecursiveOne_t" time="7.79628753662109e-05" />
    <testcase name="Equals (179)" classname="spec_perl_TestRecursiveOne_t" time="0.000124216079711914" />
    <testcase name="Equals (180)" classname="spec_perl_TestRecursiveOne_t" time="0.000136852264404297" />
  </testsuite>
  <testsuite name="spec_perl_TestIfInstances_t" errors="0" failures="0" skipped="0" tests="1" time="0.0435121059417725">
    <system-out>1..1
ok 1 - nil
</system-out>
    <testcase name="nil (180)" classname="spec_perl_TestIfInstances_t" time="0.000165939331054688" />
  </testsuite>
  <testsuite name="spec_perl_TestSwitchManualIntElse_t" errors="0" failures="0" skipped="0" tests="9" time="0.051285982131958">
    <system-out>1..9
ok 1 - Equals
ok 2 - Equals
ok 3 - Equals
ok 4 - Equals
ok 5 - Equals
ok 6 - Equals
ok 7 - Equals
ok 8 - Equals
ok 9 - Equals
</system-out>
    <testcase name="Equals (181)" classname="spec_perl_TestSwitchManualIntElse_t" time="0.000361919403076172" />
    <testcase name="Equals (182)" classname="spec_perl_TestSwitchManualIntElse_t" time="8.60691070556641e-05" />
    <testcase name="Equals (183)" classname="spec_perl_TestSwitchManualIntElse_t" time="0.000146865844726562" />
    <testcase name="Equals (184)" classname="spec_perl_TestSwitchManualIntElse_t" time="0.000133037567138672" />
    <testcase name="Equals (185)" classname="spec_perl_TestSwitchManualIntElse_t" time="0.000179052352905273" />
    <testcase name="Equals (186)" classname="spec_perl_TestSwitchManualIntElse_t" time="0.000114917755126953" />
    <testcase name="Equals (187)" classname="spec_perl_TestSwitchManualIntElse_t" time="0.000149011611938477" />
    <testcase name="Equals (188)" classname="spec_perl_TestSwitchManualIntElse_t" time="0.000123023986816406" />
    <testcase name="Equals (189)" classname="spec_perl_TestSwitchManualIntElse_t" time="0.000159025192260742" />
  </testsuite>
  <testsuite name="spec_perl_TestStrPadTerm_t" errors="0" failures="0" skipped="0" tests="4" time="0.0521929264068604">
    <system-out>1..4
ok 1 - Equals
ok 2 - Equals
ok 3 - Equals
ok 4 - Equals
</system-out>
    <testcase name="Equals (190)" classname="spec_perl_TestStrPadTerm_t" time="0.000366926193237305" />
    <testcase name="Equals (191)" classname="spec_perl_TestStrPadTerm_t" time="8.89301300048828e-05" />
    <testcase name="Equals (192)" classname="spec_perl_TestStrPadTerm_t" time="5.91278076171875e-05" />
    <testcase name="Equals (193)" classname="spec_perl_TestStrPadTerm_t" time="0.000160932540893555" />
  </testsuite>
  <testsuite name="spec_perl_TestExprCalcArrayOps_t" errors="0" failures="1" skipped="17" tests="18" time="0.0622091293334961">
    <system-out>1..18
not ok 1 - test_expr_calc_array_ops died (Can't use string (&quot;1000&quot;) as an ARRAY ref while &quot;strict refs&quot; in use at compiled/perl/ExprCalcArrayOps.pm line 50.)
ok 2 # skip test_expr_calc_array_ops died
ok 3 # skip test_expr_calc_array_ops died
ok 4 # skip test_expr_calc_array_ops died
ok 5 # skip test_expr_calc_array_ops died
ok 6 # skip test_expr_calc_array_ops died
ok 7 # skip test_expr_calc_array_ops died
ok 8 # skip test_expr_calc_array_ops died
ok 9 # skip test_expr_calc_array_ops died
ok 10 # skip test_expr_calc_array_ops died
ok 11 # skip test_expr_calc_array_ops died
ok 12 # skip test_expr_calc_array_ops died
ok 13 # skip test_expr_calc_array_ops died
ok 14 # skip test_expr_calc_array_ops died
ok 15 # skip test_expr_calc_array_ops died
ok 16 # skip test_expr_calc_array_ops died
ok 17 # skip test_expr_calc_array_ops died
ok 18 # skip test_expr_calc_array_ops died
</system-out>
    <testcase name="test_expr_calc_array_ops died (Can't use string (&quot;1000&quot;) as an ARRAY ref while &quot;strict refs&quot; in use at compiled/perl/ExprCalcArrayOps.pm line 50.) (193)" classname="spec_perl_TestExprCalcArrayOps_t" time="0.000931978225708008">
      <failure message="not ok 1 - test_expr_calc_array_ops died (Can't use string (&quot;1000&quot;) as an ARRAY ref while &quot;strict refs&quot; in use at compiled/perl/ExprCalcArrayOps.pm line 50.)" type="TAP::Parser::Result::Test"></failure>
    </testcase>
    <testcase name="Unnamed test case 193" classname="spec_perl_TestExprCalcArrayOps_t" time="0.00107598304748535">
      <skipped message="ok 2 # skip test_expr_calc_array_ops died" />
    </testcase>
    <testcase name="Unnamed test case 194" classname="spec_perl_TestExprCalcArrayOps_t" time="0.000344991683959961">
      <skipped message="ok 3 # skip test_expr_calc_array_ops died" />
    </testcase>
    <testcase name="Unnamed test case 195" classname="spec_perl_TestExprCalcArrayOps_t" time="0.000247955322265625">
      <skipped message="ok 4 # skip test_expr_calc_array_ops died" />
    </testcase>
    <testcase name="Unnamed test case 196" classname="spec_perl_TestExprCalcArrayOps_t" time="0.000243902206420898">
      <skipped message="ok 5 # skip test_expr_calc_array_ops died" />
    </testcase>
    <testcase name="Unnamed test case 197" classname="spec_perl_TestExprCalcArrayOps_t" time="0.000217199325561523">
      <skipped message="ok 6 # skip test_expr_calc_array_ops died" />
    </testcase>
    <testcase name="Unnamed test case 198" classname="spec_perl_TestExprCalcArrayOps_t" time="0.000216007232666016">
      <skipped message="ok 7 # skip test_expr_calc_array_ops died" />
    </testcase>
    <testcase name="Unnamed test case 199" classname="spec_perl_TestExprCalcArrayOps_t" time="0.000209808349609375">
      <skipped message="ok 8 # skip test_expr_calc_array_ops died" />
    </testcase>
    <testcase name="Unnamed test case 200" classname="spec_perl_TestExprCalcArrayOps_t" time="0.000224113464355469">
      <skipped message="ok 9 # skip test_expr_calc_array_ops died" />
    </testcase>
    <testcase name="Unnamed test case 201" classname="spec_perl_TestExprCalcArrayOps_t" time="0.000221967697143555">
      <skipped message="ok 10 # skip test_expr_calc_array_ops died" />
    </testcase>
    <testcase name="Unnamed test case 202" classname="spec_perl_TestExprCalcArrayOps_t" time="0.000216960906982422">
      <skipped message="ok 11 # skip test_expr_calc_array_ops died" />
    </testcase>
    <testcase name="Unnamed test case 203" classname="spec_perl_TestExprCalcArrayOps_t" time="0.000288963317871094">
      <skipped message="ok 12 # skip test_expr_calc_array_ops died" />
    </testcase>
    <testcase name="Unnamed test case 204" classname="spec_perl_TestExprCalcArrayOps_t" time="0.000352144241333008">
      <skipped message="ok 13 # skip test_expr_calc_array_ops died" />
    </testcase>
    <testcase name="Unnamed test case 205" classname="spec_perl_TestExprCalcArrayOps_t" time="0.00034785270690918">
      <skipped message="ok 14 # skip test_expr_calc_array_ops died" />
    </testcase>
    <testcase name="Unnamed test case 206" classname="spec_perl_TestExprCalcArrayOps_t" time="0.000349044799804688">
      <skipped message="ok 15 # skip test_expr_calc_array_ops died" />
    </testcase>
    <testcase name="Unnamed test case 207" classname="spec_perl_TestExprCalcArrayOps_t" time="0.000355958938598633">
      <skipped message="ok 16 # skip test_expr_calc_array_ops died" />
    </testcase>
    <testcase name="Unnamed test case 208" classname="spec_perl_TestExprCalcArrayOps_t" time="0.00038599967956543">
      <skipped message="ok 17 # skip test_expr_calc_array_ops died" />
    </testcase>
    <testcase name="Unnamed test case 209" classname="spec_perl_TestExprCalcArrayOps_t" time="0.000327110290527344">
      <skipped message="ok 18 # skip test_expr_calc_array_ops died" />
    </testcase>
  </testsuite>
  <testsuite name="spec_perl_TestDefaultBigEndian_t" errors="0" failures="0" skipped="0" tests="1" time="0.0483200550079346">
    <system-out>1..1
ok 1 - Equals
</system-out>
    <testcase name="Equals (209)" classname="spec_perl_TestDefaultBigEndian_t" time="0.000224113464355469" />
  </testsuite>
  <testsuite name="spec_perl_TestEnumIntRangeU_t" errors="0" failures="0" skipped="0" tests="2" time="0.043917179107666">
    <system-out>1..2
ok 1 - Equals
ok 2 - Equals
</system-out>
    <testcase name="Equals (210)" classname="spec_perl_TestEnumIntRangeU_t" time="0.000307083129882812" />
    <testcase name="Equals (211)" classname="spec_perl_TestEnumIntRangeU_t" time="7.79628753662109e-05" />
  </testsuite>
  <testsuite name="spec_perl_TestIndexToParamUntil_t" errors="0" failures="2" skipped="0" tests="7" time="0.0670080184936523">
    <system-out>1..7
ok 1 - Equals
ok 2 - Equals
ok 3 - Equals
ok 4 - Equals
ok 5 - Equals
not ok 6 - Equals
not ok 7 - Equals
</system-out>
    <testcase name="Equals (212)" classname="spec_perl_TestIndexToParamUntil_t" time="0.000554084777832031" />
    <testcase name="Equals (213)" classname="spec_perl_TestIndexToParamUntil_t" time="0.000407934188842773" />
    <testcase name="Equals (214)" classname="spec_perl_TestIndexToParamUntil_t" time="0.000385046005249023" />
    <testcase name="Equals (215)" classname="spec_perl_TestIndexToParamUntil_t" time="0.000320911407470703" />
    <testcase name="Equals (216)" classname="spec_perl_TestIndexToParamUntil_t" time="0.000358104705810547" />
    <testcase name="Equals (217)" classname="spec_perl_TestIndexToParamUntil_t" time="0.000416040420532227">
      <failure message="not ok 6 - Equals" type="TAP::Parser::Result::Test"></failure>
    </testcase>
    <testcase name="Equals (218)" classname="spec_perl_TestIndexToParamUntil_t" time="0.00109004974365234">
      <failure message="not ok 7 - Equals" type="TAP::Parser::Result::Test"></failure>
    </testcase>
  </testsuite>
  <testsuite name="spec_perl_TestDebugEnumName_t" errors="1" failures="0" skipped="0" tests="0" time="0.0436801910400391">
    <system-out></system-out>
    <testcase name="Test died too soon, even before plan. (218)" classname="spec_perl_TestDebugEnumName_t" time="0.0436801910400391">
      <failure message="The test suite died before a plan was produced. You need to have a plan." type="Plan">No plan</failure>
    </testcase>
  </testsuite>
  <testsuite name="spec_perl_TestExprIntDiv_t" errors="0" failures="2" skipped="0" tests="6" time="0.0504069328308105">
    <system-out>1..6
ok 1 - Equals
ok 2 - Equals
ok 3 - Equals
not ok 4 - Equals
ok 5 - Equals
not ok 6 - Equals
</system-out>
    <testcase name="Equals (219)" classname="spec_perl_TestExprIntDiv_t" time="0.000282049179077148" />
    <testcase name="Equals (220)" classname="spec_perl_TestExprIntDiv_t" time="8.29696655273438e-05" />
    <testcase name="Equals (221)" classname="spec_perl_TestExprIntDiv_t" time="0.000143051147460938" />
    <testcase name="Equals (222)" classname="spec_perl_TestExprIntDiv_t" time="0.000198841094970703">
      <failure message="not ok 4 - Equals" type="TAP::Parser::Result::Test"></failure>
    </testcase>
    <testcase name="Equals (223)" classname="spec_perl_TestExprIntDiv_t" time="0.0014500617980957" />
    <testcase name="Equals (224)" classname="spec_perl_TestExprIntDiv_t" time="8.20159912109375e-05">
      <failure message="not ok 6 - Equals" type="TAP::Parser::Result::Test"></failure>
    </testcase>
  </testsuite>
  <testsuite name="spec_perl_TestParamsEnum_t" errors="0" failures="1" skipped="0" tests="2" time="0.0639829635620117">
    <system-out>1..2
ok 1 - Equals
not ok 2 - Equals
</system-out>
    <testcase name="Equals (225)" classname="spec_perl_TestParamsEnum_t" time="0.000229120254516602" />
    <testcase name="Equals (226)" classname="spec_perl_TestParamsEnum_t" time="0.000169038772583008">
      <failure message="not ok 2 - Equals" type="TAP::Parser::Result::Test"></failure>
    </testcase>
  </testsuite>
  <testsuite name="spec_perl_TestRepeatEosStruct_t" errors="0" failures="0" skipped="0" tests="5" time="0.0445010662078857">
    <system-out>1..5
ok 1 - Equals
ok 2 - Equals
ok 3 - Equals
ok 4 - Equals
ok 5 - Equals
</system-out>
    <testcase name="Equals (227)" classname="spec_perl_TestRepeatEosStruct_t" time="0.00024104118347168" />
    <testcase name="Equals (228)" classname="spec_perl_TestRepeatEosStruct_t" time="8.10623168945312e-05" />
    <testcase name="Equals (229)" classname="spec_perl_TestRepeatEosStruct_t" time="0.00015711784362793" />
    <testcase name="Equals (230)" classname="spec_perl_TestRepeatEosStruct_t" time="0.000127792358398438" />
    <testcase name="Equals (231)" classname="spec_perl_TestRepeatEosStruct_t" time="0.000133037567138672" />
  </testsuite>
  <testsuite name="spec_perl_TestFixedStruct_t" errors="1" failures="0" skipped="0" tests="0" time="0.0491700172424316">
    <system-out></system-out>
    <testcase name="Test died too soon, even before plan. (231)" classname="spec_perl_TestFixedStruct_t" time="0.0491700172424316">
      <failure message="The test suite died before a plan was produced. You need to have a plan." type="Plan">No plan</failure>
    </testcase>
  </testsuite>
  <testsuite name="spec_perl_TestEnumForUnknownId_t" errors="0" failures="0" skipped="0" tests="1" time="0.0437490940093994">
    <system-out>1..1
ok 1 - Equals
</system-out>
    <testcase name="Equals (232)" classname="spec_perl_TestEnumForUnknownId_t" time="0.000215053558349609" />
  </testsuite>
  <testsuite name="spec_perl_TestHelloWorld_t" errors="0" failures="0" skipped="0" tests="1" time="0.0433828830718994">
    <system-out>1..1
ok 1 - Equals
</system-out>
    <testcase name="Equals (233)" classname="spec_perl_TestHelloWorld_t" time="0.000246047973632812" />
  </testsuite>
  <testsuite name="spec_perl_TestIfValues_t" errors="0" failures="0" skipped="0" tests="6" time="0.0457160472869873">
    <system-out>1..6
ok 1 - Equals
ok 2 - Equals
ok 3 - Equals
ok 4 - nil
ok 5 - Equals
ok 6 - nil
</system-out>
    <testcase name="Equals (234)" classname="spec_perl_TestIfValues_t" time="0.000416994094848633" />
    <testcase name="Equals (235)" classname="spec_perl_TestIfValues_t" time="0.000199079513549805" />
    <testcase name="Equals (236)" classname="spec_perl_TestIfValues_t" time="0.000118017196655273" />
    <testcase name="nil (236)" classname="spec_perl_TestIfValues_t" time="7.89165496826172e-05" />
    <testcase name="Equals (237)" classname="spec_perl_TestIfValues_t" time="0.000154018402099609" />
    <testcase name="nil (237)" classname="spec_perl_TestIfValues_t" time="6.29425048828125e-05" />
  </testsuite>
  <testsuite name="spec_perl_TestSwitchManualInt_t" errors="0" failures="0" skipped="0" tests="9" time="0.0519328117370605">
    <system-out>1..9
ok 1 - Equals
ok 2 - Equals
ok 3 - Equals
ok 4 - Equals
ok 5 - Equals
ok 6 - Equals
ok 7 - Equals
ok 8 - Equals
ok 9 - Equals
</system-out>
    <testcase name="Equals (238)" classname="spec_perl_TestSwitchManualInt_t" time="0.000409841537475586" />
    <testcase name="Equals (239)" classname="spec_perl_TestSwitchManualInt_t" time="9.41753387451172e-05" />
    <testcase name="Equals (240)" classname="spec_perl_TestSwitchManualInt_t" time="0.000145912170410156" />
    <testcase name="Equals (241)" classname="spec_perl_TestSwitchManualInt_t" time="0.000147104263305664" />
    <testcase name="Equals (242)" classname="spec_perl_TestSwitchManualInt_t" time="0.00014495849609375" />
    <testcase name="Equals (243)" classname="spec_perl_TestSwitchManualInt_t" time="0.000128984451293945" />
    <testcase name="Equals (244)" classname="spec_perl_TestSwitchManualInt_t" time="0.000303983688354492" />
    <testcase name="Equals (245)" classname="spec_perl_TestSwitchManualInt_t" time="0.000150918960571289" />
    <testcase name="Equals (246)" classname="spec_perl_TestSwitchManualInt_t" time="0.000174045562744141" />
  </testsuite>
  <testsuite name="spec_perl_TestOptionalId_t" errors="0" failures="0" skipped="0" tests="3" time="0.0448338985443115">
    <system-out>1..3
ok 1 - Equals
ok 2 - Equals
ok 3 - Equals
</system-out>
    <testcase name="Equals (247)" classname="spec_perl_TestOptionalId_t" time="0.000211000442504883" />
    <testcase name="Equals (248)" classname="spec_perl_TestOptionalId_t" time="7.20024108886719e-05" />
    <testcase name="Equals (249)" classname="spec_perl_TestOptionalId_t" time="0.000149011611938477" />
  </testsuite>
  <testsuite name="spec_perl_TestNavParentOverride_t" errors="0" failures="0" skipped="0" tests="3" time="0.0444319248199463">
    <system-out>1..3
ok 1 - Equals
ok 2 - Equals
ok 3 - Equals
</system-out>
    <testcase name="Equals (250)" classname="spec_perl_TestNavParentOverride_t" time="0.000290870666503906" />
    <testcase name="Equals (251)" classname="spec_perl_TestNavParentOverride_t" time="9.32216644287109e-05" />
    <testcase name="Equals (252)" classname="spec_perl_TestNavParentOverride_t" time="0.000133991241455078" />
  </testsuite>
  <testsuite name="spec_perl_TestCombineEnum_t" errors="0" failures="0" skipped="0" tests="3" time="0.0446329116821289">
    <system-out>1..3
ok 1 - Equals
ok 2 - Equals
ok 3 - Equals
</system-out>
    <testcase name="Equals (253)" classname="spec_perl_TestCombineEnum_t" time="0.000314950942993164" />
    <testcase name="Equals (254)" classname="spec_perl_TestCombineEnum_t" time="8.60691070556641e-05" />
    <testcase name="Equals (255)" classname="spec_perl_TestCombineEnum_t" time="0.000127077102661133" />
  </testsuite>
  <testsuite name="spec_perl_TestRepeatEosBit_t" errors="0" failures="0" skipped="0" tests="1" time="0.0439848899841309">
    <system-out>1..1
ok 1 - Equals
</system-out>
    <testcase name="Equals (256)" classname="spec_perl_TestRepeatEosBit_t" time="0.000386953353881836" />
  </testsuite>
  <testsuite name="spec_perl_TestExprSizeofType1_t" errors="0" failures="0" skipped="0" tests="2" time="0.0443999767303467">
    <system-out>1..2
ok 1 - Equals
ok 2 - Equals
</system-out>
    <testcase name="Equals (257)" classname="spec_perl_TestExprSizeofType1_t" time="0.000286102294921875" />
    <testcase name="Equals (258)" classname="spec_perl_TestExprSizeofType1_t" time="8.29696655273438e-05" />
  </testsuite>
  <testsuite name="spec_perl_TestEnum0_t" errors="0" failures="0" skipped="0" tests="2" time="0.0436959266662598">
    <system-out>1..2
ok 1 - Equals
ok 2 - Equals
</system-out>
    <testcase name="Equals (259)" classname="spec_perl_TestEnum0_t" time="0.000224113464355469" />
    <testcase name="Equals (260)" classname="spec_perl_TestEnum0_t" time="7.39097595214844e-05" />
  </testsuite>
  <testsuite name="spec_perl_TestInstanceUserArray_t" errors="0" failures="0" skipped="0" tests="10" time="0.0481460094451904">
    <system-out>1..10
ok 1 - Equals
ok 2 - Equals
ok 3 - Equals
ok 4 - Equals
ok 5 - Equals
ok 6 - Equals
ok 7 - Equals
ok 8 - Equals
ok 9 - Equals
ok 10 - Equals
</system-out>
    <testcase name="Equals (261)" classname="spec_perl_TestInstanceUserArray_t" time="0.000182151794433594" />
    <testcase name="Equals (262)" classname="spec_perl_TestInstanceUserArray_t" time="7.39097595214844e-05" />
    <testcase name="Equals (263)" classname="spec_perl_TestInstanceUserArray_t" time="0.000138998031616211" />
    <testcase name="Equals (264)" classname="spec_perl_TestInstanceUserArray_t" time="0.000540971755981445" />
    <testcase name="Equals (265)" classname="spec_perl_TestInstanceUserArray_t" time="8.79764556884766e-05" />
    <testcase name="Equals (266)" classname="spec_perl_TestInstanceUserArray_t" time="0.000127077102661133" />
    <testcase name="Equals (267)" classname="spec_perl_TestInstanceUserArray_t" time="0.000126123428344727" />
    <testcase name="Equals (268)" classname="spec_perl_TestInstanceUserArray_t" time="0.000126838684082031" />
    <testcase name="Equals (269)" classname="spec_perl_TestInstanceUserArray_t" time="0.000138998031616211" />
    <testcase name="Equals (270)" classname="spec_perl_TestInstanceUserArray_t" time="0.000121116638183594" />
  </testsuite>
  <testsuite name="spec_perl_TestNavParent_t" errors="0" failures="0" skipped="0" tests="5" time="0.04817795753479">
    <system-out>1..5
ok 1 - Equals
ok 2 - Equals
ok 3 - Equals
ok 4 - Equals
ok 5 - Equals
</system-out>
    <testcase name="Equals (271)" classname="spec_perl_TestNavParent_t" time="0.000334024429321289" />
    <testcase name="Equals (272)" classname="spec_perl_TestNavParent_t" time="0.000105142593383789" />
    <testcase name="Equals (273)" classname="spec_perl_TestNavParent_t" time="8.89301300048828e-05" />
    <testcase name="Equals (274)" classname="spec_perl_TestNavParent_t" time="0.00014495849609375" />
    <testcase name="Equals (275)" classname="spec_perl_TestNavParent_t" time="0.000136137008666992" />
  </testsuite>
  <testsuite name="spec_perl_TestSwitchRepeatExprInvalid_t" errors="0" failures="0" skipped="0" tests="3" time="0.0439200401306152">
    <system-out>1..3
ok 1 - Equals
ok 2 - Equals
ok 3 - Equals
</system-out>
    <testcase name="Equals (276)" classname="spec_perl_TestSwitchRepeatExprInvalid_t" time="0.000265836715698242" />
    <testcase name="Equals (277)" classname="spec_perl_TestSwitchRepeatExprInvalid_t" time="0.000101089477539062" />
    <testcase name="Equals (278)" classname="spec_perl_TestSwitchRepeatExprInvalid_t" time="0.00011897087097168" />
  </testsuite>
  <testsuite name="spec_perl_TestFixedContents_t" errors="1" failures="0" skipped="0" tests="0" time="0.0462601184844971">
    <system-out></system-out>
    <testcase name="Test died too soon, even before plan. (278)" classname="spec_perl_TestFixedContents_t" time="0.0462601184844971">
      <failure message="The test suite died before a plan was produced. You need to have a plan." type="Plan">No plan</failure>
    </testcase>
  </testsuite>
  <testsuite name="spec_perl_TestValidLong_t" errors="1" failures="0" skipped="0" tests="0" time="0.0423569679260254">
    <system-out></system-out>
    <testcase name="Test died too soon, even before plan. (279)" classname="spec_perl_TestValidLong_t" time="0.0423569679260254">
      <failure message="The test suite died before a plan was produced. You need to have a plan." type="Plan">No plan</failure>
    </testcase>
  </testsuite>
  <testsuite name="spec_perl_TestSwitchManualEnumInvalid_t" errors="0" failures="0" skipped="0" tests="5" time="0.0499730110168457">
    <system-out>1..5
ok 1 - Equals
ok 2 - Equals
ok 3 - nil
ok 4 - Equals
ok 5 - nil
</system-out>
    <testcase name="Equals (279)" classname="spec_perl_TestSwitchManualEnumInvalid_t" time="0.000296831130981445" />
    <testcase name="Equals (280)" classname="spec_perl_TestSwitchManualEnumInvalid_t" time="8.29696655273438e-05" />
    <testcase name="nil (280)" classname="spec_perl_TestSwitchManualEnumInvalid_t" time="5.91278076171875e-05" />
    <testcase name="Equals (281)" classname="spec_perl_TestSwitchManualEnumInvalid_t" time="0.000114917755126953" />
    <testcase name="nil (281)" classname="spec_perl_TestSwitchManualEnumInvalid_t" time="6.91413879394531e-05" />
  </testsuite>
  <testsuite name="spec_perl_TestCastToTop_t" errors="0" failures="0" skipped="0" tests="3" time="0.0445828437805176">
    <system-out>1..3
ok 1 - Equals
ok 2 - Equals
ok 3 - Equals
</system-out>
    <testcase name="Equals (282)" classname="spec_perl_TestCastToTop_t" time="0.000308990478515625" />
    <testcase name="Equals (283)" classname="spec_perl_TestCastToTop_t" time="9.29832458496094e-05" />
    <testcase name="Equals (284)" classname="spec_perl_TestCastToTop_t" time="5.79357147216797e-05" />
  </testsuite>
  <testsuite name="spec_perl_TestFloatingPoints_t" errors="0" failures="0" skipped="0" tests="8" time="0.0472259521484375">
    <system-out>1..8
ok 1 - Approx equals
ok 2 - Approx equals
ok 3 - Approx equals
ok 4 - Approx equals
ok 5 - Approx equals
ok 6 - Approx equals
ok 7 - Approx equals
ok 8 - Approx equals
</system-out>
    <testcase name="Approx equals (284)" classname="spec_perl_TestFloatingPoints_t" time="0.000177145004272461" />
    <testcase name="Approx equals (285)" classname="spec_perl_TestFloatingPoints_t" time="5.38825988769531e-05" />
    <testcase name="Approx equals (286)" classname="spec_perl_TestFloatingPoints_t" time="6.00814819335938e-05" />
    <testcase name="Approx equals (287)" classname="spec_perl_TestFloatingPoints_t" time="4.38690185546875e-05" />
    <testcase name="Approx equals (288)" classname="spec_perl_TestFloatingPoints_t" time="4.22000885009766e-05" />
    <testcase name="Approx equals (289)" classname="spec_perl_TestFloatingPoints_t" time="5.29289245605469e-05" />
    <testcase name="Approx equals (290)" classname="spec_perl_TestFloatingPoints_t" time="4.10079956054688e-05" />
    <testcase name="Approx equals (291)" classname="spec_perl_TestFloatingPoints_t" time="3.69548797607422e-05" />
  </testsuite>
  <testsuite name="spec_perl_TestExprArray_t" errors="0" failures="1" skipped="0" tests="15" time="0.0532710552215576">
    <system-out>1..15
ok 1 - Equals
ok 2 - Equals
ok 3 - Equals
ok 4 - Equals
ok 5 - Equals
ok 6 - Equals
ok 7 - Equals
ok 8 - Equals
not ok 9 - Equals
ok 10 - Equals
ok 11 - Equals
ok 12 - Equals
ok 13 - Equals
ok 14 - Equals
ok 15 - Equals
</system-out>
    <testcase name="Equals (291)" classname="spec_perl_TestExprArray_t" time="0.000388145446777344" />
    <testcase name="Equals (292)" classname="spec_perl_TestExprArray_t" time="8.48770141601562e-05" />
    <testcase name="Equals (293)" classname="spec_perl_TestExprArray_t" time="5.79357147216797e-05" />
    <testcase name="Equals (294)" classname="spec_perl_TestExprArray_t" time="0.000154972076416016" />
    <testcase name="Equals (295)" classname="spec_perl_TestExprArray_t" time="0.000136137008666992" />
    <testcase name="Equals (296)" classname="spec_perl_TestExprArray_t" time="0.000115871429443359" />
    <testcase name="Equals (297)" classname="spec_perl_TestExprArray_t" time="0.000164031982421875" />
    <testcase name="Equals (298)" classname="spec_perl_TestExprArray_t" time="0.000163078308105469" />
    <testcase name="Equals (299)" classname="spec_perl_TestExprArray_t" time="0.000206947326660156">
      <failure message="not ok 9 - Equals" type="TAP::Parser::Result::Test"></failure>
    </testcase>
    <testcase name="Equals (300)" classname="spec_perl_TestExprArray_t" time="0.00402712821960449" />
    <testcase name="Equals (301)" classname="spec_perl_TestExprArray_t" time="7.08103179931641e-05" />
    <testcase name="Equals (302)" classname="spec_perl_TestExprArray_t" time="3.40938568115234e-05" />
    <testcase name="Equals (303)" classname="spec_perl_TestExprArray_t" time="5.88893890380859e-05" />
    <testcase name="Equals (304)" classname="spec_perl_TestExprArray_t" time="3.40938568115234e-05" />
    <testcase name="Equals (305)" classname="spec_perl_TestExprArray_t" time="3.00407409667969e-05" />
  </testsuite>
  <testsuite name="spec_perl_TestStrLiterals2_t" errors="0" failures="0" skipped="0" tests="4" time="0.0459771156311035">
    <system-out>1..4
ok 1 - Equals
ok 2 - Equals
ok 3 - Equals
ok 4 - Equals
</system-out>
    <testcase name="Equals (306)" classname="spec_perl_TestStrLiterals2_t" time="0.000238180160522461" />
    <testcase name="Equals (307)" classname="spec_perl_TestStrLiterals2_t" time="0.000128984451293945" />
    <testcase name="Equals (308)" classname="spec_perl_TestStrLiterals2_t" time="0.000149965286254883" />
    <testcase name="Equals (309)" classname="spec_perl_TestStrLiterals2_t" time="0.000204086303710938" />
  </testsuite>
  <testsuite name="spec_perl_TestYamlInts_t" errors="0" failures="0" skipped="0" tests="4" time="0.0501689910888672">
    <system-out>1..4
ok 1 - Equals
ok 2 - Equals
ok 3 - Equals
ok 4 - Equals
</system-out>
    <testcase name="Equals (310)" classname="spec_perl_TestYamlInts_t" time="0.000253915786743164" />
    <testcase name="Equals (311)" classname="spec_perl_TestYamlInts_t" time="0.000129938125610352" />
    <testcase name="Equals (312)" classname="spec_perl_TestYamlInts_t" time="0.000167131423950195" />
    <testcase name="Equals (313)" classname="spec_perl_TestYamlInts_t" time="0.000145912170410156" />
  </testsuite>
  <testsuite name="spec_perl_TestExpr2_t" errors="0" failures="0" skipped="0" tests="17" time="0.0507199764251709">
    <system-out>1..17
ok 1 - Equals
ok 2 - Equals
ok 3 - Equals
ok 4 - Equals
ok 5 - Equals
ok 6 - Equals
ok 7 - Equals
ok 8 - Equals
ok 9 - Equals
ok 10 - Equals
ok 11 - Equals
ok 12 - Equals
ok 13 - Equals
ok 14 - Equals
ok 15 - Equals
ok 16 - Equals
ok 17 - Equals
</system-out>
    <testcase name="Equals (314)" classname="spec_perl_TestExpr2_t" time="0.0005950927734375" />
    <testcase name="Equals (315)" classname="spec_perl_TestExpr2_t" time="9.98973846435547e-05" />
    <testcase name="Equals (316)" classname="spec_perl_TestExpr2_t" time="5.91278076171875e-05" />
    <testcase name="Equals (317)" classname="spec_perl_TestExpr2_t" time="0.000159025192260742" />
    <testcase name="Equals (318)" classname="spec_perl_TestExpr2_t" time="0.000118017196655273" />
    <testcase name="Equals (319)" classname="spec_perl_TestExpr2_t" time="0.00014185905456543" />
    <testcase name="Equals (320)" classname="spec_perl_TestExpr2_t" time="0.000133991241455078" />
    <testcase name="Equals (321)" classname="spec_perl_TestExpr2_t" time="0.000179052352905273" />
    <testcase name="Equals (322)" classname="spec_perl_TestExpr2_t" time="0.000166893005371094" />
    <testcase name="Equals (323)" classname="spec_perl_TestExpr2_t" time="0.000121116638183594" />
    <testcase name="Equals (324)" classname="spec_perl_TestExpr2_t" time="0.0001220703125" />
    <testcase name="Equals (325)" classname="spec_perl_TestExpr2_t" time="0.000145912170410156" />
    <testcase name="Equals (326)" classname="spec_perl_TestExpr2_t" time="0.000155925750732422" />
    <testcase name="Equals (327)" classname="spec_perl_TestExpr2_t" time="0.00015711784362793" />
    <testcase name="Equals (328)" classname="spec_perl_TestExpr2_t" time="0.00014185905456543" />
    <testcase name="Equals (329)" classname="spec_perl_TestExpr2_t" time="0.000136137008666992" />
    <testcase name="Equals (330)" classname="spec_perl_TestExpr2_t" time="0.000143051147460938" />
  </testsuite>
  <testsuite name="spec_perl_TestRepeatNStrz_t" errors="0" failures="0" skipped="0" tests="2" time="0.0484440326690674">
    <system-out>1..2
ok 1 - Equals
ok 2 - Equals
</system-out>
    <testcase name="Equals (331)" classname="spec_perl_TestRepeatNStrz_t" time="0.000342845916748047" />
    <testcase name="Equals (332)" classname="spec_perl_TestRepeatNStrz_t" time="8.51154327392578e-05" />
  </testsuite>
  <testsuite name="spec_perl_TestDebugSwitchUser_t" errors="1" failures="0" skipped="0" tests="0" time="0.0556259155273438">
    <system-out></system-out>
    <testcase name="Test died too soon, even before plan. (332)" classname="spec_perl_TestDebugSwitchUser_t" time="0.0556259155273438">
      <failure message="The test suite died before a plan was produced. You need to have a plan." type="Plan">No plan</failure>
    </testcase>
  </testsuite>
  <testsuite name="spec_perl_TestImportsAbsAbs_t" errors="0" failures="0" skipped="0" tests="3" time="0.0459768772125244">
    <system-out>1..3
ok 1 - Equals
ok 2 - Equals
ok 3 - Equals
</system-out>
    <testcase name="Equals (333)" classname="spec_perl_TestImportsAbsAbs_t" time="0.000258922576904297" />
    <testcase name="Equals (334)" classname="spec_perl_TestImportsAbsAbs_t" time="8.0108642578125e-05" />
    <testcase name="Equals (335)" classname="spec_perl_TestImportsAbsAbs_t" time="0.000121831893920898" />
  </testsuite>
  <testsuite name="spec_perl_TestPositionAbs_t" errors="0" failures="0" skipped="0" tests="2" time="0.0483808517456055">
    <system-out>1..2
ok 1 - Equals
ok 2 - Equals
</system-out>
    <testcase name="Equals (336)" classname="spec_perl_TestPositionAbs_t" time="0.000277996063232422" />
    <testcase name="Equals (337)" classname="spec_perl_TestPositionAbs_t" time="0.000207185745239258" />
  </testsuite>
  <testsuite name="spec_perl_TestSwitchBytearray_t" errors="0" failures="0" skipped="0" tests="9" time="0.050588846206665">
    <system-out>1..9
ok 1 - Equals
ok 2 - Equals
ok 3 - Equals
ok 4 - Equals
ok 5 - Equals
ok 6 - Equals
ok 7 - Equals
ok 8 - Equals
ok 9 - Equals
</system-out>
    <testcase name="Equals (338)" classname="spec_perl_TestSwitchBytearray_t" time="0.000357866287231445" />
    <testcase name="Equals (339)" classname="spec_perl_TestSwitchBytearray_t" time="8.79764556884766e-05" />
    <testcase name="Equals (340)" classname="spec_perl_TestSwitchBytearray_t" time="8.51154327392578e-05" />
    <testcase name="Equals (341)" classname="spec_perl_TestSwitchBytearray_t" time="0.000173091888427734" />
    <testcase name="Equals (342)" classname="spec_perl_TestSwitchBytearray_t" time="0.000146865844726562" />
    <testcase name="Equals (343)" classname="spec_perl_TestSwitchBytearray_t" time="0.000150918960571289" />
    <testcase name="Equals (344)" classname="spec_perl_TestSwitchBytearray_t" time="0.000155210494995117" />
    <testcase name="Equals (345)" classname="spec_perl_TestSwitchBytearray_t" time="0.000119924545288086" />
    <testcase name="Equals (346)" classname="spec_perl_TestSwitchBytearray_t" time="0.000144004821777344" />
  </testsuite>
  <testsuite name="spec_perl_TestIndexSizes_t" errors="0" failures="0" skipped="0" tests="7" time="0.0502250194549561">
    <system-out>1..7
ok 1 - Equals
ok 2 - Equals
ok 3 - Equals
ok 4 - Equals
ok 5 - Equals
ok 6 - Equals
ok 7 - Equals
</system-out>
    <testcase name="Equals (347)" classname="spec_perl_TestIndexSizes_t" time="0.000306844711303711" />
    <testcase name="Equals (348)" classname="spec_perl_TestIndexSizes_t" time="8.10623168945312e-05" />
    <testcase name="Equals (349)" classname="spec_perl_TestIndexSizes_t" time="9.70363616943359e-05" />
    <testcase name="Equals (350)" classname="spec_perl_TestIndexSizes_t" time="0.000144004821777344" />
    <testcase name="Equals (351)" classname="spec_perl_TestIndexSizes_t" time="0.000127077102661133" />
    <testcase name="Equals (352)" classname="spec_perl_TestIndexSizes_t" time="0.000121831893920898" />
    <testcase name="Equals (353)" classname="spec_perl_TestIndexSizes_t" time="0.000158071517944336" />
  </testsuite>
  <testsuite name="spec_perl_TestInstanceStdArray_t" errors="0" failures="0" skipped="0" tests="7" time="0.0453219413757324">
    <system-out>1..7
ok 1 - Equals
ok 2 - Equals
ok 3 - Equals
ok 4 - Equals
ok 5 - Equals
ok 6 - Equals
ok 7 - Equals
</system-out>
    <testcase name="Equals (354)" classname="spec_perl_TestInstanceStdArray_t" time="0.000252962112426758" />
    <testcase name="Equals (355)" classname="spec_perl_TestInstanceStdArray_t" time="8.29696655273438e-05" />
    <testcase name="Equals (356)" classname="spec_perl_TestInstanceStdArray_t" time="0.000153064727783203" />
    <testcase name="Equals (357)" classname="spec_perl_TestInstanceStdArray_t" time="0.000144004821777344" />
    <testcase name="Equals (358)" classname="spec_perl_TestInstanceStdArray_t" time="0.000134944915771484" />
    <testcase name="Equals (359)" classname="spec_perl_TestInstanceStdArray_t" time="0.000160932540893555" />
    <testcase name="Equals (360)" classname="spec_perl_TestInstanceStdArray_t" time="0.000104904174804688" />
  </testsuite>
  <testsuite name="spec_perl_TestSwitchManualIntSize_t" errors="0" failures="1" skipped="0" tests="10" time="0.053534984588623">
    <system-out>1..10
ok 1 - Equals
ok 2 - Equals
ok 3 - Equals
ok 4 - Equals
ok 5 - Equals
not ok 6 - test switch manual int size
ok 7 - Equals
ok 8 - Equals
ok 9 - Equals
ok 10 - Equals
</system-out>
    <testcase name="Equals (361)" classname="spec_perl_TestSwitchManualIntSize_t" time="0.000779151916503906" />
    <testcase name="Equals (362)" classname="spec_perl_TestSwitchManualIntSize_t" time="0.000128030776977539" />
    <testcase name="Equals (363)" classname="spec_perl_TestSwitchManualIntSize_t" time="6.4849853515625e-05" />
    <testcase name="Equals (364)" classname="spec_perl_TestSwitchManualIntSize_t" time="6.103515625e-05" />
    <testcase name="Equals (365)" classname="spec_perl_TestSwitchManualIntSize_t" time="0.000137090682983398" />
    <testcase name="test switch manual int size (365)" classname="spec_perl_TestSwitchManualIntSize_t" time="0.00160694122314453">
      <failure message="not ok 6 - test switch manual int size" type="TAP::Parser::Result::Test"></failure>
    </testcase>
    <testcase name="Equals (366)" classname="spec_perl_TestSwitchManualIntSize_t" time="0.00151896476745605" />
    <testcase name="Equals (367)" classname="spec_perl_TestSwitchManualIntSize_t" time="0.000161886215209961" />
    <testcase name="Equals (368)" classname="spec_perl_TestSwitchManualIntSize_t" time="0.000169038772583008" />
    <testcase name="Equals (369)" classname="spec_perl_TestSwitchManualIntSize_t" time="0.000163078308105469" />
  </testsuite>
  <testsuite name="spec_perl_TestEnumFancy_t" errors="0" failures="0" skipped="0" tests="2" time="0.0438888072967529">
    <system-out>1..2
ok 1 - Equals
ok 2 - Equals
</system-out>
    <testcase name="Equals (370)" classname="spec_perl_TestEnumFancy_t" time="0.000175952911376953" />
    <testcase name="Equals (371)" classname="spec_perl_TestEnumFancy_t" time="6.79492950439453e-05" />
  </testsuite>
  <testsuite name="spec_perl_TestProcessCoerceBytes_t" errors="0" failures="0" skipped="0" tests="4" time="0.0447080135345459">
    <system-out>1..4
ok 1 - Equals
ok 2 - Equals
ok 3 - Equals
ok 4 - Equals
</system-out>
    <testcase name="Equals (372)" classname="spec_perl_TestProcessCoerceBytes_t" time="0.000286102294921875" />
    <testcase name="Equals (373)" classname="spec_perl_TestProcessCoerceBytes_t" time="7.98702239990234e-05" />
    <testcase name="Equals (374)" classname="spec_perl_TestProcessCoerceBytes_t" time="8.70227813720703e-05" />
    <testcase name="Equals (375)" classname="spec_perl_TestProcessCoerceBytes_t" time="0.000158071517944336" />
  </testsuite>
  <testsuite name="spec_perl_TestImportsRel1_t" errors="0" failures="0" skipped="0" tests="3" time="0.0465250015258789">
    <system-out>1..3
ok 1 - Equals
ok 2 - Equals
ok 3 - Equals
</system-out>
    <testcase name="Equals (376)" classname="spec_perl_TestImportsRel1_t" time="0.000261783599853516" />
    <testcase name="Equals (377)" classname="spec_perl_TestImportsRel1_t" time="8.41617584228516e-05" />
    <testcase name="Equals (378)" classname="spec_perl_TestImportsRel1_t" time="0.000133991241455078" />
  </testsuite>
  <testsuite name="spec_perl_TestEosExceptionU4_t" errors="0" failures="0" skipped="0" tests="1" time="0.0454661846160889">
    <system-out>1..1
ok 1 - Died
</system-out>
    <testcase name="Died (378)" classname="spec_perl_TestEosExceptionU4_t" time="0.00047612190246582" />
  </testsuite>
  <testsuite name="spec_perl_TestExpr1_t" errors="0" failures="0" skipped="0" tests="4" time="0.047957181930542">
    <system-out>1..4
ok 1 - Equals
ok 2 - Equals
ok 3 - Equals
ok 4 - Equals
</system-out>
    <testcase name="Equals (379)" classname="spec_perl_TestExpr1_t" time="0.000275135040283203" />
    <testcase name="Equals (380)" classname="spec_perl_TestExpr1_t" time="7.98702239990234e-05" />
    <testcase name="Equals (381)" classname="spec_perl_TestExpr1_t" time="0.000138998031616211" />
    <testcase name="Equals (382)" classname="spec_perl_TestExpr1_t" time="0.000145196914672852" />
  </testsuite>
  <testsuite name="spec_perl_TestEofExceptionU4_t" errors="0" failures="0" skipped="0" tests="1" time="0.0464968681335449">
    <system-out>1..1
ok 1 - Died
</system-out>
    <testcase name="Died (382)" classname="spec_perl_TestEofExceptionU4_t" time="0.00017094612121582" />
  </testsuite>
  <testsuite name="spec_perl_TestProcessCoerceUsertype2_t" errors="0" failures="0" skipped="0" tests="4" time="0.0460569858551025">
    <system-out>1..4
ok 1 - Equals
ok 2 - Equals
ok 3 - Equals
ok 4 - Equals
</system-out>
    <testcase name="Equals (383)" classname="spec_perl_TestProcessCoerceUsertype2_t" time="0.000583887100219727" />
    <testcase name="Equals (384)" classname="spec_perl_TestProcessCoerceUsertype2_t" time="9.60826873779297e-05" />
    <testcase name="Equals (385)" classname="spec_perl_TestProcessCoerceUsertype2_t" time="6.29425048828125e-05" />
    <testcase name="Equals (386)" classname="spec_perl_TestProcessCoerceUsertype2_t" time="0.00014805793762207" />
  </testsuite>
  <testsuite name="spec_perl_TestProcessCustomNoArgs_t" errors="1" failures="0" skipped="0" tests="0" time="0.0539720058441162">
    <system-out></system-out>
    <testcase name="Test died too soon, even before plan. (386)" classname="spec_perl_TestProcessCustomNoArgs_t" time="0.0539720058441162">
      <failure message="The test suite died before a plan was produced. You need to have a plan." type="Plan">No plan</failure>
    </testcase>
  </testsuite>
  <testsuite name="spec_perl_TestExprBytesCmp_t" errors="0" failures="0" skipped="0" tests="10" time="0.0456709861755371">
    <system-out>1..10
ok 1 - Equals
ok 2 - Equals
ok 3 - Equals
ok 4 - Equals
ok 5 - Equals
ok 6 - Equals
ok 7 - Equals
ok 8 - Equals
ok 9 - Equals
ok 10 - Equals
</system-out>
    <testcase name="Equals (387)" classname="spec_perl_TestExprBytesCmp_t" time="0.000224113464355469" />
    <testcase name="Equals (388)" classname="spec_perl_TestExprBytesCmp_t" time="8.17775726318359e-05" />
    <testcase name="Equals (389)" classname="spec_perl_TestExprBytesCmp_t" time="0.000141143798828125" />
    <testcase name="Equals (390)" classname="spec_perl_TestExprBytesCmp_t" time="0.000138044357299805" />
    <testcase name="Equals (391)" classname="spec_perl_TestExprBytesCmp_t" time="0.000136852264404297" />
    <testcase name="Equals (392)" classname="spec_perl_TestExprBytesCmp_t" time="0.0001220703125" />
    <testcase name="Equals (393)" classname="spec_perl_TestExprBytesCmp_t" time="0.000152111053466797" />
    <testcase name="Equals (394)" classname="spec_perl_TestExprBytesCmp_t" time="0.00013279914855957" />
    <testcase name="Equals (395)" classname="spec_perl_TestExprBytesCmp_t" time="0.000152111053466797" />
    <testcase name="Equals (396)" classname="spec_perl_TestExprBytesCmp_t" time="0.000133037567138672" />
  </testsuite>
  <testsuite name="spec_perl_TestProcessXor4Value_t" errors="0" failures="0" skipped="0" tests="2" time="0.0450429916381836">
    <system-out>1..2
ok 1 - Equals
ok 2 - Equals
[...]
    <testcase name="Equals (733)" classname="spec_perl_TestNavParentFalse_t" time="0.000133991241455078" />
    <testcase name="Equals (734)" classname="spec_perl_TestNavParentFalse_t" time="0.000135898590087891" />
    <testcase name="Equals (735)" classname="spec_perl_TestNavParentFalse_t" time="0.000123977661132812" />
  </testsuite>
  <testsuite name="spec_perl_TestExprBytesOps_t" errors="1" failures="0" skipped="0" tests="0" time="0.0451710224151611">
    <system-out></system-out>
    <testcase name="Test died too soon, even before plan. (735)" classname="spec_perl_TestExprBytesOps_t" time="0.0451710224151611">
      <failure message="The test suite died before a plan was produced. You need to have a plan." type="Plan">No plan</failure>
    </testcase>
  </testsuite>
  <testsuite name="spec_perl_TestTsPacketHeader_t" errors="0" failures="0" skipped="0" tests="7" time="0.0450999736785889">
    <system-out>1..7
ok 1 - Equals
ok 2 - Equals
ok 3 - Equals
ok 4 - Equals
ok 5 - Equals
ok 6 - Equals
ok 7 - Equals
</system-out>
    <testcase name="Equals (736)" classname="spec_perl_TestTsPacketHeader_t" time="0.000296115875244141" />
    <testcase name="Equals (737)" classname="spec_perl_TestTsPacketHeader_t" time="8.70227813720703e-05" />
    <testcase name="Equals (738)" classname="spec_perl_TestTsPacketHeader_t" time="0.000120878219604492" />
    <testcase name="Equals (739)" classname="spec_perl_TestTsPacketHeader_t" time="0.00014805793762207" />
    <testcase name="Equals (740)" classname="spec_perl_TestTsPacketHeader_t" time="0.000149011611938477" />
    <testcase name="Equals (741)" classname="spec_perl_TestTsPacketHeader_t" time="0.000124931335449219" />
    <testcase name="Equals (742)" classname="spec_perl_TestTsPacketHeader_t" time="0.000155210494995117" />
  </testsuite>
  <testsuite name="spec_perl_TestTypeTernary2ndFalsy_t" errors="0" failures="1" skipped="0" tests="13" time="0.0472941398620605">
    <system-out>1..13
ok 1 - Equals
ok 2 - Equals
ok 3 - Equals
ok 4 - Approx equals
ok 5 - Approx equals
ok 6 - Equals
ok 7 - Equals
ok 8 - Equals
ok 9 - nil
ok 10 - Equals
ok 11 - Equals
ok 12 - Equals
not ok 13 - test_type_ternary_2nd_falsy died (Can't use an undefined value as an ARRAY reference at spec/perl/TestTypeTernary2ndFalsy.t line 27.)
</system-out>
    <testcase name="Equals (743)" classname="spec_perl_TestTypeTernary2ndFalsy_t" time="0.000262022018432617" />
    <testcase name="Equals (744)" classname="spec_perl_TestTypeTernary2ndFalsy_t" time="8.58306884765625e-05" />
    <testcase name="Equals (745)" classname="spec_perl_TestTypeTernary2ndFalsy_t" time="0.000128984451293945" />
    <testcase name="Approx equals (745)" classname="spec_perl_TestTypeTernary2ndFalsy_t" time="0.000103235244750977" />
    <testcase name="Approx equals (746)" classname="spec_perl_TestTypeTernary2ndFalsy_t" time="6.07967376708984e-05" />
    <testcase name="Equals (746)" classname="spec_perl_TestTypeTernary2ndFalsy_t" time="5.41210174560547e-05" />
    <testcase name="Equals (747)" classname="spec_perl_TestTypeTernary2ndFalsy_t" time="0.000144004821777344" />
    <testcase name="Equals (748)" classname="spec_perl_TestTypeTernary2ndFalsy_t" time="0.000134944915771484" />
    <testcase name="nil (748)" classname="spec_perl_TestTypeTernary2ndFalsy_t" time="5.91278076171875e-05" />
    <testcase name="Equals (749)" classname="spec_perl_TestTypeTernary2ndFalsy_t" time="0.000158786773681641" />
    <testcase name="Equals (750)" classname="spec_perl_TestTypeTernary2ndFalsy_t" time="0.000118017196655273" />
    <testcase name="Equals (751)" classname="spec_perl_TestTypeTernary2ndFalsy_t" time="0.000145196914672852" />
    <testcase name="test_type_ternary_2nd_falsy died (Can't use an undefined value as an ARRAY reference at spec/perl/TestTypeTernary2ndFalsy.t line 27.) (751)" classname="spec_perl_TestTypeTernary2ndFalsy_t" time="0.000283956527709961">
      <failure message="not ok 13 - test_type_ternary_2nd_falsy died (Can't use an undefined value as an ARRAY reference at spec/perl/TestTypeTernary2ndFalsy.t line 27.)" type="TAP::Parser::Result::Test"></failure>
    </testcase>
  </testsuite>
  <testsuite name="spec_perl_TestEnumIntRangeS_t" errors="0" failures="0" skipped="0" tests="3" time="0.0555469989776611">
    <system-out>1..3
ok 1 - Equals
ok 2 - Equals
ok 3 - Equals
</system-out>
    <testcase name="Equals (752)" classname="spec_perl_TestEnumIntRangeS_t" time="0.000241994857788086" />
    <testcase name="Equals (753)" classname="spec_perl_TestEnumIntRangeS_t" time="7.79628753662109e-05" />
    <testcase name="Equals (754)" classname="spec_perl_TestEnumIntRangeS_t" time="0.000129938125610352" />
  </testsuite>
  <testsuite name="spec_perl_TestBitsSimple_t" errors="0" failures="0" skipped="0" tests="14" time="0.0483229160308838">
    <system-out>1..14
ok 1 - Equals
ok 2 - Equals
ok 3 - Equals
ok 4 - Equals
ok 5 - Equals
ok 6 - Equals
ok 7 - Equals
ok 8 - Equals
ok 9 - Equals
ok 10 - Equals
ok 11 - Equals
ok 12 - Equals
ok 13 - Equals
ok 14 - Equals
</system-out>
    <testcase name="Equals (755)" classname="spec_perl_TestBitsSimple_t" time="0.000362873077392578" />
    <testcase name="Equals (756)" classname="spec_perl_TestBitsSimple_t" time="8.60691070556641e-05" />
    <testcase name="Equals (757)" classname="spec_perl_TestBitsSimple_t" time="5.69820404052734e-05" />
    <testcase name="Equals (758)" classname="spec_perl_TestBitsSimple_t" time="0.000178098678588867" />
    <testcase name="Equals (759)" classname="spec_perl_TestBitsSimple_t" time="0.000144004821777344" />
    <testcase name="Equals (760)" classname="spec_perl_TestBitsSimple_t" time="0.000175952911376953" />
    <testcase name="Equals (761)" classname="spec_perl_TestBitsSimple_t" time="0.000140905380249023" />
    <testcase name="Equals (762)" classname="spec_perl_TestBitsSimple_t" time="0.000113964080810547" />
    <testcase name="Equals (763)" classname="spec_perl_TestBitsSimple_t" time="0.000153064727783203" />
    <testcase name="Equals (764)" classname="spec_perl_TestBitsSimple_t" time="0.000108957290649414" />
    <testcase name="Equals (765)" classname="spec_perl_TestBitsSimple_t" time="0.000135183334350586" />
    <testcase name="Equals (766)" classname="spec_perl_TestBitsSimple_t" time="0.000126838684082031" />
    <testcase name="Equals (767)" classname="spec_perl_TestBitsSimple_t" time="0.000153064727783203" />
    <testcase name="Equals (768)" classname="spec_perl_TestBitsSimple_t" time="0.000115871429443359" />
  </testsuite>
  <testsuite name="spec_perl_TestNestedTypes3_t" errors="0" failures="0" skipped="0" tests="5" time="0.0458269119262695">
    <system-out>1..5
ok 1 - Equals
ok 2 - Equals
ok 3 - Equals
ok 4 - Equals
ok 5 - Equals
</system-out>
    <testcase name="Equals (769)" classname="spec_perl_TestNestedTypes3_t" time="0.000280857086181641" />
    <testcase name="Equals (770)" classname="spec_perl_TestNestedTypes3_t" time="8.41617584228516e-05" />
    <testcase name="Equals (771)" classname="spec_perl_TestNestedTypes3_t" time="0.00011897087097168" />
    <testcase name="Equals (772)" classname="spec_perl_TestNestedTypes3_t" time="0.000191926956176758" />
    <testcase name="Equals (773)" classname="spec_perl_TestNestedTypes3_t" time="6.89029693603516e-05" />
  </testsuite>
  <testsuite name="spec_perl_TestIntegersMinMax_t" errors="0" failures="0" skipped="0" tests="28" time="0.0501468181610107">
    <system-out>1..28
ok 1 - Equals
ok 2 - Equals
ok 3 - Equals
ok 4 - Equals
ok 5 - Equals
ok 6 - Equals
ok 7 - Equals
ok 8 - Equals
ok 9 - Equals
ok 10 - Equals
ok 11 - Equals
ok 12 - Equals
ok 13 - Equals
ok 14 - Equals
ok 15 - Equals
ok 16 - Equals
ok 17 - Equals
ok 18 - Equals
ok 19 - Equals
ok 20 - Equals
ok 21 - Equals
ok 22 - Equals
ok 23 - Equals
ok 24 - Equals
ok 25 - Equals
ok 26 - Equals
ok 27 - Equals
ok 28 - Equals
</system-out>
    <testcase name="Equals (774)" classname="spec_perl_TestIntegersMinMax_t" time="0.000340938568115234" />
    <testcase name="Equals (775)" classname="spec_perl_TestIntegersMinMax_t" time="9.60826873779297e-05" />
    <testcase name="Equals (776)" classname="spec_perl_TestIntegersMinMax_t" time="0.000108003616333008" />
    <testcase name="Equals (777)" classname="spec_perl_TestIntegersMinMax_t" time="0.000135898590087891" />
    <testcase name="Equals (778)" classname="spec_perl_TestIntegersMinMax_t" time="0.000142097473144531" />
    <testcase name="Equals (779)" classname="spec_perl_TestIntegersMinMax_t" time="0.000127077102661133" />
    <testcase name="Equals (780)" classname="spec_perl_TestIntegersMinMax_t" time="0.00017094612121582" />
    <testcase name="Equals (781)" classname="spec_perl_TestIntegersMinMax_t" time="9.39369201660156e-05" />
    <testcase name="Equals (782)" classname="spec_perl_TestIntegersMinMax_t" time="0.0001220703125" />
    <testcase name="Equals (783)" classname="spec_perl_TestIntegersMinMax_t" time="0.000124931335449219" />
    <testcase name="Equals (784)" classname="spec_perl_TestIntegersMinMax_t" time="0.000121116638183594" />
    <testcase name="Equals (785)" classname="spec_perl_TestIntegersMinMax_t" time="0.000119924545288086" />
    <testcase name="Equals (786)" classname="spec_perl_TestIntegersMinMax_t" time="0.000128984451293945" />
    <testcase name="Equals (787)" classname="spec_perl_TestIntegersMinMax_t" time="0.000150918960571289" />
    <testcase name="Equals (788)" classname="spec_perl_TestIntegersMinMax_t" time="0.000118017196655273" />
    <testcase name="Equals (789)" classname="spec_perl_TestIntegersMinMax_t" time="0.000126123428344727" />
    <testcase name="Equals (790)" classname="spec_perl_TestIntegersMinMax_t" time="0.000128030776977539" />
    <testcase name="Equals (791)" classname="spec_perl_TestIntegersMinMax_t" time="0.000118017196655273" />
    <testcase name="Equals (792)" classname="spec_perl_TestIntegersMinMax_t" time="0.000144004821777344" />
    <testcase name="Equals (793)" classname="spec_perl_TestIntegersMinMax_t" time="0.000116825103759766" />
    <testcase name="Equals (794)" classname="spec_perl_TestIntegersMinMax_t" time="0.00014495849609375" />
    <testcase name="Equals (795)" classname="spec_perl_TestIntegersMinMax_t" time="0.000127077102661133" />
    <testcase name="Equals (796)" classname="spec_perl_TestIntegersMinMax_t" time="0.000123023986816406" />
    <testcase name="Equals (797)" classname="spec_perl_TestIntegersMinMax_t" time="0.00011897087097168" />
    <testcase name="Equals (798)" classname="spec_perl_TestIntegersMinMax_t" time="0.000131130218505859" />
    <testcase name="Equals (799)" classname="spec_perl_TestIntegersMinMax_t" time="0.000115871429443359" />
    <testcase name="Equals (800)" classname="spec_perl_TestIntegersMinMax_t" time="0.000126123428344727" />
    <testcase name="Equals (801)" classname="spec_perl_TestIntegersMinMax_t" time="0.000122785568237305" />
  </testsuite>
  <testsuite name="spec_perl_TestImportsAbs_t" errors="0" failures="0" skipped="0" tests="2" time="0.046238899230957">
    <system-out>1..2
ok 1 - Equals
ok 2 - Equals
</system-out>
    <testcase name="Equals (802)" classname="spec_perl_TestImportsAbs_t" time="0.000311136245727539" />
    <testcase name="Equals (803)" classname="spec_perl_TestImportsAbs_t" time="8.98838043212891e-05" />
  </testsuite>
  <testsuite name="spec_perl_TestValidNotParsedIf_t" errors="1" failures="0" skipped="0" tests="0" time="0.0553112030029297">
    <system-out></system-out>
    <testcase name="Test died too soon, even before plan. (803)" classname="spec_perl_TestValidNotParsedIf_t" time="0.0553112030029297">
      <failure message="The test suite died before a plan was produced. You need to have a plan." type="Plan">No plan</failure>
    </testcase>
  </testsuite>
  <testsuite name="spec_perl_TestNavRoot_t" errors="0" failures="0" skipped="0" tests="5" time="0.0493931770324707">
    <system-out>1..5
ok 1 - Equals
ok 2 - Equals
ok 3 - Equals
ok 4 - Equals
ok 5 - Equals
</system-out>
    <testcase name="Equals (804)" classname="spec_perl_TestNavRoot_t" time="0.000356912612915039" />
    <testcase name="Equals (805)" classname="spec_perl_TestNavRoot_t" time="8.20159912109375e-05" />
    <testcase name="Equals (806)" classname="spec_perl_TestNavRoot_t" time="0.000117063522338867" />
    <testcase name="Equals (807)" classname="spec_perl_TestNavRoot_t" time="0.000138044357299805" />
    <testcase name="Equals (808)" classname="spec_perl_TestNavRoot_t" time="0.000140905380249023" />
  </testsuite>
  <testsuite name="spec_perl_TestSwitchElseOnly_t" errors="0" failures="0" skipped="0" tests="3" time="0.0461888313293457">
    <system-out>1..3
ok 1 - Equals
ok 2 - Equals
ok 3 - Equals
</system-out>
    <testcase name="Equals (809)" classname="spec_perl_TestSwitchElseOnly_t" time="0.000332832336425781" />
    <testcase name="Equals (810)" classname="spec_perl_TestSwitchElseOnly_t" time="0.00043797492980957" />
    <testcase name="Equals (811)" classname="spec_perl_TestSwitchElseOnly_t" time="8.60691070556641e-05" />
  </testsuite>
  <testsuite name="spec_perl_TestNestedTypes2_t" errors="0" failures="0" skipped="0" tests="7" time="0.0452489852905273">
    <system-out>1..7
ok 1 - Equals
ok 2 - Equals
ok 3 - Equals
ok 4 - Equals
ok 5 - Equals
ok 6 - Equals
ok 7 - Equals
</system-out>
    <testcase name="Equals (812)" classname="spec_perl_TestNestedTypes2_t" time="0.000266075134277344" />
    <testcase name="Equals (813)" classname="spec_perl_TestNestedTypes2_t" time="9.39369201660156e-05" />
    <testcase name="Equals (814)" classname="spec_perl_TestNestedTypes2_t" time="0.000123977661132812" />
    <testcase name="Equals (815)" classname="spec_perl_TestNestedTypes2_t" time="0.000133991241455078" />
    <testcase name="Equals (816)" classname="spec_perl_TestNestedTypes2_t" time="0.000141143798828125" />
    <testcase name="Equals (817)" classname="spec_perl_TestNestedTypes2_t" time="0.000113964080810547" />
    <testcase name="Equals (818)" classname="spec_perl_TestNestedTypes2_t" time="0.000140905380249023" />
  </testsuite>
  <testsuite name="spec_perl_TestEnum1_t" errors="0" failures="0" skipped="0" tests="2" time="0.0439548492431641">
    <system-out>1..2
ok 1 - Equals
ok 2 - Equals
</system-out>
    <testcase name="Equals (819)" classname="spec_perl_TestEnum1_t" time="0.000261068344116211" />
    <testcase name="Equals (820)" classname="spec_perl_TestEnum1_t" time="7.98702239990234e-05" />
  </testsuite>
  <testsuite name="spec_perl_TestCastToImported_t" errors="0" failures="0" skipped="0" tests="2" time="0.0457389354705811">
    <system-out>1..2
ok 1 - Equals
ok 2 - Equals
</system-out>
    <testcase name="Equals (821)" classname="spec_perl_TestCastToImported_t" time="0.000276088714599609" />
    <testcase name="Equals (822)" classname="spec_perl_TestCastToImported_t" time="8.20159912109375e-05" />
  </testsuite>
  <testsuite name="spec_perl_TestStrPadTermEmpty_t" errors="0" failures="0" skipped="0" tests="4" time="0.0513660907745361">
    <system-out>1..4
ok 1 - Equals
ok 2 - Equals
ok 3 - Equals
ok 4 - Equals
</system-out>
    <testcase name="Equals (823)" classname="spec_perl_TestStrPadTermEmpty_t" time="0.000417947769165039" />
    <testcase name="Equals (824)" classname="spec_perl_TestStrPadTermEmpty_t" time="8.98838043212891e-05" />
    <testcase name="Equals (825)" classname="spec_perl_TestStrPadTermEmpty_t" time="5.91278076171875e-05" />
    <testcase name="Equals (826)" classname="spec_perl_TestStrPadTermEmpty_t" time="0.000344038009643555" />
  </testsuite>
  <testsuite name="spec_perl_TestStrEncodingsDefault_t" errors="0" failures="0" skipped="0" tests="4" time="0.0532419681549072">
    <system-out>1..4
ok 1 - Equals
ok 2 - Equals
ok 3 - Equals
ok 4 - Equals
</system-out>
    <testcase name="Equals (827)" classname="spec_perl_TestStrEncodingsDefault_t" time="0.0037999153137207" />
    <testcase name="Equals (828)" classname="spec_perl_TestStrEncodingsDefault_t" time="0.000123977661132812" />
    <testcase name="Equals (829)" classname="spec_perl_TestStrEncodingsDefault_t" time="6.19888305664062e-05" />
    <testcase name="Equals (830)" classname="spec_perl_TestStrEncodingsDefault_t" time="0.000131130218505859" />
  </testsuite>
  <testsuite name="spec_perl_TestNestedTypeParam_t" errors="0" failures="2" skipped="0" tests="2" time="0.0537681579589844">
    <system-out>1..2
not ok 1 - Equals
not ok 2 - Equals
</system-out>
    <testcase name="Equals (831)" classname="spec_perl_TestNestedTypeParam_t" time="0.00240993499755859">
      <failure message="not ok 1 - Equals" type="TAP::Parser::Result::Test"></failure>
    </testcase>
    <testcase name="Equals (832)" classname="spec_perl_TestNestedTypeParam_t" time="0.000143051147460938">
      <failure message="not ok 2 - Equals" type="TAP::Parser::Result::Test"></failure>
    </testcase>
  </testsuite>
  <testsuite name="spec_perl_TestExprStrOps_t" errors="1" failures="0" skipped="0" tests="0" time="0.0451757907867432">
    <system-out></system-out>
    <testcase name="Test died too soon, even before plan. (832)" classname="spec_perl_TestExprStrOps_t" time="0.0451757907867432">
      <failure message="The test suite died before a plan was produced. You need to have a plan." type="Plan">No plan</failure>
    </testcase>
  </testsuite>
  <testsuite name="spec_perl_TestOpaqueExternalType02Parent_t" errors="0" failures="0" skipped="0" tests="3" time="0.0484797954559326">
    <system-out>1..3
ok 1 - Equals
ok 2 - Equals
ok 3 - Equals
</system-out>
    <testcase name="Equals (833)" classname="spec_perl_TestOpaqueExternalType02Parent_t" time="0.000382184982299805" />
    <testcase name="Equals (834)" classname="spec_perl_TestOpaqueExternalType02Parent_t" time="8.392333984375e-05" />
    <testcase name="Equals (835)" classname="spec_perl_TestOpaqueExternalType02Parent_t" time="0.000114917755126953" />
  </testsuite>
  <testsuite name="spec_perl_TestDocstringsDocref_t" errors="0" failures="0" skipped="1" tests="1" time="0.044780969619751">
    <system-out>1..1
ok 1 # skip DocstringsDocref=HASH(0x13754b8)
</system-out>
    <testcase name="Unnamed test case 835" classname="spec_perl_TestDocstringsDocref_t" time="0.0013279914855957">
      <skipped message="ok 1 # skip DocstringsDocref=HASH(0x13754b8)" />
    </testcase>
  </testsuite>
  <testsuite name="spec_perl_TestRepeatUntilCalcArrayType_t" errors="0" failures="0" skipped="0" tests="7" time="0.0457088947296143">
    <system-out>1..7
ok 1 - Equals
ok 2 - Equals
ok 3 - Equals
ok 4 - Equals
ok 5 - Equals
ok 6 - Equals
ok 7 - Equals
</system-out>
    <testcase name="Equals (836)" classname="spec_perl_TestRepeatUntilCalcArrayType_t" time="0.000599145889282227" />
    <testcase name="Equals (837)" classname="spec_perl_TestRepeatUntilCalcArrayType_t" time="0.00014185905456543" />
    <testcase name="Equals (838)" classname="spec_perl_TestRepeatUntilCalcArrayType_t" time="4.81605529785156e-05" />
    <testcase name="Equals (839)" classname="spec_perl_TestRepeatUntilCalcArrayType_t" time="0.000105857849121094" />
    <testcase name="Equals (840)" classname="spec_perl_TestRepeatUntilCalcArrayType_t" time="0.000168085098266602" />
    <testcase name="Equals (841)" classname="spec_perl_TestRepeatUntilCalcArrayType_t" time="0.000127077102661133" />
    <testcase name="Equals (842)" classname="spec_perl_TestRepeatUntilCalcArrayType_t" time="0.00014495849609375" />
  </testsuite>
  <testsuite name="spec_perl_TestSwitchRepeatExpr_t" errors="0" failures="0" skipped="0" tests="3" time="0.0440230369567871">
    <system-out>1..3
ok 1 - Equals
ok 2 - Equals
ok 3 - Equals
</system-out>
    <testcase name="Equals (843)" classname="spec_perl_TestSwitchRepeatExpr_t" time="0.000510931015014648" />
    <testcase name="Equals (844)" classname="spec_perl_TestSwitchRepeatExpr_t" time="9.70363616943359e-05" />
    <testcase name="Equals (845)" classname="spec_perl_TestSwitchRepeatExpr_t" time="6.103515625e-05" />
  </testsuite>
</testsuites>
