<?xml version='1.0' encoding='utf-8'?>
<testsuites>
  <testsuite name="spec_perl_TestParamsPassArrayStr_t" errors="0" failures="1" skipped="6" tests="7" time="0.0543320178985596">
    <system-out>1..7
not ok 1 - test_params_pass_array_str died (Can't use an undefined value as an ARRAY reference at spec/perl/TestParamsPassArrayStr.t line 15.)
ok 2 # skip test_params_pass_array_str died
ok 3 # skip test_params_pass_array_str died
ok 4 # skip test_params_pass_array_str died
ok 5 # skip test_params_pass_array_str died
ok 6 # skip test_params_pass_array_str died
ok 7 # skip test_params_pass_array_str died
</system-out>
    <testcase name="test_params_pass_array_str died (Can't use an undefined value as an ARRAY reference at spec/perl/TestParamsPassArrayStr.t line 15.)" classname="spec_perl_TestParamsPassArrayStr_t" time="0.000959873199462891">
      <failure message="not ok 1 - test_params_pass_array_str died (Can't use an undefined value as an ARRAY reference at spec/perl/TestParamsPassArrayStr.t line 15.)" type="TAP::Parser::Result::Test"></failure>
    </testcase>
    <testcase name="Unnamed test case 1" classname="spec_perl_TestParamsPassArrayStr_t" time="0.000802040100097656">
      <skipped message="ok 2 # skip test_params_pass_array_str died" />
    </testcase>
    <testcase name="Unnamed test case 2" classname="spec_perl_TestParamsPassArrayStr_t" time="0.00029301643371582">
      <skipped message="ok 3 # skip test_params_pass_array_str died" />
    </testcase>
    <testcase name="Unnamed test case 3" classname="spec_perl_TestParamsPassArrayStr_t" time="0.000249862670898438">
      <skipped message="ok 4 # skip test_params_pass_array_str died" />
    </testcase>
    <testcase name="Unnamed test case 4" classname="spec_perl_TestParamsPassArrayStr_t" time="0.000271081924438477">
      <skipped message="ok 5 # skip test_params_pass_array_str died" />
    </testcase>
    <testcase name="Unnamed test case 5" classname="spec_perl_TestParamsPassArrayStr_t" time="0.000252008438110352">
      <skipped message="ok 6 # skip test_params_pass_array_str died" />
    </testcase>
    <testcase name="Unnamed test case 6" classname="spec_perl_TestParamsPassArrayStr_t" time="0.000260114669799805">
      <skipped message="ok 7 # skip test_params_pass_array_str died" />
    </testcase>
  </testsuite>
  <testsuite name="spec_perl_TestEnumInvalid_t" errors="0" failures="0" skipped="0" tests="2" time="0.0459260940551758">
    <system-out>1..2
ok 1 - Equals
ok 2 - Equals
</system-out>
    <testcase name="Equals (6)" classname="spec_perl_TestEnumInvalid_t" time="0.000273942947387695" />
    <testcase name="Equals (7)" classname="spec_perl_TestEnumInvalid_t" time="8.0108642578125e-05" />
  </testsuite>
  <testsuite name="spec_perl_TestExprStrOps_t" errors="1" failures="0" skipped="0" tests="0" time="0.04544997215271">
    <system-out></system-out>
    <testcase name="Test died too soon, even before plan. (7)" classname="spec_perl_TestExprStrOps_t" time="0.04544997215271">
      <failure message="The test suite died before a plan was produced. You need to have a plan." type="Plan">No plan</failure>
    </testcase>
  </testsuite>
  <testsuite name="spec_perl_TestIntegersMinMax_t" errors="0" failures="0" skipped="0" tests="28" time="0.0549240112304688">
    <system-out>1..28
ok 1 - Equals
ok 2 - Equals
ok 3 - Equals
ok 4 - Equals
ok 5 - Equals
ok 6 - Equals
ok 7 - Equals
ok 8 - Equals
ok 9 - Equals
ok 10 - Equals
ok 11 - Equals
ok 12 - Equals
ok 13 - Equals
ok 14 - Equals
ok 15 - Equals
ok 16 - Equals
ok 17 - Equals
ok 18 - Equals
ok 19 - Equals
ok 20 - Equals
ok 21 - Equals
ok 22 - Equals
ok 23 - Equals
ok 24 - Equals
ok 25 - Equals
ok 26 - Equals
ok 27 - Equals
ok 28 - Equals
</system-out>
    <testcase name="Equals (8)" classname="spec_perl_TestIntegersMinMax_t" time="0.000347137451171875" />
    <testcase name="Equals (9)" classname="spec_perl_TestIntegersMinMax_t" time="8.89301300048828e-05" />
    <testcase name="Equals (10)" classname="spec_perl_TestIntegersMinMax_t" time="0.000112056732177734" />
    <testcase name="Equals (11)" classname="spec_perl_TestIntegersMinMax_t" time="0.000163793563842773" />
    <testcase name="Equals (12)" classname="spec_perl_TestIntegersMinMax_t" time="0.000120162963867188" />
    <testcase name="Equals (13)" classname="spec_perl_TestIntegersMinMax_t" time="0.000154972076416016" />
    <testcase name="Equals (14)" classname="spec_perl_TestIntegersMinMax_t" time="0.000130891799926758" />
    <testcase name="Equals (15)" classname="spec_perl_TestIntegersMinMax_t" time="0.000169992446899414" />
    <testcase name="Equals (16)" classname="spec_perl_TestIntegersMinMax_t" time="0.000116109848022461" />
    <testcase name="Equals (17)" classname="spec_perl_TestIntegersMinMax_t" time="0.000150918960571289" />
    <testcase name="Equals (18)" classname="spec_perl_TestIntegersMinMax_t" time="0.000130176544189453" />
    <testcase name="Equals (19)" classname="spec_perl_TestIntegersMinMax_t" time="0.000123977661132812" />
    <testcase name="Equals (20)" classname="spec_perl_TestIntegersMinMax_t" time="0.00014495849609375" />
    <testcase name="Equals (21)" classname="spec_perl_TestIntegersMinMax_t" time="0.000149011611938477" />
    <testcase name="Equals (22)" classname="spec_perl_TestIntegersMinMax_t" time="0.000157833099365234" />
    <testcase name="Equals (23)" classname="spec_perl_TestIntegersMinMax_t" time="0.00012516975402832" />
    <testcase name="Equals (24)" classname="spec_perl_TestIntegersMinMax_t" time="0.000146865844726562" />
    <testcase name="Equals (25)" classname="spec_perl_TestIntegersMinMax_t" time="0.000131130218505859" />
    <testcase name="Equals (26)" classname="spec_perl_TestIntegersMinMax_t" time="0.000145912170410156" />
    <testcase name="Equals (27)" classname="spec_perl_TestIntegersMinMax_t" time="0.000129938125610352" />
    <testcase name="Equals (28)" classname="spec_perl_TestIntegersMinMax_t" time="0.00015711784362793" />
    <testcase name="Equals (29)" classname="spec_perl_TestIntegersMinMax_t" time="0.000149965286254883" />
    <testcase name="Equals (30)" classname="spec_perl_TestIntegersMinMax_t" time="0.000125885009765625" />
    <testcase name="Equals (31)" classname="spec_perl_TestIntegersMinMax_t" time="0.000149011611938477" />
    <testcase name="Equals (32)" classname="spec_perl_TestIntegersMinMax_t" time="0.000127077102661133" />
    <testcase name="Equals (33)" classname="spec_perl_TestIntegersMinMax_t" time="0.000123023986816406" />
    <testcase name="Equals (34)" classname="spec_perl_TestIntegersMinMax_t" time="0.000189065933227539" />
    <testcase name="Equals (35)" classname="spec_perl_TestIntegersMinMax_t" time="0.000114917755126953" />
  </testsuite>
  <testsuite name="spec_perl_TestCastNested_t" errors="0" failures="0" skipped="0" tests="4" time="0.0508790016174316">
    <system-out>1..4
ok 1 - Equals
ok 2 - Equals
ok 3 - Equals
ok 4 - Equals
</system-out>
    <testcase name="Equals (36)" classname="spec_perl_TestCastNested_t" time="0.00039982795715332" />
    <testcase name="Equals (37)" classname="spec_perl_TestCastNested_t" time="0.000107049942016602" />
    <testcase name="Equals (38)" classname="spec_perl_TestCastNested_t" time="6.103515625e-05" />
    <testcase name="Equals (39)" classname="spec_perl_TestCastNested_t" time="0.000164985656738281" />
  </testsuite>
  <testsuite name="spec_perl_TestImportsCircularA_t" errors="0" failures="0" skipped="0" tests="5" time="0.0461351871490479">
    <system-out>1..5
ok 1 - Equals
ok 2 - Equals
ok 3 - Equals
ok 4 - Equals
ok 5 - nil
</system-out>
    <testcase name="Equals (40)" classname="spec_perl_TestImportsCircularA_t" time="0.00027012825012207" />
    <testcase name="Equals (41)" classname="spec_perl_TestImportsCircularA_t" time="8.98838043212891e-05" />
    <testcase name="Equals (42)" classname="spec_perl_TestImportsCircularA_t" time="0.000126123428344727" />
    <testcase name="Equals (43)" classname="spec_perl_TestImportsCircularA_t" time="0.000134944915771484" />
    <testcase name="nil (43)" classname="spec_perl_TestImportsCircularA_t" time="6.50882720947266e-05" />
  </testsuite>
  <testsuite name="spec_perl_TestParamsPassStruct_t" errors="0" failures="1" skipped="1" tests="4" time="0.0503511428833008">
    <system-out>1..4
ok 1 - Equals
ok 2 - Equals
not ok 3 - test_params_pass_struct died (Can't call method &quot;foo&quot; on an undefined value at spec/perl/TestParamsPassStruct.t line 17.)
ok 4 # skip test_params_pass_struct died
</system-out>
    <testcase name="Equals (44)" classname="spec_perl_TestParamsPassStruct_t" time="0.000297069549560547" />
    <testcase name="Equals (45)" classname="spec_perl_TestParamsPassStruct_t" time="8.98838043212891e-05" />
    <testcase name="test_params_pass_struct died (Can't call method &quot;foo&quot; on an undefined value at spec/perl/TestParamsPassStruct.t line 17.) (45)" classname="spec_perl_TestParamsPassStruct_t" time="0.000235080718994141">
      <failure message="not ok 3 - test_params_pass_struct died (Can't call method &quot;foo&quot; on an undefined value at spec/perl/TestParamsPassStruct.t line 17.)" type="TAP::Parser::Result::Test"></failure>
    </testcase>
    <testcase name="Unnamed test case 45" classname="spec_perl_TestParamsPassStruct_t" time="0.000638008117675781">
      <skipped message="ok 4 # skip test_params_pass_struct died" />
    </testcase>
  </testsuite>
  <testsuite name="spec_perl_TestFloatingPoints_t" errors="0" failures="0" skipped="0" tests="8" time="0.0479021072387695">
    <system-out>1..8
ok 1 - Approx equals
ok 2 - Approx equals
ok 3 - Approx equals
ok 4 - Approx equals
ok 5 - Approx equals
ok 6 - Approx equals
ok 7 - Approx equals
ok 8 - Approx equals
</system-out>
    <testcase name="Approx equals (45)" classname="spec_perl_TestFloatingPoints_t" time="0.000196218490600586" />
    <testcase name="Approx equals (46)" classname="spec_perl_TestFloatingPoints_t" time="6.98566436767578e-05" />
    <testcase name="Approx equals (47)" classname="spec_perl_TestFloatingPoints_t" time="4.60147857666016e-05" />
    <testcase name="Approx equals (48)" classname="spec_perl_TestFloatingPoints_t" time="4.29153442382812e-05" />
    <testcase name="Approx equals (49)" classname="spec_perl_TestFloatingPoints_t" time="5.41210174560547e-05" />
    <testcase name="Approx equals (50)" classname="spec_perl_TestFloatingPoints_t" time="3.91006469726562e-05" />
    <testcase name="Approx equals (51)" classname="spec_perl_TestFloatingPoints_t" time="3.69548797607422e-05" />
    <testcase name="Approx equals (52)" classname="spec_perl_TestFloatingPoints_t" time="4.88758087158203e-05" />
  </testsuite>
  <testsuite name="spec_perl_TestIfStruct_t" errors="0" failures="0" skipped="0" tests="7" time="0.0496199131011963">
    <system-out>1..7
ok 1 - Equals
ok 2 - Equals
ok 3 - Equals
ok 4 - Equals
ok 5 - Equals
ok 6 - Equals
ok 7 - Equals
</system-out>
    <testcase name="Equals (52)" classname="spec_perl_TestIfStruct_t" time="0.000463008880615234" />
    <testcase name="Equals (53)" classname="spec_perl_TestIfStruct_t" time="9.39369201660156e-05" />
    <testcase name="Equals (54)" classname="spec_perl_TestIfStruct_t" time="6.79492950439453e-05" />
    <testcase name="Equals (55)" classname="spec_perl_TestIfStruct_t" time="0.000113010406494141" />
    <testcase name="Equals (56)" classname="spec_perl_TestIfStruct_t" time="0.000136137008666992" />
    <testcase name="Equals (57)" classname="spec_perl_TestIfStruct_t" time="0.000128984451293945" />
    <testcase name="Equals (58)" classname="spec_perl_TestIfStruct_t" time="0.000121831893920898" />
  </testsuite>
  <testsuite name="spec_perl_TestFixedStruct_t" errors="1" failures="0" skipped="0" tests="0" time="0.0561659336090088">
    <system-out></system-out>
    <testcase name="Test died too soon, even before plan. (58)" classname="spec_perl_TestFixedStruct_t" time="0.0561659336090088">
      <failure message="The test suite died before a plan was produced. You need to have a plan." type="Plan">No plan</failure>
    </testcase>
  </testsuite>
  <testsuite name="spec_perl_TestParamsPassUsertype_t" errors="0" failures="1" skipped="1" tests="2" time="0.0500860214233398">
    <system-out>1..2
not ok 1 - test_params_pass_usertype died (Can't call method &quot;foo&quot; on an undefined value at compiled/perl/ParamsPassUsertype.pm line 119.)
ok 2 # skip test_params_pass_usertype died
</system-out>
    <testcase name="test_params_pass_usertype died (Can't call method &quot;foo&quot; on an undefined value at compiled/perl/ParamsPassUsertype.pm line 119.) (58)" classname="spec_perl_TestParamsPassUsertype_t" time="0.000353097915649414">
      <failure message="not ok 1 - test_params_pass_usertype died (Can't call method &quot;foo&quot; on an undefined value at compiled/perl/ParamsPassUsertype.pm line 119.)" type="TAP::Parser::Result::Test"></failure>
    </testcase>
    <testcase name="Unnamed test case 58" classname="spec_perl_TestParamsPassUsertype_t" time="0.000571966171264648">
      <skipped message="ok 2 # skip test_params_pass_usertype died" />
    </testcase>
  </testsuite>
  <testsuite name="spec_perl_TestEnumFancy_t" errors="0" failures="0" skipped="0" tests="2" time="0.0445549488067627">
    <system-out>1..2
ok 1 - Equals
ok 2 - Equals
</system-out>
    <testcase name="Equals (59)" classname="spec_perl_TestEnumFancy_t" time="0.000284910202026367" />
    <testcase name="Equals (60)" classname="spec_perl_TestEnumFancy_t" time="8.20159912109375e-05" />
  </testsuite>
  <testsuite name="spec_perl_TestEosExceptionBytes_t" errors="0" failures="0" skipped="0" tests="1" time="0.0461699962615967">
    <system-out>1..1
ok 1 - Died
</system-out>
    <testcase name="Died (60)" classname="spec_perl_TestEosExceptionBytes_t" time="0.000547885894775391" />
  </testsuite>
  <testsuite name="spec_perl_TestValidNotParsedIf_t" errors="1" failures="0" skipped="0" tests="0" time="0.0547738075256348">
    <system-out></system-out>
    <testcase name="Test died too soon, even before plan. (60)" classname="spec_perl_TestValidNotParsedIf_t" time="0.0547738075256348">
      <failure message="The test suite died before a plan was produced. You need to have a plan." type="Plan">No plan</failure>
    </testcase>
  </testsuite>
  <testsuite name="spec_perl_TestParamsPassArrayUsertype_t" errors="0" failures="1" skipped="4" tests="5" time="0.0519678592681885">
    <system-out>1..5
not ok 1 - test_params_pass_array_usertype died (Can't use an undefined value as an ARRAY reference at compiled/perl/ParamsPassArrayUsertype.pm line 123.)
ok 2 # skip test_params_pass_array_usertype died
ok 3 # skip test_params_pass_array_usertype died
ok 4 # skip test_params_pass_array_usertype died
ok 5 # skip test_params_pass_array_usertype died
</system-out>
    <testcase name="test_params_pass_array_usertype died (Can't use an undefined value as an ARRAY reference at compiled/perl/ParamsPassArrayUsertype.pm line 123.) (60)" classname="spec_perl_TestParamsPassArrayUsertype_t" time="0.000347137451171875">
      <failure message="not ok 1 - test_params_pass_array_usertype died (Can't use an undefined value as an ARRAY reference at compiled/perl/ParamsPassArrayUsertype.pm line 123.)" type="TAP::Parser::Result::Test"></failure>
    </testcase>
    <testcase name="Unnamed test case 60" classname="spec_perl_TestParamsPassArrayUsertype_t" time="0.000607013702392578">
      <skipped message="ok 2 # skip test_params_pass_array_usertype died" />
    </testcase>
    <testcase name="Unnamed test case 61" classname="spec_perl_TestParamsPassArrayUsertype_t" time="0.000428915023803711">
      <skipped message="ok 3 # skip test_params_pass_array_usertype died" />
    </testcase>
    <testcase name="Unnamed test case 62" classname="spec_perl_TestParamsPassArrayUsertype_t" time="0.000313997268676758">
      <skipped message="ok 4 # skip test_params_pass_array_usertype died" />
    </testcase>
    <testcase name="Unnamed test case 63" classname="spec_perl_TestParamsPassArrayUsertype_t" time="0.000324010848999023">
      <skipped message="ok 5 # skip test_params_pass_array_usertype died" />
    </testcase>
  </testsuite>
  <testsuite name="spec_perl_TestImports0_t" errors="0" failures="0" skipped="0" tests="3" time="0.0456411838531494">
    <system-out>1..3
ok 1 - Equals
ok 2 - Equals
ok 3 - Equals
</system-out>
    <testcase name="Equals (63)" classname="spec_perl_TestImports0_t" time="0.000264883041381836" />
    <testcase name="Equals (64)" classname="spec_perl_TestImports0_t" time="8.20159912109375e-05" />
    <testcase name="Equals (65)" classname="spec_perl_TestImports0_t" time="0.00014495849609375" />
  </testsuite>
  <testsuite name="spec_perl_TestStrLiterals_t" errors="0" failures="0" skipped="0" tests="5" time="0.0462410449981689">
    <system-out>1..5
ok 1 - Equals
ok 2 - Equals
ok 3 - Equals
ok 4 - Equals
ok 5 - Equals
</system-out>
    <testcase name="Equals (66)" classname="spec_perl_TestStrLiterals_t" time="0.000306129455566406" />
    <testcase name="Equals (67)" classname="spec_perl_TestStrLiterals_t" time="0.000102043151855469" />
    <testcase name="Equals (68)" classname="spec_perl_TestStrLiterals_t" time="0.000152826309204102" />
    <testcase name="Equals (69)" classname="spec_perl_TestStrLiterals_t" time="0.000140190124511719" />
    <testcase name="Equals (70)" classname="spec_perl_TestStrLiterals_t" time="0.000171899795532227" />
  </testsuite>
  <testsuite name="spec_perl_TestEnumLongRangeU_t" errors="0" failures="0" skipped="0" tests="4" time="0.0472350120544434">
    <system-out>1..4
ok 1 - Equals
ok 2 - Equals
ok 3 - Equals
ok 4 - Equals
</system-out>
    <testcase name="Equals (71)" classname="spec_perl_TestEnumLongRangeU_t" time="0.000212907791137695" />
    <testcase name="Equals (72)" classname="spec_perl_TestEnumLongRangeU_t" time="9.79900360107422e-05" />
    <testcase name="Equals (73)" classname="spec_perl_TestEnumLongRangeU_t" time="0.000155925750732422" />
    <testcase name="Equals (74)" classname="spec_perl_TestEnumLongRangeU_t" time="0.000120162963867188" />
  </testsuite>
  <testsuite name="spec_perl_TestNavRoot_t" errors="0" failures="0" skipped="0" tests="5" time="0.0503079891204834">
    <system-out>1..5
ok 1 - Equals
ok 2 - Equals
ok 3 - Equals
ok 4 - Equals
ok 5 - Equals
</system-out>
    <testcase name="Equals (75)" classname="spec_perl_TestNavRoot_t" time="0.000411033630371094" />
    <testcase name="Equals (76)" classname="spec_perl_TestNavRoot_t" time="8.98838043212891e-05" />
    <testcase name="Equals (77)" classname="spec_perl_TestNavRoot_t" time="5.81741333007812e-05" />
    <testcase name="Equals (78)" classname="spec_perl_TestNavRoot_t" time="0.0001678466796875" />
    <testcase name="Equals (79)" classname="spec_perl_TestNavRoot_t" time="0.000133037567138672" />
  </testsuite>
  <testsuite name="spec_perl_TestExpr2_t" errors="0" failures="0" skipped="0" tests="17" time="0.050896167755127">
    <system-out>1..17
ok 1 - Equals
ok 2 - Equals
ok 3 - Equals
ok 4 - Equals
ok 5 - Equals
ok 6 - Equals
ok 7 - Equals
ok 8 - Equals
ok 9 - Equals
ok 10 - Equals
ok 11 - Equals
ok 12 - Equals
ok 13 - Equals
ok 14 - Equals
ok 15 - Equals
ok 16 - Equals
ok 17 - Equals
</system-out>
    <testcase name="Equals (80)" classname="spec_perl_TestExpr2_t" time="0.000713109970092773" />
    <testcase name="Equals (81)" classname="spec_perl_TestExpr2_t" time="0.000105857849121094" />
    <testcase name="Equals (82)" classname="spec_perl_TestExpr2_t" time="5.81741333007812e-05" />
    <testcase name="Equals (83)" classname="spec_perl_TestExpr2_t" time="0.000138044357299805" />
    <testcase name="Equals (84)" classname="spec_perl_TestExpr2_t" time="0.000131845474243164" />
    <testcase name="Equals (85)" classname="spec_perl_TestExpr2_t" time="0.000179052352905273" />
    <testcase name="Equals (86)" classname="spec_perl_TestExpr2_t" time="0.000116109848022461" />
    <testcase name="Equals (87)" classname="spec_perl_TestExpr2_t" time="0.00020289421081543" />
    <testcase name="Equals (88)" classname="spec_perl_TestExpr2_t" time="0.000159025192260742" />
    <testcase name="Equals (89)" classname="spec_perl_TestExpr2_t" time="0.000124931335449219" />
    <testcase name="Equals (90)" classname="spec_perl_TestExpr2_t" time="0.000124931335449219" />
    <testcase name="Equals (91)" classname="spec_perl_TestExpr2_t" time="0.000154018402099609" />
    <testcase name="Equals (92)" classname="spec_perl_TestExpr2_t" time="0.00014805793762207" />
    <testcase name="Equals (93)" classname="spec_perl_TestExpr2_t" time="0.000174045562744141" />
    <testcase name="Equals (94)" classname="spec_perl_TestExpr2_t" time="0.000106096267700195" />
    <testcase name="Equals (95)" classname="spec_perl_TestExpr2_t" time="0.000144004821777344" />
    <testcase name="Equals (96)" classname="spec_perl_TestExpr2_t" time="0.000116825103759766" />
  </testsuite>
  <testsuite name="spec_perl_TestCombineStr_t" errors="0" failures="0" skipped="0" tests="15" time="0.0525100231170654">
    <system-out>1..15
ok 1 - Equals
ok 2 - Equals
ok 3 - Equals
ok 4 - Equals
ok 5 - Equals
ok 6 - Equals
ok 7 - Equals
ok 8 - Equals
ok 9 - Equals
ok 10 - Equals
ok 11 - Equals
ok 12 - Equals
ok 13 - Equals
ok 14 - Equals
ok 15 - Equals
</system-out>
    <testcase name="Equals (97)" classname="spec_perl_TestCombineStr_t" time="0.000367164611816406" />
    <testcase name="Equals (98)" classname="spec_perl_TestCombineStr_t" time="0.000111818313598633" />
    <testcase name="Equals (99)" classname="spec_perl_TestCombineStr_t" time="6.00814819335938e-05" />
    <testcase name="Equals (100)" classname="spec_perl_TestCombineStr_t" time="0.000158071517944336" />
    <testcase name="Equals (101)" classname="spec_perl_TestCombineStr_t" time="0.000147819519042969" />
    <testcase name="Equals (102)" classname="spec_perl_TestCombineStr_t" time="0.00015711784362793" />
    <testcase name="Equals (103)" classname="spec_perl_TestCombineStr_t" time="0.000156879425048828" />
    <testcase name="Equals (104)" classname="spec_perl_TestCombineStr_t" time="0.000158071517944336" />
    <testcase name="Equals (105)" classname="spec_perl_TestCombineStr_t" time="0.000173091888427734" />
    <testcase name="Equals (106)" classname="spec_perl_TestCombineStr_t" time="0.000171899795532227" />
    <testcase name="Equals (107)" classname="spec_perl_TestCombineStr_t" time="0.000123023986816406" />
    <testcase name="Equals (108)" classname="spec_perl_TestCombineStr_t" time="0.000168085098266602" />
    <testcase name="Equals (109)" classname="spec_perl_TestCombineStr_t" time="0.000125885009765625" />
    <testcase name="Equals (110)" classname="spec_perl_TestCombineStr_t" time="0.000164031982421875" />
    <testcase name="Equals (111)" classname="spec_perl_TestCombineStr_t" time="0.000175952911376953" />
  </testsuite>
  <testsuite name="spec_perl_TestProcessCoerceUsertype2_t" errors="0" failures="0" skipped="0" tests="4" time="0.0459291934967041">
    <system-out>1..4
ok 1 - Equals
ok 2 - Equals
ok 3 - Equals
ok 4 - Equals
</system-out>
    <testcase name="Equals (112)" classname="spec_perl_TestProcessCoerceUsertype2_t" time="0.000743865966796875" />
    <testcase name="Equals (113)" classname="spec_perl_TestProcessCoerceUsertype2_t" time="0.000159025192260742" />
    <testcase name="Equals (114)" classname="spec_perl_TestProcessCoerceUsertype2_t" time="6.41345977783203e-05" />
    <testcase name="Equals (115)" classname="spec_perl_TestProcessCoerceUsertype2_t" time="0.000133991241455078" />
  </testsuite>
  <testsuite name="spec_perl_TestProcessCustomNoArgs_t" errors="1" failures="0" skipped="0" tests="0" time="0.0629041194915771">
    <system-out></system-out>
    <testcase name="Test died too soon, even before plan. (115)" classname="spec_perl_TestProcessCustomNoArgs_t" time="0.0629041194915771">
      <failure message="The test suite died before a plan was produced. You need to have a plan." type="Plan">No plan</failure>
    </testcase>
  </testsuite>
  <testsuite name="spec_perl_TestProcessCoerceSwitch_t" errors="0" failures="0" skipped="0" tests="3" time="0.0467429161071777">
    <system-out>1..3
ok 1 - Equals
ok 2 - Equals
ok 3 - Equals
</system-out>
    <testcase name="Equals (116)" classname="spec_perl_TestProcessCoerceSwitch_t" time="0.000616073608398438" />
    <testcase name="Equals (117)" classname="spec_perl_TestProcessCoerceSwitch_t" time="0.000108003616333008" />
    <testcase name="Equals (118)" classname="spec_perl_TestProcessCoerceSwitch_t" time="5.48362731933594e-05" />
  </testsuite>
  <testsuite name="spec_perl_TestParamsPassArrayStruct_t" errors="0" failures="1" skipped="2" tests="3" time="0.0502879619598389">
    <system-out>1..3
not ok 1 - test_params_pass_array_struct died (Can't use an undefined value as an ARRAY reference at spec/perl/TestParamsPassArrayStruct.t line 15.)
ok 2 # skip test_params_pass_array_struct died
ok 3 # skip test_params_pass_array_struct died
</system-out>
    <testcase name="test_params_pass_array_struct died (Can't use an undefined value as an ARRAY reference at spec/perl/TestParamsPassArrayStruct.t line 15.) (118)" classname="spec_perl_TestParamsPassArrayStruct_t" time="0.000400066375732422">
      <failure message="not ok 1 - test_params_pass_array_struct died (Can't use an undefined value as an ARRAY reference at spec/perl/TestParamsPassArrayStruct.t line 15.)" type="TAP::Parser::Result::Test"></failure>
    </testcase>
    <testcase name="Unnamed test case 118" classname="spec_perl_TestParamsPassArrayStruct_t" time="0.000446796417236328">
      <skipped message="ok 2 # skip test_params_pass_array_struct died" />
    </testcase>
    <testcase name="Unnamed test case 119" classname="spec_perl_TestParamsPassArrayStruct_t" time="0.000433206558227539">
      <skipped message="ok 3 # skip test_params_pass_array_struct died" />
    </testcase>
  </testsuite>
  <testsuite name="spec_perl_TestImportsAbs_t" errors="0" failures="0" skipped="0" tests="2" time="0.0464589595794678">
    <system-out>1..2
ok 1 - Equals
ok 2 - Equals
</system-out>
    <testcase name="Equals (119)" classname="spec_perl_TestImportsAbs_t" time="0.000292062759399414" />
    <testcase name="Equals (120)" classname="spec_perl_TestImportsAbs_t" time="8.0108642578125e-05" />
  </testsuite>
  <testsuite name="spec_perl_TestExprSizeofType0_t" errors="0" failures="0" skipped="0" tests="1" time="0.0466711521148682">
    <system-out>1..1
ok 1 - Equals
</system-out>
    <testcase name="Equals (121)" classname="spec_perl_TestExprSizeofType0_t" time="0.000308990478515625" />
  </testsuite>
  <testsuite name="spec_perl_TestNavParentFalse_t" errors="0" failures="0" skipped="0" tests="5" time="0.047882080078125">
    <system-out>1..5
ok 1 - Equals
ok 2 - Equals
ok 3 - Equals
ok 4 - Equals
ok 5 - Equals
</system-out>
    <testcase name="Equals (122)" classname="spec_perl_TestNavParentFalse_t" time="0.000370979309082031" />
    <testcase name="Equals (123)" classname="spec_perl_TestNavParentFalse_t" time="8.51154327392578e-05" />
    <testcase name="Equals (124)" classname="spec_perl_TestNavParentFalse_t" time="0.000121831893920898" />
    <testcase name="Equals (125)" classname="spec_perl_TestNavParentFalse_t" time="0.000154972076416016" />
    <testcase name="Equals (126)" classname="spec_perl_TestNavParentFalse_t" time="0.000140190124511719" />
  </testsuite>
  <testsuite name="spec_perl_TestParamsPassArrayInt_t" errors="0" failures="1" skipped="6" tests="7" time="0.0576329231262207">
    <system-out>1..7
not ok 1 - test_params_pass_array_int died (Can't use an undefined value as an ARRAY reference at spec/perl/TestParamsPassArrayInt.t line 15.)
ok 2 # skip test_params_pass_array_int died
ok 3 # skip test_params_pass_array_int died
ok 4 # skip test_params_pass_array_int died
ok 5 # skip test_params_pass_array_int died
ok 6 # skip test_params_pass_array_int died
ok 7 # skip test_params_pass_array_int died
</system-out>
    <testcase name="test_params_pass_array_int died (Can't use an undefined value as an ARRAY reference at spec/perl/TestParamsPassArrayInt.t line 15.) (126)" classname="spec_perl_TestParamsPassArrayInt_t" time="0.000987052917480469">
      <failure message="not ok 1 - test_params_pass_array_int died (Can't use an undefined value as an ARRAY reference at spec/perl/TestParamsPassArrayInt.t line 15.)" type="TAP::Parser::Result::Test"></failure>
    </testcase>
    <testcase name="Unnamed test case 126" classname="spec_perl_TestParamsPassArrayInt_t" time="0.000966072082519531">
      <skipped message="ok 2 # skip test_params_pass_array_int died" />
    </testcase>
    <testcase name="Unnamed test case 127" classname="spec_perl_TestParamsPassArrayInt_t" time="0.000356912612915039">
      <skipped message="ok 3 # skip test_params_pass_array_int died" />
    </testcase>
    <testcase name="Unnamed test case 128" classname="spec_perl_TestParamsPassArrayInt_t" time="0.000358104705810547">
      <skipped message="ok 4 # skip test_params_pass_array_int died" />
    </testcase>
    <testcase name="Unnamed test case 129" classname="spec_perl_TestParamsPassArrayInt_t" time="0.000262975692749023">
      <skipped message="ok 5 # skip test_params_pass_array_int died" />
    </testcase>
    <testcase name="Unnamed test case 130" classname="spec_perl_TestParamsPassArrayInt_t" time="0.000340938568115234">
      <skipped message="ok 6 # skip test_params_pass_array_int died" />
    </testcase>
    <testcase name="Unnamed test case 131" classname="spec_perl_TestParamsPassArrayInt_t" time="0.000283956527709961">
      <skipped message="ok 7 # skip test_params_pass_array_int died" />
    </testcase>
  </testsuite>
  <testsuite name="spec_perl_TestDefaultEndianExprIsBe_t" errors="0" failures="0" skipped="0" tests="18" time="0.0482590198516846">
    <system-out>1..18
ok 1 - Equals
ok 2 - Equals
ok 3 - Equals
ok 4 - Equals
ok 5 - Equals
ok 6 - Equals
ok 7 - Equals
ok 8 - Equals
ok 9 - Equals
ok 10 - Equals
ok 11 - Equals
ok 12 - Equals
ok 13 - Equals
ok 14 - Equals
ok 15 - Equals
ok 16 - Equals
ok 17 - Equals
ok 18 - Equals
</system-out>
    <testcase name="Equals (131)" classname="spec_perl_TestDefaultEndianExprIsBe_t" time="0.000362873077392578" />
    <testcase name="Equals (132)" classname="spec_perl_TestDefaultEndianExprIsBe_t" time="9.89437103271484e-05" />
    <testcase name="Equals (133)" classname="spec_perl_TestDefaultEndianExprIsBe_t" time="5.69820404052734e-05" />
    <testcase name="Equals (134)" classname="spec_perl_TestDefaultEndianExprIsBe_t" time="0.000132083892822266" />
    <testcase name="Equals (135)" classname="spec_perl_TestDefaultEndianExprIsBe_t" time="0.000169992446899414" />
    <testcase name="Equals (136)" classname="spec_perl_TestDefaultEndianExprIsBe_t" time="0.000172138214111328" />
    <testcase name="Equals (137)" classname="spec_perl_TestDefaultEndianExprIsBe_t" time="0.00010991096496582" />
    <testcase name="Equals (138)" classname="spec_perl_TestDefaultEndianExprIsBe_t" time="0.000149011611938477" />
    <testcase name="Equals (139)" classname="spec_perl_TestDefaultEndianExprIsBe_t" time="0.000115871429443359" />
    <testcase name="Equals (140)" classname="spec_perl_TestDefaultEndianExprIsBe_t" time="0.00012516975402832" />
    <testcase name="Equals (141)" classname="spec_perl_TestDefaultEndianExprIsBe_t" time="0.000162839889526367" />
    <testcase name="Equals (142)" classname="spec_perl_TestDefaultEndianExprIsBe_t" time="0.000164031982421875" />
    <testcase name="Equals (143)" classname="spec_perl_TestDefaultEndianExprIsBe_t" time="0.000126123428344727" />
    <testcase name="Equals (144)" classname="spec_perl_TestDefaultEndianExprIsBe_t" time="0.000146865844726562" />
    <testcase name="Equals (145)" classname="spec_perl_TestDefaultEndianExprIsBe_t" time="0.000117063522338867" />
    <testcase name="Equals (146)" classname="spec_perl_TestDefaultEndianExprIsBe_t" time="0.000145912170410156" />
    <testcase name="Equals (147)" classname="spec_perl_TestDefaultEndianExprIsBe_t" time="0.000145196914672852" />
    <testcase name="Equals (148)" classname="spec_perl_TestDefaultEndianExprIsBe_t" time="0.000155925750732422" />
  </testsuite>
  <testsuite name="spec_perl_TestEnumOfValueInst_t" errors="0" failures="0" skipped="0" tests="4" time="0.0453159809112549">
    <system-out>1..4
ok 1 - Equals
ok 2 - Equals
ok 3 - Equals
ok 4 - Equals
</system-out>
    <testcase name="Equals (149)" classname="spec_perl_TestEnumOfValueInst_t" time="0.000249862670898438" />
    <testcase name="Equals (150)" classname="spec_perl_TestEnumOfValueInst_t" time="7.41481781005859e-05" />
    <testcase name="Equals (151)" classname="spec_perl_TestEnumOfValueInst_t" time="0.000134944915771484" />
    <testcase name="Equals (152)" classname="spec_perl_TestEnumOfValueInst_t" time="0.000138998031616211" />
  </testsuite>
  <testsuite name="spec_perl_TestSwitchManualIntElse_t" errors="0" failures="0" skipped="0" tests="9" time="0.0512690544128418">
    <system-out>1..9
ok 1 - Equals
ok 2 - Equals
ok 3 - Equals
ok 4 - Equals
ok 5 - Equals
ok 6 - Equals
ok 7 - Equals
ok 8 - Equals
ok 9 - Equals
</system-out>
    <testcase name="Equals (153)" classname="spec_perl_TestSwitchManualIntElse_t" time="0.000391006469726562" />
    <testcase name="Equals (154)" classname="spec_perl_TestSwitchManualIntElse_t" time="9.10758972167969e-05" />
    <testcase name="Equals (155)" classname="spec_perl_TestSwitchManualIntElse_t" time="8.79764556884766e-05" />
    <testcase name="Equals (156)" classname="spec_perl_TestSwitchManualIntElse_t" time="0.000138044357299805" />
    <testcase name="Equals (157)" classname="spec_perl_TestSwitchManualIntElse_t" time="0.000138998031616211" />
    <testcase name="Equals (158)" classname="spec_perl_TestSwitchManualIntElse_t" time="0.00014185905456543" />
    <testcase name="Equals (159)" classname="spec_perl_TestSwitchManualIntElse_t" time="0.000154018402099609" />
    <testcase name="Equals (160)" classname="spec_perl_TestSwitchManualIntElse_t" time="0.000133037567138672" />
    <testcase name="Equals (161)" classname="spec_perl_TestSwitchManualIntElse_t" time="0.000151872634887695" />
  </testsuite>
  <testsuite name="spec_perl_TestExprBits_t" errors="0" failures="0" skipped="0" tests="10" time="0.0484969615936279">
    <system-out>1..10
ok 1 - Equals
ok 2 - Equals
ok 3 - Equals
ok 4 - Equals
ok 5 - Equals
ok 6 - Equals
ok 7 - Equals
ok 8 - Equals
ok 9 - Equals
ok 10 - Equals
</system-out>
    <testcase name="Equals (162)" classname="spec_perl_TestExprBits_t" time="0.000367164611816406" />
    <testcase name="Equals (163)" classname="spec_perl_TestExprBits_t" time="8.98838043212891e-05" />
    <testcase name="Equals (164)" classname="spec_perl_TestExprBits_t" time="6.00814819335938e-05" />
    <testcase name="Equals (165)" classname="spec_perl_TestExprBits_t" time="0.000174045562744141" />
    <testcase name="Equals (166)" classname="spec_perl_TestExprBits_t" time="0.000113964080810547" />
    <testcase name="Equals (167)" classname="spec_perl_TestExprBits_t" time="0.000149011611938477" />
    <testcase name="Equals (168)" classname="spec_perl_TestExprBits_t" time="0.000118017196655273" />
    <testcase name="Equals (169)" classname="spec_perl_TestExprBits_t" time="0.000149965286254883" />
    <testcase name="Equals (170)" classname="spec_perl_TestExprBits_t" time="0.000129938125610352" />
    <testcase name="Equals (171)" classname="spec_perl_TestExprBits_t" time="0.000169992446899414" />
  </testsuite>
  <testsuite name="spec_perl_TestRecursiveOne_t" errors="0" failures="0" skipped="0" tests="4" time="0.0470418930053711">
    <system-out>1..4
ok 1 - Equals
ok 2 - Equals
ok 3 - Equals
ok 4 - Equals
</system-out>
    <testcase name="Equals (172)" classname="spec_perl_TestRecursiveOne_t" time="0.000262975692749023" />
    <testcase name="Equals (173)" classname="spec_perl_TestRecursiveOne_t" time="8.10623168945312e-05" />
    <testcase name="Equals (174)" classname="spec_perl_TestRecursiveOne_t" time="0.000180959701538086" />
    <testcase name="Equals (175)" classname="spec_perl_TestRecursiveOne_t" time="0.000138044357299805" />
  </testsuite>
  <testsuite name="spec_perl_TestProcessXor4Value_t" errors="0" failures="0" skipped="0" tests="2" time="0.0463709831237793">
    <system-out>1..2
ok 1 - Equals
ok 2 - Equals
</system-out>
    <testcase name="Equals (176)" classname="spec_perl_TestProcessXor4Value_t" time="0.000287055969238281" />
    <testcase name="Equals (177)" classname="spec_perl_TestProcessXor4Value_t" time="8.10623168945312e-05" />
  </testsuite>
  <testsuite name="spec_perl_TestExprIoEof_t" errors="0" failures="0" skipped="0" tests="4" time="0.0458860397338867">
    <system-out>1..4
ok 1 - Equals
ok 2 - nil
ok 3 - Equals
ok 4 - Equals
</system-out>
    <testcase name="Equals (178)" classname="spec_perl_TestExprIoEof_t" time="0.000598907470703125" />
    <testcase name="nil (178)" classname="spec_perl_TestExprIoEof_t" time="0.000102996826171875" />
    <testcase name="Equals (179)" classname="spec_perl_TestExprIoEof_t" time="4.60147857666016e-05" />
    <testcase name="Equals (180)" classname="spec_perl_TestExprIoEof_t" time="5.69820404052734e-05" />
  </testsuite>
  <testsuite name="spec_perl_TestIndexToParamUntil_t" errors="0" failures="2" skipped="0" tests="7" time="0.0635139942169189">
    <system-out>1..7
ok 1 - Equals
ok 2 - Equals
ok 3 - Equals
ok 4 - Equals
ok 5 - Equals
not ok 6 - Equals
not ok 7 - Equals
</system-out>
    <testcase name="Equals (181)" classname="spec_perl_TestIndexToParamUntil_t" time="0.000403165817260742" />
    <testcase name="Equals (182)" classname="spec_perl_TestIndexToParamUntil_t" time="0.000367879867553711" />
    <testcase name="Equals (183)" classname="spec_perl_TestIndexToParamUntil_t" time="0.000298976898193359" />
    <testcase name="Equals (184)" classname="spec_perl_TestIndexToParamUntil_t" time="0.000283956527709961" />
    <testcase name="Equals (185)" classname="spec_perl_TestIndexToParamUntil_t" time="0.00027918815612793" />
    <testcase name="Equals (186)" classname="spec_perl_TestIndexToParamUntil_t" time="0.000375986099243164">
      <failure message="not ok 6 - Equals" type="TAP::Parser::Result::Test"></failure>
    </testcase>
    <testcase name="Equals (187)" classname="spec_perl_TestIndexToParamUntil_t" time="0.000896930694580078">
      <failure message="not ok 7 - Equals" type="TAP::Parser::Result::Test"></failure>
    </testcase>
  </testsuite>
  <testsuite name="spec_perl_TestDefaultBitEndianMod_t" errors="0" failures="0" skipped="0" tests="4" time="0.0457358360290527">
    <system-out>1..4
ok 1 - Equals
ok 2 - Equals
ok 3 - Equals
ok 4 - Equals
</system-out>
    <testcase name="Equals (188)" classname="spec_perl_TestDefaultBitEndianMod_t" time="0.000360012054443359" />
    <testcase name="Equals (189)" classname="spec_perl_TestDefaultBitEndianMod_t" time="8.60691070556641e-05" />
    <testcase name="Equals (190)" classname="spec_perl_TestDefaultBitEndianMod_t" time="7.29560852050781e-05" />
    <testcase name="Equals (191)" classname="spec_perl_TestDefaultBitEndianMod_t" time="0.000153064727783203" />
  </testsuite>
  <testsuite name="spec_perl_TestTypeTernary_t" errors="0" failures="0" skipped="0" tests="1" time="0.045158863067627">
    <system-out>1..1
ok 1 - Equals
</system-out>
    <testcase name="Equals (192)" classname="spec_perl_TestTypeTernary_t" time="0.000593900680541992" />
  </testsuite>
  <testsuite name="spec_perl_TestEnum0_t" errors="0" failures="0" skipped="0" tests="2" time="0.0456390380859375">
    <system-out>1..2
ok 1 - Equals
ok 2 - Equals
</system-out>
    <testcase name="Equals (193)" classname="spec_perl_TestEnum0_t" time="0.000301837921142578" />
    <testcase name="Equals (194)" classname="spec_perl_TestEnum0_t" time="8.41617584228516e-05" />
  </testsuite>
  <testsuite name="spec_perl_TestCastToImported_t" errors="0" failures="0" skipped="0" tests="2" time="0.0471620559692383">
    <system-out>1..2
ok 1 - Equals
ok 2 - Equals
</system-out>
    <testcase name="Equals (195)" classname="spec_perl_TestCastToImported_t" time="0.000282049179077148" />
    <testcase name="Equals (196)" classname="spec_perl_TestCastToImported_t" time="8.0108642578125e-05" />
  </testsuite>
  <testsuite name="spec_perl_TestEnumForUnknownId_t" errors="0" failures="0" skipped="0" tests="1" time="0.0453481674194336">
    <system-out>1..1
ok 1 - Equals
</system-out>
    <testcase name="Equals (197)" classname="spec_perl_TestEnumForUnknownId_t" time="0.000255823135375977" />
  </testsuite>
  <testsuite name="spec_perl_TestNavParentVsValueInst_t" errors="0" failures="0" skipped="0" tests="1" time="0.0501501560211182">
    <system-out>1..1
ok 1 - Equals
</system-out>
    <testcase name="Equals (198)" classname="spec_perl_TestNavParentVsValueInst_t" time="0.000343799591064453" />
  </testsuite>
  <testsuite name="spec_perl_TestParamsEnum_t" errors="0" failures="1" skipped="0" tests="2" time="0.0603401660919189">
    <system-out>1..2
ok 1 - Equals
not ok 2 - Equals
</system-out>
    <testcase name="Equals (199)" classname="spec_perl_TestParamsEnum_t" time="0.000270843505859375" />
    <testcase name="Equals (200)" classname="spec_perl_TestParamsEnum_t" time="0.000184059143066406">
      <failure message="not ok 2 - Equals" type="TAP::Parser::Result::Test"></failure>
    </testcase>
  </testsuite>
  <testsuite name="spec_perl_TestBitsEnum_t" errors="0" failures="0" skipped="0" tests="3" time="0.04551100730896">
    <system-out>1..3
ok 1 - Equals
ok 2 - Equals
ok 3 - Equals
</system-out>
    <testcase name="Equals (201)" classname="spec_perl_TestBitsEnum_t" time="0.000286102294921875" />
    <testcase name="Equals (202)" classname="spec_perl_TestBitsEnum_t" time="8.29696655273438e-05" />
    <testcase name="Equals (203)" classname="spec_perl_TestBitsEnum_t" time="0.000124931335449219" />
  </testsuite>
  <testsuite name="spec_perl_TestSwitchCast_t" errors="0" failures="0" skipped="0" tests="2" time="0.0480179786682129">
    <system-out>1..2
ok 1 - Equals
ok 2 - Equals
</system-out>
    <testcase name="Equals (204)" classname="spec_perl_TestSwitchCast_t" time="0.000391006469726562" />
    <testcase name="Equals (205)" classname="spec_perl_TestSwitchCast_t" time="8.79764556884766e-05" />
  </testsuite>
  <testsuite name="spec_perl_TestEofExceptionU4_t" errors="0" failures="0" skipped="0" tests="1" time="0.0456769466400146">
    <system-out>1..1
ok 1 - Died
</system-out>
    <testcase name="Died (205)" classname="spec_perl_TestEofExceptionU4_t" time="0.000195026397705078" />
  </testsuite>
  <testsuite name="spec_perl_TestCombineBool_t" errors="0" failures="0" skipped="0" tests="2" time="0.0463647842407227">
    <system-out>1..2
ok 1 - Equals
ok 2 - Equals
</system-out>
    <testcase name="Equals (206)" classname="spec_perl_TestCombineBool_t" time="0.000279903411865234" />
    <testcase name="Equals (207)" classname="spec_perl_TestCombineBool_t" time="8.0108642578125e-05" />
  </testsuite>
  <testsuite name="spec_perl_TestDebugEnumName_t" errors="1" failures="0" skipped="0" tests="0" time="0.0471220016479492">
    <system-out></system-out>
    <testcase name="Test died too soon, even before plan. (207)" classname="spec_perl_TestDebugEnumName_t" time="0.0471220016479492">
      <failure message="The test suite died before a plan was produced. You need to have a plan." type="Plan">No plan</failure>
    </testcase>
  </testsuite>
  <testsuite name="spec_perl_TestRepeatUntilComplex_t" errors="0" failures="0" skipped="0" tests="17" time="0.0470321178436279">
    <system-out>1..17
ok 1 - Equals
ok 2 - Equals
ok 3 - Equals
ok 4 - Equals
ok 5 - Equals
ok 6 - Equals
ok 7 - Equals
ok 8 - Equals
ok 9 - Equals
ok 10 - Equals
ok 11 - Equals
ok 12 - Equals
ok 13 - Equals
ok 14 - Equals
ok 15 - Equals
ok 16 - Equals
ok 17 - Equals
</system-out>
    <testcase name="Equals (208)" classname="spec_perl_TestRepeatUntilComplex_t" time="0.000414848327636719" />
    <testcase name="Equals (209)" classname="spec_perl_TestRepeatUntilComplex_t" time="9.01222229003906e-05" />
    <testcase name="Equals (210)" classname="spec_perl_TestRepeatUntilComplex_t" time="0.000120878219604492" />
    <testcase name="Equals (211)" classname="spec_perl_TestRepeatUntilComplex_t" time="0.000143051147460938" />
    <testcase name="Equals (212)" classname="spec_perl_TestRepeatUntilComplex_t" time="0.000158071517944336" />
    <testcase name="Equals (213)" classname="spec_perl_TestRepeatUntilComplex_t" time="0.000128030776977539" />
    <testcase name="Equals (214)" classname="spec_perl_TestRepeatUntilComplex_t" time="8.392333984375e-05" />
    <testcase name="Equals (215)" classname="spec_perl_TestRepeatUntilComplex_t" time="0.000153064727783203" />
    <testcase name="Equals (216)" classname="spec_perl_TestRepeatUntilComplex_t" time="0.000113964080810547" />
    <testcase name="Equals (217)" classname="spec_perl_TestRepeatUntilComplex_t" time="0.000154018402099609" />
    <testcase name="Equals (218)" classname="spec_perl_TestRepeatUntilComplex_t" time="0.000123023986816406" />
    <testcase name="Equals (219)" classname="spec_perl_TestRepeatUntilComplex_t" time="0.000144004821777344" />
    <testcase name="Equals (220)" classname="spec_perl_TestRepeatUntilComplex_t" time="0.000149965286254883" />
    <testcase name="Equals (221)" classname="spec_perl_TestRepeatUntilComplex_t" time="0.000120878219604492" />
    <testcase name="Equals (222)" classname="spec_perl_TestRepeatUntilComplex_t" time="0.000165939331054688" />
    <testcase name="Equals (223)" classname="spec_perl_TestRepeatUntilComplex_t" time="7.60555267333984e-05" />
    <testcase name="Equals (224)" classname="spec_perl_TestRepeatUntilComplex_t" time="0.000143051147460938" />
  </testsuite>
  <testsuite name="spec_perl_TestBitsByteAligned_t" errors="0" failures="0" skipped="0" tests="9" time="0.0460488796234131">
    <system-out>1..9
ok 1 - Equals
ok 2 - Equals
ok 3 - Equals
ok 4 - Equals
ok 5 - Equals
ok 6 - Equals
ok 7 - Equals
ok 8 - Equals
ok 9 - Equals
</system-out>
    <testcase name="Equals (225)" classname="spec_perl_TestBitsByteAligned_t" time="0.000333070755004883" />
    <testcase name="Equals (226)" classname="spec_perl_TestBitsByteAligned_t" time="8.58306884765625e-05" />
    <testcase name="Equals (227)" classname="spec_perl_TestBitsByteAligned_t" time="9.29832458496094e-05" />
    <testcase name="Equals (228)" classname="spec_perl_TestBitsByteAligned_t" time="0.000152111053466797" />
    <testcase name="Equals (229)" classname="spec_perl_TestBitsByteAligned_t" time="0.000120878219604492" />
    <testcase name="Equals (230)" classname="spec_perl_TestBitsByteAligned_t" time="0.000140190124511719" />
    <testcase name="Equals (231)" classname="spec_perl_TestBitsByteAligned_t" time="0.000118017196655273" />
    <testcase name="Equals (232)" classname="spec_perl_TestBitsByteAligned_t" time="0.000150918960571289" />
    <testcase name="Equals (233)" classname="spec_perl_TestBitsByteAligned_t" time="0.000110864639282227" />
  </testsuite>
  <testsuite name="spec_perl_TestProcessRepeatUsertype_t" errors="0" failures="0" skipped="0" tests="4" time="0.0472710132598877">
    <system-out>1..4
ok 1 - Equals
ok 2 - Equals
ok 3 - Equals
ok 4 - Equals
</system-out>
    <testcase name="Equals (234)" classname="spec_perl_TestProcessRepeatUsertype_t" time="0.000669002532958984" />
    <testcase name="Equals (235)" classname="spec_perl_TestProcessRepeatUsertype_t" time="0.000105142593383789" />
    <testcase name="Equals (236)" classname="spec_perl_TestProcessRepeatUsertype_t" time="6.19888305664062e-05" />
    <testcase name="Equals (237)" classname="spec_perl_TestProcessRepeatUsertype_t" time="0.000158071517944336" />
  </testsuite>
  <testsuite name="spec_perl_TestBitsSimpleLe_t" errors="0" failures="0" skipped="0" tests="14" time="0.047274112701416">
    <system-out>1..14
ok 1 - Equals
ok 2 - Equals
ok 3 - Equals
ok 4 - Equals
ok 5 - Equals
ok 6 - Equals
ok 7 - Equals
ok 8 - Equals
ok 9 - Equals
ok 10 - Equals
ok 11 - Equals
ok 12 - Equals
ok 13 - Equals
ok 14 - Equals
</system-out>
    <testcase name="Equals (238)" classname="spec_perl_TestBitsSimpleLe_t" time="0.000364065170288086" />
    <testcase name="Equals (239)" classname="spec_perl_TestBitsSimpleLe_t" time="8.70227813720703e-05" />
    <testcase name="Equals (240)" classname="spec_perl_TestBitsSimpleLe_t" time="5.60283660888672e-05" />
    <testcase name="Equals (241)" classname="spec_perl_TestBitsSimpleLe_t" time="0.000189065933227539" />
    <testcase name="Equals (242)" classname="spec_perl_TestBitsSimpleLe_t" time="7.08103179931641e-05" />
    <testcase name="Equals (243)" classname="spec_perl_TestBitsSimpleLe_t" time="0.00014805793762207" />
    <testcase name="Equals (244)" classname="spec_perl_TestBitsSimpleLe_t" time="0.000110149383544922" />
    <testcase name="Equals (245)" classname="spec_perl_TestBitsSimpleLe_t" time="0.00014495849609375" />
    <testcase name="Equals (246)" classname="spec_perl_TestBitsSimpleLe_t" time="0.000128030776977539" />
    <testcase name="Equals (247)" classname="spec_perl_TestBitsSimpleLe_t" time="0.000122785568237305" />
    <testcase name="Equals (248)" classname="spec_perl_TestBitsSimpleLe_t" time="0.0001220703125" />
    <testcase name="Equals (249)" classname="spec_perl_TestBitsSimpleLe_t" time="0.000129938125610352" />
    <testcase name="Equals (250)" classname="spec_perl_TestBitsSimpleLe_t" time="0.000129222869873047" />
    <testcase name="Equals (251)" classname="spec_perl_TestBitsSimpleLe_t" time="0.000120878219604492" />
  </testsuite>
  <testsuite name="spec_perl_TestInstanceStdArray_t" errors="0" failures="0" skipped="0" tests="7" time="0.0464210510253906">
    <system-out>1..7
ok 1 - Equals
ok 2 - Equals
ok 3 - Equals
ok 4 - Equals
ok 5 - Equals
ok 6 - Equals
ok 7 - Equals
</system-out>
    <testcase name="Equals (252)" classname="spec_perl_TestInstanceStdArray_t" time="0.000288963317871094" />
    <testcase name="Equals (253)" classname="spec_perl_TestInstanceStdArray_t" time="9.20295715332031e-05" />
    <testcase name="Equals (254)" classname="spec_perl_TestInstanceStdArray_t" time="0.000134944915771484" />
    <testcase name="Equals (255)" classname="spec_perl_TestInstanceStdArray_t" time="0.000161170959472656" />
    <testcase name="Equals (256)" classname="spec_perl_TestInstanceStdArray_t" time="0.000119924545288086" />
    <testcase name="Equals (257)" classname="spec_perl_TestInstanceStdArray_t" time="0.000155925750732422" />
    <testcase name="Equals (258)" classname="spec_perl_TestInstanceStdArray_t" time="0.000113964080810547" />
  </testsuite>
  <testsuite name="spec_perl_TestDocstringsDocrefMulti_t" errors="0" failures="0" skipped="1" tests="1" time="0.048037052154541">
    <system-out>1..1
ok 1 # skip DocstringsDocrefMulti=HASH(0x1e64cb0)
</system-out>
    <testcase name="Unnamed test case 258" classname="spec_perl_TestDocstringsDocrefMulti_t" time="0.00148415565490723">
      <skipped message="ok 1 # skip DocstringsDocrefMulti=HASH(0x1e64cb0)" />
    </testcase>
  </testsuite>
  <testsuite name="spec_perl_TestSwitchManualIntSizeElse_t" errors="0" failures="0" skipped="0" tests="10" time="0.0572371482849121">
    <system-out>1..10
ok 1 - Equals
ok 2 - Equals
ok 3 - Equals
ok 4 - Equals
ok 5 - Equals
ok 6 - Equals
ok 7 - Equals
ok 8 - Equals
ok 9 - Equals
ok 10 - Equals
</system-out>
    <testcase name="Equals (259)" classname="spec_perl_TestSwitchManualIntSizeElse_t" time="0.000792980194091797" />
    <testcase name="Equals (260)" classname="spec_perl_TestSwitchManualIntSizeElse_t" time="0.000108957290649414" />
    <testcase name="Equals (261)" classname="spec_perl_TestSwitchManualIntSizeElse_t" time="5.69820404052734e-05" />
    <testcase name="Equals (262)" classname="spec_perl_TestSwitchManualIntSizeElse_t" time="0.000120162963867188" />
    <testcase name="Equals (263)" classname="spec_perl_TestSwitchManualIntSizeElse_t" time="0.000139951705932617" />
    <testcase name="Equals (264)" classname="spec_perl_TestSwitchManualIntSizeElse_t" time="0.000184059143066406" />
    <testcase name="Equals (265)" classname="spec_perl_TestSwitchManualIntSizeElse_t" time="0.000111818313598633" />
    <testcase name="Equals (266)" classname="spec_perl_TestSwitchManualIntSizeElse_t" time="0.00015711784362793" />
    <testcase name="Equals (267)" classname="spec_perl_TestSwitchManualIntSizeElse_t" time="0.000123023986816406" />
    <testcase name="Equals (268)" classname="spec_perl_TestSwitchManualIntSizeElse_t" time="0.000206947326660156" />
  </testsuite>
  <testsuite name="spec_perl_TestExprBytesCmp_t" errors="0" failures="0" skipped="0" tests="10" time="0.0479831695556641">
    <system-out>1..10
ok 1 - Equals
ok 2 - Equals
ok 3 - Equals
ok 4 - Equals
ok 5 - Equals
ok 6 - Equals
ok 7 - Equals
ok 8 - Equals
ok 9 - Equals
ok 10 - Equals
</system-out>
    <testcase name="Equals (269)" classname="spec_perl_TestExprBytesCmp_t" time="0.000318050384521484" />
    <testcase name="Equals (270)" classname="spec_perl_TestExprBytesCmp_t" time="9.29832458496094e-05" />
    <testcase name="Equals (271)" classname="spec_perl_TestExprBytesCmp_t" time="8.0108642578125e-05" />
    <testcase name="Equals (272)" classname="spec_perl_TestExprBytesCmp_t" time="0.000161886215209961" />
    <testcase name="Equals (273)" classname="spec_perl_TestExprBytesCmp_t" time="0.000129938125610352" />
    <testcase name="Equals (274)" classname="spec_perl_TestExprBytesCmp_t" time="0.000152111053466797" />
    <testcase name="Equals (275)" classname="spec_perl_TestExprBytesCmp_t" time="0.000153064727783203" />
    <testcase name="Equals (276)" classname="spec_perl_TestExprBytesCmp_t" time="0.000124931335449219" />
    <testcase name="Equals (277)" classname="spec_perl_TestExprBytesCmp_t" time="0.000153064727783203" />
    <testcase name="Equals (278)" classname="spec_perl_TestExprBytesCmp_t" time="0.000150918960571289" />
  </testsuite>
  <testsuite name="spec_perl_TestParamsCallExtraParens_t" errors="0" failures="1" skipped="0" tests="1" time="0.0533549785614014">
    <system-out>1..1
not ok 1 - Equals
</system-out>
    <testcase name="Equals (279)" classname="spec_perl_TestParamsCallExtraParens_t" time="0.00461792945861816">
      <failure message="not ok 1 - Equals" type="TAP::Parser::Result::Test"></failure>
    </testcase>
  </testsuite>
  <testsuite name="spec_perl_TestRepeatUntilSized_t" errors="0" failures="0" skipped="0" tests="7" time="0.0474779605865479">
    <system-out>1..7
ok 1 - Equals
ok 2 - Equals
ok 3 - Equals
ok 4 - Equals
ok 5 - Equals
ok 6 - Equals
ok 7 - Equals
</system-out>
    <testcase name="Equals (280)" classname="spec_perl_TestRepeatUntilSized_t" time="0.000766992568969727" />
    <testcase name="Equals (281)" classname="spec_perl_TestRepeatUntilSized_t" time="0.000140905380249023" />
    <testcase name="Equals (282)" classname="spec_perl_TestRepeatUntilSized_t" time="6.103515625e-05" />
    <testcase name="Equals (283)" classname="spec_perl_TestRepeatUntilSized_t" time="6.50882720947266e-05" />
    <testcase name="Equals (284)" classname="spec_perl_TestRepeatUntilSized_t" time="4.88758087158203e-05" />
    <testcase name="Equals (285)" classname="spec_perl_TestRepeatUntilSized_t" time="6.29425048828125e-05" />
    <testcase name="Equals (286)" classname="spec_perl_TestRepeatUntilSized_t" time="0.000159025192260742" />
  </testsuite>
  <testsuite name="spec_perl_TestBcdUserTypeLe_t" errors="0" failures="0" skipped="0" tests="6" time="0.0466728210449219">
    <system-out>1..6
ok 1 - Equals
ok 2 - Equals
ok 3 - Equals
ok 4 - Equals
ok 5 - Equals
ok 6 - Equals
</system-out>
    <testcase name="Equals (287)" classname="spec_perl_TestBcdUserTypeLe_t" time="0.000650167465209961" />
    <testcase name="Equals (288)" classname="spec_perl_TestBcdUserTypeLe_t" time="9.89437103271484e-05" />
    <testcase name="Equals (289)" classname="spec_perl_TestBcdUserTypeLe_t" time="0.000124931335449219" />
    <testcase name="Equals (290)" classname="spec_perl_TestBcdUserTypeLe_t" time="0.000152111053466797" />
    <testcase name="Equals (291)" classname="spec_perl_TestBcdUserTypeLe_t" time="0.000159025192260742" />
    <testcase name="Equals (292)" classname="spec_perl_TestBcdUserTypeLe_t" time="0.000177860260009766" />
  </testsuite>
  <testsuite name="spec_perl_TestBytesPadTerm_t" errors="0" failures="0" skipped="0" tests="4" time="0.0480198860168457">
    <system-out>1..4
ok 1 - Equals
ok 2 - Equals
ok 3 - Equals
ok 4 - Equals
</system-out>
    <testcase name="Equals (293)" classname="spec_perl_TestBytesPadTerm_t" time="0.000294923782348633" />
    <testcase name="Equals (294)" classname="spec_perl_TestBytesPadTerm_t" time="8.41617584228516e-05" />
    <testcase name="Equals (295)" classname="spec_perl_TestBytesPadTerm_t" time="0.000135898590087891" />
    <testcase name="Equals (296)" classname="spec_perl_TestBytesPadTerm_t" time="0.000147104263305664" />
  </testsuite>
  <testsuite name="spec_perl_TestCastToTop_t" errors="0" failures="0" skipped="0" tests="3" time="0.0476369857788086">
    <system-out>1..3
ok 1 - Equals
ok 2 - Equals
ok 3 - Equals
</system-out>
    <testcase name="Equals (297)" classname="spec_perl_TestCastToTop_t" time="0.000319957733154297" />
    <testcase name="Equals (298)" classname="spec_perl_TestCastToTop_t" time="8.79764556884766e-05" />
    <testcase name="Equals (299)" classname="spec_perl_TestCastToTop_t" time="0.000140190124511719" />
  </testsuite>
  <testsuite name="spec_perl_TestNestedSameName2_t" errors="0" failures="0" skipped="0" tests="5" time="0.0456089973449707">
    <system-out>1..5
ok 1 - Equals
ok 2 - Equals
ok 3 - Equals
ok 4 - Equals
ok 5 - Equals
</system-out>
    <testcase name="Equals (300)" classname="spec_perl_TestNestedSameName2_t" time="0.000351905822753906" />
    <testcase name="Equals (301)" classname="spec_perl_TestNestedSameName2_t" time="8.32080841064453e-05" />
    <testcase name="Equals (302)" classname="spec_perl_TestNestedSameName2_t" time="0.000131845474243164" />
    <testcase name="Equals (303)" classname="spec_perl_TestNestedSameName2_t" time="0.000134944915771484" />
    <testcase name="Equals (304)" classname="spec_perl_TestNestedSameName2_t" time="0.000117063522338867" />
  </testsuite>
  <testsuite name="spec_perl_TestIfValues_t" errors="0" failures="0" skipped="0" tests="6" time="0.0450329780578613">
    <system-out>1..6
ok 1 - Equals
ok 2 - Equals
ok 3 - Equals
ok 4 - nil
ok 5 - Equals
ok 6 - nil
</system-out>
    <testcase name="Equals (305)" classname="spec_perl_TestIfValues_t" time="0.000284910202026367" />
    <testcase name="Equals (306)" classname="spec_perl_TestIfValues_t" time="8.51154327392578e-05" />
    <testcase name="Equals (307)" classname="spec_perl_TestIfValues_t" time="0.000114917755126953" />
    <testcase name="nil (307)" classname="spec_perl_TestIfValues_t" time="6.29425048828125e-05" />
    <testcase name="Equals (308)" classname="spec_perl_TestIfValues_t" time="0.000138044357299805" />
    <testcase name="nil (308)" classname="spec_perl_TestIfValues_t" time="5.79357147216797e-05" />
  </testsuite>
  <testsuite name="spec_perl_TestProcessXor4Const_t" errors="0" failures="0" skipped="0" tests="2" time="0.0465929508209229">
    <system-out>1..2
ok 1 - Equals
ok 2 - Equals
</system-out>
    <testcase name="Equals (309)" classname="spec_perl_TestProcessXor4Const_t" time="0.000245094299316406" />
    <testcase name="Equals (310)" classname="spec_perl_TestProcessXor4Const_t" time="7.79628753662109e-05" />
  </testsuite>
  <testsuite name="spec_perl_TestCombineEnum_t" errors="0" failures="0" skipped="0" tests="3" time="0.0466129779815674">
    <system-out>1..3
ok 1 - Equals
ok 2 - Equals
ok 3 - Equals
</system-out>
    <testcase name="Equals (311)" classname="spec_perl_TestCombineEnum_t" time="0.000261068344116211" />
    <testcase name="Equals (312)" classname="spec_perl_TestCombineEnum_t" time="8.0108642578125e-05" />
    <testcase name="Equals (313)" classname="spec_perl_TestCombineEnum_t" time="0.000144004821777344" />
  </testsuite>
  <testsuite name="spec_perl_TestNavParentSwitch_t" errors="0" failures="0" skipped="0" tests="3" time="0.0449550151824951">
    <system-out>1..3
ok 1 - Equals
ok 2 - Equals
ok 3 - Equals
</system-out>
    <testcase name="Equals (314)" classname="spec_perl_TestNavParentSwitch_t" time="0.000312089920043945" />
    <testcase name="Equals (315)" classname="spec_perl_TestNavParentSwitch_t" time="8.79764556884766e-05" />
    <testcase name="Equals (316)" classname="spec_perl_TestNavParentSwitch_t" time="0.000113010406494141" />
  </testsuite>
  <testsuite name="spec_perl_TestDocstrings_t" errors="0" failures="0" skipped="1" tests="1" time="0.0472359657287598">
    <system-out>1..1
ok 1 # skip Docstrings=HASH(0x29f5480)
</system-out>
    <testcase name="Unnamed test case 316" classname="spec_perl_TestDocstrings_t" time="0.00140786170959473">
      <skipped message="ok 1 # skip Docstrings=HASH(0x29f5480)" />
    </testcase>
  </testsuite>
  <testsuite name="spec_perl_TestSwitchMultiBoolOps_t" errors="0" failures="0" skipped="0" tests="9" time="0.0497128963470459">
    <system-out>1..9
ok 1 - Equals
ok 2 - Equals
ok 3 - Equals
ok 4 - Equals
ok 5 - Equals
ok 6 - Equals
ok 7 - Equals
ok 8 - Equals
ok 9 - Equals
</system-out>
    <testcase name="Equals (317)" classname="spec_perl_TestSwitchMultiBoolOps_t" time="0.000401973724365234" />
    <testcase name="Equals (318)" classname="spec_perl_TestSwitchMultiBoolOps_t" time="0.000102043151855469" />
    <testcase name="Equals (319)" classname="spec_perl_TestSwitchMultiBoolOps_t" time="0.000172138214111328" />
    <testcase name="Equals (320)" classname="spec_perl_TestSwitchMultiBoolOps_t" time="0.000135898590087891" />
    <testcase name="Equals (321)" classname="spec_perl_TestSwitchMultiBoolOps_t" time="0.000128984451293945" />
    <testcase name="Equals (322)" classname="spec_perl_TestSwitchMultiBoolOps_t" time="0.000163078308105469" />
    <testcase name="Equals (323)" classname="spec_perl_TestSwitchMultiBoolOps_t" time="0.00011897087097168" />
    <testcase name="Equals (324)" classname="spec_perl_TestSwitchMultiBoolOps_t" time="0.000149011611938477" />
    <testcase name="Equals (325)" classname="spec_perl_TestSwitchMultiBoolOps_t" time="0.000154972076416016" />
  </testsuite>
  <testsuite name="spec_perl_TestRepeatEosU4_t" errors="0" failures="0" skipped="0" tests="1" time="0.0445890426635742">
    <system-out>1..1
ok 1 - Equals
</system-out>
    <testcase name="Equals (326)" classname="spec_perl_TestRepeatEosU4_t" time="0.000323057174682617" />
  </testsuite>
  <testsuite name="spec_perl_TestSwitchManualStrElse_t" errors="0" failures="0" skipped="0" tests="9" time="0.0503640174865723">
    <system-out>1..9
ok 1 - Equals
ok 2 - Equals
ok 3 - Equals
ok 4 - Equals
ok 5 - Equals
ok 6 - Equals
ok 7 - Equals
ok 8 - Equals
ok 9 - Equals
</system-out>
    <testcase name="Equals (327)" classname="spec_perl_TestSwitchManualStrElse_t" time="0.000411033630371094" />
    <testcase name="Equals (328)" classname="spec_perl_TestSwitchManualStrElse_t" time="8.98838043212891e-05" />
    <testcase name="Equals (329)" classname="spec_perl_TestSwitchManualStrElse_t" time="6.69956207275391e-05" />
    <testcase name="Equals (330)" classname="spec_perl_TestSwitchManualStrElse_t" time="0.00018000602722168" />
    <testcase name="Equals (331)" classname="spec_perl_TestSwitchManualStrElse_t" time="9.41753387451172e-05" />
    <testcase name="Equals (332)" classname="spec_perl_TestSwitchManualStrElse_t" time="0.00014185905456543" />
    <testcase name="Equals (333)" classname="spec_perl_TestSwitchManualStrElse_t" time="0.000113964080810547" />
    <testcase name="Equals (334)" classname="spec_perl_TestSwitchManualStrElse_t" time="0.00014805793762207" />
    <testcase name="Equals (335)" classname="spec_perl_TestSwitchManualStrElse_t" time="0.000131130218505859" />
  </testsuite>
  <testsuite name="spec_perl_TestSwitchManualEnum_t" errors="0" failures="0" skipped="0" tests="9" time="0.051908016204834">
    <system-out>1..9
ok 1 - Equals
ok 2 - Equals
ok 3 - Equals
ok 4 - Equals
ok 5 - Equals
ok 6 - Equals
ok 7 - Equals
ok 8 - Equals
ok 9 - Equals
</system-out>
    <testcase name="Equals (336)" classname="spec_perl_TestSwitchManualEnum_t" time="0.000421047210693359" />
    <testcase name="Equals (337)" classname="spec_perl_TestSwitchManualEnum_t" time="9.39369201660156e-05" />
    <testcase name="Equals (338)" classname="spec_perl_TestSwitchManualEnum_t" time="5.91278076171875e-05" />
    <testcase name="Equals (339)" classname="spec_perl_TestSwitchManualEnum_t" time="0.000157833099365234" />
    <testcase name="Equals (340)" classname="spec_perl_TestSwitchManualEnum_t" time="0.000144004821777344" />
    <testcase name="Equals (341)" classname="spec_perl_TestSwitchManualEnum_t" time="0.000115156173706055" />
    <testcase name="Equals (342)" classname="spec_perl_TestSwitchManualEnum_t" time="0.000151872634887695" />
    <testcase name="Equals (343)" classname="spec_perl_TestSwitchManualEnum_t" time="0.000151157379150391" />
    <testcase name="Equals (344)" classname="spec_perl_TestSwitchManualEnum_t" time="0.000123977661132812" />
  </testsuite>
  <testsuite name="spec_perl_TestProcessXorConst_t" errors="0" failures="0" skipped="0" tests="2" time="0.0466070175170898">
    <system-out>1..2
ok 1 - Equals
ok 2 - Equals
</system-out>
    <testcase name="Equals (345)" classname="spec_perl_TestProcessXorConst_t" time="0.00030517578125" />
    <testcase name="Equals (346)" classname="spec_perl_TestProcessXorConst_t" time="8.58306884765625e-05" />
  </testsuite>
  <testsuite name="spec_perl_TestSwitchElseOnly_t" errors="0" failures="0" skipped="0" tests="3" time="0.0446019172668457">
    <system-out>1..3
ok 1 - Equals
ok 2 - Equals
ok 3 - Equals
</system-out>
    <testcase name="Equals (347)" classname="spec_perl_TestSwitchElseOnly_t" time="0.000298023223876953" />
    <testcase name="Equals (348)" classname="spec_perl_TestSwitchElseOnly_t" time="8.70227813720703e-05" />
    <testcase name="Equals (349)" classname="spec_perl_TestSwitchElseOnly_t" time="7.89165496826172e-05" />
  </testsuite>
  <testsuite name="spec_perl_TestExprBytesOps_t" errors="1" failures="0" skipped="0" tests="0" time="0.0472679138183594">
    <system-out></system-out>
    <testcase name="Test died too soon, even before plan. (349)" classname="spec_perl_TestExprBytesOps_t" time="0.0472679138183594">
      <failure message="The test suite died before a plan was produced. You need to have a plan." type="Plan">No plan</failure>
    </testcase>
  </testsuite>
  <testsuite name="spec_perl_TestStrEncodings_t" errors="0" failures="0" skipped="0" tests="4" time="0.071491003036499">
    <system-out>1..4
ok 1 - Equals
ok 2 - Equals
ok 3 - Equals
ok 4 - Equals
</system-out>
    <testcase name="Equals (350)" classname="spec_perl_TestStrEncodings_t" time="0.02093505859375" />
    <testcase name="Equals (351)" classname="spec_perl_TestStrEncodings_t" time="0.000133991241455078" />
    <testcase name="Equals (352)" classname="spec_perl_TestStrEncodings_t" time="6.00814819335938e-05" />
    <testcase name="Equals (353)" classname="spec_perl_TestStrEncodings_t" time="0.000108003616333008" />
  </testsuite>
  <testsuite name="spec_perl_TestDefaultEndianExprInherited_t" errors="0" failures="0" skipped="0" tests="15" time="0.0488998889923096">
    <system-out>1..15
ok 1 - Equals
ok 2 - Equals
ok 3 - Equals
ok 4 - Equals
ok 5 - Equals
ok 6 - Equals
ok 7 - Equals
ok 8 - Equals
ok 9 - Equals
ok 10 - Equals
ok 11 - Equals
ok 12 - Equals
ok 13 - Equals
ok 14 - Equals
ok 15 - Equals
</system-out>
    <testcase name="Equals (354)" classname="spec_perl_TestDefaultEndianExprInherited_t" time="0.000438928604125977" />
    <testcase name="Equals (355)" classname="spec_perl_TestDefaultEndianExprInherited_t" time="9.39369201660156e-05" />
    <testcase name="Equals (356)" classname="spec_perl_TestDefaultEndianExprInherited_t" time="5.81741333007812e-05" />
    <testcase name="Equals (357)" classname="spec_perl_TestDefaultEndianExprInherited_t" time="0.000126838684082031" />
    <testcase name="Equals (358)" classname="spec_perl_TestDefaultEndianExprInherited_t" time="0.000159978866577148" />
    <testcase name="Equals (359)" classname="spec_perl_TestDefaultEndianExprInherited_t" time="0.000144004821777344" />
    <testcase name="Equals (360)" classname="spec_perl_TestDefaultEndianExprInherited_t" time="0.000123023986816406" />
    <testcase name="Equals (361)" classname="spec_perl_TestDefaultEndianExprInherited_t" time="0.00014495849609375" />
    <testcase name="Equals (362)" classname="spec_perl_TestDefaultEndianExprInherited_t" time="0.000120162963867188" />
    <testcase name="Equals (363)" classname="spec_perl_TestDefaultEndianExprInherited_t" time="0.000162839889526367" />
    <testcase name="Equals (364)" classname="spec_perl_TestDefaultEndianExprInherited_t" time="0.000115156173706055" />
    <testcase name="Equals (365)" classname="spec_perl_TestDefaultEndianExprInherited_t" time="0.000119924545288086" />
    <testcase name="Equals (366)" classname="spec_perl_TestDefaultEndianExprInherited_t" time="0.000173091888427734" />
    <testcase name="Equals (367)" classname="spec_perl_TestDefaultEndianExprInherited_t" time="0.00011897087097168" />
    <testcase name="Equals (368)" classname="spec_perl_TestDefaultEndianExprInherited_t" time="0.000191926956176758" />
  </testsuite>
  <testsuite name="spec_perl_TestBitsSeqEndianCombo_t" errors="0" failures="0" skipped="0" tests="8" time="0.0455749034881592">
    <system-out>1..8
ok 1 - Equals
ok 2 - Equals
ok 3 - Equals
ok 4 - Equals
ok 5 - Equals
ok 6 - Equals
ok 7 - Equals
ok 8 - Equals
</system-out>
    <testcase name="Equals (369)" classname="spec_perl_TestBitsSeqEndianCombo_t" time="0.000313997268676758" />
    <testcase name="Equals (370)" classname="spec_perl_TestBitsSeqEndianCombo_t" time="8.10623168945312e-05" />
    <testcase name="Equals (371)" classname="spec_perl_TestBitsSeqEndianCombo_t" time="0.000124931335449219" />
    <testcase name="Equals (372)" classname="spec_perl_TestBitsSeqEndianCombo_t" time="0.000133991241455078" />
    <testcase name="Equals (373)" classname="spec_perl_TestBitsSeqEndianCombo_t" time="0.000146865844726562" />
    <testcase name="Equals (374)" classname="spec_perl_TestBitsSeqEndianCombo_t" time="0.000119209289550781" />
    <testcase name="Equals (375)" classname="spec_perl_TestBitsSeqEndianCombo_t" time="0.000142812728881836" />
    <testcase name="Equals (376)" classname="spec_perl_TestBitsSeqEndianCombo_t" time="0.000128030776977539" />
  </testsuite>
  <testsuite name="spec_perl_TestExprIoPos_t" errors="0" failures="0" skipped="0" tests="6" time="0.0501418113708496">
    <system-out>1..6
ok 1 - Equals
ok 2 - Equals
ok 3 - Equals
ok 4 - Equals
ok 5 - Equals
ok 6 - Equals
</system-out>
    <testcase name="Equals (377)" classname="spec_perl_TestExprIoPos_t" time="0.000795125961303711" />
    <testcase name="Equals (378)" classname="spec_perl_TestExprIoPos_t" time="0.000105857849121094" />
    <testcase name="Equals (379)" classname="spec_perl_TestExprIoPos_t" time="5.91278076171875e-05" />
    <testcase name="Equals (380)" classname="spec_perl_TestExprIoPos_t" time="7.20024108886719e-05" />
    <testcase name="Equals (381)" classname="spec_perl_TestExprIoPos_t" time="0.000176906585693359" />
    <testcase name="Equals (382)" classname="spec_perl_TestExprIoPos_t" time="9.20295715332031e-05" />
  </testsuite>
  <testsuite name="spec_perl_TestPositionToEnd_t" errors="0" failures="0" skipped="0" tests="2" time="0.0452690124511719">
    <system-out>1..2
ok 1 - Equals
ok 2 - Equals
</system-out>
    <testcase name="Equals (383)" classname="spec_perl_TestPositionToEnd_t" time="0.000277996063232422" />
    <testcase name="Equals (384)" classname="spec_perl_TestPositionToEnd_t" time="8.0108642578125e-05" />
  </testsuite>
  <testsuite name="spec_perl_TestDocstringsDocref_t" errors="0" failures="0" skipped="1" tests="1" time="0.0475680828094482">
    <system-out>1..1
ok 1 # skip DocstringsDocref=HASH(0x19de568)
</system-out>
    <testcase name="Unnamed test case 384" classname="spec_perl_TestDocstringsDocref_t" time="0.00142312049865723">
      <skipped message="ok 1 # skip DocstringsDocref=HASH(0x19de568)" />
    </testcase>
  </testsuite>
  <testsuite name="spec_perl_TestParamsCallShort_t" errors="0" failures="3" skipped="0" tests="3" time="0.0644829273223877">
    <system-out>1..3
not ok 1 - Equals
not ok 2 - Equals
not ok 3 - Equals
</system-out>
    <testcase name="Equals (385)" classname="spec_perl_TestParamsCallShort_t" time="0.000511884689331055">
      <failure message="not ok 1 - Equals" type="TAP::Parser::Result::Test"></failure>
    </testcase>
    <testcase name="Equals (386)" classname="spec_perl_TestParamsCallShort_t" time="0.00123405456542969">
      <failure message="not ok 2 - Equals" type="TAP::Parser::Result::Test"></failure>
    </testcase>
    <testcase name="Equals (387)" classname="spec_perl_TestParamsCallShort_t" time="0.000926971435546875">
      <failure message="not ok 3 - Equals" type="TAP::Parser::Result::Test"></failure>
    </testcase>
  </testsuite>
  <testsuite name="spec_perl_TestImportsAbsRel_t" errors="0" failures="0" skipped="0" tests="3" time="0.046893835067749">
    <system-out>1..3
ok 1 - Equals
ok 2 - Equals
ok 3 - Equals
</system-out>
    <testcase name="Equals (388)" classname="spec_perl_TestImportsAbsRel_t" time="0.000283956527709961" />
    <testcase name="Equals (389)" classname="spec_perl_TestImportsAbsRel_t" time="8.51154327392578e-05" />
    <testcase name="Equals (390)" classname="spec_perl_TestImportsAbsRel_t" time="0.000153064727783203" />
  </testsuite>
  <testsuite name="spec_perl_TestExprIfIntOps_t" errors="0" failures="0" skipped="0" tests="2" time="0.0470569133758545">
    <system-out>1..2
ok 1 - Equals
ok 2 - Equals
</system-out>
    <testcase name="Equals (391)" classname="spec_perl_TestExprIfIntOps_t" time="0.000290870666503906" />
    <testcase name="Equals (392)" classname="spec_perl_TestExprIfIntOps_t" time="8.20159912109375e-05" />
  </testsuite>
  <testsuite name="spec_perl_TestValidSwitch_t" errors="1" failures="0" skipped="0" tests="0" time="0.042773962020874">
    <system-out></system-out>
    <testcase name="Test died too soon, even before plan. (392)" classname="spec_perl_TestValidSwitch_t" time="0.042773962020874">
      <failure message="The test suite died before a plan was produced. You need to have a plan." type="Plan">No plan</failure>
    </testcase>
  </testsuite>
  <testsuite name="spec_perl_TestTermStrz_t" errors="0" failures="0" skipped="0" tests="3" time="0.0483648777008057">
    <system-out>1..3
ok 1 - Equals
ok 2 - Equals
ok 3 - Equals
</system-out>
    <testcase name="Equals (393)" classname="spec_perl_TestTermStrz_t" time="0.000406980514526367" />
    <testcase name="Equals (394)" classname="spec_perl_TestTermStrz_t" time="9.51290130615234e-05" />
    <testcase name="Equals (395)" classname="spec_perl_TestTermStrz_t" time="5.60283660888672e-05" />
  </testsuite>
  <testsuite name="spec_perl_TestEnumDeepLiterals_t" errors="0" failures="0" skipped="0" tests="2" time="0.0446720123291016">
    <system-out>1..2
ok 1 - Equals
ok 2 - Equals
</system-out>
    <testcase name="Equals (396)" classname="spec_perl_TestEnumDeepLiterals_t" time="0.00026392936706543" />
    <testcase name="Equals (397)" classname="spec_perl_TestEnumDeepLiterals_t" time="7.91549682617188e-05" />
  </testsuite>
  <testsuite name="spec_perl_TestBitsSimple_t" errors="0" failures="0" skipped="0" tests="14" time="0.046766996383667">
    <system-out>1..14
ok 1 - Equals
ok 2 - Equals
ok 3 - Equals
ok 4 - Equals
ok 5 - Equals
ok 6 - Equals
ok 7 - Equals
ok 8 - Equals
ok 9 - Equals
ok 10 - Equals
ok 11 - Equals
ok 12 - Equals
ok 13 - Equals
ok 14 - Equals
</system-out>
    <testcase name="Equals (398)" classname="spec_perl_TestBitsSimple_t" time="0.000360012054443359" />
    <testcase name="Equals (399)" classname="spec_perl_TestBitsSimple_t" time="8.79764556884766e-05" />
    <testcase name="Equals (400)" classname="spec_perl_TestBitsSimple_t" time="5.60283660888672e-05" />
    <testcase name="Equals (401)" classname="spec_perl_TestBitsSimple_t" time="0.000146865844726562" />
    <testcase name="Equals (402)" classname="spec_perl_TestBitsSimple_t" time="0.000136137008666992" />
    <testcase name="Equals (403)" classname="spec_perl_TestBitsSimple_t" time="0.000142097473144531" />
    <testcase name="Equals (404)" classname="spec_perl_TestBitsSimple_t" time="0.000114917755126953" />
    <testcase name="Equals (405)" classname="spec_perl_TestBitsSimple_t" time="0.000154018402099609" />
    <testcase name="Equals (406)" classname="spec_perl_TestBitsSimple_t" time="0.00011897087097168" />
    <testcase name="Equals (407)" classname="spec_perl_TestBitsSimple_t" time="0.000119924545288086" />
    <testcase name="Equals (408)" classname="spec_perl_TestBitsSimple_t" time="0.000158071517944336" />
    <testcase name="Equals (409)" classname="spec_perl_TestBitsSimple_t" time="0.000107049942016602" />
    <testcase name="Equals (410)" classname="spec_perl_TestBitsSimple_t" time="0.00014495849609375" />
    <testcase name="Equals (411)" classname="spec_perl_TestBitsSimple_t" time="0.000114917755126953" />
  </testsuite>
  <testsuite name="spec_perl_TestStrPadTerm_t" errors="0" failures="0" skipped="0" tests="4" time="0.0491378307342529">
    <system-out>1..4
ok 1 - Equals
ok 2 - Equals
ok 3 - Equals
ok 4 - Equals
</system-out>
    <testcase name="Equals (412)" classname="spec_perl_TestStrPadTerm_t" time="0.000396013259887695" />
    <testcase name="Equals (413)" classname="spec_perl_TestStrPadTerm_t" time="8.98838043212891e-05" />
    <testcase name="Equals (414)" classname="spec_perl_TestStrPadTerm_t" time="6.69956207275391e-05" />
    <testcase name="Equals (415)" classname="spec_perl_TestStrPadTerm_t" time="0.000169038772583008" />
  </testsuite>
  <testsuite name="spec_perl_TestNavParentFalse2_t" errors="0" failures="0" skipped="0" tests="1" time="0.0467400550842285">
    <system-out>1..1
ok 1 - Equals
</system-out>
    <testcase name="Equals (416)" classname="spec_perl_TestNavParentFalse2_t" time="0.000272989273071289" />
  </testsuite>
  <testsuite name="spec_perl_TestSwitchManualInt_t" errors="0" failures="0" skipped="0" tests="9" time="0.0514328479766846">
    <system-out>1..9
ok 1 - Equals
ok 2 - Equals
ok 3 - Equals
ok 4 - Equals
ok 5 - Equals
ok 6 - Equals
ok 7 - Equals
ok 8 - Equals
ok 9 - Equals
</system-out>
    <testcase name="Equals (417)" classname="spec_perl_TestSwitchManualInt_t" time="0.000369071960449219" />
    <testcase name="Equals (418)" classname="spec_perl_TestSwitchManualInt_t" time="9.17911529541016e-05" />
    <testcase name="Equals (419)" classname="spec_perl_TestSwitchManualInt_t" time="7.00950622558594e-05" />
    <testcase name="Equals (420)" classname="spec_perl_TestSwitchManualInt_t" time="0.000188112258911133" />
    <testcase name="Equals (421)" classname="spec_perl_TestSwitchManualInt_t" time="7.39097595214844e-05" />
    <testcase name="Equals (422)" classname="spec_perl_TestSwitchManualInt_t" time="0.000154972076416016" />
    <testcase name="Equals (423)" classname="spec_perl_TestSwitchManualInt_t" time="0.000116109848022461" />
    <testcase name="Equals (424)" classname="spec_perl_TestSwitchManualInt_t" time="0.000163793563842773" />
    <testcase name="Equals (425)" classname="spec_perl_TestSwitchManualInt_t" time="0.000128030776977539" />
  </testsuite>
  <testsuite name="spec_perl_TestEnum1_t" errors="0" failures="0" skipped="0" tests="2" time="0.0447049140930176">
    <system-out>1..2
ok 1 - Equals
ok 2 - Equals
</system-out>
    <testcase name="Equals (426)" classname="spec_perl_TestEnum1_t" time="0.000317096710205078" />
    <testcase name="Equals (427)" classname="spec_perl_TestEnum1_t" time="0.000107049942016602" />
[...]
    <testcase name="Equals (733)" classname="spec_perl_TestProcessRotate_t" time="0.000359058380126953" />
    <testcase name="Equals (734)" classname="spec_perl_TestProcessRotate_t" time="9.67979431152344e-05" />
    <testcase name="Equals (735)" classname="spec_perl_TestProcessRotate_t" time="8.70227813720703e-05" />
  </testsuite>
  <testsuite name="spec_perl_TestPositionInSeq_t" errors="0" failures="0" skipped="0" tests="1" time="0.0444028377532959">
    <system-out>1..1
ok 1 - Equals
</system-out>
    <testcase name="Equals (736)" classname="spec_perl_TestPositionInSeq_t" time="0.000313997268676758" />
  </testsuite>
  <testsuite name="spec_perl_TestRepeatEosStruct_t" errors="0" failures="0" skipped="0" tests="5" time="0.0467021465301514">
    <system-out>1..5
ok 1 - Equals
ok 2 - Equals
ok 3 - Equals
ok 4 - Equals
ok 5 - Equals
</system-out>
    <testcase name="Equals (737)" classname="spec_perl_TestRepeatEosStruct_t" time="0.000320911407470703" />
    <testcase name="Equals (738)" classname="spec_perl_TestRepeatEosStruct_t" time="0.000131130218505859" />
    <testcase name="Equals (739)" classname="spec_perl_TestRepeatEosStruct_t" time="0.000133037567138672" />
    <testcase name="Equals (740)" classname="spec_perl_TestRepeatEosStruct_t" time="0.000134944915771484" />
    <testcase name="Equals (741)" classname="spec_perl_TestRepeatEosStruct_t" time="0.000142097473144531" />
  </testsuite>
  <testsuite name="spec_perl_TestNavParent3_t" errors="0" failures="0" skipped="0" tests="10" time="0.0493929386138916">
    <system-out>1..10
ok 1 - Equals
ok 2 - Equals
ok 3 - Equals
ok 4 - Equals
ok 5 - Equals
ok 6 - Equals
ok 7 - Equals
ok 8 - Equals
ok 9 - Equals
ok 10 - Equals
</system-out>
    <testcase name="Equals (742)" classname="spec_perl_TestNavParent3_t" time="0.000282049179077148" />
    <testcase name="Equals (743)" classname="spec_perl_TestNavParent3_t" time="8.10623168945312e-05" />
    <testcase name="Equals (744)" classname="spec_perl_TestNavParent3_t" time="0.000185966491699219" />
    <testcase name="Equals (745)" classname="spec_perl_TestNavParent3_t" time="0.000123977661132812" />
    <testcase name="Equals (746)" classname="spec_perl_TestNavParent3_t" time="0.000143051147460938" />
    <testcase name="Equals (747)" classname="spec_perl_TestNavParent3_t" time="0.000187873840332031" />
    <testcase name="Equals (748)" classname="spec_perl_TestNavParent3_t" time="0.000112056732177734" />
    <testcase name="Equals (749)" classname="spec_perl_TestNavParent3_t" time="0.000171899795532227" />
    <testcase name="Equals (750)" classname="spec_perl_TestNavParent3_t" time="0.000108003616333008" />
    <testcase name="Equals (751)" classname="spec_perl_TestNavParent3_t" time="0.000182151794433594" />
  </testsuite>
  <testsuite name="spec_perl_TestDefaultBigEndian_t" errors="0" failures="0" skipped="0" tests="1" time="0.0460450649261475">
    <system-out>1..1
ok 1 - Equals
</system-out>
    <testcase name="Equals (752)" classname="spec_perl_TestDefaultBigEndian_t" time="0.000279903411865234" />
  </testsuite>
  <testsuite name="spec_perl_TestIntegers_t" errors="1" failures="0" skipped="0" tests="0" time="0.0446701049804688">
    <system-out></system-out>
    <testcase name="Test died too soon, even before plan. (752)" classname="spec_perl_TestIntegers_t" time="0.0446701049804688">
      <failure message="The test suite died before a plan was produced. You need to have a plan." type="Plan">No plan</failure>
    </testcase>
  </testsuite>
  <testsuite name="spec_perl_TestSwitchIntegers_t" errors="0" failures="0" skipped="0" tests="9" time="0.048253059387207">
    <system-out>1..9
ok 1 - Equals
ok 2 - Equals
ok 3 - Equals
ok 4 - Equals
ok 5 - Equals
ok 6 - Equals
ok 7 - Equals
ok 8 - Equals
ok 9 - Equals
</system-out>
    <testcase name="Equals (753)" classname="spec_perl_TestSwitchIntegers_t" time="0.000277042388916016" />
    <testcase name="Equals (754)" classname="spec_perl_TestSwitchIntegers_t" time="8.60691070556641e-05" />
    <testcase name="Equals (755)" classname="spec_perl_TestSwitchIntegers_t" time="0.000178813934326172" />
    <testcase name="Equals (756)" classname="spec_perl_TestSwitchIntegers_t" time="0.000132083892822266" />
    <testcase name="Equals (757)" classname="spec_perl_TestSwitchIntegers_t" time="0.000143051147460938" />
    <testcase name="Equals (758)" classname="spec_perl_TestSwitchIntegers_t" time="0.000133991241455078" />
    <testcase name="Equals (759)" classname="spec_perl_TestSwitchIntegers_t" time="0.000133991241455078" />
    <testcase name="Equals (760)" classname="spec_perl_TestSwitchIntegers_t" time="0.000153064727783203" />
    <testcase name="Equals (761)" classname="spec_perl_TestSwitchIntegers_t" time="0.000116825103759766" />
  </testsuite>
  <testsuite name="spec_perl_TestMultipleUse_t" errors="0" failures="0" skipped="0" tests="2" time="0.0468490123748779">
    <system-out>1..2
ok 1 - Equals
ok 2 - Equals
</system-out>
    <testcase name="Equals (762)" classname="spec_perl_TestMultipleUse_t" time="0.000319004058837891" />
    <testcase name="Equals (763)" classname="spec_perl_TestMultipleUse_t" time="8.392333984375e-05" />
  </testsuite>
  <testsuite name="spec_perl_TestSwitchManualStr_t" errors="0" failures="0" skipped="0" tests="9" time="0.0493199825286865">
    <system-out>1..9
ok 1 - Equals
ok 2 - Equals
ok 3 - Equals
ok 4 - Equals
ok 5 - Equals
ok 6 - Equals
ok 7 - Equals
ok 8 - Equals
ok 9 - Equals
</system-out>
    <testcase name="Equals (764)" classname="spec_perl_TestSwitchManualStr_t" time="0.000355005264282227" />
    <testcase name="Equals (765)" classname="spec_perl_TestSwitchManualStr_t" time="8.89301300048828e-05" />
    <testcase name="Equals (766)" classname="spec_perl_TestSwitchManualStr_t" time="0.000113964080810547" />
    <testcase name="Equals (767)" classname="spec_perl_TestSwitchManualStr_t" time="0.000138044357299805" />
    <testcase name="Equals (768)" classname="spec_perl_TestSwitchManualStr_t" time="0.000137090682983398" />
    <testcase name="Equals (769)" classname="spec_perl_TestSwitchManualStr_t" time="0.000122785568237305" />
    <testcase name="Equals (770)" classname="spec_perl_TestSwitchManualStr_t" time="0.000176191329956055" />
    <testcase name="Equals (771)" classname="spec_perl_TestSwitchManualStr_t" time="0.000105857849121094" />
    <testcase name="Equals (772)" classname="spec_perl_TestSwitchManualStr_t" time="0.0001220703125" />
  </testsuite>
  <testsuite name="spec_perl_TestIfInstances_t" errors="0" failures="0" skipped="0" tests="1" time="0.0463771820068359">
    <system-out>1..1
ok 1 - nil
</system-out>
    <testcase name="nil (772)" classname="spec_perl_TestIfInstances_t" time="0.000181198120117188" />
  </testsuite>
  <testsuite name="spec_perl_TestEnumToI_t" errors="0" failures="0" skipped="0" tests="5" time="0.0458920001983643">
    <system-out>1..5
ok 1 - Equals
ok 2 - Equals
ok 3 - Equals
ok 4 - Equals
ok 5 - Equals
</system-out>
    <testcase name="Equals (773)" classname="spec_perl_TestEnumToI_t" time="0.000275135040283203" />
    <testcase name="Equals (774)" classname="spec_perl_TestEnumToI_t" time="8.08238983154297e-05" />
    <testcase name="Equals (775)" classname="spec_perl_TestEnumToI_t" time="0.000149965286254883" />
    <testcase name="Equals (776)" classname="spec_perl_TestEnumToI_t" time="0.000140190124511719" />
    <testcase name="Equals (777)" classname="spec_perl_TestEnumToI_t" time="0.000110864639282227" />
  </testsuite>
  <testsuite name="spec_perl_TestRepeatNStruct_t" errors="0" failures="0" skipped="0" tests="5" time="0.0459220409393311">
    <system-out>1..5
ok 1 - Equals
ok 2 - Equals
ok 3 - Equals
ok 4 - Equals
ok 5 - Equals
</system-out>
    <testcase name="Equals (778)" classname="spec_perl_TestRepeatNStruct_t" time="0.000300884246826172" />
    <testcase name="Equals (779)" classname="spec_perl_TestRepeatNStruct_t" time="8.60691070556641e-05" />
    <testcase name="Equals (780)" classname="spec_perl_TestRepeatNStruct_t" time="0.000103950500488281" />
    <testcase name="Equals (781)" classname="spec_perl_TestRepeatNStruct_t" time="0.000150918960571289" />
    <testcase name="Equals (782)" classname="spec_perl_TestRepeatNStruct_t" time="0.000102996826171875" />
  </testsuite>
  <testsuite name="spec_perl_TestEnumToIClassBorder1_t" errors="0" failures="1" skipped="0" tests="3" time="0.0475339889526367">
    <system-out>1..3
ok 1 - Equals
ok 2 - Equals
not ok 3 - test_enum_to_i_class_border_1 died (Can't call method &quot;some_dog&quot; on an undefined value at compiled/perl/EnumToIClassBorder2.pm line 42.)
</system-out>
    <testcase name="Equals (783)" classname="spec_perl_TestEnumToIClassBorder1_t" time="0.000242948532104492" />
    <testcase name="Equals (784)" classname="spec_perl_TestEnumToIClassBorder1_t" time="7.20024108886719e-05" />
    <testcase name="test_enum_to_i_class_border_1 died (Can't call method &quot;some_dog&quot; on an undefined value at compiled/perl/EnumToIClassBorder2.pm line 42.) (784)" classname="spec_perl_TestEnumToIClassBorder1_t" time="0.000285863876342773">
      <failure message="not ok 3 - test_enum_to_i_class_border_1 died (Can't call method &quot;some_dog&quot; on an undefined value at compiled/perl/EnumToIClassBorder2.pm line 42.)" type="TAP::Parser::Result::Test"></failure>
    </testcase>
  </testsuite>
  <testsuite name="spec_perl_TestProcessCustom_t" errors="1" failures="0" skipped="0" tests="0" time="0.0447299480438232">
    <system-out></system-out>
    <testcase name="Test died too soon, even before plan. (784)" classname="spec_perl_TestProcessCustom_t" time="0.0447299480438232">
      <failure message="The test suite died before a plan was produced. You need to have a plan." type="Plan">No plan</failure>
    </testcase>
  </testsuite>
  <testsuite name="spec_perl_TestSwitchBytearray_t" errors="0" failures="0" skipped="0" tests="9" time="0.04899001121521">
    <system-out>1..9
ok 1 - Equals
ok 2 - Equals
ok 3 - Equals
ok 4 - Equals
ok 5 - Equals
ok 6 - Equals
ok 7 - Equals
ok 8 - Equals
ok 9 - Equals
</system-out>
    <testcase name="Equals (785)" classname="spec_perl_TestSwitchBytearray_t" time="0.000371932983398438" />
    <testcase name="Equals (786)" classname="spec_perl_TestSwitchBytearray_t" time="8.89301300048828e-05" />
    <testcase name="Equals (787)" classname="spec_perl_TestSwitchBytearray_t" time="5.79357147216797e-05" />
    <testcase name="Equals (788)" classname="spec_perl_TestSwitchBytearray_t" time="0.000178098678588867" />
    <testcase name="Equals (789)" classname="spec_perl_TestSwitchBytearray_t" time="7.98702239990234e-05" />
    <testcase name="Equals (790)" classname="spec_perl_TestSwitchBytearray_t" time="0.000141143798828125" />
    <testcase name="Equals (791)" classname="spec_perl_TestSwitchBytearray_t" time="0.000123977661132812" />
    <testcase name="Equals (792)" classname="spec_perl_TestSwitchBytearray_t" time="0.000123977661132812" />
    <testcase name="Equals (793)" classname="spec_perl_TestSwitchBytearray_t" time="0.000149965286254883" />
  </testsuite>
  <testsuite name="spec_perl_TestSwitchIntegers2_t" errors="0" failures="0" skipped="0" tests="5" time="0.046842098236084">
    <system-out>1..5
ok 1 - Equals
ok 2 - Equals
ok 3 - Equals
ok 4 - Equals
ok 5 - Equals
</system-out>
    <testcase name="Equals (794)" classname="spec_perl_TestSwitchIntegers2_t" time="0.000262975692749023" />
    <testcase name="Equals (795)" classname="spec_perl_TestSwitchIntegers2_t" time="8.29696655273438e-05" />
    <testcase name="Equals (796)" classname="spec_perl_TestSwitchIntegers2_t" time="0.000146150588989258" />
    <testcase name="Equals (797)" classname="spec_perl_TestSwitchIntegers2_t" time="0.000130891799926758" />
    <testcase name="Equals (798)" classname="spec_perl_TestSwitchIntegers2_t" time="0.000169992446899414" />
  </testsuite>
  <testsuite name="spec_perl_TestExprSizeofValue0_t" errors="0" failures="0" skipped="0" tests="5" time="0.0474479198455811">
    <system-out>1..5
ok 1 - Equals
ok 2 - Equals
ok 3 - Equals
ok 4 - Equals
ok 5 - Equals
</system-out>
    <testcase name="Equals (799)" classname="spec_perl_TestExprSizeofValue0_t" time="0.000319004058837891" />
    <testcase name="Equals (800)" classname="spec_perl_TestExprSizeofValue0_t" time="8.29696655273438e-05" />
    <testcase name="Equals (801)" classname="spec_perl_TestExprSizeofValue0_t" time="0.000112056732177734" />
    <testcase name="Equals (802)" classname="spec_perl_TestExprSizeofValue0_t" time="0.000160932540893555" />
    <testcase name="Equals (803)" classname="spec_perl_TestExprSizeofValue0_t" time="0.00010991096496582" />
  </testsuite>
  <testsuite name="spec_perl_TestRepeatNStrzDouble_t" errors="0" failures="0" skipped="0" tests="3" time="0.0486469268798828">
    <system-out>1..3
ok 1 - Equals
ok 2 - Equals
ok 3 - Equals
</system-out>
    <testcase name="Equals (804)" classname="spec_perl_TestRepeatNStrzDouble_t" time="0.000391960144042969" />
    <testcase name="Equals (805)" classname="spec_perl_TestRepeatNStrzDouble_t" time="8.60691070556641e-05" />
    <testcase name="Equals (806)" classname="spec_perl_TestRepeatNStrzDouble_t" time="0.000142097473144531" />
  </testsuite>
  <testsuite name="spec_perl_TestIndexSizes_t" errors="0" failures="0" skipped="0" tests="7" time="0.0503261089324951">
    <system-out>1..7
ok 1 - Equals
ok 2 - Equals
ok 3 - Equals
ok 4 - Equals
ok 5 - Equals
ok 6 - Equals
ok 7 - Equals
</system-out>
    <testcase name="Equals (807)" classname="spec_perl_TestIndexSizes_t" time="0.000294923782348633" />
    <testcase name="Equals (808)" classname="spec_perl_TestIndexSizes_t" time="8.70227813720703e-05" />
    <testcase name="Equals (809)" classname="spec_perl_TestIndexSizes_t" time="0.000123977661132812" />
    <testcase name="Equals (810)" classname="spec_perl_TestIndexSizes_t" time="0.000121116638183594" />
    <testcase name="Equals (811)" classname="spec_perl_TestIndexSizes_t" time="0.000147819519042969" />
    <testcase name="Equals (812)" classname="spec_perl_TestIndexSizes_t" time="0.000121116638183594" />
    <testcase name="Equals (813)" classname="spec_perl_TestIndexSizes_t" time="0.000123023986816406" />
  </testsuite>
  <testsuite name="spec_perl_TestIndexToParamExpr_t" errors="0" failures="2" skipped="0" tests="7" time="0.0528550148010254">
    <system-out>1..7
ok 1 - Equals
ok 2 - Equals
ok 3 - Equals
ok 4 - Equals
ok 5 - Equals
not ok 6 - Equals
not ok 7 - Equals
</system-out>
    <testcase name="Equals (814)" classname="spec_perl_TestIndexToParamExpr_t" time="0.0048980712890625" />
    <testcase name="Equals (815)" classname="spec_perl_TestIndexToParamExpr_t" time="0.000111818313598633" />
    <testcase name="Equals (816)" classname="spec_perl_TestIndexToParamExpr_t" time="6.41345977783203e-05" />
    <testcase name="Equals (817)" classname="spec_perl_TestIndexToParamExpr_t" time="4.79221343994141e-05" />
    <testcase name="Equals (818)" classname="spec_perl_TestIndexToParamExpr_t" time="4.79221343994141e-05" />
    <testcase name="Equals (819)" classname="spec_perl_TestIndexToParamExpr_t" time="4.91142272949219e-05">
      <failure message="not ok 6 - Equals" type="TAP::Parser::Result::Test"></failure>
    </testcase>
    <testcase name="Equals (820)" classname="spec_perl_TestIndexToParamExpr_t" time="4.00543212890625e-05">
      <failure message="not ok 7 - Equals" type="TAP::Parser::Result::Test"></failure>
    </testcase>
  </testsuite>
  <testsuite name="spec_perl_TestOpaqueExternalType02Parent_t" errors="0" failures="0" skipped="0" tests="3" time="0.0518698692321777">
    <system-out>1..3
ok 1 - Equals
ok 2 - Equals
ok 3 - Equals
</system-out>
    <testcase name="Equals (821)" classname="spec_perl_TestOpaqueExternalType02Parent_t" time="0.000386953353881836" />
    <testcase name="Equals (822)" classname="spec_perl_TestOpaqueExternalType02Parent_t" time="8.91685485839844e-05" />
    <testcase name="Equals (823)" classname="spec_perl_TestOpaqueExternalType02Parent_t" time="5.69820404052734e-05" />
  </testsuite>
  <testsuite name="spec_perl_TestOptionalId_t" errors="0" failures="0" skipped="0" tests="3" time="0.0480179786682129">
    <system-out>1..3
ok 1 - Equals
ok 2 - Equals
ok 3 - Equals
</system-out>
    <testcase name="Equals (824)" classname="spec_perl_TestOptionalId_t" time="0.000277996063232422" />
    <testcase name="Equals (825)" classname="spec_perl_TestOptionalId_t" time="8.60691070556641e-05" />
    <testcase name="Equals (826)" classname="spec_perl_TestOptionalId_t" time="0.000179052352905273" />
  </testsuite>
  <testsuite name="spec_perl_TestRepeatUntilS4_t" errors="0" failures="0" skipped="0" tests="2" time="0.0489349365234375">
    <system-out>1..2
ok 1 - Equals
ok 2 - Equals
</system-out>
    <testcase name="Equals (827)" classname="spec_perl_TestRepeatUntilS4_t" time="0.000355005264282227" />
    <testcase name="Equals (828)" classname="spec_perl_TestRepeatUntilS4_t" time="0.000111103057861328" />
  </testsuite>
  <testsuite name="spec_perl_TestRepeatEosBit_t" errors="0" failures="0" skipped="0" tests="1" time="0.0470271110534668">
    <system-out>1..1
ok 1 - Equals
</system-out>
    <testcase name="Equals (829)" classname="spec_perl_TestRepeatEosBit_t" time="0.000380992889404297" />
  </testsuite>
  <testsuite name="spec_perl_TestDefaultEndianExprIsLe_t" errors="0" failures="0" skipped="0" tests="12" time="0.0486640930175781">
    <system-out>1..12
ok 1 - Equals
ok 2 - Equals
ok 3 - Equals
ok 4 - Equals
ok 5 - Equals
ok 6 - Equals
ok 7 - Equals
ok 8 - Equals
ok 9 - Equals
ok 10 - Equals
ok 11 - Equals
ok 12 - Equals
</system-out>
    <testcase name="Equals (830)" classname="spec_perl_TestDefaultEndianExprIsLe_t" time="0.000352144241333008" />
    <testcase name="Equals (831)" classname="spec_perl_TestDefaultEndianExprIsLe_t" time="8.89301300048828e-05" />
    <testcase name="Equals (832)" classname="spec_perl_TestDefaultEndianExprIsLe_t" time="8.29696655273438e-05" />
    <testcase name="Equals (833)" classname="spec_perl_TestDefaultEndianExprIsLe_t" time="0.000164031982421875" />
    <testcase name="Equals (834)" classname="spec_perl_TestDefaultEndianExprIsLe_t" time="0.000125885009765625" />
    <testcase name="Equals (835)" classname="spec_perl_TestDefaultEndianExprIsLe_t" time="0.000142097473144531" />
    <testcase name="Equals (836)" classname="spec_perl_TestDefaultEndianExprIsLe_t" time="0.00014185905456543" />
    <testcase name="Equals (837)" classname="spec_perl_TestDefaultEndianExprIsLe_t" time="0.000155210494995117" />
    <testcase name="Equals (838)" classname="spec_perl_TestDefaultEndianExprIsLe_t" time="0.000135898590087891" />
    <testcase name="Equals (839)" classname="spec_perl_TestDefaultEndianExprIsLe_t" time="0.000158071517944336" />
    <testcase name="Equals (840)" classname="spec_perl_TestDefaultEndianExprIsLe_t" time="0.000174999237060547" />
    <testcase name="Equals (841)" classname="spec_perl_TestDefaultEndianExprIsLe_t" time="7.89165496826172e-05" />
  </testsuite>
  <testsuite name="spec_perl_TestNavParentOverride_t" errors="0" failures="0" skipped="0" tests="3" time="0.0447850227355957">
    <system-out>1..3
ok 1 - Equals
ok 2 - Equals
ok 3 - Equals
</system-out>
    <testcase name="Equals (842)" classname="spec_perl_TestNavParentOverride_t" time="0.000283956527709961" />
    <testcase name="Equals (843)" classname="spec_perl_TestNavParentOverride_t" time="8.48770141601562e-05" />
    <testcase name="Equals (844)" classname="spec_perl_TestNavParentOverride_t" time="0.000132083892822266" />
  </testsuite>
  <testsuite name="spec_perl_TestEnumNegative_t" errors="0" failures="0" skipped="0" tests="2" time="0.0468478202819824">
    <system-out>1..2
ok 1 - Equals
ok 2 - Equals
</system-out>
    <testcase name="Equals (845)" classname="spec_perl_TestEnumNegative_t" time="0.000273942947387695" />
    <testcase name="Equals (846)" classname="spec_perl_TestEnumNegative_t" time="8.29696655273438e-05" />
  </testsuite>
</testsuites>
