<?xml version='1.0' encoding='utf-8'?>
<testsuites>
  <testsuite name="spec_perl_TestProcessRepeatUsertype_t" errors="0" failures="0" skipped="0" tests="4" time="0.0427970886230469">
    <system-out>1..4
ok 1 - Equals
ok 2 - Equals
ok 3 - Equals
ok 4 - Equals
</system-out>
    <testcase name="Equals" classname="spec_perl_TestProcessRepeatUsertype_t" time="0.000485897064208984" />
    <testcase name="Equals (2)" classname="spec_perl_TestProcessRepeatUsertype_t" time="9.10758972167969e-05" />
    <testcase name="Equals (3)" classname="spec_perl_TestProcessRepeatUsertype_t" time="5.88893890380859e-05" />
    <testcase name="Equals (4)" classname="spec_perl_TestProcessRepeatUsertype_t" time="0.000149011611938477" />
  </testsuite>
  <testsuite name="spec_perl_TestProcessXorConst_t" errors="0" failures="0" skipped="0" tests="2" time="0.041780948638916">
    <system-out>1..2
ok 1 - Equals
ok 2 - Equals
</system-out>
    <testcase name="Equals (5)" classname="spec_perl_TestProcessXorConst_t" time="0.000216960906982422" />
    <testcase name="Equals (6)" classname="spec_perl_TestProcessXorConst_t" time="0.000106096267700195" />
  </testsuite>
  <testsuite name="spec_perl_TestParamsPassArrayInt_t" errors="0" failures="1" skipped="6" tests="7" time="0.046638011932373">
    <system-out>1..7
not ok 1 - test_params_pass_array_int died (Can't use an undefined value as an ARRAY reference at spec/perl/TestParamsPassArrayInt.t line 15.)
ok 2 # skip test_params_pass_array_int died
ok 3 # skip test_params_pass_array_int died
ok 4 # skip test_params_pass_array_int died
ok 5 # skip test_params_pass_array_int died
ok 6 # skip test_params_pass_array_int died
ok 7 # skip test_params_pass_array_int died
</system-out>
    <testcase name="test_params_pass_array_int died (Can't use an undefined value as an ARRAY reference at spec/perl/TestParamsPassArrayInt.t line 15.) (6)" classname="spec_perl_TestParamsPassArrayInt_t" time="0.000313997268676758">
      <failure message="not ok 1 - test_params_pass_array_int died (Can't use an undefined value as an ARRAY reference at spec/perl/TestParamsPassArrayInt.t line 15.)" type="TAP::Parser::Result::Test"></failure>
    </testcase>
    <testcase name="Unnamed test case 6" classname="spec_perl_TestParamsPassArrayInt_t" time="0.00309205055236816">
      <skipped message="ok 2 # skip test_params_pass_array_int died" />
    </testcase>
    <testcase name="Unnamed test case 7" classname="spec_perl_TestParamsPassArrayInt_t" time="7.48634338378906e-05">
      <skipped message="ok 3 # skip test_params_pass_array_int died" />
    </testcase>
    <testcase name="Unnamed test case 8" classname="spec_perl_TestParamsPassArrayInt_t" time="4.22000885009766e-05">
      <skipped message="ok 4 # skip test_params_pass_array_int died" />
    </testcase>
    <testcase name="Unnamed test case 9" classname="spec_perl_TestParamsPassArrayInt_t" time="3.79085540771484e-05">
      <skipped message="ok 5 # skip test_params_pass_array_int died" />
    </testcase>
    <testcase name="Unnamed test case 10" classname="spec_perl_TestParamsPassArrayInt_t" time="3.88622283935547e-05">
      <skipped message="ok 6 # skip test_params_pass_array_int died" />
    </testcase>
    <testcase name="Unnamed test case 11" classname="spec_perl_TestParamsPassArrayInt_t" time="3.60012054443359e-05">
      <skipped message="ok 7 # skip test_params_pass_array_int died" />
    </testcase>
  </testsuite>
  <testsuite name="spec_perl_TestNavParent2_t" errors="0" failures="0" skipped="0" tests="10" time="0.0459668636322021">
    <system-out>1..10
ok 1 - Equals
ok 2 - Equals
ok 3 - Equals
ok 4 - Equals
ok 5 - Equals
ok 6 - Equals
ok 7 - Equals
ok 8 - Equals
ok 9 - Equals
ok 10 - Equals
</system-out>
    <testcase name="Equals (11)" classname="spec_perl_TestNavParent2_t" time="0.000253915786743164" />
    <testcase name="Equals (12)" classname="spec_perl_TestNavParent2_t" time="8.20159912109375e-05" />
    <testcase name="Equals (13)" classname="spec_perl_TestNavParent2_t" time="0.000129938125610352" />
    <testcase name="Equals (14)" classname="spec_perl_TestNavParent2_t" time="0.000128030776977539" />
    <testcase name="Equals (15)" classname="spec_perl_TestNavParent2_t" time="0.000135898590087891" />
    <testcase name="Equals (16)" classname="spec_perl_TestNavParent2_t" time="0.000174999237060547" />
    <testcase name="Equals (17)" classname="spec_perl_TestNavParent2_t" time="0.000106096267700195" />
    <testcase name="Equals (18)" classname="spec_perl_TestNavParent2_t" time="0.00014495849609375" />
    <testcase name="Equals (19)" classname="spec_perl_TestNavParent2_t" time="0.0001220703125" />
    <testcase name="Equals (20)" classname="spec_perl_TestNavParent2_t" time="0.000176906585693359" />
  </testsuite>
  <testsuite name="spec_perl_TestSwitchIntegers_t" errors="0" failures="0" skipped="0" tests="9" time="0.0425260066986084">
    <system-out>1..9
ok 1 - Equals
ok 2 - Equals
ok 3 - Equals
ok 4 - Equals
ok 5 - Equals
ok 6 - Equals
ok 7 - Equals
ok 8 - Equals
ok 9 - Equals
</system-out>
    <testcase name="Equals (21)" classname="spec_perl_TestSwitchIntegers_t" time="0.000252962112426758" />
    <testcase name="Equals (22)" classname="spec_perl_TestSwitchIntegers_t" time="8.20159912109375e-05" />
    <testcase name="Equals (23)" classname="spec_perl_TestSwitchIntegers_t" time="0.000177145004272461" />
    <testcase name="Equals (24)" classname="spec_perl_TestSwitchIntegers_t" time="6.79492950439453e-05" />
    <testcase name="Equals (25)" classname="spec_perl_TestSwitchIntegers_t" time="0.000135898590087891" />
    <testcase name="Equals (26)" classname="spec_perl_TestSwitchIntegers_t" time="0.000114202499389648" />
    <testcase name="Equals (27)" classname="spec_perl_TestSwitchIntegers_t" time="0.00014495849609375" />
    <testcase name="Equals (28)" classname="spec_perl_TestSwitchIntegers_t" time="0.00014495849609375" />
    <testcase name="Equals (29)" classname="spec_perl_TestSwitchIntegers_t" time="0.000124931335449219" />
  </testsuite>
  <testsuite name="spec_perl_TestProcessCoerceBytes_t" errors="0" failures="0" skipped="0" tests="4" time="0.0419690608978271">
    <system-out>1..4
ok 1 - Equals
ok 2 - Equals
ok 3 - Equals
ok 4 - Equals
</system-out>
    <testcase name="Equals (30)" classname="spec_perl_TestProcessCoerceBytes_t" time="0.000240802764892578" />
    <testcase name="Equals (31)" classname="spec_perl_TestProcessCoerceBytes_t" time="7.82012939453125e-05" />
    <testcase name="Equals (32)" classname="spec_perl_TestProcessCoerceBytes_t" time="0.00011897087097168" />
    <testcase name="Equals (33)" classname="spec_perl_TestProcessCoerceBytes_t" time="0.000138998031616211" />
  </testsuite>
  <testsuite name="spec_perl_TestValidNotParsedIf_t" errors="1" failures="0" skipped="0" tests="0" time="0.0564708709716797">
    <system-out></system-out>
    <testcase name="Test died too soon, even before plan. (33)" classname="spec_perl_TestValidNotParsedIf_t" time="0.0564708709716797">
      <failure message="The test suite died before a plan was produced. You need to have a plan." type="Plan">No plan</failure>
    </testcase>
  </testsuite>
  <testsuite name="spec_perl_TestSwitchRepeatExprInvalid_t" errors="0" failures="0" skipped="0" tests="3" time="0.0415799617767334">
    <system-out>1..3
ok 1 - Equals
ok 2 - Equals
ok 3 - Equals
</system-out>
    <testcase name="Equals (34)" classname="spec_perl_TestSwitchRepeatExprInvalid_t" time="0.000231027603149414" />
    <testcase name="Equals (35)" classname="spec_perl_TestSwitchRepeatExprInvalid_t" time="8.70227813720703e-05" />
    <testcase name="Equals (36)" classname="spec_perl_TestSwitchRepeatExprInvalid_t" time="0.000113964080810547" />
  </testsuite>
  <testsuite name="spec_perl_TestIntegersMinMax_t" errors="0" failures="0" skipped="0" tests="28" time="0.0457279682159424">
    <system-out>1..28
ok 1 - Equals
ok 2 - Equals
ok 3 - Equals
ok 4 - Equals
ok 5 - Equals
ok 6 - Equals
ok 7 - Equals
ok 8 - Equals
ok 9 - Equals
ok 10 - Equals
ok 11 - Equals
ok 12 - Equals
ok 13 - Equals
ok 14 - Equals
ok 15 - Equals
ok 16 - Equals
ok 17 - Equals
ok 18 - Equals
ok 19 - Equals
ok 20 - Equals
ok 21 - Equals
ok 22 - Equals
ok 23 - Equals
ok 24 - Equals
ok 25 - Equals
ok 26 - Equals
ok 27 - Equals
ok 28 - Equals
</system-out>
    <testcase name="Equals (37)" classname="spec_perl_TestIntegersMinMax_t" time="0.000264167785644531" />
    <testcase name="Equals (38)" classname="spec_perl_TestIntegersMinMax_t" time="8.08238983154297e-05" />
    <testcase name="Equals (39)" classname="spec_perl_TestIntegersMinMax_t" time="0.000171184539794922" />
    <testcase name="Equals (40)" classname="spec_perl_TestIntegersMinMax_t" time="0.000104904174804688" />
    <testcase name="Equals (41)" classname="spec_perl_TestIntegersMinMax_t" time="0.000149011611938477" />
    <testcase name="Equals (42)" classname="spec_perl_TestIntegersMinMax_t" time="0.000124931335449219" />
    <testcase name="Equals (43)" classname="spec_perl_TestIntegersMinMax_t" time="0.000252008438110352" />
    <testcase name="Equals (44)" classname="spec_perl_TestIntegersMinMax_t" time="0.000200986862182617" />
    <testcase name="Equals (45)" classname="spec_perl_TestIntegersMinMax_t" time="0.000112056732177734" />
    <testcase name="Equals (46)" classname="spec_perl_TestIntegersMinMax_t" time="0.000150918960571289" />
    <testcase name="Equals (47)" classname="spec_perl_TestIntegersMinMax_t" time="0.000121116638183594" />
    <testcase name="Equals (48)" classname="spec_perl_TestIntegersMinMax_t" time="0.000154018402099609" />
    <testcase name="Equals (49)" classname="spec_perl_TestIntegersMinMax_t" time="0.000117063522338867" />
    <testcase name="Equals (50)" classname="spec_perl_TestIntegersMinMax_t" time="0.000175952911376953" />
    <testcase name="Equals (51)" classname="spec_perl_TestIntegersMinMax_t" time="0.000138044357299805" />
    <testcase name="Equals (52)" classname="spec_perl_TestIntegersMinMax_t" time="0.000113010406494141" />
    <testcase name="Equals (53)" classname="spec_perl_TestIntegersMinMax_t" time="0.000145912170410156" />
    <testcase name="Equals (54)" classname="spec_perl_TestIntegersMinMax_t" time="0.000118017196655273" />
    <testcase name="Equals (55)" classname="spec_perl_TestIntegersMinMax_t" time="0.000149965286254883" />
    <testcase name="Equals (56)" classname="spec_perl_TestIntegersMinMax_t" time="0.00014805793762207" />
    <testcase name="Equals (57)" classname="spec_perl_TestIntegersMinMax_t" time="0.000123977661132812" />
    <testcase name="Equals (58)" classname="spec_perl_TestIntegersMinMax_t" time="0.000146865844726562" />
    <testcase name="Equals (59)" classname="spec_perl_TestIntegersMinMax_t" time="0.000121116638183594" />
    <testcase name="Equals (60)" classname="spec_perl_TestIntegersMinMax_t" time="0.000120878219604492" />
    <testcase name="Equals (61)" classname="spec_perl_TestIntegersMinMax_t" time="0.000121116638183594" />
    <testcase name="Equals (62)" classname="spec_perl_TestIntegersMinMax_t" time="0.0001220703125" />
    <testcase name="Equals (63)" classname="spec_perl_TestIntegersMinMax_t" time="0.000150918960571289" />
    <testcase name="Equals (64)" classname="spec_perl_TestIntegersMinMax_t" time="0.000117063522338867" />
  </testsuite>
  <testsuite name="spec_perl_TestRecursiveOne_t" errors="0" failures="0" skipped="0" tests="4" time="0.0420877933502197">
    <system-out>1..4
ok 1 - Equals
ok 2 - Equals
ok 3 - Equals
ok 4 - Equals
</system-out>
    <testcase name="Equals (65)" classname="spec_perl_TestRecursiveOne_t" time="0.000222206115722656" />
    <testcase name="Equals (66)" classname="spec_perl_TestRecursiveOne_t" time="7.67707824707031e-05" />
    <testcase name="Equals (67)" classname="spec_perl_TestRecursiveOne_t" time="0.00014805793762207" />
    <testcase name="Equals (68)" classname="spec_perl_TestRecursiveOne_t" time="9.70363616943359e-05" />
  </testsuite>
  <testsuite name="spec_perl_TestStrEos_t" errors="0" failures="0" skipped="0" tests="1" time="0.0436420440673828">
    <system-out>1..1
ok 1 - Equals
</system-out>
    <testcase name="Equals (69)" classname="spec_perl_TestStrEos_t" time="0.000269889831542969" />
  </testsuite>
  <testsuite name="spec_perl_TestProcessCoerceSwitch_t" errors="0" failures="0" skipped="0" tests="3" time="0.0427620410919189">
    <system-out>1..3
ok 1 - Equals
ok 2 - Equals
ok 3 - Equals
</system-out>
    <testcase name="Equals (70)" classname="spec_perl_TestProcessCoerceSwitch_t" time="0.000458002090454102" />
    <testcase name="Equals (71)" classname="spec_perl_TestProcessCoerceSwitch_t" time="9.20295715332031e-05" />
    <testcase name="Equals (72)" classname="spec_perl_TestProcessCoerceSwitch_t" time="5.60283660888672e-05" />
  </testsuite>
  <testsuite name="spec_perl_TestInstanceIoUser_t" errors="0" failures="0" skipped="0" tests="4" time="0.0526490211486816">
    <system-out>1..4
ok 1 - Equals
ok 2 - Equals
ok 3 - Equals
ok 4 - Equals
</system-out>
    <testcase name="Equals (73)" classname="spec_perl_TestInstanceIoUser_t" time="0.000537872314453125" />
    <testcase name="Equals (74)" classname="spec_perl_TestInstanceIoUser_t" time="9.10758972167969e-05" />
    <testcase name="Equals (75)" classname="spec_perl_TestInstanceIoUser_t" time="0.000152111053466797" />
    <testcase name="Equals (76)" classname="spec_perl_TestInstanceIoUser_t" time="0.000181913375854492" />
  </testsuite>
  <testsuite name="spec_perl_TestExpr1_t" errors="0" failures="0" skipped="0" tests="4" time="0.0453751087188721">
    <system-out>1..4
ok 1 - Equals
ok 2 - Equals
ok 3 - Equals
ok 4 - Equals
</system-out>
    <testcase name="Equals (77)" classname="spec_perl_TestExpr1_t" time="0.000190019607543945" />
    <testcase name="Equals (78)" classname="spec_perl_TestExpr1_t" time="6.98566436767578e-05" />
    <testcase name="Equals (79)" classname="spec_perl_TestExpr1_t" time="0.000139951705932617" />
    <testcase name="Equals (80)" classname="spec_perl_TestExpr1_t" time="0.000140190124511719" />
  </testsuite>
  <testsuite name="spec_perl_TestDefaultEndianExprException_t" errors="0" failures="0" skipped="0" tests="1" time="0.0427830219268799">
    <system-out>1..1
ok 1 - Died
</system-out>
    <testcase name="Died (80)" classname="spec_perl_TestDefaultEndianExprException_t" time="0.000205039978027344" />
  </testsuite>
  <testsuite name="spec_perl_TestExprEnum_t" errors="0" failures="0" skipped="0" tests="3" time="0.0436410903930664">
    <system-out>1..3
ok 1 - Equals
ok 2 - Equals
ok 3 - Equals
</system-out>
    <testcase name="Equals (81)" classname="spec_perl_TestExprEnum_t" time="0.000160932540893555" />
    <testcase name="Equals (82)" classname="spec_perl_TestExprEnum_t" time="6.79492950439453e-05" />
    <testcase name="Equals (83)" classname="spec_perl_TestExprEnum_t" time="0.000164031982421875" />
  </testsuite>
  <testsuite name="spec_perl_TestFloatToI_t" errors="0" failures="0" skipped="0" tests="8" time="0.0423450469970703">
    <system-out>1..8
ok 1 - Equals
ok 2 - Equals
ok 3 - Equals
ok 4 - Equals
ok 5 - Equals
ok 6 - Equals
ok 7 - Equals
ok 8 - Equals
</system-out>
    <testcase name="Equals (84)" classname="spec_perl_TestFloatToI_t" time="0.000211000442504883" />
    <testcase name="Equals (85)" classname="spec_perl_TestFloatToI_t" time="7.39097595214844e-05" />
    <testcase name="Equals (86)" classname="spec_perl_TestFloatToI_t" time="0.000145196914672852" />
    <testcase name="Equals (87)" classname="spec_perl_TestFloatToI_t" time="0.000110864639282227" />
    <testcase name="Equals (88)" classname="spec_perl_TestFloatToI_t" time="0.000159978866577148" />
    <testcase name="Equals (89)" classname="spec_perl_TestFloatToI_t" time="0.000107049942016602" />
    <testcase name="Equals (90)" classname="spec_perl_TestFloatToI_t" time="0.000142097473144531" />
    <testcase name="Equals (91)" classname="spec_perl_TestFloatToI_t" time="0.000126838684082031" />
  </testsuite>
  <testsuite name="spec_perl_TestExpr2_t" errors="0" failures="0" skipped="0" tests="17" time="0.0472149848937988">
    <system-out>1..17
ok 1 - Equals
ok 2 - Equals
ok 3 - Equals
ok 4 - Equals
ok 5 - Equals
ok 6 - Equals
ok 7 - Equals
ok 8 - Equals
ok 9 - Equals
ok 10 - Equals
ok 11 - Equals
ok 12 - Equals
ok 13 - Equals
ok 14 - Equals
ok 15 - Equals
ok 16 - Equals
ok 17 - Equals
</system-out>
    <testcase name="Equals (92)" classname="spec_perl_TestExpr2_t" time="0.00052189826965332" />
    <testcase name="Equals (93)" classname="spec_perl_TestExpr2_t" time="9.20295715332031e-05" />
    <testcase name="Equals (94)" classname="spec_perl_TestExpr2_t" time="7.60555267333984e-05" />
    <testcase name="Equals (95)" classname="spec_perl_TestExpr2_t" time="0.000134944915771484" />
    <testcase name="Equals (96)" classname="spec_perl_TestExpr2_t" time="0.000119924545288086" />
    <testcase name="Equals (97)" classname="spec_perl_TestExpr2_t" time="0.000136137008666992" />
    <testcase name="Equals (98)" classname="spec_perl_TestExpr2_t" time="0.000133991241455078" />
    <testcase name="Equals (99)" classname="spec_perl_TestExpr2_t" time="0.000175952911376953" />
    <testcase name="Equals (100)" classname="spec_perl_TestExpr2_t" time="0.000155925750732422" />
    <testcase name="Equals (101)" classname="spec_perl_TestExpr2_t" time="0.000135183334350586" />
    <testcase name="Equals (102)" classname="spec_perl_TestExpr2_t" time="0.000126838684082031" />
    <testcase name="Equals (103)" classname="spec_perl_TestExpr2_t" time="0.000141143798828125" />
    <testcase name="Equals (104)" classname="spec_perl_TestExpr2_t" time="0.000145912170410156" />
    <testcase name="Equals (105)" classname="spec_perl_TestExpr2_t" time="0.000163078308105469" />
    <testcase name="Equals (106)" classname="spec_perl_TestExpr2_t" time="0.000113010406494141" />
    <testcase name="Equals (107)" classname="spec_perl_TestExpr2_t" time="0.000139951705932617" />
    <testcase name="Equals (108)" classname="spec_perl_TestExpr2_t" time="0.000120878219604492" />
  </testsuite>
  <testsuite name="spec_perl_TestCombineBool_t" errors="0" failures="0" skipped="0" tests="2" time="0.041658878326416">
    <system-out>1..2
ok 1 - Equals
ok 2 - Equals
</system-out>
    <testcase name="Equals (109)" classname="spec_perl_TestCombineBool_t" time="0.00023198127746582" />
    <testcase name="Equals (110)" classname="spec_perl_TestCombineBool_t" time="7.89165496826172e-05" />
  </testsuite>
  <testsuite name="spec_perl_TestExprCalcArrayOps_t" errors="0" failures="1" skipped="17" tests="18" time="0.0581119060516357">
    <system-out>1..18
not ok 1 - test_expr_calc_array_ops died (Can't use string (&quot;1000&quot;) as an ARRAY ref while &quot;strict refs&quot; in use at compiled/perl/ExprCalcArrayOps.pm line 50.)
ok 2 # skip test_expr_calc_array_ops died
ok 3 # skip test_expr_calc_array_ops died
ok 4 # skip test_expr_calc_array_ops died
ok 5 # skip test_expr_calc_array_ops died
ok 6 # skip test_expr_calc_array_ops died
ok 7 # skip test_expr_calc_array_ops died
ok 8 # skip test_expr_calc_array_ops died
ok 9 # skip test_expr_calc_array_ops died
ok 10 # skip test_expr_calc_array_ops died
ok 11 # skip test_expr_calc_array_ops died
ok 12 # skip test_expr_calc_array_ops died
ok 13 # skip test_expr_calc_array_ops died
ok 14 # skip test_expr_calc_array_ops died
ok 15 # skip test_expr_calc_array_ops died
ok 16 # skip test_expr_calc_array_ops died
ok 17 # skip test_expr_calc_array_ops died
ok 18 # skip test_expr_calc_array_ops died
</system-out>
    <testcase name="test_expr_calc_array_ops died (Can't use string (&quot;1000&quot;) as an ARRAY ref while &quot;strict refs&quot; in use at compiled/perl/ExprCalcArrayOps.pm line 50.) (110)" classname="spec_perl_TestExprCalcArrayOps_t" time="0.000167131423950195">
      <failure message="not ok 1 - test_expr_calc_array_ops died (Can't use string (&quot;1000&quot;) as an ARRAY ref while &quot;strict refs&quot; in use at compiled/perl/ExprCalcArrayOps.pm line 50.)" type="TAP::Parser::Result::Test"></failure>
    </testcase>
    <testcase name="Unnamed test case 110" classname="spec_perl_TestExprCalcArrayOps_t" time="0.000110864639282227">
      <skipped message="ok 2 # skip test_expr_calc_array_ops died" />
    </testcase>
    <testcase name="Unnamed test case 111" classname="spec_perl_TestExprCalcArrayOps_t" time="5.79357147216797e-05">
      <skipped message="ok 3 # skip test_expr_calc_array_ops died" />
    </testcase>
    <testcase name="Unnamed test case 112" classname="spec_perl_TestExprCalcArrayOps_t" time="5.31673431396484e-05">
      <skipped message="ok 4 # skip test_expr_calc_array_ops died" />
    </testcase>
    <testcase name="Unnamed test case 113" classname="spec_perl_TestExprCalcArrayOps_t" time="4.88758087158203e-05">
      <skipped message="ok 5 # skip test_expr_calc_array_ops died" />
    </testcase>
    <testcase name="Unnamed test case 114" classname="spec_perl_TestExprCalcArrayOps_t" time="5.50746917724609e-05">
      <skipped message="ok 6 # skip test_expr_calc_array_ops died" />
    </testcase>
    <testcase name="Unnamed test case 115" classname="spec_perl_TestExprCalcArrayOps_t" time="4.69684600830078e-05">
      <skipped message="ok 7 # skip test_expr_calc_array_ops died" />
    </testcase>
    <testcase name="Unnamed test case 116" classname="spec_perl_TestExprCalcArrayOps_t" time="4.69684600830078e-05">
      <skipped message="ok 8 # skip test_expr_calc_array_ops died" />
    </testcase>
    <testcase name="Unnamed test case 117" classname="spec_perl_TestExprCalcArrayOps_t" time="4.50611114501953e-05">
      <skipped message="ok 9 # skip test_expr_calc_array_ops died" />
    </testcase>
    <testcase name="Unnamed test case 118" classname="spec_perl_TestExprCalcArrayOps_t" time="4.50611114501953e-05">
      <skipped message="ok 10 # skip test_expr_calc_array_ops died" />
    </testcase>
    <testcase name="Unnamed test case 119" classname="spec_perl_TestExprCalcArrayOps_t" time="6.98566436767578e-05">
      <skipped message="ok 11 # skip test_expr_calc_array_ops died" />
    </testcase>
    <testcase name="Unnamed test case 120" classname="spec_perl_TestExprCalcArrayOps_t" time="4.91142272949219e-05">
      <skipped message="ok 12 # skip test_expr_calc_array_ops died" />
    </testcase>
    <testcase name="Unnamed test case 121" classname="spec_perl_TestExprCalcArrayOps_t" time="4.60147857666016e-05">
      <skipped message="ok 13 # skip test_expr_calc_array_ops died" />
    </testcase>
    <testcase name="Unnamed test case 122" classname="spec_perl_TestExprCalcArrayOps_t" time="4.50611114501953e-05">
      <skipped message="ok 14 # skip test_expr_calc_array_ops died" />
    </testcase>
    <testcase name="Unnamed test case 123" classname="spec_perl_TestExprCalcArrayOps_t" time="4.79221343994141e-05">
      <skipped message="ok 15 # skip test_expr_calc_array_ops died" />
    </testcase>
    <testcase name="Unnamed test case 124" classname="spec_perl_TestExprCalcArrayOps_t" time="6.103515625e-05">
      <skipped message="ok 16 # skip test_expr_calc_array_ops died" />
    </testcase>
    <testcase name="Unnamed test case 125" classname="spec_perl_TestExprCalcArrayOps_t" time="5.29289245605469e-05">
      <skipped message="ok 17 # skip test_expr_calc_array_ops died" />
    </testcase>
    <testcase name="Unnamed test case 126" classname="spec_perl_TestExprCalcArrayOps_t" time="5.69820404052734e-05">
      <skipped message="ok 18 # skip test_expr_calc_array_ops died" />
    </testcase>
  </testsuite>
  <testsuite name="spec_perl_TestCastToTop_t" errors="0" failures="0" skipped="0" tests="3" time="0.042186975479126">
    <system-out>1..3
ok 1 - Equals
ok 2 - Equals
ok 3 - Equals
</system-out>
    <testcase name="Equals (126)" classname="spec_perl_TestCastToTop_t" time="0.000200033187866211" />
    <testcase name="Equals (127)" classname="spec_perl_TestCastToTop_t" time="7.98702239990234e-05" />
    <testcase name="Equals (128)" classname="spec_perl_TestCastToTop_t" time="0.000149965286254883" />
  </testsuite>
  <testsuite name="spec_perl_TestParamsPassArrayStruct_t" errors="0" failures="1" skipped="2" tests="3" time="0.0455918312072754">
    <system-out>1..3
not ok 1 - test_params_pass_array_struct died (Can't use an undefined value as an ARRAY reference at spec/perl/TestParamsPassArrayStruct.t line 15.)
ok 2 # skip test_params_pass_array_struct died
ok 3 # skip test_params_pass_array_struct died
</system-out>
    <testcase name="test_params_pass_array_struct died (Can't use an undefined value as an ARRAY reference at spec/perl/TestParamsPassArrayStruct.t line 15.) (128)" classname="spec_perl_TestParamsPassArrayStruct_t" time="0.000320911407470703">
      <failure message="not ok 1 - test_params_pass_array_struct died (Can't use an undefined value as an ARRAY reference at spec/perl/TestParamsPassArrayStruct.t line 15.)" type="TAP::Parser::Result::Test"></failure>
    </testcase>
    <testcase name="Unnamed test case 128" classname="spec_perl_TestParamsPassArrayStruct_t" time="0.00359892845153809">
      <skipped message="ok 2 # skip test_params_pass_array_struct died" />
    </testcase>
    <testcase name="Unnamed test case 129" classname="spec_perl_TestParamsPassArrayStruct_t" time="9.20295715332031e-05">
      <skipped message="ok 3 # skip test_params_pass_array_struct died" />
    </testcase>
  </testsuite>
  <testsuite name="spec_perl_TestBytesPadTerm_t" errors="0" failures="0" skipped="0" tests="4" time="0.0417611598968506">
    <system-out>1..4
ok 1 - Equals
ok 2 - Equals
ok 3 - Equals
ok 4 - Equals
</system-out>
    <testcase name="Equals (129)" classname="spec_perl_TestBytesPadTerm_t" time="0.000218868255615234" />
    <testcase name="Equals (130)" classname="spec_perl_TestBytesPadTerm_t" time="8.79764556884766e-05" />
    <testcase name="Equals (131)" classname="spec_perl_TestBytesPadTerm_t" time="0.000161170959472656" />
    <testcase name="Equals (132)" classname="spec_perl_TestBytesPadTerm_t" time="0.000119924545288086" />
  </testsuite>
  <testsuite name="spec_perl_TestExprSizeofType1_t" errors="0" failures="0" skipped="0" tests="2" time="0.0411739349365234">
    <system-out>1..2
ok 1 - Equals
ok 2 - Equals
</system-out>
    <testcase name="Equals (133)" classname="spec_perl_TestExprSizeofType1_t" time="0.000221967697143555" />
    <testcase name="Equals (134)" classname="spec_perl_TestExprSizeofType1_t" time="8.10623168945312e-05" />
  </testsuite>
  <testsuite name="spec_perl_TestValidSwitch_t" errors="1" failures="0" skipped="0" tests="0" time="0.0448870658874512">
    <system-out></system-out>
    <testcase name="Test died too soon, even before plan. (134)" classname="spec_perl_TestValidSwitch_t" time="0.0448870658874512">
      <failure message="The test suite died before a plan was produced. You need to have a plan." type="Plan">No plan</failure>
    </testcase>
  </testsuite>
  <testsuite name="spec_perl_TestSwitchManualIntElse_t" errors="0" failures="0" skipped="0" tests="9" time="0.0454151630401611">
    <system-out>1..9
ok 1 - Equals
ok 2 - Equals
ok 3 - Equals
ok 4 - Equals
ok 5 - Equals
ok 6 - Equals
ok 7 - Equals
ok 8 - Equals
ok 9 - Equals
</system-out>
    <testcase name="Equals (135)" classname="spec_perl_TestSwitchManualIntElse_t" time="0.000317811965942383" />
    <testcase name="Equals (136)" classname="spec_perl_TestSwitchManualIntElse_t" time="8.10623168945312e-05" />
    <testcase name="Equals (137)" classname="spec_perl_TestSwitchManualIntElse_t" time="0.000147104263305664" />
    <testcase name="Equals (138)" classname="spec_perl_TestSwitchManualIntElse_t" time="9.58442687988281e-05" />
    <testcase name="Equals (139)" classname="spec_perl_TestSwitchManualIntElse_t" time="0.000147104263305664" />
    <testcase name="Equals (140)" classname="spec_perl_TestSwitchManualIntElse_t" time="0.000113964080810547" />
    <testcase name="Equals (141)" classname="spec_perl_TestSwitchManualIntElse_t" time="0.000144004821777344" />
    <testcase name="Equals (142)" classname="spec_perl_TestSwitchManualIntElse_t" time="0.00014495849609375" />
    <testcase name="Equals (143)" classname="spec_perl_TestSwitchManualIntElse_t" time="0.000127077102661133" />
  </testsuite>
  <testsuite name="spec_perl_TestExprOpsParens_t" errors="1" failures="0" skipped="0" tests="0" time="0.0430588722229004">
    <system-out></system-out>
    <testcase name="Test died too soon, even before plan. (143)" classname="spec_perl_TestExprOpsParens_t" time="0.0430588722229004">
      <failure message="The test suite died before a plan was produced. You need to have a plan." type="Plan">No plan</failure>
    </testcase>
  </testsuite>
  <testsuite name="spec_perl_TestRepeatUntilSized_t" errors="0" failures="0" skipped="0" tests="7" time="0.0418839454650879">
    <system-out>1..7
ok 1 - Equals
ok 2 - Equals
ok 3 - Equals
ok 4 - Equals
ok 5 - Equals
ok 6 - Equals
ok 7 - Equals
</system-out>
    <testcase name="Equals (144)" classname="spec_perl_TestRepeatUntilSized_t" time="0.000463962554931641" />
    <testcase name="Equals (145)" classname="spec_perl_TestRepeatUntilSized_t" time="8.20159912109375e-05" />
    <testcase name="Equals (146)" classname="spec_perl_TestRepeatUntilSized_t" time="0.000106096267700195" />
    <testcase name="Equals (147)" classname="spec_perl_TestRepeatUntilSized_t" time="0.000133991241455078" />
    <testcase name="Equals (148)" classname="spec_perl_TestRepeatUntilSized_t" time="0.000134944915771484" />
    <testcase name="Equals (149)" classname="spec_perl_TestRepeatUntilSized_t" time="0.000114917755126953" />
    <testcase name="Equals (150)" classname="spec_perl_TestRepeatUntilSized_t" time="0.000143051147460938" />
  </testsuite>
  <testsuite name="spec_perl_TestSwitchManualIntSizeEos_t" errors="0" failures="0" skipped="0" tests="10" time="0.0465779304504395">
    <system-out>1..10
ok 1 - Equals
ok 2 - Equals
ok 3 - Equals
ok 4 - Equals
ok 5 - Equals
ok 6 - Equals
ok 7 - Equals
ok 8 - Equals
ok 9 - Equals
ok 10 - Equals
</system-out>
    <testcase name="Equals (151)" classname="spec_perl_TestSwitchManualIntSizeEos_t" time="0.000646114349365234" />
    <testcase name="Equals (152)" classname="spec_perl_TestSwitchManualIntSizeEos_t" time="9.20295715332031e-05" />
    <testcase name="Equals (153)" classname="spec_perl_TestSwitchManualIntSizeEos_t" time="5.79357147216797e-05" />
    <testcase name="Equals (154)" classname="spec_perl_TestSwitchManualIntSizeEos_t" time="0.000149011611938477" />
    <testcase name="Equals (155)" classname="spec_perl_TestSwitchManualIntSizeEos_t" time="0.000126123428344727" />
    <testcase name="Equals (156)" classname="spec_perl_TestSwitchManualIntSizeEos_t" time="0.000149965286254883" />
    <testcase name="Equals (157)" classname="spec_perl_TestSwitchManualIntSizeEos_t" time="0.000119924545288086" />
    <testcase name="Equals (158)" classname="spec_perl_TestSwitchManualIntSizeEos_t" time="0.000152111053466797" />
    <testcase name="Equals (159)" classname="spec_perl_TestSwitchManualIntSizeEos_t" time="0.000116825103759766" />
    <testcase name="Equals (160)" classname="spec_perl_TestSwitchManualIntSizeEos_t" time="0.000147104263305664" />
  </testsuite>
  <testsuite name="spec_perl_TestOptionalId_t" errors="0" failures="0" skipped="0" tests="3" time="0.0428910255432129">
    <system-out>1..3
ok 1 - Equals
ok 2 - Equals
ok 3 - Equals
</system-out>
    <testcase name="Equals (161)" classname="spec_perl_TestOptionalId_t" time="0.000159025192260742" />
    <testcase name="Equals (162)" classname="spec_perl_TestOptionalId_t" time="0.0001220703125" />
    <testcase name="Equals (163)" classname="spec_perl_TestOptionalId_t" time="0.000131845474243164" />
  </testsuite>
  <testsuite name="spec_perl_TestCombineEnum_t" errors="0" failures="0" skipped="0" tests="3" time="0.0418860912322998">
    <system-out>1..3
ok 1 - Equals
ok 2 - Equals
ok 3 - Equals
</system-out>
    <testcase name="Equals (164)" classname="spec_perl_TestCombineEnum_t" time="0.000159025192260742" />
    <testcase name="Equals (165)" classname="spec_perl_TestCombineEnum_t" time="6.89029693603516e-05" />
    <testcase name="Equals (166)" classname="spec_perl_TestCombineEnum_t" time="0.000137090682983398" />
  </testsuite>
  <testsuite name="spec_perl_TestImportsCircularA_t" errors="0" failures="0" skipped="0" tests="5" time="0.0425999164581299">
    <system-out>1..5
ok 1 - Equals
ok 2 - Equals
ok 3 - Equals
ok 4 - Equals
ok 5 - nil
</system-out>
    <testcase name="Equals (167)" classname="spec_perl_TestImportsCircularA_t" time="0.000231027603149414" />
    <testcase name="Equals (168)" classname="spec_perl_TestImportsCircularA_t" time="7.70092010498047e-05" />
    <testcase name="Equals (169)" classname="spec_perl_TestImportsCircularA_t" time="0.00014495849609375" />
    <testcase name="Equals (170)" classname="spec_perl_TestImportsCircularA_t" time="0.000117063522338867" />
    <testcase name="nil (170)" classname="spec_perl_TestImportsCircularA_t" time="6.00814819335938e-05" />
  </testsuite>
  <testsuite name="spec_perl_TestProcessToUser_t" errors="0" failures="0" skipped="0" tests="1" time="0.0459110736846924">
    <system-out>1..1
ok 1 - Equals
</system-out>
    <testcase name="Equals (171)" classname="spec_perl_TestProcessToUser_t" time="0.000525951385498047" />
  </testsuite>
  <testsuite name="spec_perl_TestNavRoot_t" errors="0" failures="0" skipped="0" tests="5" time="0.0447990894317627">
    <system-out>1..5
ok 1 - Equals
ok 2 - Equals
ok 3 - Equals
ok 4 - Equals
ok 5 - Equals
</system-out>
    <testcase name="Equals (172)" classname="spec_perl_TestNavRoot_t" time="0.000351905822753906" />
    <testcase name="Equals (173)" classname="spec_perl_TestNavRoot_t" time="8.29696655273438e-05" />
    <testcase name="Equals (174)" classname="spec_perl_TestNavRoot_t" time="7.89165496826172e-05" />
    <testcase name="Equals (175)" classname="spec_perl_TestNavRoot_t" time="0.000174045562744141" />
    <testcase name="Equals (176)" classname="spec_perl_TestNavRoot_t" time="8.41617584228516e-05" />
  </testsuite>
  <testsuite name="spec_perl_TestExprBytesLiteral_t" errors="1" failures="0" skipped="0" tests="0" time="0.0443780422210693">
    <system-out></system-out>
    <testcase name="Test died too soon, even before plan. (176)" classname="spec_perl_TestExprBytesLiteral_t" time="0.0443780422210693">
      <failure message="The test suite died before a plan was produced. You need to have a plan." type="Plan">No plan</failure>
    </testcase>
  </testsuite>
  <testsuite name="spec_perl_TestEnumDeepLiterals_t" errors="0" failures="0" skipped="0" tests="2" time="0.0421459674835205">
    <system-out>1..2
ok 1 - Equals
ok 2 - Equals
</system-out>
    <testcase name="Equals (177)" classname="spec_perl_TestEnumDeepLiterals_t" time="0.000232934951782227" />
    <testcase name="Equals (178)" classname="spec_perl_TestEnumDeepLiterals_t" time="7.60555267333984e-05" />
  </testsuite>
  <testsuite name="spec_perl_TestTypeTernary_t" errors="0" failures="0" skipped="0" tests="1" time="0.0415520668029785">
    <system-out>1..1
ok 1 - Equals
</system-out>
    <testcase name="Equals (179)" classname="spec_perl_TestTypeTernary_t" time="0.000450849533081055" />
  </testsuite>
  <testsuite name="spec_perl_TestEnumToI_t" errors="0" failures="0" skipped="0" tests="5" time="0.0423190593719482">
    <system-out>1..5
ok 1 - Equals
ok 2 - Equals
ok 3 - Equals
ok 4 - Equals
ok 5 - Equals
</system-out>
    <testcase name="Equals (180)" classname="spec_perl_TestEnumToI_t" time="0.00015711784362793" />
    <testcase name="Equals (181)" classname="spec_perl_TestEnumToI_t" time="0.000121831893920898" />
    <testcase name="Equals (182)" classname="spec_perl_TestEnumToI_t" time="0.000130176544189453" />
    <testcase name="Equals (183)" classname="spec_perl_TestEnumToI_t" time="0.000131845474243164" />
    <testcase name="Equals (184)" classname="spec_perl_TestEnumToI_t" time="0.000116109848022461" />
  </testsuite>
  <testsuite name="spec_perl_TestEofExceptionU4_t" errors="0" failures="0" skipped="0" tests="1" time="0.0420801639556885">
    <system-out>1..1
ok 1 - Died
</system-out>
    <testcase name="Died (184)" classname="spec_perl_TestEofExceptionU4_t" time="0.000161886215209961" />
  </testsuite>
  <testsuite name="spec_perl_TestInstanceStdArray_t" errors="0" failures="0" skipped="0" tests="7" time="0.0421309471130371">
    <system-out>1..7
ok 1 - Equals
ok 2 - Equals
ok 3 - Equals
ok 4 - Equals
ok 5 - Equals
ok 6 - Equals
ok 7 - Equals
</system-out>
    <testcase name="Equals (185)" classname="spec_perl_TestInstanceStdArray_t" time="0.000217199325561523" />
    <testcase name="Equals (186)" classname="spec_perl_TestInstanceStdArray_t" time="0.000100851058959961" />
    <testcase name="Equals (187)" classname="spec_perl_TestInstanceStdArray_t" time="0.000152111053466797" />
    <testcase name="Equals (188)" classname="spec_perl_TestInstanceStdArray_t" time="0.00014185905456543" />
    <testcase name="Equals (189)" classname="spec_perl_TestInstanceStdArray_t" time="0.000118017196655273" />
    <testcase name="Equals (190)" classname="spec_perl_TestInstanceStdArray_t" time="0.000147104263305664" />
    <testcase name="Equals (191)" classname="spec_perl_TestInstanceStdArray_t" time="0.000134944915771484" />
  </testsuite>
  <testsuite name="spec_perl_TestNavParentSwitch_t" errors="0" failures="0" skipped="0" tests="3" time="0.0426449775695801">
    <system-out>1..3
ok 1 - Equals
ok 2 - Equals
ok 3 - Equals
</system-out>
    <testcase name="Equals (192)" classname="spec_perl_TestNavParentSwitch_t" time="0.000248193740844727" />
    <testcase name="Equals (193)" classname="spec_perl_TestNavParentSwitch_t" time="7.79628753662109e-05" />
    <testcase name="Equals (194)" classname="spec_perl_TestNavParentSwitch_t" time="0.000135898590087891" />
  </testsuite>
  <testsuite name="spec_perl_TestDefaultBigEndian_t" errors="0" failures="0" skipped="0" tests="1" time="0.0581860542297363">
    <system-out>1..1
ok 1 - Equals
</system-out>
    <testcase name="Equals (195)" classname="spec_perl_TestDefaultBigEndian_t" time="0.000159978866577148" />
  </testsuite>
  <testsuite name="spec_perl_TestParamsPassArrayStr_t" errors="0" failures="1" skipped="6" tests="7" time="0.049293041229248">
    <system-out>1..7
not ok 1 - test_params_pass_array_str died (Can't use an undefined value as an ARRAY reference at spec/perl/TestParamsPassArrayStr.t line 15.)
ok 2 # skip test_params_pass_array_str died
ok 3 # skip test_params_pass_array_str died
ok 4 # skip test_params_pass_array_str died
ok 5 # skip test_params_pass_array_str died
ok 6 # skip test_params_pass_array_str died
ok 7 # skip test_params_pass_array_str died
</system-out>
    <testcase name="test_params_pass_array_str died (Can't use an undefined value as an ARRAY reference at spec/perl/TestParamsPassArrayStr.t line 15.) (195)" classname="spec_perl_TestParamsPassArrayStr_t" time="0.000277996063232422">
      <failure message="not ok 1 - test_params_pass_array_str died (Can't use an undefined value as an ARRAY reference at spec/perl/TestParamsPassArrayStr.t line 15.)" type="TAP::Parser::Result::Test"></failure>
    </testcase>
    <testcase name="Unnamed test case 195" classname="spec_perl_TestParamsPassArrayStr_t" time="0.00154614448547363">
      <skipped message="ok 2 # skip test_params_pass_array_str died" />
    </testcase>
    <testcase name="Unnamed test case 196" classname="spec_perl_TestParamsPassArrayStr_t" time="0.000108003616333008">
      <skipped message="ok 3 # skip test_params_pass_array_str died" />
    </testcase>
    <testcase name="Unnamed test case 197" classname="spec_perl_TestParamsPassArrayStr_t" time="0.000147819519042969">
      <skipped message="ok 4 # skip test_params_pass_array_str died" />
    </testcase>
    <testcase name="Unnamed test case 198" classname="spec_perl_TestParamsPassArrayStr_t" time="0.000120162963867188">
      <skipped message="ok 5 # skip test_params_pass_array_str died" />
    </testcase>
    <testcase name="Unnamed test case 199" classname="spec_perl_TestParamsPassArrayStr_t" time="0.000123023986816406">
      <skipped message="ok 6 # skip test_params_pass_array_str died" />
    </testcase>
    <testcase name="Unnamed test case 200" classname="spec_perl_TestParamsPassArrayStr_t" time="0.000159978866577148">
      <skipped message="ok 7 # skip test_params_pass_array_str died" />
    </testcase>
  </testsuite>
  <testsuite name="spec_perl_TestMetaXref_t" errors="0" failures="0" skipped="1" tests="1" time="0.041942834854126">
    <system-out>1..1
ok 1 # skip MetaXref=HASH(0x212c080)
</system-out>
    <testcase name="Unnamed test case 201" classname="spec_perl_TestMetaXref_t" time="0.00120401382446289">
      <skipped message="ok 1 # skip MetaXref=HASH(0x212c080)" />
    </testcase>
  </testsuite>
  <testsuite name="spec_perl_TestIntegers_t" errors="1" failures="0" skipped="0" tests="0" time="0.0418679714202881">
    <system-out></system-out>
    <testcase name="Test died too soon, even before plan. (201)" classname="spec_perl_TestIntegers_t" time="0.0418679714202881">
      <failure message="The test suite died before a plan was produced. You need to have a plan." type="Plan">No plan</failure>
    </testcase>
  </testsuite>
  <testsuite name="spec_perl_TestNestedTypes3_t" errors="0" failures="0" skipped="0" tests="5" time="0.0429699420928955">
    <system-out>1..5
ok 1 - Equals
ok 2 - Equals
ok 3 - Equals
ok 4 - Equals
ok 5 - Equals
</system-out>
    <testcase name="Equals (201)" classname="spec_perl_TestNestedTypes3_t" time="0.000228166580200195" />
    <testcase name="Equals (202)" classname="spec_perl_TestNestedTypes3_t" time="7.89165496826172e-05" />
    <testcase name="Equals (203)" classname="spec_perl_TestNestedTypes3_t" time="0.000150918960571289" />
    <testcase name="Equals (204)" classname="spec_perl_TestNestedTypes3_t" time="0.000123977661132812" />
    <testcase name="Equals (205)" classname="spec_perl_TestNestedTypes3_t" time="0.000136137008666992" />
  </testsuite>
  <testsuite name="spec_perl_TestIfValues_t" errors="0" failures="0" skipped="0" tests="6" time="0.0420351028442383">
    <system-out>1..6
ok 1 - Equals
ok 2 - Equals
ok 3 - Equals
ok 4 - nil
ok 5 - Equals
ok 6 - nil
</system-out>
    <testcase name="Equals (206)" classname="spec_perl_TestIfValues_t" time="0.000194072723388672" />
    <testcase name="Equals (207)" classname="spec_perl_TestIfValues_t" time="7.29560852050781e-05" />
    <testcase name="Equals (208)" classname="spec_perl_TestIfValues_t" time="0.000164031982421875" />
    <testcase name="nil (208)" classname="spec_perl_TestIfValues_t" time="6.19888305664062e-05" />
    <testcase name="Equals (209)" classname="spec_perl_TestIfValues_t" time="8.89301300048828e-05" />
    <testcase name="nil (209)" classname="spec_perl_TestIfValues_t" time="6.60419464111328e-05" />
  </testsuite>
  <testsuite name="spec_perl_TestDefaultEndianMod_t" errors="0" failures="0" skipped="0" tests="3" time="0.041841983795166">
    <system-out>1..3
ok 1 - Equals
ok 2 - Equals
ok 3 - Equals
</system-out>
    <testcase name="Equals (210)" classname="spec_perl_TestDefaultEndianMod_t" time="0.000243902206420898" />
    <testcase name="Equals (211)" classname="spec_perl_TestDefaultEndianMod_t" time="7.79628753662109e-05" />
    <testcase name="Equals (212)" classname="spec_perl_TestDefaultEndianMod_t" time="0.00016021728515625" />
  </testsuite>
  <testsuite name="spec_perl_TestSwitchManualIntSize_t" errors="0" failures="1" skipped="0" tests="10" time="0.0488841533660889">
    <system-out>1..10
ok 1 - Equals
ok 2 - Equals
ok 3 - Equals
ok 4 - Equals
ok 5 - Equals
not ok 6 - test switch manual int size
ok 7 - Equals
ok 8 - Equals
ok 9 - Equals
ok 10 - Equals
</system-out>
    <testcase name="Equals (213)" classname="spec_perl_TestSwitchManualIntSize_t" time="0.00056004524230957" />
    <testcase name="Equals (214)" classname="spec_perl_TestSwitchManualIntSize_t" time="9.39369201660156e-05" />
    <testcase name="Equals (215)" classname="spec_perl_TestSwitchManualIntSize_t" time="7.39097595214844e-05" />
    <testcase name="Equals (216)" classname="spec_perl_TestSwitchManualIntSize_t" time="0.000152111053466797" />
    <testcase name="Equals (217)" classname="spec_perl_TestSwitchManualIntSize_t" time="0.000119924545288086" />
    <testcase name="test switch manual int size (217)" classname="spec_perl_TestSwitchManualIntSize_t" time="0.0039680004119873">
      <failure message="not ok 6 - test switch manual int size" type="TAP::Parser::Result::Test"></failure>
    </testcase>
    <testcase name="Equals (218)" classname="spec_perl_TestSwitchManualIntSize_t" time="6.38961791992188e-05" />
    <testcase name="Equals (219)" classname="spec_perl_TestSwitchManualIntSize_t" time="3.40938568115234e-05" />
    <testcase name="Equals (220)" classname="spec_perl_TestSwitchManualIntSize_t" time="2.40802764892578e-05" />
    <testcase name="Equals (221)" classname="spec_perl_TestSwitchManualIntSize_t" time="2.288818359375e-05" />
  </testsuite>
  <testsuite name="spec_perl_TestEofExceptionBytes_t" errors="0" failures="0" skipped="0" tests="1" time="0.0513389110565186">
    <system-out>1..1
ok 1 - Died
</system-out>
    <testcase name="Died (221)" classname="spec_perl_TestEofExceptionBytes_t" time="0.000159025192260742" />
  </testsuite>
  <testsuite name="spec_perl_TestEnum0_t" errors="0" failures="0" skipped="0" tests="2" time="0.0414881706237793">
    <system-out>1..2
ok 1 - Equals
ok 2 - Equals
</system-out>
    <testcase name="Equals (222)" classname="spec_perl_TestEnum0_t" time="0.000226974487304688" />
    <testcase name="Equals (223)" classname="spec_perl_TestEnum0_t" time="7.70092010498047e-05" />
  </testsuite>
  <testsuite name="spec_perl_TestProcessCustom_t" errors="1" failures="0" skipped="0" tests="0" time="0.0436618328094482">
    <system-out></system-out>
    <testcase name="Test died too soon, even before plan. (223)" classname="spec_perl_TestProcessCustom_t" time="0.0436618328094482">
      <failure message="The test suite died before a plan was produced. You need to have a plan." type="Plan">No plan</failure>
    </testcase>
  </testsuite>
  <testsuite name="spec_perl_TestDefaultEndianExprIsBe_t" errors="0" failures="0" skipped="0" tests="18" time="0.0443019866943359">
    <system-out>1..18
ok 1 - Equals
ok 2 - Equals
ok 3 - Equals
ok 4 - Equals
ok 5 - Equals
ok 6 - Equals
ok 7 - Equals
ok 8 - Equals
ok 9 - Equals
ok 10 - Equals
ok 11 - Equals
ok 12 - Equals
ok 13 - Equals
ok 14 - Equals
ok 15 - Equals
ok 16 - Equals
ok 17 - Equals
ok 18 - Equals
</system-out>
    <testcase name="Equals (224)" classname="spec_perl_TestDefaultEndianExprIsBe_t" time="0.000283002853393555" />
    <testcase name="Equals (225)" classname="spec_perl_TestDefaultEndianExprIsBe_t" time="7.82012939453125e-05" />
    <testcase name="Equals (226)" classname="spec_perl_TestDefaultEndianExprIsBe_t" time="0.000150918960571289" />
    <testcase name="Equals (227)" classname="spec_perl_TestDefaultEndianExprIsBe_t" time="0.000102043151855469" />
    <testcase name="Equals (228)" classname="spec_perl_TestDefaultEndianExprIsBe_t" time="0.000159025192260742" />
    <testcase name="Equals (229)" classname="spec_perl_TestDefaultEndianExprIsBe_t" time="0.000154972076416016" />
    <testcase name="Equals (230)" classname="spec_perl_TestDefaultEndianExprIsBe_t" time="0.000125885009765625" />
    <testcase name="Equals (231)" classname="spec_perl_TestDefaultEndianExprIsBe_t" time="0.000123977661132812" />
    <testcase name="Equals (232)" classname="spec_perl_TestDefaultEndianExprIsBe_t" time="0.000131130218505859" />
    <testcase name="Equals (233)" classname="spec_perl_TestDefaultEndianExprIsBe_t" time="0.000115871429443359" />
    <testcase name="Equals (234)" classname="spec_perl_TestDefaultEndianExprIsBe_t" time="0.000159025192260742" />
    <testcase name="Equals (235)" classname="spec_perl_TestDefaultEndianExprIsBe_t" time="0.00015711784362793" />
    <testcase name="Equals (236)" classname="spec_perl_TestDefaultEndianExprIsBe_t" time="0.000114917755126953" />
    <testcase name="Equals (237)" classname="spec_perl_TestDefaultEndianExprIsBe_t" time="0.000145912170410156" />
    <testcase name="Equals (238)" classname="spec_perl_TestDefaultEndianExprIsBe_t" time="0.00014805793762207" />
    <testcase name="Equals (239)" classname="spec_perl_TestDefaultEndianExprIsBe_t" time="0.000115156173706055" />
    <testcase name="Equals (240)" classname="spec_perl_TestDefaultEndianExprIsBe_t" time="0.000152826309204102" />
    <testcase name="Equals (241)" classname="spec_perl_TestDefaultEndianExprIsBe_t" time="0.000149965286254883" />
  </testsuite>
  <testsuite name="spec_perl_TestEnumImport_t" errors="0" failures="2" skipped="0" tests="2" time="0.0485479831695557">
    <system-out>1..2
not ok 1 - Equals
not ok 2 - Equals
</system-out>
    <testcase name="Equals (242)" classname="spec_perl_TestEnumImport_t" time="0.000143051147460938">
      <failure message="not ok 1 - Equals" type="TAP::Parser::Result::Test"></failure>
    </testcase>
    <testcase name="Equals (243)" classname="spec_perl_TestEnumImport_t" time="5.19752502441406e-05">
      <failure message="not ok 2 - Equals" type="TAP::Parser::Result::Test"></failure>
    </testcase>
  </testsuite>
  <testsuite name="spec_perl_TestExpr3_t" errors="0" failures="0" skipped="0" tests="12" time="0.0460109710693359">
    <system-out>1..12
ok 1 - Equals
ok 2 - Equals
ok 3 - Equals
ok 4 - Equals
ok 5 - Equals
ok 6 - Equals
ok 7 - Equals
ok 8 - Equals
ok 9 - Equals
ok 10 - Equals
ok 11 - Equals
ok 12 - Equals
</system-out>
    <testcase name="Equals (244)" classname="spec_perl_TestExpr3_t" time="0.000214815139770508" />
    <testcase name="Equals (245)" classname="spec_perl_TestExpr3_t" time="7.31945037841797e-05" />
    <testcase name="Equals (246)" classname="spec_perl_TestExpr3_t" time="0.000154972076416016" />
    <testcase name="Equals (247)" classname="spec_perl_TestExpr3_t" time="0.000115871429443359" />
    <testcase name="Equals (248)" classname="spec_perl_TestExpr3_t" time="0.000133037567138672" />
    <testcase name="Equals (249)" classname="spec_perl_TestExpr3_t" time="0.000118017196655273" />
    <testcase name="Equals (250)" classname="spec_perl_TestExpr3_t" time="0.000144004821777344" />
    <testcase name="Equals (251)" classname="spec_perl_TestExpr3_t" time="0.000123977661132812" />
    <testcase name="Equals (252)" classname="spec_perl_TestExpr3_t" time="0.000127077102661133" />
    <testcase name="Equals (253)" classname="spec_perl_TestExpr3_t" time="0.000123023986816406" />
    <testcase name="Equals (254)" classname="spec_perl_TestExpr3_t" time="0.000172853469848633" />
    <testcase name="Equals (255)" classname="spec_perl_TestExpr3_t" time="8.79764556884766e-05" />
  </testsuite>
  <testsuite name="spec_perl_TestSwitchElseOnly_t" errors="0" failures="0" skipped="0" tests="3" time="0.041895866394043">
    <system-out>1..3
ok 1 - Equals
ok 2 - Equals
ok 3 - Equals
</system-out>
    <testcase name="Equals (256)" classname="spec_perl_TestSwitchElseOnly_t" time="0.000219106674194336" />
    <testcase name="Equals (257)" classname="spec_perl_TestSwitchElseOnly_t" time="8.79764556884766e-05" />
    <testcase name="Equals (258)" classname="spec_perl_TestSwitchElseOnly_t" time="0.000123977661132812" />
  </testsuite>
  <testsuite name="spec_perl_TestBitsSimple_t" errors="0" failures="0" skipped="0" tests="14" time="0.0433039665222168">
    <system-out>1..14
ok 1 - Equals
ok 2 - Equals
ok 3 - Equals
ok 4 - Equals
ok 5 - Equals
ok 6 - Equals
ok 7 - Equals
ok 8 - Equals
ok 9 - Equals
ok 10 - Equals
ok 11 - Equals
ok 12 - Equals
ok 13 - Equals
ok 14 - Equals
</system-out>
    <testcase name="Equals (259)" classname="spec_perl_TestBitsSimple_t" time="0.000306844711303711" />
    <testcase name="Equals (260)" classname="spec_perl_TestBitsSimple_t" time="8.29696655273438e-05" />
    <testcase name="Equals (261)" classname="spec_perl_TestBitsSimple_t" time="8.10623168945312e-05" />
    <testcase name="Equals (262)" classname="spec_perl_TestBitsSimple_t" time="0.00014495849609375" />
    <testcase name="Equals (263)" classname="spec_perl_TestBitsSimple_t" time="0.000127077102661133" />
    <testcase name="Equals (264)" classname="spec_perl_TestBitsSimple_t" time="0.000138998031616211" />
    <testcase name="Equals (265)" classname="spec_perl_TestBitsSimple_t" time="0.000118017196655273" />
    <testcase name="Equals (266)" classname="spec_perl_TestBitsSimple_t" time="0.0001220703125" />
    <testcase name="Equals (267)" classname="spec_perl_TestBitsSimple_t" time="0.000145912170410156" />
    <testcase name="Equals (268)" classname="spec_perl_TestBitsSimple_t" time="0.000110864639282227" />
    <testcase name="Equals (269)" classname="spec_perl_TestBitsSimple_t" time="0.000146150588989258" />
    <testcase name="Equals (270)" classname="spec_perl_TestBitsSimple_t" time="0.00011897087097168" />
    <testcase name="Equals (271)" classname="spec_perl_TestBitsSimple_t" time="0.000123023986816406" />
    <testcase name="Equals (272)" classname="spec_perl_TestBitsSimple_t" time="0.000172853469848633" />
  </testsuite>
  <testsuite name="spec_perl_TestParamsCallShort_t" errors="0" failures="3" skipped="0" tests="3" time="0.0519990921020508">
    <system-out>1..3
not ok 1 - Equals
not ok 2 - Equals
not ok 3 - Equals
</system-out>
    <testcase name="Equals (273)" classname="spec_perl_TestParamsCallShort_t" time="0.00198912620544434">
      <failure message="not ok 1 - Equals" type="TAP::Parser::Result::Test"></failure>
    </testcase>
    <testcase name="Equals (274)" classname="spec_perl_TestParamsCallShort_t" time="0.000956058502197266">
      <failure message="not ok 2 - Equals" type="TAP::Parser::Result::Test"></failure>
    </testcase>
    <testcase name="Equals (275)" classname="spec_perl_TestParamsCallShort_t" time="0.0012199878692627">
      <failure message="not ok 3 - Equals" type="TAP::Parser::Result::Test"></failure>
    </testcase>
  </testsuite>
  <testsuite name="spec_perl_TestSwitchManualEnumInvalid_t" errors="0" failures="0" skipped="0" tests="5" time="0.0445349216461182">
    <system-out>1..5
ok 1 - Equals
ok 2 - Equals
ok 3 - nil
ok 4 - Equals
ok 5 - nil
</system-out>
    <testcase name="Equals (276)" classname="spec_perl_TestSwitchManualEnumInvalid_t" time="0.000257968902587891" />
    <testcase name="Equals (277)" classname="spec_perl_TestSwitchManualEnumInvalid_t" time="7.79628753662109e-05" />
    <testcase name="nil (277)" classname="spec_perl_TestSwitchManualEnumInvalid_t" time="5.7220458984375e-05" />
    <testcase name="Equals (278)" classname="spec_perl_TestSwitchManualEnumInvalid_t" time="0.000138998031616211" />
    <testcase name="nil (278)" classname="spec_perl_TestSwitchManualEnumInvalid_t" time="9.39369201660156e-05" />
  </testsuite>
  <testsuite name="spec_perl_TestIoLocalVar_t" errors="0" failures="0" skipped="0" tests="2" time="0.0417990684509277">
    <system-out>1..2
ok 1 - Equals
ok 2 - Equals
</system-out>
    <testcase name="Equals (279)" classname="spec_perl_TestIoLocalVar_t" time="0.000463962554931641" />
    <testcase name="Equals (280)" classname="spec_perl_TestIoLocalVar_t" time="8.89301300048828e-05" />
  </testsuite>
  <testsuite name="spec_perl_TestRepeatEosStruct_t" errors="0" failures="0" skipped="0" tests="5" time="0.0415630340576172">
    <system-out>1..5
ok 1 - Equals
ok 2 - Equals
ok 3 - Equals
ok 4 - Equals
ok 5 - Equals
</system-out>
    <testcase name="Equals (281)" classname="spec_perl_TestRepeatEosStruct_t" time="0.000250101089477539" />
    <testcase name="Equals (282)" classname="spec_perl_TestRepeatEosStruct_t" time="7.70092010498047e-05" />
    <testcase name="Equals (283)" classname="spec_perl_TestRepeatEosStruct_t" time="0.000144004821777344" />
    <testcase name="Equals (284)" classname="spec_perl_TestRepeatEosStruct_t" time="0.000123023986816406" />
    <testcase name="Equals (285)" classname="spec_perl_TestRepeatEosStruct_t" time="0.000133037567138672" />
  </testsuite>
  <testsuite name="spec_perl_TestBitsSimpleLe_t" errors="0" failures="0" skipped="0" tests="14" time="0.0434708595275879">
    <system-out>1..14
ok 1 - Equals
ok 2 - Equals
ok 3 - Equals
ok 4 - Equals
ok 5 - Equals
ok 6 - Equals
ok 7 - Equals
ok 8 - Equals
ok 9 - Equals
ok 10 - Equals
ok 11 - Equals
ok 12 - Equals
ok 13 - Equals
ok 14 - Equals
</system-out>
    <testcase name="Equals (286)" classname="spec_perl_TestBitsSimpleLe_t" time="0.000256061553955078" />
    <testcase name="Equals (287)" classname="spec_perl_TestBitsSimpleLe_t" time="7.91549682617188e-05" />
    <testcase name="Equals (288)" classname="spec_perl_TestBitsSimpleLe_t" time="0.000134944915771484" />
    <testcase name="Equals (289)" classname="spec_perl_TestBitsSimpleLe_t" time="0.000123023986816406" />
    <testcase name="Equals (290)" classname="spec_perl_TestBitsSimpleLe_t" time="0.000140905380249023" />
    <testcase name="Equals (291)" classname="spec_perl_TestBitsSimpleLe_t" time="0.000130891799926758" />
    <testcase name="Equals (292)" classname="spec_perl_TestBitsSimpleLe_t" time="0.000152111053466797" />
    <testcase name="Equals (293)" classname="spec_perl_TestBitsSimpleLe_t" time="0.000108003616333008" />
    <testcase name="Equals (294)" classname="spec_perl_TestBitsSimpleLe_t" time="0.000153064727783203" />
    <testcase name="Equals (295)" classname="spec_perl_TestBitsSimpleLe_t" time="0.000111818313598633" />
    <testcase name="Equals (296)" classname="spec_perl_TestBitsSimpleLe_t" time="0.000147104263305664" />
    <testcase name="Equals (297)" classname="spec_perl_TestBitsSimpleLe_t" time="0.000117063522338867" />
    <testcase name="Equals (298)" classname="spec_perl_TestBitsSimpleLe_t" time="0.000123023986816406" />
    <testcase name="Equals (299)" classname="spec_perl_TestBitsSimpleLe_t" time="0.000144004821777344" />
  </testsuite>
  <testsuite name="spec_perl_TestExprIntDiv_t" errors="0" failures="2" skipped="0" tests="6" time="0.0454080104827881">
    <system-out>1..6
ok 1 - Equals
ok 2 - Equals
ok 3 - Equals
not ok 4 - Equals
ok 5 - Equals
not ok 6 - Equals
</system-out>
    <testcase name="Equals (300)" classname="spec_perl_TestExprIntDiv_t" time="0.000202178955078125" />
    <testcase name="Equals (301)" classname="spec_perl_TestExprIntDiv_t" time="7.98702239990234e-05" />
    <testcase name="Equals (302)" classname="spec_perl_TestExprIntDiv_t" time="0.000151157379150391" />
    <testcase name="Equals (303)" classname="spec_perl_TestExprIntDiv_t" time="0.000163793563842773">
      <failure message="not ok 4 - Equals" type="TAP::Parser::Result::Test"></failure>
    </testcase>
    <testcase name="Equals (304)" classname="spec_perl_TestExprIntDiv_t" time="0.00359916687011719" />
    <testcase name="Equals (305)" classname="spec_perl_TestExprIntDiv_t" time="6.29425048828125e-05">
      <failure message="not ok 6 - Equals" type="TAP::Parser::Result::Test"></failure>
    </testcase>
  </testsuite>
  <testsuite name="spec_perl_TestExpr0_t" errors="0" failures="0" skipped="0" tests="2" time="0.0413050651550293">
    <system-out>1..2
ok 1 - Equals
ok 2 - Equals
</system-out>
    <testcase name="Equals (306)" classname="spec_perl_TestExpr0_t" time="0.000180959701538086" />
    <testcase name="Equals (307)" classname="spec_perl_TestExpr0_t" time="8.0108642578125e-05" />
  </testsuite>
  <testsuite name="spec_perl_TestCombineStr_t" errors="0" failures="0" skipped="0" tests="15" time="0.046658992767334">
    <system-out>1..15
ok 1 - Equals
ok 2 - Equals
ok 3 - Equals
ok 4 - Equals
ok 5 - Equals
ok 6 - Equals
ok 7 - Equals
ok 8 - Equals
ok 9 - Equals
ok 10 - Equals
ok 11 - Equals
ok 12 - Equals
ok 13 - Equals
ok 14 - Equals
ok 15 - Equals
</system-out>
    <testcase name="Equals (308)" classname="spec_perl_TestCombineStr_t" time="0.000232934951782227" />
    <testcase name="Equals (309)" classname="spec_perl_TestCombineStr_t" time="7.51018524169922e-05" />
    <testcase name="Equals (310)" classname="spec_perl_TestCombineStr_t" time="0.000123977661132812" />
    <testcase name="Equals (311)" classname="spec_perl_TestCombineStr_t" time="0.000138044357299805" />
    <testcase name="Equals (312)" classname="spec_perl_TestCombineStr_t" time="0.000152826309204102" />
    <testcase name="Equals (313)" classname="spec_perl_TestCombineStr_t" time="0.000117063522338867" />
    <testcase name="Equals (314)" classname="spec_perl_TestCombineStr_t" time="0.000154972076416016" />
    <testcase name="Equals (315)" classname="spec_perl_TestCombineStr_t" time="0.000123977661132812" />
    <testcase name="Equals (316)" classname="spec_perl_TestCombineStr_t" time="0.00012516975402832" />
    <testcase name="Equals (317)" classname="spec_perl_TestCombineStr_t" time="0.000149965286254883" />
    <testcase name="Equals (318)" classname="spec_perl_TestCombineStr_t" time="0.000119924545288086" />
    <testcase name="Equals (319)" classname="spec_perl_TestCombineStr_t" time="0.000144004821777344" />
    <testcase name="Equals (320)" classname="spec_perl_TestCombineStr_t" time="0.000124931335449219" />
    <testcase name="Equals (321)" classname="spec_perl_TestCombineStr_t" time="0.000152111053466797" />
    <testcase name="Equals (322)" classname="spec_perl_TestCombineStr_t" time="0.000113964080810547" />
  </testsuite>
  <testsuite name="spec_perl_TestRepeatNStruct_t" errors="0" failures="0" skipped="0" tests="5" time="0.0419371128082275">
    <system-out>1..5
ok 1 - Equals
ok 2 - Equals
ok 3 - Equals
ok 4 - Equals
ok 5 - Equals
</system-out>
    <testcase name="Equals (323)" classname="spec_perl_TestRepeatNStruct_t" time="0.000135898590087891" />
    <testcase name="Equals (324)" classname="spec_perl_TestRepeatNStruct_t" time="6.50882720947266e-05" />
    <testcase name="Equals (325)" classname="spec_perl_TestRepeatNStruct_t" time="0.000102043151855469" />
    <testcase name="Equals (326)" classname="spec_perl_TestRepeatNStruct_t" time="0.000140905380249023" />
    <testcase name="Equals (327)" classname="spec_perl_TestRepeatNStruct_t" time="0.000123977661132812" />
  </testsuite>
  <testsuite name="spec_perl_TestTypeIntUnaryOp_t" errors="0" failures="0" skipped="0" tests="4" time="0.0415539741516113">
    <system-out>1..4
ok 1 - Equals
ok 2 - Equals
ok 3 - Equals
ok 4 - Equals
</system-out>
    <testcase name="Equals (328)" classname="spec_perl_TestTypeIntUnaryOp_t" time="0.00019383430480957" />
    <testcase name="Equals (329)" classname="spec_perl_TestTypeIntUnaryOp_t" time="7.70092010498047e-05" />
    <testcase name="Equals (330)" classname="spec_perl_TestTypeIntUnaryOp_t" time="0.000151157379150391" />
    <testcase name="Equals (331)" classname="spec_perl_TestTypeIntUnaryOp_t" time="0.000125885009765625" />
  </testsuite>
  <testsuite name="spec_perl_TestEnum1_t" errors="0" failures="0" skipped="0" tests="2" time="0.0415360927581787">
    <system-out>1..2
ok 1 - Equals
ok 2 - Equals
</system-out>
    <testcase name="Equals (332)" classname="spec_perl_TestEnum1_t" time="0.000244140625" />
    <testcase name="Equals (333)" classname="spec_perl_TestEnum1_t" time="8.392333984375e-05" />
  </testsuite>
  <testsuite name="spec_perl_TestHelloWorld_t" errors="0" failures="0" skipped="0" tests="1" time="0.0410377979278564">
    <system-out>1..1
ok 1 - Equals
</system-out>
    <testcase name="Equals (334)" classname="spec_perl_TestHelloWorld_t" time="0.000217914581298828" />
  </testsuite>
  <testsuite name="spec_perl_TestDocstringsDocref_t" errors="0" failures="0" skipped="1" tests="1" time="0.0420870780944824">
    <system-out>1..1
ok 1 # skip DocstringsDocref=HASH(0x2e24fd8)
</system-out>
    <testcase name="Unnamed test case 334" classname="spec_perl_TestDocstringsDocref_t" time="0.00117802619934082">
      <skipped message="ok 1 # skip DocstringsDocref=HASH(0x2e24fd8)" />
    </testcase>
  </testsuite>
  <testsuite name="spec_perl_TestZlibWithHeader78_t" errors="0" failures="0" skipped="0" tests="1" time="0.0619301795959473">
    <system-out>1..1
ok 1 - Equals
</system-out>
    <testcase name="Equals (335)" classname="spec_perl_TestZlibWithHeader78_t" time="0.000326871871948242" />
  </testsuite>
  <testsuite name="spec_perl_TestRepeatUntilComplex_t" errors="0" failures="0" skipped="0" tests="17" time="0.043414831161499">
    <system-out>1..17
ok 1 - Equals
ok 2 - Equals
ok 3 - Equals
ok 4 - Equals
ok 5 - Equals
ok 6 - Equals
ok 7 - Equals
ok 8 - Equals
ok 9 - Equals
ok 10 - Equals
ok 11 - Equals
ok 12 - Equals
ok 13 - Equals
ok 14 - Equals
ok 15 - Equals
ok 16 - Equals
ok 17 - Equals
</system-out>
    <testcase name="Equals (336)" classname="spec_perl_TestRepeatUntilComplex_t" time="0.000267982482910156" />
    <testcase name="Equals (337)" classname="spec_perl_TestRepeatUntilComplex_t" time="7.51018524169922e-05" />
    <testcase name="Equals (338)" classname="spec_perl_TestRepeatUntilComplex_t" time="0.000145912170410156" />
    <testcase name="Equals (339)" classname="spec_perl_TestRepeatUntilComplex_t" time="0.000138998031616211" />
    <testcase name="Equals (340)" classname="spec_perl_TestRepeatUntilComplex_t" time="0.000112056732177734" />
    <testcase name="Equals (341)" classname="spec_perl_TestRepeatUntilComplex_t" time="0.000144004821777344" />
    <testcase name="Equals (342)" classname="spec_perl_TestRepeatUntilComplex_t" time="6.00814819335938e-05" />
    <testcase name="Equals (343)" classname="spec_perl_TestRepeatUntilComplex_t" time="0.000151872634887695" />
    <testcase name="Equals (344)" classname="spec_perl_TestRepeatUntilComplex_t" time="0.000108003616333008" />
    <testcase name="Equals (345)" classname="spec_perl_TestRepeatUntilComplex_t" time="0.00014495849609375" />
    <testcase name="Equals (346)" classname="spec_perl_TestRepeatUntilComplex_t" time="0.000115156173706055" />
    <testcase name="Equals (347)" classname="spec_perl_TestRepeatUntilComplex_t" time="0.000146865844726562" />
    <testcase name="Equals (348)" classname="spec_perl_TestRepeatUntilComplex_t" time="0.000121116638183594" />
    <testcase name="Equals (349)" classname="spec_perl_TestRepeatUntilComplex_t" time="0.000140905380249023" />
    <testcase name="Equals (350)" classname="spec_perl_TestRepeatUntilComplex_t" time="0.000127077102661133" />
    <testcase name="Equals (351)" classname="spec_perl_TestRepeatUntilComplex_t" time="6.60419464111328e-05" />
    <testcase name="Equals (352)" classname="spec_perl_TestRepeatUntilComplex_t" time="0.000140905380249023" />
  </testsuite>
  <testsuite name="spec_perl_TestEnumIntRangeU_t" errors="0" failures="0" skipped="0" tests="2" time="0.041356086730957">
    <system-out>1..2
ok 1 - Equals
ok 2 - Equals
</system-out>
    <testcase name="Equals (353)" classname="spec_perl_TestEnumIntRangeU_t" time="0.000221014022827148" />
    <testcase name="Equals (354)" classname="spec_perl_TestEnumIntRangeU_t" time="7.41481781005859e-05" />
  </testsuite>
  <testsuite name="spec_perl_TestNavParentVsValueInst_t" errors="0" failures="0" skipped="0" tests="1" time="0.0445740222930908">
    <system-out>1..1
ok 1 - Equals
</system-out>
    <testcase name="Equals (355)" classname="spec_perl_TestNavParentVsValueInst_t" time="0.000267982482910156" />
  </testsuite>
  <testsuite name="spec_perl_TestCastToImported_t" errors="0" failures="0" skipped="0" tests="2" time="0.0414681434631348">
    <system-out>1..2
ok 1 - Equals
ok 2 - Equals
</system-out>
    <testcase name="Equals (356)" classname="spec_perl_TestCastToImported_t" time="0.000204086303710938" />
    <testcase name="Equals (357)" classname="spec_perl_TestCastToImported_t" time="8.98838043212891e-05" />
  </testsuite>
  <testsuite name="spec_perl_TestRepeatEosBit_t" errors="0" failures="0" skipped="0" tests="1" time="0.0408580303192139">
    <system-out>1..1
ok 1 - Equals
</system-out>
    <testcase name="Equals (358)" classname="spec_perl_TestRepeatEosBit_t" time="0.000252008438110352" />
  </testsuite>
  <testsuite name="spec_perl_TestDebugSwitchUser_t" errors="1" failures="0" skipped="0" tests="0" time="0.0457701683044434">
    <system-out></system-out>
    <testcase name="Test died too soon, even before plan. (358)" classname="spec_perl_TestDebugSwitchUser_t" time="0.0457701683044434">
      <failure message="The test suite died before a plan was produced. You need to have a plan." type="Plan">No plan</failure>
    </testcase>
  </testsuite>
  <testsuite name="spec_perl_TestBcdUserTypeBe_t" errors="0" failures="0" skipped="0" tests="6" time="0.0435628890991211">
    <system-out>1..6
ok 1 - Equals
ok 2 - Equals
ok 3 - Equals
ok 4 - Equals
ok 5 - Equals
ok 6 - Equals
</system-out>
    <testcase name="Equals (359)" classname="spec_perl_TestBcdUserTypeBe_t" time="0.000488042831420898" />
    <testcase name="Equals (360)" classname="spec_perl_TestBcdUserTypeBe_t" time="8.79764556884766e-05" />
    <testcase name="Equals (361)" classname="spec_perl_TestBcdUserTypeBe_t" time="0.000110864639282227" />
    <testcase name="Equals (362)" classname="spec_perl_TestBcdUserTypeBe_t" time="0.000164031982421875" />
    <testcase name="Equals (363)" classname="spec_perl_TestBcdUserTypeBe_t" time="0.000150918960571289" />
    <testcase name="Equals (364)" classname="spec_perl_TestBcdUserTypeBe_t" time="0.000136137008666992" />
  </testsuite>
  <testsuite name="spec_perl_TestNavParentOverride_t" errors="0" failures="0" skipped="0" tests="3" time="0.0410370826721191">
    <system-out>1..3
ok 1 - Equals
ok 2 - Equals
ok 3 - Equals
</system-out>
    <testcase name="Equals (365)" classname="spec_perl_TestNavParentOverride_t" time="0.000279903411865234" />
    <testcase name="Equals (366)" classname="spec_perl_TestNavParentOverride_t" time="0.000108003616333008" />
    <testcase name="Equals (367)" classname="spec_perl_TestNavParentOverride_t" time="0.000142097473144531" />
  </testsuite>
  <testsuite name="spec_perl_TestProcessXorValue_t" errors="0" failures="0" skipped="0" tests="2" time="0.0415828227996826">
    <system-out>1..2
ok 1 - Equals
ok 2 - Equals
</system-out>
    <testcase name="Equals (368)" classname="spec_perl_TestProcessXorValue_t" time="0.000226020812988281" />
    <testcase name="Equals (369)" classname="spec_perl_TestProcessXorValue_t" time="7.70092010498047e-05" />
  </testsuite>
  <testsuite name="spec_perl_TestIndexToParamEos_t" errors="0" failures="2" skipped="0" tests="7" time="0.0559878349304199">
    <system-out>1..7
ok 1 - Equals
ok 2 - Equals
ok 3 - Equals
ok 4 - Equals
ok 5 - Equals
not ok 6 - Equals
not ok 7 - Equals
</system-out>
    <testcase name="Equals (370)" classname="spec_perl_TestIndexToParamEos_t" time="0.00583791732788086" />
    <testcase name="Equals (371)" classname="spec_perl_TestIndexToParamEos_t" time="0.000110149383544922" />
    <testcase name="Equals (372)" classname="spec_perl_TestIndexToParamEos_t" time="5.29289245605469e-05" />
    <testcase name="Equals (373)" classname="spec_perl_TestIndexToParamEos_t" time="6.60419464111328e-05" />
    <testcase name="Equals (374)" classname="spec_perl_TestIndexToParamEos_t" time="4.10079956054688e-05" />
    <testcase name="Equals (375)" classname="spec_perl_TestIndexToParamEos_t" time="7.08103179931641e-05">
      <failure message="not ok 6 - Equals" type="TAP::Parser::Result::Test"></failure>
    </testcase>
    <testcase name="Equals (376)" classname="spec_perl_TestIndexToParamEos_t" time="0.00672721862792969">
      <failure message="not ok 7 - Equals" type="TAP::Parser::Result::Test"></failure>
    </testcase>
  </testsuite>
  <testsuite name="spec_perl_TestSwitchManualEnum_t" errors="0" failures="0" skipped="0" tests="9" time="0.0454740524291992">
    <system-out>1..9
ok 1 - Equals
ok 2 - Equals
ok 3 - Equals
ok 4 - Equals
ok 5 - Equals
ok 6 - Equals
ok 7 - Equals
ok 8 - Equals
ok 9 - Equals
</system-out>
    <testcase name="Equals (377)" classname="spec_perl_TestSwitchManualEnum_t" time="0.00026702880859375" />
    <testcase name="Equals (378)" classname="spec_perl_TestSwitchManualEnum_t" time="7.79628753662109e-05" />
    <testcase name="Equals (379)" classname="spec_perl_TestSwitchManualEnum_t" time="0.000119924545288086" />
    <testcase name="Equals (380)" classname="spec_perl_TestSwitchManualEnum_t" time="0.000177145004272461" />
    <testcase name="Equals (381)" classname="spec_perl_TestSwitchManualEnum_t" time="0.000115871429443359" />
    <testcase name="Equals (382)" classname="spec_perl_TestSwitchManualEnum_t" time="0.000139951705932617" />
    <testcase name="Equals (383)" classname="spec_perl_TestSwitchManualEnum_t" time="0.0001220703125" />
    <testcase name="Equals (384)" classname="spec_perl_TestSwitchManualEnum_t" time="0.000113964080810547" />
    <testcase name="Equals (385)" classname="spec_perl_TestSwitchManualEnum_t" time="0.000145912170410156" />
  </testsuite>
  <testsuite name="spec_perl_TestTypeTernary2ndFalsy_t" errors="0" failures="1" skipped="0" tests="13" time="0.047523021697998">
    <system-out>1..13
ok 1 - Equals
ok 2 - Equals
ok 3 - Equals
ok 4 - Approx equals
ok 5 - Approx equals
ok 6 - Equals
ok 7 - Equals
ok 8 - Equals
ok 9 - nil
ok 10 - Equals
ok 11 - Equals
ok 12 - Equals
not ok 13 - test_type_ternary_2nd_falsy died (Can't use an undefined value as an ARRAY reference at spec/perl/TestTypeTernary2ndFalsy.t line 27.)
</system-out>
    <testcase name="Equals (386)" classname="spec_perl_TestTypeTernary2ndFalsy_t" time="0.000254154205322266" />
    <testcase name="Equals (387)" classname="spec_perl_TestTypeTernary2ndFalsy_t" time="8.08238983154297e-05" />
    <testcase name="Equals (388)" classname="spec_perl_TestTypeTernary2ndFalsy_t" time="0.000127077102661133" />
    <testcase name="Approx equals (388)" classname="spec_perl_TestTypeTernary2ndFalsy_t" time="5.88893890380859e-05" />
    <testcase name="Approx equals (389)" classname="spec_perl_TestTypeTernary2ndFalsy_t" time="6.69956207275391e-05" />
    <testcase name="Equals (389)" classname="spec_perl_TestTypeTernary2ndFalsy_t" time="0.000142097473144531" />
    <testcase name="Equals (390)" classname="spec_perl_TestTypeTernary2ndFalsy_t" time="0.000123977661132812" />
    <testcase name="Equals (391)" classname="spec_perl_TestTypeTernary2ndFalsy_t" time="0.000152111053466797" />
    <testcase name="nil (391)" classname="spec_perl_TestTypeTernary2ndFalsy_t" time="6.69956207275391e-05" />
    <testcase name="Equals (392)" classname="spec_perl_TestTypeTernary2ndFalsy_t" time="0.000114917755126953" />
    <testcase name="Equals (393)" classname="spec_perl_TestTypeTernary2ndFalsy_t" time="0.00014495849609375" />
    <testcase name="Equals (394)" classname="spec_perl_TestTypeTernary2ndFalsy_t" time="0.000123023986816406" />
    <testcase name="test_type_ternary_2nd_falsy died (Can't use an undefined value as an ARRAY reference at spec/perl/TestTypeTernary2ndFalsy.t line 27.) (394)" classname="spec_perl_TestTypeTernary2ndFalsy_t" time="0.000261068344116211">
      <failure message="not ok 13 - test_type_ternary_2nd_falsy died (Can't use an undefined value as an ARRAY reference at spec/perl/TestTypeTernary2ndFalsy.t line 27.)" type="TAP::Parser::Result::Test"></failure>
    </testcase>
  </testsuite>
  <testsuite name="spec_perl_TestOpaqueExternalType_t" errors="0" failures="0" skipped="0" tests="3" time="0.0452380180358887">
    <system-out>1..3
ok 1 - Equals
ok 2 - Equals
ok 3 - Equals
</system-out>
    <testcase name="Equals (395)" classname="spec_perl_TestOpaqueExternalType_t" time="0.000285148620605469" />
    <testcase name="Equals (396)" classname="spec_perl_TestOpaqueExternalType_t" time="9.17911529541016e-05" />
    <testcase name="Equals (397)" classname="spec_perl_TestOpaqueExternalType_t" time="0.000115156173706055" />
  </testsuite>
  <testsuite name="spec_perl_TestEnumIf_t" errors="0" failures="0" skipped="0" tests="7" time="0.0467319488525391">
    <system-out>1..7
ok 1 - Equals
ok 2 - Equals
ok 3 - Equals
ok 4 - Equals
ok 5 - Equals
ok 6 - Equals
ok 7 - Equals
</system-out>
    <testcase name="Equals (398)" classname="spec_perl_TestEnumIf_t" time="0.000349044799804688" />
    <testcase name="Equals (399)" classname="spec_perl_TestEnumIf_t" time="0.000119924545288086" />
    <testcase name="Equals (400)" classname="spec_perl_TestEnumIf_t" time="6.00814819335938e-05" />
    <testcase name="Equals (401)" classname="spec_perl_TestEnumIf_t" time="0.000138998031616211" />
    <testcase name="Equals (402)" classname="spec_perl_TestEnumIf_t" time="0.000119924545288086" />
    <testcase name="Equals (403)" classname="spec_perl_TestEnumIf_t" time="0.000142097473144531" />
    <testcase name="Equals (404)" classname="spec_perl_TestEnumIf_t" time="0.000123977661132812" />
  </testsuite>
  <testsuite name="spec_perl_TestUserType_t" errors="0" failures="0" skipped="0" tests="2" time="0.0418689250946045">
    <system-out>1..2
ok 1 - Equals
ok 2 - Equals
</system-out>
    <testcase name="Equals (405)" classname="spec_perl_TestUserType_t" time="0.000213861465454102" />
    <testcase name="Equals (406)" classname="spec_perl_TestUserType_t" time="0.000101089477539062" />
  </testsuite>
  <testsuite name="spec_perl_TestPositionAbs_t" errors="0" failures="0" skipped="0" tests="2" time="0.0457251071929932">
    <system-out>1..2
ok 1 - Equals
ok 2 - Equals
</system-out>
    <testcase name="Equals (407)" classname="spec_perl_TestPositionAbs_t" time="0.00018000602722168" />
    <testcase name="Equals (408)" classname="spec_perl_TestPositionAbs_t" time="0.000188112258911133" />
  </testsuite>
  <testsuite name="spec_perl_TestBcdUserTypeLe_t" errors="0" failures="0" skipped="0" tests="6" time="0.0437691211700439">
    <system-out>1..6
ok 1 - Equals
ok 2 - Equals
ok 3 - Equals
ok 4 - Equals
ok 5 - Equals
ok 6 - Equals
</system-out>
    <testcase name="Equals (409)" classname="spec_perl_TestBcdUserTypeLe_t" time="0.000529050827026367" />
    <testcase name="Equals (410)" classname="spec_perl_TestBcdUserTypeLe_t" time="8.89301300048828e-05" />
    <testcase name="Equals (411)" classname="spec_perl_TestBcdUserTypeLe_t" time="0.000130891799926758" />
    <testcase name="Equals (412)" classname="spec_perl_TestBcdUserTypeLe_t" time="0.00014805793762207" />
    <testcase name="Equals (413)" classname="spec_perl_TestBcdUserTypeLe_t" time="0.000152111053466797" />
    <testcase name="Equals (414)" classname="spec_perl_TestBcdUserTypeLe_t" time="0.000160932540893555" />
  </testsuite>
  <testsuite name="spec_perl_TestIfInstances_t" errors="0" failures="0" skipped="0" tests="1" time="0.040773868560791">
    <system-out>1..1
ok 1 - nil
</system-out>
    <testcase name="nil (414)" classname="spec_perl_TestIfInstances_t" time="0.000138998031616211" />
  </testsuite>
  <testsuite name="spec_perl_TestProcessCoerceUsertype1_t" errors="0" failures="0" skipped="0" tests="4" time="0.0421559810638428">
    <system-out>1..4
ok 1 - Equals
ok 2 - Equals
ok 3 - Equals
ok 4 - Equals
</system-out>
    <testcase name="Equals (415)" classname="spec_perl_TestProcessCoerceUsertype1_t" time="0.00049591064453125" />
    <testcase name="Equals (416)" classname="spec_perl_TestProcessCoerceUsertype1_t" time="9.51290130615234e-05" />
    <testcase name="Equals (417)" classname="spec_perl_TestProcessCoerceUsertype1_t" time="5.79357147216797e-05" />
    <testcase name="Equals (418)" classname="spec_perl_TestProcessCoerceUsertype1_t" time="0.000136137008666992" />
  </testsuite>
  <testsuite name="spec_perl_TestProcessRotate_t" errors="0" failures="0" skipped="0" tests="3" time="0.0420839786529541">
    <system-out>1..3
ok 1 - Equals
ok 2 - Equals
ok 3 - Equals
</system-out>
    <testcase name="Equals (419)" classname="spec_perl_TestProcessRotate_t" time="0.000242948532104492" />
    <testcase name="Equals (420)" classname="spec_perl_TestProcessRotate_t" time="7.79628753662109e-05" />
    <testcase name="Equals (421)" classname="spec_perl_TestProcessRotate_t" time="0.000163078308105469" />
  </testsuite>
[...]
    <testcase name="Equals (744)" classname="spec_perl_TestSwitchMultiBoolOps_t" time="7.60555267333984e-05" />
    <testcase name="Equals (745)" classname="spec_perl_TestSwitchMultiBoolOps_t" time="0.000152826309204102" />
    <testcase name="Equals (746)" classname="spec_perl_TestSwitchMultiBoolOps_t" time="8.41617584228516e-05" />
    <testcase name="Equals (747)" classname="spec_perl_TestSwitchMultiBoolOps_t" time="0.000142812728881836" />
    <testcase name="Equals (748)" classname="spec_perl_TestSwitchMultiBoolOps_t" time="0.000135183334350586" />
    <testcase name="Equals (749)" classname="spec_perl_TestSwitchMultiBoolOps_t" time="0.000118017196655273" />
    <testcase name="Equals (750)" classname="spec_perl_TestSwitchMultiBoolOps_t" time="0.000123977661132812" />
    <testcase name="Equals (751)" classname="spec_perl_TestSwitchMultiBoolOps_t" time="0.000144004821777344" />
  </testsuite>
  <testsuite name="spec_perl_TestExprBytesCmp_t" errors="0" failures="0" skipped="0" tests="10" time="0.0426530838012695">
    <system-out>1..10
ok 1 - Equals
ok 2 - Equals
ok 3 - Equals
ok 4 - Equals
ok 5 - Equals
ok 6 - Equals
ok 7 - Equals
ok 8 - Equals
ok 9 - Equals
ok 10 - Equals
</system-out>
    <testcase name="Equals (752)" classname="spec_perl_TestExprBytesCmp_t" time="0.000226974487304688" />
    <testcase name="Equals (753)" classname="spec_perl_TestExprBytesCmp_t" time="8.41617584228516e-05" />
    <testcase name="Equals (754)" classname="spec_perl_TestExprBytesCmp_t" time="0.000128984451293945" />
    <testcase name="Equals (755)" classname="spec_perl_TestExprBytesCmp_t" time="0.000143051147460938" />
    <testcase name="Equals (756)" classname="spec_perl_TestExprBytesCmp_t" time="0.000138998031616211" />
    <testcase name="Equals (757)" classname="spec_perl_TestExprBytesCmp_t" time="0.000123023986816406" />
    <testcase name="Equals (758)" classname="spec_perl_TestExprBytesCmp_t" time="0.000150918960571289" />
    <testcase name="Equals (759)" classname="spec_perl_TestExprBytesCmp_t" time="0.000123023986816406" />
    <testcase name="Equals (760)" classname="spec_perl_TestExprBytesCmp_t" time="0.000123023986816406" />
    <testcase name="Equals (761)" classname="spec_perl_TestExprBytesCmp_t" time="0.000155925750732422" />
  </testsuite>
  <testsuite name="spec_perl_TestSwitchManualEnumInvalidElse_t" errors="0" failures="0" skipped="0" tests="5" time="0.0452709197998047">
    <system-out>1..5
ok 1 - Equals
ok 2 - Equals
ok 3 - Equals
ok 4 - Equals
ok 5 - Equals
</system-out>
    <testcase name="Equals (762)" classname="spec_perl_TestSwitchManualEnumInvalidElse_t" time="0.000215053558349609" />
    <testcase name="Equals (763)" classname="spec_perl_TestSwitchManualEnumInvalidElse_t" time="7.60555267333984e-05" />
    <testcase name="Equals (764)" classname="spec_perl_TestSwitchManualEnumInvalidElse_t" time="0.000130891799926758" />
    <testcase name="Equals (765)" classname="spec_perl_TestSwitchManualEnumInvalidElse_t" time="0.000156164169311523" />
    <testcase name="Equals (766)" classname="spec_perl_TestSwitchManualEnumInvalidElse_t" time="0.000115871429443359" />
  </testsuite>
  <testsuite name="spec_perl_TestBitsSeqEndianCombo_t" errors="0" failures="0" skipped="0" tests="8" time="0.0431098937988281">
    <system-out>1..8
ok 1 - Equals
ok 2 - Equals
ok 3 - Equals
ok 4 - Equals
ok 5 - Equals
ok 6 - Equals
ok 7 - Equals
ok 8 - Equals
</system-out>
    <testcase name="Equals (767)" classname="spec_perl_TestBitsSeqEndianCombo_t" time="0.000254154205322266" />
    <testcase name="Equals (768)" classname="spec_perl_TestBitsSeqEndianCombo_t" time="9.29832458496094e-05" />
    <testcase name="Equals (769)" classname="spec_perl_TestBitsSeqEndianCombo_t" time="0.000118017196655273" />
    <testcase name="Equals (770)" classname="spec_perl_TestBitsSeqEndianCombo_t" time="0.000128984451293945" />
    <testcase name="Equals (771)" classname="spec_perl_TestBitsSeqEndianCombo_t" time="0.000113964080810547" />
    <testcase name="Equals (772)" classname="spec_perl_TestBitsSeqEndianCombo_t" time="0.00014805793762207" />
    <testcase name="Equals (773)" classname="spec_perl_TestBitsSeqEndianCombo_t" time="0.000120878219604492" />
    <testcase name="Equals (774)" classname="spec_perl_TestBitsSeqEndianCombo_t" time="0.000147104263305664" />
  </testsuite>
  <testsuite name="spec_perl_TestEnumInvalid_t" errors="0" failures="0" skipped="0" tests="2" time="0.0408680438995361">
    <system-out>1..2
ok 1 - Equals
ok 2 - Equals
</system-out>
    <testcase name="Equals (775)" classname="spec_perl_TestEnumInvalid_t" time="0.000204086303710938" />
    <testcase name="Equals (776)" classname="spec_perl_TestEnumInvalid_t" time="7.10487365722656e-05" />
  </testsuite>
  <testsuite name="spec_perl_TestEosExceptionBytes_t" errors="0" failures="0" skipped="0" tests="1" time="0.042647123336792">
    <system-out>1..1
ok 1 - Died
</system-out>
    <testcase name="Died (776)" classname="spec_perl_TestEosExceptionBytes_t" time="0.000396013259887695" />
  </testsuite>
  <testsuite name="spec_perl_TestNavParent_t" errors="0" failures="0" skipped="0" tests="5" time="0.0457930564880371">
    <system-out>1..5
ok 1 - Equals
ok 2 - Equals
ok 3 - Equals
ok 4 - Equals
ok 5 - Equals
</system-out>
    <testcase name="Equals (777)" classname="spec_perl_TestNavParent_t" time="0.000333786010742188" />
    <testcase name="Equals (778)" classname="spec_perl_TestNavParent_t" time="8.60691070556641e-05" />
    <testcase name="Equals (779)" classname="spec_perl_TestNavParent_t" time="7.51018524169922e-05" />
    <testcase name="Equals (780)" classname="spec_perl_TestNavParent_t" time="0.00014805793762207" />
    <testcase name="Equals (781)" classname="spec_perl_TestNavParent_t" time="0.000135898590087891" />
  </testsuite>
  <testsuite name="spec_perl_TestImportsAbsAbs_t" errors="0" failures="0" skipped="0" tests="3" time="0.042680025100708">
    <system-out>1..3
ok 1 - Equals
ok 2 - Equals
ok 3 - Equals
</system-out>
    <testcase name="Equals (782)" classname="spec_perl_TestImportsAbsAbs_t" time="0.000216007232666016" />
    <testcase name="Equals (783)" classname="spec_perl_TestImportsAbsAbs_t" time="7.60555267333984e-05" />
    <testcase name="Equals (784)" classname="spec_perl_TestImportsAbsAbs_t" time="0.000134944915771484" />
  </testsuite>
  <testsuite name="spec_perl_TestStrLiterals2_t" errors="0" failures="0" skipped="0" tests="4" time="0.0418460369110107">
    <system-out>1..4
ok 1 - Equals
ok 2 - Equals
ok 3 - Equals
ok 4 - Equals
</system-out>
    <testcase name="Equals (785)" classname="spec_perl_TestStrLiterals2_t" time="0.000226974487304688" />
    <testcase name="Equals (786)" classname="spec_perl_TestStrLiterals2_t" time="7.51018524169922e-05" />
    <testcase name="Equals (787)" classname="spec_perl_TestStrLiterals2_t" time="0.000179052352905273" />
    <testcase name="Equals (788)" classname="spec_perl_TestStrLiterals2_t" time="0.000123023986816406" />
  </testsuite>
  <testsuite name="spec_perl_TestEnumDeep_t" errors="0" failures="0" skipped="0" tests="2" time="0.0418510437011719">
    <system-out>1..2
ok 1 - Equals
ok 2 - Equals
</system-out>
    <testcase name="Equals (789)" classname="spec_perl_TestEnumDeep_t" time="0.0002288818359375" />
    <testcase name="Equals (790)" classname="spec_perl_TestEnumDeep_t" time="7.51018524169922e-05" />
  </testsuite>
  <testsuite name="spec_perl_TestParamsPassStruct_t" errors="0" failures="1" skipped="1" tests="4" time="0.0457098484039307">
    <system-out>1..4
ok 1 - Equals
ok 2 - Equals
not ok 3 - test_params_pass_struct died (Can't call method &quot;foo&quot; on an undefined value at spec/perl/TestParamsPassStruct.t line 17.)
ok 4 # skip test_params_pass_struct died
</system-out>
    <testcase name="Equals (791)" classname="spec_perl_TestParamsPassStruct_t" time="0.000236034393310547" />
    <testcase name="Equals (792)" classname="spec_perl_TestParamsPassStruct_t" time="7.48634338378906e-05" />
    <testcase name="test_params_pass_struct died (Can't call method &quot;foo&quot; on an undefined value at spec/perl/TestParamsPassStruct.t line 17.) (792)" classname="spec_perl_TestParamsPassStruct_t" time="0.000223159790039062">
      <failure message="not ok 3 - test_params_pass_struct died (Can't call method &quot;foo&quot; on an undefined value at spec/perl/TestParamsPassStruct.t line 17.)" type="TAP::Parser::Result::Test"></failure>
    </testcase>
    <testcase name="Unnamed test case 792" classname="spec_perl_TestParamsPassStruct_t" time="0.00269889831542969">
      <skipped message="ok 4 # skip test_params_pass_struct died" />
    </testcase>
  </testsuite>
  <testsuite name="spec_perl_TestExprIoPos_t" errors="0" failures="0" skipped="0" tests="6" time="0.0458221435546875">
    <system-out>1..6
ok 1 - Equals
ok 2 - Equals
ok 3 - Equals
ok 4 - Equals
ok 5 - Equals
ok 6 - Equals
</system-out>
    <testcase name="Equals (793)" classname="spec_perl_TestExprIoPos_t" time="0.000511884689331055" />
    <testcase name="Equals (794)" classname="spec_perl_TestExprIoPos_t" time="9.01222229003906e-05" />
    <testcase name="Equals (795)" classname="spec_perl_TestExprIoPos_t" time="5.88893890380859e-05" />
    <testcase name="Equals (796)" classname="spec_perl_TestExprIoPos_t" time="0.000149965286254883" />
    <testcase name="Equals (797)" classname="spec_perl_TestExprIoPos_t" time="0.000117063522338867" />
    <testcase name="Equals (798)" classname="spec_perl_TestExprIoPos_t" time="0.000138044357299805" />
  </testsuite>
  <testsuite name="spec_perl_TestFixedStruct_t" errors="1" failures="0" skipped="0" tests="0" time="0.0467941761016846">
    <system-out></system-out>
    <testcase name="Test died too soon, even before plan. (798)" classname="spec_perl_TestFixedStruct_t" time="0.0467941761016846">
      <failure message="The test suite died before a plan was produced. You need to have a plan." type="Plan">No plan</failure>
    </testcase>
  </testsuite>
  <testsuite name="spec_perl_TestImportsAbs_t" errors="0" failures="0" skipped="0" tests="2" time="0.0419659614562988">
    <system-out>1..2
ok 1 - Equals
ok 2 - Equals
</system-out>
    <testcase name="Equals (799)" classname="spec_perl_TestImportsAbs_t" time="0.00023198127746582" />
    <testcase name="Equals (800)" classname="spec_perl_TestImportsAbs_t" time="7.79628753662109e-05" />
  </testsuite>
  <testsuite name="spec_perl_TestTsPacketHeader_t" errors="0" failures="0" skipped="0" tests="7" time="0.0426428318023682">
    <system-out>1..7
ok 1 - Equals
ok 2 - Equals
ok 3 - Equals
ok 4 - Equals
ok 5 - Equals
ok 6 - Equals
ok 7 - Equals
</system-out>
    <testcase name="Equals (801)" classname="spec_perl_TestTsPacketHeader_t" time="0.000250101089477539" />
    <testcase name="Equals (802)" classname="spec_perl_TestTsPacketHeader_t" time="8.29696655273438e-05" />
    <testcase name="Equals (803)" classname="spec_perl_TestTsPacketHeader_t" time="0.000130891799926758" />
    <testcase name="Equals (804)" classname="spec_perl_TestTsPacketHeader_t" time="0.000128984451293945" />
    <testcase name="Equals (805)" classname="spec_perl_TestTsPacketHeader_t" time="0.000120162963867188" />
    <testcase name="Equals (806)" classname="spec_perl_TestTsPacketHeader_t" time="0.000144004821777344" />
    <testcase name="Equals (807)" classname="spec_perl_TestTsPacketHeader_t" time="0.000123977661132812" />
  </testsuite>
  <testsuite name="spec_perl_TestDocstringsDocrefMulti_t" errors="0" failures="0" skipped="1" tests="1" time="0.0428237915039062">
    <system-out>1..1
ok 1 # skip DocstringsDocrefMulti=HASH(0x1c3fc28)
</system-out>
    <testcase name="Unnamed test case 807" classname="spec_perl_TestDocstringsDocrefMulti_t" time="0.00116086006164551">
      <skipped message="ok 1 # skip DocstringsDocrefMulti=HASH(0x1c3fc28)" />
    </testcase>
  </testsuite>
  <testsuite name="spec_perl_TestOpaqueExternalType02Parent_t" errors="0" failures="0" skipped="0" tests="3" time="0.044978141784668">
    <system-out>1..3
ok 1 - Equals
ok 2 - Equals
ok 3 - Equals
</system-out>
    <testcase name="Equals (808)" classname="spec_perl_TestOpaqueExternalType02Parent_t" time="0.000309944152832031" />
    <testcase name="Equals (809)" classname="spec_perl_TestOpaqueExternalType02Parent_t" time="8.20159912109375e-05" />
    <testcase name="Equals (810)" classname="spec_perl_TestOpaqueExternalType02Parent_t" time="0.000111103057861328" />
  </testsuite>
  <testsuite name="spec_perl_TestZlibSurrounded_t" errors="0" failures="0" skipped="0" tests="1" time="0.0619258880615234">
    <system-out>1..1
ok 1 - Equals
</system-out>
    <testcase name="Equals (811)" classname="spec_perl_TestZlibSurrounded_t" time="0.000555992126464844" />
  </testsuite>
  <testsuite name="spec_perl_TestDefaultBitEndianMod_t" errors="0" failures="0" skipped="0" tests="4" time="0.0421319007873535">
    <system-out>1..4
ok 1 - Equals
ok 2 - Equals
ok 3 - Equals
ok 4 - Equals
</system-out>
    <testcase name="Equals (812)" classname="spec_perl_TestDefaultBitEndianMod_t" time="0.000254154205322266" />
    <testcase name="Equals (813)" classname="spec_perl_TestDefaultBitEndianMod_t" time="7.70092010498047e-05" />
    <testcase name="Equals (814)" classname="spec_perl_TestDefaultBitEndianMod_t" time="0.000150918960571289" />
    <testcase name="Equals (815)" classname="spec_perl_TestDefaultBitEndianMod_t" time="0.000126123428344727" />
  </testsuite>
  <testsuite name="spec_perl_TestExprBits_t" errors="0" failures="0" skipped="0" tests="10" time="0.0439679622650146">
    <system-out>1..10
ok 1 - Equals
ok 2 - Equals
ok 3 - Equals
ok 4 - Equals
ok 5 - Equals
ok 6 - Equals
ok 7 - Equals
ok 8 - Equals
ok 9 - Equals
ok 10 - Equals
</system-out>
    <testcase name="Equals (816)" classname="spec_perl_TestExprBits_t" time="0.000216960906982422" />
    <testcase name="Equals (817)" classname="spec_perl_TestExprBits_t" time="7.70092010498047e-05" />
    <testcase name="Equals (818)" classname="spec_perl_TestExprBits_t" time="0.000149965286254883" />
    <testcase name="Equals (819)" classname="spec_perl_TestExprBits_t" time="9.89437103271484e-05" />
    <testcase name="Equals (820)" classname="spec_perl_TestExprBits_t" time="0.000140190124511719" />
    <testcase name="Equals (821)" classname="spec_perl_TestExprBits_t" time="0.000110864639282227" />
    <testcase name="Equals (822)" classname="spec_perl_TestExprBits_t" time="0.000138044357299805" />
    <testcase name="Equals (823)" classname="spec_perl_TestExprBits_t" time="0.000112056732177734" />
    <testcase name="Equals (824)" classname="spec_perl_TestExprBits_t" time="0.000120878219604492" />
    <testcase name="Equals (825)" classname="spec_perl_TestExprBits_t" time="0.00015711784362793" />
  </testsuite>
  <testsuite name="spec_perl_TestJsSignedRightShift_t" errors="0" failures="0" skipped="0" tests="2" time="0.0413839817047119">
    <system-out>1..2
ok 1 - Equals
ok 2 - Equals
</system-out>
    <testcase name="Equals (826)" classname="spec_perl_TestJsSignedRightShift_t" time="0.000213146209716797" />
    <testcase name="Equals (827)" classname="spec_perl_TestJsSignedRightShift_t" time="9.08374786376953e-05" />
  </testsuite>
  <testsuite name="spec_perl_TestNavParentFalse_t" errors="0" failures="0" skipped="0" tests="5" time="0.042057991027832">
    <system-out>1..5
ok 1 - Equals
ok 2 - Equals
ok 3 - Equals
ok 4 - Equals
ok 5 - Equals
</system-out>
    <testcase name="Equals (828)" classname="spec_perl_TestNavParentFalse_t" time="0.0002899169921875" />
    <testcase name="Equals (829)" classname="spec_perl_TestNavParentFalse_t" time="8.20159912109375e-05" />
    <testcase name="Equals (830)" classname="spec_perl_TestNavParentFalse_t" time="0.000128984451293945" />
    <testcase name="Equals (831)" classname="spec_perl_TestNavParentFalse_t" time="0.000129938125610352" />
    <testcase name="Equals (832)" classname="spec_perl_TestNavParentFalse_t" time="0.000118017196655273" />
  </testsuite>
  <testsuite name="spec_perl_TestFixedContents_t" errors="1" failures="0" skipped="0" tests="0" time="0.0558180809020996">
    <system-out></system-out>
    <testcase name="Test died too soon, even before plan. (832)" classname="spec_perl_TestFixedContents_t" time="0.0558180809020996">
      <failure message="The test suite died before a plan was produced. You need to have a plan." type="Plan">No plan</failure>
    </testcase>
  </testsuite>
  <testsuite name="spec_perl_TestProcessRepeatBytes_t" errors="0" failures="0" skipped="0" tests="2" time="0.0580251216888428">
    <system-out>1..2
ok 1 - Equals
ok 2 - Equals
</system-out>
    <testcase name="Equals (833)" classname="spec_perl_TestProcessRepeatBytes_t" time="0.000257015228271484" />
    <testcase name="Equals (834)" classname="spec_perl_TestProcessRepeatBytes_t" time="7.70092010498047e-05" />
  </testsuite>
  <testsuite name="spec_perl_TestParamsEnum_t" errors="0" failures="1" skipped="0" tests="2" time="0.0443940162658691">
    <system-out>1..2
ok 1 - Equals
not ok 2 - Equals
</system-out>
    <testcase name="Equals (835)" classname="spec_perl_TestParamsEnum_t" time="0.000227928161621094" />
    <testcase name="Equals (836)" classname="spec_perl_TestParamsEnum_t" time="0.00303387641906738">
      <failure message="not ok 2 - Equals" type="TAP::Parser::Result::Test"></failure>
    </testcase>
  </testsuite>
  <testsuite name="spec_perl_TestImports0_t" errors="0" failures="0" skipped="0" tests="3" time="0.043104887008667">
    <system-out>1..3
ok 1 - Equals
ok 2 - Equals
ok 3 - Equals
</system-out>
    <testcase name="Equals (837)" classname="spec_perl_TestImports0_t" time="0.000192165374755859" />
    <testcase name="Equals (838)" classname="spec_perl_TestImports0_t" time="6.89029693603516e-05" />
    <testcase name="Equals (839)" classname="spec_perl_TestImports0_t" time="0.000128984451293945" />
  </testsuite>
  <testsuite name="spec_perl_TestEnumLongRangeU_t" errors="0" failures="0" skipped="0" tests="4" time="0.0428879261016846">
    <system-out>1..4
ok 1 - Equals
ok 2 - Equals
ok 3 - Equals
ok 4 - Equals
</system-out>
    <testcase name="Equals (840)" classname="spec_perl_TestEnumLongRangeU_t" time="0.00017094612121582" />
    <testcase name="Equals (841)" classname="spec_perl_TestEnumLongRangeU_t" time="8.91685485839844e-05" />
    <testcase name="Equals (842)" classname="spec_perl_TestEnumLongRangeU_t" time="0.000142812728881836" />
    <testcase name="Equals (843)" classname="spec_perl_TestEnumLongRangeU_t" time="0.000115156173706055" />
  </testsuite>
  <testsuite name="spec_perl_TestPositionInSeq_t" errors="0" failures="0" skipped="0" tests="1" time="0.0415618419647217">
    <system-out>1..1
ok 1 - Equals
</system-out>
    <testcase name="Equals (844)" classname="spec_perl_TestPositionInSeq_t" time="0.000216960906982422" />
  </testsuite>
  <testsuite name="spec_perl_TestEnumToIClassBorder1_t" errors="0" failures="1" skipped="0" tests="3" time="0.0432572364807129">
    <system-out>1..3
ok 1 - Equals
ok 2 - Equals
not ok 3 - test_enum_to_i_class_border_1 died (Can't call method &quot;some_dog&quot; on an undefined value at compiled/perl/EnumToIClassBorder2.pm line 42.)
</system-out>
    <testcase name="Equals (845)" classname="spec_perl_TestEnumToIClassBorder1_t" time="0.000207901000976562" />
    <testcase name="Equals (846)" classname="spec_perl_TestEnumToIClassBorder1_t" time="7.20024108886719e-05" />
    <testcase name="test_enum_to_i_class_border_1 died (Can't call method &quot;some_dog&quot; on an undefined value at compiled/perl/EnumToIClassBorder2.pm line 42.) (846)" classname="spec_perl_TestEnumToIClassBorder1_t" time="0.000251054763793945">
      <failure message="not ok 3 - test_enum_to_i_class_border_1 died (Can't call method &quot;some_dog&quot; on an undefined value at compiled/perl/EnumToIClassBorder2.pm line 42.)" type="TAP::Parser::Result::Test"></failure>
    </testcase>
  </testsuite>
</testsuites>
