<?xml version='1.0' encoding='utf-8'?>
<testsuites>
  <testsuite name="spec_perl_TestNestedTypes_t" errors="0" failures="0" skipped="0" tests="3" time="0.062910795211792">
    <system-out>1..3
ok 1 - Equals
ok 2 - Equals
ok 3 - Equals
</system-out>
    <testcase name="Equals" classname="spec_perl_TestNestedTypes_t" time="0.000292062759399414" />
    <testcase name="Equals (2)" classname="spec_perl_TestNestedTypes_t" time="8.79764556884766e-05" />
    <testcase name="Equals (3)" classname="spec_perl_TestNestedTypes_t" time="7.89165496826172e-05" />
  </testsuite>
  <testsuite name="spec_perl_TestRepeatNStruct_t" errors="0" failures="0" skipped="0" tests="5" time="0.0444600582122803">
    <system-out>1..5
ok 1 - Equals
ok 2 - Equals
ok 3 - Equals
ok 4 - Equals
ok 5 - Equals
</system-out>
    <testcase name="Equals (4)" classname="spec_perl_TestRepeatNStruct_t" time="0.000295877456665039" />
    <testcase name="Equals (5)" classname="spec_perl_TestRepeatNStruct_t" time="8.29696655273438e-05" />
    <testcase name="Equals (6)" classname="spec_perl_TestRepeatNStruct_t" time="8.79764556884766e-05" />
    <testcase name="Equals (7)" classname="spec_perl_TestRepeatNStruct_t" time="0.000151157379150391" />
    <testcase name="Equals (8)" classname="spec_perl_TestRepeatNStruct_t" time="0.00011897087097168" />
  </testsuite>
  <testsuite name="spec_perl_TestFloatingPoints_t" errors="0" failures="0" skipped="0" tests="8" time="0.0556740760803223">
    <system-out>1..8
ok 1 - Approx equals
ok 2 - Approx equals
ok 3 - Approx equals
ok 4 - Approx equals
ok 5 - Approx equals
ok 6 - Approx equals
ok 7 - Approx equals
ok 8 - Approx equals
</system-out>
    <testcase name="Approx equals (8)" classname="spec_perl_TestFloatingPoints_t" time="0.000178098678588867" />
    <testcase name="Approx equals (9)" classname="spec_perl_TestFloatingPoints_t" time="5.57899475097656e-05" />
    <testcase name="Approx equals (10)" classname="spec_perl_TestFloatingPoints_t" time="6.00814819335938e-05" />
    <testcase name="Approx equals (11)" classname="spec_perl_TestFloatingPoints_t" time="4.29153442382812e-05" />
    <testcase name="Approx equals (12)" classname="spec_perl_TestFloatingPoints_t" time="4.31537628173828e-05" />
    <testcase name="Approx equals (13)" classname="spec_perl_TestFloatingPoints_t" time="4.00543212890625e-05" />
    <testcase name="Approx equals (14)" classname="spec_perl_TestFloatingPoints_t" time="5.29289245605469e-05" />
    <testcase name="Approx equals (15)" classname="spec_perl_TestFloatingPoints_t" time="4.38690185546875e-05" />
  </testsuite>
  <testsuite name="spec_perl_TestEnumDeep_t" errors="0" failures="0" skipped="0" tests="2" time="0.0440590381622314">
    <system-out>1..2
ok 1 - Equals
ok 2 - Equals
</system-out>
    <testcase name="Equals (15)" classname="spec_perl_TestEnumDeep_t" time="0.000174999237060547" />
    <testcase name="Equals (16)" classname="spec_perl_TestEnumDeep_t" time="6.79492950439453e-05" />
  </testsuite>
  <testsuite name="spec_perl_TestNavParent3_t" errors="0" failures="0" skipped="0" tests="10" time="0.0485870838165283">
    <system-out>1..10
ok 1 - Equals
ok 2 - Equals
ok 3 - Equals
ok 4 - Equals
ok 5 - Equals
ok 6 - Equals
ok 7 - Equals
ok 8 - Equals
ok 9 - Equals
ok 10 - Equals
</system-out>
    <testcase name="Equals (17)" classname="spec_perl_TestNavParent3_t" time="0.000220060348510742" />
    <testcase name="Equals (18)" classname="spec_perl_TestNavParent3_t" time="7.60555267333984e-05" />
    <testcase name="Equals (19)" classname="spec_perl_TestNavParent3_t" time="0.000221014022827148" />
    <testcase name="Equals (20)" classname="spec_perl_TestNavParent3_t" time="9.48905944824219e-05" />
    <testcase name="Equals (21)" classname="spec_perl_TestNavParent3_t" time="0.00014805793762207" />
    <testcase name="Equals (22)" classname="spec_perl_TestNavParent3_t" time="0.000185966491699219" />
    <testcase name="Equals (23)" classname="spec_perl_TestNavParent3_t" time="0.000102043151855469" />
    <testcase name="Equals (24)" classname="spec_perl_TestNavParent3_t" time="0.000127077102661133" />
    <testcase name="Equals (25)" classname="spec_perl_TestNavParent3_t" time="0.00014185905456543" />
    <testcase name="Equals (26)" classname="spec_perl_TestNavParent3_t" time="0.000164031982421875" />
  </testsuite>
  <testsuite name="spec_perl_TestNavParentFalse_t" errors="0" failures="0" skipped="0" tests="5" time="0.0444290637969971">
    <system-out>1..5
ok 1 - Equals
ok 2 - Equals
ok 3 - Equals
ok 4 - Equals
ok 5 - Equals
</system-out>
    <testcase name="Equals (27)" classname="spec_perl_TestNavParentFalse_t" time="0.000313043594360352" />
    <testcase name="Equals (28)" classname="spec_perl_TestNavParentFalse_t" time="8.79764556884766e-05" />
    <testcase name="Equals (29)" classname="spec_perl_TestNavParentFalse_t" time="0.000118017196655273" />
    <testcase name="Equals (30)" classname="spec_perl_TestNavParentFalse_t" time="0.00014495849609375" />
    <testcase name="Equals (31)" classname="spec_perl_TestNavParentFalse_t" time="0.000118017196655273" />
  </testsuite>
  <testsuite name="spec_perl_TestDocstringsDocrefMulti_t" errors="0" failures="0" skipped="1" tests="1" time="0.0445370674133301">
    <system-out>1..1
ok 1 # skip DocstringsDocrefMulti=HASH(0xca9478)
</system-out>
    <testcase name="Unnamed test case 31" classname="spec_perl_TestDocstringsDocrefMulti_t" time="0.00136613845825195">
      <skipped message="ok 1 # skip DocstringsDocrefMulti=HASH(0xca9478)" />
    </testcase>
  </testsuite>
  <testsuite name="spec_perl_TestJsSignedRightShift_t" errors="0" failures="0" skipped="0" tests="2" time="0.0427799224853516">
    <system-out>1..2
ok 1 - Equals
ok 2 - Equals
</system-out>
    <testcase name="Equals (32)" classname="spec_perl_TestJsSignedRightShift_t" time="0.00017094612121582" />
    <testcase name="Equals (33)" classname="spec_perl_TestJsSignedRightShift_t" time="0.000147104263305664" />
  </testsuite>
  <testsuite name="spec_perl_TestEnumImport_t" errors="0" failures="2" skipped="0" tests="2" time="0.046004056930542">
    <system-out>1..2
not ok 1 - Equals
not ok 2 - Equals
</system-out>
    <testcase name="Equals (34)" classname="spec_perl_TestEnumImport_t" time="0.0001678466796875">
      <failure message="not ok 1 - Equals" type="TAP::Parser::Result::Test"></failure>
    </testcase>
    <testcase name="Equals (35)" classname="spec_perl_TestEnumImport_t" time="5.41210174560547e-05">
      <failure message="not ok 2 - Equals" type="TAP::Parser::Result::Test"></failure>
    </testcase>
  </testsuite>
  <testsuite name="spec_perl_TestRepeatEosBit_t" errors="0" failures="0" skipped="0" tests="1" time="0.0438239574432373">
    <system-out>1..1
ok 1 - Equals
</system-out>
    <testcase name="Equals (36)" classname="spec_perl_TestRepeatEosBit_t" time="0.000343084335327148" />
  </testsuite>
  <testsuite name="spec_perl_TestOpaqueExternalType_t" errors="0" failures="0" skipped="0" tests="3" time="0.0477449893951416">
    <system-out>1..3
ok 1 - Equals
ok 2 - Equals
ok 3 - Equals
</system-out>
    <testcase name="Equals (37)" classname="spec_perl_TestOpaqueExternalType_t" time="0.000336885452270508" />
    <testcase name="Equals (38)" classname="spec_perl_TestOpaqueExternalType_t" time="8.79764556884766e-05" />
    <testcase name="Equals (39)" classname="spec_perl_TestOpaqueExternalType_t" time="6.19888305664062e-05" />
  </testsuite>
  <testsuite name="spec_perl_TestEnumOfValueInst_t" errors="0" failures="0" skipped="0" tests="4" time="0.0439870357513428">
    <system-out>1..4
ok 1 - Equals
ok 2 - Equals
ok 3 - Equals
ok 4 - Equals
</system-out>
    <testcase name="Equals (40)" classname="spec_perl_TestEnumOfValueInst_t" time="0.000273942947387695" />
    <testcase name="Equals (41)" classname="spec_perl_TestEnumOfValueInst_t" time="8.60691070556641e-05" />
    <testcase name="Equals (42)" classname="spec_perl_TestEnumOfValueInst_t" time="0.000153064727783203" />
    <testcase name="Equals (43)" classname="spec_perl_TestEnumOfValueInst_t" time="0.000124931335449219" />
  </testsuite>
  <testsuite name="spec_perl_TestCombineBytes_t" errors="0" failures="0" skipped="0" tests="10" time="0.0446109771728516">
    <system-out>1..10
ok 1 - Equals
ok 2 - Equals
ok 3 - Equals
ok 4 - Equals
ok 5 - Equals
ok 6 - Equals
ok 7 - Equals
ok 8 - Equals
ok 9 - Equals
ok 10 - Equals
</system-out>
    <testcase name="Equals (44)" classname="spec_perl_TestCombineBytes_t" time="0.000273942947387695" />
    <testcase name="Equals (45)" classname="spec_perl_TestCombineBytes_t" time="8.60691070556641e-05" />
    <testcase name="Equals (46)" classname="spec_perl_TestCombineBytes_t" time="0.000111818313598633" />
    <testcase name="Equals (47)" classname="spec_perl_TestCombineBytes_t" time="0.000171184539794922" />
    <testcase name="Equals (48)" classname="spec_perl_TestCombineBytes_t" time="6.58035278320312e-05" />
    <testcase name="Equals (49)" classname="spec_perl_TestCombineBytes_t" time="0.000147104263305664" />
    <testcase name="Equals (50)" classname="spec_perl_TestCombineBytes_t" time="0.00011897087097168" />
    <testcase name="Equals (51)" classname="spec_perl_TestCombineBytes_t" time="0.000159025192260742" />
    <testcase name="Equals (52)" classname="spec_perl_TestCombineBytes_t" time="0.000116109848022461" />
    <testcase name="Equals (53)" classname="spec_perl_TestCombineBytes_t" time="0.00014495849609375" />
  </testsuite>
  <testsuite name="spec_perl_TestExprIoEof_t" errors="0" failures="0" skipped="0" tests="4" time="0.0446820259094238">
    <system-out>1..4
ok 1 - Equals
ok 2 - nil
ok 3 - Equals
ok 4 - Equals
</system-out>
    <testcase name="Equals (54)" classname="spec_perl_TestExprIoEof_t" time="0.000617027282714844" />
    <testcase name="nil (54)" classname="spec_perl_TestExprIoEof_t" time="0.000101804733276367" />
    <testcase name="Equals (55)" classname="spec_perl_TestExprIoEof_t" time="5.50746917724609e-05" />
    <testcase name="Equals (56)" classname="spec_perl_TestExprIoEof_t" time="5.41210174560547e-05" />
  </testsuite>
  <testsuite name="spec_perl_TestDefaultBitEndianMod_t" errors="0" failures="0" skipped="0" tests="4" time="0.0450210571289062">
    <system-out>1..4
ok 1 - Equals
ok 2 - Equals
ok 3 - Equals
ok 4 - Equals
</system-out>
    <testcase name="Equals (57)" classname="spec_perl_TestDefaultBitEndianMod_t" time="0.000331878662109375" />
    <testcase name="Equals (58)" classname="spec_perl_TestDefaultBitEndianMod_t" time="8.29696655273438e-05" />
    <testcase name="Equals (59)" classname="spec_perl_TestDefaultBitEndianMod_t" time="0.000115156173706055" />
    <testcase name="Equals (60)" classname="spec_perl_TestDefaultBitEndianMod_t" time="0.000164985656738281" />
  </testsuite>
  <testsuite name="spec_perl_TestSwitchCast_t" errors="0" failures="0" skipped="0" tests="2" time="0.0466821193695068">
    <system-out>1..2
ok 1 - Equals
ok 2 - Equals
</system-out>
    <testcase name="Equals (61)" classname="spec_perl_TestSwitchCast_t" time="0.000306129455566406" />
    <testcase name="Equals (62)" classname="spec_perl_TestSwitchCast_t" time="8.79764556884766e-05" />
  </testsuite>
  <testsuite name="spec_perl_TestSwitchManualIntElse_t" errors="0" failures="0" skipped="0" tests="9" time="0.0481529235839844">
    <system-out>1..9
ok 1 - Equals
ok 2 - Equals
ok 3 - Equals
ok 4 - Equals
ok 5 - Equals
ok 6 - Equals
ok 7 - Equals
ok 8 - Equals
ok 9 - Equals
</system-out>
    <testcase name="Equals (63)" classname="spec_perl_TestSwitchManualIntElse_t" time="0.000360012054443359" />
    <testcase name="Equals (64)" classname="spec_perl_TestSwitchManualIntElse_t" time="9.48905944824219e-05" />
    <testcase name="Equals (65)" classname="spec_perl_TestSwitchManualIntElse_t" time="6.00814819335938e-05" />
    <testcase name="Equals (66)" classname="spec_perl_TestSwitchManualIntElse_t" time="0.000164031982421875" />
    <testcase name="Equals (67)" classname="spec_perl_TestSwitchManualIntElse_t" time="0.000125885009765625" />
    <testcase name="Equals (68)" classname="spec_perl_TestSwitchManualIntElse_t" time="0.000137090682983398" />
    <testcase name="Equals (69)" classname="spec_perl_TestSwitchManualIntElse_t" time="0.0001220703125" />
    <testcase name="Equals (70)" classname="spec_perl_TestSwitchManualIntElse_t" time="0.000171899795532227" />
    <testcase name="Equals (71)" classname="spec_perl_TestSwitchManualIntElse_t" time="0.000102043151855469" />
  </testsuite>
  <testsuite name="spec_perl_TestZlibWithHeader78_t" errors="0" failures="0" skipped="0" tests="1" time="0.0651111602783203">
    <system-out>1..1
ok 1 - Equals
</system-out>
    <testcase name="Equals (72)" classname="spec_perl_TestZlibWithHeader78_t" time="0.000357151031494141" />
  </testsuite>
  <testsuite name="spec_perl_TestTermStrz_t" errors="0" failures="0" skipped="0" tests="3" time="0.0469911098480225">
    <system-out>1..3
ok 1 - Equals
ok 2 - Equals
ok 3 - Equals
</system-out>
    <testcase name="Equals (73)" classname="spec_perl_TestTermStrz_t" time="0.000325918197631836" />
    <testcase name="Equals (74)" classname="spec_perl_TestTermStrz_t" time="9.51290130615234e-05" />
    <testcase name="Equals (75)" classname="spec_perl_TestTermStrz_t" time="5.79357147216797e-05" />
  </testsuite>
  <testsuite name="spec_perl_TestRepeatEosU4_t" errors="0" failures="0" skipped="0" tests="1" time="0.0429370403289795">
    <system-out>1..1
ok 1 - Equals
</system-out>
    <testcase name="Equals (76)" classname="spec_perl_TestRepeatEosU4_t" time="0.000174999237060547" />
  </testsuite>
  <testsuite name="spec_perl_TestDefaultEndianExprInherited_t" errors="0" failures="0" skipped="0" tests="15" time="0.0471811294555664">
    <system-out>1..15
ok 1 - Equals
ok 2 - Equals
ok 3 - Equals
ok 4 - Equals
ok 5 - Equals
ok 6 - Equals
ok 7 - Equals
ok 8 - Equals
ok 9 - Equals
ok 10 - Equals
ok 11 - Equals
ok 12 - Equals
ok 13 - Equals
ok 14 - Equals
ok 15 - Equals
</system-out>
    <testcase name="Equals (77)" classname="spec_perl_TestDefaultEndianExprInherited_t" time="0.000393152236938477" />
    <testcase name="Equals (78)" classname="spec_perl_TestDefaultEndianExprInherited_t" time="8.89301300048828e-05" />
    <testcase name="Equals (79)" classname="spec_perl_TestDefaultEndianExprInherited_t" time="8.70227813720703e-05" />
    <testcase name="Equals (80)" classname="spec_perl_TestDefaultEndianExprInherited_t" time="0.000151872634887695" />
    <testcase name="Equals (81)" classname="spec_perl_TestDefaultEndianExprInherited_t" time="0.000146150588989258" />
    <testcase name="Equals (82)" classname="spec_perl_TestDefaultEndianExprInherited_t" time="0.000136852264404297" />
    <testcase name="Equals (83)" classname="spec_perl_TestDefaultEndianExprInherited_t" time="0.0001220703125" />
    <testcase name="Equals (84)" classname="spec_perl_TestDefaultEndianExprInherited_t" time="0.00014495849609375" />
    <testcase name="Equals (85)" classname="spec_perl_TestDefaultEndianExprInherited_t" time="0.00014805793762207" />
    <testcase name="Equals (86)" classname="spec_perl_TestDefaultEndianExprInherited_t" time="0.000160932540893555" />
    <testcase name="Equals (87)" classname="spec_perl_TestDefaultEndianExprInherited_t" time="0.000301122665405273" />
    <testcase name="Equals (88)" classname="spec_perl_TestDefaultEndianExprInherited_t" time="0.000132083892822266" />
    <testcase name="Equals (89)" classname="spec_perl_TestDefaultEndianExprInherited_t" time="0.000174999237060547" />
    <testcase name="Equals (90)" classname="spec_perl_TestDefaultEndianExprInherited_t" time="0.000134944915771484" />
    <testcase name="Equals (91)" classname="spec_perl_TestDefaultEndianExprInherited_t" time="0.000165939331054688" />
  </testsuite>
  <testsuite name="spec_perl_TestStrPadTerm_t" errors="0" failures="0" skipped="0" tests="4" time="0.0475759506225586">
    <system-out>1..4
ok 1 - Equals
ok 2 - Equals
ok 3 - Equals
ok 4 - Equals
</system-out>
    <testcase name="Equals (92)" classname="spec_perl_TestStrPadTerm_t" time="0.00033879280090332" />
    <testcase name="Equals (93)" classname="spec_perl_TestStrPadTerm_t" time="8.51154327392578e-05" />
    <testcase name="Equals (94)" classname="spec_perl_TestStrPadTerm_t" time="0.000137090682983398" />
    <testcase name="Equals (95)" classname="spec_perl_TestStrPadTerm_t" time="0.000121831893920898" />
  </testsuite>
  <testsuite name="spec_perl_TestEnum0_t" errors="0" failures="0" skipped="0" tests="2" time="0.0428948402404785">
    <system-out>1..2
ok 1 - Equals
ok 2 - Equals
</system-out>
    <testcase name="Equals (96)" classname="spec_perl_TestEnum0_t" time="0.000215053558349609" />
    <testcase name="Equals (97)" classname="spec_perl_TestEnum0_t" time="7.20024108886719e-05" />
  </testsuite>
  <testsuite name="spec_perl_TestMetaXref_t" errors="0" failures="0" skipped="1" tests="1" time="0.0452539920806885">
    <system-out>1..1
ok 1 # skip MetaXref=HASH(0x17a5e30)
</system-out>
    <testcase name="Unnamed test case 97" classname="spec_perl_TestMetaXref_t" time="0.00135898590087891">
      <skipped message="ok 1 # skip MetaXref=HASH(0x17a5e30)" />
    </testcase>
  </testsuite>
  <testsuite name="spec_perl_TestUserType_t" errors="0" failures="0" skipped="0" tests="2" time="0.043632984161377">
    <system-out>1..2
ok 1 - Equals
ok 2 - Equals
</system-out>
    <testcase name="Equals (98)" classname="spec_perl_TestUserType_t" time="0.000282049179077148" />
    <testcase name="Equals (99)" classname="spec_perl_TestUserType_t" time="7.98702239990234e-05" />
  </testsuite>
  <testsuite name="spec_perl_TestIfStruct_t" errors="0" failures="0" skipped="0" tests="7" time="0.0477309226989746">
    <system-out>1..7
ok 1 - Equals
ok 2 - Equals
ok 3 - Equals
ok 4 - Equals
ok 5 - Equals
ok 6 - Equals
ok 7 - Equals
</system-out>
    <testcase name="Equals (100)" classname="spec_perl_TestIfStruct_t" time="0.000365018844604492" />
    <testcase name="Equals (101)" classname="spec_perl_TestIfStruct_t" time="8.98838043212891e-05" />
    <testcase name="Equals (102)" classname="spec_perl_TestIfStruct_t" time="5.81741333007812e-05" />
    <testcase name="Equals (103)" classname="spec_perl_TestIfStruct_t" time="0.000149965286254883" />
    <testcase name="Equals (104)" classname="spec_perl_TestIfStruct_t" time="0.000144004821777344" />
    <testcase name="Equals (105)" classname="spec_perl_TestIfStruct_t" time="0.000102043151855469" />
    <testcase name="Equals (106)" classname="spec_perl_TestIfStruct_t" time="0.00014495849609375" />
  </testsuite>
  <testsuite name="spec_perl_TestParamsCallExtraParens_t" errors="0" failures="1" skipped="0" tests="1" time="0.053490161895752">
    <system-out>1..1
not ok 1 - Equals
</system-out>
    <testcase name="Equals (107)" classname="spec_perl_TestParamsCallExtraParens_t" time="0.00475716590881348">
      <failure message="not ok 1 - Equals" type="TAP::Parser::Result::Test"></failure>
    </testcase>
  </testsuite>
  <testsuite name="spec_perl_TestValidShort_t" errors="1" failures="0" skipped="0" tests="0" time="0.0462188720703125">
    <system-out></system-out>
    <testcase name="Test died too soon, even before plan. (107)" classname="spec_perl_TestValidShort_t" time="0.0462188720703125">
      <failure message="The test suite died before a plan was produced. You need to have a plan." type="Plan">No plan</failure>
    </testcase>
  </testsuite>
  <testsuite name="spec_perl_TestIntegersMinMax_t" errors="0" failures="0" skipped="0" tests="28" time="0.0643141269683838">
    <system-out>1..28
ok 1 - Equals
ok 2 - Equals
ok 3 - Equals
ok 4 - Equals
ok 5 - Equals
ok 6 - Equals
ok 7 - Equals
ok 8 - Equals
ok 9 - Equals
ok 10 - Equals
ok 11 - Equals
ok 12 - Equals
ok 13 - Equals
ok 14 - Equals
ok 15 - Equals
ok 16 - Equals
ok 17 - Equals
ok 18 - Equals
ok 19 - Equals
ok 20 - Equals
ok 21 - Equals
ok 22 - Equals
ok 23 - Equals
ok 24 - Equals
ok 25 - Equals
ok 26 - Equals
ok 27 - Equals
ok 28 - Equals
</system-out>
    <testcase name="Equals (108)" classname="spec_perl_TestIntegersMinMax_t" time="0.000336885452270508" />
    <testcase name="Equals (109)" classname="spec_perl_TestIntegersMinMax_t" time="9.70363616943359e-05" />
    <testcase name="Equals (110)" classname="spec_perl_TestIntegersMinMax_t" time="6.00814819335938e-05" />
    <testcase name="Equals (111)" classname="spec_perl_TestIntegersMinMax_t" time="0.00014805793762207" />
    <testcase name="Equals (112)" classname="spec_perl_TestIntegersMinMax_t" time="9.48905944824219e-05" />
    <testcase name="Equals (113)" classname="spec_perl_TestIntegersMinMax_t" time="0.00015711784362793" />
    <testcase name="Equals (114)" classname="spec_perl_TestIntegersMinMax_t" time="0.000125885009765625" />
    <testcase name="Equals (115)" classname="spec_perl_TestIntegersMinMax_t" time="0.000144004821777344" />
    <testcase name="Equals (116)" classname="spec_perl_TestIntegersMinMax_t" time="0.0001220703125" />
    <testcase name="Equals (117)" classname="spec_perl_TestIntegersMinMax_t" time="0.000132083892822266" />
    <testcase name="Equals (118)" classname="spec_perl_TestIntegersMinMax_t" time="0.000121831893920898" />
    <testcase name="Equals (119)" classname="spec_perl_TestIntegersMinMax_t" time="0.000123977661132812" />
    <testcase name="Equals (120)" classname="spec_perl_TestIntegersMinMax_t" time="0.000172138214111328" />
    <testcase name="Equals (121)" classname="spec_perl_TestIntegersMinMax_t" time="0.00025486946105957" />
    <testcase name="Equals (122)" classname="spec_perl_TestIntegersMinMax_t" time="0.000211000442504883" />
    <testcase name="Equals (123)" classname="spec_perl_TestIntegersMinMax_t" time="0.000128984451293945" />
    <testcase name="Equals (124)" classname="spec_perl_TestIntegersMinMax_t" time="0.000172138214111328" />
    <testcase name="Equals (125)" classname="spec_perl_TestIntegersMinMax_t" time="0.000130891799926758" />
    <testcase name="Equals (126)" classname="spec_perl_TestIntegersMinMax_t" time="0.000133991241455078" />
    <testcase name="Equals (127)" classname="spec_perl_TestIntegersMinMax_t" time="0.000154972076416016" />
    <testcase name="Equals (128)" classname="spec_perl_TestIntegersMinMax_t" time="0.000133991241455078" />
    <testcase name="Equals (129)" classname="spec_perl_TestIntegersMinMax_t" time="0.00015711784362793" />
    <testcase name="Equals (130)" classname="spec_perl_TestIntegersMinMax_t" time="0.000135898590087891" />
    <testcase name="Equals (131)" classname="spec_perl_TestIntegersMinMax_t" time="0.000161170959472656" />
    <testcase name="Equals (132)" classname="spec_perl_TestIntegersMinMax_t" time="0.000118017196655273" />
    <testcase name="Equals (133)" classname="spec_perl_TestIntegersMinMax_t" time="0.000152826309204102" />
    <testcase name="Equals (134)" classname="spec_perl_TestIntegersMinMax_t" time="0.000130176544189453" />
    <testcase name="Equals (135)" classname="spec_perl_TestIntegersMinMax_t" time="0.000158786773681641" />
  </testsuite>
  <testsuite name="spec_perl_TestProcessCustomNoArgs_t" errors="1" failures="0" skipped="0" tests="0" time="0.0453159809112549">
    <system-out></system-out>
    <testcase name="Test died too soon, even before plan. (135)" classname="spec_perl_TestProcessCustomNoArgs_t" time="0.0453159809112549">
      <failure message="The test suite died before a plan was produced. You need to have a plan." type="Plan">No plan</failure>
    </testcase>
  </testsuite>
  <testsuite name="spec_perl_TestProcessCoerceUsertype2_t" errors="0" failures="0" skipped="0" tests="4" time="0.0446689128875732">
    <system-out>1..4
ok 1 - Equals
ok 2 - Equals
ok 3 - Equals
ok 4 - Equals
</system-out>
    <testcase name="Equals (136)" classname="spec_perl_TestProcessCoerceUsertype2_t" time="0.000602006912231445" />
    <testcase name="Equals (137)" classname="spec_perl_TestProcessCoerceUsertype2_t" time="0.000112056732177734" />
    <testcase name="Equals (138)" classname="spec_perl_TestProcessCoerceUsertype2_t" time="5.88893890380859e-05" />
    <testcase name="Equals (139)" classname="spec_perl_TestProcessCoerceUsertype2_t" time="0.000131130218505859" />
  </testsuite>
  <testsuite name="spec_perl_TestInstanceStd_t" errors="0" failures="0" skipped="0" tests="1" time="0.0477490425109863">
    <system-out>1..1
ok 1 - Equals
</system-out>
    <testcase name="Equals (140)" classname="spec_perl_TestInstanceStd_t" time="0.000247001647949219" />
  </testsuite>
  <testsuite name="spec_perl_TestSwitchManualStr_t" errors="0" failures="0" skipped="0" tests="9" time="0.0496840476989746">
    <system-out>1..9
ok 1 - Equals
ok 2 - Equals
ok 3 - Equals
ok 4 - Equals
ok 5 - Equals
ok 6 - Equals
ok 7 - Equals
ok 8 - Equals
ok 9 - Equals
</system-out>
    <testcase name="Equals (141)" classname="spec_perl_TestSwitchManualStr_t" time="0.000401973724365234" />
    <testcase name="Equals (142)" classname="spec_perl_TestSwitchManualStr_t" time="9.48905944824219e-05" />
    <testcase name="Equals (143)" classname="spec_perl_TestSwitchManualStr_t" time="8.32080841064453e-05" />
    <testcase name="Equals (144)" classname="spec_perl_TestSwitchManualStr_t" time="0.000169992446899414" />
    <testcase name="Equals (145)" classname="spec_perl_TestSwitchManualStr_t" time="0.000108957290649414" />
    <testcase name="Equals (146)" classname="spec_perl_TestSwitchManualStr_t" time="0.000160932540893555" />
    <testcase name="Equals (147)" classname="spec_perl_TestSwitchManualStr_t" time="0.000101089477539062" />
    <testcase name="Equals (148)" classname="spec_perl_TestSwitchManualStr_t" time="0.000200033187866211" />
    <testcase name="Equals (149)" classname="spec_perl_TestSwitchManualStr_t" time="8.48770141601562e-05" />
  </testsuite>
  <testsuite name="spec_perl_TestCastToImported_t" errors="0" failures="0" skipped="0" tests="2" time="0.0442490577697754">
    <system-out>1..2
ok 1 - Equals
ok 2 - Equals
</system-out>
    <testcase name="Equals (150)" classname="spec_perl_TestCastToImported_t" time="0.000277996063232422" />
    <testcase name="Equals (151)" classname="spec_perl_TestCastToImported_t" time="8.29696655273438e-05" />
  </testsuite>
  <testsuite name="spec_perl_TestEnumIntRangeS_t" errors="0" failures="0" skipped="0" tests="3" time="0.0461139678955078">
    <system-out>1..3
ok 1 - Equals
ok 2 - Equals
ok 3 - Equals
</system-out>
    <testcase name="Equals (152)" classname="spec_perl_TestEnumIntRangeS_t" time="0.000233173370361328" />
    <testcase name="Equals (153)" classname="spec_perl_TestEnumIntRangeS_t" time="7.98702239990234e-05" />
    <testcase name="Equals (154)" classname="spec_perl_TestEnumIntRangeS_t" time="0.00014805793762207" />
  </testsuite>
  <testsuite name="spec_perl_TestProcessRotate_t" errors="0" failures="0" skipped="0" tests="3" time="0.0451080799102783">
    <system-out>1..3
ok 1 - Equals
ok 2 - Equals
ok 3 - Equals
</system-out>
    <testcase name="Equals (155)" classname="spec_perl_TestProcessRotate_t" time="0.0002899169921875" />
    <testcase name="Equals (156)" classname="spec_perl_TestProcessRotate_t" time="8.51154327392578e-05" />
    <testcase name="Equals (157)" classname="spec_perl_TestProcessRotate_t" time="7.98702239990234e-05" />
  </testsuite>
  <testsuite name="spec_perl_TestProcessCoerceSwitch_t" errors="0" failures="0" skipped="0" tests="3" time="0.0437190532684326">
    <system-out>1..3
ok 1 - Equals
ok 2 - Equals
ok 3 - Equals
</system-out>
    <testcase name="Equals (158)" classname="spec_perl_TestProcessCoerceSwitch_t" time="0.00056004524230957" />
    <testcase name="Equals (159)" classname="spec_perl_TestProcessCoerceSwitch_t" time="0.000102043151855469" />
    <testcase name="Equals (160)" classname="spec_perl_TestProcessCoerceSwitch_t" time="4.60147857666016e-05" />
  </testsuite>
  <testsuite name="spec_perl_TestSwitchManualIntSize_t" errors="0" failures="1" skipped="0" tests="10" time="0.0517520904541016">
    <system-out>1..10
ok 1 - Equals
ok 2 - Equals
ok 3 - Equals
ok 4 - Equals
ok 5 - Equals
not ok 6 - test switch manual int size
ok 7 - Equals
ok 8 - Equals
ok 9 - Equals
ok 10 - Equals
</system-out>
    <testcase name="Equals (161)" classname="spec_perl_TestSwitchManualIntSize_t" time="0.000702857971191406" />
    <testcase name="Equals (162)" classname="spec_perl_TestSwitchManualIntSize_t" time="0.000103950500488281" />
    <testcase name="Equals (163)" classname="spec_perl_TestSwitchManualIntSize_t" time="6.60419464111328e-05" />
    <testcase name="Equals (164)" classname="spec_perl_TestSwitchManualIntSize_t" time="0.000136137008666992" />
    <testcase name="Equals (165)" classname="spec_perl_TestSwitchManualIntSize_t" time="0.000128030776977539" />
    <testcase name="test switch manual int size (165)" classname="spec_perl_TestSwitchManualIntSize_t" time="0.00389695167541504">
      <failure message="not ok 6 - test switch manual int size" type="TAP::Parser::Result::Test"></failure>
    </testcase>
    <testcase name="Equals (166)" classname="spec_perl_TestSwitchManualIntSize_t" time="9.20295715332031e-05" />
    <testcase name="Equals (167)" classname="spec_perl_TestSwitchManualIntSize_t" time="4.48226928710938e-05" />
    <testcase name="Equals (168)" classname="spec_perl_TestSwitchManualIntSize_t" time="4.00543212890625e-05" />
    <testcase name="Equals (169)" classname="spec_perl_TestSwitchManualIntSize_t" time="3.814697265625e-05" />
  </testsuite>
  <testsuite name="spec_perl_TestProcessCustom_t" errors="1" failures="0" skipped="0" tests="0" time="0.0451440811157227">
    <system-out></system-out>
    <testcase name="Test died too soon, even before plan. (169)" classname="spec_perl_TestProcessCustom_t" time="0.0451440811157227">
      <failure message="The test suite died before a plan was produced. You need to have a plan." type="Plan">No plan</failure>
    </testcase>
  </testsuite>
  <testsuite name="spec_perl_TestExpr3_t" errors="0" failures="0" skipped="0" tests="12" time="0.0482661724090576">
    <system-out>1..12
ok 1 - Equals
ok 2 - Equals
ok 3 - Equals
ok 4 - Equals
ok 5 - Equals
ok 6 - Equals
ok 7 - Equals
ok 8 - Equals
ok 9 - Equals
ok 10 - Equals
ok 11 - Equals
ok 12 - Equals
</system-out>
    <testcase name="Equals (170)" classname="spec_perl_TestExpr3_t" time="0.000222921371459961" />
    <testcase name="Equals (171)" classname="spec_perl_TestExpr3_t" time="7.60555267333984e-05" />
    <testcase name="Equals (172)" classname="spec_perl_TestExpr3_t" time="0.000155925750732422" />
    <testcase name="Equals (173)" classname="spec_perl_TestExpr3_t" time="0.000124931335449219" />
    <testcase name="Equals (174)" classname="spec_perl_TestExpr3_t" time="0.000137090682983398" />
    <testcase name="Equals (175)" classname="spec_perl_TestExpr3_t" time="0.000128984451293945" />
    <testcase name="Equals (176)" classname="spec_perl_TestExpr3_t" time="0.000123023986816406" />
    <testcase name="Equals (177)" classname="spec_perl_TestExpr3_t" time="0.000124931335449219" />
    <testcase name="Equals (178)" classname="spec_perl_TestExpr3_t" time="0.000147104263305664" />
    <testcase name="Equals (179)" classname="spec_perl_TestExpr3_t" time="0.000159025192260742" />
    <testcase name="Equals (180)" classname="spec_perl_TestExpr3_t" time="0.000114917755126953" />
    <testcase name="Equals (181)" classname="spec_perl_TestExpr3_t" time="0.00014805793762207" />
  </testsuite>
  <testsuite name="spec_perl_TestEnumForUnknownId_t" errors="0" failures="0" skipped="0" tests="1" time="0.0430710315704346">
    <system-out>1..1
ok 1 - Equals
</system-out>
    <testcase name="Equals (182)" classname="spec_perl_TestEnumForUnknownId_t" time="0.000188827514648438" />
  </testsuite>
  <testsuite name="spec_perl_TestBitsSimple_t" errors="0" failures="0" skipped="0" tests="14" time="0.0447118282318115">
    <system-out>1..14
ok 1 - Equals
ok 2 - Equals
ok 3 - Equals
ok 4 - Equals
ok 5 - Equals
ok 6 - Equals
ok 7 - Equals
ok 8 - Equals
ok 9 - Equals
ok 10 - Equals
ok 11 - Equals
ok 12 - Equals
ok 13 - Equals
ok 14 - Equals
</system-out>
    <testcase name="Equals (183)" classname="spec_perl_TestBitsSimple_t" time="0.000252008438110352" />
    <testcase name="Equals (184)" classname="spec_perl_TestBitsSimple_t" time="8.392333984375e-05" />
    <testcase name="Equals (185)" classname="spec_perl_TestBitsSimple_t" time="0.000119924545288086" />
    <testcase name="Equals (186)" classname="spec_perl_TestBitsSimple_t" time="0.000128030776977539" />
    <testcase name="Equals (187)" classname="spec_perl_TestBitsSimple_t" time="0.000138998031616211" />
    <testcase name="Equals (188)" classname="spec_perl_TestBitsSimple_t" time="0.000126123428344727" />
    <testcase name="Equals (189)" classname="spec_perl_TestBitsSimple_t" time="0.000130891799926758" />
    <testcase name="Equals (190)" classname="spec_perl_TestBitsSimple_t" time="0.000118017196655273" />
    <testcase name="Equals (191)" classname="spec_perl_TestBitsSimple_t" time="0.000127077102661133" />
    <testcase name="Equals (192)" classname="spec_perl_TestBitsSimple_t" time="0.000120878219604492" />
    <testcase name="Equals (193)" classname="spec_perl_TestBitsSimple_t" time="0.000149965286254883" />
    <testcase name="Equals (194)" classname="spec_perl_TestBitsSimple_t" time="0.000144004821777344" />
    <testcase name="Equals (195)" classname="spec_perl_TestBitsSimple_t" time="0.00011897087097168" />
    <testcase name="Equals (196)" classname="spec_perl_TestBitsSimple_t" time="0.000147104263305664" />
  </testsuite>
  <testsuite name="spec_perl_TestImports0_t" errors="0" failures="0" skipped="0" tests="3" time="0.0435500144958496">
    <system-out>1..3
ok 1 - Equals
ok 2 - Equals
ok 3 - Equals
</system-out>
    <testcase name="Equals (197)" classname="spec_perl_TestImports0_t" time="0.00023198127746582" />
    <testcase name="Equals (198)" classname="spec_perl_TestImports0_t" time="8.29696655273438e-05" />
    <testcase name="Equals (199)" classname="spec_perl_TestImports0_t" time="0.00018000602722168" />
  </testsuite>
  <testsuite name="spec_perl_TestParamsPassStruct_t" errors="0" failures="1" skipped="1" tests="4" time="0.0565619468688965">
    <system-out>1..4
ok 1 - Equals
ok 2 - Equals
not ok 3 - test_params_pass_struct died (Can't call method &quot;foo&quot; on an undefined value at spec/perl/TestParamsPassStruct.t line 17.)
ok 4 # skip test_params_pass_struct died
</system-out>
    <testcase name="Equals (200)" classname="spec_perl_TestParamsPassStruct_t" time="0.000283002853393555" />
    <testcase name="Equals (201)" classname="spec_perl_TestParamsPassStruct_t" time="7.91549682617188e-05" />
    <testcase name="test_params_pass_struct died (Can't call method &quot;foo&quot; on an undefined value at spec/perl/TestParamsPassStruct.t line 17.) (201)" classname="spec_perl_TestParamsPassStruct_t" time="0.000245809555053711">
      <failure message="not ok 3 - test_params_pass_struct died (Can't call method &quot;foo&quot; on an undefined value at spec/perl/TestParamsPassStruct.t line 17.)" type="TAP::Parser::Result::Test"></failure>
    </testcase>
    <testcase name="Unnamed test case 201" classname="spec_perl_TestParamsPassStruct_t" time="0.000512123107910156">
      <skipped message="ok 4 # skip test_params_pass_struct died" />
    </testcase>
  </testsuite>
  <testsuite name="spec_perl_TestParamsCallShort_t" errors="0" failures="3" skipped="0" tests="3" time="0.0557141304016113">
    <system-out>1..3
not ok 1 - Equals
not ok 2 - Equals
not ok 3 - Equals
</system-out>
    <testcase name="Equals (202)" classname="spec_perl_TestParamsCallShort_t" time="0.000428915023803711">
      <failure message="not ok 1 - Equals" type="TAP::Parser::Result::Test"></failure>
    </testcase>
    <testcase name="Equals (203)" classname="spec_perl_TestParamsCallShort_t" time="0.00118708610534668">
      <failure message="not ok 2 - Equals" type="TAP::Parser::Result::Test"></failure>
    </testcase>
    <testcase name="Equals (204)" classname="spec_perl_TestParamsCallShort_t" time="0.000885963439941406">
      <failure message="not ok 3 - Equals" type="TAP::Parser::Result::Test"></failure>
    </testcase>
  </testsuite>
  <testsuite name="spec_perl_TestEnumLongRangeU_t" errors="0" failures="0" skipped="0" tests="4" time="0.0450921058654785">
    <system-out>1..4
ok 1 - Equals
ok 2 - Equals
ok 3 - Equals
ok 4 - Equals
</system-out>
    <testcase name="Equals (205)" classname="spec_perl_TestEnumLongRangeU_t" time="0.000261068344116211" />
    <testcase name="Equals (206)" classname="spec_perl_TestEnumLongRangeU_t" time="7.67707824707031e-05" />
    <testcase name="Equals (207)" classname="spec_perl_TestEnumLongRangeU_t" time="0.000131130218505859" />
    <testcase name="Equals (208)" classname="spec_perl_TestEnumLongRangeU_t" time="0.000138044357299805" />
  </testsuite>
  <testsuite name="spec_perl_TestSwitchManualInt_t" errors="0" failures="0" skipped="0" tests="9" time="0.0483901500701904">
    <system-out>1..9
ok 1 - Equals
ok 2 - Equals
ok 3 - Equals
ok 4 - Equals
ok 5 - Equals
ok 6 - Equals
ok 7 - Equals
ok 8 - Equals
ok 9 - Equals
</system-out>
    <testcase name="Equals (209)" classname="spec_perl_TestSwitchManualInt_t" time="0.000326871871948242" />
    <testcase name="Equals (210)" classname="spec_perl_TestSwitchManualInt_t" time="9.29832458496094e-05" />
    <testcase name="Equals (211)" classname="spec_perl_TestSwitchManualInt_t" time="6.41345977783203e-05" />
    <testcase name="Equals (212)" classname="spec_perl_TestSwitchManualInt_t" time="0.000159978866577148" />
    <testcase name="Equals (213)" classname="spec_perl_TestSwitchManualInt_t" time="9.79900360107422e-05" />
    <testcase name="Equals (214)" classname="spec_perl_TestSwitchManualInt_t" time="0.000146865844726562" />
    <testcase name="Equals (215)" classname="spec_perl_TestSwitchManualInt_t" time="0.000138998031616211" />
    <testcase name="Equals (216)" classname="spec_perl_TestSwitchManualInt_t" time="0.000124216079711914" />
    <testcase name="Equals (217)" classname="spec_perl_TestSwitchManualInt_t" time="0.000143766403198242" />
  </testsuite>
  <testsuite name="spec_perl_TestCastToTop_t" errors="0" failures="0" skipped="0" tests="3" time="0.0432939529418945">
    <system-out>1..3
ok 1 - Equals
ok 2 - Equals
ok 3 - Equals
</system-out>
    <testcase name="Equals (218)" classname="spec_perl_TestCastToTop_t" time="0.000211954116821289" />
    <testcase name="Equals (219)" classname="spec_perl_TestCastToTop_t" time="9.29832458496094e-05" />
    <testcase name="Equals (220)" classname="spec_perl_TestCastToTop_t" time="0.000169992446899414" />
  </testsuite>
  <testsuite name="spec_perl_TestEofExceptionU4_t" errors="0" failures="0" skipped="0" tests="1" time="0.0443120002746582">
    <system-out>1..1
ok 1 - Died
</system-out>
    <testcase name="Died (220)" classname="spec_perl_TestEofExceptionU4_t" time="0.000175952911376953" />
  </testsuite>
  <testsuite name="spec_perl_TestExprStrOps_t" errors="1" failures="0" skipped="0" tests="0" time="0.0434591770172119">
    <system-out></system-out>
    <testcase name="Test died too soon, even before plan. (220)" classname="spec_perl_TestExprStrOps_t" time="0.0434591770172119">
      <failure message="The test suite died before a plan was produced. You need to have a plan." type="Plan">No plan</failure>
    </testcase>
  </testsuite>
  <testsuite name="spec_perl_TestTypeTernary2ndFalsy_t" errors="0" failures="1" skipped="0" tests="13" time="0.0465600490570068">
    <system-out>1..13
ok 1 - Equals
ok 2 - Equals
ok 3 - Equals
ok 4 - Approx equals
ok 5 - Approx equals
ok 6 - Equals
ok 7 - Equals
ok 8 - Equals
ok 9 - nil
ok 10 - Equals
ok 11 - Equals
ok 12 - Equals
not ok 13 - test_type_ternary_2nd_falsy died (Can't use an undefined value as an ARRAY reference at spec/perl/TestTypeTernary2ndFalsy.t line 27.)
</system-out>
    <testcase name="Equals (221)" classname="spec_perl_TestTypeTernary2ndFalsy_t" time="0.000291109085083008" />
    <testcase name="Equals (222)" classname="spec_perl_TestTypeTernary2ndFalsy_t" time="8.392333984375e-05" />
    <testcase name="Equals (223)" classname="spec_perl_TestTypeTernary2ndFalsy_t" time="7.79628753662109e-05" />
    <testcase name="Approx equals (223)" classname="spec_perl_TestTypeTernary2ndFalsy_t" time="6.69956207275391e-05" />
    <testcase name="Approx equals (224)" classname="spec_perl_TestTypeTernary2ndFalsy_t" time="5.41210174560547e-05" />
    <testcase name="Equals (224)" classname="spec_perl_TestTypeTernary2ndFalsy_t" time="0.000164985656738281" />
    <testcase name="Equals (225)" classname="spec_perl_TestTypeTernary2ndFalsy_t" time="0.000108957290649414" />
    <testcase name="Equals (226)" classname="spec_perl_TestTypeTernary2ndFalsy_t" time="0.000153064727783203" />
    <testcase name="nil (226)" classname="spec_perl_TestTypeTernary2ndFalsy_t" time="6.50882720947266e-05" />
    <testcase name="Equals (227)" classname="spec_perl_TestTypeTernary2ndFalsy_t" time="0.000117778778076172" />
    <testcase name="Equals (228)" classname="spec_perl_TestTypeTernary2ndFalsy_t" time="0.000162124633789062" />
    <testcase name="Equals (229)" classname="spec_perl_TestTypeTernary2ndFalsy_t" time="0.000133037567138672" />
    <testcase name="test_type_ternary_2nd_falsy died (Can't use an undefined value as an ARRAY reference at spec/perl/TestTypeTernary2ndFalsy.t line 27.) (229)" classname="spec_perl_TestTypeTernary2ndFalsy_t" time="0.000268936157226562">
      <failure message="not ok 13 - test_type_ternary_2nd_falsy died (Can't use an undefined value as an ARRAY reference at spec/perl/TestTypeTernary2ndFalsy.t line 27.)" type="TAP::Parser::Result::Test"></failure>
    </testcase>
  </testsuite>
  <testsuite name="spec_perl_TestValidNotParsedIf_t" errors="1" failures="0" skipped="0" tests="0" time="0.0457460880279541">
    <system-out></system-out>
    <testcase name="Test died too soon, even before plan. (229)" classname="spec_perl_TestValidNotParsedIf_t" time="0.0457460880279541">
      <failure message="The test suite died before a plan was produced. You need to have a plan." type="Plan">No plan</failure>
    </testcase>
  </testsuite>
  <testsuite name="spec_perl_TestExprBytesCmp_t" errors="0" failures="0" skipped="0" tests="10" time="0.0450530052185059">
    <system-out>1..10
ok 1 - Equals
ok 2 - Equals
ok 3 - Equals
ok 4 - Equals
ok 5 - Equals
ok 6 - Equals
ok 7 - Equals
ok 8 - Equals
ok 9 - Equals
ok 10 - Equals
</system-out>
    <testcase name="Equals (230)" classname="spec_perl_TestExprBytesCmp_t" time="0.000252008438110352" />
    <testcase name="Equals (231)" classname="spec_perl_TestExprBytesCmp_t" time="8.60691070556641e-05" />
    <testcase name="Equals (232)" classname="spec_perl_TestExprBytesCmp_t" time="0.000203847885131836" />
    <testcase name="Equals (233)" classname="spec_perl_TestExprBytesCmp_t" time="8.0108642578125e-05" />
    <testcase name="Equals (234)" classname="spec_perl_TestExprBytesCmp_t" time="0.000129938125610352" />
    <testcase name="Equals (235)" classname="spec_perl_TestExprBytesCmp_t" time="0.000113964080810547" />
    <testcase name="Equals (236)" classname="spec_perl_TestExprBytesCmp_t" time="0.000307083129882812" />
    <testcase name="Equals (237)" classname="spec_perl_TestExprBytesCmp_t" time="7.20024108886719e-05" />
    <testcase name="Equals (238)" classname="spec_perl_TestExprBytesCmp_t" time="0.000126123428344727" />
    <testcase name="Equals (239)" classname="spec_perl_TestExprBytesCmp_t" time="0.000154972076416016" />
  </testsuite>
  <testsuite name="spec_perl_TestDebug0_t" errors="0" failures="0" skipped="1" tests="1" time="0.043612003326416">
    <system-out>1..1
ok 1 # skip test_debug_0
</system-out>
    <testcase name="Unnamed test case 239" classname="spec_perl_TestDebug0_t" time="0.000323057174682617">
      <skipped message="ok 1 # skip test_debug_0" />
    </testcase>
  </testsuite>
  <testsuite name="spec_perl_TestImportsAbsAbs_t" errors="0" failures="0" skipped="0" tests="3" time="0.0439779758453369">
    <system-out>1..3
ok 1 - Equals
ok 2 - Equals
ok 3 - Equals
</system-out>
    <testcase name="Equals (240)" classname="spec_perl_TestImportsAbsAbs_t" time="0.000256061553955078" />
    <testcase name="Equals (241)" classname="spec_perl_TestImportsAbsAbs_t" time="9.29832458496094e-05" />
    <testcase name="Equals (242)" classname="spec_perl_TestImportsAbsAbs_t" time="0.000123023986816406" />
  </testsuite>
  <testsuite name="spec_perl_TestOpaqueExternalType02Parent_t" errors="0" failures="0" skipped="0" tests="3" time="0.0473318099975586">
    <system-out>1..3
ok 1 - Equals
ok 2 - Equals
ok 3 - Equals
</system-out>
    <testcase name="Equals (243)" classname="spec_perl_TestOpaqueExternalType02Parent_t" time="0.000355005264282227" />
    <testcase name="Equals (244)" classname="spec_perl_TestOpaqueExternalType02Parent_t" time="9.10758972167969e-05" />
    <testcase name="Equals (245)" classname="spec_perl_TestOpaqueExternalType02Parent_t" time="8.20159912109375e-05" />
  </testsuite>
  <testsuite name="spec_perl_TestNavParentSwitchCast_t" errors="0" failures="0" skipped="0" tests="3" time="0.0447618961334229">
    <system-out>1..3
ok 1 - Equals
ok 2 - Equals
ok 3 - Equals
</system-out>
    <testcase name="Equals (246)" classname="spec_perl_TestNavParentSwitchCast_t" time="0.000635147094726562" />
    <testcase name="Equals (247)" classname="spec_perl_TestNavParentSwitchCast_t" time="0.000102996826171875" />
    <testcase name="Equals (248)" classname="spec_perl_TestNavParentSwitchCast_t" time="5.69820404052734e-05" />
  </testsuite>
  <testsuite name="spec_perl_TestExprBytesOps_t" errors="1" failures="0" skipped="0" tests="0" time="0.0569720268249512">
    <system-out></system-out>
    <testcase name="Test died too soon, even before plan. (248)" classname="spec_perl_TestExprBytesOps_t" time="0.0569720268249512">
      <failure message="The test suite died before a plan was produced. You need to have a plan." type="Plan">No plan</failure>
    </testcase>
  </testsuite>
  <testsuite name="spec_perl_TestProcessRepeatUsertype_t" errors="0" failures="0" skipped="0" tests="4" time="0.0451929569244385">
    <system-out>1..4
ok 1 - Equals
ok 2 - Equals
ok 3 - Equals
ok 4 - Equals
</system-out>
    <testcase name="Equals (249)" classname="spec_perl_TestProcessRepeatUsertype_t" time="0.000575065612792969" />
    <testcase name="Equals (250)" classname="spec_perl_TestProcessRepeatUsertype_t" time="0.000103950500488281" />
    <testcase name="Equals (251)" classname="spec_perl_TestProcessRepeatUsertype_t" time="5.81741333007812e-05" />
    <testcase name="Equals (252)" classname="spec_perl_TestProcessRepeatUsertype_t" time="0.000103950500488281" />
  </testsuite>
  <testsuite name="spec_perl_TestBufferedStruct_t" errors="0" failures="0" skipped="0" tests="7" time="0.0445489883422852">
    <system-out>1..7
ok 1 - Equals
ok 2 - Equals
ok 3 - Equals
ok 4 - Equals
ok 5 - Equals
ok 6 - Equals
ok 7 - Equals
</system-out>
    <testcase name="Equals (253)" classname="spec_perl_TestBufferedStruct_t" time="0.000546932220458984" />
    <testcase name="Equals (254)" classname="spec_perl_TestBufferedStruct_t" time="0.000107049942016602" />
    <testcase name="Equals (255)" classname="spec_perl_TestBufferedStruct_t" time="5.48362731933594e-05" />
    <testcase name="Equals (256)" classname="spec_perl_TestBufferedStruct_t" time="0.000118017196655273" />
    <testcase name="Equals (257)" classname="spec_perl_TestBufferedStruct_t" time="0.000126123428344727" />
    <testcase name="Equals (258)" classname="spec_perl_TestBufferedStruct_t" time="0.000125885009765625" />
    <testcase name="Equals (259)" classname="spec_perl_TestBufferedStruct_t" time="0.000169038772583008" />
  </testsuite>
  <testsuite name="spec_perl_TestRepeatUntilCalcArrayType_t" errors="0" failures="0" skipped="0" tests="7" time="0.0461769104003906">
    <system-out>1..7
ok 1 - Equals
ok 2 - Equals
ok 3 - Equals
ok 4 - Equals
ok 5 - Equals
ok 6 - Equals
ok 7 - Equals
</system-out>
    <testcase name="Equals (260)" classname="spec_perl_TestRepeatUntilCalcArrayType_t" time="0.000639915466308594" />
    <testcase name="Equals (261)" classname="spec_perl_TestRepeatUntilCalcArrayType_t" time="0.000113010406494141" />
    <testcase name="Equals (262)" classname="spec_perl_TestRepeatUntilCalcArrayType_t" time="5.88893890380859e-05" />
    <testcase name="Equals (263)" classname="spec_perl_TestRepeatUntilCalcArrayType_t" time="0.000100135803222656" />
    <testcase name="Equals (264)" classname="spec_perl_TestRepeatUntilCalcArrayType_t" time="0.00014185905456543" />
    <testcase name="Equals (265)" classname="spec_perl_TestRepeatUntilCalcArrayType_t" time="0.000130176544189453" />
    <testcase name="Equals (266)" classname="spec_perl_TestRepeatUntilCalcArrayType_t" time="0.000147819519042969" />
  </testsuite>
  <testsuite name="spec_perl_TestExprCalcArrayOps_t" errors="0" failures="1" skipped="17" tests="18" time="0.0577800273895264">
    <system-out>1..18
not ok 1 - test_expr_calc_array_ops died (Can't use string (&quot;1000&quot;) as an ARRAY ref while &quot;strict refs&quot; in use at compiled/perl/ExprCalcArrayOps.pm line 50.)
ok 2 # skip test_expr_calc_array_ops died
ok 3 # skip test_expr_calc_array_ops died
ok 4 # skip test_expr_calc_array_ops died
ok 5 # skip test_expr_calc_array_ops died
ok 6 # skip test_expr_calc_array_ops died
ok 7 # skip test_expr_calc_array_ops died
ok 8 # skip test_expr_calc_array_ops died
ok 9 # skip test_expr_calc_array_ops died
ok 10 # skip test_expr_calc_array_ops died
ok 11 # skip test_expr_calc_array_ops died
ok 12 # skip test_expr_calc_array_ops died
ok 13 # skip test_expr_calc_array_ops died
ok 14 # skip test_expr_calc_array_ops died
ok 15 # skip test_expr_calc_array_ops died
ok 16 # skip test_expr_calc_array_ops died
ok 17 # skip test_expr_calc_array_ops died
ok 18 # skip test_expr_calc_array_ops died
</system-out>
    <testcase name="test_expr_calc_array_ops died (Can't use string (&quot;1000&quot;) as an ARRAY ref while &quot;strict refs&quot; in use at compiled/perl/ExprCalcArrayOps.pm line 50.) (266)" classname="spec_perl_TestExprCalcArrayOps_t" time="0.000402212142944336">
      <failure message="not ok 1 - test_expr_calc_array_ops died (Can't use string (&quot;1000&quot;) as an ARRAY ref while &quot;strict refs&quot; in use at compiled/perl/ExprCalcArrayOps.pm line 50.)" type="TAP::Parser::Result::Test"></failure>
    </testcase>
    <testcase name="Unnamed test case 266" classname="spec_perl_TestExprCalcArrayOps_t" time="0.0016939640045166">
      <skipped message="ok 2 # skip test_expr_calc_array_ops died" />
    </testcase>
    <testcase name="Unnamed test case 267" classname="spec_perl_TestExprCalcArrayOps_t" time="0.000104904174804688">
      <skipped message="ok 3 # skip test_expr_calc_array_ops died" />
    </testcase>
    <testcase name="Unnamed test case 268" classname="spec_perl_TestExprCalcArrayOps_t" time="0.00010991096496582">
      <skipped message="ok 4 # skip test_expr_calc_array_ops died" />
    </testcase>
    <testcase name="Unnamed test case 269" classname="spec_perl_TestExprCalcArrayOps_t" time="0.000176191329956055">
      <skipped message="ok 5 # skip test_expr_calc_array_ops died" />
    </testcase>
    <testcase name="Unnamed test case 270" classname="spec_perl_TestExprCalcArrayOps_t" time="0.000128030776977539">
      <skipped message="ok 6 # skip test_expr_calc_array_ops died" />
    </testcase>
    <testcase name="Unnamed test case 271" classname="spec_perl_TestExprCalcArrayOps_t" time="0.000148773193359375">
      <skipped message="ok 7 # skip test_expr_calc_array_ops died" />
    </testcase>
    <testcase name="Unnamed test case 272" classname="spec_perl_TestExprCalcArrayOps_t" time="0.000118017196655273">
      <skipped message="ok 8 # skip test_expr_calc_array_ops died" />
    </testcase>
    <testcase name="Unnamed test case 273" classname="spec_perl_TestExprCalcArrayOps_t" time="0.00015711784362793">
      <skipped message="ok 9 # skip test_expr_calc_array_ops died" />
    </testcase>
    <testcase name="Unnamed test case 274" classname="spec_perl_TestExprCalcArrayOps_t" time="0.000154018402099609">
      <skipped message="ok 10 # skip test_expr_calc_array_ops died" />
    </testcase>
    <testcase name="Unnamed test case 275" classname="spec_perl_TestExprCalcArrayOps_t" time="0.000164985656738281">
      <skipped message="ok 11 # skip test_expr_calc_array_ops died" />
    </testcase>
    <testcase name="Unnamed test case 276" classname="spec_perl_TestExprCalcArrayOps_t" time="0.000155925750732422">
      <skipped message="ok 12 # skip test_expr_calc_array_ops died" />
    </testcase>
    <testcase name="Unnamed test case 277" classname="spec_perl_TestExprCalcArrayOps_t" time="0.000127077102661133">
      <skipped message="ok 13 # skip test_expr_calc_array_ops died" />
    </testcase>
    <testcase name="Unnamed test case 278" classname="spec_perl_TestExprCalcArrayOps_t" time="0.000154972076416016">
      <skipped message="ok 14 # skip test_expr_calc_array_ops died" />
    </testcase>
    <testcase name="Unnamed test case 279" classname="spec_perl_TestExprCalcArrayOps_t" time="0.000125885009765625">
      <skipped message="ok 15 # skip test_expr_calc_array_ops died" />
    </testcase>
    <testcase name="Unnamed test case 280" classname="spec_perl_TestExprCalcArrayOps_t" time="0.000133991241455078">
      <skipped message="ok 16 # skip test_expr_calc_array_ops died" />
    </testcase>
    <testcase name="Unnamed test case 281" classname="spec_perl_TestExprCalcArrayOps_t" time="0.000130176544189453">
      <skipped message="ok 17 # skip test_expr_calc_array_ops died" />
    </testcase>
    <testcase name="Unnamed test case 282" classname="spec_perl_TestExprCalcArrayOps_t" time="0.000162839889526367">
      <skipped message="ok 18 # skip test_expr_calc_array_ops died" />
    </testcase>
  </testsuite>
  <testsuite name="spec_perl_TestIndexToParamUntil_t" errors="0" failures="2" skipped="0" tests="7" time="0.0661981105804443">
    <system-out>1..7
ok 1 - Equals
ok 2 - Equals
ok 3 - Equals
ok 4 - Equals
ok 5 - Equals
not ok 6 - Equals
not ok 7 - Equals
</system-out>
    <testcase name="Equals (282)" classname="spec_perl_TestIndexToParamUntil_t" time="0.000499963760375977" />
    <testcase name="Equals (283)" classname="spec_perl_TestIndexToParamUntil_t" time="0.000441074371337891" />
    <testcase name="Equals (284)" classname="spec_perl_TestIndexToParamUntil_t" time="0.000356912612915039" />
    <testcase name="Equals (285)" classname="spec_perl_TestIndexToParamUntil_t" time="0.000330924987792969" />
    <testcase name="Equals (286)" classname="spec_perl_TestIndexToParamUntil_t" time="0.000321149826049805" />
    <testcase name="Equals (287)" classname="spec_perl_TestIndexToParamUntil_t" time="0.000435829162597656">
      <failure message="not ok 6 - Equals" type="TAP::Parser::Result::Test"></failure>
    </testcase>
    <testcase name="Equals (288)" classname="spec_perl_TestIndexToParamUntil_t" time="0.00380802154541016">
      <failure message="not ok 7 - Equals" type="TAP::Parser::Result::Test"></failure>
    </testcase>
  </testsuite>
  <testsuite name="spec_perl_TestSwitchManualIntSizeElse_t" errors="0" failures="0" skipped="0" tests="10" time="0.0584030151367188">
    <system-out>1..10
ok 1 - Equals
ok 2 - Equals
ok 3 - Equals
ok 4 - Equals
ok 5 - Equals
ok 6 - Equals
ok 7 - Equals
ok 8 - Equals
ok 9 - Equals
ok 10 - Equals
</system-out>
    <testcase name="Equals (289)" classname="spec_perl_TestSwitchManualIntSizeElse_t" time="0.000761985778808594" />
    <testcase name="Equals (290)" classname="spec_perl_TestSwitchManualIntSizeElse_t" time="0.000116825103759766" />
    <testcase name="Equals (291)" classname="spec_perl_TestSwitchManualIntSizeElse_t" time="6.00814819335938e-05" />
    <testcase name="Equals (292)" classname="spec_perl_TestSwitchManualIntSizeElse_t" time="7.39097595214844e-05" />
    <testcase name="Equals (293)" classname="spec_perl_TestSwitchManualIntSizeElse_t" time="0.000164031982421875" />
    <testcase name="Equals (294)" classname="spec_perl_TestSwitchManualIntSizeElse_t" time="0.000179052352905273" />
    <testcase name="Equals (295)" classname="spec_perl_TestSwitchManualIntSizeElse_t" time="0.000111103057861328" />
    <testcase name="Equals (296)" classname="spec_perl_TestSwitchManualIntSizeElse_t" time="0.000154972076416016" />
    <testcase name="Equals (297)" classname="spec_perl_TestSwitchManualIntSizeElse_t" time="0.000160932540893555" />
    <testcase name="Equals (298)" classname="spec_perl_TestSwitchManualIntSizeElse_t" time="0.000108957290649414" />
  </testsuite>
  <testsuite name="spec_perl_TestExprSizeofType0_t" errors="0" failures="0" skipped="0" tests="1" time="0.051239013671875">
    <system-out>1..1
ok 1 - Equals
</system-out>
    <testcase name="Equals (299)" classname="spec_perl_TestExprSizeofType0_t" time="0.00026702880859375" />
  </testsuite>
  <testsuite name="spec_perl_TestProcessRepeatBytes_t" errors="0" failures="0" skipped="0" tests="2" time="0.046205997467041">
    <system-out>1..2
ok 1 - Equals
ok 2 - Equals
</system-out>
    <testcase name="Equals (300)" classname="spec_perl_TestProcessRepeatBytes_t" time="0.000268936157226562" />
    <testcase name="Equals (301)" classname="spec_perl_TestProcessRepeatBytes_t" time="7.91549682617188e-05" />
  </testsuite>
  <testsuite name="spec_perl_TestEnumInvalid_t" errors="0" failures="0" skipped="0" tests="2" time="0.0454010963439941">
    <system-out>1..2
ok 1 - Equals
ok 2 - Equals
</system-out>
    <testcase name="Equals (302)" classname="spec_perl_TestEnumInvalid_t" time="0.000274896621704102" />
    <testcase name="Equals (303)" classname="spec_perl_TestEnumInvalid_t" time="8.20159912109375e-05" />
  </testsuite>
  <testsuite name="spec_perl_TestFloatToI_t" errors="0" failures="0" skipped="0" tests="8" time="0.0450761318206787">
    <system-out>1..8
ok 1 - Equals
ok 2 - Equals
ok 3 - Equals
ok 4 - Equals
ok 5 - Equals
ok 6 - Equals
ok 7 - Equals
ok 8 - Equals
</system-out>
    <testcase name="Equals (304)" classname="spec_perl_TestFloatToI_t" time="0.000277996063232422" />
    <testcase name="Equals (305)" classname="spec_perl_TestFloatToI_t" time="8.20159912109375e-05" />
    <testcase name="Equals (306)" classname="spec_perl_TestFloatToI_t" time="0.000128984451293945" />
    <testcase name="Equals (307)" classname="spec_perl_TestFloatToI_t" time="0.000135183334350586" />
    <testcase name="Equals (308)" classname="spec_perl_TestFloatToI_t" time="0.000150918960571289" />
    <testcase name="Equals (309)" classname="spec_perl_TestFloatToI_t" time="0.000103950500488281" />
    <testcase name="Equals (310)" classname="spec_perl_TestFloatToI_t" time="0.000143051147460938" />
    <testcase name="Equals (311)" classname="spec_perl_TestFloatToI_t" time="0.0001220703125" />
  </testsuite>
  <testsuite name="spec_perl_TestDefaultEndianMod_t" errors="0" failures="0" skipped="0" tests="3" time="0.04410719871521">
    <system-out>1..3
ok 1 - Equals
ok 2 - Equals
ok 3 - Equals
</system-out>
    <testcase name="Equals (312)" classname="spec_perl_TestDefaultEndianMod_t" time="0.000224828720092773" />
    <testcase name="Equals (313)" classname="spec_perl_TestDefaultEndianMod_t" time="8.20159912109375e-05" />
    <testcase name="Equals (314)" classname="spec_perl_TestDefaultEndianMod_t" time="0.000149011611938477" />
  </testsuite>
  <testsuite name="spec_perl_TestParamsPassArrayStruct_t" errors="0" failures="1" skipped="2" tests="3" time="0.0494720935821533">
    <system-out>1..3
not ok 1 - test_params_pass_array_struct died (Can't use an undefined value as an ARRAY reference at spec/perl/TestParamsPassArrayStruct.t line 15.)
ok 2 # skip test_params_pass_array_struct died
ok 3 # skip test_params_pass_array_struct died
</system-out>
    <testcase name="test_params_pass_array_struct died (Can't use an undefined value as an ARRAY reference at spec/perl/TestParamsPassArrayStruct.t line 15.) (314)" classname="spec_perl_TestParamsPassArrayStruct_t" time="0.00034785270690918">
      <failure message="not ok 1 - test_params_pass_array_struct died (Can't use an undefined value as an ARRAY reference at spec/perl/TestParamsPassArrayStruct.t line 15.)" type="TAP::Parser::Result::Test"></failure>
    </testcase>
    <testcase name="Unnamed test case 314" classname="spec_perl_TestParamsPassArrayStruct_t" time="0.000524997711181641">
      <skipped message="ok 2 # skip test_params_pass_array_struct died" />
    </testcase>
    <testcase name="Unnamed test case 315" classname="spec_perl_TestParamsPassArrayStruct_t" time="0.000396966934204102">
      <skipped message="ok 3 # skip test_params_pass_array_struct died" />
    </testcase>
  </testsuite>
  <testsuite name="spec_perl_TestInstanceUserArray_t" errors="0" failures="0" skipped="0" tests="10" time="0.0451729297637939">
    <system-out>1..10
ok 1 - Equals
ok 2 - Equals
ok 3 - Equals
ok 4 - Equals
ok 5 - Equals
ok 6 - Equals
ok 7 - Equals
ok 8 - Equals
ok 9 - Equals
ok 10 - Equals
</system-out>
    <testcase name="Equals (315)" classname="spec_perl_TestInstanceUserArray_t" time="0.000168800354003906" />
    <testcase name="Equals (316)" classname="spec_perl_TestInstanceUserArray_t" time="0.000127077102661133" />
    <testcase name="Equals (317)" classname="spec_perl_TestInstanceUserArray_t" time="0.00011897087097168" />
    <testcase name="Equals (318)" classname="spec_perl_TestInstanceUserArray_t" time="0.000519990921020508" />
    <testcase name="Equals (319)" classname="spec_perl_TestInstanceUserArray_t" time="8.41617584228516e-05" />
    <testcase name="Equals (320)" classname="spec_perl_TestInstanceUserArray_t" time="0.000104904174804688" />
    <testcase name="Equals (321)" classname="spec_perl_TestInstanceUserArray_t" time="0.000134944915771484" />
    <testcase name="Equals (322)" classname="spec_perl_TestInstanceUserArray_t" time="0.000128984451293945" />
    <testcase name="Equals (323)" classname="spec_perl_TestInstanceUserArray_t" time="0.000151157379150391" />
    <testcase name="Equals (324)" classname="spec_perl_TestInstanceUserArray_t" time="0.000103950500488281" />
  </testsuite>
  <testsuite name="spec_perl_TestEofExceptionBytes_t" errors="0" failures="0" skipped="0" tests="1" time="0.045569896697998">
    <system-out>1..1
ok 1 - Died
</system-out>
    <testcase name="Died (324)" classname="spec_perl_TestEofExceptionBytes_t" time="0.000168085098266602" />
  </testsuite>
  <testsuite name="spec_perl_TestRecursiveOne_t" errors="0" failures="0" skipped="0" tests="4" time="0.044320821762085">
    <system-out>1..4
ok 1 - Equals
ok 2 - Equals
ok 3 - Equals
ok 4 - Equals
</system-out>
    <testcase name="Equals (325)" classname="spec_perl_TestRecursiveOne_t" time="0.000274896621704102" />
    <testcase name="Equals (326)" classname="spec_perl_TestRecursiveOne_t" time="8.29696655273438e-05" />
    <testcase name="Equals (327)" classname="spec_perl_TestRecursiveOne_t" time="0.000126123428344727" />
    <testcase name="Equals (328)" classname="spec_perl_TestRecursiveOne_t" time="0.000114917755126953" />
  </testsuite>
  <testsuite name="spec_perl_TestProcessCoerceUsertype1_t" errors="0" failures="0" skipped="0" tests="4" time="0.0455079078674316">
    <system-out>1..4
ok 1 - Equals
ok 2 - Equals
ok 3 - Equals
ok 4 - Equals
</system-out>
    <testcase name="Equals (329)" classname="spec_perl_TestProcessCoerceUsertype1_t" time="0.000633955001831055" />
    <testcase name="Equals (330)" classname="spec_perl_TestProcessCoerceUsertype1_t" time="0.000115156173706055" />
    <testcase name="Equals (331)" classname="spec_perl_TestProcessCoerceUsertype1_t" time="4.79221343994141e-05" />
    <testcase name="Equals (332)" classname="spec_perl_TestProcessCoerceUsertype1_t" time="6.50882720947266e-05" />
  </testsuite>
  <testsuite name="spec_perl_TestTypeTernary_t" errors="0" failures="0" skipped="0" tests="1" time="0.0440201759338379">
    <system-out>1..1
ok 1 - Equals
</system-out>
    <testcase name="Equals (333)" classname="spec_perl_TestTypeTernary_t" time="0.000596046447753906" />
  </testsuite>
  <testsuite name="spec_perl_TestImportsRel1_t" errors="0" failures="0" skipped="0" tests="3" time="0.0438499450683594">
    <system-out>1..3
ok 1 - Equals
ok 2 - Equals
ok 3 - Equals
</system-out>
    <testcase name="Equals (334)" classname="spec_perl_TestImportsRel1_t" time="0.000250816345214844" />
    <testcase name="Equals (335)" classname="spec_perl_TestImportsRel1_t" time="8.60691070556641e-05" />
    <testcase name="Equals (336)" classname="spec_perl_TestImportsRel1_t" time="0.000102996826171875" />
  </testsuite>
  <testsuite name="spec_perl_TestParamsEnum_t" errors="0" failures="1" skipped="0" tests="2" time="0.0597090721130371">
    <system-out>1..2
ok 1 - Equals
not ok 2 - Equals
</system-out>
    <testcase name="Equals (337)" classname="spec_perl_TestParamsEnum_t" time="0.000270843505859375" />
    <testcase name="Equals (338)" classname="spec_perl_TestParamsEnum_t" time="0.000159025192260742">
      <failure message="not ok 2 - Equals" type="TAP::Parser::Result::Test"></failure>
    </testcase>
  </testsuite>
  <testsuite name="spec_perl_TestDefaultBigEndian_t" errors="0" failures="0" skipped="0" tests="1" time="0.0440390110015869">
    <system-out>1..1
ok 1 - Equals
</system-out>
    <testcase name="Equals (339)" classname="spec_perl_TestDefaultBigEndian_t" time="0.000220060348510742" />
  </testsuite>
  <testsuite name="spec_perl_TestSwitchManualStrElse_t" errors="0" failures="0" skipped="0" tests="9" time="0.0482909679412842">
    <system-out>1..9
ok 1 - Equals
ok 2 - Equals
ok 3 - Equals
ok 4 - Equals
ok 5 - Equals
ok 6 - Equals
ok 7 - Equals
ok 8 - Equals
ok 9 - Equals
</system-out>
    <testcase name="Equals (340)" classname="spec_perl_TestSwitchManualStrElse_t" time="0.000334978103637695" />
    <testcase name="Equals (341)" classname="spec_perl_TestSwitchManualStrElse_t" time="9.60826873779297e-05" />
    <testcase name="Equals (342)" classname="spec_perl_TestSwitchManualStrElse_t" time="0.000119924545288086" />
    <testcase name="Equals (343)" classname="spec_perl_TestSwitchManualStrElse_t" time="7.70092010498047e-05" />
    <testcase name="Equals (344)" classname="spec_perl_TestSwitchManualStrElse_t" time="0.000154972076416016" />
    <testcase name="Equals (345)" classname="spec_perl_TestSwitchManualStrElse_t" time="0.000101089477539062" />
    <testcase name="Equals (346)" classname="spec_perl_TestSwitchManualStrElse_t" time="0.000144004821777344" />
    <testcase name="Equals (347)" classname="spec_perl_TestSwitchManualStrElse_t" time="0.000146865844726562" />
    <testcase name="Equals (348)" classname="spec_perl_TestSwitchManualStrElse_t" time="0.000128984451293945" />
  </testsuite>
  <testsuite name="spec_perl_TestZlibSurrounded_t" errors="0" failures="0" skipped="0" tests="1" time="0.0653500556945801">
    <system-out>1..1
ok 1 - Equals
</system-out>
    <testcase name="Equals (349)" classname="spec_perl_TestZlibSurrounded_t" time="0.000648975372314453" />
  </testsuite>
  <testsuite name="spec_perl_TestEnumFancy_t" errors="0" failures="0" skipped="0" tests="2" time="0.0443031787872314">
    <system-out>1..2
ok 1 - Equals
ok 2 - Equals
</system-out>
    <testcase name="Equals (350)" classname="spec_perl_TestEnumFancy_t" time="0.000233173370361328" />
    <testcase name="Equals (351)" classname="spec_perl_TestEnumFancy_t" time="8.89301300048828e-05" />
  </testsuite>
  <testsuite name="spec_perl_TestMultipleUse_t" errors="0" failures="0" skipped="0" tests="2" time="0.0452671051025391">
    <system-out>1..2
ok 1 - Equals
ok 2 - Equals
</system-out>
    <testcase name="Equals (352)" classname="spec_perl_TestMultipleUse_t" time="0.000288009643554688" />
    <testcase name="Equals (353)" classname="spec_perl_TestMultipleUse_t" time="8.70227813720703e-05" />
  </testsuite>
  <testsuite name="spec_perl_TestSwitchIntegers_t" errors="0" failures="0" skipped="0" tests="9" time="0.052901029586792">
    <system-out>1..9
ok 1 - Equals
ok 2 - Equals
ok 3 - Equals
ok 4 - Equals
ok 5 - Equals
ok 6 - Equals
ok 7 - Equals
ok 8 - Equals
ok 9 - Equals
</system-out>
    <testcase name="Equals (354)" classname="spec_perl_TestSwitchIntegers_t" time="0.000236988067626953" />
    <testcase name="Equals (355)" classname="spec_perl_TestSwitchIntegers_t" time="8.08238983154297e-05" />
    <testcase name="Equals (356)" classname="spec_perl_TestSwitchIntegers_t" time="0.000123023986816406" />
    <testcase name="Equals (357)" classname="spec_perl_TestSwitchIntegers_t" time="0.000131130218505859" />
    <testcase name="Equals (358)" classname="spec_perl_TestSwitchIntegers_t" time="0.000133991241455078" />
    <testcase name="Equals (359)" classname="spec_perl_TestSwitchIntegers_t" time="0.000123023986816406" />
    <testcase name="Equals (360)" classname="spec_perl_TestSwitchIntegers_t" time="0.000161886215209961" />
    <testcase name="Equals (361)" classname="spec_perl_TestSwitchIntegers_t" time="0.000178098678588867" />
    <testcase name="Equals (362)" classname="spec_perl_TestSwitchIntegers_t" time="0.000107049942016602" />
  </testsuite>
  <testsuite name="spec_perl_TestCastNested_t" errors="0" failures="0" skipped="0" tests="4" time="0.0475540161132812">
    <system-out>1..4
ok 1 - Equals
ok 2 - Equals
ok 3 - Equals
ok 4 - Equals
</system-out>
    <testcase name="Equals (363)" classname="spec_perl_TestCastNested_t" time="0.000380992889404297" />
    <testcase name="Equals (364)" classname="spec_perl_TestCastNested_t" time="9.67979431152344e-05" />
    <testcase name="Equals (365)" classname="spec_perl_TestCastNested_t" time="5.81741333007812e-05" />
    <testcase name="Equals (366)" classname="spec_perl_TestCastNested_t" time="0.000138998031616211" />
  </testsuite>
  <testsuite name="spec_perl_TestOptionalId_t" errors="0" failures="0" skipped="0" tests="3" time="0.0445659160614014">
    <system-out>1..3
ok 1 - Equals
ok 2 - Equals
ok 3 - Equals
</system-out>
    <testcase name="Equals (367)" classname="spec_perl_TestOptionalId_t" time="0.000297069549560547" />
    <testcase name="Equals (368)" classname="spec_perl_TestOptionalId_t" time="8.392333984375e-05" />
    <testcase name="Equals (369)" classname="spec_perl_TestOptionalId_t" time="0.000137090682983398" />
  </testsuite>
  <testsuite name="spec_perl_TestIndexToParamExpr_t" errors="0" failures="2" skipped="0" tests="7" time="0.0626552104949951">
    <system-out>1..7
ok 1 - Equals
ok 2 - Equals
ok 3 - Equals
ok 4 - Equals
ok 5 - Equals
not ok 6 - Equals
not ok 7 - Equals
</system-out>
    <testcase name="Equals (370)" classname="spec_perl_TestIndexToParamExpr_t" time="0.000336170196533203" />
    <testcase name="Equals (371)" classname="spec_perl_TestIndexToParamExpr_t" time="0.000474929809570312" />
    <testcase name="Equals (372)" classname="spec_perl_TestIndexToParamExpr_t" time="0.000395059585571289" />
    <testcase name="Equals (373)" classname="spec_perl_TestIndexToParamExpr_t" time="0.00034785270690918" />
    <testcase name="Equals (374)" classname="spec_perl_TestIndexToParamExpr_t" time="0.00038909912109375" />
    <testcase name="Equals (375)" classname="spec_perl_TestIndexToParamExpr_t" time="0.000443935394287109">
      <failure message="not ok 6 - Equals" type="TAP::Parser::Result::Test"></failure>
    </testcase>
    <testcase name="Equals (376)" classname="spec_perl_TestIndexToParamExpr_t" time="0.00114893913269043">
      <failure message="not ok 7 - Equals" type="TAP::Parser::Result::Test"></failure>
    </testcase>
  </testsuite>
  <testsuite name="spec_perl_TestEnumToIClassBorder1_t" errors="0" failures="1" skipped="0" tests="3" time="0.0456211566925049">
    <system-out>1..3
ok 1 - Equals
ok 2 - Equals
not ok 3 - test_enum_to_i_class_border_1 died (Can't call method &quot;some_dog&quot; on an undefined value at compiled/perl/EnumToIClassBorder2.pm line 42.)
</system-out>
    <testcase name="Equals (377)" classname="spec_perl_TestEnumToIClassBorder1_t" time="0.000177145004272461" />
    <testcase name="Equals (378)" classname="spec_perl_TestEnumToIClassBorder1_t" time="7.08103179931641e-05" />
    <testcase name="test_enum_to_i_class_border_1 died (Can't call method &quot;some_dog&quot; on an undefined value at compiled/perl/EnumToIClassBorder2.pm line 42.) (378)" classname="spec_perl_TestEnumToIClassBorder1_t" time="0.000257015228271484">
      <failure message="not ok 3 - test_enum_to_i_class_border_1 died (Can't call method &quot;some_dog&quot; on an undefined value at compiled/perl/EnumToIClassBorder2.pm line 42.)" type="TAP::Parser::Result::Test"></failure>
    </testcase>
  </testsuite>
  <testsuite name="spec_perl_TestParamsPassArrayInt_t" errors="0" failures="1" skipped="6" tests="7" time="0.051112174987793">
    <system-out>1..7
not ok 1 - test_params_pass_array_int died (Can't use an undefined value as an ARRAY reference at spec/perl/TestParamsPassArrayInt.t line 15.)
ok 2 # skip test_params_pass_array_int died
ok 3 # skip test_params_pass_array_int died
ok 4 # skip test_params_pass_array_int died
ok 5 # skip test_params_pass_array_int died
ok 6 # skip test_params_pass_array_int died
ok 7 # skip test_params_pass_array_int died
</system-out>
    <testcase name="test_params_pass_array_int died (Can't use an undefined value as an ARRAY reference at spec/perl/TestParamsPassArrayInt.t line 15.) (378)" classname="spec_perl_TestParamsPassArrayInt_t" time="0.000889062881469727">
      <failure message="not ok 1 - test_params_pass_array_int died (Can't use an undefined value as an ARRAY reference at spec/perl/TestParamsPassArrayInt.t line 15.)" type="TAP::Parser::Result::Test"></failure>
    </testcase>
    <testcase name="Unnamed test case 378" classname="spec_perl_TestParamsPassArrayInt_t" time="0.000931024551391602">
      <skipped message="ok 2 # skip test_params_pass_array_int died" />
    </testcase>
    <testcase name="Unnamed test case 379" classname="spec_perl_TestParamsPassArrayInt_t" time="0.000352859497070312">
      <skipped message="ok 3 # skip test_params_pass_array_int died" />
    </testcase>
    <testcase name="Unnamed test case 380" classname="spec_perl_TestParamsPassArrayInt_t" time="0.000326156616210938">
      <skipped message="ok 4 # skip test_params_pass_array_int died" />
    </testcase>
    <testcase name="Unnamed test case 381" classname="spec_perl_TestParamsPassArrayInt_t" time="0.000252962112426758">
      <skipped message="ok 5 # skip test_params_pass_array_int died" />
    </testcase>
    <testcase name="Unnamed test case 382" classname="spec_perl_TestParamsPassArrayInt_t" time="0.000220060348510742">
      <skipped message="ok 6 # skip test_params_pass_array_int died" />
    </testcase>
    <testcase name="Unnamed test case 383" classname="spec_perl_TestParamsPassArrayInt_t" time="0.000197887420654297">
      <skipped message="ok 7 # skip test_params_pass_array_int died" />
    </testcase>
  </testsuite>
  <testsuite name="spec_perl_TestNestedSameName2_t" errors="0" failures="0" skipped="0" tests="5" time="0.0453507900238037">
    <system-out>1..5
ok 1 - Equals
ok 2 - Equals
ok 3 - Equals
ok 4 - Equals
ok 5 - Equals
</system-out>
    <testcase name="Equals (383)" classname="spec_perl_TestNestedSameName2_t" time="0.000344038009643555" />
    <testcase name="Equals (384)" classname="spec_perl_TestNestedSameName2_t" time="9.79900360107422e-05" />
    <testcase name="Equals (385)" classname="spec_perl_TestNestedSameName2_t" time="5.91278076171875e-05" />
    <testcase name="Equals (386)" classname="spec_perl_TestNestedSameName2_t" time="0.000151872634887695" />
    <testcase name="Equals (387)" classname="spec_perl_TestNestedSameName2_t" time="0.000127077102661133" />
  </testsuite>
  <testsuite name="spec_perl_TestExpr0_t" errors="0" failures="0" skipped="0" tests="2" time="0.0437729358673096">
    <system-out>1..2
ok 1 - Equals
ok 2 - Equals
</system-out>
    <testcase name="Equals (388)" classname="spec_perl_TestExpr0_t" time="0.000250101089477539" />
    <testcase name="Equals (389)" classname="spec_perl_TestExpr0_t" time="8.10623168945312e-05" />
  </testsuite>
  <testsuite name="spec_perl_TestExpr2_t" errors="0" failures="0" skipped="0" tests="17" time="0.0504410266876221">
    <system-out>1..17
ok 1 - Equals
ok 2 - Equals
ok 3 - Equals
ok 4 - Equals
ok 5 - Equals
ok 6 - Equals
ok 7 - Equals
ok 8 - Equals
ok 9 - Equals
ok 10 - Equals
ok 11 - Equals
ok 12 - Equals
ok 13 - Equals
ok 14 - Equals
ok 15 - Equals
ok 16 - Equals
ok 17 - Equals
</system-out>
    <testcase name="Equals (390)" classname="spec_perl_TestExpr2_t" time="0.000663995742797852" />
    <testcase name="Equals (391)" classname="spec_perl_TestExpr2_t" time="0.000119924545288086" />
    <testcase name="Equals (392)" classname="spec_perl_TestExpr2_t" time="5.81741333007812e-05" />
    <testcase name="Equals (393)" classname="spec_perl_TestExpr2_t" time="0.000138998031616211" />
    <testcase name="Equals (394)" classname="spec_perl_TestExpr2_t" time="0.000123023986816406" />
    <testcase name="Equals (395)" classname="spec_perl_TestExpr2_t" time="0.000145912170410156" />
    <testcase name="Equals (396)" classname="spec_perl_TestExpr2_t" time="0.000135898590087891" />
    <testcase name="Equals (397)" classname="spec_perl_TestExpr2_t" time="0.00020599365234375" />
    <testcase name="Equals (398)" classname="spec_perl_TestExpr2_t" time="0.000168085098266602" />
    <testcase name="Equals (399)" classname="spec_perl_TestExpr2_t" time="0.000119924545288086" />
    <testcase name="Equals (400)" classname="spec_perl_TestExpr2_t" time="0.000127077102661133" />
    <testcase name="Equals (401)" classname="spec_perl_TestExpr2_t" time="0.000145912170410156" />
    <testcase name="Equals (402)" classname="spec_perl_TestExpr2_t" time="0.000163078308105469" />
    <testcase name="Equals (403)" classname="spec_perl_TestExpr2_t" time="0.000169038772583008" />
    <testcase name="Equals (404)" classname="spec_perl_TestExpr2_t" time="0.00010991096496582" />
    <testcase name="Equals (405)" classname="spec_perl_TestExpr2_t" time="0.000147104263305664" />
    <testcase name="Equals (406)" classname="spec_perl_TestExpr2_t" time="0.000115871429443359" />
  </testsuite>
  <testsuite name="spec_perl_TestNonStandard_t" errors="0" failures="0" skipped="0" tests="1" time="0.0437438488006592">
    <system-out>1..1
ok 1 - Equals
</system-out>
    <testcase name="Equals (407)" classname="spec_perl_TestNonStandard_t" time="0.000242948532104492" />
  </testsuite>
  <testsuite name="spec_perl_TestNavParentVsValueInst_t" errors="0" failures="0" skipped="0" tests="1" time="0.0470380783081055">
    <system-out>1..1
ok 1 - Equals
</system-out>
    <testcase name="Equals (408)" classname="spec_perl_TestNavParentVsValueInst_t" time="0.000287055969238281" />
  </testsuite>
  <testsuite name="spec_perl_TestIndexToParamEos_t" errors="0" failures="2" skipped="0" tests="7" time="0.0604579448699951">
    <system-out>1..7
ok 1 - Equals
ok 2 - Equals
ok 3 - Equals
ok 4 - Equals
ok 5 - Equals
not ok 6 - Equals
not ok 7 - Equals
</system-out>
    <testcase name="Equals (409)" classname="spec_perl_TestIndexToParamEos_t" time="0.0153419971466064" />
    <testcase name="Equals (410)" classname="spec_perl_TestIndexToParamEos_t" time="8.29696655273438e-05" />
    <testcase name="Equals (411)" classname="spec_perl_TestIndexToParamEos_t" time="3.79085540771484e-05" />
    <testcase name="Equals (412)" classname="spec_perl_TestIndexToParamEos_t" time="5.60283660888672e-05" />
    <testcase name="Equals (413)" classname="spec_perl_TestIndexToParamEos_t" time="3.50475311279297e-05" />
    <testcase name="Equals (414)" classname="spec_perl_TestIndexToParamEos_t" time="4.50611114501953e-05">
      <failure message="not ok 6 - Equals" type="TAP::Parser::Result::Test"></failure>
    </testcase>
    <testcase name="Equals (415)" classname="spec_perl_TestIndexToParamEos_t" time="3.38554382324219e-05">
[...]
      <skipped message="ok 6 # skip test_params_pass_array_str died" />
    </testcase>
    <testcase name="Unnamed test case 714" classname="spec_perl_TestParamsPassArrayStr_t" time="0.000367879867553711">
      <skipped message="ok 7 # skip test_params_pass_array_str died" />
    </testcase>
  </testsuite>
  <testsuite name="spec_perl_TestSwitchMultiBoolOps_t" errors="0" failures="0" skipped="0" tests="9" time="0.0459539890289307">
    <system-out>1..9
ok 1 - Equals
ok 2 - Equals
ok 3 - Equals
ok 4 - Equals
ok 5 - Equals
ok 6 - Equals
ok 7 - Equals
ok 8 - Equals
ok 9 - Equals
</system-out>
    <testcase name="Equals (714)" classname="spec_perl_TestSwitchMultiBoolOps_t" time="0.000351905822753906" />
    <testcase name="Equals (715)" classname="spec_perl_TestSwitchMultiBoolOps_t" time="9.20295715332031e-05" />
    <testcase name="Equals (716)" classname="spec_perl_TestSwitchMultiBoolOps_t" time="6.29425048828125e-05" />
    <testcase name="Equals (717)" classname="spec_perl_TestSwitchMultiBoolOps_t" time="0.000135183334350586" />
    <testcase name="Equals (718)" classname="spec_perl_TestSwitchMultiBoolOps_t" time="0.00014495849609375" />
    <testcase name="Equals (719)" classname="spec_perl_TestSwitchMultiBoolOps_t" time="0.00011897087097168" />
    <testcase name="Equals (720)" classname="spec_perl_TestSwitchMultiBoolOps_t" time="0.000158071517944336" />
    <testcase name="Equals (721)" classname="spec_perl_TestSwitchMultiBoolOps_t" time="0.000122785568237305" />
    <testcase name="Equals (722)" classname="spec_perl_TestSwitchMultiBoolOps_t" time="0.000131130218505859" />
  </testsuite>
  <testsuite name="spec_perl_TestInstanceStdArray_t" errors="0" failures="0" skipped="0" tests="7" time="0.0462489128112793">
    <system-out>1..7
ok 1 - Equals
ok 2 - Equals
ok 3 - Equals
ok 4 - Equals
ok 5 - Equals
ok 6 - Equals
ok 7 - Equals
</system-out>
    <testcase name="Equals (723)" classname="spec_perl_TestInstanceStdArray_t" time="0.0002899169921875" />
    <testcase name="Equals (724)" classname="spec_perl_TestInstanceStdArray_t" time="9.51290130615234e-05" />
    <testcase name="Equals (725)" classname="spec_perl_TestInstanceStdArray_t" time="6.4849853515625e-05" />
    <testcase name="Equals (726)" classname="spec_perl_TestInstanceStdArray_t" time="0.00018310546875" />
    <testcase name="Equals (727)" classname="spec_perl_TestInstanceStdArray_t" time="0.000103950500488281" />
    <testcase name="Equals (728)" classname="spec_perl_TestInstanceStdArray_t" time="0.000147104263305664" />
    <testcase name="Equals (729)" classname="spec_perl_TestInstanceStdArray_t" time="0.000113964080810547" />
  </testsuite>
  <testsuite name="spec_perl_TestProcessXorConst_t" errors="0" failures="0" skipped="0" tests="2" time="0.0432600975036621">
    <system-out>1..2
ok 1 - Equals
ok 2 - Equals
</system-out>
    <testcase name="Equals (730)" classname="spec_perl_TestProcessXorConst_t" time="0.000283002853393555" />
    <testcase name="Equals (731)" classname="spec_perl_TestProcessXorConst_t" time="8.0108642578125e-05" />
  </testsuite>
  <testsuite name="spec_perl_TestStrLiterals2_t" errors="0" failures="0" skipped="0" tests="4" time="0.0442750453948975">
    <system-out>1..4
ok 1 - Equals
ok 2 - Equals
ok 3 - Equals
ok 4 - Equals
</system-out>
    <testcase name="Equals (732)" classname="spec_perl_TestStrLiterals2_t" time="0.000185966491699219" />
    <testcase name="Equals (733)" classname="spec_perl_TestStrLiterals2_t" time="6.79492950439453e-05" />
    <testcase name="Equals (734)" classname="spec_perl_TestStrLiterals2_t" time="0.000203132629394531" />
    <testcase name="Equals (735)" classname="spec_perl_TestStrLiterals2_t" time="0.000126838684082031" />
  </testsuite>
  <testsuite name="spec_perl_TestIoLocalVar_t" errors="0" failures="0" skipped="0" tests="2" time="0.0443630218505859">
    <system-out>1..2
ok 1 - Equals
ok 2 - Equals
</system-out>
    <testcase name="Equals (736)" classname="spec_perl_TestIoLocalVar_t" time="0.000555992126464844" />
    <testcase name="Equals (737)" classname="spec_perl_TestIoLocalVar_t" time="9.51290130615234e-05" />
  </testsuite>
  <testsuite name="spec_perl_TestSwitchManualEnumInvalidElse_t" errors="0" failures="0" skipped="0" tests="5" time="0.0471580028533936">
    <system-out>1..5
ok 1 - Equals
ok 2 - Equals
ok 3 - Equals
ok 4 - Equals
ok 5 - Equals
</system-out>
    <testcase name="Equals (738)" classname="spec_perl_TestSwitchManualEnumInvalidElse_t" time="0.000278949737548828" />
    <testcase name="Equals (739)" classname="spec_perl_TestSwitchManualEnumInvalidElse_t" time="0.000114202499389648" />
    <testcase name="Equals (740)" classname="spec_perl_TestSwitchManualEnumInvalidElse_t" time="5.88893890380859e-05" />
    <testcase name="Equals (741)" classname="spec_perl_TestSwitchManualEnumInvalidElse_t" time="0.000149965286254883" />
    <testcase name="Equals (742)" classname="spec_perl_TestSwitchManualEnumInvalidElse_t" time="0.000119924545288086" />
  </testsuite>
  <testsuite name="spec_perl_TestSwitchBytearray_t" errors="0" failures="0" skipped="0" tests="9" time="0.0483651161193848">
    <system-out>1..9
ok 1 - Equals
ok 2 - Equals
ok 3 - Equals
ok 4 - Equals
ok 5 - Equals
ok 6 - Equals
ok 7 - Equals
ok 8 - Equals
ok 9 - Equals
</system-out>
    <testcase name="Equals (743)" classname="spec_perl_TestSwitchBytearray_t" time="0.000384092330932617" />
    <testcase name="Equals (744)" classname="spec_perl_TestSwitchBytearray_t" time="8.79764556884766e-05" />
    <testcase name="Equals (745)" classname="spec_perl_TestSwitchBytearray_t" time="5.69820404052734e-05" />
    <testcase name="Equals (746)" classname="spec_perl_TestSwitchBytearray_t" time="0.000133991241455078" />
    <testcase name="Equals (747)" classname="spec_perl_TestSwitchBytearray_t" time="0.000140905380249023" />
    <testcase name="Equals (748)" classname="spec_perl_TestSwitchBytearray_t" time="0.00014495849609375" />
    <testcase name="Equals (749)" classname="spec_perl_TestSwitchBytearray_t" time="0.000128984451293945" />
    <testcase name="Equals (750)" classname="spec_perl_TestSwitchBytearray_t" time="0.000145196914672852" />
    <testcase name="Equals (751)" classname="spec_perl_TestSwitchBytearray_t" time="0.000114917755126953" />
  </testsuite>
  <testsuite name="spec_perl_TestProcessCoerceBytes_t" errors="0" failures="0" skipped="0" tests="4" time="0.0441460609436035">
    <system-out>1..4
ok 1 - Equals
ok 2 - Equals
ok 3 - Equals
ok 4 - Equals
</system-out>
    <testcase name="Equals (752)" classname="spec_perl_TestProcessCoerceBytes_t" time="0.000295877456665039" />
    <testcase name="Equals (753)" classname="spec_perl_TestProcessCoerceBytes_t" time="8.60691070556641e-05" />
    <testcase name="Equals (754)" classname="spec_perl_TestProcessCoerceBytes_t" time="0.000110149383544922" />
    <testcase name="Equals (755)" classname="spec_perl_TestProcessCoerceBytes_t" time="0.000122785568237305" />
  </testsuite>
  <testsuite name="spec_perl_TestSwitchManualEnumInvalid_t" errors="0" failures="0" skipped="0" tests="5" time="0.0477030277252197">
    <system-out>1..5
ok 1 - Equals
ok 2 - Equals
ok 3 - nil
ok 4 - Equals
ok 5 - nil
</system-out>
    <testcase name="Equals (756)" classname="spec_perl_TestSwitchManualEnumInvalid_t" time="0.000287055969238281" />
    <testcase name="Equals (757)" classname="spec_perl_TestSwitchManualEnumInvalid_t" time="8.0108642578125e-05" />
    <testcase name="nil (757)" classname="spec_perl_TestSwitchManualEnumInvalid_t" time="5.79357147216797e-05" />
    <testcase name="Equals (758)" classname="spec_perl_TestSwitchManualEnumInvalid_t" time="0.000154972076416016" />
    <testcase name="nil (758)" classname="spec_perl_TestSwitchManualEnumInvalid_t" time="6.103515625e-05" />
  </testsuite>
  <testsuite name="spec_perl_TestIfInstances_t" errors="0" failures="0" skipped="0" tests="1" time="0.043665885925293">
    <system-out>1..1
ok 1 - nil
</system-out>
    <testcase name="nil (759)" classname="spec_perl_TestIfInstances_t" time="0.000185966491699219" />
  </testsuite>
  <testsuite name="spec_perl_TestNestedTypes3_t" errors="0" failures="0" skipped="0" tests="5" time="0.0443189144134521">
    <system-out>1..5
ok 1 - Equals
ok 2 - Equals
ok 3 - Equals
ok 4 - Equals
ok 5 - Equals
</system-out>
    <testcase name="Equals (759)" classname="spec_perl_TestNestedTypes3_t" time="0.000281810760498047" />
    <testcase name="Equals (760)" classname="spec_perl_TestNestedTypes3_t" time="0.000112056732177734" />
    <testcase name="Equals (761)" classname="spec_perl_TestNestedTypes3_t" time="6.00814819335938e-05" />
    <testcase name="Equals (762)" classname="spec_perl_TestNestedTypes3_t" time="0.000138044357299805" />
    <testcase name="Equals (763)" classname="spec_perl_TestNestedTypes3_t" time="0.000118017196655273" />
  </testsuite>
  <testsuite name="spec_perl_TestRepeatUntilSized_t" errors="0" failures="0" skipped="0" tests="7" time="0.0444700717926025">
    <system-out>1..7
ok 1 - Equals
ok 2 - Equals
ok 3 - Equals
ok 4 - Equals
ok 5 - Equals
ok 6 - Equals
ok 7 - Equals
</system-out>
    <testcase name="Equals (764)" classname="spec_perl_TestRepeatUntilSized_t" time="0.000597000122070312" />
    <testcase name="Equals (765)" classname="spec_perl_TestRepeatUntilSized_t" time="0.000127077102661133" />
    <testcase name="Equals (766)" classname="spec_perl_TestRepeatUntilSized_t" time="6.38961791992188e-05" />
    <testcase name="Equals (767)" classname="spec_perl_TestRepeatUntilSized_t" time="6.31809234619141e-05" />
    <testcase name="Equals (768)" classname="spec_perl_TestRepeatUntilSized_t" time="0.000134944915771484" />
    <testcase name="Equals (769)" classname="spec_perl_TestRepeatUntilSized_t" time="0.000138998031616211" />
    <testcase name="Equals (770)" classname="spec_perl_TestRepeatUntilSized_t" time="0.000138044357299805" />
  </testsuite>
  <testsuite name="spec_perl_TestEnumDeepLiterals_t" errors="0" failures="0" skipped="0" tests="2" time="0.0439479351043701">
    <system-out>1..2
ok 1 - Equals
ok 2 - Equals
</system-out>
    <testcase name="Equals (771)" classname="spec_perl_TestEnumDeepLiterals_t" time="0.000254154205322266" />
    <testcase name="Equals (772)" classname="spec_perl_TestEnumDeepLiterals_t" time="8.20159912109375e-05" />
  </testsuite>
  <testsuite name="spec_perl_TestPositionAbs_t" errors="0" failures="0" skipped="0" tests="2" time="0.0479779243469238">
    <system-out>1..2
ok 1 - Equals
ok 2 - Equals
</system-out>
    <testcase name="Equals (773)" classname="spec_perl_TestPositionAbs_t" time="0.000255823135375977" />
    <testcase name="Equals (774)" classname="spec_perl_TestPositionAbs_t" time="0.000205039978027344" />
  </testsuite>
  <testsuite name="spec_perl_TestProcessXor4Const_t" errors="0" failures="0" skipped="0" tests="2" time="0.0437190532684326">
    <system-out>1..2
ok 1 - Equals
ok 2 - Equals
</system-out>
    <testcase name="Equals (775)" classname="spec_perl_TestProcessXor4Const_t" time="0.000257968902587891" />
    <testcase name="Equals (776)" classname="spec_perl_TestProcessXor4Const_t" time="7.89165496826172e-05" />
  </testsuite>
  <testsuite name="spec_perl_TestExprOpsParens_t" errors="1" failures="0" skipped="0" tests="0" time="0.0433940887451172">
    <system-out></system-out>
    <testcase name="Test died too soon, even before plan. (776)" classname="spec_perl_TestExprOpsParens_t" time="0.0433940887451172">
      <failure message="The test suite died before a plan was produced. You need to have a plan." type="Plan">No plan</failure>
    </testcase>
  </testsuite>
  <testsuite name="spec_perl_TestEnumNegative_t" errors="0" failures="0" skipped="0" tests="2" time="0.0436689853668213">
    <system-out>1..2
ok 1 - Equals
ok 2 - Equals
</system-out>
    <testcase name="Equals (777)" classname="spec_perl_TestEnumNegative_t" time="0.000218868255615234" />
    <testcase name="Equals (778)" classname="spec_perl_TestEnumNegative_t" time="7.60555267333984e-05" />
  </testsuite>
  <testsuite name="spec_perl_TestProcessXor4Value_t" errors="0" failures="0" skipped="0" tests="2" time="0.0435791015625">
    <system-out>1..2
ok 1 - Equals
ok 2 - Equals
</system-out>
    <testcase name="Equals (779)" classname="spec_perl_TestProcessXor4Value_t" time="0.000228166580200195" />
    <testcase name="Equals (780)" classname="spec_perl_TestProcessXor4Value_t" time="0.000108003616333008" />
  </testsuite>
  <testsuite name="spec_perl_TestSwitchManualIntSizeEos_t" errors="0" failures="0" skipped="0" tests="10" time="0.0491859912872314">
    <system-out>1..10
ok 1 - Equals
ok 2 - Equals
ok 3 - Equals
ok 4 - Equals
ok 5 - Equals
ok 6 - Equals
ok 7 - Equals
ok 8 - Equals
ok 9 - Equals
ok 10 - Equals
</system-out>
    <testcase name="Equals (781)" classname="spec_perl_TestSwitchManualIntSizeEos_t" time="0.000765085220336914" />
    <testcase name="Equals (782)" classname="spec_perl_TestSwitchManualIntSizeEos_t" time="0.000104904174804688" />
    <testcase name="Equals (783)" classname="spec_perl_TestSwitchManualIntSizeEos_t" time="4.81605529785156e-05" />
    <testcase name="Equals (784)" classname="spec_perl_TestSwitchManualIntSizeEos_t" time="6.60419464111328e-05" />
    <testcase name="Equals (785)" classname="spec_perl_TestSwitchManualIntSizeEos_t" time="0.000159978866577148" />
    <testcase name="Equals (786)" classname="spec_perl_TestSwitchManualIntSizeEos_t" time="0.000198841094970703" />
    <testcase name="Equals (787)" classname="spec_perl_TestSwitchManualIntSizeEos_t" time="0.00014805793762207" />
    <testcase name="Equals (788)" classname="spec_perl_TestSwitchManualIntSizeEos_t" time="0.000140905380249023" />
    <testcase name="Equals (789)" classname="spec_perl_TestSwitchManualIntSizeEos_t" time="0.000119209289550781" />
    <testcase name="Equals (790)" classname="spec_perl_TestSwitchManualIntSizeEos_t" time="0.000155925750732422" />
  </testsuite>
  <testsuite name="spec_perl_TestEnumIf_t" errors="0" failures="0" skipped="0" tests="7" time="0.0476729869842529">
    <system-out>1..7
ok 1 - Equals
ok 2 - Equals
ok 3 - Equals
ok 4 - Equals
ok 5 - Equals
ok 6 - Equals
ok 7 - Equals
</system-out>
    <testcase name="Equals (791)" classname="spec_perl_TestEnumIf_t" time="0.000426054000854492" />
    <testcase name="Equals (792)" classname="spec_perl_TestEnumIf_t" time="9.70363616943359e-05" />
    <testcase name="Equals (793)" classname="spec_perl_TestEnumIf_t" time="5.91278076171875e-05" />
    <testcase name="Equals (794)" classname="spec_perl_TestEnumIf_t" time="0.000116825103759766" />
    <testcase name="Equals (795)" classname="spec_perl_TestEnumIf_t" time="0.000137090682983398" />
    <testcase name="Equals (796)" classname="spec_perl_TestEnumIf_t" time="0.000138998031616211" />
    <testcase name="Equals (797)" classname="spec_perl_TestEnumIf_t" time="0.000125885009765625" />
  </testsuite>
  <testsuite name="spec_perl_TestExprSizeofValueSized_t" errors="0" failures="0" skipped="0" tests="5" time="0.0444099903106689">
    <system-out>1..5
ok 1 - Equals
ok 2 - Equals
ok 3 - Equals
ok 4 - Equals
ok 5 - Equals
</system-out>
    <testcase name="Equals (798)" classname="spec_perl_TestExprSizeofValueSized_t" time="0.000548124313354492" />
    <testcase name="Equals (799)" classname="spec_perl_TestExprSizeofValueSized_t" time="0.000102996826171875" />
    <testcase name="Equals (800)" classname="spec_perl_TestExprSizeofValueSized_t" time="5.98430633544922e-05" />
    <testcase name="Equals (801)" classname="spec_perl_TestExprSizeofValueSized_t" time="0.000107049942016602" />
    <testcase name="Equals (802)" classname="spec_perl_TestExprSizeofValueSized_t" time="0.000189065933227539" />
  </testsuite>
  <testsuite name="spec_perl_TestExprBits_t" errors="0" failures="0" skipped="0" tests="10" time="0.048288106918335">
    <system-out>1..10
ok 1 - Equals
ok 2 - Equals
ok 3 - Equals
ok 4 - Equals
ok 5 - Equals
ok 6 - Equals
ok 7 - Equals
ok 8 - Equals
ok 9 - Equals
ok 10 - Equals
</system-out>
    <testcase name="Equals (803)" classname="spec_perl_TestExprBits_t" time="0.000297069549560547" />
    <testcase name="Equals (804)" classname="spec_perl_TestExprBits_t" time="8.29696655273438e-05" />
    <testcase name="Equals (805)" classname="spec_perl_TestExprBits_t" time="8.60691070556641e-05" />
    <testcase name="Equals (806)" classname="spec_perl_TestExprBits_t" time="0.000186920166015625" />
    <testcase name="Equals (807)" classname="spec_perl_TestExprBits_t" time="0.000138998031616211" />
    <testcase name="Equals (808)" classname="spec_perl_TestExprBits_t" time="0.000118017196655273" />
    <testcase name="Equals (809)" classname="spec_perl_TestExprBits_t" time="0.000140905380249023" />
    <testcase name="Equals (810)" classname="spec_perl_TestExprBits_t" time="0.000120162963867188" />
    <testcase name="Equals (811)" classname="spec_perl_TestExprBits_t" time="0.000161886215209961" />
    <testcase name="Equals (812)" classname="spec_perl_TestExprBits_t" time="0.000131130218505859" />
  </testsuite>
  <testsuite name="spec_perl_TestDefaultEndianExprIsBe_t" errors="0" failures="0" skipped="0" tests="18" time="0.0476629734039307">
    <system-out>1..18
ok 1 - Equals
ok 2 - Equals
ok 3 - Equals
ok 4 - Equals
ok 5 - Equals
ok 6 - Equals
ok 7 - Equals
ok 8 - Equals
ok 9 - Equals
ok 10 - Equals
ok 11 - Equals
ok 12 - Equals
ok 13 - Equals
ok 14 - Equals
ok 15 - Equals
ok 16 - Equals
ok 17 - Equals
ok 18 - Equals
</system-out>
    <testcase name="Equals (813)" classname="spec_perl_TestDefaultEndianExprIsBe_t" time="0.0002899169921875" />
    <testcase name="Equals (814)" classname="spec_perl_TestDefaultEndianExprIsBe_t" time="8.20159912109375e-05" />
    <testcase name="Equals (815)" classname="spec_perl_TestDefaultEndianExprIsBe_t" time="0.000126123428344727" />
    <testcase name="Equals (816)" classname="spec_perl_TestDefaultEndianExprIsBe_t" time="0.000164985656738281" />
    <testcase name="Equals (817)" classname="spec_perl_TestDefaultEndianExprIsBe_t" time="0.000154018402099609" />
    <testcase name="Equals (818)" classname="spec_perl_TestDefaultEndianExprIsBe_t" time="0.000175952911376953" />
    <testcase name="Equals (819)" classname="spec_perl_TestDefaultEndianExprIsBe_t" time="0.000107049942016602" />
    <testcase name="Equals (820)" classname="spec_perl_TestDefaultEndianExprIsBe_t" time="0.000124931335449219" />
    <testcase name="Equals (821)" classname="spec_perl_TestDefaultEndianExprIsBe_t" time="0.000123977661132812" />
    <testcase name="Equals (822)" classname="spec_perl_TestDefaultEndianExprIsBe_t" time="0.000146865844726562" />
    <testcase name="Equals (823)" classname="spec_perl_TestDefaultEndianExprIsBe_t" time="0.000158071517944336" />
    <testcase name="Equals (824)" classname="spec_perl_TestDefaultEndianExprIsBe_t" time="0.000149011611938477" />
    <testcase name="Equals (825)" classname="spec_perl_TestDefaultEndianExprIsBe_t" time="0.000134944915771484" />
    <testcase name="Equals (826)" classname="spec_perl_TestDefaultEndianExprIsBe_t" time="0.00011897087097168" />
    <testcase name="Equals (827)" classname="spec_perl_TestDefaultEndianExprIsBe_t" time="0.000142097473144531" />
    <testcase name="Equals (828)" classname="spec_perl_TestDefaultEndianExprIsBe_t" time="0.000116109848022461" />
    <testcase name="Equals (829)" classname="spec_perl_TestDefaultEndianExprIsBe_t" time="0.000163793563842773" />
    <testcase name="Equals (830)" classname="spec_perl_TestDefaultEndianExprIsBe_t" time="0.000147104263305664" />
  </testsuite>
  <testsuite name="spec_perl_TestNestedSameName_t" errors="0" failures="0" skipped="0" tests="2" time="0.0445930957794189">
    <system-out>1..2
ok 1 - Equals
ok 2 - Equals
</system-out>
    <testcase name="Equals (831)" classname="spec_perl_TestNestedSameName_t" time="0.00030207633972168" />
    <testcase name="Equals (832)" classname="spec_perl_TestNestedSameName_t" time="9.39369201660156e-05" />
  </testsuite>
</testsuites>
