<?xml version='1.0' encoding='utf-8'?>
<testsuites>
  <testsuite name="spec_perl_TestInstanceUserArray_t" errors="0" failures="0" skipped="0" tests="10" time="0.0456209182739258">
    <system-out>1..10
ok 1 - Equals
ok 2 - Equals
ok 3 - Equals
ok 4 - Equals
ok 5 - Equals
ok 6 - Equals
ok 7 - Equals
ok 8 - Equals
ok 9 - Equals
ok 10 - Equals
</system-out>
    <testcase name="Equals" classname="spec_perl_TestInstanceUserArray_t" time="0.000221967697143555" />
    <testcase name="Equals (2)" classname="spec_perl_TestInstanceUserArray_t" time="7.51018524169922e-05" />
    <testcase name="Equals (3)" classname="spec_perl_TestInstanceUserArray_t" time="0.000136852264404297" />
    <testcase name="Equals (4)" classname="spec_perl_TestInstanceUserArray_t" time="0.000551939010620117" />
    <testcase name="Equals (5)" classname="spec_perl_TestInstanceUserArray_t" time="8.10623168945312e-05" />
    <testcase name="Equals (6)" classname="spec_perl_TestInstanceUserArray_t" time="0.000113964080810547" />
    <testcase name="Equals (7)" classname="spec_perl_TestInstanceUserArray_t" time="0.000130176544189453" />
    <testcase name="Equals (8)" classname="spec_perl_TestInstanceUserArray_t" time="0.000128984451293945" />
    <testcase name="Equals (9)" classname="spec_perl_TestInstanceUserArray_t" time="0.000149011611938477" />
    <testcase name="Equals (10)" classname="spec_perl_TestInstanceUserArray_t" time="0.000144004821777344" />
  </testsuite>
  <testsuite name="spec_perl_TestParamsPassUsertype_t" errors="0" failures="1" skipped="1" tests="2" time="0.048043966293335">
    <system-out>1..2
not ok 1 - test_params_pass_usertype died (Can't call method &quot;foo&quot; on an undefined value at compiled/perl/ParamsPassUsertype.pm line 119.)
ok 2 # skip test_params_pass_usertype died
</system-out>
    <testcase name="test_params_pass_usertype died (Can't call method &quot;foo&quot; on an undefined value at compiled/perl/ParamsPassUsertype.pm line 119.) (10)" classname="spec_perl_TestParamsPassUsertype_t" time="0.000348091125488281">
      <failure message="not ok 1 - test_params_pass_usertype died (Can't call method &quot;foo&quot; on an undefined value at compiled/perl/ParamsPassUsertype.pm line 119.)" type="TAP::Parser::Result::Test"></failure>
    </testcase>
    <testcase name="Unnamed test case 10" classname="spec_perl_TestParamsPassUsertype_t" time="0.00188493728637695">
      <skipped message="ok 2 # skip test_params_pass_usertype died" />
    </testcase>
  </testsuite>
  <testsuite name="spec_perl_TestIfStruct_t" errors="0" failures="0" skipped="0" tests="7" time="0.0508651733398438">
    <system-out>1..7
ok 1 - Equals
ok 2 - Equals
ok 3 - Equals
ok 4 - Equals
ok 5 - Equals
ok 6 - Equals
ok 7 - Equals
</system-out>
    <testcase name="Equals (11)" classname="spec_perl_TestIfStruct_t" time="0.000441074371337891" />
    <testcase name="Equals (12)" classname="spec_perl_TestIfStruct_t" time="9.70363616943359e-05" />
    <testcase name="Equals (13)" classname="spec_perl_TestIfStruct_t" time="5.88893890380859e-05" />
    <testcase name="Equals (14)" classname="spec_perl_TestIfStruct_t" time="0.000159025192260742" />
    <testcase name="Equals (15)" classname="spec_perl_TestIfStruct_t" time="0.000127077102661133" />
    <testcase name="Equals (16)" classname="spec_perl_TestIfStruct_t" time="0.000151872634887695" />
    <testcase name="Equals (17)" classname="spec_perl_TestIfStruct_t" time="0.000113010406494141" />
  </testsuite>
  <testsuite name="spec_perl_TestTypeTernaryOpaque_t" errors="0" failures="0" skipped="0" tests="3" time="0.0523509979248047">
    <system-out>1..3
ok 1 - Equals
ok 2 - Equals
ok 3 - Equals
</system-out>
    <testcase name="Equals (18)" classname="spec_perl_TestTypeTernaryOpaque_t" time="0.000709056854248047" />
    <testcase name="Equals (19)" classname="spec_perl_TestTypeTernaryOpaque_t" time="9.70363616943359e-05" />
    <testcase name="Equals (20)" classname="spec_perl_TestTypeTernaryOpaque_t" time="4.29153442382812e-05" />
  </testsuite>
  <testsuite name="spec_perl_TestNavParentSwitch_t" errors="0" failures="0" skipped="0" tests="3" time="0.0442268848419189">
    <system-out>1..3
ok 1 - Equals
ok 2 - Equals
ok 3 - Equals
</system-out>
    <testcase name="Equals (21)" classname="spec_perl_TestNavParentSwitch_t" time="0.000308990478515625" />
    <testcase name="Equals (22)" classname="spec_perl_TestNavParentSwitch_t" time="8.70227813720703e-05" />
    <testcase name="Equals (23)" classname="spec_perl_TestNavParentSwitch_t" time="6.19888305664062e-05" />
  </testsuite>
  <testsuite name="spec_perl_TestIndexSizes_t" errors="0" failures="0" skipped="0" tests="7" time="0.0482418537139893">
    <system-out>1..7
ok 1 - Equals
ok 2 - Equals
ok 3 - Equals
ok 4 - Equals
ok 5 - Equals
ok 6 - Equals
ok 7 - Equals
</system-out>
    <testcase name="Equals (24)" classname="spec_perl_TestIndexSizes_t" time="0.000349044799804688" />
    <testcase name="Equals (25)" classname="spec_perl_TestIndexSizes_t" time="8.70227813720703e-05" />
    <testcase name="Equals (26)" classname="spec_perl_TestIndexSizes_t" time="5.79357147216797e-05" />
    <testcase name="Equals (27)" classname="spec_perl_TestIndexSizes_t" time="0.000143051147460938" />
    <testcase name="Equals (28)" classname="spec_perl_TestIndexSizes_t" time="0.000128984451293945" />
    <testcase name="Equals (29)" classname="spec_perl_TestIndexSizes_t" time="0.000140905380249023" />
    <testcase name="Equals (30)" classname="spec_perl_TestIndexSizes_t" time="0.00011897087097168" />
  </testsuite>
  <testsuite name="spec_perl_TestParamsPassArrayStr_t" errors="0" failures="1" skipped="6" tests="7" time="0.0533080101013184">
    <system-out>1..7
not ok 1 - test_params_pass_array_str died (Can't use an undefined value as an ARRAY reference at spec/perl/TestParamsPassArrayStr.t line 15.)
ok 2 # skip test_params_pass_array_str died
ok 3 # skip test_params_pass_array_str died
ok 4 # skip test_params_pass_array_str died
ok 5 # skip test_params_pass_array_str died
ok 6 # skip test_params_pass_array_str died
ok 7 # skip test_params_pass_array_str died
</system-out>
    <testcase name="test_params_pass_array_str died (Can't use an undefined value as an ARRAY reference at spec/perl/TestParamsPassArrayStr.t line 15.) (30)" classname="spec_perl_TestParamsPassArrayStr_t" time="0.000360012054443359">
      <failure message="not ok 1 - test_params_pass_array_str died (Can't use an undefined value as an ARRAY reference at spec/perl/TestParamsPassArrayStr.t line 15.)" type="TAP::Parser::Result::Test"></failure>
    </testcase>
    <testcase name="Unnamed test case 30" classname="spec_perl_TestParamsPassArrayStr_t" time="0.0017249584197998">
      <skipped message="ok 2 # skip test_params_pass_array_str died" />
    </testcase>
    <testcase name="Unnamed test case 31" classname="spec_perl_TestParamsPassArrayStr_t" time="0.000113010406494141">
      <skipped message="ok 3 # skip test_params_pass_array_str died" />
    </testcase>
    <testcase name="Unnamed test case 32" classname="spec_perl_TestParamsPassArrayStr_t" time="7.10487365722656e-05">
      <skipped message="ok 4 # skip test_params_pass_array_str died" />
    </testcase>
    <testcase name="Unnamed test case 33" classname="spec_perl_TestParamsPassArrayStr_t" time="8.48770141601562e-05">
      <skipped message="ok 5 # skip test_params_pass_array_str died" />
    </testcase>
    <testcase name="Unnamed test case 34" classname="spec_perl_TestParamsPassArrayStr_t" time="0.000147104263305664">
      <skipped message="ok 6 # skip test_params_pass_array_str died" />
    </testcase>
    <testcase name="Unnamed test case 35" classname="spec_perl_TestParamsPassArrayStr_t" time="0.000108957290649414">
      <skipped message="ok 7 # skip test_params_pass_array_str died" />
    </testcase>
  </testsuite>
  <testsuite name="spec_perl_TestRepeatUntilComplex_t" errors="0" failures="0" skipped="0" tests="17" time="0.0473270416259766">
    <system-out>1..17
ok 1 - Equals
ok 2 - Equals
ok 3 - Equals
ok 4 - Equals
ok 5 - Equals
ok 6 - Equals
ok 7 - Equals
ok 8 - Equals
ok 9 - Equals
ok 10 - Equals
ok 11 - Equals
ok 12 - Equals
ok 13 - Equals
ok 14 - Equals
ok 15 - Equals
ok 16 - Equals
ok 17 - Equals
</system-out>
    <testcase name="Equals (35)" classname="spec_perl_TestRepeatUntilComplex_t" time="0.0004119873046875" />
    <testcase name="Equals (36)" classname="spec_perl_TestRepeatUntilComplex_t" time="9.70363616943359e-05" />
    <testcase name="Equals (37)" classname="spec_perl_TestRepeatUntilComplex_t" time="8.0108642578125e-05" />
    <testcase name="Equals (38)" classname="spec_perl_TestRepeatUntilComplex_t" time="0.000164031982421875" />
    <testcase name="Equals (39)" classname="spec_perl_TestRepeatUntilComplex_t" time="0.000104904174804688" />
    <testcase name="Equals (40)" classname="spec_perl_TestRepeatUntilComplex_t" time="0.000181913375854492" />
    <testcase name="Equals (41)" classname="spec_perl_TestRepeatUntilComplex_t" time="7.31945037841797e-05" />
    <testcase name="Equals (42)" classname="spec_perl_TestRepeatUntilComplex_t" time="0.000149011611938477" />
    <testcase name="Equals (43)" classname="spec_perl_TestRepeatUntilComplex_t" time="0.000122785568237305" />
    <testcase name="Equals (44)" classname="spec_perl_TestRepeatUntilComplex_t" time="0.00015711784362793" />
    <testcase name="Equals (45)" classname="spec_perl_TestRepeatUntilComplex_t" time="0.000132083892822266" />
    <testcase name="Equals (46)" classname="spec_perl_TestRepeatUntilComplex_t" time="0.000123023986816406" />
    <testcase name="Equals (47)" classname="spec_perl_TestRepeatUntilComplex_t" time="0.000158786773681641" />
    <testcase name="Equals (48)" classname="spec_perl_TestRepeatUntilComplex_t" time="0.000120162963867188" />
    <testcase name="Equals (49)" classname="spec_perl_TestRepeatUntilComplex_t" time="0.000123977661132812" />
    <testcase name="Equals (50)" classname="spec_perl_TestRepeatUntilComplex_t" time="8.392333984375e-05" />
    <testcase name="Equals (51)" classname="spec_perl_TestRepeatUntilComplex_t" time="0.00014805793762207" />
  </testsuite>
  <testsuite name="spec_perl_TestNestedTypeParam_t" errors="0" failures="2" skipped="0" tests="2" time="0.0531258583068848">
    <system-out>1..2
not ok 1 - Equals
not ok 2 - Equals
</system-out>
    <testcase name="Equals (52)" classname="spec_perl_TestNestedTypeParam_t" time="0.00246691703796387">
      <failure message="not ok 1 - Equals" type="TAP::Parser::Result::Test"></failure>
    </testcase>
    <testcase name="Equals (53)" classname="spec_perl_TestNestedTypeParam_t" time="0.000105142593383789">
      <failure message="not ok 2 - Equals" type="TAP::Parser::Result::Test"></failure>
    </testcase>
  </testsuite>
  <testsuite name="spec_perl_TestProcessCustomNoArgs_t" errors="1" failures="0" skipped="0" tests="0" time="0.0463709831237793">
    <system-out></system-out>
    <testcase name="Test died too soon, even before plan. (53)" classname="spec_perl_TestProcessCustomNoArgs_t" time="0.0463709831237793">
      <failure message="The test suite died before a plan was produced. You need to have a plan." type="Plan">No plan</failure>
    </testcase>
  </testsuite>
  <testsuite name="spec_perl_TestNavParentFalse2_t" errors="0" failures="0" skipped="0" tests="1" time="0.0451939105987549">
    <system-out>1..1
ok 1 - Equals
</system-out>
    <testcase name="Equals (54)" classname="spec_perl_TestNavParentFalse2_t" time="0.000179052352905273" />
  </testsuite>
  <testsuite name="spec_perl_TestDebugEnumName_t" errors="1" failures="0" skipped="0" tests="0" time="0.0428237915039062">
    <system-out></system-out>
    <testcase name="Test died too soon, even before plan. (54)" classname="spec_perl_TestDebugEnumName_t" time="0.0428237915039062">
      <failure message="The test suite died before a plan was produced. You need to have a plan." type="Plan">No plan</failure>
    </testcase>
  </testsuite>
  <testsuite name="spec_perl_TestTypeTernary_t" errors="0" failures="0" skipped="0" tests="1" time="0.046727180480957">
    <system-out>1..1
ok 1 - Equals
</system-out>
    <testcase name="Equals (55)" classname="spec_perl_TestTypeTernary_t" time="0.000699996948242188" />
  </testsuite>
  <testsuite name="spec_perl_TestEnumLongRangeS_t" errors="0" failures="0" skipped="0" tests="7" time="0.0453040599822998">
    <system-out>1..7
ok 1 - Equals
ok 2 - Equals
ok 3 - Equals
ok 4 - Equals
ok 5 - Equals
ok 6 - Equals
ok 7 - Equals
</system-out>
    <testcase name="Equals (56)" classname="spec_perl_TestEnumLongRangeS_t" time="0.000286102294921875" />
    <testcase name="Equals (57)" classname="spec_perl_TestEnumLongRangeS_t" time="7.98702239990234e-05" />
    <testcase name="Equals (58)" classname="spec_perl_TestEnumLongRangeS_t" time="0.000119924545288086" />
    <testcase name="Equals (59)" classname="spec_perl_TestEnumLongRangeS_t" time="0.000146150588989258" />
    <testcase name="Equals (60)" classname="spec_perl_TestEnumLongRangeS_t" time="0.000108003616333008" />
    <testcase name="Equals (61)" classname="spec_perl_TestEnumLongRangeS_t" time="0.000140905380249023" />
    <testcase name="Equals (62)" classname="spec_perl_TestEnumLongRangeS_t" time="0.000113010406494141" />
  </testsuite>
  <testsuite name="spec_perl_TestNestedTypes_t" errors="0" failures="0" skipped="0" tests="3" time="0.0448999404907227">
    <system-out>1..3
ok 1 - Equals
ok 2 - Equals
ok 3 - Equals
</system-out>
    <testcase name="Equals (63)" classname="spec_perl_TestNestedTypes_t" time="0.000279903411865234" />
    <testcase name="Equals (64)" classname="spec_perl_TestNestedTypes_t" time="8.10623168945312e-05" />
    <testcase name="Equals (65)" classname="spec_perl_TestNestedTypes_t" time="0.000138998031616211" />
  </testsuite>
  <testsuite name="spec_perl_TestBcdUserTypeBe_t" errors="0" failures="0" skipped="0" tests="6" time="0.0465168952941895">
    <system-out>1..6
ok 1 - Equals
ok 2 - Equals
ok 3 - Equals
ok 4 - Equals
ok 5 - Equals
ok 6 - Equals
</system-out>
    <testcase name="Equals (66)" classname="spec_perl_TestBcdUserTypeBe_t" time="0.000695943832397461" />
    <testcase name="Equals (67)" classname="spec_perl_TestBcdUserTypeBe_t" time="0.000117063522338867" />
    <testcase name="Equals (68)" classname="spec_perl_TestBcdUserTypeBe_t" time="5.60283660888672e-05" />
    <testcase name="Equals (69)" classname="spec_perl_TestBcdUserTypeBe_t" time="0.000174045562744141" />
    <testcase name="Equals (70)" classname="spec_perl_TestBcdUserTypeBe_t" time="0.000151872634887695" />
    <testcase name="Equals (71)" classname="spec_perl_TestBcdUserTypeBe_t" time="0.000155925750732422" />
  </testsuite>
  <testsuite name="spec_perl_TestStrEncodings_t" errors="0" failures="0" skipped="0" tests="4" time="0.0685989856719971">
    <system-out>1..4
ok 1 - Equals
ok 2 - Equals
ok 3 - Equals
ok 4 - Equals
</system-out>
    <testcase name="Equals (72)" classname="spec_perl_TestStrEncodings_t" time="0.0200450420379639" />
    <testcase name="Equals (73)" classname="spec_perl_TestStrEncodings_t" time="0.000138998031616211" />
    <testcase name="Equals (74)" classname="spec_perl_TestStrEncodings_t" time="6.07967376708984e-05" />
    <testcase name="Equals (75)" classname="spec_perl_TestStrEncodings_t" time="0.000108003616333008" />
  </testsuite>
  <testsuite name="spec_perl_TestOpaqueExternalType_t" errors="0" failures="0" skipped="0" tests="3" time="0.0481338500976562">
    <system-out>1..3
ok 1 - Equals
ok 2 - Equals
ok 3 - Equals
</system-out>
    <testcase name="Equals (76)" classname="spec_perl_TestOpaqueExternalType_t" time="0.000307083129882812" />
    <testcase name="Equals (77)" classname="spec_perl_TestOpaqueExternalType_t" time="8.51154327392578e-05" />
    <testcase name="Equals (78)" classname="spec_perl_TestOpaqueExternalType_t" time="0.000128984451293945" />
  </testsuite>
  <testsuite name="spec_perl_TestValidNotParsedIf_t" errors="1" failures="0" skipped="0" tests="0" time="0.0513319969177246">
    <system-out></system-out>
    <testcase name="Test died too soon, even before plan. (78)" classname="spec_perl_TestValidNotParsedIf_t" time="0.0513319969177246">
      <failure message="The test suite died before a plan was produced. You need to have a plan." type="Plan">No plan</failure>
    </testcase>
  </testsuite>
  <testsuite name="spec_perl_TestExprSizeofValueSized_t" errors="0" failures="0" skipped="0" tests="5" time="0.0456581115722656">
    <system-out>1..5
ok 1 - Equals
ok 2 - Equals
ok 3 - Equals
ok 4 - Equals
ok 5 - Equals
</system-out>
    <testcase name="Equals (79)" classname="spec_perl_TestExprSizeofValueSized_t" time="0.00056910514831543" />
    <testcase name="Equals (80)" classname="spec_perl_TestExprSizeofValueSized_t" time="9.70363616943359e-05" />
    <testcase name="Equals (81)" classname="spec_perl_TestExprSizeofValueSized_t" time="5.88893890380859e-05" />
    <testcase name="Equals (82)" classname="spec_perl_TestExprSizeofValueSized_t" time="0.000141143798828125" />
    <testcase name="Equals (83)" classname="spec_perl_TestExprSizeofValueSized_t" time="0.000127792358398438" />
  </testsuite>
  <testsuite name="spec_perl_TestRepeatUntilSized_t" errors="0" failures="0" skipped="0" tests="7" time="0.0452539920806885">
    <system-out>1..7
ok 1 - Equals
ok 2 - Equals
ok 3 - Equals
ok 4 - Equals
ok 5 - Equals
ok 6 - Equals
ok 7 - Equals
</system-out>
    <testcase name="Equals (84)" classname="spec_perl_TestRepeatUntilSized_t" time="0.00061798095703125" />
    <testcase name="Equals (85)" classname="spec_perl_TestRepeatUntilSized_t" time="0.000105857849121094" />
    <testcase name="Equals (86)" classname="spec_perl_TestRepeatUntilSized_t" time="5.81741333007812e-05" />
    <testcase name="Equals (87)" classname="spec_perl_TestRepeatUntilSized_t" time="0.000103950500488281" />
    <testcase name="Equals (88)" classname="spec_perl_TestRepeatUntilSized_t" time="0.000139951705932617" />
    <testcase name="Equals (89)" classname="spec_perl_TestRepeatUntilSized_t" time="0.000164985656738281" />
    <testcase name="Equals (90)" classname="spec_perl_TestRepeatUntilSized_t" time="9.10758972167969e-05" />
  </testsuite>
  <testsuite name="spec_perl_TestSwitchManualIntElse_t" errors="0" failures="0" skipped="0" tests="9" time="0.0508899688720703">
    <system-out>1..9
ok 1 - Equals
ok 2 - Equals
ok 3 - Equals
ok 4 - Equals
ok 5 - Equals
ok 6 - Equals
ok 7 - Equals
ok 8 - Equals
ok 9 - Equals
</system-out>
    <testcase name="Equals (91)" classname="spec_perl_TestSwitchManualIntElse_t" time="0.000368118286132812" />
    <testcase name="Equals (92)" classname="spec_perl_TestSwitchManualIntElse_t" time="9.20295715332031e-05" />
    <testcase name="Equals (93)" classname="spec_perl_TestSwitchManualIntElse_t" time="5.79357147216797e-05" />
    <testcase name="Equals (94)" classname="spec_perl_TestSwitchManualIntElse_t" time="0.000154972076416016" />
    <testcase name="Equals (95)" classname="spec_perl_TestSwitchManualIntElse_t" time="0.000165939331054688" />
    <testcase name="Equals (96)" classname="spec_perl_TestSwitchManualIntElse_t" time="0.000636100769042969" />
    <testcase name="Equals (97)" classname="spec_perl_TestSwitchManualIntElse_t" time="5.88893890380859e-05" />
    <testcase name="Equals (98)" classname="spec_perl_TestSwitchManualIntElse_t" time="0.000133037567138672" />
    <testcase name="Equals (99)" classname="spec_perl_TestSwitchManualIntElse_t" time="0.000188112258911133" />
  </testsuite>
  <testsuite name="spec_perl_TestExprSizeofType0_t" errors="0" failures="0" skipped="0" tests="1" time="0.0520811080932617">
    <system-out>1..1
ok 1 - Equals
</system-out>
    <testcase name="Equals (100)" classname="spec_perl_TestExprSizeofType0_t" time="0.000261068344116211" />
  </testsuite>
  <testsuite name="spec_perl_TestIoLocalVar_t" errors="0" failures="0" skipped="0" tests="2" time="0.0445280075073242">
    <system-out>1..2
ok 1 - Equals
ok 2 - Equals
</system-out>
    <testcase name="Equals (101)" classname="spec_perl_TestIoLocalVar_t" time="0.000522851943969727" />
    <testcase name="Equals (102)" classname="spec_perl_TestIoLocalVar_t" time="0.000133991241455078" />
  </testsuite>
  <testsuite name="spec_perl_TestEnumIntRangeS_t" errors="0" failures="0" skipped="0" tests="3" time="0.0533440113067627">
    <system-out>1..3
ok 1 - Equals
ok 2 - Equals
ok 3 - Equals
</system-out>
    <testcase name="Equals (103)" classname="spec_perl_TestEnumIntRangeS_t" time="0.00018310546875" />
    <testcase name="Equals (104)" classname="spec_perl_TestEnumIntRangeS_t" time="7.29560852050781e-05" />
    <testcase name="Equals (105)" classname="spec_perl_TestEnumIntRangeS_t" time="0.000155925750732422" />
  </testsuite>
  <testsuite name="spec_perl_TestDebugSwitchUser_t" errors="1" failures="0" skipped="0" tests="0" time="0.0567488670349121">
    <system-out></system-out>
    <testcase name="Test died too soon, even before plan. (105)" classname="spec_perl_TestDebugSwitchUser_t" time="0.0567488670349121">
      <failure message="The test suite died before a plan was produced. You need to have a plan." type="Plan">No plan</failure>
    </testcase>
  </testsuite>
  <testsuite name="spec_perl_TestInstanceIoUser_t" errors="0" failures="0" skipped="0" tests="4" time="0.0751121044158936">
    <system-out>1..4
ok 1 - Equals
ok 2 - Equals
ok 3 - Equals
ok 4 - Equals
</system-out>
    <testcase name="Equals (106)" classname="spec_perl_TestInstanceIoUser_t" time="0.000686883926391602" />
    <testcase name="Equals (107)" classname="spec_perl_TestInstanceIoUser_t" time="0.000102996826171875" />
    <testcase name="Equals (108)" classname="spec_perl_TestInstanceIoUser_t" time="0.000174045562744141" />
    <testcase name="Equals (109)" classname="spec_perl_TestInstanceIoUser_t" time="0.000155925750732422" />
  </testsuite>
  <testsuite name="spec_perl_TestIntegers_t" errors="1" failures="0" skipped="0" tests="0" time="0.0455682277679443">
    <system-out></system-out>
    <testcase name="Test died too soon, even before plan. (109)" classname="spec_perl_TestIntegers_t" time="0.0455682277679443">
      <failure message="The test suite died before a plan was produced. You need to have a plan." type="Plan">No plan</failure>
    </testcase>
  </testsuite>
  <testsuite name="spec_perl_TestInstanceStdArray_t" errors="0" failures="0" skipped="0" tests="7" time="0.044929027557373">
    <system-out>1..7
ok 1 - Equals
ok 2 - Equals
ok 3 - Equals
ok 4 - Equals
ok 5 - Equals
ok 6 - Equals
ok 7 - Equals
</system-out>
    <testcase name="Equals (110)" classname="spec_perl_TestInstanceStdArray_t" time="0.000243902206420898" />
    <testcase name="Equals (111)" classname="spec_perl_TestInstanceStdArray_t" time="8.10623168945312e-05" />
    <testcase name="Equals (112)" classname="spec_perl_TestInstanceStdArray_t" time="0.00015711784362793" />
    <testcase name="Equals (113)" classname="spec_perl_TestInstanceStdArray_t" time="0.000138044357299805" />
    <testcase name="Equals (114)" classname="spec_perl_TestInstanceStdArray_t" time="0.000116825103759766" />
    <testcase name="Equals (115)" classname="spec_perl_TestInstanceStdArray_t" time="0.000153064727783203" />
    <testcase name="Equals (116)" classname="spec_perl_TestInstanceStdArray_t" time="0.000120878219604492" />
  </testsuite>
  <testsuite name="spec_perl_TestImportsAbsAbs_t" errors="0" failures="0" skipped="0" tests="3" time="0.0447568893432617">
    <system-out>1..3
ok 1 - Equals
ok 2 - Equals
ok 3 - Equals
</system-out>
    <testcase name="Equals (117)" classname="spec_perl_TestImportsAbsAbs_t" time="0.000283956527709961" />
    <testcase name="Equals (118)" classname="spec_perl_TestImportsAbsAbs_t" time="8.70227813720703e-05" />
    <testcase name="Equals (119)" classname="spec_perl_TestImportsAbsAbs_t" time="5.79357147216797e-05" />
  </testsuite>
  <testsuite name="spec_perl_TestRepeatNStrz_t" errors="0" failures="0" skipped="0" tests="2" time="0.0474889278411865">
    <system-out>1..2
ok 1 - Equals
ok 2 - Equals
</system-out>
    <testcase name="Equals (120)" classname="spec_perl_TestRepeatNStrz_t" time="0.000335931777954102" />
    <testcase name="Equals (121)" classname="spec_perl_TestRepeatNStrz_t" time="9.60826873779297e-05" />
  </testsuite>
  <testsuite name="spec_perl_TestValidShort_t" errors="1" failures="0" skipped="0" tests="0" time="0.0522520542144775">
    <system-out></system-out>
    <testcase name="Test died too soon, even before plan. (121)" classname="spec_perl_TestValidShort_t" time="0.0522520542144775">
      <failure message="The test suite died before a plan was produced. You need to have a plan." type="Plan">No plan</failure>
    </testcase>
  </testsuite>
  <testsuite name="spec_perl_TestParamsPassArrayUsertype_t" errors="0" failures="1" skipped="4" tests="5" time="0.048490047454834">
    <system-out>1..5
not ok 1 - test_params_pass_array_usertype died (Can't use an undefined value as an ARRAY reference at compiled/perl/ParamsPassArrayUsertype.pm line 123.)
ok 2 # skip test_params_pass_array_usertype died
ok 3 # skip test_params_pass_array_usertype died
ok 4 # skip test_params_pass_array_usertype died
ok 5 # skip test_params_pass_array_usertype died
</system-out>
    <testcase name="test_params_pass_array_usertype died (Can't use an undefined value as an ARRAY reference at compiled/perl/ParamsPassArrayUsertype.pm line 123.) (121)" classname="spec_perl_TestParamsPassArrayUsertype_t" time="0.000329971313476562">
      <failure message="not ok 1 - test_params_pass_array_usertype died (Can't use an undefined value as an ARRAY reference at compiled/perl/ParamsPassArrayUsertype.pm line 123.)" type="TAP::Parser::Result::Test"></failure>
    </testcase>
    <testcase name="Unnamed test case 121" classname="spec_perl_TestParamsPassArrayUsertype_t" time="0.00238204002380371">
      <skipped message="ok 2 # skip test_params_pass_array_usertype died" />
    </testcase>
    <testcase name="Unnamed test case 122" classname="spec_perl_TestParamsPassArrayUsertype_t" time="9.70363616943359e-05">
      <skipped message="ok 3 # skip test_params_pass_array_usertype died" />
    </testcase>
    <testcase name="Unnamed test case 123" classname="spec_perl_TestParamsPassArrayUsertype_t" time="6.38961791992188e-05">
      <skipped message="ok 4 # skip test_params_pass_array_usertype died" />
    </testcase>
    <testcase name="Unnamed test case 124" classname="spec_perl_TestParamsPassArrayUsertype_t" time="9.60826873779297e-05">
      <skipped message="ok 5 # skip test_params_pass_array_usertype died" />
    </testcase>
  </testsuite>
  <testsuite name="spec_perl_TestIndexToParamUntil_t" errors="0" failures="2" skipped="0" tests="7" time="0.0686280727386475">
    <system-out>1..7
ok 1 - Equals
ok 2 - Equals
ok 3 - Equals
ok 4 - Equals
ok 5 - Equals
not ok 6 - Equals
not ok 7 - Equals
</system-out>
    <testcase name="Equals (124)" classname="spec_perl_TestIndexToParamUntil_t" time="0.000454187393188477" />
    <testcase name="Equals (125)" classname="spec_perl_TestIndexToParamUntil_t" time="0.000364780426025391" />
    <testcase name="Equals (126)" classname="spec_perl_TestIndexToParamUntil_t" time="0.000284194946289062" />
    <testcase name="Equals (127)" classname="spec_perl_TestIndexToParamUntil_t" time="0.000262022018432617" />
    <testcase name="Equals (128)" classname="spec_perl_TestIndexToParamUntil_t" time="0.000272989273071289" />
    <testcase name="Equals (129)" classname="spec_perl_TestIndexToParamUntil_t" time="0.000362873077392578">
      <failure message="not ok 6 - Equals" type="TAP::Parser::Result::Test"></failure>
    </testcase>
    <testcase name="Equals (130)" classname="spec_perl_TestIndexToParamUntil_t" time="0.00086212158203125">
      <failure message="not ok 7 - Equals" type="TAP::Parser::Result::Test"></failure>
    </testcase>
  </testsuite>
  <testsuite name="spec_perl_TestEofExceptionU4_t" errors="0" failures="0" skipped="0" tests="1" time="0.044978141784668">
    <system-out>1..1
ok 1 - Died
</system-out>
    <testcase name="Died (130)" classname="spec_perl_TestEofExceptionU4_t" time="0.000171184539794922" />
  </testsuite>
  <testsuite name="spec_perl_TestEnumDeep_t" errors="0" failures="0" skipped="0" tests="2" time="0.0445220470428467">
    <system-out>1..2
ok 1 - Equals
ok 2 - Equals
</system-out>
    <testcase name="Equals (131)" classname="spec_perl_TestEnumDeep_t" time="0.000304937362670898" />
    <testcase name="Equals (132)" classname="spec_perl_TestEnumDeep_t" time="8.70227813720703e-05" />
  </testsuite>
  <testsuite name="spec_perl_TestRepeatUntilS4_t" errors="0" failures="0" skipped="0" tests="2" time="0.0479810237884521">
    <system-out>1..2
ok 1 - Equals
ok 2 - Equals
</system-out>
    <testcase name="Equals (133)" classname="spec_perl_TestRepeatUntilS4_t" time="0.000324010848999023" />
    <testcase name="Equals (134)" classname="spec_perl_TestRepeatUntilS4_t" time="8.70227813720703e-05" />
  </testsuite>
  <testsuite name="spec_perl_TestProcessXor4Const_t" errors="0" failures="0" skipped="0" tests="2" time="0.0438549518585205">
    <system-out>1..2
ok 1 - Equals
ok 2 - Equals
</system-out>
    <testcase name="Equals (135)" classname="spec_perl_TestProcessXor4Const_t" time="0.000234842300415039" />
    <testcase name="Equals (136)" classname="spec_perl_TestProcessXor4Const_t" time="7.79628753662109e-05" />
  </testsuite>
  <testsuite name="spec_perl_TestBufferedStruct_t" errors="0" failures="0" skipped="0" tests="7" time="0.0456669330596924">
    <system-out>1..7
ok 1 - Equals
ok 2 - Equals
ok 3 - Equals
ok 4 - Equals
ok 5 - Equals
ok 6 - Equals
ok 7 - Equals
</system-out>
    <testcase name="Equals (137)" classname="spec_perl_TestBufferedStruct_t" time="0.000638961791992188" />
    <testcase name="Equals (138)" classname="spec_perl_TestBufferedStruct_t" time="0.000106096267700195" />
    <testcase name="Equals (139)" classname="spec_perl_TestBufferedStruct_t" time="7.20024108886719e-05" />
    <testcase name="Equals (140)" classname="spec_perl_TestBufferedStruct_t" time="5.50746917724609e-05" />
    <testcase name="Equals (141)" classname="spec_perl_TestBufferedStruct_t" time="0.000175952911376953" />
    <testcase name="Equals (142)" classname="spec_perl_TestBufferedStruct_t" time="7.89165496826172e-05" />
    <testcase name="Equals (143)" classname="spec_perl_TestBufferedStruct_t" time="0.000152111053466797" />
  </testsuite>
  <testsuite name="spec_perl_TestSwitchManualEnumInvalid_t" errors="0" failures="0" skipped="0" tests="5" time="0.0479960441589355">
    <system-out>1..5
ok 1 - Equals
ok 2 - Equals
ok 3 - nil
ok 4 - Equals
ok 5 - nil
</system-out>
    <testcase name="Equals (144)" classname="spec_perl_TestSwitchManualEnumInvalid_t" time="0.000335931777954102" />
    <testcase name="Equals (145)" classname="spec_perl_TestSwitchManualEnumInvalid_t" time="9.01222229003906e-05" />
    <testcase name="nil (145)" classname="spec_perl_TestSwitchManualEnumInvalid_t" time="4.69684600830078e-05" />
    <testcase name="Equals (146)" classname="spec_perl_TestSwitchManualEnumInvalid_t" time="5.60283660888672e-05" />
    <testcase name="nil (146)" classname="spec_perl_TestSwitchManualEnumInvalid_t" time="7.08103179931641e-05" />
  </testsuite>
  <testsuite name="spec_perl_TestDefaultEndianExprIsLe_t" errors="0" failures="0" skipped="0" tests="12" time="0.0460519790649414">
    <system-out>1..12
ok 1 - Equals
ok 2 - Equals
ok 3 - Equals
ok 4 - Equals
ok 5 - Equals
ok 6 - Equals
ok 7 - Equals
ok 8 - Equals
ok 9 - Equals
ok 10 - Equals
ok 11 - Equals
ok 12 - Equals
</system-out>
    <testcase name="Equals (147)" classname="spec_perl_TestDefaultEndianExprIsLe_t" time="0.000308036804199219" />
    <testcase name="Equals (148)" classname="spec_perl_TestDefaultEndianExprIsLe_t" time="7.89165496826172e-05" />
    <testcase name="Equals (149)" classname="spec_perl_TestDefaultEndianExprIsLe_t" time="0.000123977661132812" />
    <testcase name="Equals (150)" classname="spec_perl_TestDefaultEndianExprIsLe_t" time="0.000167131423950195" />
    <testcase name="Equals (151)" classname="spec_perl_TestDefaultEndianExprIsLe_t" time="0.00011897087097168" />
    <testcase name="Equals (152)" classname="spec_perl_TestDefaultEndianExprIsLe_t" time="0.000138044357299805" />
    <testcase name="Equals (153)" classname="spec_perl_TestDefaultEndianExprIsLe_t" time="0.000120878219604492" />
    <testcase name="Equals (154)" classname="spec_perl_TestDefaultEndianExprIsLe_t" time="0.000133037567138672" />
    <testcase name="Equals (155)" classname="spec_perl_TestDefaultEndianExprIsLe_t" time="0.000115871429443359" />
    <testcase name="Equals (156)" classname="spec_perl_TestDefaultEndianExprIsLe_t" time="0.000150203704833984" />
    <testcase name="Equals (157)" classname="spec_perl_TestDefaultEndianExprIsLe_t" time="0.00010991096496582" />
    <testcase name="Equals (158)" classname="spec_perl_TestDefaultEndianExprIsLe_t" time="0.000142097473144531" />
  </testsuite>
  <testsuite name="spec_perl_TestMetaXref_t" errors="0" failures="0" skipped="1" tests="1" time="0.0454931259155273">
    <system-out>1..1
ok 1 # skip MetaXref=HASH(0x278c250)
</system-out>
    <testcase name="Unnamed test case 158" classname="spec_perl_TestMetaXref_t" time="0.00146698951721191">
      <skipped message="ok 1 # skip MetaXref=HASH(0x278c250)" />
    </testcase>
  </testsuite>
  <testsuite name="spec_perl_TestEnumIf_t" errors="0" failures="0" skipped="0" tests="7" time="0.049468994140625">
    <system-out>1..7
ok 1 - Equals
ok 2 - Equals
ok 3 - Equals
ok 4 - Equals
ok 5 - Equals
ok 6 - Equals
ok 7 - Equals
</system-out>
    <testcase name="Equals (159)" classname="spec_perl_TestEnumIf_t" time="0.000446081161499023" />
    <testcase name="Equals (160)" classname="spec_perl_TestEnumIf_t" time="0.000107765197753906" />
    <testcase name="Equals (161)" classname="spec_perl_TestEnumIf_t" time="6.31809234619141e-05" />
    <testcase name="Equals (162)" classname="spec_perl_TestEnumIf_t" time="8.392333984375e-05" />
    <testcase name="Equals (163)" classname="spec_perl_TestEnumIf_t" time="0.000155925750732422" />
    <testcase name="Equals (164)" classname="spec_perl_TestEnumIf_t" time="0.000118017196655273" />
    <testcase name="Equals (165)" classname="spec_perl_TestEnumIf_t" time="0.000141143798828125" />
  </testsuite>
  <testsuite name="spec_perl_TestProcessCoerceUsertype1_t" errors="0" failures="0" skipped="0" tests="4" time="0.0469779968261719">
    <system-out>1..4
ok 1 - Equals
ok 2 - Equals
ok 3 - Equals
ok 4 - Equals
</system-out>
    <testcase name="Equals (166)" classname="spec_perl_TestProcessCoerceUsertype1_t" time="0.000644922256469727" />
    <testcase name="Equals (167)" classname="spec_perl_TestProcessCoerceUsertype1_t" time="0.000107049942016602" />
    <testcase name="Equals (168)" classname="spec_perl_TestProcessCoerceUsertype1_t" time="5.98430633544922e-05" />
    <testcase name="Equals (169)" classname="spec_perl_TestProcessCoerceUsertype1_t" time="0.000124216079711914" />
  </testsuite>
  <testsuite name="spec_perl_TestValidSwitch_t" errors="1" failures="0" skipped="0" tests="0" time="0.0441529750823975">
    <system-out></system-out>
    <testcase name="Test died too soon, even before plan. (169)" classname="spec_perl_TestValidSwitch_t" time="0.0441529750823975">
      <failure message="The test suite died before a plan was produced. You need to have a plan." type="Plan">No plan</failure>
    </testcase>
  </testsuite>
  <testsuite name="spec_perl_TestTermStrz_t" errors="0" failures="0" skipped="0" tests="3" time="0.0488271713256836">
    <system-out>1..3
ok 1 - Equals
ok 2 - Equals
ok 3 - Equals
</system-out>
    <testcase name="Equals (170)" classname="spec_perl_TestTermStrz_t" time="0.000406026840209961" />
    <testcase name="Equals (171)" classname="spec_perl_TestTermStrz_t" time="9.60826873779297e-05" />
    <testcase name="Equals (172)" classname="spec_perl_TestTermStrz_t" time="5.79357147216797e-05" />
  </testsuite>
  <testsuite name="spec_perl_TestNonStandard_t" errors="0" failures="0" skipped="0" tests="1" time="0.0444290637969971">
    <system-out>1..1
ok 1 - Equals
</system-out>
    <testcase name="Equals (173)" classname="spec_perl_TestNonStandard_t" time="0.000261068344116211" />
  </testsuite>
  <testsuite name="spec_perl_TestIfValues_t" errors="0" failures="0" skipped="0" tests="6" time="0.0467040538787842">
    <system-out>1..6
ok 1 - Equals
ok 2 - Equals
ok 3 - Equals
ok 4 - nil
ok 5 - Equals
ok 6 - nil
</system-out>
    <testcase name="Equals (174)" classname="spec_perl_TestIfValues_t" time="0.00026392936706543" />
    <testcase name="Equals (175)" classname="spec_perl_TestIfValues_t" time="8.0108642578125e-05" />
    <testcase name="Equals (176)" classname="spec_perl_TestIfValues_t" time="0.000142097473144531" />
    <testcase name="nil (176)" classname="spec_perl_TestIfValues_t" time="0.000102996826171875" />
    <testcase name="Equals (177)" classname="spec_perl_TestIfValues_t" time="0.000101804733276367" />
    <testcase name="nil (177)" classname="spec_perl_TestIfValues_t" time="5.60283660888672e-05" />
  </testsuite>
  <testsuite name="spec_perl_TestEnumInvalid_t" errors="0" failures="0" skipped="0" tests="2" time="0.0454330444335938">
    <system-out>1..2
ok 1 - Equals
ok 2 - Equals
</system-out>
    <testcase name="Equals (178)" classname="spec_perl_TestEnumInvalid_t" time="0.000244855880737305" />
    <testcase name="Equals (179)" classname="spec_perl_TestEnumInvalid_t" time="8.51154327392578e-05" />
  </testsuite>
  <testsuite name="spec_perl_TestNestedTypes2_t" errors="0" failures="0" skipped="0" tests="7" time="0.0456559658050537">
    <system-out>1..7
ok 1 - Equals
ok 2 - Equals
ok 3 - Equals
ok 4 - Equals
ok 5 - Equals
ok 6 - Equals
ok 7 - Equals
</system-out>
    <testcase name="Equals (180)" classname="spec_perl_TestNestedTypes2_t" time="0.000344991683959961" />
    <testcase name="Equals (181)" classname="spec_perl_TestNestedTypes2_t" time="9.918212890625e-05" />
    <testcase name="Equals (182)" classname="spec_perl_TestNestedTypes2_t" time="5.88893890380859e-05" />
    <testcase name="Equals (183)" classname="spec_perl_TestNestedTypes2_t" time="0.000155925750732422" />
    <testcase name="Equals (184)" classname="spec_perl_TestNestedTypes2_t" time="0.000123977661132812" />
    <testcase name="Equals (185)" classname="spec_perl_TestNestedTypes2_t" time="0.000142097473144531" />
    <testcase name="Equals (186)" classname="spec_perl_TestNestedTypes2_t" time="0.000114917755126953" />
  </testsuite>
  <testsuite name="spec_perl_TestBitsSimpleLe_t" errors="0" failures="0" skipped="0" tests="14" time="0.0460150241851807">
    <system-out>1..14
ok 1 - Equals
ok 2 - Equals
ok 3 - Equals
ok 4 - Equals
ok 5 - Equals
ok 6 - Equals
ok 7 - Equals
ok 8 - Equals
ok 9 - Equals
ok 10 - Equals
ok 11 - Equals
ok 12 - Equals
ok 13 - Equals
ok 14 - Equals
</system-out>
    <testcase name="Equals (187)" classname="spec_perl_TestBitsSimpleLe_t" time="0.000320911407470703" />
    <testcase name="Equals (188)" classname="spec_perl_TestBitsSimpleLe_t" time="8.51154327392578e-05" />
    <testcase name="Equals (189)" classname="spec_perl_TestBitsSimpleLe_t" time="7.98702239990234e-05" />
    <testcase name="Equals (190)" classname="spec_perl_TestBitsSimpleLe_t" time="0.000178098678588867" />
    <testcase name="Equals (191)" classname="spec_perl_TestBitsSimpleLe_t" time="8.392333984375e-05" />
    <testcase name="Equals (192)" classname="spec_perl_TestBitsSimpleLe_t" time="0.000147104263305664" />
    <testcase name="Equals (193)" classname="spec_perl_TestBitsSimpleLe_t" time="0.000111818313598633" />
    <testcase name="Equals (194)" classname="spec_perl_TestBitsSimpleLe_t" time="0.000141143798828125" />
    <testcase name="Equals (195)" classname="spec_perl_TestBitsSimpleLe_t" time="0.000123977661132812" />
    <testcase name="Equals (196)" classname="spec_perl_TestBitsSimpleLe_t" time="0.00014805793762207" />
    <testcase name="Equals (197)" classname="spec_perl_TestBitsSimpleLe_t" time="0.000113010406494141" />
    <testcase name="Equals (198)" classname="spec_perl_TestBitsSimpleLe_t" time="0.000146865844726562" />
    <testcase name="Equals (199)" classname="spec_perl_TestBitsSimpleLe_t" time="0.000113010406494141" />
    <testcase name="Equals (200)" classname="spec_perl_TestBitsSimpleLe_t" time="0.000181913375854492" />
  </testsuite>
  <testsuite name="spec_perl_TestSwitchManualStrElse_t" errors="0" failures="0" skipped="0" tests="9" time="0.0490779876708984">
    <system-out>1..9
ok 1 - Equals
ok 2 - Equals
ok 3 - Equals
ok 4 - Equals
ok 5 - Equals
ok 6 - Equals
ok 7 - Equals
ok 8 - Equals
ok 9 - Equals
</system-out>
    <testcase name="Equals (201)" classname="spec_perl_TestSwitchManualStrElse_t" time="0.000383138656616211" />
    <testcase name="Equals (202)" classname="spec_perl_TestSwitchManualStrElse_t" time="9.10758972167969e-05" />
    <testcase name="Equals (203)" classname="spec_perl_TestSwitchManualStrElse_t" time="7.67707824707031e-05" />
    <testcase name="Equals (204)" classname="spec_perl_TestSwitchManualStrElse_t" time="0.000153064727783203" />
    <testcase name="Equals (205)" classname="spec_perl_TestSwitchManualStrElse_t" time="0.000124931335449219" />
    <testcase name="Equals (206)" classname="spec_perl_TestSwitchManualStrElse_t" time="0.000136137008666992" />
    <testcase name="Equals (207)" classname="spec_perl_TestSwitchManualStrElse_t" time="0.000123977661132812" />
    <testcase name="Equals (208)" classname="spec_perl_TestSwitchManualStrElse_t" time="0.000159978866577148" />
    <testcase name="Equals (209)" classname="spec_perl_TestSwitchManualStrElse_t" time="0.000123977661132812" />
  </testsuite>
  <testsuite name="spec_perl_TestStrLiterals2_t" errors="0" failures="0" skipped="0" tests="4" time="0.0442168712615967">
    <system-out>1..4
ok 1 - Equals
ok 2 - Equals
ok 3 - Equals
ok 4 - Equals
</system-out>
    <testcase name="Equals (210)" classname="spec_perl_TestStrLiterals2_t" time="0.000270843505859375" />
    <testcase name="Equals (211)" classname="spec_perl_TestStrLiterals2_t" time="0.000111103057861328" />
    <testcase name="Equals (212)" classname="spec_perl_TestStrLiterals2_t" time="0.000134944915771484" />
    <testcase name="Equals (213)" classname="spec_perl_TestStrLiterals2_t" time="0.000153064727783203" />
  </testsuite>
  <testsuite name="spec_perl_TestPositionAbs_t" errors="0" failures="0" skipped="0" tests="2" time="0.0473840236663818">
    <system-out>1..2
ok 1 - Equals
ok 2 - Equals
</system-out>
    <testcase name="Equals (214)" classname="spec_perl_TestPositionAbs_t" time="0.000252962112426758" />
    <testcase name="Equals (215)" classname="spec_perl_TestPositionAbs_t" time="0.000198125839233398" />
  </testsuite>
  <testsuite name="spec_perl_TestSwitchElseOnly_t" errors="1" failures="0" skipped="0" tests="0" time="0.0447781085968018">
    <system-out></system-out>
    <testcase name="Test died too soon, even before plan. (215)" classname="spec_perl_TestSwitchElseOnly_t" time="0.0447781085968018">
      <failure message="The test suite died before a plan was produced. You need to have a plan." type="Plan">No plan</failure>
    </testcase>
  </testsuite>
  <testsuite name="spec_perl_TestEnumToI_t" errors="0" failures="0" skipped="0" tests="5" time="0.0452671051025391">
    <system-out>1..5
ok 1 - Equals
ok 2 - Equals
ok 3 - Equals
ok 4 - Equals
ok 5 - Equals
</system-out>
    <testcase name="Equals (216)" classname="spec_perl_TestEnumToI_t" time="0.000268936157226562" />
    <testcase name="Equals (217)" classname="spec_perl_TestEnumToI_t" time="9.89437103271484e-05" />
    <testcase name="Equals (218)" classname="spec_perl_TestEnumToI_t" time="0.000133991241455078" />
    <testcase name="Equals (219)" classname="spec_perl_TestEnumToI_t" time="0.000132083892822266" />
    <testcase name="Equals (220)" classname="spec_perl_TestEnumToI_t" time="0.000137090682983398" />
  </testsuite>
  <testsuite name="spec_perl_TestZlibSurrounded_t" errors="0" failures="0" skipped="0" tests="1" time="0.0657169818878174">
    <system-out>1..1
ok 1 - Equals
</system-out>
    <testcase name="Equals (221)" classname="spec_perl_TestZlibSurrounded_t" time="0.000671863555908203" />
  </testsuite>
  <testsuite name="spec_perl_TestEnumToIClassBorder1_t" errors="0" failures="1" skipped="0" tests="3" time="0.0460801124572754">
    <system-out>1..3
ok 1 - Equals
ok 2 - Equals
not ok 3 - test_enum_to_i_class_border_1 died (Can't call method &quot;some_dog&quot; on an undefined value at compiled/perl/EnumToIClassBorder2.pm line 42.)
</system-out>
    <testcase name="Equals (222)" classname="spec_perl_TestEnumToIClassBorder1_t" time="0.000221967697143555" />
    <testcase name="Equals (223)" classname="spec_perl_TestEnumToIClassBorder1_t" time="0.000115156173706055" />
    <testcase name="test_enum_to_i_class_border_1 died (Can't call method &quot;some_dog&quot; on an undefined value at compiled/perl/EnumToIClassBorder2.pm line 42.) (223)" classname="spec_perl_TestEnumToIClassBorder1_t" time="0.000298976898193359">
      <failure message="not ok 3 - test_enum_to_i_class_border_1 died (Can't call method &quot;some_dog&quot; on an undefined value at compiled/perl/EnumToIClassBorder2.pm line 42.)" type="TAP::Parser::Result::Test"></failure>
    </testcase>
  </testsuite>
  <testsuite name="spec_perl_TestYamlInts_t" errors="0" failures="0" skipped="0" tests="4" time="0.0550141334533691">
    <system-out>1..4
ok 1 - Equals
ok 2 - Equals
ok 3 - Equals
ok 4 - Equals
</system-out>
    <testcase name="Equals (224)" classname="spec_perl_TestYamlInts_t" time="0.000653982162475586" />
    <testcase name="Equals (225)" classname="spec_perl_TestYamlInts_t" time="0.000131130218505859" />
    <testcase name="Equals (226)" classname="spec_perl_TestYamlInts_t" time="7.29560852050781e-05" />
    <testcase name="Equals (227)" classname="spec_perl_TestYamlInts_t" time="0.000159025192260742" />
  </testsuite>
  <testsuite name="spec_perl_TestNavRoot_t" errors="0" failures="0" skipped="0" tests="5" time="0.0475800037384033">
    <system-out>1..5
ok 1 - Equals
ok 2 - Equals
ok 3 - Equals
ok 4 - Equals
ok 5 - Equals
</system-out>
    <testcase name="Equals (228)" classname="spec_perl_TestNavRoot_t" time="0.000387907028198242" />
    <testcase name="Equals (229)" classname="spec_perl_TestNavRoot_t" time="9.89437103271484e-05" />
    <testcase name="Equals (230)" classname="spec_perl_TestNavRoot_t" time="5.81741333007812e-05" />
    <testcase name="Equals (231)" classname="spec_perl_TestNavRoot_t" time="0.000156879425048828" />
    <testcase name="Equals (232)" classname="spec_perl_TestNavRoot_t" time="0.000104904174804688" />
  </testsuite>
  <testsuite name="spec_perl_TestBitsSimple_t" errors="0" failures="0" skipped="0" tests="14" time="0.0464181900024414">
    <system-out>1..14
ok 1 - Equals
ok 2 - Equals
ok 3 - Equals
ok 4 - Equals
ok 5 - Equals
ok 6 - Equals
ok 7 - Equals
ok 8 - Equals
ok 9 - Equals
ok 10 - Equals
ok 11 - Equals
ok 12 - Equals
ok 13 - Equals
ok 14 - Equals
</system-out>
    <testcase name="Equals (233)" classname="spec_perl_TestBitsSimple_t" time="0.000322103500366211" />
    <testcase name="Equals (234)" classname="spec_perl_TestBitsSimple_t" time="8.48770141601562e-05" />
    <testcase name="Equals (235)" classname="spec_perl_TestBitsSimple_t" time="8.51154327392578e-05" />
    <testcase name="Equals (236)" classname="spec_perl_TestBitsSimple_t" time="0.000169038772583008" />
    <testcase name="Equals (237)" classname="spec_perl_TestBitsSimple_t" time="0.000123977661132812" />
    <testcase name="Equals (238)" classname="spec_perl_TestBitsSimple_t" time="0.000134944915771484" />
    <testcase name="Equals (239)" classname="spec_perl_TestBitsSimple_t" time="0.000127077102661133" />
    <testcase name="Equals (240)" classname="spec_perl_TestBitsSimple_t" time="0.00011897087097168" />
    <testcase name="Equals (241)" classname="spec_perl_TestBitsSimple_t" time="0.000121831893920898" />
    <testcase name="Equals (242)" classname="spec_perl_TestBitsSimple_t" time="0.000127077102661133" />
    <testcase name="Equals (243)" classname="spec_perl_TestBitsSimple_t" time="0.000119924545288086" />
    <testcase name="Equals (244)" classname="spec_perl_TestBitsSimple_t" time="0.000154972076416016" />
    <testcase name="Equals (245)" classname="spec_perl_TestBitsSimple_t" time="0.000113010406494141" />
    <testcase name="Equals (246)" classname="spec_perl_TestBitsSimple_t" time="0.000149011611938477" />
  </testsuite>
  <testsuite name="spec_perl_TestProcessCoerceUsertype2_t" errors="0" failures="0" skipped="0" tests="4" time="0.0460820198059082">
    <system-out>1..4
ok 1 - Equals
ok 2 - Equals
ok 3 - Equals
ok 4 - Equals
</system-out>
    <testcase name="Equals (247)" classname="spec_perl_TestProcessCoerceUsertype2_t" time="0.000655889511108398" />
    <testcase name="Equals (248)" classname="spec_perl_TestProcessCoerceUsertype2_t" time="0.000152111053466797" />
    <testcase name="Equals (249)" classname="spec_perl_TestProcessCoerceUsertype2_t" time="6.69956207275391e-05" />
    <testcase name="Equals (250)" classname="spec_perl_TestProcessCoerceUsertype2_t" time="5.19752502441406e-05" />
  </testsuite>
  <testsuite name="spec_perl_TestImports0_t" errors="0" failures="0" skipped="0" tests="3" time="0.0444271564483643">
    <system-out>1..3
ok 1 - Equals
ok 2 - Equals
ok 3 - Equals
</system-out>
    <testcase name="Equals (251)" classname="spec_perl_TestImports0_t" time="0.000226020812988281" />
    <testcase name="Equals (252)" classname="spec_perl_TestImports0_t" time="7.98702239990234e-05" />
    <testcase name="Equals (253)" classname="spec_perl_TestImports0_t" time="0.000147104263305664" />
  </testsuite>
  <testsuite name="spec_perl_TestDefaultBigEndian_t" errors="0" failures="0" skipped="0" tests="1" time="0.0498049259185791">
    <system-out>1..1
ok 1 - Equals
</system-out>
    <testcase name="Equals (254)" classname="spec_perl_TestDefaultBigEndian_t" time="0.000256776809692383" />
  </testsuite>
  <testsuite name="spec_perl_TestDefaultEndianExprIsBe_t" errors="0" failures="0" skipped="0" tests="18" time="0.046821117401123">
    <system-out>1..18
ok 1 - Equals
ok 2 - Equals
ok 3 - Equals
ok 4 - Equals
ok 5 - Equals
ok 6 - Equals
ok 7 - Equals
ok 8 - Equals
ok 9 - Equals
ok 10 - Equals
ok 11 - Equals
ok 12 - Equals
ok 13 - Equals
ok 14 - Equals
ok 15 - Equals
ok 16 - Equals
ok 17 - Equals
ok 18 - Equals
</system-out>
    <testcase name="Equals (255)" classname="spec_perl_TestDefaultEndianExprIsBe_t" time="0.000332832336425781" />
    <testcase name="Equals (256)" classname="spec_perl_TestDefaultEndianExprIsBe_t" time="8.60691070556641e-05" />
    <testcase name="Equals (257)" classname="spec_perl_TestDefaultEndianExprIsBe_t" time="5.69820404052734e-05" />
    <testcase name="Equals (258)" classname="spec_perl_TestDefaultEndianExprIsBe_t" time="0.00015711784362793" />
    <testcase name="Equals (259)" classname="spec_perl_TestDefaultEndianExprIsBe_t" time="0.000185966491699219" />
    <testcase name="Equals (260)" classname="spec_perl_TestDefaultEndianExprIsBe_t" time="0.000121831893920898" />
    <testcase name="Equals (261)" classname="spec_perl_TestDefaultEndianExprIsBe_t" time="0.000145196914672852" />
    <testcase name="Equals (262)" classname="spec_perl_TestDefaultEndianExprIsBe_t" time="0.000123977661132812" />
    <testcase name="Equals (263)" classname="spec_perl_TestDefaultEndianExprIsBe_t" time="0.000130891799926758" />
    <testcase name="Equals (264)" classname="spec_perl_TestDefaultEndianExprIsBe_t" time="0.000116109848022461" />
    <testcase name="Equals (265)" classname="spec_perl_TestDefaultEndianExprIsBe_t" time="0.000160932540893555" />
    <testcase name="Equals (266)" classname="spec_perl_TestDefaultEndianExprIsBe_t" time="0.000169992446899414" />
    <testcase name="Equals (267)" classname="spec_perl_TestDefaultEndianExprIsBe_t" time="0.000117063522338867" />
    <testcase name="Equals (268)" classname="spec_perl_TestDefaultEndianExprIsBe_t" time="0.000144004821777344" />
    <testcase name="Equals (269)" classname="spec_perl_TestDefaultEndianExprIsBe_t" time="0.000116825103759766" />
    <testcase name="Equals (270)" classname="spec_perl_TestDefaultEndianExprIsBe_t" time="0.000140190124511719" />
    <testcase name="Equals (271)" classname="spec_perl_TestDefaultEndianExprIsBe_t" time="0.00014495849609375" />
    <testcase name="Equals (272)" classname="spec_perl_TestDefaultEndianExprIsBe_t" time="0.000185966491699219" />
  </testsuite>
  <testsuite name="spec_perl_TestRepeatEosU4_t" errors="0" failures="0" skipped="0" tests="1" time="0.0471160411834717">
    <system-out>1..1
ok 1 - Equals
</system-out>
    <testcase name="Equals (273)" classname="spec_perl_TestRepeatEosU4_t" time="0.000262022018432617" />
  </testsuite>
  <testsuite name="spec_perl_TestDocstringsDocrefMulti_t" errors="0" failures="0" skipped="1" tests="1" time="0.0451700687408447">
    <system-out>1..1
ok 1 # skip DocstringsDocrefMulti=HASH(0x2a5d270)
</system-out>
    <testcase name="Unnamed test case 273" classname="spec_perl_TestDocstringsDocrefMulti_t" time="0.00126099586486816">
      <skipped message="ok 1 # skip DocstringsDocrefMulti=HASH(0x2a5d270)" />
    </testcase>
  </testsuite>
  <testsuite name="spec_perl_TestExprArray_t" errors="0" failures="1" skipped="0" tests="15" time="0.0583720207214355">
    <system-out>1..15
ok 1 - Equals
ok 2 - Equals
ok 3 - Equals
ok 4 - Equals
ok 5 - Equals
ok 6 - Equals
ok 7 - Equals
ok 8 - Equals
not ok 9 - Equals
ok 10 - Equals
ok 11 - Equals
ok 12 - Equals
ok 13 - Equals
ok 14 - Equals
ok 15 - Equals
</system-out>
    <testcase name="Equals (274)" classname="spec_perl_TestExprArray_t" time="0.000382900238037109" />
    <testcase name="Equals (275)" classname="spec_perl_TestExprArray_t" time="8.91685485839844e-05" />
    <testcase name="Equals (276)" classname="spec_perl_TestExprArray_t" time="0.000108957290649414" />
    <testcase name="Equals (277)" classname="spec_perl_TestExprArray_t" time="0.000169992446899414" />
    <testcase name="Equals (278)" classname="spec_perl_TestExprArray_t" time="0.000121831893920898" />
    <testcase name="Equals (279)" classname="spec_perl_TestExprArray_t" time="0.000184059143066406" />
    <testcase name="Equals (280)" classname="spec_perl_TestExprArray_t" time="0.000106096267700195" />
    <testcase name="Equals (281)" classname="spec_perl_TestExprArray_t" time="0.000160932540893555" />
    <testcase name="Equals (282)" classname="spec_perl_TestExprArray_t" time="0.000226974487304688">
      <failure message="not ok 9 - Equals" type="TAP::Parser::Result::Test"></failure>
    </testcase>
    <testcase name="Equals (283)" classname="spec_perl_TestExprArray_t" time="0.00133800506591797" />
    <testcase name="Equals (284)" classname="spec_perl_TestExprArray_t" time="6.103515625e-05" />
    <testcase name="Equals (285)" classname="spec_perl_TestExprArray_t" time="0.000127077102661133" />
    <testcase name="Equals (286)" classname="spec_perl_TestExprArray_t" time="0.00394201278686523" />
    <testcase name="Equals (287)" classname="spec_perl_TestExprArray_t" time="0.000128030776977539" />
    <testcase name="Equals (288)" classname="spec_perl_TestExprArray_t" time="4.88758087158203e-05" />
  </testsuite>
  <testsuite name="spec_perl_TestEnumFancy_t" errors="0" failures="0" skipped="0" tests="2" time="0.0446619987487793">
    <system-out>1..2
ok 1 - Equals
ok 2 - Equals
</system-out>
    <testcase name="Equals (289)" classname="spec_perl_TestEnumFancy_t" time="0.000290870666503906" />
    <testcase name="Equals (290)" classname="spec_perl_TestEnumFancy_t" time="8.51154327392578e-05" />
  </testsuite>
  <testsuite name="spec_perl_TestSwitchManualEnumInvalidElse_t" errors="0" failures="0" skipped="0" tests="5" time="0.0502340793609619">
    <system-out>1..5
ok 1 - Equals
ok 2 - Equals
ok 3 - Equals
ok 4 - Equals
ok 5 - Equals
</system-out>
    <testcase name="Equals (291)" classname="spec_perl_TestSwitchManualEnumInvalidElse_t" time="0.000390052795410156" />
    <testcase name="Equals (292)" classname="spec_perl_TestSwitchManualEnumInvalidElse_t" time="9.70363616943359e-05" />
    <testcase name="Equals (293)" classname="spec_perl_TestSwitchManualEnumInvalidElse_t" time="0.000135898590087891" />
    <testcase name="Equals (294)" classname="spec_perl_TestSwitchManualEnumInvalidElse_t" time="0.000150918960571289" />
    <testcase name="Equals (295)" classname="spec_perl_TestSwitchManualEnumInvalidElse_t" time="0.000159025192260742" />
  </testsuite>
  <testsuite name="spec_perl_TestMetaTags_t" errors="0" failures="0" skipped="1" tests="1" time="0.045133113861084">
    <system-out>1..1
ok 1 # skip MetaTags=HASH(0x2cc4c60)
</system-out>
    <testcase name="Unnamed test case 295" classname="spec_perl_TestMetaTags_t" time="0.00137186050415039">
      <skipped message="ok 1 # skip MetaTags=HASH(0x2cc4c60)" />
    </testcase>
  </testsuite>
  <testsuite name="spec_perl_TestNestedSameName_t" errors="0" failures="0" skipped="0" tests="2" time="0.0440311431884766">
    <system-out>1..2
ok 1 - Equals
ok 2 - Equals
</system-out>
    <testcase name="Equals (296)" classname="spec_perl_TestNestedSameName_t" time="0.000274896621704102" />
    <testcase name="Equals (297)" classname="spec_perl_TestNestedSameName_t" time="8.79764556884766e-05" />
  </testsuite>
  <testsuite name="spec_perl_TestSwitchIntegers2_t" errors="0" failures="0" skipped="0" tests="5" time="0.0451991558074951">
    <system-out>1..5
ok 1 - Equals
ok 2 - Equals
ok 3 - Equals
ok 4 - Equals
ok 5 - Equals
</system-out>
    <testcase name="Equals (298)" classname="spec_perl_TestSwitchIntegers2_t" time="0.00018310546875" />
    <testcase name="Equals (299)" classname="spec_perl_TestSwitchIntegers2_t" time="6.89029693603516e-05" />
    <testcase name="Equals (300)" classname="spec_perl_TestSwitchIntegers2_t" time="0.000164985656738281" />
    <testcase name="Equals (301)" classname="spec_perl_TestSwitchIntegers2_t" time="0.000116109848022461" />
    <testcase name="Equals (302)" classname="spec_perl_TestSwitchIntegers2_t" time="0.000138044357299805" />
  </testsuite>
  <testsuite name="spec_perl_TestFixedContents_t" errors="1" failures="0" skipped="0" tests="0" time="0.0569310188293457">
    <system-out></system-out>
    <testcase name="Test died too soon, even before plan. (302)" classname="spec_perl_TestFixedContents_t" time="0.0569310188293457">
      <failure message="The test suite died before a plan was produced. You need to have a plan." type="Plan">No plan</failure>
    </testcase>
  </testsuite>
  <testsuite name="spec_perl_TestBytesPadTerm_t" errors="0" failures="0" skipped="0" tests="4" time="0.0443060398101807">
    <system-out>1..4
ok 1 - Equals
ok 2 - Equals
ok 3 - Equals
ok 4 - Equals
</system-out>
    <testcase name="Equals (303)" classname="spec_perl_TestBytesPadTerm_t" time="0.000298976898193359" />
    <testcase name="Equals (304)" classname="spec_perl_TestBytesPadTerm_t" time="0.000126123428344727" />
    <testcase name="Equals (305)" classname="spec_perl_TestBytesPadTerm_t" time="6.38961791992188e-05" />
    <testcase name="Equals (306)" classname="spec_perl_TestBytesPadTerm_t" time="0.000168085098266602" />
  </testsuite>
  <testsuite name="spec_perl_TestExprBytesCmp_t" errors="0" failures="0" skipped="0" tests="10" time="0.045853853225708">
    <system-out>1..10
ok 1 - Equals
ok 2 - Equals
ok 3 - Equals
ok 4 - Equals
ok 5 - Equals
ok 6 - Equals
ok 7 - Equals
ok 8 - Equals
ok 9 - Equals
ok 10 - Equals
</system-out>
    <testcase name="Equals (307)" classname="spec_perl_TestExprBytesCmp_t" time="0.000268936157226562" />
    <testcase name="Equals (308)" classname="spec_perl_TestExprBytesCmp_t" time="8.60691070556641e-05" />
    <testcase name="Equals (309)" classname="spec_perl_TestExprBytesCmp_t" time="0.000133037567138672" />
    <testcase name="Equals (310)" classname="spec_perl_TestExprBytesCmp_t" time="0.000129938125610352" />
    <testcase name="Equals (311)" classname="spec_perl_TestExprBytesCmp_t" time="0.000147104263305664" />
    <testcase name="Equals (312)" classname="spec_perl_TestExprBytesCmp_t" time="0.000113964080810547" />
    <testcase name="Equals (313)" classname="spec_perl_TestExprBytesCmp_t" time="0.000154018402099609" />
    <testcase name="Equals (314)" classname="spec_perl_TestExprBytesCmp_t" time="0.000133991241455078" />
    <testcase name="Equals (315)" classname="spec_perl_TestExprBytesCmp_t" time="0.000126838684082031" />
    <testcase name="Equals (316)" classname="spec_perl_TestExprBytesCmp_t" time="0.00015711784362793" />
  </testsuite>
  <testsuite name="spec_perl_TestIfInstances_t" errors="0" failures="0" skipped="0" tests="1" time="0.0458779335021973">
    <system-out>1..1
ok 1 - nil
</system-out>
    <testcase name="nil (316)" classname="spec_perl_TestIfInstances_t" time="0.000236988067626953" />
  </testsuite>
  <testsuite name="spec_perl_TestProcessCoerceSwitch_t" errors="0" failures="0" skipped="0" tests="3" time="0.0502059459686279">
    <system-out>1..3
ok 1 - Equals
ok 2 - Equals
ok 3 - Equals
</system-out>
    <testcase name="Equals (317)" classname="spec_perl_TestProcessCoerceSwitch_t" time="0.00070500373840332" />
    <testcase name="Equals (318)" classname="spec_perl_TestProcessCoerceSwitch_t" time="0.000123023986816406" />
    <testcase name="Equals (319)" classname="spec_perl_TestProcessCoerceSwitch_t" time="5.10215759277344e-05" />
  </testsuite>
  <testsuite name="spec_perl_TestOptionalId_t" errors="0" failures="0" skipped="0" tests="3" time="0.0445492267608643">
    <system-out>1..3
ok 1 - Equals
ok 2 - Equals
ok 3 - Equals
</system-out>
    <testcase name="Equals (320)" classname="spec_perl_TestOptionalId_t" time="0.000233888626098633" />
    <testcase name="Equals (321)" classname="spec_perl_TestOptionalId_t" time="8.70227813720703e-05" />
    <testcase name="Equals (322)" classname="spec_perl_TestOptionalId_t" time="0.000152111053466797" />
  </testsuite>
  <testsuite name="spec_perl_TestExprOpsParens_t" errors="1" failures="0" skipped="0" tests="0" time="0.0446720123291016">
    <system-out></system-out>
    <testcase name="Test died too soon, even before plan. (322)" classname="spec_perl_TestExprOpsParens_t" time="0.0446720123291016">
      <failure message="The test suite died before a plan was produced. You need to have a plan." type="Plan">No plan</failure>
    </testcase>
  </testsuite>
  <testsuite name="spec_perl_TestNavParentOverride_t" errors="0" failures="0" skipped="0" tests="3" time="0.0443978309631348">
    <system-out>1..3
ok 1 - Equals
ok 2 - Equals
ok 3 - Equals
</system-out>
    <testcase name="Equals (323)" classname="spec_perl_TestNavParentOverride_t" time="0.000313043594360352" />
    <testcase name="Equals (324)" classname="spec_perl_TestNavParentOverride_t" time="7.89165496826172e-05" />
    <testcase name="Equals (325)" classname="spec_perl_TestNavParentOverride_t" time="0.000126123428344727" />
  </testsuite>
  <testsuite name="spec_perl_TestFloatToI_t" errors="0" failures="0" skipped="0" tests="8" time="0.0464761257171631">
    <system-out>1..8
ok 1 - Equals
ok 2 - Equals
ok 3 - Equals
ok 4 - Equals
ok 5 - Equals
ok 6 - Equals
ok 7 - Equals
ok 8 - Equals
</system-out>
    <testcase name="Equals (326)" classname="spec_perl_TestFloatToI_t" time="0.00030207633972168" />
    <testcase name="Equals (327)" classname="spec_perl_TestFloatToI_t" time="8.48770141601562e-05" />
    <testcase name="Equals (328)" classname="spec_perl_TestFloatToI_t" time="0.000127077102661133" />
    <testcase name="Equals (329)" classname="spec_perl_TestFloatToI_t" time="0.000159978866577148" />
    <testcase name="Equals (330)" classname="spec_perl_TestFloatToI_t" time="8.98838043212891e-05" />
    <testcase name="Equals (331)" classname="spec_perl_TestFloatToI_t" time="0.000152111053466797" />
    <testcase name="Equals (332)" classname="spec_perl_TestFloatToI_t" time="0.00011897087097168" />
    <testcase name="Equals (333)" classname="spec_perl_TestFloatToI_t" time="0.000160932540893555" />
  </testsuite>
  <testsuite name="spec_perl_TestExprIoPos_t" errors="0" failures="0" skipped="0" tests="6" time="0.0491158962249756">
    <system-out>1..6
ok 1 - Equals
ok 2 - Equals
ok 3 - Equals
ok 4 - Equals
ok 5 - Equals
ok 6 - Equals
</system-out>
    <testcase name="Equals (334)" classname="spec_perl_TestExprIoPos_t" time="0.000670909881591797" />
    <testcase name="Equals (335)" classname="spec_perl_TestExprIoPos_t" time="0.000113010406494141" />
    <testcase name="Equals (336)" classname="spec_perl_TestExprIoPos_t" time="6.60419464111328e-05" />
    <testcase name="Equals (337)" classname="spec_perl_TestExprIoPos_t" time="6.89029693603516e-05" />
    <testcase name="Equals (338)" classname="spec_perl_TestExprIoPos_t" time="0.000152111053466797" />
    <testcase name="Equals (339)" classname="spec_perl_TestExprIoPos_t" time="0.000120878219604492" />
  </testsuite>
  <testsuite name="spec_perl_TestMultipleUse_t" errors="0" failures="0" skipped="0" tests="2" time="0.0447168350219727">
    <system-out>1..2
ok 1 - Equals
ok 2 - Equals
</system-out>
    <testcase name="Equals (340)" classname="spec_perl_TestMultipleUse_t" time="0.000255107879638672" />
    <testcase name="Equals (341)" classname="spec_perl_TestMultipleUse_t" time="0.000101089477539062" />
  </testsuite>
  <testsuite name="spec_perl_TestJsSignedRightShift_t" errors="0" failures="0" skipped="0" tests="2" time="0.0454721450805664">
    <system-out>1..2
ok 1 - Equals
ok 2 - Equals
</system-out>
    <testcase name="Equals (342)" classname="spec_perl_TestJsSignedRightShift_t" time="0.0002899169921875" />
    <testcase name="Equals (343)" classname="spec_perl_TestJsSignedRightShift_t" time="9.79900360107422e-05" />
  </testsuite>
  <testsuite name="spec_perl_TestEnum1_t" errors="0" failures="0" skipped="0" tests="2" time="0.0446100234985352">
    <system-out>1..2
ok 1 - Equals
ok 2 - Equals
</system-out>
    <testcase name="Equals (344)" classname="spec_perl_TestEnum1_t" time="0.000290155410766602" />
    <testcase name="Equals (345)" classname="spec_perl_TestEnum1_t" time="7.39097595214844e-05" />
  </testsuite>
  <testsuite name="spec_perl_TestTsPacketHeader_t" errors="0" failures="0" skipped="0" tests="7" time="0.0452368259429932">
    <system-out>1..7
ok 1 - Equals
ok 2 - Equals
ok 3 - Equals
ok 4 - Equals
ok 5 - Equals
ok 6 - Equals
ok 7 - Equals
</system-out>
    <testcase name="Equals (346)" classname="spec_perl_TestTsPacketHeader_t" time="0.000344038009643555" />
    <testcase name="Equals (347)" classname="spec_perl_TestTsPacketHeader_t" time="0.000134944915771484" />
    <testcase name="Equals (348)" classname="spec_perl_TestTsPacketHeader_t" time="6.103515625e-05" />
    <testcase name="Equals (349)" classname="spec_perl_TestTsPacketHeader_t" time="0.000113964080810547" />
    <testcase name="Equals (350)" classname="spec_perl_TestTsPacketHeader_t" time="0.000155925750732422" />
    <testcase name="Equals (351)" classname="spec_perl_TestTsPacketHeader_t" time="0.000143051147460938" />
    <testcase name="Equals (352)" classname="spec_perl_TestTsPacketHeader_t" time="0.000121116638183594" />
  </testsuite>
  <testsuite name="spec_perl_TestEnumLongRangeU_t" errors="0" failures="0" skipped="0" tests="4" time="0.0442020893096924">
    <system-out>1..4
ok 1 - Equals
ok 2 - Equals
ok 3 - Equals
ok 4 - Equals
</system-out>
    <testcase name="Equals (353)" classname="spec_perl_TestEnumLongRangeU_t" time="0.00026702880859375" />
    <testcase name="Equals (354)" classname="spec_perl_TestEnumLongRangeU_t" time="8.08238983154297e-05" />
    <testcase name="Equals (355)" classname="spec_perl_TestEnumLongRangeU_t" time="0.000128030776977539" />
    <testcase name="Equals (356)" classname="spec_perl_TestEnumLongRangeU_t" time="0.0001220703125" />
  </testsuite>
  <testsuite name="spec_perl_TestCastToTop_t" errors="0" failures="0" skipped="0" tests="3" time="0.0445899963378906">
    <system-out>1..3
ok 1 - Equals
ok 2 - Equals
ok 3 - Equals
</system-out>
    <testcase name="Equals (357)" classname="spec_perl_TestCastToTop_t" time="0.000237941741943359" />
    <testcase name="Equals (358)" classname="spec_perl_TestCastToTop_t" time="0.000112056732177734" />
    <testcase name="Equals (359)" classname="spec_perl_TestCastToTop_t" time="0.00014805793762207" />
  </testsuite>
  <testsuite name="spec_perl_TestRecursiveOne_t" errors="0" failures="0" skipped="0" tests="4" time="0.0477359294891357">
    <system-out>1..4
ok 1 - Equals
ok 2 - Equals
ok 3 - Equals
ok 4 - Equals
</system-out>
    <testcase name="Equals (360)" classname="spec_perl_TestRecursiveOne_t" time="0.000267982482910156" />
    <testcase name="Equals (361)" classname="spec_perl_TestRecursiveOne_t" time="9.51290130615234e-05" />
    <testcase name="Equals (362)" classname="spec_perl_TestRecursiveOne_t" time="7.60555267333984e-05" />
    <testcase name="Equals (363)" classname="spec_perl_TestRecursiveOne_t" time="0.00014495849609375" />
  </testsuite>
  <testsuite name="spec_perl_TestExpr0_t" errors="0" failures="0" skipped="0" tests="2" time="0.0444478988647461">
    <system-out>1..2
ok 1 - Equals
ok 2 - Equals
</system-out>
    <testcase name="Equals (364)" classname="spec_perl_TestExpr0_t" time="0.000303983688354492" />
    <testcase name="Equals (365)" classname="spec_perl_TestExpr0_t" time="8.20159912109375e-05" />
  </testsuite>
  <testsuite name="spec_perl_TestEnum0_t" errors="0" failures="0" skipped="0" tests="2" time="0.0448470115661621">
    <system-out>1..2
ok 1 - Equals
ok 2 - Equals
</system-out>
    <testcase name="Equals (366)" classname="spec_perl_TestEnum0_t" time="0.000385046005249023" />
    <testcase name="Equals (367)" classname="spec_perl_TestEnum0_t" time="8.08238983154297e-05" />
  </testsuite>
  <testsuite name="spec_perl_TestIntegersMinMax_t" errors="0" failures="0" skipped="0" tests="28" time="0.0499119758605957">
    <system-out>1..28
ok 1 - Equals
ok 2 - Equals
ok 3 - Equals
ok 4 - Equals
ok 5 - Equals
ok 6 - Equals
ok 7 - Equals
ok 8 - Equals
ok 9 - Equals
ok 10 - Equals
ok 11 - Equals
ok 12 - Equals
ok 13 - Equals
ok 14 - Equals
ok 15 - Equals
ok 16 - Equals
ok 17 - Equals
ok 18 - Equals
ok 19 - Equals
ok 20 - Equals
ok 21 - Equals
ok 22 - Equals
ok 23 - Equals
ok 24 - Equals
ok 25 - Equals
ok 26 - Equals
ok 27 - Equals
ok 28 - Equals
</system-out>
    <testcase name="Equals (368)" classname="spec_perl_TestIntegersMinMax_t" time="0.000344038009643555" />
    <testcase name="Equals (369)" classname="spec_perl_TestIntegersMinMax_t" time="9.29832458496094e-05" />
    <testcase name="Equals (370)" classname="spec_perl_TestIntegersMinMax_t" time="9.10758972167969e-05" />
    <testcase name="Equals (371)" classname="spec_perl_TestIntegersMinMax_t" time="0.000147104263305664" />
    <testcase name="Equals (372)" classname="spec_perl_TestIntegersMinMax_t" time="0.000120878219604492" />
    <testcase name="Equals (373)" classname="spec_perl_TestIntegersMinMax_t" time="0.000149011611938477" />
    <testcase name="Equals (374)" classname="spec_perl_TestIntegersMinMax_t" time="0.000116109848022461" />
    <testcase name="Equals (375)" classname="spec_perl_TestIntegersMinMax_t" time="0.000150918960571289" />
    <testcase name="Equals (376)" classname="spec_perl_TestIntegersMinMax_t" time="0.000113010406494141" />
    <testcase name="Equals (377)" classname="spec_perl_TestIntegersMinMax_t" time="0.000123023986816406" />
    <testcase name="Equals (378)" classname="spec_perl_TestIntegersMinMax_t" time="0.000124931335449219" />
    <testcase name="Equals (379)" classname="spec_perl_TestIntegersMinMax_t" time="0.000127077102661133" />
    <testcase name="Equals (380)" classname="spec_perl_TestIntegersMinMax_t" time="0.000151872634887695" />
    <testcase name="Equals (381)" classname="spec_perl_TestIntegersMinMax_t" time="0.000121116638183594" />
    <testcase name="Equals (382)" classname="spec_perl_TestIntegersMinMax_t" time="0.000146865844726562" />
    <testcase name="Equals (383)" classname="spec_perl_TestIntegersMinMax_t" time="0.000118017196655273" />
    <testcase name="Equals (384)" classname="spec_perl_TestIntegersMinMax_t" time="0.000144004821777344" />
    <testcase name="Equals (385)" classname="spec_perl_TestIntegersMinMax_t" time="0.000121116638183594" />
    <testcase name="Equals (386)" classname="spec_perl_TestIntegersMinMax_t" time="0.000119924545288086" />
    <testcase name="Equals (387)" classname="spec_perl_TestIntegersMinMax_t" time="0.000145912170410156" />
    <testcase name="Equals (388)" classname="spec_perl_TestIntegersMinMax_t" time="0.000131130218505859" />
    <testcase name="Equals (389)" classname="spec_perl_TestIntegersMinMax_t" time="0.000123023986816406" />
    <testcase name="Equals (390)" classname="spec_perl_TestIntegersMinMax_t" time="0.000131845474243164" />
    <testcase name="Equals (391)" classname="spec_perl_TestIntegersMinMax_t" time="0.000115156173706055" />
    <testcase name="Equals (392)" classname="spec_perl_TestIntegersMinMax_t" time="0.000125885009765625" />
    <testcase name="Equals (393)" classname="spec_perl_TestIntegersMinMax_t" time="0.00024104118347168" />
    <testcase name="Equals (394)" classname="spec_perl_TestIntegersMinMax_t" time="9.01222229003906e-05" />
    <testcase name="Equals (395)" classname="spec_perl_TestIntegersMinMax_t" time="6.07967376708984e-05" />
  </testsuite>
  <testsuite name="spec_perl_TestEnumNegative_t" errors="0" failures="0" skipped="0" tests="2" time="0.043889045715332">
    <system-out>1..2
ok 1 - Equals
ok 2 - Equals
</system-out>
    <testcase name="Equals (396)" classname="spec_perl_TestEnumNegative_t" time="0.000298023223876953" />
    <testcase name="Equals (397)" classname="spec_perl_TestEnumNegative_t" time="7.67707824707031e-05" />
  </testsuite>
  <testsuite name="spec_perl_TestTypeIntUnaryOp_t" errors="0" failures="0" skipped="0" tests="4" time="0.0443179607391357">
    <system-out>1..4
ok 1 - Equals
ok 2 - Equals
ok 3 - Equals
ok 4 - Equals
</system-out>
    <testcase name="Equals (398)" classname="spec_perl_TestTypeIntUnaryOp_t" time="0.000366926193237305" />
    <testcase name="Equals (399)" classname="spec_perl_TestTypeIntUnaryOp_t" time="0.000128984451293945" />
    <testcase name="Equals (400)" classname="spec_perl_TestTypeIntUnaryOp_t" time="7.51018524169922e-05" />
    <testcase name="Equals (401)" classname="spec_perl_TestTypeIntUnaryOp_t" time="0.000164985656738281" />
  </testsuite>
  <testsuite name="spec_perl_TestDocstringsDocref_t" errors="0" failures="0" skipped="1" tests="1" time="0.0458037853240967">
    <system-out>1..1
ok 1 # skip DocstringsDocref=HASH(0x21bbb50)
</system-out>
    <testcase name="Unnamed test case 401" classname="spec_perl_TestDocstringsDocref_t" time="0.00130891799926758">
      <skipped message="ok 1 # skip DocstringsDocref=HASH(0x21bbb50)" />
    </testcase>
  </testsuite>
  <testsuite name="spec_perl_TestPositionInSeq_t" errors="0" failures="0" skipped="0" tests="1" time="0.0441470146179199">
    <system-out>1..1
ok 1 - Equals
</system-out>
    <testcase name="Equals (402)" classname="spec_perl_TestPositionInSeq_t" time="0.000253915786743164" />
  </testsuite>
  <testsuite name="spec_perl_TestSwitchRepeatExpr_t" errors="0" failures="0" skipped="0" tests="3" time="0.0449399948120117">
    <system-out>1..3
ok 1 - Equals
ok 2 - Equals
ok 3 - Equals
</system-out>
    <testcase name="Equals (403)" classname="spec_perl_TestSwitchRepeatExpr_t" time="0.000607967376708984" />
    <testcase name="Equals (404)" classname="spec_perl_TestSwitchRepeatExpr_t" time="0.000104188919067383" />
    <testcase name="Equals (405)" classname="spec_perl_TestSwitchRepeatExpr_t" time="5.48362731933594e-05" />
  </testsuite>
  <testsuite name="spec_perl_TestImportsCircularA_t" errors="0" failures="0" skipped="0" tests="5" time="0.0439498424530029">
    <system-out>1..5
ok 1 - Equals
ok 2 - Equals
ok 3 - Equals
ok 4 - Equals
ok 5 - nil
</system-out>
    <testcase name="Equals (406)" classname="spec_perl_TestImportsCircularA_t" time="0.00018000602722168" />
    <testcase name="Equals (407)" classname="spec_perl_TestImportsCircularA_t" time="7.70092010498047e-05" />
    <testcase name="Equals (408)" classname="spec_perl_TestImportsCircularA_t" time="0.000176906585693359" />
    <testcase name="Equals (409)" classname="spec_perl_TestImportsCircularA_t" time="9.32216644287109e-05" />
    <testcase name="nil (409)" classname="spec_perl_TestImportsCircularA_t" time="5.79357147216797e-05" />
  </testsuite>
  <testsuite name="spec_perl_TestProcessXor4Value_t" errors="0" failures="0" skipped="0" tests="2" time="0.0443398952484131">
    <system-out>1..2
ok 1 - Equals
ok 2 - Equals
</system-out>
    <testcase name="Equals (410)" classname="spec_perl_TestProcessXor4Value_t" time="0.000281095504760742" />
    <testcase name="Equals (411)" classname="spec_perl_TestProcessXor4Value_t" time="8.60691070556641e-05" />
  </testsuite>
  <testsuite name="spec_perl_TestCombineBool_t" errors="0" failures="0" skipped="0" tests="2" time="0.0437009334564209">
    <system-out>1..2
ok 1 - Equals
ok 2 - Equals
</system-out>
    <testcase name="Equals (412)" classname="spec_perl_TestCombineBool_t" time="0.000280857086181641" />
    <testcase name="Equals (413)" classname="spec_perl_TestCombineBool_t" time="7.70092010498047e-05" />
  </testsuite>
  <testsuite name="spec_perl_TestEnumIntRangeU_t" errors="0" failures="0" skipped="0" tests="2" time="0.0444579124450684">
    <system-out>1..2
ok 1 - Equals
ok 2 - Equals
</system-out>
    <testcase name="Equals (414)" classname="spec_perl_TestEnumIntRangeU_t" time="0.000247001647949219" />
    <testcase name="Equals (415)" classname="spec_perl_TestEnumIntRangeU_t" time="7.67707824707031e-05" />
  </testsuite>
  <testsuite name="spec_perl_TestNavParentVsValueInst_t" errors="0" failures="0" skipped="0" tests="1" time="0.0471470355987549">
    <system-out>1..1
ok 1 - Equals
</system-out>
    <testcase name="Equals (416)" classname="spec_perl_TestNavParentVsValueInst_t" time="0.000400066375732422" />
  </testsuite>
  <testsuite name="spec_perl_TestSwitchCast_t" errors="0" failures="0" skipped="0" tests="2" time="0.0470449924468994">
    <system-out>1..2
ok 1 - Equals
ok 2 - Equals
</system-out>
    <testcase name="Equals (417)" classname="spec_perl_TestSwitchCast_t" time="0.000369071960449219" />
    <testcase name="Equals (418)" classname="spec_perl_TestSwitchCast_t" time="9.48905944824219e-05" />
  </testsuite>
  <testsuite name="spec_perl_TestImportsRel1_t" errors="0" failures="0" skipped="0" tests="3" time="0.0438880920410156">
    <system-out>1..3
ok 1 - Equals
ok 2 - Equals
ok 3 - Equals
</system-out>
    <testcase name="Equals (419)" classname="spec_perl_TestImportsRel1_t" time="0.000264167785644531" />
    <testcase name="Equals (420)" classname="spec_perl_TestImportsRel1_t" time="0.000119924545288086" />
    <testcase name="Equals (421)" classname="spec_perl_TestImportsRel1_t" time="6.60419464111328e-05" />
  </testsuite>
  <testsuite name="spec_perl_TestExprMod_t" errors="0" failures="0" skipped="0" tests="6" time="0.0454189777374268">
    <system-out>1..6
ok 1 - Equals
ok 2 - Equals
ok 3 - Equals
ok 4 - Equals
ok 5 - Equals
ok 6 - Equals
</system-out>
    <testcase name="Equals (422)" classname="spec_perl_TestExprMod_t" time="0.000278949737548828" />
    <testcase name="Equals (423)" classname="spec_perl_TestExprMod_t" time="8.29696655273438e-05" />
    <testcase name="Equals (424)" classname="spec_perl_TestExprMod_t" time="0.000113964080810547" />
    <testcase name="Equals (425)" classname="spec_perl_TestExprMod_t" time="0.000135183334350586" />
    <testcase name="Equals (426)" classname="spec_perl_TestExprMod_t" time="0.000133991241455078" />
    <testcase name="Equals (427)" classname="spec_perl_TestExprMod_t" time="0.000123023986816406" />
  </testsuite>
[...]
    <testcase name="Equals (701)" classname="spec_perl_TestNavParentFalse_t" time="5.79357147216797e-05" />
    <testcase name="Equals (702)" classname="spec_perl_TestNavParentFalse_t" time="0.000161886215209961" />
    <testcase name="Equals (703)" classname="spec_perl_TestNavParentFalse_t" time="9.60826873779297e-05" />
  </testsuite>
  <testsuite name="spec_perl_TestSwitchMultiBoolOps_t" errors="0" failures="0" skipped="0" tests="9" time="0.0455241203308105">
    <system-out>1..9
ok 1 - Equals
ok 2 - Equals
ok 3 - Equals
ok 4 - Equals
ok 5 - Equals
ok 6 - Equals
ok 7 - Equals
ok 8 - Equals
ok 9 - Equals
</system-out>
    <testcase name="Equals (704)" classname="spec_perl_TestSwitchMultiBoolOps_t" time="0.000311136245727539" />
    <testcase name="Equals (705)" classname="spec_perl_TestSwitchMultiBoolOps_t" time="8.98838043212891e-05" />
    <testcase name="Equals (706)" classname="spec_perl_TestSwitchMultiBoolOps_t" time="6.69956207275391e-05" />
    <testcase name="Equals (707)" classname="spec_perl_TestSwitchMultiBoolOps_t" time="0.000154018402099609" />
    <testcase name="Equals (708)" classname="spec_perl_TestSwitchMultiBoolOps_t" time="0.000123023986816406" />
    <testcase name="Equals (709)" classname="spec_perl_TestSwitchMultiBoolOps_t" time="0.000147104263305664" />
    <testcase name="Equals (710)" classname="spec_perl_TestSwitchMultiBoolOps_t" time="0.000126838684082031" />
    <testcase name="Equals (711)" classname="spec_perl_TestSwitchMultiBoolOps_t" time="0.000126123428344727" />
    <testcase name="Equals (712)" classname="spec_perl_TestSwitchMultiBoolOps_t" time="0.000138998031616211" />
  </testsuite>
  <testsuite name="spec_perl_TestProcessCoerceBytes_t" errors="0" failures="0" skipped="0" tests="4" time="0.0440430641174316">
    <system-out>1..4
ok 1 - Equals
ok 2 - Equals
ok 3 - Equals
ok 4 - Equals
</system-out>
    <testcase name="Equals (713)" classname="spec_perl_TestProcessCoerceBytes_t" time="0.000517129898071289" />
    <testcase name="Equals (714)" classname="spec_perl_TestProcessCoerceBytes_t" time="0.000103950500488281" />
    <testcase name="Equals (715)" classname="spec_perl_TestProcessCoerceBytes_t" time="4.69684600830078e-05" />
    <testcase name="Equals (716)" classname="spec_perl_TestProcessCoerceBytes_t" time="7.79628753662109e-05" />
  </testsuite>
  <testsuite name="spec_perl_TestIndexToParamEos_t" errors="0" failures="2" skipped="0" tests="7" time="0.0561659336090088">
    <system-out>1..7
ok 1 - Equals
ok 2 - Equals
ok 3 - Equals
ok 4 - Equals
ok 5 - Equals
not ok 6 - Equals
not ok 7 - Equals
</system-out>
    <testcase name="Equals (717)" classname="spec_perl_TestIndexToParamEos_t" time="0.00636005401611328" />
    <testcase name="Equals (718)" classname="spec_perl_TestIndexToParamEos_t" time="0.000111103057861328" />
    <testcase name="Equals (719)" classname="spec_perl_TestIndexToParamEos_t" time="7.20024108886719e-05" />
    <testcase name="Equals (720)" classname="spec_perl_TestIndexToParamEos_t" time="0.00145578384399414" />
    <testcase name="Equals (721)" classname="spec_perl_TestIndexToParamEos_t" time="9.60826873779297e-05" />
    <testcase name="Equals (722)" classname="spec_perl_TestIndexToParamEos_t" time="5.10215759277344e-05">
      <failure message="not ok 6 - Equals" type="TAP::Parser::Result::Test"></failure>
    </testcase>
    <testcase name="Equals (723)" classname="spec_perl_TestIndexToParamEos_t" time="3.79085540771484e-05">
      <failure message="not ok 7 - Equals" type="TAP::Parser::Result::Test"></failure>
    </testcase>
  </testsuite>
  <testsuite name="spec_perl_TestPositionToEnd_t" errors="0" failures="0" skipped="0" tests="2" time="0.0436749458312988">
    <system-out>1..2
ok 1 - Equals
ok 2 - Equals
</system-out>
    <testcase name="Equals (724)" classname="spec_perl_TestPositionToEnd_t" time="0.000252008438110352" />
    <testcase name="Equals (725)" classname="spec_perl_TestPositionToEnd_t" time="7.79628753662109e-05" />
  </testsuite>
  <testsuite name="spec_perl_TestDefaultBitEndianMod_t" errors="0" failures="0" skipped="0" tests="4" time="0.0447759628295898">
    <system-out>1..4
ok 1 - Equals
ok 2 - Equals
ok 3 - Equals
ok 4 - Equals
</system-out>
    <testcase name="Equals (726)" classname="spec_perl_TestDefaultBitEndianMod_t" time="0.000314950942993164" />
    <testcase name="Equals (727)" classname="spec_perl_TestDefaultBitEndianMod_t" time="0.000195980072021484" />
    <testcase name="Equals (728)" classname="spec_perl_TestDefaultBitEndianMod_t" time="0.000149011611938477" />
    <testcase name="Equals (729)" classname="spec_perl_TestDefaultBitEndianMod_t" time="0.000189065933227539" />
  </testsuite>
  <testsuite name="spec_perl_TestParamsPassArrayStruct_t" errors="0" failures="1" skipped="2" tests="3" time="0.0469639301300049">
    <system-out>1..3
not ok 1 - test_params_pass_array_struct died (Can't use an undefined value as an ARRAY reference at spec/perl/TestParamsPassArrayStruct.t line 15.)
ok 2 # skip test_params_pass_array_struct died
ok 3 # skip test_params_pass_array_struct died
</system-out>
    <testcase name="test_params_pass_array_struct died (Can't use an undefined value as an ARRAY reference at spec/perl/TestParamsPassArrayStruct.t line 15.) (729)" classname="spec_perl_TestParamsPassArrayStruct_t" time="0.000322103500366211">
      <failure message="not ok 1 - test_params_pass_array_struct died (Can't use an undefined value as an ARRAY reference at spec/perl/TestParamsPassArrayStruct.t line 15.)" type="TAP::Parser::Result::Test"></failure>
    </testcase>
    <testcase name="Unnamed test case 729" classname="spec_perl_TestParamsPassArrayStruct_t" time="0.00438690185546875">
      <skipped message="ok 2 # skip test_params_pass_array_struct died" />
    </testcase>
    <testcase name="Unnamed test case 730" classname="spec_perl_TestParamsPassArrayStruct_t" time="9.79900360107422e-05">
      <skipped message="ok 3 # skip test_params_pass_array_struct died" />
    </testcase>
  </testsuite>
  <testsuite name="spec_perl_TestExpr2_t" errors="0" failures="0" skipped="0" tests="17" time="0.0565450191497803">
    <system-out>1..17
ok 1 - Equals
ok 2 - Equals
ok 3 - Equals
ok 4 - Equals
ok 5 - Equals
ok 6 - Equals
ok 7 - Equals
ok 8 - Equals
ok 9 - Equals
ok 10 - Equals
ok 11 - Equals
ok 12 - Equals
ok 13 - Equals
ok 14 - Equals
ok 15 - Equals
ok 16 - Equals
ok 17 - Equals
</system-out>
    <testcase name="Equals (730)" classname="spec_perl_TestExpr2_t" time="0.000802040100097656" />
    <testcase name="Equals (731)" classname="spec_perl_TestExpr2_t" time="0.000117063522338867" />
    <testcase name="Equals (732)" classname="spec_perl_TestExpr2_t" time="4.88758087158203e-05" />
    <testcase name="Equals (733)" classname="spec_perl_TestExpr2_t" time="0.000175952911376953" />
    <testcase name="Equals (734)" classname="spec_perl_TestExpr2_t" time="0.000164031982421875" />
    <testcase name="Equals (735)" classname="spec_perl_TestExpr2_t" time="0.000169992446899414" />
    <testcase name="Equals (736)" classname="spec_perl_TestExpr2_t" time="0.000152111053466797" />
    <testcase name="Equals (737)" classname="spec_perl_TestExpr2_t" time="0.000197887420654297" />
    <testcase name="Equals (738)" classname="spec_perl_TestExpr2_t" time="0.000159978866577148" />
    <testcase name="Equals (739)" classname="spec_perl_TestExpr2_t" time="0.000114202499389648" />
    <testcase name="Equals (740)" classname="spec_perl_TestExpr2_t" time="0.000159978866577148" />
    <testcase name="Equals (741)" classname="spec_perl_TestExpr2_t" time="0.000164031982421875" />
    <testcase name="Equals (742)" classname="spec_perl_TestExpr2_t" time="0.000165939331054688" />
    <testcase name="Equals (743)" classname="spec_perl_TestExpr2_t" time="0.000162839889526367" />
    <testcase name="Equals (744)" classname="spec_perl_TestExpr2_t" time="0.000152111053466797" />
    <testcase name="Equals (745)" classname="spec_perl_TestExpr2_t" time="0.000127077102661133" />
    <testcase name="Equals (746)" classname="spec_perl_TestExpr2_t" time="0.000160932540893555" />
  </testsuite>
  <testsuite name="spec_perl_TestSwitchBytearray_t" errors="0" failures="0" skipped="0" tests="9" time="0.0484261512756348">
    <system-out>1..9
ok 1 - Equals
ok 2 - Equals
ok 3 - Equals
ok 4 - Equals
ok 5 - Equals
ok 6 - Equals
ok 7 - Equals
ok 8 - Equals
ok 9 - Equals
</system-out>
    <testcase name="Equals (747)" classname="spec_perl_TestSwitchBytearray_t" time="0.000359058380126953" />
    <testcase name="Equals (748)" classname="spec_perl_TestSwitchBytearray_t" time="8.89301300048828e-05" />
    <testcase name="Equals (749)" classname="spec_perl_TestSwitchBytearray_t" time="6.29425048828125e-05" />
    <testcase name="Equals (750)" classname="spec_perl_TestSwitchBytearray_t" time="0.000137090682983398" />
    <testcase name="Equals (751)" classname="spec_perl_TestSwitchBytearray_t" time="0.000138044357299805" />
    <testcase name="Equals (752)" classname="spec_perl_TestSwitchBytearray_t" time="0.000110864639282227" />
    <testcase name="Equals (753)" classname="spec_perl_TestSwitchBytearray_t" time="0.000141143798828125" />
    <testcase name="Equals (754)" classname="spec_perl_TestSwitchBytearray_t" time="0.000154972076416016" />
    <testcase name="Equals (755)" classname="spec_perl_TestSwitchBytearray_t" time="0.00010991096496582" />
  </testsuite>
  <testsuite name="spec_perl_TestExprBits_t" errors="0" failures="0" skipped="0" tests="10" time="0.047745943069458">
    <system-out>1..10
ok 1 - Equals
ok 2 - Equals
ok 3 - Equals
ok 4 - Equals
ok 5 - Equals
ok 6 - Equals
ok 7 - Equals
ok 8 - Equals
ok 9 - Equals
ok 10 - Equals
</system-out>
    <testcase name="Equals (756)" classname="spec_perl_TestExprBits_t" time="0.000365972518920898" />
    <testcase name="Equals (757)" classname="spec_perl_TestExprBits_t" time="9.10758972167969e-05" />
    <testcase name="Equals (758)" classname="spec_perl_TestExprBits_t" time="7.10487365722656e-05" />
    <testcase name="Equals (759)" classname="spec_perl_TestExprBits_t" time="0.000140905380249023" />
    <testcase name="Equals (760)" classname="spec_perl_TestExprBits_t" time="0.000123023986816406" />
    <testcase name="Equals (761)" classname="spec_perl_TestExprBits_t" time="0.000145912170410156" />
    <testcase name="Equals (762)" classname="spec_perl_TestExprBits_t" time="0.000128030776977539" />
    <testcase name="Equals (763)" classname="spec_perl_TestExprBits_t" time="0.000145196914672852" />
    <testcase name="Equals (764)" classname="spec_perl_TestExprBits_t" time="0.000119924545288086" />
    <testcase name="Equals (765)" classname="spec_perl_TestExprBits_t" time="0.000174045562744141" />
  </testsuite>
  <testsuite name="spec_perl_TestImportsAbsRel_t" errors="0" failures="0" skipped="0" tests="3" time="0.0445010662078857">
    <system-out>1..3
ok 1 - Equals
ok 2 - Equals
ok 3 - Equals
</system-out>
    <testcase name="Equals (766)" classname="spec_perl_TestImportsAbsRel_t" time="0.000260829925537109" />
    <testcase name="Equals (767)" classname="spec_perl_TestImportsAbsRel_t" time="8.70227813720703e-05" />
    <testcase name="Equals (768)" classname="spec_perl_TestImportsAbsRel_t" time="0.000113964080810547" />
  </testsuite>
  <testsuite name="spec_perl_TestNavParent2_t" errors="0" failures="0" skipped="0" tests="10" time="0.0489411354064941">
    <system-out>1..10
ok 1 - Equals
ok 2 - Equals
ok 3 - Equals
ok 4 - Equals
ok 5 - Equals
ok 6 - Equals
ok 7 - Equals
ok 8 - Equals
ok 9 - Equals
ok 10 - Equals
</system-out>
    <testcase name="Equals (769)" classname="spec_perl_TestNavParent2_t" time="0.000269889831542969" />
    <testcase name="Equals (770)" classname="spec_perl_TestNavParent2_t" time="8.32080841064453e-05" />
    <testcase name="Equals (771)" classname="spec_perl_TestNavParent2_t" time="0.000119924545288086" />
    <testcase name="Equals (772)" classname="spec_perl_TestNavParent2_t" time="0.000138998031616211" />
    <testcase name="Equals (773)" classname="spec_perl_TestNavParent2_t" time="0.00010991096496582" />
    <testcase name="Equals (774)" classname="spec_perl_TestNavParent2_t" time="0.000210046768188477" />
    <testcase name="Equals (775)" classname="spec_perl_TestNavParent2_t" time="8.79764556884766e-05" />
    <testcase name="Equals (776)" classname="spec_perl_TestNavParent2_t" time="0.000144004821777344" />
    <testcase name="Equals (777)" classname="spec_perl_TestNavParent2_t" time="0.000124931335449219" />
    <testcase name="Equals (778)" classname="spec_perl_TestNavParent2_t" time="0.000191211700439453" />
  </testsuite>
  <testsuite name="spec_perl_TestEosExceptionU4_t" errors="0" failures="0" skipped="0" tests="1" time="0.0456581115722656">
    <system-out>1..1
ok 1 - Died
</system-out>
    <testcase name="Died (778)" classname="spec_perl_TestEosExceptionU4_t" time="0.000535011291503906" />
  </testsuite>
  <testsuite name="spec_perl_TestTermBytes_t" errors="0" failures="0" skipped="0" tests="3" time="0.0453469753265381">
    <system-out>1..3
ok 1 - Equals
ok 2 - Equals
ok 3 - Equals
</system-out>
    <testcase name="Equals (779)" classname="spec_perl_TestTermBytes_t" time="0.000305891036987305" />
    <testcase name="Equals (780)" classname="spec_perl_TestTermBytes_t" time="9.01222229003906e-05" />
    <testcase name="Equals (781)" classname="spec_perl_TestTermBytes_t" time="8.58306884765625e-05" />
  </testsuite>
  <testsuite name="spec_perl_TestCastNested_t" errors="0" failures="0" skipped="0" tests="4" time="0.0481870174407959">
    <system-out>1..4
ok 1 - Equals
ok 2 - Equals
ok 3 - Equals
ok 4 - Equals
</system-out>
    <testcase name="Equals (782)" classname="spec_perl_TestCastNested_t" time="0.000387907028198242" />
    <testcase name="Equals (783)" classname="spec_perl_TestCastNested_t" time="9.41753387451172e-05" />
    <testcase name="Equals (784)" classname="spec_perl_TestCastNested_t" time="0.000114917755126953" />
    <testcase name="Equals (785)" classname="spec_perl_TestCastNested_t" time="0.000182867050170898" />
  </testsuite>
  <testsuite name="spec_perl_TestProcessRotate_t" errors="0" failures="0" skipped="0" tests="3" time="0.044389009475708">
    <system-out>1..3
ok 1 - Equals
ok 2 - Equals
ok 3 - Equals
</system-out>
    <testcase name="Equals (786)" classname="spec_perl_TestProcessRotate_t" time="0.000283956527709961" />
    <testcase name="Equals (787)" classname="spec_perl_TestProcessRotate_t" time="8.10623168945312e-05" />
    <testcase name="Equals (788)" classname="spec_perl_TestProcessRotate_t" time="0.000123023986816406" />
  </testsuite>
  <testsuite name="spec_perl_TestProcessCustom_t" errors="1" failures="0" skipped="0" tests="0" time="0.0459020137786865">
    <system-out></system-out>
    <testcase name="Test died too soon, even before plan. (788)" classname="spec_perl_TestProcessCustom_t" time="0.0459020137786865">
      <failure message="The test suite died before a plan was produced. You need to have a plan." type="Plan">No plan</failure>
    </testcase>
  </testsuite>
  <testsuite name="spec_perl_TestEnumForUnknownId_t" errors="0" failures="0" skipped="0" tests="1" time="0.0440170764923096">
    <system-out>1..1
ok 1 - Equals
</system-out>
    <testcase name="Equals (789)" classname="spec_perl_TestEnumForUnknownId_t" time="0.000232934951782227" />
  </testsuite>
  <testsuite name="spec_perl_TestProcessXorValue_t" errors="0" failures="0" skipped="0" tests="2" time="0.0489108562469482">
    <system-out>1..2
ok 1 - Equals
ok 2 - Equals
</system-out>
    <testcase name="Equals (790)" classname="spec_perl_TestProcessXorValue_t" time="0.000187873840332031" />
    <testcase name="Equals (791)" classname="spec_perl_TestProcessXorValue_t" time="9.01222229003906e-05" />
  </testsuite>
  <testsuite name="spec_perl_TestProcessXorConst_t" errors="0" failures="0" skipped="0" tests="2" time="0.0480148792266846">
    <system-out>1..2
ok 1 - Equals
ok 2 - Equals
</system-out>
    <testcase name="Equals (792)" classname="spec_perl_TestProcessXorConst_t" time="0.000221967697143555" />
    <testcase name="Equals (793)" classname="spec_perl_TestProcessXorConst_t" time="8.79764556884766e-05" />
  </testsuite>
  <testsuite name="spec_perl_TestStrEncodingsDefault_t" errors="0" failures="0" skipped="0" tests="4" time="0.0514981746673584">
    <system-out>1..4
ok 1 - Equals
ok 2 - Equals
ok 3 - Equals
ok 4 - Equals
</system-out>
    <testcase name="Equals (794)" classname="spec_perl_TestStrEncodingsDefault_t" time="0.00360107421875" />
    <testcase name="Equals (795)" classname="spec_perl_TestStrEncodingsDefault_t" time="0.000121831893920898" />
    <testcase name="Equals (796)" classname="spec_perl_TestStrEncodingsDefault_t" time="6.00814819335938e-05" />
    <testcase name="Equals (797)" classname="spec_perl_TestStrEncodingsDefault_t" time="0.000118017196655273" />
  </testsuite>
  <testsuite name="spec_perl_TestBcdUserTypeLe_t" errors="0" failures="0" skipped="0" tests="6" time="0.046238899230957">
    <system-out>1..6
ok 1 - Equals
ok 2 - Equals
ok 3 - Equals
ok 4 - Equals
ok 5 - Equals
ok 6 - Equals
</system-out>
    <testcase name="Equals (798)" classname="spec_perl_TestBcdUserTypeLe_t" time="0.00067591667175293" />
    <testcase name="Equals (799)" classname="spec_perl_TestBcdUserTypeLe_t" time="0.000133037567138672" />
    <testcase name="Equals (800)" classname="spec_perl_TestBcdUserTypeLe_t" time="0.000118017196655273" />
    <testcase name="Equals (801)" classname="spec_perl_TestBcdUserTypeLe_t" time="0.00015711784362793" />
    <testcase name="Equals (802)" classname="spec_perl_TestBcdUserTypeLe_t" time="0.000160932540893555" />
    <testcase name="Equals (803)" classname="spec_perl_TestBcdUserTypeLe_t" time="0.000168085098266602" />
  </testsuite>
  <testsuite name="spec_perl_TestEnumImport_t" errors="0" failures="2" skipped="0" tests="2" time="0.04864501953125">
    <system-out>1..2
not ok 1 - Equals
not ok 2 - Equals
</system-out>
    <testcase name="Equals (804)" classname="spec_perl_TestEnumImport_t" time="0.000669002532958984">
      <failure message="not ok 1 - Equals" type="TAP::Parser::Result::Test"></failure>
    </testcase>
    <testcase name="Equals (805)" classname="spec_perl_TestEnumImport_t" time="0.000818014144897461">
      <failure message="not ok 2 - Equals" type="TAP::Parser::Result::Test"></failure>
    </testcase>
  </testsuite>
  <testsuite name="spec_perl_TestZlibWithHeader78_t" errors="0" failures="0" skipped="0" tests="1" time="0.0670068264007568">
    <system-out>1..1
ok 1 - Equals
</system-out>
    <testcase name="Equals (806)" classname="spec_perl_TestZlibWithHeader78_t" time="0.000383853912353516" />
  </testsuite>
  <testsuite name="spec_perl_TestSwitchManualInt_t" errors="0" failures="0" skipped="0" tests="9" time="0.0499050617218018">
    <system-out>1..9
ok 1 - Equals
ok 2 - Equals
ok 3 - Equals
ok 4 - Equals
ok 5 - Equals
ok 6 - Equals
ok 7 - Equals
ok 8 - Equals
ok 9 - Equals
</system-out>
    <testcase name="Equals (807)" classname="spec_perl_TestSwitchManualInt_t" time="0.000404834747314453" />
    <testcase name="Equals (808)" classname="spec_perl_TestSwitchManualInt_t" time="9.51290130615234e-05" />
    <testcase name="Equals (809)" classname="spec_perl_TestSwitchManualInt_t" time="9.08374786376953e-05" />
    <testcase name="Equals (810)" classname="spec_perl_TestSwitchManualInt_t" time="0.000100135803222656" />
    <testcase name="Equals (811)" classname="spec_perl_TestSwitchManualInt_t" time="0.000151872634887695" />
    <testcase name="Equals (812)" classname="spec_perl_TestSwitchManualInt_t" time="0.000123023986816406" />
    <testcase name="Equals (813)" classname="spec_perl_TestSwitchManualInt_t" time="0.000142097473144531" />
    <testcase name="Equals (814)" classname="spec_perl_TestSwitchManualInt_t" time="0.000128984451293945" />
    <testcase name="Equals (815)" classname="spec_perl_TestSwitchManualInt_t" time="0.000154018402099609" />
  </testsuite>
</testsuites>
