<?xml version='1.0' encoding='utf-8'?>
<testsuites>
  <testsuite name="spec_perl_TestExprIoPos_t" errors="0" failures="0" skipped="0" tests="6" time="0.0780429840087891">
    <system-out>1..6
ok 1 - Equals
ok 2 - Equals
ok 3 - Equals
ok 4 - Equals
ok 5 - Equals
ok 6 - Equals
</system-out>
    <testcase name="Equals" classname="spec_perl_TestExprIoPos_t" time="0.0012199878692627" />
    <testcase name="Equals (2)" classname="spec_perl_TestExprIoPos_t" time="6.69956207275391e-05" />
    <testcase name="Equals (3)" classname="spec_perl_TestExprIoPos_t" time="3.60012054443359e-05" />
    <testcase name="Equals (4)" classname="spec_perl_TestExprIoPos_t" time="3.19480895996094e-05" />
    <testcase name="Equals (5)" classname="spec_perl_TestExprIoPos_t" time="5.29289245605469e-05" />
    <testcase name="Equals (6)" classname="spec_perl_TestExprIoPos_t" time="3.91006469726562e-05" />
  </testsuite>
  <testsuite name="spec_perl_TestCastNested_t" errors="0" failures="0" skipped="0" tests="4" time="0.087162971496582">
    <system-out>1..4
ok 1 - Equals
ok 2 - Equals
ok 3 - Equals
ok 4 - Equals
</system-out>
    <testcase name="Equals (7)" classname="spec_perl_TestCastNested_t" time="0.000303030014038086" />
    <testcase name="Equals (8)" classname="spec_perl_TestCastNested_t" time="9.60826873779297e-05" />
    <testcase name="Equals (9)" classname="spec_perl_TestCastNested_t" time="9.98973846435547e-05" />
    <testcase name="Equals (10)" classname="spec_perl_TestCastNested_t" time="0.000169038772583008" />
  </testsuite>
  <testsuite name="spec_perl_TestIndexToParamExpr_t" errors="0" failures="2" skipped="0" tests="7" time="0.0801219940185547">
    <system-out>1..7
ok 1 - Equals
ok 2 - Equals
ok 3 - Equals
ok 4 - Equals
ok 5 - Equals
not ok 6 - Equals
not ok 7 - Equals
</system-out>
    <testcase name="Equals (11)" classname="spec_perl_TestIndexToParamExpr_t" time="0.00085902214050293" />
    <testcase name="Equals (12)" classname="spec_perl_TestIndexToParamExpr_t" time="7.29560852050781e-05" />
    <testcase name="Equals (13)" classname="spec_perl_TestIndexToParamExpr_t" time="0.00379300117492676" />
    <testcase name="Equals (14)" classname="spec_perl_TestIndexToParamExpr_t" time="6.103515625e-05" />
    <testcase name="Equals (15)" classname="spec_perl_TestIndexToParamExpr_t" time="3.60012054443359e-05" />
    <testcase name="Equals (16)" classname="spec_perl_TestIndexToParamExpr_t" time="4.50611114501953e-05">
      <failure message="not ok 6 - Equals" type="TAP::Parser::Result::Test"></failure>
    </testcase>
    <testcase name="Equals (17)" classname="spec_perl_TestIndexToParamExpr_t" time="3.29017639160156e-05">
      <failure message="not ok 7 - Equals" type="TAP::Parser::Result::Test"></failure>
    </testcase>
  </testsuite>
  <testsuite name="spec_perl_TestImports0_t" errors="0" failures="0" skipped="0" tests="3" time="0.0720939636230469">
    <system-out>1..3
ok 1 - Equals
ok 2 - Equals
ok 3 - Equals
</system-out>
    <testcase name="Equals (18)" classname="spec_perl_TestImports0_t" time="0.000192880630493164" />
    <testcase name="Equals (19)" classname="spec_perl_TestImports0_t" time="8.0108642578125e-05" />
    <testcase name="Equals (20)" classname="spec_perl_TestImports0_t" time="6.29425048828125e-05" />
  </testsuite>
  <testsuite name="spec_perl_TestValidLong_t" errors="0" failures="0" skipped="1" tests="1" time="0.104839086532593">
    <system-out>1..1
ok 1 # skip ValidLong=HASH(0x556433de2a10)
</system-out>
    <testcase name="Unnamed test case 20" classname="spec_perl_TestValidLong_t" time="0.00138187408447266">
      <skipped message="ok 1 # skip ValidLong=HASH(0x556433de2a10)" />
    </testcase>
  </testsuite>
  <testsuite name="spec_perl_TestExprIoEof_t" errors="0" failures="0" skipped="0" tests="4" time="0.071986198425293">
    <system-out>1..4
ok 1 - Equals
ok 2 - nil
ok 3 - Equals
ok 4 - Equals
</system-out>
    <testcase name="Equals (21)" classname="spec_perl_TestExprIoEof_t" time="0.000580072402954102" />
    <testcase name="nil (21)" classname="spec_perl_TestExprIoEof_t" time="0.000119924545288086" />
    <testcase name="Equals (22)" classname="spec_perl_TestExprIoEof_t" time="4.29153442382812e-05" />
    <testcase name="Equals (23)" classname="spec_perl_TestExprIoEof_t" time="7.82012939453125e-05" />
  </testsuite>
  <testsuite name="spec_perl_TestInstanceIoUser_t" errors="0" failures="0" skipped="0" tests="4" time="0.0806658267974854">
    <system-out>1..4
ok 1 - Equals
ok 2 - Equals
ok 3 - Equals
ok 4 - Equals
</system-out>
    <testcase name="Equals (24)" classname="spec_perl_TestInstanceIoUser_t" time="0.000511884689331055" />
    <testcase name="Equals (25)" classname="spec_perl_TestInstanceIoUser_t" time="0.000108003616333008" />
    <testcase name="Equals (26)" classname="spec_perl_TestInstanceIoUser_t" time="0.000143051147460938" />
    <testcase name="Equals (27)" classname="spec_perl_TestInstanceIoUser_t" time="0.000169992446899414" />
  </testsuite>
  <testsuite name="spec_perl_TestRepeatUntilComplex_t" errors="0" failures="0" skipped="0" tests="15" time="0.0747900009155273">
    <system-out>1..15
ok 1 - Equals
ok 2 - Equals
ok 3 - Equals
ok 4 - Equals
ok 5 - Equals
ok 6 - Equals
ok 7 - Equals
ok 8 - Equals
ok 9 - Equals
ok 10 - Equals
ok 11 - Equals
ok 12 - Equals
ok 13 - Equals
ok 14 - Equals
ok 15 - Equals
</system-out>
    <testcase name="Equals (28)" classname="spec_perl_TestRepeatUntilComplex_t" time="0.000261068344116211" />
    <testcase name="Equals (29)" classname="spec_perl_TestRepeatUntilComplex_t" time="0.000101089477539062" />
    <testcase name="Equals (30)" classname="spec_perl_TestRepeatUntilComplex_t" time="0.000164985656738281" />
    <testcase name="Equals (31)" classname="spec_perl_TestRepeatUntilComplex_t" time="0.000115871429443359" />
    <testcase name="Equals (32)" classname="spec_perl_TestRepeatUntilComplex_t" time="0.000128030776977539" />
    <testcase name="Equals (33)" classname="spec_perl_TestRepeatUntilComplex_t" time="0.000117063522338867" />
    <testcase name="Equals (34)" classname="spec_perl_TestRepeatUntilComplex_t" time="0.000133037567138672" />
    <testcase name="Equals (35)" classname="spec_perl_TestRepeatUntilComplex_t" time="0.000128984451293945" />
    <testcase name="Equals (36)" classname="spec_perl_TestRepeatUntilComplex_t" time="0.00011897087097168" />
    <testcase name="Equals (37)" classname="spec_perl_TestRepeatUntilComplex_t" time="0.000123023986816406" />
    <testcase name="Equals (38)" classname="spec_perl_TestRepeatUntilComplex_t" time="0.000102996826171875" />
    <testcase name="Equals (39)" classname="spec_perl_TestRepeatUntilComplex_t" time="0.000140905380249023" />
    <testcase name="Equals (40)" classname="spec_perl_TestRepeatUntilComplex_t" time="0.000116109848022461" />
    <testcase name="Equals (41)" classname="spec_perl_TestRepeatUntilComplex_t" time="0.000113010406494141" />
    <testcase name="Equals (42)" classname="spec_perl_TestRepeatUntilComplex_t" time="0.000103950500488281" />
  </testsuite>
  <testsuite name="spec_perl_TestTermBytes_t" errors="0" failures="0" skipped="0" tests="3" time="0.096890926361084">
    <system-out>1..3
ok 1 - Equals
ok 2 - Equals
ok 3 - Equals
</system-out>
    <testcase name="Equals (43)" classname="spec_perl_TestTermBytes_t" time="0.000251054763793945" />
    <testcase name="Equals (44)" classname="spec_perl_TestTermBytes_t" time="6.79492950439453e-05" />
    <testcase name="Equals (45)" classname="spec_perl_TestTermBytes_t" time="0.000174045562744141" />
  </testsuite>
  <testsuite name="spec_perl_TestTsPacketHeader_t" errors="0" failures="0" skipped="0" tests="7" time="0.0736441612243652">
    <system-out>1..7
ok 1 - Equals
ok 2 - Equals
ok 3 - Equals
ok 4 - Equals
ok 5 - Equals
ok 6 - Equals
ok 7 - Equals
</system-out>
    <testcase name="Equals (46)" classname="spec_perl_TestTsPacketHeader_t" time="0.000230073928833008" />
    <testcase name="Equals (47)" classname="spec_perl_TestTsPacketHeader_t" time="9.39369201660156e-05" />
    <testcase name="Equals (48)" classname="spec_perl_TestTsPacketHeader_t" time="9.60826873779297e-05" />
    <testcase name="Equals (49)" classname="spec_perl_TestTsPacketHeader_t" time="8.17775726318359e-05" />
    <testcase name="Equals (50)" classname="spec_perl_TestTsPacketHeader_t" time="0.00013422966003418" />
    <testcase name="Equals (51)" classname="spec_perl_TestTsPacketHeader_t" time="0.000123977661132812" />
    <testcase name="Equals (52)" classname="spec_perl_TestTsPacketHeader_t" time="0.000125885009765625" />
  </testsuite>
  <testsuite name="spec_perl_TestEnum0_t" errors="0" failures="0" skipped="0" tests="2" time="0.0772819519042969">
    <system-out>1..2
ok 1 - Equals
ok 2 - Equals
</system-out>
    <testcase name="Equals (53)" classname="spec_perl_TestEnum0_t" time="0.000193119049072266" />
    <testcase name="Equals (54)" classname="spec_perl_TestEnum0_t" time="0.000102996826171875" />
  </testsuite>
  <testsuite name="spec_perl_TestBytesPadTerm_t" errors="0" failures="0" skipped="0" tests="4" time="0.0825231075286865">
    <system-out>1..4
ok 1 - Equals
ok 2 - Equals
ok 3 - Equals
ok 4 - Equals
</system-out>
    <testcase name="Equals (55)" classname="spec_perl_TestBytesPadTerm_t" time="0.000223875045776367" />
    <testcase name="Equals (56)" classname="spec_perl_TestBytesPadTerm_t" time="9.918212890625e-05" />
    <testcase name="Equals (57)" classname="spec_perl_TestBytesPadTerm_t" time="6.29425048828125e-05" />
    <testcase name="Equals (58)" classname="spec_perl_TestBytesPadTerm_t" time="7.48634338378906e-05" />
  </testsuite>
  <testsuite name="spec_perl_TestIoLocalVar_t" errors="0" failures="0" skipped="0" tests="2" time="0.0727779865264893">
    <system-out>1..2
ok 1 - Equals
ok 2 - Equals
</system-out>
    <testcase name="Equals (59)" classname="spec_perl_TestIoLocalVar_t" time="0.000516891479492188" />
    <testcase name="Equals (60)" classname="spec_perl_TestIoLocalVar_t" time="0.000108003616333008" />
  </testsuite>
  <testsuite name="spec_perl_TestExpr1_t" errors="0" failures="0" skipped="0" tests="4" time="0.0780110359191895">
    <system-out>1..4
ok 1 - Equals
ok 2 - Equals
ok 3 - Equals
ok 4 - Equals
</system-out>
    <testcase name="Equals (61)" classname="spec_perl_TestExpr1_t" time="0.000216960906982422" />
    <testcase name="Equals (62)" classname="spec_perl_TestExpr1_t" time="9.20295715332031e-05" />
    <testcase name="Equals (63)" classname="spec_perl_TestExpr1_t" time="0.000139951705932617" />
    <testcase name="Equals (64)" classname="spec_perl_TestExpr1_t" time="0.000137090682983398" />
  </testsuite>
  <testsuite name="spec_perl_TestInstanceStd_t" errors="0" failures="0" skipped="0" tests="1" time="0.0752058029174805">
    <system-out>1..1
ok 1 - Equals
</system-out>
    <testcase name="Equals (65)" classname="spec_perl_TestInstanceStd_t" time="0.000182151794433594" />
  </testsuite>
  <testsuite name="spec_perl_TestNestedTypes2_t" errors="0" failures="0" skipped="0" tests="7" time="0.0738289356231689">
    <system-out>1..7
ok 1 - Equals
ok 2 - Equals
ok 3 - Equals
ok 4 - Equals
ok 5 - Equals
ok 6 - Equals
ok 7 - Equals
</system-out>
    <testcase name="Equals (66)" classname="spec_perl_TestNestedTypes2_t" time="0.000261068344116211" />
    <testcase name="Equals (67)" classname="spec_perl_TestNestedTypes2_t" time="8.392333984375e-05" />
    <testcase name="Equals (68)" classname="spec_perl_TestNestedTypes2_t" time="0.000133991241455078" />
    <testcase name="Equals (69)" classname="spec_perl_TestNestedTypes2_t" time="0.000136137008666992" />
    <testcase name="Equals (70)" classname="spec_perl_TestNestedTypes2_t" time="0.000129938125610352" />
    <testcase name="Equals (71)" classname="spec_perl_TestNestedTypes2_t" time="0.000126123428344727" />
    <testcase name="Equals (72)" classname="spec_perl_TestNestedTypes2_t" time="0.000134944915771484" />
  </testsuite>
  <testsuite name="spec_perl_TestImportsAbs_t" errors="0" failures="0" skipped="0" tests="2" time="0.0730259418487549">
    <system-out>1..2
ok 1 - Equals
ok 2 - Equals
</system-out>
    <testcase name="Equals (73)" classname="spec_perl_TestImportsAbs_t" time="0.00020909309387207" />
    <testcase name="Equals (74)" classname="spec_perl_TestImportsAbs_t" time="7.39097595214844e-05" />
  </testsuite>
  <testsuite name="spec_perl_TestIntegersDoubleOverflow_t" errors="0" failures="0" skipped="0" tests="8" time="0.072382926940918">
    <system-out>1..8
ok 1 - Equals
ok 2 - Equals
ok 3 - Equals
ok 4 - Equals
ok 5 - Equals
ok 6 - Equals
ok 7 - Equals
ok 8 - Equals
</system-out>
    <testcase name="Equals (75)" classname="spec_perl_TestIntegersDoubleOverflow_t" time="0.000177860260009766" />
    <testcase name="Equals (76)" classname="spec_perl_TestIntegersDoubleOverflow_t" time="8.20159912109375e-05" />
    <testcase name="Equals (77)" classname="spec_perl_TestIntegersDoubleOverflow_t" time="0.000118017196655273" />
    <testcase name="Equals (78)" classname="spec_perl_TestIntegersDoubleOverflow_t" time="0.000131130218505859" />
    <testcase name="Equals (79)" classname="spec_perl_TestIntegersDoubleOverflow_t" time="0.000144004821777344" />
    <testcase name="Equals (80)" classname="spec_perl_TestIntegersDoubleOverflow_t" time="0.000128030776977539" />
    <testcase name="Equals (81)" classname="spec_perl_TestIntegersDoubleOverflow_t" time="0.000134944915771484" />
    <testcase name="Equals (82)" classname="spec_perl_TestIntegersDoubleOverflow_t" time="0.000114917755126953" />
  </testsuite>
  <testsuite name="spec_perl_TestValidNotParsedIf_t" errors="0" failures="0" skipped="1" tests="1" time="0.079193115234375">
    <system-out>1..1
ok 1 # skip ValidNotParsedIf=HASH(0x55c830ca8e20)
</system-out>
    <testcase name="Unnamed test case 82" classname="spec_perl_TestValidNotParsedIf_t" time="0.00135397911071777">
      <skipped message="ok 1 # skip ValidNotParsedIf=HASH(0x55c830ca8e20)" />
    </testcase>
  </testsuite>
  <testsuite name="spec_perl_TestEnumIntRangeU_t" errors="0" failures="0" skipped="0" tests="2" time="0.0719990730285645">
    <system-out>1..2
ok 1 - Equals
ok 2 - Equals
</system-out>
    <testcase name="Equals (83)" classname="spec_perl_TestEnumIntRangeU_t" time="0.000161886215209961" />
    <testcase name="Equals (84)" classname="spec_perl_TestEnumIntRangeU_t" time="6.103515625e-05" />
  </testsuite>
  <testsuite name="spec_perl_TestNavParent3_t" errors="0" failures="0" skipped="0" tests="10" time="0.0780720710754395">
    <system-out>1..10
ok 1 - Equals
ok 2 - Equals
ok 3 - Equals
ok 4 - Equals
ok 5 - Equals
ok 6 - Equals
ok 7 - Equals
ok 8 - Equals
ok 9 - Equals
ok 10 - Equals
</system-out>
    <testcase name="Equals (85)" classname="spec_perl_TestNavParent3_t" time="0.000221967697143555" />
    <testcase name="Equals (86)" classname="spec_perl_TestNavParent3_t" time="9.20295715332031e-05" />
    <testcase name="Equals (87)" classname="spec_perl_TestNavParent3_t" time="7.60555267333984e-05" />
    <testcase name="Equals (88)" classname="spec_perl_TestNavParent3_t" time="0.000135898590087891" />
    <testcase name="Equals (89)" classname="spec_perl_TestNavParent3_t" time="0.000128984451293945" />
    <testcase name="Equals (90)" classname="spec_perl_TestNavParent3_t" time="0.000173091888427734" />
    <testcase name="Equals (91)" classname="spec_perl_TestNavParent3_t" time="0.000128030776977539" />
    <testcase name="Equals (92)" classname="spec_perl_TestNavParent3_t" time="0.000124931335449219" />
    <testcase name="Equals (93)" classname="spec_perl_TestNavParent3_t" time="0.000139951705932617" />
    <testcase name="Equals (94)" classname="spec_perl_TestNavParent3_t" time="0.000151157379150391" />
  </testsuite>
  <testsuite name="spec_perl_TestOptionalId_t" errors="0" failures="0" skipped="0" tests="3" time="0.0794558525085449">
    <system-out>1..3
ok 1 - Equals
ok 2 - Equals
ok 3 - Equals
</system-out>
    <testcase name="Equals (95)" classname="spec_perl_TestOptionalId_t" time="0.000203847885131836" />
    <testcase name="Equals (96)" classname="spec_perl_TestOptionalId_t" time="7.60555267333984e-05" />
    <testcase name="Equals (97)" classname="spec_perl_TestOptionalId_t" time="5.79357147216797e-05" />
  </testsuite>
  <testsuite name="spec_perl_TestDocstringsDocrefMulti_t" errors="0" failures="0" skipped="1" tests="1" time="0.0761380195617676">
    <system-out>1..1
ok 1 # skip DocstringsDocrefMulti=HASH(0x55ba4d6347e0)
</system-out>
    <testcase name="Unnamed test case 97" classname="spec_perl_TestDocstringsDocrefMulti_t" time="0.00122594833374023">
      <skipped message="ok 1 # skip DocstringsDocrefMulti=HASH(0x55ba4d6347e0)" />
    </testcase>
  </testsuite>
  <testsuite name="spec_perl_TestBcdUserTypeLe_t" errors="0" failures="0" skipped="0" tests="6" time="0.0839231014251709">
    <system-out>1..6
ok 1 - Equals
ok 2 - Equals
ok 3 - Equals
ok 4 - Equals
ok 5 - Equals
ok 6 - Equals
</system-out>
    <testcase name="Equals (98)" classname="spec_perl_TestBcdUserTypeLe_t" time="0.000503063201904297" />
    <testcase name="Equals (99)" classname="spec_perl_TestBcdUserTypeLe_t" time="9.79900360107422e-05" />
    <testcase name="Equals (100)" classname="spec_perl_TestBcdUserTypeLe_t" time="0.000147819519042969" />
    <testcase name="Equals (101)" classname="spec_perl_TestBcdUserTypeLe_t" time="0.000226020812988281" />
    <testcase name="Equals (102)" classname="spec_perl_TestBcdUserTypeLe_t" time="0.000298976898193359" />
    <testcase name="Equals (103)" classname="spec_perl_TestBcdUserTypeLe_t" time="0.000168085098266602" />
  </testsuite>
  <testsuite name="spec_perl_TestDebugEnumName_t" errors="1" failures="0" skipped="0" tests="0" time="0.0800831317901611">
    <system-out></system-out>
    <testcase name="Test died too soon, even before plan. (103)" classname="spec_perl_TestDebugEnumName_t" time="0.0800831317901611">
      <failure message="The test suite died before a plan was produced. You need to have a plan." type="Plan">No plan</failure>
    </testcase>
  </testsuite>
  <testsuite name="spec_perl_TestSwitchBytearray_t" errors="0" failures="0" skipped="0" tests="9" time="0.086616039276123">
    <system-out>1..9
ok 1 - Equals
ok 2 - Equals
ok 3 - Equals
ok 4 - Equals
ok 5 - Equals
ok 6 - Equals
ok 7 - Equals
ok 8 - Equals
ok 9 - Equals
</system-out>
    <testcase name="Equals (104)" classname="spec_perl_TestSwitchBytearray_t" time="0.000290155410766602" />
    <testcase name="Equals (105)" classname="spec_perl_TestSwitchBytearray_t" time="9.39369201660156e-05" />
    <testcase name="Equals (106)" classname="spec_perl_TestSwitchBytearray_t" time="0.000126838684082031" />
    <testcase name="Equals (107)" classname="spec_perl_TestSwitchBytearray_t" time="0.000130176544189453" />
    <testcase name="Equals (108)" classname="spec_perl_TestSwitchBytearray_t" time="0.000129938125610352" />
    <testcase name="Equals (109)" classname="spec_perl_TestSwitchBytearray_t" time="0.000129938125610352" />
    <testcase name="Equals (110)" classname="spec_perl_TestSwitchBytearray_t" time="0.000133991241455078" />
    <testcase name="Equals (111)" classname="spec_perl_TestSwitchBytearray_t" time="0.00011897087097168" />
    <testcase name="Equals (112)" classname="spec_perl_TestSwitchBytearray_t" time="0.000133991241455078" />
  </testsuite>
  <testsuite name="spec_perl_TestRepeatEosBit_t" errors="0" failures="0" skipped="0" tests="1" time="0.0730679035186768">
    <system-out>1..1
ok 1 - Equals
</system-out>
    <testcase name="Equals (113)" classname="spec_perl_TestRepeatEosBit_t" time="0.000171899795532227" />
  </testsuite>
  <testsuite name="spec_perl_TestNestedTypes_t" errors="0" failures="0" skipped="0" tests="3" time="0.0725269317626953">
    <system-out>1..3
ok 1 - Equals
ok 2 - Equals
ok 3 - Equals
</system-out>
    <testcase name="Equals (114)" classname="spec_perl_TestNestedTypes_t" time="0.000199079513549805" />
    <testcase name="Equals (115)" classname="spec_perl_TestNestedTypes_t" time="0.00010991096496582" />
    <testcase name="Equals (116)" classname="spec_perl_TestNestedTypes_t" time="0.000127077102661133" />
  </testsuite>
  <testsuite name="spec_perl_TestBitsEnum_t" errors="0" failures="0" skipped="0" tests="3" time="0.0839109420776367">
    <system-out>1..3
ok 1 - Equals
ok 2 - Equals
ok 3 - Equals
</system-out>
    <testcase name="Equals (117)" classname="spec_perl_TestBitsEnum_t" time="0.000222921371459961" />
    <testcase name="Equals (118)" classname="spec_perl_TestBitsEnum_t" time="9.70363616943359e-05" />
    <testcase name="Equals (119)" classname="spec_perl_TestBitsEnum_t" time="0.000154972076416016" />
  </testsuite>
  <testsuite name="spec_perl_TestCombineBool_t" errors="0" failures="0" skipped="0" tests="2" time="0.0864839553833008">
    <system-out>1..2
ok 1 - Equals
ok 2 - Equals
</system-out>
    <testcase name="Equals (120)" classname="spec_perl_TestCombineBool_t" time="0.000229835510253906" />
    <testcase name="Equals (121)" classname="spec_perl_TestCombineBool_t" time="7.91549682617188e-05" />
  </testsuite>
  <testsuite name="spec_perl_TestMultipleUse_t" errors="0" failures="0" skipped="0" tests="2" time="0.0724217891693115">
    <system-out>1..2
ok 1 - Equals
ok 2 - Equals
</system-out>
    <testcase name="Equals (122)" classname="spec_perl_TestMultipleUse_t" time="0.000214099884033203" />
    <testcase name="Equals (123)" classname="spec_perl_TestMultipleUse_t" time="9.89437103271484e-05" />
  </testsuite>
  <testsuite name="spec_perl_TestIntegersMinMax_t" errors="0" failures="0" skipped="0" tests="28" time="0.0759530067443848">
    <system-out>1..28
ok 1 - Equals
ok 2 - Equals
ok 3 - Equals
ok 4 - Equals
ok 5 - Equals
ok 6 - Equals
ok 7 - Equals
ok 8 - Equals
ok 9 - Equals
ok 10 - Equals
ok 11 - Equals
ok 12 - Equals
ok 13 - Equals
ok 14 - Equals
ok 15 - Equals
ok 16 - Equals
ok 17 - Equals
ok 18 - Equals
ok 19 - Equals
ok 20 - Equals
ok 21 - Equals
ok 22 - Equals
ok 23 - Equals
ok 24 - Equals
ok 25 - Equals
ok 26 - Equals
ok 27 - Equals
ok 28 - Equals
</system-out>
    <testcase name="Equals (124)" classname="spec_perl_TestIntegersMinMax_t" time="0.000264883041381836" />
    <testcase name="Equals (125)" classname="spec_perl_TestIntegersMinMax_t" time="6.69956207275391e-05" />
    <testcase name="Equals (126)" classname="spec_perl_TestIntegersMinMax_t" time="0.000112056732177734" />
    <testcase name="Equals (127)" classname="spec_perl_TestIntegersMinMax_t" time="0.000126123428344727" />
    <testcase name="Equals (128)" classname="spec_perl_TestIntegersMinMax_t" time="0.000126838684082031" />
    <testcase name="Equals (129)" classname="spec_perl_TestIntegersMinMax_t" time="0.00047612190246582" />
    <testcase name="Equals (130)" classname="spec_perl_TestIntegersMinMax_t" time="5.98430633544922e-05" />
    <testcase name="Equals (131)" classname="spec_perl_TestIntegersMinMax_t" time="3.31401824951172e-05" />
    <testcase name="Equals (132)" classname="spec_perl_TestIntegersMinMax_t" time="5.38825988769531e-05" />
    <testcase name="Equals (133)" classname="spec_perl_TestIntegersMinMax_t" time="3.09944152832031e-05" />
    <testcase name="Equals (134)" classname="spec_perl_TestIntegersMinMax_t" time="0.000198125839233398" />
    <testcase name="Equals (135)" classname="spec_perl_TestIntegersMinMax_t" time="8.20159912109375e-05" />
    <testcase name="Equals (136)" classname="spec_perl_TestIntegersMinMax_t" time="9.08374786376953e-05" />
    <testcase name="Equals (137)" classname="spec_perl_TestIntegersMinMax_t" time="6.00814819335938e-05" />
    <testcase name="Equals (138)" classname="spec_perl_TestIntegersMinMax_t" time="0.000172138214111328" />
    <testcase name="Equals (139)" classname="spec_perl_TestIntegersMinMax_t" time="5.88893890380859e-05" />
    <testcase name="Equals (140)" classname="spec_perl_TestIntegersMinMax_t" time="0.000147104263305664" />
    <testcase name="Equals (141)" classname="spec_perl_TestIntegersMinMax_t" time="0.000113010406494141" />
    <testcase name="Equals (142)" classname="spec_perl_TestIntegersMinMax_t" time="0.000120878219604492" />
    <testcase name="Equals (143)" classname="spec_perl_TestIntegersMinMax_t" time="0.000117063522338867" />
    <testcase name="Equals (144)" classname="spec_perl_TestIntegersMinMax_t" time="0.000118017196655273" />
    <testcase name="Equals (145)" classname="spec_perl_TestIntegersMinMax_t" time="0.000125885009765625" />
    <testcase name="Equals (146)" classname="spec_perl_TestIntegersMinMax_t" time="0.000124931335449219" />
    <testcase name="Equals (147)" classname="spec_perl_TestIntegersMinMax_t" time="0.000109195709228516" />
    <testcase name="Equals (148)" classname="spec_perl_TestIntegersMinMax_t" time="0.00011897087097168" />
    <testcase name="Equals (149)" classname="spec_perl_TestIntegersMinMax_t" time="0.000102043151855469" />
    <testcase name="Equals (150)" classname="spec_perl_TestIntegersMinMax_t" time="0.00013279914855957" />
    <testcase name="Equals (151)" classname="spec_perl_TestIntegersMinMax_t" time="0.000137090682983398" />
  </testsuite>
  <testsuite name="spec_perl_TestExpr3_t" errors="0" failures="0" skipped="0" tests="12" time="0.0791668891906738">
    <system-out>1..12
ok 1 - Equals
ok 2 - Equals
ok 3 - Equals
ok 4 - Equals
ok 5 - Equals
ok 6 - Equals
ok 7 - Equals
ok 8 - Equals
ok 9 - Equals
ok 10 - Equals
ok 11 - Equals
ok 12 - Equals
</system-out>
    <testcase name="Equals (152)" classname="spec_perl_TestExpr3_t" time="0.00023198127746582" />
    <testcase name="Equals (153)" classname="spec_perl_TestExpr3_t" time="7.51018524169922e-05" />
    <testcase name="Equals (154)" classname="spec_perl_TestExpr3_t" time="0.000136852264404297" />
    <testcase name="Equals (155)" classname="spec_perl_TestExpr3_t" time="0.000158071517944336" />
    <testcase name="Equals (156)" classname="spec_perl_TestExpr3_t" time="0.000129938125610352" />
    <testcase name="Equals (157)" classname="spec_perl_TestExpr3_t" time="0.000110149383544922" />
    <testcase name="Equals (158)" classname="spec_perl_TestExpr3_t" time="0.000114917755126953" />
    <testcase name="Equals (159)" classname="spec_perl_TestExpr3_t" time="0.000114917755126953" />
    <testcase name="Equals (160)" classname="spec_perl_TestExpr3_t" time="0.000108957290649414" />
    <testcase name="Equals (161)" classname="spec_perl_TestExpr3_t" time="0.000104188919067383" />
    <testcase name="Equals (162)" classname="spec_perl_TestExpr3_t" time="0.000114917755126953" />
    <testcase name="Equals (163)" classname="spec_perl_TestExpr3_t" time="0.000106096267700195" />
  </testsuite>
  <testsuite name="spec_perl_TestDebugSwitchUser_t" errors="1" failures="0" skipped="0" tests="0" time="0.0847969055175781">
    <system-out></system-out>
    <testcase name="Test died too soon, even before plan. (163)" classname="spec_perl_TestDebugSwitchUser_t" time="0.0847969055175781">
      <failure message="The test suite died before a plan was produced. You need to have a plan." type="Plan">No plan</failure>
    </testcase>
  </testsuite>
  <testsuite name="spec_perl_TestParamsPassArrayStr_t" errors="0" failures="1" skipped="6" tests="7" time="0.0844180583953857">
    <system-out>1..7
not ok 1 - test_params_pass_array_str died (Can't use an undefined value as an ARRAY reference at spec/perl/TestParamsPassArrayStr.t line 14.)
ok 2 # skip test_params_pass_array_str died
ok 3 # skip test_params_pass_array_str died
ok 4 # skip test_params_pass_array_str died
ok 5 # skip test_params_pass_array_str died
ok 6 # skip test_params_pass_array_str died
ok 7 # skip test_params_pass_array_str died
</system-out>
    <testcase name="test_params_pass_array_str died (Can't use an undefined value as an ARRAY reference at spec/perl/TestParamsPassArrayStr.t line 14.) (163)" classname="spec_perl_TestParamsPassArrayStr_t" time="0.000258922576904297">
      <failure message="not ok 1 - test_params_pass_array_str died (Can't use an undefined value as an ARRAY reference at spec/perl/TestParamsPassArrayStr.t line 14.)" type="TAP::Parser::Result::Test"></failure>
    </testcase>
    <testcase name="Unnamed test case 163" classname="spec_perl_TestParamsPassArrayStr_t" time="0.00120806694030762">
      <skipped message="ok 2 # skip test_params_pass_array_str died" />
    </testcase>
    <testcase name="Unnamed test case 164" classname="spec_perl_TestParamsPassArrayStr_t" time="7.70092010498047e-05">
      <skipped message="ok 3 # skip test_params_pass_array_str died" />
    </testcase>
    <testcase name="Unnamed test case 165" classname="spec_perl_TestParamsPassArrayStr_t" time="4.00543212890625e-05">
      <skipped message="ok 4 # skip test_params_pass_array_str died" />
    </testcase>
    <testcase name="Unnamed test case 166" classname="spec_perl_TestParamsPassArrayStr_t" time="3.69548797607422e-05">
      <skipped message="ok 5 # skip test_params_pass_array_str died" />
    </testcase>
    <testcase name="Unnamed test case 167" classname="spec_perl_TestParamsPassArrayStr_t" time="3.88622283935547e-05">
      <skipped message="ok 6 # skip test_params_pass_array_str died" />
    </testcase>
    <testcase name="Unnamed test case 168" classname="spec_perl_TestParamsPassArrayStr_t" time="3.60012054443359e-05">
      <skipped message="ok 7 # skip test_params_pass_array_str died" />
    </testcase>
  </testsuite>
  <testsuite name="spec_perl_TestIfStruct_t" errors="0" failures="0" skipped="0" tests="7" time="0.0790309906005859">
    <system-out>1..7
ok 1 - Equals
ok 2 - Equals
ok 3 - Equals
ok 4 - Equals
ok 5 - Equals
ok 6 - Equals
ok 7 - Equals
</system-out>
    <testcase name="Equals (168)" classname="spec_perl_TestIfStruct_t" time="0.000225067138671875" />
    <testcase name="Equals (169)" classname="spec_perl_TestIfStruct_t" time="9.89437103271484e-05" />
    <testcase name="Equals (170)" classname="spec_perl_TestIfStruct_t" time="8.29696655273438e-05" />
    <testcase name="Equals (171)" classname="spec_perl_TestIfStruct_t" time="0.000141143798828125" />
    <testcase name="Equals (172)" classname="spec_perl_TestIfStruct_t" time="0.000123023986816406" />
    <testcase name="Equals (173)" classname="spec_perl_TestIfStruct_t" time="0.000130891799926758" />
    <testcase name="Equals (174)" classname="spec_perl_TestIfStruct_t" time="0.000124931335449219" />
  </testsuite>
  <testsuite name="spec_perl_TestTypeIntUnaryOp_t" errors="0" failures="0" skipped="0" tests="4" time="0.074146032333374">
    <system-out>1..4
ok 1 - Equals
ok 2 - Equals
ok 3 - Equals
ok 4 - Equals
</system-out>
    <testcase name="Equals (175)" classname="spec_perl_TestTypeIntUnaryOp_t" time="0.000171899795532227" />
    <testcase name="Equals (176)" classname="spec_perl_TestTypeIntUnaryOp_t" time="0.000303030014038086" />
    <testcase name="Equals (177)" classname="spec_perl_TestTypeIntUnaryOp_t" time="6.4849853515625e-05" />
    <testcase name="Equals (178)" classname="spec_perl_TestTypeIntUnaryOp_t" time="5.00679016113281e-05" />
  </testsuite>
  <testsuite name="spec_perl_TestParamsCallShort_t" errors="0" failures="3" skipped="0" tests="3" time="0.0910730361938477">
    <system-out>1..3
not ok 1 - Equals
not ok 2 - Equals
not ok 3 - Equals
</system-out>
    <testcase name="Equals (179)" classname="spec_perl_TestParamsCallShort_t" time="0.000296115875244141">
      <failure message="not ok 1 - Equals" type="TAP::Parser::Result::Test"></failure>
    </testcase>
    <testcase name="Equals (180)" classname="spec_perl_TestParamsCallShort_t" time="0.00195789337158203">
      <failure message="not ok 2 - Equals" type="TAP::Parser::Result::Test"></failure>
    </testcase>
    <testcase name="Equals (181)" classname="spec_perl_TestParamsCallShort_t" time="9.60826873779297e-05">
      <failure message="not ok 3 - Equals" type="TAP::Parser::Result::Test"></failure>
    </testcase>
  </testsuite>
  <testsuite name="spec_perl_TestSwitchManualIntSize_t" errors="0" failures="0" skipped="0" tests="10" time="0.101449966430664">
    <system-out>1..10
ok 1 - Equals
ok 2 - Equals
ok 3 - Equals
ok 4 - Equals
ok 5 - Equals
ok 6 - Equals
ok 7 - Equals
ok 8 - Equals
ok 9 - Equals
ok 10 - Equals
</system-out>
    <testcase name="Equals (182)" classname="spec_perl_TestSwitchManualIntSize_t" time="0.00124096870422363" />
    <testcase name="Equals (183)" classname="spec_perl_TestSwitchManualIntSize_t" time="0.000121116638183594" />
    <testcase name="Equals (184)" classname="spec_perl_TestSwitchManualIntSize_t" time="0.000475883483886719" />
    <testcase name="Equals (185)" classname="spec_perl_TestSwitchManualIntSize_t" time="0.000176191329956055" />
    <testcase name="Equals (186)" classname="spec_perl_TestSwitchManualIntSize_t" time="0.000335931777954102" />
    <testcase name="Equals (187)" classname="spec_perl_TestSwitchManualIntSize_t" time="5.10215759277344e-05" />
    <testcase name="Equals (188)" classname="spec_perl_TestSwitchManualIntSize_t" time="0.00049591064453125" />
    <testcase name="Equals (189)" classname="spec_perl_TestSwitchManualIntSize_t" time="6.41345977783203e-05" />
    <testcase name="Equals (190)" classname="spec_perl_TestSwitchManualIntSize_t" time="0.000351905822753906" />
    <testcase name="Equals (191)" classname="spec_perl_TestSwitchManualIntSize_t" time="0.000463008880615234" />
  </testsuite>
  <testsuite name="spec_perl_TestEnumImport_t" errors="0" failures="2" skipped="0" tests="2" time="0.0794088840484619">
    <system-out>1..2
not ok 1 - Equals
not ok 2 - Equals
</system-out>
    <testcase name="Equals (192)" classname="spec_perl_TestEnumImport_t" time="0.00109696388244629">
      <failure message="not ok 1 - Equals" type="TAP::Parser::Result::Test"></failure>
    </testcase>
    <testcase name="Equals (193)" classname="spec_perl_TestEnumImport_t" time="0.00148892402648926">
      <failure message="not ok 2 - Equals" type="TAP::Parser::Result::Test"></failure>
    </testcase>
  </testsuite>
  <testsuite name="spec_perl_TestNavParent_t" errors="0" failures="0" skipped="0" tests="5" time="0.077347993850708">
    <system-out>1..5
ok 1 - Equals
ok 2 - Equals
ok 3 - Equals
ok 4 - Equals
ok 5 - Equals
</system-out>
    <testcase name="Equals (194)" classname="spec_perl_TestNavParent_t" time="0.000231027603149414" />
    <testcase name="Equals (195)" classname="spec_perl_TestNavParent_t" time="9.79900360107422e-05" />
    <testcase name="Equals (196)" classname="spec_perl_TestNavParent_t" time="0.000124931335449219" />
    <testcase name="Equals (197)" classname="spec_perl_TestNavParent_t" time="0.000131130218505859" />
    <testcase name="Equals (198)" classname="spec_perl_TestNavParent_t" time="0.000130891799926758" />
  </testsuite>
  <testsuite name="spec_perl_TestImportsAbsRel_t" errors="0" failures="0" skipped="0" tests="3" time="0.0739510059356689">
    <system-out>1..3
ok 1 - Equals
ok 2 - Equals
ok 3 - Equals
</system-out>
    <testcase name="Equals (199)" classname="spec_perl_TestImportsAbsRel_t" time="0.00020599365234375" />
    <testcase name="Equals (200)" classname="spec_perl_TestImportsAbsRel_t" time="8.79764556884766e-05" />
    <testcase name="Equals (201)" classname="spec_perl_TestImportsAbsRel_t" time="7.00950622558594e-05" />
  </testsuite>
  <testsuite name="spec_perl_TestProcessRepeatBytes_t" errors="0" failures="0" skipped="0" tests="2" time="0.0879590511322021">
    <system-out>1..2
ok 1 - Equals
ok 2 - Equals
</system-out>
    <testcase name="Equals (202)" classname="spec_perl_TestProcessRepeatBytes_t" time="0.000194072723388672" />
    <testcase name="Equals (203)" classname="spec_perl_TestProcessRepeatBytes_t" time="9.98973846435547e-05" />
  </testsuite>
  <testsuite name="spec_perl_TestExprEnum_t" errors="0" failures="0" skipped="0" tests="3" time="0.0719659328460693">
    <system-out>1..3
ok 1 - Equals
ok 2 - Equals
ok 3 - Equals
</system-out>
    <testcase name="Equals (204)" classname="spec_perl_TestExprEnum_t" time="0.000164031982421875" />
    <testcase name="Equals (205)" classname="spec_perl_TestExprEnum_t" time="6.103515625e-05" />
    <testcase name="Equals (206)" classname="spec_perl_TestExprEnum_t" time="0.000119924545288086" />
  </testsuite>
  <testsuite name="spec_perl_TestParamsPassArrayStruct_t" errors="0" failures="1" skipped="2" tests="3" time="0.0818920135498047">
    <system-out>1..3
not ok 1 - test_params_pass_array_struct died (Can't use an undefined value as an ARRAY reference at spec/perl/TestParamsPassArrayStruct.t line 14.)
ok 2 # skip test_params_pass_array_struct died
ok 3 # skip test_params_pass_array_struct died
</system-out>
    <testcase name="test_params_pass_array_struct died (Can't use an undefined value as an ARRAY reference at spec/perl/TestParamsPassArrayStruct.t line 14.) (206)" classname="spec_perl_TestParamsPassArrayStruct_t" time="0.000272035598754883">
      <failure message="not ok 1 - test_params_pass_array_struct died (Can't use an undefined value as an ARRAY reference at spec/perl/TestParamsPassArrayStruct.t line 14.)" type="TAP::Parser::Result::Test"></failure>
    </testcase>
    <testcase name="Unnamed test case 206" classname="spec_perl_TestParamsPassArrayStruct_t" time="0.000853061676025391">
      <skipped message="ok 2 # skip test_params_pass_array_struct died" />
    </testcase>
    <testcase name="Unnamed test case 207" classname="spec_perl_TestParamsPassArrayStruct_t" time="7.89165496826172e-05">
      <skipped message="ok 3 # skip test_params_pass_array_struct died" />
    </testcase>
  </testsuite>
  <testsuite name="spec_perl_TestNavParent2_t" errors="0" failures="0" skipped="0" tests="10" time="0.0782427787780762">
    <system-out>1..10
ok 1 - Equals
ok 2 - Equals
ok 3 - Equals
ok 4 - Equals
ok 5 - Equals
ok 6 - Equals
ok 7 - Equals
ok 8 - Equals
ok 9 - Equals
ok 10 - Equals
</system-out>
    <testcase name="Equals (207)" classname="spec_perl_TestNavParent2_t" time="0.00017094612121582" />
    <testcase name="Equals (208)" classname="spec_perl_TestNavParent2_t" time="6.89029693603516e-05" />
    <testcase name="Equals (209)" classname="spec_perl_TestNavParent2_t" time="0.000198125839233398" />
    <testcase name="Equals (210)" classname="spec_perl_TestNavParent2_t" time="5.79357147216797e-05" />
    <testcase name="Equals (211)" classname="spec_perl_TestNavParent2_t" time="0.000121116638183594" />
    <testcase name="Equals (212)" classname="spec_perl_TestNavParent2_t" time="0.000182867050170898" />
    <testcase name="Equals (213)" classname="spec_perl_TestNavParent2_t" time="0.00012516975402832" />
    <testcase name="Equals (214)" classname="spec_perl_TestNavParent2_t" time="0.000126838684082031" />
    <testcase name="Equals (215)" classname="spec_perl_TestNavParent2_t" time="0.000153064727783203" />
    <testcase name="Equals (216)" classname="spec_perl_TestNavParent2_t" time="0.000164985656738281" />
  </testsuite>
  <testsuite name="spec_perl_TestEnumLongRangeU_t" errors="0" failures="0" skipped="0" tests="4" time="0.0728099346160889">
    <system-out>1..4
ok 1 - Equals
ok 2 - Equals
ok 3 - Equals
ok 4 - Equals
</system-out>
    <testcase name="Equals (217)" classname="spec_perl_TestEnumLongRangeU_t" time="0.000179052352905273" />
    <testcase name="Equals (218)" classname="spec_perl_TestEnumLongRangeU_t" time="9.48905944824219e-05" />
    <testcase name="Equals (219)" classname="spec_perl_TestEnumLongRangeU_t" time="0.000152111053466797" />
    <testcase name="Equals (220)" classname="spec_perl_TestEnumLongRangeU_t" time="0.000132083892822266" />
  </testsuite>
  <testsuite name="spec_perl_TestCombineStr_t" errors="0" failures="0" skipped="0" tests="15" time="0.0917079448699951">
    <system-out>1..15
ok 1 - Equals
ok 2 - Equals
ok 3 - Equals
ok 4 - Equals
ok 5 - Equals
ok 6 - Equals
ok 7 - Equals
ok 8 - Equals
ok 9 - Equals
ok 10 - Equals
ok 11 - Equals
ok 12 - Equals
ok 13 - Equals
ok 14 - Equals
ok 15 - Equals
</system-out>
    <testcase name="Equals (221)" classname="spec_perl_TestCombineStr_t" time="0.000221967697143555" />
    <testcase name="Equals (222)" classname="spec_perl_TestCombineStr_t" time="0.000100135803222656" />
    <testcase name="Equals (223)" classname="spec_perl_TestCombineStr_t" time="0.000100851058959961" />
    <testcase name="Equals (224)" classname="spec_perl_TestCombineStr_t" time="9.79900360107422e-05" />
    <testcase name="Equals (225)" classname="spec_perl_TestCombineStr_t" time="0.000163078308105469" />
    <testcase name="Equals (226)" classname="spec_perl_TestCombineStr_t" time="0.000127077102661133" />
    <testcase name="Equals (227)" classname="spec_perl_TestCombineStr_t" time="0.000165939331054688" />
    <testcase name="Equals (228)" classname="spec_perl_TestCombineStr_t" time="0.0001220703125" />
    <testcase name="Equals (229)" classname="spec_perl_TestCombineStr_t" time="0.00013279914855957" />
    <testcase name="Equals (230)" classname="spec_perl_TestCombineStr_t" time="0.00012516975402832" />
    <testcase name="Equals (231)" classname="spec_perl_TestCombineStr_t" time="0.000123977661132812" />
    <testcase name="Equals (232)" classname="spec_perl_TestCombineStr_t" time="0.000123977661132812" />
    <testcase name="Equals (233)" classname="spec_perl_TestCombineStr_t" time="0.000123977661132812" />
    <testcase name="Equals (234)" classname="spec_perl_TestCombineStr_t" time="0.000127077102661133" />
    <testcase name="Equals (235)" classname="spec_perl_TestCombineStr_t" time="0.000123023986816406" />
  </testsuite>
  <testsuite name="spec_perl_TestIfValues_t" errors="0" failures="0" skipped="0" tests="6" time="0.0723550319671631">
    <system-out>1..6
ok 1 - Equals
ok 2 - Equals
ok 3 - Equals
ok 4 - nil
ok 5 - Equals
ok 6 - nil
</system-out>
    <testcase name="Equals (236)" classname="spec_perl_TestIfValues_t" time="0.000227212905883789" />
    <testcase name="Equals (237)" classname="spec_perl_TestIfValues_t" time="7.70092010498047e-05" />
    <testcase name="Equals (238)" classname="spec_perl_TestIfValues_t" time="8.392333984375e-05" />
    <testcase name="nil (238)" classname="spec_perl_TestIfValues_t" time="5.79357147216797e-05" />
    <testcase name="Equals (239)" classname="spec_perl_TestIfValues_t" time="7.51018524169922e-05" />
    <testcase name="nil (239)" classname="spec_perl_TestIfValues_t" time="5.60283660888672e-05" />
  </testsuite>
  <testsuite name="spec_perl_TestSwitchMultiBoolOps_t" errors="0" failures="0" skipped="0" tests="9" time="0.0806620121002197">
    <system-out>1..9
ok 1 - Equals
ok 2 - Equals
ok 3 - Equals
ok 4 - Equals
ok 5 - Equals
ok 6 - Equals
ok 7 - Equals
ok 8 - Equals
ok 9 - Equals
</system-out>
    <testcase name="Equals (240)" classname="spec_perl_TestSwitchMultiBoolOps_t" time="0.000217914581298828" />
    <testcase name="Equals (241)" classname="spec_perl_TestSwitchMultiBoolOps_t" time="9.20295715332031e-05" />
    <testcase name="Equals (242)" classname="spec_perl_TestSwitchMultiBoolOps_t" time="0.000128984451293945" />
    <testcase name="Equals (243)" classname="spec_perl_TestSwitchMultiBoolOps_t" time="0.000117063522338867" />
    <testcase name="Equals (244)" classname="spec_perl_TestSwitchMultiBoolOps_t" time="0.000124931335449219" />
    <testcase name="Equals (245)" classname="spec_perl_TestSwitchMultiBoolOps_t" time="0.0001220703125" />
    <testcase name="Equals (246)" classname="spec_perl_TestSwitchMultiBoolOps_t" time="0.000159978866577148" />
    <testcase name="Equals (247)" classname="spec_perl_TestSwitchMultiBoolOps_t" time="0.000131845474243164" />
    <testcase name="Equals (248)" classname="spec_perl_TestSwitchMultiBoolOps_t" time="0.000129222869873047" />
  </testsuite>
  <testsuite name="spec_perl_TestProcessCoerceUsertype1_t" errors="0" failures="0" skipped="0" tests="4" time="0.0738630294799805">
    <system-out>1..4
ok 1 - Equals
ok 2 - Equals
ok 3 - Equals
ok 4 - Equals
</system-out>
    <testcase name="Equals (249)" classname="spec_perl_TestProcessCoerceUsertype1_t" time="0.000593900680541992" />
    <testcase name="Equals (250)" classname="spec_perl_TestProcessCoerceUsertype1_t" time="7.41481781005859e-05" />
    <testcase name="Equals (251)" classname="spec_perl_TestProcessCoerceUsertype1_t" time="0.000128984451293945" />
    <testcase name="Equals (252)" classname="spec_perl_TestProcessCoerceUsertype1_t" time="0.000137090682983398" />
  </testsuite>
  <testsuite name="spec_perl_TestEnumIntRangeS_t" errors="0" failures="0" skipped="0" tests="3" time="0.0729529857635498">
    <system-out>1..3
ok 1 - Equals
ok 2 - Equals
ok 3 - Equals
</system-out>
    <testcase name="Equals (253)" classname="spec_perl_TestEnumIntRangeS_t" time="0.00017094612121582" />
    <testcase name="Equals (254)" classname="spec_perl_TestEnumIntRangeS_t" time="6.69956207275391e-05" />
    <testcase name="Equals (255)" classname="spec_perl_TestEnumIntRangeS_t" time="0.000106096267700195" />
  </testsuite>
  <testsuite name="spec_perl_TestRepeatNStrzDouble_t" errors="0" failures="0" skipped="0" tests="3" time="0.0783379077911377">
    <system-out>1..3
ok 1 - Equals
ok 2 - Equals
ok 3 - Equals
</system-out>
    <testcase name="Equals (256)" classname="spec_perl_TestRepeatNStrzDouble_t" time="0.00030517578125" />
    <testcase name="Equals (257)" classname="spec_perl_TestRepeatNStrzDouble_t" time="0.000108957290649414" />
    <testcase name="Equals (258)" classname="spec_perl_TestRepeatNStrzDouble_t" time="9.29832458496094e-05" />
  </testsuite>
  <testsuite name="spec_perl_TestFixedStruct_t" errors="0" failures="0" skipped="0" tests="20" time="0.0756809711456299">
    <system-out>1..20
ok 1 - Equals
ok 2 - Equals
ok 3 - Equals
ok 4 - Equals
ok 5 - Equals
ok 6 - Equals
ok 7 - Equals
ok 8 - Equals
ok 9 - Equals
ok 10 - Equals
ok 11 - Equals
ok 12 - Equals
ok 13 - Equals
ok 14 - Equals
ok 15 - Equals
ok 16 - Equals
ok 17 - Equals
ok 18 - Equals
ok 19 - Equals
ok 20 - Equals
</system-out>
    <testcase name="Equals (259)" classname="spec_perl_TestFixedStruct_t" time="0.000232934951782227" />
    <testcase name="Equals (260)" classname="spec_perl_TestFixedStruct_t" time="9.01222229003906e-05" />
    <testcase name="Equals (261)" classname="spec_perl_TestFixedStruct_t" time="0.000140905380249023" />
    <testcase name="Equals (262)" classname="spec_perl_TestFixedStruct_t" time="0.000128984451293945" />
    <testcase name="Equals (263)" classname="spec_perl_TestFixedStruct_t" time="0.000137090682983398" />
    <testcase name="Equals (264)" classname="spec_perl_TestFixedStruct_t" time="0.000129938125610352" />
    <testcase name="Equals (265)" classname="spec_perl_TestFixedStruct_t" time="0.000128984451293945" />
    <testcase name="Equals (266)" classname="spec_perl_TestFixedStruct_t" time="0.000125885009765625" />
    <testcase name="Equals (267)" classname="spec_perl_TestFixedStruct_t" time="0.00012516975402832" />
    <testcase name="Equals (268)" classname="spec_perl_TestFixedStruct_t" time="0.000125885009765625" />
    <testcase name="Equals (269)" classname="spec_perl_TestFixedStruct_t" time="0.000123023986816406" />
    <testcase name="Equals (270)" classname="spec_perl_TestFixedStruct_t" time="0.000123023986816406" />
    <testcase name="Equals (271)" classname="spec_perl_TestFixedStruct_t" time="0.000132083892822266" />
    <testcase name="Equals (272)" classname="spec_perl_TestFixedStruct_t" time="0.000118017196655273" />
    <testcase name="Equals (273)" classname="spec_perl_TestFixedStruct_t" time="0.000131845474243164" />
    <testcase name="Equals (274)" classname="spec_perl_TestFixedStruct_t" time="0.0001220703125" />
    <testcase name="Equals (275)" classname="spec_perl_TestFixedStruct_t" time="0.000119924545288086" />
    <testcase name="Equals (276)" classname="spec_perl_TestFixedStruct_t" time="0.000128030776977539" />
    <testcase name="Equals (277)" classname="spec_perl_TestFixedStruct_t" time="0.000124931335449219" />
    <testcase name="Equals (278)" classname="spec_perl_TestFixedStruct_t" time="0.0001220703125" />
  </testsuite>
  <testsuite name="spec_perl_TestIntegers_t" errors="0" failures="0" skipped="0" tests="20" time="0.0743198394775391">
    <system-out>1..20
ok 1 - Equals
ok 2 - Equals
ok 3 - Equals
ok 4 - Equals
ok 5 - Equals
ok 6 - Equals
ok 7 - Equals
ok 8 - Equals
ok 9 - Equals
ok 10 - Equals
ok 11 - Equals
ok 12 - Equals
ok 13 - Equals
ok 14 - Equals
ok 15 - Equals
ok 16 - Equals
ok 17 - Equals
ok 18 - Equals
ok 19 - Equals
ok 20 - Equals
</system-out>
    <testcase name="Equals (279)" classname="spec_perl_TestIntegers_t" time="0.000512123107910156" />
    <testcase name="Equals (280)" classname="spec_perl_TestIntegers_t" time="6.89029693603516e-05" />
    <testcase name="Equals (281)" classname="spec_perl_TestIntegers_t" time="5.19752502441406e-05" />
    <testcase name="Equals (282)" classname="spec_perl_TestIntegers_t" time="4.00543212890625e-05" />
    <testcase name="Equals (283)" classname="spec_perl_TestIntegers_t" time="4.1961669921875e-05" />
    <testcase name="Equals (284)" classname="spec_perl_TestIntegers_t" time="9.79900360107422e-05" />
    <testcase name="Equals (285)" classname="spec_perl_TestIntegers_t" time="0.000155925750732422" />
    <testcase name="Equals (286)" classname="spec_perl_TestIntegers_t" time="0.000102996826171875" />
    <testcase name="Equals (287)" classname="spec_perl_TestIntegers_t" time="0.000123023986816406" />
    <testcase name="Equals (288)" classname="spec_perl_TestIntegers_t" time="0.000134944915771484" />
    <testcase name="Equals (289)" classname="spec_perl_TestIntegers_t" time="0.000121116638183594" />
    <testcase name="Equals (290)" classname="spec_perl_TestIntegers_t" time="0.000222921371459961" />
    <testcase name="Equals (291)" classname="spec_perl_TestIntegers_t" time="6.00814819335938e-05" />
    <testcase name="Equals (292)" classname="spec_perl_TestIntegers_t" time="8.20159912109375e-05" />
    <testcase name="Equals (293)" classname="spec_perl_TestIntegers_t" time="0.000120878219604492" />
    <testcase name="Equals (294)" classname="spec_perl_TestIntegers_t" time="0.000510215759277344" />
    <testcase name="Equals (295)" classname="spec_perl_TestIntegers_t" time="4.38690185546875e-05" />
    <testcase name="Equals (296)" classname="spec_perl_TestIntegers_t" time="3.19480895996094e-05" />
    <testcase name="Equals (297)" classname="spec_perl_TestIntegers_t" time="4.41074371337891e-05" />
    <testcase name="Equals (298)" classname="spec_perl_TestIntegers_t" time="3.00407409667969e-05" />
  </testsuite>
  <testsuite name="spec_perl_TestExprCalcArrayOps_t" errors="0" failures="0" skipped="0" tests="18" time="0.0735981464385986">
    <system-out>1..18
ok 1 - Equals
ok 2 - Equals
ok 3 - Equals
ok 4 - Equals
ok 5 - Equals
ok 6 - Equals
ok 7 - Equals
ok 8 - Approx equals
ok 9 - Approx equals
ok 10 - Approx equals
ok 11 - Approx equals
ok 12 - Approx equals
ok 13 - Equals
ok 14 - Equals
ok 15 - Equals
ok 16 - Equals
ok 17 - Equals
ok 18 - Equals
</system-out>
    <testcase name="Equals (299)" classname="spec_perl_TestExprCalcArrayOps_t" time="0.000154972076416016" />
    <testcase name="Equals (300)" classname="spec_perl_TestExprCalcArrayOps_t" time="5.88893890380859e-05" />
    <testcase name="Equals (301)" classname="spec_perl_TestExprCalcArrayOps_t" time="0.000224113464355469" />
    <testcase name="Equals (302)" classname="spec_perl_TestExprCalcArrayOps_t" time="5.29289245605469e-05" />
    <testcase name="Equals (303)" classname="spec_perl_TestExprCalcArrayOps_t" time="0.0001220703125" />
    <testcase name="Equals (304)" classname="spec_perl_TestExprCalcArrayOps_t" time="0.000142812728881836" />
    <testcase name="Equals (305)" classname="spec_perl_TestExprCalcArrayOps_t" time="0.000130176544189453" />
    <testcase name="Approx equals (305)" classname="spec_perl_TestExprCalcArrayOps_t" time="6.79492950439453e-05" />
    <testcase name="Approx equals (306)" classname="spec_perl_TestExprCalcArrayOps_t" time="6.00814819335938e-05" />
    <testcase name="Approx equals (307)" classname="spec_perl_TestExprCalcArrayOps_t" time="3.98159027099609e-05" />
    <testcase name="Approx equals (308)" classname="spec_perl_TestExprCalcArrayOps_t" time="6.103515625e-05" />
    <testcase name="Approx equals (309)" classname="spec_perl_TestExprCalcArrayOps_t" time="3.91006469726562e-05" />
    <testcase name="Equals (309)" classname="spec_perl_TestExprCalcArrayOps_t" time="0.000143051147460938" />
    <testcase name="Equals (310)" classname="spec_perl_TestExprCalcArrayOps_t" time="0.000137805938720703" />
    <testcase name="Equals (311)" classname="spec_perl_TestExprCalcArrayOps_t" time="0.000130176544189453" />
    <testcase name="Equals (312)" classname="spec_perl_TestExprCalcArrayOps_t" time="0.000128984451293945" />
    <testcase name="Equals (313)" classname="spec_perl_TestExprCalcArrayOps_t" time="0.000128984451293945" />
    <testcase name="Equals (314)" classname="spec_perl_TestExprCalcArrayOps_t" time="0.000133991241455078" />
  </testsuite>
  <testsuite name="spec_perl_TestBitsUnalignedB32Be_t" errors="0" failures="0" skipped="0" tests="3" time="0.074429988861084">
    <system-out>1..3
ok 1 - Equals
ok 2 - Equals
ok 3 - Equals
</system-out>
    <testcase name="Equals (315)" classname="spec_perl_TestBitsUnalignedB32Be_t" time="0.000222921371459961" />
    <testcase name="Equals (316)" classname="spec_perl_TestBitsUnalignedB32Be_t" time="8.51154327392578e-05" />
    <testcase name="Equals (317)" classname="spec_perl_TestBitsUnalignedB32Be_t" time="8.392333984375e-05" />
  </testsuite>
  <testsuite name="spec_perl_TestProcessXorValue_t" errors="0" failures="0" skipped="0" tests="2" time="0.0731010437011719">
    <system-out>1..2
ok 1 - Equals
ok 2 - Equals
</system-out>
    <testcase name="Equals (318)" classname="spec_perl_TestProcessXorValue_t" time="0.000242948532104492" />
    <testcase name="Equals (319)" classname="spec_perl_TestProcessXorValue_t" time="7.70092010498047e-05" />
  </testsuite>
  <testsuite name="spec_perl_TestCombineEnum_t" errors="0" failures="0" skipped="0" tests="3" time="0.0765068531036377">
    <system-out>1..3
ok 1 - Equals
ok 2 - Equals
ok 3 - Equals
</system-out>
    <testcase name="Equals (320)" classname="spec_perl_TestCombineEnum_t" time="0.000221014022827148" />
    <testcase name="Equals (321)" classname="spec_perl_TestCombineEnum_t" time="7.70092010498047e-05" />
    <testcase name="Equals (322)" classname="spec_perl_TestCombineEnum_t" time="8.20159912109375e-05" />
  </testsuite>
  <testsuite name="spec_perl_TestIndexSizes_t" errors="0" failures="0" skipped="0" tests="7" time="0.0790560245513916">
    <system-out>1..7
ok 1 - Equals
ok 2 - Equals
ok 3 - Equals
ok 4 - Equals
ok 5 - Equals
ok 6 - Equals
ok 7 - Equals
</system-out>
    <testcase name="Equals (323)" classname="spec_perl_TestIndexSizes_t" time="0.000223875045776367" />
    <testcase name="Equals (324)" classname="spec_perl_TestIndexSizes_t" time="9.70363616943359e-05" />
    <testcase name="Equals (325)" classname="spec_perl_TestIndexSizes_t" time="0.000134944915771484" />
    <testcase name="Equals (326)" classname="spec_perl_TestIndexSizes_t" time="0.0001220703125" />
    <testcase name="Equals (327)" classname="spec_perl_TestIndexSizes_t" time="0.000128030776977539" />
    <testcase name="Equals (328)" classname="spec_perl_TestIndexSizes_t" time="0.000128984451293945" />
    <testcase name="Equals (329)" classname="spec_perl_TestIndexSizes_t" time="0.000123977661132812" />
  </testsuite>
  <testsuite name="spec_perl_TestSwitchIntegers_t" errors="0" failures="0" skipped="0" tests="9" time="0.0848109722137451">
    <system-out>1..9
ok 1 - Equals
ok 2 - Equals
ok 3 - Equals
ok 4 - Equals
ok 5 - Equals
ok 6 - Equals
ok 7 - Equals
ok 8 - Equals
ok 9 - Equals
</system-out>
    <testcase name="Equals (330)" classname="spec_perl_TestSwitchIntegers_t" time="0.000594854354858398" />
    <testcase name="Equals (331)" classname="spec_perl_TestSwitchIntegers_t" time="0.000107049942016602" />
    <testcase name="Equals (332)" classname="spec_perl_TestSwitchIntegers_t" time="0.000144004821777344" />
    <testcase name="Equals (333)" classname="spec_perl_TestSwitchIntegers_t" time="0.000138044357299805" />
    <testcase name="Equals (334)" classname="spec_perl_TestSwitchIntegers_t" time="0.000125885009765625" />
    <testcase name="Equals (335)" classname="spec_perl_TestSwitchIntegers_t" time="0.00012516975402832" />
    <testcase name="Equals (336)" classname="spec_perl_TestSwitchIntegers_t" time="0.000128984451293945" />
    <testcase name="Equals (337)" classname="spec_perl_TestSwitchIntegers_t" time="0.000128984451293945" />
    <testcase name="Equals (338)" classname="spec_perl_TestSwitchIntegers_t" time="0.000196933746337891" />
  </testsuite>
  <testsuite name="spec_perl_TestExprSizeofValue0_t" errors="0" failures="0" skipped="0" tests="5" time="0.0728847980499268">
    <system-out>1..5
ok 1 - Equals
ok 2 - Equals
ok 3 - Equals
ok 4 - Equals
ok 5 - Equals
</system-out>
    <testcase name="Equals (339)" classname="spec_perl_TestExprSizeofValue0_t" time="0.0002288818359375" />
    <testcase name="Equals (340)" classname="spec_perl_TestExprSizeofValue0_t" time="0.000102996826171875" />
    <testcase name="Equals (341)" classname="spec_perl_TestExprSizeofValue0_t" time="7.79628753662109e-05" />
    <testcase name="Equals (342)" classname="spec_perl_TestExprSizeofValue0_t" time="7.31945037841797e-05" />
    <testcase name="Equals (343)" classname="spec_perl_TestExprSizeofValue0_t" time="0.000154972076416016" />
  </testsuite>
  <testsuite name="spec_perl_TestTypeTernary_t" errors="0" failures="0" skipped="0" tests="1" time="0.073883056640625">
    <system-out>1..1
ok 1 - Equals
</system-out>
    <testcase name="Equals (344)" classname="spec_perl_TestTypeTernary_t" time="0.00062108039855957" />
  </testsuite>
  <testsuite name="spec_perl_TestBitsUnalignedB64Be_t" errors="0" failures="0" skipped="0" tests="3" time="0.075484037399292">
    <system-out>1..3
ok 1 - Equals
ok 2 - Equals
ok 3 - Equals
</system-out>
    <testcase name="Equals (345)" classname="spec_perl_TestBitsUnalignedB64Be_t" time="0.000222921371459961" />
    <testcase name="Equals (346)" classname="spec_perl_TestBitsUnalignedB64Be_t" time="8.10623168945312e-05" />
    <testcase name="Equals (347)" classname="spec_perl_TestBitsUnalignedB64Be_t" time="8.51154327392578e-05" />
  </testsuite>
  <testsuite name="spec_perl_TestBitsSignedResB32Le_t" errors="0" failures="0" skipped="0" tests="1" time="0.0757310390472412">
    <system-out>1..1
ok 1 - Equals
</system-out>
    <testcase name="Equals (348)" classname="spec_perl_TestBitsSignedResB32Le_t" time="0.000216960906982422" />
  </testsuite>
  <testsuite name="spec_perl_TestFixedContents_t" errors="0" failures="0" skipped="1" tests="1" time="0.0728271007537842">
    <system-out>1..1
ok 1 # skip FixedContents=HASH(0x55b464f6aa38)
</system-out>
    <testcase name="Unnamed test case 348" classname="spec_perl_TestFixedContents_t" time="0.0012509822845459">
      <skipped message="ok 1 # skip FixedContents=HASH(0x55b464f6aa38)" />
    </testcase>
  </testsuite>
  <testsuite name="spec_perl_TestNonStandard_t" errors="0" failures="0" skipped="0" tests="1" time="0.072235107421875">
    <system-out>1..1
ok 1 - Equals
</system-out>
    <testcase name="Equals (349)" classname="spec_perl_TestNonStandard_t" time="0.000190973281860352" />
  </testsuite>
  <testsuite name="spec_perl_TestPositionAbs_t" errors="0" failures="0" skipped="0" tests="2" time="0.0786759853363037">
    <system-out>1..2
ok 1 - Equals
ok 2 - Equals
</system-out>
    <testcase name="Equals (350)" classname="spec_perl_TestPositionAbs_t" time="0.000221967697143555" />
    <testcase name="Equals (351)" classname="spec_perl_TestPositionAbs_t" time="0.000210046768188477" />
  </testsuite>
  <testsuite name="spec_perl_TestParamsPassUsertype_t" errors="0" failures="1" skipped="1" tests="2" time="0.0759668350219727">
    <system-out>1..2
not ok 1 - test_params_pass_usertype died (Can't call method &quot;foo&quot; on an undefined value at compiled/perl/ParamsPassUsertype.pm line 119.)
ok 2 # skip test_params_pass_usertype died
</system-out>
    <testcase name="test_params_pass_usertype died (Can't call method &quot;foo&quot; on an undefined value at compiled/perl/ParamsPassUsertype.pm line 119.) (351)" classname="spec_perl_TestParamsPassUsertype_t" time="0.000313997268676758">
      <failure message="not ok 1 - test_params_pass_usertype died (Can't call method &quot;foo&quot; on an undefined value at compiled/perl/ParamsPassUsertype.pm line 119.)" type="TAP::Parser::Result::Test"></failure>
    </testcase>
    <testcase name="Unnamed test case 351" classname="spec_perl_TestParamsPassUsertype_t" time="0.00104594230651855">
      <skipped message="ok 2 # skip test_params_pass_usertype died" />
    </testcase>
  </testsuite>
  <testsuite name="spec_perl_TestNavParentOverride_t" errors="0" failures="0" skipped="0" tests="3" time="0.0717511177062988">
    <system-out>1..3
ok 1 - Equals
ok 2 - Equals
ok 3 - Equals
</system-out>
    <testcase name="Equals (352)" classname="spec_perl_TestNavParentOverride_t" time="0.000233888626098633" />
    <testcase name="Equals (353)" classname="spec_perl_TestNavParentOverride_t" time="7.91549682617188e-05" />
    <testcase name="Equals (354)" classname="spec_perl_TestNavParentOverride_t" time="0.000208854675292969" />
  </testsuite>
  <testsuite name="spec_perl_TestStrEncodingsDefault_t" errors="0" failures="0" skipped="0" tests="4" time="0.0977609157562256">
    <system-out>1..4
ok 1 - Equals
ok 2 - Equals
ok 3 - Equals
ok 4 - Equals
</system-out>
    <testcase name="Equals (355)" classname="spec_perl_TestStrEncodingsDefault_t" time="0.00535202026367188" />
    <testcase name="Equals (356)" classname="spec_perl_TestStrEncodingsDefault_t" time="9.29832458496094e-05" />
    <testcase name="Equals (357)" classname="spec_perl_TestStrEncodingsDefault_t" time="0.000137090682983398" />
    <testcase name="Equals (358)" classname="spec_perl_TestStrEncodingsDefault_t" time="0.000133991241455078" />
  </testsuite>
  <testsuite name="spec_perl_TestUserType_t" errors="0" failures="0" skipped="0" tests="2" time="0.111658811569214">
    <system-out>1..2
ok 1 - Equals
ok 2 - Equals
</system-out>
    <testcase name="Equals (359)" classname="spec_perl_TestUserType_t" time="0.000324010848999023" />
    <testcase name="Equals (360)" classname="spec_perl_TestUserType_t" time="0.000102043151855469" />
  </testsuite>
  <testsuite name="spec_perl_TestSwitchManualStr_t" errors="0" failures="0" skipped="0" tests="9" time="0.0955979824066162">
    <system-out>1..9
ok 1 - Equals
ok 2 - Equals
ok 3 - Equals
ok 4 - Equals
ok 5 - Equals
ok 6 - Equals
ok 7 - Equals
ok 8 - Equals
ok 9 - Equals
</system-out>
    <testcase name="Equals (361)" classname="spec_perl_TestSwitchManualStr_t" time="0.000276088714599609" />
    <testcase name="Equals (362)" classname="spec_perl_TestSwitchManualStr_t" time="8.89301300048828e-05" />
    <testcase name="Equals (363)" classname="spec_perl_TestSwitchManualStr_t" time="0.000133991241455078" />
    <testcase name="Equals (364)" classname="spec_perl_TestSwitchManualStr_t" time="0.000139951705932617" />
    <testcase name="Equals (365)" classname="spec_perl_TestSwitchManualStr_t" time="0.000129938125610352" />
    <testcase name="Equals (366)" classname="spec_perl_TestSwitchManualStr_t" time="0.000128030776977539" />
    <testcase name="Equals (367)" classname="spec_perl_TestSwitchManualStr_t" time="0.000126123428344727" />
    <testcase name="Equals (368)" classname="spec_perl_TestSwitchManualStr_t" time="0.000123977661132812" />
    <testcase name="Equals (369)" classname="spec_perl_TestSwitchManualStr_t" time="0.000132083892822266" />
  </testsuite>
  <testsuite name="spec_perl_TestTypeTernary2ndFalsy_t" errors="0" failures="0" skipped="0" tests="13" time="0.0757210254669189">
    <system-out>1..13
ok 1 - Equals
ok 2 - Equals
ok 3 - Equals
ok 4 - Approx equals
ok 5 - Approx equals
ok 6 - Equals
ok 7 - Equals
ok 8 - Equals
ok 9 - nil
ok 10 - Equals
ok 11 - Equals
ok 12 - Equals
ok 13 - Equals
</system-out>
    <testcase name="Equals (370)" classname="spec_perl_TestTypeTernary2ndFalsy_t" time="0.0002288818359375" />
    <testcase name="Equals (371)" classname="spec_perl_TestTypeTernary2ndFalsy_t" time="9.32216644287109e-05" />
    <testcase name="Equals (372)" classname="spec_perl_TestTypeTernary2ndFalsy_t" time="7.70092010498047e-05" />
    <testcase name="Approx equals (372)" classname="spec_perl_TestTypeTernary2ndFalsy_t" time="7.39097595214844e-05" />
    <testcase name="Approx equals (373)" classname="spec_perl_TestTypeTernary2ndFalsy_t" time="7.29560852050781e-05" />
    <testcase name="Equals (373)" classname="spec_perl_TestTypeTernary2ndFalsy_t" time="7.20024108886719e-05" />
    <testcase name="Equals (374)" classname="spec_perl_TestTypeTernary2ndFalsy_t" time="0.000143051147460938" />
    <testcase name="Equals (375)" classname="spec_perl_TestTypeTernary2ndFalsy_t" time="0.000688076019287109" />
    <testcase name="nil (375)" classname="spec_perl_TestTypeTernary2ndFalsy_t" time="8.08238983154297e-05" />
    <testcase name="Equals (376)" classname="spec_perl_TestTypeTernary2ndFalsy_t" time="4.31537628173828e-05" />
    <testcase name="Equals (377)" classname="spec_perl_TestTypeTernary2ndFalsy_t" time="4.1961669921875e-05" />
    <testcase name="Equals (378)" classname="spec_perl_TestTypeTernary2ndFalsy_t" time="4.38690185546875e-05" />
    <testcase name="Equals (379)" classname="spec_perl_TestTypeTernary2ndFalsy_t" time="5.00679016113281e-05" />
  </testsuite>
  <testsuite name="spec_perl_TestValidEqStrEncodings_t" errors="0" failures="0" skipped="1" tests="1" time="0.0953710079193115">
    <system-out>1..1
ok 1 # skip ValidEqStrEncodings=HASH(0x555b0d7d2500)
</system-out>
    <testcase name="Unnamed test case 379" classname="spec_perl_TestValidEqStrEncodings_t" time="0.00589299201965332">
      <skipped message="ok 1 # skip ValidEqStrEncodings=HASH(0x555b0d7d2500)" />
    </testcase>
  </testsuite>
  <testsuite name="spec_perl_TestValidOptionalId_t" errors="1" failures="0" skipped="0" tests="0" time="0.0726010799407959">
    <system-out></system-out>
    <testcase name="Test died too soon, even before plan. (379)" classname="spec_perl_TestValidOptionalId_t" time="0.0726010799407959">
      <failure message="The test suite died before a plan was produced. You need to have a plan." type="Plan">No plan</failure>
    </testcase>
  </testsuite>
  <testsuite name="spec_perl_TestOpaqueExternalType02Parent_t" errors="0" failures="0" skipped="0" tests="3" time="0.0769059658050537">
    <system-out>1..3
ok 1 - Equals
ok 2 - Equals
ok 3 - Equals
</system-out>
    <testcase name="Equals (380)" classname="spec_perl_TestOpaqueExternalType02Parent_t" time="0.000253915786743164" />
    <testcase name="Equals (381)" classname="spec_perl_TestOpaqueExternalType02Parent_t" time="8.70227813720703e-05" />
    <testcase name="Equals (382)" classname="spec_perl_TestOpaqueExternalType02Parent_t" time="0.000128984451293945" />
  </testsuite>
  <testsuite name="spec_perl_TestIfInstances_t" errors="0" failures="0" skipped="0" tests="1" time="0.0734050273895264">
    <system-out>1..1
ok 1 - nil
</system-out>
    <testcase name="nil (382)" classname="spec_perl_TestIfInstances_t" time="0.000227928161621094" />
  </testsuite>
  <testsuite name="spec_perl_TestSwitchCast_t" errors="0" failures="0" skipped="0" tests="2" time="0.0907289981842041">
    <system-out>1..2
ok 1 - Equals
ok 2 - Equals
</system-out>
    <testcase name="Equals (383)" classname="spec_perl_TestSwitchCast_t" time="0.000813961029052734" />
    <testcase name="Equals (384)" classname="spec_perl_TestSwitchCast_t" time="0.000124931335449219" />
  </testsuite>
  <testsuite name="spec_perl_TestIndexToParamUntil_t" errors="0" failures="2" skipped="0" tests="7" time="0.0853509902954102">
    <system-out>1..7
ok 1 - Equals
ok 2 - Equals
ok 3 - Equals
ok 4 - Equals
ok 5 - Equals
not ok 6 - Equals
not ok 7 - Equals
</system-out>
    <testcase name="Equals (385)" classname="spec_perl_TestIndexToParamUntil_t" time="0.00295901298522949" />
    <testcase name="Equals (386)" classname="spec_perl_TestIndexToParamUntil_t" time="7.79628753662109e-05" />
    <testcase name="Equals (387)" classname="spec_perl_TestIndexToParamUntil_t" time="3.71932983398438e-05" />
    <testcase name="Equals (388)" classname="spec_perl_TestIndexToParamUntil_t" time="3.19480895996094e-05" />
    <testcase name="Equals (389)" classname="spec_perl_TestIndexToParamUntil_t" time="3.19480895996094e-05" />
    <testcase name="Equals (390)" classname="spec_perl_TestIndexToParamUntil_t" time="4.41074371337891e-05">
      <failure message="not ok 6 - Equals" type="TAP::Parser::Result::Test"></failure>
    </testcase>
    <testcase name="Equals (391)" classname="spec_perl_TestIndexToParamUntil_t" time="3.19480895996094e-05">
      <failure message="not ok 7 - Equals" type="TAP::Parser::Result::Test"></failure>
    </testcase>
  </testsuite>
  <testsuite name="spec_perl_TestTypeTernaryOpaque_t" errors="0" failures="0" skipped="0" tests="3" time="0.0801022052764893">
    <system-out>1..3
ok 1 - Equals
ok 2 - Equals
ok 3 - Equals
</system-out>
    <testcase name="Equals (392)" classname="spec_perl_TestTypeTernaryOpaque_t" time="0.000633955001831055" />
    <testcase name="Equals (393)" classname="spec_perl_TestTypeTernaryOpaque_t" time="9.60826873779297e-05" />
    <testcase name="Equals (394)" classname="spec_perl_TestTypeTernaryOpaque_t" time="0.000135898590087891" />
  </testsuite>
  <testsuite name="spec_perl_TestEosExceptionU4_t" errors="0" failures="0" skipped="0" tests="1" time="0.0751750469207764">
    <system-out>1..1
ok 1 - threw /^Requested \d+ bytes, but only \d+ bytes available/
</system-out>
    <testcase name="threw /^Requested \d+ bytes, but only \d+ bytes available/ (394)" classname="spec_perl_TestEosExceptionU4_t" time="0.0004730224609375" />
  </testsuite>
  <testsuite name="spec_perl_TestDocstrings_t" errors="0" failures="0" skipped="1" tests="1" time="0.07802414894104">
    <system-out>1..1
ok 1 # skip Docstrings=HASH(0x56487bce4b80)
</system-out>
    <testcase name="Unnamed test case 394" classname="spec_perl_TestDocstrings_t" time="0.00175905227661133">
      <skipped message="ok 1 # skip Docstrings=HASH(0x56487bce4b80)" />
    </testcase>
  </testsuite>
  <testsuite name="spec_perl_TestProcessRepeatUsertype_t" errors="0" failures="0" skipped="0" tests="4" time="0.0773158073425293">
    <system-out>1..4
ok 1 - Equals
ok 2 - Equals
ok 3 - Equals
ok 4 - Equals
</system-out>
    <testcase name="Equals (395)" classname="spec_perl_TestProcessRepeatUsertype_t" time="0.000592947006225586" />
    <testcase name="Equals (396)" classname="spec_perl_TestProcessRepeatUsertype_t" time="8.10623168945312e-05" />
    <testcase name="Equals (397)" classname="spec_perl_TestProcessRepeatUsertype_t" time="0.000140905380249023" />
    <testcase name="Equals (398)" classname="spec_perl_TestProcessRepeatUsertype_t" time="0.000128984451293945" />
  </testsuite>
  <testsuite name="spec_perl_TestTermU1Val_t" errors="0" failures="0" skipped="0" tests="2" time="0.0806939601898193">
    <system-out>1..2
ok 1 - Equals
ok 2 - Equals
</system-out>
    <testcase name="Equals (399)" classname="spec_perl_TestTermU1Val_t" time="0.000319004058837891" />
    <testcase name="Equals (400)" classname="spec_perl_TestTermU1Val_t" time="0.000112056732177734" />
  </testsuite>
  <testsuite name="spec_perl_TestBitsUnalignedB64Le_t" errors="0" failures="0" skipped="0" tests="3" time="0.0784199237823486">
    <system-out>1..3
ok 1 - Equals
ok 2 - Equals
ok 3 - Equals
</system-out>
    <testcase name="Equals (401)" classname="spec_perl_TestBitsUnalignedB64Le_t" time="0.000754117965698242" />
    <testcase name="Equals (402)" classname="spec_perl_TestBitsUnalignedB64Le_t" time="0.000100851058959961" />
    <testcase name="Equals (403)" classname="spec_perl_TestBitsUnalignedB64Le_t" time="7.70092010498047e-05" />
  </testsuite>
  <testsuite name="spec_perl_TestSwitchManualStrElse_t" errors="0" failures="0" skipped="0" tests="9" time="0.0882530212402344">
    <system-out>1..9
ok 1 - Equals
ok 2 - Equals
ok 3 - Equals
ok 4 - Equals
ok 5 - Equals
ok 6 - Equals
ok 7 - Equals
ok 8 - Equals
ok 9 - Equals
</system-out>
    <testcase name="Equals (404)" classname="spec_perl_TestSwitchManualStrElse_t" time="0.000336885452270508" />
    <testcase name="Equals (405)" classname="spec_perl_TestSwitchManualStrElse_t" time="7.60555267333984e-05" />
    <testcase name="Equals (406)" classname="spec_perl_TestSwitchManualStrElse_t" time="0.000149011611938477" />
    <testcase name="Equals (407)" classname="spec_perl_TestSwitchManualStrElse_t" time="0.000145912170410156" />
    <testcase name="Equals (408)" classname="spec_perl_TestSwitchManualStrElse_t" time="0.00010991096496582" />
    <testcase name="Equals (409)" classname="spec_perl_TestSwitchManualStrElse_t" time="0.000126123428344727" />
    <testcase name="Equals (410)" classname="spec_perl_TestSwitchManualStrElse_t" time="0.000125885009765625" />
    <testcase name="Equals (411)" classname="spec_perl_TestSwitchManualStrElse_t" time="0.000124216079711914" />
    <testcase name="Equals (412)" classname="spec_perl_TestSwitchManualStrElse_t" time="0.000133991241455078" />
  </testsuite>
  <testsuite name="spec_perl_TestEnumFancy_t" errors="0" failures="0" skipped="0" tests="2" time="0.0726010799407959">
    <system-out>1..2
ok 1 - Equals
ok 2 - Equals
</system-out>
    <testcase name="Equals (413)" classname="spec_perl_TestEnumFancy_t" time="0.000144004821777344" />
    <testcase name="Equals (414)" classname="spec_perl_TestEnumFancy_t" time="4.1961669921875e-05" />
  </testsuite>
  <testsuite name="spec_perl_TestEnumToI_t" errors="0" failures="0" skipped="0" tests="7" time="0.0722899436950684">
    <system-out>1..7
ok 1 - Equals
ok 2 - Equals
ok 3 - Equals
ok 4 - Equals
ok 5 - Equals
ok 6 - Equals
ok 7 - Equals
</system-out>
    <testcase name="Equals (415)" classname="spec_perl_TestEnumToI_t" time="0.000211000442504883" />
    <testcase name="Equals (416)" classname="spec_perl_TestEnumToI_t" time="9.10758972167969e-05" />
    <testcase name="Equals (417)" classname="spec_perl_TestEnumToI_t" time="0.000164985656738281" />
    <testcase name="Equals (418)" classname="spec_perl_TestEnumToI_t" time="0.000104904174804688" />
    <testcase name="Equals (419)" classname="spec_perl_TestEnumToI_t" time="0.000108003616333008" />
    <testcase name="Equals (420)" classname="spec_perl_TestEnumToI_t" time="0.000110149383544922" />
    <testcase name="Equals (421)" classname="spec_perl_TestEnumToI_t" time="0.000115871429443359" />
  </testsuite>
  <testsuite name="spec_perl_TestBcdUserTypeBe_t" errors="0" failures="0" skipped="0" tests="6" time="0.087367057800293">
    <system-out>1..6
ok 1 - Equals
ok 2 - Equals
ok 3 - Equals
ok 4 - Equals
ok 5 - Equals
ok 6 - Equals
</system-out>
    <testcase name="Equals (422)" classname="spec_perl_TestBcdUserTypeBe_t" time="0.000524044036865234" />
    <testcase name="Equals (423)" classname="spec_perl_TestBcdUserTypeBe_t" time="9.60826873779297e-05" />
    <testcase name="Equals (424)" classname="spec_perl_TestBcdUserTypeBe_t" time="0.000139951705932617" />
    <testcase name="Equals (425)" classname="spec_perl_TestBcdUserTypeBe_t" time="0.000147819519042969" />
    <testcase name="Equals (426)" classname="spec_perl_TestBcdUserTypeBe_t" time="0.000146150588989258" />
    <testcase name="Equals (427)" classname="spec_perl_TestBcdUserTypeBe_t" time="0.000138998031616211" />
  </testsuite>
  <testsuite name="spec_perl_TestEnumToIClassBorder1_t" errors="0" failures="1" skipped="0" tests="3" time="0.0734000205993652">
    <system-out>1..3
ok 1 - Equals
ok 2 - Equals
not ok 3 - test_enum_to_i_class_border_1 died (Can't call method &quot;some_dog&quot; on an undefined value at compiled/perl/EnumToIClassBorder2.pm line 42.)
</system-out>
    <testcase name="Equals (428)" classname="spec_perl_TestEnumToIClassBorder1_t" time="0.000211954116821289" />
    <testcase name="Equals (429)" classname="spec_perl_TestEnumToIClassBorder1_t" time="9.918212890625e-05" />
    <testcase name="test_enum_to_i_class_border_1 died (Can't call method &quot;some_dog&quot; on an undefined value at compiled/perl/EnumToIClassBorder2.pm line 42.) (429)" classname="spec_perl_TestEnumToIClassBorder1_t" time="0.000293970108032227">
      <failure message="not ok 3 - test_enum_to_i_class_border_1 died (Can't call method &quot;some_dog&quot; on an undefined value at compiled/perl/EnumToIClassBorder2.pm line 42.)" type="TAP::Parser::Result::Test"></failure>
    </testcase>
  </testsuite>
  <testsuite name="spec_perl_TestEnumIf_t" errors="0" failures="0" skipped="0" tests="7" time="0.0797958374023438">
    <system-out>1..7
ok 1 - Equals
ok 2 - Equals
ok 3 - Equals
ok 4 - Equals
ok 5 - Equals
ok 6 - Equals
ok 7 - Equals
</system-out>
    <testcase name="Equals (430)" classname="spec_perl_TestEnumIf_t" time="0.000279903411865234" />
    <testcase name="Equals (431)" classname="spec_perl_TestEnumIf_t" time="0.000106096267700195" />
    <testcase name="Equals (432)" classname="spec_perl_TestEnumIf_t" time="0.000119924545288086" />
    <testcase name="Equals (433)" classname="spec_perl_TestEnumIf_t" time="0.000132083892822266" />
    <testcase name="Equals (434)" classname="spec_perl_TestEnumIf_t" time="0.000157833099365234" />
    <testcase name="Equals (435)" classname="spec_perl_TestEnumIf_t" time="9.918212890625e-05" />
    <testcase name="Equals (436)" classname="spec_perl_TestEnumIf_t" time="0.000123023986816406" />
  </testsuite>
  <testsuite name="spec_perl_TestExprIfIntOps_t" errors="0" failures="0" skipped="0" tests="2" time="0.071868896484375">
    <system-out>1..2
ok 1 - Equals
ok 2 - Equals
</system-out>
    <testcase name="Equals (437)" classname="spec_perl_TestExprIfIntOps_t" time="0.000158071517944336" />
    <testcase name="Equals (438)" classname="spec_perl_TestExprIfIntOps_t" time="7.91549682617188e-05" />
  </testsuite>
  <testsuite name="spec_perl_TestRepeatEosU4_t" errors="0" failures="0" skipped="0" tests="1" time="0.0736939907073975">
    <system-out>1..1
ok 1 - Equals
</system-out>
    <testcase name="Equals (439)" classname="spec_perl_TestRepeatEosU4_t" time="0.000191926956176758" />
  </testsuite>
  <testsuite name="spec_perl_TestParamsPassStruct_t" errors="0" failures="1" skipped="1" tests="4" time="0.0758640766143799">
    <system-out>1..4
ok 1 - Equals
ok 2 - Equals
not ok 3 - test_params_pass_struct died (Can't call method &quot;foo&quot; on an undefined value at spec/perl/TestParamsPassStruct.t line 16.)
ok 4 # skip test_params_pass_struct died
</system-out>
    <testcase name="Equals (440)" classname="spec_perl_TestParamsPassStruct_t" time="0.000171899795532227" />
    <testcase name="Equals (441)" classname="spec_perl_TestParamsPassStruct_t" time="5.91278076171875e-05" />
    <testcase name="test_params_pass_struct died (Can't call method &quot;foo&quot; on an undefined value at spec/perl/TestParamsPassStruct.t line 16.) (441)" classname="spec_perl_TestParamsPassStruct_t" time="0.00026702880859375">
      <failure message="not ok 3 - test_params_pass_struct died (Can't call method &quot;foo&quot; on an undefined value at spec/perl/TestParamsPassStruct.t line 16.)" type="TAP::Parser::Result::Test"></failure>
    </testcase>
    <testcase name="Unnamed test case 441" classname="spec_perl_TestParamsPassStruct_t" time="0.00115084648132324">
      <skipped message="ok 4 # skip test_params_pass_struct died" />
    </testcase>
  </testsuite>
  <testsuite name="spec_perl_TestBitsSimple_t" errors="0" failures="0" skipped="0" tests="14" time="0.0820379257202148">
    <system-out>1..14
ok 1 - Equals
ok 2 - Equals
ok 3 - Equals
ok 4 - Equals
ok 5 - Equals
ok 6 - Equals
ok 7 - Equals
ok 8 - Equals
ok 9 - Equals
ok 10 - Equals
ok 11 - Equals
ok 12 - Equals
ok 13 - Equals
ok 14 - Equals
</system-out>
[...]
    <testcase name="Equals (879)" classname="spec_perl_TestCombineBytes_t" time="0.000130891799926758" />
    <testcase name="Equals (880)" classname="spec_perl_TestCombineBytes_t" time="0.000127077102661133" />
    <testcase name="Equals (881)" classname="spec_perl_TestCombineBytes_t" time="0.000124931335449219" />
    <testcase name="Equals (882)" classname="spec_perl_TestCombineBytes_t" time="0.000123023986816406" />
  </testsuite>
  <testsuite name="spec_perl_TestEofExceptionU4_t" errors="0" failures="0" skipped="0" tests="1" time="0.0736911296844482">
    <system-out>1..1
ok 1 - threw /^Requested \d+ bytes, but only \d+ bytes available/
</system-out>
    <testcase name="threw /^Requested \d+ bytes, but only \d+ bytes available/ (882)" classname="spec_perl_TestEofExceptionU4_t" time="0.00015711784362793" />
  </testsuite>
  <testsuite name="spec_perl_TestImportsCircularA_t" errors="0" failures="0" skipped="0" tests="5" time="0.0734231472015381">
    <system-out>1..5
ok 1 - Equals
ok 2 - Equals
ok 3 - Equals
ok 4 - Equals
ok 5 - nil
</system-out>
    <testcase name="Equals (883)" classname="spec_perl_TestImportsCircularA_t" time="0.000228166580200195" />
    <testcase name="Equals (884)" classname="spec_perl_TestImportsCircularA_t" time="9.48905944824219e-05" />
    <testcase name="Equals (885)" classname="spec_perl_TestImportsCircularA_t" time="8.10623168945312e-05" />
    <testcase name="Equals (886)" classname="spec_perl_TestImportsCircularA_t" time="0.000128030776977539" />
    <testcase name="nil (886)" classname="spec_perl_TestImportsCircularA_t" time="7.89165496826172e-05" />
  </testsuite>
  <testsuite name="spec_perl_TestProcessCoerceUsertype2_t" errors="0" failures="0" skipped="0" tests="4" time="0.0734279155731201">
    <system-out>1..4
ok 1 - Equals
ok 2 - Equals
ok 3 - Equals
ok 4 - Equals
</system-out>
    <testcase name="Equals (887)" classname="spec_perl_TestProcessCoerceUsertype2_t" time="0.000523090362548828" />
    <testcase name="Equals (888)" classname="spec_perl_TestProcessCoerceUsertype2_t" time="0.000135898590087891" />
    <testcase name="Equals (889)" classname="spec_perl_TestProcessCoerceUsertype2_t" time="0.000124216079711914" />
    <testcase name="Equals (890)" classname="spec_perl_TestProcessCoerceUsertype2_t" time="0.000133991241455078" />
  </testsuite>
  <testsuite name="spec_perl_TestEnumForUnknownId_t" errors="0" failures="0" skipped="0" tests="1" time="0.0756881237030029">
    <system-out>1..1
ok 1 - Equals
</system-out>
    <testcase name="Equals (891)" classname="spec_perl_TestEnumForUnknownId_t" time="0.000591039657592773" />
  </testsuite>
  <testsuite name="spec_perl_TestNavParentSwitchCast_t" errors="0" failures="0" skipped="0" tests="3" time="0.0724058151245117">
    <system-out>1..3
ok 1 - Equals
ok 2 - Equals
ok 3 - Equals
</system-out>
    <testcase name="Equals (892)" classname="spec_perl_TestNavParentSwitchCast_t" time="0.000441074371337891" />
    <testcase name="Equals (893)" classname="spec_perl_TestNavParentSwitchCast_t" time="9.98973846435547e-05" />
    <testcase name="Equals (894)" classname="spec_perl_TestNavParentSwitchCast_t" time="0.000144004821777344" />
  </testsuite>
  <testsuite name="spec_perl_TestRepeatUntilCalcArrayType_t" errors="0" failures="0" skipped="0" tests="7" time="0.0745339393615723">
    <system-out>1..7
ok 1 - Equals
ok 2 - Equals
ok 3 - Equals
ok 4 - Equals
ok 5 - Equals
ok 6 - Equals
ok 7 - Equals
</system-out>
    <testcase name="Equals (895)" classname="spec_perl_TestRepeatUntilCalcArrayType_t" time="0.000535964965820312" />
    <testcase name="Equals (896)" classname="spec_perl_TestRepeatUntilCalcArrayType_t" time="7.00950622558594e-05" />
    <testcase name="Equals (897)" classname="spec_perl_TestRepeatUntilCalcArrayType_t" time="0.00014495849609375" />
    <testcase name="Equals (898)" classname="spec_perl_TestRepeatUntilCalcArrayType_t" time="0.000155925750732422" />
    <testcase name="Equals (899)" classname="spec_perl_TestRepeatUntilCalcArrayType_t" time="0.000162124633789062" />
    <testcase name="Equals (900)" classname="spec_perl_TestRepeatUntilCalcArrayType_t" time="0.000149965286254883" />
    <testcase name="Equals (901)" classname="spec_perl_TestRepeatUntilCalcArrayType_t" time="8.79764556884766e-05" />
  </testsuite>
  <testsuite name="spec_perl_TestSwitchManualIntElse_t" errors="0" failures="0" skipped="0" tests="9" time="0.0837109088897705">
    <system-out>1..9
ok 1 - Equals
ok 2 - Equals
ok 3 - Equals
ok 4 - Equals
ok 5 - Equals
ok 6 - Equals
ok 7 - Equals
ok 8 - Equals
ok 9 - Equals
</system-out>
    <testcase name="Equals (902)" classname="spec_perl_TestSwitchManualIntElse_t" time="0.000334978103637695" />
    <testcase name="Equals (903)" classname="spec_perl_TestSwitchManualIntElse_t" time="0.000108003616333008" />
    <testcase name="Equals (904)" classname="spec_perl_TestSwitchManualIntElse_t" time="0.000141143798828125" />
    <testcase name="Equals (905)" classname="spec_perl_TestSwitchManualIntElse_t" time="0.000125885009765625" />
    <testcase name="Equals (906)" classname="spec_perl_TestSwitchManualIntElse_t" time="0.000140905380249023" />
    <testcase name="Equals (907)" classname="spec_perl_TestSwitchManualIntElse_t" time="0.000135183334350586" />
    <testcase name="Equals (908)" classname="spec_perl_TestSwitchManualIntElse_t" time="0.000108957290649414" />
    <testcase name="Equals (909)" classname="spec_perl_TestSwitchManualIntElse_t" time="0.000123023986816406" />
    <testcase name="Equals (910)" classname="spec_perl_TestSwitchManualIntElse_t" time="0.000125885009765625" />
  </testsuite>
  <testsuite name="spec_perl_TestNestedTypes3_t" errors="0" failures="0" skipped="0" tests="5" time="0.0729770660400391">
    <system-out>1..5
ok 1 - Equals
ok 2 - Equals
ok 3 - Equals
ok 4 - Equals
ok 5 - Equals
</system-out>
    <testcase name="Equals (911)" classname="spec_perl_TestNestedTypes3_t" time="0.000212907791137695" />
    <testcase name="Equals (912)" classname="spec_perl_TestNestedTypes3_t" time="0.000108003616333008" />
    <testcase name="Equals (913)" classname="spec_perl_TestNestedTypes3_t" time="0.000149011611938477" />
    <testcase name="Equals (914)" classname="spec_perl_TestNestedTypes3_t" time="0.000117063522338867" />
    <testcase name="Equals (915)" classname="spec_perl_TestNestedTypes3_t" time="0.000124931335449219" />
  </testsuite>
  <testsuite name="spec_perl_TestSwitchRepeatExpr_t" errors="0" failures="0" skipped="0" tests="3" time="0.0782370567321777">
    <system-out>1..3
ok 1 - Equals
ok 2 - Equals
ok 3 - Equals
</system-out>
    <testcase name="Equals (916)" classname="spec_perl_TestSwitchRepeatExpr_t" time="0.000535011291503906" />
    <testcase name="Equals (917)" classname="spec_perl_TestSwitchRepeatExpr_t" time="9.70363616943359e-05" />
    <testcase name="Equals (918)" classname="spec_perl_TestSwitchRepeatExpr_t" time="0.000120878219604492" />
  </testsuite>
  <testsuite name="spec_perl_TestYamlInts_t" errors="0" failures="0" skipped="0" tests="4" time="0.0772130489349365">
    <system-out>1..4
ok 1 - Equals
ok 2 - Equals
ok 3 - Equals
ok 4 - Equals
</system-out>
    <testcase name="Equals (919)" classname="spec_perl_TestYamlInts_t" time="0.000218868255615234" />
    <testcase name="Equals (920)" classname="spec_perl_TestYamlInts_t" time="0.000102996826171875" />
    <testcase name="Equals (921)" classname="spec_perl_TestYamlInts_t" time="0.000137090682983398" />
    <testcase name="Equals (922)" classname="spec_perl_TestYamlInts_t" time="0.000139951705932617" />
  </testsuite>
  <testsuite name="spec_perl_TestExpr2_t" errors="0" failures="0" skipped="0" tests="17" time="0.0819480419158936">
    <system-out>1..17
ok 1 - Equals
ok 2 - Equals
ok 3 - Equals
ok 4 - Equals
ok 5 - Equals
ok 6 - Equals
ok 7 - Equals
ok 8 - Equals
ok 9 - Equals
ok 10 - Equals
ok 11 - Equals
ok 12 - Equals
ok 13 - Equals
ok 14 - Equals
ok 15 - Equals
ok 16 - Equals
ok 17 - Equals
</system-out>
    <testcase name="Equals (923)" classname="spec_perl_TestExpr2_t" time="0.000663995742797852" />
    <testcase name="Equals (924)" classname="spec_perl_TestExpr2_t" time="0.000107049942016602" />
    <testcase name="Equals (925)" classname="spec_perl_TestExpr2_t" time="0.000137090682983398" />
    <testcase name="Equals (926)" classname="spec_perl_TestExpr2_t" time="0.000133991241455078" />
    <testcase name="Equals (927)" classname="spec_perl_TestExpr2_t" time="0.000128984451293945" />
    <testcase name="Equals (928)" classname="spec_perl_TestExpr2_t" time="0.000138044357299805" />
    <testcase name="Equals (929)" classname="spec_perl_TestExpr2_t" time="0.000137805938720703" />
    <testcase name="Equals (930)" classname="spec_perl_TestExpr2_t" time="0.000167131423950195" />
    <testcase name="Equals (931)" classname="spec_perl_TestExpr2_t" time="0.000153064727783203" />
    <testcase name="Equals (932)" classname="spec_perl_TestExpr2_t" time="0.000131845474243164" />
    <testcase name="Equals (933)" classname="spec_perl_TestExpr2_t" time="0.000133037567138672" />
    <testcase name="Equals (934)" classname="spec_perl_TestExpr2_t" time="0.000118017196655273" />
    <testcase name="Equals (935)" classname="spec_perl_TestExpr2_t" time="0.000153064727783203" />
    <testcase name="Equals (936)" classname="spec_perl_TestExpr2_t" time="0.000142812728881836" />
    <testcase name="Equals (937)" classname="spec_perl_TestExpr2_t" time="0.000117063522338867" />
    <testcase name="Equals (938)" classname="spec_perl_TestExpr2_t" time="0.000131130218505859" />
    <testcase name="Equals (939)" classname="spec_perl_TestExpr2_t" time="0.000701904296875" />
  </testsuite>
  <testsuite name="spec_perl_TestBitsSeqEndianCombo_t" errors="0" failures="0" skipped="0" tests="8" time="0.0756661891937256">
    <system-out>1..8
ok 1 - Equals
ok 2 - Equals
ok 3 - Equals
ok 4 - Equals
ok 5 - Equals
ok 6 - Equals
ok 7 - Equals
ok 8 - Equals
</system-out>
    <testcase name="Equals (940)" classname="spec_perl_TestBitsSeqEndianCombo_t" time="0.000300168991088867" />
    <testcase name="Equals (941)" classname="spec_perl_TestBitsSeqEndianCombo_t" time="8.58306884765625e-05" />
    <testcase name="Equals (942)" classname="spec_perl_TestBitsSeqEndianCombo_t" time="0.000126123428344727" />
    <testcase name="Equals (943)" classname="spec_perl_TestBitsSeqEndianCombo_t" time="0.000130891799926758" />
    <testcase name="Equals (944)" classname="spec_perl_TestBitsSeqEndianCombo_t" time="0.000128030776977539" />
    <testcase name="Equals (945)" classname="spec_perl_TestBitsSeqEndianCombo_t" time="0.000127077102661133" />
    <testcase name="Equals (946)" classname="spec_perl_TestBitsSeqEndianCombo_t" time="0.000120878219604492" />
    <testcase name="Equals (947)" classname="spec_perl_TestBitsSeqEndianCombo_t" time="0.000112056732177734" />
  </testsuite>
  <testsuite name="spec_perl_TestTermStrz_t" errors="0" failures="0" skipped="0" tests="3" time="0.0789220333099365">
    <system-out>1..3
ok 1 - Equals
ok 2 - Equals
ok 3 - Equals
</system-out>
    <testcase name="Equals (948)" classname="spec_perl_TestTermStrz_t" time="0.000286102294921875" />
    <testcase name="Equals (949)" classname="spec_perl_TestTermStrz_t" time="7.60555267333984e-05" />
    <testcase name="Equals (950)" classname="spec_perl_TestTermStrz_t" time="0.00014185905456543" />
  </testsuite>
  <testsuite name="spec_perl_TestStrEncodingsUtf16_t" errors="0" failures="0" skipped="0" tests="6" time="0.0870440006256104">
    <system-out>1..6
ok 1 - Equals
ok 2 - Equals
ok 3 - Equals
ok 4 - Equals
ok 5 - Equals
ok 6 - Equals
</system-out>
    <testcase name="Equals (951)" classname="spec_perl_TestStrEncodingsUtf16_t" time="0.00169181823730469" />
    <testcase name="Equals (952)" classname="spec_perl_TestStrEncodingsUtf16_t" time="0.000570058822631836" />
    <testcase name="Equals (953)" classname="spec_perl_TestStrEncodingsUtf16_t" time="0.00017094612121582" />
    <testcase name="Equals (954)" classname="spec_perl_TestStrEncodingsUtf16_t" time="0.000136137008666992" />
    <testcase name="Equals (955)" classname="spec_perl_TestStrEncodingsUtf16_t" time="0.000131845474243164" />
    <testcase name="Equals (956)" classname="spec_perl_TestStrEncodingsUtf16_t" time="0.000128030776977539" />
  </testsuite>
  <testsuite name="spec_perl_TestDocstringsDocref_t" errors="0" failures="0" skipped="1" tests="1" time="0.0763580799102783">
    <system-out>1..1
ok 1 # skip DocstringsDocref=HASH(0x55e4c68cb3b8)
</system-out>
    <testcase name="Unnamed test case 956" classname="spec_perl_TestDocstringsDocref_t" time="0.00130200386047363">
      <skipped message="ok 1 # skip DocstringsDocref=HASH(0x55e4c68cb3b8)" />
    </testcase>
  </testsuite>
  <testsuite name="spec_perl_TestToStringCustom_t" errors="0" failures="0" skipped="0" tests="1" time="0.0794031620025635">
    <system-out>1..1
ok 1 - Equals
</system-out>
    <testcase name="Equals (957)" classname="spec_perl_TestToStringCustom_t" time="0.000295162200927734" />
  </testsuite>
  <testsuite name="spec_perl_TestProcessCoerceBytes_t" errors="0" failures="0" skipped="0" tests="4" time="0.0743789672851562">
    <system-out>1..4
ok 1 - Equals
ok 2 - Equals
ok 3 - Equals
ok 4 - Equals
</system-out>
    <testcase name="Equals (958)" classname="spec_perl_TestProcessCoerceBytes_t" time="0.00018310546875" />
    <testcase name="Equals (959)" classname="spec_perl_TestProcessCoerceBytes_t" time="8.79764556884766e-05" />
    <testcase name="Equals (960)" classname="spec_perl_TestProcessCoerceBytes_t" time="0.00014185905456543" />
    <testcase name="Equals (961)" classname="spec_perl_TestProcessCoerceBytes_t" time="0.000222206115722656" />
  </testsuite>
  <testsuite name="spec_perl_TestExprMod_t" errors="0" failures="0" skipped="0" tests="6" time="0.0724480152130127">
    <system-out>1..6
ok 1 - Equals
ok 2 - Equals
ok 3 - Equals
ok 4 - Equals
ok 5 - Equals
ok 6 - Equals
</system-out>
    <testcase name="Equals (962)" classname="spec_perl_TestExprMod_t" time="0.000222921371459961" />
    <testcase name="Equals (963)" classname="spec_perl_TestExprMod_t" time="8.29696655273438e-05" />
    <testcase name="Equals (964)" classname="spec_perl_TestExprMod_t" time="5.41210174560547e-05" />
    <testcase name="Equals (965)" classname="spec_perl_TestExprMod_t" time="0.000112056732177734" />
    <testcase name="Equals (966)" classname="spec_perl_TestExprMod_t" time="0.000114917755126953" />
    <testcase name="Equals (967)" classname="spec_perl_TestExprMod_t" time="0.000124931335449219" />
  </testsuite>
  <testsuite name="spec_perl_TestProcessXor4Value_t" errors="0" failures="0" skipped="0" tests="2" time="0.0862140655517578">
    <system-out>1..2
ok 1 - Equals
ok 2 - Equals
</system-out>
    <testcase name="Equals (968)" classname="spec_perl_TestProcessXor4Value_t" time="0.000226020812988281" />
    <testcase name="Equals (969)" classname="spec_perl_TestProcessXor4Value_t" time="0.000100851058959961" />
  </testsuite>
  <testsuite name="spec_perl_TestStrLiterals2_t" errors="0" failures="0" skipped="0" tests="4" time="0.0842039585113525">
    <system-out>1..4
ok 1 - Equals
ok 2 - Equals
ok 3 - Equals
ok 4 - Equals
</system-out>
    <testcase name="Equals (970)" classname="spec_perl_TestStrLiterals2_t" time="0.000245094299316406" />
    <testcase name="Equals (971)" classname="spec_perl_TestStrLiterals2_t" time="9.58442687988281e-05" />
    <testcase name="Equals (972)" classname="spec_perl_TestStrLiterals2_t" time="9.20295715332031e-05" />
    <testcase name="Equals (973)" classname="spec_perl_TestStrLiterals2_t" time="7.70092010498047e-05" />
  </testsuite>
  <testsuite name="spec_perl_TestRepeatUntilSized_t" errors="0" failures="0" skipped="0" tests="7" time="0.0739059448242188">
    <system-out>1..7
ok 1 - Equals
ok 2 - Equals
ok 3 - Equals
ok 4 - Equals
ok 5 - Equals
ok 6 - Equals
ok 7 - Equals
</system-out>
    <testcase name="Equals (974)" classname="spec_perl_TestRepeatUntilSized_t" time="0.000566959381103516" />
    <testcase name="Equals (975)" classname="spec_perl_TestRepeatUntilSized_t" time="0.000121116638183594" />
    <testcase name="Equals (976)" classname="spec_perl_TestRepeatUntilSized_t" time="0.000702857971191406" />
    <testcase name="Equals (977)" classname="spec_perl_TestRepeatUntilSized_t" time="6.41345977783203e-05" />
    <testcase name="Equals (978)" classname="spec_perl_TestRepeatUntilSized_t" time="3.48091125488281e-05" />
    <testcase name="Equals (979)" classname="spec_perl_TestRepeatUntilSized_t" time="3.31401824951172e-05" />
    <testcase name="Equals (980)" classname="spec_perl_TestRepeatUntilSized_t" time="4.79221343994141e-05" />
  </testsuite>
  <testsuite name="spec_perl_TestNestedTypeParam_t" errors="0" failures="2" skipped="0" tests="2" time="0.0783760547637939">
    <system-out>1..2
not ok 1 - Equals
not ok 2 - Equals
</system-out>
    <testcase name="Equals (981)" classname="spec_perl_TestNestedTypeParam_t" time="0.000182151794433594">
      <failure message="not ok 1 - Equals" type="TAP::Parser::Result::Test"></failure>
    </testcase>
    <testcase name="Equals (982)" classname="spec_perl_TestNestedTypeParam_t" time="0.00246381759643555">
      <failure message="not ok 2 - Equals" type="TAP::Parser::Result::Test"></failure>
    </testcase>
  </testsuite>
  <testsuite name="spec_perl_TestParamsPassArrayInt_t" errors="0" failures="1" skipped="6" tests="7" time="0.074415922164917">
    <system-out>1..7
not ok 1 - test_params_pass_array_int died (Can't use an undefined value as an ARRAY reference at spec/perl/TestParamsPassArrayInt.t line 14.)
ok 2 # skip test_params_pass_array_int died
ok 3 # skip test_params_pass_array_int died
ok 4 # skip test_params_pass_array_int died
ok 5 # skip test_params_pass_array_int died
ok 6 # skip test_params_pass_array_int died
ok 7 # skip test_params_pass_array_int died
</system-out>
    <testcase name="test_params_pass_array_int died (Can't use an undefined value as an ARRAY reference at spec/perl/TestParamsPassArrayInt.t line 14.) (982)" classname="spec_perl_TestParamsPassArrayInt_t" time="0.000386953353881836">
      <failure message="not ok 1 - test_params_pass_array_int died (Can't use an undefined value as an ARRAY reference at spec/perl/TestParamsPassArrayInt.t line 14.)" type="TAP::Parser::Result::Test"></failure>
    </testcase>
    <testcase name="Unnamed test case 982" classname="spec_perl_TestParamsPassArrayInt_t" time="0.00173807144165039">
      <skipped message="ok 2 # skip test_params_pass_array_int died" />
    </testcase>
    <testcase name="Unnamed test case 983" classname="spec_perl_TestParamsPassArrayInt_t" time="0.000111818313598633">
      <skipped message="ok 3 # skip test_params_pass_array_int died" />
    </testcase>
    <testcase name="Unnamed test case 984" classname="spec_perl_TestParamsPassArrayInt_t" time="7.31945037841797e-05">
      <skipped message="ok 4 # skip test_params_pass_array_int died" />
    </testcase>
    <testcase name="Unnamed test case 985" classname="spec_perl_TestParamsPassArrayInt_t" time="6.58035278320312e-05">
      <skipped message="ok 5 # skip test_params_pass_array_int died" />
    </testcase>
    <testcase name="Unnamed test case 986" classname="spec_perl_TestParamsPassArrayInt_t" time="8.70227813720703e-05">
      <skipped message="ok 6 # skip test_params_pass_array_int died" />
    </testcase>
    <testcase name="Unnamed test case 987" classname="spec_perl_TestParamsPassArrayInt_t" time="0.000102043151855469">
      <skipped message="ok 7 # skip test_params_pass_array_int died" />
    </testcase>
  </testsuite>
  <testsuite name="spec_perl_TestDebug0_t" errors="0" failures="0" skipped="1" tests="1" time="0.0861759185791016">
    <system-out>1..1
ok 1 # skip test_debug_0
</system-out>
    <testcase name="Unnamed test case 988" classname="spec_perl_TestDebug0_t" time="0.000247001647949219">
      <skipped message="ok 1 # skip test_debug_0" />
    </testcase>
  </testsuite>
</testsuites>
