<?xml version='1.0' encoding='utf-8'?>
<testsuites>
  <testsuite name="spec_perl_TestSwitchIntegers_t" errors="0" failures="0" skipped="0" tests="9" time="0.0320038795471191">
    <system-out>1..9
ok 1 - Equals
ok 2 - Equals
ok 3 - Equals
ok 4 - Equals
ok 5 - Equals
ok 6 - Equals
ok 7 - Equals
ok 8 - Equals
ok 9 - Equals
</system-out>
    <testcase name="Equals" classname="spec_perl_TestSwitchIntegers_t" time="0.00147294998168945" />
    <testcase name="Equals (2)" classname="spec_perl_TestSwitchIntegers_t" time="7.20024108886719e-05" />
    <testcase name="Equals (3)" classname="spec_perl_TestSwitchIntegers_t" time="5.69820404052734e-05" />
    <testcase name="Equals (4)" classname="spec_perl_TestSwitchIntegers_t" time="5.19752502441406e-05" />
    <testcase name="Equals (5)" classname="spec_perl_TestSwitchIntegers_t" time="8.70227813720703e-05" />
    <testcase name="Equals (6)" classname="spec_perl_TestSwitchIntegers_t" time="5.91278076171875e-05" />
    <testcase name="Equals (7)" classname="spec_perl_TestSwitchIntegers_t" time="9.89437103271484e-05" />
    <testcase name="Equals (8)" classname="spec_perl_TestSwitchIntegers_t" time="7.98702239990234e-05" />
    <testcase name="Equals (9)" classname="spec_perl_TestSwitchIntegers_t" time="5.31673431396484e-05" />
  </testsuite>
  <testsuite name="spec_perl_TestCastToTop_t" errors="0" failures="0" skipped="0" tests="3" time="0.0303990840911865">
    <system-out>1..3
ok 1 - Equals
ok 2 - Equals
ok 3 - Equals
</system-out>
    <testcase name="Equals (10)" classname="spec_perl_TestCastToTop_t" time="0.00113487243652344" />
    <testcase name="Equals (11)" classname="spec_perl_TestCastToTop_t" time="6.81877136230469e-05" />
    <testcase name="Equals (12)" classname="spec_perl_TestCastToTop_t" time="5.69820404052734e-05" />
  </testsuite>
  <testsuite name="spec_perl_TestExprIfIntOps_t" errors="0" failures="0" skipped="0" tests="2" time="0.0312919616699219">
    <system-out>1..2
ok 1 - Equals
ok 2 - Equals
</system-out>
    <testcase name="Equals (13)" classname="spec_perl_TestExprIfIntOps_t" time="0.00125598907470703" />
    <testcase name="Equals (14)" classname="spec_perl_TestExprIfIntOps_t" time="6.69956207275391e-05" />
  </testsuite>
  <testsuite name="spec_perl_TestCombineBool_t" errors="0" failures="0" skipped="0" tests="2" time="0.0295519828796387">
    <system-out>1..2
ok 1 - Equals
ok 2 - Equals
</system-out>
    <testcase name="Equals (15)" classname="spec_perl_TestCombineBool_t" time="0.00125908851623535" />
    <testcase name="Equals (16)" classname="spec_perl_TestCombineBool_t" time="6.69956207275391e-05" />
  </testsuite>
  <testsuite name="spec_perl_TestIfInstances_t" errors="0" failures="0" skipped="0" tests="1" time="0.0292019844055176">
    <system-out>1..1
ok 1 - nil
</system-out>
    <testcase name="nil (16)" classname="spec_perl_TestIfInstances_t" time="0.00115418434143066" />
  </testsuite>
  <testsuite name="spec_perl_TestFixedContents_t" errors="0" failures="0" skipped="1" tests="1" time="0.0297551155090332">
    <system-out>1..1
ok 1 # skip FixedContents=HASH(0x55cc7a04e0e8)
</system-out>
    <testcase name="Unnamed test case 16" classname="spec_perl_TestFixedContents_t" time="0.00136494636535645">
      <skipped message="ok 1 # skip FixedContents=HASH(0x55cc7a04e0e8)" />
    </testcase>
  </testsuite>
  <testsuite name="spec_perl_TestExpr1_t" errors="0" failures="0" skipped="0" tests="4" time="0.035438060760498">
    <system-out>1..4
ok 1 - Equals
ok 2 - Equals
ok 3 - Equals
ok 4 - Equals
</system-out>
    <testcase name="Equals (17)" classname="spec_perl_TestExpr1_t" time="0.00129294395446777" />
    <testcase name="Equals (18)" classname="spec_perl_TestExpr1_t" time="6.19888305664062e-05" />
    <testcase name="Equals (19)" classname="spec_perl_TestExpr1_t" time="5.29289245605469e-05" />
    <testcase name="Equals (20)" classname="spec_perl_TestExpr1_t" time="4.81605529785156e-05" />
  </testsuite>
  <testsuite name="spec_perl_TestTermBytes_t" errors="0" failures="0" skipped="0" tests="3" time="0.0288810729980469">
    <system-out>1..3
ok 1 - Equals
ok 2 - Equals
ok 3 - Equals
</system-out>
    <testcase name="Equals (21)" classname="spec_perl_TestTermBytes_t" time="0.00132107734680176" />
    <testcase name="Equals (22)" classname="spec_perl_TestTermBytes_t" time="6.69956207275391e-05" />
    <testcase name="Equals (23)" classname="spec_perl_TestTermBytes_t" time="6.29425048828125e-05" />
  </testsuite>
  <testsuite name="spec_perl_TestSwitchRepeatExpr_t" errors="0" failures="0" skipped="0" tests="3" time="0.0302181243896484">
    <system-out>1..3
ok 1 - Equals
ok 2 - Equals
ok 3 - Equals
</system-out>
    <testcase name="Equals (24)" classname="spec_perl_TestSwitchRepeatExpr_t" time="0.00143909454345703" />
    <testcase name="Equals (25)" classname="spec_perl_TestSwitchRepeatExpr_t" time="6.50882720947266e-05" />
    <testcase name="Equals (26)" classname="spec_perl_TestSwitchRepeatExpr_t" time="5.19752502441406e-05" />
  </testsuite>
  <testsuite name="spec_perl_TestImportsRel1_t" errors="0" failures="0" skipped="0" tests="3" time="0.029062032699585">
    <system-out>1..3
ok 1 - Equals
ok 2 - Equals
ok 3 - Equals
</system-out>
    <testcase name="Equals (27)" classname="spec_perl_TestImportsRel1_t" time="0.00109100341796875" />
    <testcase name="Equals (28)" classname="spec_perl_TestImportsRel1_t" time="8.10623168945312e-05" />
    <testcase name="Equals (29)" classname="spec_perl_TestImportsRel1_t" time="5.00679016113281e-05" />
  </testsuite>
  <testsuite name="spec_perl_TestRepeatUntilSized_t" errors="0" failures="0" skipped="0" tests="7" time="0.0306851863861084">
    <system-out>1..7
ok 1 - Equals
ok 2 - Equals
ok 3 - Equals
ok 4 - Equals
ok 5 - Equals
ok 6 - Equals
ok 7 - Equals
</system-out>
    <testcase name="Equals (30)" classname="spec_perl_TestRepeatUntilSized_t" time="0.00147700309753418" />
    <testcase name="Equals (31)" classname="spec_perl_TestRepeatUntilSized_t" time="6.89029693603516e-05" />
    <testcase name="Equals (32)" classname="spec_perl_TestRepeatUntilSized_t" time="6.29425048828125e-05" />
    <testcase name="Equals (33)" classname="spec_perl_TestRepeatUntilSized_t" time="5.41210174560547e-05" />
    <testcase name="Equals (34)" classname="spec_perl_TestRepeatUntilSized_t" time="4.79221343994141e-05" />
    <testcase name="Equals (35)" classname="spec_perl_TestRepeatUntilSized_t" time="0.000101089477539062" />
    <testcase name="Equals (36)" classname="spec_perl_TestRepeatUntilSized_t" time="5.00679016113281e-05" />
  </testsuite>
  <testsuite name="spec_perl_TestIndexToParamEos_t" errors="0" failures="2" skipped="0" tests="7" time="0.0362098217010498">
    <system-out>1..7
ok 1 - Equals
ok 2 - Equals
ok 3 - Equals
ok 4 - Equals
ok 5 - Equals
not ok 6 - Equals
not ok 7 - Equals
</system-out>
    <testcase name="Equals (37)" classname="spec_perl_TestIndexToParamEos_t" time="0.00243210792541504" />
    <testcase name="Equals (38)" classname="spec_perl_TestIndexToParamEos_t" time="6.29425048828125e-05" />
    <testcase name="Equals (39)" classname="spec_perl_TestIndexToParamEos_t" time="5.10215759277344e-05" />
    <testcase name="Equals (40)" classname="spec_perl_TestIndexToParamEos_t" time="5.50746917724609e-05" />
    <testcase name="Equals (41)" classname="spec_perl_TestIndexToParamEos_t" time="4.88758087158203e-05" />
    <testcase name="Equals (42)" classname="spec_perl_TestIndexToParamEos_t" time="5.50746917724609e-05">
      <failure message="not ok 6 - Equals" type="TAP::Parser::Result::Test"></failure>
    </testcase>
    <testcase name="Equals (43)" classname="spec_perl_TestIndexToParamEos_t" time="0.0010979175567627">
      <failure message="not ok 7 - Equals" type="TAP::Parser::Result::Test"></failure>
    </testcase>
  </testsuite>
  <testsuite name="spec_perl_TestDefaultEndianExprIsLe_t" errors="0" failures="0" skipped="0" tests="12" time="0.0297870635986328">
    <system-out>1..12
ok 1 - Equals
ok 2 - Equals
ok 3 - Equals
ok 4 - Equals
ok 5 - Equals
ok 6 - Equals
ok 7 - Equals
ok 8 - Equals
ok 9 - Equals
ok 10 - Equals
ok 11 - Equals
ok 12 - Equals
</system-out>
    <testcase name="Equals (44)" classname="spec_perl_TestDefaultEndianExprIsLe_t" time="0.00130105018615723" />
    <testcase name="Equals (45)" classname="spec_perl_TestDefaultEndianExprIsLe_t" time="0.000128030776977539" />
    <testcase name="Equals (46)" classname="spec_perl_TestDefaultEndianExprIsLe_t" time="5.00679016113281e-05" />
    <testcase name="Equals (47)" classname="spec_perl_TestDefaultEndianExprIsLe_t" time="9.17911529541016e-05" />
    <testcase name="Equals (48)" classname="spec_perl_TestDefaultEndianExprIsLe_t" time="5.00679016113281e-05" />
    <testcase name="Equals (49)" classname="spec_perl_TestDefaultEndianExprIsLe_t" time="7.60555267333984e-05" />
    <testcase name="Equals (50)" classname="spec_perl_TestDefaultEndianExprIsLe_t" time="7.39097595214844e-05" />
    <testcase name="Equals (51)" classname="spec_perl_TestDefaultEndianExprIsLe_t" time="7.29560852050781e-05" />
    <testcase name="Equals (52)" classname="spec_perl_TestDefaultEndianExprIsLe_t" time="7.20024108886719e-05" />
    <testcase name="Equals (53)" classname="spec_perl_TestDefaultEndianExprIsLe_t" time="7.31945037841797e-05" />
    <testcase name="Equals (54)" classname="spec_perl_TestDefaultEndianExprIsLe_t" time="0.000150918960571289" />
    <testcase name="Equals (55)" classname="spec_perl_TestDefaultEndianExprIsLe_t" time="0.000108957290649414" />
  </testsuite>
  <testsuite name="spec_perl_TestFloatingPoints_t" errors="0" failures="0" skipped="0" tests="8" time="0.0285589694976807">
    <system-out>1..8
ok 1 - Approx equals
ok 2 - Approx equals
ok 3 - Approx equals
ok 4 - Approx equals
ok 5 - Approx equals
ok 6 - Approx equals
ok 7 - Approx equals
ok 8 - Approx equals
</system-out>
    <testcase name="Approx equals (55)" classname="spec_perl_TestFloatingPoints_t" time="0.00108885765075684" />
    <testcase name="Approx equals (56)" classname="spec_perl_TestFloatingPoints_t" time="8.70227813720703e-05" />
    <testcase name="Approx equals (57)" classname="spec_perl_TestFloatingPoints_t" time="6.00814819335938e-05" />
    <testcase name="Approx equals (58)" classname="spec_perl_TestFloatingPoints_t" time="6.38961791992188e-05" />
    <testcase name="Approx equals (59)" classname="spec_perl_TestFloatingPoints_t" time="4.91142272949219e-05" />
    <testcase name="Approx equals (60)" classname="spec_perl_TestFloatingPoints_t" time="0.000326871871948242" />
    <testcase name="Approx equals (61)" classname="spec_perl_TestFloatingPoints_t" time="6.60419464111328e-05" />
    <testcase name="Approx equals (62)" classname="spec_perl_TestFloatingPoints_t" time="8.10623168945312e-05" />
  </testsuite>
  <testsuite name="spec_perl_TestSwitchManualIntSize_t" errors="0" failures="0" skipped="0" tests="10" time="0.0346829891204834">
    <system-out>1..10
ok 1 - Equals
ok 2 - Equals
ok 3 - Equals
ok 4 - Equals
ok 5 - Equals
ok 6 - Equals
ok 7 - Equals
ok 8 - Equals
ok 9 - Equals
ok 10 - Equals
</system-out>
    <testcase name="Equals (62)" classname="spec_perl_TestSwitchManualIntSize_t" time="0.00159716606140137" />
    <testcase name="Equals (63)" classname="spec_perl_TestSwitchManualIntSize_t" time="6.60419464111328e-05" />
    <testcase name="Equals (64)" classname="spec_perl_TestSwitchManualIntSize_t" time="7.79628753662109e-05" />
    <testcase name="Equals (65)" classname="spec_perl_TestSwitchManualIntSize_t" time="0.000169038772583008" />
    <testcase name="Equals (66)" classname="spec_perl_TestSwitchManualIntSize_t" time="0.000108957290649414" />
    <testcase name="Equals (67)" classname="spec_perl_TestSwitchManualIntSize_t" time="0.000130891799926758" />
    <testcase name="Equals (68)" classname="spec_perl_TestSwitchManualIntSize_t" time="0.000102996826171875" />
    <testcase name="Equals (69)" classname="spec_perl_TestSwitchManualIntSize_t" time="0.000203132629394531" />
    <testcase name="Equals (70)" classname="spec_perl_TestSwitchManualIntSize_t" time="4.88758087158203e-05" />
    <testcase name="Equals (71)" classname="spec_perl_TestSwitchManualIntSize_t" time="6.00814819335938e-05" />
  </testsuite>
  <testsuite name="spec_perl_TestTypeTernary_t" errors="0" failures="0" skipped="0" tests="1" time="0.0295629501342773">
    <system-out>1..1
ok 1 - Equals
</system-out>
    <testcase name="Equals (72)" classname="spec_perl_TestTypeTernary_t" time="0.00151300430297852" />
  </testsuite>
  <testsuite name="spec_perl_TestDebugSwitchUser_t" errors="1" failures="0" skipped="0" tests="0" time="0.0269639492034912">
    <system-out></system-out>
    <testcase name="Test died too soon, even before plan. (72)" classname="spec_perl_TestDebugSwitchUser_t" time="0.0269639492034912">
      <failure message="The test suite died before a plan was produced. You need to have a plan." type="Plan">No plan</failure>
    </testcase>
  </testsuite>
  <testsuite name="spec_perl_TestSwitchIntegers2_t" errors="0" failures="0" skipped="0" tests="5" time="0.0300610065460205">
    <system-out>1..5
ok 1 - Equals
ok 2 - Equals
ok 3 - Equals
ok 4 - Equals
ok 5 - Equals
</system-out>
    <testcase name="Equals (73)" classname="spec_perl_TestSwitchIntegers2_t" time="0.00133109092712402" />
    <testcase name="Equals (74)" classname="spec_perl_TestSwitchIntegers2_t" time="6.4849853515625e-05" />
    <testcase name="Equals (75)" classname="spec_perl_TestSwitchIntegers2_t" time="5.41210174560547e-05" />
    <testcase name="Equals (76)" classname="spec_perl_TestSwitchIntegers2_t" time="4.98294830322266e-05" />
    <testcase name="Equals (77)" classname="spec_perl_TestSwitchIntegers2_t" time="6.91413879394531e-05" />
  </testsuite>
  <testsuite name="spec_perl_TestRepeatEosBit_t" errors="0" failures="0" skipped="0" tests="1" time="0.030890941619873">
    <system-out>1..1
ok 1 - Equals
</system-out>
    <testcase name="Equals (78)" classname="spec_perl_TestRepeatEosBit_t" time="0.00153112411499023" />
  </testsuite>
  <testsuite name="spec_perl_TestParamsPassUsertype_t" errors="0" failures="1" skipped="1" tests="2" time="0.0311689376831055">
    <system-out>1..2
not ok 1 - test_params_pass_usertype died (Can't call method &quot;foo&quot; on an undefined value at compiled/perl/ParamsPassUsertype.pm line 119.)
ok 2 # skip test_params_pass_usertype died
</system-out>
    <testcase name="test_params_pass_usertype died (Can't call method &quot;foo&quot; on an undefined value at compiled/perl/ParamsPassUsertype.pm line 119.) (78)" classname="spec_perl_TestParamsPassUsertype_t" time="0.00137591361999512">
      <failure message="not ok 1 - test_params_pass_usertype died (Can't call method &quot;foo&quot; on an undefined value at compiled/perl/ParamsPassUsertype.pm line 119.)" type="TAP::Parser::Result::Test"></failure>
    </testcase>
    <testcase name="Unnamed test case 78" classname="spec_perl_TestParamsPassUsertype_t" time="8.20159912109375e-05">
      <skipped message="ok 2 # skip test_params_pass_usertype died" />
    </testcase>
  </testsuite>
  <testsuite name="spec_perl_TestDefaultEndianExprException_t" errors="0" failures="0" skipped="0" tests="1" time="0.0363001823425293">
    <system-out>1..1
ok 1 - threw /^Unable to decide on endianness/
</system-out>
    <testcase name="threw /^Unable to decide on endianness/ (78)" classname="spec_perl_TestDefaultEndianExprException_t" time="0.00159311294555664" />
  </testsuite>
  <testsuite name="spec_perl_TestProcessToUser_t" errors="0" failures="0" skipped="0" tests="1" time="0.0349609851837158">
    <system-out>1..1
ok 1 - Equals
</system-out>
    <testcase name="Equals (79)" classname="spec_perl_TestProcessToUser_t" time="0.00148797035217285" />
  </testsuite>
  <testsuite name="spec_perl_TestYamlInts_t" errors="0" failures="0" skipped="0" tests="4" time="0.0308849811553955">
    <system-out>1..4
ok 1 - Equals
ok 2 - Equals
ok 3 - Equals
ok 4 - Equals
</system-out>
    <testcase name="Equals (80)" classname="spec_perl_TestYamlInts_t" time="0.00127506256103516" />
    <testcase name="Equals (81)" classname="spec_perl_TestYamlInts_t" time="6.4849853515625e-05" />
    <testcase name="Equals (82)" classname="spec_perl_TestYamlInts_t" time="5.10215759277344e-05" />
    <testcase name="Equals (83)" classname="spec_perl_TestYamlInts_t" time="4.91142272949219e-05" />
  </testsuite>
  <testsuite name="spec_perl_TestNavParentVsValueInst_t" errors="0" failures="0" skipped="0" tests="1" time="0.0322990417480469">
    <system-out>1..1
ok 1 - Equals
</system-out>
    <testcase name="Equals (84)" classname="spec_perl_TestNavParentVsValueInst_t" time="0.00121092796325684" />
  </testsuite>
  <testsuite name="spec_perl_TestBitsSignedResB32Be_t" errors="0" failures="0" skipped="0" tests="1" time="0.0326371192932129">
    <system-out>1..1
ok 1 - Equals
</system-out>
    <testcase name="Equals (85)" classname="spec_perl_TestBitsSignedResB32Be_t" time="0.00116395950317383" />
  </testsuite>
  <testsuite name="spec_perl_TestNavParentSwitch_t" errors="0" failures="0" skipped="0" tests="3" time="0.0301921367645264">
    <system-out>1..3
ok 1 - Equals
ok 2 - Equals
ok 3 - Equals
</system-out>
    <testcase name="Equals (86)" classname="spec_perl_TestNavParentSwitch_t" time="0.00134897232055664" />
    <testcase name="Equals (87)" classname="spec_perl_TestNavParentSwitch_t" time="6.38961791992188e-05" />
    <testcase name="Equals (88)" classname="spec_perl_TestNavParentSwitch_t" time="5.00679016113281e-05" />
  </testsuite>
  <testsuite name="spec_perl_TestRepeatUntilComplex_t" errors="0" failures="0" skipped="0" tests="15" time="0.030623197555542">
    <system-out>1..15
ok 1 - Equals
ok 2 - Equals
ok 3 - Equals
ok 4 - Equals
ok 5 - Equals
ok 6 - Equals
ok 7 - Equals
ok 8 - Equals
ok 9 - Equals
ok 10 - Equals
ok 11 - Equals
ok 12 - Equals
ok 13 - Equals
ok 14 - Equals
ok 15 - Equals
</system-out>
    <testcase name="Equals (89)" classname="spec_perl_TestRepeatUntilComplex_t" time="0.00140500068664551" />
    <testcase name="Equals (90)" classname="spec_perl_TestRepeatUntilComplex_t" time="6.69956207275391e-05" />
    <testcase name="Equals (91)" classname="spec_perl_TestRepeatUntilComplex_t" time="7.89165496826172e-05" />
    <testcase name="Equals (92)" classname="spec_perl_TestRepeatUntilComplex_t" time="8.20159912109375e-05" />
    <testcase name="Equals (93)" classname="spec_perl_TestRepeatUntilComplex_t" time="9.20295715332031e-05" />
    <testcase name="Equals (94)" classname="spec_perl_TestRepeatUntilComplex_t" time="7.70092010498047e-05" />
    <testcase name="Equals (95)" classname="spec_perl_TestRepeatUntilComplex_t" time="9.20295715332031e-05" />
    <testcase name="Equals (96)" classname="spec_perl_TestRepeatUntilComplex_t" time="5.19752502441406e-05" />
    <testcase name="Equals (97)" classname="spec_perl_TestRepeatUntilComplex_t" time="0.000102996826171875" />
    <testcase name="Equals (98)" classname="spec_perl_TestRepeatUntilComplex_t" time="7.60555267333984e-05" />
    <testcase name="Equals (99)" classname="spec_perl_TestRepeatUntilComplex_t" time="9.98973846435547e-05" />
    <testcase name="Equals (100)" classname="spec_perl_TestRepeatUntilComplex_t" time="7.51018524169922e-05" />
    <testcase name="Equals (101)" classname="spec_perl_TestRepeatUntilComplex_t" time="9.60826873779297e-05" />
    <testcase name="Equals (102)" classname="spec_perl_TestRepeatUntilComplex_t" time="7.48634338378906e-05" />
    <testcase name="Equals (103)" classname="spec_perl_TestRepeatUntilComplex_t" time="9.70363616943359e-05" />
  </testsuite>
  <testsuite name="spec_perl_TestSwitchManualStr_t" errors="0" failures="0" skipped="0" tests="9" time="0.0368428230285645">
    <system-out>1..9
ok 1 - Equals
ok 2 - Equals
ok 3 - Equals
ok 4 - Equals
ok 5 - Equals
ok 6 - Equals
ok 7 - Equals
ok 8 - Equals
ok 9 - Equals
</system-out>
    <testcase name="Equals (104)" classname="spec_perl_TestSwitchManualStr_t" time="0.00133109092712402" />
    <testcase name="Equals (105)" classname="spec_perl_TestSwitchManualStr_t" time="6.89029693603516e-05" />
    <testcase name="Equals (106)" classname="spec_perl_TestSwitchManualStr_t" time="5.50746917724609e-05" />
    <testcase name="Equals (107)" classname="spec_perl_TestSwitchManualStr_t" time="5.10215759277344e-05" />
    <testcase name="Equals (108)" classname="spec_perl_TestSwitchManualStr_t" time="8.89301300048828e-05" />
    <testcase name="Equals (109)" classname="spec_perl_TestSwitchManualStr_t" time="7.60555267333984e-05" />
    <testcase name="Equals (110)" classname="spec_perl_TestSwitchManualStr_t" time="8.29696655273438e-05" />
    <testcase name="Equals (111)" classname="spec_perl_TestSwitchManualStr_t" time="7.41481781005859e-05" />
    <testcase name="Equals (112)" classname="spec_perl_TestSwitchManualStr_t" time="7.70092010498047e-05" />
  </testsuite>
  <testsuite name="spec_perl_TestStrEncodings_t" errors="0" failures="0" skipped="0" tests="4" time="0.0394830703735352">
    <system-out>1..4
ok 1 - Equals
ok 2 - Equals
ok 3 - Equals
ok 4 - Equals
</system-out>
    <testcase name="Equals (113)" classname="spec_perl_TestStrEncodings_t" time="0.00459408760070801" />
    <testcase name="Equals (114)" classname="spec_perl_TestStrEncodings_t" time="6.60419464111328e-05" />
    <testcase name="Equals (115)" classname="spec_perl_TestStrEncodings_t" time="5.29289245605469e-05" />
    <testcase name="Equals (116)" classname="spec_perl_TestStrEncodings_t" time="5.00679016113281e-05" />
  </testsuite>
  <testsuite name="spec_perl_TestExprStrEncodings_t" errors="0" failures="0" skipped="0" tests="7" time="0.037092924118042">
    <system-out>1..7
ok 1 - Equals
ok 2 - Equals
ok 3 - Equals
ok 4 - Equals
ok 5 - Equals
ok 6 - Equals
ok 7 - Equals
</system-out>
    <testcase name="Equals (117)" classname="spec_perl_TestExprStrEncodings_t" time="0.00470089912414551" />
    <testcase name="Equals (118)" classname="spec_perl_TestExprStrEncodings_t" time="8.79764556884766e-05" />
    <testcase name="Equals (119)" classname="spec_perl_TestExprStrEncodings_t" time="4.79221343994141e-05" />
    <testcase name="Equals (120)" classname="spec_perl_TestExprStrEncodings_t" time="6.41345977783203e-05" />
    <testcase name="Equals (121)" classname="spec_perl_TestExprStrEncodings_t" time="0.000129938125610352" />
    <testcase name="Equals (122)" classname="spec_perl_TestExprStrEncodings_t" time="7.70092010498047e-05" />
    <testcase name="Equals (123)" classname="spec_perl_TestExprStrEncodings_t" time="8.79764556884766e-05" />
  </testsuite>
  <testsuite name="spec_perl_TestPositionAbs_t" errors="0" failures="0" skipped="0" tests="2" time="0.0378379821777344">
    <system-out>1..2
ok 1 - Equals
ok 2 - Equals
</system-out>
    <testcase name="Equals (124)" classname="spec_perl_TestPositionAbs_t" time="0.00130605697631836" />
    <testcase name="Equals (125)" classname="spec_perl_TestPositionAbs_t" time="0.000125885009765625" />
  </testsuite>
  <testsuite name="spec_perl_TestEnumDeep_t" errors="0" failures="0" skipped="0" tests="2" time="0.0320889949798584">
    <system-out>1..2
ok 1 - Equals
ok 2 - Equals
</system-out>
    <testcase name="Equals (126)" classname="spec_perl_TestEnumDeep_t" time="0.00120997428894043" />
    <testcase name="Equals (127)" classname="spec_perl_TestEnumDeep_t" time="0.000115156173706055" />
  </testsuite>
  <testsuite name="spec_perl_TestIntegersDoubleOverflow_t" errors="0" failures="0" skipped="0" tests="8" time="0.0316338539123535">
    <system-out>1..8
ok 1 - Equals
ok 2 - Equals
ok 3 - Equals
ok 4 - Equals
ok 5 - Equals
ok 6 - Equals
ok 7 - Equals
ok 8 - Equals
</system-out>
    <testcase name="Equals (128)" classname="spec_perl_TestIntegersDoubleOverflow_t" time="0.0012359619140625" />
    <testcase name="Equals (129)" classname="spec_perl_TestIntegersDoubleOverflow_t" time="6.38961791992188e-05" />
    <testcase name="Equals (130)" classname="spec_perl_TestIntegersDoubleOverflow_t" time="5.19752502441406e-05" />
    <testcase name="Equals (131)" classname="spec_perl_TestIntegersDoubleOverflow_t" time="5.00679016113281e-05" />
    <testcase name="Equals (132)" classname="spec_perl_TestIntegersDoubleOverflow_t" time="8.79764556884766e-05" />
    <testcase name="Equals (133)" classname="spec_perl_TestIntegersDoubleOverflow_t" time="8.51154327392578e-05" />
    <testcase name="Equals (134)" classname="spec_perl_TestIntegersDoubleOverflow_t" time="8.10623168945312e-05" />
    <testcase name="Equals (135)" classname="spec_perl_TestIntegersDoubleOverflow_t" time="7.08103179931641e-05" />
  </testsuite>
  <testsuite name="spec_perl_TestParamsCallExtraParens_t" errors="0" failures="1" skipped="0" tests="1" time="0.0374810695648193">
    <system-out>1..1
not ok 1 - Equals
</system-out>
    <testcase name="Equals (136)" classname="spec_perl_TestParamsCallExtraParens_t" time="0.00189089775085449">
      <failure message="not ok 1 - Equals" type="TAP::Parser::Result::Test"></failure>
    </testcase>
  </testsuite>
  <testsuite name="spec_perl_TestIntegers_t" errors="0" failures="0" skipped="0" tests="20" time="0.0322129726409912">
    <system-out>1..20
ok 1 - Equals
ok 2 - Equals
ok 3 - Equals
ok 4 - Equals
ok 5 - Equals
ok 6 - Equals
ok 7 - Equals
ok 8 - Equals
ok 9 - Equals
ok 10 - Equals
ok 11 - Equals
ok 12 - Equals
ok 13 - Equals
ok 14 - Equals
ok 15 - Equals
ok 16 - Equals
ok 17 - Equals
ok 18 - Equals
ok 19 - Equals
ok 20 - Equals
</system-out>
    <testcase name="Equals (137)" classname="spec_perl_TestIntegers_t" time="0.00131106376647949" />
    <testcase name="Equals (138)" classname="spec_perl_TestIntegers_t" time="6.50882720947266e-05" />
    <testcase name="Equals (139)" classname="spec_perl_TestIntegers_t" time="5.38825988769531e-05" />
    <testcase name="Equals (140)" classname="spec_perl_TestIntegers_t" time="4.81605529785156e-05" />
    <testcase name="Equals (141)" classname="spec_perl_TestIntegers_t" time="7.29560852050781e-05" />
    <testcase name="Equals (142)" classname="spec_perl_TestIntegers_t" time="7.60555267333984e-05" />
    <testcase name="Equals (143)" classname="spec_perl_TestIntegers_t" time="6.19888305664062e-05" />
    <testcase name="Equals (144)" classname="spec_perl_TestIntegers_t" time="7.58171081542969e-05" />
    <testcase name="Equals (145)" classname="spec_perl_TestIntegers_t" time="7.51018524169922e-05" />
    <testcase name="Equals (146)" classname="spec_perl_TestIntegers_t" time="7.39097595214844e-05" />
    <testcase name="Equals (147)" classname="spec_perl_TestIntegers_t" time="6.81877136230469e-05" />
    <testcase name="Equals (148)" classname="spec_perl_TestIntegers_t" time="7.29560852050781e-05" />
    <testcase name="Equals (149)" classname="spec_perl_TestIntegers_t" time="7.70092010498047e-05" />
    <testcase name="Equals (150)" classname="spec_perl_TestIntegers_t" time="6.60419464111328e-05" />
    <testcase name="Equals (151)" classname="spec_perl_TestIntegers_t" time="7.29560852050781e-05" />
    <testcase name="Equals (152)" classname="spec_perl_TestIntegers_t" time="8.20159912109375e-05" />
    <testcase name="Equals (153)" classname="spec_perl_TestIntegers_t" time="4.69684600830078e-05" />
    <testcase name="Equals (154)" classname="spec_perl_TestIntegers_t" time="7.79628753662109e-05" />
    <testcase name="Equals (155)" classname="spec_perl_TestIntegers_t" time="7.29560852050781e-05" />
    <testcase name="Equals (156)" classname="spec_perl_TestIntegers_t" time="7.29560852050781e-05" />
  </testsuite>
  <testsuite name="spec_perl_TestParamsPassArrayUsertype_t" errors="0" failures="1" skipped="4" tests="5" time="0.0355191230773926">
    <system-out>1..5
not ok 1 - test_params_pass_array_usertype died (Can't use an undefined value as an ARRAY reference at compiled/perl/ParamsPassArrayUsertype.pm line 123.)
ok 2 # skip test_params_pass_array_usertype died
ok 3 # skip test_params_pass_array_usertype died
ok 4 # skip test_params_pass_array_usertype died
ok 5 # skip test_params_pass_array_usertype died
</system-out>
    <testcase name="test_params_pass_array_usertype died (Can't use an undefined value as an ARRAY reference at compiled/perl/ParamsPassArrayUsertype.pm line 123.) (156)" classname="spec_perl_TestParamsPassArrayUsertype_t" time="0.00148582458496094">
      <failure message="not ok 1 - test_params_pass_array_usertype died (Can't use an undefined value as an ARRAY reference at compiled/perl/ParamsPassArrayUsertype.pm line 123.)" type="TAP::Parser::Result::Test"></failure>
    </testcase>
    <testcase name="Unnamed test case 156" classname="spec_perl_TestParamsPassArrayUsertype_t" time="0.000128984451293945">
      <skipped message="ok 2 # skip test_params_pass_array_usertype died" />
    </testcase>
    <testcase name="Unnamed test case 157" classname="spec_perl_TestParamsPassArrayUsertype_t" time="5.00679016113281e-05">
      <skipped message="ok 3 # skip test_params_pass_array_usertype died" />
    </testcase>
    <testcase name="Unnamed test case 158" classname="spec_perl_TestParamsPassArrayUsertype_t" time="4.00543212890625e-05">
      <skipped message="ok 4 # skip test_params_pass_array_usertype died" />
    </testcase>
    <testcase name="Unnamed test case 159" classname="spec_perl_TestParamsPassArrayUsertype_t" time="5.69820404052734e-05">
      <skipped message="ok 5 # skip test_params_pass_array_usertype died" />
    </testcase>
  </testsuite>
  <testsuite name="spec_perl_TestBitsUnalignedB32Be_t" errors="0" failures="0" skipped="0" tests="3" time="0.0306899547576904">
    <system-out>1..3
ok 1 - Equals
ok 2 - Equals
ok 3 - Equals
</system-out>
    <testcase name="Equals (159)" classname="spec_perl_TestBitsUnalignedB32Be_t" time="0.00133609771728516" />
    <testcase name="Equals (160)" classname="spec_perl_TestBitsUnalignedB32Be_t" time="8.98838043212891e-05" />
    <testcase name="Equals (161)" classname="spec_perl_TestBitsUnalignedB32Be_t" time="4.79221343994141e-05" />
  </testsuite>
  <testsuite name="spec_perl_TestNonStandard_t" errors="0" failures="0" skipped="0" tests="1" time="0.0341310501098633">
    <system-out>1..1
ok 1 - Equals
</system-out>
    <testcase name="Equals (162)" classname="spec_perl_TestNonStandard_t" time="0.00146913528442383" />
  </testsuite>
  <testsuite name="spec_perl_TestExprMod_t" errors="0" failures="0" skipped="0" tests="6" time="0.0301051139831543">
    <system-out>1..6
ok 1 - Equals
ok 2 - Equals
ok 3 - Equals
ok 4 - Equals
ok 5 - Equals
ok 6 - Equals
</system-out>
    <testcase name="Equals (163)" classname="spec_perl_TestExprMod_t" time="0.00120306015014648" />
    <testcase name="Equals (164)" classname="spec_perl_TestExprMod_t" time="6.38961791992188e-05" />
    <testcase name="Equals (165)" classname="spec_perl_TestExprMod_t" time="5.10215759277344e-05" />
    <testcase name="Equals (166)" classname="spec_perl_TestExprMod_t" time="8.10623168945312e-05" />
    <testcase name="Equals (167)" classname="spec_perl_TestExprMod_t" time="7.48634338378906e-05" />
    <testcase name="Equals (168)" classname="spec_perl_TestExprMod_t" time="9.29832458496094e-05" />
  </testsuite>
  <testsuite name="spec_perl_TestProcessCustomNoArgs_t" errors="1" failures="0" skipped="0" tests="0" time="0.0278170108795166">
    <system-out></system-out>
    <testcase name="Test died too soon, even before plan. (168)" classname="spec_perl_TestProcessCustomNoArgs_t" time="0.0278170108795166">
      <failure message="The test suite died before a plan was produced. You need to have a plan." type="Plan">No plan</failure>
    </testcase>
  </testsuite>
  <testsuite name="spec_perl_TestMetaXref_t" errors="0" failures="0" skipped="1" tests="1" time="0.029757022857666">
    <system-out>1..1
ok 1 # skip MetaXref=HASH(0x559ce82c3480)
</system-out>
    <testcase name="Unnamed test case 168" classname="spec_perl_TestMetaXref_t" time="0.0013890266418457">
      <skipped message="ok 1 # skip MetaXref=HASH(0x559ce82c3480)" />
    </testcase>
  </testsuite>
  <testsuite name="spec_perl_TestProcessXor4Const_t" errors="0" failures="0" skipped="0" tests="2" time="0.0302219390869141">
    <system-out>1..2
ok 1 - Equals
ok 2 - Equals
</system-out>
    <testcase name="Equals (169)" classname="spec_perl_TestProcessXor4Const_t" time="0.0012660026550293" />
    <testcase name="Equals (170)" classname="spec_perl_TestProcessXor4Const_t" time="6.58035278320312e-05" />
  </testsuite>
  <testsuite name="spec_perl_TestDefaultEndianExprIsBe_t" errors="0" failures="0" skipped="0" tests="18" time="0.0307579040527344">
    <system-out>1..18
ok 1 - Equals
ok 2 - Equals
ok 3 - Equals
ok 4 - Equals
ok 5 - Equals
ok 6 - Equals
ok 7 - Equals
ok 8 - Equals
ok 9 - Equals
ok 10 - Equals
ok 11 - Equals
ok 12 - Equals
ok 13 - Equals
ok 14 - Equals
ok 15 - Equals
ok 16 - Equals
ok 17 - Equals
ok 18 - Equals
</system-out>
    <testcase name="Equals (171)" classname="spec_perl_TestDefaultEndianExprIsBe_t" time="0.00123095512390137" />
    <testcase name="Equals (172)" classname="spec_perl_TestDefaultEndianExprIsBe_t" time="6.38961791992188e-05" />
    <testcase name="Equals (173)" classname="spec_perl_TestDefaultEndianExprIsBe_t" time="5.31673431396484e-05" />
    <testcase name="Equals (174)" classname="spec_perl_TestDefaultEndianExprIsBe_t" time="8.08238983154297e-05" />
    <testcase name="Equals (175)" classname="spec_perl_TestDefaultEndianExprIsBe_t" time="9.29832458496094e-05" />
    <testcase name="Equals (176)" classname="spec_perl_TestDefaultEndianExprIsBe_t" time="0.000121116638183594" />
    <testcase name="Equals (177)" classname="spec_perl_TestDefaultEndianExprIsBe_t" time="8.20159912109375e-05" />
    <testcase name="Equals (178)" classname="spec_perl_TestDefaultEndianExprIsBe_t" time="7.79628753662109e-05" />
    <testcase name="Equals (179)" classname="spec_perl_TestDefaultEndianExprIsBe_t" time="0.000159978866577148" />
    <testcase name="Equals (180)" classname="spec_perl_TestDefaultEndianExprIsBe_t" time="0.000108003616333008" />
    <testcase name="Equals (181)" classname="spec_perl_TestDefaultEndianExprIsBe_t" time="0.000113964080810547" />
    <testcase name="Equals (182)" classname="spec_perl_TestDefaultEndianExprIsBe_t" time="0.000141143798828125" />
    <testcase name="Equals (183)" classname="spec_perl_TestDefaultEndianExprIsBe_t" time="7.79628753662109e-05" />
    <testcase name="Equals (184)" classname="spec_perl_TestDefaultEndianExprIsBe_t" time="7.29560852050781e-05" />
    <testcase name="Equals (185)" classname="spec_perl_TestDefaultEndianExprIsBe_t" time="8.70227813720703e-05" />
    <testcase name="Equals (186)" classname="spec_perl_TestDefaultEndianExprIsBe_t" time="7.29560852050781e-05" />
    <testcase name="Equals (187)" classname="spec_perl_TestDefaultEndianExprIsBe_t" time="8.79764556884766e-05" />
    <testcase name="Equals (188)" classname="spec_perl_TestDefaultEndianExprIsBe_t" time="8.79764556884766e-05" />
  </testsuite>
  <testsuite name="spec_perl_TestExprSizeofType1_t" errors="0" failures="0" skipped="0" tests="2" time="0.0303888320922852">
    <system-out>1..2
ok 1 - Equals
ok 2 - Equals
</system-out>
    <testcase name="Equals (189)" classname="spec_perl_TestExprSizeofType1_t" time="0.00119185447692871" />
    <testcase name="Equals (190)" classname="spec_perl_TestExprSizeofType1_t" time="6.60419464111328e-05" />
  </testsuite>
  <testsuite name="spec_perl_TestCombineStr_t" errors="0" failures="0" skipped="0" tests="15" time="0.0347490310668945">
    <system-out>1..15
ok 1 - Equals
ok 2 - Equals
ok 3 - Equals
ok 4 - Equals
ok 5 - Equals
ok 6 - Equals
ok 7 - Equals
ok 8 - Equals
ok 9 - Equals
ok 10 - Equals
ok 11 - Equals
ok 12 - Equals
ok 13 - Equals
ok 14 - Equals
ok 15 - Equals
</system-out>
    <testcase name="Equals (191)" classname="spec_perl_TestCombineStr_t" time="0.00115680694580078" />
    <testcase name="Equals (192)" classname="spec_perl_TestCombineStr_t" time="6.41345977783203e-05" />
    <testcase name="Equals (193)" classname="spec_perl_TestCombineStr_t" time="3.60012054443359e-05" />
    <testcase name="Equals (194)" classname="spec_perl_TestCombineStr_t" time="4.60147857666016e-05" />
    <testcase name="Equals (195)" classname="spec_perl_TestCombineStr_t" time="6.60419464111328e-05" />
    <testcase name="Equals (196)" classname="spec_perl_TestCombineStr_t" time="7.48634338378906e-05" />
    <testcase name="Equals (197)" classname="spec_perl_TestCombineStr_t" time="6.103515625e-05" />
    <testcase name="Equals (198)" classname="spec_perl_TestCombineStr_t" time="7.79628753662109e-05" />
    <testcase name="Equals (199)" classname="spec_perl_TestCombineStr_t" time="7.10487365722656e-05" />
    <testcase name="Equals (200)" classname="spec_perl_TestCombineStr_t" time="4.79221343994141e-05" />
    <testcase name="Equals (201)" classname="spec_perl_TestCombineStr_t" time="7.91549682617188e-05" />
    <testcase name="Equals (202)" classname="spec_perl_TestCombineStr_t" time="7.79628753662109e-05" />
    <testcase name="Equals (203)" classname="spec_perl_TestCombineStr_t" time="5.19752502441406e-05" />
    <testcase name="Equals (204)" classname="spec_perl_TestCombineStr_t" time="8.89301300048828e-05" />
    <testcase name="Equals (205)" classname="spec_perl_TestCombineStr_t" time="7.79628753662109e-05" />
  </testsuite>
  <testsuite name="spec_perl_TestInstanceUserArray_t" errors="0" failures="0" skipped="0" tests="10" time="0.0304679870605469">
    <system-out>1..10
ok 1 - Equals
ok 2 - Equals
ok 3 - Equals
ok 4 - Equals
ok 5 - Equals
ok 6 - Equals
ok 7 - Equals
ok 8 - Equals
ok 9 - Equals
ok 10 - Equals
</system-out>
    <testcase name="Equals (206)" classname="spec_perl_TestInstanceUserArray_t" time="0.00133085250854492" />
    <testcase name="Equals (207)" classname="spec_perl_TestInstanceUserArray_t" time="6.31809234619141e-05" />
    <testcase name="Equals (208)" classname="spec_perl_TestInstanceUserArray_t" time="4.98294830322266e-05" />
    <testcase name="Equals (209)" classname="spec_perl_TestInstanceUserArray_t" time="0.000416994094848633" />
    <testcase name="Equals (210)" classname="spec_perl_TestInstanceUserArray_t" time="6.19888305664062e-05" />
    <testcase name="Equals (211)" classname="spec_perl_TestInstanceUserArray_t" time="5.00679016113281e-05" />
    <testcase name="Equals (212)" classname="spec_perl_TestInstanceUserArray_t" time="5.29289245605469e-05" />
    <testcase name="Equals (213)" classname="spec_perl_TestInstanceUserArray_t" time="4.69684600830078e-05" />
    <testcase name="Equals (214)" classname="spec_perl_TestInstanceUserArray_t" time="8.0108642578125e-05" />
    <testcase name="Equals (215)" classname="spec_perl_TestInstanceUserArray_t" time="5.29289245605469e-05" />
  </testsuite>
  <testsuite name="spec_perl_TestNavParentOverride_t" errors="0" failures="0" skipped="0" tests="3" time="0.0293550491333008">
    <system-out>1..3
ok 1 - Equals
ok 2 - Equals
ok 3 - Equals
</system-out>
    <testcase name="Equals (216)" classname="spec_perl_TestNavParentOverride_t" time="0.0012969970703125" />
    <testcase name="Equals (217)" classname="spec_perl_TestNavParentOverride_t" time="6.103515625e-05" />
    <testcase name="Equals (218)" classname="spec_perl_TestNavParentOverride_t" time="4.98294830322266e-05" />
  </testsuite>
  <testsuite name="spec_perl_TestInstanceStd_t" errors="0" failures="0" skipped="0" tests="1" time="0.0332551002502441">
    <system-out>1..1
ok 1 - Equals
</system-out>
    <testcase name="Equals (219)" classname="spec_perl_TestInstanceStd_t" time="0.00118088722229004" />
  </testsuite>
  <testsuite name="spec_perl_TestRepeatEosU4_t" errors="0" failures="0" skipped="0" tests="1" time="0.031519889831543">
    <system-out>1..1
ok 1 - Equals
</system-out>
    <testcase name="Equals (220)" classname="spec_perl_TestRepeatEosU4_t" time="0.0012359619140625" />
  </testsuite>
  <testsuite name="spec_perl_TestBitsSimpleLe_t" errors="0" failures="0" skipped="0" tests="14" time="0.0316529273986816">
    <system-out>1..14
ok 1 - Equals
ok 2 - Equals
ok 3 - Equals
ok 4 - Equals
ok 5 - Equals
ok 6 - Equals
ok 7 - Equals
ok 8 - Equals
ok 9 - Equals
ok 10 - Equals
ok 11 - Equals
ok 12 - Equals
ok 13 - Equals
ok 14 - Equals
</system-out>
    <testcase name="Equals (221)" classname="spec_perl_TestBitsSimpleLe_t" time="0.00134921073913574" />
    <testcase name="Equals (222)" classname="spec_perl_TestBitsSimpleLe_t" time="6.19888305664062e-05" />
    <testcase name="Equals (223)" classname="spec_perl_TestBitsSimpleLe_t" time="6.98566436767578e-05" />
    <testcase name="Equals (224)" classname="spec_perl_TestBitsSimpleLe_t" time="7.41481781005859e-05" />
    <testcase name="Equals (225)" classname="spec_perl_TestBitsSimpleLe_t" time="8.48770141601562e-05" />
    <testcase name="Equals (226)" classname="spec_perl_TestBitsSimpleLe_t" time="8.0108642578125e-05" />
    <testcase name="Equals (227)" classname="spec_perl_TestBitsSimpleLe_t" time="7.70092010498047e-05" />
    <testcase name="Equals (228)" classname="spec_perl_TestBitsSimpleLe_t" time="0.000114917755126953" />
    <testcase name="Equals (229)" classname="spec_perl_TestBitsSimpleLe_t" time="7.20024108886719e-05" />
    <testcase name="Equals (230)" classname="spec_perl_TestBitsSimpleLe_t" time="7.20024108886719e-05" />
    <testcase name="Equals (231)" classname="spec_perl_TestBitsSimpleLe_t" time="7.98702239990234e-05" />
    <testcase name="Equals (232)" classname="spec_perl_TestBitsSimpleLe_t" time="9.20295715332031e-05" />
    <testcase name="Equals (233)" classname="spec_perl_TestBitsSimpleLe_t" time="7.29560852050781e-05" />
    <testcase name="Equals (234)" classname="spec_perl_TestBitsSimpleLe_t" time="7.82012939453125e-05" />
  </testsuite>
  <testsuite name="spec_perl_TestInstanceStdArray_t" errors="0" failures="0" skipped="0" tests="7" time="0.0306899547576904">
    <system-out>1..7
ok 1 - Equals
ok 2 - Equals
ok 3 - Equals
ok 4 - Equals
ok 5 - Equals
ok 6 - Equals
ok 7 - Equals
</system-out>
    <testcase name="Equals (235)" classname="spec_perl_TestInstanceStdArray_t" time="0.00147390365600586" />
    <testcase name="Equals (236)" classname="spec_perl_TestInstanceStdArray_t" time="0.000119924545288086" />
    <testcase name="Equals (237)" classname="spec_perl_TestInstanceStdArray_t" time="0.000102043151855469" />
    <testcase name="Equals (238)" classname="spec_perl_TestInstanceStdArray_t" time="0.000174045562744141" />
    <testcase name="Equals (239)" classname="spec_perl_TestInstanceStdArray_t" time="6.29425048828125e-05" />
    <testcase name="Equals (240)" classname="spec_perl_TestInstanceStdArray_t" time="0.000117063522338867" />
    <testcase name="Equals (241)" classname="spec_perl_TestInstanceStdArray_t" time="8.79764556884766e-05" />
  </testsuite>
  <testsuite name="spec_perl_TestImportsCircularA_t" errors="0" failures="0" skipped="0" tests="5" time="0.0292050838470459">
    <system-out>1..5
ok 1 - Equals
ok 2 - Equals
ok 3 - Equals
ok 4 - Equals
ok 5 - nil
</system-out>
    <testcase name="Equals (242)" classname="spec_perl_TestImportsCircularA_t" time="0.00118398666381836" />
    <testcase name="Equals (243)" classname="spec_perl_TestImportsCircularA_t" time="6.69956207275391e-05" />
    <testcase name="Equals (244)" classname="spec_perl_TestImportsCircularA_t" time="5.38825988769531e-05" />
    <testcase name="Equals (245)" classname="spec_perl_TestImportsCircularA_t" time="5.31673431396484e-05" />
    <testcase name="nil (245)" classname="spec_perl_TestImportsCircularA_t" time="6.79492950439453e-05" />
  </testsuite>
  <testsuite name="spec_perl_TestEnumImport_t" errors="0" failures="2" skipped="0" tests="2" time="0.0312011241912842">
    <system-out>1..2
not ok 1 - Equals
not ok 2 - Equals
</system-out>
    <testcase name="Equals (246)" classname="spec_perl_TestEnumImport_t" time="0.00113701820373535">
      <failure message="not ok 1 - Equals" type="TAP::Parser::Result::Test"></failure>
    </testcase>
    <testcase name="Equals (247)" classname="spec_perl_TestEnumImport_t" time="0.000527143478393555">
      <failure message="not ok 2 - Equals" type="TAP::Parser::Result::Test"></failure>
    </testcase>
  </testsuite>
  <testsuite name="spec_perl_TestNavParentFalse_t" errors="0" failures="0" skipped="0" tests="5" time="0.0301971435546875">
    <system-out>1..5
ok 1 - Equals
ok 2 - Equals
ok 3 - Equals
ok 4 - Equals
ok 5 - Equals
</system-out>
    <testcase name="Equals (248)" classname="spec_perl_TestNavParentFalse_t" time="0.00136399269104004" />
    <testcase name="Equals (249)" classname="spec_perl_TestNavParentFalse_t" time="6.69956207275391e-05" />
    <testcase name="Equals (250)" classname="spec_perl_TestNavParentFalse_t" time="5.50746917724609e-05" />
    <testcase name="Equals (251)" classname="spec_perl_TestNavParentFalse_t" time="5.29289245605469e-05" />
    <testcase name="Equals (252)" classname="spec_perl_TestNavParentFalse_t" time="0.000133991241455078" />
  </testsuite>
  <testsuite name="spec_perl_TestZlibSurrounded_t" errors="0" failures="0" skipped="0" tests="1" time="0.0566630363464355">
    <system-out>1..1
ok 1 - Equals
</system-out>
    <testcase name="Equals (253)" classname="spec_perl_TestZlibSurrounded_t" time="0.00183200836181641" />
  </testsuite>
  <testsuite name="spec_perl_TestSwitchManualEnumInvalid_t" errors="0" failures="0" skipped="0" tests="5" time="0.0348150730133057">
    <system-out>1..5
ok 1 - Equals
ok 2 - Equals
ok 3 - nil
ok 4 - Equals
ok 5 - nil
</system-out>
    <testcase name="Equals (254)" classname="spec_perl_TestSwitchManualEnumInvalid_t" time="0.00116491317749023" />
    <testcase name="Equals (255)" classname="spec_perl_TestSwitchManualEnumInvalid_t" time="6.60419464111328e-05" />
    <testcase name="nil (255)" classname="spec_perl_TestSwitchManualEnumInvalid_t" time="3.88622283935547e-05" />
    <testcase name="Equals (256)" classname="spec_perl_TestSwitchManualEnumInvalid_t" time="5.00679016113281e-05" />
    <testcase name="nil (256)" classname="spec_perl_TestSwitchManualEnumInvalid_t" time="4.79221343994141e-05" />
  </testsuite>
  <testsuite name="spec_perl_TestStrEos_t" errors="0" failures="0" skipped="0" tests="1" time="0.0364120006561279">
    <system-out>1..1
ok 1 - Equals
</system-out>
    <testcase name="Equals (257)" classname="spec_perl_TestStrEos_t" time="0.00123691558837891" />
  </testsuite>
  <testsuite name="spec_perl_TestNavParent2_t" errors="0" failures="0" skipped="0" tests="10" time="0.0342600345611572">
    <system-out>1..10
ok 1 - Equals
ok 2 - Equals
ok 3 - Equals
ok 4 - Equals
ok 5 - Equals
ok 6 - Equals
ok 7 - Equals
ok 8 - Equals
ok 9 - Equals
ok 10 - Equals
</system-out>
    <testcase name="Equals (258)" classname="spec_perl_TestNavParent2_t" time="0.00118589401245117" />
    <testcase name="Equals (259)" classname="spec_perl_TestNavParent2_t" time="8.41617584228516e-05" />
    <testcase name="Equals (260)" classname="spec_perl_TestNavParent2_t" time="6.29425048828125e-05" />
    <testcase name="Equals (261)" classname="spec_perl_TestNavParent2_t" time="0.000230073928833008" />
    <testcase name="Equals (262)" classname="spec_perl_TestNavParent2_t" time="8.20159912109375e-05" />
    <testcase name="Equals (263)" classname="spec_perl_TestNavParent2_t" time="0.000125885009765625" />
    <testcase name="Equals (264)" classname="spec_perl_TestNavParent2_t" time="8.10623168945312e-05" />
    <testcase name="Equals (265)" classname="spec_perl_TestNavParent2_t" time="7.70092010498047e-05" />
    <testcase name="Equals (266)" classname="spec_perl_TestNavParent2_t" time="0.000115871429443359" />
    <testcase name="Equals (267)" classname="spec_perl_TestNavParent2_t" time="0.000110149383544922" />
  </testsuite>
  <testsuite name="spec_perl_TestExprArray_t" errors="0" failures="1" skipped="0" tests="15" time="0.0368599891662598">
    <system-out>1..15
ok 1 - Equals
ok 2 - Equals
ok 3 - Equals
ok 4 - Equals
ok 5 - Equals
ok 6 - Equals
ok 7 - Approx equals
ok 8 - Approx equals
not ok 9 - Approx equals
ok 10 - Approx equals
ok 11 - Equals
ok 12 - Equals
ok 13 - Equals
ok 14 - Equals
ok 15 - Equals
</system-out>
    <testcase name="Equals (268)" classname="spec_perl_TestExprArray_t" time="0.00125813484191895" />
    <testcase name="Equals (269)" classname="spec_perl_TestExprArray_t" time="6.4849853515625e-05" />
    <testcase name="Equals (270)" classname="spec_perl_TestExprArray_t" time="5.91278076171875e-05" />
    <testcase name="Equals (271)" classname="spec_perl_TestExprArray_t" time="5.19752502441406e-05" />
    <testcase name="Equals (272)" classname="spec_perl_TestExprArray_t" time="5.19752502441406e-05" />
    <testcase name="Equals (273)" classname="spec_perl_TestExprArray_t" time="8.51154327392578e-05" />
    <testcase name="Approx equals (273)" classname="spec_perl_TestExprArray_t" time="4.88758087158203e-05" />
    <testcase name="Approx equals (274)" classname="spec_perl_TestExprArray_t" time="4.60147857666016e-05" />
    <testcase name="Approx equals (275)" classname="spec_perl_TestExprArray_t" time="5.38825988769531e-05">
      <failure message="not ok 9 - Approx equals" type="TAP::Parser::Result::Test"></failure>
    </testcase>
    <testcase name="Approx equals (276)" classname="spec_perl_TestExprArray_t" time="0.000257015228271484" />
    <testcase name="Equals (276)" classname="spec_perl_TestExprArray_t" time="0.000465154647827148" />
    <testcase name="Equals (277)" classname="spec_perl_TestExprArray_t" time="7.29560852050781e-05" />
    <testcase name="Equals (278)" classname="spec_perl_TestExprArray_t" time="6.19888305664062e-05" />
    <testcase name="Equals (279)" classname="spec_perl_TestExprArray_t" time="5.41210174560547e-05" />
    <testcase name="Equals (280)" classname="spec_perl_TestExprArray_t" time="4.79221343994141e-05" />
  </testsuite>
  <testsuite name="spec_perl_TestExprOpsParens_t" errors="0" failures="1" skipped="0" tests="9" time="0.0340979099273682">
    <system-out>1..9
ok 1 - Equals
ok 2 - Equals
ok 3 - Equals
ok 4 - Equals
ok 5 - Equals
ok 6 - Equals
not ok 7 - Equals
ok 8 - Equals
ok 9 - Equals
</system-out>
    <testcase name="Equals (281)" classname="spec_perl_TestExprOpsParens_t" time="0.00134801864624023" />
    <testcase name="Equals (282)" classname="spec_perl_TestExprOpsParens_t" time="6.98566436767578e-05" />
    <testcase name="Equals (283)" classname="spec_perl_TestExprOpsParens_t" time="5.60283660888672e-05" />
    <testcase name="Equals (284)" classname="spec_perl_TestExprOpsParens_t" time="8.10623168945312e-05" />
    <testcase name="Equals (285)" classname="spec_perl_TestExprOpsParens_t" time="0.000118017196655273" />
    <testcase name="Equals (286)" classname="spec_perl_TestExprOpsParens_t" time="0.000113010406494141" />
    <testcase name="Equals (287)" classname="spec_perl_TestExprOpsParens_t" time="0.000118017196655273">
      <failure message="not ok 7 - Equals" type="TAP::Parser::Result::Test"></failure>
    </testcase>
    <testcase name="Equals (288)" classname="spec_perl_TestExprOpsParens_t" time="0.000393867492675781" />
    <testcase name="Equals (289)" classname="spec_perl_TestExprOpsParens_t" time="0.000527143478393555" />
  </testsuite>
  <testsuite name="spec_perl_TestValidLong_t" errors="0" failures="0" skipped="1" tests="1" time="0.0399940013885498">
    <system-out>1..1
ok 1 # skip ValidLong=HASH(0x55afce6955a0)
</system-out>
    <testcase name="Unnamed test case 289" classname="spec_perl_TestValidLong_t" time="0.00195693969726562">
      <skipped message="ok 1 # skip ValidLong=HASH(0x55afce6955a0)" />
    </testcase>
  </testsuite>
  <testsuite name="spec_perl_TestEofExceptionBytes_t" errors="0" failures="0" skipped="0" tests="1" time="0.0311079025268555">
    <system-out>1..1
ok 1 - threw /^Requested \d+ bytes, but only \d+ bytes available/
</system-out>
    <testcase name="threw /^Requested \d+ bytes, but only \d+ bytes available/ (289)" classname="spec_perl_TestEofExceptionBytes_t" time="0.00123286247253418" />
  </testsuite>
  <testsuite name="spec_perl_TestExprIoEof_t" errors="0" failures="0" skipped="0" tests="4" time="0.0316400527954102">
    <system-out>1..4
ok 1 - Equals
ok 2 - nil
ok 3 - Equals
ok 4 - Equals
</system-out>
    <testcase name="Equals (290)" classname="spec_perl_TestExprIoEof_t" time="0.00158810615539551" />
    <testcase name="nil (290)" classname="spec_perl_TestExprIoEof_t" time="8.10623168945312e-05" />
    <testcase name="Equals (291)" classname="spec_perl_TestExprIoEof_t" time="5.48362731933594e-05" />
    <testcase name="Equals (292)" classname="spec_perl_TestExprIoEof_t" time="5.00679016113281e-05" />
  </testsuite>
  <testsuite name="spec_perl_TestCastToImported_t" errors="0" failures="0" skipped="0" tests="2" time="0.0318222045898438">
    <system-out>1..2
ok 1 - Equals
ok 2 - Equals
</system-out>
    <testcase name="Equals (293)" classname="spec_perl_TestCastToImported_t" time="0.00120687484741211" />
    <testcase name="Equals (294)" classname="spec_perl_TestCastToImported_t" time="8.70227813720703e-05" />
  </testsuite>
  <testsuite name="spec_perl_TestDefaultEndianMod_t" errors="0" failures="0" skipped="0" tests="3" time="0.0295770168304443">
    <system-out>1..3
ok 1 - Equals
ok 2 - Equals
ok 3 - Equals
</system-out>
    <testcase name="Equals (295)" classname="spec_perl_TestDefaultEndianMod_t" time="0.0012969970703125" />
    <testcase name="Equals (296)" classname="spec_perl_TestDefaultEndianMod_t" time="6.41345977783203e-05" />
    <testcase name="Equals (297)" classname="spec_perl_TestDefaultEndianMod_t" time="5.19752502441406e-05" />
  </testsuite>
  <testsuite name="spec_perl_TestValidOptionalId_t" errors="1" failures="0" skipped="0" tests="0" time="0.0309410095214844">
    <system-out></system-out>
    <testcase name="Test died too soon, even before plan. (297)" classname="spec_perl_TestValidOptionalId_t" time="0.0309410095214844">
      <failure message="The test suite died before a plan was produced. You need to have a plan." type="Plan">No plan</failure>
    </testcase>
  </testsuite>
  <testsuite name="spec_perl_TestProcessRotate_t" errors="0" failures="0" skipped="0" tests="3" time="0.0313348770141602">
    <system-out>1..3
ok 1 - Equals
ok 2 - Equals
ok 3 - Equals
</system-out>
    <testcase name="Equals (298)" classname="spec_perl_TestProcessRotate_t" time="0.00128412246704102" />
    <testcase name="Equals (299)" classname="spec_perl_TestProcessRotate_t" time="0.000108003616333008" />
    <testcase name="Equals (300)" classname="spec_perl_TestProcessRotate_t" time="6.98566436767578e-05" />
  </testsuite>
  <testsuite name="spec_perl_TestProcessCoerceUsertype2_t" errors="0" failures="0" skipped="0" tests="4" time="0.0329201221466064">
    <system-out>1..4
ok 1 - Equals
ok 2 - Equals
ok 3 - Equals
ok 4 - Equals
</system-out>
    <testcase name="Equals (301)" classname="spec_perl_TestProcessCoerceUsertype2_t" time="0.00141501426696777" />
    <testcase name="Equals (302)" classname="spec_perl_TestProcessCoerceUsertype2_t" time="6.19888305664062e-05" />
    <testcase name="Equals (303)" classname="spec_perl_TestProcessCoerceUsertype2_t" time="7.00950622558594e-05" />
    <testcase name="Equals (304)" classname="spec_perl_TestProcessCoerceUsertype2_t" time="7.89165496826172e-05" />
  </testsuite>
  <testsuite name="spec_perl_TestImportsAbsRel_t" errors="0" failures="0" skipped="0" tests="3" time="0.0285918712615967">
    <system-out>1..3
ok 1 - Equals
ok 2 - Equals
ok 3 - Equals
</system-out>
    <testcase name="Equals (305)" classname="spec_perl_TestImportsAbsRel_t" time="0.00111198425292969" />
    <testcase name="Equals (306)" classname="spec_perl_TestImportsAbsRel_t" time="6.29425048828125e-05" />
    <testcase name="Equals (307)" classname="spec_perl_TestImportsAbsRel_t" time="5.29289245605469e-05" />
  </testsuite>
  <testsuite name="spec_perl_TestNavParent_t" errors="0" failures="0" skipped="0" tests="5" time="0.0370399951934814">
    <system-out>1..5
ok 1 - Equals
ok 2 - Equals
ok 3 - Equals
ok 4 - Equals
ok 5 - Equals
</system-out>
    <testcase name="Equals (308)" classname="spec_perl_TestNavParent_t" time="0.0013420581817627" />
    <testcase name="Equals (309)" classname="spec_perl_TestNavParent_t" time="6.4849853515625e-05" />
    <testcase name="Equals (310)" classname="spec_perl_TestNavParent_t" time="5.29289245605469e-05" />
    <testcase name="Equals (311)" classname="spec_perl_TestNavParent_t" time="9.20295715332031e-05" />
    <testcase name="Equals (312)" classname="spec_perl_TestNavParent_t" time="8.60691070556641e-05" />
  </testsuite>
  <testsuite name="spec_perl_TestBitsSeqEndianCombo_t" errors="0" failures="0" skipped="0" tests="8" time="0.0350868701934814">
    <system-out>1..8
ok 1 - Equals
ok 2 - Equals
ok 3 - Equals
ok 4 - Equals
ok 5 - Equals
ok 6 - Equals
ok 7 - Equals
ok 8 - Equals
</system-out>
    <testcase name="Equals (313)" classname="spec_perl_TestBitsSeqEndianCombo_t" time="0.00170397758483887" />
    <testcase name="Equals (314)" classname="spec_perl_TestBitsSeqEndianCombo_t" time="0.000212907791137695" />
    <testcase name="Equals (315)" classname="spec_perl_TestBitsSeqEndianCombo_t" time="0.000206947326660156" />
    <testcase name="Equals (316)" classname="spec_perl_TestBitsSeqEndianCombo_t" time="0.000184059143066406" />
    <testcase name="Equals (317)" classname="spec_perl_TestBitsSeqEndianCombo_t" time="0.000221014022827148" />
    <testcase name="Equals (318)" classname="spec_perl_TestBitsSeqEndianCombo_t" time="0.000528097152709961" />
    <testcase name="Equals (319)" classname="spec_perl_TestBitsSeqEndianCombo_t" time="0.000214815139770508" />
    <testcase name="Equals (320)" classname="spec_perl_TestBitsSeqEndianCombo_t" time="0.000190019607543945" />
  </testsuite>
  <testsuite name="spec_perl_TestPositionToEnd_t" errors="0" failures="0" skipped="0" tests="2" time="0.0313560962677002">
    <system-out>1..2
ok 1 - Equals
ok 2 - Equals
</system-out>
    <testcase name="Equals (321)" classname="spec_perl_TestPositionToEnd_t" time="0.0013270378112793" />
    <testcase name="Equals (322)" classname="spec_perl_TestPositionToEnd_t" time="6.69956207275391e-05" />
  </testsuite>
  <testsuite name="spec_perl_TestProcessCoerceSwitch_t" errors="0" failures="0" skipped="0" tests="3" time="0.0308330059051514">
    <system-out>1..3
ok 1 - Equals
ok 2 - Equals
ok 3 - Equals
</system-out>
    <testcase name="Equals (323)" classname="spec_perl_TestProcessCoerceSwitch_t" time="0.00153708457946777" />
    <testcase name="Equals (324)" classname="spec_perl_TestProcessCoerceSwitch_t" time="9.48905944824219e-05" />
    <testcase name="Equals (325)" classname="spec_perl_TestProcessCoerceSwitch_t" time="7.20024108886719e-05" />
  </testsuite>
  <testsuite name="spec_perl_TestIfValues_t" errors="0" failures="0" skipped="0" tests="6" time="0.0309009552001953">
    <system-out>1..6
ok 1 - Equals
ok 2 - Equals
ok 3 - Equals
ok 4 - nil
ok 5 - Equals
ok 6 - nil
</system-out>
    <testcase name="Equals (326)" classname="spec_perl_TestIfValues_t" time="0.00133895874023438" />
    <testcase name="Equals (327)" classname="spec_perl_TestIfValues_t" time="6.69956207275391e-05" />
    <testcase name="Equals (328)" classname="spec_perl_TestIfValues_t" time="5.69820404052734e-05" />
    <testcase name="nil (328)" classname="spec_perl_TestIfValues_t" time="5.19752502441406e-05" />
    <testcase name="Equals (329)" classname="spec_perl_TestIfValues_t" time="4.79221343994141e-05" />
    <testcase name="nil (329)" classname="spec_perl_TestIfValues_t" time="4.60147857666016e-05" />
  </testsuite>
  <testsuite name="spec_perl_TestEnumLongRangeS_t" errors="0" failures="0" skipped="0" tests="7" time="0.0315210819244385">
    <system-out>1..7
ok 1 - Equals
ok 2 - Equals
ok 3 - Equals
ok 4 - Equals
ok 5 - Equals
ok 6 - Equals
ok 7 - Equals
</system-out>
    <testcase name="Equals (330)" classname="spec_perl_TestEnumLongRangeS_t" time="0.00112700462341309" />
    <testcase name="Equals (331)" classname="spec_perl_TestEnumLongRangeS_t" time="6.41345977783203e-05" />
    <testcase name="Equals (332)" classname="spec_perl_TestEnumLongRangeS_t" time="3.60012054443359e-05" />
    <testcase name="Equals (333)" classname="spec_perl_TestEnumLongRangeS_t" time="4.60147857666016e-05" />
    <testcase name="Equals (334)" classname="spec_perl_TestEnumLongRangeS_t" time="4.60147857666016e-05" />
    <testcase name="Equals (335)" classname="spec_perl_TestEnumLongRangeS_t" time="0.000134944915771484" />
    <testcase name="Equals (336)" classname="spec_perl_TestEnumLongRangeS_t" time="8.89301300048828e-05" />
  </testsuite>
  <testsuite name="spec_perl_TestProcessCoerceUsertype1_t" errors="0" failures="0" skipped="0" tests="4" time="0.0307841300964355">
    <system-out>1..4
ok 1 - Equals
ok 2 - Equals
ok 3 - Equals
ok 4 - Equals
</system-out>
    <testcase name="Equals (337)" classname="spec_perl_TestProcessCoerceUsertype1_t" time="0.00168299674987793" />
    <testcase name="Equals (338)" classname="spec_perl_TestProcessCoerceUsertype1_t" time="6.69956207275391e-05" />
    <testcase name="Equals (339)" classname="spec_perl_TestProcessCoerceUsertype1_t" time="5.31673431396484e-05" />
    <testcase name="Equals (340)" classname="spec_perl_TestProcessCoerceUsertype1_t" time="4.88758087158203e-05" />
  </testsuite>
  <testsuite name="spec_perl_TestIoLocalVar_t" errors="0" failures="0" skipped="0" tests="2" time="0.0320091247558594">
    <system-out>1..2
ok 1 - Equals
ok 2 - Equals
</system-out>
    <testcase name="Equals (341)" classname="spec_perl_TestIoLocalVar_t" time="0.00148701667785645" />
    <testcase name="Equals (342)" classname="spec_perl_TestIoLocalVar_t" time="6.60419464111328e-05" />
  </testsuite>
  <testsuite name="spec_perl_TestOptionalId_t" errors="0" failures="0" skipped="0" tests="3" time="0.0325629711151123">
    <system-out>1..3
ok 1 - Equals
ok 2 - Equals
ok 3 - Equals
</system-out>
    <testcase name="Equals (343)" classname="spec_perl_TestOptionalId_t" time="0.00116896629333496" />
    <testcase name="Equals (344)" classname="spec_perl_TestOptionalId_t" time="7.10487365722656e-05" />
    <testcase name="Equals (345)" classname="spec_perl_TestOptionalId_t" time="3.88622283935547e-05" />
  </testsuite>
  <testsuite name="spec_perl_TestEnumForUnknownId_t" errors="0" failures="0" skipped="0" tests="1" time="0.0285379886627197">
    <system-out>1..1
ok 1 - Equals
</system-out>
    <testcase name="Equals (346)" classname="spec_perl_TestEnumForUnknownId_t" time="0.00115704536437988" />
  </testsuite>
  <testsuite name="spec_perl_TestRecursiveOne_t" errors="0" failures="0" skipped="0" tests="4" time="0.0321750640869141">
    <system-out>1..4
ok 1 - Equals
ok 2 - Equals
ok 3 - Equals
ok 4 - Equals
</system-out>
    <testcase name="Equals (347)" classname="spec_perl_TestRecursiveOne_t" time="0.00145697593688965" />
    <testcase name="Equals (348)" classname="spec_perl_TestRecursiveOne_t" time="9.20295715332031e-05" />
    <testcase name="Equals (349)" classname="spec_perl_TestRecursiveOne_t" time="5.69820404052734e-05" />
    <testcase name="Equals (350)" classname="spec_perl_TestRecursiveOne_t" time="5.19752502441406e-05" />
  </testsuite>
  <testsuite name="spec_perl_TestDefaultBigEndian_t" errors="0" failures="0" skipped="0" tests="1" time="0.0292470455169678">
    <system-out>1..1
ok 1 - Equals
</system-out>
    <testcase name="Equals (351)" classname="spec_perl_TestDefaultBigEndian_t" time="0.00129413604736328" />
  </testsuite>
  <testsuite name="spec_perl_TestBitsSignedShiftB32Le_t" errors="0" failures="0" skipped="0" tests="2" time="0.0393319129943848">
    <system-out>1..2
ok 1 - Equals
ok 2 - Equals
</system-out>
    <testcase name="Equals (352)" classname="spec_perl_TestBitsSignedShiftB32Le_t" time="0.00134396553039551" />
    <testcase name="Equals (353)" classname="spec_perl_TestBitsSignedShiftB32Le_t" time="6.38961791992188e-05" />
  </testsuite>
  <testsuite name="spec_perl_TestSwitchManualIntSizeEos_t" errors="0" failures="0" skipped="0" tests="10" time="0.0351850986480713">
    <system-out>1..10
ok 1 - Equals
ok 2 - Equals
ok 3 - Equals
ok 4 - Equals
ok 5 - Equals
ok 6 - Equals
ok 7 - Equals
ok 8 - Equals
ok 9 - Equals
ok 10 - Equals
</system-out>
    <testcase name="Equals (354)" classname="spec_perl_TestSwitchManualIntSizeEos_t" time="0.00159502029418945" />
    <testcase name="Equals (355)" classname="spec_perl_TestSwitchManualIntSizeEos_t" time="0.000172138214111328" />
    <testcase name="Equals (356)" classname="spec_perl_TestSwitchManualIntSizeEos_t" time="6.79492950439453e-05" />
    <testcase name="Equals (357)" classname="spec_perl_TestSwitchManualIntSizeEos_t" time="6.00814819335938e-05" />
    <testcase name="Equals (358)" classname="spec_perl_TestSwitchManualIntSizeEos_t" time="0.000136852264404297" />
    <testcase name="Equals (359)" classname="spec_perl_TestSwitchManualIntSizeEos_t" time="0.000112056732177734" />
    <testcase name="Equals (360)" classname="spec_perl_TestSwitchManualIntSizeEos_t" time="8.79764556884766e-05" />
    <testcase name="Equals (361)" classname="spec_perl_TestSwitchManualIntSizeEos_t" time="7.60555267333984e-05" />
    <testcase name="Equals (362)" classname="spec_perl_TestSwitchManualIntSizeEos_t" time="8.20159912109375e-05" />
    <testcase name="Equals (363)" classname="spec_perl_TestSwitchManualIntSizeEos_t" time="7.48634338378906e-05" />
  </testsuite>
  <testsuite name="spec_perl_TestTsPacketHeader_t" errors="0" failures="0" skipped="0" tests="7" time="0.0288088321685791">
    <system-out>1..7
ok 1 - Equals
ok 2 - Equals
ok 3 - Equals
ok 4 - Equals
ok 5 - Equals
ok 6 - Equals
ok 7 - Equals
</system-out>
    <testcase name="Equals (364)" classname="spec_perl_TestTsPacketHeader_t" time="0.00129795074462891" />
    <testcase name="Equals (365)" classname="spec_perl_TestTsPacketHeader_t" time="6.89029693603516e-05" />
    <testcase name="Equals (366)" classname="spec_perl_TestTsPacketHeader_t" time="5.22136688232422e-05" />
    <testcase name="Equals (367)" classname="spec_perl_TestTsPacketHeader_t" time="4.60147857666016e-05" />
    <testcase name="Equals (368)" classname="spec_perl_TestTsPacketHeader_t" time="5.29289245605469e-05" />
    <testcase name="Equals (369)" classname="spec_perl_TestTsPacketHeader_t" time="4.50611114501953e-05" />
    <testcase name="Equals (370)" classname="spec_perl_TestTsPacketHeader_t" time="6.89029693603516e-05" />
  </testsuite>
  <testsuite name="spec_perl_TestNestedSameName_t" errors="0" failures="0" skipped="0" tests="2" time="0.0304279327392578">
    <system-out>1..2
ok 1 - Equals
ok 2 - Equals
</system-out>
    <testcase name="Equals (371)" classname="spec_perl_TestNestedSameName_t" time="0.00136590003967285" />
    <testcase name="Equals (372)" classname="spec_perl_TestNestedSameName_t" time="6.50882720947266e-05" />
  </testsuite>
  <testsuite name="spec_perl_TestExprBytesNonLiteral_t" errors="0" failures="0" skipped="0" tests="3" time="0.0375359058380127">
    <system-out>1..3
ok 1 - Equals
ok 2 - Equals
ok 3 - Equals
</system-out>
    <testcase name="Equals (373)" classname="spec_perl_TestExprBytesNonLiteral_t" time="0.00129914283752441" />
    <testcase name="Equals (374)" classname="spec_perl_TestExprBytesNonLiteral_t" time="6.58035278320312e-05" />
    <testcase name="Equals (375)" classname="spec_perl_TestExprBytesNonLiteral_t" time="5.50746917724609e-05" />
  </testsuite>
  <testsuite name="spec_perl_TestExprIoPos_t" errors="0" failures="0" skipped="0" tests="6" time="0.0349509716033936">
    <system-out>1..6
ok 1 - Equals
ok 2 - Equals
ok 3 - Equals
ok 4 - Equals
ok 5 - Equals
ok 6 - Equals
</system-out>
    <testcase name="Equals (376)" classname="spec_perl_TestExprIoPos_t" time="0.00179100036621094" />
    <testcase name="Equals (377)" classname="spec_perl_TestExprIoPos_t" time="9.20295715332031e-05" />
    <testcase name="Equals (378)" classname="spec_perl_TestExprIoPos_t" time="5.19752502441406e-05" />
    <testcase name="Equals (379)" classname="spec_perl_TestExprIoPos_t" time="4.79221343994141e-05" />
    <testcase name="Equals (380)" classname="spec_perl_TestExprIoPos_t" time="9.10758972167969e-05" />
    <testcase name="Equals (381)" classname="spec_perl_TestExprIoPos_t" time="4.69684600830078e-05" />
  </testsuite>
  <testsuite name="spec_perl_TestSwitchManualInt_t" errors="0" failures="0" skipped="0" tests="9" time="0.0348000526428223">
    <system-out>1..9
ok 1 - Equals
ok 2 - Equals
ok 3 - Equals
ok 4 - Equals
ok 5 - Equals
ok 6 - Equals
ok 7 - Equals
ok 8 - Equals
ok 9 - Equals
</system-out>
    <testcase name="Equals (382)" classname="spec_perl_TestSwitchManualInt_t" time="0.00125908851623535" />
    <testcase name="Equals (383)" classname="spec_perl_TestSwitchManualInt_t" time="6.69956207275391e-05" />
    <testcase name="Equals (384)" classname="spec_perl_TestSwitchManualInt_t" time="7.60555267333984e-05" />
    <testcase name="Equals (385)" classname="spec_perl_TestSwitchManualInt_t" time="6.38961791992188e-05" />
    <testcase name="Equals (386)" classname="spec_perl_TestSwitchManualInt_t" time="6.31809234619141e-05" />
    <testcase name="Equals (387)" classname="spec_perl_TestSwitchManualInt_t" time="8.392333984375e-05" />
    <testcase name="Equals (388)" classname="spec_perl_TestSwitchManualInt_t" time="9.48905944824219e-05" />
    <testcase name="Equals (389)" classname="spec_perl_TestSwitchManualInt_t" time="7.60555267333984e-05" />
    <testcase name="Equals (390)" classname="spec_perl_TestSwitchManualInt_t" time="7.89165496826172e-05" />
  </testsuite>
  <testsuite name="spec_perl_TestSwitchMultiBoolOps_t" errors="0" failures="0" skipped="0" tests="9" time="0.0298709869384766">
    <system-out>1..9
ok 1 - Equals
ok 2 - Equals
ok 3 - Equals
ok 4 - Equals
ok 5 - Equals
ok 6 - Equals
ok 7 - Equals
ok 8 - Equals
ok 9 - Equals
</system-out>
    <testcase name="Equals (391)" classname="spec_perl_TestSwitchMultiBoolOps_t" time="0.00120902061462402" />
    <testcase name="Equals (392)" classname="spec_perl_TestSwitchMultiBoolOps_t" time="6.89029693603516e-05" />
    <testcase name="Equals (393)" classname="spec_perl_TestSwitchMultiBoolOps_t" time="5.31673431396484e-05" />
    <testcase name="Equals (394)" classname="spec_perl_TestSwitchMultiBoolOps_t" time="4.88758087158203e-05" />
    <testcase name="Equals (395)" classname="spec_perl_TestSwitchMultiBoolOps_t" time="4.69684600830078e-05" />
    <testcase name="Equals (396)" classname="spec_perl_TestSwitchMultiBoolOps_t" time="9.20295715332031e-05" />
    <testcase name="Equals (397)" classname="spec_perl_TestSwitchMultiBoolOps_t" time="8.29696655273438e-05" />
    <testcase name="Equals (398)" classname="spec_perl_TestSwitchMultiBoolOps_t" time="0.000150203704833984" />
    <testcase name="Equals (399)" classname="spec_perl_TestSwitchMultiBoolOps_t" time="0.000114917755126953" />
  </testsuite>
  <testsuite name="spec_perl_TestEnumToIClassBorder1_t" errors="0" failures="1" skipped="0" tests="3" time="0.029304027557373">
    <system-out>1..3
ok 1 - Equals
ok 2 - Equals
not ok 3 - test_enum_to_i_class_border_1 died (Can't call method &quot;some_dog&quot; on an undefined value at compiled/perl/EnumToIClassBorder2.pm line 42.)
</system-out>
    <testcase name="Equals (400)" classname="spec_perl_TestEnumToIClassBorder1_t" time="0.00109982490539551" />
    <testcase name="Equals (401)" classname="spec_perl_TestEnumToIClassBorder1_t" time="6.103515625e-05" />
    <testcase name="test_enum_to_i_class_border_1 died (Can't call method &quot;some_dog&quot; on an undefined value at compiled/perl/EnumToIClassBorder2.pm line 42.) (401)" classname="spec_perl_TestEnumToIClassBorder1_t" time="5.91278076171875e-05">
      <failure message="not ok 3 - test_enum_to_i_class_border_1 died (Can't call method &quot;some_dog&quot; on an undefined value at compiled/perl/EnumToIClassBorder2.pm line 42.)" type="TAP::Parser::Result::Test"></failure>
    </testcase>
  </testsuite>
  <testsuite name="spec_perl_TestExprIntDiv_t" errors="0" failures="2" skipped="0" tests="6" time="0.0336558818817139">
    <system-out>1..6
ok 1 - Equals
ok 2 - Equals
ok 3 - Equals
not ok 4 - Equals
ok 5 - Equals
not ok 6 - Equals
</system-out>
    <testcase name="Equals (402)" classname="spec_perl_TestExprIntDiv_t" time="0.00118398666381836" />
    <testcase name="Equals (403)" classname="spec_perl_TestExprIntDiv_t" time="6.38961791992188e-05" />
    <testcase name="Equals (404)" classname="spec_perl_TestExprIntDiv_t" time="0.000106096267700195" />
    <testcase name="Equals (405)" classname="spec_perl_TestExprIntDiv_t" time="6.79492950439453e-05">
      <failure message="not ok 4 - Equals" type="TAP::Parser::Result::Test"></failure>
    </testcase>
    <testcase name="Equals (406)" classname="spec_perl_TestExprIntDiv_t" time="0.000890970230102539" />
    <testcase name="Equals (407)" classname="spec_perl_TestExprIntDiv_t" time="0.000107049942016602">
      <failure message="not ok 6 - Equals" type="TAP::Parser::Result::Test"></failure>
    </testcase>
  </testsuite>
  <testsuite name="spec_perl_TestRepeatEosStruct_t" errors="0" failures="0" skipped="0" tests="5" time="0.0322508811950684">
    <system-out>1..5
ok 1 - Equals
ok 2 - Equals
ok 3 - Equals
ok 4 - Equals
ok 5 - Equals
</system-out>
    <testcase name="Equals (408)" classname="spec_perl_TestRepeatEosStruct_t" time="0.00123906135559082" />
    <testcase name="Equals (409)" classname="spec_perl_TestRepeatEosStruct_t" time="6.58035278320312e-05" />
    <testcase name="Equals (410)" classname="spec_perl_TestRepeatEosStruct_t" time="5.50746917724609e-05" />
    <testcase name="Equals (411)" classname="spec_perl_TestRepeatEosStruct_t" time="5.69820404052734e-05" />
    <testcase name="Equals (412)" classname="spec_perl_TestRepeatEosStruct_t" time="4.91142272949219e-05" />
  </testsuite>
  <testsuite name="spec_perl_TestTypeIntUnaryOp_t" errors="0" failures="0" skipped="0" tests="4" time="0.0325992107391357">
    <system-out>1..4
ok 1 - Equals
ok 2 - Equals
ok 3 - Equals
ok 4 - Equals
</system-out>
    <testcase name="Equals (413)" classname="spec_perl_TestTypeIntUnaryOp_t" time="0.00171709060668945" />
    <testcase name="Equals (414)" classname="spec_perl_TestTypeIntUnaryOp_t" time="6.19888305664062e-05" />
    <testcase name="Equals (415)" classname="spec_perl_TestTypeIntUnaryOp_t" time="5.60283660888672e-05" />
    <testcase name="Equals (416)" classname="spec_perl_TestTypeIntUnaryOp_t" time="7.58171081542969e-05" />
  </testsuite>
  <testsuite name="spec_perl_TestEnumNegative_t" errors="0" failures="0" skipped="0" tests="2" time="0.0318500995635986">
    <system-out>1..2
ok 1 - Equals
ok 2 - Equals
</system-out>
    <testcase name="Equals (417)" classname="spec_perl_TestEnumNegative_t" time="0.00120091438293457" />
    <testcase name="Equals (418)" classname="spec_perl_TestEnumNegative_t" time="6.60419464111328e-05" />
  </testsuite>
  <testsuite name="spec_perl_TestMetaTags_t" errors="0" failures="0" skipped="1" tests="1" time="0.0311989784240723">
    <system-out>1..1
ok 1 # skip MetaTags=HASH(0x55ed41802480)
</system-out>
    <testcase name="Unnamed test case 418" classname="spec_perl_TestMetaTags_t" time="0.0015709400177002">
      <skipped message="ok 1 # skip MetaTags=HASH(0x55ed41802480)" />
    </testcase>
  </testsuite>
  <testsuite name="spec_perl_TestNestedTypes2_t" errors="0" failures="0" skipped="0" tests="7" time="0.0437660217285156">
    <system-out>1..7
ok 1 - Equals
ok 2 - Equals
ok 3 - Equals
ok 4 - Equals
ok 5 - Equals
ok 6 - Equals
ok 7 - Equals
</system-out>
    <testcase name="Equals (419)" classname="spec_perl_TestNestedTypes2_t" time="0.00138592720031738" />
    <testcase name="Equals (420)" classname="spec_perl_TestNestedTypes2_t" time="8.70227813720703e-05" />
    <testcase name="Equals (421)" classname="spec_perl_TestNestedTypes2_t" time="5.60283660888672e-05" />
    <testcase name="Equals (422)" classname="spec_perl_TestNestedTypes2_t" time="5.48362731933594e-05" />
    <testcase name="Equals (423)" classname="spec_perl_TestNestedTypes2_t" time="6.91413879394531e-05" />
    <testcase name="Equals (424)" classname="spec_perl_TestNestedTypes2_t" time="0.000418901443481445" />
    <testcase name="Equals (425)" classname="spec_perl_TestNestedTypes2_t" time="6.50882720947266e-05" />
  </testsuite>
  <testsuite name="spec_perl_TestValidEqStrEncodings_t" errors="0" failures="0" skipped="1" tests="1" time="0.0445191860198975">
    <system-out>1..1
ok 1 # skip ValidEqStrEncodings=HASH(0x5604b06dae20)
</system-out>
    <testcase name="Unnamed test case 425" classname="spec_perl_TestValidEqStrEncodings_t" time="0.0048680305480957">
      <skipped message="ok 1 # skip ValidEqStrEncodings=HASH(0x5604b06dae20)" />
    </testcase>
  </testsuite>
  <testsuite name="spec_perl_TestNavParent3_t" errors="0" failures="0" skipped="0" tests="10" time="0.033484935760498">
    <system-out>1..10
ok 1 - Equals
ok 2 - Equals
ok 3 - Equals
ok 4 - Equals
ok 5 - Equals
ok 6 - Equals
ok 7 - Equals
ok 8 - Equals
ok 9 - Equals
ok 10 - Equals
</system-out>
    <testcase name="Equals (426)" classname="spec_perl_TestNavParent3_t" time="0.001129150390625" />
    <testcase name="Equals (427)" classname="spec_perl_TestNavParent3_t" time="6.29425048828125e-05" />
    <testcase name="Equals (428)" classname="spec_perl_TestNavParent3_t" time="0.000102996826171875" />
    <testcase name="Equals (429)" classname="spec_perl_TestNavParent3_t" time="7.20024108886719e-05" />
    <testcase name="Equals (430)" classname="spec_perl_TestNavParent3_t" time="7.51018524169922e-05" />
    <testcase name="Equals (431)" classname="spec_perl_TestNavParent3_t" time="0.000102043151855469" />
    <testcase name="Equals (432)" classname="spec_perl_TestNavParent3_t" time="7.89165496826172e-05" />
    <testcase name="Equals (433)" classname="spec_perl_TestNavParent3_t" time="0.00011897087097168" />
    <testcase name="Equals (434)" classname="spec_perl_TestNavParent3_t" time="0.00011897087097168" />
    <testcase name="Equals (435)" classname="spec_perl_TestNavParent3_t" time="0.000100135803222656" />
  </testsuite>
  <testsuite name="spec_perl_TestBitsSimple_t" errors="0" failures="0" skipped="0" tests="14" time="0.0322089195251465">
    <system-out>1..14
ok 1 - Equals
ok 2 - Equals
ok 3 - Equals
ok 4 - Equals
ok 5 - Equals
ok 6 - Equals
ok 7 - Equals
ok 8 - Equals
ok 9 - Equals
ok 10 - Equals
ok 11 - Equals
ok 12 - Equals
ok 13 - Equals
ok 14 - Equals
</system-out>
    <testcase name="Equals (436)" classname="spec_perl_TestBitsSimple_t" time="0.0012211799621582" />
    <testcase name="Equals (437)" classname="spec_perl_TestBitsSimple_t" time="0.0001068115234375" />
    <testcase name="Equals (438)" classname="spec_perl_TestBitsSimple_t" time="5.22136688232422e-05" />
    <testcase name="Equals (439)" classname="spec_perl_TestBitsSimple_t" time="4.69684600830078e-05" />
    <testcase name="Equals (440)" classname="spec_perl_TestBitsSimple_t" time="8.98838043212891e-05" />
    <testcase name="Equals (441)" classname="spec_perl_TestBitsSimple_t" time="0.000138044357299805" />
    <testcase name="Equals (442)" classname="spec_perl_TestBitsSimple_t" time="9.20295715332031e-05" />
    <testcase name="Equals (443)" classname="spec_perl_TestBitsSimple_t" time="8.70227813720703e-05" />
    <testcase name="Equals (444)" classname="spec_perl_TestBitsSimple_t" time="8.10623168945312e-05" />
    <testcase name="Equals (445)" classname="spec_perl_TestBitsSimple_t" time="6.89029693603516e-05" />
    <testcase name="Equals (446)" classname="spec_perl_TestBitsSimple_t" time="7.79628753662109e-05" />
    <testcase name="Equals (447)" classname="spec_perl_TestBitsSimple_t" time="7.70092010498047e-05" />
    <testcase name="Equals (448)" classname="spec_perl_TestBitsSimple_t" time="7.70092010498047e-05" />
    <testcase name="Equals (449)" classname="spec_perl_TestBitsSimple_t" time="8.10623168945312e-05" />
  </testsuite>
  <testsuite name="spec_perl_TestBitsShiftByB64Le_t" errors="0" failures="0" skipped="0" tests="2" time="0.0345649719238281">
    <system-out>1..2
ok 1 - Equals
[...]
    <testcase name="Equals (886)" classname="spec_perl_TestEnumIf_t" time="8.20159912109375e-05" />
    <testcase name="Equals (887)" classname="spec_perl_TestEnumIf_t" time="8.29696655273438e-05" />
    <testcase name="Equals (888)" classname="spec_perl_TestEnumIf_t" time="4.69684600830078e-05" />
  </testsuite>
  <testsuite name="spec_perl_TestExprSizeofValue0_t" errors="0" failures="0" skipped="0" tests="5" time="0.0284061431884766">
    <system-out>1..5
ok 1 - Equals
ok 2 - Equals
ok 3 - Equals
ok 4 - Equals
ok 5 - Equals
</system-out>
    <testcase name="Equals (889)" classname="spec_perl_TestExprSizeofValue0_t" time="0.00114083290100098" />
    <testcase name="Equals (890)" classname="spec_perl_TestExprSizeofValue0_t" time="8.20159912109375e-05" />
    <testcase name="Equals (891)" classname="spec_perl_TestExprSizeofValue0_t" time="5.29289245605469e-05" />
    <testcase name="Equals (892)" classname="spec_perl_TestExprSizeofValue0_t" time="5.60283660888672e-05" />
    <testcase name="Equals (893)" classname="spec_perl_TestExprSizeofValue0_t" time="6.69956207275391e-05" />
  </testsuite>
  <testsuite name="spec_perl_TestEnumIntRangeU_t" errors="0" failures="0" skipped="0" tests="2" time="0.0293810367584229">
    <system-out>1..2
ok 1 - Equals
ok 2 - Equals
</system-out>
    <testcase name="Equals (894)" classname="spec_perl_TestEnumIntRangeU_t" time="0.00108909606933594" />
    <testcase name="Equals (895)" classname="spec_perl_TestEnumIntRangeU_t" time="5.69820404052734e-05" />
  </testsuite>
  <testsuite name="spec_perl_TestProcessRepeatUsertype_t" errors="0" failures="0" skipped="0" tests="4" time="0.0305948257446289">
    <system-out>1..4
ok 1 - Equals
ok 2 - Equals
ok 3 - Equals
ok 4 - Equals
</system-out>
    <testcase name="Equals (896)" classname="spec_perl_TestProcessRepeatUsertype_t" time="0.00163912773132324" />
    <testcase name="Equals (897)" classname="spec_perl_TestProcessRepeatUsertype_t" time="7.20024108886719e-05" />
    <testcase name="Equals (898)" classname="spec_perl_TestProcessRepeatUsertype_t" time="5.48362731933594e-05" />
    <testcase name="Equals (899)" classname="spec_perl_TestProcessRepeatUsertype_t" time="5.91278076171875e-05" />
  </testsuite>
  <testsuite name="spec_perl_TestRepeatNStrz_t" errors="0" failures="0" skipped="0" tests="2" time="0.0343050956726074">
    <system-out>1..2
ok 1 - Equals
ok 2 - Equals
</system-out>
    <testcase name="Equals (900)" classname="spec_perl_TestRepeatNStrz_t" time="0.00121092796325684" />
    <testcase name="Equals (901)" classname="spec_perl_TestRepeatNStrz_t" time="6.60419464111328e-05" />
  </testsuite>
  <testsuite name="spec_perl_TestBufferedStruct_t" errors="0" failures="0" skipped="0" tests="7" time="0.0319960117340088">
    <system-out>1..7
ok 1 - Equals
ok 2 - Equals
ok 3 - Equals
ok 4 - Equals
ok 5 - Equals
ok 6 - Equals
ok 7 - Equals
</system-out>
    <testcase name="Equals (902)" classname="spec_perl_TestBufferedStruct_t" time="0.00152802467346191" />
    <testcase name="Equals (903)" classname="spec_perl_TestBufferedStruct_t" time="6.4849853515625e-05" />
    <testcase name="Equals (904)" classname="spec_perl_TestBufferedStruct_t" time="3.814697265625e-05" />
    <testcase name="Equals (905)" classname="spec_perl_TestBufferedStruct_t" time="0.000107049942016602" />
    <testcase name="Equals (906)" classname="spec_perl_TestBufferedStruct_t" time="5.48362731933594e-05" />
    <testcase name="Equals (907)" classname="spec_perl_TestBufferedStruct_t" time="7.29560852050781e-05" />
    <testcase name="Equals (908)" classname="spec_perl_TestBufferedStruct_t" time="7.51018524169922e-05" />
  </testsuite>
  <testsuite name="spec_perl_TestOpaqueExternalType02Parent_t" errors="0" failures="0" skipped="0" tests="3" time="0.0402290821075439">
    <system-out>1..3
ok 1 - Equals
ok 2 - Equals
ok 3 - Equals
</system-out>
    <testcase name="Equals (909)" classname="spec_perl_TestOpaqueExternalType02Parent_t" time="0.0015709400177002" />
    <testcase name="Equals (910)" classname="spec_perl_TestOpaqueExternalType02Parent_t" time="7.79628753662109e-05" />
    <testcase name="Equals (911)" classname="spec_perl_TestOpaqueExternalType02Parent_t" time="6.103515625e-05" />
  </testsuite>
  <testsuite name="spec_perl_TestParamsPassArrayStr_t" errors="0" failures="1" skipped="6" tests="7" time="0.0420880317687988">
    <system-out>1..7
not ok 1 - test_params_pass_array_str died (Can't use an undefined value as an ARRAY reference at spec/perl/TestParamsPassArrayStr.t line 14.)
ok 2 # skip test_params_pass_array_str died
ok 3 # skip test_params_pass_array_str died
ok 4 # skip test_params_pass_array_str died
ok 5 # skip test_params_pass_array_str died
ok 6 # skip test_params_pass_array_str died
ok 7 # skip test_params_pass_array_str died
</system-out>
    <testcase name="test_params_pass_array_str died (Can't use an undefined value as an ARRAY reference at spec/perl/TestParamsPassArrayStr.t line 14.) (911)" classname="spec_perl_TestParamsPassArrayStr_t" time="0.00145292282104492">
      <failure message="not ok 1 - test_params_pass_array_str died (Can't use an undefined value as an ARRAY reference at spec/perl/TestParamsPassArrayStr.t line 14.)" type="TAP::Parser::Result::Test"></failure>
    </testcase>
    <testcase name="Unnamed test case 911" classname="spec_perl_TestParamsPassArrayStr_t" time="0.000100135803222656">
      <skipped message="ok 2 # skip test_params_pass_array_str died" />
    </testcase>
    <testcase name="Unnamed test case 912" classname="spec_perl_TestParamsPassArrayStr_t" time="5.50746917724609e-05">
      <skipped message="ok 3 # skip test_params_pass_array_str died" />
    </testcase>
    <testcase name="Unnamed test case 913" classname="spec_perl_TestParamsPassArrayStr_t" time="6.38961791992188e-05">
      <skipped message="ok 4 # skip test_params_pass_array_str died" />
    </testcase>
    <testcase name="Unnamed test case 914" classname="spec_perl_TestParamsPassArrayStr_t" time="4.50611114501953e-05">
      <skipped message="ok 5 # skip test_params_pass_array_str died" />
    </testcase>
    <testcase name="Unnamed test case 915" classname="spec_perl_TestParamsPassArrayStr_t" time="5.79357147216797e-05">
      <skipped message="ok 6 # skip test_params_pass_array_str died" />
    </testcase>
    <testcase name="Unnamed test case 916" classname="spec_perl_TestParamsPassArrayStr_t" time="3.91006469726562e-05">
      <skipped message="ok 7 # skip test_params_pass_array_str died" />
    </testcase>
  </testsuite>
  <testsuite name="spec_perl_TestMultipleUse_t" errors="0" failures="0" skipped="0" tests="2" time="0.0305619239807129">
    <system-out>1..2
ok 1 - Equals
ok 2 - Equals
</system-out>
    <testcase name="Equals (916)" classname="spec_perl_TestMultipleUse_t" time="0.00121283531188965" />
    <testcase name="Equals (917)" classname="spec_perl_TestMultipleUse_t" time="7.51018524169922e-05" />
  </testsuite>
  <testsuite name="spec_perl_TestProcessXorConst_t" errors="0" failures="0" skipped="0" tests="2" time="0.0309419631958008">
    <system-out>1..2
ok 1 - Equals
ok 2 - Equals
</system-out>
    <testcase name="Equals (918)" classname="spec_perl_TestProcessXorConst_t" time="0.00139307975769043" />
    <testcase name="Equals (919)" classname="spec_perl_TestProcessXorConst_t" time="6.79492950439453e-05" />
  </testsuite>
  <testsuite name="spec_perl_TestEnumFancy_t" errors="0" failures="0" skipped="0" tests="2" time="0.029181957244873">
    <system-out>1..2
ok 1 - Equals
ok 2 - Equals
</system-out>
    <testcase name="Equals (920)" classname="spec_perl_TestEnumFancy_t" time="0.00110292434692383" />
    <testcase name="Equals (921)" classname="spec_perl_TestEnumFancy_t" time="6.22272491455078e-05" />
  </testsuite>
  <testsuite name="spec_perl_TestExprStrOps_t" errors="0" failures="0" skipped="0" tests="17" time="0.0336298942565918">
    <system-out>1..17
ok 1 - Equals
ok 2 - Equals
ok 3 - Equals
ok 4 - Equals
ok 5 - Equals
ok 6 - Equals
ok 7 - Equals
ok 8 - Equals
ok 9 - Equals
ok 10 - Equals
ok 11 - Equals
ok 12 - Equals
ok 13 - Equals
ok 14 - Equals
ok 15 - Equals
ok 16 - Equals
ok 17 - Equals
</system-out>
    <testcase name="Equals (922)" classname="spec_perl_TestExprStrOps_t" time="0.00116896629333496" />
    <testcase name="Equals (923)" classname="spec_perl_TestExprStrOps_t" time="6.60419464111328e-05" />
    <testcase name="Equals (924)" classname="spec_perl_TestExprStrOps_t" time="7.39097595214844e-05" />
    <testcase name="Equals (925)" classname="spec_perl_TestExprStrOps_t" time="5.19752502441406e-05" />
    <testcase name="Equals (926)" classname="spec_perl_TestExprStrOps_t" time="9.01222229003906e-05" />
    <testcase name="Equals (927)" classname="spec_perl_TestExprStrOps_t" time="6.89029693603516e-05" />
    <testcase name="Equals (928)" classname="spec_perl_TestExprStrOps_t" time="8.60691070556641e-05" />
    <testcase name="Equals (929)" classname="spec_perl_TestExprStrOps_t" time="8.0108642578125e-05" />
    <testcase name="Equals (930)" classname="spec_perl_TestExprStrOps_t" time="8.89301300048828e-05" />
    <testcase name="Equals (931)" classname="spec_perl_TestExprStrOps_t" time="4.88758087158203e-05" />
    <testcase name="Equals (932)" classname="spec_perl_TestExprStrOps_t" time="8.20159912109375e-05" />
    <testcase name="Equals (933)" classname="spec_perl_TestExprStrOps_t" time="7.10487365722656e-05" />
    <testcase name="Equals (934)" classname="spec_perl_TestExprStrOps_t" time="8.0108642578125e-05" />
    <testcase name="Equals (935)" classname="spec_perl_TestExprStrOps_t" time="4.79221343994141e-05" />
    <testcase name="Equals (936)" classname="spec_perl_TestExprStrOps_t" time="8.29696655273438e-05" />
    <testcase name="Equals (937)" classname="spec_perl_TestExprStrOps_t" time="8.51154327392578e-05" />
    <testcase name="Equals (938)" classname="spec_perl_TestExprStrOps_t" time="6.29425048828125e-05" />
  </testsuite>
  <testsuite name="spec_perl_TestStrEncodingsUtf16_t" errors="0" failures="0" skipped="0" tests="6" time="0.0406830310821533">
    <system-out>1..6
ok 1 - Equals
ok 2 - Equals
ok 3 - Equals
ok 4 - Equals
ok 5 - Equals
ok 6 - Equals
</system-out>
    <testcase name="Equals (939)" classname="spec_perl_TestStrEncodingsUtf16_t" time="0.00256204605102539" />
    <testcase name="Equals (940)" classname="spec_perl_TestStrEncodingsUtf16_t" time="6.79492950439453e-05" />
    <testcase name="Equals (941)" classname="spec_perl_TestStrEncodingsUtf16_t" time="5.29289245605469e-05" />
    <testcase name="Equals (942)" classname="spec_perl_TestStrEncodingsUtf16_t" time="4.91142272949219e-05" />
    <testcase name="Equals (943)" classname="spec_perl_TestStrEncodingsUtf16_t" time="0.000207901000976562" />
    <testcase name="Equals (944)" classname="spec_perl_TestStrEncodingsUtf16_t" time="0.000103950500488281" />
  </testsuite>
  <testsuite name="spec_perl_TestSwitchElseOnly_t" errors="0" failures="0" skipped="0" tests="3" time="0.0295348167419434">
    <system-out>1..3
ok 1 - Equals
ok 2 - Equals
ok 3 - Equals
</system-out>
    <testcase name="Equals (945)" classname="spec_perl_TestSwitchElseOnly_t" time="0.00118303298950195" />
    <testcase name="Equals (946)" classname="spec_perl_TestSwitchElseOnly_t" time="6.41345977783203e-05" />
    <testcase name="Equals (947)" classname="spec_perl_TestSwitchElseOnly_t" time="5.29289245605469e-05" />
  </testsuite>
  <testsuite name="spec_perl_TestBitsSignedResB32Le_t" errors="0" failures="0" skipped="0" tests="1" time="0.0310978889465332">
    <system-out>1..1
ok 1 - Equals
</system-out>
    <testcase name="Equals (948)" classname="spec_perl_TestBitsSignedResB32Le_t" time="0.0011749267578125" />
  </testsuite>
  <testsuite name="spec_perl_TestImports0_t" errors="0" failures="0" skipped="0" tests="3" time="0.0296440124511719">
    <system-out>1..3
ok 1 - Equals
ok 2 - Equals
ok 3 - Equals
</system-out>
    <testcase name="Equals (949)" classname="spec_perl_TestImports0_t" time="0.00111007690429688" />
    <testcase name="Equals (950)" classname="spec_perl_TestImports0_t" time="8.89301300048828e-05" />
    <testcase name="Equals (951)" classname="spec_perl_TestImports0_t" time="5.79357147216797e-05" />
  </testsuite>
  <testsuite name="spec_perl_TestDefaultBitEndianMod_t" errors="0" failures="0" skipped="0" tests="4" time="0.0296671390533447">
    <system-out>1..4
ok 1 - Equals
ok 2 - Equals
ok 3 - Equals
ok 4 - Equals
</system-out>
    <testcase name="Equals (952)" classname="spec_perl_TestDefaultBitEndianMod_t" time="0.00115013122558594" />
    <testcase name="Equals (953)" classname="spec_perl_TestDefaultBitEndianMod_t" time="6.4849853515625e-05" />
    <testcase name="Equals (954)" classname="spec_perl_TestDefaultBitEndianMod_t" time="3.69548797607422e-05" />
    <testcase name="Equals (955)" classname="spec_perl_TestDefaultBitEndianMod_t" time="4.81605529785156e-05" />
  </testsuite>
  <testsuite name="spec_perl_TestBitsEnum_t" errors="0" failures="0" skipped="0" tests="3" time="0.0283951759338379">
    <system-out>1..3
ok 1 - Equals
ok 2 - Equals
ok 3 - Equals
</system-out>
    <testcase name="Equals (956)" classname="spec_perl_TestBitsEnum_t" time="0.000959157943725586" />
    <testcase name="Equals (957)" classname="spec_perl_TestBitsEnum_t" time="6.38961791992188e-05" />
    <testcase name="Equals (958)" classname="spec_perl_TestBitsEnum_t" time="6.00814819335938e-05" />
  </testsuite>
  <testsuite name="spec_perl_TestTypeTernaryOpaque_t" errors="0" failures="0" skipped="0" tests="3" time="0.0408079624176025">
    <system-out>1..3
ok 1 - Equals
ok 2 - Equals
ok 3 - Equals
</system-out>
    <testcase name="Equals (959)" classname="spec_perl_TestTypeTernaryOpaque_t" time="0.00230503082275391" />
    <testcase name="Equals (960)" classname="spec_perl_TestTypeTernaryOpaque_t" time="6.50882720947266e-05" />
    <testcase name="Equals (961)" classname="spec_perl_TestTypeTernaryOpaque_t" time="5.38825988769531e-05" />
  </testsuite>
  <testsuite name="spec_perl_TestBitsUnalignedB64Le_t" errors="0" failures="0" skipped="0" tests="3" time="0.0322229862213135">
    <system-out>1..3
ok 1 - Equals
ok 2 - Equals
ok 3 - Equals
</system-out>
    <testcase name="Equals (962)" classname="spec_perl_TestBitsUnalignedB64Le_t" time="0.00154995918273926" />
    <testcase name="Equals (963)" classname="spec_perl_TestBitsUnalignedB64Le_t" time="7.10487365722656e-05" />
    <testcase name="Equals (964)" classname="spec_perl_TestBitsUnalignedB64Le_t" time="7.79628753662109e-05" />
  </testsuite>
  <testsuite name="spec_perl_TestStrLiterals2_t" errors="0" failures="0" skipped="0" tests="4" time="0.0348529815673828">
    <system-out>1..4
ok 1 - Equals
ok 2 - Equals
ok 3 - Equals
ok 4 - Equals
</system-out>
    <testcase name="Equals (965)" classname="spec_perl_TestStrLiterals2_t" time="0.00131702423095703" />
    <testcase name="Equals (966)" classname="spec_perl_TestStrLiterals2_t" time="9.79900360107422e-05" />
    <testcase name="Equals (967)" classname="spec_perl_TestStrLiterals2_t" time="6.103515625e-05" />
    <testcase name="Equals (968)" classname="spec_perl_TestStrLiterals2_t" time="5.29289245605469e-05" />
  </testsuite>
  <testsuite name="spec_perl_TestEnum1_t" errors="0" failures="0" skipped="0" tests="2" time="0.0301821231842041">
    <system-out>1..2
ok 1 - Equals
ok 2 - Equals
</system-out>
    <testcase name="Equals (969)" classname="spec_perl_TestEnum1_t" time="0.00137591361999512" />
    <testcase name="Equals (970)" classname="spec_perl_TestEnum1_t" time="7.10487365722656e-05" />
  </testsuite>
  <testsuite name="spec_perl_TestEosExceptionU4_t" errors="0" failures="0" skipped="0" tests="1" time="0.0339891910552979">
    <system-out>1..1
ok 1 - threw /^Requested \d+ bytes, but only \d+ bytes available/
</system-out>
    <testcase name="threw /^Requested \d+ bytes, but only \d+ bytes available/ (970)" classname="spec_perl_TestEosExceptionU4_t" time="0.00159001350402832" />
  </testsuite>
  <testsuite name="spec_perl_TestEosExceptionBytes_t" errors="0" failures="0" skipped="0" tests="1" time="0.0321519374847412">
    <system-out>1..1
ok 1 - threw /^Requested \d+ bytes, but only \d+ bytes available/
</system-out>
    <testcase name="threw /^Requested \d+ bytes, but only \d+ bytes available/ (971)" classname="spec_perl_TestEosExceptionBytes_t" time="0.00167393684387207" />
  </testsuite>
  <testsuite name="spec_perl_TestImportsAbsAbs_t" errors="0" failures="0" skipped="0" tests="3" time="0.0289781093597412">
    <system-out>1..3
ok 1 - Equals
ok 2 - Equals
ok 3 - Equals
</system-out>
    <testcase name="Equals (971)" classname="spec_perl_TestImportsAbsAbs_t" time="0.00111603736877441" />
    <testcase name="Equals (972)" classname="spec_perl_TestImportsAbsAbs_t" time="6.58035278320312e-05" />
    <testcase name="Equals (973)" classname="spec_perl_TestImportsAbsAbs_t" time="5.10215759277344e-05" />
  </testsuite>
  <testsuite name="spec_perl_TestOpaqueExternalType_t" errors="0" failures="0" skipped="0" tests="3" time="0.0422930717468262">
    <system-out>1..3
ok 1 - Equals
ok 2 - Equals
ok 3 - Equals
</system-out>
    <testcase name="Equals (974)" classname="spec_perl_TestOpaqueExternalType_t" time="0.00145077705383301" />
    <testcase name="Equals (975)" classname="spec_perl_TestOpaqueExternalType_t" time="8.70227813720703e-05" />
    <testcase name="Equals (976)" classname="spec_perl_TestOpaqueExternalType_t" time="5.91278076171875e-05" />
  </testsuite>
  <testsuite name="spec_perl_TestEnumInvalid_t" errors="0" failures="0" skipped="0" tests="2" time="0.0306689739227295">
    <system-out>1..2
ok 1 - Equals
ok 2 - Equals
</system-out>
    <testcase name="Equals (977)" classname="spec_perl_TestEnumInvalid_t" time="0.00157284736633301" />
    <testcase name="Equals (978)" classname="spec_perl_TestEnumInvalid_t" time="7.79628753662109e-05" />
  </testsuite>
  <testsuite name="spec_perl_TestEnumDeepLiterals_t" errors="0" failures="0" skipped="0" tests="2" time="0.0309569835662842">
    <system-out>1..2
ok 1 - Equals
ok 2 - Equals
</system-out>
    <testcase name="Equals (979)" classname="spec_perl_TestEnumDeepLiterals_t" time="0.0014641284942627" />
    <testcase name="Equals (980)" classname="spec_perl_TestEnumDeepLiterals_t" time="6.4849853515625e-05" />
  </testsuite>
  <testsuite name="spec_perl_TestNavParentFalse2_t" errors="0" failures="0" skipped="0" tests="1" time="0.0283420085906982">
    <system-out>1..1
ok 1 - Equals
</system-out>
    <testcase name="Equals (981)" classname="spec_perl_TestNavParentFalse2_t" time="0.00126481056213379" />
  </testsuite>
  <testsuite name="spec_perl_TestBitsUnalignedB64Be_t" errors="0" failures="0" skipped="0" tests="3" time="0.0322129726409912">
    <system-out>1..3
ok 1 - Equals
ok 2 - Equals
ok 3 - Equals
</system-out>
    <testcase name="Equals (982)" classname="spec_perl_TestBitsUnalignedB64Be_t" time="0.00137996673583984" />
    <testcase name="Equals (983)" classname="spec_perl_TestBitsUnalignedB64Be_t" time="8.29696655273438e-05" />
    <testcase name="Equals (984)" classname="spec_perl_TestBitsUnalignedB64Be_t" time="9.79900360107422e-05" />
  </testsuite>
  <testsuite name="spec_perl_TestEofExceptionU4_t" errors="0" failures="0" skipped="0" tests="1" time="0.0331780910491943">
    <system-out>1..1
ok 1 - threw /^Requested \d+ bytes, but only \d+ bytes available/
</system-out>
    <testcase name="threw /^Requested \d+ bytes, but only \d+ bytes available/ (984)" classname="spec_perl_TestEofExceptionU4_t" time="0.00118589401245117" />
  </testsuite>
  <testsuite name="spec_perl_TestEnum0_t" errors="0" failures="0" skipped="0" tests="2" time="0.0313489437103271">
    <system-out>1..2
ok 1 - Equals
ok 2 - Equals
</system-out>
    <testcase name="Equals (985)" classname="spec_perl_TestEnum0_t" time="0.00116991996765137" />
    <testcase name="Equals (986)" classname="spec_perl_TestEnum0_t" time="6.38961791992188e-05" />
  </testsuite>
</testsuites>
