<?xml version="1.0" encoding="UTF-8"?>
<testsuites tests="196" failures="15">
	<testsuite name="github.com/kaitai-io/ci_targets/tests/spec/go" tests="196" failures="15" errors="0" hostname="travis-job-8e01f5ba-636d-487d-a630-f1ed52ab2f25" time="0.044" timestamp="2022-07-07T22:59:06Z">
		<testcase name="TestBcdUserTypeBe" classname="github.com/kaitai-io/ci_targets/tests/spec/go" time="0.000"></testcase>
		<testcase name="TestBcdUserTypeLe" classname="github.com/kaitai-io/ci_targets/tests/spec/go" time="0.000"></testcase>
		<testcase name="TestBitsByteAligned" classname="github.com/kaitai-io/ci_targets/tests/spec/go" time="0.000"></testcase>
		<testcase name="TestBitsEnum" classname="github.com/kaitai-io/ci_targets/tests/spec/go" time="0.000"></testcase>
		<testcase name="TestBitsSeqEndianCombo" classname="github.com/kaitai-io/ci_targets/tests/spec/go" time="0.000"></testcase>
		<testcase name="TestBitsShiftByB32Le" classname="github.com/kaitai-io/ci_targets/tests/spec/go" time="0.000"></testcase>
		<testcase name="TestBitsShiftByB64Le" classname="github.com/kaitai-io/ci_targets/tests/spec/go" time="0.000"></testcase>
		<testcase name="TestBitsSignedResB32Be" classname="github.com/kaitai-io/ci_targets/tests/spec/go" time="0.000"></testcase>
		<testcase name="TestBitsSignedResB32Le" classname="github.com/kaitai-io/ci_targets/tests/spec/go" time="0.000"></testcase>
		<testcase name="TestBitsSignedShiftB32Le" classname="github.com/kaitai-io/ci_targets/tests/spec/go" time="0.000"></testcase>
		<testcase name="TestBitsSignedShiftB64Le" classname="github.com/kaitai-io/ci_targets/tests/spec/go" time="0.000"></testcase>
		<testcase name="TestBitsSimpleLe" classname="github.com/kaitai-io/ci_targets/tests/spec/go" time="0.000"></testcase>
		<testcase name="TestBitsSimple" classname="github.com/kaitai-io/ci_targets/tests/spec/go" time="0.000"></testcase>
		<testcase name="TestBitsUnalignedB32Be" classname="github.com/kaitai-io/ci_targets/tests/spec/go" time="0.000"></testcase>
		<testcase name="TestBitsUnalignedB32Le" classname="github.com/kaitai-io/ci_targets/tests/spec/go" time="0.000"></testcase>
		<testcase name="TestBitsUnalignedB64Be" classname="github.com/kaitai-io/ci_targets/tests/spec/go" time="0.000"></testcase>
		<testcase name="TestBitsUnalignedB64Le" classname="github.com/kaitai-io/ci_targets/tests/spec/go" time="0.000"></testcase>
		<testcase name="TestBufferedStruct" classname="github.com/kaitai-io/ci_targets/tests/spec/go" time="0.000"></testcase>
		<testcase name="TestBytesPadTerm" classname="github.com/kaitai-io/ci_targets/tests/spec/go" time="0.000"></testcase>
		<testcase name="TestCombineBool" classname="github.com/kaitai-io/ci_targets/tests/spec/go" time="0.000"></testcase>
		<testcase name="TestCombineBytes" classname="github.com/kaitai-io/ci_targets/tests/spec/go" time="0.000"></testcase>
		<testcase name="TestCombineEnum" classname="github.com/kaitai-io/ci_targets/tests/spec/go" time="0.000"></testcase>
		<testcase name="TestCombineStr" classname="github.com/kaitai-io/ci_targets/tests/spec/go" time="0.000"></testcase>
		<testcase name="TestDebugArrayUser" classname="github.com/kaitai-io/ci_targets/tests/spec/go" time="0.000"></testcase>
		<testcase name="TestDefaultBigEndian" classname="github.com/kaitai-io/ci_targets/tests/spec/go" time="0.000"></testcase>
		<testcase name="TestDefaultBitEndianMod" classname="github.com/kaitai-io/ci_targets/tests/spec/go" time="0.000"></testcase>
		<testcase name="TestDefaultEndianExprException" classname="github.com/kaitai-io/ci_targets/tests/spec/go" time="0.000"></testcase>
		<testcase name="TestDefaultEndianExprInherited" classname="github.com/kaitai-io/ci_targets/tests/spec/go" time="0.000"></testcase>
		<testcase name="TestDefaultEndianExprIsBe" classname="github.com/kaitai-io/ci_targets/tests/spec/go" time="0.000"></testcase>
		<testcase name="TestDefaultEndianExprIsLe" classname="github.com/kaitai-io/ci_targets/tests/spec/go" time="0.000"></testcase>
		<testcase name="TestDefaultEndianMod" classname="github.com/kaitai-io/ci_targets/tests/spec/go" time="0.000"></testcase>
		<testcase name="TestDocstringsDocrefMulti" classname="github.com/kaitai-io/ci_targets/tests/spec/go" time="0.000"></testcase>
		<testcase name="TestDocstringsDocref" classname="github.com/kaitai-io/ci_targets/tests/spec/go" time="0.000"></testcase>
		<testcase name="TestDocstrings" classname="github.com/kaitai-io/ci_targets/tests/spec/go" time="0.000"></testcase>
		<testcase name="TestEnum0" classname="github.com/kaitai-io/ci_targets/tests/spec/go" time="0.000"></testcase>
		<testcase name="TestEnum1" classname="github.com/kaitai-io/ci_targets/tests/spec/go" time="0.000"></testcase>
		<testcase name="TestEnumDeepLiterals" classname="github.com/kaitai-io/ci_targets/tests/spec/go" time="0.000"></testcase>
		<testcase name="TestEnumDeep" classname="github.com/kaitai-io/ci_targets/tests/spec/go" time="0.000"></testcase>
		<testcase name="TestEnumFancy" classname="github.com/kaitai-io/ci_targets/tests/spec/go" time="0.000"></testcase>
		<testcase name="TestEnumForUnknownId" classname="github.com/kaitai-io/ci_targets/tests/spec/go" time="0.000"></testcase>
		<testcase name="TestEnumIf" classname="github.com/kaitai-io/ci_targets/tests/spec/go" time="0.000"></testcase>
		<testcase name="TestEnumImport" classname="github.com/kaitai-io/ci_targets/tests/spec/go" time="0.000"></testcase>
		<testcase name="TestEnumIntRangeS" classname="github.com/kaitai-io/ci_targets/tests/spec/go" time="0.000"></testcase>
		<testcase name="TestEnumIntRangeU" classname="github.com/kaitai-io/ci_targets/tests/spec/go" time="0.000"></testcase>
		<testcase name="TestEnumInvalid" classname="github.com/kaitai-io/ci_targets/tests/spec/go" time="0.000"></testcase>
		<testcase name="TestEnumLongRangeS" classname="github.com/kaitai-io/ci_targets/tests/spec/go" time="0.000"></testcase>
		<testcase name="TestEnumLongRangeU" classname="github.com/kaitai-io/ci_targets/tests/spec/go" time="0.000"></testcase>
		<testcase name="TestEnumNegative" classname="github.com/kaitai-io/ci_targets/tests/spec/go" time="0.000"></testcase>
		<testcase name="TestEnumOfValueInst" classname="github.com/kaitai-io/ci_targets/tests/spec/go" time="0.000"></testcase>
		<testcase name="TestEnumToIClassBorder1" classname="github.com/kaitai-io/ci_targets/tests/spec/go" time="0.000"></testcase>
		<testcase name="TestEnumToI" classname="github.com/kaitai-io/ci_targets/tests/spec/go" time="0.000"></testcase>
		<testcase name="TestEofExceptionBytes" classname="github.com/kaitai-io/ci_targets/tests/spec/go" time="0.000">
			<failure message="Failed"><![CDATA[eof_exception_bytes_test.go:31: expected kaitai.EndOfStreamError, got *errors.errorString]]></failure>
		</testcase>
		<testcase name="TestEofExceptionU4" classname="github.com/kaitai-io/ci_targets/tests/spec/go" time="0.000">
			<failure message="Failed"><![CDATA[eof_exception_u4_test.go:31: expected kaitai.EndOfStreamError, got <nil>]]></failure>
		</testcase>
		<testcase name="TestEosExceptionBytes" classname="github.com/kaitai-io/ci_targets/tests/spec/go" time="0.000">
			<failure message="Failed"><![CDATA[eos_exception_bytes_test.go:31: expected kaitai.EndOfStreamError, got *errors.errorString]]></failure>
		</testcase>
		<testcase name="TestEosExceptionU4" classname="github.com/kaitai-io/ci_targets/tests/spec/go" time="0.000">
			<failure message="Failed"><![CDATA[eos_exception_u4_test.go:31: expected kaitai.EndOfStreamError, got <nil>]]></failure>
		</testcase>
		<testcase name="TestExpr0" classname="github.com/kaitai-io/ci_targets/tests/spec/go" time="0.000"></testcase>
		<testcase name="TestExpr1" classname="github.com/kaitai-io/ci_targets/tests/spec/go" time="0.000"></testcase>
		<testcase name="TestExpr2" classname="github.com/kaitai-io/ci_targets/tests/spec/go" time="0.020"></testcase>
		<testcase name="TestExpr3" classname="github.com/kaitai-io/ci_targets/tests/spec/go" time="0.000"></testcase>
		<testcase name="TestExprArray" classname="github.com/kaitai-io/ci_targets/tests/spec/go" time="0.000"></testcase>
		<testcase name="TestExprBits" classname="github.com/kaitai-io/ci_targets/tests/spec/go" time="0.000"></testcase>
		<testcase name="TestExprBytesCmp" classname="github.com/kaitai-io/ci_targets/tests/spec/go" time="0.000"></testcase>
		<testcase name="TestExprBytesNonLiteral" classname="github.com/kaitai-io/ci_targets/tests/spec/go" time="0.000"></testcase>
		<testcase name="TestExprBytesOps" classname="github.com/kaitai-io/ci_targets/tests/spec/go" time="0.000"></testcase>
		<testcase name="TestExprCalcArrayOps" classname="github.com/kaitai-io/ci_targets/tests/spec/go" time="0.000"></testcase>
		<testcase name="TestExprEnum" classname="github.com/kaitai-io/ci_targets/tests/spec/go" time="0.000"></testcase>
		<testcase name="TestExprIfIntOps" classname="github.com/kaitai-io/ci_targets/tests/spec/go" time="0.000"></testcase>
		<testcase name="TestExprIntDiv" classname="github.com/kaitai-io/ci_targets/tests/spec/go" time="0.000">
			<failure message="Failed"><![CDATA[expr_int_div_test.go:43: 
    	Error Trace:	/home/travis/gopath/src/github.com/kaitai-io/ci_targets/tests/spec/go/expr_int_div_test.go:43
    	Error:      	Not equal: 
    	            	expected: -757
    	            	actual  : -756
    	Test:       	TestExprIntDiv
expr_int_div_test.go:53: 
    	Error Trace:	/home/travis/gopath/src/github.com/kaitai-io/ci_targets/tests/spec/go/expr_int_div_test.go:53
    	Error:      	Not equal: 
    	            	expected: -4073
    	            	actual  : -4072
    	Test:       	TestExprIntDiv]]></failure>
		</testcase>
		<testcase name="TestExprIoEof" classname="github.com/kaitai-io/ci_targets/tests/spec/go" time="0.000">
			<failure message="Failed"><![CDATA[expr_io_eof_test.go:33: 
    	Error Trace:	/home/travis/gopath/src/github.com/kaitai-io/ci_targets/tests/spec/go/expr_io_eof_test.go:33
    	Error:      	Expected nil, but got: 0x0
    	Test:       	TestExprIoEof]]></failure>
		</testcase>
		<testcase name="TestExprIoPos" classname="github.com/kaitai-io/ci_targets/tests/spec/go" time="0.000"></testcase>
		<testcase name="TestExprMod" classname="github.com/kaitai-io/ci_targets/tests/spec/go" time="0.000"></testcase>
		<testcase name="TestExprSizeofType0" classname="github.com/kaitai-io/ci_targets/tests/spec/go" time="0.000"></testcase>
		<testcase name="TestExprSizeofType1" classname="github.com/kaitai-io/ci_targets/tests/spec/go" time="0.000"></testcase>
		<testcase name="TestExprSizeofValue0" classname="github.com/kaitai-io/ci_targets/tests/spec/go" time="0.000"></testcase>
		<testcase name="TestExprSizeofValueSized" classname="github.com/kaitai-io/ci_targets/tests/spec/go" time="0.000"></testcase>
		<testcase name="TestExprStrEncodings" classname="github.com/kaitai-io/ci_targets/tests/spec/go" time="0.000"></testcase>
		<testcase name="TestExprStrOps" classname="github.com/kaitai-io/ci_targets/tests/spec/go" time="0.000"></testcase>
		<testcase name="TestFixedContents" classname="github.com/kaitai-io/ci_targets/tests/spec/go" time="0.000"></testcase>
		<testcase name="TestFixedStruct" classname="github.com/kaitai-io/ci_targets/tests/spec/go" time="0.000"></testcase>
		<testcase name="TestFloatToI" classname="github.com/kaitai-io/ci_targets/tests/spec/go" time="0.000"></testcase>
		<testcase name="TestFloatingPoints" classname="github.com/kaitai-io/ci_targets/tests/spec/go" time="0.000"></testcase>
		<testcase name="TestHelloWorld" classname="github.com/kaitai-io/ci_targets/tests/spec/go" time="0.000"></testcase>
		<testcase name="TestIfInstances" classname="github.com/kaitai-io/ci_targets/tests/spec/go" time="0.000">
			<failure message="Failed"><![CDATA[if_instances_test.go:36: 
    	Error Trace:	/home/travis/gopath/src/github.com/kaitai-io/ci_targets/tests/spec/go/if_instances_test.go:36
    	Error:      	Expected nil, but got: 0x0
    	Test:       	TestIfInstances]]></failure>
		</testcase>
		<testcase name="TestIfStruct" classname="github.com/kaitai-io/ci_targets/tests/spec/go" time="0.000"></testcase>
		<testcase name="TestIfValues" classname="github.com/kaitai-io/ci_targets/tests/spec/go" time="0.000">
			<failure message="Failed"><![CDATA[if_values_test.go:43: 
    	Error Trace:	/home/travis/gopath/src/github.com/kaitai-io/ci_targets/tests/spec/go/if_values_test.go:43
    	Error:      	Expected nil, but got: 0
    	Test:       	TestIfValues
if_values_test.go:49: 
    	Error Trace:	/home/travis/gopath/src/github.com/kaitai-io/ci_targets/tests/spec/go/if_values_test.go:49
    	Error:      	Expected nil, but got: 0
    	Test:       	TestIfValues]]></failure>
		</testcase>
		<testcase name="TestImports0" classname="github.com/kaitai-io/ci_targets/tests/spec/go" time="0.000"></testcase>
		<testcase name="TestImportsAbsAbs" classname="github.com/kaitai-io/ci_targets/tests/spec/go" time="0.000"></testcase>
		<testcase name="TestImportsAbsRel" classname="github.com/kaitai-io/ci_targets/tests/spec/go" time="0.000"></testcase>
		<testcase name="TestImportsAbs" classname="github.com/kaitai-io/ci_targets/tests/spec/go" time="0.000"></testcase>
		<testcase name="TestImportsCircularA" classname="github.com/kaitai-io/ci_targets/tests/spec/go" time="0.000"></testcase>
		<testcase name="TestImportsRel1" classname="github.com/kaitai-io/ci_targets/tests/spec/go" time="0.000"></testcase>
		<testcase name="TestIndexSizes" classname="github.com/kaitai-io/ci_targets/tests/spec/go" time="0.000"></testcase>
		<testcase name="TestInstanceIoUser" classname="github.com/kaitai-io/ci_targets/tests/spec/go" time="0.000"></testcase>
		<testcase name="TestInstanceStdArray" classname="github.com/kaitai-io/ci_targets/tests/spec/go" time="0.000"></testcase>
		<testcase name="TestInstanceStd" classname="github.com/kaitai-io/ci_targets/tests/spec/go" time="0.000"></testcase>
		<testcase name="TestInstanceUserArray" classname="github.com/kaitai-io/ci_targets/tests/spec/go" time="0.000"></testcase>
		<testcase name="TestIntegersDoubleOverflow" classname="github.com/kaitai-io/ci_targets/tests/spec/go" time="0.000"></testcase>
		<testcase name="TestIntegers" classname="github.com/kaitai-io/ci_targets/tests/spec/go" time="0.000"></testcase>
		<testcase name="TestJsSignedRightShift" classname="github.com/kaitai-io/ci_targets/tests/spec/go" time="0.000"></testcase>
		<testcase name="TestMetaTags" classname="github.com/kaitai-io/ci_targets/tests/spec/go" time="0.000"></testcase>
		<testcase name="TestMetaXref" classname="github.com/kaitai-io/ci_targets/tests/spec/go" time="0.000"></testcase>
		<testcase name="TestMultipleUse" classname="github.com/kaitai-io/ci_targets/tests/spec/go" time="0.000"></testcase>
		<testcase name="TestNavParent2" classname="github.com/kaitai-io/ci_targets/tests/spec/go" time="0.000"></testcase>
		<testcase name="TestNavParent3" classname="github.com/kaitai-io/ci_targets/tests/spec/go" time="0.000"></testcase>
		<testcase name="TestNavParentFalse2" classname="github.com/kaitai-io/ci_targets/tests/spec/go" time="0.000"></testcase>
		<testcase name="TestNavParentFalse" classname="github.com/kaitai-io/ci_targets/tests/spec/go" time="0.000"></testcase>
		<testcase name="TestNavParentOverride" classname="github.com/kaitai-io/ci_targets/tests/spec/go" time="0.000"></testcase>
		<testcase name="TestNavParent" classname="github.com/kaitai-io/ci_targets/tests/spec/go" time="0.000"></testcase>
		<testcase name="TestNavParentVsValueInst" classname="github.com/kaitai-io/ci_targets/tests/spec/go" time="0.000"></testcase>
		<testcase name="TestNavRoot" classname="github.com/kaitai-io/ci_targets/tests/spec/go" time="0.000"></testcase>
		<testcase name="TestNestedSameName2" classname="github.com/kaitai-io/ci_targets/tests/spec/go" time="0.000"></testcase>
		<testcase name="TestNestedSameName" classname="github.com/kaitai-io/ci_targets/tests/spec/go" time="0.000"></testcase>
		<testcase name="TestNestedTypeParam" classname="github.com/kaitai-io/ci_targets/tests/spec/go" time="0.000"></testcase>
		<testcase name="TestNestedTypes2" classname="github.com/kaitai-io/ci_targets/tests/spec/go" time="0.000"></testcase>
		<testcase name="TestNestedTypes3" classname="github.com/kaitai-io/ci_targets/tests/spec/go" time="0.000"></testcase>
		<testcase name="TestNestedTypes" classname="github.com/kaitai-io/ci_targets/tests/spec/go" time="0.000"></testcase>
		<testcase name="TestNonStandard" classname="github.com/kaitai-io/ci_targets/tests/spec/go" time="0.000"></testcase>
		<testcase name="TestOpaqueExternalType02Parent" classname="github.com/kaitai-io/ci_targets/tests/spec/go" time="0.000">
			<failure message="Failed"><![CDATA[goroutine 125 [running]:
runtime/debug.Stack(0x18, 0xc00005bbb8, 0x4870b2)
/home/travis/.gimme/versions/go1.13.15.linux.amd64/src/runtime/debug/stack.go:24 +0x9d
runtime/debug.PrintStack()
/home/travis/.gimme/versions/go1.13.15.linux.amd64/src/runtime/debug/stack.go:16 +0x22
github.com/kaitai-io/ci_targets/tests/spec/go.TestOpaqueExternalType02Parent.func1(0xc00016b700)
/home/travis/gopath/src/github.com/kaitai-io/ci_targets/tests/spec/go/opaque_external_type_02_parent_test.go:15 +0x57
panic(0x7992e0, 0xb02130)
/home/travis/.gimme/versions/go1.13.15.linux.amd64/src/runtime/panic.go:679 +0x1b2
test_formats.(*OpaqueExternalType02Child).SomeMethod(...)
/home/travis/gopath/src/github.com/kaitai-io/ci_targets/tests/compiled/go/src/test_formats/opaque_external_type_02_child.go:46
test_formats.(*OpaqueExternalType02Child_OpaqueExternalType02ChildChild).Read(0xc000161890, 0xc000161830, 0xc0000a2820, 0x0, 0xc000170764, 0x3)
/home/travis/gopath/src/github.com/kaitai-io/ci_targets/tests/compiled/go/src/test_formats/opaque_external_type_02_child.go:69 +0x50
test_formats.(*OpaqueExternalType02Child).Read(0xc0000a2820, 0xc000161830, 0x794740, 0xc00000f720, 0x0, 0x7cfd60, 0x1)
/home/travis/gopath/src/github.com/kaitai-io/ci_targets/tests/compiled/go/src/test_formats/opaque_external_type_02_child.go:38 +0x18f
test_formats.(*OpaqueExternalType02Parent_ParentObj).Read(0xc00000f720, 0xc000161830, 0xc000161860, 0xc000161860, 0x7cfca0, 0x1)
/home/travis/gopath/src/github.com/kaitai-io/ci_targets/tests/compiled/go/src/test_formats/opaque_external_type_02_parent.go:48 +0x9c
test_formats.(*OpaqueExternalType02Parent).Read(0xc000161860, 0xc000161830, 0x7946e0, 0xc000161860, 0xc000161860, 0x0, 0x0)
/home/travis/gopath/src/github.com/kaitai-io/ci_targets/tests/compiled/go/src/test_formats/opaque_external_type_02_parent.go:24 +0xa6
github.com/kaitai-io/ci_targets/tests/spec/go.TestOpaqueExternalType02Parent(0xc00016b700)
/home/travis/gopath/src/github.com/kaitai-io/ci_targets/tests/spec/go/opaque_external_type_02_parent_test.go:25 +0x18d
testing.tRunner(0xc00016b700, 0x82f630)
/home/travis/.gimme/versions/go1.13.15.linux.amd64/src/testing/testing.go:909 +0xc9
created by testing.(*T).Run
/home/travis/.gimme/versions/go1.13.15.linux.amd64/src/testing/testing.go:960 +0x350
opaque_external_type_02_parent_test.go:16: unexpected panic: runtime error: invalid memory address or nil pointer dereference]]></failure>
		</testcase>
		<testcase name="TestOpaqueExternalType" classname="github.com/kaitai-io/ci_targets/tests/spec/go" time="0.000"></testcase>
		<testcase name="TestOpaqueWithParam" classname="github.com/kaitai-io/ci_targets/tests/spec/go" time="0.000"></testcase>
		<testcase name="TestParamsCallExtraParens" classname="github.com/kaitai-io/ci_targets/tests/spec/go" time="0.000"></testcase>
		<testcase name="TestParamsCallShort" classname="github.com/kaitai-io/ci_targets/tests/spec/go" time="0.010"></testcase>
		<testcase name="TestParamsDef" classname="github.com/kaitai-io/ci_targets/tests/spec/go" time="0.000"></testcase>
		<testcase name="TestParamsEnum" classname="github.com/kaitai-io/ci_targets/tests/spec/go" time="0.000"></testcase>
		<testcase name="TestParamsPassArrayStr" classname="github.com/kaitai-io/ci_targets/tests/spec/go" time="0.000"></testcase>
		<testcase name="TestParamsPassArrayUsertype" classname="github.com/kaitai-io/ci_targets/tests/spec/go" time="0.000"></testcase>
		<testcase name="TestParamsPassBool" classname="github.com/kaitai-io/ci_targets/tests/spec/go" time="0.000"></testcase>
		<testcase name="TestParamsPassUsertype" classname="github.com/kaitai-io/ci_targets/tests/spec/go" time="0.000"></testcase>
		<testcase name="TestPositionAbs" classname="github.com/kaitai-io/ci_targets/tests/spec/go" time="0.000"></testcase>
		<testcase name="TestPositionInSeq" classname="github.com/kaitai-io/ci_targets/tests/spec/go" time="0.000">
			<failure message="Failed"><![CDATA[position_in_seq_test.go:32: 
    	Error Trace:	/home/travis/gopath/src/github.com/kaitai-io/ci_targets/tests/spec/go/position_in_seq_test.go:32
    	Error:      	Not equal: 
    	            	expected: []int([]int{1, 2, 3})
    	            	actual  : []uint8([]byte{0x1, 0x2, 0x3})
    	Test:       	TestPositionInSeq]]></failure>
		</testcase>
		<testcase name="TestPositionToEnd" classname="github.com/kaitai-io/ci_targets/tests/spec/go" time="0.000"></testcase>
		<testcase name="TestProcessCoerceBytes" classname="github.com/kaitai-io/ci_targets/tests/spec/go" time="0.000"></testcase>
		<testcase name="TestProcessCoerceUsertype1" classname="github.com/kaitai-io/ci_targets/tests/spec/go" time="0.000"></testcase>
		<testcase name="TestProcessCoerceUsertype2" classname="github.com/kaitai-io/ci_targets/tests/spec/go" time="0.000"></testcase>
		<testcase name="TestProcessCustomNoArgs" classname="github.com/kaitai-io/ci_targets/tests/spec/go" time="0.000">
			<failure message="Failed"><![CDATA[process_custom_no_args_test.go:32: 
    	Error Trace:	/home/travis/gopath/src/github.com/kaitai-io/ci_targets/tests/spec/go/process_custom_no_args_test.go:32
    	Error:      	Not equal: 
    	            	expected: []byte{0x5f, 0x9, 0xac, 0x8d, 0x8d, 0xed, 0x5f}
    	            	actual  : []byte{0x9, 0xac, 0x8d, 0x8d, 0xed}
    	            	
    	            	Diff:
    	            	--- Expected
    	            	+++ Actual
    	            	@@ -1,3 +1,3 @@
    	            	-([]uint8) (len=7) {
    	            	- 00000000  5f 09 ac 8d 8d ed 5f                              |_....._|
    	            	+([]uint8) (len=5) {
    	            	+ 00000000  09 ac 8d 8d ed                                    |.....|
    	            	 }
    	Test:       	TestProcessCustomNoArgs]]></failure>
		</testcase>
		<testcase name="TestProcessCustom" classname="github.com/kaitai-io/ci_targets/tests/spec/go" time="0.000">
			<failure message="Failed"><![CDATA[process_custom_test.go:32: 
    	Error Trace:	/home/travis/gopath/src/github.com/kaitai-io/ci_targets/tests/spec/go/process_custom_test.go:32
    	Error:      	Not equal: 
    	            	expected: []byte{0x10, 0xb3, 0x94, 0x94, 0xf4}
    	            	actual  : []byte{0x9, 0xac, 0x8d, 0x8d, 0xed}
    	            	
    	            	Diff:
    	            	--- Expected
    	            	+++ Actual
    	            	@@ -1,3 +1,3 @@
    	            	 ([]uint8) (len=5) {
    	            	- 00000000  10 b3 94 94 f4                                    |.....|
    	            	+ 00000000  09 ac 8d 8d ed                                    |.....|
    	            	 }
    	Test:       	TestProcessCustom
process_custom_test.go:33: 
    	Error Trace:	/home/travis/gopath/src/github.com/kaitai-io/ci_targets/tests/spec/go/process_custom_test.go:33
    	Error:      	Not equal: 
    	            	expected: []byte{0x5f, 0xba, 0x7b, 0x93, 0x63, 0x23, 0x5f}
    	            	actual  : []byte{0xba, 0x7b, 0x93, 0x63, 0x23}
    	            	
    	            	Diff:
    	            	--- Expected
    	            	+++ Actual
    	            	@@ -1,3 +1,3 @@
    	            	-([]uint8) (len=7) {
    	            	- 00000000  5f ba 7b 93 63 23 5f                              |_.{.c#_|
    	            	+([]uint8) (len=5) {
    	            	+ 00000000  ba 7b 93 63 23                                    |.{.c#|
    	            	 }
    	Test:       	TestProcessCustom
process_custom_test.go:34: 
    	Error Trace:	/home/travis/gopath/src/github.com/kaitai-io/ci_targets/tests/spec/go/process_custom_test.go:34
    	Error:      	Not equal: 
    	            	expected: []byte{0x29, 0x33, 0xb1, 0x38, 0xb1}
    	            	actual  : []byte{0x2a, 0x34, 0xb2, 0x39, 0xb2}
    	            	
    	            	Diff:
    	            	--- Expected
    	            	+++ Actual
    	            	@@ -1,3 +1,3 @@
    	            	 ([]uint8) (len=5) {
    	            	- 00000000  29 33 b1 38 b1                                    |)3.8.|
    	            	+ 00000000  2a 34 b2 39 b2                                    |*4.9.|
    	            	 }
    	Test:       	TestProcessCustom]]></failure>
		</testcase>
		<testcase name="TestProcessRepeatBytes" classname="github.com/kaitai-io/ci_targets/tests/spec/go" time="0.000"></testcase>
		<testcase name="TestProcessRepeatUsertype" classname="github.com/kaitai-io/ci_targets/tests/spec/go" time="0.000"></testcase>
		<testcase name="TestProcessRotate" classname="github.com/kaitai-io/ci_targets/tests/spec/go" time="0.000"></testcase>
		<testcase name="TestProcessToUser" classname="github.com/kaitai-io/ci_targets/tests/spec/go" time="0.000"></testcase>
		<testcase name="TestProcessXor4Const" classname="github.com/kaitai-io/ci_targets/tests/spec/go" time="0.000"></testcase>
		<testcase name="TestProcessXor4Value" classname="github.com/kaitai-io/ci_targets/tests/spec/go" time="0.000"></testcase>
		<testcase name="TestProcessXorConst" classname="github.com/kaitai-io/ci_targets/tests/spec/go" time="0.000"></testcase>
		<testcase name="TestProcessXorValue" classname="github.com/kaitai-io/ci_targets/tests/spec/go" time="0.000"></testcase>
		<testcase name="TestRepeatEosBit" classname="github.com/kaitai-io/ci_targets/tests/spec/go" time="0.000"></testcase>
		<testcase name="TestRepeatEosStruct" classname="github.com/kaitai-io/ci_targets/tests/spec/go" time="0.000"></testcase>
		<testcase name="TestRepeatEosU4" classname="github.com/kaitai-io/ci_targets/tests/spec/go" time="0.000">
			<failure message="Failed"><![CDATA[repeat_eos_u4_test.go:32: 
    	Error Trace:	/home/travis/gopath/src/github.com/kaitai-io/ci_targets/tests/spec/go/repeat_eos_u4_test.go:32
    	Error:      	Not equal: 
    	            	expected: []int([]int{0, 66, 66, 2069})
    	            	actual  : []uint32([]uint32{0x0, 0x42, 0x42, 0x815})
    	Test:       	TestRepeatEosU4]]></failure>
		</testcase>
		<testcase name="TestRepeatNStruct" classname="github.com/kaitai-io/ci_targets/tests/spec/go" time="0.000"></testcase>
		<testcase name="TestRepeatNStrzDouble" classname="github.com/kaitai-io/ci_targets/tests/spec/go" time="0.000"></testcase>
		<testcase name="TestRepeatNStrz" classname="github.com/kaitai-io/ci_targets/tests/spec/go" time="0.000"></testcase>
		<testcase name="TestRepeatUntilCalcArrayType" classname="github.com/kaitai-io/ci_targets/tests/spec/go" time="0.000"></testcase>
		<testcase name="TestRepeatUntilComplex" classname="github.com/kaitai-io/ci_targets/tests/spec/go" time="0.000">
			<failure message="Failed"><![CDATA[repeat_until_complex_test.go:34: 
    	Error Trace:	/home/travis/gopath/src/github.com/kaitai-io/ci_targets/tests/spec/go/repeat_until_complex_test.go:34
    	Error:      	Not equal: 
    	            	expected: []int([]int{1, 2, 3, 4})
    	            	actual  : []uint8([]byte{0x1, 0x2, 0x3, 0x4})
    	Test:       	TestRepeatUntilComplex
repeat_until_complex_test.go:36: 
    	Error Trace:	/home/travis/gopath/src/github.com/kaitai-io/ci_targets/tests/spec/go/repeat_until_complex_test.go:36
    	Error:      	Not equal: 
    	            	expected: []int([]int{1, 2})
    	            	actual  : []uint8([]byte{0x1, 0x2})
    	Test:       	TestRepeatUntilComplex
repeat_until_complex_test.go:40: 
    	Error Trace:	/home/travis/gopath/src/github.com/kaitai-io/ci_targets/tests/spec/go/repeat_until_complex_test.go:40
    	Error:      	Not equal: 
    	            	expected: []int([]int{1, 2, 3, 4, 5, 6})
    	            	actual  : []uint16([]uint16{0x1, 0x2, 0x3, 0x4, 0x5, 0x6})
    	Test:       	TestRepeatUntilComplex
repeat_until_complex_test.go:42: 
    	Error Trace:	/home/travis/gopath/src/github.com/kaitai-io/ci_targets/tests/spec/go/repeat_until_complex_test.go:42
    	Error:      	Not equal: 
    	            	expected: []int([]int{1, 2, 3})
    	            	actual  : []uint16([]uint16{0x1, 0x2, 0x3})
    	Test:       	TestRepeatUntilComplex
repeat_until_complex_test.go:44: 
    	Error Trace:	/home/travis/gopath/src/github.com/kaitai-io/ci_targets/tests/spec/go/repeat_until_complex_test.go:44
    	Error:      	Not equal: 
    	            	expected: []int([]int{1, 2, 3, 4})
    	            	actual  : []uint16([]uint16{0x1, 0x2, 0x3, 0x4})
    	Test:       	TestRepeatUntilComplex
repeat_until_complex_test.go:46: 
    	Error Trace:	/home/travis/gopath/src/github.com/kaitai-io/ci_targets/tests/spec/go/repeat_until_complex_test.go:46
    	Error:      	Not equal: 
    	            	expected: []int([]int{102, 111, 111, 98, 97, 114, 0})
    	            	actual  : []uint8([]byte{0x66, 0x6f, 0x6f, 0x62, 0x61, 0x72, 0x0})
    	Test:       	TestRepeatUntilComplex]]></failure>
		</testcase>
		<testcase name="TestRepeatUntilS4" classname="github.com/kaitai-io/ci_targets/tests/spec/go" time="0.000">
			<failure message="Failed"><![CDATA[repeat_until_s4_test.go:32: 
    	Error Trace:	/home/travis/gopath/src/github.com/kaitai-io/ci_targets/tests/spec/go/repeat_until_s4_test.go:32
    	Error:      	Not equal: 
    	            	expected: []int([]int{66, 4919, -251658241, -1})
    	            	actual  : []int32([]int32{66, 4919, -251658241, -1})
    	Test:       	TestRepeatUntilS4]]></failure>
		</testcase>
		<testcase name="TestRepeatUntilSized" classname="github.com/kaitai-io/ci_targets/tests/spec/go" time="0.000"></testcase>
		<testcase name="TestStrEncodingsDefault" classname="github.com/kaitai-io/ci_targets/tests/spec/go" time="0.000"></testcase>
		<testcase name="TestStrEncodings" classname="github.com/kaitai-io/ci_targets/tests/spec/go" time="0.000"></testcase>
		<testcase name="TestStrEncodingsUtf16" classname="github.com/kaitai-io/ci_targets/tests/spec/go" time="0.000"></testcase>
		<testcase name="TestStrEos" classname="github.com/kaitai-io/ci_targets/tests/spec/go" time="0.000"></testcase>
		<testcase name="TestStrLiterals2" classname="github.com/kaitai-io/ci_targets/tests/spec/go" time="0.000"></testcase>
		<testcase name="TestStrLiterals" classname="github.com/kaitai-io/ci_targets/tests/spec/go" time="0.000"></testcase>
		<testcase name="TestStrPadTermEmpty" classname="github.com/kaitai-io/ci_targets/tests/spec/go" time="0.000"></testcase>
		<testcase name="TestStrPadTerm" classname="github.com/kaitai-io/ci_targets/tests/spec/go" time="0.000"></testcase>
		<testcase name="TestSwitchElseOnly" classname="github.com/kaitai-io/ci_targets/tests/spec/go" time="0.000"></testcase>
		<testcase name="TestSwitchIntegers2" classname="github.com/kaitai-io/ci_targets/tests/spec/go" time="0.000"></testcase>
		<testcase name="TestSwitchIntegers" classname="github.com/kaitai-io/ci_targets/tests/spec/go" time="0.000"></testcase>
		<testcase name="TestSwitchManualEnumInvalid" classname="github.com/kaitai-io/ci_targets/tests/spec/go" time="0.000"></testcase>
		<testcase name="TestSwitchMultiBoolOps" classname="github.com/kaitai-io/ci_targets/tests/spec/go" time="0.000"></testcase>
		<testcase name="TestTermBytes" classname="github.com/kaitai-io/ci_targets/tests/spec/go" time="0.000"></testcase>
		<testcase name="TestTermStrz" classname="github.com/kaitai-io/ci_targets/tests/spec/go" time="0.000"></testcase>
		<testcase name="TestTermU1Val" classname="github.com/kaitai-io/ci_targets/tests/spec/go" time="0.000"></testcase>
		<testcase name="TestTsPacketHeader" classname="github.com/kaitai-io/ci_targets/tests/spec/go" time="0.000"></testcase>
		<testcase name="TestTypeIntUnaryOp" classname="github.com/kaitai-io/ci_targets/tests/spec/go" time="0.000"></testcase>
		<testcase name="TestTypeTernary2ndFalsy" classname="github.com/kaitai-io/ci_targets/tests/spec/go" time="0.000"></testcase>
		<testcase name="TestTypeTernaryOpaque" classname="github.com/kaitai-io/ci_targets/tests/spec/go" time="0.000"></testcase>
		<testcase name="TestTypeTernary" classname="github.com/kaitai-io/ci_targets/tests/spec/go" time="0.000"></testcase>
		<testcase name="TestUserType" classname="github.com/kaitai-io/ci_targets/tests/spec/go" time="0.000"></testcase>
		<testcase name="TestValidEqStrEncodings" classname="github.com/kaitai-io/ci_targets/tests/spec/go" time="0.000"></testcase>
		<testcase name="TestValidFailAnyofInt" classname="github.com/kaitai-io/ci_targets/tests/spec/go" time="0.000"></testcase>
		<testcase name="TestValidFailContents" classname="github.com/kaitai-io/ci_targets/tests/spec/go" time="0.000"></testcase>
		<testcase name="TestValidFailEqBytes" classname="github.com/kaitai-io/ci_targets/tests/spec/go" time="0.000"></testcase>
		<testcase name="TestValidFailEqInt" classname="github.com/kaitai-io/ci_targets/tests/spec/go" time="0.000"></testcase>
		<testcase name="TestValidFailEqStr" classname="github.com/kaitai-io/ci_targets/tests/spec/go" time="0.000"></testcase>
		<testcase name="TestValidFailExpr" classname="github.com/kaitai-io/ci_targets/tests/spec/go" time="0.000"></testcase>
		<testcase name="TestValidFailInst" classname="github.com/kaitai-io/ci_targets/tests/spec/go" time="0.000"></testcase>
		<testcase name="TestValidFailMaxInt" classname="github.com/kaitai-io/ci_targets/tests/spec/go" time="0.000"></testcase>
		<testcase name="TestValidFailMinInt" classname="github.com/kaitai-io/ci_targets/tests/spec/go" time="0.000"></testcase>
		<testcase name="TestValidFailRangeBytes" classname="github.com/kaitai-io/ci_targets/tests/spec/go" time="0.000"></testcase>
		<testcase name="TestValidFailRangeFloat" classname="github.com/kaitai-io/ci_targets/tests/spec/go" time="0.000"></testcase>
		<testcase name="TestValidFailRangeInt" classname="github.com/kaitai-io/ci_targets/tests/spec/go" time="0.000"></testcase>
		<testcase name="TestValidFailRangeStr" classname="github.com/kaitai-io/ci_targets/tests/spec/go" time="0.000"></testcase>
		<testcase name="TestValidLong" classname="github.com/kaitai-io/ci_targets/tests/spec/go" time="0.000"></testcase>
		<testcase name="TestValidNotParsedIf" classname="github.com/kaitai-io/ci_targets/tests/spec/go" time="0.000"></testcase>
		<testcase name="TestValidOptionalId" classname="github.com/kaitai-io/ci_targets/tests/spec/go" time="0.000"></testcase>
		<testcase name="TestValidShort" classname="github.com/kaitai-io/ci_targets/tests/spec/go" time="0.000"></testcase>
		<testcase name="TestZlibSurrounded" classname="github.com/kaitai-io/ci_targets/tests/spec/go" time="0.000"></testcase>
		<testcase name="TestZlibWithHeader78" classname="github.com/kaitai-io/ci_targets/tests/spec/go" time="0.000"></testcase>
	</testsuite>
</testsuites>
