<?xml version="1.0" encoding="UTF-8"?>
<testsuites>
	<testsuite tests="85" failures="25" time="0.024" name="github.com/kaitai-io/ci_targets/tests/spec/go">
		<properties>
			<property name="go.version" value="go1.10"></property>
		</properties>
		<testcase classname="go" name="TestBcdUserTypeBe" time="0.000"></testcase>
		<testcase classname="go" name="TestBcdUserTypeLe" time="0.000"></testcase>
		<testcase classname="go" name="TestBitsByteAligned" time="0.000"></testcase>
		<testcase classname="go" name="TestBitsSimple" time="0.000">
			<failure message="Failed" type="">bits_simple_test.go:14: &lt;nil&gt;</failure>
		</testcase>
		<testcase classname="go" name="TestBufferedStruct" time="0.000"></testcase>
		<testcase classname="go" name="TestBytesPadTerm" time="0.000">
			<failure message="Failed" type="">bytes_pad_term_test.go:25: &#xA;&#x9;&#x9;Error Trace:&#x9;bytes_pad_term_test.go:25&#xA;&#x9;&#x9;Error:      &#x9;Not equal: &#xA;&#x9;&#x9;            &#x9;expected: []byte{0x73, 0x74, 0x72, 0x31}&#xA;&#x9;&#x9;            &#x9;actual  : []byte{0x73, 0x74, 0x72, 0x31, 0x40, 0x40, 0x40, 0x40, 0x40, 0x40, 0x40, 0x40, 0x40, 0x40, 0x40, 0x40, 0x40, 0x40, 0x40, 0x40}&#xA;&#x9;&#x9;            &#x9;&#xA;&#x9;&#x9;            &#x9;Diff:&#xA;&#x9;&#x9;            &#x9;--- Expected&#xA;&#x9;&#x9;            &#x9;+++ Actual&#xA;&#x9;&#x9;            &#x9;@@ -1,3 +1,4 @@&#xA;&#x9;&#x9;            &#x9;-([]uint8) (len=4) {&#xA;&#x9;&#x9;            &#x9;- 00000000  73 74 72 31                                       |str1|&#xA;&#x9;&#x9;            &#x9;+([]uint8) (len=20) {&#xA;&#x9;&#x9;            &#x9;+ 00000000  73 74 72 31 40 40 40 40  40 40 40 40 40 40 40 40  |str1@@@@@@@@@@@@|&#xA;&#x9;&#x9;            &#x9;+ 00000010  40 40 40 40                                       |@@@@|&#xA;&#x9;&#x9;            &#x9; }&#xA;&#x9;&#x9;Test:       &#x9;TestBytesPadTerm&#xA;bytes_pad_term_test.go:26: &#xA;&#x9;&#x9;Error Trace:&#x9;bytes_pad_term_test.go:26&#xA;&#x9;&#x9;Error:      &#x9;Not equal: &#xA;&#x9;&#x9;            &#x9;expected: []byte{0x73, 0x74, 0x72, 0x32, 0x66, 0x6f, 0x6f}&#xA;&#x9;&#x9;            &#x9;actual  : []byte{0x73, 0x74, 0x72, 0x32, 0x66, 0x6f, 0x6f, 0x40, 0x2b, 0x2b, 0x2b, 0x2b, 0x2b, 0x2b, 0x2b, 0x2b, 0x2b, 0x2b, 0x2b, 0x2b}&#xA;&#x9;&#x9;            &#x9;&#xA;&#x9;&#x9;            &#x9;Diff:&#xA;&#x9;&#x9;            &#x9;--- Expected&#xA;&#x9;&#x9;            &#x9;+++ Actual&#xA;&#x9;&#x9;            &#x9;@@ -1,3 +1,4 @@&#xA;&#x9;&#x9;            &#x9;-([]uint8) (len=7) {&#xA;&#x9;&#x9;            &#x9;- 00000000  73 74 72 32 66 6f 6f                              |str2foo|&#xA;&#x9;&#x9;            &#x9;+([]uint8) (len=20) {&#xA;&#x9;&#x9;            &#x9;+ 00000000  73 74 72 32 66 6f 6f 40  2b 2b 2b 2b 2b 2b 2b 2b  |str2foo@++++++++|&#xA;&#x9;&#x9;            &#x9;+ 00000010  2b 2b 2b 2b                                       |++++|&#xA;&#x9;&#x9;            &#x9; }&#xA;&#x9;&#x9;Test:       &#x9;TestBytesPadTerm&#xA;bytes_pad_term_test.go:27: &#xA;&#x9;&#x9;Error Trace:&#x9;bytes_pad_term_test.go:27&#xA;&#x9;&#x9;Error:      &#x9;Not equal: &#xA;&#x9;&#x9;            &#x9;expected: []byte{0x73, 0x74, 0x72, 0x2b, 0x2b, 0x2b, 0x33, 0x62, 0x61, 0x72, 0x2b, 0x2b, 0x2b}&#xA;&#x9;&#x9;            &#x9;actual  : []byte{0x73, 0x74, 0x72, 0x2b, 0x2b, 0x2b, 0x33, 0x62, 0x61, 0x72, 0x2b, 0x2b, 0x2b, 0x40, 0x2b, 0x2b, 0x2b, 0x2b, 0x2b, 0x2b}&#xA;&#x9;&#x9;            &#x9;&#xA;&#x9;&#x9;            &#x9;Diff:&#xA;&#x9;&#x9;            &#x9;--- Expected&#xA;&#x9;&#x9;            &#x9;+++ Actual&#xA;&#x9;&#x9;            &#x9;@@ -1,3 +1,4 @@&#xA;&#x9;&#x9;            &#x9;-([]uint8) (len=13) {&#xA;&#x9;&#x9;            &#x9;- 00000000  73 74 72 2b 2b 2b 33 62  61 72 2b 2b 2b           |str+++3bar+++|&#xA;&#x9;&#x9;            &#x9;+([]uint8) (len=20) {&#xA;&#x9;&#x9;            &#x9;+ 00000000  73 74 72 2b 2b 2b 33 62  61 72 2b 2b 2b 40 2b 2b  |str+++3bar+++@++|&#xA;&#x9;&#x9;            &#x9;+ 00000010  2b 2b 2b 2b                                       |++++|&#xA;&#x9;&#x9;            &#x9; }&#xA;&#x9;&#x9;Test:       &#x9;TestBytesPadTerm&#xA;bytes_pad_term_test.go:28: &#xA;&#x9;&#x9;Error Trace:&#x9;bytes_pad_term_test.go:28&#xA;&#x9;&#x9;Error:      &#x9;Not equal: &#xA;&#x9;&#x9;            &#x9;expected: []byte{0x73, 0x74, 0x72, 0x34, 0x62, 0x61, 0x7a, 0x40}&#xA;&#x9;&#x9;            &#x9;actual  : []byte{0x73, 0x74, 0x72, 0x34, 0x62, 0x61, 0x7a, 0x40, 0x2e, 0x2e, 0x2e, 0x2e, 0x2e, 0x2e, 0x2e, 0x2e, 0x2e, 0x2e, 0x2e, 0x2e}&#xA;&#x9;&#x9;            &#x9;&#xA;&#x9;&#x9;            &#x9;Diff:&#xA;&#x9;&#x9;            &#x9;--- Expected&#xA;&#x9;&#x9;            &#x9;+++ Actual&#xA;&#x9;&#x9;            &#x9;@@ -1,3 +1,4 @@&#xA;&#x9;&#x9;            &#x9;-([]uint8) (len=8) {&#xA;&#x9;&#x9;            &#x9;- 00000000  73 74 72 34 62 61 7a 40                           |str4baz@|&#xA;&#x9;&#x9;            &#x9;+([]uint8) (len=20) {&#xA;&#x9;&#x9;            &#x9;+ 00000000  73 74 72 34 62 61 7a 40  2e 2e 2e 2e 2e 2e 2e 2e  |str4baz@........|&#xA;&#x9;&#x9;            &#x9;+ 00000010  2e 2e 2e 2e                                       |....|&#xA;&#x9;&#x9;            &#x9; }&#xA;&#x9;&#x9;Test:       &#x9;TestBytesPadTerm</failure>
		</testcase>
		<testcase classname="go" name="TestDebugArrayUser" time="0.000"></testcase>
		<testcase classname="go" name="TestDefaultBigEndian" time="0.000"></testcase>
		<testcase classname="go" name="TestDefaultEndianMod" time="0.000"></testcase>
		<testcase classname="go" name="TestDocstringsDocref" time="0.000"></testcase>
		<testcase classname="go" name="TestDocstrings" time="0.000"></testcase>
		<testcase classname="go" name="TestEnum0" time="0.000"></testcase>
		<testcase classname="go" name="TestEnum1" time="0.000"></testcase>
		<testcase classname="go" name="TestEnumDeepLiterals" time="0.000"></testcase>
		<testcase classname="go" name="TestEnumDeep" time="0.000"></testcase>
		<testcase classname="go" name="TestEnumFancy" time="0.000"></testcase>
		<testcase classname="go" name="TestEnumIf" time="0.000"></testcase>
		<testcase classname="go" name="TestEnumNegative" time="0.000"></testcase>
		<testcase classname="go" name="TestEnumOfValueInst" time="0.000"></testcase>
		<testcase classname="go" name="TestEnumToI" time="0.000"></testcase>
		<testcase classname="go" name="TestExpr0" time="0.000"></testcase>
		<testcase classname="go" name="TestExpr1" time="0.000"></testcase>
		<testcase classname="go" name="TestExpr2" time="0.000"></testcase>
		<testcase classname="go" name="TestExpr3" time="0.000"></testcase>
		<testcase classname="go" name="TestExprArray" time="0.000">
			<failure message="Failed" type="">expr_array_test.go:22: EOF</failure>
		</testcase>
		<testcase classname="go" name="TestExprBytesCmp" time="0.000"></testcase>
		<testcase classname="go" name="TestExprEnum" time="0.000"></testcase>
		<testcase classname="go" name="TestExprIoPos" time="0.000">
			<failure message="Failed" type="">expr_io_pos_test.go:22: ReadBytes(-2): negative number of bytes to read</failure>
		</testcase>
		<testcase classname="go" name="TestExprMod" time="0.000"></testcase>
		<testcase classname="go" name="TestFixedContents" time="0.000"></testcase>
		<testcase classname="go" name="TestFixedStruct" time="0.000"></testcase>
		<testcase classname="go" name="TestFloatToI" time="0.000"></testcase>
		<testcase classname="go" name="TestFloatingPoints" time="0.000"></testcase>
		<testcase classname="go" name="TestHelloWorld" time="0.000"></testcase>
		<testcase classname="go" name="TestIfStruct" time="0.000"></testcase>
		<testcase classname="go" name="TestIfValues" time="0.000">
			<failure message="Failed" type="">if_values_test.go:36: &#xA;&#x9;&#x9;Error Trace:&#x9;if_values_test.go:36&#xA;&#x9;&#x9;Error:      &#x9;Expected nil, but got: 0&#xA;&#x9;&#x9;Test:       &#x9;TestIfValues&#xA;if_values_test.go:42: &#xA;&#x9;&#x9;Error Trace:&#x9;if_values_test.go:42&#xA;&#x9;&#x9;Error:      &#x9;Expected nil, but got: 0&#xA;&#x9;&#x9;Test:       &#x9;TestIfValues</failure>
		</testcase>
		<testcase classname="go" name="TestInstanceIoUser" time="0.000"></testcase>
		<testcase classname="go" name="TestInstanceStdArray" time="0.000"></testcase>
		<testcase classname="go" name="TestInstanceStd" time="0.000"></testcase>
		<testcase classname="go" name="TestInstanceUserArray" time="0.000">
			<failure message="Failed" type="">instance_user_array_test.go:30: EOF</failure>
		</testcase>
		<testcase classname="go" name="TestIntegers" time="0.000"></testcase>
		<testcase classname="go" name="TestJsSignedRightShift" time="0.000"></testcase>
		<testcase classname="go" name="TestMetaXref" time="0.000"></testcase>
		<testcase classname="go" name="TestMultipleUse" time="0.000"></testcase>
		<testcase classname="go" name="TestNavParentFalse2" time="0.000"></testcase>
		<testcase classname="go" name="TestNavParent" time="0.000"></testcase>
		<testcase classname="go" name="TestNavParentVsValueInst" time="0.000"></testcase>
		<testcase classname="go" name="TestNavRoot" time="0.000"></testcase>
		<testcase classname="go" name="TestNestedSameName2" time="0.000"></testcase>
		<testcase classname="go" name="TestNestedSameName" time="0.000"></testcase>
		<testcase classname="go" name="TestNestedTypes2" time="0.000"></testcase>
		<testcase classname="go" name="TestNestedTypes3" time="0.000"></testcase>
		<testcase classname="go" name="TestNestedTypes" time="0.000"></testcase>
		<testcase classname="go" name="TestPositionAbs" time="0.000"></testcase>
		<testcase classname="go" name="TestPositionInSeq" time="0.000"></testcase>
		<testcase classname="go" name="TestPositionToEnd" time="0.000"></testcase>
		<testcase classname="go" name="TestProcessCoerceBytes" time="0.000">
			<failure message="Failed" type="">process_coerce_bytes_test.go:36: &#xA;&#x9;&#x9;Error Trace:&#x9;process_coerce_bytes_test.go:36&#xA;&#x9;&#x9;Error:      &#x9;Not equal: &#xA;&#x9;&#x9;            &#x9;expected: []byte{0x42, 0x42, 0x42, 0x42}&#xA;&#x9;&#x9;            &#x9;actual  : []byte{0xe8, 0xe8, 0xe8, 0xe8}&#xA;&#x9;&#x9;            &#x9;&#xA;&#x9;&#x9;            &#x9;Diff:&#xA;&#x9;&#x9;            &#x9;--- Expected&#xA;&#x9;&#x9;            &#x9;+++ Actual&#xA;&#x9;&#x9;            &#x9;@@ -1,3 +1,3 @@&#xA;&#x9;&#x9;            &#x9; ([]uint8) (len=4) {&#xA;&#x9;&#x9;            &#x9;- 00000000  42 42 42 42                                       |BBBB|&#xA;&#x9;&#x9;            &#x9;+ 00000000  e8 e8 e8 e8                                       |....|&#xA;&#x9;&#x9;            &#x9; }&#xA;&#x9;&#x9;Test:       &#x9;TestProcessCoerceBytes</failure>
		</testcase>
		<testcase classname="go" name="TestProcessCoerceUsertype1" time="0.000">
			<failure message="Failed" type="">process_coerce_usertype1_test.go:36: &#xA;&#x9;&#x9;Error Trace:&#x9;process_coerce_usertype1_test.go:36&#xA;&#x9;&#x9;Error:      &#x9;Not equal: &#xA;&#x9;&#x9;            &#x9;expected: int(1111638594)&#xA;&#x9;&#x9;            &#x9;actual  : uint32(0xe8e8e8e8)&#xA;&#x9;&#x9;Test:       &#x9;TestProcessCoerceUsertype1</failure>
		</testcase>
		<testcase classname="go" name="TestProcessCoerceUsertype2" time="0.010">
			<failure message="Failed" type="">process_coerce_usertype2_test.go:36: &#xA;&#x9;&#x9;Error Trace:&#x9;process_coerce_usertype2_test.go:36&#xA;&#x9;&#x9;Error:      &#x9;Not equal: &#xA;&#x9;&#x9;            &#x9;expected: int(1111638594)&#xA;&#x9;&#x9;            &#x9;actual  : uint32(0xe8e8e8e8)&#xA;&#x9;&#x9;Test:       &#x9;TestProcessCoerceUsertype2</failure>
		</testcase>
		<testcase classname="go" name="TestProcessCustom" time="0.000">
			<failure message="Failed" type="">process_custom_test.go:25: &#xA;&#x9;&#x9;Error Trace:&#x9;process_custom_test.go:25&#xA;&#x9;&#x9;Error:      &#x9;Not equal: &#xA;&#x9;&#x9;            &#x9;expected: []byte{0x10, 0xb3, 0x94, 0x94, 0xf4}&#xA;&#x9;&#x9;            &#x9;actual  : []byte{0x9, 0xac, 0x8d, 0x8d, 0xed}&#xA;&#x9;&#x9;            &#x9;&#xA;&#x9;&#x9;            &#x9;Diff:&#xA;&#x9;&#x9;            &#x9;--- Expected&#xA;&#x9;&#x9;            &#x9;+++ Actual&#xA;&#x9;&#x9;            &#x9;@@ -1,3 +1,3 @@&#xA;&#x9;&#x9;            &#x9; ([]uint8) (len=5) {&#xA;&#x9;&#x9;            &#x9;- 00000000  10 b3 94 94 f4                                    |.....|&#xA;&#x9;&#x9;            &#x9;+ 00000000  09 ac 8d 8d ed                                    |.....|&#xA;&#x9;&#x9;            &#x9; }&#xA;&#x9;&#x9;Test:       &#x9;TestProcessCustom&#xA;process_custom_test.go:26: &#xA;&#x9;&#x9;Error Trace:&#x9;process_custom_test.go:26&#xA;&#x9;&#x9;Error:      &#x9;Not equal: &#xA;&#x9;&#x9;            &#x9;expected: []byte{0x5f, 0xba, 0x7b, 0x93, 0x63, 0x23, 0x5f}&#xA;&#x9;&#x9;            &#x9;actual  : []byte{0xba, 0x7b, 0x93, 0x63, 0x23}&#xA;&#x9;&#x9;            &#x9;&#xA;&#x9;&#x9;            &#x9;Diff:&#xA;&#x9;&#x9;            &#x9;--- Expected&#xA;&#x9;&#x9;            &#x9;+++ Actual&#xA;&#x9;&#x9;            &#x9;@@ -1,3 +1,3 @@&#xA;&#x9;&#x9;            &#x9;-([]uint8) (len=7) {&#xA;&#x9;&#x9;            &#x9;- 00000000  5f ba 7b 93 63 23 5f                              |_.{.c#_|&#xA;&#x9;&#x9;            &#x9;+([]uint8) (len=5) {&#xA;&#x9;&#x9;            &#x9;+ 00000000  ba 7b 93 63 23                                    |.{.c#|&#xA;&#x9;&#x9;            &#x9; }&#xA;&#x9;&#x9;Test:       &#x9;TestProcessCustom&#xA;process_custom_test.go:27: &#xA;&#x9;&#x9;Error Trace:&#x9;process_custom_test.go:27&#xA;&#x9;&#x9;Error:      &#x9;Not equal: &#xA;&#x9;&#x9;            &#x9;expected: []byte{0x29, 0x33, 0xb1, 0x38, 0xb1}&#xA;&#x9;&#x9;            &#x9;actual  : []byte{0x2a, 0x34, 0xb2, 0x39, 0xb2}&#xA;&#x9;&#x9;            &#x9;&#xA;&#x9;&#x9;            &#x9;Diff:&#xA;&#x9;&#x9;            &#x9;--- Expected&#xA;&#x9;&#x9;            &#x9;+++ Actual&#xA;&#x9;&#x9;            &#x9;@@ -1,3 +1,3 @@&#xA;&#x9;&#x9;            &#x9; ([]uint8) (len=5) {&#xA;&#x9;&#x9;            &#x9;- 00000000  29 33 b1 38 b1                                    |)3.8.|&#xA;&#x9;&#x9;            &#x9;+ 00000000  2a 34 b2 39 b2                                    |*4.9.|&#xA;&#x9;&#x9;            &#x9; }&#xA;&#x9;&#x9;Test:       &#x9;TestProcessCustom</failure>
		</testcase>
		<testcase classname="go" name="TestProcessRotate" time="0.000">
			<failure message="Failed" type="">process_rotate_test.go:25: &#xA;&#x9;&#x9;Error Trace:&#x9;process_rotate_test.go:25&#xA;&#x9;&#x9;Error:      &#x9;Not equal: &#xA;&#x9;&#x9;            &#x9;expected: []byte{0x48, 0x65, 0x6c, 0x6c, 0x6f}&#xA;&#x9;&#x9;            &#x9;actual  : []byte{0x9, 0xac, 0x8d, 0x8d, 0xed}&#xA;&#x9;&#x9;            &#x9;&#xA;&#x9;&#x9;            &#x9;Diff:&#xA;&#x9;&#x9;            &#x9;--- Expected&#xA;&#x9;&#x9;            &#x9;+++ Actual&#xA;&#x9;&#x9;            &#x9;@@ -1,3 +1,3 @@&#xA;&#x9;&#x9;            &#x9; ([]uint8) (len=5) {&#xA;&#x9;&#x9;            &#x9;- 00000000  48 65 6c 6c 6f                                    |Hello|&#xA;&#x9;&#x9;            &#x9;+ 00000000  09 ac 8d 8d ed                                    |.....|&#xA;&#x9;&#x9;            &#x9; }&#xA;&#x9;&#x9;Test:       &#x9;TestProcessRotate&#xA;process_rotate_test.go:26: &#xA;&#x9;&#x9;Error Trace:&#x9;process_rotate_test.go:26&#xA;&#x9;&#x9;Error:      &#x9;Not equal: &#xA;&#x9;&#x9;            &#x9;expected: []byte{0x57, 0x6f, 0x72, 0x6c, 0x64}&#xA;&#x9;&#x9;            &#x9;actual  : []byte{0xba, 0x7b, 0x93, 0x63, 0x23}&#xA;&#x9;&#x9;            &#x9;&#xA;&#x9;&#x9;            &#x9;Diff:&#xA;&#x9;&#x9;            &#x9;--- Expected&#xA;&#x9;&#x9;            &#x9;+++ Actual&#xA;&#x9;&#x9;            &#x9;@@ -1,3 +1,3 @@&#xA;&#x9;&#x9;            &#x9; ([]uint8) (len=5) {&#xA;&#x9;&#x9;            &#x9;- 00000000  57 6f 72 6c 64                                    |World|&#xA;&#x9;&#x9;            &#x9;+ 00000000  ba 7b 93 63 23                                    |.{.c#|&#xA;&#x9;&#x9;            &#x9; }&#xA;&#x9;&#x9;Test:       &#x9;TestProcessRotate&#xA;process_rotate_test.go:27: &#xA;&#x9;&#x9;Error Trace:&#x9;process_rotate_test.go:27&#xA;&#x9;&#x9;Error:      &#x9;Not equal: &#xA;&#x9;&#x9;            &#x9;expected: []byte{0x54, 0x68, 0x65, 0x72, 0x65}&#xA;&#x9;&#x9;            &#x9;actual  : []byte{0x2a, 0x34, 0xb2, 0x39, 0xb2}&#xA;&#x9;&#x9;            &#x9;&#xA;&#x9;&#x9;            &#x9;Diff:&#xA;&#x9;&#x9;            &#x9;--- Expected&#xA;&#x9;&#x9;            &#x9;+++ Actual&#xA;&#x9;&#x9;            &#x9;@@ -1,3 +1,3 @@&#xA;&#x9;&#x9;            &#x9; ([]uint8) (len=5) {&#xA;&#x9;&#x9;            &#x9;- 00000000  54 68 65 72 65                                    |There|&#xA;&#x9;&#x9;            &#x9;+ 00000000  2a 34 b2 39 b2                                    |*4.9.|&#xA;&#x9;&#x9;            &#x9; }&#xA;&#x9;&#x9;Test:       &#x9;TestProcessRotate</failure>
		</testcase>
		<testcase classname="go" name="TestProcessToUser" time="0.000">
			<failure message="Failed" type="">process_to_user_test.go:25: &#xA;&#x9;&#x9;Error Trace:&#x9;process_to_user_test.go:25&#xA;&#x9;&#x9;Error:      &#x9;Not equal: &#xA;&#x9;&#x9;            &#x9;expected: &#34;Hello&#34;&#xA;&#x9;&#x9;            &#x9;actual  : &#34;\t\xac\x8d\x8d\xed&#34;&#xA;&#x9;&#x9;            &#x9;&#xA;&#x9;&#x9;            &#x9;Diff:&#xA;&#x9;&#x9;            &#x9;--- Expected&#xA;&#x9;&#x9;            &#x9;+++ Actual&#xA;&#x9;&#x9;            &#x9;@@ -1 +1 @@&#xA;&#x9;&#x9;            &#x9;-Hello&#xA;&#x9;&#x9;            &#x9;+&#x9;����&#xA;&#x9;&#x9;Test:       &#x9;TestProcessToUser</failure>
		</testcase>
		<testcase classname="go" name="TestProcessXor4Const" time="0.000">
			<failure message="Failed" type="">process_xor4_const_test.go:26: &#xA;&#x9;&#x9;Error Trace:&#x9;process_xor4_const_test.go:26&#xA;&#x9;&#x9;Error:      &#x9;Not equal: &#xA;&#x9;&#x9;            &#x9;expected: []byte{0x66, 0x6f, 0x6f, 0x20, 0x62, 0x61, 0x72}&#xA;&#x9;&#x9;            &#x9;actual  : []byte{0x8a, 0xd4, 0xcc, 0x34, 0x8e, 0xda, 0xd1}&#xA;&#x9;&#x9;            &#x9;&#xA;&#x9;&#x9;            &#x9;Diff:&#xA;&#x9;&#x9;            &#x9;--- Expected&#xA;&#x9;&#x9;            &#x9;+++ Actual&#xA;&#x9;&#x9;            &#x9;@@ -1,3 +1,3 @@&#xA;&#x9;&#x9;            &#x9; ([]uint8) (len=7) {&#xA;&#x9;&#x9;            &#x9;- 00000000  66 6f 6f 20 62 61 72                              |foo bar|&#xA;&#x9;&#x9;            &#x9;+ 00000000  8a d4 cc 34 8e da d1                              |...4...|&#xA;&#x9;&#x9;            &#x9; }&#xA;&#x9;&#x9;Test:       &#x9;TestProcessXor4Const</failure>
		</testcase>
		<testcase classname="go" name="TestProcessXor4Value" time="0.000">
			<failure message="Failed" type="">process_xor4_value_test.go:26: &#xA;&#x9;&#x9;Error Trace:&#x9;process_xor4_value_test.go:26&#xA;&#x9;&#x9;Error:      &#x9;Not equal: &#xA;&#x9;&#x9;            &#x9;expected: []byte{0x66, 0x6f, 0x6f, 0x20, 0x62, 0x61, 0x72}&#xA;&#x9;&#x9;            &#x9;actual  : []byte{0x8a, 0xd4, 0xcc, 0x34, 0x8e, 0xda, 0xd1}&#xA;&#x9;&#x9;            &#x9;&#xA;&#x9;&#x9;            &#x9;Diff:&#xA;&#x9;&#x9;            &#x9;--- Expected&#xA;&#x9;&#x9;            &#x9;+++ Actual&#xA;&#x9;&#x9;            &#x9;@@ -1,3 +1,3 @@&#xA;&#x9;&#x9;            &#x9; ([]uint8) (len=7) {&#xA;&#x9;&#x9;            &#x9;- 00000000  66 6f 6f 20 62 61 72                              |foo bar|&#xA;&#x9;&#x9;            &#x9;+ 00000000  8a d4 cc 34 8e da d1                              |...4...|&#xA;&#x9;&#x9;            &#x9; }&#xA;&#x9;&#x9;Test:       &#x9;TestProcessXor4Value</failure>
		</testcase>
		<testcase classname="go" name="TestProcessXorConst" time="0.000">
			<failure message="Failed" type="">process_xor_const_test.go:26: &#xA;&#x9;&#x9;Error Trace:&#x9;process_xor_const_test.go:26&#xA;&#x9;&#x9;Error:      &#x9;Not equal: &#xA;&#x9;&#x9;            &#x9;expected: []byte{0x66, 0x6f, 0x6f, 0x20, 0x62, 0x61, 0x72}&#xA;&#x9;&#x9;            &#x9;actual  : []byte{0x99, 0x90, 0x90, 0xdf, 0x9d, 0x9e, 0x8d}&#xA;&#x9;&#x9;            &#x9;&#xA;&#x9;&#x9;            &#x9;Diff:&#xA;&#x9;&#x9;            &#x9;--- Expected&#xA;&#x9;&#x9;            &#x9;+++ Actual&#xA;&#x9;&#x9;            &#x9;@@ -1,3 +1,3 @@&#xA;&#x9;&#x9;            &#x9; ([]uint8) (len=7) {&#xA;&#x9;&#x9;            &#x9;- 00000000  66 6f 6f 20 62 61 72                              |foo bar|&#xA;&#x9;&#x9;            &#x9;+ 00000000  99 90 90 df 9d 9e 8d                              |.......|&#xA;&#x9;&#x9;            &#x9; }&#xA;&#x9;&#x9;Test:       &#x9;TestProcessXorConst</failure>
		</testcase>
		<testcase classname="go" name="TestProcessXorValue" time="0.000">
			<failure message="Failed" type="">process_xor_value_test.go:26: &#xA;&#x9;&#x9;Error Trace:&#x9;process_xor_value_test.go:26&#xA;&#x9;&#x9;Error:      &#x9;Not equal: &#xA;&#x9;&#x9;            &#x9;expected: []byte{0x66, 0x6f, 0x6f, 0x20, 0x62, 0x61, 0x72}&#xA;&#x9;&#x9;            &#x9;actual  : []byte{0x99, 0x90, 0x90, 0xdf, 0x9d, 0x9e, 0x8d}&#xA;&#x9;&#x9;            &#x9;&#xA;&#x9;&#x9;            &#x9;Diff:&#xA;&#x9;&#x9;            &#x9;--- Expected&#xA;&#x9;&#x9;            &#x9;+++ Actual&#xA;&#x9;&#x9;            &#x9;@@ -1,3 +1,3 @@&#xA;&#x9;&#x9;            &#x9; ([]uint8) (len=7) {&#xA;&#x9;&#x9;            &#x9;- 00000000  66 6f 6f 20 62 61 72                              |foo bar|&#xA;&#x9;&#x9;            &#x9;+ 00000000  99 90 90 df 9d 9e 8d                              |.......|&#xA;&#x9;&#x9;            &#x9; }&#xA;&#x9;&#x9;Test:       &#x9;TestProcessXorValue</failure>
		</testcase>
		<testcase classname="go" name="TestRepeatEosStruct" time="0.000"></testcase>
		<testcase classname="go" name="TestRepeatEosU4" time="0.000"></testcase>
		<testcase classname="go" name="TestRepeatNStruct" time="0.000"></testcase>
		<testcase classname="go" name="TestRepeatNStrzDouble" time="0.000">
			<failure message="Failed" type="">repeat_n_strz_double_test.go:22: EOF</failure>
		</testcase>
		<testcase classname="go" name="TestRepeatNStrz" time="0.000">
			<failure message="Failed" type="">repeat_n_strz_test.go:22: EOF</failure>
		</testcase>
		<testcase classname="go" name="TestRepeatUntilComplex" time="0.000">
			<failure message="Failed" type="">repeat_until_complex_test.go:27: &#xA;&#x9;&#x9;Error Trace:&#x9;repeat_until_complex_test.go:27&#xA;&#x9;&#x9;Error:      &#x9;Not equal: &#xA;&#x9;&#x9;            &#x9;expected: []int([]int{1, 2, 3, 4})&#xA;&#x9;&#x9;            &#x9;actual  : []uint8([]byte{0x1, 0x2, 0x3, 0x4})&#xA;&#x9;&#x9;Test:       &#x9;TestRepeatUntilComplex&#xA;repeat_until_complex_test.go:29: &#xA;&#x9;&#x9;Error Trace:&#x9;repeat_until_complex_test.go:29&#xA;&#x9;&#x9;Error:      &#x9;Not equal: &#xA;&#x9;&#x9;            &#x9;expected: []int([]int{1, 2})&#xA;&#x9;&#x9;            &#x9;actual  : []uint8([]byte{0x1, 0x2})&#xA;&#x9;&#x9;Test:       &#x9;TestRepeatUntilComplex&#xA;repeat_until_complex_test.go:33: &#xA;&#x9;&#x9;Error Trace:&#x9;repeat_until_complex_test.go:33&#xA;&#x9;&#x9;Error:      &#x9;Not equal: &#xA;&#x9;&#x9;            &#x9;expected: []int([]int{1, 2, 3, 4, 5, 6})&#xA;&#x9;&#x9;            &#x9;actual  : []uint16([]uint16{0x1, 0x2, 0x3, 0x4, 0x5, 0x6})&#xA;&#x9;&#x9;Test:       &#x9;TestRepeatUntilComplex&#xA;repeat_until_complex_test.go:35: &#xA;&#x9;&#x9;Error Trace:&#x9;repeat_until_complex_test.go:35&#xA;&#x9;&#x9;Error:      &#x9;Not equal: &#xA;&#x9;&#x9;            &#x9;expected: []int([]int{1, 2, 3})&#xA;&#x9;&#x9;            &#x9;actual  : []uint16([]uint16{0x1, 0x2, 0x3})&#xA;&#x9;&#x9;Test:       &#x9;TestRepeatUntilComplex&#xA;repeat_until_complex_test.go:37: &#xA;&#x9;&#x9;Error Trace:&#x9;repeat_until_complex_test.go:37&#xA;&#x9;&#x9;Error:      &#x9;Not equal: &#xA;&#x9;&#x9;            &#x9;expected: []int([]int{1, 2, 3, 4})&#xA;&#x9;&#x9;            &#x9;actual  : []uint16([]uint16{0x1, 0x2, 0x3, 0x4})&#xA;&#x9;&#x9;Test:       &#x9;TestRepeatUntilComplex&#xA;repeat_until_complex_test.go:39: &#xA;&#x9;&#x9;Error Trace:&#x9;repeat_until_complex_test.go:39&#xA;&#x9;&#x9;Error:      &#x9;Not equal: &#xA;&#x9;&#x9;            &#x9;expected: []int([]int{102, 111, 111, 98, 97, 114, 0})&#xA;&#x9;&#x9;            &#x9;actual  : []uint8([]byte{0x66, 0x6f, 0x6f, 0x62, 0x61, 0x72, 0x0})&#xA;&#x9;&#x9;Test:       &#x9;TestRepeatUntilComplex</failure>
		</testcase>
		<testcase classname="go" name="TestRepeatUntilS4" time="0.000"></testcase>
		<testcase classname="go" name="TestStrEncodingsDefault" time="0.000"></testcase>
		<testcase classname="go" name="TestStrEncodings" time="0.000"></testcase>
		<testcase classname="go" name="TestStrEos" time="0.000"></testcase>
		<testcase classname="go" name="TestStrLiterals2" time="0.000"></testcase>
		<testcase classname="go" name="TestStrPadTermEmpty" time="0.000">
			<failure message="Failed" type="">str_pad_term_empty_test.go:25: &#xA;&#x9;&#x9;Error Trace:&#x9;str_pad_term_empty_test.go:25&#xA;&#x9;&#x9;Error:      &#x9;Not equal: &#xA;&#x9;&#x9;            &#x9;expected: &#34;&#34;&#xA;&#x9;&#x9;            &#x9;actual  : &#34;@@@@@@@@@@@@@@@@@@@@&#34;&#xA;&#x9;&#x9;            &#x9;&#xA;&#x9;&#x9;            &#x9;Diff:&#xA;&#x9;&#x9;            &#x9;--- Expected&#xA;&#x9;&#x9;            &#x9;+++ Actual&#xA;&#x9;&#x9;            &#x9;@@ -1 +1 @@&#xA;&#x9;&#x9;            &#x9;-&#xA;&#x9;&#x9;            &#x9;+@@@@@@@@@@@@@@@@@@@@&#xA;&#x9;&#x9;Test:       &#x9;TestStrPadTermEmpty&#xA;str_pad_term_empty_test.go:26: &#xA;&#x9;&#x9;Error Trace:&#x9;str_pad_term_empty_test.go:26&#xA;&#x9;&#x9;Error:      &#x9;Not equal: &#xA;&#x9;&#x9;            &#x9;expected: &#34;&#34;&#xA;&#x9;&#x9;            &#x9;actual  : &#34;@@@@@@@@++++++++++++&#34;&#xA;&#x9;&#x9;            &#x9;&#xA;&#x9;&#x9;            &#x9;Diff:&#xA;&#x9;&#x9;            &#x9;--- Expected&#xA;&#x9;&#x9;            &#x9;+++ Actual&#xA;&#x9;&#x9;            &#x9;@@ -1 +1 @@&#xA;&#x9;&#x9;            &#x9;-&#xA;&#x9;&#x9;            &#x9;+@@@@@@@@++++++++++++&#xA;&#x9;&#x9;Test:       &#x9;TestStrPadTermEmpty&#xA;str_pad_term_empty_test.go:27: &#xA;&#x9;&#x9;Error Trace:&#x9;str_pad_term_empty_test.go:27&#xA;&#x9;&#x9;Error:      &#x9;Not equal: &#xA;&#x9;&#x9;            &#x9;expected: &#34;&#34;&#xA;&#x9;&#x9;            &#x9;actual  : &#34;@tr+++3bar+++@++++++&#34;&#xA;&#x9;&#x9;            &#x9;&#xA;&#x9;&#x9;            &#x9;Diff:&#xA;&#x9;&#x9;            &#x9;--- Expected&#xA;&#x9;&#x9;            &#x9;+++ Actual&#xA;&#x9;&#x9;            &#x9;@@ -1 +1 @@&#xA;&#x9;&#x9;            &#x9;-&#xA;&#x9;&#x9;            &#x9;+@tr+++3bar+++@++++++&#xA;&#x9;&#x9;Test:       &#x9;TestStrPadTermEmpty&#xA;str_pad_term_empty_test.go:28: &#xA;&#x9;&#x9;Error Trace:&#x9;str_pad_term_empty_test.go:28&#xA;&#x9;&#x9;Error:      &#x9;Not equal: &#xA;&#x9;&#x9;            &#x9;expected: &#34;@&#34;&#xA;&#x9;&#x9;            &#x9;actual  : &#34;@@@@@@@@............&#34;&#xA;&#x9;&#x9;            &#x9;&#xA;&#x9;&#x9;            &#x9;Diff:&#xA;&#x9;&#x9;            &#x9;--- Expected&#xA;&#x9;&#x9;            &#x9;+++ Actual&#xA;&#x9;&#x9;            &#x9;@@ -1 +1 @@&#xA;&#x9;&#x9;            &#x9;-@&#xA;&#x9;&#x9;            &#x9;+@@@@@@@@............&#xA;&#x9;&#x9;Test:       &#x9;TestStrPadTermEmpty</failure>
		</testcase>
		<testcase classname="go" name="TestStrPadTerm" time="0.000">
			<failure message="Failed" type="">str_pad_term_test.go:25: &#xA;&#x9;&#x9;Error Trace:&#x9;str_pad_term_test.go:25&#xA;&#x9;&#x9;Error:      &#x9;Not equal: &#xA;&#x9;&#x9;            &#x9;expected: &#34;str1&#34;&#xA;&#x9;&#x9;            &#x9;actual  : &#34;str1@@@@@@@@@@@@@@@@&#34;&#xA;&#x9;&#x9;            &#x9;&#xA;&#x9;&#x9;            &#x9;Diff:&#xA;&#x9;&#x9;            &#x9;--- Expected&#xA;&#x9;&#x9;            &#x9;+++ Actual&#xA;&#x9;&#x9;            &#x9;@@ -1 +1 @@&#xA;&#x9;&#x9;            &#x9;-str1&#xA;&#x9;&#x9;            &#x9;+str1@@@@@@@@@@@@@@@@&#xA;&#x9;&#x9;Test:       &#x9;TestStrPadTerm&#xA;str_pad_term_test.go:26: &#xA;&#x9;&#x9;Error Trace:&#x9;str_pad_term_test.go:26&#xA;&#x9;&#x9;Error:      &#x9;Not equal: &#xA;&#x9;&#x9;            &#x9;expected: &#34;str2foo&#34;&#xA;&#x9;&#x9;            &#x9;actual  : &#34;str2foo@++++++++++++&#34;&#xA;&#x9;&#x9;            &#x9;&#xA;&#x9;&#x9;            &#x9;Diff:&#xA;&#x9;&#x9;            &#x9;--- Expected&#xA;&#x9;&#x9;            &#x9;+++ Actual&#xA;&#x9;&#x9;            &#x9;@@ -1 +1 @@&#xA;&#x9;&#x9;            &#x9;-str2foo&#xA;&#x9;&#x9;            &#x9;+str2foo@++++++++++++&#xA;&#x9;&#x9;Test:       &#x9;TestStrPadTerm&#xA;str_pad_term_test.go:27: &#xA;&#x9;&#x9;Error Trace:&#x9;str_pad_term_test.go:27&#xA;&#x9;&#x9;Error:      &#x9;Not equal: &#xA;&#x9;&#x9;            &#x9;expected: &#34;str+++3bar+++&#34;&#xA;&#x9;&#x9;            &#x9;actual  : &#34;str+++3bar+++@++++++&#34;&#xA;&#x9;&#x9;            &#x9;&#xA;&#x9;&#x9;            &#x9;Diff:&#xA;&#x9;&#x9;            &#x9;--- Expected&#xA;&#x9;&#x9;            &#x9;+++ Actual&#xA;&#x9;&#x9;            &#x9;@@ -1 +1 @@&#xA;&#x9;&#x9;            &#x9;-str+++3bar+++&#xA;&#x9;&#x9;            &#x9;+str+++3bar+++@++++++&#xA;&#x9;&#x9;Test:       &#x9;TestStrPadTerm&#xA;str_pad_term_test.go:28: &#xA;&#x9;&#x9;Error Trace:&#x9;str_pad_term_test.go:28&#xA;&#x9;&#x9;Error:      &#x9;Not equal: &#xA;&#x9;&#x9;            &#x9;expected: &#34;str4baz@&#34;&#xA;&#x9;&#x9;            &#x9;actual  : &#34;str4baz@............&#34;&#xA;&#x9;&#x9;            &#x9;&#xA;&#x9;&#x9;            &#x9;Diff:&#xA;&#x9;&#x9;            &#x9;--- Expected&#xA;&#x9;&#x9;            &#x9;+++ Actual&#xA;&#x9;&#x9;            &#x9;@@ -1 +1 @@&#xA;&#x9;&#x9;            &#x9;-str4baz@&#xA;&#x9;&#x9;            &#x9;+str4baz@............&#xA;&#x9;&#x9;Test:       &#x9;TestStrPadTerm</failure>
		</testcase>
		<testcase classname="go" name="TestTermBytes" time="0.000">
			<failure message="Failed" type="">term_bytes_test.go:22: EOF</failure>
		</testcase>
		<testcase classname="go" name="TestTermStrz" time="0.000">
			<failure message="Failed" type="">term_strz_test.go:22: EOF</failure>
		</testcase>
		<testcase classname="go" name="TestTypeIntUnaryOp" time="0.000"></testcase>
		<testcase classname="go" name="TestTypeTernary" time="0.000">
			<failure message="Failed" type="">type_ternary_test.go:29: &#xA;&#x9;&#x9;Error Trace:&#x9;type_ternary_test.go:29&#xA;&#x9;&#x9;Error:      &#x9;Not equal: &#xA;&#x9;&#x9;            &#x9;expected: int(101)&#xA;&#x9;&#x9;            &#x9;actual  : uint8(0x66)&#xA;&#x9;&#x9;Test:       &#x9;TestTypeTernary</failure>
		</testcase>
		<testcase classname="go" name="TestUserType" time="0.000"></testcase>
		<testcase classname="go" name="TestZlibWithHeader78" time="0.000">
			<failure message="Failed" type="">zlib_with_header_78_test.go:25: &#xA;&#x9;&#x9;Error Trace:&#x9;zlib_with_header_78_test.go:25&#xA;&#x9;&#x9;Error:      &#x9;Not equal: &#xA;&#x9;&#x9;            &#x9;expected: []byte{0x61, 0x20, 0x71, 0x75, 0x69, 0x63, 0x6b, 0x20, 0x62, 0x72, 0x6f, 0x77, 0x6e, 0x20, 0x66, 0x6f, 0x78, 0x20, 0x6a, 0x75, 0x6d, 0x70, 0x73, 0x20, 0x6f, 0x76, 0x65, 0x72}&#xA;&#x9;&#x9;            &#x9;actual  : []byte{0x78, 0x9c, 0x4b, 0x54, 0x28, 0x2c, 0xcd, 0x4c, 0xce, 0x56, 0x48, 0x2a, 0xca, 0x2f, 0xcf, 0x53, 0x48, 0xcb, 0xaf, 0x50, 0xc8, 0x2a, 0xcd, 0x2d, 0x28, 0x56, 0xc8, 0x2f, 0x4b, 0x2d, 0x2, 0x0, 0x94, 0xbd, 0xa, 0x7f}&#xA;&#x9;&#x9;            &#x9;&#xA;&#x9;&#x9;            &#x9;Diff:&#xA;&#x9;&#x9;            &#x9;--- Expected&#xA;&#x9;&#x9;            &#x9;+++ Actual&#xA;&#x9;&#x9;            &#x9;@@ -1,4 +1,5 @@&#xA;&#x9;&#x9;            &#x9;-([]uint8) (len=28) {&#xA;&#x9;&#x9;            &#x9;- 00000000  61 20 71 75 69 63 6b 20  62 72 6f 77 6e 20 66 6f  |a quick brown fo|&#xA;&#x9;&#x9;            &#x9;- 00000010  78 20 6a 75 6d 70 73 20  6f 76 65 72              |x jumps over|&#xA;&#x9;&#x9;            &#x9;+([]uint8) (len=36) {&#xA;&#x9;&#x9;            &#x9;+ 00000000  78 9c 4b 54 28 2c cd 4c  ce 56 48 2a ca 2f cf 53  |x.KT(,.L.VH*./.S|&#xA;&#x9;&#x9;            &#x9;+ 00000010  48 cb af 50 c8 2a cd 2d  28 56 c8 2f 4b 2d 02 00  |H..P.*.-(V./K-..|&#xA;&#x9;&#x9;            &#x9;+ 00000020  94 bd 0a 7f                                       |....|&#xA;&#x9;&#x9;            &#x9; }&#xA;&#x9;&#x9;Test:       &#x9;TestZlibWithHeader78</failure>
		</testcase>
	</testsuite>
</testsuites>
