<?xml version="1.0" encoding="UTF-8"?>
<testsuites tests="249" failures="15">
	<testsuite name="kaitai/spec" tests="249" failures="15" errors="0" id="0" hostname="3ffc40fc73de" time="0.039" timestamp="2025-12-12T23:32:18Z">
		<testcase name="TestBcdUserTypeBe" classname="kaitai/spec" time="0.000"></testcase>
		<testcase name="TestBcdUserTypeLe" classname="kaitai/spec" time="0.000"></testcase>
		<testcase name="TestBitsByteAligned" classname="kaitai/spec" time="0.000"></testcase>
		<testcase name="TestBitsEnum" classname="kaitai/spec" time="0.000"></testcase>
		<testcase name="TestBitsSeqEndianCombo" classname="kaitai/spec" time="0.000"></testcase>
		<testcase name="TestBitsShiftByB32Le" classname="kaitai/spec" time="0.000"></testcase>
		<testcase name="TestBitsShiftByB64Le" classname="kaitai/spec" time="0.000"></testcase>
		<testcase name="TestBitsSignedResB32Be" classname="kaitai/spec" time="0.000"></testcase>
		<testcase name="TestBitsSignedResB32Le" classname="kaitai/spec" time="0.000"></testcase>
		<testcase name="TestBitsSignedShiftB32Le" classname="kaitai/spec" time="0.000"></testcase>
		<testcase name="TestBitsSignedShiftB64Le" classname="kaitai/spec" time="0.000"></testcase>
		<testcase name="TestBitsSimpleLe" classname="kaitai/spec" time="0.000"></testcase>
		<testcase name="TestBitsSimple" classname="kaitai/spec" time="0.000"></testcase>
		<testcase name="TestBitsUnalignedB32Be" classname="kaitai/spec" time="0.000"></testcase>
		<testcase name="TestBitsUnalignedB32Le" classname="kaitai/spec" time="0.000"></testcase>
		<testcase name="TestBitsUnalignedB64Be" classname="kaitai/spec" time="0.000"></testcase>
		<testcase name="TestBitsUnalignedB64Le" classname="kaitai/spec" time="0.000"></testcase>
		<testcase name="TestBufferedStruct" classname="kaitai/spec" time="0.000"></testcase>
		<testcase name="TestBytesPadTerm" classname="kaitai/spec" time="0.000"></testcase>
		<testcase name="TestCastNested" classname="kaitai/spec" time="0.000"></testcase>
		<testcase name="TestCastToTop" classname="kaitai/spec" time="0.000"></testcase>
		<testcase name="TestCombineBool" classname="kaitai/spec" time="0.000"></testcase>
		<testcase name="TestCombineBytes" classname="kaitai/spec" time="0.000"></testcase>
		<testcase name="TestCombineEnum" classname="kaitai/spec" time="0.000"></testcase>
		<testcase name="TestCombineStr" classname="kaitai/spec" time="0.000"></testcase>
		<testcase name="TestDebug0" classname="kaitai/spec" time="0.000"></testcase>
		<testcase name="TestDebugArrayUserCurrentExcluded" classname="kaitai/spec" time="0.000"></testcase>
		<testcase name="TestDebugArrayUserEofException" classname="kaitai/spec" time="0.000"></testcase>
		<testcase name="TestDebugArrayUser" classname="kaitai/spec" time="0.000"></testcase>
		<testcase name="TestDebugEnumName" classname="kaitai/spec" time="0.000"></testcase>
		<testcase name="TestDebugSwitchUser" classname="kaitai/spec" time="0.000"></testcase>
		<testcase name="TestDefaultBigEndian" classname="kaitai/spec" time="0.000"></testcase>
		<testcase name="TestDefaultBitEndianMod" classname="kaitai/spec" time="0.000"></testcase>
		<testcase name="TestDefaultEndianExprException" classname="kaitai/spec" time="0.000"></testcase>
		<testcase name="TestDefaultEndianExprInherited" classname="kaitai/spec" time="0.000"></testcase>
		<testcase name="TestDefaultEndianExprIsBe" classname="kaitai/spec" time="0.000"></testcase>
		<testcase name="TestDefaultEndianExprIsLe" classname="kaitai/spec" time="0.000"></testcase>
		<testcase name="TestDefaultEndianMod" classname="kaitai/spec" time="0.000"></testcase>
		<testcase name="TestDocstringsDocrefMulti" classname="kaitai/spec" time="0.000"></testcase>
		<testcase name="TestDocstringsDocref" classname="kaitai/spec" time="0.000"></testcase>
		<testcase name="TestDocstrings" classname="kaitai/spec" time="0.000"></testcase>
		<testcase name="TestEnum0" classname="kaitai/spec" time="0.000"></testcase>
		<testcase name="TestEnum1" classname="kaitai/spec" time="0.000"></testcase>
		<testcase name="TestEnumDeepLiterals" classname="kaitai/spec" time="0.000"></testcase>
		<testcase name="TestEnumDeep" classname="kaitai/spec" time="0.000"></testcase>
		<testcase name="TestEnumFancy" classname="kaitai/spec" time="0.000"></testcase>
		<testcase name="TestEnumIf" classname="kaitai/spec" time="0.000"></testcase>
		<testcase name="TestEnumImportLiterals" classname="kaitai/spec" time="0.000"></testcase>
		<testcase name="TestEnumImportSeq" classname="kaitai/spec" time="0.000"></testcase>
		<testcase name="TestEnumIntRangeS" classname="kaitai/spec" time="0.000"></testcase>
		<testcase name="TestEnumIntRangeU" classname="kaitai/spec" time="0.000"></testcase>
		<testcase name="TestEnumInvalid" classname="kaitai/spec" time="0.000"></testcase>
		<testcase name="TestEnumLongRangeS" classname="kaitai/spec" time="0.000"></testcase>
		<testcase name="TestEnumLongRangeU" classname="kaitai/spec" time="0.000"></testcase>
		<testcase name="TestEnumNegative" classname="kaitai/spec" time="0.000"></testcase>
		<testcase name="TestEnumOfValueInst" classname="kaitai/spec" time="0.000"></testcase>
		<testcase name="TestEnumToIClassBorder1" classname="kaitai/spec" time="0.000"></testcase>
		<testcase name="TestEnumToIInvalid" classname="kaitai/spec" time="0.000"></testcase>
		<testcase name="TestEnumToI" classname="kaitai/spec" time="0.010"></testcase>
		<testcase name="TestEofExceptionBytes" classname="kaitai/spec" time="0.000"></testcase>
		<testcase name="TestEofExceptionSized" classname="kaitai/spec" time="0.000"></testcase>
		<testcase name="TestEofExceptionU4" classname="kaitai/spec" time="0.000"></testcase>
		<testcase name="TestEosExceptionBytes" classname="kaitai/spec" time="0.000"></testcase>
		<testcase name="TestEosExceptionSized" classname="kaitai/spec" time="0.000"></testcase>
		<testcase name="TestEosExceptionU4" classname="kaitai/spec" time="0.000"></testcase>
		<testcase name="TestExpr0" classname="kaitai/spec" time="0.000"></testcase>
		<testcase name="TestExpr1" classname="kaitai/spec" time="0.000"></testcase>
		<testcase name="TestExpr2" classname="kaitai/spec" time="0.000"></testcase>
		<testcase name="TestExpr3" classname="kaitai/spec" time="0.000"></testcase>
		<testcase name="TestExprArray" classname="kaitai/spec" time="0.000"></testcase>
		<testcase name="TestExprBits" classname="kaitai/spec" time="0.000"></testcase>
		<testcase name="TestExprBytesCmp" classname="kaitai/spec" time="0.000"></testcase>
		<testcase name="TestExprBytesNonLiteral" classname="kaitai/spec" time="0.000"></testcase>
		<testcase name="TestExprBytesOps" classname="kaitai/spec" time="0.000"></testcase>
		<testcase name="TestExprCalcArrayOps" classname="kaitai/spec" time="0.000"></testcase>
		<testcase name="TestExprEnum" classname="kaitai/spec" time="0.000"></testcase>
		<testcase name="TestExprFstring0" classname="kaitai/spec" time="0.000"></testcase>
		<testcase name="TestExprIntDiv" classname="kaitai/spec" time="0.000">
			<failure message="Failed"><![CDATA[    expr_int_div_test.go:43: 
        	Error Trace:	/tests/spec/go/expr_int_div_test.go:43
        	Error:      	Not equal: 
        	            	expected: -757
        	            	actual  : -756
        	Test:       	TestExprIntDiv
    expr_int_div_test.go:53: 
        	Error Trace:	/tests/spec/go/expr_int_div_test.go:53
        	Error:      	Not equal: 
        	            	expected: -4073
        	            	actual  : -4072
        	Test:       	TestExprIntDiv]]></failure>
		</testcase>
		<testcase name="TestExprIoEof" classname="kaitai/spec" time="0.000">
			<failure message="Failed"><![CDATA[    expr_io_eof_test.go:33: 
        	Error Trace:	/tests/spec/go/expr_io_eof_test.go:33
        	Error:      	Expected nil, but got: 0x0
        	Test:       	TestExprIoEof]]></failure>
		</testcase>
		<testcase name="TestExprIoPos" classname="kaitai/spec" time="0.000"></testcase>
		<testcase name="TestExprMod" classname="kaitai/spec" time="0.000"></testcase>
		<testcase name="TestExprSizeofType0" classname="kaitai/spec" time="0.000"></testcase>
		<testcase name="TestExprSizeofType1" classname="kaitai/spec" time="0.000"></testcase>
		<testcase name="TestExprSizeofValue0" classname="kaitai/spec" time="0.000"></testcase>
		<testcase name="TestExprSizeofValueSized" classname="kaitai/spec" time="0.000"></testcase>
		<testcase name="TestExprStrEncodings" classname="kaitai/spec" time="0.000"></testcase>
		<testcase name="TestExprStrOps" classname="kaitai/spec" time="0.000"></testcase>
		<testcase name="TestFixedContents" classname="kaitai/spec" time="0.000"></testcase>
		<testcase name="TestFixedStruct" classname="kaitai/spec" time="0.000"></testcase>
		<testcase name="TestFloatToI" classname="kaitai/spec" time="0.000"></testcase>
		<testcase name="TestFloatingPoints" classname="kaitai/spec" time="0.000"></testcase>
		<testcase name="TestHelloWorld" classname="kaitai/spec" time="0.000"></testcase>
		<testcase name="TestIfInstances" classname="kaitai/spec" time="0.000">
			<failure message="Failed"><![CDATA[    if_instances_test.go:36: 
        	Error Trace:	/tests/spec/go/if_instances_test.go:36
        	Error:      	Expected nil, but got: 0x0
        	Test:       	TestIfInstances]]></failure>
		</testcase>
		<testcase name="TestIfStruct" classname="kaitai/spec" time="0.000"></testcase>
		<testcase name="TestIfValues" classname="kaitai/spec" time="0.000">
			<failure message="Failed"><![CDATA[    if_values_test.go:43: 
        	Error Trace:	/tests/spec/go/if_values_test.go:43
        	Error:      	Expected nil, but got: 0
        	Test:       	TestIfValues
    if_values_test.go:49: 
        	Error Trace:	/tests/spec/go/if_values_test.go:49
        	Error:      	Expected nil, but got: 0
        	Test:       	TestIfValues]]></failure>
		</testcase>
		<testcase name="TestImports0" classname="kaitai/spec" time="0.000"></testcase>
		<testcase name="TestImportsAbsAbs" classname="kaitai/spec" time="0.000"></testcase>
		<testcase name="TestImportsAbsRel" classname="kaitai/spec" time="0.000"></testcase>
		<testcase name="TestImportsCastToImported2" classname="kaitai/spec" time="0.000"></testcase>
		<testcase name="TestImportsCastToImported" classname="kaitai/spec" time="0.000"></testcase>
		<testcase name="TestImportsCircularA" classname="kaitai/spec" time="0.000"></testcase>
		<testcase name="TestImportsParamsDefArrayUsertypeImported" classname="kaitai/spec" time="0.000"></testcase>
		<testcase name="TestImportsParamsDefEnumImported" classname="kaitai/spec" time="0.000"></testcase>
		<testcase name="TestImportsParamsDefUsertypeImported" classname="kaitai/spec" time="0.000"></testcase>
		<testcase name="TestImportsRel1" classname="kaitai/spec" time="0.000"></testcase>
		<testcase name="TestIndexSizes" classname="kaitai/spec" time="0.000"></testcase>
		<testcase name="TestInstanceIoUser" classname="kaitai/spec" time="0.000"></testcase>
		<testcase name="TestInstanceStdArray" classname="kaitai/spec" time="0.000"></testcase>
		<testcase name="TestInstanceStd" classname="kaitai/spec" time="0.000"></testcase>
		<testcase name="TestInstanceUserArray" classname="kaitai/spec" time="0.000"></testcase>
		<testcase name="TestIntegersDoubleOverflow" classname="kaitai/spec" time="0.000"></testcase>
		<testcase name="TestIntegersMinMax" classname="kaitai/spec" time="0.000"></testcase>
		<testcase name="TestIntegers" classname="kaitai/spec" time="0.000"></testcase>
		<testcase name="TestIoLocalVar" classname="kaitai/spec" time="0.000"></testcase>
		<testcase name="TestJsSignedRightShift" classname="kaitai/spec" time="0.000"></testcase>
		<testcase name="TestMetaTags" classname="kaitai/spec" time="0.000"></testcase>
		<testcase name="TestMetaXref" classname="kaitai/spec" time="0.000"></testcase>
		<testcase name="TestMultipleUse" classname="kaitai/spec" time="0.000"></testcase>
		<testcase name="TestNameClashImportVsInst" classname="kaitai/spec" time="0.000"></testcase>
		<testcase name="TestNavParent2" classname="kaitai/spec" time="0.000"></testcase>
		<testcase name="TestNavParent3" classname="kaitai/spec" time="0.000"></testcase>
		<testcase name="TestNavParentFalse2" classname="kaitai/spec" time="0.000"></testcase>
		<testcase name="TestNavParentFalse" classname="kaitai/spec" time="0.010"></testcase>
		<testcase name="TestNavParentOverride" classname="kaitai/spec" time="0.000"></testcase>
		<testcase name="TestNavParentRecursive" classname="kaitai/spec" time="0.000"></testcase>
		<testcase name="TestNavParentSwitch" classname="kaitai/spec" time="0.000"></testcase>
		<testcase name="TestNavParent" classname="kaitai/spec" time="0.000"></testcase>
		<testcase name="TestNavParentVsValueInst" classname="kaitai/spec" time="0.000"></testcase>
		<testcase name="TestNavRootRecursive" classname="kaitai/spec" time="0.000"></testcase>
		<testcase name="TestNavRoot" classname="kaitai/spec" time="0.000"></testcase>
		<testcase name="TestNestedSameName2" classname="kaitai/spec" time="0.000"></testcase>
		<testcase name="TestNestedSameName" classname="kaitai/spec" time="0.000"></testcase>
		<testcase name="TestNestedTypeParam" classname="kaitai/spec" time="0.000"></testcase>
		<testcase name="TestNestedTypes2" classname="kaitai/spec" time="0.000"></testcase>
		<testcase name="TestNestedTypes3" classname="kaitai/spec" time="0.000"></testcase>
		<testcase name="TestNestedTypes" classname="kaitai/spec" time="0.000"></testcase>
		<testcase name="TestNonStandard" classname="kaitai/spec" time="0.000"></testcase>
		<testcase name="TestOpaqueExternalType02Parent" classname="kaitai/spec" time="0.000">
			<failure message="Failed"><![CDATA[goroutine 154 [running]:
runtime/debug.Stack()
	/usr/local/go/src/runtime/debug/stack.go:26 +0x5e
runtime/debug.PrintStack()
	/usr/local/go/src/runtime/debug/stack.go:18 +0x13
kaitai/spec.TestOpaqueExternalType02Parent.func1()
	/tests/spec/go/opaque_external_type_02_parent_test.go:15 +0x39
panic({0x6ab2c0?, 0x98d2a0?})
	/usr/local/go/src/runtime/panic.go:783 +0x132
test_formats.(*OpaqueExternalType02Child).SomeMethod(...)
	/tests/compiled/go/src/test_formats/opaque_external_type_02_child.go:50
test_formats.(*OpaqueExternalType02Child_OpaqueExternalType02ChildChild).Read(0xc00022f4a0?, 0xc0002304f0?, 0x3?, 0x705c20?)
	/tests/compiled/go/src/test_formats/opaque_external_type_02_child.go:77 +0x51
test_formats.(*OpaqueExternalType02Child).Read(0xc000203310, 0xc000046688?, {0x0?, 0x0?}, 0x6ead00?)
	/tests/compiled/go/src/test_formats/opaque_external_type_02_child.go:42 +0x134
test_formats.(*OpaqueExternalType02Parent_ParentObj).Read(0xc00019fb00, 0x418aa5?, 0x28?, 0x6eade0?)
	/tests/compiled/go/src/test_formats/opaque_external_type_02_parent.go:56 +0x7e
test_formats.(*OpaqueExternalType02Parent).Read(0xc00022f4d0, 0x17?, {0x787a00?, 0xc00022f4d0?}, 0x7e7d88?)
	/tests/compiled/go/src/test_formats/opaque_external_type_02_parent.go:28 +0x88
kaitai/spec.TestOpaqueExternalType02Parent(0xc0002336c0)
	/tests/spec/go/opaque_external_type_02_parent_test.go:25 +0x10e
testing.tRunner(0xc0002336c0, 0x73b888)
	/usr/local/go/src/testing/testing.go:1934 +0xea
created by testing.(*T).Run in goroutine 1
	/usr/local/go/src/testing/testing.go:1997 +0x465
    opaque_external_type_02_parent_test.go:16: unexpected panic: runtime error: invalid memory address or nil pointer dereference]]></failure>
		</testcase>
		<testcase name="TestOpaqueExternalType" classname="kaitai/spec" time="0.000"></testcase>
		<testcase name="TestOpaqueWithParam" classname="kaitai/spec" time="0.000"></testcase>
		<testcase name="TestParamsCallExtraParens" classname="kaitai/spec" time="0.000"></testcase>
		<testcase name="TestParamsCall" classname="kaitai/spec" time="0.000"></testcase>
		<testcase name="TestParamsDef" classname="kaitai/spec" time="0.000"></testcase>
		<testcase name="TestParamsEnum" classname="kaitai/spec" time="0.000"></testcase>
		<testcase name="TestParamsPassArrayInt" classname="kaitai/spec" time="0.000"></testcase>
		<testcase name="TestParamsPassArrayStr" classname="kaitai/spec" time="0.000"></testcase>
		<testcase name="TestParamsPassArrayStruct" classname="kaitai/spec" time="0.000"></testcase>
		<testcase name="TestParamsPassArrayUsertype" classname="kaitai/spec" time="0.000"></testcase>
		<testcase name="TestParamsPassBool" classname="kaitai/spec" time="0.000"></testcase>
		<testcase name="TestParamsPassStruct" classname="kaitai/spec" time="0.000"></testcase>
		<testcase name="TestParamsPassUsertype" classname="kaitai/spec" time="0.000"></testcase>
		<testcase name="TestPositionAbs" classname="kaitai/spec" time="0.000"></testcase>
		<testcase name="TestPositionInSeq" classname="kaitai/spec" time="0.000">
			<failure message="Failed"><![CDATA[    position_in_seq_test.go:32: 
        	Error Trace:	/tests/spec/go/position_in_seq_test.go:32
        	Error:      	Not equal: 
        	            	expected: []int([]int{1, 2, 3})
        	            	actual  : []uint8([]byte{0x1, 0x2, 0x3})
        	Test:       	TestPositionInSeq]]></failure>
		</testcase>
		<testcase name="TestPositionToEnd" classname="kaitai/spec" time="0.000"></testcase>
		<testcase name="TestProcessCoerceBytes" classname="kaitai/spec" time="0.000"></testcase>
		<testcase name="TestProcessCoerceSwitch" classname="kaitai/spec" time="0.000"></testcase>
		<testcase name="TestProcessCoerceUsertype1" classname="kaitai/spec" time="0.000"></testcase>
		<testcase name="TestProcessCoerceUsertype2" classname="kaitai/spec" time="0.000"></testcase>
		<testcase name="TestProcessCustomNoArgs" classname="kaitai/spec" time="0.000">
			<failure message="Failed"><![CDATA[    process_custom_no_args_test.go:32: 
        	Error Trace:	/tests/spec/go/process_custom_no_args_test.go:32
        	Error:      	Not equal: 
        	            	expected: []byte{0x5f, 0x9, 0xac, 0x8d, 0x8d, 0xed, 0x5f}
        	            	actual  : []byte{0x9, 0xac, 0x8d, 0x8d, 0xed}
        	            	
        	            	Diff:
        	            	--- Expected
        	            	+++ Actual
        	            	@@ -1,3 +1,3 @@
        	            	-([]uint8) (len=7) {
        	            	- 00000000  5f 09 ac 8d 8d ed 5f                              |_....._|
        	            	+([]uint8) (len=5) {
        	            	+ 00000000  09 ac 8d 8d ed                                    |.....|
        	            	 }
        	Test:       	TestProcessCustomNoArgs]]></failure>
		</testcase>
		<testcase name="TestProcessCustom" classname="kaitai/spec" time="0.000">
			<failure message="Failed"><![CDATA[    process_custom_test.go:32: 
        	Error Trace:	/tests/spec/go/process_custom_test.go:32
        	Error:      	Not equal: 
        	            	expected: []byte{0x10, 0xb3, 0x94, 0x94, 0xf4}
        	            	actual  : []byte{0x9, 0xac, 0x8d, 0x8d, 0xed}
        	            	
        	            	Diff:
        	            	--- Expected
        	            	+++ Actual
        	            	@@ -1,3 +1,3 @@
        	            	 ([]uint8) (len=5) {
        	            	- 00000000  10 b3 94 94 f4                                    |.....|
        	            	+ 00000000  09 ac 8d 8d ed                                    |.....|
        	            	 }
        	Test:       	TestProcessCustom
    process_custom_test.go:33: 
        	Error Trace:	/tests/spec/go/process_custom_test.go:33
        	Error:      	Not equal: 
        	            	expected: []byte{0x5f, 0xba, 0x7b, 0x93, 0x63, 0x23, 0x5f}
        	            	actual  : []byte{0xba, 0x7b, 0x93, 0x63, 0x23}
        	            	
        	            	Diff:
        	            	--- Expected
        	            	+++ Actual
        	            	@@ -1,3 +1,3 @@
        	            	-([]uint8) (len=7) {
        	            	- 00000000  5f ba 7b 93 63 23 5f                              |_.{.c#_|
        	            	+([]uint8) (len=5) {
        	            	+ 00000000  ba 7b 93 63 23                                    |.{.c#|
        	            	 }
        	Test:       	TestProcessCustom
    process_custom_test.go:34: 
        	Error Trace:	/tests/spec/go/process_custom_test.go:34
        	Error:      	Not equal: 
        	            	expected: []byte{0x29, 0x33, 0xb1, 0x38, 0xb1}
        	            	actual  : []byte{0x2a, 0x34, 0xb2, 0x39, 0xb2}
        	            	
        	            	Diff:
        	            	--- Expected
        	            	+++ Actual
        	            	@@ -1,3 +1,3 @@
        	            	 ([]uint8) (len=5) {
        	            	- 00000000  29 33 b1 38 b1                                    |)3.8.|
        	            	+ 00000000  2a 34 b2 39 b2                                    |*4.9.|
        	            	 }
        	Test:       	TestProcessCustom]]></failure>
		</testcase>
		<testcase name="TestProcessRepeatBytes" classname="kaitai/spec" time="0.000"></testcase>
		<testcase name="TestProcessRepeatUsertype" classname="kaitai/spec" time="0.000"></testcase>
		<testcase name="TestProcessRotate" classname="kaitai/spec" time="0.000"></testcase>
		<testcase name="TestProcessToUser" classname="kaitai/spec" time="0.000"></testcase>
		<testcase name="TestProcessXor4Const" classname="kaitai/spec" time="0.000"></testcase>
		<testcase name="TestProcessXor4Value" classname="kaitai/spec" time="0.000"></testcase>
		<testcase name="TestProcessXorConst" classname="kaitai/spec" time="0.000"></testcase>
		<testcase name="TestProcessXorValue" classname="kaitai/spec" time="0.000"></testcase>
		<testcase name="TestRecursiveOne" classname="kaitai/spec" time="0.000"></testcase>
		<testcase name="TestRepeatEosBit" classname="kaitai/spec" time="0.000"></testcase>
		<testcase name="TestRepeatEosStruct" classname="kaitai/spec" time="0.000"></testcase>
		<testcase name="TestRepeatEosU4" classname="kaitai/spec" time="0.000">
			<failure message="Failed"><![CDATA[    repeat_eos_u4_test.go:32: 
        	Error Trace:	/tests/spec/go/repeat_eos_u4_test.go:32
        	Error:      	Not equal: 
        	            	expected: []int([]int{0, 66, 66, 2069})
        	            	actual  : []uint32([]uint32{0x0, 0x42, 0x42, 0x815})
        	Test:       	TestRepeatEosU4]]></failure>
		</testcase>
		<testcase name="TestRepeatNStruct" classname="kaitai/spec" time="0.000"></testcase>
		<testcase name="TestRepeatNStrzDouble" classname="kaitai/spec" time="0.000"></testcase>
		<testcase name="TestRepeatNStrz" classname="kaitai/spec" time="0.000"></testcase>
		<testcase name="TestRepeatUntilCalcArrayType" classname="kaitai/spec" time="0.000"></testcase>
		<testcase name="TestRepeatUntilComplex" classname="kaitai/spec" time="0.000">
			<failure message="Failed"><![CDATA[    repeat_until_complex_test.go:34: 
        	Error Trace:	/tests/spec/go/repeat_until_complex_test.go:34
        	Error:      	Not equal: 
        	            	expected: []int([]int{1, 2, 3, 4})
        	            	actual  : []uint8([]byte{0x1, 0x2, 0x3, 0x4})
        	Test:       	TestRepeatUntilComplex
    repeat_until_complex_test.go:36: 
        	Error Trace:	/tests/spec/go/repeat_until_complex_test.go:36
        	Error:      	Not equal: 
        	            	expected: []int([]int{1, 2})
        	            	actual  : []uint8([]byte{0x1, 0x2})
        	Test:       	TestRepeatUntilComplex
    repeat_until_complex_test.go:40: 
        	Error Trace:	/tests/spec/go/repeat_until_complex_test.go:40
        	Error:      	Not equal: 
        	            	expected: []int([]int{1, 2, 3, 4, 5, 6})
        	            	actual  : []uint16([]uint16{0x1, 0x2, 0x3, 0x4, 0x5, 0x6})
        	Test:       	TestRepeatUntilComplex
    repeat_until_complex_test.go:42: 
        	Error Trace:	/tests/spec/go/repeat_until_complex_test.go:42
        	Error:      	Not equal: 
        	            	expected: []int([]int{1, 2, 3})
        	            	actual  : []uint16([]uint16{0x1, 0x2, 0x3})
        	Test:       	TestRepeatUntilComplex
    repeat_until_complex_test.go:44: 
        	Error Trace:	/tests/spec/go/repeat_until_complex_test.go:44
        	Error:      	Not equal: 
        	            	expected: []int([]int{1, 2, 3, 4})
        	            	actual  : []uint16([]uint16{0x1, 0x2, 0x3, 0x4})
        	Test:       	TestRepeatUntilComplex
    repeat_until_complex_test.go:46: 
        	Error Trace:	/tests/spec/go/repeat_until_complex_test.go:46
        	Error:      	Not equal: 
        	            	expected: []int([]int{102, 111, 111, 98, 97, 114, 0})
        	            	actual  : []uint8([]byte{0x66, 0x6f, 0x6f, 0x62, 0x61, 0x72, 0x0})
        	Test:       	TestRepeatUntilComplex]]></failure>
		</testcase>
		<testcase name="TestRepeatUntilS4" classname="kaitai/spec" time="0.000">
			<failure message="Failed"><![CDATA[    repeat_until_s4_test.go:32: 
        	Error Trace:	/tests/spec/go/repeat_until_s4_test.go:32
        	Error:      	Not equal: 
        	            	expected: []int([]int{66, 4919, -251658241, -1})
        	            	actual  : []int32([]int32{66, 4919, -251658241, -1})
        	Test:       	TestRepeatUntilS4]]></failure>
		</testcase>
		<testcase name="TestRepeatUntilSized" classname="kaitai/spec" time="0.000"></testcase>
		<testcase name="TestStrEncodingsDefault" classname="kaitai/spec" time="0.000"></testcase>
		<testcase name="TestStrEncodings" classname="kaitai/spec" time="0.000"></testcase>
		<testcase name="TestStrEncodingsUtf16" classname="kaitai/spec" time="0.000"></testcase>
		<testcase name="TestStrEos" classname="kaitai/spec" time="0.000"></testcase>
		<testcase name="TestStrLiterals2" classname="kaitai/spec" time="0.000"></testcase>
		<testcase name="TestStrLiteralsLatin1" classname="kaitai/spec" time="0.000">
			<failure message="Failed"><![CDATA[    str_literals_latin1_test.go:36: 
        	Error Trace:	/tests/spec/go/str_literals_latin1_test.go:36
        	Error:      	Not equal: 
        	            	expected: true
        	            	actual  : false
        	Test:       	TestStrLiteralsLatin1]]></failure>
		</testcase>
		<testcase name="TestStrLiterals" classname="kaitai/spec" time="0.000"></testcase>
		<testcase name="TestStrPadTermEmpty" classname="kaitai/spec" time="0.000"></testcase>
		<testcase name="TestStrPadTerm" classname="kaitai/spec" time="0.000"></testcase>
		<testcase name="TestStrPadTermUtf16" classname="kaitai/spec" time="0.000"></testcase>
		<testcase name="TestSwitchBytearray" classname="kaitai/spec" time="0.000"></testcase>
		<testcase name="TestSwitchElseOnly" classname="kaitai/spec" time="0.000"></testcase>
		<testcase name="TestSwitchIntegers2" classname="kaitai/spec" time="0.000"></testcase>
		<testcase name="TestSwitchIntegers" classname="kaitai/spec" time="0.000"></testcase>
		<testcase name="TestSwitchManualEnumInvalidElse" classname="kaitai/spec" time="0.000"></testcase>
		<testcase name="TestSwitchManualEnumInvalid" classname="kaitai/spec" time="0.000"></testcase>
		<testcase name="TestSwitchManualEnum" classname="kaitai/spec" time="0.000"></testcase>
		<testcase name="TestSwitchManualIntElse" classname="kaitai/spec" time="0.000"></testcase>
		<testcase name="TestSwitchManualIntSizeElse" classname="kaitai/spec" time="0.000"></testcase>
		<testcase name="TestSwitchManualIntSizeEos" classname="kaitai/spec" time="0.000">
			<failure message="Failed"><![CDATA[goroutine 215 [running]:
runtime/debug.Stack()
	/usr/local/go/src/runtime/debug/stack.go:26 +0x5e
runtime/debug.PrintStack()
	/usr/local/go/src/runtime/debug/stack.go:18 +0x13
kaitai/spec.TestSwitchManualIntSizeEos.func1()
	/tests/spec/go/switch_manual_int_size_eos_test.go:17 +0x39
panic({0x6ad400?, 0xc00028db30?})
	/usr/local/go/src/runtime/panic.go:783 +0x132
kaitai/spec.TestSwitchManualIntSizeEos(0xc0002d0380)
	/tests/spec/go/switch_manual_int_size_eos_test.go:38 +0x69e
testing.tRunner(0xc0002d0380, 0x73ba78)
	/usr/local/go/src/testing/testing.go:1934 +0xea
created by testing.(*T).Run in goroutine 1
	/usr/local/go/src/testing/testing.go:1997 +0x465
    switch_manual_int_size_eos_test.go:18: unexpected panic: interface conversion: interface {} is nil, not []uint8]]></failure>
		</testcase>
		<testcase name="TestSwitchManualIntSize" classname="kaitai/spec" time="0.000">
			<failure message="Failed"><![CDATA[goroutine 216 [running]:
runtime/debug.Stack()
	/usr/local/go/src/runtime/debug/stack.go:26 +0x5e
runtime/debug.PrintStack()
	/usr/local/go/src/runtime/debug/stack.go:18 +0x13
kaitai/spec.TestSwitchManualIntSize.func1()
	/tests/spec/go/switch_manual_int_size_test.go:17 +0x39
panic({0x6ad400?, 0xc00028dd70?})
	/usr/local/go/src/runtime/panic.go:783 +0x132
kaitai/spec.TestSwitchManualIntSize(0xc0002d0540)
	/tests/spec/go/switch_manual_int_size_test.go:38 +0x691
testing.tRunner(0xc0002d0540, 0x73ba68)
	/usr/local/go/src/testing/testing.go:1934 +0xea
created by testing.(*T).Run in goroutine 1
	/usr/local/go/src/testing/testing.go:1997 +0x465
    switch_manual_int_size_test.go:18: unexpected panic: interface conversion: interface {} is nil, not []uint8]]></failure>
		</testcase>
		<testcase name="TestSwitchManualInt" classname="kaitai/spec" time="0.000"></testcase>
		<testcase name="TestSwitchManualStrElse" classname="kaitai/spec" time="0.000"></testcase>
		<testcase name="TestSwitchManualStr" classname="kaitai/spec" time="0.000"></testcase>
		<testcase name="TestSwitchMultiBoolOps" classname="kaitai/spec" time="0.000"></testcase>
		<testcase name="TestSwitchRepeatExprInvalid" classname="kaitai/spec" time="0.000">
			<failure message="Failed"><![CDATA[goroutine 221 [running]:
runtime/debug.Stack()
	/usr/local/go/src/runtime/debug/stack.go:26 +0x5e
runtime/debug.PrintStack()
	/usr/local/go/src/runtime/debug/stack.go:18 +0x13
kaitai/spec.TestSwitchRepeatExprInvalid.func1()
	/tests/spec/go/switch_repeat_expr_invalid_test.go:17 +0x39
panic({0x6f0640?, 0xc0001b4a20?})
	/usr/local/go/src/runtime/panic.go:783 +0x132
kaitai/spec.TestSwitchRepeatExprInvalid(0xc0002d0e00)
	/tests/spec/go/switch_repeat_expr_invalid_test.go:33 +0x2ef
testing.tRunner(0xc0002d0e00, 0x73baa0)
	/usr/local/go/src/testing/testing.go:1934 +0xea
created by testing.(*T).Run in goroutine 1
	/usr/local/go/src/testing/testing.go:1997 +0x465
    switch_repeat_expr_invalid_test.go:18: unexpected panic: runtime error: index out of range [0] with length 0]]></failure>
		</testcase>
		<testcase name="TestSwitchRepeatExpr" classname="kaitai/spec" time="0.000"></testcase>
		<testcase name="TestTermBytes" classname="kaitai/spec" time="0.000"></testcase>
		<testcase name="TestTermStrz" classname="kaitai/spec" time="0.000"></testcase>
		<testcase name="TestTermStrzUtf16V1" classname="kaitai/spec" time="0.000"></testcase>
		<testcase name="TestTermStrzUtf16V2" classname="kaitai/spec" time="0.000"></testcase>
		<testcase name="TestTermStrzUtf16V3" classname="kaitai/spec" time="0.000"></testcase>
		<testcase name="TestTermStrzUtf16V4" classname="kaitai/spec" time="0.000"></testcase>
		<testcase name="TestTermU1Val" classname="kaitai/spec" time="0.000"></testcase>
		<testcase name="TestToStringCustom" classname="kaitai/spec" time="0.000"></testcase>
		<testcase name="TestTsPacketHeader" classname="kaitai/spec" time="0.000"></testcase>
		<testcase name="TestTypeIntUnaryOp" classname="kaitai/spec" time="0.000"></testcase>
		<testcase name="TestTypeTernary2ndFalsy" classname="kaitai/spec" time="0.000"></testcase>
		<testcase name="TestTypeTernaryOpaque" classname="kaitai/spec" time="0.000"></testcase>
		<testcase name="TestTypeTernary" classname="kaitai/spec" time="0.000"></testcase>
		<testcase name="TestUserType" classname="kaitai/spec" time="0.000"></testcase>
		<testcase name="TestValidEqStrEncodings" classname="kaitai/spec" time="0.000"></testcase>
		<testcase name="TestValidFailAnyofInt" classname="kaitai/spec" time="0.000"></testcase>
		<testcase name="TestValidFailContentsInst" classname="kaitai/spec" time="0.000"></testcase>
		<testcase name="TestValidFailContents" classname="kaitai/spec" time="0.000"></testcase>
		<testcase name="TestValidFailEqBytes" classname="kaitai/spec" time="0.000"></testcase>
		<testcase name="TestValidFailEqInt" classname="kaitai/spec" time="0.000"></testcase>
		<testcase name="TestValidFailEqStr" classname="kaitai/spec" time="0.000"></testcase>
		<testcase name="TestValidFailExpr" classname="kaitai/spec" time="0.000"></testcase>
		<testcase name="TestValidFailInEnum" classname="kaitai/spec" time="0.000"></testcase>
		<testcase name="TestValidFailInst" classname="kaitai/spec" time="0.000"></testcase>
		<testcase name="TestValidFailMaxInt" classname="kaitai/spec" time="0.000"></testcase>
		<testcase name="TestValidFailMinInt" classname="kaitai/spec" time="0.000"></testcase>
		<testcase name="TestValidFailRangeBytes" classname="kaitai/spec" time="0.000"></testcase>
		<testcase name="TestValidFailRangeFloat" classname="kaitai/spec" time="0.000"></testcase>
		<testcase name="TestValidFailRangeInt" classname="kaitai/spec" time="0.000"></testcase>
		<testcase name="TestValidFailRangeStr" classname="kaitai/spec" time="0.000"></testcase>
		<testcase name="TestValidFailRepeatAnyofInt" classname="kaitai/spec" time="0.000"></testcase>
		<testcase name="TestValidFailRepeatContents" classname="kaitai/spec" time="0.000"></testcase>
		<testcase name="TestValidFailRepeatEqInt" classname="kaitai/spec" time="0.000"></testcase>
		<testcase name="TestValidFailRepeatExpr" classname="kaitai/spec" time="0.000"></testcase>
		<testcase name="TestValidFailRepeatInst" classname="kaitai/spec" time="0.000"></testcase>
		<testcase name="TestValidFailRepeatMaxInt" classname="kaitai/spec" time="0.000"></testcase>
		<testcase name="TestValidFailRepeatMinInt" classname="kaitai/spec" time="0.000"></testcase>
		<testcase name="TestValidLong" classname="kaitai/spec" time="0.000"></testcase>
		<testcase name="TestValidNotParsedIf" classname="kaitai/spec" time="0.000"></testcase>
		<testcase name="TestValidOptionalId" classname="kaitai/spec" time="0.000"></testcase>
		<testcase name="TestValidShort" classname="kaitai/spec" time="0.000"></testcase>
		<testcase name="TestZlibSurrounded" classname="kaitai/spec" time="0.000"></testcase>
		<testcase name="TestZlibWithHeader78" classname="kaitai/spec" time="0.000"></testcase>
	</testsuite>
</testsuites>
