=== RUN   TestBcdUserTypeBe
--- PASS: TestBcdUserTypeBe (0.00s)
=== RUN   TestBcdUserTypeLe
--- PASS: TestBcdUserTypeLe (0.00s)
=== RUN   TestBitsByteAligned
--- PASS: TestBitsByteAligned (0.00s)
=== RUN   TestBitsEnum
--- PASS: TestBitsEnum (0.00s)
=== RUN   TestBitsSeqEndianCombo
--- PASS: TestBitsSeqEndianCombo (0.00s)
=== RUN   TestBitsSimpleLe
--- PASS: TestBitsSimpleLe (0.00s)
=== RUN   TestBitsSimple
--- PASS: TestBitsSimple (0.00s)
=== RUN   TestBufferedStruct
--- PASS: TestBufferedStruct (0.00s)
=== RUN   TestBytesPadTerm
--- PASS: TestBytesPadTerm (0.00s)
=== RUN   TestCombineBool
--- PASS: TestCombineBool (0.00s)
=== RUN   TestCombineBytes
--- PASS: TestCombineBytes (0.00s)
=== RUN   TestCombineEnum
--- PASS: TestCombineEnum (0.00s)
=== RUN   TestCombineStr
--- PASS: TestCombineStr (0.00s)
=== RUN   TestDebugArrayUser
--- PASS: TestDebugArrayUser (0.00s)
=== RUN   TestDefaultBigEndian
--- PASS: TestDefaultBigEndian (0.00s)
=== RUN   TestDefaultBitEndianMod
--- PASS: TestDefaultBitEndianMod (0.00s)
=== RUN   TestDefaultEndianExprException
--- PASS: TestDefaultEndianExprException (0.00s)
=== RUN   TestDefaultEndianExprInherited
--- PASS: TestDefaultEndianExprInherited (0.00s)
=== RUN   TestDefaultEndianExprIsBe
--- PASS: TestDefaultEndianExprIsBe (0.00s)
=== RUN   TestDefaultEndianExprIsLe
--- PASS: TestDefaultEndianExprIsLe (0.00s)
=== RUN   TestDefaultEndianMod
--- PASS: TestDefaultEndianMod (0.00s)
=== RUN   TestDocstringsDocrefMulti
--- PASS: TestDocstringsDocrefMulti (0.00s)
=== RUN   TestDocstringsDocref
--- PASS: TestDocstringsDocref (0.00s)
=== RUN   TestDocstrings
--- PASS: TestDocstrings (0.00s)
=== RUN   TestEnum0
--- PASS: TestEnum0 (0.00s)
=== RUN   TestEnum1
--- PASS: TestEnum1 (0.00s)
=== RUN   TestEnumDeepLiterals
--- PASS: TestEnumDeepLiterals (0.00s)
=== RUN   TestEnumDeep
--- PASS: TestEnumDeep (0.00s)
=== RUN   TestEnumFancy
--- PASS: TestEnumFancy (0.00s)
=== RUN   TestEnumIf
--- PASS: TestEnumIf (0.00s)
=== RUN   TestEnumImport
--- PASS: TestEnumImport (0.00s)
=== RUN   TestEnumIntRangeS
--- PASS: TestEnumIntRangeS (0.00s)
=== RUN   TestEnumIntRangeU
--- PASS: TestEnumIntRangeU (0.00s)
=== RUN   TestEnumInvalid
--- PASS: TestEnumInvalid (0.00s)
=== RUN   TestEnumLongRangeS
--- PASS: TestEnumLongRangeS (0.00s)
=== RUN   TestEnumLongRangeU
--- PASS: TestEnumLongRangeU (0.00s)
=== RUN   TestEnumNegative
--- PASS: TestEnumNegative (0.00s)
=== RUN   TestEnumOfValueInst
--- PASS: TestEnumOfValueInst (0.00s)
=== RUN   TestEnumToIClassBorder1
--- PASS: TestEnumToIClassBorder1 (0.00s)
=== RUN   TestEnumToI
--- PASS: TestEnumToI (0.00s)
=== RUN   TestEofExceptionBytes
--- FAIL: TestEofExceptionBytes (0.00s)
    eof_exception_bytes_test.go:31: expected kaitai.EndOfStreamError, got *errors.errorString
=== RUN   TestEofExceptionU4
--- FAIL: TestEofExceptionU4 (0.00s)
    eof_exception_u4_test.go:31: expected kaitai.EndOfStreamError, got <nil>
=== RUN   TestEosExceptionBytes
--- FAIL: TestEosExceptionBytes (0.00s)
    eos_exception_bytes_test.go:31: expected kaitai.EndOfStreamError, got *errors.errorString
=== RUN   TestEosExceptionU4
--- FAIL: TestEosExceptionU4 (0.00s)
    eos_exception_u4_test.go:31: expected kaitai.EndOfStreamError, got <nil>
=== RUN   TestExpr0
--- PASS: TestExpr0 (0.00s)
=== RUN   TestExpr1
--- PASS: TestExpr1 (0.00s)
=== RUN   TestExpr2
--- PASS: TestExpr2 (0.00s)
=== RUN   TestExpr3
--- PASS: TestExpr3 (0.00s)
=== RUN   TestExprArray
--- PASS: TestExprArray (0.00s)
=== RUN   TestExprBits
--- PASS: TestExprBits (0.00s)
=== RUN   TestExprBytesCmp
--- PASS: TestExprBytesCmp (0.00s)
=== RUN   TestExprBytesOps
--- PASS: TestExprBytesOps (0.00s)
=== RUN   TestExprCalcArrayOps
--- PASS: TestExprCalcArrayOps (0.00s)
=== RUN   TestExprEnum
--- PASS: TestExprEnum (0.00s)
=== RUN   TestExprIfIntOps
--- PASS: TestExprIfIntOps (0.00s)
=== RUN   TestExprIntDiv
--- FAIL: TestExprIntDiv (0.00s)
    expr_int_div_test.go:43: 
        	Error Trace:	expr_int_div_test.go:43
        	Error:      	Not equal: 
        	            	expected: -757
        	            	actual  : -756
        	Test:       	TestExprIntDiv
    expr_int_div_test.go:53: 
        	Error Trace:	expr_int_div_test.go:53
        	Error:      	Not equal: 
        	            	expected: -4073
        	            	actual  : -4072
        	Test:       	TestExprIntDiv
=== RUN   TestExprIoEof
--- FAIL: TestExprIoEof (0.00s)
    expr_io_eof_test.go:33: 
        	Error Trace:	expr_io_eof_test.go:33
        	Error:      	Expected nil, but got: 0x0
        	Test:       	TestExprIoEof
=== RUN   TestExprIoPos
--- PASS: TestExprIoPos (0.01s)
=== RUN   TestExprMod
--- PASS: TestExprMod (0.00s)
=== RUN   TestExprSizeofType0
--- PASS: TestExprSizeofType0 (0.00s)
=== RUN   TestExprSizeofType1
--- PASS: TestExprSizeofType1 (0.00s)
=== RUN   TestExprSizeofValue0
--- PASS: TestExprSizeofValue0 (0.00s)
=== RUN   TestExprSizeofValueSized
--- PASS: TestExprSizeofValueSized (0.00s)
=== RUN   TestExprStrOps
--- PASS: TestExprStrOps (0.00s)
=== RUN   TestFixedContents
--- PASS: TestFixedContents (0.00s)
=== RUN   TestFixedStruct
--- PASS: TestFixedStruct (0.00s)
=== RUN   TestFloatToI
--- PASS: TestFloatToI (0.00s)
=== RUN   TestFloatingPoints
--- PASS: TestFloatingPoints (0.00s)
=== RUN   TestHelloWorld
--- PASS: TestHelloWorld (0.00s)
=== RUN   TestIfInstances
--- FAIL: TestIfInstances (0.00s)
    if_instances_test.go:36: 
        	Error Trace:	if_instances_test.go:36
        	Error:      	Expected nil, but got: 0x0
        	Test:       	TestIfInstances
=== RUN   TestIfStruct
--- PASS: TestIfStruct (0.00s)
=== RUN   TestIfValues
--- FAIL: TestIfValues (0.00s)
    if_values_test.go:43: 
        	Error Trace:	if_values_test.go:43
        	Error:      	Expected nil, but got: 0
        	Test:       	TestIfValues
    if_values_test.go:49: 
        	Error Trace:	if_values_test.go:49
        	Error:      	Expected nil, but got: 0
        	Test:       	TestIfValues
=== RUN   TestImports0
--- PASS: TestImports0 (0.00s)
=== RUN   TestImportsAbsAbs
--- PASS: TestImportsAbsAbs (0.00s)
=== RUN   TestImportsAbsRel
--- PASS: TestImportsAbsRel (0.00s)
=== RUN   TestImportsAbs
--- PASS: TestImportsAbs (0.00s)
=== RUN   TestImportsCircularA
--- PASS: TestImportsCircularA (0.00s)
=== RUN   TestImportsRel1
--- PASS: TestImportsRel1 (0.00s)
=== RUN   TestIndexSizes
--- PASS: TestIndexSizes (0.00s)
=== RUN   TestInstanceIoUser
--- PASS: TestInstanceIoUser (0.00s)
=== RUN   TestInstanceStdArray
--- PASS: TestInstanceStdArray (0.00s)
=== RUN   TestInstanceStd
--- PASS: TestInstanceStd (0.00s)
=== RUN   TestInstanceUserArray
--- PASS: TestInstanceUserArray (0.00s)
=== RUN   TestIntegersDoubleOverflow
--- PASS: TestIntegersDoubleOverflow (0.00s)
=== RUN   TestIntegers
--- PASS: TestIntegers (0.00s)
=== RUN   TestJsSignedRightShift
--- PASS: TestJsSignedRightShift (0.00s)
=== RUN   TestMetaTags
--- PASS: TestMetaTags (0.00s)
=== RUN   TestMetaXref
--- PASS: TestMetaXref (0.00s)
=== RUN   TestMultipleUse
--- PASS: TestMultipleUse (0.00s)
=== RUN   TestNavParent2
--- PASS: TestNavParent2 (0.00s)
=== RUN   TestNavParent3
--- PASS: TestNavParent3 (0.00s)
=== RUN   TestNavParentFalse2
--- PASS: TestNavParentFalse2 (0.00s)
=== RUN   TestNavParentFalse
--- PASS: TestNavParentFalse (0.00s)
=== RUN   TestNavParentOverride
--- PASS: TestNavParentOverride (0.00s)
=== RUN   TestNavParent
--- PASS: TestNavParent (0.00s)
=== RUN   TestNavParentVsValueInst
--- PASS: TestNavParentVsValueInst (0.00s)
=== RUN   TestNavRoot
--- PASS: TestNavRoot (0.00s)
=== RUN   TestNestedSameName2
--- PASS: TestNestedSameName2 (0.00s)
=== RUN   TestNestedSameName
--- PASS: TestNestedSameName (0.00s)
=== RUN   TestNestedTypeParam
--- PASS: TestNestedTypeParam (0.00s)
=== RUN   TestNestedTypes2
--- PASS: TestNestedTypes2 (0.00s)
=== RUN   TestNestedTypes3
--- PASS: TestNestedTypes3 (0.00s)
=== RUN   TestNestedTypes
--- PASS: TestNestedTypes (0.00s)
=== RUN   TestNonStandard
--- PASS: TestNonStandard (0.00s)
=== RUN   TestOpaqueExternalType02Parent
goroutine 112 [running]:
runtime/debug.Stack(0x18, 0xc00005bbb8, 0x4869d2)
	/home/travis/.gimme/versions/go1.13.linux.amd64/src/runtime/debug/stack.go:24 +0x9d
runtime/debug.PrintStack()
	/home/travis/.gimme/versions/go1.13.linux.amd64/src/runtime/debug/stack.go:16 +0x22
github.com/kaitai-io/ci_targets/tests/spec/go.TestOpaqueExternalType02Parent.func1(0xc00014ca00)
	/home/travis/gopath/src/github.com/kaitai-io/ci_targets/tests/spec/go/opaque_external_type_02_parent_test.go:15 +0x57
panic(0x7844e0, 0xadaf10)
	/home/travis/.gimme/versions/go1.13.linux.amd64/src/runtime/panic.go:679 +0x1b2
test_formats.(*OpaqueExternalType02Child).SomeMethod(...)
	/home/travis/gopath/src/github.com/kaitai-io/ci_targets/tests/compiled/go/src/test_formats/opaque_external_type_02_child.go:46
test_formats.(*OpaqueExternalType02Child_OpaqueExternalType02ChildChild).Read(0xc00014af30, 0xc00014aed0, 0xc00009e870, 0x0, 0xc000152294, 0x3)
	/home/travis/gopath/src/github.com/kaitai-io/ci_targets/tests/compiled/go/src/test_formats/opaque_external_type_02_child.go:69 +0x50
test_formats.(*OpaqueExternalType02Child).Read(0xc00009e870, 0xc00014aed0, 0x77fe80, 0xc00000f600, 0x0, 0x7b9f80, 0x1)
	/home/travis/gopath/src/github.com/kaitai-io/ci_targets/tests/compiled/go/src/test_formats/opaque_external_type_02_child.go:38 +0x18f
test_formats.(*OpaqueExternalType02Parent_ParentObj).Read(0xc00000f600, 0xc00014aed0, 0xc00014af00, 0xc00014af00, 0x7b9ec0, 0x1)
	/home/travis/gopath/src/github.com/kaitai-io/ci_targets/tests/compiled/go/src/test_formats/opaque_external_type_02_parent.go:48 +0x9c
test_formats.(*OpaqueExternalType02Parent).Read(0xc00014af00, 0xc00014aed0, 0x77fe20, 0xc00014af00, 0xc00014af00, 0x0, 0x0)
	/home/travis/gopath/src/github.com/kaitai-io/ci_targets/tests/compiled/go/src/test_formats/opaque_external_type_02_parent.go:24 +0xa6
github.com/kaitai-io/ci_targets/tests/spec/go.TestOpaqueExternalType02Parent(0xc00014ca00)
	/home/travis/gopath/src/github.com/kaitai-io/ci_targets/tests/spec/go/opaque_external_type_02_parent_test.go:25 +0x18d
testing.tRunner(0xc00014ca00, 0x817678)
	/home/travis/.gimme/versions/go1.13.linux.amd64/src/testing/testing.go:909 +0xc9
created by testing.(*T).Run
	/home/travis/.gimme/versions/go1.13.linux.amd64/src/testing/testing.go:960 +0x350
--- FAIL: TestOpaqueExternalType02Parent (0.00s)
    opaque_external_type_02_parent_test.go:16: unexpected panic: runtime error: invalid memory address or nil pointer dereference
=== RUN   TestOpaqueExternalType
--- PASS: TestOpaqueExternalType (0.00s)
=== RUN   TestOpaqueWithParam
--- PASS: TestOpaqueWithParam (0.00s)
=== RUN   TestParamsCallExtraParens
--- PASS: TestParamsCallExtraParens (0.00s)
=== RUN   TestParamsCallShort
--- PASS: TestParamsCallShort (0.00s)
=== RUN   TestParamsDef
--- PASS: TestParamsDef (0.00s)
=== RUN   TestParamsEnum
--- PASS: TestParamsEnum (0.00s)
=== RUN   TestParamsPassArrayStr
--- PASS: TestParamsPassArrayStr (0.00s)
=== RUN   TestParamsPassArrayUsertype
--- PASS: TestParamsPassArrayUsertype (0.00s)
=== RUN   TestParamsPassBool
--- PASS: TestParamsPassBool (0.00s)
=== RUN   TestParamsPassUsertype
--- PASS: TestParamsPassUsertype (0.00s)
=== RUN   TestPositionAbs
--- PASS: TestPositionAbs (0.00s)
=== RUN   TestPositionInSeq
--- FAIL: TestPositionInSeq (0.00s)
    position_in_seq_test.go:32: 
        	Error Trace:	position_in_seq_test.go:32
        	Error:      	Not equal: 
        	            	expected: []int([]int{1, 2, 3})
        	            	actual  : []uint8([]byte{0x1, 0x2, 0x3})
        	Test:       	TestPositionInSeq
=== RUN   TestPositionToEnd
--- PASS: TestPositionToEnd (0.00s)
=== RUN   TestProcessCoerceBytes
--- PASS: TestProcessCoerceBytes (0.00s)
=== RUN   TestProcessCoerceUsertype1
--- PASS: TestProcessCoerceUsertype1 (0.00s)
=== RUN   TestProcessCoerceUsertype2
--- PASS: TestProcessCoerceUsertype2 (0.00s)
=== RUN   TestProcessCustomNoArgs
--- FAIL: TestProcessCustomNoArgs (0.01s)
    process_custom_no_args_test.go:32: 
        	Error Trace:	process_custom_no_args_test.go:32
        	Error:      	Not equal: 
        	            	expected: []byte{0x5f, 0x9, 0xac, 0x8d, 0x8d, 0xed, 0x5f}
        	            	actual  : []byte{0x9, 0xac, 0x8d, 0x8d, 0xed}
        	            	
        	            	Diff:
        	            	--- Expected
        	            	+++ Actual
        	            	@@ -1,3 +1,3 @@
        	            	-([]uint8) (len=7) {
        	            	- 00000000  5f 09 ac 8d 8d ed 5f                              |_....._|
        	            	+([]uint8) (len=5) {
        	            	+ 00000000  09 ac 8d 8d ed                                    |.....|
        	            	 }
        	Test:       	TestProcessCustomNoArgs
=== RUN   TestProcessCustom
--- FAIL: TestProcessCustom (0.00s)
    process_custom_test.go:32: 
        	Error Trace:	process_custom_test.go:32
        	Error:      	Not equal: 
        	            	expected: []byte{0x10, 0xb3, 0x94, 0x94, 0xf4}
        	            	actual  : []byte{0x9, 0xac, 0x8d, 0x8d, 0xed}
        	            	
        	            	Diff:
        	            	--- Expected
        	            	+++ Actual
        	            	@@ -1,3 +1,3 @@
        	            	 ([]uint8) (len=5) {
        	            	- 00000000  10 b3 94 94 f4                                    |.....|
        	            	+ 00000000  09 ac 8d 8d ed                                    |.....|
        	            	 }
        	Test:       	TestProcessCustom
    process_custom_test.go:33: 
        	Error Trace:	process_custom_test.go:33
        	Error:      	Not equal: 
        	            	expected: []byte{0x5f, 0xba, 0x7b, 0x93, 0x63, 0x23, 0x5f}
        	            	actual  : []byte{0xba, 0x7b, 0x93, 0x63, 0x23}
        	            	
        	            	Diff:
        	            	--- Expected
        	            	+++ Actual
        	            	@@ -1,3 +1,3 @@
        	            	-([]uint8) (len=7) {
        	            	- 00000000  5f ba 7b 93 63 23 5f                              |_.{.c#_|
        	            	+([]uint8) (len=5) {
        	            	+ 00000000  ba 7b 93 63 23                                    |.{.c#|
        	            	 }
        	Test:       	TestProcessCustom
    process_custom_test.go:34: 
        	Error Trace:	process_custom_test.go:34
        	Error:      	Not equal: 
        	            	expected: []byte{0x29, 0x33, 0xb1, 0x38, 0xb1}
        	            	actual  : []byte{0x2a, 0x34, 0xb2, 0x39, 0xb2}
        	            	
        	            	Diff:
        	            	--- Expected
        	            	+++ Actual
        	            	@@ -1,3 +1,3 @@
        	            	 ([]uint8) (len=5) {
        	            	- 00000000  29 33 b1 38 b1                                    |)3.8.|
        	            	+ 00000000  2a 34 b2 39 b2                                    |*4.9.|
        	            	 }
        	Test:       	TestProcessCustom
=== RUN   TestProcessRepeatBytes
--- PASS: TestProcessRepeatBytes (0.00s)
=== RUN   TestProcessRepeatUsertype
--- PASS: TestProcessRepeatUsertype (0.00s)
=== RUN   TestProcessRotate
--- PASS: TestProcessRotate (0.00s)
=== RUN   TestProcessToUser
--- PASS: TestProcessToUser (0.00s)
=== RUN   TestProcessXor4Const
--- PASS: TestProcessXor4Const (0.00s)
=== RUN   TestProcessXor4Value
--- PASS: TestProcessXor4Value (0.00s)
=== RUN   TestProcessXorConst
--- PASS: TestProcessXorConst (0.00s)
=== RUN   TestProcessXorValue
--- PASS: TestProcessXorValue (0.00s)
=== RUN   TestRepeatEosBit
--- PASS: TestRepeatEosBit (0.00s)
=== RUN   TestRepeatEosStruct
--- PASS: TestRepeatEosStruct (0.00s)
=== RUN   TestRepeatEosU4
--- FAIL: TestRepeatEosU4 (0.00s)
    repeat_eos_u4_test.go:32: 
        	Error Trace:	repeat_eos_u4_test.go:32
        	Error:      	Not equal: 
        	            	expected: []int([]int{0, 66, 66, 2069})
        	            	actual  : []uint32([]uint32{0x0, 0x42, 0x42, 0x815})
        	Test:       	TestRepeatEosU4
=== RUN   TestRepeatNStruct
--- PASS: TestRepeatNStruct (0.00s)
=== RUN   TestRepeatNStrzDouble
--- PASS: TestRepeatNStrzDouble (0.00s)
=== RUN   TestRepeatNStrz
--- PASS: TestRepeatNStrz (0.00s)
=== RUN   TestRepeatUntilComplex
--- FAIL: TestRepeatUntilComplex (0.00s)
    repeat_until_complex_test.go:34: 
        	Error Trace:	repeat_until_complex_test.go:34
        	Error:      	Not equal: 
        	            	expected: []int([]int{1, 2, 3, 4})
        	            	actual  : []uint8([]byte{0x1, 0x2, 0x3, 0x4})
        	Test:       	TestRepeatUntilComplex
    repeat_until_complex_test.go:36: 
        	Error Trace:	repeat_until_complex_test.go:36
        	Error:      	Not equal: 
        	            	expected: []int([]int{1, 2})
        	            	actual  : []uint8([]byte{0x1, 0x2})
        	Test:       	TestRepeatUntilComplex
    repeat_until_complex_test.go:40: 
        	Error Trace:	repeat_until_complex_test.go:40
        	Error:      	Not equal: 
        	            	expected: []int([]int{1, 2, 3, 4, 5, 6})
        	            	actual  : []uint16([]uint16{0x1, 0x2, 0x3, 0x4, 0x5, 0x6})
        	Test:       	TestRepeatUntilComplex
    repeat_until_complex_test.go:42: 
        	Error Trace:	repeat_until_complex_test.go:42
        	Error:      	Not equal: 
        	            	expected: []int([]int{1, 2, 3})
        	            	actual  : []uint16([]uint16{0x1, 0x2, 0x3})
        	Test:       	TestRepeatUntilComplex
    repeat_until_complex_test.go:44: 
        	Error Trace:	repeat_until_complex_test.go:44
        	Error:      	Not equal: 
        	            	expected: []int([]int{1, 2, 3, 4})
        	            	actual  : []uint16([]uint16{0x1, 0x2, 0x3, 0x4})
        	Test:       	TestRepeatUntilComplex
    repeat_until_complex_test.go:46: 
        	Error Trace:	repeat_until_complex_test.go:46
        	Error:      	Not equal: 
        	            	expected: []int([]int{102, 111, 111, 98, 97, 114, 0})
        	            	actual  : []uint8([]byte{0x66, 0x6f, 0x6f, 0x62, 0x61, 0x72, 0x0})
        	Test:       	TestRepeatUntilComplex
=== RUN   TestRepeatUntilS4
--- FAIL: TestRepeatUntilS4 (0.00s)
    repeat_until_s4_test.go:32: 
        	Error Trace:	repeat_until_s4_test.go:32
        	Error:      	Not equal: 
        	            	expected: []int([]int{66, 4919, -251658241, -1})
        	            	actual  : []int32([]int32{66, 4919, -251658241, -1})
        	Test:       	TestRepeatUntilS4
=== RUN   TestStrEncodingsDefault
--- FAIL: TestStrEncodingsDefault (0.00s)
    str_encodings_default_test.go:33: 
        	Error Trace:	str_encodings_default_test.go:33
        	Error:      	Not equal: 
        	            	expected: "ƒÉÔøΩ‚ÄúƒÉ‚Äö‚ÄúƒÉÔøΩ\xabƒÉÔøΩÀáƒÉÔøΩ≈ª"
        	            	actual  : "„Åì„Çì„Å´„Å°„ÅØ"
        	            	
        	            	Diff:
        	            	--- Expected
        	            	+++ Actual
        	            	@@ -1 +1 @@
        	            	-ƒÉÔøΩ‚ÄúƒÉ‚Äö‚ÄúƒÉÔøΩ´ƒÉÔøΩÀáƒÉÔøΩ≈ª
        	            	+„Åì„Çì„Å´„Å°„ÅØ
        	Test:       	TestStrEncodingsDefault
    str_encodings_default_test.go:34: 
        	Error Trace:	str_encodings_default_test.go:34
        	Error:      	Not equal: 
        	            	expected: "ƒÉÔøΩ‚ÄúƒÉ‚Äö‚ÄúƒÉÔøΩ\xabƒÉÔøΩÀáƒÉÔøΩ≈ª"
        	            	actual  : "„Åì„Çì„Å´„Å°„ÅØ"
        	            	
        	            	Diff:
        	            	--- Expected
        	            	+++ Actual
        	            	@@ -1 +1 @@
        	            	-ƒÉÔøΩ‚ÄúƒÉ‚Äö‚ÄúƒÉÔøΩ´ƒÉÔøΩÀáƒÉÔøΩ≈ª
        	            	+„Åì„Çì„Å´„Å°„ÅØ
        	Test:       	TestStrEncodingsDefault
    str_encodings_default_test.go:35: 
        	Error Trace:	str_encodings_default_test.go:35
        	Error:      	Not equal: 
        	            	expected: "\xe2‚Äì‚Äò\xe2‚Äì‚Äô\xe2‚Äì‚Äú"
        	            	actual  : "‚ñë‚ñí‚ñì"
        	            	
        	            	Diff:
        	            	--- Expected
        	            	+++ Actual
        	            	@@ -1 +1 @@
        	            	-‚‚Äì‚Äò‚‚Äì‚Äô‚‚Äì‚Äú
        	            	+‚ñë‚ñí‚ñì
        	Test:       	TestStrEncodingsDefault
=== RUN   TestStrEncodings
--- FAIL: TestStrEncodings (0.00s)
    str_encodings_test.go:33: 
        	Error Trace:	str_encodings_test.go:33
        	Error:      	Not equal: 
        	            	expected: "ƒÉÔøΩ‚ÄúƒÉ‚Äö‚ÄúƒÉÔøΩ\xabƒÉÔøΩÀáƒÉÔøΩ≈ª"
        	            	actual  : "„Åì„Çì„Å´„Å°„ÅØ"
        	            	
        	            	Diff:
        	            	--- Expected
        	            	+++ Actual
        	            	@@ -1 +1 @@
        	            	-ƒÉÔøΩ‚ÄúƒÉ‚Äö‚ÄúƒÉÔøΩ´ƒÉÔøΩÀáƒÉÔøΩ≈ª
        	            	+„Åì„Çì„Å´„Å°„ÅØ
        	Test:       	TestStrEncodings
    str_encodings_test.go:34: 
        	Error Trace:	str_encodings_test.go:34
        	Error:      	Not equal: 
        	            	expected: "ƒÉÔøΩ‚ÄúƒÉ‚Äö‚ÄúƒÉÔøΩ\xabƒÉÔøΩÀáƒÉÔøΩ≈ª"
        	            	actual  : "„Åì„Çì„Å´„Å°„ÅØ"
        	            	
        	            	Diff:
        	            	--- Expected
        	            	+++ Actual
        	            	@@ -1 +1 @@
        	            	-ƒÉÔøΩ‚ÄúƒÉ‚Äö‚ÄúƒÉÔøΩ´ƒÉÔøΩÀáƒÉÔøΩ≈ª
        	            	+„Åì„Çì„Å´„Å°„ÅØ
        	Test:       	TestStrEncodings
    str_encodings_test.go:35: 
        	Error Trace:	str_encodings_test.go:35
        	Error:      	Not equal: 
        	            	expected: "\xe2‚Äì‚Äò\xe2‚Äì‚Äô\xe2‚Äì‚Äú"
        	            	actual  : "‚ñë‚ñí‚ñì"
        	            	
        	            	Diff:
        	            	--- Expected
        	            	+++ Actual
        	            	@@ -1 +1 @@
        	            	-‚‚Äì‚Äò‚‚Äì‚Äô‚‚Äì‚Äú
        	            	+‚ñë‚ñí‚ñì
        	Test:       	TestStrEncodings
=== RUN   TestStrEos
--- PASS: TestStrEos (0.00s)
=== RUN   TestStrLiterals2
--- PASS: TestStrLiterals2 (0.00s)
=== RUN   TestStrLiterals
--- PASS: TestStrLiterals (0.00s)
=== RUN   TestStrPadTermEmpty
--- PASS: TestStrPadTermEmpty (0.00s)
=== RUN   TestStrPadTerm
--- PASS: TestStrPadTerm (0.00s)
=== RUN   TestSwitchElseOnly
--- PASS: TestSwitchElseOnly (0.00s)
=== RUN   TestSwitchIntegers2
--- PASS: TestSwitchIntegers2 (0.00s)
=== RUN   TestSwitchIntegers
--- PASS: TestSwitchIntegers (0.00s)
=== RUN   TestSwitchManualEnumInvalid
--- PASS: TestSwitchManualEnumInvalid (0.00s)
=== RUN   TestTermBytes
--- PASS: TestTermBytes (0.00s)
=== RUN   TestTermStrz
--- PASS: TestTermStrz (0.00s)
=== RUN   TestTsPacketHeader
--- PASS: TestTsPacketHeader (0.00s)
=== RUN   TestTypeIntUnaryOp
--- PASS: TestTypeIntUnaryOp (0.00s)
=== RUN   TestTypeTernary2ndFalsy
--- PASS: TestTypeTernary2ndFalsy (0.00s)
=== RUN   TestTypeTernaryOpaque
--- PASS: TestTypeTernaryOpaque (0.00s)
=== RUN   TestTypeTernary
--- PASS: TestTypeTernary (0.00s)
=== RUN   TestUserType
--- PASS: TestUserType (0.00s)
=== RUN   TestValidFailAnyofInt
--- PASS: TestValidFailAnyofInt (0.00s)
=== RUN   TestValidFailContents
--- PASS: TestValidFailContents (0.00s)
=== RUN   TestValidFailEqBytes
--- PASS: TestValidFailEqBytes (0.00s)
=== RUN   TestValidFailEqInt
--- PASS: TestValidFailEqInt (0.00s)
=== RUN   TestValidFailInst
--- PASS: TestValidFailInst (0.00s)
=== RUN   TestValidFailMaxInt
--- PASS: TestValidFailMaxInt (0.00s)
=== RUN   TestValidFailMinInt
--- PASS: TestValidFailMinInt (0.00s)
=== RUN   TestValidFailRangeBytes
--- PASS: TestValidFailRangeBytes (0.00s)
=== RUN   TestValidFailRangeFloat
--- PASS: TestValidFailRangeFloat (0.00s)
=== RUN   TestValidFailRangeInt
--- PASS: TestValidFailRangeInt (0.00s)
=== RUN   TestValidFailRangeStr
--- PASS: TestValidFailRangeStr (0.00s)
=== RUN   TestValidLong
--- PASS: TestValidLong (0.00s)
=== RUN   TestValidNotParsedIf
--- PASS: TestValidNotParsedIf (0.00s)
=== RUN   TestValidShort
--- PASS: TestValidShort (0.00s)
=== RUN   TestZlibSurrounded
--- PASS: TestZlibSurrounded (0.00s)
=== RUN   TestZlibWithHeader78
--- PASS: TestZlibWithHeader78 (0.00s)
FAIL
FAIL	github.com/kaitai-io/ci_targets/tests/spec/go	0.034s
FAIL
