<?xml version="1.0" encoding="UTF-8"?>
<testsuites>
	<testsuite tests="17" failures="3" time="0.008" name="github.com/kaitai-io/ci_targets/tests/spec/go">
		<properties>
			<property name="go.version" value="go1.10"></property>
		</properties>
		<testcase classname="go" name="TestBcdUserTypeBe" time="0.000"></testcase>
		<testcase classname="go" name="TestBcdUserTypeLe" time="0.000"></testcase>
		<testcase classname="go" name="TestBufferedStruct" time="0.000"></testcase>
		<testcase classname="go" name="TestBytesPadTerm" time="0.000">
			<failure message="Failed" type="">bytes_pad_term_test.go:26: &#xA;&#x9;&#x9;Error Trace:&#x9;bytes_pad_term_test.go:26&#xA;&#x9;&#x9;Error:      &#x9;Not equal: &#xA;&#x9;&#x9;            &#x9;expected: string(&#34;str1&#34;)&#xA;&#x9;&#x9;            &#x9;actual  : []uint8([]byte{0x73, 0x74, 0x72, 0x31, 0x40, 0x40, 0x40, 0x40, 0x40, 0x40, 0x40, 0x40, 0x40, 0x40, 0x40, 0x40, 0x40, 0x40, 0x40, 0x40})&#xA;&#x9;&#x9;Test:       &#x9;TestBytesPadTerm&#xA;bytes_pad_term_test.go:27: &#xA;&#x9;&#x9;Error Trace:&#x9;bytes_pad_term_test.go:27&#xA;&#x9;&#x9;Error:      &#x9;Not equal: &#xA;&#x9;&#x9;            &#x9;expected: string(&#34;str2foo&#34;)&#xA;&#x9;&#x9;            &#x9;actual  : []uint8([]byte{0x73, 0x74, 0x72, 0x32, 0x66, 0x6f, 0x6f, 0x40, 0x2b, 0x2b, 0x2b, 0x2b, 0x2b, 0x2b, 0x2b, 0x2b, 0x2b, 0x2b, 0x2b, 0x2b})&#xA;&#x9;&#x9;Test:       &#x9;TestBytesPadTerm&#xA;bytes_pad_term_test.go:28: &#xA;&#x9;&#x9;Error Trace:&#x9;bytes_pad_term_test.go:28&#xA;&#x9;&#x9;Error:      &#x9;Not equal: &#xA;&#x9;&#x9;            &#x9;expected: string(&#34;str+++3bar+++&#34;)&#xA;&#x9;&#x9;            &#x9;actual  : []uint8([]byte{0x73, 0x74, 0x72, 0x2b, 0x2b, 0x2b, 0x33, 0x62, 0x61, 0x72, 0x2b, 0x2b, 0x2b, 0x40, 0x2b, 0x2b, 0x2b, 0x2b, 0x2b, 0x2b})&#xA;&#x9;&#x9;Test:       &#x9;TestBytesPadTerm&#xA;bytes_pad_term_test.go:29: &#xA;&#x9;&#x9;Error Trace:&#x9;bytes_pad_term_test.go:29&#xA;&#x9;&#x9;Error:      &#x9;Not equal: &#xA;&#x9;&#x9;            &#x9;expected: string(&#34;str4baz@&#34;)&#xA;&#x9;&#x9;            &#x9;actual  : []uint8([]byte{0x73, 0x74, 0x72, 0x34, 0x62, 0x61, 0x7a, 0x40, 0x2e, 0x2e, 0x2e, 0x2e, 0x2e, 0x2e, 0x2e, 0x2e, 0x2e, 0x2e, 0x2e, 0x2e})&#xA;&#x9;&#x9;Test:       &#x9;TestBytesPadTerm</failure>
		</testcase>
		<testcase classname="go" name="TestDefaultBigEndian" time="0.000"></testcase>
		<testcase classname="go" name="TestDefaultEndianMod" time="0.000"></testcase>
		<testcase classname="go" name="TestDocstringsDocref" time="0.000"></testcase>
		<testcase classname="go" name="TestDocstrings" time="0.000"></testcase>
		<testcase classname="go" name="TestEnum0" time="0.000"></testcase>
		<testcase classname="go" name="TestEnumFancy" time="0.000"></testcase>
		<testcase classname="go" name="TestExpr0" time="0.000"></testcase>
		<testcase classname="go" name="TestExpr1" time="0.000"></testcase>
		<testcase classname="go" name="TestExpr2" time="0.000"></testcase>
		<testcase classname="go" name="TestExpr3" time="0.000"></testcase>
		<testcase classname="go" name="TestExprArray" time="0.000">
			<failure message="Failed" type="">expr_array_test.go:22: EOF</failure>
		</testcase>
		<testcase classname="go" name="TestExprBytesCmp" time="0.000"></testcase>
		<testcase classname="go" name="TestExprIoPos" time="0.000">
			<failure message="Failed" type="">panic: runtime error: makeslice: len out of range&#xA;/home/travis/.gimme/versions/go1.10.linux.amd64/src/testing/testing.go:742 +0x29d&#xA;/home/travis/.gimme/versions/go1.10.linux.amd64/src/runtime/panic.go:505 +0x229&#xA;/home/travis/gopath/src/github.com/kaitai-io/kaitai_struct_go_runtime/kaitai/stream.go:205 +0x40&#xA;/home/travis/gopath/src/github.com/kaitai-io/ci_targets/tests/compiled/go/src/test_formats/expr_io_pos.go:78 +0x14b&#xA;/home/travis/gopath/src/github.com/kaitai-io/ci_targets/tests/compiled/go/src/test_formats/expr_io_pos.go:32 +0x1e6&#xA;/home/travis/gopath/src/github.com/kaitai-io/ci_targets/tests/spec/go/expr_io_pos_test.go:20 +0x136&#xA;/home/travis/.gimme/versions/go1.10.linux.amd64/src/testing/testing.go:777 +0xd0&#xA;/home/travis/.gimme/versions/go1.10.linux.amd64/src/testing/testing.go:824 +0x2e0</failure>
		</testcase>
	</testsuite>
</testsuites>
