=== RUN   TestBcdUserTypeBe
--- PASS: TestBcdUserTypeBe (0.00s)
=== RUN   TestBcdUserTypeLe
--- PASS: TestBcdUserTypeLe (0.00s)
=== RUN   TestBitsByteAligned
--- PASS: TestBitsByteAligned (0.00s)
=== RUN   TestBitsEnum
--- PASS: TestBitsEnum (0.00s)
=== RUN   TestBitsSimple
--- FAIL: TestBitsSimple (0.00s)
	bits_simple_test.go:21: <nil>
=== RUN   TestBufferedStruct
--- PASS: TestBufferedStruct (0.00s)
=== RUN   TestBytesPadTerm
--- PASS: TestBytesPadTerm (0.00s)
=== RUN   TestDebugArrayUser
--- PASS: TestDebugArrayUser (0.00s)
=== RUN   TestDefaultBigEndian
--- PASS: TestDefaultBigEndian (0.00s)
=== RUN   TestDefaultEndianExprException
--- PASS: TestDefaultEndianExprException (0.00s)
=== RUN   TestDefaultEndianExprInherited
--- PASS: TestDefaultEndianExprInherited (0.00s)
=== RUN   TestDefaultEndianExprIsBe
--- PASS: TestDefaultEndianExprIsBe (0.00s)
=== RUN   TestDefaultEndianExprIsLe
--- PASS: TestDefaultEndianExprIsLe (0.00s)
=== RUN   TestDefaultEndianMod
--- PASS: TestDefaultEndianMod (0.00s)
=== RUN   TestDocstringsDocrefMulti
--- PASS: TestDocstringsDocrefMulti (0.00s)
=== RUN   TestDocstringsDocref
--- PASS: TestDocstringsDocref (0.00s)
=== RUN   TestDocstrings
--- PASS: TestDocstrings (0.00s)
=== RUN   TestEnum0
--- PASS: TestEnum0 (0.00s)
=== RUN   TestEnum1
--- PASS: TestEnum1 (0.00s)
=== RUN   TestEnumDeepLiterals
--- PASS: TestEnumDeepLiterals (0.00s)
=== RUN   TestEnumDeep
--- PASS: TestEnumDeep (0.00s)
=== RUN   TestEnumFancy
--- PASS: TestEnumFancy (0.00s)
=== RUN   TestEnumIf
--- PASS: TestEnumIf (0.00s)
=== RUN   TestEnumImport
--- PASS: TestEnumImport (0.00s)
=== RUN   TestEnumIntRangeS
--- PASS: TestEnumIntRangeS (0.00s)
=== RUN   TestEnumIntRangeU
--- PASS: TestEnumIntRangeU (0.00s)
=== RUN   TestEnumLongRangeS
--- PASS: TestEnumLongRangeS (0.00s)
=== RUN   TestEnumLongRangeU
--- PASS: TestEnumLongRangeU (0.00s)
=== RUN   TestEnumNegative
--- PASS: TestEnumNegative (0.00s)
=== RUN   TestEnumOfValueInst
--- PASS: TestEnumOfValueInst (0.00s)
=== RUN   TestEnumToI
--- PASS: TestEnumToI (0.00s)
=== RUN   TestEofExceptionBytes
--- FAIL: TestEofExceptionBytes (0.00s)
	eof_exception_bytes_test.go:31: expected kaitai.EndOfStreamError, got *errors.errorString
=== RUN   TestEofExceptionU4
--- FAIL: TestEofExceptionU4 (0.00s)
	eof_exception_u4_test.go:31: expected kaitai.EndOfStreamError, got <nil>
=== RUN   TestEosExceptionBytes
--- FAIL: TestEosExceptionBytes (0.00s)
	eos_exception_bytes_test.go:31: expected kaitai.EndOfStreamError, got *errors.errorString
=== RUN   TestEosExceptionU4
--- FAIL: TestEosExceptionU4 (0.00s)
	eos_exception_u4_test.go:31: expected kaitai.EndOfStreamError, got <nil>
=== RUN   TestExpr0
--- PASS: TestExpr0 (0.00s)
=== RUN   TestExpr1
--- PASS: TestExpr1 (0.00s)
=== RUN   TestExpr2
--- PASS: TestExpr2 (0.00s)
=== RUN   TestExpr3
--- PASS: TestExpr3 (0.00s)
=== RUN   TestExprArray
--- FAIL: TestExprArray (0.00s)
	expr_array_test.go:29: EOF
=== RUN   TestExprBits
--- PASS: TestExprBits (0.00s)
=== RUN   TestExprBytesCmp
--- PASS: TestExprBytesCmp (0.00s)
=== RUN   TestExprBytesOps
--- PASS: TestExprBytesOps (0.00s)
=== RUN   TestExprCalcArrayOps
--- PASS: TestExprCalcArrayOps (0.00s)
=== RUN   TestExprEnum
--- PASS: TestExprEnum (0.00s)
=== RUN   TestExprIoPos
--- FAIL: TestExprIoPos (0.00s)
	expr_io_pos_test.go:29: ReadBytes(-2): negative number of bytes to read
=== RUN   TestExprMod
--- PASS: TestExprMod (0.00s)
=== RUN   TestExprStrOps
--- PASS: TestExprStrOps (0.00s)
=== RUN   TestFixedContents
--- PASS: TestFixedContents (0.00s)
=== RUN   TestFixedStruct
--- PASS: TestFixedStruct (0.00s)
=== RUN   TestFloatToI
--- PASS: TestFloatToI (0.00s)
=== RUN   TestFloatingPoints
--- PASS: TestFloatingPoints (0.00s)
=== RUN   TestHelloWorld
--- PASS: TestHelloWorld (0.00s)
=== RUN   TestIfInstances
--- FAIL: TestIfInstances (0.00s)
	if_instances_test.go:36: 
			Error Trace:	if_instances_test.go:36
			Error:      	Expected nil, but got: 0x0
			Test:       	TestIfInstances
=== RUN   TestIfStruct
--- PASS: TestIfStruct (0.00s)
=== RUN   TestIfValues
--- FAIL: TestIfValues (0.00s)
	if_values_test.go:43: 
			Error Trace:	if_values_test.go:43
			Error:      	Expected nil, but got: 0
			Test:       	TestIfValues
	if_values_test.go:49: 
			Error Trace:	if_values_test.go:49
			Error:      	Expected nil, but got: 0
			Test:       	TestIfValues
=== RUN   TestInstanceIoUser
--- PASS: TestInstanceIoUser (0.00s)
=== RUN   TestInstanceStdArray
--- PASS: TestInstanceStdArray (0.00s)
=== RUN   TestInstanceStd
--- PASS: TestInstanceStd (0.02s)
=== RUN   TestInstanceUserArray
--- PASS: TestInstanceUserArray (0.00s)
=== RUN   TestIntegers
--- PASS: TestIntegers (0.00s)
=== RUN   TestJsSignedRightShift
--- PASS: TestJsSignedRightShift (0.00s)
=== RUN   TestMetaTags
--- PASS: TestMetaTags (0.00s)
=== RUN   TestMetaXref
--- PASS: TestMetaXref (0.00s)
=== RUN   TestMultipleUse
--- PASS: TestMultipleUse (0.00s)
=== RUN   TestNavParent2
--- PASS: TestNavParent2 (0.00s)
=== RUN   TestNavParent3
--- PASS: TestNavParent3 (0.00s)
=== RUN   TestNavParentFalse2
--- PASS: TestNavParentFalse2 (0.00s)
=== RUN   TestNavParent
--- PASS: TestNavParent (0.00s)
=== RUN   TestNavParentVsValueInst
--- PASS: TestNavParentVsValueInst (0.00s)
=== RUN   TestNavRoot
--- PASS: TestNavRoot (0.00s)
=== RUN   TestNestedSameName2
--- PASS: TestNestedSameName2 (0.00s)
=== RUN   TestNestedSameName
--- PASS: TestNestedSameName (0.00s)
=== RUN   TestNestedTypes2
--- PASS: TestNestedTypes2 (0.00s)
=== RUN   TestNestedTypes3
--- PASS: TestNestedTypes3 (0.00s)
=== RUN   TestNestedTypes
--- PASS: TestNestedTypes (0.00s)
=== RUN   TestNonStandard
--- PASS: TestNonStandard (0.00s)
=== RUN   TestPositionAbs
--- PASS: TestPositionAbs (0.00s)
=== RUN   TestPositionInSeq
--- PASS: TestPositionInSeq (0.00s)
=== RUN   TestPositionToEnd
--- PASS: TestPositionToEnd (0.00s)
=== RUN   TestProcessCoerceBytes
--- PASS: TestProcessCoerceBytes (0.00s)
=== RUN   TestProcessCoerceUsertype1
--- PASS: TestProcessCoerceUsertype1 (0.00s)
=== RUN   TestProcessCoerceUsertype2
--- PASS: TestProcessCoerceUsertype2 (0.00s)
=== RUN   TestProcessCustom
--- FAIL: TestProcessCustom (0.00s)
	process_custom_test.go:32: 
			Error Trace:	process_custom_test.go:32
			Error:      	Not equal: 
			            	expected: []byte{0x10, 0xb3, 0x94, 0x94, 0xf4}
			            	actual  : []byte{0x9, 0xac, 0x8d, 0x8d, 0xed}
			            	
			            	Diff:
			            	--- Expected
			            	+++ Actual
			            	@@ -1,3 +1,3 @@
			            	 ([]uint8) (len=5) {
			            	- 00000000  10 b3 94 94 f4                                    |.....|
			            	+ 00000000  09 ac 8d 8d ed                                    |.....|
			            	 }
			Test:       	TestProcessCustom
	process_custom_test.go:33: 
			Error Trace:	process_custom_test.go:33
			Error:      	Not equal: 
			            	expected: []byte{0x5f, 0xba, 0x7b, 0x93, 0x63, 0x23, 0x5f}
			            	actual  : []byte{0xba, 0x7b, 0x93, 0x63, 0x23}
			            	
			            	Diff:
			            	--- Expected
			            	+++ Actual
			            	@@ -1,3 +1,3 @@
			            	-([]uint8) (len=7) {
			            	- 00000000  5f ba 7b 93 63 23 5f                              |_.{.c#_|
			            	+([]uint8) (len=5) {
			            	+ 00000000  ba 7b 93 63 23                                    |.{.c#|
			            	 }
			Test:       	TestProcessCustom
	process_custom_test.go:34: 
			Error Trace:	process_custom_test.go:34
			Error:      	Not equal: 
			            	expected: []byte{0x29, 0x33, 0xb1, 0x38, 0xb1}
			            	actual  : []byte{0x2a, 0x34, 0xb2, 0x39, 0xb2}
			            	
			            	Diff:
			            	--- Expected
			            	+++ Actual
			            	@@ -1,3 +1,3 @@
			            	 ([]uint8) (len=5) {
			            	- 00000000  29 33 b1 38 b1                                    |)3.8.|
			            	+ 00000000  2a 34 b2 39 b2                                    |*4.9.|
			            	 }
			Test:       	TestProcessCustom
=== RUN   TestProcessRotate
--- PASS: TestProcessRotate (0.00s)
=== RUN   TestProcessToUser
--- PASS: TestProcessToUser (0.00s)
=== RUN   TestProcessXor4Const
--- PASS: TestProcessXor4Const (0.00s)
=== RUN   TestProcessXor4Value
--- PASS: TestProcessXor4Value (0.00s)
=== RUN   TestProcessXorConst
--- PASS: TestProcessXorConst (0.00s)
=== RUN   TestProcessXorValue
--- PASS: TestProcessXorValue (0.00s)
=== RUN   TestRepeatEosBit
--- FAIL: TestRepeatEosBit (0.00s)
	repeat_eos_bit_test.go:32: 
			Error Trace:	repeat_eos_bit_test.go:32
			Error:      	Not equal: 
			            	expected: 16
			            	actual  : 15
			Test:       	TestRepeatEosBit
=== RUN   TestRepeatEosStruct
--- PASS: TestRepeatEosStruct (0.00s)
=== RUN   TestRepeatEosU4
--- PASS: TestRepeatEosU4 (0.00s)
=== RUN   TestRepeatNStruct
--- PASS: TestRepeatNStruct (0.00s)
=== RUN   TestRepeatNStrzDouble
--- FAIL: TestRepeatNStrzDouble (0.00s)
	repeat_n_strz_double_test.go:29: EOF
=== RUN   TestRepeatNStrz
--- FAIL: TestRepeatNStrz (0.00s)
	repeat_n_strz_test.go:29: EOF
=== RUN   TestRepeatUntilComplex
--- PASS: TestRepeatUntilComplex (0.00s)
=== RUN   TestRepeatUntilS4
--- PASS: TestRepeatUntilS4 (0.00s)
=== RUN   TestStrCombine
--- FAIL: TestStrCombine (0.00s)
	str_combine_test.go:29: EOF
=== RUN   TestStrEncodingsDefault
--- PASS: TestStrEncodingsDefault (0.00s)
=== RUN   TestStrEncodings
--- PASS: TestStrEncodings (0.00s)
=== RUN   TestStrEos
--- PASS: TestStrEos (0.00s)
=== RUN   TestStrLiterals2
--- PASS: TestStrLiterals2 (0.00s)
=== RUN   TestStrPadTermEmpty
--- PASS: TestStrPadTermEmpty (0.00s)
=== RUN   TestStrPadTerm
--- PASS: TestStrPadTerm (0.00s)
=== RUN   TestSwitchElseOnly
--- PASS: TestSwitchElseOnly (0.00s)
=== RUN   TestSwitchIntegers2
--- PASS: TestSwitchIntegers2 (0.00s)
=== RUN   TestSwitchIntegers
--- PASS: TestSwitchIntegers (0.00s)
=== RUN   TestTermBytes
--- FAIL: TestTermBytes (0.00s)
	term_bytes_test.go:29: EOF
=== RUN   TestTermStrz
--- FAIL: TestTermStrz (0.00s)
	term_strz_test.go:29: EOF
=== RUN   TestTsPacketHeader
--- PASS: TestTsPacketHeader (0.00s)
=== RUN   TestTypeIntUnaryOp
--- PASS: TestTypeIntUnaryOp (0.00s)
=== RUN   TestTypeTernary
--- PASS: TestTypeTernary (0.00s)
=== RUN   TestUserType
--- PASS: TestUserType (0.00s)
=== RUN   TestValidFailContents
--- FAIL: TestValidFailContents (0.00s)
	valid_fail_contents_test.go:31: expected kaitai.ValidationNotEqualError, got <nil>
=== RUN   TestValidFailEqBytes
--- FAIL: TestValidFailEqBytes (0.00s)
	valid_fail_eq_bytes_test.go:31: expected kaitai.ValidationNotEqualError, got <nil>
=== RUN   TestValidFailEqInt
--- FAIL: TestValidFailEqInt (0.00s)
	valid_fail_eq_int_test.go:31: expected kaitai.ValidationNotEqualError, got <nil>
=== RUN   TestValidFailInst
--- FAIL: TestValidFailInst (0.00s)
	valid_fail_inst_test.go:31: expected kaitai.ValidationNotEqualError, got <nil>
=== RUN   TestValidLong
--- PASS: TestValidLong (0.00s)
=== RUN   TestValidNotParsedIf
--- PASS: TestValidNotParsedIf (0.00s)
=== RUN   TestValidShort
--- PASS: TestValidShort (0.00s)
=== RUN   TestZlibWithHeader78
--- PASS: TestZlibWithHeader78 (0.00s)
FAIL
FAIL	github.com/kaitai-io/ci_targets/tests/spec/go	0.027s
