spec/java/src/io/kaitai/struct/spec/TestParamsCallExtraParens.java:5: error: cannot find symbol
import io.kaitai.struct.testformats.ParamsCallExtraParens;
                                   ^
  symbol:   class ParamsCallExtraParens
  location: package io.kaitai.struct.testformats
spec/java/src/io/kaitai/struct/spec/TestIndexToParamEos.java:5: error: cannot find symbol
import io.kaitai.struct.testformats.IndexToParamEos;
                                   ^
  symbol:   class IndexToParamEos
  location: package io.kaitai.struct.testformats
spec/java/src/io/kaitai/struct/spec/TestIndexToParamExpr.java:5: error: cannot find symbol
import io.kaitai.struct.testformats.IndexToParamExpr;
                                   ^
  symbol:   class IndexToParamExpr
  location: package io.kaitai.struct.testformats
spec/java/src/io/kaitai/struct/spec/TestIndexToParamUntil.java:5: error: cannot find symbol
import io.kaitai.struct.testformats.IndexToParamUntil;
                                   ^
  symbol:   class IndexToParamUntil
  location: package io.kaitai.struct.testformats
spec/java/src/io/kaitai/struct/spec/TestParamsDef.java:5: error: cannot find symbol
import io.kaitai.struct.testformats.ParamsDef;
                                   ^
  symbol:   class ParamsDef
  location: package io.kaitai.struct.testformats
spec/java/src/io/kaitai/struct/spec/TestParamsCallShort.java:5: error: cannot find symbol
import io.kaitai.struct.testformats.ParamsCallShort;
                                   ^
  symbol:   class ParamsCallShort
  location: package io.kaitai.struct.testformats
spec/java/src/io/kaitai/struct/spec/TestParamsEnum.java:5: error: cannot find symbol
import io.kaitai.struct.testformats.ParamsEnum;
                                   ^
  symbol:   class ParamsEnum
  location: package io.kaitai.struct.testformats
compiled/java/src/io/kaitai/struct/testformats/OpaqueWithParam.java:32: error: cannot find symbol
    private ParamsDef one;
            ^
  symbol:   class ParamsDef
  location: class OpaqueWithParam
compiled/java/src/io/kaitai/struct/testformats/OpaqueWithParam.java:35: error: cannot find symbol
    public ParamsDef one() { return one; }
           ^
  symbol:   class ParamsDef
  location: class OpaqueWithParam
spec/java/src/io/kaitai/struct/spec/TestValidFailRangeInt.java:11: error: cannot find symbol
    @Test(expectedExceptions = KaitaiStream.ValidationGreaterThanError.class)
                                           ^
  symbol:   class ValidationGreaterThanError
  location: class KaitaiStream
spec/java/src/io/kaitai/struct/spec/TestValidFailMaxInt.java:11: error: cannot find symbol
    @Test(expectedExceptions = KaitaiStream.ValidationGreaterThanError.class)
                                           ^
  symbol:   class ValidationGreaterThanError
  location: class KaitaiStream
spec/java/src/io/kaitai/struct/spec/TestValidFailMinInt.java:11: error: cannot find symbol
    @Test(expectedExceptions = KaitaiStream.ValidationLessThanError.class)
                                           ^
  symbol:   class ValidationLessThanError
  location: class KaitaiStream
spec/java/src/io/kaitai/struct/spec/TestValidFailAnyofInt.java:11: error: cannot find symbol
    @Test(expectedExceptions = KaitaiStream.ValidationNotAnyOfError.class)
                                           ^
  symbol:   class ValidationNotAnyOfError
  location: class KaitaiStream
spec/java/src/io/kaitai/struct/spec/TestParamsCallExtraParens.java:12: error: cannot find symbol
        ParamsCallExtraParens r = ParamsCallExtraParens.fromFile(SRC_DIR + "term_strz.bin");
        ^
  symbol:   class ParamsCallExtraParens
  location: class TestParamsCallExtraParens
spec/java/src/io/kaitai/struct/spec/TestParamsCallExtraParens.java:12: error: cannot find symbol
        ParamsCallExtraParens r = ParamsCallExtraParens.fromFile(SRC_DIR + "term_strz.bin");
                                  ^
  symbol:   variable ParamsCallExtraParens
  location: class TestParamsCallExtraParens
spec/java/src/io/kaitai/struct/spec/TestIndexToParamEos.java:11: error: cannot find symbol
        IndexToParamEos r = IndexToParamEos.fromFile(SRC_DIR + "index_sizes.bin");
        ^
  symbol:   class IndexToParamEos
  location: class TestIndexToParamEos
spec/java/src/io/kaitai/struct/spec/TestIndexToParamEos.java:11: error: cannot find symbol
        IndexToParamEos r = IndexToParamEos.fromFile(SRC_DIR + "index_sizes.bin");
                            ^
  symbol:   variable IndexToParamEos
  location: class TestIndexToParamEos
spec/java/src/io/kaitai/struct/spec/TestIndexToParamExpr.java:11: error: cannot find symbol
        IndexToParamExpr r = IndexToParamExpr.fromFile(SRC_DIR + "index_sizes.bin");
        ^
  symbol:   class IndexToParamExpr
  location: class TestIndexToParamExpr
spec/java/src/io/kaitai/struct/spec/TestIndexToParamExpr.java:11: error: cannot find symbol
        IndexToParamExpr r = IndexToParamExpr.fromFile(SRC_DIR + "index_sizes.bin");
                             ^
  symbol:   variable IndexToParamExpr
  location: class TestIndexToParamExpr
spec/java/src/io/kaitai/struct/spec/TestIndexToParamUntil.java:11: error: cannot find symbol
        IndexToParamUntil r = IndexToParamUntil.fromFile(SRC_DIR + "index_sizes.bin");
        ^
  symbol:   class IndexToParamUntil
  location: class TestIndexToParamUntil
spec/java/src/io/kaitai/struct/spec/TestIndexToParamUntil.java:11: error: cannot find symbol
        IndexToParamUntil r = IndexToParamUntil.fromFile(SRC_DIR + "index_sizes.bin");
                              ^
  symbol:   variable IndexToParamUntil
  location: class TestIndexToParamUntil
spec/java/src/io/kaitai/struct/spec/TestParamsDef.java:14: error: cannot find symbol
        ParamsDef r = new ParamsDef(io, 5, true);
        ^
  symbol:   class ParamsDef
  location: class TestParamsDef
spec/java/src/io/kaitai/struct/spec/TestParamsDef.java:14: error: cannot find symbol
        ParamsDef r = new ParamsDef(io, 5, true);
                          ^
  symbol:   class ParamsDef
  location: class TestParamsDef
spec/java/src/io/kaitai/struct/spec/TestParamsCallShort.java:11: error: cannot find symbol
        ParamsCallShort r = ParamsCallShort.fromFile(SRC_DIR + "term_strz.bin");
        ^
  symbol:   class ParamsCallShort
  location: class TestParamsCallShort
spec/java/src/io/kaitai/struct/spec/TestParamsCallShort.java:11: error: cannot find symbol
        ParamsCallShort r = ParamsCallShort.fromFile(SRC_DIR + "term_strz.bin");
                            ^
  symbol:   variable ParamsCallShort
  location: class TestParamsCallShort
spec/java/src/io/kaitai/struct/spec/TestParamsEnum.java:11: error: cannot find symbol
        ParamsEnum r = ParamsEnum.fromFile(SRC_DIR + "enum_0.bin");
        ^
  symbol:   class ParamsEnum
  location: class TestParamsEnum
spec/java/src/io/kaitai/struct/spec/TestParamsEnum.java:11: error: cannot find symbol
        ParamsEnum r = ParamsEnum.fromFile(SRC_DIR + "enum_0.bin");
                       ^
  symbol:   variable ParamsEnum
  location: class TestParamsEnum
spec/java/src/io/kaitai/struct/spec/TestParamsEnum.java:13: error: package ParamsEnum does not exist
        assertEquals(r.one(), ParamsEnum.Animal.CAT);
                                        ^
compiled/java/src/io/kaitai/struct/testformats/ValidFailMinInt.java:32: error: cannot find symbol
            throw new KaitaiStream.ValidationLessThanError(123, foo(), _io(), "/seq/0");
                                  ^
  symbol:   class ValidationLessThanError
  location: class KaitaiStream
compiled/java/src/io/kaitai/struct/testformats/OpaqueWithParam.java:30: error: cannot find symbol
        this.one = new ParamsDef(this._io, 5, true);
                       ^
  symbol:   class ParamsDef
  location: class OpaqueWithParam
compiled/java/src/io/kaitai/struct/testformats/ValidFailRangeInt.java:32: error: cannot find symbol
            throw new KaitaiStream.ValidationLessThanError(5, foo(), _io(), "/seq/0");
                                  ^
  symbol:   class ValidationLessThanError
  location: class KaitaiStream
compiled/java/src/io/kaitai/struct/testformats/ValidFailRangeInt.java:35: error: cannot find symbol
            throw new KaitaiStream.ValidationGreaterThanError(10, foo(), _io(), "/seq/0");
                                  ^
  symbol:   class ValidationGreaterThanError
  location: class KaitaiStream
compiled/java/src/io/kaitai/struct/testformats/ValidFailAnyofInt.java:32: error: cannot find symbol
            throw new KaitaiStream.ValidationNotAnyOfError(foo(), _io(), "/seq/0");
                                  ^
  symbol:   class ValidationNotAnyOfError
  location: class KaitaiStream
compiled/java/src/io/kaitai/struct/testformats/ValidFailMaxInt.java:32: error: cannot find symbol
            throw new KaitaiStream.ValidationGreaterThanError(12, foo(), _io(), "/seq/0");
                                  ^
  symbol:   class ValidationGreaterThanError
  location: class KaitaiStream
compiled/java/src/io/kaitai/struct/testformats/ProcessRepeatUsertype.java:35: error: no suitable method found for processXor(ArrayList<byte[]>,int)
            this._raw_blocks = KaitaiStream.processXor(this._raw__raw_blocks, 158);
                                           ^
    method KaitaiStream.processXor(byte[],int) is not applicable
      (argument mismatch; ArrayList<byte[]> cannot be converted to byte[])
    method KaitaiStream.processXor(byte[],byte[]) is not applicable
      (argument mismatch; ArrayList<byte[]> cannot be converted to byte[])
compiled/java/src/io/kaitai/struct/testformats/ProcessRepeatBytes.java:34: error: no suitable method found for processXor(ArrayList<byte[]>,int)
            this.bufs = KaitaiStream.processXor(this._raw_bufs, 158);
                                    ^
    method KaitaiStream.processXor(byte[],int) is not applicable
      (argument mismatch; ArrayList<byte[]> cannot be converted to byte[])
    method KaitaiStream.processXor(byte[],byte[]) is not applicable
      (argument mismatch; ArrayList<byte[]> cannot be converted to byte[])
36 errors
