<?xml version="1.0" encoding="UTF-8"?>
<testng-results skipped="0" failed="3" total="227" passed="224">
  <reporter-output>
  </reporter-output>
  <suite name="Kaitai Struct Java specs" duration-ms="332" started-at="2022-04-15T20:32:40Z" finished-at="2022-04-15T20:32:40Z">
    <groups>
    </groups>
    <test name="all" duration-ms="332" started-at="2022-04-15T20:32:40Z" finished-at="2022-04-15T20:32:40Z">
      <class name="io.kaitai.struct.spec.TestIndexToParamUntil">
        <test-method status="PASS" signature="testIndexToParamUntil()[pri:0, instance:io.kaitai.struct.spec.TestIndexToParamUntil@5682a3b2]" name="testIndexToParamUntil" duration-ms="0" started-at="2022-04-15T20:32:40Z" finished-at="2022-04-15T20:32:40Z">
          <reporter-output>
          </reporter-output>
        </test-method> <!-- testIndexToParamUntil -->
      </class> <!-- io.kaitai.struct.spec.TestIndexToParamUntil -->
      <class name="io.kaitai.struct.spec.TestRepeatUntilCalcArrayType">
        <test-method status="PASS" signature="testRepeatUntilCalcArrayType()[pri:0, instance:io.kaitai.struct.spec.TestRepeatUntilCalcArrayType@2e24655f]" name="testRepeatUntilCalcArrayType" duration-ms="1" started-at="2022-04-15T20:32:40Z" finished-at="2022-04-15T20:32:40Z">
          <reporter-output>
          </reporter-output>
        </test-method> <!-- testRepeatUntilCalcArrayType -->
      </class> <!-- io.kaitai.struct.spec.TestRepeatUntilCalcArrayType -->
      <class name="io.kaitai.struct.spec.TestDebugSwitchUser">
        <test-method status="PASS" signature="testDebugSwitchUser()[pri:0, instance:io.kaitai.struct.spec.TestDebugSwitchUser@3b4b99]" name="testDebugSwitchUser" duration-ms="1" started-at="2022-04-15T20:32:40Z" finished-at="2022-04-15T20:32:40Z">
          <reporter-output>
          </reporter-output>
        </test-method> <!-- testDebugSwitchUser -->
      </class> <!-- io.kaitai.struct.spec.TestDebugSwitchUser -->
      <class name="io.kaitai.struct.spec.TestParamsPassArrayStruct">
        <test-method status="PASS" signature="testParamsPassArrayStruct()[pri:0, instance:io.kaitai.struct.spec.TestParamsPassArrayStruct@7c101ac]" name="testParamsPassArrayStruct" duration-ms="1" started-at="2022-04-15T20:32:40Z" finished-at="2022-04-15T20:32:40Z">
          <reporter-output>
          </reporter-output>
        </test-method> <!-- testParamsPassArrayStruct -->
      </class> <!-- io.kaitai.struct.spec.TestParamsPassArrayStruct -->
      <class name="io.kaitai.struct.spec.TestNavParentVsValueInst">
        <test-method status="PASS" signature="testNavParentVsValueInst()[pri:0, instance:io.kaitai.struct.spec.TestNavParentVsValueInst@34d74aa5]" name="testNavParentVsValueInst" duration-ms="0" started-at="2022-04-15T20:32:40Z" finished-at="2022-04-15T20:32:40Z">
          <reporter-output>
          </reporter-output>
        </test-method> <!-- testNavParentVsValueInst -->
      </class> <!-- io.kaitai.struct.spec.TestNavParentVsValueInst -->
      <class name="io.kaitai.struct.spec.TestIoLocalVar">
        <test-method status="PASS" signature="testIoLocalVar()[pri:0, instance:io.kaitai.struct.spec.TestIoLocalVar@4abc43e6]" name="testIoLocalVar" duration-ms="0" started-at="2022-04-15T20:32:40Z" finished-at="2022-04-15T20:32:40Z">
          <reporter-output>
          </reporter-output>
        </test-method> <!-- testIoLocalVar -->
      </class> <!-- io.kaitai.struct.spec.TestIoLocalVar -->
      <class name="io.kaitai.struct.spec.TestParamsDef">
        <test-method status="PASS" signature="testParamsDef()[pri:0, instance:io.kaitai.struct.spec.TestParamsDef@34e029ed]" name="testParamsDef" duration-ms="1" started-at="2022-04-15T20:32:40Z" finished-at="2022-04-15T20:32:40Z">
          <reporter-output>
          </reporter-output>
        </test-method> <!-- testParamsDef -->
      </class> <!-- io.kaitai.struct.spec.TestParamsDef -->
      <class name="io.kaitai.struct.spec.TestValidFailRangeBytes">
        <test-method status="PASS" signature="testValidFailRangeBytes()[pri:0, instance:io.kaitai.struct.spec.TestValidFailRangeBytes@515e5560]" name="testValidFailRangeBytes" duration-ms="1" started-at="2022-04-15T20:32:40Z" finished-at="2022-04-15T20:32:40Z">
          <exception class="io.kaitai.struct.KaitaiStream$ValidationGreaterThanError">
            <message>
              <![CDATA[/seq/0: at pos 2: validation failed: not in range, max [50 31], but got [50 41]]]>
            </message>
            <full-stacktrace>
              <![CDATA[io.kaitai.struct.KaitaiStream$ValidationGreaterThanError: /seq/0: at pos 2: validation failed: not in range, max [50 31], but got [50 41]
	at io.kaitai.struct.testformats.ValidFailRangeBytes._read(ValidFailRangeBytes.java:35)
	at io.kaitai.struct.testformats.ValidFailRangeBytes.<init>(ValidFailRangeBytes.java:27)
	at io.kaitai.struct.testformats.ValidFailRangeBytes.<init>(ValidFailRangeBytes.java:16)
	at io.kaitai.struct.testformats.ValidFailRangeBytes.fromFile(ValidFailRangeBytes.java:12)
	at io.kaitai.struct.spec.TestValidFailRangeBytes.testValidFailRangeBytes(TestValidFailRangeBytes.java:13)
	at sun.reflect.NativeMethodAccessorImpl.invoke0(Native Method)
	at sun.reflect.NativeMethodAccessorImpl.invoke(NativeMethodAccessorImpl.java:57)
	at sun.reflect.DelegatingMethodAccessorImpl.invoke(DelegatingMethodAccessorImpl.java:43)
	at java.lang.reflect.Method.invoke(Method.java:606)
	at org.testng.internal.MethodInvocationHelper.invokeMethod(MethodInvocationHelper.java:86)
	at org.testng.internal.Invoker.invokeMethod(Invoker.java:643)
	at org.testng.internal.Invoker.invokeTestMethod(Invoker.java:820)
	at org.testng.internal.Invoker.invokeTestMethods(Invoker.java:1128)
	at org.testng.internal.TestMethodWorker.invokeTestMethods(TestMethodWorker.java:129)
	at org.testng.internal.TestMethodWorker.run(TestMethodWorker.java:112)
	at org.testng.TestRunner.privateRun(TestRunner.java:782)
	at org.testng.TestRunner.run(TestRunner.java:632)
	at org.testng.SuiteRunner.runTest(SuiteRunner.java:366)
	at org.testng.SuiteRunner.runSequentially(SuiteRunner.java:361)
	at org.testng.SuiteRunner.privateRun(SuiteRunner.java:319)
	at org.testng.SuiteRunner.run(SuiteRunner.java:268)
	at org.testng.SuiteRunnerWorker.runSuite(SuiteRunnerWorker.java:52)
	at org.testng.SuiteRunnerWorker.run(SuiteRunnerWorker.java:86)
	at org.testng.TestNG.runSuitesSequentially(TestNG.java:1244)
	at org.testng.TestNG.runSuitesLocally(TestNG.java:1169)
	at org.testng.TestNG.run(TestNG.java:1064)
	at org.testng.TestNG.privateMain(TestNG.java:1385)
	at org.testng.TestNG.main(TestNG.java:1354)
]]>
            </full-stacktrace>
          </exception> <!-- io.kaitai.struct.KaitaiStream$ValidationGreaterThanError -->
          <reporter-output>
          </reporter-output>
        </test-method> <!-- testValidFailRangeBytes -->
      </class> <!-- io.kaitai.struct.spec.TestValidFailRangeBytes -->
      <class name="io.kaitai.struct.spec.TestRepeatEosStruct">
        <test-method status="PASS" signature="testRepeatEosStruct()[pri:0, instance:io.kaitai.struct.spec.TestRepeatEosStruct@32e565d7]" name="testRepeatEosStruct" duration-ms="0" started-at="2022-04-15T20:32:40Z" finished-at="2022-04-15T20:32:40Z">
          <reporter-output>
          </reporter-output>
        </test-method> <!-- testRepeatEosStruct -->
      </class> <!-- io.kaitai.struct.spec.TestRepeatEosStruct -->
      <class name="io.kaitai.struct.spec.TestCombineBool">
        <test-method status="PASS" signature="testCombineBool()[pri:0, instance:io.kaitai.struct.spec.TestCombineBool@1131943f]" name="testCombineBool" duration-ms="0" started-at="2022-04-15T20:32:40Z" finished-at="2022-04-15T20:32:40Z">
          <reporter-output>
          </reporter-output>
        </test-method> <!-- testCombineBool -->
      </class> <!-- io.kaitai.struct.spec.TestCombineBool -->
      <class name="io.kaitai.struct.spec.TestProcessRotate">
        <test-method status="PASS" signature="testProcessRotate()[pri:0, instance:io.kaitai.struct.spec.TestProcessRotate@3b7465a]" name="testProcessRotate" duration-ms="1" started-at="2022-04-15T20:32:40Z" finished-at="2022-04-15T20:32:40Z">
          <reporter-output>
          </reporter-output>
        </test-method> <!-- testProcessRotate -->
      </class> <!-- io.kaitai.struct.spec.TestProcessRotate -->
      <class name="io.kaitai.struct.spec.TestNavParent2">
        <test-method status="PASS" signature="testNavParent2()[pri:0, instance:io.kaitai.struct.spec.TestNavParent2@7d7fd835]" name="testNavParent2" duration-ms="2" started-at="2022-04-15T20:32:40Z" finished-at="2022-04-15T20:32:40Z">
          <reporter-output>
          </reporter-output>
        </test-method> <!-- testNavParent2 -->
      </class> <!-- io.kaitai.struct.spec.TestNavParent2 -->
      <class name="io.kaitai.struct.spec.TestInstanceStd">
        <test-method status="PASS" signature="testInstanceStd()[pri:0, instance:io.kaitai.struct.spec.TestInstanceStd@2713fcac]" name="testInstanceStd" duration-ms="0" started-at="2022-04-15T20:32:40Z" finished-at="2022-04-15T20:32:40Z">
          <reporter-output>
          </reporter-output>
        </test-method> <!-- testInstanceStd -->
      </class> <!-- io.kaitai.struct.spec.TestInstanceStd -->
      <class name="io.kaitai.struct.spec.TestNavParent3">
        <test-method status="PASS" signature="testNavParent3()[pri:0, instance:io.kaitai.struct.spec.TestNavParent3@3784f000]" name="testNavParent3" duration-ms="1" started-at="2022-04-15T20:32:40Z" finished-at="2022-04-15T20:32:40Z">
          <reporter-output>
          </reporter-output>
        </test-method> <!-- testNavParent3 -->
      </class> <!-- io.kaitai.struct.spec.TestNavParent3 -->
      <class name="io.kaitai.struct.spec.TestEnumForUnknownId">
        <test-method status="PASS" signature="testEnumForUnknownId()[pri:0, instance:io.kaitai.struct.spec.TestEnumForUnknownId@66116674]" name="testEnumForUnknownId" duration-ms="1" started-at="2022-04-15T20:32:40Z" finished-at="2022-04-15T20:32:40Z">
          <reporter-output>
          </reporter-output>
        </test-method> <!-- testEnumForUnknownId -->
      </class> <!-- io.kaitai.struct.spec.TestEnumForUnknownId -->
      <class name="io.kaitai.struct.spec.TestNestedTypes">
        <test-method status="PASS" signature="testNestedTypes()[pri:0, instance:io.kaitai.struct.spec.TestNestedTypes@4798088a]" name="testNestedTypes" duration-ms="1" started-at="2022-04-15T20:32:40Z" finished-at="2022-04-15T20:32:40Z">
          <reporter-output>
          </reporter-output>
        </test-method> <!-- testNestedTypes -->
      </class> <!-- io.kaitai.struct.spec.TestNestedTypes -->
      <class name="io.kaitai.struct.spec.TestInstanceStdArray">
        <test-method status="PASS" signature="testInstanceStdArray()[pri:0, instance:io.kaitai.struct.spec.TestInstanceStdArray@c3f8d48]" name="testInstanceStdArray" duration-ms="1" started-at="2022-04-15T20:32:40Z" finished-at="2022-04-15T20:32:40Z">
          <reporter-output>
          </reporter-output>
        </test-method> <!-- testInstanceStdArray -->
      </class> <!-- io.kaitai.struct.spec.TestInstanceStdArray -->
      <class name="io.kaitai.struct.spec.TestSwitchMultiBoolOps">
        <test-method status="PASS" signature="testSwitchMultiBoolOps()[pri:0, instance:io.kaitai.struct.spec.TestSwitchMultiBoolOps@511d9ca5]" name="testSwitchMultiBoolOps" duration-ms="1" started-at="2022-04-15T20:32:40Z" finished-at="2022-04-15T20:32:40Z">
          <reporter-output>
          </reporter-output>
        </test-method> <!-- testSwitchMultiBoolOps -->
      </class> <!-- io.kaitai.struct.spec.TestSwitchMultiBoolOps -->
      <class name="io.kaitai.struct.spec.TestSwitchManualIntSizeEos">
        <test-method status="PASS" signature="testSwitchManualIntSizeEos()[pri:0, instance:io.kaitai.struct.spec.TestSwitchManualIntSizeEos@427800ef]" name="testSwitchManualIntSizeEos" duration-ms="2" started-at="2022-04-15T20:32:40Z" finished-at="2022-04-15T20:32:40Z">
          <reporter-output>
          </reporter-output>
        </test-method> <!-- testSwitchManualIntSizeEos -->
      </class> <!-- io.kaitai.struct.spec.TestSwitchManualIntSizeEos -->
      <class name="io.kaitai.struct.spec.TestParamsPassUsertype">
        <test-method status="PASS" signature="testParamsPassUsertype()[pri:0, instance:io.kaitai.struct.spec.TestParamsPassUsertype@7a1095a1]" name="testParamsPassUsertype" duration-ms="1" started-at="2022-04-15T20:32:40Z" finished-at="2022-04-15T20:32:40Z">
          <reporter-output>
          </reporter-output>
        </test-method> <!-- testParamsPassUsertype -->
      </class> <!-- io.kaitai.struct.spec.TestParamsPassUsertype -->
      <class name="io.kaitai.struct.spec.TestFixedContents">
        <test-method status="PASS" signature="testFixedContents()[pri:0, instance:io.kaitai.struct.spec.TestFixedContents@7e542721]" name="testFixedContents" duration-ms="0" started-at="2022-04-15T20:32:40Z" finished-at="2022-04-15T20:32:40Z">
          <reporter-output>
          </reporter-output>
        </test-method> <!-- testFixedContents -->
      </class> <!-- io.kaitai.struct.spec.TestFixedContents -->
      <class name="io.kaitai.struct.spec.TestZlibSurrounded">
        <test-method status="PASS" signature="testZlibSurrounded()[pri:0, instance:io.kaitai.struct.spec.TestZlibSurrounded@7281205b]" name="testZlibSurrounded" duration-ms="0" started-at="2022-04-15T20:32:40Z" finished-at="2022-04-15T20:32:40Z">
          <reporter-output>
          </reporter-output>
        </test-method> <!-- testZlibSurrounded -->
      </class> <!-- io.kaitai.struct.spec.TestZlibSurrounded -->
      <class name="io.kaitai.struct.spec.TestExprStrEncodings">
        <test-method status="PASS" signature="testExprStrEncodings()[pri:0, instance:io.kaitai.struct.spec.TestExprStrEncodings@1358d955]" name="testExprStrEncodings" duration-ms="22" started-at="2022-04-15T20:32:40Z" finished-at="2022-04-15T20:32:40Z">
          <reporter-output>
          </reporter-output>
        </test-method> <!-- testExprStrEncodings -->
      </class> <!-- io.kaitai.struct.spec.TestExprStrEncodings -->
      <class name="io.kaitai.struct.spec.TestZlibWithHeader78">
        <test-method status="PASS" signature="testZlibWithHeader78()[pri:0, instance:io.kaitai.struct.spec.TestZlibWithHeader78@60fcd20]" name="testZlibWithHeader78" duration-ms="0" started-at="2022-04-15T20:32:40Z" finished-at="2022-04-15T20:32:40Z">
          <reporter-output>
          </reporter-output>
        </test-method> <!-- testZlibWithHeader78 -->
      </class> <!-- io.kaitai.struct.spec.TestZlibWithHeader78 -->
      <class name="io.kaitai.struct.spec.TestNavRoot">
        <test-method status="PASS" signature="testNavRoot()[pri:0, instance:io.kaitai.struct.spec.TestNavRoot@7789dc75]" name="testNavRoot" duration-ms="1" started-at="2022-04-15T20:32:40Z" finished-at="2022-04-15T20:32:40Z">
          <reporter-output>
          </reporter-output>
        </test-method> <!-- testNavRoot -->
      </class> <!-- io.kaitai.struct.spec.TestNavRoot -->
      <class name="io.kaitai.struct.spec.TestBcdUserTypeLe">
        <test-method status="PASS" signature="testBcdUserTypeLe()[pri:0, instance:io.kaitai.struct.spec.TestBcdUserTypeLe@39269273]" name="testBcdUserTypeLe" duration-ms="2" started-at="2022-04-15T20:32:40Z" finished-at="2022-04-15T20:32:40Z">
          <reporter-output>
          </reporter-output>
        </test-method> <!-- testBcdUserTypeLe -->
      </class> <!-- io.kaitai.struct.spec.TestBcdUserTypeLe -->
      <class name="io.kaitai.struct.spec.TestHelloWorld">
        <test-method status="PASS" signature="testHelloWorld()[pri:0, instance:io.kaitai.struct.spec.TestHelloWorld@651876a2]" name="testHelloWorld" duration-ms="0" started-at="2022-04-15T20:32:40Z" finished-at="2022-04-15T20:32:40Z">
          <reporter-output>
          </reporter-output>
        </test-method> <!-- testHelloWorld -->
      </class> <!-- io.kaitai.struct.spec.TestHelloWorld -->
      <class name="io.kaitai.struct.spec.TestMetaXref">
        <test-method status="PASS" signature="testMetaXref()[pri:0, instance:io.kaitai.struct.spec.TestMetaXref@98d1693]" name="testMetaXref" duration-ms="1" started-at="2022-04-15T20:32:40Z" finished-at="2022-04-15T20:32:40Z">
          <reporter-output>
          </reporter-output>
        </test-method> <!-- testMetaXref -->
      </class> <!-- io.kaitai.struct.spec.TestMetaXref -->
      <class name="io.kaitai.struct.spec.TestSwitchManualInt">
        <test-method status="PASS" signature="testSwitchManualInt()[pri:0, instance:io.kaitai.struct.spec.TestSwitchManualInt@2265b1bd]" name="testSwitchManualInt" duration-ms="1" started-at="2022-04-15T20:32:40Z" finished-at="2022-04-15T20:32:40Z">
          <reporter-output>
          </reporter-output>
        </test-method> <!-- testSwitchManualInt -->
      </class> <!-- io.kaitai.struct.spec.TestSwitchManualInt -->
      <class name="io.kaitai.struct.spec.TestExprCalcArrayOps">
        <test-method status="PASS" signature="testExprCalcArrayOps()[pri:0, instance:io.kaitai.struct.spec.TestExprCalcArrayOps@3e1576fa]" name="testExprCalcArrayOps" duration-ms="1" started-at="2022-04-15T20:32:40Z" finished-at="2022-04-15T20:32:40Z">
          <reporter-output>
          </reporter-output>
        </test-method> <!-- testExprCalcArrayOps -->
      </class> <!-- io.kaitai.struct.spec.TestExprCalcArrayOps -->
      <class name="io.kaitai.struct.spec.TestValidLong">
        <test-method status="PASS" signature="testValidLong()[pri:0, instance:io.kaitai.struct.spec.TestValidLong@4dc0064c]" name="testValidLong" duration-ms="1" started-at="2022-04-15T20:32:40Z" finished-at="2022-04-15T20:32:40Z">
          <reporter-output>
          </reporter-output>
        </test-method> <!-- testValidLong -->
      </class> <!-- io.kaitai.struct.spec.TestValidLong -->
      <class name="io.kaitai.struct.spec.TestEnumIntRangeU">
        <test-method status="PASS" signature="testEnumIntRangeU()[pri:0, instance:io.kaitai.struct.spec.TestEnumIntRangeU@29987acd]" name="testEnumIntRangeU" duration-ms="1" started-at="2022-04-15T20:32:40Z" finished-at="2022-04-15T20:32:40Z">
          <reporter-output>
          </reporter-output>
        </test-method> <!-- testEnumIntRangeU -->
      </class> <!-- io.kaitai.struct.spec.TestEnumIntRangeU -->
      <class name="io.kaitai.struct.spec.TestProcessXor4Value">
        <test-method status="PASS" signature="testProcessXor4Value()[pri:0, instance:io.kaitai.struct.spec.TestProcessXor4Value@55adb150]" name="testProcessXor4Value" duration-ms="0" started-at="2022-04-15T20:32:40Z" finished-at="2022-04-15T20:32:40Z">
          <reporter-output>
          </reporter-output>
        </test-method> <!-- testProcessXor4Value -->
      </class> <!-- io.kaitai.struct.spec.TestProcessXor4Value -->
      <class name="io.kaitai.struct.spec.TestValidFailExpr">
        <test-method status="PASS" signature="testValidFailExpr()[pri:0, instance:io.kaitai.struct.spec.TestValidFailExpr@56c3e418]" name="testValidFailExpr" duration-ms="1" started-at="2022-04-15T20:32:40Z" finished-at="2022-04-15T20:32:40Z">
          <exception class="io.kaitai.struct.KaitaiStream$ValidationExprError">
            <message>
              <![CDATA[/seq/1: at pos 3: validation failed: not matching the expression, got -190]]>
            </message>
            <full-stacktrace>
              <![CDATA[io.kaitai.struct.KaitaiStream$ValidationExprError: /seq/1: at pos 3: validation failed: not matching the expression, got -190
	at io.kaitai.struct.testformats.ValidFailExpr._read(ValidFailExpr.java:41)
	at io.kaitai.struct.testformats.ValidFailExpr.<init>(ValidFailExpr.java:27)
	at io.kaitai.struct.testformats.ValidFailExpr.<init>(ValidFailExpr.java:16)
	at io.kaitai.struct.testformats.ValidFailExpr.fromFile(ValidFailExpr.java:12)
	at io.kaitai.struct.spec.TestValidFailExpr.testValidFailExpr(TestValidFailExpr.java:13)
	at sun.reflect.NativeMethodAccessorImpl.invoke0(Native Method)
	at sun.reflect.NativeMethodAccessorImpl.invoke(NativeMethodAccessorImpl.java:57)
	at sun.reflect.DelegatingMethodAccessorImpl.invoke(DelegatingMethodAccessorImpl.java:43)
	at java.lang.reflect.Method.invoke(Method.java:606)
	at org.testng.internal.MethodInvocationHelper.invokeMethod(MethodInvocationHelper.java:86)
	at org.testng.internal.Invoker.invokeMethod(Invoker.java:643)
	at org.testng.internal.Invoker.invokeTestMethod(Invoker.java:820)
	at org.testng.internal.Invoker.invokeTestMethods(Invoker.java:1128)
	at org.testng.internal.TestMethodWorker.invokeTestMethods(TestMethodWorker.java:129)
	at org.testng.internal.TestMethodWorker.run(TestMethodWorker.java:112)
	at org.testng.TestRunner.privateRun(TestRunner.java:782)
	at org.testng.TestRunner.run(TestRunner.java:632)
	at org.testng.SuiteRunner.runTest(SuiteRunner.java:366)
	at org.testng.SuiteRunner.runSequentially(SuiteRunner.java:361)
	at org.testng.SuiteRunner.privateRun(SuiteRunner.java:319)
	at org.testng.SuiteRunner.run(SuiteRunner.java:268)
	at org.testng.SuiteRunnerWorker.runSuite(SuiteRunnerWorker.java:52)
	at org.testng.SuiteRunnerWorker.run(SuiteRunnerWorker.java:86)
	at org.testng.TestNG.runSuitesSequentially(TestNG.java:1244)
	at org.testng.TestNG.runSuitesLocally(TestNG.java:1169)
	at org.testng.TestNG.run(TestNG.java:1064)
	at org.testng.TestNG.privateMain(TestNG.java:1385)
	at org.testng.TestNG.main(TestNG.java:1354)
]]>
            </full-stacktrace>
          </exception> <!-- io.kaitai.struct.KaitaiStream$ValidationExprError -->
          <reporter-output>
          </reporter-output>
        </test-method> <!-- testValidFailExpr -->
      </class> <!-- io.kaitai.struct.spec.TestValidFailExpr -->
      <class name="io.kaitai.struct.spec.TestEnumIntRangeS">
        <test-method status="PASS" signature="testEnumIntRangeS()[pri:0, instance:io.kaitai.struct.spec.TestEnumIntRangeS@7e973f09]" name="testEnumIntRangeS" duration-ms="1" started-at="2022-04-15T20:32:40Z" finished-at="2022-04-15T20:32:40Z">
          <reporter-output>
          </reporter-output>
        </test-method> <!-- testEnumIntRangeS -->
      </class> <!-- io.kaitai.struct.spec.TestEnumIntRangeS -->
      <class name="io.kaitai.struct.spec.TestNestedTypeParam">
        <test-method status="PASS" signature="testNestedTypeParam()[pri:0, instance:io.kaitai.struct.spec.TestNestedTypeParam@7763f2fb]" name="testNestedTypeParam" duration-ms="1" started-at="2022-04-15T20:32:40Z" finished-at="2022-04-15T20:32:40Z">
          <reporter-output>
          </reporter-output>
        </test-method> <!-- testNestedTypeParam -->
      </class> <!-- io.kaitai.struct.spec.TestNestedTypeParam -->
      <class name="io.kaitai.struct.spec.TestOpaqueExternalType02Parent">
        <test-method status="PASS" signature="testOpaqueExternalType02Parent()[pri:0, instance:io.kaitai.struct.spec.TestOpaqueExternalType02Parent@19290b6f]" name="testOpaqueExternalType02Parent" duration-ms="1" started-at="2022-04-15T20:32:40Z" finished-at="2022-04-15T20:32:40Z">
          <reporter-output>
          </reporter-output>
        </test-method> <!-- testOpaqueExternalType02Parent -->
      </class> <!-- io.kaitai.struct.spec.TestOpaqueExternalType02Parent -->
      <class name="io.kaitai.struct.spec.TestValidEqStrEncodings">
        <test-method status="PASS" signature="testValidEqStrEncodings()[pri:0, instance:io.kaitai.struct.spec.TestValidEqStrEncodings@7119ac71]" name="testValidEqStrEncodings" duration-ms="0" started-at="2022-04-15T20:32:40Z" finished-at="2022-04-15T20:32:40Z">
          <reporter-output>
          </reporter-output>
        </test-method> <!-- testValidEqStrEncodings -->
      </class> <!-- io.kaitai.struct.spec.TestValidEqStrEncodings -->
      <class name="io.kaitai.struct.spec.TestExprStrOps">
        <test-method status="PASS" signature="testExprStrOps()[pri:0, instance:io.kaitai.struct.spec.TestExprStrOps@2a803365]" name="testExprStrOps" duration-ms="0" started-at="2022-04-15T20:32:40Z" finished-at="2022-04-15T20:32:40Z">
          <reporter-output>
          </reporter-output>
        </test-method> <!-- testExprStrOps -->
      </class> <!-- io.kaitai.struct.spec.TestExprStrOps -->
      <class name="io.kaitai.struct.spec.TestParamsPassBool">
        <test-method status="PASS" signature="testParamsPassBool()[pri:0, instance:io.kaitai.struct.spec.TestParamsPassBool@2305d3ff]" name="testParamsPassBool" duration-ms="1" started-at="2022-04-15T20:32:40Z" finished-at="2022-04-15T20:32:40Z">
          <reporter-output>
          </reporter-output>
        </test-method> <!-- testParamsPassBool -->
      </class> <!-- io.kaitai.struct.spec.TestParamsPassBool -->
      <class name="io.kaitai.struct.spec.TestMetaTags">
        <test-method status="PASS" signature="testMetaTags()[pri:0, instance:io.kaitai.struct.spec.TestMetaTags@1faccfb7]" name="testMetaTags" duration-ms="0" started-at="2022-04-15T20:32:40Z" finished-at="2022-04-15T20:32:40Z">
          <reporter-output>
          </reporter-output>
        </test-method> <!-- testMetaTags -->
      </class> <!-- io.kaitai.struct.spec.TestMetaTags -->
      <class name="io.kaitai.struct.spec.TestDebugEnumName">
        <test-method status="PASS" signature="testDebugEnumName()[pri:0, instance:io.kaitai.struct.spec.TestDebugEnumName@44ec0f07]" name="testDebugEnumName" duration-ms="1" started-at="2022-04-15T20:32:40Z" finished-at="2022-04-15T20:32:40Z">
          <reporter-output>
          </reporter-output>
        </test-method> <!-- testDebugEnumName -->
      </class> <!-- io.kaitai.struct.spec.TestDebugEnumName -->
      <class name="io.kaitai.struct.spec.TestBufferedStruct">
        <test-method status="PASS" signature="testBufferedStruct()[pri:0, instance:io.kaitai.struct.spec.TestBufferedStruct@67e37e4a]" name="testBufferedStruct" duration-ms="1" started-at="2022-04-15T20:32:40Z" finished-at="2022-04-15T20:32:40Z">
          <reporter-output>
          </reporter-output>
        </test-method> <!-- testBufferedStruct -->
      </class> <!-- io.kaitai.struct.spec.TestBufferedStruct -->
      <class name="io.kaitai.struct.spec.TestPositionToEnd">
        <test-method status="PASS" signature="testPositionToEnd()[pri:0, instance:io.kaitai.struct.spec.TestPositionToEnd@3be8184f]" name="testPositionToEnd" duration-ms="1" started-at="2022-04-15T20:32:40Z" finished-at="2022-04-15T20:32:40Z">
          <reporter-output>
          </reporter-output>
        </test-method> <!-- testPositionToEnd -->
      </class> <!-- io.kaitai.struct.spec.TestPositionToEnd -->
      <class name="io.kaitai.struct.spec.TestRepeatUntilComplex">
        <test-method status="PASS" signature="testRepeatUntilComplex()[pri:0, instance:io.kaitai.struct.spec.TestRepeatUntilComplex@40638da0]" name="testRepeatUntilComplex" duration-ms="1" started-at="2022-04-15T20:32:40Z" finished-at="2022-04-15T20:32:40Z">
          <reporter-output>
          </reporter-output>
        </test-method> <!-- testRepeatUntilComplex -->
      </class> <!-- io.kaitai.struct.spec.TestRepeatUntilComplex -->
      <class name="io.kaitai.struct.spec.TestExprIoEof">
        <test-method status="PASS" signature="testExprIoEof()[pri:0, instance:io.kaitai.struct.spec.TestExprIoEof@6198a30d]" name="testExprIoEof" duration-ms="1" started-at="2022-04-15T20:32:40Z" finished-at="2022-04-15T20:32:40Z">
          <reporter-output>
          </reporter-output>
        </test-method> <!-- testExprIoEof -->
      </class> <!-- io.kaitai.struct.spec.TestExprIoEof -->
      <class name="io.kaitai.struct.spec.TestEnum1">
        <test-method status="PASS" signature="testEnum1()[pri:0, instance:io.kaitai.struct.spec.TestEnum1@3aa0eb51]" name="testEnum1" duration-ms="2" started-at="2022-04-15T20:32:40Z" finished-at="2022-04-15T20:32:40Z">
          <reporter-output>
          </reporter-output>
        </test-method> <!-- testEnum1 -->
      </class> <!-- io.kaitai.struct.spec.TestEnum1 -->
      <class name="io.kaitai.struct.spec.TestEnum0">
        <test-method status="PASS" signature="testEnum0()[pri:0, instance:io.kaitai.struct.spec.TestEnum0@5792bb81]" name="testEnum0" duration-ms="1" started-at="2022-04-15T20:32:40Z" finished-at="2022-04-15T20:32:40Z">
          <reporter-output>
          </reporter-output>
        </test-method> <!-- testEnum0 -->
      </class> <!-- io.kaitai.struct.spec.TestEnum0 -->
      <class name="io.kaitai.struct.spec.TestSwitchManualEnumInvalidElse">
        <test-method status="PASS" signature="testSwitchManualEnumInvalidElse()[pri:0, instance:io.kaitai.struct.spec.TestSwitchManualEnumInvalidElse@7c1031ba]" name="testSwitchManualEnumInvalidElse" duration-ms="1" started-at="2022-04-15T20:32:40Z" finished-at="2022-04-15T20:32:40Z">
          <reporter-output>
          </reporter-output>
        </test-method> <!-- testSwitchManualEnumInvalidElse -->
      </class> <!-- io.kaitai.struct.spec.TestSwitchManualEnumInvalidElse -->
      <class name="io.kaitai.struct.spec.TestBitsSignedResB32Be">
        <test-method status="PASS" signature="testBitsSignedResB32Be()[pri:0, instance:io.kaitai.struct.spec.TestBitsSignedResB32Be@47e72466]" name="testBitsSignedResB32Be" duration-ms="0" started-at="2022-04-15T20:32:40Z" finished-at="2022-04-15T20:32:40Z">
          <reporter-output>
          </reporter-output>
        </test-method> <!-- testBitsSignedResB32Be -->
      </class> <!-- io.kaitai.struct.spec.TestBitsSignedResB32Be -->
      <class name="io.kaitai.struct.spec.TestTermStrz">
        <test-method status="PASS" signature="testTermStrz()[pri:0, instance:io.kaitai.struct.spec.TestTermStrz@68c3b8a3]" name="testTermStrz" duration-ms="0" started-at="2022-04-15T20:32:40Z" finished-at="2022-04-15T20:32:40Z">
          <reporter-output>
          </reporter-output>
        </test-method> <!-- testTermStrz -->
      </class> <!-- io.kaitai.struct.spec.TestTermStrz -->
      <class name="io.kaitai.struct.spec.TestBitsUnalignedB64Le">
        <test-method status="PASS" signature="testBitsUnalignedB64Le()[pri:0, instance:io.kaitai.struct.spec.TestBitsUnalignedB64Le@2a9d1058]" name="testBitsUnalignedB64Le" duration-ms="0" started-at="2022-04-15T20:32:40Z" finished-at="2022-04-15T20:32:40Z">
          <reporter-output>
          </reporter-output>
        </test-method> <!-- testBitsUnalignedB64Le -->
      </class> <!-- io.kaitai.struct.spec.TestBitsUnalignedB64Le -->
      <class name="io.kaitai.struct.spec.TestNavParentFalse2">
        <test-method status="PASS" signature="testNavParentFalse2()[pri:0, instance:io.kaitai.struct.spec.TestNavParentFalse2@1ac9277d]" name="testNavParentFalse2" duration-ms="1" started-at="2022-04-15T20:32:40Z" finished-at="2022-04-15T20:32:40Z">
          <reporter-output>
          </reporter-output>
        </test-method> <!-- testNavParentFalse2 -->
      </class> <!-- io.kaitai.struct.spec.TestNavParentFalse2 -->
      <class name="io.kaitai.struct.spec.TestBitsShiftByB32Le">
        <test-method status="PASS" signature="testBitsShiftByB32Le()[pri:0, instance:io.kaitai.struct.spec.TestBitsShiftByB32Le@9e9c826]" name="testBitsShiftByB32Le" duration-ms="0" started-at="2022-04-15T20:32:40Z" finished-at="2022-04-15T20:32:40Z">
          <reporter-output>
          </reporter-output>
        </test-method> <!-- testBitsShiftByB32Le -->
      </class> <!-- io.kaitai.struct.spec.TestBitsShiftByB32Le -->
      <class name="io.kaitai.struct.spec.TestProcessXorConst">
        <test-method status="PASS" signature="testProcessXorConst()[pri:0, instance:io.kaitai.struct.spec.TestProcessXorConst@f9370f0]" name="testProcessXorConst" duration-ms="0" started-at="2022-04-15T20:32:40Z" finished-at="2022-04-15T20:32:40Z">
          <reporter-output>
          </reporter-output>
        </test-method> <!-- testProcessXorConst -->
      </class> <!-- io.kaitai.struct.spec.TestProcessXorConst -->
      <class name="io.kaitai.struct.spec.TestExprBytesOps">
        <test-method status="FAIL" signature="testExprBytesOps()[pri:0, instance:io.kaitai.struct.spec.TestExprBytesOps@46faf015]" name="testExprBytesOps" duration-ms="0" started-at="2022-04-15T20:32:40Z" finished-at="2022-04-15T20:32:40Z">
          <exception class="java.lang.AssertionError">
            <message>
              <![CDATA[expected [255] but found [-1]]]>
            </message>
            <full-stacktrace>
              <![CDATA[java.lang.AssertionError: expected [255] but found [-1]
	at org.testng.Assert.fail(Assert.java:94)
	at org.testng.Assert.failNotEquals(Assert.java:513)
	at org.testng.Assert.assertEqualsImpl(Assert.java:135)
	at org.testng.Assert.assertEquals(Assert.java:116)
	at org.testng.Assert.assertEquals(Assert.java:389)
	at org.testng.Assert.assertEquals(Assert.java:399)
	at io.kaitai.struct.spec.CommonSpec.assertIntEquals(CommonSpec.java:36)
	at io.kaitai.struct.spec.TestExprBytesOps.testExprBytesOps(TestExprBytesOps.java:17)
	at sun.reflect.NativeMethodAccessorImpl.invoke0(Native Method)
	at sun.reflect.NativeMethodAccessorImpl.invoke(NativeMethodAccessorImpl.java:57)
	at sun.reflect.DelegatingMethodAccessorImpl.invoke(DelegatingMethodAccessorImpl.java:43)
	at java.lang.reflect.Method.invoke(Method.java:606)
	at org.testng.internal.MethodInvocationHelper.invokeMethod(MethodInvocationHelper.java:86)
	at org.testng.internal.Invoker.invokeMethod(Invoker.java:643)
	at org.testng.internal.Invoker.invokeTestMethod(Invoker.java:820)
	at org.testng.internal.Invoker.invokeTestMethods(Invoker.java:1128)
	at org.testng.internal.TestMethodWorker.invokeTestMethods(TestMethodWorker.java:129)
	at org.testng.internal.TestMethodWorker.run(TestMethodWorker.java:112)
	at org.testng.TestRunner.privateRun(TestRunner.java:782)
	at org.testng.TestRunner.run(TestRunner.java:632)
	at org.testng.SuiteRunner.runTest(SuiteRunner.java:366)
	at org.testng.SuiteRunner.runSequentially(SuiteRunner.java:361)
	at org.testng.SuiteRunner.privateRun(SuiteRunner.java:319)
	at org.testng.SuiteRunner.run(SuiteRunner.java:268)
	at org.testng.SuiteRunnerWorker.runSuite(SuiteRunnerWorker.java:52)
	at org.testng.SuiteRunnerWorker.run(SuiteRunnerWorker.java:86)
	at org.testng.TestNG.runSuitesSequentially(TestNG.java:1244)
	at org.testng.TestNG.runSuitesLocally(TestNG.java:1169)
	at org.testng.TestNG.run(TestNG.java:1064)
	at org.testng.TestNG.privateMain(TestNG.java:1385)
	at org.testng.TestNG.main(TestNG.java:1354)
]]>
            </full-stacktrace>
          </exception> <!-- java.lang.AssertionError -->
          <reporter-output>
          </reporter-output>
        </test-method> <!-- testExprBytesOps -->
      </class> <!-- io.kaitai.struct.spec.TestExprBytesOps -->
      <class name="io.kaitai.struct.spec.TestDefaultBigEndian">
        <test-method status="PASS" signature="testDefaultBigEndian()[pri:0, instance:io.kaitai.struct.spec.TestDefaultBigEndian@2940943]" name="testDefaultBigEndian" duration-ms="0" started-at="2022-04-15T20:32:40Z" finished-at="2022-04-15T20:32:40Z">
          <reporter-output>
          </reporter-output>
        </test-method> <!-- testDefaultBigEndian -->
      </class> <!-- io.kaitai.struct.spec.TestDefaultBigEndian -->
      <class name="io.kaitai.struct.spec.TestParamsPassArrayUsertype">
        <test-method status="PASS" signature="testParamsPassArrayUsertype()[pri:0, instance:io.kaitai.struct.spec.TestParamsPassArrayUsertype@601fa7c6]" name="testParamsPassArrayUsertype" duration-ms="0" started-at="2022-04-15T20:32:40Z" finished-at="2022-04-15T20:32:40Z">
          <reporter-output>
          </reporter-output>
        </test-method> <!-- testParamsPassArrayUsertype -->
      </class> <!-- io.kaitai.struct.spec.TestParamsPassArrayUsertype -->
      <class name="io.kaitai.struct.spec.TestEnumToIClassBorder1">
        <test-method status="PASS" signature="testEnumToIClassBorder1()[pri:0, instance:io.kaitai.struct.spec.TestEnumToIClassBorder1@2914b988]" name="testEnumToIClassBorder1" duration-ms="1" started-at="2022-04-15T20:32:40Z" finished-at="2022-04-15T20:32:40Z">
          <reporter-output>
          </reporter-output>
        </test-method> <!-- testEnumToIClassBorder1 -->
      </class> <!-- io.kaitai.struct.spec.TestEnumToIClassBorder1 -->
      <class name="io.kaitai.struct.spec.TestValidSwitch">
        <test-method status="PASS" signature="testValidSwitch()[pri:0, instance:io.kaitai.struct.spec.TestValidSwitch@4db3ea55]" name="testValidSwitch" duration-ms="0" started-at="2022-04-15T20:32:40Z" finished-at="2022-04-15T20:32:40Z">
          <reporter-output>
          </reporter-output>
        </test-method> <!-- testValidSwitch -->
      </class> <!-- io.kaitai.struct.spec.TestValidSwitch -->
      <class name="io.kaitai.struct.spec.TestDocstrings">
        <test-method status="PASS" signature="testDocstrings()[pri:0, instance:io.kaitai.struct.spec.TestDocstrings@2d95ebec]" name="testDocstrings" duration-ms="0" started-at="2022-04-15T20:32:40Z" finished-at="2022-04-15T20:32:40Z">
          <reporter-output>
          </reporter-output>
        </test-method> <!-- testDocstrings -->
      </class> <!-- io.kaitai.struct.spec.TestDocstrings -->
      <class name="io.kaitai.struct.spec.TestIntegersMinMax">
        <test-method status="PASS" signature="testIntegersMinMax()[pri:0, instance:io.kaitai.struct.spec.TestIntegersMinMax@7649b16d]" name="testIntegersMinMax" duration-ms="1" started-at="2022-04-15T20:32:40Z" finished-at="2022-04-15T20:32:40Z">
          <reporter-output>
          </reporter-output>
        </test-method> <!-- testIntegersMinMax -->
      </class> <!-- io.kaitai.struct.spec.TestIntegersMinMax -->
      <class name="io.kaitai.struct.spec.TestFixedStruct">
        <test-method status="PASS" signature="testFixedStruct()[pri:0, instance:io.kaitai.struct.spec.TestFixedStruct@4a8171b]" name="testFixedStruct" duration-ms="12" started-at="2022-04-15T20:32:40Z" finished-at="2022-04-15T20:32:40Z">
          <reporter-output>
          </reporter-output>
        </test-method> <!-- testFixedStruct -->
      </class> <!-- io.kaitai.struct.spec.TestFixedStruct -->
      <class name="io.kaitai.struct.spec.TestFloatingPoints">
        <test-method status="PASS" signature="testFloatingPoints()[pri:0, instance:io.kaitai.struct.spec.TestFloatingPoints@6c4c3ffd]" name="testFloatingPoints" duration-ms="0" started-at="2022-04-15T20:32:40Z" finished-at="2022-04-15T20:32:40Z">
          <reporter-output>
          </reporter-output>
        </test-method> <!-- testFloatingPoints -->
      </class> <!-- io.kaitai.struct.spec.TestFloatingPoints -->
      <class name="io.kaitai.struct.spec.TestSwitchManualEnumInvalid">
        <test-method status="PASS" signature="testSwitchManualEnumInvalid()[pri:0, instance:io.kaitai.struct.spec.TestSwitchManualEnumInvalid@28cb15bf]" name="testSwitchManualEnumInvalid" duration-ms="1" started-at="2022-04-15T20:32:40Z" finished-at="2022-04-15T20:32:40Z">
          <reporter-output>
          </reporter-output>
        </test-method> <!-- testSwitchManualEnumInvalid -->
      </class> <!-- io.kaitai.struct.spec.TestSwitchManualEnumInvalid -->
      <class name="io.kaitai.struct.spec.TestCastNested">
        <test-method status="PASS" signature="testCastNested()[pri:0, instance:io.kaitai.struct.spec.TestCastNested@544a43d2]" name="testCastNested" duration-ms="1" started-at="2022-04-15T20:32:40Z" finished-at="2022-04-15T20:32:40Z">
          <reporter-output>
          </reporter-output>
        </test-method> <!-- testCastNested -->
      </class> <!-- io.kaitai.struct.spec.TestCastNested -->
      <class name="io.kaitai.struct.spec.TestCombineBytes">
        <test-method status="PASS" signature="testCombineBytes()[pri:0, instance:io.kaitai.struct.spec.TestCombineBytes@768508c2]" name="testCombineBytes" duration-ms="0" started-at="2022-04-15T20:32:40Z" finished-at="2022-04-15T20:32:40Z">
          <reporter-output>
          </reporter-output>
        </test-method> <!-- testCombineBytes -->
      </class> <!-- io.kaitai.struct.spec.TestCombineBytes -->
      <class name="io.kaitai.struct.spec.TestStrEncodingsUtf16">
        <test-method status="PASS" signature="testStrEncodingsUtf16()[pri:0, instance:io.kaitai.struct.spec.TestStrEncodingsUtf16@2eb6a52e]" name="testStrEncodingsUtf16" duration-ms="1" started-at="2022-04-15T20:32:40Z" finished-at="2022-04-15T20:32:40Z">
          <reporter-output>
          </reporter-output>
        </test-method> <!-- testStrEncodingsUtf16 -->
      </class> <!-- io.kaitai.struct.spec.TestStrEncodingsUtf16 -->
      <class name="io.kaitai.struct.spec.TestBitsSimpleLe">
        <test-method status="PASS" signature="testBitsSimpleLe()[pri:0, instance:io.kaitai.struct.spec.TestBitsSimpleLe@9c2732e]" name="testBitsSimpleLe" duration-ms="1" started-at="2022-04-15T20:32:40Z" finished-at="2022-04-15T20:32:40Z">
          <reporter-output>
          </reporter-output>
        </test-method> <!-- testBitsSimpleLe -->
      </class> <!-- io.kaitai.struct.spec.TestBitsSimpleLe -->
      <class name="io.kaitai.struct.spec.TestIndexToParamEos">
        <test-method status="PASS" signature="testIndexToParamEos()[pri:0, instance:io.kaitai.struct.spec.TestIndexToParamEos@55f6efd2]" name="testIndexToParamEos" duration-ms="1" started-at="2022-04-15T20:32:40Z" finished-at="2022-04-15T20:32:40Z">
          <reporter-output>
          </reporter-output>
        </test-method> <!-- testIndexToParamEos -->
      </class> <!-- io.kaitai.struct.spec.TestIndexToParamEos -->
      <class name="io.kaitai.struct.spec.TestNonStandard">
        <test-method status="PASS" signature="testNonStandard()[pri:0, instance:io.kaitai.struct.spec.TestNonStandard@1c845f64]" name="testNonStandard" duration-ms="1" started-at="2022-04-15T20:32:40Z" finished-at="2022-04-15T20:32:40Z">
          <reporter-output>
          </reporter-output>
        </test-method> <!-- testNonStandard -->
      </class> <!-- io.kaitai.struct.spec.TestNonStandard -->
      <class name="io.kaitai.struct.spec.TestBitsUnalignedB32Le">
        <test-method status="PASS" signature="testBitsUnalignedB32Le()[pri:0, instance:io.kaitai.struct.spec.TestBitsUnalignedB32Le@451cf8e9]" name="testBitsUnalignedB32Le" duration-ms="1" started-at="2022-04-15T20:32:40Z" finished-at="2022-04-15T20:32:40Z">
          <reporter-output>
          </reporter-output>
        </test-method> <!-- testBitsUnalignedB32Le -->
      </class> <!-- io.kaitai.struct.spec.TestBitsUnalignedB32Le -->
      <class name="io.kaitai.struct.spec.TestTypeTernary2ndFalsy">
        <test-method status="PASS" signature="testTypeTernary2ndFalsy()[pri:0, instance:io.kaitai.struct.spec.TestTypeTernary2ndFalsy@4a2fcea5]" name="testTypeTernary2ndFalsy" duration-ms="1" started-at="2022-04-15T20:32:40Z" finished-at="2022-04-15T20:32:40Z">
          <reporter-output>
          </reporter-output>
        </test-method> <!-- testTypeTernary2ndFalsy -->
      </class> <!-- io.kaitai.struct.spec.TestTypeTernary2ndFalsy -->
      <class name="io.kaitai.struct.spec.TestStrEos">
        <test-method status="PASS" signature="testStrEos()[pri:0, instance:io.kaitai.struct.spec.TestStrEos@333c29f0]" name="testStrEos" duration-ms="1" started-at="2022-04-15T20:32:40Z" finished-at="2022-04-15T20:32:40Z">
          <reporter-output>
          </reporter-output>
        </test-method> <!-- testStrEos -->
      </class> <!-- io.kaitai.struct.spec.TestStrEos -->
      <class name="io.kaitai.struct.spec.TestPositionAbs">
        <test-method status="PASS" signature="testPositionAbs()[pri:0, instance:io.kaitai.struct.spec.TestPositionAbs@7ad0e999]" name="testPositionAbs" duration-ms="1" started-at="2022-04-15T20:32:40Z" finished-at="2022-04-15T20:32:40Z">
          <reporter-output>
          </reporter-output>
        </test-method> <!-- testPositionAbs -->
      </class> <!-- io.kaitai.struct.spec.TestPositionAbs -->
      <class name="io.kaitai.struct.spec.TestDebug0">
        <test-method status="PASS" signature="testDebug0()[pri:0, instance:io.kaitai.struct.spec.TestDebug0@55f8a38e]" name="testDebug0" duration-ms="9" started-at="2022-04-15T20:32:40Z" finished-at="2022-04-15T20:32:40Z">
          <reporter-output>
          </reporter-output>
        </test-method> <!-- testDebug0 -->
      </class> <!-- io.kaitai.struct.spec.TestDebug0 -->
      <class name="io.kaitai.struct.spec.TestEnumImport">
        <test-method status="PASS" signature="testEnumImport()[pri:0, instance:io.kaitai.struct.spec.TestEnumImport@6bf8dc89]" name="testEnumImport" duration-ms="1" started-at="2022-04-15T20:32:40Z" finished-at="2022-04-15T20:32:40Z">
          <reporter-output>
          </reporter-output>
        </test-method> <!-- testEnumImport -->
      </class> <!-- io.kaitai.struct.spec.TestEnumImport -->
      <class name="io.kaitai.struct.spec.TestStrPadTerm">
        <test-method status="PASS" signature="testStrPadTerm()[pri:0, instance:io.kaitai.struct.spec.TestStrPadTerm@3949c12b]" name="testStrPadTerm" duration-ms="0" started-at="2022-04-15T20:32:40Z" finished-at="2022-04-15T20:32:40Z">
          <reporter-output>
          </reporter-output>
        </test-method> <!-- testStrPadTerm -->
      </class> <!-- io.kaitai.struct.spec.TestStrPadTerm -->
      <class name="io.kaitai.struct.spec.TestTermU1Val">
        <test-method status="PASS" signature="testTermU1Val()[pri:0, instance:io.kaitai.struct.spec.TestTermU1Val@46ae41af]" name="testTermU1Val" duration-ms="1" started-at="2022-04-15T20:32:40Z" finished-at="2022-04-15T20:32:40Z">
          <reporter-output>
          </reporter-output>
        </test-method> <!-- testTermU1Val -->
      </class> <!-- io.kaitai.struct.spec.TestTermU1Val -->
      <class name="io.kaitai.struct.spec.TestBitsSignedShiftB32Le">
        <test-method status="PASS" signature="testBitsSignedShiftB32Le()[pri:0, instance:io.kaitai.struct.spec.TestBitsSignedShiftB32Le@69ce31e]" name="testBitsSignedShiftB32Le" duration-ms="1" started-at="2022-04-15T20:32:40Z" finished-at="2022-04-15T20:32:40Z">
          <reporter-output>
          </reporter-output>
        </test-method> <!-- testBitsSignedShiftB32Le -->
      </class> <!-- io.kaitai.struct.spec.TestBitsSignedShiftB32Le -->
      <class name="io.kaitai.struct.spec.TestValidFailEqStr">
        <test-method status="PASS" signature="testValidFailEqStr()[pri:0, instance:io.kaitai.struct.spec.TestValidFailEqStr@62543f11]" name="testValidFailEqStr" duration-ms="0" started-at="2022-04-15T20:32:40Z" finished-at="2022-04-15T20:32:40Z">
          <exception class="io.kaitai.struct.KaitaiStream$ValidationNotEqualError">
            <message>
              <![CDATA[/seq/0: at pos 4: validation failed: not equal, expected BACK, but got PACK]]>
            </message>
            <full-stacktrace>
              <![CDATA[io.kaitai.struct.KaitaiStream$ValidationNotEqualError: /seq/0: at pos 4: validation failed: not equal, expected BACK, but got PACK
	at io.kaitai.struct.testformats.ValidFailEqStr._read(ValidFailEqStr.java:33)
	at io.kaitai.struct.testformats.ValidFailEqStr.<init>(ValidFailEqStr.java:28)
	at io.kaitai.struct.testformats.ValidFailEqStr.<init>(ValidFailEqStr.java:17)
	at io.kaitai.struct.testformats.ValidFailEqStr.fromFile(ValidFailEqStr.java:13)
	at io.kaitai.struct.spec.TestValidFailEqStr.testValidFailEqStr(TestValidFailEqStr.java:13)
	at sun.reflect.NativeMethodAccessorImpl.invoke0(Native Method)
	at sun.reflect.NativeMethodAccessorImpl.invoke(NativeMethodAccessorImpl.java:57)
	at sun.reflect.DelegatingMethodAccessorImpl.invoke(DelegatingMethodAccessorImpl.java:43)
	at java.lang.reflect.Method.invoke(Method.java:606)
	at org.testng.internal.MethodInvocationHelper.invokeMethod(MethodInvocationHelper.java:86)
	at org.testng.internal.Invoker.invokeMethod(Invoker.java:643)
	at org.testng.internal.Invoker.invokeTestMethod(Invoker.java:820)
	at org.testng.internal.Invoker.invokeTestMethods(Invoker.java:1128)
	at org.testng.internal.TestMethodWorker.invokeTestMethods(TestMethodWorker.java:129)
	at org.testng.internal.TestMethodWorker.run(TestMethodWorker.java:112)
	at org.testng.TestRunner.privateRun(TestRunner.java:782)
	at org.testng.TestRunner.run(TestRunner.java:632)
	at org.testng.SuiteRunner.runTest(SuiteRunner.java:366)
	at org.testng.SuiteRunner.runSequentially(SuiteRunner.java:361)
	at org.testng.SuiteRunner.privateRun(SuiteRunner.java:319)
	at org.testng.SuiteRunner.run(SuiteRunner.java:268)
	at org.testng.SuiteRunnerWorker.runSuite(SuiteRunnerWorker.java:52)
	at org.testng.SuiteRunnerWorker.run(SuiteRunnerWorker.java:86)
	at org.testng.TestNG.runSuitesSequentially(TestNG.java:1244)
	at org.testng.TestNG.runSuitesLocally(TestNG.java:1169)
	at org.testng.TestNG.run(TestNG.java:1064)
	at org.testng.TestNG.privateMain(TestNG.java:1385)
	at org.testng.TestNG.main(TestNG.java:1354)
]]>
            </full-stacktrace>
          </exception> <!-- io.kaitai.struct.KaitaiStream$ValidationNotEqualError -->
          <reporter-output>
          </reporter-output>
        </test-method> <!-- testValidFailEqStr -->
      </class> <!-- io.kaitai.struct.spec.TestValidFailEqStr -->
      <class name="io.kaitai.struct.spec.TestIntegers">
        <test-method status="PASS" signature="testIntegers()[pri:0, instance:io.kaitai.struct.spec.TestIntegers@3e3fe977]" name="testIntegers" duration-ms="1" started-at="2022-04-15T20:32:40Z" finished-at="2022-04-15T20:32:40Z">
          <reporter-output>
          </reporter-output>
        </test-method> <!-- testIntegers -->
      </class> <!-- io.kaitai.struct.spec.TestIntegers -->
      <class name="io.kaitai.struct.spec.TestProcessRepeatBytes">
        <test-method status="PASS" signature="testProcessRepeatBytes()[pri:0, instance:io.kaitai.struct.spec.TestProcessRepeatBytes@5132d7d]" name="testProcessRepeatBytes" duration-ms="1" started-at="2022-04-15T20:32:40Z" finished-at="2022-04-15T20:32:40Z">
          <reporter-output>
          </reporter-output>
        </test-method> <!-- testProcessRepeatBytes -->
      </class> <!-- io.kaitai.struct.spec.TestProcessRepeatBytes -->
      <class name="io.kaitai.struct.spec.TestFloatToI">
        <test-method status="PASS" signature="testFloatToI()[pri:0, instance:io.kaitai.struct.spec.TestFloatToI@7399ae79]" name="testFloatToI" duration-ms="1" started-at="2022-04-15T20:32:40Z" finished-at="2022-04-15T20:32:40Z">
          <reporter-output>
          </reporter-output>
        </test-method> <!-- testFloatToI -->
      </class> <!-- io.kaitai.struct.spec.TestFloatToI -->
      <class name="io.kaitai.struct.spec.TestRecursiveOne">
        <test-method status="PASS" signature="testRecursiveOne()[pri:0, instance:io.kaitai.struct.spec.TestRecursiveOne@5edd9a4d]" name="testRecursiveOne" duration-ms="1" started-at="2022-04-15T20:32:40Z" finished-at="2022-04-15T20:32:40Z">
          <reporter-output>
          </reporter-output>
        </test-method> <!-- testRecursiveOne -->
      </class> <!-- io.kaitai.struct.spec.TestRecursiveOne -->
      <class name="io.kaitai.struct.spec.TestEnumToI">
        <test-method status="PASS" signature="testEnumToI()[pri:0, instance:io.kaitai.struct.spec.TestEnumToI@50caaed8]" name="testEnumToI" duration-ms="0" started-at="2022-04-15T20:32:40Z" finished-at="2022-04-15T20:32:40Z">
          <reporter-output>
          </reporter-output>
        </test-method> <!-- testEnumToI -->
      </class> <!-- io.kaitai.struct.spec.TestEnumToI -->
      <class name="io.kaitai.struct.spec.TestEnumLongRangeS">
        <test-method status="PASS" signature="testEnumLongRangeS()[pri:0, instance:io.kaitai.struct.spec.TestEnumLongRangeS@6aa91761]" name="testEnumLongRangeS" duration-ms="1" started-at="2022-04-15T20:32:40Z" finished-at="2022-04-15T20:32:40Z">
          <reporter-output>
          </reporter-output>
        </test-method> <!-- testEnumLongRangeS -->
      </class> <!-- io.kaitai.struct.spec.TestEnumLongRangeS -->
      <class name="io.kaitai.struct.spec.TestExprSizeofType0">
        <test-method status="PASS" signature="testExprSizeofType0()[pri:0, instance:io.kaitai.struct.spec.TestExprSizeofType0@7b737117]" name="testExprSizeofType0" duration-ms="0" started-at="2022-04-15T20:32:40Z" finished-at="2022-04-15T20:32:40Z">
          <reporter-output>
          </reporter-output>
        </test-method> <!-- testExprSizeofType0 -->
      </class> <!-- io.kaitai.struct.spec.TestExprSizeofType0 -->
      <class name="io.kaitai.struct.spec.TestExprSizeofType1">
        <test-method status="PASS" signature="testExprSizeofType1()[pri:0, instance:io.kaitai.struct.spec.TestExprSizeofType1@20862402]" name="testExprSizeofType1" duration-ms="0" started-at="2022-04-15T20:32:40Z" finished-at="2022-04-15T20:32:40Z">
          <reporter-output>
          </reporter-output>
        </test-method> <!-- testExprSizeofType1 -->
      </class> <!-- io.kaitai.struct.spec.TestExprSizeofType1 -->
      <class name="io.kaitai.struct.spec.TestSwitchBytearray">
        <test-method status="PASS" signature="testSwitchBytearray()[pri:0, instance:io.kaitai.struct.spec.TestSwitchBytearray@591686f7]" name="testSwitchBytearray" duration-ms="1" started-at="2022-04-15T20:32:40Z" finished-at="2022-04-15T20:32:40Z">
          <reporter-output>
          </reporter-output>
        </test-method> <!-- testSwitchBytearray -->
      </class> <!-- io.kaitai.struct.spec.TestSwitchBytearray -->
      <class name="io.kaitai.struct.spec.TestEnumLongRangeU">
        <test-method status="PASS" signature="testEnumLongRangeU()[pri:0, instance:io.kaitai.struct.spec.TestEnumLongRangeU@3e963f38]" name="testEnumLongRangeU" duration-ms="1" started-at="2022-04-15T20:32:40Z" finished-at="2022-04-15T20:32:40Z">
          <reporter-output>
          </reporter-output>
        </test-method> <!-- testEnumLongRangeU -->
      </class> <!-- io.kaitai.struct.spec.TestEnumLongRangeU -->
      <class name="io.kaitai.struct.spec.TestInstanceUserArray">
        <test-method status="PASS" signature="testInstanceUserArray()[pri:0, instance:io.kaitai.struct.spec.TestInstanceUserArray@fa0a4ca]" name="testInstanceUserArray" duration-ms="0" started-at="2022-04-15T20:32:40Z" finished-at="2022-04-15T20:32:40Z">
          <reporter-output>
          </reporter-output>
        </test-method> <!-- testInstanceUserArray -->
      </class> <!-- io.kaitai.struct.spec.TestInstanceUserArray -->
      <class name="io.kaitai.struct.spec.TestEofExceptionBytes">
        <test-method status="PASS" signature="testEofExceptionBytes()[pri:0, instance:io.kaitai.struct.spec.TestEofExceptionBytes@34fe3e4f]" name="testEofExceptionBytes" duration-ms="1" started-at="2022-04-15T20:32:40Z" finished-at="2022-04-15T20:32:40Z">
          <exception class="java.nio.BufferUnderflowException">
            <full-stacktrace>
              <![CDATA[java.nio.BufferUnderflowException
	at java.nio.DirectByteBuffer.get(DirectByteBuffer.java:265)
	at java.nio.ByteBuffer.get(ByteBuffer.java:695)
	at io.kaitai.struct.ByteBufferKaitaiStream.readBytes(ByteBufferKaitaiStream.java:324)
	at io.kaitai.struct.testformats.EofExceptionBytes._read(EofExceptionBytes.java:30)
	at io.kaitai.struct.testformats.EofExceptionBytes.<init>(EofExceptionBytes.java:27)
	at io.kaitai.struct.testformats.EofExceptionBytes.<init>(EofExceptionBytes.java:16)
	at io.kaitai.struct.testformats.EofExceptionBytes.fromFile(EofExceptionBytes.java:12)
	at io.kaitai.struct.spec.TestEofExceptionBytes.testEofExceptionBytes(TestEofExceptionBytes.java:13)
	at sun.reflect.NativeMethodAccessorImpl.invoke0(Native Method)
	at sun.reflect.NativeMethodAccessorImpl.invoke(NativeMethodAccessorImpl.java:57)
	at sun.reflect.DelegatingMethodAccessorImpl.invoke(DelegatingMethodAccessorImpl.java:43)
	at java.lang.reflect.Method.invoke(Method.java:606)
	at org.testng.internal.MethodInvocationHelper.invokeMethod(MethodInvocationHelper.java:86)
	at org.testng.internal.Invoker.invokeMethod(Invoker.java:643)
	at org.testng.internal.Invoker.invokeTestMethod(Invoker.java:820)
	at org.testng.internal.Invoker.invokeTestMethods(Invoker.java:1128)
	at org.testng.internal.TestMethodWorker.invokeTestMethods(TestMethodWorker.java:129)
	at org.testng.internal.TestMethodWorker.run(TestMethodWorker.java:112)
	at org.testng.TestRunner.privateRun(TestRunner.java:782)
	at org.testng.TestRunner.run(TestRunner.java:632)
	at org.testng.SuiteRunner.runTest(SuiteRunner.java:366)
	at org.testng.SuiteRunner.runSequentially(SuiteRunner.java:361)
	at org.testng.SuiteRunner.privateRun(SuiteRunner.java:319)
	at org.testng.SuiteRunner.run(SuiteRunner.java:268)
	at org.testng.SuiteRunnerWorker.runSuite(SuiteRunnerWorker.java:52)
	at org.testng.SuiteRunnerWorker.run(SuiteRunnerWorker.java:86)
	at org.testng.TestNG.runSuitesSequentially(TestNG.java:1244)
	at org.testng.TestNG.runSuitesLocally(TestNG.java:1169)
	at org.testng.TestNG.run(TestNG.java:1064)
	at org.testng.TestNG.privateMain(TestNG.java:1385)
	at org.testng.TestNG.main(TestNG.java:1354)
]]>
            </full-stacktrace>
          </exception> <!-- java.nio.BufferUnderflowException -->
          <reporter-output>
          </reporter-output>
        </test-method> <!-- testEofExceptionBytes -->
      </class> <!-- io.kaitai.struct.spec.TestEofExceptionBytes -->
      <class name="io.kaitai.struct.spec.TestBitsByteAligned">
        <test-method status="PASS" signature="testBitsByteAligned()[pri:0, instance:io.kaitai.struct.spec.TestBitsByteAligned@56b41028]" name="testBitsByteAligned" duration-ms="0" started-at="2022-04-15T20:32:40Z" finished-at="2022-04-15T20:32:40Z">
          <reporter-output>
          </reporter-output>
        </test-method> <!-- testBitsByteAligned -->
      </class> <!-- io.kaitai.struct.spec.TestBitsByteAligned -->
      <class name="io.kaitai.struct.spec.TestEofExceptionU4">
        <test-method status="PASS" signature="testEofExceptionU4()[pri:0, instance:io.kaitai.struct.spec.TestEofExceptionU4@18023558]" name="testEofExceptionU4" duration-ms="0" started-at="2022-04-15T20:32:40Z" finished-at="2022-04-15T20:32:40Z">
          <exception class="java.nio.BufferUnderflowException">
            <full-stacktrace>
              <![CDATA[java.nio.BufferUnderflowException
	at java.nio.Buffer.nextGetIndex(Buffer.java:498)
	at java.nio.DirectByteBuffer.getInt(DirectByteBuffer.java:675)
	at io.kaitai.struct.ByteBufferKaitaiStream.readU4le(ByteBufferKaitaiStream.java:269)
	at io.kaitai.struct.testformats.EofExceptionU4._read(EofExceptionU4.java:31)
	at io.kaitai.struct.testformats.EofExceptionU4.<init>(EofExceptionU4.java:27)
	at io.kaitai.struct.testformats.EofExceptionU4.<init>(EofExceptionU4.java:16)
	at io.kaitai.struct.testformats.EofExceptionU4.fromFile(EofExceptionU4.java:12)
	at io.kaitai.struct.spec.TestEofExceptionU4.testEofExceptionU4(TestEofExceptionU4.java:13)
	at sun.reflect.NativeMethodAccessorImpl.invoke0(Native Method)
	at sun.reflect.NativeMethodAccessorImpl.invoke(NativeMethodAccessorImpl.java:57)
	at sun.reflect.DelegatingMethodAccessorImpl.invoke(DelegatingMethodAccessorImpl.java:43)
	at java.lang.reflect.Method.invoke(Method.java:606)
	at org.testng.internal.MethodInvocationHelper.invokeMethod(MethodInvocationHelper.java:86)
	at org.testng.internal.Invoker.invokeMethod(Invoker.java:643)
	at org.testng.internal.Invoker.invokeTestMethod(Invoker.java:820)
	at org.testng.internal.Invoker.invokeTestMethods(Invoker.java:1128)
	at org.testng.internal.TestMethodWorker.invokeTestMethods(TestMethodWorker.java:129)
	at org.testng.internal.TestMethodWorker.run(TestMethodWorker.java:112)
	at org.testng.TestRunner.privateRun(TestRunner.java:782)
	at org.testng.TestRunner.run(TestRunner.java:632)
	at org.testng.SuiteRunner.runTest(SuiteRunner.java:366)
	at org.testng.SuiteRunner.runSequentially(SuiteRunner.java:361)
	at org.testng.SuiteRunner.privateRun(SuiteRunner.java:319)
	at org.testng.SuiteRunner.run(SuiteRunner.java:268)
	at org.testng.SuiteRunnerWorker.runSuite(SuiteRunnerWorker.java:52)
	at org.testng.SuiteRunnerWorker.run(SuiteRunnerWorker.java:86)
	at org.testng.TestNG.runSuitesSequentially(TestNG.java:1244)
	at org.testng.TestNG.runSuitesLocally(TestNG.java:1169)
	at org.testng.TestNG.run(TestNG.java:1064)
	at org.testng.TestNG.privateMain(TestNG.java:1385)
	at org.testng.TestNG.main(TestNG.java:1354)
]]>
            </full-stacktrace>
          </exception> <!-- java.nio.BufferUnderflowException -->
          <reporter-output>
          </reporter-output>
        </test-method> <!-- testEofExceptionU4 -->
      </class> <!-- io.kaitai.struct.spec.TestEofExceptionU4 -->
      <class name="io.kaitai.struct.spec.TestBitsSeqEndianCombo">
        <test-method status="PASS" signature="testBitsSeqEndianCombo()[pri:0, instance:io.kaitai.struct.spec.TestBitsSeqEndianCombo@68e0a1b9]" name="testBitsSeqEndianCombo" duration-ms="0" started-at="2022-04-15T20:32:40Z" finished-at="2022-04-15T20:32:40Z">
          <reporter-output>
          </reporter-output>
        </test-method> <!-- testBitsSeqEndianCombo -->
      </class> <!-- io.kaitai.struct.spec.TestBitsSeqEndianCombo -->
      <class name="io.kaitai.struct.spec.TestImportsAbs">
        <test-method status="PASS" signature="testImportsAbs()[pri:0, instance:io.kaitai.struct.spec.TestImportsAbs@7be8c2a2]" name="testImportsAbs" duration-ms="1" started-at="2022-04-15T20:32:40Z" finished-at="2022-04-15T20:32:40Z">
          <reporter-output>
          </reporter-output>
        </test-method> <!-- testImportsAbs -->
      </class> <!-- io.kaitai.struct.spec.TestImportsAbs -->
      <class name="io.kaitai.struct.spec.TestOptionalId">
        <test-method status="PASS" signature="testOptionalId()[pri:0, instance:io.kaitai.struct.spec.TestOptionalId@7532bfa4]" name="testOptionalId" duration-ms="0" started-at="2022-04-15T20:32:40Z" finished-at="2022-04-15T20:32:40Z">
          <reporter-output>
          </reporter-output>
        </test-method> <!-- testOptionalId -->
      </class> <!-- io.kaitai.struct.spec.TestOptionalId -->
      <class name="io.kaitai.struct.spec.TestEnumOfValueInst">
        <test-method status="PASS" signature="testEnumOfValueInst()[pri:0, instance:io.kaitai.struct.spec.TestEnumOfValueInst@43a8b2df]" name="testEnumOfValueInst" duration-ms="1" started-at="2022-04-15T20:32:40Z" finished-at="2022-04-15T20:32:40Z">
          <reporter-output>
          </reporter-output>
        </test-method> <!-- testEnumOfValueInst -->
      </class> <!-- io.kaitai.struct.spec.TestEnumOfValueInst -->
      <class name="io.kaitai.struct.spec.TestExprIntDiv">
        <test-method status="FAIL" signature="testExprIntDiv()[pri:0, instance:io.kaitai.struct.spec.TestExprIntDiv@7ff87852]" name="testExprIntDiv" duration-ms="0" started-at="2022-04-15T20:32:40Z" finished-at="2022-04-15T20:32:40Z">
          <exception class="java.lang.AssertionError">
            <message>
              <![CDATA[expected [-757] but found [-756]]]>
            </message>
            <full-stacktrace>
              <![CDATA[java.lang.AssertionError: expected [-757] but found [-756]
	at org.testng.Assert.fail(Assert.java:94)
	at org.testng.Assert.failNotEquals(Assert.java:513)
	at org.testng.Assert.assertEqualsImpl(Assert.java:135)
	at org.testng.Assert.assertEquals(Assert.java:116)
	at org.testng.Assert.assertEquals(Assert.java:389)
	at org.testng.Assert.assertEquals(Assert.java:399)
	at io.kaitai.struct.spec.CommonSpec.assertIntEquals(CommonSpec.java:36)
	at io.kaitai.struct.spec.TestExprIntDiv.testExprIntDiv(TestExprIntDiv.java:17)
	at sun.reflect.NativeMethodAccessorImpl.invoke0(Native Method)
	at sun.reflect.NativeMethodAccessorImpl.invoke(NativeMethodAccessorImpl.java:57)
	at sun.reflect.DelegatingMethodAccessorImpl.invoke(DelegatingMethodAccessorImpl.java:43)
	at java.lang.reflect.Method.invoke(Method.java:606)
	at org.testng.internal.MethodInvocationHelper.invokeMethod(MethodInvocationHelper.java:86)
	at org.testng.internal.Invoker.invokeMethod(Invoker.java:643)
	at org.testng.internal.Invoker.invokeTestMethod(Invoker.java:820)
	at org.testng.internal.Invoker.invokeTestMethods(Invoker.java:1128)
	at org.testng.internal.TestMethodWorker.invokeTestMethods(TestMethodWorker.java:129)
	at org.testng.internal.TestMethodWorker.run(TestMethodWorker.java:112)
	at org.testng.TestRunner.privateRun(TestRunner.java:782)
	at org.testng.TestRunner.run(TestRunner.java:632)
	at org.testng.SuiteRunner.runTest(SuiteRunner.java:366)
	at org.testng.SuiteRunner.runSequentially(SuiteRunner.java:361)
	at org.testng.SuiteRunner.privateRun(SuiteRunner.java:319)
	at org.testng.SuiteRunner.run(SuiteRunner.java:268)
	at org.testng.SuiteRunnerWorker.runSuite(SuiteRunnerWorker.java:52)
	at org.testng.SuiteRunnerWorker.run(SuiteRunnerWorker.java:86)
	at org.testng.TestNG.runSuitesSequentially(TestNG.java:1244)
	at org.testng.TestNG.runSuitesLocally(TestNG.java:1169)
	at org.testng.TestNG.run(TestNG.java:1064)
	at org.testng.TestNG.privateMain(TestNG.java:1385)
	at org.testng.TestNG.main(TestNG.java:1354)
]]>
            </full-stacktrace>
          </exception> <!-- java.lang.AssertionError -->
          <reporter-output>
          </reporter-output>
        </test-method> <!-- testExprIntDiv -->
      </class> <!-- io.kaitai.struct.spec.TestExprIntDiv -->
      <class name="io.kaitai.struct.spec.TestProcessCustomNoArgs">
        <test-method status="PASS" signature="testProcessCustomNoArgs()[pri:0, instance:io.kaitai.struct.spec.TestProcessCustomNoArgs@3dafab2e]" name="testProcessCustomNoArgs" duration-ms="1" started-at="2022-04-15T20:32:40Z" finished-at="2022-04-15T20:32:40Z">
          <reporter-output>
          </reporter-output>
        </test-method> <!-- testProcessCustomNoArgs -->
      </class> <!-- io.kaitai.struct.spec.TestProcessCustomNoArgs -->
      <class name="io.kaitai.struct.spec.TestUserType">
        <test-method status="PASS" signature="testUserType()[pri:0, instance:io.kaitai.struct.spec.TestUserType@9a2c255]" name="testUserType" duration-ms="0" started-at="2022-04-15T20:32:40Z" finished-at="2022-04-15T20:32:40Z">
          <reporter-output>
          </reporter-output>
        </test-method> <!-- testUserType -->
      </class> <!-- io.kaitai.struct.spec.TestUserType -->
      <class name="io.kaitai.struct.spec.TestDefaultEndianExprIsLe">
        <test-method status="PASS" signature="testDefaultEndianExprIsLe()[pri:0, instance:io.kaitai.struct.spec.TestDefaultEndianExprIsLe@28262531]" name="testDefaultEndianExprIsLe" duration-ms="2" started-at="2022-04-15T20:32:40Z" finished-at="2022-04-15T20:32:40Z">
          <reporter-output>
          </reporter-output>
        </test-method> <!-- testDefaultEndianExprIsLe -->
      </class> <!-- io.kaitai.struct.spec.TestDefaultEndianExprIsLe -->
      <class name="io.kaitai.struct.spec.TestValidFailInst">
        <test-method status="PASS" signature="testValidFailInst()[pri:0, instance:io.kaitai.struct.spec.TestValidFailInst@45f0690a]" name="testValidFailInst" duration-ms="1" started-at="2022-04-15T20:32:40Z" finished-at="2022-04-15T20:32:40Z">
          <exception class="io.kaitai.struct.KaitaiStream$ValidationNotEqualError">
            <message>
              <![CDATA[/instances/inst: at pos 0: validation failed: not equal, expected 80, but got 49]]>
            </message>
            <full-stacktrace>
              <![CDATA[io.kaitai.struct.KaitaiStream$ValidationNotEqualError: /instances/inst: at pos 0: validation failed: not equal, expected 80, but got 49
	at io.kaitai.struct.testformats.ValidFailInst.inst(ValidFailInst.java:43)
	at io.kaitai.struct.testformats.ValidFailInst._read(ValidFailInst.java:30)
	at io.kaitai.struct.testformats.ValidFailInst.<init>(ValidFailInst.java:27)
	at io.kaitai.struct.testformats.ValidFailInst.<init>(ValidFailInst.java:16)
	at io.kaitai.struct.testformats.ValidFailInst.fromFile(ValidFailInst.java:12)
	at io.kaitai.struct.spec.TestValidFailInst.testValidFailInst(TestValidFailInst.java:13)
	at sun.reflect.NativeMethodAccessorImpl.invoke0(Native Method)
	at sun.reflect.NativeMethodAccessorImpl.invoke(NativeMethodAccessorImpl.java:57)
	at sun.reflect.DelegatingMethodAccessorImpl.invoke(DelegatingMethodAccessorImpl.java:43)
	at java.lang.reflect.Method.invoke(Method.java:606)
	at org.testng.internal.MethodInvocationHelper.invokeMethod(MethodInvocationHelper.java:86)
	at org.testng.internal.Invoker.invokeMethod(Invoker.java:643)
	at org.testng.internal.Invoker.invokeTestMethod(Invoker.java:820)
	at org.testng.internal.Invoker.invokeTestMethods(Invoker.java:1128)
	at org.testng.internal.TestMethodWorker.invokeTestMethods(TestMethodWorker.java:129)
	at org.testng.internal.TestMethodWorker.run(TestMethodWorker.java:112)
	at org.testng.TestRunner.privateRun(TestRunner.java:782)
	at org.testng.TestRunner.run(TestRunner.java:632)
	at org.testng.SuiteRunner.runTest(SuiteRunner.java:366)
	at org.testng.SuiteRunner.runSequentially(SuiteRunner.java:361)
	at org.testng.SuiteRunner.privateRun(SuiteRunner.java:319)
	at org.testng.SuiteRunner.run(SuiteRunner.java:268)
	at org.testng.SuiteRunnerWorker.runSuite(SuiteRunnerWorker.java:52)
	at org.testng.SuiteRunnerWorker.run(SuiteRunnerWorker.java:86)
	at org.testng.TestNG.runSuitesSequentially(TestNG.java:1244)
	at org.testng.TestNG.runSuitesLocally(TestNG.java:1169)
	at org.testng.TestNG.run(TestNG.java:1064)
	at org.testng.TestNG.privateMain(TestNG.java:1385)
	at org.testng.TestNG.main(TestNG.java:1354)
]]>
            </full-stacktrace>
          </exception> <!-- io.kaitai.struct.KaitaiStream$ValidationNotEqualError -->
          <reporter-output>
          </reporter-output>
        </test-method> <!-- testValidFailInst -->
      </class> <!-- io.kaitai.struct.spec.TestValidFailInst -->
      <class name="io.kaitai.struct.spec.TestExprEnum">
        <test-method status="PASS" signature="testExprEnum()[pri:0, instance:io.kaitai.struct.spec.TestExprEnum@33e17fc]" name="testExprEnum" duration-ms="1" started-at="2022-04-15T20:32:40Z" finished-at="2022-04-15T20:32:40Z">
          <reporter-output>
          </reporter-output>
        </test-method> <!-- testExprEnum -->
      </class> <!-- io.kaitai.struct.spec.TestExprEnum -->
      <class name="io.kaitai.struct.spec.TestBitsSimple">
        <test-method status="PASS" signature="testBitsSimple()[pri:0, instance:io.kaitai.struct.spec.TestBitsSimple@1ae2cf08]" name="testBitsSimple" duration-ms="0" started-at="2022-04-15T20:32:40Z" finished-at="2022-04-15T20:32:40Z">
          <reporter-output>
          </reporter-output>
        </test-method> <!-- testBitsSimple -->
      </class> <!-- io.kaitai.struct.spec.TestBitsSimple -->
      <class name="io.kaitai.struct.spec.TestOpaqueExternalType">
        <test-method status="PASS" signature="testOpaqueExternalType()[pri:0, instance:io.kaitai.struct.spec.TestOpaqueExternalType@59a63e10]" name="testOpaqueExternalType" duration-ms="0" started-at="2022-04-15T20:32:40Z" finished-at="2022-04-15T20:32:40Z">
          <reporter-output>
          </reporter-output>
        </test-method> <!-- testOpaqueExternalType -->
      </class> <!-- io.kaitai.struct.spec.TestOpaqueExternalType -->
      <class name="io.kaitai.struct.spec.TestStrLiterals">
        <test-method status="PASS" signature="testStrLiterals()[pri:0, instance:io.kaitai.struct.spec.TestStrLiterals@6027b534]" name="testStrLiterals" duration-ms="0" started-at="2022-04-15T20:32:40Z" finished-at="2022-04-15T20:32:40Z">
          <reporter-output>
          </reporter-output>
        </test-method> <!-- testStrLiterals -->
      </class> <!-- io.kaitai.struct.spec.TestStrLiterals -->
      <class name="io.kaitai.struct.spec.TestValidFailMinInt">
        <test-method status="PASS" signature="testValidFailMinInt()[pri:0, instance:io.kaitai.struct.spec.TestValidFailMinInt@733636ed]" name="testValidFailMinInt" duration-ms="1" started-at="2022-04-15T20:32:40Z" finished-at="2022-04-15T20:32:40Z">
          <exception class="io.kaitai.struct.KaitaiStream$ValidationLessThanError">
            <message>
              <![CDATA[/seq/0: at pos 1: validation failed: not in range, min 123, but got 80]]>
            </message>
            <full-stacktrace>
              <![CDATA[io.kaitai.struct.KaitaiStream$ValidationLessThanError: /seq/0: at pos 1: validation failed: not in range, min 123, but got 80
	at io.kaitai.struct.testformats.ValidFailMinInt._read(ValidFailMinInt.java:32)
	at io.kaitai.struct.testformats.ValidFailMinInt.<init>(ValidFailMinInt.java:27)
	at io.kaitai.struct.testformats.ValidFailMinInt.<init>(ValidFailMinInt.java:16)
	at io.kaitai.struct.testformats.ValidFailMinInt.fromFile(ValidFailMinInt.java:12)
	at io.kaitai.struct.spec.TestValidFailMinInt.testValidFailMinInt(TestValidFailMinInt.java:13)
	at sun.reflect.NativeMethodAccessorImpl.invoke0(Native Method)
	at sun.reflect.NativeMethodAccessorImpl.invoke(NativeMethodAccessorImpl.java:57)
	at sun.reflect.DelegatingMethodAccessorImpl.invoke(DelegatingMethodAccessorImpl.java:43)
	at java.lang.reflect.Method.invoke(Method.java:606)
	at org.testng.internal.MethodInvocationHelper.invokeMethod(MethodInvocationHelper.java:86)
	at org.testng.internal.Invoker.invokeMethod(Invoker.java:643)
	at org.testng.internal.Invoker.invokeTestMethod(Invoker.java:820)
	at org.testng.internal.Invoker.invokeTestMethods(Invoker.java:1128)
	at org.testng.internal.TestMethodWorker.invokeTestMethods(TestMethodWorker.java:129)
	at org.testng.internal.TestMethodWorker.run(TestMethodWorker.java:112)
	at org.testng.TestRunner.privateRun(TestRunner.java:782)
	at org.testng.TestRunner.run(TestRunner.java:632)
	at org.testng.SuiteRunner.runTest(SuiteRunner.java:366)
	at org.testng.SuiteRunner.runSequentially(SuiteRunner.java:361)
	at org.testng.SuiteRunner.privateRun(SuiteRunner.java:319)
	at org.testng.SuiteRunner.run(SuiteRunner.java:268)
	at org.testng.SuiteRunnerWorker.runSuite(SuiteRunnerWorker.java:52)
	at org.testng.SuiteRunnerWorker.run(SuiteRunnerWorker.java:86)
	at org.testng.TestNG.runSuitesSequentially(TestNG.java:1244)
	at org.testng.TestNG.runSuitesLocally(TestNG.java:1169)
	at org.testng.TestNG.run(TestNG.java:1064)
	at org.testng.TestNG.privateMain(TestNG.java:1385)
	at org.testng.TestNG.main(TestNG.java:1354)
]]>
            </full-stacktrace>
          </exception> <!-- io.kaitai.struct.KaitaiStream$ValidationLessThanError -->
          <reporter-output>
          </reporter-output>
        </test-method> <!-- testValidFailMinInt -->
      </class> <!-- io.kaitai.struct.spec.TestValidFailMinInt -->
      <class name="io.kaitai.struct.spec.TestCastToTop">
        <test-method status="PASS" signature="testCastToTop()[pri:0, instance:io.kaitai.struct.spec.TestCastToTop@28282ae6]" name="testCastToTop" duration-ms="0" started-at="2022-04-15T20:32:40Z" finished-at="2022-04-15T20:32:40Z">
          <reporter-output>
          </reporter-output>
        </test-method> <!-- testCastToTop -->
      </class> <!-- io.kaitai.struct.spec.TestCastToTop -->
      <class name="io.kaitai.struct.spec.TestNestedSameName2">
        <test-method status="PASS" signature="testNestedSameName2()[pri:0, instance:io.kaitai.struct.spec.TestNestedSameName2@621a193a]" name="testNestedSameName2" duration-ms="1" started-at="2022-04-15T20:32:40Z" finished-at="2022-04-15T20:32:40Z">
          <reporter-output>
          </reporter-output>
        </test-method> <!-- testNestedSameName2 -->
      </class> <!-- io.kaitai.struct.spec.TestNestedSameName2 -->
      <class name="io.kaitai.struct.spec.TestDefaultEndianMod">
        <test-method status="PASS" signature="testDefaultEndianMod()[pri:0, instance:io.kaitai.struct.spec.TestDefaultEndianMod@1f56ddc0]" name="testDefaultEndianMod" duration-ms="2" started-at="2022-04-15T20:32:40Z" finished-at="2022-04-15T20:32:40Z">
          <reporter-output>
          </reporter-output>
        </test-method> <!-- testDefaultEndianMod -->
      </class> <!-- io.kaitai.struct.spec.TestDefaultEndianMod -->
      <class name="io.kaitai.struct.spec.TestBitsShiftByB64Le">
        <test-method status="PASS" signature="testBitsShiftByB64Le()[pri:0, instance:io.kaitai.struct.spec.TestBitsShiftByB64Le@580f78a5]" name="testBitsShiftByB64Le" duration-ms="1" started-at="2022-04-15T20:32:40Z" finished-at="2022-04-15T20:32:40Z">
          <reporter-output>
          </reporter-output>
        </test-method> <!-- testBitsShiftByB64Le -->
      </class> <!-- io.kaitai.struct.spec.TestBitsShiftByB64Le -->
      <class name="io.kaitai.struct.spec.TestImportsRel1">
        <test-method status="PASS" signature="testImportsRel1()[pri:0, instance:io.kaitai.struct.spec.TestImportsRel1@62bb4719]" name="testImportsRel1" duration-ms="1" started-at="2022-04-15T20:32:40Z" finished-at="2022-04-15T20:32:40Z">
          <reporter-output>
          </reporter-output>
        </test-method> <!-- testImportsRel1 -->
      </class> <!-- io.kaitai.struct.spec.TestImportsRel1 -->
      <class name="io.kaitai.struct.spec.TestBitsSignedResB32Le">
        <test-method status="PASS" signature="testBitsSignedResB32Le()[pri:0, instance:io.kaitai.struct.spec.TestBitsSignedResB32Le@dc511cb]" name="testBitsSignedResB32Le" duration-ms="0" started-at="2022-04-15T20:32:40Z" finished-at="2022-04-15T20:32:40Z">
          <reporter-output>
          </reporter-output>
        </test-method> <!-- testBitsSignedResB32Le -->
      </class> <!-- io.kaitai.struct.spec.TestBitsSignedResB32Le -->
      <class name="io.kaitai.struct.spec.TestInstanceIoUser">
        <test-method status="PASS" signature="testInstanceIoUser()[pri:0, instance:io.kaitai.struct.spec.TestInstanceIoUser@4dfbbcea]" name="testInstanceIoUser" duration-ms="1" started-at="2022-04-15T20:32:40Z" finished-at="2022-04-15T20:32:40Z">
          <reporter-output>
          </reporter-output>
        </test-method> <!-- testInstanceIoUser -->
      </class> <!-- io.kaitai.struct.spec.TestInstanceIoUser -->
      <class name="io.kaitai.struct.spec.TestIfValues">
        <test-method status="PASS" signature="testIfValues()[pri:0, instance:io.kaitai.struct.spec.TestIfValues@34e29d42]" name="testIfValues" duration-ms="0" started-at="2022-04-15T20:32:40Z" finished-at="2022-04-15T20:32:40Z">
          <reporter-output>
          </reporter-output>
        </test-method> <!-- testIfValues -->
      </class> <!-- io.kaitai.struct.spec.TestIfValues -->
      <class name="io.kaitai.struct.spec.TestSwitchManualIntSize">
        <test-method status="PASS" signature="testSwitchManualIntSize()[pri:0, instance:io.kaitai.struct.spec.TestSwitchManualIntSize@8373b5c]" name="testSwitchManualIntSize" duration-ms="1" started-at="2022-04-15T20:32:40Z" finished-at="2022-04-15T20:32:40Z">
          <reporter-output>
          </reporter-output>
        </test-method> <!-- testSwitchManualIntSize -->
      </class> <!-- io.kaitai.struct.spec.TestSwitchManualIntSize -->
      <class name="io.kaitai.struct.spec.TestValidFailEqBytes">
        <test-method status="PASS" signature="testValidFailEqBytes()[pri:0, instance:io.kaitai.struct.spec.TestValidFailEqBytes@665ab76b]" name="testValidFailEqBytes" duration-ms="0" started-at="2022-04-15T20:32:40Z" finished-at="2022-04-15T20:32:40Z">
          <exception class="io.kaitai.struct.KaitaiStream$ValidationNotEqualError">
            <message>
              <![CDATA[/seq/0: at pos 2: validation failed: not equal, expected [51 41], but got [50 41]]]>
            </message>
            <full-stacktrace>
              <![CDATA[io.kaitai.struct.KaitaiStream$ValidationNotEqualError: /seq/0: at pos 2: validation failed: not equal, expected [51 41], but got [50 41]
	at io.kaitai.struct.testformats.ValidFailEqBytes._read(ValidFailEqBytes.java:33)
	at io.kaitai.struct.testformats.ValidFailEqBytes.<init>(ValidFailEqBytes.java:28)
	at io.kaitai.struct.testformats.ValidFailEqBytes.<init>(ValidFailEqBytes.java:17)
	at io.kaitai.struct.testformats.ValidFailEqBytes.fromFile(ValidFailEqBytes.java:13)
	at io.kaitai.struct.spec.TestValidFailEqBytes.testValidFailEqBytes(TestValidFailEqBytes.java:13)
	at sun.reflect.NativeMethodAccessorImpl.invoke0(Native Method)
[...]
	at java.nio.HeapByteBuffer.get(HeapByteBuffer.java:145)
	at java.nio.ByteBuffer.get(ByteBuffer.java:695)
	at io.kaitai.struct.ByteBufferKaitaiStream.readBytes(ByteBufferKaitaiStream.java:324)
	at io.kaitai.struct.testformats.EosExceptionBytes$Data._read(EosExceptionBytes.java:54)
	at io.kaitai.struct.testformats.EosExceptionBytes$Data.<init>(EosExceptionBytes.java:51)
	at io.kaitai.struct.testformats.EosExceptionBytes._read(EosExceptionBytes.java:32)
	at io.kaitai.struct.testformats.EosExceptionBytes.<init>(EosExceptionBytes.java:27)
	at io.kaitai.struct.testformats.EosExceptionBytes.<init>(EosExceptionBytes.java:16)
	at io.kaitai.struct.testformats.EosExceptionBytes.fromFile(EosExceptionBytes.java:12)
	at io.kaitai.struct.spec.TestEosExceptionBytes.testEosExceptionBytes(TestEosExceptionBytes.java:13)
	at sun.reflect.NativeMethodAccessorImpl.invoke0(Native Method)
	at sun.reflect.NativeMethodAccessorImpl.invoke(NativeMethodAccessorImpl.java:57)
	at sun.reflect.DelegatingMethodAccessorImpl.invoke(DelegatingMethodAccessorImpl.java:43)
	at java.lang.reflect.Method.invoke(Method.java:606)
	at org.testng.internal.MethodInvocationHelper.invokeMethod(MethodInvocationHelper.java:86)
	at org.testng.internal.Invoker.invokeMethod(Invoker.java:643)
	at org.testng.internal.Invoker.invokeTestMethod(Invoker.java:820)
	at org.testng.internal.Invoker.invokeTestMethods(Invoker.java:1128)
	at org.testng.internal.TestMethodWorker.invokeTestMethods(TestMethodWorker.java:129)
	at org.testng.internal.TestMethodWorker.run(TestMethodWorker.java:112)
	at org.testng.TestRunner.privateRun(TestRunner.java:782)
	at org.testng.TestRunner.run(TestRunner.java:632)
	at org.testng.SuiteRunner.runTest(SuiteRunner.java:366)
	at org.testng.SuiteRunner.runSequentially(SuiteRunner.java:361)
	at org.testng.SuiteRunner.privateRun(SuiteRunner.java:319)
	at org.testng.SuiteRunner.run(SuiteRunner.java:268)
	at org.testng.SuiteRunnerWorker.runSuite(SuiteRunnerWorker.java:52)
	at org.testng.SuiteRunnerWorker.run(SuiteRunnerWorker.java:86)
	at org.testng.TestNG.runSuitesSequentially(TestNG.java:1244)
	at org.testng.TestNG.runSuitesLocally(TestNG.java:1169)
	at org.testng.TestNG.run(TestNG.java:1064)
	at org.testng.TestNG.privateMain(TestNG.java:1385)
	at org.testng.TestNG.main(TestNG.java:1354)
]]>
            </full-stacktrace>
          </exception> <!-- java.nio.BufferUnderflowException -->
          <reporter-output>
          </reporter-output>
        </test-method> <!-- testEosExceptionBytes -->
      </class> <!-- io.kaitai.struct.spec.TestEosExceptionBytes -->
      <class name="io.kaitai.struct.spec.TestSwitchManualIntSizeElse">
        <test-method status="PASS" signature="testSwitchManualIntSizeElse()[pri:0, instance:io.kaitai.struct.spec.TestSwitchManualIntSizeElse@5d7e06]" name="testSwitchManualIntSizeElse" duration-ms="1" started-at="2022-04-15T20:32:40Z" finished-at="2022-04-15T20:32:40Z">
          <reporter-output>
          </reporter-output>
        </test-method> <!-- testSwitchManualIntSizeElse -->
      </class> <!-- io.kaitai.struct.spec.TestSwitchManualIntSizeElse -->
      <class name="io.kaitai.struct.spec.TestStrEncodings">
        <test-method status="PASS" signature="testStrEncodings()[pri:0, instance:io.kaitai.struct.spec.TestStrEncodings@24d62221]" name="testStrEncodings" duration-ms="0" started-at="2022-04-15T20:32:40Z" finished-at="2022-04-15T20:32:40Z">
          <reporter-output>
          </reporter-output>
        </test-method> <!-- testStrEncodings -->
      </class> <!-- io.kaitai.struct.spec.TestStrEncodings -->
      <class name="io.kaitai.struct.spec.TestSwitchRepeatExprInvalid">
        <test-method status="PASS" signature="testSwitchRepeatExprInvalid()[pri:0, instance:io.kaitai.struct.spec.TestSwitchRepeatExprInvalid@67a7d653]" name="testSwitchRepeatExprInvalid" duration-ms="0" started-at="2022-04-15T20:32:40Z" finished-at="2022-04-15T20:32:40Z">
          <reporter-output>
          </reporter-output>
        </test-method> <!-- testSwitchRepeatExprInvalid -->
      </class> <!-- io.kaitai.struct.spec.TestSwitchRepeatExprInvalid -->
      <class name="io.kaitai.struct.spec.TestTypeTernary">
        <test-method status="PASS" signature="testTypeTernary()[pri:0, instance:io.kaitai.struct.spec.TestTypeTernary@6c503cb2]" name="testTypeTernary" duration-ms="0" started-at="2022-04-15T20:32:40Z" finished-at="2022-04-15T20:32:40Z">
          <reporter-output>
          </reporter-output>
        </test-method> <!-- testTypeTernary -->
      </class> <!-- io.kaitai.struct.spec.TestTypeTernary -->
      <class name="io.kaitai.struct.spec.TestValidShort">
        <test-method status="PASS" signature="testValidShort()[pri:0, instance:io.kaitai.struct.spec.TestValidShort@1054c72e]" name="testValidShort" duration-ms="0" started-at="2022-04-15T20:32:40Z" finished-at="2022-04-15T20:32:40Z">
          <reporter-output>
          </reporter-output>
        </test-method> <!-- testValidShort -->
      </class> <!-- io.kaitai.struct.spec.TestValidShort -->
      <class name="io.kaitai.struct.spec.TestImportsAbsAbs">
        <test-method status="PASS" signature="testImportsAbsAbs()[pri:0, instance:io.kaitai.struct.spec.TestImportsAbsAbs@46d52852]" name="testImportsAbsAbs" duration-ms="1" started-at="2022-04-15T20:32:40Z" finished-at="2022-04-15T20:32:40Z">
          <reporter-output>
          </reporter-output>
        </test-method> <!-- testImportsAbsAbs -->
      </class> <!-- io.kaitai.struct.spec.TestImportsAbsAbs -->
      <class name="io.kaitai.struct.spec.TestProcessToUser">
        <test-method status="PASS" signature="testProcessToUser()[pri:0, instance:io.kaitai.struct.spec.TestProcessToUser@40f5472d]" name="testProcessToUser" duration-ms="1" started-at="2022-04-15T20:32:40Z" finished-at="2022-04-15T20:32:40Z">
          <reporter-output>
          </reporter-output>
        </test-method> <!-- testProcessToUser -->
      </class> <!-- io.kaitai.struct.spec.TestProcessToUser -->
      <class name="io.kaitai.struct.spec.TestDocstringsDocref">
        <test-method status="PASS" signature="testDocstringsDocref()[pri:0, instance:io.kaitai.struct.spec.TestDocstringsDocref@b30e9f8]" name="testDocstringsDocref" duration-ms="0" started-at="2022-04-15T20:32:40Z" finished-at="2022-04-15T20:32:40Z">
          <reporter-output>
          </reporter-output>
        </test-method> <!-- testDocstringsDocref -->
      </class> <!-- io.kaitai.struct.spec.TestDocstringsDocref -->
      <class name="io.kaitai.struct.spec.TestImportsCircularA">
        <test-method status="PASS" signature="testImportsCircularA()[pri:0, instance:io.kaitai.struct.spec.TestImportsCircularA@62b60fbb]" name="testImportsCircularA" duration-ms="1" started-at="2022-04-15T20:32:40Z" finished-at="2022-04-15T20:32:40Z">
          <reporter-output>
          </reporter-output>
        </test-method> <!-- testImportsCircularA -->
      </class> <!-- io.kaitai.struct.spec.TestImportsCircularA -->
      <class name="io.kaitai.struct.spec.TestExprArray">
        <test-method status="PASS" signature="testExprArray()[pri:0, instance:io.kaitai.struct.spec.TestExprArray@1ec2f09e]" name="testExprArray" duration-ms="1" started-at="2022-04-15T20:32:40Z" finished-at="2022-04-15T20:32:40Z">
          <reporter-output>
          </reporter-output>
        </test-method> <!-- testExprArray -->
      </class> <!-- io.kaitai.struct.spec.TestExprArray -->
      <class name="io.kaitai.struct.spec.TestTypeIntUnaryOp">
        <test-method status="PASS" signature="testTypeIntUnaryOp()[pri:0, instance:io.kaitai.struct.spec.TestTypeIntUnaryOp@4c8868b9]" name="testTypeIntUnaryOp" duration-ms="1" started-at="2022-04-15T20:32:40Z" finished-at="2022-04-15T20:32:40Z">
          <reporter-output>
          </reporter-output>
        </test-method> <!-- testTypeIntUnaryOp -->
      </class> <!-- io.kaitai.struct.spec.TestTypeIntUnaryOp -->
      <class name="io.kaitai.struct.spec.TestNestedSameName">
        <test-method status="PASS" signature="testNestedSameName()[pri:0, instance:io.kaitai.struct.spec.TestNestedSameName@7cbe5303]" name="testNestedSameName" duration-ms="1" started-at="2022-04-15T20:32:40Z" finished-at="2022-04-15T20:32:40Z">
          <reporter-output>
          </reporter-output>
        </test-method> <!-- testNestedSameName -->
      </class> <!-- io.kaitai.struct.spec.TestNestedSameName -->
      <class name="io.kaitai.struct.spec.TestOpaqueWithParam">
        <test-method status="PASS" signature="testOpaqueWithParam()[pri:0, instance:io.kaitai.struct.spec.TestOpaqueWithParam@1ab930e9]" name="testOpaqueWithParam" duration-ms="1" started-at="2022-04-15T20:32:40Z" finished-at="2022-04-15T20:32:40Z">
          <reporter-output>
          </reporter-output>
        </test-method> <!-- testOpaqueWithParam -->
      </class> <!-- io.kaitai.struct.spec.TestOpaqueWithParam -->
      <class name="io.kaitai.struct.spec.TestExprIfIntOps">
        <test-method status="FAIL" signature="testExprIfIntOps()[pri:0, instance:io.kaitai.struct.spec.TestExprIfIntOps@2602c9f6]" name="testExprIfIntOps" duration-ms="1" started-at="2022-04-15T20:32:40Z" finished-at="2022-04-15T20:32:40Z">
          <exception class="java.lang.AssertionError">
            <message>
              <![CDATA[expected [true] but found [false]]]>
            </message>
            <full-stacktrace>
              <![CDATA[java.lang.AssertionError: expected [true] but found [false]
	at org.testng.Assert.fail(Assert.java:94)
	at org.testng.Assert.failNotEquals(Assert.java:513)
	at org.testng.Assert.assertEqualsImpl(Assert.java:135)
	at org.testng.Assert.assertEquals(Assert.java:116)
	at org.testng.Assert.assertEquals(Assert.java:305)
	at org.testng.Assert.assertEquals(Assert.java:315)
	at io.kaitai.struct.spec.CommonSpec.assertIntEquals(CommonSpec.java:48)
	at io.kaitai.struct.spec.TestExprIfIntOps.testExprIfIntOps(TestExprIfIntOps.java:15)
	at sun.reflect.NativeMethodAccessorImpl.invoke0(Native Method)
	at sun.reflect.NativeMethodAccessorImpl.invoke(NativeMethodAccessorImpl.java:57)
	at sun.reflect.DelegatingMethodAccessorImpl.invoke(DelegatingMethodAccessorImpl.java:43)
	at java.lang.reflect.Method.invoke(Method.java:606)
	at org.testng.internal.MethodInvocationHelper.invokeMethod(MethodInvocationHelper.java:86)
	at org.testng.internal.Invoker.invokeMethod(Invoker.java:643)
	at org.testng.internal.Invoker.invokeTestMethod(Invoker.java:820)
	at org.testng.internal.Invoker.invokeTestMethods(Invoker.java:1128)
	at org.testng.internal.TestMethodWorker.invokeTestMethods(TestMethodWorker.java:129)
	at org.testng.internal.TestMethodWorker.run(TestMethodWorker.java:112)
	at org.testng.TestRunner.privateRun(TestRunner.java:782)
	at org.testng.TestRunner.run(TestRunner.java:632)
	at org.testng.SuiteRunner.runTest(SuiteRunner.java:366)
	at org.testng.SuiteRunner.runSequentially(SuiteRunner.java:361)
	at org.testng.SuiteRunner.privateRun(SuiteRunner.java:319)
	at org.testng.SuiteRunner.run(SuiteRunner.java:268)
	at org.testng.SuiteRunnerWorker.runSuite(SuiteRunnerWorker.java:52)
	at org.testng.SuiteRunnerWorker.run(SuiteRunnerWorker.java:86)
	at org.testng.TestNG.runSuitesSequentially(TestNG.java:1244)
	at org.testng.TestNG.runSuitesLocally(TestNG.java:1169)
	at org.testng.TestNG.run(TestNG.java:1064)
	at org.testng.TestNG.privateMain(TestNG.java:1385)
	at org.testng.TestNG.main(TestNG.java:1354)
]]>
            </full-stacktrace>
          </exception> <!-- java.lang.AssertionError -->
          <reporter-output>
          </reporter-output>
        </test-method> <!-- testExprIfIntOps -->
      </class> <!-- io.kaitai.struct.spec.TestExprIfIntOps -->
      <class name="io.kaitai.struct.spec.TestIndexToParamExpr">
        <test-method status="PASS" signature="testIndexToParamExpr()[pri:0, instance:io.kaitai.struct.spec.TestIndexToParamExpr@1f6e6127]" name="testIndexToParamExpr" duration-ms="1" started-at="2022-04-15T20:32:40Z" finished-at="2022-04-15T20:32:40Z">
          <reporter-output>
          </reporter-output>
        </test-method> <!-- testIndexToParamExpr -->
      </class> <!-- io.kaitai.struct.spec.TestIndexToParamExpr -->
      <class name="io.kaitai.struct.spec.TestIfStruct">
        <test-method status="PASS" signature="testIfStruct()[pri:0, instance:io.kaitai.struct.spec.TestIfStruct@4a8d4344]" name="testIfStruct" duration-ms="2" started-at="2022-04-15T20:32:40Z" finished-at="2022-04-15T20:32:40Z">
          <reporter-output>
          </reporter-output>
        </test-method> <!-- testIfStruct -->
      </class> <!-- io.kaitai.struct.spec.TestIfStruct -->
      <class name="io.kaitai.struct.spec.TestValidFailRangeInt">
        <test-method status="PASS" signature="testValidFailRangeInt()[pri:0, instance:io.kaitai.struct.spec.TestValidFailRangeInt@174cf7a1]" name="testValidFailRangeInt" duration-ms="0" started-at="2022-04-15T20:32:40Z" finished-at="2022-04-15T20:32:40Z">
          <exception class="io.kaitai.struct.KaitaiStream$ValidationGreaterThanError">
            <message>
              <![CDATA[/seq/0: at pos 1: validation failed: not in range, max 10, but got 80]]>
            </message>
            <full-stacktrace>
              <![CDATA[io.kaitai.struct.KaitaiStream$ValidationGreaterThanError: /seq/0: at pos 1: validation failed: not in range, max 10, but got 80
	at io.kaitai.struct.testformats.ValidFailRangeInt._read(ValidFailRangeInt.java:35)
	at io.kaitai.struct.testformats.ValidFailRangeInt.<init>(ValidFailRangeInt.java:27)
	at io.kaitai.struct.testformats.ValidFailRangeInt.<init>(ValidFailRangeInt.java:16)
	at io.kaitai.struct.testformats.ValidFailRangeInt.fromFile(ValidFailRangeInt.java:12)
	at io.kaitai.struct.spec.TestValidFailRangeInt.testValidFailRangeInt(TestValidFailRangeInt.java:13)
	at sun.reflect.NativeMethodAccessorImpl.invoke0(Native Method)
	at sun.reflect.NativeMethodAccessorImpl.invoke(NativeMethodAccessorImpl.java:57)
	at sun.reflect.DelegatingMethodAccessorImpl.invoke(DelegatingMethodAccessorImpl.java:43)
	at java.lang.reflect.Method.invoke(Method.java:606)
	at org.testng.internal.MethodInvocationHelper.invokeMethod(MethodInvocationHelper.java:86)
	at org.testng.internal.Invoker.invokeMethod(Invoker.java:643)
	at org.testng.internal.Invoker.invokeTestMethod(Invoker.java:820)
	at org.testng.internal.Invoker.invokeTestMethods(Invoker.java:1128)
	at org.testng.internal.TestMethodWorker.invokeTestMethods(TestMethodWorker.java:129)
	at org.testng.internal.TestMethodWorker.run(TestMethodWorker.java:112)
	at org.testng.TestRunner.privateRun(TestRunner.java:782)
	at org.testng.TestRunner.run(TestRunner.java:632)
	at org.testng.SuiteRunner.runTest(SuiteRunner.java:366)
	at org.testng.SuiteRunner.runSequentially(SuiteRunner.java:361)
	at org.testng.SuiteRunner.privateRun(SuiteRunner.java:319)
	at org.testng.SuiteRunner.run(SuiteRunner.java:268)
	at org.testng.SuiteRunnerWorker.runSuite(SuiteRunnerWorker.java:52)
	at org.testng.SuiteRunnerWorker.run(SuiteRunnerWorker.java:86)
	at org.testng.TestNG.runSuitesSequentially(TestNG.java:1244)
	at org.testng.TestNG.runSuitesLocally(TestNG.java:1169)
	at org.testng.TestNG.run(TestNG.java:1064)
	at org.testng.TestNG.privateMain(TestNG.java:1385)
	at org.testng.TestNG.main(TestNG.java:1354)
]]>
            </full-stacktrace>
          </exception> <!-- io.kaitai.struct.KaitaiStream$ValidationGreaterThanError -->
          <reporter-output>
          </reporter-output>
        </test-method> <!-- testValidFailRangeInt -->
      </class> <!-- io.kaitai.struct.spec.TestValidFailRangeInt -->
      <class name="io.kaitai.struct.spec.TestParamsPassArrayStr">
        <test-method status="PASS" signature="testParamsPassArrayStr()[pri:0, instance:io.kaitai.struct.spec.TestParamsPassArrayStr@7ac5790]" name="testParamsPassArrayStr" duration-ms="1" started-at="2022-04-15T20:32:40Z" finished-at="2022-04-15T20:32:40Z">
          <reporter-output>
          </reporter-output>
        </test-method> <!-- testParamsPassArrayStr -->
      </class> <!-- io.kaitai.struct.spec.TestParamsPassArrayStr -->
      <class name="io.kaitai.struct.spec.TestPositionInSeq">
        <test-method status="PASS" signature="testPositionInSeq()[pri:0, instance:io.kaitai.struct.spec.TestPositionInSeq@e0dd75f]" name="testPositionInSeq" duration-ms="1" started-at="2022-04-15T20:32:40Z" finished-at="2022-04-15T20:32:40Z">
          <reporter-output>
          </reporter-output>
        </test-method> <!-- testPositionInSeq -->
      </class> <!-- io.kaitai.struct.spec.TestPositionInSeq -->
      <class name="io.kaitai.struct.spec.TestRepeatNStrz">
        <test-method status="PASS" signature="testRepeatNStrz()[pri:0, instance:io.kaitai.struct.spec.TestRepeatNStrz@67aaecbe]" name="testRepeatNStrz" duration-ms="0" started-at="2022-04-15T20:32:40Z" finished-at="2022-04-15T20:32:40Z">
          <reporter-output>
          </reporter-output>
        </test-method> <!-- testRepeatNStrz -->
      </class> <!-- io.kaitai.struct.spec.TestRepeatNStrz -->
      <class name="io.kaitai.struct.spec.TestParamsCallShort">
        <test-method status="PASS" signature="testParamsCallShort()[pri:0, instance:io.kaitai.struct.spec.TestParamsCallShort@46a60ffc]" name="testParamsCallShort" duration-ms="1" started-at="2022-04-15T20:32:40Z" finished-at="2022-04-15T20:32:40Z">
          <reporter-output>
          </reporter-output>
        </test-method> <!-- testParamsCallShort -->
      </class> <!-- io.kaitai.struct.spec.TestParamsCallShort -->
      <class name="io.kaitai.struct.spec.TestBitsUnalignedB32Be">
        <test-method status="PASS" signature="testBitsUnalignedB32Be()[pri:0, instance:io.kaitai.struct.spec.TestBitsUnalignedB32Be@104324d9]" name="testBitsUnalignedB32Be" duration-ms="0" started-at="2022-04-15T20:32:40Z" finished-at="2022-04-15T20:32:40Z">
          <reporter-output>
          </reporter-output>
        </test-method> <!-- testBitsUnalignedB32Be -->
      </class> <!-- io.kaitai.struct.spec.TestBitsUnalignedB32Be -->
      <class name="io.kaitai.struct.spec.TestNavParentFalse">
        <test-method status="PASS" signature="testNavParentFalse()[pri:0, instance:io.kaitai.struct.spec.TestNavParentFalse@46184f97]" name="testNavParentFalse" duration-ms="1" started-at="2022-04-15T20:32:40Z" finished-at="2022-04-15T20:32:40Z">
          <reporter-output>
          </reporter-output>
        </test-method> <!-- testNavParentFalse -->
      </class> <!-- io.kaitai.struct.spec.TestNavParentFalse -->
      <class name="io.kaitai.struct.spec.TestImports0">
        <test-method status="PASS" signature="testImports0()[pri:0, instance:io.kaitai.struct.spec.TestImports0@9d379d2]" name="testImports0" duration-ms="0" started-at="2022-04-15T20:32:40Z" finished-at="2022-04-15T20:32:40Z">
          <reporter-output>
          </reporter-output>
        </test-method> <!-- testImports0 -->
      </class> <!-- io.kaitai.struct.spec.TestImports0 -->
      <class name="io.kaitai.struct.spec.TestSwitchIntegers2">
        <test-method status="PASS" signature="testSwitchIntegers2()[pri:0, instance:io.kaitai.struct.spec.TestSwitchIntegers2@3d17d603]" name="testSwitchIntegers2" duration-ms="0" started-at="2022-04-15T20:32:40Z" finished-at="2022-04-15T20:32:40Z">
          <reporter-output>
          </reporter-output>
        </test-method> <!-- testSwitchIntegers2 -->
      </class> <!-- io.kaitai.struct.spec.TestSwitchIntegers2 -->
      <class name="io.kaitai.struct.spec.TestTypeTernaryOpaque">
        <test-method status="PASS" signature="testTypeTernaryOpaque()[pri:0, instance:io.kaitai.struct.spec.TestTypeTernaryOpaque@2e0f6c25]" name="testTypeTernaryOpaque" duration-ms="1" started-at="2022-04-15T20:32:40Z" finished-at="2022-04-15T20:32:40Z">
          <reporter-output>
          </reporter-output>
        </test-method> <!-- testTypeTernaryOpaque -->
      </class> <!-- io.kaitai.struct.spec.TestTypeTernaryOpaque -->
    </test> <!-- all -->
  </suite> <!-- Kaitai Struct Java specs -->
</testng-results>
