<?xml version="1.0" encoding="UTF-8"?>
<testng-results skipped="0" failed="2" total="167" passed="165">
  <reporter-output>
  </reporter-output>
  <suite name="Kaitai Struct Java specs" duration-ms="362" started-at="2019-11-04T10:53:43Z" finished-at="2019-11-04T10:53:43Z">
    <groups>
    </groups>
    <test name="all" duration-ms="362" started-at="2019-11-04T10:53:43Z" finished-at="2019-11-04T10:53:43Z">
      <class name="io.kaitai.struct.spec.TestNestedSameName2">
        <test-method status="PASS" signature="testNestedSameName2()[pri:0, instance:io.kaitai.struct.spec.TestNestedSameName2@4901f42d]" name="testNestedSameName2" duration-ms="2" started-at="2019-11-04T10:53:43Z" finished-at="2019-11-04T10:53:43Z">
          <reporter-output>
          </reporter-output>
        </test-method> <!-- testNestedSameName2 -->
      </class> <!-- io.kaitai.struct.spec.TestNestedSameName2 -->
      <class name="io.kaitai.struct.spec.TestDefaultEndianMod">
        <test-method status="PASS" signature="testDefaultEndianMod()[pri:0, instance:io.kaitai.struct.spec.TestDefaultEndianMod@4a6487f7]" name="testDefaultEndianMod" duration-ms="1" started-at="2019-11-04T10:53:43Z" finished-at="2019-11-04T10:53:43Z">
          <reporter-output>
          </reporter-output>
        </test-method> <!-- testDefaultEndianMod -->
      </class> <!-- io.kaitai.struct.spec.TestDefaultEndianMod -->
      <class name="io.kaitai.struct.spec.TestIndexToParamUntil">
        <test-method status="PASS" signature="testIndexToParamUntil()[pri:0, instance:io.kaitai.struct.spec.TestIndexToParamUntil@4b1aeb38]" name="testIndexToParamUntil" duration-ms="1" started-at="2019-11-04T10:53:43Z" finished-at="2019-11-04T10:53:43Z">
          <reporter-output>
          </reporter-output>
        </test-method> <!-- testIndexToParamUntil -->
      </class> <!-- io.kaitai.struct.spec.TestIndexToParamUntil -->
      <class name="io.kaitai.struct.spec.TestImportsRel1">
        <test-method status="PASS" signature="testImportsRel1()[pri:0, instance:io.kaitai.struct.spec.TestImportsRel1@2f72c80f]" name="testImportsRel1" duration-ms="1" started-at="2019-11-04T10:53:43Z" finished-at="2019-11-04T10:53:43Z">
          <reporter-output>
          </reporter-output>
        </test-method> <!-- testImportsRel1 -->
      </class> <!-- io.kaitai.struct.spec.TestImportsRel1 -->
      <class name="io.kaitai.struct.spec.TestNavParentVsValueInst">
        <test-method status="PASS" signature="testNavParentVsValueInst()[pri:0, instance:io.kaitai.struct.spec.TestNavParentVsValueInst@64d87a08]" name="testNavParentVsValueInst" duration-ms="1" started-at="2019-11-04T10:53:43Z" finished-at="2019-11-04T10:53:43Z">
          <reporter-output>
          </reporter-output>
        </test-method> <!-- testNavParentVsValueInst -->
      </class> <!-- io.kaitai.struct.spec.TestNavParentVsValueInst -->
      <class name="io.kaitai.struct.spec.TestInstanceIoUser">
        <test-method status="PASS" signature="testInstanceIoUser()[pri:0, instance:io.kaitai.struct.spec.TestInstanceIoUser@458d7519]" name="testInstanceIoUser" duration-ms="1" started-at="2019-11-04T10:53:43Z" finished-at="2019-11-04T10:53:43Z">
          <reporter-output>
          </reporter-output>
        </test-method> <!-- testInstanceIoUser -->
      </class> <!-- io.kaitai.struct.spec.TestInstanceIoUser -->
      <class name="io.kaitai.struct.spec.TestIoLocalVar">
        <test-method status="PASS" signature="testIoLocalVar()[pri:0, instance:io.kaitai.struct.spec.TestIoLocalVar@10e5ab41]" name="testIoLocalVar" duration-ms="0" started-at="2019-11-04T10:53:43Z" finished-at="2019-11-04T10:53:43Z">
          <reporter-output>
          </reporter-output>
        </test-method> <!-- testIoLocalVar -->
      </class> <!-- io.kaitai.struct.spec.TestIoLocalVar -->
      <class name="io.kaitai.struct.spec.TestIfValues">
        <test-method status="PASS" signature="testIfValues()[pri:0, instance:io.kaitai.struct.spec.TestIfValues@6e27e9cc]" name="testIfValues" duration-ms="1" started-at="2019-11-04T10:53:43Z" finished-at="2019-11-04T10:53:43Z">
          <reporter-output>
          </reporter-output>
        </test-method> <!-- testIfValues -->
      </class> <!-- io.kaitai.struct.spec.TestIfValues -->
      <class name="io.kaitai.struct.spec.TestSwitchManualIntSize">
        <test-method status="PASS" signature="testSwitchManualIntSize()[pri:0, instance:io.kaitai.struct.spec.TestSwitchManualIntSize@2befdb3]" name="testSwitchManualIntSize" duration-ms="1" started-at="2019-11-04T10:53:43Z" finished-at="2019-11-04T10:53:43Z">
          <reporter-output>
          </reporter-output>
        </test-method> <!-- testSwitchManualIntSize -->
      </class> <!-- io.kaitai.struct.spec.TestSwitchManualIntSize -->
      <class name="io.kaitai.struct.spec.TestValidFailEqBytes">
        <test-method status="PASS" signature="testValidFailEqBytes()[pri:0, instance:io.kaitai.struct.spec.TestValidFailEqBytes@57abe554]" name="testValidFailEqBytes" duration-ms="1" started-at="2019-11-04T10:53:43Z" finished-at="2019-11-04T10:53:43Z">
          <exception class="io.kaitai.struct.KaitaiStream$ValidationNotEqualError">
            <message>
              <![CDATA[/seq/0: at pos 2: validation failed: not equal, expected [51 41], but got [50 41]]]>
            </message>
            <full-stacktrace>
              <![CDATA[io.kaitai.struct.KaitaiStream$ValidationNotEqualError: /seq/0: at pos 2: validation failed: not equal, expected [51 41], but got [50 41]
	at io.kaitai.struct.testformats.ValidFailEqBytes._read(ValidFailEqBytes.java:33)
	at io.kaitai.struct.testformats.ValidFailEqBytes.<init>(ValidFailEqBytes.java:28)
	at io.kaitai.struct.testformats.ValidFailEqBytes.<init>(ValidFailEqBytes.java:17)
	at io.kaitai.struct.testformats.ValidFailEqBytes.fromFile(ValidFailEqBytes.java:13)
	at io.kaitai.struct.spec.TestValidFailEqBytes.testValidFailEqBytes(TestValidFailEqBytes.java:13)
	at sun.reflect.NativeMethodAccessorImpl.invoke0(Native Method)
	at sun.reflect.NativeMethodAccessorImpl.invoke(NativeMethodAccessorImpl.java:57)
	at sun.reflect.DelegatingMethodAccessorImpl.invoke(DelegatingMethodAccessorImpl.java:43)
	at java.lang.reflect.Method.invoke(Method.java:606)
	at org.testng.internal.MethodInvocationHelper.invokeMethod(MethodInvocationHelper.java:86)
	at org.testng.internal.Invoker.invokeMethod(Invoker.java:643)
	at org.testng.internal.Invoker.invokeTestMethod(Invoker.java:820)
	at org.testng.internal.Invoker.invokeTestMethods(Invoker.java:1128)
	at org.testng.internal.TestMethodWorker.invokeTestMethods(TestMethodWorker.java:129)
	at org.testng.internal.TestMethodWorker.run(TestMethodWorker.java:112)
	at org.testng.TestRunner.privateRun(TestRunner.java:782)
	at org.testng.TestRunner.run(TestRunner.java:632)
	at org.testng.SuiteRunner.runTest(SuiteRunner.java:366)
	at org.testng.SuiteRunner.runSequentially(SuiteRunner.java:361)
	at org.testng.SuiteRunner.privateRun(SuiteRunner.java:319)
	at org.testng.SuiteRunner.run(SuiteRunner.java:268)
	at org.testng.SuiteRunnerWorker.runSuite(SuiteRunnerWorker.java:52)
	at org.testng.SuiteRunnerWorker.run(SuiteRunnerWorker.java:86)
	at org.testng.TestNG.runSuitesSequentially(TestNG.java:1244)
	at org.testng.TestNG.runSuitesLocally(TestNG.java:1169)
	at org.testng.TestNG.run(TestNG.java:1064)
	at org.testng.TestNG.privateMain(TestNG.java:1385)
	at org.testng.TestNG.main(TestNG.java:1354)
]]>
            </full-stacktrace>
          </exception> <!-- io.kaitai.struct.KaitaiStream$ValidationNotEqualError -->
          <reporter-output>
          </reporter-output>
        </test-method> <!-- testValidFailEqBytes -->
      </class> <!-- io.kaitai.struct.spec.TestValidFailEqBytes -->
      <class name="io.kaitai.struct.spec.TestValidFailEqInt">
        <test-method status="PASS" signature="testValidFailEqInt()[pri:0, instance:io.kaitai.struct.spec.TestValidFailEqInt@18ac691f]" name="testValidFailEqInt" duration-ms="0" started-at="2019-11-04T10:53:43Z" finished-at="2019-11-04T10:53:43Z">
          <exception class="io.kaitai.struct.KaitaiStream$ValidationNotEqualError">
            <message>
              <![CDATA[/seq/0: at pos 1: validation failed: not equal, expected 123, but got 80]]>
            </message>
            <full-stacktrace>
              <![CDATA[io.kaitai.struct.KaitaiStream$ValidationNotEqualError: /seq/0: at pos 1: validation failed: not equal, expected 123, but got 80
	at io.kaitai.struct.testformats.ValidFailEqInt._read(ValidFailEqInt.java:32)
	at io.kaitai.struct.testformats.ValidFailEqInt.<init>(ValidFailEqInt.java:27)
	at io.kaitai.struct.testformats.ValidFailEqInt.<init>(ValidFailEqInt.java:16)
	at io.kaitai.struct.testformats.ValidFailEqInt.fromFile(ValidFailEqInt.java:12)
	at io.kaitai.struct.spec.TestValidFailEqInt.testValidFailEqInt(TestValidFailEqInt.java:13)
	at sun.reflect.NativeMethodAccessorImpl.invoke0(Native Method)
	at sun.reflect.NativeMethodAccessorImpl.invoke(NativeMethodAccessorImpl.java:57)
	at sun.reflect.DelegatingMethodAccessorImpl.invoke(DelegatingMethodAccessorImpl.java:43)
	at java.lang.reflect.Method.invoke(Method.java:606)
	at org.testng.internal.MethodInvocationHelper.invokeMethod(MethodInvocationHelper.java:86)
	at org.testng.internal.Invoker.invokeMethod(Invoker.java:643)
	at org.testng.internal.Invoker.invokeTestMethod(Invoker.java:820)
	at org.testng.internal.Invoker.invokeTestMethods(Invoker.java:1128)
	at org.testng.internal.TestMethodWorker.invokeTestMethods(TestMethodWorker.java:129)
	at org.testng.internal.TestMethodWorker.run(TestMethodWorker.java:112)
	at org.testng.TestRunner.privateRun(TestRunner.java:782)
	at org.testng.TestRunner.run(TestRunner.java:632)
	at org.testng.SuiteRunner.runTest(SuiteRunner.java:366)
	at org.testng.SuiteRunner.runSequentially(SuiteRunner.java:361)
	at org.testng.SuiteRunner.privateRun(SuiteRunner.java:319)
	at org.testng.SuiteRunner.run(SuiteRunner.java:268)
	at org.testng.SuiteRunnerWorker.runSuite(SuiteRunnerWorker.java:52)
	at org.testng.SuiteRunnerWorker.run(SuiteRunnerWorker.java:86)
	at org.testng.TestNG.runSuitesSequentially(TestNG.java:1244)
	at org.testng.TestNG.runSuitesLocally(TestNG.java:1169)
	at org.testng.TestNG.run(TestNG.java:1064)
	at org.testng.TestNG.privateMain(TestNG.java:1385)
	at org.testng.TestNG.main(TestNG.java:1354)
]]>
            </full-stacktrace>
          </exception> <!-- io.kaitai.struct.KaitaiStream$ValidationNotEqualError -->
          <reporter-output>
          </reporter-output>
        </test-method> <!-- testValidFailEqInt -->
      </class> <!-- io.kaitai.struct.spec.TestValidFailEqInt -->
      <class name="io.kaitai.struct.spec.TestParamsDef">
        <test-method status="PASS" signature="testParamsDef()[pri:0, instance:io.kaitai.struct.spec.TestParamsDef@126b227]" name="testParamsDef" duration-ms="0" started-at="2019-11-04T10:53:43Z" finished-at="2019-11-04T10:53:43Z">
          <reporter-output>
          </reporter-output>
        </test-method> <!-- testParamsDef -->
      </class> <!-- io.kaitai.struct.spec.TestParamsDef -->
      <class name="io.kaitai.struct.spec.TestSwitchManualStr">
        <test-method status="PASS" signature="testSwitchManualStr()[pri:0, instance:io.kaitai.struct.spec.TestSwitchManualStr@20b575f3]" name="testSwitchManualStr" duration-ms="1" started-at="2019-11-04T10:53:43Z" finished-at="2019-11-04T10:53:43Z">
          <reporter-output>
          </reporter-output>
        </test-method> <!-- testSwitchManualStr -->
      </class> <!-- io.kaitai.struct.spec.TestSwitchManualStr -->
      <class name="io.kaitai.struct.spec.TestTsPacketHeader">
        <test-method status="PASS" signature="testTsPacketHeader()[pri:0, instance:io.kaitai.struct.spec.TestTsPacketHeader@77022b73]" name="testTsPacketHeader" duration-ms="1" started-at="2019-11-04T10:53:43Z" finished-at="2019-11-04T10:53:43Z">
          <reporter-output>
          </reporter-output>
        </test-method> <!-- testTsPacketHeader -->
      </class> <!-- io.kaitai.struct.spec.TestTsPacketHeader -->
      <class name="io.kaitai.struct.spec.TestRepeatEosStruct">
        <test-method status="PASS" signature="testRepeatEosStruct()[pri:0, instance:io.kaitai.struct.spec.TestRepeatEosStruct@d8e38a]" name="testRepeatEosStruct" duration-ms="1" started-at="2019-11-04T10:53:43Z" finished-at="2019-11-04T10:53:43Z">
          <reporter-output>
          </reporter-output>
        </test-method> <!-- testRepeatEosStruct -->
      </class> <!-- io.kaitai.struct.spec.TestRepeatEosStruct -->
      <class name="io.kaitai.struct.spec.TestProcessRotate">
        <test-method status="PASS" signature="testProcessRotate()[pri:0, instance:io.kaitai.struct.spec.TestProcessRotate@7725204d]" name="testProcessRotate" duration-ms="0" started-at="2019-11-04T10:53:43Z" finished-at="2019-11-04T10:53:43Z">
          <reporter-output>
          </reporter-output>
        </test-method> <!-- testProcessRotate -->
      </class> <!-- io.kaitai.struct.spec.TestProcessRotate -->
      <class name="io.kaitai.struct.spec.TestInstanceStd">
        <test-method status="PASS" signature="testInstanceStd()[pri:0, instance:io.kaitai.struct.spec.TestInstanceStd@148e59]" name="testInstanceStd" duration-ms="0" started-at="2019-11-04T10:53:43Z" finished-at="2019-11-04T10:53:43Z">
          <reporter-output>
          </reporter-output>
        </test-method> <!-- testInstanceStd -->
      </class> <!-- io.kaitai.struct.spec.TestInstanceStd -->
      <class name="io.kaitai.struct.spec.TestNavParent2">
        <test-method status="PASS" signature="testNavParent2()[pri:0, instance:io.kaitai.struct.spec.TestNavParent2@28509953]" name="testNavParent2" duration-ms="2" started-at="2019-11-04T10:53:43Z" finished-at="2019-11-04T10:53:43Z">
          <reporter-output>
          </reporter-output>
        </test-method> <!-- testNavParent2 -->
      </class> <!-- io.kaitai.struct.spec.TestNavParent2 -->
      <class name="io.kaitai.struct.spec.TestNavParent3">
        <test-method status="PASS" signature="testNavParent3()[pri:0, instance:io.kaitai.struct.spec.TestNavParent3@6a7c49e3]" name="testNavParent3" duration-ms="1" started-at="2019-11-04T10:53:43Z" finished-at="2019-11-04T10:53:43Z">
          <reporter-output>
          </reporter-output>
        </test-method> <!-- testNavParent3 -->
      </class> <!-- io.kaitai.struct.spec.TestNavParent3 -->
      <class name="io.kaitai.struct.spec.TestEnumForUnknownId">
        <test-method status="PASS" signature="testEnumForUnknownId()[pri:0, instance:io.kaitai.struct.spec.TestEnumForUnknownId@234066d1]" name="testEnumForUnknownId" duration-ms="1" started-at="2019-11-04T10:53:43Z" finished-at="2019-11-04T10:53:43Z">
          <reporter-output>
          </reporter-output>
        </test-method> <!-- testEnumForUnknownId -->
      </class> <!-- io.kaitai.struct.spec.TestEnumForUnknownId -->
      <class name="io.kaitai.struct.spec.TestValidFailContents">
        <test-method status="PASS" signature="testValidFailContents()[pri:0, instance:io.kaitai.struct.spec.TestValidFailContents@2c210805]" name="testValidFailContents" duration-ms="4" started-at="2019-11-04T10:53:43Z" finished-at="2019-11-04T10:53:43Z">
          <exception class="io.kaitai.struct.KaitaiStream$ValidationNotEqualError">
            <message>
              <![CDATA[/seq/0: at pos 2: validation failed: not equal, expected [51 41], but got [50 41]]]>
            </message>
            <full-stacktrace>
              <![CDATA[io.kaitai.struct.KaitaiStream$ValidationNotEqualError: /seq/0: at pos 2: validation failed: not equal, expected [51 41], but got [50 41]
	at io.kaitai.struct.testformats.ValidFailContents._read(ValidFailContents.java:33)
	at io.kaitai.struct.testformats.ValidFailContents.<init>(ValidFailContents.java:28)
	at io.kaitai.struct.testformats.ValidFailContents.<init>(ValidFailContents.java:17)
	at io.kaitai.struct.testformats.ValidFailContents.fromFile(ValidFailContents.java:13)
	at io.kaitai.struct.spec.TestValidFailContents.testValidFailContents(TestValidFailContents.java:13)
	at sun.reflect.NativeMethodAccessorImpl.invoke0(Native Method)
	at sun.reflect.NativeMethodAccessorImpl.invoke(NativeMethodAccessorImpl.java:57)
	at sun.reflect.DelegatingMethodAccessorImpl.invoke(DelegatingMethodAccessorImpl.java:43)
	at java.lang.reflect.Method.invoke(Method.java:606)
	at org.testng.internal.MethodInvocationHelper.invokeMethod(MethodInvocationHelper.java:86)
	at org.testng.internal.Invoker.invokeMethod(Invoker.java:643)
	at org.testng.internal.Invoker.invokeTestMethod(Invoker.java:820)
	at org.testng.internal.Invoker.invokeTestMethods(Invoker.java:1128)
	at org.testng.internal.TestMethodWorker.invokeTestMethods(TestMethodWorker.java:129)
	at org.testng.internal.TestMethodWorker.run(TestMethodWorker.java:112)
	at org.testng.TestRunner.privateRun(TestRunner.java:782)
	at org.testng.TestRunner.run(TestRunner.java:632)
	at org.testng.SuiteRunner.runTest(SuiteRunner.java:366)
	at org.testng.SuiteRunner.runSequentially(SuiteRunner.java:361)
	at org.testng.SuiteRunner.privateRun(SuiteRunner.java:319)
	at org.testng.SuiteRunner.run(SuiteRunner.java:268)
	at org.testng.SuiteRunnerWorker.runSuite(SuiteRunnerWorker.java:52)
	at org.testng.SuiteRunnerWorker.run(SuiteRunnerWorker.java:86)
	at org.testng.TestNG.runSuitesSequentially(TestNG.java:1244)
	at org.testng.TestNG.runSuitesLocally(TestNG.java:1169)
	at org.testng.TestNG.run(TestNG.java:1064)
	at org.testng.TestNG.privateMain(TestNG.java:1385)
	at org.testng.TestNG.main(TestNG.java:1354)
]]>
            </full-stacktrace>
          </exception> <!-- io.kaitai.struct.KaitaiStream$ValidationNotEqualError -->
          <reporter-output>
          </reporter-output>
        </test-method> <!-- testValidFailContents -->
      </class> <!-- io.kaitai.struct.spec.TestValidFailContents -->
      <class name="io.kaitai.struct.spec.TestNestedTypes">
        <test-method status="PASS" signature="testNestedTypes()[pri:0, instance:io.kaitai.struct.spec.TestNestedTypes@7a674e9b]" name="testNestedTypes" duration-ms="1" started-at="2019-11-04T10:53:43Z" finished-at="2019-11-04T10:53:43Z">
          <reporter-output>
          </reporter-output>
        </test-method> <!-- testNestedTypes -->
      </class> <!-- io.kaitai.struct.spec.TestNestedTypes -->
      <class name="io.kaitai.struct.spec.TestSwitchMultiBoolOps">
        <test-method status="PASS" signature="testSwitchMultiBoolOps()[pri:0, instance:io.kaitai.struct.spec.TestSwitchMultiBoolOps@37fca526]" name="testSwitchMultiBoolOps" duration-ms="1" started-at="2019-11-04T10:53:43Z" finished-at="2019-11-04T10:53:43Z">
          <reporter-output>
          </reporter-output>
        </test-method> <!-- testSwitchMultiBoolOps -->
      </class> <!-- io.kaitai.struct.spec.TestSwitchMultiBoolOps -->
      <class name="io.kaitai.struct.spec.TestInstanceStdArray">
        <test-method status="PASS" signature="testInstanceStdArray()[pri:0, instance:io.kaitai.struct.spec.TestInstanceStdArray@785330b5]" name="testInstanceStdArray" duration-ms="1" started-at="2019-11-04T10:53:43Z" finished-at="2019-11-04T10:53:43Z">
          <reporter-output>
          </reporter-output>
        </test-method> <!-- testInstanceStdArray -->
      </class> <!-- io.kaitai.struct.spec.TestInstanceStdArray -->
      <class name="io.kaitai.struct.spec.TestProcessXor4Const">
        <test-method status="PASS" signature="testProcessXor4Const()[pri:0, instance:io.kaitai.struct.spec.TestProcessXor4Const@367dc4cb]" name="testProcessXor4Const" duration-ms="1" started-at="2019-11-04T10:53:43Z" finished-at="2019-11-04T10:53:43Z">
          <reporter-output>
          </reporter-output>
        </test-method> <!-- testProcessXor4Const -->
      </class> <!-- io.kaitai.struct.spec.TestProcessXor4Const -->
      <class name="io.kaitai.struct.spec.TestProcessCoerceSwitch">
        <test-method status="PASS" signature="testProcessCoerceSwitch()[pri:0, instance:io.kaitai.struct.spec.TestProcessCoerceSwitch@43822cd2]" name="testProcessCoerceSwitch" duration-ms="1" started-at="2019-11-04T10:53:43Z" finished-at="2019-11-04T10:53:43Z">
          <reporter-output>
          </reporter-output>
        </test-method> <!-- testProcessCoerceSwitch -->
      </class> <!-- io.kaitai.struct.spec.TestProcessCoerceSwitch -->
      <class name="io.kaitai.struct.spec.TestSwitchManualIntSizeEos">
        <test-method status="PASS" signature="testSwitchManualIntSizeEos()[pri:0, instance:io.kaitai.struct.spec.TestSwitchManualIntSizeEos@b648925]" name="testSwitchManualIntSizeEos" duration-ms="3" started-at="2019-11-04T10:53:43Z" finished-at="2019-11-04T10:53:43Z">
          <reporter-output>
          </reporter-output>
        </test-method> <!-- testSwitchManualIntSizeEos -->
      </class> <!-- io.kaitai.struct.spec.TestSwitchManualIntSizeEos -->
      <class name="io.kaitai.struct.spec.TestParamsPassUsertype">
        <test-method status="PASS" signature="testParamsPassUsertype()[pri:0, instance:io.kaitai.struct.spec.TestParamsPassUsertype@2c9557e1]" name="testParamsPassUsertype" duration-ms="0" started-at="2019-11-04T10:53:43Z" finished-at="2019-11-04T10:53:43Z">
          <reporter-output>
          </reporter-output>
        </test-method> <!-- testParamsPassUsertype -->
      </class> <!-- io.kaitai.struct.spec.TestParamsPassUsertype -->
      <class name="io.kaitai.struct.spec.TestFixedContents">
        <test-method status="PASS" signature="testFixedContents()[pri:0, instance:io.kaitai.struct.spec.TestFixedContents@1c06d198]" name="testFixedContents" duration-ms="0" started-at="2019-11-04T10:53:43Z" finished-at="2019-11-04T10:53:43Z">
          <reporter-output>
          </reporter-output>
        </test-method> <!-- testFixedContents -->
      </class> <!-- io.kaitai.struct.spec.TestFixedContents -->
      <class name="io.kaitai.struct.spec.TestValidNotParsedIf">
        <test-method status="FAIL" signature="testValidNotParsedIf()[pri:0, instance:io.kaitai.struct.spec.TestValidNotParsedIf@2d2d427]" name="testValidNotParsedIf" duration-ms="50" started-at="2019-11-04T10:53:43Z" finished-at="2019-11-04T10:53:43Z">
          <exception class="java.lang.NullPointerException">
            <full-stacktrace>
              <![CDATA[java.lang.NullPointerException
	at io.kaitai.struct.testformats.ValidNotParsedIf._read(ValidNotParsedIf.java:33)
	at io.kaitai.struct.testformats.ValidNotParsedIf.<init>(ValidNotParsedIf.java:27)
	at io.kaitai.struct.testformats.ValidNotParsedIf.<init>(ValidNotParsedIf.java:16)
	at io.kaitai.struct.testformats.ValidNotParsedIf.fromFile(ValidNotParsedIf.java:12)
	at io.kaitai.struct.spec.TestValidNotParsedIf.testValidNotParsedIf(TestValidNotParsedIf.java:12)
	at sun.reflect.NativeMethodAccessorImpl.invoke0(Native Method)
	at sun.reflect.NativeMethodAccessorImpl.invoke(NativeMethodAccessorImpl.java:57)
	at sun.reflect.DelegatingMethodAccessorImpl.invoke(DelegatingMethodAccessorImpl.java:43)
	at java.lang.reflect.Method.invoke(Method.java:606)
	at org.testng.internal.MethodInvocationHelper.invokeMethod(MethodInvocationHelper.java:86)
	at org.testng.internal.Invoker.invokeMethod(Invoker.java:643)
	at org.testng.internal.Invoker.invokeTestMethod(Invoker.java:820)
	at org.testng.internal.Invoker.invokeTestMethods(Invoker.java:1128)
	at org.testng.internal.TestMethodWorker.invokeTestMethods(TestMethodWorker.java:129)
	at org.testng.internal.TestMethodWorker.run(TestMethodWorker.java:112)
	at org.testng.TestRunner.privateRun(TestRunner.java:782)
	at org.testng.TestRunner.run(TestRunner.java:632)
	at org.testng.SuiteRunner.runTest(SuiteRunner.java:366)
	at org.testng.SuiteRunner.runSequentially(SuiteRunner.java:361)
	at org.testng.SuiteRunner.privateRun(SuiteRunner.java:319)
	at org.testng.SuiteRunner.run(SuiteRunner.java:268)
	at org.testng.SuiteRunnerWorker.runSuite(SuiteRunnerWorker.java:52)
	at org.testng.SuiteRunnerWorker.run(SuiteRunnerWorker.java:86)
	at org.testng.TestNG.runSuitesSequentially(TestNG.java:1244)
	at org.testng.TestNG.runSuitesLocally(TestNG.java:1169)
	at org.testng.TestNG.run(TestNG.java:1064)
	at org.testng.TestNG.privateMain(TestNG.java:1385)
	at org.testng.TestNG.main(TestNG.java:1354)
]]>
            </full-stacktrace>
          </exception> <!-- java.lang.NullPointerException -->
          <reporter-output>
          </reporter-output>
        </test-method> <!-- testValidNotParsedIf -->
      </class> <!-- io.kaitai.struct.spec.TestValidNotParsedIf -->
      <class name="io.kaitai.struct.spec.TestDocstringsDocrefMulti">
        <test-method status="PASS" signature="testDocstringsDocrefMulti()[pri:0, instance:io.kaitai.struct.spec.TestDocstringsDocrefMulti@2ea8bf33]" name="testDocstringsDocrefMulti" duration-ms="0" started-at="2019-11-04T10:53:43Z" finished-at="2019-11-04T10:53:43Z">
          <reporter-output>
          </reporter-output>
        </test-method> <!-- testDocstringsDocrefMulti -->
      </class> <!-- io.kaitai.struct.spec.TestDocstringsDocrefMulti -->
      <class name="io.kaitai.struct.spec.TestZlibWithHeader78">
        <test-method status="PASS" signature="testZlibWithHeader78()[pri:0, instance:io.kaitai.struct.spec.TestZlibWithHeader78@48a0c533]" name="testZlibWithHeader78" duration-ms="1" started-at="2019-11-04T10:53:43Z" finished-at="2019-11-04T10:53:43Z">
          <reporter-output>
          </reporter-output>
        </test-method> <!-- testZlibWithHeader78 -->
      </class> <!-- io.kaitai.struct.spec.TestZlibWithHeader78 -->
      <class name="io.kaitai.struct.spec.TestSwitchManualStrElse">
        <test-method status="PASS" signature="testSwitchManualStrElse()[pri:0, instance:io.kaitai.struct.spec.TestSwitchManualStrElse@37015590]" name="testSwitchManualStrElse" duration-ms="1" started-at="2019-11-04T10:53:43Z" finished-at="2019-11-04T10:53:43Z">
          <reporter-output>
          </reporter-output>
        </test-method> <!-- testSwitchManualStrElse -->
      </class> <!-- io.kaitai.struct.spec.TestSwitchManualStrElse -->
      <class name="io.kaitai.struct.spec.TestNavRoot">
        <test-method status="PASS" signature="testNavRoot()[pri:0, instance:io.kaitai.struct.spec.TestNavRoot@73871392]" name="testNavRoot" duration-ms="2" started-at="2019-11-04T10:53:43Z" finished-at="2019-11-04T10:53:43Z">
          <reporter-output>
          </reporter-output>
        </test-method> <!-- testNavRoot -->
      </class> <!-- io.kaitai.struct.spec.TestNavRoot -->
      <class name="io.kaitai.struct.spec.TestBcdUserTypeLe">
        <test-method status="PASS" signature="testBcdUserTypeLe()[pri:0, instance:io.kaitai.struct.spec.TestBcdUserTypeLe@174cb19e]" name="testBcdUserTypeLe" duration-ms="2" started-at="2019-11-04T10:53:43Z" finished-at="2019-11-04T10:53:43Z">
          <reporter-output>
          </reporter-output>
        </test-method> <!-- testBcdUserTypeLe -->
      </class> <!-- io.kaitai.struct.spec.TestBcdUserTypeLe -->
      <class name="io.kaitai.struct.spec.TestDebugArrayUser">
        <test-method status="PASS" signature="testDebugArrayUser()[pri:0, instance:io.kaitai.struct.spec.TestDebugArrayUser@7567e1fa]" name="testDebugArrayUser" duration-ms="1" started-at="2019-11-04T10:53:43Z" finished-at="2019-11-04T10:53:43Z">
          <reporter-output>
          </reporter-output>
        </test-method> <!-- testDebugArrayUser -->
      </class> <!-- io.kaitai.struct.spec.TestDebugArrayUser -->
      <class name="io.kaitai.struct.spec.TestHelloWorld">
        <test-method status="PASS" signature="testHelloWorld()[pri:0, instance:io.kaitai.struct.spec.TestHelloWorld@3d56cce6]" name="testHelloWorld" duration-ms="0" started-at="2019-11-04T10:53:43Z" finished-at="2019-11-04T10:53:43Z">
          <reporter-output>
          </reporter-output>
        </test-method> <!-- testHelloWorld -->
      </class> <!-- io.kaitai.struct.spec.TestHelloWorld -->
      <class name="io.kaitai.struct.spec.TestSwitchIntegers">
        <test-method status="PASS" signature="testSwitchIntegers()[pri:0, instance:io.kaitai.struct.spec.TestSwitchIntegers@67635d96]" name="testSwitchIntegers" duration-ms="0" started-at="2019-11-04T10:53:43Z" finished-at="2019-11-04T10:53:43Z">
          <reporter-output>
          </reporter-output>
        </test-method> <!-- testSwitchIntegers -->
      </class> <!-- io.kaitai.struct.spec.TestSwitchIntegers -->
      <class name="io.kaitai.struct.spec.TestMultipleUse">
        <test-method status="PASS" signature="testMultipleUse()[pri:0, instance:io.kaitai.struct.spec.TestMultipleUse@368b5035]" name="testMultipleUse" duration-ms="2" started-at="2019-11-04T10:53:43Z" finished-at="2019-11-04T10:53:43Z">
          <reporter-output>
          </reporter-output>
        </test-method> <!-- testMultipleUse -->
      </class> <!-- io.kaitai.struct.spec.TestMultipleUse -->
      <class name="io.kaitai.struct.spec.TestEnumIf">
        <test-method status="PASS" signature="testEnumIf()[pri:0, instance:io.kaitai.struct.spec.TestEnumIf@3a8c9a17]" name="testEnumIf" duration-ms="2" started-at="2019-11-04T10:53:43Z" finished-at="2019-11-04T10:53:43Z">
          <reporter-output>
          </reporter-output>
        </test-method> <!-- testEnumIf -->
      </class> <!-- io.kaitai.struct.spec.TestEnumIf -->
      <class name="io.kaitai.struct.spec.TestExprSizeofValueSized">
        <test-method status="PASS" signature="testExprSizeofValueSized()[pri:0, instance:io.kaitai.struct.spec.TestExprSizeofValueSized@32f2bc85]" name="testExprSizeofValueSized" duration-ms="1" started-at="2019-11-04T10:53:43Z" finished-at="2019-11-04T10:53:43Z">
          <reporter-output>
          </reporter-output>
        </test-method> <!-- testExprSizeofValueSized -->
      </class> <!-- io.kaitai.struct.spec.TestExprSizeofValueSized -->
      <class name="io.kaitai.struct.spec.TestMetaXref">
        <test-method status="PASS" signature="testMetaXref()[pri:0, instance:io.kaitai.struct.spec.TestMetaXref@71b508da]" name="testMetaXref" duration-ms="1" started-at="2019-11-04T10:53:43Z" finished-at="2019-11-04T10:53:43Z">
          <reporter-output>
          </reporter-output>
        </test-method> <!-- testMetaXref -->
      </class> <!-- io.kaitai.struct.spec.TestMetaXref -->
      <class name="io.kaitai.struct.spec.TestSwitchManualInt">
        <test-method status="PASS" signature="testSwitchManualInt()[pri:0, instance:io.kaitai.struct.spec.TestSwitchManualInt@4033d6f1]" name="testSwitchManualInt" duration-ms="2" started-at="2019-11-04T10:53:43Z" finished-at="2019-11-04T10:53:43Z">
          <reporter-output>
          </reporter-output>
        </test-method> <!-- testSwitchManualInt -->
      </class> <!-- io.kaitai.struct.spec.TestSwitchManualInt -->
      <class name="io.kaitai.struct.spec.TestNestedTypes3">
        <test-method status="PASS" signature="testNestedTypes3()[pri:0, instance:io.kaitai.struct.spec.TestNestedTypes3@743ee38c]" name="testNestedTypes3" duration-ms="2" started-at="2019-11-04T10:53:43Z" finished-at="2019-11-04T10:53:43Z">
          <reporter-output>
          </reporter-output>
        </test-method> <!-- testNestedTypes3 -->
      </class> <!-- io.kaitai.struct.spec.TestNestedTypes3 -->
      <class name="io.kaitai.struct.spec.TestSwitchManualIntElse">
        <test-method status="PASS" signature="testSwitchManualIntElse()[pri:0, instance:io.kaitai.struct.spec.TestSwitchManualIntElse@14552da4]" name="testSwitchManualIntElse" duration-ms="2" started-at="2019-11-04T10:53:43Z" finished-at="2019-11-04T10:53:43Z">
          <reporter-output>
          </reporter-output>
        </test-method> <!-- testSwitchManualIntElse -->
      </class> <!-- io.kaitai.struct.spec.TestSwitchManualIntElse -->
      <class name="io.kaitai.struct.spec.TestNestedTypes2">
        <test-method status="PASS" signature="testNestedTypes2()[pri:0, instance:io.kaitai.struct.spec.TestNestedTypes2@3a1cd84e]" name="testNestedTypes2" duration-ms="2" started-at="2019-11-04T10:53:43Z" finished-at="2019-11-04T10:53:43Z">
          <reporter-output>
          </reporter-output>
        </test-method> <!-- testNestedTypes2 -->
      </class> <!-- io.kaitai.struct.spec.TestNestedTypes2 -->
      <class name="io.kaitai.struct.spec.TestParamsEnum">
        <test-method status="PASS" signature="testParamsEnum()[pri:0, instance:io.kaitai.struct.spec.TestParamsEnum@3f6f1ea2]" name="testParamsEnum" duration-ms="1" started-at="2019-11-04T10:53:43Z" finished-at="2019-11-04T10:53:43Z">
          <reporter-output>
          </reporter-output>
        </test-method> <!-- testParamsEnum -->
      </class> <!-- io.kaitai.struct.spec.TestParamsEnum -->
      <class name="io.kaitai.struct.spec.TestEnumDeepLiterals">
        <test-method status="PASS" signature="testEnumDeepLiterals()[pri:0, instance:io.kaitai.struct.spec.TestEnumDeepLiterals@3c966db5]" name="testEnumDeepLiterals" duration-ms="1" started-at="2019-11-04T10:53:43Z" finished-at="2019-11-04T10:53:43Z">
          <reporter-output>
          </reporter-output>
        </test-method> <!-- testEnumDeepLiterals -->
      </class> <!-- io.kaitai.struct.spec.TestEnumDeepLiterals -->
      <class name="io.kaitai.struct.spec.TestProcessXor4Value">
        <test-method status="PASS" signature="testProcessXor4Value()[pri:0, instance:io.kaitai.struct.spec.TestProcessXor4Value@65c7bbfc]" name="testProcessXor4Value" duration-ms="0" started-at="2019-11-04T10:53:43Z" finished-at="2019-11-04T10:53:43Z">
          <reporter-output>
          </reporter-output>
        </test-method> <!-- testProcessXor4Value -->
      </class> <!-- io.kaitai.struct.spec.TestProcessXor4Value -->
      <class name="io.kaitai.struct.spec.TestStrPadTermEmpty">
        <test-method status="PASS" signature="testStrPadTermEmpty()[pri:0, instance:io.kaitai.struct.spec.TestStrPadTermEmpty@73354684]" name="testStrPadTermEmpty" duration-ms="1" started-at="2019-11-04T10:53:43Z" finished-at="2019-11-04T10:53:43Z">
          <reporter-output>
          </reporter-output>
        </test-method> <!-- testStrPadTermEmpty -->
      </class> <!-- io.kaitai.struct.spec.TestStrPadTermEmpty -->
      <class name="io.kaitai.struct.spec.TestOpaqueExternalType02Parent">
        <test-method status="PASS" signature="testOpaqueExternalType02Parent()[pri:0, instance:io.kaitai.struct.spec.TestOpaqueExternalType02Parent@28fea41a]" name="testOpaqueExternalType02Parent" duration-ms="1" started-at="2019-11-04T10:53:43Z" finished-at="2019-11-04T10:53:43Z">
          <reporter-output>
          </reporter-output>
        </test-method> <!-- testOpaqueExternalType02Parent -->
      </class> <!-- io.kaitai.struct.spec.TestOpaqueExternalType02Parent -->
      <class name="io.kaitai.struct.spec.TestProcessXorValue">
        <test-method status="PASS" signature="testProcessXorValue()[pri:0, instance:io.kaitai.struct.spec.TestProcessXorValue@2c9596e5]" name="testProcessXorValue" duration-ms="0" started-at="2019-11-04T10:53:43Z" finished-at="2019-11-04T10:53:43Z">
          <reporter-output>
          </reporter-output>
        </test-method> <!-- testProcessXorValue -->
      </class> <!-- io.kaitai.struct.spec.TestProcessXorValue -->
      <class name="io.kaitai.struct.spec.TestBcdUserTypeBe">
        <test-method status="PASS" signature="testBcdUserTypeBe()[pri:0, instance:io.kaitai.struct.spec.TestBcdUserTypeBe@611c3b04]" name="testBcdUserTypeBe" duration-ms="2" started-at="2019-11-04T10:53:43Z" finished-at="2019-11-04T10:53:43Z">
          <reporter-output>
          </reporter-output>
        </test-method> <!-- testBcdUserTypeBe -->
      </class> <!-- io.kaitai.struct.spec.TestBcdUserTypeBe -->
      <class name="io.kaitai.struct.spec.TestMetaTags">
        <test-method status="PASS" signature="testMetaTags()[pri:0, instance:io.kaitai.struct.spec.TestMetaTags@41d13c26]" name="testMetaTags" duration-ms="1" started-at="2019-11-04T10:53:43Z" finished-at="2019-11-04T10:53:43Z">
          <reporter-output>
          </reporter-output>
        </test-method> <!-- testMetaTags -->
      </class> <!-- io.kaitai.struct.spec.TestMetaTags -->
      <class name="io.kaitai.struct.spec.TestProcessCustom">
        <test-method status="PASS" signature="testProcessCustom()[pri:0, instance:io.kaitai.struct.spec.TestProcessCustom@7b03075f]" name="testProcessCustom" duration-ms="1" started-at="2019-11-04T10:53:43Z" finished-at="2019-11-04T10:53:43Z">
          <reporter-output>
          </reporter-output>
        </test-method> <!-- testProcessCustom -->
      </class> <!-- io.kaitai.struct.spec.TestProcessCustom -->
      <class name="io.kaitai.struct.spec.TestRepeatUntilS4">
        <test-method status="PASS" signature="testRepeatUntilS4()[pri:0, instance:io.kaitai.struct.spec.TestRepeatUntilS4@631b380e]" name="testRepeatUntilS4" duration-ms="0" started-at="2019-11-04T10:53:43Z" finished-at="2019-11-04T10:53:43Z">
          <reporter-output>
          </reporter-output>
        </test-method> <!-- testRepeatUntilS4 -->
      </class> <!-- io.kaitai.struct.spec.TestRepeatUntilS4 -->
      <class name="io.kaitai.struct.spec.TestJsSignedRightShift">
        <test-method status="PASS" signature="testJsSignedRightShift()[pri:0, instance:io.kaitai.struct.spec.TestJsSignedRightShift@705f6d64]" name="testJsSignedRightShift" duration-ms="0" started-at="2019-11-04T10:53:43Z" finished-at="2019-11-04T10:53:43Z">
          <reporter-output>
          </reporter-output>
        </test-method> <!-- testJsSignedRightShift -->
      </class> <!-- io.kaitai.struct.spec.TestJsSignedRightShift -->
      <class name="io.kaitai.struct.spec.TestDebugEnumName">
        <test-method status="PASS" signature="testDebugEnumName()[pri:0, instance:io.kaitai.struct.spec.TestDebugEnumName@2e7c470b]" name="testDebugEnumName" duration-ms="2" started-at="2019-11-04T10:53:43Z" finished-at="2019-11-04T10:53:43Z">
          <reporter-output>
          </reporter-output>
        </test-method> <!-- testDebugEnumName -->
      </class> <!-- io.kaitai.struct.spec.TestDebugEnumName -->
      <class name="io.kaitai.struct.spec.TestSwitchRepeatExpr">
        <test-method status="PASS" signature="testSwitchRepeatExpr()[pri:0, instance:io.kaitai.struct.spec.TestSwitchRepeatExpr@5d70cb3]" name="testSwitchRepeatExpr" duration-ms="1" started-at="2019-11-04T10:53:43Z" finished-at="2019-11-04T10:53:43Z">
          <reporter-output>
          </reporter-output>
        </test-method> <!-- testSwitchRepeatExpr -->
      </class> <!-- io.kaitai.struct.spec.TestSwitchRepeatExpr -->
      <class name="io.kaitai.struct.spec.TestBufferedStruct">
        <test-method status="PASS" signature="testBufferedStruct()[pri:0, instance:io.kaitai.struct.spec.TestBufferedStruct@7d90abb9]" name="testBufferedStruct" duration-ms="0" started-at="2019-11-04T10:53:43Z" finished-at="2019-11-04T10:53:43Z">
          <reporter-output>
          </reporter-output>
        </test-method> <!-- testBufferedStruct -->
      </class> <!-- io.kaitai.struct.spec.TestBufferedStruct -->
      <class name="io.kaitai.struct.spec.TestRepeatNStrzDouble">
        <test-method status="PASS" signature="testRepeatNStrzDouble()[pri:0, instance:io.kaitai.struct.spec.TestRepeatNStrzDouble@64277469]" name="testRepeatNStrzDouble" duration-ms="2" started-at="2019-11-04T10:53:43Z" finished-at="2019-11-04T10:53:43Z">
          <reporter-output>
          </reporter-output>
        </test-method> <!-- testRepeatNStrzDouble -->
      </class> <!-- io.kaitai.struct.spec.TestRepeatNStrzDouble -->
      <class name="io.kaitai.struct.spec.TestPositionToEnd">
        <test-method status="PASS" signature="testPositionToEnd()[pri:0, instance:io.kaitai.struct.spec.TestPositionToEnd@6952b54b]" name="testPositionToEnd" duration-ms="1" started-at="2019-11-04T10:53:43Z" finished-at="2019-11-04T10:53:43Z">
          <reporter-output>
          </reporter-output>
        </test-method> <!-- testPositionToEnd -->
      </class> <!-- io.kaitai.struct.spec.TestPositionToEnd -->
      <class name="io.kaitai.struct.spec.TestNavParent">
        <test-method status="PASS" signature="testNavParent()[pri:0, instance:io.kaitai.struct.spec.TestNavParent@6f2d00ab]" name="testNavParent" duration-ms="2" started-at="2019-11-04T10:53:43Z" finished-at="2019-11-04T10:53:43Z">
          <reporter-output>
          </reporter-output>
        </test-method> <!-- testNavParent -->
      </class> <!-- io.kaitai.struct.spec.TestNavParent -->
      <class name="io.kaitai.struct.spec.TestRepeatUntilComplex">
        <test-method status="PASS" signature="testRepeatUntilComplex()[pri:0, instance:io.kaitai.struct.spec.TestRepeatUntilComplex@2ea7eb57]" name="testRepeatUntilComplex" duration-ms="1" started-at="2019-11-04T10:53:43Z" finished-at="2019-11-04T10:53:43Z">
          <reporter-output>
          </reporter-output>
        </test-method> <!-- testRepeatUntilComplex -->
      </class> <!-- io.kaitai.struct.spec.TestRepeatUntilComplex -->
      <class name="io.kaitai.struct.spec.TestRepeatNStruct">
        <test-method status="PASS" signature="testRepeatNStruct()[pri:0, instance:io.kaitai.struct.spec.TestRepeatNStruct@68a08ca7]" name="testRepeatNStruct" duration-ms="1" started-at="2019-11-04T10:53:43Z" finished-at="2019-11-04T10:53:43Z">
          <reporter-output>
          </reporter-output>
        </test-method> <!-- testRepeatNStruct -->
      </class> <!-- io.kaitai.struct.spec.TestRepeatNStruct -->
      <class name="io.kaitai.struct.spec.TestEnum1">
        <test-method status="PASS" signature="testEnum1()[pri:0, instance:io.kaitai.struct.spec.TestEnum1@2843568b]" name="testEnum1" duration-ms="1" started-at="2019-11-04T10:53:43Z" finished-at="2019-11-04T10:53:43Z">
          <reporter-output>
          </reporter-output>
        </test-method> <!-- testEnum1 -->
      </class> <!-- io.kaitai.struct.spec.TestEnum1 -->
      <class name="io.kaitai.struct.spec.TestExprIoEof">
        <test-method status="PASS" signature="testExprIoEof()[pri:0, instance:io.kaitai.struct.spec.TestExprIoEof@2676ef7b]" name="testExprIoEof" duration-ms="1" started-at="2019-11-04T10:53:43Z" finished-at="2019-11-04T10:53:43Z">
          <reporter-output>
          </reporter-output>
        </test-method> <!-- testExprIoEof -->
      </class> <!-- io.kaitai.struct.spec.TestExprIoEof -->
      <class name="io.kaitai.struct.spec.TestSwitchManualEnum">
        <test-method status="PASS" signature="testSwitchManualEnum()[pri:0, instance:io.kaitai.struct.spec.TestSwitchManualEnum@11cdf8a]" name="testSwitchManualEnum" duration-ms="2" started-at="2019-11-04T10:53:43Z" finished-at="2019-11-04T10:53:43Z">
          <reporter-output>
          </reporter-output>
        </test-method> <!-- testSwitchManualEnum -->
      </class> <!-- io.kaitai.struct.spec.TestSwitchManualEnum -->
      <class name="io.kaitai.struct.spec.TestEnum0">
        <test-method status="PASS" signature="testEnum0()[pri:0, instance:io.kaitai.struct.spec.TestEnum0@38d00d24]" name="testEnum0" duration-ms="11" started-at="2019-11-04T10:53:43Z" finished-at="2019-11-04T10:53:43Z">
          <reporter-output>
          </reporter-output>
        </test-method> <!-- testEnum0 -->
      </class> <!-- io.kaitai.struct.spec.TestEnum0 -->
      <class name="io.kaitai.struct.spec.TestStrLiterals2">
        <test-method status="PASS" signature="testStrLiterals2()[pri:0, instance:io.kaitai.struct.spec.TestStrLiterals2@684aaace]" name="testStrLiterals2" duration-ms="1" started-at="2019-11-04T10:53:43Z" finished-at="2019-11-04T10:53:43Z">
          <reporter-output>
          </reporter-output>
        </test-method> <!-- testStrLiterals2 -->
      </class> <!-- io.kaitai.struct.spec.TestStrLiterals2 -->
      <class name="io.kaitai.struct.spec.TestSwitchManualEnumInvalidElse">
        <test-method status="PASS" signature="testSwitchManualEnumInvalidElse()[pri:0, instance:io.kaitai.struct.spec.TestSwitchManualEnumInvalidElse@bf5dc33]" name="testSwitchManualEnumInvalidElse" duration-ms="11" started-at="2019-11-04T10:53:43Z" finished-at="2019-11-04T10:53:43Z">
          <reporter-output>
          </reporter-output>
        </test-method> <!-- testSwitchManualEnumInvalidElse -->
      </class> <!-- io.kaitai.struct.spec.TestSwitchManualEnumInvalidElse -->
      <class name="io.kaitai.struct.spec.TestExpr0">
        <test-method status="PASS" signature="testExpr0()[pri:0, instance:io.kaitai.struct.spec.TestExpr0@1893a5ee]" name="testExpr0" duration-ms="0" started-at="2019-11-04T10:53:43Z" finished-at="2019-11-04T10:53:43Z">
          <reporter-output>
          </reporter-output>
        </test-method> <!-- testExpr0 -->
      </class> <!-- io.kaitai.struct.spec.TestExpr0 -->
      <class name="io.kaitai.struct.spec.TestTermStrz">
        <test-method status="PASS" signature="testTermStrz()[pri:0, instance:io.kaitai.struct.spec.TestTermStrz@4534005b]" name="testTermStrz" duration-ms="0" started-at="2019-11-04T10:53:43Z" finished-at="2019-11-04T10:53:43Z">
          <reporter-output>
          </reporter-output>
        </test-method> <!-- testTermStrz -->
      </class> <!-- io.kaitai.struct.spec.TestTermStrz -->
      <class name="io.kaitai.struct.spec.TestExpr1">
        <test-method status="PASS" signature="testExpr1()[pri:0, instance:io.kaitai.struct.spec.TestExpr1@e97dd98]" name="testExpr1" duration-ms="1" started-at="2019-11-04T10:53:43Z" finished-at="2019-11-04T10:53:43Z">
          <reporter-output>
          </reporter-output>
        </test-method> <!-- testExpr1 -->
      </class> <!-- io.kaitai.struct.spec.TestExpr1 -->
      <class name="io.kaitai.struct.spec.TestStrEncodingsDefault">
        <test-method status="PASS" signature="testStrEncodingsDefault()[pri:0, instance:io.kaitai.struct.spec.TestStrEncodingsDefault@fb70426]" name="testStrEncodingsDefault" duration-ms="22" started-at="2019-11-04T10:53:43Z" finished-at="2019-11-04T10:53:43Z">
          <reporter-output>
          </reporter-output>
        </test-method> <!-- testStrEncodingsDefault -->
      </class> <!-- io.kaitai.struct.spec.TestStrEncodingsDefault -->
      <class name="io.kaitai.struct.spec.TestExpr2">
        <test-method status="PASS" signature="testExpr2()[pri:0, instance:io.kaitai.struct.spec.TestExpr2@5e92db2]" name="testExpr2" duration-ms="1" started-at="2019-11-04T10:53:43Z" finished-at="2019-11-04T10:53:43Z">
          <reporter-output>
          </reporter-output>
        </test-method> <!-- testExpr2 -->
      </class> <!-- io.kaitai.struct.spec.TestExpr2 -->
      <class name="io.kaitai.struct.spec.TestNavParentSwitch">
        <test-method status="PASS" signature="testNavParentSwitch()[pri:0, instance:io.kaitai.struct.spec.TestNavParentSwitch@572b8dd]" name="testNavParentSwitch" duration-ms="1" started-at="2019-11-04T10:53:43Z" finished-at="2019-11-04T10:53:43Z">
          <reporter-output>
          </reporter-output>
        </test-method> <!-- testNavParentSwitch -->
      </class> <!-- io.kaitai.struct.spec.TestNavParentSwitch -->
      <class name="io.kaitai.struct.spec.TestExpr3">
        <test-method status="PASS" signature="testExpr3()[pri:0, instance:io.kaitai.struct.spec.TestExpr3@91151ba]" name="testExpr3" duration-ms="1" started-at="2019-11-04T10:53:43Z" finished-at="2019-11-04T10:53:43Z">
          <reporter-output>
          </reporter-output>
        </test-method> <!-- testExpr3 -->
      </class> <!-- io.kaitai.struct.spec.TestExpr3 -->
      <class name="io.kaitai.struct.spec.TestEosExceptionU4">
        <test-method status="PASS" signature="testEosExceptionU4()[pri:0, instance:io.kaitai.struct.spec.TestEosExceptionU4@e1a8f49]" name="testEosExceptionU4" duration-ms="0" started-at="2019-11-04T10:53:43Z" finished-at="2019-11-04T10:53:43Z">
          <exception class="java.nio.BufferUnderflowException">
            <full-stacktrace>
              <![CDATA[java.nio.BufferUnderflowException
	at java.nio.Buffer.nextGetIndex(Buffer.java:498)
	at java.nio.HeapByteBuffer.getInt(HeapByteBuffer.java:355)
	at io.kaitai.struct.ByteBufferKaitaiStream.readU4le(ByteBufferKaitaiStream.java:269)
	at io.kaitai.struct.testformats.EosExceptionU4$Data._read(EosExceptionU4.java:55)
	at io.kaitai.struct.testformats.EosExceptionU4$Data.<init>(EosExceptionU4.java:51)
	at io.kaitai.struct.testformats.EosExceptionU4._read(EosExceptionU4.java:32)
	at io.kaitai.struct.testformats.EosExceptionU4.<init>(EosExceptionU4.java:27)
	at io.kaitai.struct.testformats.EosExceptionU4.<init>(EosExceptionU4.java:16)
	at io.kaitai.struct.testformats.EosExceptionU4.fromFile(EosExceptionU4.java:12)
	at io.kaitai.struct.spec.TestEosExceptionU4.testEosExceptionU4(TestEosExceptionU4.java:13)
	at sun.reflect.NativeMethodAccessorImpl.invoke0(Native Method)
	at sun.reflect.NativeMethodAccessorImpl.invoke(NativeMethodAccessorImpl.java:57)
	at sun.reflect.DelegatingMethodAccessorImpl.invoke(DelegatingMethodAccessorImpl.java:43)
	at java.lang.reflect.Method.invoke(Method.java:606)
	at org.testng.internal.MethodInvocationHelper.invokeMethod(MethodInvocationHelper.java:86)
	at org.testng.internal.Invoker.invokeMethod(Invoker.java:643)
	at org.testng.internal.Invoker.invokeTestMethod(Invoker.java:820)
	at org.testng.internal.Invoker.invokeTestMethods(Invoker.java:1128)
	at org.testng.internal.TestMethodWorker.invokeTestMethods(TestMethodWorker.java:129)
	at org.testng.internal.TestMethodWorker.run(TestMethodWorker.java:112)
	at org.testng.TestRunner.privateRun(TestRunner.java:782)
	at org.testng.TestRunner.run(TestRunner.java:632)
	at org.testng.SuiteRunner.runTest(SuiteRunner.java:366)
	at org.testng.SuiteRunner.runSequentially(SuiteRunner.java:361)
	at org.testng.SuiteRunner.privateRun(SuiteRunner.java:319)
	at org.testng.SuiteRunner.run(SuiteRunner.java:268)
	at org.testng.SuiteRunnerWorker.runSuite(SuiteRunnerWorker.java:52)
	at org.testng.SuiteRunnerWorker.run(SuiteRunnerWorker.java:86)
	at org.testng.TestNG.runSuitesSequentially(TestNG.java:1244)
	at org.testng.TestNG.runSuitesLocally(TestNG.java:1169)
	at org.testng.TestNG.run(TestNG.java:1064)
	at org.testng.TestNG.privateMain(TestNG.java:1385)
	at org.testng.TestNG.main(TestNG.java:1354)
]]>
            </full-stacktrace>
          </exception> <!-- java.nio.BufferUnderflowException -->
          <reporter-output>
          </reporter-output>
        </test-method> <!-- testEosExceptionU4 -->
      </class> <!-- io.kaitai.struct.spec.TestEosExceptionU4 -->
      <class name="io.kaitai.struct.spec.TestProcessXorConst">
        <test-method status="PASS" signature="testProcessXorConst()[pri:0, instance:io.kaitai.struct.spec.TestProcessXorConst@1c10b182]" name="testProcessXorConst" duration-ms="1" started-at="2019-11-04T10:53:43Z" finished-at="2019-11-04T10:53:43Z">
          <reporter-output>
          </reporter-output>
        </test-method> <!-- testProcessXorConst -->
      </class> <!-- io.kaitai.struct.spec.TestProcessXorConst -->
      <class name="io.kaitai.struct.spec.TestNavParentFalse2">
        <test-method status="PASS" signature="testNavParentFalse2()[pri:0, instance:io.kaitai.struct.spec.TestNavParentFalse2@5448d00d]" name="testNavParentFalse2" duration-ms="1" started-at="2019-11-04T10:53:43Z" finished-at="2019-11-04T10:53:43Z">
          <reporter-output>
          </reporter-output>
        </test-method> <!-- testNavParentFalse2 -->
      </class> <!-- io.kaitai.struct.spec.TestNavParentFalse2 -->
      <class name="io.kaitai.struct.spec.TestRepeatUntilSized">
        <test-method status="PASS" signature="testRepeatUntilSized()[pri:0, instance:io.kaitai.struct.spec.TestRepeatUntilSized@590379db]" name="testRepeatUntilSized" duration-ms="1" started-at="2019-11-04T10:53:43Z" finished-at="2019-11-04T10:53:43Z">
          <reporter-output>
          </reporter-output>
        </test-method> <!-- testRepeatUntilSized -->
      </class> <!-- io.kaitai.struct.spec.TestRepeatUntilSized -->
      <class name="io.kaitai.struct.spec.TestEnumNegative">
        <test-method status="PASS" signature="testEnumNegative()[pri:0, instance:io.kaitai.struct.spec.TestEnumNegative@2bbe7e81]" name="testEnumNegative" duration-ms="1" started-at="2019-11-04T10:53:43Z" finished-at="2019-11-04T10:53:43Z">
          <reporter-output>
          </reporter-output>
        </test-method> <!-- testEnumNegative -->
      </class> <!-- io.kaitai.struct.spec.TestEnumNegative -->
      <class name="io.kaitai.struct.spec.TestDefaultEndianExprException">
        <test-method status="PASS" signature="testDefaultEndianExprException()[pri:0, instance:io.kaitai.struct.spec.TestDefaultEndianExprException@466b56b]" name="testDefaultEndianExprException" duration-ms="1" started-at="2019-11-04T10:53:43Z" finished-at="2019-11-04T10:53:43Z">
          <exception class="io.kaitai.struct.KaitaiStream$UndecidedEndiannessError">
            <full-stacktrace>
              <![CDATA[io.kaitai.struct.KaitaiStream$UndecidedEndiannessError
	at io.kaitai.struct.testformats.DefaultEndianExprException$Doc$MainObj._read(DefaultEndianExprException.java:98)
	at io.kaitai.struct.testformats.DefaultEndianExprException$Doc$MainObj.<init>(DefaultEndianExprException.java:82)
	at io.kaitai.struct.testformats.DefaultEndianExprException$Doc._read(DefaultEndianExprException.java:62)
	at io.kaitai.struct.testformats.DefaultEndianExprException$Doc.<init>(DefaultEndianExprException.java:58)
	at io.kaitai.struct.testformats.DefaultEndianExprException._read(DefaultEndianExprException.java:36)
	at io.kaitai.struct.testformats.DefaultEndianExprException.<init>(DefaultEndianExprException.java:29)
	at io.kaitai.struct.testformats.DefaultEndianExprException.<init>(DefaultEndianExprException.java:18)
	at io.kaitai.struct.testformats.DefaultEndianExprException.fromFile(DefaultEndianExprException.java:14)
	at io.kaitai.struct.spec.TestDefaultEndianExprException.testDefaultEndianExprException(TestDefaultEndianExprException.java:13)
	at sun.reflect.NativeMethodAccessorImpl.invoke0(Native Method)
	at sun.reflect.NativeMethodAccessorImpl.invoke(NativeMethodAccessorImpl.java:57)
	at sun.reflect.DelegatingMethodAccessorImpl.invoke(DelegatingMethodAccessorImpl.java:43)
	at java.lang.reflect.Method.invoke(Method.java:606)
	at org.testng.internal.MethodInvocationHelper.invokeMethod(MethodInvocationHelper.java:86)
	at org.testng.internal.Invoker.invokeMethod(Invoker.java:643)
	at org.testng.internal.Invoker.invokeTestMethod(Invoker.java:820)
	at org.testng.internal.Invoker.invokeTestMethods(Invoker.java:1128)
	at org.testng.internal.TestMethodWorker.invokeTestMethods(TestMethodWorker.java:129)
	at org.testng.internal.TestMethodWorker.run(TestMethodWorker.java:112)
	at org.testng.TestRunner.privateRun(TestRunner.java:782)
	at org.testng.TestRunner.run(TestRunner.java:632)
	at org.testng.SuiteRunner.runTest(SuiteRunner.java:366)
	at org.testng.SuiteRunner.runSequentially(SuiteRunner.java:361)
	at org.testng.SuiteRunner.privateRun(SuiteRunner.java:319)
	at org.testng.SuiteRunner.run(SuiteRunner.java:268)
	at org.testng.SuiteRunnerWorker.runSuite(SuiteRunnerWorker.java:52)
	at org.testng.SuiteRunnerWorker.run(SuiteRunnerWorker.java:86)
	at org.testng.TestNG.runSuitesSequentially(TestNG.java:1244)
	at org.testng.TestNG.runSuitesLocally(TestNG.java:1169)
	at org.testng.TestNG.run(TestNG.java:1064)
	at org.testng.TestNG.privateMain(TestNG.java:1385)
	at org.testng.TestNG.main(TestNG.java:1354)
]]>
            </full-stacktrace>
          </exception> <!-- io.kaitai.struct.KaitaiStream$UndecidedEndiannessError -->
          <reporter-output>
          </reporter-output>
        </test-method> <!-- testDefaultEndianExprException -->
      </class> <!-- io.kaitai.struct.spec.TestDefaultEndianExprException -->
      <class name="io.kaitai.struct.spec.TestExprBytesOps">
        <test-method status="PASS" signature="testExprBytesOps()[pri:0, instance:io.kaitai.struct.spec.TestExprBytesOps@606a1ca2]" name="testExprBytesOps" duration-ms="0" started-at="2019-11-04T10:53:43Z" finished-at="2019-11-04T10:53:43Z">
          <reporter-output>
          </reporter-output>
        </test-method> <!-- testExprBytesOps -->
      </class> <!-- io.kaitai.struct.spec.TestExprBytesOps -->
      <class name="io.kaitai.struct.spec.TestExprSizeofValue0">
        <test-method status="PASS" signature="testExprSizeofValue0()[pri:0, instance:io.kaitai.struct.spec.TestExprSizeofValue0@2ec6b7f6]" name="testExprSizeofValue0" duration-ms="0" started-at="2019-11-04T10:53:43Z" finished-at="2019-11-04T10:53:43Z">
          <reporter-output>
          </reporter-output>
        </test-method> <!-- testExprSizeofValue0 -->
      </class> <!-- io.kaitai.struct.spec.TestExprSizeofValue0 -->
      <class name="io.kaitai.struct.spec.TestDefaultBigEndian">
        <test-method status="PASS" signature="testDefaultBigEndian()[pri:0, instance:io.kaitai.struct.spec.TestDefaultBigEndian@34fc84f2]" name="testDefaultBigEndian" duration-ms="0" started-at="2019-11-04T10:53:43Z" finished-at="2019-11-04T10:53:43Z">
          <reporter-output>
          </reporter-output>
        </test-method> <!-- testDefaultBigEndian -->
      </class> <!-- io.kaitai.struct.spec.TestDefaultBigEndian -->
      <class name="io.kaitai.struct.spec.TestDefaultEndianExprIsBe">
        <test-method status="PASS" signature="testDefaultEndianExprIsBe()[pri:0, instance:io.kaitai.struct.spec.TestDefaultEndianExprIsBe@e068b6a]" name="testDefaultEndianExprIsBe" duration-ms="2" started-at="2019-11-04T10:53:43Z" finished-at="2019-11-04T10:53:43Z">
          <reporter-output>
          </reporter-output>
        </test-method> <!-- testDefaultEndianExprIsBe -->
      </class> <!-- io.kaitai.struct.spec.TestDefaultEndianExprIsBe -->
      <class name="io.kaitai.struct.spec.TestParamsCallExtraParens">
        <test-method status="PASS" signature="testParamsCallExtraParens()[pri:0, instance:io.kaitai.struct.spec.TestParamsCallExtraParens@4725d9b]" name="testParamsCallExtraParens" duration-ms="1" started-at="2019-11-04T10:53:43Z" finished-at="2019-11-04T10:53:43Z">
          <reporter-output>
          </reporter-output>
        </test-method> <!-- testParamsCallExtraParens -->
      </class> <!-- io.kaitai.struct.spec.TestParamsCallExtraParens -->
      <class name="io.kaitai.struct.spec.TestCastToImported">
        <test-method status="PASS" signature="testCastToImported()[pri:0, instance:io.kaitai.struct.spec.TestCastToImported@5a73fe03]" name="testCastToImported" duration-ms="2" started-at="2019-11-04T10:53:43Z" finished-at="2019-11-04T10:53:43Z">
          <reporter-output>
          </reporter-output>
        </test-method> <!-- testCastToImported -->
      </class> <!-- io.kaitai.struct.spec.TestCastToImported -->
      <class name="io.kaitai.struct.spec.TestBytesPadTerm">
        <test-method status="PASS" signature="testBytesPadTerm()[pri:0, instance:io.kaitai.struct.spec.TestBytesPadTerm@19788380]" name="testBytesPadTerm" duration-ms="1" started-at="2019-11-04T10:53:43Z" finished-at="2019-11-04T10:53:43Z">
          <reporter-output>
          </reporter-output>
        </test-method> <!-- testBytesPadTerm -->
      </class> <!-- io.kaitai.struct.spec.TestBytesPadTerm -->
      <class name="io.kaitai.struct.spec.TestExprMod">
        <test-method status="PASS" signature="testExprMod()[pri:0, instance:io.kaitai.struct.spec.TestExprMod@4a02dffb]" name="testExprMod" duration-ms="1" started-at="2019-11-04T10:53:43Z" finished-at="2019-11-04T10:53:43Z">
          <reporter-output>
          </reporter-output>
        </test-method> <!-- testExprMod -->
      </class> <!-- io.kaitai.struct.spec.TestExprMod -->
      <class name="io.kaitai.struct.spec.TestValidSwitch">
        <test-method status="PASS" signature="testValidSwitch()[pri:0, instance:io.kaitai.struct.spec.TestValidSwitch@3c8c0b5a]" name="testValidSwitch" duration-ms="0" started-at="2019-11-04T10:53:43Z" finished-at="2019-11-04T10:53:43Z">
          <reporter-output>
          </reporter-output>
        </test-method> <!-- testValidSwitch -->
      </class> <!-- io.kaitai.struct.spec.TestValidSwitch -->
      <class name="io.kaitai.struct.spec.TestDocstrings">
        <test-method status="PASS" signature="testDocstrings()[pri:0, instance:io.kaitai.struct.spec.TestDocstrings@78578f77]" name="testDocstrings" duration-ms="0" started-at="2019-11-04T10:53:43Z" finished-at="2019-11-04T10:53:43Z">
          <reporter-output>
          </reporter-output>
        </test-method> <!-- testDocstrings -->
      </class> <!-- io.kaitai.struct.spec.TestDocstrings -->
      <class name="io.kaitai.struct.spec.TestTermBytes">
        <test-method status="PASS" signature="testTermBytes()[pri:0, instance:io.kaitai.struct.spec.TestTermBytes@5c338d9d]" name="testTermBytes" duration-ms="1" started-at="2019-11-04T10:53:43Z" finished-at="2019-11-04T10:53:43Z">
          <reporter-output>
          </reporter-output>
        </test-method> <!-- testTermBytes -->
      </class> <!-- io.kaitai.struct.spec.TestTermBytes -->
      <class name="io.kaitai.struct.spec.TestFixedStruct">
        <test-method status="PASS" signature="testFixedStruct()[pri:0, instance:io.kaitai.struct.spec.TestFixedStruct@567e0121]" name="testFixedStruct" duration-ms="0" started-at="2019-11-04T10:53:43Z" finished-at="2019-11-04T10:53:43Z">
          <reporter-output>
          </reporter-output>
        </test-method> <!-- testFixedStruct -->
      </class> <!-- io.kaitai.struct.spec.TestFixedStruct -->
      <class name="io.kaitai.struct.spec.TestProcessCoerceBytes">
        <test-method status="PASS" signature="testProcessCoerceBytes()[pri:0, instance:io.kaitai.struct.spec.TestProcessCoerceBytes@4e453182]" name="testProcessCoerceBytes" duration-ms="1" started-at="2019-11-04T10:53:43Z" finished-at="2019-11-04T10:53:43Z">
          <reporter-output>
          </reporter-output>
        </test-method> <!-- testProcessCoerceBytes -->
      </class> <!-- io.kaitai.struct.spec.TestProcessCoerceBytes -->
      <class name="io.kaitai.struct.spec.TestFloatingPoints">
        <test-method status="PASS" signature="testFloatingPoints()[pri:0, instance:io.kaitai.struct.spec.TestFloatingPoints@5f297ee0]" name="testFloatingPoints" duration-ms="0" started-at="2019-11-04T10:53:43Z" finished-at="2019-11-04T10:53:43Z">
          <reporter-output>
          </reporter-output>
        </test-method> <!-- testFloatingPoints -->
      </class> <!-- io.kaitai.struct.spec.TestFloatingPoints -->
      <class name="io.kaitai.struct.spec.TestRepeatEosBit">
        <test-method status="PASS" signature="testRepeatEosBit()[pri:0, instance:io.kaitai.struct.spec.TestRepeatEosBit@1d48d4ef]" name="testRepeatEosBit" duration-ms="0" started-at="2019-11-04T10:53:43Z" finished-at="2019-11-04T10:53:43Z">
          <reporter-output>
          </reporter-output>
        </test-method> <!-- testRepeatEosBit -->
      </class> <!-- io.kaitai.struct.spec.TestRepeatEosBit -->
      <class name="io.kaitai.struct.spec.TestIndexSizes">
        <test-method status="PASS" signature="testIndexSizes()[pri:0, instance:io.kaitai.struct.spec.TestIndexSizes@4ccd37f3]" name="testIndexSizes" duration-ms="1" started-at="2019-11-04T10:53:43Z" finished-at="2019-11-04T10:53:43Z">
          <reporter-output>
          </reporter-output>
        </test-method> <!-- testIndexSizes -->
      </class> <!-- io.kaitai.struct.spec.TestIndexSizes -->
      <class name="io.kaitai.struct.spec.TestSwitchManualEnumInvalid">
        <test-method status="PASS" signature="testSwitchManualEnumInvalid()[pri:0, instance:io.kaitai.struct.spec.TestSwitchManualEnumInvalid@4faae357]" name="testSwitchManualEnumInvalid" duration-ms="1" started-at="2019-11-04T10:53:43Z" finished-at="2019-11-04T10:53:43Z">
          <reporter-output>
          </reporter-output>
        </test-method> <!-- testSwitchManualEnumInvalid -->
      </class> <!-- io.kaitai.struct.spec.TestSwitchManualEnumInvalid -->
      <class name="io.kaitai.struct.spec.TestProcessCoerceUsertype2">
        <test-method status="PASS" signature="testProcessCoerceUsertype2()[pri:0, instance:io.kaitai.struct.spec.TestProcessCoerceUsertype2@4d175cd6]" name="testProcessCoerceUsertype2" duration-ms="1" started-at="2019-11-04T10:53:43Z" finished-at="2019-11-04T10:53:43Z">
          <reporter-output>
          </reporter-output>
        </test-method> <!-- testProcessCoerceUsertype2 -->
      </class> <!-- io.kaitai.struct.spec.TestProcessCoerceUsertype2 -->
      <class name="io.kaitai.struct.spec.TestCastNested">
        <test-method status="PASS" signature="testCastNested()[pri:0, instance:io.kaitai.struct.spec.TestCastNested@26a78299]" name="testCastNested" duration-ms="1" started-at="2019-11-04T10:53:43Z" finished-at="2019-11-04T10:53:43Z">
          <reporter-output>
          </reporter-output>
        </test-method> <!-- testCastNested -->
      </class> <!-- io.kaitai.struct.spec.TestCastNested -->
      <class name="io.kaitai.struct.spec.TestProcessCoerceUsertype1">
        <test-method status="PASS" signature="testProcessCoerceUsertype1()[pri:0, instance:io.kaitai.struct.spec.TestProcessCoerceUsertype1@266bdc57]" name="testProcessCoerceUsertype1" duration-ms="1" started-at="2019-11-04T10:53:43Z" finished-at="2019-11-04T10:53:43Z">
          <reporter-output>
          </reporter-output>
        </test-method> <!-- testProcessCoerceUsertype1 -->
      </class> <!-- io.kaitai.struct.spec.TestProcessCoerceUsertype1 -->
      <class name="io.kaitai.struct.spec.TestSwitchCast">
        <test-method status="PASS" signature="testSwitchCast()[pri:0, instance:io.kaitai.struct.spec.TestSwitchCast@560b70a8]" name="testSwitchCast" duration-ms="1" started-at="2019-11-04T10:53:43Z" finished-at="2019-11-04T10:53:43Z">
          <reporter-output>
          </reporter-output>
        </test-method> <!-- testSwitchCast -->
      </class> <!-- io.kaitai.struct.spec.TestSwitchCast -->
      <class name="io.kaitai.struct.spec.TestIfInstances">
        <test-method status="PASS" signature="testIfInstances()[pri:0, instance:io.kaitai.struct.spec.TestIfInstances@1459e0e5]" name="testIfInstances" duration-ms="1" started-at="2019-11-04T10:53:43Z" finished-at="2019-11-04T10:53:43Z">
          <reporter-output>
          </reporter-output>
        </test-method> <!-- testIfInstances -->
      </class> <!-- io.kaitai.struct.spec.TestIfInstances -->
      <class name="io.kaitai.struct.spec.TestNavParentOverride">
        <test-method status="PASS" signature="testNavParentOverride()[pri:0, instance:io.kaitai.struct.spec.TestNavParentOverride@24fa3f16]" name="testNavParentOverride" duration-ms="2" started-at="2019-11-04T10:53:43Z" finished-at="2019-11-04T10:53:43Z">
          <reporter-output>
          </reporter-output>
        </test-method> <!-- testNavParentOverride -->
      </class> <!-- io.kaitai.struct.spec.TestNavParentOverride -->
      <class name="io.kaitai.struct.spec.TestExprBytesCmp">
        <test-method status="PASS" signature="testExprBytesCmp()[pri:0, instance:io.kaitai.struct.spec.TestExprBytesCmp@565d1ac3]" name="testExprBytesCmp" duration-ms="1" started-at="2019-11-04T10:53:43Z" finished-at="2019-11-04T10:53:43Z">
          <reporter-output>
          </reporter-output>
        </test-method> <!-- testExprBytesCmp -->
      </class> <!-- io.kaitai.struct.spec.TestExprBytesCmp -->
      <class name="io.kaitai.struct.spec.TestIndexToParamEos">
        <test-method status="PASS" signature="testIndexToParamEos()[pri:0, instance:io.kaitai.struct.spec.TestIndexToParamEos@79f955b5]" name="testIndexToParamEos" duration-ms="1" started-at="2019-11-04T10:53:43Z" finished-at="2019-11-04T10:53:43Z">
          <reporter-output>
          </reporter-output>
        </test-method> <!-- testIndexToParamEos -->
      </class> <!-- io.kaitai.struct.spec.TestIndexToParamEos -->
      <class name="io.kaitai.struct.spec.TestEnumDeep">
        <test-method status="PASS" signature="testEnumDeep()[pri:0, instance:io.kaitai.struct.spec.TestEnumDeep@5f9beb29]" name="testEnumDeep" duration-ms="1" started-at="2019-11-04T10:53:43Z" finished-at="2019-11-04T10:53:43Z">
          <reporter-output>
          </reporter-output>
        </test-method> <!-- testEnumDeep -->
      </class> <!-- io.kaitai.struct.spec.TestEnumDeep -->
      <class name="io.kaitai.struct.spec.TestNonStandard">
        <test-method status="PASS" signature="testNonStandard()[pri:0, instance:io.kaitai.struct.spec.TestNonStandard@6f8bf360]" name="testNonStandard" duration-ms="0" started-at="2019-11-04T10:53:43Z" finished-at="2019-11-04T10:53:43Z">
          <reporter-output>
          </reporter-output>
        </test-method> <!-- testNonStandard -->
      </class> <!-- io.kaitai.struct.spec.TestNonStandard -->
      <class name="io.kaitai.struct.spec.TestEnumInvalid">
        <test-method status="PASS" signature="testEnumInvalid()[pri:0, instance:io.kaitai.struct.spec.TestEnumInvalid@756c01c8]" name="testEnumInvalid" duration-ms="0" started-at="2019-11-04T10:53:43Z" finished-at="2019-11-04T10:53:43Z">
          <reporter-output>
          </reporter-output>
        </test-method> <!-- testEnumInvalid -->
      </class> <!-- io.kaitai.struct.spec.TestEnumInvalid -->
      <class name="io.kaitai.struct.spec.TestImportsAbsRel">
        <test-method status="PASS" signature="testImportsAbsRel()[pri:0, instance:io.kaitai.struct.spec.TestImportsAbsRel@124bb4af]" name="testImportsAbsRel" duration-ms="1" started-at="2019-11-04T10:53:43Z" finished-at="2019-11-04T10:53:43Z">
          <reporter-output>
          </reporter-output>
        </test-method> <!-- testImportsAbsRel -->
      </class> <!-- io.kaitai.struct.spec.TestImportsAbsRel -->
      <class name="io.kaitai.struct.spec.TestEnumFancy">
        <test-method status="PASS" signature="testEnumFancy()[pri:0, instance:io.kaitai.struct.spec.TestEnumFancy@1da2f8ca]" name="testEnumFancy" duration-ms="1" started-at="2019-11-04T10:53:43Z" finished-at="2019-11-04T10:53:43Z">
          <reporter-output>
          </reporter-output>
        </test-method> <!-- testEnumFancy -->
      </class> <!-- io.kaitai.struct.spec.TestEnumFancy -->
      <class name="io.kaitai.struct.spec.TestYamlInts">
        <test-method status="PASS" signature="testYamlInts()[pri:0, instance:io.kaitai.struct.spec.TestYamlInts@434ec48f]" name="testYamlInts" duration-ms="1" started-at="2019-11-04T10:53:43Z" finished-at="2019-11-04T10:53:43Z">
          <reporter-output>
          </reporter-output>
        </test-method> <!-- testYamlInts -->
      </class> <!-- io.kaitai.struct.spec.TestYamlInts -->
      <class name="io.kaitai.struct.spec.TestStrEos">
        <test-method status="PASS" signature="testStrEos()[pri:0, instance:io.kaitai.struct.spec.TestStrEos@62679e87]" name="testStrEos" duration-ms="1" started-at="2019-11-04T10:53:43Z" finished-at="2019-11-04T10:53:43Z">
          <reporter-output>
          </reporter-output>
        </test-method> <!-- testStrEos -->
      </class> <!-- io.kaitai.struct.spec.TestStrEos -->
      <class name="io.kaitai.struct.spec.TestPositionAbs">
        <test-method status="PASS" signature="testPositionAbs()[pri:0, instance:io.kaitai.struct.spec.TestPositionAbs@7e13efdf]" name="testPositionAbs" duration-ms="0" started-at="2019-11-04T10:53:43Z" finished-at="2019-11-04T10:53:43Z">
          <reporter-output>
          </reporter-output>
        </test-method> <!-- testPositionAbs -->
      </class> <!-- io.kaitai.struct.spec.TestPositionAbs -->
      <class name="io.kaitai.struct.spec.TestDefaultEndianExprInherited">
        <test-method status="PASS" signature="testDefaultEndianExprInherited()[pri:0, instance:io.kaitai.struct.spec.TestDefaultEndianExprInherited@6d287249]" name="testDefaultEndianExprInherited" duration-ms="9" started-at="2019-11-04T10:53:43Z" finished-at="2019-11-04T10:53:43Z">
          <reporter-output>
          </reporter-output>
        </test-method> <!-- testDefaultEndianExprInherited -->
      </class> <!-- io.kaitai.struct.spec.TestDefaultEndianExprInherited -->
      <class name="io.kaitai.struct.spec.TestRepeatEosU4">
        <test-method status="PASS" signature="testRepeatEosU4()[pri:0, instance:io.kaitai.struct.spec.TestRepeatEosU4@18443e37]" name="testRepeatEosU4" duration-ms="1" started-at="2019-11-04T10:53:43Z" finished-at="2019-11-04T10:53:43Z">
          <reporter-output>
          </reporter-output>
        </test-method> <!-- testRepeatEosU4 -->
      </class> <!-- io.kaitai.struct.spec.TestRepeatEosU4 -->
      <class name="io.kaitai.struct.spec.TestExprIoPos">
        <test-method status="PASS" signature="testExprIoPos()[pri:0, instance:io.kaitai.struct.spec.TestExprIoPos@351459e9]" name="testExprIoPos" duration-ms="1" started-at="2019-11-04T10:53:43Z" finished-at="2019-11-04T10:53:43Z">
          <reporter-output>
          </reporter-output>
        </test-method> <!-- testExprIoPos -->
      </class> <!-- io.kaitai.struct.spec.TestExprIoPos -->
      <class name="io.kaitai.struct.spec.TestBitsEnum">
        <test-method status="PASS" signature="testBitsEnum()[pri:0, instance:io.kaitai.struct.spec.TestBitsEnum@fc4048c]" name="testBitsEnum" duration-ms="1" started-at="2019-11-04T10:53:43Z" finished-at="2019-11-04T10:53:43Z">
          <reporter-output>
          </reporter-output>
        </test-method> <!-- testBitsEnum -->
      </class> <!-- io.kaitai.struct.spec.TestBitsEnum -->
      <class name="io.kaitai.struct.spec.TestDebug0">
        <test-method status="PASS" signature="testDebug0()[pri:0, instance:io.kaitai.struct.spec.TestDebug0@40103754]" name="testDebug0" duration-ms="1" started-at="2019-11-04T10:53:43Z" finished-at="2019-11-04T10:53:43Z">
          <reporter-output>
          </reporter-output>
        </test-method> <!-- testDebug0 -->
      </class> <!-- io.kaitai.struct.spec.TestDebug0 -->
      <class name="io.kaitai.struct.spec.TestEosExceptionBytes">
        <test-method status="PASS" signature="testEosExceptionBytes()[pri:0, instance:io.kaitai.struct.spec.TestEosExceptionBytes@48b14117]" name="testEosExceptionBytes" duration-ms="1" started-at="2019-11-04T10:53:43Z" finished-at="2019-11-04T10:53:43Z">
          <exception class="java.nio.BufferUnderflowException">
            <full-stacktrace>
              <![CDATA[java.nio.BufferUnderflowException
	at java.nio.HeapByteBuffer.get(HeapByteBuffer.java:145)
	at java.nio.ByteBuffer.get(ByteBuffer.java:695)
	at io.kaitai.struct.ByteBufferKaitaiStream.readBytes(ByteBufferKaitaiStream.java:324)
	at io.kaitai.struct.testformats.EosExceptionBytes$Data._read(EosExceptionBytes.java:54)
	at io.kaitai.struct.testformats.EosExceptionBytes$Data.<init>(EosExceptionBytes.java:51)
	at io.kaitai.struct.testformats.EosExceptionBytes._read(EosExceptionBytes.java:32)
	at io.kaitai.struct.testformats.EosExceptionBytes.<init>(EosExceptionBytes.java:27)
	at io.kaitai.struct.testformats.EosExceptionBytes.<init>(EosExceptionBytes.java:16)
	at io.kaitai.struct.testformats.EosExceptionBytes.fromFile(EosExceptionBytes.java:12)
	at io.kaitai.struct.spec.TestEosExceptionBytes.testEosExceptionBytes(TestEosExceptionBytes.java:13)
	at sun.reflect.NativeMethodAccessorImpl.invoke0(Native Method)
	at sun.reflect.NativeMethodAccessorImpl.invoke(NativeMethodAccessorImpl.java:57)
	at sun.reflect.DelegatingMethodAccessorImpl.invoke(DelegatingMethodAccessorImpl.java:43)
	at java.lang.reflect.Method.invoke(Method.java:606)
	at org.testng.internal.MethodInvocationHelper.invokeMethod(MethodInvocationHelper.java:86)
	at org.testng.internal.Invoker.invokeMethod(Invoker.java:643)
	at org.testng.internal.Invoker.invokeTestMethod(Invoker.java:820)
	at org.testng.internal.Invoker.invokeTestMethods(Invoker.java:1128)
	at org.testng.internal.TestMethodWorker.invokeTestMethods(TestMethodWorker.java:129)
	at org.testng.internal.TestMethodWorker.run(TestMethodWorker.java:112)
	at org.testng.TestRunner.privateRun(TestRunner.java:782)
	at org.testng.TestRunner.run(TestRunner.java:632)
	at org.testng.SuiteRunner.runTest(SuiteRunner.java:366)
	at org.testng.SuiteRunner.runSequentially(SuiteRunner.java:361)
	at org.testng.SuiteRunner.privateRun(SuiteRunner.java:319)
	at org.testng.SuiteRunner.run(SuiteRunner.java:268)
	at org.testng.SuiteRunnerWorker.runSuite(SuiteRunnerWorker.java:52)
	at org.testng.SuiteRunnerWorker.run(SuiteRunnerWorker.java:86)
	at org.testng.TestNG.runSuitesSequentially(TestNG.java:1244)
	at org.testng.TestNG.runSuitesLocally(TestNG.java:1169)
	at org.testng.TestNG.run(TestNG.java:1064)
	at org.testng.TestNG.privateMain(TestNG.java:1385)
	at org.testng.TestNG.main(TestNG.java:1354)
]]>
            </full-stacktrace>
          </exception> <!-- java.nio.BufferUnderflowException -->
          <reporter-output>
          </reporter-output>
        </test-method> <!-- testEosExceptionBytes -->
      </class> <!-- io.kaitai.struct.spec.TestEosExceptionBytes -->
      <class name="io.kaitai.struct.spec.TestStrPadTerm">
        <test-method status="PASS" signature="testStrPadTerm()[pri:0, instance:io.kaitai.struct.spec.TestStrPadTerm@906f9df]" name="testStrPadTerm" duration-ms="1" started-at="2019-11-04T10:53:43Z" finished-at="2019-11-04T10:53:43Z">
          <reporter-output>
          </reporter-output>
        </test-method> <!-- testStrPadTerm -->
      </class> <!-- io.kaitai.struct.spec.TestStrPadTerm -->
      <class name="io.kaitai.struct.spec.TestSwitchManualIntSizeElse">
        <test-method status="PASS" signature="testSwitchManualIntSizeElse()[pri:0, instance:io.kaitai.struct.spec.TestSwitchManualIntSizeElse@591e356b]" name="testSwitchManualIntSizeElse" duration-ms="2" started-at="2019-11-04T10:53:43Z" finished-at="2019-11-04T10:53:43Z">
          <reporter-output>
          </reporter-output>
        </test-method> <!-- testSwitchManualIntSizeElse -->
      </class> <!-- io.kaitai.struct.spec.TestSwitchManualIntSizeElse -->
      <class name="io.kaitai.struct.spec.TestStrEncodings">
        <test-method status="PASS" signature="testStrEncodings()[pri:0, instance:io.kaitai.struct.spec.TestStrEncodings@18bbe4d3]" name="testStrEncodings" duration-ms="0" started-at="2019-11-04T10:53:43Z" finished-at="2019-11-04T10:53:43Z">
          <reporter-output>
          </reporter-output>
        </test-method> <!-- testStrEncodings -->
      </class> <!-- io.kaitai.struct.spec.TestStrEncodings -->
      <class name="io.kaitai.struct.spec.TestTypeTernary">
        <test-method status="PASS" signature="testTypeTernary()[pri:0, instance:io.kaitai.struct.spec.TestTypeTernary@2943d051]" name="testTypeTernary" duration-ms="1" started-at="2019-11-04T10:53:43Z" finished-at="2019-11-04T10:53:43Z">
          <reporter-output>
          </reporter-output>
        </test-method> <!-- testTypeTernary -->
      </class> <!-- io.kaitai.struct.spec.TestTypeTernary -->
      <class name="io.kaitai.struct.spec.TestValidShort">
        <test-method status="PASS" signature="testValidShort()[pri:0, instance:io.kaitai.struct.spec.TestValidShort@23218b01]" name="testValidShort" duration-ms="0" started-at="2019-11-04T10:53:43Z" finished-at="2019-11-04T10:53:43Z">
          <reporter-output>
          </reporter-output>
        </test-method> <!-- testValidShort -->
      </class> <!-- io.kaitai.struct.spec.TestValidShort -->
      <class name="io.kaitai.struct.spec.TestImportsAbsAbs">
        <test-method status="PASS" signature="testImportsAbsAbs()[pri:0, instance:io.kaitai.struct.spec.TestImportsAbsAbs@3aa6088]" name="testImportsAbsAbs" duration-ms="1" started-at="2019-11-04T10:53:43Z" finished-at="2019-11-04T10:53:43Z">
          <reporter-output>
          </reporter-output>
        </test-method> <!-- testImportsAbsAbs -->
      </class> <!-- io.kaitai.struct.spec.TestImportsAbsAbs -->
      <class name="io.kaitai.struct.spec.TestProcessToUser">
        <test-method status="PASS" signature="testProcessToUser()[pri:0, instance:io.kaitai.struct.spec.TestProcessToUser@7a882480]" name="testProcessToUser" duration-ms="1" started-at="2019-11-04T10:53:43Z" finished-at="2019-11-04T10:53:43Z">
          <reporter-output>
          </reporter-output>
        </test-method> <!-- testProcessToUser -->
[...]
          <reporter-output>
          </reporter-output>
        </test-method> <!-- testSwitchBytearray -->
      </class> <!-- io.kaitai.struct.spec.TestSwitchBytearray -->
      <class name="io.kaitai.struct.spec.TestTypeIntUnaryOp">
        <test-method status="PASS" signature="testTypeIntUnaryOp()[pri:0, instance:io.kaitai.struct.spec.TestTypeIntUnaryOp@387162d9]" name="testTypeIntUnaryOp" duration-ms="1" started-at="2019-11-04T10:53:43Z" finished-at="2019-11-04T10:53:43Z">
          <reporter-output>
          </reporter-output>
        </test-method> <!-- testTypeIntUnaryOp -->
      </class> <!-- io.kaitai.struct.spec.TestTypeIntUnaryOp -->
      <class name="io.kaitai.struct.spec.TestNestedSameName">
        <test-method status="PASS" signature="testNestedSameName()[pri:0, instance:io.kaitai.struct.spec.TestNestedSameName@630ed39f]" name="testNestedSameName" duration-ms="1" started-at="2019-11-04T10:53:43Z" finished-at="2019-11-04T10:53:43Z">
          <reporter-output>
          </reporter-output>
        </test-method> <!-- testNestedSameName -->
      </class> <!-- io.kaitai.struct.spec.TestNestedSameName -->
      <class name="io.kaitai.struct.spec.TestInstanceUserArray">
        <test-method status="PASS" signature="testInstanceUserArray()[pri:0, instance:io.kaitai.struct.spec.TestInstanceUserArray@da62f80]" name="testInstanceUserArray" duration-ms="1" started-at="2019-11-04T10:53:43Z" finished-at="2019-11-04T10:53:43Z">
          <reporter-output>
          </reporter-output>
        </test-method> <!-- testInstanceUserArray -->
      </class> <!-- io.kaitai.struct.spec.TestInstanceUserArray -->
      <class name="io.kaitai.struct.spec.TestOpaqueWithParam">
        <test-method status="PASS" signature="testOpaqueWithParam()[pri:0, instance:io.kaitai.struct.spec.TestOpaqueWithParam@5ce6d453]" name="testOpaqueWithParam" duration-ms="0" started-at="2019-11-04T10:53:43Z" finished-at="2019-11-04T10:53:43Z">
          <reporter-output>
          </reporter-output>
        </test-method> <!-- testOpaqueWithParam -->
      </class> <!-- io.kaitai.struct.spec.TestOpaqueWithParam -->
      <class name="io.kaitai.struct.spec.TestIfStruct">
        <test-method status="PASS" signature="testIfStruct()[pri:0, instance:io.kaitai.struct.spec.TestIfStruct@7529a559]" name="testIfStruct" duration-ms="2" started-at="2019-11-04T10:53:43Z" finished-at="2019-11-04T10:53:43Z">
          <reporter-output>
          </reporter-output>
        </test-method> <!-- testIfStruct -->
      </class> <!-- io.kaitai.struct.spec.TestIfStruct -->
      <class name="io.kaitai.struct.spec.TestIndexToParamExpr">
        <test-method status="PASS" signature="testIndexToParamExpr()[pri:0, instance:io.kaitai.struct.spec.TestIndexToParamExpr@1f45dbcd]" name="testIndexToParamExpr" duration-ms="1" started-at="2019-11-04T10:53:43Z" finished-at="2019-11-04T10:53:43Z">
          <reporter-output>
          </reporter-output>
        </test-method> <!-- testIndexToParamExpr -->
      </class> <!-- io.kaitai.struct.spec.TestIndexToParamExpr -->
      <class name="io.kaitai.struct.spec.TestEofExceptionBytes">
        <test-method status="PASS" signature="testEofExceptionBytes()[pri:0, instance:io.kaitai.struct.spec.TestEofExceptionBytes@7310860e]" name="testEofExceptionBytes" duration-ms="0" started-at="2019-11-04T10:53:43Z" finished-at="2019-11-04T10:53:43Z">
          <exception class="java.nio.BufferUnderflowException">
            <full-stacktrace>
              <![CDATA[java.nio.BufferUnderflowException
	at java.nio.DirectByteBuffer.get(DirectByteBuffer.java:265)
	at java.nio.ByteBuffer.get(ByteBuffer.java:695)
	at io.kaitai.struct.ByteBufferKaitaiStream.readBytes(ByteBufferKaitaiStream.java:324)
	at io.kaitai.struct.testformats.EofExceptionBytes._read(EofExceptionBytes.java:30)
	at io.kaitai.struct.testformats.EofExceptionBytes.<init>(EofExceptionBytes.java:27)
	at io.kaitai.struct.testformats.EofExceptionBytes.<init>(EofExceptionBytes.java:16)
	at io.kaitai.struct.testformats.EofExceptionBytes.fromFile(EofExceptionBytes.java:12)
	at io.kaitai.struct.spec.TestEofExceptionBytes.testEofExceptionBytes(TestEofExceptionBytes.java:13)
	at sun.reflect.NativeMethodAccessorImpl.invoke0(Native Method)
	at sun.reflect.NativeMethodAccessorImpl.invoke(NativeMethodAccessorImpl.java:57)
	at sun.reflect.DelegatingMethodAccessorImpl.invoke(DelegatingMethodAccessorImpl.java:43)
	at java.lang.reflect.Method.invoke(Method.java:606)
	at org.testng.internal.MethodInvocationHelper.invokeMethod(MethodInvocationHelper.java:86)
	at org.testng.internal.Invoker.invokeMethod(Invoker.java:643)
	at org.testng.internal.Invoker.invokeTestMethod(Invoker.java:820)
	at org.testng.internal.Invoker.invokeTestMethods(Invoker.java:1128)
	at org.testng.internal.TestMethodWorker.invokeTestMethods(TestMethodWorker.java:129)
	at org.testng.internal.TestMethodWorker.run(TestMethodWorker.java:112)
	at org.testng.TestRunner.privateRun(TestRunner.java:782)
	at org.testng.TestRunner.run(TestRunner.java:632)
	at org.testng.SuiteRunner.runTest(SuiteRunner.java:366)
	at org.testng.SuiteRunner.runSequentially(SuiteRunner.java:361)
	at org.testng.SuiteRunner.privateRun(SuiteRunner.java:319)
	at org.testng.SuiteRunner.run(SuiteRunner.java:268)
	at org.testng.SuiteRunnerWorker.runSuite(SuiteRunnerWorker.java:52)
	at org.testng.SuiteRunnerWorker.run(SuiteRunnerWorker.java:86)
	at org.testng.TestNG.runSuitesSequentially(TestNG.java:1244)
	at org.testng.TestNG.runSuitesLocally(TestNG.java:1169)
	at org.testng.TestNG.run(TestNG.java:1064)
	at org.testng.TestNG.privateMain(TestNG.java:1385)
	at org.testng.TestNG.main(TestNG.java:1354)
]]>
            </full-stacktrace>
          </exception> <!-- java.nio.BufferUnderflowException -->
          <reporter-output>
          </reporter-output>
        </test-method> <!-- testEofExceptionBytes -->
      </class> <!-- io.kaitai.struct.spec.TestEofExceptionBytes -->
      <class name="io.kaitai.struct.spec.TestBitsByteAligned">
        <test-method status="PASS" signature="testBitsByteAligned()[pri:0, instance:io.kaitai.struct.spec.TestBitsByteAligned@413ded77]" name="testBitsByteAligned" duration-ms="1" started-at="2019-11-04T10:53:43Z" finished-at="2019-11-04T10:53:43Z">
          <reporter-output>
          </reporter-output>
        </test-method> <!-- testBitsByteAligned -->
      </class> <!-- io.kaitai.struct.spec.TestBitsByteAligned -->
      <class name="io.kaitai.struct.spec.TestEofExceptionU4">
        <test-method status="PASS" signature="testEofExceptionU4()[pri:0, instance:io.kaitai.struct.spec.TestEofExceptionU4@249fa95c]" name="testEofExceptionU4" duration-ms="0" started-at="2019-11-04T10:53:43Z" finished-at="2019-11-04T10:53:43Z">
          <exception class="java.nio.BufferUnderflowException">
            <full-stacktrace>
              <![CDATA[java.nio.BufferUnderflowException
	at java.nio.Buffer.nextGetIndex(Buffer.java:498)
	at java.nio.DirectByteBuffer.getInt(DirectByteBuffer.java:675)
	at io.kaitai.struct.ByteBufferKaitaiStream.readU4le(ByteBufferKaitaiStream.java:269)
	at io.kaitai.struct.testformats.EofExceptionU4._read(EofExceptionU4.java:31)
	at io.kaitai.struct.testformats.EofExceptionU4.<init>(EofExceptionU4.java:27)
	at io.kaitai.struct.testformats.EofExceptionU4.<init>(EofExceptionU4.java:16)
	at io.kaitai.struct.testformats.EofExceptionU4.fromFile(EofExceptionU4.java:12)
	at io.kaitai.struct.spec.TestEofExceptionU4.testEofExceptionU4(TestEofExceptionU4.java:13)
	at sun.reflect.NativeMethodAccessorImpl.invoke0(Native Method)
	at sun.reflect.NativeMethodAccessorImpl.invoke(NativeMethodAccessorImpl.java:57)
	at sun.reflect.DelegatingMethodAccessorImpl.invoke(DelegatingMethodAccessorImpl.java:43)
	at java.lang.reflect.Method.invoke(Method.java:606)
	at org.testng.internal.MethodInvocationHelper.invokeMethod(MethodInvocationHelper.java:86)
	at org.testng.internal.Invoker.invokeMethod(Invoker.java:643)
	at org.testng.internal.Invoker.invokeTestMethod(Invoker.java:820)
	at org.testng.internal.Invoker.invokeTestMethods(Invoker.java:1128)
	at org.testng.internal.TestMethodWorker.invokeTestMethods(TestMethodWorker.java:129)
	at org.testng.internal.TestMethodWorker.run(TestMethodWorker.java:112)
	at org.testng.TestRunner.privateRun(TestRunner.java:782)
	at org.testng.TestRunner.run(TestRunner.java:632)
	at org.testng.SuiteRunner.runTest(SuiteRunner.java:366)
	at org.testng.SuiteRunner.runSequentially(SuiteRunner.java:361)
	at org.testng.SuiteRunner.privateRun(SuiteRunner.java:319)
	at org.testng.SuiteRunner.run(SuiteRunner.java:268)
	at org.testng.SuiteRunnerWorker.runSuite(SuiteRunnerWorker.java:52)
	at org.testng.SuiteRunnerWorker.run(SuiteRunnerWorker.java:86)
	at org.testng.TestNG.runSuitesSequentially(TestNG.java:1244)
	at org.testng.TestNG.runSuitesLocally(TestNG.java:1169)
	at org.testng.TestNG.run(TestNG.java:1064)
	at org.testng.TestNG.privateMain(TestNG.java:1385)
	at org.testng.TestNG.main(TestNG.java:1354)
]]>
            </full-stacktrace>
          </exception> <!-- java.nio.BufferUnderflowException -->
          <reporter-output>
          </reporter-output>
        </test-method> <!-- testEofExceptionU4 -->
      </class> <!-- io.kaitai.struct.spec.TestEofExceptionU4 -->
      <class name="io.kaitai.struct.spec.TestImportsAbs">
        <test-method status="PASS" signature="testImportsAbs()[pri:0, instance:io.kaitai.struct.spec.TestImportsAbs@2916117f]" name="testImportsAbs" duration-ms="2" started-at="2019-11-04T10:53:43Z" finished-at="2019-11-04T10:53:43Z">
          <reporter-output>
          </reporter-output>
        </test-method> <!-- testImportsAbs -->
      </class> <!-- io.kaitai.struct.spec.TestImportsAbs -->
      <class name="io.kaitai.struct.spec.TestOptionalId">
        <test-method status="PASS" signature="testOptionalId()[pri:0, instance:io.kaitai.struct.spec.TestOptionalId@734ee775]" name="testOptionalId" duration-ms="1" started-at="2019-11-04T10:53:43Z" finished-at="2019-11-04T10:53:43Z">
          <reporter-output>
          </reporter-output>
        </test-method> <!-- testOptionalId -->
      </class> <!-- io.kaitai.struct.spec.TestOptionalId -->
      <class name="io.kaitai.struct.spec.TestEnumOfValueInst">
        <test-method status="PASS" signature="testEnumOfValueInst()[pri:0, instance:io.kaitai.struct.spec.TestEnumOfValueInst@23617fc5]" name="testEnumOfValueInst" duration-ms="1" started-at="2019-11-04T10:53:43Z" finished-at="2019-11-04T10:53:43Z">
          <reporter-output>
          </reporter-output>
        </test-method> <!-- testEnumOfValueInst -->
      </class> <!-- io.kaitai.struct.spec.TestEnumOfValueInst -->
      <class name="io.kaitai.struct.spec.TestPositionInSeq">
        <test-method status="PASS" signature="testPositionInSeq()[pri:0, instance:io.kaitai.struct.spec.TestPositionInSeq@564e4111]" name="testPositionInSeq" duration-ms="1" started-at="2019-11-04T10:53:43Z" finished-at="2019-11-04T10:53:43Z">
          <reporter-output>
          </reporter-output>
        </test-method> <!-- testPositionInSeq -->
      </class> <!-- io.kaitai.struct.spec.TestPositionInSeq -->
      <class name="io.kaitai.struct.spec.TestRepeatNStrz">
        <test-method status="PASS" signature="testRepeatNStrz()[pri:0, instance:io.kaitai.struct.spec.TestRepeatNStrz@5e36d9e4]" name="testRepeatNStrz" duration-ms="1" started-at="2019-11-04T10:53:43Z" finished-at="2019-11-04T10:53:43Z">
          <reporter-output>
          </reporter-output>
        </test-method> <!-- testRepeatNStrz -->
      </class> <!-- io.kaitai.struct.spec.TestRepeatNStrz -->
      <class name="io.kaitai.struct.spec.TestParamsCallShort">
        <test-method status="PASS" signature="testParamsCallShort()[pri:0, instance:io.kaitai.struct.spec.TestParamsCallShort@151d2dc5]" name="testParamsCallShort" duration-ms="1" started-at="2019-11-04T10:53:43Z" finished-at="2019-11-04T10:53:43Z">
          <reporter-output>
          </reporter-output>
        </test-method> <!-- testParamsCallShort -->
      </class> <!-- io.kaitai.struct.spec.TestParamsCallShort -->
      <class name="io.kaitai.struct.spec.TestUserType">
        <test-method status="PASS" signature="testUserType()[pri:0, instance:io.kaitai.struct.spec.TestUserType@367ba4f9]" name="testUserType" duration-ms="1" started-at="2019-11-04T10:53:43Z" finished-at="2019-11-04T10:53:43Z">
          <reporter-output>
          </reporter-output>
        </test-method> <!-- testUserType -->
      </class> <!-- io.kaitai.struct.spec.TestUserType -->
      <class name="io.kaitai.struct.spec.TestDefaultEndianExprIsLe">
        <test-method status="PASS" signature="testDefaultEndianExprIsLe()[pri:0, instance:io.kaitai.struct.spec.TestDefaultEndianExprIsLe@1feb0edd]" name="testDefaultEndianExprIsLe" duration-ms="2" started-at="2019-11-04T10:53:43Z" finished-at="2019-11-04T10:53:43Z">
          <reporter-output>
          </reporter-output>
        </test-method> <!-- testDefaultEndianExprIsLe -->
      </class> <!-- io.kaitai.struct.spec.TestDefaultEndianExprIsLe -->
      <class name="io.kaitai.struct.spec.TestValidFailInst">
        <test-method status="FAIL" signature="testValidFailInst()[pri:0, instance:io.kaitai.struct.spec.TestValidFailInst@67d6bdeb]" name="testValidFailInst" duration-ms="1" started-at="2019-11-04T10:53:43Z" finished-at="2019-11-04T10:53:43Z">
          <exception class="org.testng.TestException">
            <message>
              <![CDATA[
Method TestValidFailInst.testValidFailInst()[pri:0, instance:io.kaitai.struct.spec.TestValidFailInst@67d6bdeb] should have thrown an exception of type class io.kaitai.struct.KaitaiStream$ValidationNotEqualError]]>
            </message>
            <full-stacktrace>
              <![CDATA[org.testng.TestException: 
Method TestValidFailInst.testValidFailInst()[pri:0, instance:io.kaitai.struct.spec.TestValidFailInst@67d6bdeb] should have thrown an exception of type class io.kaitai.struct.KaitaiStream$ValidationNotEqualError
	at org.testng.internal.ExpectedExceptionsHolder.noException(ExpectedExceptionsHolder.java:89)
	at org.testng.internal.Invoker.handleInvocationResults(Invoker.java:1381)
	at org.testng.internal.Invoker.invokeMethod(Invoker.java:681)
	at org.testng.internal.Invoker.invokeTestMethod(Invoker.java:820)
	at org.testng.internal.Invoker.invokeTestMethods(Invoker.java:1128)
	at org.testng.internal.TestMethodWorker.invokeTestMethods(TestMethodWorker.java:129)
	at org.testng.internal.TestMethodWorker.run(TestMethodWorker.java:112)
	at org.testng.TestRunner.privateRun(TestRunner.java:782)
	at org.testng.TestRunner.run(TestRunner.java:632)
	at org.testng.SuiteRunner.runTest(SuiteRunner.java:366)
	at org.testng.SuiteRunner.runSequentially(SuiteRunner.java:361)
	at org.testng.SuiteRunner.privateRun(SuiteRunner.java:319)
	at org.testng.SuiteRunner.run(SuiteRunner.java:268)
	at org.testng.SuiteRunnerWorker.runSuite(SuiteRunnerWorker.java:52)
	at org.testng.SuiteRunnerWorker.run(SuiteRunnerWorker.java:86)
	at org.testng.TestNG.runSuitesSequentially(TestNG.java:1244)
	at org.testng.TestNG.runSuitesLocally(TestNG.java:1169)
	at org.testng.TestNG.run(TestNG.java:1064)
	at org.testng.TestNG.privateMain(TestNG.java:1385)
	at org.testng.TestNG.main(TestNG.java:1354)
]]>
            </full-stacktrace>
          </exception> <!-- org.testng.TestException -->
          <reporter-output>
          </reporter-output>
        </test-method> <!-- testValidFailInst -->
      </class> <!-- io.kaitai.struct.spec.TestValidFailInst -->
      <class name="io.kaitai.struct.spec.TestBitsSimple">
        <test-method status="PASS" signature="testBitsSimple()[pri:0, instance:io.kaitai.struct.spec.TestBitsSimple@6ba2a53]" name="testBitsSimple" duration-ms="1" started-at="2019-11-04T10:53:43Z" finished-at="2019-11-04T10:53:43Z">
          <reporter-output>
          </reporter-output>
        </test-method> <!-- testBitsSimple -->
      </class> <!-- io.kaitai.struct.spec.TestBitsSimple -->
      <class name="io.kaitai.struct.spec.TestNavParentFalse">
        <test-method status="PASS" signature="testNavParentFalse()[pri:0, instance:io.kaitai.struct.spec.TestNavParentFalse@38987d26]" name="testNavParentFalse" duration-ms="1" started-at="2019-11-04T10:53:43Z" finished-at="2019-11-04T10:53:43Z">
          <reporter-output>
          </reporter-output>
        </test-method> <!-- testNavParentFalse -->
      </class> <!-- io.kaitai.struct.spec.TestNavParentFalse -->
      <class name="io.kaitai.struct.spec.TestExprEnum">
        <test-method status="PASS" signature="testExprEnum()[pri:0, instance:io.kaitai.struct.spec.TestExprEnum@5a4bccdd]" name="testExprEnum" duration-ms="1" started-at="2019-11-04T10:53:43Z" finished-at="2019-11-04T10:53:43Z">
          <reporter-output>
          </reporter-output>
        </test-method> <!-- testExprEnum -->
      </class> <!-- io.kaitai.struct.spec.TestExprEnum -->
      <class name="io.kaitai.struct.spec.TestStrLiterals">
        <test-method status="PASS" signature="testStrLiterals()[pri:0, instance:io.kaitai.struct.spec.TestStrLiterals@bc8ba5]" name="testStrLiterals" duration-ms="0" started-at="2019-11-04T10:53:43Z" finished-at="2019-11-04T10:53:43Z">
          <reporter-output>
          </reporter-output>
        </test-method> <!-- testStrLiterals -->
      </class> <!-- io.kaitai.struct.spec.TestStrLiterals -->
      <class name="io.kaitai.struct.spec.TestOpaqueExternalType">
        <test-method status="PASS" signature="testOpaqueExternalType()[pri:0, instance:io.kaitai.struct.spec.TestOpaqueExternalType@4ee95a23]" name="testOpaqueExternalType" duration-ms="0" started-at="2019-11-04T10:53:43Z" finished-at="2019-11-04T10:53:43Z">
          <reporter-output>
          </reporter-output>
        </test-method> <!-- testOpaqueExternalType -->
      </class> <!-- io.kaitai.struct.spec.TestOpaqueExternalType -->
      <class name="io.kaitai.struct.spec.TestImports0">
        <test-method status="PASS" signature="testImports0()[pri:0, instance:io.kaitai.struct.spec.TestImports0@6982bec3]" name="testImports0" duration-ms="1" started-at="2019-11-04T10:53:43Z" finished-at="2019-11-04T10:53:43Z">
          <reporter-output>
          </reporter-output>
        </test-method> <!-- testImports0 -->
      </class> <!-- io.kaitai.struct.spec.TestImports0 -->
      <class name="io.kaitai.struct.spec.TestSwitchIntegers2">
        <test-method status="PASS" signature="testSwitchIntegers2()[pri:0, instance:io.kaitai.struct.spec.TestSwitchIntegers2@7e668893]" name="testSwitchIntegers2" duration-ms="0" started-at="2019-11-04T10:53:43Z" finished-at="2019-11-04T10:53:43Z">
          <reporter-output>
          </reporter-output>
        </test-method> <!-- testSwitchIntegers2 -->
      </class> <!-- io.kaitai.struct.spec.TestSwitchIntegers2 -->
      <class name="io.kaitai.struct.spec.TestCastToTop">
        <test-method status="PASS" signature="testCastToTop()[pri:0, instance:io.kaitai.struct.spec.TestCastToTop@5673ef7]" name="testCastToTop" duration-ms="1" started-at="2019-11-04T10:53:43Z" finished-at="2019-11-04T10:53:43Z">
          <reporter-output>
          </reporter-output>
        </test-method> <!-- testCastToTop -->
      </class> <!-- io.kaitai.struct.spec.TestCastToTop -->
      <class name="io.kaitai.struct.spec.TestTypeTernaryOpaque">
        <test-method status="PASS" signature="testTypeTernaryOpaque()[pri:0, instance:io.kaitai.struct.spec.TestTypeTernaryOpaque@24585a88]" name="testTypeTernaryOpaque" duration-ms="1" started-at="2019-11-04T10:53:43Z" finished-at="2019-11-04T10:53:43Z">
          <reporter-output>
          </reporter-output>
        </test-method> <!-- testTypeTernaryOpaque -->
      </class> <!-- io.kaitai.struct.spec.TestTypeTernaryOpaque -->
    </test> <!-- all -->
  </suite> <!-- Kaitai Struct Java specs -->
</testng-results>
