<?xml version="1.0" encoding="UTF-8"?>
<testng-results skipped="0" failed="7" total="231" passed="224">
  <reporter-output>
  </reporter-output>
  <suite name="Kaitai Struct Java specs" duration-ms="431" started-at="2022-07-28T09:44:15Z" finished-at="2022-07-28T09:44:16Z">
    <groups>
    </groups>
    <test name="all" duration-ms="431" started-at="2022-07-28T09:44:15Z" finished-at="2022-07-28T09:44:16Z">
      <class name="io.kaitai.struct.spec.TestExprBytesCmp">
        <test-method status="PASS" signature="testExprBytesCmp()[pri:0, instance:io.kaitai.struct.spec.TestExprBytesCmp@41e36e46]" name="testExprBytesCmp" duration-ms="1" started-at="2022-07-28T09:44:16Z" finished-at="2022-07-28T09:44:16Z">
          <reporter-output>
          </reporter-output>
        </test-method> <!-- testExprBytesCmp -->
      </class> <!-- io.kaitai.struct.spec.TestExprBytesCmp -->
      <class name="io.kaitai.struct.spec.TestDocstringsDocrefMulti">
        <test-method status="PASS" signature="testDocstringsDocrefMulti()[pri:0, instance:io.kaitai.struct.spec.TestDocstringsDocrefMulti@5fdcaa40]" name="testDocstringsDocrefMulti" duration-ms="1" started-at="2022-07-28T09:44:15Z" finished-at="2022-07-28T09:44:15Z">
          <reporter-output>
          </reporter-output>
        </test-method> <!-- testDocstringsDocrefMulti -->
      </class> <!-- io.kaitai.struct.spec.TestDocstringsDocrefMulti -->
      <class name="io.kaitai.struct.spec.TestRepeatEosStruct">
        <test-method status="PASS" signature="testRepeatEosStruct()[pri:0, instance:io.kaitai.struct.spec.TestRepeatEosStruct@14dd9eb7]" name="testRepeatEosStruct" duration-ms="1" started-at="2022-07-28T09:44:15Z" finished-at="2022-07-28T09:44:15Z">
          <reporter-output>
          </reporter-output>
        </test-method> <!-- testRepeatEosStruct -->
      </class> <!-- io.kaitai.struct.spec.TestRepeatEosStruct -->
      <class name="io.kaitai.struct.spec.TestProcessToUser">
        <test-method status="PASS" signature="testProcessToUser()[pri:0, instance:io.kaitai.struct.spec.TestProcessToUser@15c43bd9]" name="testProcessToUser" duration-ms="0" started-at="2022-07-28T09:44:16Z" finished-at="2022-07-28T09:44:16Z">
          <reporter-output>
          </reporter-output>
        </test-method> <!-- testProcessToUser -->
      </class> <!-- io.kaitai.struct.spec.TestProcessToUser -->
      <class name="io.kaitai.struct.spec.TestFixedStruct">
        <test-method status="PASS" signature="testFixedStruct()[pri:0, instance:io.kaitai.struct.spec.TestFixedStruct@67d48005]" name="testFixedStruct" duration-ms="1" started-at="2022-07-28T09:44:15Z" finished-at="2022-07-28T09:44:15Z">
          <reporter-output>
          </reporter-output>
        </test-method> <!-- testFixedStruct -->
      </class> <!-- io.kaitai.struct.spec.TestFixedStruct -->
      <class name="io.kaitai.struct.spec.TestParamsPassUsertype">
        <test-method status="PASS" signature="testParamsPassUsertype()[pri:0, instance:io.kaitai.struct.spec.TestParamsPassUsertype@5f058f00]" name="testParamsPassUsertype" duration-ms="1" started-at="2022-07-28T09:44:16Z" finished-at="2022-07-28T09:44:16Z">
          <reporter-output>
          </reporter-output>
        </test-method> <!-- testParamsPassUsertype -->
      </class> <!-- io.kaitai.struct.spec.TestParamsPassUsertype -->
      <class name="io.kaitai.struct.spec.TestValidEqStrEncodings">
        <test-method status="PASS" signature="testValidEqStrEncodings()[pri:0, instance:io.kaitai.struct.spec.TestValidEqStrEncodings@1700915]" name="testValidEqStrEncodings" duration-ms="0" started-at="2022-07-28T09:44:16Z" finished-at="2022-07-28T09:44:16Z">
          <reporter-output>
          </reporter-output>
        </test-method> <!-- testValidEqStrEncodings -->
      </class> <!-- io.kaitai.struct.spec.TestValidEqStrEncodings -->
      <class name="io.kaitai.struct.spec.TestParamsPassArrayStruct">
        <test-method status="PASS" signature="testParamsPassArrayStruct()[pri:0, instance:io.kaitai.struct.spec.TestParamsPassArrayStruct@3c130745]" name="testParamsPassArrayStruct" duration-ms="1" started-at="2022-07-28T09:44:15Z" finished-at="2022-07-28T09:44:15Z">
          <reporter-output>
          </reporter-output>
        </test-method> <!-- testParamsPassArrayStruct -->
      </class> <!-- io.kaitai.struct.spec.TestParamsPassArrayStruct -->
      <class name="io.kaitai.struct.spec.TestNonStandard">
        <test-method status="PASS" signature="testNonStandard()[pri:0, instance:io.kaitai.struct.spec.TestNonStandard@384ad17b]" name="testNonStandard" duration-ms="1" started-at="2022-07-28T09:44:15Z" finished-at="2022-07-28T09:44:15Z">
          <reporter-output>
          </reporter-output>
        </test-method> <!-- testNonStandard -->
      </class> <!-- io.kaitai.struct.spec.TestNonStandard -->
      <class name="io.kaitai.struct.spec.TestFloatingPoints">
        <test-method status="PASS" signature="testFloatingPoints()[pri:0, instance:io.kaitai.struct.spec.TestFloatingPoints@67a20f67]" name="testFloatingPoints" duration-ms="0" started-at="2022-07-28T09:44:16Z" finished-at="2022-07-28T09:44:16Z">
          <reporter-output>
          </reporter-output>
        </test-method> <!-- testFloatingPoints -->
      </class> <!-- io.kaitai.struct.spec.TestFloatingPoints -->
      <class name="io.kaitai.struct.spec.TestImportsCircularA">
        <test-method status="PASS" signature="testImportsCircularA()[pri:0, instance:io.kaitai.struct.spec.TestImportsCircularA@3427b02d]" name="testImportsCircularA" duration-ms="1" started-at="2022-07-28T09:44:16Z" finished-at="2022-07-28T09:44:16Z">
          <reporter-output>
          </reporter-output>
        </test-method> <!-- testImportsCircularA -->
      </class> <!-- io.kaitai.struct.spec.TestImportsCircularA -->
      <class name="io.kaitai.struct.spec.TestStrPadTermEmpty">
        <test-method status="PASS" signature="testStrPadTermEmpty()[pri:0, instance:io.kaitai.struct.spec.TestStrPadTermEmpty@15ff3e9e]" name="testStrPadTermEmpty" duration-ms="0" started-at="2022-07-28T09:44:15Z" finished-at="2022-07-28T09:44:15Z">
          <reporter-output>
          </reporter-output>
        </test-method> <!-- testStrPadTermEmpty -->
      </class> <!-- io.kaitai.struct.spec.TestStrPadTermEmpty -->
      <class name="io.kaitai.struct.spec.TestValidFailMaxInt">
        <test-method status="PASS" signature="testValidFailMaxInt()[pri:0, instance:io.kaitai.struct.spec.TestValidFailMaxInt@1ea9f6af]" name="testValidFailMaxInt" duration-ms="0" started-at="2022-07-28T09:44:16Z" finished-at="2022-07-28T09:44:16Z">
          <exception class="io.kaitai.struct.KaitaiStream$ValidationGreaterThanError">
            <message>
              <![CDATA[/seq/0: at pos 1: validation failed: not in range, max 12, but got 80]]>
            </message>
            <full-stacktrace>
              <![CDATA[io.kaitai.struct.KaitaiStream$ValidationGreaterThanError: /seq/0: at pos 1: validation failed: not in range, max 12, but got 80
	at io.kaitai.struct.testformats.ValidFailMaxInt._read(ValidFailMaxInt.java:32)
	at io.kaitai.struct.testformats.ValidFailMaxInt.<init>(ValidFailMaxInt.java:27)
	at io.kaitai.struct.testformats.ValidFailMaxInt.<init>(ValidFailMaxInt.java:16)
	at io.kaitai.struct.testformats.ValidFailMaxInt.fromFile(ValidFailMaxInt.java:12)
	at io.kaitai.struct.spec.TestValidFailMaxInt.testValidFailMaxInt(TestValidFailMaxInt.java:13)
	at sun.reflect.NativeMethodAccessorImpl.invoke0(Native Method)
	at sun.reflect.NativeMethodAccessorImpl.invoke(NativeMethodAccessorImpl.java:62)
	at sun.reflect.DelegatingMethodAccessorImpl.invoke(DelegatingMethodAccessorImpl.java:43)
	at java.lang.reflect.Method.invoke(Method.java:498)
	at org.testng.internal.MethodInvocationHelper.invokeMethod(MethodInvocationHelper.java:86)
	at org.testng.internal.Invoker.invokeMethod(Invoker.java:643)
	at org.testng.internal.Invoker.invokeTestMethod(Invoker.java:820)
	at org.testng.internal.Invoker.invokeTestMethods(Invoker.java:1128)
	at org.testng.internal.TestMethodWorker.invokeTestMethods(TestMethodWorker.java:129)
	at org.testng.internal.TestMethodWorker.run(TestMethodWorker.java:112)
	at org.testng.TestRunner.privateRun(TestRunner.java:782)
	at org.testng.TestRunner.run(TestRunner.java:632)
	at org.testng.SuiteRunner.runTest(SuiteRunner.java:366)
	at org.testng.SuiteRunner.runSequentially(SuiteRunner.java:361)
	at org.testng.SuiteRunner.privateRun(SuiteRunner.java:319)
	at org.testng.SuiteRunner.run(SuiteRunner.java:268)
	at org.testng.SuiteRunnerWorker.runSuite(SuiteRunnerWorker.java:52)
	at org.testng.SuiteRunnerWorker.run(SuiteRunnerWorker.java:86)
	at org.testng.TestNG.runSuitesSequentially(TestNG.java:1244)
	at org.testng.TestNG.runSuitesLocally(TestNG.java:1169)
	at org.testng.TestNG.run(TestNG.java:1064)
	at org.testng.TestNG.privateMain(TestNG.java:1385)
	at org.testng.TestNG.main(TestNG.java:1354)
]]>
            </full-stacktrace>
          </exception> <!-- io.kaitai.struct.KaitaiStream$ValidationGreaterThanError -->
          <reporter-output>
          </reporter-output>
        </test-method> <!-- testValidFailMaxInt -->
      </class> <!-- io.kaitai.struct.spec.TestValidFailMaxInt -->
      <class name="io.kaitai.struct.spec.TestBitsEnum">
        <test-method status="PASS" signature="testBitsEnum()[pri:0, instance:io.kaitai.struct.spec.TestBitsEnum@20deea7f]" name="testBitsEnum" duration-ms="1" started-at="2022-07-28T09:44:16Z" finished-at="2022-07-28T09:44:16Z">
          <reporter-output>
          </reporter-output>
        </test-method> <!-- testBitsEnum -->
      </class> <!-- io.kaitai.struct.spec.TestBitsEnum -->
      <class name="io.kaitai.struct.spec.TestValidFailMinInt">
        <test-method status="PASS" signature="testValidFailMinInt()[pri:0, instance:io.kaitai.struct.spec.TestValidFailMinInt@418e7838]" name="testValidFailMinInt" duration-ms="0" started-at="2022-07-28T09:44:15Z" finished-at="2022-07-28T09:44:15Z">
          <exception class="io.kaitai.struct.KaitaiStream$ValidationLessThanError">
            <message>
              <![CDATA[/seq/0: at pos 1: validation failed: not in range, min 123, but got 80]]>
            </message>
            <full-stacktrace>
              <![CDATA[io.kaitai.struct.KaitaiStream$ValidationLessThanError: /seq/0: at pos 1: validation failed: not in range, min 123, but got 80
	at io.kaitai.struct.testformats.ValidFailMinInt._read(ValidFailMinInt.java:32)
	at io.kaitai.struct.testformats.ValidFailMinInt.<init>(ValidFailMinInt.java:27)
	at io.kaitai.struct.testformats.ValidFailMinInt.<init>(ValidFailMinInt.java:16)
	at io.kaitai.struct.testformats.ValidFailMinInt.fromFile(ValidFailMinInt.java:12)
	at io.kaitai.struct.spec.TestValidFailMinInt.testValidFailMinInt(TestValidFailMinInt.java:13)
	at sun.reflect.NativeMethodAccessorImpl.invoke0(Native Method)
	at sun.reflect.NativeMethodAccessorImpl.invoke(NativeMethodAccessorImpl.java:62)
	at sun.reflect.DelegatingMethodAccessorImpl.invoke(DelegatingMethodAccessorImpl.java:43)
	at java.lang.reflect.Method.invoke(Method.java:498)
	at org.testng.internal.MethodInvocationHelper.invokeMethod(MethodInvocationHelper.java:86)
	at org.testng.internal.Invoker.invokeMethod(Invoker.java:643)
	at org.testng.internal.Invoker.invokeTestMethod(Invoker.java:820)
	at org.testng.internal.Invoker.invokeTestMethods(Invoker.java:1128)
	at org.testng.internal.TestMethodWorker.invokeTestMethods(TestMethodWorker.java:129)
	at org.testng.internal.TestMethodWorker.run(TestMethodWorker.java:112)
	at org.testng.TestRunner.privateRun(TestRunner.java:782)
	at org.testng.TestRunner.run(TestRunner.java:632)
	at org.testng.SuiteRunner.runTest(SuiteRunner.java:366)
	at org.testng.SuiteRunner.runSequentially(SuiteRunner.java:361)
	at org.testng.SuiteRunner.privateRun(SuiteRunner.java:319)
	at org.testng.SuiteRunner.run(SuiteRunner.java:268)
	at org.testng.SuiteRunnerWorker.runSuite(SuiteRunnerWorker.java:52)
	at org.testng.SuiteRunnerWorker.run(SuiteRunnerWorker.java:86)
	at org.testng.TestNG.runSuitesSequentially(TestNG.java:1244)
	at org.testng.TestNG.runSuitesLocally(TestNG.java:1169)
	at org.testng.TestNG.run(TestNG.java:1064)
	at org.testng.TestNG.privateMain(TestNG.java:1385)
	at org.testng.TestNG.main(TestNG.java:1354)
]]>
            </full-stacktrace>
          </exception> <!-- io.kaitai.struct.KaitaiStream$ValidationLessThanError -->
          <reporter-output>
          </reporter-output>
        </test-method> <!-- testValidFailMinInt -->
      </class> <!-- io.kaitai.struct.spec.TestValidFailMinInt -->
      <class name="io.kaitai.struct.spec.TestNestedTypeParam">
        <test-method status="PASS" signature="testNestedTypeParam()[pri:0, instance:io.kaitai.struct.spec.TestNestedTypeParam@5e0826e7]" name="testNestedTypeParam" duration-ms="1" started-at="2022-07-28T09:44:15Z" finished-at="2022-07-28T09:44:15Z">
          <reporter-output>
          </reporter-output>
        </test-method> <!-- testNestedTypeParam -->
      </class> <!-- io.kaitai.struct.spec.TestNestedTypeParam -->
      <class name="io.kaitai.struct.spec.TestDefaultBigEndian">
        <test-method status="PASS" signature="testDefaultBigEndian()[pri:0, instance:io.kaitai.struct.spec.TestDefaultBigEndian@16ec5519]" name="testDefaultBigEndian" duration-ms="0" started-at="2022-07-28T09:44:16Z" finished-at="2022-07-28T09:44:16Z">
          <reporter-output>
          </reporter-output>
        </test-method> <!-- testDefaultBigEndian -->
      </class> <!-- io.kaitai.struct.spec.TestDefaultBigEndian -->
      <class name="io.kaitai.struct.spec.TestExprSizeofValue0">
        <test-method status="PASS" signature="testExprSizeofValue0()[pri:0, instance:io.kaitai.struct.spec.TestExprSizeofValue0@64cd705f]" name="testExprSizeofValue0" duration-ms="0" started-at="2022-07-28T09:44:16Z" finished-at="2022-07-28T09:44:16Z">
          <reporter-output>
          </reporter-output>
        </test-method> <!-- testExprSizeofValue0 -->
      </class> <!-- io.kaitai.struct.spec.TestExprSizeofValue0 -->
      <class name="io.kaitai.struct.spec.TestExprStrOps">
        <test-method status="PASS" signature="testExprStrOps()[pri:0, instance:io.kaitai.struct.spec.TestExprStrOps@1622f1b]" name="testExprStrOps" duration-ms="1" started-at="2022-07-28T09:44:15Z" finished-at="2022-07-28T09:44:15Z">
          <reporter-output>
          </reporter-output>
        </test-method> <!-- testExprStrOps -->
      </class> <!-- io.kaitai.struct.spec.TestExprStrOps -->
      <class name="io.kaitai.struct.spec.TestExprIoPos">
        <test-method status="PASS" signature="testExprIoPos()[pri:0, instance:io.kaitai.struct.spec.TestExprIoPos@402bba4f]" name="testExprIoPos" duration-ms="1" started-at="2022-07-28T09:44:15Z" finished-at="2022-07-28T09:44:15Z">
          <reporter-output>
          </reporter-output>
        </test-method> <!-- testExprIoPos -->
      </class> <!-- io.kaitai.struct.spec.TestExprIoPos -->
      <class name="io.kaitai.struct.spec.TestProcessXorValue">
        <test-method status="PASS" signature="testProcessXorValue()[pri:0, instance:io.kaitai.struct.spec.TestProcessXorValue@4fb0f2b9]" name="testProcessXorValue" duration-ms="0" started-at="2022-07-28T09:44:15Z" finished-at="2022-07-28T09:44:15Z">
          <reporter-output>
          </reporter-output>
        </test-method> <!-- testProcessXorValue -->
      </class> <!-- io.kaitai.struct.spec.TestProcessXorValue -->
      <class name="io.kaitai.struct.spec.TestProcessXor4Value">
        <test-method status="PASS" signature="testProcessXor4Value()[pri:0, instance:io.kaitai.struct.spec.TestProcessXor4Value@2e005c4b]" name="testProcessXor4Value" duration-ms="1" started-at="2022-07-28T09:44:15Z" finished-at="2022-07-28T09:44:15Z">
          <reporter-output>
          </reporter-output>
        </test-method> <!-- testProcessXor4Value -->
      </class> <!-- io.kaitai.struct.spec.TestProcessXor4Value -->
      <class name="io.kaitai.struct.spec.TestHelloWorld">
        <test-method status="PASS" signature="testHelloWorld()[pri:0, instance:io.kaitai.struct.spec.TestHelloWorld@35ef1869]" name="testHelloWorld" duration-ms="0" started-at="2022-07-28T09:44:16Z" finished-at="2022-07-28T09:44:16Z">
          <reporter-output>
          </reporter-output>
        </test-method> <!-- testHelloWorld -->
      </class> <!-- io.kaitai.struct.spec.TestHelloWorld -->
      <class name="io.kaitai.struct.spec.TestBitsSignedShiftB32Le">
        <test-method status="PASS" signature="testBitsSignedShiftB32Le()[pri:0, instance:io.kaitai.struct.spec.TestBitsSignedShiftB32Le@6e20b53a]" name="testBitsSignedShiftB32Le" duration-ms="1" started-at="2022-07-28T09:44:15Z" finished-at="2022-07-28T09:44:15Z">
          <reporter-output>
          </reporter-output>
        </test-method> <!-- testBitsSignedShiftB32Le -->
      </class> <!-- io.kaitai.struct.spec.TestBitsSignedShiftB32Le -->
      <class name="io.kaitai.struct.spec.TestCombineBool">
        <test-method status="PASS" signature="testCombineBool()[pri:0, instance:io.kaitai.struct.spec.TestCombineBool@4f209819]" name="testCombineBool" duration-ms="0" started-at="2022-07-28T09:44:16Z" finished-at="2022-07-28T09:44:16Z">
          <reporter-output>
          </reporter-output>
        </test-method> <!-- testCombineBool -->
      </class> <!-- io.kaitai.struct.spec.TestCombineBool -->
      <class name="io.kaitai.struct.spec.TestNavParentFalse2">
        <test-method status="PASS" signature="testNavParentFalse2()[pri:0, instance:io.kaitai.struct.spec.TestNavParentFalse2@59fd97a8]" name="testNavParentFalse2" duration-ms="0" started-at="2022-07-28T09:44:15Z" finished-at="2022-07-28T09:44:15Z">
          <reporter-output>
          </reporter-output>
        </test-method> <!-- testNavParentFalse2 -->
      </class> <!-- io.kaitai.struct.spec.TestNavParentFalse2 -->
      <class name="io.kaitai.struct.spec.TestIntegersMinMax">
        <test-method status="PASS" signature="testIntegersMinMax()[pri:0, instance:io.kaitai.struct.spec.TestIntegersMinMax@74e52303]" name="testIntegersMinMax" duration-ms="1" started-at="2022-07-28T09:44:15Z" finished-at="2022-07-28T09:44:15Z">
          <reporter-output>
          </reporter-output>
        </test-method> <!-- testIntegersMinMax -->
      </class> <!-- io.kaitai.struct.spec.TestIntegersMinMax -->
      <class name="io.kaitai.struct.spec.TestSwitchManualEnum">
        <test-method status="PASS" signature="testSwitchManualEnum()[pri:0, instance:io.kaitai.struct.spec.TestSwitchManualEnum@1c93084c]" name="testSwitchManualEnum" duration-ms="2" started-at="2022-07-28T09:44:15Z" finished-at="2022-07-28T09:44:15Z">
          <reporter-output>
          </reporter-output>
        </test-method> <!-- testSwitchManualEnum -->
      </class> <!-- io.kaitai.struct.spec.TestSwitchManualEnum -->
      <class name="io.kaitai.struct.spec.TestSwitchManualStrElse">
        <test-method status="PASS" signature="testSwitchManualStrElse()[pri:0, instance:io.kaitai.struct.spec.TestSwitchManualStrElse@619713e5]" name="testSwitchManualStrElse" duration-ms="1" started-at="2022-07-28T09:44:16Z" finished-at="2022-07-28T09:44:16Z">
          <reporter-output>
          </reporter-output>
        </test-method> <!-- testSwitchManualStrElse -->
      </class> <!-- io.kaitai.struct.spec.TestSwitchManualStrElse -->
      <class name="io.kaitai.struct.spec.TestValidLong">
        <test-method status="PASS" signature="testValidLong()[pri:0, instance:io.kaitai.struct.spec.TestValidLong@76508ed1]" name="testValidLong" duration-ms="1" started-at="2022-07-28T09:44:16Z" finished-at="2022-07-28T09:44:16Z">
          <reporter-output>
          </reporter-output>
        </test-method> <!-- testValidLong -->
      </class> <!-- io.kaitai.struct.spec.TestValidLong -->
      <class name="io.kaitai.struct.spec.TestRecursiveOne">
        <test-method status="PASS" signature="testRecursiveOne()[pri:0, instance:io.kaitai.struct.spec.TestRecursiveOne@6a400542]" name="testRecursiveOne" duration-ms="1" started-at="2022-07-28T09:44:16Z" finished-at="2022-07-28T09:44:16Z">
          <reporter-output>
          </reporter-output>
        </test-method> <!-- testRecursiveOne -->
      </class> <!-- io.kaitai.struct.spec.TestRecursiveOne -->
      <class name="io.kaitai.struct.spec.TestCombineEnum">
        <test-method status="PASS" signature="testCombineEnum()[pri:0, instance:io.kaitai.struct.spec.TestCombineEnum@243c4f91]" name="testCombineEnum" duration-ms="0" started-at="2022-07-28T09:44:16Z" finished-at="2022-07-28T09:44:16Z">
          <reporter-output>
          </reporter-output>
        </test-method> <!-- testCombineEnum -->
      </class> <!-- io.kaitai.struct.spec.TestCombineEnum -->
      <class name="io.kaitai.struct.spec.TestNavParentSwitchCast">
        <test-method status="PASS" signature="testNavParentSwitchCast()[pri:0, instance:io.kaitai.struct.spec.TestNavParentSwitchCast@192d43ce]" name="testNavParentSwitchCast" duration-ms="2" started-at="2022-07-28T09:44:16Z" finished-at="2022-07-28T09:44:16Z">
          <reporter-output>
          </reporter-output>
        </test-method> <!-- testNavParentSwitchCast -->
      </class> <!-- io.kaitai.struct.spec.TestNavParentSwitchCast -->
      <class name="io.kaitai.struct.spec.TestSwitchManualIntSizeEos">
        <test-method status="PASS" signature="testSwitchManualIntSizeEos()[pri:0, instance:io.kaitai.struct.spec.TestSwitchManualIntSizeEos@7a69b07]" name="testSwitchManualIntSizeEos" duration-ms="1" started-at="2022-07-28T09:44:16Z" finished-at="2022-07-28T09:44:16Z">
          <reporter-output>
          </reporter-output>
        </test-method> <!-- testSwitchManualIntSizeEos -->
      </class> <!-- io.kaitai.struct.spec.TestSwitchManualIntSizeEos -->
      <class name="io.kaitai.struct.spec.TestParamsPassArrayUsertype">
        <test-method status="PASS" signature="testParamsPassArrayUsertype()[pri:0, instance:io.kaitai.struct.spec.TestParamsPassArrayUsertype@47af7f3d]" name="testParamsPassArrayUsertype" duration-ms="1" started-at="2022-07-28T09:44:15Z" finished-at="2022-07-28T09:44:15Z">
          <reporter-output>
          </reporter-output>
        </test-method> <!-- testParamsPassArrayUsertype -->
      </class> <!-- io.kaitai.struct.spec.TestParamsPassArrayUsertype -->
      <class name="io.kaitai.struct.spec.TestRepeatNStrz">
        <test-method status="PASS" signature="testRepeatNStrz()[pri:0, instance:io.kaitai.struct.spec.TestRepeatNStrz@8dbdac1]" name="testRepeatNStrz" duration-ms="1" started-at="2022-07-28T09:44:15Z" finished-at="2022-07-28T09:44:15Z">
          <reporter-output>
          </reporter-output>
        </test-method> <!-- testRepeatNStrz -->
      </class> <!-- io.kaitai.struct.spec.TestRepeatNStrz -->
      <class name="io.kaitai.struct.spec.TestDefaultEndianExprIsBe">
        <test-method status="PASS" signature="testDefaultEndianExprIsBe()[pri:0, instance:io.kaitai.struct.spec.TestDefaultEndianExprIsBe@3835c46]" name="testDefaultEndianExprIsBe" duration-ms="1" started-at="2022-07-28T09:44:16Z" finished-at="2022-07-28T09:44:16Z">
          <reporter-output>
          </reporter-output>
        </test-method> <!-- testDefaultEndianExprIsBe -->
      </class> <!-- io.kaitai.struct.spec.TestDefaultEndianExprIsBe -->
      <class name="io.kaitai.struct.spec.TestPositionAbs">
        <test-method status="PASS" signature="testPositionAbs()[pri:0, instance:io.kaitai.struct.spec.TestPositionAbs@5bd03f44]" name="testPositionAbs" duration-ms="0" started-at="2022-07-28T09:44:16Z" finished-at="2022-07-28T09:44:16Z">
          <reporter-output>
          </reporter-output>
        </test-method> <!-- testPositionAbs -->
      </class> <!-- io.kaitai.struct.spec.TestPositionAbs -->
      <class name="io.kaitai.struct.spec.TestStrLiterals">
        <test-method status="PASS" signature="testStrLiterals()[pri:0, instance:io.kaitai.struct.spec.TestStrLiterals@72057ecf]" name="testStrLiterals" duration-ms="1" started-at="2022-07-28T09:44:16Z" finished-at="2022-07-28T09:44:16Z">
          <reporter-output>
          </reporter-output>
        </test-method> <!-- testStrLiterals -->
      </class> <!-- io.kaitai.struct.spec.TestStrLiterals -->
      <class name="io.kaitai.struct.spec.TestExprMod">
        <test-method status="PASS" signature="testExprMod()[pri:0, instance:io.kaitai.struct.spec.TestExprMod@39529185]" name="testExprMod" duration-ms="0" started-at="2022-07-28T09:44:16Z" finished-at="2022-07-28T09:44:16Z">
          <reporter-output>
          </reporter-output>
        </test-method> <!-- testExprMod -->
      </class> <!-- io.kaitai.struct.spec.TestExprMod -->
      <class name="io.kaitai.struct.spec.TestValidFailAnyofInt">
        <test-method status="PASS" signature="testValidFailAnyofInt()[pri:0, instance:io.kaitai.struct.spec.TestValidFailAnyofInt@30ee2816]" name="testValidFailAnyofInt" duration-ms="0" started-at="2022-07-28T09:44:16Z" finished-at="2022-07-28T09:44:16Z">
          <exception class="io.kaitai.struct.KaitaiStream$ValidationNotAnyOfError">
            <message>
              <![CDATA[/seq/0: at pos 1: validation failed: not any of the list, got 80]]>
            </message>
            <full-stacktrace>
              <![CDATA[io.kaitai.struct.KaitaiStream$ValidationNotAnyOfError: /seq/0: at pos 1: validation failed: not any of the list, got 80
	at io.kaitai.struct.testformats.ValidFailAnyofInt._read(ValidFailAnyofInt.java:32)
	at io.kaitai.struct.testformats.ValidFailAnyofInt.<init>(ValidFailAnyofInt.java:27)
	at io.kaitai.struct.testformats.ValidFailAnyofInt.<init>(ValidFailAnyofInt.java:16)
	at io.kaitai.struct.testformats.ValidFailAnyofInt.fromFile(ValidFailAnyofInt.java:12)
	at io.kaitai.struct.spec.TestValidFailAnyofInt.testValidFailAnyofInt(TestValidFailAnyofInt.java:13)
	at sun.reflect.NativeMethodAccessorImpl.invoke0(Native Method)
	at sun.reflect.NativeMethodAccessorImpl.invoke(NativeMethodAccessorImpl.java:62)
	at sun.reflect.DelegatingMethodAccessorImpl.invoke(DelegatingMethodAccessorImpl.java:43)
	at java.lang.reflect.Method.invoke(Method.java:498)
	at org.testng.internal.MethodInvocationHelper.invokeMethod(MethodInvocationHelper.java:86)
	at org.testng.internal.Invoker.invokeMethod(Invoker.java:643)
	at org.testng.internal.Invoker.invokeTestMethod(Invoker.java:820)
	at org.testng.internal.Invoker.invokeTestMethods(Invoker.java:1128)
	at org.testng.internal.TestMethodWorker.invokeTestMethods(TestMethodWorker.java:129)
	at org.testng.internal.TestMethodWorker.run(TestMethodWorker.java:112)
	at org.testng.TestRunner.privateRun(TestRunner.java:782)
	at org.testng.TestRunner.run(TestRunner.java:632)
	at org.testng.SuiteRunner.runTest(SuiteRunner.java:366)
	at org.testng.SuiteRunner.runSequentially(SuiteRunner.java:361)
	at org.testng.SuiteRunner.privateRun(SuiteRunner.java:319)
	at org.testng.SuiteRunner.run(SuiteRunner.java:268)
	at org.testng.SuiteRunnerWorker.runSuite(SuiteRunnerWorker.java:52)
	at org.testng.SuiteRunnerWorker.run(SuiteRunnerWorker.java:86)
	at org.testng.TestNG.runSuitesSequentially(TestNG.java:1244)
	at org.testng.TestNG.runSuitesLocally(TestNG.java:1169)
	at org.testng.TestNG.run(TestNG.java:1064)
	at org.testng.TestNG.privateMain(TestNG.java:1385)
	at org.testng.TestNG.main(TestNG.java:1354)
]]>
            </full-stacktrace>
          </exception> <!-- io.kaitai.struct.KaitaiStream$ValidationNotAnyOfError -->
          <reporter-output>
          </reporter-output>
        </test-method> <!-- testValidFailAnyofInt -->
      </class> <!-- io.kaitai.struct.spec.TestValidFailAnyofInt -->
      <class name="io.kaitai.struct.spec.TestBitsUnalignedB64Be">
        <test-method status="PASS" signature="testBitsUnalignedB64Be()[pri:0, instance:io.kaitai.struct.spec.TestBitsUnalignedB64Be@7880cdf3]" name="testBitsUnalignedB64Be" duration-ms="1" started-at="2022-07-28T09:44:15Z" finished-at="2022-07-28T09:44:15Z">
          <reporter-output>
          </reporter-output>
        </test-method> <!-- testBitsUnalignedB64Be -->
      </class> <!-- io.kaitai.struct.spec.TestBitsUnalignedB64Be -->
      <class name="io.kaitai.struct.spec.TestSwitchManualEnumInvalidElse">
        <test-method status="PASS" signature="testSwitchManualEnumInvalidElse()[pri:0, instance:io.kaitai.struct.spec.TestSwitchManualEnumInvalidElse@31d7b7bf]" name="testSwitchManualEnumInvalidElse" duration-ms="2" started-at="2022-07-28T09:44:16Z" finished-at="2022-07-28T09:44:16Z">
          <reporter-output>
          </reporter-output>
        </test-method> <!-- testSwitchManualEnumInvalidElse -->
      </class> <!-- io.kaitai.struct.spec.TestSwitchManualEnumInvalidElse -->
      <class name="io.kaitai.struct.spec.TestOptionalId">
        <test-method status="PASS" signature="testOptionalId()[pri:0, instance:io.kaitai.struct.spec.TestOptionalId@50a638b5]" name="testOptionalId" duration-ms="0" started-at="2022-07-28T09:44:16Z" finished-at="2022-07-28T09:44:16Z">
          <reporter-output>
          </reporter-output>
        </test-method> <!-- testOptionalId -->
      </class> <!-- io.kaitai.struct.spec.TestOptionalId -->
      <class name="io.kaitai.struct.spec.TestIfStruct">
        <test-method status="PASS" signature="testIfStruct()[pri:0, instance:io.kaitai.struct.spec.TestIfStruct@6973b51b]" name="testIfStruct" duration-ms="1" started-at="2022-07-28T09:44:15Z" finished-at="2022-07-28T09:44:15Z">
          <reporter-output>
          </reporter-output>
        </test-method> <!-- testIfStruct -->
      </class> <!-- io.kaitai.struct.spec.TestIfStruct -->
      <class name="io.kaitai.struct.spec.TestRepeatUntilSized">
        <test-method status="PASS" signature="testRepeatUntilSized()[pri:0, instance:io.kaitai.struct.spec.TestRepeatUntilSized@7fa98a66]" name="testRepeatUntilSized" duration-ms="0" started-at="2022-07-28T09:44:15Z" finished-at="2022-07-28T09:44:15Z">
          <reporter-output>
          </reporter-output>
        </test-method> <!-- testRepeatUntilSized -->
      </class> <!-- io.kaitai.struct.spec.TestRepeatUntilSized -->
      <class name="io.kaitai.struct.spec.TestStrPadTerm">
        <test-method status="PASS" signature="testStrPadTerm()[pri:0, instance:io.kaitai.struct.spec.TestStrPadTerm@44ebcd03]" name="testStrPadTerm" duration-ms="0" started-at="2022-07-28T09:44:15Z" finished-at="2022-07-28T09:44:15Z">
          <reporter-output>
          </reporter-output>
        </test-method> <!-- testStrPadTerm -->
      </class> <!-- io.kaitai.struct.spec.TestStrPadTerm -->
      <class name="io.kaitai.struct.spec.TestExpr3">
        <test-method status="PASS" signature="testExpr3()[pri:0, instance:io.kaitai.struct.spec.TestExpr3@28eaa59a]" name="testExpr3" duration-ms="7" started-at="2022-07-28T09:44:16Z" finished-at="2022-07-28T09:44:16Z">
          <reporter-output>
          </reporter-output>
        </test-method> <!-- testExpr3 -->
      </class> <!-- io.kaitai.struct.spec.TestExpr3 -->
      <class name="io.kaitai.struct.spec.TestDocstringsDocref">
        <test-method status="PASS" signature="testDocstringsDocref()[pri:0, instance:io.kaitai.struct.spec.TestDocstringsDocref@635eaaf1]" name="testDocstringsDocref" duration-ms="0" started-at="2022-07-28T09:44:16Z" finished-at="2022-07-28T09:44:16Z">
          <reporter-output>
          </reporter-output>
        </test-method> <!-- testDocstringsDocref -->
      </class> <!-- io.kaitai.struct.spec.TestDocstringsDocref -->
      <class name="io.kaitai.struct.spec.TestOpaqueWithParam">
        <test-method status="PASS" signature="testOpaqueWithParam()[pri:0, instance:io.kaitai.struct.spec.TestOpaqueWithParam@52bf72b5]" name="testOpaqueWithParam" duration-ms="1" started-at="2022-07-28T09:44:16Z" finished-at="2022-07-28T09:44:16Z">
          <reporter-output>
          </reporter-output>
        </test-method> <!-- testOpaqueWithParam -->
      </class> <!-- io.kaitai.struct.spec.TestOpaqueWithParam -->
      <class name="io.kaitai.struct.spec.TestExpr2">
        <test-method status="PASS" signature="testExpr2()[pri:0, instance:io.kaitai.struct.spec.TestExpr2@63355449]" name="testExpr2" duration-ms="1" started-at="2022-07-28T09:44:16Z" finished-at="2022-07-28T09:44:16Z">
          <reporter-output>
          </reporter-output>
        </test-method> <!-- testExpr2 -->
      </class> <!-- io.kaitai.struct.spec.TestExpr2 -->
      <class name="io.kaitai.struct.spec.TestSwitchBytearray">
        <test-method status="PASS" signature="testSwitchBytearray()[pri:0, instance:io.kaitai.struct.spec.TestSwitchBytearray@4cc451f2]" name="testSwitchBytearray" duration-ms="2" started-at="2022-07-28T09:44:15Z" finished-at="2022-07-28T09:44:15Z">
          <reporter-output>
          </reporter-output>
        </test-method> <!-- testSwitchBytearray -->
      </class> <!-- io.kaitai.struct.spec.TestSwitchBytearray -->
      <class name="io.kaitai.struct.spec.TestTermBytes">
        <test-method status="PASS" signature="testTermBytes()[pri:0, instance:io.kaitai.struct.spec.TestTermBytes@7714e963]" name="testTermBytes" duration-ms="0" started-at="2022-07-28T09:44:16Z" finished-at="2022-07-28T09:44:16Z">
          <reporter-output>
          </reporter-output>
        </test-method> <!-- testTermBytes -->
      </class> <!-- io.kaitai.struct.spec.TestTermBytes -->
      <class name="io.kaitai.struct.spec.TestNestedTypes3">
        <test-method status="PASS" signature="testNestedTypes3()[pri:0, instance:io.kaitai.struct.spec.TestNestedTypes3@498d318c]" name="testNestedTypes3" duration-ms="1" started-at="2022-07-28T09:44:15Z" finished-at="2022-07-28T09:44:15Z">
          <reporter-output>
          </reporter-output>
        </test-method> <!-- testNestedTypes3 -->
      </class> <!-- io.kaitai.struct.spec.TestNestedTypes3 -->
      <class name="io.kaitai.struct.spec.TestExpr1">
        <test-method status="PASS" signature="testExpr1()[pri:0, instance:io.kaitai.struct.spec.TestExpr1@6ef888f6]" name="testExpr1" duration-ms="0" started-at="2022-07-28T09:44:15Z" finished-at="2022-07-28T09:44:15Z">
          <reporter-output>
          </reporter-output>
        </test-method> <!-- testExpr1 -->
      </class> <!-- io.kaitai.struct.spec.TestExpr1 -->
      <class name="io.kaitai.struct.spec.TestExpr0">
        <test-method status="PASS" signature="testExpr0()[pri:0, instance:io.kaitai.struct.spec.TestExpr0@a9cd3b1]" name="testExpr0" duration-ms="0" started-at="2022-07-28T09:44:16Z" finished-at="2022-07-28T09:44:16Z">
          <reporter-output>
          </reporter-output>
        </test-method> <!-- testExpr0 -->
      </class> <!-- io.kaitai.struct.spec.TestExpr0 -->
      <class name="io.kaitai.struct.spec.TestOpaqueExternalType">
        <test-method status="PASS" signature="testOpaqueExternalType()[pri:0, instance:io.kaitai.struct.spec.TestOpaqueExternalType@5a63f509]" name="testOpaqueExternalType" duration-ms="0" started-at="2022-07-28T09:44:16Z" finished-at="2022-07-28T09:44:16Z">
          <reporter-output>
          </reporter-output>
        </test-method> <!-- testOpaqueExternalType -->
      </class> <!-- io.kaitai.struct.spec.TestOpaqueExternalType -->
      <class name="io.kaitai.struct.spec.TestNestedTypes2">
        <test-method status="PASS" signature="testNestedTypes2()[pri:0, instance:io.kaitai.struct.spec.TestNestedTypes2@34b7ac2f]" name="testNestedTypes2" duration-ms="1" started-at="2022-07-28T09:44:16Z" finished-at="2022-07-28T09:44:16Z">
          <reporter-output>
          </reporter-output>
        </test-method> <!-- testNestedTypes2 -->
      </class> <!-- io.kaitai.struct.spec.TestNestedTypes2 -->
      <class name="io.kaitai.struct.spec.TestTermU1Val">
        <test-method status="PASS" signature="testTermU1Val()[pri:0, instance:io.kaitai.struct.spec.TestTermU1Val@72a7c7e0]" name="testTermU1Val" duration-ms="0" started-at="2022-07-28T09:44:15Z" finished-at="2022-07-28T09:44:15Z">
          <reporter-output>
          </reporter-output>
        </test-method> <!-- testTermU1Val -->
      </class> <!-- io.kaitai.struct.spec.TestTermU1Val -->
      <class name="io.kaitai.struct.spec.TestMetaTags">
        <test-method status="PASS" signature="testMetaTags()[pri:0, instance:io.kaitai.struct.spec.TestMetaTags@7193666c]" name="testMetaTags" duration-ms="0" started-at="2022-07-28T09:44:16Z" finished-at="2022-07-28T09:44:16Z">
          <reporter-output>
          </reporter-output>
        </test-method> <!-- testMetaTags -->
      </class> <!-- io.kaitai.struct.spec.TestMetaTags -->
      <class name="io.kaitai.struct.spec.TestStrLiterals2">
        <test-method status="PASS" signature="testStrLiterals2()[pri:0, instance:io.kaitai.struct.spec.TestStrLiterals2@17046283]" name="testStrLiterals2" duration-ms="1" started-at="2022-07-28T09:44:16Z" finished-at="2022-07-28T09:44:16Z">
          <reporter-output>
          </reporter-output>
        </test-method> <!-- testStrLiterals2 -->
      </class> <!-- io.kaitai.struct.spec.TestStrLiterals2 -->
      <class name="io.kaitai.struct.spec.TestParamsCallExtraParens">
        <test-method status="PASS" signature="testParamsCallExtraParens()[pri:0, instance:io.kaitai.struct.spec.TestParamsCallExtraParens@5af3afd9]" name="testParamsCallExtraParens" duration-ms="1" started-at="2022-07-28T09:44:15Z" finished-at="2022-07-28T09:44:15Z">
          <reporter-output>
          </reporter-output>
        </test-method> <!-- testParamsCallExtraParens -->
      </class> <!-- io.kaitai.struct.spec.TestParamsCallExtraParens -->
      <class name="io.kaitai.struct.spec.TestParamsPassStruct">
        <test-method status="PASS" signature="testParamsPassStruct()[pri:0, instance:io.kaitai.struct.spec.TestParamsPassStruct@be64738]" name="testParamsPassStruct" duration-ms="1" started-at="2022-07-28T09:44:15Z" finished-at="2022-07-28T09:44:15Z">
          <reporter-output>
          </reporter-output>
        </test-method> <!-- testParamsPassStruct -->
      </class> <!-- io.kaitai.struct.spec.TestParamsPassStruct -->
      <class name="io.kaitai.struct.spec.TestEnumIntRangeU">
        <test-method status="PASS" signature="testEnumIntRangeU()[pri:0, instance:io.kaitai.struct.spec.TestEnumIntRangeU@29626d54]" name="testEnumIntRangeU" duration-ms="1" started-at="2022-07-28T09:44:16Z" finished-at="2022-07-28T09:44:16Z">
          <reporter-output>
          </reporter-output>
        </test-method> <!-- testEnumIntRangeU -->
      </class> <!-- io.kaitai.struct.spec.TestEnumIntRangeU -->
      <class name="io.kaitai.struct.spec.TestExprStrEncodings">
        <test-method status="PASS" signature="testExprStrEncodings()[pri:0, instance:io.kaitai.struct.spec.TestExprStrEncodings@6b927fb]" name="testExprStrEncodings" duration-ms="36" started-at="2022-07-28T09:44:15Z" finished-at="2022-07-28T09:44:15Z">
          <reporter-output>
          </reporter-output>
        </test-method> <!-- testExprStrEncodings -->
      </class> <!-- io.kaitai.struct.spec.TestExprStrEncodings -->
      <class name="io.kaitai.struct.spec.TestFixedContents">
        <test-method status="PASS" signature="testFixedContents()[pri:0, instance:io.kaitai.struct.spec.TestFixedContents@4567f35d]" name="testFixedContents" duration-ms="0" started-at="2022-07-28T09:44:15Z" finished-at="2022-07-28T09:44:15Z">
          <reporter-output>
          </reporter-output>
        </test-method> <!-- testFixedContents -->
      </class> <!-- io.kaitai.struct.spec.TestFixedContents -->
      <class name="io.kaitai.struct.spec.TestEnumIntRangeS">
        <test-method status="PASS" signature="testEnumIntRangeS()[pri:0, instance:io.kaitai.struct.spec.TestEnumIntRangeS@245b4bdc]" name="testEnumIntRangeS" duration-ms="1" started-at="2022-07-28T09:44:16Z" finished-at="2022-07-28T09:44:16Z">
          <reporter-output>
          </reporter-output>
        </test-method> <!-- testEnumIntRangeS -->
      </class> <!-- io.kaitai.struct.spec.TestEnumIntRangeS -->
      <class name="io.kaitai.struct.spec.TestIndexSizes">
        <test-method status="PASS" signature="testIndexSizes()[pri:0, instance:io.kaitai.struct.spec.TestIndexSizes@6e171cd7]" name="testIndexSizes" duration-ms="1" started-at="2022-07-28T09:44:15Z" finished-at="2022-07-28T09:44:15Z">
          <reporter-output>
          </reporter-output>
        </test-method> <!-- testIndexSizes -->
      </class> <!-- io.kaitai.struct.spec.TestIndexSizes -->
      <class name="io.kaitai.struct.spec.TestTypeTernary">
        <test-method status="PASS" signature="testTypeTernary()[pri:0, instance:io.kaitai.struct.spec.TestTypeTernary@61230f6a]" name="testTypeTernary" duration-ms="1" started-at="2022-07-28T09:44:15Z" finished-at="2022-07-28T09:44:15Z">
          <reporter-output>
          </reporter-output>
        </test-method> <!-- testTypeTernary -->
      </class> <!-- io.kaitai.struct.spec.TestTypeTernary -->
      <class name="io.kaitai.struct.spec.TestInstanceStdArray">
        <test-method status="PASS" signature="testInstanceStdArray()[pri:0, instance:io.kaitai.struct.spec.TestInstanceStdArray@f5ac9e4]" name="testInstanceStdArray" duration-ms="1" started-at="2022-07-28T09:44:15Z" finished-at="2022-07-28T09:44:15Z">
          <reporter-output>
          </reporter-output>
        </test-method> <!-- testInstanceStdArray -->
      </class> <!-- io.kaitai.struct.spec.TestInstanceStdArray -->
      <class name="io.kaitai.struct.spec.TestNavParent2">
        <test-method status="PASS" signature="testNavParent2()[pri:0, instance:io.kaitai.struct.spec.TestNavParent2@4f6ee6e4]" name="testNavParent2" duration-ms="2" started-at="2022-07-28T09:44:15Z" finished-at="2022-07-28T09:44:15Z">
          <reporter-output>
          </reporter-output>
        </test-method> <!-- testNavParent2 -->
      </class> <!-- io.kaitai.struct.spec.TestNavParent2 -->
      <class name="io.kaitai.struct.spec.TestNavParent3">
        <test-method status="PASS" signature="testNavParent3()[pri:0, instance:io.kaitai.struct.spec.TestNavParent3@9f116cc]" name="testNavParent3" duration-ms="2" started-at="2022-07-28T09:44:15Z" finished-at="2022-07-28T09:44:15Z">
          <reporter-output>
          </reporter-output>
        </test-method> <!-- testNavParent3 -->
      </class> <!-- io.kaitai.struct.spec.TestNavParent3 -->
      <class name="io.kaitai.struct.spec.TestExprIfIntOps">
        <test-method status="FAIL" signature="testExprIfIntOps()[pri:0, instance:io.kaitai.struct.spec.TestExprIfIntOps@71809907]" name="testExprIfIntOps" duration-ms="1" started-at="2022-07-28T09:44:15Z" finished-at="2022-07-28T09:44:15Z">
          <exception class="java.lang.AssertionError">
            <message>
              <![CDATA[expected [true] but found [false]]]>
            </message>
            <full-stacktrace>
              <![CDATA[java.lang.AssertionError: expected [true] but found [false]
	at org.testng.Assert.fail(Assert.java:94)
	at org.testng.Assert.failNotEquals(Assert.java:513)
	at org.testng.Assert.assertEqualsImpl(Assert.java:135)
	at org.testng.Assert.assertEquals(Assert.java:116)
	at org.testng.Assert.assertEquals(Assert.java:305)
	at org.testng.Assert.assertEquals(Assert.java:315)
	at io.kaitai.struct.spec.CommonSpec.assertIntEquals(CommonSpec.java:48)
	at io.kaitai.struct.spec.TestExprIfIntOps.testExprIfIntOps(TestExprIfIntOps.java:15)
	at sun.reflect.NativeMethodAccessorImpl.invoke0(Native Method)
	at sun.reflect.NativeMethodAccessorImpl.invoke(NativeMethodAccessorImpl.java:62)
	at sun.reflect.DelegatingMethodAccessorImpl.invoke(DelegatingMethodAccessorImpl.java:43)
	at java.lang.reflect.Method.invoke(Method.java:498)
	at org.testng.internal.MethodInvocationHelper.invokeMethod(MethodInvocationHelper.java:86)
	at org.testng.internal.Invoker.invokeMethod(Invoker.java:643)
	at org.testng.internal.Invoker.invokeTestMethod(Invoker.java:820)
	at org.testng.internal.Invoker.invokeTestMethods(Invoker.java:1128)
	at org.testng.internal.TestMethodWorker.invokeTestMethods(TestMethodWorker.java:129)
	at org.testng.internal.TestMethodWorker.run(TestMethodWorker.java:112)
	at org.testng.TestRunner.privateRun(TestRunner.java:782)
	at org.testng.TestRunner.run(TestRunner.java:632)
	at org.testng.SuiteRunner.runTest(SuiteRunner.java:366)
	at org.testng.SuiteRunner.runSequentially(SuiteRunner.java:361)
	at org.testng.SuiteRunner.privateRun(SuiteRunner.java:319)
	at org.testng.SuiteRunner.run(SuiteRunner.java:268)
	at org.testng.SuiteRunnerWorker.runSuite(SuiteRunnerWorker.java:52)
	at org.testng.SuiteRunnerWorker.run(SuiteRunnerWorker.java:86)
	at org.testng.TestNG.runSuitesSequentially(TestNG.java:1244)
	at org.testng.TestNG.runSuitesLocally(TestNG.java:1169)
	at org.testng.TestNG.run(TestNG.java:1064)
	at org.testng.TestNG.privateMain(TestNG.java:1385)
	at org.testng.TestNG.main(TestNG.java:1354)
]]>
            </full-stacktrace>
          </exception> <!-- java.lang.AssertionError -->
          <reporter-output>
          </reporter-output>
        </test-method> <!-- testExprIfIntOps -->
      </class> <!-- io.kaitai.struct.spec.TestExprIfIntOps -->
      <class name="io.kaitai.struct.spec.TestCastToTop">
        <test-method status="PASS" signature="testCastToTop()[pri:0, instance:io.kaitai.struct.spec.TestCastToTop@3c407114]" name="testCastToTop" duration-ms="1" started-at="2022-07-28T09:44:16Z" finished-at="2022-07-28T09:44:16Z">
          <reporter-output>
          </reporter-output>
        </test-method> <!-- testCastToTop -->
      </class> <!-- io.kaitai.struct.spec.TestCastToTop -->
      <class name="io.kaitai.struct.spec.TestExprSizeofType0">
        <test-method status="PASS" signature="testExprSizeofType0()[pri:0, instance:io.kaitai.struct.spec.TestExprSizeofType0@6c80d78a]" name="testExprSizeofType0" duration-ms="1" started-at="2022-07-28T09:44:15Z" finished-at="2022-07-28T09:44:15Z">
          <reporter-output>
          </reporter-output>
        </test-method> <!-- testExprSizeofType0 -->
      </class> <!-- io.kaitai.struct.spec.TestExprSizeofType0 -->
      <class name="io.kaitai.struct.spec.TestExprSizeofType1">
        <test-method status="PASS" signature="testExprSizeofType1()[pri:0, instance:io.kaitai.struct.spec.TestExprSizeofType1@5876a9af]" name="testExprSizeofType1" duration-ms="0" started-at="2022-07-28T09:44:16Z" finished-at="2022-07-28T09:44:16Z">
          <reporter-output>
          </reporter-output>
        </test-method> <!-- testExprSizeofType1 -->
      </class> <!-- io.kaitai.struct.spec.TestExprSizeofType1 -->
      <class name="io.kaitai.struct.spec.TestSwitchManualIntSize">
        <test-method status="PASS" signature="testSwitchManualIntSize()[pri:0, instance:io.kaitai.struct.spec.TestSwitchManualIntSize@31c88ec8]" name="testSwitchManualIntSize" duration-ms="1" started-at="2022-07-28T09:44:16Z" finished-at="2022-07-28T09:44:16Z">
          <reporter-output>
          </reporter-output>
        </test-method> <!-- testSwitchManualIntSize -->
      </class> <!-- io.kaitai.struct.spec.TestSwitchManualIntSize -->
      <class name="io.kaitai.struct.spec.TestEosExceptionBytes">
        <test-method status="PASS" signature="testEosExceptionBytes()[pri:0, instance:io.kaitai.struct.spec.TestEosExceptionBytes@50b472aa]" name="testEosExceptionBytes" duration-ms="0" started-at="2022-07-28T09:44:16Z" finished-at="2022-07-28T09:44:16Z">
          <exception class="java.nio.BufferUnderflowException">
            <full-stacktrace>
              <![CDATA[java.nio.BufferUnderflowException
	at java.nio.DirectByteBuffer.get(DirectByteBuffer.java:271)
	at java.nio.ByteBuffer.get(ByteBuffer.java:715)
	at io.kaitai.struct.ByteBufferKaitaiStream.readBytes(ByteBufferKaitaiStream.java:325)
	at io.kaitai.struct.testformats.EosExceptionBytes$Data._read(EosExceptionBytes.java:53)
	at io.kaitai.struct.testformats.EosExceptionBytes$Data.<init>(EosExceptionBytes.java:50)
	at io.kaitai.struct.testformats.EosExceptionBytes._read(EosExceptionBytes.java:31)
	at io.kaitai.struct.testformats.EosExceptionBytes.<init>(EosExceptionBytes.java:27)
	at io.kaitai.struct.testformats.EosExceptionBytes.<init>(EosExceptionBytes.java:16)
	at io.kaitai.struct.testformats.EosExceptionBytes.fromFile(EosExceptionBytes.java:12)
	at io.kaitai.struct.spec.TestEosExceptionBytes.testEosExceptionBytes(TestEosExceptionBytes.java:13)
	at sun.reflect.NativeMethodAccessorImpl.invoke0(Native Method)
	at sun.reflect.NativeMethodAccessorImpl.invoke(NativeMethodAccessorImpl.java:62)
	at sun.reflect.DelegatingMethodAccessorImpl.invoke(DelegatingMethodAccessorImpl.java:43)
	at java.lang.reflect.Method.invoke(Method.java:498)
	at org.testng.internal.MethodInvocationHelper.invokeMethod(MethodInvocationHelper.java:86)
	at org.testng.internal.Invoker.invokeMethod(Invoker.java:643)
	at org.testng.internal.Invoker.invokeTestMethod(Invoker.java:820)
	at org.testng.internal.Invoker.invokeTestMethods(Invoker.java:1128)
	at org.testng.internal.TestMethodWorker.invokeTestMethods(TestMethodWorker.java:129)
	at org.testng.internal.TestMethodWorker.run(TestMethodWorker.java:112)
	at org.testng.TestRunner.privateRun(TestRunner.java:782)
	at org.testng.TestRunner.run(TestRunner.java:632)
	at org.testng.SuiteRunner.runTest(SuiteRunner.java:366)
	at org.testng.SuiteRunner.runSequentially(SuiteRunner.java:361)
	at org.testng.SuiteRunner.privateRun(SuiteRunner.java:319)
	at org.testng.SuiteRunner.run(SuiteRunner.java:268)
	at org.testng.SuiteRunnerWorker.runSuite(SuiteRunnerWorker.java:52)
	at org.testng.SuiteRunnerWorker.run(SuiteRunnerWorker.java:86)
	at org.testng.TestNG.runSuitesSequentially(TestNG.java:1244)
	at org.testng.TestNG.runSuitesLocally(TestNG.java:1169)
	at org.testng.TestNG.run(TestNG.java:1064)
	at org.testng.TestNG.privateMain(TestNG.java:1385)
	at org.testng.TestNG.main(TestNG.java:1354)
]]>
            </full-stacktrace>
          </exception> <!-- java.nio.BufferUnderflowException -->
          <reporter-output>
          </reporter-output>
        </test-method> <!-- testEosExceptionBytes -->
      </class> <!-- io.kaitai.struct.spec.TestEosExceptionBytes -->
      <class name="io.kaitai.struct.spec.TestImports0">
        <test-method status="PASS" signature="testImports0()[pri:0, instance:io.kaitai.struct.spec.TestImports0@1aa7ecca]" name="testImports0" duration-ms="0" started-at="2022-07-28T09:44:16Z" finished-at="2022-07-28T09:44:16Z">
          <reporter-output>
          </reporter-output>
        </test-method> <!-- testImports0 -->
      </class> <!-- io.kaitai.struct.spec.TestImports0 -->
      <class name="io.kaitai.struct.spec.TestBitsShiftByB32Le">
        <test-method status="PASS" signature="testBitsShiftByB32Le()[pri:0, instance:io.kaitai.struct.spec.TestBitsShiftByB32Le@359f7cdf]" name="testBitsShiftByB32Le" duration-ms="0" started-at="2022-07-28T09:44:15Z" finished-at="2022-07-28T09:44:15Z">
          <reporter-output>
          </reporter-output>
        </test-method> <!-- testBitsShiftByB32Le -->
      </class> <!-- io.kaitai.struct.spec.TestBitsShiftByB32Le -->
      <class name="io.kaitai.struct.spec.TestNestedSameName">
        <test-method status="PASS" signature="testNestedSameName()[pri:0, instance:io.kaitai.struct.spec.TestNestedSameName@4d9e68d0]" name="testNestedSameName" duration-ms="1" started-at="2022-07-28T09:44:15Z" finished-at="2022-07-28T09:44:15Z">
          <reporter-output>
          </reporter-output>
        </test-method> <!-- testNestedSameName -->
      </class> <!-- io.kaitai.struct.spec.TestNestedSameName -->
      <class name="io.kaitai.struct.spec.TestPositionToEnd">
        <test-method status="PASS" signature="testPositionToEnd()[pri:0, instance:io.kaitai.struct.spec.TestPositionToEnd@50eac852]" name="testPositionToEnd" duration-ms="1" started-at="2022-07-28T09:44:16Z" finished-at="2022-07-28T09:44:16Z">
          <reporter-output>
          </reporter-output>
        </test-method> <!-- testPositionToEnd -->
      </class> <!-- io.kaitai.struct.spec.TestPositionToEnd -->
      <class name="io.kaitai.struct.spec.TestImportsAbs">
        <test-method status="PASS" signature="testImportsAbs()[pri:0, instance:io.kaitai.struct.spec.TestImportsAbs@63021689]" name="testImportsAbs" duration-ms="1" started-at="2022-07-28T09:44:15Z" finished-at="2022-07-28T09:44:15Z">
          <reporter-output>
          </reporter-output>
        </test-method> <!-- testImportsAbs -->
      </class> <!-- io.kaitai.struct.spec.TestImportsAbs -->
      <class name="io.kaitai.struct.spec.TestBitsSignedResB32Le">
        <test-method status="PASS" signature="testBitsSignedResB32Le()[pri:0, instance:io.kaitai.struct.spec.TestBitsSignedResB32Le@49b0b76]" name="testBitsSignedResB32Le" duration-ms="1" started-at="2022-07-28T09:44:15Z" finished-at="2022-07-28T09:44:15Z">
          <reporter-output>
          </reporter-output>
        </test-method> <!-- testBitsSignedResB32Le -->
      </class> <!-- io.kaitai.struct.spec.TestBitsSignedResB32Le -->
      <class name="io.kaitai.struct.spec.TestSwitchRepeatExpr">
        <test-method status="PASS" signature="testSwitchRepeatExpr()[pri:0, instance:io.kaitai.struct.spec.TestSwitchRepeatExpr@12468a38]" name="testSwitchRepeatExpr" duration-ms="19" started-at="2022-07-28T09:44:15Z" finished-at="2022-07-28T09:44:16Z">
          <reporter-output>
          </reporter-output>
        </test-method> <!-- testSwitchRepeatExpr -->
      </class> <!-- io.kaitai.struct.spec.TestSwitchRepeatExpr -->
      <class name="io.kaitai.struct.spec.TestTypeIntUnaryOp">
        <test-method status="PASS" signature="testTypeIntUnaryOp()[pri:0, instance:io.kaitai.struct.spec.TestTypeIntUnaryOp@21de60b4]" name="testTypeIntUnaryOp" duration-ms="1" started-at="2022-07-28T09:44:16Z" finished-at="2022-07-28T09:44:16Z">
          <reporter-output>
          </reporter-output>
        </test-method> <!-- testTypeIntUnaryOp -->
      </class> <!-- io.kaitai.struct.spec.TestTypeIntUnaryOp -->
      <class name="io.kaitai.struct.spec.TestFloatToI">
        <test-method status="PASS" signature="testFloatToI()[pri:0, instance:io.kaitai.struct.spec.TestFloatToI@479d31f3]" name="testFloatToI" duration-ms="1" started-at="2022-07-28T09:44:15Z" finished-at="2022-07-28T09:44:15Z">
          <reporter-output>
          </reporter-output>
        </test-method> <!-- testFloatToI -->
      </class> <!-- io.kaitai.struct.spec.TestFloatToI -->
      <class name="io.kaitai.struct.spec.TestMultipleUse">
        <test-method status="PASS" signature="testMultipleUse()[pri:0, instance:io.kaitai.struct.spec.TestMultipleUse@40ef3420]" name="testMultipleUse" duration-ms="1" started-at="2022-07-28T09:44:15Z" finished-at="2022-07-28T09:44:15Z">
          <reporter-output>
          </reporter-output>
        </test-method> <!-- testMultipleUse -->
      </class> <!-- io.kaitai.struct.spec.TestMultipleUse -->
      <class name="io.kaitai.struct.spec.TestSwitchElseOnly">
        <test-method status="PASS" signature="testSwitchElseOnly()[pri:0, instance:io.kaitai.struct.spec.TestSwitchElseOnly@6e4784bc]" name="testSwitchElseOnly" duration-ms="0" started-at="2022-07-28T09:44:16Z" finished-at="2022-07-28T09:44:16Z">
          <reporter-output>
          </reporter-output>
        </test-method> <!-- testSwitchElseOnly -->
      </class> <!-- io.kaitai.struct.spec.TestSwitchElseOnly -->
      <class name="io.kaitai.struct.spec.TestSwitchManualEnumInvalid">
        <test-method status="PASS" signature="testSwitchManualEnumInvalid()[pri:0, instance:io.kaitai.struct.spec.TestSwitchManualEnumInvalid@1dde4cb2]" name="testSwitchManualEnumInvalid" duration-ms="1" started-at="2022-07-28T09:44:16Z" finished-at="2022-07-28T09:44:16Z">
          <reporter-output>
          </reporter-output>
        </test-method> <!-- testSwitchManualEnumInvalid -->
      </class> <!-- io.kaitai.struct.spec.TestSwitchManualEnumInvalid -->
      <class name="io.kaitai.struct.spec.TestCombineStr">
        <test-method status="PASS" signature="testCombineStr()[pri:0, instance:io.kaitai.struct.spec.TestCombineStr@515aebb0]" name="testCombineStr" duration-ms="0" started-at="2022-07-28T09:44:16Z" finished-at="2022-07-28T09:44:16Z">
          <reporter-output>
          </reporter-output>
        </test-method> <!-- testCombineStr -->
      </class> <!-- io.kaitai.struct.spec.TestCombineStr -->
      <class name="io.kaitai.struct.spec.TestBitsSignedShiftB64Le">
        <test-method status="PASS" signature="testBitsSignedShiftB64Le()[pri:0, instance:io.kaitai.struct.spec.TestBitsSignedShiftB64Le@703580bf]" name="testBitsSignedShiftB64Le" duration-ms="0" started-at="2022-07-28T09:44:15Z" finished-at="2022-07-28T09:44:15Z">
          <reporter-output>
          </reporter-output>
        </test-method> <!-- testBitsSignedShiftB64Le -->
      </class> <!-- io.kaitai.struct.spec.TestBitsSignedShiftB64Le -->
      <class name="io.kaitai.struct.spec.TestProcessRotate">
        <test-method status="PASS" signature="testProcessRotate()[pri:0, instance:io.kaitai.struct.spec.TestProcessRotate@3f197a46]" name="testProcessRotate" duration-ms="1" started-at="2022-07-28T09:44:16Z" finished-at="2022-07-28T09:44:16Z">
          <reporter-output>
          </reporter-output>
        </test-method> <!-- testProcessRotate -->
      </class> <!-- io.kaitai.struct.spec.TestProcessRotate -->
      <class name="io.kaitai.struct.spec.TestJsSignedRightShift">
        <test-method status="PASS" signature="testJsSignedRightShift()[pri:0, instance:io.kaitai.struct.spec.TestJsSignedRightShift@323b36e0]" name="testJsSignedRightShift" duration-ms="1" started-at="2022-07-28T09:44:15Z" finished-at="2022-07-28T09:44:15Z">
          <reporter-output>
          </reporter-output>
        </test-method> <!-- testJsSignedRightShift -->
      </class> <!-- io.kaitai.struct.spec.TestJsSignedRightShift -->
      <class name="io.kaitai.struct.spec.TestEnumImport">
        <test-method status="PASS" signature="testEnumImport()[pri:0, instance:io.kaitai.struct.spec.TestEnumImport@1d119efb]" name="testEnumImport" duration-ms="1" started-at="2022-07-28T09:44:15Z" finished-at="2022-07-28T09:44:15Z">
          <reporter-output>
          </reporter-output>
        </test-method> <!-- testEnumImport -->
      </class> <!-- io.kaitai.struct.spec.TestEnumImport -->
      <class name="io.kaitai.struct.spec.TestDefaultBitEndianMod">
        <test-method status="PASS" signature="testDefaultBitEndianMod()[pri:0, instance:io.kaitai.struct.spec.TestDefaultBitEndianMod@1d9b7cce]" name="testDefaultBitEndianMod" duration-ms="1" started-at="2022-07-28T09:44:15Z" finished-at="2022-07-28T09:44:15Z">
          <reporter-output>
          </reporter-output>
        </test-method> <!-- testDefaultBitEndianMod -->
      </class> <!-- io.kaitai.struct.spec.TestDefaultBitEndianMod -->
      <class name="io.kaitai.struct.spec.TestProcessCustomNoArgs">
        <test-method status="PASS" signature="testProcessCustomNoArgs()[pri:0, instance:io.kaitai.struct.spec.TestProcessCustomNoArgs@10e92f8f]" name="testProcessCustomNoArgs" duration-ms="1" started-at="2022-07-28T09:44:15Z" finished-at="2022-07-28T09:44:15Z">
          <reporter-output>
          </reporter-output>
        </test-method> <!-- testProcessCustomNoArgs -->
      </class> <!-- io.kaitai.struct.spec.TestProcessCustomNoArgs -->
      <class name="io.kaitai.struct.spec.TestNavParentOverride">
        <test-method status="PASS" signature="testNavParentOverride()[pri:0, instance:io.kaitai.struct.spec.TestNavParentOverride@4b5d6a01]" name="testNavParentOverride" duration-ms="1" started-at="2022-07-28T09:44:15Z" finished-at="2022-07-28T09:44:15Z">
          <reporter-output>
          </reporter-output>
        </test-method> <!-- testNavParentOverride -->
      </class> <!-- io.kaitai.struct.spec.TestNavParentOverride -->
      <class name="io.kaitai.struct.spec.TestBitsUnalignedB32Le">
        <test-method status="PASS" signature="testBitsUnalignedB32Le()[pri:0, instance:io.kaitai.struct.spec.TestBitsUnalignedB32Le@6a28ffa4]" name="testBitsUnalignedB32Le" duration-ms="0" started-at="2022-07-28T09:44:16Z" finished-at="2022-07-28T09:44:16Z">
          <reporter-output>
          </reporter-output>
        </test-method> <!-- testBitsUnalignedB32Le -->
      </class> <!-- io.kaitai.struct.spec.TestBitsUnalignedB32Le -->
      <class name="io.kaitai.struct.spec.TestBcdUserTypeLe">
        <test-method status="PASS" signature="testBcdUserTypeLe()[pri:0, instance:io.kaitai.struct.spec.TestBcdUserTypeLe@a514af7]" name="testBcdUserTypeLe" duration-ms="1" started-at="2022-07-28T09:44:15Z" finished-at="2022-07-28T09:44:15Z">
          <reporter-output>
          </reporter-output>
        </test-method> <!-- testBcdUserTypeLe -->
      </class> <!-- io.kaitai.struct.spec.TestBcdUserTypeLe -->
      <class name="io.kaitai.struct.spec.TestStrEos">
        <test-method status="PASS" signature="testStrEos()[pri:0, instance:io.kaitai.struct.spec.TestStrEos@42e99e4a]" name="testStrEos" duration-ms="1" started-at="2022-07-28T09:44:15Z" finished-at="2022-07-28T09:44:15Z">
          <reporter-output>
          </reporter-output>
        </test-method> <!-- testStrEos -->
      </class> <!-- io.kaitai.struct.spec.TestStrEos -->
      <class name="io.kaitai.struct.spec.TestNestedSameName2">
        <test-method status="PASS" signature="testNestedSameName2()[pri:0, instance:io.kaitai.struct.spec.TestNestedSameName2@1cbbffcd]" name="testNestedSameName2" duration-ms="1" started-at="2022-07-28T09:44:16Z" finished-at="2022-07-28T09:44:16Z">
          <reporter-output>
          </reporter-output>
        </test-method> <!-- testNestedSameName2 -->
      </class> <!-- io.kaitai.struct.spec.TestNestedSameName2 -->
      <class name="io.kaitai.struct.spec.TestDefaultEndianExprIsLe">
        <test-method status="PASS" signature="testDefaultEndianExprIsLe()[pri:0, instance:io.kaitai.struct.spec.TestDefaultEndianExprIsLe@5be6e01c]" name="testDefaultEndianExprIsLe" duration-ms="2" started-at="2022-07-28T09:44:15Z" finished-at="2022-07-28T09:44:15Z">
          <reporter-output>
          </reporter-output>
        </test-method> <!-- testDefaultEndianExprIsLe -->
      </class> <!-- io.kaitai.struct.spec.TestDefaultEndianExprIsLe -->
      <class name="io.kaitai.struct.spec.TestProcessRepeatBytes">
        <test-method status="PASS" signature="testProcessRepeatBytes()[pri:0, instance:io.kaitai.struct.spec.TestProcessRepeatBytes@769f71a9]" name="testProcessRepeatBytes" duration-ms="1" started-at="2022-07-28T09:44:15Z" finished-at="2022-07-28T09:44:15Z">
          <reporter-output>
          </reporter-output>
        </test-method> <!-- testProcessRepeatBytes -->
      </class> <!-- io.kaitai.struct.spec.TestProcessRepeatBytes -->
      <class name="io.kaitai.struct.spec.TestExprCalcArrayOps">
        <test-method status="PASS" signature="testExprCalcArrayOps()[pri:0, instance:io.kaitai.struct.spec.TestExprCalcArrayOps@3c419631]" name="testExprCalcArrayOps" duration-ms="0" started-at="2022-07-28T09:44:15Z" finished-at="2022-07-28T09:44:15Z">
          <reporter-output>
          </reporter-output>
        </test-method> <!-- testExprCalcArrayOps -->
      </class> <!-- io.kaitai.struct.spec.TestExprCalcArrayOps -->
      <class name="io.kaitai.struct.spec.TestRepeatUntilCalcArrayType">
        <test-method status="PASS" signature="testRepeatUntilCalcArrayType()[pri:0, instance:io.kaitai.struct.spec.TestRepeatUntilCalcArrayType@3e58a80e]" name="testRepeatUntilCalcArrayType" duration-ms="0" started-at="2022-07-28T09:44:15Z" finished-at="2022-07-28T09:44:15Z">
          <reporter-output>
          </reporter-output>
        </test-method> <!-- testRepeatUntilCalcArrayType -->
      </class> <!-- io.kaitai.struct.spec.TestRepeatUntilCalcArrayType -->
      <class name="io.kaitai.struct.spec.TestValidFailRangeBytes">
        <test-method status="PASS" signature="testValidFailRangeBytes()[pri:0, instance:io.kaitai.struct.spec.TestValidFailRangeBytes@3daa422a]" name="testValidFailRangeBytes" duration-ms="1" started-at="2022-07-28T09:44:16Z" finished-at="2022-07-28T09:44:16Z">
          <exception class="io.kaitai.struct.KaitaiStream$ValidationGreaterThanError">
            <message>
              <![CDATA[/seq/0: at pos 2: validation failed: not in range, max [50 31], but got [50 41]]]>
            </message>
            <full-stacktrace>
              <![CDATA[io.kaitai.struct.KaitaiStream$ValidationGreaterThanError: /seq/0: at pos 2: validation failed: not in range, max [50 31], but got [50 41]
	at io.kaitai.struct.testformats.ValidFailRangeBytes._read(ValidFailRangeBytes.java:35)
	at io.kaitai.struct.testformats.ValidFailRangeBytes.<init>(ValidFailRangeBytes.java:27)
	at io.kaitai.struct.testformats.ValidFailRangeBytes.<init>(ValidFailRangeBytes.java:16)
	at io.kaitai.struct.testformats.ValidFailRangeBytes.fromFile(ValidFailRangeBytes.java:12)
	at io.kaitai.struct.spec.TestValidFailRangeBytes.testValidFailRangeBytes(TestValidFailRangeBytes.java:13)
	at sun.reflect.NativeMethodAccessorImpl.invoke0(Native Method)
	at sun.reflect.NativeMethodAccessorImpl.invoke(NativeMethodAccessorImpl.java:62)
	at sun.reflect.DelegatingMethodAccessorImpl.invoke(DelegatingMethodAccessorImpl.java:43)
	at java.lang.reflect.Method.invoke(Method.java:498)
	at org.testng.internal.MethodInvocationHelper.invokeMethod(MethodInvocationHelper.java:86)
	at org.testng.internal.Invoker.invokeMethod(Invoker.java:643)
	at org.testng.internal.Invoker.invokeTestMethod(Invoker.java:820)
	at org.testng.internal.Invoker.invokeTestMethods(Invoker.java:1128)
	at org.testng.internal.TestMethodWorker.invokeTestMethods(TestMethodWorker.java:129)
	at org.testng.internal.TestMethodWorker.run(TestMethodWorker.java:112)
	at org.testng.TestRunner.privateRun(TestRunner.java:782)
	at org.testng.TestRunner.run(TestRunner.java:632)
	at org.testng.SuiteRunner.runTest(SuiteRunner.java:366)
	at org.testng.SuiteRunner.runSequentially(SuiteRunner.java:361)
	at org.testng.SuiteRunner.privateRun(SuiteRunner.java:319)
	at org.testng.SuiteRunner.run(SuiteRunner.java:268)
	at org.testng.SuiteRunnerWorker.runSuite(SuiteRunnerWorker.java:52)
	at org.testng.SuiteRunnerWorker.run(SuiteRunnerWorker.java:86)
	at org.testng.TestNG.runSuitesSequentially(TestNG.java:1244)
	at org.testng.TestNG.runSuitesLocally(TestNG.java:1169)
	at org.testng.TestNG.run(TestNG.java:1064)
	at org.testng.TestNG.privateMain(TestNG.java:1385)
	at org.testng.TestNG.main(TestNG.java:1354)
]]>
            </full-stacktrace>
          </exception> <!-- io.kaitai.struct.KaitaiStream$ValidationGreaterThanError -->
          <reporter-output>
          </reporter-output>
        </test-method> <!-- testValidFailRangeBytes -->
      </class> <!-- io.kaitai.struct.spec.TestValidFailRangeBytes -->
      <class name="io.kaitai.struct.spec.TestImportsAbsAbs">
        <test-method status="PASS" signature="testImportsAbsAbs()[pri:0, instance:io.kaitai.struct.spec.TestImportsAbsAbs@5ffead27]" name="testImportsAbsAbs" duration-ms="2" started-at="2022-07-28T09:44:15Z" finished-at="2022-07-28T09:44:15Z">
          <reporter-output>
          </reporter-output>
        </test-method> <!-- testImportsAbsAbs -->
      </class> <!-- io.kaitai.struct.spec.TestImportsAbsAbs -->
      <class name="io.kaitai.struct.spec.TestEnumNegative">
        <test-method status="PASS" signature="testEnumNegative()[pri:0, instance:io.kaitai.struct.spec.TestEnumNegative@56620197]" name="testEnumNegative" duration-ms="0" started-at="2022-07-28T09:44:16Z" finished-at="2022-07-28T09:44:16Z">
          <reporter-output>
          </reporter-output>
        </test-method> <!-- testEnumNegative -->
      </class> <!-- io.kaitai.struct.spec.TestEnumNegative -->
      <class name="io.kaitai.struct.spec.TestProcessCoerceSwitch">
        <test-method status="PASS" signature="testProcessCoerceSwitch()[pri:0, instance:io.kaitai.struct.spec.TestProcessCoerceSwitch@4466af20]" name="testProcessCoerceSwitch" duration-ms="1" started-at="2022-07-28T09:44:15Z" finished-at="2022-07-28T09:44:15Z">
          <reporter-output>
          </reporter-output>
        </test-method> <!-- testProcessCoerceSwitch -->
      </class> <!-- io.kaitai.struct.spec.TestProcessCoerceSwitch -->
      <class name="io.kaitai.struct.spec.TestExprIntDiv">
        <test-method status="FAIL" signature="testExprIntDiv()[pri:0, instance:io.kaitai.struct.spec.TestExprIntDiv@76908cc0]" name="testExprIntDiv" duration-ms="0" started-at="2022-07-28T09:44:15Z" finished-at="2022-07-28T09:44:15Z">
          <exception class="java.lang.AssertionError">
            <message>
              <![CDATA[expected [-757] but found [-756]]]>
            </message>
            <full-stacktrace>
              <![CDATA[java.lang.AssertionError: expected [-757] but found [-756]
	at org.testng.Assert.fail(Assert.java:94)
	at org.testng.Assert.failNotEquals(Assert.java:513)
	at org.testng.Assert.assertEqualsImpl(Assert.java:135)
	at org.testng.Assert.assertEquals(Assert.java:116)
	at org.testng.Assert.assertEquals(Assert.java:389)
	at org.testng.Assert.assertEquals(Assert.java:399)
	at io.kaitai.struct.spec.CommonSpec.assertIntEquals(CommonSpec.java:36)
	at io.kaitai.struct.spec.TestExprIntDiv.testExprIntDiv(TestExprIntDiv.java:17)
	at sun.reflect.NativeMethodAccessorImpl.invoke0(Native Method)
	at sun.reflect.NativeMethodAccessorImpl.invoke(NativeMethodAccessorImpl.java:62)
	at sun.reflect.DelegatingMethodAccessorImpl.invoke(DelegatingMethodAccessorImpl.java:43)
	at java.lang.reflect.Method.invoke(Method.java:498)
	at org.testng.internal.MethodInvocationHelper.invokeMethod(MethodInvocationHelper.java:86)
	at org.testng.internal.Invoker.invokeMethod(Invoker.java:643)
	at org.testng.internal.Invoker.invokeTestMethod(Invoker.java:820)
	at org.testng.internal.Invoker.invokeTestMethods(Invoker.java:1128)
	at org.testng.internal.TestMethodWorker.invokeTestMethods(TestMethodWorker.java:129)
	at org.testng.internal.TestMethodWorker.run(TestMethodWorker.java:112)
	at org.testng.TestRunner.privateRun(TestRunner.java:782)
	at org.testng.TestRunner.run(TestRunner.java:632)
	at org.testng.SuiteRunner.runTest(SuiteRunner.java:366)
	at org.testng.SuiteRunner.runSequentially(SuiteRunner.java:361)
	at org.testng.SuiteRunner.privateRun(SuiteRunner.java:319)
	at org.testng.SuiteRunner.run(SuiteRunner.java:268)
	at org.testng.SuiteRunnerWorker.runSuite(SuiteRunnerWorker.java:52)
	at org.testng.SuiteRunnerWorker.run(SuiteRunnerWorker.java:86)
	at org.testng.TestNG.runSuitesSequentially(TestNG.java:1244)
	at org.testng.TestNG.runSuitesLocally(TestNG.java:1169)
	at org.testng.TestNG.run(TestNG.java:1064)
	at org.testng.TestNG.privateMain(TestNG.java:1385)
	at org.testng.TestNG.main(TestNG.java:1354)
]]>
            </full-stacktrace>
          </exception> <!-- java.lang.AssertionError -->
          <reporter-output>
          </reporter-output>
        </test-method> <!-- testExprIntDiv -->
      </class> <!-- io.kaitai.struct.spec.TestExprIntDiv -->
      <class name="io.kaitai.struct.spec.TestSwitchRepeatExprInvalid">
        <test-method status="PASS" signature="testSwitchRepeatExprInvalid()[pri:0, instance:io.kaitai.struct.spec.TestSwitchRepeatExprInvalid@61df66b6]" name="testSwitchRepeatExprInvalid" duration-ms="0" started-at="2022-07-28T09:44:16Z" finished-at="2022-07-28T09:44:16Z">
          <reporter-output>
          </reporter-output>
        </test-method> <!-- testSwitchRepeatExprInvalid -->
      </class> <!-- io.kaitai.struct.spec.TestSwitchRepeatExprInvalid -->
      <class name="io.kaitai.struct.spec.TestPositionInSeq">
        <test-method status="PASS" signature="testPositionInSeq()[pri:0, instance:io.kaitai.struct.spec.TestPositionInSeq@7b9a4292]" name="testPositionInSeq" duration-ms="1" started-at="2022-07-28T09:44:15Z" finished-at="2022-07-28T09:44:15Z">
          <reporter-output>
          </reporter-output>
        </test-method> <!-- testPositionInSeq -->
      </class> <!-- io.kaitai.struct.spec.TestPositionInSeq -->
      <class name="io.kaitai.struct.spec.TestValidFailEqStr">
        <test-method status="PASS" signature="testValidFailEqStr()[pri:0, instance:io.kaitai.struct.spec.TestValidFailEqStr@7334aada]" name="testValidFailEqStr" duration-ms="0" started-at="2022-07-28T09:44:15Z" finished-at="2022-07-28T09:44:15Z">
          <exception class="io.kaitai.struct.KaitaiStream$ValidationNotEqualError">
            <message>
              <![CDATA[/seq/0: at pos 4: validation failed: not equal, expected BACK, but got PACK]]>
            </message>
            <full-stacktrace>
              <![CDATA[io.kaitai.struct.KaitaiStream$ValidationNotEqualError: /seq/0: at pos 4: validation failed: not equal, expected BACK, but got PACK
	at io.kaitai.struct.testformats.ValidFailEqStr._read(ValidFailEqStr.java:33)
	at io.kaitai.struct.testformats.ValidFailEqStr.<init>(ValidFailEqStr.java:28)
	at io.kaitai.struct.testformats.ValidFailEqStr.<init>(ValidFailEqStr.java:17)
	at io.kaitai.struct.testformats.ValidFailEqStr.fromFile(ValidFailEqStr.java:13)
	at io.kaitai.struct.spec.TestValidFailEqStr.testValidFailEqStr(TestValidFailEqStr.java:13)
	at sun.reflect.NativeMethodAccessorImpl.invoke0(Native Method)
	at sun.reflect.NativeMethodAccessorImpl.invoke(NativeMethodAccessorImpl.java:62)
	at sun.reflect.DelegatingMethodAccessorImpl.invoke(DelegatingMethodAccessorImpl.java:43)
	at java.lang.reflect.Method.invoke(Method.java:498)
	at org.testng.internal.MethodInvocationHelper.invokeMethod(MethodInvocationHelper.java:86)
	at org.testng.internal.Invoker.invokeMethod(Invoker.java:643)
	at org.testng.internal.Invoker.invokeTestMethod(Invoker.java:820)
	at org.testng.internal.Invoker.invokeTestMethods(Invoker.java:1128)
	at org.testng.internal.TestMethodWorker.invokeTestMethods(TestMethodWorker.java:129)
	at org.testng.internal.TestMethodWorker.run(TestMethodWorker.java:112)
	at org.testng.TestRunner.privateRun(TestRunner.java:782)
	at org.testng.TestRunner.run(TestRunner.java:632)
	at org.testng.SuiteRunner.runTest(SuiteRunner.java:366)
	at org.testng.SuiteRunner.runSequentially(SuiteRunner.java:361)
	at org.testng.SuiteRunner.privateRun(SuiteRunner.java:319)
	at org.testng.SuiteRunner.run(SuiteRunner.java:268)
	at org.testng.SuiteRunnerWorker.runSuite(SuiteRunnerWorker.java:52)
	at org.testng.SuiteRunnerWorker.run(SuiteRunnerWorker.java:86)
	at org.testng.TestNG.runSuitesSequentially(TestNG.java:1244)
	at org.testng.TestNG.runSuitesLocally(TestNG.java:1169)
	at org.testng.TestNG.run(TestNG.java:1064)
	at org.testng.TestNG.privateMain(TestNG.java:1385)
	at org.testng.TestNG.main(TestNG.java:1354)
]]>
            </full-stacktrace>
          </exception> <!-- io.kaitai.struct.KaitaiStream$ValidationNotEqualError -->
          <reporter-output>
          </reporter-output>
        </test-method> <!-- testValidFailEqStr -->
      </class> <!-- io.kaitai.struct.spec.TestValidFailEqStr -->
      <class name="io.kaitai.struct.spec.TestDebugArrayUser">
        <test-method status="PASS" signature="testDebugArrayUser()[pri:0, instance:io.kaitai.struct.spec.TestDebugArrayUser@5e82df6a]" name="testDebugArrayUser" duration-ms="1" started-at="2022-07-28T09:44:16Z" finished-at="2022-07-28T09:44:16Z">
          <reporter-output>
          </reporter-output>
        </test-method> <!-- testDebugArrayUser -->
      </class> <!-- io.kaitai.struct.spec.TestDebugArrayUser -->
      <class name="io.kaitai.struct.spec.TestParamsEnum">
        <test-method status="PASS" signature="testParamsEnum()[pri:0, instance:io.kaitai.struct.spec.TestParamsEnum@4f18837a]" name="testParamsEnum" duration-ms="1" started-at="2022-07-28T09:44:15Z" finished-at="2022-07-28T09:44:15Z">
          <reporter-output>
          </reporter-output>
        </test-method> <!-- testParamsEnum -->
      </class> <!-- io.kaitai.struct.spec.TestParamsEnum -->
      <class name="io.kaitai.struct.spec.TestRepeatEosBit">
        <test-method status="PASS" signature="testRepeatEosBit()[pri:0, instance:io.kaitai.struct.spec.TestRepeatEosBit@57c758ac]" name="testRepeatEosBit" duration-ms="0" started-at="2022-07-28T09:44:16Z" finished-at="2022-07-28T09:44:16Z">
          <reporter-output>
          </reporter-output>
        </test-method> <!-- testRepeatEosBit -->
      </class> <!-- io.kaitai.struct.spec.TestRepeatEosBit -->
      <class name="io.kaitai.struct.spec.TestDebug0">
        <test-method status="PASS" signature="testDebug0()[pri:0, instance:io.kaitai.struct.spec.TestDebug0@3bb9a3ff]" name="testDebug0" duration-ms="1" started-at="2022-07-28T09:44:15Z" finished-at="2022-07-28T09:44:15Z">
          <reporter-output>
          </reporter-output>
        </test-method> <!-- testDebug0 -->
      </class> <!-- io.kaitai.struct.spec.TestDebug0 -->
      <class name="io.kaitai.struct.spec.TestIntegersDoubleOverflow">
        <test-method status="PASS" signature="testIntegersDoubleOverflow()[pri:0, instance:io.kaitai.struct.spec.TestIntegersDoubleOverflow@70e8f8e]" name="testIntegersDoubleOverflow" duration-ms="1" started-at="2022-07-28T09:44:15Z" finished-at="2022-07-28T09:44:15Z">
          <reporter-output>
          </reporter-output>
        </test-method> <!-- testIntegersDoubleOverflow -->
      </class> <!-- io.kaitai.struct.spec.TestIntegersDoubleOverflow -->
      <class name="io.kaitai.struct.spec.TestIntegers">
        <test-method status="PASS" signature="testIntegers()[pri:0, instance:io.kaitai.struct.spec.TestIntegers@7c729a55]" name="testIntegers" duration-ms="2" started-at="2022-07-28T09:44:15Z" finished-at="2022-07-28T09:44:15Z">
          <reporter-output>
          </reporter-output>
        </test-method> <!-- testIntegers -->
      </class> <!-- io.kaitai.struct.spec.TestIntegers -->
      <class name="io.kaitai.struct.spec.TestNavParentVsValueInst">
        <test-method status="PASS" signature="testNavParentVsValueInst()[pri:0, instance:io.kaitai.struct.spec.TestNavParentVsValueInst@1ddf84b8]" name="testNavParentVsValueInst" duration-ms="1" started-at="2022-07-28T09:44:16Z" finished-at="2022-07-28T09:44:16Z">
          <reporter-output>
          </reporter-output>
        </test-method> <!-- testNavParentVsValueInst -->
      </class> <!-- io.kaitai.struct.spec.TestNavParentVsValueInst -->
      <class name="io.kaitai.struct.spec.TestBitsSimpleLe">
        <test-method status="PASS" signature="testBitsSimpleLe()[pri:0, instance:io.kaitai.struct.spec.TestBitsSimpleLe@49d904ec]" name="testBitsSimpleLe" duration-ms="1" started-at="2022-07-28T09:44:15Z" finished-at="2022-07-28T09:44:15Z">
          <reporter-output>
          </reporter-output>
        </test-method> <!-- testBitsSimpleLe -->
      </class> <!-- io.kaitai.struct.spec.TestBitsSimpleLe -->
      <class name="io.kaitai.struct.spec.TestYamlInts">
        <test-method status="PASS" signature="testYamlInts()[pri:0, instance:io.kaitai.struct.spec.TestYamlInts@2e4b8173]" name="testYamlInts" duration-ms="3" started-at="2022-07-28T09:44:15Z" finished-at="2022-07-28T09:44:15Z">
          <reporter-output>
          </reporter-output>
        </test-method> <!-- testYamlInts -->
      </class> <!-- io.kaitai.struct.spec.TestYamlInts -->
      <class name="io.kaitai.struct.spec.TestInstanceUserArray">
        <test-method status="PASS" signature="testInstanceUserArray()[pri:0, instance:io.kaitai.struct.spec.TestInstanceUserArray@130161f7]" name="testInstanceUserArray" duration-ms="0" started-at="2022-07-28T09:44:16Z" finished-at="2022-07-28T09:44:16Z">
          <reporter-output>
          </reporter-output>
        </test-method> <!-- testInstanceUserArray -->
      </class> <!-- io.kaitai.struct.spec.TestInstanceUserArray -->
      <class name="io.kaitai.struct.spec.TestExprEnum">
        <test-method status="PASS" signature="testExprEnum()[pri:0, instance:io.kaitai.struct.spec.TestExprEnum@22a637e7]" name="testExprEnum" duration-ms="1" started-at="2022-07-28T09:44:15Z" finished-at="2022-07-28T09:44:15Z">
          <reporter-output>
          </reporter-output>
        </test-method> <!-- testExprEnum -->
[...]
	at org.testng.TestNG.run(TestNG.java:1064)
	at org.testng.TestNG.privateMain(TestNG.java:1385)
	at org.testng.TestNG.main(TestNG.java:1354)
]]>
            </full-stacktrace>
          </exception> <!-- io.kaitai.struct.KaitaiStream$ValidationExprError -->
          <reporter-output>
          </reporter-output>
        </test-method> <!-- testValidFailExpr -->
      </class> <!-- io.kaitai.struct.spec.TestValidFailExpr -->
      <class name="io.kaitai.struct.spec.TestEnumLongRangeU">
        <test-method status="PASS" signature="testEnumLongRangeU()[pri:0, instance:io.kaitai.struct.spec.TestEnumLongRangeU@55b7a4e0]" name="testEnumLongRangeU" duration-ms="1" started-at="2022-07-28T09:44:16Z" finished-at="2022-07-28T09:44:16Z">
          <reporter-output>
          </reporter-output>
        </test-method> <!-- testEnumLongRangeU -->
      </class> <!-- io.kaitai.struct.spec.TestEnumLongRangeU -->
      <class name="io.kaitai.struct.spec.TestEnumLongRangeS">
        <test-method status="PASS" signature="testEnumLongRangeS()[pri:0, instance:io.kaitai.struct.spec.TestEnumLongRangeS@69b2283a]" name="testEnumLongRangeS" duration-ms="1" started-at="2022-07-28T09:44:15Z" finished-at="2022-07-28T09:44:15Z">
          <reporter-output>
          </reporter-output>
        </test-method> <!-- testEnumLongRangeS -->
      </class> <!-- io.kaitai.struct.spec.TestEnumLongRangeS -->
      <class name="io.kaitai.struct.spec.TestNestedTypes">
        <test-method status="PASS" signature="testNestedTypes()[pri:0, instance:io.kaitai.struct.spec.TestNestedTypes@1725dc0f]" name="testNestedTypes" duration-ms="1" started-at="2022-07-28T09:44:16Z" finished-at="2022-07-28T09:44:16Z">
          <reporter-output>
          </reporter-output>
        </test-method> <!-- testNestedTypes -->
      </class> <!-- io.kaitai.struct.spec.TestNestedTypes -->
      <class name="io.kaitai.struct.spec.TestExprArray">
        <test-method status="PASS" signature="testExprArray()[pri:0, instance:io.kaitai.struct.spec.TestExprArray@647e447]" name="testExprArray" duration-ms="1" started-at="2022-07-28T09:44:16Z" finished-at="2022-07-28T09:44:16Z">
          <reporter-output>
          </reporter-output>
        </test-method> <!-- testExprArray -->
      </class> <!-- io.kaitai.struct.spec.TestExprArray -->
      <class name="io.kaitai.struct.spec.TestValidFailRangeFloat">
        <test-method status="PASS" signature="testValidFailRangeFloat()[pri:0, instance:io.kaitai.struct.spec.TestValidFailRangeFloat@6b81ce95]" name="testValidFailRangeFloat" duration-ms="0" started-at="2022-07-28T09:44:16Z" finished-at="2022-07-28T09:44:16Z">
          <exception class="io.kaitai.struct.KaitaiStream$ValidationGreaterThanError">
            <message>
              <![CDATA[/seq/0: at pos 4: validation failed: not in range, max 0.4, but got 0.5]]>
            </message>
            <full-stacktrace>
              <![CDATA[io.kaitai.struct.KaitaiStream$ValidationGreaterThanError: /seq/0: at pos 4: validation failed: not in range, max 0.4, but got 0.5
	at io.kaitai.struct.testformats.ValidFailRangeFloat._read(ValidFailRangeFloat.java:35)
	at io.kaitai.struct.testformats.ValidFailRangeFloat.<init>(ValidFailRangeFloat.java:27)
	at io.kaitai.struct.testformats.ValidFailRangeFloat.<init>(ValidFailRangeFloat.java:16)
	at io.kaitai.struct.testformats.ValidFailRangeFloat.fromFile(ValidFailRangeFloat.java:12)
	at io.kaitai.struct.spec.TestValidFailRangeFloat.testValidFailRangeFloat(TestValidFailRangeFloat.java:13)
	at sun.reflect.NativeMethodAccessorImpl.invoke0(Native Method)
	at sun.reflect.NativeMethodAccessorImpl.invoke(NativeMethodAccessorImpl.java:62)
	at sun.reflect.DelegatingMethodAccessorImpl.invoke(DelegatingMethodAccessorImpl.java:43)
	at java.lang.reflect.Method.invoke(Method.java:498)
	at org.testng.internal.MethodInvocationHelper.invokeMethod(MethodInvocationHelper.java:86)
	at org.testng.internal.Invoker.invokeMethod(Invoker.java:643)
	at org.testng.internal.Invoker.invokeTestMethod(Invoker.java:820)
	at org.testng.internal.Invoker.invokeTestMethods(Invoker.java:1128)
	at org.testng.internal.TestMethodWorker.invokeTestMethods(TestMethodWorker.java:129)
	at org.testng.internal.TestMethodWorker.run(TestMethodWorker.java:112)
	at org.testng.TestRunner.privateRun(TestRunner.java:782)
	at org.testng.TestRunner.run(TestRunner.java:632)
	at org.testng.SuiteRunner.runTest(SuiteRunner.java:366)
	at org.testng.SuiteRunner.runSequentially(SuiteRunner.java:361)
	at org.testng.SuiteRunner.privateRun(SuiteRunner.java:319)
	at org.testng.SuiteRunner.run(SuiteRunner.java:268)
	at org.testng.SuiteRunnerWorker.runSuite(SuiteRunnerWorker.java:52)
	at org.testng.SuiteRunnerWorker.run(SuiteRunnerWorker.java:86)
	at org.testng.TestNG.runSuitesSequentially(TestNG.java:1244)
	at org.testng.TestNG.runSuitesLocally(TestNG.java:1169)
	at org.testng.TestNG.run(TestNG.java:1064)
	at org.testng.TestNG.privateMain(TestNG.java:1385)
	at org.testng.TestNG.main(TestNG.java:1354)
]]>
            </full-stacktrace>
          </exception> <!-- io.kaitai.struct.KaitaiStream$ValidationGreaterThanError -->
          <reporter-output>
          </reporter-output>
        </test-method> <!-- testValidFailRangeFloat -->
      </class> <!-- io.kaitai.struct.spec.TestValidFailRangeFloat -->
      <class name="io.kaitai.struct.spec.TestIfValues">
        <test-method status="PASS" signature="testIfValues()[pri:0, instance:io.kaitai.struct.spec.TestIfValues@3ba9ad43]" name="testIfValues" duration-ms="1" started-at="2022-07-28T09:44:15Z" finished-at="2022-07-28T09:44:15Z">
          <reporter-output>
          </reporter-output>
        </test-method> <!-- testIfValues -->
      </class> <!-- io.kaitai.struct.spec.TestIfValues -->
      <class name="io.kaitai.struct.spec.TestProcessCoerceBytes">
        <test-method status="PASS" signature="testProcessCoerceBytes()[pri:0, instance:io.kaitai.struct.spec.TestProcessCoerceBytes@2ef3eef9]" name="testProcessCoerceBytes" duration-ms="1" started-at="2022-07-28T09:44:16Z" finished-at="2022-07-28T09:44:16Z">
          <reporter-output>
          </reporter-output>
        </test-method> <!-- testProcessCoerceBytes -->
      </class> <!-- io.kaitai.struct.spec.TestProcessCoerceBytes -->
      <class name="io.kaitai.struct.spec.TestProcessCoerceUsertype2">
        <test-method status="PASS" signature="testProcessCoerceUsertype2()[pri:0, instance:io.kaitai.struct.spec.TestProcessCoerceUsertype2@61862a7f]" name="testProcessCoerceUsertype2" duration-ms="1" started-at="2022-07-28T09:44:15Z" finished-at="2022-07-28T09:44:15Z">
          <reporter-output>
          </reporter-output>
        </test-method> <!-- testProcessCoerceUsertype2 -->
      </class> <!-- io.kaitai.struct.spec.TestProcessCoerceUsertype2 -->
      <class name="io.kaitai.struct.spec.TestProcessCoerceUsertype1">
        <test-method status="PASS" signature="testProcessCoerceUsertype1()[pri:0, instance:io.kaitai.struct.spec.TestProcessCoerceUsertype1@636be97c]" name="testProcessCoerceUsertype1" duration-ms="1" started-at="2022-07-28T09:44:16Z" finished-at="2022-07-28T09:44:16Z">
          <reporter-output>
          </reporter-output>
        </test-method> <!-- testProcessCoerceUsertype1 -->
      </class> <!-- io.kaitai.struct.spec.TestProcessCoerceUsertype1 -->
      <class name="io.kaitai.struct.spec.TestValidFailRangeInt">
        <test-method status="PASS" signature="testValidFailRangeInt()[pri:0, instance:io.kaitai.struct.spec.TestValidFailRangeInt@4a22f9e2]" name="testValidFailRangeInt" duration-ms="1" started-at="2022-07-28T09:44:15Z" finished-at="2022-07-28T09:44:15Z">
          <exception class="io.kaitai.struct.KaitaiStream$ValidationGreaterThanError">
            <message>
              <![CDATA[/seq/0: at pos 1: validation failed: not in range, max 10, but got 80]]>
            </message>
            <full-stacktrace>
              <![CDATA[io.kaitai.struct.KaitaiStream$ValidationGreaterThanError: /seq/0: at pos 1: validation failed: not in range, max 10, but got 80
	at io.kaitai.struct.testformats.ValidFailRangeInt._read(ValidFailRangeInt.java:35)
	at io.kaitai.struct.testformats.ValidFailRangeInt.<init>(ValidFailRangeInt.java:27)
	at io.kaitai.struct.testformats.ValidFailRangeInt.<init>(ValidFailRangeInt.java:16)
	at io.kaitai.struct.testformats.ValidFailRangeInt.fromFile(ValidFailRangeInt.java:12)
	at io.kaitai.struct.spec.TestValidFailRangeInt.testValidFailRangeInt(TestValidFailRangeInt.java:13)
	at sun.reflect.NativeMethodAccessorImpl.invoke0(Native Method)
	at sun.reflect.NativeMethodAccessorImpl.invoke(NativeMethodAccessorImpl.java:62)
	at sun.reflect.DelegatingMethodAccessorImpl.invoke(DelegatingMethodAccessorImpl.java:43)
	at java.lang.reflect.Method.invoke(Method.java:498)
	at org.testng.internal.MethodInvocationHelper.invokeMethod(MethodInvocationHelper.java:86)
	at org.testng.internal.Invoker.invokeMethod(Invoker.java:643)
	at org.testng.internal.Invoker.invokeTestMethod(Invoker.java:820)
	at org.testng.internal.Invoker.invokeTestMethods(Invoker.java:1128)
	at org.testng.internal.TestMethodWorker.invokeTestMethods(TestMethodWorker.java:129)
	at org.testng.internal.TestMethodWorker.run(TestMethodWorker.java:112)
	at org.testng.TestRunner.privateRun(TestRunner.java:782)
	at org.testng.TestRunner.run(TestRunner.java:632)
	at org.testng.SuiteRunner.runTest(SuiteRunner.java:366)
	at org.testng.SuiteRunner.runSequentially(SuiteRunner.java:361)
	at org.testng.SuiteRunner.privateRun(SuiteRunner.java:319)
	at org.testng.SuiteRunner.run(SuiteRunner.java:268)
	at org.testng.SuiteRunnerWorker.runSuite(SuiteRunnerWorker.java:52)
	at org.testng.SuiteRunnerWorker.run(SuiteRunnerWorker.java:86)
	at org.testng.TestNG.runSuitesSequentially(TestNG.java:1244)
	at org.testng.TestNG.runSuitesLocally(TestNG.java:1169)
	at org.testng.TestNG.run(TestNG.java:1064)
	at org.testng.TestNG.privateMain(TestNG.java:1385)
	at org.testng.TestNG.main(TestNG.java:1354)
]]>
            </full-stacktrace>
          </exception> <!-- io.kaitai.struct.KaitaiStream$ValidationGreaterThanError -->
          <reporter-output>
          </reporter-output>
        </test-method> <!-- testValidFailRangeInt -->
      </class> <!-- io.kaitai.struct.spec.TestValidFailRangeInt -->
      <class name="io.kaitai.struct.spec.TestStrEncodings">
        <test-method status="PASS" signature="testStrEncodings()[pri:0, instance:io.kaitai.struct.spec.TestStrEncodings@4ac3c60d]" name="testStrEncodings" duration-ms="0" started-at="2022-07-28T09:44:16Z" finished-at="2022-07-28T09:44:16Z">
          <reporter-output>
          </reporter-output>
        </test-method> <!-- testStrEncodings -->
      </class> <!-- io.kaitai.struct.spec.TestStrEncodings -->
      <class name="io.kaitai.struct.spec.TestParamsDef">
        <test-method status="PASS" signature="testParamsDef()[pri:0, instance:io.kaitai.struct.spec.TestParamsDef@43195e57]" name="testParamsDef" duration-ms="0" started-at="2022-07-28T09:44:15Z" finished-at="2022-07-28T09:44:15Z">
          <reporter-output>
          </reporter-output>
        </test-method> <!-- testParamsDef -->
      </class> <!-- io.kaitai.struct.spec.TestParamsDef -->
      <class name="io.kaitai.struct.spec.TestEnumOfValueInst">
        <test-method status="PASS" signature="testEnumOfValueInst()[pri:0, instance:io.kaitai.struct.spec.TestEnumOfValueInst@3d51f06e]" name="testEnumOfValueInst" duration-ms="1" started-at="2022-07-28T09:44:16Z" finished-at="2022-07-28T09:44:16Z">
          <reporter-output>
          </reporter-output>
        </test-method> <!-- testEnumOfValueInst -->
      </class> <!-- io.kaitai.struct.spec.TestEnumOfValueInst -->
      <class name="io.kaitai.struct.spec.TestSwitchManualIntElse">
        <test-method status="PASS" signature="testSwitchManualIntElse()[pri:0, instance:io.kaitai.struct.spec.TestSwitchManualIntElse@5223e5ee]" name="testSwitchManualIntElse" duration-ms="2" started-at="2022-07-28T09:44:15Z" finished-at="2022-07-28T09:44:15Z">
          <reporter-output>
          </reporter-output>
        </test-method> <!-- testSwitchManualIntElse -->
      </class> <!-- io.kaitai.struct.spec.TestSwitchManualIntElse -->
      <class name="io.kaitai.struct.spec.TestEnum1">
        <test-method status="PASS" signature="testEnum1()[pri:0, instance:io.kaitai.struct.spec.TestEnum1@6d763516]" name="testEnum1" duration-ms="1" started-at="2022-07-28T09:44:16Z" finished-at="2022-07-28T09:44:16Z">
          <reporter-output>
          </reporter-output>
        </test-method> <!-- testEnum1 -->
      </class> <!-- io.kaitai.struct.spec.TestEnum1 -->
      <class name="io.kaitai.struct.spec.TestEnum0">
        <test-method status="PASS" signature="testEnum0()[pri:0, instance:io.kaitai.struct.spec.TestEnum0@441772e]" name="testEnum0" duration-ms="0" started-at="2022-07-28T09:44:15Z" finished-at="2022-07-28T09:44:15Z">
          <reporter-output>
          </reporter-output>
        </test-method> <!-- testEnum0 -->
      </class> <!-- io.kaitai.struct.spec.TestEnum0 -->
      <class name="io.kaitai.struct.spec.TestValidNotParsedIf">
        <test-method status="PASS" signature="testValidNotParsedIf()[pri:0, instance:io.kaitai.struct.spec.TestValidNotParsedIf@6af93788]" name="testValidNotParsedIf" duration-ms="44" started-at="2022-07-28T09:44:15Z" finished-at="2022-07-28T09:44:15Z">
          <reporter-output>
          </reporter-output>
        </test-method> <!-- testValidNotParsedIf -->
      </class> <!-- io.kaitai.struct.spec.TestValidNotParsedIf -->
      <class name="io.kaitai.struct.spec.TestBitsSeqEndianCombo">
        <test-method status="PASS" signature="testBitsSeqEndianCombo()[pri:0, instance:io.kaitai.struct.spec.TestBitsSeqEndianCombo@333291e3]" name="testBitsSeqEndianCombo" duration-ms="0" started-at="2022-07-28T09:44:15Z" finished-at="2022-07-28T09:44:15Z">
          <reporter-output>
          </reporter-output>
        </test-method> <!-- testBitsSeqEndianCombo -->
      </class> <!-- io.kaitai.struct.spec.TestBitsSeqEndianCombo -->
      <class name="io.kaitai.struct.spec.TestParamsPassBool">
        <test-method status="PASS" signature="testParamsPassBool()[pri:0, instance:io.kaitai.struct.spec.TestParamsPassBool@6aba2b86]" name="testParamsPassBool" duration-ms="1" started-at="2022-07-28T09:44:15Z" finished-at="2022-07-28T09:44:15Z">
          <reporter-output>
          </reporter-output>
        </test-method> <!-- testParamsPassBool -->
      </class> <!-- io.kaitai.struct.spec.TestParamsPassBool -->
      <class name="io.kaitai.struct.spec.TestValidFailEqBytes">
        <test-method status="PASS" signature="testValidFailEqBytes()[pri:0, instance:io.kaitai.struct.spec.TestValidFailEqBytes@4facf68f]" name="testValidFailEqBytes" duration-ms="0" started-at="2022-07-28T09:44:16Z" finished-at="2022-07-28T09:44:16Z">
          <exception class="io.kaitai.struct.KaitaiStream$ValidationNotEqualError">
            <message>
              <![CDATA[/seq/0: at pos 2: validation failed: not equal, expected [51 41], but got [50 41]]]>
            </message>
            <full-stacktrace>
              <![CDATA[io.kaitai.struct.KaitaiStream$ValidationNotEqualError: /seq/0: at pos 2: validation failed: not equal, expected [51 41], but got [50 41]
	at io.kaitai.struct.testformats.ValidFailEqBytes._read(ValidFailEqBytes.java:33)
	at io.kaitai.struct.testformats.ValidFailEqBytes.<init>(ValidFailEqBytes.java:28)
	at io.kaitai.struct.testformats.ValidFailEqBytes.<init>(ValidFailEqBytes.java:17)
	at io.kaitai.struct.testformats.ValidFailEqBytes.fromFile(ValidFailEqBytes.java:13)
	at io.kaitai.struct.spec.TestValidFailEqBytes.testValidFailEqBytes(TestValidFailEqBytes.java:13)
	at sun.reflect.NativeMethodAccessorImpl.invoke0(Native Method)
	at sun.reflect.NativeMethodAccessorImpl.invoke(NativeMethodAccessorImpl.java:62)
	at sun.reflect.DelegatingMethodAccessorImpl.invoke(DelegatingMethodAccessorImpl.java:43)
	at java.lang.reflect.Method.invoke(Method.java:498)
	at org.testng.internal.MethodInvocationHelper.invokeMethod(MethodInvocationHelper.java:86)
	at org.testng.internal.Invoker.invokeMethod(Invoker.java:643)
	at org.testng.internal.Invoker.invokeTestMethod(Invoker.java:820)
	at org.testng.internal.Invoker.invokeTestMethods(Invoker.java:1128)
	at org.testng.internal.TestMethodWorker.invokeTestMethods(TestMethodWorker.java:129)
	at org.testng.internal.TestMethodWorker.run(TestMethodWorker.java:112)
	at org.testng.TestRunner.privateRun(TestRunner.java:782)
	at org.testng.TestRunner.run(TestRunner.java:632)
	at org.testng.SuiteRunner.runTest(SuiteRunner.java:366)
	at org.testng.SuiteRunner.runSequentially(SuiteRunner.java:361)
	at org.testng.SuiteRunner.privateRun(SuiteRunner.java:319)
	at org.testng.SuiteRunner.run(SuiteRunner.java:268)
	at org.testng.SuiteRunnerWorker.runSuite(SuiteRunnerWorker.java:52)
	at org.testng.SuiteRunnerWorker.run(SuiteRunnerWorker.java:86)
	at org.testng.TestNG.runSuitesSequentially(TestNG.java:1244)
	at org.testng.TestNG.runSuitesLocally(TestNG.java:1169)
	at org.testng.TestNG.run(TestNG.java:1064)
	at org.testng.TestNG.privateMain(TestNG.java:1385)
	at org.testng.TestNG.main(TestNG.java:1354)
]]>
            </full-stacktrace>
          </exception> <!-- io.kaitai.struct.KaitaiStream$ValidationNotEqualError -->
          <reporter-output>
          </reporter-output>
        </test-method> <!-- testValidFailEqBytes -->
      </class> <!-- io.kaitai.struct.spec.TestValidFailEqBytes -->
      <class name="io.kaitai.struct.spec.TestRepeatNStruct">
        <test-method status="PASS" signature="testRepeatNStruct()[pri:0, instance:io.kaitai.struct.spec.TestRepeatNStruct@661972b0]" name="testRepeatNStruct" duration-ms="12" started-at="2022-07-28T09:44:15Z" finished-at="2022-07-28T09:44:15Z">
          <reporter-output>
          </reporter-output>
        </test-method> <!-- testRepeatNStruct -->
      </class> <!-- io.kaitai.struct.spec.TestRepeatNStruct -->
      <class name="io.kaitai.struct.spec.TestIndexToParamUntil">
        <test-method status="PASS" signature="testIndexToParamUntil()[pri:0, instance:io.kaitai.struct.spec.TestIndexToParamUntil@795cd85e]" name="testIndexToParamUntil" duration-ms="1" started-at="2022-07-28T09:44:15Z" finished-at="2022-07-28T09:44:15Z">
          <reporter-output>
          </reporter-output>
        </test-method> <!-- testIndexToParamUntil -->
      </class> <!-- io.kaitai.struct.spec.TestIndexToParamUntil -->
      <class name="io.kaitai.struct.spec.TestStrEncodingsUtf16">
        <test-method status="PASS" signature="testStrEncodingsUtf16()[pri:0, instance:io.kaitai.struct.spec.TestStrEncodingsUtf16@4a94ee4]" name="testStrEncodingsUtf16" duration-ms="4" started-at="2022-07-28T09:44:15Z" finished-at="2022-07-28T09:44:15Z">
          <reporter-output>
          </reporter-output>
        </test-method> <!-- testStrEncodingsUtf16 -->
      </class> <!-- io.kaitai.struct.spec.TestStrEncodingsUtf16 -->
      <class name="io.kaitai.struct.spec.TestImportsAbsRel">
        <test-method status="PASS" signature="testImportsAbsRel()[pri:0, instance:io.kaitai.struct.spec.TestImportsAbsRel@2a798d51]" name="testImportsAbsRel" duration-ms="1" started-at="2022-07-28T09:44:16Z" finished-at="2022-07-28T09:44:16Z">
          <reporter-output>
          </reporter-output>
        </test-method> <!-- testImportsAbsRel -->
      </class> <!-- io.kaitai.struct.spec.TestImportsAbsRel -->
      <class name="io.kaitai.struct.spec.TestEnumDeep">
        <test-method status="PASS" signature="testEnumDeep()[pri:0, instance:io.kaitai.struct.spec.TestEnumDeep@6580cfdd]" name="testEnumDeep" duration-ms="1" started-at="2022-07-28T09:44:16Z" finished-at="2022-07-28T09:44:16Z">
          <reporter-output>
          </reporter-output>
        </test-method> <!-- testEnumDeep -->
      </class> <!-- io.kaitai.struct.spec.TestEnumDeep -->
    </test> <!-- all -->
  </suite> <!-- Kaitai Struct Java specs -->
</testng-results>
