<?xml version="1.0" encoding="UTF-8"?>
<testng-results skipped="0" failed="2" total="320" passed="318">
  <reporter-output>
  </reporter-output>
  <suite name="Kaitai Struct Java specs" duration-ms="362" started-at="2025-09-07T17:02:16Z" finished-at="2025-09-07T17:02:17Z">
    <groups>
    </groups>
    <test name="spec" duration-ms="362" started-at="2025-09-07T17:02:16Z" finished-at="2025-09-07T17:02:17Z">
      <class name="io.kaitai.struct.spec.TestRepeatUntilBytesPadTerm">
        <test-method status="PASS" signature="testRepeatUntilBytesPadTerm()[pri:0, instance:io.kaitai.struct.spec.TestRepeatUntilBytesPadTerm@6e5a8246]" name="testRepeatUntilBytesPadTerm" duration-ms="0" started-at="2025-09-07T17:02:17Z" finished-at="2025-09-07T17:02:17Z">
          <reporter-output>
          </reporter-output>
        </test-method> <!-- testRepeatUntilBytesPadTerm -->
      </class> <!-- io.kaitai.struct.spec.TestRepeatUntilBytesPadTerm -->
      <class name="io.kaitai.struct.spec.TestInstanceIoUserEarlier">
        <test-method status="PASS" signature="testInstanceIoUserEarlier()[pri:0, instance:io.kaitai.struct.spec.TestInstanceIoUserEarlier@372b51d4]" name="testInstanceIoUserEarlier" duration-ms="1" started-at="2025-09-07T17:02:16Z" finished-at="2025-09-07T17:02:16Z">
          <reporter-output>
          </reporter-output>
        </test-method> <!-- testInstanceIoUserEarlier -->
      </class> <!-- io.kaitai.struct.spec.TestInstanceIoUserEarlier -->
      <class name="io.kaitai.struct.spec.TestRepeatUntilCalcArrayType">
        <test-method status="PASS" signature="testRepeatUntilCalcArrayType()[pri:0, instance:io.kaitai.struct.spec.TestRepeatUntilCalcArrayType@4a45c61d]" name="testRepeatUntilCalcArrayType" duration-ms="1" started-at="2025-09-07T17:02:16Z" finished-at="2025-09-07T17:02:16Z">
          <reporter-output>
          </reporter-output>
        </test-method> <!-- testRepeatUntilCalcArrayType -->
      </class> <!-- io.kaitai.struct.spec.TestRepeatUntilCalcArrayType -->
      <class name="io.kaitai.struct.spec.TestIndexToParamUntil">
        <test-method status="PASS" signature="testIndexToParamUntil()[pri:0, instance:io.kaitai.struct.spec.TestIndexToParamUntil@46028049]" name="testIndexToParamUntil" duration-ms="0" started-at="2025-09-07T17:02:16Z" finished-at="2025-09-07T17:02:16Z">
          <reporter-output>
          </reporter-output>
        </test-method> <!-- testIndexToParamUntil -->
      </class> <!-- io.kaitai.struct.spec.TestIndexToParamUntil -->
      <class name="io.kaitai.struct.spec.TestDebugSwitchUser">
        <test-method status="PASS" signature="testDebugSwitchUser()[pri:0, instance:io.kaitai.struct.spec.TestDebugSwitchUser@3f9e9cbc]" name="testDebugSwitchUser" duration-ms="1" started-at="2025-09-07T17:02:17Z" finished-at="2025-09-07T17:02:17Z">
          <reporter-output>
          </reporter-output>
        </test-method> <!-- testDebugSwitchUser -->
      </class> <!-- io.kaitai.struct.spec.TestDebugSwitchUser -->
      <class name="io.kaitai.struct.spec.TestParamsPassArrayStruct">
        <test-method status="PASS" signature="testParamsPassArrayStruct()[pri:0, instance:io.kaitai.struct.spec.TestParamsPassArrayStruct@7af69ed3]" name="testParamsPassArrayStruct" duration-ms="1" started-at="2025-09-07T17:02:16Z" finished-at="2025-09-07T17:02:16Z">
          <reporter-output>
          </reporter-output>
        </test-method> <!-- testParamsPassArrayStruct -->
      </class> <!-- io.kaitai.struct.spec.TestParamsPassArrayStruct -->
      <class name="io.kaitai.struct.spec.TestNavParentVsValueInst">
        <test-method status="PASS" signature="testNavParentVsValueInst()[pri:0, instance:io.kaitai.struct.spec.TestNavParentVsValueInst@12e146a7]" name="testNavParentVsValueInst" duration-ms="9" started-at="2025-09-07T17:02:16Z" finished-at="2025-09-07T17:02:16Z">
          <reporter-output>
          </reporter-output>
        </test-method> <!-- testNavParentVsValueInst -->
      </class> <!-- io.kaitai.struct.spec.TestNavParentVsValueInst -->
      <class name="io.kaitai.struct.spec.TestIoLocalVar">
        <test-method status="PASS" signature="testIoLocalVar()[pri:0, instance:io.kaitai.struct.spec.TestIoLocalVar@36c3fc68]" name="testIoLocalVar" duration-ms="1" started-at="2025-09-07T17:02:16Z" finished-at="2025-09-07T17:02:16Z">
          <reporter-output>
          </reporter-output>
        </test-method> <!-- testIoLocalVar -->
      </class> <!-- io.kaitai.struct.spec.TestIoLocalVar -->
      <class name="io.kaitai.struct.spec.TestRepeatUntilBytesPad">
        <test-method status="PASS" signature="testRepeatUntilBytesPad()[pri:0, instance:io.kaitai.struct.spec.TestRepeatUntilBytesPad@28c1b980]" name="testRepeatUntilBytesPad" duration-ms="0" started-at="2025-09-07T17:02:17Z" finished-at="2025-09-07T17:02:17Z">
          <reporter-output>
          </reporter-output>
        </test-method> <!-- testRepeatUntilBytesPad -->
      </class> <!-- io.kaitai.struct.spec.TestRepeatUntilBytesPad -->
      <class name="io.kaitai.struct.spec.TestRepeatEosBytes">
        <test-method status="PASS" signature="testRepeatEosBytes()[pri:0, instance:io.kaitai.struct.spec.TestRepeatEosBytes@4e345c87]" name="testRepeatEosBytes" duration-ms="0" started-at="2025-09-07T17:02:16Z" finished-at="2025-09-07T17:02:16Z">
          <reporter-output>
          </reporter-output>
        </test-method> <!-- testRepeatEosBytes -->
      </class> <!-- io.kaitai.struct.spec.TestRepeatEosBytes -->
      <class name="io.kaitai.struct.spec.TestValidFailRepeatEqInt">
        <test-method status="PASS" signature="testValidFailRepeatEqInt()[pri:0, instance:io.kaitai.struct.spec.TestValidFailRepeatEqInt@1e412161]" name="testValidFailRepeatEqInt" duration-ms="1" started-at="2025-09-07T17:02:16Z" finished-at="2025-09-07T17:02:16Z">
          <exception class="io.kaitai.struct.KaitaiStream$ValidationNotEqualError">
            <message>
              <![CDATA[/seq/0: at pos 12: validation failed: not equal, expected 305419896, but got 1193046]]>
            </message>
            <full-stacktrace>
              <![CDATA[io.kaitai.struct.KaitaiStream$ValidationNotEqualError: /seq/0: at pos 12: validation failed: not equal, expected 305419896, but got 1193046
	at io.kaitai.struct.testformats.ValidFailRepeatEqInt._read(ValidFailRepeatEqInt.java:38)
	at io.kaitai.struct.testformats.ValidFailRepeatEqInt.<init>(ValidFailRepeatEqInt.java:29)
	at io.kaitai.struct.testformats.ValidFailRepeatEqInt.<init>(ValidFailRepeatEqInt.java:18)
	at io.kaitai.struct.testformats.ValidFailRepeatEqInt.fromFile(ValidFailRepeatEqInt.java:14)
	at io.kaitai.struct.spec.TestValidFailRepeatEqInt.testValidFailRepeatEqInt(TestValidFailRepeatEqInt.java:13)
	at sun.reflect.NativeMethodAccessorImpl.invoke0(Native Method)
	at sun.reflect.NativeMethodAccessorImpl.invoke(NativeMethodAccessorImpl.java:57)
	at sun.reflect.DelegatingMethodAccessorImpl.invoke(DelegatingMethodAccessorImpl.java:43)
	at java.lang.reflect.Method.invoke(Method.java:607)
	at org.testng.internal.MethodInvocationHelper.invokeMethod(MethodInvocationHelper.java:86)
	at org.testng.internal.Invoker.invokeMethod(Invoker.java:643)
	at org.testng.internal.Invoker.invokeTestMethod(Invoker.java:820)
	at org.testng.internal.Invoker.invokeTestMethods(Invoker.java:1128)
	at org.testng.internal.TestMethodWorker.invokeTestMethods(TestMethodWorker.java:129)
	at org.testng.internal.TestMethodWorker.run(TestMethodWorker.java:112)
	at org.testng.TestRunner.privateRun(TestRunner.java:782)
	at org.testng.TestRunner.run(TestRunner.java:632)
	at org.testng.SuiteRunner.runTest(SuiteRunner.java:366)
	at org.testng.SuiteRunner.runSequentially(SuiteRunner.java:361)
	at org.testng.SuiteRunner.privateRun(SuiteRunner.java:319)
	at org.testng.SuiteRunner.run(SuiteRunner.java:268)
	at org.testng.SuiteRunnerWorker.runSuite(SuiteRunnerWorker.java:52)
	at org.testng.SuiteRunnerWorker.run(SuiteRunnerWorker.java:86)
	at org.testng.TestNG.runSuitesSequentially(TestNG.java:1244)
	at org.testng.TestNG.runSuitesLocally(TestNG.java:1169)
	at org.testng.TestNG.run(TestNG.java:1064)
	at org.testng.TestNG.privateMain(TestNG.java:1385)
	at org.testng.TestNG.main(TestNG.java:1354)
]]>
            </full-stacktrace>
          </exception> <!-- io.kaitai.struct.KaitaiStream$ValidationNotEqualError -->
          <reporter-output>
          </reporter-output>
        </test-method> <!-- testValidFailRepeatEqInt -->
      </class> <!-- io.kaitai.struct.spec.TestValidFailRepeatEqInt -->
      <class name="io.kaitai.struct.spec.TestParamsDef">
        <test-method status="PASS" signature="testParamsDef()[pri:0, instance:io.kaitai.struct.spec.TestParamsDef@a80b827]" name="testParamsDef" duration-ms="0" started-at="2025-09-07T17:02:16Z" finished-at="2025-09-07T17:02:16Z">
          <reporter-output>
          </reporter-output>
        </test-method> <!-- testParamsDef -->
      </class> <!-- io.kaitai.struct.spec.TestParamsDef -->
      <class name="io.kaitai.struct.spec.TestRepeatEosStruct">
        <test-method status="PASS" signature="testRepeatEosStruct()[pri:0, instance:io.kaitai.struct.spec.TestRepeatEosStruct@19ce3aac]" name="testRepeatEosStruct" duration-ms="0" started-at="2025-09-07T17:02:16Z" finished-at="2025-09-07T17:02:16Z">
          <reporter-output>
          </reporter-output>
        </test-method> <!-- testRepeatEosStruct -->
      </class> <!-- io.kaitai.struct.spec.TestRepeatEosStruct -->
      <class name="io.kaitai.struct.spec.TestValidFailRangeBytes">
        <test-method status="PASS" signature="testValidFailRangeBytes()[pri:0, instance:io.kaitai.struct.spec.TestValidFailRangeBytes@e38e978]" name="testValidFailRangeBytes" duration-ms="0" started-at="2025-09-07T17:02:16Z" finished-at="2025-09-07T17:02:16Z">
          <exception class="io.kaitai.struct.KaitaiStream$ValidationGreaterThanError">
            <message>
              <![CDATA[/seq/0: at pos 2: validation failed: not in range, max [50 31], but got [50 41]]]>
            </message>
            <full-stacktrace>
              <![CDATA[io.kaitai.struct.KaitaiStream$ValidationGreaterThanError: /seq/0: at pos 2: validation failed: not in range, max [50 31], but got [50 41]
	at io.kaitai.struct.testformats.ValidFailRangeBytes._read(ValidFailRangeBytes.java:35)
	at io.kaitai.struct.testformats.ValidFailRangeBytes.<init>(ValidFailRangeBytes.java:27)
	at io.kaitai.struct.testformats.ValidFailRangeBytes.<init>(ValidFailRangeBytes.java:16)
	at io.kaitai.struct.testformats.ValidFailRangeBytes.fromFile(ValidFailRangeBytes.java:12)
	at io.kaitai.struct.spec.TestValidFailRangeBytes.testValidFailRangeBytes(TestValidFailRangeBytes.java:12)
	at sun.reflect.NativeMethodAccessorImpl.invoke0(Native Method)
	at sun.reflect.NativeMethodAccessorImpl.invoke(NativeMethodAccessorImpl.java:57)
	at sun.reflect.DelegatingMethodAccessorImpl.invoke(DelegatingMethodAccessorImpl.java:43)
	at java.lang.reflect.Method.invoke(Method.java:607)
	at org.testng.internal.MethodInvocationHelper.invokeMethod(MethodInvocationHelper.java:86)
	at org.testng.internal.Invoker.invokeMethod(Invoker.java:643)
	at org.testng.internal.Invoker.invokeTestMethod(Invoker.java:820)
	at org.testng.internal.Invoker.invokeTestMethods(Invoker.java:1128)
	at org.testng.internal.TestMethodWorker.invokeTestMethods(TestMethodWorker.java:129)
	at org.testng.internal.TestMethodWorker.run(TestMethodWorker.java:112)
	at org.testng.TestRunner.privateRun(TestRunner.java:782)
	at org.testng.TestRunner.run(TestRunner.java:632)
	at org.testng.SuiteRunner.runTest(SuiteRunner.java:366)
	at org.testng.SuiteRunner.runSequentially(SuiteRunner.java:361)
	at org.testng.SuiteRunner.privateRun(SuiteRunner.java:319)
	at org.testng.SuiteRunner.run(SuiteRunner.java:268)
	at org.testng.SuiteRunnerWorker.runSuite(SuiteRunnerWorker.java:52)
	at org.testng.SuiteRunnerWorker.run(SuiteRunnerWorker.java:86)
	at org.testng.TestNG.runSuitesSequentially(TestNG.java:1244)
	at org.testng.TestNG.runSuitesLocally(TestNG.java:1169)
	at org.testng.TestNG.run(TestNG.java:1064)
	at org.testng.TestNG.privateMain(TestNG.java:1385)
	at org.testng.TestNG.main(TestNG.java:1354)
]]>
            </full-stacktrace>
          </exception> <!-- io.kaitai.struct.KaitaiStream$ValidationGreaterThanError -->
          <reporter-output>
          </reporter-output>
        </test-method> <!-- testValidFailRangeBytes -->
      </class> <!-- io.kaitai.struct.spec.TestValidFailRangeBytes -->
      <class name="io.kaitai.struct.spec.TestCombineBool">
        <test-method status="PASS" signature="testCombineBool()[pri:0, instance:io.kaitai.struct.spec.TestCombineBool@6e9ef1ce]" name="testCombineBool" duration-ms="0" started-at="2025-09-07T17:02:16Z" finished-at="2025-09-07T17:02:16Z">
          <reporter-output>
          </reporter-output>
        </test-method> <!-- testCombineBool -->
      </class> <!-- io.kaitai.struct.spec.TestCombineBool -->
      <class name="io.kaitai.struct.spec.TestProcessRotate">
        <test-method status="PASS" signature="testProcessRotate()[pri:0, instance:io.kaitai.struct.spec.TestProcessRotate@1e16f255]" name="testProcessRotate" duration-ms="1" started-at="2025-09-07T17:02:17Z" finished-at="2025-09-07T17:02:17Z">
          <reporter-output>
          </reporter-output>
        </test-method> <!-- testProcessRotate -->
      </class> <!-- io.kaitai.struct.spec.TestProcessRotate -->
      <class name="io.kaitai.struct.spec.TestRepeatNTermBytes">
        <test-method status="PASS" signature="testRepeatNTermBytes()[pri:0, instance:io.kaitai.struct.spec.TestRepeatNTermBytes@7f47239c]" name="testRepeatNTermBytes" duration-ms="0" started-at="2025-09-07T17:02:17Z" finished-at="2025-09-07T17:02:17Z">
          <reporter-output>
          </reporter-output>
        </test-method> <!-- testRepeatNTermBytes -->
      </class> <!-- io.kaitai.struct.spec.TestRepeatNTermBytes -->
      <class name="io.kaitai.struct.spec.TestInstanceStd">
        <test-method status="PASS" signature="testInstanceStd()[pri:0, instance:io.kaitai.struct.spec.TestInstanceStd@30951aeb]" name="testInstanceStd" duration-ms="0" started-at="2025-09-07T17:02:16Z" finished-at="2025-09-07T17:02:16Z">
          <reporter-output>
          </reporter-output>
        </test-method> <!-- testInstanceStd -->
      </class> <!-- io.kaitai.struct.spec.TestInstanceStd -->
      <class name="io.kaitai.struct.spec.TestNavParent2">
        <test-method status="PASS" signature="testNavParent2()[pri:0, instance:io.kaitai.struct.spec.TestNavParent2@1889c3ae]" name="testNavParent2" duration-ms="1" started-at="2025-09-07T17:02:16Z" finished-at="2025-09-07T17:02:16Z">
          <reporter-output>
          </reporter-output>
        </test-method> <!-- testNavParent2 -->
      </class> <!-- io.kaitai.struct.spec.TestNavParent2 -->
      <class name="io.kaitai.struct.spec.TestNavParent3">
        <test-method status="PASS" signature="testNavParent3()[pri:0, instance:io.kaitai.struct.spec.TestNavParent3@32d8b42e]" name="testNavParent3" duration-ms="1" started-at="2025-09-07T17:02:16Z" finished-at="2025-09-07T17:02:16Z">
          <reporter-output>
          </reporter-output>
        </test-method> <!-- testNavParent3 -->
      </class> <!-- io.kaitai.struct.spec.TestNavParent3 -->
      <class name="io.kaitai.struct.spec.TestNestedTypes">
        <test-method status="PASS" signature="testNestedTypes()[pri:0, instance:io.kaitai.struct.spec.TestNestedTypes@6607a2e0]" name="testNestedTypes" duration-ms="1" started-at="2025-09-07T17:02:16Z" finished-at="2025-09-07T17:02:16Z">
          <reporter-output>
          </reporter-output>
        </test-method> <!-- testNestedTypes -->
      </class> <!-- io.kaitai.struct.spec.TestNestedTypes -->
      <class name="io.kaitai.struct.spec.TestSwitchMultiBoolOps">
        <test-method status="PASS" signature="testSwitchMultiBoolOps()[pri:0, instance:io.kaitai.struct.spec.TestSwitchMultiBoolOps@3ad5ba3a]" name="testSwitchMultiBoolOps" duration-ms="1" started-at="2025-09-07T17:02:16Z" finished-at="2025-09-07T17:02:16Z">
          <reporter-output>
          </reporter-output>
        </test-method> <!-- testSwitchMultiBoolOps -->
      </class> <!-- io.kaitai.struct.spec.TestSwitchMultiBoolOps -->
      <class name="io.kaitai.struct.spec.TestInstanceStdArray">
        <test-method status="PASS" signature="testInstanceStdArray()[pri:0, instance:io.kaitai.struct.spec.TestInstanceStdArray@7cc2ccfb]" name="testInstanceStdArray" duration-ms="1" started-at="2025-09-07T17:02:16Z" finished-at="2025-09-07T17:02:16Z">
          <reporter-output>
          </reporter-output>
        </test-method> <!-- testInstanceStdArray -->
      </class> <!-- io.kaitai.struct.spec.TestInstanceStdArray -->
      <class name="io.kaitai.struct.spec.TestSwitchManualIntSizeEos">
        <test-method status="PASS" signature="testSwitchManualIntSizeEos()[pri:0, instance:io.kaitai.struct.spec.TestSwitchManualIntSizeEos@77036a6b]" name="testSwitchManualIntSizeEos" duration-ms="2" started-at="2025-09-07T17:02:17Z" finished-at="2025-09-07T17:02:17Z">
          <reporter-output>
          </reporter-output>
        </test-method> <!-- testSwitchManualIntSizeEos -->
      </class> <!-- io.kaitai.struct.spec.TestSwitchManualIntSizeEos -->
      <class name="io.kaitai.struct.spec.TestParamsPassUsertype">
        <test-method status="PASS" signature="testParamsPassUsertype()[pri:0, instance:io.kaitai.struct.spec.TestParamsPassUsertype@7493b88b]" name="testParamsPassUsertype" duration-ms="0" started-at="2025-09-07T17:02:16Z" finished-at="2025-09-07T17:02:16Z">
          <reporter-output>
          </reporter-output>
        </test-method> <!-- testParamsPassUsertype -->
      </class> <!-- io.kaitai.struct.spec.TestParamsPassUsertype -->
      <class name="io.kaitai.struct.spec.TestFixedContents">
        <test-method status="PASS" signature="testFixedContents()[pri:0, instance:io.kaitai.struct.spec.TestFixedContents@10921fc7]" name="testFixedContents" duration-ms="0" started-at="2025-09-07T17:02:16Z" finished-at="2025-09-07T17:02:16Z">
          <reporter-output>
          </reporter-output>
        </test-method> <!-- testFixedContents -->
      </class> <!-- io.kaitai.struct.spec.TestFixedContents -->
      <class name="io.kaitai.struct.spec.TestEnumToIInvalid">
        <test-method status="FAIL" signature="testEnumToIInvalid()[pri:0, instance:io.kaitai.struct.spec.TestEnumToIInvalid@79c45dbe]" name="testEnumToIInvalid" duration-ms="1" started-at="2025-09-07T17:02:17Z" finished-at="2025-09-07T17:02:17Z">
          <exception class="java.lang.AssertionError">
            <message>
              <![CDATA[expected [111] but found [null]]]>
            </message>
            <full-stacktrace>
              <![CDATA[java.lang.AssertionError: expected [111] but found [null]
	at org.testng.Assert.fail(Assert.java:94)
	at org.testng.Assert.failNotEquals(Assert.java:513)
	at org.testng.Assert.assertEqualsImpl(Assert.java:130)
	at org.testng.Assert.assertEquals(Assert.java:116)
	at org.testng.Assert.assertEquals(Assert.java:179)
	at io.kaitai.struct.spec.TestEnumToIInvalid.testEnumToIInvalid(TestEnumToIInvalid.java:14)
	at sun.reflect.NativeMethodAccessorImpl.invoke0(Native Method)
	at sun.reflect.NativeMethodAccessorImpl.invoke(NativeMethodAccessorImpl.java:57)
	at sun.reflect.DelegatingMethodAccessorImpl.invoke(DelegatingMethodAccessorImpl.java:43)
	at java.lang.reflect.Method.invoke(Method.java:607)
	at org.testng.internal.MethodInvocationHelper.invokeMethod(MethodInvocationHelper.java:86)
	at org.testng.internal.Invoker.invokeMethod(Invoker.java:643)
	at org.testng.internal.Invoker.invokeTestMethod(Invoker.java:820)
	at org.testng.internal.Invoker.invokeTestMethods(Invoker.java:1128)
	at org.testng.internal.TestMethodWorker.invokeTestMethods(TestMethodWorker.java:129)
	at org.testng.internal.TestMethodWorker.run(TestMethodWorker.java:112)
	at org.testng.TestRunner.privateRun(TestRunner.java:782)
	at org.testng.TestRunner.run(TestRunner.java:632)
	at org.testng.SuiteRunner.runTest(SuiteRunner.java:366)
	at org.testng.SuiteRunner.runSequentially(SuiteRunner.java:361)
	at org.testng.SuiteRunner.privateRun(SuiteRunner.java:319)
	at org.testng.SuiteRunner.run(SuiteRunner.java:268)
	at org.testng.SuiteRunnerWorker.runSuite(SuiteRunnerWorker.java:52)
	at org.testng.SuiteRunnerWorker.run(SuiteRunnerWorker.java:86)
	at org.testng.TestNG.runSuitesSequentially(TestNG.java:1244)
	at org.testng.TestNG.runSuitesLocally(TestNG.java:1169)
	at org.testng.TestNG.run(TestNG.java:1064)
	at org.testng.TestNG.privateMain(TestNG.java:1385)
	at org.testng.TestNG.main(TestNG.java:1354)
]]>
            </full-stacktrace>
          </exception> <!-- java.lang.AssertionError -->
          <reporter-output>
          </reporter-output>
        </test-method> <!-- testEnumToIInvalid -->
      </class> <!-- io.kaitai.struct.spec.TestEnumToIInvalid -->
      <class name="io.kaitai.struct.spec.TestZlibSurrounded">
        <test-method status="PASS" signature="testZlibSurrounded()[pri:0, instance:io.kaitai.struct.spec.TestZlibSurrounded@6b997837]" name="testZlibSurrounded" duration-ms="0" started-at="2025-09-07T17:02:17Z" finished-at="2025-09-07T17:02:17Z">
          <reporter-output>
          </reporter-output>
        </test-method> <!-- testZlibSurrounded -->
      </class> <!-- io.kaitai.struct.spec.TestZlibSurrounded -->
      <class name="io.kaitai.struct.spec.TestExprStrEncodings">
        <test-method status="PASS" signature="testExprStrEncodings()[pri:0, instance:io.kaitai.struct.spec.TestExprStrEncodings@7e060a88]" name="testExprStrEncodings" duration-ms="10" started-at="2025-09-07T17:02:16Z" finished-at="2025-09-07T17:02:16Z">
          <reporter-output>
          </reporter-output>
        </test-method> <!-- testExprStrEncodings -->
      </class> <!-- io.kaitai.struct.spec.TestExprStrEncodings -->
      <class name="io.kaitai.struct.spec.TestZlibWithHeader78">
        <test-method status="PASS" signature="testZlibWithHeader78()[pri:0, instance:io.kaitai.struct.spec.TestZlibWithHeader78@13fd3d8]" name="testZlibWithHeader78" duration-ms="0" started-at="2025-09-07T17:02:17Z" finished-at="2025-09-07T17:02:17Z">
          <reporter-output>
          </reporter-output>
        </test-method> <!-- testZlibWithHeader78 -->
      </class> <!-- io.kaitai.struct.spec.TestZlibWithHeader78 -->
      <class name="io.kaitai.struct.spec.TestNavRoot">
        <test-method status="PASS" signature="testNavRoot()[pri:0, instance:io.kaitai.struct.spec.TestNavRoot@c1d913b]" name="testNavRoot" duration-ms="1" started-at="2025-09-07T17:02:16Z" finished-at="2025-09-07T17:02:16Z">
          <reporter-output>
          </reporter-output>
        </test-method> <!-- testNavRoot -->
      </class> <!-- io.kaitai.struct.spec.TestNavRoot -->
      <class name="io.kaitai.struct.spec.TestValidFailRepeatAnyofInt">
        <test-method status="PASS" signature="testValidFailRepeatAnyofInt()[pri:0, instance:io.kaitai.struct.spec.TestValidFailRepeatAnyofInt@46441b45]" name="testValidFailRepeatAnyofInt" duration-ms="1" started-at="2025-09-07T17:02:17Z" finished-at="2025-09-07T17:02:17Z">
          <exception class="io.kaitai.struct.KaitaiStream$ValidationNotAnyOfError">
            <message>
              <![CDATA[/seq/0: at pos 7: validation failed: not any of the list, got 232]]>
            </message>
            <full-stacktrace>
              <![CDATA[io.kaitai.struct.KaitaiStream$ValidationNotAnyOfError: /seq/0: at pos 7: validation failed: not any of the list, got 232
	at io.kaitai.struct.testformats.ValidFailRepeatAnyofInt._read(ValidFailRepeatAnyofInt.java:38)
	at io.kaitai.struct.testformats.ValidFailRepeatAnyofInt.<init>(ValidFailRepeatAnyofInt.java:29)
	at io.kaitai.struct.testformats.ValidFailRepeatAnyofInt.<init>(ValidFailRepeatAnyofInt.java:18)
	at io.kaitai.struct.testformats.ValidFailRepeatAnyofInt.fromFile(ValidFailRepeatAnyofInt.java:14)
	at io.kaitai.struct.spec.TestValidFailRepeatAnyofInt.testValidFailRepeatAnyofInt(TestValidFailRepeatAnyofInt.java:13)
	at sun.reflect.NativeMethodAccessorImpl.invoke0(Native Method)
	at sun.reflect.NativeMethodAccessorImpl.invoke(NativeMethodAccessorImpl.java:57)
	at sun.reflect.DelegatingMethodAccessorImpl.invoke(DelegatingMethodAccessorImpl.java:43)
	at java.lang.reflect.Method.invoke(Method.java:607)
	at org.testng.internal.MethodInvocationHelper.invokeMethod(MethodInvocationHelper.java:86)
	at org.testng.internal.Invoker.invokeMethod(Invoker.java:643)
	at org.testng.internal.Invoker.invokeTestMethod(Invoker.java:820)
	at org.testng.internal.Invoker.invokeTestMethods(Invoker.java:1128)
	at org.testng.internal.TestMethodWorker.invokeTestMethods(TestMethodWorker.java:129)
	at org.testng.internal.TestMethodWorker.run(TestMethodWorker.java:112)
	at org.testng.TestRunner.privateRun(TestRunner.java:782)
	at org.testng.TestRunner.run(TestRunner.java:632)
	at org.testng.SuiteRunner.runTest(SuiteRunner.java:366)
	at org.testng.SuiteRunner.runSequentially(SuiteRunner.java:361)
	at org.testng.SuiteRunner.privateRun(SuiteRunner.java:319)
	at org.testng.SuiteRunner.run(SuiteRunner.java:268)
	at org.testng.SuiteRunnerWorker.runSuite(SuiteRunnerWorker.java:52)
	at org.testng.SuiteRunnerWorker.run(SuiteRunnerWorker.java:86)
	at org.testng.TestNG.runSuitesSequentially(TestNG.java:1244)
	at org.testng.TestNG.runSuitesLocally(TestNG.java:1169)
	at org.testng.TestNG.run(TestNG.java:1064)
	at org.testng.TestNG.privateMain(TestNG.java:1385)
	at org.testng.TestNG.main(TestNG.java:1354)
]]>
            </full-stacktrace>
          </exception> <!-- io.kaitai.struct.KaitaiStream$ValidationNotAnyOfError -->
          <reporter-output>
          </reporter-output>
        </test-method> <!-- testValidFailRepeatAnyofInt -->
      </class> <!-- io.kaitai.struct.spec.TestValidFailRepeatAnyofInt -->
      <class name="io.kaitai.struct.spec.TestImportsParamsDefArrayUsertypeImported">
        <test-method status="PASS" signature="testImportsParamsDefArrayUsertypeImported()[pri:0, instance:io.kaitai.struct.spec.TestImportsParamsDefArrayUsertypeImported@77ed2fe7]" name="testImportsParamsDefArrayUsertypeImported" duration-ms="1" started-at="2025-09-07T17:02:16Z" finished-at="2025-09-07T17:02:16Z">
          <reporter-output>
          </reporter-output>
        </test-method> <!-- testImportsParamsDefArrayUsertypeImported -->
      </class> <!-- io.kaitai.struct.spec.TestImportsParamsDefArrayUsertypeImported -->
      <class name="io.kaitai.struct.spec.TestParamsPassArrayIo">
        <test-method status="PASS" signature="testParamsPassArrayIo()[pri:0, instance:io.kaitai.struct.spec.TestParamsPassArrayIo@3192caa9]" name="testParamsPassArrayIo" duration-ms="0" started-at="2025-09-07T17:02:16Z" finished-at="2025-09-07T17:02:16Z">
          <reporter-output>
          </reporter-output>
        </test-method> <!-- testParamsPassArrayIo -->
      </class> <!-- io.kaitai.struct.spec.TestParamsPassArrayIo -->
      <class name="io.kaitai.struct.spec.TestBcdUserTypeLe">
        <test-method status="PASS" signature="testBcdUserTypeLe()[pri:0, instance:io.kaitai.struct.spec.TestBcdUserTypeLe@45eb96fc]" name="testBcdUserTypeLe" duration-ms="2" started-at="2025-09-07T17:02:16Z" finished-at="2025-09-07T17:02:16Z">
          <reporter-output>
          </reporter-output>
        </test-method> <!-- testBcdUserTypeLe -->
      </class> <!-- io.kaitai.struct.spec.TestBcdUserTypeLe -->
      <class name="io.kaitai.struct.spec.TestRepeatNBytesPadTerm">
        <test-method status="PASS" signature="testRepeatNBytesPadTerm()[pri:0, instance:io.kaitai.struct.spec.TestRepeatNBytesPadTerm@3a3e8692]" name="testRepeatNBytesPadTerm" duration-ms="0" started-at="2025-09-07T17:02:17Z" finished-at="2025-09-07T17:02:17Z">
          <reporter-output>
          </reporter-output>
        </test-method> <!-- testRepeatNBytesPadTerm -->
      </class> <!-- io.kaitai.struct.spec.TestRepeatNBytesPadTerm -->
      <class name="io.kaitai.struct.spec.TestHelloWorld">
        <test-method status="PASS" signature="testHelloWorld()[pri:0, instance:io.kaitai.struct.spec.TestHelloWorld@67d7d474]" name="testHelloWorld" duration-ms="0" started-at="2025-09-07T17:02:16Z" finished-at="2025-09-07T17:02:16Z">
          <reporter-output>
          </reporter-output>
        </test-method> <!-- testHelloWorld -->
      </class> <!-- io.kaitai.struct.spec.TestHelloWorld -->
      <class name="io.kaitai.struct.spec.TestStrEncodingsEscapingEnc">
        <test-method status="PASS" signature="testStrEncodingsEscapingEnc()[pri:0, instance:io.kaitai.struct.spec.TestStrEncodingsEscapingEnc@791a9134]" name="testStrEncodingsEscapingEnc" duration-ms="1" started-at="2025-09-07T17:02:17Z" finished-at="2025-09-07T17:02:17Z">
          <reporter-output>
          </reporter-output>
        </test-method> <!-- testStrEncodingsEscapingEnc -->
      </class> <!-- io.kaitai.struct.spec.TestStrEncodingsEscapingEnc -->
      <class name="io.kaitai.struct.spec.TestMetaXref">
        <test-method status="PASS" signature="testMetaXref()[pri:0, instance:io.kaitai.struct.spec.TestMetaXref@39376b96]" name="testMetaXref" duration-ms="1" started-at="2025-09-07T17:02:17Z" finished-at="2025-09-07T17:02:17Z">
          <reporter-output>
          </reporter-output>
        </test-method> <!-- testMetaXref -->
      </class> <!-- io.kaitai.struct.spec.TestMetaXref -->
      <class name="io.kaitai.struct.spec.TestSwitchManualInt">
        <test-method status="PASS" signature="testSwitchManualInt()[pri:0, instance:io.kaitai.struct.spec.TestSwitchManualInt@6e059e40]" name="testSwitchManualInt" duration-ms="1" started-at="2025-09-07T17:02:16Z" finished-at="2025-09-07T17:02:16Z">
          <reporter-output>
          </reporter-output>
        </test-method> <!-- testSwitchManualInt -->
      </class> <!-- io.kaitai.struct.spec.TestSwitchManualInt -->
      <class name="io.kaitai.struct.spec.TestExprCalcArrayOps">
        <test-method status="PASS" signature="testExprCalcArrayOps()[pri:0, instance:io.kaitai.struct.spec.TestExprCalcArrayOps@3bd8928e]" name="testExprCalcArrayOps" duration-ms="1" started-at="2025-09-07T17:02:16Z" finished-at="2025-09-07T17:02:16Z">
          <reporter-output>
          </reporter-output>
        </test-method> <!-- testExprCalcArrayOps -->
      </class> <!-- io.kaitai.struct.spec.TestExprCalcArrayOps -->
      <class name="io.kaitai.struct.spec.TestValidLong">
        <test-method status="PASS" signature="testValidLong()[pri:0, instance:io.kaitai.struct.spec.TestValidLong@6bf1a3f4]" name="testValidLong" duration-ms="0" started-at="2025-09-07T17:02:17Z" finished-at="2025-09-07T17:02:17Z">
          <reporter-output>
          </reporter-output>
        </test-method> <!-- testValidLong -->
      </class> <!-- io.kaitai.struct.spec.TestValidLong -->
      <class name="io.kaitai.struct.spec.TestEnumIntRangeU">
        <test-method status="PASS" signature="testEnumIntRangeU()[pri:0, instance:io.kaitai.struct.spec.TestEnumIntRangeU@19119a16]" name="testEnumIntRangeU" duration-ms="1" started-at="2025-09-07T17:02:16Z" finished-at="2025-09-07T17:02:16Z">
          <reporter-output>
          </reporter-output>
        </test-method> <!-- testEnumIntRangeU -->
      </class> <!-- io.kaitai.struct.spec.TestEnumIntRangeU -->
      <class name="io.kaitai.struct.spec.TestProcessXor4Value">
        <test-method status="PASS" signature="testProcessXor4Value()[pri:0, instance:io.kaitai.struct.spec.TestProcessXor4Value@3708ab98]" name="testProcessXor4Value" duration-ms="0" started-at="2025-09-07T17:02:17Z" finished-at="2025-09-07T17:02:17Z">
          <reporter-output>
          </reporter-output>
        </test-method> <!-- testProcessXor4Value -->
      </class> <!-- io.kaitai.struct.spec.TestProcessXor4Value -->
      <class name="io.kaitai.struct.spec.TestValidFailExpr">
        <test-method status="PASS" signature="testValidFailExpr()[pri:0, instance:io.kaitai.struct.spec.TestValidFailExpr@65786232]" name="testValidFailExpr" duration-ms="1" started-at="2025-09-07T17:02:17Z" finished-at="2025-09-07T17:02:17Z">
          <exception class="io.kaitai.struct.KaitaiStream$ValidationExprError">
            <message>
              <![CDATA[/seq/1: at pos 3: validation failed: not matching the expression, got -190]]>
            </message>
            <full-stacktrace>
              <![CDATA[io.kaitai.struct.KaitaiStream$ValidationExprError: /seq/1: at pos 3: validation failed: not matching the expression, got -190
	at io.kaitai.struct.testformats.ValidFailExpr._read(ValidFailExpr.java:41)
	at io.kaitai.struct.testformats.ValidFailExpr.<init>(ValidFailExpr.java:27)
	at io.kaitai.struct.testformats.ValidFailExpr.<init>(ValidFailExpr.java:16)
	at io.kaitai.struct.testformats.ValidFailExpr.fromFile(ValidFailExpr.java:12)
	at io.kaitai.struct.spec.TestValidFailExpr.testValidFailExpr(TestValidFailExpr.java:12)
	at sun.reflect.NativeMethodAccessorImpl.invoke0(Native Method)
	at sun.reflect.NativeMethodAccessorImpl.invoke(NativeMethodAccessorImpl.java:57)
	at sun.reflect.DelegatingMethodAccessorImpl.invoke(DelegatingMethodAccessorImpl.java:43)
	at java.lang.reflect.Method.invoke(Method.java:607)
	at org.testng.internal.MethodInvocationHelper.invokeMethod(MethodInvocationHelper.java:86)
	at org.testng.internal.Invoker.invokeMethod(Invoker.java:643)
	at org.testng.internal.Invoker.invokeTestMethod(Invoker.java:820)
	at org.testng.internal.Invoker.invokeTestMethods(Invoker.java:1128)
	at org.testng.internal.TestMethodWorker.invokeTestMethods(TestMethodWorker.java:129)
	at org.testng.internal.TestMethodWorker.run(TestMethodWorker.java:112)
	at org.testng.TestRunner.privateRun(TestRunner.java:782)
	at org.testng.TestRunner.run(TestRunner.java:632)
	at org.testng.SuiteRunner.runTest(SuiteRunner.java:366)
	at org.testng.SuiteRunner.runSequentially(SuiteRunner.java:361)
	at org.testng.SuiteRunner.privateRun(SuiteRunner.java:319)
	at org.testng.SuiteRunner.run(SuiteRunner.java:268)
	at org.testng.SuiteRunnerWorker.runSuite(SuiteRunnerWorker.java:52)
	at org.testng.SuiteRunnerWorker.run(SuiteRunnerWorker.java:86)
	at org.testng.TestNG.runSuitesSequentially(TestNG.java:1244)
	at org.testng.TestNG.runSuitesLocally(TestNG.java:1169)
	at org.testng.TestNG.run(TestNG.java:1064)
	at org.testng.TestNG.privateMain(TestNG.java:1385)
	at org.testng.TestNG.main(TestNG.java:1354)
]]>
            </full-stacktrace>
          </exception> <!-- io.kaitai.struct.KaitaiStream$ValidationExprError -->
          <reporter-output>
          </reporter-output>
        </test-method> <!-- testValidFailExpr -->
      </class> <!-- io.kaitai.struct.spec.TestValidFailExpr -->
      <class name="io.kaitai.struct.spec.TestEnumIntRangeS">
        <test-method status="PASS" signature="testEnumIntRangeS()[pri:0, instance:io.kaitai.struct.spec.TestEnumIntRangeS@90ff2a1]" name="testEnumIntRangeS" duration-ms="1" started-at="2025-09-07T17:02:16Z" finished-at="2025-09-07T17:02:16Z">
          <reporter-output>
          </reporter-output>
        </test-method> <!-- testEnumIntRangeS -->
      </class> <!-- io.kaitai.struct.spec.TestEnumIntRangeS -->
      <class name="io.kaitai.struct.spec.TestProcessTermStruct">
        <test-method status="PASS" signature="testProcessTermStruct()[pri:0, instance:io.kaitai.struct.spec.TestProcessTermStruct@384e7c49]" name="testProcessTermStruct" duration-ms="1" started-at="2025-09-07T17:02:17Z" finished-at="2025-09-07T17:02:17Z">
          <reporter-output>
          </reporter-output>
        </test-method> <!-- testProcessTermStruct -->
      </class> <!-- io.kaitai.struct.spec.TestProcessTermStruct -->
      <class name="io.kaitai.struct.spec.TestOpaqueExternalType02Parent">
        <test-method status="PASS" signature="testOpaqueExternalType02Parent()[pri:0, instance:io.kaitai.struct.spec.TestOpaqueExternalType02Parent@77ad4513]" name="testOpaqueExternalType02Parent" duration-ms="1" started-at="2025-09-07T17:02:16Z" finished-at="2025-09-07T17:02:16Z">
          <reporter-output>
          </reporter-output>
        </test-method> <!-- testOpaqueExternalType02Parent -->
      </class> <!-- io.kaitai.struct.spec.TestOpaqueExternalType02Parent -->
      <class name="io.kaitai.struct.spec.TestBytesPadTermEmpty">
        <test-method status="PASS" signature="testBytesPadTermEmpty()[pri:0, instance:io.kaitai.struct.spec.TestBytesPadTermEmpty@61c95bea]" name="testBytesPadTermEmpty" duration-ms="0" started-at="2025-09-07T17:02:17Z" finished-at="2025-09-07T17:02:17Z">
          <reporter-output>
          </reporter-output>
        </test-method> <!-- testBytesPadTermEmpty -->
      </class> <!-- io.kaitai.struct.spec.TestBytesPadTermEmpty -->
      <class name="io.kaitai.struct.spec.TestNestedTypeParam">
        <test-method status="PASS" signature="testNestedTypeParam()[pri:0, instance:io.kaitai.struct.spec.TestNestedTypeParam@52f37721]" name="testNestedTypeParam" duration-ms="1" started-at="2025-09-07T17:02:16Z" finished-at="2025-09-07T17:02:16Z">
          <reporter-output>
          </reporter-output>
        </test-method> <!-- testNestedTypeParam -->
      </class> <!-- io.kaitai.struct.spec.TestNestedTypeParam -->
      <class name="io.kaitai.struct.spec.TestValidEqStrEncodings">
        <test-method status="PASS" signature="testValidEqStrEncodings()[pri:0, instance:io.kaitai.struct.spec.TestValidEqStrEncodings@58c30f56]" name="testValidEqStrEncodings" duration-ms="0" started-at="2025-09-07T17:02:17Z" finished-at="2025-09-07T17:02:17Z">
          <reporter-output>
          </reporter-output>
        </test-method> <!-- testValidEqStrEncodings -->
      </class> <!-- io.kaitai.struct.spec.TestValidEqStrEncodings -->
      <class name="io.kaitai.struct.spec.TestExprStrOps">
        <test-method status="PASS" signature="testExprStrOps()[pri:0, instance:io.kaitai.struct.spec.TestExprStrOps@6ee1ddc5]" name="testExprStrOps" duration-ms="0" started-at="2025-09-07T17:02:16Z" finished-at="2025-09-07T17:02:16Z">
          <reporter-output>
          </reporter-output>
        </test-method> <!-- testExprStrOps -->
      </class> <!-- io.kaitai.struct.spec.TestExprStrOps -->
      <class name="io.kaitai.struct.spec.TestParamsPassBool">
        <test-method status="PASS" signature="testParamsPassBool()[pri:0, instance:io.kaitai.struct.spec.TestParamsPassBool@db75080]" name="testParamsPassBool" duration-ms="1" started-at="2025-09-07T17:02:16Z" finished-at="2025-09-07T17:02:16Z">
          <reporter-output>
          </reporter-output>
        </test-method> <!-- testParamsPassBool -->
      </class> <!-- io.kaitai.struct.spec.TestParamsPassBool -->
      <class name="io.kaitai.struct.spec.TestMetaTags">
        <test-method status="PASS" signature="testMetaTags()[pri:0, instance:io.kaitai.struct.spec.TestMetaTags@5db533b0]" name="testMetaTags" duration-ms="0" started-at="2025-09-07T17:02:16Z" finished-at="2025-09-07T17:02:16Z">
          <reporter-output>
          </reporter-output>
        </test-method> <!-- testMetaTags -->
      </class> <!-- io.kaitai.struct.spec.TestMetaTags -->
      <class name="io.kaitai.struct.spec.TestProcessStructPadTerm">
        <test-method status="PASS" signature="testProcessStructPadTerm()[pri:0, instance:io.kaitai.struct.spec.TestProcessStructPadTerm@29c6e6e]" name="testProcessStructPadTerm" duration-ms="1" started-at="2025-09-07T17:02:16Z" finished-at="2025-09-07T17:02:16Z">
          <reporter-output>
          </reporter-output>
        </test-method> <!-- testProcessStructPadTerm -->
      </class> <!-- io.kaitai.struct.spec.TestProcessStructPadTerm -->
      <class name="io.kaitai.struct.spec.TestDebugEnumName">
        <test-method status="PASS" signature="testDebugEnumName()[pri:0, instance:io.kaitai.struct.spec.TestDebugEnumName@6897ccbc]" name="testDebugEnumName" duration-ms="2" started-at="2025-09-07T17:02:16Z" finished-at="2025-09-07T17:02:16Z">
          <reporter-output>
          </reporter-output>
        </test-method> <!-- testDebugEnumName -->
      </class> <!-- io.kaitai.struct.spec.TestDebugEnumName -->
      <class name="io.kaitai.struct.spec.TestBufferedStruct">
        <test-method status="PASS" signature="testBufferedStruct()[pri:0, instance:io.kaitai.struct.spec.TestBufferedStruct@674da52b]" name="testBufferedStruct" duration-ms="1" started-at="2025-09-07T17:02:16Z" finished-at="2025-09-07T17:02:16Z">
          <reporter-output>
          </reporter-output>
        </test-method> <!-- testBufferedStruct -->
      </class> <!-- io.kaitai.struct.spec.TestBufferedStruct -->
      <class name="io.kaitai.struct.spec.TestDebugArrayUserCurrentExcluded">
        <test-method status="PASS" signature="testDebugArrayUserCurrentExcluded()[pri:0, instance:io.kaitai.struct.spec.TestDebugArrayUserCurrentExcluded@482b32f1]" name="testDebugArrayUserCurrentExcluded" duration-ms="1" started-at="2025-09-07T17:02:16Z" finished-at="2025-09-07T17:02:16Z">
          <reporter-output>
          </reporter-output>
        </test-method> <!-- testDebugArrayUserCurrentExcluded -->
      </class> <!-- io.kaitai.struct.spec.TestDebugArrayUserCurrentExcluded -->
      <class name="io.kaitai.struct.spec.TestPositionToEnd">
        <test-method status="PASS" signature="testPositionToEnd()[pri:0, instance:io.kaitai.struct.spec.TestPositionToEnd@dabb176]" name="testPositionToEnd" duration-ms="1" started-at="2025-09-07T17:02:17Z" finished-at="2025-09-07T17:02:17Z">
          <reporter-output>
          </reporter-output>
        </test-method> <!-- testPositionToEnd -->
      </class> <!-- io.kaitai.struct.spec.TestPositionToEnd -->
      <class name="io.kaitai.struct.spec.TestRepeatUntilComplex">
        <test-method status="PASS" signature="testRepeatUntilComplex()[pri:0, instance:io.kaitai.struct.spec.TestRepeatUntilComplex@3cfbc9c9]" name="testRepeatUntilComplex" duration-ms="1" started-at="2025-09-07T17:02:16Z" finished-at="2025-09-07T17:02:16Z">
          <reporter-output>
          </reporter-output>
        </test-method> <!-- testRepeatUntilComplex -->
      </class> <!-- io.kaitai.struct.spec.TestRepeatUntilComplex -->
      <class name="io.kaitai.struct.spec.TestEnum1">
        <test-method status="PASS" signature="testEnum1()[pri:0, instance:io.kaitai.struct.spec.TestEnum1@33a70fb5]" name="testEnum1" duration-ms="1" started-at="2025-09-07T17:02:16Z" finished-at="2025-09-07T17:02:16Z">
          <reporter-output>
          </reporter-output>
        </test-method> <!-- testEnum1 -->
      </class> <!-- io.kaitai.struct.spec.TestEnum1 -->
      <class name="io.kaitai.struct.spec.TestExprIoEof">
        <test-method status="PASS" signature="testExprIoEof()[pri:0, instance:io.kaitai.struct.spec.TestExprIoEof@2b0de40c]" name="testExprIoEof" duration-ms="1" started-at="2025-09-07T17:02:17Z" finished-at="2025-09-07T17:02:17Z">
          <reporter-output>
          </reporter-output>
        </test-method> <!-- testExprIoEof -->
      </class> <!-- io.kaitai.struct.spec.TestExprIoEof -->
      <class name="io.kaitai.struct.spec.TestEnum0">
        <test-method status="PASS" signature="testEnum0()[pri:0, instance:io.kaitai.struct.spec.TestEnum0@46b4ece3]" name="testEnum0" duration-ms="1" started-at="2025-09-07T17:02:16Z" finished-at="2025-09-07T17:02:16Z">
          <reporter-output>
          </reporter-output>
        </test-method> <!-- testEnum0 -->
      </class> <!-- io.kaitai.struct.spec.TestEnum0 -->
      <class name="io.kaitai.struct.spec.TestValidFailContentsInst">
        <test-method status="PASS" signature="testValidFailContentsInst()[pri:0, instance:io.kaitai.struct.spec.TestValidFailContentsInst@306bc02d]" name="testValidFailContentsInst" duration-ms="0" started-at="2025-09-07T17:02:16Z" finished-at="2025-09-07T17:02:16Z">
          <exception class="io.kaitai.struct.KaitaiStream$ValidationNotEqualError">
            <message>
              <![CDATA[/instances/foo: at pos 2: validation failed: not equal, expected [51 41], but got [50 41]]]>
            </message>
            <full-stacktrace>
              <![CDATA[io.kaitai.struct.KaitaiStream$ValidationNotEqualError: /instances/foo: at pos 2: validation failed: not equal, expected [51 41], but got [50 41]
	at io.kaitai.struct.testformats.ValidFailContentsInst.foo(ValidFailContentsInst.java:51)
	at io.kaitai.struct.testformats.ValidFailContentsInst._read(ValidFailContentsInst.java:31)
	at io.kaitai.struct.testformats.ValidFailContentsInst.<init>(ValidFailContentsInst.java:28)
	at io.kaitai.struct.testformats.ValidFailContentsInst.<init>(ValidFailContentsInst.java:17)
	at io.kaitai.struct.testformats.ValidFailContentsInst.fromFile(ValidFailContentsInst.java:13)
	at io.kaitai.struct.spec.TestValidFailContentsInst.testValidFailContentsInst(TestValidFailContentsInst.java:13)
	at sun.reflect.NativeMethodAccessorImpl.invoke0(Native Method)
	at sun.reflect.NativeMethodAccessorImpl.invoke(NativeMethodAccessorImpl.java:57)
	at sun.reflect.DelegatingMethodAccessorImpl.invoke(DelegatingMethodAccessorImpl.java:43)
	at java.lang.reflect.Method.invoke(Method.java:607)
	at org.testng.internal.MethodInvocationHelper.invokeMethod(MethodInvocationHelper.java:86)
	at org.testng.internal.Invoker.invokeMethod(Invoker.java:643)
	at org.testng.internal.Invoker.invokeTestMethod(Invoker.java:820)
	at org.testng.internal.Invoker.invokeTestMethods(Invoker.java:1128)
	at org.testng.internal.TestMethodWorker.invokeTestMethods(TestMethodWorker.java:129)
	at org.testng.internal.TestMethodWorker.run(TestMethodWorker.java:112)
	at org.testng.TestRunner.privateRun(TestRunner.java:782)
	at org.testng.TestRunner.run(TestRunner.java:632)
	at org.testng.SuiteRunner.runTest(SuiteRunner.java:366)
	at org.testng.SuiteRunner.runSequentially(SuiteRunner.java:361)
	at org.testng.SuiteRunner.privateRun(SuiteRunner.java:319)
	at org.testng.SuiteRunner.run(SuiteRunner.java:268)
	at org.testng.SuiteRunnerWorker.runSuite(SuiteRunnerWorker.java:52)
	at org.testng.SuiteRunnerWorker.run(SuiteRunnerWorker.java:86)
	at org.testng.TestNG.runSuitesSequentially(TestNG.java:1244)
	at org.testng.TestNG.runSuitesLocally(TestNG.java:1169)
	at org.testng.TestNG.run(TestNG.java:1064)
	at org.testng.TestNG.privateMain(TestNG.java:1385)
	at org.testng.TestNG.main(TestNG.java:1354)
]]>
            </full-stacktrace>
          </exception> <!-- io.kaitai.struct.KaitaiStream$ValidationNotEqualError -->
          <reporter-output>
          </reporter-output>
        </test-method> <!-- testValidFailContentsInst -->
      </class> <!-- io.kaitai.struct.spec.TestValidFailContentsInst -->
      <class name="io.kaitai.struct.spec.TestStrPadTermZeroSize">
        <test-method status="PASS" signature="testStrPadTermZeroSize()[pri:0, instance:io.kaitai.struct.spec.TestStrPadTermZeroSize@7bca4b51]" name="testStrPadTermZeroSize" duration-ms="1" started-at="2025-09-07T17:02:16Z" finished-at="2025-09-07T17:02:17Z">
          <reporter-output>
          </reporter-output>
        </test-method> <!-- testStrPadTermZeroSize -->
      </class> <!-- io.kaitai.struct.spec.TestStrPadTermZeroSize -->
      <class name="io.kaitai.struct.spec.TestSwitchManualEnumInvalidElse">
        <test-method status="PASS" signature="testSwitchManualEnumInvalidElse()[pri:0, instance:io.kaitai.struct.spec.TestSwitchManualEnumInvalidElse@6f45abe3]" name="testSwitchManualEnumInvalidElse" duration-ms="1" started-at="2025-09-07T17:02:16Z" finished-at="2025-09-07T17:02:16Z">
          <reporter-output>
          </reporter-output>
        </test-method> <!-- testSwitchManualEnumInvalidElse -->
      </class> <!-- io.kaitai.struct.spec.TestSwitchManualEnumInvalidElse -->
      <class name="io.kaitai.struct.spec.TestBitsSignedResB32Be">
        <test-method status="PASS" signature="testBitsSignedResB32Be()[pri:0, instance:io.kaitai.struct.spec.TestBitsSignedResB32Be@3e9da75b]" name="testBitsSignedResB32Be" duration-ms="1" started-at="2025-09-07T17:02:16Z" finished-at="2025-09-07T17:02:16Z">
          <reporter-output>
          </reporter-output>
        </test-method> <!-- testBitsSignedResB32Be -->
      </class> <!-- io.kaitai.struct.spec.TestBitsSignedResB32Be -->
      <class name="io.kaitai.struct.spec.TestRepeatNBytes">
        <test-method status="PASS" signature="testRepeatNBytes()[pri:0, instance:io.kaitai.struct.spec.TestRepeatNBytes@300eff0c]" name="testRepeatNBytes" duration-ms="0" started-at="2025-09-07T17:02:16Z" finished-at="2025-09-07T17:02:16Z">
          <reporter-output>
          </reporter-output>
        </test-method> <!-- testRepeatNBytes -->
      </class> <!-- io.kaitai.struct.spec.TestRepeatNBytes -->
      <class name="io.kaitai.struct.spec.TestTermStrz">
        <test-method status="PASS" signature="testTermStrz()[pri:0, instance:io.kaitai.struct.spec.TestTermStrz@26c33140]" name="testTermStrz" duration-ms="1" started-at="2025-09-07T17:02:16Z" finished-at="2025-09-07T17:02:16Z">
          <reporter-output>
          </reporter-output>
        </test-method> <!-- testTermStrz -->
      </class> <!-- io.kaitai.struct.spec.TestTermStrz -->
      <class name="io.kaitai.struct.spec.TestImportsCastToImported2">
        <test-method status="PASS" signature="testImportsCastToImported2()[pri:0, instance:io.kaitai.struct.spec.TestImportsCastToImported2@39ccc8a1]" name="testImportsCastToImported2" duration-ms="1" started-at="2025-09-07T17:02:16Z" finished-at="2025-09-07T17:02:16Z">
          <reporter-output>
          </reporter-output>
        </test-method> <!-- testImportsCastToImported2 -->
      </class> <!-- io.kaitai.struct.spec.TestImportsCastToImported2 -->
      <class name="io.kaitai.struct.spec.TestBitsUnalignedB64Le">
        <test-method status="PASS" signature="testBitsUnalignedB64Le()[pri:0, instance:io.kaitai.struct.spec.TestBitsUnalignedB64Le@ef2106b]" name="testBitsUnalignedB64Le" duration-ms="1" started-at="2025-09-07T17:02:16Z" finished-at="2025-09-07T17:02:16Z">
          <reporter-output>
          </reporter-output>
        </test-method> <!-- testBitsUnalignedB64Le -->
      </class> <!-- io.kaitai.struct.spec.TestBitsUnalignedB64Le -->
      <class name="io.kaitai.struct.spec.TestBitsShiftByB32Le">
        <test-method status="PASS" signature="testBitsShiftByB32Le()[pri:0, instance:io.kaitai.struct.spec.TestBitsShiftByB32Le@366953d]" name="testBitsShiftByB32Le" duration-ms="1" started-at="2025-09-07T17:02:16Z" finished-at="2025-09-07T17:02:16Z">
          <reporter-output>
          </reporter-output>
        </test-method> <!-- testBitsShiftByB32Le -->
      </class> <!-- io.kaitai.struct.spec.TestBitsShiftByB32Le -->
      <class name="io.kaitai.struct.spec.TestProcessXorConst">
        <test-method status="PASS" signature="testProcessXorConst()[pri:0, instance:io.kaitai.struct.spec.TestProcessXorConst@48a3abff]" name="testProcessXorConst" duration-ms="0" started-at="2025-09-07T17:02:16Z" finished-at="2025-09-07T17:02:16Z">
          <reporter-output>
          </reporter-output>
        </test-method> <!-- testProcessXorConst -->
      </class> <!-- io.kaitai.struct.spec.TestProcessXorConst -->
      <class name="io.kaitai.struct.spec.TestNavParentFalse2">
        <test-method status="PASS" signature="testNavParentFalse2()[pri:0, instance:io.kaitai.struct.spec.TestNavParentFalse2@1986141e]" name="testNavParentFalse2" duration-ms="0" started-at="2025-09-07T17:02:16Z" finished-at="2025-09-07T17:02:16Z">
          <reporter-output>
          </reporter-output>
        </test-method> <!-- testNavParentFalse2 -->
      </class> <!-- io.kaitai.struct.spec.TestNavParentFalse2 -->
      <class name="io.kaitai.struct.spec.TestBytesPadTermEqual">
        <test-method status="PASS" signature="testBytesPadTermEqual()[pri:0, instance:io.kaitai.struct.spec.TestBytesPadTermEqual@46799767]" name="testBytesPadTermEqual" duration-ms="0" started-at="2025-09-07T17:02:17Z" finished-at="2025-09-07T17:02:17Z">
          <reporter-output>
          </reporter-output>
        </test-method> <!-- testBytesPadTermEqual -->
      </class> <!-- io.kaitai.struct.spec.TestBytesPadTermEqual -->
      <class name="io.kaitai.struct.spec.TestTermStruct">
        <test-method status="PASS" signature="testTermStruct()[pri:0, instance:io.kaitai.struct.spec.TestTermStruct@128256c2]" name="testTermStruct" duration-ms="1" started-at="2025-09-07T17:02:17Z" finished-at="2025-09-07T17:02:17Z">
          <reporter-output>
          </reporter-output>
        </test-method> <!-- testTermStruct -->
      </class> <!-- io.kaitai.struct.spec.TestTermStruct -->
      <class name="io.kaitai.struct.spec.TestExprBytesOps">
        <test-method status="PASS" signature="testExprBytesOps()[pri:0, instance:io.kaitai.struct.spec.TestExprBytesOps@5fe7bd8d]" name="testExprBytesOps" duration-ms="1" started-at="2025-09-07T17:02:16Z" finished-at="2025-09-07T17:02:16Z">
          <reporter-output>
          </reporter-output>
        </test-method> <!-- testExprBytesOps -->
      </class> <!-- io.kaitai.struct.spec.TestExprBytesOps -->
      <class name="io.kaitai.struct.spec.TestDefaultBigEndian">
        <test-method status="PASS" signature="testDefaultBigEndian()[pri:0, instance:io.kaitai.struct.spec.TestDefaultBigEndian@3170679d]" name="testDefaultBigEndian" duration-ms="0" started-at="2025-09-07T17:02:16Z" finished-at="2025-09-07T17:02:16Z">
          <reporter-output>
          </reporter-output>
        </test-method> <!-- testDefaultBigEndian -->
      </class> <!-- io.kaitai.struct.spec.TestDefaultBigEndian -->
      <class name="io.kaitai.struct.spec.TestStrEncodingsEscapingToS">
        <test-method status="PASS" signature="testStrEncodingsEscapingToS()[pri:0, instance:io.kaitai.struct.spec.TestStrEncodingsEscapingToS@1d15a3af]" name="testStrEncodingsEscapingToS" duration-ms="1" started-at="2025-09-07T17:02:16Z" finished-at="2025-09-07T17:02:16Z">
          <reporter-output>
          </reporter-output>
        </test-method> <!-- testStrEncodingsEscapingToS -->
      </class> <!-- io.kaitai.struct.spec.TestStrEncodingsEscapingToS -->
      <class name="io.kaitai.struct.spec.TestParamsPassArrayUsertype">
        <test-method status="PASS" signature="testParamsPassArrayUsertype()[pri:0, instance:io.kaitai.struct.spec.TestParamsPassArrayUsertype@7eabdcdd]" name="testParamsPassArrayUsertype" duration-ms="1" started-at="2025-09-07T17:02:17Z" finished-at="2025-09-07T17:02:17Z">
          <reporter-output>
          </reporter-output>
        </test-method> <!-- testParamsPassArrayUsertype -->
      </class> <!-- io.kaitai.struct.spec.TestParamsPassArrayUsertype -->
      <class name="io.kaitai.struct.spec.TestImportsParamsDefUsertypeImported">
        <test-method status="PASS" signature="testImportsParamsDefUsertypeImported()[pri:0, instance:io.kaitai.struct.spec.TestImportsParamsDefUsertypeImported@6e124212]" name="testImportsParamsDefUsertypeImported" duration-ms="0" started-at="2025-09-07T17:02:16Z" finished-at="2025-09-07T17:02:16Z">
          <reporter-output>
          </reporter-output>
        </test-method> <!-- testImportsParamsDefUsertypeImported -->
      </class> <!-- io.kaitai.struct.spec.TestImportsParamsDefUsertypeImported -->
      <class name="io.kaitai.struct.spec.TestEnumToIClassBorder1">
        <test-method status="PASS" signature="testEnumToIClassBorder1()[pri:0, instance:io.kaitai.struct.spec.TestEnumToIClassBorder1@6743bc0f]" name="testEnumToIClassBorder1" duration-ms="0" started-at="2025-09-07T17:02:16Z" finished-at="2025-09-07T17:02:16Z">
          <reporter-output>
          </reporter-output>
        </test-method> <!-- testEnumToIClassBorder1 -->
      </class> <!-- io.kaitai.struct.spec.TestEnumToIClassBorder1 -->
      <class name="io.kaitai.struct.spec.TestValidSwitch">
        <test-method status="PASS" signature="testValidSwitch()[pri:0, instance:io.kaitai.struct.spec.TestValidSwitch@15c955b7]" name="testValidSwitch" duration-ms="0" started-at="2025-09-07T17:02:16Z" finished-at="2025-09-07T17:02:16Z">
          <reporter-output>
          </reporter-output>
        </test-method> <!-- testValidSwitch -->
      </class> <!-- io.kaitai.struct.spec.TestValidSwitch -->
      <class name="io.kaitai.struct.spec.TestDocstrings">
        <test-method status="PASS" signature="testDocstrings()[pri:0, instance:io.kaitai.struct.spec.TestDocstrings@338652ff]" name="testDocstrings" duration-ms="0" started-at="2025-09-07T17:02:16Z" finished-at="2025-09-07T17:02:16Z">
          <reporter-output>
          </reporter-output>
        </test-method> <!-- testDocstrings -->
      </class> <!-- io.kaitai.struct.spec.TestDocstrings -->
      <class name="io.kaitai.struct.spec.TestIntegersMinMax">
        <test-method status="PASS" signature="testIntegersMinMax()[pri:0, instance:io.kaitai.struct.spec.TestIntegersMinMax@6929beb3]" name="testIntegersMinMax" duration-ms="13" started-at="2025-09-07T17:02:16Z" finished-at="2025-09-07T17:02:16Z">
          <reporter-output>
          </reporter-output>
        </test-method> <!-- testIntegersMinMax -->
      </class> <!-- io.kaitai.struct.spec.TestIntegersMinMax -->
      <class name="io.kaitai.struct.spec.TestFixedStruct">
        <test-method status="PASS" signature="testFixedStruct()[pri:0, instance:io.kaitai.struct.spec.TestFixedStruct@3583a303]" name="testFixedStruct" duration-ms="1" started-at="2025-09-07T17:02:16Z" finished-at="2025-09-07T17:02:16Z">
          <reporter-output>
          </reporter-output>
        </test-method> <!-- testFixedStruct -->
      </class> <!-- io.kaitai.struct.spec.TestFixedStruct -->
      <class name="io.kaitai.struct.spec.TestExprIoTernary">
        <test-method status="PASS" signature="testExprIoTernary()[pri:0, instance:io.kaitai.struct.spec.TestExprIoTernary@7f0d08bc]" name="testExprIoTernary" duration-ms="0" started-at="2025-09-07T17:02:17Z" finished-at="2025-09-07T17:02:17Z">
          <reporter-output>
          </reporter-output>
        </test-method> <!-- testExprIoTernary -->
      </class> <!-- io.kaitai.struct.spec.TestExprIoTernary -->
      <class name="io.kaitai.struct.spec.TestValidOptionalId">
        <test-method status="PASS" signature="testValidOptionalId()[pri:0, instance:io.kaitai.struct.spec.TestValidOptionalId@10ef3b8b]" name="testValidOptionalId" duration-ms="0" started-at="2025-09-07T17:02:16Z" finished-at="2025-09-07T17:02:16Z">
          <reporter-output>
          </reporter-output>
        </test-method> <!-- testValidOptionalId -->
      </class> <!-- io.kaitai.struct.spec.TestValidOptionalId -->
      <class name="io.kaitai.struct.spec.TestFloatingPoints">
        <test-method status="PASS" signature="testFloatingPoints()[pri:0, instance:io.kaitai.struct.spec.TestFloatingPoints@4d8e5d82]" name="testFloatingPoints" duration-ms="0" started-at="2025-09-07T17:02:16Z" finished-at="2025-09-07T17:02:16Z">
          <reporter-output>
          </reporter-output>
        </test-method> <!-- testFloatingPoints -->
      </class> <!-- io.kaitai.struct.spec.TestFloatingPoints -->
      <class name="io.kaitai.struct.spec.TestParamsCall">
        <test-method status="PASS" signature="testParamsCall()[pri:0, instance:io.kaitai.struct.spec.TestParamsCall@2fdb6074]" name="testParamsCall" duration-ms="0" started-at="2025-09-07T17:02:17Z" finished-at="2025-09-07T17:02:17Z">
          <reporter-output>
          </reporter-output>
        </test-method> <!-- testParamsCall -->
      </class> <!-- io.kaitai.struct.spec.TestParamsCall -->
      <class name="io.kaitai.struct.spec.TestSwitchManualEnumInvalid">
        <test-method status="PASS" signature="testSwitchManualEnumInvalid()[pri:0, instance:io.kaitai.struct.spec.TestSwitchManualEnumInvalid@3acc0a7c]" name="testSwitchManualEnumInvalid" duration-ms="1" started-at="2025-09-07T17:02:16Z" finished-at="2025-09-07T17:02:16Z">
          <reporter-output>
          </reporter-output>
        </test-method> <!-- testSwitchManualEnumInvalid -->
      </class> <!-- io.kaitai.struct.spec.TestSwitchManualEnumInvalid -->
      <class name="io.kaitai.struct.spec.TestCastNested">
        <test-method status="PASS" signature="testCastNested()[pri:0, instance:io.kaitai.struct.spec.TestCastNested@39cb7ee5]" name="testCastNested" duration-ms="2" started-at="2025-09-07T17:02:17Z" finished-at="2025-09-07T17:02:17Z">
          <reporter-output>
          </reporter-output>
        </test-method> <!-- testCastNested -->
      </class> <!-- io.kaitai.struct.spec.TestCastNested -->
      <class name="io.kaitai.struct.spec.TestCombineBytes">
        <test-method status="PASS" signature="testCombineBytes()[pri:0, instance:io.kaitai.struct.spec.TestCombineBytes@4717fd27]" name="testCombineBytes" duration-ms="1" started-at="2025-09-07T17:02:16Z" finished-at="2025-09-07T17:02:16Z">
          <reporter-output>
          </reporter-output>
        </test-method> <!-- testCombineBytes -->
      </class> <!-- io.kaitai.struct.spec.TestCombineBytes -->
      <class name="io.kaitai.struct.spec.TestStrEncodingsUtf16">
        <test-method status="PASS" signature="testStrEncodingsUtf16()[pri:0, instance:io.kaitai.struct.spec.TestStrEncodingsUtf16@7f571924]" name="testStrEncodingsUtf16" duration-ms="1" started-at="2025-09-07T17:02:16Z" finished-at="2025-09-07T17:02:16Z">
          <reporter-output>
          </reporter-output>
        </test-method> <!-- testStrEncodingsUtf16 -->
      </class> <!-- io.kaitai.struct.spec.TestStrEncodingsUtf16 -->
      <class name="io.kaitai.struct.spec.TestEofExceptionBitsLe2">
        <test-method status="PASS" signature="testEofExceptionBitsLe2()[pri:0, instance:io.kaitai.struct.spec.TestEofExceptionBitsLe2@705369a]" name="testEofExceptionBitsLe2" duration-ms="1" started-at="2025-09-07T17:02:16Z" finished-at="2025-09-07T17:02:16Z">
          <reporter-output>
          </reporter-output>
        </test-method> <!-- testEofExceptionBitsLe2 -->
      </class> <!-- io.kaitai.struct.spec.TestEofExceptionBitsLe2 -->
      <class name="io.kaitai.struct.spec.TestBitsSimpleLe">
        <test-method status="PASS" signature="testBitsSimpleLe()[pri:0, instance:io.kaitai.struct.spec.TestBitsSimpleLe@37f12d4f]" name="testBitsSimpleLe" duration-ms="0" started-at="2025-09-07T17:02:16Z" finished-at="2025-09-07T17:02:16Z">
          <reporter-output>
          </reporter-output>
        </test-method> <!-- testBitsSimpleLe -->
      </class> <!-- io.kaitai.struct.spec.TestBitsSimpleLe -->
      <class name="io.kaitai.struct.spec.TestTermStrz4">
        <test-method status="PASS" signature="testTermStrz4()[pri:0, instance:io.kaitai.struct.spec.TestTermStrz4@55356db6]" name="testTermStrz4" duration-ms="1" started-at="2025-09-07T17:02:16Z" finished-at="2025-09-07T17:02:16Z">
          <reporter-output>
          </reporter-output>
        </test-method> <!-- testTermStrz4 -->
      </class> <!-- io.kaitai.struct.spec.TestTermStrz4 -->
      <class name="io.kaitai.struct.spec.TestRepeatNBytesPad">
        <test-method status="PASS" signature="testRepeatNBytesPad()[pri:0, instance:io.kaitai.struct.spec.TestRepeatNBytesPad@3589193f]" name="testRepeatNBytesPad" duration-ms="0" started-at="2025-09-07T17:02:16Z" finished-at="2025-09-07T17:02:16Z">
          <reporter-output>
          </reporter-output>
        </test-method> <!-- testRepeatNBytesPad -->
      </class> <!-- io.kaitai.struct.spec.TestRepeatNBytesPad -->
      <class name="io.kaitai.struct.spec.TestTermStrz3">
        <test-method status="PASS" signature="testTermStrz3()[pri:0, instance:io.kaitai.struct.spec.TestTermStrz3@73bddb4e]" name="testTermStrz3" duration-ms="0" started-at="2025-09-07T17:02:16Z" finished-at="2025-09-07T17:02:16Z">
          <reporter-output>
          </reporter-output>
        </test-method> <!-- testTermStrz3 -->
      </class> <!-- io.kaitai.struct.spec.TestTermStrz3 -->
      <class name="io.kaitai.struct.spec.TestValidFailRepeatExpr">
        <test-method status="PASS" signature="testValidFailRepeatExpr()[pri:0, instance:io.kaitai.struct.spec.TestValidFailRepeatExpr@4d0d645a]" name="testValidFailRepeatExpr" duration-ms="0" started-at="2025-09-07T17:02:16Z" finished-at="2025-09-07T17:02:16Z">
          <exception class="io.kaitai.struct.KaitaiStream$ValidationExprError">
            <message>
              <![CDATA[/seq/0: at pos 12: validation failed: not matching the expression, got [B@7931a5af]]>
            </message>
            <full-stacktrace>
              <![CDATA[io.kaitai.struct.KaitaiStream$ValidationExprError: /seq/0: at pos 12: validation failed: not matching the expression, got [B@7931a5af
	at io.kaitai.struct.testformats.ValidFailRepeatExpr._read(ValidFailRepeatExpr.java:41)
	at io.kaitai.struct.testformats.ValidFailRepeatExpr.<init>(ValidFailRepeatExpr.java:30)
	at io.kaitai.struct.testformats.ValidFailRepeatExpr.<init>(ValidFailRepeatExpr.java:19)
	at io.kaitai.struct.testformats.ValidFailRepeatExpr.fromFile(ValidFailRepeatExpr.java:15)
	at io.kaitai.struct.spec.TestValidFailRepeatExpr.testValidFailRepeatExpr(TestValidFailRepeatExpr.java:13)
	at sun.reflect.NativeMethodAccessorImpl.invoke0(Native Method)
	at sun.reflect.NativeMethodAccessorImpl.invoke(NativeMethodAccessorImpl.java:57)
	at sun.reflect.DelegatingMethodAccessorImpl.invoke(DelegatingMethodAccessorImpl.java:43)
	at java.lang.reflect.Method.invoke(Method.java:607)
	at org.testng.internal.MethodInvocationHelper.invokeMethod(MethodInvocationHelper.java:86)
	at org.testng.internal.Invoker.invokeMethod(Invoker.java:643)
	at org.testng.internal.Invoker.invokeTestMethod(Invoker.java:820)
	at org.testng.internal.Invoker.invokeTestMethods(Invoker.java:1128)
	at org.testng.internal.TestMethodWorker.invokeTestMethods(TestMethodWorker.java:129)
	at org.testng.internal.TestMethodWorker.run(TestMethodWorker.java:112)
	at org.testng.TestRunner.privateRun(TestRunner.java:782)
	at org.testng.TestRunner.run(TestRunner.java:632)
	at org.testng.SuiteRunner.runTest(SuiteRunner.java:366)
	at org.testng.SuiteRunner.runSequentially(SuiteRunner.java:361)
	at org.testng.SuiteRunner.privateRun(SuiteRunner.java:319)
	at org.testng.SuiteRunner.run(SuiteRunner.java:268)
	at org.testng.SuiteRunnerWorker.runSuite(SuiteRunnerWorker.java:52)
	at org.testng.SuiteRunnerWorker.run(SuiteRunnerWorker.java:86)
	at org.testng.TestNG.runSuitesSequentially(TestNG.java:1244)
	at org.testng.TestNG.runSuitesLocally(TestNG.java:1169)
	at org.testng.TestNG.run(TestNG.java:1064)
	at org.testng.TestNG.privateMain(TestNG.java:1385)
	at org.testng.TestNG.main(TestNG.java:1354)
]]>
            </full-stacktrace>
          </exception> <!-- io.kaitai.struct.KaitaiStream$ValidationExprError -->
          <reporter-output>
          </reporter-output>
        </test-method> <!-- testValidFailRepeatExpr -->
      </class> <!-- io.kaitai.struct.spec.TestValidFailRepeatExpr -->
      <class name="io.kaitai.struct.spec.TestTermStrz2">
        <test-method status="PASS" signature="testTermStrz2()[pri:0, instance:io.kaitai.struct.spec.TestTermStrz2@51b32cda]" name="testTermStrz2" duration-ms="0" started-at="2025-09-07T17:02:16Z" finished-at="2025-09-07T17:02:16Z">
          <reporter-output>
          </reporter-output>
        </test-method> <!-- testTermStrz2 -->
      </class> <!-- io.kaitai.struct.spec.TestTermStrz2 -->
      <class name="io.kaitai.struct.spec.TestIndexToParamEos">
        <test-method status="PASS" signature="testIndexToParamEos()[pri:0, instance:io.kaitai.struct.spec.TestIndexToParamEos@1c3736ac]" name="testIndexToParamEos" duration-ms="1" started-at="2025-09-07T17:02:16Z" finished-at="2025-09-07T17:02:16Z">
          <reporter-output>
          </reporter-output>
        </test-method> <!-- testIndexToParamEos -->
      </class> <!-- io.kaitai.struct.spec.TestIndexToParamEos -->
      <class name="io.kaitai.struct.spec.TestNonStandard">
        <test-method status="PASS" signature="testNonStandard()[pri:0, instance:io.kaitai.struct.spec.TestNonStandard@7d095197]" name="testNonStandard" duration-ms="0" started-at="2025-09-07T17:02:16Z" finished-at="2025-09-07T17:02:16Z">
          <reporter-output>
          </reporter-output>
        </test-method> <!-- testNonStandard -->
      </class> <!-- io.kaitai.struct.spec.TestNonStandard -->
      <class name="io.kaitai.struct.spec.TestStrEosPadTerm">
        <test-method status="PASS" signature="testStrEosPadTerm()[pri:0, instance:io.kaitai.struct.spec.TestStrEosPadTerm@2905b30f]" name="testStrEosPadTerm" duration-ms="1" started-at="2025-09-07T17:02:17Z" finished-at="2025-09-07T17:02:17Z">
          <reporter-output>
          </reporter-output>
        </test-method> <!-- testStrEosPadTerm -->
      </class> <!-- io.kaitai.struct.spec.TestStrEosPadTerm -->
      <class name="io.kaitai.struct.spec.TestBitsUnalignedB32Le">
        <test-method status="PASS" signature="testBitsUnalignedB32Le()[pri:0, instance:io.kaitai.struct.spec.TestBitsUnalignedB32Le@642bf5bf]" name="testBitsUnalignedB32Le" duration-ms="1" started-at="2025-09-07T17:02:16Z" finished-at="2025-09-07T17:02:16Z">
          <reporter-output>
          </reporter-output>
        </test-method> <!-- testBitsUnalignedB32Le -->
      </class> <!-- io.kaitai.struct.spec.TestBitsUnalignedB32Le -->
      <class name="io.kaitai.struct.spec.TestTypeTernary2ndFalsy">
        <test-method status="PASS" signature="testTypeTernary2ndFalsy()[pri:0, instance:io.kaitai.struct.spec.TestTypeTernary2ndFalsy@489456cd]" name="testTypeTernary2ndFalsy" duration-ms="1" started-at="2025-09-07T17:02:16Z" finished-at="2025-09-07T17:02:16Z">
          <reporter-output>
          </reporter-output>
        </test-method> <!-- testTypeTernary2ndFalsy -->
      </class> <!-- io.kaitai.struct.spec.TestTypeTernary2ndFalsy -->
      <class name="io.kaitai.struct.spec.TestStrEos">
        <test-method status="PASS" signature="testStrEos()[pri:0, instance:io.kaitai.struct.spec.TestStrEos@6c15f918]" name="testStrEos" duration-ms="17" started-at="2025-09-07T17:02:16Z" finished-at="2025-09-07T17:02:16Z">
          <reporter-output>
          </reporter-output>
        </test-method> <!-- testStrEos -->
      </class> <!-- io.kaitai.struct.spec.TestStrEos -->
      <class name="io.kaitai.struct.spec.TestPositionAbs">
        <test-method status="PASS" signature="testPositionAbs()[pri:0, instance:io.kaitai.struct.spec.TestPositionAbs@3d1cd90]" name="testPositionAbs" duration-ms="1" started-at="2025-09-07T17:02:16Z" finished-at="2025-09-07T17:02:16Z">
          <reporter-output>
          </reporter-output>
        </test-method> <!-- testPositionAbs -->
      </class> <!-- io.kaitai.struct.spec.TestPositionAbs -->
      <class name="io.kaitai.struct.spec.TestExprIoPosBits">
        <test-method status="PASS" signature="testExprIoPosBits()[pri:0, instance:io.kaitai.struct.spec.TestExprIoPosBits@7cf02bee]" name="testExprIoPosBits" duration-ms="0" started-at="2025-09-07T17:02:16Z" finished-at="2025-09-07T17:02:16Z">
          <reporter-output>
          </reporter-output>
        </test-method> <!-- testExprIoPosBits -->
      </class> <!-- io.kaitai.struct.spec.TestExprIoPosBits -->
      <class name="io.kaitai.struct.spec.TestRepeatEosBytesPadTerm">
        <test-method status="PASS" signature="testRepeatEosBytesPadTerm()[pri:0, instance:io.kaitai.struct.spec.TestRepeatEosBytesPadTerm@7188d649]" name="testRepeatEosBytesPadTerm" duration-ms="0" started-at="2025-09-07T17:02:16Z" finished-at="2025-09-07T17:02:16Z">
          <reporter-output>
          </reporter-output>
        </test-method> <!-- testRepeatEosBytesPadTerm -->
      </class> <!-- io.kaitai.struct.spec.TestRepeatEosBytesPadTerm -->
      <class name="io.kaitai.struct.spec.TestDebug0">
        <test-method status="PASS" signature="testDebug0()[pri:0, instance:io.kaitai.struct.spec.TestDebug0@591fb2ba]" name="testDebug0" duration-ms="0" started-at="2025-09-07T17:02:16Z" finished-at="2025-09-07T17:02:16Z">
          <reporter-output>
          </reporter-output>
        </test-method> <!-- testDebug0 -->
      </class> <!-- io.kaitai.struct.spec.TestDebug0 -->
      <class name="io.kaitai.struct.spec.TestStrPadTerm">
        <test-method status="PASS" signature="testStrPadTerm()[pri:0, instance:io.kaitai.struct.spec.TestStrPadTerm@cd7e6ef]" name="testStrPadTerm" duration-ms="0" started-at="2025-09-07T17:02:17Z" finished-at="2025-09-07T17:02:17Z">
          <reporter-output>
          </reporter-output>
        </test-method> <!-- testStrPadTerm -->
      </class> <!-- io.kaitai.struct.spec.TestStrPadTerm -->
      <class name="io.kaitai.struct.spec.TestTermU1Val">
        <test-method status="PASS" signature="testTermU1Val()[pri:0, instance:io.kaitai.struct.spec.TestTermU1Val@79d0569b]" name="testTermU1Val" duration-ms="1" started-at="2025-09-07T17:02:16Z" finished-at="2025-09-07T17:02:16Z">
          <reporter-output>
          </reporter-output>
        </test-method> <!-- testTermU1Val -->
      </class> <!-- io.kaitai.struct.spec.TestTermU1Val -->
      <class name="io.kaitai.struct.spec.TestProcessBytesPadTerm">
        <test-method status="PASS" signature="testProcessBytesPadTerm()[pri:0, instance:io.kaitai.struct.spec.TestProcessBytesPadTerm@3a71ad88]" name="testProcessBytesPadTerm" duration-ms="1" started-at="2025-09-07T17:02:16Z" finished-at="2025-09-07T17:02:16Z">
          <reporter-output>
          </reporter-output>
        </test-method> <!-- testProcessBytesPadTerm -->
      </class> <!-- io.kaitai.struct.spec.TestProcessBytesPadTerm -->
      <class name="io.kaitai.struct.spec.TestStrLiteralsLatin1">
        <test-method status="PASS" signature="testStrLiteralsLatin1()[pri:0, instance:io.kaitai.struct.spec.TestStrLiteralsLatin1@4832eebb]" name="testStrLiteralsLatin1" duration-ms="1" started-at="2025-09-07T17:02:16Z" finished-at="2025-09-07T17:02:16Z">
          <reporter-output>
          </reporter-output>
        </test-method> <!-- testStrLiteralsLatin1 -->
      </class> <!-- io.kaitai.struct.spec.TestStrLiteralsLatin1 -->
      <class name="io.kaitai.struct.spec.TestBitsSignedShiftB32Le">
        <test-method status="PASS" signature="testBitsSignedShiftB32Le()[pri:0, instance:io.kaitai.struct.spec.TestBitsSignedShiftB32Le@4bfa385a]" name="testBitsSignedShiftB32Le" duration-ms="0" started-at="2025-09-07T17:02:16Z" finished-at="2025-09-07T17:02:16Z">
          <reporter-output>
          </reporter-output>
        </test-method> <!-- testBitsSignedShiftB32Le -->
      </class> <!-- io.kaitai.struct.spec.TestBitsSignedShiftB32Le -->
      <class name="io.kaitai.struct.spec.TestValidFailEqStr">
        <test-method status="PASS" signature="testValidFailEqStr()[pri:0, instance:io.kaitai.struct.spec.TestValidFailEqStr@1d20cb10]" name="testValidFailEqStr" duration-ms="0" started-at="2025-09-07T17:02:16Z" finished-at="2025-09-07T17:02:16Z">
          <exception class="io.kaitai.struct.KaitaiStream$ValidationNotEqualError">
            <message>
              <![CDATA[/seq/0: at pos 4: validation failed: not equal, expected BACK, but got PACK]]>
            </message>
            <full-stacktrace>
              <![CDATA[io.kaitai.struct.KaitaiStream$ValidationNotEqualError: /seq/0: at pos 4: validation failed: not equal, expected BACK, but got PACK
	at io.kaitai.struct.testformats.ValidFailEqStr._read(ValidFailEqStr.java:33)
	at io.kaitai.struct.testformats.ValidFailEqStr.<init>(ValidFailEqStr.java:28)
	at io.kaitai.struct.testformats.ValidFailEqStr.<init>(ValidFailEqStr.java:17)
	at io.kaitai.struct.testformats.ValidFailEqStr.fromFile(ValidFailEqStr.java:13)
	at io.kaitai.struct.spec.TestValidFailEqStr.testValidFailEqStr(TestValidFailEqStr.java:12)
	at sun.reflect.NativeMethodAccessorImpl.invoke0(Native Method)
	at sun.reflect.NativeMethodAccessorImpl.invoke(NativeMethodAccessorImpl.java:57)
	at sun.reflect.DelegatingMethodAccessorImpl.invoke(DelegatingMethodAccessorImpl.java:43)
	at java.lang.reflect.Method.invoke(Method.java:607)
	at org.testng.internal.MethodInvocationHelper.invokeMethod(MethodInvocationHelper.java:86)
	at org.testng.internal.Invoker.invokeMethod(Invoker.java:643)
	at org.testng.internal.Invoker.invokeTestMethod(Invoker.java:820)
	at org.testng.internal.Invoker.invokeTestMethods(Invoker.java:1128)
	at org.testng.internal.TestMethodWorker.invokeTestMethods(TestMethodWorker.java:129)
	at org.testng.internal.TestMethodWorker.run(TestMethodWorker.java:112)
	at org.testng.TestRunner.privateRun(TestRunner.java:782)
	at org.testng.TestRunner.run(TestRunner.java:632)
	at org.testng.SuiteRunner.runTest(SuiteRunner.java:366)
	at org.testng.SuiteRunner.runSequentially(SuiteRunner.java:361)
	at org.testng.SuiteRunner.privateRun(SuiteRunner.java:319)
	at org.testng.SuiteRunner.run(SuiteRunner.java:268)
	at org.testng.SuiteRunnerWorker.runSuite(SuiteRunnerWorker.java:52)
	at org.testng.SuiteRunnerWorker.run(SuiteRunnerWorker.java:86)
	at org.testng.TestNG.runSuitesSequentially(TestNG.java:1244)
	at org.testng.TestNG.runSuitesLocally(TestNG.java:1169)
	at org.testng.TestNG.run(TestNG.java:1064)
	at org.testng.TestNG.privateMain(TestNG.java:1385)
	at org.testng.TestNG.main(TestNG.java:1354)
]]>
            </full-stacktrace>
          </exception> <!-- io.kaitai.struct.KaitaiStream$ValidationNotEqualError -->
          <reporter-output>
          </reporter-output>
        </test-method> <!-- testValidFailEqStr -->
      </class> <!-- io.kaitai.struct.spec.TestValidFailEqStr -->
      <class name="io.kaitai.struct.spec.TestEnumImportLiterals">
        <test-method status="PASS" signature="testEnumImportLiterals()[pri:0, instance:io.kaitai.struct.spec.TestEnumImportLiterals@32b7e05f]" name="testEnumImportLiterals" duration-ms="0" started-at="2025-09-07T17:02:16Z" finished-at="2025-09-07T17:02:16Z">
          <reporter-output>
          </reporter-output>
        </test-method> <!-- testEnumImportLiterals -->
      </class> <!-- io.kaitai.struct.spec.TestEnumImportLiterals -->
      <class name="io.kaitai.struct.spec.TestIntegers">
        <test-method status="PASS" signature="testIntegers()[pri:0, instance:io.kaitai.struct.spec.TestIntegers@4de8ce62]" name="testIntegers" duration-ms="1" started-at="2025-09-07T17:02:16Z" finished-at="2025-09-07T17:02:16Z">
          <reporter-output>
          </reporter-output>
        </test-method> <!-- testIntegers -->
      </class> <!-- io.kaitai.struct.spec.TestIntegers -->
      <class name="io.kaitai.struct.spec.TestFloatToI">
        <test-method status="PASS" signature="testFloatToI()[pri:0, instance:io.kaitai.struct.spec.TestFloatToI@239ea44c]" name="testFloatToI" duration-ms="1" started-at="2025-09-07T17:02:16Z" finished-at="2025-09-07T17:02:16Z">
          <reporter-output>
          </reporter-output>
        </test-method> <!-- testFloatToI -->
      </class> <!-- io.kaitai.struct.spec.TestFloatToI -->
      <class name="io.kaitai.struct.spec.TestProcessRepeatBytes">
        <test-method status="PASS" signature="testProcessRepeatBytes()[pri:0, instance:io.kaitai.struct.spec.TestProcessRepeatBytes@77f5c2c7]" name="testProcessRepeatBytes" duration-ms="0" started-at="2025-09-07T17:02:16Z" finished-at="2025-09-07T17:02:16Z">
          <reporter-output>
          </reporter-output>
        </test-method> <!-- testProcessRepeatBytes -->
      </class> <!-- io.kaitai.struct.spec.TestProcessRepeatBytes -->
      <class name="io.kaitai.struct.spec.TestRecursiveOne">
        <test-method status="PASS" signature="testRecursiveOne()[pri:0, instance:io.kaitai.struct.spec.TestRecursiveOne@10e8e1af]" name="testRecursiveOne" duration-ms="1" started-at="2025-09-07T17:02:16Z" finished-at="2025-09-07T17:02:16Z">
          <reporter-output>
          </reporter-output>
        </test-method> <!-- testRecursiveOne -->
      </class> <!-- io.kaitai.struct.spec.TestRecursiveOne -->
      <class name="io.kaitai.struct.spec.TestEnumToI">
        <test-method status="PASS" signature="testEnumToI()[pri:0, instance:io.kaitai.struct.spec.TestEnumToI@3d78cd7b]" name="testEnumToI" duration-ms="0" started-at="2025-09-07T17:02:16Z" finished-at="2025-09-07T17:02:16Z">
[...]
	at org.testng.SuiteRunner.run(SuiteRunner.java:268)
	at org.testng.SuiteRunnerWorker.runSuite(SuiteRunnerWorker.java:52)
	at org.testng.SuiteRunnerWorker.run(SuiteRunnerWorker.java:86)
	at org.testng.TestNG.runSuitesSequentially(TestNG.java:1244)
	at org.testng.TestNG.runSuitesLocally(TestNG.java:1169)
	at org.testng.TestNG.run(TestNG.java:1064)
	at org.testng.TestNG.privateMain(TestNG.java:1385)
	at org.testng.TestNG.main(TestNG.java:1354)
]]>
            </full-stacktrace>
          </exception> <!-- java.lang.IllegalArgumentException -->
          <reporter-output>
          </reporter-output>
        </test-method> <!-- testEofExceptionSized -->
      </class> <!-- io.kaitai.struct.spec.TestEofExceptionSized -->
      <class name="io.kaitai.struct.spec.TestRepeatUntilTermBytes">
        <test-method status="PASS" signature="testRepeatUntilTermBytes()[pri:0, instance:io.kaitai.struct.spec.TestRepeatUntilTermBytes@37c4b9a5]" name="testRepeatUntilTermBytes" duration-ms="0" started-at="2025-09-07T17:02:16Z" finished-at="2025-09-07T17:02:16Z">
          <reporter-output>
          </reporter-output>
        </test-method> <!-- testRepeatUntilTermBytes -->
      </class> <!-- io.kaitai.struct.spec.TestRepeatUntilTermBytes -->
      <class name="io.kaitai.struct.spec.TestImportsCircularA">
        <test-method status="PASS" signature="testImportsCircularA()[pri:0, instance:io.kaitai.struct.spec.TestImportsCircularA@48a5d54e]" name="testImportsCircularA" duration-ms="0" started-at="2025-09-07T17:02:16Z" finished-at="2025-09-07T17:02:16Z">
          <reporter-output>
          </reporter-output>
        </test-method> <!-- testImportsCircularA -->
      </class> <!-- io.kaitai.struct.spec.TestImportsCircularA -->
      <class name="io.kaitai.struct.spec.TestDocstringsDocref">
        <test-method status="PASS" signature="testDocstringsDocref()[pri:0, instance:io.kaitai.struct.spec.TestDocstringsDocref@515441f]" name="testDocstringsDocref" duration-ms="1" started-at="2025-09-07T17:02:16Z" finished-at="2025-09-07T17:02:16Z">
          <reporter-output>
          </reporter-output>
        </test-method> <!-- testDocstringsDocref -->
      </class> <!-- io.kaitai.struct.spec.TestDocstringsDocref -->
      <class name="io.kaitai.struct.spec.TestExprArray">
        <test-method status="PASS" signature="testExprArray()[pri:0, instance:io.kaitai.struct.spec.TestExprArray@45fa65c4]" name="testExprArray" duration-ms="1" started-at="2025-09-07T17:02:16Z" finished-at="2025-09-07T17:02:16Z">
          <reporter-output>
          </reporter-output>
        </test-method> <!-- testExprArray -->
      </class> <!-- io.kaitai.struct.spec.TestExprArray -->
      <class name="io.kaitai.struct.spec.TestTypeIntUnaryOp">
        <test-method status="PASS" signature="testTypeIntUnaryOp()[pri:0, instance:io.kaitai.struct.spec.TestTypeIntUnaryOp@660d209b]" name="testTypeIntUnaryOp" duration-ms="0" started-at="2025-09-07T17:02:16Z" finished-at="2025-09-07T17:02:16Z">
          <reporter-output>
          </reporter-output>
        </test-method> <!-- testTypeIntUnaryOp -->
      </class> <!-- io.kaitai.struct.spec.TestTypeIntUnaryOp -->
      <class name="io.kaitai.struct.spec.TestNestedSameName">
        <test-method status="PASS" signature="testNestedSameName()[pri:0, instance:io.kaitai.struct.spec.TestNestedSameName@7609e871]" name="testNestedSameName" duration-ms="1" started-at="2025-09-07T17:02:16Z" finished-at="2025-09-07T17:02:16Z">
          <reporter-output>
          </reporter-output>
        </test-method> <!-- testNestedSameName -->
      </class> <!-- io.kaitai.struct.spec.TestNestedSameName -->
      <class name="io.kaitai.struct.spec.TestOpaqueWithParam">
        <test-method status="PASS" signature="testOpaqueWithParam()[pri:0, instance:io.kaitai.struct.spec.TestOpaqueWithParam@66f16e8e]" name="testOpaqueWithParam" duration-ms="1" started-at="2025-09-07T17:02:16Z" finished-at="2025-09-07T17:02:16Z">
          <reporter-output>
          </reporter-output>
        </test-method> <!-- testOpaqueWithParam -->
      </class> <!-- io.kaitai.struct.spec.TestOpaqueWithParam -->
      <class name="io.kaitai.struct.spec.TestExprIfIntOps">
        <test-method status="PASS" signature="testExprIfIntOps()[pri:0, instance:io.kaitai.struct.spec.TestExprIfIntOps@4348bd9]" name="testExprIfIntOps" duration-ms="1" started-at="2025-09-07T17:02:16Z" finished-at="2025-09-07T17:02:16Z">
          <reporter-output>
          </reporter-output>
        </test-method> <!-- testExprIfIntOps -->
      </class> <!-- io.kaitai.struct.spec.TestExprIfIntOps -->
      <class name="io.kaitai.struct.spec.TestTermStrzUtf16V4">
        <test-method status="PASS" signature="testTermStrzUtf16V4()[pri:0, instance:io.kaitai.struct.spec.TestTermStrzUtf16V4@3b4d8840]" name="testTermStrzUtf16V4" duration-ms="1" started-at="2025-09-07T17:02:16Z" finished-at="2025-09-07T17:02:16Z">
          <reporter-output>
          </reporter-output>
        </test-method> <!-- testTermStrzUtf16V4 -->
      </class> <!-- io.kaitai.struct.spec.TestTermStrzUtf16V4 -->
      <class name="io.kaitai.struct.spec.TestIndexToParamExpr">
        <test-method status="PASS" signature="testIndexToParamExpr()[pri:0, instance:io.kaitai.struct.spec.TestIndexToParamExpr@cde55ec]" name="testIndexToParamExpr" duration-ms="1" started-at="2025-09-07T17:02:17Z" finished-at="2025-09-07T17:02:17Z">
          <reporter-output>
          </reporter-output>
        </test-method> <!-- testIndexToParamExpr -->
      </class> <!-- io.kaitai.struct.spec.TestIndexToParamExpr -->
      <class name="io.kaitai.struct.spec.TestIfStruct">
        <test-method status="PASS" signature="testIfStruct()[pri:0, instance:io.kaitai.struct.spec.TestIfStruct@4ce10d40]" name="testIfStruct" duration-ms="1" started-at="2025-09-07T17:02:17Z" finished-at="2025-09-07T17:02:17Z">
          <reporter-output>
          </reporter-output>
        </test-method> <!-- testIfStruct -->
      </class> <!-- io.kaitai.struct.spec.TestIfStruct -->
      <class name="io.kaitai.struct.spec.TestEofExceptionBitsBe2">
        <test-method status="PASS" signature="testEofExceptionBitsBe2()[pri:0, instance:io.kaitai.struct.spec.TestEofExceptionBitsBe2@47b8f42]" name="testEofExceptionBitsBe2" duration-ms="1" started-at="2025-09-07T17:02:16Z" finished-at="2025-09-07T17:02:16Z">
          <reporter-output>
          </reporter-output>
        </test-method> <!-- testEofExceptionBitsBe2 -->
      </class> <!-- io.kaitai.struct.spec.TestEofExceptionBitsBe2 -->
      <class name="io.kaitai.struct.spec.TestImportsCastToImported">
        <test-method status="PASS" signature="testImportsCastToImported()[pri:0, instance:io.kaitai.struct.spec.TestImportsCastToImported@6ecbd0a2]" name="testImportsCastToImported" duration-ms="1" started-at="2025-09-07T17:02:16Z" finished-at="2025-09-07T17:02:16Z">
          <reporter-output>
          </reporter-output>
        </test-method> <!-- testImportsCastToImported -->
      </class> <!-- io.kaitai.struct.spec.TestImportsCastToImported -->
      <class name="io.kaitai.struct.spec.TestTermStrzUtf16V1">
        <test-method status="PASS" signature="testTermStrzUtf16V1()[pri:0, instance:io.kaitai.struct.spec.TestTermStrzUtf16V1@6eec8b11]" name="testTermStrzUtf16V1" duration-ms="0" started-at="2025-09-07T17:02:16Z" finished-at="2025-09-07T17:02:16Z">
          <reporter-output>
          </reporter-output>
        </test-method> <!-- testTermStrzUtf16V1 -->
      </class> <!-- io.kaitai.struct.spec.TestTermStrzUtf16V1 -->
      <class name="io.kaitai.struct.spec.TestValidFailRangeInt">
        <test-method status="PASS" signature="testValidFailRangeInt()[pri:0, instance:io.kaitai.struct.spec.TestValidFailRangeInt@311d5216]" name="testValidFailRangeInt" duration-ms="0" started-at="2025-09-07T17:02:16Z" finished-at="2025-09-07T17:02:16Z">
          <exception class="io.kaitai.struct.KaitaiStream$ValidationGreaterThanError">
            <message>
              <![CDATA[/seq/0: at pos 1: validation failed: not in range, max 10, but got 80]]>
            </message>
            <full-stacktrace>
              <![CDATA[io.kaitai.struct.KaitaiStream$ValidationGreaterThanError: /seq/0: at pos 1: validation failed: not in range, max 10, but got 80
	at io.kaitai.struct.testformats.ValidFailRangeInt._read(ValidFailRangeInt.java:35)
	at io.kaitai.struct.testformats.ValidFailRangeInt.<init>(ValidFailRangeInt.java:27)
	at io.kaitai.struct.testformats.ValidFailRangeInt.<init>(ValidFailRangeInt.java:16)
	at io.kaitai.struct.testformats.ValidFailRangeInt.fromFile(ValidFailRangeInt.java:12)
	at io.kaitai.struct.spec.TestValidFailRangeInt.testValidFailRangeInt(TestValidFailRangeInt.java:12)
	at sun.reflect.NativeMethodAccessorImpl.invoke0(Native Method)
	at sun.reflect.NativeMethodAccessorImpl.invoke(NativeMethodAccessorImpl.java:57)
	at sun.reflect.DelegatingMethodAccessorImpl.invoke(DelegatingMethodAccessorImpl.java:43)
	at java.lang.reflect.Method.invoke(Method.java:607)
	at org.testng.internal.MethodInvocationHelper.invokeMethod(MethodInvocationHelper.java:86)
	at org.testng.internal.Invoker.invokeMethod(Invoker.java:643)
	at org.testng.internal.Invoker.invokeTestMethod(Invoker.java:820)
	at org.testng.internal.Invoker.invokeTestMethods(Invoker.java:1128)
	at org.testng.internal.TestMethodWorker.invokeTestMethods(TestMethodWorker.java:129)
	at org.testng.internal.TestMethodWorker.run(TestMethodWorker.java:112)
	at org.testng.TestRunner.privateRun(TestRunner.java:782)
	at org.testng.TestRunner.run(TestRunner.java:632)
	at org.testng.SuiteRunner.runTest(SuiteRunner.java:366)
	at org.testng.SuiteRunner.runSequentially(SuiteRunner.java:361)
	at org.testng.SuiteRunner.privateRun(SuiteRunner.java:319)
	at org.testng.SuiteRunner.run(SuiteRunner.java:268)
	at org.testng.SuiteRunnerWorker.runSuite(SuiteRunnerWorker.java:52)
	at org.testng.SuiteRunnerWorker.run(SuiteRunnerWorker.java:86)
	at org.testng.TestNG.runSuitesSequentially(TestNG.java:1244)
	at org.testng.TestNG.runSuitesLocally(TestNG.java:1169)
	at org.testng.TestNG.run(TestNG.java:1064)
	at org.testng.TestNG.privateMain(TestNG.java:1385)
	at org.testng.TestNG.main(TestNG.java:1354)
]]>
            </full-stacktrace>
          </exception> <!-- io.kaitai.struct.KaitaiStream$ValidationGreaterThanError -->
          <reporter-output>
          </reporter-output>
        </test-method> <!-- testValidFailRangeInt -->
      </class> <!-- io.kaitai.struct.spec.TestValidFailRangeInt -->
      <class name="io.kaitai.struct.spec.TestParamsPassArrayStr">
        <test-method status="PASS" signature="testParamsPassArrayStr()[pri:0, instance:io.kaitai.struct.spec.TestParamsPassArrayStr@76d4a117]" name="testParamsPassArrayStr" duration-ms="1" started-at="2025-09-07T17:02:16Z" finished-at="2025-09-07T17:02:16Z">
          <reporter-output>
          </reporter-output>
        </test-method> <!-- testParamsPassArrayStr -->
      </class> <!-- io.kaitai.struct.spec.TestParamsPassArrayStr -->
      <class name="io.kaitai.struct.spec.TestTermStrzUtf16V2">
        <test-method status="PASS" signature="testTermStrzUtf16V2()[pri:0, instance:io.kaitai.struct.spec.TestTermStrzUtf16V2@2a37783b]" name="testTermStrzUtf16V2" duration-ms="1" started-at="2025-09-07T17:02:16Z" finished-at="2025-09-07T17:02:16Z">
          <reporter-output>
          </reporter-output>
        </test-method> <!-- testTermStrzUtf16V2 -->
      </class> <!-- io.kaitai.struct.spec.TestTermStrzUtf16V2 -->
      <class name="io.kaitai.struct.spec.TestTermStrzUtf16V3">
        <test-method status="PASS" signature="testTermStrzUtf16V3()[pri:0, instance:io.kaitai.struct.spec.TestTermStrzUtf16V3@68dfb213]" name="testTermStrzUtf16V3" duration-ms="0" started-at="2025-09-07T17:02:16Z" finished-at="2025-09-07T17:02:16Z">
          <reporter-output>
          </reporter-output>
        </test-method> <!-- testTermStrzUtf16V3 -->
      </class> <!-- io.kaitai.struct.spec.TestTermStrzUtf16V3 -->
      <class name="io.kaitai.struct.spec.TestPositionInSeq">
        <test-method status="PASS" signature="testPositionInSeq()[pri:0, instance:io.kaitai.struct.spec.TestPositionInSeq@19c29f4]" name="testPositionInSeq" duration-ms="0" started-at="2025-09-07T17:02:16Z" finished-at="2025-09-07T17:02:16Z">
          <reporter-output>
          </reporter-output>
        </test-method> <!-- testPositionInSeq -->
      </class> <!-- io.kaitai.struct.spec.TestPositionInSeq -->
      <class name="io.kaitai.struct.spec.TestRepeatEosTermStruct">
        <test-method status="PASS" signature="testRepeatEosTermStruct()[pri:0, instance:io.kaitai.struct.spec.TestRepeatEosTermStruct@102c4f59]" name="testRepeatEosTermStruct" duration-ms="1" started-at="2025-09-07T17:02:16Z" finished-at="2025-09-07T17:02:16Z">
          <reporter-output>
          </reporter-output>
        </test-method> <!-- testRepeatEosTermStruct -->
      </class> <!-- io.kaitai.struct.spec.TestRepeatEosTermStruct -->
      <class name="io.kaitai.struct.spec.TestExprFstring0">
        <test-method status="PASS" signature="testExprFstring0()[pri:0, instance:io.kaitai.struct.spec.TestExprFstring0@45431f89]" name="testExprFstring0" duration-ms="1" started-at="2025-09-07T17:02:17Z" finished-at="2025-09-07T17:02:17Z">
          <reporter-output>
          </reporter-output>
        </test-method> <!-- testExprFstring0 -->
      </class> <!-- io.kaitai.struct.spec.TestExprFstring0 -->
      <class name="io.kaitai.struct.spec.TestRepeatNStrz">
        <test-method status="PASS" signature="testRepeatNStrz()[pri:0, instance:io.kaitai.struct.spec.TestRepeatNStrz@6346c21b]" name="testRepeatNStrz" duration-ms="1" started-at="2025-09-07T17:02:16Z" finished-at="2025-09-07T17:02:16Z">
          <reporter-output>
          </reporter-output>
        </test-method> <!-- testRepeatNStrz -->
      </class> <!-- io.kaitai.struct.spec.TestRepeatNStrz -->
      <class name="io.kaitai.struct.spec.TestBitsUnalignedB32Be">
        <test-method status="PASS" signature="testBitsUnalignedB32Be()[pri:0, instance:io.kaitai.struct.spec.TestBitsUnalignedB32Be@4aa28dc6]" name="testBitsUnalignedB32Be" duration-ms="0" started-at="2025-09-07T17:02:16Z" finished-at="2025-09-07T17:02:16Z">
          <reporter-output>
          </reporter-output>
        </test-method> <!-- testBitsUnalignedB32Be -->
      </class> <!-- io.kaitai.struct.spec.TestBitsUnalignedB32Be -->
      <class name="io.kaitai.struct.spec.TestNestedTypesImport">
        <test-method status="PASS" signature="testNestedTypesImport()[pri:0, instance:io.kaitai.struct.spec.TestNestedTypesImport@3b955dd5]" name="testNestedTypesImport" duration-ms="1" started-at="2025-09-07T17:02:16Z" finished-at="2025-09-07T17:02:16Z">
          <reporter-output>
          </reporter-output>
        </test-method> <!-- testNestedTypesImport -->
      </class> <!-- io.kaitai.struct.spec.TestNestedTypesImport -->
      <class name="io.kaitai.struct.spec.TestNavParentFalse">
        <test-method status="PASS" signature="testNavParentFalse()[pri:0, instance:io.kaitai.struct.spec.TestNavParentFalse@583a2d43]" name="testNavParentFalse" duration-ms="1" started-at="2025-09-07T17:02:16Z" finished-at="2025-09-07T17:02:16Z">
          <reporter-output>
          </reporter-output>
        </test-method> <!-- testNavParentFalse -->
      </class> <!-- io.kaitai.struct.spec.TestNavParentFalse -->
      <class name="io.kaitai.struct.spec.TestImports0">
        <test-method status="PASS" signature="testImports0()[pri:0, instance:io.kaitai.struct.spec.TestImports0@c25c3c6]" name="testImports0" duration-ms="0" started-at="2025-09-07T17:02:16Z" finished-at="2025-09-07T17:02:16Z">
          <reporter-output>
          </reporter-output>
        </test-method> <!-- testImports0 -->
      </class> <!-- io.kaitai.struct.spec.TestImports0 -->
      <class name="io.kaitai.struct.spec.TestSwitchIntegers2">
        <test-method status="PASS" signature="testSwitchIntegers2()[pri:0, instance:io.kaitai.struct.spec.TestSwitchIntegers2@2f33cbcc]" name="testSwitchIntegers2" duration-ms="0" started-at="2025-09-07T17:02:16Z" finished-at="2025-09-07T17:02:16Z">
          <reporter-output>
          </reporter-output>
        </test-method> <!-- testSwitchIntegers2 -->
      </class> <!-- io.kaitai.struct.spec.TestSwitchIntegers2 -->
      <class name="io.kaitai.struct.spec.TestTypeTernaryOpaque">
        <test-method status="PASS" signature="testTypeTernaryOpaque()[pri:0, instance:io.kaitai.struct.spec.TestTypeTernaryOpaque@327a5b7f]" name="testTypeTernaryOpaque" duration-ms="1" started-at="2025-09-07T17:02:17Z" finished-at="2025-09-07T17:02:17Z">
          <reporter-output>
          </reporter-output>
        </test-method> <!-- testTypeTernaryOpaque -->
      </class> <!-- io.kaitai.struct.spec.TestTypeTernaryOpaque -->
      <class name="io.kaitai.struct.spec.TestValidFailRepeatMaxInt">
        <test-method status="PASS" signature="testValidFailRepeatMaxInt()[pri:0, instance:io.kaitai.struct.spec.TestValidFailRepeatMaxInt@6e2404a0]" name="testValidFailRepeatMaxInt" duration-ms="0" started-at="2025-09-07T17:02:17Z" finished-at="2025-09-07T17:02:17Z">
          <exception class="io.kaitai.struct.KaitaiStream$ValidationGreaterThanError">
            <message>
              <![CDATA[/seq/0: at pos 3: validation failed: not in range, max 254, but got 255]]>
            </message>
            <full-stacktrace>
              <![CDATA[io.kaitai.struct.KaitaiStream$ValidationGreaterThanError: /seq/0: at pos 3: validation failed: not in range, max 254, but got 255
	at io.kaitai.struct.testformats.ValidFailRepeatMaxInt._read(ValidFailRepeatMaxInt.java:38)
	at io.kaitai.struct.testformats.ValidFailRepeatMaxInt.<init>(ValidFailRepeatMaxInt.java:29)
	at io.kaitai.struct.testformats.ValidFailRepeatMaxInt.<init>(ValidFailRepeatMaxInt.java:18)
	at io.kaitai.struct.testformats.ValidFailRepeatMaxInt.fromFile(ValidFailRepeatMaxInt.java:14)
	at io.kaitai.struct.spec.TestValidFailRepeatMaxInt.testValidFailRepeatMaxInt(TestValidFailRepeatMaxInt.java:13)
	at sun.reflect.NativeMethodAccessorImpl.invoke0(Native Method)
	at sun.reflect.NativeMethodAccessorImpl.invoke(NativeMethodAccessorImpl.java:57)
	at sun.reflect.DelegatingMethodAccessorImpl.invoke(DelegatingMethodAccessorImpl.java:43)
	at java.lang.reflect.Method.invoke(Method.java:607)
	at org.testng.internal.MethodInvocationHelper.invokeMethod(MethodInvocationHelper.java:86)
	at org.testng.internal.Invoker.invokeMethod(Invoker.java:643)
	at org.testng.internal.Invoker.invokeTestMethod(Invoker.java:820)
	at org.testng.internal.Invoker.invokeTestMethods(Invoker.java:1128)
	at org.testng.internal.TestMethodWorker.invokeTestMethods(TestMethodWorker.java:129)
	at org.testng.internal.TestMethodWorker.run(TestMethodWorker.java:112)
	at org.testng.TestRunner.privateRun(TestRunner.java:782)
	at org.testng.TestRunner.run(TestRunner.java:632)
	at org.testng.SuiteRunner.runTest(SuiteRunner.java:366)
	at org.testng.SuiteRunner.runSequentially(SuiteRunner.java:361)
	at org.testng.SuiteRunner.privateRun(SuiteRunner.java:319)
	at org.testng.SuiteRunner.run(SuiteRunner.java:268)
	at org.testng.SuiteRunnerWorker.runSuite(SuiteRunnerWorker.java:52)
	at org.testng.SuiteRunnerWorker.run(SuiteRunnerWorker.java:86)
	at org.testng.TestNG.runSuitesSequentially(TestNG.java:1244)
	at org.testng.TestNG.runSuitesLocally(TestNG.java:1169)
	at org.testng.TestNG.run(TestNG.java:1064)
	at org.testng.TestNG.privateMain(TestNG.java:1385)
	at org.testng.TestNG.main(TestNG.java:1354)
]]>
            </full-stacktrace>
          </exception> <!-- io.kaitai.struct.KaitaiStream$ValidationGreaterThanError -->
          <reporter-output>
          </reporter-output>
        </test-method> <!-- testValidFailRepeatMaxInt -->
      </class> <!-- io.kaitai.struct.spec.TestValidFailRepeatMaxInt -->
    </test> <!-- spec -->
  </suite> <!-- Kaitai Struct Java specs -->
</testng-results>
