<?xml version="1.0" encoding="UTF-8"?>
<testng-results skipped="0" failed="2" total="170" passed="168">
  <reporter-output>
  </reporter-output>
  <suite name="Kaitai Struct Java specs" duration-ms="423" started-at="2019-11-25T02:41:32Z" finished-at="2019-11-25T02:41:33Z">
    <groups>
    </groups>
    <test name="all" duration-ms="423" started-at="2019-11-25T02:41:32Z" finished-at="2019-11-25T02:41:33Z">
      <class name="io.kaitai.struct.spec.TestNestedSameName2">
        <test-method status="PASS" signature="testNestedSameName2()[pri:0, instance:io.kaitai.struct.spec.TestNestedSameName2@785330b5]" name="testNestedSameName2" duration-ms="1" started-at="2019-11-25T02:41:33Z" finished-at="2019-11-25T02:41:33Z">
          <reporter-output>
          </reporter-output>
        </test-method> <!-- testNestedSameName2 -->
      </class> <!-- io.kaitai.struct.spec.TestNestedSameName2 -->
      <class name="io.kaitai.struct.spec.TestDefaultEndianMod">
        <test-method status="PASS" signature="testDefaultEndianMod()[pri:0, instance:io.kaitai.struct.spec.TestDefaultEndianMod@4033d6f1]" name="testDefaultEndianMod" duration-ms="1" started-at="2019-11-25T02:41:33Z" finished-at="2019-11-25T02:41:33Z">
          <reporter-output>
          </reporter-output>
        </test-method> <!-- testDefaultEndianMod -->
      </class> <!-- io.kaitai.struct.spec.TestDefaultEndianMod -->
      <class name="io.kaitai.struct.spec.TestIndexToParamUntil">
        <test-method status="PASS" signature="testIndexToParamUntil()[pri:0, instance:io.kaitai.struct.spec.TestIndexToParamUntil@6a7c49e3]" name="testIndexToParamUntil" duration-ms="1" started-at="2019-11-25T02:41:33Z" finished-at="2019-11-25T02:41:33Z">
          <reporter-output>
          </reporter-output>
        </test-method> <!-- testIndexToParamUntil -->
      </class> <!-- io.kaitai.struct.spec.TestIndexToParamUntil -->
      <class name="io.kaitai.struct.spec.TestImportsRel1">
        <test-method status="PASS" signature="testImportsRel1()[pri:0, instance:io.kaitai.struct.spec.TestImportsRel1@500c8efc]" name="testImportsRel1" duration-ms="1" started-at="2019-11-25T02:41:33Z" finished-at="2019-11-25T02:41:33Z">
          <reporter-output>
          </reporter-output>
        </test-method> <!-- testImportsRel1 -->
      </class> <!-- io.kaitai.struct.spec.TestImportsRel1 -->
      <class name="io.kaitai.struct.spec.TestNavParentVsValueInst">
        <test-method status="PASS" signature="testNavParentVsValueInst()[pri:0, instance:io.kaitai.struct.spec.TestNavParentVsValueInst@fc4048c]" name="testNavParentVsValueInst" duration-ms="3" started-at="2019-11-25T02:41:33Z" finished-at="2019-11-25T02:41:33Z">
          <reporter-output>
          </reporter-output>
        </test-method> <!-- testNavParentVsValueInst -->
      </class> <!-- io.kaitai.struct.spec.TestNavParentVsValueInst -->
      <class name="io.kaitai.struct.spec.TestInstanceIoUser">
        <test-method status="PASS" signature="testInstanceIoUser()[pri:0, instance:io.kaitai.struct.spec.TestInstanceIoUser@351459e9]" name="testInstanceIoUser" duration-ms="1" started-at="2019-11-25T02:41:33Z" finished-at="2019-11-25T02:41:33Z">
          <reporter-output>
          </reporter-output>
        </test-method> <!-- testInstanceIoUser -->
      </class> <!-- io.kaitai.struct.spec.TestInstanceIoUser -->
      <class name="io.kaitai.struct.spec.TestIoLocalVar">
        <test-method status="PASS" signature="testIoLocalVar()[pri:0, instance:io.kaitai.struct.spec.TestIoLocalVar@74eb011d]" name="testIoLocalVar" duration-ms="1" started-at="2019-11-25T02:41:33Z" finished-at="2019-11-25T02:41:33Z">
          <reporter-output>
          </reporter-output>
        </test-method> <!-- testIoLocalVar -->
      </class> <!-- io.kaitai.struct.spec.TestIoLocalVar -->
      <class name="io.kaitai.struct.spec.TestIfValues">
        <test-method status="PASS" signature="testIfValues()[pri:0, instance:io.kaitai.struct.spec.TestIfValues@413ded77]" name="testIfValues" duration-ms="1" started-at="2019-11-25T02:41:33Z" finished-at="2019-11-25T02:41:33Z">
          <reporter-output>
          </reporter-output>
        </test-method> <!-- testIfValues -->
      </class> <!-- io.kaitai.struct.spec.TestIfValues -->
      <class name="io.kaitai.struct.spec.TestSwitchManualIntSize">
        <test-method status="PASS" signature="testSwitchManualIntSize()[pri:0, instance:io.kaitai.struct.spec.TestSwitchManualIntSize@5448d00d]" name="testSwitchManualIntSize" duration-ms="1" started-at="2019-11-25T02:41:33Z" finished-at="2019-11-25T02:41:33Z">
          <reporter-output>
          </reporter-output>
        </test-method> <!-- testSwitchManualIntSize -->
      </class> <!-- io.kaitai.struct.spec.TestSwitchManualIntSize -->
      <class name="io.kaitai.struct.spec.TestValidFailEqBytes">
        <test-method status="PASS" signature="testValidFailEqBytes()[pri:0, instance:io.kaitai.struct.spec.TestValidFailEqBytes@137a1f08]" name="testValidFailEqBytes" duration-ms="1" started-at="2019-11-25T02:41:33Z" finished-at="2019-11-25T02:41:33Z">
          <exception class="io.kaitai.struct.KaitaiStream$ValidationNotEqualError">
            <message>
              <![CDATA[/seq/0: at pos 2: validation failed: not equal, expected [51 41], but got [50 41]]]>
            </message>
            <full-stacktrace>
              <![CDATA[io.kaitai.struct.KaitaiStream$ValidationNotEqualError: /seq/0: at pos 2: validation failed: not equal, expected [51 41], but got [50 41]
	at io.kaitai.struct.testformats.ValidFailEqBytes._read(ValidFailEqBytes.java:33)
	at io.kaitai.struct.testformats.ValidFailEqBytes.<init>(ValidFailEqBytes.java:28)
	at io.kaitai.struct.testformats.ValidFailEqBytes.<init>(ValidFailEqBytes.java:17)
	at io.kaitai.struct.testformats.ValidFailEqBytes.fromFile(ValidFailEqBytes.java:13)
	at io.kaitai.struct.spec.TestValidFailEqBytes.testValidFailEqBytes(TestValidFailEqBytes.java:13)
	at sun.reflect.NativeMethodAccessorImpl.invoke0(Native Method)
	at sun.reflect.NativeMethodAccessorImpl.invoke(NativeMethodAccessorImpl.java:57)
	at sun.reflect.DelegatingMethodAccessorImpl.invoke(DelegatingMethodAccessorImpl.java:43)
	at java.lang.reflect.Method.invoke(Method.java:606)
	at org.testng.internal.MethodInvocationHelper.invokeMethod(MethodInvocationHelper.java:86)
	at org.testng.internal.Invoker.invokeMethod(Invoker.java:643)
	at org.testng.internal.Invoker.invokeTestMethod(Invoker.java:820)
	at org.testng.internal.Invoker.invokeTestMethods(Invoker.java:1128)
	at org.testng.internal.TestMethodWorker.invokeTestMethods(TestMethodWorker.java:129)
	at org.testng.internal.TestMethodWorker.run(TestMethodWorker.java:112)
	at org.testng.TestRunner.privateRun(TestRunner.java:782)
	at org.testng.TestRunner.run(TestRunner.java:632)
	at org.testng.SuiteRunner.runTest(SuiteRunner.java:366)
	at org.testng.SuiteRunner.runSequentially(SuiteRunner.java:361)
	at org.testng.SuiteRunner.privateRun(SuiteRunner.java:319)
	at org.testng.SuiteRunner.run(SuiteRunner.java:268)
	at org.testng.SuiteRunnerWorker.runSuite(SuiteRunnerWorker.java:52)
	at org.testng.SuiteRunnerWorker.run(SuiteRunnerWorker.java:86)
	at org.testng.TestNG.runSuitesSequentially(TestNG.java:1244)
	at org.testng.TestNG.runSuitesLocally(TestNG.java:1169)
	at org.testng.TestNG.run(TestNG.java:1064)
	at org.testng.TestNG.privateMain(TestNG.java:1385)
	at org.testng.TestNG.main(TestNG.java:1354)
]]>
            </full-stacktrace>
          </exception> <!-- io.kaitai.struct.KaitaiStream$ValidationNotEqualError -->
          <reporter-output>
          </reporter-output>
        </test-method> <!-- testValidFailEqBytes -->
      </class> <!-- io.kaitai.struct.spec.TestValidFailEqBytes -->
      <class name="io.kaitai.struct.spec.TestValidFailEqInt">
        <test-method status="PASS" signature="testValidFailEqInt()[pri:0, instance:io.kaitai.struct.spec.TestValidFailEqInt@687f6b72]" name="testValidFailEqInt" duration-ms="0" started-at="2019-11-25T02:41:33Z" finished-at="2019-11-25T02:41:33Z">
          <exception class="io.kaitai.struct.KaitaiStream$ValidationNotEqualError">
            <message>
              <![CDATA[/seq/0: at pos 1: validation failed: not equal, expected 123, but got 80]]>
            </message>
            <full-stacktrace>
              <![CDATA[io.kaitai.struct.KaitaiStream$ValidationNotEqualError: /seq/0: at pos 1: validation failed: not equal, expected 123, but got 80
	at io.kaitai.struct.testformats.ValidFailEqInt._read(ValidFailEqInt.java:32)
	at io.kaitai.struct.testformats.ValidFailEqInt.<init>(ValidFailEqInt.java:27)
	at io.kaitai.struct.testformats.ValidFailEqInt.<init>(ValidFailEqInt.java:16)
	at io.kaitai.struct.testformats.ValidFailEqInt.fromFile(ValidFailEqInt.java:12)
	at io.kaitai.struct.spec.TestValidFailEqInt.testValidFailEqInt(TestValidFailEqInt.java:13)
	at sun.reflect.NativeMethodAccessorImpl.invoke0(Native Method)
	at sun.reflect.NativeMethodAccessorImpl.invoke(NativeMethodAccessorImpl.java:57)
	at sun.reflect.DelegatingMethodAccessorImpl.invoke(DelegatingMethodAccessorImpl.java:43)
	at java.lang.reflect.Method.invoke(Method.java:606)
	at org.testng.internal.MethodInvocationHelper.invokeMethod(MethodInvocationHelper.java:86)
	at org.testng.internal.Invoker.invokeMethod(Invoker.java:643)
	at org.testng.internal.Invoker.invokeTestMethod(Invoker.java:820)
	at org.testng.internal.Invoker.invokeTestMethods(Invoker.java:1128)
	at org.testng.internal.TestMethodWorker.invokeTestMethods(TestMethodWorker.java:129)
	at org.testng.internal.TestMethodWorker.run(TestMethodWorker.java:112)
	at org.testng.TestRunner.privateRun(TestRunner.java:782)
	at org.testng.TestRunner.run(TestRunner.java:632)
	at org.testng.SuiteRunner.runTest(SuiteRunner.java:366)
	at org.testng.SuiteRunner.runSequentially(SuiteRunner.java:361)
	at org.testng.SuiteRunner.privateRun(SuiteRunner.java:319)
	at org.testng.SuiteRunner.run(SuiteRunner.java:268)
	at org.testng.SuiteRunnerWorker.runSuite(SuiteRunnerWorker.java:52)
	at org.testng.SuiteRunnerWorker.run(SuiteRunnerWorker.java:86)
	at org.testng.TestNG.runSuitesSequentially(TestNG.java:1244)
	at org.testng.TestNG.runSuitesLocally(TestNG.java:1169)
	at org.testng.TestNG.run(TestNG.java:1064)
	at org.testng.TestNG.privateMain(TestNG.java:1385)
	at org.testng.TestNG.main(TestNG.java:1354)
]]>
            </full-stacktrace>
          </exception> <!-- io.kaitai.struct.KaitaiStream$ValidationNotEqualError -->
          <reporter-output>
          </reporter-output>
        </test-method> <!-- testValidFailEqInt -->
      </class> <!-- io.kaitai.struct.spec.TestValidFailEqInt -->
      <class name="io.kaitai.struct.spec.TestParamsDef">
        <test-method status="PASS" signature="testParamsDef()[pri:0, instance:io.kaitai.struct.spec.TestParamsDef@10e5ab41]" name="testParamsDef" duration-ms="0" started-at="2019-11-25T02:41:32Z" finished-at="2019-11-25T02:41:32Z">
          <reporter-output>
          </reporter-output>
        </test-method> <!-- testParamsDef -->
      </class> <!-- io.kaitai.struct.spec.TestParamsDef -->
      <class name="io.kaitai.struct.spec.TestSwitchManualStr">
        <test-method status="PASS" signature="testSwitchManualStr()[pri:0, instance:io.kaitai.struct.spec.TestSwitchManualStr@5e36d9e4]" name="testSwitchManualStr" duration-ms="2" started-at="2019-11-25T02:41:33Z" finished-at="2019-11-25T02:41:33Z">
          <reporter-output>
          </reporter-output>
        </test-method> <!-- testSwitchManualStr -->
      </class> <!-- io.kaitai.struct.spec.TestSwitchManualStr -->
      <class name="io.kaitai.struct.spec.TestRepeatEosStruct">
        <test-method status="PASS" signature="testRepeatEosStruct()[pri:0, instance:io.kaitai.struct.spec.TestRepeatEosStruct@367dc4cb]" name="testRepeatEosStruct" duration-ms="1" started-at="2019-11-25T02:41:33Z" finished-at="2019-11-25T02:41:33Z">
          <reporter-output>
          </reporter-output>
        </test-method> <!-- testRepeatEosStruct -->
      </class> <!-- io.kaitai.struct.spec.TestRepeatEosStruct -->
      <class name="io.kaitai.struct.spec.TestTsPacketHeader">
        <test-method status="PASS" signature="testTsPacketHeader()[pri:0, instance:io.kaitai.struct.spec.TestTsPacketHeader@91151ba]" name="testTsPacketHeader" duration-ms="1" started-at="2019-11-25T02:41:33Z" finished-at="2019-11-25T02:41:33Z">
          <reporter-output>
          </reporter-output>
        </test-method> <!-- testTsPacketHeader -->
      </class> <!-- io.kaitai.struct.spec.TestTsPacketHeader -->
      <class name="io.kaitai.struct.spec.TestProcessRotate">
        <test-method status="PASS" signature="testProcessRotate()[pri:0, instance:io.kaitai.struct.spec.TestProcessRotate@3c966db5]" name="testProcessRotate" duration-ms="1" started-at="2019-11-25T02:41:33Z" finished-at="2019-11-25T02:41:33Z">
          <reporter-output>
          </reporter-output>
        </test-method> <!-- testProcessRotate -->
      </class> <!-- io.kaitai.struct.spec.TestProcessRotate -->
      <class name="io.kaitai.struct.spec.TestInstanceStd">
        <test-method status="PASS" signature="testInstanceStd()[pri:0, instance:io.kaitai.struct.spec.TestInstanceStd@4ccd37f3]" name="testInstanceStd" duration-ms="0" started-at="2019-11-25T02:41:33Z" finished-at="2019-11-25T02:41:33Z">
          <reporter-output>
          </reporter-output>
        </test-method> <!-- testInstanceStd -->
      </class> <!-- io.kaitai.struct.spec.TestInstanceStd -->
      <class name="io.kaitai.struct.spec.TestNavParent2">
        <test-method status="PASS" signature="testNavParent2()[pri:0, instance:io.kaitai.struct.spec.TestNavParent2@5d0a70af]" name="testNavParent2" duration-ms="1" started-at="2019-11-25T02:41:33Z" finished-at="2019-11-25T02:41:33Z">
          <reporter-output>
          </reporter-output>
        </test-method> <!-- testNavParent2 -->
      </class> <!-- io.kaitai.struct.spec.TestNavParent2 -->
      <class name="io.kaitai.struct.spec.TestNavParent3">
        <test-method status="PASS" signature="testNavParent3()[pri:0, instance:io.kaitai.struct.spec.TestNavParent3@42d33bc1]" name="testNavParent3" duration-ms="1" started-at="2019-11-25T02:41:33Z" finished-at="2019-11-25T02:41:33Z">
          <reporter-output>
          </reporter-output>
        </test-method> <!-- testNavParent3 -->
      </class> <!-- io.kaitai.struct.spec.TestNavParent3 -->
      <class name="io.kaitai.struct.spec.TestEnumForUnknownId">
        <test-method status="PASS" signature="testEnumForUnknownId()[pri:0, instance:io.kaitai.struct.spec.TestEnumForUnknownId@2ea8bf33]" name="testEnumForUnknownId" duration-ms="1" started-at="2019-11-25T02:41:33Z" finished-at="2019-11-25T02:41:33Z">
          <reporter-output>
          </reporter-output>
        </test-method> <!-- testEnumForUnknownId -->
      </class> <!-- io.kaitai.struct.spec.TestEnumForUnknownId -->
      <class name="io.kaitai.struct.spec.TestValidFailContents">
        <test-method status="PASS" signature="testValidFailContents()[pri:0, instance:io.kaitai.struct.spec.TestValidFailContents@54f56f6b]" name="testValidFailContents" duration-ms="4" started-at="2019-11-25T02:41:33Z" finished-at="2019-11-25T02:41:33Z">
          <exception class="io.kaitai.struct.KaitaiStream$ValidationNotEqualError">
            <message>
              <![CDATA[/seq/0: at pos 2: validation failed: not equal, expected [51 41], but got [50 41]]]>
            </message>
            <full-stacktrace>
              <![CDATA[io.kaitai.struct.KaitaiStream$ValidationNotEqualError: /seq/0: at pos 2: validation failed: not equal, expected [51 41], but got [50 41]
	at io.kaitai.struct.testformats.ValidFailContents._read(ValidFailContents.java:33)
	at io.kaitai.struct.testformats.ValidFailContents.<init>(ValidFailContents.java:28)
	at io.kaitai.struct.testformats.ValidFailContents.<init>(ValidFailContents.java:17)
	at io.kaitai.struct.testformats.ValidFailContents.fromFile(ValidFailContents.java:13)
	at io.kaitai.struct.spec.TestValidFailContents.testValidFailContents(TestValidFailContents.java:13)
	at sun.reflect.NativeMethodAccessorImpl.invoke0(Native Method)
	at sun.reflect.NativeMethodAccessorImpl.invoke(NativeMethodAccessorImpl.java:57)
	at sun.reflect.DelegatingMethodAccessorImpl.invoke(DelegatingMethodAccessorImpl.java:43)
	at java.lang.reflect.Method.invoke(Method.java:606)
	at org.testng.internal.MethodInvocationHelper.invokeMethod(MethodInvocationHelper.java:86)
	at org.testng.internal.Invoker.invokeMethod(Invoker.java:643)
	at org.testng.internal.Invoker.invokeTestMethod(Invoker.java:820)
	at org.testng.internal.Invoker.invokeTestMethods(Invoker.java:1128)
	at org.testng.internal.TestMethodWorker.invokeTestMethods(TestMethodWorker.java:129)
	at org.testng.internal.TestMethodWorker.run(TestMethodWorker.java:112)
	at org.testng.TestRunner.privateRun(TestRunner.java:782)
	at org.testng.TestRunner.run(TestRunner.java:632)
	at org.testng.SuiteRunner.runTest(SuiteRunner.java:366)
	at org.testng.SuiteRunner.runSequentially(SuiteRunner.java:361)
	at org.testng.SuiteRunner.privateRun(SuiteRunner.java:319)
	at org.testng.SuiteRunner.run(SuiteRunner.java:268)
	at org.testng.SuiteRunnerWorker.runSuite(SuiteRunnerWorker.java:52)
	at org.testng.SuiteRunnerWorker.run(SuiteRunnerWorker.java:86)
	at org.testng.TestNG.runSuitesSequentially(TestNG.java:1244)
	at org.testng.TestNG.runSuitesLocally(TestNG.java:1169)
	at org.testng.TestNG.run(TestNG.java:1064)
	at org.testng.TestNG.privateMain(TestNG.java:1385)
	at org.testng.TestNG.main(TestNG.java:1354)
]]>
            </full-stacktrace>
          </exception> <!-- io.kaitai.struct.KaitaiStream$ValidationNotEqualError -->
          <reporter-output>
          </reporter-output>
        </test-method> <!-- testValidFailContents -->
      </class> <!-- io.kaitai.struct.spec.TestValidFailContents -->
      <class name="io.kaitai.struct.spec.TestNestedTypes">
        <test-method status="PASS" signature="testNestedTypes()[pri:0, instance:io.kaitai.struct.spec.TestNestedTypes@5a73fe03]" name="testNestedTypes" duration-ms="1" started-at="2019-11-25T02:41:33Z" finished-at="2019-11-25T02:41:33Z">
          <reporter-output>
          </reporter-output>
        </test-method> <!-- testNestedTypes -->
      </class> <!-- io.kaitai.struct.spec.TestNestedTypes -->
      <class name="io.kaitai.struct.spec.TestInstanceStdArray">
        <test-method status="PASS" signature="testInstanceStdArray()[pri:0, instance:io.kaitai.struct.spec.TestInstanceStdArray@6982bec3]" name="testInstanceStdArray" duration-ms="1" started-at="2019-11-25T02:41:33Z" finished-at="2019-11-25T02:41:33Z">
          <reporter-output>
          </reporter-output>
        </test-method> <!-- testInstanceStdArray -->
      </class> <!-- io.kaitai.struct.spec.TestInstanceStdArray -->
      <class name="io.kaitai.struct.spec.TestProcessXor4Const">
        <test-method status="PASS" signature="testProcessXor4Const()[pri:0, instance:io.kaitai.struct.spec.TestProcessXor4Const@2391ff7e]" name="testProcessXor4Const" duration-ms="0" started-at="2019-11-25T02:41:33Z" finished-at="2019-11-25T02:41:33Z">
          <reporter-output>
          </reporter-output>
        </test-method> <!-- testProcessXor4Const -->
      </class> <!-- io.kaitai.struct.spec.TestProcessXor4Const -->
      <class name="io.kaitai.struct.spec.TestSwitchMultiBoolOps">
        <test-method status="PASS" signature="testSwitchMultiBoolOps()[pri:0, instance:io.kaitai.struct.spec.TestSwitchMultiBoolOps@3f6f1ea2]" name="testSwitchMultiBoolOps" duration-ms="1" started-at="2019-11-25T02:41:33Z" finished-at="2019-11-25T02:41:33Z">
          <reporter-output>
          </reporter-output>
        </test-method> <!-- testSwitchMultiBoolOps -->
      </class> <!-- io.kaitai.struct.spec.TestSwitchMultiBoolOps -->
      <class name="io.kaitai.struct.spec.TestSwitchManualIntSizeEos">
        <test-method status="PASS" signature="testSwitchManualIntSizeEos()[pri:0, instance:io.kaitai.struct.spec.TestSwitchManualIntSizeEos@4faae357]" name="testSwitchManualIntSizeEos" duration-ms="1" started-at="2019-11-25T02:41:33Z" finished-at="2019-11-25T02:41:33Z">
          <reporter-output>
          </reporter-output>
        </test-method> <!-- testSwitchManualIntSizeEos -->
      </class> <!-- io.kaitai.struct.spec.TestSwitchManualIntSizeEos -->
      <class name="io.kaitai.struct.spec.TestProcessCoerceSwitch">
        <test-method status="PASS" signature="testProcessCoerceSwitch()[pri:0, instance:io.kaitai.struct.spec.TestProcessCoerceSwitch@586c20e1]" name="testProcessCoerceSwitch" duration-ms="1" started-at="2019-11-25T02:41:33Z" finished-at="2019-11-25T02:41:33Z">
          <reporter-output>
          </reporter-output>
        </test-method> <!-- testProcessCoerceSwitch -->
      </class> <!-- io.kaitai.struct.spec.TestProcessCoerceSwitch -->
      <class name="io.kaitai.struct.spec.TestParamsPassUsertype">
        <test-method status="PASS" signature="testParamsPassUsertype()[pri:0, instance:io.kaitai.struct.spec.TestParamsPassUsertype@43822cd2]" name="testParamsPassUsertype" duration-ms="1" started-at="2019-11-25T02:41:33Z" finished-at="2019-11-25T02:41:33Z">
          <reporter-output>
          </reporter-output>
        </test-method> <!-- testParamsPassUsertype -->
      </class> <!-- io.kaitai.struct.spec.TestParamsPassUsertype -->
      <class name="io.kaitai.struct.spec.TestFixedContents">
        <test-method status="PASS" signature="testFixedContents()[pri:0, instance:io.kaitai.struct.spec.TestFixedContents@328908cd]" name="testFixedContents" duration-ms="1" started-at="2019-11-25T02:41:33Z" finished-at="2019-11-25T02:41:33Z">
          <reporter-output>
          </reporter-output>
        </test-method> <!-- testFixedContents -->
      </class> <!-- io.kaitai.struct.spec.TestFixedContents -->
      <class name="io.kaitai.struct.spec.TestValidNotParsedIf">
        <test-method status="PASS" signature="testValidNotParsedIf()[pri:0, instance:io.kaitai.struct.spec.TestValidNotParsedIf@2916117f]" name="testValidNotParsedIf" duration-ms="60" started-at="2019-11-25T02:41:32Z" finished-at="2019-11-25T02:41:32Z">
          <reporter-output>
          </reporter-output>
        </test-method> <!-- testValidNotParsedIf -->
      </class> <!-- io.kaitai.struct.spec.TestValidNotParsedIf -->
      <class name="io.kaitai.struct.spec.TestDocstringsDocrefMulti">
        <test-method status="PASS" signature="testDocstringsDocrefMulti()[pri:0, instance:io.kaitai.struct.spec.TestDocstringsDocrefMulti@476e06e6]" name="testDocstringsDocrefMulti" duration-ms="0" started-at="2019-11-25T02:41:32Z" finished-at="2019-11-25T02:41:32Z">
          <reporter-output>
          </reporter-output>
        </test-method> <!-- testDocstringsDocrefMulti -->
      </class> <!-- io.kaitai.struct.spec.TestDocstringsDocrefMulti -->
      <class name="io.kaitai.struct.spec.TestZlibWithHeader78">
        <test-method status="PASS" signature="testZlibWithHeader78()[pri:0, instance:io.kaitai.struct.spec.TestZlibWithHeader78@8870aad]" name="testZlibWithHeader78" duration-ms="1" started-at="2019-11-25T02:41:32Z" finished-at="2019-11-25T02:41:32Z">
          <reporter-output>
          </reporter-output>
        </test-method> <!-- testZlibWithHeader78 -->
      </class> <!-- io.kaitai.struct.spec.TestZlibWithHeader78 -->
      <class name="io.kaitai.struct.spec.TestNavRoot">
        <test-method status="PASS" signature="testNavRoot()[pri:0, instance:io.kaitai.struct.spec.TestNavRoot@7a882480]" name="testNavRoot" duration-ms="1" started-at="2019-11-25T02:41:33Z" finished-at="2019-11-25T02:41:33Z">
          <reporter-output>
          </reporter-output>
        </test-method> <!-- testNavRoot -->
      </class> <!-- io.kaitai.struct.spec.TestNavRoot -->
      <class name="io.kaitai.struct.spec.TestSwitchManualStrElse">
        <test-method status="PASS" signature="testSwitchManualStrElse()[pri:0, instance:io.kaitai.struct.spec.TestSwitchManualStrElse@590379db]" name="testSwitchManualStrElse" duration-ms="3" started-at="2019-11-25T02:41:33Z" finished-at="2019-11-25T02:41:33Z">
          <reporter-output>
          </reporter-output>
        </test-method> <!-- testSwitchManualStrElse -->
      </class> <!-- io.kaitai.struct.spec.TestSwitchManualStrElse -->
      <class name="io.kaitai.struct.spec.TestBcdUserTypeLe">
        <test-method status="PASS" signature="testBcdUserTypeLe()[pri:0, instance:io.kaitai.struct.spec.TestBcdUserTypeLe@22e2c121]" name="testBcdUserTypeLe" duration-ms="1" started-at="2019-11-25T02:41:33Z" finished-at="2019-11-25T02:41:33Z">
          <reporter-output>
          </reporter-output>
        </test-method> <!-- testBcdUserTypeLe -->
      </class> <!-- io.kaitai.struct.spec.TestBcdUserTypeLe -->
      <class name="io.kaitai.struct.spec.TestDebugArrayUser">
        <test-method status="PASS" signature="testDebugArrayUser()[pri:0, instance:io.kaitai.struct.spec.TestDebugArrayUser@5c338d9d]" name="testDebugArrayUser" duration-ms="1" started-at="2019-11-25T02:41:33Z" finished-at="2019-11-25T02:41:33Z">
          <reporter-output>
          </reporter-output>
        </test-method> <!-- testDebugArrayUser -->
      </class> <!-- io.kaitai.struct.spec.TestDebugArrayUser -->
      <class name="io.kaitai.struct.spec.TestHelloWorld">
        <test-method status="PASS" signature="testHelloWorld()[pri:0, instance:io.kaitai.struct.spec.TestHelloWorld@d8e38a]" name="testHelloWorld" duration-ms="0" started-at="2019-11-25T02:41:33Z" finished-at="2019-11-25T02:41:33Z">
          <reporter-output>
          </reporter-output>
        </test-method> <!-- testHelloWorld -->
      </class> <!-- io.kaitai.struct.spec.TestHelloWorld -->
      <class name="io.kaitai.struct.spec.TestMultipleUse">
        <test-method status="PASS" signature="testMultipleUse()[pri:0, instance:io.kaitai.struct.spec.TestMultipleUse@2b91ef5b]" name="testMultipleUse" duration-ms="1" started-at="2019-11-25T02:41:32Z" finished-at="2019-11-25T02:41:32Z">
          <reporter-output>
          </reporter-output>
        </test-method> <!-- testMultipleUse -->
      </class> <!-- io.kaitai.struct.spec.TestMultipleUse -->
      <class name="io.kaitai.struct.spec.TestSwitchIntegers">
        <test-method status="PASS" signature="testSwitchIntegers()[pri:0, instance:io.kaitai.struct.spec.TestSwitchIntegers@28509953]" name="testSwitchIntegers" duration-ms="1" started-at="2019-11-25T02:41:33Z" finished-at="2019-11-25T02:41:33Z">
          <reporter-output>
          </reporter-output>
        </test-method> <!-- testSwitchIntegers -->
      </class> <!-- io.kaitai.struct.spec.TestSwitchIntegers -->
      <class name="io.kaitai.struct.spec.TestMetaXref">
        <test-method status="PASS" signature="testMetaXref()[pri:0, instance:io.kaitai.struct.spec.TestMetaXref@7567e1fa]" name="testMetaXref" duration-ms="0" started-at="2019-11-25T02:41:33Z" finished-at="2019-11-25T02:41:33Z">
          <reporter-output>
          </reporter-output>
        </test-method> <!-- testMetaXref -->
      </class> <!-- io.kaitai.struct.spec.TestMetaXref -->
      <class name="io.kaitai.struct.spec.TestEnumIf">
        <test-method status="PASS" signature="testEnumIf()[pri:0, instance:io.kaitai.struct.spec.TestEnumIf@41d13c26]" name="testEnumIf" duration-ms="2" started-at="2019-11-25T02:41:33Z" finished-at="2019-11-25T02:41:33Z">
          <reporter-output>
          </reporter-output>
        </test-method> <!-- testEnumIf -->
      </class> <!-- io.kaitai.struct.spec.TestEnumIf -->
      <class name="io.kaitai.struct.spec.TestExprSizeofValueSized">
        <test-method status="PASS" signature="testExprSizeofValueSized()[pri:0, instance:io.kaitai.struct.spec.TestExprSizeofValueSized@59cde83a]" name="testExprSizeofValueSized" duration-ms="1" started-at="2019-11-25T02:41:32Z" finished-at="2019-11-25T02:41:32Z">
          <reporter-output>
          </reporter-output>
        </test-method> <!-- testExprSizeofValueSized -->
      </class> <!-- io.kaitai.struct.spec.TestExprSizeofValueSized -->
      <class name="io.kaitai.struct.spec.TestSwitchManualInt">
        <test-method status="PASS" signature="testSwitchManualInt()[pri:0, instance:io.kaitai.struct.spec.TestSwitchManualInt@e068b6a]" name="testSwitchManualInt" duration-ms="1" started-at="2019-11-25T02:41:33Z" finished-at="2019-11-25T02:41:33Z">
          <reporter-output>
          </reporter-output>
        </test-method> <!-- testSwitchManualInt -->
      </class> <!-- io.kaitai.struct.spec.TestSwitchManualInt -->
      <class name="io.kaitai.struct.spec.TestNestedTypes3">
        <test-method status="PASS" signature="testNestedTypes3()[pri:0, instance:io.kaitai.struct.spec.TestNestedTypes3@79f955b5]" name="testNestedTypes3" duration-ms="2" started-at="2019-11-25T02:41:32Z" finished-at="2019-11-25T02:41:32Z">
          <reporter-output>
          </reporter-output>
        </test-method> <!-- testNestedTypes3 -->
      </class> <!-- io.kaitai.struct.spec.TestNestedTypes3 -->
      <class name="io.kaitai.struct.spec.TestSwitchManualIntElse">
        <test-method status="PASS" signature="testSwitchManualIntElse()[pri:0, instance:io.kaitai.struct.spec.TestSwitchManualIntElse@bf5dc33]" name="testSwitchManualIntElse" duration-ms="1" started-at="2019-11-25T02:41:32Z" finished-at="2019-11-25T02:41:32Z">
          <reporter-output>
          </reporter-output>
        </test-method> <!-- testSwitchManualIntElse -->
      </class> <!-- io.kaitai.struct.spec.TestSwitchManualIntElse -->
      <class name="io.kaitai.struct.spec.TestNestedTypes2">
        <test-method status="PASS" signature="testNestedTypes2()[pri:0, instance:io.kaitai.struct.spec.TestNestedTypes2@23617fc5]" name="testNestedTypes2" duration-ms="2" started-at="2019-11-25T02:41:33Z" finished-at="2019-11-25T02:41:33Z">
          <reporter-output>
          </reporter-output>
        </test-method> <!-- testNestedTypes2 -->
      </class> <!-- io.kaitai.struct.spec.TestNestedTypes2 -->
      <class name="io.kaitai.struct.spec.TestExprCalcArrayOps">
        <test-method status="PASS" signature="testExprCalcArrayOps()[pri:0, instance:io.kaitai.struct.spec.TestExprCalcArrayOps@1459e0e5]" name="testExprCalcArrayOps" duration-ms="1" started-at="2019-11-25T02:41:33Z" finished-at="2019-11-25T02:41:33Z">
          <reporter-output>
          </reporter-output>
        </test-method> <!-- testExprCalcArrayOps -->
      </class> <!-- io.kaitai.struct.spec.TestExprCalcArrayOps -->
      <class name="io.kaitai.struct.spec.TestParamsEnum">
        <test-method status="PASS" signature="testParamsEnum()[pri:0, instance:io.kaitai.struct.spec.TestParamsEnum@38cc7c87]" name="testParamsEnum" duration-ms="1" started-at="2019-11-25T02:41:33Z" finished-at="2019-11-25T02:41:33Z">
          <reporter-output>
          </reporter-output>
        </test-method> <!-- testParamsEnum -->
      </class> <!-- io.kaitai.struct.spec.TestParamsEnum -->
      <class name="io.kaitai.struct.spec.TestEnumDeepLiterals">
        <test-method status="PASS" signature="testEnumDeepLiterals()[pri:0, instance:io.kaitai.struct.spec.TestEnumDeepLiterals@26a78299]" name="testEnumDeepLiterals" duration-ms="1" started-at="2019-11-25T02:41:33Z" finished-at="2019-11-25T02:41:33Z">
          <reporter-output>
          </reporter-output>
        </test-method> <!-- testEnumDeepLiterals -->
      </class> <!-- io.kaitai.struct.spec.TestEnumDeepLiterals -->
      <class name="io.kaitai.struct.spec.TestProcessXor4Value">
        <test-method status="PASS" signature="testProcessXor4Value()[pri:0, instance:io.kaitai.struct.spec.TestProcessXor4Value@4590ffc9]" name="testProcessXor4Value" duration-ms="1" started-at="2019-11-25T02:41:33Z" finished-at="2019-11-25T02:41:33Z">
          <reporter-output>
          </reporter-output>
        </test-method> <!-- testProcessXor4Value -->
      </class> <!-- io.kaitai.struct.spec.TestProcessXor4Value -->
      <class name="io.kaitai.struct.spec.TestStrPadTermEmpty">
        <test-method status="PASS" signature="testStrPadTermEmpty()[pri:0, instance:io.kaitai.struct.spec.TestStrPadTermEmpty@1060dd80]" name="testStrPadTermEmpty" duration-ms="1" started-at="2019-11-25T02:41:32Z" finished-at="2019-11-25T02:41:32Z">
          <reporter-output>
          </reporter-output>
        </test-method> <!-- testStrPadTermEmpty -->
      </class> <!-- io.kaitai.struct.spec.TestStrPadTermEmpty -->
      <class name="io.kaitai.struct.spec.TestOpaqueExternalType02Parent">
        <test-method status="PASS" signature="testOpaqueExternalType02Parent()[pri:0, instance:io.kaitai.struct.spec.TestOpaqueExternalType02Parent@49a8422e]" name="testOpaqueExternalType02Parent" duration-ms="1" started-at="2019-11-25T02:41:33Z" finished-at="2019-11-25T02:41:33Z">
          <reporter-output>
          </reporter-output>
        </test-method> <!-- testOpaqueExternalType02Parent -->
      </class> <!-- io.kaitai.struct.spec.TestOpaqueExternalType02Parent -->
      <class name="io.kaitai.struct.spec.TestProcessXorValue">
        <test-method status="PASS" signature="testProcessXorValue()[pri:0, instance:io.kaitai.struct.spec.TestProcessXorValue@3d660560]" name="testProcessXorValue" duration-ms="0" started-at="2019-11-25T02:41:33Z" finished-at="2019-11-25T02:41:33Z">
          <reporter-output>
          </reporter-output>
        </test-method> <!-- testProcessXorValue -->
      </class> <!-- io.kaitai.struct.spec.TestProcessXorValue -->
      <class name="io.kaitai.struct.spec.TestBcdUserTypeBe">
        <test-method status="PASS" signature="testBcdUserTypeBe()[pri:0, instance:io.kaitai.struct.spec.TestBcdUserTypeBe@68a08ca7]" name="testBcdUserTypeBe" duration-ms="1" started-at="2019-11-25T02:41:33Z" finished-at="2019-11-25T02:41:33Z">
          <reporter-output>
          </reporter-output>
        </test-method> <!-- testBcdUserTypeBe -->
      </class> <!-- io.kaitai.struct.spec.TestBcdUserTypeBe -->
      <class name="io.kaitai.struct.spec.TestMetaTags">
        <test-method status="PASS" signature="testMetaTags()[pri:0, instance:io.kaitai.struct.spec.TestMetaTags@906f9df]" name="testMetaTags" duration-ms="1" started-at="2019-11-25T02:41:33Z" finished-at="2019-11-25T02:41:33Z">
          <reporter-output>
          </reporter-output>
        </test-method> <!-- testMetaTags -->
      </class> <!-- io.kaitai.struct.spec.TestMetaTags -->
      <class name="io.kaitai.struct.spec.TestProcessCustom">
        <test-method status="PASS" signature="testProcessCustom()[pri:0, instance:io.kaitai.struct.spec.TestProcessCustom@461cbb70]" name="testProcessCustom" duration-ms="1" started-at="2019-11-25T02:41:33Z" finished-at="2019-11-25T02:41:33Z">
          <reporter-output>
          </reporter-output>
        </test-method> <!-- testProcessCustom -->
      </class> <!-- io.kaitai.struct.spec.TestProcessCustom -->
      <class name="io.kaitai.struct.spec.TestRepeatUntilS4">
        <test-method status="PASS" signature="testRepeatUntilS4()[pri:0, instance:io.kaitai.struct.spec.TestRepeatUntilS4@7ce21cfc]" name="testRepeatUntilS4" duration-ms="1" started-at="2019-11-25T02:41:33Z" finished-at="2019-11-25T02:41:33Z">
          <reporter-output>
          </reporter-output>
        </test-method> <!-- testRepeatUntilS4 -->
      </class> <!-- io.kaitai.struct.spec.TestRepeatUntilS4 -->
      <class name="io.kaitai.struct.spec.TestJsSignedRightShift">
        <test-method status="PASS" signature="testJsSignedRightShift()[pri:0, instance:io.kaitai.struct.spec.TestJsSignedRightShift@4c4f7cf7]" name="testJsSignedRightShift" duration-ms="1" started-at="2019-11-25T02:41:33Z" finished-at="2019-11-25T02:41:33Z">
          <reporter-output>
          </reporter-output>
        </test-method> <!-- testJsSignedRightShift -->
      </class> <!-- io.kaitai.struct.spec.TestJsSignedRightShift -->
      <class name="io.kaitai.struct.spec.TestDebugEnumName">
        <test-method status="PASS" signature="testDebugEnumName()[pri:0, instance:io.kaitai.struct.spec.TestDebugEnumName@40103754]" name="testDebugEnumName" duration-ms="2" started-at="2019-11-25T02:41:33Z" finished-at="2019-11-25T02:41:33Z">
          <reporter-output>
          </reporter-output>
        </test-method> <!-- testDebugEnumName -->
      </class> <!-- io.kaitai.struct.spec.TestDebugEnumName -->
      <class name="io.kaitai.struct.spec.TestSwitchRepeatExpr">
        <test-method status="PASS" signature="testSwitchRepeatExpr()[pri:0, instance:io.kaitai.struct.spec.TestSwitchRepeatExpr@39f81e2d]" name="testSwitchRepeatExpr" duration-ms="12" started-at="2019-11-25T02:41:33Z" finished-at="2019-11-25T02:41:33Z">
          <reporter-output>
          </reporter-output>
        </test-method> <!-- testSwitchRepeatExpr -->
      </class> <!-- io.kaitai.struct.spec.TestSwitchRepeatExpr -->
      <class name="io.kaitai.struct.spec.TestBufferedStruct">
        <test-method status="PASS" signature="testBufferedStruct()[pri:0, instance:io.kaitai.struct.spec.TestBufferedStruct@6d287249]" name="testBufferedStruct" duration-ms="13" started-at="2019-11-25T02:41:33Z" finished-at="2019-11-25T02:41:33Z">
          <reporter-output>
          </reporter-output>
        </test-method> <!-- testBufferedStruct -->
      </class> <!-- io.kaitai.struct.spec.TestBufferedStruct -->
      <class name="io.kaitai.struct.spec.TestRepeatNStrzDouble">
        <test-method status="PASS" signature="testRepeatNStrzDouble()[pri:0, instance:io.kaitai.struct.spec.TestRepeatNStrzDouble@3a4b9e67]" name="testRepeatNStrzDouble" duration-ms="1" started-at="2019-11-25T02:41:32Z" finished-at="2019-11-25T02:41:32Z">
          <reporter-output>
          </reporter-output>
        </test-method> <!-- testRepeatNStrzDouble -->
      </class> <!-- io.kaitai.struct.spec.TestRepeatNStrzDouble -->
      <class name="io.kaitai.struct.spec.TestPositionToEnd">
        <test-method status="PASS" signature="testPositionToEnd()[pri:0, instance:io.kaitai.struct.spec.TestPositionToEnd@631b380e]" name="testPositionToEnd" duration-ms="1" started-at="2019-11-25T02:41:33Z" finished-at="2019-11-25T02:41:33Z">
          <reporter-output>
          </reporter-output>
        </test-method> <!-- testPositionToEnd -->
      </class> <!-- io.kaitai.struct.spec.TestPositionToEnd -->
      <class name="io.kaitai.struct.spec.TestNavParent">
        <test-method status="PASS" signature="testNavParent()[pri:0, instance:io.kaitai.struct.spec.TestNavParent@565d1ac3]" name="testNavParent" duration-ms="2" started-at="2019-11-25T02:41:33Z" finished-at="2019-11-25T02:41:33Z">
          <reporter-output>
          </reporter-output>
        </test-method> <!-- testNavParent -->
      </class> <!-- io.kaitai.struct.spec.TestNavParent -->
      <class name="io.kaitai.struct.spec.TestRepeatNStruct">
        <test-method status="PASS" signature="testRepeatNStruct()[pri:0, instance:io.kaitai.struct.spec.TestRepeatNStruct@5da4ab42]" name="testRepeatNStruct" duration-ms="2" started-at="2019-11-25T02:41:33Z" finished-at="2019-11-25T02:41:33Z">
          <reporter-output>
          </reporter-output>
        </test-method> <!-- testRepeatNStruct -->
      </class> <!-- io.kaitai.struct.spec.TestRepeatNStruct -->
      <class name="io.kaitai.struct.spec.TestRepeatUntilComplex">
        <test-method status="PASS" signature="testRepeatUntilComplex()[pri:0, instance:io.kaitai.struct.spec.TestRepeatUntilComplex@2710d1f9]" name="testRepeatUntilComplex" duration-ms="1" started-at="2019-11-25T02:41:33Z" finished-at="2019-11-25T02:41:33Z">
          <reporter-output>
          </reporter-output>
        </test-method> <!-- testRepeatUntilComplex -->
      </class> <!-- io.kaitai.struct.spec.TestRepeatUntilComplex -->
      <class name="io.kaitai.struct.spec.TestExprIoEof">
        <test-method status="PASS" signature="testExprIoEof()[pri:0, instance:io.kaitai.struct.spec.TestExprIoEof@64d87a08]" name="testExprIoEof" duration-ms="1" started-at="2019-11-25T02:41:32Z" finished-at="2019-11-25T02:41:33Z">
          <reporter-output>
          </reporter-output>
        </test-method> <!-- testExprIoEof -->
      </class> <!-- io.kaitai.struct.spec.TestExprIoEof -->
      <class name="io.kaitai.struct.spec.TestEnum1">
        <test-method status="PASS" signature="testEnum1()[pri:0, instance:io.kaitai.struct.spec.TestEnum1@31b191c4]" name="testEnum1" duration-ms="2" started-at="2019-11-25T02:41:33Z" finished-at="2019-11-25T02:41:33Z">
          <reporter-output>
          </reporter-output>
        </test-method> <!-- testEnum1 -->
      </class> <!-- io.kaitai.struct.spec.TestEnum1 -->
      <class name="io.kaitai.struct.spec.TestEnum0">
        <test-method status="PASS" signature="testEnum0()[pri:0, instance:io.kaitai.struct.spec.TestEnum0@124bb4af]" name="testEnum0" duration-ms="1" started-at="2019-11-25T02:41:33Z" finished-at="2019-11-25T02:41:33Z">
          <reporter-output>
          </reporter-output>
        </test-method> <!-- testEnum0 -->
      </class> <!-- io.kaitai.struct.spec.TestEnum0 -->
      <class name="io.kaitai.struct.spec.TestSwitchManualEnum">
        <test-method status="PASS" signature="testSwitchManualEnum()[pri:0, instance:io.kaitai.struct.spec.TestSwitchManualEnum@387162d9]" name="testSwitchManualEnum" duration-ms="2" started-at="2019-11-25T02:41:32Z" finished-at="2019-11-25T02:41:32Z">
          <reporter-output>
          </reporter-output>
        </test-method> <!-- testSwitchManualEnum -->
      </class> <!-- io.kaitai.struct.spec.TestSwitchManualEnum -->
      <class name="io.kaitai.struct.spec.TestStrLiterals2">
        <test-method status="PASS" signature="testStrLiterals2()[pri:0, instance:io.kaitai.struct.spec.TestStrLiterals2@2befdb3]" name="testStrLiterals2" duration-ms="0" started-at="2019-11-25T02:41:33Z" finished-at="2019-11-25T02:41:33Z">
          <reporter-output>
          </reporter-output>
        </test-method> <!-- testStrLiterals2 -->
      </class> <!-- io.kaitai.struct.spec.TestStrLiterals2 -->
      <class name="io.kaitai.struct.spec.TestProcessRepeatUsertype">
        <test-method status="FAIL" signature="testProcessRepeatUsertype()[pri:0, instance:io.kaitai.struct.spec.TestProcessRepeatUsertype@7dc0cd3b]" name="testProcessRepeatUsertype" duration-ms="0" started-at="2019-11-25T02:41:32Z" finished-at="2019-11-25T02:41:32Z">
          <exception class="java.lang.NoClassDefFoundError">
            <message>
              <![CDATA[io/kaitai/struct/testformats/ProcessRepeatUsertype]]>
            </message>
            <full-stacktrace>
              <![CDATA[java.lang.NoClassDefFoundError: io/kaitai/struct/testformats/ProcessRepeatUsertype
	at io.kaitai.struct.spec.TestProcessRepeatUsertype.testProcessRepeatUsertype(TestProcessRepeatUsertype.java:12)
	at sun.reflect.NativeMethodAccessorImpl.invoke0(Native Method)
	at sun.reflect.NativeMethodAccessorImpl.invoke(NativeMethodAccessorImpl.java:57)
	at sun.reflect.DelegatingMethodAccessorImpl.invoke(DelegatingMethodAccessorImpl.java:43)
	at java.lang.reflect.Method.invoke(Method.java:606)
	at org.testng.internal.MethodInvocationHelper.invokeMethod(MethodInvocationHelper.java:86)
	at org.testng.internal.Invoker.invokeMethod(Invoker.java:643)
	at org.testng.internal.Invoker.invokeTestMethod(Invoker.java:820)
	at org.testng.internal.Invoker.invokeTestMethods(Invoker.java:1128)
	at org.testng.internal.TestMethodWorker.invokeTestMethods(TestMethodWorker.java:129)
	at org.testng.internal.TestMethodWorker.run(TestMethodWorker.java:112)
	at org.testng.TestRunner.privateRun(TestRunner.java:782)
	at org.testng.TestRunner.run(TestRunner.java:632)
	at org.testng.SuiteRunner.runTest(SuiteRunner.java:366)
	at org.testng.SuiteRunner.runSequentially(SuiteRunner.java:361)
	at org.testng.SuiteRunner.privateRun(SuiteRunner.java:319)
	at org.testng.SuiteRunner.run(SuiteRunner.java:268)
	at org.testng.SuiteRunnerWorker.runSuite(SuiteRunnerWorker.java:52)
	at org.testng.SuiteRunnerWorker.run(SuiteRunnerWorker.java:86)
	at org.testng.TestNG.runSuitesSequentially(TestNG.java:1244)
	at org.testng.TestNG.runSuitesLocally(TestNG.java:1169)
	at org.testng.TestNG.run(TestNG.java:1064)
	at org.testng.TestNG.privateMain(TestNG.java:1385)
	at org.testng.TestNG.main(TestNG.java:1354)
Caused by: java.lang.ClassNotFoundException: io.kaitai.struct.testformats.ProcessRepeatUsertype
	at java.net.URLClassLoader$1.run(URLClassLoader.java:359)
	at java.net.URLClassLoader$1.run(URLClassLoader.java:348)
	at java.security.AccessController.doPrivileged(Native Method)
	at java.net.URLClassLoader.findClass(URLClassLoader.java:347)
	at java.lang.ClassLoader.loadClass(ClassLoader.java:425)
	at sun.misc.Launcher$AppClassLoader.loadClass(Launcher.java:312)
	at java.lang.ClassLoader.loadClass(ClassLoader.java:358)
	... 24 more
]]>
            </full-stacktrace>
          </exception> <!-- java.lang.NoClassDefFoundError -->
          <reporter-output>
          </reporter-output>
        </test-method> <!-- testProcessRepeatUsertype -->
      </class> <!-- io.kaitai.struct.spec.TestProcessRepeatUsertype -->
      <class name="io.kaitai.struct.spec.TestSwitchManualEnumInvalidElse">
        <test-method status="PASS" signature="testSwitchManualEnumInvalidElse()[pri:0, instance:io.kaitai.struct.spec.TestSwitchManualEnumInvalidElse@466b56b]" name="testSwitchManualEnumInvalidElse" duration-ms="2" started-at="2019-11-25T02:41:33Z" finished-at="2019-11-25T02:41:33Z">
          <reporter-output>
          </reporter-output>
        </test-method> <!-- testSwitchManualEnumInvalidElse -->
      </class> <!-- io.kaitai.struct.spec.TestSwitchManualEnumInvalidElse -->
      <class name="io.kaitai.struct.spec.TestExpr0">
        <test-method status="PASS" signature="testExpr0()[pri:0, instance:io.kaitai.struct.spec.TestExpr0@da62f80]" name="testExpr0" duration-ms="0" started-at="2019-11-25T02:41:33Z" finished-at="2019-11-25T02:41:33Z">
          <reporter-output>
          </reporter-output>
        </test-method> <!-- testExpr0 -->
      </class> <!-- io.kaitai.struct.spec.TestExpr0 -->
      <class name="io.kaitai.struct.spec.TestTermStrz">
        <test-method status="PASS" signature="testTermStrz()[pri:0, instance:io.kaitai.struct.spec.TestTermStrz@3d92d11]" name="testTermStrz" duration-ms="0" started-at="2019-11-25T02:41:33Z" finished-at="2019-11-25T02:41:33Z">
          <reporter-output>
          </reporter-output>
        </test-method> <!-- testTermStrz -->
      </class> <!-- io.kaitai.struct.spec.TestTermStrz -->
      <class name="io.kaitai.struct.spec.TestExpr1">
        <test-method status="PASS" signature="testExpr1()[pri:0, instance:io.kaitai.struct.spec.TestExpr1@1c10b182]" name="testExpr1" duration-ms="0" started-at="2019-11-25T02:41:32Z" finished-at="2019-11-25T02:41:32Z">
          <reporter-output>
          </reporter-output>
        </test-method> <!-- testExpr1 -->
      </class> <!-- io.kaitai.struct.spec.TestExpr1 -->
      <class name="io.kaitai.struct.spec.TestExpr2">
        <test-method status="PASS" signature="testExpr2()[pri:0, instance:io.kaitai.struct.spec.TestExpr2@6952b54b]" name="testExpr2" duration-ms="1" started-at="2019-11-25T02:41:33Z" finished-at="2019-11-25T02:41:33Z">
          <reporter-output>
          </reporter-output>
        </test-method> <!-- testExpr2 -->
      </class> <!-- io.kaitai.struct.spec.TestExpr2 -->
      <class name="io.kaitai.struct.spec.TestStrEncodingsDefault">
        <test-method status="PASS" signature="testStrEncodingsDefault()[pri:0, instance:io.kaitai.struct.spec.TestStrEncodingsDefault@34fc84f2]" name="testStrEncodingsDefault" duration-ms="27" started-at="2019-11-25T02:41:33Z" finished-at="2019-11-25T02:41:33Z">
          <reporter-output>
          </reporter-output>
        </test-method> <!-- testStrEncodingsDefault -->
      </class> <!-- io.kaitai.struct.spec.TestStrEncodingsDefault -->
      <class name="io.kaitai.struct.spec.TestNavParentSwitch">
        <test-method status="PASS" signature="testNavParentSwitch()[pri:0, instance:io.kaitai.struct.spec.TestNavParentSwitch@19788380]" name="testNavParentSwitch" duration-ms="1" started-at="2019-11-25T02:41:33Z" finished-at="2019-11-25T02:41:33Z">
          <reporter-output>
          </reporter-output>
        </test-method> <!-- testNavParentSwitch -->
      </class> <!-- io.kaitai.struct.spec.TestNavParentSwitch -->
      <class name="io.kaitai.struct.spec.TestExpr3">
        <test-method status="PASS" signature="testExpr3()[pri:0, instance:io.kaitai.struct.spec.TestExpr3@4d175cd6]" name="testExpr3" duration-ms="0" started-at="2019-11-25T02:41:33Z" finished-at="2019-11-25T02:41:33Z">
          <reporter-output>
          </reporter-output>
        </test-method> <!-- testExpr3 -->
      </class> <!-- io.kaitai.struct.spec.TestExpr3 -->
      <class name="io.kaitai.struct.spec.TestProcessXorConst">
        <test-method status="PASS" signature="testProcessXorConst()[pri:0, instance:io.kaitai.struct.spec.TestProcessXorConst@611c3b04]" name="testProcessXorConst" duration-ms="12" started-at="2019-11-25T02:41:33Z" finished-at="2019-11-25T02:41:33Z">
          <reporter-output>
          </reporter-output>
        </test-method> <!-- testProcessXorConst -->
      </class> <!-- io.kaitai.struct.spec.TestProcessXorConst -->
      <class name="io.kaitai.struct.spec.TestNavParentFalse2">
        <test-method status="PASS" signature="testNavParentFalse2()[pri:0, instance:io.kaitai.struct.spec.TestNavParentFalse2@5d70cb3]" name="testNavParentFalse2" duration-ms="1" started-at="2019-11-25T02:41:33Z" finished-at="2019-11-25T02:41:33Z">
          <reporter-output>
          </reporter-output>
        </test-method> <!-- testNavParentFalse2 -->
      </class> <!-- io.kaitai.struct.spec.TestNavParentFalse2 -->
      <class name="io.kaitai.struct.spec.TestEosExceptionU4">
        <test-method status="PASS" signature="testEosExceptionU4()[pri:0, instance:io.kaitai.struct.spec.TestEosExceptionU4@b648925]" name="testEosExceptionU4" duration-ms="1" started-at="2019-11-25T02:41:33Z" finished-at="2019-11-25T02:41:33Z">
          <exception class="java.nio.BufferUnderflowException">
            <full-stacktrace>
              <![CDATA[java.nio.BufferUnderflowException
	at java.nio.Buffer.nextGetIndex(Buffer.java:498)
	at java.nio.HeapByteBuffer.getInt(HeapByteBuffer.java:355)
	at io.kaitai.struct.ByteBufferKaitaiStream.readU4le(ByteBufferKaitaiStream.java:269)
	at io.kaitai.struct.testformats.EosExceptionU4$Data._read(EosExceptionU4.java:55)
	at io.kaitai.struct.testformats.EosExceptionU4$Data.<init>(EosExceptionU4.java:51)
	at io.kaitai.struct.testformats.EosExceptionU4._read(EosExceptionU4.java:32)
	at io.kaitai.struct.testformats.EosExceptionU4.<init>(EosExceptionU4.java:27)
	at io.kaitai.struct.testformats.EosExceptionU4.<init>(EosExceptionU4.java:16)
	at io.kaitai.struct.testformats.EosExceptionU4.fromFile(EosExceptionU4.java:12)
	at io.kaitai.struct.spec.TestEosExceptionU4.testEosExceptionU4(TestEosExceptionU4.java:13)
	at sun.reflect.NativeMethodAccessorImpl.invoke0(Native Method)
	at sun.reflect.NativeMethodAccessorImpl.invoke(NativeMethodAccessorImpl.java:57)
	at sun.reflect.DelegatingMethodAccessorImpl.invoke(DelegatingMethodAccessorImpl.java:43)
	at java.lang.reflect.Method.invoke(Method.java:606)
	at org.testng.internal.MethodInvocationHelper.invokeMethod(MethodInvocationHelper.java:86)
	at org.testng.internal.Invoker.invokeMethod(Invoker.java:643)
	at org.testng.internal.Invoker.invokeTestMethod(Invoker.java:820)
	at org.testng.internal.Invoker.invokeTestMethods(Invoker.java:1128)
	at org.testng.internal.TestMethodWorker.invokeTestMethods(TestMethodWorker.java:129)
	at org.testng.internal.TestMethodWorker.run(TestMethodWorker.java:112)
	at org.testng.TestRunner.privateRun(TestRunner.java:782)
	at org.testng.TestRunner.run(TestRunner.java:632)
	at org.testng.SuiteRunner.runTest(SuiteRunner.java:366)
	at org.testng.SuiteRunner.runSequentially(SuiteRunner.java:361)
	at org.testng.SuiteRunner.privateRun(SuiteRunner.java:319)
	at org.testng.SuiteRunner.run(SuiteRunner.java:268)
	at org.testng.SuiteRunnerWorker.runSuite(SuiteRunnerWorker.java:52)
	at org.testng.SuiteRunnerWorker.run(SuiteRunnerWorker.java:86)
	at org.testng.TestNG.runSuitesSequentially(TestNG.java:1244)
	at org.testng.TestNG.runSuitesLocally(TestNG.java:1169)
	at org.testng.TestNG.run(TestNG.java:1064)
	at org.testng.TestNG.privateMain(TestNG.java:1385)
	at org.testng.TestNG.main(TestNG.java:1354)
]]>
            </full-stacktrace>
          </exception> <!-- java.nio.BufferUnderflowException -->
          <reporter-output>
          </reporter-output>
        </test-method> <!-- testEosExceptionU4 -->
      </class> <!-- io.kaitai.struct.spec.TestEosExceptionU4 -->
      <class name="io.kaitai.struct.spec.TestRepeatUntilSized">
        <test-method status="PASS" signature="testRepeatUntilSized()[pri:0, instance:io.kaitai.struct.spec.TestRepeatUntilSized@271db910]" name="testRepeatUntilSized" duration-ms="2" started-at="2019-11-25T02:41:32Z" finished-at="2019-11-25T02:41:32Z">
          <reporter-output>
          </reporter-output>
        </test-method> <!-- testRepeatUntilSized -->
      </class> <!-- io.kaitai.struct.spec.TestRepeatUntilSized -->
      <class name="io.kaitai.struct.spec.TestEnumNegative">
        <test-method status="PASS" signature="testEnumNegative()[pri:0, instance:io.kaitai.struct.spec.TestEnumNegative@18443e37]" name="testEnumNegative" duration-ms="1" started-at="2019-11-25T02:41:33Z" finished-at="2019-11-25T02:41:33Z">
          <reporter-output>
          </reporter-output>
        </test-method> <!-- testEnumNegative -->
      </class> <!-- io.kaitai.struct.spec.TestEnumNegative -->
      <class name="io.kaitai.struct.spec.TestDefaultEndianExprException">
        <test-method status="PASS" signature="testDefaultEndianExprException()[pri:0, instance:io.kaitai.struct.spec.TestDefaultEndianExprException@4725d9b]" name="testDefaultEndianExprException" duration-ms="1" started-at="2019-11-25T02:41:33Z" finished-at="2019-11-25T02:41:33Z">
          <exception class="io.kaitai.struct.KaitaiStream$UndecidedEndiannessError">
            <full-stacktrace>
              <![CDATA[io.kaitai.struct.KaitaiStream$UndecidedEndiannessError
	at io.kaitai.struct.testformats.DefaultEndianExprException$Doc$MainObj._read(DefaultEndianExprException.java:98)
	at io.kaitai.struct.testformats.DefaultEndianExprException$Doc$MainObj.<init>(DefaultEndianExprException.java:82)
	at io.kaitai.struct.testformats.DefaultEndianExprException$Doc._read(DefaultEndianExprException.java:62)
	at io.kaitai.struct.testformats.DefaultEndianExprException$Doc.<init>(DefaultEndianExprException.java:58)
	at io.kaitai.struct.testformats.DefaultEndianExprException._read(DefaultEndianExprException.java:36)
	at io.kaitai.struct.testformats.DefaultEndianExprException.<init>(DefaultEndianExprException.java:29)
	at io.kaitai.struct.testformats.DefaultEndianExprException.<init>(DefaultEndianExprException.java:18)
	at io.kaitai.struct.testformats.DefaultEndianExprException.fromFile(DefaultEndianExprException.java:14)
	at io.kaitai.struct.spec.TestDefaultEndianExprException.testDefaultEndianExprException(TestDefaultEndianExprException.java:13)
	at sun.reflect.NativeMethodAccessorImpl.invoke0(Native Method)
	at sun.reflect.NativeMethodAccessorImpl.invoke(NativeMethodAccessorImpl.java:57)
	at sun.reflect.DelegatingMethodAccessorImpl.invoke(DelegatingMethodAccessorImpl.java:43)
	at java.lang.reflect.Method.invoke(Method.java:606)
	at org.testng.internal.MethodInvocationHelper.invokeMethod(MethodInvocationHelper.java:86)
	at org.testng.internal.Invoker.invokeMethod(Invoker.java:643)
	at org.testng.internal.Invoker.invokeTestMethod(Invoker.java:820)
	at org.testng.internal.Invoker.invokeTestMethods(Invoker.java:1128)
	at org.testng.internal.TestMethodWorker.invokeTestMethods(TestMethodWorker.java:129)
	at org.testng.internal.TestMethodWorker.run(TestMethodWorker.java:112)
	at org.testng.TestRunner.privateRun(TestRunner.java:782)
	at org.testng.TestRunner.run(TestRunner.java:632)
	at org.testng.SuiteRunner.runTest(SuiteRunner.java:366)
	at org.testng.SuiteRunner.runSequentially(SuiteRunner.java:361)
	at org.testng.SuiteRunner.privateRun(SuiteRunner.java:319)
	at org.testng.SuiteRunner.run(SuiteRunner.java:268)
	at org.testng.SuiteRunnerWorker.runSuite(SuiteRunnerWorker.java:52)
	at org.testng.SuiteRunnerWorker.run(SuiteRunnerWorker.java:86)
	at org.testng.TestNG.runSuitesSequentially(TestNG.java:1244)
	at org.testng.TestNG.runSuitesLocally(TestNG.java:1169)
	at org.testng.TestNG.run(TestNG.java:1064)
	at org.testng.TestNG.privateMain(TestNG.java:1385)
	at org.testng.TestNG.main(TestNG.java:1354)
]]>
            </full-stacktrace>
          </exception> <!-- io.kaitai.struct.KaitaiStream$UndecidedEndiannessError -->
          <reporter-output>
          </reporter-output>
        </test-method> <!-- testDefaultEndianExprException -->
      </class> <!-- io.kaitai.struct.spec.TestDefaultEndianExprException -->
      <class name="io.kaitai.struct.spec.TestExprBytesOps">
        <test-method status="PASS" signature="testExprBytesOps()[pri:0, instance:io.kaitai.struct.spec.TestExprBytesOps@43bc66af]" name="testExprBytesOps" duration-ms="0" started-at="2019-11-25T02:41:33Z" finished-at="2019-11-25T02:41:33Z">
          <reporter-output>
          </reporter-output>
        </test-method> <!-- testExprBytesOps -->
      </class> <!-- io.kaitai.struct.spec.TestExprBytesOps -->
      <class name="io.kaitai.struct.spec.TestExprSizeofValue0">
        <test-method status="PASS" signature="testExprSizeofValue0()[pri:0, instance:io.kaitai.struct.spec.TestExprSizeofValue0@37015590]" name="testExprSizeofValue0" duration-ms="1" started-at="2019-11-25T02:41:33Z" finished-at="2019-11-25T02:41:33Z">
          <reporter-output>
          </reporter-output>
        </test-method> <!-- testExprSizeofValue0 -->
      </class> <!-- io.kaitai.struct.spec.TestExprSizeofValue0 -->
      <class name="io.kaitai.struct.spec.TestDefaultBigEndian">
        <test-method status="PASS" signature="testDefaultBigEndian()[pri:0, instance:io.kaitai.struct.spec.TestDefaultBigEndian@ffd51f7]" name="testDefaultBigEndian" duration-ms="1" started-at="2019-11-25T02:41:33Z" finished-at="2019-11-25T02:41:33Z">
          <reporter-output>
          </reporter-output>
        </test-method> <!-- testDefaultBigEndian -->
      </class> <!-- io.kaitai.struct.spec.TestDefaultBigEndian -->
      <class name="io.kaitai.struct.spec.TestDefaultEndianExprIsBe">
        <test-method status="PASS" signature="testDefaultEndianExprIsBe()[pri:0, instance:io.kaitai.struct.spec.TestDefaultEndianExprIsBe@65c7bbfc]" name="testDefaultEndianExprIsBe" duration-ms="1" started-at="2019-11-25T02:41:33Z" finished-at="2019-11-25T02:41:33Z">
          <reporter-output>
          </reporter-output>
        </test-method> <!-- testDefaultEndianExprIsBe -->
      </class> <!-- io.kaitai.struct.spec.TestDefaultEndianExprIsBe -->
      <class name="io.kaitai.struct.spec.TestParamsCallExtraParens">
        <test-method status="PASS" signature="testParamsCallExtraParens()[pri:0, instance:io.kaitai.struct.spec.TestParamsCallExtraParens@65e7aa15]" name="testParamsCallExtraParens" duration-ms="2" started-at="2019-11-25T02:41:33Z" finished-at="2019-11-25T02:41:33Z">
          <reporter-output>
          </reporter-output>
        </test-method> <!-- testParamsCallExtraParens -->
      </class> <!-- io.kaitai.struct.spec.TestParamsCallExtraParens -->
      <class name="io.kaitai.struct.spec.TestCastToImported">
        <test-method status="PASS" signature="testCastToImported()[pri:0, instance:io.kaitai.struct.spec.TestCastToImported@2c210805]" name="testCastToImported" duration-ms="11" started-at="2019-11-25T02:41:32Z" finished-at="2019-11-25T02:41:32Z">
          <reporter-output>
          </reporter-output>
        </test-method> <!-- testCastToImported -->
      </class> <!-- io.kaitai.struct.spec.TestCastToImported -->
      <class name="io.kaitai.struct.spec.TestBytesPadTerm">
        <test-method status="PASS" signature="testBytesPadTerm()[pri:0, instance:io.kaitai.struct.spec.TestBytesPadTerm@4534005b]" name="testBytesPadTerm" duration-ms="0" started-at="2019-11-25T02:41:33Z" finished-at="2019-11-25T02:41:33Z">
          <reporter-output>
          </reporter-output>
        </test-method> <!-- testBytesPadTerm -->
      </class> <!-- io.kaitai.struct.spec.TestBytesPadTerm -->
      <class name="io.kaitai.struct.spec.TestExprMod">
        <test-method status="PASS" signature="testExprMod()[pri:0, instance:io.kaitai.struct.spec.TestExprMod@4b1aeb38]" name="testExprMod" duration-ms="1" started-at="2019-11-25T02:41:33Z" finished-at="2019-11-25T02:41:33Z">
          <reporter-output>
          </reporter-output>
        </test-method> <!-- testExprMod -->
      </class> <!-- io.kaitai.struct.spec.TestExprMod -->
      <class name="io.kaitai.struct.spec.TestValidSwitch">
        <test-method status="PASS" signature="testValidSwitch()[pri:0, instance:io.kaitai.struct.spec.TestValidSwitch@234066d1]" name="testValidSwitch" duration-ms="0" started-at="2019-11-25T02:41:33Z" finished-at="2019-11-25T02:41:33Z">
          <reporter-output>
          </reporter-output>
        </test-method> <!-- testValidSwitch -->
      </class> <!-- io.kaitai.struct.spec.TestValidSwitch -->
      <class name="io.kaitai.struct.spec.TestTermBytes">
        <test-method status="PASS" signature="testTermBytes()[pri:0, instance:io.kaitai.struct.spec.TestTermBytes@3aa6088]" name="testTermBytes" duration-ms="0" started-at="2019-11-25T02:41:33Z" finished-at="2019-11-25T02:41:33Z">
          <reporter-output>
          </reporter-output>
        </test-method> <!-- testTermBytes -->
      </class> <!-- io.kaitai.struct.spec.TestTermBytes -->
      <class name="io.kaitai.struct.spec.TestDocstrings">
        <test-method status="PASS" signature="testDocstrings()[pri:0, instance:io.kaitai.struct.spec.TestDocstrings@38987d26]" name="testDocstrings" duration-ms="1" started-at="2019-11-25T02:41:33Z" finished-at="2019-11-25T02:41:33Z">
          <reporter-output>
          </reporter-output>
        </test-method> <!-- testDocstrings -->
      </class> <!-- io.kaitai.struct.spec.TestDocstrings -->
      <class name="io.kaitai.struct.spec.TestFixedStruct">
        <test-method status="PASS" signature="testFixedStruct()[pri:0, instance:io.kaitai.struct.spec.TestFixedStruct@5f98de7]" name="testFixedStruct" duration-ms="1" started-at="2019-11-25T02:41:33Z" finished-at="2019-11-25T02:41:33Z">
          <reporter-output>
          </reporter-output>
        </test-method> <!-- testFixedStruct -->
      </class> <!-- io.kaitai.struct.spec.TestFixedStruct -->
      <class name="io.kaitai.struct.spec.TestProcessCoerceBytes">
        <test-method status="PASS" signature="testProcessCoerceBytes()[pri:0, instance:io.kaitai.struct.spec.TestProcessCoerceBytes@32f2bc85]" name="testProcessCoerceBytes" duration-ms="0" started-at="2019-11-25T02:41:33Z" finished-at="2019-11-25T02:41:33Z">
          <reporter-output>
          </reporter-output>
        </test-method> <!-- testProcessCoerceBytes -->
      </class> <!-- io.kaitai.struct.spec.TestProcessCoerceBytes -->
      <class name="io.kaitai.struct.spec.TestFloatingPoints">
        <test-method status="PASS" signature="testFloatingPoints()[pri:0, instance:io.kaitai.struct.spec.TestFloatingPoints@5673ef7]" name="testFloatingPoints" duration-ms="0" started-at="2019-11-25T02:41:33Z" finished-at="2019-11-25T02:41:33Z">
          <reporter-output>
          </reporter-output>
        </test-method> <!-- testFloatingPoints -->
      </class> <!-- io.kaitai.struct.spec.TestFloatingPoints -->
      <class name="io.kaitai.struct.spec.TestRepeatEosBit">
        <test-method status="PASS" signature="testRepeatEosBit()[pri:0, instance:io.kaitai.struct.spec.TestRepeatEosBit@3d56cce6]" name="testRepeatEosBit" duration-ms="1" started-at="2019-11-25T02:41:33Z" finished-at="2019-11-25T02:41:33Z">
          <reporter-output>
          </reporter-output>
        </test-method> <!-- testRepeatEosBit -->
      </class> <!-- io.kaitai.struct.spec.TestRepeatEosBit -->
      <class name="io.kaitai.struct.spec.TestSwitchManualEnumInvalid">
        <test-method status="PASS" signature="testSwitchManualEnumInvalid()[pri:0, instance:io.kaitai.struct.spec.TestSwitchManualEnumInvalid@1c06d198]" name="testSwitchManualEnumInvalid" duration-ms="1" started-at="2019-11-25T02:41:33Z" finished-at="2019-11-25T02:41:33Z">
          <reporter-output>
          </reporter-output>
        </test-method> <!-- testSwitchManualEnumInvalid -->
      </class> <!-- io.kaitai.struct.spec.TestSwitchManualEnumInvalid -->
      <class name="io.kaitai.struct.spec.TestIndexSizes">
        <test-method status="PASS" signature="testIndexSizes()[pri:0, instance:io.kaitai.struct.spec.TestIndexSizes@606a1ca2]" name="testIndexSizes" duration-ms="1" started-at="2019-11-25T02:41:32Z" finished-at="2019-11-25T02:41:32Z">
          <reporter-output>
          </reporter-output>
        </test-method> <!-- testIndexSizes -->
      </class> <!-- io.kaitai.struct.spec.TestIndexSizes -->
      <class name="io.kaitai.struct.spec.TestProcessCoerceUsertype2">
        <test-method status="PASS" signature="testProcessCoerceUsertype2()[pri:0, instance:io.kaitai.struct.spec.TestProcessCoerceUsertype2@2ea7eb57]" name="testProcessCoerceUsertype2" duration-ms="1" started-at="2019-11-25T02:41:33Z" finished-at="2019-11-25T02:41:33Z">
          <reporter-output>
          </reporter-output>
        </test-method> <!-- testProcessCoerceUsertype2 -->
      </class> <!-- io.kaitai.struct.spec.TestProcessCoerceUsertype2 -->
      <class name="io.kaitai.struct.spec.TestCastNested">
        <test-method status="PASS" signature="testCastNested()[pri:0, instance:io.kaitai.struct.spec.TestCastNested@51037076]" name="testCastNested" duration-ms="2" started-at="2019-11-25T02:41:33Z" finished-at="2019-11-25T02:41:33Z">
          <reporter-output>
          </reporter-output>
        </test-method> <!-- testCastNested -->
      </class> <!-- io.kaitai.struct.spec.TestCastNested -->
      <class name="io.kaitai.struct.spec.TestProcessCoerceUsertype1">
        <test-method status="PASS" signature="testProcessCoerceUsertype1()[pri:0, instance:io.kaitai.struct.spec.TestProcessCoerceUsertype1@37fca526]" name="testProcessCoerceUsertype1" duration-ms="2" started-at="2019-11-25T02:41:33Z" finished-at="2019-11-25T02:41:33Z">
          <reporter-output>
          </reporter-output>
        </test-method> <!-- testProcessCoerceUsertype1 -->
      </class> <!-- io.kaitai.struct.spec.TestProcessCoerceUsertype1 -->
      <class name="io.kaitai.struct.spec.TestSwitchCast">
        <test-method status="PASS" signature="testSwitchCast()[pri:0, instance:io.kaitai.struct.spec.TestSwitchCast@6f8bf360]" name="testSwitchCast" duration-ms="1" started-at="2019-11-25T02:41:33Z" finished-at="2019-11-25T02:41:33Z">
          <reporter-output>
          </reporter-output>
        </test-method> <!-- testSwitchCast -->
      </class> <!-- io.kaitai.struct.spec.TestSwitchCast -->
      <class name="io.kaitai.struct.spec.TestIfInstances">
        <test-method status="PASS" signature="testIfInstances()[pri:0, instance:io.kaitai.struct.spec.TestIfInstances@7529a559]" name="testIfInstances" duration-ms="0" started-at="2019-11-25T02:41:33Z" finished-at="2019-11-25T02:41:33Z">
          <reporter-output>
          </reporter-output>
        </test-method> <!-- testIfInstances -->
      </class> <!-- io.kaitai.struct.spec.TestIfInstances -->
      <class name="io.kaitai.struct.spec.TestNavParentOverride">
        <test-method status="PASS" signature="testNavParentOverride()[pri:0, instance:io.kaitai.struct.spec.TestNavParentOverride@7a674e9b]" name="testNavParentOverride" duration-ms="1" started-at="2019-11-25T02:41:33Z" finished-at="2019-11-25T02:41:33Z">
          <reporter-output>
          </reporter-output>
        </test-method> <!-- testNavParentOverride -->
      </class> <!-- io.kaitai.struct.spec.TestNavParentOverride -->
      <class name="io.kaitai.struct.spec.TestExprBytesCmp">
        <test-method status="PASS" signature="testExprBytesCmp()[pri:0, instance:io.kaitai.struct.spec.TestExprBytesCmp@368b5035]" name="testExprBytesCmp" duration-ms="1" started-at="2019-11-25T02:41:33Z" finished-at="2019-11-25T02:41:33Z">
          <reporter-output>
          </reporter-output>
        </test-method> <!-- testExprBytesCmp -->
      </class> <!-- io.kaitai.struct.spec.TestExprBytesCmp -->
      <class name="io.kaitai.struct.spec.TestIndexToParamEos">
        <test-method status="PASS" signature="testIndexToParamEos()[pri:0, instance:io.kaitai.struct.spec.TestIndexToParamEos@4067449]" name="testIndexToParamEos" duration-ms="1" started-at="2019-11-25T02:41:33Z" finished-at="2019-11-25T02:41:33Z">
          <reporter-output>
          </reporter-output>
        </test-method> <!-- testIndexToParamEos -->
      </class> <!-- io.kaitai.struct.spec.TestIndexToParamEos -->
      <class name="io.kaitai.struct.spec.TestEnumInvalid">
        <test-method status="PASS" signature="testEnumInvalid()[pri:0, instance:io.kaitai.struct.spec.TestEnumInvalid@20b575f3]" name="testEnumInvalid" duration-ms="1" started-at="2019-11-25T02:41:33Z" finished-at="2019-11-25T02:41:33Z">
          <reporter-output>
          </reporter-output>
        </test-method> <!-- testEnumInvalid -->
      </class> <!-- io.kaitai.struct.spec.TestEnumInvalid -->
      <class name="io.kaitai.struct.spec.TestEnumDeep">
        <test-method status="PASS" signature="testEnumDeep()[pri:0, instance:io.kaitai.struct.spec.TestEnumDeep@4e453182]" name="testEnumDeep" duration-ms="1" started-at="2019-11-25T02:41:33Z" finished-at="2019-11-25T02:41:33Z">
          <reporter-output>
          </reporter-output>
        </test-method> <!-- testEnumDeep -->
      </class> <!-- io.kaitai.struct.spec.TestEnumDeep -->
      <class name="io.kaitai.struct.spec.TestNonStandard">
        <test-method status="PASS" signature="testNonStandard()[pri:0, instance:io.kaitai.struct.spec.TestNonStandard@151d2dc5]" name="testNonStandard" duration-ms="1" started-at="2019-11-25T02:41:33Z" finished-at="2019-11-25T02:41:33Z">
          <reporter-output>
          </reporter-output>
        </test-method> <!-- testNonStandard -->
      </class> <!-- io.kaitai.struct.spec.TestNonStandard -->
      <class name="io.kaitai.struct.spec.TestImportsAbsRel">
        <test-method status="PASS" signature="testImportsAbsRel()[pri:0, instance:io.kaitai.struct.spec.TestImportsAbsRel@41494678]" name="testImportsAbsRel" duration-ms="1" started-at="2019-11-25T02:41:33Z" finished-at="2019-11-25T02:41:33Z">
          <reporter-output>
          </reporter-output>
        </test-method> <!-- testImportsAbsRel -->
      </class> <!-- io.kaitai.struct.spec.TestImportsAbsRel -->
      <class name="io.kaitai.struct.spec.TestYamlInts">
        <test-method status="PASS" signature="testYamlInts()[pri:0, instance:io.kaitai.struct.spec.TestYamlInts@4a02dffb]" name="testYamlInts" duration-ms="1" started-at="2019-11-25T02:41:33Z" finished-at="2019-11-25T02:41:33Z">
          <reporter-output>
          </reporter-output>
        </test-method> <!-- testYamlInts -->
      </class> <!-- io.kaitai.struct.spec.TestYamlInts -->
      <class name="io.kaitai.struct.spec.TestEnumFancy">
        <test-method status="PASS" signature="testEnumFancy()[pri:0, instance:io.kaitai.struct.spec.TestEnumFancy@6ba2a53]" name="testEnumFancy" duration-ms="1" started-at="2019-11-25T02:41:33Z" finished-at="2019-11-25T02:41:33Z">
          <reporter-output>
          </reporter-output>
        </test-method> <!-- testEnumFancy -->
      </class> <!-- io.kaitai.struct.spec.TestEnumFancy -->
      <class name="io.kaitai.struct.spec.TestStrEos">
        <test-method status="PASS" signature="testStrEos()[pri:0, instance:io.kaitai.struct.spec.TestStrEos@5ce6d453]" name="testStrEos" duration-ms="0" started-at="2019-11-25T02:41:33Z" finished-at="2019-11-25T02:41:33Z">
          <reporter-output>
          </reporter-output>
        </test-method> <!-- testStrEos -->
      </class> <!-- io.kaitai.struct.spec.TestStrEos -->
      <class name="io.kaitai.struct.spec.TestPositionAbs">
        <test-method status="PASS" signature="testPositionAbs()[pri:0, instance:io.kaitai.struct.spec.TestPositionAbs@4901f42d]" name="testPositionAbs" duration-ms="1" started-at="2019-11-25T02:41:33Z" finished-at="2019-11-25T02:41:33Z">
          <reporter-output>
          </reporter-output>
        </test-method> <!-- testPositionAbs -->
      </class> <!-- io.kaitai.struct.spec.TestPositionAbs -->
      <class name="io.kaitai.struct.spec.TestDefaultEndianExprInherited">
        <test-method status="PASS" signature="testDefaultEndianExprInherited()[pri:0, instance:io.kaitai.struct.spec.TestDefaultEndianExprInherited@bc8ba5]" name="testDefaultEndianExprInherited" duration-ms="1" started-at="2019-11-25T02:41:33Z" finished-at="2019-11-25T02:41:33Z">
          <reporter-output>
          </reporter-output>
        </test-method> <!-- testDefaultEndianExprInherited -->
      </class> <!-- io.kaitai.struct.spec.TestDefaultEndianExprInherited -->
      <class name="io.kaitai.struct.spec.TestRepeatEosU4">
        <test-method status="PASS" signature="testRepeatEosU4()[pri:0, instance:io.kaitai.struct.spec.TestRepeatEosU4@7903a032]" name="testRepeatEosU4" duration-ms="0" started-at="2019-11-25T02:41:33Z" finished-at="2019-11-25T02:41:33Z">
          <reporter-output>
          </reporter-output>
        </test-method> <!-- testRepeatEosU4 -->
      </class> <!-- io.kaitai.struct.spec.TestRepeatEosU4 -->
      <class name="io.kaitai.struct.spec.TestExprIoPos">
        <test-method status="PASS" signature="testExprIoPos()[pri:0, instance:io.kaitai.struct.spec.TestExprIoPos@567e0121]" name="testExprIoPos" duration-ms="1" started-at="2019-11-25T02:41:33Z" finished-at="2019-11-25T02:41:33Z">
          <reporter-output>
          </reporter-output>
        </test-method> <!-- testExprIoPos -->
      </class> <!-- io.kaitai.struct.spec.TestExprIoPos -->
      <class name="io.kaitai.struct.spec.TestBitsEnum">
        <test-method status="PASS" signature="testBitsEnum()[pri:0, instance:io.kaitai.struct.spec.TestBitsEnum@28fea41a]" name="testBitsEnum" duration-ms="0" started-at="2019-11-25T02:41:33Z" finished-at="2019-11-25T02:41:33Z">
          <reporter-output>
          </reporter-output>
        </test-method> <!-- testBitsEnum -->
      </class> <!-- io.kaitai.struct.spec.TestBitsEnum -->
      <class name="io.kaitai.struct.spec.TestDebug0">
        <test-method status="PASS" signature="testDebug0()[pri:0, instance:io.kaitai.struct.spec.TestDebug0@5683a865]" name="testDebug0" duration-ms="1" started-at="2019-11-25T02:41:33Z" finished-at="2019-11-25T02:41:33Z">
          <reporter-output>
          </reporter-output>
        </test-method> <!-- testDebug0 -->
      </class> <!-- io.kaitai.struct.spec.TestDebug0 -->
      <class name="io.kaitai.struct.spec.TestEosExceptionBytes">
        <test-method status="PASS" signature="testEosExceptionBytes()[pri:0, instance:io.kaitai.struct.spec.TestEosExceptionBytes@2c9557e1]" name="testEosExceptionBytes" duration-ms="1" started-at="2019-11-25T02:41:33Z" finished-at="2019-11-25T02:41:33Z">
          <exception class="java.nio.BufferUnderflowException">
            <full-stacktrace>
              <![CDATA[java.nio.BufferUnderflowException
	at java.nio.HeapByteBuffer.get(HeapByteBuffer.java:145)
	at java.nio.ByteBuffer.get(ByteBuffer.java:695)
	at io.kaitai.struct.ByteBufferKaitaiStream.readBytes(ByteBufferKaitaiStream.java:324)
	at io.kaitai.struct.testformats.EosExceptionBytes$Data._read(EosExceptionBytes.java:54)
	at io.kaitai.struct.testformats.EosExceptionBytes$Data.<init>(EosExceptionBytes.java:51)
	at io.kaitai.struct.testformats.EosExceptionBytes._read(EosExceptionBytes.java:32)
	at io.kaitai.struct.testformats.EosExceptionBytes.<init>(EosExceptionBytes.java:27)
	at io.kaitai.struct.testformats.EosExceptionBytes.<init>(EosExceptionBytes.java:16)
	at io.kaitai.struct.testformats.EosExceptionBytes.fromFile(EosExceptionBytes.java:12)
	at io.kaitai.struct.spec.TestEosExceptionBytes.testEosExceptionBytes(TestEosExceptionBytes.java:13)
	at sun.reflect.NativeMethodAccessorImpl.invoke0(Native Method)
	at sun.reflect.NativeMethodAccessorImpl.invoke(NativeMethodAccessorImpl.java:57)
	at sun.reflect.DelegatingMethodAccessorImpl.invoke(DelegatingMethodAccessorImpl.java:43)
	at java.lang.reflect.Method.invoke(Method.java:606)
	at org.testng.internal.MethodInvocationHelper.invokeMethod(MethodInvocationHelper.java:86)
	at org.testng.internal.Invoker.invokeMethod(Invoker.java:643)
	at org.testng.internal.Invoker.invokeTestMethod(Invoker.java:820)
	at org.testng.internal.Invoker.invokeTestMethods(Invoker.java:1128)
	at org.testng.internal.TestMethodWorker.invokeTestMethods(TestMethodWorker.java:129)
	at org.testng.internal.TestMethodWorker.run(TestMethodWorker.java:112)
	at org.testng.TestRunner.privateRun(TestRunner.java:782)
	at org.testng.TestRunner.run(TestRunner.java:632)
	at org.testng.SuiteRunner.runTest(SuiteRunner.java:366)
	at org.testng.SuiteRunner.runSequentially(SuiteRunner.java:361)
	at org.testng.SuiteRunner.privateRun(SuiteRunner.java:319)
	at org.testng.SuiteRunner.run(SuiteRunner.java:268)
	at org.testng.SuiteRunnerWorker.runSuite(SuiteRunnerWorker.java:52)
	at org.testng.SuiteRunnerWorker.run(SuiteRunnerWorker.java:86)
	at org.testng.TestNG.runSuitesSequentially(TestNG.java:1244)
	at org.testng.TestNG.runSuitesLocally(TestNG.java:1169)
	at org.testng.TestNG.run(TestNG.java:1064)
	at org.testng.TestNG.privateMain(TestNG.java:1385)
	at org.testng.TestNG.main(TestNG.java:1354)
]]>
            </full-stacktrace>
          </exception> <!-- java.nio.BufferUnderflowException -->
          <reporter-output>
          </reporter-output>
        </test-method> <!-- testEosExceptionBytes -->
      </class> <!-- io.kaitai.struct.spec.TestEosExceptionBytes -->
      <class name="io.kaitai.struct.spec.TestSwitchManualIntSizeElse">
        <test-method status="PASS" signature="testSwitchManualIntSizeElse()[pri:0, instance:io.kaitai.struct.spec.TestSwitchManualIntSizeElse@48a0c533]" name="testSwitchManualIntSizeElse" duration-ms="1" started-at="2019-11-25T02:41:33Z" finished-at="2019-11-25T02:41:33Z">
          <reporter-output>
          </reporter-output>
        </test-method> <!-- testSwitchManualIntSizeElse -->
      </class> <!-- io.kaitai.struct.spec.TestSwitchManualIntSizeElse -->
      <class name="io.kaitai.struct.spec.TestStrPadTerm">
        <test-method status="PASS" signature="testStrPadTerm()[pri:0, instance:io.kaitai.struct.spec.TestStrPadTerm@76956344]" name="testStrPadTerm" duration-ms="0" started-at="2019-11-25T02:41:33Z" finished-at="2019-11-25T02:41:33Z">
          <reporter-output>
          </reporter-output>
        </test-method> <!-- testStrPadTerm -->
      </class> <!-- io.kaitai.struct.spec.TestStrPadTerm -->
      <class name="io.kaitai.struct.spec.TestStrEncodings">
        <test-method status="PASS" signature="testStrEncodings()[pri:0, instance:io.kaitai.struct.spec.TestStrEncodings@126b227]" name="testStrEncodings" duration-ms="1" started-at="2019-11-25T02:41:33Z" finished-at="2019-11-25T02:41:33Z">
          <reporter-output>
          </reporter-output>
        </test-method> <!-- testStrEncodings -->
      </class> <!-- io.kaitai.struct.spec.TestStrEncodings -->
      <class name="io.kaitai.struct.spec.TestTypeTernary">
        <test-method status="PASS" signature="testTypeTernary()[pri:0, instance:io.kaitai.struct.spec.TestTypeTernary@18bbe4d3]" name="testTypeTernary" duration-ms="2" started-at="2019-11-25T02:41:33Z" finished-at="2019-11-25T02:41:33Z">
          <reporter-output>
          </reporter-output>
        </test-method> <!-- testTypeTernary -->
[...]
          <reporter-output>
          </reporter-output>
        </test-method> <!-- testTypeIntUnaryOp -->
      </class> <!-- io.kaitai.struct.spec.TestTypeIntUnaryOp -->
      <class name="io.kaitai.struct.spec.TestNestedSameName">
        <test-method status="PASS" signature="testNestedSameName()[pri:0, instance:io.kaitai.struct.spec.TestNestedSameName@2843568b]" name="testNestedSameName" duration-ms="1" started-at="2019-11-25T02:41:33Z" finished-at="2019-11-25T02:41:33Z">
          <reporter-output>
          </reporter-output>
        </test-method> <!-- testNestedSameName -->
      </class> <!-- io.kaitai.struct.spec.TestNestedSameName -->
      <class name="io.kaitai.struct.spec.TestInstanceUserArray">
        <test-method status="PASS" signature="testInstanceUserArray()[pri:0, instance:io.kaitai.struct.spec.TestInstanceUserArray@1f427975]" name="testInstanceUserArray" duration-ms="1" started-at="2019-11-25T02:41:33Z" finished-at="2019-11-25T02:41:33Z">
          <reporter-output>
          </reporter-output>
        </test-method> <!-- testInstanceUserArray -->
      </class> <!-- io.kaitai.struct.spec.TestInstanceUserArray -->
      <class name="io.kaitai.struct.spec.TestOpaqueWithParam">
        <test-method status="PASS" signature="testOpaqueWithParam()[pri:0, instance:io.kaitai.struct.spec.TestOpaqueWithParam@d8f459]" name="testOpaqueWithParam" duration-ms="0" started-at="2019-11-25T02:41:33Z" finished-at="2019-11-25T02:41:33Z">
          <reporter-output>
          </reporter-output>
        </test-method> <!-- testOpaqueWithParam -->
      </class> <!-- io.kaitai.struct.spec.TestOpaqueWithParam -->
      <class name="io.kaitai.struct.spec.TestIndexToParamExpr">
        <test-method status="PASS" signature="testIndexToParamExpr()[pri:0, instance:io.kaitai.struct.spec.TestIndexToParamExpr@1da2f8ca]" name="testIndexToParamExpr" duration-ms="1" started-at="2019-11-25T02:41:33Z" finished-at="2019-11-25T02:41:33Z">
          <reporter-output>
          </reporter-output>
        </test-method> <!-- testIndexToParamExpr -->
      </class> <!-- io.kaitai.struct.spec.TestIndexToParamExpr -->
      <class name="io.kaitai.struct.spec.TestIfStruct">
        <test-method status="PASS" signature="testIfStruct()[pri:0, instance:io.kaitai.struct.spec.TestIfStruct@2c9596e5]" name="testIfStruct" duration-ms="2" started-at="2019-11-25T02:41:32Z" finished-at="2019-11-25T02:41:32Z">
          <reporter-output>
          </reporter-output>
        </test-method> <!-- testIfStruct -->
      </class> <!-- io.kaitai.struct.spec.TestIfStruct -->
      <class name="io.kaitai.struct.spec.TestEofExceptionBytes">
        <test-method status="PASS" signature="testEofExceptionBytes()[pri:0, instance:io.kaitai.struct.spec.TestEofExceptionBytes@705f6d64]" name="testEofExceptionBytes" duration-ms="0" started-at="2019-11-25T02:41:33Z" finished-at="2019-11-25T02:41:33Z">
          <exception class="java.nio.BufferUnderflowException">
            <full-stacktrace>
              <![CDATA[java.nio.BufferUnderflowException
	at java.nio.DirectByteBuffer.get(DirectByteBuffer.java:265)
	at java.nio.ByteBuffer.get(ByteBuffer.java:695)
	at io.kaitai.struct.ByteBufferKaitaiStream.readBytes(ByteBufferKaitaiStream.java:324)
	at io.kaitai.struct.testformats.EofExceptionBytes._read(EofExceptionBytes.java:30)
	at io.kaitai.struct.testformats.EofExceptionBytes.<init>(EofExceptionBytes.java:27)
	at io.kaitai.struct.testformats.EofExceptionBytes.<init>(EofExceptionBytes.java:16)
	at io.kaitai.struct.testformats.EofExceptionBytes.fromFile(EofExceptionBytes.java:12)
	at io.kaitai.struct.spec.TestEofExceptionBytes.testEofExceptionBytes(TestEofExceptionBytes.java:13)
	at sun.reflect.NativeMethodAccessorImpl.invoke0(Native Method)
	at sun.reflect.NativeMethodAccessorImpl.invoke(NativeMethodAccessorImpl.java:57)
	at sun.reflect.DelegatingMethodAccessorImpl.invoke(DelegatingMethodAccessorImpl.java:43)
	at java.lang.reflect.Method.invoke(Method.java:606)
	at org.testng.internal.MethodInvocationHelper.invokeMethod(MethodInvocationHelper.java:86)
	at org.testng.internal.Invoker.invokeMethod(Invoker.java:643)
	at org.testng.internal.Invoker.invokeTestMethod(Invoker.java:820)
	at org.testng.internal.Invoker.invokeTestMethods(Invoker.java:1128)
	at org.testng.internal.TestMethodWorker.invokeTestMethods(TestMethodWorker.java:129)
	at org.testng.internal.TestMethodWorker.run(TestMethodWorker.java:112)
	at org.testng.TestRunner.privateRun(TestRunner.java:782)
	at org.testng.TestRunner.run(TestRunner.java:632)
	at org.testng.SuiteRunner.runTest(SuiteRunner.java:366)
	at org.testng.SuiteRunner.runSequentially(SuiteRunner.java:361)
	at org.testng.SuiteRunner.privateRun(SuiteRunner.java:319)
	at org.testng.SuiteRunner.run(SuiteRunner.java:268)
	at org.testng.SuiteRunnerWorker.runSuite(SuiteRunnerWorker.java:52)
	at org.testng.SuiteRunnerWorker.run(SuiteRunnerWorker.java:86)
	at org.testng.TestNG.runSuitesSequentially(TestNG.java:1244)
	at org.testng.TestNG.runSuitesLocally(TestNG.java:1169)
	at org.testng.TestNG.run(TestNG.java:1064)
	at org.testng.TestNG.privateMain(TestNG.java:1385)
	at org.testng.TestNG.main(TestNG.java:1354)
]]>
            </full-stacktrace>
          </exception> <!-- java.nio.BufferUnderflowException -->
          <reporter-output>
          </reporter-output>
        </test-method> <!-- testEofExceptionBytes -->
      </class> <!-- io.kaitai.struct.spec.TestEofExceptionBytes -->
      <class name="io.kaitai.struct.spec.TestBitsByteAligned">
        <test-method status="PASS" signature="testBitsByteAligned()[pri:0, instance:io.kaitai.struct.spec.TestBitsByteAligned@67635d96]" name="testBitsByteAligned" duration-ms="1" started-at="2019-11-25T02:41:33Z" finished-at="2019-11-25T02:41:33Z">
          <reporter-output>
          </reporter-output>
        </test-method> <!-- testBitsByteAligned -->
      </class> <!-- io.kaitai.struct.spec.TestBitsByteAligned -->
      <class name="io.kaitai.struct.spec.TestEofExceptionU4">
        <test-method status="PASS" signature="testEofExceptionU4()[pri:0, instance:io.kaitai.struct.spec.TestEofExceptionU4@734ee775]" name="testEofExceptionU4" duration-ms="0" started-at="2019-11-25T02:41:33Z" finished-at="2019-11-25T02:41:33Z">
          <exception class="java.nio.BufferUnderflowException">
            <full-stacktrace>
              <![CDATA[java.nio.BufferUnderflowException
	at java.nio.Buffer.nextGetIndex(Buffer.java:498)
	at java.nio.DirectByteBuffer.getInt(DirectByteBuffer.java:675)
	at io.kaitai.struct.ByteBufferKaitaiStream.readU4le(ByteBufferKaitaiStream.java:269)
	at io.kaitai.struct.testformats.EofExceptionU4._read(EofExceptionU4.java:31)
	at io.kaitai.struct.testformats.EofExceptionU4.<init>(EofExceptionU4.java:27)
	at io.kaitai.struct.testformats.EofExceptionU4.<init>(EofExceptionU4.java:16)
	at io.kaitai.struct.testformats.EofExceptionU4.fromFile(EofExceptionU4.java:12)
	at io.kaitai.struct.spec.TestEofExceptionU4.testEofExceptionU4(TestEofExceptionU4.java:13)
	at sun.reflect.NativeMethodAccessorImpl.invoke0(Native Method)
	at sun.reflect.NativeMethodAccessorImpl.invoke(NativeMethodAccessorImpl.java:57)
	at sun.reflect.DelegatingMethodAccessorImpl.invoke(DelegatingMethodAccessorImpl.java:43)
	at java.lang.reflect.Method.invoke(Method.java:606)
	at org.testng.internal.MethodInvocationHelper.invokeMethod(MethodInvocationHelper.java:86)
	at org.testng.internal.Invoker.invokeMethod(Invoker.java:643)
	at org.testng.internal.Invoker.invokeTestMethod(Invoker.java:820)
	at org.testng.internal.Invoker.invokeTestMethods(Invoker.java:1128)
	at org.testng.internal.TestMethodWorker.invokeTestMethods(TestMethodWorker.java:129)
	at org.testng.internal.TestMethodWorker.run(TestMethodWorker.java:112)
	at org.testng.TestRunner.privateRun(TestRunner.java:782)
	at org.testng.TestRunner.run(TestRunner.java:632)
	at org.testng.SuiteRunner.runTest(SuiteRunner.java:366)
	at org.testng.SuiteRunner.runSequentially(SuiteRunner.java:361)
	at org.testng.SuiteRunner.privateRun(SuiteRunner.java:319)
	at org.testng.SuiteRunner.run(SuiteRunner.java:268)
	at org.testng.SuiteRunnerWorker.runSuite(SuiteRunnerWorker.java:52)
	at org.testng.SuiteRunnerWorker.run(SuiteRunnerWorker.java:86)
	at org.testng.TestNG.runSuitesSequentially(TestNG.java:1244)
	at org.testng.TestNG.runSuitesLocally(TestNG.java:1169)
	at org.testng.TestNG.run(TestNG.java:1064)
	at org.testng.TestNG.privateMain(TestNG.java:1385)
	at org.testng.TestNG.main(TestNG.java:1354)
]]>
            </full-stacktrace>
          </exception> <!-- java.nio.BufferUnderflowException -->
          <reporter-output>
          </reporter-output>
        </test-method> <!-- testEofExceptionU4 -->
      </class> <!-- io.kaitai.struct.spec.TestEofExceptionU4 -->
      <class name="io.kaitai.struct.spec.TestOptionalId">
        <test-method status="PASS" signature="testOptionalId()[pri:0, instance:io.kaitai.struct.spec.TestOptionalId@2bbe7e81]" name="testOptionalId" duration-ms="0" started-at="2019-11-25T02:41:33Z" finished-at="2019-11-25T02:41:33Z">
          <reporter-output>
          </reporter-output>
        </test-method> <!-- testOptionalId -->
      </class> <!-- io.kaitai.struct.spec.TestOptionalId -->
      <class name="io.kaitai.struct.spec.TestImportsAbs">
        <test-method status="PASS" signature="testImportsAbs()[pri:0, instance:io.kaitai.struct.spec.TestImportsAbs@148e59]" name="testImportsAbs" duration-ms="1" started-at="2019-11-25T02:41:33Z" finished-at="2019-11-25T02:41:33Z">
          <reporter-output>
          </reporter-output>
        </test-method> <!-- testImportsAbs -->
      </class> <!-- io.kaitai.struct.spec.TestImportsAbs -->
      <class name="io.kaitai.struct.spec.TestPositionInSeq">
        <test-method status="PASS" signature="testPositionInSeq()[pri:0, instance:io.kaitai.struct.spec.TestPositionInSeq@709652e2]" name="testPositionInSeq" duration-ms="1" started-at="2019-11-25T02:41:33Z" finished-at="2019-11-25T02:41:33Z">
          <reporter-output>
          </reporter-output>
        </test-method> <!-- testPositionInSeq -->
      </class> <!-- io.kaitai.struct.spec.TestPositionInSeq -->
      <class name="io.kaitai.struct.spec.TestEnumOfValueInst">
        <test-method status="PASS" signature="testEnumOfValueInst()[pri:0, instance:io.kaitai.struct.spec.TestEnumOfValueInst@367ba4f9]" name="testEnumOfValueInst" duration-ms="1" started-at="2019-11-25T02:41:33Z" finished-at="2019-11-25T02:41:33Z">
          <reporter-output>
          </reporter-output>
        </test-method> <!-- testEnumOfValueInst -->
      </class> <!-- io.kaitai.struct.spec.TestEnumOfValueInst -->
      <class name="io.kaitai.struct.spec.TestRepeatNStrz">
        <test-method status="PASS" signature="testRepeatNStrz()[pri:0, instance:io.kaitai.struct.spec.TestRepeatNStrz@5d4965e5]" name="testRepeatNStrz" duration-ms="0" started-at="2019-11-25T02:41:32Z" finished-at="2019-11-25T02:41:32Z">
          <reporter-output>
          </reporter-output>
        </test-method> <!-- testRepeatNStrz -->
      </class> <!-- io.kaitai.struct.spec.TestRepeatNStrz -->
      <class name="io.kaitai.struct.spec.TestParamsCallShort">
        <test-method status="PASS" signature="testParamsCallShort()[pri:0, instance:io.kaitai.struct.spec.TestParamsCallShort@46867b6b]" name="testParamsCallShort" duration-ms="1" started-at="2019-11-25T02:41:33Z" finished-at="2019-11-25T02:41:33Z">
          <reporter-output>
          </reporter-output>
        </test-method> <!-- testParamsCallShort -->
      </class> <!-- io.kaitai.struct.spec.TestParamsCallShort -->
      <class name="io.kaitai.struct.spec.TestUserType">
        <test-method status="PASS" signature="testUserType()[pri:0, instance:io.kaitai.struct.spec.TestUserType@2830b298]" name="testUserType" duration-ms="0" started-at="2019-11-25T02:41:33Z" finished-at="2019-11-25T02:41:33Z">
          <reporter-output>
          </reporter-output>
        </test-method> <!-- testUserType -->
      </class> <!-- io.kaitai.struct.spec.TestUserType -->
      <class name="io.kaitai.struct.spec.TestDefaultEndianExprIsLe">
        <test-method status="PASS" signature="testDefaultEndianExprIsLe()[pri:0, instance:io.kaitai.struct.spec.TestDefaultEndianExprIsLe@fb70426]" name="testDefaultEndianExprIsLe" duration-ms="3" started-at="2019-11-25T02:41:32Z" finished-at="2019-11-25T02:41:32Z">
          <reporter-output>
          </reporter-output>
        </test-method> <!-- testDefaultEndianExprIsLe -->
      </class> <!-- io.kaitai.struct.spec.TestDefaultEndianExprIsLe -->
      <class name="io.kaitai.struct.spec.TestValidFailInst">
        <test-method status="PASS" signature="testValidFailInst()[pri:0, instance:io.kaitai.struct.spec.TestValidFailInst@458d7519]" name="testValidFailInst" duration-ms="1" started-at="2019-11-25T02:41:33Z" finished-at="2019-11-25T02:41:33Z">
          <exception class="io.kaitai.struct.KaitaiStream$ValidationNotEqualError">
            <message>
              <![CDATA[/instances/inst: at pos 0: validation failed: not equal, expected 80, but got 49]]>
            </message>
            <full-stacktrace>
              <![CDATA[io.kaitai.struct.KaitaiStream$ValidationNotEqualError: /instances/inst: at pos 0: validation failed: not equal, expected 80, but got 49
	at io.kaitai.struct.testformats.ValidFailInst.inst(ValidFailInst.java:43)
	at io.kaitai.struct.testformats.ValidFailInst._read(ValidFailInst.java:30)
	at io.kaitai.struct.testformats.ValidFailInst.<init>(ValidFailInst.java:27)
	at io.kaitai.struct.testformats.ValidFailInst.<init>(ValidFailInst.java:16)
	at io.kaitai.struct.testformats.ValidFailInst.fromFile(ValidFailInst.java:12)
	at io.kaitai.struct.spec.TestValidFailInst.testValidFailInst(TestValidFailInst.java:13)
	at sun.reflect.NativeMethodAccessorImpl.invoke0(Native Method)
	at sun.reflect.NativeMethodAccessorImpl.invoke(NativeMethodAccessorImpl.java:57)
	at sun.reflect.DelegatingMethodAccessorImpl.invoke(DelegatingMethodAccessorImpl.java:43)
	at java.lang.reflect.Method.invoke(Method.java:606)
	at org.testng.internal.MethodInvocationHelper.invokeMethod(MethodInvocationHelper.java:86)
	at org.testng.internal.Invoker.invokeMethod(Invoker.java:643)
	at org.testng.internal.Invoker.invokeTestMethod(Invoker.java:820)
	at org.testng.internal.Invoker.invokeTestMethods(Invoker.java:1128)
	at org.testng.internal.TestMethodWorker.invokeTestMethods(TestMethodWorker.java:129)
	at org.testng.internal.TestMethodWorker.run(TestMethodWorker.java:112)
	at org.testng.TestRunner.privateRun(TestRunner.java:782)
	at org.testng.TestRunner.run(TestRunner.java:632)
	at org.testng.SuiteRunner.runTest(SuiteRunner.java:366)
	at org.testng.SuiteRunner.runSequentially(SuiteRunner.java:361)
	at org.testng.SuiteRunner.privateRun(SuiteRunner.java:319)
	at org.testng.SuiteRunner.run(SuiteRunner.java:268)
	at org.testng.SuiteRunnerWorker.runSuite(SuiteRunnerWorker.java:52)
	at org.testng.SuiteRunnerWorker.run(SuiteRunnerWorker.java:86)
	at org.testng.TestNG.runSuitesSequentially(TestNG.java:1244)
	at org.testng.TestNG.runSuitesLocally(TestNG.java:1169)
	at org.testng.TestNG.run(TestNG.java:1064)
	at org.testng.TestNG.privateMain(TestNG.java:1385)
	at org.testng.TestNG.main(TestNG.java:1354)
]]>
            </full-stacktrace>
          </exception> <!-- io.kaitai.struct.KaitaiStream$ValidationNotEqualError -->
          <reporter-output>
          </reporter-output>
        </test-method> <!-- testValidFailInst -->
      </class> <!-- io.kaitai.struct.spec.TestValidFailInst -->
      <class name="io.kaitai.struct.spec.TestBitsSimple">
        <test-method status="PASS" signature="testBitsSimple()[pri:0, instance:io.kaitai.struct.spec.TestBitsSimple@5aa8a3a6]" name="testBitsSimple" duration-ms="0" started-at="2019-11-25T02:41:33Z" finished-at="2019-11-25T02:41:33Z">
          <reporter-output>
          </reporter-output>
        </test-method> <!-- testBitsSimple -->
      </class> <!-- io.kaitai.struct.spec.TestBitsSimple -->
      <class name="io.kaitai.struct.spec.TestNavParentFalse">
        <test-method status="PASS" signature="testNavParentFalse()[pri:0, instance:io.kaitai.struct.spec.TestNavParentFalse@73354684]" name="testNavParentFalse" duration-ms="2" started-at="2019-11-25T02:41:33Z" finished-at="2019-11-25T02:41:33Z">
          <reporter-output>
          </reporter-output>
        </test-method> <!-- testNavParentFalse -->
      </class> <!-- io.kaitai.struct.spec.TestNavParentFalse -->
      <class name="io.kaitai.struct.spec.TestExprEnum">
        <test-method status="PASS" signature="testExprEnum()[pri:0, instance:io.kaitai.struct.spec.TestExprEnum@3a8c9a17]" name="testExprEnum" duration-ms="1" started-at="2019-11-25T02:41:32Z" finished-at="2019-11-25T02:41:32Z">
          <reporter-output>
          </reporter-output>
        </test-method> <!-- testExprEnum -->
      </class> <!-- io.kaitai.struct.spec.TestExprEnum -->
      <class name="io.kaitai.struct.spec.TestStrLiterals">
        <test-method status="PASS" signature="testStrLiterals()[pri:0, instance:io.kaitai.struct.spec.TestStrLiterals@174cb19e]" name="testStrLiterals" duration-ms="0" started-at="2019-11-25T02:41:33Z" finished-at="2019-11-25T02:41:33Z">
          <reporter-output>
          </reporter-output>
        </test-method> <!-- testStrLiterals -->
      </class> <!-- io.kaitai.struct.spec.TestStrLiterals -->
      <class name="io.kaitai.struct.spec.TestOpaqueExternalType">
        <test-method status="PASS" signature="testOpaqueExternalType()[pri:0, instance:io.kaitai.struct.spec.TestOpaqueExternalType@1f45dbcd]" name="testOpaqueExternalType" duration-ms="1" started-at="2019-11-25T02:41:33Z" finished-at="2019-11-25T02:41:33Z">
          <reporter-output>
          </reporter-output>
        </test-method> <!-- testOpaqueExternalType -->
      </class> <!-- io.kaitai.struct.spec.TestOpaqueExternalType -->
      <class name="io.kaitai.struct.spec.TestImports0">
        <test-method status="PASS" signature="testImports0()[pri:0, instance:io.kaitai.struct.spec.TestImports0@50853a16]" name="testImports0" duration-ms="0" started-at="2019-11-25T02:41:33Z" finished-at="2019-11-25T02:41:33Z">
          <reporter-output>
          </reporter-output>
        </test-method> <!-- testImports0 -->
      </class> <!-- io.kaitai.struct.spec.TestImports0 -->
      <class name="io.kaitai.struct.spec.TestSwitchIntegers2">
        <test-method status="PASS" signature="testSwitchIntegers2()[pri:0, instance:io.kaitai.struct.spec.TestSwitchIntegers2@48b14117]" name="testSwitchIntegers2" duration-ms="1" started-at="2019-11-25T02:41:33Z" finished-at="2019-11-25T02:41:33Z">
          <reporter-output>
          </reporter-output>
        </test-method> <!-- testSwitchIntegers2 -->
      </class> <!-- io.kaitai.struct.spec.TestSwitchIntegers2 -->
      <class name="io.kaitai.struct.spec.TestCastToTop">
        <test-method status="PASS" signature="testCastToTop()[pri:0, instance:io.kaitai.struct.spec.TestCastToTop@62679e87]" name="testCastToTop" duration-ms="1" started-at="2019-11-25T02:41:33Z" finished-at="2019-11-25T02:41:33Z">
          <reporter-output>
          </reporter-output>
        </test-method> <!-- testCastToTop -->
      </class> <!-- io.kaitai.struct.spec.TestCastToTop -->
      <class name="io.kaitai.struct.spec.TestTypeTernaryOpaque">
        <test-method status="PASS" signature="testTypeTernaryOpaque()[pri:0, instance:io.kaitai.struct.spec.TestTypeTernaryOpaque@266bdc57]" name="testTypeTernaryOpaque" duration-ms="0" started-at="2019-11-25T02:41:33Z" finished-at="2019-11-25T02:41:33Z">
          <reporter-output>
          </reporter-output>
        </test-method> <!-- testTypeTernaryOpaque -->
      </class> <!-- io.kaitai.struct.spec.TestTypeTernaryOpaque -->
    </test> <!-- all -->
  </suite> <!-- Kaitai Struct Java specs -->
</testng-results>
