<?xml version="1.0" encoding="UTF-8"?>
<testng-results skipped="0" failed="0" total="159" passed="159">
  <reporter-output>
  </reporter-output>
  <suite name="Kaitai Struct Java specs" duration-ms="407" started-at="2019-10-13T09:38:59Z" finished-at="2019-10-13T09:39:00Z">
    <groups>
    </groups>
    <test name="all" duration-ms="407" started-at="2019-10-13T09:38:59Z" finished-at="2019-10-13T09:39:00Z">
      <class name="io.kaitai.struct.spec.TestDefaultEndianExprIsLe">
        <test-method status="PASS" signature="testDefaultEndianExprIsLe()[pri:0, instance:io.kaitai.struct.spec.TestDefaultEndianExprIsLe@382db087]" name="testDefaultEndianExprIsLe" duration-ms="64" started-at="2019-10-13T09:38:59Z" finished-at="2019-10-13T09:38:59Z">
          <reporter-output>
          </reporter-output>
        </test-method> <!-- testDefaultEndianExprIsLe -->
      </class> <!-- io.kaitai.struct.spec.TestDefaultEndianExprIsLe -->
      <class name="io.kaitai.struct.spec.TestExprBytesCmp">
        <test-method status="PASS" signature="testExprBytesCmp()[pri:0, instance:io.kaitai.struct.spec.TestExprBytesCmp@46238e3f]" name="testExprBytesCmp" duration-ms="1" started-at="2019-10-13T09:39:00Z" finished-at="2019-10-13T09:39:00Z">
          <reporter-output>
          </reporter-output>
        </test-method> <!-- testExprBytesCmp -->
      </class> <!-- io.kaitai.struct.spec.TestExprBytesCmp -->
      <class name="io.kaitai.struct.spec.TestDocstringsDocrefMulti">
        <test-method status="PASS" signature="testDocstringsDocrefMulti()[pri:0, instance:io.kaitai.struct.spec.TestDocstringsDocrefMulti@16267862]" name="testDocstringsDocrefMulti" duration-ms="0" started-at="2019-10-13T09:38:59Z" finished-at="2019-10-13T09:38:59Z">
          <reporter-output>
          </reporter-output>
        </test-method> <!-- testDocstringsDocrefMulti -->
      </class> <!-- io.kaitai.struct.spec.TestDocstringsDocrefMulti -->
      <class name="io.kaitai.struct.spec.TestRepeatEosStruct">
        <test-method status="PASS" signature="testRepeatEosStruct()[pri:0, instance:io.kaitai.struct.spec.TestRepeatEosStruct@6c3f5566]" name="testRepeatEosStruct" duration-ms="0" started-at="2019-10-13T09:39:00Z" finished-at="2019-10-13T09:39:00Z">
          <reporter-output>
          </reporter-output>
        </test-method> <!-- testRepeatEosStruct -->
      </class> <!-- io.kaitai.struct.spec.TestRepeatEosStruct -->
      <class name="io.kaitai.struct.spec.TestParamsPassUsertype">
        <test-method status="PASS" signature="testParamsPassUsertype()[pri:0, instance:io.kaitai.struct.spec.TestParamsPassUsertype@62fdb4a6]" name="testParamsPassUsertype" duration-ms="1" started-at="2019-10-13T09:39:00Z" finished-at="2019-10-13T09:39:00Z">
          <reporter-output>
          </reporter-output>
        </test-method> <!-- testParamsPassUsertype -->
      </class> <!-- io.kaitai.struct.spec.TestParamsPassUsertype -->
      <class name="io.kaitai.struct.spec.TestFixedStruct">
        <test-method status="PASS" signature="testFixedStruct()[pri:0, instance:io.kaitai.struct.spec.TestFixedStruct@797badd3]" name="testFixedStruct" duration-ms="1" started-at="2019-10-13T09:39:00Z" finished-at="2019-10-13T09:39:00Z">
          <reporter-output>
          </reporter-output>
        </test-method> <!-- testFixedStruct -->
      </class> <!-- io.kaitai.struct.spec.TestFixedStruct -->
      <class name="io.kaitai.struct.spec.TestProcessToUser">
        <test-method status="PASS" signature="testProcessToUser()[pri:0, instance:io.kaitai.struct.spec.TestProcessToUser@6e2c9341]" name="testProcessToUser" duration-ms="1" started-at="2019-10-13T09:39:00Z" finished-at="2019-10-13T09:39:00Z">
          <reporter-output>
          </reporter-output>
        </test-method> <!-- testProcessToUser -->
      </class> <!-- io.kaitai.struct.spec.TestProcessToUser -->
      <class name="io.kaitai.struct.spec.TestFloatingPoints">
        <test-method status="PASS" signature="testFloatingPoints()[pri:0, instance:io.kaitai.struct.spec.TestFloatingPoints@140e5a13]" name="testFloatingPoints" duration-ms="2" started-at="2019-10-13T09:39:00Z" finished-at="2019-10-13T09:39:00Z">
          <reporter-output>
          </reporter-output>
        </test-method> <!-- testFloatingPoints -->
      </class> <!-- io.kaitai.struct.spec.TestFloatingPoints -->
      <class name="io.kaitai.struct.spec.TestNonStandard">
        <test-method status="PASS" signature="testNonStandard()[pri:0, instance:io.kaitai.struct.spec.TestNonStandard@21a947fe]" name="testNonStandard" duration-ms="0" started-at="2019-10-13T09:38:59Z" finished-at="2019-10-13T09:38:59Z">
          <reporter-output>
          </reporter-output>
        </test-method> <!-- testNonStandard -->
      </class> <!-- io.kaitai.struct.spec.TestNonStandard -->
      <class name="io.kaitai.struct.spec.TestEnumNegative">
        <test-method status="PASS" signature="testEnumNegative()[pri:0, instance:io.kaitai.struct.spec.TestEnumNegative@4df828d7]" name="testEnumNegative" duration-ms="1" started-at="2019-10-13T09:39:00Z" finished-at="2019-10-13T09:39:00Z">
          <reporter-output>
          </reporter-output>
        </test-method> <!-- testEnumNegative -->
      </class> <!-- io.kaitai.struct.spec.TestEnumNegative -->
      <class name="io.kaitai.struct.spec.TestImportsAbsAbs">
        <test-method status="PASS" signature="testImportsAbsAbs()[pri:0, instance:io.kaitai.struct.spec.TestImportsAbsAbs@49070868]" name="testImportsAbsAbs" duration-ms="1" started-at="2019-10-13T09:39:00Z" finished-at="2019-10-13T09:39:00Z">
          <reporter-output>
          </reporter-output>
        </test-method> <!-- testImportsAbsAbs -->
      </class> <!-- io.kaitai.struct.spec.TestImportsAbsAbs -->
      <class name="io.kaitai.struct.spec.TestImportsCircularA">
        <test-method status="PASS" signature="testImportsCircularA()[pri:0, instance:io.kaitai.struct.spec.TestImportsCircularA@679b62af]" name="testImportsCircularA" duration-ms="0" started-at="2019-10-13T09:39:00Z" finished-at="2019-10-13T09:39:00Z">
          <reporter-output>
          </reporter-output>
        </test-method> <!-- testImportsCircularA -->
      </class> <!-- io.kaitai.struct.spec.TestImportsCircularA -->
      <class name="io.kaitai.struct.spec.TestProcessCoerceSwitch">
        <test-method status="PASS" signature="testProcessCoerceSwitch()[pri:0, instance:io.kaitai.struct.spec.TestProcessCoerceSwitch@146044d7]" name="testProcessCoerceSwitch" duration-ms="1" started-at="2019-10-13T09:39:00Z" finished-at="2019-10-13T09:39:00Z">
          <reporter-output>
          </reporter-output>
        </test-method> <!-- testProcessCoerceSwitch -->
      </class> <!-- io.kaitai.struct.spec.TestProcessCoerceSwitch -->
      <class name="io.kaitai.struct.spec.TestStrPadTermEmpty">
        <test-method status="PASS" signature="testStrPadTermEmpty()[pri:0, instance:io.kaitai.struct.spec.TestStrPadTermEmpty@6b67034]" name="testStrPadTermEmpty" duration-ms="0" started-at="2019-10-13T09:38:59Z" finished-at="2019-10-13T09:38:59Z">
          <reporter-output>
          </reporter-output>
        </test-method> <!-- testStrPadTermEmpty -->
      </class> <!-- io.kaitai.struct.spec.TestStrPadTermEmpty -->
      <class name="io.kaitai.struct.spec.TestBitsEnum">
        <test-method status="PASS" signature="testBitsEnum()[pri:0, instance:io.kaitai.struct.spec.TestBitsEnum@4148db48]" name="testBitsEnum" duration-ms="1" started-at="2019-10-13T09:39:00Z" finished-at="2019-10-13T09:39:00Z">
          <reporter-output>
          </reporter-output>
        </test-method> <!-- testBitsEnum -->
      </class> <!-- io.kaitai.struct.spec.TestBitsEnum -->
      <class name="io.kaitai.struct.spec.TestPositionInSeq">
        <test-method status="PASS" signature="testPositionInSeq()[pri:0, instance:io.kaitai.struct.spec.TestPositionInSeq@516be40f]" name="testPositionInSeq" duration-ms="1" started-at="2019-10-13T09:39:00Z" finished-at="2019-10-13T09:39:00Z">
          <reporter-output>
          </reporter-output>
        </test-method> <!-- testPositionInSeq -->
      </class> <!-- io.kaitai.struct.spec.TestPositionInSeq -->
      <class name="io.kaitai.struct.spec.TestDefaultBigEndian">
        <test-method status="PASS" signature="testDefaultBigEndian()[pri:0, instance:io.kaitai.struct.spec.TestDefaultBigEndian@70beb599]" name="testDefaultBigEndian" duration-ms="0" started-at="2019-10-13T09:39:00Z" finished-at="2019-10-13T09:39:00Z">
          <reporter-output>
          </reporter-output>
        </test-method> <!-- testDefaultBigEndian -->
      </class> <!-- io.kaitai.struct.spec.TestDefaultBigEndian -->
      <class name="io.kaitai.struct.spec.TestDebugArrayUser">
        <test-method status="PASS" signature="testDebugArrayUser()[pri:0, instance:io.kaitai.struct.spec.TestDebugArrayUser@1188e820]" name="testDebugArrayUser" duration-ms="1" started-at="2019-10-13T09:39:00Z" finished-at="2019-10-13T09:39:00Z">
          <reporter-output>
          </reporter-output>
        </test-method> <!-- testDebugArrayUser -->
      </class> <!-- io.kaitai.struct.spec.TestDebugArrayUser -->
      <class name="io.kaitai.struct.spec.TestParamsEnum">
        <test-method status="PASS" signature="testParamsEnum()[pri:0, instance:io.kaitai.struct.spec.TestParamsEnum@38364841]" name="testParamsEnum" duration-ms="1" started-at="2019-10-13T09:39:00Z" finished-at="2019-10-13T09:39:00Z">
          <reporter-output>
          </reporter-output>
        </test-method> <!-- testParamsEnum -->
      </class> <!-- io.kaitai.struct.spec.TestParamsEnum -->
      <class name="io.kaitai.struct.spec.TestRepeatEosBit">
        <test-method status="PASS" signature="testRepeatEosBit()[pri:0, instance:io.kaitai.struct.spec.TestRepeatEosBit@3439f68d]" name="testRepeatEosBit" duration-ms="1" started-at="2019-10-13T09:39:00Z" finished-at="2019-10-13T09:39:00Z">
          <reporter-output>
          </reporter-output>
        </test-method> <!-- testRepeatEosBit -->
      </class> <!-- io.kaitai.struct.spec.TestRepeatEosBit -->
      <class name="io.kaitai.struct.spec.TestDebug0">
        <test-method status="PASS" signature="testDebug0()[pri:0, instance:io.kaitai.struct.spec.TestDebug0@1c72da34]" name="testDebug0" duration-ms="1" started-at="2019-10-13T09:38:59Z" finished-at="2019-10-13T09:38:59Z">
          <reporter-output>
          </reporter-output>
        </test-method> <!-- testDebug0 -->
      </class> <!-- io.kaitai.struct.spec.TestDebug0 -->
      <class name="io.kaitai.struct.spec.TestExprSizeofValue0">
        <test-method status="PASS" signature="testExprSizeofValue0()[pri:0, instance:io.kaitai.struct.spec.TestExprSizeofValue0@17695df3]" name="testExprSizeofValue0" duration-ms="1" started-at="2019-10-13T09:39:00Z" finished-at="2019-10-13T09:39:00Z">
          <reporter-output>
          </reporter-output>
        </test-method> <!-- testExprSizeofValue0 -->
      </class> <!-- io.kaitai.struct.spec.TestExprSizeofValue0 -->
      <class name="io.kaitai.struct.spec.TestIntegers">
        <test-method status="PASS" signature="testIntegers()[pri:0, instance:io.kaitai.struct.spec.TestIntegers@49e202ad]" name="testIntegers" duration-ms="1" started-at="2019-10-13T09:38:59Z" finished-at="2019-10-13T09:38:59Z">
          <reporter-output>
          </reporter-output>
        </test-method> <!-- testIntegers -->
      </class> <!-- io.kaitai.struct.spec.TestIntegers -->
      <class name="io.kaitai.struct.spec.TestNavParentVsValueInst">
        <test-method status="PASS" signature="testNavParentVsValueInst()[pri:0, instance:io.kaitai.struct.spec.TestNavParentVsValueInst@74294adb]" name="testNavParentVsValueInst" duration-ms="1" started-at="2019-10-13T09:39:00Z" finished-at="2019-10-13T09:39:00Z">
          <reporter-output>
          </reporter-output>
        </test-method> <!-- testNavParentVsValueInst -->
      </class> <!-- io.kaitai.struct.spec.TestNavParentVsValueInst -->
      <class name="io.kaitai.struct.spec.TestExprIoPos">
        <test-method status="PASS" signature="testExprIoPos()[pri:0, instance:io.kaitai.struct.spec.TestExprIoPos@4ba2ca36]" name="testExprIoPos" duration-ms="1" started-at="2019-10-13T09:38:59Z" finished-at="2019-10-13T09:38:59Z">
          <reporter-output>
          </reporter-output>
        </test-method> <!-- testExprIoPos -->
      </class> <!-- io.kaitai.struct.spec.TestExprIoPos -->
      <class name="io.kaitai.struct.spec.TestYamlInts">
        <test-method status="PASS" signature="testYamlInts()[pri:0, instance:io.kaitai.struct.spec.TestYamlInts@133e16fd]" name="testYamlInts" duration-ms="1" started-at="2019-10-13T09:39:00Z" finished-at="2019-10-13T09:39:00Z">
          <reporter-output>
          </reporter-output>
        </test-method> <!-- testYamlInts -->
      </class> <!-- io.kaitai.struct.spec.TestYamlInts -->
      <class name="io.kaitai.struct.spec.TestProcessXorValue">
        <test-method status="PASS" signature="testProcessXorValue()[pri:0, instance:io.kaitai.struct.spec.TestProcessXorValue@15d9bc04]" name="testProcessXorValue" duration-ms="1" started-at="2019-10-13T09:39:00Z" finished-at="2019-10-13T09:39:00Z">
          <reporter-output>
          </reporter-output>
        </test-method> <!-- testProcessXorValue -->
      </class> <!-- io.kaitai.struct.spec.TestProcessXorValue -->
      <class name="io.kaitai.struct.spec.TestHelloWorld">
        <test-method status="PASS" signature="testHelloWorld()[pri:0, instance:io.kaitai.struct.spec.TestHelloWorld@45afc369]" name="testHelloWorld" duration-ms="1" started-at="2019-10-13T09:39:00Z" finished-at="2019-10-13T09:39:00Z">
          <reporter-output>
          </reporter-output>
        </test-method> <!-- testHelloWorld -->
      </class> <!-- io.kaitai.struct.spec.TestHelloWorld -->
      <class name="io.kaitai.struct.spec.TestProcessXor4Value">
        <test-method status="PASS" signature="testProcessXor4Value()[pri:0, instance:io.kaitai.struct.spec.TestProcessXor4Value@64d7f7e0]" name="testProcessXor4Value" duration-ms="0" started-at="2019-10-13T09:38:59Z" finished-at="2019-10-13T09:38:59Z">
          <reporter-output>
          </reporter-output>
        </test-method> <!-- testProcessXor4Value -->
      </class> <!-- io.kaitai.struct.spec.TestProcessXor4Value -->
      <class name="io.kaitai.struct.spec.TestInstanceUserArray">
        <test-method status="PASS" signature="testInstanceUserArray()[pri:0, instance:io.kaitai.struct.spec.TestInstanceUserArray@799d4f69]" name="testInstanceUserArray" duration-ms="1" started-at="2019-10-13T09:39:00Z" finished-at="2019-10-13T09:39:00Z">
          <reporter-output>
          </reporter-output>
        </test-method> <!-- testInstanceUserArray -->
      </class> <!-- io.kaitai.struct.spec.TestInstanceUserArray -->
      <class name="io.kaitai.struct.spec.TestExprEnum">
        <test-method status="PASS" signature="testExprEnum()[pri:0, instance:io.kaitai.struct.spec.TestExprEnum@3d0f8e03]" name="testExprEnum" duration-ms="2" started-at="2019-10-13T09:38:59Z" finished-at="2019-10-13T09:38:59Z">
          <reporter-output>
          </reporter-output>
        </test-method> <!-- testExprEnum -->
      </class> <!-- io.kaitai.struct.spec.TestExprEnum -->
      <class name="io.kaitai.struct.spec.TestProcessXorConst">
        <test-method status="PASS" signature="testProcessXorConst()[pri:0, instance:io.kaitai.struct.spec.TestProcessXorConst@2a40cd94]" name="testProcessXorConst" duration-ms="1" started-at="2019-10-13T09:39:00Z" finished-at="2019-10-13T09:39:00Z">
          <reporter-output>
          </reporter-output>
        </test-method> <!-- testProcessXorConst -->
      </class> <!-- io.kaitai.struct.spec.TestProcessXorConst -->
      <class name="io.kaitai.struct.spec.TestDefaultEndianExprInherited">
        <test-method status="PASS" signature="testDefaultEndianExprInherited()[pri:0, instance:io.kaitai.struct.spec.TestDefaultEndianExprInherited@276438c9]" name="testDefaultEndianExprInherited" duration-ms="3" started-at="2019-10-13T09:39:00Z" finished-at="2019-10-13T09:39:00Z">
          <reporter-output>
          </reporter-output>
        </test-method> <!-- testDefaultEndianExprInherited -->
      </class> <!-- io.kaitai.struct.spec.TestDefaultEndianExprInherited -->
      <class name="io.kaitai.struct.spec.TestProcessCustom">
        <test-method status="PASS" signature="testProcessCustom()[pri:0, instance:io.kaitai.struct.spec.TestProcessCustom@70b0b186]" name="testProcessCustom" duration-ms="2" started-at="2019-10-13T09:39:00Z" finished-at="2019-10-13T09:39:00Z">
          <reporter-output>
          </reporter-output>
        </test-method> <!-- testProcessCustom -->
      </class> <!-- io.kaitai.struct.spec.TestProcessCustom -->
      <class name="io.kaitai.struct.spec.TestProcessXor4Const">
        <test-method status="PASS" signature="testProcessXor4Const()[pri:0, instance:io.kaitai.struct.spec.TestProcessXor4Const@7bc1a03d]" name="testProcessXor4Const" duration-ms="1" started-at="2019-10-13T09:39:00Z" finished-at="2019-10-13T09:39:00Z">
          <reporter-output>
          </reporter-output>
        </test-method> <!-- testProcessXor4Const -->
      </class> <!-- io.kaitai.struct.spec.TestProcessXor4Const -->
      <class name="io.kaitai.struct.spec.TestCastToImported">
        <test-method status="PASS" signature="testCastToImported()[pri:0, instance:io.kaitai.struct.spec.TestCastToImported@1dd02175]" name="testCastToImported" duration-ms="2" started-at="2019-10-13T09:38:59Z" finished-at="2019-10-13T09:38:59Z">
          <reporter-output>
          </reporter-output>
        </test-method> <!-- testCastToImported -->
      </class> <!-- io.kaitai.struct.spec.TestCastToImported -->
      <class name="io.kaitai.struct.spec.TestBufferedStruct">
        <test-method status="PASS" signature="testBufferedStruct()[pri:0, instance:io.kaitai.struct.spec.TestBufferedStruct@5f71c76a]" name="testBufferedStruct" duration-ms="1" started-at="2019-10-13T09:38:59Z" finished-at="2019-10-13T09:38:59Z">
          <reporter-output>
          </reporter-output>
        </test-method> <!-- testBufferedStruct -->
      </class> <!-- io.kaitai.struct.spec.TestBufferedStruct -->
      <class name="io.kaitai.struct.spec.TestNavParentFalse2">
        <test-method status="PASS" signature="testNavParentFalse2()[pri:0, instance:io.kaitai.struct.spec.TestNavParentFalse2@1372ed45]" name="testNavParentFalse2" duration-ms="2" started-at="2019-10-13T09:38:59Z" finished-at="2019-10-13T09:38:59Z">
          <reporter-output>
          </reporter-output>
        </test-method> <!-- testNavParentFalse2 -->
      </class> <!-- io.kaitai.struct.spec.TestNavParentFalse2 -->
      <class name="io.kaitai.struct.spec.TestIndexToParamExpr">
        <test-method status="PASS" signature="testIndexToParamExpr()[pri:0, instance:io.kaitai.struct.spec.TestIndexToParamExpr@76a4d6c]" name="testIndexToParamExpr" duration-ms="0" started-at="2019-10-13T09:39:00Z" finished-at="2019-10-13T09:39:00Z">
          <reporter-output>
          </reporter-output>
        </test-method> <!-- testIndexToParamExpr -->
      </class> <!-- io.kaitai.struct.spec.TestIndexToParamExpr -->
      <class name="io.kaitai.struct.spec.TestDebugEnumName">
        <test-method status="PASS" signature="testDebugEnumName()[pri:0, instance:io.kaitai.struct.spec.TestDebugEnumName@4e41089d]" name="testDebugEnumName" duration-ms="2" started-at="2019-10-13T09:39:00Z" finished-at="2019-10-13T09:39:00Z">
          <reporter-output>
          </reporter-output>
        </test-method> <!-- testDebugEnumName -->
      </class> <!-- io.kaitai.struct.spec.TestDebugEnumName -->
      <class name="io.kaitai.struct.spec.TestSwitchManualStrElse">
        <test-method status="PASS" signature="testSwitchManualStrElse()[pri:0, instance:io.kaitai.struct.spec.TestSwitchManualStrElse@290dbf45]" name="testSwitchManualStrElse" duration-ms="1" started-at="2019-10-13T09:39:00Z" finished-at="2019-10-13T09:39:00Z">
          <reporter-output>
          </reporter-output>
        </test-method> <!-- testSwitchManualStrElse -->
      </class> <!-- io.kaitai.struct.spec.TestSwitchManualStrElse -->
      <class name="io.kaitai.struct.spec.TestSwitchManualEnum">
        <test-method status="PASS" signature="testSwitchManualEnum()[pri:0, instance:io.kaitai.struct.spec.TestSwitchManualEnum@5427c60c]" name="testSwitchManualEnum" duration-ms="3" started-at="2019-10-13T09:38:59Z" finished-at="2019-10-13T09:38:59Z">
          <reporter-output>
          </reporter-output>
        </test-method> <!-- testSwitchManualEnum -->
      </class> <!-- io.kaitai.struct.spec.TestSwitchManualEnum -->
      <class name="io.kaitai.struct.spec.TestCastNested">
        <test-method status="PASS" signature="testCastNested()[pri:0, instance:io.kaitai.struct.spec.TestCastNested@6385cb26]" name="testCastNested" duration-ms="2" started-at="2019-10-13T09:39:00Z" finished-at="2019-10-13T09:39:00Z">
          <reporter-output>
          </reporter-output>
        </test-method> <!-- testCastNested -->
      </class> <!-- io.kaitai.struct.spec.TestCastNested -->
      <class name="io.kaitai.struct.spec.TestEnumForUnknownId">
        <test-method status="PASS" signature="testEnumForUnknownId()[pri:0, instance:io.kaitai.struct.spec.TestEnumForUnknownId@17776a8]" name="testEnumForUnknownId" duration-ms="1" started-at="2019-10-13T09:39:00Z" finished-at="2019-10-13T09:39:00Z">
          <reporter-output>
          </reporter-output>
        </test-method> <!-- testEnumForUnknownId -->
      </class> <!-- io.kaitai.struct.spec.TestEnumForUnknownId -->
      <class name="io.kaitai.struct.spec.TestSwitchMultiBoolOps">
        <test-method status="PASS" signature="testSwitchMultiBoolOps()[pri:0, instance:io.kaitai.struct.spec.TestSwitchMultiBoolOps@5e25a92e]" name="testSwitchMultiBoolOps" duration-ms="1" started-at="2019-10-13T09:39:00Z" finished-at="2019-10-13T09:39:00Z">
          <reporter-output>
          </reporter-output>
        </test-method> <!-- testSwitchMultiBoolOps -->
      </class> <!-- io.kaitai.struct.spec.TestSwitchMultiBoolOps -->
      <class name="io.kaitai.struct.spec.TestRecursiveOne">
        <test-method status="PASS" signature="testRecursiveOne()[pri:0, instance:io.kaitai.struct.spec.TestRecursiveOne@de3a06f]" name="testRecursiveOne" duration-ms="1" started-at="2019-10-13T09:39:00Z" finished-at="2019-10-13T09:39:00Z">
          <reporter-output>
          </reporter-output>
        </test-method> <!-- testRecursiveOne -->
      </class> <!-- io.kaitai.struct.spec.TestRecursiveOne -->
      <class name="io.kaitai.struct.spec.TestTermStrz">
        <test-method status="PASS" signature="testTermStrz()[pri:0, instance:io.kaitai.struct.spec.TestTermStrz@314c508a]" name="testTermStrz" duration-ms="0" started-at="2019-10-13T09:39:00Z" finished-at="2019-10-13T09:39:00Z">
          <reporter-output>
          </reporter-output>
        </test-method> <!-- testTermStrz -->
      </class> <!-- io.kaitai.struct.spec.TestTermStrz -->
      <class name="io.kaitai.struct.spec.TestNavRoot">
        <test-method status="PASS" signature="testNavRoot()[pri:0, instance:io.kaitai.struct.spec.TestNavRoot@4b9e255]" name="testNavRoot" duration-ms="1" started-at="2019-10-13T09:39:00Z" finished-at="2019-10-13T09:39:00Z">
          <reporter-output>
          </reporter-output>
        </test-method> <!-- testNavRoot -->
      </class> <!-- io.kaitai.struct.spec.TestNavRoot -->
      <class name="io.kaitai.struct.spec.TestTsPacketHeader">
        <test-method status="PASS" signature="testTsPacketHeader()[pri:0, instance:io.kaitai.struct.spec.TestTsPacketHeader@50de0926]" name="testTsPacketHeader" duration-ms="2" started-at="2019-10-13T09:39:00Z" finished-at="2019-10-13T09:39:00Z">
          <reporter-output>
          </reporter-output>
        </test-method> <!-- testTsPacketHeader -->
      </class> <!-- io.kaitai.struct.spec.TestTsPacketHeader -->
      <class name="io.kaitai.struct.spec.TestRepeatNStrzDouble">
        <test-method status="PASS" signature="testRepeatNStrzDouble()[pri:0, instance:io.kaitai.struct.spec.TestRepeatNStrzDouble@57f23557]" name="testRepeatNStrzDouble" duration-ms="0" started-at="2019-10-13T09:38:59Z" finished-at="2019-10-13T09:38:59Z">
          <reporter-output>
          </reporter-output>
        </test-method> <!-- testRepeatNStrzDouble -->
      </class> <!-- io.kaitai.struct.spec.TestRepeatNStrzDouble -->
      <class name="io.kaitai.struct.spec.TestSwitchManualIntSizeEos">
        <test-method status="PASS" signature="testSwitchManualIntSizeEos()[pri:0, instance:io.kaitai.struct.spec.TestSwitchManualIntSizeEos@130f889]" name="testSwitchManualIntSizeEos" duration-ms="2" started-at="2019-10-13T09:39:00Z" finished-at="2019-10-13T09:39:00Z">
          <reporter-output>
          </reporter-output>
        </test-method> <!-- testSwitchManualIntSizeEos -->
      </class> <!-- io.kaitai.struct.spec.TestSwitchManualIntSizeEos -->
      <class name="io.kaitai.struct.spec.TestZlibWithHeader78">
        <test-method status="PASS" signature="testZlibWithHeader78()[pri:0, instance:io.kaitai.struct.spec.TestZlibWithHeader78@453da22c]" name="testZlibWithHeader78" duration-ms="1" started-at="2019-10-13T09:38:59Z" finished-at="2019-10-13T09:38:59Z">
          <reporter-output>
          </reporter-output>
        </test-method> <!-- testZlibWithHeader78 -->
      </class> <!-- io.kaitai.struct.spec.TestZlibWithHeader78 -->
      <class name="io.kaitai.struct.spec.TestRepeatNStrz">
        <test-method status="PASS" signature="testRepeatNStrz()[pri:0, instance:io.kaitai.struct.spec.TestRepeatNStrz@442675e1]" name="testRepeatNStrz" duration-ms="0" started-at="2019-10-13T09:38:59Z" finished-at="2019-10-13T09:38:59Z">
          <reporter-output>
          </reporter-output>
        </test-method> <!-- testRepeatNStrz -->
      </class> <!-- io.kaitai.struct.spec.TestRepeatNStrz -->
      <class name="io.kaitai.struct.spec.TestDefaultEndianExprIsBe">
        <test-method status="PASS" signature="testDefaultEndianExprIsBe()[pri:0, instance:io.kaitai.struct.spec.TestDefaultEndianExprIsBe@282003e1]" name="testDefaultEndianExprIsBe" duration-ms="2" started-at="2019-10-13T09:39:00Z" finished-at="2019-10-13T09:39:00Z">
          <reporter-output>
          </reporter-output>
        </test-method> <!-- testDefaultEndianExprIsBe -->
      </class> <!-- io.kaitai.struct.spec.TestDefaultEndianExprIsBe -->
      <class name="io.kaitai.struct.spec.TestValidFailEqInt">
        <test-method status="PASS" signature="testValidFailEqInt()[pri:0, instance:io.kaitai.struct.spec.TestValidFailEqInt@60438a68]" name="testValidFailEqInt" duration-ms="1" started-at="2019-10-13T09:39:00Z" finished-at="2019-10-13T09:39:00Z">
          <exception class="io.kaitai.struct.KaitaiStream$ValidationNotEqualError">
            <message>
              <![CDATA[/seq/0: at pos 1: validation failed: not equal, expected 123, but got 80]]>
            </message>
            <full-stacktrace>
              <![CDATA[io.kaitai.struct.KaitaiStream$ValidationNotEqualError: /seq/0: at pos 1: validation failed: not equal, expected 123, but got 80
	at io.kaitai.struct.testformats.ValidFailEqInt._read(ValidFailEqInt.java:32)
	at io.kaitai.struct.testformats.ValidFailEqInt.<init>(ValidFailEqInt.java:27)
	at io.kaitai.struct.testformats.ValidFailEqInt.<init>(ValidFailEqInt.java:16)
	at io.kaitai.struct.testformats.ValidFailEqInt.fromFile(ValidFailEqInt.java:12)
	at io.kaitai.struct.spec.TestValidFailEqInt.testValidFailEqInt(TestValidFailEqInt.java:13)
	at sun.reflect.NativeMethodAccessorImpl.invoke0(Native Method)
	at sun.reflect.NativeMethodAccessorImpl.invoke(NativeMethodAccessorImpl.java:62)
	at sun.reflect.DelegatingMethodAccessorImpl.invoke(DelegatingMethodAccessorImpl.java:43)
	at java.lang.reflect.Method.invoke(Method.java:498)
	at org.testng.internal.MethodInvocationHelper.invokeMethod(MethodInvocationHelper.java:86)
	at org.testng.internal.Invoker.invokeMethod(Invoker.java:643)
	at org.testng.internal.Invoker.invokeTestMethod(Invoker.java:820)
	at org.testng.internal.Invoker.invokeTestMethods(Invoker.java:1128)
	at org.testng.internal.TestMethodWorker.invokeTestMethods(TestMethodWorker.java:129)
	at org.testng.internal.TestMethodWorker.run(TestMethodWorker.java:112)
	at org.testng.TestRunner.privateRun(TestRunner.java:782)
	at org.testng.TestRunner.run(TestRunner.java:632)
	at org.testng.SuiteRunner.runTest(SuiteRunner.java:366)
	at org.testng.SuiteRunner.runSequentially(SuiteRunner.java:361)
	at org.testng.SuiteRunner.privateRun(SuiteRunner.java:319)
	at org.testng.SuiteRunner.run(SuiteRunner.java:268)
	at org.testng.SuiteRunnerWorker.runSuite(SuiteRunnerWorker.java:52)
	at org.testng.SuiteRunnerWorker.run(SuiteRunnerWorker.java:86)
	at org.testng.TestNG.runSuitesSequentially(TestNG.java:1244)
	at org.testng.TestNG.runSuitesLocally(TestNG.java:1169)
	at org.testng.TestNG.run(TestNG.java:1064)
	at org.testng.TestNG.privateMain(TestNG.java:1385)
	at org.testng.TestNG.main(TestNG.java:1354)
]]>
            </full-stacktrace>
          </exception> <!-- io.kaitai.struct.KaitaiStream$ValidationNotEqualError -->
          <reporter-output>
          </reporter-output>
        </test-method> <!-- testValidFailEqInt -->
      </class> <!-- io.kaitai.struct.spec.TestValidFailEqInt -->
      <class name="io.kaitai.struct.spec.TestRepeatUntilS4">
        <test-method status="PASS" signature="testRepeatUntilS4()[pri:0, instance:io.kaitai.struct.spec.TestRepeatUntilS4@6166e06f]" name="testRepeatUntilS4" duration-ms="0" started-at="2019-10-13T09:38:59Z" finished-at="2019-10-13T09:38:59Z">
          <reporter-output>
          </reporter-output>
        </test-method> <!-- testRepeatUntilS4 -->
      </class> <!-- io.kaitai.struct.spec.TestRepeatUntilS4 -->
      <class name="io.kaitai.struct.spec.TestPositionAbs">
        <test-method status="PASS" signature="testPositionAbs()[pri:0, instance:io.kaitai.struct.spec.TestPositionAbs@1ad282e0]" name="testPositionAbs" duration-ms="1" started-at="2019-10-13T09:39:00Z" finished-at="2019-10-13T09:39:00Z">
          <reporter-output>
          </reporter-output>
        </test-method> <!-- testPositionAbs -->
      </class> <!-- io.kaitai.struct.spec.TestPositionAbs -->
      <class name="io.kaitai.struct.spec.TestEofExceptionU4">
        <test-method status="PASS" signature="testEofExceptionU4()[pri:0, instance:io.kaitai.struct.spec.TestEofExceptionU4@17baae6e]" name="testEofExceptionU4" duration-ms="0" started-at="2019-10-13T09:38:59Z" finished-at="2019-10-13T09:38:59Z">
          <exception class="java.nio.BufferUnderflowException">
            <full-stacktrace>
              <![CDATA[java.nio.BufferUnderflowException
	at java.nio.Buffer.nextGetIndex(Buffer.java:506)
	at java.nio.DirectByteBuffer.getInt(DirectByteBuffer.java:681)
	at io.kaitai.struct.ByteBufferKaitaiStream.readU4le(ByteBufferKaitaiStream.java:246)
	at io.kaitai.struct.testformats.EofExceptionU4._read(EofExceptionU4.java:31)
	at io.kaitai.struct.testformats.EofExceptionU4.<init>(EofExceptionU4.java:27)
	at io.kaitai.struct.testformats.EofExceptionU4.<init>(EofExceptionU4.java:16)
	at io.kaitai.struct.testformats.EofExceptionU4.fromFile(EofExceptionU4.java:12)
	at io.kaitai.struct.spec.TestEofExceptionU4.testEofExceptionU4(TestEofExceptionU4.java:13)
	at sun.reflect.NativeMethodAccessorImpl.invoke0(Native Method)
	at sun.reflect.NativeMethodAccessorImpl.invoke(NativeMethodAccessorImpl.java:62)
	at sun.reflect.DelegatingMethodAccessorImpl.invoke(DelegatingMethodAccessorImpl.java:43)
	at java.lang.reflect.Method.invoke(Method.java:498)
	at org.testng.internal.MethodInvocationHelper.invokeMethod(MethodInvocationHelper.java:86)
	at org.testng.internal.Invoker.invokeMethod(Invoker.java:643)
	at org.testng.internal.Invoker.invokeTestMethod(Invoker.java:820)
	at org.testng.internal.Invoker.invokeTestMethods(Invoker.java:1128)
	at org.testng.internal.TestMethodWorker.invokeTestMethods(TestMethodWorker.java:129)
	at org.testng.internal.TestMethodWorker.run(TestMethodWorker.java:112)
	at org.testng.TestRunner.privateRun(TestRunner.java:782)
	at org.testng.TestRunner.run(TestRunner.java:632)
	at org.testng.SuiteRunner.runTest(SuiteRunner.java:366)
	at org.testng.SuiteRunner.runSequentially(SuiteRunner.java:361)
	at org.testng.SuiteRunner.privateRun(SuiteRunner.java:319)
	at org.testng.SuiteRunner.run(SuiteRunner.java:268)
	at org.testng.SuiteRunnerWorker.runSuite(SuiteRunnerWorker.java:52)
	at org.testng.SuiteRunnerWorker.run(SuiteRunnerWorker.java:86)
	at org.testng.TestNG.runSuitesSequentially(TestNG.java:1244)
	at org.testng.TestNG.runSuitesLocally(TestNG.java:1169)
	at org.testng.TestNG.run(TestNG.java:1064)
	at org.testng.TestNG.privateMain(TestNG.java:1385)
	at org.testng.TestNG.main(TestNG.java:1354)
]]>
            </full-stacktrace>
          </exception> <!-- java.nio.BufferUnderflowException -->
          <reporter-output>
          </reporter-output>
        </test-method> <!-- testEofExceptionU4 -->
      </class> <!-- io.kaitai.struct.spec.TestEofExceptionU4 -->
      <class name="io.kaitai.struct.spec.TestStrLiterals">
        <test-method status="PASS" signature="testStrLiterals()[pri:0, instance:io.kaitai.struct.spec.TestStrLiterals@11e21d0e]" name="testStrLiterals" duration-ms="1" started-at="2019-10-13T09:39:00Z" finished-at="2019-10-13T09:39:00Z">
          <reporter-output>
          </reporter-output>
        </test-method> <!-- testStrLiterals -->
      </class> <!-- io.kaitai.struct.spec.TestStrLiterals -->
      <class name="io.kaitai.struct.spec.TestExprMod">
        <test-method status="PASS" signature="testExprMod()[pri:0, instance:io.kaitai.struct.spec.TestExprMod@1442d7b5]" name="testExprMod" duration-ms="1" started-at="2019-10-13T09:39:00Z" finished-at="2019-10-13T09:39:00Z">
          <reporter-output>
          </reporter-output>
        </test-method> <!-- testExprMod -->
      </class> <!-- io.kaitai.struct.spec.TestExprMod -->
      <class name="io.kaitai.struct.spec.TestValidShort">
        <test-method status="PASS" signature="testValidShort()[pri:0, instance:io.kaitai.struct.spec.TestValidShort@1e4a7dd4]" name="testValidShort" duration-ms="0" started-at="2019-10-13T09:39:00Z" finished-at="2019-10-13T09:39:00Z">
          <reporter-output>
          </reporter-output>
        </test-method> <!-- testValidShort -->
      </class> <!-- io.kaitai.struct.spec.TestValidShort -->
      <class name="io.kaitai.struct.spec.TestSwitchManualEnumInvalidElse">
        <test-method status="PASS" signature="testSwitchManualEnumInvalidElse()[pri:0, instance:io.kaitai.struct.spec.TestSwitchManualEnumInvalidElse@f4168b8]" name="testSwitchManualEnumInvalidElse" duration-ms="2" started-at="2019-10-13T09:39:00Z" finished-at="2019-10-13T09:39:00Z">
          <reporter-output>
          </reporter-output>
        </test-method> <!-- testSwitchManualEnumInvalidElse -->
      </class> <!-- io.kaitai.struct.spec.TestSwitchManualEnumInvalidElse -->
      <class name="io.kaitai.struct.spec.TestSwitchManualStr">
        <test-method status="PASS" signature="testSwitchManualStr()[pri:0, instance:io.kaitai.struct.spec.TestSwitchManualStr@2bbaf4f0]" name="testSwitchManualStr" duration-ms="1" started-at="2019-10-13T09:39:00Z" finished-at="2019-10-13T09:39:00Z">
          <reporter-output>
          </reporter-output>
        </test-method> <!-- testSwitchManualStr -->
      </class> <!-- io.kaitai.struct.spec.TestSwitchManualStr -->
      <class name="io.kaitai.struct.spec.TestOptionalId">
        <test-method status="PASS" signature="testOptionalId()[pri:0, instance:io.kaitai.struct.spec.TestOptionalId@166fa74d]" name="testOptionalId" duration-ms="1" started-at="2019-10-13T09:39:00Z" finished-at="2019-10-13T09:39:00Z">
          <reporter-output>
          </reporter-output>
        </test-method> <!-- testOptionalId -->
      </class> <!-- io.kaitai.struct.spec.TestOptionalId -->
      <class name="io.kaitai.struct.spec.TestIfStruct">
        <test-method status="PASS" signature="testIfStruct()[pri:0, instance:io.kaitai.struct.spec.TestIfStruct@31206beb]" name="testIfStruct" duration-ms="1" started-at="2019-10-13T09:38:59Z" finished-at="2019-10-13T09:38:59Z">
          <reporter-output>
          </reporter-output>
        </test-method> <!-- testIfStruct -->
      </class> <!-- io.kaitai.struct.spec.TestIfStruct -->
      <class name="io.kaitai.struct.spec.TestRepeatUntilSized">
        <test-method status="PASS" signature="testRepeatUntilSized()[pri:0, instance:io.kaitai.struct.spec.TestRepeatUntilSized@10b48321]" name="testRepeatUntilSized" duration-ms="1" started-at="2019-10-13T09:38:59Z" finished-at="2019-10-13T09:38:59Z">
          <reporter-output>
          </reporter-output>
        </test-method> <!-- testRepeatUntilSized -->
      </class> <!-- io.kaitai.struct.spec.TestRepeatUntilSized -->
      <class name="io.kaitai.struct.spec.TestTypeTernaryOpaque">
        <test-method status="PASS" signature="testTypeTernaryOpaque()[pri:0, instance:io.kaitai.struct.spec.TestTypeTernaryOpaque@43d7741f]" name="testTypeTernaryOpaque" duration-ms="1" started-at="2019-10-13T09:38:59Z" finished-at="2019-10-13T09:38:59Z">
          <reporter-output>
          </reporter-output>
        </test-method> <!-- testTypeTernaryOpaque -->
      </class> <!-- io.kaitai.struct.spec.TestTypeTernaryOpaque -->
      <class name="io.kaitai.struct.spec.TestStrPadTerm">
        <test-method status="PASS" signature="testStrPadTerm()[pri:0, instance:io.kaitai.struct.spec.TestStrPadTerm@641147d0]" name="testStrPadTerm" duration-ms="1" started-at="2019-10-13T09:38:59Z" finished-at="2019-10-13T09:38:59Z">
          <reporter-output>
          </reporter-output>
        </test-method> <!-- testStrPadTerm -->
      </class> <!-- io.kaitai.struct.spec.TestStrPadTerm -->
      <class name="io.kaitai.struct.spec.TestDocstringsDocref">
        <test-method status="PASS" signature="testDocstringsDocref()[pri:0, instance:io.kaitai.struct.spec.TestDocstringsDocref@3bd94634]" name="testDocstringsDocref" duration-ms="0" started-at="2019-10-13T09:39:00Z" finished-at="2019-10-13T09:39:00Z">
          <reporter-output>
          </reporter-output>
        </test-method> <!-- testDocstringsDocref -->
      </class> <!-- io.kaitai.struct.spec.TestDocstringsDocref -->
      <class name="io.kaitai.struct.spec.TestExpr3">
        <test-method status="PASS" signature="testExpr3()[pri:0, instance:io.kaitai.struct.spec.TestExpr3@32cf48b7]" name="testExpr3" duration-ms="1" started-at="2019-10-13T09:39:00Z" finished-at="2019-10-13T09:39:00Z">
          <reporter-output>
          </reporter-output>
        </test-method> <!-- testExpr3 -->
      </class> <!-- io.kaitai.struct.spec.TestExpr3 -->
      <class name="io.kaitai.struct.spec.TestOpaqueWithParam">
        <test-method status="PASS" signature="testOpaqueWithParam()[pri:0, instance:io.kaitai.struct.spec.TestOpaqueWithParam@6b1274d2]" name="testOpaqueWithParam" duration-ms="0" started-at="2019-10-13T09:39:00Z" finished-at="2019-10-13T09:39:00Z">
          <reporter-output>
          </reporter-output>
        </test-method> <!-- testOpaqueWithParam -->
      </class> <!-- io.kaitai.struct.spec.TestOpaqueWithParam -->
      <class name="io.kaitai.struct.spec.TestExpr2">
        <test-method status="PASS" signature="testExpr2()[pri:0, instance:io.kaitai.struct.spec.TestExpr2@3d8314f0]" name="testExpr2" duration-ms="1" started-at="2019-10-13T09:39:00Z" finished-at="2019-10-13T09:39:00Z">
          <reporter-output>
          </reporter-output>
        </test-method> <!-- testExpr2 -->
      </class> <!-- io.kaitai.struct.spec.TestExpr2 -->
      <class name="io.kaitai.struct.spec.TestExpr1">
        <test-method status="PASS" signature="testExpr1()[pri:0, instance:io.kaitai.struct.spec.TestExpr1@15bfd87]" name="testExpr1" duration-ms="0" started-at="2019-10-13T09:38:59Z" finished-at="2019-10-13T09:38:59Z">
          <reporter-output>
          </reporter-output>
        </test-method> <!-- testExpr1 -->
      </class> <!-- io.kaitai.struct.spec.TestExpr1 -->
      <class name="io.kaitai.struct.spec.TestSwitchBytearray">
        <test-method status="PASS" signature="testSwitchBytearray()[pri:0, instance:io.kaitai.struct.spec.TestSwitchBytearray@3c0a50da]" name="testSwitchBytearray" duration-ms="2" started-at="2019-10-13T09:39:00Z" finished-at="2019-10-13T09:39:00Z">
          <reporter-output>
          </reporter-output>
        </test-method> <!-- testSwitchBytearray -->
      </class> <!-- io.kaitai.struct.spec.TestSwitchBytearray -->
      <class name="io.kaitai.struct.spec.TestNestedTypes3">
        <test-method status="PASS" signature="testNestedTypes3()[pri:0, instance:io.kaitai.struct.spec.TestNestedTypes3@1176dcec]" name="testNestedTypes3" duration-ms="1" started-at="2019-10-13T09:38:59Z" finished-at="2019-10-13T09:38:59Z">
          <reporter-output>
          </reporter-output>
        </test-method> <!-- testNestedTypes3 -->
      </class> <!-- io.kaitai.struct.spec.TestNestedTypes3 -->
      <class name="io.kaitai.struct.spec.TestTermBytes">
        <test-method status="PASS" signature="testTermBytes()[pri:0, instance:io.kaitai.struct.spec.TestTermBytes@71a794e5]" name="testTermBytes" duration-ms="0" started-at="2019-10-13T09:39:00Z" finished-at="2019-10-13T09:39:00Z">
          <reporter-output>
          </reporter-output>
        </test-method> <!-- testTermBytes -->
      </class> <!-- io.kaitai.struct.spec.TestTermBytes -->
      <class name="io.kaitai.struct.spec.TestNavParent">
        <test-method status="PASS" signature="testNavParent()[pri:0, instance:io.kaitai.struct.spec.TestNavParent@4f51b3e0]" name="testNavParent" duration-ms="2" started-at="2019-10-13T09:39:00Z" finished-at="2019-10-13T09:39:00Z">
          <reporter-output>
          </reporter-output>
        </test-method> <!-- testNavParent -->
      </class> <!-- io.kaitai.struct.spec.TestNavParent -->
      <class name="io.kaitai.struct.spec.TestDocstrings">
        <test-method status="PASS" signature="testDocstrings()[pri:0, instance:io.kaitai.struct.spec.TestDocstrings@6c9f5c0d]" name="testDocstrings" duration-ms="0" started-at="2019-10-13T09:39:00Z" finished-at="2019-10-13T09:39:00Z">
          <reporter-output>
          </reporter-output>
        </test-method> <!-- testDocstrings -->
      </class> <!-- io.kaitai.struct.spec.TestDocstrings -->
      <class name="io.kaitai.struct.spec.TestExpr0">
        <test-method status="PASS" signature="testExpr0()[pri:0, instance:io.kaitai.struct.spec.TestExpr0@dbd940d]" name="testExpr0" duration-ms="0" started-at="2019-10-13T09:39:00Z" finished-at="2019-10-13T09:39:00Z">
          <reporter-output>
          </reporter-output>
        </test-method> <!-- testExpr0 -->
      </class> <!-- io.kaitai.struct.spec.TestExpr0 -->
      <class name="io.kaitai.struct.spec.TestOpaqueExternalType">
        <test-method status="PASS" signature="testOpaqueExternalType()[pri:0, instance:io.kaitai.struct.spec.TestOpaqueExternalType@7f416310]" name="testOpaqueExternalType" duration-ms="1" started-at="2019-10-13T09:39:00Z" finished-at="2019-10-13T09:39:00Z">
          <reporter-output>
          </reporter-output>
        </test-method> <!-- testOpaqueExternalType -->
      </class> <!-- io.kaitai.struct.spec.TestOpaqueExternalType -->
      <class name="io.kaitai.struct.spec.TestNestedTypes2">
        <test-method status="PASS" signature="testNestedTypes2()[pri:0, instance:io.kaitai.struct.spec.TestNestedTypes2@1cab0bfb]" name="testNestedTypes2" duration-ms="3" started-at="2019-10-13T09:39:00Z" finished-at="2019-10-13T09:39:00Z">
          <reporter-output>
          </reporter-output>
        </test-method> <!-- testNestedTypes2 -->
      </class> <!-- io.kaitai.struct.spec.TestNestedTypes2 -->
      <class name="io.kaitai.struct.spec.TestBcdUserTypeBe">
        <test-method status="PASS" signature="testBcdUserTypeBe()[pri:0, instance:io.kaitai.struct.spec.TestBcdUserTypeBe@32a068d1]" name="testBcdUserTypeBe" duration-ms="2" started-at="2019-10-13T09:39:00Z" finished-at="2019-10-13T09:39:00Z">
          <reporter-output>
          </reporter-output>
        </test-method> <!-- testBcdUserTypeBe -->
      </class> <!-- io.kaitai.struct.spec.TestBcdUserTypeBe -->
      <class name="io.kaitai.struct.spec.TestIndexToParamEos">
        <test-method status="PASS" signature="testIndexToParamEos()[pri:0, instance:io.kaitai.struct.spec.TestIndexToParamEos@646be2c3]" name="testIndexToParamEos" duration-ms="1" started-at="2019-10-13T09:39:00Z" finished-at="2019-10-13T09:39:00Z">
          <reporter-output>
          </reporter-output>
        </test-method> <!-- testIndexToParamEos -->
      </class> <!-- io.kaitai.struct.spec.TestIndexToParamEos -->
      <class name="io.kaitai.struct.spec.TestMetaTags">
        <test-method status="PASS" signature="testMetaTags()[pri:0, instance:io.kaitai.struct.spec.TestMetaTags@701fc37a]" name="testMetaTags" duration-ms="0" started-at="2019-10-13T09:39:00Z" finished-at="2019-10-13T09:39:00Z">
          <reporter-output>
          </reporter-output>
        </test-method> <!-- testMetaTags -->
      </class> <!-- io.kaitai.struct.spec.TestMetaTags -->
      <class name="io.kaitai.struct.spec.TestBitsSimple">
        <test-method status="PASS" signature="testBitsSimple()[pri:0, instance:io.kaitai.struct.spec.TestBitsSimple@62bd765]" name="testBitsSimple" duration-ms="2" started-at="2019-10-13T09:39:00Z" finished-at="2019-10-13T09:39:00Z">
          <reporter-output>
          </reporter-output>
        </test-method> <!-- testBitsSimple -->
      </class> <!-- io.kaitai.struct.spec.TestBitsSimple -->
      <class name="io.kaitai.struct.spec.TestSwitchIntegers2">
        <test-method status="PASS" signature="testSwitchIntegers2()[pri:0, instance:io.kaitai.struct.spec.TestSwitchIntegers2@27fe3806]" name="testSwitchIntegers2" duration-ms="1" started-at="2019-10-13T09:38:59Z" finished-at="2019-10-13T09:38:59Z">
          <reporter-output>
          </reporter-output>
        </test-method> <!-- testSwitchIntegers2 -->
      </class> <!-- io.kaitai.struct.spec.TestSwitchIntegers2 -->
      <class name="io.kaitai.struct.spec.TestStrLiterals2">
        <test-method status="PASS" signature="testStrLiterals2()[pri:0, instance:io.kaitai.struct.spec.TestStrLiterals2@51b279c9]" name="testStrLiterals2" duration-ms="0" started-at="2019-10-13T09:39:00Z" finished-at="2019-10-13T09:39:00Z">
          <reporter-output>
          </reporter-output>
        </test-method> <!-- testStrLiterals2 -->
      </class> <!-- io.kaitai.struct.spec.TestStrLiterals2 -->
      <class name="io.kaitai.struct.spec.TestIfInstances">
        <test-method status="PASS" signature="testIfInstances()[pri:0, instance:io.kaitai.struct.spec.TestIfInstances@33b37288]" name="testIfInstances" duration-ms="1" started-at="2019-10-13T09:39:00Z" finished-at="2019-10-13T09:39:00Z">
          <reporter-output>
          </reporter-output>
        </test-method> <!-- testIfInstances -->
      </class> <!-- io.kaitai.struct.spec.TestIfInstances -->
      <class name="io.kaitai.struct.spec.TestInstanceStd">
        <test-method status="PASS" signature="testInstanceStd()[pri:0, instance:io.kaitai.struct.spec.TestInstanceStd@32464a14]" name="testInstanceStd" duration-ms="1" started-at="2019-10-13T09:39:00Z" finished-at="2019-10-13T09:39:00Z">
          <reporter-output>
          </reporter-output>
        </test-method> <!-- testInstanceStd -->
      </class> <!-- io.kaitai.struct.spec.TestInstanceStd -->
      <class name="io.kaitai.struct.spec.TestMetaXref">
        <test-method status="PASS" signature="testMetaXref()[pri:0, instance:io.kaitai.struct.spec.TestMetaXref@2698dc7]" name="testMetaXref" duration-ms="1" started-at="2019-10-13T09:38:59Z" finished-at="2019-10-13T09:38:59Z">
          <reporter-output>
          </reporter-output>
        </test-method> <!-- testMetaXref -->
      </class> <!-- io.kaitai.struct.spec.TestMetaXref -->
      <class name="io.kaitai.struct.spec.TestEofExceptionBytes">
        <test-method status="PASS" signature="testEofExceptionBytes()[pri:0, instance:io.kaitai.struct.spec.TestEofExceptionBytes@365c30cc]" name="testEofExceptionBytes" duration-ms="0" started-at="2019-10-13T09:39:00Z" finished-at="2019-10-13T09:39:00Z">
          <exception class="java.nio.BufferUnderflowException">
            <full-stacktrace>
              <![CDATA[java.nio.BufferUnderflowException
	at java.nio.DirectByteBuffer.get(DirectByteBuffer.java:271)
	at java.nio.ByteBuffer.get(ByteBuffer.java:715)
	at io.kaitai.struct.ByteBufferKaitaiStream.readBytes(ByteBufferKaitaiStream.java:301)
	at io.kaitai.struct.testformats.EofExceptionBytes._read(EofExceptionBytes.java:30)
	at io.kaitai.struct.testformats.EofExceptionBytes.<init>(EofExceptionBytes.java:27)
	at io.kaitai.struct.testformats.EofExceptionBytes.<init>(EofExceptionBytes.java:16)
	at io.kaitai.struct.testformats.EofExceptionBytes.fromFile(EofExceptionBytes.java:12)
	at io.kaitai.struct.spec.TestEofExceptionBytes.testEofExceptionBytes(TestEofExceptionBytes.java:15)
	at sun.reflect.NativeMethodAccessorImpl.invoke0(Native Method)
	at sun.reflect.NativeMethodAccessorImpl.invoke(NativeMethodAccessorImpl.java:62)
	at sun.reflect.DelegatingMethodAccessorImpl.invoke(DelegatingMethodAccessorImpl.java:43)
	at java.lang.reflect.Method.invoke(Method.java:498)
	at org.testng.internal.MethodInvocationHelper.invokeMethod(MethodInvocationHelper.java:86)
	at org.testng.internal.Invoker.invokeMethod(Invoker.java:643)
	at org.testng.internal.Invoker.invokeTestMethod(Invoker.java:820)
	at org.testng.internal.Invoker.invokeTestMethods(Invoker.java:1128)
	at org.testng.internal.TestMethodWorker.invokeTestMethods(TestMethodWorker.java:129)
	at org.testng.internal.TestMethodWorker.run(TestMethodWorker.java:112)
	at org.testng.TestRunner.privateRun(TestRunner.java:782)
	at org.testng.TestRunner.run(TestRunner.java:632)
	at org.testng.SuiteRunner.runTest(SuiteRunner.java:366)
	at org.testng.SuiteRunner.runSequentially(SuiteRunner.java:361)
	at org.testng.SuiteRunner.privateRun(SuiteRunner.java:319)
	at org.testng.SuiteRunner.run(SuiteRunner.java:268)
	at org.testng.SuiteRunnerWorker.runSuite(SuiteRunnerWorker.java:52)
	at org.testng.SuiteRunnerWorker.run(SuiteRunnerWorker.java:86)
	at org.testng.TestNG.runSuitesSequentially(TestNG.java:1244)
	at org.testng.TestNG.runSuitesLocally(TestNG.java:1169)
	at org.testng.TestNG.run(TestNG.java:1064)
	at org.testng.TestNG.privateMain(TestNG.java:1385)
	at org.testng.TestNG.main(TestNG.java:1354)
]]>
            </full-stacktrace>
          </exception> <!-- java.nio.BufferUnderflowException -->
          <reporter-output>
          </reporter-output>
        </test-method> <!-- testEofExceptionBytes -->
      </class> <!-- io.kaitai.struct.spec.TestEofExceptionBytes -->
      <class name="io.kaitai.struct.spec.TestExprIoEof">
        <test-method status="PASS" signature="testExprIoEof()[pri:0, instance:io.kaitai.struct.spec.TestExprIoEof@6366ebe0]" name="testExprIoEof" duration-ms="1" started-at="2019-10-13T09:38:59Z" finished-at="2019-10-13T09:38:59Z">
          <reporter-output>
          </reporter-output>
        </test-method> <!-- testExprIoEof -->
      </class> <!-- io.kaitai.struct.spec.TestExprIoEof -->
      <class name="io.kaitai.struct.spec.TestImportsRel1">
        <test-method status="PASS" signature="testImportsRel1()[pri:0, instance:io.kaitai.struct.spec.TestImportsRel1@2473b9ce]" name="testImportsRel1" duration-ms="1" started-at="2019-10-13T09:39:00Z" finished-at="2019-10-13T09:39:00Z">
          <reporter-output>
          </reporter-output>
        </test-method> <!-- testImportsRel1 -->
      </class> <!-- io.kaitai.struct.spec.TestImportsRel1 -->
      <class name="io.kaitai.struct.spec.TestIoLocalVar">
        <test-method status="PASS" signature="testIoLocalVar()[pri:0, instance:io.kaitai.struct.spec.TestIoLocalVar@473b46c3]" name="testIoLocalVar" duration-ms="2" started-at="2019-10-13T09:39:00Z" finished-at="2019-10-13T09:39:00Z">
          <reporter-output>
          </reporter-output>
        </test-method> <!-- testIoLocalVar -->
      </class> <!-- io.kaitai.struct.spec.TestIoLocalVar -->
      <class name="io.kaitai.struct.spec.TestDefaultEndianExprException">
        <test-method status="PASS" signature="testDefaultEndianExprException()[pri:0, instance:io.kaitai.struct.spec.TestDefaultEndianExprException@33cb5951]" name="testDefaultEndianExprException" duration-ms="2" started-at="2019-10-13T09:39:00Z" finished-at="2019-10-13T09:39:00Z">
          <exception class="io.kaitai.struct.KaitaiStream$UndecidedEndiannessError">
            <full-stacktrace>
              <![CDATA[io.kaitai.struct.KaitaiStream$UndecidedEndiannessError
	at io.kaitai.struct.testformats.DefaultEndianExprException$Doc$MainObj._read(DefaultEndianExprException.java:98)
	at io.kaitai.struct.testformats.DefaultEndianExprException$Doc$MainObj.<init>(DefaultEndianExprException.java:82)
	at io.kaitai.struct.testformats.DefaultEndianExprException$Doc._read(DefaultEndianExprException.java:62)
	at io.kaitai.struct.testformats.DefaultEndianExprException$Doc.<init>(DefaultEndianExprException.java:58)
	at io.kaitai.struct.testformats.DefaultEndianExprException._read(DefaultEndianExprException.java:36)
	at io.kaitai.struct.testformats.DefaultEndianExprException.<init>(DefaultEndianExprException.java:29)
	at io.kaitai.struct.testformats.DefaultEndianExprException.<init>(DefaultEndianExprException.java:18)
	at io.kaitai.struct.testformats.DefaultEndianExprException.fromFile(DefaultEndianExprException.java:14)
	at io.kaitai.struct.spec.TestDefaultEndianExprException.testDefaultEndianExprException(TestDefaultEndianExprException.java:13)
	at sun.reflect.NativeMethodAccessorImpl.invoke0(Native Method)
	at sun.reflect.NativeMethodAccessorImpl.invoke(NativeMethodAccessorImpl.java:62)
	at sun.reflect.DelegatingMethodAccessorImpl.invoke(DelegatingMethodAccessorImpl.java:43)
	at java.lang.reflect.Method.invoke(Method.java:498)
	at org.testng.internal.MethodInvocationHelper.invokeMethod(MethodInvocationHelper.java:86)
	at org.testng.internal.Invoker.invokeMethod(Invoker.java:643)
	at org.testng.internal.Invoker.invokeTestMethod(Invoker.java:820)
	at org.testng.internal.Invoker.invokeTestMethods(Invoker.java:1128)
	at org.testng.internal.TestMethodWorker.invokeTestMethods(TestMethodWorker.java:129)
	at org.testng.internal.TestMethodWorker.run(TestMethodWorker.java:112)
	at org.testng.TestRunner.privateRun(TestRunner.java:782)
	at org.testng.TestRunner.run(TestRunner.java:632)
	at org.testng.SuiteRunner.runTest(SuiteRunner.java:366)
	at org.testng.SuiteRunner.runSequentially(SuiteRunner.java:361)
	at org.testng.SuiteRunner.privateRun(SuiteRunner.java:319)
	at org.testng.SuiteRunner.run(SuiteRunner.java:268)
	at org.testng.SuiteRunnerWorker.runSuite(SuiteRunnerWorker.java:52)
	at org.testng.SuiteRunnerWorker.run(SuiteRunnerWorker.java:86)
	at org.testng.TestNG.runSuitesSequentially(TestNG.java:1244)
	at org.testng.TestNG.runSuitesLocally(TestNG.java:1169)
	at org.testng.TestNG.run(TestNG.java:1064)
	at org.testng.TestNG.privateMain(TestNG.java:1385)
	at org.testng.TestNG.main(TestNG.java:1354)
]]>
            </full-stacktrace>
          </exception> <!-- io.kaitai.struct.KaitaiStream$UndecidedEndiannessError -->
          <reporter-output>
          </reporter-output>
        </test-method> <!-- testDefaultEndianExprException -->
      </class> <!-- io.kaitai.struct.spec.TestDefaultEndianExprException -->
      <class name="io.kaitai.struct.spec.TestUserType">
        <test-method status="PASS" signature="testUserType()[pri:0, instance:io.kaitai.struct.spec.TestUserType@25359ed8]" name="testUserType" duration-ms="1" started-at="2019-10-13T09:38:59Z" finished-at="2019-10-13T09:38:59Z">
          <reporter-output>
          </reporter-output>
        </test-method> <!-- testUserType -->
      </class> <!-- io.kaitai.struct.spec.TestUserType -->
      <class name="io.kaitai.struct.spec.TestEnumDeepLiterals">
        <test-method status="PASS" signature="testEnumDeepLiterals()[pri:0, instance:io.kaitai.struct.spec.TestEnumDeepLiterals@76329302]" name="testEnumDeepLiterals" duration-ms="1" started-at="2019-10-13T09:39:00Z" finished-at="2019-10-13T09:39:00Z">
          <reporter-output>
          </reporter-output>
        </test-method> <!-- testEnumDeepLiterals -->
      </class> <!-- io.kaitai.struct.spec.TestEnumDeepLiterals -->
      <class name="io.kaitai.struct.spec.TestRepeatUntilComplex">
        <test-method status="PASS" signature="testRepeatUntilComplex()[pri:0, instance:io.kaitai.struct.spec.TestRepeatUntilComplex@dd3b207]" name="testRepeatUntilComplex" duration-ms="2" started-at="2019-10-13T09:39:00Z" finished-at="2019-10-13T09:39:00Z">
          <reporter-output>
          </reporter-output>
        </test-method> <!-- testRepeatUntilComplex -->
      </class> <!-- io.kaitai.struct.spec.TestRepeatUntilComplex -->
      <class name="io.kaitai.struct.spec.TestOpaqueExternalType02Parent">
        <test-method status="PASS" signature="testOpaqueExternalType02Parent()[pri:0, instance:io.kaitai.struct.spec.TestOpaqueExternalType02Parent@6e38921c]" name="testOpaqueExternalType02Parent" duration-ms="2" started-at="2019-10-13T09:38:59Z" finished-at="2019-10-13T09:38:59Z">
          <reporter-output>
          </reporter-output>
        </test-method> <!-- testOpaqueExternalType02Parent -->
      </class> <!-- io.kaitai.struct.spec.TestOpaqueExternalType02Parent -->
      <class name="io.kaitai.struct.spec.TestSwitchIntegers">
        <test-method status="PASS" signature="testSwitchIntegers()[pri:0, instance:io.kaitai.struct.spec.TestSwitchIntegers@b59d31]" name="testSwitchIntegers" duration-ms="1" started-at="2019-10-13T09:39:00Z" finished-at="2019-10-13T09:39:00Z">
          <reporter-output>
          </reporter-output>
        </test-method> <!-- testSwitchIntegers -->
      </class> <!-- io.kaitai.struct.spec.TestSwitchIntegers -->
      <class name="io.kaitai.struct.spec.TestBytesPadTerm">
        <test-method status="PASS" signature="testBytesPadTerm()[pri:0, instance:io.kaitai.struct.spec.TestBytesPadTerm@49c43f4e]" name="testBytesPadTerm" duration-ms="0" started-at="2019-10-13T09:39:00Z" finished-at="2019-10-13T09:39:00Z">
          <reporter-output>
          </reporter-output>
        </test-method> <!-- testBytesPadTerm -->
      </class> <!-- io.kaitai.struct.spec.TestBytesPadTerm -->
      <class name="io.kaitai.struct.spec.TestExprSizeofValueSized">
        <test-method status="PASS" signature="testExprSizeofValueSized()[pri:0, instance:io.kaitai.struct.spec.TestExprSizeofValueSized@71248c21]" name="testExprSizeofValueSized" duration-ms="1" started-at="2019-10-13T09:38:59Z" finished-at="2019-10-13T09:38:59Z">
          <reporter-output>
          </reporter-output>
        </test-method> <!-- testExprSizeofValueSized -->
      </class> <!-- io.kaitai.struct.spec.TestExprSizeofValueSized -->
      <class name="io.kaitai.struct.spec.TestStrEncodingsDefault">
        <test-method status="PASS" signature="testStrEncodingsDefault()[pri:0, instance:io.kaitai.struct.spec.TestStrEncodingsDefault@2df32bf7]" name="testStrEncodingsDefault" duration-ms="35" started-at="2019-10-13T09:39:00Z" finished-at="2019-10-13T09:39:00Z">
          <reporter-output>
          </reporter-output>
        </test-method> <!-- testStrEncodingsDefault -->
      </class> <!-- io.kaitai.struct.spec.TestStrEncodingsDefault -->
      <class name="io.kaitai.struct.spec.TestEnumInvalid">
        <test-method status="PASS" signature="testEnumInvalid()[pri:0, instance:io.kaitai.struct.spec.TestEnumInvalid@2bea5ab4]" name="testEnumInvalid" duration-ms="1" started-at="2019-10-13T09:39:00Z" finished-at="2019-10-13T09:39:00Z">
          <reporter-output>
          </reporter-output>
        </test-method> <!-- testEnumInvalid -->
      </class> <!-- io.kaitai.struct.spec.TestEnumInvalid -->
      <class name="io.kaitai.struct.spec.TestNavParentSwitch">
        <test-method status="PASS" signature="testNavParentSwitch()[pri:0, instance:io.kaitai.struct.spec.TestNavParentSwitch@71d15f18]" name="testNavParentSwitch" duration-ms="2" started-at="2019-10-13T09:39:00Z" finished-at="2019-10-13T09:39:00Z">
          <reporter-output>
          </reporter-output>
        </test-method> <!-- testNavParentSwitch -->
      </class> <!-- io.kaitai.struct.spec.TestNavParentSwitch -->
      <class name="io.kaitai.struct.spec.TestEnumIf">
        <test-method status="PASS" signature="testEnumIf()[pri:0, instance:io.kaitai.struct.spec.TestEnumIf@58a90037]" name="testEnumIf" duration-ms="1" started-at="2019-10-13T09:39:00Z" finished-at="2019-10-13T09:39:00Z">
          <reporter-output>
          </reporter-output>
        </test-method> <!-- testEnumIf -->
      </class> <!-- io.kaitai.struct.spec.TestEnumIf -->
      <class name="io.kaitai.struct.spec.TestFixedContents">
        <test-method status="PASS" signature="testFixedContents()[pri:0, instance:io.kaitai.struct.spec.TestFixedContents@27c6e487]" name="testFixedContents" duration-ms="0" started-at="2019-10-13T09:38:59Z" finished-at="2019-10-13T09:38:59Z">
          <reporter-output>
          </reporter-output>
        </test-method> <!-- testFixedContents -->
      </class> <!-- io.kaitai.struct.spec.TestFixedContents -->
      <class name="io.kaitai.struct.spec.TestInstanceIoUser">
        <test-method status="PASS" signature="testInstanceIoUser()[pri:0, instance:io.kaitai.struct.spec.TestInstanceIoUser@4e4aea35]" name="testInstanceIoUser" duration-ms="1" started-at="2019-10-13T09:39:00Z" finished-at="2019-10-13T09:39:00Z">
          <reporter-output>
          </reporter-output>
        </test-method> <!-- testInstanceIoUser -->
      </class> <!-- io.kaitai.struct.spec.TestInstanceIoUser -->
      <class name="io.kaitai.struct.spec.TestIndexSizes">
        <test-method status="PASS" signature="testIndexSizes()[pri:0, instance:io.kaitai.struct.spec.TestIndexSizes@120d6fe6]" name="testIndexSizes" duration-ms="1" started-at="2019-10-13T09:38:59Z" finished-at="2019-10-13T09:38:59Z">
          <reporter-output>
          </reporter-output>
        </test-method> <!-- testIndexSizes -->
      </class> <!-- io.kaitai.struct.spec.TestIndexSizes -->
      <class name="io.kaitai.struct.spec.TestTypeTernary">
        <test-method status="PASS" signature="testTypeTernary()[pri:0, instance:io.kaitai.struct.spec.TestTypeTernary@48a242ce]" name="testTypeTernary" duration-ms="1" started-at="2019-10-13T09:38:59Z" finished-at="2019-10-13T09:39:00Z">
          <reporter-output>
          </reporter-output>
        </test-method> <!-- testTypeTernary -->
      </class> <!-- io.kaitai.struct.spec.TestTypeTernary -->
      <class name="io.kaitai.struct.spec.TestNavParentFalse">
        <test-method status="PASS" signature="testNavParentFalse()[pri:0, instance:io.kaitai.struct.spec.TestNavParentFalse@12028586]" name="testNavParentFalse" duration-ms="1" started-at="2019-10-13T09:39:00Z" finished-at="2019-10-13T09:39:00Z">
          <reporter-output>
          </reporter-output>
        </test-method> <!-- testNavParentFalse -->
      </class> <!-- io.kaitai.struct.spec.TestNavParentFalse -->
      <class name="io.kaitai.struct.spec.TestInstanceStdArray">
        <test-method status="PASS" signature="testInstanceStdArray()[pri:0, instance:io.kaitai.struct.spec.TestInstanceStdArray@6a79c292]" name="testInstanceStdArray" duration-ms="0" started-at="2019-10-13T09:38:59Z" finished-at="2019-10-13T09:38:59Z">
          <reporter-output>
          </reporter-output>
        </test-method> <!-- testInstanceStdArray -->
      </class> <!-- io.kaitai.struct.spec.TestInstanceStdArray -->
      <class name="io.kaitai.struct.spec.TestSwitchManualInt">
        <test-method status="PASS" signature="testSwitchManualInt()[pri:0, instance:io.kaitai.struct.spec.TestSwitchManualInt@70a9f84e]" name="testSwitchManualInt" duration-ms="1" started-at="2019-10-13T09:39:00Z" finished-at="2019-10-13T09:39:00Z">
          <reporter-output>
          </reporter-output>
        </test-method> <!-- testSwitchManualInt -->
      </class> <!-- io.kaitai.struct.spec.TestSwitchManualInt -->
      <class name="io.kaitai.struct.spec.TestNavParent2">
        <test-method status="PASS" signature="testNavParent2()[pri:0, instance:io.kaitai.struct.spec.TestNavParent2@59717824]" name="testNavParent2" duration-ms="1" started-at="2019-10-13T09:39:00Z" finished-at="2019-10-13T09:39:00Z">
          <reporter-output>
          </reporter-output>
        </test-method> <!-- testNavParent2 -->
      </class> <!-- io.kaitai.struct.spec.TestNavParent2 -->
      <class name="io.kaitai.struct.spec.TestNavParent3">
        <test-method status="PASS" signature="testNavParent3()[pri:0, instance:io.kaitai.struct.spec.TestNavParent3@77be656f]" name="testNavParent3" duration-ms="3" started-at="2019-10-13T09:39:00Z" finished-at="2019-10-13T09:39:00Z">
          <reporter-output>
          </reporter-output>
        </test-method> <!-- testNavParent3 -->
      </class> <!-- io.kaitai.struct.spec.TestNavParent3 -->
      <class name="io.kaitai.struct.spec.TestDefaultEndianMod">
        <test-method status="PASS" signature="testDefaultEndianMod()[pri:0, instance:io.kaitai.struct.spec.TestDefaultEndianMod@44f75083]" name="testDefaultEndianMod" duration-ms="2" started-at="2019-10-13T09:38:59Z" finished-at="2019-10-13T09:38:59Z">
          <reporter-output>
          </reporter-output>
        </test-method> <!-- testDefaultEndianMod -->
      </class> <!-- io.kaitai.struct.spec.TestDefaultEndianMod -->
      <class name="io.kaitai.struct.spec.TestSwitchCast">
        <test-method status="PASS" signature="testSwitchCast()[pri:0, instance:io.kaitai.struct.spec.TestSwitchCast@6cc7b4de]" name="testSwitchCast" duration-ms="2" started-at="2019-10-13T09:39:00Z" finished-at="2019-10-13T09:39:00Z">
          <reporter-output>
          </reporter-output>
        </test-method> <!-- testSwitchCast -->
      </class> <!-- io.kaitai.struct.spec.TestSwitchCast -->
      <class name="io.kaitai.struct.spec.TestCastToTop">
        <test-method status="PASS" signature="testCastToTop()[pri:0, instance:io.kaitai.struct.spec.TestCastToTop@d6da883]" name="testCastToTop" duration-ms="0" started-at="2019-10-13T09:39:00Z" finished-at="2019-10-13T09:39:00Z">
          <reporter-output>
          </reporter-output>
        </test-method> <!-- testCastToTop -->
      </class> <!-- io.kaitai.struct.spec.TestCastToTop -->
      <class name="io.kaitai.struct.spec.TestExprSizeofType0">
        <test-method status="PASS" signature="testExprSizeofType0()[pri:0, instance:io.kaitai.struct.spec.TestExprSizeofType0@12405818]" name="testExprSizeofType0" duration-ms="1" started-at="2019-10-13T09:39:00Z" finished-at="2019-10-13T09:39:00Z">
          <reporter-output>
          </reporter-output>
        </test-method> <!-- testExprSizeofType0 -->
      </class> <!-- io.kaitai.struct.spec.TestExprSizeofType0 -->
      <class name="io.kaitai.struct.spec.TestSwitchManualIntSize">
        <test-method status="PASS" signature="testSwitchManualIntSize()[pri:0, instance:io.kaitai.struct.spec.TestSwitchManualIntSize@1efee8e7]" name="testSwitchManualIntSize" duration-ms="1" started-at="2019-10-13T09:39:00Z" finished-at="2019-10-13T09:39:00Z">
          <reporter-output>
          </reporter-output>
        </test-method> <!-- testSwitchManualIntSize -->
      </class> <!-- io.kaitai.struct.spec.TestSwitchManualIntSize -->
      <class name="io.kaitai.struct.spec.TestExprSizeofType1">
        <test-method status="PASS" signature="testExprSizeofType1()[pri:0, instance:io.kaitai.struct.spec.TestExprSizeofType1@23a5fd2]" name="testExprSizeofType1" duration-ms="0" started-at="2019-10-13T09:39:00Z" finished-at="2019-10-13T09:39:00Z">
          <reporter-output>
          </reporter-output>
        </test-method> <!-- testExprSizeofType1 -->
      </class> <!-- io.kaitai.struct.spec.TestExprSizeofType1 -->
      <class name="io.kaitai.struct.spec.TestImports0">
        <test-method status="PASS" signature="testImports0()[pri:0, instance:io.kaitai.struct.spec.TestImports0@221af3c0]" name="testImports0" duration-ms="2" started-at="2019-10-13T09:39:00Z" finished-at="2019-10-13T09:39:00Z">
          <reporter-output>
          </reporter-output>
        </test-method> <!-- testImports0 -->
      </class> <!-- io.kaitai.struct.spec.TestImports0 -->
      <class name="io.kaitai.struct.spec.TestBitsByteAligned">
        <test-method status="PASS" signature="testBitsByteAligned()[pri:0, instance:io.kaitai.struct.spec.TestBitsByteAligned@40f08448]" name="testBitsByteAligned" duration-ms="13" started-at="2019-10-13T09:39:00Z" finished-at="2019-10-13T09:39:00Z">
          <reporter-output>
          </reporter-output>
        </test-method> <!-- testBitsByteAligned -->
      </class> <!-- io.kaitai.struct.spec.TestBitsByteAligned -->
      <class name="io.kaitai.struct.spec.TestNestedSameName">
        <test-method status="PASS" signature="testNestedSameName()[pri:0, instance:io.kaitai.struct.spec.TestNestedSameName@1445d7f]" name="testNestedSameName" duration-ms="16" started-at="2019-10-13T09:39:00Z" finished-at="2019-10-13T09:39:00Z">
          <reporter-output>
          </reporter-output>
        </test-method> <!-- testNestedSameName -->
      </class> <!-- io.kaitai.struct.spec.TestNestedSameName -->
      <class name="io.kaitai.struct.spec.TestEnumToI">
        <test-method status="PASS" signature="testEnumToI()[pri:0, instance:io.kaitai.struct.spec.TestEnumToI@5e955596]" name="testEnumToI" duration-ms="2" started-at="2019-10-13T09:39:00Z" finished-at="2019-10-13T09:39:00Z">
          <reporter-output>
          </reporter-output>
        </test-method> <!-- testEnumToI -->
      </class> <!-- io.kaitai.struct.spec.TestEnumToI -->
      <class name="io.kaitai.struct.spec.TestRepeatEosU4">
        <test-method status="PASS" signature="testRepeatEosU4()[pri:0, instance:io.kaitai.struct.spec.TestRepeatEosU4@28c4711c]" name="testRepeatEosU4" duration-ms="0" started-at="2019-10-13T09:39:00Z" finished-at="2019-10-13T09:39:00Z">
          <reporter-output>
          </reporter-output>
        </test-method> <!-- testRepeatEosU4 -->
      </class> <!-- io.kaitai.struct.spec.TestRepeatEosU4 -->
      <class name="io.kaitai.struct.spec.TestSwitchManualIntSizeElse">
        <test-method status="PASS" signature="testSwitchManualIntSizeElse()[pri:0, instance:io.kaitai.struct.spec.TestSwitchManualIntSizeElse@69a10787]" name="testSwitchManualIntSizeElse" duration-ms="2" started-at="2019-10-13T09:39:00Z" finished-at="2019-10-13T09:39:00Z">
          <reporter-output>
          </reporter-output>
        </test-method> <!-- testSwitchManualIntSizeElse -->
      </class> <!-- io.kaitai.struct.spec.TestSwitchManualIntSizeElse -->
      <class name="io.kaitai.struct.spec.TestPositionToEnd">
        <test-method status="PASS" signature="testPositionToEnd()[pri:0, instance:io.kaitai.struct.spec.TestPositionToEnd@11c20519]" name="testPositionToEnd" duration-ms="0" started-at="2019-10-13T09:39:00Z" finished-at="2019-10-13T09:39:00Z">
          <reporter-output>
          </reporter-output>
        </test-method> <!-- testPositionToEnd -->
      </class> <!-- io.kaitai.struct.spec.TestPositionToEnd -->
      <class name="io.kaitai.struct.spec.TestParamsCallShort">
        <test-method status="PASS" signature="testParamsCallShort()[pri:0, instance:io.kaitai.struct.spec.TestParamsCallShort@78a2da20]" name="testParamsCallShort" duration-ms="1" started-at="2019-10-13T09:39:00Z" finished-at="2019-10-13T09:39:00Z">
          <reporter-output>
          </reporter-output>
        </test-method> <!-- testParamsCallShort -->
      </class> <!-- io.kaitai.struct.spec.TestParamsCallShort -->
      <class name="io.kaitai.struct.spec.TestImportsAbs">
        <test-method status="PASS" signature="testImportsAbs()[pri:0, instance:io.kaitai.struct.spec.TestImportsAbs@5e57643e]" name="testImportsAbs" duration-ms="1" started-at="2019-10-13T09:39:00Z" finished-at="2019-10-13T09:39:00Z">
          <reporter-output>
          </reporter-output>
        </test-method> <!-- testImportsAbs -->
      </class> <!-- io.kaitai.struct.spec.TestImportsAbs -->
      <class name="io.kaitai.struct.spec.TestEnumFancy">
        <test-method status="PASS" signature="testEnumFancy()[pri:0, instance:io.kaitai.struct.spec.TestEnumFancy@37574691]" name="testEnumFancy" duration-ms="1" started-at="2019-10-13T09:38:59Z" finished-at="2019-10-13T09:38:59Z">
          <reporter-output>
          </reporter-output>
        </test-method> <!-- testEnumFancy -->
      </class> <!-- io.kaitai.struct.spec.TestEnumFancy -->
      <class name="io.kaitai.struct.spec.TestSwitchRepeatExpr">
        <test-method status="PASS" signature="testSwitchRepeatExpr()[pri:0, instance:io.kaitai.struct.spec.TestSwitchRepeatExpr@19dc67c2]" name="testSwitchRepeatExpr" duration-ms="1" started-at="2019-10-13T09:39:00Z" finished-at="2019-10-13T09:39:00Z">
          <reporter-output>
          </reporter-output>
        </test-method> <!-- testSwitchRepeatExpr -->
      </class> <!-- io.kaitai.struct.spec.TestSwitchRepeatExpr -->
      <class name="io.kaitai.struct.spec.TestNestedTypes">
        <test-method status="PASS" signature="testNestedTypes()[pri:0, instance:io.kaitai.struct.spec.TestNestedTypes@588df31b]" name="testNestedTypes" duration-ms="1" started-at="2019-10-13T09:39:00Z" finished-at="2019-10-13T09:39:00Z">
          <reporter-output>
          </reporter-output>
        </test-method> <!-- testNestedTypes -->
      </class> <!-- io.kaitai.struct.spec.TestNestedTypes -->
      <class name="io.kaitai.struct.spec.TestExprArray">
        <test-method status="PASS" signature="testExprArray()[pri:0, instance:io.kaitai.struct.spec.TestExprArray@5cdd8682]" name="testExprArray" duration-ms="1" started-at="2019-10-13T09:39:00Z" finished-at="2019-10-13T09:39:00Z">
          <reporter-output>
          </reporter-output>
        </test-method> <!-- testExprArray -->
      </class> <!-- io.kaitai.struct.spec.TestExprArray -->
      <class name="io.kaitai.struct.spec.TestTypeIntUnaryOp">
        <test-method status="PASS" signature="testTypeIntUnaryOp()[pri:0, instance:io.kaitai.struct.spec.TestTypeIntUnaryOp@530612ba]" name="testTypeIntUnaryOp" duration-ms="1" started-at="2019-10-13T09:39:00Z" finished-at="2019-10-13T09:39:00Z">
          <reporter-output>
          </reporter-output>
        </test-method> <!-- testTypeIntUnaryOp -->
      </class> <!-- io.kaitai.struct.spec.TestTypeIntUnaryOp -->
      <class name="io.kaitai.struct.spec.TestIfValues">
        <test-method status="PASS" signature="testIfValues()[pri:0, instance:io.kaitai.struct.spec.TestIfValues@69379752]" name="testIfValues" duration-ms="3" started-at="2019-10-13T09:38:59Z" finished-at="2019-10-13T09:38:59Z">
          <reporter-output>
          </reporter-output>
        </test-method> <!-- testIfValues -->
      </class> <!-- io.kaitai.struct.spec.TestIfValues -->
      <class name="io.kaitai.struct.spec.TestFloatToI">
        <test-method status="PASS" signature="testFloatToI()[pri:0, instance:io.kaitai.struct.spec.TestFloatToI@3ffcd140]" name="testFloatToI" duration-ms="0" started-at="2019-10-13T09:38:59Z" finished-at="2019-10-13T09:38:59Z">
          <reporter-output>
          </reporter-output>
        </test-method> <!-- testFloatToI -->
      </class> <!-- io.kaitai.struct.spec.TestFloatToI -->
      <class name="io.kaitai.struct.spec.TestMultipleUse">
        <test-method status="PASS" signature="testMultipleUse()[pri:0, instance:io.kaitai.struct.spec.TestMultipleUse@23bb8443]" name="testMultipleUse" duration-ms="1" started-at="2019-10-13T09:38:59Z" finished-at="2019-10-13T09:38:59Z">
          <reporter-output>
          </reporter-output>
        </test-method> <!-- testMultipleUse -->
      </class> <!-- io.kaitai.struct.spec.TestMultipleUse -->
      <class name="io.kaitai.struct.spec.TestProcessCoerceBytes">
        <test-method status="PASS" signature="testProcessCoerceBytes()[pri:0, instance:io.kaitai.struct.spec.TestProcessCoerceBytes@2d127a61]" name="testProcessCoerceBytes" duration-ms="1" started-at="2019-10-13T09:39:00Z" finished-at="2019-10-13T09:39:00Z">
          <reporter-output>
          </reporter-output>
        </test-method> <!-- testProcessCoerceBytes -->
      </class> <!-- io.kaitai.struct.spec.TestProcessCoerceBytes -->
      <class name="io.kaitai.struct.spec.TestProcessCoerceUsertype2">
        <test-method status="PASS" signature="testProcessCoerceUsertype2()[pri:0, instance:io.kaitai.struct.spec.TestProcessCoerceUsertype2@5606c0b]" name="testProcessCoerceUsertype2" duration-ms="1" started-at="2019-10-13T09:38:59Z" finished-at="2019-10-13T09:38:59Z">
          <reporter-output>
          </reporter-output>
        </test-method> <!-- testProcessCoerceUsertype2 -->
      </class> <!-- io.kaitai.struct.spec.TestProcessCoerceUsertype2 -->
      <class name="io.kaitai.struct.spec.TestSwitchManualEnumInvalid">
        <test-method status="PASS" signature="testSwitchManualEnumInvalid()[pri:0, instance:io.kaitai.struct.spec.TestSwitchManualEnumInvalid@7fad8c79]" name="testSwitchManualEnumInvalid" duration-ms="1" started-at="2019-10-13T09:39:00Z" finished-at="2019-10-13T09:39:00Z">
          <reporter-output>
          </reporter-output>
        </test-method> <!-- testSwitchManualEnumInvalid -->
      </class> <!-- io.kaitai.struct.spec.TestSwitchManualEnumInvalid -->
      <class name="io.kaitai.struct.spec.TestProcessCoerceUsertype1">
        <test-method status="PASS" signature="testProcessCoerceUsertype1()[pri:0, instance:io.kaitai.struct.spec.TestProcessCoerceUsertype1@101df177]" name="testProcessCoerceUsertype1" duration-ms="1" started-at="2019-10-13T09:39:00Z" finished-at="2019-10-13T09:39:00Z">
          <reporter-output>
          </reporter-output>
        </test-method> <!-- testProcessCoerceUsertype1 -->
      </class> <!-- io.kaitai.struct.spec.TestProcessCoerceUsertype1 -->
      <class name="io.kaitai.struct.spec.TestStrEncodings">
        <test-method status="PASS" signature="testStrEncodings()[pri:0, instance:io.kaitai.struct.spec.TestStrEncodings@77a57272]" name="testStrEncodings" duration-ms="1" started-at="2019-10-13T09:39:00Z" finished-at="2019-10-13T09:39:00Z">
          <reporter-output>
          </reporter-output>
        </test-method> <!-- testStrEncodings -->
      </class> <!-- io.kaitai.struct.spec.TestStrEncodings -->
      <class name="io.kaitai.struct.spec.TestParamsDef">
        <test-method status="PASS" signature="testParamsDef()[pri:0, instance:io.kaitai.struct.spec.TestParamsDef@3e77a1ed]" name="testParamsDef" duration-ms="1" started-at="2019-10-13T09:38:59Z" finished-at="2019-10-13T09:38:59Z">
          <reporter-output>
          </reporter-output>
        </test-method> <!-- testParamsDef -->
      </class> <!-- io.kaitai.struct.spec.TestParamsDef -->
      <class name="io.kaitai.struct.spec.TestEnumOfValueInst">
        <test-method status="PASS" signature="testEnumOfValueInst()[pri:0, instance:io.kaitai.struct.spec.TestEnumOfValueInst@517cd4b]" name="testEnumOfValueInst" duration-ms="1" started-at="2019-10-13T09:39:00Z" finished-at="2019-10-13T09:39:00Z">
          <reporter-output>
          </reporter-output>
        </test-method> <!-- testEnumOfValueInst -->
      </class> <!-- io.kaitai.struct.spec.TestEnumOfValueInst -->
      <class name="io.kaitai.struct.spec.TestSwitchManualIntElse">
        <test-method status="PASS" signature="testSwitchManualIntElse()[pri:0, instance:io.kaitai.struct.spec.TestSwitchManualIntElse@543e710e]" name="testSwitchManualIntElse" duration-ms="2" started-at="2019-10-13T09:38:59Z" finished-at="2019-10-13T09:38:59Z">
          <reporter-output>
          </reporter-output>
        </test-method> <!-- testSwitchManualIntElse -->
      </class> <!-- io.kaitai.struct.spec.TestSwitchManualIntElse -->
      <class name="io.kaitai.struct.spec.TestEnum1">
        <test-method status="PASS" signature="testEnum1()[pri:0, instance:io.kaitai.struct.spec.TestEnum1@58fdd99]" name="testEnum1" duration-ms="1" started-at="2019-10-13T09:39:00Z" finished-at="2019-10-13T09:39:00Z">
          <reporter-output>
          </reporter-output>
        </test-method> <!-- testEnum1 -->
      </class> <!-- io.kaitai.struct.spec.TestEnum1 -->
      <class name="io.kaitai.struct.spec.TestEnum0">
        <test-method status="PASS" signature="testEnum0()[pri:0, instance:io.kaitai.struct.spec.TestEnum0@80ec1f8]" name="testEnum0" duration-ms="1" started-at="2019-10-13T09:39:00Z" finished-at="2019-10-13T09:39:00Z">
          <reporter-output>
          </reporter-output>
        </test-method> <!-- testEnum0 -->
      </class> <!-- io.kaitai.struct.spec.TestEnum0 -->
      <class name="io.kaitai.struct.spec.TestProcessRotate">
        <test-method status="PASS" signature="testProcessRotate()[pri:0, instance:io.kaitai.struct.spec.TestProcessRotate@2f490758]" name="testProcessRotate" duration-ms="1" started-at="2019-10-13T09:39:00Z" finished-at="2019-10-13T09:39:00Z">
          <reporter-output>
          </reporter-output>
        </test-method> <!-- testProcessRotate -->
      </class> <!-- io.kaitai.struct.spec.TestProcessRotate -->
      <class name="io.kaitai.struct.spec.TestJsSignedRightShift">
        <test-method status="PASS" signature="testJsSignedRightShift()[pri:0, instance:io.kaitai.struct.spec.TestJsSignedRightShift@3d3fcdb0]" name="testJsSignedRightShift" duration-ms="0" started-at="2019-10-13T09:38:59Z" finished-at="2019-10-13T09:38:59Z">
          <reporter-output>
          </reporter-output>
        </test-method> <!-- testJsSignedRightShift -->
      </class> <!-- io.kaitai.struct.spec.TestJsSignedRightShift -->
      <class name="io.kaitai.struct.spec.TestNavParentOverride">
        <test-method status="PASS" signature="testNavParentOverride()[pri:0, instance:io.kaitai.struct.spec.TestNavParentOverride@1d7acb34]" name="testNavParentOverride" duration-ms="1" started-at="2019-10-13T09:38:59Z" finished-at="2019-10-13T09:38:59Z">
          <reporter-output>
          </reporter-output>
        </test-method> <!-- testNavParentOverride -->
      </class> <!-- io.kaitai.struct.spec.TestNavParentOverride -->
      <class name="io.kaitai.struct.spec.TestValidFailEqBytes">
        <test-method status="PASS" signature="testValidFailEqBytes()[pri:0, instance:io.kaitai.struct.spec.TestValidFailEqBytes@7181ae3f]" name="testValidFailEqBytes" duration-ms="3" started-at="2019-10-13T09:39:00Z" finished-at="2019-10-13T09:39:00Z">
          <exception class="io.kaitai.struct.KaitaiStream$ValidationNotEqualError">
            <message>
              <![CDATA[/seq/0: at pos 2: validation failed: not equal, expected [51 41], but got [50 41]]]>
            </message>
            <full-stacktrace>
              <![CDATA[io.kaitai.struct.KaitaiStream$ValidationNotEqualError: /seq/0: at pos 2: validation failed: not equal, expected [51 41], but got [50 41]
	at io.kaitai.struct.testformats.ValidFailEqBytes._read(ValidFailEqBytes.java:33)
	at io.kaitai.struct.testformats.ValidFailEqBytes.<init>(ValidFailEqBytes.java:28)
	at io.kaitai.struct.testformats.ValidFailEqBytes.<init>(ValidFailEqBytes.java:17)
	at io.kaitai.struct.testformats.ValidFailEqBytes.fromFile(ValidFailEqBytes.java:13)
	at io.kaitai.struct.spec.TestValidFailEqBytes.testValidFailEqBytes(TestValidFailEqBytes.java:13)
	at sun.reflect.NativeMethodAccessorImpl.invoke0(Native Method)
	at sun.reflect.NativeMethodAccessorImpl.invoke(NativeMethodAccessorImpl.java:62)
	at sun.reflect.DelegatingMethodAccessorImpl.invoke(DelegatingMethodAccessorImpl.java:43)
	at java.lang.reflect.Method.invoke(Method.java:498)
	at org.testng.internal.MethodInvocationHelper.invokeMethod(MethodInvocationHelper.java:86)
	at org.testng.internal.Invoker.invokeMethod(Invoker.java:643)
	at org.testng.internal.Invoker.invokeTestMethod(Invoker.java:820)
	at org.testng.internal.Invoker.invokeTestMethods(Invoker.java:1128)
	at org.testng.internal.TestMethodWorker.invokeTestMethods(TestMethodWorker.java:129)
	at org.testng.internal.TestMethodWorker.run(TestMethodWorker.java:112)
	at org.testng.TestRunner.privateRun(TestRunner.java:782)
	at org.testng.TestRunner.run(TestRunner.java:632)
	at org.testng.SuiteRunner.runTest(SuiteRunner.java:366)
	at org.testng.SuiteRunner.runSequentially(SuiteRunner.java:361)
	at org.testng.SuiteRunner.privateRun(SuiteRunner.java:319)
	at org.testng.SuiteRunner.run(SuiteRunner.java:268)
	at org.testng.SuiteRunnerWorker.runSuite(SuiteRunnerWorker.java:52)
	at org.testng.SuiteRunnerWorker.run(SuiteRunnerWorker.java:86)
	at org.testng.TestNG.runSuitesSequentially(TestNG.java:1244)
	at org.testng.TestNG.runSuitesLocally(TestNG.java:1169)
	at org.testng.TestNG.run(TestNG.java:1064)
	at org.testng.TestNG.privateMain(TestNG.java:1385)
	at org.testng.TestNG.main(TestNG.java:1354)
]]>
            </full-stacktrace>
          </exception> <!-- io.kaitai.struct.KaitaiStream$ValidationNotEqualError -->
          <reporter-output>
          </reporter-output>
        </test-method> <!-- testValidFailEqBytes -->
      </class> <!-- io.kaitai.struct.spec.TestValidFailEqBytes -->
      <class name="io.kaitai.struct.spec.TestRepeatNStruct">
        <test-method status="PASS" signature="testRepeatNStruct()[pri:0, instance:io.kaitai.struct.spec.TestRepeatNStruct@6b0c2d26]" name="testRepeatNStruct" duration-ms="0" started-at="2019-10-13T09:38:59Z" finished-at="2019-10-13T09:38:59Z">
          <reporter-output>
          </reporter-output>
        </test-method> <!-- testRepeatNStruct -->
      </class> <!-- io.kaitai.struct.spec.TestRepeatNStruct -->
      <class name="io.kaitai.struct.spec.TestIndexToParamUntil">
        <test-method status="PASS" signature="testIndexToParamUntil()[pri:0, instance:io.kaitai.struct.spec.TestIndexToParamUntil@3444d69d]" name="testIndexToParamUntil" duration-ms="2" started-at="2019-10-13T09:38:59Z" finished-at="2019-10-13T09:38:59Z">
          <reporter-output>
          </reporter-output>
        </test-method> <!-- testIndexToParamUntil -->
      </class> <!-- io.kaitai.struct.spec.TestIndexToParamUntil -->
      <class name="io.kaitai.struct.spec.TestStrEos">
        <test-method status="PASS" signature="testStrEos()[pri:0, instance:io.kaitai.struct.spec.TestStrEos@6a396c1e]" name="testStrEos" duration-ms="1" started-at="2019-10-13T09:39:00Z" finished-at="2019-10-13T09:39:00Z">
          <reporter-output>
          </reporter-output>
        </test-method> <!-- testStrEos -->
      </class> <!-- io.kaitai.struct.spec.TestStrEos -->
      <class name="io.kaitai.struct.spec.TestBcdUserTypeLe">
        <test-method status="PASS" signature="testBcdUserTypeLe()[pri:0, instance:io.kaitai.struct.spec.TestBcdUserTypeLe@1e9e725a]" name="testBcdUserTypeLe" duration-ms="5" started-at="2019-10-13T09:39:00Z" finished-at="2019-10-13T09:39:00Z">
          <reporter-output>
          </reporter-output>
        </test-method> <!-- testBcdUserTypeLe -->
      </class> <!-- io.kaitai.struct.spec.TestBcdUserTypeLe -->
      <class name="io.kaitai.struct.spec.TestNestedSameName2">
        <test-method status="PASS" signature="testNestedSameName2()[pri:0, instance:io.kaitai.struct.spec.TestNestedSameName2@1ee807c6]" name="testNestedSameName2" duration-ms="1" started-at="2019-10-13T09:39:00Z" finished-at="2019-10-13T09:39:00Z">
          <reporter-output>
          </reporter-output>
        </test-method> <!-- testNestedSameName2 -->
      </class> <!-- io.kaitai.struct.spec.TestNestedSameName2 -->
      <class name="io.kaitai.struct.spec.TestImportsAbsRel">
        <test-method status="PASS" signature="testImportsAbsRel()[pri:0, instance:io.kaitai.struct.spec.TestImportsAbsRel@551bdc27]" name="testImportsAbsRel" duration-ms="1" started-at="2019-10-13T09:39:00Z" finished-at="2019-10-13T09:39:00Z">
          <reporter-output>
          </reporter-output>
        </test-method> <!-- testImportsAbsRel -->
      </class> <!-- io.kaitai.struct.spec.TestImportsAbsRel -->
      <class name="io.kaitai.struct.spec.TestEnumDeep">
        <test-method status="PASS" signature="testEnumDeep()[pri:0, instance:io.kaitai.struct.spec.TestEnumDeep@76b10754]" name="testEnumDeep" duration-ms="3" started-at="2019-10-13T09:39:00Z" finished-at="2019-10-13T09:39:00Z">
          <reporter-output>
          </reporter-output>
        </test-method> <!-- testEnumDeep -->
      </class> <!-- io.kaitai.struct.spec.TestEnumDeep -->
    </test> <!-- all -->
  </suite> <!-- Kaitai Struct Java specs -->
</testng-results>
