<?xml version="1.0" encoding="UTF-8"?>
<testng-results skipped="0" failed="5" total="262" passed="257">
  <reporter-output>
  </reporter-output>
  <suite name="Kaitai Struct Java specs" duration-ms="281" started-at="2024-12-27T09:25:50Z" finished-at="2024-12-27T09:25:50Z">
    <groups>
    </groups>
    <test name="all" duration-ms="281" started-at="2024-12-27T09:25:50Z" finished-at="2024-12-27T09:25:50Z">
      <class name="io.kaitai.struct.spec.TestRepeatUntilCalcArrayType">
        <test-method status="PASS" signature="testRepeatUntilCalcArrayType()[pri:0, instance:io.kaitai.struct.spec.TestRepeatUntilCalcArrayType@3e46c3ff]" name="testRepeatUntilCalcArrayType" duration-ms="1" started-at="2024-12-27T09:25:50Z" finished-at="2024-12-27T09:25:50Z">
          <reporter-output>
          </reporter-output>
        </test-method> <!-- testRepeatUntilCalcArrayType -->
      </class> <!-- io.kaitai.struct.spec.TestRepeatUntilCalcArrayType -->
      <class name="io.kaitai.struct.spec.TestIndexToParamUntil">
        <test-method status="PASS" signature="testIndexToParamUntil()[pri:0, instance:io.kaitai.struct.spec.TestIndexToParamUntil@5a254de0]" name="testIndexToParamUntil" duration-ms="1" started-at="2024-12-27T09:25:50Z" finished-at="2024-12-27T09:25:50Z">
          <reporter-output>
          </reporter-output>
        </test-method> <!-- testIndexToParamUntil -->
      </class> <!-- io.kaitai.struct.spec.TestIndexToParamUntil -->
      <class name="io.kaitai.struct.spec.TestDebugSwitchUser">
        <test-method status="PASS" signature="testDebugSwitchUser()[pri:0, instance:io.kaitai.struct.spec.TestDebugSwitchUser@18e1be72]" name="testDebugSwitchUser" duration-ms="1" started-at="2024-12-27T09:25:50Z" finished-at="2024-12-27T09:25:50Z">
          <reporter-output>
          </reporter-output>
        </test-method> <!-- testDebugSwitchUser -->
      </class> <!-- io.kaitai.struct.spec.TestDebugSwitchUser -->
      <class name="io.kaitai.struct.spec.TestParamsPassArrayStruct">
        <test-method status="PASS" signature="testParamsPassArrayStruct()[pri:0, instance:io.kaitai.struct.spec.TestParamsPassArrayStruct@5076ec1a]" name="testParamsPassArrayStruct" duration-ms="1" started-at="2024-12-27T09:25:50Z" finished-at="2024-12-27T09:25:50Z">
          <reporter-output>
          </reporter-output>
        </test-method> <!-- testParamsPassArrayStruct -->
      </class> <!-- io.kaitai.struct.spec.TestParamsPassArrayStruct -->
      <class name="io.kaitai.struct.spec.TestNavParentVsValueInst">
        <test-method status="PASS" signature="testNavParentVsValueInst()[pri:0, instance:io.kaitai.struct.spec.TestNavParentVsValueInst@145a96f8]" name="testNavParentVsValueInst" duration-ms="0" started-at="2024-12-27T09:25:50Z" finished-at="2024-12-27T09:25:50Z">
          <reporter-output>
          </reporter-output>
        </test-method> <!-- testNavParentVsValueInst -->
      </class> <!-- io.kaitai.struct.spec.TestNavParentVsValueInst -->
      <class name="io.kaitai.struct.spec.TestIoLocalVar">
        <test-method status="PASS" signature="testIoLocalVar()[pri:0, instance:io.kaitai.struct.spec.TestIoLocalVar@611353a7]" name="testIoLocalVar" duration-ms="1" started-at="2024-12-27T09:25:50Z" finished-at="2024-12-27T09:25:50Z">
          <reporter-output>
          </reporter-output>
        </test-method> <!-- testIoLocalVar -->
      </class> <!-- io.kaitai.struct.spec.TestIoLocalVar -->
      <class name="io.kaitai.struct.spec.TestValidFailRepeatEqInt">
        <test-method status="PASS" signature="testValidFailRepeatEqInt()[pri:0, instance:io.kaitai.struct.spec.TestValidFailRepeatEqInt@45e35a2f]" name="testValidFailRepeatEqInt" duration-ms="1" started-at="2024-12-27T09:25:50Z" finished-at="2024-12-27T09:25:50Z">
          <exception class="io.kaitai.struct.KaitaiStream$ValidationNotEqualError">
            <message>
              <![CDATA[/seq/0: at pos 12: validation failed: not equal, expected 305419896, but got 1193046]]>
            </message>
            <full-stacktrace>
              <![CDATA[io.kaitai.struct.KaitaiStream$ValidationNotEqualError: /seq/0: at pos 12: validation failed: not equal, expected 305419896, but got 1193046
	at io.kaitai.struct.testformats.ValidFailRepeatEqInt._read(ValidFailRepeatEqInt.java:37)
	at io.kaitai.struct.testformats.ValidFailRepeatEqInt.<init>(ValidFailRepeatEqInt.java:28)
	at io.kaitai.struct.testformats.ValidFailRepeatEqInt.<init>(ValidFailRepeatEqInt.java:17)
	at io.kaitai.struct.testformats.ValidFailRepeatEqInt.fromFile(ValidFailRepeatEqInt.java:13)
	at io.kaitai.struct.spec.TestValidFailRepeatEqInt.testValidFailRepeatEqInt(TestValidFailRepeatEqInt.java:13)
	at sun.reflect.NativeMethodAccessorImpl.invoke0(Native Method)
	at sun.reflect.NativeMethodAccessorImpl.invoke(NativeMethodAccessorImpl.java:57)
	at sun.reflect.DelegatingMethodAccessorImpl.invoke(DelegatingMethodAccessorImpl.java:43)
	at java.lang.reflect.Method.invoke(Method.java:607)
	at org.testng.internal.MethodInvocationHelper.invokeMethod(MethodInvocationHelper.java:86)
	at org.testng.internal.Invoker.invokeMethod(Invoker.java:643)
	at org.testng.internal.Invoker.invokeTestMethod(Invoker.java:820)
	at org.testng.internal.Invoker.invokeTestMethods(Invoker.java:1128)
	at org.testng.internal.TestMethodWorker.invokeTestMethods(TestMethodWorker.java:129)
	at org.testng.internal.TestMethodWorker.run(TestMethodWorker.java:112)
	at org.testng.TestRunner.privateRun(TestRunner.java:782)
	at org.testng.TestRunner.run(TestRunner.java:632)
	at org.testng.SuiteRunner.runTest(SuiteRunner.java:366)
	at org.testng.SuiteRunner.runSequentially(SuiteRunner.java:361)
	at org.testng.SuiteRunner.privateRun(SuiteRunner.java:319)
	at org.testng.SuiteRunner.run(SuiteRunner.java:268)
	at org.testng.SuiteRunnerWorker.runSuite(SuiteRunnerWorker.java:52)
	at org.testng.SuiteRunnerWorker.run(SuiteRunnerWorker.java:86)
	at org.testng.TestNG.runSuitesSequentially(TestNG.java:1244)
	at org.testng.TestNG.runSuitesLocally(TestNG.java:1169)
	at org.testng.TestNG.run(TestNG.java:1064)
	at org.testng.TestNG.privateMain(TestNG.java:1385)
	at org.testng.TestNG.main(TestNG.java:1354)
]]>
            </full-stacktrace>
          </exception> <!-- io.kaitai.struct.KaitaiStream$ValidationNotEqualError -->
          <reporter-output>
          </reporter-output>
        </test-method> <!-- testValidFailRepeatEqInt -->
      </class> <!-- io.kaitai.struct.spec.TestValidFailRepeatEqInt -->
      <class name="io.kaitai.struct.spec.TestParamsDef">
        <test-method status="PASS" signature="testParamsDef()[pri:0, instance:io.kaitai.struct.spec.TestParamsDef@7fdc7b1a]" name="testParamsDef" duration-ms="1" started-at="2024-12-27T09:25:50Z" finished-at="2024-12-27T09:25:50Z">
          <reporter-output>
          </reporter-output>
        </test-method> <!-- testParamsDef -->
      </class> <!-- io.kaitai.struct.spec.TestParamsDef -->
      <class name="io.kaitai.struct.spec.TestValidFailRangeBytes">
        <test-method status="PASS" signature="testValidFailRangeBytes()[pri:0, instance:io.kaitai.struct.spec.TestValidFailRangeBytes@75bbb4f4]" name="testValidFailRangeBytes" duration-ms="0" started-at="2024-12-27T09:25:50Z" finished-at="2024-12-27T09:25:50Z">
          <exception class="io.kaitai.struct.KaitaiStream$ValidationGreaterThanError">
            <message>
              <![CDATA[/seq/0: at pos 2: validation failed: not in range, max [50 31], but got [50 41]]]>
            </message>
            <full-stacktrace>
              <![CDATA[io.kaitai.struct.KaitaiStream$ValidationGreaterThanError: /seq/0: at pos 2: validation failed: not in range, max [50 31], but got [50 41]
	at io.kaitai.struct.testformats.ValidFailRangeBytes._read(ValidFailRangeBytes.java:35)
	at io.kaitai.struct.testformats.ValidFailRangeBytes.<init>(ValidFailRangeBytes.java:27)
	at io.kaitai.struct.testformats.ValidFailRangeBytes.<init>(ValidFailRangeBytes.java:16)
	at io.kaitai.struct.testformats.ValidFailRangeBytes.fromFile(ValidFailRangeBytes.java:12)
	at io.kaitai.struct.spec.TestValidFailRangeBytes.testValidFailRangeBytes(TestValidFailRangeBytes.java:13)
	at sun.reflect.NativeMethodAccessorImpl.invoke0(Native Method)
	at sun.reflect.NativeMethodAccessorImpl.invoke(NativeMethodAccessorImpl.java:57)
	at sun.reflect.DelegatingMethodAccessorImpl.invoke(DelegatingMethodAccessorImpl.java:43)
	at java.lang.reflect.Method.invoke(Method.java:607)
	at org.testng.internal.MethodInvocationHelper.invokeMethod(MethodInvocationHelper.java:86)
	at org.testng.internal.Invoker.invokeMethod(Invoker.java:643)
	at org.testng.internal.Invoker.invokeTestMethod(Invoker.java:820)
	at org.testng.internal.Invoker.invokeTestMethods(Invoker.java:1128)
	at org.testng.internal.TestMethodWorker.invokeTestMethods(TestMethodWorker.java:129)
	at org.testng.internal.TestMethodWorker.run(TestMethodWorker.java:112)
	at org.testng.TestRunner.privateRun(TestRunner.java:782)
	at org.testng.TestRunner.run(TestRunner.java:632)
	at org.testng.SuiteRunner.runTest(SuiteRunner.java:366)
	at org.testng.SuiteRunner.runSequentially(SuiteRunner.java:361)
	at org.testng.SuiteRunner.privateRun(SuiteRunner.java:319)
	at org.testng.SuiteRunner.run(SuiteRunner.java:268)
	at org.testng.SuiteRunnerWorker.runSuite(SuiteRunnerWorker.java:52)
	at org.testng.SuiteRunnerWorker.run(SuiteRunnerWorker.java:86)
	at org.testng.TestNG.runSuitesSequentially(TestNG.java:1244)
	at org.testng.TestNG.runSuitesLocally(TestNG.java:1169)
	at org.testng.TestNG.run(TestNG.java:1064)
	at org.testng.TestNG.privateMain(TestNG.java:1385)
	at org.testng.TestNG.main(TestNG.java:1354)
]]>
            </full-stacktrace>
          </exception> <!-- io.kaitai.struct.KaitaiStream$ValidationGreaterThanError -->
          <reporter-output>
          </reporter-output>
        </test-method> <!-- testValidFailRangeBytes -->
      </class> <!-- io.kaitai.struct.spec.TestValidFailRangeBytes -->
      <class name="io.kaitai.struct.spec.TestRepeatEosStruct">
        <test-method status="PASS" signature="testRepeatEosStruct()[pri:0, instance:io.kaitai.struct.spec.TestRepeatEosStruct@27daf5b]" name="testRepeatEosStruct" duration-ms="1" started-at="2024-12-27T09:25:50Z" finished-at="2024-12-27T09:25:50Z">
          <reporter-output>
          </reporter-output>
        </test-method> <!-- testRepeatEosStruct -->
      </class> <!-- io.kaitai.struct.spec.TestRepeatEosStruct -->
      <class name="io.kaitai.struct.spec.TestCombineBool">
        <test-method status="PASS" signature="testCombineBool()[pri:0, instance:io.kaitai.struct.spec.TestCombineBool@3ddda70f]" name="testCombineBool" duration-ms="2" started-at="2024-12-27T09:25:50Z" finished-at="2024-12-27T09:25:50Z">
          <reporter-output>
          </reporter-output>
        </test-method> <!-- testCombineBool -->
      </class> <!-- io.kaitai.struct.spec.TestCombineBool -->
      <class name="io.kaitai.struct.spec.TestProcessRotate">
        <test-method status="PASS" signature="testProcessRotate()[pri:0, instance:io.kaitai.struct.spec.TestProcessRotate@1a01db88]" name="testProcessRotate" duration-ms="0" started-at="2024-12-27T09:25:50Z" finished-at="2024-12-27T09:25:50Z">
          <reporter-output>
          </reporter-output>
        </test-method> <!-- testProcessRotate -->
      </class> <!-- io.kaitai.struct.spec.TestProcessRotate -->
      <class name="io.kaitai.struct.spec.TestInstanceStd">
        <test-method status="PASS" signature="testInstanceStd()[pri:0, instance:io.kaitai.struct.spec.TestInstanceStd@7437e222]" name="testInstanceStd" duration-ms="1" started-at="2024-12-27T09:25:50Z" finished-at="2024-12-27T09:25:50Z">
          <reporter-output>
          </reporter-output>
        </test-method> <!-- testInstanceStd -->
      </class> <!-- io.kaitai.struct.spec.TestInstanceStd -->
      <class name="io.kaitai.struct.spec.TestNavParent2">
        <test-method status="PASS" signature="testNavParent2()[pri:0, instance:io.kaitai.struct.spec.TestNavParent2@36c6e417]" name="testNavParent2" duration-ms="1" started-at="2024-12-27T09:25:50Z" finished-at="2024-12-27T09:25:50Z">
          <reporter-output>
          </reporter-output>
        </test-method> <!-- testNavParent2 -->
      </class> <!-- io.kaitai.struct.spec.TestNavParent2 -->
      <class name="io.kaitai.struct.spec.TestNavParent3">
        <test-method status="PASS" signature="testNavParent3()[pri:0, instance:io.kaitai.struct.spec.TestNavParent3@e92c877]" name="testNavParent3" duration-ms="1" started-at="2024-12-27T09:25:50Z" finished-at="2024-12-27T09:25:50Z">
          <reporter-output>
          </reporter-output>
        </test-method> <!-- testNavParent3 -->
      </class> <!-- io.kaitai.struct.spec.TestNavParent3 -->
      <class name="io.kaitai.struct.spec.TestNestedTypes">
        <test-method status="PASS" signature="testNestedTypes()[pri:0, instance:io.kaitai.struct.spec.TestNestedTypes@3d2fdcd7]" name="testNestedTypes" duration-ms="1" started-at="2024-12-27T09:25:50Z" finished-at="2024-12-27T09:25:50Z">
          <reporter-output>
          </reporter-output>
        </test-method> <!-- testNestedTypes -->
      </class> <!-- io.kaitai.struct.spec.TestNestedTypes -->
      <class name="io.kaitai.struct.spec.TestInstanceStdArray">
        <test-method status="PASS" signature="testInstanceStdArray()[pri:0, instance:io.kaitai.struct.spec.TestInstanceStdArray@7b1c661c]" name="testInstanceStdArray" duration-ms="0" started-at="2024-12-27T09:25:50Z" finished-at="2024-12-27T09:25:50Z">
          <reporter-output>
          </reporter-output>
        </test-method> <!-- testInstanceStdArray -->
      </class> <!-- io.kaitai.struct.spec.TestInstanceStdArray -->
      <class name="io.kaitai.struct.spec.TestSwitchMultiBoolOps">
        <test-method status="PASS" signature="testSwitchMultiBoolOps()[pri:0, instance:io.kaitai.struct.spec.TestSwitchMultiBoolOps@2e8479af]" name="testSwitchMultiBoolOps" duration-ms="0" started-at="2024-12-27T09:25:50Z" finished-at="2024-12-27T09:25:50Z">
          <reporter-output>
          </reporter-output>
        </test-method> <!-- testSwitchMultiBoolOps -->
      </class> <!-- io.kaitai.struct.spec.TestSwitchMultiBoolOps -->
      <class name="io.kaitai.struct.spec.TestSwitchManualIntSizeEos">
        <test-method status="PASS" signature="testSwitchManualIntSizeEos()[pri:0, instance:io.kaitai.struct.spec.TestSwitchManualIntSizeEos@458d1a4]" name="testSwitchManualIntSizeEos" duration-ms="2" started-at="2024-12-27T09:25:50Z" finished-at="2024-12-27T09:25:50Z">
          <reporter-output>
          </reporter-output>
        </test-method> <!-- testSwitchManualIntSizeEos -->
      </class> <!-- io.kaitai.struct.spec.TestSwitchManualIntSizeEos -->
      <class name="io.kaitai.struct.spec.TestParamsPassUsertype">
        <test-method status="PASS" signature="testParamsPassUsertype()[pri:0, instance:io.kaitai.struct.spec.TestParamsPassUsertype@47ca5c4f]" name="testParamsPassUsertype" duration-ms="1" started-at="2024-12-27T09:25:50Z" finished-at="2024-12-27T09:25:50Z">
          <reporter-output>
          </reporter-output>
        </test-method> <!-- testParamsPassUsertype -->
      </class> <!-- io.kaitai.struct.spec.TestParamsPassUsertype -->
      <class name="io.kaitai.struct.spec.TestFixedContents">
        <test-method status="PASS" signature="testFixedContents()[pri:0, instance:io.kaitai.struct.spec.TestFixedContents@399a09cf]" name="testFixedContents" duration-ms="1" started-at="2024-12-27T09:25:50Z" finished-at="2024-12-27T09:25:50Z">
          <reporter-output>
          </reporter-output>
        </test-method> <!-- testFixedContents -->
      </class> <!-- io.kaitai.struct.spec.TestFixedContents -->
      <class name="io.kaitai.struct.spec.TestEnumToIInvalid">
        <test-method status="FAIL" signature="testEnumToIInvalid()[pri:0, instance:io.kaitai.struct.spec.TestEnumToIInvalid@28cfdeb5]" name="testEnumToIInvalid" duration-ms="1" started-at="2024-12-27T09:25:50Z" finished-at="2024-12-27T09:25:50Z">
          <exception class="java.lang.AssertionError">
            <message>
              <![CDATA[expected [111] but found [null]]]>
            </message>
            <full-stacktrace>
              <![CDATA[java.lang.AssertionError: expected [111] but found [null]
	at org.testng.Assert.fail(Assert.java:94)
	at org.testng.Assert.failNotEquals(Assert.java:513)
	at org.testng.Assert.assertEqualsImpl(Assert.java:130)
	at org.testng.Assert.assertEquals(Assert.java:116)
	at org.testng.Assert.assertEquals(Assert.java:179)
	at io.kaitai.struct.spec.TestEnumToIInvalid.testEnumToIInvalid(TestEnumToIInvalid.java:15)
	at sun.reflect.NativeMethodAccessorImpl.invoke0(Native Method)
	at sun.reflect.NativeMethodAccessorImpl.invoke(NativeMethodAccessorImpl.java:57)
	at sun.reflect.DelegatingMethodAccessorImpl.invoke(DelegatingMethodAccessorImpl.java:43)
	at java.lang.reflect.Method.invoke(Method.java:607)
	at org.testng.internal.MethodInvocationHelper.invokeMethod(MethodInvocationHelper.java:86)
	at org.testng.internal.Invoker.invokeMethod(Invoker.java:643)
	at org.testng.internal.Invoker.invokeTestMethod(Invoker.java:820)
	at org.testng.internal.Invoker.invokeTestMethods(Invoker.java:1128)
	at org.testng.internal.TestMethodWorker.invokeTestMethods(TestMethodWorker.java:129)
	at org.testng.internal.TestMethodWorker.run(TestMethodWorker.java:112)
	at org.testng.TestRunner.privateRun(TestRunner.java:782)
	at org.testng.TestRunner.run(TestRunner.java:632)
	at org.testng.SuiteRunner.runTest(SuiteRunner.java:366)
	at org.testng.SuiteRunner.runSequentially(SuiteRunner.java:361)
	at org.testng.SuiteRunner.privateRun(SuiteRunner.java:319)
	at org.testng.SuiteRunner.run(SuiteRunner.java:268)
	at org.testng.SuiteRunnerWorker.runSuite(SuiteRunnerWorker.java:52)
	at org.testng.SuiteRunnerWorker.run(SuiteRunnerWorker.java:86)
	at org.testng.TestNG.runSuitesSequentially(TestNG.java:1244)
	at org.testng.TestNG.runSuitesLocally(TestNG.java:1169)
	at org.testng.TestNG.run(TestNG.java:1064)
	at org.testng.TestNG.privateMain(TestNG.java:1385)
	at org.testng.TestNG.main(TestNG.java:1354)
]]>
            </full-stacktrace>
          </exception> <!-- java.lang.AssertionError -->
          <reporter-output>
          </reporter-output>
        </test-method> <!-- testEnumToIInvalid -->
      </class> <!-- io.kaitai.struct.spec.TestEnumToIInvalid -->
      <class name="io.kaitai.struct.spec.TestZlibSurrounded">
        <test-method status="PASS" signature="testZlibSurrounded()[pri:0, instance:io.kaitai.struct.spec.TestZlibSurrounded@4645801a]" name="testZlibSurrounded" duration-ms="1" started-at="2024-12-27T09:25:50Z" finished-at="2024-12-27T09:25:50Z">
          <reporter-output>
          </reporter-output>
        </test-method> <!-- testZlibSurrounded -->
      </class> <!-- io.kaitai.struct.spec.TestZlibSurrounded -->
      <class name="io.kaitai.struct.spec.TestExprStrEncodings">
        <test-method status="PASS" signature="testExprStrEncodings()[pri:0, instance:io.kaitai.struct.spec.TestExprStrEncodings@482c7179]" name="testExprStrEncodings" duration-ms="1" started-at="2024-12-27T09:25:50Z" finished-at="2024-12-27T09:25:50Z">
          <reporter-output>
          </reporter-output>
        </test-method> <!-- testExprStrEncodings -->
      </class> <!-- io.kaitai.struct.spec.TestExprStrEncodings -->
      <class name="io.kaitai.struct.spec.TestZlibWithHeader78">
        <test-method status="PASS" signature="testZlibWithHeader78()[pri:0, instance:io.kaitai.struct.spec.TestZlibWithHeader78@5dd70c4b]" name="testZlibWithHeader78" duration-ms="0" started-at="2024-12-27T09:25:50Z" finished-at="2024-12-27T09:25:50Z">
          <reporter-output>
          </reporter-output>
        </test-method> <!-- testZlibWithHeader78 -->
      </class> <!-- io.kaitai.struct.spec.TestZlibWithHeader78 -->
      <class name="io.kaitai.struct.spec.TestNavRoot">
        <test-method status="PASS" signature="testNavRoot()[pri:0, instance:io.kaitai.struct.spec.TestNavRoot@573f769]" name="testNavRoot" duration-ms="1" started-at="2024-12-27T09:25:50Z" finished-at="2024-12-27T09:25:50Z">
          <reporter-output>
          </reporter-output>
        </test-method> <!-- testNavRoot -->
      </class> <!-- io.kaitai.struct.spec.TestNavRoot -->
      <class name="io.kaitai.struct.spec.TestImportsParamsDefArrayUsertypeImported">
        <test-method status="PASS" signature="testImportsParamsDefArrayUsertypeImported()[pri:0, instance:io.kaitai.struct.spec.TestImportsParamsDefArrayUsertypeImported@5dc7c133]" name="testImportsParamsDefArrayUsertypeImported" duration-ms="0" started-at="2024-12-27T09:25:50Z" finished-at="2024-12-27T09:25:50Z">
          <reporter-output>
          </reporter-output>
        </test-method> <!-- testImportsParamsDefArrayUsertypeImported -->
      </class> <!-- io.kaitai.struct.spec.TestImportsParamsDefArrayUsertypeImported -->
      <class name="io.kaitai.struct.spec.TestValidFailRepeatAnyofInt">
        <test-method status="PASS" signature="testValidFailRepeatAnyofInt()[pri:0, instance:io.kaitai.struct.spec.TestValidFailRepeatAnyofInt@497aa8b7]" name="testValidFailRepeatAnyofInt" duration-ms="8" started-at="2024-12-27T09:25:50Z" finished-at="2024-12-27T09:25:50Z">
          <exception class="io.kaitai.struct.KaitaiStream$ValidationNotAnyOfError">
            <message>
              <![CDATA[/seq/0: at pos 7: validation failed: not any of the list, got 232]]>
            </message>
            <full-stacktrace>
              <![CDATA[io.kaitai.struct.KaitaiStream$ValidationNotAnyOfError: /seq/0: at pos 7: validation failed: not any of the list, got 232
	at io.kaitai.struct.testformats.ValidFailRepeatAnyofInt._read(ValidFailRepeatAnyofInt.java:37)
	at io.kaitai.struct.testformats.ValidFailRepeatAnyofInt.<init>(ValidFailRepeatAnyofInt.java:28)
	at io.kaitai.struct.testformats.ValidFailRepeatAnyofInt.<init>(ValidFailRepeatAnyofInt.java:17)
	at io.kaitai.struct.testformats.ValidFailRepeatAnyofInt.fromFile(ValidFailRepeatAnyofInt.java:13)
	at io.kaitai.struct.spec.TestValidFailRepeatAnyofInt.testValidFailRepeatAnyofInt(TestValidFailRepeatAnyofInt.java:13)
	at sun.reflect.NativeMethodAccessorImpl.invoke0(Native Method)
	at sun.reflect.NativeMethodAccessorImpl.invoke(NativeMethodAccessorImpl.java:57)
	at sun.reflect.DelegatingMethodAccessorImpl.invoke(DelegatingMethodAccessorImpl.java:43)
	at java.lang.reflect.Method.invoke(Method.java:607)
	at org.testng.internal.MethodInvocationHelper.invokeMethod(MethodInvocationHelper.java:86)
	at org.testng.internal.Invoker.invokeMethod(Invoker.java:643)
	at org.testng.internal.Invoker.invokeTestMethod(Invoker.java:820)
	at org.testng.internal.Invoker.invokeTestMethods(Invoker.java:1128)
	at org.testng.internal.TestMethodWorker.invokeTestMethods(TestMethodWorker.java:129)
	at org.testng.internal.TestMethodWorker.run(TestMethodWorker.java:112)
	at org.testng.TestRunner.privateRun(TestRunner.java:782)
	at org.testng.TestRunner.run(TestRunner.java:632)
	at org.testng.SuiteRunner.runTest(SuiteRunner.java:366)
	at org.testng.SuiteRunner.runSequentially(SuiteRunner.java:361)
	at org.testng.SuiteRunner.privateRun(SuiteRunner.java:319)
	at org.testng.SuiteRunner.run(SuiteRunner.java:268)
	at org.testng.SuiteRunnerWorker.runSuite(SuiteRunnerWorker.java:52)
	at org.testng.SuiteRunnerWorker.run(SuiteRunnerWorker.java:86)
	at org.testng.TestNG.runSuitesSequentially(TestNG.java:1244)
	at org.testng.TestNG.runSuitesLocally(TestNG.java:1169)
	at org.testng.TestNG.run(TestNG.java:1064)
	at org.testng.TestNG.privateMain(TestNG.java:1385)
	at org.testng.TestNG.main(TestNG.java:1354)
]]>
            </full-stacktrace>
          </exception> <!-- io.kaitai.struct.KaitaiStream$ValidationNotAnyOfError -->
          <reporter-output>
          </reporter-output>
        </test-method> <!-- testValidFailRepeatAnyofInt -->
      </class> <!-- io.kaitai.struct.spec.TestValidFailRepeatAnyofInt -->
      <class name="io.kaitai.struct.spec.TestBcdUserTypeLe">
        <test-method status="PASS" signature="testBcdUserTypeLe()[pri:0, instance:io.kaitai.struct.spec.TestBcdUserTypeLe@4373e7e5]" name="testBcdUserTypeLe" duration-ms="1" started-at="2024-12-27T09:25:50Z" finished-at="2024-12-27T09:25:50Z">
          <reporter-output>
          </reporter-output>
        </test-method> <!-- testBcdUserTypeLe -->
      </class> <!-- io.kaitai.struct.spec.TestBcdUserTypeLe -->
      <class name="io.kaitai.struct.spec.TestHelloWorld">
        <test-method status="PASS" signature="testHelloWorld()[pri:0, instance:io.kaitai.struct.spec.TestHelloWorld@60356eb0]" name="testHelloWorld" duration-ms="0" started-at="2024-12-27T09:25:50Z" finished-at="2024-12-27T09:25:50Z">
          <reporter-output>
          </reporter-output>
        </test-method> <!-- testHelloWorld -->
      </class> <!-- io.kaitai.struct.spec.TestHelloWorld -->
      <class name="io.kaitai.struct.spec.TestStrEncodingsEscapingEnc">
        <test-method status="PASS" signature="testStrEncodingsEscapingEnc()[pri:0, instance:io.kaitai.struct.spec.TestStrEncodingsEscapingEnc@471bdb5c]" name="testStrEncodingsEscapingEnc" duration-ms="11" started-at="2024-12-27T09:25:50Z" finished-at="2024-12-27T09:25:50Z">
          <reporter-output>
          </reporter-output>
        </test-method> <!-- testStrEncodingsEscapingEnc -->
      </class> <!-- io.kaitai.struct.spec.TestStrEncodingsEscapingEnc -->
      <class name="io.kaitai.struct.spec.TestMetaXref">
        <test-method status="PASS" signature="testMetaXref()[pri:0, instance:io.kaitai.struct.spec.TestMetaXref@27d2b7b3]" name="testMetaXref" duration-ms="1" started-at="2024-12-27T09:25:50Z" finished-at="2024-12-27T09:25:50Z">
          <reporter-output>
          </reporter-output>
        </test-method> <!-- testMetaXref -->
      </class> <!-- io.kaitai.struct.spec.TestMetaXref -->
      <class name="io.kaitai.struct.spec.TestSwitchManualInt">
        <test-method status="PASS" signature="testSwitchManualInt()[pri:0, instance:io.kaitai.struct.spec.TestSwitchManualInt@2f86c83b]" name="testSwitchManualInt" duration-ms="1" started-at="2024-12-27T09:25:50Z" finished-at="2024-12-27T09:25:50Z">
          <reporter-output>
          </reporter-output>
        </test-method> <!-- testSwitchManualInt -->
      </class> <!-- io.kaitai.struct.spec.TestSwitchManualInt -->
      <class name="io.kaitai.struct.spec.TestExprCalcArrayOps">
        <test-method status="PASS" signature="testExprCalcArrayOps()[pri:0, instance:io.kaitai.struct.spec.TestExprCalcArrayOps@787bd4fa]" name="testExprCalcArrayOps" duration-ms="0" started-at="2024-12-27T09:25:50Z" finished-at="2024-12-27T09:25:50Z">
          <reporter-output>
          </reporter-output>
        </test-method> <!-- testExprCalcArrayOps -->
      </class> <!-- io.kaitai.struct.spec.TestExprCalcArrayOps -->
      <class name="io.kaitai.struct.spec.TestValidLong">
        <test-method status="PASS" signature="testValidLong()[pri:0, instance:io.kaitai.struct.spec.TestValidLong@71471ecf]" name="testValidLong" duration-ms="1" started-at="2024-12-27T09:25:50Z" finished-at="2024-12-27T09:25:50Z">
          <reporter-output>
          </reporter-output>
        </test-method> <!-- testValidLong -->
      </class> <!-- io.kaitai.struct.spec.TestValidLong -->
      <class name="io.kaitai.struct.spec.TestEnumIntRangeU">
        <test-method status="PASS" signature="testEnumIntRangeU()[pri:0, instance:io.kaitai.struct.spec.TestEnumIntRangeU@3bd92abb]" name="testEnumIntRangeU" duration-ms="1" started-at="2024-12-27T09:25:50Z" finished-at="2024-12-27T09:25:50Z">
          <reporter-output>
          </reporter-output>
        </test-method> <!-- testEnumIntRangeU -->
      </class> <!-- io.kaitai.struct.spec.TestEnumIntRangeU -->
      <class name="io.kaitai.struct.spec.TestProcessXor4Value">
        <test-method status="PASS" signature="testProcessXor4Value()[pri:0, instance:io.kaitai.struct.spec.TestProcessXor4Value@6cc06bf7]" name="testProcessXor4Value" duration-ms="1" started-at="2024-12-27T09:25:50Z" finished-at="2024-12-27T09:25:50Z">
          <reporter-output>
          </reporter-output>
        </test-method> <!-- testProcessXor4Value -->
      </class> <!-- io.kaitai.struct.spec.TestProcessXor4Value -->
      <class name="io.kaitai.struct.spec.TestValidFailExpr">
        <test-method status="PASS" signature="testValidFailExpr()[pri:0, instance:io.kaitai.struct.spec.TestValidFailExpr@3810c0f7]" name="testValidFailExpr" duration-ms="0" started-at="2024-12-27T09:25:50Z" finished-at="2024-12-27T09:25:50Z">
          <exception class="io.kaitai.struct.KaitaiStream$ValidationExprError">
            <message>
              <![CDATA[/seq/1: at pos 3: validation failed: not matching the expression, got -190]]>
            </message>
            <full-stacktrace>
              <![CDATA[io.kaitai.struct.KaitaiStream$ValidationExprError: /seq/1: at pos 3: validation failed: not matching the expression, got -190
	at io.kaitai.struct.testformats.ValidFailExpr._read(ValidFailExpr.java:41)
	at io.kaitai.struct.testformats.ValidFailExpr.<init>(ValidFailExpr.java:27)
	at io.kaitai.struct.testformats.ValidFailExpr.<init>(ValidFailExpr.java:16)
	at io.kaitai.struct.testformats.ValidFailExpr.fromFile(ValidFailExpr.java:12)
	at io.kaitai.struct.spec.TestValidFailExpr.testValidFailExpr(TestValidFailExpr.java:13)
	at sun.reflect.NativeMethodAccessorImpl.invoke0(Native Method)
	at sun.reflect.NativeMethodAccessorImpl.invoke(NativeMethodAccessorImpl.java:57)
	at sun.reflect.DelegatingMethodAccessorImpl.invoke(DelegatingMethodAccessorImpl.java:43)
	at java.lang.reflect.Method.invoke(Method.java:607)
	at org.testng.internal.MethodInvocationHelper.invokeMethod(MethodInvocationHelper.java:86)
	at org.testng.internal.Invoker.invokeMethod(Invoker.java:643)
	at org.testng.internal.Invoker.invokeTestMethod(Invoker.java:820)
	at org.testng.internal.Invoker.invokeTestMethods(Invoker.java:1128)
	at org.testng.internal.TestMethodWorker.invokeTestMethods(TestMethodWorker.java:129)
	at org.testng.internal.TestMethodWorker.run(TestMethodWorker.java:112)
	at org.testng.TestRunner.privateRun(TestRunner.java:782)
	at org.testng.TestRunner.run(TestRunner.java:632)
	at org.testng.SuiteRunner.runTest(SuiteRunner.java:366)
	at org.testng.SuiteRunner.runSequentially(SuiteRunner.java:361)
	at org.testng.SuiteRunner.privateRun(SuiteRunner.java:319)
	at org.testng.SuiteRunner.run(SuiteRunner.java:268)
	at org.testng.SuiteRunnerWorker.runSuite(SuiteRunnerWorker.java:52)
	at org.testng.SuiteRunnerWorker.run(SuiteRunnerWorker.java:86)
	at org.testng.TestNG.runSuitesSequentially(TestNG.java:1244)
	at org.testng.TestNG.runSuitesLocally(TestNG.java:1169)
	at org.testng.TestNG.run(TestNG.java:1064)
	at org.testng.TestNG.privateMain(TestNG.java:1385)
	at org.testng.TestNG.main(TestNG.java:1354)
]]>
            </full-stacktrace>
          </exception> <!-- io.kaitai.struct.KaitaiStream$ValidationExprError -->
          <reporter-output>
          </reporter-output>
        </test-method> <!-- testValidFailExpr -->
      </class> <!-- io.kaitai.struct.spec.TestValidFailExpr -->
      <class name="io.kaitai.struct.spec.TestEnumIntRangeS">
        <test-method status="PASS" signature="testEnumIntRangeS()[pri:0, instance:io.kaitai.struct.spec.TestEnumIntRangeS@59578c79]" name="testEnumIntRangeS" duration-ms="1" started-at="2024-12-27T09:25:50Z" finished-at="2024-12-27T09:25:50Z">
          <reporter-output>
          </reporter-output>
        </test-method> <!-- testEnumIntRangeS -->
      </class> <!-- io.kaitai.struct.spec.TestEnumIntRangeS -->
      <class name="io.kaitai.struct.spec.TestOpaqueExternalType02Parent">
        <test-method status="PASS" signature="testOpaqueExternalType02Parent()[pri:0, instance:io.kaitai.struct.spec.TestOpaqueExternalType02Parent@37e0f872]" name="testOpaqueExternalType02Parent" duration-ms="1" started-at="2024-12-27T09:25:50Z" finished-at="2024-12-27T09:25:50Z">
          <reporter-output>
          </reporter-output>
        </test-method> <!-- testOpaqueExternalType02Parent -->
      </class> <!-- io.kaitai.struct.spec.TestOpaqueExternalType02Parent -->
      <class name="io.kaitai.struct.spec.TestNestedTypeParam">
        <test-method status="PASS" signature="testNestedTypeParam()[pri:0, instance:io.kaitai.struct.spec.TestNestedTypeParam@58da88fb]" name="testNestedTypeParam" duration-ms="1" started-at="2024-12-27T09:25:50Z" finished-at="2024-12-27T09:25:50Z">
          <reporter-output>
          </reporter-output>
        </test-method> <!-- testNestedTypeParam -->
      </class> <!-- io.kaitai.struct.spec.TestNestedTypeParam -->
      <class name="io.kaitai.struct.spec.TestValidEqStrEncodings">
        <test-method status="PASS" signature="testValidEqStrEncodings()[pri:0, instance:io.kaitai.struct.spec.TestValidEqStrEncodings@59ebd60d]" name="testValidEqStrEncodings" duration-ms="0" started-at="2024-12-27T09:25:50Z" finished-at="2024-12-27T09:25:50Z">
          <reporter-output>
          </reporter-output>
        </test-method> <!-- testValidEqStrEncodings -->
      </class> <!-- io.kaitai.struct.spec.TestValidEqStrEncodings -->
      <class name="io.kaitai.struct.spec.TestExprStrOps">
        <test-method status="PASS" signature="testExprStrOps()[pri:0, instance:io.kaitai.struct.spec.TestExprStrOps@29dbf9c3]" name="testExprStrOps" duration-ms="1" started-at="2024-12-27T09:25:50Z" finished-at="2024-12-27T09:25:50Z">
          <reporter-output>
          </reporter-output>
        </test-method> <!-- testExprStrOps -->
      </class> <!-- io.kaitai.struct.spec.TestExprStrOps -->
      <class name="io.kaitai.struct.spec.TestParamsPassBool">
        <test-method status="PASS" signature="testParamsPassBool()[pri:0, instance:io.kaitai.struct.spec.TestParamsPassBool@7d612fb3]" name="testParamsPassBool" duration-ms="1" started-at="2024-12-27T09:25:50Z" finished-at="2024-12-27T09:25:50Z">
          <reporter-output>
          </reporter-output>
        </test-method> <!-- testParamsPassBool -->
      </class> <!-- io.kaitai.struct.spec.TestParamsPassBool -->
      <class name="io.kaitai.struct.spec.TestMetaTags">
        <test-method status="PASS" signature="testMetaTags()[pri:0, instance:io.kaitai.struct.spec.TestMetaTags@170798fd]" name="testMetaTags" duration-ms="0" started-at="2024-12-27T09:25:50Z" finished-at="2024-12-27T09:25:50Z">
          <reporter-output>
          </reporter-output>
        </test-method> <!-- testMetaTags -->
      </class> <!-- io.kaitai.struct.spec.TestMetaTags -->
      <class name="io.kaitai.struct.spec.TestDebugEnumName">
        <test-method status="PASS" signature="testDebugEnumName()[pri:0, instance:io.kaitai.struct.spec.TestDebugEnumName@6a469846]" name="testDebugEnumName" duration-ms="2" started-at="2024-12-27T09:25:50Z" finished-at="2024-12-27T09:25:50Z">
          <reporter-output>
          </reporter-output>
        </test-method> <!-- testDebugEnumName -->
      </class> <!-- io.kaitai.struct.spec.TestDebugEnumName -->
      <class name="io.kaitai.struct.spec.TestBufferedStruct">
        <test-method status="PASS" signature="testBufferedStruct()[pri:0, instance:io.kaitai.struct.spec.TestBufferedStruct@39c3b1dd]" name="testBufferedStruct" duration-ms="1" started-at="2024-12-27T09:25:50Z" finished-at="2024-12-27T09:25:50Z">
          <reporter-output>
          </reporter-output>
        </test-method> <!-- testBufferedStruct -->
      </class> <!-- io.kaitai.struct.spec.TestBufferedStruct -->
      <class name="io.kaitai.struct.spec.TestDebugArrayUserCurrentExcluded">
        <test-method status="PASS" signature="testDebugArrayUserCurrentExcluded()[pri:0, instance:io.kaitai.struct.spec.TestDebugArrayUserCurrentExcluded@5efd17d1]" name="testDebugArrayUserCurrentExcluded" duration-ms="1" started-at="2024-12-27T09:25:50Z" finished-at="2024-12-27T09:25:50Z">
          <reporter-output>
          </reporter-output>
        </test-method> <!-- testDebugArrayUserCurrentExcluded -->
      </class> <!-- io.kaitai.struct.spec.TestDebugArrayUserCurrentExcluded -->
      <class name="io.kaitai.struct.spec.TestPositionToEnd">
        <test-method status="PASS" signature="testPositionToEnd()[pri:0, instance:io.kaitai.struct.spec.TestPositionToEnd@3e478ad6]" name="testPositionToEnd" duration-ms="1" started-at="2024-12-27T09:25:50Z" finished-at="2024-12-27T09:25:50Z">
          <reporter-output>
          </reporter-output>
        </test-method> <!-- testPositionToEnd -->
      </class> <!-- io.kaitai.struct.spec.TestPositionToEnd -->
      <class name="io.kaitai.struct.spec.TestRepeatUntilComplex">
        <test-method status="PASS" signature="testRepeatUntilComplex()[pri:0, instance:io.kaitai.struct.spec.TestRepeatUntilComplex@6e7c6928]" name="testRepeatUntilComplex" duration-ms="1" started-at="2024-12-27T09:25:50Z" finished-at="2024-12-27T09:25:50Z">
          <reporter-output>
          </reporter-output>
        </test-method> <!-- testRepeatUntilComplex -->
      </class> <!-- io.kaitai.struct.spec.TestRepeatUntilComplex -->
      <class name="io.kaitai.struct.spec.TestExprIoEof">
        <test-method status="PASS" signature="testExprIoEof()[pri:0, instance:io.kaitai.struct.spec.TestExprIoEof@1b8195b3]" name="testExprIoEof" duration-ms="1" started-at="2024-12-27T09:25:50Z" finished-at="2024-12-27T09:25:50Z">
          <reporter-output>
          </reporter-output>
        </test-method> <!-- testExprIoEof -->
      </class> <!-- io.kaitai.struct.spec.TestExprIoEof -->
      <class name="io.kaitai.struct.spec.TestEnum1">
        <test-method status="PASS" signature="testEnum1()[pri:0, instance:io.kaitai.struct.spec.TestEnum1@2302e984]" name="testEnum1" duration-ms="1" started-at="2024-12-27T09:25:50Z" finished-at="2024-12-27T09:25:50Z">
          <reporter-output>
          </reporter-output>
        </test-method> <!-- testEnum1 -->
      </class> <!-- io.kaitai.struct.spec.TestEnum1 -->
      <class name="io.kaitai.struct.spec.TestEnum0">
        <test-method status="PASS" signature="testEnum0()[pri:0, instance:io.kaitai.struct.spec.TestEnum0@451d871]" name="testEnum0" duration-ms="1" started-at="2024-12-27T09:25:50Z" finished-at="2024-12-27T09:25:50Z">
          <reporter-output>
          </reporter-output>
        </test-method> <!-- testEnum0 -->
      </class> <!-- io.kaitai.struct.spec.TestEnum0 -->
      <class name="io.kaitai.struct.spec.TestValidFailContentsInst">
        <test-method status="FAIL" signature="testValidFailContentsInst()[pri:0, instance:io.kaitai.struct.spec.TestValidFailContentsInst@318955ea]" name="testValidFailContentsInst" duration-ms="0" started-at="2024-12-27T09:25:50Z" finished-at="2024-12-27T09:25:50Z">
          <exception class="org.testng.TestException">
            <message>
              <![CDATA[
Method TestValidFailContentsInst.testValidFailContentsInst()[pri:0, instance:io.kaitai.struct.spec.TestValidFailContentsInst@318955ea] should have thrown an exception of type class io.kaitai.struct.KaitaiStream$ValidationNotEqualError]]>
            </message>
            <full-stacktrace>
              <![CDATA[org.testng.TestException: 
Method TestValidFailContentsInst.testValidFailContentsInst()[pri:0, instance:io.kaitai.struct.spec.TestValidFailContentsInst@318955ea] should have thrown an exception of type class io.kaitai.struct.KaitaiStream$ValidationNotEqualError
	at org.testng.internal.ExpectedExceptionsHolder.noException(ExpectedExceptionsHolder.java:89)
	at org.testng.internal.Invoker.handleInvocationResults(Invoker.java:1381)
	at org.testng.internal.Invoker.invokeMethod(Invoker.java:681)
	at org.testng.internal.Invoker.invokeTestMethod(Invoker.java:820)
	at org.testng.internal.Invoker.invokeTestMethods(Invoker.java:1128)
	at org.testng.internal.TestMethodWorker.invokeTestMethods(TestMethodWorker.java:129)
	at org.testng.internal.TestMethodWorker.run(TestMethodWorker.java:112)
	at org.testng.TestRunner.privateRun(TestRunner.java:782)
	at org.testng.TestRunner.run(TestRunner.java:632)
	at org.testng.SuiteRunner.runTest(SuiteRunner.java:366)
	at org.testng.SuiteRunner.runSequentially(SuiteRunner.java:361)
	at org.testng.SuiteRunner.privateRun(SuiteRunner.java:319)
	at org.testng.SuiteRunner.run(SuiteRunner.java:268)
	at org.testng.SuiteRunnerWorker.runSuite(SuiteRunnerWorker.java:52)
	at org.testng.SuiteRunnerWorker.run(SuiteRunnerWorker.java:86)
	at org.testng.TestNG.runSuitesSequentially(TestNG.java:1244)
	at org.testng.TestNG.runSuitesLocally(TestNG.java:1169)
	at org.testng.TestNG.run(TestNG.java:1064)
	at org.testng.TestNG.privateMain(TestNG.java:1385)
	at org.testng.TestNG.main(TestNG.java:1354)
]]>
            </full-stacktrace>
          </exception> <!-- org.testng.TestException -->
          <reporter-output>
          </reporter-output>
        </test-method> <!-- testValidFailContentsInst -->
      </class> <!-- io.kaitai.struct.spec.TestValidFailContentsInst -->
      <class name="io.kaitai.struct.spec.TestSwitchManualEnumInvalidElse">
        <test-method status="PASS" signature="testSwitchManualEnumInvalidElse()[pri:0, instance:io.kaitai.struct.spec.TestSwitchManualEnumInvalidElse@65861e41]" name="testSwitchManualEnumInvalidElse" duration-ms="1" started-at="2024-12-27T09:25:50Z" finished-at="2024-12-27T09:25:50Z">
          <reporter-output>
          </reporter-output>
        </test-method> <!-- testSwitchManualEnumInvalidElse -->
      </class> <!-- io.kaitai.struct.spec.TestSwitchManualEnumInvalidElse -->
      <class name="io.kaitai.struct.spec.TestBitsSignedResB32Be">
        <test-method status="PASS" signature="testBitsSignedResB32Be()[pri:0, instance:io.kaitai.struct.spec.TestBitsSignedResB32Be@588b28e0]" name="testBitsSignedResB32Be" duration-ms="0" started-at="2024-12-27T09:25:50Z" finished-at="2024-12-27T09:25:50Z">
          <reporter-output>
          </reporter-output>
        </test-method> <!-- testBitsSignedResB32Be -->
      </class> <!-- io.kaitai.struct.spec.TestBitsSignedResB32Be -->
      <class name="io.kaitai.struct.spec.TestTermStrz">
        <test-method status="PASS" signature="testTermStrz()[pri:0, instance:io.kaitai.struct.spec.TestTermStrz@51eef342]" name="testTermStrz" duration-ms="0" started-at="2024-12-27T09:25:50Z" finished-at="2024-12-27T09:25:50Z">
          <reporter-output>
          </reporter-output>
        </test-method> <!-- testTermStrz -->
      </class> <!-- io.kaitai.struct.spec.TestTermStrz -->
      <class name="io.kaitai.struct.spec.TestImportsCastToImported2">
        <test-method status="PASS" signature="testImportsCastToImported2()[pri:0, instance:io.kaitai.struct.spec.TestImportsCastToImported2@67265201]" name="testImportsCastToImported2" duration-ms="1" started-at="2024-12-27T09:25:50Z" finished-at="2024-12-27T09:25:50Z">
          <reporter-output>
          </reporter-output>
        </test-method> <!-- testImportsCastToImported2 -->
      </class> <!-- io.kaitai.struct.spec.TestImportsCastToImported2 -->
      <class name="io.kaitai.struct.spec.TestBitsUnalignedB64Le">
        <test-method status="PASS" signature="testBitsUnalignedB64Le()[pri:0, instance:io.kaitai.struct.spec.TestBitsUnalignedB64Le@e4f15c3]" name="testBitsUnalignedB64Le" duration-ms="0" started-at="2024-12-27T09:25:50Z" finished-at="2024-12-27T09:25:50Z">
          <reporter-output>
          </reporter-output>
        </test-method> <!-- testBitsUnalignedB64Le -->
      </class> <!-- io.kaitai.struct.spec.TestBitsUnalignedB64Le -->
      <class name="io.kaitai.struct.spec.TestNavParentFalse2">
        <test-method status="PASS" signature="testNavParentFalse2()[pri:0, instance:io.kaitai.struct.spec.TestNavParentFalse2@4de35d1a]" name="testNavParentFalse2" duration-ms="1" started-at="2024-12-27T09:25:50Z" finished-at="2024-12-27T09:25:50Z">
          <reporter-output>
          </reporter-output>
        </test-method> <!-- testNavParentFalse2 -->
      </class> <!-- io.kaitai.struct.spec.TestNavParentFalse2 -->
      <class name="io.kaitai.struct.spec.TestProcessXorConst">
        <test-method status="PASS" signature="testProcessXorConst()[pri:0, instance:io.kaitai.struct.spec.TestProcessXorConst@1e71b324]" name="testProcessXorConst" duration-ms="1" started-at="2024-12-27T09:25:50Z" finished-at="2024-12-27T09:25:50Z">
          <reporter-output>
          </reporter-output>
        </test-method> <!-- testProcessXorConst -->
      </class> <!-- io.kaitai.struct.spec.TestProcessXorConst -->
      <class name="io.kaitai.struct.spec.TestBitsShiftByB32Le">
        <test-method status="PASS" signature="testBitsShiftByB32Le()[pri:0, instance:io.kaitai.struct.spec.TestBitsShiftByB32Le@2f678f0e]" name="testBitsShiftByB32Le" duration-ms="1" started-at="2024-12-27T09:25:50Z" finished-at="2024-12-27T09:25:50Z">
          <reporter-output>
          </reporter-output>
        </test-method> <!-- testBitsShiftByB32Le -->
      </class> <!-- io.kaitai.struct.spec.TestBitsShiftByB32Le -->
      <class name="io.kaitai.struct.spec.TestExprBytesOps">
        <test-method status="FAIL" signature="testExprBytesOps()[pri:0, instance:io.kaitai.struct.spec.TestExprBytesOps@77f82bf8]" name="testExprBytesOps" duration-ms="0" started-at="2024-12-27T09:25:50Z" finished-at="2024-12-27T09:25:50Z">
          <exception class="java.lang.AssertionError">
            <message>
              <![CDATA[expected [255] but found [-1]]]>
            </message>
            <full-stacktrace>
              <![CDATA[java.lang.AssertionError: expected [255] but found [-1]
	at org.testng.Assert.fail(Assert.java:94)
	at org.testng.Assert.failNotEquals(Assert.java:513)
	at org.testng.Assert.assertEqualsImpl(Assert.java:135)
	at org.testng.Assert.assertEquals(Assert.java:116)
	at org.testng.Assert.assertEquals(Assert.java:389)
	at org.testng.Assert.assertEquals(Assert.java:399)
	at io.kaitai.struct.spec.CommonSpec.assertIntEquals(CommonSpec.java:36)
	at io.kaitai.struct.spec.TestExprBytesOps.testExprBytesOps(TestExprBytesOps.java:17)
	at sun.reflect.NativeMethodAccessorImpl.invoke0(Native Method)
	at sun.reflect.NativeMethodAccessorImpl.invoke(NativeMethodAccessorImpl.java:57)
	at sun.reflect.DelegatingMethodAccessorImpl.invoke(DelegatingMethodAccessorImpl.java:43)
	at java.lang.reflect.Method.invoke(Method.java:607)
	at org.testng.internal.MethodInvocationHelper.invokeMethod(MethodInvocationHelper.java:86)
	at org.testng.internal.Invoker.invokeMethod(Invoker.java:643)
	at org.testng.internal.Invoker.invokeTestMethod(Invoker.java:820)
	at org.testng.internal.Invoker.invokeTestMethods(Invoker.java:1128)
	at org.testng.internal.TestMethodWorker.invokeTestMethods(TestMethodWorker.java:129)
	at org.testng.internal.TestMethodWorker.run(TestMethodWorker.java:112)
	at org.testng.TestRunner.privateRun(TestRunner.java:782)
	at org.testng.TestRunner.run(TestRunner.java:632)
	at org.testng.SuiteRunner.runTest(SuiteRunner.java:366)
	at org.testng.SuiteRunner.runSequentially(SuiteRunner.java:361)
	at org.testng.SuiteRunner.privateRun(SuiteRunner.java:319)
	at org.testng.SuiteRunner.run(SuiteRunner.java:268)
	at org.testng.SuiteRunnerWorker.runSuite(SuiteRunnerWorker.java:52)
	at org.testng.SuiteRunnerWorker.run(SuiteRunnerWorker.java:86)
	at org.testng.TestNG.runSuitesSequentially(TestNG.java:1244)
	at org.testng.TestNG.runSuitesLocally(TestNG.java:1169)
	at org.testng.TestNG.run(TestNG.java:1064)
	at org.testng.TestNG.privateMain(TestNG.java:1385)
	at org.testng.TestNG.main(TestNG.java:1354)
]]>
            </full-stacktrace>
          </exception> <!-- java.lang.AssertionError -->
          <reporter-output>
          </reporter-output>
        </test-method> <!-- testExprBytesOps -->
      </class> <!-- io.kaitai.struct.spec.TestExprBytesOps -->
      <class name="io.kaitai.struct.spec.TestStrEncodingsEscapingToS">
        <test-method status="PASS" signature="testStrEncodingsEscapingToS()[pri:0, instance:io.kaitai.struct.spec.TestStrEncodingsEscapingToS@23451c74]" name="testStrEncodingsEscapingToS" duration-ms="0" started-at="2024-12-27T09:25:50Z" finished-at="2024-12-27T09:25:50Z">
          <reporter-output>
          </reporter-output>
        </test-method> <!-- testStrEncodingsEscapingToS -->
      </class> <!-- io.kaitai.struct.spec.TestStrEncodingsEscapingToS -->
      <class name="io.kaitai.struct.spec.TestDefaultBigEndian">
        <test-method status="PASS" signature="testDefaultBigEndian()[pri:0, instance:io.kaitai.struct.spec.TestDefaultBigEndian@7cb09ddb]" name="testDefaultBigEndian" duration-ms="1" started-at="2024-12-27T09:25:50Z" finished-at="2024-12-27T09:25:50Z">
          <reporter-output>
          </reporter-output>
        </test-method> <!-- testDefaultBigEndian -->
      </class> <!-- io.kaitai.struct.spec.TestDefaultBigEndian -->
      <class name="io.kaitai.struct.spec.TestImportsParamsDefUsertypeImported">
        <test-method status="PASS" signature="testImportsParamsDefUsertypeImported()[pri:0, instance:io.kaitai.struct.spec.TestImportsParamsDefUsertypeImported@e5cc5d6]" name="testImportsParamsDefUsertypeImported" duration-ms="0" started-at="2024-12-27T09:25:50Z" finished-at="2024-12-27T09:25:50Z">
          <reporter-output>
          </reporter-output>
        </test-method> <!-- testImportsParamsDefUsertypeImported -->
      </class> <!-- io.kaitai.struct.spec.TestImportsParamsDefUsertypeImported -->
      <class name="io.kaitai.struct.spec.TestEnumToIClassBorder1">
        <test-method status="PASS" signature="testEnumToIClassBorder1()[pri:0, instance:io.kaitai.struct.spec.TestEnumToIClassBorder1@44ca96de]" name="testEnumToIClassBorder1" duration-ms="0" started-at="2024-12-27T09:25:50Z" finished-at="2024-12-27T09:25:50Z">
          <reporter-output>
          </reporter-output>
        </test-method> <!-- testEnumToIClassBorder1 -->
      </class> <!-- io.kaitai.struct.spec.TestEnumToIClassBorder1 -->
      <class name="io.kaitai.struct.spec.TestParamsPassArrayUsertype">
        <test-method status="PASS" signature="testParamsPassArrayUsertype()[pri:0, instance:io.kaitai.struct.spec.TestParamsPassArrayUsertype@53ecb4e2]" name="testParamsPassArrayUsertype" duration-ms="1" started-at="2024-12-27T09:25:50Z" finished-at="2024-12-27T09:25:50Z">
          <reporter-output>
          </reporter-output>
        </test-method> <!-- testParamsPassArrayUsertype -->
      </class> <!-- io.kaitai.struct.spec.TestParamsPassArrayUsertype -->
      <class name="io.kaitai.struct.spec.TestValidSwitch">
        <test-method status="PASS" signature="testValidSwitch()[pri:0, instance:io.kaitai.struct.spec.TestValidSwitch@5dcde3f3]" name="testValidSwitch" duration-ms="1" started-at="2024-12-27T09:25:50Z" finished-at="2024-12-27T09:25:50Z">
          <reporter-output>
          </reporter-output>
        </test-method> <!-- testValidSwitch -->
      </class> <!-- io.kaitai.struct.spec.TestValidSwitch -->
      <class name="io.kaitai.struct.spec.TestDocstrings">
        <test-method status="PASS" signature="testDocstrings()[pri:0, instance:io.kaitai.struct.spec.TestDocstrings@3863aace]" name="testDocstrings" duration-ms="1" started-at="2024-12-27T09:25:50Z" finished-at="2024-12-27T09:25:50Z">
          <reporter-output>
          </reporter-output>
        </test-method> <!-- testDocstrings -->
      </class> <!-- io.kaitai.struct.spec.TestDocstrings -->
      <class name="io.kaitai.struct.spec.TestIntegersMinMax">
        <test-method status="PASS" signature="testIntegersMinMax()[pri:0, instance:io.kaitai.struct.spec.TestIntegersMinMax@6416298a]" name="testIntegersMinMax" duration-ms="1" started-at="2024-12-27T09:25:50Z" finished-at="2024-12-27T09:25:50Z">
          <reporter-output>
          </reporter-output>
        </test-method> <!-- testIntegersMinMax -->
      </class> <!-- io.kaitai.struct.spec.TestIntegersMinMax -->
      <class name="io.kaitai.struct.spec.TestExprIoTernary">
        <test-method status="PASS" signature="testExprIoTernary()[pri:0, instance:io.kaitai.struct.spec.TestExprIoTernary@1b5cd69c]" name="testExprIoTernary" duration-ms="1" started-at="2024-12-27T09:25:50Z" finished-at="2024-12-27T09:25:50Z">
          <reporter-output>
          </reporter-output>
        </test-method> <!-- testExprIoTernary -->
      </class> <!-- io.kaitai.struct.spec.TestExprIoTernary -->
      <class name="io.kaitai.struct.spec.TestFixedStruct">
        <test-method status="PASS" signature="testFixedStruct()[pri:0, instance:io.kaitai.struct.spec.TestFixedStruct@1929d16a]" name="testFixedStruct" duration-ms="1" started-at="2024-12-27T09:25:50Z" finished-at="2024-12-27T09:25:50Z">
          <reporter-output>
          </reporter-output>
        </test-method> <!-- testFixedStruct -->
      </class> <!-- io.kaitai.struct.spec.TestFixedStruct -->
      <class name="io.kaitai.struct.spec.TestValidOptionalId">
        <test-method status="PASS" signature="testValidOptionalId()[pri:0, instance:io.kaitai.struct.spec.TestValidOptionalId@1d3313b1]" name="testValidOptionalId" duration-ms="1" started-at="2024-12-27T09:25:50Z" finished-at="2024-12-27T09:25:50Z">
          <reporter-output>
          </reporter-output>
        </test-method> <!-- testValidOptionalId -->
      </class> <!-- io.kaitai.struct.spec.TestValidOptionalId -->
      <class name="io.kaitai.struct.spec.TestFloatingPoints">
        <test-method status="PASS" signature="testFloatingPoints()[pri:0, instance:io.kaitai.struct.spec.TestFloatingPoints@6eb1054b]" name="testFloatingPoints" duration-ms="0" started-at="2024-12-27T09:25:50Z" finished-at="2024-12-27T09:25:50Z">
          <reporter-output>
          </reporter-output>
        </test-method> <!-- testFloatingPoints -->
      </class> <!-- io.kaitai.struct.spec.TestFloatingPoints -->
      <class name="io.kaitai.struct.spec.TestParamsCall">
        <test-method status="PASS" signature="testParamsCall()[pri:0, instance:io.kaitai.struct.spec.TestParamsCall@6b01565b]" name="testParamsCall" duration-ms="0" started-at="2024-12-27T09:25:50Z" finished-at="2024-12-27T09:25:50Z">
          <reporter-output>
          </reporter-output>
        </test-method> <!-- testParamsCall -->
      </class> <!-- io.kaitai.struct.spec.TestParamsCall -->
      <class name="io.kaitai.struct.spec.TestSwitchManualEnumInvalid">
        <test-method status="PASS" signature="testSwitchManualEnumInvalid()[pri:0, instance:io.kaitai.struct.spec.TestSwitchManualEnumInvalid@56618102]" name="testSwitchManualEnumInvalid" duration-ms="1" started-at="2024-12-27T09:25:50Z" finished-at="2024-12-27T09:25:50Z">
          <reporter-output>
          </reporter-output>
        </test-method> <!-- testSwitchManualEnumInvalid -->
      </class> <!-- io.kaitai.struct.spec.TestSwitchManualEnumInvalid -->
      <class name="io.kaitai.struct.spec.TestCastNested">
        <test-method status="PASS" signature="testCastNested()[pri:0, instance:io.kaitai.struct.spec.TestCastNested@7ea742a1]" name="testCastNested" duration-ms="1" started-at="2024-12-27T09:25:50Z" finished-at="2024-12-27T09:25:50Z">
          <reporter-output>
          </reporter-output>
        </test-method> <!-- testCastNested -->
      </class> <!-- io.kaitai.struct.spec.TestCastNested -->
      <class name="io.kaitai.struct.spec.TestCombineBytes">
        <test-method status="PASS" signature="testCombineBytes()[pri:0, instance:io.kaitai.struct.spec.TestCombineBytes@37d62d02]" name="testCombineBytes" duration-ms="1" started-at="2024-12-27T09:25:50Z" finished-at="2024-12-27T09:25:50Z">
          <reporter-output>
          </reporter-output>
        </test-method> <!-- testCombineBytes -->
      </class> <!-- io.kaitai.struct.spec.TestCombineBytes -->
      <class name="io.kaitai.struct.spec.TestStrEncodingsUtf16">
        <test-method status="PASS" signature="testStrEncodingsUtf16()[pri:0, instance:io.kaitai.struct.spec.TestStrEncodingsUtf16@5a3c843d]" name="testStrEncodingsUtf16" duration-ms="0" started-at="2024-12-27T09:25:50Z" finished-at="2024-12-27T09:25:50Z">
          <reporter-output>
          </reporter-output>
        </test-method> <!-- testStrEncodingsUtf16 -->
      </class> <!-- io.kaitai.struct.spec.TestStrEncodingsUtf16 -->
      <class name="io.kaitai.struct.spec.TestBitsSimpleLe">
        <test-method status="PASS" signature="testBitsSimpleLe()[pri:0, instance:io.kaitai.struct.spec.TestBitsSimpleLe@2c789c2]" name="testBitsSimpleLe" duration-ms="0" started-at="2024-12-27T09:25:50Z" finished-at="2024-12-27T09:25:50Z">
          <reporter-output>
          </reporter-output>
        </test-method> <!-- testBitsSimpleLe -->
      </class> <!-- io.kaitai.struct.spec.TestBitsSimpleLe -->
      <class name="io.kaitai.struct.spec.TestValidFailRepeatExpr">
        <test-method status="PASS" signature="testValidFailRepeatExpr()[pri:0, instance:io.kaitai.struct.spec.TestValidFailRepeatExpr@4afe5d97]" name="testValidFailRepeatExpr" duration-ms="1" started-at="2024-12-27T09:25:50Z" finished-at="2024-12-27T09:25:50Z">
          <exception class="io.kaitai.struct.KaitaiStream$ValidationExprError">
            <message>
              <![CDATA[/seq/0: at pos 12: validation failed: not matching the expression, got [B@205d29e9]]>
            </message>
            <full-stacktrace>
              <![CDATA[io.kaitai.struct.KaitaiStream$ValidationExprError: /seq/0: at pos 12: validation failed: not matching the expression, got [B@205d29e9
	at io.kaitai.struct.testformats.ValidFailRepeatExpr._read(ValidFailRepeatExpr.java:40)
	at io.kaitai.struct.testformats.ValidFailRepeatExpr.<init>(ValidFailRepeatExpr.java:29)
	at io.kaitai.struct.testformats.ValidFailRepeatExpr.<init>(ValidFailRepeatExpr.java:18)
	at io.kaitai.struct.testformats.ValidFailRepeatExpr.fromFile(ValidFailRepeatExpr.java:14)
	at io.kaitai.struct.spec.TestValidFailRepeatExpr.testValidFailRepeatExpr(TestValidFailRepeatExpr.java:13)
	at sun.reflect.NativeMethodAccessorImpl.invoke0(Native Method)
	at sun.reflect.NativeMethodAccessorImpl.invoke(NativeMethodAccessorImpl.java:57)
	at sun.reflect.DelegatingMethodAccessorImpl.invoke(DelegatingMethodAccessorImpl.java:43)
	at java.lang.reflect.Method.invoke(Method.java:607)
	at org.testng.internal.MethodInvocationHelper.invokeMethod(MethodInvocationHelper.java:86)
	at org.testng.internal.Invoker.invokeMethod(Invoker.java:643)
	at org.testng.internal.Invoker.invokeTestMethod(Invoker.java:820)
	at org.testng.internal.Invoker.invokeTestMethods(Invoker.java:1128)
	at org.testng.internal.TestMethodWorker.invokeTestMethods(TestMethodWorker.java:129)
	at org.testng.internal.TestMethodWorker.run(TestMethodWorker.java:112)
	at org.testng.TestRunner.privateRun(TestRunner.java:782)
	at org.testng.TestRunner.run(TestRunner.java:632)
	at org.testng.SuiteRunner.runTest(SuiteRunner.java:366)
	at org.testng.SuiteRunner.runSequentially(SuiteRunner.java:361)
	at org.testng.SuiteRunner.privateRun(SuiteRunner.java:319)
	at org.testng.SuiteRunner.run(SuiteRunner.java:268)
	at org.testng.SuiteRunnerWorker.runSuite(SuiteRunnerWorker.java:52)
	at org.testng.SuiteRunnerWorker.run(SuiteRunnerWorker.java:86)
	at org.testng.TestNG.runSuitesSequentially(TestNG.java:1244)
	at org.testng.TestNG.runSuitesLocally(TestNG.java:1169)
	at org.testng.TestNG.run(TestNG.java:1064)
	at org.testng.TestNG.privateMain(TestNG.java:1385)
	at org.testng.TestNG.main(TestNG.java:1354)
]]>
            </full-stacktrace>
          </exception> <!-- io.kaitai.struct.KaitaiStream$ValidationExprError -->
          <reporter-output>
          </reporter-output>
        </test-method> <!-- testValidFailRepeatExpr -->
      </class> <!-- io.kaitai.struct.spec.TestValidFailRepeatExpr -->
      <class name="io.kaitai.struct.spec.TestIndexToParamEos">
        <test-method status="PASS" signature="testIndexToParamEos()[pri:0, instance:io.kaitai.struct.spec.TestIndexToParamEos@4e24faf1]" name="testIndexToParamEos" duration-ms="1" started-at="2024-12-27T09:25:50Z" finished-at="2024-12-27T09:25:50Z">
          <reporter-output>
          </reporter-output>
        </test-method> <!-- testIndexToParamEos -->
      </class> <!-- io.kaitai.struct.spec.TestIndexToParamEos -->
      <class name="io.kaitai.struct.spec.TestNonStandard">
        <test-method status="PASS" signature="testNonStandard()[pri:0, instance:io.kaitai.struct.spec.TestNonStandard@7357444f]" name="testNonStandard" duration-ms="1" started-at="2024-12-27T09:25:50Z" finished-at="2024-12-27T09:25:50Z">
          <reporter-output>
          </reporter-output>
        </test-method> <!-- testNonStandard -->
      </class> <!-- io.kaitai.struct.spec.TestNonStandard -->
      <class name="io.kaitai.struct.spec.TestBitsUnalignedB32Le">
        <test-method status="PASS" signature="testBitsUnalignedB32Le()[pri:0, instance:io.kaitai.struct.spec.TestBitsUnalignedB32Le@73cd15da]" name="testBitsUnalignedB32Le" duration-ms="8" started-at="2024-12-27T09:25:50Z" finished-at="2024-12-27T09:25:50Z">
          <reporter-output>
          </reporter-output>
        </test-method> <!-- testBitsUnalignedB32Le -->
      </class> <!-- io.kaitai.struct.spec.TestBitsUnalignedB32Le -->
      <class name="io.kaitai.struct.spec.TestTypeTernary2ndFalsy">
        <test-method status="PASS" signature="testTypeTernary2ndFalsy()[pri:0, instance:io.kaitai.struct.spec.TestTypeTernary2ndFalsy@28ea86ad]" name="testTypeTernary2ndFalsy" duration-ms="1" started-at="2024-12-27T09:25:50Z" finished-at="2024-12-27T09:25:50Z">
          <reporter-output>
          </reporter-output>
        </test-method> <!-- testTypeTernary2ndFalsy -->
      </class> <!-- io.kaitai.struct.spec.TestTypeTernary2ndFalsy -->
      <class name="io.kaitai.struct.spec.TestStrEos">
        <test-method status="PASS" signature="testStrEos()[pri:0, instance:io.kaitai.struct.spec.TestStrEos@476d7e38]" name="testStrEos" duration-ms="1" started-at="2024-12-27T09:25:50Z" finished-at="2024-12-27T09:25:50Z">
          <reporter-output>
          </reporter-output>
        </test-method> <!-- testStrEos -->
      </class> <!-- io.kaitai.struct.spec.TestStrEos -->
      <class name="io.kaitai.struct.spec.TestPositionAbs">
        <test-method status="PASS" signature="testPositionAbs()[pri:0, instance:io.kaitai.struct.spec.TestPositionAbs@3177a8c0]" name="testPositionAbs" duration-ms="1" started-at="2024-12-27T09:25:50Z" finished-at="2024-12-27T09:25:50Z">
          <reporter-output>
          </reporter-output>
        </test-method> <!-- testPositionAbs -->
      </class> <!-- io.kaitai.struct.spec.TestPositionAbs -->
      <class name="io.kaitai.struct.spec.TestDebug0">
        <test-method status="PASS" signature="testDebug0()[pri:0, instance:io.kaitai.struct.spec.TestDebug0@46a7041a]" name="testDebug0" duration-ms="1" started-at="2024-12-27T09:25:50Z" finished-at="2024-12-27T09:25:50Z">
          <reporter-output>
          </reporter-output>
        </test-method> <!-- testDebug0 -->
      </class> <!-- io.kaitai.struct.spec.TestDebug0 -->
      <class name="io.kaitai.struct.spec.TestStrPadTerm">
        <test-method status="PASS" signature="testStrPadTerm()[pri:0, instance:io.kaitai.struct.spec.TestStrPadTerm@3a26cb0f]" name="testStrPadTerm" duration-ms="0" started-at="2024-12-27T09:25:50Z" finished-at="2024-12-27T09:25:50Z">
          <reporter-output>
          </reporter-output>
        </test-method> <!-- testStrPadTerm -->
      </class> <!-- io.kaitai.struct.spec.TestStrPadTerm -->
      <class name="io.kaitai.struct.spec.TestTermU1Val">
        <test-method status="PASS" signature="testTermU1Val()[pri:0, instance:io.kaitai.struct.spec.TestTermU1Val@1828b78a]" name="testTermU1Val" duration-ms="0" started-at="2024-12-27T09:25:50Z" finished-at="2024-12-27T09:25:50Z">
          <reporter-output>
          </reporter-output>
        </test-method> <!-- testTermU1Val -->
      </class> <!-- io.kaitai.struct.spec.TestTermU1Val -->
      <class name="io.kaitai.struct.spec.TestBitsSignedShiftB32Le">
        <test-method status="PASS" signature="testBitsSignedShiftB32Le()[pri:0, instance:io.kaitai.struct.spec.TestBitsSignedShiftB32Le@76653b8e]" name="testBitsSignedShiftB32Le" duration-ms="1" started-at="2024-12-27T09:25:50Z" finished-at="2024-12-27T09:25:50Z">
          <reporter-output>
          </reporter-output>
        </test-method> <!-- testBitsSignedShiftB32Le -->
      </class> <!-- io.kaitai.struct.spec.TestBitsSignedShiftB32Le -->
      <class name="io.kaitai.struct.spec.TestStrLiteralsLatin1">
        <test-method status="PASS" signature="testStrLiteralsLatin1()[pri:0, instance:io.kaitai.struct.spec.TestStrLiteralsLatin1@2513014]" name="testStrLiteralsLatin1" duration-ms="0" started-at="2024-12-27T09:25:50Z" finished-at="2024-12-27T09:25:50Z">
          <reporter-output>
          </reporter-output>
        </test-method> <!-- testStrLiteralsLatin1 -->
      </class> <!-- io.kaitai.struct.spec.TestStrLiteralsLatin1 -->
      <class name="io.kaitai.struct.spec.TestValidFailEqStr">
        <test-method status="PASS" signature="testValidFailEqStr()[pri:0, instance:io.kaitai.struct.spec.TestValidFailEqStr@1c25c350]" name="testValidFailEqStr" duration-ms="0" started-at="2024-12-27T09:25:50Z" finished-at="2024-12-27T09:25:50Z">
          <exception class="io.kaitai.struct.KaitaiStream$ValidationNotEqualError">
            <message>
              <![CDATA[/seq/0: at pos 4: validation failed: not equal, expected BACK, but got PACK]]>
            </message>
            <full-stacktrace>
              <![CDATA[io.kaitai.struct.KaitaiStream$ValidationNotEqualError: /seq/0: at pos 4: validation failed: not equal, expected BACK, but got PACK
	at io.kaitai.struct.testformats.ValidFailEqStr._read(ValidFailEqStr.java:33)
	at io.kaitai.struct.testformats.ValidFailEqStr.<init>(ValidFailEqStr.java:28)
	at io.kaitai.struct.testformats.ValidFailEqStr.<init>(ValidFailEqStr.java:17)
	at io.kaitai.struct.testformats.ValidFailEqStr.fromFile(ValidFailEqStr.java:13)
	at io.kaitai.struct.spec.TestValidFailEqStr.testValidFailEqStr(TestValidFailEqStr.java:13)
	at sun.reflect.NativeMethodAccessorImpl.invoke0(Native Method)
	at sun.reflect.NativeMethodAccessorImpl.invoke(NativeMethodAccessorImpl.java:57)
	at sun.reflect.DelegatingMethodAccessorImpl.invoke(DelegatingMethodAccessorImpl.java:43)
	at java.lang.reflect.Method.invoke(Method.java:607)
	at org.testng.internal.MethodInvocationHelper.invokeMethod(MethodInvocationHelper.java:86)
	at org.testng.internal.Invoker.invokeMethod(Invoker.java:643)
	at org.testng.internal.Invoker.invokeTestMethod(Invoker.java:820)
	at org.testng.internal.Invoker.invokeTestMethods(Invoker.java:1128)
	at org.testng.internal.TestMethodWorker.invokeTestMethods(TestMethodWorker.java:129)
	at org.testng.internal.TestMethodWorker.run(TestMethodWorker.java:112)
	at org.testng.TestRunner.privateRun(TestRunner.java:782)
	at org.testng.TestRunner.run(TestRunner.java:632)
	at org.testng.SuiteRunner.runTest(SuiteRunner.java:366)
	at org.testng.SuiteRunner.runSequentially(SuiteRunner.java:361)
	at org.testng.SuiteRunner.privateRun(SuiteRunner.java:319)
	at org.testng.SuiteRunner.run(SuiteRunner.java:268)
	at org.testng.SuiteRunnerWorker.runSuite(SuiteRunnerWorker.java:52)
	at org.testng.SuiteRunnerWorker.run(SuiteRunnerWorker.java:86)
	at org.testng.TestNG.runSuitesSequentially(TestNG.java:1244)
	at org.testng.TestNG.runSuitesLocally(TestNG.java:1169)
	at org.testng.TestNG.run(TestNG.java:1064)
	at org.testng.TestNG.privateMain(TestNG.java:1385)
	at org.testng.TestNG.main(TestNG.java:1354)
]]>
            </full-stacktrace>
          </exception> <!-- io.kaitai.struct.KaitaiStream$ValidationNotEqualError -->
          <reporter-output>
          </reporter-output>
        </test-method> <!-- testValidFailEqStr -->
      </class> <!-- io.kaitai.struct.spec.TestValidFailEqStr -->
      <class name="io.kaitai.struct.spec.TestEnumImportLiterals">
        <test-method status="PASS" signature="testEnumImportLiterals()[pri:0, instance:io.kaitai.struct.spec.TestEnumImportLiterals@2aa20aac]" name="testEnumImportLiterals" duration-ms="0" started-at="2024-12-27T09:25:50Z" finished-at="2024-12-27T09:25:50Z">
          <reporter-output>
          </reporter-output>
        </test-method> <!-- testEnumImportLiterals -->
      </class> <!-- io.kaitai.struct.spec.TestEnumImportLiterals -->
      <class name="io.kaitai.struct.spec.TestIntegers">
        <test-method status="PASS" signature="testIntegers()[pri:0, instance:io.kaitai.struct.spec.TestIntegers@3629ddce]" name="testIntegers" duration-ms="0" started-at="2024-12-27T09:25:50Z" finished-at="2024-12-27T09:25:50Z">
          <reporter-output>
          </reporter-output>
        </test-method> <!-- testIntegers -->
      </class> <!-- io.kaitai.struct.spec.TestIntegers -->
      <class name="io.kaitai.struct.spec.TestFloatToI">
        <test-method status="PASS" signature="testFloatToI()[pri:0, instance:io.kaitai.struct.spec.TestFloatToI@4ab7532a]" name="testFloatToI" duration-ms="1" started-at="2024-12-27T09:25:50Z" finished-at="2024-12-27T09:25:50Z">
          <reporter-output>
          </reporter-output>
        </test-method> <!-- testFloatToI -->
      </class> <!-- io.kaitai.struct.spec.TestFloatToI -->
      <class name="io.kaitai.struct.spec.TestProcessRepeatBytes">
        <test-method status="PASS" signature="testProcessRepeatBytes()[pri:0, instance:io.kaitai.struct.spec.TestProcessRepeatBytes@33a9447c]" name="testProcessRepeatBytes" duration-ms="0" started-at="2024-12-27T09:25:50Z" finished-at="2024-12-27T09:25:50Z">
          <reporter-output>
          </reporter-output>
        </test-method> <!-- testProcessRepeatBytes -->
      </class> <!-- io.kaitai.struct.spec.TestProcessRepeatBytes -->
      <class name="io.kaitai.struct.spec.TestRecursiveOne">
        <test-method status="PASS" signature="testRecursiveOne()[pri:0, instance:io.kaitai.struct.spec.TestRecursiveOne@43b1510a]" name="testRecursiveOne" duration-ms="1" started-at="2024-12-27T09:25:50Z" finished-at="2024-12-27T09:25:50Z">
          <reporter-output>
          </reporter-output>
        </test-method> <!-- testRecursiveOne -->
      </class> <!-- io.kaitai.struct.spec.TestRecursiveOne -->
      <class name="io.kaitai.struct.spec.TestEnumToI">
        <test-method status="PASS" signature="testEnumToI()[pri:0, instance:io.kaitai.struct.spec.TestEnumToI@1b28af8]" name="testEnumToI" duration-ms="1" started-at="2024-12-27T09:25:50Z" finished-at="2024-12-27T09:25:50Z">
          <reporter-output>
          </reporter-output>
        </test-method> <!-- testEnumToI -->
      </class> <!-- io.kaitai.struct.spec.TestEnumToI -->
      <class name="io.kaitai.struct.spec.TestEnumLongRangeS">
        <test-method status="PASS" signature="testEnumLongRangeS()[pri:0, instance:io.kaitai.struct.spec.TestEnumLongRangeS@73cf56e9]" name="testEnumLongRangeS" duration-ms="1" started-at="2024-12-27T09:25:50Z" finished-at="2024-12-27T09:25:50Z">
          <reporter-output>
          </reporter-output>
        </test-method> <!-- testEnumLongRangeS -->
      </class> <!-- io.kaitai.struct.spec.TestEnumLongRangeS -->
      <class name="io.kaitai.struct.spec.TestExprSizeofType0">
        <test-method status="PASS" signature="testExprSizeofType0()[pri:0, instance:io.kaitai.struct.spec.TestExprSizeofType0@187293dd]" name="testExprSizeofType0" duration-ms="0" started-at="2024-12-27T09:25:50Z" finished-at="2024-12-27T09:25:50Z">
          <reporter-output>
          </reporter-output>
        </test-method> <!-- testExprSizeofType0 -->
      </class> <!-- io.kaitai.struct.spec.TestExprSizeofType0 -->
      <class name="io.kaitai.struct.spec.TestExprSizeofType1">
        <test-method status="PASS" signature="testExprSizeofType1()[pri:0, instance:io.kaitai.struct.spec.TestExprSizeofType1@114bc6a3]" name="testExprSizeofType1" duration-ms="1" started-at="2024-12-27T09:25:50Z" finished-at="2024-12-27T09:25:50Z">
          <reporter-output>
          </reporter-output>
        </test-method> <!-- testExprSizeofType1 -->
      </class> <!-- io.kaitai.struct.spec.TestExprSizeofType1 -->
      <class name="io.kaitai.struct.spec.TestSwitchBytearray">
        <test-method status="PASS" signature="testSwitchBytearray()[pri:0, instance:io.kaitai.struct.spec.TestSwitchBytearray@42d6f8f6]" name="testSwitchBytearray" duration-ms="1" started-at="2024-12-27T09:25:50Z" finished-at="2024-12-27T09:25:50Z">
          <reporter-output>
          </reporter-output>
        </test-method> <!-- testSwitchBytearray -->
      </class> <!-- io.kaitai.struct.spec.TestSwitchBytearray -->
      <class name="io.kaitai.struct.spec.TestEnumLongRangeU">
        <test-method status="PASS" signature="testEnumLongRangeU()[pri:0, instance:io.kaitai.struct.spec.TestEnumLongRangeU@44e31cad]" name="testEnumLongRangeU" duration-ms="1" started-at="2024-12-27T09:25:50Z" finished-at="2024-12-27T09:25:50Z">
          <reporter-output>
          </reporter-output>
        </test-method> <!-- testEnumLongRangeU -->
      </class> <!-- io.kaitai.struct.spec.TestEnumLongRangeU -->
      <class name="io.kaitai.struct.spec.TestInstanceUserArray">
        <test-method status="PASS" signature="testInstanceUserArray()[pri:0, instance:io.kaitai.struct.spec.TestInstanceUserArray@746ab811]" name="testInstanceUserArray" duration-ms="0" started-at="2024-12-27T09:25:50Z" finished-at="2024-12-27T09:25:50Z">
          <reporter-output>
          </reporter-output>
        </test-method> <!-- testInstanceUserArray -->
      </class> <!-- io.kaitai.struct.spec.TestInstanceUserArray -->
      <class name="io.kaitai.struct.spec.TestStrPadTermUtf16">
        <test-method status="PASS" signature="testStrPadTermUtf16()[pri:0, instance:io.kaitai.struct.spec.TestStrPadTermUtf16@1a6fc530]" name="testStrPadTermUtf16" duration-ms="0" started-at="2024-12-27T09:25:50Z" finished-at="2024-12-27T09:25:50Z">
          <reporter-output>
          </reporter-output>
        </test-method> <!-- testStrPadTermUtf16 -->
      </class> <!-- io.kaitai.struct.spec.TestStrPadTermUtf16 -->
      <class name="io.kaitai.struct.spec.TestEofExceptionBytes">
        <test-method status="PASS" signature="testEofExceptionBytes()[pri:0, instance:io.kaitai.struct.spec.TestEofExceptionBytes@498d1538]" name="testEofExceptionBytes" duration-ms="1" started-at="2024-12-27T09:25:50Z" finished-at="2024-12-27T09:25:50Z">
          <exception class="java.nio.BufferUnderflowException">
            <full-stacktrace>
              <![CDATA[java.nio.BufferUnderflowException
	at java.nio.DirectByteBuffer.get(DirectByteBuffer.java:264)
	at java.nio.ByteBuffer.get(ByteBuffer.java:703)
	at io.kaitai.struct.ByteBufferKaitaiStream.readBytesNotAligned(ByteBufferKaitaiStream.java:397)
	at io.kaitai.struct.KaitaiStream.readBytes(KaitaiStream.java:296)
	at io.kaitai.struct.testformats.EofExceptionBytes._read(EofExceptionBytes.java:30)
	at io.kaitai.struct.testformats.EofExceptionBytes.<init>(EofExceptionBytes.java:27)
	at io.kaitai.struct.testformats.EofExceptionBytes.<init>(EofExceptionBytes.java:16)
	at io.kaitai.struct.testformats.EofExceptionBytes.fromFile(EofExceptionBytes.java:12)
	at io.kaitai.struct.spec.TestEofExceptionBytes.testEofExceptionBytes(TestEofExceptionBytes.java:13)
	at sun.reflect.NativeMethodAccessorImpl.invoke0(Native Method)
	at sun.reflect.NativeMethodAccessorImpl.invoke(NativeMethodAccessorImpl.java:57)
	at sun.reflect.DelegatingMethodAccessorImpl.invoke(DelegatingMethodAccessorImpl.java:43)
	at java.lang.reflect.Method.invoke(Method.java:607)
	at org.testng.internal.MethodInvocationHelper.invokeMethod(MethodInvocationHelper.java:86)
	at org.testng.internal.Invoker.invokeMethod(Invoker.java:643)
	at org.testng.internal.Invoker.invokeTestMethod(Invoker.java:820)
	at org.testng.internal.Invoker.invokeTestMethods(Invoker.java:1128)
	at org.testng.internal.TestMethodWorker.invokeTestMethods(TestMethodWorker.java:129)
	at org.testng.internal.TestMethodWorker.run(TestMethodWorker.java:112)
	at org.testng.TestRunner.privateRun(TestRunner.java:782)
	at org.testng.TestRunner.run(TestRunner.java:632)
	at org.testng.SuiteRunner.runTest(SuiteRunner.java:366)
	at org.testng.SuiteRunner.runSequentially(SuiteRunner.java:361)
	at org.testng.SuiteRunner.privateRun(SuiteRunner.java:319)
	at org.testng.SuiteRunner.run(SuiteRunner.java:268)
	at org.testng.SuiteRunnerWorker.runSuite(SuiteRunnerWorker.java:52)
	at org.testng.SuiteRunnerWorker.run(SuiteRunnerWorker.java:86)
	at org.testng.TestNG.runSuitesSequentially(TestNG.java:1244)
	at org.testng.TestNG.runSuitesLocally(TestNG.java:1169)
	at org.testng.TestNG.run(TestNG.java:1064)
	at org.testng.TestNG.privateMain(TestNG.java:1385)
	at org.testng.TestNG.main(TestNG.java:1354)
]]>
            </full-stacktrace>
          </exception> <!-- java.nio.BufferUnderflowException -->
          <reporter-output>
          </reporter-output>
        </test-method> <!-- testEofExceptionBytes -->
      </class> <!-- io.kaitai.struct.spec.TestEofExceptionBytes -->
      <class name="io.kaitai.struct.spec.TestBitsByteAligned">
        <test-method status="PASS" signature="testBitsByteAligned()[pri:0, instance:io.kaitai.struct.spec.TestBitsByteAligned@541d511a]" name="testBitsByteAligned" duration-ms="0" started-at="2024-12-27T09:25:50Z" finished-at="2024-12-27T09:25:50Z">
          <reporter-output>
          </reporter-output>
        </test-method> <!-- testBitsByteAligned -->
      </class> <!-- io.kaitai.struct.spec.TestBitsByteAligned -->
      <class name="io.kaitai.struct.spec.TestValidFailInEnum">
        <test-method status="PASS" signature="testValidFailInEnum()[pri:0, instance:io.kaitai.struct.spec.TestValidFailInEnum@73d727eb]" name="testValidFailInEnum" duration-ms="1" started-at="2024-12-27T09:25:50Z" finished-at="2024-12-27T09:25:50Z">
          <exception class="io.kaitai.struct.KaitaiStream$ValidationNotInEnumError">
            <message>
              <![CDATA[/seq/0: at pos 4: validation failed: not in the enum, got null]]>
            </message>
            <full-stacktrace>
              <![CDATA[io.kaitai.struct.KaitaiStream$ValidationNotInEnumError: /seq/0: at pos 4: validation failed: not in the enum, got null
	at io.kaitai.struct.testformats.ValidFailInEnum._read(ValidFailInEnum.java:49)
	at io.kaitai.struct.testformats.ValidFailInEnum.<init>(ValidFailInEnum.java:44)
	at io.kaitai.struct.testformats.ValidFailInEnum.<init>(ValidFailInEnum.java:33)
	at io.kaitai.struct.testformats.ValidFailInEnum.fromFile(ValidFailInEnum.java:14)
	at io.kaitai.struct.spec.TestValidFailInEnum.testValidFailInEnum(TestValidFailInEnum.java:13)
	at sun.reflect.NativeMethodAccessorImpl.invoke0(Native Method)
	at sun.reflect.NativeMethodAccessorImpl.invoke(NativeMethodAccessorImpl.java:57)
	at sun.reflect.DelegatingMethodAccessorImpl.invoke(DelegatingMethodAccessorImpl.java:43)
	at java.lang.reflect.Method.invoke(Method.java:607)
	at org.testng.internal.MethodInvocationHelper.invokeMethod(MethodInvocationHelper.java:86)
	at org.testng.internal.Invoker.invokeMethod(Invoker.java:643)
	at org.testng.internal.Invoker.invokeTestMethod(Invoker.java:820)
	at org.testng.internal.Invoker.invokeTestMethods(Invoker.java:1128)
	at org.testng.internal.TestMethodWorker.invokeTestMethods(TestMethodWorker.java:129)
	at org.testng.internal.TestMethodWorker.run(TestMethodWorker.java:112)
	at org.testng.TestRunner.privateRun(TestRunner.java:782)
	at org.testng.TestRunner.run(TestRunner.java:632)
	at org.testng.SuiteRunner.runTest(SuiteRunner.java:366)
	at org.testng.SuiteRunner.runSequentially(SuiteRunner.java:361)
	at org.testng.SuiteRunner.privateRun(SuiteRunner.java:319)
	at org.testng.SuiteRunner.run(SuiteRunner.java:268)
	at org.testng.SuiteRunnerWorker.runSuite(SuiteRunnerWorker.java:52)
	at org.testng.SuiteRunnerWorker.run(SuiteRunnerWorker.java:86)
	at org.testng.TestNG.runSuitesSequentially(TestNG.java:1244)
	at org.testng.TestNG.runSuitesLocally(TestNG.java:1169)
	at org.testng.TestNG.run(TestNG.java:1064)
	at org.testng.TestNG.privateMain(TestNG.java:1385)
	at org.testng.TestNG.main(TestNG.java:1354)
]]>
            </full-stacktrace>
[...]
      <class name="io.kaitai.struct.spec.TestImportsCircularA">
        <test-method status="PASS" signature="testImportsCircularA()[pri:0, instance:io.kaitai.struct.spec.TestImportsCircularA@6b865381]" name="testImportsCircularA" duration-ms="1" started-at="2024-12-27T09:25:50Z" finished-at="2024-12-27T09:25:50Z">
          <reporter-output>
          </reporter-output>
        </test-method> <!-- testImportsCircularA -->
      </class> <!-- io.kaitai.struct.spec.TestImportsCircularA -->
      <class name="io.kaitai.struct.spec.TestDocstringsDocref">
        <test-method status="PASS" signature="testDocstringsDocref()[pri:0, instance:io.kaitai.struct.spec.TestDocstringsDocref@1884b3bb]" name="testDocstringsDocref" duration-ms="0" started-at="2024-12-27T09:25:50Z" finished-at="2024-12-27T09:25:50Z">
          <reporter-output>
          </reporter-output>
        </test-method> <!-- testDocstringsDocref -->
      </class> <!-- io.kaitai.struct.spec.TestDocstringsDocref -->
      <class name="io.kaitai.struct.spec.TestExprArray">
        <test-method status="PASS" signature="testExprArray()[pri:0, instance:io.kaitai.struct.spec.TestExprArray@2b1f80c3]" name="testExprArray" duration-ms="0" started-at="2024-12-27T09:25:50Z" finished-at="2024-12-27T09:25:50Z">
          <reporter-output>
          </reporter-output>
        </test-method> <!-- testExprArray -->
      </class> <!-- io.kaitai.struct.spec.TestExprArray -->
      <class name="io.kaitai.struct.spec.TestTypeIntUnaryOp">
        <test-method status="PASS" signature="testTypeIntUnaryOp()[pri:0, instance:io.kaitai.struct.spec.TestTypeIntUnaryOp@2736d8e4]" name="testTypeIntUnaryOp" duration-ms="0" started-at="2024-12-27T09:25:50Z" finished-at="2024-12-27T09:25:50Z">
          <reporter-output>
          </reporter-output>
        </test-method> <!-- testTypeIntUnaryOp -->
      </class> <!-- io.kaitai.struct.spec.TestTypeIntUnaryOp -->
      <class name="io.kaitai.struct.spec.TestNestedSameName">
        <test-method status="PASS" signature="testNestedSameName()[pri:0, instance:io.kaitai.struct.spec.TestNestedSameName@381a2c1f]" name="testNestedSameName" duration-ms="1" started-at="2024-12-27T09:25:50Z" finished-at="2024-12-27T09:25:50Z">
          <reporter-output>
          </reporter-output>
        </test-method> <!-- testNestedSameName -->
      </class> <!-- io.kaitai.struct.spec.TestNestedSameName -->
      <class name="io.kaitai.struct.spec.TestOpaqueWithParam">
        <test-method status="PASS" signature="testOpaqueWithParam()[pri:0, instance:io.kaitai.struct.spec.TestOpaqueWithParam@3b0def13]" name="testOpaqueWithParam" duration-ms="1" started-at="2024-12-27T09:25:50Z" finished-at="2024-12-27T09:25:50Z">
          <reporter-output>
          </reporter-output>
        </test-method> <!-- testOpaqueWithParam -->
      </class> <!-- io.kaitai.struct.spec.TestOpaqueWithParam -->
      <class name="io.kaitai.struct.spec.TestExprIfIntOps">
        <test-method status="FAIL" signature="testExprIfIntOps()[pri:0, instance:io.kaitai.struct.spec.TestExprIfIntOps@a499eb5]" name="testExprIfIntOps" duration-ms="0" started-at="2024-12-27T09:25:50Z" finished-at="2024-12-27T09:25:50Z">
          <exception class="java.lang.AssertionError">
            <message>
              <![CDATA[expected [true] but found [false]]]>
            </message>
            <full-stacktrace>
              <![CDATA[java.lang.AssertionError: expected [true] but found [false]
	at org.testng.Assert.fail(Assert.java:94)
	at org.testng.Assert.failNotEquals(Assert.java:513)
	at org.testng.Assert.assertEqualsImpl(Assert.java:135)
	at org.testng.Assert.assertEquals(Assert.java:116)
	at org.testng.Assert.assertEquals(Assert.java:305)
	at org.testng.Assert.assertEquals(Assert.java:315)
	at io.kaitai.struct.spec.CommonSpec.assertIntEquals(CommonSpec.java:48)
	at io.kaitai.struct.spec.TestExprIfIntOps.testExprIfIntOps(TestExprIfIntOps.java:15)
	at sun.reflect.NativeMethodAccessorImpl.invoke0(Native Method)
	at sun.reflect.NativeMethodAccessorImpl.invoke(NativeMethodAccessorImpl.java:57)
	at sun.reflect.DelegatingMethodAccessorImpl.invoke(DelegatingMethodAccessorImpl.java:43)
	at java.lang.reflect.Method.invoke(Method.java:607)
	at org.testng.internal.MethodInvocationHelper.invokeMethod(MethodInvocationHelper.java:86)
	at org.testng.internal.Invoker.invokeMethod(Invoker.java:643)
	at org.testng.internal.Invoker.invokeTestMethod(Invoker.java:820)
	at org.testng.internal.Invoker.invokeTestMethods(Invoker.java:1128)
	at org.testng.internal.TestMethodWorker.invokeTestMethods(TestMethodWorker.java:129)
	at org.testng.internal.TestMethodWorker.run(TestMethodWorker.java:112)
	at org.testng.TestRunner.privateRun(TestRunner.java:782)
	at org.testng.TestRunner.run(TestRunner.java:632)
	at org.testng.SuiteRunner.runTest(SuiteRunner.java:366)
	at org.testng.SuiteRunner.runSequentially(SuiteRunner.java:361)
	at org.testng.SuiteRunner.privateRun(SuiteRunner.java:319)
	at org.testng.SuiteRunner.run(SuiteRunner.java:268)
	at org.testng.SuiteRunnerWorker.runSuite(SuiteRunnerWorker.java:52)
	at org.testng.SuiteRunnerWorker.run(SuiteRunnerWorker.java:86)
	at org.testng.TestNG.runSuitesSequentially(TestNG.java:1244)
	at org.testng.TestNG.runSuitesLocally(TestNG.java:1169)
	at org.testng.TestNG.run(TestNG.java:1064)
	at org.testng.TestNG.privateMain(TestNG.java:1385)
	at org.testng.TestNG.main(TestNG.java:1354)
]]>
            </full-stacktrace>
          </exception> <!-- java.lang.AssertionError -->
          <reporter-output>
          </reporter-output>
        </test-method> <!-- testExprIfIntOps -->
      </class> <!-- io.kaitai.struct.spec.TestExprIfIntOps -->
      <class name="io.kaitai.struct.spec.TestTermStrzUtf16V4">
        <test-method status="PASS" signature="testTermStrzUtf16V4()[pri:0, instance:io.kaitai.struct.spec.TestTermStrzUtf16V4@2ffa1294]" name="testTermStrzUtf16V4" duration-ms="1" started-at="2024-12-27T09:25:50Z" finished-at="2024-12-27T09:25:50Z">
          <reporter-output>
          </reporter-output>
        </test-method> <!-- testTermStrzUtf16V4 -->
      </class> <!-- io.kaitai.struct.spec.TestTermStrzUtf16V4 -->
      <class name="io.kaitai.struct.spec.TestIfStruct">
        <test-method status="PASS" signature="testIfStruct()[pri:0, instance:io.kaitai.struct.spec.TestIfStruct@98380a4]" name="testIfStruct" duration-ms="1" started-at="2024-12-27T09:25:50Z" finished-at="2024-12-27T09:25:50Z">
          <reporter-output>
          </reporter-output>
        </test-method> <!-- testIfStruct -->
      </class> <!-- io.kaitai.struct.spec.TestIfStruct -->
      <class name="io.kaitai.struct.spec.TestIndexToParamExpr">
        <test-method status="PASS" signature="testIndexToParamExpr()[pri:0, instance:io.kaitai.struct.spec.TestIndexToParamExpr@53f61628]" name="testIndexToParamExpr" duration-ms="0" started-at="2024-12-27T09:25:50Z" finished-at="2024-12-27T09:25:50Z">
          <reporter-output>
          </reporter-output>
        </test-method> <!-- testIndexToParamExpr -->
      </class> <!-- io.kaitai.struct.spec.TestIndexToParamExpr -->
      <class name="io.kaitai.struct.spec.TestValidFailRangeInt">
        <test-method status="PASS" signature="testValidFailRangeInt()[pri:0, instance:io.kaitai.struct.spec.TestValidFailRangeInt@256ee01c]" name="testValidFailRangeInt" duration-ms="1" started-at="2024-12-27T09:25:50Z" finished-at="2024-12-27T09:25:50Z">
          <exception class="io.kaitai.struct.KaitaiStream$ValidationGreaterThanError">
            <message>
              <![CDATA[/seq/0: at pos 1: validation failed: not in range, max 10, but got 80]]>
            </message>
            <full-stacktrace>
              <![CDATA[io.kaitai.struct.KaitaiStream$ValidationGreaterThanError: /seq/0: at pos 1: validation failed: not in range, max 10, but got 80
	at io.kaitai.struct.testformats.ValidFailRangeInt._read(ValidFailRangeInt.java:35)
	at io.kaitai.struct.testformats.ValidFailRangeInt.<init>(ValidFailRangeInt.java:27)
	at io.kaitai.struct.testformats.ValidFailRangeInt.<init>(ValidFailRangeInt.java:16)
	at io.kaitai.struct.testformats.ValidFailRangeInt.fromFile(ValidFailRangeInt.java:12)
	at io.kaitai.struct.spec.TestValidFailRangeInt.testValidFailRangeInt(TestValidFailRangeInt.java:13)
	at sun.reflect.NativeMethodAccessorImpl.invoke0(Native Method)
	at sun.reflect.NativeMethodAccessorImpl.invoke(NativeMethodAccessorImpl.java:57)
	at sun.reflect.DelegatingMethodAccessorImpl.invoke(DelegatingMethodAccessorImpl.java:43)
	at java.lang.reflect.Method.invoke(Method.java:607)
	at org.testng.internal.MethodInvocationHelper.invokeMethod(MethodInvocationHelper.java:86)
	at org.testng.internal.Invoker.invokeMethod(Invoker.java:643)
	at org.testng.internal.Invoker.invokeTestMethod(Invoker.java:820)
	at org.testng.internal.Invoker.invokeTestMethods(Invoker.java:1128)
	at org.testng.internal.TestMethodWorker.invokeTestMethods(TestMethodWorker.java:129)
	at org.testng.internal.TestMethodWorker.run(TestMethodWorker.java:112)
	at org.testng.TestRunner.privateRun(TestRunner.java:782)
	at org.testng.TestRunner.run(TestRunner.java:632)
	at org.testng.SuiteRunner.runTest(SuiteRunner.java:366)
	at org.testng.SuiteRunner.runSequentially(SuiteRunner.java:361)
	at org.testng.SuiteRunner.privateRun(SuiteRunner.java:319)
	at org.testng.SuiteRunner.run(SuiteRunner.java:268)
	at org.testng.SuiteRunnerWorker.runSuite(SuiteRunnerWorker.java:52)
	at org.testng.SuiteRunnerWorker.run(SuiteRunnerWorker.java:86)
	at org.testng.TestNG.runSuitesSequentially(TestNG.java:1244)
	at org.testng.TestNG.runSuitesLocally(TestNG.java:1169)
	at org.testng.TestNG.run(TestNG.java:1064)
	at org.testng.TestNG.privateMain(TestNG.java:1385)
	at org.testng.TestNG.main(TestNG.java:1354)
]]>
            </full-stacktrace>
          </exception> <!-- io.kaitai.struct.KaitaiStream$ValidationGreaterThanError -->
          <reporter-output>
          </reporter-output>
        </test-method> <!-- testValidFailRangeInt -->
      </class> <!-- io.kaitai.struct.spec.TestValidFailRangeInt -->
      <class name="io.kaitai.struct.spec.TestTermStrzUtf16V1">
        <test-method status="PASS" signature="testTermStrzUtf16V1()[pri:0, instance:io.kaitai.struct.spec.TestTermStrzUtf16V1@1ea49c14]" name="testTermStrzUtf16V1" duration-ms="0" started-at="2024-12-27T09:25:50Z" finished-at="2024-12-27T09:25:50Z">
          <reporter-output>
          </reporter-output>
        </test-method> <!-- testTermStrzUtf16V1 -->
      </class> <!-- io.kaitai.struct.spec.TestTermStrzUtf16V1 -->
      <class name="io.kaitai.struct.spec.TestImportsCastToImported">
        <test-method status="PASS" signature="testImportsCastToImported()[pri:0, instance:io.kaitai.struct.spec.TestImportsCastToImported@6a1dbc8b]" name="testImportsCastToImported" duration-ms="1" started-at="2024-12-27T09:25:50Z" finished-at="2024-12-27T09:25:50Z">
          <reporter-output>
          </reporter-output>
        </test-method> <!-- testImportsCastToImported -->
      </class> <!-- io.kaitai.struct.spec.TestImportsCastToImported -->
      <class name="io.kaitai.struct.spec.TestTermStrzUtf16V2">
        <test-method status="PASS" signature="testTermStrzUtf16V2()[pri:0, instance:io.kaitai.struct.spec.TestTermStrzUtf16V2@2779c1cb]" name="testTermStrzUtf16V2" duration-ms="1" started-at="2024-12-27T09:25:50Z" finished-at="2024-12-27T09:25:50Z">
          <reporter-output>
          </reporter-output>
        </test-method> <!-- testTermStrzUtf16V2 -->
      </class> <!-- io.kaitai.struct.spec.TestTermStrzUtf16V2 -->
      <class name="io.kaitai.struct.spec.TestParamsPassArrayStr">
        <test-method status="PASS" signature="testParamsPassArrayStr()[pri:0, instance:io.kaitai.struct.spec.TestParamsPassArrayStr@6c0da9cc]" name="testParamsPassArrayStr" duration-ms="1" started-at="2024-12-27T09:25:50Z" finished-at="2024-12-27T09:25:50Z">
          <reporter-output>
          </reporter-output>
        </test-method> <!-- testParamsPassArrayStr -->
      </class> <!-- io.kaitai.struct.spec.TestParamsPassArrayStr -->
      <class name="io.kaitai.struct.spec.TestTermStrzUtf16V3">
        <test-method status="PASS" signature="testTermStrzUtf16V3()[pri:0, instance:io.kaitai.struct.spec.TestTermStrzUtf16V3@4902f4c3]" name="testTermStrzUtf16V3" duration-ms="0" started-at="2024-12-27T09:25:50Z" finished-at="2024-12-27T09:25:50Z">
          <reporter-output>
          </reporter-output>
        </test-method> <!-- testTermStrzUtf16V3 -->
      </class> <!-- io.kaitai.struct.spec.TestTermStrzUtf16V3 -->
      <class name="io.kaitai.struct.spec.TestPositionInSeq">
        <test-method status="PASS" signature="testPositionInSeq()[pri:0, instance:io.kaitai.struct.spec.TestPositionInSeq@740edac1]" name="testPositionInSeq" duration-ms="0" started-at="2024-12-27T09:25:50Z" finished-at="2024-12-27T09:25:50Z">
          <reporter-output>
          </reporter-output>
        </test-method> <!-- testPositionInSeq -->
      </class> <!-- io.kaitai.struct.spec.TestPositionInSeq -->
      <class name="io.kaitai.struct.spec.TestExprFstring0">
        <test-method status="PASS" signature="testExprFstring0()[pri:0, instance:io.kaitai.struct.spec.TestExprFstring0@3033c690]" name="testExprFstring0" duration-ms="0" started-at="2024-12-27T09:25:50Z" finished-at="2024-12-27T09:25:50Z">
          <reporter-output>
          </reporter-output>
        </test-method> <!-- testExprFstring0 -->
      </class> <!-- io.kaitai.struct.spec.TestExprFstring0 -->
      <class name="io.kaitai.struct.spec.TestRepeatNStrz">
        <test-method status="PASS" signature="testRepeatNStrz()[pri:0, instance:io.kaitai.struct.spec.TestRepeatNStrz@6645d9b1]" name="testRepeatNStrz" duration-ms="1" started-at="2024-12-27T09:25:50Z" finished-at="2024-12-27T09:25:50Z">
          <reporter-output>
          </reporter-output>
        </test-method> <!-- testRepeatNStrz -->
      </class> <!-- io.kaitai.struct.spec.TestRepeatNStrz -->
      <class name="io.kaitai.struct.spec.TestBitsUnalignedB32Be">
        <test-method status="PASS" signature="testBitsUnalignedB32Be()[pri:0, instance:io.kaitai.struct.spec.TestBitsUnalignedB32Be@12d72107]" name="testBitsUnalignedB32Be" duration-ms="1" started-at="2024-12-27T09:25:50Z" finished-at="2024-12-27T09:25:50Z">
          <reporter-output>
          </reporter-output>
        </test-method> <!-- testBitsUnalignedB32Be -->
      </class> <!-- io.kaitai.struct.spec.TestBitsUnalignedB32Be -->
      <class name="io.kaitai.struct.spec.TestNestedTypesImport">
        <test-method status="PASS" signature="testNestedTypesImport()[pri:0, instance:io.kaitai.struct.spec.TestNestedTypesImport@3fd4714d]" name="testNestedTypesImport" duration-ms="1" started-at="2024-12-27T09:25:50Z" finished-at="2024-12-27T09:25:50Z">
          <reporter-output>
          </reporter-output>
        </test-method> <!-- testNestedTypesImport -->
      </class> <!-- io.kaitai.struct.spec.TestNestedTypesImport -->
      <class name="io.kaitai.struct.spec.TestNavParentFalse">
        <test-method status="PASS" signature="testNavParentFalse()[pri:0, instance:io.kaitai.struct.spec.TestNavParentFalse@327df0b7]" name="testNavParentFalse" duration-ms="1" started-at="2024-12-27T09:25:50Z" finished-at="2024-12-27T09:25:50Z">
          <reporter-output>
          </reporter-output>
        </test-method> <!-- testNavParentFalse -->
      </class> <!-- io.kaitai.struct.spec.TestNavParentFalse -->
      <class name="io.kaitai.struct.spec.TestImports0">
        <test-method status="PASS" signature="testImports0()[pri:0, instance:io.kaitai.struct.spec.TestImports0@a321d9a]" name="testImports0" duration-ms="0" started-at="2024-12-27T09:25:50Z" finished-at="2024-12-27T09:25:50Z">
          <reporter-output>
          </reporter-output>
        </test-method> <!-- testImports0 -->
      </class> <!-- io.kaitai.struct.spec.TestImports0 -->
      <class name="io.kaitai.struct.spec.TestSwitchIntegers2">
        <test-method status="PASS" signature="testSwitchIntegers2()[pri:0, instance:io.kaitai.struct.spec.TestSwitchIntegers2@1d55d69b]" name="testSwitchIntegers2" duration-ms="0" started-at="2024-12-27T09:25:50Z" finished-at="2024-12-27T09:25:50Z">
          <reporter-output>
          </reporter-output>
        </test-method> <!-- testSwitchIntegers2 -->
      </class> <!-- io.kaitai.struct.spec.TestSwitchIntegers2 -->
      <class name="io.kaitai.struct.spec.TestTypeTernaryOpaque">
        <test-method status="PASS" signature="testTypeTernaryOpaque()[pri:0, instance:io.kaitai.struct.spec.TestTypeTernaryOpaque@787be75d]" name="testTypeTernaryOpaque" duration-ms="1" started-at="2024-12-27T09:25:50Z" finished-at="2024-12-27T09:25:50Z">
          <reporter-output>
          </reporter-output>
        </test-method> <!-- testTypeTernaryOpaque -->
      </class> <!-- io.kaitai.struct.spec.TestTypeTernaryOpaque -->
      <class name="io.kaitai.struct.spec.TestValidFailRepeatMaxInt">
        <test-method status="PASS" signature="testValidFailRepeatMaxInt()[pri:0, instance:io.kaitai.struct.spec.TestValidFailRepeatMaxInt@f7fb9e0]" name="testValidFailRepeatMaxInt" duration-ms="0" started-at="2024-12-27T09:25:50Z" finished-at="2024-12-27T09:25:50Z">
          <exception class="io.kaitai.struct.KaitaiStream$ValidationGreaterThanError">
            <message>
              <![CDATA[/seq/0: at pos 3: validation failed: not in range, max 254, but got 255]]>
            </message>
            <full-stacktrace>
              <![CDATA[io.kaitai.struct.KaitaiStream$ValidationGreaterThanError: /seq/0: at pos 3: validation failed: not in range, max 254, but got 255
	at io.kaitai.struct.testformats.ValidFailRepeatMaxInt._read(ValidFailRepeatMaxInt.java:37)
	at io.kaitai.struct.testformats.ValidFailRepeatMaxInt.<init>(ValidFailRepeatMaxInt.java:28)
	at io.kaitai.struct.testformats.ValidFailRepeatMaxInt.<init>(ValidFailRepeatMaxInt.java:17)
	at io.kaitai.struct.testformats.ValidFailRepeatMaxInt.fromFile(ValidFailRepeatMaxInt.java:13)
	at io.kaitai.struct.spec.TestValidFailRepeatMaxInt.testValidFailRepeatMaxInt(TestValidFailRepeatMaxInt.java:13)
	at sun.reflect.NativeMethodAccessorImpl.invoke0(Native Method)
	at sun.reflect.NativeMethodAccessorImpl.invoke(NativeMethodAccessorImpl.java:57)
	at sun.reflect.DelegatingMethodAccessorImpl.invoke(DelegatingMethodAccessorImpl.java:43)
	at java.lang.reflect.Method.invoke(Method.java:607)
	at org.testng.internal.MethodInvocationHelper.invokeMethod(MethodInvocationHelper.java:86)
	at org.testng.internal.Invoker.invokeMethod(Invoker.java:643)
	at org.testng.internal.Invoker.invokeTestMethod(Invoker.java:820)
	at org.testng.internal.Invoker.invokeTestMethods(Invoker.java:1128)
	at org.testng.internal.TestMethodWorker.invokeTestMethods(TestMethodWorker.java:129)
	at org.testng.internal.TestMethodWorker.run(TestMethodWorker.java:112)
	at org.testng.TestRunner.privateRun(TestRunner.java:782)
	at org.testng.TestRunner.run(TestRunner.java:632)
	at org.testng.SuiteRunner.runTest(SuiteRunner.java:366)
	at org.testng.SuiteRunner.runSequentially(SuiteRunner.java:361)
	at org.testng.SuiteRunner.privateRun(SuiteRunner.java:319)
	at org.testng.SuiteRunner.run(SuiteRunner.java:268)
	at org.testng.SuiteRunnerWorker.runSuite(SuiteRunnerWorker.java:52)
	at org.testng.SuiteRunnerWorker.run(SuiteRunnerWorker.java:86)
	at org.testng.TestNG.runSuitesSequentially(TestNG.java:1244)
	at org.testng.TestNG.runSuitesLocally(TestNG.java:1169)
	at org.testng.TestNG.run(TestNG.java:1064)
	at org.testng.TestNG.privateMain(TestNG.java:1385)
	at org.testng.TestNG.main(TestNG.java:1354)
]]>
            </full-stacktrace>
          </exception> <!-- io.kaitai.struct.KaitaiStream$ValidationGreaterThanError -->
          <reporter-output>
          </reporter-output>
        </test-method> <!-- testValidFailRepeatMaxInt -->
      </class> <!-- io.kaitai.struct.spec.TestValidFailRepeatMaxInt -->
    </test> <!-- all -->
  </suite> <!-- Kaitai Struct Java specs -->
</testng-results>
