<?xml version="1.0" encoding="UTF-8"?>
<testng-results total="204" passed="204" failed="0" skipped="0">
  <reporter-output>
  </reporter-output>
  <suite started-at="2020-05-22T20:59:24Z" name="Kaitai Struct Java specs" finished-at="2020-05-22T20:59:24Z" duration-ms="633">
    <groups>
    </groups>
    <test started-at="2020-05-22T20:59:24Z" name="all" finished-at="2020-05-22T20:59:24Z" duration-ms="633">
      <class name="io.kaitai.struct.spec.TestExprBytesCmp">
        <test-method signature="testExprBytesCmp()[pri:0, instance:io.kaitai.struct.spec.TestExprBytesCmp@221a3fa4]" started-at="2020-05-22T20:59:24Z" name="testExprBytesCmp" finished-at="2020-05-22T20:59:24Z" duration-ms="2" status="PASS">
          <reporter-output>
          </reporter-output>
        </test-method> <!-- testExprBytesCmp -->
      </class> <!-- io.kaitai.struct.spec.TestExprBytesCmp -->
      <class name="io.kaitai.struct.spec.TestDocstringsDocrefMulti">
        <test-method signature="testDocstringsDocrefMulti()[pri:0, instance:io.kaitai.struct.spec.TestDocstringsDocrefMulti@72cc7e6f]" started-at="2020-05-22T20:59:24Z" name="testDocstringsDocrefMulti" finished-at="2020-05-22T20:59:24Z" duration-ms="1" status="PASS">
          <reporter-output>
          </reporter-output>
        </test-method> <!-- testDocstringsDocrefMulti -->
      </class> <!-- io.kaitai.struct.spec.TestDocstringsDocrefMulti -->
      <class name="io.kaitai.struct.spec.TestRepeatEosStruct">
        <test-method signature="testRepeatEosStruct()[pri:0, instance:io.kaitai.struct.spec.TestRepeatEosStruct@72035809]" started-at="2020-05-22T20:59:24Z" name="testRepeatEosStruct" finished-at="2020-05-22T20:59:24Z" duration-ms="1" status="PASS">
          <reporter-output>
          </reporter-output>
        </test-method> <!-- testRepeatEosStruct -->
      </class> <!-- io.kaitai.struct.spec.TestRepeatEosStruct -->
      <class name="io.kaitai.struct.spec.TestParamsPassUsertype">
        <test-method signature="testParamsPassUsertype()[pri:0, instance:io.kaitai.struct.spec.TestParamsPassUsertype@19e4653c]" started-at="2020-05-22T20:59:24Z" name="testParamsPassUsertype" finished-at="2020-05-22T20:59:24Z" duration-ms="1" status="PASS">
          <reporter-output>
          </reporter-output>
        </test-method> <!-- testParamsPassUsertype -->
      </class> <!-- io.kaitai.struct.spec.TestParamsPassUsertype -->
      <class name="io.kaitai.struct.spec.TestFixedStruct">
        <test-method signature="testFixedStruct()[pri:0, instance:io.kaitai.struct.spec.TestFixedStruct@4722ef0c]" started-at="2020-05-22T20:59:24Z" name="testFixedStruct" finished-at="2020-05-22T20:59:24Z" duration-ms="2" status="PASS">
          <reporter-output>
          </reporter-output>
        </test-method> <!-- testFixedStruct -->
      </class> <!-- io.kaitai.struct.spec.TestFixedStruct -->
      <class name="io.kaitai.struct.spec.TestProcessToUser">
        <test-method signature="testProcessToUser()[pri:0, instance:io.kaitai.struct.spec.TestProcessToUser@6fa51cd4]" started-at="2020-05-22T20:59:24Z" name="testProcessToUser" finished-at="2020-05-22T20:59:24Z" duration-ms="1" status="PASS">
          <reporter-output>
          </reporter-output>
        </test-method> <!-- testProcessToUser -->
      </class> <!-- io.kaitai.struct.spec.TestProcessToUser -->
      <class name="io.kaitai.struct.spec.TestParamsPassArrayStruct">
        <test-method signature="testParamsPassArrayStruct()[pri:0, instance:io.kaitai.struct.spec.TestParamsPassArrayStruct@75437611]" started-at="2020-05-22T20:59:24Z" name="testParamsPassArrayStruct" finished-at="2020-05-22T20:59:24Z" duration-ms="3" status="PASS">
          <reporter-output>
          </reporter-output>
        </test-method> <!-- testParamsPassArrayStruct -->
      </class> <!-- io.kaitai.struct.spec.TestParamsPassArrayStruct -->
      <class name="io.kaitai.struct.spec.TestNonStandard">
        <test-method signature="testNonStandard()[pri:0, instance:io.kaitai.struct.spec.TestNonStandard@5f049ea1]" started-at="2020-05-22T20:59:24Z" name="testNonStandard" finished-at="2020-05-22T20:59:24Z" duration-ms="2" status="PASS">
          <reporter-output>
          </reporter-output>
        </test-method> <!-- testNonStandard -->
      </class> <!-- io.kaitai.struct.spec.TestNonStandard -->
      <class name="io.kaitai.struct.spec.TestFloatingPoints">
        <test-method signature="testFloatingPoints()[pri:0, instance:io.kaitai.struct.spec.TestFloatingPoints@2d901eb0]" started-at="2020-05-22T20:59:24Z" name="testFloatingPoints" finished-at="2020-05-22T20:59:24Z" duration-ms="1" status="PASS">
          <reporter-output>
          </reporter-output>
        </test-method> <!-- testFloatingPoints -->
      </class> <!-- io.kaitai.struct.spec.TestFloatingPoints -->
      <class name="io.kaitai.struct.spec.TestImportsCircularA">
        <test-method signature="testImportsCircularA()[pri:0, instance:io.kaitai.struct.spec.TestImportsCircularA@6f53b8a]" started-at="2020-05-22T20:59:24Z" name="testImportsCircularA" finished-at="2020-05-22T20:59:24Z" duration-ms="1" status="PASS">
          <reporter-output>
          </reporter-output>
        </test-method> <!-- testImportsCircularA -->
      </class> <!-- io.kaitai.struct.spec.TestImportsCircularA -->
      <class name="io.kaitai.struct.spec.TestStrPadTermEmpty">
        <test-method signature="testStrPadTermEmpty()[pri:0, instance:io.kaitai.struct.spec.TestStrPadTermEmpty@4a003cbe]" started-at="2020-05-22T20:59:24Z" name="testStrPadTermEmpty" finished-at="2020-05-22T20:59:24Z" duration-ms="1" status="PASS">
          <reporter-output>
          </reporter-output>
        </test-method> <!-- testStrPadTermEmpty -->
      </class> <!-- io.kaitai.struct.spec.TestStrPadTermEmpty -->
      <class name="io.kaitai.struct.spec.TestValidFailMaxInt">
        <test-method signature="testValidFailMaxInt()[pri:0, instance:io.kaitai.struct.spec.TestValidFailMaxInt@70ed52de]" started-at="2020-05-22T20:59:24Z" name="testValidFailMaxInt" finished-at="2020-05-22T20:59:24Z" duration-ms="16" status="PASS">
          <exception class="io.kaitai.struct.KaitaiStream$ValidationGreaterThanError">
            <message>
              <![CDATA[/seq/0: at pos 1: validation failed: not in range, max 12, but got 80]]>
            </message>
            <full-stacktrace>
              <![CDATA[io.kaitai.struct.KaitaiStream$ValidationGreaterThanError: /seq/0: at pos 1: validation failed: not in range, max 12, but got 80
	at io.kaitai.struct.testformats.ValidFailMaxInt._read(ValidFailMaxInt.java:32)
	at io.kaitai.struct.testformats.ValidFailMaxInt.<init>(ValidFailMaxInt.java:27)
	at io.kaitai.struct.testformats.ValidFailMaxInt.<init>(ValidFailMaxInt.java:16)
	at io.kaitai.struct.testformats.ValidFailMaxInt.fromFile(ValidFailMaxInt.java:12)
	at io.kaitai.struct.spec.TestValidFailMaxInt.testValidFailMaxInt(TestValidFailMaxInt.java:13)
	at java.base/jdk.internal.reflect.NativeMethodAccessorImpl.invoke0(Native Method)
	at java.base/jdk.internal.reflect.NativeMethodAccessorImpl.invoke(NativeMethodAccessorImpl.java:62)
	at java.base/jdk.internal.reflect.DelegatingMethodAccessorImpl.invoke(DelegatingMethodAccessorImpl.java:43)
	at java.base/java.lang.reflect.Method.invoke(Method.java:566)
	at org.testng.internal.MethodInvocationHelper.invokeMethod(MethodInvocationHelper.java:86)
	at org.testng.internal.Invoker.invokeMethod(Invoker.java:643)
	at org.testng.internal.Invoker.invokeTestMethod(Invoker.java:820)
	at org.testng.internal.Invoker.invokeTestMethods(Invoker.java:1128)
	at org.testng.internal.TestMethodWorker.invokeTestMethods(TestMethodWorker.java:129)
	at org.testng.internal.TestMethodWorker.run(TestMethodWorker.java:112)
	at org.testng.TestRunner.privateRun(TestRunner.java:782)
	at org.testng.TestRunner.run(TestRunner.java:632)
	at org.testng.SuiteRunner.runTest(SuiteRunner.java:366)
	at org.testng.SuiteRunner.runSequentially(SuiteRunner.java:361)
	at org.testng.SuiteRunner.privateRun(SuiteRunner.java:319)
	at org.testng.SuiteRunner.run(SuiteRunner.java:268)
	at org.testng.SuiteRunnerWorker.runSuite(SuiteRunnerWorker.java:52)
	at org.testng.SuiteRunnerWorker.run(SuiteRunnerWorker.java:86)
	at org.testng.TestNG.runSuitesSequentially(TestNG.java:1244)
	at org.testng.TestNG.runSuitesLocally(TestNG.java:1169)
	at org.testng.TestNG.run(TestNG.java:1064)
	at org.testng.TestNG.privateMain(TestNG.java:1385)
	at org.testng.TestNG.main(TestNG.java:1354)
]]>
            </full-stacktrace>
          </exception> <!-- io.kaitai.struct.KaitaiStream$ValidationGreaterThanError -->
          <reporter-output>
          </reporter-output>
        </test-method> <!-- testValidFailMaxInt -->
      </class> <!-- io.kaitai.struct.spec.TestValidFailMaxInt -->
      <class name="io.kaitai.struct.spec.TestBitsEnum">
        <test-method signature="testBitsEnum()[pri:0, instance:io.kaitai.struct.spec.TestBitsEnum@740fb309]" started-at="2020-05-22T20:59:24Z" name="testBitsEnum" finished-at="2020-05-22T20:59:24Z" duration-ms="1" status="PASS">
          <reporter-output>
          </reporter-output>
        </test-method> <!-- testBitsEnum -->
      </class> <!-- io.kaitai.struct.spec.TestBitsEnum -->
      <class name="io.kaitai.struct.spec.TestValidFailMinInt">
        <test-method signature="testValidFailMinInt()[pri:0, instance:io.kaitai.struct.spec.TestValidFailMinInt@3cce5371]" started-at="2020-05-22T20:59:24Z" name="testValidFailMinInt" finished-at="2020-05-22T20:59:24Z" duration-ms="1" status="PASS">
          <exception class="io.kaitai.struct.KaitaiStream$ValidationLessThanError">
            <message>
              <![CDATA[/seq/0: at pos 1: validation failed: not in range, min 123, but got 80]]>
            </message>
            <full-stacktrace>
              <![CDATA[io.kaitai.struct.KaitaiStream$ValidationLessThanError: /seq/0: at pos 1: validation failed: not in range, min 123, but got 80
	at io.kaitai.struct.testformats.ValidFailMinInt._read(ValidFailMinInt.java:32)
	at io.kaitai.struct.testformats.ValidFailMinInt.<init>(ValidFailMinInt.java:27)
	at io.kaitai.struct.testformats.ValidFailMinInt.<init>(ValidFailMinInt.java:16)
	at io.kaitai.struct.testformats.ValidFailMinInt.fromFile(ValidFailMinInt.java:12)
	at io.kaitai.struct.spec.TestValidFailMinInt.testValidFailMinInt(TestValidFailMinInt.java:13)
	at java.base/jdk.internal.reflect.NativeMethodAccessorImpl.invoke0(Native Method)
	at java.base/jdk.internal.reflect.NativeMethodAccessorImpl.invoke(NativeMethodAccessorImpl.java:62)
	at java.base/jdk.internal.reflect.DelegatingMethodAccessorImpl.invoke(DelegatingMethodAccessorImpl.java:43)
	at java.base/java.lang.reflect.Method.invoke(Method.java:566)
	at org.testng.internal.MethodInvocationHelper.invokeMethod(MethodInvocationHelper.java:86)
	at org.testng.internal.Invoker.invokeMethod(Invoker.java:643)
	at org.testng.internal.Invoker.invokeTestMethod(Invoker.java:820)
	at org.testng.internal.Invoker.invokeTestMethods(Invoker.java:1128)
	at org.testng.internal.TestMethodWorker.invokeTestMethods(TestMethodWorker.java:129)
	at org.testng.internal.TestMethodWorker.run(TestMethodWorker.java:112)
	at org.testng.TestRunner.privateRun(TestRunner.java:782)
	at org.testng.TestRunner.run(TestRunner.java:632)
	at org.testng.SuiteRunner.runTest(SuiteRunner.java:366)
	at org.testng.SuiteRunner.runSequentially(SuiteRunner.java:361)
	at org.testng.SuiteRunner.privateRun(SuiteRunner.java:319)
	at org.testng.SuiteRunner.run(SuiteRunner.java:268)
	at org.testng.SuiteRunnerWorker.runSuite(SuiteRunnerWorker.java:52)
	at org.testng.SuiteRunnerWorker.run(SuiteRunnerWorker.java:86)
	at org.testng.TestNG.runSuitesSequentially(TestNG.java:1244)
	at org.testng.TestNG.runSuitesLocally(TestNG.java:1169)
	at org.testng.TestNG.run(TestNG.java:1064)
	at org.testng.TestNG.privateMain(TestNG.java:1385)
	at org.testng.TestNG.main(TestNG.java:1354)
]]>
            </full-stacktrace>
          </exception> <!-- io.kaitai.struct.KaitaiStream$ValidationLessThanError -->
          <reporter-output>
          </reporter-output>
        </test-method> <!-- testValidFailMinInt -->
      </class> <!-- io.kaitai.struct.spec.TestValidFailMinInt -->
      <class name="io.kaitai.struct.spec.TestNestedTypeParam">
        <test-method signature="testNestedTypeParam()[pri:0, instance:io.kaitai.struct.spec.TestNestedTypeParam@312aa7c]" started-at="2020-05-22T20:59:24Z" name="testNestedTypeParam" finished-at="2020-05-22T20:59:24Z" duration-ms="0" status="PASS">
          <reporter-output>
          </reporter-output>
        </test-method> <!-- testNestedTypeParam -->
      </class> <!-- io.kaitai.struct.spec.TestNestedTypeParam -->
      <class name="io.kaitai.struct.spec.TestDefaultBigEndian">
        <test-method signature="testDefaultBigEndian()[pri:0, instance:io.kaitai.struct.spec.TestDefaultBigEndian@d737b89]" started-at="2020-05-22T20:59:24Z" name="testDefaultBigEndian" finished-at="2020-05-22T20:59:24Z" duration-ms="2" status="PASS">
          <reporter-output>
          </reporter-output>
        </test-method> <!-- testDefaultBigEndian -->
      </class> <!-- io.kaitai.struct.spec.TestDefaultBigEndian -->
      <class name="io.kaitai.struct.spec.TestExprSizeofValue0">
        <test-method signature="testExprSizeofValue0()[pri:0, instance:io.kaitai.struct.spec.TestExprSizeofValue0@4681c175]" started-at="2020-05-22T20:59:24Z" name="testExprSizeofValue0" finished-at="2020-05-22T20:59:24Z" duration-ms="0" status="PASS">
          <reporter-output>
          </reporter-output>
        </test-method> <!-- testExprSizeofValue0 -->
      </class> <!-- io.kaitai.struct.spec.TestExprSizeofValue0 -->
      <class name="io.kaitai.struct.spec.TestExprStrOps">
        <test-method signature="testExprStrOps()[pri:0, instance:io.kaitai.struct.spec.TestExprStrOps@5890e879]" started-at="2020-05-22T20:59:24Z" name="testExprStrOps" finished-at="2020-05-22T20:59:24Z" duration-ms="1" status="PASS">
          <reporter-output>
          </reporter-output>
        </test-method> <!-- testExprStrOps -->
      </class> <!-- io.kaitai.struct.spec.TestExprStrOps -->
      <class name="io.kaitai.struct.spec.TestExprIoPos">
        <test-method signature="testExprIoPos()[pri:0, instance:io.kaitai.struct.spec.TestExprIoPos@5b218417]" started-at="2020-05-22T20:59:24Z" name="testExprIoPos" finished-at="2020-05-22T20:59:24Z" duration-ms="1" status="PASS">
          <reporter-output>
          </reporter-output>
        </test-method> <!-- testExprIoPos -->
      </class> <!-- io.kaitai.struct.spec.TestExprIoPos -->
      <class name="io.kaitai.struct.spec.TestProcessXorValue">
        <test-method signature="testProcessXorValue()[pri:0, instance:io.kaitai.struct.spec.TestProcessXorValue@4c163e3]" started-at="2020-05-22T20:59:24Z" name="testProcessXorValue" finished-at="2020-05-22T20:59:24Z" duration-ms="0" status="PASS">
          <reporter-output>
          </reporter-output>
        </test-method> <!-- testProcessXorValue -->
      </class> <!-- io.kaitai.struct.spec.TestProcessXorValue -->
      <class name="io.kaitai.struct.spec.TestProcessXor4Value">
        <test-method signature="testProcessXor4Value()[pri:0, instance:io.kaitai.struct.spec.TestProcessXor4Value@59402b8f]" started-at="2020-05-22T20:59:24Z" name="testProcessXor4Value" finished-at="2020-05-22T20:59:24Z" duration-ms="2" status="PASS">
          <reporter-output>
          </reporter-output>
        </test-method> <!-- testProcessXor4Value -->
      </class> <!-- io.kaitai.struct.spec.TestProcessXor4Value -->
      <class name="io.kaitai.struct.spec.TestHelloWorld">
        <test-method signature="testHelloWorld()[pri:0, instance:io.kaitai.struct.spec.TestHelloWorld@5149d738]" started-at="2020-05-22T20:59:24Z" name="testHelloWorld" finished-at="2020-05-22T20:59:24Z" duration-ms="1" status="PASS">
          <reporter-output>
          </reporter-output>
        </test-method> <!-- testHelloWorld -->
      </class> <!-- io.kaitai.struct.spec.TestHelloWorld -->
      <class name="io.kaitai.struct.spec.TestNavParentFalse2">
        <test-method signature="testNavParentFalse2()[pri:0, instance:io.kaitai.struct.spec.TestNavParentFalse2@61c4eee0]" started-at="2020-05-22T20:59:24Z" name="testNavParentFalse2" finished-at="2020-05-22T20:59:24Z" duration-ms="1" status="PASS">
          <reporter-output>
          </reporter-output>
        </test-method> <!-- testNavParentFalse2 -->
      </class> <!-- io.kaitai.struct.spec.TestNavParentFalse2 -->
      <class name="io.kaitai.struct.spec.TestCombineBool">
        <test-method signature="testCombineBool()[pri:0, instance:io.kaitai.struct.spec.TestCombineBool@6f01b95f]" started-at="2020-05-22T20:59:24Z" name="testCombineBool" finished-at="2020-05-22T20:59:24Z" duration-ms="0" status="PASS">
          <reporter-output>
          </reporter-output>
        </test-method> <!-- testCombineBool -->
      </class> <!-- io.kaitai.struct.spec.TestCombineBool -->
      <class name="io.kaitai.struct.spec.TestIntegersMinMax">
        <test-method signature="testIntegersMinMax()[pri:0, instance:io.kaitai.struct.spec.TestIntegersMinMax@7bd7d6d6]" started-at="2020-05-22T20:59:24Z" name="testIntegersMinMax" finished-at="2020-05-22T20:59:24Z" duration-ms="2" status="PASS">
          <reporter-output>
          </reporter-output>
        </test-method> <!-- testIntegersMinMax -->
      </class> <!-- io.kaitai.struct.spec.TestIntegersMinMax -->
      <class name="io.kaitai.struct.spec.TestSwitchManualStrElse">
        <test-method signature="testSwitchManualStrElse()[pri:0, instance:io.kaitai.struct.spec.TestSwitchManualStrElse@3ba987b8]" started-at="2020-05-22T20:59:24Z" name="testSwitchManualStrElse" finished-at="2020-05-22T20:59:24Z" duration-ms="2" status="PASS">
          <reporter-output>
          </reporter-output>
        </test-method> <!-- testSwitchManualStrElse -->
      </class> <!-- io.kaitai.struct.spec.TestSwitchManualStrElse -->
      <class name="io.kaitai.struct.spec.TestSwitchManualEnum">
        <test-method signature="testSwitchManualEnum()[pri:0, instance:io.kaitai.struct.spec.TestSwitchManualEnum@35dab4eb]" started-at="2020-05-22T20:59:24Z" name="testSwitchManualEnum" finished-at="2020-05-22T20:59:24Z" duration-ms="2" status="PASS">
          <reporter-output>
          </reporter-output>
        </test-method> <!-- testSwitchManualEnum -->
      </class> <!-- io.kaitai.struct.spec.TestSwitchManualEnum -->
      <class name="io.kaitai.struct.spec.TestValidLong">
        <test-method signature="testValidLong()[pri:0, instance:io.kaitai.struct.spec.TestValidLong@402c4085]" started-at="2020-05-22T20:59:24Z" name="testValidLong" finished-at="2020-05-22T20:59:24Z" duration-ms="1" status="PASS">
          <reporter-output>
          </reporter-output>
        </test-method> <!-- testValidLong -->
      </class> <!-- io.kaitai.struct.spec.TestValidLong -->
      <class name="io.kaitai.struct.spec.TestRecursiveOne">
        <test-method signature="testRecursiveOne()[pri:0, instance:io.kaitai.struct.spec.TestRecursiveOne@6f10d5b6]" started-at="2020-05-22T20:59:24Z" name="testRecursiveOne" finished-at="2020-05-22T20:59:24Z" duration-ms="1" status="PASS">
          <reporter-output>
          </reporter-output>
        </test-method> <!-- testRecursiveOne -->
      </class> <!-- io.kaitai.struct.spec.TestRecursiveOne -->
      <class name="io.kaitai.struct.spec.TestCombineEnum">
        <test-method signature="testCombineEnum()[pri:0, instance:io.kaitai.struct.spec.TestCombineEnum@4be29ed9]" started-at="2020-05-22T20:59:24Z" name="testCombineEnum" finished-at="2020-05-22T20:59:24Z" duration-ms="2" status="PASS">
          <reporter-output>
          </reporter-output>
        </test-method> <!-- testCombineEnum -->
      </class> <!-- io.kaitai.struct.spec.TestCombineEnum -->
      <class name="io.kaitai.struct.spec.TestNavParentSwitchCast">
        <test-method signature="testNavParentSwitchCast()[pri:0, instance:io.kaitai.struct.spec.TestNavParentSwitchCast@58cbafc2]" started-at="2020-05-22T20:59:24Z" name="testNavParentSwitchCast" finished-at="2020-05-22T20:59:24Z" duration-ms="2" status="PASS">
          <reporter-output>
          </reporter-output>
        </test-method> <!-- testNavParentSwitchCast -->
      </class> <!-- io.kaitai.struct.spec.TestNavParentSwitchCast -->
      <class name="io.kaitai.struct.spec.TestSwitchManualIntSizeEos">
        <test-method signature="testSwitchManualIntSizeEos()[pri:0, instance:io.kaitai.struct.spec.TestSwitchManualIntSizeEos@6f204a1a]" started-at="2020-05-22T20:59:24Z" name="testSwitchManualIntSizeEos" finished-at="2020-05-22T20:59:24Z" duration-ms="1" status="PASS">
          <reporter-output>
          </reporter-output>
        </test-method> <!-- testSwitchManualIntSizeEos -->
      </class> <!-- io.kaitai.struct.spec.TestSwitchManualIntSizeEos -->
      <class name="io.kaitai.struct.spec.TestParamsPassArrayUsertype">
        <test-method signature="testParamsPassArrayUsertype()[pri:0, instance:io.kaitai.struct.spec.TestParamsPassArrayUsertype@4201c465]" started-at="2020-05-22T20:59:24Z" name="testParamsPassArrayUsertype" finished-at="2020-05-22T20:59:24Z" duration-ms="3" status="PASS">
          <reporter-output>
          </reporter-output>
        </test-method> <!-- testParamsPassArrayUsertype -->
      </class> <!-- io.kaitai.struct.spec.TestParamsPassArrayUsertype -->
      <class name="io.kaitai.struct.spec.TestRepeatNStrz">
        <test-method signature="testRepeatNStrz()[pri:0, instance:io.kaitai.struct.spec.TestRepeatNStrz@53045c6c]" started-at="2020-05-22T20:59:24Z" name="testRepeatNStrz" finished-at="2020-05-22T20:59:24Z" duration-ms="1" status="PASS">
          <reporter-output>
          </reporter-output>
        </test-method> <!-- testRepeatNStrz -->
      </class> <!-- io.kaitai.struct.spec.TestRepeatNStrz -->
      <class name="io.kaitai.struct.spec.TestDefaultEndianExprIsBe">
        <test-method signature="testDefaultEndianExprIsBe()[pri:0, instance:io.kaitai.struct.spec.TestDefaultEndianExprIsBe@5a59ca5e]" started-at="2020-05-22T20:59:24Z" name="testDefaultEndianExprIsBe" finished-at="2020-05-22T20:59:24Z" duration-ms="2" status="PASS">
          <reporter-output>
          </reporter-output>
        </test-method> <!-- testDefaultEndianExprIsBe -->
      </class> <!-- io.kaitai.struct.spec.TestDefaultEndianExprIsBe -->
      <class name="io.kaitai.struct.spec.TestPositionAbs">
        <test-method signature="testPositionAbs()[pri:0, instance:io.kaitai.struct.spec.TestPositionAbs@433defed]" started-at="2020-05-22T20:59:24Z" name="testPositionAbs" finished-at="2020-05-22T20:59:24Z" duration-ms="1" status="PASS">
          <reporter-output>
          </reporter-output>
        </test-method> <!-- testPositionAbs -->
      </class> <!-- io.kaitai.struct.spec.TestPositionAbs -->
      <class name="io.kaitai.struct.spec.TestStrLiterals">
        <test-method signature="testStrLiterals()[pri:0, instance:io.kaitai.struct.spec.TestStrLiterals@4c60d6e9]" started-at="2020-05-22T20:59:24Z" name="testStrLiterals" finished-at="2020-05-22T20:59:24Z" duration-ms="1" status="PASS">
          <reporter-output>
          </reporter-output>
        </test-method> <!-- testStrLiterals -->
      </class> <!-- io.kaitai.struct.spec.TestStrLiterals -->
      <class name="io.kaitai.struct.spec.TestExprMod">
        <test-method signature="testExprMod()[pri:0, instance:io.kaitai.struct.spec.TestExprMod@3de8f619]" started-at="2020-05-22T20:59:24Z" name="testExprMod" finished-at="2020-05-22T20:59:24Z" duration-ms="0" status="PASS">
          <reporter-output>
          </reporter-output>
        </test-method> <!-- testExprMod -->
      </class> <!-- io.kaitai.struct.spec.TestExprMod -->
      <class name="io.kaitai.struct.spec.TestValidFailAnyofInt">
        <test-method signature="testValidFailAnyofInt()[pri:0, instance:io.kaitai.struct.spec.TestValidFailAnyofInt@48bb62]" started-at="2020-05-22T20:59:24Z" name="testValidFailAnyofInt" finished-at="2020-05-22T20:59:24Z" duration-ms="1" status="PASS">
          <exception class="io.kaitai.struct.KaitaiStream$ValidationNotAnyOfError">
            <message>
              <![CDATA[/seq/0: at pos 1: validation failed: not any of the list, got 80]]>
            </message>
            <full-stacktrace>
              <![CDATA[io.kaitai.struct.KaitaiStream$ValidationNotAnyOfError: /seq/0: at pos 1: validation failed: not any of the list, got 80
	at io.kaitai.struct.testformats.ValidFailAnyofInt._read(ValidFailAnyofInt.java:32)
	at io.kaitai.struct.testformats.ValidFailAnyofInt.<init>(ValidFailAnyofInt.java:27)
	at io.kaitai.struct.testformats.ValidFailAnyofInt.<init>(ValidFailAnyofInt.java:16)
	at io.kaitai.struct.testformats.ValidFailAnyofInt.fromFile(ValidFailAnyofInt.java:12)
	at io.kaitai.struct.spec.TestValidFailAnyofInt.testValidFailAnyofInt(TestValidFailAnyofInt.java:13)
	at java.base/jdk.internal.reflect.NativeMethodAccessorImpl.invoke0(Native Method)
	at java.base/jdk.internal.reflect.NativeMethodAccessorImpl.invoke(NativeMethodAccessorImpl.java:62)
	at java.base/jdk.internal.reflect.DelegatingMethodAccessorImpl.invoke(DelegatingMethodAccessorImpl.java:43)
	at java.base/java.lang.reflect.Method.invoke(Method.java:566)
	at org.testng.internal.MethodInvocationHelper.invokeMethod(MethodInvocationHelper.java:86)
	at org.testng.internal.Invoker.invokeMethod(Invoker.java:643)
	at org.testng.internal.Invoker.invokeTestMethod(Invoker.java:820)
	at org.testng.internal.Invoker.invokeTestMethods(Invoker.java:1128)
	at org.testng.internal.TestMethodWorker.invokeTestMethods(TestMethodWorker.java:129)
	at org.testng.internal.TestMethodWorker.run(TestMethodWorker.java:112)
	at org.testng.TestRunner.privateRun(TestRunner.java:782)
	at org.testng.TestRunner.run(TestRunner.java:632)
	at org.testng.SuiteRunner.runTest(SuiteRunner.java:366)
	at org.testng.SuiteRunner.runSequentially(SuiteRunner.java:361)
	at org.testng.SuiteRunner.privateRun(SuiteRunner.java:319)
	at org.testng.SuiteRunner.run(SuiteRunner.java:268)
	at org.testng.SuiteRunnerWorker.runSuite(SuiteRunnerWorker.java:52)
	at org.testng.SuiteRunnerWorker.run(SuiteRunnerWorker.java:86)
	at org.testng.TestNG.runSuitesSequentially(TestNG.java:1244)
	at org.testng.TestNG.runSuitesLocally(TestNG.java:1169)
	at org.testng.TestNG.run(TestNG.java:1064)
	at org.testng.TestNG.privateMain(TestNG.java:1385)
	at org.testng.TestNG.main(TestNG.java:1354)
]]>
            </full-stacktrace>
          </exception> <!-- io.kaitai.struct.KaitaiStream$ValidationNotAnyOfError -->
          <reporter-output>
          </reporter-output>
        </test-method> <!-- testValidFailAnyofInt -->
      </class> <!-- io.kaitai.struct.spec.TestValidFailAnyofInt -->
      <class name="io.kaitai.struct.spec.TestSwitchManualEnumInvalidElse">
        <test-method signature="testSwitchManualEnumInvalidElse()[pri:0, instance:io.kaitai.struct.spec.TestSwitchManualEnumInvalidElse@196a42c3]" started-at="2020-05-22T20:59:24Z" name="testSwitchManualEnumInvalidElse" finished-at="2020-05-22T20:59:24Z" duration-ms="2" status="PASS">
          <reporter-output>
          </reporter-output>
        </test-method> <!-- testSwitchManualEnumInvalidElse -->
      </class> <!-- io.kaitai.struct.spec.TestSwitchManualEnumInvalidElse -->
      <class name="io.kaitai.struct.spec.TestOptionalId">
        <test-method signature="testOptionalId()[pri:0, instance:io.kaitai.struct.spec.TestOptionalId@c430e6c]" started-at="2020-05-22T20:59:24Z" name="testOptionalId" finished-at="2020-05-22T20:59:24Z" duration-ms="1" status="PASS">
          <reporter-output>
          </reporter-output>
        </test-method> <!-- testOptionalId -->
      </class> <!-- io.kaitai.struct.spec.TestOptionalId -->
      <class name="io.kaitai.struct.spec.TestIfStruct">
        <test-method signature="testIfStruct()[pri:0, instance:io.kaitai.struct.spec.TestIfStruct@3b0fe47a]" started-at="2020-05-22T20:59:24Z" name="testIfStruct" finished-at="2020-05-22T20:59:24Z" duration-ms="3" status="PASS">
          <reporter-output>
          </reporter-output>
        </test-method> <!-- testIfStruct -->
      </class> <!-- io.kaitai.struct.spec.TestIfStruct -->
      <class name="io.kaitai.struct.spec.TestRepeatUntilSized">
        <test-method signature="testRepeatUntilSized()[pri:0, instance:io.kaitai.struct.spec.TestRepeatUntilSized@cb0755b]" started-at="2020-05-22T20:59:24Z" name="testRepeatUntilSized" finished-at="2020-05-22T20:59:24Z" duration-ms="2" status="PASS">
          <reporter-output>
          </reporter-output>
        </test-method> <!-- testRepeatUntilSized -->
      </class> <!-- io.kaitai.struct.spec.TestRepeatUntilSized -->
      <class name="io.kaitai.struct.spec.TestStrPadTerm">
        <test-method signature="testStrPadTerm()[pri:0, instance:io.kaitai.struct.spec.TestStrPadTerm@247310d0]" started-at="2020-05-22T20:59:24Z" name="testStrPadTerm" finished-at="2020-05-22T20:59:24Z" duration-ms="1" status="PASS">
          <reporter-output>
          </reporter-output>
        </test-method> <!-- testStrPadTerm -->
      </class> <!-- io.kaitai.struct.spec.TestStrPadTerm -->
      <class name="io.kaitai.struct.spec.TestDocstringsDocref">
        <test-method signature="testDocstringsDocref()[pri:0, instance:io.kaitai.struct.spec.TestDocstringsDocref@305ffe9e]" started-at="2020-05-22T20:59:24Z" name="testDocstringsDocref" finished-at="2020-05-22T20:59:24Z" duration-ms="2" status="PASS">
          <reporter-output>
          </reporter-output>
        </test-method> <!-- testDocstringsDocref -->
      </class> <!-- io.kaitai.struct.spec.TestDocstringsDocref -->
      <class name="io.kaitai.struct.spec.TestExpr3">
        <test-method signature="testExpr3()[pri:0, instance:io.kaitai.struct.spec.TestExpr3@7d900ecf]" started-at="2020-05-22T20:59:24Z" name="testExpr3" finished-at="2020-05-22T20:59:24Z" duration-ms="12" status="PASS">
          <reporter-output>
          </reporter-output>
        </test-method> <!-- testExpr3 -->
      </class> <!-- io.kaitai.struct.spec.TestExpr3 -->
      <class name="io.kaitai.struct.spec.TestOpaqueWithParam">
        <test-method signature="testOpaqueWithParam()[pri:0, instance:io.kaitai.struct.spec.TestOpaqueWithParam@16eb3ea3]" started-at="2020-05-22T20:59:24Z" name="testOpaqueWithParam" finished-at="2020-05-22T20:59:24Z" duration-ms="1" status="PASS">
          <reporter-output>
          </reporter-output>
        </test-method> <!-- testOpaqueWithParam -->
      </class> <!-- io.kaitai.struct.spec.TestOpaqueWithParam -->
      <class name="io.kaitai.struct.spec.TestExpr2">
        <test-method signature="testExpr2()[pri:0, instance:io.kaitai.struct.spec.TestExpr2@3ad83a66]" started-at="2020-05-22T20:59:24Z" name="testExpr2" finished-at="2020-05-22T20:59:24Z" duration-ms="3" status="PASS">
          <reporter-output>
          </reporter-output>
        </test-method> <!-- testExpr2 -->
      </class> <!-- io.kaitai.struct.spec.TestExpr2 -->
      <class name="io.kaitai.struct.spec.TestSwitchBytearray">
        <test-method signature="testSwitchBytearray()[pri:0, instance:io.kaitai.struct.spec.TestSwitchBytearray@7a35b0f5]" started-at="2020-05-22T20:59:24Z" name="testSwitchBytearray" finished-at="2020-05-22T20:59:24Z" duration-ms="5" status="PASS">
          <reporter-output>
          </reporter-output>
        </test-method> <!-- testSwitchBytearray -->
      </class> <!-- io.kaitai.struct.spec.TestSwitchBytearray -->
      <class name="io.kaitai.struct.spec.TestNestedTypes3">
        <test-method signature="testNestedTypes3()[pri:0, instance:io.kaitai.struct.spec.TestNestedTypes3@413d1baf]" started-at="2020-05-22T20:59:24Z" name="testNestedTypes3" finished-at="2020-05-22T20:59:24Z" duration-ms="3" status="PASS">
          <reporter-output>
          </reporter-output>
        </test-method> <!-- testNestedTypes3 -->
      </class> <!-- io.kaitai.struct.spec.TestNestedTypes3 -->
      <class name="io.kaitai.struct.spec.TestExpr1">
        <test-method signature="testExpr1()[pri:0, instance:io.kaitai.struct.spec.TestExpr1@5b38c1ec]" started-at="2020-05-22T20:59:24Z" name="testExpr1" finished-at="2020-05-22T20:59:24Z" duration-ms="0" status="PASS">
          <reporter-output>
          </reporter-output>
        </test-method> <!-- testExpr1 -->
      </class> <!-- io.kaitai.struct.spec.TestExpr1 -->
      <class name="io.kaitai.struct.spec.TestTermBytes">
        <test-method signature="testTermBytes()[pri:0, instance:io.kaitai.struct.spec.TestTermBytes@5965d37]" started-at="2020-05-22T20:59:24Z" name="testTermBytes" finished-at="2020-05-22T20:59:24Z" duration-ms="0" status="PASS">
          <reporter-output>
          </reporter-output>
        </test-method> <!-- testTermBytes -->
      </class> <!-- io.kaitai.struct.spec.TestTermBytes -->
      <class name="io.kaitai.struct.spec.TestExpr0">
        <test-method signature="testExpr0()[pri:0, instance:io.kaitai.struct.spec.TestExpr0@5032714f]" started-at="2020-05-22T20:59:24Z" name="testExpr0" finished-at="2020-05-22T20:59:24Z" duration-ms="1" status="PASS">
          <reporter-output>
          </reporter-output>
        </test-method> <!-- testExpr0 -->
      </class> <!-- io.kaitai.struct.spec.TestExpr0 -->
      <class name="io.kaitai.struct.spec.TestOpaqueExternalType">
        <test-method signature="testOpaqueExternalType()[pri:0, instance:io.kaitai.struct.spec.TestOpaqueExternalType@43df23d3]" started-at="2020-05-22T20:59:24Z" name="testOpaqueExternalType" finished-at="2020-05-22T20:59:24Z" duration-ms="1" status="PASS">
          <reporter-output>
          </reporter-output>
        </test-method> <!-- testOpaqueExternalType -->
      </class> <!-- io.kaitai.struct.spec.TestOpaqueExternalType -->
      <class name="io.kaitai.struct.spec.TestNestedTypes2">
        <test-method signature="testNestedTypes2()[pri:0, instance:io.kaitai.struct.spec.TestNestedTypes2@7ce69770]" started-at="2020-05-22T20:59:24Z" name="testNestedTypes2" finished-at="2020-05-22T20:59:24Z" duration-ms="4" status="PASS">
          <reporter-output>
          </reporter-output>
        </test-method> <!-- testNestedTypes2 -->
      </class> <!-- io.kaitai.struct.spec.TestNestedTypes2 -->
      <class name="io.kaitai.struct.spec.TestMetaTags">
        <test-method signature="testMetaTags()[pri:0, instance:io.kaitai.struct.spec.TestMetaTags@6d60fe40]" started-at="2020-05-22T20:59:24Z" name="testMetaTags" finished-at="2020-05-22T20:59:24Z" duration-ms="1" status="PASS">
          <reporter-output>
          </reporter-output>
        </test-method> <!-- testMetaTags -->
      </class> <!-- io.kaitai.struct.spec.TestMetaTags -->
      <class name="io.kaitai.struct.spec.TestStrLiterals2">
        <test-method signature="testStrLiterals2()[pri:0, instance:io.kaitai.struct.spec.TestStrLiterals2@7d9d0818]" started-at="2020-05-22T20:59:24Z" name="testStrLiterals2" finished-at="2020-05-22T20:59:24Z" duration-ms="1" status="PASS">
          <reporter-output>
          </reporter-output>
        </test-method> <!-- testStrLiterals2 -->
      </class> <!-- io.kaitai.struct.spec.TestStrLiterals2 -->
      <class name="io.kaitai.struct.spec.TestParamsCallExtraParens">
        <test-method signature="testParamsCallExtraParens()[pri:0, instance:io.kaitai.struct.spec.TestParamsCallExtraParens@17fc391b]" started-at="2020-05-22T20:59:24Z" name="testParamsCallExtraParens" finished-at="2020-05-22T20:59:24Z" duration-ms="2" status="PASS">
          <reporter-output>
          </reporter-output>
        </test-method> <!-- testParamsCallExtraParens -->
      </class> <!-- io.kaitai.struct.spec.TestParamsCallExtraParens -->
      <class name="io.kaitai.struct.spec.TestParamsPassStruct">
        <test-method signature="testParamsPassStruct()[pri:0, instance:io.kaitai.struct.spec.TestParamsPassStruct@5745ca0e]" started-at="2020-05-22T20:59:24Z" name="testParamsPassStruct" finished-at="2020-05-22T20:59:24Z" duration-ms="1" status="PASS">
          <reporter-output>
          </reporter-output>
        </test-method> <!-- testParamsPassStruct -->
      </class> <!-- io.kaitai.struct.spec.TestParamsPassStruct -->
      <class name="io.kaitai.struct.spec.TestEnumIntRangeU">
        <test-method signature="testEnumIntRangeU()[pri:0, instance:io.kaitai.struct.spec.TestEnumIntRangeU@7bba5817]" started-at="2020-05-22T20:59:24Z" name="testEnumIntRangeU" finished-at="2020-05-22T20:59:24Z" duration-ms="1" status="PASS">
          <reporter-output>
          </reporter-output>
        </test-method> <!-- testEnumIntRangeU -->
      </class> <!-- io.kaitai.struct.spec.TestEnumIntRangeU -->
      <class name="io.kaitai.struct.spec.TestFixedContents">
        <test-method signature="testFixedContents()[pri:0, instance:io.kaitai.struct.spec.TestFixedContents@66982506]" started-at="2020-05-22T20:59:24Z" name="testFixedContents" finished-at="2020-05-22T20:59:24Z" duration-ms="1" status="PASS">
          <reporter-output>
          </reporter-output>
        </test-method> <!-- testFixedContents -->
      </class> <!-- io.kaitai.struct.spec.TestFixedContents -->
      <class name="io.kaitai.struct.spec.TestEnumIntRangeS">
        <test-method signature="testEnumIntRangeS()[pri:0, instance:io.kaitai.struct.spec.TestEnumIntRangeS@606e4010]" started-at="2020-05-22T20:59:24Z" name="testEnumIntRangeS" finished-at="2020-05-22T20:59:24Z" duration-ms="2" status="PASS">
          <reporter-output>
          </reporter-output>
        </test-method> <!-- testEnumIntRangeS -->
      </class> <!-- io.kaitai.struct.spec.TestEnumIntRangeS -->
      <class name="io.kaitai.struct.spec.TestIndexSizes">
        <test-method signature="testIndexSizes()[pri:0, instance:io.kaitai.struct.spec.TestIndexSizes@68c9133c]" started-at="2020-05-22T20:59:24Z" name="testIndexSizes" finished-at="2020-05-22T20:59:24Z" duration-ms="1" status="PASS">
          <reporter-output>
          </reporter-output>
        </test-method> <!-- testIndexSizes -->
      </class> <!-- io.kaitai.struct.spec.TestIndexSizes -->
      <class name="io.kaitai.struct.spec.TestTypeTernary">
        <test-method signature="testTypeTernary()[pri:0, instance:io.kaitai.struct.spec.TestTypeTernary@cc43f62]" started-at="2020-05-22T20:59:24Z" name="testTypeTernary" finished-at="2020-05-22T20:59:24Z" duration-ms="4" status="PASS">
          <reporter-output>
          </reporter-output>
        </test-method> <!-- testTypeTernary -->
      </class> <!-- io.kaitai.struct.spec.TestTypeTernary -->
      <class name="io.kaitai.struct.spec.TestInstanceStdArray">
        <test-method signature="testInstanceStdArray()[pri:0, instance:io.kaitai.struct.spec.TestInstanceStdArray@5386659f]" started-at="2020-05-22T20:59:24Z" name="testInstanceStdArray" finished-at="2020-05-22T20:59:24Z" duration-ms="1" status="PASS">
          <reporter-output>
          </reporter-output>
        </test-method> <!-- testInstanceStdArray -->
      </class> <!-- io.kaitai.struct.spec.TestInstanceStdArray -->
      <class name="io.kaitai.struct.spec.TestNavParent2">
        <test-method signature="testNavParent2()[pri:0, instance:io.kaitai.struct.spec.TestNavParent2@4a8355dd]" started-at="2020-05-22T20:59:24Z" name="testNavParent2" finished-at="2020-05-22T20:59:24Z" duration-ms="2" status="PASS">
          <reporter-output>
          </reporter-output>
        </test-method> <!-- testNavParent2 -->
      </class> <!-- io.kaitai.struct.spec.TestNavParent2 -->
      <class name="io.kaitai.struct.spec.TestNavParent3">
        <test-method signature="testNavParent3()[pri:0, instance:io.kaitai.struct.spec.TestNavParent3@710c2b53]" started-at="2020-05-22T20:59:24Z" name="testNavParent3" finished-at="2020-05-22T20:59:24Z" duration-ms="1" status="PASS">
          <reporter-output>
          </reporter-output>
        </test-method> <!-- testNavParent3 -->
      </class> <!-- io.kaitai.struct.spec.TestNavParent3 -->
      <class name="io.kaitai.struct.spec.TestExprSizeofType0">
        <test-method signature="testExprSizeofType0()[pri:0, instance:io.kaitai.struct.spec.TestExprSizeofType0@1caa0244]" started-at="2020-05-22T20:59:24Z" name="testExprSizeofType0" finished-at="2020-05-22T20:59:24Z" duration-ms="1" status="PASS">
          <reporter-output>
          </reporter-output>
        </test-method> <!-- testExprSizeofType0 -->
      </class> <!-- io.kaitai.struct.spec.TestExprSizeofType0 -->
      <class name="io.kaitai.struct.spec.TestCastToTop">
        <test-method signature="testCastToTop()[pri:0, instance:io.kaitai.struct.spec.TestCastToTop@70cf32e3]" started-at="2020-05-22T20:59:24Z" name="testCastToTop" finished-at="2020-05-22T20:59:24Z" duration-ms="2" status="PASS">
          <reporter-output>
          </reporter-output>
        </test-method> <!-- testCastToTop -->
      </class> <!-- io.kaitai.struct.spec.TestCastToTop -->
      <class name="io.kaitai.struct.spec.TestExprSizeofType1">
        <test-method signature="testExprSizeofType1()[pri:0, instance:io.kaitai.struct.spec.TestExprSizeofType1@4d0d9fe7]" started-at="2020-05-22T20:59:24Z" name="testExprSizeofType1" finished-at="2020-05-22T20:59:24Z" duration-ms="1" status="PASS">
          <reporter-output>
          </reporter-output>
        </test-method> <!-- testExprSizeofType1 -->
      </class> <!-- io.kaitai.struct.spec.TestExprSizeofType1 -->
      <class name="io.kaitai.struct.spec.TestSwitchManualIntSize">
        <test-method signature="testSwitchManualIntSize()[pri:0, instance:io.kaitai.struct.spec.TestSwitchManualIntSize@6b695b06]" started-at="2020-05-22T20:59:24Z" name="testSwitchManualIntSize" finished-at="2020-05-22T20:59:24Z" duration-ms="1" status="PASS">
          <reporter-output>
          </reporter-output>
        </test-method> <!-- testSwitchManualIntSize -->
      </class> <!-- io.kaitai.struct.spec.TestSwitchManualIntSize -->
      <class name="io.kaitai.struct.spec.TestEosExceptionBytes">
        <test-method signature="testEosExceptionBytes()[pri:0, instance:io.kaitai.struct.spec.TestEosExceptionBytes@548d708a]" started-at="2020-05-22T20:59:24Z" name="testEosExceptionBytes" finished-at="2020-05-22T20:59:24Z" duration-ms="2" status="PASS">
          <exception class="java.nio.BufferUnderflowException">
            <full-stacktrace>
              <![CDATA[java.nio.BufferUnderflowException
	at java.base/java.nio.HeapByteBuffer.get(HeapByteBuffer.java:178)
	at java.base/java.nio.ByteBuffer.get(ByteBuffer.java:762)
	at io.kaitai.struct.ByteBufferKaitaiStream.readBytes(ByteBufferKaitaiStream.java:324)
	at io.kaitai.struct.testformats.EosExceptionBytes$Data._read(EosExceptionBytes.java:54)
	at io.kaitai.struct.testformats.EosExceptionBytes$Data.<init>(EosExceptionBytes.java:51)
	at io.kaitai.struct.testformats.EosExceptionBytes._read(EosExceptionBytes.java:32)
	at io.kaitai.struct.testformats.EosExceptionBytes.<init>(EosExceptionBytes.java:27)
	at io.kaitai.struct.testformats.EosExceptionBytes.<init>(EosExceptionBytes.java:16)
	at io.kaitai.struct.testformats.EosExceptionBytes.fromFile(EosExceptionBytes.java:12)
	at io.kaitai.struct.spec.TestEosExceptionBytes.testEosExceptionBytes(TestEosExceptionBytes.java:13)
	at java.base/jdk.internal.reflect.NativeMethodAccessorImpl.invoke0(Native Method)
	at java.base/jdk.internal.reflect.NativeMethodAccessorImpl.invoke(NativeMethodAccessorImpl.java:62)
	at java.base/jdk.internal.reflect.DelegatingMethodAccessorImpl.invoke(DelegatingMethodAccessorImpl.java:43)
	at java.base/java.lang.reflect.Method.invoke(Method.java:566)
	at org.testng.internal.MethodInvocationHelper.invokeMethod(MethodInvocationHelper.java:86)
	at org.testng.internal.Invoker.invokeMethod(Invoker.java:643)
	at org.testng.internal.Invoker.invokeTestMethod(Invoker.java:820)
	at org.testng.internal.Invoker.invokeTestMethods(Invoker.java:1128)
	at org.testng.internal.TestMethodWorker.invokeTestMethods(TestMethodWorker.java:129)
	at org.testng.internal.TestMethodWorker.run(TestMethodWorker.java:112)
	at org.testng.TestRunner.privateRun(TestRunner.java:782)
	at org.testng.TestRunner.run(TestRunner.java:632)
	at org.testng.SuiteRunner.runTest(SuiteRunner.java:366)
	at org.testng.SuiteRunner.runSequentially(SuiteRunner.java:361)
	at org.testng.SuiteRunner.privateRun(SuiteRunner.java:319)
	at org.testng.SuiteRunner.run(SuiteRunner.java:268)
	at org.testng.SuiteRunnerWorker.runSuite(SuiteRunnerWorker.java:52)
	at org.testng.SuiteRunnerWorker.run(SuiteRunnerWorker.java:86)
	at org.testng.TestNG.runSuitesSequentially(TestNG.java:1244)
	at org.testng.TestNG.runSuitesLocally(TestNG.java:1169)
	at org.testng.TestNG.run(TestNG.java:1064)
	at org.testng.TestNG.privateMain(TestNG.java:1385)
	at org.testng.TestNG.main(TestNG.java:1354)
]]>
            </full-stacktrace>
          </exception> <!-- java.nio.BufferUnderflowException -->
          <reporter-output>
          </reporter-output>
        </test-method> <!-- testEosExceptionBytes -->
      </class> <!-- io.kaitai.struct.spec.TestEosExceptionBytes -->
      <class name="io.kaitai.struct.spec.TestImports0">
        <test-method signature="testImports0()[pri:0, instance:io.kaitai.struct.spec.TestImports0@23e84203]" started-at="2020-05-22T20:59:24Z" name="testImports0" finished-at="2020-05-22T20:59:24Z" duration-ms="4" status="PASS">
          <reporter-output>
          </reporter-output>
        </test-method> <!-- testImports0 -->
      </class> <!-- io.kaitai.struct.spec.TestImports0 -->
      <class name="io.kaitai.struct.spec.TestNestedSameName">
        <test-method signature="testNestedSameName()[pri:0, instance:io.kaitai.struct.spec.TestNestedSameName@7fd50002]" started-at="2020-05-22T20:59:24Z" name="testNestedSameName" finished-at="2020-05-22T20:59:24Z" duration-ms="3" status="PASS">
          <reporter-output>
          </reporter-output>
        </test-method> <!-- testNestedSameName -->
      </class> <!-- io.kaitai.struct.spec.TestNestedSameName -->
      <class name="io.kaitai.struct.spec.TestPositionToEnd">
        <test-method signature="testPositionToEnd()[pri:0, instance:io.kaitai.struct.spec.TestPositionToEnd@5b799640]" started-at="2020-05-22T20:59:24Z" name="testPositionToEnd" finished-at="2020-05-22T20:59:24Z" duration-ms="1" status="PASS">
          <reporter-output>
          </reporter-output>
        </test-method> <!-- testPositionToEnd -->
      </class> <!-- io.kaitai.struct.spec.TestPositionToEnd -->
      <class name="io.kaitai.struct.spec.TestImportsAbs">
        <test-method signature="testImportsAbs()[pri:0, instance:io.kaitai.struct.spec.TestImportsAbs@239a307b]" started-at="2020-05-22T20:59:24Z" name="testImportsAbs" finished-at="2020-05-22T20:59:24Z" duration-ms="2" status="PASS">
          <reporter-output>
          </reporter-output>
        </test-method> <!-- testImportsAbs -->
      </class> <!-- io.kaitai.struct.spec.TestImportsAbs -->
      <class name="io.kaitai.struct.spec.TestSwitchRepeatExpr">
        <test-method signature="testSwitchRepeatExpr()[pri:0, instance:io.kaitai.struct.spec.TestSwitchRepeatExpr@5afa3c9]" started-at="2020-05-22T20:59:24Z" name="testSwitchRepeatExpr" finished-at="2020-05-22T20:59:24Z" duration-ms="3" status="PASS">
          <reporter-output>
          </reporter-output>
        </test-method> <!-- testSwitchRepeatExpr -->
      </class> <!-- io.kaitai.struct.spec.TestSwitchRepeatExpr -->
      <class name="io.kaitai.struct.spec.TestTypeIntUnaryOp">
        <test-method signature="testTypeIntUnaryOp()[pri:0, instance:io.kaitai.struct.spec.TestTypeIntUnaryOp@1033576a]" started-at="2020-05-22T20:59:24Z" name="testTypeIntUnaryOp" finished-at="2020-05-22T20:59:24Z" duration-ms="1" status="PASS">
          <reporter-output>
          </reporter-output>
        </test-method> <!-- testTypeIntUnaryOp -->
      </class> <!-- io.kaitai.struct.spec.TestTypeIntUnaryOp -->
      <class name="io.kaitai.struct.spec.TestFloatToI">
        <test-method signature="testFloatToI()[pri:0, instance:io.kaitai.struct.spec.TestFloatToI@65987993]" started-at="2020-05-22T20:59:24Z" name="testFloatToI" finished-at="2020-05-22T20:59:24Z" duration-ms="1" status="PASS">
          <reporter-output>
          </reporter-output>
        </test-method> <!-- testFloatToI -->
      </class> <!-- io.kaitai.struct.spec.TestFloatToI -->
      <class name="io.kaitai.struct.spec.TestMultipleUse">
        <test-method signature="testMultipleUse()[pri:0, instance:io.kaitai.struct.spec.TestMultipleUse@7ce026d3]" started-at="2020-05-22T20:59:24Z" name="testMultipleUse" finished-at="2020-05-22T20:59:24Z" duration-ms="1" status="PASS">
          <reporter-output>
          </reporter-output>
        </test-method> <!-- testMultipleUse -->
      </class> <!-- io.kaitai.struct.spec.TestMultipleUse -->
      <class name="io.kaitai.struct.spec.TestSwitchElseOnly">
        <test-method signature="testSwitchElseOnly()[pri:0, instance:io.kaitai.struct.spec.TestSwitchElseOnly@4a83a74a]" started-at="2020-05-22T20:59:24Z" name="testSwitchElseOnly" finished-at="2020-05-22T20:59:24Z" duration-ms="2" status="PASS">
          <reporter-output>
          </reporter-output>
        </test-method> <!-- testSwitchElseOnly -->
      </class> <!-- io.kaitai.struct.spec.TestSwitchElseOnly -->
      <class name="io.kaitai.struct.spec.TestSwitchManualEnumInvalid">
        <test-method signature="testSwitchManualEnumInvalid()[pri:0, instance:io.kaitai.struct.spec.TestSwitchManualEnumInvalid@45d84a20]" started-at="2020-05-22T20:59:24Z" name="testSwitchManualEnumInvalid" finished-at="2020-05-22T20:59:24Z" duration-ms="2" status="PASS">
          <reporter-output>
          </reporter-output>
        </test-method> <!-- testSwitchManualEnumInvalid -->
      </class> <!-- io.kaitai.struct.spec.TestSwitchManualEnumInvalid -->
      <class name="io.kaitai.struct.spec.TestCombineStr">
        <test-method signature="testCombineStr()[pri:0, instance:io.kaitai.struct.spec.TestCombineStr@6e535154]" started-at="2020-05-22T20:59:24Z" name="testCombineStr" finished-at="2020-05-22T20:59:24Z" duration-ms="1" status="PASS">
          <reporter-output>
          </reporter-output>
        </test-method> <!-- testCombineStr -->
      </class> <!-- io.kaitai.struct.spec.TestCombineStr -->
      <class name="io.kaitai.struct.spec.TestProcessRotate">
        <test-method signature="testProcessRotate()[pri:0, instance:io.kaitai.struct.spec.TestProcessRotate@303cf2ba]" started-at="2020-05-22T20:59:24Z" name="testProcessRotate" finished-at="2020-05-22T20:59:24Z" duration-ms="1" status="PASS">
          <reporter-output>
          </reporter-output>
        </test-method> <!-- testProcessRotate -->
      </class> <!-- io.kaitai.struct.spec.TestProcessRotate -->
      <class name="io.kaitai.struct.spec.TestJsSignedRightShift">
        <test-method signature="testJsSignedRightShift()[pri:0, instance:io.kaitai.struct.spec.TestJsSignedRightShift@2a693f59]" started-at="2020-05-22T20:59:24Z" name="testJsSignedRightShift" finished-at="2020-05-22T20:59:24Z" duration-ms="1" status="PASS">
          <reporter-output>
          </reporter-output>
        </test-method> <!-- testJsSignedRightShift -->
      </class> <!-- io.kaitai.struct.spec.TestJsSignedRightShift -->
      <class name="io.kaitai.struct.spec.TestEnumImport">
        <test-method signature="testEnumImport()[pri:0, instance:io.kaitai.struct.spec.TestEnumImport@742ff096]" started-at="2020-05-22T20:59:24Z" name="testEnumImport" finished-at="2020-05-22T20:59:24Z" duration-ms="2" status="PASS">
          <reporter-output>
          </reporter-output>
        </test-method> <!-- testEnumImport -->
      </class> <!-- io.kaitai.struct.spec.TestEnumImport -->
      <class name="io.kaitai.struct.spec.TestProcessCustomNoArgs">
        <test-method signature="testProcessCustomNoArgs()[pri:0, instance:io.kaitai.struct.spec.TestProcessCustomNoArgs@3e27ba32]" started-at="2020-05-22T20:59:24Z" name="testProcessCustomNoArgs" finished-at="2020-05-22T20:59:24Z" duration-ms="1" status="PASS">
          <reporter-output>
          </reporter-output>
        </test-method> <!-- testProcessCustomNoArgs -->
      </class> <!-- io.kaitai.struct.spec.TestProcessCustomNoArgs -->
      <class name="io.kaitai.struct.spec.TestDefaultBitEndianMod">
        <test-method signature="testDefaultBitEndianMod()[pri:0, instance:io.kaitai.struct.spec.TestDefaultBitEndianMod@4d1bf319]" started-at="2020-05-22T20:59:24Z" name="testDefaultBitEndianMod" finished-at="2020-05-22T20:59:24Z" duration-ms="1" status="PASS">
          <reporter-output>
          </reporter-output>
        </test-method> <!-- testDefaultBitEndianMod -->
      </class> <!-- io.kaitai.struct.spec.TestDefaultBitEndianMod -->
      <class name="io.kaitai.struct.spec.TestNavParentOverride">
        <test-method signature="testNavParentOverride()[pri:0, instance:io.kaitai.struct.spec.TestNavParentOverride@548a24a]" started-at="2020-05-22T20:59:24Z" name="testNavParentOverride" finished-at="2020-05-22T20:59:24Z" duration-ms="16" status="PASS">
          <reporter-output>
          </reporter-output>
        </test-method> <!-- testNavParentOverride -->
      </class> <!-- io.kaitai.struct.spec.TestNavParentOverride -->
      <class name="io.kaitai.struct.spec.TestStrEos">
        <test-method signature="testStrEos()[pri:0, instance:io.kaitai.struct.spec.TestStrEos@4b29d1d2]" started-at="2020-05-22T20:59:24Z" name="testStrEos" finished-at="2020-05-22T20:59:24Z" duration-ms="1" status="PASS">
          <reporter-output>
          </reporter-output>
        </test-method> <!-- testStrEos -->
      </class> <!-- io.kaitai.struct.spec.TestStrEos -->
      <class name="io.kaitai.struct.spec.TestBcdUserTypeLe">
        <test-method signature="testBcdUserTypeLe()[pri:0, instance:io.kaitai.struct.spec.TestBcdUserTypeLe@79e4c792]" started-at="2020-05-22T20:59:24Z" name="testBcdUserTypeLe" finished-at="2020-05-22T20:59:24Z" duration-ms="62" status="PASS">
          <reporter-output>
          </reporter-output>
        </test-method> <!-- testBcdUserTypeLe -->
      </class> <!-- io.kaitai.struct.spec.TestBcdUserTypeLe -->
      <class name="io.kaitai.struct.spec.TestNestedSameName2">
        <test-method signature="testNestedSameName2()[pri:0, instance:io.kaitai.struct.spec.TestNestedSameName2@8519cb4]" started-at="2020-05-22T20:59:24Z" name="testNestedSameName2" finished-at="2020-05-22T20:59:24Z" duration-ms="2" status="PASS">
          <reporter-output>
          </reporter-output>
        </test-method> <!-- testNestedSameName2 -->
      </class> <!-- io.kaitai.struct.spec.TestNestedSameName2 -->
      <class name="io.kaitai.struct.spec.TestDefaultEndianExprIsLe">
        <test-method signature="testDefaultEndianExprIsLe()[pri:0, instance:io.kaitai.struct.spec.TestDefaultEndianExprIsLe@338fc1d8]" started-at="2020-05-22T20:59:24Z" name="testDefaultEndianExprIsLe" finished-at="2020-05-22T20:59:24Z" duration-ms="2" status="PASS">
          <reporter-output>
          </reporter-output>
        </test-method> <!-- testDefaultEndianExprIsLe -->
      </class> <!-- io.kaitai.struct.spec.TestDefaultEndianExprIsLe -->
      <class name="io.kaitai.struct.spec.TestProcessRepeatBytes">
        <test-method signature="testProcessRepeatBytes()[pri:0, instance:io.kaitai.struct.spec.TestProcessRepeatBytes@359df09a]" started-at="2020-05-22T20:59:24Z" name="testProcessRepeatBytes" finished-at="2020-05-22T20:59:24Z" duration-ms="1" status="PASS">
          <reporter-output>
          </reporter-output>
        </test-method> <!-- testProcessRepeatBytes -->
      </class> <!-- io.kaitai.struct.spec.TestProcessRepeatBytes -->
      <class name="io.kaitai.struct.spec.TestExprCalcArrayOps">
        <test-method signature="testExprCalcArrayOps()[pri:0, instance:io.kaitai.struct.spec.TestExprCalcArrayOps@673fdbce]" started-at="2020-05-22T20:59:24Z" name="testExprCalcArrayOps" finished-at="2020-05-22T20:59:24Z" duration-ms="0" status="PASS">
          <reporter-output>
          </reporter-output>
        </test-method> <!-- testExprCalcArrayOps -->
      </class> <!-- io.kaitai.struct.spec.TestExprCalcArrayOps -->
      <class name="io.kaitai.struct.spec.TestRepeatUntilCalcArrayType">
        <test-method signature="testRepeatUntilCalcArrayType()[pri:0, instance:io.kaitai.struct.spec.TestRepeatUntilCalcArrayType@33bc72d1]" started-at="2020-05-22T20:59:24Z" name="testRepeatUntilCalcArrayType" finished-at="2020-05-22T20:59:24Z" duration-ms="2" status="PASS">
          <reporter-output>
          </reporter-output>
        </test-method> <!-- testRepeatUntilCalcArrayType -->
      </class> <!-- io.kaitai.struct.spec.TestRepeatUntilCalcArrayType -->
      <class name="io.kaitai.struct.spec.TestImportsAbsAbs">
        <test-method signature="testImportsAbsAbs()[pri:0, instance:io.kaitai.struct.spec.TestImportsAbsAbs@2a8448fa]" started-at="2020-05-22T20:59:24Z" name="testImportsAbsAbs" finished-at="2020-05-22T20:59:24Z" duration-ms="2" status="PASS">
          <reporter-output>
          </reporter-output>
        </test-method> <!-- testImportsAbsAbs -->
      </class> <!-- io.kaitai.struct.spec.TestImportsAbsAbs -->
      <class name="io.kaitai.struct.spec.TestEnumNegative">
        <test-method signature="testEnumNegative()[pri:0, instance:io.kaitai.struct.spec.TestEnumNegative@52f27fbd]" started-at="2020-05-22T20:59:24Z" name="testEnumNegative" finished-at="2020-05-22T20:59:24Z" duration-ms="1" status="PASS">
          <reporter-output>
          </reporter-output>
        </test-method> <!-- testEnumNegative -->
      </class> <!-- io.kaitai.struct.spec.TestEnumNegative -->
      <class name="io.kaitai.struct.spec.TestProcessCoerceSwitch">
        <test-method signature="testProcessCoerceSwitch()[pri:0, instance:io.kaitai.struct.spec.TestProcessCoerceSwitch@2cb4893b]" started-at="2020-05-22T20:59:24Z" name="testProcessCoerceSwitch" finished-at="2020-05-22T20:59:24Z" duration-ms="2" status="PASS">
          <reporter-output>
          </reporter-output>
        </test-method> <!-- testProcessCoerceSwitch -->
      </class> <!-- io.kaitai.struct.spec.TestProcessCoerceSwitch -->
      <class name="io.kaitai.struct.spec.TestPositionInSeq">
        <test-method signature="testPositionInSeq()[pri:0, instance:io.kaitai.struct.spec.TestPositionInSeq@6cb107fd]" started-at="2020-05-22T20:59:24Z" name="testPositionInSeq" finished-at="2020-05-22T20:59:24Z" duration-ms="1" status="PASS">
          <reporter-output>
          </reporter-output>
        </test-method> <!-- testPositionInSeq -->
      </class> <!-- io.kaitai.struct.spec.TestPositionInSeq -->
      <class name="io.kaitai.struct.spec.TestDebugArrayUser">
        <test-method signature="testDebugArrayUser()[pri:0, instance:io.kaitai.struct.spec.TestDebugArrayUser@18271936]" started-at="2020-05-22T20:59:24Z" name="testDebugArrayUser" finished-at="2020-05-22T20:59:24Z" duration-ms="1" status="PASS">
          <reporter-output>
          </reporter-output>
        </test-method> <!-- testDebugArrayUser -->
      </class> <!-- io.kaitai.struct.spec.TestDebugArrayUser -->
      <class name="io.kaitai.struct.spec.TestParamsEnum">
        <test-method signature="testParamsEnum()[pri:0, instance:io.kaitai.struct.spec.TestParamsEnum@451001e5]" started-at="2020-05-22T20:59:24Z" name="testParamsEnum" finished-at="2020-05-22T20:59:24Z" duration-ms="1" status="PASS">
          <reporter-output>
          </reporter-output>
        </test-method> <!-- testParamsEnum -->
      </class> <!-- io.kaitai.struct.spec.TestParamsEnum -->
      <class name="io.kaitai.struct.spec.TestRepeatEosBit">
        <test-method signature="testRepeatEosBit()[pri:0, instance:io.kaitai.struct.spec.TestRepeatEosBit@19932c16]" started-at="2020-05-22T20:59:24Z" name="testRepeatEosBit" finished-at="2020-05-22T20:59:24Z" duration-ms="0" status="PASS">
          <reporter-output>
          </reporter-output>
        </test-method> <!-- testRepeatEosBit -->
      </class> <!-- io.kaitai.struct.spec.TestRepeatEosBit -->
      <class name="io.kaitai.struct.spec.TestDebug0">
        <test-method signature="testDebug0()[pri:0, instance:io.kaitai.struct.spec.TestDebug0@496bc455]" started-at="2020-05-22T20:59:24Z" name="testDebug0" finished-at="2020-05-22T20:59:24Z" duration-ms="1" status="PASS">
          <reporter-output>
          </reporter-output>
        </test-method> <!-- testDebug0 -->
      </class> <!-- io.kaitai.struct.spec.TestDebug0 -->
      <class name="io.kaitai.struct.spec.TestIntegers">
        <test-method signature="testIntegers()[pri:0, instance:io.kaitai.struct.spec.TestIntegers@24569dba]" started-at="2020-05-22T20:59:24Z" name="testIntegers" finished-at="2020-05-22T20:59:24Z" duration-ms="1" status="PASS">
          <reporter-output>
          </reporter-output>
        </test-method> <!-- testIntegers -->
      </class> <!-- io.kaitai.struct.spec.TestIntegers -->
      <class name="io.kaitai.struct.spec.TestNavParentVsValueInst">
        <test-method signature="testNavParentVsValueInst()[pri:0, instance:io.kaitai.struct.spec.TestNavParentVsValueInst@1349883]" started-at="2020-05-22T20:59:24Z" name="testNavParentVsValueInst" finished-at="2020-05-22T20:59:24Z" duration-ms="1" status="PASS">
          <reporter-output>
          </reporter-output>
        </test-method> <!-- testNavParentVsValueInst -->
      </class> <!-- io.kaitai.struct.spec.TestNavParentVsValueInst -->
      <class name="io.kaitai.struct.spec.TestBitsSimpleLe">
        <test-method signature="testBitsSimpleLe()[pri:0, instance:io.kaitai.struct.spec.TestBitsSimpleLe@73eb439a]" started-at="2020-05-22T20:59:24Z" name="testBitsSimpleLe" finished-at="2020-05-22T20:59:24Z" duration-ms="1" status="PASS">
          <reporter-output>
          </reporter-output>
        </test-method> <!-- testBitsSimpleLe -->
      </class> <!-- io.kaitai.struct.spec.TestBitsSimpleLe -->
      <class name="io.kaitai.struct.spec.TestYamlInts">
        <test-method signature="testYamlInts()[pri:0, instance:io.kaitai.struct.spec.TestYamlInts@75d3a5e0]" started-at="2020-05-22T20:59:24Z" name="testYamlInts" finished-at="2020-05-22T20:59:24Z" duration-ms="1" status="PASS">
          <reporter-output>
          </reporter-output>
        </test-method> <!-- testYamlInts -->
      </class> <!-- io.kaitai.struct.spec.TestYamlInts -->
      <class name="io.kaitai.struct.spec.TestInstanceUserArray">
        <test-method signature="testInstanceUserArray()[pri:0, instance:io.kaitai.struct.spec.TestInstanceUserArray@6bbe85a8]" started-at="2020-05-22T20:59:24Z" name="testInstanceUserArray" finished-at="2020-05-22T20:59:24Z" duration-ms="1" status="PASS">
          <reporter-output>
          </reporter-output>
        </test-method> <!-- testInstanceUserArray -->
      </class> <!-- io.kaitai.struct.spec.TestInstanceUserArray -->
      <class name="io.kaitai.struct.spec.TestExprEnum">
        <test-method signature="testExprEnum()[pri:0, instance:io.kaitai.struct.spec.TestExprEnum@7c37508a]" started-at="2020-05-22T20:59:24Z" name="testExprEnum" finished-at="2020-05-22T20:59:24Z" duration-ms="5" status="PASS">
          <reporter-output>
          </reporter-output>
        </test-method> <!-- testExprEnum -->
      </class> <!-- io.kaitai.struct.spec.TestExprEnum -->
      <class name="io.kaitai.struct.spec.TestProcessXorConst">
        <test-method signature="testProcessXorConst()[pri:0, instance:io.kaitai.struct.spec.TestProcessXorConst@7188af83]" started-at="2020-05-22T20:59:24Z" name="testProcessXorConst" finished-at="2020-05-22T20:59:24Z" duration-ms="1" status="PASS">
          <reporter-output>
          </reporter-output>
        </test-method> <!-- testProcessXorConst -->
      </class> <!-- io.kaitai.struct.spec.TestProcessXorConst -->
      <class name="io.kaitai.struct.spec.TestDefaultEndianExprInherited">
        <test-method signature="testDefaultEndianExprInherited()[pri:0, instance:io.kaitai.struct.spec.TestDefaultEndianExprInherited@1972e513]" started-at="2020-05-22T20:59:24Z" name="testDefaultEndianExprInherited" finished-at="2020-05-22T20:59:24Z" duration-ms="2" status="PASS">
          <reporter-output>
          </reporter-output>
        </test-method> <!-- testDefaultEndianExprInherited -->
      </class> <!-- io.kaitai.struct.spec.TestDefaultEndianExprInherited -->
      <class name="io.kaitai.struct.spec.TestProcessCustom">
        <test-method signature="testProcessCustom()[pri:0, instance:io.kaitai.struct.spec.TestProcessCustom@7ef82753]" started-at="2020-05-22T20:59:24Z" name="testProcessCustom" finished-at="2020-05-22T20:59:24Z" duration-ms="1" status="PASS">
          <reporter-output>
          </reporter-output>
        </test-method> <!-- testProcessCustom -->
      </class> <!-- io.kaitai.struct.spec.TestProcessCustom -->
      <class name="io.kaitai.struct.spec.TestProcessXor4Const">
        <test-method signature="testProcessXor4Const()[pri:0, instance:io.kaitai.struct.spec.TestProcessXor4Const@74d1dc36]" started-at="2020-05-22T20:59:24Z" name="testProcessXor4Const" finished-at="2020-05-22T20:59:24Z" duration-ms="2" status="PASS">
          <reporter-output>
          </reporter-output>
        </test-method> <!-- testProcessXor4Const -->
      </class> <!-- io.kaitai.struct.spec.TestProcessXor4Const -->
      <class name="io.kaitai.struct.spec.TestCastToImported">
        <test-method signature="testCastToImported()[pri:0, instance:io.kaitai.struct.spec.TestCastToImported@6c4906d3]" started-at="2020-05-22T20:59:24Z" name="testCastToImported" finished-at="2020-05-22T20:59:24Z" duration-ms="1" status="PASS">
          <reporter-output>
          </reporter-output>
        </test-method> <!-- testCastToImported -->
      </class> <!-- io.kaitai.struct.spec.TestCastToImported -->
      <class name="io.kaitai.struct.spec.TestBufferedStruct">
        <test-method signature="testBufferedStruct()[pri:0, instance:io.kaitai.struct.spec.TestBufferedStruct@4d1c005e]" started-at="2020-05-22T20:59:24Z" name="testBufferedStruct" finished-at="2020-05-22T20:59:24Z" duration-ms="3" status="PASS">
          <reporter-output>
          </reporter-output>
        </test-method> <!-- testBufferedStruct -->
      </class> <!-- io.kaitai.struct.spec.TestBufferedStruct -->
      <class name="io.kaitai.struct.spec.TestIndexToParamExpr">
        <test-method signature="testIndexToParamExpr()[pri:0, instance:io.kaitai.struct.spec.TestIndexToParamExpr@723ca036]" started-at="2020-05-22T20:59:24Z" name="testIndexToParamExpr" finished-at="2020-05-22T20:59:24Z" duration-ms="1" status="PASS">
          <reporter-output>
          </reporter-output>
        </test-method> <!-- testIndexToParamExpr -->
      </class> <!-- io.kaitai.struct.spec.TestIndexToParamExpr -->
      <class name="io.kaitai.struct.spec.TestDebugEnumName">
        <test-method signature="testDebugEnumName()[pri:0, instance:io.kaitai.struct.spec.TestDebugEnumName@1040be71]" started-at="2020-05-22T20:59:24Z" name="testDebugEnumName" finished-at="2020-05-22T20:59:24Z" duration-ms="4" status="PASS">
          <reporter-output>
          </reporter-output>
        </test-method> <!-- testDebugEnumName -->
      </class> <!-- io.kaitai.struct.spec.TestDebugEnumName -->
      <class name="io.kaitai.struct.spec.TestCastNested">
        <test-method signature="testCastNested()[pri:0, instance:io.kaitai.struct.spec.TestCastNested@273444fe]" started-at="2020-05-22T20:59:24Z" name="testCastNested" finished-at="2020-05-22T20:59:24Z" duration-ms="7" status="PASS">
          <reporter-output>
          </reporter-output>
        </test-method> <!-- testCastNested -->
      </class> <!-- io.kaitai.struct.spec.TestCastNested -->
      <class name="io.kaitai.struct.spec.TestSwitchMultiBoolOps">
        <test-method signature="testSwitchMultiBoolOps()[pri:0, instance:io.kaitai.struct.spec.TestSwitchMultiBoolOps@8462f31]" started-at="2020-05-22T20:59:24Z" name="testSwitchMultiBoolOps" finished-at="2020-05-22T20:59:24Z" duration-ms="1" status="PASS">
          <reporter-output>
          </reporter-output>
        </test-method> <!-- testSwitchMultiBoolOps -->
      </class> <!-- io.kaitai.struct.spec.TestSwitchMultiBoolOps -->
      <class name="io.kaitai.struct.spec.TestEnumForUnknownId">
        <test-method signature="testEnumForUnknownId()[pri:0, instance:io.kaitai.struct.spec.TestEnumForUnknownId@8458f04]" started-at="2020-05-22T20:59:24Z" name="testEnumForUnknownId" finished-at="2020-05-22T20:59:24Z" duration-ms="1" status="PASS">
          <reporter-output>
          </reporter-output>
        </test-method> <!-- testEnumForUnknownId -->
      </class> <!-- io.kaitai.struct.spec.TestEnumForUnknownId -->
      <class name="io.kaitai.struct.spec.TestValidFailContents">
        <test-method signature="testValidFailContents()[pri:0, instance:io.kaitai.struct.spec.TestValidFailContents@3e08ff24]" started-at="2020-05-22T20:59:24Z" name="testValidFailContents" finished-at="2020-05-22T20:59:24Z" duration-ms="7" status="PASS">
          <exception class="io.kaitai.struct.KaitaiStream$ValidationNotEqualError">
            <message>
              <![CDATA[/seq/0: at pos 2: validation failed: not equal, expected [51 41], but got [50 41]]]>
            </message>
            <full-stacktrace>
              <![CDATA[io.kaitai.struct.KaitaiStream$ValidationNotEqualError: /seq/0: at pos 2: validation failed: not equal, expected [51 41], but got [50 41]
	at io.kaitai.struct.testformats.ValidFailContents._read(ValidFailContents.java:33)
	at io.kaitai.struct.testformats.ValidFailContents.<init>(ValidFailContents.java:28)
	at io.kaitai.struct.testformats.ValidFailContents.<init>(ValidFailContents.java:17)
	at io.kaitai.struct.testformats.ValidFailContents.fromFile(ValidFailContents.java:13)
	at io.kaitai.struct.spec.TestValidFailContents.testValidFailContents(TestValidFailContents.java:13)
	at java.base/jdk.internal.reflect.NativeMethodAccessorImpl.invoke0(Native Method)
	at java.base/jdk.internal.reflect.NativeMethodAccessorImpl.invoke(NativeMethodAccessorImpl.java:62)
	at java.base/jdk.internal.reflect.DelegatingMethodAccessorImpl.invoke(DelegatingMethodAccessorImpl.java:43)
	at java.base/java.lang.reflect.Method.invoke(Method.java:566)
	at org.testng.internal.MethodInvocationHelper.invokeMethod(MethodInvocationHelper.java:86)
	at org.testng.internal.Invoker.invokeMethod(Invoker.java:643)
	at org.testng.internal.Invoker.invokeTestMethod(Invoker.java:820)
	at org.testng.internal.Invoker.invokeTestMethods(Invoker.java:1128)
	at org.testng.internal.TestMethodWorker.invokeTestMethods(TestMethodWorker.java:129)
	at org.testng.internal.TestMethodWorker.run(TestMethodWorker.java:112)
	at org.testng.TestRunner.privateRun(TestRunner.java:782)
	at org.testng.TestRunner.run(TestRunner.java:632)
	at org.testng.SuiteRunner.runTest(SuiteRunner.java:366)
	at org.testng.SuiteRunner.runSequentially(SuiteRunner.java:361)
	at org.testng.SuiteRunner.privateRun(SuiteRunner.java:319)
	at org.testng.SuiteRunner.run(SuiteRunner.java:268)
	at org.testng.SuiteRunnerWorker.runSuite(SuiteRunnerWorker.java:52)
	at org.testng.SuiteRunnerWorker.run(SuiteRunnerWorker.java:86)
	at org.testng.TestNG.runSuitesSequentially(TestNG.java:1244)
	at org.testng.TestNG.runSuitesLocally(TestNG.java:1169)
	at org.testng.TestNG.run(TestNG.java:1064)
	at org.testng.TestNG.privateMain(TestNG.java:1385)
	at org.testng.TestNG.main(TestNG.java:1354)
]]>
            </full-stacktrace>
          </exception> <!-- io.kaitai.struct.KaitaiStream$ValidationNotEqualError -->
          <reporter-output>
          </reporter-output>
        </test-method> <!-- testValidFailContents -->
      </class> <!-- io.kaitai.struct.spec.TestValidFailContents -->
      <class name="io.kaitai.struct.spec.TestTermStrz">
        <test-method signature="testTermStrz()[pri:0, instance:io.kaitai.struct.spec.TestTermStrz@4f32a3ad]" started-at="2020-05-22T20:59:24Z" name="testTermStrz" finished-at="2020-05-22T20:59:24Z" duration-ms="0" status="PASS">
          <reporter-output>
          </reporter-output>
        </test-method> <!-- testTermStrz -->
      </class> <!-- io.kaitai.struct.spec.TestTermStrz -->
      <class name="io.kaitai.struct.spec.TestTypeTernary2ndFalsy">
        <test-method signature="testTypeTernary2ndFalsy()[pri:0, instance:io.kaitai.struct.spec.TestTypeTernary2ndFalsy@3f4faf53]" started-at="2020-05-22T20:59:24Z" name="testTypeTernary2ndFalsy" finished-at="2020-05-22T20:59:24Z" duration-ms="1" status="PASS">
          <reporter-output>
          </reporter-output>
        </test-method> <!-- testTypeTernary2ndFalsy -->
      </class> <!-- io.kaitai.struct.spec.TestTypeTernary2ndFalsy -->
      <class name="io.kaitai.struct.spec.TestNavRoot">
        <test-method signature="testNavRoot()[pri:0, instance:io.kaitai.struct.spec.TestNavRoot@2ab4bc72]" started-at="2020-05-22T20:59:24Z" name="testNavRoot" finished-at="2020-05-22T20:59:24Z" duration-ms="1" status="PASS">
          <reporter-output>
          </reporter-output>
        </test-method> <!-- testNavRoot -->
      </class> <!-- io.kaitai.struct.spec.TestNavRoot -->
      <class name="io.kaitai.struct.spec.TestTsPacketHeader">
        <test-method signature="testTsPacketHeader()[pri:0, instance:io.kaitai.struct.spec.TestTsPacketHeader@5ddeb7cb]" started-at="2020-05-22T20:59:24Z" name="testTsPacketHeader" finished-at="2020-05-22T20:59:24Z" duration-ms="14" status="PASS">
          <reporter-output>
          </reporter-output>
        </test-method> <!-- testTsPacketHeader -->
      </class> <!-- io.kaitai.struct.spec.TestTsPacketHeader -->
      <class name="io.kaitai.struct.spec.TestRepeatNStrzDouble">
        <test-method signature="testRepeatNStrzDouble()[pri:0, instance:io.kaitai.struct.spec.TestRepeatNStrzDouble@cecf639]" started-at="2020-05-22T20:59:24Z" name="testRepeatNStrzDouble" finished-at="2020-05-22T20:59:24Z" duration-ms="0" status="PASS">
          <reporter-output>
          </reporter-output>
        </test-method> <!-- testRepeatNStrzDouble -->
      </class> <!-- io.kaitai.struct.spec.TestRepeatNStrzDouble -->
      <class name="io.kaitai.struct.spec.TestZlibWithHeader78">
        <test-method signature="testZlibWithHeader78()[pri:0, instance:io.kaitai.struct.spec.TestZlibWithHeader78@304bb45b]" started-at="2020-05-22T20:59:24Z" name="testZlibWithHeader78" finished-at="2020-05-22T20:59:24Z" duration-ms="0" status="PASS">
          <reporter-output>
          </reporter-output>
        </test-method> <!-- testZlibWithHeader78 -->
      </class> <!-- io.kaitai.struct.spec.TestZlibWithHeader78 -->
      <class name="io.kaitai.struct.spec.TestParamsPassArrayStr">
        <test-method signature="testParamsPassArrayStr()[pri:0, instance:io.kaitai.struct.spec.TestParamsPassArrayStr@302c971f]" started-at="2020-05-22T20:59:24Z" name="testParamsPassArrayStr" finished-at="2020-05-22T20:59:24Z" duration-ms="3" status="PASS">
          <reporter-output>
          </reporter-output>
        </test-method> <!-- testParamsPassArrayStr -->
      </class> <!-- io.kaitai.struct.spec.TestParamsPassArrayStr -->
      <class name="io.kaitai.struct.spec.TestValidFailEqInt">
        <test-method signature="testValidFailEqInt()[pri:0, instance:io.kaitai.struct.spec.TestValidFailEqInt@35841320]" started-at="2020-05-22T20:59:24Z" name="testValidFailEqInt" finished-at="2020-05-22T20:59:24Z" duration-ms="0" status="PASS">
          <exception class="io.kaitai.struct.KaitaiStream$ValidationNotEqualError">
            <message>
              <![CDATA[/seq/0: at pos 1: validation failed: not equal, expected 123, but got 80]]>
            </message>
            <full-stacktrace>
              <![CDATA[io.kaitai.struct.KaitaiStream$ValidationNotEqualError: /seq/0: at pos 1: validation failed: not equal, expected 123, but got 80
	at io.kaitai.struct.testformats.ValidFailEqInt._read(ValidFailEqInt.java:32)
	at io.kaitai.struct.testformats.ValidFailEqInt.<init>(ValidFailEqInt.java:27)
	at io.kaitai.struct.testformats.ValidFailEqInt.<init>(ValidFailEqInt.java:16)
	at io.kaitai.struct.testformats.ValidFailEqInt.fromFile(ValidFailEqInt.java:12)
	at io.kaitai.struct.spec.TestValidFailEqInt.testValidFailEqInt(TestValidFailEqInt.java:13)
	at java.base/jdk.internal.reflect.NativeMethodAccessorImpl.invoke0(Native Method)
	at java.base/jdk.internal.reflect.NativeMethodAccessorImpl.invoke(NativeMethodAccessorImpl.java:62)
	at java.base/jdk.internal.reflect.DelegatingMethodAccessorImpl.invoke(DelegatingMethodAccessorImpl.java:43)
	at java.base/java.lang.reflect.Method.invoke(Method.java:566)
	at org.testng.internal.MethodInvocationHelper.invokeMethod(MethodInvocationHelper.java:86)
	at org.testng.internal.Invoker.invokeMethod(Invoker.java:643)
	at org.testng.internal.Invoker.invokeTestMethod(Invoker.java:820)
	at org.testng.internal.Invoker.invokeTestMethods(Invoker.java:1128)
	at org.testng.internal.TestMethodWorker.invokeTestMethods(TestMethodWorker.java:129)
	at org.testng.internal.TestMethodWorker.run(TestMethodWorker.java:112)
	at org.testng.TestRunner.privateRun(TestRunner.java:782)
	at org.testng.TestRunner.run(TestRunner.java:632)
	at org.testng.SuiteRunner.runTest(SuiteRunner.java:366)
	at org.testng.SuiteRunner.runSequentially(SuiteRunner.java:361)
	at org.testng.SuiteRunner.privateRun(SuiteRunner.java:319)
	at org.testng.SuiteRunner.run(SuiteRunner.java:268)
	at org.testng.SuiteRunnerWorker.runSuite(SuiteRunnerWorker.java:52)
	at org.testng.SuiteRunnerWorker.run(SuiteRunnerWorker.java:86)
	at org.testng.TestNG.runSuitesSequentially(TestNG.java:1244)
	at org.testng.TestNG.runSuitesLocally(TestNG.java:1169)
	at org.testng.TestNG.run(TestNG.java:1064)
	at org.testng.TestNG.privateMain(TestNG.java:1385)
	at org.testng.TestNG.main(TestNG.java:1354)
]]>
            </full-stacktrace>
          </exception> <!-- io.kaitai.struct.KaitaiStream$ValidationNotEqualError -->
          <reporter-output>
          </reporter-output>
        </test-method> <!-- testValidFailEqInt -->
      </class> <!-- io.kaitai.struct.spec.TestValidFailEqInt -->
      <class name="io.kaitai.struct.spec.TestRepeatUntilS4">
        <test-method signature="testRepeatUntilS4()[pri:0, instance:io.kaitai.struct.spec.TestRepeatUntilS4@15a34df2]" started-at="2020-05-22T20:59:24Z" name="testRepeatUntilS4" finished-at="2020-05-22T20:59:24Z" duration-ms="1" status="PASS">
          <reporter-output>
          </reporter-output>
        </test-method> <!-- testRepeatUntilS4 -->
      </class> <!-- io.kaitai.struct.spec.TestRepeatUntilS4 -->
      <class name="io.kaitai.struct.spec.TestEofExceptionU4">
        <test-method signature="testEofExceptionU4()[pri:0, instance:io.kaitai.struct.spec.TestEofExceptionU4@6be968ce]" started-at="2020-05-22T20:59:24Z" name="testEofExceptionU4" finished-at="2020-05-22T20:59:24Z" duration-ms="1" status="PASS">
          <exception class="java.nio.BufferUnderflowException">
            <full-stacktrace>
              <![CDATA[java.nio.BufferUnderflowException
	at java.base/java.nio.Buffer.nextGetIndex(Buffer.java:647)
	at java.base/java.nio.DirectByteBuffer.getInt(DirectByteBuffer.java:751)
	at io.kaitai.struct.ByteBufferKaitaiStream.readU4le(ByteBufferKaitaiStream.java:269)
	at io.kaitai.struct.testformats.EofExceptionU4._read(EofExceptionU4.java:31)
	at io.kaitai.struct.testformats.EofExceptionU4.<init>(EofExceptionU4.java:27)
	at io.kaitai.struct.testformats.EofExceptionU4.<init>(EofExceptionU4.java:16)
	at io.kaitai.struct.testformats.EofExceptionU4.fromFile(EofExceptionU4.java:12)
	at io.kaitai.struct.spec.TestEofExceptionU4.testEofExceptionU4(TestEofExceptionU4.java:13)
	at java.base/jdk.internal.reflect.NativeMethodAccessorImpl.invoke0(Native Method)
	at java.base/jdk.internal.reflect.NativeMethodAccessorImpl.invoke(NativeMethodAccessorImpl.java:62)
	at java.base/jdk.internal.reflect.DelegatingMethodAccessorImpl.invoke(DelegatingMethodAccessorImpl.java:43)
	at java.base/java.lang.reflect.Method.invoke(Method.java:566)
[...]
          <reporter-output>
          </reporter-output>
        </test-method> <!-- testSwitchManualIntSizeElse -->
      </class> <!-- io.kaitai.struct.spec.TestSwitchManualIntSizeElse -->
      <class name="io.kaitai.struct.spec.TestParamsCallShort">
        <test-method signature="testParamsCallShort()[pri:0, instance:io.kaitai.struct.spec.TestParamsCallShort@eadd4fb]" started-at="2020-05-22T20:59:24Z" name="testParamsCallShort" finished-at="2020-05-22T20:59:24Z" duration-ms="2" status="PASS">
          <reporter-output>
          </reporter-output>
        </test-method> <!-- testParamsCallShort -->
      </class> <!-- io.kaitai.struct.spec.TestParamsCallShort -->
      <class name="io.kaitai.struct.spec.TestEnumFancy">
        <test-method signature="testEnumFancy()[pri:0, instance:io.kaitai.struct.spec.TestEnumFancy@2b30a42c]" started-at="2020-05-22T20:59:24Z" name="testEnumFancy" finished-at="2020-05-22T20:59:24Z" duration-ms="2" status="PASS">
          <reporter-output>
          </reporter-output>
        </test-method> <!-- testEnumFancy -->
      </class> <!-- io.kaitai.struct.spec.TestEnumFancy -->
      <class name="io.kaitai.struct.spec.TestValidFailExpr">
        <test-method signature="testValidFailExpr()[pri:0, instance:io.kaitai.struct.spec.TestValidFailExpr@15043a2f]" started-at="2020-05-22T20:59:24Z" name="testValidFailExpr" finished-at="2020-05-22T20:59:24Z" duration-ms="3" status="PASS">
          <exception class="io.kaitai.struct.KaitaiStream$ValidationExprError">
            <message>
              <![CDATA[/seq/1: at pos 3: validation failed: not matching the expression, got -190]]>
            </message>
            <full-stacktrace>
              <![CDATA[io.kaitai.struct.KaitaiStream$ValidationExprError: /seq/1: at pos 3: validation failed: not matching the expression, got -190
	at io.kaitai.struct.testformats.ValidFailExpr._read(ValidFailExpr.java:41)
	at io.kaitai.struct.testformats.ValidFailExpr.<init>(ValidFailExpr.java:27)
	at io.kaitai.struct.testformats.ValidFailExpr.<init>(ValidFailExpr.java:16)
	at io.kaitai.struct.testformats.ValidFailExpr.fromFile(ValidFailExpr.java:12)
	at io.kaitai.struct.spec.TestValidFailExpr.testValidFailExpr(TestValidFailExpr.java:13)
	at java.base/jdk.internal.reflect.NativeMethodAccessorImpl.invoke0(Native Method)
	at java.base/jdk.internal.reflect.NativeMethodAccessorImpl.invoke(NativeMethodAccessorImpl.java:62)
	at java.base/jdk.internal.reflect.DelegatingMethodAccessorImpl.invoke(DelegatingMethodAccessorImpl.java:43)
	at java.base/java.lang.reflect.Method.invoke(Method.java:566)
	at org.testng.internal.MethodInvocationHelper.invokeMethod(MethodInvocationHelper.java:86)
	at org.testng.internal.Invoker.invokeMethod(Invoker.java:643)
	at org.testng.internal.Invoker.invokeTestMethod(Invoker.java:820)
	at org.testng.internal.Invoker.invokeTestMethods(Invoker.java:1128)
	at org.testng.internal.TestMethodWorker.invokeTestMethods(TestMethodWorker.java:129)
	at org.testng.internal.TestMethodWorker.run(TestMethodWorker.java:112)
	at org.testng.TestRunner.privateRun(TestRunner.java:782)
	at org.testng.TestRunner.run(TestRunner.java:632)
	at org.testng.SuiteRunner.runTest(SuiteRunner.java:366)
	at org.testng.SuiteRunner.runSequentially(SuiteRunner.java:361)
	at org.testng.SuiteRunner.privateRun(SuiteRunner.java:319)
	at org.testng.SuiteRunner.run(SuiteRunner.java:268)
	at org.testng.SuiteRunnerWorker.runSuite(SuiteRunnerWorker.java:52)
	at org.testng.SuiteRunnerWorker.run(SuiteRunnerWorker.java:86)
	at org.testng.TestNG.runSuitesSequentially(TestNG.java:1244)
	at org.testng.TestNG.runSuitesLocally(TestNG.java:1169)
	at org.testng.TestNG.run(TestNG.java:1064)
	at org.testng.TestNG.privateMain(TestNG.java:1385)
	at org.testng.TestNG.main(TestNG.java:1354)
]]>
            </full-stacktrace>
          </exception> <!-- io.kaitai.struct.KaitaiStream$ValidationExprError -->
          <reporter-output>
          </reporter-output>
        </test-method> <!-- testValidFailExpr -->
      </class> <!-- io.kaitai.struct.spec.TestValidFailExpr -->
      <class name="io.kaitai.struct.spec.TestEnumLongRangeU">
        <test-method signature="testEnumLongRangeU()[pri:0, instance:io.kaitai.struct.spec.TestEnumLongRangeU@350aac89]" started-at="2020-05-22T20:59:24Z" name="testEnumLongRangeU" finished-at="2020-05-22T20:59:24Z" duration-ms="2" status="PASS">
          <reporter-output>
          </reporter-output>
        </test-method> <!-- testEnumLongRangeU -->
      </class> <!-- io.kaitai.struct.spec.TestEnumLongRangeU -->
      <class name="io.kaitai.struct.spec.TestEnumLongRangeS">
        <test-method signature="testEnumLongRangeS()[pri:0, instance:io.kaitai.struct.spec.TestEnumLongRangeS@57a78e3]" started-at="2020-05-22T20:59:24Z" name="testEnumLongRangeS" finished-at="2020-05-22T20:59:24Z" duration-ms="1" status="PASS">
          <reporter-output>
          </reporter-output>
        </test-method> <!-- testEnumLongRangeS -->
      </class> <!-- io.kaitai.struct.spec.TestEnumLongRangeS -->
      <class name="io.kaitai.struct.spec.TestNestedTypes">
        <test-method signature="testNestedTypes()[pri:0, instance:io.kaitai.struct.spec.TestNestedTypes@3a7442c7]" started-at="2020-05-22T20:59:24Z" name="testNestedTypes" finished-at="2020-05-22T20:59:24Z" duration-ms="3" status="PASS">
          <reporter-output>
          </reporter-output>
        </test-method> <!-- testNestedTypes -->
      </class> <!-- io.kaitai.struct.spec.TestNestedTypes -->
      <class name="io.kaitai.struct.spec.TestExprArray">
        <test-method signature="testExprArray()[pri:0, instance:io.kaitai.struct.spec.TestExprArray@28261e8e]" started-at="2020-05-22T20:59:24Z" name="testExprArray" finished-at="2020-05-22T20:59:24Z" duration-ms="1" status="PASS">
          <reporter-output>
          </reporter-output>
        </test-method> <!-- testExprArray -->
      </class> <!-- io.kaitai.struct.spec.TestExprArray -->
      <class name="io.kaitai.struct.spec.TestIfValues">
        <test-method signature="testIfValues()[pri:0, instance:io.kaitai.struct.spec.TestIfValues@4082ba93]" started-at="2020-05-22T20:59:24Z" name="testIfValues" finished-at="2020-05-22T20:59:24Z" duration-ms="2" status="PASS">
          <reporter-output>
          </reporter-output>
        </test-method> <!-- testIfValues -->
      </class> <!-- io.kaitai.struct.spec.TestIfValues -->
      <class name="io.kaitai.struct.spec.TestProcessCoerceBytes">
        <test-method signature="testProcessCoerceBytes()[pri:0, instance:io.kaitai.struct.spec.TestProcessCoerceBytes@54422e18]" started-at="2020-05-22T20:59:24Z" name="testProcessCoerceBytes" finished-at="2020-05-22T20:59:24Z" duration-ms="1" status="PASS">
          <reporter-output>
          </reporter-output>
        </test-method> <!-- testProcessCoerceBytes -->
      </class> <!-- io.kaitai.struct.spec.TestProcessCoerceBytes -->
      <class name="io.kaitai.struct.spec.TestProcessCoerceUsertype2">
        <test-method signature="testProcessCoerceUsertype2()[pri:0, instance:io.kaitai.struct.spec.TestProcessCoerceUsertype2@5c80cf32]" started-at="2020-05-22T20:59:24Z" name="testProcessCoerceUsertype2" finished-at="2020-05-22T20:59:24Z" duration-ms="1" status="PASS">
          <reporter-output>
          </reporter-output>
        </test-method> <!-- testProcessCoerceUsertype2 -->
      </class> <!-- io.kaitai.struct.spec.TestProcessCoerceUsertype2 -->
      <class name="io.kaitai.struct.spec.TestValidFailRangeInt">
        <test-method signature="testValidFailRangeInt()[pri:0, instance:io.kaitai.struct.spec.TestValidFailRangeInt@1a75e76a]" started-at="2020-05-22T20:59:24Z" name="testValidFailRangeInt" finished-at="2020-05-22T20:59:24Z" duration-ms="1" status="PASS">
          <exception class="io.kaitai.struct.KaitaiStream$ValidationGreaterThanError">
            <message>
              <![CDATA[/seq/0: at pos 1: validation failed: not in range, max 10, but got 80]]>
            </message>
            <full-stacktrace>
              <![CDATA[io.kaitai.struct.KaitaiStream$ValidationGreaterThanError: /seq/0: at pos 1: validation failed: not in range, max 10, but got 80
	at io.kaitai.struct.testformats.ValidFailRangeInt._read(ValidFailRangeInt.java:35)
	at io.kaitai.struct.testformats.ValidFailRangeInt.<init>(ValidFailRangeInt.java:27)
	at io.kaitai.struct.testformats.ValidFailRangeInt.<init>(ValidFailRangeInt.java:16)
	at io.kaitai.struct.testformats.ValidFailRangeInt.fromFile(ValidFailRangeInt.java:12)
	at io.kaitai.struct.spec.TestValidFailRangeInt.testValidFailRangeInt(TestValidFailRangeInt.java:13)
	at java.base/jdk.internal.reflect.NativeMethodAccessorImpl.invoke0(Native Method)
	at java.base/jdk.internal.reflect.NativeMethodAccessorImpl.invoke(NativeMethodAccessorImpl.java:62)
	at java.base/jdk.internal.reflect.DelegatingMethodAccessorImpl.invoke(DelegatingMethodAccessorImpl.java:43)
	at java.base/java.lang.reflect.Method.invoke(Method.java:566)
	at org.testng.internal.MethodInvocationHelper.invokeMethod(MethodInvocationHelper.java:86)
	at org.testng.internal.Invoker.invokeMethod(Invoker.java:643)
	at org.testng.internal.Invoker.invokeTestMethod(Invoker.java:820)
	at org.testng.internal.Invoker.invokeTestMethods(Invoker.java:1128)
	at org.testng.internal.TestMethodWorker.invokeTestMethods(TestMethodWorker.java:129)
	at org.testng.internal.TestMethodWorker.run(TestMethodWorker.java:112)
	at org.testng.TestRunner.privateRun(TestRunner.java:782)
	at org.testng.TestRunner.run(TestRunner.java:632)
	at org.testng.SuiteRunner.runTest(SuiteRunner.java:366)
	at org.testng.SuiteRunner.runSequentially(SuiteRunner.java:361)
	at org.testng.SuiteRunner.privateRun(SuiteRunner.java:319)
	at org.testng.SuiteRunner.run(SuiteRunner.java:268)
	at org.testng.SuiteRunnerWorker.runSuite(SuiteRunnerWorker.java:52)
	at org.testng.SuiteRunnerWorker.run(SuiteRunnerWorker.java:86)
	at org.testng.TestNG.runSuitesSequentially(TestNG.java:1244)
	at org.testng.TestNG.runSuitesLocally(TestNG.java:1169)
	at org.testng.TestNG.run(TestNG.java:1064)
	at org.testng.TestNG.privateMain(TestNG.java:1385)
	at org.testng.TestNG.main(TestNG.java:1354)
]]>
            </full-stacktrace>
          </exception> <!-- io.kaitai.struct.KaitaiStream$ValidationGreaterThanError -->
          <reporter-output>
          </reporter-output>
        </test-method> <!-- testValidFailRangeInt -->
      </class> <!-- io.kaitai.struct.spec.TestValidFailRangeInt -->
      <class name="io.kaitai.struct.spec.TestProcessCoerceUsertype1">
        <test-method signature="testProcessCoerceUsertype1()[pri:0, instance:io.kaitai.struct.spec.TestProcessCoerceUsertype1@17bffc17]" started-at="2020-05-22T20:59:24Z" name="testProcessCoerceUsertype1" finished-at="2020-05-22T20:59:24Z" duration-ms="1" status="PASS">
          <reporter-output>
          </reporter-output>
        </test-method> <!-- testProcessCoerceUsertype1 -->
      </class> <!-- io.kaitai.struct.spec.TestProcessCoerceUsertype1 -->
      <class name="io.kaitai.struct.spec.TestStrEncodings">
        <test-method signature="testStrEncodings()[pri:0, instance:io.kaitai.struct.spec.TestStrEncodings@795509d9]" started-at="2020-05-22T20:59:24Z" name="testStrEncodings" finished-at="2020-05-22T20:59:24Z" duration-ms="9" status="PASS">
          <reporter-output>
          </reporter-output>
        </test-method> <!-- testStrEncodings -->
      </class> <!-- io.kaitai.struct.spec.TestStrEncodings -->
      <class name="io.kaitai.struct.spec.TestParamsDef">
        <test-method signature="testParamsDef()[pri:0, instance:io.kaitai.struct.spec.TestParamsDef@72bc6553]" started-at="2020-05-22T20:59:24Z" name="testParamsDef" finished-at="2020-05-22T20:59:24Z" duration-ms="1" status="PASS">
          <reporter-output>
          </reporter-output>
        </test-method> <!-- testParamsDef -->
      </class> <!-- io.kaitai.struct.spec.TestParamsDef -->
      <class name="io.kaitai.struct.spec.TestEnumOfValueInst">
        <test-method signature="testEnumOfValueInst()[pri:0, instance:io.kaitai.struct.spec.TestEnumOfValueInst@909217e]" started-at="2020-05-22T20:59:24Z" name="testEnumOfValueInst" finished-at="2020-05-22T20:59:24Z" duration-ms="1" status="PASS">
          <reporter-output>
          </reporter-output>
        </test-method> <!-- testEnumOfValueInst -->
      </class> <!-- io.kaitai.struct.spec.TestEnumOfValueInst -->
      <class name="io.kaitai.struct.spec.TestSwitchManualIntElse">
        <test-method signature="testSwitchManualIntElse()[pri:0, instance:io.kaitai.struct.spec.TestSwitchManualIntElse@4007f65e]" started-at="2020-05-22T20:59:24Z" name="testSwitchManualIntElse" finished-at="2020-05-22T20:59:24Z" duration-ms="1" status="PASS">
          <reporter-output>
          </reporter-output>
        </test-method> <!-- testSwitchManualIntElse -->
      </class> <!-- io.kaitai.struct.spec.TestSwitchManualIntElse -->
      <class name="io.kaitai.struct.spec.TestEnum1">
        <test-method signature="testEnum1()[pri:0, instance:io.kaitai.struct.spec.TestEnum1@2034b64c]" started-at="2020-05-22T20:59:24Z" name="testEnum1" finished-at="2020-05-22T20:59:24Z" duration-ms="3" status="PASS">
          <reporter-output>
          </reporter-output>
        </test-method> <!-- testEnum1 -->
      </class> <!-- io.kaitai.struct.spec.TestEnum1 -->
      <class name="io.kaitai.struct.spec.TestEnum0">
        <test-method signature="testEnum0()[pri:0, instance:io.kaitai.struct.spec.TestEnum0@6c284af]" started-at="2020-05-22T20:59:24Z" name="testEnum0" finished-at="2020-05-22T20:59:24Z" duration-ms="1" status="PASS">
          <reporter-output>
          </reporter-output>
        </test-method> <!-- testEnum0 -->
      </class> <!-- io.kaitai.struct.spec.TestEnum0 -->
      <class name="io.kaitai.struct.spec.TestValidNotParsedIf">
        <test-method signature="testValidNotParsedIf()[pri:0, instance:io.kaitai.struct.spec.TestValidNotParsedIf@2767e23c]" started-at="2020-05-22T20:59:24Z" name="testValidNotParsedIf" finished-at="2020-05-22T20:59:24Z" duration-ms="0" status="PASS">
          <reporter-output>
          </reporter-output>
        </test-method> <!-- testValidNotParsedIf -->
      </class> <!-- io.kaitai.struct.spec.TestValidNotParsedIf -->
      <class name="io.kaitai.struct.spec.TestBitsSeqEndianCombo">
        <test-method signature="testBitsSeqEndianCombo()[pri:0, instance:io.kaitai.struct.spec.TestBitsSeqEndianCombo@514646ef]" started-at="2020-05-22T20:59:24Z" name="testBitsSeqEndianCombo" finished-at="2020-05-22T20:59:24Z" duration-ms="1" status="PASS">
          <reporter-output>
          </reporter-output>
        </test-method> <!-- testBitsSeqEndianCombo -->
      </class> <!-- io.kaitai.struct.spec.TestBitsSeqEndianCombo -->
      <class name="io.kaitai.struct.spec.TestValidFailEqBytes">
        <test-method signature="testValidFailEqBytes()[pri:0, instance:io.kaitai.struct.spec.TestValidFailEqBytes@710636b0]" started-at="2020-05-22T20:59:24Z" name="testValidFailEqBytes" finished-at="2020-05-22T20:59:24Z" duration-ms="2" status="PASS">
          <exception class="io.kaitai.struct.KaitaiStream$ValidationNotEqualError">
            <message>
              <![CDATA[/seq/0: at pos 2: validation failed: not equal, expected [51 41], but got [50 41]]]>
            </message>
            <full-stacktrace>
              <![CDATA[io.kaitai.struct.KaitaiStream$ValidationNotEqualError: /seq/0: at pos 2: validation failed: not equal, expected [51 41], but got [50 41]
	at io.kaitai.struct.testformats.ValidFailEqBytes._read(ValidFailEqBytes.java:33)
	at io.kaitai.struct.testformats.ValidFailEqBytes.<init>(ValidFailEqBytes.java:28)
	at io.kaitai.struct.testformats.ValidFailEqBytes.<init>(ValidFailEqBytes.java:17)
	at io.kaitai.struct.testformats.ValidFailEqBytes.fromFile(ValidFailEqBytes.java:13)
	at io.kaitai.struct.spec.TestValidFailEqBytes.testValidFailEqBytes(TestValidFailEqBytes.java:13)
	at java.base/jdk.internal.reflect.NativeMethodAccessorImpl.invoke0(Native Method)
	at java.base/jdk.internal.reflect.NativeMethodAccessorImpl.invoke(NativeMethodAccessorImpl.java:62)
	at java.base/jdk.internal.reflect.DelegatingMethodAccessorImpl.invoke(DelegatingMethodAccessorImpl.java:43)
	at java.base/java.lang.reflect.Method.invoke(Method.java:566)
	at org.testng.internal.MethodInvocationHelper.invokeMethod(MethodInvocationHelper.java:86)
	at org.testng.internal.Invoker.invokeMethod(Invoker.java:643)
	at org.testng.internal.Invoker.invokeTestMethod(Invoker.java:820)
	at org.testng.internal.Invoker.invokeTestMethods(Invoker.java:1128)
	at org.testng.internal.TestMethodWorker.invokeTestMethods(TestMethodWorker.java:129)
	at org.testng.internal.TestMethodWorker.run(TestMethodWorker.java:112)
	at org.testng.TestRunner.privateRun(TestRunner.java:782)
	at org.testng.TestRunner.run(TestRunner.java:632)
	at org.testng.SuiteRunner.runTest(SuiteRunner.java:366)
	at org.testng.SuiteRunner.runSequentially(SuiteRunner.java:361)
	at org.testng.SuiteRunner.privateRun(SuiteRunner.java:319)
	at org.testng.SuiteRunner.run(SuiteRunner.java:268)
	at org.testng.SuiteRunnerWorker.runSuite(SuiteRunnerWorker.java:52)
	at org.testng.SuiteRunnerWorker.run(SuiteRunnerWorker.java:86)
	at org.testng.TestNG.runSuitesSequentially(TestNG.java:1244)
	at org.testng.TestNG.runSuitesLocally(TestNG.java:1169)
	at org.testng.TestNG.run(TestNG.java:1064)
	at org.testng.TestNG.privateMain(TestNG.java:1385)
	at org.testng.TestNG.main(TestNG.java:1354)
]]>
            </full-stacktrace>
          </exception> <!-- io.kaitai.struct.KaitaiStream$ValidationNotEqualError -->
          <reporter-output>
          </reporter-output>
        </test-method> <!-- testValidFailEqBytes -->
      </class> <!-- io.kaitai.struct.spec.TestValidFailEqBytes -->
      <class name="io.kaitai.struct.spec.TestRepeatNStruct">
        <test-method signature="testRepeatNStruct()[pri:0, instance:io.kaitai.struct.spec.TestRepeatNStruct@202b0582]" started-at="2020-05-22T20:59:24Z" name="testRepeatNStruct" finished-at="2020-05-22T20:59:24Z" duration-ms="1" status="PASS">
          <reporter-output>
          </reporter-output>
        </test-method> <!-- testRepeatNStruct -->
      </class> <!-- io.kaitai.struct.spec.TestRepeatNStruct -->
      <class name="io.kaitai.struct.spec.TestIndexToParamUntil">
        <test-method signature="testIndexToParamUntil()[pri:0, instance:io.kaitai.struct.spec.TestIndexToParamUntil@235ecd9f]" started-at="2020-05-22T20:59:24Z" name="testIndexToParamUntil" finished-at="2020-05-22T20:59:24Z" duration-ms="1" status="PASS">
          <reporter-output>
          </reporter-output>
        </test-method> <!-- testIndexToParamUntil -->
      </class> <!-- io.kaitai.struct.spec.TestIndexToParamUntil -->
      <class name="io.kaitai.struct.spec.TestImportsAbsRel">
        <test-method signature="testImportsAbsRel()[pri:0, instance:io.kaitai.struct.spec.TestImportsAbsRel@231f98ef]" started-at="2020-05-22T20:59:24Z" name="testImportsAbsRel" finished-at="2020-05-22T20:59:24Z" duration-ms="1" status="PASS">
          <reporter-output>
          </reporter-output>
        </test-method> <!-- testImportsAbsRel -->
      </class> <!-- io.kaitai.struct.spec.TestImportsAbsRel -->
      <class name="io.kaitai.struct.spec.TestEnumDeep">
        <test-method signature="testEnumDeep()[pri:0, instance:io.kaitai.struct.spec.TestEnumDeep@48075da3]" started-at="2020-05-22T20:59:24Z" name="testEnumDeep" finished-at="2020-05-22T20:59:24Z" duration-ms="1" status="PASS">
          <reporter-output>
          </reporter-output>
        </test-method> <!-- testEnumDeep -->
      </class> <!-- io.kaitai.struct.spec.TestEnumDeep -->
    </test> <!-- all -->
  </suite> <!-- Kaitai Struct Java specs -->
</testng-results>
