<?xml version="1.0" encoding="UTF-8"?>
<testng-results total="222" passed="219" failed="3" skipped="0">
  <reporter-output>
  </reporter-output>
  <suite started-at="2023-07-05T16:21:06Z" name="Kaitai Struct Java specs" finished-at="2023-07-05T16:21:06Z" duration-ms="470">
    <groups>
    </groups>
    <test started-at="2023-07-05T16:21:06Z" name="all" finished-at="2023-07-05T16:21:06Z" duration-ms="470">
      <class name="io.kaitai.struct.spec.TestExprBytesCmp">
        <test-method signature="testExprBytesCmp()[pri:0, instance:io.kaitai.struct.spec.TestExprBytesCmp@65f095f8]" started-at="2023-07-05T16:21:06Z" name="testExprBytesCmp" finished-at="2023-07-05T16:21:06Z" duration-ms="1" status="PASS">
          <reporter-output>
          </reporter-output>
        </test-method> <!-- testExprBytesCmp -->
      </class> <!-- io.kaitai.struct.spec.TestExprBytesCmp -->
      <class name="io.kaitai.struct.spec.TestRepeatEosStruct">
        <test-method signature="testRepeatEosStruct()[pri:0, instance:io.kaitai.struct.spec.TestRepeatEosStruct@1d8bd0de]" started-at="2023-07-05T16:21:06Z" name="testRepeatEosStruct" finished-at="2023-07-05T16:21:06Z" duration-ms="1" status="PASS">
          <reporter-output>
          </reporter-output>
        </test-method> <!-- testRepeatEosStruct -->
      </class> <!-- io.kaitai.struct.spec.TestRepeatEosStruct -->
      <class name="io.kaitai.struct.spec.TestDocstringsDocrefMulti">
        <test-method signature="testDocstringsDocrefMulti()[pri:0, instance:io.kaitai.struct.spec.TestDocstringsDocrefMulti@44821a96]" started-at="2023-07-05T16:21:06Z" name="testDocstringsDocrefMulti" finished-at="2023-07-05T16:21:06Z" duration-ms="4" status="PASS">
          <reporter-output>
          </reporter-output>
        </test-method> <!-- testDocstringsDocrefMulti -->
      </class> <!-- io.kaitai.struct.spec.TestDocstringsDocrefMulti -->
      <class name="io.kaitai.struct.spec.TestParamsPassUsertype">
        <test-method signature="testParamsPassUsertype()[pri:0, instance:io.kaitai.struct.spec.TestParamsPassUsertype@3e6ef8ad]" started-at="2023-07-05T16:21:06Z" name="testParamsPassUsertype" finished-at="2023-07-05T16:21:06Z" duration-ms="1" status="PASS">
          <reporter-output>
          </reporter-output>
        </test-method> <!-- testParamsPassUsertype -->
      </class> <!-- io.kaitai.struct.spec.TestParamsPassUsertype -->
      <class name="io.kaitai.struct.spec.TestFixedStruct">
        <test-method signature="testFixedStruct()[pri:0, instance:io.kaitai.struct.spec.TestFixedStruct@6a6afff2]" started-at="2023-07-05T16:21:06Z" name="testFixedStruct" finished-at="2023-07-05T16:21:06Z" duration-ms="1" status="PASS">
          <reporter-output>
          </reporter-output>
        </test-method> <!-- testFixedStruct -->
      </class> <!-- io.kaitai.struct.spec.TestFixedStruct -->
      <class name="io.kaitai.struct.spec.TestProcessToUser">
        <test-method signature="testProcessToUser()[pri:0, instance:io.kaitai.struct.spec.TestProcessToUser@46fa7c39]" started-at="2023-07-05T16:21:06Z" name="testProcessToUser" finished-at="2023-07-05T16:21:06Z" duration-ms="0" status="PASS">
          <reporter-output>
          </reporter-output>
        </test-method> <!-- testProcessToUser -->
      </class> <!-- io.kaitai.struct.spec.TestProcessToUser -->
      <class name="io.kaitai.struct.spec.TestValidEqStrEncodings">
        <test-method signature="testValidEqStrEncodings()[pri:0, instance:io.kaitai.struct.spec.TestValidEqStrEncodings@50caa560]" started-at="2023-07-05T16:21:06Z" name="testValidEqStrEncodings" finished-at="2023-07-05T16:21:06Z" duration-ms="1" status="PASS">
          <reporter-output>
          </reporter-output>
        </test-method> <!-- testValidEqStrEncodings -->
      </class> <!-- io.kaitai.struct.spec.TestValidEqStrEncodings -->
      <class name="io.kaitai.struct.spec.TestParamsPassArrayStruct">
        <test-method signature="testParamsPassArrayStruct()[pri:0, instance:io.kaitai.struct.spec.TestParamsPassArrayStruct@378542de]" started-at="2023-07-05T16:21:06Z" name="testParamsPassArrayStruct" finished-at="2023-07-05T16:21:06Z" duration-ms="1" status="PASS">
          <reporter-output>
          </reporter-output>
        </test-method> <!-- testParamsPassArrayStruct -->
      </class> <!-- io.kaitai.struct.spec.TestParamsPassArrayStruct -->
      <class name="io.kaitai.struct.spec.TestNonStandard">
        <test-method signature="testNonStandard()[pri:0, instance:io.kaitai.struct.spec.TestNonStandard@55b53d44]" started-at="2023-07-05T16:21:06Z" name="testNonStandard" finished-at="2023-07-05T16:21:06Z" duration-ms="1" status="PASS">
          <reporter-output>
          </reporter-output>
        </test-method> <!-- testNonStandard -->
      </class> <!-- io.kaitai.struct.spec.TestNonStandard -->
      <class name="io.kaitai.struct.spec.TestFloatingPoints">
        <test-method signature="testFloatingPoints()[pri:0, instance:io.kaitai.struct.spec.TestFloatingPoints@4e7912d8]" started-at="2023-07-05T16:21:06Z" name="testFloatingPoints" finished-at="2023-07-05T16:21:06Z" duration-ms="1" status="PASS">
          <reporter-output>
          </reporter-output>
        </test-method> <!-- testFloatingPoints -->
      </class> <!-- io.kaitai.struct.spec.TestFloatingPoints -->
      <class name="io.kaitai.struct.spec.TestImportsCircularA">
        <test-method signature="testImportsCircularA()[pri:0, instance:io.kaitai.struct.spec.TestImportsCircularA@3571b748]" started-at="2023-07-05T16:21:06Z" name="testImportsCircularA" finished-at="2023-07-05T16:21:06Z" duration-ms="1" status="PASS">
          <reporter-output>
          </reporter-output>
        </test-method> <!-- testImportsCircularA -->
      </class> <!-- io.kaitai.struct.spec.TestImportsCircularA -->
      <class name="io.kaitai.struct.spec.TestStrPadTermEmpty">
        <test-method signature="testStrPadTermEmpty()[pri:0, instance:io.kaitai.struct.spec.TestStrPadTermEmpty@4470f8a6]" started-at="2023-07-05T16:21:06Z" name="testStrPadTermEmpty" finished-at="2023-07-05T16:21:06Z" duration-ms="2" status="PASS">
          <reporter-output>
          </reporter-output>
        </test-method> <!-- testStrPadTermEmpty -->
      </class> <!-- io.kaitai.struct.spec.TestStrPadTermEmpty -->
      <class name="io.kaitai.struct.spec.TestValidFailMaxInt">
        <test-method signature="testValidFailMaxInt()[pri:0, instance:io.kaitai.struct.spec.TestValidFailMaxInt@117e949d]" started-at="2023-07-05T16:21:06Z" name="testValidFailMaxInt" finished-at="2023-07-05T16:21:06Z" duration-ms="0" status="PASS">
          <exception class="io.kaitai.struct.KaitaiStream$ValidationGreaterThanError">
            <message>
              <![CDATA[/seq/0: at pos 1: validation failed: not in range, max 12, but got 80]]>
            </message>
            <full-stacktrace>
              <![CDATA[io.kaitai.struct.KaitaiStream$ValidationGreaterThanError: /seq/0: at pos 1: validation failed: not in range, max 12, but got 80
	at io.kaitai.struct.testformats.ValidFailMaxInt._read(ValidFailMaxInt.java:32)
	at io.kaitai.struct.testformats.ValidFailMaxInt.<init>(ValidFailMaxInt.java:27)
	at io.kaitai.struct.testformats.ValidFailMaxInt.<init>(ValidFailMaxInt.java:16)
	at io.kaitai.struct.testformats.ValidFailMaxInt.fromFile(ValidFailMaxInt.java:12)
	at io.kaitai.struct.spec.TestValidFailMaxInt.testValidFailMaxInt(TestValidFailMaxInt.java:13)
	at java.base/jdk.internal.reflect.NativeMethodAccessorImpl.invoke0(Native Method)
	at java.base/jdk.internal.reflect.NativeMethodAccessorImpl.invoke(NativeMethodAccessorImpl.java:62)
	at java.base/jdk.internal.reflect.DelegatingMethodAccessorImpl.invoke(DelegatingMethodAccessorImpl.java:43)
	at java.base/java.lang.reflect.Method.invoke(Method.java:566)
	at org.testng.internal.MethodInvocationHelper.invokeMethod(MethodInvocationHelper.java:86)
	at org.testng.internal.Invoker.invokeMethod(Invoker.java:643)
	at org.testng.internal.Invoker.invokeTestMethod(Invoker.java:820)
	at org.testng.internal.Invoker.invokeTestMethods(Invoker.java:1128)
	at org.testng.internal.TestMethodWorker.invokeTestMethods(TestMethodWorker.java:129)
	at org.testng.internal.TestMethodWorker.run(TestMethodWorker.java:112)
	at org.testng.TestRunner.privateRun(TestRunner.java:782)
	at org.testng.TestRunner.run(TestRunner.java:632)
	at org.testng.SuiteRunner.runTest(SuiteRunner.java:366)
	at org.testng.SuiteRunner.runSequentially(SuiteRunner.java:361)
	at org.testng.SuiteRunner.privateRun(SuiteRunner.java:319)
	at org.testng.SuiteRunner.run(SuiteRunner.java:268)
	at org.testng.SuiteRunnerWorker.runSuite(SuiteRunnerWorker.java:52)
	at org.testng.SuiteRunnerWorker.run(SuiteRunnerWorker.java:86)
	at org.testng.TestNG.runSuitesSequentially(TestNG.java:1244)
	at org.testng.TestNG.runSuitesLocally(TestNG.java:1169)
	at org.testng.TestNG.run(TestNG.java:1064)
	at org.testng.TestNG.privateMain(TestNG.java:1385)
	at org.testng.TestNG.main(TestNG.java:1354)
]]>
            </full-stacktrace>
          </exception> <!-- io.kaitai.struct.KaitaiStream$ValidationGreaterThanError -->
          <reporter-output>
          </reporter-output>
        </test-method> <!-- testValidFailMaxInt -->
      </class> <!-- io.kaitai.struct.spec.TestValidFailMaxInt -->
      <class name="io.kaitai.struct.spec.TestBitsEnum">
        <test-method signature="testBitsEnum()[pri:0, instance:io.kaitai.struct.spec.TestBitsEnum@2f54a33d]" started-at="2023-07-05T16:21:06Z" name="testBitsEnum" finished-at="2023-07-05T16:21:06Z" duration-ms="1" status="PASS">
          <reporter-output>
          </reporter-output>
        </test-method> <!-- testBitsEnum -->
      </class> <!-- io.kaitai.struct.spec.TestBitsEnum -->
      <class name="io.kaitai.struct.spec.TestValidFailMinInt">
        <test-method signature="testValidFailMinInt()[pri:0, instance:io.kaitai.struct.spec.TestValidFailMinInt@5f16132a]" started-at="2023-07-05T16:21:06Z" name="testValidFailMinInt" finished-at="2023-07-05T16:21:06Z" duration-ms="1" status="PASS">
          <exception class="io.kaitai.struct.KaitaiStream$ValidationLessThanError">
            <message>
              <![CDATA[/seq/0: at pos 1: validation failed: not in range, min 123, but got 80]]>
            </message>
            <full-stacktrace>
              <![CDATA[io.kaitai.struct.KaitaiStream$ValidationLessThanError: /seq/0: at pos 1: validation failed: not in range, min 123, but got 80
	at io.kaitai.struct.testformats.ValidFailMinInt._read(ValidFailMinInt.java:32)
	at io.kaitai.struct.testformats.ValidFailMinInt.<init>(ValidFailMinInt.java:27)
	at io.kaitai.struct.testformats.ValidFailMinInt.<init>(ValidFailMinInt.java:16)
	at io.kaitai.struct.testformats.ValidFailMinInt.fromFile(ValidFailMinInt.java:12)
	at io.kaitai.struct.spec.TestValidFailMinInt.testValidFailMinInt(TestValidFailMinInt.java:13)
	at java.base/jdk.internal.reflect.NativeMethodAccessorImpl.invoke0(Native Method)
	at java.base/jdk.internal.reflect.NativeMethodAccessorImpl.invoke(NativeMethodAccessorImpl.java:62)
	at java.base/jdk.internal.reflect.DelegatingMethodAccessorImpl.invoke(DelegatingMethodAccessorImpl.java:43)
	at java.base/java.lang.reflect.Method.invoke(Method.java:566)
	at org.testng.internal.MethodInvocationHelper.invokeMethod(MethodInvocationHelper.java:86)
	at org.testng.internal.Invoker.invokeMethod(Invoker.java:643)
	at org.testng.internal.Invoker.invokeTestMethod(Invoker.java:820)
	at org.testng.internal.Invoker.invokeTestMethods(Invoker.java:1128)
	at org.testng.internal.TestMethodWorker.invokeTestMethods(TestMethodWorker.java:129)
	at org.testng.internal.TestMethodWorker.run(TestMethodWorker.java:112)
	at org.testng.TestRunner.privateRun(TestRunner.java:782)
	at org.testng.TestRunner.run(TestRunner.java:632)
	at org.testng.SuiteRunner.runTest(SuiteRunner.java:366)
	at org.testng.SuiteRunner.runSequentially(SuiteRunner.java:361)
	at org.testng.SuiteRunner.privateRun(SuiteRunner.java:319)
	at org.testng.SuiteRunner.run(SuiteRunner.java:268)
	at org.testng.SuiteRunnerWorker.runSuite(SuiteRunnerWorker.java:52)
	at org.testng.SuiteRunnerWorker.run(SuiteRunnerWorker.java:86)
	at org.testng.TestNG.runSuitesSequentially(TestNG.java:1244)
	at org.testng.TestNG.runSuitesLocally(TestNG.java:1169)
	at org.testng.TestNG.run(TestNG.java:1064)
	at org.testng.TestNG.privateMain(TestNG.java:1385)
	at org.testng.TestNG.main(TestNG.java:1354)
]]>
            </full-stacktrace>
          </exception> <!-- io.kaitai.struct.KaitaiStream$ValidationLessThanError -->
          <reporter-output>
          </reporter-output>
        </test-method> <!-- testValidFailMinInt -->
      </class> <!-- io.kaitai.struct.spec.TestValidFailMinInt -->
      <class name="io.kaitai.struct.spec.TestNestedTypeParam">
        <test-method signature="testNestedTypeParam()[pri:0, instance:io.kaitai.struct.spec.TestNestedTypeParam@73ee04c8]" started-at="2023-07-05T16:21:06Z" name="testNestedTypeParam" finished-at="2023-07-05T16:21:06Z" duration-ms="0" status="PASS">
          <reporter-output>
          </reporter-output>
        </test-method> <!-- testNestedTypeParam -->
      </class> <!-- io.kaitai.struct.spec.TestNestedTypeParam -->
      <class name="io.kaitai.struct.spec.TestDefaultBigEndian">
        <test-method signature="testDefaultBigEndian()[pri:0, instance:io.kaitai.struct.spec.TestDefaultBigEndian@d6e7bab]" started-at="2023-07-05T16:21:06Z" name="testDefaultBigEndian" finished-at="2023-07-05T16:21:06Z" duration-ms="0" status="PASS">
          <reporter-output>
          </reporter-output>
        </test-method> <!-- testDefaultBigEndian -->
      </class> <!-- io.kaitai.struct.spec.TestDefaultBigEndian -->
      <class name="io.kaitai.struct.spec.TestExprSizeofValue0">
        <test-method signature="testExprSizeofValue0()[pri:0, instance:io.kaitai.struct.spec.TestExprSizeofValue0@1eb5174b]" started-at="2023-07-05T16:21:06Z" name="testExprSizeofValue0" finished-at="2023-07-05T16:21:06Z" duration-ms="1" status="PASS">
          <reporter-output>
          </reporter-output>
        </test-method> <!-- testExprSizeofValue0 -->
      </class> <!-- io.kaitai.struct.spec.TestExprSizeofValue0 -->
      <class name="io.kaitai.struct.spec.TestExprStrOps">
        <test-method signature="testExprStrOps()[pri:0, instance:io.kaitai.struct.spec.TestExprStrOps@3738449f]" started-at="2023-07-05T16:21:06Z" name="testExprStrOps" finished-at="2023-07-05T16:21:06Z" duration-ms="0" status="PASS">
          <reporter-output>
          </reporter-output>
        </test-method> <!-- testExprStrOps -->
      </class> <!-- io.kaitai.struct.spec.TestExprStrOps -->
      <class name="io.kaitai.struct.spec.TestExprIoPos">
        <test-method signature="testExprIoPos()[pri:0, instance:io.kaitai.struct.spec.TestExprIoPos@67080771]" started-at="2023-07-05T16:21:06Z" name="testExprIoPos" finished-at="2023-07-05T16:21:06Z" duration-ms="1" status="PASS">
          <reporter-output>
          </reporter-output>
        </test-method> <!-- testExprIoPos -->
      </class> <!-- io.kaitai.struct.spec.TestExprIoPos -->
      <class name="io.kaitai.struct.spec.TestProcessXorValue">
        <test-method signature="testProcessXorValue()[pri:0, instance:io.kaitai.struct.spec.TestProcessXorValue@1356d4d4]" started-at="2023-07-05T16:21:06Z" name="testProcessXorValue" finished-at="2023-07-05T16:21:06Z" duration-ms="0" status="PASS">
          <reporter-output>
          </reporter-output>
        </test-method> <!-- testProcessXorValue -->
      </class> <!-- io.kaitai.struct.spec.TestProcessXorValue -->
      <class name="io.kaitai.struct.spec.TestHelloWorld">
        <test-method signature="testHelloWorld()[pri:0, instance:io.kaitai.struct.spec.TestHelloWorld@346d61be]" started-at="2023-07-05T16:21:06Z" name="testHelloWorld" finished-at="2023-07-05T16:21:06Z" duration-ms="0" status="PASS">
          <reporter-output>
          </reporter-output>
        </test-method> <!-- testHelloWorld -->
      </class> <!-- io.kaitai.struct.spec.TestHelloWorld -->
      <class name="io.kaitai.struct.spec.TestProcessXor4Value">
        <test-method signature="testProcessXor4Value()[pri:0, instance:io.kaitai.struct.spec.TestProcessXor4Value@152aa092]" started-at="2023-07-05T16:21:06Z" name="testProcessXor4Value" finished-at="2023-07-05T16:21:06Z" duration-ms="0" status="PASS">
          <reporter-output>
          </reporter-output>
        </test-method> <!-- testProcessXor4Value -->
      </class> <!-- io.kaitai.struct.spec.TestProcessXor4Value -->
      <class name="io.kaitai.struct.spec.TestBitsSignedShiftB32Le">
        <test-method signature="testBitsSignedShiftB32Le()[pri:0, instance:io.kaitai.struct.spec.TestBitsSignedShiftB32Le@2bfc268b]" started-at="2023-07-05T16:21:06Z" name="testBitsSignedShiftB32Le" finished-at="2023-07-05T16:21:06Z" duration-ms="3" status="PASS">
          <reporter-output>
          </reporter-output>
        </test-method> <!-- testBitsSignedShiftB32Le -->
      </class> <!-- io.kaitai.struct.spec.TestBitsSignedShiftB32Le -->
      <class name="io.kaitai.struct.spec.TestCombineBool">
        <test-method signature="testCombineBool()[pri:0, instance:io.kaitai.struct.spec.TestCombineBool@44a7bfbc]" started-at="2023-07-05T16:21:06Z" name="testCombineBool" finished-at="2023-07-05T16:21:06Z" duration-ms="0" status="PASS">
          <reporter-output>
          </reporter-output>
        </test-method> <!-- testCombineBool -->
      </class> <!-- io.kaitai.struct.spec.TestCombineBool -->
      <class name="io.kaitai.struct.spec.TestNavParentFalse2">
        <test-method signature="testNavParentFalse2()[pri:0, instance:io.kaitai.struct.spec.TestNavParentFalse2@2accdbb5]" started-at="2023-07-05T16:21:06Z" name="testNavParentFalse2" finished-at="2023-07-05T16:21:06Z" duration-ms="0" status="PASS">
          <reporter-output>
          </reporter-output>
        </test-method> <!-- testNavParentFalse2 -->
      </class> <!-- io.kaitai.struct.spec.TestNavParentFalse2 -->
      <class name="io.kaitai.struct.spec.TestIntegersMinMax">
        <test-method signature="testIntegersMinMax()[pri:0, instance:io.kaitai.struct.spec.TestIntegersMinMax@37f1104d]" started-at="2023-07-05T16:21:06Z" name="testIntegersMinMax" finished-at="2023-07-05T16:21:06Z" duration-ms="1" status="PASS">
          <reporter-output>
          </reporter-output>
        </test-method> <!-- testIntegersMinMax -->
      </class> <!-- io.kaitai.struct.spec.TestIntegersMinMax -->
      <class name="io.kaitai.struct.spec.TestSwitchManualEnum">
        <test-method signature="testSwitchManualEnum()[pri:0, instance:io.kaitai.struct.spec.TestSwitchManualEnum@672872e1]" started-at="2023-07-05T16:21:06Z" name="testSwitchManualEnum" finished-at="2023-07-05T16:21:06Z" duration-ms="2" status="PASS">
          <reporter-output>
          </reporter-output>
        </test-method> <!-- testSwitchManualEnum -->
      </class> <!-- io.kaitai.struct.spec.TestSwitchManualEnum -->
      <class name="io.kaitai.struct.spec.TestSwitchManualStrElse">
        <test-method signature="testSwitchManualStrElse()[pri:0, instance:io.kaitai.struct.spec.TestSwitchManualStrElse@cad498c]" started-at="2023-07-05T16:21:06Z" name="testSwitchManualStrElse" finished-at="2023-07-05T16:21:06Z" duration-ms="1" status="PASS">
          <reporter-output>
          </reporter-output>
        </test-method> <!-- testSwitchManualStrElse -->
      </class> <!-- io.kaitai.struct.spec.TestSwitchManualStrElse -->
      <class name="io.kaitai.struct.spec.TestValidLong">
        <test-method signature="testValidLong()[pri:0, instance:io.kaitai.struct.spec.TestValidLong@49dc7102]" started-at="2023-07-05T16:21:06Z" name="testValidLong" finished-at="2023-07-05T16:21:06Z" duration-ms="1" status="PASS">
          <reporter-output>
          </reporter-output>
        </test-method> <!-- testValidLong -->
      </class> <!-- io.kaitai.struct.spec.TestValidLong -->
      <class name="io.kaitai.struct.spec.TestRecursiveOne">
        <test-method signature="testRecursiveOne()[pri:0, instance:io.kaitai.struct.spec.TestRecursiveOne@3cc1435c]" started-at="2023-07-05T16:21:06Z" name="testRecursiveOne" finished-at="2023-07-05T16:21:06Z" duration-ms="1" status="PASS">
          <reporter-output>
          </reporter-output>
        </test-method> <!-- testRecursiveOne -->
      </class> <!-- io.kaitai.struct.spec.TestRecursiveOne -->
      <class name="io.kaitai.struct.spec.TestCombineEnum">
        <test-method signature="testCombineEnum()[pri:0, instance:io.kaitai.struct.spec.TestCombineEnum@5fd4f8f5]" started-at="2023-07-05T16:21:06Z" name="testCombineEnum" finished-at="2023-07-05T16:21:06Z" duration-ms="1" status="PASS">
          <reporter-output>
          </reporter-output>
        </test-method> <!-- testCombineEnum -->
      </class> <!-- io.kaitai.struct.spec.TestCombineEnum -->
      <class name="io.kaitai.struct.spec.TestNavParentSwitchCast">
        <test-method signature="testNavParentSwitchCast()[pri:0, instance:io.kaitai.struct.spec.TestNavParentSwitchCast@7a675056]" started-at="2023-07-05T16:21:06Z" name="testNavParentSwitchCast" finished-at="2023-07-05T16:21:06Z" duration-ms="2" status="PASS">
          <reporter-output>
          </reporter-output>
        </test-method> <!-- testNavParentSwitchCast -->
      </class> <!-- io.kaitai.struct.spec.TestNavParentSwitchCast -->
      <class name="io.kaitai.struct.spec.TestSwitchManualIntSizeEos">
        <test-method signature="testSwitchManualIntSizeEos()[pri:0, instance:io.kaitai.struct.spec.TestSwitchManualIntSizeEos@306cf3ea]" started-at="2023-07-05T16:21:06Z" name="testSwitchManualIntSizeEos" finished-at="2023-07-05T16:21:06Z" duration-ms="3" status="PASS">
          <reporter-output>
          </reporter-output>
        </test-method> <!-- testSwitchManualIntSizeEos -->
      </class> <!-- io.kaitai.struct.spec.TestSwitchManualIntSizeEos -->
      <class name="io.kaitai.struct.spec.TestParamsPassArrayUsertype">
        <test-method signature="testParamsPassArrayUsertype()[pri:0, instance:io.kaitai.struct.spec.TestParamsPassArrayUsertype@10d68fcd]" started-at="2023-07-05T16:21:06Z" name="testParamsPassArrayUsertype" finished-at="2023-07-05T16:21:06Z" duration-ms="1" status="PASS">
          <reporter-output>
          </reporter-output>
        </test-method> <!-- testParamsPassArrayUsertype -->
      </class> <!-- io.kaitai.struct.spec.TestParamsPassArrayUsertype -->
      <class name="io.kaitai.struct.spec.TestRepeatNStrz">
        <test-method signature="testRepeatNStrz()[pri:0, instance:io.kaitai.struct.spec.TestRepeatNStrz@7690781]" started-at="2023-07-05T16:21:06Z" name="testRepeatNStrz" finished-at="2023-07-05T16:21:06Z" duration-ms="3" status="PASS">
          <reporter-output>
          </reporter-output>
        </test-method> <!-- testRepeatNStrz -->
      </class> <!-- io.kaitai.struct.spec.TestRepeatNStrz -->
      <class name="io.kaitai.struct.spec.TestDefaultEndianExprIsBe">
        <test-method signature="testDefaultEndianExprIsBe()[pri:0, instance:io.kaitai.struct.spec.TestDefaultEndianExprIsBe@2abf4075]" started-at="2023-07-05T16:21:06Z" name="testDefaultEndianExprIsBe" finished-at="2023-07-05T16:21:06Z" duration-ms="2" status="PASS">
          <reporter-output>
          </reporter-output>
        </test-method> <!-- testDefaultEndianExprIsBe -->
      </class> <!-- io.kaitai.struct.spec.TestDefaultEndianExprIsBe -->
      <class name="io.kaitai.struct.spec.TestPositionAbs">
        <test-method signature="testPositionAbs()[pri:0, instance:io.kaitai.struct.spec.TestPositionAbs@53aad5d5]" started-at="2023-07-05T16:21:06Z" name="testPositionAbs" finished-at="2023-07-05T16:21:06Z" duration-ms="0" status="PASS">
          <reporter-output>
          </reporter-output>
        </test-method> <!-- testPositionAbs -->
      </class> <!-- io.kaitai.struct.spec.TestPositionAbs -->
      <class name="io.kaitai.struct.spec.TestStrLiterals">
        <test-method signature="testStrLiterals()[pri:0, instance:io.kaitai.struct.spec.TestStrLiterals@394a2528]" started-at="2023-07-05T16:21:06Z" name="testStrLiterals" finished-at="2023-07-05T16:21:06Z" duration-ms="1" status="PASS">
          <reporter-output>
          </reporter-output>
        </test-method> <!-- testStrLiterals -->
      </class> <!-- io.kaitai.struct.spec.TestStrLiterals -->
      <class name="io.kaitai.struct.spec.TestExprMod">
        <test-method signature="testExprMod()[pri:0, instance:io.kaitai.struct.spec.TestExprMod@696da30b]" started-at="2023-07-05T16:21:06Z" name="testExprMod" finished-at="2023-07-05T16:21:06Z" duration-ms="1" status="PASS">
          <reporter-output>
          </reporter-output>
        </test-method> <!-- testExprMod -->
      </class> <!-- io.kaitai.struct.spec.TestExprMod -->
      <class name="io.kaitai.struct.spec.TestValidFailAnyofInt">
        <test-method signature="testValidFailAnyofInt()[pri:0, instance:io.kaitai.struct.spec.TestValidFailAnyofInt@2b4bac49]" started-at="2023-07-05T16:21:06Z" name="testValidFailAnyofInt" finished-at="2023-07-05T16:21:06Z" duration-ms="4" status="PASS">
          <exception class="io.kaitai.struct.KaitaiStream$ValidationNotAnyOfError">
            <message>
              <![CDATA[/seq/0: at pos 1: validation failed: not any of the list, got 80]]>
            </message>
            <full-stacktrace>
              <![CDATA[io.kaitai.struct.KaitaiStream$ValidationNotAnyOfError: /seq/0: at pos 1: validation failed: not any of the list, got 80
	at io.kaitai.struct.testformats.ValidFailAnyofInt._read(ValidFailAnyofInt.java:32)
	at io.kaitai.struct.testformats.ValidFailAnyofInt.<init>(ValidFailAnyofInt.java:27)
	at io.kaitai.struct.testformats.ValidFailAnyofInt.<init>(ValidFailAnyofInt.java:16)
	at io.kaitai.struct.testformats.ValidFailAnyofInt.fromFile(ValidFailAnyofInt.java:12)
	at io.kaitai.struct.spec.TestValidFailAnyofInt.testValidFailAnyofInt(TestValidFailAnyofInt.java:13)
	at java.base/jdk.internal.reflect.NativeMethodAccessorImpl.invoke0(Native Method)
	at java.base/jdk.internal.reflect.NativeMethodAccessorImpl.invoke(NativeMethodAccessorImpl.java:62)
	at java.base/jdk.internal.reflect.DelegatingMethodAccessorImpl.invoke(DelegatingMethodAccessorImpl.java:43)
	at java.base/java.lang.reflect.Method.invoke(Method.java:566)
	at org.testng.internal.MethodInvocationHelper.invokeMethod(MethodInvocationHelper.java:86)
	at org.testng.internal.Invoker.invokeMethod(Invoker.java:643)
	at org.testng.internal.Invoker.invokeTestMethod(Invoker.java:820)
	at org.testng.internal.Invoker.invokeTestMethods(Invoker.java:1128)
	at org.testng.internal.TestMethodWorker.invokeTestMethods(TestMethodWorker.java:129)
	at org.testng.internal.TestMethodWorker.run(TestMethodWorker.java:112)
	at org.testng.TestRunner.privateRun(TestRunner.java:782)
	at org.testng.TestRunner.run(TestRunner.java:632)
	at org.testng.SuiteRunner.runTest(SuiteRunner.java:366)
	at org.testng.SuiteRunner.runSequentially(SuiteRunner.java:361)
	at org.testng.SuiteRunner.privateRun(SuiteRunner.java:319)
	at org.testng.SuiteRunner.run(SuiteRunner.java:268)
	at org.testng.SuiteRunnerWorker.runSuite(SuiteRunnerWorker.java:52)
	at org.testng.SuiteRunnerWorker.run(SuiteRunnerWorker.java:86)
	at org.testng.TestNG.runSuitesSequentially(TestNG.java:1244)
	at org.testng.TestNG.runSuitesLocally(TestNG.java:1169)
	at org.testng.TestNG.run(TestNG.java:1064)
	at org.testng.TestNG.privateMain(TestNG.java:1385)
	at org.testng.TestNG.main(TestNG.java:1354)
]]>
            </full-stacktrace>
          </exception> <!-- io.kaitai.struct.KaitaiStream$ValidationNotAnyOfError -->
          <reporter-output>
          </reporter-output>
        </test-method> <!-- testValidFailAnyofInt -->
      </class> <!-- io.kaitai.struct.spec.TestValidFailAnyofInt -->
      <class name="io.kaitai.struct.spec.TestSwitchManualEnumInvalidElse">
        <test-method signature="testSwitchManualEnumInvalidElse()[pri:0, instance:io.kaitai.struct.spec.TestSwitchManualEnumInvalidElse@366647c2]" started-at="2023-07-05T16:21:06Z" name="testSwitchManualEnumInvalidElse" finished-at="2023-07-05T16:21:06Z" duration-ms="1" status="PASS">
          <reporter-output>
          </reporter-output>
        </test-method> <!-- testSwitchManualEnumInvalidElse -->
      </class> <!-- io.kaitai.struct.spec.TestSwitchManualEnumInvalidElse -->
      <class name="io.kaitai.struct.spec.TestBitsUnalignedB64Be">
        <test-method signature="testBitsUnalignedB64Be()[pri:0, instance:io.kaitai.struct.spec.TestBitsUnalignedB64Be@683dbc2c]" started-at="2023-07-05T16:21:06Z" name="testBitsUnalignedB64Be" finished-at="2023-07-05T16:21:06Z" duration-ms="0" status="PASS">
          <reporter-output>
          </reporter-output>
        </test-method> <!-- testBitsUnalignedB64Be -->
      </class> <!-- io.kaitai.struct.spec.TestBitsUnalignedB64Be -->
      <class name="io.kaitai.struct.spec.TestOptionalId">
        <test-method signature="testOptionalId()[pri:0, instance:io.kaitai.struct.spec.TestOptionalId@2e222612]" started-at="2023-07-05T16:21:06Z" name="testOptionalId" finished-at="2023-07-05T16:21:06Z" duration-ms="0" status="PASS">
          <reporter-output>
          </reporter-output>
        </test-method> <!-- testOptionalId -->
      </class> <!-- io.kaitai.struct.spec.TestOptionalId -->
      <class name="io.kaitai.struct.spec.TestIfStruct">
        <test-method signature="testIfStruct()[pri:0, instance:io.kaitai.struct.spec.TestIfStruct@2898ac89]" started-at="2023-07-05T16:21:06Z" name="testIfStruct" finished-at="2023-07-05T16:21:06Z" duration-ms="1" status="PASS">
          <reporter-output>
          </reporter-output>
        </test-method> <!-- testIfStruct -->
      </class> <!-- io.kaitai.struct.spec.TestIfStruct -->
      <class name="io.kaitai.struct.spec.TestStrPadTerm">
        <test-method signature="testStrPadTerm()[pri:0, instance:io.kaitai.struct.spec.TestStrPadTerm@55536d9e]" started-at="2023-07-05T16:21:06Z" name="testStrPadTerm" finished-at="2023-07-05T16:21:06Z" duration-ms="1" status="PASS">
          <reporter-output>
          </reporter-output>
        </test-method> <!-- testStrPadTerm -->
      </class> <!-- io.kaitai.struct.spec.TestStrPadTerm -->
      <class name="io.kaitai.struct.spec.TestDocstringsDocref">
        <test-method signature="testDocstringsDocref()[pri:0, instance:io.kaitai.struct.spec.TestDocstringsDocref@62230c58]" started-at="2023-07-05T16:21:06Z" name="testDocstringsDocref" finished-at="2023-07-05T16:21:06Z" duration-ms="1" status="PASS">
          <reporter-output>
          </reporter-output>
        </test-method> <!-- testDocstringsDocref -->
      </class> <!-- io.kaitai.struct.spec.TestDocstringsDocref -->
      <class name="io.kaitai.struct.spec.TestExpr3">
        <test-method signature="testExpr3()[pri:0, instance:io.kaitai.struct.spec.TestExpr3@6497b078]" started-at="2023-07-05T16:21:06Z" name="testExpr3" finished-at="2023-07-05T16:21:06Z" duration-ms="5" status="PASS">
          <reporter-output>
          </reporter-output>
        </test-method> <!-- testExpr3 -->
      </class> <!-- io.kaitai.struct.spec.TestExpr3 -->
      <class name="io.kaitai.struct.spec.TestExpr2">
        <test-method signature="testExpr2()[pri:0, instance:io.kaitai.struct.spec.TestExpr2@e1de817]" started-at="2023-07-05T16:21:06Z" name="testExpr2" finished-at="2023-07-05T16:21:06Z" duration-ms="1" status="PASS">
          <reporter-output>
          </reporter-output>
        </test-method> <!-- testExpr2 -->
      </class> <!-- io.kaitai.struct.spec.TestExpr2 -->
      <class name="io.kaitai.struct.spec.TestOpaqueWithParam">
        <test-method signature="testOpaqueWithParam()[pri:0, instance:io.kaitai.struct.spec.TestOpaqueWithParam@76ed1b7c]" started-at="2023-07-05T16:21:06Z" name="testOpaqueWithParam" finished-at="2023-07-05T16:21:06Z" duration-ms="1" status="PASS">
          <reporter-output>
          </reporter-output>
        </test-method> <!-- testOpaqueWithParam -->
      </class> <!-- io.kaitai.struct.spec.TestOpaqueWithParam -->
      <class name="io.kaitai.struct.spec.TestSwitchBytearray">
        <test-method signature="testSwitchBytearray()[pri:0, instance:io.kaitai.struct.spec.TestSwitchBytearray@3c0be339]" started-at="2023-07-05T16:21:06Z" name="testSwitchBytearray" finished-at="2023-07-05T16:21:06Z" duration-ms="2" status="PASS">
          <reporter-output>
          </reporter-output>
        </test-method> <!-- testSwitchBytearray -->
      </class> <!-- io.kaitai.struct.spec.TestSwitchBytearray -->
      <class name="io.kaitai.struct.spec.TestTermBytes">
        <test-method signature="testTermBytes()[pri:0, instance:io.kaitai.struct.spec.TestTermBytes@74455848]" started-at="2023-07-05T16:21:06Z" name="testTermBytes" finished-at="2023-07-05T16:21:06Z" duration-ms="1" status="PASS">
          <reporter-output>
          </reporter-output>
        </test-method> <!-- testTermBytes -->
      </class> <!-- io.kaitai.struct.spec.TestTermBytes -->
      <class name="io.kaitai.struct.spec.TestNestedTypes3">
        <test-method signature="testNestedTypes3()[pri:0, instance:io.kaitai.struct.spec.TestNestedTypes3@a3d8174]" started-at="2023-07-05T16:21:06Z" name="testNestedTypes3" finished-at="2023-07-05T16:21:06Z" duration-ms="1" status="PASS">
          <reporter-output>
          </reporter-output>
        </test-method> <!-- testNestedTypes3 -->
      </class> <!-- io.kaitai.struct.spec.TestNestedTypes3 -->
      <class name="io.kaitai.struct.spec.TestExpr1">
        <test-method signature="testExpr1()[pri:0, instance:io.kaitai.struct.spec.TestExpr1@1f97cf0d]" started-at="2023-07-05T16:21:06Z" name="testExpr1" finished-at="2023-07-05T16:21:06Z" duration-ms="1" status="PASS">
          <reporter-output>
          </reporter-output>
        </test-method> <!-- testExpr1 -->
      </class> <!-- io.kaitai.struct.spec.TestExpr1 -->
      <class name="io.kaitai.struct.spec.TestExpr0">
        <test-method signature="testExpr0()[pri:0, instance:io.kaitai.struct.spec.TestExpr0@762ef0ea]" started-at="2023-07-05T16:21:06Z" name="testExpr0" finished-at="2023-07-05T16:21:06Z" duration-ms="1" status="PASS">
          <reporter-output>
          </reporter-output>
        </test-method> <!-- testExpr0 -->
      </class> <!-- io.kaitai.struct.spec.TestExpr0 -->
      <class name="io.kaitai.struct.spec.TestOpaqueExternalType">
        <test-method signature="testOpaqueExternalType()[pri:0, instance:io.kaitai.struct.spec.TestOpaqueExternalType@7b02881e]" started-at="2023-07-05T16:21:06Z" name="testOpaqueExternalType" finished-at="2023-07-05T16:21:06Z" duration-ms="0" status="PASS">
          <reporter-output>
          </reporter-output>
        </test-method> <!-- testOpaqueExternalType -->
      </class> <!-- io.kaitai.struct.spec.TestOpaqueExternalType -->
      <class name="io.kaitai.struct.spec.TestNestedTypes2">
        <test-method signature="testNestedTypes2()[pri:0, instance:io.kaitai.struct.spec.TestNestedTypes2@482bce4f]" started-at="2023-07-05T16:21:06Z" name="testNestedTypes2" finished-at="2023-07-05T16:21:06Z" duration-ms="1" status="PASS">
          <reporter-output>
          </reporter-output>
        </test-method> <!-- testNestedTypes2 -->
      </class> <!-- io.kaitai.struct.spec.TestNestedTypes2 -->
      <class name="io.kaitai.struct.spec.TestMetaTags">
        <test-method signature="testMetaTags()[pri:0, instance:io.kaitai.struct.spec.TestMetaTags@8317c52]" started-at="2023-07-05T16:21:06Z" name="testMetaTags" finished-at="2023-07-05T16:21:06Z" duration-ms="0" status="PASS">
          <reporter-output>
          </reporter-output>
        </test-method> <!-- testMetaTags -->
      </class> <!-- io.kaitai.struct.spec.TestMetaTags -->
      <class name="io.kaitai.struct.spec.TestTermU1Val">
        <test-method signature="testTermU1Val()[pri:0, instance:io.kaitai.struct.spec.TestTermU1Val@59af0466]" started-at="2023-07-05T16:21:06Z" name="testTermU1Val" finished-at="2023-07-05T16:21:06Z" duration-ms="0" status="PASS">
          <reporter-output>
          </reporter-output>
        </test-method> <!-- testTermU1Val -->
      </class> <!-- io.kaitai.struct.spec.TestTermU1Val -->
      <class name="io.kaitai.struct.spec.TestStrLiterals2">
        <test-method signature="testStrLiterals2()[pri:0, instance:io.kaitai.struct.spec.TestStrLiterals2@45ca843]" started-at="2023-07-05T16:21:06Z" name="testStrLiterals2" finished-at="2023-07-05T16:21:06Z" duration-ms="1" status="PASS">
          <reporter-output>
          </reporter-output>
        </test-method> <!-- testStrLiterals2 -->
      </class> <!-- io.kaitai.struct.spec.TestStrLiterals2 -->
      <class name="io.kaitai.struct.spec.TestParamsCallExtraParens">
        <test-method signature="testParamsCallExtraParens()[pri:0, instance:io.kaitai.struct.spec.TestParamsCallExtraParens@32910148]" started-at="2023-07-05T16:21:06Z" name="testParamsCallExtraParens" finished-at="2023-07-05T16:21:06Z" duration-ms="1" status="PASS">
          <reporter-output>
          </reporter-output>
        </test-method> <!-- testParamsCallExtraParens -->
      </class> <!-- io.kaitai.struct.spec.TestParamsCallExtraParens -->
      <class name="io.kaitai.struct.spec.TestParamsPassStruct">
        <test-method signature="testParamsPassStruct()[pri:0, instance:io.kaitai.struct.spec.TestParamsPassStruct@61d6015a]" started-at="2023-07-05T16:21:06Z" name="testParamsPassStruct" finished-at="2023-07-05T16:21:06Z" duration-ms="2" status="PASS">
          <reporter-output>
          </reporter-output>
        </test-method> <!-- testParamsPassStruct -->
      </class> <!-- io.kaitai.struct.spec.TestParamsPassStruct -->
      <class name="io.kaitai.struct.spec.TestEnumIntRangeU">
        <test-method signature="testEnumIntRangeU()[pri:0, instance:io.kaitai.struct.spec.TestEnumIntRangeU@732c2a62]" started-at="2023-07-05T16:21:06Z" name="testEnumIntRangeU" finished-at="2023-07-05T16:21:06Z" duration-ms="0" status="PASS">
          <reporter-output>
          </reporter-output>
        </test-method> <!-- testEnumIntRangeU -->
      </class> <!-- io.kaitai.struct.spec.TestEnumIntRangeU -->
      <class name="io.kaitai.struct.spec.TestExprStrEncodings">
        <test-method signature="testExprStrEncodings()[pri:0, instance:io.kaitai.struct.spec.TestExprStrEncodings@10959ece]" started-at="2023-07-05T16:21:06Z" name="testExprStrEncodings" finished-at="2023-07-05T16:21:06Z" duration-ms="1" status="PASS">
          <reporter-output>
          </reporter-output>
        </test-method> <!-- testExprStrEncodings -->
      </class> <!-- io.kaitai.struct.spec.TestExprStrEncodings -->
      <class name="io.kaitai.struct.spec.TestFixedContents">
        <test-method signature="testFixedContents()[pri:0, instance:io.kaitai.struct.spec.TestFixedContents@140c9f39]" started-at="2023-07-05T16:21:06Z" name="testFixedContents" finished-at="2023-07-05T16:21:06Z" duration-ms="1" status="PASS">
          <reporter-output>
          </reporter-output>
        </test-method> <!-- testFixedContents -->
      </class> <!-- io.kaitai.struct.spec.TestFixedContents -->
      <class name="io.kaitai.struct.spec.TestEnumIntRangeS">
        <test-method signature="testEnumIntRangeS()[pri:0, instance:io.kaitai.struct.spec.TestEnumIntRangeS@5609159b]" started-at="2023-07-05T16:21:06Z" name="testEnumIntRangeS" finished-at="2023-07-05T16:21:06Z" duration-ms="0" status="PASS">
          <reporter-output>
          </reporter-output>
        </test-method> <!-- testEnumIntRangeS -->
      </class> <!-- io.kaitai.struct.spec.TestEnumIntRangeS -->
      <class name="io.kaitai.struct.spec.TestIndexSizes">
        <test-method signature="testIndexSizes()[pri:0, instance:io.kaitai.struct.spec.TestIndexSizes@5939a379]" started-at="2023-07-05T16:21:06Z" name="testIndexSizes" finished-at="2023-07-05T16:21:06Z" duration-ms="0" status="PASS">
          <reporter-output>
          </reporter-output>
        </test-method> <!-- testIndexSizes -->
      </class> <!-- io.kaitai.struct.spec.TestIndexSizes -->
      <class name="io.kaitai.struct.spec.TestTypeTernary">
        <test-method signature="testTypeTernary()[pri:0, instance:io.kaitai.struct.spec.TestTypeTernary@41fecb8b]" started-at="2023-07-05T16:21:06Z" name="testTypeTernary" finished-at="2023-07-05T16:21:06Z" duration-ms="0" status="PASS">
          <reporter-output>
          </reporter-output>
        </test-method> <!-- testTypeTernary -->
      </class> <!-- io.kaitai.struct.spec.TestTypeTernary -->
      <class name="io.kaitai.struct.spec.TestInstanceStdArray">
        <test-method signature="testInstanceStdArray()[pri:0, instance:io.kaitai.struct.spec.TestInstanceStdArray@79da8dc5]" started-at="2023-07-05T16:21:06Z" name="testInstanceStdArray" finished-at="2023-07-05T16:21:06Z" duration-ms="0" status="PASS">
          <reporter-output>
          </reporter-output>
        </test-method> <!-- testInstanceStdArray -->
      </class> <!-- io.kaitai.struct.spec.TestInstanceStdArray -->
      <class name="io.kaitai.struct.spec.TestNavParent2">
        <test-method signature="testNavParent2()[pri:0, instance:io.kaitai.struct.spec.TestNavParent2@2cdd0d4b]" started-at="2023-07-05T16:21:06Z" name="testNavParent2" finished-at="2023-07-05T16:21:06Z" duration-ms="3" status="PASS">
          <reporter-output>
          </reporter-output>
        </test-method> <!-- testNavParent2 -->
      </class> <!-- io.kaitai.struct.spec.TestNavParent2 -->
      <class name="io.kaitai.struct.spec.TestNavParent3">
        <test-method signature="testNavParent3()[pri:0, instance:io.kaitai.struct.spec.TestNavParent3@66498326]" started-at="2023-07-05T16:21:06Z" name="testNavParent3" finished-at="2023-07-05T16:21:06Z" duration-ms="1" status="PASS">
          <reporter-output>
          </reporter-output>
        </test-method> <!-- testNavParent3 -->
      </class> <!-- io.kaitai.struct.spec.TestNavParent3 -->
      <class name="io.kaitai.struct.spec.TestExprIfIntOps">
        <test-method signature="testExprIfIntOps()[pri:0, instance:io.kaitai.struct.spec.TestExprIfIntOps@524d6d96]" started-at="2023-07-05T16:21:06Z" name="testExprIfIntOps" finished-at="2023-07-05T16:21:06Z" duration-ms="5" status="FAIL">
          <exception class="java.lang.AssertionError">
            <message>
              <![CDATA[expected [true] but found [false]]]>
            </message>
            <full-stacktrace>
              <![CDATA[java.lang.AssertionError: expected [true] but found [false]
	at org.testng.Assert.fail(Assert.java:94)
	at org.testng.Assert.failNotEquals(Assert.java:513)
	at org.testng.Assert.assertEqualsImpl(Assert.java:135)
	at org.testng.Assert.assertEquals(Assert.java:116)
	at org.testng.Assert.assertEquals(Assert.java:305)
	at org.testng.Assert.assertEquals(Assert.java:315)
	at io.kaitai.struct.spec.CommonSpec.assertIntEquals(CommonSpec.java:48)
	at io.kaitai.struct.spec.TestExprIfIntOps.testExprIfIntOps(TestExprIfIntOps.java:15)
	at java.base/jdk.internal.reflect.NativeMethodAccessorImpl.invoke0(Native Method)
	at java.base/jdk.internal.reflect.NativeMethodAccessorImpl.invoke(NativeMethodAccessorImpl.java:62)
	at java.base/jdk.internal.reflect.DelegatingMethodAccessorImpl.invoke(DelegatingMethodAccessorImpl.java:43)
	at java.base/java.lang.reflect.Method.invoke(Method.java:566)
	at org.testng.internal.MethodInvocationHelper.invokeMethod(MethodInvocationHelper.java:86)
	at org.testng.internal.Invoker.invokeMethod(Invoker.java:643)
	at org.testng.internal.Invoker.invokeTestMethod(Invoker.java:820)
	at org.testng.internal.Invoker.invokeTestMethods(Invoker.java:1128)
	at org.testng.internal.TestMethodWorker.invokeTestMethods(TestMethodWorker.java:129)
	at org.testng.internal.TestMethodWorker.run(TestMethodWorker.java:112)
	at org.testng.TestRunner.privateRun(TestRunner.java:782)
	at org.testng.TestRunner.run(TestRunner.java:632)
	at org.testng.SuiteRunner.runTest(SuiteRunner.java:366)
	at org.testng.SuiteRunner.runSequentially(SuiteRunner.java:361)
	at org.testng.SuiteRunner.privateRun(SuiteRunner.java:319)
	at org.testng.SuiteRunner.run(SuiteRunner.java:268)
	at org.testng.SuiteRunnerWorker.runSuite(SuiteRunnerWorker.java:52)
	at org.testng.SuiteRunnerWorker.run(SuiteRunnerWorker.java:86)
	at org.testng.TestNG.runSuitesSequentially(TestNG.java:1244)
	at org.testng.TestNG.runSuitesLocally(TestNG.java:1169)
	at org.testng.TestNG.run(TestNG.java:1064)
	at org.testng.TestNG.privateMain(TestNG.java:1385)
	at org.testng.TestNG.main(TestNG.java:1354)
]]>
            </full-stacktrace>
          </exception> <!-- java.lang.AssertionError -->
          <reporter-output>
          </reporter-output>
        </test-method> <!-- testExprIfIntOps -->
      </class> <!-- io.kaitai.struct.spec.TestExprIfIntOps -->
      <class name="io.kaitai.struct.spec.TestCastToTop">
        <test-method signature="testCastToTop()[pri:0, instance:io.kaitai.struct.spec.TestCastToTop@625732]" started-at="2023-07-05T16:21:06Z" name="testCastToTop" finished-at="2023-07-05T16:21:06Z" duration-ms="0" status="PASS">
          <reporter-output>
          </reporter-output>
        </test-method> <!-- testCastToTop -->
      </class> <!-- io.kaitai.struct.spec.TestCastToTop -->
      <class name="io.kaitai.struct.spec.TestExprSizeofType0">
        <test-method signature="testExprSizeofType0()[pri:0, instance:io.kaitai.struct.spec.TestExprSizeofType0@7748410a]" started-at="2023-07-05T16:21:06Z" name="testExprSizeofType0" finished-at="2023-07-05T16:21:06Z" duration-ms="1" status="PASS">
          <reporter-output>
          </reporter-output>
        </test-method> <!-- testExprSizeofType0 -->
      </class> <!-- io.kaitai.struct.spec.TestExprSizeofType0 -->
      <class name="io.kaitai.struct.spec.TestExprSizeofType1">
        <test-method signature="testExprSizeofType1()[pri:0, instance:io.kaitai.struct.spec.TestExprSizeofType1@68567e20]" started-at="2023-07-05T16:21:06Z" name="testExprSizeofType1" finished-at="2023-07-05T16:21:06Z" duration-ms="1" status="PASS">
          <reporter-output>
          </reporter-output>
        </test-method> <!-- testExprSizeofType1 -->
      </class> <!-- io.kaitai.struct.spec.TestExprSizeofType1 -->
      <class name="io.kaitai.struct.spec.TestSwitchManualIntSize">
        <test-method signature="testSwitchManualIntSize()[pri:0, instance:io.kaitai.struct.spec.TestSwitchManualIntSize@2f465398]" started-at="2023-07-05T16:21:06Z" name="testSwitchManualIntSize" finished-at="2023-07-05T16:21:06Z" duration-ms="2" status="PASS">
          <reporter-output>
          </reporter-output>
        </test-method> <!-- testSwitchManualIntSize -->
      </class> <!-- io.kaitai.struct.spec.TestSwitchManualIntSize -->
      <class name="io.kaitai.struct.spec.TestEosExceptionBytes">
        <test-method signature="testEosExceptionBytes()[pri:0, instance:io.kaitai.struct.spec.TestEosExceptionBytes@69fb6037]" started-at="2023-07-05T16:21:06Z" name="testEosExceptionBytes" finished-at="2023-07-05T16:21:06Z" duration-ms="1" status="PASS">
          <exception class="java.nio.BufferUnderflowException">
            <full-stacktrace>
              <![CDATA[java.nio.BufferUnderflowException
	at java.base/java.nio.DirectByteBuffer.get(DirectByteBuffer.java:294)
	at java.base/java.nio.ByteBuffer.get(ByteBuffer.java:770)
	at io.kaitai.struct.ByteBufferKaitaiStream.readBytes(ByteBufferKaitaiStream.java:329)
	at io.kaitai.struct.testformats.EosExceptionBytes$Data._read(EosExceptionBytes.java:53)
	at io.kaitai.struct.testformats.EosExceptionBytes$Data.<init>(EosExceptionBytes.java:50)
	at io.kaitai.struct.testformats.EosExceptionBytes._read(EosExceptionBytes.java:31)
	at io.kaitai.struct.testformats.EosExceptionBytes.<init>(EosExceptionBytes.java:27)
	at io.kaitai.struct.testformats.EosExceptionBytes.<init>(EosExceptionBytes.java:16)
	at io.kaitai.struct.testformats.EosExceptionBytes.fromFile(EosExceptionBytes.java:12)
	at io.kaitai.struct.spec.TestEosExceptionBytes.testEosExceptionBytes(TestEosExceptionBytes.java:13)
	at java.base/jdk.internal.reflect.NativeMethodAccessorImpl.invoke0(Native Method)
	at java.base/jdk.internal.reflect.NativeMethodAccessorImpl.invoke(NativeMethodAccessorImpl.java:62)
	at java.base/jdk.internal.reflect.DelegatingMethodAccessorImpl.invoke(DelegatingMethodAccessorImpl.java:43)
	at java.base/java.lang.reflect.Method.invoke(Method.java:566)
	at org.testng.internal.MethodInvocationHelper.invokeMethod(MethodInvocationHelper.java:86)
	at org.testng.internal.Invoker.invokeMethod(Invoker.java:643)
	at org.testng.internal.Invoker.invokeTestMethod(Invoker.java:820)
	at org.testng.internal.Invoker.invokeTestMethods(Invoker.java:1128)
	at org.testng.internal.TestMethodWorker.invokeTestMethods(TestMethodWorker.java:129)
	at org.testng.internal.TestMethodWorker.run(TestMethodWorker.java:112)
	at org.testng.TestRunner.privateRun(TestRunner.java:782)
	at org.testng.TestRunner.run(TestRunner.java:632)
	at org.testng.SuiteRunner.runTest(SuiteRunner.java:366)
	at org.testng.SuiteRunner.runSequentially(SuiteRunner.java:361)
	at org.testng.SuiteRunner.privateRun(SuiteRunner.java:319)
	at org.testng.SuiteRunner.run(SuiteRunner.java:268)
	at org.testng.SuiteRunnerWorker.runSuite(SuiteRunnerWorker.java:52)
	at org.testng.SuiteRunnerWorker.run(SuiteRunnerWorker.java:86)
	at org.testng.TestNG.runSuitesSequentially(TestNG.java:1244)
	at org.testng.TestNG.runSuitesLocally(TestNG.java:1169)
	at org.testng.TestNG.run(TestNG.java:1064)
	at org.testng.TestNG.privateMain(TestNG.java:1385)
	at org.testng.TestNG.main(TestNG.java:1354)
]]>
            </full-stacktrace>
          </exception> <!-- java.nio.BufferUnderflowException -->
          <reporter-output>
          </reporter-output>
        </test-method> <!-- testEosExceptionBytes -->
      </class> <!-- io.kaitai.struct.spec.TestEosExceptionBytes -->
      <class name="io.kaitai.struct.spec.TestImports0">
        <test-method signature="testImports0()[pri:0, instance:io.kaitai.struct.spec.TestImports0@313b2ea6]" started-at="2023-07-05T16:21:06Z" name="testImports0" finished-at="2023-07-05T16:21:06Z" duration-ms="1" status="PASS">
          <reporter-output>
          </reporter-output>
        </test-method> <!-- testImports0 -->
      </class> <!-- io.kaitai.struct.spec.TestImports0 -->
      <class name="io.kaitai.struct.spec.TestBitsShiftByB32Le">
        <test-method signature="testBitsShiftByB32Le()[pri:0, instance:io.kaitai.struct.spec.TestBitsShiftByB32Le@3a6bb9bf]" started-at="2023-07-05T16:21:06Z" name="testBitsShiftByB32Le" finished-at="2023-07-05T16:21:06Z" duration-ms="1" status="PASS">
          <reporter-output>
          </reporter-output>
        </test-method> <!-- testBitsShiftByB32Le -->
      </class> <!-- io.kaitai.struct.spec.TestBitsShiftByB32Le -->
      <class name="io.kaitai.struct.spec.TestNestedSameName">
        <test-method signature="testNestedSameName()[pri:0, instance:io.kaitai.struct.spec.TestNestedSameName@76f2bbc1]" started-at="2023-07-05T16:21:06Z" name="testNestedSameName" finished-at="2023-07-05T16:21:06Z" duration-ms="1" status="PASS">
          <reporter-output>
          </reporter-output>
        </test-method> <!-- testNestedSameName -->
      </class> <!-- io.kaitai.struct.spec.TestNestedSameName -->
      <class name="io.kaitai.struct.spec.TestPositionToEnd">
        <test-method signature="testPositionToEnd()[pri:0, instance:io.kaitai.struct.spec.TestPositionToEnd@5f683daf]" started-at="2023-07-05T16:21:06Z" name="testPositionToEnd" finished-at="2023-07-05T16:21:06Z" duration-ms="1" status="PASS">
          <reporter-output>
          </reporter-output>
        </test-method> <!-- testPositionToEnd -->
      </class> <!-- io.kaitai.struct.spec.TestPositionToEnd -->
      <class name="io.kaitai.struct.spec.TestImportsAbs">
        <test-method signature="testImportsAbs()[pri:0, instance:io.kaitai.struct.spec.TestImportsAbs@f2ff811]" started-at="2023-07-05T16:21:06Z" name="testImportsAbs" finished-at="2023-07-05T16:21:06Z" duration-ms="1" status="PASS">
          <reporter-output>
          </reporter-output>
        </test-method> <!-- testImportsAbs -->
      </class> <!-- io.kaitai.struct.spec.TestImportsAbs -->
      <class name="io.kaitai.struct.spec.TestBitsSignedResB32Le">
        <test-method signature="testBitsSignedResB32Le()[pri:0, instance:io.kaitai.struct.spec.TestBitsSignedResB32Le@6f27a732]" started-at="2023-07-05T16:21:06Z" name="testBitsSignedResB32Le" finished-at="2023-07-05T16:21:06Z" duration-ms="0" status="PASS">
          <reporter-output>
          </reporter-output>
        </test-method> <!-- testBitsSignedResB32Le -->
      </class> <!-- io.kaitai.struct.spec.TestBitsSignedResB32Le -->
      <class name="io.kaitai.struct.spec.TestTypeIntUnaryOp">
        <test-method signature="testTypeIntUnaryOp()[pri:0, instance:io.kaitai.struct.spec.TestTypeIntUnaryOp@484970b0]" started-at="2023-07-05T16:21:06Z" name="testTypeIntUnaryOp" finished-at="2023-07-05T16:21:06Z" duration-ms="3" status="PASS">
          <reporter-output>
          </reporter-output>
        </test-method> <!-- testTypeIntUnaryOp -->
      </class> <!-- io.kaitai.struct.spec.TestTypeIntUnaryOp -->
      <class name="io.kaitai.struct.spec.TestFloatToI">
        <test-method signature="testFloatToI()[pri:0, instance:io.kaitai.struct.spec.TestFloatToI@1e6454ec]" started-at="2023-07-05T16:21:06Z" name="testFloatToI" finished-at="2023-07-05T16:21:06Z" duration-ms="1" status="PASS">
          <reporter-output>
          </reporter-output>
        </test-method> <!-- testFloatToI -->
      </class> <!-- io.kaitai.struct.spec.TestFloatToI -->
      <class name="io.kaitai.struct.spec.TestMultipleUse">
        <test-method signature="testMultipleUse()[pri:0, instance:io.kaitai.struct.spec.TestMultipleUse@be35cd9]" started-at="2023-07-05T16:21:06Z" name="testMultipleUse" finished-at="2023-07-05T16:21:06Z" duration-ms="1" status="PASS">
          <reporter-output>
          </reporter-output>
        </test-method> <!-- testMultipleUse -->
      </class> <!-- io.kaitai.struct.spec.TestMultipleUse -->
      <class name="io.kaitai.struct.spec.TestSwitchElseOnly">
        <test-method signature="testSwitchElseOnly()[pri:0, instance:io.kaitai.struct.spec.TestSwitchElseOnly@609db43b]" started-at="2023-07-05T16:21:06Z" name="testSwitchElseOnly" finished-at="2023-07-05T16:21:06Z" duration-ms="1" status="PASS">
          <reporter-output>
          </reporter-output>
        </test-method> <!-- testSwitchElseOnly -->
      </class> <!-- io.kaitai.struct.spec.TestSwitchElseOnly -->
      <class name="io.kaitai.struct.spec.TestCombineStr">
        <test-method signature="testCombineStr()[pri:0, instance:io.kaitai.struct.spec.TestCombineStr@29647f75]" started-at="2023-07-05T16:21:06Z" name="testCombineStr" finished-at="2023-07-05T16:21:06Z" duration-ms="25" status="PASS">
          <reporter-output>
          </reporter-output>
        </test-method> <!-- testCombineStr -->
      </class> <!-- io.kaitai.struct.spec.TestCombineStr -->
      <class name="io.kaitai.struct.spec.TestSwitchManualEnumInvalid">
        <test-method signature="testSwitchManualEnumInvalid()[pri:0, instance:io.kaitai.struct.spec.TestSwitchManualEnumInvalid@61386958]" started-at="2023-07-05T16:21:06Z" name="testSwitchManualEnumInvalid" finished-at="2023-07-05T16:21:06Z" duration-ms="1" status="PASS">
          <reporter-output>
          </reporter-output>
        </test-method> <!-- testSwitchManualEnumInvalid -->
      </class> <!-- io.kaitai.struct.spec.TestSwitchManualEnumInvalid -->
      <class name="io.kaitai.struct.spec.TestBitsSignedShiftB64Le">
        <test-method signature="testBitsSignedShiftB64Le()[pri:0, instance:io.kaitai.struct.spec.TestBitsSignedShiftB64Le@36d585c]" started-at="2023-07-05T16:21:06Z" name="testBitsSignedShiftB64Le" finished-at="2023-07-05T16:21:06Z" duration-ms="1" status="PASS">
          <reporter-output>
          </reporter-output>
        </test-method> <!-- testBitsSignedShiftB64Le -->
      </class> <!-- io.kaitai.struct.spec.TestBitsSignedShiftB64Le -->
      <class name="io.kaitai.struct.spec.TestProcessRotate">
        <test-method signature="testProcessRotate()[pri:0, instance:io.kaitai.struct.spec.TestProcessRotate@65b3f4a4]" started-at="2023-07-05T16:21:06Z" name="testProcessRotate" finished-at="2023-07-05T16:21:06Z" duration-ms="0" status="PASS">
          <reporter-output>
          </reporter-output>
        </test-method> <!-- testProcessRotate -->
      </class> <!-- io.kaitai.struct.spec.TestProcessRotate -->
      <class name="io.kaitai.struct.spec.TestJsSignedRightShift">
        <test-method signature="testJsSignedRightShift()[pri:0, instance:io.kaitai.struct.spec.TestJsSignedRightShift@3098cf3b]" started-at="2023-07-05T16:21:06Z" name="testJsSignedRightShift" finished-at="2023-07-05T16:21:06Z" duration-ms="0" status="PASS">
          <reporter-output>
          </reporter-output>
        </test-method> <!-- testJsSignedRightShift -->
      </class> <!-- io.kaitai.struct.spec.TestJsSignedRightShift -->
      <class name="io.kaitai.struct.spec.TestEnumImport">
        <test-method signature="testEnumImport()[pri:0, instance:io.kaitai.struct.spec.TestEnumImport@fd07cbb]" started-at="2023-07-05T16:21:06Z" name="testEnumImport" finished-at="2023-07-05T16:21:06Z" duration-ms="1" status="PASS">
          <reporter-output>
          </reporter-output>
        </test-method> <!-- testEnumImport -->
      </class> <!-- io.kaitai.struct.spec.TestEnumImport -->
      <class name="io.kaitai.struct.spec.TestProcessCustomNoArgs">
        <test-method signature="testProcessCustomNoArgs()[pri:0, instance:io.kaitai.struct.spec.TestProcessCustomNoArgs@51f116b8]" started-at="2023-07-05T16:21:06Z" name="testProcessCustomNoArgs" finished-at="2023-07-05T16:21:06Z" duration-ms="2" status="PASS">
          <reporter-output>
          </reporter-output>
        </test-method> <!-- testProcessCustomNoArgs -->
      </class> <!-- io.kaitai.struct.spec.TestProcessCustomNoArgs -->
      <class name="io.kaitai.struct.spec.TestDefaultBitEndianMod">
        <test-method signature="testDefaultBitEndianMod()[pri:0, instance:io.kaitai.struct.spec.TestDefaultBitEndianMod@343570b7]" started-at="2023-07-05T16:21:06Z" name="testDefaultBitEndianMod" finished-at="2023-07-05T16:21:06Z" duration-ms="1" status="PASS">
          <reporter-output>
          </reporter-output>
        </test-method> <!-- testDefaultBitEndianMod -->
      </class> <!-- io.kaitai.struct.spec.TestDefaultBitEndianMod -->
      <class name="io.kaitai.struct.spec.TestNavParentOverride">
        <test-method signature="testNavParentOverride()[pri:0, instance:io.kaitai.struct.spec.TestNavParentOverride@31f9b85e]" started-at="2023-07-05T16:21:06Z" name="testNavParentOverride" finished-at="2023-07-05T16:21:06Z" duration-ms="3" status="PASS">
          <reporter-output>
          </reporter-output>
        </test-method> <!-- testNavParentOverride -->
      </class> <!-- io.kaitai.struct.spec.TestNavParentOverride -->
      <class name="io.kaitai.struct.spec.TestBitsUnalignedB32Le">
        <test-method signature="testBitsUnalignedB32Le()[pri:0, instance:io.kaitai.struct.spec.TestBitsUnalignedB32Le@36b4fe2a]" started-at="2023-07-05T16:21:06Z" name="testBitsUnalignedB32Le" finished-at="2023-07-05T16:21:06Z" duration-ms="1" status="PASS">
          <reporter-output>
          </reporter-output>
        </test-method> <!-- testBitsUnalignedB32Le -->
      </class> <!-- io.kaitai.struct.spec.TestBitsUnalignedB32Le -->
      <class name="io.kaitai.struct.spec.TestBcdUserTypeLe">
        <test-method signature="testBcdUserTypeLe()[pri:0, instance:io.kaitai.struct.spec.TestBcdUserTypeLe@51dcb805]" started-at="2023-07-05T16:21:06Z" name="testBcdUserTypeLe" finished-at="2023-07-05T16:21:06Z" duration-ms="2" status="PASS">
          <reporter-output>
          </reporter-output>
        </test-method> <!-- testBcdUserTypeLe -->
      </class> <!-- io.kaitai.struct.spec.TestBcdUserTypeLe -->
      <class name="io.kaitai.struct.spec.TestStrEos">
        <test-method signature="testStrEos()[pri:0, instance:io.kaitai.struct.spec.TestStrEos@3c947bc5]" started-at="2023-07-05T16:21:06Z" name="testStrEos" finished-at="2023-07-05T16:21:06Z" duration-ms="0" status="PASS">
          <reporter-output>
          </reporter-output>
        </test-method> <!-- testStrEos -->
      </class> <!-- io.kaitai.struct.spec.TestStrEos -->
      <class name="io.kaitai.struct.spec.TestNestedSameName2">
        <test-method signature="testNestedSameName2()[pri:0, instance:io.kaitai.struct.spec.TestNestedSameName2@3246fb96]" started-at="2023-07-05T16:21:06Z" name="testNestedSameName2" finished-at="2023-07-05T16:21:06Z" duration-ms="1" status="PASS">
          <reporter-output>
          </reporter-output>
        </test-method> <!-- testNestedSameName2 -->
      </class> <!-- io.kaitai.struct.spec.TestNestedSameName2 -->
      <class name="io.kaitai.struct.spec.TestDefaultEndianExprIsLe">
        <test-method signature="testDefaultEndianExprIsLe()[pri:0, instance:io.kaitai.struct.spec.TestDefaultEndianExprIsLe@2e55dd0c]" started-at="2023-07-05T16:21:06Z" name="testDefaultEndianExprIsLe" finished-at="2023-07-05T16:21:06Z" duration-ms="1" status="PASS">
          <reporter-output>
          </reporter-output>
        </test-method> <!-- testDefaultEndianExprIsLe -->
      </class> <!-- io.kaitai.struct.spec.TestDefaultEndianExprIsLe -->
      <class name="io.kaitai.struct.spec.TestProcessRepeatBytes">
        <test-method signature="testProcessRepeatBytes()[pri:0, instance:io.kaitai.struct.spec.TestProcessRepeatBytes@1649b0e6]" started-at="2023-07-05T16:21:06Z" name="testProcessRepeatBytes" finished-at="2023-07-05T16:21:06Z" duration-ms="1" status="PASS">
          <reporter-output>
          </reporter-output>
        </test-method> <!-- testProcessRepeatBytes -->
      </class> <!-- io.kaitai.struct.spec.TestProcessRepeatBytes -->
      <class name="io.kaitai.struct.spec.TestExprCalcArrayOps">
        <test-method signature="testExprCalcArrayOps()[pri:0, instance:io.kaitai.struct.spec.TestExprCalcArrayOps@4f67eb2a]" started-at="2023-07-05T16:21:06Z" name="testExprCalcArrayOps" finished-at="2023-07-05T16:21:06Z" duration-ms="0" status="PASS">
          <reporter-output>
          </reporter-output>
        </test-method> <!-- testExprCalcArrayOps -->
      </class> <!-- io.kaitai.struct.spec.TestExprCalcArrayOps -->
      <class name="io.kaitai.struct.spec.TestValidFailRangeBytes">
        <test-method signature="testValidFailRangeBytes()[pri:0, instance:io.kaitai.struct.spec.TestValidFailRangeBytes@2a266d09]" started-at="2023-07-05T16:21:06Z" name="testValidFailRangeBytes" finished-at="2023-07-05T16:21:06Z" duration-ms="1" status="PASS">
          <exception class="io.kaitai.struct.KaitaiStream$ValidationGreaterThanError">
            <message>
              <![CDATA[/seq/0: at pos 2: validation failed: not in range, max [50 31], but got [50 41]]]>
            </message>
            <full-stacktrace>
              <![CDATA[io.kaitai.struct.KaitaiStream$ValidationGreaterThanError: /seq/0: at pos 2: validation failed: not in range, max [50 31], but got [50 41]
	at io.kaitai.struct.testformats.ValidFailRangeBytes._read(ValidFailRangeBytes.java:35)
	at io.kaitai.struct.testformats.ValidFailRangeBytes.<init>(ValidFailRangeBytes.java:27)
	at io.kaitai.struct.testformats.ValidFailRangeBytes.<init>(ValidFailRangeBytes.java:16)
	at io.kaitai.struct.testformats.ValidFailRangeBytes.fromFile(ValidFailRangeBytes.java:12)
	at io.kaitai.struct.spec.TestValidFailRangeBytes.testValidFailRangeBytes(TestValidFailRangeBytes.java:13)
	at java.base/jdk.internal.reflect.NativeMethodAccessorImpl.invoke0(Native Method)
	at java.base/jdk.internal.reflect.NativeMethodAccessorImpl.invoke(NativeMethodAccessorImpl.java:62)
	at java.base/jdk.internal.reflect.DelegatingMethodAccessorImpl.invoke(DelegatingMethodAccessorImpl.java:43)
	at java.base/java.lang.reflect.Method.invoke(Method.java:566)
	at org.testng.internal.MethodInvocationHelper.invokeMethod(MethodInvocationHelper.java:86)
	at org.testng.internal.Invoker.invokeMethod(Invoker.java:643)
	at org.testng.internal.Invoker.invokeTestMethod(Invoker.java:820)
	at org.testng.internal.Invoker.invokeTestMethods(Invoker.java:1128)
	at org.testng.internal.TestMethodWorker.invokeTestMethods(TestMethodWorker.java:129)
	at org.testng.internal.TestMethodWorker.run(TestMethodWorker.java:112)
	at org.testng.TestRunner.privateRun(TestRunner.java:782)
	at org.testng.TestRunner.run(TestRunner.java:632)
	at org.testng.SuiteRunner.runTest(SuiteRunner.java:366)
	at org.testng.SuiteRunner.runSequentially(SuiteRunner.java:361)
	at org.testng.SuiteRunner.privateRun(SuiteRunner.java:319)
	at org.testng.SuiteRunner.run(SuiteRunner.java:268)
	at org.testng.SuiteRunnerWorker.runSuite(SuiteRunnerWorker.java:52)
	at org.testng.SuiteRunnerWorker.run(SuiteRunnerWorker.java:86)
	at org.testng.TestNG.runSuitesSequentially(TestNG.java:1244)
	at org.testng.TestNG.runSuitesLocally(TestNG.java:1169)
	at org.testng.TestNG.run(TestNG.java:1064)
	at org.testng.TestNG.privateMain(TestNG.java:1385)
	at org.testng.TestNG.main(TestNG.java:1354)
]]>
            </full-stacktrace>
          </exception> <!-- io.kaitai.struct.KaitaiStream$ValidationGreaterThanError -->
          <reporter-output>
          </reporter-output>
        </test-method> <!-- testValidFailRangeBytes -->
      </class> <!-- io.kaitai.struct.spec.TestValidFailRangeBytes -->
      <class name="io.kaitai.struct.spec.TestImportsAbsAbs">
        <test-method signature="testImportsAbsAbs()[pri:0, instance:io.kaitai.struct.spec.TestImportsAbsAbs@4ef37659]" started-at="2023-07-05T16:21:06Z" name="testImportsAbsAbs" finished-at="2023-07-05T16:21:06Z" duration-ms="1" status="PASS">
          <reporter-output>
          </reporter-output>
        </test-method> <!-- testImportsAbsAbs -->
      </class> <!-- io.kaitai.struct.spec.TestImportsAbsAbs -->
      <class name="io.kaitai.struct.spec.TestEnumNegative">
        <test-method signature="testEnumNegative()[pri:0, instance:io.kaitai.struct.spec.TestEnumNegative@5136d012]" started-at="2023-07-05T16:21:06Z" name="testEnumNegative" finished-at="2023-07-05T16:21:06Z" duration-ms="1" status="PASS">
          <reporter-output>
          </reporter-output>
        </test-method> <!-- testEnumNegative -->
      </class> <!-- io.kaitai.struct.spec.TestEnumNegative -->
      <class name="io.kaitai.struct.spec.TestProcessCoerceSwitch">
        <test-method signature="testProcessCoerceSwitch()[pri:0, instance:io.kaitai.struct.spec.TestProcessCoerceSwitch@7c83dc97]" started-at="2023-07-05T16:21:06Z" name="testProcessCoerceSwitch" finished-at="2023-07-05T16:21:06Z" duration-ms="1" status="PASS">
          <reporter-output>
          </reporter-output>
        </test-method> <!-- testProcessCoerceSwitch -->
      </class> <!-- io.kaitai.struct.spec.TestProcessCoerceSwitch -->
      <class name="io.kaitai.struct.spec.TestExprIntDiv">
        <test-method signature="testExprIntDiv()[pri:0, instance:io.kaitai.struct.spec.TestExprIntDiv@2638011]" started-at="2023-07-05T16:21:06Z" name="testExprIntDiv" finished-at="2023-07-05T16:21:06Z" duration-ms="1" status="FAIL">
          <exception class="java.lang.AssertionError">
            <message>
              <![CDATA[expected [-757] but found [-756]]]>
            </message>
            <full-stacktrace>
              <![CDATA[java.lang.AssertionError: expected [-757] but found [-756]
	at org.testng.Assert.fail(Assert.java:94)
	at org.testng.Assert.failNotEquals(Assert.java:513)
	at org.testng.Assert.assertEqualsImpl(Assert.java:135)
	at org.testng.Assert.assertEquals(Assert.java:116)
	at org.testng.Assert.assertEquals(Assert.java:389)
	at org.testng.Assert.assertEquals(Assert.java:399)
	at io.kaitai.struct.spec.CommonSpec.assertIntEquals(CommonSpec.java:36)
	at io.kaitai.struct.spec.TestExprIntDiv.testExprIntDiv(TestExprIntDiv.java:17)
	at java.base/jdk.internal.reflect.NativeMethodAccessorImpl.invoke0(Native Method)
	at java.base/jdk.internal.reflect.NativeMethodAccessorImpl.invoke(NativeMethodAccessorImpl.java:62)
	at java.base/jdk.internal.reflect.DelegatingMethodAccessorImpl.invoke(DelegatingMethodAccessorImpl.java:43)
	at java.base/java.lang.reflect.Method.invoke(Method.java:566)
	at org.testng.internal.MethodInvocationHelper.invokeMethod(MethodInvocationHelper.java:86)
	at org.testng.internal.Invoker.invokeMethod(Invoker.java:643)
	at org.testng.internal.Invoker.invokeTestMethod(Invoker.java:820)
	at org.testng.internal.Invoker.invokeTestMethods(Invoker.java:1128)
	at org.testng.internal.TestMethodWorker.invokeTestMethods(TestMethodWorker.java:129)
	at org.testng.internal.TestMethodWorker.run(TestMethodWorker.java:112)
	at org.testng.TestRunner.privateRun(TestRunner.java:782)
	at org.testng.TestRunner.run(TestRunner.java:632)
	at org.testng.SuiteRunner.runTest(SuiteRunner.java:366)
	at org.testng.SuiteRunner.runSequentially(SuiteRunner.java:361)
	at org.testng.SuiteRunner.privateRun(SuiteRunner.java:319)
	at org.testng.SuiteRunner.run(SuiteRunner.java:268)
	at org.testng.SuiteRunnerWorker.runSuite(SuiteRunnerWorker.java:52)
	at org.testng.SuiteRunnerWorker.run(SuiteRunnerWorker.java:86)
	at org.testng.TestNG.runSuitesSequentially(TestNG.java:1244)
	at org.testng.TestNG.runSuitesLocally(TestNG.java:1169)
	at org.testng.TestNG.run(TestNG.java:1064)
	at org.testng.TestNG.privateMain(TestNG.java:1385)
	at org.testng.TestNG.main(TestNG.java:1354)
]]>
            </full-stacktrace>
          </exception> <!-- java.lang.AssertionError -->
          <reporter-output>
          </reporter-output>
        </test-method> <!-- testExprIntDiv -->
      </class> <!-- io.kaitai.struct.spec.TestExprIntDiv -->
      <class name="io.kaitai.struct.spec.TestPositionInSeq">
        <test-method signature="testPositionInSeq()[pri:0, instance:io.kaitai.struct.spec.TestPositionInSeq@2cd2a21f]" started-at="2023-07-05T16:21:06Z" name="testPositionInSeq" finished-at="2023-07-05T16:21:06Z" duration-ms="0" status="PASS">
          <reporter-output>
          </reporter-output>
        </test-method> <!-- testPositionInSeq -->
      </class> <!-- io.kaitai.struct.spec.TestPositionInSeq -->
      <class name="io.kaitai.struct.spec.TestValidFailEqStr">
        <test-method signature="testValidFailEqStr()[pri:0, instance:io.kaitai.struct.spec.TestValidFailEqStr@776b83cc]" started-at="2023-07-05T16:21:06Z" name="testValidFailEqStr" finished-at="2023-07-05T16:21:06Z" duration-ms="1" status="PASS">
          <exception class="io.kaitai.struct.KaitaiStream$ValidationNotEqualError">
            <message>
              <![CDATA[/seq/0: at pos 4: validation failed: not equal, expected BACK, but got PACK]]>
            </message>
            <full-stacktrace>
              <![CDATA[io.kaitai.struct.KaitaiStream$ValidationNotEqualError: /seq/0: at pos 4: validation failed: not equal, expected BACK, but got PACK
	at io.kaitai.struct.testformats.ValidFailEqStr._read(ValidFailEqStr.java:33)
	at io.kaitai.struct.testformats.ValidFailEqStr.<init>(ValidFailEqStr.java:28)
	at io.kaitai.struct.testformats.ValidFailEqStr.<init>(ValidFailEqStr.java:17)
	at io.kaitai.struct.testformats.ValidFailEqStr.fromFile(ValidFailEqStr.java:13)
	at io.kaitai.struct.spec.TestValidFailEqStr.testValidFailEqStr(TestValidFailEqStr.java:13)
	at java.base/jdk.internal.reflect.NativeMethodAccessorImpl.invoke0(Native Method)
	at java.base/jdk.internal.reflect.NativeMethodAccessorImpl.invoke(NativeMethodAccessorImpl.java:62)
	at java.base/jdk.internal.reflect.DelegatingMethodAccessorImpl.invoke(DelegatingMethodAccessorImpl.java:43)
	at java.base/java.lang.reflect.Method.invoke(Method.java:566)
	at org.testng.internal.MethodInvocationHelper.invokeMethod(MethodInvocationHelper.java:86)
	at org.testng.internal.Invoker.invokeMethod(Invoker.java:643)
	at org.testng.internal.Invoker.invokeTestMethod(Invoker.java:820)
	at org.testng.internal.Invoker.invokeTestMethods(Invoker.java:1128)
	at org.testng.internal.TestMethodWorker.invokeTestMethods(TestMethodWorker.java:129)
	at org.testng.internal.TestMethodWorker.run(TestMethodWorker.java:112)
	at org.testng.TestRunner.privateRun(TestRunner.java:782)
	at org.testng.TestRunner.run(TestRunner.java:632)
	at org.testng.SuiteRunner.runTest(SuiteRunner.java:366)
	at org.testng.SuiteRunner.runSequentially(SuiteRunner.java:361)
	at org.testng.SuiteRunner.privateRun(SuiteRunner.java:319)
	at org.testng.SuiteRunner.run(SuiteRunner.java:268)
	at org.testng.SuiteRunnerWorker.runSuite(SuiteRunnerWorker.java:52)
	at org.testng.SuiteRunnerWorker.run(SuiteRunnerWorker.java:86)
	at org.testng.TestNG.runSuitesSequentially(TestNG.java:1244)
	at org.testng.TestNG.runSuitesLocally(TestNG.java:1169)
	at org.testng.TestNG.run(TestNG.java:1064)
	at org.testng.TestNG.privateMain(TestNG.java:1385)
	at org.testng.TestNG.main(TestNG.java:1354)
]]>
            </full-stacktrace>
          </exception> <!-- io.kaitai.struct.KaitaiStream$ValidationNotEqualError -->
          <reporter-output>
          </reporter-output>
        </test-method> <!-- testValidFailEqStr -->
      </class> <!-- io.kaitai.struct.spec.TestValidFailEqStr -->
      <class name="io.kaitai.struct.spec.TestDebugArrayUser">
        <test-method signature="testDebugArrayUser()[pri:0, instance:io.kaitai.struct.spec.TestDebugArrayUser@2118cddf]" started-at="2023-07-05T16:21:06Z" name="testDebugArrayUser" finished-at="2023-07-05T16:21:06Z" duration-ms="5" status="PASS">
          <reporter-output>
          </reporter-output>
        </test-method> <!-- testDebugArrayUser -->
      </class> <!-- io.kaitai.struct.spec.TestDebugArrayUser -->
      <class name="io.kaitai.struct.spec.TestParamsEnum">
        <test-method signature="testParamsEnum()[pri:0, instance:io.kaitai.struct.spec.TestParamsEnum@4da4253]" started-at="2023-07-05T16:21:06Z" name="testParamsEnum" finished-at="2023-07-05T16:21:06Z" duration-ms="1" status="PASS">
          <reporter-output>
          </reporter-output>
        </test-method> <!-- testParamsEnum -->
      </class> <!-- io.kaitai.struct.spec.TestParamsEnum -->
      <class name="io.kaitai.struct.spec.TestDebug0">
        <test-method signature="testDebug0()[pri:0, instance:io.kaitai.struct.spec.TestDebug0@272ed83b]" started-at="2023-07-05T16:21:06Z" name="testDebug0" finished-at="2023-07-05T16:21:06Z" duration-ms="1" status="PASS">
          <reporter-output>
          </reporter-output>
        </test-method> <!-- testDebug0 -->
      </class> <!-- io.kaitai.struct.spec.TestDebug0 -->
      <class name="io.kaitai.struct.spec.TestRepeatEosBit">
        <test-method signature="testRepeatEosBit()[pri:0, instance:io.kaitai.struct.spec.TestRepeatEosBit@3541cb24]" started-at="2023-07-05T16:21:06Z" name="testRepeatEosBit" finished-at="2023-07-05T16:21:06Z" duration-ms="1" status="PASS">
          <reporter-output>
          </reporter-output>
        </test-method> <!-- testRepeatEosBit -->
      </class> <!-- io.kaitai.struct.spec.TestRepeatEosBit -->
      <class name="io.kaitai.struct.spec.TestIntegersDoubleOverflow">
        <test-method signature="testIntegersDoubleOverflow()[pri:0, instance:io.kaitai.struct.spec.TestIntegersDoubleOverflow@62e7f11d]" started-at="2023-07-05T16:21:06Z" name="testIntegersDoubleOverflow" finished-at="2023-07-05T16:21:06Z" duration-ms="1" status="PASS">
          <reporter-output>
          </reporter-output>
        </test-method> <!-- testIntegersDoubleOverflow -->
      </class> <!-- io.kaitai.struct.spec.TestIntegersDoubleOverflow -->
      <class name="io.kaitai.struct.spec.TestIntegers">
        <test-method signature="testIntegers()[pri:0, instance:io.kaitai.struct.spec.TestIntegers@671a5887]" started-at="2023-07-05T16:21:06Z" name="testIntegers" finished-at="2023-07-05T16:21:06Z" duration-ms="1" status="PASS">
          <reporter-output>
          </reporter-output>
        </test-method> <!-- testIntegers -->
      </class> <!-- io.kaitai.struct.spec.TestIntegers -->
      <class name="io.kaitai.struct.spec.TestBitsSimpleLe">
        <test-method signature="testBitsSimpleLe()[pri:0, instance:io.kaitai.struct.spec.TestBitsSimpleLe@2f8dad04]" started-at="2023-07-05T16:21:06Z" name="testBitsSimpleLe" finished-at="2023-07-05T16:21:06Z" duration-ms="2" status="PASS">
          <reporter-output>
          </reporter-output>
        </test-method> <!-- testBitsSimpleLe -->
      </class> <!-- io.kaitai.struct.spec.TestBitsSimpleLe -->
      <class name="io.kaitai.struct.spec.TestNavParentVsValueInst">
        <test-method signature="testNavParentVsValueInst()[pri:0, instance:io.kaitai.struct.spec.TestNavParentVsValueInst@6a03bcb1]" started-at="2023-07-05T16:21:06Z" name="testNavParentVsValueInst" finished-at="2023-07-05T16:21:06Z" duration-ms="4" status="PASS">
          <reporter-output>
          </reporter-output>
        </test-method> <!-- testNavParentVsValueInst -->
      </class> <!-- io.kaitai.struct.spec.TestNavParentVsValueInst -->
      <class name="io.kaitai.struct.spec.TestYamlInts">
        <test-method signature="testYamlInts()[pri:0, instance:io.kaitai.struct.spec.TestYamlInts@41c2284a]" started-at="2023-07-05T16:21:06Z" name="testYamlInts" finished-at="2023-07-05T16:21:06Z" duration-ms="1" status="PASS">
          <reporter-output>
          </reporter-output>
        </test-method> <!-- testYamlInts -->
      </class> <!-- io.kaitai.struct.spec.TestYamlInts -->
      <class name="io.kaitai.struct.spec.TestExprEnum">
        <test-method signature="testExprEnum()[pri:0, instance:io.kaitai.struct.spec.TestExprEnum@5ab9e72c]" started-at="2023-07-05T16:21:06Z" name="testExprEnum" finished-at="2023-07-05T16:21:06Z" duration-ms="5" status="PASS">
          <reporter-output>
          </reporter-output>
        </test-method> <!-- testExprEnum -->
      </class> <!-- io.kaitai.struct.spec.TestExprEnum -->
      <class name="io.kaitai.struct.spec.TestProcessXorConst">
        <test-method signature="testProcessXorConst()[pri:0, instance:io.kaitai.struct.spec.TestProcessXorConst@28975c28]" started-at="2023-07-05T16:21:06Z" name="testProcessXorConst" finished-at="2023-07-05T16:21:06Z" duration-ms="1" status="PASS">
          <reporter-output>
          </reporter-output>
        </test-method> <!-- testProcessXorConst -->
      </class> <!-- io.kaitai.struct.spec.TestProcessXorConst -->
      <class name="io.kaitai.struct.spec.TestProcessCustom">
        <test-method signature="testProcessCustom()[pri:0, instance:io.kaitai.struct.spec.TestProcessCustom@1bb266b3]" started-at="2023-07-05T16:21:06Z" name="testProcessCustom" finished-at="2023-07-05T16:21:06Z" duration-ms="2" status="PASS">
          <reporter-output>
          </reporter-output>
        </test-method> <!-- testProcessCustom -->
      </class> <!-- io.kaitai.struct.spec.TestProcessCustom -->
      <class name="io.kaitai.struct.spec.TestDefaultEndianExprInherited">
        <test-method signature="testDefaultEndianExprInherited()[pri:0, instance:io.kaitai.struct.spec.TestDefaultEndianExprInherited@740773a3]" started-at="2023-07-05T16:21:06Z" name="testDefaultEndianExprInherited" finished-at="2023-07-05T16:21:06Z" duration-ms="1" status="PASS">
          <reporter-output>
          </reporter-output>
        </test-method> <!-- testDefaultEndianExprInherited -->
      </class> <!-- io.kaitai.struct.spec.TestDefaultEndianExprInherited -->
      <class name="io.kaitai.struct.spec.TestProcessXor4Const">
        <test-method signature="testProcessXor4Const()[pri:0, instance:io.kaitai.struct.spec.TestProcessXor4Const@e7edb54]" started-at="2023-07-05T16:21:06Z" name="testProcessXor4Const" finished-at="2023-07-05T16:21:06Z" duration-ms="0" status="PASS">
          <reporter-output>
          </reporter-output>
        </test-method> <!-- testProcessXor4Const -->
[...]
	at org.testng.SuiteRunner.run(SuiteRunner.java:268)
	at org.testng.SuiteRunnerWorker.runSuite(SuiteRunnerWorker.java:52)
	at org.testng.SuiteRunnerWorker.run(SuiteRunnerWorker.java:86)
	at org.testng.TestNG.runSuitesSequentially(TestNG.java:1244)
	at org.testng.TestNG.runSuitesLocally(TestNG.java:1169)
	at org.testng.TestNG.run(TestNG.java:1064)
	at org.testng.TestNG.privateMain(TestNG.java:1385)
	at org.testng.TestNG.main(TestNG.java:1354)
]]>
            </full-stacktrace>
          </exception> <!-- io.kaitai.struct.KaitaiStream$ValidationExprError -->
          <reporter-output>
          </reporter-output>
        </test-method> <!-- testValidFailExpr -->
      </class> <!-- io.kaitai.struct.spec.TestValidFailExpr -->
      <class name="io.kaitai.struct.spec.TestEnumLongRangeS">
        <test-method signature="testEnumLongRangeS()[pri:0, instance:io.kaitai.struct.spec.TestEnumLongRangeS@574b560f]" started-at="2023-07-05T16:21:06Z" name="testEnumLongRangeS" finished-at="2023-07-05T16:21:06Z" duration-ms="1" status="PASS">
          <reporter-output>
          </reporter-output>
        </test-method> <!-- testEnumLongRangeS -->
      </class> <!-- io.kaitai.struct.spec.TestEnumLongRangeS -->
      <class name="io.kaitai.struct.spec.TestNestedTypes">
        <test-method signature="testNestedTypes()[pri:0, instance:io.kaitai.struct.spec.TestNestedTypes@5ace1ed4]" started-at="2023-07-05T16:21:06Z" name="testNestedTypes" finished-at="2023-07-05T16:21:06Z" duration-ms="3" status="PASS">
          <reporter-output>
          </reporter-output>
        </test-method> <!-- testNestedTypes -->
      </class> <!-- io.kaitai.struct.spec.TestNestedTypes -->
      <class name="io.kaitai.struct.spec.TestExprArray">
        <test-method signature="testExprArray()[pri:0, instance:io.kaitai.struct.spec.TestExprArray@7e9131d5]" started-at="2023-07-05T16:21:06Z" name="testExprArray" finished-at="2023-07-05T16:21:06Z" duration-ms="1" status="PASS">
          <reporter-output>
          </reporter-output>
        </test-method> <!-- testExprArray -->
      </class> <!-- io.kaitai.struct.spec.TestExprArray -->
      <class name="io.kaitai.struct.spec.TestValidFailRangeFloat">
        <test-method signature="testValidFailRangeFloat()[pri:0, instance:io.kaitai.struct.spec.TestValidFailRangeFloat@2d2ffcb7]" started-at="2023-07-05T16:21:06Z" name="testValidFailRangeFloat" finished-at="2023-07-05T16:21:06Z" duration-ms="42" status="PASS">
          <exception class="io.kaitai.struct.KaitaiStream$ValidationGreaterThanError">
            <message>
              <![CDATA[/seq/0: at pos 4: validation failed: not in range, max 0.4, but got 0.5]]>
            </message>
            <full-stacktrace>
              <![CDATA[io.kaitai.struct.KaitaiStream$ValidationGreaterThanError: /seq/0: at pos 4: validation failed: not in range, max 0.4, but got 0.5
	at io.kaitai.struct.testformats.ValidFailRangeFloat._read(ValidFailRangeFloat.java:35)
	at io.kaitai.struct.testformats.ValidFailRangeFloat.<init>(ValidFailRangeFloat.java:27)
	at io.kaitai.struct.testformats.ValidFailRangeFloat.<init>(ValidFailRangeFloat.java:16)
	at io.kaitai.struct.testformats.ValidFailRangeFloat.fromFile(ValidFailRangeFloat.java:12)
	at io.kaitai.struct.spec.TestValidFailRangeFloat.testValidFailRangeFloat(TestValidFailRangeFloat.java:13)
	at java.base/jdk.internal.reflect.NativeMethodAccessorImpl.invoke0(Native Method)
	at java.base/jdk.internal.reflect.NativeMethodAccessorImpl.invoke(NativeMethodAccessorImpl.java:62)
	at java.base/jdk.internal.reflect.DelegatingMethodAccessorImpl.invoke(DelegatingMethodAccessorImpl.java:43)
	at java.base/java.lang.reflect.Method.invoke(Method.java:566)
	at org.testng.internal.MethodInvocationHelper.invokeMethod(MethodInvocationHelper.java:86)
	at org.testng.internal.Invoker.invokeMethod(Invoker.java:643)
	at org.testng.internal.Invoker.invokeTestMethod(Invoker.java:820)
	at org.testng.internal.Invoker.invokeTestMethods(Invoker.java:1128)
	at org.testng.internal.TestMethodWorker.invokeTestMethods(TestMethodWorker.java:129)
	at org.testng.internal.TestMethodWorker.run(TestMethodWorker.java:112)
	at org.testng.TestRunner.privateRun(TestRunner.java:782)
	at org.testng.TestRunner.run(TestRunner.java:632)
	at org.testng.SuiteRunner.runTest(SuiteRunner.java:366)
	at org.testng.SuiteRunner.runSequentially(SuiteRunner.java:361)
	at org.testng.SuiteRunner.privateRun(SuiteRunner.java:319)
	at org.testng.SuiteRunner.run(SuiteRunner.java:268)
	at org.testng.SuiteRunnerWorker.runSuite(SuiteRunnerWorker.java:52)
	at org.testng.SuiteRunnerWorker.run(SuiteRunnerWorker.java:86)
	at org.testng.TestNG.runSuitesSequentially(TestNG.java:1244)
	at org.testng.TestNG.runSuitesLocally(TestNG.java:1169)
	at org.testng.TestNG.run(TestNG.java:1064)
	at org.testng.TestNG.privateMain(TestNG.java:1385)
	at org.testng.TestNG.main(TestNG.java:1354)
]]>
            </full-stacktrace>
          </exception> <!-- io.kaitai.struct.KaitaiStream$ValidationGreaterThanError -->
          <reporter-output>
          </reporter-output>
        </test-method> <!-- testValidFailRangeFloat -->
      </class> <!-- io.kaitai.struct.spec.TestValidFailRangeFloat -->
      <class name="io.kaitai.struct.spec.TestIfValues">
        <test-method signature="testIfValues()[pri:0, instance:io.kaitai.struct.spec.TestIfValues@11fc564b]" started-at="2023-07-05T16:21:06Z" name="testIfValues" finished-at="2023-07-05T16:21:06Z" duration-ms="1" status="PASS">
          <reporter-output>
          </reporter-output>
        </test-method> <!-- testIfValues -->
      </class> <!-- io.kaitai.struct.spec.TestIfValues -->
      <class name="io.kaitai.struct.spec.TestProcessCoerceBytes">
        <test-method signature="testProcessCoerceBytes()[pri:0, instance:io.kaitai.struct.spec.TestProcessCoerceBytes@3e96bacf]" started-at="2023-07-05T16:21:06Z" name="testProcessCoerceBytes" finished-at="2023-07-05T16:21:06Z" duration-ms="2" status="PASS">
          <reporter-output>
          </reporter-output>
        </test-method> <!-- testProcessCoerceBytes -->
      </class> <!-- io.kaitai.struct.spec.TestProcessCoerceBytes -->
      <class name="io.kaitai.struct.spec.TestProcessCoerceUsertype2">
        <test-method signature="testProcessCoerceUsertype2()[pri:0, instance:io.kaitai.struct.spec.TestProcessCoerceUsertype2@19d481b]" started-at="2023-07-05T16:21:06Z" name="testProcessCoerceUsertype2" finished-at="2023-07-05T16:21:06Z" duration-ms="3" status="PASS">
          <reporter-output>
          </reporter-output>
        </test-method> <!-- testProcessCoerceUsertype2 -->
      </class> <!-- io.kaitai.struct.spec.TestProcessCoerceUsertype2 -->
      <class name="io.kaitai.struct.spec.TestProcessCoerceUsertype1">
        <test-method signature="testProcessCoerceUsertype1()[pri:0, instance:io.kaitai.struct.spec.TestProcessCoerceUsertype1@4944252c]" started-at="2023-07-05T16:21:06Z" name="testProcessCoerceUsertype1" finished-at="2023-07-05T16:21:06Z" duration-ms="1" status="PASS">
          <reporter-output>
          </reporter-output>
        </test-method> <!-- testProcessCoerceUsertype1 -->
      </class> <!-- io.kaitai.struct.spec.TestProcessCoerceUsertype1 -->
      <class name="io.kaitai.struct.spec.TestValidFailRangeInt">
        <test-method signature="testValidFailRangeInt()[pri:0, instance:io.kaitai.struct.spec.TestValidFailRangeInt@6631f5ca]" started-at="2023-07-05T16:21:06Z" name="testValidFailRangeInt" finished-at="2023-07-05T16:21:06Z" duration-ms="1" status="PASS">
          <exception class="io.kaitai.struct.KaitaiStream$ValidationGreaterThanError">
            <message>
              <![CDATA[/seq/0: at pos 1: validation failed: not in range, max 10, but got 80]]>
            </message>
            <full-stacktrace>
              <![CDATA[io.kaitai.struct.KaitaiStream$ValidationGreaterThanError: /seq/0: at pos 1: validation failed: not in range, max 10, but got 80
	at io.kaitai.struct.testformats.ValidFailRangeInt._read(ValidFailRangeInt.java:35)
	at io.kaitai.struct.testformats.ValidFailRangeInt.<init>(ValidFailRangeInt.java:27)
	at io.kaitai.struct.testformats.ValidFailRangeInt.<init>(ValidFailRangeInt.java:16)
	at io.kaitai.struct.testformats.ValidFailRangeInt.fromFile(ValidFailRangeInt.java:12)
	at io.kaitai.struct.spec.TestValidFailRangeInt.testValidFailRangeInt(TestValidFailRangeInt.java:13)
	at java.base/jdk.internal.reflect.NativeMethodAccessorImpl.invoke0(Native Method)
	at java.base/jdk.internal.reflect.NativeMethodAccessorImpl.invoke(NativeMethodAccessorImpl.java:62)
	at java.base/jdk.internal.reflect.DelegatingMethodAccessorImpl.invoke(DelegatingMethodAccessorImpl.java:43)
	at java.base/java.lang.reflect.Method.invoke(Method.java:566)
	at org.testng.internal.MethodInvocationHelper.invokeMethod(MethodInvocationHelper.java:86)
	at org.testng.internal.Invoker.invokeMethod(Invoker.java:643)
	at org.testng.internal.Invoker.invokeTestMethod(Invoker.java:820)
	at org.testng.internal.Invoker.invokeTestMethods(Invoker.java:1128)
	at org.testng.internal.TestMethodWorker.invokeTestMethods(TestMethodWorker.java:129)
	at org.testng.internal.TestMethodWorker.run(TestMethodWorker.java:112)
	at org.testng.TestRunner.privateRun(TestRunner.java:782)
	at org.testng.TestRunner.run(TestRunner.java:632)
	at org.testng.SuiteRunner.runTest(SuiteRunner.java:366)
	at org.testng.SuiteRunner.runSequentially(SuiteRunner.java:361)
	at org.testng.SuiteRunner.privateRun(SuiteRunner.java:319)
	at org.testng.SuiteRunner.run(SuiteRunner.java:268)
	at org.testng.SuiteRunnerWorker.runSuite(SuiteRunnerWorker.java:52)
	at org.testng.SuiteRunnerWorker.run(SuiteRunnerWorker.java:86)
	at org.testng.TestNG.runSuitesSequentially(TestNG.java:1244)
	at org.testng.TestNG.runSuitesLocally(TestNG.java:1169)
	at org.testng.TestNG.run(TestNG.java:1064)
	at org.testng.TestNG.privateMain(TestNG.java:1385)
	at org.testng.TestNG.main(TestNG.java:1354)
]]>
            </full-stacktrace>
          </exception> <!-- io.kaitai.struct.KaitaiStream$ValidationGreaterThanError -->
          <reporter-output>
          </reporter-output>
        </test-method> <!-- testValidFailRangeInt -->
      </class> <!-- io.kaitai.struct.spec.TestValidFailRangeInt -->
      <class name="io.kaitai.struct.spec.TestStrEncodings">
        <test-method signature="testStrEncodings()[pri:0, instance:io.kaitai.struct.spec.TestStrEncodings@a1cdc6d]" started-at="2023-07-05T16:21:06Z" name="testStrEncodings" finished-at="2023-07-05T16:21:06Z" duration-ms="3" status="PASS">
          <reporter-output>
          </reporter-output>
        </test-method> <!-- testStrEncodings -->
      </class> <!-- io.kaitai.struct.spec.TestStrEncodings -->
      <class name="io.kaitai.struct.spec.TestParamsDef">
        <test-method signature="testParamsDef()[pri:0, instance:io.kaitai.struct.spec.TestParamsDef@175b9425]" started-at="2023-07-05T16:21:06Z" name="testParamsDef" finished-at="2023-07-05T16:21:06Z" duration-ms="1" status="PASS">
          <reporter-output>
          </reporter-output>
        </test-method> <!-- testParamsDef -->
      </class> <!-- io.kaitai.struct.spec.TestParamsDef -->
      <class name="io.kaitai.struct.spec.TestEnumOfValueInst">
        <test-method signature="testEnumOfValueInst()[pri:0, instance:io.kaitai.struct.spec.TestEnumOfValueInst@157853da]" started-at="2023-07-05T16:21:06Z" name="testEnumOfValueInst" finished-at="2023-07-05T16:21:06Z" duration-ms="1" status="PASS">
          <reporter-output>
          </reporter-output>
        </test-method> <!-- testEnumOfValueInst -->
      </class> <!-- io.kaitai.struct.spec.TestEnumOfValueInst -->
      <class name="io.kaitai.struct.spec.TestSwitchManualIntElse">
        <test-method signature="testSwitchManualIntElse()[pri:0, instance:io.kaitai.struct.spec.TestSwitchManualIntElse@52102734]" started-at="2023-07-05T16:21:06Z" name="testSwitchManualIntElse" finished-at="2023-07-05T16:21:06Z" duration-ms="1" status="PASS">
          <reporter-output>
          </reporter-output>
        </test-method> <!-- testSwitchManualIntElse -->
      </class> <!-- io.kaitai.struct.spec.TestSwitchManualIntElse -->
      <class name="io.kaitai.struct.spec.TestEnum1">
        <test-method signature="testEnum1()[pri:0, instance:io.kaitai.struct.spec.TestEnum1@87a85e1]" started-at="2023-07-05T16:21:06Z" name="testEnum1" finished-at="2023-07-05T16:21:06Z" duration-ms="2" status="PASS">
          <reporter-output>
          </reporter-output>
        </test-method> <!-- testEnum1 -->
      </class> <!-- io.kaitai.struct.spec.TestEnum1 -->
      <class name="io.kaitai.struct.spec.TestEnum0">
        <test-method signature="testEnum0()[pri:0, instance:io.kaitai.struct.spec.TestEnum0@1fb700ee]" started-at="2023-07-05T16:21:06Z" name="testEnum0" finished-at="2023-07-05T16:21:06Z" duration-ms="1" status="PASS">
          <reporter-output>
          </reporter-output>
        </test-method> <!-- testEnum0 -->
      </class> <!-- io.kaitai.struct.spec.TestEnum0 -->
      <class name="io.kaitai.struct.spec.TestValidNotParsedIf">
        <test-method signature="testValidNotParsedIf()[pri:0, instance:io.kaitai.struct.spec.TestValidNotParsedIf@11bd0f3b]" started-at="2023-07-05T16:21:06Z" name="testValidNotParsedIf" finished-at="2023-07-05T16:21:06Z" duration-ms="0" status="PASS">
          <reporter-output>
          </reporter-output>
        </test-method> <!-- testValidNotParsedIf -->
      </class> <!-- io.kaitai.struct.spec.TestValidNotParsedIf -->
      <class name="io.kaitai.struct.spec.TestBitsSeqEndianCombo">
        <test-method signature="testBitsSeqEndianCombo()[pri:0, instance:io.kaitai.struct.spec.TestBitsSeqEndianCombo@424e1977]" started-at="2023-07-05T16:21:06Z" name="testBitsSeqEndianCombo" finished-at="2023-07-05T16:21:06Z" duration-ms="0" status="PASS">
          <reporter-output>
          </reporter-output>
        </test-method> <!-- testBitsSeqEndianCombo -->
      </class> <!-- io.kaitai.struct.spec.TestBitsSeqEndianCombo -->
      <class name="io.kaitai.struct.spec.TestParamsPassBool">
        <test-method signature="testParamsPassBool()[pri:0, instance:io.kaitai.struct.spec.TestParamsPassBool@5552768b]" started-at="2023-07-05T16:21:06Z" name="testParamsPassBool" finished-at="2023-07-05T16:21:06Z" duration-ms="1" status="PASS">
          <reporter-output>
          </reporter-output>
        </test-method> <!-- testParamsPassBool -->
      </class> <!-- io.kaitai.struct.spec.TestParamsPassBool -->
      <class name="io.kaitai.struct.spec.TestValidFailEqBytes">
        <test-method signature="testValidFailEqBytes()[pri:0, instance:io.kaitai.struct.spec.TestValidFailEqBytes@2892dae4]" started-at="2023-07-05T16:21:06Z" name="testValidFailEqBytes" finished-at="2023-07-05T16:21:06Z" duration-ms="2" status="PASS">
          <exception class="io.kaitai.struct.KaitaiStream$ValidationNotEqualError">
            <message>
              <![CDATA[/seq/0: at pos 2: validation failed: not equal, expected [51 41], but got [50 41]]]>
            </message>
            <full-stacktrace>
              <![CDATA[io.kaitai.struct.KaitaiStream$ValidationNotEqualError: /seq/0: at pos 2: validation failed: not equal, expected [51 41], but got [50 41]
	at io.kaitai.struct.testformats.ValidFailEqBytes._read(ValidFailEqBytes.java:33)
	at io.kaitai.struct.testformats.ValidFailEqBytes.<init>(ValidFailEqBytes.java:28)
	at io.kaitai.struct.testformats.ValidFailEqBytes.<init>(ValidFailEqBytes.java:17)
	at io.kaitai.struct.testformats.ValidFailEqBytes.fromFile(ValidFailEqBytes.java:13)
	at io.kaitai.struct.spec.TestValidFailEqBytes.testValidFailEqBytes(TestValidFailEqBytes.java:13)
	at java.base/jdk.internal.reflect.NativeMethodAccessorImpl.invoke0(Native Method)
	at java.base/jdk.internal.reflect.NativeMethodAccessorImpl.invoke(NativeMethodAccessorImpl.java:62)
	at java.base/jdk.internal.reflect.DelegatingMethodAccessorImpl.invoke(DelegatingMethodAccessorImpl.java:43)
	at java.base/java.lang.reflect.Method.invoke(Method.java:566)
	at org.testng.internal.MethodInvocationHelper.invokeMethod(MethodInvocationHelper.java:86)
	at org.testng.internal.Invoker.invokeMethod(Invoker.java:643)
	at org.testng.internal.Invoker.invokeTestMethod(Invoker.java:820)
	at org.testng.internal.Invoker.invokeTestMethods(Invoker.java:1128)
	at org.testng.internal.TestMethodWorker.invokeTestMethods(TestMethodWorker.java:129)
	at org.testng.internal.TestMethodWorker.run(TestMethodWorker.java:112)
	at org.testng.TestRunner.privateRun(TestRunner.java:782)
	at org.testng.TestRunner.run(TestRunner.java:632)
	at org.testng.SuiteRunner.runTest(SuiteRunner.java:366)
	at org.testng.SuiteRunner.runSequentially(SuiteRunner.java:361)
	at org.testng.SuiteRunner.privateRun(SuiteRunner.java:319)
	at org.testng.SuiteRunner.run(SuiteRunner.java:268)
	at org.testng.SuiteRunnerWorker.runSuite(SuiteRunnerWorker.java:52)
	at org.testng.SuiteRunnerWorker.run(SuiteRunnerWorker.java:86)
	at org.testng.TestNG.runSuitesSequentially(TestNG.java:1244)
	at org.testng.TestNG.runSuitesLocally(TestNG.java:1169)
	at org.testng.TestNG.run(TestNG.java:1064)
	at org.testng.TestNG.privateMain(TestNG.java:1385)
	at org.testng.TestNG.main(TestNG.java:1354)
]]>
            </full-stacktrace>
          </exception> <!-- io.kaitai.struct.KaitaiStream$ValidationNotEqualError -->
          <reporter-output>
          </reporter-output>
        </test-method> <!-- testValidFailEqBytes -->
      </class> <!-- io.kaitai.struct.spec.TestValidFailEqBytes -->
      <class name="io.kaitai.struct.spec.TestRepeatNStruct">
        <test-method signature="testRepeatNStruct()[pri:0, instance:io.kaitai.struct.spec.TestRepeatNStruct@2e1d27ba]" started-at="2023-07-05T16:21:06Z" name="testRepeatNStruct" finished-at="2023-07-05T16:21:06Z" duration-ms="2" status="PASS">
          <reporter-output>
          </reporter-output>
        </test-method> <!-- testRepeatNStruct -->
      </class> <!-- io.kaitai.struct.spec.TestRepeatNStruct -->
      <class name="io.kaitai.struct.spec.TestStrEncodingsUtf16">
        <test-method signature="testStrEncodingsUtf16()[pri:0, instance:io.kaitai.struct.spec.TestStrEncodingsUtf16@d21a74c]" started-at="2023-07-05T16:21:06Z" name="testStrEncodingsUtf16" finished-at="2023-07-05T16:21:06Z" duration-ms="2" status="PASS">
          <reporter-output>
          </reporter-output>
        </test-method> <!-- testStrEncodingsUtf16 -->
      </class> <!-- io.kaitai.struct.spec.TestStrEncodingsUtf16 -->
      <class name="io.kaitai.struct.spec.TestIndexToParamUntil">
        <test-method signature="testIndexToParamUntil()[pri:0, instance:io.kaitai.struct.spec.TestIndexToParamUntil@68c72235]" started-at="2023-07-05T16:21:06Z" name="testIndexToParamUntil" finished-at="2023-07-05T16:21:06Z" duration-ms="0" status="PASS">
          <reporter-output>
          </reporter-output>
        </test-method> <!-- testIndexToParamUntil -->
      </class> <!-- io.kaitai.struct.spec.TestIndexToParamUntil -->
      <class name="io.kaitai.struct.spec.TestImportsAbsRel">
        <test-method signature="testImportsAbsRel()[pri:0, instance:io.kaitai.struct.spec.TestImportsAbsRel@68e965f5]" started-at="2023-07-05T16:21:06Z" name="testImportsAbsRel" finished-at="2023-07-05T16:21:06Z" duration-ms="1" status="PASS">
          <reporter-output>
          </reporter-output>
        </test-method> <!-- testImportsAbsRel -->
      </class> <!-- io.kaitai.struct.spec.TestImportsAbsRel -->
      <class name="io.kaitai.struct.spec.TestEnumDeep">
        <test-method signature="testEnumDeep()[pri:0, instance:io.kaitai.struct.spec.TestEnumDeep@ba54932]" started-at="2023-07-05T16:21:06Z" name="testEnumDeep" finished-at="2023-07-05T16:21:06Z" duration-ms="1" status="PASS">
          <reporter-output>
          </reporter-output>
        </test-method> <!-- testEnumDeep -->
      </class> <!-- io.kaitai.struct.spec.TestEnumDeep -->
    </test> <!-- all -->
  </suite> <!-- Kaitai Struct Java specs -->
</testng-results>
