<?xml version="1.0" encoding="UTF-8"?>
<testng-results skipped="0" failed="0" total="187" passed="187">
  <reporter-output>
  </reporter-output>
  <suite name="Kaitai Struct Java specs" duration-ms="325" started-at="2020-03-12T20:24:54Z" finished-at="2020-03-12T20:24:54Z">
    <groups>
    </groups>
    <test name="all" duration-ms="325" started-at="2020-03-12T20:24:54Z" finished-at="2020-03-12T20:24:54Z">
      <class name="io.kaitai.struct.spec.TestNestedSameName2">
        <test-method status="PASS" signature="testNestedSameName2()[pri:0, instance:io.kaitai.struct.spec.TestNestedSameName2@665de723]" name="testNestedSameName2" duration-ms="1" started-at="2020-03-12T20:24:54Z" finished-at="2020-03-12T20:24:54Z">
          <reporter-output>
          </reporter-output>
        </test-method> <!-- testNestedSameName2 -->
      </class> <!-- io.kaitai.struct.spec.TestNestedSameName2 -->
      <class name="io.kaitai.struct.spec.TestDefaultEndianMod">
        <test-method status="PASS" signature="testDefaultEndianMod()[pri:0, instance:io.kaitai.struct.spec.TestDefaultEndianMod@3904bcf6]" name="testDefaultEndianMod" duration-ms="2" started-at="2020-03-12T20:24:54Z" finished-at="2020-03-12T20:24:54Z">
          <reporter-output>
          </reporter-output>
        </test-method> <!-- testDefaultEndianMod -->
      </class> <!-- io.kaitai.struct.spec.TestDefaultEndianMod -->
      <class name="io.kaitai.struct.spec.TestIndexToParamUntil">
        <test-method status="PASS" signature="testIndexToParamUntil()[pri:0, instance:io.kaitai.struct.spec.TestIndexToParamUntil@798322d1]" name="testIndexToParamUntil" duration-ms="1" started-at="2020-03-12T20:24:54Z" finished-at="2020-03-12T20:24:54Z">
          <reporter-output>
          </reporter-output>
        </test-method> <!-- testIndexToParamUntil -->
      </class> <!-- io.kaitai.struct.spec.TestIndexToParamUntil -->
      <class name="io.kaitai.struct.spec.TestImportsRel1">
        <test-method status="PASS" signature="testImportsRel1()[pri:0, instance:io.kaitai.struct.spec.TestImportsRel1@49cf882]" name="testImportsRel1" duration-ms="1" started-at="2020-03-12T20:24:54Z" finished-at="2020-03-12T20:24:54Z">
          <reporter-output>
          </reporter-output>
        </test-method> <!-- testImportsRel1 -->
      </class> <!-- io.kaitai.struct.spec.TestImportsRel1 -->
      <class name="io.kaitai.struct.spec.TestDebugSwitchUser">
        <test-method status="PASS" signature="testDebugSwitchUser()[pri:0, instance:io.kaitai.struct.spec.TestDebugSwitchUser@72a68e82]" name="testDebugSwitchUser" duration-ms="1" started-at="2020-03-12T20:24:54Z" finished-at="2020-03-12T20:24:54Z">
          <reporter-output>
          </reporter-output>
        </test-method> <!-- testDebugSwitchUser -->
      </class> <!-- io.kaitai.struct.spec.TestDebugSwitchUser -->
      <class name="io.kaitai.struct.spec.TestNavParentVsValueInst">
        <test-method status="PASS" signature="testNavParentVsValueInst()[pri:0, instance:io.kaitai.struct.spec.TestNavParentVsValueInst@2ec98cf8]" name="testNavParentVsValueInst" duration-ms="0" started-at="2020-03-12T20:24:54Z" finished-at="2020-03-12T20:24:54Z">
          <reporter-output>
          </reporter-output>
        </test-method> <!-- testNavParentVsValueInst -->
      </class> <!-- io.kaitai.struct.spec.TestNavParentVsValueInst -->
      <class name="io.kaitai.struct.spec.TestInstanceIoUser">
        <test-method status="PASS" signature="testInstanceIoUser()[pri:0, instance:io.kaitai.struct.spec.TestInstanceIoUser@ca9890e]" name="testInstanceIoUser" duration-ms="1" started-at="2020-03-12T20:24:54Z" finished-at="2020-03-12T20:24:54Z">
          <reporter-output>
          </reporter-output>
        </test-method> <!-- testInstanceIoUser -->
      </class> <!-- io.kaitai.struct.spec.TestInstanceIoUser -->
      <class name="io.kaitai.struct.spec.TestIoLocalVar">
        <test-method status="PASS" signature="testIoLocalVar()[pri:0, instance:io.kaitai.struct.spec.TestIoLocalVar@14356844]" name="testIoLocalVar" duration-ms="0" started-at="2020-03-12T20:24:54Z" finished-at="2020-03-12T20:24:54Z">
          <reporter-output>
          </reporter-output>
        </test-method> <!-- testIoLocalVar -->
      </class> <!-- io.kaitai.struct.spec.TestIoLocalVar -->
      <class name="io.kaitai.struct.spec.TestIfValues">
        <test-method status="PASS" signature="testIfValues()[pri:0, instance:io.kaitai.struct.spec.TestIfValues@76dd3333]" name="testIfValues" duration-ms="0" started-at="2020-03-12T20:24:54Z" finished-at="2020-03-12T20:24:54Z">
          <reporter-output>
          </reporter-output>
        </test-method> <!-- testIfValues -->
      </class> <!-- io.kaitai.struct.spec.TestIfValues -->
      <class name="io.kaitai.struct.spec.TestStrCombine">
        <test-method status="PASS" signature="testStrCombine()[pri:0, instance:io.kaitai.struct.spec.TestStrCombine@4ff04845]" name="testStrCombine" duration-ms="1" started-at="2020-03-12T20:24:54Z" finished-at="2020-03-12T20:24:54Z">
          <reporter-output>
          </reporter-output>
        </test-method> <!-- testStrCombine -->
      </class> <!-- io.kaitai.struct.spec.TestStrCombine -->
      <class name="io.kaitai.struct.spec.TestSwitchManualIntSize">
        <test-method status="PASS" signature="testSwitchManualIntSize()[pri:0, instance:io.kaitai.struct.spec.TestSwitchManualIntSize@48059495]" name="testSwitchManualIntSize" duration-ms="1" started-at="2020-03-12T20:24:54Z" finished-at="2020-03-12T20:24:54Z">
          <reporter-output>
          </reporter-output>
        </test-method> <!-- testSwitchManualIntSize -->
      </class> <!-- io.kaitai.struct.spec.TestSwitchManualIntSize -->
      <class name="io.kaitai.struct.spec.TestValidFailEqBytes">
        <test-method status="PASS" signature="testValidFailEqBytes()[pri:0, instance:io.kaitai.struct.spec.TestValidFailEqBytes@4f1b7595]" name="testValidFailEqBytes" duration-ms="0" started-at="2020-03-12T20:24:54Z" finished-at="2020-03-12T20:24:54Z">
          <exception class="io.kaitai.struct.KaitaiStream$ValidationNotEqualError">
            <message>
              <![CDATA[/seq/0: at pos 2: validation failed: not equal, expected [51 41], but got [50 41]]]>
            </message>
            <full-stacktrace>
              <![CDATA[io.kaitai.struct.KaitaiStream$ValidationNotEqualError: /seq/0: at pos 2: validation failed: not equal, expected [51 41], but got [50 41]
	at io.kaitai.struct.testformats.ValidFailEqBytes._read(ValidFailEqBytes.java:33)
	at io.kaitai.struct.testformats.ValidFailEqBytes.<init>(ValidFailEqBytes.java:28)
	at io.kaitai.struct.testformats.ValidFailEqBytes.<init>(ValidFailEqBytes.java:17)
	at io.kaitai.struct.testformats.ValidFailEqBytes.fromFile(ValidFailEqBytes.java:13)
	at io.kaitai.struct.spec.TestValidFailEqBytes.testValidFailEqBytes(TestValidFailEqBytes.java:13)
	at sun.reflect.NativeMethodAccessorImpl.invoke0(Native Method)
	at sun.reflect.NativeMethodAccessorImpl.invoke(NativeMethodAccessorImpl.java:57)
	at sun.reflect.DelegatingMethodAccessorImpl.invoke(DelegatingMethodAccessorImpl.java:43)
	at java.lang.reflect.Method.invoke(Method.java:606)
	at org.testng.internal.MethodInvocationHelper.invokeMethod(MethodInvocationHelper.java:86)
	at org.testng.internal.Invoker.invokeMethod(Invoker.java:643)
	at org.testng.internal.Invoker.invokeTestMethod(Invoker.java:820)
	at org.testng.internal.Invoker.invokeTestMethods(Invoker.java:1128)
	at org.testng.internal.TestMethodWorker.invokeTestMethods(TestMethodWorker.java:129)
	at org.testng.internal.TestMethodWorker.run(TestMethodWorker.java:112)
	at org.testng.TestRunner.privateRun(TestRunner.java:782)
	at org.testng.TestRunner.run(TestRunner.java:632)
	at org.testng.SuiteRunner.runTest(SuiteRunner.java:366)
	at org.testng.SuiteRunner.runSequentially(SuiteRunner.java:361)
	at org.testng.SuiteRunner.privateRun(SuiteRunner.java:319)
	at org.testng.SuiteRunner.run(SuiteRunner.java:268)
	at org.testng.SuiteRunnerWorker.runSuite(SuiteRunnerWorker.java:52)
	at org.testng.SuiteRunnerWorker.run(SuiteRunnerWorker.java:86)
	at org.testng.TestNG.runSuitesSequentially(TestNG.java:1244)
	at org.testng.TestNG.runSuitesLocally(TestNG.java:1169)
	at org.testng.TestNG.run(TestNG.java:1064)
	at org.testng.TestNG.privateMain(TestNG.java:1385)
	at org.testng.TestNG.main(TestNG.java:1354)
]]>
            </full-stacktrace>
          </exception> <!-- io.kaitai.struct.KaitaiStream$ValidationNotEqualError -->
          <reporter-output>
          </reporter-output>
        </test-method> <!-- testValidFailEqBytes -->
      </class> <!-- io.kaitai.struct.spec.TestValidFailEqBytes -->
      <class name="io.kaitai.struct.spec.TestValidFailEqInt">
        <test-method status="PASS" signature="testValidFailEqInt()[pri:0, instance:io.kaitai.struct.spec.TestValidFailEqInt@5d7f212b]" name="testValidFailEqInt" duration-ms="0" started-at="2020-03-12T20:24:54Z" finished-at="2020-03-12T20:24:54Z">
          <exception class="io.kaitai.struct.KaitaiStream$ValidationNotEqualError">
            <message>
              <![CDATA[/seq/0: at pos 1: validation failed: not equal, expected 123, but got 80]]>
            </message>
            <full-stacktrace>
              <![CDATA[io.kaitai.struct.KaitaiStream$ValidationNotEqualError: /seq/0: at pos 1: validation failed: not equal, expected 123, but got 80
	at io.kaitai.struct.testformats.ValidFailEqInt._read(ValidFailEqInt.java:32)
	at io.kaitai.struct.testformats.ValidFailEqInt.<init>(ValidFailEqInt.java:27)
	at io.kaitai.struct.testformats.ValidFailEqInt.<init>(ValidFailEqInt.java:16)
	at io.kaitai.struct.testformats.ValidFailEqInt.fromFile(ValidFailEqInt.java:12)
	at io.kaitai.struct.spec.TestValidFailEqInt.testValidFailEqInt(TestValidFailEqInt.java:13)
	at sun.reflect.NativeMethodAccessorImpl.invoke0(Native Method)
	at sun.reflect.NativeMethodAccessorImpl.invoke(NativeMethodAccessorImpl.java:57)
	at sun.reflect.DelegatingMethodAccessorImpl.invoke(DelegatingMethodAccessorImpl.java:43)
	at java.lang.reflect.Method.invoke(Method.java:606)
	at org.testng.internal.MethodInvocationHelper.invokeMethod(MethodInvocationHelper.java:86)
	at org.testng.internal.Invoker.invokeMethod(Invoker.java:643)
	at org.testng.internal.Invoker.invokeTestMethod(Invoker.java:820)
	at org.testng.internal.Invoker.invokeTestMethods(Invoker.java:1128)
	at org.testng.internal.TestMethodWorker.invokeTestMethods(TestMethodWorker.java:129)
	at org.testng.internal.TestMethodWorker.run(TestMethodWorker.java:112)
	at org.testng.TestRunner.privateRun(TestRunner.java:782)
	at org.testng.TestRunner.run(TestRunner.java:632)
	at org.testng.SuiteRunner.runTest(SuiteRunner.java:366)
	at org.testng.SuiteRunner.runSequentially(SuiteRunner.java:361)
	at org.testng.SuiteRunner.privateRun(SuiteRunner.java:319)
	at org.testng.SuiteRunner.run(SuiteRunner.java:268)
	at org.testng.SuiteRunnerWorker.runSuite(SuiteRunnerWorker.java:52)
	at org.testng.SuiteRunnerWorker.run(SuiteRunnerWorker.java:86)
	at org.testng.TestNG.runSuitesSequentially(TestNG.java:1244)
	at org.testng.TestNG.runSuitesLocally(TestNG.java:1169)
	at org.testng.TestNG.run(TestNG.java:1064)
	at org.testng.TestNG.privateMain(TestNG.java:1385)
	at org.testng.TestNG.main(TestNG.java:1354)
]]>
            </full-stacktrace>
          </exception> <!-- io.kaitai.struct.KaitaiStream$ValidationNotEqualError -->
          <reporter-output>
          </reporter-output>
        </test-method> <!-- testValidFailEqInt -->
      </class> <!-- io.kaitai.struct.spec.TestValidFailEqInt -->
      <class name="io.kaitai.struct.spec.TestParamsDef">
        <test-method status="PASS" signature="testParamsDef()[pri:0, instance:io.kaitai.struct.spec.TestParamsDef@14d6339c]" name="testParamsDef" duration-ms="0" started-at="2020-03-12T20:24:54Z" finished-at="2020-03-12T20:24:54Z">
          <reporter-output>
          </reporter-output>
        </test-method> <!-- testParamsDef -->
      </class> <!-- io.kaitai.struct.spec.TestParamsDef -->
      <class name="io.kaitai.struct.spec.TestSwitchManualStr">
        <test-method status="PASS" signature="testSwitchManualStr()[pri:0, instance:io.kaitai.struct.spec.TestSwitchManualStr@2b29f93b]" name="testSwitchManualStr" duration-ms="1" started-at="2020-03-12T20:24:54Z" finished-at="2020-03-12T20:24:54Z">
          <reporter-output>
          </reporter-output>
        </test-method> <!-- testSwitchManualStr -->
      </class> <!-- io.kaitai.struct.spec.TestSwitchManualStr -->
      <class name="io.kaitai.struct.spec.TestTsPacketHeader">
        <test-method status="PASS" signature="testTsPacketHeader()[pri:0, instance:io.kaitai.struct.spec.TestTsPacketHeader@1923e91b]" name="testTsPacketHeader" duration-ms="0" started-at="2020-03-12T20:24:54Z" finished-at="2020-03-12T20:24:54Z">
          <reporter-output>
          </reporter-output>
        </test-method> <!-- testTsPacketHeader -->
      </class> <!-- io.kaitai.struct.spec.TestTsPacketHeader -->
      <class name="io.kaitai.struct.spec.TestRepeatEosStruct">
        <test-method status="PASS" signature="testRepeatEosStruct()[pri:0, instance:io.kaitai.struct.spec.TestRepeatEosStruct@7f745b55]" name="testRepeatEosStruct" duration-ms="1" started-at="2020-03-12T20:24:54Z" finished-at="2020-03-12T20:24:54Z">
          <reporter-output>
          </reporter-output>
        </test-method> <!-- testRepeatEosStruct -->
      </class> <!-- io.kaitai.struct.spec.TestRepeatEosStruct -->
      <class name="io.kaitai.struct.spec.TestProcessRotate">
        <test-method status="PASS" signature="testProcessRotate()[pri:0, instance:io.kaitai.struct.spec.TestProcessRotate@107a4204]" name="testProcessRotate" duration-ms="0" started-at="2020-03-12T20:24:54Z" finished-at="2020-03-12T20:24:54Z">
          <reporter-output>
          </reporter-output>
        </test-method> <!-- testProcessRotate -->
      </class> <!-- io.kaitai.struct.spec.TestProcessRotate -->
      <class name="io.kaitai.struct.spec.TestNavParent2">
        <test-method status="PASS" signature="testNavParent2()[pri:0, instance:io.kaitai.struct.spec.TestNavParent2@346b8cd1]" name="testNavParent2" duration-ms="1" started-at="2020-03-12T20:24:54Z" finished-at="2020-03-12T20:24:54Z">
          <reporter-output>
          </reporter-output>
        </test-method> <!-- testNavParent2 -->
      </class> <!-- io.kaitai.struct.spec.TestNavParent2 -->
      <class name="io.kaitai.struct.spec.TestInstanceStd">
        <test-method status="PASS" signature="testInstanceStd()[pri:0, instance:io.kaitai.struct.spec.TestInstanceStd@4ca59c12]" name="testInstanceStd" duration-ms="0" started-at="2020-03-12T20:24:54Z" finished-at="2020-03-12T20:24:54Z">
          <reporter-output>
          </reporter-output>
        </test-method> <!-- testInstanceStd -->
      </class> <!-- io.kaitai.struct.spec.TestInstanceStd -->
      <class name="io.kaitai.struct.spec.TestNavParent3">
        <test-method status="PASS" signature="testNavParent3()[pri:0, instance:io.kaitai.struct.spec.TestNavParent3@2a8820fa]" name="testNavParent3" duration-ms="1" started-at="2020-03-12T20:24:54Z" finished-at="2020-03-12T20:24:54Z">
          <reporter-output>
          </reporter-output>
        </test-method> <!-- testNavParent3 -->
      </class> <!-- io.kaitai.struct.spec.TestNavParent3 -->
      <class name="io.kaitai.struct.spec.TestEnumForUnknownId">
        <test-method status="PASS" signature="testEnumForUnknownId()[pri:0, instance:io.kaitai.struct.spec.TestEnumForUnknownId@4cef9c23]" name="testEnumForUnknownId" duration-ms="1" started-at="2020-03-12T20:24:54Z" finished-at="2020-03-12T20:24:54Z">
          <reporter-output>
          </reporter-output>
        </test-method> <!-- testEnumForUnknownId -->
      </class> <!-- io.kaitai.struct.spec.TestEnumForUnknownId -->
      <class name="io.kaitai.struct.spec.TestValidFailContents">
        <test-method status="PASS" signature="testValidFailContents()[pri:0, instance:io.kaitai.struct.spec.TestValidFailContents@62c9ab52]" name="testValidFailContents" duration-ms="4" started-at="2020-03-12T20:24:54Z" finished-at="2020-03-12T20:24:54Z">
          <exception class="io.kaitai.struct.KaitaiStream$ValidationNotEqualError">
            <message>
              <![CDATA[/seq/0: at pos 2: validation failed: not equal, expected [51 41], but got [50 41]]]>
            </message>
            <full-stacktrace>
              <![CDATA[io.kaitai.struct.KaitaiStream$ValidationNotEqualError: /seq/0: at pos 2: validation failed: not equal, expected [51 41], but got [50 41]
	at io.kaitai.struct.testformats.ValidFailContents._read(ValidFailContents.java:33)
	at io.kaitai.struct.testformats.ValidFailContents.<init>(ValidFailContents.java:28)
	at io.kaitai.struct.testformats.ValidFailContents.<init>(ValidFailContents.java:17)
	at io.kaitai.struct.testformats.ValidFailContents.fromFile(ValidFailContents.java:13)
	at io.kaitai.struct.spec.TestValidFailContents.testValidFailContents(TestValidFailContents.java:13)
	at sun.reflect.NativeMethodAccessorImpl.invoke0(Native Method)
	at sun.reflect.NativeMethodAccessorImpl.invoke(NativeMethodAccessorImpl.java:57)
	at sun.reflect.DelegatingMethodAccessorImpl.invoke(DelegatingMethodAccessorImpl.java:43)
	at java.lang.reflect.Method.invoke(Method.java:606)
	at org.testng.internal.MethodInvocationHelper.invokeMethod(MethodInvocationHelper.java:86)
	at org.testng.internal.Invoker.invokeMethod(Invoker.java:643)
	at org.testng.internal.Invoker.invokeTestMethod(Invoker.java:820)
	at org.testng.internal.Invoker.invokeTestMethods(Invoker.java:1128)
	at org.testng.internal.TestMethodWorker.invokeTestMethods(TestMethodWorker.java:129)
	at org.testng.internal.TestMethodWorker.run(TestMethodWorker.java:112)
	at org.testng.TestRunner.privateRun(TestRunner.java:782)
	at org.testng.TestRunner.run(TestRunner.java:632)
	at org.testng.SuiteRunner.runTest(SuiteRunner.java:366)
	at org.testng.SuiteRunner.runSequentially(SuiteRunner.java:361)
	at org.testng.SuiteRunner.privateRun(SuiteRunner.java:319)
	at org.testng.SuiteRunner.run(SuiteRunner.java:268)
	at org.testng.SuiteRunnerWorker.runSuite(SuiteRunnerWorker.java:52)
	at org.testng.SuiteRunnerWorker.run(SuiteRunnerWorker.java:86)
	at org.testng.TestNG.runSuitesSequentially(TestNG.java:1244)
	at org.testng.TestNG.runSuitesLocally(TestNG.java:1169)
	at org.testng.TestNG.run(TestNG.java:1064)
	at org.testng.TestNG.privateMain(TestNG.java:1385)
	at org.testng.TestNG.main(TestNG.java:1354)
]]>
            </full-stacktrace>
          </exception> <!-- io.kaitai.struct.KaitaiStream$ValidationNotEqualError -->
          <reporter-output>
          </reporter-output>
        </test-method> <!-- testValidFailContents -->
      </class> <!-- io.kaitai.struct.spec.TestValidFailContents -->
      <class name="io.kaitai.struct.spec.TestNestedTypes">
        <test-method status="PASS" signature="testNestedTypes()[pri:0, instance:io.kaitai.struct.spec.TestNestedTypes@7b6e9b75]" name="testNestedTypes" duration-ms="1" started-at="2020-03-12T20:24:54Z" finished-at="2020-03-12T20:24:54Z">
          <reporter-output>
          </reporter-output>
        </test-method> <!-- testNestedTypes -->
      </class> <!-- io.kaitai.struct.spec.TestNestedTypes -->
      <class name="io.kaitai.struct.spec.TestInstanceStdArray">
        <test-method status="PASS" signature="testInstanceStdArray()[pri:0, instance:io.kaitai.struct.spec.TestInstanceStdArray@5508e44d]" name="testInstanceStdArray" duration-ms="0" started-at="2020-03-12T20:24:54Z" finished-at="2020-03-12T20:24:54Z">
          <reporter-output>
          </reporter-output>
        </test-method> <!-- testInstanceStdArray -->
      </class> <!-- io.kaitai.struct.spec.TestInstanceStdArray -->
      <class name="io.kaitai.struct.spec.TestProcessXor4Const">
        <test-method status="PASS" signature="testProcessXor4Const()[pri:0, instance:io.kaitai.struct.spec.TestProcessXor4Const@695ee1b2]" name="testProcessXor4Const" duration-ms="1" started-at="2020-03-12T20:24:54Z" finished-at="2020-03-12T20:24:54Z">
          <reporter-output>
          </reporter-output>
        </test-method> <!-- testProcessXor4Const -->
      </class> <!-- io.kaitai.struct.spec.TestProcessXor4Const -->
      <class name="io.kaitai.struct.spec.TestSwitchMultiBoolOps">
        <test-method status="PASS" signature="testSwitchMultiBoolOps()[pri:0, instance:io.kaitai.struct.spec.TestSwitchMultiBoolOps@15a58470]" name="testSwitchMultiBoolOps" duration-ms="0" started-at="2020-03-12T20:24:54Z" finished-at="2020-03-12T20:24:54Z">
          <reporter-output>
          </reporter-output>
        </test-method> <!-- testSwitchMultiBoolOps -->
      </class> <!-- io.kaitai.struct.spec.TestSwitchMultiBoolOps -->
      <class name="io.kaitai.struct.spec.TestProcessCoerceSwitch">
        <test-method status="PASS" signature="testProcessCoerceSwitch()[pri:0, instance:io.kaitai.struct.spec.TestProcessCoerceSwitch@ea083a]" name="testProcessCoerceSwitch" duration-ms="0" started-at="2020-03-12T20:24:54Z" finished-at="2020-03-12T20:24:54Z">
          <reporter-output>
          </reporter-output>
        </test-method> <!-- testProcessCoerceSwitch -->
      </class> <!-- io.kaitai.struct.spec.TestProcessCoerceSwitch -->
      <class name="io.kaitai.struct.spec.TestSwitchManualIntSizeEos">
        <test-method status="PASS" signature="testSwitchManualIntSizeEos()[pri:0, instance:io.kaitai.struct.spec.TestSwitchManualIntSizeEos@1325659a]" name="testSwitchManualIntSizeEos" duration-ms="2" started-at="2020-03-12T20:24:54Z" finished-at="2020-03-12T20:24:54Z">
          <reporter-output>
          </reporter-output>
        </test-method> <!-- testSwitchManualIntSizeEos -->
      </class> <!-- io.kaitai.struct.spec.TestSwitchManualIntSizeEos -->
      <class name="io.kaitai.struct.spec.TestParamsPassUsertype">
        <test-method status="PASS" signature="testParamsPassUsertype()[pri:0, instance:io.kaitai.struct.spec.TestParamsPassUsertype@5c7a987e]" name="testParamsPassUsertype" duration-ms="0" started-at="2020-03-12T20:24:54Z" finished-at="2020-03-12T20:24:54Z">
          <reporter-output>
          </reporter-output>
        </test-method> <!-- testParamsPassUsertype -->
      </class> <!-- io.kaitai.struct.spec.TestParamsPassUsertype -->
      <class name="io.kaitai.struct.spec.TestFixedContents">
        <test-method status="PASS" signature="testFixedContents()[pri:0, instance:io.kaitai.struct.spec.TestFixedContents@bd53277]" name="testFixedContents" duration-ms="0" started-at="2020-03-12T20:24:54Z" finished-at="2020-03-12T20:24:54Z">
          <reporter-output>
          </reporter-output>
        </test-method> <!-- testFixedContents -->
      </class> <!-- io.kaitai.struct.spec.TestFixedContents -->
      <class name="io.kaitai.struct.spec.TestValidNotParsedIf">
        <test-method status="PASS" signature="testValidNotParsedIf()[pri:0, instance:io.kaitai.struct.spec.TestValidNotParsedIf@56dd2ac6]" name="testValidNotParsedIf" duration-ms="43" started-at="2020-03-12T20:24:54Z" finished-at="2020-03-12T20:24:54Z">
          <reporter-output>
          </reporter-output>
        </test-method> <!-- testValidNotParsedIf -->
      </class> <!-- io.kaitai.struct.spec.TestValidNotParsedIf -->
      <class name="io.kaitai.struct.spec.TestDocstringsDocrefMulti">
        <test-method status="PASS" signature="testDocstringsDocrefMulti()[pri:0, instance:io.kaitai.struct.spec.TestDocstringsDocrefMulti@398c75f4]" name="testDocstringsDocrefMulti" duration-ms="1" started-at="2020-03-12T20:24:54Z" finished-at="2020-03-12T20:24:54Z">
          <reporter-output>
          </reporter-output>
        </test-method> <!-- testDocstringsDocrefMulti -->
      </class> <!-- io.kaitai.struct.spec.TestDocstringsDocrefMulti -->
      <class name="io.kaitai.struct.spec.TestZlibWithHeader78">
        <test-method status="PASS" signature="testZlibWithHeader78()[pri:0, instance:io.kaitai.struct.spec.TestZlibWithHeader78@349403b0]" name="testZlibWithHeader78" duration-ms="1" started-at="2020-03-12T20:24:54Z" finished-at="2020-03-12T20:24:54Z">
          <reporter-output>
          </reporter-output>
        </test-method> <!-- testZlibWithHeader78 -->
      </class> <!-- io.kaitai.struct.spec.TestZlibWithHeader78 -->
      <class name="io.kaitai.struct.spec.TestNavRoot">
        <test-method status="PASS" signature="testNavRoot()[pri:0, instance:io.kaitai.struct.spec.TestNavRoot@261b2759]" name="testNavRoot" duration-ms="1" started-at="2020-03-12T20:24:54Z" finished-at="2020-03-12T20:24:54Z">
          <reporter-output>
          </reporter-output>
        </test-method> <!-- testNavRoot -->
      </class> <!-- io.kaitai.struct.spec.TestNavRoot -->
      <class name="io.kaitai.struct.spec.TestSwitchManualStrElse">
        <test-method status="PASS" signature="testSwitchManualStrElse()[pri:0, instance:io.kaitai.struct.spec.TestSwitchManualStrElse@60620f9c]" name="testSwitchManualStrElse" duration-ms="1" started-at="2020-03-12T20:24:54Z" finished-at="2020-03-12T20:24:54Z">
          <reporter-output>
          </reporter-output>
        </test-method> <!-- testSwitchManualStrElse -->
      </class> <!-- io.kaitai.struct.spec.TestSwitchManualStrElse -->
      <class name="io.kaitai.struct.spec.TestBcdUserTypeLe">
        <test-method status="PASS" signature="testBcdUserTypeLe()[pri:0, instance:io.kaitai.struct.spec.TestBcdUserTypeLe@4c2184e]" name="testBcdUserTypeLe" duration-ms="2" started-at="2020-03-12T20:24:54Z" finished-at="2020-03-12T20:24:54Z">
          <reporter-output>
          </reporter-output>
        </test-method> <!-- testBcdUserTypeLe -->
      </class> <!-- io.kaitai.struct.spec.TestBcdUserTypeLe -->
      <class name="io.kaitai.struct.spec.TestDebugArrayUser">
        <test-method status="PASS" signature="testDebugArrayUser()[pri:0, instance:io.kaitai.struct.spec.TestDebugArrayUser@7c316b47]" name="testDebugArrayUser" duration-ms="1" started-at="2020-03-12T20:24:54Z" finished-at="2020-03-12T20:24:54Z">
          <reporter-output>
          </reporter-output>
        </test-method> <!-- testDebugArrayUser -->
      </class> <!-- io.kaitai.struct.spec.TestDebugArrayUser -->
      <class name="io.kaitai.struct.spec.TestHelloWorld">
        <test-method status="PASS" signature="testHelloWorld()[pri:0, instance:io.kaitai.struct.spec.TestHelloWorld@75c57e85]" name="testHelloWorld" duration-ms="0" started-at="2020-03-12T20:24:54Z" finished-at="2020-03-12T20:24:54Z">
          <reporter-output>
          </reporter-output>
        </test-method> <!-- testHelloWorld -->
      </class> <!-- io.kaitai.struct.spec.TestHelloWorld -->
      <class name="io.kaitai.struct.spec.TestSwitchIntegers">
        <test-method status="PASS" signature="testSwitchIntegers()[pri:0, instance:io.kaitai.struct.spec.TestSwitchIntegers@194bf8af]" name="testSwitchIntegers" duration-ms="1" started-at="2020-03-12T20:24:54Z" finished-at="2020-03-12T20:24:54Z">
          <reporter-output>
          </reporter-output>
        </test-method> <!-- testSwitchIntegers -->
      </class> <!-- io.kaitai.struct.spec.TestSwitchIntegers -->
      <class name="io.kaitai.struct.spec.TestMultipleUse">
        <test-method status="PASS" signature="testMultipleUse()[pri:0, instance:io.kaitai.struct.spec.TestMultipleUse@c7d9406]" name="testMultipleUse" duration-ms="1" started-at="2020-03-12T20:24:54Z" finished-at="2020-03-12T20:24:54Z">
          <reporter-output>
          </reporter-output>
        </test-method> <!-- testMultipleUse -->
      </class> <!-- io.kaitai.struct.spec.TestMultipleUse -->
      <class name="io.kaitai.struct.spec.TestExprSizeofValueSized">
        <test-method status="PASS" signature="testExprSizeofValueSized()[pri:0, instance:io.kaitai.struct.spec.TestExprSizeofValueSized@617e32c7]" name="testExprSizeofValueSized" duration-ms="1" started-at="2020-03-12T20:24:54Z" finished-at="2020-03-12T20:24:54Z">
          <reporter-output>
          </reporter-output>
        </test-method> <!-- testExprSizeofValueSized -->
      </class> <!-- io.kaitai.struct.spec.TestExprSizeofValueSized -->
      <class name="io.kaitai.struct.spec.TestMetaXref">
        <test-method status="PASS" signature="testMetaXref()[pri:0, instance:io.kaitai.struct.spec.TestMetaXref@1d69a562]" name="testMetaXref" duration-ms="1" started-at="2020-03-12T20:24:54Z" finished-at="2020-03-12T20:24:54Z">
          <reporter-output>
          </reporter-output>
        </test-method> <!-- testMetaXref -->
      </class> <!-- io.kaitai.struct.spec.TestMetaXref -->
      <class name="io.kaitai.struct.spec.TestEnumIf">
        <test-method status="PASS" signature="testEnumIf()[pri:0, instance:io.kaitai.struct.spec.TestEnumIf@23e960ab]" name="testEnumIf" duration-ms="1" started-at="2020-03-12T20:24:54Z" finished-at="2020-03-12T20:24:54Z">
          <reporter-output>
          </reporter-output>
        </test-method> <!-- testEnumIf -->
      </class> <!-- io.kaitai.struct.spec.TestEnumIf -->
      <class name="io.kaitai.struct.spec.TestSwitchManualInt">
        <test-method status="PASS" signature="testSwitchManualInt()[pri:0, instance:io.kaitai.struct.spec.TestSwitchManualInt@324605c7]" name="testSwitchManualInt" duration-ms="1" started-at="2020-03-12T20:24:54Z" finished-at="2020-03-12T20:24:54Z">
          <reporter-output>
          </reporter-output>
        </test-method> <!-- testSwitchManualInt -->
      </class> <!-- io.kaitai.struct.spec.TestSwitchManualInt -->
      <class name="io.kaitai.struct.spec.TestNestedTypes3">
        <test-method status="PASS" signature="testNestedTypes3()[pri:0, instance:io.kaitai.struct.spec.TestNestedTypes3@8811c52]" name="testNestedTypes3" duration-ms="1" started-at="2020-03-12T20:24:54Z" finished-at="2020-03-12T20:24:54Z">
          <reporter-output>
          </reporter-output>
        </test-method> <!-- testNestedTypes3 -->
      </class> <!-- io.kaitai.struct.spec.TestNestedTypes3 -->
      <class name="io.kaitai.struct.spec.TestSwitchManualIntElse">
        <test-method status="PASS" signature="testSwitchManualIntElse()[pri:0, instance:io.kaitai.struct.spec.TestSwitchManualIntElse@4ca63aba]" name="testSwitchManualIntElse" duration-ms="2" started-at="2020-03-12T20:24:54Z" finished-at="2020-03-12T20:24:54Z">
          <reporter-output>
          </reporter-output>
        </test-method> <!-- testSwitchManualIntElse -->
      </class> <!-- io.kaitai.struct.spec.TestSwitchManualIntElse -->
      <class name="io.kaitai.struct.spec.TestNestedTypes2">
        <test-method status="PASS" signature="testNestedTypes2()[pri:0, instance:io.kaitai.struct.spec.TestNestedTypes2@1a6a4c6c]" name="testNestedTypes2" duration-ms="3" started-at="2020-03-12T20:24:54Z" finished-at="2020-03-12T20:24:54Z">
          <reporter-output>
          </reporter-output>
        </test-method> <!-- testNestedTypes2 -->
      </class> <!-- io.kaitai.struct.spec.TestNestedTypes2 -->
      <class name="io.kaitai.struct.spec.TestExprCalcArrayOps">
        <test-method status="PASS" signature="testExprCalcArrayOps()[pri:0, instance:io.kaitai.struct.spec.TestExprCalcArrayOps@14042330]" name="testExprCalcArrayOps" duration-ms="1" started-at="2020-03-12T20:24:54Z" finished-at="2020-03-12T20:24:54Z">
          <reporter-output>
          </reporter-output>
        </test-method> <!-- testExprCalcArrayOps -->
      </class> <!-- io.kaitai.struct.spec.TestExprCalcArrayOps -->
      <class name="io.kaitai.struct.spec.TestValidLong">
        <test-method status="PASS" signature="testValidLong()[pri:0, instance:io.kaitai.struct.spec.TestValidLong@13c4b1c6]" name="testValidLong" duration-ms="0" started-at="2020-03-12T20:24:54Z" finished-at="2020-03-12T20:24:54Z">
          <reporter-output>
          </reporter-output>
        </test-method> <!-- testValidLong -->
      </class> <!-- io.kaitai.struct.spec.TestValidLong -->
      <class name="io.kaitai.struct.spec.TestParamsEnum">
        <test-method status="PASS" signature="testParamsEnum()[pri:0, instance:io.kaitai.struct.spec.TestParamsEnum@1a19b81]" name="testParamsEnum" duration-ms="1" started-at="2020-03-12T20:24:54Z" finished-at="2020-03-12T20:24:54Z">
          <reporter-output>
          </reporter-output>
        </test-method> <!-- testParamsEnum -->
      </class> <!-- io.kaitai.struct.spec.TestParamsEnum -->
      <class name="io.kaitai.struct.spec.TestEnumIntRangeU">
        <test-method status="PASS" signature="testEnumIntRangeU()[pri:0, instance:io.kaitai.struct.spec.TestEnumIntRangeU@13447e86]" name="testEnumIntRangeU" duration-ms="1" started-at="2020-03-12T20:24:54Z" finished-at="2020-03-12T20:24:54Z">
          <reporter-output>
          </reporter-output>
        </test-method> <!-- testEnumIntRangeU -->
      </class> <!-- io.kaitai.struct.spec.TestEnumIntRangeU -->
      <class name="io.kaitai.struct.spec.TestEnumDeepLiterals">
        <test-method status="PASS" signature="testEnumDeepLiterals()[pri:0, instance:io.kaitai.struct.spec.TestEnumDeepLiterals@2ac79769]" name="testEnumDeepLiterals" duration-ms="1" started-at="2020-03-12T20:24:54Z" finished-at="2020-03-12T20:24:54Z">
          <reporter-output>
          </reporter-output>
        </test-method> <!-- testEnumDeepLiterals -->
      </class> <!-- io.kaitai.struct.spec.TestEnumDeepLiterals -->
      <class name="io.kaitai.struct.spec.TestProcessXor4Value">
        <test-method status="PASS" signature="testProcessXor4Value()[pri:0, instance:io.kaitai.struct.spec.TestProcessXor4Value@6a91d382]" name="testProcessXor4Value" duration-ms="0" started-at="2020-03-12T20:24:54Z" finished-at="2020-03-12T20:24:54Z">
          <reporter-output>
          </reporter-output>
        </test-method> <!-- testProcessXor4Value -->
      </class> <!-- io.kaitai.struct.spec.TestProcessXor4Value -->
      <class name="io.kaitai.struct.spec.TestStrPadTermEmpty">
        <test-method status="PASS" signature="testStrPadTermEmpty()[pri:0, instance:io.kaitai.struct.spec.TestStrPadTermEmpty@6cecf7fa]" name="testStrPadTermEmpty" duration-ms="0" started-at="2020-03-12T20:24:54Z" finished-at="2020-03-12T20:24:54Z">
          <reporter-output>
          </reporter-output>
        </test-method> <!-- testStrPadTermEmpty -->
      </class> <!-- io.kaitai.struct.spec.TestStrPadTermEmpty -->
      <class name="io.kaitai.struct.spec.TestEnumIntRangeS">
        <test-method status="PASS" signature="testEnumIntRangeS()[pri:0, instance:io.kaitai.struct.spec.TestEnumIntRangeS@5433a329]" name="testEnumIntRangeS" duration-ms="1" started-at="2020-03-12T20:24:54Z" finished-at="2020-03-12T20:24:54Z">
          <reporter-output>
          </reporter-output>
        </test-method> <!-- testEnumIntRangeS -->
      </class> <!-- io.kaitai.struct.spec.TestEnumIntRangeS -->
      <class name="io.kaitai.struct.spec.TestOpaqueExternalType02Parent">
        <test-method status="PASS" signature="testOpaqueExternalType02Parent()[pri:0, instance:io.kaitai.struct.spec.TestOpaqueExternalType02Parent@2f5ca208]" name="testOpaqueExternalType02Parent" duration-ms="1" started-at="2020-03-12T20:24:54Z" finished-at="2020-03-12T20:24:54Z">
          <reporter-output>
          </reporter-output>
        </test-method> <!-- testOpaqueExternalType02Parent -->
      </class> <!-- io.kaitai.struct.spec.TestOpaqueExternalType02Parent -->
      <class name="io.kaitai.struct.spec.TestProcessXorValue">
        <test-method status="PASS" signature="testProcessXorValue()[pri:0, instance:io.kaitai.struct.spec.TestProcessXorValue@260ec729]" name="testProcessXorValue" duration-ms="0" started-at="2020-03-12T20:24:54Z" finished-at="2020-03-12T20:24:54Z">
          <reporter-output>
          </reporter-output>
        </test-method> <!-- testProcessXorValue -->
      </class> <!-- io.kaitai.struct.spec.TestProcessXorValue -->
      <class name="io.kaitai.struct.spec.TestExprStrOps">
        <test-method status="PASS" signature="testExprStrOps()[pri:0, instance:io.kaitai.struct.spec.TestExprStrOps@28de323b]" name="testExprStrOps" duration-ms="1" started-at="2020-03-12T20:24:54Z" finished-at="2020-03-12T20:24:54Z">
          <reporter-output>
          </reporter-output>
        </test-method> <!-- testExprStrOps -->
      </class> <!-- io.kaitai.struct.spec.TestExprStrOps -->
      <class name="io.kaitai.struct.spec.TestBcdUserTypeBe">
        <test-method status="PASS" signature="testBcdUserTypeBe()[pri:0, instance:io.kaitai.struct.spec.TestBcdUserTypeBe@3514ba11]" name="testBcdUserTypeBe" duration-ms="2" started-at="2020-03-12T20:24:54Z" finished-at="2020-03-12T20:24:54Z">
          <reporter-output>
          </reporter-output>
        </test-method> <!-- testBcdUserTypeBe -->
      </class> <!-- io.kaitai.struct.spec.TestBcdUserTypeBe -->
      <class name="io.kaitai.struct.spec.TestMetaTags">
        <test-method status="PASS" signature="testMetaTags()[pri:0, instance:io.kaitai.struct.spec.TestMetaTags@2e7ccb74]" name="testMetaTags" duration-ms="0" started-at="2020-03-12T20:24:54Z" finished-at="2020-03-12T20:24:54Z">
          <reporter-output>
          </reporter-output>
        </test-method> <!-- testMetaTags -->
      </class> <!-- io.kaitai.struct.spec.TestMetaTags -->
      <class name="io.kaitai.struct.spec.TestProcessCustom">
        <test-method status="PASS" signature="testProcessCustom()[pri:0, instance:io.kaitai.struct.spec.TestProcessCustom@a1d03ef]" name="testProcessCustom" duration-ms="12" started-at="2020-03-12T20:24:54Z" finished-at="2020-03-12T20:24:54Z">
          <reporter-output>
          </reporter-output>
        </test-method> <!-- testProcessCustom -->
      </class> <!-- io.kaitai.struct.spec.TestProcessCustom -->
      <class name="io.kaitai.struct.spec.TestRepeatUntilS4">
        <test-method status="PASS" signature="testRepeatUntilS4()[pri:0, instance:io.kaitai.struct.spec.TestRepeatUntilS4@24024ad8]" name="testRepeatUntilS4" duration-ms="1" started-at="2020-03-12T20:24:54Z" finished-at="2020-03-12T20:24:54Z">
          <reporter-output>
          </reporter-output>
        </test-method> <!-- testRepeatUntilS4 -->
      </class> <!-- io.kaitai.struct.spec.TestRepeatUntilS4 -->
      <class name="io.kaitai.struct.spec.TestJsSignedRightShift">
        <test-method status="PASS" signature="testJsSignedRightShift()[pri:0, instance:io.kaitai.struct.spec.TestJsSignedRightShift@33319df3]" name="testJsSignedRightShift" duration-ms="0" started-at="2020-03-12T20:24:54Z" finished-at="2020-03-12T20:24:54Z">
          <reporter-output>
          </reporter-output>
        </test-method> <!-- testJsSignedRightShift -->
      </class> <!-- io.kaitai.struct.spec.TestJsSignedRightShift -->
      <class name="io.kaitai.struct.spec.TestDebugEnumName">
        <test-method status="PASS" signature="testDebugEnumName()[pri:0, instance:io.kaitai.struct.spec.TestDebugEnumName@33d2523b]" name="testDebugEnumName" duration-ms="2" started-at="2020-03-12T20:24:54Z" finished-at="2020-03-12T20:24:54Z">
          <reporter-output>
          </reporter-output>
        </test-method> <!-- testDebugEnumName -->
      </class> <!-- io.kaitai.struct.spec.TestDebugEnumName -->
      <class name="io.kaitai.struct.spec.TestSwitchRepeatExpr">
        <test-method status="PASS" signature="testSwitchRepeatExpr()[pri:0, instance:io.kaitai.struct.spec.TestSwitchRepeatExpr@4f2d12e6]" name="testSwitchRepeatExpr" duration-ms="1" started-at="2020-03-12T20:24:54Z" finished-at="2020-03-12T20:24:54Z">
          <reporter-output>
          </reporter-output>
        </test-method> <!-- testSwitchRepeatExpr -->
      </class> <!-- io.kaitai.struct.spec.TestSwitchRepeatExpr -->
      <class name="io.kaitai.struct.spec.TestBufferedStruct">
        <test-method status="PASS" signature="testBufferedStruct()[pri:0, instance:io.kaitai.struct.spec.TestBufferedStruct@101b57f7]" name="testBufferedStruct" duration-ms="0" started-at="2020-03-12T20:24:54Z" finished-at="2020-03-12T20:24:54Z">
          <reporter-output>
          </reporter-output>
        </test-method> <!-- testBufferedStruct -->
      </class> <!-- io.kaitai.struct.spec.TestBufferedStruct -->
      <class name="io.kaitai.struct.spec.TestRepeatNStrzDouble">
        <test-method status="PASS" signature="testRepeatNStrzDouble()[pri:0, instance:io.kaitai.struct.spec.TestRepeatNStrzDouble@3559b0a6]" name="testRepeatNStrzDouble" duration-ms="1" started-at="2020-03-12T20:24:54Z" finished-at="2020-03-12T20:24:54Z">
          <reporter-output>
          </reporter-output>
        </test-method> <!-- testRepeatNStrzDouble -->
      </class> <!-- io.kaitai.struct.spec.TestRepeatNStrzDouble -->
      <class name="io.kaitai.struct.spec.TestPositionToEnd">
        <test-method status="PASS" signature="testPositionToEnd()[pri:0, instance:io.kaitai.struct.spec.TestPositionToEnd@50a9a6a0]" name="testPositionToEnd" duration-ms="1" started-at="2020-03-12T20:24:54Z" finished-at="2020-03-12T20:24:54Z">
          <reporter-output>
          </reporter-output>
        </test-method> <!-- testPositionToEnd -->
      </class> <!-- io.kaitai.struct.spec.TestPositionToEnd -->
      <class name="io.kaitai.struct.spec.TestNavParent">
        <test-method status="PASS" signature="testNavParent()[pri:0, instance:io.kaitai.struct.spec.TestNavParent@44723592]" name="testNavParent" duration-ms="1" started-at="2020-03-12T20:24:54Z" finished-at="2020-03-12T20:24:54Z">
          <reporter-output>
          </reporter-output>
        </test-method> <!-- testNavParent -->
      </class> <!-- io.kaitai.struct.spec.TestNavParent -->
      <class name="io.kaitai.struct.spec.TestRepeatNStruct">
        <test-method status="PASS" signature="testRepeatNStruct()[pri:0, instance:io.kaitai.struct.spec.TestRepeatNStruct@2bd7f521]" name="testRepeatNStruct" duration-ms="1" started-at="2020-03-12T20:24:54Z" finished-at="2020-03-12T20:24:54Z">
          <reporter-output>
          </reporter-output>
        </test-method> <!-- testRepeatNStruct -->
      </class> <!-- io.kaitai.struct.spec.TestRepeatNStruct -->
      <class name="io.kaitai.struct.spec.TestRepeatUntilComplex">
        <test-method status="PASS" signature="testRepeatUntilComplex()[pri:0, instance:io.kaitai.struct.spec.TestRepeatUntilComplex@4d9ab59a]" name="testRepeatUntilComplex" duration-ms="1" started-at="2020-03-12T20:24:54Z" finished-at="2020-03-12T20:24:54Z">
          <reporter-output>
          </reporter-output>
        </test-method> <!-- testRepeatUntilComplex -->
      </class> <!-- io.kaitai.struct.spec.TestRepeatUntilComplex -->
      <class name="io.kaitai.struct.spec.TestEnum1">
        <test-method status="PASS" signature="testEnum1()[pri:0, instance:io.kaitai.struct.spec.TestEnum1@14bb1311]" name="testEnum1" duration-ms="1" started-at="2020-03-12T20:24:54Z" finished-at="2020-03-12T20:24:54Z">
          <reporter-output>
          </reporter-output>
        </test-method> <!-- testEnum1 -->
      </class> <!-- io.kaitai.struct.spec.TestEnum1 -->
      <class name="io.kaitai.struct.spec.TestExprIoEof">
        <test-method status="PASS" signature="testExprIoEof()[pri:0, instance:io.kaitai.struct.spec.TestExprIoEof@2ab01778]" name="testExprIoEof" duration-ms="1" started-at="2020-03-12T20:24:54Z" finished-at="2020-03-12T20:24:54Z">
          <reporter-output>
          </reporter-output>
        </test-method> <!-- testExprIoEof -->
      </class> <!-- io.kaitai.struct.spec.TestExprIoEof -->
      <class name="io.kaitai.struct.spec.TestSwitchManualEnum">
        <test-method status="PASS" signature="testSwitchManualEnum()[pri:0, instance:io.kaitai.struct.spec.TestSwitchManualEnum@1babb4d7]" name="testSwitchManualEnum" duration-ms="1" started-at="2020-03-12T20:24:54Z" finished-at="2020-03-12T20:24:54Z">
          <reporter-output>
          </reporter-output>
        </test-method> <!-- testSwitchManualEnum -->
      </class> <!-- io.kaitai.struct.spec.TestSwitchManualEnum -->
      <class name="io.kaitai.struct.spec.TestEnum0">
        <test-method status="PASS" signature="testEnum0()[pri:0, instance:io.kaitai.struct.spec.TestEnum0@5dc1bab3]" name="testEnum0" duration-ms="1" started-at="2020-03-12T20:24:54Z" finished-at="2020-03-12T20:24:54Z">
          <reporter-output>
          </reporter-output>
        </test-method> <!-- testEnum0 -->
      </class> <!-- io.kaitai.struct.spec.TestEnum0 -->
      <class name="io.kaitai.struct.spec.TestStrLiterals2">
        <test-method status="PASS" signature="testStrLiterals2()[pri:0, instance:io.kaitai.struct.spec.TestStrLiterals2@340d420]" name="testStrLiterals2" duration-ms="0" started-at="2020-03-12T20:24:54Z" finished-at="2020-03-12T20:24:54Z">
          <reporter-output>
          </reporter-output>
        </test-method> <!-- testStrLiterals2 -->
      </class> <!-- io.kaitai.struct.spec.TestStrLiterals2 -->
      <class name="io.kaitai.struct.spec.TestProcessRepeatUsertype">
        <test-method status="PASS" signature="testProcessRepeatUsertype()[pri:0, instance:io.kaitai.struct.spec.TestProcessRepeatUsertype@4e7bd591]" name="testProcessRepeatUsertype" duration-ms="1" started-at="2020-03-12T20:24:54Z" finished-at="2020-03-12T20:24:54Z">
          <reporter-output>
          </reporter-output>
        </test-method> <!-- testProcessRepeatUsertype -->
      </class> <!-- io.kaitai.struct.spec.TestProcessRepeatUsertype -->
      <class name="io.kaitai.struct.spec.TestSwitchManualEnumInvalidElse">
        <test-method status="PASS" signature="testSwitchManualEnumInvalidElse()[pri:0, instance:io.kaitai.struct.spec.TestSwitchManualEnumInvalidElse@4057e145]" name="testSwitchManualEnumInvalidElse" duration-ms="1" started-at="2020-03-12T20:24:54Z" finished-at="2020-03-12T20:24:54Z">
          <reporter-output>
          </reporter-output>
        </test-method> <!-- testSwitchManualEnumInvalidElse -->
      </class> <!-- io.kaitai.struct.spec.TestSwitchManualEnumInvalidElse -->
      <class name="io.kaitai.struct.spec.TestTermStrz">
        <test-method status="PASS" signature="testTermStrz()[pri:0, instance:io.kaitai.struct.spec.TestTermStrz@130d19a9]" name="testTermStrz" duration-ms="0" started-at="2020-03-12T20:24:54Z" finished-at="2020-03-12T20:24:54Z">
          <reporter-output>
          </reporter-output>
        </test-method> <!-- testTermStrz -->
      </class> <!-- io.kaitai.struct.spec.TestTermStrz -->
      <class name="io.kaitai.struct.spec.TestExpr0">
        <test-method status="PASS" signature="testExpr0()[pri:0, instance:io.kaitai.struct.spec.TestExpr0@476e8456]" name="testExpr0" duration-ms="1" started-at="2020-03-12T20:24:54Z" finished-at="2020-03-12T20:24:54Z">
          <reporter-output>
          </reporter-output>
        </test-method> <!-- testExpr0 -->
      </class> <!-- io.kaitai.struct.spec.TestExpr0 -->
      <class name="io.kaitai.struct.spec.TestExpr1">
        <test-method status="PASS" signature="testExpr1()[pri:0, instance:io.kaitai.struct.spec.TestExpr1@25ed9d72]" name="testExpr1" duration-ms="1" started-at="2020-03-12T20:24:54Z" finished-at="2020-03-12T20:24:54Z">
          <reporter-output>
          </reporter-output>
        </test-method> <!-- testExpr1 -->
      </class> <!-- io.kaitai.struct.spec.TestExpr1 -->
      <class name="io.kaitai.struct.spec.TestStrEncodingsDefault">
        <test-method status="PASS" signature="testStrEncodingsDefault()[pri:0, instance:io.kaitai.struct.spec.TestStrEncodingsDefault@2e60639b]" name="testStrEncodingsDefault" duration-ms="20" started-at="2020-03-12T20:24:54Z" finished-at="2020-03-12T20:24:54Z">
          <reporter-output>
          </reporter-output>
        </test-method> <!-- testStrEncodingsDefault -->
      </class> <!-- io.kaitai.struct.spec.TestStrEncodingsDefault -->
      <class name="io.kaitai.struct.spec.TestExpr2">
        <test-method status="PASS" signature="testExpr2()[pri:0, instance:io.kaitai.struct.spec.TestExpr2@37ba658a]" name="testExpr2" duration-ms="1" started-at="2020-03-12T20:24:54Z" finished-at="2020-03-12T20:24:54Z">
          <reporter-output>
          </reporter-output>
        </test-method> <!-- testExpr2 -->
      </class> <!-- io.kaitai.struct.spec.TestExpr2 -->
      <class name="io.kaitai.struct.spec.TestNavParentSwitch">
        <test-method status="PASS" signature="testNavParentSwitch()[pri:0, instance:io.kaitai.struct.spec.TestNavParentSwitch@28b24ebd]" name="testNavParentSwitch" duration-ms="1" started-at="2020-03-12T20:24:54Z" finished-at="2020-03-12T20:24:54Z">
          <reporter-output>
          </reporter-output>
        </test-method> <!-- testNavParentSwitch -->
      </class> <!-- io.kaitai.struct.spec.TestNavParentSwitch -->
      <class name="io.kaitai.struct.spec.TestExpr3">
        <test-method status="PASS" signature="testExpr3()[pri:0, instance:io.kaitai.struct.spec.TestExpr3@3aefe6fd]" name="testExpr3" duration-ms="1" started-at="2020-03-12T20:24:54Z" finished-at="2020-03-12T20:24:54Z">
          <reporter-output>
          </reporter-output>
        </test-method> <!-- testExpr3 -->
      </class> <!-- io.kaitai.struct.spec.TestExpr3 -->
      <class name="io.kaitai.struct.spec.TestProcessXorConst">
        <test-method status="PASS" signature="testProcessXorConst()[pri:0, instance:io.kaitai.struct.spec.TestProcessXorConst@78fa8ddf]" name="testProcessXorConst" duration-ms="0" started-at="2020-03-12T20:24:54Z" finished-at="2020-03-12T20:24:54Z">
          <reporter-output>
          </reporter-output>
        </test-method> <!-- testProcessXorConst -->
      </class> <!-- io.kaitai.struct.spec.TestProcessXorConst -->
      <class name="io.kaitai.struct.spec.TestEosExceptionU4">
        <test-method status="PASS" signature="testEosExceptionU4()[pri:0, instance:io.kaitai.struct.spec.TestEosExceptionU4@6611d7b8]" name="testEosExceptionU4" duration-ms="1" started-at="2020-03-12T20:24:54Z" finished-at="2020-03-12T20:24:54Z">
          <exception class="java.nio.BufferUnderflowException">
            <full-stacktrace>
              <![CDATA[java.nio.BufferUnderflowException
	at java.nio.Buffer.nextGetIndex(Buffer.java:498)
	at java.nio.HeapByteBuffer.getInt(HeapByteBuffer.java:355)
	at io.kaitai.struct.ByteBufferKaitaiStream.readU4le(ByteBufferKaitaiStream.java:269)
	at io.kaitai.struct.testformats.EosExceptionU4$Data._read(EosExceptionU4.java:55)
	at io.kaitai.struct.testformats.EosExceptionU4$Data.<init>(EosExceptionU4.java:51)
	at io.kaitai.struct.testformats.EosExceptionU4._read(EosExceptionU4.java:32)
	at io.kaitai.struct.testformats.EosExceptionU4.<init>(EosExceptionU4.java:27)
	at io.kaitai.struct.testformats.EosExceptionU4.<init>(EosExceptionU4.java:16)
	at io.kaitai.struct.testformats.EosExceptionU4.fromFile(EosExceptionU4.java:12)
	at io.kaitai.struct.spec.TestEosExceptionU4.testEosExceptionU4(TestEosExceptionU4.java:13)
	at sun.reflect.NativeMethodAccessorImpl.invoke0(Native Method)
	at sun.reflect.NativeMethodAccessorImpl.invoke(NativeMethodAccessorImpl.java:57)
	at sun.reflect.DelegatingMethodAccessorImpl.invoke(DelegatingMethodAccessorImpl.java:43)
	at java.lang.reflect.Method.invoke(Method.java:606)
	at org.testng.internal.MethodInvocationHelper.invokeMethod(MethodInvocationHelper.java:86)
	at org.testng.internal.Invoker.invokeMethod(Invoker.java:643)
	at org.testng.internal.Invoker.invokeTestMethod(Invoker.java:820)
	at org.testng.internal.Invoker.invokeTestMethods(Invoker.java:1128)
	at org.testng.internal.TestMethodWorker.invokeTestMethods(TestMethodWorker.java:129)
	at org.testng.internal.TestMethodWorker.run(TestMethodWorker.java:112)
	at org.testng.TestRunner.privateRun(TestRunner.java:782)
	at org.testng.TestRunner.run(TestRunner.java:632)
	at org.testng.SuiteRunner.runTest(SuiteRunner.java:366)
	at org.testng.SuiteRunner.runSequentially(SuiteRunner.java:361)
	at org.testng.SuiteRunner.privateRun(SuiteRunner.java:319)
	at org.testng.SuiteRunner.run(SuiteRunner.java:268)
	at org.testng.SuiteRunnerWorker.runSuite(SuiteRunnerWorker.java:52)
	at org.testng.SuiteRunnerWorker.run(SuiteRunnerWorker.java:86)
	at org.testng.TestNG.runSuitesSequentially(TestNG.java:1244)
	at org.testng.TestNG.runSuitesLocally(TestNG.java:1169)
	at org.testng.TestNG.run(TestNG.java:1064)
	at org.testng.TestNG.privateMain(TestNG.java:1385)
	at org.testng.TestNG.main(TestNG.java:1354)
]]>
            </full-stacktrace>
          </exception> <!-- java.nio.BufferUnderflowException -->
          <reporter-output>
          </reporter-output>
        </test-method> <!-- testEosExceptionU4 -->
      </class> <!-- io.kaitai.struct.spec.TestEosExceptionU4 -->
      <class name="io.kaitai.struct.spec.TestNavParentFalse2">
        <test-method status="PASS" signature="testNavParentFalse2()[pri:0, instance:io.kaitai.struct.spec.TestNavParentFalse2@106305aa]" name="testNavParentFalse2" duration-ms="1" started-at="2020-03-12T20:24:54Z" finished-at="2020-03-12T20:24:54Z">
          <reporter-output>
          </reporter-output>
        </test-method> <!-- testNavParentFalse2 -->
      </class> <!-- io.kaitai.struct.spec.TestNavParentFalse2 -->
      <class name="io.kaitai.struct.spec.TestRepeatUntilSized">
        <test-method status="PASS" signature="testRepeatUntilSized()[pri:0, instance:io.kaitai.struct.spec.TestRepeatUntilSized@410fb004]" name="testRepeatUntilSized" duration-ms="1" started-at="2020-03-12T20:24:54Z" finished-at="2020-03-12T20:24:54Z">
          <reporter-output>
          </reporter-output>
        </test-method> <!-- testRepeatUntilSized -->
      </class> <!-- io.kaitai.struct.spec.TestRepeatUntilSized -->
      <class name="io.kaitai.struct.spec.TestEnumNegative">
        <test-method status="PASS" signature="testEnumNegative()[pri:0, instance:io.kaitai.struct.spec.TestEnumNegative@2599e02a]" name="testEnumNegative" duration-ms="0" started-at="2020-03-12T20:24:54Z" finished-at="2020-03-12T20:24:54Z">
          <reporter-output>
          </reporter-output>
        </test-method> <!-- testEnumNegative -->
      </class> <!-- io.kaitai.struct.spec.TestEnumNegative -->
      <class name="io.kaitai.struct.spec.TestDefaultEndianExprException">
        <test-method status="PASS" signature="testDefaultEndianExprException()[pri:0, instance:io.kaitai.struct.spec.TestDefaultEndianExprException@4bdc725b]" name="testDefaultEndianExprException" duration-ms="1" started-at="2020-03-12T20:24:54Z" finished-at="2020-03-12T20:24:54Z">
          <exception class="io.kaitai.struct.KaitaiStream$UndecidedEndiannessError">
            <full-stacktrace>
              <![CDATA[io.kaitai.struct.KaitaiStream$UndecidedEndiannessError
	at io.kaitai.struct.testformats.DefaultEndianExprException$Doc$MainObj._read(DefaultEndianExprException.java:98)
	at io.kaitai.struct.testformats.DefaultEndianExprException$Doc$MainObj.<init>(DefaultEndianExprException.java:82)
	at io.kaitai.struct.testformats.DefaultEndianExprException$Doc._read(DefaultEndianExprException.java:62)
	at io.kaitai.struct.testformats.DefaultEndianExprException$Doc.<init>(DefaultEndianExprException.java:58)
	at io.kaitai.struct.testformats.DefaultEndianExprException._read(DefaultEndianExprException.java:36)
	at io.kaitai.struct.testformats.DefaultEndianExprException.<init>(DefaultEndianExprException.java:29)
	at io.kaitai.struct.testformats.DefaultEndianExprException.<init>(DefaultEndianExprException.java:18)
	at io.kaitai.struct.testformats.DefaultEndianExprException.fromFile(DefaultEndianExprException.java:14)
	at io.kaitai.struct.spec.TestDefaultEndianExprException.testDefaultEndianExprException(TestDefaultEndianExprException.java:13)
	at sun.reflect.NativeMethodAccessorImpl.invoke0(Native Method)
	at sun.reflect.NativeMethodAccessorImpl.invoke(NativeMethodAccessorImpl.java:57)
	at sun.reflect.DelegatingMethodAccessorImpl.invoke(DelegatingMethodAccessorImpl.java:43)
	at java.lang.reflect.Method.invoke(Method.java:606)
	at org.testng.internal.MethodInvocationHelper.invokeMethod(MethodInvocationHelper.java:86)
	at org.testng.internal.Invoker.invokeMethod(Invoker.java:643)
	at org.testng.internal.Invoker.invokeTestMethod(Invoker.java:820)
	at org.testng.internal.Invoker.invokeTestMethods(Invoker.java:1128)
	at org.testng.internal.TestMethodWorker.invokeTestMethods(TestMethodWorker.java:129)
	at org.testng.internal.TestMethodWorker.run(TestMethodWorker.java:112)
	at org.testng.TestRunner.privateRun(TestRunner.java:782)
	at org.testng.TestRunner.run(TestRunner.java:632)
	at org.testng.SuiteRunner.runTest(SuiteRunner.java:366)
	at org.testng.SuiteRunner.runSequentially(SuiteRunner.java:361)
	at org.testng.SuiteRunner.privateRun(SuiteRunner.java:319)
	at org.testng.SuiteRunner.run(SuiteRunner.java:268)
	at org.testng.SuiteRunnerWorker.runSuite(SuiteRunnerWorker.java:52)
	at org.testng.SuiteRunnerWorker.run(SuiteRunnerWorker.java:86)
	at org.testng.TestNG.runSuitesSequentially(TestNG.java:1244)
	at org.testng.TestNG.runSuitesLocally(TestNG.java:1169)
	at org.testng.TestNG.run(TestNG.java:1064)
	at org.testng.TestNG.privateMain(TestNG.java:1385)
	at org.testng.TestNG.main(TestNG.java:1354)
]]>
            </full-stacktrace>
          </exception> <!-- io.kaitai.struct.KaitaiStream$UndecidedEndiannessError -->
          <reporter-output>
          </reporter-output>
        </test-method> <!-- testDefaultEndianExprException -->
      </class> <!-- io.kaitai.struct.spec.TestDefaultEndianExprException -->
      <class name="io.kaitai.struct.spec.TestExprBytesOps">
        <test-method status="PASS" signature="testExprBytesOps()[pri:0, instance:io.kaitai.struct.spec.TestExprBytesOps@7aff13d7]" name="testExprBytesOps" duration-ms="0" started-at="2020-03-12T20:24:54Z" finished-at="2020-03-12T20:24:54Z">
          <reporter-output>
          </reporter-output>
        </test-method> <!-- testExprBytesOps -->
      </class> <!-- io.kaitai.struct.spec.TestExprBytesOps -->
      <class name="io.kaitai.struct.spec.TestExprSizeofValue0">
        <test-method status="PASS" signature="testExprSizeofValue0()[pri:0, instance:io.kaitai.struct.spec.TestExprSizeofValue0@524f6f2a]" name="testExprSizeofValue0" duration-ms="0" started-at="2020-03-12T20:24:54Z" finished-at="2020-03-12T20:24:54Z">
          <reporter-output>
          </reporter-output>
        </test-method> <!-- testExprSizeofValue0 -->
      </class> <!-- io.kaitai.struct.spec.TestExprSizeofValue0 -->
      <class name="io.kaitai.struct.spec.TestDefaultBigEndian">
        <test-method status="PASS" signature="testDefaultBigEndian()[pri:0, instance:io.kaitai.struct.spec.TestDefaultBigEndian@31fa7bbf]" name="testDefaultBigEndian" duration-ms="0" started-at="2020-03-12T20:24:54Z" finished-at="2020-03-12T20:24:54Z">
          <reporter-output>
          </reporter-output>
        </test-method> <!-- testDefaultBigEndian -->
      </class> <!-- io.kaitai.struct.spec.TestDefaultBigEndian -->
      <class name="io.kaitai.struct.spec.TestEnumToIClassBorder1">
        <test-method status="PASS" signature="testEnumToIClassBorder1()[pri:0, instance:io.kaitai.struct.spec.TestEnumToIClassBorder1@78f58a2a]" name="testEnumToIClassBorder1" duration-ms="1" started-at="2020-03-12T20:24:54Z" finished-at="2020-03-12T20:24:54Z">
          <reporter-output>
          </reporter-output>
        </test-method> <!-- testEnumToIClassBorder1 -->
      </class> <!-- io.kaitai.struct.spec.TestEnumToIClassBorder1 -->
      <class name="io.kaitai.struct.spec.TestDefaultEndianExprIsBe">
        <test-method status="PASS" signature="testDefaultEndianExprIsBe()[pri:0, instance:io.kaitai.struct.spec.TestDefaultEndianExprIsBe@62a937ae]" name="testDefaultEndianExprIsBe" duration-ms="1" started-at="2020-03-12T20:24:54Z" finished-at="2020-03-12T20:24:54Z">
          <reporter-output>
          </reporter-output>
        </test-method> <!-- testDefaultEndianExprIsBe -->
      </class> <!-- io.kaitai.struct.spec.TestDefaultEndianExprIsBe -->
      <class name="io.kaitai.struct.spec.TestCastToImported">
        <test-method status="PASS" signature="testCastToImported()[pri:0, instance:io.kaitai.struct.spec.TestCastToImported@4a529154]" name="testCastToImported" duration-ms="9" started-at="2020-03-12T20:24:54Z" finished-at="2020-03-12T20:24:54Z">
          <reporter-output>
          </reporter-output>
        </test-method> <!-- testCastToImported -->
      </class> <!-- io.kaitai.struct.spec.TestCastToImported -->
      <class name="io.kaitai.struct.spec.TestParamsCallExtraParens">
        <test-method status="PASS" signature="testParamsCallExtraParens()[pri:0, instance:io.kaitai.struct.spec.TestParamsCallExtraParens@6f1e6003]" name="testParamsCallExtraParens" duration-ms="1" started-at="2020-03-12T20:24:54Z" finished-at="2020-03-12T20:24:54Z">
          <reporter-output>
          </reporter-output>
        </test-method> <!-- testParamsCallExtraParens -->
      </class> <!-- io.kaitai.struct.spec.TestParamsCallExtraParens -->
      <class name="io.kaitai.struct.spec.TestBytesPadTerm">
        <test-method status="PASS" signature="testBytesPadTerm()[pri:0, instance:io.kaitai.struct.spec.TestBytesPadTerm@2f79b905]" name="testBytesPadTerm" duration-ms="1" started-at="2020-03-12T20:24:54Z" finished-at="2020-03-12T20:24:54Z">
          <reporter-output>
          </reporter-output>
        </test-method> <!-- testBytesPadTerm -->
      </class> <!-- io.kaitai.struct.spec.TestBytesPadTerm -->
      <class name="io.kaitai.struct.spec.TestExprMod">
        <test-method status="PASS" signature="testExprMod()[pri:0, instance:io.kaitai.struct.spec.TestExprMod@4e64fca0]" name="testExprMod" duration-ms="1" started-at="2020-03-12T20:24:54Z" finished-at="2020-03-12T20:24:54Z">
          <reporter-output>
          </reporter-output>
        </test-method> <!-- testExprMod -->
      </class> <!-- io.kaitai.struct.spec.TestExprMod -->
      <class name="io.kaitai.struct.spec.TestValidSwitch">
        <test-method status="PASS" signature="testValidSwitch()[pri:0, instance:io.kaitai.struct.spec.TestValidSwitch@13e6db24]" name="testValidSwitch" duration-ms="0" started-at="2020-03-12T20:24:54Z" finished-at="2020-03-12T20:24:54Z">
          <reporter-output>
          </reporter-output>
        </test-method> <!-- testValidSwitch -->
      </class> <!-- io.kaitai.struct.spec.TestValidSwitch -->
      <class name="io.kaitai.struct.spec.TestTermBytes">
        <test-method status="PASS" signature="testTermBytes()[pri:0, instance:io.kaitai.struct.spec.TestTermBytes@30591e1b]" name="testTermBytes" duration-ms="0" started-at="2020-03-12T20:24:54Z" finished-at="2020-03-12T20:24:54Z">
          <reporter-output>
          </reporter-output>
        </test-method> <!-- testTermBytes -->
      </class> <!-- io.kaitai.struct.spec.TestTermBytes -->
      <class name="io.kaitai.struct.spec.TestDocstrings">
        <test-method status="PASS" signature="testDocstrings()[pri:0, instance:io.kaitai.struct.spec.TestDocstrings@5d0b589d]" name="testDocstrings" duration-ms="1" started-at="2020-03-12T20:24:54Z" finished-at="2020-03-12T20:24:54Z">
          <reporter-output>
          </reporter-output>
        </test-method> <!-- testDocstrings -->
      </class> <!-- io.kaitai.struct.spec.TestDocstrings -->
      <class name="io.kaitai.struct.spec.TestFixedStruct">
        <test-method status="PASS" signature="testFixedStruct()[pri:0, instance:io.kaitai.struct.spec.TestFixedStruct@6fc757]" name="testFixedStruct" duration-ms="1" started-at="2020-03-12T20:24:54Z" finished-at="2020-03-12T20:24:54Z">
          <reporter-output>
          </reporter-output>
        </test-method> <!-- testFixedStruct -->
      </class> <!-- io.kaitai.struct.spec.TestFixedStruct -->
      <class name="io.kaitai.struct.spec.TestProcessCoerceBytes">
        <test-method status="PASS" signature="testProcessCoerceBytes()[pri:0, instance:io.kaitai.struct.spec.TestProcessCoerceBytes@7652a27d]" name="testProcessCoerceBytes" duration-ms="1" started-at="2020-03-12T20:24:54Z" finished-at="2020-03-12T20:24:54Z">
          <reporter-output>
          </reporter-output>
        </test-method> <!-- testProcessCoerceBytes -->
      </class> <!-- io.kaitai.struct.spec.TestProcessCoerceBytes -->
      <class name="io.kaitai.struct.spec.TestFloatingPoints">
        <test-method status="PASS" signature="testFloatingPoints()[pri:0, instance:io.kaitai.struct.spec.TestFloatingPoints@455abe01]" name="testFloatingPoints" duration-ms="0" started-at="2020-03-12T20:24:54Z" finished-at="2020-03-12T20:24:54Z">
          <reporter-output>
          </reporter-output>
        </test-method> <!-- testFloatingPoints -->
      </class> <!-- io.kaitai.struct.spec.TestFloatingPoints -->
      <class name="io.kaitai.struct.spec.TestRepeatEosBit">
        <test-method status="PASS" signature="testRepeatEosBit()[pri:0, instance:io.kaitai.struct.spec.TestRepeatEosBit@48705739]" name="testRepeatEosBit" duration-ms="0" started-at="2020-03-12T20:24:54Z" finished-at="2020-03-12T20:24:54Z">
          <reporter-output>
          </reporter-output>
        </test-method> <!-- testRepeatEosBit -->
      </class> <!-- io.kaitai.struct.spec.TestRepeatEosBit -->
      <class name="io.kaitai.struct.spec.TestIndexSizes">
        <test-method status="PASS" signature="testIndexSizes()[pri:0, instance:io.kaitai.struct.spec.TestIndexSizes@546a4fda]" name="testIndexSizes" duration-ms="0" started-at="2020-03-12T20:24:54Z" finished-at="2020-03-12T20:24:54Z">
          <reporter-output>
          </reporter-output>
        </test-method> <!-- testIndexSizes -->
      </class> <!-- io.kaitai.struct.spec.TestIndexSizes -->
      <class name="io.kaitai.struct.spec.TestProcessCoerceUsertype2">
        <test-method status="PASS" signature="testProcessCoerceUsertype2()[pri:0, instance:io.kaitai.struct.spec.TestProcessCoerceUsertype2@619a5ebc]" name="testProcessCoerceUsertype2" duration-ms="19" started-at="2020-03-12T20:24:54Z" finished-at="2020-03-12T20:24:54Z">
          <reporter-output>
          </reporter-output>
        </test-method> <!-- testProcessCoerceUsertype2 -->
      </class> <!-- io.kaitai.struct.spec.TestProcessCoerceUsertype2 -->
      <class name="io.kaitai.struct.spec.TestSwitchManualEnumInvalid">
        <test-method status="PASS" signature="testSwitchManualEnumInvalid()[pri:0, instance:io.kaitai.struct.spec.TestSwitchManualEnumInvalid@5386b31c]" name="testSwitchManualEnumInvalid" duration-ms="1" started-at="2020-03-12T20:24:54Z" finished-at="2020-03-12T20:24:54Z">
          <reporter-output>
          </reporter-output>
        </test-method> <!-- testSwitchManualEnumInvalid -->
      </class> <!-- io.kaitai.struct.spec.TestSwitchManualEnumInvalid -->
      <class name="io.kaitai.struct.spec.TestCastNested">
        <test-method status="PASS" signature="testCastNested()[pri:0, instance:io.kaitai.struct.spec.TestCastNested@122bec39]" name="testCastNested" duration-ms="1" started-at="2020-03-12T20:24:54Z" finished-at="2020-03-12T20:24:54Z">
          <reporter-output>
          </reporter-output>
        </test-method> <!-- testCastNested -->
      </class> <!-- io.kaitai.struct.spec.TestCastNested -->
      <class name="io.kaitai.struct.spec.TestProcessCoerceUsertype1">
        <test-method status="PASS" signature="testProcessCoerceUsertype1()[pri:0, instance:io.kaitai.struct.spec.TestProcessCoerceUsertype1@4a841d0f]" name="testProcessCoerceUsertype1" duration-ms="1" started-at="2020-03-12T20:24:54Z" finished-at="2020-03-12T20:24:54Z">
          <reporter-output>
          </reporter-output>
        </test-method> <!-- testProcessCoerceUsertype1 -->
      </class> <!-- io.kaitai.struct.spec.TestProcessCoerceUsertype1 -->
      <class name="io.kaitai.struct.spec.TestSwitchCast">
        <test-method status="PASS" signature="testSwitchCast()[pri:0, instance:io.kaitai.struct.spec.TestSwitchCast@442c282]" name="testSwitchCast" duration-ms="1" started-at="2020-03-12T20:24:54Z" finished-at="2020-03-12T20:24:54Z">
          <reporter-output>
          </reporter-output>
        </test-method> <!-- testSwitchCast -->
      </class> <!-- io.kaitai.struct.spec.TestSwitchCast -->
      <class name="io.kaitai.struct.spec.TestIfInstances">
        <test-method status="PASS" signature="testIfInstances()[pri:0, instance:io.kaitai.struct.spec.TestIfInstances@1aa05da2]" name="testIfInstances" duration-ms="0" started-at="2020-03-12T20:24:54Z" finished-at="2020-03-12T20:24:54Z">
          <reporter-output>
          </reporter-output>
        </test-method> <!-- testIfInstances -->
      </class> <!-- io.kaitai.struct.spec.TestIfInstances -->
      <class name="io.kaitai.struct.spec.TestNavParentOverride">
        <test-method status="PASS" signature="testNavParentOverride()[pri:0, instance:io.kaitai.struct.spec.TestNavParentOverride@732c2163]" name="testNavParentOverride" duration-ms="1" started-at="2020-03-12T20:24:54Z" finished-at="2020-03-12T20:24:54Z">
          <reporter-output>
          </reporter-output>
        </test-method> <!-- testNavParentOverride -->
      </class> <!-- io.kaitai.struct.spec.TestNavParentOverride -->
      <class name="io.kaitai.struct.spec.TestExprBytesCmp">
        <test-method status="PASS" signature="testExprBytesCmp()[pri:0, instance:io.kaitai.struct.spec.TestExprBytesCmp@5673484d]" name="testExprBytesCmp" duration-ms="1" started-at="2020-03-12T20:24:54Z" finished-at="2020-03-12T20:24:54Z">
          <reporter-output>
          </reporter-output>
        </test-method> <!-- testExprBytesCmp -->
      </class> <!-- io.kaitai.struct.spec.TestExprBytesCmp -->
      <class name="io.kaitai.struct.spec.TestIndexToParamEos">
        <test-method status="PASS" signature="testIndexToParamEos()[pri:0, instance:io.kaitai.struct.spec.TestIndexToParamEos@1b341f7c]" name="testIndexToParamEos" duration-ms="1" started-at="2020-03-12T20:24:54Z" finished-at="2020-03-12T20:24:54Z">
          <reporter-output>
          </reporter-output>
        </test-method> <!-- testIndexToParamEos -->
      </class> <!-- io.kaitai.struct.spec.TestIndexToParamEos -->
      <class name="io.kaitai.struct.spec.TestEnumDeep">
        <test-method status="PASS" signature="testEnumDeep()[pri:0, instance:io.kaitai.struct.spec.TestEnumDeep@7cb09f68]" name="testEnumDeep" duration-ms="1" started-at="2020-03-12T20:24:54Z" finished-at="2020-03-12T20:24:54Z">
          <reporter-output>
          </reporter-output>
        </test-method> <!-- testEnumDeep -->
      </class> <!-- io.kaitai.struct.spec.TestEnumDeep -->
      <class name="io.kaitai.struct.spec.TestEnumInvalid">
        <test-method status="PASS" signature="testEnumInvalid()[pri:0, instance:io.kaitai.struct.spec.TestEnumInvalid@2fb1a4cc]" name="testEnumInvalid" duration-ms="1" started-at="2020-03-12T20:24:54Z" finished-at="2020-03-12T20:24:54Z">
          <reporter-output>
          </reporter-output>
        </test-method> <!-- testEnumInvalid -->
      </class> <!-- io.kaitai.struct.spec.TestEnumInvalid -->
      <class name="io.kaitai.struct.spec.TestNonStandard">
        <test-method status="PASS" signature="testNonStandard()[pri:0, instance:io.kaitai.struct.spec.TestNonStandard@6138f209]" name="testNonStandard" duration-ms="0" started-at="2020-03-12T20:24:54Z" finished-at="2020-03-12T20:24:54Z">
          <reporter-output>
          </reporter-output>
        </test-method> <!-- testNonStandard -->
      </class> <!-- io.kaitai.struct.spec.TestNonStandard -->
      <class name="io.kaitai.struct.spec.TestNavParentSwitchCast">
        <test-method status="PASS" signature="testNavParentSwitchCast()[pri:0, instance:io.kaitai.struct.spec.TestNavParentSwitchCast@74b1a7a0]" name="testNavParentSwitchCast" duration-ms="2" started-at="2020-03-12T20:24:54Z" finished-at="2020-03-12T20:24:54Z">
          <reporter-output>
          </reporter-output>
        </test-method> <!-- testNavParentSwitchCast -->
      </class> <!-- io.kaitai.struct.spec.TestNavParentSwitchCast -->
      <class name="io.kaitai.struct.spec.TestImportsAbsRel">
        <test-method status="PASS" signature="testImportsAbsRel()[pri:0, instance:io.kaitai.struct.spec.TestImportsAbsRel@6808b943]" name="testImportsAbsRel" duration-ms="1" started-at="2020-03-12T20:24:54Z" finished-at="2020-03-12T20:24:54Z">
          <reporter-output>
          </reporter-output>
        </test-method> <!-- testImportsAbsRel -->
      </class> <!-- io.kaitai.struct.spec.TestImportsAbsRel -->
      <class name="io.kaitai.struct.spec.TestEnumFancy">
        <test-method status="PASS" signature="testEnumFancy()[pri:0, instance:io.kaitai.struct.spec.TestEnumFancy@3ac4a6d8]" name="testEnumFancy" duration-ms="1" started-at="2020-03-12T20:24:54Z" finished-at="2020-03-12T20:24:54Z">
          <reporter-output>
          </reporter-output>
        </test-method> <!-- testEnumFancy -->
      </class> <!-- io.kaitai.struct.spec.TestEnumFancy -->
      <class name="io.kaitai.struct.spec.TestYamlInts">
        <test-method status="PASS" signature="testYamlInts()[pri:0, instance:io.kaitai.struct.spec.TestYamlInts@13b3d473]" name="testYamlInts" duration-ms="0" started-at="2020-03-12T20:24:54Z" finished-at="2020-03-12T20:24:54Z">
          <reporter-output>
          </reporter-output>
        </test-method> <!-- testYamlInts -->
      </class> <!-- io.kaitai.struct.spec.TestYamlInts -->
      <class name="io.kaitai.struct.spec.TestStrEos">
        <test-method status="PASS" signature="testStrEos()[pri:0, instance:io.kaitai.struct.spec.TestStrEos@75a472e9]" name="testStrEos" duration-ms="0" started-at="2020-03-12T20:24:54Z" finished-at="2020-03-12T20:24:54Z">
          <reporter-output>
          </reporter-output>
        </test-method> <!-- testStrEos -->
      </class> <!-- io.kaitai.struct.spec.TestStrEos -->
      <class name="io.kaitai.struct.spec.TestDefaultEndianExprInherited">
        <test-method status="PASS" signature="testDefaultEndianExprInherited()[pri:0, instance:io.kaitai.struct.spec.TestDefaultEndianExprInherited@7ed1bb86]" name="testDefaultEndianExprInherited" duration-ms="1" started-at="2020-03-12T20:24:54Z" finished-at="2020-03-12T20:24:54Z">
          <reporter-output>
          </reporter-output>
        </test-method> <!-- testDefaultEndianExprInherited -->
      </class> <!-- io.kaitai.struct.spec.TestDefaultEndianExprInherited -->
      <class name="io.kaitai.struct.spec.TestPositionAbs">
        <test-method status="PASS" signature="testPositionAbs()[pri:0, instance:io.kaitai.struct.spec.TestPositionAbs@1526828b]" name="testPositionAbs" duration-ms="0" started-at="2020-03-12T20:24:54Z" finished-at="2020-03-12T20:24:54Z">
          <reporter-output>
          </reporter-output>
        </test-method> <!-- testPositionAbs -->
      </class> <!-- io.kaitai.struct.spec.TestPositionAbs -->
      <class name="io.kaitai.struct.spec.TestValidFailAnyofInt">
        <test-method status="PASS" signature="testValidFailAnyofInt()[pri:0, instance:io.kaitai.struct.spec.TestValidFailAnyofInt@9786986]" name="testValidFailAnyofInt" duration-ms="1" started-at="2020-03-12T20:24:54Z" finished-at="2020-03-12T20:24:54Z">
          <exception class="io.kaitai.struct.KaitaiStream$ValidationNotAnyOfError">
            <message>
              <![CDATA[/seq/0: at pos 1: validation failed: not any of the list, got 80]]>
            </message>
            <full-stacktrace>
              <![CDATA[io.kaitai.struct.KaitaiStream$ValidationNotAnyOfError: /seq/0: at pos 1: validation failed: not any of the list, got 80
	at io.kaitai.struct.testformats.ValidFailAnyofInt._read(ValidFailAnyofInt.java:32)
	at io.kaitai.struct.testformats.ValidFailAnyofInt.<init>(ValidFailAnyofInt.java:27)
	at io.kaitai.struct.testformats.ValidFailAnyofInt.<init>(ValidFailAnyofInt.java:16)
	at io.kaitai.struct.testformats.ValidFailAnyofInt.fromFile(ValidFailAnyofInt.java:12)
	at io.kaitai.struct.spec.TestValidFailAnyofInt.testValidFailAnyofInt(TestValidFailAnyofInt.java:13)
	at sun.reflect.NativeMethodAccessorImpl.invoke0(Native Method)
	at sun.reflect.NativeMethodAccessorImpl.invoke(NativeMethodAccessorImpl.java:57)
	at sun.reflect.DelegatingMethodAccessorImpl.invoke(DelegatingMethodAccessorImpl.java:43)
	at java.lang.reflect.Method.invoke(Method.java:606)
	at org.testng.internal.MethodInvocationHelper.invokeMethod(MethodInvocationHelper.java:86)
	at org.testng.internal.Invoker.invokeMethod(Invoker.java:643)
	at org.testng.internal.Invoker.invokeTestMethod(Invoker.java:820)
	at org.testng.internal.Invoker.invokeTestMethods(Invoker.java:1128)
	at org.testng.internal.TestMethodWorker.invokeTestMethods(TestMethodWorker.java:129)
	at org.testng.internal.TestMethodWorker.run(TestMethodWorker.java:112)
	at org.testng.TestRunner.privateRun(TestRunner.java:782)
	at org.testng.TestRunner.run(TestRunner.java:632)
	at org.testng.SuiteRunner.runTest(SuiteRunner.java:366)
	at org.testng.SuiteRunner.runSequentially(SuiteRunner.java:361)
	at org.testng.SuiteRunner.privateRun(SuiteRunner.java:319)
	at org.testng.SuiteRunner.run(SuiteRunner.java:268)
	at org.testng.SuiteRunnerWorker.runSuite(SuiteRunnerWorker.java:52)
	at org.testng.SuiteRunnerWorker.run(SuiteRunnerWorker.java:86)
	at org.testng.TestNG.runSuitesSequentially(TestNG.java:1244)
	at org.testng.TestNG.runSuitesLocally(TestNG.java:1169)
	at org.testng.TestNG.run(TestNG.java:1064)
	at org.testng.TestNG.privateMain(TestNG.java:1385)
	at org.testng.TestNG.main(TestNG.java:1354)
]]>
            </full-stacktrace>
          </exception> <!-- io.kaitai.struct.KaitaiStream$ValidationNotAnyOfError -->
          <reporter-output>
          </reporter-output>
        </test-method> <!-- testValidFailAnyofInt -->
      </class> <!-- io.kaitai.struct.spec.TestValidFailAnyofInt -->
      <class name="io.kaitai.struct.spec.TestValidFailMaxInt">
        <test-method status="PASS" signature="testValidFailMaxInt()[pri:0, instance:io.kaitai.struct.spec.TestValidFailMaxInt@63c3cd50]" name="testValidFailMaxInt" duration-ms="0" started-at="2020-03-12T20:24:54Z" finished-at="2020-03-12T20:24:54Z">
          <exception class="io.kaitai.struct.KaitaiStream$ValidationGreaterThanError">
            <message>
              <![CDATA[/seq/0: at pos 1: validation failed: not in range, max 12, but got 80]]>
            </message>
            <full-stacktrace>
              <![CDATA[io.kaitai.struct.KaitaiStream$ValidationGreaterThanError: /seq/0: at pos 1: validation failed: not in range, max 12, but got 80
	at io.kaitai.struct.testformats.ValidFailMaxInt._read(ValidFailMaxInt.java:32)
	at io.kaitai.struct.testformats.ValidFailMaxInt.<init>(ValidFailMaxInt.java:27)
	at io.kaitai.struct.testformats.ValidFailMaxInt.<init>(ValidFailMaxInt.java:16)
	at io.kaitai.struct.testformats.ValidFailMaxInt.fromFile(ValidFailMaxInt.java:12)
	at io.kaitai.struct.spec.TestValidFailMaxInt.testValidFailMaxInt(TestValidFailMaxInt.java:13)
	at sun.reflect.NativeMethodAccessorImpl.invoke0(Native Method)
	at sun.reflect.NativeMethodAccessorImpl.invoke(NativeMethodAccessorImpl.java:57)
	at sun.reflect.DelegatingMethodAccessorImpl.invoke(DelegatingMethodAccessorImpl.java:43)
	at java.lang.reflect.Method.invoke(Method.java:606)
	at org.testng.internal.MethodInvocationHelper.invokeMethod(MethodInvocationHelper.java:86)
	at org.testng.internal.Invoker.invokeMethod(Invoker.java:643)
	at org.testng.internal.Invoker.invokeTestMethod(Invoker.java:820)
	at org.testng.internal.Invoker.invokeTestMethods(Invoker.java:1128)
	at org.testng.internal.TestMethodWorker.invokeTestMethods(TestMethodWorker.java:129)
	at org.testng.internal.TestMethodWorker.run(TestMethodWorker.java:112)
	at org.testng.TestRunner.privateRun(TestRunner.java:782)
	at org.testng.TestRunner.run(TestRunner.java:632)
	at org.testng.SuiteRunner.runTest(SuiteRunner.java:366)
	at org.testng.SuiteRunner.runSequentially(SuiteRunner.java:361)
	at org.testng.SuiteRunner.privateRun(SuiteRunner.java:319)
	at org.testng.SuiteRunner.run(SuiteRunner.java:268)
	at org.testng.SuiteRunnerWorker.runSuite(SuiteRunnerWorker.java:52)
	at org.testng.SuiteRunnerWorker.run(SuiteRunnerWorker.java:86)
	at org.testng.TestNG.runSuitesSequentially(TestNG.java:1244)
	at org.testng.TestNG.runSuitesLocally(TestNG.java:1169)
[...]
          <exception class="io.kaitai.struct.KaitaiStream$ValidationGreaterThanError">
            <message>
              <![CDATA[/seq/0: at pos 1: validation failed: not in range, max 10, but got 80]]>
            </message>
            <full-stacktrace>
              <![CDATA[io.kaitai.struct.KaitaiStream$ValidationGreaterThanError: /seq/0: at pos 1: validation failed: not in range, max 10, but got 80
	at io.kaitai.struct.testformats.ValidFailRangeInt._read(ValidFailRangeInt.java:35)
	at io.kaitai.struct.testformats.ValidFailRangeInt.<init>(ValidFailRangeInt.java:27)
	at io.kaitai.struct.testformats.ValidFailRangeInt.<init>(ValidFailRangeInt.java:16)
	at io.kaitai.struct.testformats.ValidFailRangeInt.fromFile(ValidFailRangeInt.java:12)
	at io.kaitai.struct.spec.TestValidFailRangeInt.testValidFailRangeInt(TestValidFailRangeInt.java:13)
	at sun.reflect.NativeMethodAccessorImpl.invoke0(Native Method)
	at sun.reflect.NativeMethodAccessorImpl.invoke(NativeMethodAccessorImpl.java:57)
	at sun.reflect.DelegatingMethodAccessorImpl.invoke(DelegatingMethodAccessorImpl.java:43)
	at java.lang.reflect.Method.invoke(Method.java:606)
	at org.testng.internal.MethodInvocationHelper.invokeMethod(MethodInvocationHelper.java:86)
	at org.testng.internal.Invoker.invokeMethod(Invoker.java:643)
	at org.testng.internal.Invoker.invokeTestMethod(Invoker.java:820)
	at org.testng.internal.Invoker.invokeTestMethods(Invoker.java:1128)
	at org.testng.internal.TestMethodWorker.invokeTestMethods(TestMethodWorker.java:129)
	at org.testng.internal.TestMethodWorker.run(TestMethodWorker.java:112)
	at org.testng.TestRunner.privateRun(TestRunner.java:782)
	at org.testng.TestRunner.run(TestRunner.java:632)
	at org.testng.SuiteRunner.runTest(SuiteRunner.java:366)
	at org.testng.SuiteRunner.runSequentially(SuiteRunner.java:361)
	at org.testng.SuiteRunner.privateRun(SuiteRunner.java:319)
	at org.testng.SuiteRunner.run(SuiteRunner.java:268)
	at org.testng.SuiteRunnerWorker.runSuite(SuiteRunnerWorker.java:52)
	at org.testng.SuiteRunnerWorker.run(SuiteRunnerWorker.java:86)
	at org.testng.TestNG.runSuitesSequentially(TestNG.java:1244)
	at org.testng.TestNG.runSuitesLocally(TestNG.java:1169)
	at org.testng.TestNG.run(TestNG.java:1064)
	at org.testng.TestNG.privateMain(TestNG.java:1385)
	at org.testng.TestNG.main(TestNG.java:1354)
]]>
            </full-stacktrace>
          </exception> <!-- io.kaitai.struct.KaitaiStream$ValidationGreaterThanError -->
          <reporter-output>
          </reporter-output>
        </test-method> <!-- testValidFailRangeInt -->
      </class> <!-- io.kaitai.struct.spec.TestValidFailRangeInt -->
      <class name="io.kaitai.struct.spec.TestEofExceptionU4">
        <test-method status="PASS" signature="testEofExceptionU4()[pri:0, instance:io.kaitai.struct.spec.TestEofExceptionU4@78f278dd]" name="testEofExceptionU4" duration-ms="0" started-at="2020-03-12T20:24:54Z" finished-at="2020-03-12T20:24:54Z">
          <exception class="java.nio.BufferUnderflowException">
            <full-stacktrace>
              <![CDATA[java.nio.BufferUnderflowException
	at java.nio.Buffer.nextGetIndex(Buffer.java:498)
	at java.nio.DirectByteBuffer.getInt(DirectByteBuffer.java:675)
	at io.kaitai.struct.ByteBufferKaitaiStream.readU4le(ByteBufferKaitaiStream.java:269)
	at io.kaitai.struct.testformats.EofExceptionU4._read(EofExceptionU4.java:31)
	at io.kaitai.struct.testformats.EofExceptionU4.<init>(EofExceptionU4.java:27)
	at io.kaitai.struct.testformats.EofExceptionU4.<init>(EofExceptionU4.java:16)
	at io.kaitai.struct.testformats.EofExceptionU4.fromFile(EofExceptionU4.java:12)
	at io.kaitai.struct.spec.TestEofExceptionU4.testEofExceptionU4(TestEofExceptionU4.java:13)
	at sun.reflect.NativeMethodAccessorImpl.invoke0(Native Method)
	at sun.reflect.NativeMethodAccessorImpl.invoke(NativeMethodAccessorImpl.java:57)
	at sun.reflect.DelegatingMethodAccessorImpl.invoke(DelegatingMethodAccessorImpl.java:43)
	at java.lang.reflect.Method.invoke(Method.java:606)
	at org.testng.internal.MethodInvocationHelper.invokeMethod(MethodInvocationHelper.java:86)
	at org.testng.internal.Invoker.invokeMethod(Invoker.java:643)
	at org.testng.internal.Invoker.invokeTestMethod(Invoker.java:820)
	at org.testng.internal.Invoker.invokeTestMethods(Invoker.java:1128)
	at org.testng.internal.TestMethodWorker.invokeTestMethods(TestMethodWorker.java:129)
	at org.testng.internal.TestMethodWorker.run(TestMethodWorker.java:112)
	at org.testng.TestRunner.privateRun(TestRunner.java:782)
	at org.testng.TestRunner.run(TestRunner.java:632)
	at org.testng.SuiteRunner.runTest(SuiteRunner.java:366)
	at org.testng.SuiteRunner.runSequentially(SuiteRunner.java:361)
	at org.testng.SuiteRunner.privateRun(SuiteRunner.java:319)
	at org.testng.SuiteRunner.run(SuiteRunner.java:268)
	at org.testng.SuiteRunnerWorker.runSuite(SuiteRunnerWorker.java:52)
	at org.testng.SuiteRunnerWorker.run(SuiteRunnerWorker.java:86)
	at org.testng.TestNG.runSuitesSequentially(TestNG.java:1244)
	at org.testng.TestNG.runSuitesLocally(TestNG.java:1169)
	at org.testng.TestNG.run(TestNG.java:1064)
	at org.testng.TestNG.privateMain(TestNG.java:1385)
	at org.testng.TestNG.main(TestNG.java:1354)
]]>
            </full-stacktrace>
          </exception> <!-- java.nio.BufferUnderflowException -->
          <reporter-output>
          </reporter-output>
        </test-method> <!-- testEofExceptionU4 -->
      </class> <!-- io.kaitai.struct.spec.TestEofExceptionU4 -->
      <class name="io.kaitai.struct.spec.TestImportsAbs">
        <test-method status="PASS" signature="testImportsAbs()[pri:0, instance:io.kaitai.struct.spec.TestImportsAbs@40b4579a]" name="testImportsAbs" duration-ms="1" started-at="2020-03-12T20:24:54Z" finished-at="2020-03-12T20:24:54Z">
          <reporter-output>
          </reporter-output>
        </test-method> <!-- testImportsAbs -->
      </class> <!-- io.kaitai.struct.spec.TestImportsAbs -->
      <class name="io.kaitai.struct.spec.TestOptionalId">
        <test-method status="PASS" signature="testOptionalId()[pri:0, instance:io.kaitai.struct.spec.TestOptionalId@278fea01]" name="testOptionalId" duration-ms="1" started-at="2020-03-12T20:24:54Z" finished-at="2020-03-12T20:24:54Z">
          <reporter-output>
          </reporter-output>
        </test-method> <!-- testOptionalId -->
      </class> <!-- io.kaitai.struct.spec.TestOptionalId -->
      <class name="io.kaitai.struct.spec.TestPositionInSeq">
        <test-method status="PASS" signature="testPositionInSeq()[pri:0, instance:io.kaitai.struct.spec.TestPositionInSeq@3e5052b9]" name="testPositionInSeq" duration-ms="0" started-at="2020-03-12T20:24:54Z" finished-at="2020-03-12T20:24:54Z">
          <reporter-output>
          </reporter-output>
        </test-method> <!-- testPositionInSeq -->
      </class> <!-- io.kaitai.struct.spec.TestPositionInSeq -->
      <class name="io.kaitai.struct.spec.TestEnumOfValueInst">
        <test-method status="PASS" signature="testEnumOfValueInst()[pri:0, instance:io.kaitai.struct.spec.TestEnumOfValueInst@197d96f9]" name="testEnumOfValueInst" duration-ms="1" started-at="2020-03-12T20:24:54Z" finished-at="2020-03-12T20:24:54Z">
          <reporter-output>
          </reporter-output>
        </test-method> <!-- testEnumOfValueInst -->
      </class> <!-- io.kaitai.struct.spec.TestEnumOfValueInst -->
      <class name="io.kaitai.struct.spec.TestRepeatNStrz">
        <test-method status="PASS" signature="testRepeatNStrz()[pri:0, instance:io.kaitai.struct.spec.TestRepeatNStrz@2437d8d2]" name="testRepeatNStrz" duration-ms="1" started-at="2020-03-12T20:24:54Z" finished-at="2020-03-12T20:24:54Z">
          <reporter-output>
          </reporter-output>
        </test-method> <!-- testRepeatNStrz -->
      </class> <!-- io.kaitai.struct.spec.TestRepeatNStrz -->
      <class name="io.kaitai.struct.spec.TestParamsCallShort">
        <test-method status="PASS" signature="testParamsCallShort()[pri:0, instance:io.kaitai.struct.spec.TestParamsCallShort@37364b8f]" name="testParamsCallShort" duration-ms="1" started-at="2020-03-12T20:24:54Z" finished-at="2020-03-12T20:24:54Z">
          <reporter-output>
          </reporter-output>
        </test-method> <!-- testParamsCallShort -->
      </class> <!-- io.kaitai.struct.spec.TestParamsCallShort -->
      <class name="io.kaitai.struct.spec.TestUserType">
        <test-method status="PASS" signature="testUserType()[pri:0, instance:io.kaitai.struct.spec.TestUserType@44a5cd0c]" name="testUserType" duration-ms="0" started-at="2020-03-12T20:24:54Z" finished-at="2020-03-12T20:24:54Z">
          <reporter-output>
          </reporter-output>
        </test-method> <!-- testUserType -->
      </class> <!-- io.kaitai.struct.spec.TestUserType -->
      <class name="io.kaitai.struct.spec.TestProcessCustomNoArgs">
        <test-method status="PASS" signature="testProcessCustomNoArgs()[pri:0, instance:io.kaitai.struct.spec.TestProcessCustomNoArgs@12fbbad2]" name="testProcessCustomNoArgs" duration-ms="1" started-at="2020-03-12T20:24:54Z" finished-at="2020-03-12T20:24:54Z">
          <reporter-output>
          </reporter-output>
        </test-method> <!-- testProcessCustomNoArgs -->
      </class> <!-- io.kaitai.struct.spec.TestProcessCustomNoArgs -->
      <class name="io.kaitai.struct.spec.TestDefaultEndianExprIsLe">
        <test-method status="PASS" signature="testDefaultEndianExprIsLe()[pri:0, instance:io.kaitai.struct.spec.TestDefaultEndianExprIsLe@33f6fa50]" name="testDefaultEndianExprIsLe" duration-ms="2" started-at="2020-03-12T20:24:54Z" finished-at="2020-03-12T20:24:54Z">
          <reporter-output>
          </reporter-output>
        </test-method> <!-- testDefaultEndianExprIsLe -->
      </class> <!-- io.kaitai.struct.spec.TestDefaultEndianExprIsLe -->
      <class name="io.kaitai.struct.spec.TestValidFailInst">
        <test-method status="PASS" signature="testValidFailInst()[pri:0, instance:io.kaitai.struct.spec.TestValidFailInst@7fe360a5]" name="testValidFailInst" duration-ms="0" started-at="2020-03-12T20:24:54Z" finished-at="2020-03-12T20:24:54Z">
          <exception class="io.kaitai.struct.KaitaiStream$ValidationNotEqualError">
            <message>
              <![CDATA[/instances/inst: at pos 0: validation failed: not equal, expected 80, but got 49]]>
            </message>
            <full-stacktrace>
              <![CDATA[io.kaitai.struct.KaitaiStream$ValidationNotEqualError: /instances/inst: at pos 0: validation failed: not equal, expected 80, but got 49
	at io.kaitai.struct.testformats.ValidFailInst.inst(ValidFailInst.java:43)
	at io.kaitai.struct.testformats.ValidFailInst._read(ValidFailInst.java:30)
	at io.kaitai.struct.testformats.ValidFailInst.<init>(ValidFailInst.java:27)
	at io.kaitai.struct.testformats.ValidFailInst.<init>(ValidFailInst.java:16)
	at io.kaitai.struct.testformats.ValidFailInst.fromFile(ValidFailInst.java:12)
	at io.kaitai.struct.spec.TestValidFailInst.testValidFailInst(TestValidFailInst.java:13)
	at sun.reflect.NativeMethodAccessorImpl.invoke0(Native Method)
	at sun.reflect.NativeMethodAccessorImpl.invoke(NativeMethodAccessorImpl.java:57)
	at sun.reflect.DelegatingMethodAccessorImpl.invoke(DelegatingMethodAccessorImpl.java:43)
	at java.lang.reflect.Method.invoke(Method.java:606)
	at org.testng.internal.MethodInvocationHelper.invokeMethod(MethodInvocationHelper.java:86)
	at org.testng.internal.Invoker.invokeMethod(Invoker.java:643)
	at org.testng.internal.Invoker.invokeTestMethod(Invoker.java:820)
	at org.testng.internal.Invoker.invokeTestMethods(Invoker.java:1128)
	at org.testng.internal.TestMethodWorker.invokeTestMethods(TestMethodWorker.java:129)
	at org.testng.internal.TestMethodWorker.run(TestMethodWorker.java:112)
	at org.testng.TestRunner.privateRun(TestRunner.java:782)
	at org.testng.TestRunner.run(TestRunner.java:632)
	at org.testng.SuiteRunner.runTest(SuiteRunner.java:366)
	at org.testng.SuiteRunner.runSequentially(SuiteRunner.java:361)
	at org.testng.SuiteRunner.privateRun(SuiteRunner.java:319)
	at org.testng.SuiteRunner.run(SuiteRunner.java:268)
	at org.testng.SuiteRunnerWorker.runSuite(SuiteRunnerWorker.java:52)
	at org.testng.SuiteRunnerWorker.run(SuiteRunnerWorker.java:86)
	at org.testng.TestNG.runSuitesSequentially(TestNG.java:1244)
	at org.testng.TestNG.runSuitesLocally(TestNG.java:1169)
	at org.testng.TestNG.run(TestNG.java:1064)
	at org.testng.TestNG.privateMain(TestNG.java:1385)
	at org.testng.TestNG.main(TestNG.java:1354)
]]>
            </full-stacktrace>
          </exception> <!-- io.kaitai.struct.KaitaiStream$ValidationNotEqualError -->
          <reporter-output>
          </reporter-output>
        </test-method> <!-- testValidFailInst -->
      </class> <!-- io.kaitai.struct.spec.TestValidFailInst -->
      <class name="io.kaitai.struct.spec.TestExprEnum">
        <test-method status="PASS" signature="testExprEnum()[pri:0, instance:io.kaitai.struct.spec.TestExprEnum@1d3d68df]" name="testExprEnum" duration-ms="1" started-at="2020-03-12T20:24:54Z" finished-at="2020-03-12T20:24:54Z">
          <reporter-output>
          </reporter-output>
        </test-method> <!-- testExprEnum -->
      </class> <!-- io.kaitai.struct.spec.TestExprEnum -->
      <class name="io.kaitai.struct.spec.TestBitsSimple">
        <test-method status="PASS" signature="testBitsSimple()[pri:0, instance:io.kaitai.struct.spec.TestBitsSimple@76650cb3]" name="testBitsSimple" duration-ms="1" started-at="2020-03-12T20:24:54Z" finished-at="2020-03-12T20:24:54Z">
          <reporter-output>
          </reporter-output>
        </test-method> <!-- testBitsSimple -->
      </class> <!-- io.kaitai.struct.spec.TestBitsSimple -->
      <class name="io.kaitai.struct.spec.TestNavParentFalse">
        <test-method status="PASS" signature="testNavParentFalse()[pri:0, instance:io.kaitai.struct.spec.TestNavParentFalse@45eefc33]" name="testNavParentFalse" duration-ms="1" started-at="2020-03-12T20:24:54Z" finished-at="2020-03-12T20:24:54Z">
          <reporter-output>
          </reporter-output>
        </test-method> <!-- testNavParentFalse -->
      </class> <!-- io.kaitai.struct.spec.TestNavParentFalse -->
      <class name="io.kaitai.struct.spec.TestStrLiterals">
        <test-method status="PASS" signature="testStrLiterals()[pri:0, instance:io.kaitai.struct.spec.TestStrLiterals@3b74353a]" name="testStrLiterals" duration-ms="0" started-at="2020-03-12T20:24:54Z" finished-at="2020-03-12T20:24:54Z">
          <reporter-output>
          </reporter-output>
        </test-method> <!-- testStrLiterals -->
      </class> <!-- io.kaitai.struct.spec.TestStrLiterals -->
      <class name="io.kaitai.struct.spec.TestOpaqueExternalType">
        <test-method status="PASS" signature="testOpaqueExternalType()[pri:0, instance:io.kaitai.struct.spec.TestOpaqueExternalType@75ce994b]" name="testOpaqueExternalType" duration-ms="0" started-at="2020-03-12T20:24:54Z" finished-at="2020-03-12T20:24:54Z">
          <reporter-output>
          </reporter-output>
        </test-method> <!-- testOpaqueExternalType -->
      </class> <!-- io.kaitai.struct.spec.TestOpaqueExternalType -->
      <class name="io.kaitai.struct.spec.TestImports0">
        <test-method status="PASS" signature="testImports0()[pri:0, instance:io.kaitai.struct.spec.TestImports0@1833e2a6]" name="testImports0" duration-ms="0" started-at="2020-03-12T20:24:54Z" finished-at="2020-03-12T20:24:54Z">
          <reporter-output>
          </reporter-output>
        </test-method> <!-- testImports0 -->
      </class> <!-- io.kaitai.struct.spec.TestImports0 -->
      <class name="io.kaitai.struct.spec.TestValidFailMinInt">
        <test-method status="PASS" signature="testValidFailMinInt()[pri:0, instance:io.kaitai.struct.spec.TestValidFailMinInt@1ba22e94]" name="testValidFailMinInt" duration-ms="0" started-at="2020-03-12T20:24:54Z" finished-at="2020-03-12T20:24:54Z">
          <exception class="io.kaitai.struct.KaitaiStream$ValidationLessThanError">
            <message>
              <![CDATA[/seq/0: at pos 1: validation failed: not in range, min 123, but got 80]]>
            </message>
            <full-stacktrace>
              <![CDATA[io.kaitai.struct.KaitaiStream$ValidationLessThanError: /seq/0: at pos 1: validation failed: not in range, min 123, but got 80
	at io.kaitai.struct.testformats.ValidFailMinInt._read(ValidFailMinInt.java:32)
	at io.kaitai.struct.testformats.ValidFailMinInt.<init>(ValidFailMinInt.java:27)
	at io.kaitai.struct.testformats.ValidFailMinInt.<init>(ValidFailMinInt.java:16)
	at io.kaitai.struct.testformats.ValidFailMinInt.fromFile(ValidFailMinInt.java:12)
	at io.kaitai.struct.spec.TestValidFailMinInt.testValidFailMinInt(TestValidFailMinInt.java:13)
	at sun.reflect.NativeMethodAccessorImpl.invoke0(Native Method)
	at sun.reflect.NativeMethodAccessorImpl.invoke(NativeMethodAccessorImpl.java:57)
	at sun.reflect.DelegatingMethodAccessorImpl.invoke(DelegatingMethodAccessorImpl.java:43)
	at java.lang.reflect.Method.invoke(Method.java:606)
	at org.testng.internal.MethodInvocationHelper.invokeMethod(MethodInvocationHelper.java:86)
	at org.testng.internal.Invoker.invokeMethod(Invoker.java:643)
	at org.testng.internal.Invoker.invokeTestMethod(Invoker.java:820)
	at org.testng.internal.Invoker.invokeTestMethods(Invoker.java:1128)
	at org.testng.internal.TestMethodWorker.invokeTestMethods(TestMethodWorker.java:129)
	at org.testng.internal.TestMethodWorker.run(TestMethodWorker.java:112)
	at org.testng.TestRunner.privateRun(TestRunner.java:782)
	at org.testng.TestRunner.run(TestRunner.java:632)
	at org.testng.SuiteRunner.runTest(SuiteRunner.java:366)
	at org.testng.SuiteRunner.runSequentially(SuiteRunner.java:361)
	at org.testng.SuiteRunner.privateRun(SuiteRunner.java:319)
	at org.testng.SuiteRunner.run(SuiteRunner.java:268)
	at org.testng.SuiteRunnerWorker.runSuite(SuiteRunnerWorker.java:52)
	at org.testng.SuiteRunnerWorker.run(SuiteRunnerWorker.java:86)
	at org.testng.TestNG.runSuitesSequentially(TestNG.java:1244)
	at org.testng.TestNG.runSuitesLocally(TestNG.java:1169)
	at org.testng.TestNG.run(TestNG.java:1064)
	at org.testng.TestNG.privateMain(TestNG.java:1385)
	at org.testng.TestNG.main(TestNG.java:1354)
]]>
            </full-stacktrace>
          </exception> <!-- io.kaitai.struct.KaitaiStream$ValidationLessThanError -->
          <reporter-output>
          </reporter-output>
        </test-method> <!-- testValidFailMinInt -->
      </class> <!-- io.kaitai.struct.spec.TestValidFailMinInt -->
      <class name="io.kaitai.struct.spec.TestSwitchIntegers2">
        <test-method status="PASS" signature="testSwitchIntegers2()[pri:0, instance:io.kaitai.struct.spec.TestSwitchIntegers2@344c963c]" name="testSwitchIntegers2" duration-ms="1" started-at="2020-03-12T20:24:54Z" finished-at="2020-03-12T20:24:54Z">
          <reporter-output>
          </reporter-output>
        </test-method> <!-- testSwitchIntegers2 -->
      </class> <!-- io.kaitai.struct.spec.TestSwitchIntegers2 -->
      <class name="io.kaitai.struct.spec.TestCastToTop">
        <test-method status="PASS" signature="testCastToTop()[pri:0, instance:io.kaitai.struct.spec.TestCastToTop@2818d303]" name="testCastToTop" duration-ms="0" started-at="2020-03-12T20:24:54Z" finished-at="2020-03-12T20:24:54Z">
          <reporter-output>
          </reporter-output>
        </test-method> <!-- testCastToTop -->
      </class> <!-- io.kaitai.struct.spec.TestCastToTop -->
      <class name="io.kaitai.struct.spec.TestTypeTernaryOpaque">
        <test-method status="PASS" signature="testTypeTernaryOpaque()[pri:0, instance:io.kaitai.struct.spec.TestTypeTernaryOpaque@3b7541a]" name="testTypeTernaryOpaque" duration-ms="1" started-at="2020-03-12T20:24:54Z" finished-at="2020-03-12T20:24:54Z">
          <reporter-output>
          </reporter-output>
        </test-method> <!-- testTypeTernaryOpaque -->
      </class> <!-- io.kaitai.struct.spec.TestTypeTernaryOpaque -->
    </test> <!-- all -->
  </suite> <!-- Kaitai Struct Java specs -->
</testng-results>
