/home/travis/build/kaitai-io/ci_targets/tests/compiled/java/src/io/kaitai/struct/testformats/Imported1.java:34: error: cannot find symbol
    private Imported2 two;
            ^
  symbol:   class Imported2
  location: class Imported1
/home/travis/build/kaitai-io/ci_targets/tests/compiled/java/src/io/kaitai/struct/testformats/Imported1.java:38: error: cannot find symbol
    public Imported2 two() { return two; }
           ^
  symbol:   class Imported2
  location: class Imported1
/home/travis/build/kaitai-io/ci_targets/tests/compiled/java/src/io/kaitai/struct/testformats/Imported1.java:31: error: cannot find symbol
        this.two = new Imported2(this._io);
                       ^
  symbol:   class Imported2
  location: class Imported1
3 errors
