/home/travis/build/kaitai-io/ci_targets/tests/compiled/java/src/io/kaitai/struct/testformats/ImportsAbsAbs.java:34: error: cannot find symbol
    private ImportedAndAbs two;
            ^
  symbol:   class ImportedAndAbs
  location: class ImportsAbsAbs
/home/travis/build/kaitai-io/ci_targets/tests/compiled/java/src/io/kaitai/struct/testformats/ImportsAbsAbs.java:38: error: cannot find symbol
    public ImportedAndAbs two() { return two; }
           ^
  symbol:   class ImportedAndAbs
  location: class ImportsAbsAbs
/home/travis/build/kaitai-io/ci_targets/tests/compiled/java/src/io/kaitai/struct/testformats/ImportsAbsAbs.java:31: error: cannot find symbol
        this.two = new ImportedAndAbs(this._io);
                       ^
  symbol:   class ImportedAndAbs
  location: class ImportsAbsAbs
3 errors
