/home/travis/build/kaitai-io/ci_targets/tests/compiled/java/src/io/kaitai/struct/testformats/OpaqueWithParam.java:32: error: cannot find symbol
    private ParamsDef one;
            ^
  symbol:   class ParamsDef
  location: class OpaqueWithParam
/home/travis/build/kaitai-io/ci_targets/tests/compiled/java/src/io/kaitai/struct/testformats/OpaqueWithParam.java:35: error: cannot find symbol
    public ParamsDef one() { return one; }
           ^
  symbol:   class ParamsDef
  location: class OpaqueWithParam
/home/travis/build/kaitai-io/ci_targets/tests/compiled/java/src/io/kaitai/struct/testformats/OpaqueWithParam.java:30: error: cannot find symbol
        this.one = new ParamsDef(this._io, 5, true);
                       ^
  symbol:   class ParamsDef
  location: class OpaqueWithParam
3 errors
