/home/travis/build/kaitai-io/ci_targets/tests/compiled/java/src/io/kaitai/struct/testformats/OpaqueExternalType.java:40: error: cannot find symbol
    private TermStrz one;
            ^
  symbol:   class TermStrz
  location: class OpaqueExternalType
/home/travis/build/kaitai-io/ci_targets/tests/compiled/java/src/io/kaitai/struct/testformats/OpaqueExternalType.java:43: error: cannot find symbol
    public TermStrz one() { return one; }
           ^
  symbol:   class TermStrz
  location: class OpaqueExternalType
/home/travis/build/kaitai-io/ci_targets/tests/compiled/java/src/io/kaitai/struct/testformats/OpaqueExternalType.java:38: error: cannot find symbol
        this.one = new TermStrz(this._io);
                       ^
  symbol:   class TermStrz
  location: class OpaqueExternalType
3 errors
