/home/travis/build/kaitai-io/ci_targets/tests/compiled/java/src/io/kaitai/struct/testformats/OpaqueExternalType02Parent.java:69: error: cannot find symbol
        private OpaqueExternalType02Child child;
                ^
  symbol:   class OpaqueExternalType02Child
  location: class ParentObj
/home/travis/build/kaitai-io/ci_targets/tests/compiled/java/src/io/kaitai/struct/testformats/OpaqueExternalType02Parent.java:72: error: cannot find symbol
        public OpaqueExternalType02Child child() { return child; }
               ^
  symbol:   class OpaqueExternalType02Child
  location: class ParentObj
/home/travis/build/kaitai-io/ci_targets/tests/compiled/java/src/io/kaitai/struct/testformats/OpaqueExternalType02Parent.java:67: error: cannot find symbol
            this.child = new OpaqueExternalType02Child(this._io);
                             ^
  symbol:   class OpaqueExternalType02Child
  location: class ParentObj
3 errors
