/home/travis/build/kaitai-io/ci_targets/tests/spec/java/src/io/kaitai/struct/spec/TestProcessXorConst.java:3: error: cannot find symbol
import io.kaitai.struct.testformats.ProcessXorConst;
                                   ^
  symbol:   class ProcessXorConst
  location: package io.kaitai.struct.testformats
/home/travis/build/kaitai-io/ci_targets/tests/spec/java/src/io/kaitai/struct/spec/TestProcessXorConst.java:11: error: cannot find symbol
        ProcessXorConst r = ProcessXorConst.fromFile(SRC_DIR + "process_xor_1.bin");
        ^
  symbol:   class ProcessXorConst
  location: class TestProcessXorConst
/home/travis/build/kaitai-io/ci_targets/tests/spec/java/src/io/kaitai/struct/spec/TestProcessXorConst.java:11: error: cannot find symbol
        ProcessXorConst r = ProcessXorConst.fromFile(SRC_DIR + "process_xor_1.bin");
                            ^
  symbol:   variable ProcessXorConst
  location: class TestProcessXorConst
3 errors
