/home/travis/build/kaitai-io/ci_targets/tests/spec/java/src/io/kaitai/struct/spec/TestNavParent.java:3: error: cannot find symbol
import io.kaitai.struct.testformats.NavParent;
                                   ^
  symbol:   class NavParent
  location: package io.kaitai.struct.testformats
/home/travis/build/kaitai-io/ci_targets/tests/spec/java/src/io/kaitai/struct/spec/TestNavParent.java:11: error: cannot find symbol
        NavParent r = NavParent.fromFile(SRC_DIR + "nav.bin");
        ^
  symbol:   class NavParent
  location: class TestNavParent
/home/travis/build/kaitai-io/ci_targets/tests/spec/java/src/io/kaitai/struct/spec/TestNavParent.java:11: error: cannot find symbol
        NavParent r = NavParent.fromFile(SRC_DIR + "nav.bin");
                      ^
  symbol:   variable NavParent
  location: class TestNavParent
3 errors
