/home/travis/build/kaitai-io/ci_targets/tests/spec/java/src/io/kaitai/struct/spec/TestBcdUserTypeLe.java:3: error: cannot find symbol
import io.kaitai.struct.testformats.BcdUserTypeLe;
                                   ^
  symbol:   class BcdUserTypeLe
  location: package io.kaitai.struct.testformats
/home/travis/build/kaitai-io/ci_targets/tests/spec/java/src/io/kaitai/struct/spec/TestBcdUserTypeLe.java:11: error: cannot find symbol
        BcdUserTypeLe r = BcdUserTypeLe.fromFile(SRC_DIR + "bcd_user_type_le.bin");
        ^
  symbol:   class BcdUserTypeLe
  location: class TestBcdUserTypeLe
/home/travis/build/kaitai-io/ci_targets/tests/spec/java/src/io/kaitai/struct/spec/TestBcdUserTypeLe.java:11: error: cannot find symbol
        BcdUserTypeLe r = BcdUserTypeLe.fromFile(SRC_DIR + "bcd_user_type_le.bin");
                          ^
  symbol:   variable BcdUserTypeLe
  location: class TestBcdUserTypeLe
3 errors
