/home/travis/build/kaitai-io/ci_targets/tests/spec/java/src/io/kaitai/struct/spec/TestExpr0.java:3: error: cannot find symbol
import io.kaitai.struct.testformats.Expr0;
                                   ^
  symbol:   class Expr0
  location: package io.kaitai.struct.testformats
/home/travis/build/kaitai-io/ci_targets/tests/spec/java/src/io/kaitai/struct/spec/TestExpr0.java:11: error: cannot find symbol
        Expr0 r = Expr0.fromFile(SRC_DIR + "str_encodings.bin");
        ^
  symbol:   class Expr0
  location: class TestExpr0
/home/travis/build/kaitai-io/ci_targets/tests/spec/java/src/io/kaitai/struct/spec/TestExpr0.java:11: error: cannot find symbol
        Expr0 r = Expr0.fromFile(SRC_DIR + "str_encodings.bin");
                  ^
  symbol:   variable Expr0
  location: class TestExpr0
3 errors
