/home/travis/build/kaitai-io/ci_targets/tests/spec/java/src/io/kaitai/struct/spec/TestTsPacketHeader.java:3: error: cannot find symbol
import io.kaitai.struct.testformats.TsPacketHeader;
                                   ^
  symbol:   class TsPacketHeader
  location: package io.kaitai.struct.testformats
/home/travis/build/kaitai-io/ci_targets/tests/spec/java/src/io/kaitai/struct/spec/TestTsPacketHeader.java:11: error: cannot find symbol
        TsPacketHeader r = TsPacketHeader.fromFile(SRC_DIR + "ts_packet.bin");
        ^
  symbol:   class TsPacketHeader
  location: class TestTsPacketHeader
/home/travis/build/kaitai-io/ci_targets/tests/spec/java/src/io/kaitai/struct/spec/TestTsPacketHeader.java:11: error: cannot find symbol
        TsPacketHeader r = TsPacketHeader.fromFile(SRC_DIR + "ts_packet.bin");
                           ^
  symbol:   variable TsPacketHeader
  location: class TestTsPacketHeader
/home/travis/build/kaitai-io/ci_targets/tests/spec/java/src/io/kaitai/struct/spec/TestTsPacketHeader.java:19: error: package TsPacketHeader does not exist
        assertEquals(r.adaptationFieldControl(), TsPacketHeader.AdaptationFieldControlEnum.PAYLOAD_ONLY);
                                                               ^
4 errors
