/home/travis/build/kaitai-io/ci_targets/tests/spec/java/src/io/kaitai/struct/spec/TestRepeatNStrz.java:3: error: cannot find symbol
import io.kaitai.struct.testformats.RepeatNStrz;
                                   ^
  symbol:   class RepeatNStrz
  location: package io.kaitai.struct.testformats
/home/travis/build/kaitai-io/ci_targets/tests/spec/java/src/io/kaitai/struct/spec/TestRepeatNStrz.java:11: error: cannot find symbol
        RepeatNStrz r = RepeatNStrz.fromFile(SRC_DIR + "repeat_n_strz.bin");
        ^
  symbol:   class RepeatNStrz
  location: class TestRepeatNStrz
/home/travis/build/kaitai-io/ci_targets/tests/spec/java/src/io/kaitai/struct/spec/TestRepeatNStrz.java:11: error: cannot find symbol
        RepeatNStrz r = RepeatNStrz.fromFile(SRC_DIR + "repeat_n_strz.bin");
                        ^
  symbol:   variable RepeatNStrz
  location: class TestRepeatNStrz
3 errors
