/home/travis/build/kaitai-io/ci_targets/tests/spec/java/src/io/kaitai/struct/spec/TestEnum0.java:3: error: cannot find symbol
import io.kaitai.struct.testformats.Enum0;
                                   ^
  symbol:   class Enum0
  location: package io.kaitai.struct.testformats
/home/travis/build/kaitai-io/ci_targets/tests/spec/java/src/io/kaitai/struct/spec/TestEnum0.java:11: error: cannot find symbol
        Enum0 r = Enum0.fromFile(SRC_DIR + "enum_0.bin");
        ^
  symbol:   class Enum0
  location: class TestEnum0
/home/travis/build/kaitai-io/ci_targets/tests/spec/java/src/io/kaitai/struct/spec/TestEnum0.java:11: error: cannot find symbol
        Enum0 r = Enum0.fromFile(SRC_DIR + "enum_0.bin");
                  ^
  symbol:   variable Enum0
  location: class TestEnum0
/home/travis/build/kaitai-io/ci_targets/tests/spec/java/src/io/kaitai/struct/spec/TestEnum0.java:13: error: package Enum0 does not exist
        assertEquals(r.pet1(), Enum0.Animal.CAT);
                                    ^
/home/travis/build/kaitai-io/ci_targets/tests/spec/java/src/io/kaitai/struct/spec/TestEnum0.java:14: error: package Enum0 does not exist
        assertEquals(r.pet2(), Enum0.Animal.CHICKEN);
                                    ^
5 errors
