/home/travis/build/kaitai-io/ci_targets/tests/spec/java/src/io/kaitai/struct/spec/TestOpaqueExternalType.java:3: error: cannot find symbol
import io.kaitai.struct.testformats.OpaqueExternalType;
                                   ^
  symbol:   class OpaqueExternalType
  location: package io.kaitai.struct.testformats
/home/travis/build/kaitai-io/ci_targets/tests/spec/java/src/io/kaitai/struct/spec/TestOpaqueExternalType.java:11: error: cannot find symbol
        OpaqueExternalType r = OpaqueExternalType.fromFile(SRC_DIR + "term_strz.bin");
        ^
  symbol:   class OpaqueExternalType
  location: class TestOpaqueExternalType
/home/travis/build/kaitai-io/ci_targets/tests/spec/java/src/io/kaitai/struct/spec/TestOpaqueExternalType.java:11: error: cannot find symbol
        OpaqueExternalType r = OpaqueExternalType.fromFile(SRC_DIR + "term_strz.bin");
                               ^
  symbol:   variable OpaqueExternalType
  location: class TestOpaqueExternalType
3 errors
