/home/travis/build/kaitai-io/ci_targets/tests/spec/java/src/io/kaitai/struct/spec/TestInstanceStdArray.java:3: error: cannot find symbol
import io.kaitai.struct.testformats.InstanceStdArray;
                                   ^
  symbol:   class InstanceStdArray
  location: package io.kaitai.struct.testformats
/home/travis/build/kaitai-io/ci_targets/tests/spec/java/src/io/kaitai/struct/spec/TestInstanceStdArray.java:11: error: cannot find symbol
        InstanceStdArray r = InstanceStdArray.fromFile(SRC_DIR + "instance_std_array.bin");
        ^
  symbol:   class InstanceStdArray
  location: class TestInstanceStdArray
/home/travis/build/kaitai-io/ci_targets/tests/spec/java/src/io/kaitai/struct/spec/TestInstanceStdArray.java:11: error: cannot find symbol
        InstanceStdArray r = InstanceStdArray.fromFile(SRC_DIR + "instance_std_array.bin");
                             ^
  symbol:   variable InstanceStdArray
  location: class TestInstanceStdArray
3 errors
