/home/travis/build/kaitai-io/ci_targets/tests/spec/java/src/io/kaitai/struct/spec/TestPositionAbs.java:3: error: cannot find symbol
import io.kaitai.struct.testformats.PositionAbs;
                                   ^
  symbol:   class PositionAbs
  location: package io.kaitai.struct.testformats
/home/travis/build/kaitai-io/ci_targets/tests/spec/java/src/io/kaitai/struct/spec/TestPositionAbs.java:11: error: cannot find symbol
        PositionAbs r = PositionAbs.fromFile(SRC_DIR + "position_abs.bin");
        ^
  symbol:   class PositionAbs
  location: class TestPositionAbs
/home/travis/build/kaitai-io/ci_targets/tests/spec/java/src/io/kaitai/struct/spec/TestPositionAbs.java:11: error: cannot find symbol
        PositionAbs r = PositionAbs.fromFile(SRC_DIR + "position_abs.bin");
                        ^
  symbol:   variable PositionAbs
  location: class TestPositionAbs
3 errors
