/home/travis/build/kaitai-io/ci_targets/tests/spec/java/src/io/kaitai/struct/spec/TestPositionInSeq.java:3: error: cannot find symbol
import io.kaitai.struct.testformats.PositionInSeq;
                                   ^
  symbol:   class PositionInSeq
  location: package io.kaitai.struct.testformats
/home/travis/build/kaitai-io/ci_targets/tests/spec/java/src/io/kaitai/struct/spec/TestPositionInSeq.java:13: error: cannot find symbol
        PositionInSeq r = PositionInSeq.fromFile(SRC_DIR + "position_in_seq.bin");
        ^
  symbol:   class PositionInSeq
  location: class TestPositionInSeq
/home/travis/build/kaitai-io/ci_targets/tests/spec/java/src/io/kaitai/struct/spec/TestPositionInSeq.java:13: error: cannot find symbol
        PositionInSeq r = PositionInSeq.fromFile(SRC_DIR + "position_in_seq.bin");
                          ^
  symbol:   variable PositionInSeq
  location: class TestPositionInSeq
3 errors
