/home/travis/build/kaitai-io/ci_targets/tests/spec/java/src/io/kaitai/struct/spec/TestNavParentVsValueInst.java:3: error: cannot find symbol
import io.kaitai.struct.testformats.NavParentVsValueInst;
                                   ^
  symbol:   class NavParentVsValueInst
  location: package io.kaitai.struct.testformats
/home/travis/build/kaitai-io/ci_targets/tests/spec/java/src/io/kaitai/struct/spec/TestNavParentVsValueInst.java:11: error: cannot find symbol
        NavParentVsValueInst r = NavParentVsValueInst.fromFile(SRC_DIR + "term_strz.bin");
        ^
  symbol:   class NavParentVsValueInst
  location: class TestNavParentVsValueInst
/home/travis/build/kaitai-io/ci_targets/tests/spec/java/src/io/kaitai/struct/spec/TestNavParentVsValueInst.java:11: error: cannot find symbol
        NavParentVsValueInst r = NavParentVsValueInst.fromFile(SRC_DIR + "term_strz.bin");
                                 ^
  symbol:   variable NavParentVsValueInst
  location: class TestNavParentVsValueInst
3 errors
