/home/travis/build/kaitai-io/ci_targets/tests/spec/java/src/io/kaitai/struct/spec/TestImportsAbsRel.java:3: error: cannot find symbol
import io.kaitai.struct.testformats.ImportsAbsRel;
                                   ^
  symbol:   class ImportsAbsRel
  location: package io.kaitai.struct.testformats
/home/travis/build/kaitai-io/ci_targets/tests/spec/java/src/io/kaitai/struct/spec/TestImportsAbsRel.java:11: error: cannot find symbol
        ImportsAbsRel r = ImportsAbsRel.fromFile(SRC_DIR + "fixed_struct.bin");
        ^
  symbol:   class ImportsAbsRel
  location: class TestImportsAbsRel
/home/travis/build/kaitai-io/ci_targets/tests/spec/java/src/io/kaitai/struct/spec/TestImportsAbsRel.java:11: error: cannot find symbol
        ImportsAbsRel r = ImportsAbsRel.fromFile(SRC_DIR + "fixed_struct.bin");
                          ^
  symbol:   variable ImportsAbsRel
  location: class TestImportsAbsRel
3 errors
