/home/travis/build/kaitai-io/ci_targets/tests/spec/java/src/io/kaitai/struct/spec/TestExprArray.java:3: error: cannot find symbol
import io.kaitai.struct.testformats.ExprArray;
                                   ^
  symbol:   class ExprArray
  location: package io.kaitai.struct.testformats
/home/travis/build/kaitai-io/ci_targets/tests/spec/java/src/io/kaitai/struct/spec/TestExprArray.java:11: error: cannot find symbol
        ExprArray r = ExprArray.fromFile(SRC_DIR + "expr_array.bin");
        ^
  symbol:   class ExprArray
  location: class TestExprArray
/home/travis/build/kaitai-io/ci_targets/tests/spec/java/src/io/kaitai/struct/spec/TestExprArray.java:11: error: cannot find symbol
        ExprArray r = ExprArray.fromFile(SRC_DIR + "expr_array.bin");
                      ^
  symbol:   variable ExprArray
  location: class TestExprArray
3 errors
