/home/travis/build/kaitai-io/ci_targets/tests/spec/java/src/io/kaitai/struct/spec/TestOpaqueWithParam.java:3: error: cannot find symbol
import io.kaitai.struct.testformats.OpaqueWithParam;
                                   ^
  symbol:   class OpaqueWithParam
  location: package io.kaitai.struct.testformats
/home/travis/build/kaitai-io/ci_targets/tests/spec/java/src/io/kaitai/struct/spec/TestOpaqueWithParam.java:11: error: cannot find symbol
        OpaqueWithParam r = OpaqueWithParam.fromFile(SRC_DIR + "term_strz.bin");
        ^
  symbol:   class OpaqueWithParam
  location: class TestOpaqueWithParam
/home/travis/build/kaitai-io/ci_targets/tests/spec/java/src/io/kaitai/struct/spec/TestOpaqueWithParam.java:11: error: cannot find symbol
        OpaqueWithParam r = OpaqueWithParam.fromFile(SRC_DIR + "term_strz.bin");
                            ^
  symbol:   variable OpaqueWithParam
  location: class TestOpaqueWithParam
3 errors
