/home/travis/build/kaitai-io/ci_targets/tests/spec/java/src/io/kaitai/struct/spec/TestProcessXorValue.java:3: error: cannot find symbol
import io.kaitai.struct.testformats.ProcessXorValue;
                                   ^
  symbol:   class ProcessXorValue
  location: package io.kaitai.struct.testformats
/home/travis/build/kaitai-io/ci_targets/tests/spec/java/src/io/kaitai/struct/spec/TestProcessXorValue.java:11: error: cannot find symbol
        ProcessXorValue r = ProcessXorValue.fromFile(SRC_DIR + "process_xor_1.bin");
        ^
  symbol:   class ProcessXorValue
  location: class TestProcessXorValue
/home/travis/build/kaitai-io/ci_targets/tests/spec/java/src/io/kaitai/struct/spec/TestProcessXorValue.java:11: error: cannot find symbol
        ProcessXorValue r = ProcessXorValue.fromFile(SRC_DIR + "process_xor_1.bin");
                            ^
  symbol:   variable ProcessXorValue
  location: class TestProcessXorValue
3 errors
