/home/travis/build/kaitai-io/ci_targets/tests/spec/java/src/io/kaitai/struct/spec/TestRepeatUntilComplex.java:3: error: cannot find symbol
import io.kaitai.struct.testformats.RepeatUntilComplex;
                                   ^
  symbol:   class RepeatUntilComplex
  location: package io.kaitai.struct.testformats
/home/travis/build/kaitai-io/ci_targets/tests/spec/java/src/io/kaitai/struct/spec/TestRepeatUntilComplex.java:11: error: cannot find symbol
        RepeatUntilComplex r = RepeatUntilComplex.fromFile(SRC_DIR + "repeat_until_complex.bin");
        ^
  symbol:   class RepeatUntilComplex
  location: class TestRepeatUntilComplex
/home/travis/build/kaitai-io/ci_targets/tests/spec/java/src/io/kaitai/struct/spec/TestRepeatUntilComplex.java:11: error: cannot find symbol
        RepeatUntilComplex r = RepeatUntilComplex.fromFile(SRC_DIR + "repeat_until_complex.bin");
                               ^
  symbol:   variable RepeatUntilComplex
  location: class TestRepeatUntilComplex
3 errors
