/home/travis/build/kaitai-io/ci_targets/tests/spec/java/src/io/kaitai/struct/spec/TestNestedSameName2.java:3: error: cannot find symbol
import io.kaitai.struct.testformats.NestedSameName2;
                                   ^
  symbol:   class NestedSameName2
  location: package io.kaitai.struct.testformats
/home/travis/build/kaitai-io/ci_targets/tests/spec/java/src/io/kaitai/struct/spec/TestNestedSameName2.java:11: error: cannot find symbol
        NestedSameName2 r = NestedSameName2.fromFile(SRC_DIR + "nested_same_name2.bin");
        ^
  symbol:   class NestedSameName2
  location: class TestNestedSameName2
/home/travis/build/kaitai-io/ci_targets/tests/spec/java/src/io/kaitai/struct/spec/TestNestedSameName2.java:11: error: cannot find symbol
        NestedSameName2 r = NestedSameName2.fromFile(SRC_DIR + "nested_same_name2.bin");
                            ^
  symbol:   variable NestedSameName2
  location: class TestNestedSameName2
3 errors
