/home/travis/build/kaitai-io/ci_targets/tests/spec/java/src/io/kaitai/struct/spec/TestInstanceStd.java:3: error: cannot find symbol
import io.kaitai.struct.testformats.InstanceStd;
                                   ^
  symbol:   class InstanceStd
  location: package io.kaitai.struct.testformats
/home/travis/build/kaitai-io/ci_targets/tests/spec/java/src/io/kaitai/struct/spec/TestInstanceStd.java:11: error: cannot find symbol
        InstanceStd r = InstanceStd.fromFile(SRC_DIR + "str_encodings.bin");
        ^
  symbol:   class InstanceStd
  location: class TestInstanceStd
/home/travis/build/kaitai-io/ci_targets/tests/spec/java/src/io/kaitai/struct/spec/TestInstanceStd.java:11: error: cannot find symbol
        InstanceStd r = InstanceStd.fromFile(SRC_DIR + "str_encodings.bin");
                        ^
  symbol:   variable InstanceStd
  location: class TestInstanceStd
3 errors
