/home/travis/build/kaitai-io/ci_targets/tests/spec/java/src/io/kaitai/struct/spec/TestNavRoot.java:3: error: cannot find symbol
import io.kaitai.struct.testformats.NavRoot;
                                   ^
  symbol:   class NavRoot
  location: package io.kaitai.struct.testformats
/home/travis/build/kaitai-io/ci_targets/tests/spec/java/src/io/kaitai/struct/spec/TestNavRoot.java:11: error: cannot find symbol
        NavRoot r = NavRoot.fromFile(SRC_DIR + "nav.bin");
        ^
  symbol:   class NavRoot
  location: class TestNavRoot
/home/travis/build/kaitai-io/ci_targets/tests/spec/java/src/io/kaitai/struct/spec/TestNavRoot.java:11: error: cannot find symbol
        NavRoot r = NavRoot.fromFile(SRC_DIR + "nav.bin");
                    ^
  symbol:   variable NavRoot
  location: class TestNavRoot
3 errors
