/home/travis/build/kaitai-io/ci_targets/tests/spec/java/src/io/kaitai/struct/spec/TestFloatingPoints.java:3: error: cannot find symbol
import io.kaitai.struct.testformats.FloatingPoints;
                                   ^
  symbol:   class FloatingPoints
  location: package io.kaitai.struct.testformats
/home/travis/build/kaitai-io/ci_targets/tests/spec/java/src/io/kaitai/struct/spec/TestFloatingPoints.java:11: error: cannot find symbol
        FloatingPoints fp = FloatingPoints.fromFile(SRC_DIR + "floating_points.bin");
        ^
  symbol:   class FloatingPoints
  location: class TestFloatingPoints
/home/travis/build/kaitai-io/ci_targets/tests/spec/java/src/io/kaitai/struct/spec/TestFloatingPoints.java:11: error: cannot find symbol
        FloatingPoints fp = FloatingPoints.fromFile(SRC_DIR + "floating_points.bin");
                            ^
  symbol:   variable FloatingPoints
  location: class TestFloatingPoints
3 errors
