/home/travis/build/kaitai-io/ci_targets/tests/spec/java/src/io/kaitai/struct/spec/TestImportsRel1.java:3: error: cannot find symbol
import io.kaitai.struct.testformats.ImportsRel1;
                                   ^
  symbol:   class ImportsRel1
  location: package io.kaitai.struct.testformats
/home/travis/build/kaitai-io/ci_targets/tests/spec/java/src/io/kaitai/struct/spec/TestImportsRel1.java:11: error: cannot find symbol
        ImportsRel1 r = ImportsRel1.fromFile(SRC_DIR + "fixed_struct.bin");
        ^
  symbol:   class ImportsRel1
  location: class TestImportsRel1
/home/travis/build/kaitai-io/ci_targets/tests/spec/java/src/io/kaitai/struct/spec/TestImportsRel1.java:11: error: cannot find symbol
        ImportsRel1 r = ImportsRel1.fromFile(SRC_DIR + "fixed_struct.bin");
                        ^
  symbol:   variable ImportsRel1
  location: class TestImportsRel1
3 errors
