/home/travis/build/kaitai-io/ci_targets/tests/spec/java/src/io/kaitai/struct/spec/TestTermStrz.java:3: error: cannot find symbol
import io.kaitai.struct.testformats.TermStrz;
                                   ^
  symbol:   class TermStrz
  location: package io.kaitai.struct.testformats
/home/travis/build/kaitai-io/ci_targets/tests/spec/java/src/io/kaitai/struct/spec/TestTermStrz.java:11: error: cannot find symbol
        TermStrz r = TermStrz.fromFile(SRC_DIR + "term_strz.bin");
        ^
  symbol:   class TermStrz
  location: class TestTermStrz
/home/travis/build/kaitai-io/ci_targets/tests/spec/java/src/io/kaitai/struct/spec/TestTermStrz.java:11: error: cannot find symbol
        TermStrz r = TermStrz.fromFile(SRC_DIR + "term_strz.bin");
                     ^
  symbol:   variable TermStrz
  location: class TestTermStrz
3 errors
