/home/travis/build/kaitai-io/ci_targets/tests/spec/java/src/io/kaitai/struct/spec/TestExpr1.java:3: error: cannot find symbol
import io.kaitai.struct.testformats.Expr1;
                                   ^
  symbol:   class Expr1
  location: package io.kaitai.struct.testformats
/home/travis/build/kaitai-io/ci_targets/tests/spec/java/src/io/kaitai/struct/spec/TestExpr1.java:11: error: cannot find symbol
        Expr1 r = Expr1.fromFile(SRC_DIR + "str_encodings.bin");
        ^
  symbol:   class Expr1
  location: class TestExpr1
/home/travis/build/kaitai-io/ci_targets/tests/spec/java/src/io/kaitai/struct/spec/TestExpr1.java:11: error: cannot find symbol
        Expr1 r = Expr1.fromFile(SRC_DIR + "str_encodings.bin");
                  ^
  symbol:   variable Expr1
  location: class TestExpr1
3 errors
