/home/travis/build/kaitai-io/ci_targets/tests/spec/java/src/io/kaitai/struct/spec/TestNavParent3.java:3: error: cannot find symbol
import io.kaitai.struct.testformats.NavParent3;
                                   ^
  symbol:   class NavParent3
  location: package io.kaitai.struct.testformats
/home/travis/build/kaitai-io/ci_targets/tests/spec/java/src/io/kaitai/struct/spec/TestNavParent3.java:11: error: cannot find symbol
        NavParent3 r = NavParent3.fromFile(SRC_DIR + "nav_parent2.bin");
        ^
  symbol:   class NavParent3
  location: class TestNavParent3
/home/travis/build/kaitai-io/ci_targets/tests/spec/java/src/io/kaitai/struct/spec/TestNavParent3.java:11: error: cannot find symbol
        NavParent3 r = NavParent3.fromFile(SRC_DIR + "nav_parent2.bin");
                       ^
  symbol:   variable NavParent3
  location: class TestNavParent3
3 errors
