/home/travis/build/kaitai-io/ci_targets/tests/spec/java/src/io/kaitai/struct/spec/TestImportsAbsAbs.java:3: error: cannot find symbol
import io.kaitai.struct.testformats.ImportsAbsAbs;
                                   ^
  symbol:   class ImportsAbsAbs
  location: package io.kaitai.struct.testformats
/home/travis/build/kaitai-io/ci_targets/tests/spec/java/src/io/kaitai/struct/spec/TestImportsAbsAbs.java:11: error: cannot find symbol
        ImportsAbsAbs r = ImportsAbsAbs.fromFile(SRC_DIR + "fixed_struct.bin");
        ^
  symbol:   class ImportsAbsAbs
  location: class TestImportsAbsAbs
/home/travis/build/kaitai-io/ci_targets/tests/spec/java/src/io/kaitai/struct/spec/TestImportsAbsAbs.java:11: error: cannot find symbol
        ImportsAbsAbs r = ImportsAbsAbs.fromFile(SRC_DIR + "fixed_struct.bin");
                          ^
  symbol:   variable ImportsAbsAbs
  location: class TestImportsAbsAbs
3 errors
