/home/travis/build/kaitai-io/ci_targets/tests/spec/java/src/io/kaitai/struct/spec/TestExprIoEof.java:3: error: cannot find symbol
import io.kaitai.struct.testformats.ExprIoEof;
                                   ^
  symbol:   class ExprIoEof
  location: package io.kaitai.struct.testformats
/home/travis/build/kaitai-io/ci_targets/tests/spec/java/src/io/kaitai/struct/spec/TestExprIoEof.java:12: error: cannot find symbol
        ExprIoEof r = ExprIoEof.fromFile(SRC_DIR + "fixed_struct.bin");
        ^
  symbol:   class ExprIoEof
  location: class TestExprIoEof
/home/travis/build/kaitai-io/ci_targets/tests/spec/java/src/io/kaitai/struct/spec/TestExprIoEof.java:12: error: cannot find symbol
        ExprIoEof r = ExprIoEof.fromFile(SRC_DIR + "fixed_struct.bin");
                      ^
  symbol:   variable ExprIoEof
  location: class TestExprIoEof
3 errors
