/home/travis/build/kaitai-io/ci_targets/tests/spec/java/src/io/kaitai/struct/spec/TestStrEncodings.java:3: error: cannot find symbol
import io.kaitai.struct.testformats.StrEncodings;
                                   ^
  symbol:   class StrEncodings
  location: package io.kaitai.struct.testformats
/home/travis/build/kaitai-io/ci_targets/tests/spec/java/src/io/kaitai/struct/spec/TestStrEncodings.java:11: error: cannot find symbol
        StrEncodings r = StrEncodings.fromFile(SRC_DIR + "str_encodings.bin");
        ^
  symbol:   class StrEncodings
  location: class TestStrEncodings
/home/travis/build/kaitai-io/ci_targets/tests/spec/java/src/io/kaitai/struct/spec/TestStrEncodings.java:11: error: cannot find symbol
        StrEncodings r = StrEncodings.fromFile(SRC_DIR + "str_encodings.bin");
                         ^
  symbol:   variable StrEncodings
  location: class TestStrEncodings
3 errors
