/home/travis/build/kaitai-io/ci_targets/tests/spec/java/src/io/kaitai/struct/spec/TestEnumToI.java:3: error: cannot find symbol
import io.kaitai.struct.testformats.EnumToI;
                                   ^
  symbol:   class EnumToI
  location: package io.kaitai.struct.testformats
/home/travis/build/kaitai-io/ci_targets/tests/spec/java/src/io/kaitai/struct/spec/TestEnumToI.java:11: error: cannot find symbol
        EnumToI r = EnumToI.fromFile(SRC_DIR + "enum_0.bin");
        ^
  symbol:   class EnumToI
  location: class TestEnumToI
/home/travis/build/kaitai-io/ci_targets/tests/spec/java/src/io/kaitai/struct/spec/TestEnumToI.java:11: error: cannot find symbol
        EnumToI r = EnumToI.fromFile(SRC_DIR + "enum_0.bin");
                    ^
  symbol:   variable EnumToI
  location: class TestEnumToI
/home/travis/build/kaitai-io/ci_targets/tests/spec/java/src/io/kaitai/struct/spec/TestEnumToI.java:13: error: package EnumToI does not exist
        assertEquals(r.pet1(), EnumToI.Animal.CAT);
                                      ^
/home/travis/build/kaitai-io/ci_targets/tests/spec/java/src/io/kaitai/struct/spec/TestEnumToI.java:14: error: package EnumToI does not exist
        assertEquals(r.pet2(), EnumToI.Animal.CHICKEN);
                                      ^
5 errors
