/home/travis/build/kaitai-io/ci_targets/tests/spec/java/src/io/kaitai/struct/spec/TestEnum1.java:3: error: cannot find symbol
import io.kaitai.struct.testformats.Enum1;
                                   ^
  symbol:   class Enum1
  location: package io.kaitai.struct.testformats
/home/travis/build/kaitai-io/ci_targets/tests/spec/java/src/io/kaitai/struct/spec/TestEnum1.java:11: error: cannot find symbol
        Enum1 r = Enum1.fromFile(SRC_DIR + "enum_0.bin");
        ^
  symbol:   class Enum1
  location: class TestEnum1
/home/travis/build/kaitai-io/ci_targets/tests/spec/java/src/io/kaitai/struct/spec/TestEnum1.java:11: error: cannot find symbol
        Enum1 r = Enum1.fromFile(SRC_DIR + "enum_0.bin");
                  ^
  symbol:   variable Enum1
  location: class TestEnum1
/home/travis/build/kaitai-io/ci_targets/tests/spec/java/src/io/kaitai/struct/spec/TestEnum1.java:13: error: package Enum1.MainObj does not exist
        assertEquals(r.main().submain().pet1(), Enum1.MainObj.Animal.CAT);
                                                             ^
/home/travis/build/kaitai-io/ci_targets/tests/spec/java/src/io/kaitai/struct/spec/TestEnum1.java:14: error: package Enum1.MainObj does not exist
        assertEquals(r.main().submain().pet2(), Enum1.MainObj.Animal.CHICKEN);
                                                             ^
5 errors
