/home/travis/build/kaitai-io/ci_targets/tests/spec/java/src/io/kaitai/struct/spec/TestNavParent2.java:3: error: cannot find symbol
import io.kaitai.struct.testformats.NavParent2;
                                   ^
  symbol:   class NavParent2
  location: package io.kaitai.struct.testformats
/home/travis/build/kaitai-io/ci_targets/tests/spec/java/src/io/kaitai/struct/spec/TestNavParent2.java:11: error: cannot find symbol
        NavParent2 r = NavParent2.fromFile(SRC_DIR + "nav_parent2.bin");
        ^
  symbol:   class NavParent2
  location: class TestNavParent2
/home/travis/build/kaitai-io/ci_targets/tests/spec/java/src/io/kaitai/struct/spec/TestNavParent2.java:11: error: cannot find symbol
        NavParent2 r = NavParent2.fromFile(SRC_DIR + "nav_parent2.bin");
                       ^
  symbol:   variable NavParent2
  location: class TestNavParent2
3 errors
