/home/travis/build/kaitai-io/ci_targets/tests/spec/java/src/io/kaitai/struct/spec/TestDefaultEndianMod.java:3: error: cannot find symbol
import io.kaitai.struct.testformats.DefaultEndianMod;
                                   ^
  symbol:   class DefaultEndianMod
  location: package io.kaitai.struct.testformats
/home/travis/build/kaitai-io/ci_targets/tests/spec/java/src/io/kaitai/struct/spec/TestDefaultEndianMod.java:11: error: cannot find symbol
        DefaultEndianMod r = DefaultEndianMod.fromFile(SRC_DIR + "fixed_struct.bin");
        ^
  symbol:   class DefaultEndianMod
  location: class TestDefaultEndianMod
/home/travis/build/kaitai-io/ci_targets/tests/spec/java/src/io/kaitai/struct/spec/TestDefaultEndianMod.java:11: error: cannot find symbol
        DefaultEndianMod r = DefaultEndianMod.fromFile(SRC_DIR + "fixed_struct.bin");
                             ^
  symbol:   variable DefaultEndianMod
  location: class TestDefaultEndianMod
3 errors
