/home/travis/build/kaitai-io/ci_targets/tests/spec/java/src/io/kaitai/struct/spec/TestRepeatNStruct.java:3: error: cannot find symbol
import io.kaitai.struct.testformats.RepeatNStruct;
                                   ^
  symbol:   class RepeatNStruct
  location: package io.kaitai.struct.testformats
/home/travis/build/kaitai-io/ci_targets/tests/spec/java/src/io/kaitai/struct/spec/TestRepeatNStruct.java:11: error: cannot find symbol
        RepeatNStruct r = RepeatNStruct.fromFile(SRC_DIR + "repeat_n_struct.bin");
        ^
  symbol:   class RepeatNStruct
  location: class TestRepeatNStruct
/home/travis/build/kaitai-io/ci_targets/tests/spec/java/src/io/kaitai/struct/spec/TestRepeatNStruct.java:11: error: cannot find symbol
        RepeatNStruct r = RepeatNStruct.fromFile(SRC_DIR + "repeat_n_struct.bin");
                          ^
  symbol:   variable RepeatNStruct
  location: class TestRepeatNStruct
3 errors
