/home/travis/build/kaitai-io/ci_targets/tests/spec/java/src/io/kaitai/struct/spec/TestExpr2.java:3: error: cannot find symbol
import io.kaitai.struct.testformats.Expr2;
                                   ^
  symbol:   class Expr2
  location: package io.kaitai.struct.testformats
/home/travis/build/kaitai-io/ci_targets/tests/spec/java/src/io/kaitai/struct/spec/TestExpr2.java:11: error: cannot find symbol
        Expr2 r = Expr2.fromFile(SRC_DIR + "str_encodings.bin");
        ^
  symbol:   class Expr2
  location: class TestExpr2
/home/travis/build/kaitai-io/ci_targets/tests/spec/java/src/io/kaitai/struct/spec/TestExpr2.java:11: error: cannot find symbol
        Expr2 r = Expr2.fromFile(SRC_DIR + "str_encodings.bin");
                  ^
  symbol:   variable Expr2
  location: class TestExpr2
3 errors
