/home/travis/build/kaitai-io/ci_targets/tests/spec/java/src/io/kaitai/struct/spec/TestImportsAbs.java:3: error: cannot find symbol
import io.kaitai.struct.testformats.ImportsAbs;
                                   ^
  symbol:   class ImportsAbs
  location: package io.kaitai.struct.testformats
/home/travis/build/kaitai-io/ci_targets/tests/spec/java/src/io/kaitai/struct/spec/TestImportsAbs.java:11: error: cannot find symbol
        ImportsAbs r = ImportsAbs.fromFile(SRC_DIR + "fixed_struct.bin");
        ^
  symbol:   class ImportsAbs
  location: class TestImportsAbs
/home/travis/build/kaitai-io/ci_targets/tests/spec/java/src/io/kaitai/struct/spec/TestImportsAbs.java:11: error: cannot find symbol
        ImportsAbs r = ImportsAbs.fromFile(SRC_DIR + "fixed_struct.bin");
                       ^
  symbol:   variable ImportsAbs
  location: class TestImportsAbs
3 errors
