<?xml version="1.0" encoding="UTF-8"?>
<testng-results skipped="22" failed="17" total="407" passed="368">
  <reporter-output>
  </reporter-output>
  <suite name="Kaitai Struct Java specs" duration-ms="446" started-at="2026-01-27T23:47:45Z" finished-at="2026-01-27T23:47:46Z">
    <groups>
    </groups>
    <test name="specwrite" duration-ms="446" started-at="2026-01-27T23:47:45Z" finished-at="2026-01-27T23:47:46Z">
      <class name="io.kaitai.struct.specwrite.TestNestedTypeParam">
        <test-method status="PASS" signature="testReadWriteRoundtrip()[pri:0, instance:io.kaitai.struct.specwrite.TestNestedTypeParam@1902ad0f]" name="testReadWriteRoundtrip" duration-ms="0" started-at="2026-01-27T23:47:46Z" finished-at="2026-01-27T23:47:46Z">
          <reporter-output>
          </reporter-output>
        </test-method> <!-- testReadWriteRoundtrip -->
      </class> <!-- io.kaitai.struct.specwrite.TestNestedTypeParam -->
      <class name="io.kaitai.struct.specwrite.TestPositionInSeq">
        <test-method status="PASS" signature="testReadWriteRoundtrip()[pri:0, instance:io.kaitai.struct.specwrite.TestPositionInSeq@42f9b425]" name="testReadWriteRoundtrip" duration-ms="0" started-at="2026-01-27T23:47:45Z" finished-at="2026-01-27T23:47:45Z">
          <reporter-output>
          </reporter-output>
        </test-method> <!-- testReadWriteRoundtrip -->
      </class> <!-- io.kaitai.struct.specwrite.TestPositionInSeq -->
      <class name="io.kaitai.struct.specwrite.TestStrPadTermEmpty">
        <test-method status="PASS" signature="testReadWriteRoundtrip()[pri:0, instance:io.kaitai.struct.specwrite.TestStrPadTermEmpty@44046b0d]" name="testReadWriteRoundtrip" duration-ms="0" started-at="2026-01-27T23:47:46Z" finished-at="2026-01-27T23:47:46Z">
          <reporter-output>
          </reporter-output>
        </test-method> <!-- testReadWriteRoundtrip -->
      </class> <!-- io.kaitai.struct.specwrite.TestStrPadTermEmpty -->
      <class name="io.kaitai.struct.specwrite.TestRepeatNStruct">
        <test-method status="PASS" signature="testReadWriteRoundtrip()[pri:0, instance:io.kaitai.struct.specwrite.TestRepeatNStruct@56511eda]" name="testReadWriteRoundtrip" duration-ms="1" started-at="2026-01-27T23:47:46Z" finished-at="2026-01-27T23:47:46Z">
          <reporter-output>
          </reporter-output>
        </test-method> <!-- testReadWriteRoundtrip -->
      </class> <!-- io.kaitai.struct.specwrite.TestRepeatNStruct -->
      <class name="io.kaitai.struct.specwrite.TestValidFailMaxInt">
        <test-method status="PASS" signature="testCheckBadValidOldIo()[pri:0, instance:io.kaitai.struct.specwrite.TestValidFailMaxInt@1ffe7c42]" name="testCheckBadValidOldIo" duration-ms="0" started-at="2026-01-27T23:47:45Z" finished-at="2026-01-27T23:47:45Z">
          <reporter-output>
          </reporter-output>
        </test-method> <!-- testCheckBadValidOldIo -->
        <test-method status="PASS" signature="testCheckBadValidNoIo()[pri:0, instance:io.kaitai.struct.specwrite.TestValidFailMaxInt@1ffe7c42]" name="testCheckBadValidNoIo" duration-ms="0" started-at="2026-01-27T23:47:45Z" finished-at="2026-01-27T23:47:45Z">
          <reporter-output>
          </reporter-output>
        </test-method> <!-- testCheckBadValidNoIo -->
        <test-method status="SKIP" signature="testReadWriteRoundtrip()[pri:0, instance:io.kaitai.struct.specwrite.TestValidFailMaxInt@1ffe7c42]" name="testReadWriteRoundtrip" duration-ms="0" started-at="2026-01-27T23:47:45Z" finished-at="2026-01-27T23:47:45Z">
          <exception class="org.testng.SkipException">
            <message>
              <![CDATA[cannot use roundtrip because parsing is expected to fail]]>
            </message>
            <full-stacktrace>
              <![CDATA[org.testng.SkipException: cannot use roundtrip because parsing is expected to fail
	at io.kaitai.struct.specwrite.TestValidFailMaxInt.testReadWriteRoundtrip(TestValidFailMaxInt.java:24)
	at sun.reflect.NativeMethodAccessorImpl.invoke0(Native Method)
	at sun.reflect.NativeMethodAccessorImpl.invoke(NativeMethodAccessorImpl.java:62)
	at sun.reflect.DelegatingMethodAccessorImpl.invoke(DelegatingMethodAccessorImpl.java:43)
	at java.lang.reflect.Method.invoke(Method.java:498)
	at org.testng.internal.MethodInvocationHelper.invokeMethod(MethodInvocationHelper.java:86)
	at org.testng.internal.Invoker.invokeMethod(Invoker.java:643)
	at org.testng.internal.Invoker.invokeTestMethod(Invoker.java:820)
	at org.testng.internal.Invoker.invokeTestMethods(Invoker.java:1128)
	at org.testng.internal.TestMethodWorker.invokeTestMethods(TestMethodWorker.java:129)
	at org.testng.internal.TestMethodWorker.run(TestMethodWorker.java:112)
	at org.testng.TestRunner.privateRun(TestRunner.java:782)
	at org.testng.TestRunner.run(TestRunner.java:632)
	at org.testng.SuiteRunner.runTest(SuiteRunner.java:366)
	at org.testng.SuiteRunner.runSequentially(SuiteRunner.java:361)
	at org.testng.SuiteRunner.privateRun(SuiteRunner.java:319)
	at org.testng.SuiteRunner.run(SuiteRunner.java:268)
	at org.testng.SuiteRunnerWorker.runSuite(SuiteRunnerWorker.java:52)
	at org.testng.SuiteRunnerWorker.run(SuiteRunnerWorker.java:86)
	at org.testng.TestNG.runSuitesSequentially(TestNG.java:1244)
	at org.testng.TestNG.runSuitesLocally(TestNG.java:1169)
	at org.testng.TestNG.run(TestNG.java:1064)
	at org.testng.TestNG.privateMain(TestNG.java:1385)
	at org.testng.TestNG.main(TestNG.java:1354)
]]>
            </full-stacktrace>
          </exception> <!-- org.testng.SkipException -->
          <reporter-output>
          </reporter-output>
        </test-method> <!-- testReadWriteRoundtrip -->
      </class> <!-- io.kaitai.struct.specwrite.TestValidFailMaxInt -->
      <class name="io.kaitai.struct.specwrite.TestDebug0">
        <test-method status="PASS" signature="testReadWriteRoundtrip()[pri:0, instance:io.kaitai.struct.specwrite.TestDebug0@4ad04b05]" name="testReadWriteRoundtrip" duration-ms="0" started-at="2026-01-27T23:47:46Z" finished-at="2026-01-27T23:47:46Z">
          <reporter-output>
          </reporter-output>
        </test-method> <!-- testReadWriteRoundtrip -->
      </class> <!-- io.kaitai.struct.specwrite.TestDebug0 -->
      <class name="io.kaitai.struct.specwrite.TestExprSizeofValueSized">
        <test-method status="PASS" signature="testReadWriteRoundtrip()[pri:0, instance:io.kaitai.struct.specwrite.TestExprSizeofValueSized@1c65740a]" name="testReadWriteRoundtrip" duration-ms="2" started-at="2026-01-27T23:47:46Z" finished-at="2026-01-27T23:47:46Z">
          <reporter-output>
          </reporter-output>
        </test-method> <!-- testReadWriteRoundtrip -->
      </class> <!-- io.kaitai.struct.specwrite.TestExprSizeofValueSized -->
      <class name="io.kaitai.struct.specwrite.TestRepeatEosTermStruct">
        <test-method status="PASS" signature="testReadWriteRoundtrip()[pri:0, instance:io.kaitai.struct.specwrite.TestRepeatEosTermStruct@c42ee90]" name="testReadWriteRoundtrip" duration-ms="1" started-at="2026-01-27T23:47:46Z" finished-at="2026-01-27T23:47:46Z">
          <reporter-output>
          </reporter-output>
        </test-method> <!-- testReadWriteRoundtrip -->
      </class> <!-- io.kaitai.struct.specwrite.TestRepeatEosTermStruct -->
      <class name="io.kaitai.struct.specwrite.TestExprBytesOps">
        <test-method status="PASS" signature="testReadWriteRoundtrip()[pri:0, instance:io.kaitai.struct.specwrite.TestExprBytesOps@7f88c53]" name="testReadWriteRoundtrip" duration-ms="0" started-at="2026-01-27T23:47:46Z" finished-at="2026-01-27T23:47:46Z">
          <reporter-output>
          </reporter-output>
        </test-method> <!-- testReadWriteRoundtrip -->
      </class> <!-- io.kaitai.struct.specwrite.TestExprBytesOps -->
      <class name="io.kaitai.struct.specwrite.TestNavParentOverride">
        <test-method status="PASS" signature="testReadWriteRoundtrip()[pri:0, instance:io.kaitai.struct.specwrite.TestNavParentOverride@4ec28534]" name="testReadWriteRoundtrip" duration-ms="1" started-at="2026-01-27T23:47:45Z" finished-at="2026-01-27T23:47:45Z">
          <reporter-output>
          </reporter-output>
        </test-method> <!-- testReadWriteRoundtrip -->
      </class> <!-- io.kaitai.struct.specwrite.TestNavParentOverride -->
      <class name="io.kaitai.struct.specwrite.TestParamsPassArrayStr">
        <test-method status="PASS" signature="testReadWriteRoundtrip()[pri:0, instance:io.kaitai.struct.specwrite.TestParamsPassArrayStr@4f50e974]" name="testReadWriteRoundtrip" duration-ms="1" started-at="2026-01-27T23:47:46Z" finished-at="2026-01-27T23:47:46Z">
          <reporter-output>
          </reporter-output>
        </test-method> <!-- testReadWriteRoundtrip -->
      </class> <!-- io.kaitai.struct.specwrite.TestParamsPassArrayStr -->
      <class name="io.kaitai.struct.specwrite.TestSwitchManualIntElse">
        <test-method status="PASS" signature="testReadWriteRoundtrip()[pri:0, instance:io.kaitai.struct.specwrite.TestSwitchManualIntElse@183e8c8a]" name="testReadWriteRoundtrip" duration-ms="2" started-at="2026-01-27T23:47:46Z" finished-at="2026-01-27T23:47:46Z">
          <reporter-output>
          </reporter-output>
        </test-method> <!-- testReadWriteRoundtrip -->
      </class> <!-- io.kaitai.struct.specwrite.TestSwitchManualIntElse -->
      <class name="io.kaitai.struct.specwrite.TestUserType">
        <test-method status="PASS" signature="testReadWriteRoundtrip()[pri:0, instance:io.kaitai.struct.specwrite.TestUserType@77217c17]" name="testReadWriteRoundtrip" duration-ms="0" started-at="2026-01-27T23:47:46Z" finished-at="2026-01-27T23:47:46Z">
          <reporter-output>
          </reporter-output>
        </test-method> <!-- testReadWriteRoundtrip -->
      </class> <!-- io.kaitai.struct.specwrite.TestUserType -->
      <class name="io.kaitai.struct.specwrite.TestTermStrz">
        <test-method status="PASS" signature="testReadWriteRoundtrip()[pri:0, instance:io.kaitai.struct.specwrite.TestTermStrz@31fc1b6e]" name="testReadWriteRoundtrip" duration-ms="1" started-at="2026-01-27T23:47:46Z" finished-at="2026-01-27T23:47:46Z">
          <reporter-output>
          </reporter-output>
        </test-method> <!-- testReadWriteRoundtrip -->
      </class> <!-- io.kaitai.struct.specwrite.TestTermStrz -->
      <class name="io.kaitai.struct.specwrite.TestEnumFancy">
        <test-method status="PASS" signature="testReadWriteRoundtrip()[pri:0, instance:io.kaitai.struct.specwrite.TestEnumFancy@63bb52ea]" name="testReadWriteRoundtrip" duration-ms="0" started-at="2026-01-27T23:47:45Z" finished-at="2026-01-27T23:47:45Z">
          <reporter-output>
          </reporter-output>
        </test-method> <!-- testReadWriteRoundtrip -->
      </class> <!-- io.kaitai.struct.specwrite.TestEnumFancy -->
      <class name="io.kaitai.struct.specwrite.TestFloatToI">
        <test-method status="PASS" signature="testReadWriteRoundtrip()[pri:0, instance:io.kaitai.struct.specwrite.TestFloatToI@3d268a2c]" name="testReadWriteRoundtrip" duration-ms="1" started-at="2026-01-27T23:47:45Z" finished-at="2026-01-27T23:47:46Z">
          <reporter-output>
          </reporter-output>
        </test-method> <!-- testReadWriteRoundtrip -->
      </class> <!-- io.kaitai.struct.specwrite.TestFloatToI -->
      <class name="io.kaitai.struct.specwrite.TestDocstringsDocrefMulti">
        <test-method status="PASS" signature="testReadWriteRoundtrip()[pri:0, instance:io.kaitai.struct.specwrite.TestDocstringsDocrefMulti@76ecbfbf]" name="testReadWriteRoundtrip" duration-ms="1" started-at="2026-01-27T23:47:46Z" finished-at="2026-01-27T23:47:46Z">
          <reporter-output>
          </reporter-output>
        </test-method> <!-- testReadWriteRoundtrip -->
      </class> <!-- io.kaitai.struct.specwrite.TestDocstringsDocrefMulti -->
      <class name="io.kaitai.struct.specwrite.TestEosExceptionBytes">
        <test-method status="PASS" signature="testEosExceptionBytes()[pri:0, instance:io.kaitai.struct.specwrite.TestEosExceptionBytes@d319d2c]" name="testEosExceptionBytes" duration-ms="1" started-at="2026-01-27T23:47:46Z" finished-at="2026-01-27T23:47:46Z">
          <exception class="java.nio.BufferOverflowException">
            <full-stacktrace>
              <![CDATA[java.nio.BufferOverflowException
	at java.nio.HeapByteBuffer.put(HeapByteBuffer.java:194)
	at java.nio.ByteBuffer.put(ByteBuffer.java:867)
	at io.kaitai.struct.ByteBufferKaitaiStream.writeBytesNotAligned(ByteBufferKaitaiStream.java:597)
	at io.kaitai.struct.KaitaiStream.writeBytes(KaitaiStream.java:661)
	at io.kaitai.struct.testwrite.EosExceptionBytes$Data._write_Seq(EosExceptionBytes.java:104)
	at io.kaitai.struct.KaitaiStruct$ReadWrite._write_Seq(KaitaiStruct.java:88)
	at io.kaitai.struct.testwrite.EosExceptionBytes._write_Seq(EosExceptionBytes.java:63)
	at io.kaitai.struct.KaitaiStruct$ReadWrite._write(KaitaiStruct.java:76)
	at io.kaitai.struct.KaitaiStruct$ReadWrite._write(KaitaiStruct.java:83)
	at io.kaitai.struct.specwrite.TestEosExceptionBytes.testEosExceptionBytes(TestEosExceptionBytes.java:39)
	at sun.reflect.NativeMethodAccessorImpl.invoke0(Native Method)
	at sun.reflect.NativeMethodAccessorImpl.invoke(NativeMethodAccessorImpl.java:62)
	at sun.reflect.DelegatingMethodAccessorImpl.invoke(DelegatingMethodAccessorImpl.java:43)
	at java.lang.reflect.Method.invoke(Method.java:498)
	at org.testng.internal.MethodInvocationHelper.invokeMethod(MethodInvocationHelper.java:86)
	at org.testng.internal.Invoker.invokeMethod(Invoker.java:643)
	at org.testng.internal.Invoker.invokeTestMethod(Invoker.java:820)
	at org.testng.internal.Invoker.invokeTestMethods(Invoker.java:1128)
	at org.testng.internal.TestMethodWorker.invokeTestMethods(TestMethodWorker.java:129)
	at org.testng.internal.TestMethodWorker.run(TestMethodWorker.java:112)
	at org.testng.TestRunner.privateRun(TestRunner.java:782)
	at org.testng.TestRunner.run(TestRunner.java:632)
	at org.testng.SuiteRunner.runTest(SuiteRunner.java:366)
	at org.testng.SuiteRunner.runSequentially(SuiteRunner.java:361)
	at org.testng.SuiteRunner.privateRun(SuiteRunner.java:319)
	at org.testng.SuiteRunner.run(SuiteRunner.java:268)
	at org.testng.SuiteRunnerWorker.runSuite(SuiteRunnerWorker.java:52)
	at org.testng.SuiteRunnerWorker.run(SuiteRunnerWorker.java:86)
	at org.testng.TestNG.runSuitesSequentially(TestNG.java:1244)
	at org.testng.TestNG.runSuitesLocally(TestNG.java:1169)
	at org.testng.TestNG.run(TestNG.java:1064)
	at org.testng.TestNG.privateMain(TestNG.java:1385)
	at org.testng.TestNG.main(TestNG.java:1354)
]]>
            </full-stacktrace>
          </exception> <!-- java.nio.BufferOverflowException -->
          <reporter-output>
          </reporter-output>
        </test-method> <!-- testEosExceptionBytes -->
        <test-method status="SKIP" signature="testReadWriteRoundtrip()[pri:0, instance:io.kaitai.struct.specwrite.TestEosExceptionBytes@d319d2c]" name="testReadWriteRoundtrip" duration-ms="0" started-at="2026-01-27T23:47:46Z" finished-at="2026-01-27T23:47:46Z">
          <exception class="org.testng.SkipException">
            <message>
              <![CDATA[cannot use roundtrip because parsing is expected to fail]]>
            </message>
            <full-stacktrace>
              <![CDATA[org.testng.SkipException: cannot use roundtrip because parsing is expected to fail
	at io.kaitai.struct.specwrite.TestEosExceptionBytes.testReadWriteRoundtrip(TestEosExceptionBytes.java:24)
	at sun.reflect.NativeMethodAccessorImpl.invoke0(Native Method)
	at sun.reflect.NativeMethodAccessorImpl.invoke(NativeMethodAccessorImpl.java:62)
	at sun.reflect.DelegatingMethodAccessorImpl.invoke(DelegatingMethodAccessorImpl.java:43)
	at java.lang.reflect.Method.invoke(Method.java:498)
	at org.testng.internal.MethodInvocationHelper.invokeMethod(MethodInvocationHelper.java:86)
	at org.testng.internal.Invoker.invokeMethod(Invoker.java:643)
	at org.testng.internal.Invoker.invokeTestMethod(Invoker.java:820)
	at org.testng.internal.Invoker.invokeTestMethods(Invoker.java:1128)
	at org.testng.internal.TestMethodWorker.invokeTestMethods(TestMethodWorker.java:129)
	at org.testng.internal.TestMethodWorker.run(TestMethodWorker.java:112)
	at org.testng.TestRunner.privateRun(TestRunner.java:782)
	at org.testng.TestRunner.run(TestRunner.java:632)
	at org.testng.SuiteRunner.runTest(SuiteRunner.java:366)
	at org.testng.SuiteRunner.runSequentially(SuiteRunner.java:361)
	at org.testng.SuiteRunner.privateRun(SuiteRunner.java:319)
	at org.testng.SuiteRunner.run(SuiteRunner.java:268)
	at org.testng.SuiteRunnerWorker.runSuite(SuiteRunnerWorker.java:52)
	at org.testng.SuiteRunnerWorker.run(SuiteRunnerWorker.java:86)
	at org.testng.TestNG.runSuitesSequentially(TestNG.java:1244)
	at org.testng.TestNG.runSuitesLocally(TestNG.java:1169)
	at org.testng.TestNG.run(TestNG.java:1064)
	at org.testng.TestNG.privateMain(TestNG.java:1385)
	at org.testng.TestNG.main(TestNG.java:1354)
]]>
            </full-stacktrace>
          </exception> <!-- org.testng.SkipException -->
          <reporter-output>
          </reporter-output>
        </test-method> <!-- testReadWriteRoundtrip -->
      </class> <!-- io.kaitai.struct.specwrite.TestEosExceptionBytes -->
      <class name="io.kaitai.struct.specwrite.TestHelloWorld">
        <test-method status="PASS" signature="testReadWriteRoundtrip()[pri:0, instance:io.kaitai.struct.specwrite.TestHelloWorld@5f59b6c5]" name="testReadWriteRoundtrip" duration-ms="0" started-at="2026-01-27T23:47:46Z" finished-at="2026-01-27T23:47:46Z">
          <reporter-output>
          </reporter-output>
        </test-method> <!-- testReadWriteRoundtrip -->
      </class> <!-- io.kaitai.struct.specwrite.TestHelloWorld -->
      <class name="io.kaitai.struct.specwrite.TestStrLiterals2">
        <test-method status="PASS" signature="testReadWriteRoundtrip()[pri:0, instance:io.kaitai.struct.specwrite.TestStrLiterals2@2f318251]" name="testReadWriteRoundtrip" duration-ms="0" started-at="2026-01-27T23:47:45Z" finished-at="2026-01-27T23:47:45Z">
          <reporter-output>
          </reporter-output>
        </test-method> <!-- testReadWriteRoundtrip -->
      </class> <!-- io.kaitai.struct.specwrite.TestStrLiterals2 -->
      <class name="io.kaitai.struct.specwrite.TestParamsPassArrayUsertype">
        <test-method status="PASS" signature="testReadWriteRoundtrip()[pri:0, instance:io.kaitai.struct.specwrite.TestParamsPassArrayUsertype@64dbb343]" name="testReadWriteRoundtrip" duration-ms="1" started-at="2026-01-27T23:47:46Z" finished-at="2026-01-27T23:47:46Z">
          <reporter-output>
          </reporter-output>
        </test-method> <!-- testReadWriteRoundtrip -->
      </class> <!-- io.kaitai.struct.specwrite.TestParamsPassArrayUsertype -->
      <class name="io.kaitai.struct.specwrite.TestEosExceptionU4">
        <test-method status="PASS" signature="testEosExceptionU4()[pri:0, instance:io.kaitai.struct.specwrite.TestEosExceptionU4@74cd82f1]" name="testEosExceptionU4" duration-ms="0" started-at="2026-01-27T23:47:45Z" finished-at="2026-01-27T23:47:45Z">
          <exception class="java.nio.BufferOverflowException">
            <full-stacktrace>
              <![CDATA[java.nio.BufferOverflowException
	at java.nio.Buffer.nextPutIndex(Buffer.java:533)
	at java.nio.HeapByteBuffer.putInt(HeapByteBuffer.java:386)
	at io.kaitai.struct.ByteBufferKaitaiStream.writeS4le(ByteBufferKaitaiStream.java:537)
	at io.kaitai.struct.KaitaiStream.writeU4le(KaitaiStream.java:470)
	at io.kaitai.struct.testwrite.EosExceptionU4$Data._write_Seq(EosExceptionU4.java:106)
	at io.kaitai.struct.KaitaiStruct$ReadWrite._write_Seq(KaitaiStruct.java:88)
	at io.kaitai.struct.testwrite.EosExceptionU4._write_Seq(EosExceptionU4.java:63)
	at io.kaitai.struct.KaitaiStruct$ReadWrite._write(KaitaiStruct.java:76)
	at io.kaitai.struct.KaitaiStruct$ReadWrite._write(KaitaiStruct.java:83)
	at io.kaitai.struct.specwrite.TestEosExceptionU4.testEosExceptionU4(TestEosExceptionU4.java:40)
	at sun.reflect.NativeMethodAccessorImpl.invoke0(Native Method)
	at sun.reflect.NativeMethodAccessorImpl.invoke(NativeMethodAccessorImpl.java:62)
	at sun.reflect.DelegatingMethodAccessorImpl.invoke(DelegatingMethodAccessorImpl.java:43)
	at java.lang.reflect.Method.invoke(Method.java:498)
	at org.testng.internal.MethodInvocationHelper.invokeMethod(MethodInvocationHelper.java:86)
	at org.testng.internal.Invoker.invokeMethod(Invoker.java:643)
	at org.testng.internal.Invoker.invokeTestMethod(Invoker.java:820)
	at org.testng.internal.Invoker.invokeTestMethods(Invoker.java:1128)
	at org.testng.internal.TestMethodWorker.invokeTestMethods(TestMethodWorker.java:129)
	at org.testng.internal.TestMethodWorker.run(TestMethodWorker.java:112)
	at org.testng.TestRunner.privateRun(TestRunner.java:782)
	at org.testng.TestRunner.run(TestRunner.java:632)
	at org.testng.SuiteRunner.runTest(SuiteRunner.java:366)
	at org.testng.SuiteRunner.runSequentially(SuiteRunner.java:361)
	at org.testng.SuiteRunner.privateRun(SuiteRunner.java:319)
	at org.testng.SuiteRunner.run(SuiteRunner.java:268)
	at org.testng.SuiteRunnerWorker.runSuite(SuiteRunnerWorker.java:52)
	at org.testng.SuiteRunnerWorker.run(SuiteRunnerWorker.java:86)
	at org.testng.TestNG.runSuitesSequentially(TestNG.java:1244)
	at org.testng.TestNG.runSuitesLocally(TestNG.java:1169)
	at org.testng.TestNG.run(TestNG.java:1064)
	at org.testng.TestNG.privateMain(TestNG.java:1385)
	at org.testng.TestNG.main(TestNG.java:1354)
]]>
            </full-stacktrace>
          </exception> <!-- java.nio.BufferOverflowException -->
          <reporter-output>
          </reporter-output>
        </test-method> <!-- testEosExceptionU4 -->
        <test-method status="SKIP" signature="testReadWriteRoundtrip()[pri:0, instance:io.kaitai.struct.specwrite.TestEosExceptionU4@74cd82f1]" name="testReadWriteRoundtrip" duration-ms="0" started-at="2026-01-27T23:47:45Z" finished-at="2026-01-27T23:47:45Z">
          <exception class="org.testng.SkipException">
            <message>
              <![CDATA[cannot use roundtrip because parsing is expected to fail]]>
            </message>
            <full-stacktrace>
              <![CDATA[org.testng.SkipException: cannot use roundtrip because parsing is expected to fail
	at io.kaitai.struct.specwrite.TestEosExceptionU4.testReadWriteRoundtrip(TestEosExceptionU4.java:24)
	at sun.reflect.NativeMethodAccessorImpl.invoke0(Native Method)
	at sun.reflect.NativeMethodAccessorImpl.invoke(NativeMethodAccessorImpl.java:62)
	at sun.reflect.DelegatingMethodAccessorImpl.invoke(DelegatingMethodAccessorImpl.java:43)
	at java.lang.reflect.Method.invoke(Method.java:498)
	at org.testng.internal.MethodInvocationHelper.invokeMethod(MethodInvocationHelper.java:86)
	at org.testng.internal.Invoker.invokeMethod(Invoker.java:643)
	at org.testng.internal.Invoker.invokeTestMethod(Invoker.java:820)
	at org.testng.internal.Invoker.invokeTestMethods(Invoker.java:1128)
	at org.testng.internal.TestMethodWorker.invokeTestMethods(TestMethodWorker.java:129)
	at org.testng.internal.TestMethodWorker.run(TestMethodWorker.java:112)
	at org.testng.TestRunner.privateRun(TestRunner.java:782)
	at org.testng.TestRunner.run(TestRunner.java:632)
	at org.testng.SuiteRunner.runTest(SuiteRunner.java:366)
	at org.testng.SuiteRunner.runSequentially(SuiteRunner.java:361)
	at org.testng.SuiteRunner.privateRun(SuiteRunner.java:319)
	at org.testng.SuiteRunner.run(SuiteRunner.java:268)
	at org.testng.SuiteRunnerWorker.runSuite(SuiteRunnerWorker.java:52)
	at org.testng.SuiteRunnerWorker.run(SuiteRunnerWorker.java:86)
	at org.testng.TestNG.runSuitesSequentially(TestNG.java:1244)
	at org.testng.TestNG.runSuitesLocally(TestNG.java:1169)
	at org.testng.TestNG.run(TestNG.java:1064)
	at org.testng.TestNG.privateMain(TestNG.java:1385)
	at org.testng.TestNG.main(TestNG.java:1354)
]]>
            </full-stacktrace>
          </exception> <!-- org.testng.SkipException -->
          <reporter-output>
          </reporter-output>
        </test-method> <!-- testReadWriteRoundtrip -->
      </class> <!-- io.kaitai.struct.specwrite.TestEosExceptionU4 -->
      <class name="io.kaitai.struct.specwrite.TestParamsPassArrayStruct">
        <test-method status="PASS" signature="testReadWriteRoundtrip()[pri:0, instance:io.kaitai.struct.specwrite.TestParamsPassArrayStruct@265361a]" name="testReadWriteRoundtrip" duration-ms="1" started-at="2026-01-27T23:47:45Z" finished-at="2026-01-27T23:47:45Z">
          <reporter-output>
          </reporter-output>
        </test-method> <!-- testReadWriteRoundtrip -->
      </class> <!-- io.kaitai.struct.specwrite.TestParamsPassArrayStruct -->
      <class name="io.kaitai.struct.specwrite.TestRepeatEosBytesPad">
        <test-method status="PASS" signature="testReadWriteRoundtrip()[pri:0, instance:io.kaitai.struct.specwrite.TestRepeatEosBytesPad@6def1699]" name="testReadWriteRoundtrip" duration-ms="0" started-at="2026-01-27T23:47:45Z" finished-at="2026-01-27T23:47:45Z">
          <reporter-output>
          </reporter-output>
        </test-method> <!-- testReadWriteRoundtrip -->
      </class> <!-- io.kaitai.struct.specwrite.TestRepeatEosBytesPad -->
      <class name="io.kaitai.struct.specwrite.TestStrEncodings">
        <test-method status="PASS" signature="testCheckMismatch()[pri:0, instance:io.kaitai.struct.specwrite.TestStrEncodings@753248f8]" name="testCheckMismatch" duration-ms="1" started-at="2026-01-27T23:47:45Z" finished-at="2026-01-27T23:47:45Z">
          <exception class="io.kaitai.struct.ConsistencyError">
            <message>
              <![CDATA[Check failed: str2, expected: 12, actual: 15]]>
            </message>
            <full-stacktrace>
              <![CDATA[io.kaitai.struct.ConsistencyError: Check failed: str2, expected: 12, actual: 15
	at io.kaitai.struct.testwrite.StrEncodings._check(StrEncodings.java:65)
	at io.kaitai.struct.specwrite.TestStrEncodings.testCheckMismatch(TestStrEncodings.java:47)
	at sun.reflect.NativeMethodAccessorImpl.invoke0(Native Method)
	at sun.reflect.NativeMethodAccessorImpl.invoke(NativeMethodAccessorImpl.java:62)
	at sun.reflect.DelegatingMethodAccessorImpl.invoke(DelegatingMethodAccessorImpl.java:43)
	at java.lang.reflect.Method.invoke(Method.java:498)
	at org.testng.internal.MethodInvocationHelper.invokeMethod(MethodInvocationHelper.java:86)
	at org.testng.internal.Invoker.invokeMethod(Invoker.java:643)
	at org.testng.internal.Invoker.invokeTestMethod(Invoker.java:820)
	at org.testng.internal.Invoker.invokeTestMethods(Invoker.java:1128)
	at org.testng.internal.TestMethodWorker.invokeTestMethods(TestMethodWorker.java:129)
	at org.testng.internal.TestMethodWorker.run(TestMethodWorker.java:112)
	at org.testng.TestRunner.privateRun(TestRunner.java:782)
	at org.testng.TestRunner.run(TestRunner.java:632)
	at org.testng.SuiteRunner.runTest(SuiteRunner.java:366)
	at org.testng.SuiteRunner.runSequentially(SuiteRunner.java:361)
	at org.testng.SuiteRunner.privateRun(SuiteRunner.java:319)
	at org.testng.SuiteRunner.run(SuiteRunner.java:268)
	at org.testng.SuiteRunnerWorker.runSuite(SuiteRunnerWorker.java:52)
	at org.testng.SuiteRunnerWorker.run(SuiteRunnerWorker.java:86)
	at org.testng.TestNG.runSuitesSequentially(TestNG.java:1244)
	at org.testng.TestNG.runSuitesLocally(TestNG.java:1169)
	at org.testng.TestNG.run(TestNG.java:1064)
	at org.testng.TestNG.privateMain(TestNG.java:1385)
	at org.testng.TestNG.main(TestNG.java:1354)
]]>
            </full-stacktrace>
          </exception> <!-- io.kaitai.struct.ConsistencyError -->
          <reporter-output>
          </reporter-output>
        </test-method> <!-- testCheckMismatch -->
        <test-method status="PASS" signature="testReadWriteRoundtrip()[pri:0, instance:io.kaitai.struct.specwrite.TestStrEncodings@753248f8]" name="testReadWriteRoundtrip" duration-ms="0" started-at="2026-01-27T23:47:45Z" finished-at="2026-01-27T23:47:45Z">
          <reporter-output>
          </reporter-output>
        </test-method> <!-- testReadWriteRoundtrip -->
        <test-method status="PASS" signature="testCheckNull()[pri:0, instance:io.kaitai.struct.specwrite.TestStrEncodings@753248f8]" name="testCheckNull" duration-ms="0" started-at="2026-01-27T23:47:45Z" finished-at="2026-01-27T23:47:45Z">
          <reporter-output>
          </reporter-output>
        </test-method> <!-- testCheckNull -->
      </class> <!-- io.kaitai.struct.specwrite.TestStrEncodings -->
      <class name="io.kaitai.struct.specwrite.TestProcessStructPadTerm">
        <test-method status="PASS" signature="testReadWriteRoundtrip()[pri:0, instance:io.kaitai.struct.specwrite.TestProcessStructPadTerm@45ed58b]" name="testReadWriteRoundtrip" duration-ms="2" started-at="2026-01-27T23:47:46Z" finished-at="2026-01-27T23:47:46Z">
          <reporter-output>
          </reporter-output>
        </test-method> <!-- testReadWriteRoundtrip -->
      </class> <!-- io.kaitai.struct.specwrite.TestProcessStructPadTerm -->
      <class name="io.kaitai.struct.specwrite.TestRepeatEosStruct">
        <test-method status="PASS" signature="testReadWriteRoundtrip()[pri:0, instance:io.kaitai.struct.specwrite.TestRepeatEosStruct@219c10c2]" name="testReadWriteRoundtrip" duration-ms="1" started-at="2026-01-27T23:47:45Z" finished-at="2026-01-27T23:47:45Z">
          <reporter-output>
          </reporter-output>
        </test-method> <!-- testReadWriteRoundtrip -->
      </class> <!-- io.kaitai.struct.specwrite.TestRepeatEosStruct -->
      <class name="io.kaitai.struct.specwrite.TestDefaultBitEndianMod">
        <test-method status="PASS" signature="testReadWriteRoundtrip()[pri:0, instance:io.kaitai.struct.specwrite.TestDefaultBitEndianMod@79122f5f]" name="testReadWriteRoundtrip" duration-ms="1" started-at="2026-01-27T23:47:46Z" finished-at="2026-01-27T23:47:46Z">
          <reporter-output>
          </reporter-output>
        </test-method> <!-- testReadWriteRoundtrip -->
      </class> <!-- io.kaitai.struct.specwrite.TestDefaultBitEndianMod -->
      <class name="io.kaitai.struct.specwrite.TestEnum0">
        <test-method status="PASS" signature="testReadWriteRoundtrip()[pri:0, instance:io.kaitai.struct.specwrite.TestEnum0@3fb5809a]" name="testReadWriteRoundtrip" duration-ms="0" started-at="2026-01-27T23:47:46Z" finished-at="2026-01-27T23:47:46Z">
          <reporter-output>
          </reporter-output>
        </test-method> <!-- testReadWriteRoundtrip -->
      </class> <!-- io.kaitai.struct.specwrite.TestEnum0 -->
      <class name="io.kaitai.struct.specwrite.TestTypeIntUnaryOp">
        <test-method status="PASS" signature="testReadWriteRoundtrip()[pri:0, instance:io.kaitai.struct.specwrite.TestTypeIntUnaryOp@381db99e]" name="testReadWriteRoundtrip" duration-ms="1" started-at="2026-01-27T23:47:46Z" finished-at="2026-01-27T23:47:46Z">
          <reporter-output>
          </reporter-output>
        </test-method> <!-- testReadWriteRoundtrip -->
      </class> <!-- io.kaitai.struct.specwrite.TestTypeIntUnaryOp -->
      <class name="io.kaitai.struct.specwrite.TestDefaultEndianExprIsBe">
        <test-method status="PASS" signature="testReadWriteRoundtrip()[pri:0, instance:io.kaitai.struct.specwrite.TestDefaultEndianExprIsBe@788a7567]" name="testReadWriteRoundtrip" duration-ms="1" started-at="2026-01-27T23:47:46Z" finished-at="2026-01-27T23:47:46Z">
          <reporter-output>
          </reporter-output>
        </test-method> <!-- testReadWriteRoundtrip -->
      </class> <!-- io.kaitai.struct.specwrite.TestDefaultEndianExprIsBe -->
      <class name="io.kaitai.struct.specwrite.TestOpaqueWithParam">
        <test-method status="PASS" signature="testReadWriteRoundtrip()[pri:0, instance:io.kaitai.struct.specwrite.TestOpaqueWithParam@1efa258e]" name="testReadWriteRoundtrip" duration-ms="1" started-at="2026-01-27T23:47:45Z" finished-at="2026-01-27T23:47:45Z">
          <reporter-output>
          </reporter-output>
        </test-method> <!-- testReadWriteRoundtrip -->
      </class> <!-- io.kaitai.struct.specwrite.TestOpaqueWithParam -->
      <class name="io.kaitai.struct.specwrite.TestMetaXref">
        <test-method status="PASS" signature="testReadWriteRoundtrip()[pri:0, instance:io.kaitai.struct.specwrite.TestMetaXref@503b5337]" name="testReadWriteRoundtrip" duration-ms="0" started-at="2026-01-27T23:47:45Z" finished-at="2026-01-27T23:47:45Z">
          <reporter-output>
          </reporter-output>
        </test-method> <!-- testReadWriteRoundtrip -->
      </class> <!-- io.kaitai.struct.specwrite.TestMetaXref -->
      <class name="io.kaitai.struct.specwrite.TestProcessRepeatUsertypeDynargRotate">
        <test-method status="PASS" signature="testReadWriteRoundtrip()[pri:0, instance:io.kaitai.struct.specwrite.TestProcessRepeatUsertypeDynargRotate@8947a4b]" name="testReadWriteRoundtrip" duration-ms="2" started-at="2026-01-27T23:47:45Z" finished-at="2026-01-27T23:47:45Z">
          <reporter-output>
          </reporter-output>
        </test-method> <!-- testReadWriteRoundtrip -->
      </class> <!-- io.kaitai.struct.specwrite.TestProcessRepeatUsertypeDynargRotate -->
      <class name="io.kaitai.struct.specwrite.TestValidFailMinInt">
        <test-method status="PASS" signature="testCheckBadValidOldIo()[pri:0, instance:io.kaitai.struct.specwrite.TestValidFailMinInt@44252e9b]" name="testCheckBadValidOldIo" duration-ms="1" started-at="2026-01-27T23:47:46Z" finished-at="2026-01-27T23:47:46Z">
          <reporter-output>
          </reporter-output>
        </test-method> <!-- testCheckBadValidOldIo -->
        <test-method status="PASS" signature="testCheckBadValidNoIo()[pri:0, instance:io.kaitai.struct.specwrite.TestValidFailMinInt@44252e9b]" name="testCheckBadValidNoIo" duration-ms="0" started-at="2026-01-27T23:47:46Z" finished-at="2026-01-27T23:47:46Z">
          <reporter-output>
          </reporter-output>
        </test-method> <!-- testCheckBadValidNoIo -->
        <test-method status="SKIP" signature="testReadWriteRoundtrip()[pri:0, instance:io.kaitai.struct.specwrite.TestValidFailMinInt@44252e9b]" name="testReadWriteRoundtrip" duration-ms="0" started-at="2026-01-27T23:47:46Z" finished-at="2026-01-27T23:47:46Z">
          <exception class="org.testng.SkipException">
            <message>
              <![CDATA[cannot use roundtrip because parsing is expected to fail]]>
            </message>
            <full-stacktrace>
              <![CDATA[org.testng.SkipException: cannot use roundtrip because parsing is expected to fail
	at io.kaitai.struct.specwrite.TestValidFailMinInt.testReadWriteRoundtrip(TestValidFailMinInt.java:24)
	at sun.reflect.NativeMethodAccessorImpl.invoke0(Native Method)
	at sun.reflect.NativeMethodAccessorImpl.invoke(NativeMethodAccessorImpl.java:62)
	at sun.reflect.DelegatingMethodAccessorImpl.invoke(DelegatingMethodAccessorImpl.java:43)
	at java.lang.reflect.Method.invoke(Method.java:498)
	at org.testng.internal.MethodInvocationHelper.invokeMethod(MethodInvocationHelper.java:86)
	at org.testng.internal.Invoker.invokeMethod(Invoker.java:643)
	at org.testng.internal.Invoker.invokeTestMethod(Invoker.java:820)
	at org.testng.internal.Invoker.invokeTestMethods(Invoker.java:1128)
	at org.testng.internal.TestMethodWorker.invokeTestMethods(TestMethodWorker.java:129)
	at org.testng.internal.TestMethodWorker.run(TestMethodWorker.java:112)
	at org.testng.TestRunner.privateRun(TestRunner.java:782)
	at org.testng.TestRunner.run(TestRunner.java:632)
	at org.testng.SuiteRunner.runTest(SuiteRunner.java:366)
	at org.testng.SuiteRunner.runSequentially(SuiteRunner.java:361)
	at org.testng.SuiteRunner.privateRun(SuiteRunner.java:319)
	at org.testng.SuiteRunner.run(SuiteRunner.java:268)
	at org.testng.SuiteRunnerWorker.runSuite(SuiteRunnerWorker.java:52)
	at org.testng.SuiteRunnerWorker.run(SuiteRunnerWorker.java:86)
	at org.testng.TestNG.runSuitesSequentially(TestNG.java:1244)
	at org.testng.TestNG.runSuitesLocally(TestNG.java:1169)
	at org.testng.TestNG.run(TestNG.java:1064)
	at org.testng.TestNG.privateMain(TestNG.java:1385)
	at org.testng.TestNG.main(TestNG.java:1354)
]]>
            </full-stacktrace>
          </exception> <!-- org.testng.SkipException -->
          <reporter-output>
          </reporter-output>
        </test-method> <!-- testReadWriteRoundtrip -->
      </class> <!-- io.kaitai.struct.specwrite.TestValidFailMinInt -->
      <class name="io.kaitai.struct.specwrite.TestEnum1">
        <test-method status="PASS" signature="testReadWriteRoundtrip()[pri:0, instance:io.kaitai.struct.specwrite.TestEnum1@c4fc610]" name="testReadWriteRoundtrip" duration-ms="1" started-at="2026-01-27T23:47:46Z" finished-at="2026-01-27T23:47:46Z">
          <reporter-output>
          </reporter-output>
        </test-method> <!-- testReadWriteRoundtrip -->
      </class> <!-- io.kaitai.struct.specwrite.TestEnum1 -->
      <class name="io.kaitai.struct.specwrite.TestParamsPassStruct">
        <test-method status="PASS" signature="testReadWriteRoundtrip()[pri:0, instance:io.kaitai.struct.specwrite.TestParamsPassStruct@50c462b8]" name="testReadWriteRoundtrip" duration-ms="1" started-at="2026-01-27T23:47:46Z" finished-at="2026-01-27T23:47:46Z">
          <reporter-output>
          </reporter-output>
        </test-method> <!-- testReadWriteRoundtrip -->
      </class> <!-- io.kaitai.struct.specwrite.TestParamsPassStruct -->
      <class name="io.kaitai.struct.specwrite.TestExprEnum">
        <test-method status="PASS" signature="testReadWriteRoundtrip()[pri:0, instance:io.kaitai.struct.specwrite.TestExprEnum@22c4151b]" name="testReadWriteRoundtrip" duration-ms="1" started-at="2026-01-27T23:47:45Z" finished-at="2026-01-27T23:47:45Z">
          <reporter-output>
          </reporter-output>
        </test-method> <!-- testReadWriteRoundtrip -->
      </class> <!-- io.kaitai.struct.specwrite.TestExprEnum -->
      <class name="io.kaitai.struct.specwrite.TestImports0">
        <test-method status="PASS" signature="testReadWriteRoundtrip()[pri:0, instance:io.kaitai.struct.specwrite.TestImports0@77c41838]" name="testReadWriteRoundtrip" duration-ms="1" started-at="2026-01-27T23:47:46Z" finished-at="2026-01-27T23:47:46Z">
          <reporter-output>
          </reporter-output>
        </test-method> <!-- testReadWriteRoundtrip -->
      </class> <!-- io.kaitai.struct.specwrite.TestImports0 -->
      <class name="io.kaitai.struct.specwrite.TestRepeatUntilS4">
        <test-method status="PASS" signature="testReadWriteRoundtrip()[pri:0, instance:io.kaitai.struct.specwrite.TestRepeatUntilS4@4922dc84]" name="testReadWriteRoundtrip" duration-ms="0" started-at="2026-01-27T23:47:46Z" finished-at="2026-01-27T23:47:46Z">
          <reporter-output>
          </reporter-output>
        </test-method> <!-- testReadWriteRoundtrip -->
        <test-method status="PASS" signature="testCheckBadEarlyUntilEntry()[pri:0, instance:io.kaitai.struct.specwrite.TestRepeatUntilS4@4922dc84]" name="testCheckBadEarlyUntilEntry" duration-ms="0" started-at="2026-01-27T23:47:46Z" finished-at="2026-01-27T23:47:46Z">
          <exception class="io.kaitai.struct.ConsistencyError">
            <message>
              <![CDATA[Check failed: entries, expected: false, actual: true]]>
            </message>
            <full-stacktrace>
              <![CDATA[io.kaitai.struct.ConsistencyError: Check failed: entries, expected: false, actual: true
	at io.kaitai.struct.testwrite.RepeatUntilS4._check(RepeatUntilS4.java:72)
	at io.kaitai.struct.specwrite.TestRepeatUntilS4.testCheckBadEarlyUntilEntry(TestRepeatUntilS4.java:42)
	at sun.reflect.NativeMethodAccessorImpl.invoke0(Native Method)
	at sun.reflect.NativeMethodAccessorImpl.invoke(NativeMethodAccessorImpl.java:62)
	at sun.reflect.DelegatingMethodAccessorImpl.invoke(DelegatingMethodAccessorImpl.java:43)
	at java.lang.reflect.Method.invoke(Method.java:498)
	at org.testng.internal.MethodInvocationHelper.invokeMethod(MethodInvocationHelper.java:86)
	at org.testng.internal.Invoker.invokeMethod(Invoker.java:643)
	at org.testng.internal.Invoker.invokeTestMethod(Invoker.java:820)
	at org.testng.internal.Invoker.invokeTestMethods(Invoker.java:1128)
	at org.testng.internal.TestMethodWorker.invokeTestMethods(TestMethodWorker.java:129)
	at org.testng.internal.TestMethodWorker.run(TestMethodWorker.java:112)
	at org.testng.TestRunner.privateRun(TestRunner.java:782)
	at org.testng.TestRunner.run(TestRunner.java:632)
	at org.testng.SuiteRunner.runTest(SuiteRunner.java:366)
	at org.testng.SuiteRunner.runSequentially(SuiteRunner.java:361)
	at org.testng.SuiteRunner.privateRun(SuiteRunner.java:319)
	at org.testng.SuiteRunner.run(SuiteRunner.java:268)
	at org.testng.SuiteRunnerWorker.runSuite(SuiteRunnerWorker.java:52)
	at org.testng.SuiteRunnerWorker.run(SuiteRunnerWorker.java:86)
	at org.testng.TestNG.runSuitesSequentially(TestNG.java:1244)
	at org.testng.TestNG.runSuitesLocally(TestNG.java:1169)
	at org.testng.TestNG.run(TestNG.java:1064)
	at org.testng.TestNG.privateMain(TestNG.java:1385)
	at org.testng.TestNG.main(TestNG.java:1354)
]]>
            </full-stacktrace>
          </exception> <!-- io.kaitai.struct.ConsistencyError -->
          <reporter-output>
          </reporter-output>
        </test-method> <!-- testCheckBadEarlyUntilEntry -->
        <test-method status="PASS" signature="testCheckBadNoEntries()[pri:0, instance:io.kaitai.struct.specwrite.TestRepeatUntilS4@4922dc84]" name="testCheckBadNoEntries" duration-ms="0" started-at="2026-01-27T23:47:46Z" finished-at="2026-01-27T23:47:46Z">
          <exception class="io.kaitai.struct.ConsistencyError">
            <message>
              <![CDATA[Check failed: entries, expected: 0, actual: 0]]>
            </message>
            <full-stacktrace>
              <![CDATA[io.kaitai.struct.ConsistencyError: Check failed: entries, expected: 0, actual: 0
	at io.kaitai.struct.testwrite.RepeatUntilS4._check(RepeatUntilS4.java:67)
	at io.kaitai.struct.specwrite.TestRepeatUntilS4.testCheckBadNoEntries(TestRepeatUntilS4.java:27)
	at sun.reflect.NativeMethodAccessorImpl.invoke0(Native Method)
	at sun.reflect.NativeMethodAccessorImpl.invoke(NativeMethodAccessorImpl.java:62)
	at sun.reflect.DelegatingMethodAccessorImpl.invoke(DelegatingMethodAccessorImpl.java:43)
	at java.lang.reflect.Method.invoke(Method.java:498)
	at org.testng.internal.MethodInvocationHelper.invokeMethod(MethodInvocationHelper.java:86)
	at org.testng.internal.Invoker.invokeMethod(Invoker.java:643)
	at org.testng.internal.Invoker.invokeTestMethod(Invoker.java:820)
	at org.testng.internal.Invoker.invokeTestMethods(Invoker.java:1128)
	at org.testng.internal.TestMethodWorker.invokeTestMethods(TestMethodWorker.java:129)
	at org.testng.internal.TestMethodWorker.run(TestMethodWorker.java:112)
	at org.testng.TestRunner.privateRun(TestRunner.java:782)
	at org.testng.TestRunner.run(TestRunner.java:632)
	at org.testng.SuiteRunner.runTest(SuiteRunner.java:366)
	at org.testng.SuiteRunner.runSequentially(SuiteRunner.java:361)
	at org.testng.SuiteRunner.privateRun(SuiteRunner.java:319)
	at org.testng.SuiteRunner.run(SuiteRunner.java:268)
	at org.testng.SuiteRunnerWorker.runSuite(SuiteRunnerWorker.java:52)
	at org.testng.SuiteRunnerWorker.run(SuiteRunnerWorker.java:86)
	at org.testng.TestNG.runSuitesSequentially(TestNG.java:1244)
	at org.testng.TestNG.runSuitesLocally(TestNG.java:1169)
	at org.testng.TestNG.run(TestNG.java:1064)
	at org.testng.TestNG.privateMain(TestNG.java:1385)
	at org.testng.TestNG.main(TestNG.java:1354)
]]>
            </full-stacktrace>
          </exception> <!-- io.kaitai.struct.ConsistencyError -->
          <reporter-output>
          </reporter-output>
        </test-method> <!-- testCheckBadNoEntries -->
        <test-method status="PASS" signature="testCheckGoodOneEntry()[pri:0, instance:io.kaitai.struct.specwrite.TestRepeatUntilS4@4922dc84]" name="testCheckGoodOneEntry" duration-ms="0" started-at="2026-01-27T23:47:46Z" finished-at="2026-01-27T23:47:46Z">
          <reporter-output>
          </reporter-output>
        </test-method> <!-- testCheckGoodOneEntry -->
        <test-method status="PASS" signature="testCheckGoodUntilEntry()[pri:0, instance:io.kaitai.struct.specwrite.TestRepeatUntilS4@4922dc84]" name="testCheckGoodUntilEntry" duration-ms="0" started-at="2026-01-27T23:47:46Z" finished-at="2026-01-27T23:47:46Z">
          <reporter-output>
          </reporter-output>
        </test-method> <!-- testCheckGoodUntilEntry -->
        <test-method status="PASS" signature="testCheckBadNoUntilEntry()[pri:0, instance:io.kaitai.struct.specwrite.TestRepeatUntilS4@4922dc84]" name="testCheckBadNoUntilEntry" duration-ms="0" started-at="2026-01-27T23:47:46Z" finished-at="2026-01-27T23:47:46Z">
          <exception class="io.kaitai.struct.ConsistencyError">
            <message>
              <![CDATA[Check failed: entries, expected: true, actual: false]]>
            </message>
            <full-stacktrace>
              <![CDATA[io.kaitai.struct.ConsistencyError: Check failed: entries, expected: true, actual: false
	at io.kaitai.struct.testwrite.RepeatUntilS4._check(RepeatUntilS4.java:72)
	at io.kaitai.struct.specwrite.TestRepeatUntilS4.testCheckBadNoUntilEntry(TestRepeatUntilS4.java:49)
	at sun.reflect.NativeMethodAccessorImpl.invoke0(Native Method)
	at sun.reflect.NativeMethodAccessorImpl.invoke(NativeMethodAccessorImpl.java:62)
	at sun.reflect.DelegatingMethodAccessorImpl.invoke(DelegatingMethodAccessorImpl.java:43)
	at java.lang.reflect.Method.invoke(Method.java:498)
	at org.testng.internal.MethodInvocationHelper.invokeMethod(MethodInvocationHelper.java:86)
	at org.testng.internal.Invoker.invokeMethod(Invoker.java:643)
	at org.testng.internal.Invoker.invokeTestMethod(Invoker.java:820)
	at org.testng.internal.Invoker.invokeTestMethods(Invoker.java:1128)
	at org.testng.internal.TestMethodWorker.invokeTestMethods(TestMethodWorker.java:129)
	at org.testng.internal.TestMethodWorker.run(TestMethodWorker.java:112)
	at org.testng.TestRunner.privateRun(TestRunner.java:782)
	at org.testng.TestRunner.run(TestRunner.java:632)
	at org.testng.SuiteRunner.runTest(SuiteRunner.java:366)
	at org.testng.SuiteRunner.runSequentially(SuiteRunner.java:361)
	at org.testng.SuiteRunner.privateRun(SuiteRunner.java:319)
	at org.testng.SuiteRunner.run(SuiteRunner.java:268)
	at org.testng.SuiteRunnerWorker.runSuite(SuiteRunnerWorker.java:52)
	at org.testng.SuiteRunnerWorker.run(SuiteRunnerWorker.java:86)
	at org.testng.TestNG.runSuitesSequentially(TestNG.java:1244)
	at org.testng.TestNG.runSuitesLocally(TestNG.java:1169)
	at org.testng.TestNG.run(TestNG.java:1064)
	at org.testng.TestNG.privateMain(TestNG.java:1385)
	at org.testng.TestNG.main(TestNG.java:1354)
]]>
            </full-stacktrace>
          </exception> <!-- io.kaitai.struct.ConsistencyError -->
          <reporter-output>
          </reporter-output>
        </test-method> <!-- testCheckBadNoUntilEntry -->
      </class> <!-- io.kaitai.struct.specwrite.TestRepeatUntilS4 -->
      <class name="io.kaitai.struct.specwrite.TestProcessTermStruct">
        <test-method status="PASS" signature="testReadWriteRoundtrip()[pri:0, instance:io.kaitai.struct.specwrite.TestProcessTermStruct@50508ed3]" name="testReadWriteRoundtrip" duration-ms="2" started-at="2026-01-27T23:47:46Z" finished-at="2026-01-27T23:47:46Z">
          <reporter-output>
          </reporter-output>
        </test-method> <!-- testReadWriteRoundtrip -->
      </class> <!-- io.kaitai.struct.specwrite.TestProcessTermStruct -->
      <class name="io.kaitai.struct.specwrite.TestNestedTypes3">
        <test-method status="PASS" signature="testReadWriteRoundtrip()[pri:0, instance:io.kaitai.struct.specwrite.TestNestedTypes3@6ccd3cf1]" name="testReadWriteRoundtrip" duration-ms="2" started-at="2026-01-27T23:47:46Z" finished-at="2026-01-27T23:47:46Z">
          <reporter-output>
          </reporter-output>
        </test-method> <!-- testReadWriteRoundtrip -->
      </class> <!-- io.kaitai.struct.specwrite.TestNestedTypes3 -->
      <class name="io.kaitai.struct.specwrite.TestNestedTypes2">
        <test-method status="PASS" signature="testReadWriteRoundtrip()[pri:0, instance:io.kaitai.struct.specwrite.TestNestedTypes2@1a632663]" name="testReadWriteRoundtrip" duration-ms="2" started-at="2026-01-27T23:47:46Z" finished-at="2026-01-27T23:47:46Z">
          <reporter-output>
          </reporter-output>
        </test-method> <!-- testReadWriteRoundtrip -->
      </class> <!-- io.kaitai.struct.specwrite.TestNestedTypes2 -->
      <class name="io.kaitai.struct.specwrite.TestEofExceptionBitsLe">
        <test-method status="SKIP" signature="testReadWriteRoundtrip()[pri:0, instance:io.kaitai.struct.specwrite.TestEofExceptionBitsLe@797dd7ef]" name="testReadWriteRoundtrip" duration-ms="0" started-at="2026-01-27T23:47:46Z" finished-at="2026-01-27T23:47:46Z">
          <exception class="org.testng.SkipException">
            <message>
              <![CDATA[cannot use roundtrip because parsing is expected to fail]]>
            </message>
            <full-stacktrace>
              <![CDATA[org.testng.SkipException: cannot use roundtrip because parsing is expected to fail
	at io.kaitai.struct.specwrite.TestEofExceptionBitsLe.testReadWriteRoundtrip(TestEofExceptionBitsLe.java:31)
	at sun.reflect.NativeMethodAccessorImpl.invoke0(Native Method)
	at sun.reflect.NativeMethodAccessorImpl.invoke(NativeMethodAccessorImpl.java:62)
	at sun.reflect.DelegatingMethodAccessorImpl.invoke(DelegatingMethodAccessorImpl.java:43)
	at java.lang.reflect.Method.invoke(Method.java:498)
	at org.testng.internal.MethodInvocationHelper.invokeMethod(MethodInvocationHelper.java:86)
	at org.testng.internal.Invoker.invokeMethod(Invoker.java:643)
	at org.testng.internal.Invoker.invokeTestMethod(Invoker.java:820)
	at org.testng.internal.Invoker.invokeTestMethods(Invoker.java:1128)
	at org.testng.internal.TestMethodWorker.invokeTestMethods(TestMethodWorker.java:129)
	at org.testng.internal.TestMethodWorker.run(TestMethodWorker.java:112)
	at org.testng.TestRunner.privateRun(TestRunner.java:782)
	at org.testng.TestRunner.run(TestRunner.java:632)
	at org.testng.SuiteRunner.runTest(SuiteRunner.java:366)
	at org.testng.SuiteRunner.runSequentially(SuiteRunner.java:361)
	at org.testng.SuiteRunner.privateRun(SuiteRunner.java:319)
	at org.testng.SuiteRunner.run(SuiteRunner.java:268)
	at org.testng.SuiteRunnerWorker.runSuite(SuiteRunnerWorker.java:52)
	at org.testng.SuiteRunnerWorker.run(SuiteRunnerWorker.java:86)
	at org.testng.TestNG.runSuitesSequentially(TestNG.java:1244)
	at org.testng.TestNG.runSuitesLocally(TestNG.java:1169)
	at org.testng.TestNG.run(TestNG.java:1064)
	at org.testng.TestNG.privateMain(TestNG.java:1385)
	at org.testng.TestNG.main(TestNG.java:1354)
]]>
            </full-stacktrace>
          </exception> <!-- org.testng.SkipException -->
          <reporter-output>
          </reporter-output>
        </test-method> <!-- testReadWriteRoundtrip -->
        <test-method status="PASS" signature="testEofExceptionBitsLeRAF()[pri:0, instance:io.kaitai.struct.specwrite.TestEofExceptionBitsLe@797dd7ef]" name="testEofExceptionBitsLeRAF" duration-ms="0" started-at="2026-01-27T23:47:46Z" finished-at="2026-01-27T23:47:46Z">
          <reporter-output>
          </reporter-output>
        </test-method> <!-- testEofExceptionBitsLeRAF -->
        <test-method status="PASS" signature="testEofExceptionBitsLeBB()[pri:0, instance:io.kaitai.struct.specwrite.TestEofExceptionBitsLe@797dd7ef]" name="testEofExceptionBitsLeBB" duration-ms="0" started-at="2026-01-27T23:47:46Z" finished-at="2026-01-27T23:47:46Z">
          <reporter-output>
          </reporter-output>
        </test-method> <!-- testEofExceptionBitsLeBB -->
      </class> <!-- io.kaitai.struct.specwrite.TestEofExceptionBitsLe -->
      <class name="io.kaitai.struct.specwrite.TestZlibWithHeader78">
        <test-method status="PASS" signature="testReadWriteRoundtrip()[pri:0, instance:io.kaitai.struct.specwrite.TestZlibWithHeader78@3df496d9]" name="testReadWriteRoundtrip" duration-ms="1" started-at="2026-01-27T23:47:46Z" finished-at="2026-01-27T23:47:46Z">
          <reporter-output>
          </reporter-output>
        </test-method> <!-- testReadWriteRoundtrip -->
      </class> <!-- io.kaitai.struct.specwrite.TestZlibWithHeader78 -->
      <class name="io.kaitai.struct.specwrite.TestRepeatNBytesPad">
        <test-method status="PASS" signature="testReadWriteRoundtrip()[pri:0, instance:io.kaitai.struct.specwrite.TestRepeatNBytesPad@163b8acc]" name="testReadWriteRoundtrip" duration-ms="1" started-at="2026-01-27T23:47:46Z" finished-at="2026-01-27T23:47:46Z">
          <reporter-output>
          </reporter-output>
        </test-method> <!-- testReadWriteRoundtrip -->
      </class> <!-- io.kaitai.struct.specwrite.TestRepeatNBytesPad -->
      <class name="io.kaitai.struct.specwrite.TestIntegersDoubleOverflow">
        <test-method status="PASS" signature="testReadWriteRoundtrip()[pri:0, instance:io.kaitai.struct.specwrite.TestIntegersDoubleOverflow@6f55aef7]" name="testReadWriteRoundtrip" duration-ms="1" started-at="2026-01-27T23:47:46Z" finished-at="2026-01-27T23:47:46Z">
          <reporter-output>
          </reporter-output>
        </test-method> <!-- testReadWriteRoundtrip -->
      </class> <!-- io.kaitai.struct.specwrite.TestIntegersDoubleOverflow -->
      <class name="io.kaitai.struct.specwrite.TestBitsShiftByB64Le">
        <test-method status="PASS" signature="testReadWriteRoundtrip()[pri:0, instance:io.kaitai.struct.specwrite.TestBitsShiftByB64Le@2d85a4c7]" name="testReadWriteRoundtrip" duration-ms="0" started-at="2026-01-27T23:47:46Z" finished-at="2026-01-27T23:47:46Z">
          <reporter-output>
          </reporter-output>
        </test-method> <!-- testReadWriteRoundtrip -->
      </class> <!-- io.kaitai.struct.specwrite.TestBitsShiftByB64Le -->
      <class name="io.kaitai.struct.specwrite.TestTermBytes2">
        <test-method status="PASS" signature="testReadWriteRoundtrip()[pri:0, instance:io.kaitai.struct.specwrite.TestTermBytes2@24090832]" name="testReadWriteRoundtrip" duration-ms="0" started-at="2026-01-27T23:47:46Z" finished-at="2026-01-27T23:47:46Z">
          <reporter-output>
          </reporter-output>
        </test-method> <!-- testReadWriteRoundtrip -->
      </class> <!-- io.kaitai.struct.specwrite.TestTermBytes2 -->
      <class name="io.kaitai.struct.specwrite.TestCombineBytes">
        <test-method status="PASS" signature="testReadWriteRoundtrip()[pri:0, instance:io.kaitai.struct.specwrite.TestCombineBytes@79408109]" name="testReadWriteRoundtrip" duration-ms="1" started-at="2026-01-27T23:47:45Z" finished-at="2026-01-27T23:47:45Z">
          <reporter-output>
          </reporter-output>
        </test-method> <!-- testReadWriteRoundtrip -->
      </class> <!-- io.kaitai.struct.specwrite.TestCombineBytes -->
      <class name="io.kaitai.struct.specwrite.TestTermBytes3">
        <test-method status="PASS" signature="testReadWriteRoundtrip()[pri:0, instance:io.kaitai.struct.specwrite.TestTermBytes3@1e1f467f]" name="testReadWriteRoundtrip" duration-ms="1" started-at="2026-01-27T23:47:45Z" finished-at="2026-01-27T23:47:45Z">
          <reporter-output>
          </reporter-output>
        </test-method> <!-- testReadWriteRoundtrip -->
      </class> <!-- io.kaitai.struct.specwrite.TestTermBytes3 -->
      <class name="io.kaitai.struct.specwrite.TestTermBytes4">
        <test-method status="PASS" signature="testReadWriteRoundtrip()[pri:0, instance:io.kaitai.struct.specwrite.TestTermBytes4@38503309]" name="testReadWriteRoundtrip" duration-ms="2" started-at="2026-01-27T23:47:46Z" finished-at="2026-01-27T23:47:46Z">
          <reporter-output>
          </reporter-output>
        </test-method> <!-- testReadWriteRoundtrip -->
        <test-method status="PASS" signature="testCheckIsEofAfterIncludeTermMissing()[pri:0, instance:io.kaitai.struct.specwrite.TestTermBytes4@38503309]" name="testCheckIsEofAfterIncludeTermMissing" duration-ms="0" started-at="2026-01-27T23:47:46Z" finished-at="2026-01-27T23:47:46Z">
          <exception class="io.kaitai.struct.ConsistencyError">
            <message>
              <![CDATA[Check failed: value, expected: 0, actual: 1]]>
            </message>
            <full-stacktrace>
              <![CDATA[io.kaitai.struct.ConsistencyError: Check failed: value, expected: 0, actual: 1
	at io.kaitai.struct.testwrite.TermBytes4$S3Type._write_Seq(TermBytes4.java:269)
	at io.kaitai.struct.KaitaiStruct$ReadWrite._write_Seq(KaitaiStruct.java:88)
	at io.kaitai.struct.testwrite.TermBytes4._write_Seq(TermBytes4.java:111)
	at io.kaitai.struct.KaitaiStruct$ReadWrite._write(KaitaiStruct.java:76)
	at io.kaitai.struct.KaitaiStruct$ReadWrite._write(KaitaiStruct.java:83)
	at io.kaitai.struct.specwrite.TestTermBytes4.testCheckIsEofAfterIncludeTermMissing(TestTermBytes4.java:46)
	at sun.reflect.NativeMethodAccessorImpl.invoke0(Native Method)
	at sun.reflect.NativeMethodAccessorImpl.invoke(NativeMethodAccessorImpl.java:62)
	at sun.reflect.DelegatingMethodAccessorImpl.invoke(DelegatingMethodAccessorImpl.java:43)
	at java.lang.reflect.Method.invoke(Method.java:498)
	at org.testng.internal.MethodInvocationHelper.invokeMethod(MethodInvocationHelper.java:86)
	at org.testng.internal.Invoker.invokeMethod(Invoker.java:643)
	at org.testng.internal.Invoker.invokeTestMethod(Invoker.java:820)
	at org.testng.internal.Invoker.invokeTestMethods(Invoker.java:1128)
	at org.testng.internal.TestMethodWorker.invokeTestMethods(TestMethodWorker.java:129)
	at org.testng.internal.TestMethodWorker.run(TestMethodWorker.java:112)
	at org.testng.TestRunner.privateRun(TestRunner.java:782)
	at org.testng.TestRunner.run(TestRunner.java:632)
	at org.testng.SuiteRunner.runTest(SuiteRunner.java:366)
	at org.testng.SuiteRunner.runSequentially(SuiteRunner.java:361)
	at org.testng.SuiteRunner.privateRun(SuiteRunner.java:319)
	at org.testng.SuiteRunner.run(SuiteRunner.java:268)
	at org.testng.SuiteRunnerWorker.runSuite(SuiteRunnerWorker.java:52)
	at org.testng.SuiteRunnerWorker.run(SuiteRunnerWorker.java:86)
	at org.testng.TestNG.runSuitesSequentially(TestNG.java:1244)
	at org.testng.TestNG.runSuitesLocally(TestNG.java:1169)
	at org.testng.TestNG.run(TestNG.java:1064)
	at org.testng.TestNG.privateMain(TestNG.java:1385)
	at org.testng.TestNG.main(TestNG.java:1354)
]]>
            </full-stacktrace>
          </exception> <!-- io.kaitai.struct.ConsistencyError -->
          <reporter-output>
          </reporter-output>
        </test-method> <!-- testCheckIsEofAfterIncludeTermMissing -->
      </class> <!-- io.kaitai.struct.specwrite.TestTermBytes4 -->
      <class name="io.kaitai.struct.specwrite.TestNavParentFalse2">
        <test-method status="PASS" signature="testReadWriteRoundtrip()[pri:0, instance:io.kaitai.struct.specwrite.TestNavParentFalse2@44872224]" name="testReadWriteRoundtrip" duration-ms="1" started-at="2026-01-27T23:47:45Z" finished-at="2026-01-27T23:47:45Z">
          <reporter-output>
          </reporter-output>
        </test-method> <!-- testReadWriteRoundtrip -->
      </class> <!-- io.kaitai.struct.specwrite.TestNavParentFalse2 -->
      <class name="io.kaitai.struct.specwrite.TestBitsSignedShiftB32Le">
        <test-method status="PASS" signature="testReadWriteRoundtrip()[pri:0, instance:io.kaitai.struct.specwrite.TestBitsSignedShiftB32Le@3803bc1a]" name="testReadWriteRoundtrip" duration-ms="1" started-at="2026-01-27T23:47:45Z" finished-at="2026-01-27T23:47:45Z">
          <reporter-output>
          </reporter-output>
        </test-method> <!-- testReadWriteRoundtrip -->
      </class> <!-- io.kaitai.struct.specwrite.TestBitsSignedShiftB32Le -->
      <class name="io.kaitai.struct.specwrite.TestOptionalId">
        <test-method status="PASS" signature="testReadWriteRoundtrip()[pri:0, instance:io.kaitai.struct.specwrite.TestOptionalId@159e9629]" name="testReadWriteRoundtrip" duration-ms="1" started-at="2026-01-27T23:47:45Z" finished-at="2026-01-27T23:47:45Z">
          <reporter-output>
          </reporter-output>
        </test-method> <!-- testReadWriteRoundtrip -->
      </class> <!-- io.kaitai.struct.specwrite.TestOptionalId -->
      <class name="io.kaitai.struct.specwrite.TestSwitchManualEnum">
        <test-method status="PASS" signature="testReadWriteRoundtrip()[pri:0, instance:io.kaitai.struct.specwrite.TestSwitchManualEnum@77954f77]" name="testReadWriteRoundtrip" duration-ms="1" started-at="2026-01-27T23:47:46Z" finished-at="2026-01-27T23:47:46Z">
          <reporter-output>
          </reporter-output>
        </test-method> <!-- testReadWriteRoundtrip -->
      </class> <!-- io.kaitai.struct.specwrite.TestSwitchManualEnum -->
      <class name="io.kaitai.struct.specwrite.TestRepeatNBytes">
        <test-method status="PASS" signature="testReadWriteRoundtrip()[pri:0, instance:io.kaitai.struct.specwrite.TestRepeatNBytes@65e4eba5]" name="testReadWriteRoundtrip" duration-ms="0" started-at="2026-01-27T23:47:46Z" finished-at="2026-01-27T23:47:46Z">
          <reporter-output>
          </reporter-output>
        </test-method> <!-- testReadWriteRoundtrip -->
      </class> <!-- io.kaitai.struct.specwrite.TestRepeatNBytes -->
      <class name="io.kaitai.struct.specwrite.TestEnumNegative">
        <test-method status="PASS" signature="testReadWriteRoundtrip()[pri:0, instance:io.kaitai.struct.specwrite.TestEnumNegative@921dbcf]" name="testReadWriteRoundtrip" duration-ms="1" started-at="2026-01-27T23:47:46Z" finished-at="2026-01-27T23:47:46Z">
          <reporter-output>
          </reporter-output>
        </test-method> <!-- testReadWriteRoundtrip -->
      </class> <!-- io.kaitai.struct.specwrite.TestEnumNegative -->
      <class name="io.kaitai.struct.specwrite.TestInstanceInSized">
        <test-method status="PASS" signature="testReadWriteRoundtrip()[pri:0, instance:io.kaitai.struct.specwrite.TestInstanceInSized@6894d28d]" name="testReadWriteRoundtrip" duration-ms="2" started-at="2026-01-27T23:47:46Z" finished-at="2026-01-27T23:47:46Z">
          <reporter-output>
          </reporter-output>
        </test-method> <!-- testReadWriteRoundtrip -->
      </class> <!-- io.kaitai.struct.specwrite.TestInstanceInSized -->
      <class name="io.kaitai.struct.specwrite.TestRepeatUntilSized">
        <test-method status="PASS" signature="testReadWriteRoundtrip()[pri:0, instance:io.kaitai.struct.specwrite.TestRepeatUntilSized@2b0483f2]" name="testReadWriteRoundtrip" duration-ms="1" started-at="2026-01-27T23:47:45Z" finished-at="2026-01-27T23:47:45Z">
          <reporter-output>
          </reporter-output>
        </test-method> <!-- testReadWriteRoundtrip -->
      </class> <!-- io.kaitai.struct.specwrite.TestRepeatUntilSized -->
      <class name="io.kaitai.struct.specwrite.TestDocstringsDocref">
        <test-method status="PASS" signature="testReadWriteRoundtrip()[pri:0, instance:io.kaitai.struct.specwrite.TestDocstringsDocref@359b4846]" name="testReadWriteRoundtrip" duration-ms="1" started-at="2026-01-27T23:47:46Z" finished-at="2026-01-27T23:47:46Z">
          <reporter-output>
          </reporter-output>
        </test-method> <!-- testReadWriteRoundtrip -->
      </class> <!-- io.kaitai.struct.specwrite.TestDocstringsDocref -->
      <class name="io.kaitai.struct.specwrite.TestDocstrings">
        <test-method status="PASS" signature="testReadWriteRoundtrip()[pri:0, instance:io.kaitai.struct.specwrite.TestDocstrings@4700db93]" name="testReadWriteRoundtrip" duration-ms="1" started-at="2026-01-27T23:47:46Z" finished-at="2026-01-27T23:47:46Z">
          <reporter-output>
          </reporter-output>
        </test-method> <!-- testReadWriteRoundtrip -->
      </class> <!-- io.kaitai.struct.specwrite.TestDocstrings -->
      <class name="io.kaitai.struct.specwrite.TestStrPadTerm">
        <test-method status="PASS" signature="testReadWriteRoundtrip()[pri:0, instance:io.kaitai.struct.specwrite.TestStrPadTerm@9677f54]" name="testReadWriteRoundtrip" duration-ms="1" started-at="2026-01-27T23:47:46Z" finished-at="2026-01-27T23:47:46Z">
          <reporter-output>
          </reporter-output>
        </test-method> <!-- testReadWriteRoundtrip -->
      </class> <!-- io.kaitai.struct.specwrite.TestStrPadTerm -->
      <class name="io.kaitai.struct.specwrite.TestRepeatUntilBytesPadTerm">
        <test-method status="PASS" signature="testReadWriteRoundtrip()[pri:0, instance:io.kaitai.struct.specwrite.TestRepeatUntilBytesPadTerm@7b9b244e]" name="testReadWriteRoundtrip" duration-ms="0" started-at="2026-01-27T23:47:46Z" finished-at="2026-01-27T23:47:46Z">
          <reporter-output>
          </reporter-output>
        </test-method> <!-- testReadWriteRoundtrip -->
      </class> <!-- io.kaitai.struct.specwrite.TestRepeatUntilBytesPadTerm -->
      <class name="io.kaitai.struct.specwrite.TestStrEosPadTermEmpty">
        <test-method status="PASS" signature="testReadWriteRoundtrip()[pri:0, instance:io.kaitai.struct.specwrite.TestStrEosPadTermEmpty@be56353]" name="testReadWriteRoundtrip" duration-ms="2" started-at="2026-01-27T23:47:45Z" finished-at="2026-01-27T23:47:45Z">
          <reporter-output>
          </reporter-output>
        </test-method> <!-- testReadWriteRoundtrip -->
      </class> <!-- io.kaitai.struct.specwrite.TestStrEosPadTermEmpty -->
      <class name="io.kaitai.struct.specwrite.TestFixedStruct">
        <test-method status="PASS" signature="testReadWriteRoundtrip()[pri:0, instance:io.kaitai.struct.specwrite.TestFixedStruct@3eed0375]" name="testReadWriteRoundtrip" duration-ms="2" started-at="2026-01-27T23:47:46Z" finished-at="2026-01-27T23:47:46Z">
          <reporter-output>
          </reporter-output>
        </test-method> <!-- testReadWriteRoundtrip -->
      </class> <!-- io.kaitai.struct.specwrite.TestFixedStruct -->
      <class name="io.kaitai.struct.specwrite.TestProcessRepeatBytes">
        <test-method status="PASS" signature="testReadWriteRoundtrip()[pri:0, instance:io.kaitai.struct.specwrite.TestProcessRepeatBytes@4ebe6c24]" name="testReadWriteRoundtrip" duration-ms="0" started-at="2026-01-27T23:47:46Z" finished-at="2026-01-27T23:47:46Z">
          <reporter-output>
          </reporter-output>
        </test-method> <!-- testReadWriteRoundtrip -->
      </class> <!-- io.kaitai.struct.specwrite.TestProcessRepeatBytes -->
      <class name="io.kaitai.struct.specwrite.TestValidFailContents">
        <test-method status="PASS" signature="testCheckBadValidNoIo()[pri:0, instance:io.kaitai.struct.specwrite.TestValidFailContents@611f28f5]" name="testCheckBadValidNoIo" duration-ms="1" started-at="2026-01-27T23:47:45Z" finished-at="2026-01-27T23:47:45Z">
          <reporter-output>
          </reporter-output>
        </test-method> <!-- testCheckBadValidNoIo -->
        <test-method status="SKIP" signature="testReadWriteRoundtrip()[pri:0, instance:io.kaitai.struct.specwrite.TestValidFailContents@611f28f5]" name="testReadWriteRoundtrip" duration-ms="0" started-at="2026-01-27T23:47:45Z" finished-at="2026-01-27T23:47:45Z">
          <exception class="org.testng.SkipException">
            <message>
              <![CDATA[cannot use roundtrip because parsing is expected to fail]]>
            </message>
            <full-stacktrace>
              <![CDATA[org.testng.SkipException: cannot use roundtrip because parsing is expected to fail
	at io.kaitai.struct.specwrite.TestValidFailContents.testReadWriteRoundtrip(TestValidFailContents.java:24)
	at sun.reflect.NativeMethodAccessorImpl.invoke0(Native Method)
	at sun.reflect.NativeMethodAccessorImpl.invoke(NativeMethodAccessorImpl.java:62)
	at sun.reflect.DelegatingMethodAccessorImpl.invoke(DelegatingMethodAccessorImpl.java:43)
	at java.lang.reflect.Method.invoke(Method.java:498)
	at org.testng.internal.MethodInvocationHelper.invokeMethod(MethodInvocationHelper.java:86)
	at org.testng.internal.Invoker.invokeMethod(Invoker.java:643)
	at org.testng.internal.Invoker.invokeTestMethod(Invoker.java:820)
	at org.testng.internal.Invoker.invokeTestMethods(Invoker.java:1128)
	at org.testng.internal.TestMethodWorker.invokeTestMethods(TestMethodWorker.java:129)
	at org.testng.internal.TestMethodWorker.run(TestMethodWorker.java:112)
	at org.testng.TestRunner.privateRun(TestRunner.java:782)
	at org.testng.TestRunner.run(TestRunner.java:632)
	at org.testng.SuiteRunner.runTest(SuiteRunner.java:366)
	at org.testng.SuiteRunner.runSequentially(SuiteRunner.java:361)
	at org.testng.SuiteRunner.privateRun(SuiteRunner.java:319)
	at org.testng.SuiteRunner.run(SuiteRunner.java:268)
	at org.testng.SuiteRunnerWorker.runSuite(SuiteRunnerWorker.java:52)
	at org.testng.SuiteRunnerWorker.run(SuiteRunnerWorker.java:86)
	at org.testng.TestNG.runSuitesSequentially(TestNG.java:1244)
	at org.testng.TestNG.runSuitesLocally(TestNG.java:1169)
	at org.testng.TestNG.run(TestNG.java:1064)
	at org.testng.TestNG.privateMain(TestNG.java:1385)
	at org.testng.TestNG.main(TestNG.java:1354)
]]>
            </full-stacktrace>
          </exception> <!-- org.testng.SkipException -->
          <reporter-output>
          </reporter-output>
        </test-method> <!-- testReadWriteRoundtrip -->
        <test-method status="PASS" signature="testCheckBadValidOldIo()[pri:0, instance:io.kaitai.struct.specwrite.TestValidFailContents@611f28f5]" name="testCheckBadValidOldIo" duration-ms="0" started-at="2026-01-27T23:47:45Z" finished-at="2026-01-27T23:47:45Z">
          <reporter-output>
          </reporter-output>
        </test-method> <!-- testCheckBadValidOldIo -->
      </class> <!-- io.kaitai.struct.specwrite.TestValidFailContents -->
      <class name="io.kaitai.struct.specwrite.TestNavParentSwitchCast">
        <test-method status="PASS" signature="testReadWriteRoundtrip()[pri:0, instance:io.kaitai.struct.specwrite.TestNavParentSwitchCast@23ba2c1e]" name="testReadWriteRoundtrip" duration-ms="1" started-at="2026-01-27T23:47:46Z" finished-at="2026-01-27T23:47:46Z">
          <reporter-output>
          </reporter-output>
        </test-method> <!-- testReadWriteRoundtrip -->
      </class> <!-- io.kaitai.struct.specwrite.TestNavParentSwitchCast -->
      <class name="io.kaitai.struct.specwrite.TestStrEosPadTermEqual">
        <test-method status="PASS" signature="testReadWriteRoundtrip()[pri:0, instance:io.kaitai.struct.specwrite.TestStrEosPadTermEqual@47541b42]" name="testReadWriteRoundtrip" duration-ms="3" started-at="2026-01-27T23:47:46Z" finished-at="2026-01-27T23:47:46Z">
          <reporter-output>
          </reporter-output>
        </test-method> <!-- testReadWriteRoundtrip -->
      </class> <!-- io.kaitai.struct.specwrite.TestStrEosPadTermEqual -->
      <class name="io.kaitai.struct.specwrite.TestProcessRepeatUsertypeDynargCustom">
        <test-method status="PASS" signature="testReadWriteRoundtrip()[pri:0, instance:io.kaitai.struct.specwrite.TestProcessRepeatUsertypeDynargCustom@49868df8]" name="testReadWriteRoundtrip" duration-ms="2" started-at="2026-01-27T23:47:46Z" finished-at="2026-01-27T23:47:46Z">
          <reporter-output>
          </reporter-output>
        </test-method> <!-- testReadWriteRoundtrip -->
      </class> <!-- io.kaitai.struct.specwrite.TestProcessRepeatUsertypeDynargCustom -->
      <class name="io.kaitai.struct.specwrite.TestProcessXorValue">
        <test-method status="PASS" signature="testReadWriteRoundtrip()[pri:0, instance:io.kaitai.struct.specwrite.TestProcessXorValue@526a1b51]" name="testReadWriteRoundtrip" duration-ms="1" started-at="2026-01-27T23:47:45Z" finished-at="2026-01-27T23:47:45Z">
          <reporter-output>
          </reporter-output>
        </test-method> <!-- testReadWriteRoundtrip -->
      </class> <!-- io.kaitai.struct.specwrite.TestProcessXorValue -->
      <class name="io.kaitai.struct.specwrite.TestDebugEnumName">
        <test-method status="PASS" signature="testReadWriteRoundtrip()[pri:0, instance:io.kaitai.struct.specwrite.TestDebugEnumName@367e0b0e]" name="testReadWriteRoundtrip" duration-ms="2" started-at="2026-01-27T23:47:45Z" finished-at="2026-01-27T23:47:45Z">
          <reporter-output>
          </reporter-output>
        </test-method> <!-- testReadWriteRoundtrip -->
      </class> <!-- io.kaitai.struct.specwrite.TestDebugEnumName -->
      <class name="io.kaitai.struct.specwrite.TestRepeatNTermStruct">
        <test-method status="PASS" signature="testReadWriteRoundtrip()[pri:0, instance:io.kaitai.struct.specwrite.TestRepeatNTermStruct@7725470b]" name="testReadWriteRoundtrip" duration-ms="2" started-at="2026-01-27T23:47:45Z" finished-at="2026-01-27T23:47:45Z">
          <reporter-output>
          </reporter-output>
        </test-method> <!-- testReadWriteRoundtrip -->
      </class> <!-- io.kaitai.struct.specwrite.TestRepeatNTermStruct -->
      <class name="io.kaitai.struct.specwrite.TestOpaqueExternalType02Parent">
        <test-method status="PASS" signature="testReadWriteRoundtrip()[pri:0, instance:io.kaitai.struct.specwrite.TestOpaqueExternalType02Parent@d20e900]" name="testReadWriteRoundtrip" duration-ms="1" started-at="2026-01-27T23:47:46Z" finished-at="2026-01-27T23:47:46Z">
          <reporter-output>
          </reporter-output>
        </test-method> <!-- testReadWriteRoundtrip -->
      </class> <!-- io.kaitai.struct.specwrite.TestOpaqueExternalType02Parent -->
      <class name="io.kaitai.struct.specwrite.TestSwitchManualStrElse">
        <test-method status="PASS" signature="testReadWriteRoundtrip()[pri:0, instance:io.kaitai.struct.specwrite.TestSwitchManualStrElse@17db90a7]" name="testReadWriteRoundtrip" duration-ms="2" started-at="2026-01-27T23:47:45Z" finished-at="2026-01-27T23:47:45Z">
          <reporter-output>
          </reporter-output>
        </test-method> <!-- testReadWriteRoundtrip -->
      </class> <!-- io.kaitai.struct.specwrite.TestSwitchManualStrElse -->
      <class name="io.kaitai.struct.specwrite.TestValidEqStrEncodings">
        <test-method status="PASS" signature="testReadWriteRoundtrip()[pri:0, instance:io.kaitai.struct.specwrite.TestValidEqStrEncodings@c925ae1]" name="testReadWriteRoundtrip" duration-ms="1" started-at="2026-01-27T23:47:45Z" finished-at="2026-01-27T23:47:45Z">
          <reporter-output>
          </reporter-output>
        </test-method> <!-- testReadWriteRoundtrip -->
      </class> <!-- io.kaitai.struct.specwrite.TestValidEqStrEncodings -->
      <class name="io.kaitai.struct.specwrite.TestSwitchMultiBoolOps">
        <test-method status="PASS" signature="testReadWriteRoundtrip()[pri:0, instance:io.kaitai.struct.specwrite.TestSwitchMultiBoolOps@46cb9794]" name="testReadWriteRoundtrip" duration-ms="1" started-at="2026-01-27T23:47:46Z" finished-at="2026-01-27T23:47:46Z">
          <reporter-output>
          </reporter-output>
        </test-method> <!-- testReadWriteRoundtrip -->
      </class> <!-- io.kaitai.struct.specwrite.TestSwitchMultiBoolOps -->
      <class name="io.kaitai.struct.specwrite.TestIntegers">
        <test-method status="PASS" signature="testReadWriteRoundtrip()[pri:0, instance:io.kaitai.struct.specwrite.TestIntegers@1106a9cc]" name="testReadWriteRoundtrip" duration-ms="6" started-at="2026-01-27T23:47:46Z" finished-at="2026-01-27T23:47:46Z">
          <reporter-output>
          </reporter-output>
        </test-method> <!-- testReadWriteRoundtrip -->
      </class> <!-- io.kaitai.struct.specwrite.TestIntegers -->
      <class name="io.kaitai.struct.specwrite.TestIfInstances">
        <test-method status="PASS" signature="testReadWriteRoundtrip()[pri:0, instance:io.kaitai.struct.specwrite.TestIfInstances@6c165921]" name="testReadWriteRoundtrip" duration-ms="1" started-at="2026-01-27T23:47:46Z" finished-at="2026-01-27T23:47:46Z">
          <reporter-output>
          </reporter-output>
        </test-method> <!-- testReadWriteRoundtrip -->
      </class> <!-- io.kaitai.struct.specwrite.TestIfInstances -->
      <class name="io.kaitai.struct.specwrite.TestImportsRel1">
        <test-method status="PASS" signature="testReadWriteRoundtrip()[pri:0, instance:io.kaitai.struct.specwrite.TestImportsRel1@7f478529]" name="testReadWriteRoundtrip" duration-ms="1" started-at="2026-01-27T23:47:46Z" finished-at="2026-01-27T23:47:46Z">
          <reporter-output>
          </reporter-output>
        </test-method> <!-- testReadWriteRoundtrip -->
      </class> <!-- io.kaitai.struct.specwrite.TestImportsRel1 -->
      <class name="io.kaitai.struct.specwrite.TestTermStrz2">
        <test-method status="PASS" signature="testReadWriteRoundtrip()[pri:0, instance:io.kaitai.struct.specwrite.TestTermStrz2@16c6d5a2]" name="testReadWriteRoundtrip" duration-ms="1" started-at="2026-01-27T23:47:46Z" finished-at="2026-01-27T23:47:46Z">
          <reporter-output>
          </reporter-output>
        </test-method> <!-- testReadWriteRoundtrip -->
      </class> <!-- io.kaitai.struct.specwrite.TestTermStrz2 -->
      <class name="io.kaitai.struct.specwrite.TestTermStrz4">
        <test-method status="PASS" signature="testReadWriteRoundtrip()[pri:0, instance:io.kaitai.struct.specwrite.TestTermStrz4@282c0891]" name="testReadWriteRoundtrip" duration-ms="1" started-at="2026-01-27T23:47:46Z" finished-at="2026-01-27T23:47:46Z">
          <reporter-output>
          </reporter-output>
        </test-method> <!-- testReadWriteRoundtrip -->
      </class> <!-- io.kaitai.struct.specwrite.TestTermStrz4 -->
      <class name="io.kaitai.struct.specwrite.TestTermStrz3">
        <test-method status="PASS" signature="testReadWriteRoundtrip()[pri:0, instance:io.kaitai.struct.specwrite.TestTermStrz3@2165b170]" name="testReadWriteRoundtrip" duration-ms="0" started-at="2026-01-27T23:47:45Z" finished-at="2026-01-27T23:47:45Z">
          <reporter-output>
          </reporter-output>
        </test-method> <!-- testReadWriteRoundtrip -->
      </class> <!-- io.kaitai.struct.specwrite.TestTermStrz3 -->
      <class name="io.kaitai.struct.specwrite.TestValidFailInst">
        <test-method status="PASS" signature="testCheckBadValidNoIo()[pri:0, instance:io.kaitai.struct.specwrite.TestValidFailInst@54d62c35]" name="testCheckBadValidNoIo" duration-ms="1" started-at="2026-01-27T23:47:46Z" finished-at="2026-01-27T23:47:46Z">
          <reporter-output>
          </reporter-output>
        </test-method> <!-- testCheckBadValidNoIo -->
        <test-method status="SKIP" signature="testReadWriteRoundtrip()[pri:0, instance:io.kaitai.struct.specwrite.TestValidFailInst@54d62c35]" name="testReadWriteRoundtrip" duration-ms="0" started-at="2026-01-27T23:47:46Z" finished-at="2026-01-27T23:47:46Z">
          <exception class="org.testng.SkipException">
            <message>
              <![CDATA[cannot use roundtrip because parsing is expected to fail]]>
            </message>
            <full-stacktrace>
              <![CDATA[org.testng.SkipException: cannot use roundtrip because parsing is expected to fail
	at io.kaitai.struct.specwrite.TestValidFailInst.testReadWriteRoundtrip(TestValidFailInst.java:24)
	at sun.reflect.NativeMethodAccessorImpl.invoke0(Native Method)
	at sun.reflect.NativeMethodAccessorImpl.invoke(NativeMethodAccessorImpl.java:62)
	at sun.reflect.DelegatingMethodAccessorImpl.invoke(DelegatingMethodAccessorImpl.java:43)
	at java.lang.reflect.Method.invoke(Method.java:498)
	at org.testng.internal.MethodInvocationHelper.invokeMethod(MethodInvocationHelper.java:86)
	at org.testng.internal.Invoker.invokeMethod(Invoker.java:643)
	at org.testng.internal.Invoker.invokeTestMethod(Invoker.java:820)
	at org.testng.internal.Invoker.invokeTestMethods(Invoker.java:1128)
	at org.testng.internal.TestMethodWorker.invokeTestMethods(TestMethodWorker.java:129)
	at org.testng.internal.TestMethodWorker.run(TestMethodWorker.java:112)
	at org.testng.TestRunner.privateRun(TestRunner.java:782)
	at org.testng.TestRunner.run(TestRunner.java:632)
	at org.testng.SuiteRunner.runTest(SuiteRunner.java:366)
	at org.testng.SuiteRunner.runSequentially(SuiteRunner.java:361)
	at org.testng.SuiteRunner.privateRun(SuiteRunner.java:319)
	at org.testng.SuiteRunner.run(SuiteRunner.java:268)
	at org.testng.SuiteRunnerWorker.runSuite(SuiteRunnerWorker.java:52)
	at org.testng.SuiteRunnerWorker.run(SuiteRunnerWorker.java:86)
[...]
          <reporter-output>
          </reporter-output>
        </test-method> <!-- testReadWriteRoundtrip -->
      </class> <!-- io.kaitai.struct.specwrite.TestFloatingPoints -->
      <class name="io.kaitai.struct.specwrite.TestProcessXor4Value">
        <test-method status="PASS" signature="testReadWriteRoundtrip()[pri:0, instance:io.kaitai.struct.specwrite.TestProcessXor4Value@7314f4cb]" name="testReadWriteRoundtrip" duration-ms="1" started-at="2026-01-27T23:47:46Z" finished-at="2026-01-27T23:47:46Z">
          <reporter-output>
          </reporter-output>
        </test-method> <!-- testReadWriteRoundtrip -->
      </class> <!-- io.kaitai.struct.specwrite.TestProcessXor4Value -->
      <class name="io.kaitai.struct.specwrite.TestSwitchManualStr">
        <test-method status="PASS" signature="testReadWriteRoundtrip()[pri:0, instance:io.kaitai.struct.specwrite.TestSwitchManualStr@38a6ca39]" name="testReadWriteRoundtrip" duration-ms="2" started-at="2026-01-27T23:47:46Z" finished-at="2026-01-27T23:47:46Z">
          <reporter-output>
          </reporter-output>
        </test-method> <!-- testReadWriteRoundtrip -->
      </class> <!-- io.kaitai.struct.specwrite.TestSwitchManualStr -->
      <class name="io.kaitai.struct.specwrite.TestSwitchManualIntSizeElse">
        <test-method status="PASS" signature="testReadWriteRoundtrip()[pri:0, instance:io.kaitai.struct.specwrite.TestSwitchManualIntSizeElse@6f5d292c]" name="testReadWriteRoundtrip" duration-ms="2" started-at="2026-01-27T23:47:46Z" finished-at="2026-01-27T23:47:46Z">
          <reporter-output>
          </reporter-output>
        </test-method> <!-- testReadWriteRoundtrip -->
      </class> <!-- io.kaitai.struct.specwrite.TestSwitchManualIntSizeElse -->
      <class name="io.kaitai.struct.specwrite.TestEnumIntRangeS">
        <test-method status="PASS" signature="testReadWriteRoundtrip()[pri:0, instance:io.kaitai.struct.specwrite.TestEnumIntRangeS@67887bf2]" name="testReadWriteRoundtrip" duration-ms="1" started-at="2026-01-27T23:47:45Z" finished-at="2026-01-27T23:47:45Z">
          <reporter-output>
          </reporter-output>
        </test-method> <!-- testReadWriteRoundtrip -->
      </class> <!-- io.kaitai.struct.specwrite.TestEnumIntRangeS -->
      <class name="io.kaitai.struct.specwrite.TestEnumDeepLiterals">
        <test-method status="PASS" signature="testReadWriteRoundtrip()[pri:0, instance:io.kaitai.struct.specwrite.TestEnumDeepLiterals@1ae69abe]" name="testReadWriteRoundtrip" duration-ms="0" started-at="2026-01-27T23:47:46Z" finished-at="2026-01-27T23:47:46Z">
          <reporter-output>
          </reporter-output>
        </test-method> <!-- testReadWriteRoundtrip -->
      </class> <!-- io.kaitai.struct.specwrite.TestEnumDeepLiterals -->
      <class name="io.kaitai.struct.specwrite.TestValidFailEqBytes">
        <test-method status="SKIP" signature="testReadWriteRoundtrip()[pri:0, instance:io.kaitai.struct.specwrite.TestValidFailEqBytes@5c0d876c]" name="testReadWriteRoundtrip" duration-ms="0" started-at="2026-01-27T23:47:46Z" finished-at="2026-01-27T23:47:46Z">
          <exception class="org.testng.SkipException">
            <message>
              <![CDATA[cannot use roundtrip because parsing is expected to fail]]>
            </message>
            <full-stacktrace>
              <![CDATA[org.testng.SkipException: cannot use roundtrip because parsing is expected to fail
	at io.kaitai.struct.specwrite.TestValidFailEqBytes.testReadWriteRoundtrip(TestValidFailEqBytes.java:24)
	at sun.reflect.NativeMethodAccessorImpl.invoke0(Native Method)
	at sun.reflect.NativeMethodAccessorImpl.invoke(NativeMethodAccessorImpl.java:62)
	at sun.reflect.DelegatingMethodAccessorImpl.invoke(DelegatingMethodAccessorImpl.java:43)
	at java.lang.reflect.Method.invoke(Method.java:498)
	at org.testng.internal.MethodInvocationHelper.invokeMethod(MethodInvocationHelper.java:86)
	at org.testng.internal.Invoker.invokeMethod(Invoker.java:643)
	at org.testng.internal.Invoker.invokeTestMethod(Invoker.java:820)
	at org.testng.internal.Invoker.invokeTestMethods(Invoker.java:1128)
	at org.testng.internal.TestMethodWorker.invokeTestMethods(TestMethodWorker.java:129)
	at org.testng.internal.TestMethodWorker.run(TestMethodWorker.java:112)
	at org.testng.TestRunner.privateRun(TestRunner.java:782)
	at org.testng.TestRunner.run(TestRunner.java:632)
	at org.testng.SuiteRunner.runTest(SuiteRunner.java:366)
	at org.testng.SuiteRunner.runSequentially(SuiteRunner.java:361)
	at org.testng.SuiteRunner.privateRun(SuiteRunner.java:319)
	at org.testng.SuiteRunner.run(SuiteRunner.java:268)
	at org.testng.SuiteRunnerWorker.runSuite(SuiteRunnerWorker.java:52)
	at org.testng.SuiteRunnerWorker.run(SuiteRunnerWorker.java:86)
	at org.testng.TestNG.runSuitesSequentially(TestNG.java:1244)
	at org.testng.TestNG.runSuitesLocally(TestNG.java:1169)
	at org.testng.TestNG.run(TestNG.java:1064)
	at org.testng.TestNG.privateMain(TestNG.java:1385)
	at org.testng.TestNG.main(TestNG.java:1354)
]]>
            </full-stacktrace>
          </exception> <!-- org.testng.SkipException -->
          <reporter-output>
          </reporter-output>
        </test-method> <!-- testReadWriteRoundtrip -->
        <test-method status="PASS" signature="testCheckBadValidNoIo()[pri:0, instance:io.kaitai.struct.specwrite.TestValidFailEqBytes@5c0d876c]" name="testCheckBadValidNoIo" duration-ms="0" started-at="2026-01-27T23:47:46Z" finished-at="2026-01-27T23:47:46Z">
          <reporter-output>
          </reporter-output>
        </test-method> <!-- testCheckBadValidNoIo -->
        <test-method status="PASS" signature="testCheckBadValidOldIo()[pri:0, instance:io.kaitai.struct.specwrite.TestValidFailEqBytes@5c0d876c]" name="testCheckBadValidOldIo" duration-ms="0" started-at="2026-01-27T23:47:46Z" finished-at="2026-01-27T23:47:46Z">
          <reporter-output>
          </reporter-output>
        </test-method> <!-- testCheckBadValidOldIo -->
      </class> <!-- io.kaitai.struct.specwrite.TestValidFailEqBytes -->
      <class name="io.kaitai.struct.specwrite.TestEnumIntRangeU">
        <test-method status="PASS" signature="testReadWriteRoundtrip()[pri:0, instance:io.kaitai.struct.specwrite.TestEnumIntRangeU@7cd6b76a]" name="testReadWriteRoundtrip" duration-ms="0" started-at="2026-01-27T23:47:45Z" finished-at="2026-01-27T23:47:45Z">
          <reporter-output>
          </reporter-output>
        </test-method> <!-- testReadWriteRoundtrip -->
      </class> <!-- io.kaitai.struct.specwrite.TestEnumIntRangeU -->
      <class name="io.kaitai.struct.specwrite.TestProcessRotate">
        <test-method status="PASS" signature="testCheckSizeMismatchCheckOrWrite()[pri:0, instance:io.kaitai.struct.specwrite.TestProcessRotate@72a45b71]" name="testCheckSizeMismatchCheckOrWrite" duration-ms="1" started-at="2026-01-27T23:47:45Z" finished-at="2026-01-27T23:47:45Z">
          <exception class="io.kaitai.struct.ConsistencyError">
            <message>
              <![CDATA[Check failed: buf2, expected: 5, actual: 12]]>
            </message>
            <full-stacktrace>
              <![CDATA[io.kaitai.struct.ConsistencyError: Check failed: buf2, expected: 5, actual: 12
	at io.kaitai.struct.testwrite.ProcessRotate._write_Seq(ProcessRotate.java:54)
	at io.kaitai.struct.KaitaiStruct$ReadWrite._write(KaitaiStruct.java:76)
	at io.kaitai.struct.KaitaiStruct$ReadWrite._write(KaitaiStruct.java:83)
	at io.kaitai.struct.specwrite.TestProcessRotate.testCheckSizeMismatchCheckOrWrite(TestProcessRotate.java:52)
	at sun.reflect.NativeMethodAccessorImpl.invoke0(Native Method)
	at sun.reflect.NativeMethodAccessorImpl.invoke(NativeMethodAccessorImpl.java:62)
	at sun.reflect.DelegatingMethodAccessorImpl.invoke(DelegatingMethodAccessorImpl.java:43)
	at java.lang.reflect.Method.invoke(Method.java:498)
	at org.testng.internal.MethodInvocationHelper.invokeMethod(MethodInvocationHelper.java:86)
	at org.testng.internal.Invoker.invokeMethod(Invoker.java:643)
	at org.testng.internal.Invoker.invokeTestMethod(Invoker.java:820)
	at org.testng.internal.Invoker.invokeTestMethods(Invoker.java:1128)
	at org.testng.internal.TestMethodWorker.invokeTestMethods(TestMethodWorker.java:129)
	at org.testng.internal.TestMethodWorker.run(TestMethodWorker.java:112)
	at org.testng.TestRunner.privateRun(TestRunner.java:782)
	at org.testng.TestRunner.run(TestRunner.java:632)
	at org.testng.SuiteRunner.runTest(SuiteRunner.java:366)
	at org.testng.SuiteRunner.runSequentially(SuiteRunner.java:361)
	at org.testng.SuiteRunner.privateRun(SuiteRunner.java:319)
	at org.testng.SuiteRunner.run(SuiteRunner.java:268)
	at org.testng.SuiteRunnerWorker.runSuite(SuiteRunnerWorker.java:52)
	at org.testng.SuiteRunnerWorker.run(SuiteRunnerWorker.java:86)
	at org.testng.TestNG.runSuitesSequentially(TestNG.java:1244)
	at org.testng.TestNG.runSuitesLocally(TestNG.java:1169)
	at org.testng.TestNG.run(TestNG.java:1064)
	at org.testng.TestNG.privateMain(TestNG.java:1385)
	at org.testng.TestNG.main(TestNG.java:1354)
]]>
            </full-stacktrace>
          </exception> <!-- io.kaitai.struct.ConsistencyError -->
          <reporter-output>
          </reporter-output>
        </test-method> <!-- testCheckSizeMismatchCheckOrWrite -->
        <test-method status="FAIL" signature="testCheckSizeMismatchCheck()[pri:0, instance:io.kaitai.struct.specwrite.TestProcessRotate@72a45b71]" name="testCheckSizeMismatchCheck" duration-ms="0" started-at="2026-01-27T23:47:45Z" finished-at="2026-01-27T23:47:45Z">
          <exception class="org.testng.TestException">
            <message>
              <![CDATA[
Method TestProcessRotate.testCheckSizeMismatchCheck()[pri:0, instance:io.kaitai.struct.specwrite.TestProcessRotate@72a45b71] should have thrown an exception of type class io.kaitai.struct.ConsistencyError]]>
            </message>
            <full-stacktrace>
              <![CDATA[org.testng.TestException: 
Method TestProcessRotate.testCheckSizeMismatchCheck()[pri:0, instance:io.kaitai.struct.specwrite.TestProcessRotate@72a45b71] should have thrown an exception of type class io.kaitai.struct.ConsistencyError
	at org.testng.internal.ExpectedExceptionsHolder.noException(ExpectedExceptionsHolder.java:89)
	at org.testng.internal.Invoker.handleInvocationResults(Invoker.java:1381)
	at org.testng.internal.Invoker.invokeMethod(Invoker.java:681)
	at org.testng.internal.Invoker.invokeTestMethod(Invoker.java:820)
	at org.testng.internal.Invoker.invokeTestMethods(Invoker.java:1128)
	at org.testng.internal.TestMethodWorker.invokeTestMethods(TestMethodWorker.java:129)
	at org.testng.internal.TestMethodWorker.run(TestMethodWorker.java:112)
	at org.testng.TestRunner.privateRun(TestRunner.java:782)
	at org.testng.TestRunner.run(TestRunner.java:632)
	at org.testng.SuiteRunner.runTest(SuiteRunner.java:366)
	at org.testng.SuiteRunner.runSequentially(SuiteRunner.java:361)
	at org.testng.SuiteRunner.privateRun(SuiteRunner.java:319)
	at org.testng.SuiteRunner.run(SuiteRunner.java:268)
	at org.testng.SuiteRunnerWorker.runSuite(SuiteRunnerWorker.java:52)
	at org.testng.SuiteRunnerWorker.run(SuiteRunnerWorker.java:86)
	at org.testng.TestNG.runSuitesSequentially(TestNG.java:1244)
	at org.testng.TestNG.runSuitesLocally(TestNG.java:1169)
	at org.testng.TestNG.run(TestNG.java:1064)
	at org.testng.TestNG.privateMain(TestNG.java:1385)
	at org.testng.TestNG.main(TestNG.java:1354)
]]>
            </full-stacktrace>
          </exception> <!-- org.testng.TestException -->
          <reporter-output>
          </reporter-output>
        </test-method> <!-- testCheckSizeMismatchCheck -->
        <test-method status="PASS" signature="testReadWriteRoundtrip()[pri:0, instance:io.kaitai.struct.specwrite.TestProcessRotate@72a45b71]" name="testReadWriteRoundtrip" duration-ms="0" started-at="2026-01-27T23:47:45Z" finished-at="2026-01-27T23:47:45Z">
          <reporter-output>
          </reporter-output>
        </test-method> <!-- testReadWriteRoundtrip -->
        <test-method status="PASS" signature="testProcessRotate()[pri:0, instance:io.kaitai.struct.specwrite.TestProcessRotate@72a45b71]" name="testProcessRotate" duration-ms="0" started-at="2026-01-27T23:47:45Z" finished-at="2026-01-27T23:47:45Z">
          <reporter-output>
          </reporter-output>
        </test-method> <!-- testProcessRotate -->
      </class> <!-- io.kaitai.struct.specwrite.TestProcessRotate -->
      <class name="io.kaitai.struct.specwrite.TestBitsEnum">
        <test-method status="PASS" signature="testReadWriteRoundtrip()[pri:0, instance:io.kaitai.struct.specwrite.TestBitsEnum@5b784f16]" name="testReadWriteRoundtrip" duration-ms="0" started-at="2026-01-27T23:47:46Z" finished-at="2026-01-27T23:47:46Z">
          <reporter-output>
          </reporter-output>
        </test-method> <!-- testReadWriteRoundtrip -->
      </class> <!-- io.kaitai.struct.specwrite.TestBitsEnum -->
      <class name="io.kaitai.struct.specwrite.TestBytesPadTermEmpty">
        <test-method status="PASS" signature="testReadWriteRoundtrip()[pri:0, instance:io.kaitai.struct.specwrite.TestBytesPadTermEmpty@1e40edb7]" name="testReadWriteRoundtrip" duration-ms="1" started-at="2026-01-27T23:47:45Z" finished-at="2026-01-27T23:47:45Z">
          <reporter-output>
          </reporter-output>
        </test-method> <!-- testReadWriteRoundtrip -->
      </class> <!-- io.kaitai.struct.specwrite.TestBytesPadTermEmpty -->
      <class name="io.kaitai.struct.specwrite.TestProcessCoerceBytes">
        <test-method status="PASS" signature="testReadWriteRoundtrip()[pri:0, instance:io.kaitai.struct.specwrite.TestProcessCoerceBytes@566dc0c3]" name="testReadWriteRoundtrip" duration-ms="1" started-at="2026-01-27T23:47:45Z" finished-at="2026-01-27T23:47:45Z">
          <reporter-output>
          </reporter-output>
        </test-method> <!-- testReadWriteRoundtrip -->
      </class> <!-- io.kaitai.struct.specwrite.TestProcessCoerceBytes -->
      <class name="io.kaitai.struct.specwrite.TestParamsPassUsertype">
        <test-method status="PASS" signature="testReadWriteRoundtrip()[pri:0, instance:io.kaitai.struct.specwrite.TestParamsPassUsertype@268ee31d]" name="testReadWriteRoundtrip" duration-ms="1" started-at="2026-01-27T23:47:45Z" finished-at="2026-01-27T23:47:45Z">
          <reporter-output>
          </reporter-output>
        </test-method> <!-- testReadWriteRoundtrip -->
      </class> <!-- io.kaitai.struct.specwrite.TestParamsPassUsertype -->
      <class name="io.kaitai.struct.specwrite.TestBitsByteAlignedEofLe">
        <test-method status="PASS" signature="testReadWriteRoundtrip()[pri:0, instance:io.kaitai.struct.specwrite.TestBitsByteAlignedEofLe@3feeab43]" name="testReadWriteRoundtrip" duration-ms="0" started-at="2026-01-27T23:47:46Z" finished-at="2026-01-27T23:47:46Z">
          <reporter-output>
          </reporter-output>
        </test-method> <!-- testReadWriteRoundtrip -->
      </class> <!-- io.kaitai.struct.specwrite.TestBitsByteAlignedEofLe -->
      <class name="io.kaitai.struct.specwrite.TestBitsSignedShiftB64Le">
        <test-method status="PASS" signature="testReadWriteRoundtrip()[pri:0, instance:io.kaitai.struct.specwrite.TestBitsSignedShiftB64Le@31d64d0f]" name="testReadWriteRoundtrip" duration-ms="0" started-at="2026-01-27T23:47:46Z" finished-at="2026-01-27T23:47:46Z">
          <reporter-output>
          </reporter-output>
        </test-method> <!-- testReadWriteRoundtrip -->
      </class> <!-- io.kaitai.struct.specwrite.TestBitsSignedShiftB64Le -->
      <class name="io.kaitai.struct.specwrite.TestValidNotParsedIf">
        <test-method status="PASS" signature="testReadWriteRoundtrip()[pri:0, instance:io.kaitai.struct.specwrite.TestValidNotParsedIf@63b4a896]" name="testReadWriteRoundtrip" duration-ms="0" started-at="2026-01-27T23:47:46Z" finished-at="2026-01-27T23:47:46Z">
          <reporter-output>
          </reporter-output>
        </test-method> <!-- testReadWriteRoundtrip -->
      </class> <!-- io.kaitai.struct.specwrite.TestValidNotParsedIf -->
      <class name="io.kaitai.struct.specwrite.TestEnumDeep">
        <test-method status="PASS" signature="testReadWriteRoundtrip()[pri:0, instance:io.kaitai.struct.specwrite.TestEnumDeep@5f72aaed]" name="testReadWriteRoundtrip" duration-ms="1" started-at="2026-01-27T23:47:45Z" finished-at="2026-01-27T23:47:45Z">
          <reporter-output>
          </reporter-output>
        </test-method> <!-- testReadWriteRoundtrip -->
      </class> <!-- io.kaitai.struct.specwrite.TestEnumDeep -->
      <class name="io.kaitai.struct.specwrite.TestValidFailRangeStr">
        <test-method status="PASS" signature="testCheckBadValidOldIo()[pri:0, instance:io.kaitai.struct.specwrite.TestValidFailRangeStr@6aa7d7a0]" name="testCheckBadValidOldIo" duration-ms="0" started-at="2026-01-27T23:47:46Z" finished-at="2026-01-27T23:47:46Z">
          <reporter-output>
          </reporter-output>
        </test-method> <!-- testCheckBadValidOldIo -->
        <test-method status="SKIP" signature="testReadWriteRoundtrip()[pri:0, instance:io.kaitai.struct.specwrite.TestValidFailRangeStr@6aa7d7a0]" name="testReadWriteRoundtrip" duration-ms="0" started-at="2026-01-27T23:47:46Z" finished-at="2026-01-27T23:47:46Z">
          <exception class="org.testng.SkipException">
            <message>
              <![CDATA[cannot use roundtrip because parsing is expected to fail]]>
            </message>
            <full-stacktrace>
              <![CDATA[org.testng.SkipException: cannot use roundtrip because parsing is expected to fail
	at io.kaitai.struct.specwrite.TestValidFailRangeStr.testReadWriteRoundtrip(TestValidFailRangeStr.java:24)
	at sun.reflect.NativeMethodAccessorImpl.invoke0(Native Method)
	at sun.reflect.NativeMethodAccessorImpl.invoke(NativeMethodAccessorImpl.java:62)
	at sun.reflect.DelegatingMethodAccessorImpl.invoke(DelegatingMethodAccessorImpl.java:43)
	at java.lang.reflect.Method.invoke(Method.java:498)
	at org.testng.internal.MethodInvocationHelper.invokeMethod(MethodInvocationHelper.java:86)
	at org.testng.internal.Invoker.invokeMethod(Invoker.java:643)
	at org.testng.internal.Invoker.invokeTestMethod(Invoker.java:820)
	at org.testng.internal.Invoker.invokeTestMethods(Invoker.java:1128)
	at org.testng.internal.TestMethodWorker.invokeTestMethods(TestMethodWorker.java:129)
	at org.testng.internal.TestMethodWorker.run(TestMethodWorker.java:112)
	at org.testng.TestRunner.privateRun(TestRunner.java:782)
	at org.testng.TestRunner.run(TestRunner.java:632)
	at org.testng.SuiteRunner.runTest(SuiteRunner.java:366)
	at org.testng.SuiteRunner.runSequentially(SuiteRunner.java:361)
	at org.testng.SuiteRunner.privateRun(SuiteRunner.java:319)
	at org.testng.SuiteRunner.run(SuiteRunner.java:268)
	at org.testng.SuiteRunnerWorker.runSuite(SuiteRunnerWorker.java:52)
	at org.testng.SuiteRunnerWorker.run(SuiteRunnerWorker.java:86)
	at org.testng.TestNG.runSuitesSequentially(TestNG.java:1244)
	at org.testng.TestNG.runSuitesLocally(TestNG.java:1169)
	at org.testng.TestNG.run(TestNG.java:1064)
	at org.testng.TestNG.privateMain(TestNG.java:1385)
	at org.testng.TestNG.main(TestNG.java:1354)
]]>
            </full-stacktrace>
          </exception> <!-- org.testng.SkipException -->
          <reporter-output>
          </reporter-output>
        </test-method> <!-- testReadWriteRoundtrip -->
        <test-method status="PASS" signature="testCheckBadValidNoIo()[pri:0, instance:io.kaitai.struct.specwrite.TestValidFailRangeStr@6aa7d7a0]" name="testCheckBadValidNoIo" duration-ms="0" started-at="2026-01-27T23:47:46Z" finished-at="2026-01-27T23:47:46Z">
          <reporter-output>
          </reporter-output>
        </test-method> <!-- testCheckBadValidNoIo -->
      </class> <!-- io.kaitai.struct.specwrite.TestValidFailRangeStr -->
    </test> <!-- specwrite -->
  </suite> <!-- Kaitai Struct Java specs -->
</testng-results>
