Scanning dependencies of target ks_tests
[  1%] Linking CXX executable ks_tests
CMakeFiles/ks_tests.dir/test_expr_str_ops.cpp.o: In function `test_expr_str_ops::test_method()':
/home/travis/build/kaitai-io/ci_targets/tests/spec/cpp_stl_98/test_expr_str_ops.cpp:12: undefined reference to `expr_str_ops_t::expr_str_ops_t(kaitai::kstream*, kaitai::kstruct*, expr_str_ops_t*)'
/home/travis/build/kaitai-io/ci_targets/tests/spec/cpp_stl_98/test_expr_str_ops.cpp:15: undefined reference to `expr_str_ops_t::one_len()'
/home/travis/build/kaitai-io/ci_targets/tests/spec/cpp_stl_98/test_expr_str_ops.cpp:16: undefined reference to `expr_str_ops_t::one_rev()'
/home/travis/build/kaitai-io/ci_targets/tests/spec/cpp_stl_98/test_expr_str_ops.cpp:17: undefined reference to `expr_str_ops_t::one_substr_0_to_3()'
/home/travis/build/kaitai-io/ci_targets/tests/spec/cpp_stl_98/test_expr_str_ops.cpp:18: undefined reference to `expr_str_ops_t::one_substr_2_to_5()'
/home/travis/build/kaitai-io/ci_targets/tests/spec/cpp_stl_98/test_expr_str_ops.cpp:19: undefined reference to `expr_str_ops_t::one_substr_3_to_3()'
/home/travis/build/kaitai-io/ci_targets/tests/spec/cpp_stl_98/test_expr_str_ops.cpp:20: undefined reference to `expr_str_ops_t::two()'
/home/travis/build/kaitai-io/ci_targets/tests/spec/cpp_stl_98/test_expr_str_ops.cpp:21: undefined reference to `expr_str_ops_t::two_len()'
/home/travis/build/kaitai-io/ci_targets/tests/spec/cpp_stl_98/test_expr_str_ops.cpp:22: undefined reference to `expr_str_ops_t::two_rev()'
/home/travis/build/kaitai-io/ci_targets/tests/spec/cpp_stl_98/test_expr_str_ops.cpp:23: undefined reference to `expr_str_ops_t::two_substr_0_to_7()'
/home/travis/build/kaitai-io/ci_targets/tests/spec/cpp_stl_98/test_expr_str_ops.cpp:24: undefined reference to `expr_str_ops_t::two_substr_4_to_10()'
/home/travis/build/kaitai-io/ci_targets/tests/spec/cpp_stl_98/test_expr_str_ops.cpp:25: undefined reference to `expr_str_ops_t::two_substr_0_to_10()'
/home/travis/build/kaitai-io/ci_targets/tests/spec/cpp_stl_98/test_expr_str_ops.cpp:26: undefined reference to `expr_str_ops_t::to_i_attr()'
/home/travis/build/kaitai-io/ci_targets/tests/spec/cpp_stl_98/test_expr_str_ops.cpp:27: undefined reference to `expr_str_ops_t::to_i_r10()'
/home/travis/build/kaitai-io/ci_targets/tests/spec/cpp_stl_98/test_expr_str_ops.cpp:28: undefined reference to `expr_str_ops_t::to_i_r2()'
/home/travis/build/kaitai-io/ci_targets/tests/spec/cpp_stl_98/test_expr_str_ops.cpp:29: undefined reference to `expr_str_ops_t::to_i_r8()'
/home/travis/build/kaitai-io/ci_targets/tests/spec/cpp_stl_98/test_expr_str_ops.cpp:30: undefined reference to `expr_str_ops_t::to_i_r16()'
CMakeFiles/ks_tests.dir/test_process_repeat_bytes.cpp.o: In function `test_process_repeat_bytes::test_method()':
/home/travis/build/kaitai-io/ci_targets/tests/spec/cpp_stl_98/test_process_repeat_bytes.cpp:12: undefined reference to `process_repeat_bytes_t::process_repeat_bytes_t(kaitai::kstream*, kaitai::kstruct*, process_repeat_bytes_t*)'
CMakeFiles/ks_tests.dir/test_enum_to_i_class_border_1.cpp.o: In function `test_enum_to_i_class_border_1::test_method()':
/home/travis/build/kaitai-io/ci_targets/tests/spec/cpp_stl_98/test_enum_to_i_class_border_1.cpp:13: undefined reference to `enum_to_i_class_border_1_t::enum_to_i_class_border_1_t(kaitai::kstream*, kaitai::kstruct*, enum_to_i_class_border_1_t*)'
/home/travis/build/kaitai-io/ci_targets/tests/spec/cpp_stl_98/test_enum_to_i_class_border_1.cpp:17: undefined reference to `enum_to_i_class_border_1_t::checker()'
/home/travis/build/kaitai-io/ci_targets/tests/spec/cpp_stl_98/test_enum_to_i_class_border_1.cpp:17: undefined reference to `enum_to_i_class_border_2_t::is_dog()'
CMakeFiles/ks_tests.dir/test_nav_parent_switch_cast.cpp.o: In function `test_nav_parent_switch_cast::test_method()':
/home/travis/build/kaitai-io/ci_targets/tests/spec/cpp_stl_98/test_nav_parent_switch_cast.cpp:12: undefined reference to `nav_parent_switch_cast_t::nav_parent_switch_cast_t(kaitai::kstream*, kaitai::kstruct*, nav_parent_switch_cast_t*)'
/home/travis/build/kaitai-io/ci_targets/tests/spec/cpp_stl_98/test_nav_parent_switch_cast.cpp:16: undefined reference to `nav_parent_switch_cast_t::foo_t::common_t::flag()'
CMakeFiles/ks_tests.dir/test_expr_ops_parens.cpp.o: In function `test_expr_ops_parens::test_method()':
/home/travis/build/kaitai-io/ci_targets/tests/spec/cpp_stl_98/test_expr_ops_parens.cpp:12: undefined reference to `expr_ops_parens_t::expr_ops_parens_t(kaitai::kstream*, kaitai::kstruct*, expr_ops_parens_t*)'
/home/travis/build/kaitai-io/ci_targets/tests/spec/cpp_stl_98/test_expr_ops_parens.cpp:14: undefined reference to `expr_ops_parens_t::i_sum_to_str()'
/home/travis/build/kaitai-io/ci_targets/tests/spec/cpp_stl_98/test_expr_ops_parens.cpp:15: undefined reference to `expr_ops_parens_t::str_concat_len()'
/home/travis/build/kaitai-io/ci_targets/tests/spec/cpp_stl_98/test_expr_ops_parens.cpp:16: undefined reference to `expr_ops_parens_t::str_concat_rev()'
/home/travis/build/kaitai-io/ci_targets/tests/spec/cpp_stl_98/test_expr_ops_parens.cpp:17: undefined reference to `expr_ops_parens_t::str_concat_substr_2_to_7()'
/home/travis/build/kaitai-io/ci_targets/tests/spec/cpp_stl_98/test_expr_ops_parens.cpp:18: undefined reference to `expr_ops_parens_t::str_concat_to_i()'
/home/travis/build/kaitai-io/ci_targets/tests/spec/cpp_stl_98/test_expr_ops_parens.cpp:19: undefined reference to `expr_ops_parens_t::bool_eq()'
/home/travis/build/kaitai-io/ci_targets/tests/spec/cpp_stl_98/test_expr_ops_parens.cpp:20: undefined reference to `expr_ops_parens_t::bool_and()'
/home/travis/build/kaitai-io/ci_targets/tests/spec/cpp_stl_98/test_expr_ops_parens.cpp:21: undefined reference to `expr_ops_parens_t::bool_or()'
clang-5.0: error: linker command failed with exit code 1 (use -v to see invocation)
make[2]: *** [ks_tests] Error 1
make[2]: Target `CMakeFiles/ks_tests.dir/build' not remade because of errors.
make[1]: *** [CMakeFiles/ks_tests.dir/all] Error 2
make[1]: Target `all' not remade because of errors.
make: *** [all] Error 2
make: Target `default_target' not remade because of errors.
