Scanning dependencies of target ks_tests
[  0%] Building CXX object CMakeFiles/ks_tests.dir/test_expr_calc_array_ops.cpp.o
[  0%] Building CXX object CMakeFiles/ks_tests.dir/home/travis/build/kaitai-io/ci_targets/tests/compiled/cpp_stl_98/enum_to_i_class_border_2.cpp.o
/home/travis/build/kaitai-io/ci_targets/tests/compiled/cpp_stl_98/enum_to_i_class_border_2.cpp:24:24: error: member access into incomplete type 'enum_to_i_class_border_2_t::enum_to_i_class_border_1_t'
    m_is_dog = parent()->some_dog() == 4;
                       ^
/home/travis/build/kaitai-io/ci_targets/tests/compiled/cpp_stl_98/enum_to_i_class_border_2.h:17:11: note: forward declaration of 'enum_to_i_class_border_2_t::enum_to_i_class_border_1_t'
    class enum_to_i_class_border_1_t;
          ^
1 error generated.
make[2]: *** [CMakeFiles/ks_tests.dir/home/travis/build/kaitai-io/ci_targets/tests/compiled/cpp_stl_98/enum_to_i_class_border_2.cpp.o] Error 1
/home/travis/build/kaitai-io/ci_targets/tests/spec/cpp_stl_98/test_expr_calc_array_ops.cpp:4:10: fatal error: 'expr_calc_array_ops.h' file not found
#include "expr_calc_array_ops.h"
         ^~~~~~~~~~~~~~~~~~~~~~~
1 error generated.
make[2]: *** [CMakeFiles/ks_tests.dir/test_expr_calc_array_ops.cpp.o] Error 1
make[2]: Target `CMakeFiles/ks_tests.dir/build' not remade because of errors.
make[1]: *** [CMakeFiles/ks_tests.dir/all] Error 2
make[1]: Target `all' not remade because of errors.
make: *** [all] Error 2
make: Target `default_target' not remade because of errors.
