Scanning dependencies of target ks_tests
[  0%] Building CXX object CMakeFiles/ks_tests.dir/home/travis/build/kaitai-io/ci_targets/runtime/cpp_stl/kaitai/kaitaistream.cpp.o
[  0%] Building CXX object CMakeFiles/ks_tests.dir/prereq/my_custom_fx.cpp.o
[  0%] Building CXX object CMakeFiles/ks_tests.dir/prereq/custom_fx.cpp.o
[  0%] Building CXX object CMakeFiles/ks_tests.dir/prereq/custom_fx_no_args.cpp.o
[  1%] Building CXX object CMakeFiles/ks_tests.dir/test_valid_fail_max_int.cpp.o
[  1%] Building CXX object CMakeFiles/ks_tests.dir/test_expr_str_ops.cpp.o
[  1%] Building CXX object CMakeFiles/ks_tests.dir/test_valid_fail_eq_bytes.cpp.o
[  1%] Building CXX object CMakeFiles/ks_tests.dir/test_params_pass_array_usertype.cpp.o
[  2%] Building CXX object CMakeFiles/ks_tests.dir/test_cast_nested.cpp.o
[  2%] Building CXX object CMakeFiles/ks_tests.dir/test_imports_circular_a.cpp.o
[  2%] Building CXX object CMakeFiles/ks_tests.dir/test_enum_long_range_s.cpp.o
/home/travis/build/kaitai-io/ci_targets/tests/spec/cpp_stl_98/test_expr_str_ops.cpp:4:26: fatal error: expr_str_ops.h: No such file or directory
 #include "expr_str_ops.h"
                          ^
compilation terminated.
[  2%] Building CXX object CMakeFiles/ks_tests.dir/test_imports_rel_1.cpp.o
In file included from /home/travis/build/kaitai-io/ci_targets/tests/spec/cpp_stl_98/test_enum_long_range_s.cpp:4:0:
/home/travis/build/kaitai-io/ci_targets/tests/compiled/cpp_stl_98/enum_long_range_s.h:18:31: warning: integer constant is so large that it is unsigned [enabled by default]
         CONSTANTS_LONG_MIN = -9223372036854775808,
                               ^
/home/travis/build/kaitai-io/ci_targets/tests/compiled/cpp_stl_98/enum_long_range_s.h:18:9: warning: this decimal constant is unsigned only in ISO C90 [enabled by default]
         CONSTANTS_LONG_MIN = -9223372036854775808,
         ^
[  3%] Building CXX object CMakeFiles/ks_tests.dir/test_process_coerce_usertype1.cpp.o
In file included from /usr/include/boost/test/unit_test.hpp:19:0,
                 from /home/travis/build/kaitai-io/ci_targets/tests/spec/cpp_stl_98/test_enum_long_range_s.cpp:3:
/usr/include/boost/test/test_tools.hpp: In instantiation of ‘void boost::test_tools::print_log_value<T>::operator()(std::ostream&, const T&) [with T = enum_long_range_s_t::constants_t; std::ostream = std::basic_ostream<char>]’:
/usr/include/boost/test/test_tools.hpp:467:40:   required from ‘std::ostream& boost::test_tools::tt_detail::operator<<(std::ostream&, const boost::test_tools::tt_detail::print_helper_t<T>&) [with T = enum_long_range_s_t::constants_t; std::ostream = std::basic_ostream<char>]’
/usr/include/boost/test/utils/lazy_ostream.hpp:74:29:   required from ‘std::ostream& boost::unit_test::lazy_ostream_impl<T>::operator()(std::ostream&) const [with T = const boost::test_tools::tt_detail::print_helper_t<enum_long_range_s_t::constants_t>&; std::ostream = std::basic_ostream<char>]’
/home/travis/build/kaitai-io/ci_targets/tests/spec/cpp_stl_98/test_enum_long_range_s.cpp:23:1:   required from here
/usr/include/boost/test/test_tools.hpp:326:14: error: ambiguous overload for ‘operator<<’ (operand types are ‘std::ostream {aka std::basic_ostream<char>}’ and ‘const enum_long_range_s_t::constants_t’)
         ostr << t; // by default print the value
              ^
/usr/include/boost/test/test_tools.hpp:326:14: note: candidates are:
In file included from /usr/include/c++/4.8/istream:39:0,
                 from /usr/include/c++/4.8/sstream:38,
                 from /usr/include/boost/test/utils/wrap_stringstream.hpp:26,
                 from /usr/include/boost/test/predicate_result.hpp:20,
                 from /usr/include/boost/test/test_tools.hpp:19,
                 from /usr/include/boost/test/unit_test.hpp:19,
                 from /home/travis/build/kaitai-io/ci_targets/tests/spec/cpp_stl_98/test_enum_long_range_s.cpp:3:
/usr/include/c++/4.8/ostream:166:7: note: std::basic_ostream<_CharT, _Traits>::__ostream_type& std::basic_ostream<_CharT, _Traits>::operator<<(long int) [with _CharT = char; _Traits = std::char_traits<char>; std::basic_ostream<_CharT, _Traits>::__ostream_type = std::basic_ostream<char>]
       operator<<(long __n)
       ^
/usr/include/c++/4.8/ostream:170:7: note: std::basic_ostream<_CharT, _Traits>::__ostream_type& std::basic_ostream<_CharT, _Traits>::operator<<(long unsigned int) [with _CharT = char; _Traits = std::char_traits<char>; std::basic_ostream<_CharT, _Traits>::__ostream_type = std::basic_ostream<char>]
       operator<<(unsigned long __n)
       ^
/usr/include/c++/4.8/ostream:174:7: note: std::basic_ostream<_CharT, _Traits>::__ostream_type& std::basic_ostream<_CharT, _Traits>::operator<<(bool) [with _CharT = char; _Traits = std::char_traits<char>; std::basic_ostream<_CharT, _Traits>::__ostream_type = std::basic_ostream<char>]
       operator<<(bool __n)
       ^
In file included from /usr/include/c++/4.8/ostream:612:0,
                 from /usr/include/c++/4.8/istream:39,
                 from /usr/include/c++/4.8/sstream:38,
                 from /usr/include/boost/test/utils/wrap_stringstream.hpp:26,
                 from /usr/include/boost/test/predicate_result.hpp:20,
                 from /usr/include/boost/test/test_tools.hpp:19,
                 from /usr/include/boost/test/unit_test.hpp:19,
                 from /home/travis/build/kaitai-io/ci_targets/tests/spec/cpp_stl_98/test_enum_long_range_s.cpp:3:
/usr/include/c++/4.8/bits/ostream.tcc:91:5: note: std::basic_ostream<CharT1, Tr>& std::basic_ostream<_CharT, _Traits>::operator<<(short int) [with _CharT = char; _Traits = std::char_traits<char>]
     basic_ostream<_CharT, _Traits>::
     ^
In file included from /usr/include/c++/4.8/istream:39:0,
                 from /usr/include/c++/4.8/sstream:38,
                 from /usr/include/boost/test/utils/wrap_stringstream.hpp:26,
                 from /usr/include/boost/test/predicate_result.hpp:20,
                 from /usr/include/boost/test/test_tools.hpp:19,
                 from /usr/include/boost/test/unit_test.hpp:19,
                 from /home/travis/build/kaitai-io/ci_targets/tests/spec/cpp_stl_98/test_enum_long_range_s.cpp:3:
/usr/include/c++/4.8/ostream:181:7: note: std::basic_ostream<_CharT, _Traits>::__ostream_type& std::basic_ostream<_CharT, _Traits>::operator<<(short unsigned int) [with _CharT = char; _Traits = std::char_traits<char>; std::basic_ostream<_CharT, _Traits>::__ostream_type = std::basic_ostream<char>]
       operator<<(unsigned short __n)
       ^
In file included from /usr/include/c++/4.8/ostream:612:0,
                 from /usr/include/c++/4.8/istream:39,
                 from /usr/include/c++/4.8/sstream:38,
                 from /usr/include/boost/test/utils/wrap_stringstream.hpp:26,
                 from /usr/include/boost/test/predicate_result.hpp:20,
                 from /usr/include/boost/test/test_tools.hpp:19,
                 from /usr/include/boost/test/unit_test.hpp:19,
                 from /home/travis/build/kaitai-io/ci_targets/tests/spec/cpp_stl_98/test_enum_long_range_s.cpp:3:
/usr/include/c++/4.8/bits/ostream.tcc:105:5: note: std::basic_ostream<CharT1, Tr>& std::basic_ostream<_CharT, _Traits>::operator<<(int) [with _CharT = char; _Traits = std::char_traits<char>]
     basic_ostream<_CharT, _Traits>::
     ^
In file included from /usr/include/c++/4.8/istream:39:0,
                 from /usr/include/c++/4.8/sstream:38,
                 from /usr/include/boost/test/utils/wrap_stringstream.hpp:26,
                 from /usr/include/boost/test/predicate_result.hpp:20,
                 from /usr/include/boost/test/test_tools.hpp:19,
                 from /usr/include/boost/test/unit_test.hpp:19,
                 from /home/travis/build/kaitai-io/ci_targets/tests/spec/cpp_stl_98/test_enum_long_range_s.cpp:3:
/usr/include/c++/4.8/ostream:192:7: note: std::basic_ostream<_CharT, _Traits>::__ostream_type& std::basic_ostream<_CharT, _Traits>::operator<<(unsigned int) [with _CharT = char; _Traits = std::char_traits<char>; std::basic_ostream<_CharT, _Traits>::__ostream_type = std::basic_ostream<char>]
       operator<<(unsigned int __n)
       ^
/usr/include/c++/4.8/ostream:201:7: note: std::basic_ostream<_CharT, _Traits>::__ostream_type& std::basic_ostream<_CharT, _Traits>::operator<<(long long int) [with _CharT = char; _Traits = std::char_traits<char>; std::basic_ostream<_CharT, _Traits>::__ostream_type = std::basic_ostream<char>]
       operator<<(long long __n)
       ^
/usr/include/c++/4.8/ostream:205:7: note: std::basic_ostream<_CharT, _Traits>::__ostream_type& std::basic_ostream<_CharT, _Traits>::operator<<(long long unsigned int) [with _CharT = char; _Traits = std::char_traits<char>; std::basic_ostream<_CharT, _Traits>::__ostream_type = std::basic_ostream<char>]
       operator<<(unsigned long long __n)
       ^
/usr/include/c++/4.8/ostream:220:7: note: std::basic_ostream<_CharT, _Traits>::__ostream_type& std::basic_ostream<_CharT, _Traits>::operator<<(double) [with _CharT = char; _Traits = std::char_traits<char>; std::basic_ostream<_CharT, _Traits>::__ostream_type = std::basic_ostream<char>]
       operator<<(double __f)
       ^
/usr/include/c++/4.8/ostream:224:7: note: std::basic_ostream<_CharT, _Traits>::__ostream_type& std::basic_ostream<_CharT, _Traits>::operator<<(float) [with _CharT = char; _Traits = std::char_traits<char>; std::basic_ostream<_CharT, _Traits>::__ostream_type = std::basic_ostream<char>]
       operator<<(float __f)
       ^
/usr/include/c++/4.8/ostream:232:7: note: std::basic_ostream<_CharT, _Traits>::__ostream_type& std::basic_ostream<_CharT, _Traits>::operator<<(long double) [with _CharT = char; _Traits = std::char_traits<char>; std::basic_ostream<_CharT, _Traits>::__ostream_type = std::basic_ostream<char>]
       operator<<(long double __f)
       ^
/usr/include/c++/4.8/ostream:493:5: note: std::basic_ostream<char, _Traits>& std::operator<<(std::basic_ostream<char, _Traits>&, unsigned char) [with _Traits = std::char_traits<char>]
     operator<<(basic_ostream<char, _Traits>& __out, unsigned char __c)
     ^
[  3%] Building CXX object CMakeFiles/ks_tests.dir/test_expr_sizeof_type_1.cpp.o
/usr/include/c++/4.8/ostream:488:5: note: std::basic_ostream<char, _Traits>& std::operator<<(std::basic_ostream<char, _Traits>&, signed char) [with _Traits = std::char_traits<char>]
     operator<<(basic_ostream<char, _Traits>& __out, signed char __c)
     ^
/usr/include/c++/4.8/ostream:482:5: note: std::basic_ostream<char, _Traits>& std::operator<<(std::basic_ostream<char, _Traits>&, char) [with _Traits = std::char_traits<char>]
     operator<<(basic_ostream<char, _Traits>& __out, char __c)
     ^
/usr/include/c++/4.8/ostream:476:5: note: std::basic_ostream<CharT1, Tr>& std::operator<<(std::basic_ostream<CharT1, Tr>&, char) [with _CharT = char; _Traits = std::char_traits<char>]
     operator<<(basic_ostream<_CharT, _Traits>& __out, char __c)
     ^
make[2]: *** [CMakeFiles/ks_tests.dir/test_enum_long_range_s.cpp.o] Error 1
[  3%] Building CXX object CMakeFiles/ks_tests.dir/test_opaque_external_type.cpp.o
[  3%] Building CXX object CMakeFiles/ks_tests.dir/test_docstrings_docref.cpp.o
[  3%] Building CXX object CMakeFiles/ks_tests.dir/test_non_standard.cpp.o
[  4%] Building CXX object CMakeFiles/ks_tests.dir/test_default_endian_expr_exception.cpp.o
[  4%] Building CXX object CMakeFiles/ks_tests.dir/test_combine_bool.cpp.o
make[2]: *** [CMakeFiles/ks_tests.dir/test_expr_str_ops.cpp.o] Error 1
[  4%] Building CXX object CMakeFiles/ks_tests.dir/test_process_repeat_bytes.cpp.o
[  4%] Building CXX object CMakeFiles/ks_tests.dir/test_bcd_user_type_be.cpp.o
[  5%] Building CXX object CMakeFiles/ks_tests.dir/test_params_pass_array_str.cpp.o
[  5%] Building CXX object CMakeFiles/ks_tests.dir/test_params_def.cpp.o
[  5%] Building CXX object CMakeFiles/ks_tests.dir/test_nav_parent2.cpp.o
[  5%] Building CXX object CMakeFiles/ks_tests.dir/test_enum_negative.cpp.o
[  6%] Building CXX object CMakeFiles/ks_tests.dir/test_nav_root.cpp.o
/home/travis/build/kaitai-io/ci_targets/tests/spec/cpp_stl_98/test_bcd_user_type_be.cpp:4:30: fatal error: bcd_user_type_be.h: No such file or directory
 #include "bcd_user_type_be.h"
                              ^
compilation terminated.
/home/travis/build/kaitai-io/ci_targets/tests/spec/cpp_stl_98/test_params_pass_array_str.cpp:4:35: fatal error: params_pass_array_str.h: No such file or directory
 #include "params_pass_array_str.h"
                                   ^
compilation terminated.
[  6%] Building CXX object CMakeFiles/ks_tests.dir/test_bits_byte_aligned.cpp.o
[  6%] Building CXX object CMakeFiles/ks_tests.dir/test_buffered_struct.cpp.o
[  6%] Building CXX object CMakeFiles/ks_tests.dir/test_valid_fail_range_str.cpp.o
[  6%] Building CXX object CMakeFiles/ks_tests.dir/test_repeat_until_complex.cpp.o
[  7%] Building CXX object CMakeFiles/ks_tests.dir/test_expr_int_div.cpp.o
[  7%] Building CXX object CMakeFiles/ks_tests.dir/test_bits_seq_endian_combo.cpp.o
[  7%] Building CXX object CMakeFiles/ks_tests.dir/test_enum_import.cpp.o
make[2]: *** [CMakeFiles/ks_tests.dir/test_params_pass_array_str.cpp.o] Error 1
[  7%] Building CXX object CMakeFiles/ks_tests.dir/test_index_to_param_eos.cpp.o
make[2]: *** [CMakeFiles/ks_tests.dir/test_bcd_user_type_be.cpp.o] Error 1
[  8%] Building CXX object CMakeFiles/ks_tests.dir/test_hello_world.cpp.o
[  8%] Building CXX object CMakeFiles/ks_tests.dir/test_fixed_struct.cpp.o
[  8%] Building CXX object CMakeFiles/ks_tests.dir/test_type_ternary_opaque.cpp.o
[  8%] Building CXX object CMakeFiles/ks_tests.dir/test_expr_enum.cpp.o
[  9%] Building CXX object CMakeFiles/ks_tests.dir/test_integers_double_overflow.cpp.o
[  9%] Building CXX object CMakeFiles/ks_tests.dir/test_expr_1.cpp.o
In file included from /home/travis/build/kaitai-io/ci_targets/tests/spec/cpp_stl_98/test_enum_import.cpp:4:0:
/home/travis/build/kaitai-io/ci_targets/tests/compiled/cpp_stl_98/enum_import.h:27:5: error: ‘enum_0_t’ does not name a type
     enum_0_t::animal_t m_pet_1;
     ^
/home/travis/build/kaitai-io/ci_targets/tests/compiled/cpp_stl_98/enum_import.h:28:5: error: ‘enum_deep_t’ does not name a type
     enum_deep_t::container1_t::container2_t::animal_t m_pet_2;
     ^
/home/travis/build/kaitai-io/ci_targets/tests/compiled/cpp_stl_98/enum_import.h:33:5: error: ‘enum_0_t’ does not name a type
     enum_0_t::animal_t pet_1() const { return m_pet_1; }
     ^
/home/travis/build/kaitai-io/ci_targets/tests/compiled/cpp_stl_98/enum_import.h:34:5: error: ‘enum_deep_t’ does not name a type
     enum_deep_t::container1_t::container2_t::animal_t pet_2() const { return m_pet_2; }
     ^
In file included from /usr/include/boost/test/unit_test.hpp:19:0,
                 from /home/travis/build/kaitai-io/ci_targets/tests/spec/cpp_stl_98/test_enum_import.cpp:3:
/home/travis/build/kaitai-io/ci_targets/tests/spec/cpp_stl_98/test_enum_import.cpp: In member function ‘void test_enum_import::test_method()’:
/home/travis/build/kaitai-io/ci_targets/tests/spec/cpp_stl_98/test_enum_import.cpp:16:26: error: ‘class enum_import_t’ has no member named ‘pet_1’
     BOOST_CHECK_EQUAL(r->pet_1(), enum_0_t::ANIMAL_CAT);
                          ^
/home/travis/build/kaitai-io/ci_targets/tests/spec/cpp_stl_98/test_enum_import.cpp:17:26: error: ‘class enum_import_t’ has no member named ‘pet_2’
     BOOST_CHECK_EQUAL(r->pet_2(), enum_deep_t::container1_t::container2_t::ANIMAL_HARE);
                          ^
make[2]: *** [CMakeFiles/ks_tests.dir/test_enum_import.cpp.o] Error 1
[  9%] Building CXX object CMakeFiles/ks_tests.dir/test_expr_io_eof.cpp.o
[  9%] Building CXX object CMakeFiles/ks_tests.dir/test_process_coerce_usertype2.cpp.o
[ 10%] Building CXX object CMakeFiles/ks_tests.dir/test_index_to_param_until.cpp.o
[ 10%] Building CXX object CMakeFiles/ks_tests.dir/test_nav_parent_override.cpp.o
[ 10%] Building CXX object CMakeFiles/ks_tests.dir/test_if_instances.cpp.o
[ 10%] Building CXX object CMakeFiles/ks_tests.dir/test_nav_parent_false2.cpp.o
[ 10%] Building CXX object CMakeFiles/ks_tests.dir/test_default_endian_expr_is_be.cpp.o
[ 11%] Building CXX object CMakeFiles/ks_tests.dir/test_process_custom.cpp.o
[ 11%] Building CXX object CMakeFiles/ks_tests.dir/test_type_ternary_2nd_falsy.cpp.o
[ 11%] Building CXX object CMakeFiles/ks_tests.dir/test_zlib_surrounded.cpp.o
/home/travis/build/kaitai-io/ci_targets/tests/spec/cpp_stl_98/test_type_ternary_2nd_falsy.cpp:4:36: fatal error: type_ternary_2nd_falsy.h: No such file or directory
 #include "type_ternary_2nd_falsy.h"
                                    ^
compilation terminated.
[ 11%] Building CXX object CMakeFiles/ks_tests.dir/test_expr_bytes_cmp.cpp.o
[ 12%] Building CXX object CMakeFiles/ks_tests.dir/test_type_ternary.cpp.o
[ 12%] Building CXX object CMakeFiles/ks_tests.dir/test_repeat_until_sized.cpp.o
[ 12%] Building CXX object CMakeFiles/ks_tests.dir/test_eof_exception_u4.cpp.o
/home/travis/build/kaitai-io/ci_targets/tests/spec/cpp_stl_98/test_expr_bytes_cmp.cpp:4:28: fatal error: expr_bytes_cmp.h: No such file or directory
 #include "expr_bytes_cmp.h"
                            ^
compilation terminated.
[ 12%] Building CXX object CMakeFiles/ks_tests.dir/test_expr_3.cpp.o
[ 13%] Building CXX object CMakeFiles/ks_tests.dir/test_process_rotate.cpp.o
[ 13%] Building CXX object CMakeFiles/ks_tests.dir/test_enum_1.cpp.o
[ 13%] Building CXX object CMakeFiles/ks_tests.dir/test_switch_repeat_expr_invalid.cpp.o
[ 13%] Building CXX object CMakeFiles/ks_tests.dir/test_enum_to_i_class_border_1.cpp.o
[ 13%] Building CXX object CMakeFiles/ks_tests.dir/test_expr_2.cpp.o
make[2]: *** [CMakeFiles/ks_tests.dir/test_type_ternary_2nd_falsy.cpp.o] Error 1
[ 14%] Building CXX object CMakeFiles/ks_tests.dir/test_switch_manual_str_else.cpp.o
[ 14%] Building CXX object CMakeFiles/ks_tests.dir/test_enum_int_range_s.cpp.o
[ 14%] Building CXX object CMakeFiles/ks_tests.dir/test_nested_same_name.cpp.o
/home/travis/build/kaitai-io/ci_targets/tests/spec/cpp_stl_98/test_enum_to_i_class_border_1.cpp:4:38: fatal error: enum_to_i_class_border_1.h: No such file or directory
 #include "enum_to_i_class_border_1.h"
                                      ^
compilation terminated.
/home/travis/build/kaitai-io/ci_targets/tests/spec/cpp_stl_98/test_expr_2.cpp:4:20: fatal error: expr_2.h: No such file or directory
 #include "expr_2.h"
                    ^
compilation terminated.
make[2]: *** [CMakeFiles/ks_tests.dir/test_expr_bytes_cmp.cpp.o] Error 1
[ 14%] Building CXX object CMakeFiles/ks_tests.dir/test_term_bytes.cpp.o
[ 15%] Building CXX object CMakeFiles/ks_tests.dir/test_expr_array.cpp.o
[ 15%] Building CXX object CMakeFiles/ks_tests.dir/test_valid_fail_eq_int.cpp.o
[ 15%] Building CXX object CMakeFiles/ks_tests.dir/test_bytes_pad_term.cpp.o
[ 15%] Building CXX object CMakeFiles/ks_tests.dir/test_nested_types.cpp.o
[ 16%] Building CXX object CMakeFiles/ks_tests.dir/test_params_pass_bool.cpp.o
[ 16%] Building CXX object CMakeFiles/ks_tests.dir/test_enum_invalid.cpp.o
make[2]: *** [CMakeFiles/ks_tests.dir/test_enum_to_i_class_border_1.cpp.o] Error 1
[ 16%] Building CXX object CMakeFiles/ks_tests.dir/test_debug_array_user.cpp.o
[ 16%] Building CXX object CMakeFiles/ks_tests.dir/test_valid_fail_range_float.cpp.o
make[2]: *** [CMakeFiles/ks_tests.dir/test_expr_2.cpp.o] Error 1
[ 17%] Building CXX object CMakeFiles/ks_tests.dir/test_nav_parent_vs_value_inst.cpp.o
[ 17%] Building CXX object CMakeFiles/ks_tests.dir/test_docstrings_docref_multi.cpp.o
[ 17%] Building CXX object CMakeFiles/ks_tests.dir/test_opaque_external_type_02_parent.cpp.o
[ 17%] Building CXX object CMakeFiles/ks_tests.dir/test_imports0.cpp.o
[ 17%] Building CXX object CMakeFiles/ks_tests.dir/test_imports_abs_abs.cpp.o
[ 18%] Building CXX object CMakeFiles/ks_tests.dir/test_enum_for_unknown_id.cpp.o
[ 18%] Building CXX object CMakeFiles/ks_tests.dir/test_expr_bytes_ops.cpp.o
[ 18%] Building CXX object CMakeFiles/ks_tests.dir/test_instance_std_array.cpp.o
[ 18%] Building CXX object CMakeFiles/ks_tests.dir/test_switch_integers.cpp.o
[ 19%] Building CXX object CMakeFiles/ks_tests.dir/test_str_literals2.cpp.o
[ 19%] Building CXX object CMakeFiles/ks_tests.dir/test_expr_bytes_literal.cpp.o
/home/travis/build/kaitai-io/ci_targets/tests/spec/cpp_stl_98/test_expr_bytes_ops.cpp:4:28: fatal error: expr_bytes_ops.h: No such file or directory
 #include "expr_bytes_ops.h"
                            ^
compilation terminated.
[ 19%] Building CXX object CMakeFiles/ks_tests.dir/test_switch_manual_int_size.cpp.o
[ 19%] Building CXX object CMakeFiles/ks_tests.dir/test_switch_integers2.cpp.o
[ 20%] Building CXX object CMakeFiles/ks_tests.dir/test_params_enum.cpp.o
/home/travis/build/kaitai-io/ci_targets/tests/spec/cpp_stl_98/test_expr_bytes_literal.cpp:4:32: fatal error: expr_bytes_literal.h: No such file or directory
 #include "expr_bytes_literal.h"
                                ^
compilation terminated.
[ 20%] Building CXX object CMakeFiles/ks_tests.dir/test_valid_fail_range_int.cpp.o
[ 20%] Building CXX object CMakeFiles/ks_tests.dir/test_repeat_until_calc_array_type.cpp.o
[ 20%] Building CXX object CMakeFiles/ks_tests.dir/test_meta_xref.cpp.o
[ 20%] Building CXX object CMakeFiles/ks_tests.dir/test_term_strz.cpp.o
[ 21%] Building CXX object CMakeFiles/ks_tests.dir/test_expr_bits.cpp.o
[ 21%] Building CXX object CMakeFiles/ks_tests.dir/test_process_custom_no_args.cpp.o
make[2]: *** [CMakeFiles/ks_tests.dir/test_expr_bytes_ops.cpp.o] Error 1
[ 21%] Building CXX object CMakeFiles/ks_tests.dir/test_combine_enum.cpp.o
[ 21%] Building CXX object CMakeFiles/ks_tests.dir/test_enum_deep.cpp.o
[ 22%] Building CXX object CMakeFiles/ks_tests.dir/test_repeat_n_struct.cpp.o
[ 22%] Building CXX object CMakeFiles/ks_tests.dir/test_nav_parent.cpp.o
make[2]: *** [CMakeFiles/ks_tests.dir/test_expr_bytes_literal.cpp.o] Error 1
[ 22%] Building CXX object CMakeFiles/ks_tests.dir/test_eof_exception_bytes.cpp.o
[ 22%] Building CXX object CMakeFiles/ks_tests.dir/test_docstrings.cpp.o
[ 23%] Building CXX object CMakeFiles/ks_tests.dir/test_valid_fail_contents.cpp.o
[ 23%] Building CXX object CMakeFiles/ks_tests.dir/test_str_literals.cpp.o
[ 23%] Building CXX object CMakeFiles/ks_tests.dir/test_default_big_endian.cpp.o
[ 23%] Building CXX object CMakeFiles/ks_tests.dir/test_process_xor_const.cpp.o
[ 24%] Building CXX object CMakeFiles/ks_tests.dir/test_expr_if_int_ops.cpp.o
[ 24%] Building CXX object CMakeFiles/ks_tests.dir/test_yaml_ints.cpp.o
[ 24%] Building CXX object CMakeFiles/ks_tests.dir/test_switch_manual_int.cpp.o
[ 24%] Building CXX object CMakeFiles/ks_tests.dir/test_repeat_until_s4.cpp.o
[ 24%] Building CXX object CMakeFiles/ks_tests.dir/test_position_to_end.cpp.o
[ 25%] Building CXX object CMakeFiles/ks_tests.dir/test_switch_cast.cpp.o
[ 25%] Building CXX object CMakeFiles/ks_tests.dir/test_expr_calc_array_ops.cpp.o
[ 25%] Building CXX object CMakeFiles/ks_tests.dir/test_default_endian_mod.cpp.o
[ 25%] Building CXX object CMakeFiles/ks_tests.dir/test_switch_manual_int_size_eos.cpp.o
[ 26%] Building CXX object CMakeFiles/ks_tests.dir/test_instance_io_user.cpp.o
/home/travis/build/kaitai-io/ci_targets/tests/spec/cpp_stl_98/test_expr_calc_array_ops.cpp:4:33: fatal error: expr_calc_array_ops.h: No such file or directory
 #include "expr_calc_array_ops.h"
                                 ^
compilation terminated.
[ 26%] Building CXX object CMakeFiles/ks_tests.dir/test_bits_simple_le.cpp.o
[ 26%] Building CXX object CMakeFiles/ks_tests.dir/test_nav_parent_switch_cast.cpp.o
[ 26%] Building CXX object CMakeFiles/ks_tests.dir/test_repeat_n_strz_double.cpp.o
[ 27%] Building CXX object CMakeFiles/ks_tests.dir/test_expr_sizeof_value_0.cpp.o
[ 27%] Building CXX object CMakeFiles/ks_tests.dir/test_enum_0.cpp.o
[ 27%] Building CXX object CMakeFiles/ks_tests.dir/test_params_pass_struct.cpp.o
[ 27%] Building CXX object CMakeFiles/ks_tests.dir/test_valid_fail_min_int.cpp.o
[ 27%] Building CXX object CMakeFiles/ks_tests.dir/test_optional_id.cpp.o
[ 28%] Building CXX object CMakeFiles/ks_tests.dir/test_expr_io_pos.cpp.o
make[2]: *** [CMakeFiles/ks_tests.dir/test_expr_calc_array_ops.cpp.o] Error 1
[ 28%] Building CXX object CMakeFiles/ks_tests.dir/test_expr_sizeof_type_0.cpp.o
[ 28%] Building CXX object CMakeFiles/ks_tests.dir/test_default_endian_expr_is_le.cpp.o
[ 28%] Building CXX object CMakeFiles/ks_tests.dir/test_bits_simple.cpp.o
[ 29%] Building CXX object CMakeFiles/ks_tests.dir/test_js_signed_right_shift.cpp.o
[ 29%] Building CXX object CMakeFiles/ks_tests.dir/test_process_xor4_const.cpp.o
[ 29%] Building CXX object CMakeFiles/ks_tests.dir/test_nav_parent_false.cpp.o
[ 29%] Building CXX object CMakeFiles/ks_tests.dir/test_repeat_eos_struct.cpp.o
[ 30%] Building CXX object CMakeFiles/ks_tests.dir/test_io_local_var.cpp.o
[ 30%] Building CXX object CMakeFiles/ks_tests.dir/test_nested_types2.cpp.o
[ 30%] Building CXX object CMakeFiles/ks_tests.dir/test_valid_short.cpp.o
[ 30%] Building CXX object CMakeFiles/ks_tests.dir/test_float_to_i.cpp.o
[ 31%] Building CXX object CMakeFiles/ks_tests.dir/test_zlib_with_header_78.cpp.o
[ 31%] Building CXX object CMakeFiles/ks_tests.dir/test_expr_ops_parens.cpp.o
[ 31%] Building CXX object CMakeFiles/ks_tests.dir/test_combine_str.cpp.o
/home/travis/build/kaitai-io/ci_targets/tests/spec/cpp_stl_98/test_float_to_i.cpp:4:24: fatal error: float_to_i.h: No such file or directory
 #include "float_to_i.h"
                        ^
compilation terminated.
[ 31%] Building CXX object CMakeFiles/ks_tests.dir/test_default_bit_endian_mod.cpp.o
[ 31%] Building CXX object CMakeFiles/ks_tests.dir/test_if_struct.cpp.o
/home/travis/build/kaitai-io/ci_targets/tests/spec/cpp_stl_98/test_expr_ops_parens.cpp:4:29: fatal error: expr_ops_parens.h: No such file or directory
 #include "expr_ops_parens.h"
                             ^
compilation terminated.
[ 32%] Building CXX object CMakeFiles/ks_tests.dir/test_if_values.cpp.o
/home/travis/build/kaitai-io/ci_targets/tests/spec/cpp_stl_98/test_combine_str.cpp:4:25: fatal error: combine_str.h: No such file or directory
 #include "combine_str.h"
                         ^
compilation terminated.
[ 32%] Building CXX object CMakeFiles/ks_tests.dir/test_switch_manual_enum_invalid_else.cpp.o
[ 32%] Building CXX object CMakeFiles/ks_tests.dir/test_repeat_n_strz.cpp.o
[ 32%] Building CXX object CMakeFiles/ks_tests.dir/test_enum_if.cpp.o
[ 33%] Building CXX object CMakeFiles/ks_tests.dir/test_opaque_with_param.cpp.o
[ 33%] Building CXX object CMakeFiles/ks_tests.dir/test_bits_enum.cpp.o
make[2]: *** [CMakeFiles/ks_tests.dir/test_float_to_i.cpp.o] Error 1
[ 33%] Building CXX object CMakeFiles/ks_tests.dir/test_instance_std.cpp.o
[ 33%] Building CXX object CMakeFiles/ks_tests.dir/test_switch_manual_enum.cpp.o
[ 34%] Building CXX object CMakeFiles/ks_tests.dir/test_str_eos.cpp.o
make[2]: *** [CMakeFiles/ks_tests.dir/test_expr_ops_parens.cpp.o] Error 1
[ 34%] Building CXX object CMakeFiles/ks_tests.dir/test_valid_long.cpp.o
make[2]: *** [CMakeFiles/ks_tests.dir/test_combine_str.cpp.o] Error 1
[ 34%] Building CXX object CMakeFiles/ks_tests.dir/test_imports_abs_rel.cpp.o
[ 34%] Building CXX object CMakeFiles/ks_tests.dir/test_str_pad_term.cpp.o
[ 34%] Building CXX object CMakeFiles/ks_tests.dir/test_nested_types3.cpp.o
[ 35%] Building CXX object CMakeFiles/ks_tests.dir/test_recursive_one.cpp.o
[ 35%] Building CXX object CMakeFiles/ks_tests.dir/test_nested_same_name2.cpp.o
[ 35%] Building CXX object CMakeFiles/ks_tests.dir/test_process_to_user.cpp.o
[ 35%] Building CXX object CMakeFiles/ks_tests.dir/test_switch_bytearray.cpp.o
[ 36%] Building CXX object CMakeFiles/ks_tests.dir/test_valid_switch.cpp.o
[ 36%] Building CXX object CMakeFiles/ks_tests.dir/test_str_pad_term_empty.cpp.o
[ 36%] Building CXX object CMakeFiles/ks_tests.dir/test_repeat_eos_bit.cpp.o
[ 36%] Building CXX object CMakeFiles/ks_tests.dir/test_switch_else_only.cpp.o
[ 37%] Building CXX object CMakeFiles/ks_tests.dir/test_bits_signed_b64_le.cpp.o
[ 37%] Building CXX object CMakeFiles/ks_tests.dir/test_multiple_use.cpp.o
[ 37%] Building CXX object CMakeFiles/ks_tests.dir/test_process_repeat_usertype.cpp.o
[ 37%] Building CXX object CMakeFiles/ks_tests.dir/test_str_encodings.cpp.o
[ 37%] Building CXX object CMakeFiles/ks_tests.dir/test_valid_not_parsed_if.cpp.o
[ 38%] Building CXX object CMakeFiles/ks_tests.dir/test_enum_to_i.cpp.o
[ 38%] Building CXX object CMakeFiles/ks_tests.dir/test_expr_sizeof_value_sized.cpp.o
[ 38%] Building CXX object CMakeFiles/ks_tests.dir/test_params_pass_usertype.cpp.o
[ 38%] Building CXX object CMakeFiles/ks_tests.dir/test_nested_type_param.cpp.o
[ 39%] Building CXX object CMakeFiles/ks_tests.dir/test_expr_0.cpp.o
[ 39%] Building CXX object CMakeFiles/ks_tests.dir/test_eos_exception_bytes.cpp.o
[ 39%] Building CXX object CMakeFiles/ks_tests.dir/test_debug_switch_user.cpp.o
[ 39%] Building CXX object CMakeFiles/ks_tests.dir/test_enum_of_value_inst.cpp.o
[ 40%] Building CXX object CMakeFiles/ks_tests.dir/test_debug_enum_name.cpp.o
[ 40%] Building CXX object CMakeFiles/ks_tests.dir/test_debug_0.cpp.o
[ 40%] Building CXX object CMakeFiles/ks_tests.dir/test_switch_repeat_expr.cpp.o
[ 40%] Building CXX object CMakeFiles/ks_tests.dir/test_meta_tags.cpp.o
[ 41%] Building CXX object CMakeFiles/ks_tests.dir/test_str_encodings_default.cpp.o
[ 41%] Building CXX object CMakeFiles/ks_tests.dir/test_eos_exception_u4.cpp.o
[ 41%] Building CXX object CMakeFiles/ks_tests.dir/test_index_sizes.cpp.o
[ 41%] Building CXX object CMakeFiles/ks_tests.dir/test_params_call_extra_parens.cpp.o
[ 41%] Building CXX object CMakeFiles/ks_tests.dir/test_enum_int_range_u.cpp.o
[ 42%] Building CXX object CMakeFiles/ks_tests.dir/test_process_xor4_value.cpp.o
[ 42%] Building CXX object CMakeFiles/ks_tests.dir/test_process_coerce_bytes.cpp.o
[ 42%] Building CXX object CMakeFiles/ks_tests.dir/test_valid_fail_expr.cpp.o
[ 42%] Building CXX object CMakeFiles/ks_tests.dir/test_nav_parent_switch.cpp.o
[ 43%] Building CXX object CMakeFiles/ks_tests.dir/test_integers_min_max.cpp.o
[ 43%] Building CXX object CMakeFiles/ks_tests.dir/test_enum_long_range_u.cpp.o
[ 43%] Building CXX object CMakeFiles/ks_tests.dir/main.cpp.o
[ 43%] Building CXX object CMakeFiles/ks_tests.dir/test_enum_fancy.cpp.o
[ 44%] Building CXX object CMakeFiles/ks_tests.dir/test_repeat_eos_u4.cpp.o
[ 44%] Building CXX object CMakeFiles/ks_tests.dir/test_user_type.cpp.o
[ 44%] Building CXX object CMakeFiles/ks_tests.dir/test_floating_points.cpp.o
[ 44%] Building CXX object CMakeFiles/ks_tests.dir/test_params_call_short.cpp.o
[ 44%] Building CXX object CMakeFiles/ks_tests.dir/test_ts_packet_header.cpp.o
[ 45%] Building CXX object CMakeFiles/ks_tests.dir/test_enum_deep_literals.cpp.o
[ 45%] Building CXX object CMakeFiles/ks_tests.dir/test_valid_fail_anyof_int.cpp.o
[ 45%] Building CXX object CMakeFiles/ks_tests.dir/test_switch_manual_int_size_else.cpp.o
[ 45%] Building CXX object CMakeFiles/ks_tests.dir/test_expr_mod.cpp.o
[ 46%] Building CXX object CMakeFiles/ks_tests.dir/test_cast_to_imported.cpp.o
[ 46%] Building CXX object CMakeFiles/ks_tests.dir/test_switch_manual_enum_invalid.cpp.o
[ 46%] Building CXX object CMakeFiles/ks_tests.dir/test_type_int_unary_op.cpp.o
[ 46%] Building CXX object CMakeFiles/ks_tests.dir/test_integers.cpp.o
[ 47%] Building CXX object CMakeFiles/ks_tests.dir/test_valid_fail_range_bytes.cpp.o
[ 47%] Building CXX object CMakeFiles/ks_tests.dir/test_switch_manual_str.cpp.o
[ 47%] Building CXX object CMakeFiles/ks_tests.dir/test_combine_bytes.cpp.o
[ 47%] Building CXX object CMakeFiles/ks_tests.dir/test_bcd_user_type_le.cpp.o
[ 48%] Building CXX object CMakeFiles/ks_tests.dir/test_params_pass_array_int.cpp.o
/home/travis/build/kaitai-io/ci_targets/tests/spec/cpp_stl_98/test_combine_bytes.cpp:4:27: fatal error: combine_bytes.h: No such file or directory
 #include "combine_bytes.h"
                           ^
compilation terminated.
[ 48%] Building CXX object CMakeFiles/ks_tests.dir/test_bits_signed_b32_le.cpp.o
[ 48%] Building CXX object CMakeFiles/ks_tests.dir/test_switch_manual_int_else.cpp.o
[ 48%] Building CXX object CMakeFiles/ks_tests.dir/test_valid_fail_inst.cpp.o
/home/travis/build/kaitai-io/ci_targets/tests/spec/cpp_stl_98/test_bcd_user_type_le.cpp:4:30: fatal error: bcd_user_type_le.h: No such file or directory
 #include "bcd_user_type_le.h"
                              ^
compilation terminated.
[ 48%] Building CXX object CMakeFiles/ks_tests.dir/test_nav_parent3.cpp.o
/home/travis/build/kaitai-io/ci_targets/tests/spec/cpp_stl_98/test_params_pass_array_int.cpp:4:35: fatal error: params_pass_array_int.h: No such file or directory
 #include "params_pass_array_int.h"
                                   ^
compilation terminated.
[ 49%] Building CXX object CMakeFiles/ks_tests.dir/test_process_coerce_switch.cpp.o
/home/travis/build/kaitai-io/ci_targets/tests/spec/cpp_stl_98/test_process_coerce_switch.cpp:4:35: fatal error: process_coerce_switch.h: No such file or directory
 #include "process_coerce_switch.h"
                                   ^
compilation terminated.
[ 49%] Building CXX object CMakeFiles/ks_tests.dir/test_switch_multi_bool_ops.cpp.o
[ 49%] Building CXX object CMakeFiles/ks_tests.dir/test_params_pass_array_struct.cpp.o
[ 49%] Building CXX object CMakeFiles/ks_tests.dir/test_instance_user_array.cpp.o
make[2]: *** [CMakeFiles/ks_tests.dir/test_combine_bytes.cpp.o] Error 1
[ 50%] Building CXX object CMakeFiles/ks_tests.dir/test_position_in_seq.cpp.o
[ 50%] Building CXX object CMakeFiles/ks_tests.dir/test_process_xor_value.cpp.o
/home/travis/build/kaitai-io/ci_targets/tests/spec/cpp_stl_98/test_params_pass_array_struct.cpp:4:38: fatal error: params_pass_array_struct.h: No such file or directory
 #include "params_pass_array_struct.h"
                                      ^
compilation terminated.
make[2]: *** [CMakeFiles/ks_tests.dir/test_bcd_user_type_le.cpp.o] Error 1
[ 50%] Building CXX object CMakeFiles/ks_tests.dir/test_index_to_param_expr.cpp.o
make[2]: *** [CMakeFiles/ks_tests.dir/test_params_pass_array_int.cpp.o] Error 1
[ 50%] Building CXX object CMakeFiles/ks_tests.dir/test_default_endian_expr_inherited.cpp.o
[ 51%] Building CXX object CMakeFiles/ks_tests.dir/test_position_abs.cpp.o
make[2]: *** [CMakeFiles/ks_tests.dir/test_process_coerce_switch.cpp.o] Error 1
[ 51%] Building CXX object CMakeFiles/ks_tests.dir/test_cast_to_top.cpp.o
[ 51%] Building CXX object CMakeFiles/ks_tests.dir/test_fixed_contents.cpp.o
[ 51%] Building CXX object CMakeFiles/ks_tests.dir/test_imports_abs.cpp.o
[ 51%] Building CXX object CMakeFiles/ks_tests.dir/home/travis/build/kaitai-io/ci_targets/tests/compiled/cpp_stl_98/repeat_eos_struct.cpp.o
[ 52%] Building CXX object CMakeFiles/ks_tests.dir/home/travis/build/kaitai-io/ci_targets/tests/compiled/cpp_stl_98/bits_signed_b64_le.cpp.o
[ 52%] Building CXX object CMakeFiles/ks_tests.dir/home/travis/build/kaitai-io/ci_targets/tests/compiled/cpp_stl_98/bits_seq_endian_combo.cpp.o
/home/travis/build/kaitai-io/ci_targets/tests/spec/cpp_stl_98/test_imports_abs.cpp:4:25: fatal error: imports_abs.h: No such file or directory
 #include "imports_abs.h"
                         ^
compilation terminated.
[ 52%] Building CXX object CMakeFiles/ks_tests.dir/home/travis/build/kaitai-io/ci_targets/tests/compiled/cpp_stl_98/instance_user_array.cpp.o
[ 52%] Building CXX object CMakeFiles/ks_tests.dir/home/travis/build/kaitai-io/ci_targets/tests/compiled/cpp_stl_98/instance_std_array.cpp.o
[ 53%] Building CXX object CMakeFiles/ks_tests.dir/home/travis/build/kaitai-io/ci_targets/tests/compiled/cpp_stl_98/buffered_struct.cpp.o
make[2]: *** [CMakeFiles/ks_tests.dir/test_params_pass_array_struct.cpp.o] Error 1
[ 53%] Building CXX object CMakeFiles/ks_tests.dir/home/travis/build/kaitai-io/ci_targets/tests/compiled/cpp_stl_98/imported_and_rel.cpp.o
[ 53%] Building CXX object CMakeFiles/ks_tests.dir/home/travis/build/kaitai-io/ci_targets/tests/compiled/cpp_stl_98/floating_points.cpp.o
[ 53%] Building CXX object CMakeFiles/ks_tests.dir/home/travis/build/kaitai-io/ci_targets/tests/compiled/cpp_stl_98/expr_sizeof_type_0.cpp.o
[ 54%] Building CXX object CMakeFiles/ks_tests.dir/home/travis/build/kaitai-io/ci_targets/tests/compiled/cpp_stl_98/nav_parent_false2.cpp.o
[ 54%] Building CXX object CMakeFiles/ks_tests.dir/home/travis/build/kaitai-io/ci_targets/tests/compiled/cpp_stl_98/params_call_short.cpp.o
[ 54%] Building CXX object CMakeFiles/ks_tests.dir/home/travis/build/kaitai-io/ci_targets/tests/compiled/cpp_stl_98/bits_simple_le.cpp.o
[ 54%] Building CXX object CMakeFiles/ks_tests.dir/home/travis/build/kaitai-io/ci_targets/tests/compiled/cpp_stl_98/repeat_n_strz.cpp.o
[ 55%] Building CXX object CMakeFiles/ks_tests.dir/home/travis/build/kaitai-io/ci_targets/tests/compiled/cpp_stl_98/valid_fail_contents.cpp.o
[ 55%] Building CXX object CMakeFiles/ks_tests.dir/home/travis/build/kaitai-io/ci_targets/tests/compiled/cpp_stl_98/if_instances.cpp.o
[ 55%] Building CXX object CMakeFiles/ks_tests.dir/home/travis/build/kaitai-io/ci_targets/tests/compiled/cpp_stl_98/bits_byte_aligned.cpp.o
[ 55%] Building CXX object CMakeFiles/ks_tests.dir/home/travis/build/kaitai-io/ci_targets/tests/compiled/cpp_stl_98/enum_of_value_inst.cpp.o
[ 55%] Building CXX object CMakeFiles/ks_tests.dir/home/travis/build/kaitai-io/ci_targets/tests/compiled/cpp_stl_98/valid_fail_range_int.cpp.o
[ 56%] Building CXX object CMakeFiles/ks_tests.dir/home/travis/build/kaitai-io/ci_targets/tests/compiled/cpp_stl_98/nav_root.cpp.o
[ 56%] Building CXX object CMakeFiles/ks_tests.dir/home/travis/build/kaitai-io/ci_targets/tests/compiled/cpp_stl_98/nested_same_name2.cpp.o
[ 56%] Building CXX object CMakeFiles/ks_tests.dir/home/travis/build/kaitai-io/ci_targets/tests/compiled/cpp_stl_98/opaque_external_type_02_parent.cpp.o
[ 56%] Building CXX object CMakeFiles/ks_tests.dir/home/travis/build/kaitai-io/ci_targets/tests/compiled/cpp_stl_98/zlib_surrounded.cpp.o
[ 57%] Building CXX object CMakeFiles/ks_tests.dir/home/travis/build/kaitai-io/ci_targets/tests/compiled/cpp_stl_98/cast_to_top.cpp.o
[ 57%] Building CXX object CMakeFiles/ks_tests.dir/home/travis/build/kaitai-io/ci_targets/tests/compiled/cpp_stl_98/enum_int_range_s.cpp.o
[ 57%] Building CXX object CMakeFiles/ks_tests.dir/home/travis/build/kaitai-io/ci_targets/tests/compiled/cpp_stl_98/default_endian_expr_is_le.cpp.o
[ 57%] Building CXX object CMakeFiles/ks_tests.dir/home/travis/build/kaitai-io/ci_targets/tests/compiled/cpp_stl_98/nested_type_param.cpp.o
[ 58%] Building CXX object CMakeFiles/ks_tests.dir/home/travis/build/kaitai-io/ci_targets/tests/compiled/cpp_stl_98/eof_exception_u4.cpp.o
[ 58%] Building CXX object CMakeFiles/ks_tests.dir/home/travis/build/kaitai-io/ci_targets/tests/compiled/cpp_stl_98/enum_for_unknown_id.cpp.o
[ 58%] Building CXX object CMakeFiles/ks_tests.dir/home/travis/build/kaitai-io/ci_targets/tests/compiled/cpp_stl_98/str_eos.cpp.o
[ 58%] Building CXX object CMakeFiles/ks_tests.dir/home/travis/build/kaitai-io/ci_targets/tests/compiled/cpp_stl_98/cast_to_imported.cpp.o
[ 58%] Building CXX object CMakeFiles/ks_tests.dir/home/travis/build/kaitai-io/ci_targets/tests/compiled/cpp_stl_98/expr_sizeof_type_1.cpp.o
[ 59%] Building CXX object CMakeFiles/ks_tests.dir/home/travis/build/kaitai-io/ci_targets/tests/compiled/cpp_stl_98/docstrings_docref_multi.cpp.o
[ 59%] Building CXX object CMakeFiles/ks_tests.dir/home/travis/build/kaitai-io/ci_targets/tests/compiled/cpp_stl_98/term_bytes.cpp.o
[ 59%] Building CXX object CMakeFiles/ks_tests.dir/home/travis/build/kaitai-io/ci_targets/tests/compiled/cpp_stl_98/type_int_unary_op.cpp.o
[ 59%] Building CXX object CMakeFiles/ks_tests.dir/home/travis/build/kaitai-io/ci_targets/tests/compiled/cpp_stl_98/bits_enum.cpp.o
[ 60%] Building CXX object CMakeFiles/ks_tests.dir/home/travis/build/kaitai-io/ci_targets/tests/compiled/cpp_stl_98/meta_tags.cpp.o
[ 60%] Building CXX object CMakeFiles/ks_tests.dir/home/travis/build/kaitai-io/ci_targets/tests/compiled/cpp_stl_98/integers_double_overflow.cpp.o
[ 60%] Building CXX object CMakeFiles/ks_tests.dir/home/travis/build/kaitai-io/ci_targets/tests/compiled/cpp_stl_98/docstrings.cpp.o
[ 60%] Building CXX object CMakeFiles/ks_tests.dir/home/travis/build/kaitai-io/ci_targets/tests/compiled/cpp_stl_98/combine_bool.cpp.o
make[2]: *** [CMakeFiles/ks_tests.dir/test_imports_abs.cpp.o] Error 1
[ 61%] Building CXX object CMakeFiles/ks_tests.dir/home/travis/build/kaitai-io/ci_targets/tests/compiled/cpp_stl_98/params_pass_struct.cpp.o
[ 61%] Building CXX object CMakeFiles/ks_tests.dir/home/travis/build/kaitai-io/ci_targets/tests/compiled/cpp_stl_98/enum_deep.cpp.o
[ 61%] Building CXX object CMakeFiles/ks_tests.dir/home/travis/build/kaitai-io/ci_targets/tests/compiled/cpp_stl_98/switch_manual_int_size_eos.cpp.o
[ 61%] Building CXX object CMakeFiles/ks_tests.dir/home/travis/build/kaitai-io/ci_targets/tests/compiled/cpp_stl_98/default_big_endian.cpp.o
[ 62%] Building CXX object CMakeFiles/ks_tests.dir/home/travis/build/kaitai-io/ci_targets/tests/compiled/cpp_stl_98/process_xor_value.cpp.o
[ 62%] Building CXX object CMakeFiles/ks_tests.dir/home/travis/build/kaitai-io/ci_targets/tests/compiled/cpp_stl_98/repeat_n_struct.cpp.o
[ 62%] Building CXX object CMakeFiles/ks_tests.dir/home/travis/build/kaitai-io/ci_targets/tests/compiled/cpp_stl_98/multiple_use.cpp.o
[ 62%] Building CXX object CMakeFiles/ks_tests.dir/home/travis/build/kaitai-io/ci_targets/tests/compiled/cpp_stl_98/repeat_n_strz_double.cpp.o
[ 62%] Building CXX object CMakeFiles/ks_tests.dir/home/travis/build/kaitai-io/ci_targets/tests/compiled/cpp_stl_98/valid_short.cpp.o
[ 63%] Building CXX object CMakeFiles/ks_tests.dir/home/travis/build/kaitai-io/ci_targets/tests/compiled/cpp_stl_98/expr_sizeof_value_0.cpp.o
[ 63%] Building CXX object CMakeFiles/ks_tests.dir/home/travis/build/kaitai-io/ci_targets/tests/compiled/cpp_stl_98/params_pass_bool.cpp.o
[ 63%] Building CXX object CMakeFiles/ks_tests.dir/home/travis/build/kaitai-io/ci_targets/tests/compiled/cpp_stl_98/default_endian_mod.cpp.o
[ 63%] Building CXX object CMakeFiles/ks_tests.dir/home/travis/build/kaitai-io/ci_targets/tests/compiled/cpp_stl_98/switch_manual_enum.cpp.o
[ 64%] Building CXX object CMakeFiles/ks_tests.dir/home/travis/build/kaitai-io/ci_targets/tests/compiled/cpp_stl_98/valid_long.cpp.o
[ 64%] Building CXX object CMakeFiles/ks_tests.dir/home/travis/build/kaitai-io/ci_targets/tests/compiled/cpp_stl_98/default_endian_expr_exception.cpp.o
[ 64%] Building CXX object CMakeFiles/ks_tests.dir/home/travis/build/kaitai-io/ci_targets/tests/compiled/cpp_stl_98/switch_else_only.cpp.o
[ 64%] Building CXX object CMakeFiles/ks_tests.dir/home/travis/build/kaitai-io/ci_targets/tests/compiled/cpp_stl_98/nav_parent_vs_value_inst.cpp.o
[ 65%] Building CXX object CMakeFiles/ks_tests.dir/home/travis/build/kaitai-io/ci_targets/tests/compiled/cpp_stl_98/switch_manual_int_size_else.cpp.o
[ 65%] Building CXX object CMakeFiles/ks_tests.dir/home/travis/build/kaitai-io/ci_targets/tests/compiled/cpp_stl_98/imports_circular_a.cpp.o
[ 65%] Building CXX object CMakeFiles/ks_tests.dir/home/travis/build/kaitai-io/ci_targets/tests/compiled/cpp_stl_98/repeat_until_complex.cpp.o
[ 65%] Building CXX object CMakeFiles/ks_tests.dir/home/travis/build/kaitai-io/ci_targets/tests/compiled/cpp_stl_98/enum_long_range_s.cpp.o
[ 65%] Building CXX object CMakeFiles/ks_tests.dir/home/travis/build/kaitai-io/ci_targets/tests/compiled/cpp_stl_98/type_ternary_opaque.cpp.o
[ 66%] Building CXX object CMakeFiles/ks_tests.dir/home/travis/build/kaitai-io/ci_targets/tests/compiled/cpp_stl_98/str_literals2.cpp.o
[ 66%] Building CXX object CMakeFiles/ks_tests.dir/home/travis/build/kaitai-io/ci_targets/tests/compiled/cpp_stl_98/process_coerce_bytes.cpp.o
In file included from /home/travis/build/kaitai-io/ci_targets/tests/compiled/cpp_stl_98/enum_long_range_s.cpp:3:0:
/home/travis/build/kaitai-io/ci_targets/tests/compiled/cpp_stl_98/enum_long_range_s.h:18:31: warning: integer constant is so large that it is unsigned [enabled by default]
         CONSTANTS_LONG_MIN = -9223372036854775808,
                               ^
/home/travis/build/kaitai-io/ci_targets/tests/compiled/cpp_stl_98/enum_long_range_s.h:18:9: warning: this decimal constant is unsigned only in ISO C90 [enabled by default]
         CONSTANTS_LONG_MIN = -9223372036854775808,
         ^
[ 66%] Building CXX object CMakeFiles/ks_tests.dir/home/travis/build/kaitai-io/ci_targets/tests/compiled/cpp_stl_98/params_def.cpp.o
[ 66%] Building CXX object CMakeFiles/ks_tests.dir/home/travis/build/kaitai-io/ci_targets/tests/compiled/cpp_stl_98/eos_exception_u4.cpp.o
[ 67%] Building CXX object CMakeFiles/ks_tests.dir/home/travis/build/kaitai-io/ci_targets/tests/compiled/cpp_stl_98/cast_nested.cpp.o
[ 67%] Building CXX object CMakeFiles/ks_tests.dir/home/travis/build/kaitai-io/ci_targets/tests/compiled/cpp_stl_98/process_xor4_const.cpp.o
[ 67%] Building CXX object CMakeFiles/ks_tests.dir/home/travis/build/kaitai-io/ci_targets/tests/compiled/cpp_stl_98/yaml_ints.cpp.o
[ 67%] Building CXX object CMakeFiles/ks_tests.dir/home/travis/build/kaitai-io/ci_targets/tests/compiled/cpp_stl_98/str_encodings_default.cpp.o
[ 68%] Building CXX object CMakeFiles/ks_tests.dir/home/travis/build/kaitai-io/ci_targets/tests/compiled/cpp_stl_98/expr_3.cpp.o
[ 68%] Building CXX object CMakeFiles/ks_tests.dir/home/travis/build/kaitai-io/ci_targets/tests/compiled/cpp_stl_98/enum_to_i.cpp.o
[ 68%] Building CXX object CMakeFiles/ks_tests.dir/home/travis/build/kaitai-io/ci_targets/tests/compiled/cpp_stl_98/hello_world.cpp.o
[ 68%] Building CXX object CMakeFiles/ks_tests.dir/home/travis/build/kaitai-io/ci_targets/tests/compiled/cpp_stl_98/expr_io_pos.cpp.o
/home/travis/build/kaitai-io/ci_targets/tests/compiled/cpp_stl_98/yaml_ints.cpp: In member function ‘int32_t yaml_ints_t::test_u8_dec()’:
/home/travis/build/kaitai-io/ci_targets/tests/compiled/cpp_stl_98/yaml_ints.cpp:50:19: warning: overflow in implicit constant conversion [-Woverflow]
     m_test_u8_dec = 18446744073709551615ULL;
                   ^
/home/travis/build/kaitai-io/ci_targets/tests/compiled/cpp_stl_98/yaml_ints.cpp: In member function ‘int32_t yaml_ints_t::test_u8_hex()’:
/home/travis/build/kaitai-io/ci_targets/tests/compiled/cpp_stl_98/yaml_ints.cpp:58:19: warning: overflow in implicit constant conversion [-Woverflow]
     m_test_u8_hex = 18446744073709551615ULL;
                   ^
[ 68%] Building CXX object CMakeFiles/ks_tests.dir/home/travis/build/kaitai-io/ci_targets/tests/compiled/cpp_stl_98/switch_manual_enum_invalid_else.cpp.o
[ 69%] Building CXX object CMakeFiles/ks_tests.dir/home/travis/build/kaitai-io/ci_targets/tests/compiled/cpp_stl_98/bytes_pad_term.cpp.o
[ 69%] Building CXX object CMakeFiles/ks_tests.dir/home/travis/build/kaitai-io/ci_targets/tests/compiled/cpp_stl_98/nested_types3.cpp.o
[ 69%] Building CXX object CMakeFiles/ks_tests.dir/home/travis/build/kaitai-io/ci_targets/tests/compiled/cpp_stl_98/valid_fail_eq_int.cpp.o
[ 69%] Building CXX object CMakeFiles/ks_tests.dir/home/travis/build/kaitai-io/ci_targets/tests/compiled/cpp_stl_98/index_to_param_expr.cpp.o
[ 70%] Building CXX object CMakeFiles/ks_tests.dir/home/travis/build/kaitai-io/ci_targets/tests/compiled/cpp_stl_98/debug_enum_name.cpp.o
[ 70%] Building CXX object CMakeFiles/ks_tests.dir/home/travis/build/kaitai-io/ci_targets/tests/compiled/cpp_stl_98/imports_circular_b.cpp.o
[ 70%] Building CXX object CMakeFiles/ks_tests.dir/home/travis/build/kaitai-io/ci_targets/tests/compiled/cpp_stl_98/switch_integers2.cpp.o
[ 70%] Building CXX object CMakeFiles/ks_tests.dir/home/travis/build/kaitai-io/ci_targets/tests/compiled/cpp_stl_98/switch_integers.cpp.o
[ 71%] Building CXX object CMakeFiles/ks_tests.dir/home/travis/build/kaitai-io/ci_targets/tests/compiled/cpp_stl_98/process_coerce_usertype2.cpp.o
[ 71%] Building CXX object CMakeFiles/ks_tests.dir/home/travis/build/kaitai-io/ci_targets/tests/compiled/cpp_stl_98/enum_negative.cpp.o
[ 71%] Building CXX object CMakeFiles/ks_tests.dir/home/travis/build/kaitai-io/ci_targets/tests/compiled/cpp_stl_98/process_custom.cpp.o
[ 71%] Building CXX object CMakeFiles/ks_tests.dir/home/travis/build/kaitai-io/ci_targets/tests/compiled/cpp_stl_98/opaque_external_type.cpp.o
[ 72%] Building CXX object CMakeFiles/ks_tests.dir/home/travis/build/kaitai-io/ci_targets/tests/compiled/cpp_stl_98/process_rotate.cpp.o
[ 72%] Building CXX object CMakeFiles/ks_tests.dir/home/travis/build/kaitai-io/ci_targets/tests/compiled/cpp_stl_98/nested_same_name.cpp.o
[ 72%] Building CXX object CMakeFiles/ks_tests.dir/home/travis/build/kaitai-io/ci_targets/tests/compiled/cpp_stl_98/expr_sizeof_value_sized.cpp.o
[ 72%] Building CXX object CMakeFiles/ks_tests.dir/home/travis/build/kaitai-io/ci_targets/tests/compiled/cpp_stl_98/str_encodings.cpp.o
[ 72%] Building CXX object CMakeFiles/ks_tests.dir/home/travis/build/kaitai-io/ci_targets/tests/compiled/cpp_stl_98/str_pad_term.cpp.o
[ 73%] Building CXX object CMakeFiles/ks_tests.dir/home/travis/build/kaitai-io/ci_targets/tests/compiled/cpp_stl_98/repeat_eos_bit.cpp.o
[ 73%] Building CXX object CMakeFiles/ks_tests.dir/home/travis/build/kaitai-io/ci_targets/tests/compiled/cpp_stl_98/nav_parent2.cpp.o
[ 73%] Building CXX object CMakeFiles/ks_tests.dir/home/travis/build/kaitai-io/ci_targets/tests/compiled/cpp_stl_98/imports_rel_1.cpp.o
[ 73%] Building CXX object CMakeFiles/ks_tests.dir/home/travis/build/kaitai-io/ci_targets/tests/compiled/cpp_stl_98/valid_fail_min_int.cpp.o
[ 74%] Building CXX object CMakeFiles/ks_tests.dir/home/travis/build/kaitai-io/ci_targets/tests/compiled/cpp_stl_98/nav_parent.cpp.o
[ 74%] Building CXX object CMakeFiles/ks_tests.dir/home/travis/build/kaitai-io/ci_targets/tests/compiled/cpp_stl_98/integers_min_max.cpp.o
[ 74%] Building CXX object CMakeFiles/ks_tests.dir/home/travis/build/kaitai-io/ci_targets/tests/compiled/cpp_stl_98/imports_abs_abs.cpp.o
[ 74%] Building CXX object CMakeFiles/ks_tests.dir/home/travis/build/kaitai-io/ci_targets/tests/compiled/cpp_stl_98/debug_0.cpp.o
[ 75%] Building CXX object CMakeFiles/ks_tests.dir/home/travis/build/kaitai-io/ci_targets/tests/compiled/cpp_stl_98/io_local_var.cpp.o
[ 75%] Building CXX object CMakeFiles/ks_tests.dir/home/travis/build/kaitai-io/ci_targets/tests/compiled/cpp_stl_98/enum_invalid.cpp.o
[ 75%] Building CXX object CMakeFiles/ks_tests.dir/home/travis/build/kaitai-io/ci_targets/tests/compiled/cpp_stl_98/valid_fail_range_bytes.cpp.o
[ 75%] Building CXX object CMakeFiles/ks_tests.dir/home/travis/build/kaitai-io/ci_targets/tests/compiled/cpp_stl_98/bits_simple.cpp.o
[ 75%] Building CXX object CMakeFiles/ks_tests.dir/home/travis/build/kaitai-io/ci_targets/tests/compiled/cpp_stl_98/expr_0.cpp.o
[ 76%] Building CXX object CMakeFiles/ks_tests.dir/home/travis/build/kaitai-io/ci_targets/tests/compiled/cpp_stl_98/default_endian_expr_is_be.cpp.o
[ 76%] Building CXX object CMakeFiles/ks_tests.dir/home/travis/build/kaitai-io/ci_targets/tests/compiled/cpp_stl_98/switch_manual_str.cpp.o
[ 76%] Building CXX object CMakeFiles/ks_tests.dir/home/travis/build/kaitai-io/ci_targets/tests/compiled/cpp_stl_98/params_pass_usertype.cpp.o
[ 76%] Building CXX object CMakeFiles/ks_tests.dir/home/travis/build/kaitai-io/ci_targets/tests/compiled/cpp_stl_98/valid_fail_inst.cpp.o
[ 77%] Building CXX object CMakeFiles/ks_tests.dir/home/travis/build/kaitai-io/ci_targets/tests/compiled/cpp_stl_98/non_standard.cpp.o
[ 77%] Building CXX object CMakeFiles/ks_tests.dir/home/travis/build/kaitai-io/ci_targets/tests/compiled/cpp_stl_98/process_repeat_bytes.cpp.o
[ 77%] Building CXX object CMakeFiles/ks_tests.dir/home/travis/build/kaitai-io/ci_targets/tests/compiled/cpp_stl_98/if_struct.cpp.o
[ 77%] Building CXX object CMakeFiles/ks_tests.dir/home/travis/build/kaitai-io/ci_targets/tests/compiled/cpp_stl_98/expr_if_int_ops.cpp.o
[ 78%] Building CXX object CMakeFiles/ks_tests.dir/home/travis/build/kaitai-io/ci_targets/tests/compiled/cpp_stl_98/ts_packet_header.cpp.o
[ 78%] Building CXX object CMakeFiles/ks_tests.dir/home/travis/build/kaitai-io/ci_targets/tests/compiled/cpp_stl_98/imported_root.cpp.o
[ 78%] Building CXX object CMakeFiles/ks_tests.dir/home/travis/build/kaitai-io/ci_targets/tests/compiled/cpp_stl_98/recursive_one.cpp.o
[ 78%] Building CXX object CMakeFiles/ks_tests.dir/home/travis/build/kaitai-io/ci_targets/tests/compiled/cpp_stl_98/process_to_user.cpp.o
[ 79%] Building CXX object CMakeFiles/ks_tests.dir/home/travis/build/kaitai-io/ci_targets/tests/compiled/cpp_stl_98/switch_cast.cpp.o
[ 79%] Building CXX object CMakeFiles/ks_tests.dir/home/travis/build/kaitai-io/ci_targets/tests/compiled/cpp_stl_98/if_values.cpp.o
[ 79%] Building CXX object CMakeFiles/ks_tests.dir/home/travis/build/kaitai-io/ci_targets/tests/compiled/cpp_stl_98/params_enum.cpp.o
[ 79%] Building CXX object CMakeFiles/ks_tests.dir/home/travis/build/kaitai-io/ci_targets/tests/compiled/cpp_stl_98/debug_array_user.cpp.o
[ 79%] Building CXX object CMakeFiles/ks_tests.dir/home/travis/build/kaitai-io/ci_targets/tests/compiled/cpp_stl_98/nav_parent_override.cpp.o
[ 80%] Building CXX object CMakeFiles/ks_tests.dir/home/travis/build/kaitai-io/ci_targets/tests/compiled/cpp_stl_98/meta_xref.cpp.o
[ 80%] Building CXX object CMakeFiles/ks_tests.dir/home/travis/build/kaitai-io/ci_targets/tests/compiled/cpp_stl_98/repeat_until_calc_array_type.cpp.o
[ 80%] Building CXX object CMakeFiles/ks_tests.dir/home/travis/build/kaitai-io/ci_targets/tests/compiled/cpp_stl_98/switch_manual_int.cpp.o
[ 80%] Building CXX object CMakeFiles/ks_tests.dir/home/travis/build/kaitai-io/ci_targets/tests/compiled/cpp_stl_98/imported_1.cpp.o
[ 81%] Building CXX object CMakeFiles/ks_tests.dir/home/travis/build/kaitai-io/ci_targets/tests/compiled/cpp_stl_98/expr_int_div.cpp.o
[ 81%] Building CXX object CMakeFiles/ks_tests.dir/home/travis/build/kaitai-io/ci_targets/tests/compiled/cpp_stl_98/switch_bytearray.cpp.o
[ 81%] Building CXX object CMakeFiles/ks_tests.dir/home/travis/build/kaitai-io/ci_targets/tests/compiled/cpp_stl_98/enum_import.cpp.o
[ 81%] Building CXX object CMakeFiles/ks_tests.dir/home/travis/build/kaitai-io/ci_targets/tests/compiled/cpp_stl_98/eof_exception_bytes.cpp.o
[ 82%] Building CXX object CMakeFiles/ks_tests.dir/home/travis/build/kaitai-io/ci_targets/tests/compiled/cpp_stl_98/imports0.cpp.o
[ 82%] Building CXX object CMakeFiles/ks_tests.dir/home/travis/build/kaitai-io/ci_targets/tests/compiled/cpp_stl_98/position_abs.cpp.o
[ 82%] Building CXX object CMakeFiles/ks_tests.dir/home/travis/build/kaitai-io/ci_targets/tests/compiled/cpp_stl_98/nav_parent_false.cpp.o
[ 82%] Building CXX object CMakeFiles/ks_tests.dir/home/travis/build/kaitai-io/ci_targets/tests/compiled/cpp_stl_98/imported_and_abs.cpp.o
In file included from /home/travis/build/kaitai-io/ci_targets/tests/compiled/cpp_stl_98/enum_import.cpp:3:0:
/home/travis/build/kaitai-io/ci_targets/tests/compiled/cpp_stl_98/enum_import.h:27:5: error: ‘enum_0_t’ does not name a type
     enum_0_t::animal_t m_pet_1;
     ^
/home/travis/build/kaitai-io/ci_targets/tests/compiled/cpp_stl_98/enum_import.h:28:5: error: ‘enum_deep_t’ does not name a type
     enum_deep_t::container1_t::container2_t::animal_t m_pet_2;
     ^
/home/travis/build/kaitai-io/ci_targets/tests/compiled/cpp_stl_98/enum_import.h:33:5: error: ‘enum_0_t’ does not name a type
     enum_0_t::animal_t pet_1() const { return m_pet_1; }
     ^
/home/travis/build/kaitai-io/ci_targets/tests/compiled/cpp_stl_98/enum_import.h:34:5: error: ‘enum_deep_t’ does not name a type
     enum_deep_t::container1_t::container2_t::animal_t pet_2() const { return m_pet_2; }
     ^
/home/travis/build/kaitai-io/ci_targets/tests/compiled/cpp_stl_98/enum_import.cpp: In member function ‘void enum_import_t::_read()’:
/home/travis/build/kaitai-io/ci_targets/tests/compiled/cpp_stl_98/enum_import.cpp:18:5: error: ‘m_pet_1’ was not declared in this scope
     m_pet_1 = static_cast<enum_0_t::animal_t>(m__io->read_u4le());
     ^
/home/travis/build/kaitai-io/ci_targets/tests/compiled/cpp_stl_98/enum_import.cpp:18:27: error: expected type-specifier before ‘enum_0_t’
     m_pet_1 = static_cast<enum_0_t::animal_t>(m__io->read_u4le());
                           ^
/home/travis/build/kaitai-io/ci_targets/tests/compiled/cpp_stl_98/enum_import.cpp:18:27: error: expected ‘>’ before ‘enum_0_t’
/home/travis/build/kaitai-io/ci_targets/tests/compiled/cpp_stl_98/enum_import.cpp:18:27: error: expected ‘(’ before ‘enum_0_t’
/home/travis/build/kaitai-io/ci_targets/tests/compiled/cpp_stl_98/enum_import.cpp:18:27: error: ‘enum_0_t’ has not been declared
/home/travis/build/kaitai-io/ci_targets/tests/compiled/cpp_stl_98/enum_import.cpp:18:66: error: expected ‘)’ before ‘;’ token
     m_pet_1 = static_cast<enum_0_t::animal_t>(m__io->read_u4le());
                                                                  ^
/home/travis/build/kaitai-io/ci_targets/tests/compiled/cpp_stl_98/enum_import.cpp:19:5: error: ‘m_pet_2’ was not declared in this scope
     m_pet_2 = static_cast<enum_deep_t::container1_t::container2_t::animal_t>(m__io->read_u4le());
     ^
/home/travis/build/kaitai-io/ci_targets/tests/compiled/cpp_stl_98/enum_import.cpp:19:27: error: expected type-specifier before ‘enum_deep_t’
     m_pet_2 = static_cast<enum_deep_t::container1_t::container2_t::animal_t>(m__io->read_u4le());
                           ^
/home/travis/build/kaitai-io/ci_targets/tests/compiled/cpp_stl_98/enum_import.cpp:19:27: error: expected ‘>’ before ‘enum_deep_t’
/home/travis/build/kaitai-io/ci_targets/tests/compiled/cpp_stl_98/enum_import.cpp:19:27: error: expected ‘(’ before ‘enum_deep_t’
/home/travis/build/kaitai-io/ci_targets/tests/compiled/cpp_stl_98/enum_import.cpp:19:27: error: ‘enum_deep_t’ has not been declared
/home/travis/build/kaitai-io/ci_targets/tests/compiled/cpp_stl_98/enum_import.cpp:19:97: error: expected ‘)’ before ‘;’ token
     m_pet_2 = static_cast<enum_deep_t::container1_t::container2_t::animal_t>(m__io->read_u4le());
                                                                                                 ^
make[2]: *** [CMakeFiles/ks_tests.dir/home/travis/build/kaitai-io/ci_targets/tests/compiled/cpp_stl_98/enum_import.cpp.o] Error 1
[ 82%] Building CXX object CMakeFiles/ks_tests.dir/home/travis/build/kaitai-io/ci_targets/tests/compiled/cpp_stl_98/type_ternary.cpp.o
[ 83%] Building CXX object CMakeFiles/ks_tests.dir/home/travis/build/kaitai-io/ci_targets/tests/compiled/cpp_stl_98/debug_switch_user.cpp.o
[ 83%] Building CXX object CMakeFiles/ks_tests.dir/home/travis/build/kaitai-io/ci_targets/tests/compiled/cpp_stl_98/bits_signed_b32_le.cpp.o
[ 83%] Building CXX object CMakeFiles/ks_tests.dir/home/travis/build/kaitai-io/ci_targets/tests/compiled/cpp_stl_98/js_signed_right_shift.cpp.o
[ 83%] Building CXX object CMakeFiles/ks_tests.dir/home/travis/build/kaitai-io/ci_targets/tests/compiled/cpp_stl_98/enum_fancy.cpp.o
[ 84%] Building CXX object CMakeFiles/ks_tests.dir/home/travis/build/kaitai-io/ci_targets/tests/compiled/cpp_stl_98/optional_id.cpp.o
[ 84%] Building CXX object CMakeFiles/ks_tests.dir/home/travis/build/kaitai-io/ci_targets/tests/compiled/cpp_stl_98/valid_switch.cpp.o
[ 84%] Building CXX object CMakeFiles/ks_tests.dir/home/travis/build/kaitai-io/ci_targets/tests/compiled/cpp_stl_98/repeat_until_s4.cpp.o
[ 84%] Building CXX object CMakeFiles/ks_tests.dir/home/travis/build/kaitai-io/ci_targets/tests/compiled/cpp_stl_98/default_bit_endian_mod.cpp.o
[ 85%] Building CXX object CMakeFiles/ks_tests.dir/home/travis/build/kaitai-io/ci_targets/tests/compiled/cpp_stl_98/repeat_until_sized.cpp.o
[ 85%] Building CXX object CMakeFiles/ks_tests.dir/home/travis/build/kaitai-io/ci_targets/tests/compiled/cpp_stl_98/instance_std.cpp.o
[ 85%] Building CXX object CMakeFiles/ks_tests.dir/home/travis/build/kaitai-io/ci_targets/tests/compiled/cpp_stl_98/position_in_seq.cpp.o
[ 85%] Building CXX object CMakeFiles/ks_tests.dir/home/travis/build/kaitai-io/ci_targets/tests/compiled/cpp_stl_98/enum_int_range_u.cpp.o
[ 86%] Building CXX object CMakeFiles/ks_tests.dir/home/travis/build/kaitai-io/ci_targets/tests/compiled/cpp_stl_98/process_coerce_usertype1.cpp.o
[ 86%] Building CXX object CMakeFiles/ks_tests.dir/home/travis/build/kaitai-io/ci_targets/tests/compiled/cpp_stl_98/enum_deep_literals.cpp.o
[ 86%] Building CXX object CMakeFiles/ks_tests.dir/home/travis/build/kaitai-io/ci_targets/tests/compiled/cpp_stl_98/process_repeat_usertype.cpp.o
[ 86%] Building CXX object CMakeFiles/ks_tests.dir/home/travis/build/kaitai-io/ci_targets/tests/compiled/cpp_stl_98/imports_abs_rel.cpp.o
[ 86%] Building CXX object CMakeFiles/ks_tests.dir/home/travis/build/kaitai-io/ci_targets/tests/compiled/cpp_stl_98/nested_types2.cpp.o
[ 87%] Building CXX object CMakeFiles/ks_tests.dir/home/travis/build/kaitai-io/ci_targets/tests/compiled/cpp_stl_98/str_literals.cpp.o
[ 87%] Building CXX object CMakeFiles/ks_tests.dir/home/travis/build/kaitai-io/ci_targets/tests/compiled/cpp_stl_98/nav_parent_switch.cpp.o
[ 87%] Building CXX object CMakeFiles/ks_tests.dir/home/travis/build/kaitai-io/ci_targets/tests/compiled/cpp_stl_98/process_xor_const.cpp.o
[ 87%] Building CXX object CMakeFiles/ks_tests.dir/home/travis/build/kaitai-io/ci_targets/tests/compiled/cpp_stl_98/valid_not_parsed_if.cpp.o
[ 88%] Building CXX object CMakeFiles/ks_tests.dir/home/travis/build/kaitai-io/ci_targets/tests/compiled/cpp_stl_98/default_endian_expr_inherited.cpp.o
[ 88%] Building CXX object CMakeFiles/ks_tests.dir/home/travis/build/kaitai-io/ci_targets/tests/compiled/cpp_stl_98/enum_0.cpp.o
[ 88%] Building CXX object CMakeFiles/ks_tests.dir/home/travis/build/kaitai-io/ci_targets/tests/compiled/cpp_stl_98/valid_fail_range_float.cpp.o
[ 88%] Building CXX object CMakeFiles/ks_tests.dir/home/travis/build/kaitai-io/ci_targets/tests/compiled/cpp_stl_98/valid_fail_eq_bytes.cpp.o
[ 89%] Building CXX object CMakeFiles/ks_tests.dir/home/travis/build/kaitai-io/ci_targets/tests/compiled/cpp_stl_98/nested_types.cpp.o
[ 89%] Building CXX object CMakeFiles/ks_tests.dir/home/travis/build/kaitai-io/ci_targets/tests/compiled/cpp_stl_98/switch_repeat_expr.cpp.o
[ 89%] Building CXX object CMakeFiles/ks_tests.dir/home/travis/build/kaitai-io/ci_targets/tests/compiled/cpp_stl_98/params_call_extra_parens.cpp.o
[ 89%] Building CXX object CMakeFiles/ks_tests.dir/home/travis/build/kaitai-io/ci_targets/tests/compiled/cpp_stl_98/switch_manual_int_else.cpp.o
[ 89%] Building CXX object CMakeFiles/ks_tests.dir/home/travis/build/kaitai-io/ci_targets/tests/compiled/cpp_stl_98/expr_enum.cpp.o
[ 90%] Building CXX object CMakeFiles/ks_tests.dir/home/travis/build/kaitai-io/ci_targets/tests/compiled/cpp_stl_98/expr_1.cpp.o
[ 90%] Building CXX object CMakeFiles/ks_tests.dir/home/travis/build/kaitai-io/ci_targets/tests/compiled/cpp_stl_98/opaque_with_param.cpp.o
[ 90%] Building CXX object CMakeFiles/ks_tests.dir/home/travis/build/kaitai-io/ci_targets/tests/compiled/cpp_stl_98/combine_enum.cpp.o
[ 90%] Building CXX object CMakeFiles/ks_tests.dir/home/travis/build/kaitai-io/ci_targets/tests/compiled/cpp_stl_98/term_strz.cpp.o
[ 91%] Building CXX object CMakeFiles/ks_tests.dir/home/travis/build/kaitai-io/ci_targets/tests/compiled/cpp_stl_98/index_to_param_until.cpp.o
[ 91%] Building CXX object CMakeFiles/ks_tests.dir/home/travis/build/kaitai-io/ci_targets/tests/compiled/cpp_stl_98/switch_repeat_expr_invalid.cpp.o
[ 91%] Building CXX object CMakeFiles/ks_tests.dir/home/travis/build/kaitai-io/ci_targets/tests/compiled/cpp_stl_98/index_sizes.cpp.o
[ 91%] Building CXX object CMakeFiles/ks_tests.dir/home/travis/build/kaitai-io/ci_targets/tests/compiled/cpp_stl_98/process_custom_no_args.cpp.o
[ 92%] Building CXX object CMakeFiles/ks_tests.dir/home/travis/build/kaitai-io/ci_targets/tests/compiled/cpp_stl_98/index_to_param_eos.cpp.o
[ 92%] Building CXX object CMakeFiles/ks_tests.dir/home/travis/build/kaitai-io/ci_targets/tests/compiled/cpp_stl_98/switch_manual_int_size.cpp.o
[ 92%] Building CXX object CMakeFiles/ks_tests.dir/home/travis/build/kaitai-io/ci_targets/tests/compiled/cpp_stl_98/nav_parent3.cpp.o
[ 92%] Building CXX object CMakeFiles/ks_tests.dir/home/travis/build/kaitai-io/ci_targets/tests/compiled/cpp_stl_98/expr_mod.cpp.o
[ 93%] Building CXX object CMakeFiles/ks_tests.dir/home/travis/build/kaitai-io/ci_targets/tests/compiled/cpp_stl_98/imported_2.cpp.o
[ 93%] Building CXX object CMakeFiles/ks_tests.dir/home/travis/build/kaitai-io/ci_targets/tests/compiled/cpp_stl_98/valid_fail_max_int.cpp.o
[ 93%] Building CXX object CMakeFiles/ks_tests.dir/home/travis/build/kaitai-io/ci_targets/tests/compiled/cpp_stl_98/expr_io_eof.cpp.o
[ 93%] Building CXX object CMakeFiles/ks_tests.dir/home/travis/build/kaitai-io/ci_targets/tests/compiled/cpp_stl_98/valid_fail_expr.cpp.o
[ 93%] Building CXX object CMakeFiles/ks_tests.dir/home/travis/build/kaitai-io/ci_targets/tests/compiled/cpp_stl_98/position_to_end.cpp.o
[ 94%] Building CXX object CMakeFiles/ks_tests.dir/home/travis/build/kaitai-io/ci_targets/tests/compiled/cpp_stl_98/expr_bits.cpp.o
[ 94%] Building CXX object CMakeFiles/ks_tests.dir/home/travis/build/kaitai-io/ci_targets/tests/compiled/cpp_stl_98/valid_fail_anyof_int.cpp.o
[ 94%] Building CXX object CMakeFiles/ks_tests.dir/home/travis/build/kaitai-io/ci_targets/tests/compiled/cpp_stl_98/switch_manual_str_else.cpp.o
[ 94%] Building CXX object CMakeFiles/ks_tests.dir/home/travis/build/kaitai-io/ci_targets/tests/compiled/cpp_stl_98/enum_if.cpp.o
[ 95%] Building CXX object CMakeFiles/ks_tests.dir/home/travis/build/kaitai-io/ci_targets/tests/compiled/cpp_stl_98/enum_long_range_u.cpp.o
[ 95%] Building CXX object CMakeFiles/ks_tests.dir/home/travis/build/kaitai-io/ci_targets/tests/compiled/cpp_stl_98/integers.cpp.o
[ 95%] Building CXX object CMakeFiles/ks_tests.dir/home/travis/build/kaitai-io/ci_targets/tests/compiled/cpp_stl_98/user_type.cpp.o
[ 95%] Building CXX object CMakeFiles/ks_tests.dir/home/travis/build/kaitai-io/ci_targets/tests/compiled/cpp_stl_98/repeat_eos_u4.cpp.o
[ 96%] Building CXX object CMakeFiles/ks_tests.dir/home/travis/build/kaitai-io/ci_targets/tests/compiled/cpp_stl_98/opaque_external_type_02_child.cpp.o
[ 96%] Building CXX object CMakeFiles/ks_tests.dir/home/travis/build/kaitai-io/ci_targets/tests/compiled/cpp_stl_98/instance_io_user.cpp.o
[ 96%] Building CXX object CMakeFiles/ks_tests.dir/home/travis/build/kaitai-io/ci_targets/tests/compiled/cpp_stl_98/to_string_custom.cpp.o
[ 96%] Building CXX object CMakeFiles/ks_tests.dir/home/travis/build/kaitai-io/ci_targets/tests/compiled/cpp_stl_98/str_pad_term_empty.cpp.o
[ 96%] Building CXX object CMakeFiles/ks_tests.dir/home/travis/build/kaitai-io/ci_targets/tests/compiled/cpp_stl_98/fixed_contents.cpp.o
[ 97%] Building CXX object CMakeFiles/ks_tests.dir/home/travis/build/kaitai-io/ci_targets/tests/compiled/cpp_stl_98/enum_1.cpp.o
[ 97%] Building CXX object CMakeFiles/ks_tests.dir/home/travis/build/kaitai-io/ci_targets/tests/compiled/cpp_stl_98/params_pass_array_usertype.cpp.o
[ 97%] Building CXX object CMakeFiles/ks_tests.dir/home/travis/build/kaitai-io/ci_targets/tests/compiled/cpp_stl_98/switch_manual_enum_invalid.cpp.o
[ 97%] Building CXX object CMakeFiles/ks_tests.dir/home/travis/build/kaitai-io/ci_targets/tests/compiled/cpp_stl_98/valid_fail_range_str.cpp.o
[ 98%] Building CXX object CMakeFiles/ks_tests.dir/home/travis/build/kaitai-io/ci_targets/tests/compiled/cpp_stl_98/process_xor4_value.cpp.o
[ 98%] Building CXX object CMakeFiles/ks_tests.dir/home/travis/build/kaitai-io/ci_targets/tests/compiled/cpp_stl_98/fixed_struct.cpp.o
[ 98%] Building CXX object CMakeFiles/ks_tests.dir/home/travis/build/kaitai-io/ci_targets/tests/compiled/cpp_stl_98/expr_array.cpp.o
[ 98%] Building CXX object CMakeFiles/ks_tests.dir/home/travis/build/kaitai-io/ci_targets/tests/compiled/cpp_stl_98/zlib_with_header_78.cpp.o
[ 99%] Building CXX object CMakeFiles/ks_tests.dir/home/travis/build/kaitai-io/ci_targets/tests/compiled/cpp_stl_98/docstrings_docref.cpp.o
[ 99%] Building CXX object CMakeFiles/ks_tests.dir/home/travis/build/kaitai-io/ci_targets/tests/compiled/cpp_stl_98/eos_exception_bytes.cpp.o
[ 99%] Building CXX object CMakeFiles/ks_tests.dir/home/travis/build/kaitai-io/ci_targets/tests/compiled/cpp_stl_98/nav_parent_switch_cast.cpp.o
[ 99%] Building CXX object CMakeFiles/ks_tests.dir/home/travis/build/kaitai-io/ci_targets/tests/compiled/cpp_stl_98/switch_multi_bool_ops.cpp.o
/home/travis/build/kaitai-io/ci_targets/tests/compiled/cpp_stl_98/nav_parent_switch_cast.cpp: In member function ‘uint8_t nav_parent_switch_cast_t::foo_t::common_t::flag()’:
/home/travis/build/kaitai-io/ci_targets/tests/compiled/cpp_stl_98/nav_parent_switch_cast.cpp:166:71: error: ‘class kaitai::kstruct’ has no member named ‘_parent’
     m_flag = static_cast<nav_parent_switch_cast_t::foo_t*>(_parent()->_parent())->flag();
                                                                       ^
make[2]: *** [CMakeFiles/ks_tests.dir/home/travis/build/kaitai-io/ci_targets/tests/compiled/cpp_stl_98/nav_parent_switch_cast.cpp.o] Error 1
make[2]: Target `CMakeFiles/ks_tests.dir/build' not remade because of errors.
make[1]: *** [CMakeFiles/ks_tests.dir/all] Error 2
make[1]: Target `all' not remade because of errors.
make: *** [all] Error 2
make: Target `default_target' not remade because of errors.
