<?xml version="1.0"?>

<valgrindoutput>

<protocolversion>4</protocolversion>
<protocoltool>memcheck</protocoltool>

<preamble>
  <line>Memcheck, a memory error detector</line>
  <line>Copyright (C) 2002-2013, and GNU GPL'd, by Julian Seward et al.</line>
  <line>Using Valgrind-3.10.1 and LibVEX; rerun with -h for copyright info</line>
  <line>Command: /home/travis/build/kaitai-io/ci_targets/tests/compiled/cpp_stl_98/bin/ks_tests</line>
</preamble>

<pid>7728</pid>
<ppid>7727</ppid>
<tool>memcheck</tool>

<args>
  <vargv>
    <exe>/usr/bin/valgrind.bin</exe>
    <arg>--leak-check=full</arg>
    <arg>--xml=yes</arg>
    <arg>--xml-file=test_out/cpp_stl_98/valgrind.xml</arg>
  </vargv>
  <argv>
    <exe>/home/travis/build/kaitai-io/ci_targets/tests/compiled/cpp_stl_98/bin/ks_tests</exe>
  </argv>
</args>

<status>
  <state>RUNNING</state>
  <time>00:00:00:00.352 </time>
</status>


<status>
  <state>FINISHED</state>
  <time>00:00:00:04.723 </time>
</status>

<error>
  <unique>0xb</unique>
  <tid>1</tid>
  <kind>Leak_DefinitelyLost</kind>
  <xwhat>
    <text>40 bytes in 1 blocks are definitely lost in loss record 12 of 30</text>
    <leakedbytes>40</leakedbytes>
    <leakedblocks>1</leakedblocks>
  </xwhat>
  <stack>
    <frame>
      <ip>0x4C2B0E0</ip>
      <obj>/usr/lib/valgrind/vgpreload_memcheck-amd64-linux.so</obj>
      <fn>operator new(unsigned long)</fn>
    </frame>
    <frame>
      <ip>0x62D63B</ip>
      <obj>/home/travis/build/kaitai-io/ci_targets/compiled/cpp_stl_98/bin/ks_tests</obj>
      <fn>switch_manual_str_else_t::opcode_t::_read()</fn>
      <dir>/home/travis/build/kaitai-io/ci_targets/tests/compiled/cpp_stl_98</dir>
      <file>switch_manual_str_else.cpp</file>
      <line>42</line>
    </frame>
    <frame>
      <ip>0x62D497</ip>
      <obj>/home/travis/build/kaitai-io/ci_targets/compiled/cpp_stl_98/bin/ks_tests</obj>
      <fn>switch_manual_str_else_t::opcode_t::opcode_t(kaitai::kstream*, switch_manual_str_else_t*, switch_manual_str_else_t*)</fn>
      <dir>/home/travis/build/kaitai-io/ci_targets/tests/compiled/cpp_stl_98</dir>
      <file>switch_manual_str_else.cpp</file>
      <line>34</line>
    </frame>
    <frame>
      <ip>0x62D200</ip>
      <obj>/home/travis/build/kaitai-io/ci_targets/compiled/cpp_stl_98/bin/ks_tests</obj>
      <fn>switch_manual_str_else_t::_read()</fn>
      <dir>/home/travis/build/kaitai-io/ci_targets/tests/compiled/cpp_stl_98</dir>
      <file>switch_manual_str_else.cpp</file>
      <line>18</line>
    </frame>
    <frame>
      <ip>0x62D112</ip>
      <obj>/home/travis/build/kaitai-io/ci_targets/compiled/cpp_stl_98/bin/ks_tests</obj>
      <fn>switch_manual_str_else_t::switch_manual_str_else_t(kaitai::kstream*, kaitai::kstruct*, switch_manual_str_else_t*)</fn>
      <dir>/home/travis/build/kaitai-io/ci_targets/tests/compiled/cpp_stl_98</dir>
      <file>switch_manual_str_else.cpp</file>
      <line>10</line>
    </frame>
    <frame>
      <ip>0x539C90</ip>
      <obj>/home/travis/build/kaitai-io/ci_targets/compiled/cpp_stl_98/bin/ks_tests</obj>
      <fn>test_switch_manual_str_else::test_method()</fn>
      <dir>/home/travis/build/kaitai-io/ci_targets/tests/spec/cpp_stl_98</dir>
      <file>test_switch_manual_str_else.cpp</file>
      <line>12</line>
    </frame>
    <frame>
      <ip>0x539BF0</ip>
      <obj>/home/travis/build/kaitai-io/ci_targets/compiled/cpp_stl_98/bin/ks_tests</obj>
      <fn>test_switch_manual_str_else_invoker()</fn>
      <dir>/home/travis/build/kaitai-io/ci_targets/tests/spec/cpp_stl_98</dir>
      <file>test_switch_manual_str_else.cpp</file>
      <line>9</line>
    </frame>
    <frame>
      <ip>0x50A205</ip>
      <obj>/home/travis/build/kaitai-io/ci_targets/compiled/cpp_stl_98/bin/ks_tests</obj>
      <fn>boost::unit_test::ut_detail::unused boost::unit_test::ut_detail::invoker&lt;boost::unit_test::ut_detail::unused&gt;::invoke&lt;void (*)()&gt;(void (*&amp;)())</fn>
    </frame>
    <frame>
      <ip>0x50A1C7</ip>
      <obj>/home/travis/build/kaitai-io/ci_targets/compiled/cpp_stl_98/bin/ks_tests</obj>
      <fn>boost::unit_test::ut_detail::callback0_impl_t&lt;boost::unit_test::ut_detail::unused, void (*)()&gt;::invoke()</fn>
    </frame>
    <frame>
      <ip>0x4E9F1F0</ip>
      <obj>/usr/lib/x86_64-linux-gnu/libboost_unit_test_framework.so.1.54.0</obj>
    </frame>
    <frame>
      <ip>0x4E7A545</ip>
      <obj>/usr/lib/x86_64-linux-gnu/libboost_unit_test_framework.so.1.54.0</obj>
      <fn>boost::execution_monitor::catch_signals(boost::unit_test::callback0&lt;int&gt; const&amp;)</fn>
    </frame>
    <frame>
      <ip>0x4E7AD82</ip>
      <obj>/usr/lib/x86_64-linux-gnu/libboost_unit_test_framework.so.1.54.0</obj>
      <fn>boost::execution_monitor::execute(boost::unit_test::callback0&lt;int&gt; const&amp;)</fn>
    </frame>
  </stack>
</error>

<error>
  <unique>0xc</unique>
  <tid>1</tid>
  <kind>Leak_DefinitelyLost</kind>
  <xwhat>
    <text>40 bytes in 1 blocks are definitely lost in loss record 13 of 30</text>
    <leakedbytes>40</leakedbytes>
    <leakedblocks>1</leakedblocks>
  </xwhat>
  <stack>
    <frame>
      <ip>0x4C2B0E0</ip>
      <obj>/usr/lib/valgrind/vgpreload_memcheck-amd64-linux.so</obj>
      <fn>operator new(unsigned long)</fn>
    </frame>
    <frame>
      <ip>0x61D991</ip>
      <obj>/home/travis/build/kaitai-io/ci_targets/compiled/cpp_stl_98/bin/ks_tests</obj>
      <fn>switch_manual_int_else_t::opcode_t::_read()</fn>
      <dir>/home/travis/build/kaitai-io/ci_targets/tests/compiled/cpp_stl_98</dir>
      <file>switch_manual_int_else.cpp</file>
      <line>41</line>
    </frame>
    <frame>
      <ip>0x61D8EE</ip>
      <obj>/home/travis/build/kaitai-io/ci_targets/compiled/cpp_stl_98/bin/ks_tests</obj>
      <fn>switch_manual_int_else_t::opcode_t::opcode_t(kaitai::kstream*, switch_manual_int_else_t*, switch_manual_int_else_t*)</fn>
      <dir>/home/travis/build/kaitai-io/ci_targets/tests/compiled/cpp_stl_98</dir>
      <file>switch_manual_int_else.cpp</file>
      <line>34</line>
    </frame>
    <frame>
      <ip>0x61D670</ip>
      <obj>/home/travis/build/kaitai-io/ci_targets/compiled/cpp_stl_98/bin/ks_tests</obj>
      <fn>switch_manual_int_else_t::_read()</fn>
      <dir>/home/travis/build/kaitai-io/ci_targets/tests/compiled/cpp_stl_98</dir>
      <file>switch_manual_int_else.cpp</file>
      <line>18</line>
    </frame>
    <frame>
      <ip>0x61D582</ip>
      <obj>/home/travis/build/kaitai-io/ci_targets/compiled/cpp_stl_98/bin/ks_tests</obj>
      <fn>switch_manual_int_else_t::switch_manual_int_else_t(kaitai::kstream*, kaitai::kstruct*, switch_manual_int_else_t*)</fn>
      <dir>/home/travis/build/kaitai-io/ci_targets/tests/compiled/cpp_stl_98</dir>
      <file>switch_manual_int_else.cpp</file>
      <line>10</line>
    </frame>
    <frame>
      <ip>0x5A5800</ip>
      <obj>/home/travis/build/kaitai-io/ci_targets/compiled/cpp_stl_98/bin/ks_tests</obj>
      <fn>test_switch_manual_int_else::test_method()</fn>
      <dir>/home/travis/build/kaitai-io/ci_targets/tests/spec/cpp_stl_98</dir>
      <file>test_switch_manual_int_else.cpp</file>
      <line>12</line>
    </frame>
    <frame>
      <ip>0x5A5760</ip>
      <obj>/home/travis/build/kaitai-io/ci_targets/compiled/cpp_stl_98/bin/ks_tests</obj>
      <fn>test_switch_manual_int_else_invoker()</fn>
      <dir>/home/travis/build/kaitai-io/ci_targets/tests/spec/cpp_stl_98</dir>
      <file>test_switch_manual_int_else.cpp</file>
      <line>9</line>
    </frame>
    <frame>
      <ip>0x50A205</ip>
      <obj>/home/travis/build/kaitai-io/ci_targets/compiled/cpp_stl_98/bin/ks_tests</obj>
      <fn>boost::unit_test::ut_detail::unused boost::unit_test::ut_detail::invoker&lt;boost::unit_test::ut_detail::unused&gt;::invoke&lt;void (*)()&gt;(void (*&amp;)())</fn>
    </frame>
    <frame>
      <ip>0x50A1C7</ip>
      <obj>/home/travis/build/kaitai-io/ci_targets/compiled/cpp_stl_98/bin/ks_tests</obj>
      <fn>boost::unit_test::ut_detail::callback0_impl_t&lt;boost::unit_test::ut_detail::unused, void (*)()&gt;::invoke()</fn>
    </frame>
    <frame>
      <ip>0x4E9F1F0</ip>
      <obj>/usr/lib/x86_64-linux-gnu/libboost_unit_test_framework.so.1.54.0</obj>
    </frame>
    <frame>
      <ip>0x4E7A545</ip>
      <obj>/usr/lib/x86_64-linux-gnu/libboost_unit_test_framework.so.1.54.0</obj>
      <fn>boost::execution_monitor::catch_signals(boost::unit_test::callback0&lt;int&gt; const&amp;)</fn>
    </frame>
    <frame>
      <ip>0x4E7AD82</ip>
      <obj>/usr/lib/x86_64-linux-gnu/libboost_unit_test_framework.so.1.54.0</obj>
      <fn>boost::execution_monitor::execute(boost::unit_test::callback0&lt;int&gt; const&amp;)</fn>
    </frame>
  </stack>
</error>

<error>
  <unique>0xf</unique>
  <tid>1</tid>
  <kind>Leak_DefinitelyLost</kind>
  <xwhat>
    <text>71 (40 direct, 31 indirect) bytes in 1 blocks are definitely lost in loss record 16 of 30</text>
    <leakedbytes>71</leakedbytes>
    <leakedblocks>1</leakedblocks>
  </xwhat>
  <stack>
    <frame>
      <ip>0x4C2B0E0</ip>
      <obj>/usr/lib/valgrind/vgpreload_memcheck-amd64-linux.so</obj>
      <fn>operator new(unsigned long)</fn>
    </frame>
    <frame>
      <ip>0x62D7CE</ip>
      <obj>/home/travis/build/kaitai-io/ci_targets/compiled/cpp_stl_98/bin/ks_tests</obj>
      <fn>switch_manual_str_else_t::opcode_t::_read()</fn>
      <dir>/home/travis/build/kaitai-io/ci_targets/tests/compiled/cpp_stl_98</dir>
      <file>switch_manual_str_else.cpp</file>
      <line>45</line>
    </frame>
    <frame>
      <ip>0x62D497</ip>
      <obj>/home/travis/build/kaitai-io/ci_targets/compiled/cpp_stl_98/bin/ks_tests</obj>
      <fn>switch_manual_str_else_t::opcode_t::opcode_t(kaitai::kstream*, switch_manual_str_else_t*, switch_manual_str_else_t*)</fn>
      <dir>/home/travis/build/kaitai-io/ci_targets/tests/compiled/cpp_stl_98</dir>
      <file>switch_manual_str_else.cpp</file>
      <line>34</line>
    </frame>
    <frame>
      <ip>0x62D200</ip>
      <obj>/home/travis/build/kaitai-io/ci_targets/compiled/cpp_stl_98/bin/ks_tests</obj>
      <fn>switch_manual_str_else_t::_read()</fn>
      <dir>/home/travis/build/kaitai-io/ci_targets/tests/compiled/cpp_stl_98</dir>
      <file>switch_manual_str_else.cpp</file>
      <line>18</line>
    </frame>
    <frame>
      <ip>0x62D112</ip>
      <obj>/home/travis/build/kaitai-io/ci_targets/compiled/cpp_stl_98/bin/ks_tests</obj>
      <fn>switch_manual_str_else_t::switch_manual_str_else_t(kaitai::kstream*, kaitai::kstruct*, switch_manual_str_else_t*)</fn>
      <dir>/home/travis/build/kaitai-io/ci_targets/tests/compiled/cpp_stl_98</dir>
      <file>switch_manual_str_else.cpp</file>
      <line>10</line>
    </frame>
    <frame>
      <ip>0x539C90</ip>
      <obj>/home/travis/build/kaitai-io/ci_targets/compiled/cpp_stl_98/bin/ks_tests</obj>
      <fn>test_switch_manual_str_else::test_method()</fn>
      <dir>/home/travis/build/kaitai-io/ci_targets/tests/spec/cpp_stl_98</dir>
      <file>test_switch_manual_str_else.cpp</file>
      <line>12</line>
    </frame>
    <frame>
      <ip>0x539BF0</ip>
      <obj>/home/travis/build/kaitai-io/ci_targets/compiled/cpp_stl_98/bin/ks_tests</obj>
      <fn>test_switch_manual_str_else_invoker()</fn>
      <dir>/home/travis/build/kaitai-io/ci_targets/tests/spec/cpp_stl_98</dir>
      <file>test_switch_manual_str_else.cpp</file>
      <line>9</line>
    </frame>
    <frame>
      <ip>0x50A205</ip>
      <obj>/home/travis/build/kaitai-io/ci_targets/compiled/cpp_stl_98/bin/ks_tests</obj>
      <fn>boost::unit_test::ut_detail::unused boost::unit_test::ut_detail::invoker&lt;boost::unit_test::ut_detail::unused&gt;::invoke&lt;void (*)()&gt;(void (*&amp;)())</fn>
    </frame>
    <frame>
      <ip>0x50A1C7</ip>
      <obj>/home/travis/build/kaitai-io/ci_targets/compiled/cpp_stl_98/bin/ks_tests</obj>
      <fn>boost::unit_test::ut_detail::callback0_impl_t&lt;boost::unit_test::ut_detail::unused, void (*)()&gt;::invoke()</fn>
    </frame>
    <frame>
      <ip>0x4E9F1F0</ip>
      <obj>/usr/lib/x86_64-linux-gnu/libboost_unit_test_framework.so.1.54.0</obj>
    </frame>
    <frame>
      <ip>0x4E7A545</ip>
      <obj>/usr/lib/x86_64-linux-gnu/libboost_unit_test_framework.so.1.54.0</obj>
      <fn>boost::execution_monitor::catch_signals(boost::unit_test::callback0&lt;int&gt; const&amp;)</fn>
    </frame>
    <frame>
      <ip>0x4E7AD82</ip>
      <obj>/usr/lib/x86_64-linux-gnu/libboost_unit_test_framework.so.1.54.0</obj>
      <fn>boost::execution_monitor::execute(boost::unit_test::callback0&lt;int&gt; const&amp;)</fn>
    </frame>
  </stack>
</error>

<error>
  <unique>0x10</unique>
  <tid>1</tid>
  <kind>Leak_DefinitelyLost</kind>
  <xwhat>
    <text>71 (40 direct, 31 indirect) bytes in 1 blocks are definitely lost in loss record 17 of 30</text>
    <leakedbytes>71</leakedbytes>
    <leakedblocks>1</leakedblocks>
  </xwhat>
  <stack>
    <frame>
      <ip>0x4C2B0E0</ip>
      <obj>/usr/lib/valgrind/vgpreload_memcheck-amd64-linux.so</obj>
      <fn>operator new(unsigned long)</fn>
    </frame>
    <frame>
      <ip>0x61D9EF</ip>
      <obj>/home/travis/build/kaitai-io/ci_targets/compiled/cpp_stl_98/bin/ks_tests</obj>
      <fn>switch_manual_int_else_t::opcode_t::_read()</fn>
      <dir>/home/travis/build/kaitai-io/ci_targets/tests/compiled/cpp_stl_98</dir>
      <file>switch_manual_int_else.cpp</file>
      <line>45</line>
    </frame>
    <frame>
      <ip>0x61D8EE</ip>
      <obj>/home/travis/build/kaitai-io/ci_targets/compiled/cpp_stl_98/bin/ks_tests</obj>
      <fn>switch_manual_int_else_t::opcode_t::opcode_t(kaitai::kstream*, switch_manual_int_else_t*, switch_manual_int_else_t*)</fn>
      <dir>/home/travis/build/kaitai-io/ci_targets/tests/compiled/cpp_stl_98</dir>
      <file>switch_manual_int_else.cpp</file>
      <line>34</line>
    </frame>
    <frame>
      <ip>0x61D670</ip>
      <obj>/home/travis/build/kaitai-io/ci_targets/compiled/cpp_stl_98/bin/ks_tests</obj>
      <fn>switch_manual_int_else_t::_read()</fn>
      <dir>/home/travis/build/kaitai-io/ci_targets/tests/compiled/cpp_stl_98</dir>
      <file>switch_manual_int_else.cpp</file>
      <line>18</line>
    </frame>
    <frame>
      <ip>0x61D582</ip>
      <obj>/home/travis/build/kaitai-io/ci_targets/compiled/cpp_stl_98/bin/ks_tests</obj>
      <fn>switch_manual_int_else_t::switch_manual_int_else_t(kaitai::kstream*, kaitai::kstruct*, switch_manual_int_else_t*)</fn>
      <dir>/home/travis/build/kaitai-io/ci_targets/tests/compiled/cpp_stl_98</dir>
      <file>switch_manual_int_else.cpp</file>
      <line>10</line>
    </frame>
    <frame>
      <ip>0x5A5800</ip>
      <obj>/home/travis/build/kaitai-io/ci_targets/compiled/cpp_stl_98/bin/ks_tests</obj>
      <fn>test_switch_manual_int_else::test_method()</fn>
      <dir>/home/travis/build/kaitai-io/ci_targets/tests/spec/cpp_stl_98</dir>
      <file>test_switch_manual_int_else.cpp</file>
      <line>12</line>
    </frame>
    <frame>
      <ip>0x5A5760</ip>
      <obj>/home/travis/build/kaitai-io/ci_targets/compiled/cpp_stl_98/bin/ks_tests</obj>
      <fn>test_switch_manual_int_else_invoker()</fn>
      <dir>/home/travis/build/kaitai-io/ci_targets/tests/spec/cpp_stl_98</dir>
      <file>test_switch_manual_int_else.cpp</file>
      <line>9</line>
    </frame>
    <frame>
      <ip>0x50A205</ip>
      <obj>/home/travis/build/kaitai-io/ci_targets/compiled/cpp_stl_98/bin/ks_tests</obj>
      <fn>boost::unit_test::ut_detail::unused boost::unit_test::ut_detail::invoker&lt;boost::unit_test::ut_detail::unused&gt;::invoke&lt;void (*)()&gt;(void (*&amp;)())</fn>
    </frame>
    <frame>
      <ip>0x50A1C7</ip>
      <obj>/home/travis/build/kaitai-io/ci_targets/compiled/cpp_stl_98/bin/ks_tests</obj>
      <fn>boost::unit_test::ut_detail::callback0_impl_t&lt;boost::unit_test::ut_detail::unused, void (*)()&gt;::invoke()</fn>
    </frame>
    <frame>
      <ip>0x4E9F1F0</ip>
      <obj>/usr/lib/x86_64-linux-gnu/libboost_unit_test_framework.so.1.54.0</obj>
    </frame>
    <frame>
      <ip>0x4E7A545</ip>
      <obj>/usr/lib/x86_64-linux-gnu/libboost_unit_test_framework.so.1.54.0</obj>
      <fn>boost::execution_monitor::catch_signals(boost::unit_test::callback0&lt;int&gt; const&amp;)</fn>
    </frame>
    <frame>
      <ip>0x4E7AD82</ip>
      <obj>/usr/lib/x86_64-linux-gnu/libboost_unit_test_framework.so.1.54.0</obj>
      <fn>boost::execution_monitor::execute(boost::unit_test::callback0&lt;int&gt; const&amp;)</fn>
    </frame>
  </stack>
</error>

<error>
  <unique>0x11</unique>
  <tid>1</tid>
  <kind>Leak_DefinitelyLost</kind>
  <xwhat>
    <text>80 bytes in 2 blocks are definitely lost in loss record 18 of 30</text>
    <leakedbytes>80</leakedbytes>
    <leakedblocks>2</leakedblocks>
  </xwhat>
  <stack>
    <frame>
      <ip>0x4C2B0E0</ip>
      <obj>/usr/lib/valgrind/vgpreload_memcheck-amd64-linux.so</obj>
      <fn>operator new(unsigned long)</fn>
    </frame>
    <frame>
      <ip>0x62D87B</ip>
      <obj>/home/travis/build/kaitai-io/ci_targets/compiled/cpp_stl_98/bin/ks_tests</obj>
      <fn>switch_manual_str_else_t::opcode_t::_read()</fn>
      <dir>/home/travis/build/kaitai-io/ci_targets/tests/compiled/cpp_stl_98</dir>
      <file>switch_manual_str_else.cpp</file>
      <line>48</line>
    </frame>
    <frame>
      <ip>0x62D497</ip>
      <obj>/home/travis/build/kaitai-io/ci_targets/compiled/cpp_stl_98/bin/ks_tests</obj>
      <fn>switch_manual_str_else_t::opcode_t::opcode_t(kaitai::kstream*, switch_manual_str_else_t*, switch_manual_str_else_t*)</fn>
      <dir>/home/travis/build/kaitai-io/ci_targets/tests/compiled/cpp_stl_98</dir>
      <file>switch_manual_str_else.cpp</file>
      <line>34</line>
    </frame>
    <frame>
      <ip>0x62D200</ip>
      <obj>/home/travis/build/kaitai-io/ci_targets/compiled/cpp_stl_98/bin/ks_tests</obj>
      <fn>switch_manual_str_else_t::_read()</fn>
      <dir>/home/travis/build/kaitai-io/ci_targets/tests/compiled/cpp_stl_98</dir>
      <file>switch_manual_str_else.cpp</file>
      <line>18</line>
    </frame>
    <frame>
      <ip>0x62D112</ip>
      <obj>/home/travis/build/kaitai-io/ci_targets/compiled/cpp_stl_98/bin/ks_tests</obj>
      <fn>switch_manual_str_else_t::switch_manual_str_else_t(kaitai::kstream*, kaitai::kstruct*, switch_manual_str_else_t*)</fn>
      <dir>/home/travis/build/kaitai-io/ci_targets/tests/compiled/cpp_stl_98</dir>
      <file>switch_manual_str_else.cpp</file>
      <line>10</line>
    </frame>
    <frame>
      <ip>0x539C90</ip>
      <obj>/home/travis/build/kaitai-io/ci_targets/compiled/cpp_stl_98/bin/ks_tests</obj>
      <fn>test_switch_manual_str_else::test_method()</fn>
      <dir>/home/travis/build/kaitai-io/ci_targets/tests/spec/cpp_stl_98</dir>
      <file>test_switch_manual_str_else.cpp</file>
      <line>12</line>
    </frame>
    <frame>
      <ip>0x539BF0</ip>
      <obj>/home/travis/build/kaitai-io/ci_targets/compiled/cpp_stl_98/bin/ks_tests</obj>
      <fn>test_switch_manual_str_else_invoker()</fn>
      <dir>/home/travis/build/kaitai-io/ci_targets/tests/spec/cpp_stl_98</dir>
      <file>test_switch_manual_str_else.cpp</file>
      <line>9</line>
    </frame>
    <frame>
      <ip>0x50A205</ip>
      <obj>/home/travis/build/kaitai-io/ci_targets/compiled/cpp_stl_98/bin/ks_tests</obj>
      <fn>boost::unit_test::ut_detail::unused boost::unit_test::ut_detail::invoker&lt;boost::unit_test::ut_detail::unused&gt;::invoke&lt;void (*)()&gt;(void (*&amp;)())</fn>
    </frame>
    <frame>
      <ip>0x50A1C7</ip>
      <obj>/home/travis/build/kaitai-io/ci_targets/compiled/cpp_stl_98/bin/ks_tests</obj>
      <fn>boost::unit_test::ut_detail::callback0_impl_t&lt;boost::unit_test::ut_detail::unused, void (*)()&gt;::invoke()</fn>
    </frame>
    <frame>
      <ip>0x4E9F1F0</ip>
      <obj>/usr/lib/x86_64-linux-gnu/libboost_unit_test_framework.so.1.54.0</obj>
    </frame>
    <frame>
      <ip>0x4E7A545</ip>
      <obj>/usr/lib/x86_64-linux-gnu/libboost_unit_test_framework.so.1.54.0</obj>
      <fn>boost::execution_monitor::catch_signals(boost::unit_test::callback0&lt;int&gt; const&amp;)</fn>
    </frame>
    <frame>
      <ip>0x4E7AD82</ip>
      <obj>/usr/lib/x86_64-linux-gnu/libboost_unit_test_framework.so.1.54.0</obj>
      <fn>boost::execution_monitor::execute(boost::unit_test::callback0&lt;int&gt; const&amp;)</fn>
    </frame>
  </stack>
</error>

<error>
  <unique>0x12</unique>
  <tid>1</tid>
  <kind>Leak_DefinitelyLost</kind>
  <xwhat>
    <text>80 bytes in 2 blocks are definitely lost in loss record 19 of 30</text>
    <leakedbytes>80</leakedbytes>
    <leakedblocks>2</leakedblocks>
  </xwhat>
  <stack>
    <frame>
      <ip>0x4C2B0E0</ip>
      <obj>/usr/lib/valgrind/vgpreload_memcheck-amd64-linux.so</obj>
      <fn>operator new(unsigned long)</fn>
    </frame>
    <frame>
      <ip>0x5E4F70</ip>
      <obj>/home/travis/build/kaitai-io/ci_targets/compiled/cpp_stl_98/bin/ks_tests</obj>
      <fn>switch_manual_enum_invalid_else_t::opcode_t::_read()</fn>
      <dir>/home/travis/build/kaitai-io/ci_targets/tests/compiled/cpp_stl_98</dir>
      <file>switch_manual_enum_invalid_else.cpp</file>
      <line>49</line>
    </frame>
    <frame>
      <ip>0x5E4E0E</ip>
      <obj>/home/travis/build/kaitai-io/ci_targets/compiled/cpp_stl_98/bin/ks_tests</obj>
      <fn>switch_manual_enum_invalid_else_t::opcode_t::opcode_t(kaitai::kstream*, switch_manual_enum_invalid_else_t*, switch_manual_enum_invalid_else_t*)</fn>
      <dir>/home/travis/build/kaitai-io/ci_targets/tests/compiled/cpp_stl_98</dir>
      <file>switch_manual_enum_invalid_else.cpp</file>
      <line>34</line>
    </frame>
    <frame>
      <ip>0x5E4B90</ip>
      <obj>/home/travis/build/kaitai-io/ci_targets/compiled/cpp_stl_98/bin/ks_tests</obj>
      <fn>switch_manual_enum_invalid_else_t::_read()</fn>
      <dir>/home/travis/build/kaitai-io/ci_targets/tests/compiled/cpp_stl_98</dir>
      <file>switch_manual_enum_invalid_else.cpp</file>
      <line>18</line>
    </frame>
    <frame>
      <ip>0x5E4AA2</ip>
      <obj>/home/travis/build/kaitai-io/ci_targets/compiled/cpp_stl_98/bin/ks_tests</obj>
      <fn>switch_manual_enum_invalid_else_t::switch_manual_enum_invalid_else_t(kaitai::kstream*, kaitai::kstruct*, switch_manual_enum_invalid_else_t*)</fn>
      <dir>/home/travis/build/kaitai-io/ci_targets/tests/compiled/cpp_stl_98</dir>
      <file>switch_manual_enum_invalid_else.cpp</file>
      <line>10</line>
    </frame>
    <frame>
      <ip>0x573920</ip>
      <obj>/home/travis/build/kaitai-io/ci_targets/compiled/cpp_stl_98/bin/ks_tests</obj>
      <fn>test_switch_manual_enum_invalid_else::test_method()</fn>
      <dir>/home/travis/build/kaitai-io/ci_targets/tests/spec/cpp_stl_98</dir>
      <file>test_switch_manual_enum_invalid_else.cpp</file>
      <line>11</line>
    </frame>
    <frame>
      <ip>0x573880</ip>
      <obj>/home/travis/build/kaitai-io/ci_targets/compiled/cpp_stl_98/bin/ks_tests</obj>
      <fn>test_switch_manual_enum_invalid_else_invoker()</fn>
      <dir>/home/travis/build/kaitai-io/ci_targets/tests/spec/cpp_stl_98</dir>
      <file>test_switch_manual_enum_invalid_else.cpp</file>
      <line>8</line>
    </frame>
    <frame>
      <ip>0x50A205</ip>
      <obj>/home/travis/build/kaitai-io/ci_targets/compiled/cpp_stl_98/bin/ks_tests</obj>
      <fn>boost::unit_test::ut_detail::unused boost::unit_test::ut_detail::invoker&lt;boost::unit_test::ut_detail::unused&gt;::invoke&lt;void (*)()&gt;(void (*&amp;)())</fn>
    </frame>
    <frame>
      <ip>0x50A1C7</ip>
      <obj>/home/travis/build/kaitai-io/ci_targets/compiled/cpp_stl_98/bin/ks_tests</obj>
      <fn>boost::unit_test::ut_detail::callback0_impl_t&lt;boost::unit_test::ut_detail::unused, void (*)()&gt;::invoke()</fn>
    </frame>
    <frame>
      <ip>0x4E9F1F0</ip>
      <obj>/usr/lib/x86_64-linux-gnu/libboost_unit_test_framework.so.1.54.0</obj>
    </frame>
    <frame>
      <ip>0x4E7A545</ip>
      <obj>/usr/lib/x86_64-linux-gnu/libboost_unit_test_framework.so.1.54.0</obj>
      <fn>boost::execution_monitor::catch_signals(boost::unit_test::callback0&lt;int&gt; const&amp;)</fn>
    </frame>
    <frame>
      <ip>0x4E7AD82</ip>
      <obj>/usr/lib/x86_64-linux-gnu/libboost_unit_test_framework.so.1.54.0</obj>
      <fn>boost::execution_monitor::execute(boost::unit_test::callback0&lt;int&gt; const&amp;)</fn>
    </frame>
  </stack>
</error>

<error>
  <unique>0x13</unique>
  <tid>1</tid>
  <kind>Leak_DefinitelyLost</kind>
  <xwhat>
    <text>80 bytes in 2 blocks are definitely lost in loss record 20 of 30</text>
    <leakedbytes>80</leakedbytes>
    <leakedblocks>2</leakedblocks>
  </xwhat>
  <stack>
    <frame>
      <ip>0x4C2B0E0</ip>
      <obj>/usr/lib/valgrind/vgpreload_memcheck-amd64-linux.so</obj>
      <fn>operator new(unsigned long)</fn>
    </frame>
    <frame>
      <ip>0x61DA4D</ip>
      <obj>/home/travis/build/kaitai-io/ci_targets/compiled/cpp_stl_98/bin/ks_tests</obj>
      <fn>switch_manual_int_else_t::opcode_t::_read()</fn>
      <dir>/home/travis/build/kaitai-io/ci_targets/tests/compiled/cpp_stl_98</dir>
      <file>switch_manual_int_else.cpp</file>
      <line>49</line>
    </frame>
    <frame>
      <ip>0x61D8EE</ip>
      <obj>/home/travis/build/kaitai-io/ci_targets/compiled/cpp_stl_98/bin/ks_tests</obj>
      <fn>switch_manual_int_else_t::opcode_t::opcode_t(kaitai::kstream*, switch_manual_int_else_t*, switch_manual_int_else_t*)</fn>
      <dir>/home/travis/build/kaitai-io/ci_targets/tests/compiled/cpp_stl_98</dir>
      <file>switch_manual_int_else.cpp</file>
      <line>34</line>
    </frame>
    <frame>
      <ip>0x61D670</ip>
      <obj>/home/travis/build/kaitai-io/ci_targets/compiled/cpp_stl_98/bin/ks_tests</obj>
      <fn>switch_manual_int_else_t::_read()</fn>
      <dir>/home/travis/build/kaitai-io/ci_targets/tests/compiled/cpp_stl_98</dir>
      <file>switch_manual_int_else.cpp</file>
      <line>18</line>
    </frame>
    <frame>
      <ip>0x61D582</ip>
      <obj>/home/travis/build/kaitai-io/ci_targets/compiled/cpp_stl_98/bin/ks_tests</obj>
      <fn>switch_manual_int_else_t::switch_manual_int_else_t(kaitai::kstream*, kaitai::kstruct*, switch_manual_int_else_t*)</fn>
      <dir>/home/travis/build/kaitai-io/ci_targets/tests/compiled/cpp_stl_98</dir>
      <file>switch_manual_int_else.cpp</file>
      <line>10</line>
    </frame>
    <frame>
      <ip>0x5A5800</ip>
      <obj>/home/travis/build/kaitai-io/ci_targets/compiled/cpp_stl_98/bin/ks_tests</obj>
      <fn>test_switch_manual_int_else::test_method()</fn>
      <dir>/home/travis/build/kaitai-io/ci_targets/tests/spec/cpp_stl_98</dir>
      <file>test_switch_manual_int_else.cpp</file>
      <line>12</line>
    </frame>
    <frame>
      <ip>0x5A5760</ip>
      <obj>/home/travis/build/kaitai-io/ci_targets/compiled/cpp_stl_98/bin/ks_tests</obj>
      <fn>test_switch_manual_int_else_invoker()</fn>
      <dir>/home/travis/build/kaitai-io/ci_targets/tests/spec/cpp_stl_98</dir>
      <file>test_switch_manual_int_else.cpp</file>
      <line>9</line>
    </frame>
    <frame>
      <ip>0x50A205</ip>
      <obj>/home/travis/build/kaitai-io/ci_targets/compiled/cpp_stl_98/bin/ks_tests</obj>
      <fn>boost::unit_test::ut_detail::unused boost::unit_test::ut_detail::invoker&lt;boost::unit_test::ut_detail::unused&gt;::invoke&lt;void (*)()&gt;(void (*&amp;)())</fn>
    </frame>
    <frame>
      <ip>0x50A1C7</ip>
      <obj>/home/travis/build/kaitai-io/ci_targets/compiled/cpp_stl_98/bin/ks_tests</obj>
      <fn>boost::unit_test::ut_detail::callback0_impl_t&lt;boost::unit_test::ut_detail::unused, void (*)()&gt;::invoke()</fn>
    </frame>
    <frame>
      <ip>0x4E9F1F0</ip>
      <obj>/usr/lib/x86_64-linux-gnu/libboost_unit_test_framework.so.1.54.0</obj>
    </frame>
    <frame>
      <ip>0x4E7A545</ip>
      <obj>/usr/lib/x86_64-linux-gnu/libboost_unit_test_framework.so.1.54.0</obj>
      <fn>boost::execution_monitor::catch_signals(boost::unit_test::callback0&lt;int&gt; const&amp;)</fn>
    </frame>
    <frame>
      <ip>0x4E7AD82</ip>
      <obj>/usr/lib/x86_64-linux-gnu/libboost_unit_test_framework.so.1.54.0</obj>
      <fn>boost::execution_monitor::execute(boost::unit_test::callback0&lt;int&gt; const&amp;)</fn>
    </frame>
  </stack>
</error>

<error>
  <unique>0x17</unique>
  <tid>1</tid>
  <kind>Leak_DefinitelyLost</kind>
  <xwhat>
    <text>100 (24 direct, 76 indirect) bytes in 1 blocks are definitely lost in loss record 24 of 30</text>
    <leakedbytes>100</leakedbytes>
    <leakedblocks>1</leakedblocks>
  </xwhat>
  <stack>
    <frame>
      <ip>0x4C2B0E0</ip>
      <obj>/usr/lib/valgrind/vgpreload_memcheck-amd64-linux.so</obj>
      <fn>operator new(unsigned long)</fn>
    </frame>
    <frame>
      <ip>0x612EDC</ip>
      <obj>/home/travis/build/kaitai-io/ci_targets/compiled/cpp_stl_98/bin/ks_tests</obj>
      <fn>process_repeat_usertype_t::_read()</fn>
      <dir>/home/travis/build/kaitai-io/ci_targets/tests/compiled/cpp_stl_98</dir>
      <file>process_repeat_usertype.cpp</file>
      <line>22</line>
    </frame>
    <frame>
      <ip>0x612DEA</ip>
      <obj>/home/travis/build/kaitai-io/ci_targets/compiled/cpp_stl_98/bin/ks_tests</obj>
      <fn>process_repeat_usertype_t::process_repeat_usertype_t(kaitai::kstream*, kaitai::kstruct*, process_repeat_usertype_t*)</fn>
      <dir>/home/travis/build/kaitai-io/ci_targets/tests/compiled/cpp_stl_98</dir>
      <file>process_repeat_usertype.cpp</file>
      <line>13</line>
    </frame>
    <frame>
      <ip>0x5814B0</ip>
      <obj>/home/travis/build/kaitai-io/ci_targets/compiled/cpp_stl_98/bin/ks_tests</obj>
      <fn>test_process_repeat_usertype::test_method()</fn>
      <dir>/home/travis/build/kaitai-io/ci_targets/tests/spec/cpp_stl_98</dir>
      <file>test_process_repeat_usertype.cpp</file>
      <line>12</line>
    </frame>
    <frame>
      <ip>0x581410</ip>
      <obj>/home/travis/build/kaitai-io/ci_targets/compiled/cpp_stl_98/bin/ks_tests</obj>
      <fn>test_process_repeat_usertype_invoker()</fn>
      <dir>/home/travis/build/kaitai-io/ci_targets/tests/spec/cpp_stl_98</dir>
      <file>test_process_repeat_usertype.cpp</file>
      <line>9</line>
    </frame>
    <frame>
      <ip>0x50A205</ip>
      <obj>/home/travis/build/kaitai-io/ci_targets/compiled/cpp_stl_98/bin/ks_tests</obj>
      <fn>boost::unit_test::ut_detail::unused boost::unit_test::ut_detail::invoker&lt;boost::unit_test::ut_detail::unused&gt;::invoke&lt;void (*)()&gt;(void (*&amp;)())</fn>
    </frame>
    <frame>
      <ip>0x50A1C7</ip>
      <obj>/home/travis/build/kaitai-io/ci_targets/compiled/cpp_stl_98/bin/ks_tests</obj>
      <fn>boost::unit_test::ut_detail::callback0_impl_t&lt;boost::unit_test::ut_detail::unused, void (*)()&gt;::invoke()</fn>
    </frame>
    <frame>
      <ip>0x4E9F1F0</ip>
      <obj>/usr/lib/x86_64-linux-gnu/libboost_unit_test_framework.so.1.54.0</obj>
    </frame>
    <frame>
      <ip>0x4E7A545</ip>
      <obj>/usr/lib/x86_64-linux-gnu/libboost_unit_test_framework.so.1.54.0</obj>
      <fn>boost::execution_monitor::catch_signals(boost::unit_test::callback0&lt;int&gt; const&amp;)</fn>
    </frame>
    <frame>
      <ip>0x4E7AD82</ip>
      <obj>/usr/lib/x86_64-linux-gnu/libboost_unit_test_framework.so.1.54.0</obj>
      <fn>boost::execution_monitor::execute(boost::unit_test::callback0&lt;int&gt; const&amp;)</fn>
    </frame>
    <frame>
      <ip>0x4E9F2F1</ip>
      <obj>/usr/lib/x86_64-linux-gnu/libboost_unit_test_framework.so.1.54.0</obj>
      <fn>boost::unit_test::unit_test_monitor_t::execute_and_translate(boost::unit_test::test_case const&amp;)</fn>
    </frame>
    <frame>
      <ip>0x4E88F93</ip>
      <obj>/usr/lib/x86_64-linux-gnu/libboost_unit_test_framework.so.1.54.0</obj>
      <fn>boost::unit_test::framework_impl::visit(boost::unit_test::test_case const&amp;)</fn>
    </frame>
  </stack>
</error>

<error>
  <unique>0x18</unique>
  <tid>1</tid>
  <kind>Leak_DefinitelyLost</kind>
  <xwhat>
    <text>112 (48 direct, 64 indirect) bytes in 1 blocks are definitely lost in loss record 25 of 30</text>
    <leakedbytes>112</leakedbytes>
    <leakedblocks>1</leakedblocks>
  </xwhat>
  <stack>
    <frame>
      <ip>0x4C2B0E0</ip>
      <obj>/usr/lib/valgrind/vgpreload_memcheck-amd64-linux.so</obj>
      <fn>operator new(unsigned long)</fn>
    </frame>
    <frame>
      <ip>0x5D6797</ip>
      <obj>/home/travis/build/kaitai-io/ci_targets/compiled/cpp_stl_98/bin/ks_tests</obj>
      <fn>switch_manual_int_size_else_t::chunk_t::_read()</fn>
      <dir>/home/travis/build/kaitai-io/ci_targets/tests/compiled/cpp_stl_98</dir>
      <file>switch_manual_int_size_else.cpp</file>
      <line>45</line>
    </frame>
    <frame>
      <ip>0x5D662F</ip>
      <obj>/home/travis/build/kaitai-io/ci_targets/compiled/cpp_stl_98/bin/ks_tests</obj>
      <fn>switch_manual_int_size_else_t::chunk_t::chunk_t(kaitai::kstream*, switch_manual_int_size_else_t*, switch_manual_int_size_else_t*)</fn>
      <dir>/home/travis/build/kaitai-io/ci_targets/tests/compiled/cpp_stl_98</dir>
      <file>switch_manual_int_size_else.cpp</file>
      <line>35</line>
    </frame>
    <frame>
      <ip>0x5D6390</ip>
      <obj>/home/travis/build/kaitai-io/ci_targets/compiled/cpp_stl_98/bin/ks_tests</obj>
      <fn>switch_manual_int_size_else_t::_read()</fn>
      <dir>/home/travis/build/kaitai-io/ci_targets/tests/compiled/cpp_stl_98</dir>
      <file>switch_manual_int_size_else.cpp</file>
      <line>18</line>
    </frame>
    <frame>
      <ip>0x5D62A2</ip>
      <obj>/home/travis/build/kaitai-io/ci_targets/compiled/cpp_stl_98/bin/ks_tests</obj>
      <fn>switch_manual_int_size_else_t::switch_manual_int_size_else_t(kaitai::kstream*, kaitai::kstruct*, switch_manual_int_size_else_t*)</fn>
      <dir>/home/travis/build/kaitai-io/ci_targets/tests/compiled/cpp_stl_98</dir>
      <file>switch_manual_int_size_else.cpp</file>
      <line>10</line>
    </frame>
    <frame>
      <ip>0x599D60</ip>
      <obj>/home/travis/build/kaitai-io/ci_targets/compiled/cpp_stl_98/bin/ks_tests</obj>
      <fn>test_switch_manual_int_size_else::test_method()</fn>
      <dir>/home/travis/build/kaitai-io/ci_targets/tests/spec/cpp_stl_98</dir>
      <file>test_switch_manual_int_size_else.cpp</file>
      <line>13</line>
    </frame>
    <frame>
      <ip>0x599CC0</ip>
      <obj>/home/travis/build/kaitai-io/ci_targets/compiled/cpp_stl_98/bin/ks_tests</obj>
      <fn>test_switch_manual_int_size_else_invoker()</fn>
      <dir>/home/travis/build/kaitai-io/ci_targets/tests/spec/cpp_stl_98</dir>
      <file>test_switch_manual_int_size_else.cpp</file>
      <line>10</line>
    </frame>
    <frame>
      <ip>0x50A205</ip>
      <obj>/home/travis/build/kaitai-io/ci_targets/compiled/cpp_stl_98/bin/ks_tests</obj>
      <fn>boost::unit_test::ut_detail::unused boost::unit_test::ut_detail::invoker&lt;boost::unit_test::ut_detail::unused&gt;::invoke&lt;void (*)()&gt;(void (*&amp;)())</fn>
    </frame>
    <frame>
      <ip>0x50A1C7</ip>
      <obj>/home/travis/build/kaitai-io/ci_targets/compiled/cpp_stl_98/bin/ks_tests</obj>
      <fn>boost::unit_test::ut_detail::callback0_impl_t&lt;boost::unit_test::ut_detail::unused, void (*)()&gt;::invoke()</fn>
    </frame>
    <frame>
      <ip>0x4E9F1F0</ip>
      <obj>/usr/lib/x86_64-linux-gnu/libboost_unit_test_framework.so.1.54.0</obj>
    </frame>
    <frame>
      <ip>0x4E7A545</ip>
      <obj>/usr/lib/x86_64-linux-gnu/libboost_unit_test_framework.so.1.54.0</obj>
      <fn>boost::execution_monitor::catch_signals(boost::unit_test::callback0&lt;int&gt; const&amp;)</fn>
    </frame>
    <frame>
      <ip>0x4E7AD82</ip>
      <obj>/usr/lib/x86_64-linux-gnu/libboost_unit_test_framework.so.1.54.0</obj>
      <fn>boost::execution_monitor::execute(boost::unit_test::callback0&lt;int&gt; const&amp;)</fn>
    </frame>
  </stack>
</error>

<error>
  <unique>0x19</unique>
  <tid>1</tid>
  <kind>Leak_DefinitelyLost</kind>
  <xwhat>
    <text>113 (80 direct, 33 indirect) bytes in 2 blocks are definitely lost in loss record 26 of 30</text>
    <leakedbytes>113</leakedbytes>
    <leakedblocks>2</leakedblocks>
  </xwhat>
  <stack>
    <frame>
      <ip>0x4C2B0E0</ip>
      <obj>/usr/lib/valgrind/vgpreload_memcheck-amd64-linux.so</obj>
      <fn>operator new(unsigned long)</fn>
    </frame>
    <frame>
      <ip>0x5D6A26</ip>
      <obj>/home/travis/build/kaitai-io/ci_targets/compiled/cpp_stl_98/bin/ks_tests</obj>
      <fn>switch_manual_int_size_else_t::chunk_t::_read()</fn>
      <dir>/home/travis/build/kaitai-io/ci_targets/tests/compiled/cpp_stl_98</dir>
      <file>switch_manual_int_size_else.cpp</file>
      <line>57</line>
    </frame>
    <frame>
      <ip>0x5D662F</ip>
      <obj>/home/travis/build/kaitai-io/ci_targets/compiled/cpp_stl_98/bin/ks_tests</obj>
      <fn>switch_manual_int_size_else_t::chunk_t::chunk_t(kaitai::kstream*, switch_manual_int_size_else_t*, switch_manual_int_size_else_t*)</fn>
      <dir>/home/travis/build/kaitai-io/ci_targets/tests/compiled/cpp_stl_98</dir>
      <file>switch_manual_int_size_else.cpp</file>
      <line>35</line>
    </frame>
    <frame>
      <ip>0x5D6390</ip>
      <obj>/home/travis/build/kaitai-io/ci_targets/compiled/cpp_stl_98/bin/ks_tests</obj>
      <fn>switch_manual_int_size_else_t::_read()</fn>
      <dir>/home/travis/build/kaitai-io/ci_targets/tests/compiled/cpp_stl_98</dir>
      <file>switch_manual_int_size_else.cpp</file>
      <line>18</line>
    </frame>
    <frame>
      <ip>0x5D62A2</ip>
      <obj>/home/travis/build/kaitai-io/ci_targets/compiled/cpp_stl_98/bin/ks_tests</obj>
      <fn>switch_manual_int_size_else_t::switch_manual_int_size_else_t(kaitai::kstream*, kaitai::kstruct*, switch_manual_int_size_else_t*)</fn>
      <dir>/home/travis/build/kaitai-io/ci_targets/tests/compiled/cpp_stl_98</dir>
      <file>switch_manual_int_size_else.cpp</file>
      <line>10</line>
    </frame>
    <frame>
      <ip>0x599D60</ip>
      <obj>/home/travis/build/kaitai-io/ci_targets/compiled/cpp_stl_98/bin/ks_tests</obj>
      <fn>test_switch_manual_int_size_else::test_method()</fn>
      <dir>/home/travis/build/kaitai-io/ci_targets/tests/spec/cpp_stl_98</dir>
      <file>test_switch_manual_int_size_else.cpp</file>
      <line>13</line>
    </frame>
    <frame>
      <ip>0x599CC0</ip>
      <obj>/home/travis/build/kaitai-io/ci_targets/compiled/cpp_stl_98/bin/ks_tests</obj>
      <fn>test_switch_manual_int_size_else_invoker()</fn>
      <dir>/home/travis/build/kaitai-io/ci_targets/tests/spec/cpp_stl_98</dir>
      <file>test_switch_manual_int_size_else.cpp</file>
      <line>10</line>
    </frame>
    <frame>
      <ip>0x50A205</ip>
      <obj>/home/travis/build/kaitai-io/ci_targets/compiled/cpp_stl_98/bin/ks_tests</obj>
      <fn>boost::unit_test::ut_detail::unused boost::unit_test::ut_detail::invoker&lt;boost::unit_test::ut_detail::unused&gt;::invoke&lt;void (*)()&gt;(void (*&amp;)())</fn>
    </frame>
    <frame>
      <ip>0x50A1C7</ip>
      <obj>/home/travis/build/kaitai-io/ci_targets/compiled/cpp_stl_98/bin/ks_tests</obj>
      <fn>boost::unit_test::ut_detail::callback0_impl_t&lt;boost::unit_test::ut_detail::unused, void (*)()&gt;::invoke()</fn>
    </frame>
    <frame>
      <ip>0x4E9F1F0</ip>
      <obj>/usr/lib/x86_64-linux-gnu/libboost_unit_test_framework.so.1.54.0</obj>
    </frame>
    <frame>
      <ip>0x4E7A545</ip>
      <obj>/usr/lib/x86_64-linux-gnu/libboost_unit_test_framework.so.1.54.0</obj>
      <fn>boost::execution_monitor::catch_signals(boost::unit_test::callback0&lt;int&gt; const&amp;)</fn>
    </frame>
    <frame>
      <ip>0x4E7AD82</ip>
      <obj>/usr/lib/x86_64-linux-gnu/libboost_unit_test_framework.so.1.54.0</obj>
      <fn>boost::execution_monitor::execute(boost::unit_test::callback0&lt;int&gt; const&amp;)</fn>
    </frame>
  </stack>
</error>

<error>
  <unique>0x1a</unique>
  <tid>1</tid>
  <kind>Leak_DefinitelyLost</kind>
  <xwhat>
    <text>195 (40 direct, 155 indirect) bytes in 1 blocks are definitely lost in loss record 27 of 30</text>
    <leakedbytes>195</leakedbytes>
    <leakedblocks>1</leakedblocks>
  </xwhat>
  <stack>
    <frame>
      <ip>0x4C2B0E0</ip>
      <obj>/usr/lib/valgrind/vgpreload_memcheck-amd64-linux.so</obj>
      <fn>operator new(unsigned long)</fn>
    </frame>
    <frame>
      <ip>0x5D68D7</ip>
      <obj>/home/travis/build/kaitai-io/ci_targets/compiled/cpp_stl_98/bin/ks_tests</obj>
      <fn>switch_manual_int_size_else_t::chunk_t::_read()</fn>
      <dir>/home/travis/build/kaitai-io/ci_targets/tests/compiled/cpp_stl_98</dir>
      <file>switch_manual_int_size_else.cpp</file>
      <line>51</line>
    </frame>
    <frame>
      <ip>0x5D662F</ip>
      <obj>/home/travis/build/kaitai-io/ci_targets/compiled/cpp_stl_98/bin/ks_tests</obj>
      <fn>switch_manual_int_size_else_t::chunk_t::chunk_t(kaitai::kstream*, switch_manual_int_size_else_t*, switch_manual_int_size_else_t*)</fn>
      <dir>/home/travis/build/kaitai-io/ci_targets/tests/compiled/cpp_stl_98</dir>
      <file>switch_manual_int_size_else.cpp</file>
      <line>35</line>
    </frame>
    <frame>
      <ip>0x5D6390</ip>
      <obj>/home/travis/build/kaitai-io/ci_targets/compiled/cpp_stl_98/bin/ks_tests</obj>
      <fn>switch_manual_int_size_else_t::_read()</fn>
      <dir>/home/travis/build/kaitai-io/ci_targets/tests/compiled/cpp_stl_98</dir>
      <file>switch_manual_int_size_else.cpp</file>
      <line>18</line>
    </frame>
    <frame>
      <ip>0x5D62A2</ip>
      <obj>/home/travis/build/kaitai-io/ci_targets/compiled/cpp_stl_98/bin/ks_tests</obj>
      <fn>switch_manual_int_size_else_t::switch_manual_int_size_else_t(kaitai::kstream*, kaitai::kstruct*, switch_manual_int_size_else_t*)</fn>
      <dir>/home/travis/build/kaitai-io/ci_targets/tests/compiled/cpp_stl_98</dir>
      <file>switch_manual_int_size_else.cpp</file>
      <line>10</line>
    </frame>
    <frame>
      <ip>0x599D60</ip>
      <obj>/home/travis/build/kaitai-io/ci_targets/compiled/cpp_stl_98/bin/ks_tests</obj>
      <fn>test_switch_manual_int_size_else::test_method()</fn>
      <dir>/home/travis/build/kaitai-io/ci_targets/tests/spec/cpp_stl_98</dir>
      <file>test_switch_manual_int_size_else.cpp</file>
      <line>13</line>
    </frame>
    <frame>
      <ip>0x599CC0</ip>
      <obj>/home/travis/build/kaitai-io/ci_targets/compiled/cpp_stl_98/bin/ks_tests</obj>
      <fn>test_switch_manual_int_size_else_invoker()</fn>
      <dir>/home/travis/build/kaitai-io/ci_targets/tests/spec/cpp_stl_98</dir>
      <file>test_switch_manual_int_size_else.cpp</file>
      <line>10</line>
    </frame>
    <frame>
      <ip>0x50A205</ip>
      <obj>/home/travis/build/kaitai-io/ci_targets/compiled/cpp_stl_98/bin/ks_tests</obj>
      <fn>boost::unit_test::ut_detail::unused boost::unit_test::ut_detail::invoker&lt;boost::unit_test::ut_detail::unused&gt;::invoke&lt;void (*)()&gt;(void (*&amp;)())</fn>
    </frame>
    <frame>
      <ip>0x50A1C7</ip>
      <obj>/home/travis/build/kaitai-io/ci_targets/compiled/cpp_stl_98/bin/ks_tests</obj>
      <fn>boost::unit_test::ut_detail::callback0_impl_t&lt;boost::unit_test::ut_detail::unused, void (*)()&gt;::invoke()</fn>
    </frame>
    <frame>
      <ip>0x4E9F1F0</ip>
      <obj>/usr/lib/x86_64-linux-gnu/libboost_unit_test_framework.so.1.54.0</obj>
    </frame>
    <frame>
      <ip>0x4E7A545</ip>
      <obj>/usr/lib/x86_64-linux-gnu/libboost_unit_test_framework.so.1.54.0</obj>
      <fn>boost::execution_monitor::catch_signals(boost::unit_test::callback0&lt;int&gt; const&amp;)</fn>
    </frame>
    <frame>
      <ip>0x4E7AD82</ip>
      <obj>/usr/lib/x86_64-linux-gnu/libboost_unit_test_framework.so.1.54.0</obj>
      <fn>boost::execution_monitor::execute(boost::unit_test::callback0&lt;int&gt; const&amp;)</fn>
    </frame>
  </stack>
</error>

<error>
  <unique>0x1b</unique>
  <tid>1</tid>
  <kind>Leak_DefinitelyLost</kind>
  <xwhat>
    <text>286 (24 direct, 262 indirect) bytes in 1 blocks are definitely lost in loss record 28 of 30</text>
    <leakedbytes>286</leakedbytes>
    <leakedblocks>1</leakedblocks>
  </xwhat>
  <stack>
    <frame>
      <ip>0x4C2B0E0</ip>
      <obj>/usr/lib/valgrind/vgpreload_memcheck-amd64-linux.so</obj>
      <fn>operator new(unsigned long)</fn>
    </frame>
    <frame>
      <ip>0x5D4292</ip>
      <obj>/home/travis/build/kaitai-io/ci_targets/compiled/cpp_stl_98/bin/ks_tests</obj>
      <fn>default_endian_expr_exception_t::_read()</fn>
      <dir>/home/travis/build/kaitai-io/ci_targets/tests/compiled/cpp_stl_98</dir>
      <file>default_endian_expr_exception.cpp</file>
      <line>15</line>
    </frame>
    <frame>
      <ip>0x5D4232</ip>
      <obj>/home/travis/build/kaitai-io/ci_targets/compiled/cpp_stl_98/bin/ks_tests</obj>
      <fn>default_endian_expr_exception_t::default_endian_expr_exception_t(kaitai::kstream*, kaitai::kstruct*, default_endian_expr_exception_t*)</fn>
      <dir>/home/travis/build/kaitai-io/ci_targets/tests/compiled/cpp_stl_98</dir>
      <file>default_endian_expr_exception.cpp</file>
      <line>11</line>
    </frame>
    <frame>
      <ip>0x514000</ip>
      <obj>/home/travis/build/kaitai-io/ci_targets/compiled/cpp_stl_98/bin/ks_tests</obj>
      <fn>test_default_endian_expr_exception::test_method()</fn>
      <dir>/home/travis/build/kaitai-io/ci_targets/tests/spec/cpp_stl_98</dir>
      <file>test_default_endian_expr_exception.cpp</file>
      <line>14</line>
    </frame>
    <frame>
      <ip>0x513EE0</ip>
      <obj>/home/travis/build/kaitai-io/ci_targets/compiled/cpp_stl_98/bin/ks_tests</obj>
      <fn>test_default_endian_expr_exception_invoker()</fn>
      <dir>/home/travis/build/kaitai-io/ci_targets/tests/spec/cpp_stl_98</dir>
      <file>test_default_endian_expr_exception.cpp</file>
      <line>10</line>
    </frame>
    <frame>
      <ip>0x50A205</ip>
      <obj>/home/travis/build/kaitai-io/ci_targets/compiled/cpp_stl_98/bin/ks_tests</obj>
      <fn>boost::unit_test::ut_detail::unused boost::unit_test::ut_detail::invoker&lt;boost::unit_test::ut_detail::unused&gt;::invoke&lt;void (*)()&gt;(void (*&amp;)())</fn>
    </frame>
    <frame>
      <ip>0x50A1C7</ip>
      <obj>/home/travis/build/kaitai-io/ci_targets/compiled/cpp_stl_98/bin/ks_tests</obj>
      <fn>boost::unit_test::ut_detail::callback0_impl_t&lt;boost::unit_test::ut_detail::unused, void (*)()&gt;::invoke()</fn>
    </frame>
    <frame>
      <ip>0x4E9F1F0</ip>
      <obj>/usr/lib/x86_64-linux-gnu/libboost_unit_test_framework.so.1.54.0</obj>
    </frame>
    <frame>
      <ip>0x4E7A545</ip>
      <obj>/usr/lib/x86_64-linux-gnu/libboost_unit_test_framework.so.1.54.0</obj>
      <fn>boost::execution_monitor::catch_signals(boost::unit_test::callback0&lt;int&gt; const&amp;)</fn>
    </frame>
    <frame>
      <ip>0x4E7AD82</ip>
      <obj>/usr/lib/x86_64-linux-gnu/libboost_unit_test_framework.so.1.54.0</obj>
      <fn>boost::execution_monitor::execute(boost::unit_test::callback0&lt;int&gt; const&amp;)</fn>
    </frame>
    <frame>
      <ip>0x4E9F2F1</ip>
      <obj>/usr/lib/x86_64-linux-gnu/libboost_unit_test_framework.so.1.54.0</obj>
      <fn>boost::unit_test::unit_test_monitor_t::execute_and_translate(boost::unit_test::test_case const&amp;)</fn>
    </frame>
    <frame>
      <ip>0x4E88F93</ip>
      <obj>/usr/lib/x86_64-linux-gnu/libboost_unit_test_framework.so.1.54.0</obj>
      <fn>boost::unit_test::framework_impl::visit(boost::unit_test::test_case const&amp;)</fn>
    </frame>
  </stack>
</error>

<error>
  <unique>0x1c</unique>
  <tid>1</tid>
  <kind>Leak_DefinitelyLost</kind>
  <xwhat>
    <text>415 (384 direct, 31 indirect) bytes in 1 blocks are definitely lost in loss record 29 of 30</text>
    <leakedbytes>415</leakedbytes>
    <leakedblocks>1</leakedblocks>
  </xwhat>
  <stack>
    <frame>
      <ip>0x4C2B0E0</ip>
      <obj>/usr/lib/valgrind/vgpreload_memcheck-amd64-linux.so</obj>
      <fn>operator new(unsigned long)</fn>
    </frame>
    <frame>
      <ip>0x63FBF0</ip>
      <obj>/home/travis/build/kaitai-io/ci_targets/compiled/cpp_stl_98/bin/ks_tests</obj>
      <fn>eos_exception_bytes_t::_read()</fn>
      <dir>/home/travis/build/kaitai-io/ci_targets/tests/compiled/cpp_stl_98</dir>
      <file>eos_exception_bytes.cpp</file>
      <line>16</line>
    </frame>
    <frame>
      <ip>0x63FB23</ip>
      <obj>/home/travis/build/kaitai-io/ci_targets/compiled/cpp_stl_98/bin/ks_tests</obj>
      <fn>eos_exception_bytes_t::eos_exception_bytes_t(kaitai::kstream*, kaitai::kstruct*, eos_exception_bytes_t*)</fn>
      <dir>/home/travis/build/kaitai-io/ci_targets/tests/compiled/cpp_stl_98</dir>
      <file>eos_exception_bytes.cpp</file>
      <line>11</line>
    </frame>
    <frame>
      <ip>0x586020</ip>
      <obj>/home/travis/build/kaitai-io/ci_targets/compiled/cpp_stl_98/bin/ks_tests</obj>
      <fn>test_eos_exception_bytes::test_method()</fn>
      <dir>/home/travis/build/kaitai-io/ci_targets/tests/spec/cpp_stl_98</dir>
      <file>test_eos_exception_bytes.cpp</file>
      <line>14</line>
    </frame>
    <frame>
      <ip>0x585F00</ip>
      <obj>/home/travis/build/kaitai-io/ci_targets/compiled/cpp_stl_98/bin/ks_tests</obj>
      <fn>test_eos_exception_bytes_invoker()</fn>
      <dir>/home/travis/build/kaitai-io/ci_targets/tests/spec/cpp_stl_98</dir>
      <file>test_eos_exception_bytes.cpp</file>
      <line>10</line>
    </frame>
    <frame>
      <ip>0x50A205</ip>
      <obj>/home/travis/build/kaitai-io/ci_targets/compiled/cpp_stl_98/bin/ks_tests</obj>
      <fn>boost::unit_test::ut_detail::unused boost::unit_test::ut_detail::invoker&lt;boost::unit_test::ut_detail::unused&gt;::invoke&lt;void (*)()&gt;(void (*&amp;)())</fn>
    </frame>
    <frame>
      <ip>0x50A1C7</ip>
      <obj>/home/travis/build/kaitai-io/ci_targets/compiled/cpp_stl_98/bin/ks_tests</obj>
      <fn>boost::unit_test::ut_detail::callback0_impl_t&lt;boost::unit_test::ut_detail::unused, void (*)()&gt;::invoke()</fn>
    </frame>
    <frame>
      <ip>0x4E9F1F0</ip>
      <obj>/usr/lib/x86_64-linux-gnu/libboost_unit_test_framework.so.1.54.0</obj>
    </frame>
    <frame>
      <ip>0x4E7A545</ip>
      <obj>/usr/lib/x86_64-linux-gnu/libboost_unit_test_framework.so.1.54.0</obj>
      <fn>boost::execution_monitor::catch_signals(boost::unit_test::callback0&lt;int&gt; const&amp;)</fn>
    </frame>
    <frame>
      <ip>0x4E7AD82</ip>
      <obj>/usr/lib/x86_64-linux-gnu/libboost_unit_test_framework.so.1.54.0</obj>
      <fn>boost::execution_monitor::execute(boost::unit_test::callback0&lt;int&gt; const&amp;)</fn>
    </frame>
    <frame>
      <ip>0x4E9F2F1</ip>
      <obj>/usr/lib/x86_64-linux-gnu/libboost_unit_test_framework.so.1.54.0</obj>
      <fn>boost::unit_test::unit_test_monitor_t::execute_and_translate(boost::unit_test::test_case const&amp;)</fn>
    </frame>
    <frame>
      <ip>0x4E88F93</ip>
      <obj>/usr/lib/x86_64-linux-gnu/libboost_unit_test_framework.so.1.54.0</obj>
      <fn>boost::unit_test::framework_impl::visit(boost::unit_test::test_case const&amp;)</fn>
    </frame>
  </stack>
</error>

<error>
  <unique>0x1d</unique>
  <tid>1</tid>
  <kind>Leak_DefinitelyLost</kind>
  <xwhat>
    <text>415 (384 direct, 31 indirect) bytes in 1 blocks are definitely lost in loss record 30 of 30</text>
    <leakedbytes>415</leakedbytes>
    <leakedblocks>1</leakedblocks>
  </xwhat>
  <stack>
    <frame>
      <ip>0x4C2B0E0</ip>
      <obj>/usr/lib/valgrind/vgpreload_memcheck-amd64-linux.so</obj>
      <fn>operator new(unsigned long)</fn>
    </frame>
    <frame>
      <ip>0x5DF780</ip>
      <obj>/home/travis/build/kaitai-io/ci_targets/compiled/cpp_stl_98/bin/ks_tests</obj>
      <fn>eos_exception_u4_t::_read()</fn>
      <dir>/home/travis/build/kaitai-io/ci_targets/tests/compiled/cpp_stl_98</dir>
      <file>eos_exception_u4.cpp</file>
      <line>16</line>
    </frame>
    <frame>
      <ip>0x5DF6B3</ip>
      <obj>/home/travis/build/kaitai-io/ci_targets/compiled/cpp_stl_98/bin/ks_tests</obj>
      <fn>eos_exception_u4_t::eos_exception_u4_t(kaitai::kstream*, kaitai::kstruct*, eos_exception_u4_t*)</fn>
      <dir>/home/travis/build/kaitai-io/ci_targets/tests/compiled/cpp_stl_98</dir>
      <file>eos_exception_u4.cpp</file>
      <line>11</line>
    </frame>
    <frame>
      <ip>0x5897C0</ip>
      <obj>/home/travis/build/kaitai-io/ci_targets/compiled/cpp_stl_98/bin/ks_tests</obj>
      <fn>test_eos_exception_u4::test_method()</fn>
      <dir>/home/travis/build/kaitai-io/ci_targets/tests/spec/cpp_stl_98</dir>
      <file>test_eos_exception_u4.cpp</file>
      <line>14</line>
    </frame>
    <frame>
      <ip>0x5896A0</ip>
      <obj>/home/travis/build/kaitai-io/ci_targets/compiled/cpp_stl_98/bin/ks_tests</obj>
      <fn>test_eos_exception_u4_invoker()</fn>
      <dir>/home/travis/build/kaitai-io/ci_targets/tests/spec/cpp_stl_98</dir>
      <file>test_eos_exception_u4.cpp</file>
      <line>10</line>
    </frame>
    <frame>
      <ip>0x50A205</ip>
      <obj>/home/travis/build/kaitai-io/ci_targets/compiled/cpp_stl_98/bin/ks_tests</obj>
      <fn>boost::unit_test::ut_detail::unused boost::unit_test::ut_detail::invoker&lt;boost::unit_test::ut_detail::unused&gt;::invoke&lt;void (*)()&gt;(void (*&amp;)())</fn>
    </frame>
    <frame>
      <ip>0x50A1C7</ip>
      <obj>/home/travis/build/kaitai-io/ci_targets/compiled/cpp_stl_98/bin/ks_tests</obj>
      <fn>boost::unit_test::ut_detail::callback0_impl_t&lt;boost::unit_test::ut_detail::unused, void (*)()&gt;::invoke()</fn>
    </frame>
    <frame>
      <ip>0x4E9F1F0</ip>
      <obj>/usr/lib/x86_64-linux-gnu/libboost_unit_test_framework.so.1.54.0</obj>
    </frame>
    <frame>
      <ip>0x4E7A545</ip>
      <obj>/usr/lib/x86_64-linux-gnu/libboost_unit_test_framework.so.1.54.0</obj>
      <fn>boost::execution_monitor::catch_signals(boost::unit_test::callback0&lt;int&gt; const&amp;)</fn>
    </frame>
    <frame>
      <ip>0x4E7AD82</ip>
      <obj>/usr/lib/x86_64-linux-gnu/libboost_unit_test_framework.so.1.54.0</obj>
      <fn>boost::execution_monitor::execute(boost::unit_test::callback0&lt;int&gt; const&amp;)</fn>
    </frame>
    <frame>
      <ip>0x4E9F2F1</ip>
      <obj>/usr/lib/x86_64-linux-gnu/libboost_unit_test_framework.so.1.54.0</obj>
      <fn>boost::unit_test::unit_test_monitor_t::execute_and_translate(boost::unit_test::test_case const&amp;)</fn>
    </frame>
    <frame>
      <ip>0x4E88F93</ip>
      <obj>/usr/lib/x86_64-linux-gnu/libboost_unit_test_framework.so.1.54.0</obj>
      <fn>boost::unit_test::framework_impl::visit(boost::unit_test::test_case const&amp;)</fn>
    </frame>
  </stack>
</error>

<errorcounts>
</errorcounts>

<suppcounts>
</suppcounts>

</valgrindoutput>

