<html>
<head>
<title>TestNG:  all</title>
<link href="../testng.css" rel="stylesheet" type="text/css" />
<link href="../my-testng.css" rel="stylesheet" type="text/css" />

<style type="text/css">
.log { display: none;} 
.stack-trace { display: none;} 
</style>
<script type="text/javascript">
<!--
function flip(e) {
  current = e.style.display;
  if (current == 'block') {
    e.style.display = 'none';
    return 0;
  }
  else {
    e.style.display = 'block';
    return 1;
  }
}

function toggleBox(szDivId, elem, msg1, msg2)
{
  var res = -1;  if (document.getElementById) {
    res = flip(document.getElementById(szDivId));
  }
  else if (document.all) {
    // this is the way old msie versions work
    res = flip(document.all[szDivId]);
  }
  if(elem) {
    if(res == 0) elem.innerHTML = msg1; else elem.innerHTML = msg2;
  }

}

function toggleAllBoxes() {
  if (document.getElementsByTagName) {
    d = document.getElementsByTagName('div');
    for (i = 0; i < d.length; i++) {
      if (d[i].className == 'log') {
        flip(d[i]);
      }
    }
  }
}

// -->
</script>

</head>
<body>
<h2 align='center'>all</h2><table border='1' align="center">
<tr>
<td>Tests passed/Failed/Skipped:</td><td>198/2/0</td>
</tr><tr>
<td>Started on:</td><td>Sat Feb 06 14:35:23 UTC 2021</td>
</tr>
<tr><td>Total time:</td><td>0 seconds (335 ms)</td>
</tr><tr>
<td>Included groups:</td><td></td>
</tr><tr>
<td>Excluded groups:</td><td></td>
</tr>
</table><p/>
<small><i>(Hover the method name to see the test class name)</i></small><p/>
<table width='100%' border='1' class='invocation-failed'>
<tr><td colspan='4' align='center'><b>FAILED TESTS</b></td></tr>
<tr><td><b>Test method</b></td>
<td width="30%"><b>Exception</b></td>
<td width="10%"><b>Time (seconds)</b></td>
<td><b>Instance</b></td>
</tr>
<tr>
<td title='io.kaitai.struct.spec.TestExprIfIntOps.testExprIfIntOps()'><b>testExprIfIntOps</b><br>Test class: io.kaitai.struct.spec.TestExprIfIntOps</td>
<td><div><pre>java.lang.AssertionError: expected [true] but found [false]
	at io.kaitai.struct.spec.CommonSpec.assertIntEquals(CommonSpec.java:48)
	at io.kaitai.struct.spec.TestExprIfIntOps.testExprIfIntOps(TestExprIfIntOps.java:15)
... Removed 29 stack frames</pre></div><a href='#' onClick='toggleBox("stack-trace529012052", this, "Click to show all stack frames", "Click to hide stack frames")'>Click to show all stack frames</a>
<div class='stack-trace' id='stack-trace529012052'><pre>java.lang.AssertionError: expected [true] but found [false]
	at org.testng.Assert.fail(Assert.java:94)
	at org.testng.Assert.failNotEquals(Assert.java:513)
	at org.testng.Assert.assertEqualsImpl(Assert.java:135)
	at org.testng.Assert.assertEquals(Assert.java:116)
	at org.testng.Assert.assertEquals(Assert.java:305)
	at org.testng.Assert.assertEquals(Assert.java:315)
	at io.kaitai.struct.spec.CommonSpec.assertIntEquals(CommonSpec.java:48)
	at io.kaitai.struct.spec.TestExprIfIntOps.testExprIfIntOps(TestExprIfIntOps.java:15)
	at sun.reflect.NativeMethodAccessorImpl.invoke0(Native Method)
	at sun.reflect.NativeMethodAccessorImpl.invoke(NativeMethodAccessorImpl.java:57)
	at sun.reflect.DelegatingMethodAccessorImpl.invoke(DelegatingMethodAccessorImpl.java:43)
	at java.lang.reflect.Method.invoke(Method.java:606)
	at org.testng.internal.MethodInvocationHelper.invokeMethod(MethodInvocationHelper.java:86)
	at org.testng.internal.Invoker.invokeMethod(Invoker.java:643)
	at org.testng.internal.Invoker.invokeTestMethod(Invoker.java:820)
	at org.testng.internal.Invoker.invokeTestMethods(Invoker.java:1128)
	at org.testng.internal.TestMethodWorker.invokeTestMethods(TestMethodWorker.java:129)
	at org.testng.internal.TestMethodWorker.run(TestMethodWorker.java:112)
	at org.testng.TestRunner.privateRun(TestRunner.java:782)
	at org.testng.TestRunner.run(TestRunner.java:632)
	at org.testng.SuiteRunner.runTest(SuiteRunner.java:366)
	at org.testng.SuiteRunner.runSequentially(SuiteRunner.java:361)
	at org.testng.SuiteRunner.privateRun(SuiteRunner.java:319)
	at org.testng.SuiteRunner.run(SuiteRunner.java:268)
	at org.testng.SuiteRunnerWorker.runSuite(SuiteRunnerWorker.java:52)
	at org.testng.SuiteRunnerWorker.run(SuiteRunnerWorker.java:86)
	at org.testng.TestNG.runSuitesSequentially(TestNG.java:1244)
	at org.testng.TestNG.runSuitesLocally(TestNG.java:1169)
	at org.testng.TestNG.run(TestNG.java:1064)
	at org.testng.TestNG.privateMain(TestNG.java:1385)
	at org.testng.TestNG.main(TestNG.java:1354)
</pre></div></td>
<td>0</td>
<td>io.kaitai.struct.spec.TestExprIfIntOps@272d0e49</td></tr>
<tr>
<td title='io.kaitai.struct.spec.TestExprIntDiv.testExprIntDiv()'><b>testExprIntDiv</b><br>Test class: io.kaitai.struct.spec.TestExprIntDiv</td>
<td><div><pre>java.lang.AssertionError: expected [-757] but found [-756]
	at io.kaitai.struct.spec.CommonSpec.assertIntEquals(CommonSpec.java:36)
	at io.kaitai.struct.spec.TestExprIntDiv.testExprIntDiv(TestExprIntDiv.java:17)
... Removed 29 stack frames</pre></div><a href='#' onClick='toggleBox("stack-trace1409341478", this, "Click to show all stack frames", "Click to hide stack frames")'>Click to show all stack frames</a>
<div class='stack-trace' id='stack-trace1409341478'><pre>java.lang.AssertionError: expected [-757] but found [-756]
	at org.testng.Assert.fail(Assert.java:94)
	at org.testng.Assert.failNotEquals(Assert.java:513)
	at org.testng.Assert.assertEqualsImpl(Assert.java:135)
	at org.testng.Assert.assertEquals(Assert.java:116)
	at org.testng.Assert.assertEquals(Assert.java:389)
	at org.testng.Assert.assertEquals(Assert.java:399)
	at io.kaitai.struct.spec.CommonSpec.assertIntEquals(CommonSpec.java:36)
	at io.kaitai.struct.spec.TestExprIntDiv.testExprIntDiv(TestExprIntDiv.java:17)
	at sun.reflect.NativeMethodAccessorImpl.invoke0(Native Method)
	at sun.reflect.NativeMethodAccessorImpl.invoke(NativeMethodAccessorImpl.java:57)
	at sun.reflect.DelegatingMethodAccessorImpl.invoke(DelegatingMethodAccessorImpl.java:43)
	at java.lang.reflect.Method.invoke(Method.java:606)
	at org.testng.internal.MethodInvocationHelper.invokeMethod(MethodInvocationHelper.java:86)
	at org.testng.internal.Invoker.invokeMethod(Invoker.java:643)
	at org.testng.internal.Invoker.invokeTestMethod(Invoker.java:820)
	at org.testng.internal.Invoker.invokeTestMethods(Invoker.java:1128)
	at org.testng.internal.TestMethodWorker.invokeTestMethods(TestMethodWorker.java:129)
	at org.testng.internal.TestMethodWorker.run(TestMethodWorker.java:112)
	at org.testng.TestRunner.privateRun(TestRunner.java:782)
	at org.testng.TestRunner.run(TestRunner.java:632)
	at org.testng.SuiteRunner.runTest(SuiteRunner.java:366)
	at org.testng.SuiteRunner.runSequentially(SuiteRunner.java:361)
	at org.testng.SuiteRunner.privateRun(SuiteRunner.java:319)
	at org.testng.SuiteRunner.run(SuiteRunner.java:268)
	at org.testng.SuiteRunnerWorker.runSuite(SuiteRunnerWorker.java:52)
	at org.testng.SuiteRunnerWorker.run(SuiteRunnerWorker.java:86)
	at org.testng.TestNG.runSuitesSequentially(TestNG.java:1244)
	at org.testng.TestNG.runSuitesLocally(TestNG.java:1169)
	at org.testng.TestNG.run(TestNG.java:1064)
	at org.testng.TestNG.privateMain(TestNG.java:1385)
	at org.testng.TestNG.main(TestNG.java:1354)
</pre></div></td>
<td>0</td>
<td>io.kaitai.struct.spec.TestExprIntDiv@442c282</td></tr>
</table><p>
<table width='100%' border='1' class='invocation-passed'>
<tr><td colspan='4' align='center'><b>PASSED TESTS</b></td></tr>
<tr><td><b>Test method</b></td>
<td width="30%"><b>Exception</b></td>
<td width="10%"><b>Time (seconds)</b></td>
<td><b>Instance</b></td>
</tr>
<tr>
<td title='io.kaitai.struct.spec.TestBitsByteAligned.testBitsByteAligned()'><b>testBitsByteAligned</b><br>Test class: io.kaitai.struct.spec.TestBitsByteAligned</td>
<td></td>
<td>0</td>
<td>io.kaitai.struct.spec.TestBitsByteAligned@130d19a9</td></tr>
<tr>
<td title='io.kaitai.struct.spec.TestBitsEnum.testBitsEnum()'><b>testBitsEnum</b><br>Test class: io.kaitai.struct.spec.TestBitsEnum</td>
<td></td>
<td>0</td>
<td>io.kaitai.struct.spec.TestBitsEnum@695ee1b2</td></tr>
<tr>
<td title='io.kaitai.struct.spec.TestBitsSeqEndianCombo.testBitsSeqEndianCombo()'><b>testBitsSeqEndianCombo</b><br>Test class: io.kaitai.struct.spec.TestBitsSeqEndianCombo</td>
<td></td>
<td>0</td>
<td>io.kaitai.struct.spec.TestBitsSeqEndianCombo@25286ff8</td></tr>
<tr>
<td title='io.kaitai.struct.spec.TestBitsSignedB32Le.testBitsSignedB32Le()'><b>testBitsSignedB32Le</b><br>Test class: io.kaitai.struct.spec.TestBitsSignedB32Le</td>
<td></td>
<td>0</td>
<td>io.kaitai.struct.spec.TestBitsSignedB32Le@6af7de45</td></tr>
<tr>
<td title='io.kaitai.struct.spec.TestBitsSignedB64Le.testBitsSignedB64Le()'><b>testBitsSignedB64Le</b><br>Test class: io.kaitai.struct.spec.TestBitsSignedB64Le</td>
<td></td>
<td>0</td>
<td>io.kaitai.struct.spec.TestBitsSignedB64Le@2e9cef4e</td></tr>
<tr>
<td title='io.kaitai.struct.spec.TestBitsSimple.testBitsSimple()'><b>testBitsSimple</b><br>Test class: io.kaitai.struct.spec.TestBitsSimple</td>
<td></td>
<td>0</td>
<td>io.kaitai.struct.spec.TestBitsSimple@17227365</td></tr>
<tr>
<td title='io.kaitai.struct.spec.TestBitsSimpleLe.testBitsSimpleLe()'><b>testBitsSimpleLe</b><br>Test class: io.kaitai.struct.spec.TestBitsSimpleLe</td>
<td></td>
<td>0</td>
<td>io.kaitai.struct.spec.TestBitsSimpleLe@40420970</td></tr>
<tr>
<td title='io.kaitai.struct.spec.TestBufferedStruct.testBufferedStruct()'><b>testBufferedStruct</b><br>Test class: io.kaitai.struct.spec.TestBufferedStruct</td>
<td></td>
<td>0</td>
<td>io.kaitai.struct.spec.TestBufferedStruct@60620f9c</td></tr>
<tr>
<td title='io.kaitai.struct.spec.TestBytesPadTerm.testBytesPadTerm()'><b>testBytesPadTerm</b><br>Test class: io.kaitai.struct.spec.TestBytesPadTerm</td>
<td></td>
<td>0</td>
<td>io.kaitai.struct.spec.TestBytesPadTerm@14356844</td></tr>
<tr>
<td title='io.kaitai.struct.spec.TestCastNested.testCastNested()'><b>testCastNested</b><br>Test class: io.kaitai.struct.spec.TestCastNested</td>
<td></td>
<td>0</td>
<td>io.kaitai.struct.spec.TestCastNested@2bc609cd</td></tr>
<tr>
<td title='io.kaitai.struct.spec.TestCastToImported.testCastToImported()'><b>testCastToImported</b><br>Test class: io.kaitai.struct.spec.TestCastToImported</td>
<td></td>
<td>0</td>
<td>io.kaitai.struct.spec.TestCastToImported@2659da0f</td></tr>
<tr>
<td title='io.kaitai.struct.spec.TestCastToTop.testCastToTop()'><b>testCastToTop</b><br>Test class: io.kaitai.struct.spec.TestCastToTop</td>
<td></td>
<td>0</td>
<td>io.kaitai.struct.spec.TestCastToTop@4c2184e</td></tr>
<tr>
<td title='io.kaitai.struct.spec.TestCombineBool.testCombineBool()'><b>testCombineBool</b><br>Test class: io.kaitai.struct.spec.TestCombineBool</td>
<td></td>
<td>0</td>
<td>io.kaitai.struct.spec.TestCombineBool@69f31d</td></tr>
<tr>
<td title='io.kaitai.struct.spec.TestCombineEnum.testCombineEnum()'><b>testCombineEnum</b><br>Test class: io.kaitai.struct.spec.TestCombineEnum</td>
<td></td>
<td>0</td>
<td>io.kaitai.struct.spec.TestCombineEnum@2a8820fa</td></tr>
<tr>
<td title='io.kaitai.struct.spec.TestDebug0.testDebug0()'><b>testDebug0</b><br>Test class: io.kaitai.struct.spec.TestDebug0</td>
<td></td>
<td>0</td>
<td>io.kaitai.struct.spec.TestDebug0@b355bbe</td></tr>
<tr>
<td title='io.kaitai.struct.spec.TestDebugArrayUser.testDebugArrayUser()'><b>testDebugArrayUser</b><br>Test class: io.kaitai.struct.spec.TestDebugArrayUser</td>
<td></td>
<td>0</td>
<td>io.kaitai.struct.spec.TestDebugArrayUser@5dc1bab3</td></tr>
<tr>
<td title='io.kaitai.struct.spec.TestDebugEnumName.testDebugEnumName()'><b>testDebugEnumName</b><br>Test class: io.kaitai.struct.spec.TestDebugEnumName</td>
<td></td>
<td>0</td>
<td>io.kaitai.struct.spec.TestDebugEnumName@37364b8f</td></tr>
<tr>
<td title='io.kaitai.struct.spec.TestDebugSwitchUser.testDebugSwitchUser()'><b>testDebugSwitchUser</b><br>Test class: io.kaitai.struct.spec.TestDebugSwitchUser</td>
<td></td>
<td>0</td>
<td>io.kaitai.struct.spec.TestDebugSwitchUser@33931942</td></tr>
<tr>
<td title='io.kaitai.struct.spec.TestDefaultBigEndian.testDefaultBigEndian()'><b>testDefaultBigEndian</b><br>Test class: io.kaitai.struct.spec.TestDefaultBigEndian</td>
<td></td>
<td>0</td>
<td>io.kaitai.struct.spec.TestDefaultBigEndian@6424f87e</td></tr>
<tr>
<td title='io.kaitai.struct.spec.TestDefaultBitEndianMod.testDefaultBitEndianMod()'><b>testDefaultBitEndianMod</b><br>Test class: io.kaitai.struct.spec.TestDefaultBitEndianMod</td>
<td></td>
<td>0</td>
<td>io.kaitai.struct.spec.TestDefaultBitEndianMod@25f52d1d</td></tr>
<tr>
<td title='io.kaitai.struct.spec.TestDefaultEndianExprException.testDefaultEndianExprException()'><b>testDefaultEndianExprException</b><br>Test class: io.kaitai.struct.spec.TestDefaultEndianExprException</td>
<td><div><pre>io.kaitai.struct.KaitaiStream$UndecidedEndiannessError
	at io.kaitai.struct.testformats.DefaultEndianExprException$Doc$MainObj._read(DefaultEndianExprException.java:98)
	at io.kaitai.struct.testformats.DefaultEndianExprException$Doc$MainObj.&lt;init&gt;(DefaultEndianExprException.java:82)
	at io.kaitai.struct.testformats.DefaultEndianExprException$Doc._read(DefaultEndianExprException.java:62)
	at io.kaitai.struct.testformats.DefaultEndianExprException$Doc.&lt;init&gt;(DefaultEndianExprException.java:58)
	at io.kaitai.struct.testformats.DefaultEndianExprException._read(DefaultEndianExprException.java:36)
	at io.kaitai.struct.testformats.DefaultEndianExprException.&lt;init&gt;(DefaultEndianExprException.java:29)
	at io.kaitai.struct.testformats.DefaultEndianExprException.&lt;init&gt;(DefaultEndianExprException.java:18)
	at io.kaitai.struct.testformats.DefaultEndianExprException.fromFile(DefaultEndianExprException.java:14)
	at io.kaitai.struct.spec.TestDefaultEndianExprException.testDefaultEndianExprException(TestDefaultEndianExprException.java:13)
... Removed 23 stack frames</pre></div><a href='#' onClick='toggleBox("stack-trace630751728", this, "Click to show all stack frames", "Click to hide stack frames")'>Click to show all stack frames</a>
<div class='stack-trace' id='stack-trace630751728'><pre>io.kaitai.struct.KaitaiStream$UndecidedEndiannessError
	at io.kaitai.struct.testformats.DefaultEndianExprException$Doc$MainObj._read(DefaultEndianExprException.java:98)
	at io.kaitai.struct.testformats.DefaultEndianExprException$Doc$MainObj.&lt;init&gt;(DefaultEndianExprException.java:82)
	at io.kaitai.struct.testformats.DefaultEndianExprException$Doc._read(DefaultEndianExprException.java:62)
	at io.kaitai.struct.testformats.DefaultEndianExprException$Doc.&lt;init&gt;(DefaultEndianExprException.java:58)
	at io.kaitai.struct.testformats.DefaultEndianExprException._read(DefaultEndianExprException.java:36)
	at io.kaitai.struct.testformats.DefaultEndianExprException.&lt;init&gt;(DefaultEndianExprException.java:29)
	at io.kaitai.struct.testformats.DefaultEndianExprException.&lt;init&gt;(DefaultEndianExprException.java:18)
	at io.kaitai.struct.testformats.DefaultEndianExprException.fromFile(DefaultEndianExprException.java:14)
	at io.kaitai.struct.spec.TestDefaultEndianExprException.testDefaultEndianExprException(TestDefaultEndianExprException.java:13)
	at sun.reflect.NativeMethodAccessorImpl.invoke0(Native Method)
	at sun.reflect.NativeMethodAccessorImpl.invoke(NativeMethodAccessorImpl.java:57)
	at sun.reflect.DelegatingMethodAccessorImpl.invoke(DelegatingMethodAccessorImpl.java:43)
	at java.lang.reflect.Method.invoke(Method.java:606)
	at org.testng.internal.MethodInvocationHelper.invokeMethod(MethodInvocationHelper.java:86)
	at org.testng.internal.Invoker.invokeMethod(Invoker.java:643)
	at org.testng.internal.Invoker.invokeTestMethod(Invoker.java:820)
	at org.testng.internal.Invoker.invokeTestMethods(Invoker.java:1128)
	at org.testng.internal.TestMethodWorker.invokeTestMethods(TestMethodWorker.java:129)
	at org.testng.internal.TestMethodWorker.run(TestMethodWorker.java:112)
	at org.testng.TestRunner.privateRun(TestRunner.java:782)
	at org.testng.TestRunner.run(TestRunner.java:632)
	at org.testng.SuiteRunner.runTest(SuiteRunner.java:366)
	at org.testng.SuiteRunner.runSequentially(SuiteRunner.java:361)
	at org.testng.SuiteRunner.privateRun(SuiteRunner.java:319)
	at org.testng.SuiteRunner.run(SuiteRunner.java:268)
	at org.testng.SuiteRunnerWorker.runSuite(SuiteRunnerWorker.java:52)
	at org.testng.SuiteRunnerWorker.run(SuiteRunnerWorker.java:86)
	at org.testng.TestNG.runSuitesSequentially(TestNG.java:1244)
	at org.testng.TestNG.runSuitesLocally(TestNG.java:1169)
	at org.testng.TestNG.run(TestNG.java:1064)
	at org.testng.TestNG.privateMain(TestNG.java:1385)
	at org.testng.TestNG.main(TestNG.java:1354)
</pre></div></td>
<td>0</td>
<td>io.kaitai.struct.spec.TestDefaultEndianExprException@6808b943</td></tr>
<tr>
<td title='io.kaitai.struct.spec.TestDefaultEndianExprInherited.testDefaultEndianExprInherited()'><b>testDefaultEndianExprInherited</b><br>Test class: io.kaitai.struct.spec.TestDefaultEndianExprInherited</td>
<td></td>
<td>0</td>
<td>io.kaitai.struct.spec.TestDefaultEndianExprInherited@6cecf7fa</td></tr>
<tr>
<td title='io.kaitai.struct.spec.TestDefaultEndianExprIsBe.testDefaultEndianExprIsBe()'><b>testDefaultEndianExprIsBe</b><br>Test class: io.kaitai.struct.spec.TestDefaultEndianExprIsBe</td>
<td></td>
<td>0</td>
<td>io.kaitai.struct.spec.TestDefaultEndianExprIsBe@5433a329</td></tr>
<tr>
<td title='io.kaitai.struct.spec.TestDefaultEndianExprIsLe.testDefaultEndianExprIsLe()'><b>testDefaultEndianExprIsLe</b><br>Test class: io.kaitai.struct.spec.TestDefaultEndianExprIsLe</td>
<td></td>
<td>0</td>
<td>io.kaitai.struct.spec.TestDefaultEndianExprIsLe@13c4b1c6</td></tr>
<tr>
<td title='io.kaitai.struct.spec.TestDefaultEndianMod.testDefaultEndianMod()'><b>testDefaultEndianMod</b><br>Test class: io.kaitai.struct.spec.TestDefaultEndianMod</td>
<td></td>
<td>0</td>
<td>io.kaitai.struct.spec.TestDefaultEndianMod@197d96f9</td></tr>
<tr>
<td title='io.kaitai.struct.spec.TestDocstrings.testDocstrings()'><b>testDocstrings</b><br>Test class: io.kaitai.struct.spec.TestDocstrings</td>
<td></td>
<td>0</td>
<td>io.kaitai.struct.spec.TestDocstrings@72c347ea</td></tr>
<tr>
<td title='io.kaitai.struct.spec.TestDocstringsDocref.testDocstringsDocref()'><b>testDocstringsDocref</b><br>Test class: io.kaitai.struct.spec.TestDocstringsDocref</td>
<td></td>
<td>0</td>
<td>io.kaitai.struct.spec.TestDocstringsDocref@5508e44d</td></tr>
<tr>
<td title='io.kaitai.struct.spec.TestDocstringsDocrefMulti.testDocstringsDocrefMulti()'><b>testDocstringsDocrefMulti</b><br>Test class: io.kaitai.struct.spec.TestDocstringsDocrefMulti</td>
<td></td>
<td>0</td>
<td>io.kaitai.struct.spec.TestDocstringsDocrefMulti@44819912</td></tr>
<tr>
<td title='io.kaitai.struct.spec.TestEnum0.testEnum0()'><b>testEnum0</b><br>Test class: io.kaitai.struct.spec.TestEnum0</td>
<td></td>
<td>0</td>
<td>io.kaitai.struct.spec.TestEnum0@101837c4</td></tr>
<tr>
<td title='io.kaitai.struct.spec.TestEnum1.testEnum1()'><b>testEnum1</b><br>Test class: io.kaitai.struct.spec.TestEnum1</td>
<td></td>
<td>0</td>
<td>io.kaitai.struct.spec.TestEnum1@412301ca</td></tr>
<tr>
<td title='io.kaitai.struct.spec.TestEnumDeep.testEnumDeep()'><b>testEnumDeep</b><br>Test class: io.kaitai.struct.spec.TestEnumDeep</td>
<td></td>
<td>0</td>
<td>io.kaitai.struct.spec.TestEnumDeep@7ad65173</td></tr>
<tr>
<td title='io.kaitai.struct.spec.TestEnumDeepLiterals.testEnumDeepLiterals()'><b>testEnumDeepLiterals</b><br>Test class: io.kaitai.struct.spec.TestEnumDeepLiterals</td>
<td></td>
<td>0</td>
<td>io.kaitai.struct.spec.TestEnumDeepLiterals@535367a7</td></tr>
<tr>
<td title='io.kaitai.struct.spec.TestEnumFancy.testEnumFancy()'><b>testEnumFancy</b><br>Test class: io.kaitai.struct.spec.TestEnumFancy</td>
<td></td>
<td>0</td>
<td>io.kaitai.struct.spec.TestEnumFancy@5c207889</td></tr>
<tr>
<td title='io.kaitai.struct.spec.TestEnumForUnknownId.testEnumForUnknownId()'><b>testEnumForUnknownId</b><br>Test class: io.kaitai.struct.spec.TestEnumForUnknownId</td>
<td></td>
<td>0</td>
<td>io.kaitai.struct.spec.TestEnumForUnknownId@1b341f7c</td></tr>
<tr>
<td title='io.kaitai.struct.spec.TestEnumIf.testEnumIf()'><b>testEnumIf</b><br>Test class: io.kaitai.struct.spec.TestEnumIf</td>
<td></td>
<td>0</td>
<td>io.kaitai.struct.spec.TestEnumIf@3ac4a6d8</td></tr>
<tr>
<td title='io.kaitai.struct.spec.TestEnumImport.testEnumImport()'><b>testEnumImport</b><br>Test class: io.kaitai.struct.spec.TestEnumImport</td>
<td></td>
<td>0</td>
<td>io.kaitai.struct.spec.TestEnumImport@1ef1df56</td></tr>
<tr>
<td title='io.kaitai.struct.spec.TestEnumIntRangeS.testEnumIntRangeS()'><b>testEnumIntRangeS</b><br>Test class: io.kaitai.struct.spec.TestEnumIntRangeS</td>
<td></td>
<td>0</td>
<td>io.kaitai.struct.spec.TestEnumIntRangeS@747df593</td></tr>
<tr>
<td title='io.kaitai.struct.spec.TestEnumIntRangeU.testEnumIntRangeU()'><b>testEnumIntRangeU</b><br>Test class: io.kaitai.struct.spec.TestEnumIntRangeU</td>
<td></td>
<td>0</td>
<td>io.kaitai.struct.spec.TestEnumIntRangeU@3114484</td></tr>
<tr>
<td title='io.kaitai.struct.spec.TestEnumInvalid.testEnumInvalid()'><b>testEnumInvalid</b><br>Test class: io.kaitai.struct.spec.TestEnumInvalid</td>
<td></td>
<td>0</td>
<td>io.kaitai.struct.spec.TestEnumInvalid@c7d9406</td></tr>
<tr>
<td title='io.kaitai.struct.spec.TestEnumLongRangeU.testEnumLongRangeU()'><b>testEnumLongRangeU</b><br>Test class: io.kaitai.struct.spec.TestEnumLongRangeU</td>
<td></td>
<td>0</td>
<td>io.kaitai.struct.spec.TestEnumLongRangeU@59d57c39</td></tr>
<tr>
<td title='io.kaitai.struct.spec.TestEnumNegative.testEnumNegative()'><b>testEnumNegative</b><br>Test class: io.kaitai.struct.spec.TestEnumNegative</td>
<td></td>
<td>0</td>
<td>io.kaitai.struct.spec.TestEnumNegative@77904cfb</td></tr>
<tr>
<td title='io.kaitai.struct.spec.TestEnumOfValueInst.testEnumOfValueInst()'><b>testEnumOfValueInst</b><br>Test class: io.kaitai.struct.spec.TestEnumOfValueInst</td>
<td></td>
<td>0</td>
<td>io.kaitai.struct.spec.TestEnumOfValueInst@122bec39</td></tr>
<tr>
<td title='io.kaitai.struct.spec.TestEnumToI.testEnumToI()'><b>testEnumToI</b><br>Test class: io.kaitai.struct.spec.TestEnumToI</td>
<td></td>
<td>0</td>
<td>io.kaitai.struct.spec.TestEnumToI@2ac79769</td></tr>
<tr>
<td title='io.kaitai.struct.spec.TestEofExceptionBytes.testEofExceptionBytes()'><b>testEofExceptionBytes</b><br>Test class: io.kaitai.struct.spec.TestEofExceptionBytes</td>
<td><div><pre>java.nio.BufferUnderflowException
	at java.nio.DirectByteBuffer.get(DirectByteBuffer.java:265)
	at java.nio.ByteBuffer.get(ByteBuffer.java:695)
	at io.kaitai.struct.ByteBufferKaitaiStream.readBytes(ByteBufferKaitaiStream.java:324)
	at io.kaitai.struct.testformats.EofExceptionBytes._read(EofExceptionBytes.java:30)
	at io.kaitai.struct.testformats.EofExceptionBytes.&lt;init&gt;(EofExceptionBytes.java:27)
	at io.kaitai.struct.testformats.EofExceptionBytes.&lt;init&gt;(EofExceptionBytes.java:16)
	at io.kaitai.struct.testformats.EofExceptionBytes.fromFile(EofExceptionBytes.java:12)
	at io.kaitai.struct.spec.TestEofExceptionBytes.testEofExceptionBytes(TestEofExceptionBytes.java:13)
... Removed 23 stack frames</pre></div><a href='#' onClick='toggleBox("stack-trace1330391855", this, "Click to show all stack frames", "Click to hide stack frames")'>Click to show all stack frames</a>
<div class='stack-trace' id='stack-trace1330391855'><pre>java.nio.BufferUnderflowException
	at java.nio.DirectByteBuffer.get(DirectByteBuffer.java:265)
	at java.nio.ByteBuffer.get(ByteBuffer.java:695)
	at io.kaitai.struct.ByteBufferKaitaiStream.readBytes(ByteBufferKaitaiStream.java:324)
	at io.kaitai.struct.testformats.EofExceptionBytes._read(EofExceptionBytes.java:30)
	at io.kaitai.struct.testformats.EofExceptionBytes.&lt;init&gt;(EofExceptionBytes.java:27)
	at io.kaitai.struct.testformats.EofExceptionBytes.&lt;init&gt;(EofExceptionBytes.java:16)
	at io.kaitai.struct.testformats.EofExceptionBytes.fromFile(EofExceptionBytes.java:12)
	at io.kaitai.struct.spec.TestEofExceptionBytes.testEofExceptionBytes(TestEofExceptionBytes.java:13)
	at sun.reflect.NativeMethodAccessorImpl.invoke0(Native Method)
	at sun.reflect.NativeMethodAccessorImpl.invoke(NativeMethodAccessorImpl.java:57)
	at sun.reflect.DelegatingMethodAccessorImpl.invoke(DelegatingMethodAccessorImpl.java:43)
	at java.lang.reflect.Method.invoke(Method.java:606)
	at org.testng.internal.MethodInvocationHelper.invokeMethod(MethodInvocationHelper.java:86)
	at org.testng.internal.Invoker.invokeMethod(Invoker.java:643)
	at org.testng.internal.Invoker.invokeTestMethod(Invoker.java:820)
	at org.testng.internal.Invoker.invokeTestMethods(Invoker.java:1128)
	at org.testng.internal.TestMethodWorker.invokeTestMethods(TestMethodWorker.java:129)
	at org.testng.internal.TestMethodWorker.run(TestMethodWorker.java:112)
	at org.testng.TestRunner.privateRun(TestRunner.java:782)
	at org.testng.TestRunner.run(TestRunner.java:632)
	at org.testng.SuiteRunner.runTest(SuiteRunner.java:366)
	at org.testng.SuiteRunner.runSequentially(SuiteRunner.java:361)
	at org.testng.SuiteRunner.privateRun(SuiteRunner.java:319)
	at org.testng.SuiteRunner.run(SuiteRunner.java:268)
	at org.testng.SuiteRunnerWorker.runSuite(SuiteRunnerWorker.java:52)
	at org.testng.SuiteRunnerWorker.run(SuiteRunnerWorker.java:86)
	at org.testng.TestNG.runSuitesSequentially(TestNG.java:1244)
	at org.testng.TestNG.runSuitesLocally(TestNG.java:1169)
	at org.testng.TestNG.run(TestNG.java:1064)
	at org.testng.TestNG.privateMain(TestNG.java:1385)
	at org.testng.TestNG.main(TestNG.java:1354)
</pre></div></td>
<td>0</td>
<td>io.kaitai.struct.spec.TestEofExceptionBytes@14bb1311</td></tr>
<tr>
<td title='io.kaitai.struct.spec.TestEofExceptionU4.testEofExceptionU4()'><b>testEofExceptionU4</b><br>Test class: io.kaitai.struct.spec.TestEofExceptionU4</td>
<td><div><pre>java.nio.BufferUnderflowException
	at java.nio.Buffer.nextGetIndex(Buffer.java:498)
	at java.nio.DirectByteBuffer.getInt(DirectByteBuffer.java:675)
	at io.kaitai.struct.ByteBufferKaitaiStream.readU4le(ByteBufferKaitaiStream.java:269)
	at io.kaitai.struct.testformats.EofExceptionU4._read(EofExceptionU4.java:31)
	at io.kaitai.struct.testformats.EofExceptionU4.&lt;init&gt;(EofExceptionU4.java:27)
	at io.kaitai.struct.testformats.EofExceptionU4.&lt;init&gt;(EofExceptionU4.java:16)
	at io.kaitai.struct.testformats.EofExceptionU4.fromFile(EofExceptionU4.java:12)
	at io.kaitai.struct.spec.TestEofExceptionU4.testEofExceptionU4(TestEofExceptionU4.java:13)
... Removed 23 stack frames</pre></div><a href='#' onClick='toggleBox("stack-trace1399986510", this, "Click to show all stack frames", "Click to hide stack frames")'>Click to show all stack frames</a>
<div class='stack-trace' id='stack-trace1399986510'><pre>java.nio.BufferUnderflowException
	at java.nio.Buffer.nextGetIndex(Buffer.java:498)
	at java.nio.DirectByteBuffer.getInt(DirectByteBuffer.java:675)
	at io.kaitai.struct.ByteBufferKaitaiStream.readU4le(ByteBufferKaitaiStream.java:269)
	at io.kaitai.struct.testformats.EofExceptionU4._read(EofExceptionU4.java:31)
	at io.kaitai.struct.testformats.EofExceptionU4.&lt;init&gt;(EofExceptionU4.java:27)
	at io.kaitai.struct.testformats.EofExceptionU4.&lt;init&gt;(EofExceptionU4.java:16)
	at io.kaitai.struct.testformats.EofExceptionU4.fromFile(EofExceptionU4.java:12)
	at io.kaitai.struct.spec.TestEofExceptionU4.testEofExceptionU4(TestEofExceptionU4.java:13)
	at sun.reflect.NativeMethodAccessorImpl.invoke0(Native Method)
	at sun.reflect.NativeMethodAccessorImpl.invoke(NativeMethodAccessorImpl.java:57)
	at sun.reflect.DelegatingMethodAccessorImpl.invoke(DelegatingMethodAccessorImpl.java:43)
	at java.lang.reflect.Method.invoke(Method.java:606)
	at org.testng.internal.MethodInvocationHelper.invokeMethod(MethodInvocationHelper.java:86)
	at org.testng.internal.Invoker.invokeMethod(Invoker.java:643)
	at org.testng.internal.Invoker.invokeTestMethod(Invoker.java:820)
	at org.testng.internal.Invoker.invokeTestMethods(Invoker.java:1128)
	at org.testng.internal.TestMethodWorker.invokeTestMethods(TestMethodWorker.java:129)
	at org.testng.internal.TestMethodWorker.run(TestMethodWorker.java:112)
	at org.testng.TestRunner.privateRun(TestRunner.java:782)
	at org.testng.TestRunner.run(TestRunner.java:632)
	at org.testng.SuiteRunner.runTest(SuiteRunner.java:366)
	at org.testng.SuiteRunner.runSequentially(SuiteRunner.java:361)
	at org.testng.SuiteRunner.privateRun(SuiteRunner.java:319)
	at org.testng.SuiteRunner.run(SuiteRunner.java:268)
	at org.testng.SuiteRunnerWorker.runSuite(SuiteRunnerWorker.java:52)
	at org.testng.SuiteRunnerWorker.run(SuiteRunnerWorker.java:86)
	at org.testng.TestNG.runSuitesSequentially(TestNG.java:1244)
	at org.testng.TestNG.runSuitesLocally(TestNG.java:1169)
	at org.testng.TestNG.run(TestNG.java:1064)
	at org.testng.TestNG.privateMain(TestNG.java:1385)
	at org.testng.TestNG.main(TestNG.java:1354)
</pre></div></td>
<td>0</td>
<td>io.kaitai.struct.spec.TestEofExceptionU4@2818d303</td></tr>
<tr>
<td title='io.kaitai.struct.spec.TestEosExceptionBytes.testEosExceptionBytes()'><b>testEosExceptionBytes</b><br>Test class: io.kaitai.struct.spec.TestEosExceptionBytes</td>
<td><div><pre>java.nio.BufferUnderflowException
	at java.nio.HeapByteBuffer.get(HeapByteBuffer.java:145)
	at java.nio.ByteBuffer.get(ByteBuffer.java:695)
	at io.kaitai.struct.ByteBufferKaitaiStream.readBytes(ByteBufferKaitaiStream.java:324)
	at io.kaitai.struct.testformats.EosExceptionBytes$Data._read(EosExceptionBytes.java:54)
	at io.kaitai.struct.testformats.EosExceptionBytes$Data.&lt;init&gt;(EosExceptionBytes.java:51)
	at io.kaitai.struct.testformats.EosExceptionBytes._read(EosExceptionBytes.java:32)
	at io.kaitai.struct.testformats.EosExceptionBytes.&lt;init&gt;(EosExceptionBytes.java:27)
	at io.kaitai.struct.testformats.EosExceptionBytes.&lt;init&gt;(EosExceptionBytes.java:16)
	at io.kaitai.struct.testformats.EosExceptionBytes.fromFile(EosExceptionBytes.java:12)
	at io.kaitai.struct.spec.TestEosExceptionBytes.testEosExceptionBytes(TestEosExceptionBytes.java:13)
... Removed 23 stack frames</pre></div><a href='#' onClick='toggleBox("stack-trace21622515", this, "Click to show all stack frames", "Click to hide stack frames")'>Click to show all stack frames</a>
<div class='stack-trace' id='stack-trace21622515'><pre>java.nio.BufferUnderflowException
	at java.nio.HeapByteBuffer.get(HeapByteBuffer.java:145)
	at java.nio.ByteBuffer.get(ByteBuffer.java:695)
	at io.kaitai.struct.ByteBufferKaitaiStream.readBytes(ByteBufferKaitaiStream.java:324)
	at io.kaitai.struct.testformats.EosExceptionBytes$Data._read(EosExceptionBytes.java:54)
	at io.kaitai.struct.testformats.EosExceptionBytes$Data.&lt;init&gt;(EosExceptionBytes.java:51)
	at io.kaitai.struct.testformats.EosExceptionBytes._read(EosExceptionBytes.java:32)
	at io.kaitai.struct.testformats.EosExceptionBytes.&lt;init&gt;(EosExceptionBytes.java:27)
	at io.kaitai.struct.testformats.EosExceptionBytes.&lt;init&gt;(EosExceptionBytes.java:16)
	at io.kaitai.struct.testformats.EosExceptionBytes.fromFile(EosExceptionBytes.java:12)
	at io.kaitai.struct.spec.TestEosExceptionBytes.testEosExceptionBytes(TestEosExceptionBytes.java:13)
	at sun.reflect.NativeMethodAccessorImpl.invoke0(Native Method)
	at sun.reflect.NativeMethodAccessorImpl.invoke(NativeMethodAccessorImpl.java:57)
	at sun.reflect.DelegatingMethodAccessorImpl.invoke(DelegatingMethodAccessorImpl.java:43)
	at java.lang.reflect.Method.invoke(Method.java:606)
	at org.testng.internal.MethodInvocationHelper.invokeMethod(MethodInvocationHelper.java:86)
	at org.testng.internal.Invoker.invokeMethod(Invoker.java:643)
	at org.testng.internal.Invoker.invokeTestMethod(Invoker.java:820)
	at org.testng.internal.Invoker.invokeTestMethods(Invoker.java:1128)
	at org.testng.internal.TestMethodWorker.invokeTestMethods(TestMethodWorker.java:129)
	at org.testng.internal.TestMethodWorker.run(TestMethodWorker.java:112)
	at org.testng.TestRunner.privateRun(TestRunner.java:782)
	at org.testng.TestRunner.run(TestRunner.java:632)
	at org.testng.SuiteRunner.runTest(SuiteRunner.java:366)
	at org.testng.SuiteRunner.runSequentially(SuiteRunner.java:361)
	at org.testng.SuiteRunner.privateRun(SuiteRunner.java:319)
	at org.testng.SuiteRunner.run(SuiteRunner.java:268)
	at org.testng.SuiteRunnerWorker.runSuite(SuiteRunnerWorker.java:52)
	at org.testng.SuiteRunnerWorker.run(SuiteRunnerWorker.java:86)
	at org.testng.TestNG.runSuitesSequentially(TestNG.java:1244)
	at org.testng.TestNG.runSuitesLocally(TestNG.java:1169)
	at org.testng.TestNG.run(TestNG.java:1064)
	at org.testng.TestNG.privateMain(TestNG.java:1385)
	at org.testng.TestNG.main(TestNG.java:1354)
</pre></div></td>
<td>0</td>
<td>io.kaitai.struct.spec.TestEosExceptionBytes@410fb004</td></tr>
<tr>
<td title='io.kaitai.struct.spec.TestEosExceptionU4.testEosExceptionU4()'><b>testEosExceptionU4</b><br>Test class: io.kaitai.struct.spec.TestEosExceptionU4</td>
<td><div><pre>java.nio.BufferUnderflowException
	at java.nio.Buffer.nextGetIndex(Buffer.java:498)
	at java.nio.HeapByteBuffer.getInt(HeapByteBuffer.java:355)
	at io.kaitai.struct.ByteBufferKaitaiStream.readU4le(ByteBufferKaitaiStream.java:269)
	at io.kaitai.struct.testformats.EosExceptionU4$Data._read(EosExceptionU4.java:55)
	at io.kaitai.struct.testformats.EosExceptionU4$Data.&lt;init&gt;(EosExceptionU4.java:51)
	at io.kaitai.struct.testformats.EosExceptionU4._read(EosExceptionU4.java:32)
	at io.kaitai.struct.testformats.EosExceptionU4.&lt;init&gt;(EosExceptionU4.java:27)
	at io.kaitai.struct.testformats.EosExceptionU4.&lt;init&gt;(EosExceptionU4.java:16)
	at io.kaitai.struct.testformats.EosExceptionU4.fromFile(EosExceptionU4.java:12)
	at io.kaitai.struct.spec.TestEosExceptionU4.testEosExceptionU4(TestEosExceptionU4.java:13)
... Removed 23 stack frames</pre></div><a href='#' onClick='toggleBox("stack-trace1495684478", this, "Click to show all stack frames", "Click to hide stack frames")'>Click to show all stack frames</a>
<div class='stack-trace' id='stack-trace1495684478'><pre>java.nio.BufferUnderflowException
	at java.nio.Buffer.nextGetIndex(Buffer.java:498)
	at java.nio.HeapByteBuffer.getInt(HeapByteBuffer.java:355)
	at io.kaitai.struct.ByteBufferKaitaiStream.readU4le(ByteBufferKaitaiStream.java:269)
	at io.kaitai.struct.testformats.EosExceptionU4$Data._read(EosExceptionU4.java:55)
	at io.kaitai.struct.testformats.EosExceptionU4$Data.&lt;init&gt;(EosExceptionU4.java:51)
	at io.kaitai.struct.testformats.EosExceptionU4._read(EosExceptionU4.java:32)
	at io.kaitai.struct.testformats.EosExceptionU4.&lt;init&gt;(EosExceptionU4.java:27)
	at io.kaitai.struct.testformats.EosExceptionU4.&lt;init&gt;(EosExceptionU4.java:16)
	at io.kaitai.struct.testformats.EosExceptionU4.fromFile(EosExceptionU4.java:12)
	at io.kaitai.struct.spec.TestEosExceptionU4.testEosExceptionU4(TestEosExceptionU4.java:13)
	at sun.reflect.NativeMethodAccessorImpl.invoke0(Native Method)
	at sun.reflect.NativeMethodAccessorImpl.invoke(NativeMethodAccessorImpl.java:57)
	at sun.reflect.DelegatingMethodAccessorImpl.invoke(DelegatingMethodAccessorImpl.java:43)
	at java.lang.reflect.Method.invoke(Method.java:606)
	at org.testng.internal.MethodInvocationHelper.invokeMethod(MethodInvocationHelper.java:86)
	at org.testng.internal.Invoker.invokeMethod(Invoker.java:643)
	at org.testng.internal.Invoker.invokeTestMethod(Invoker.java:820)
	at org.testng.internal.Invoker.invokeTestMethods(Invoker.java:1128)
	at org.testng.internal.TestMethodWorker.invokeTestMethods(TestMethodWorker.java:129)
	at org.testng.internal.TestMethodWorker.run(TestMethodWorker.java:112)
	at org.testng.TestRunner.privateRun(TestRunner.java:782)
	at org.testng.TestRunner.run(TestRunner.java:632)
	at org.testng.SuiteRunner.runTest(SuiteRunner.java:366)
	at org.testng.SuiteRunner.runSequentially(SuiteRunner.java:361)
	at org.testng.SuiteRunner.privateRun(SuiteRunner.java:319)
	at org.testng.SuiteRunner.run(SuiteRunner.java:268)
	at org.testng.SuiteRunnerWorker.runSuite(SuiteRunnerWorker.java:52)
	at org.testng.SuiteRunnerWorker.run(SuiteRunnerWorker.java:86)
	at org.testng.TestNG.runSuitesSequentially(TestNG.java:1244)
	at org.testng.TestNG.runSuitesLocally(TestNG.java:1169)
	at org.testng.TestNG.run(TestNG.java:1064)
	at org.testng.TestNG.privateMain(TestNG.java:1385)
	at org.testng.TestNG.main(TestNG.java:1354)
</pre></div></td>
<td>0</td>
<td>io.kaitai.struct.spec.TestEosExceptionU4@3aefe6fd</td></tr>
<tr>
<td title='io.kaitai.struct.spec.TestExpr0.testExpr0()'><b>testExpr0</b><br>Test class: io.kaitai.struct.spec.TestExpr0</td>
<td></td>
<td>0</td>
<td>io.kaitai.struct.spec.TestExpr0@74b1a7a0</td></tr>
<tr>
<td title='io.kaitai.struct.spec.TestExpr1.testExpr1()'><b>testExpr1</b><br>Test class: io.kaitai.struct.spec.TestExpr1</td>
<td></td>
<td>0</td>
<td>io.kaitai.struct.spec.TestExpr1@2a8fe392</td></tr>
<tr>
<td title='io.kaitai.struct.spec.TestExpr3.testExpr3()'><b>testExpr3</b><br>Test class: io.kaitai.struct.spec.TestExpr3</td>
<td></td>
<td>0</td>
<td>io.kaitai.struct.spec.TestExpr3@18e832fd</td></tr>
<tr>
<td title='io.kaitai.struct.spec.TestExprArray.testExprArray()'><b>testExprArray</b><br>Test class: io.kaitai.struct.spec.TestExprArray</td>
<td></td>
<td>0</td>
<td>io.kaitai.struct.spec.TestExprArray@ea083a</td></tr>
<tr>
<td title='io.kaitai.struct.spec.TestExprEnum.testExprEnum()'><b>testExprEnum</b><br>Test class: io.kaitai.struct.spec.TestExprEnum</td>
<td></td>
<td>0</td>
<td>io.kaitai.struct.spec.TestExprEnum@48059495</td></tr>
<tr>
<td title='io.kaitai.struct.spec.TestExprIoEof.testExprIoEof()'><b>testExprIoEof</b><br>Test class: io.kaitai.struct.spec.TestExprIoEof</td>
<td></td>
<td>0</td>
<td>io.kaitai.struct.spec.TestExprIoEof@665de723</td></tr>
<tr>
<td title='io.kaitai.struct.spec.TestExprIoPos.testExprIoPos()'><b>testExprIoPos</b><br>Test class: io.kaitai.struct.spec.TestExprIoPos</td>
<td></td>
<td>0</td>
<td>io.kaitai.struct.spec.TestExprIoPos@6944e022</td></tr>
<tr>
<td title='io.kaitai.struct.spec.TestExprMod.testExprMod()'><b>testExprMod</b><br>Test class: io.kaitai.struct.spec.TestExprMod</td>
<td></td>
<td>0</td>
<td>io.kaitai.struct.spec.TestExprMod@6f1e6003</td></tr>
<tr>
<td title='io.kaitai.struct.spec.TestExprSizeofType0.testExprSizeofType0()'><b>testExprSizeofType0</b><br>Test class: io.kaitai.struct.spec.TestExprSizeofType0</td>
<td></td>
<td>0</td>
<td>io.kaitai.struct.spec.TestExprSizeofType0@7486a1f7</td></tr>
<tr>
<td title='io.kaitai.struct.spec.TestExprSizeofType1.testExprSizeofType1()'><b>testExprSizeofType1</b><br>Test class: io.kaitai.struct.spec.TestExprSizeofType1</td>
<td></td>
<td>0</td>
<td>io.kaitai.struct.spec.TestExprSizeofType1@56c5f7c0</td></tr>
<tr>
<td title='io.kaitai.struct.spec.TestExprSizeofValue0.testExprSizeofValue0()'><b>testExprSizeofValue0</b><br>Test class: io.kaitai.struct.spec.TestExprSizeofValue0</td>
<td></td>
<td>0</td>
<td>io.kaitai.struct.spec.TestExprSizeofValue0@4a529154</td></tr>
<tr>
<td title='io.kaitai.struct.spec.TestExprSizeofValueSized.testExprSizeofValueSized()'><b>testExprSizeofValueSized</b><br>Test class: io.kaitai.struct.spec.TestExprSizeofValueSized</td>
<td></td>
<td>0</td>
<td>io.kaitai.struct.spec.TestExprSizeofValueSized@45458db</td></tr>
<tr>
<td title='io.kaitai.struct.spec.TestFixedContents.testFixedContents()'><b>testFixedContents</b><br>Test class: io.kaitai.struct.spec.TestFixedContents</td>
<td></td>
<td>0</td>
<td>io.kaitai.struct.spec.TestFixedContents@4d25c934</td></tr>
<tr>
<td title='io.kaitai.struct.spec.TestFixedStruct.testFixedStruct()'><b>testFixedStruct</b><br>Test class: io.kaitai.struct.spec.TestFixedStruct</td>
<td></td>
<td>0</td>
<td>io.kaitai.struct.spec.TestFixedStruct@72d69a74</td></tr>
<tr>
<td title='io.kaitai.struct.spec.TestFloatingPoints.testFloatingPoints()'><b>testFloatingPoints</b><br>Test class: io.kaitai.struct.spec.TestFloatingPoints</td>
<td></td>
<td>0</td>
<td>io.kaitai.struct.spec.TestFloatingPoints@4ab3b622</td></tr>
<tr>
<td title='io.kaitai.struct.spec.TestHelloWorld.testHelloWorld()'><b>testHelloWorld</b><br>Test class: io.kaitai.struct.spec.TestHelloWorld</td>
<td></td>
<td>0</td>
<td>io.kaitai.struct.spec.TestHelloWorld@62c9ab52</td></tr>
<tr>
<td title='io.kaitai.struct.spec.TestIfInstances.testIfInstances()'><b>testIfInstances</b><br>Test class: io.kaitai.struct.spec.TestIfInstances</td>
<td></td>
<td>0</td>
<td>io.kaitai.struct.spec.TestIfInstances@349403b0</td></tr>
<tr>
<td title='io.kaitai.struct.spec.TestIfStruct.testIfStruct()'><b>testIfStruct</b><br>Test class: io.kaitai.struct.spec.TestIfStruct</td>
<td></td>
<td>0</td>
<td>io.kaitai.struct.spec.TestIfStruct@54fb2274</td></tr>
<tr>
<td title='io.kaitai.struct.spec.TestIfValues.testIfValues()'><b>testIfValues</b><br>Test class: io.kaitai.struct.spec.TestIfValues</td>
<td></td>
<td>0</td>
<td>io.kaitai.struct.spec.TestIfValues@78f58a2a</td></tr>
<tr>
<td title='io.kaitai.struct.spec.TestImports0.testImports0()'><b>testImports0</b><br>Test class: io.kaitai.struct.spec.TestImports0</td>
<td></td>
<td>0</td>
<td>io.kaitai.struct.spec.TestImports0@47609a0f</td></tr>
<tr>
<td title='io.kaitai.struct.spec.TestImportsAbsAbs.testImportsAbsAbs()'><b>testImportsAbsAbs</b><br>Test class: io.kaitai.struct.spec.TestImportsAbsAbs</td>
<td></td>
<td>0</td>
<td>io.kaitai.struct.spec.TestImportsAbsAbs@6bbc9c7d</td></tr>
<tr>
<td title='io.kaitai.struct.spec.TestImportsAbsRel.testImportsAbsRel()'><b>testImportsAbsRel</b><br>Test class: io.kaitai.struct.spec.TestImportsAbsRel</td>
<td></td>
<td>0</td>
<td>io.kaitai.struct.spec.TestImportsAbsRel@56a415f2</td></tr>
<tr>
<td title='io.kaitai.struct.spec.TestImportsCircularA.testImportsCircularA()'><b>testImportsCircularA</b><br>Test class: io.kaitai.struct.spec.TestImportsCircularA</td>
<td></td>
<td>0</td>
<td>io.kaitai.struct.spec.TestImportsCircularA@346b8cd1</td></tr>
<tr>
<td title='io.kaitai.struct.spec.TestImportsRel1.testImportsRel1()'><b>testImportsRel1</b><br>Test class: io.kaitai.struct.spec.TestImportsRel1</td>
<td></td>
<td>0</td>
<td>io.kaitai.struct.spec.TestImportsRel1@2599e02a</td></tr>
<tr>
<td title='io.kaitai.struct.spec.TestIndexSizes.testIndexSizes()'><b>testIndexSizes</b><br>Test class: io.kaitai.struct.spec.TestIndexSizes</td>
<td></td>
<td>0</td>
<td>io.kaitai.struct.spec.TestIndexSizes@50dd2f2f</td></tr>
<tr>
<td title='io.kaitai.struct.spec.TestIndexToParamEos.testIndexToParamEos()'><b>testIndexToParamEos</b><br>Test class: io.kaitai.struct.spec.TestIndexToParamEos</td>
<td></td>
<td>0</td>
<td>io.kaitai.struct.spec.TestIndexToParamEos@2315e69a</td></tr>
<tr>
<td title='io.kaitai.struct.spec.TestIndexToParamExpr.testIndexToParamExpr()'><b>testIndexToParamExpr</b><br>Test class: io.kaitai.struct.spec.TestIndexToParamExpr</td>
<td></td>
<td>0</td>
<td>io.kaitai.struct.spec.TestIndexToParamExpr@bd53277</td></tr>
<tr>
<td title='io.kaitai.struct.spec.TestIndexToParamUntil.testIndexToParamUntil()'><b>testIndexToParamUntil</b><br>Test class: io.kaitai.struct.spec.TestIndexToParamUntil</td>
<td></td>
<td>0</td>
<td>io.kaitai.struct.spec.TestIndexToParamUntil@28d70e2c</td></tr>
<tr>
<td title='io.kaitai.struct.spec.TestInstanceIoUser.testInstanceIoUser()'><b>testInstanceIoUser</b><br>Test class: io.kaitai.struct.spec.TestInstanceIoUser</td>
<td></td>
<td>0</td>
<td>io.kaitai.struct.spec.TestInstanceIoUser@2bd7f521</td></tr>
<tr>
<td title='io.kaitai.struct.spec.TestInstanceStd.testInstanceStd()'><b>testInstanceStd</b><br>Test class: io.kaitai.struct.spec.TestInstanceStd</td>
<td></td>
<td>0</td>
<td>io.kaitai.struct.spec.TestInstanceStd@127fbd60</td></tr>
<tr>
<td title='io.kaitai.struct.spec.TestInstanceStdArray.testInstanceStdArray()'><b>testInstanceStdArray</b><br>Test class: io.kaitai.struct.spec.TestInstanceStdArray</td>
<td></td>
<td>0</td>
<td>io.kaitai.struct.spec.TestInstanceStdArray@49d18b8b</td></tr>
<tr>
<td title='io.kaitai.struct.spec.TestInstanceUserArray.testInstanceUserArray()'><b>testInstanceUserArray</b><br>Test class: io.kaitai.struct.spec.TestInstanceUserArray</td>
<td></td>
<td>0</td>
<td>io.kaitai.struct.spec.TestInstanceUserArray@260ec729</td></tr>
<tr>
<td title='io.kaitai.struct.spec.TestIntegers.testIntegers()'><b>testIntegers</b><br>Test class: io.kaitai.struct.spec.TestIntegers</td>
<td></td>
<td>0</td>
<td>io.kaitai.struct.spec.TestIntegers@53a7473a</td></tr>
<tr>
<td title='io.kaitai.struct.spec.TestIntegersDoubleOverflow.testIntegersDoubleOverflow()'><b>testIntegersDoubleOverflow</b><br>Test class: io.kaitai.struct.spec.TestIntegersDoubleOverflow</td>
<td></td>
<td>0</td>
<td>io.kaitai.struct.spec.TestIntegersDoubleOverflow@4bdc725b</td></tr>
<tr>
<td title='io.kaitai.struct.spec.TestIntegersMinMax.testIntegersMinMax()'><b>testIntegersMinMax</b><br>Test class: io.kaitai.struct.spec.TestIntegersMinMax</td>
<td></td>
<td>0</td>
<td>io.kaitai.struct.spec.TestIntegersMinMax@3fa497e2</td></tr>
<tr>
<td title='io.kaitai.struct.spec.TestIoLocalVar.testIoLocalVar()'><b>testIoLocalVar</b><br>Test class: io.kaitai.struct.spec.TestIoLocalVar</td>
<td></td>
<td>0</td>
<td>io.kaitai.struct.spec.TestIoLocalVar@19f46c5d</td></tr>
<tr>
<td title='io.kaitai.struct.spec.TestJsSignedRightShift.testJsSignedRightShift()'><b>testJsSignedRightShift</b><br>Test class: io.kaitai.struct.spec.TestJsSignedRightShift</td>
<td></td>
<td>0</td>
<td>io.kaitai.struct.spec.TestJsSignedRightShift@37288648</td></tr>
<tr>
<td title='io.kaitai.struct.spec.TestMetaTags.testMetaTags()'><b>testMetaTags</b><br>Test class: io.kaitai.struct.spec.TestMetaTags</td>
<td></td>
<td>0</td>
<td>io.kaitai.struct.spec.TestMetaTags@5e0cbb9</td></tr>
<tr>
<td title='io.kaitai.struct.spec.TestMetaXref.testMetaXref()'><b>testMetaXref</b><br>Test class: io.kaitai.struct.spec.TestMetaXref</td>
<td></td>
<td>0</td>
<td>io.kaitai.struct.spec.TestMetaXref@5c260a45</td></tr>
<tr>
<td title='io.kaitai.struct.spec.TestMultipleUse.testMultipleUse()'><b>testMultipleUse</b><br>Test class: io.kaitai.struct.spec.TestMultipleUse</td>
<td></td>
<td>0</td>
<td>io.kaitai.struct.spec.TestMultipleUse@1cf15d7</td></tr>
<tr>
<td title='io.kaitai.struct.spec.TestNavParent.testNavParent()'><b>testNavParent</b><br>Test class: io.kaitai.struct.spec.TestNavParent</td>
<td></td>
<td>0</td>
<td>io.kaitai.struct.spec.TestNavParent@31fa7bbf</td></tr>
<tr>
<td title='io.kaitai.struct.spec.TestNavParent2.testNavParent2()'><b>testNavParent2</b><br>Test class: io.kaitai.struct.spec.TestNavParent2</td>
<td></td>
<td>0</td>
<td>io.kaitai.struct.spec.TestNavParent2@2c12625d</td></tr>
<tr>
<td title='io.kaitai.struct.spec.TestNavParent3.testNavParent3()'><b>testNavParent3</b><br>Test class: io.kaitai.struct.spec.TestNavParent3</td>
<td></td>
<td>0</td>
<td>io.kaitai.struct.spec.TestNavParent3@67367092</td></tr>
<tr>
<td title='io.kaitai.struct.spec.TestNavParentFalse.testNavParentFalse()'><b>testNavParentFalse</b><br>Test class: io.kaitai.struct.spec.TestNavParentFalse</td>
<td></td>
<td>0</td>
<td>io.kaitai.struct.spec.TestNavParentFalse@b670fa5</td></tr>
<tr>
<td title='io.kaitai.struct.spec.TestNavParentFalse2.testNavParentFalse2()'><b>testNavParentFalse2</b><br>Test class: io.kaitai.struct.spec.TestNavParentFalse2</td>
<td></td>
<td>0</td>
<td>io.kaitai.struct.spec.TestNavParentFalse2@3ee37fa6</td></tr>
<tr>
<td title='io.kaitai.struct.spec.TestNavParentOverride.testNavParentOverride()'><b>testNavParentOverride</b><br>Test class: io.kaitai.struct.spec.TestNavParentOverride</td>
<td></td>
<td>0</td>
<td>io.kaitai.struct.spec.TestNavParentOverride@45eefc33</td></tr>
<tr>
<td title='io.kaitai.struct.spec.TestNavParentSwitch.testNavParentSwitch()'><b>testNavParentSwitch</b><br>Test class: io.kaitai.struct.spec.TestNavParentSwitch</td>
<td></td>
<td>0</td>
<td>io.kaitai.struct.spec.TestNavParentSwitch@3b74353a</td></tr>
<tr>
<td title='io.kaitai.struct.spec.TestNavParentSwitchCast.testNavParentSwitchCast()'><b>testNavParentSwitchCast</b><br>Test class: io.kaitai.struct.spec.TestNavParentSwitchCast</td>
<td></td>
<td>0</td>
<td>io.kaitai.struct.spec.TestNavParentSwitchCast@6395e579</td></tr>
<tr>
<td title='io.kaitai.struct.spec.TestNavParentVsValueInst.testNavParentVsValueInst()'><b>testNavParentVsValueInst</b><br>Test class: io.kaitai.struct.spec.TestNavParentVsValueInst</td>
<td></td>
<td>0</td>
<td>io.kaitai.struct.spec.TestNavParentVsValueInst@44a5cd0c</td></tr>
<tr>
<td title='io.kaitai.struct.spec.TestNavRoot.testNavRoot()'><b>testNavRoot</b><br>Test class: io.kaitai.struct.spec.TestNavRoot</td>
<td></td>
<td>0</td>
<td>io.kaitai.struct.spec.TestNavRoot@33d2523b</td></tr>
<tr>
<td title='io.kaitai.struct.spec.TestNestedSameName.testNestedSameName()'><b>testNestedSameName</b><br>Test class: io.kaitai.struct.spec.TestNestedSameName</td>
<td></td>
<td>0</td>
<td>io.kaitai.struct.spec.TestNestedSameName@364de63</td></tr>
<tr>
<td title='io.kaitai.struct.spec.TestNestedSameName2.testNestedSameName2()'><b>testNestedSameName2</b><br>Test class: io.kaitai.struct.spec.TestNestedSameName2</td>
<td></td>
<td>0</td>
<td>io.kaitai.struct.spec.TestNestedSameName2@6a91d382</td></tr>
<tr>
<td title='io.kaitai.struct.spec.TestNestedTypeParam.testNestedTypeParam()'><b>testNestedTypeParam</b><br>Test class: io.kaitai.struct.spec.TestNestedTypeParam</td>
<td></td>
<td>0</td>
<td>io.kaitai.struct.spec.TestNestedTypeParam@78be094b</td></tr>
<tr>
<td title='io.kaitai.struct.spec.TestNestedTypes.testNestedTypes()'><b>testNestedTypes</b><br>Test class: io.kaitai.struct.spec.TestNestedTypes</td>
<td></td>
<td>0</td>
<td>io.kaitai.struct.spec.TestNestedTypes@398c75f4</td></tr>
<tr>
<td title='io.kaitai.struct.spec.TestNestedTypes2.testNestedTypes2()'><b>testNestedTypes2</b><br>Test class: io.kaitai.struct.spec.TestNestedTypes2</td>
<td></td>
<td>0</td>
<td>io.kaitai.struct.spec.TestNestedTypes2@30591e1b</td></tr>
<tr>
<td title='io.kaitai.struct.spec.TestNestedTypes3.testNestedTypes3()'><b>testNestedTypes3</b><br>Test class: io.kaitai.struct.spec.TestNestedTypes3</td>
<td></td>
<td>0</td>
<td>io.kaitai.struct.spec.TestNestedTypes3@42a2d72e</td></tr>
<tr>
<td title='io.kaitai.struct.spec.TestNonStandard.testNonStandard()'><b>testNonStandard</b><br>Test class: io.kaitai.struct.spec.TestNonStandard</td>
<td></td>
<td>0</td>
<td>io.kaitai.struct.spec.TestNonStandard@7484c2bf</td></tr>
<tr>
<td title='io.kaitai.struct.spec.TestOpaqueExternalType.testOpaqueExternalType()'><b>testOpaqueExternalType</b><br>Test class: io.kaitai.struct.spec.TestOpaqueExternalType</td>
<td></td>
<td>0</td>
<td>io.kaitai.struct.spec.TestOpaqueExternalType@62a937ae</td></tr>
<tr>
<td title='io.kaitai.struct.spec.TestOpaqueExternalType02Parent.testOpaqueExternalType02Parent()'><b>testOpaqueExternalType02Parent</b><br>Test class: io.kaitai.struct.spec.TestOpaqueExternalType02Parent</td>
<td></td>
<td>0</td>
<td>io.kaitai.struct.spec.TestOpaqueExternalType02Parent@63041bb7</td></tr>
<tr>
<td title='io.kaitai.struct.spec.TestOpaqueWithParam.testOpaqueWithParam()'><b>testOpaqueWithParam</b><br>Test class: io.kaitai.struct.spec.TestOpaqueWithParam</td>
<td></td>
<td>0</td>
<td>io.kaitai.struct.spec.TestOpaqueWithParam@614a962e</td></tr>
<tr>
<td title='io.kaitai.struct.spec.TestOptionalId.testOptionalId()'><b>testOptionalId</b><br>Test class: io.kaitai.struct.spec.TestOptionalId</td>
<td></td>
<td>0</td>
<td>io.kaitai.struct.spec.TestOptionalId@7f745b55</td></tr>
<tr>
<td title='io.kaitai.struct.spec.TestParamsCallExtraParens.testParamsCallExtraParens()'><b>testParamsCallExtraParens</b><br>Test class: io.kaitai.struct.spec.TestParamsCallExtraParens</td>
<td></td>
<td>0</td>
<td>io.kaitai.struct.spec.TestParamsCallExtraParens@3651d7b4</td></tr>
<tr>
<td title='io.kaitai.struct.spec.TestParamsCallShort.testParamsCallShort()'><b>testParamsCallShort</b><br>Test class: io.kaitai.struct.spec.TestParamsCallShort</td>
<td></td>
<td>0</td>
<td>io.kaitai.struct.spec.TestParamsCallShort@5f0c8ac1</td></tr>
<tr>
<td title='io.kaitai.struct.spec.TestParamsDef.testParamsDef()'><b>testParamsDef</b><br>Test class: io.kaitai.struct.spec.TestParamsDef</td>
<td></td>
<td>0</td>
<td>io.kaitai.struct.spec.TestParamsDef@7e5f5681</td></tr>
<tr>
<td title='io.kaitai.struct.spec.TestParamsEnum.testParamsEnum()'><b>testParamsEnum</b><br>Test class: io.kaitai.struct.spec.TestParamsEnum</td>
<td></td>
<td>0</td>
<td>io.kaitai.struct.spec.TestParamsEnum@56ad882e</td></tr>
<tr>
<td title='io.kaitai.struct.spec.TestParamsPassArrayInt.testParamsPassArrayInt()'><b>testParamsPassArrayInt</b><br>Test class: io.kaitai.struct.spec.TestParamsPassArrayInt</td>
<td></td>
<td>0</td>
<td>io.kaitai.struct.spec.TestParamsPassArrayInt@32f39ae5</td></tr>
<tr>
<td title='io.kaitai.struct.spec.TestParamsPassArrayStr.testParamsPassArrayStr()'><b>testParamsPassArrayStr</b><br>Test class: io.kaitai.struct.spec.TestParamsPassArrayStr</td>
<td></td>
<td>0</td>
<td>io.kaitai.struct.spec.TestParamsPassArrayStr@59e428b2</td></tr>
<tr>
<td title='io.kaitai.struct.spec.TestParamsPassArrayStruct.testParamsPassArrayStruct()'><b>testParamsPassArrayStruct</b><br>Test class: io.kaitai.struct.spec.TestParamsPassArrayStruct</td>
<td></td>
<td>0</td>
<td>io.kaitai.struct.spec.TestParamsPassArrayStruct@2b29f93b</td></tr>
<tr>
<td title='io.kaitai.struct.spec.TestParamsPassArrayUsertype.testParamsPassArrayUsertype()'><b>testParamsPassArrayUsertype</b><br>Test class: io.kaitai.struct.spec.TestParamsPassArrayUsertype</td>
<td></td>
<td>0</td>
<td>io.kaitai.struct.spec.TestParamsPassArrayUsertype@4eef9712</td></tr>
<tr>
<td title='io.kaitai.struct.spec.TestParamsPassBool.testParamsPassBool()'><b>testParamsPassBool</b><br>Test class: io.kaitai.struct.spec.TestParamsPassBool</td>
<td></td>
<td>0</td>
<td>io.kaitai.struct.spec.TestParamsPassBool@1cd42fe0</td></tr>
<tr>
<td title='io.kaitai.struct.spec.TestParamsPassStruct.testParamsPassStruct()'><b>testParamsPassStruct</b><br>Test class: io.kaitai.struct.spec.TestParamsPassStruct</td>
<td></td>
<td>0</td>
<td>io.kaitai.struct.spec.TestParamsPassStruct@75c57e85</td></tr>
<tr>
<td title='io.kaitai.struct.spec.TestParamsPassUsertype.testParamsPassUsertype()'><b>testParamsPassUsertype</b><br>Test class: io.kaitai.struct.spec.TestParamsPassUsertype</td>
<td></td>
<td>0</td>
<td>io.kaitai.struct.spec.TestParamsPassUsertype@4eceb042</td></tr>
<tr>
<td title='io.kaitai.struct.spec.TestPositionAbs.testPositionAbs()'><b>testPositionAbs</b><br>Test class: io.kaitai.struct.spec.TestPositionAbs</td>
<td></td>
<td>0</td>
<td>io.kaitai.struct.spec.TestPositionAbs@2e7ccb74</td></tr>
<tr>
<td title='io.kaitai.struct.spec.TestPositionInSeq.testPositionInSeq()'><b>testPositionInSeq</b><br>Test class: io.kaitai.struct.spec.TestPositionInSeq</td>
<td></td>
<td>0</td>
<td>io.kaitai.struct.spec.TestPositionInSeq@7df65afa</td></tr>
<tr>
<td title='io.kaitai.struct.spec.TestPositionToEnd.testPositionToEnd()'><b>testPositionToEnd</b><br>Test class: io.kaitai.struct.spec.TestPositionToEnd</td>
<td></td>
<td>0</td>
<td>io.kaitai.struct.spec.TestPositionToEnd@76650cb3</td></tr>
<tr>
<td title='io.kaitai.struct.spec.TestProcessCoerceBytes.testProcessCoerceBytes()'><b>testProcessCoerceBytes</b><br>Test class: io.kaitai.struct.spec.TestProcessCoerceBytes</td>
<td></td>
<td>0</td>
<td>io.kaitai.struct.spec.TestProcessCoerceBytes@6fc757</td></tr>
<tr>
<td title='io.kaitai.struct.spec.TestProcessCoerceSwitch.testProcessCoerceSwitch()'><b>testProcessCoerceSwitch</b><br>Test class: io.kaitai.struct.spec.TestProcessCoerceSwitch</td>
<td></td>
<td>0</td>
<td>io.kaitai.struct.spec.TestProcessCoerceSwitch@3721bae0</td></tr>
<tr>
<td title='io.kaitai.struct.spec.TestProcessCoerceUsertype1.testProcessCoerceUsertype1()'><b>testProcessCoerceUsertype1</b><br>Test class: io.kaitai.struct.spec.TestProcessCoerceUsertype1</td>
<td></td>
<td>0</td>
<td>io.kaitai.struct.spec.TestProcessCoerceUsertype1@75a472e9</td></tr>
<tr>
<td title='io.kaitai.struct.spec.TestProcessCoerceUsertype2.testProcessCoerceUsertype2()'><b>testProcessCoerceUsertype2</b><br>Test class: io.kaitai.struct.spec.TestProcessCoerceUsertype2</td>
<td></td>
<td>0</td>
<td>io.kaitai.struct.spec.TestProcessCoerceUsertype2@380dc55c</td></tr>
<tr>
<td title='io.kaitai.struct.spec.TestProcessCustom.testProcessCustom()'><b>testProcessCustom</b><br>Test class: io.kaitai.struct.spec.TestProcessCustom</td>
<td></td>
<td>0</td>
<td>io.kaitai.struct.spec.TestProcessCustom@7985c1a4</td></tr>
<tr>
<td title='io.kaitai.struct.spec.TestProcessCustomNoArgs.testProcessCustomNoArgs()'><b>testProcessCustomNoArgs</b><br>Test class: io.kaitai.struct.spec.TestProcessCustomNoArgs</td>
<td></td>
<td>0</td>
<td>io.kaitai.struct.spec.TestProcessCustomNoArgs@4ca59c12</td></tr>
<tr>
<td title='io.kaitai.struct.spec.TestProcessRepeatBytes.testProcessRepeatBytes()'><b>testProcessRepeatBytes</b><br>Test class: io.kaitai.struct.spec.TestProcessRepeatBytes</td>
<td></td>
<td>0</td>
<td>io.kaitai.struct.spec.TestProcessRepeatBytes@456c6746</td></tr>
<tr>
<td title='io.kaitai.struct.spec.TestProcessRepeatUsertype.testProcessRepeatUsertype()'><b>testProcessRepeatUsertype</b><br>Test class: io.kaitai.struct.spec.TestProcessRepeatUsertype</td>
<td></td>
<td>0</td>
<td>io.kaitai.struct.spec.TestProcessRepeatUsertype@7f04eeb6</td></tr>
<tr>
<td title='io.kaitai.struct.spec.TestProcessRotate.testProcessRotate()'><b>testProcessRotate</b><br>Test class: io.kaitai.struct.spec.TestProcessRotate</td>
<td></td>
<td>0</td>
<td>io.kaitai.struct.spec.TestProcessRotate@59c86ddb</td></tr>
<tr>
<td title='io.kaitai.struct.spec.TestProcessToUser.testProcessToUser()'><b>testProcessToUser</b><br>Test class: io.kaitai.struct.spec.TestProcessToUser</td>
<td></td>
<td>0</td>
<td>io.kaitai.struct.spec.TestProcessToUser@24024ad8</td></tr>
<tr>
<td title='io.kaitai.struct.spec.TestProcessXor4Const.testProcessXor4Const()'><b>testProcessXor4Const</b><br>Test class: io.kaitai.struct.spec.TestProcessXor4Const</td>
<td></td>
<td>0</td>
<td>io.kaitai.struct.spec.TestProcessXor4Const@67c9d7e8</td></tr>
<tr>
<td title='io.kaitai.struct.spec.TestProcessXor4Value.testProcessXor4Value()'><b>testProcessXor4Value</b><br>Test class: io.kaitai.struct.spec.TestProcessXor4Value</td>
<td></td>
<td>0</td>
<td>io.kaitai.struct.spec.TestProcessXor4Value@22b7be2a</td></tr>
<tr>
<td title='io.kaitai.struct.spec.TestProcessXorConst.testProcessXorConst()'><b>testProcessXorConst</b><br>Test class: io.kaitai.struct.spec.TestProcessXorConst</td>
<td></td>
<td>0</td>
<td>io.kaitai.struct.spec.TestProcessXorConst@fa09c82</td></tr>
<tr>
<td title='io.kaitai.struct.spec.TestProcessXorValue.testProcessXorValue()'><b>testProcessXorValue</b><br>Test class: io.kaitai.struct.spec.TestProcessXorValue</td>
<td></td>
<td>0</td>
<td>io.kaitai.struct.spec.TestProcessXorValue@24ee50b4</td></tr>
<tr>
<td title='io.kaitai.struct.spec.TestRecursiveOne.testRecursiveOne()'><b>testRecursiveOne</b><br>Test class: io.kaitai.struct.spec.TestRecursiveOne</td>
<td></td>
<td>0</td>
<td>io.kaitai.struct.spec.TestRecursiveOne@14d6339c</td></tr>
<tr>
<td title='io.kaitai.struct.spec.TestRepeatEosBit.testRepeatEosBit()'><b>testRepeatEosBit</b><br>Test class: io.kaitai.struct.spec.TestRepeatEosBit</td>
<td></td>
<td>0</td>
<td>io.kaitai.struct.spec.TestRepeatEosBit@5c7a987e</td></tr>
<tr>
<td title='io.kaitai.struct.spec.TestRepeatEosStruct.testRepeatEosStruct()'><b>testRepeatEosStruct</b><br>Test class: io.kaitai.struct.spec.TestRepeatEosStruct</td>
<td></td>
<td>0</td>
<td>io.kaitai.struct.spec.TestRepeatEosStruct@238c1333</td></tr>
<tr>
<td title='io.kaitai.struct.spec.TestRepeatEosU4.testRepeatEosU4()'><b>testRepeatEosU4</b><br>Test class: io.kaitai.struct.spec.TestRepeatEosU4</td>
<td></td>
<td>0</td>
<td>io.kaitai.struct.spec.TestRepeatEosU4@1ac7b077</td></tr>
<tr>
<td title='io.kaitai.struct.spec.TestRepeatNStruct.testRepeatNStruct()'><b>testRepeatNStruct</b><br>Test class: io.kaitai.struct.spec.TestRepeatNStruct</td>
<td></td>
<td>0</td>
<td>io.kaitai.struct.spec.TestRepeatNStruct@5c1a1cb1</td></tr>
<tr>
<td title='io.kaitai.struct.spec.TestRepeatNStrz.testRepeatNStrz()'><b>testRepeatNStrz</b><br>Test class: io.kaitai.struct.spec.TestRepeatNStrz</td>
<td></td>
<td>0</td>
<td>io.kaitai.struct.spec.TestRepeatNStrz@3d959415</td></tr>
<tr>
<td title='io.kaitai.struct.spec.TestRepeatNStrzDouble.testRepeatNStrzDouble()'><b>testRepeatNStrzDouble</b><br>Test class: io.kaitai.struct.spec.TestRepeatNStrzDouble</td>
<td></td>
<td>0</td>
<td>io.kaitai.struct.spec.TestRepeatNStrzDouble@4e64fca0</td></tr>
<tr>
<td title='io.kaitai.struct.spec.TestRepeatUntilCalcArrayType.testRepeatUntilCalcArrayType()'><b>testRepeatUntilCalcArrayType</b><br>Test class: io.kaitai.struct.spec.TestRepeatUntilCalcArrayType</td>
<td></td>
<td>0</td>
<td>io.kaitai.struct.spec.TestRepeatUntilCalcArrayType@773e467</td></tr>
<tr>
<td title='io.kaitai.struct.spec.TestRepeatUntilComplex.testRepeatUntilComplex()'><b>testRepeatUntilComplex</b><br>Test class: io.kaitai.struct.spec.TestRepeatUntilComplex</td>
<td></td>
<td>0</td>
<td>io.kaitai.struct.spec.TestRepeatUntilComplex@3069b5a7</td></tr>
<tr>
<td title='io.kaitai.struct.spec.TestRepeatUntilS4.testRepeatUntilS4()'><b>testRepeatUntilS4</b><br>Test class: io.kaitai.struct.spec.TestRepeatUntilS4</td>
<td></td>
<td>0</td>
<td>io.kaitai.struct.spec.TestRepeatUntilS4@2e9329e9</td></tr>
<tr>
<td title='io.kaitai.struct.spec.TestRepeatUntilSized.testRepeatUntilSized()'><b>testRepeatUntilSized</b><br>Test class: io.kaitai.struct.spec.TestRepeatUntilSized</td>
<td></td>
<td>0</td>
<td>io.kaitai.struct.spec.TestRepeatUntilSized@7a8e6dae</td></tr>
<tr>
<td title='io.kaitai.struct.spec.TestStrEncodings.testStrEncodings()'><b>testStrEncodings</b><br>Test class: io.kaitai.struct.spec.TestStrEncodings</td>
<td></td>
<td>0</td>
<td>io.kaitai.struct.spec.TestStrEncodings@617e32c7</td></tr>
<tr>
<td title='io.kaitai.struct.spec.TestStrEncodingsDefault.testStrEncodingsDefault()'><b>testStrEncodingsDefault</b><br>Test class: io.kaitai.struct.spec.TestStrEncodingsDefault</td>
<td></td>
<td>0</td>
<td>io.kaitai.struct.spec.TestStrEncodingsDefault@8811c52</td></tr>
<tr>
<td title='io.kaitai.struct.spec.TestStrEos.testStrEos()'><b>testStrEos</b><br>Test class: io.kaitai.struct.spec.TestStrEos</td>
<td></td>
<td>0</td>
<td>io.kaitai.struct.spec.TestStrEos@53443752</td></tr>
<tr>
<td title='io.kaitai.struct.spec.TestStrLiterals.testStrLiterals()'><b>testStrLiterals</b><br>Test class: io.kaitai.struct.spec.TestStrLiterals</td>
<td></td>
<td>0</td>
<td>io.kaitai.struct.spec.TestStrLiterals@60c9e03</td></tr>
<tr>
<td title='io.kaitai.struct.spec.TestStrLiterals2.testStrLiterals2()'><b>testStrLiterals2</b><br>Test class: io.kaitai.struct.spec.TestStrLiterals2</td>
<td></td>
<td>0</td>
<td>io.kaitai.struct.spec.TestStrLiterals2@75d7db45</td></tr>
<tr>
<td title='io.kaitai.struct.spec.TestStrPadTerm.testStrPadTerm()'><b>testStrPadTerm</b><br>Test class: io.kaitai.struct.spec.TestStrPadTerm</td>
<td></td>
<td>0</td>
<td>io.kaitai.struct.spec.TestStrPadTerm@4587fd42</td></tr>
<tr>
<td title='io.kaitai.struct.spec.TestStrPadTermEmpty.testStrPadTermEmpty()'><b>testStrPadTermEmpty</b><br>Test class: io.kaitai.struct.spec.TestStrPadTermEmpty</td>
<td></td>
<td>0</td>
<td>io.kaitai.struct.spec.TestStrPadTermEmpty@1cc2f95e</td></tr>
<tr>
<td title='io.kaitai.struct.spec.TestSwitchBytearray.testSwitchBytearray()'><b>testSwitchBytearray</b><br>Test class: io.kaitai.struct.spec.TestSwitchBytearray</td>
<td></td>
<td>0</td>
<td>io.kaitai.struct.spec.TestSwitchBytearray@38cf13b1</td></tr>
<tr>
<td title='io.kaitai.struct.spec.TestSwitchCast.testSwitchCast()'><b>testSwitchCast</b><br>Test class: io.kaitai.struct.spec.TestSwitchCast</td>
<td></td>
<td>0</td>
<td>io.kaitai.struct.spec.TestSwitchCast@1a19b81</td></tr>
<tr>
<td title='io.kaitai.struct.spec.TestSwitchElseOnly.testSwitchElseOnly()'><b>testSwitchElseOnly</b><br>Test class: io.kaitai.struct.spec.TestSwitchElseOnly</td>
<td></td>
<td>0</td>
<td>io.kaitai.struct.spec.TestSwitchElseOnly@5386b31c</td></tr>
<tr>
<td title='io.kaitai.struct.spec.TestSwitchIntegers.testSwitchIntegers()'><b>testSwitchIntegers</b><br>Test class: io.kaitai.struct.spec.TestSwitchIntegers</td>
<td></td>
<td>0</td>
<td>io.kaitai.struct.spec.TestSwitchIntegers@22ae3010</td></tr>
<tr>
<td title='io.kaitai.struct.spec.TestSwitchIntegers2.testSwitchIntegers2()'><b>testSwitchIntegers2</b><br>Test class: io.kaitai.struct.spec.TestSwitchIntegers2</td>
<td></td>
<td>0</td>
<td>io.kaitai.struct.spec.TestSwitchIntegers2@2f79b905</td></tr>
<tr>
<td title='io.kaitai.struct.spec.TestSwitchManualEnum.testSwitchManualEnum()'><b>testSwitchManualEnum</b><br>Test class: io.kaitai.struct.spec.TestSwitchManualEnum</td>
<td></td>
<td>0</td>
<td>io.kaitai.struct.spec.TestSwitchManualEnum@5673484d</td></tr>
<tr>
<td title='io.kaitai.struct.spec.TestSwitchManualEnumInvalid.testSwitchManualEnumInvalid()'><b>testSwitchManualEnumInvalid</b><br>Test class: io.kaitai.struct.spec.TestSwitchManualEnumInvalid</td>
<td></td>
<td>0</td>
<td>io.kaitai.struct.spec.TestSwitchManualEnumInvalid@a1d03ef</td></tr>
<tr>
<td title='io.kaitai.struct.spec.TestSwitchManualEnumInvalidElse.testSwitchManualEnumInvalidElse()'><b>testSwitchManualEnumInvalidElse</b><br>Test class: io.kaitai.struct.spec.TestSwitchManualEnumInvalidElse</td>
<td></td>
<td>0</td>
<td>io.kaitai.struct.spec.TestSwitchManualEnumInvalidElse@106305aa</td></tr>
<tr>
<td title='io.kaitai.struct.spec.TestSwitchManualInt.testSwitchManualInt()'><b>testSwitchManualInt</b><br>Test class: io.kaitai.struct.spec.TestSwitchManualInt</td>
<td></td>
<td>0</td>
<td>io.kaitai.struct.spec.TestSwitchManualInt@6138f209</td></tr>
<tr>
<td title='io.kaitai.struct.spec.TestSwitchManualIntElse.testSwitchManualIntElse()'><b>testSwitchManualIntElse</b><br>Test class: io.kaitai.struct.spec.TestSwitchManualIntElse</td>
<td></td>
<td>0</td>
<td>io.kaitai.struct.spec.TestSwitchManualIntElse@ca9890e</td></tr>
<tr>
<td title='io.kaitai.struct.spec.TestSwitchManualIntSize.testSwitchManualIntSize()'><b>testSwitchManualIntSize</b><br>Test class: io.kaitai.struct.spec.TestSwitchManualIntSize</td>
<td></td>
<td>0</td>
<td>io.kaitai.struct.spec.TestSwitchManualIntSize@2f5ca208</td></tr>
<tr>
<td title='io.kaitai.struct.spec.TestSwitchManualIntSizeElse.testSwitchManualIntSizeElse()'><b>testSwitchManualIntSizeElse</b><br>Test class: io.kaitai.struct.spec.TestSwitchManualIntSizeElse</td>
<td></td>
<td>0</td>
<td>io.kaitai.struct.spec.TestSwitchManualIntSizeElse@7aff13d7</td></tr>
<tr>
<td title='io.kaitai.struct.spec.TestSwitchManualIntSizeEos.testSwitchManualIntSizeEos()'><b>testSwitchManualIntSizeEos</b><br>Test class: io.kaitai.struct.spec.TestSwitchManualIntSizeEos</td>
<td></td>
<td>0</td>
<td>io.kaitai.struct.spec.TestSwitchManualIntSizeEos@619a5ebc</td></tr>
<tr>
<td title='io.kaitai.struct.spec.TestSwitchManualStr.testSwitchManualStr()'><b>testSwitchManualStr</b><br>Test class: io.kaitai.struct.spec.TestSwitchManualStr</td>
<td></td>
<td>0</td>
<td>io.kaitai.struct.spec.TestSwitchManualStr@4f2d12e6</td></tr>
<tr>
<td title='io.kaitai.struct.spec.TestSwitchManualStrElse.testSwitchManualStrElse()'><b>testSwitchManualStrElse</b><br>Test class: io.kaitai.struct.spec.TestSwitchManualStrElse</td>
<td></td>
<td>0</td>
<td>io.kaitai.struct.spec.TestSwitchManualStrElse@3e5052b9</td></tr>
<tr>
<td title='io.kaitai.struct.spec.TestSwitchMultiBoolOps.testSwitchMultiBoolOps()'><b>testSwitchMultiBoolOps</b><br>Test class: io.kaitai.struct.spec.TestSwitchMultiBoolOps</td>
<td></td>
<td>0</td>
<td>io.kaitai.struct.spec.TestSwitchMultiBoolOps@8ba2fae</td></tr>
<tr>
<td title='io.kaitai.struct.spec.TestSwitchRepeatExpr.testSwitchRepeatExpr()'><b>testSwitchRepeatExpr</b><br>Test class: io.kaitai.struct.spec.TestSwitchRepeatExpr</td>
<td></td>
<td>0</td>
<td>io.kaitai.struct.spec.TestSwitchRepeatExpr@2718b62e</td></tr>
<tr>
<td title='io.kaitai.struct.spec.TestSwitchRepeatExprInvalid.testSwitchRepeatExprInvalid()'><b>testSwitchRepeatExprInvalid</b><br>Test class: io.kaitai.struct.spec.TestSwitchRepeatExprInvalid</td>
<td></td>
<td>0</td>
<td>io.kaitai.struct.spec.TestSwitchRepeatExprInvalid@1833e2a6</td></tr>
<tr>
<td title='io.kaitai.struct.spec.TestTermBytes.testTermBytes()'><b>testTermBytes</b><br>Test class: io.kaitai.struct.spec.TestTermBytes</td>
<td></td>
<td>0</td>
<td>io.kaitai.struct.spec.TestTermBytes@76ed4518</td></tr>
<tr>
<td title='io.kaitai.struct.spec.TestTermStrz.testTermStrz()'><b>testTermStrz</b><br>Test class: io.kaitai.struct.spec.TestTermStrz</td>
<td></td>
<td>0</td>
<td>io.kaitai.struct.spec.TestTermStrz@173e4a85</td></tr>
<tr>
<td title='io.kaitai.struct.spec.TestTsPacketHeader.testTsPacketHeader()'><b>testTsPacketHeader</b><br>Test class: io.kaitai.struct.spec.TestTsPacketHeader</td>
<td></td>
<td>0</td>
<td>io.kaitai.struct.spec.TestTsPacketHeader@15a58470</td></tr>
<tr>
<td title='io.kaitai.struct.spec.TestTypeIntUnaryOp.testTypeIntUnaryOp()'><b>testTypeIntUnaryOp</b><br>Test class: io.kaitai.struct.spec.TestTypeIntUnaryOp</td>
<td></td>
<td>0</td>
<td>io.kaitai.struct.spec.TestTypeIntUnaryOp@546a4fda</td></tr>
<tr>
<td title='io.kaitai.struct.spec.TestTypeTernary.testTypeTernary()'><b>testTypeTernary</b><br>Test class: io.kaitai.struct.spec.TestTypeTernary</td>
<td></td>
<td>0</td>
<td>io.kaitai.struct.spec.TestTypeTernary@7652a27d</td></tr>
<tr>
<td title='io.kaitai.struct.spec.TestTypeTernaryOpaque.testTypeTernaryOpaque()'><b>testTypeTernaryOpaque</b><br>Test class: io.kaitai.struct.spec.TestTypeTernaryOpaque</td>
<td></td>
<td>0</td>
<td>io.kaitai.struct.spec.TestTypeTernaryOpaque@4ff04845</td></tr>
<tr>
<td title='io.kaitai.struct.spec.TestUserType.testUserType()'><b>testUserType</b><br>Test class: io.kaitai.struct.spec.TestUserType</td>
<td></td>
<td>0</td>
<td>io.kaitai.struct.spec.TestUserType@57c9999f</td></tr>
<tr>
<td title='io.kaitai.struct.spec.TestValidFailAnyofInt.testValidFailAnyofInt()'><b>testValidFailAnyofInt</b><br>Test class: io.kaitai.struct.spec.TestValidFailAnyofInt</td>
<td><div><pre>io.kaitai.struct.KaitaiStream$ValidationNotAnyOfError: /seq/0: at pos 1: validation failed: not any of the list, got 80
	at io.kaitai.struct.testformats.ValidFailAnyofInt._read(ValidFailAnyofInt.java:32)
	at io.kaitai.struct.testformats.ValidFailAnyofInt.&lt;init&gt;(ValidFailAnyofInt.java:27)
	at io.kaitai.struct.testformats.ValidFailAnyofInt.&lt;init&gt;(ValidFailAnyofInt.java:16)
	at io.kaitai.struct.testformats.ValidFailAnyofInt.fromFile(ValidFailAnyofInt.java:12)
	at io.kaitai.struct.spec.TestValidFailAnyofInt.testValidFailAnyofInt(TestValidFailAnyofInt.java:13)
... Removed 23 stack frames</pre></div><a href='#' onClick='toggleBox("stack-trace22630284", this, "Click to show all stack frames", "Click to hide stack frames")'>Click to show all stack frames</a>
<div class='stack-trace' id='stack-trace22630284'><pre>io.kaitai.struct.KaitaiStream$ValidationNotAnyOfError: /seq/0: at pos 1: validation failed: not any of the list, got 80
	at io.kaitai.struct.testformats.ValidFailAnyofInt._read(ValidFailAnyofInt.java:32)
	at io.kaitai.struct.testformats.ValidFailAnyofInt.&lt;init&gt;(ValidFailAnyofInt.java:27)
	at io.kaitai.struct.testformats.ValidFailAnyofInt.&lt;init&gt;(ValidFailAnyofInt.java:16)
	at io.kaitai.struct.testformats.ValidFailAnyofInt.fromFile(ValidFailAnyofInt.java:12)
	at io.kaitai.struct.spec.TestValidFailAnyofInt.testValidFailAnyofInt(TestValidFailAnyofInt.java:13)
	at sun.reflect.NativeMethodAccessorImpl.invoke0(Native Method)
	at sun.reflect.NativeMethodAccessorImpl.invoke(NativeMethodAccessorImpl.java:57)
	at sun.reflect.DelegatingMethodAccessorImpl.invoke(DelegatingMethodAccessorImpl.java:43)
	at java.lang.reflect.Method.invoke(Method.java:606)
	at org.testng.internal.MethodInvocationHelper.invokeMethod(MethodInvocationHelper.java:86)
	at org.testng.internal.Invoker.invokeMethod(Invoker.java:643)
	at org.testng.internal.Invoker.invokeTestMethod(Invoker.java:820)
	at org.testng.internal.Invoker.invokeTestMethods(Invoker.java:1128)
	at org.testng.internal.TestMethodWorker.invokeTestMethods(TestMethodWorker.java:129)
	at org.testng.internal.TestMethodWorker.run(TestMethodWorker.java:112)
	at org.testng.TestRunner.privateRun(TestRunner.java:782)
	at org.testng.TestRunner.run(TestRunner.java:632)
	at org.testng.SuiteRunner.runTest(SuiteRunner.java:366)
	at org.testng.SuiteRunner.runSequentially(SuiteRunner.java:361)
	at org.testng.SuiteRunner.privateRun(SuiteRunner.java:319)
	at org.testng.SuiteRunner.run(SuiteRunner.java:268)
	at org.testng.SuiteRunnerWorker.runSuite(SuiteRunnerWorker.java:52)
	at org.testng.SuiteRunnerWorker.run(SuiteRunnerWorker.java:86)
	at org.testng.TestNG.runSuitesSequentially(TestNG.java:1244)
	at org.testng.TestNG.runSuitesLocally(TestNG.java:1169)
	at org.testng.TestNG.run(TestNG.java:1064)
	at org.testng.TestNG.privateMain(TestNG.java:1385)
	at org.testng.TestNG.main(TestNG.java:1354)
</pre></div></td>
<td>0</td>
<td>io.kaitai.struct.spec.TestValidFailAnyofInt@798322d1</td></tr>
<tr>
<td title='io.kaitai.struct.spec.TestValidFailContents.testValidFailContents()'><b>testValidFailContents</b><br>Test class: io.kaitai.struct.spec.TestValidFailContents</td>
<td><div><pre>io.kaitai.struct.KaitaiStream$ValidationNotEqualError: /seq/0: at pos 2: validation failed: not equal, expected [51 41], but got [50 41]
	at io.kaitai.struct.testformats.ValidFailContents._read(ValidFailContents.java:33)
	at io.kaitai.struct.testformats.ValidFailContents.&lt;init&gt;(ValidFailContents.java:28)
	at io.kaitai.struct.testformats.ValidFailContents.&lt;init&gt;(ValidFailContents.java:17)
	at io.kaitai.struct.testformats.ValidFailContents.fromFile(ValidFailContents.java:13)
	at io.kaitai.struct.spec.TestValidFailContents.testValidFailContents(TestValidFailContents.java:13)
... Removed 23 stack frames</pre></div><a href='#' onClick='toggleBox("stack-trace1512510175", this, "Click to show all stack frames", "Click to hide stack frames")'>Click to show all stack frames</a>
<div class='stack-trace' id='stack-trace1512510175'><pre>io.kaitai.struct.KaitaiStream$ValidationNotEqualError: /seq/0: at pos 2: validation failed: not equal, expected [51 41], but got [50 41]
	at io.kaitai.struct.testformats.ValidFailContents._read(ValidFailContents.java:33)
	at io.kaitai.struct.testformats.ValidFailContents.&lt;init&gt;(ValidFailContents.java:28)
	at io.kaitai.struct.testformats.ValidFailContents.&lt;init&gt;(ValidFailContents.java:17)
	at io.kaitai.struct.testformats.ValidFailContents.fromFile(ValidFailContents.java:13)
	at io.kaitai.struct.spec.TestValidFailContents.testValidFailContents(TestValidFailContents.java:13)
	at sun.reflect.NativeMethodAccessorImpl.invoke0(Native Method)
	at sun.reflect.NativeMethodAccessorImpl.invoke(NativeMethodAccessorImpl.java:57)
	at sun.reflect.DelegatingMethodAccessorImpl.invoke(DelegatingMethodAccessorImpl.java:43)
	at java.lang.reflect.Method.invoke(Method.java:606)
	at org.testng.internal.MethodInvocationHelper.invokeMethod(MethodInvocationHelper.java:86)
	at org.testng.internal.Invoker.invokeMethod(Invoker.java:643)
	at org.testng.internal.Invoker.invokeTestMethod(Invoker.java:820)
	at org.testng.internal.Invoker.invokeTestMethods(Invoker.java:1128)
	at org.testng.internal.TestMethodWorker.invokeTestMethods(TestMethodWorker.java:129)
	at org.testng.internal.TestMethodWorker.run(TestMethodWorker.java:112)
	at org.testng.TestRunner.privateRun(TestRunner.java:782)
	at org.testng.TestRunner.run(TestRunner.java:632)
	at org.testng.SuiteRunner.runTest(SuiteRunner.java:366)
	at org.testng.SuiteRunner.runSequentially(SuiteRunner.java:361)
	at org.testng.SuiteRunner.privateRun(SuiteRunner.java:319)
	at org.testng.SuiteRunner.run(SuiteRunner.java:268)
	at org.testng.SuiteRunnerWorker.runSuite(SuiteRunnerWorker.java:52)
	at org.testng.SuiteRunnerWorker.run(SuiteRunnerWorker.java:86)
	at org.testng.TestNG.runSuitesSequentially(TestNG.java:1244)
	at org.testng.TestNG.runSuitesLocally(TestNG.java:1169)
	at org.testng.TestNG.run(TestNG.java:1064)
	at org.testng.TestNG.privateMain(TestNG.java:1385)
	at org.testng.TestNG.main(TestNG.java:1354)
</pre></div></td>
<td>0</td>
<td>io.kaitai.struct.spec.TestValidFailContents@49982a03</td></tr>
<tr>
<td title='io.kaitai.struct.spec.TestValidFailEqBytes.testValidFailEqBytes()'><b>testValidFailEqBytes</b><br>Test class: io.kaitai.struct.spec.TestValidFailEqBytes</td>
<td><div><pre>io.kaitai.struct.KaitaiStream$ValidationNotEqualError: /seq/0: at pos 2: validation failed: not equal, expected [51 41], but got [50 41]
	at io.kaitai.struct.testformats.ValidFailEqBytes._read(ValidFailEqBytes.java:33)
	at io.kaitai.struct.testformats.ValidFailEqBytes.&lt;init&gt;(ValidFailEqBytes.java:28)
	at io.kaitai.struct.testformats.ValidFailEqBytes.&lt;init&gt;(ValidFailEqBytes.java:17)
	at io.kaitai.struct.testformats.ValidFailEqBytes.fromFile(ValidFailEqBytes.java:13)
	at io.kaitai.struct.spec.TestValidFailEqBytes.testValidFailEqBytes(TestValidFailEqBytes.java:13)
... Removed 23 stack frames</pre></div><a href='#' onClick='toggleBox("stack-trace354037991", this, "Click to show all stack frames", "Click to hide stack frames")'>Click to show all stack frames</a>
<div class='stack-trace' id='stack-trace354037991'><pre>io.kaitai.struct.KaitaiStream$ValidationNotEqualError: /seq/0: at pos 2: validation failed: not equal, expected [51 41], but got [50 41]
	at io.kaitai.struct.testformats.ValidFailEqBytes._read(ValidFailEqBytes.java:33)
	at io.kaitai.struct.testformats.ValidFailEqBytes.&lt;init&gt;(ValidFailEqBytes.java:28)
	at io.kaitai.struct.testformats.ValidFailEqBytes.&lt;init&gt;(ValidFailEqBytes.java:17)
	at io.kaitai.struct.testformats.ValidFailEqBytes.fromFile(ValidFailEqBytes.java:13)
	at io.kaitai.struct.spec.TestValidFailEqBytes.testValidFailEqBytes(TestValidFailEqBytes.java:13)
	at sun.reflect.NativeMethodAccessorImpl.invoke0(Native Method)
	at sun.reflect.NativeMethodAccessorImpl.invoke(NativeMethodAccessorImpl.java:57)
	at sun.reflect.DelegatingMethodAccessorImpl.invoke(DelegatingMethodAccessorImpl.java:43)
	at java.lang.reflect.Method.invoke(Method.java:606)
	at org.testng.internal.MethodInvocationHelper.invokeMethod(MethodInvocationHelper.java:86)
	at org.testng.internal.Invoker.invokeMethod(Invoker.java:643)
	at org.testng.internal.Invoker.invokeTestMethod(Invoker.java:820)
	at org.testng.internal.Invoker.invokeTestMethods(Invoker.java:1128)
	at org.testng.internal.TestMethodWorker.invokeTestMethods(TestMethodWorker.java:129)
	at org.testng.internal.TestMethodWorker.run(TestMethodWorker.java:112)
	at org.testng.TestRunner.privateRun(TestRunner.java:782)
	at org.testng.TestRunner.run(TestRunner.java:632)
	at org.testng.SuiteRunner.runTest(SuiteRunner.java:366)
	at org.testng.SuiteRunner.runSequentially(SuiteRunner.java:361)
	at org.testng.SuiteRunner.privateRun(SuiteRunner.java:319)
	at org.testng.SuiteRunner.run(SuiteRunner.java:268)
	at org.testng.SuiteRunnerWorker.runSuite(SuiteRunnerWorker.java:52)
	at org.testng.SuiteRunnerWorker.run(SuiteRunnerWorker.java:86)
	at org.testng.TestNG.runSuitesSequentially(TestNG.java:1244)
	at org.testng.TestNG.runSuitesLocally(TestNG.java:1169)
	at org.testng.TestNG.run(TestNG.java:1064)
	at org.testng.TestNG.privateMain(TestNG.java:1385)
	at org.testng.TestNG.main(TestNG.java:1354)
</pre></div></td>
<td>0</td>
<td>io.kaitai.struct.spec.TestValidFailEqBytes@2437d8d2</td></tr>
<tr>
<td title='io.kaitai.struct.spec.TestValidFailEqInt.testValidFailEqInt()'><b>testValidFailEqInt</b><br>Test class: io.kaitai.struct.spec.TestValidFailEqInt</td>
<td><div><pre>io.kaitai.struct.KaitaiStream$ValidationNotEqualError: /seq/0: at pos 1: validation failed: not equal, expected 123, but got 80
	at io.kaitai.struct.testformats.ValidFailEqInt._read(ValidFailEqInt.java:32)
	at io.kaitai.struct.testformats.ValidFailEqInt.&lt;init&gt;(ValidFailEqInt.java:27)
	at io.kaitai.struct.testformats.ValidFailEqInt.&lt;init&gt;(ValidFailEqInt.java:16)
	at io.kaitai.struct.testformats.ValidFailEqInt.fromFile(ValidFailEqInt.java:12)
	at io.kaitai.struct.spec.TestValidFailEqInt.testValidFailEqInt(TestValidFailEqInt.java:13)
... Removed 23 stack frames</pre></div><a href='#' onClick='toggleBox("stack-trace490743956", this, "Click to show all stack frames", "Click to hide stack frames")'>Click to show all stack frames</a>
<div class='stack-trace' id='stack-trace490743956'><pre>io.kaitai.struct.KaitaiStream$ValidationNotEqualError: /seq/0: at pos 1: validation failed: not equal, expected 123, but got 80
	at io.kaitai.struct.testformats.ValidFailEqInt._read(ValidFailEqInt.java:32)
	at io.kaitai.struct.testformats.ValidFailEqInt.&lt;init&gt;(ValidFailEqInt.java:27)
	at io.kaitai.struct.testformats.ValidFailEqInt.&lt;init&gt;(ValidFailEqInt.java:16)
	at io.kaitai.struct.testformats.ValidFailEqInt.fromFile(ValidFailEqInt.java:12)
	at io.kaitai.struct.spec.TestValidFailEqInt.testValidFailEqInt(TestValidFailEqInt.java:13)
	at sun.reflect.NativeMethodAccessorImpl.invoke0(Native Method)
	at sun.reflect.NativeMethodAccessorImpl.invoke(NativeMethodAccessorImpl.java:57)
	at sun.reflect.DelegatingMethodAccessorImpl.invoke(DelegatingMethodAccessorImpl.java:43)
	at java.lang.reflect.Method.invoke(Method.java:606)
	at org.testng.internal.MethodInvocationHelper.invokeMethod(MethodInvocationHelper.java:86)
	at org.testng.internal.Invoker.invokeMethod(Invoker.java:643)
	at org.testng.internal.Invoker.invokeTestMethod(Invoker.java:820)
	at org.testng.internal.Invoker.invokeTestMethods(Invoker.java:1128)
	at org.testng.internal.TestMethodWorker.invokeTestMethods(TestMethodWorker.java:129)
	at org.testng.internal.TestMethodWorker.run(TestMethodWorker.java:112)
	at org.testng.TestRunner.privateRun(TestRunner.java:782)
	at org.testng.TestRunner.run(TestRunner.java:632)
	at org.testng.SuiteRunner.runTest(SuiteRunner.java:366)
	at org.testng.SuiteRunner.runSequentially(SuiteRunner.java:361)
	at org.testng.SuiteRunner.privateRun(SuiteRunner.java:319)
	at org.testng.SuiteRunner.run(SuiteRunner.java:268)
	at org.testng.SuiteRunnerWorker.runSuite(SuiteRunnerWorker.java:52)
	at org.testng.SuiteRunnerWorker.run(SuiteRunnerWorker.java:86)
	at org.testng.TestNG.runSuitesSequentially(TestNG.java:1244)
	at org.testng.TestNG.runSuitesLocally(TestNG.java:1169)
	at org.testng.TestNG.run(TestNG.java:1064)
	at org.testng.TestNG.privateMain(TestNG.java:1385)
	at org.testng.TestNG.main(TestNG.java:1354)
</pre></div></td>
<td>0</td>
<td>io.kaitai.struct.spec.TestValidFailEqInt@194bf8af</td></tr>
<tr>
<td title='io.kaitai.struct.spec.TestValidFailExpr.testValidFailExpr()'><b>testValidFailExpr</b><br>Test class: io.kaitai.struct.spec.TestValidFailExpr</td>
<td><div><pre>io.kaitai.struct.KaitaiStream$ValidationExprError: /seq/1: at pos 3: validation failed: not matching the expression, got -190
	at io.kaitai.struct.testformats.ValidFailExpr._read(ValidFailExpr.java:41)
	at io.kaitai.struct.testformats.ValidFailExpr.&lt;init&gt;(ValidFailExpr.java:27)
	at io.kaitai.struct.testformats.ValidFailExpr.&lt;init&gt;(ValidFailExpr.java:16)
	at io.kaitai.struct.testformats.ValidFailExpr.fromFile(ValidFailExpr.java:12)
	at io.kaitai.struct.spec.TestValidFailExpr.testValidFailExpr(TestValidFailExpr.java:13)
... Removed 23 stack frames</pre></div><a href='#' onClick='toggleBox("stack-trace787044978", this, "Click to show all stack frames", "Click to hide stack frames")'>Click to show all stack frames</a>
<div class='stack-trace' id='stack-trace787044978'><pre>io.kaitai.struct.KaitaiStream$ValidationExprError: /seq/1: at pos 3: validation failed: not matching the expression, got -190
	at io.kaitai.struct.testformats.ValidFailExpr._read(ValidFailExpr.java:41)
	at io.kaitai.struct.testformats.ValidFailExpr.&lt;init&gt;(ValidFailExpr.java:27)
	at io.kaitai.struct.testformats.ValidFailExpr.&lt;init&gt;(ValidFailExpr.java:16)
	at io.kaitai.struct.testformats.ValidFailExpr.fromFile(ValidFailExpr.java:12)
	at io.kaitai.struct.spec.TestValidFailExpr.testValidFailExpr(TestValidFailExpr.java:13)
	at sun.reflect.NativeMethodAccessorImpl.invoke0(Native Method)
	at sun.reflect.NativeMethodAccessorImpl.invoke(NativeMethodAccessorImpl.java:57)
	at sun.reflect.DelegatingMethodAccessorImpl.invoke(DelegatingMethodAccessorImpl.java:43)
	at java.lang.reflect.Method.invoke(Method.java:606)
	at org.testng.internal.MethodInvocationHelper.invokeMethod(MethodInvocationHelper.java:86)
	at org.testng.internal.Invoker.invokeMethod(Invoker.java:643)
	at org.testng.internal.Invoker.invokeTestMethod(Invoker.java:820)
	at org.testng.internal.Invoker.invokeTestMethods(Invoker.java:1128)
	at org.testng.internal.TestMethodWorker.invokeTestMethods(TestMethodWorker.java:129)
	at org.testng.internal.TestMethodWorker.run(TestMethodWorker.java:112)
	at org.testng.TestRunner.privateRun(TestRunner.java:782)
	at org.testng.TestRunner.run(TestRunner.java:632)
	at org.testng.SuiteRunner.runTest(SuiteRunner.java:366)
	at org.testng.SuiteRunner.runSequentially(SuiteRunner.java:361)
	at org.testng.SuiteRunner.privateRun(SuiteRunner.java:319)
	at org.testng.SuiteRunner.run(SuiteRunner.java:268)
	at org.testng.SuiteRunnerWorker.runSuite(SuiteRunnerWorker.java:52)
	at org.testng.SuiteRunnerWorker.run(SuiteRunnerWorker.java:86)
	at org.testng.TestNG.runSuitesSequentially(TestNG.java:1244)
	at org.testng.TestNG.runSuitesLocally(TestNG.java:1169)
	at org.testng.TestNG.run(TestNG.java:1064)
	at org.testng.TestNG.privateMain(TestNG.java:1385)
	at org.testng.TestNG.main(TestNG.java:1354)
</pre></div></td>
<td>0</td>
<td>io.kaitai.struct.spec.TestValidFailExpr@30186ad2</td></tr>
<tr>
<td title='io.kaitai.struct.spec.TestValidFailInst.testValidFailInst()'><b>testValidFailInst</b><br>Test class: io.kaitai.struct.spec.TestValidFailInst</td>
<td><div><pre>io.kaitai.struct.KaitaiStream$ValidationNotEqualError: /instances/inst: at pos 0: validation failed: not equal, expected 80, but got 49
	at io.kaitai.struct.testformats.ValidFailInst.inst(ValidFailInst.java:43)
	at io.kaitai.struct.testformats.ValidFailInst._read(ValidFailInst.java:30)
	at io.kaitai.struct.testformats.ValidFailInst.&lt;init&gt;(ValidFailInst.java:27)
	at io.kaitai.struct.testformats.ValidFailInst.&lt;init&gt;(ValidFailInst.java:16)
	at io.kaitai.struct.testformats.ValidFailInst.fromFile(ValidFailInst.java:12)
	at io.kaitai.struct.spec.TestValidFailInst.testValidFailInst(TestValidFailInst.java:13)
... Removed 23 stack frames</pre></div><a href='#' onClick='toggleBox("stack-trace1351441437", this, "Click to show all stack frames", "Click to hide stack frames")'>Click to show all stack frames</a>
<div class='stack-trace' id='stack-trace1351441437'><pre>io.kaitai.struct.KaitaiStream$ValidationNotEqualError: /instances/inst: at pos 0: validation failed: not equal, expected 80, but got 49
	at io.kaitai.struct.testformats.ValidFailInst.inst(ValidFailInst.java:43)
	at io.kaitai.struct.testformats.ValidFailInst._read(ValidFailInst.java:30)
	at io.kaitai.struct.testformats.ValidFailInst.&lt;init&gt;(ValidFailInst.java:27)
	at io.kaitai.struct.testformats.ValidFailInst.&lt;init&gt;(ValidFailInst.java:16)
	at io.kaitai.struct.testformats.ValidFailInst.fromFile(ValidFailInst.java:12)
	at io.kaitai.struct.spec.TestValidFailInst.testValidFailInst(TestValidFailInst.java:13)
	at sun.reflect.NativeMethodAccessorImpl.invoke0(Native Method)
	at sun.reflect.NativeMethodAccessorImpl.invoke(NativeMethodAccessorImpl.java:57)
	at sun.reflect.DelegatingMethodAccessorImpl.invoke(DelegatingMethodAccessorImpl.java:43)
	at java.lang.reflect.Method.invoke(Method.java:606)
	at org.testng.internal.MethodInvocationHelper.invokeMethod(MethodInvocationHelper.java:86)
	at org.testng.internal.Invoker.invokeMethod(Invoker.java:643)
	at org.testng.internal.Invoker.invokeTestMethod(Invoker.java:820)
	at org.testng.internal.Invoker.invokeTestMethods(Invoker.java:1128)
	at org.testng.internal.TestMethodWorker.invokeTestMethods(TestMethodWorker.java:129)
	at org.testng.internal.TestMethodWorker.run(TestMethodWorker.java:112)
	at org.testng.TestRunner.privateRun(TestRunner.java:782)
	at org.testng.TestRunner.run(TestRunner.java:632)
	at org.testng.SuiteRunner.runTest(SuiteRunner.java:366)
	at org.testng.SuiteRunner.runSequentially(SuiteRunner.java:361)
	at org.testng.SuiteRunner.privateRun(SuiteRunner.java:319)
	at org.testng.SuiteRunner.run(SuiteRunner.java:268)
	at org.testng.SuiteRunnerWorker.runSuite(SuiteRunnerWorker.java:52)
	at org.testng.SuiteRunnerWorker.run(SuiteRunnerWorker.java:86)
	at org.testng.TestNG.runSuitesSequentially(TestNG.java:1244)
	at org.testng.TestNG.runSuitesLocally(TestNG.java:1169)
	at org.testng.TestNG.run(TestNG.java:1064)
	at org.testng.TestNG.privateMain(TestNG.java:1385)
	at org.testng.TestNG.main(TestNG.java:1354)
</pre></div></td>
<td>0</td>
<td>io.kaitai.struct.spec.TestValidFailInst@3514ba11</td></tr>
<tr>
<td title='io.kaitai.struct.spec.TestValidFailMaxInt.testValidFailMaxInt()'><b>testValidFailMaxInt</b><br>Test class: io.kaitai.struct.spec.TestValidFailMaxInt</td>
<td><div><pre>io.kaitai.struct.KaitaiStream$ValidationGreaterThanError: /seq/0: at pos 1: validation failed: not in range, max 12, but got 80
	at io.kaitai.struct.testformats.ValidFailMaxInt._read(ValidFailMaxInt.java:32)
	at io.kaitai.struct.testformats.ValidFailMaxInt.&lt;init&gt;(ValidFailMaxInt.java:27)
	at io.kaitai.struct.testformats.ValidFailMaxInt.&lt;init&gt;(ValidFailMaxInt.java:16)
	at io.kaitai.struct.testformats.ValidFailMaxInt.fromFile(ValidFailMaxInt.java:12)
	at io.kaitai.struct.spec.TestValidFailMaxInt.testValidFailMaxInt(TestValidFailMaxInt.java:13)
... Removed 23 stack frames</pre></div><a href='#' onClick='toggleBox("stack-trace766130375", this, "Click to show all stack frames", "Click to hide stack frames")'>Click to show all stack frames</a>
<div class='stack-trace' id='stack-trace766130375'><pre>io.kaitai.struct.KaitaiStream$ValidationGreaterThanError: /seq/0: at pos 1: validation failed: not in range, max 12, but got 80
	at io.kaitai.struct.testformats.ValidFailMaxInt._read(ValidFailMaxInt.java:32)
	at io.kaitai.struct.testformats.ValidFailMaxInt.&lt;init&gt;(ValidFailMaxInt.java:27)
	at io.kaitai.struct.testformats.ValidFailMaxInt.&lt;init&gt;(ValidFailMaxInt.java:16)
	at io.kaitai.struct.testformats.ValidFailMaxInt.fromFile(ValidFailMaxInt.java:12)
	at io.kaitai.struct.spec.TestValidFailMaxInt.testValidFailMaxInt(TestValidFailMaxInt.java:13)
	at sun.reflect.NativeMethodAccessorImpl.invoke0(Native Method)
	at sun.reflect.NativeMethodAccessorImpl.invoke(NativeMethodAccessorImpl.java:57)
	at sun.reflect.DelegatingMethodAccessorImpl.invoke(DelegatingMethodAccessorImpl.java:43)
	at java.lang.reflect.Method.invoke(Method.java:606)
	at org.testng.internal.MethodInvocationHelper.invokeMethod(MethodInvocationHelper.java:86)
	at org.testng.internal.Invoker.invokeMethod(Invoker.java:643)
	at org.testng.internal.Invoker.invokeTestMethod(Invoker.java:820)
	at org.testng.internal.Invoker.invokeTestMethods(Invoker.java:1128)
	at org.testng.internal.TestMethodWorker.invokeTestMethods(TestMethodWorker.java:129)
	at org.testng.internal.TestMethodWorker.run(TestMethodWorker.java:112)
	at org.testng.TestRunner.privateRun(TestRunner.java:782)
	at org.testng.TestRunner.run(TestRunner.java:632)
	at org.testng.SuiteRunner.runTest(SuiteRunner.java:366)
	at org.testng.SuiteRunner.runSequentially(SuiteRunner.java:361)
	at org.testng.SuiteRunner.privateRun(SuiteRunner.java:319)
	at org.testng.SuiteRunner.run(SuiteRunner.java:268)
	at org.testng.SuiteRunnerWorker.runSuite(SuiteRunnerWorker.java:52)
	at org.testng.SuiteRunnerWorker.run(SuiteRunnerWorker.java:86)
	at org.testng.TestNG.runSuitesSequentially(TestNG.java:1244)
	at org.testng.TestNG.runSuitesLocally(TestNG.java:1169)
	at org.testng.TestNG.run(TestNG.java:1064)
	at org.testng.TestNG.privateMain(TestNG.java:1385)
	at org.testng.TestNG.main(TestNG.java:1354)
</pre></div></td>
<td>0</td>
<td>io.kaitai.struct.spec.TestValidFailMaxInt@4d9ab59a</td></tr>
<tr>
<td title='io.kaitai.struct.spec.TestValidFailMinInt.testValidFailMinInt()'><b>testValidFailMinInt</b><br>Test class: io.kaitai.struct.spec.TestValidFailMinInt</td>
<td><div><pre>io.kaitai.struct.KaitaiStream$ValidationLessThanError: /seq/0: at pos 1: validation failed: not in range, min 123, but got 80
	at io.kaitai.struct.testformats.ValidFailMinInt._read(ValidFailMinInt.java:32)
	at io.kaitai.struct.testformats.ValidFailMinInt.&lt;init&gt;(ValidFailMinInt.java:27)
	at io.kaitai.struct.testformats.ValidFailMinInt.&lt;init&gt;(ValidFailMinInt.java:16)
	at io.kaitai.struct.testformats.ValidFailMinInt.fromFile(ValidFailMinInt.java:12)
	at io.kaitai.struct.spec.TestValidFailMinInt.testValidFailMinInt(TestValidFailMinInt.java:13)
... Removed 23 stack frames</pre></div><a href='#' onClick='toggleBox("stack-trace1574407608", this, "Click to show all stack frames", "Click to hide stack frames")'>Click to show all stack frames</a>
<div class='stack-trace' id='stack-trace1574407608'><pre>io.kaitai.struct.KaitaiStream$ValidationLessThanError: /seq/0: at pos 1: validation failed: not in range, min 123, but got 80
	at io.kaitai.struct.testformats.ValidFailMinInt._read(ValidFailMinInt.java:32)
	at io.kaitai.struct.testformats.ValidFailMinInt.&lt;init&gt;(ValidFailMinInt.java:27)
	at io.kaitai.struct.testformats.ValidFailMinInt.&lt;init&gt;(ValidFailMinInt.java:16)
	at io.kaitai.struct.testformats.ValidFailMinInt.fromFile(ValidFailMinInt.java:12)
	at io.kaitai.struct.spec.TestValidFailMinInt.testValidFailMinInt(TestValidFailMinInt.java:13)
	at sun.reflect.NativeMethodAccessorImpl.invoke0(Native Method)
	at sun.reflect.NativeMethodAccessorImpl.invoke(NativeMethodAccessorImpl.java:57)
	at sun.reflect.DelegatingMethodAccessorImpl.invoke(DelegatingMethodAccessorImpl.java:43)
	at java.lang.reflect.Method.invoke(Method.java:606)
	at org.testng.internal.MethodInvocationHelper.invokeMethod(MethodInvocationHelper.java:86)
	at org.testng.internal.Invoker.invokeMethod(Invoker.java:643)
	at org.testng.internal.Invoker.invokeTestMethod(Invoker.java:820)
	at org.testng.internal.Invoker.invokeTestMethods(Invoker.java:1128)
	at org.testng.internal.TestMethodWorker.invokeTestMethods(TestMethodWorker.java:129)
	at org.testng.internal.TestMethodWorker.run(TestMethodWorker.java:112)
	at org.testng.TestRunner.privateRun(TestRunner.java:782)
	at org.testng.TestRunner.run(TestRunner.java:632)
	at org.testng.SuiteRunner.runTest(SuiteRunner.java:366)
	at org.testng.SuiteRunner.runSequentially(SuiteRunner.java:361)
	at org.testng.SuiteRunner.privateRun(SuiteRunner.java:319)
	at org.testng.SuiteRunner.run(SuiteRunner.java:268)
	at org.testng.SuiteRunnerWorker.runSuite(SuiteRunnerWorker.java:52)
	at org.testng.SuiteRunnerWorker.run(SuiteRunnerWorker.java:86)
	at org.testng.TestNG.runSuitesSequentially(TestNG.java:1244)
	at org.testng.TestNG.runSuitesLocally(TestNG.java:1169)
	at org.testng.TestNG.run(TestNG.java:1064)
	at org.testng.TestNG.privateMain(TestNG.java:1385)
	at org.testng.TestNG.main(TestNG.java:1354)
</pre></div></td>
<td>0</td>
<td>io.kaitai.struct.spec.TestValidFailMinInt@6f3e54b</td></tr>
<tr>
<td title='io.kaitai.struct.spec.TestValidFailRangeBytes.testValidFailRangeBytes()'><b>testValidFailRangeBytes</b><br>Test class: io.kaitai.struct.spec.TestValidFailRangeBytes</td>
<td><div><pre>io.kaitai.struct.KaitaiStream$ValidationGreaterThanError: /seq/0: at pos 2: validation failed: not in range, max [4f 7e], but got [50 41]
	at io.kaitai.struct.testformats.ValidFailRangeBytes._read(ValidFailRangeBytes.java:35)
	at io.kaitai.struct.testformats.ValidFailRangeBytes.&lt;init&gt;(ValidFailRangeBytes.java:27)
	at io.kaitai.struct.testformats.ValidFailRangeBytes.&lt;init&gt;(ValidFailRangeBytes.java:16)
	at io.kaitai.struct.testformats.ValidFailRangeBytes.fromFile(ValidFailRangeBytes.java:12)
	at io.kaitai.struct.spec.TestValidFailRangeBytes.testValidFailRangeBytes(TestValidFailRangeBytes.java:13)
... Removed 23 stack frames</pre></div><a href='#' onClick='toggleBox("stack-trace1827969289", this, "Click to show all stack frames", "Click to hide stack frames")'>Click to show all stack frames</a>
<div class='stack-trace' id='stack-trace1827969289'><pre>io.kaitai.struct.KaitaiStream$ValidationGreaterThanError: /seq/0: at pos 2: validation failed: not in range, max [4f 7e], but got [50 41]
	at io.kaitai.struct.testformats.ValidFailRangeBytes._read(ValidFailRangeBytes.java:35)
	at io.kaitai.struct.testformats.ValidFailRangeBytes.&lt;init&gt;(ValidFailRangeBytes.java:27)
	at io.kaitai.struct.testformats.ValidFailRangeBytes.&lt;init&gt;(ValidFailRangeBytes.java:16)
	at io.kaitai.struct.testformats.ValidFailRangeBytes.fromFile(ValidFailRangeBytes.java:12)
	at io.kaitai.struct.spec.TestValidFailRangeBytes.testValidFailRangeBytes(TestValidFailRangeBytes.java:13)
	at sun.reflect.NativeMethodAccessorImpl.invoke0(Native Method)
	at sun.reflect.NativeMethodAccessorImpl.invoke(NativeMethodAccessorImpl.java:57)
	at sun.reflect.DelegatingMethodAccessorImpl.invoke(DelegatingMethodAccessorImpl.java:43)
	at java.lang.reflect.Method.invoke(Method.java:606)
	at org.testng.internal.MethodInvocationHelper.invokeMethod(MethodInvocationHelper.java:86)
	at org.testng.internal.Invoker.invokeMethod(Invoker.java:643)
	at org.testng.internal.Invoker.invokeTestMethod(Invoker.java:820)
	at org.testng.internal.Invoker.invokeTestMethods(Invoker.java:1128)
	at org.testng.internal.TestMethodWorker.invokeTestMethods(TestMethodWorker.java:129)
	at org.testng.internal.TestMethodWorker.run(TestMethodWorker.java:112)
	at org.testng.TestRunner.privateRun(TestRunner.java:782)
	at org.testng.TestRunner.run(TestRunner.java:632)
	at org.testng.SuiteRunner.runTest(SuiteRunner.java:366)
	at org.testng.SuiteRunner.runSequentially(SuiteRunner.java:361)
	at org.testng.SuiteRunner.privateRun(SuiteRunner.java:319)
	at org.testng.SuiteRunner.run(SuiteRunner.java:268)
	at org.testng.SuiteRunnerWorker.runSuite(SuiteRunnerWorker.java:52)
	at org.testng.SuiteRunnerWorker.run(SuiteRunnerWorker.java:86)
	at org.testng.TestNG.runSuitesSequentially(TestNG.java:1244)
	at org.testng.TestNG.runSuitesLocally(TestNG.java:1169)
	at org.testng.TestNG.run(TestNG.java:1064)
	at org.testng.TestNG.privateMain(TestNG.java:1385)
	at org.testng.TestNG.main(TestNG.java:1354)
</pre></div></td>
<td>0</td>
<td>io.kaitai.struct.spec.TestValidFailRangeBytes@7e78d6c6</td></tr>
<tr>
<td title='io.kaitai.struct.spec.TestValidFailRangeFloat.testValidFailRangeFloat()'><b>testValidFailRangeFloat</b><br>Test class: io.kaitai.struct.spec.TestValidFailRangeFloat</td>
<td><div><pre>io.kaitai.struct.KaitaiStream$ValidationGreaterThanError: /seq/0: at pos 4: validation failed: not in range, max 0.4, but got 0.5
	at io.kaitai.struct.testformats.ValidFailRangeFloat._read(ValidFailRangeFloat.java:35)
	at io.kaitai.struct.testformats.ValidFailRangeFloat.&lt;init&gt;(ValidFailRangeFloat.java:27)
	at io.kaitai.struct.testformats.ValidFailRangeFloat.&lt;init&gt;(ValidFailRangeFloat.java:16)
	at io.kaitai.struct.testformats.ValidFailRangeFloat.fromFile(ValidFailRangeFloat.java:12)
	at io.kaitai.struct.spec.TestValidFailRangeFloat.testValidFailRangeFloat(TestValidFailRangeFloat.java:13)
... Removed 23 stack frames</pre></div><a href='#' onClick='toggleBox("stack-trace259577795", this, "Click to show all stack frames", "Click to hide stack frames")'>Click to show all stack frames</a>
<div class='stack-trace' id='stack-trace259577795'><pre>io.kaitai.struct.KaitaiStream$ValidationGreaterThanError: /seq/0: at pos 4: validation failed: not in range, max 0.4, but got 0.5
	at io.kaitai.struct.testformats.ValidFailRangeFloat._read(ValidFailRangeFloat.java:35)
	at io.kaitai.struct.testformats.ValidFailRangeFloat.&lt;init&gt;(ValidFailRangeFloat.java:27)
	at io.kaitai.struct.testformats.ValidFailRangeFloat.&lt;init&gt;(ValidFailRangeFloat.java:16)
	at io.kaitai.struct.testformats.ValidFailRangeFloat.fromFile(ValidFailRangeFloat.java:12)
	at io.kaitai.struct.spec.TestValidFailRangeFloat.testValidFailRangeFloat(TestValidFailRangeFloat.java:13)
	at sun.reflect.NativeMethodAccessorImpl.invoke0(Native Method)
	at sun.reflect.NativeMethodAccessorImpl.invoke(NativeMethodAccessorImpl.java:57)
	at sun.reflect.DelegatingMethodAccessorImpl.invoke(DelegatingMethodAccessorImpl.java:43)
	at java.lang.reflect.Method.invoke(Method.java:606)
	at org.testng.internal.MethodInvocationHelper.invokeMethod(MethodInvocationHelper.java:86)
	at org.testng.internal.Invoker.invokeMethod(Invoker.java:643)
	at org.testng.internal.Invoker.invokeTestMethod(Invoker.java:820)
	at org.testng.internal.Invoker.invokeTestMethods(Invoker.java:1128)
	at org.testng.internal.TestMethodWorker.invokeTestMethods(TestMethodWorker.java:129)
	at org.testng.internal.TestMethodWorker.run(TestMethodWorker.java:112)
	at org.testng.TestRunner.privateRun(TestRunner.java:782)
	at org.testng.TestRunner.run(TestRunner.java:632)
	at org.testng.SuiteRunner.runTest(SuiteRunner.java:366)
	at org.testng.SuiteRunner.runSequentially(SuiteRunner.java:361)
	at org.testng.SuiteRunner.privateRun(SuiteRunner.java:319)
	at org.testng.SuiteRunner.run(SuiteRunner.java:268)
	at org.testng.SuiteRunnerWorker.runSuite(SuiteRunnerWorker.java:52)
	at org.testng.SuiteRunnerWorker.run(SuiteRunnerWorker.java:86)
	at org.testng.TestNG.runSuitesSequentially(TestNG.java:1244)
	at org.testng.TestNG.runSuitesLocally(TestNG.java:1169)
	at org.testng.TestNG.run(TestNG.java:1064)
	at org.testng.TestNG.privateMain(TestNG.java:1385)
	at org.testng.TestNG.main(TestNG.java:1354)
</pre></div></td>
<td>0</td>
<td>io.kaitai.struct.spec.TestValidFailRangeFloat@6c14ffc5</td></tr>
<tr>
<td title='io.kaitai.struct.spec.TestValidFailRangeInt.testValidFailRangeInt()'><b>testValidFailRangeInt</b><br>Test class: io.kaitai.struct.spec.TestValidFailRangeInt</td>
<td><div><pre>io.kaitai.struct.KaitaiStream$ValidationGreaterThanError: /seq/0: at pos 1: validation failed: not in range, max 10, but got 80
	at io.kaitai.struct.testformats.ValidFailRangeInt._read(ValidFailRangeInt.java:35)
	at io.kaitai.struct.testformats.ValidFailRangeInt.&lt;init&gt;(ValidFailRangeInt.java:27)
	at io.kaitai.struct.testformats.ValidFailRangeInt.&lt;init&gt;(ValidFailRangeInt.java:16)
	at io.kaitai.struct.testformats.ValidFailRangeInt.fromFile(ValidFailRangeInt.java:12)
	at io.kaitai.struct.spec.TestValidFailRangeInt.testValidFailRangeInt(TestValidFailRangeInt.java:13)
... Removed 23 stack frames</pre></div><a href='#' onClick='toggleBox("stack-trace1874619527", this, "Click to show all stack frames", "Click to hide stack frames")'>Click to show all stack frames</a>
<div class='stack-trace' id='stack-trace1874619527'><pre>io.kaitai.struct.KaitaiStream$ValidationGreaterThanError: /seq/0: at pos 1: validation failed: not in range, max 10, but got 80
	at io.kaitai.struct.testformats.ValidFailRangeInt._read(ValidFailRangeInt.java:35)
	at io.kaitai.struct.testformats.ValidFailRangeInt.&lt;init&gt;(ValidFailRangeInt.java:27)
	at io.kaitai.struct.testformats.ValidFailRangeInt.&lt;init&gt;(ValidFailRangeInt.java:16)
	at io.kaitai.struct.testformats.ValidFailRangeInt.fromFile(ValidFailRangeInt.java:12)
	at io.kaitai.struct.spec.TestValidFailRangeInt.testValidFailRangeInt(TestValidFailRangeInt.java:13)
	at sun.reflect.NativeMethodAccessorImpl.invoke0(Native Method)
	at sun.reflect.NativeMethodAccessorImpl.invoke(NativeMethodAccessorImpl.java:57)
	at sun.reflect.DelegatingMethodAccessorImpl.invoke(DelegatingMethodAccessorImpl.java:43)
	at java.lang.reflect.Method.invoke(Method.java:606)
	at org.testng.internal.MethodInvocationHelper.invokeMethod(MethodInvocationHelper.java:86)
	at org.testng.internal.Invoker.invokeMethod(Invoker.java:643)
	at org.testng.internal.Invoker.invokeTestMethod(Invoker.java:820)
	at org.testng.internal.Invoker.invokeTestMethods(Invoker.java:1128)
	at org.testng.internal.TestMethodWorker.invokeTestMethods(TestMethodWorker.java:129)
	at org.testng.internal.TestMethodWorker.run(TestMethodWorker.java:112)
	at org.testng.TestRunner.privateRun(TestRunner.java:782)
	at org.testng.TestRunner.run(TestRunner.java:632)
	at org.testng.SuiteRunner.runTest(SuiteRunner.java:366)
	at org.testng.SuiteRunner.runSequentially(SuiteRunner.java:361)
	at org.testng.SuiteRunner.privateRun(SuiteRunner.java:319)
	at org.testng.SuiteRunner.run(SuiteRunner.java:268)
	at org.testng.SuiteRunnerWorker.runSuite(SuiteRunnerWorker.java:52)
	at org.testng.SuiteRunnerWorker.run(SuiteRunnerWorker.java:86)
	at org.testng.TestNG.runSuitesSequentially(TestNG.java:1244)
	at org.testng.TestNG.runSuitesLocally(TestNG.java:1169)
	at org.testng.TestNG.run(TestNG.java:1064)
	at org.testng.TestNG.privateMain(TestNG.java:1385)
	at org.testng.TestNG.main(TestNG.java:1354)
</pre></div></td>
<td>0</td>
<td>io.kaitai.struct.spec.TestValidFailRangeInt@4cef9c23</td></tr>
<tr>
<td title='io.kaitai.struct.spec.TestValidFailRangeStr.testValidFailRangeStr()'><b>testValidFailRangeStr</b><br>Test class: io.kaitai.struct.spec.TestValidFailRangeStr</td>
<td><div><pre>io.kaitai.struct.KaitaiStream$ValidationGreaterThanError: /seq/0: at pos 2: validation failed: not in range, max O~, but got PA
	at io.kaitai.struct.testformats.ValidFailRangeStr._read(ValidFailRangeStr.java:36)
	at io.kaitai.struct.testformats.ValidFailRangeStr.&lt;init&gt;(ValidFailRangeStr.java:28)
	at io.kaitai.struct.testformats.ValidFailRangeStr.&lt;init&gt;(ValidFailRangeStr.java:17)
	at io.kaitai.struct.testformats.ValidFailRangeStr.fromFile(ValidFailRangeStr.java:13)
	at io.kaitai.struct.spec.TestValidFailRangeStr.testValidFailRangeStr(TestValidFailRangeStr.java:13)
... Removed 23 stack frames</pre></div><a href='#' onClick='toggleBox("stack-trace1095747191", this, "Click to show all stack frames", "Click to hide stack frames")'>Click to show all stack frames</a>
<div class='stack-trace' id='stack-trace1095747191'><pre>io.kaitai.struct.KaitaiStream$ValidationGreaterThanError: /seq/0: at pos 2: validation failed: not in range, max O~, but got PA
	at io.kaitai.struct.testformats.ValidFailRangeStr._read(ValidFailRangeStr.java:36)
	at io.kaitai.struct.testformats.ValidFailRangeStr.&lt;init&gt;(ValidFailRangeStr.java:28)
	at io.kaitai.struct.testformats.ValidFailRangeStr.&lt;init&gt;(ValidFailRangeStr.java:17)
	at io.kaitai.struct.testformats.ValidFailRangeStr.fromFile(ValidFailRangeStr.java:13)
	at io.kaitai.struct.spec.TestValidFailRangeStr.testValidFailRangeStr(TestValidFailRangeStr.java:13)
	at sun.reflect.NativeMethodAccessorImpl.invoke0(Native Method)
	at sun.reflect.NativeMethodAccessorImpl.invoke(NativeMethodAccessorImpl.java:57)
	at sun.reflect.DelegatingMethodAccessorImpl.invoke(DelegatingMethodAccessorImpl.java:43)
	at java.lang.reflect.Method.invoke(Method.java:606)
	at org.testng.internal.MethodInvocationHelper.invokeMethod(MethodInvocationHelper.java:86)
	at org.testng.internal.Invoker.invokeMethod(Invoker.java:643)
	at org.testng.internal.Invoker.invokeTestMethod(Invoker.java:820)
	at org.testng.internal.Invoker.invokeTestMethods(Invoker.java:1128)
	at org.testng.internal.TestMethodWorker.invokeTestMethods(TestMethodWorker.java:129)
	at org.testng.internal.TestMethodWorker.run(TestMethodWorker.java:112)
	at org.testng.TestRunner.privateRun(TestRunner.java:782)
	at org.testng.TestRunner.run(TestRunner.java:632)
	at org.testng.SuiteRunner.runTest(SuiteRunner.java:366)
	at org.testng.SuiteRunner.runSequentially(SuiteRunner.java:361)
	at org.testng.SuiteRunner.privateRun(SuiteRunner.java:319)
	at org.testng.SuiteRunner.run(SuiteRunner.java:268)
	at org.testng.SuiteRunnerWorker.runSuite(SuiteRunnerWorker.java:52)
	at org.testng.SuiteRunnerWorker.run(SuiteRunnerWorker.java:86)
	at org.testng.TestNG.runSuitesSequentially(TestNG.java:1244)
	at org.testng.TestNG.runSuitesLocally(TestNG.java:1169)
	at org.testng.TestNG.run(TestNG.java:1064)
	at org.testng.TestNG.privateMain(TestNG.java:1385)
	at org.testng.TestNG.main(TestNG.java:1354)
</pre></div></td>
<td>0</td>
<td>io.kaitai.struct.spec.TestValidFailRangeStr@33319df3</td></tr>
<tr>
<td title='io.kaitai.struct.spec.TestValidLong.testValidLong()'><b>testValidLong</b><br>Test class: io.kaitai.struct.spec.TestValidLong</td>
<td></td>
<td>0</td>
<td>io.kaitai.struct.spec.TestValidLong@4e7bd591</td></tr>
<tr>
<td title='io.kaitai.struct.spec.TestValidNotParsedIf.testValidNotParsedIf()'><b>testValidNotParsedIf</b><br>Test class: io.kaitai.struct.spec.TestValidNotParsedIf</td>
<td></td>
<td>0</td>
<td>io.kaitai.struct.spec.TestValidNotParsedIf@37ba658a</td></tr>
<tr>
<td title='io.kaitai.struct.spec.TestValidShort.testValidShort()'><b>testValidShort</b><br>Test class: io.kaitai.struct.spec.TestValidShort</td>
<td></td>
<td>0</td>
<td>io.kaitai.struct.spec.TestValidShort@50a9a6a0</td></tr>
<tr>
<td title='io.kaitai.struct.spec.TestValidSwitch.testValidSwitch()'><b>testValidSwitch</b><br>Test class: io.kaitai.struct.spec.TestValidSwitch</td>
<td></td>
<td>0</td>
<td>io.kaitai.struct.spec.TestValidSwitch@72a68e82</td></tr>
<tr>
<td title='io.kaitai.struct.spec.TestYamlInts.testYamlInts()'><b>testYamlInts</b><br>Test class: io.kaitai.struct.spec.TestYamlInts</td>
<td></td>
<td>0</td>
<td>io.kaitai.struct.spec.TestYamlInts@63c3cd50</td></tr>
<tr>
<td title='io.kaitai.struct.spec.TestZlibSurrounded.testZlibSurrounded()'><b>testZlibSurrounded</b><br>Test class: io.kaitai.struct.spec.TestZlibSurrounded</td>
<td></td>
<td>0</td>
<td>io.kaitai.struct.spec.TestZlibSurrounded@41408b80</td></tr>
<tr>
<td title='io.kaitai.struct.spec.TestZlibWithHeader78.testZlibWithHeader78()'><b>testZlibWithHeader78</b><br>Test class: io.kaitai.struct.spec.TestZlibWithHeader78</td>
<td></td>
<td>0</td>
<td>io.kaitai.struct.spec.TestZlibWithHeader78@18688fe1</td></tr>
</table><p>
</body>
</html>