
>>>> xbuild tool is deprecated and will be removed in future updates, use msbuild instead <<<<

XBuild Engine Version 14.0
Mono, Version 5.18.0.268
Copyright (C) 2005-2013 Various Mono authors

Build started 3/11/2019 10:40:02 PM.
__________________________________________________
Project "/home/travis/build/kaitai-io/ci_targets/tests/spec/csharp/kaitai_struct_csharp_tests.sln" (default target(s)):
	Target ValidateSolutionConfiguration:
		Building solution configuration "Debug|Any CPU".
	Target Build:
		Project "/home/travis/build/kaitai-io/ci_targets/runtime/csharp/kaitai_struct_runtime_csharp.csproj" (default target(s)):
			Target PrepareForBuild:
				Configuration: Debug Platform: AnyCPU
				Created directory "bin/Debug/"
				Created directory "obj/Debug/"
			Target GenerateSatelliteAssemblies:
			No input files were specified for target GenerateSatelliteAssemblies, skipping.
			Target CoreCompile:
				Tool /usr/lib/mono/4.5/csc.exe execution started with arguments: /noconfig /debug:full /debug:portable /optimize- /out:obj/Debug/Kaitai.Struct.Runtime.dll Properties/AssemblyInfo.cs KaitaiStream.cs KaitaiStruct.cs obj/Debug/.NETFramework,Version=v4.5.AssemblyAttribute.cs /target:library /define:DEBUG /nostdlib /reference:/usr/lib/mono/4.5-api/System.dll /reference:/usr/lib/mono/4.5-api/System.Core.dll /reference:/usr/lib/mono/4.5-api//mscorlib.dll /warn:4
				Microsoft (R) Visual C# Compiler version 2.8.2.62916 (2ad4aabc)
				Copyright (C) Microsoft Corporation. All rights reserved.
			Target DeployOutputFiles:
				Copying file from '/home/travis/build/kaitai-io/ci_targets/runtime/csharp/obj/Debug/Kaitai.Struct.Runtime.pdb' to '/home/travis/build/kaitai-io/ci_targets/runtime/csharp/bin/Debug/Kaitai.Struct.Runtime.pdb'
				Copying file from '/home/travis/build/kaitai-io/ci_targets/runtime/csharp/obj/Debug/Kaitai.Struct.Runtime.dll' to '/home/travis/build/kaitai-io/ci_targets/runtime/csharp/bin/Debug/Kaitai.Struct.Runtime.dll'
		Done building project "/home/travis/build/kaitai-io/ci_targets/runtime/csharp/kaitai_struct_runtime_csharp.csproj".
		Project "/home/travis/build/kaitai-io/ci_targets/tests/spec/csharp/kaitai_struct_csharp_tests/kaitai_struct_csharp_tests.csproj" (default target(s)):
			Target PrepareForBuild:
				Configuration: Debug Platform: AnyCPU
				Created directory "bin/Debug/"
				Created directory "obj/Debug/"
			Target CopyFilesMarkedCopyLocal:
				Copying file from '/home/travis/build/kaitai-io/ci_targets/tests/spec/csharp/packages/NUnit.3.4.1/lib/net45/nunit.framework.dll' to '/home/travis/build/kaitai-io/ci_targets/tests/spec/csharp/kaitai_struct_csharp_tests/bin/Debug/nunit.framework.dll'
				Copying file from '/home/travis/build/kaitai-io/ci_targets/runtime/csharp/bin/Debug/Kaitai.Struct.Runtime.dll' to '/home/travis/build/kaitai-io/ci_targets/tests/spec/csharp/kaitai_struct_csharp_tests/bin/Debug/Kaitai.Struct.Runtime.dll'
				Copying file from '/home/travis/build/kaitai-io/ci_targets/runtime/csharp/bin/Debug/Kaitai.Struct.Runtime.pdb' to '/home/travis/build/kaitai-io/ci_targets/tests/spec/csharp/kaitai_struct_csharp_tests/bin/Debug/Kaitai.Struct.Runtime.pdb'
			Target GenerateSatelliteAssemblies:
			No input files were specified for target GenerateSatelliteAssemblies, skipping.
			Target CoreCompile:
				Tool /usr/lib/mono/4.5/csc.exe execution started with arguments: /noconfig /debug:full /debug:portable /optimize- /out:obj/Debug/kaitai_struct_csharp_tests.dll Properties/AssemblyInfo.cs CommonSpec.cs /home/travis/build/kaitai-io/ci_targets/tests/compiled/csharp/BcdUserTypeBe.cs /home/travis/build/kaitai-io/ci_targets/tests/compiled/csharp/BcdUserTypeLe.cs /home/travis/build/kaitai-io/ci_targets/tests/compiled/csharp/BitsByteAligned.cs /home/travis/build/kaitai-io/ci_targets/tests/compiled/csharp/BitsEnum.cs /home/travis/build/kaitai-io/ci_targets/tests/compiled/csharp/BitsSimple.cs /home/travis/build/kaitai-io/ci_targets/tests/compiled/csharp/BufferedStruct.cs /home/travis/build/kaitai-io/ci_targets/tests/compiled/csharp/BytesPadTerm.cs /home/travis/build/kaitai-io/ci_targets/tests/compiled/csharp/CastNested.cs /home/travis/build/kaitai-io/ci_targets/tests/compiled/csharp/CastToImported.cs /home/travis/build/kaitai-io/ci_targets/tests/compiled/csharp/CastToTop.cs /home/travis/build/kaitai-io/ci_targets/tests/compiled/csharp/Debug0.cs /home/travis/build/kaitai-io/ci_targets/tests/compiled/csharp/DebugArrayUser.cs /home/travis/build/kaitai-io/ci_targets/tests/compiled/csharp/DebugEnumName.cs /home/travis/build/kaitai-io/ci_targets/tests/compiled/csharp/DefaultBigEndian.cs /home/travis/build/kaitai-io/ci_targets/tests/compiled/csharp/DefaultEndianExprException.cs /home/travis/build/kaitai-io/ci_targets/tests/compiled/csharp/DefaultEndianExprInherited.cs /home/travis/build/kaitai-io/ci_targets/tests/compiled/csharp/DefaultEndianExprIsBe.cs /home/travis/build/kaitai-io/ci_targets/tests/compiled/csharp/DefaultEndianExprIsLe.cs /home/travis/build/kaitai-io/ci_targets/tests/compiled/csharp/DefaultEndianMod.cs /home/travis/build/kaitai-io/ci_targets/tests/compiled/csharp/Docstrings.cs /home/travis/build/kaitai-io/ci_targets/tests/compiled/csharp/DocstringsDocref.cs /home/travis/build/kaitai-io/ci_targets/tests/compiled/csharp/Enum0.cs /home/travis/build/kaitai-io/ci_targets/tests/compiled/csharp/Enum1.cs /home/travis/build/kaitai-io/ci_targets/tests/compiled/csharp/EnumDeep.cs /home/travis/build/kaitai-io/ci_targets/tests/compiled/csharp/EnumDeepLiterals.cs /home/travis/build/kaitai-io/ci_targets/tests/compiled/csharp/EnumFancy.cs /home/travis/build/kaitai-io/ci_targets/tests/compiled/csharp/EnumForUnknownId.cs /home/travis/build/kaitai-io/ci_targets/tests/compiled/csharp/EnumIf.cs /home/travis/build/kaitai-io/ci_targets/tests/compiled/csharp/EnumInvalid.cs /home/travis/build/kaitai-io/ci_targets/tests/compiled/csharp/EnumNegative.cs /home/travis/build/kaitai-io/ci_targets/tests/compiled/csharp/EnumOfValueInst.cs /home/travis/build/kaitai-io/ci_targets/tests/compiled/csharp/EnumToI.cs /home/travis/build/kaitai-io/ci_targets/tests/compiled/csharp/EofExceptionBytes.cs /home/travis/build/kaitai-io/ci_targets/tests/compiled/csharp/EofExceptionU4.cs /home/travis/build/kaitai-io/ci_targets/tests/compiled/csharp/Expr0.cs /home/travis/build/kaitai-io/ci_targets/tests/compiled/csharp/Expr1.cs /home/travis/build/kaitai-io/ci_targets/tests/compiled/csharp/Expr2.cs /home/travis/build/kaitai-io/ci_targets/tests/compiled/csharp/Expr3.cs /home/travis/build/kaitai-io/ci_targets/tests/compiled/csharp/ExprArray.cs /home/travis/build/kaitai-io/ci_targets/tests/compiled/csharp/ExprBytesCmp.cs /home/travis/build/kaitai-io/ci_targets/tests/compiled/csharp/ExprEnum.cs /home/travis/build/kaitai-io/ci_targets/tests/compiled/csharp/ExprIoEof.cs /home/travis/build/kaitai-io/ci_targets/tests/compiled/csharp/ExprIoPos.cs /home/travis/build/kaitai-io/ci_targets/tests/compiled/csharp/ExprMod.cs /home/travis/build/kaitai-io/ci_targets/tests/compiled/csharp/FixedContents.cs /home/travis/build/kaitai-io/ci_targets/tests/compiled/csharp/FixedStruct.cs /home/travis/build/kaitai-io/ci_targets/tests/compiled/csharp/FloatToI.cs /home/travis/build/kaitai-io/ci_targets/tests/compiled/csharp/FloatingPoints.cs /home/travis/build/kaitai-io/ci_targets/tests/compiled/csharp/HelloWorld.cs /home/travis/build/kaitai-io/ci_targets/tests/compiled/csharp/IfInstances.cs /home/travis/build/kaitai-io/ci_targets/tests/compiled/csharp/IfStruct.cs /home/travis/build/kaitai-io/ci_targets/tests/compiled/csharp/IfValues.cs /home/travis/build/kaitai-io/ci_targets/tests/compiled/csharp/Imported1.cs /home/travis/build/kaitai-io/ci_targets/tests/compiled/csharp/Imported2.cs /home/travis/build/kaitai-io/ci_targets/tests/compiled/csharp/ImportedAndAbs.cs /home/travis/build/kaitai-io/ci_targets/tests/compiled/csharp/ImportedAndRel.cs /home/travis/build/kaitai-io/ci_targets/tests/compiled/csharp/ImportedRoot.cs /home/travis/build/kaitai-io/ci_targets/tests/compiled/csharp/Imports0.cs /home/travis/build/kaitai-io/ci_targets/tests/compiled/csharp/ImportsAbs.cs /home/travis/build/kaitai-io/ci_targets/tests/compiled/csharp/ImportsAbsAbs.cs /home/travis/build/kaitai-io/ci_targets/tests/compiled/csharp/ImportsAbsRel.cs /home/travis/build/kaitai-io/ci_targets/tests/compiled/csharp/ImportsCircularA.cs /home/travis/build/kaitai-io/ci_targets/tests/compiled/csharp/ImportsCircularB.cs /home/travis/build/kaitai-io/ci_targets/tests/compiled/csharp/ImportsRel1.cs /home/travis/build/kaitai-io/ci_targets/tests/compiled/csharp/IndexSizes.cs /home/travis/build/kaitai-io/ci_targets/tests/compiled/csharp/IndexToParamEos.cs /home/travis/build/kaitai-io/ci_targets/tests/compiled/csharp/IndexToParamExpr.cs /home/travis/build/kaitai-io/ci_targets/tests/compiled/csharp/IndexToParamUntil.cs /home/travis/build/kaitai-io/ci_targets/tests/compiled/csharp/InstanceIoUser.cs /home/travis/build/kaitai-io/ci_targets/tests/compiled/csharp/InstanceStd.cs /home/travis/build/kaitai-io/ci_targets/tests/compiled/csharp/InstanceStdArray.cs /home/travis/build/kaitai-io/ci_targets/tests/compiled/csharp/InstanceUserArray.cs /home/travis/build/kaitai-io/ci_targets/tests/compiled/csharp/Integers.cs /home/travis/build/kaitai-io/ci_targets/tests/compiled/csharp/JsSignedRightShift.cs /home/travis/build/kaitai-io/ci_targets/tests/compiled/csharp/MetaXref.cs /home/travis/build/kaitai-io/ci_targets/tests/compiled/csharp/MultipleUse.cs /home/travis/build/kaitai-io/ci_targets/tests/compiled/csharp/NavParent.cs /home/travis/build/kaitai-io/ci_targets/tests/compiled/csharp/NavParent2.cs /home/travis/build/kaitai-io/ci_targets/tests/compiled/csharp/NavParent3.cs /home/travis/build/kaitai-io/ci_targets/tests/compiled/csharp/NavParentFalse.cs /home/travis/build/kaitai-io/ci_targets/tests/compiled/csharp/NavParentFalse2.cs /home/travis/build/kaitai-io/ci_targets/tests/compiled/csharp/NavParentOverride.cs /home/travis/build/kaitai-io/ci_targets/tests/compiled/csharp/NavParentSwitch.cs /home/travis/build/kaitai-io/ci_targets/tests/compiled/csharp/NavParentVsValueInst.cs /home/travis/build/kaitai-io/ci_targets/tests/compiled/csharp/NavRoot.cs /home/travis/build/kaitai-io/ci_targets/tests/compiled/csharp/NestedSameName.cs /home/travis/build/kaitai-io/ci_targets/tests/compiled/csharp/NestedSameName2.cs /home/travis/build/kaitai-io/ci_targets/tests/compiled/csharp/NestedTypes.cs /home/travis/build/kaitai-io/ci_targets/tests/compiled/csharp/NestedTypes2.cs /home/travis/build/kaitai-io/ci_targets/tests/compiled/csharp/NestedTypes3.cs /home/travis/build/kaitai-io/ci_targets/tests/compiled/csharp/NonStandard.cs /home/travis/build/kaitai-io/ci_targets/tests/compiled/csharp/OpaqueExternalType.cs /home/travis/build/kaitai-io/ci_targets/tests/compiled/csharp/OpaqueExternalType02Child.cs /home/travis/build/kaitai-io/ci_targets/tests/compiled/csharp/OpaqueExternalType02Parent.cs /home/travis/build/kaitai-io/ci_targets/tests/compiled/csharp/OpaqueWithParam.cs /home/travis/build/kaitai-io/ci_targets/tests/compiled/csharp/OptionalId.cs /home/travis/build/kaitai-io/ci_targets/tests/compiled/csharp/ParamsCallShort.cs /home/travis/build/kaitai-io/ci_targets/tests/compiled/csharp/ParamsDef.cs /home/travis/build/kaitai-io/ci_targets/tests/compiled/csharp/ParamsEnum.cs /home/travis/build/kaitai-io/ci_targets/tests/compiled/csharp/ParamsPassStruct.cs /home/travis/build/kaitai-io/ci_targets/tests/compiled/csharp/ParamsPassUsertype.cs /home/travis/build/kaitai-io/ci_targets/tests/compiled/csharp/PositionAbs.cs /home/travis/build/kaitai-io/ci_targets/tests/compiled/csharp/PositionInSeq.cs /home/travis/build/kaitai-io/ci_targets/tests/compiled/csharp/PositionToEnd.cs /home/travis/build/kaitai-io/ci_targets/tests/compiled/csharp/ProcessCoerceBytes.cs /home/travis/build/kaitai-io/ci_targets/tests/compiled/csharp/ProcessCoerceSwitch.cs /home/travis/build/kaitai-io/ci_targets/tests/compiled/csharp/ProcessCoerceUsertype1.cs /home/travis/build/kaitai-io/ci_targets/tests/compiled/csharp/ProcessCoerceUsertype2.cs /home/travis/build/kaitai-io/ci_targets/tests/compiled/csharp/ProcessCustom.cs /home/travis/build/kaitai-io/ci_targets/tests/compiled/csharp/ProcessRotate.cs /home/travis/build/kaitai-io/ci_targets/tests/compiled/csharp/ProcessToUser.cs /home/travis/build/kaitai-io/ci_targets/tests/compiled/csharp/ProcessXor4Const.cs /home/travis/build/kaitai-io/ci_targets/tests/compiled/csharp/ProcessXor4Value.cs /home/travis/build/kaitai-io/ci_targets/tests/compiled/csharp/ProcessXorConst.cs /home/travis/build/kaitai-io/ci_targets/tests/compiled/csharp/ProcessXorValue.cs /home/travis/build/kaitai-io/ci_targets/tests/compiled/csharp/RecursiveOne.cs /home/travis/build/kaitai-io/ci_targets/tests/compiled/csharp/RepeatEosStruct.cs /home/travis/build/kaitai-io/ci_targets/tests/compiled/csharp/RepeatEosU4.cs /home/travis/build/kaitai-io/ci_targets/tests/compiled/csharp/RepeatNStruct.cs /home/travis/build/kaitai-io/ci_targets/tests/compiled/csharp/RepeatNStrz.cs /home/travis/build/kaitai-io/ci_targets/tests/compiled/csharp/RepeatNStrzDouble.cs /home/travis/build/kaitai-io/ci_targets/tests/compiled/csharp/RepeatUntilComplex.cs /home/travis/build/kaitai-io/ci_targets/tests/compiled/csharp/RepeatUntilS4.cs /home/travis/build/kaitai-io/ci_targets/tests/compiled/csharp/RepeatUntilSized.cs /home/travis/build/kaitai-io/ci_targets/tests/compiled/csharp/StrEncodings.cs /home/travis/build/kaitai-io/ci_targets/tests/compiled/csharp/StrEncodingsDefault.cs /home/travis/build/kaitai-io/ci_targets/tests/compiled/csharp/StrEos.cs /home/travis/build/kaitai-io/ci_targets/tests/compiled/csharp/StrLiterals.cs /home/travis/build/kaitai-io/ci_targets/tests/compiled/csharp/StrLiterals2.cs /home/travis/build/kaitai-io/ci_targets/tests/compiled/csharp/StrPadTerm.cs /home/travis/build/kaitai-io/ci_targets/tests/compiled/csharp/StrPadTermEmpty.cs /home/travis/build/kaitai-io/ci_targets/tests/compiled/csharp/SwitchBytearray.cs /home/travis/build/kaitai-io/ci_targets/tests/compiled/csharp/SwitchCast.cs /home/travis/build/kaitai-io/ci_targets/tests/compiled/csharp/SwitchIntegers.cs /home/travis/build/kaitai-io/ci_targets/tests/compiled/csharp/SwitchIntegers2.cs /home/travis/build/kaitai-io/ci_targets/tests/compiled/csharp/SwitchManualEnum.cs /home/travis/build/kaitai-io/ci_targets/tests/compiled/csharp/SwitchManualInt.cs /home/travis/build/kaitai-io/ci_targets/tests/compiled/csharp/SwitchManualIntElse.cs /home/travis/build/kaitai-io/ci_targets/tests/compiled/csharp/SwitchManualIntSize.cs /home/travis/build/kaitai-io/ci_targets/tests/compiled/csharp/SwitchManualIntSizeElse.cs /home/travis/build/kaitai-io/ci_targets/tests/compiled/csharp/SwitchManualIntSizeEos.cs /home/travis/build/kaitai-io/ci_targets/tests/compiled/csharp/SwitchManualStr.cs /home/travis/build/kaitai-io/ci_targets/tests/compiled/csharp/SwitchManualStrElse.cs /home/travis/build/kaitai-io/ci_targets/tests/compiled/csharp/SwitchMultiBoolOps.cs /home/travis/build/kaitai-io/ci_targets/tests/compiled/csharp/SwitchRepeatExpr.cs /home/travis/build/kaitai-io/ci_targets/tests/compiled/csharp/TermBytes.cs /home/travis/build/kaitai-io/ci_targets/tests/compiled/csharp/TermStrz.cs /home/travis/build/kaitai-io/ci_targets/tests/compiled/csharp/TsPacketHeader.cs /home/travis/build/kaitai-io/ci_targets/tests/compiled/csharp/TypeIntUnaryOp.cs /home/travis/build/kaitai-io/ci_targets/tests/compiled/csharp/TypeTernary.cs /home/travis/build/kaitai-io/ci_targets/tests/compiled/csharp/TypeTernaryOpaque.cs /home/travis/build/kaitai-io/ci_targets/tests/compiled/csharp/UserType.cs /home/travis/build/kaitai-io/ci_targets/tests/compiled/csharp/VlqBase128Le.cs /home/travis/build/kaitai-io/ci_targets/tests/compiled/csharp/YamlInts.cs /home/travis/build/kaitai-io/ci_targets/tests/compiled/csharp/ZlibWithHeader78.cs tests/SpecBcdUserTypeBe.cs tests/SpecBcdUserTypeLe.cs tests/SpecBitsByteAligned.cs tests/SpecBitsEnum.cs tests/SpecBitsSimple.cs tests/SpecBufferedStruct.cs tests/SpecBytesPadTerm.cs tests/SpecCastToImported.cs tests/SpecCastToTop.cs tests/SpecDebug0.cs tests/SpecDebugArrayUser.cs tests/SpecDebugEnumName.cs tests/SpecDefaultBigEndian.cs tests/SpecDefaultEndianExprException.cs tests/SpecDefaultEndianExprInherited.cs tests/SpecDefaultEndianExprIsBe.cs tests/SpecDefaultEndianExprIsLe.cs tests/SpecDefaultEndianMod.cs tests/SpecDocstrings.cs tests/SpecDocstringsDocref.cs tests/SpecEnum0.cs tests/SpecEnum1.cs tests/SpecEnumFancy.cs tests/SpecEnumForUnknownId.cs tests/SpecEnumIf.cs tests/SpecEnumNegative.cs tests/SpecEnumOfValueInst.cs tests/SpecEnumToI.cs tests/SpecEofExceptionBytes.cs tests/SpecEofExceptionU4.cs tests/SpecExpr0.cs tests/SpecExpr1.cs tests/SpecExpr2.cs tests/SpecExpr3.cs tests/SpecExprArray.cs tests/SpecExprBytesCmp.cs tests/SpecExprEnum.cs tests/SpecExprIoEof.cs tests/SpecExprIoPos.cs tests/SpecExprMod.cs tests/SpecFixedContents.cs tests/SpecFixedStruct.cs tests/SpecFloatToI.cs tests/SpecFloatingPoints.cs tests/SpecHelloWorld.cs tests/SpecIfInstances.cs tests/SpecIfStruct.cs tests/SpecIfValues.cs tests/SpecImports0.cs tests/SpecImportsAbs.cs tests/SpecImportsCircularA.cs tests/SpecIndexSizes.cs tests/SpecIndexToParamEos.cs tests/SpecIndexToParamExpr.cs tests/SpecIndexToParamUntil.cs tests/SpecInstanceIoUser.cs tests/SpecInstanceStd.cs tests/SpecInstanceStdArray.cs tests/SpecInstanceUserArray.cs tests/SpecJsSignedRightShift.cs tests/SpecMetaXref.cs tests/SpecMultipleUse.cs tests/SpecNavParent.cs tests/SpecNavParent2.cs tests/SpecNavParent3.cs tests/SpecNavParentFalse.cs tests/SpecNavParentFalse2.cs tests/SpecNavParentOverride.cs tests/SpecNavParentSwitch.cs tests/SpecNavParentVsValueInst.cs tests/SpecNavRoot.cs tests/SpecNestedSameName.cs tests/SpecNestedSameName2.cs tests/SpecNestedTypes.cs tests/SpecNestedTypes2.cs tests/SpecNonStandard.cs tests/SpecOpaqueExternalType.cs tests/SpecOpaqueExternalType02Parent.cs tests/SpecOpaqueWithParam.cs tests/SpecOptionalId.cs tests/SpecParamsCallShort.cs tests/SpecParamsDef.cs tests/SpecPositionAbs.cs tests/SpecPositionInSeq.cs tests/SpecPositionToEnd.cs tests/SpecProcessCoerceBytes.cs tests/SpecProcessCoerceSwitch.cs tests/SpecProcessCoerceUsertype1.cs tests/SpecProcessCoerceUsertype2.cs tests/SpecProcessCustom.cs tests/SpecProcessRotate.cs tests/SpecProcessToUser.cs tests/SpecProcessXor4Const.cs tests/SpecProcessXor4Value.cs tests/SpecProcessXorConst.cs tests/SpecProcessXorValue.cs tests/SpecRecursiveOne.cs tests/SpecRepeatEosStruct.cs tests/SpecRepeatEosU4.cs tests/SpecRepeatNStruct.cs tests/SpecRepeatNStrz.cs tests/SpecRepeatNStrzDouble.cs tests/SpecRepeatUntilComplex.cs tests/SpecRepeatUntilS4.cs tests/SpecRepeatUntilSized.cs tests/SpecStrEncodings.cs tests/SpecStrEncodingsDefault.cs tests/SpecStrEos.cs tests/SpecStrLiterals.cs tests/SpecStrLiterals2.cs tests/SpecStrPadTerm.cs tests/SpecStrPadTermEmpty.cs tests/SpecSwitchBytearray.cs tests/SpecSwitchCast.cs tests/SpecSwitchIntegers.cs tests/SpecSwitchIntegers2.cs tests/SpecSwitchManualEnum.cs tests/SpecSwitchManualInt.cs tests/SpecSwitchManualIntElse.cs tests/SpecSwitchManualIntSize.cs tests/SpecSwitchManualIntSizeElse.cs tests/SpecSwitchManualIntSizeEos.cs tests/SpecSwitchManualStr.cs tests/SpecSwitchManualStrElse.cs tests/SpecSwitchMultiBoolOps.cs tests/SpecSwitchRepeatExpr.cs tests/SpecTermBytes.cs tests/SpecTermStrz.cs tests/SpecTsPacketHeader.cs tests/SpecTypeIntUnaryOp.cs tests/SpecTypeTernary.cs tests/SpecTypeTernaryOpaque.cs tests/SpecUserType.cs tests/SpecZlibWithHeader78.cs obj/Debug/.NETFramework,Version=v4.5.AssemblyAttribute.cs /target:library /define:DEBUG /nostdlib /reference:/usr/lib/mono/4.5-api/System.dll /reference:../packages/NUnit.3.4.1/lib/net45/nunit.framework.dll /reference:/usr/lib/mono/4.5-api/System.Core.dll /reference:/home/travis/build/kaitai-io/ci_targets/runtime/csharp/bin/Debug//Kaitai.Struct.Runtime.dll /reference:/usr/lib/mono/4.5-api//mscorlib.dll /warn:4
				Microsoft (R) Visual C# Compiler version 2.8.2.62916 (2ad4aabc)
				Copyright (C) Microsoft Corporation. All rights reserved.
/home/travis/build/kaitai-io/ci_targets/tests/compiled/csharp/IfInstances.cs(33,21): warning CS0162: Unreachable code detected
/home/travis/build/kaitai-io/ci_targets/tests/compiled/csharp/YamlInts.cs(35,30): error CS0221: Constant value '4294967295' cannot be converted to a 'int' (use 'unchecked' syntax to override)
/home/travis/build/kaitai-io/ci_targets/tests/compiled/csharp/YamlInts.cs(48,30): error CS0221: Constant value '4294967295' cannot be converted to a 'int' (use 'unchecked' syntax to override)
/home/travis/build/kaitai-io/ci_targets/tests/compiled/csharp/YamlInts.cs(61,30): error CS0221: Constant value '18446744073709551615' cannot be converted to a 'int' (use 'unchecked' syntax to override)
/home/travis/build/kaitai-io/ci_targets/tests/compiled/csharp/YamlInts.cs(74,30): error CS0221: Constant value '18446744073709551615' cannot be converted to a 'int' (use 'unchecked' syntax to override)
			Task "Csc" execution -- FAILED
			Done building target "CoreCompile" in project "/home/travis/build/kaitai-io/ci_targets/tests/spec/csharp/kaitai_struct_csharp_tests/kaitai_struct_csharp_tests.csproj".-- FAILED
		Done building project "/home/travis/build/kaitai-io/ci_targets/tests/spec/csharp/kaitai_struct_csharp_tests/kaitai_struct_csharp_tests.csproj".-- FAILED
	Task "MSBuild" execution -- FAILED
	Done building target "Build" in project "/home/travis/build/kaitai-io/ci_targets/tests/spec/csharp/kaitai_struct_csharp_tests.sln".-- FAILED
Done building project "/home/travis/build/kaitai-io/ci_targets/tests/spec/csharp/kaitai_struct_csharp_tests.sln".-- FAILED

Build FAILED.

Warnings:

/home/travis/build/kaitai-io/ci_targets/tests/spec/csharp/kaitai_struct_csharp_tests.sln (default targets) ->
(Build target) ->
/home/travis/build/kaitai-io/ci_targets/tests/spec/csharp/kaitai_struct_csharp_tests/kaitai_struct_csharp_tests.csproj (default targets) ->
/usr/lib/mono/xbuild/14.0/bin/Microsoft.CSharp.targets (CoreCompile target) ->

	/home/travis/build/kaitai-io/ci_targets/tests/compiled/csharp/IfInstances.cs(33,21): warning CS0162: Unreachable code detected

Errors:

/home/travis/build/kaitai-io/ci_targets/tests/spec/csharp/kaitai_struct_csharp_tests.sln (default targets) ->
(Build target) ->
/home/travis/build/kaitai-io/ci_targets/tests/spec/csharp/kaitai_struct_csharp_tests/kaitai_struct_csharp_tests.csproj (default targets) ->
/usr/lib/mono/xbuild/14.0/bin/Microsoft.CSharp.targets (CoreCompile target) ->

	/home/travis/build/kaitai-io/ci_targets/tests/compiled/csharp/YamlInts.cs(35,30): error CS0221: Constant value '4294967295' cannot be converted to a 'int' (use 'unchecked' syntax to override)
	/home/travis/build/kaitai-io/ci_targets/tests/compiled/csharp/YamlInts.cs(48,30): error CS0221: Constant value '4294967295' cannot be converted to a 'int' (use 'unchecked' syntax to override)
	/home/travis/build/kaitai-io/ci_targets/tests/compiled/csharp/YamlInts.cs(61,30): error CS0221: Constant value '18446744073709551615' cannot be converted to a 'int' (use 'unchecked' syntax to override)
	/home/travis/build/kaitai-io/ci_targets/tests/compiled/csharp/YamlInts.cs(74,30): error CS0221: Constant value '18446744073709551615' cannot be converted to a 'int' (use 'unchecked' syntax to override)

	 1 Warning(s)
	 4 Error(s)

Time Elapsed 00:00:02.7299840
