Microsoft (R) Build Engine version 16.6.0 for Mono
Copyright (C) Microsoft Corporation. All rights reserved.

Build started 08/23/2020 21:12:38.
Project "/home/runner/work/ci_targets/ci_targets/tests/spec/csharp/kaitai_struct_csharp_tests/kaitai_struct_csharp_tests.csproj" on node 1 (default targets).
PrepareForBuild:
  Creating directory "bin/Debug/".
  Creating directory "obj/Debug/".
Project "/home/runner/work/ci_targets/ci_targets/tests/spec/csharp/kaitai_struct_csharp_tests/kaitai_struct_csharp_tests.csproj" (1) is building "/home/runner/work/ci_targets/ci_targets/runtime/csharp/kaitai_struct_runtime_csharp.csproj" (2:2) on node 1 (default targets).
PrepareForBuild:
  Creating directory "bin/Debug/net4.5/".
  Creating directory "obj/Debug/net4.5/".
CoreCompile:
  /usr/lib/mono/msbuild/Current/bin/Roslyn/csc.exe /noconfig /unsafe- /checked- /nowarn:1701,1702,CS1591,1701,1702 /nostdlib+ /errorreport:prompt /warn:4 /doc:obj/Debug/net4.5/Kaitai.Struct.Runtime.xml /define:TRACE;DEBUG;NETFRAMEWORK;NET45 /highentropyva+ /reference:/usr/lib/mono/4.5-api/mscorlib.dll /reference:/usr/lib/mono/4.5-api/System.Core.dll /reference:/usr/lib/mono/4.5-api/System.Data.dll /reference:/usr/lib/mono/4.5-api/System.dll /reference:/usr/lib/mono/4.5-api/System.Drawing.dll /reference:/usr/lib/mono/4.5-api/System.IO.Compression.FileSystem.dll /reference:/usr/lib/mono/4.5-api/System.Numerics.dll /reference:/usr/lib/mono/4.5-api/System.Runtime.Serialization.dll /reference:/usr/lib/mono/4.5-api/System.Xml.dll /reference:/usr/lib/mono/4.5-api/System.Xml.Linq.dll /debug+ /debug:portable /filealign:512 /optimize- /out:obj/Debug/net4.5/Kaitai.Struct.Runtime.dll /subsystemversion:6.00 /target:library /warnaserror- /utf8output /deterministic+ /langversion:7.3 KaitaiStream.cs KaitaiStruct.cs "obj/Debug/net4.5/.NETFramework,Version=v4.5.AssemblyAttributes.cs" obj/Debug/net4.5/kaitai_struct_runtime_csharp.AssemblyInfo.cs /warnaserror+:NU1605
  Using shared compilation with compiler from directory: /usr/lib/mono/msbuild/Current/bin/Roslyn
CopyFilesToOutputDirectory:
  Copying file from "/home/runner/work/ci_targets/ci_targets/runtime/csharp/obj/Debug/net4.5/Kaitai.Struct.Runtime.dll" to "/home/runner/work/ci_targets/ci_targets/runtime/csharp/bin/Debug/net4.5/Kaitai.Struct.Runtime.dll".
  kaitai_struct_runtime_csharp -> /home/runner/work/ci_targets/ci_targets/runtime/csharp/bin/Debug/net4.5/Kaitai.Struct.Runtime.dll
  Copying file from "/home/runner/work/ci_targets/ci_targets/runtime/csharp/obj/Debug/net4.5/Kaitai.Struct.Runtime.pdb" to "/home/runner/work/ci_targets/ci_targets/runtime/csharp/bin/Debug/net4.5/Kaitai.Struct.Runtime.pdb".
  Copying file from "/home/runner/work/ci_targets/ci_targets/runtime/csharp/obj/Debug/net4.5/Kaitai.Struct.Runtime.xml" to "/home/runner/work/ci_targets/ci_targets/runtime/csharp/bin/Debug/net4.5/Kaitai.Struct.Runtime.xml".
Done Building Project "/home/runner/work/ci_targets/ci_targets/runtime/csharp/kaitai_struct_runtime_csharp.csproj" (default targets).
CoreCompile:
  /usr/lib/mono/msbuild/Current/bin/Roslyn/csc.exe /noconfig /nowarn:1701,1702 /nostdlib+ /errorreport:prompt /warn:4 /define:DEBUG /highentropyva+ /reference:/home/runner/work/ci_targets/ci_targets/runtime/csharp/bin/Debug/net4.5/Kaitai.Struct.Runtime.dll /reference:/usr/lib/mono/4.5-api/mscorlib.dll /reference:/home/runner/work/ci_targets/ci_targets/tests/spec/csharp/packages/NUnit.3.4.1/lib/net45/nunit.framework.dll /reference:/usr/lib/mono/4.5-api/System.Core.dll /reference:/usr/lib/mono/4.5-api/System.dll /debug+ /debug:full /optimize- /out:obj/Debug/kaitai_struct_csharp_tests.dll /subsystemversion:6.00 /target:library /utf8output /langversion:7.3 CommonSpec.cs Properties/AssemblyInfo.cs /home/runner/work/ci_targets/ci_targets/tests/spec/csharp/kaitai_struct_csharp_tests/tests/SpecBcdUserTypeBe.cs /home/runner/work/ci_targets/ci_targets/tests/spec/csharp/kaitai_struct_csharp_tests/tests/SpecBcdUserTypeLe.cs /home/runner/work/ci_targets/ci_targets/tests/spec/csharp/kaitai_struct_csharp_tests/tests/SpecBitsByteAligned.cs /home/runner/work/ci_targets/ci_targets/tests/spec/csharp/kaitai_struct_csharp_tests/tests/SpecBitsEnum.cs /home/runner/work/ci_targets/ci_targets/tests/spec/csharp/kaitai_struct_csharp_tests/tests/SpecBitsSeqEndianCombo.cs /home/runner/work/ci_targets/ci_targets/tests/spec/csharp/kaitai_struct_csharp_tests/tests/SpecBitsSimple.cs /home/runner/work/ci_targets/ci_targets/tests/spec/csharp/kaitai_struct_csharp_tests/tests/SpecBitsSimpleLe.cs /home/runner/work/ci_targets/ci_targets/tests/spec/csharp/kaitai_struct_csharp_tests/tests/SpecBufferedStruct.cs /home/runner/work/ci_targets/ci_targets/tests/spec/csharp/kaitai_struct_csharp_tests/tests/SpecBytesPadTerm.cs /home/runner/work/ci_targets/ci_targets/tests/spec/csharp/kaitai_struct_csharp_tests/tests/SpecCastNested.cs /home/runner/work/ci_targets/ci_targets/tests/spec/csharp/kaitai_struct_csharp_tests/tests/SpecCastToImported.cs /home/runner/work/ci_targets/ci_targets/tests/spec/csharp/kaitai_struct_csharp_tests/tests/SpecCastToTop.cs /home/runner/work/ci_targets/ci_targets/tests/spec/csharp/kaitai_struct_csharp_tests/tests/SpecCombineBool.cs /home/runner/work/ci_targets/ci_targets/tests/spec/csharp/kaitai_struct_csharp_tests/tests/SpecCombineBytes.cs /home/runner/work/ci_targets/ci_targets/tests/spec/csharp/kaitai_struct_csharp_tests/tests/SpecCombineEnum.cs /home/runner/work/ci_targets/ci_targets/tests/spec/csharp/kaitai_struct_csharp_tests/tests/SpecCombineStr.cs /home/runner/work/ci_targets/ci_targets/tests/spec/csharp/kaitai_struct_csharp_tests/tests/SpecDebug0.cs /home/runner/work/ci_targets/ci_targets/tests/spec/csharp/kaitai_struct_csharp_tests/tests/SpecDebugArrayUser.cs /home/runner/work/ci_targets/ci_targets/tests/spec/csharp/kaitai_struct_csharp_tests/tests/SpecDebugEnumName.cs /home/runner/work/ci_targets/ci_targets/tests/spec/csharp/kaitai_struct_csharp_tests/tests/SpecDebugSwitchUser.cs /home/runner/work/ci_targets/ci_targets/tests/spec/csharp/kaitai_struct_csharp_tests/tests/SpecDefaultBigEndian.cs /home/runner/work/ci_targets/ci_targets/tests/spec/csharp/kaitai_struct_csharp_tests/tests/SpecDefaultBitEndianMod.cs /home/runner/work/ci_targets/ci_targets/tests/spec/csharp/kaitai_struct_csharp_tests/tests/SpecDefaultEndianExprException.cs /home/runner/work/ci_targets/ci_targets/tests/spec/csharp/kaitai_struct_csharp_tests/tests/SpecDefaultEndianExprInherited.cs /home/runner/work/ci_targets/ci_targets/tests/spec/csharp/kaitai_struct_csharp_tests/tests/SpecDefaultEndianExprIsBe.cs /home/runner/work/ci_targets/ci_targets/tests/spec/csharp/kaitai_struct_csharp_tests/tests/SpecDefaultEndianExprIsLe.cs /home/runner/work/ci_targets/ci_targets/tests/spec/csharp/kaitai_struct_csharp_tests/tests/SpecDefaultEndianMod.cs /home/runner/work/ci_targets/ci_targets/tests/spec/csharp/kaitai_struct_csharp_tests/tests/SpecDocstrings.cs /home/runner/work/ci_targets/ci_targets/tests/spec/csharp/kaitai_struct_csharp_tests/tests/SpecDocstringsDocref.cs /home/runner/work/ci_targets/ci_targets/tests/spec/csharp/kaitai_struct_csharp_tests/tests/SpecDocstringsDocrefMulti.cs /home/runner/work/ci_targets/ci_targets/tests/spec/csharp/kaitai_struct_csharp_tests/tests/SpecEnum0.cs /home/runner/work/ci_targets/ci_targets/tests/spec/csharp/kaitai_struct_csharp_tests/tests/SpecEnum1.cs /home/runner/work/ci_targets/ci_targets/tests/spec/csharp/kaitai_struct_csharp_tests/tests/SpecEnumDeep.cs /home/runner/work/ci_targets/ci_targets/tests/spec/csharp/kaitai_struct_csharp_tests/tests/SpecEnumDeepLiterals.cs /home/runner/work/ci_targets/ci_targets/tests/spec/csharp/kaitai_struct_csharp_tests/tests/SpecEnumFancy.cs /home/runner/work/ci_targets/ci_targets/tests/spec/csharp/kaitai_struct_csharp_tests/tests/SpecEnumForUnknownId.cs /home/runner/work/ci_targets/ci_targets/tests/spec/csharp/kaitai_struct_csharp_tests/tests/SpecEnumIf.cs /home/runner/work/ci_targets/ci_targets/tests/spec/csharp/kaitai_struct_csharp_tests/tests/SpecEnumImport.cs /home/runner/work/ci_targets/ci_targets/tests/spec/csharp/kaitai_struct_csharp_tests/tests/SpecEnumIntRangeS.cs /home/runner/work/ci_targets/ci_targets/tests/spec/csharp/kaitai_struct_csharp_tests/tests/SpecEnumIntRangeU.cs /home/runner/work/ci_targets/ci_targets/tests/spec/csharp/kaitai_struct_csharp_tests/tests/SpecEnumInvalid.cs /home/runner/work/ci_targets/ci_targets/tests/spec/csharp/kaitai_struct_csharp_tests/tests/SpecEnumLongRangeS.cs /home/runner/work/ci_targets/ci_targets/tests/spec/csharp/kaitai_struct_csharp_tests/tests/SpecEnumLongRangeU.cs /home/runner/work/ci_targets/ci_targets/tests/spec/csharp/kaitai_struct_csharp_tests/tests/SpecEnumNegative.cs /home/runner/work/ci_targets/ci_targets/tests/spec/csharp/kaitai_struct_csharp_tests/tests/SpecEnumOfValueInst.cs /home/runner/work/ci_targets/ci_targets/tests/spec/csharp/kaitai_struct_csharp_tests/tests/SpecEnumToI.cs /home/runner/work/ci_targets/ci_targets/tests/spec/csharp/kaitai_struct_csharp_tests/tests/SpecEnumToIClassBorder1.cs /home/runner/work/ci_targets/ci_targets/tests/spec/csharp/kaitai_struct_csharp_tests/tests/SpecEofExceptionBytes.cs /home/runner/work/ci_targets/ci_targets/tests/spec/csharp/kaitai_struct_csharp_tests/tests/SpecEofExceptionU4.cs /home/runner/work/ci_targets/ci_targets/tests/spec/csharp/kaitai_struct_csharp_tests/tests/SpecEosExceptionBytes.cs /home/runner/work/ci_targets/ci_targets/tests/spec/csharp/kaitai_struct_csharp_tests/tests/SpecEosExceptionU4.cs /home/runner/work/ci_targets/ci_targets/tests/spec/csharp/kaitai_struct_csharp_tests/tests/SpecExpr0.cs /home/runner/work/ci_targets/ci_targets/tests/spec/csharp/kaitai_struct_csharp_tests/tests/SpecExpr1.cs /home/runner/work/ci_targets/ci_targets/tests/spec/csharp/kaitai_struct_csharp_tests/tests/SpecExpr2.cs /home/runner/work/ci_targets/ci_targets/tests/spec/csharp/kaitai_struct_csharp_tests/tests/SpecExpr3.cs /home/runner/work/ci_targets/ci_targets/tests/spec/csharp/kaitai_struct_csharp_tests/tests/SpecExprArray.cs /home/runner/work/ci_targets/ci_targets/tests/spec/csharp/kaitai_struct_csharp_tests/tests/SpecExprBits.cs /home/runner/work/ci_targets/ci_targets/tests/spec/csharp/kaitai_struct_csharp_tests/tests/SpecExprBytesCmp.cs /home/runner/work/ci_targets/ci_targets/tests/spec/csharp/kaitai_struct_csharp_tests/tests/SpecExprBytesLiteral.cs /home/runner/work/ci_targets/ci_targets/tests/spec/csharp/kaitai_struct_csharp_tests/tests/SpecExprBytesOps.cs /home/runner/work/ci_targets/ci_targets/tests/spec/csharp/kaitai_struct_csharp_tests/tests/SpecExprCalcArrayOps.cs /home/runner/work/ci_targets/ci_targets/tests/spec/csharp/kaitai_struct_csharp_tests/tests/SpecExprEnum.cs /home/runner/work/ci_targets/ci_targets/tests/spec/csharp/kaitai_struct_csharp_tests/tests/SpecExprIfIntOps.cs /home/runner/work/ci_targets/ci_targets/tests/spec/csharp/kaitai_struct_csharp_tests/tests/SpecExprIntDiv.cs /home/runner/work/ci_targets/ci_targets/tests/spec/csharp/kaitai_struct_csharp_tests/tests/SpecExprIoEof.cs /home/runner/work/ci_targets/ci_targets/tests/spec/csharp/kaitai_struct_csharp_tests/tests/SpecExprIoPos.cs /home/runner/work/ci_targets/ci_targets/tests/spec/csharp/kaitai_struct_csharp_tests/tests/SpecExprMod.cs /home/runner/work/ci_targets/ci_targets/tests/spec/csharp/kaitai_struct_csharp_tests/tests/SpecExprOpsParens.cs /home/runner/work/ci_targets/ci_targets/tests/spec/csharp/kaitai_struct_csharp_tests/tests/SpecExprSizeofType0.cs /home/runner/work/ci_targets/ci_targets/tests/spec/csharp/kaitai_struct_csharp_tests/tests/SpecExprSizeofType1.cs /home/runner/work/ci_targets/ci_targets/tests/spec/csharp/kaitai_struct_csharp_tests/tests/SpecExprSizeofValue0.cs /home/runner/work/ci_targets/ci_targets/tests/spec/csharp/kaitai_struct_csharp_tests/tests/SpecExprSizeofValueSized.cs /home/runner/work/ci_targets/ci_targets/tests/spec/csharp/kaitai_struct_csharp_tests/tests/SpecExprStrOps.cs /home/runner/work/ci_targets/ci_targets/tests/spec/csharp/kaitai_struct_csharp_tests/tests/SpecFixedContents.cs /home/runner/work/ci_targets/ci_targets/tests/spec/csharp/kaitai_struct_csharp_tests/tests/SpecFixedStruct.cs /home/runner/work/ci_targets/ci_targets/tests/spec/csharp/kaitai_struct_csharp_tests/tests/SpecFloatToI.cs /home/runner/work/ci_targets/ci_targets/tests/spec/csharp/kaitai_struct_csharp_tests/tests/SpecFloatingPoints.cs /home/runner/work/ci_targets/ci_targets/tests/spec/csharp/kaitai_struct_csharp_tests/tests/SpecHelloWorld.cs /home/runner/work/ci_targets/ci_targets/tests/spec/csharp/kaitai_struct_csharp_tests/tests/SpecIfInstances.cs /home/runner/work/ci_targets/ci_targets/tests/spec/csharp/kaitai_struct_csharp_tests/tests/SpecIfStruct.cs /home/runner/work/ci_targets/ci_targets/tests/spec/csharp/kaitai_struct_csharp_tests/tests/SpecIfValues.cs /home/runner/work/ci_targets/ci_targets/tests/spec/csharp/kaitai_struct_csharp_tests/tests/SpecImports0.cs /home/runner/work/ci_targets/ci_targets/tests/spec/csharp/kaitai_struct_csharp_tests/tests/SpecImportsAbs.cs /home/runner/work/ci_targets/ci_targets/tests/spec/csharp/kaitai_struct_csharp_tests/tests/SpecImportsAbsAbs.cs /home/runner/work/ci_targets/ci_targets/tests/spec/csharp/kaitai_struct_csharp_tests/tests/SpecImportsAbsRel.cs /home/runner/work/ci_targets/ci_targets/tests/spec/csharp/kaitai_struct_csharp_tests/tests/SpecImportsCircularA.cs /home/runner/work/ci_targets/ci_targets/tests/spec/csharp/kaitai_struct_csharp_tests/tests/SpecImportsRel1.cs /home/runner/work/ci_targets/ci_targets/tests/spec/csharp/kaitai_struct_csharp_tests/tests/SpecIndexSizes.cs /home/runner/work/ci_targets/ci_targets/tests/spec/csharp/kaitai_struct_csharp_tests/tests/SpecIndexToParamEos.cs /home/runner/work/ci_targets/ci_targets/tests/spec/csharp/kaitai_struct_csharp_tests/tests/SpecIndexToParamExpr.cs /home/runner/work/ci_targets/ci_targets/tests/spec/csharp/kaitai_struct_csharp_tests/tests/SpecIndexToParamUntil.cs /home/runner/work/ci_targets/ci_targets/tests/spec/csharp/kaitai_struct_csharp_tests/tests/SpecInstanceIoUser.cs /home/runner/work/ci_targets/ci_targets/tests/spec/csharp/kaitai_struct_csharp_tests/tests/SpecInstanceStd.cs /home/runner/work/ci_targets/ci_targets/tests/spec/csharp/kaitai_struct_csharp_tests/tests/SpecInstanceStdArray.cs /home/runner/work/ci_targets/ci_targets/tests/spec/csharp/kaitai_struct_csharp_tests/tests/SpecInstanceUserArray.cs /home/runner/work/ci_targets/ci_targets/tests/spec/csharp/kaitai_struct_csharp_tests/tests/SpecIntegers.cs /home/runner/work/ci_targets/ci_targets/tests/spec/csharp/kaitai_struct_csharp_tests/tests/SpecIntegersDoubleOverflow.cs /home/runner/work/ci_targets/ci_targets/tests/spec/csharp/kaitai_struct_csharp_tests/tests/SpecIntegersMinMax.cs /home/runner/work/ci_targets/ci_targets/tests/spec/csharp/kaitai_struct_csharp_tests/tests/SpecIoLocalVar.cs /home/runner/work/ci_targets/ci_targets/tests/spec/csharp/kaitai_struct_csharp_tests/tests/SpecJsSignedRightShift.cs /home/runner/work/ci_targets/ci_targets/tests/spec/csharp/kaitai_struct_csharp_tests/tests/SpecMetaTags.cs /home/runner/work/ci_targets/ci_targets/tests/spec/csharp/kaitai_struct_csharp_tests/tests/SpecMetaXref.cs /home/runner/work/ci_targets/ci_targets/tests/spec/csharp/kaitai_struct_csharp_tests/tests/SpecMultipleUse.cs /home/runner/work/ci_targets/ci_targets/tests/spec/csharp/kaitai_struct_csharp_tests/tests/SpecNavParent.cs /home/runner/work/ci_targets/ci_targets/tests/spec/csharp/kaitai_struct_csharp_tests/tests/SpecNavParent2.cs /home/runner/work/ci_targets/ci_targets/tests/spec/csharp/kaitai_struct_csharp_tests/tests/SpecNavParent3.cs /home/runner/work/ci_targets/ci_targets/tests/spec/csharp/kaitai_struct_csharp_tests/tests/SpecNavParentFalse.cs /home/runner/work/ci_targets/ci_targets/tests/spec/csharp/kaitai_struct_csharp_tests/tests/SpecNavParentFalse2.cs /home/runner/work/ci_targets/ci_targets/tests/spec/csharp/kaitai_struct_csharp_tests/tests/SpecNavParentOverride.cs /home/runner/work/ci_targets/ci_targets/tests/spec/csharp/kaitai_struct_csharp_tests/tests/SpecNavParentSwitch.cs /home/runner/work/ci_targets/ci_targets/tests/spec/csharp/kaitai_struct_csharp_tests/tests/SpecNavParentSwitchCast.cs /home/runner/work/ci_targets/ci_targets/tests/spec/csharp/kaitai_struct_csharp_tests/tests/SpecNavParentVsValueInst.cs /home/runner/work/ci_targets/ci_targets/tests/spec/csharp/kaitai_struct_csharp_tests/tests/SpecNavRoot.cs /home/runner/work/ci_targets/ci_targets/tests/spec/csharp/kaitai_struct_csharp_tests/tests/SpecNestedSameName.cs /home/runner/work/ci_targets/ci_targets/tests/spec/csharp/kaitai_struct_csharp_tests/tests/SpecNestedSameName2.cs /home/runner/work/ci_targets/ci_targets/tests/spec/csharp/kaitai_struct_csharp_tests/tests/SpecNestedTypeParam.cs /home/runner/work/ci_targets/ci_targets/tests/spec/csharp/kaitai_struct_csharp_tests/tests/SpecNestedTypes.cs /home/runner/work/ci_targets/ci_targets/tests/spec/csharp/kaitai_struct_csharp_tests/tests/SpecNestedTypes2.cs /home/runner/work/ci_targets/ci_targets/tests/spec/csharp/kaitai_struct_csharp_tests/tests/SpecNestedTypes3.cs /home/runner/work/ci_targets/ci_targets/tests/spec/csharp/kaitai_struct_csharp_tests/tests/SpecNonStandard.cs /home/runner/work/ci_targets/ci_targets/tests/spec/csharp/kaitai_struct_csharp_tests/tests/SpecOpaqueExternalType.cs /home/runner/work/ci_targets/ci_targets/tests/spec/csharp/kaitai_struct_csharp_tests/tests/SpecOpaqueExternalType02Parent.cs /home/runner/work/ci_targets/ci_targets/tests/spec/csharp/kaitai_struct_csharp_tests/tests/SpecOpaqueWithParam.cs /home/runner/work/ci_targets/ci_targets/tests/spec/csharp/kaitai_struct_csharp_tests/tests/SpecOptionalId.cs /home/runner/work/ci_targets/ci_targets/tests/spec/csharp/kaitai_struct_csharp_tests/tests/SpecParamsCallExtraParens.cs /home/runner/work/ci_targets/ci_targets/tests/spec/csharp/kaitai_struct_csharp_tests/tests/SpecParamsCallShort.cs /home/runner/work/ci_targets/ci_targets/tests/spec/csharp/kaitai_struct_csharp_tests/tests/SpecParamsDef.cs /home/runner/work/ci_targets/ci_targets/tests/spec/csharp/kaitai_struct_csharp_tests/tests/SpecParamsEnum.cs /home/runner/work/ci_targets/ci_targets/tests/spec/csharp/kaitai_struct_csharp_tests/tests/SpecParamsPassArrayInt.cs /home/runner/work/ci_targets/ci_targets/tests/spec/csharp/kaitai_struct_csharp_tests/tests/SpecParamsPassArrayStr.cs /home/runner/work/ci_targets/ci_targets/tests/spec/csharp/kaitai_struct_csharp_tests/tests/SpecParamsPassArrayStruct.cs /home/runner/work/ci_targets/ci_targets/tests/spec/csharp/kaitai_struct_csharp_tests/tests/SpecParamsPassArrayUsertype.cs /home/runner/work/ci_targets/ci_targets/tests/spec/csharp/kaitai_struct_csharp_tests/tests/SpecParamsPassStruct.cs /home/runner/work/ci_targets/ci_targets/tests/spec/csharp/kaitai_struct_csharp_tests/tests/SpecParamsPassUsertype.cs /home/runner/work/ci_targets/ci_targets/tests/spec/csharp/kaitai_struct_csharp_tests/tests/SpecPositionAbs.cs /home/runner/work/ci_targets/ci_targets/tests/spec/csharp/kaitai_struct_csharp_tests/tests/SpecPositionInSeq.cs /home/runner/work/ci_targets/ci_targets/tests/spec/csharp/kaitai_struct_csharp_tests/tests/SpecPositionToEnd.cs /home/runner/work/ci_targets/ci_targets/tests/spec/csharp/kaitai_struct_csharp_tests/tests/SpecProcessCoerceBytes.cs /home/runner/work/ci_targets/ci_targets/tests/spec/csharp/kaitai_struct_csharp_tests/tests/SpecProcessCoerceSwitch.cs /home/runner/work/ci_targets/ci_targets/tests/spec/csharp/kaitai_struct_csharp_tests/tests/SpecProcessCoerceUsertype1.cs /home/runner/work/ci_targets/ci_targets/tests/spec/csharp/kaitai_struct_csharp_tests/tests/SpecProcessCoerceUsertype2.cs /home/runner/work/ci_targets/ci_targets/tests/spec/csharp/kaitai_struct_csharp_tests/tests/SpecProcessCustom.cs /home/runner/work/ci_targets/ci_targets/tests/spec/csharp/kaitai_struct_csharp_tests/tests/SpecProcessCustomNoArgs.cs /home/runner/work/ci_targets/ci_targets/tests/spec/csharp/kaitai_struct_csharp_tests/tests/SpecProcessRepeatBytes.cs /home/runner/work/ci_targets/ci_targets/tests/spec/csharp/kaitai_struct_csharp_tests/tests/SpecProcessRepeatUsertype.cs /home/runner/work/ci_targets/ci_targets/tests/spec/csharp/kaitai_struct_csharp_tests/tests/SpecProcessRotate.cs /home/runner/work/ci_targets/ci_targets/tests/spec/csharp/kaitai_struct_csharp_tests/tests/SpecProcessToUser.cs /home/runner/work/ci_targets/ci_targets/tests/spec/csharp/kaitai_struct_csharp_tests/tests/SpecProcessXor4Const.cs /home/runner/work/ci_targets/ci_targets/tests/spec/csharp/kaitai_struct_csharp_tests/tests/SpecProcessXor4Value.cs /home/runner/work/ci_targets/ci_targets/tests/spec/csharp/kaitai_struct_csharp_tests/tests/SpecProcessXorConst.cs /home/runner/work/ci_targets/ci_targets/tests/spec/csharp/kaitai_struct_csharp_tests/tests/SpecProcessXorValue.cs /home/runner/work/ci_targets/ci_targets/tests/spec/csharp/kaitai_struct_csharp_tests/tests/SpecRecursiveOne.cs /home/runner/work/ci_targets/ci_targets/tests/spec/csharp/kaitai_struct_csharp_tests/tests/SpecRepeatEosBit.cs /home/runner/work/ci_targets/ci_targets/tests/spec/csharp/kaitai_struct_csharp_tests/tests/SpecRepeatEosStruct.cs /home/runner/work/ci_targets/ci_targets/tests/spec/csharp/kaitai_struct_csharp_tests/tests/SpecRepeatEosU4.cs /home/runner/work/ci_targets/ci_targets/tests/spec/csharp/kaitai_struct_csharp_tests/tests/SpecRepeatNStruct.cs /home/runner/work/ci_targets/ci_targets/tests/spec/csharp/kaitai_struct_csharp_tests/tests/SpecRepeatNStrz.cs /home/runner/work/ci_targets/ci_targets/tests/spec/csharp/kaitai_struct_csharp_tests/tests/SpecRepeatNStrzDouble.cs /home/runner/work/ci_targets/ci_targets/tests/spec/csharp/kaitai_struct_csharp_tests/tests/SpecRepeatUntilCalcArrayType.cs /home/runner/work/ci_targets/ci_targets/tests/spec/csharp/kaitai_struct_csharp_tests/tests/SpecRepeatUntilComplex.cs /home/runner/work/ci_targets/ci_targets/tests/spec/csharp/kaitai_struct_csharp_tests/tests/SpecRepeatUntilS4.cs /home/runner/work/ci_targets/ci_targets/tests/spec/csharp/kaitai_struct_csharp_tests/tests/SpecRepeatUntilSized.cs /home/runner/work/ci_targets/ci_targets/tests/spec/csharp/kaitai_struct_csharp_tests/tests/SpecStrEncodings.cs /home/runner/work/ci_targets/ci_targets/tests/spec/csharp/kaitai_struct_csharp_tests/tests/SpecStrEncodingsDefault.cs /home/runner/work/ci_targets/ci_targets/tests/spec/csharp/kaitai_struct_csharp_tests/tests/SpecStrEos.cs /home/runner/work/ci_targets/ci_targets/tests/spec/csharp/kaitai_struct_csharp_tests/tests/SpecStrLiterals.cs /home/runner/work/ci_targets/ci_targets/tests/spec/csharp/kaitai_struct_csharp_tests/tests/SpecStrLiterals2.cs /home/runner/work/ci_targets/ci_targets/tests/spec/csharp/kaitai_struct_csharp_tests/tests/SpecStrPadTerm.cs /home/runner/work/ci_targets/ci_targets/tests/spec/csharp/kaitai_struct_csharp_tests/tests/SpecStrPadTermEmpty.cs /home/runner/work/ci_targets/ci_targets/tests/spec/csharp/kaitai_struct_csharp_tests/tests/SpecSwitchBytearray.cs /home/runner/work/ci_targets/ci_targets/tests/spec/csharp/kaitai_struct_csharp_tests/tests/SpecSwitchCast.cs /home/runner/work/ci_targets/ci_targets/tests/spec/csharp/kaitai_struct_csharp_tests/tests/SpecSwitchElseOnly.cs /home/runner/work/ci_targets/ci_targets/tests/spec/csharp/kaitai_struct_csharp_tests/tests/SpecSwitchIntegers.cs /home/runner/work/ci_targets/ci_targets/tests/spec/csharp/kaitai_struct_csharp_tests/tests/SpecSwitchIntegers2.cs /home/runner/work/ci_targets/ci_targets/tests/spec/csharp/kaitai_struct_csharp_tests/tests/SpecSwitchManualEnum.cs /home/runner/work/ci_targets/ci_targets/tests/spec/csharp/kaitai_struct_csharp_tests/tests/SpecSwitchManualEnumInvalid.cs /home/runner/work/ci_targets/ci_targets/tests/spec/csharp/kaitai_struct_csharp_tests/tests/SpecSwitchManualEnumInvalidElse.cs /home/runner/work/ci_targets/ci_targets/tests/spec/csharp/kaitai_struct_csharp_tests/tests/SpecSwitchManualInt.cs /home/runner/work/ci_targets/ci_targets/tests/spec/csharp/kaitai_struct_csharp_tests/tests/SpecSwitchManualIntElse.cs /home/runner/work/ci_targets/ci_targets/tests/spec/csharp/kaitai_struct_csharp_tests/tests/SpecSwitchManualIntSize.cs /home/runner/work/ci_targets/ci_targets/tests/spec/csharp/kaitai_struct_csharp_tests/tests/SpecSwitchManualIntSizeElse.cs /home/runner/work/ci_targets/ci_targets/tests/spec/csharp/kaitai_struct_csharp_tests/tests/SpecSwitchManualIntSizeEos.cs /home/runner/work/ci_targets/ci_targets/tests/spec/csharp/kaitai_struct_csharp_tests/tests/SpecSwitchManualStr.cs /home/runner/work/ci_targets/ci_targets/tests/spec/csharp/kaitai_struct_csharp_tests/tests/SpecSwitchManualStrElse.cs /home/runner/work/ci_targets/ci_targets/tests/spec/csharp/kaitai_struct_csharp_tests/tests/SpecSwitchMultiBoolOps.cs /home/runner/work/ci_targets/ci_targets/tests/spec/csharp/kaitai_struct_csharp_tests/tests/SpecSwitchRepeatExpr.cs /home/runner/work/ci_targets/ci_targets/tests/spec/csharp/kaitai_struct_csharp_tests/tests/SpecSwitchRepeatExprInvalid.cs /home/runner/work/ci_targets/ci_targets/tests/spec/csharp/kaitai_struct_csharp_tests/tests/SpecTermBytes.cs /home/runner/work/ci_targets/ci_targets/tests/spec/csharp/kaitai_struct_csharp_tests/tests/SpecTermStrz.cs /home/runner/work/ci_targets/ci_targets/tests/spec/csharp/kaitai_struct_csharp_tests/tests/SpecTsPacketHeader.cs /home/runner/work/ci_targets/ci_targets/tests/spec/csharp/kaitai_struct_csharp_tests/tests/SpecTypeIntUnaryOp.cs /home/runner/work/ci_targets/ci_targets/tests/spec/csharp/kaitai_struct_csharp_tests/tests/SpecTypeTernary.cs /home/runner/work/ci_targets/ci_targets/tests/spec/csharp/kaitai_struct_csharp_tests/tests/SpecTypeTernary2ndFalsy.cs /home/runner/work/ci_targets/ci_targets/tests/spec/csharp/kaitai_struct_csharp_tests/tests/SpecTypeTernaryOpaque.cs /home/runner/work/ci_targets/ci_targets/tests/spec/csharp/kaitai_struct_csharp_tests/tests/SpecUserType.cs /home/runner/work/ci_targets/ci_targets/tests/spec/csharp/kaitai_struct_csharp_tests/tests/SpecValidFailAnyofInt.cs /home/runner/work/ci_targets/ci_targets/tests/spec/csharp/kaitai_struct_csharp_tests/tests/SpecValidFailContents.cs /home/runner/work/ci_targets/ci_targets/tests/spec/csharp/kaitai_struct_csharp_tests/tests/SpecValidFailEqBytes.cs /home/runner/work/ci_targets/ci_targets/tests/spec/csharp/kaitai_struct_csharp_tests/tests/SpecValidFailEqInt.cs /home/runner/work/ci_targets/ci_targets/tests/spec/csharp/kaitai_struct_csharp_tests/tests/SpecValidFailExpr.cs /home/runner/work/ci_targets/ci_targets/tests/spec/csharp/kaitai_struct_csharp_tests/tests/SpecValidFailInst.cs /home/runner/work/ci_targets/ci_targets/tests/spec/csharp/kaitai_struct_csharp_tests/tests/SpecValidFailMaxInt.cs /home/runner/work/ci_targets/ci_targets/tests/spec/csharp/kaitai_struct_csharp_tests/tests/SpecValidFailMinInt.cs /home/runner/work/ci_targets/ci_targets/tests/spec/csharp/kaitai_struct_csharp_tests/tests/SpecValidFailRangeBytes.cs /home/runner/work/ci_targets/ci_targets/tests/spec/csharp/kaitai_struct_csharp_tests/tests/SpecValidFailRangeFloat.cs /home/runner/work/ci_targets/ci_targets/tests/spec/csharp/kaitai_struct_csharp_tests/tests/SpecValidFailRangeInt.cs /home/runner/work/ci_targets/ci_targets/tests/spec/csharp/kaitai_struct_csharp_tests/tests/SpecValidFailRangeStr.cs /home/runner/work/ci_targets/ci_targets/tests/spec/csharp/kaitai_struct_csharp_tests/tests/SpecValidLong.cs /home/runner/work/ci_targets/ci_targets/tests/spec/csharp/kaitai_struct_csharp_tests/tests/SpecValidNotParsedIf.cs /home/runner/work/ci_targets/ci_targets/tests/spec/csharp/kaitai_struct_csharp_tests/tests/SpecValidShort.cs /home/runner/work/ci_targets/ci_targets/tests/spec/csharp/kaitai_struct_csharp_tests/tests/SpecValidSwitch.cs /home/runner/work/ci_targets/ci_targets/tests/spec/csharp/kaitai_struct_csharp_tests/tests/SpecYamlInts.cs /home/runner/work/ci_targets/ci_targets/tests/spec/csharp/kaitai_struct_csharp_tests/tests/SpecZlibSurrounded.cs /home/runner/work/ci_targets/ci_targets/tests/spec/csharp/kaitai_struct_csharp_tests/tests/SpecZlibWithHeader78.cs "obj/Debug/.NETFramework,Version=v4.5.AssemblyAttributes.cs"
  Using shared compilation with compiler from directory: /usr/lib/mono/msbuild/Current/bin/Roslyn
tests/SpecZlibWithHeader78.cs(13,21): error CS0103: The name 'ZlibWithHeader78' does not exist in the current context [/home/runner/work/ci_targets/ci_targets/tests/spec/csharp/kaitai_struct_csharp_tests/kaitai_struct_csharp_tests.csproj]
tests/SpecBcdUserTypeLe.cs(13,21): error CS0103: The name 'BcdUserTypeLe' does not exist in the current context [/home/runner/work/ci_targets/ci_targets/tests/spec/csharp/kaitai_struct_csharp_tests/kaitai_struct_csharp_tests.csproj]
tests/SpecBitsEnum.cs(13,21): error CS0103: The name 'BitsEnum' does not exist in the current context [/home/runner/work/ci_targets/ci_targets/tests/spec/csharp/kaitai_struct_csharp_tests/kaitai_struct_csharp_tests.csproj]
tests/SpecBitsEnum.cs(15,36): error CS0103: The name 'BitsEnum' does not exist in the current context [/home/runner/work/ci_targets/ci_targets/tests/spec/csharp/kaitai_struct_csharp_tests/kaitai_struct_csharp_tests.csproj]
tests/SpecBitsEnum.cs(16,36): error CS0103: The name 'BitsEnum' does not exist in the current context [/home/runner/work/ci_targets/ci_targets/tests/spec/csharp/kaitai_struct_csharp_tests/kaitai_struct_csharp_tests.csproj]
tests/SpecBitsEnum.cs(17,38): error CS0103: The name 'BitsEnum' does not exist in the current context [/home/runner/work/ci_targets/ci_targets/tests/spec/csharp/kaitai_struct_csharp_tests/kaitai_struct_csharp_tests.csproj]
tests/SpecBitsByteAligned.cs(13,21): error CS0103: The name 'BitsByteAligned' does not exist in the current context [/home/runner/work/ci_targets/ci_targets/tests/spec/csharp/kaitai_struct_csharp_tests/kaitai_struct_csharp_tests.csproj]
tests/SpecBitsSeqEndianCombo.cs(13,21): error CS0103: The name 'BitsSeqEndianCombo' does not exist in the current context [/home/runner/work/ci_targets/ci_targets/tests/spec/csharp/kaitai_struct_csharp_tests/kaitai_struct_csharp_tests.csproj]
tests/SpecBitsSimple.cs(13,21): error CS0103: The name 'BitsSimple' does not exist in the current context [/home/runner/work/ci_targets/ci_targets/tests/spec/csharp/kaitai_struct_csharp_tests/kaitai_struct_csharp_tests.csproj]
tests/SpecBitsSimpleLe.cs(13,21): error CS0103: The name 'BitsSimpleLe' does not exist in the current context [/home/runner/work/ci_targets/ci_targets/tests/spec/csharp/kaitai_struct_csharp_tests/kaitai_struct_csharp_tests.csproj]
tests/SpecBufferedStruct.cs(13,21): error CS0103: The name 'BufferedStruct' does not exist in the current context [/home/runner/work/ci_targets/ci_targets/tests/spec/csharp/kaitai_struct_csharp_tests/kaitai_struct_csharp_tests.csproj]
tests/SpecCastNested.cs(13,21): error CS0103: The name 'CastNested' does not exist in the current context [/home/runner/work/ci_targets/ci_targets/tests/spec/csharp/kaitai_struct_csharp_tests/kaitai_struct_csharp_tests.csproj]
tests/SpecBytesPadTerm.cs(13,21): error CS0103: The name 'BytesPadTerm' does not exist in the current context [/home/runner/work/ci_targets/ci_targets/tests/spec/csharp/kaitai_struct_csharp_tests/kaitai_struct_csharp_tests.csproj]
tests/SpecCastToImported.cs(13,21): error CS0103: The name 'CastToImported' does not exist in the current context [/home/runner/work/ci_targets/ci_targets/tests/spec/csharp/kaitai_struct_csharp_tests/kaitai_struct_csharp_tests.csproj]
tests/SpecCastToTop.cs(13,21): error CS0103: The name 'CastToTop' does not exist in the current context [/home/runner/work/ci_targets/ci_targets/tests/spec/csharp/kaitai_struct_csharp_tests/kaitai_struct_csharp_tests.csproj]
tests/SpecBcdUserTypeBe.cs(13,21): error CS0103: The name 'BcdUserTypeBe' does not exist in the current context [/home/runner/work/ci_targets/ci_targets/tests/spec/csharp/kaitai_struct_csharp_tests/kaitai_struct_csharp_tests.csproj]
tests/SpecCombineBool.cs(13,21): error CS0103: The name 'CombineBool' does not exist in the current context [/home/runner/work/ci_targets/ci_targets/tests/spec/csharp/kaitai_struct_csharp_tests/kaitai_struct_csharp_tests.csproj]
tests/SpecCombineEnum.cs(13,21): error CS0103: The name 'CombineEnum' does not exist in the current context [/home/runner/work/ci_targets/ci_targets/tests/spec/csharp/kaitai_struct_csharp_tests/kaitai_struct_csharp_tests.csproj]
tests/SpecCombineEnum.cs(15,39): error CS0103: The name 'CombineEnum' does not exist in the current context [/home/runner/work/ci_targets/ci_targets/tests/spec/csharp/kaitai_struct_csharp_tests/kaitai_struct_csharp_tests.csproj]
tests/SpecCombineEnum.cs(16,39): error CS0103: The name 'CombineEnum' does not exist in the current context [/home/runner/work/ci_targets/ci_targets/tests/spec/csharp/kaitai_struct_csharp_tests/kaitai_struct_csharp_tests.csproj]
tests/SpecCombineEnum.cs(17,41): error CS0103: The name 'CombineEnum' does not exist in the current context [/home/runner/work/ci_targets/ci_targets/tests/spec/csharp/kaitai_struct_csharp_tests/kaitai_struct_csharp_tests.csproj]
tests/SpecCombineStr.cs(13,21): error CS0103: The name 'CombineStr' does not exist in the current context [/home/runner/work/ci_targets/ci_targets/tests/spec/csharp/kaitai_struct_csharp_tests/kaitai_struct_csharp_tests.csproj]
tests/SpecDefaultBigEndian.cs(13,21): error CS0103: The name 'DefaultBigEndian' does not exist in the current context [/home/runner/work/ci_targets/ci_targets/tests/spec/csharp/kaitai_struct_csharp_tests/kaitai_struct_csharp_tests.csproj]
tests/SpecZlibSurrounded.cs(13,21): error CS0103: The name 'ZlibSurrounded' does not exist in the current context [/home/runner/work/ci_targets/ci_targets/tests/spec/csharp/kaitai_struct_csharp_tests/kaitai_struct_csharp_tests.csproj]
tests/SpecDefaultBitEndianMod.cs(13,21): error CS0103: The name 'DefaultBitEndianMod' does not exist in the current context [/home/runner/work/ci_targets/ci_targets/tests/spec/csharp/kaitai_struct_csharp_tests/kaitai_struct_csharp_tests.csproj]
tests/SpecYamlInts.cs(13,21): error CS0103: The name 'YamlInts' does not exist in the current context [/home/runner/work/ci_targets/ci_targets/tests/spec/csharp/kaitai_struct_csharp_tests/kaitai_struct_csharp_tests.csproj]
tests/SpecValidSwitch.cs(13,21): error CS0103: The name 'ValidSwitch' does not exist in the current context [/home/runner/work/ci_targets/ci_targets/tests/spec/csharp/kaitai_struct_csharp_tests/kaitai_struct_csharp_tests.csproj]
tests/SpecValidShort.cs(13,21): error CS0103: The name 'ValidShort' does not exist in the current context [/home/runner/work/ci_targets/ci_targets/tests/spec/csharp/kaitai_struct_csharp_tests/kaitai_struct_csharp_tests.csproj]
tests/SpecValidNotParsedIf.cs(13,21): error CS0103: The name 'ValidNotParsedIf' does not exist in the current context [/home/runner/work/ci_targets/ci_targets/tests/spec/csharp/kaitai_struct_csharp_tests/kaitai_struct_csharp_tests.csproj]
tests/SpecValidLong.cs(13,21): error CS0103: The name 'ValidLong' does not exist in the current context [/home/runner/work/ci_targets/ci_targets/tests/spec/csharp/kaitai_struct_csharp_tests/kaitai_struct_csharp_tests.csproj]
tests/SpecDebugSwitchUser.cs(13,21): error CS0103: The name 'DebugSwitchUser' does not exist in the current context [/home/runner/work/ci_targets/ci_targets/tests/spec/csharp/kaitai_struct_csharp_tests/kaitai_struct_csharp_tests.csproj]
tests/SpecDebugSwitchUser.cs(18,31): error CS0246: The type or namespace name 'DebugSwitchUser' could not be found (are you missing a using directive or an assembly reference?) [/home/runner/work/ci_targets/ci_targets/tests/spec/csharp/kaitai_struct_csharp_tests/kaitai_struct_csharp_tests.csproj]
tests/SpecCombineBytes.cs(13,21): error CS0103: The name 'CombineBytes' does not exist in the current context [/home/runner/work/ci_targets/ci_targets/tests/spec/csharp/kaitai_struct_csharp_tests/kaitai_struct_csharp_tests.csproj]
tests/SpecDefaultEndianExprInherited.cs(13,21): error CS0103: The name 'DefaultEndianExprInherited' does not exist in the current context [/home/runner/work/ci_targets/ci_targets/tests/spec/csharp/kaitai_struct_csharp_tests/kaitai_struct_csharp_tests.csproj]
tests/SpecDefaultEndianExprIsBe.cs(13,21): error CS0103: The name 'DefaultEndianExprIsBe' does not exist in the current context [/home/runner/work/ci_targets/ci_targets/tests/spec/csharp/kaitai_struct_csharp_tests/kaitai_struct_csharp_tests.csproj]
tests/SpecDefaultEndianExprIsLe.cs(13,21): error CS0103: The name 'DefaultEndianExprIsLe' does not exist in the current context [/home/runner/work/ci_targets/ci_targets/tests/spec/csharp/kaitai_struct_csharp_tests/kaitai_struct_csharp_tests.csproj]
tests/SpecDefaultEndianMod.cs(13,21): error CS0103: The name 'DefaultEndianMod' does not exist in the current context [/home/runner/work/ci_targets/ci_targets/tests/spec/csharp/kaitai_struct_csharp_tests/kaitai_struct_csharp_tests.csproj]
tests/SpecDocstrings.cs(13,21): error CS0103: The name 'Docstrings' does not exist in the current context [/home/runner/work/ci_targets/ci_targets/tests/spec/csharp/kaitai_struct_csharp_tests/kaitai_struct_csharp_tests.csproj]
tests/SpecDocstringsDocref.cs(13,21): error CS0103: The name 'DocstringsDocref' does not exist in the current context [/home/runner/work/ci_targets/ci_targets/tests/spec/csharp/kaitai_struct_csharp_tests/kaitai_struct_csharp_tests.csproj]
tests/SpecDocstringsDocrefMulti.cs(13,21): error CS0103: The name 'DocstringsDocrefMulti' does not exist in the current context [/home/runner/work/ci_targets/ci_targets/tests/spec/csharp/kaitai_struct_csharp_tests/kaitai_struct_csharp_tests.csproj]
tests/SpecEnum0.cs(13,21): error CS0103: The name 'Enum0' does not exist in the current context [/home/runner/work/ci_targets/ci_targets/tests/spec/csharp/kaitai_struct_csharp_tests/kaitai_struct_csharp_tests.csproj]
tests/SpecEnum0.cs(15,37): error CS0103: The name 'Enum0' does not exist in the current context [/home/runner/work/ci_targets/ci_targets/tests/spec/csharp/kaitai_struct_csharp_tests/kaitai_struct_csharp_tests.csproj]
tests/SpecEnum0.cs(16,37): error CS0103: The name 'Enum0' does not exist in the current context [/home/runner/work/ci_targets/ci_targets/tests/spec/csharp/kaitai_struct_csharp_tests/kaitai_struct_csharp_tests.csproj]
tests/SpecEnum1.cs(13,21): error CS0103: The name 'Enum1' does not exist in the current context [/home/runner/work/ci_targets/ci_targets/tests/spec/csharp/kaitai_struct_csharp_tests/kaitai_struct_csharp_tests.csproj]
tests/SpecEnum1.cs(15,50): error CS0103: The name 'Enum1' does not exist in the current context [/home/runner/work/ci_targets/ci_targets/tests/spec/csharp/kaitai_struct_csharp_tests/kaitai_struct_csharp_tests.csproj]
tests/SpecEnum1.cs(16,50): error CS0103: The name 'Enum1' does not exist in the current context [/home/runner/work/ci_targets/ci_targets/tests/spec/csharp/kaitai_struct_csharp_tests/kaitai_struct_csharp_tests.csproj]
tests/SpecEnumDeep.cs(13,21): error CS0103: The name 'EnumDeep' does not exist in the current context [/home/runner/work/ci_targets/ci_targets/tests/spec/csharp/kaitai_struct_csharp_tests/kaitai_struct_csharp_tests.csproj]
tests/SpecEnumDeep.cs(15,37): error CS0103: The name 'EnumDeep' does not exist in the current context [/home/runner/work/ci_targets/ci_targets/tests/spec/csharp/kaitai_struct_csharp_tests/kaitai_struct_csharp_tests.csproj]
tests/SpecEnumDeep.cs(16,37): error CS0103: The name 'EnumDeep' does not exist in the current context [/home/runner/work/ci_targets/ci_targets/tests/spec/csharp/kaitai_struct_csharp_tests/kaitai_struct_csharp_tests.csproj]
tests/SpecEnumDeepLiterals.cs(13,21): error CS0103: The name 'EnumDeepLiterals' does not exist in the current context [/home/runner/work/ci_targets/ci_targets/tests/spec/csharp/kaitai_struct_csharp_tests/kaitai_struct_csharp_tests.csproj]
tests/SpecEnumFancy.cs(13,21): error CS0103: The name 'EnumFancy' does not exist in the current context [/home/runner/work/ci_targets/ci_targets/tests/spec/csharp/kaitai_struct_csharp_tests/kaitai_struct_csharp_tests.csproj]
tests/SpecEnumFancy.cs(15,37): error CS0103: The name 'EnumFancy' does not exist in the current context [/home/runner/work/ci_targets/ci_targets/tests/spec/csharp/kaitai_struct_csharp_tests/kaitai_struct_csharp_tests.csproj]
tests/SpecEnumFancy.cs(16,37): error CS0103: The name 'EnumFancy' does not exist in the current context [/home/runner/work/ci_targets/ci_targets/tests/spec/csharp/kaitai_struct_csharp_tests/kaitai_struct_csharp_tests.csproj]
tests/SpecEnumForUnknownId.cs(11,21): error CS0103: The name 'EnumForUnknownId' does not exist in the current context [/home/runner/work/ci_targets/ci_targets/tests/spec/csharp/kaitai_struct_csharp_tests/kaitai_struct_csharp_tests.csproj]
tests/SpecEnumForUnknownId.cs(12,44): error CS0234: The type or namespace name 'EnumForUnknownId' does not exist in the namespace 'Kaitai' (are you missing an assembly reference?) [/home/runner/work/ci_targets/ci_targets/tests/spec/csharp/kaitai_struct_csharp_tests/kaitai_struct_csharp_tests.csproj]
tests/SpecEnumImport.cs(13,21): error CS0103: The name 'EnumImport' does not exist in the current context [/home/runner/work/ci_targets/ci_targets/tests/spec/csharp/kaitai_struct_csharp_tests/kaitai_struct_csharp_tests.csproj]
tests/SpecEnumImport.cs(15,37): error CS0103: The name 'Enum0' does not exist in the current context [/home/runner/work/ci_targets/ci_targets/tests/spec/csharp/kaitai_struct_csharp_tests/kaitai_struct_csharp_tests.csproj]
tests/SpecEnumImport.cs(16,37): error CS0103: The name 'EnumDeep' does not exist in the current context [/home/runner/work/ci_targets/ci_targets/tests/spec/csharp/kaitai_struct_csharp_tests/kaitai_struct_csharp_tests.csproj]
tests/SpecEnumIntRangeS.cs(13,21): error CS0103: The name 'EnumIntRangeS' does not exist in the current context [/home/runner/work/ci_targets/ci_targets/tests/spec/csharp/kaitai_struct_csharp_tests/kaitai_struct_csharp_tests.csproj]
tests/SpecEnumIntRangeS.cs(15,35): error CS0103: The name 'EnumIntRangeS' does not exist in the current context [/home/runner/work/ci_targets/ci_targets/tests/spec/csharp/kaitai_struct_csharp_tests/kaitai_struct_csharp_tests.csproj]
tests/SpecEnumIntRangeS.cs(16,35): error CS0103: The name 'EnumIntRangeS' does not exist in the current context [/home/runner/work/ci_targets/ci_targets/tests/spec/csharp/kaitai_struct_csharp_tests/kaitai_struct_csharp_tests.csproj]
tests/SpecEnumIntRangeS.cs(17,35): error CS0103: The name 'EnumIntRangeS' does not exist in the current context [/home/runner/work/ci_targets/ci_targets/tests/spec/csharp/kaitai_struct_csharp_tests/kaitai_struct_csharp_tests.csproj]
tests/SpecEnumIntRangeU.cs(13,21): error CS0103: The name 'EnumIntRangeU' does not exist in the current context [/home/runner/work/ci_targets/ci_targets/tests/spec/csharp/kaitai_struct_csharp_tests/kaitai_struct_csharp_tests.csproj]
tests/SpecEnumIntRangeU.cs(15,35): error CS0103: The name 'EnumIntRangeU' does not exist in the current context [/home/runner/work/ci_targets/ci_targets/tests/spec/csharp/kaitai_struct_csharp_tests/kaitai_struct_csharp_tests.csproj]
tests/SpecEnumIntRangeU.cs(16,35): error CS0103: The name 'EnumIntRangeU' does not exist in the current context [/home/runner/work/ci_targets/ci_targets/tests/spec/csharp/kaitai_struct_csharp_tests/kaitai_struct_csharp_tests.csproj]
tests/SpecEnumInvalid.cs(11,21): error CS0103: The name 'EnumInvalid' does not exist in the current context [/home/runner/work/ci_targets/ci_targets/tests/spec/csharp/kaitai_struct_csharp_tests/kaitai_struct_csharp_tests.csproj]
tests/SpecEnumInvalid.cs(13,37): error CS0103: The name 'EnumInvalid' does not exist in the current context [/home/runner/work/ci_targets/ci_targets/tests/spec/csharp/kaitai_struct_csharp_tests/kaitai_struct_csharp_tests.csproj]
tests/SpecEnumInvalid.cs(14,38): error CS0246: The type or namespace name 'EnumInvalid' could not be found (are you missing a using directive or an assembly reference?) [/home/runner/work/ci_targets/ci_targets/tests/spec/csharp/kaitai_struct_csharp_tests/kaitai_struct_csharp_tests.csproj]
tests/SpecEnumLongRangeS.cs(13,21): error CS0103: The name 'EnumLongRangeS' does not exist in the current context [/home/runner/work/ci_targets/ci_targets/tests/spec/csharp/kaitai_struct_csharp_tests/kaitai_struct_csharp_tests.csproj]
tests/SpecEnumLongRangeS.cs(15,35): error CS0103: The name 'EnumLongRangeS' does not exist in the current context [/home/runner/work/ci_targets/ci_targets/tests/spec/csharp/kaitai_struct_csharp_tests/kaitai_struct_csharp_tests.csproj]
tests/SpecEnumLongRangeS.cs(16,35): error CS0103: The name 'EnumLongRangeS' does not exist in the current context [/home/runner/work/ci_targets/ci_targets/tests/spec/csharp/kaitai_struct_csharp_tests/kaitai_struct_csharp_tests.csproj]
tests/SpecEnumLongRangeS.cs(17,35): error CS0103: The name 'EnumLongRangeS' does not exist in the current context [/home/runner/work/ci_targets/ci_targets/tests/spec/csharp/kaitai_struct_csharp_tests/kaitai_struct_csharp_tests.csproj]
tests/SpecEnumLongRangeS.cs(18,35): error CS0103: The name 'EnumLongRangeS' does not exist in the current context [/home/runner/work/ci_targets/ci_targets/tests/spec/csharp/kaitai_struct_csharp_tests/kaitai_struct_csharp_tests.csproj]
tests/SpecEnumLongRangeS.cs(19,35): error CS0103: The name 'EnumLongRangeS' does not exist in the current context [/home/runner/work/ci_targets/ci_targets/tests/spec/csharp/kaitai_struct_csharp_tests/kaitai_struct_csharp_tests.csproj]
tests/SpecEnumLongRangeS.cs(20,35): error CS0103: The name 'EnumLongRangeS' does not exist in the current context [/home/runner/work/ci_targets/ci_targets/tests/spec/csharp/kaitai_struct_csharp_tests/kaitai_struct_csharp_tests.csproj]
tests/SpecEnumLongRangeS.cs(21,35): error CS0103: The name 'EnumLongRangeS' does not exist in the current context [/home/runner/work/ci_targets/ci_targets/tests/spec/csharp/kaitai_struct_csharp_tests/kaitai_struct_csharp_tests.csproj]
tests/SpecDebugArrayUser.cs(13,13): error CS0246: The type or namespace name 'DebugArrayUser' could not be found (are you missing a using directive or an assembly reference?) [/home/runner/work/ci_targets/ci_targets/tests/spec/csharp/kaitai_struct_csharp_tests/kaitai_struct_csharp_tests.csproj]
tests/SpecDebugArrayUser.cs(13,32): error CS0103: The name 'DebugArrayUser' does not exist in the current context [/home/runner/work/ci_targets/ci_targets/tests/spec/csharp/kaitai_struct_csharp_tests/kaitai_struct_csharp_tests.csproj]
tests/SpecEnumNegative.cs(13,21): error CS0103: The name 'EnumNegative' does not exist in the current context [/home/runner/work/ci_targets/ci_targets/tests/spec/csharp/kaitai_struct_csharp_tests/kaitai_struct_csharp_tests.csproj]
tests/SpecEnumNegative.cs(15,35): error CS0103: The name 'EnumNegative' does not exist in the current context [/home/runner/work/ci_targets/ci_targets/tests/spec/csharp/kaitai_struct_csharp_tests/kaitai_struct_csharp_tests.csproj]
tests/SpecEnumNegative.cs(16,35): error CS0103: The name 'EnumNegative' does not exist in the current context [/home/runner/work/ci_targets/ci_targets/tests/spec/csharp/kaitai_struct_csharp_tests/kaitai_struct_csharp_tests.csproj]
tests/SpecEnumLongRangeU.cs(13,21): error CS0103: The name 'EnumLongRangeU' does not exist in the current context [/home/runner/work/ci_targets/ci_targets/tests/spec/csharp/kaitai_struct_csharp_tests/kaitai_struct_csharp_tests.csproj]
tests/SpecEnumLongRangeU.cs(15,35): error CS0103: The name 'EnumLongRangeU' does not exist in the current context [/home/runner/work/ci_targets/ci_targets/tests/spec/csharp/kaitai_struct_csharp_tests/kaitai_struct_csharp_tests.csproj]
tests/SpecEnumLongRangeU.cs(16,35): error CS0103: The name 'EnumLongRangeU' does not exist in the current context [/home/runner/work/ci_targets/ci_targets/tests/spec/csharp/kaitai_struct_csharp_tests/kaitai_struct_csharp_tests.csproj]
tests/SpecEnumLongRangeU.cs(17,35): error CS0103: The name 'EnumLongRangeU' does not exist in the current context [/home/runner/work/ci_targets/ci_targets/tests/spec/csharp/kaitai_struct_csharp_tests/kaitai_struct_csharp_tests.csproj]
tests/SpecEnumLongRangeU.cs(18,35): error CS0103: The name 'EnumLongRangeU' does not exist in the current context [/home/runner/work/ci_targets/ci_targets/tests/spec/csharp/kaitai_struct_csharp_tests/kaitai_struct_csharp_tests.csproj]
tests/SpecEnumToI.cs(13,21): error CS0103: The name 'EnumToI' does not exist in the current context [/home/runner/work/ci_targets/ci_targets/tests/spec/csharp/kaitai_struct_csharp_tests/kaitai_struct_csharp_tests.csproj]
tests/SpecEnumToI.cs(15,37): error CS0103: The name 'EnumToI' does not exist in the current context [/home/runner/work/ci_targets/ci_targets/tests/spec/csharp/kaitai_struct_csharp_tests/kaitai_struct_csharp_tests.csproj]
tests/SpecEnumToI.cs(16,37): error CS0103: The name 'EnumToI' does not exist in the current context [/home/runner/work/ci_targets/ci_targets/tests/spec/csharp/kaitai_struct_csharp_tests/kaitai_struct_csharp_tests.csproj]
tests/SpecEnumOfValueInst.cs(13,21): error CS0103: The name 'EnumOfValueInst' does not exist in the current context [/home/runner/work/ci_targets/ci_targets/tests/spec/csharp/kaitai_struct_csharp_tests/kaitai_struct_csharp_tests.csproj]
tests/SpecEnumOfValueInst.cs(15,37): error CS0103: The name 'EnumOfValueInst' does not exist in the current context [/home/runner/work/ci_targets/ci_targets/tests/spec/csharp/kaitai_struct_csharp_tests/kaitai_struct_csharp_tests.csproj]
tests/SpecEnumOfValueInst.cs(16,37): error CS0103: The name 'EnumOfValueInst' does not exist in the current context [/home/runner/work/ci_targets/ci_targets/tests/spec/csharp/kaitai_struct_csharp_tests/kaitai_struct_csharp_tests.csproj]
tests/SpecEnumOfValueInst.cs(17,37): error CS0103: The name 'EnumOfValueInst' does not exist in the current context [/home/runner/work/ci_targets/ci_targets/tests/spec/csharp/kaitai_struct_csharp_tests/kaitai_struct_csharp_tests.csproj]
tests/SpecEnumOfValueInst.cs(18,37): error CS0103: The name 'EnumOfValueInst' does not exist in the current context [/home/runner/work/ci_targets/ci_targets/tests/spec/csharp/kaitai_struct_csharp_tests/kaitai_struct_csharp_tests.csproj]
tests/SpecEnumToIClassBorder1.cs(13,21): error CS0103: The name 'EnumToIClassBorder1' does not exist in the current context [/home/runner/work/ci_targets/ci_targets/tests/spec/csharp/kaitai_struct_csharp_tests/kaitai_struct_csharp_tests.csproj]
tests/SpecEnumToIClassBorder1.cs(15,37): error CS0103: The name 'EnumToIClassBorder1' does not exist in the current context [/home/runner/work/ci_targets/ci_targets/tests/spec/csharp/kaitai_struct_csharp_tests/kaitai_struct_csharp_tests.csproj]
tests/SpecEnumToIClassBorder1.cs(16,37): error CS0103: The name 'EnumToIClassBorder1' does not exist in the current context [/home/runner/work/ci_targets/ci_targets/tests/spec/csharp/kaitai_struct_csharp_tests/kaitai_struct_csharp_tests.csproj]
tests/SpecEnumIf.cs(13,21): error CS0103: The name 'EnumIf' does not exist in the current context [/home/runner/work/ci_targets/ci_targets/tests/spec/csharp/kaitai_struct_csharp_tests/kaitai_struct_csharp_tests.csproj]
tests/SpecEnumIf.cs(15,43): error CS0103: The name 'EnumIf' does not exist in the current context [/home/runner/work/ci_targets/ci_targets/tests/spec/csharp/kaitai_struct_csharp_tests/kaitai_struct_csharp_tests.csproj]
tests/SpecEnumIf.cs(17,43): error CS0103: The name 'EnumIf' does not exist in the current context [/home/runner/work/ci_targets/ci_targets/tests/spec/csharp/kaitai_struct_csharp_tests/kaitai_struct_csharp_tests.csproj]
tests/SpecEnumIf.cs(20,43): error CS0103: The name 'EnumIf' does not exist in the current context [/home/runner/work/ci_targets/ci_targets/tests/spec/csharp/kaitai_struct_csharp_tests/kaitai_struct_csharp_tests.csproj]
tests/SpecEofExceptionBytes.cs(17,21): error CS0103: The name 'EofExceptionBytes' does not exist in the current context [/home/runner/work/ci_targets/ci_targets/tests/spec/csharp/kaitai_struct_csharp_tests/kaitai_struct_csharp_tests.csproj]
tests/SpecEofExceptionU4.cs(17,21): error CS0103: The name 'EofExceptionU4' does not exist in the current context [/home/runner/work/ci_targets/ci_targets/tests/spec/csharp/kaitai_struct_csharp_tests/kaitai_struct_csharp_tests.csproj]
tests/SpecEosExceptionU4.cs(17,21): error CS0103: The name 'EosExceptionU4' does not exist in the current context [/home/runner/work/ci_targets/ci_targets/tests/spec/csharp/kaitai_struct_csharp_tests/kaitai_struct_csharp_tests.csproj]
tests/SpecExpr0.cs(13,21): error CS0103: The name 'Expr0' does not exist in the current context [/home/runner/work/ci_targets/ci_targets/tests/spec/csharp/kaitai_struct_csharp_tests/kaitai_struct_csharp_tests.csproj]
tests/SpecExpr1.cs(13,21): error CS0103: The name 'Expr1' does not exist in the current context [/home/runner/work/ci_targets/ci_targets/tests/spec/csharp/kaitai_struct_csharp_tests/kaitai_struct_csharp_tests.csproj]
tests/SpecExpr2.cs(13,21): error CS0103: The name 'Expr2' does not exist in the current context [/home/runner/work/ci_targets/ci_targets/tests/spec/csharp/kaitai_struct_csharp_tests/kaitai_struct_csharp_tests.csproj]
tests/SpecExpr3.cs(13,21): error CS0103: The name 'Expr3' does not exist in the current context [/home/runner/work/ci_targets/ci_targets/tests/spec/csharp/kaitai_struct_csharp_tests/kaitai_struct_csharp_tests.csproj]
tests/SpecDefaultEndianExprException.cs(16,21): error CS0103: The name 'DefaultEndianExprException' does not exist in the current context [/home/runner/work/ci_targets/ci_targets/tests/spec/csharp/kaitai_struct_csharp_tests/kaitai_struct_csharp_tests.csproj]
tests/SpecExprBytesCmp.cs(13,21): error CS0103: The name 'ExprBytesCmp' does not exist in the current context [/home/runner/work/ci_targets/ci_targets/tests/spec/csharp/kaitai_struct_csharp_tests/kaitai_struct_csharp_tests.csproj]
tests/SpecExprArray.cs(13,21): error CS0103: The name 'ExprArray' does not exist in the current context [/home/runner/work/ci_targets/ci_targets/tests/spec/csharp/kaitai_struct_csharp_tests/kaitai_struct_csharp_tests.csproj]
tests/SpecExprBytesLiteral.cs(13,21): error CS0103: The name 'ExprBytesLiteral' does not exist in the current context [/home/runner/work/ci_targets/ci_targets/tests/spec/csharp/kaitai_struct_csharp_tests/kaitai_struct_csharp_tests.csproj]
tests/SpecExprBytesOps.cs(13,21): error CS0103: The name 'ExprBytesOps' does not exist in the current context [/home/runner/work/ci_targets/ci_targets/tests/spec/csharp/kaitai_struct_csharp_tests/kaitai_struct_csharp_tests.csproj]
tests/SpecExprEnum.cs(13,21): error CS0103: The name 'ExprEnum' does not exist in the current context [/home/runner/work/ci_targets/ci_targets/tests/spec/csharp/kaitai_struct_csharp_tests/kaitai_struct_csharp_tests.csproj]
tests/SpecExprEnum.cs(15,41): error CS0103: The name 'ExprEnum' does not exist in the current context [/home/runner/work/ci_targets/ci_targets/tests/spec/csharp/kaitai_struct_csharp_tests/kaitai_struct_csharp_tests.csproj]
tests/SpecExprEnum.cs(16,44): error CS0103: The name 'ExprEnum' does not exist in the current context [/home/runner/work/ci_targets/ci_targets/tests/spec/csharp/kaitai_struct_csharp_tests/kaitai_struct_csharp_tests.csproj]
tests/SpecExprEnum.cs(17,43): error CS0103: The name 'ExprEnum' does not exist in the current context [/home/runner/work/ci_targets/ci_targets/tests/spec/csharp/kaitai_struct_csharp_tests/kaitai_struct_csharp_tests.csproj]
tests/SpecExprIfIntOps.cs(13,21): error CS0103: The name 'ExprIfIntOps' does not exist in the current context [/home/runner/work/ci_targets/ci_targets/tests/spec/csharp/kaitai_struct_csharp_tests/kaitai_struct_csharp_tests.csproj]
tests/SpecExprCalcArrayOps.cs(13,21): error CS0103: The name 'ExprCalcArrayOps' does not exist in the current context [/home/runner/work/ci_targets/ci_targets/tests/spec/csharp/kaitai_struct_csharp_tests/kaitai_struct_csharp_tests.csproj]
tests/SpecExprIntDiv.cs(13,21): error CS0103: The name 'ExprIntDiv' does not exist in the current context [/home/runner/work/ci_targets/ci_targets/tests/spec/csharp/kaitai_struct_csharp_tests/kaitai_struct_csharp_tests.csproj]
tests/SpecExprIoEof.cs(13,21): error CS0103: The name 'ExprIoEof' does not exist in the current context [/home/runner/work/ci_targets/ci_targets/tests/spec/csharp/kaitai_struct_csharp_tests/kaitai_struct_csharp_tests.csproj]
tests/SpecEosExceptionBytes.cs(17,21): error CS0103: The name 'EosExceptionBytes' does not exist in the current context [/home/runner/work/ci_targets/ci_targets/tests/spec/csharp/kaitai_struct_csharp_tests/kaitai_struct_csharp_tests.csproj]
tests/SpecExprBits.cs(13,21): error CS0103: The name 'ExprBits' does not exist in the current context [/home/runner/work/ci_targets/ci_targets/tests/spec/csharp/kaitai_struct_csharp_tests/kaitai_struct_csharp_tests.csproj]
tests/SpecExprBits.cs(16,40): error CS0103: The name 'ExprBits' does not exist in the current context [/home/runner/work/ci_targets/ci_targets/tests/spec/csharp/kaitai_struct_csharp_tests/kaitai_struct_csharp_tests.csproj]
tests/SpecExprBits.cs(23,41): error CS0103: The name 'ExprBits' does not exist in the current context [/home/runner/work/ci_targets/ci_targets/tests/spec/csharp/kaitai_struct_csharp_tests/kaitai_struct_csharp_tests.csproj]
tests/SpecExprOpsParens.cs(13,21): error CS0103: The name 'ExprOpsParens' does not exist in the current context [/home/runner/work/ci_targets/ci_targets/tests/spec/csharp/kaitai_struct_csharp_tests/kaitai_struct_csharp_tests.csproj]
tests/SpecExprIoPos.cs(13,21): error CS0103: The name 'ExprIoPos' does not exist in the current context [/home/runner/work/ci_targets/ci_targets/tests/spec/csharp/kaitai_struct_csharp_tests/kaitai_struct_csharp_tests.csproj]
tests/SpecValidFailRangeStr.cs(16,21): error CS0103: The name 'ValidFailRangeStr' does not exist in the current context [/home/runner/work/ci_targets/ci_targets/tests/spec/csharp/kaitai_struct_csharp_tests/kaitai_struct_csharp_tests.csproj]
tests/SpecValidFailRangeInt.cs(16,21): error CS0103: The name 'ValidFailRangeInt' does not exist in the current context [/home/runner/work/ci_targets/ci_targets/tests/spec/csharp/kaitai_struct_csharp_tests/kaitai_struct_csharp_tests.csproj]
tests/SpecValidFailRangeFloat.cs(16,21): error CS0103: The name 'ValidFailRangeFloat' does not exist in the current context [/home/runner/work/ci_targets/ci_targets/tests/spec/csharp/kaitai_struct_csharp_tests/kaitai_struct_csharp_tests.csproj]
tests/SpecExprSizeofType1.cs(13,21): error CS0103: The name 'ExprSizeofType1' does not exist in the current context [/home/runner/work/ci_targets/ci_targets/tests/spec/csharp/kaitai_struct_csharp_tests/kaitai_struct_csharp_tests.csproj]
tests/SpecValidFailRangeBytes.cs(16,21): error CS0103: The name 'ValidFailRangeBytes' does not exist in the current context [/home/runner/work/ci_targets/ci_targets/tests/spec/csharp/kaitai_struct_csharp_tests/kaitai_struct_csharp_tests.csproj]
tests/SpecValidFailMinInt.cs(16,21): error CS0103: The name 'ValidFailMinInt' does not exist in the current context [/home/runner/work/ci_targets/ci_targets/tests/spec/csharp/kaitai_struct_csharp_tests/kaitai_struct_csharp_tests.csproj]
tests/SpecExprSizeofValueSized.cs(13,21): error CS0103: The name 'ExprSizeofValueSized' does not exist in the current context [/home/runner/work/ci_targets/ci_targets/tests/spec/csharp/kaitai_struct_csharp_tests/kaitai_struct_csharp_tests.csproj]
tests/SpecValidFailMaxInt.cs(16,21): error CS0103: The name 'ValidFailMaxInt' does not exist in the current context [/home/runner/work/ci_targets/ci_targets/tests/spec/csharp/kaitai_struct_csharp_tests/kaitai_struct_csharp_tests.csproj]
tests/SpecValidFailInst.cs(16,21): error CS0103: The name 'ValidFailInst' does not exist in the current context [/home/runner/work/ci_targets/ci_targets/tests/spec/csharp/kaitai_struct_csharp_tests/kaitai_struct_csharp_tests.csproj]
tests/SpecValidFailExpr.cs(16,21): error CS0103: The name 'ValidFailExpr' does not exist in the current context [/home/runner/work/ci_targets/ci_targets/tests/spec/csharp/kaitai_struct_csharp_tests/kaitai_struct_csharp_tests.csproj]
tests/SpecValidFailEqInt.cs(16,21): error CS0103: The name 'ValidFailEqInt' does not exist in the current context [/home/runner/work/ci_targets/ci_targets/tests/spec/csharp/kaitai_struct_csharp_tests/kaitai_struct_csharp_tests.csproj]
tests/SpecValidFailEqBytes.cs(16,21): error CS0103: The name 'ValidFailEqBytes' does not exist in the current context [/home/runner/work/ci_targets/ci_targets/tests/spec/csharp/kaitai_struct_csharp_tests/kaitai_struct_csharp_tests.csproj]
tests/SpecValidFailContents.cs(16,21): error CS0103: The name 'ValidFailContents' does not exist in the current context [/home/runner/work/ci_targets/ci_targets/tests/spec/csharp/kaitai_struct_csharp_tests/kaitai_struct_csharp_tests.csproj]
tests/SpecExprStrOps.cs(13,21): error CS0103: The name 'ExprStrOps' does not exist in the current context [/home/runner/work/ci_targets/ci_targets/tests/spec/csharp/kaitai_struct_csharp_tests/kaitai_struct_csharp_tests.csproj]
tests/SpecFixedContents.cs(13,21): error CS0103: The name 'FixedContents' does not exist in the current context [/home/runner/work/ci_targets/ci_targets/tests/spec/csharp/kaitai_struct_csharp_tests/kaitai_struct_csharp_tests.csproj]
tests/SpecValidFailAnyofInt.cs(16,21): error CS0103: The name 'ValidFailAnyofInt' does not exist in the current context [/home/runner/work/ci_targets/ci_targets/tests/spec/csharp/kaitai_struct_csharp_tests/kaitai_struct_csharp_tests.csproj]
tests/SpecUserType.cs(13,21): error CS0103: The name 'UserType' does not exist in the current context [/home/runner/work/ci_targets/ci_targets/tests/spec/csharp/kaitai_struct_csharp_tests/kaitai_struct_csharp_tests.csproj]
tests/SpecExprMod.cs(13,21): error CS0103: The name 'ExprMod' does not exist in the current context [/home/runner/work/ci_targets/ci_targets/tests/spec/csharp/kaitai_struct_csharp_tests/kaitai_struct_csharp_tests.csproj]
tests/SpecFixedStruct.cs(13,21): error CS0103: The name 'FixedStruct' does not exist in the current context [/home/runner/work/ci_targets/ci_targets/tests/spec/csharp/kaitai_struct_csharp_tests/kaitai_struct_csharp_tests.csproj]
tests/SpecFloatToI.cs(13,21): error CS0103: The name 'FloatToI' does not exist in the current context [/home/runner/work/ci_targets/ci_targets/tests/spec/csharp/kaitai_struct_csharp_tests/kaitai_struct_csharp_tests.csproj]
tests/SpecHelloWorld.cs(13,21): error CS0103: The name 'HelloWorld' does not exist in the current context [/home/runner/work/ci_targets/ci_targets/tests/spec/csharp/kaitai_struct_csharp_tests/kaitai_struct_csharp_tests.csproj]
tests/SpecIfInstances.cs(13,21): error CS0103: The name 'IfInstances' does not exist in the current context [/home/runner/work/ci_targets/ci_targets/tests/spec/csharp/kaitai_struct_csharp_tests/kaitai_struct_csharp_tests.csproj]
tests/SpecFloatingPoints.cs(13,21): error CS0103: The name 'FloatingPoints' does not exist in the current context [/home/runner/work/ci_targets/ci_targets/tests/spec/csharp/kaitai_struct_csharp_tests/kaitai_struct_csharp_tests.csproj]
tests/SpecIfStruct.cs(13,21): error CS0103: The name 'IfStruct' does not exist in the current context [/home/runner/work/ci_targets/ci_targets/tests/spec/csharp/kaitai_struct_csharp_tests/kaitai_struct_csharp_tests.csproj]
tests/SpecImports0.cs(13,21): error CS0103: The name 'Imports0' does not exist in the current context [/home/runner/work/ci_targets/ci_targets/tests/spec/csharp/kaitai_struct_csharp_tests/kaitai_struct_csharp_tests.csproj]
tests/SpecIfValues.cs(13,21): error CS0103: The name 'IfValues' does not exist in the current context [/home/runner/work/ci_targets/ci_targets/tests/spec/csharp/kaitai_struct_csharp_tests/kaitai_struct_csharp_tests.csproj]
tests/SpecImportsAbs.cs(13,21): error CS0103: The name 'ImportsAbs' does not exist in the current context [/home/runner/work/ci_targets/ci_targets/tests/spec/csharp/kaitai_struct_csharp_tests/kaitai_struct_csharp_tests.csproj]
tests/SpecImportsAbsAbs.cs(11,21): error CS0103: The name 'ImportsAbsAbs' does not exist in the current context [/home/runner/work/ci_targets/ci_targets/tests/spec/csharp/kaitai_struct_csharp_tests/kaitai_struct_csharp_tests.csproj]
tests/SpecImportsAbsRel.cs(11,21): error CS0103: The name 'ImportsAbsRel' does not exist in the current context [/home/runner/work/ci_targets/ci_targets/tests/spec/csharp/kaitai_struct_csharp_tests/kaitai_struct_csharp_tests.csproj]
tests/SpecImportsCircularA.cs(13,21): error CS0103: The name 'ImportsCircularA' does not exist in the current context [/home/runner/work/ci_targets/ci_targets/tests/spec/csharp/kaitai_struct_csharp_tests/kaitai_struct_csharp_tests.csproj]
tests/SpecImportsRel1.cs(13,21): error CS0103: The name 'ImportsRel1' does not exist in the current context [/home/runner/work/ci_targets/ci_targets/tests/spec/csharp/kaitai_struct_csharp_tests/kaitai_struct_csharp_tests.csproj]
tests/SpecIndexSizes.cs(13,21): error CS0103: The name 'IndexSizes' does not exist in the current context [/home/runner/work/ci_targets/ci_targets/tests/spec/csharp/kaitai_struct_csharp_tests/kaitai_struct_csharp_tests.csproj]
tests/SpecIndexToParamEos.cs(13,21): error CS0103: The name 'IndexToParamEos' does not exist in the current context [/home/runner/work/ci_targets/ci_targets/tests/spec/csharp/kaitai_struct_csharp_tests/kaitai_struct_csharp_tests.csproj]
tests/SpecIndexToParamExpr.cs(13,21): error CS0103: The name 'IndexToParamExpr' does not exist in the current context [/home/runner/work/ci_targets/ci_targets/tests/spec/csharp/kaitai_struct_csharp_tests/kaitai_struct_csharp_tests.csproj]
tests/SpecExprSizeofType0.cs(13,21): error CS0103: The name 'ExprSizeofType0' does not exist in the current context [/home/runner/work/ci_targets/ci_targets/tests/spec/csharp/kaitai_struct_csharp_tests/kaitai_struct_csharp_tests.csproj]
tests/SpecInstanceIoUser.cs(13,21): error CS0103: The name 'InstanceIoUser' does not exist in the current context [/home/runner/work/ci_targets/ci_targets/tests/spec/csharp/kaitai_struct_csharp_tests/kaitai_struct_csharp_tests.csproj]
tests/SpecInstanceStd.cs(13,21): error CS0103: The name 'InstanceStd' does not exist in the current context [/home/runner/work/ci_targets/ci_targets/tests/spec/csharp/kaitai_struct_csharp_tests/kaitai_struct_csharp_tests.csproj]
tests/SpecExprSizeofValue0.cs(13,21): error CS0103: The name 'ExprSizeofValue0' does not exist in the current context [/home/runner/work/ci_targets/ci_targets/tests/spec/csharp/kaitai_struct_csharp_tests/kaitai_struct_csharp_tests.csproj]
tests/SpecInstanceUserArray.cs(13,21): error CS0103: The name 'InstanceUserArray' does not exist in the current context [/home/runner/work/ci_targets/ci_targets/tests/spec/csharp/kaitai_struct_csharp_tests/kaitai_struct_csharp_tests.csproj]
tests/SpecIntegers.cs(13,21): error CS0103: The name 'Integers' does not exist in the current context [/home/runner/work/ci_targets/ci_targets/tests/spec/csharp/kaitai_struct_csharp_tests/kaitai_struct_csharp_tests.csproj]
tests/SpecIntegersDoubleOverflow.cs(14,21): error CS0103: The name 'IntegersDoubleOverflow' does not exist in the current context [/home/runner/work/ci_targets/ci_targets/tests/spec/csharp/kaitai_struct_csharp_tests/kaitai_struct_csharp_tests.csproj]
tests/SpecIoLocalVar.cs(13,21): error CS0103: The name 'IoLocalVar' does not exist in the current context [/home/runner/work/ci_targets/ci_targets/tests/spec/csharp/kaitai_struct_csharp_tests/kaitai_struct_csharp_tests.csproj]
tests/SpecTypeTernaryOpaque.cs(11,21): error CS0103: The name 'TypeTernaryOpaque' does not exist in the current context [/home/runner/work/ci_targets/ci_targets/tests/spec/csharp/kaitai_struct_csharp_tests/kaitai_struct_csharp_tests.csproj]
tests/SpecIntegersMinMax.cs(13,21): error CS0103: The name 'IntegersMinMax' does not exist in the current context [/home/runner/work/ci_targets/ci_targets/tests/spec/csharp/kaitai_struct_csharp_tests/kaitai_struct_csharp_tests.csproj]
tests/SpecMetaTags.cs(13,21): error CS0103: The name 'MetaTags' does not exist in the current context [/home/runner/work/ci_targets/ci_targets/tests/spec/csharp/kaitai_struct_csharp_tests/kaitai_struct_csharp_tests.csproj]
tests/SpecTypeTernary2ndFalsy.cs(13,21): error CS0103: The name 'TypeTernary2ndFalsy' does not exist in the current context [/home/runner/work/ci_targets/ci_targets/tests/spec/csharp/kaitai_struct_csharp_tests/kaitai_struct_csharp_tests.csproj]
tests/SpecMetaXref.cs(13,21): error CS0103: The name 'MetaXref' does not exist in the current context [/home/runner/work/ci_targets/ci_targets/tests/spec/csharp/kaitai_struct_csharp_tests/kaitai_struct_csharp_tests.csproj]
tests/SpecTypeTernary.cs(13,21): error CS0103: The name 'TypeTernary' does not exist in the current context [/home/runner/work/ci_targets/ci_targets/tests/spec/csharp/kaitai_struct_csharp_tests/kaitai_struct_csharp_tests.csproj]
tests/SpecMultipleUse.cs(13,21): error CS0103: The name 'MultipleUse' does not exist in the current context [/home/runner/work/ci_targets/ci_targets/tests/spec/csharp/kaitai_struct_csharp_tests/kaitai_struct_csharp_tests.csproj]
tests/SpecTypeIntUnaryOp.cs(13,21): error CS0103: The name 'TypeIntUnaryOp' does not exist in the current context [/home/runner/work/ci_targets/ci_targets/tests/spec/csharp/kaitai_struct_csharp_tests/kaitai_struct_csharp_tests.csproj]
tests/SpecInstanceStdArray.cs(13,21): error CS0103: The name 'InstanceStdArray' does not exist in the current context [/home/runner/work/ci_targets/ci_targets/tests/spec/csharp/kaitai_struct_csharp_tests/kaitai_struct_csharp_tests.csproj]
tests/SpecTsPacketHeader.cs(13,21): error CS0103: The name 'TsPacketHeader' does not exist in the current context [/home/runner/work/ci_targets/ci_targets/tests/spec/csharp/kaitai_struct_csharp_tests/kaitai_struct_csharp_tests.csproj]
tests/SpecTsPacketHeader.cs(21,55): error CS0103: The name 'TsPacketHeader' does not exist in the current context [/home/runner/work/ci_targets/ci_targets/tests/spec/csharp/kaitai_struct_csharp_tests/kaitai_struct_csharp_tests.csproj]
tests/SpecNavParent.cs(13,21): error CS0103: The name 'NavParent' does not exist in the current context [/home/runner/work/ci_targets/ci_targets/tests/spec/csharp/kaitai_struct_csharp_tests/kaitai_struct_csharp_tests.csproj]
tests/SpecTermStrz.cs(13,21): error CS0103: The name 'TermStrz' does not exist in the current context [/home/runner/work/ci_targets/ci_targets/tests/spec/csharp/kaitai_struct_csharp_tests/kaitai_struct_csharp_tests.csproj]
tests/SpecTermBytes.cs(13,21): error CS0103: The name 'TermBytes' does not exist in the current context [/home/runner/work/ci_targets/ci_targets/tests/spec/csharp/kaitai_struct_csharp_tests/kaitai_struct_csharp_tests.csproj]
tests/SpecSwitchRepeatExprInvalid.cs(13,21): error CS0103: The name 'SwitchRepeatExprInvalid' does not exist in the current context [/home/runner/work/ci_targets/ci_targets/tests/spec/csharp/kaitai_struct_csharp_tests/kaitai_struct_csharp_tests.csproj]
tests/SpecSwitchRepeatExpr.cs(13,21): error CS0103: The name 'SwitchRepeatExpr' does not exist in the current context [/home/runner/work/ci_targets/ci_targets/tests/spec/csharp/kaitai_struct_csharp_tests/kaitai_struct_csharp_tests.csproj]
tests/SpecSwitchRepeatExpr.cs(17,31): error CS0246: The type or namespace name 'SwitchRepeatExpr' could not be found (are you missing a using directive or an assembly reference?) [/home/runner/work/ci_targets/ci_targets/tests/spec/csharp/kaitai_struct_csharp_tests/kaitai_struct_csharp_tests.csproj]
tests/SpecNavParent2.cs(13,21): error CS0103: The name 'NavParent2' does not exist in the current context [/home/runner/work/ci_targets/ci_targets/tests/spec/csharp/kaitai_struct_csharp_tests/kaitai_struct_csharp_tests.csproj]
tests/SpecNavParentFalse.cs(13,21): error CS0103: The name 'NavParentFalse' does not exist in the current context [/home/runner/work/ci_targets/ci_targets/tests/spec/csharp/kaitai_struct_csharp_tests/kaitai_struct_csharp_tests.csproj]
tests/SpecSwitchMultiBoolOps.cs(11,21): error CS0103: The name 'SwitchMultiBoolOps' does not exist in the current context [/home/runner/work/ci_targets/ci_targets/tests/spec/csharp/kaitai_struct_csharp_tests/kaitai_struct_csharp_tests.csproj]
tests/SpecNavParent3.cs(13,21): error CS0103: The name 'NavParent3' does not exist in the current context [/home/runner/work/ci_targets/ci_targets/tests/spec/csharp/kaitai_struct_csharp_tests/kaitai_struct_csharp_tests.csproj]
tests/SpecJsSignedRightShift.cs(13,21): error CS0103: The name 'JsSignedRightShift' does not exist in the current context [/home/runner/work/ci_targets/ci_targets/tests/spec/csharp/kaitai_struct_csharp_tests/kaitai_struct_csharp_tests.csproj]
tests/SpecNavParentOverride.cs(13,21): error CS0103: The name 'NavParentOverride' does not exist in the current context [/home/runner/work/ci_targets/ci_targets/tests/spec/csharp/kaitai_struct_csharp_tests/kaitai_struct_csharp_tests.csproj]
tests/SpecNavParentSwitch.cs(13,21): error CS0103: The name 'NavParentSwitch' does not exist in the current context [/home/runner/work/ci_targets/ci_targets/tests/spec/csharp/kaitai_struct_csharp_tests/kaitai_struct_csharp_tests.csproj]
tests/SpecNavParentSwitch.cs(16,31): error CS0246: The type or namespace name 'NavParentSwitch' could not be found (are you missing a using directive or an assembly reference?) [/home/runner/work/ci_targets/ci_targets/tests/spec/csharp/kaitai_struct_csharp_tests/kaitai_struct_csharp_tests.csproj]
tests/SpecNavParentSwitch.cs(17,31): error CS0246: The type or namespace name 'NavParentSwitch' could not be found (are you missing a using directive or an assembly reference?) [/home/runner/work/ci_targets/ci_targets/tests/spec/csharp/kaitai_struct_csharp_tests/kaitai_struct_csharp_tests.csproj]
tests/SpecNavParentSwitchCast.cs(13,21): error CS0103: The name 'NavParentSwitchCast' does not exist in the current context [/home/runner/work/ci_targets/ci_targets/tests/spec/csharp/kaitai_struct_csharp_tests/kaitai_struct_csharp_tests.csproj]
tests/SpecNavParentSwitchCast.cs(17,31): error CS0246: The type or namespace name 'NavParentSwitchCast' could not be found (are you missing a using directive or an assembly reference?) [/home/runner/work/ci_targets/ci_targets/tests/spec/csharp/kaitai_struct_csharp_tests/kaitai_struct_csharp_tests.csproj]
tests/SpecNavParentVsValueInst.cs(13,21): error CS0103: The name 'NavParentVsValueInst' does not exist in the current context [/home/runner/work/ci_targets/ci_targets/tests/spec/csharp/kaitai_struct_csharp_tests/kaitai_struct_csharp_tests.csproj]
tests/SpecNestedSameName.cs(13,21): error CS0103: The name 'NestedSameName' does not exist in the current context [/home/runner/work/ci_targets/ci_targets/tests/spec/csharp/kaitai_struct_csharp_tests/kaitai_struct_csharp_tests.csproj]
tests/SpecNavRoot.cs(13,21): error CS0103: The name 'NavRoot' does not exist in the current context [/home/runner/work/ci_targets/ci_targets/tests/spec/csharp/kaitai_struct_csharp_tests/kaitai_struct_csharp_tests.csproj]
tests/SpecNestedTypeParam.cs(13,21): error CS0103: The name 'NestedTypeParam' does not exist in the current context [/home/runner/work/ci_targets/ci_targets/tests/spec/csharp/kaitai_struct_csharp_tests/kaitai_struct_csharp_tests.csproj]
tests/SpecNestedSameName2.cs(13,21): error CS0103: The name 'NestedSameName2' does not exist in the current context [/home/runner/work/ci_targets/ci_targets/tests/spec/csharp/kaitai_struct_csharp_tests/kaitai_struct_csharp_tests.csproj]
tests/SpecNestedTypes.cs(13,21): error CS0103: The name 'NestedTypes' does not exist in the current context [/home/runner/work/ci_targets/ci_targets/tests/spec/csharp/kaitai_struct_csharp_tests/kaitai_struct_csharp_tests.csproj]
tests/SpecNestedTypes2.cs(13,21): error CS0103: The name 'NestedTypes2' does not exist in the current context [/home/runner/work/ci_targets/ci_targets/tests/spec/csharp/kaitai_struct_csharp_tests/kaitai_struct_csharp_tests.csproj]
tests/SpecNavParentFalse2.cs(13,21): error CS0103: The name 'NavParentFalse2' does not exist in the current context [/home/runner/work/ci_targets/ci_targets/tests/spec/csharp/kaitai_struct_csharp_tests/kaitai_struct_csharp_tests.csproj]
tests/SpecNonStandard.cs(13,21): error CS0103: The name 'NonStandard' does not exist in the current context [/home/runner/work/ci_targets/ci_targets/tests/spec/csharp/kaitai_struct_csharp_tests/kaitai_struct_csharp_tests.csproj]
tests/SpecIndexToParamUntil.cs(13,21): error CS0103: The name 'IndexToParamUntil' does not exist in the current context [/home/runner/work/ci_targets/ci_targets/tests/spec/csharp/kaitai_struct_csharp_tests/kaitai_struct_csharp_tests.csproj]
tests/SpecOpaqueExternalType.cs(11,21): error CS0103: The name 'OpaqueExternalType' does not exist in the current context [/home/runner/work/ci_targets/ci_targets/tests/spec/csharp/kaitai_struct_csharp_tests/kaitai_struct_csharp_tests.csproj]
tests/SpecOpaqueWithParam.cs(11,21): error CS0103: The name 'OpaqueWithParam' does not exist in the current context [/home/runner/work/ci_targets/ci_targets/tests/spec/csharp/kaitai_struct_csharp_tests/kaitai_struct_csharp_tests.csproj]
tests/SpecParamsCallExtraParens.cs(13,21): error CS0103: The name 'ParamsCallExtraParens' does not exist in the current context [/home/runner/work/ci_targets/ci_targets/tests/spec/csharp/kaitai_struct_csharp_tests/kaitai_struct_csharp_tests.csproj]
tests/SpecOptionalId.cs(11,21): error CS0103: The name 'OptionalId' does not exist in the current context [/home/runner/work/ci_targets/ci_targets/tests/spec/csharp/kaitai_struct_csharp_tests/kaitai_struct_csharp_tests.csproj]
tests/SpecParamsCallShort.cs(13,21): error CS0103: The name 'ParamsCallShort' does not exist in the current context [/home/runner/work/ci_targets/ci_targets/tests/spec/csharp/kaitai_struct_csharp_tests/kaitai_struct_csharp_tests.csproj]
tests/SpecParamsEnum.cs(13,21): error CS0103: The name 'ParamsEnum' does not exist in the current context [/home/runner/work/ci_targets/ci_targets/tests/spec/csharp/kaitai_struct_csharp_tests/kaitai_struct_csharp_tests.csproj]
tests/SpecParamsEnum.cs(15,36): error CS0103: The name 'ParamsEnum' does not exist in the current context [/home/runner/work/ci_targets/ci_targets/tests/spec/csharp/kaitai_struct_csharp_tests/kaitai_struct_csharp_tests.csproj]
tests/SpecParamsDef.cs(12,25): error CS0246: The type or namespace name 'ParamsDef' could not be found (are you missing a using directive or an assembly reference?) [/home/runner/work/ci_targets/ci_targets/tests/spec/csharp/kaitai_struct_csharp_tests/kaitai_struct_csharp_tests.csproj]
tests/SpecParamsPassArrayInt.cs(13,21): error CS0103: The name 'ParamsPassArrayInt' does not exist in the current context [/home/runner/work/ci_targets/ci_targets/tests/spec/csharp/kaitai_struct_csharp_tests/kaitai_struct_csharp_tests.csproj]
tests/SpecParamsPassArrayStruct.cs(13,21): error CS0103: The name 'ParamsPassArrayStruct' does not exist in the current context [/home/runner/work/ci_targets/ci_targets/tests/spec/csharp/kaitai_struct_csharp_tests/kaitai_struct_csharp_tests.csproj]
tests/SpecParamsPassArrayStruct.cs(16,31): error CS0246: The type or namespace name 'ParamsPassArrayStruct' could not be found (are you missing a using directive or an assembly reference?) [/home/runner/work/ci_targets/ci_targets/tests/spec/csharp/kaitai_struct_csharp_tests/kaitai_struct_csharp_tests.csproj]
tests/SpecParamsPassArrayStruct.cs(17,31): error CS0246: The type or namespace name 'ParamsPassArrayStruct' could not be found (are you missing a using directive or an assembly reference?) [/home/runner/work/ci_targets/ci_targets/tests/spec/csharp/kaitai_struct_csharp_tests/kaitai_struct_csharp_tests.csproj]
tests/SpecParamsPassArrayStr.cs(13,21): error CS0103: The name 'ParamsPassArrayStr' does not exist in the current context [/home/runner/work/ci_targets/ci_targets/tests/spec/csharp/kaitai_struct_csharp_tests/kaitai_struct_csharp_tests.csproj]
tests/SpecParamsPassArrayUsertype.cs(13,21): error CS0103: The name 'ParamsPassArrayUsertype' does not exist in the current context [/home/runner/work/ci_targets/ci_targets/tests/spec/csharp/kaitai_struct_csharp_tests/kaitai_struct_csharp_tests.csproj]
tests/SpecParamsPassStruct.cs(13,21): error CS0103: The name 'ParamsPassStruct' does not exist in the current context [/home/runner/work/ci_targets/ci_targets/tests/spec/csharp/kaitai_struct_csharp_tests/kaitai_struct_csharp_tests.csproj]
tests/SpecParamsPassStruct.cs(17,31): error CS0246: The type or namespace name 'ParamsPassStruct' could not be found (are you missing a using directive or an assembly reference?) [/home/runner/work/ci_targets/ci_targets/tests/spec/csharp/kaitai_struct_csharp_tests/kaitai_struct_csharp_tests.csproj]
tests/SpecParamsPassStruct.cs(18,31): error CS0246: The type or namespace name 'ParamsPassStruct' could not be found (are you missing a using directive or an assembly reference?) [/home/runner/work/ci_targets/ci_targets/tests/spec/csharp/kaitai_struct_csharp_tests/kaitai_struct_csharp_tests.csproj]
tests/SpecOpaqueExternalType02Parent.cs(11,21): error CS0103: The name 'OpaqueExternalType02Parent' does not exist in the current context [/home/runner/work/ci_targets/ci_targets/tests/spec/csharp/kaitai_struct_csharp_tests/kaitai_struct_csharp_tests.csproj]
tests/SpecPositionAbs.cs(13,21): error CS0103: The name 'PositionAbs' does not exist in the current context [/home/runner/work/ci_targets/ci_targets/tests/spec/csharp/kaitai_struct_csharp_tests/kaitai_struct_csharp_tests.csproj]
tests/SpecPositionToEnd.cs(13,21): error CS0103: The name 'PositionToEnd' does not exist in the current context [/home/runner/work/ci_targets/ci_targets/tests/spec/csharp/kaitai_struct_csharp_tests/kaitai_struct_csharp_tests.csproj]
tests/SpecProcessCoerceBytes.cs(13,21): error CS0103: The name 'ProcessCoerceBytes' does not exist in the current context [/home/runner/work/ci_targets/ci_targets/tests/spec/csharp/kaitai_struct_csharp_tests/kaitai_struct_csharp_tests.csproj]
tests/SpecProcessCoerceSwitch.cs(13,21): error CS0103: The name 'ProcessCoerceSwitch' does not exist in the current context [/home/runner/work/ci_targets/ci_targets/tests/spec/csharp/kaitai_struct_csharp_tests/kaitai_struct_csharp_tests.csproj]
tests/SpecProcessCoerceSwitch.cs(17,31): error CS0246: The type or namespace name 'ProcessCoerceSwitch' could not be found (are you missing a using directive or an assembly reference?) [/home/runner/work/ci_targets/ci_targets/tests/spec/csharp/kaitai_struct_csharp_tests/kaitai_struct_csharp_tests.csproj]
tests/SpecProcessCoerceUsertype1.cs(13,21): error CS0103: The name 'ProcessCoerceUsertype1' does not exist in the current context [/home/runner/work/ci_targets/ci_targets/tests/spec/csharp/kaitai_struct_csharp_tests/kaitai_struct_csharp_tests.csproj]
tests/SpecProcessCoerceUsertype2.cs(13,21): error CS0103: The name 'ProcessCoerceUsertype2' does not exist in the current context [/home/runner/work/ci_targets/ci_targets/tests/spec/csharp/kaitai_struct_csharp_tests/kaitai_struct_csharp_tests.csproj]
tests/SpecNestedTypes3.cs(13,21): error CS0103: The name 'NestedTypes3' does not exist in the current context [/home/runner/work/ci_targets/ci_targets/tests/spec/csharp/kaitai_struct_csharp_tests/kaitai_struct_csharp_tests.csproj]
tests/SpecProcessCustom.cs(54,21): error CS0103: The name 'ProcessCustom' does not exist in the current context [/home/runner/work/ci_targets/ci_targets/tests/spec/csharp/kaitai_struct_csharp_tests/kaitai_struct_csharp_tests.csproj]
tests/SpecPositionInSeq.cs(14,21): error CS0103: The name 'PositionInSeq' does not exist in the current context [/home/runner/work/ci_targets/ci_targets/tests/spec/csharp/kaitai_struct_csharp_tests/kaitai_struct_csharp_tests.csproj]
tests/SpecProcessCustomNoArgs.cs(27,21): error CS0103: The name 'ProcessCustomNoArgs' does not exist in the current context [/home/runner/work/ci_targets/ci_targets/tests/spec/csharp/kaitai_struct_csharp_tests/kaitai_struct_csharp_tests.csproj]
tests/SpecProcessRepeatBytes.cs(13,21): error CS0103: The name 'ProcessRepeatBytes' does not exist in the current context [/home/runner/work/ci_targets/ci_targets/tests/spec/csharp/kaitai_struct_csharp_tests/kaitai_struct_csharp_tests.csproj]
tests/SpecProcessRepeatUsertype.cs(13,21): error CS0103: The name 'ProcessRepeatUsertype' does not exist in the current context [/home/runner/work/ci_targets/ci_targets/tests/spec/csharp/kaitai_struct_csharp_tests/kaitai_struct_csharp_tests.csproj]
tests/SpecProcessToUser.cs(13,21): error CS0103: The name 'ProcessToUser' does not exist in the current context [/home/runner/work/ci_targets/ci_targets/tests/spec/csharp/kaitai_struct_csharp_tests/kaitai_struct_csharp_tests.csproj]
tests/SpecProcessRotate.cs(13,21): error CS0103: The name 'ProcessRotate' does not exist in the current context [/home/runner/work/ci_targets/ci_targets/tests/spec/csharp/kaitai_struct_csharp_tests/kaitai_struct_csharp_tests.csproj]
tests/SpecProcessXor4Const.cs(13,21): error CS0103: The name 'ProcessXor4Const' does not exist in the current context [/home/runner/work/ci_targets/ci_targets/tests/spec/csharp/kaitai_struct_csharp_tests/kaitai_struct_csharp_tests.csproj]
tests/SpecProcessXor4Value.cs(13,21): error CS0103: The name 'ProcessXor4Value' does not exist in the current context [/home/runner/work/ci_targets/ci_targets/tests/spec/csharp/kaitai_struct_csharp_tests/kaitai_struct_csharp_tests.csproj]
tests/SpecProcessXorConst.cs(13,21): error CS0103: The name 'ProcessXorConst' does not exist in the current context [/home/runner/work/ci_targets/ci_targets/tests/spec/csharp/kaitai_struct_csharp_tests/kaitai_struct_csharp_tests.csproj]
tests/SpecProcessXorValue.cs(13,21): error CS0103: The name 'ProcessXorValue' does not exist in the current context [/home/runner/work/ci_targets/ci_targets/tests/spec/csharp/kaitai_struct_csharp_tests/kaitai_struct_csharp_tests.csproj]
tests/SpecRepeatEosBit.cs(13,21): error CS0103: The name 'RepeatEosBit' does not exist in the current context [/home/runner/work/ci_targets/ci_targets/tests/spec/csharp/kaitai_struct_csharp_tests/kaitai_struct_csharp_tests.csproj]
tests/SpecRecursiveOne.cs(13,21): error CS0103: The name 'RecursiveOne' does not exist in the current context [/home/runner/work/ci_targets/ci_targets/tests/spec/csharp/kaitai_struct_csharp_tests/kaitai_struct_csharp_tests.csproj]
tests/SpecRecursiveOne.cs(16,31): error CS0246: The type or namespace name 'RecursiveOne' could not be found (are you missing a using directive or an assembly reference?) [/home/runner/work/ci_targets/ci_targets/tests/spec/csharp/kaitai_struct_csharp_tests/kaitai_struct_csharp_tests.csproj]
tests/SpecRecursiveOne.cs(17,48): error CS0246: The type or namespace name 'RecursiveOne' could not be found (are you missing a using directive or an assembly reference?) [/home/runner/work/ci_targets/ci_targets/tests/spec/csharp/kaitai_struct_csharp_tests/kaitai_struct_csharp_tests.csproj]
tests/SpecRecursiveOne.cs(17,31): error CS0246: The type or namespace name 'RecursiveOne' could not be found (are you missing a using directive or an assembly reference?) [/home/runner/work/ci_targets/ci_targets/tests/spec/csharp/kaitai_struct_csharp_tests/kaitai_struct_csharp_tests.csproj]
tests/SpecRecursiveOne.cs(18,70): error CS0246: The type or namespace name 'RecursiveOne' could not be found (are you missing a using directive or an assembly reference?) [/home/runner/work/ci_targets/ci_targets/tests/spec/csharp/kaitai_struct_csharp_tests/kaitai_struct_csharp_tests.csproj]
tests/SpecRecursiveOne.cs(18,53): error CS0246: The type or namespace name 'RecursiveOne' could not be found (are you missing a using directive or an assembly reference?) [/home/runner/work/ci_targets/ci_targets/tests/spec/csharp/kaitai_struct_csharp_tests/kaitai_struct_csharp_tests.csproj]
tests/SpecRecursiveOne.cs(18,31): error CS0246: The type or namespace name 'RecursiveOne' could not be found (are you missing a using directive or an assembly reference?) [/home/runner/work/ci_targets/ci_targets/tests/spec/csharp/kaitai_struct_csharp_tests/kaitai_struct_csharp_tests.csproj]
tests/SpecRepeatEosU4.cs(14,21): error CS0103: The name 'RepeatEosU4' does not exist in the current context [/home/runner/work/ci_targets/ci_targets/tests/spec/csharp/kaitai_struct_csharp_tests/kaitai_struct_csharp_tests.csproj]
tests/SpecSwitchManualStrElse.cs(13,21): error CS0103: The name 'SwitchManualStrElse' does not exist in the current context [/home/runner/work/ci_targets/ci_targets/tests/spec/csharp/kaitai_struct_csharp_tests/kaitai_struct_csharp_tests.csproj]
tests/SpecSwitchManualStrElse.cs(17,31): error CS0246: The type or namespace name 'SwitchManualStrElse' could not be found (are you missing a using directive or an assembly reference?) [/home/runner/work/ci_targets/ci_targets/tests/spec/csharp/kaitai_struct_csharp_tests/kaitai_struct_csharp_tests.csproj]
tests/SpecSwitchManualStrElse.cs(19,31): error CS0246: The type or namespace name 'SwitchManualStrElse' could not be found (are you missing a using directive or an assembly reference?) [/home/runner/work/ci_targets/ci_targets/tests/spec/csharp/kaitai_struct_csharp_tests/kaitai_struct_csharp_tests.csproj]
tests/SpecSwitchManualStrElse.cs(21,31): error CS0246: The type or namespace name 'SwitchManualStrElse' could not be found (are you missing a using directive or an assembly reference?) [/home/runner/work/ci_targets/ci_targets/tests/spec/csharp/kaitai_struct_csharp_tests/kaitai_struct_csharp_tests.csproj]
tests/SpecSwitchManualStrElse.cs(23,31): error CS0246: The type or namespace name 'SwitchManualStrElse' could not be found (are you missing a using directive or an assembly reference?) [/home/runner/work/ci_targets/ci_targets/tests/spec/csharp/kaitai_struct_csharp_tests/kaitai_struct_csharp_tests.csproj]
tests/SpecRepeatNStruct.cs(13,21): error CS0103: The name 'RepeatNStruct' does not exist in the current context [/home/runner/work/ci_targets/ci_targets/tests/spec/csharp/kaitai_struct_csharp_tests/kaitai_struct_csharp_tests.csproj]
tests/SpecRepeatNStrz.cs(14,21): error CS0103: The name 'RepeatNStrz' does not exist in the current context [/home/runner/work/ci_targets/ci_targets/tests/spec/csharp/kaitai_struct_csharp_tests/kaitai_struct_csharp_tests.csproj]
tests/SpecSwitchManualStr.cs(13,21): error CS0103: The name 'SwitchManualStr' does not exist in the current context [/home/runner/work/ci_targets/ci_targets/tests/spec/csharp/kaitai_struct_csharp_tests/kaitai_struct_csharp_tests.csproj]
tests/SpecSwitchManualStr.cs(17,31): error CS0246: The type or namespace name 'SwitchManualStr' could not be found (are you missing a using directive or an assembly reference?) [/home/runner/work/ci_targets/ci_targets/tests/spec/csharp/kaitai_struct_csharp_tests/kaitai_struct_csharp_tests.csproj]
tests/SpecSwitchManualStr.cs(19,31): error CS0246: The type or namespace name 'SwitchManualStr' could not be found (are you missing a using directive or an assembly reference?) [/home/runner/work/ci_targets/ci_targets/tests/spec/csharp/kaitai_struct_csharp_tests/kaitai_struct_csharp_tests.csproj]
tests/SpecSwitchManualStr.cs(21,31): error CS0246: The type or namespace name 'SwitchManualStr' could not be found (are you missing a using directive or an assembly reference?) [/home/runner/work/ci_targets/ci_targets/tests/spec/csharp/kaitai_struct_csharp_tests/kaitai_struct_csharp_tests.csproj]
tests/SpecSwitchManualStr.cs(23,31): error CS0246: The type or namespace name 'SwitchManualStr' could not be found (are you missing a using directive or an assembly reference?) [/home/runner/work/ci_targets/ci_targets/tests/spec/csharp/kaitai_struct_csharp_tests/kaitai_struct_csharp_tests.csproj]
tests/SpecRepeatUntilCalcArrayType.cs(13,21): error CS0103: The name 'RepeatUntilCalcArrayType' does not exist in the current context [/home/runner/work/ci_targets/ci_targets/tests/spec/csharp/kaitai_struct_csharp_tests/kaitai_struct_csharp_tests.csproj]
tests/SpecSwitchManualIntSizeEos.cs(11,21): error CS0103: The name 'SwitchManualIntSizeEos' does not exist in the current context [/home/runner/work/ci_targets/ci_targets/tests/spec/csharp/kaitai_struct_csharp_tests/kaitai_struct_csharp_tests.csproj]
tests/SpecSwitchManualIntSizeEos.cs(15,25): error CS0246: The type or namespace name 'SwitchManualIntSizeEos' could not be found (are you missing a using directive or an assembly reference?) [/home/runner/work/ci_targets/ci_targets/tests/spec/csharp/kaitai_struct_csharp_tests/kaitai_struct_csharp_tests.csproj]
tests/SpecSwitchManualIntSizeEos.cs(20,31): error CS0246: The type or namespace name 'SwitchManualIntSizeEos' could not be found (are you missing a using directive or an assembly reference?) [/home/runner/work/ci_targets/ci_targets/tests/spec/csharp/kaitai_struct_csharp_tests/kaitai_struct_csharp_tests.csproj]
tests/SpecRepeatNStrzDouble.cs(14,21): error CS0103: The name 'RepeatNStrzDouble' does not exist in the current context [/home/runner/work/ci_targets/ci_targets/tests/spec/csharp/kaitai_struct_csharp_tests/kaitai_struct_csharp_tests.csproj]
tests/SpecParamsPassUsertype.cs(13,21): error CS0103: The name 'ParamsPassUsertype' does not exist in the current context [/home/runner/work/ci_targets/ci_targets/tests/spec/csharp/kaitai_struct_csharp_tests/kaitai_struct_csharp_tests.csproj]
tests/SpecRepeatUntilS4.cs(14,21): error CS0103: The name 'RepeatUntilS4' does not exist in the current context [/home/runner/work/ci_targets/ci_targets/tests/spec/csharp/kaitai_struct_csharp_tests/kaitai_struct_csharp_tests.csproj]
tests/SpecStrEncodings.cs(13,21): error CS0103: The name 'StrEncodings' does not exist in the current context [/home/runner/work/ci_targets/ci_targets/tests/spec/csharp/kaitai_struct_csharp_tests/kaitai_struct_csharp_tests.csproj]
tests/SpecRepeatUntilSized.cs(13,21): error CS0103: The name 'RepeatUntilSized' does not exist in the current context [/home/runner/work/ci_targets/ci_targets/tests/spec/csharp/kaitai_struct_csharp_tests/kaitai_struct_csharp_tests.csproj]
tests/SpecStrEos.cs(13,21): error CS0103: The name 'StrEos' does not exist in the current context [/home/runner/work/ci_targets/ci_targets/tests/spec/csharp/kaitai_struct_csharp_tests/kaitai_struct_csharp_tests.csproj]
tests/SpecStrEncodingsDefault.cs(13,21): error CS0103: The name 'StrEncodingsDefault' does not exist in the current context [/home/runner/work/ci_targets/ci_targets/tests/spec/csharp/kaitai_struct_csharp_tests/kaitai_struct_csharp_tests.csproj]
tests/SpecStrLiterals2.cs(13,21): error CS0103: The name 'StrLiterals2' does not exist in the current context [/home/runner/work/ci_targets/ci_targets/tests/spec/csharp/kaitai_struct_csharp_tests/kaitai_struct_csharp_tests.csproj]
tests/SpecStrPadTerm.cs(13,21): error CS0103: The name 'StrPadTerm' does not exist in the current context [/home/runner/work/ci_targets/ci_targets/tests/spec/csharp/kaitai_struct_csharp_tests/kaitai_struct_csharp_tests.csproj]
tests/SpecStrPadTermEmpty.cs(13,21): error CS0103: The name 'StrPadTermEmpty' does not exist in the current context [/home/runner/work/ci_targets/ci_targets/tests/spec/csharp/kaitai_struct_csharp_tests/kaitai_struct_csharp_tests.csproj]
tests/SpecStrLiterals.cs(12,21): error CS0103: The name 'StrLiterals' does not exist in the current context [/home/runner/work/ci_targets/ci_targets/tests/spec/csharp/kaitai_struct_csharp_tests/kaitai_struct_csharp_tests.csproj]
tests/SpecSwitchBytearray.cs(13,21): error CS0103: The name 'SwitchBytearray' does not exist in the current context [/home/runner/work/ci_targets/ci_targets/tests/spec/csharp/kaitai_struct_csharp_tests/kaitai_struct_csharp_tests.csproj]
tests/SpecSwitchBytearray.cs(17,31): error CS0246: The type or namespace name 'SwitchBytearray' could not be found (are you missing a using directive or an assembly reference?) [/home/runner/work/ci_targets/ci_targets/tests/spec/csharp/kaitai_struct_csharp_tests/kaitai_struct_csharp_tests.csproj]
tests/SpecSwitchBytearray.cs(19,31): error CS0246: The type or namespace name 'SwitchBytearray' could not be found (are you missing a using directive or an assembly reference?) [/home/runner/work/ci_targets/ci_targets/tests/spec/csharp/kaitai_struct_csharp_tests/kaitai_struct_csharp_tests.csproj]
tests/SpecSwitchBytearray.cs(21,31): error CS0246: The type or namespace name 'SwitchBytearray' could not be found (are you missing a using directive or an assembly reference?) [/home/runner/work/ci_targets/ci_targets/tests/spec/csharp/kaitai_struct_csharp_tests/kaitai_struct_csharp_tests.csproj]
tests/SpecSwitchBytearray.cs(23,31): error CS0246: The type or namespace name 'SwitchBytearray' could not be found (are you missing a using directive or an assembly reference?) [/home/runner/work/ci_targets/ci_targets/tests/spec/csharp/kaitai_struct_csharp_tests/kaitai_struct_csharp_tests.csproj]
tests/SpecSwitchManualIntSizeElse.cs(14,21): error CS0103: The name 'SwitchManualIntSizeElse' does not exist in the current context [/home/runner/work/ci_targets/ci_targets/tests/spec/csharp/kaitai_struct_csharp_tests/kaitai_struct_csharp_tests.csproj]
tests/SpecSwitchManualIntSizeElse.cs(18,31): error CS0246: The type or namespace name 'SwitchManualIntSizeElse' could not be found (are you missing a using directive or an assembly reference?) [/home/runner/work/ci_targets/ci_targets/tests/spec/csharp/kaitai_struct_csharp_tests/kaitai_struct_csharp_tests.csproj]
tests/SpecSwitchManualIntSizeElse.cs(19,31): error CS0246: The type or namespace name 'SwitchManualIntSizeElse' could not be found (are you missing a using directive or an assembly reference?) [/home/runner/work/ci_targets/ci_targets/tests/spec/csharp/kaitai_struct_csharp_tests/kaitai_struct_csharp_tests.csproj]
tests/SpecSwitchManualIntSizeElse.cs(21,31): error CS0246: The type or namespace name 'SwitchManualIntSizeElse' could not be found (are you missing a using directive or an assembly reference?) [/home/runner/work/ci_targets/ci_targets/tests/spec/csharp/kaitai_struct_csharp_tests/kaitai_struct_csharp_tests.csproj]
tests/SpecSwitchManualIntSizeElse.cs(23,31): error CS0246: The type or namespace name 'SwitchManualIntSizeElse' could not be found (are you missing a using directive or an assembly reference?) [/home/runner/work/ci_targets/ci_targets/tests/spec/csharp/kaitai_struct_csharp_tests/kaitai_struct_csharp_tests.csproj]
tests/SpecSwitchManualIntSizeElse.cs(25,31): error CS0246: The type or namespace name 'SwitchManualIntSizeElse' could not be found (are you missing a using directive or an assembly reference?) [/home/runner/work/ci_targets/ci_targets/tests/spec/csharp/kaitai_struct_csharp_tests/kaitai_struct_csharp_tests.csproj]
tests/SpecRepeatUntilComplex.cs(14,21): error CS0103: The name 'RepeatUntilComplex' does not exist in the current context [/home/runner/work/ci_targets/ci_targets/tests/spec/csharp/kaitai_struct_csharp_tests/kaitai_struct_csharp_tests.csproj]
tests/SpecSwitchManualIntSize.cs(14,21): error CS0103: The name 'SwitchManualIntSize' does not exist in the current context [/home/runner/work/ci_targets/ci_targets/tests/spec/csharp/kaitai_struct_csharp_tests/kaitai_struct_csharp_tests.csproj]
tests/SpecSwitchManualIntSize.cs(18,31): error CS0246: The type or namespace name 'SwitchManualIntSize' could not be found (are you missing a using directive or an assembly reference?) [/home/runner/work/ci_targets/ci_targets/tests/spec/csharp/kaitai_struct_csharp_tests/kaitai_struct_csharp_tests.csproj]
tests/SpecSwitchManualIntSize.cs(19,31): error CS0246: The type or namespace name 'SwitchManualIntSize' could not be found (are you missing a using directive or an assembly reference?) [/home/runner/work/ci_targets/ci_targets/tests/spec/csharp/kaitai_struct_csharp_tests/kaitai_struct_csharp_tests.csproj]
tests/SpecSwitchManualIntSize.cs(21,31): error CS0246: The type or namespace name 'SwitchManualIntSize' could not be found (are you missing a using directive or an assembly reference?) [/home/runner/work/ci_targets/ci_targets/tests/spec/csharp/kaitai_struct_csharp_tests/kaitai_struct_csharp_tests.csproj]
tests/SpecSwitchElseOnly.cs(13,21): error CS0103: The name 'SwitchElseOnly' does not exist in the current context [/home/runner/work/ci_targets/ci_targets/tests/spec/csharp/kaitai_struct_csharp_tests/kaitai_struct_csharp_tests.csproj]
tests/SpecSwitchManualIntElse.cs(13,21): error CS0103: The name 'SwitchManualIntElse' does not exist in the current context [/home/runner/work/ci_targets/ci_targets/tests/spec/csharp/kaitai_struct_csharp_tests/kaitai_struct_csharp_tests.csproj]
tests/SpecSwitchManualIntElse.cs(17,31): error CS0246: The type or namespace name 'SwitchManualIntElse' could not be found (are you missing a using directive or an assembly reference?) [/home/runner/work/ci_targets/ci_targets/tests/spec/csharp/kaitai_struct_csharp_tests/kaitai_struct_csharp_tests.csproj]
tests/SpecSwitchManualIntElse.cs(19,31): error CS0246: The type or namespace name 'SwitchManualIntElse' could not be found (are you missing a using directive or an assembly reference?) [/home/runner/work/ci_targets/ci_targets/tests/spec/csharp/kaitai_struct_csharp_tests/kaitai_struct_csharp_tests.csproj]
tests/SpecSwitchManualIntElse.cs(21,31): error CS0246: The type or namespace name 'SwitchManualIntElse' could not be found (are you missing a using directive or an assembly reference?) [/home/runner/work/ci_targets/ci_targets/tests/spec/csharp/kaitai_struct_csharp_tests/kaitai_struct_csharp_tests.csproj]
tests/SpecSwitchManualIntElse.cs(23,31): error CS0246: The type or namespace name 'SwitchManualIntElse' could not be found (are you missing a using directive or an assembly reference?) [/home/runner/work/ci_targets/ci_targets/tests/spec/csharp/kaitai_struct_csharp_tests/kaitai_struct_csharp_tests.csproj]
tests/SpecRepeatEosStruct.cs(13,21): error CS0103: The name 'RepeatEosStruct' does not exist in the current context [/home/runner/work/ci_targets/ci_targets/tests/spec/csharp/kaitai_struct_csharp_tests/kaitai_struct_csharp_tests.csproj]
tests/SpecSwitchIntegers.cs(13,21): error CS0103: The name 'SwitchIntegers' does not exist in the current context [/home/runner/work/ci_targets/ci_targets/tests/spec/csharp/kaitai_struct_csharp_tests/kaitai_struct_csharp_tests.csproj]
tests/SpecSwitchIntegers2.cs(13,21): error CS0103: The name 'SwitchIntegers2' does not exist in the current context [/home/runner/work/ci_targets/ci_targets/tests/spec/csharp/kaitai_struct_csharp_tests/kaitai_struct_csharp_tests.csproj]
tests/SpecSwitchManualEnum.cs(13,21): error CS0103: The name 'SwitchManualEnum' does not exist in the current context [/home/runner/work/ci_targets/ci_targets/tests/spec/csharp/kaitai_struct_csharp_tests/kaitai_struct_csharp_tests.csproj]
tests/SpecSwitchManualEnum.cs(16,48): error CS0103: The name 'SwitchManualEnum' does not exist in the current context [/home/runner/work/ci_targets/ci_targets/tests/spec/csharp/kaitai_struct_csharp_tests/kaitai_struct_csharp_tests.csproj]
tests/SpecSwitchManualEnum.cs(17,31): error CS0246: The type or namespace name 'SwitchManualEnum' could not be found (are you missing a using directive or an assembly reference?) [/home/runner/work/ci_targets/ci_targets/tests/spec/csharp/kaitai_struct_csharp_tests/kaitai_struct_csharp_tests.csproj]
tests/SpecSwitchManualEnum.cs(18,48): error CS0103: The name 'SwitchManualEnum' does not exist in the current context [/home/runner/work/ci_targets/ci_targets/tests/spec/csharp/kaitai_struct_csharp_tests/kaitai_struct_csharp_tests.csproj]
tests/SpecSwitchManualEnum.cs(19,31): error CS0246: The type or namespace name 'SwitchManualEnum' could not be found (are you missing a using directive or an assembly reference?) [/home/runner/work/ci_targets/ci_targets/tests/spec/csharp/kaitai_struct_csharp_tests/kaitai_struct_csharp_tests.csproj]
tests/SpecSwitchManualEnum.cs(20,48): error CS0103: The name 'SwitchManualEnum' does not exist in the current context [/home/runner/work/ci_targets/ci_targets/tests/spec/csharp/kaitai_struct_csharp_tests/kaitai_struct_csharp_tests.csproj]
tests/SpecSwitchManualEnum.cs(21,31): error CS0246: The type or namespace name 'SwitchManualEnum' could not be found (are you missing a using directive or an assembly reference?) [/home/runner/work/ci_targets/ci_targets/tests/spec/csharp/kaitai_struct_csharp_tests/kaitai_struct_csharp_tests.csproj]
tests/SpecSwitchManualEnum.cs(22,48): error CS0103: The name 'SwitchManualEnum' does not exist in the current context [/home/runner/work/ci_targets/ci_targets/tests/spec/csharp/kaitai_struct_csharp_tests/kaitai_struct_csharp_tests.csproj]
tests/SpecSwitchManualEnum.cs(23,31): error CS0246: The type or namespace name 'SwitchManualEnum' could not be found (are you missing a using directive or an assembly reference?) [/home/runner/work/ci_targets/ci_targets/tests/spec/csharp/kaitai_struct_csharp_tests/kaitai_struct_csharp_tests.csproj]
tests/SpecSwitchManualEnumInvalid.cs(11,21): error CS0103: The name 'SwitchManualEnumInvalid' does not exist in the current context [/home/runner/work/ci_targets/ci_targets/tests/spec/csharp/kaitai_struct_csharp_tests/kaitai_struct_csharp_tests.csproj]
tests/SpecSwitchManualEnumInvalid.cs(15,49): error CS0246: The type or namespace name 'SwitchManualEnumInvalid' could not be found (are you missing a using directive or an assembly reference?) [/home/runner/work/ci_targets/ci_targets/tests/spec/csharp/kaitai_struct_csharp_tests/kaitai_struct_csharp_tests.csproj]
tests/SpecSwitchManualEnumInvalid.cs(17,49): error CS0246: The type or namespace name 'SwitchManualEnumInvalid' could not be found (are you missing a using directive or an assembly reference?) [/home/runner/work/ci_targets/ci_targets/tests/spec/csharp/kaitai_struct_csharp_tests/kaitai_struct_csharp_tests.csproj]
tests/SpecSwitchManualEnumInvalidElse.cs(11,21): error CS0103: The name 'SwitchManualEnumInvalidElse' does not exist in the current context [/home/runner/work/ci_targets/ci_targets/tests/spec/csharp/kaitai_struct_csharp_tests/kaitai_struct_csharp_tests.csproj]
tests/SpecSwitchManualEnumInvalidElse.cs(15,49): error CS0246: The type or namespace name 'SwitchManualEnumInvalidElse' could not be found (are you missing a using directive or an assembly reference?) [/home/runner/work/ci_targets/ci_targets/tests/spec/csharp/kaitai_struct_csharp_tests/kaitai_struct_csharp_tests.csproj]
tests/SpecSwitchManualEnumInvalidElse.cs(16,31): error CS0246: The type or namespace name 'SwitchManualEnumInvalidElse' could not be found (are you missing a using directive or an assembly reference?) [/home/runner/work/ci_targets/ci_targets/tests/spec/csharp/kaitai_struct_csharp_tests/kaitai_struct_csharp_tests.csproj]
tests/SpecSwitchManualEnumInvalidElse.cs(17,49): error CS0246: The type or namespace name 'SwitchManualEnumInvalidElse' could not be found (are you missing a using directive or an assembly reference?) [/home/runner/work/ci_targets/ci_targets/tests/spec/csharp/kaitai_struct_csharp_tests/kaitai_struct_csharp_tests.csproj]
tests/SpecSwitchManualEnumInvalidElse.cs(18,31): error CS0246: The type or namespace name 'SwitchManualEnumInvalidElse' could not be found (are you missing a using directive or an assembly reference?) [/home/runner/work/ci_targets/ci_targets/tests/spec/csharp/kaitai_struct_csharp_tests/kaitai_struct_csharp_tests.csproj]
tests/SpecSwitchManualInt.cs(13,21): error CS0103: The name 'SwitchManualInt' does not exist in the current context [/home/runner/work/ci_targets/ci_targets/tests/spec/csharp/kaitai_struct_csharp_tests/kaitai_struct_csharp_tests.csproj]
tests/SpecSwitchManualInt.cs(17,31): error CS0246: The type or namespace name 'SwitchManualInt' could not be found (are you missing a using directive or an assembly reference?) [/home/runner/work/ci_targets/ci_targets/tests/spec/csharp/kaitai_struct_csharp_tests/kaitai_struct_csharp_tests.csproj]
tests/SpecSwitchManualInt.cs(19,31): error CS0246: The type or namespace name 'SwitchManualInt' could not be found (are you missing a using directive or an assembly reference?) [/home/runner/work/ci_targets/ci_targets/tests/spec/csharp/kaitai_struct_csharp_tests/kaitai_struct_csharp_tests.csproj]
tests/SpecSwitchManualInt.cs(21,31): error CS0246: The type or namespace name 'SwitchManualInt' could not be found (are you missing a using directive or an assembly reference?) [/home/runner/work/ci_targets/ci_targets/tests/spec/csharp/kaitai_struct_csharp_tests/kaitai_struct_csharp_tests.csproj]
tests/SpecSwitchManualInt.cs(23,31): error CS0246: The type or namespace name 'SwitchManualInt' could not be found (are you missing a using directive or an assembly reference?) [/home/runner/work/ci_targets/ci_targets/tests/spec/csharp/kaitai_struct_csharp_tests/kaitai_struct_csharp_tests.csproj]
tests/SpecSwitchCast.cs(12,21): error CS0103: The name 'SwitchCast' does not exist in the current context [/home/runner/work/ci_targets/ci_targets/tests/spec/csharp/kaitai_struct_csharp_tests/kaitai_struct_csharp_tests.csproj]
Done Building Project "/home/runner/work/ci_targets/ci_targets/tests/spec/csharp/kaitai_struct_csharp_tests/kaitai_struct_csharp_tests.csproj" (default targets) -- FAILED.

Build FAILED.

"/home/runner/work/ci_targets/ci_targets/tests/spec/csharp/kaitai_struct_csharp_tests/kaitai_struct_csharp_tests.csproj" (default target) (1) ->
(CoreCompile target) -> 
  tests/SpecZlibWithHeader78.cs(13,21): error CS0103: The name 'ZlibWithHeader78' does not exist in the current context [/home/runner/work/ci_targets/ci_targets/tests/spec/csharp/kaitai_struct_csharp_tests/kaitai_struct_csharp_tests.csproj]
  tests/SpecBcdUserTypeLe.cs(13,21): error CS0103: The name 'BcdUserTypeLe' does not exist in the current context [/home/runner/work/ci_targets/ci_targets/tests/spec/csharp/kaitai_struct_csharp_tests/kaitai_struct_csharp_tests.csproj]
  tests/SpecBitsEnum.cs(13,21): error CS0103: The name 'BitsEnum' does not exist in the current context [/home/runner/work/ci_targets/ci_targets/tests/spec/csharp/kaitai_struct_csharp_tests/kaitai_struct_csharp_tests.csproj]
  tests/SpecBitsEnum.cs(15,36): error CS0103: The name 'BitsEnum' does not exist in the current context [/home/runner/work/ci_targets/ci_targets/tests/spec/csharp/kaitai_struct_csharp_tests/kaitai_struct_csharp_tests.csproj]
  tests/SpecBitsEnum.cs(16,36): error CS0103: The name 'BitsEnum' does not exist in the current context [/home/runner/work/ci_targets/ci_targets/tests/spec/csharp/kaitai_struct_csharp_tests/kaitai_struct_csharp_tests.csproj]
  tests/SpecBitsEnum.cs(17,38): error CS0103: The name 'BitsEnum' does not exist in the current context [/home/runner/work/ci_targets/ci_targets/tests/spec/csharp/kaitai_struct_csharp_tests/kaitai_struct_csharp_tests.csproj]
  tests/SpecBitsByteAligned.cs(13,21): error CS0103: The name 'BitsByteAligned' does not exist in the current context [/home/runner/work/ci_targets/ci_targets/tests/spec/csharp/kaitai_struct_csharp_tests/kaitai_struct_csharp_tests.csproj]
  tests/SpecBitsSeqEndianCombo.cs(13,21): error CS0103: The name 'BitsSeqEndianCombo' does not exist in the current context [/home/runner/work/ci_targets/ci_targets/tests/spec/csharp/kaitai_struct_csharp_tests/kaitai_struct_csharp_tests.csproj]
  tests/SpecBitsSimple.cs(13,21): error CS0103: The name 'BitsSimple' does not exist in the current context [/home/runner/work/ci_targets/ci_targets/tests/spec/csharp/kaitai_struct_csharp_tests/kaitai_struct_csharp_tests.csproj]
  tests/SpecBitsSimpleLe.cs(13,21): error CS0103: The name 'BitsSimpleLe' does not exist in the current context [/home/runner/work/ci_targets/ci_targets/tests/spec/csharp/kaitai_struct_csharp_tests/kaitai_struct_csharp_tests.csproj]
  tests/SpecBufferedStruct.cs(13,21): error CS0103: The name 'BufferedStruct' does not exist in the current context [/home/runner/work/ci_targets/ci_targets/tests/spec/csharp/kaitai_struct_csharp_tests/kaitai_struct_csharp_tests.csproj]
  tests/SpecCastNested.cs(13,21): error CS0103: The name 'CastNested' does not exist in the current context [/home/runner/work/ci_targets/ci_targets/tests/spec/csharp/kaitai_struct_csharp_tests/kaitai_struct_csharp_tests.csproj]
  tests/SpecBytesPadTerm.cs(13,21): error CS0103: The name 'BytesPadTerm' does not exist in the current context [/home/runner/work/ci_targets/ci_targets/tests/spec/csharp/kaitai_struct_csharp_tests/kaitai_struct_csharp_tests.csproj]
  tests/SpecCastToImported.cs(13,21): error CS0103: The name 'CastToImported' does not exist in the current context [/home/runner/work/ci_targets/ci_targets/tests/spec/csharp/kaitai_struct_csharp_tests/kaitai_struct_csharp_tests.csproj]
  tests/SpecCastToTop.cs(13,21): error CS0103: The name 'CastToTop' does not exist in the current context [/home/runner/work/ci_targets/ci_targets/tests/spec/csharp/kaitai_struct_csharp_tests/kaitai_struct_csharp_tests.csproj]
  tests/SpecBcdUserTypeBe.cs(13,21): error CS0103: The name 'BcdUserTypeBe' does not exist in the current context [/home/runner/work/ci_targets/ci_targets/tests/spec/csharp/kaitai_struct_csharp_tests/kaitai_struct_csharp_tests.csproj]
  tests/SpecCombineBool.cs(13,21): error CS0103: The name 'CombineBool' does not exist in the current context [/home/runner/work/ci_targets/ci_targets/tests/spec/csharp/kaitai_struct_csharp_tests/kaitai_struct_csharp_tests.csproj]
  tests/SpecCombineEnum.cs(13,21): error CS0103: The name 'CombineEnum' does not exist in the current context [/home/runner/work/ci_targets/ci_targets/tests/spec/csharp/kaitai_struct_csharp_tests/kaitai_struct_csharp_tests.csproj]
  tests/SpecCombineEnum.cs(15,39): error CS0103: The name 'CombineEnum' does not exist in the current context [/home/runner/work/ci_targets/ci_targets/tests/spec/csharp/kaitai_struct_csharp_tests/kaitai_struct_csharp_tests.csproj]
  tests/SpecCombineEnum.cs(16,39): error CS0103: The name 'CombineEnum' does not exist in the current context [/home/runner/work/ci_targets/ci_targets/tests/spec/csharp/kaitai_struct_csharp_tests/kaitai_struct_csharp_tests.csproj]
  tests/SpecCombineEnum.cs(17,41): error CS0103: The name 'CombineEnum' does not exist in the current context [/home/runner/work/ci_targets/ci_targets/tests/spec/csharp/kaitai_struct_csharp_tests/kaitai_struct_csharp_tests.csproj]
  tests/SpecCombineStr.cs(13,21): error CS0103: The name 'CombineStr' does not exist in the current context [/home/runner/work/ci_targets/ci_targets/tests/spec/csharp/kaitai_struct_csharp_tests/kaitai_struct_csharp_tests.csproj]
  tests/SpecDefaultBigEndian.cs(13,21): error CS0103: The name 'DefaultBigEndian' does not exist in the current context [/home/runner/work/ci_targets/ci_targets/tests/spec/csharp/kaitai_struct_csharp_tests/kaitai_struct_csharp_tests.csproj]
  tests/SpecZlibSurrounded.cs(13,21): error CS0103: The name 'ZlibSurrounded' does not exist in the current context [/home/runner/work/ci_targets/ci_targets/tests/spec/csharp/kaitai_struct_csharp_tests/kaitai_struct_csharp_tests.csproj]
  tests/SpecDefaultBitEndianMod.cs(13,21): error CS0103: The name 'DefaultBitEndianMod' does not exist in the current context [/home/runner/work/ci_targets/ci_targets/tests/spec/csharp/kaitai_struct_csharp_tests/kaitai_struct_csharp_tests.csproj]
  tests/SpecYamlInts.cs(13,21): error CS0103: The name 'YamlInts' does not exist in the current context [/home/runner/work/ci_targets/ci_targets/tests/spec/csharp/kaitai_struct_csharp_tests/kaitai_struct_csharp_tests.csproj]
  tests/SpecValidSwitch.cs(13,21): error CS0103: The name 'ValidSwitch' does not exist in the current context [/home/runner/work/ci_targets/ci_targets/tests/spec/csharp/kaitai_struct_csharp_tests/kaitai_struct_csharp_tests.csproj]
  tests/SpecValidShort.cs(13,21): error CS0103: The name 'ValidShort' does not exist in the current context [/home/runner/work/ci_targets/ci_targets/tests/spec/csharp/kaitai_struct_csharp_tests/kaitai_struct_csharp_tests.csproj]
  tests/SpecValidNotParsedIf.cs(13,21): error CS0103: The name 'ValidNotParsedIf' does not exist in the current context [/home/runner/work/ci_targets/ci_targets/tests/spec/csharp/kaitai_struct_csharp_tests/kaitai_struct_csharp_tests.csproj]
  tests/SpecValidLong.cs(13,21): error CS0103: The name 'ValidLong' does not exist in the current context [/home/runner/work/ci_targets/ci_targets/tests/spec/csharp/kaitai_struct_csharp_tests/kaitai_struct_csharp_tests.csproj]
  tests/SpecDebugSwitchUser.cs(13,21): error CS0103: The name 'DebugSwitchUser' does not exist in the current context [/home/runner/work/ci_targets/ci_targets/tests/spec/csharp/kaitai_struct_csharp_tests/kaitai_struct_csharp_tests.csproj]
  tests/SpecDebugSwitchUser.cs(18,31): error CS0246: The type or namespace name 'DebugSwitchUser' could not be found (are you missing a using directive or an assembly reference?) [/home/runner/work/ci_targets/ci_targets/tests/spec/csharp/kaitai_struct_csharp_tests/kaitai_struct_csharp_tests.csproj]
  tests/SpecCombineBytes.cs(13,21): error CS0103: The name 'CombineBytes' does not exist in the current context [/home/runner/work/ci_targets/ci_targets/tests/spec/csharp/kaitai_struct_csharp_tests/kaitai_struct_csharp_tests.csproj]
  tests/SpecDefaultEndianExprInherited.cs(13,21): error CS0103: The name 'DefaultEndianExprInherited' does not exist in the current context [/home/runner/work/ci_targets/ci_targets/tests/spec/csharp/kaitai_struct_csharp_tests/kaitai_struct_csharp_tests.csproj]
  tests/SpecDefaultEndianExprIsBe.cs(13,21): error CS0103: The name 'DefaultEndianExprIsBe' does not exist in the current context [/home/runner/work/ci_targets/ci_targets/tests/spec/csharp/kaitai_struct_csharp_tests/kaitai_struct_csharp_tests.csproj]
  tests/SpecDefaultEndianExprIsLe.cs(13,21): error CS0103: The name 'DefaultEndianExprIsLe' does not exist in the current context [/home/runner/work/ci_targets/ci_targets/tests/spec/csharp/kaitai_struct_csharp_tests/kaitai_struct_csharp_tests.csproj]
  tests/SpecDefaultEndianMod.cs(13,21): error CS0103: The name 'DefaultEndianMod' does not exist in the current context [/home/runner/work/ci_targets/ci_targets/tests/spec/csharp/kaitai_struct_csharp_tests/kaitai_struct_csharp_tests.csproj]
  tests/SpecDocstrings.cs(13,21): error CS0103: The name 'Docstrings' does not exist in the current context [/home/runner/work/ci_targets/ci_targets/tests/spec/csharp/kaitai_struct_csharp_tests/kaitai_struct_csharp_tests.csproj]
  tests/SpecDocstringsDocref.cs(13,21): error CS0103: The name 'DocstringsDocref' does not exist in the current context [/home/runner/work/ci_targets/ci_targets/tests/spec/csharp/kaitai_struct_csharp_tests/kaitai_struct_csharp_tests.csproj]
  tests/SpecDocstringsDocrefMulti.cs(13,21): error CS0103: The name 'DocstringsDocrefMulti' does not exist in the current context [/home/runner/work/ci_targets/ci_targets/tests/spec/csharp/kaitai_struct_csharp_tests/kaitai_struct_csharp_tests.csproj]
  tests/SpecEnum0.cs(13,21): error CS0103: The name 'Enum0' does not exist in the current context [/home/runner/work/ci_targets/ci_targets/tests/spec/csharp/kaitai_struct_csharp_tests/kaitai_struct_csharp_tests.csproj]
  tests/SpecEnum0.cs(15,37): error CS0103: The name 'Enum0' does not exist in the current context [/home/runner/work/ci_targets/ci_targets/tests/spec/csharp/kaitai_struct_csharp_tests/kaitai_struct_csharp_tests.csproj]
  tests/SpecEnum0.cs(16,37): error CS0103: The name 'Enum0' does not exist in the current context [/home/runner/work/ci_targets/ci_targets/tests/spec/csharp/kaitai_struct_csharp_tests/kaitai_struct_csharp_tests.csproj]
  tests/SpecEnum1.cs(13,21): error CS0103: The name 'Enum1' does not exist in the current context [/home/runner/work/ci_targets/ci_targets/tests/spec/csharp/kaitai_struct_csharp_tests/kaitai_struct_csharp_tests.csproj]
  tests/SpecEnum1.cs(15,50): error CS0103: The name 'Enum1' does not exist in the current context [/home/runner/work/ci_targets/ci_targets/tests/spec/csharp/kaitai_struct_csharp_tests/kaitai_struct_csharp_tests.csproj]
  tests/SpecEnum1.cs(16,50): error CS0103: The name 'Enum1' does not exist in the current context [/home/runner/work/ci_targets/ci_targets/tests/spec/csharp/kaitai_struct_csharp_tests/kaitai_struct_csharp_tests.csproj]
  tests/SpecEnumDeep.cs(13,21): error CS0103: The name 'EnumDeep' does not exist in the current context [/home/runner/work/ci_targets/ci_targets/tests/spec/csharp/kaitai_struct_csharp_tests/kaitai_struct_csharp_tests.csproj]
  tests/SpecEnumDeep.cs(15,37): error CS0103: The name 'EnumDeep' does not exist in the current context [/home/runner/work/ci_targets/ci_targets/tests/spec/csharp/kaitai_struct_csharp_tests/kaitai_struct_csharp_tests.csproj]
  tests/SpecEnumDeep.cs(16,37): error CS0103: The name 'EnumDeep' does not exist in the current context [/home/runner/work/ci_targets/ci_targets/tests/spec/csharp/kaitai_struct_csharp_tests/kaitai_struct_csharp_tests.csproj]
  tests/SpecEnumDeepLiterals.cs(13,21): error CS0103: The name 'EnumDeepLiterals' does not exist in the current context [/home/runner/work/ci_targets/ci_targets/tests/spec/csharp/kaitai_struct_csharp_tests/kaitai_struct_csharp_tests.csproj]
  tests/SpecEnumFancy.cs(13,21): error CS0103: The name 'EnumFancy' does not exist in the current context [/home/runner/work/ci_targets/ci_targets/tests/spec/csharp/kaitai_struct_csharp_tests/kaitai_struct_csharp_tests.csproj]
  tests/SpecEnumFancy.cs(15,37): error CS0103: The name 'EnumFancy' does not exist in the current context [/home/runner/work/ci_targets/ci_targets/tests/spec/csharp/kaitai_struct_csharp_tests/kaitai_struct_csharp_tests.csproj]
  tests/SpecEnumFancy.cs(16,37): error CS0103: The name 'EnumFancy' does not exist in the current context [/home/runner/work/ci_targets/ci_targets/tests/spec/csharp/kaitai_struct_csharp_tests/kaitai_struct_csharp_tests.csproj]
  tests/SpecEnumForUnknownId.cs(11,21): error CS0103: The name 'EnumForUnknownId' does not exist in the current context [/home/runner/work/ci_targets/ci_targets/tests/spec/csharp/kaitai_struct_csharp_tests/kaitai_struct_csharp_tests.csproj]
  tests/SpecEnumForUnknownId.cs(12,44): error CS0234: The type or namespace name 'EnumForUnknownId' does not exist in the namespace 'Kaitai' (are you missing an assembly reference?) [/home/runner/work/ci_targets/ci_targets/tests/spec/csharp/kaitai_struct_csharp_tests/kaitai_struct_csharp_tests.csproj]
  tests/SpecEnumImport.cs(13,21): error CS0103: The name 'EnumImport' does not exist in the current context [/home/runner/work/ci_targets/ci_targets/tests/spec/csharp/kaitai_struct_csharp_tests/kaitai_struct_csharp_tests.csproj]
  tests/SpecEnumImport.cs(15,37): error CS0103: The name 'Enum0' does not exist in the current context [/home/runner/work/ci_targets/ci_targets/tests/spec/csharp/kaitai_struct_csharp_tests/kaitai_struct_csharp_tests.csproj]
  tests/SpecEnumImport.cs(16,37): error CS0103: The name 'EnumDeep' does not exist in the current context [/home/runner/work/ci_targets/ci_targets/tests/spec/csharp/kaitai_struct_csharp_tests/kaitai_struct_csharp_tests.csproj]
  tests/SpecEnumIntRangeS.cs(13,21): error CS0103: The name 'EnumIntRangeS' does not exist in the current context [/home/runner/work/ci_targets/ci_targets/tests/spec/csharp/kaitai_struct_csharp_tests/kaitai_struct_csharp_tests.csproj]
  tests/SpecEnumIntRangeS.cs(15,35): error CS0103: The name 'EnumIntRangeS' does not exist in the current context [/home/runner/work/ci_targets/ci_targets/tests/spec/csharp/kaitai_struct_csharp_tests/kaitai_struct_csharp_tests.csproj]
  tests/SpecEnumIntRangeS.cs(16,35): error CS0103: The name 'EnumIntRangeS' does not exist in the current context [/home/runner/work/ci_targets/ci_targets/tests/spec/csharp/kaitai_struct_csharp_tests/kaitai_struct_csharp_tests.csproj]
  tests/SpecEnumIntRangeS.cs(17,35): error CS0103: The name 'EnumIntRangeS' does not exist in the current context [/home/runner/work/ci_targets/ci_targets/tests/spec/csharp/kaitai_struct_csharp_tests/kaitai_struct_csharp_tests.csproj]
  tests/SpecEnumIntRangeU.cs(13,21): error CS0103: The name 'EnumIntRangeU' does not exist in the current context [/home/runner/work/ci_targets/ci_targets/tests/spec/csharp/kaitai_struct_csharp_tests/kaitai_struct_csharp_tests.csproj]
  tests/SpecEnumIntRangeU.cs(15,35): error CS0103: The name 'EnumIntRangeU' does not exist in the current context [/home/runner/work/ci_targets/ci_targets/tests/spec/csharp/kaitai_struct_csharp_tests/kaitai_struct_csharp_tests.csproj]
  tests/SpecEnumIntRangeU.cs(16,35): error CS0103: The name 'EnumIntRangeU' does not exist in the current context [/home/runner/work/ci_targets/ci_targets/tests/spec/csharp/kaitai_struct_csharp_tests/kaitai_struct_csharp_tests.csproj]
  tests/SpecEnumInvalid.cs(11,21): error CS0103: The name 'EnumInvalid' does not exist in the current context [/home/runner/work/ci_targets/ci_targets/tests/spec/csharp/kaitai_struct_csharp_tests/kaitai_struct_csharp_tests.csproj]
  tests/SpecEnumInvalid.cs(13,37): error CS0103: The name 'EnumInvalid' does not exist in the current context [/home/runner/work/ci_targets/ci_targets/tests/spec/csharp/kaitai_struct_csharp_tests/kaitai_struct_csharp_tests.csproj]
  tests/SpecEnumInvalid.cs(14,38): error CS0246: The type or namespace name 'EnumInvalid' could not be found (are you missing a using directive or an assembly reference?) [/home/runner/work/ci_targets/ci_targets/tests/spec/csharp/kaitai_struct_csharp_tests/kaitai_struct_csharp_tests.csproj]
  tests/SpecEnumLongRangeS.cs(13,21): error CS0103: The name 'EnumLongRangeS' does not exist in the current context [/home/runner/work/ci_targets/ci_targets/tests/spec/csharp/kaitai_struct_csharp_tests/kaitai_struct_csharp_tests.csproj]
  tests/SpecEnumLongRangeS.cs(15,35): error CS0103: The name 'EnumLongRangeS' does not exist in the current context [/home/runner/work/ci_targets/ci_targets/tests/spec/csharp/kaitai_struct_csharp_tests/kaitai_struct_csharp_tests.csproj]
  tests/SpecEnumLongRangeS.cs(16,35): error CS0103: The name 'EnumLongRangeS' does not exist in the current context [/home/runner/work/ci_targets/ci_targets/tests/spec/csharp/kaitai_struct_csharp_tests/kaitai_struct_csharp_tests.csproj]
  tests/SpecEnumLongRangeS.cs(17,35): error CS0103: The name 'EnumLongRangeS' does not exist in the current context [/home/runner/work/ci_targets/ci_targets/tests/spec/csharp/kaitai_struct_csharp_tests/kaitai_struct_csharp_tests.csproj]
  tests/SpecEnumLongRangeS.cs(18,35): error CS0103: The name 'EnumLongRangeS' does not exist in the current context [/home/runner/work/ci_targets/ci_targets/tests/spec/csharp/kaitai_struct_csharp_tests/kaitai_struct_csharp_tests.csproj]
  tests/SpecEnumLongRangeS.cs(19,35): error CS0103: The name 'EnumLongRangeS' does not exist in the current context [/home/runner/work/ci_targets/ci_targets/tests/spec/csharp/kaitai_struct_csharp_tests/kaitai_struct_csharp_tests.csproj]
  tests/SpecEnumLongRangeS.cs(20,35): error CS0103: The name 'EnumLongRangeS' does not exist in the current context [/home/runner/work/ci_targets/ci_targets/tests/spec/csharp/kaitai_struct_csharp_tests/kaitai_struct_csharp_tests.csproj]
  tests/SpecEnumLongRangeS.cs(21,35): error CS0103: The name 'EnumLongRangeS' does not exist in the current context [/home/runner/work/ci_targets/ci_targets/tests/spec/csharp/kaitai_struct_csharp_tests/kaitai_struct_csharp_tests.csproj]
  tests/SpecDebugArrayUser.cs(13,13): error CS0246: The type or namespace name 'DebugArrayUser' could not be found (are you missing a using directive or an assembly reference?) [/home/runner/work/ci_targets/ci_targets/tests/spec/csharp/kaitai_struct_csharp_tests/kaitai_struct_csharp_tests.csproj]
  tests/SpecDebugArrayUser.cs(13,32): error CS0103: The name 'DebugArrayUser' does not exist in the current context [/home/runner/work/ci_targets/ci_targets/tests/spec/csharp/kaitai_struct_csharp_tests/kaitai_struct_csharp_tests.csproj]
  tests/SpecEnumNegative.cs(13,21): error CS0103: The name 'EnumNegative' does not exist in the current context [/home/runner/work/ci_targets/ci_targets/tests/spec/csharp/kaitai_struct_csharp_tests/kaitai_struct_csharp_tests.csproj]
  tests/SpecEnumNegative.cs(15,35): error CS0103: The name 'EnumNegative' does not exist in the current context [/home/runner/work/ci_targets/ci_targets/tests/spec/csharp/kaitai_struct_csharp_tests/kaitai_struct_csharp_tests.csproj]
  tests/SpecEnumNegative.cs(16,35): error CS0103: The name 'EnumNegative' does not exist in the current context [/home/runner/work/ci_targets/ci_targets/tests/spec/csharp/kaitai_struct_csharp_tests/kaitai_struct_csharp_tests.csproj]
  tests/SpecEnumLongRangeU.cs(13,21): error CS0103: The name 'EnumLongRangeU' does not exist in the current context [/home/runner/work/ci_targets/ci_targets/tests/spec/csharp/kaitai_struct_csharp_tests/kaitai_struct_csharp_tests.csproj]
  tests/SpecEnumLongRangeU.cs(15,35): error CS0103: The name 'EnumLongRangeU' does not exist in the current context [/home/runner/work/ci_targets/ci_targets/tests/spec/csharp/kaitai_struct_csharp_tests/kaitai_struct_csharp_tests.csproj]
  tests/SpecEnumLongRangeU.cs(16,35): error CS0103: The name 'EnumLongRangeU' does not exist in the current context [/home/runner/work/ci_targets/ci_targets/tests/spec/csharp/kaitai_struct_csharp_tests/kaitai_struct_csharp_tests.csproj]
  tests/SpecEnumLongRangeU.cs(17,35): error CS0103: The name 'EnumLongRangeU' does not exist in the current context [/home/runner/work/ci_targets/ci_targets/tests/spec/csharp/kaitai_struct_csharp_tests/kaitai_struct_csharp_tests.csproj]
  tests/SpecEnumLongRangeU.cs(18,35): error CS0103: The name 'EnumLongRangeU' does not exist in the current context [/home/runner/work/ci_targets/ci_targets/tests/spec/csharp/kaitai_struct_csharp_tests/kaitai_struct_csharp_tests.csproj]
  tests/SpecEnumToI.cs(13,21): error CS0103: The name 'EnumToI' does not exist in the current context [/home/runner/work/ci_targets/ci_targets/tests/spec/csharp/kaitai_struct_csharp_tests/kaitai_struct_csharp_tests.csproj]
  tests/SpecEnumToI.cs(15,37): error CS0103: The name 'EnumToI' does not exist in the current context [/home/runner/work/ci_targets/ci_targets/tests/spec/csharp/kaitai_struct_csharp_tests/kaitai_struct_csharp_tests.csproj]
  tests/SpecEnumToI.cs(16,37): error CS0103: The name 'EnumToI' does not exist in the current context [/home/runner/work/ci_targets/ci_targets/tests/spec/csharp/kaitai_struct_csharp_tests/kaitai_struct_csharp_tests.csproj]
  tests/SpecEnumOfValueInst.cs(13,21): error CS0103: The name 'EnumOfValueInst' does not exist in the current context [/home/runner/work/ci_targets/ci_targets/tests/spec/csharp/kaitai_struct_csharp_tests/kaitai_struct_csharp_tests.csproj]
  tests/SpecEnumOfValueInst.cs(15,37): error CS0103: The name 'EnumOfValueInst' does not exist in the current context [/home/runner/work/ci_targets/ci_targets/tests/spec/csharp/kaitai_struct_csharp_tests/kaitai_struct_csharp_tests.csproj]
  tests/SpecEnumOfValueInst.cs(16,37): error CS0103: The name 'EnumOfValueInst' does not exist in the current context [/home/runner/work/ci_targets/ci_targets/tests/spec/csharp/kaitai_struct_csharp_tests/kaitai_struct_csharp_tests.csproj]
  tests/SpecEnumOfValueInst.cs(17,37): error CS0103: The name 'EnumOfValueInst' does not exist in the current context [/home/runner/work/ci_targets/ci_targets/tests/spec/csharp/kaitai_struct_csharp_tests/kaitai_struct_csharp_tests.csproj]
  tests/SpecEnumOfValueInst.cs(18,37): error CS0103: The name 'EnumOfValueInst' does not exist in the current context [/home/runner/work/ci_targets/ci_targets/tests/spec/csharp/kaitai_struct_csharp_tests/kaitai_struct_csharp_tests.csproj]
  tests/SpecEnumToIClassBorder1.cs(13,21): error CS0103: The name 'EnumToIClassBorder1' does not exist in the current context [/home/runner/work/ci_targets/ci_targets/tests/spec/csharp/kaitai_struct_csharp_tests/kaitai_struct_csharp_tests.csproj]
  tests/SpecEnumToIClassBorder1.cs(15,37): error CS0103: The name 'EnumToIClassBorder1' does not exist in the current context [/home/runner/work/ci_targets/ci_targets/tests/spec/csharp/kaitai_struct_csharp_tests/kaitai_struct_csharp_tests.csproj]
  tests/SpecEnumToIClassBorder1.cs(16,37): error CS0103: The name 'EnumToIClassBorder1' does not exist in the current context [/home/runner/work/ci_targets/ci_targets/tests/spec/csharp/kaitai_struct_csharp_tests/kaitai_struct_csharp_tests.csproj]
  tests/SpecEnumIf.cs(13,21): error CS0103: The name 'EnumIf' does not exist in the current context [/home/runner/work/ci_targets/ci_targets/tests/spec/csharp/kaitai_struct_csharp_tests/kaitai_struct_csharp_tests.csproj]
  tests/SpecEnumIf.cs(15,43): error CS0103: The name 'EnumIf' does not exist in the current context [/home/runner/work/ci_targets/ci_targets/tests/spec/csharp/kaitai_struct_csharp_tests/kaitai_struct_csharp_tests.csproj]
  tests/SpecEnumIf.cs(17,43): error CS0103: The name 'EnumIf' does not exist in the current context [/home/runner/work/ci_targets/ci_targets/tests/spec/csharp/kaitai_struct_csharp_tests/kaitai_struct_csharp_tests.csproj]
  tests/SpecEnumIf.cs(20,43): error CS0103: The name 'EnumIf' does not exist in the current context [/home/runner/work/ci_targets/ci_targets/tests/spec/csharp/kaitai_struct_csharp_tests/kaitai_struct_csharp_tests.csproj]
  tests/SpecEofExceptionBytes.cs(17,21): error CS0103: The name 'EofExceptionBytes' does not exist in the current context [/home/runner/work/ci_targets/ci_targets/tests/spec/csharp/kaitai_struct_csharp_tests/kaitai_struct_csharp_tests.csproj]
  tests/SpecEofExceptionU4.cs(17,21): error CS0103: The name 'EofExceptionU4' does not exist in the current context [/home/runner/work/ci_targets/ci_targets/tests/spec/csharp/kaitai_struct_csharp_tests/kaitai_struct_csharp_tests.csproj]
  tests/SpecEosExceptionU4.cs(17,21): error CS0103: The name 'EosExceptionU4' does not exist in the current context [/home/runner/work/ci_targets/ci_targets/tests/spec/csharp/kaitai_struct_csharp_tests/kaitai_struct_csharp_tests.csproj]
  tests/SpecExpr0.cs(13,21): error CS0103: The name 'Expr0' does not exist in the current context [/home/runner/work/ci_targets/ci_targets/tests/spec/csharp/kaitai_struct_csharp_tests/kaitai_struct_csharp_tests.csproj]
  tests/SpecExpr1.cs(13,21): error CS0103: The name 'Expr1' does not exist in the current context [/home/runner/work/ci_targets/ci_targets/tests/spec/csharp/kaitai_struct_csharp_tests/kaitai_struct_csharp_tests.csproj]
  tests/SpecExpr2.cs(13,21): error CS0103: The name 'Expr2' does not exist in the current context [/home/runner/work/ci_targets/ci_targets/tests/spec/csharp/kaitai_struct_csharp_tests/kaitai_struct_csharp_tests.csproj]
  tests/SpecExpr3.cs(13,21): error CS0103: The name 'Expr3' does not exist in the current context [/home/runner/work/ci_targets/ci_targets/tests/spec/csharp/kaitai_struct_csharp_tests/kaitai_struct_csharp_tests.csproj]
  tests/SpecDefaultEndianExprException.cs(16,21): error CS0103: The name 'DefaultEndianExprException' does not exist in the current context [/home/runner/work/ci_targets/ci_targets/tests/spec/csharp/kaitai_struct_csharp_tests/kaitai_struct_csharp_tests.csproj]
  tests/SpecExprBytesCmp.cs(13,21): error CS0103: The name 'ExprBytesCmp' does not exist in the current context [/home/runner/work/ci_targets/ci_targets/tests/spec/csharp/kaitai_struct_csharp_tests/kaitai_struct_csharp_tests.csproj]
  tests/SpecExprArray.cs(13,21): error CS0103: The name 'ExprArray' does not exist in the current context [/home/runner/work/ci_targets/ci_targets/tests/spec/csharp/kaitai_struct_csharp_tests/kaitai_struct_csharp_tests.csproj]
  tests/SpecExprBytesLiteral.cs(13,21): error CS0103: The name 'ExprBytesLiteral' does not exist in the current context [/home/runner/work/ci_targets/ci_targets/tests/spec/csharp/kaitai_struct_csharp_tests/kaitai_struct_csharp_tests.csproj]
  tests/SpecExprBytesOps.cs(13,21): error CS0103: The name 'ExprBytesOps' does not exist in the current context [/home/runner/work/ci_targets/ci_targets/tests/spec/csharp/kaitai_struct_csharp_tests/kaitai_struct_csharp_tests.csproj]
  tests/SpecExprEnum.cs(13,21): error CS0103: The name 'ExprEnum' does not exist in the current context [/home/runner/work/ci_targets/ci_targets/tests/spec/csharp/kaitai_struct_csharp_tests/kaitai_struct_csharp_tests.csproj]
  tests/SpecExprEnum.cs(15,41): error CS0103: The name 'ExprEnum' does not exist in the current context [/home/runner/work/ci_targets/ci_targets/tests/spec/csharp/kaitai_struct_csharp_tests/kaitai_struct_csharp_tests.csproj]
  tests/SpecExprEnum.cs(16,44): error CS0103: The name 'ExprEnum' does not exist in the current context [/home/runner/work/ci_targets/ci_targets/tests/spec/csharp/kaitai_struct_csharp_tests/kaitai_struct_csharp_tests.csproj]
  tests/SpecExprEnum.cs(17,43): error CS0103: The name 'ExprEnum' does not exist in the current context [/home/runner/work/ci_targets/ci_targets/tests/spec/csharp/kaitai_struct_csharp_tests/kaitai_struct_csharp_tests.csproj]
  tests/SpecExprIfIntOps.cs(13,21): error CS0103: The name 'ExprIfIntOps' does not exist in the current context [/home/runner/work/ci_targets/ci_targets/tests/spec/csharp/kaitai_struct_csharp_tests/kaitai_struct_csharp_tests.csproj]
  tests/SpecExprCalcArrayOps.cs(13,21): error CS0103: The name 'ExprCalcArrayOps' does not exist in the current context [/home/runner/work/ci_targets/ci_targets/tests/spec/csharp/kaitai_struct_csharp_tests/kaitai_struct_csharp_tests.csproj]
  tests/SpecExprIntDiv.cs(13,21): error CS0103: The name 'ExprIntDiv' does not exist in the current context [/home/runner/work/ci_targets/ci_targets/tests/spec/csharp/kaitai_struct_csharp_tests/kaitai_struct_csharp_tests.csproj]
  tests/SpecExprIoEof.cs(13,21): error CS0103: The name 'ExprIoEof' does not exist in the current context [/home/runner/work/ci_targets/ci_targets/tests/spec/csharp/kaitai_struct_csharp_tests/kaitai_struct_csharp_tests.csproj]
  tests/SpecEosExceptionBytes.cs(17,21): error CS0103: The name 'EosExceptionBytes' does not exist in the current context [/home/runner/work/ci_targets/ci_targets/tests/spec/csharp/kaitai_struct_csharp_tests/kaitai_struct_csharp_tests.csproj]
  tests/SpecExprBits.cs(13,21): error CS0103: The name 'ExprBits' does not exist in the current context [/home/runner/work/ci_targets/ci_targets/tests/spec/csharp/kaitai_struct_csharp_tests/kaitai_struct_csharp_tests.csproj]
  tests/SpecExprBits.cs(16,40): error CS0103: The name 'ExprBits' does not exist in the current context [/home/runner/work/ci_targets/ci_targets/tests/spec/csharp/kaitai_struct_csharp_tests/kaitai_struct_csharp_tests.csproj]
  tests/SpecExprBits.cs(23,41): error CS0103: The name 'ExprBits' does not exist in the current context [/home/runner/work/ci_targets/ci_targets/tests/spec/csharp/kaitai_struct_csharp_tests/kaitai_struct_csharp_tests.csproj]
  tests/SpecExprOpsParens.cs(13,21): error CS0103: The name 'ExprOpsParens' does not exist in the current context [/home/runner/work/ci_targets/ci_targets/tests/spec/csharp/kaitai_struct_csharp_tests/kaitai_struct_csharp_tests.csproj]
  tests/SpecExprIoPos.cs(13,21): error CS0103: The name 'ExprIoPos' does not exist in the current context [/home/runner/work/ci_targets/ci_targets/tests/spec/csharp/kaitai_struct_csharp_tests/kaitai_struct_csharp_tests.csproj]
  tests/SpecValidFailRangeStr.cs(16,21): error CS0103: The name 'ValidFailRangeStr' does not exist in the current context [/home/runner/work/ci_targets/ci_targets/tests/spec/csharp/kaitai_struct_csharp_tests/kaitai_struct_csharp_tests.csproj]
  tests/SpecValidFailRangeInt.cs(16,21): error CS0103: The name 'ValidFailRangeInt' does not exist in the current context [/home/runner/work/ci_targets/ci_targets/tests/spec/csharp/kaitai_struct_csharp_tests/kaitai_struct_csharp_tests.csproj]
  tests/SpecValidFailRangeFloat.cs(16,21): error CS0103: The name 'ValidFailRangeFloat' does not exist in the current context [/home/runner/work/ci_targets/ci_targets/tests/spec/csharp/kaitai_struct_csharp_tests/kaitai_struct_csharp_tests.csproj]
  tests/SpecExprSizeofType1.cs(13,21): error CS0103: The name 'ExprSizeofType1' does not exist in the current context [/home/runner/work/ci_targets/ci_targets/tests/spec/csharp/kaitai_struct_csharp_tests/kaitai_struct_csharp_tests.csproj]
  tests/SpecValidFailRangeBytes.cs(16,21): error CS0103: The name 'ValidFailRangeBytes' does not exist in the current context [/home/runner/work/ci_targets/ci_targets/tests/spec/csharp/kaitai_struct_csharp_tests/kaitai_struct_csharp_tests.csproj]
  tests/SpecValidFailMinInt.cs(16,21): error CS0103: The name 'ValidFailMinInt' does not exist in the current context [/home/runner/work/ci_targets/ci_targets/tests/spec/csharp/kaitai_struct_csharp_tests/kaitai_struct_csharp_tests.csproj]
  tests/SpecExprSizeofValueSized.cs(13,21): error CS0103: The name 'ExprSizeofValueSized' does not exist in the current context [/home/runner/work/ci_targets/ci_targets/tests/spec/csharp/kaitai_struct_csharp_tests/kaitai_struct_csharp_tests.csproj]
  tests/SpecValidFailMaxInt.cs(16,21): error CS0103: The name 'ValidFailMaxInt' does not exist in the current context [/home/runner/work/ci_targets/ci_targets/tests/spec/csharp/kaitai_struct_csharp_tests/kaitai_struct_csharp_tests.csproj]
  tests/SpecValidFailInst.cs(16,21): error CS0103: The name 'ValidFailInst' does not exist in the current context [/home/runner/work/ci_targets/ci_targets/tests/spec/csharp/kaitai_struct_csharp_tests/kaitai_struct_csharp_tests.csproj]
  tests/SpecValidFailExpr.cs(16,21): error CS0103: The name 'ValidFailExpr' does not exist in the current context [/home/runner/work/ci_targets/ci_targets/tests/spec/csharp/kaitai_struct_csharp_tests/kaitai_struct_csharp_tests.csproj]
  tests/SpecValidFailEqInt.cs(16,21): error CS0103: The name 'ValidFailEqInt' does not exist in the current context [/home/runner/work/ci_targets/ci_targets/tests/spec/csharp/kaitai_struct_csharp_tests/kaitai_struct_csharp_tests.csproj]
  tests/SpecValidFailEqBytes.cs(16,21): error CS0103: The name 'ValidFailEqBytes' does not exist in the current context [/home/runner/work/ci_targets/ci_targets/tests/spec/csharp/kaitai_struct_csharp_tests/kaitai_struct_csharp_tests.csproj]
  tests/SpecValidFailContents.cs(16,21): error CS0103: The name 'ValidFailContents' does not exist in the current context [/home/runner/work/ci_targets/ci_targets/tests/spec/csharp/kaitai_struct_csharp_tests/kaitai_struct_csharp_tests.csproj]
  tests/SpecExprStrOps.cs(13,21): error CS0103: The name 'ExprStrOps' does not exist in the current context [/home/runner/work/ci_targets/ci_targets/tests/spec/csharp/kaitai_struct_csharp_tests/kaitai_struct_csharp_tests.csproj]
  tests/SpecFixedContents.cs(13,21): error CS0103: The name 'FixedContents' does not exist in the current context [/home/runner/work/ci_targets/ci_targets/tests/spec/csharp/kaitai_struct_csharp_tests/kaitai_struct_csharp_tests.csproj]
  tests/SpecValidFailAnyofInt.cs(16,21): error CS0103: The name 'ValidFailAnyofInt' does not exist in the current context [/home/runner/work/ci_targets/ci_targets/tests/spec/csharp/kaitai_struct_csharp_tests/kaitai_struct_csharp_tests.csproj]
  tests/SpecUserType.cs(13,21): error CS0103: The name 'UserType' does not exist in the current context [/home/runner/work/ci_targets/ci_targets/tests/spec/csharp/kaitai_struct_csharp_tests/kaitai_struct_csharp_tests.csproj]
  tests/SpecExprMod.cs(13,21): error CS0103: The name 'ExprMod' does not exist in the current context [/home/runner/work/ci_targets/ci_targets/tests/spec/csharp/kaitai_struct_csharp_tests/kaitai_struct_csharp_tests.csproj]
  tests/SpecFixedStruct.cs(13,21): error CS0103: The name 'FixedStruct' does not exist in the current context [/home/runner/work/ci_targets/ci_targets/tests/spec/csharp/kaitai_struct_csharp_tests/kaitai_struct_csharp_tests.csproj]
  tests/SpecFloatToI.cs(13,21): error CS0103: The name 'FloatToI' does not exist in the current context [/home/runner/work/ci_targets/ci_targets/tests/spec/csharp/kaitai_struct_csharp_tests/kaitai_struct_csharp_tests.csproj]
  tests/SpecHelloWorld.cs(13,21): error CS0103: The name 'HelloWorld' does not exist in the current context [/home/runner/work/ci_targets/ci_targets/tests/spec/csharp/kaitai_struct_csharp_tests/kaitai_struct_csharp_tests.csproj]
  tests/SpecIfInstances.cs(13,21): error CS0103: The name 'IfInstances' does not exist in the current context [/home/runner/work/ci_targets/ci_targets/tests/spec/csharp/kaitai_struct_csharp_tests/kaitai_struct_csharp_tests.csproj]
  tests/SpecFloatingPoints.cs(13,21): error CS0103: The name 'FloatingPoints' does not exist in the current context [/home/runner/work/ci_targets/ci_targets/tests/spec/csharp/kaitai_struct_csharp_tests/kaitai_struct_csharp_tests.csproj]
  tests/SpecIfStruct.cs(13,21): error CS0103: The name 'IfStruct' does not exist in the current context [/home/runner/work/ci_targets/ci_targets/tests/spec/csharp/kaitai_struct_csharp_tests/kaitai_struct_csharp_tests.csproj]
  tests/SpecImports0.cs(13,21): error CS0103: The name 'Imports0' does not exist in the current context [/home/runner/work/ci_targets/ci_targets/tests/spec/csharp/kaitai_struct_csharp_tests/kaitai_struct_csharp_tests.csproj]
  tests/SpecIfValues.cs(13,21): error CS0103: The name 'IfValues' does not exist in the current context [/home/runner/work/ci_targets/ci_targets/tests/spec/csharp/kaitai_struct_csharp_tests/kaitai_struct_csharp_tests.csproj]
  tests/SpecImportsAbs.cs(13,21): error CS0103: The name 'ImportsAbs' does not exist in the current context [/home/runner/work/ci_targets/ci_targets/tests/spec/csharp/kaitai_struct_csharp_tests/kaitai_struct_csharp_tests.csproj]
  tests/SpecImportsAbsAbs.cs(11,21): error CS0103: The name 'ImportsAbsAbs' does not exist in the current context [/home/runner/work/ci_targets/ci_targets/tests/spec/csharp/kaitai_struct_csharp_tests/kaitai_struct_csharp_tests.csproj]
  tests/SpecImportsAbsRel.cs(11,21): error CS0103: The name 'ImportsAbsRel' does not exist in the current context [/home/runner/work/ci_targets/ci_targets/tests/spec/csharp/kaitai_struct_csharp_tests/kaitai_struct_csharp_tests.csproj]
  tests/SpecImportsCircularA.cs(13,21): error CS0103: The name 'ImportsCircularA' does not exist in the current context [/home/runner/work/ci_targets/ci_targets/tests/spec/csharp/kaitai_struct_csharp_tests/kaitai_struct_csharp_tests.csproj]
  tests/SpecImportsRel1.cs(13,21): error CS0103: The name 'ImportsRel1' does not exist in the current context [/home/runner/work/ci_targets/ci_targets/tests/spec/csharp/kaitai_struct_csharp_tests/kaitai_struct_csharp_tests.csproj]
  tests/SpecIndexSizes.cs(13,21): error CS0103: The name 'IndexSizes' does not exist in the current context [/home/runner/work/ci_targets/ci_targets/tests/spec/csharp/kaitai_struct_csharp_tests/kaitai_struct_csharp_tests.csproj]
  tests/SpecIndexToParamEos.cs(13,21): error CS0103: The name 'IndexToParamEos' does not exist in the current context [/home/runner/work/ci_targets/ci_targets/tests/spec/csharp/kaitai_struct_csharp_tests/kaitai_struct_csharp_tests.csproj]
  tests/SpecIndexToParamExpr.cs(13,21): error CS0103: The name 'IndexToParamExpr' does not exist in the current context [/home/runner/work/ci_targets/ci_targets/tests/spec/csharp/kaitai_struct_csharp_tests/kaitai_struct_csharp_tests.csproj]
  tests/SpecExprSizeofType0.cs(13,21): error CS0103: The name 'ExprSizeofType0' does not exist in the current context [/home/runner/work/ci_targets/ci_targets/tests/spec/csharp/kaitai_struct_csharp_tests/kaitai_struct_csharp_tests.csproj]
  tests/SpecInstanceIoUser.cs(13,21): error CS0103: The name 'InstanceIoUser' does not exist in the current context [/home/runner/work/ci_targets/ci_targets/tests/spec/csharp/kaitai_struct_csharp_tests/kaitai_struct_csharp_tests.csproj]
  tests/SpecInstanceStd.cs(13,21): error CS0103: The name 'InstanceStd' does not exist in the current context [/home/runner/work/ci_targets/ci_targets/tests/spec/csharp/kaitai_struct_csharp_tests/kaitai_struct_csharp_tests.csproj]
  tests/SpecExprSizeofValue0.cs(13,21): error CS0103: The name 'ExprSizeofValue0' does not exist in the current context [/home/runner/work/ci_targets/ci_targets/tests/spec/csharp/kaitai_struct_csharp_tests/kaitai_struct_csharp_tests.csproj]
  tests/SpecInstanceUserArray.cs(13,21): error CS0103: The name 'InstanceUserArray' does not exist in the current context [/home/runner/work/ci_targets/ci_targets/tests/spec/csharp/kaitai_struct_csharp_tests/kaitai_struct_csharp_tests.csproj]
  tests/SpecIntegers.cs(13,21): error CS0103: The name 'Integers' does not exist in the current context [/home/runner/work/ci_targets/ci_targets/tests/spec/csharp/kaitai_struct_csharp_tests/kaitai_struct_csharp_tests.csproj]
  tests/SpecIntegersDoubleOverflow.cs(14,21): error CS0103: The name 'IntegersDoubleOverflow' does not exist in the current context [/home/runner/work/ci_targets/ci_targets/tests/spec/csharp/kaitai_struct_csharp_tests/kaitai_struct_csharp_tests.csproj]
  tests/SpecIoLocalVar.cs(13,21): error CS0103: The name 'IoLocalVar' does not exist in the current context [/home/runner/work/ci_targets/ci_targets/tests/spec/csharp/kaitai_struct_csharp_tests/kaitai_struct_csharp_tests.csproj]
  tests/SpecTypeTernaryOpaque.cs(11,21): error CS0103: The name 'TypeTernaryOpaque' does not exist in the current context [/home/runner/work/ci_targets/ci_targets/tests/spec/csharp/kaitai_struct_csharp_tests/kaitai_struct_csharp_tests.csproj]
  tests/SpecIntegersMinMax.cs(13,21): error CS0103: The name 'IntegersMinMax' does not exist in the current context [/home/runner/work/ci_targets/ci_targets/tests/spec/csharp/kaitai_struct_csharp_tests/kaitai_struct_csharp_tests.csproj]
  tests/SpecMetaTags.cs(13,21): error CS0103: The name 'MetaTags' does not exist in the current context [/home/runner/work/ci_targets/ci_targets/tests/spec/csharp/kaitai_struct_csharp_tests/kaitai_struct_csharp_tests.csproj]
  tests/SpecTypeTernary2ndFalsy.cs(13,21): error CS0103: The name 'TypeTernary2ndFalsy' does not exist in the current context [/home/runner/work/ci_targets/ci_targets/tests/spec/csharp/kaitai_struct_csharp_tests/kaitai_struct_csharp_tests.csproj]
  tests/SpecMetaXref.cs(13,21): error CS0103: The name 'MetaXref' does not exist in the current context [/home/runner/work/ci_targets/ci_targets/tests/spec/csharp/kaitai_struct_csharp_tests/kaitai_struct_csharp_tests.csproj]
  tests/SpecTypeTernary.cs(13,21): error CS0103: The name 'TypeTernary' does not exist in the current context [/home/runner/work/ci_targets/ci_targets/tests/spec/csharp/kaitai_struct_csharp_tests/kaitai_struct_csharp_tests.csproj]
  tests/SpecMultipleUse.cs(13,21): error CS0103: The name 'MultipleUse' does not exist in the current context [/home/runner/work/ci_targets/ci_targets/tests/spec/csharp/kaitai_struct_csharp_tests/kaitai_struct_csharp_tests.csproj]
  tests/SpecTypeIntUnaryOp.cs(13,21): error CS0103: The name 'TypeIntUnaryOp' does not exist in the current context [/home/runner/work/ci_targets/ci_targets/tests/spec/csharp/kaitai_struct_csharp_tests/kaitai_struct_csharp_tests.csproj]
  tests/SpecInstanceStdArray.cs(13,21): error CS0103: The name 'InstanceStdArray' does not exist in the current context [/home/runner/work/ci_targets/ci_targets/tests/spec/csharp/kaitai_struct_csharp_tests/kaitai_struct_csharp_tests.csproj]
  tests/SpecTsPacketHeader.cs(13,21): error CS0103: The name 'TsPacketHeader' does not exist in the current context [/home/runner/work/ci_targets/ci_targets/tests/spec/csharp/kaitai_struct_csharp_tests/kaitai_struct_csharp_tests.csproj]
  tests/SpecTsPacketHeader.cs(21,55): error CS0103: The name 'TsPacketHeader' does not exist in the current context [/home/runner/work/ci_targets/ci_targets/tests/spec/csharp/kaitai_struct_csharp_tests/kaitai_struct_csharp_tests.csproj]
  tests/SpecNavParent.cs(13,21): error CS0103: The name 'NavParent' does not exist in the current context [/home/runner/work/ci_targets/ci_targets/tests/spec/csharp/kaitai_struct_csharp_tests/kaitai_struct_csharp_tests.csproj]
  tests/SpecTermStrz.cs(13,21): error CS0103: The name 'TermStrz' does not exist in the current context [/home/runner/work/ci_targets/ci_targets/tests/spec/csharp/kaitai_struct_csharp_tests/kaitai_struct_csharp_tests.csproj]
  tests/SpecTermBytes.cs(13,21): error CS0103: The name 'TermBytes' does not exist in the current context [/home/runner/work/ci_targets/ci_targets/tests/spec/csharp/kaitai_struct_csharp_tests/kaitai_struct_csharp_tests.csproj]
  tests/SpecSwitchRepeatExprInvalid.cs(13,21): error CS0103: The name 'SwitchRepeatExprInvalid' does not exist in the current context [/home/runner/work/ci_targets/ci_targets/tests/spec/csharp/kaitai_struct_csharp_tests/kaitai_struct_csharp_tests.csproj]
  tests/SpecSwitchRepeatExpr.cs(13,21): error CS0103: The name 'SwitchRepeatExpr' does not exist in the current context [/home/runner/work/ci_targets/ci_targets/tests/spec/csharp/kaitai_struct_csharp_tests/kaitai_struct_csharp_tests.csproj]
  tests/SpecSwitchRepeatExpr.cs(17,31): error CS0246: The type or namespace name 'SwitchRepeatExpr' could not be found (are you missing a using directive or an assembly reference?) [/home/runner/work/ci_targets/ci_targets/tests/spec/csharp/kaitai_struct_csharp_tests/kaitai_struct_csharp_tests.csproj]
  tests/SpecNavParent2.cs(13,21): error CS0103: The name 'NavParent2' does not exist in the current context [/home/runner/work/ci_targets/ci_targets/tests/spec/csharp/kaitai_struct_csharp_tests/kaitai_struct_csharp_tests.csproj]
  tests/SpecNavParentFalse.cs(13,21): error CS0103: The name 'NavParentFalse' does not exist in the current context [/home/runner/work/ci_targets/ci_targets/tests/spec/csharp/kaitai_struct_csharp_tests/kaitai_struct_csharp_tests.csproj]
  tests/SpecSwitchMultiBoolOps.cs(11,21): error CS0103: The name 'SwitchMultiBoolOps' does not exist in the current context [/home/runner/work/ci_targets/ci_targets/tests/spec/csharp/kaitai_struct_csharp_tests/kaitai_struct_csharp_tests.csproj]
  tests/SpecNavParent3.cs(13,21): error CS0103: The name 'NavParent3' does not exist in the current context [/home/runner/work/ci_targets/ci_targets/tests/spec/csharp/kaitai_struct_csharp_tests/kaitai_struct_csharp_tests.csproj]
  tests/SpecJsSignedRightShift.cs(13,21): error CS0103: The name 'JsSignedRightShift' does not exist in the current context [/home/runner/work/ci_targets/ci_targets/tests/spec/csharp/kaitai_struct_csharp_tests/kaitai_struct_csharp_tests.csproj]
  tests/SpecNavParentOverride.cs(13,21): error CS0103: The name 'NavParentOverride' does not exist in the current context [/home/runner/work/ci_targets/ci_targets/tests/spec/csharp/kaitai_struct_csharp_tests/kaitai_struct_csharp_tests.csproj]
  tests/SpecNavParentSwitch.cs(13,21): error CS0103: The name 'NavParentSwitch' does not exist in the current context [/home/runner/work/ci_targets/ci_targets/tests/spec/csharp/kaitai_struct_csharp_tests/kaitai_struct_csharp_tests.csproj]
  tests/SpecNavParentSwitch.cs(16,31): error CS0246: The type or namespace name 'NavParentSwitch' could not be found (are you missing a using directive or an assembly reference?) [/home/runner/work/ci_targets/ci_targets/tests/spec/csharp/kaitai_struct_csharp_tests/kaitai_struct_csharp_tests.csproj]
  tests/SpecNavParentSwitch.cs(17,31): error CS0246: The type or namespace name 'NavParentSwitch' could not be found (are you missing a using directive or an assembly reference?) [/home/runner/work/ci_targets/ci_targets/tests/spec/csharp/kaitai_struct_csharp_tests/kaitai_struct_csharp_tests.csproj]
  tests/SpecNavParentSwitchCast.cs(13,21): error CS0103: The name 'NavParentSwitchCast' does not exist in the current context [/home/runner/work/ci_targets/ci_targets/tests/spec/csharp/kaitai_struct_csharp_tests/kaitai_struct_csharp_tests.csproj]
  tests/SpecNavParentSwitchCast.cs(17,31): error CS0246: The type or namespace name 'NavParentSwitchCast' could not be found (are you missing a using directive or an assembly reference?) [/home/runner/work/ci_targets/ci_targets/tests/spec/csharp/kaitai_struct_csharp_tests/kaitai_struct_csharp_tests.csproj]
  tests/SpecNavParentVsValueInst.cs(13,21): error CS0103: The name 'NavParentVsValueInst' does not exist in the current context [/home/runner/work/ci_targets/ci_targets/tests/spec/csharp/kaitai_struct_csharp_tests/kaitai_struct_csharp_tests.csproj]
  tests/SpecNestedSameName.cs(13,21): error CS0103: The name 'NestedSameName' does not exist in the current context [/home/runner/work/ci_targets/ci_targets/tests/spec/csharp/kaitai_struct_csharp_tests/kaitai_struct_csharp_tests.csproj]
  tests/SpecNavRoot.cs(13,21): error CS0103: The name 'NavRoot' does not exist in the current context [/home/runner/work/ci_targets/ci_targets/tests/spec/csharp/kaitai_struct_csharp_tests/kaitai_struct_csharp_tests.csproj]
  tests/SpecNestedTypeParam.cs(13,21): error CS0103: The name 'NestedTypeParam' does not exist in the current context [/home/runner/work/ci_targets/ci_targets/tests/spec/csharp/kaitai_struct_csharp_tests/kaitai_struct_csharp_tests.csproj]
  tests/SpecNestedSameName2.cs(13,21): error CS0103: The name 'NestedSameName2' does not exist in the current context [/home/runner/work/ci_targets/ci_targets/tests/spec/csharp/kaitai_struct_csharp_tests/kaitai_struct_csharp_tests.csproj]
  tests/SpecNestedTypes.cs(13,21): error CS0103: The name 'NestedTypes' does not exist in the current context [/home/runner/work/ci_targets/ci_targets/tests/spec/csharp/kaitai_struct_csharp_tests/kaitai_struct_csharp_tests.csproj]
  tests/SpecNestedTypes2.cs(13,21): error CS0103: The name 'NestedTypes2' does not exist in the current context [/home/runner/work/ci_targets/ci_targets/tests/spec/csharp/kaitai_struct_csharp_tests/kaitai_struct_csharp_tests.csproj]
  tests/SpecNavParentFalse2.cs(13,21): error CS0103: The name 'NavParentFalse2' does not exist in the current context [/home/runner/work/ci_targets/ci_targets/tests/spec/csharp/kaitai_struct_csharp_tests/kaitai_struct_csharp_tests.csproj]
  tests/SpecNonStandard.cs(13,21): error CS0103: The name 'NonStandard' does not exist in the current context [/home/runner/work/ci_targets/ci_targets/tests/spec/csharp/kaitai_struct_csharp_tests/kaitai_struct_csharp_tests.csproj]
  tests/SpecIndexToParamUntil.cs(13,21): error CS0103: The name 'IndexToParamUntil' does not exist in the current context [/home/runner/work/ci_targets/ci_targets/tests/spec/csharp/kaitai_struct_csharp_tests/kaitai_struct_csharp_tests.csproj]
  tests/SpecOpaqueExternalType.cs(11,21): error CS0103: The name 'OpaqueExternalType' does not exist in the current context [/home/runner/work/ci_targets/ci_targets/tests/spec/csharp/kaitai_struct_csharp_tests/kaitai_struct_csharp_tests.csproj]
  tests/SpecOpaqueWithParam.cs(11,21): error CS0103: The name 'OpaqueWithParam' does not exist in the current context [/home/runner/work/ci_targets/ci_targets/tests/spec/csharp/kaitai_struct_csharp_tests/kaitai_struct_csharp_tests.csproj]
  tests/SpecParamsCallExtraParens.cs(13,21): error CS0103: The name 'ParamsCallExtraParens' does not exist in the current context [/home/runner/work/ci_targets/ci_targets/tests/spec/csharp/kaitai_struct_csharp_tests/kaitai_struct_csharp_tests.csproj]
  tests/SpecOptionalId.cs(11,21): error CS0103: The name 'OptionalId' does not exist in the current context [/home/runner/work/ci_targets/ci_targets/tests/spec/csharp/kaitai_struct_csharp_tests/kaitai_struct_csharp_tests.csproj]
  tests/SpecParamsCallShort.cs(13,21): error CS0103: The name 'ParamsCallShort' does not exist in the current context [/home/runner/work/ci_targets/ci_targets/tests/spec/csharp/kaitai_struct_csharp_tests/kaitai_struct_csharp_tests.csproj]
  tests/SpecParamsEnum.cs(13,21): error CS0103: The name 'ParamsEnum' does not exist in the current context [/home/runner/work/ci_targets/ci_targets/tests/spec/csharp/kaitai_struct_csharp_tests/kaitai_struct_csharp_tests.csproj]
  tests/SpecParamsEnum.cs(15,36): error CS0103: The name 'ParamsEnum' does not exist in the current context [/home/runner/work/ci_targets/ci_targets/tests/spec/csharp/kaitai_struct_csharp_tests/kaitai_struct_csharp_tests.csproj]
  tests/SpecParamsDef.cs(12,25): error CS0246: The type or namespace name 'ParamsDef' could not be found (are you missing a using directive or an assembly reference?) [/home/runner/work/ci_targets/ci_targets/tests/spec/csharp/kaitai_struct_csharp_tests/kaitai_struct_csharp_tests.csproj]
  tests/SpecParamsPassArrayInt.cs(13,21): error CS0103: The name 'ParamsPassArrayInt' does not exist in the current context [/home/runner/work/ci_targets/ci_targets/tests/spec/csharp/kaitai_struct_csharp_tests/kaitai_struct_csharp_tests.csproj]
  tests/SpecParamsPassArrayStruct.cs(13,21): error CS0103: The name 'ParamsPassArrayStruct' does not exist in the current context [/home/runner/work/ci_targets/ci_targets/tests/spec/csharp/kaitai_struct_csharp_tests/kaitai_struct_csharp_tests.csproj]
  tests/SpecParamsPassArrayStruct.cs(16,31): error CS0246: The type or namespace name 'ParamsPassArrayStruct' could not be found (are you missing a using directive or an assembly reference?) [/home/runner/work/ci_targets/ci_targets/tests/spec/csharp/kaitai_struct_csharp_tests/kaitai_struct_csharp_tests.csproj]
  tests/SpecParamsPassArrayStruct.cs(17,31): error CS0246: The type or namespace name 'ParamsPassArrayStruct' could not be found (are you missing a using directive or an assembly reference?) [/home/runner/work/ci_targets/ci_targets/tests/spec/csharp/kaitai_struct_csharp_tests/kaitai_struct_csharp_tests.csproj]
  tests/SpecParamsPassArrayStr.cs(13,21): error CS0103: The name 'ParamsPassArrayStr' does not exist in the current context [/home/runner/work/ci_targets/ci_targets/tests/spec/csharp/kaitai_struct_csharp_tests/kaitai_struct_csharp_tests.csproj]
  tests/SpecParamsPassArrayUsertype.cs(13,21): error CS0103: The name 'ParamsPassArrayUsertype' does not exist in the current context [/home/runner/work/ci_targets/ci_targets/tests/spec/csharp/kaitai_struct_csharp_tests/kaitai_struct_csharp_tests.csproj]
  tests/SpecParamsPassStruct.cs(13,21): error CS0103: The name 'ParamsPassStruct' does not exist in the current context [/home/runner/work/ci_targets/ci_targets/tests/spec/csharp/kaitai_struct_csharp_tests/kaitai_struct_csharp_tests.csproj]
  tests/SpecParamsPassStruct.cs(17,31): error CS0246: The type or namespace name 'ParamsPassStruct' could not be found (are you missing a using directive or an assembly reference?) [/home/runner/work/ci_targets/ci_targets/tests/spec/csharp/kaitai_struct_csharp_tests/kaitai_struct_csharp_tests.csproj]
  tests/SpecParamsPassStruct.cs(18,31): error CS0246: The type or namespace name 'ParamsPassStruct' could not be found (are you missing a using directive or an assembly reference?) [/home/runner/work/ci_targets/ci_targets/tests/spec/csharp/kaitai_struct_csharp_tests/kaitai_struct_csharp_tests.csproj]
  tests/SpecOpaqueExternalType02Parent.cs(11,21): error CS0103: The name 'OpaqueExternalType02Parent' does not exist in the current context [/home/runner/work/ci_targets/ci_targets/tests/spec/csharp/kaitai_struct_csharp_tests/kaitai_struct_csharp_tests.csproj]
  tests/SpecPositionAbs.cs(13,21): error CS0103: The name 'PositionAbs' does not exist in the current context [/home/runner/work/ci_targets/ci_targets/tests/spec/csharp/kaitai_struct_csharp_tests/kaitai_struct_csharp_tests.csproj]
  tests/SpecPositionToEnd.cs(13,21): error CS0103: The name 'PositionToEnd' does not exist in the current context [/home/runner/work/ci_targets/ci_targets/tests/spec/csharp/kaitai_struct_csharp_tests/kaitai_struct_csharp_tests.csproj]
  tests/SpecProcessCoerceBytes.cs(13,21): error CS0103: The name 'ProcessCoerceBytes' does not exist in the current context [/home/runner/work/ci_targets/ci_targets/tests/spec/csharp/kaitai_struct_csharp_tests/kaitai_struct_csharp_tests.csproj]
  tests/SpecProcessCoerceSwitch.cs(13,21): error CS0103: The name 'ProcessCoerceSwitch' does not exist in the current context [/home/runner/work/ci_targets/ci_targets/tests/spec/csharp/kaitai_struct_csharp_tests/kaitai_struct_csharp_tests.csproj]
  tests/SpecProcessCoerceSwitch.cs(17,31): error CS0246: The type or namespace name 'ProcessCoerceSwitch' could not be found (are you missing a using directive or an assembly reference?) [/home/runner/work/ci_targets/ci_targets/tests/spec/csharp/kaitai_struct_csharp_tests/kaitai_struct_csharp_tests.csproj]
  tests/SpecProcessCoerceUsertype1.cs(13,21): error CS0103: The name 'ProcessCoerceUsertype1' does not exist in the current context [/home/runner/work/ci_targets/ci_targets/tests/spec/csharp/kaitai_struct_csharp_tests/kaitai_struct_csharp_tests.csproj]
  tests/SpecProcessCoerceUsertype2.cs(13,21): error CS0103: The name 'ProcessCoerceUsertype2' does not exist in the current context [/home/runner/work/ci_targets/ci_targets/tests/spec/csharp/kaitai_struct_csharp_tests/kaitai_struct_csharp_tests.csproj]
  tests/SpecNestedTypes3.cs(13,21): error CS0103: The name 'NestedTypes3' does not exist in the current context [/home/runner/work/ci_targets/ci_targets/tests/spec/csharp/kaitai_struct_csharp_tests/kaitai_struct_csharp_tests.csproj]
  tests/SpecProcessCustom.cs(54,21): error CS0103: The name 'ProcessCustom' does not exist in the current context [/home/runner/work/ci_targets/ci_targets/tests/spec/csharp/kaitai_struct_csharp_tests/kaitai_struct_csharp_tests.csproj]
  tests/SpecPositionInSeq.cs(14,21): error CS0103: The name 'PositionInSeq' does not exist in the current context [/home/runner/work/ci_targets/ci_targets/tests/spec/csharp/kaitai_struct_csharp_tests/kaitai_struct_csharp_tests.csproj]
  tests/SpecProcessCustomNoArgs.cs(27,21): error CS0103: The name 'ProcessCustomNoArgs' does not exist in the current context [/home/runner/work/ci_targets/ci_targets/tests/spec/csharp/kaitai_struct_csharp_tests/kaitai_struct_csharp_tests.csproj]
  tests/SpecProcessRepeatBytes.cs(13,21): error CS0103: The name 'ProcessRepeatBytes' does not exist in the current context [/home/runner/work/ci_targets/ci_targets/tests/spec/csharp/kaitai_struct_csharp_tests/kaitai_struct_csharp_tests.csproj]
  tests/SpecProcessRepeatUsertype.cs(13,21): error CS0103: The name 'ProcessRepeatUsertype' does not exist in the current context [/home/runner/work/ci_targets/ci_targets/tests/spec/csharp/kaitai_struct_csharp_tests/kaitai_struct_csharp_tests.csproj]
  tests/SpecProcessToUser.cs(13,21): error CS0103: The name 'ProcessToUser' does not exist in the current context [/home/runner/work/ci_targets/ci_targets/tests/spec/csharp/kaitai_struct_csharp_tests/kaitai_struct_csharp_tests.csproj]
  tests/SpecProcessRotate.cs(13,21): error CS0103: The name 'ProcessRotate' does not exist in the current context [/home/runner/work/ci_targets/ci_targets/tests/spec/csharp/kaitai_struct_csharp_tests/kaitai_struct_csharp_tests.csproj]
  tests/SpecProcessXor4Const.cs(13,21): error CS0103: The name 'ProcessXor4Const' does not exist in the current context [/home/runner/work/ci_targets/ci_targets/tests/spec/csharp/kaitai_struct_csharp_tests/kaitai_struct_csharp_tests.csproj]
  tests/SpecProcessXor4Value.cs(13,21): error CS0103: The name 'ProcessXor4Value' does not exist in the current context [/home/runner/work/ci_targets/ci_targets/tests/spec/csharp/kaitai_struct_csharp_tests/kaitai_struct_csharp_tests.csproj]
  tests/SpecProcessXorConst.cs(13,21): error CS0103: The name 'ProcessXorConst' does not exist in the current context [/home/runner/work/ci_targets/ci_targets/tests/spec/csharp/kaitai_struct_csharp_tests/kaitai_struct_csharp_tests.csproj]
  tests/SpecProcessXorValue.cs(13,21): error CS0103: The name 'ProcessXorValue' does not exist in the current context [/home/runner/work/ci_targets/ci_targets/tests/spec/csharp/kaitai_struct_csharp_tests/kaitai_struct_csharp_tests.csproj]
  tests/SpecRepeatEosBit.cs(13,21): error CS0103: The name 'RepeatEosBit' does not exist in the current context [/home/runner/work/ci_targets/ci_targets/tests/spec/csharp/kaitai_struct_csharp_tests/kaitai_struct_csharp_tests.csproj]
  tests/SpecRecursiveOne.cs(13,21): error CS0103: The name 'RecursiveOne' does not exist in the current context [/home/runner/work/ci_targets/ci_targets/tests/spec/csharp/kaitai_struct_csharp_tests/kaitai_struct_csharp_tests.csproj]
  tests/SpecRecursiveOne.cs(16,31): error CS0246: The type or namespace name 'RecursiveOne' could not be found (are you missing a using directive or an assembly reference?) [/home/runner/work/ci_targets/ci_targets/tests/spec/csharp/kaitai_struct_csharp_tests/kaitai_struct_csharp_tests.csproj]
  tests/SpecRecursiveOne.cs(17,48): error CS0246: The type or namespace name 'RecursiveOne' could not be found (are you missing a using directive or an assembly reference?) [/home/runner/work/ci_targets/ci_targets/tests/spec/csharp/kaitai_struct_csharp_tests/kaitai_struct_csharp_tests.csproj]
  tests/SpecRecursiveOne.cs(17,31): error CS0246: The type or namespace name 'RecursiveOne' could not be found (are you missing a using directive or an assembly reference?) [/home/runner/work/ci_targets/ci_targets/tests/spec/csharp/kaitai_struct_csharp_tests/kaitai_struct_csharp_tests.csproj]
  tests/SpecRecursiveOne.cs(18,70): error CS0246: The type or namespace name 'RecursiveOne' could not be found (are you missing a using directive or an assembly reference?) [/home/runner/work/ci_targets/ci_targets/tests/spec/csharp/kaitai_struct_csharp_tests/kaitai_struct_csharp_tests.csproj]
  tests/SpecRecursiveOne.cs(18,53): error CS0246: The type or namespace name 'RecursiveOne' could not be found (are you missing a using directive or an assembly reference?) [/home/runner/work/ci_targets/ci_targets/tests/spec/csharp/kaitai_struct_csharp_tests/kaitai_struct_csharp_tests.csproj]
  tests/SpecRecursiveOne.cs(18,31): error CS0246: The type or namespace name 'RecursiveOne' could not be found (are you missing a using directive or an assembly reference?) [/home/runner/work/ci_targets/ci_targets/tests/spec/csharp/kaitai_struct_csharp_tests/kaitai_struct_csharp_tests.csproj]
  tests/SpecRepeatEosU4.cs(14,21): error CS0103: The name 'RepeatEosU4' does not exist in the current context [/home/runner/work/ci_targets/ci_targets/tests/spec/csharp/kaitai_struct_csharp_tests/kaitai_struct_csharp_tests.csproj]
  tests/SpecSwitchManualStrElse.cs(13,21): error CS0103: The name 'SwitchManualStrElse' does not exist in the current context [/home/runner/work/ci_targets/ci_targets/tests/spec/csharp/kaitai_struct_csharp_tests/kaitai_struct_csharp_tests.csproj]
  tests/SpecSwitchManualStrElse.cs(17,31): error CS0246: The type or namespace name 'SwitchManualStrElse' could not be found (are you missing a using directive or an assembly reference?) [/home/runner/work/ci_targets/ci_targets/tests/spec/csharp/kaitai_struct_csharp_tests/kaitai_struct_csharp_tests.csproj]
  tests/SpecSwitchManualStrElse.cs(19,31): error CS0246: The type or namespace name 'SwitchManualStrElse' could not be found (are you missing a using directive or an assembly reference?) [/home/runner/work/ci_targets/ci_targets/tests/spec/csharp/kaitai_struct_csharp_tests/kaitai_struct_csharp_tests.csproj]
  tests/SpecSwitchManualStrElse.cs(21,31): error CS0246: The type or namespace name 'SwitchManualStrElse' could not be found (are you missing a using directive or an assembly reference?) [/home/runner/work/ci_targets/ci_targets/tests/spec/csharp/kaitai_struct_csharp_tests/kaitai_struct_csharp_tests.csproj]
  tests/SpecSwitchManualStrElse.cs(23,31): error CS0246: The type or namespace name 'SwitchManualStrElse' could not be found (are you missing a using directive or an assembly reference?) [/home/runner/work/ci_targets/ci_targets/tests/spec/csharp/kaitai_struct_csharp_tests/kaitai_struct_csharp_tests.csproj]
  tests/SpecRepeatNStruct.cs(13,21): error CS0103: The name 'RepeatNStruct' does not exist in the current context [/home/runner/work/ci_targets/ci_targets/tests/spec/csharp/kaitai_struct_csharp_tests/kaitai_struct_csharp_tests.csproj]
  tests/SpecRepeatNStrz.cs(14,21): error CS0103: The name 'RepeatNStrz' does not exist in the current context [/home/runner/work/ci_targets/ci_targets/tests/spec/csharp/kaitai_struct_csharp_tests/kaitai_struct_csharp_tests.csproj]
  tests/SpecSwitchManualStr.cs(13,21): error CS0103: The name 'SwitchManualStr' does not exist in the current context [/home/runner/work/ci_targets/ci_targets/tests/spec/csharp/kaitai_struct_csharp_tests/kaitai_struct_csharp_tests.csproj]
  tests/SpecSwitchManualStr.cs(17,31): error CS0246: The type or namespace name 'SwitchManualStr' could not be found (are you missing a using directive or an assembly reference?) [/home/runner/work/ci_targets/ci_targets/tests/spec/csharp/kaitai_struct_csharp_tests/kaitai_struct_csharp_tests.csproj]
  tests/SpecSwitchManualStr.cs(19,31): error CS0246: The type or namespace name 'SwitchManualStr' could not be found (are you missing a using directive or an assembly reference?) [/home/runner/work/ci_targets/ci_targets/tests/spec/csharp/kaitai_struct_csharp_tests/kaitai_struct_csharp_tests.csproj]
  tests/SpecSwitchManualStr.cs(21,31): error CS0246: The type or namespace name 'SwitchManualStr' could not be found (are you missing a using directive or an assembly reference?) [/home/runner/work/ci_targets/ci_targets/tests/spec/csharp/kaitai_struct_csharp_tests/kaitai_struct_csharp_tests.csproj]
  tests/SpecSwitchManualStr.cs(23,31): error CS0246: The type or namespace name 'SwitchManualStr' could not be found (are you missing a using directive or an assembly reference?) [/home/runner/work/ci_targets/ci_targets/tests/spec/csharp/kaitai_struct_csharp_tests/kaitai_struct_csharp_tests.csproj]
  tests/SpecRepeatUntilCalcArrayType.cs(13,21): error CS0103: The name 'RepeatUntilCalcArrayType' does not exist in the current context [/home/runner/work/ci_targets/ci_targets/tests/spec/csharp/kaitai_struct_csharp_tests/kaitai_struct_csharp_tests.csproj]
  tests/SpecSwitchManualIntSizeEos.cs(11,21): error CS0103: The name 'SwitchManualIntSizeEos' does not exist in the current context [/home/runner/work/ci_targets/ci_targets/tests/spec/csharp/kaitai_struct_csharp_tests/kaitai_struct_csharp_tests.csproj]
  tests/SpecSwitchManualIntSizeEos.cs(15,25): error CS0246: The type or namespace name 'SwitchManualIntSizeEos' could not be found (are you missing a using directive or an assembly reference?) [/home/runner/work/ci_targets/ci_targets/tests/spec/csharp/kaitai_struct_csharp_tests/kaitai_struct_csharp_tests.csproj]
  tests/SpecSwitchManualIntSizeEos.cs(20,31): error CS0246: The type or namespace name 'SwitchManualIntSizeEos' could not be found (are you missing a using directive or an assembly reference?) [/home/runner/work/ci_targets/ci_targets/tests/spec/csharp/kaitai_struct_csharp_tests/kaitai_struct_csharp_tests.csproj]
  tests/SpecRepeatNStrzDouble.cs(14,21): error CS0103: The name 'RepeatNStrzDouble' does not exist in the current context [/home/runner/work/ci_targets/ci_targets/tests/spec/csharp/kaitai_struct_csharp_tests/kaitai_struct_csharp_tests.csproj]
  tests/SpecParamsPassUsertype.cs(13,21): error CS0103: The name 'ParamsPassUsertype' does not exist in the current context [/home/runner/work/ci_targets/ci_targets/tests/spec/csharp/kaitai_struct_csharp_tests/kaitai_struct_csharp_tests.csproj]
  tests/SpecRepeatUntilS4.cs(14,21): error CS0103: The name 'RepeatUntilS4' does not exist in the current context [/home/runner/work/ci_targets/ci_targets/tests/spec/csharp/kaitai_struct_csharp_tests/kaitai_struct_csharp_tests.csproj]
  tests/SpecStrEncodings.cs(13,21): error CS0103: The name 'StrEncodings' does not exist in the current context [/home/runner/work/ci_targets/ci_targets/tests/spec/csharp/kaitai_struct_csharp_tests/kaitai_struct_csharp_tests.csproj]
  tests/SpecRepeatUntilSized.cs(13,21): error CS0103: The name 'RepeatUntilSized' does not exist in the current context [/home/runner/work/ci_targets/ci_targets/tests/spec/csharp/kaitai_struct_csharp_tests/kaitai_struct_csharp_tests.csproj]
  tests/SpecStrEos.cs(13,21): error CS0103: The name 'StrEos' does not exist in the current context [/home/runner/work/ci_targets/ci_targets/tests/spec/csharp/kaitai_struct_csharp_tests/kaitai_struct_csharp_tests.csproj]
  tests/SpecStrEncodingsDefault.cs(13,21): error CS0103: The name 'StrEncodingsDefault' does not exist in the current context [/home/runner/work/ci_targets/ci_targets/tests/spec/csharp/kaitai_struct_csharp_tests/kaitai_struct_csharp_tests.csproj]
  tests/SpecStrLiterals2.cs(13,21): error CS0103: The name 'StrLiterals2' does not exist in the current context [/home/runner/work/ci_targets/ci_targets/tests/spec/csharp/kaitai_struct_csharp_tests/kaitai_struct_csharp_tests.csproj]
  tests/SpecStrPadTerm.cs(13,21): error CS0103: The name 'StrPadTerm' does not exist in the current context [/home/runner/work/ci_targets/ci_targets/tests/spec/csharp/kaitai_struct_csharp_tests/kaitai_struct_csharp_tests.csproj]
  tests/SpecStrPadTermEmpty.cs(13,21): error CS0103: The name 'StrPadTermEmpty' does not exist in the current context [/home/runner/work/ci_targets/ci_targets/tests/spec/csharp/kaitai_struct_csharp_tests/kaitai_struct_csharp_tests.csproj]
  tests/SpecStrLiterals.cs(12,21): error CS0103: The name 'StrLiterals' does not exist in the current context [/home/runner/work/ci_targets/ci_targets/tests/spec/csharp/kaitai_struct_csharp_tests/kaitai_struct_csharp_tests.csproj]
  tests/SpecSwitchBytearray.cs(13,21): error CS0103: The name 'SwitchBytearray' does not exist in the current context [/home/runner/work/ci_targets/ci_targets/tests/spec/csharp/kaitai_struct_csharp_tests/kaitai_struct_csharp_tests.csproj]
  tests/SpecSwitchBytearray.cs(17,31): error CS0246: The type or namespace name 'SwitchBytearray' could not be found (are you missing a using directive or an assembly reference?) [/home/runner/work/ci_targets/ci_targets/tests/spec/csharp/kaitai_struct_csharp_tests/kaitai_struct_csharp_tests.csproj]
  tests/SpecSwitchBytearray.cs(19,31): error CS0246: The type or namespace name 'SwitchBytearray' could not be found (are you missing a using directive or an assembly reference?) [/home/runner/work/ci_targets/ci_targets/tests/spec/csharp/kaitai_struct_csharp_tests/kaitai_struct_csharp_tests.csproj]
  tests/SpecSwitchBytearray.cs(21,31): error CS0246: The type or namespace name 'SwitchBytearray' could not be found (are you missing a using directive or an assembly reference?) [/home/runner/work/ci_targets/ci_targets/tests/spec/csharp/kaitai_struct_csharp_tests/kaitai_struct_csharp_tests.csproj]
  tests/SpecSwitchBytearray.cs(23,31): error CS0246: The type or namespace name 'SwitchBytearray' could not be found (are you missing a using directive or an assembly reference?) [/home/runner/work/ci_targets/ci_targets/tests/spec/csharp/kaitai_struct_csharp_tests/kaitai_struct_csharp_tests.csproj]
  tests/SpecSwitchManualIntSizeElse.cs(14,21): error CS0103: The name 'SwitchManualIntSizeElse' does not exist in the current context [/home/runner/work/ci_targets/ci_targets/tests/spec/csharp/kaitai_struct_csharp_tests/kaitai_struct_csharp_tests.csproj]
  tests/SpecSwitchManualIntSizeElse.cs(18,31): error CS0246: The type or namespace name 'SwitchManualIntSizeElse' could not be found (are you missing a using directive or an assembly reference?) [/home/runner/work/ci_targets/ci_targets/tests/spec/csharp/kaitai_struct_csharp_tests/kaitai_struct_csharp_tests.csproj]
  tests/SpecSwitchManualIntSizeElse.cs(19,31): error CS0246: The type or namespace name 'SwitchManualIntSizeElse' could not be found (are you missing a using directive or an assembly reference?) [/home/runner/work/ci_targets/ci_targets/tests/spec/csharp/kaitai_struct_csharp_tests/kaitai_struct_csharp_tests.csproj]
  tests/SpecSwitchManualIntSizeElse.cs(21,31): error CS0246: The type or namespace name 'SwitchManualIntSizeElse' could not be found (are you missing a using directive or an assembly reference?) [/home/runner/work/ci_targets/ci_targets/tests/spec/csharp/kaitai_struct_csharp_tests/kaitai_struct_csharp_tests.csproj]
  tests/SpecSwitchManualIntSizeElse.cs(23,31): error CS0246: The type or namespace name 'SwitchManualIntSizeElse' could not be found (are you missing a using directive or an assembly reference?) [/home/runner/work/ci_targets/ci_targets/tests/spec/csharp/kaitai_struct_csharp_tests/kaitai_struct_csharp_tests.csproj]
  tests/SpecSwitchManualIntSizeElse.cs(25,31): error CS0246: The type or namespace name 'SwitchManualIntSizeElse' could not be found (are you missing a using directive or an assembly reference?) [/home/runner/work/ci_targets/ci_targets/tests/spec/csharp/kaitai_struct_csharp_tests/kaitai_struct_csharp_tests.csproj]
  tests/SpecRepeatUntilComplex.cs(14,21): error CS0103: The name 'RepeatUntilComplex' does not exist in the current context [/home/runner/work/ci_targets/ci_targets/tests/spec/csharp/kaitai_struct_csharp_tests/kaitai_struct_csharp_tests.csproj]
  tests/SpecSwitchManualIntSize.cs(14,21): error CS0103: The name 'SwitchManualIntSize' does not exist in the current context [/home/runner/work/ci_targets/ci_targets/tests/spec/csharp/kaitai_struct_csharp_tests/kaitai_struct_csharp_tests.csproj]
  tests/SpecSwitchManualIntSize.cs(18,31): error CS0246: The type or namespace name 'SwitchManualIntSize' could not be found (are you missing a using directive or an assembly reference?) [/home/runner/work/ci_targets/ci_targets/tests/spec/csharp/kaitai_struct_csharp_tests/kaitai_struct_csharp_tests.csproj]
  tests/SpecSwitchManualIntSize.cs(19,31): error CS0246: The type or namespace name 'SwitchManualIntSize' could not be found (are you missing a using directive or an assembly reference?) [/home/runner/work/ci_targets/ci_targets/tests/spec/csharp/kaitai_struct_csharp_tests/kaitai_struct_csharp_tests.csproj]
  tests/SpecSwitchManualIntSize.cs(21,31): error CS0246: The type or namespace name 'SwitchManualIntSize' could not be found (are you missing a using directive or an assembly reference?) [/home/runner/work/ci_targets/ci_targets/tests/spec/csharp/kaitai_struct_csharp_tests/kaitai_struct_csharp_tests.csproj]
  tests/SpecSwitchElseOnly.cs(13,21): error CS0103: The name 'SwitchElseOnly' does not exist in the current context [/home/runner/work/ci_targets/ci_targets/tests/spec/csharp/kaitai_struct_csharp_tests/kaitai_struct_csharp_tests.csproj]
  tests/SpecSwitchManualIntElse.cs(13,21): error CS0103: The name 'SwitchManualIntElse' does not exist in the current context [/home/runner/work/ci_targets/ci_targets/tests/spec/csharp/kaitai_struct_csharp_tests/kaitai_struct_csharp_tests.csproj]
  tests/SpecSwitchManualIntElse.cs(17,31): error CS0246: The type or namespace name 'SwitchManualIntElse' could not be found (are you missing a using directive or an assembly reference?) [/home/runner/work/ci_targets/ci_targets/tests/spec/csharp/kaitai_struct_csharp_tests/kaitai_struct_csharp_tests.csproj]
  tests/SpecSwitchManualIntElse.cs(19,31): error CS0246: The type or namespace name 'SwitchManualIntElse' could not be found (are you missing a using directive or an assembly reference?) [/home/runner/work/ci_targets/ci_targets/tests/spec/csharp/kaitai_struct_csharp_tests/kaitai_struct_csharp_tests.csproj]
  tests/SpecSwitchManualIntElse.cs(21,31): error CS0246: The type or namespace name 'SwitchManualIntElse' could not be found (are you missing a using directive or an assembly reference?) [/home/runner/work/ci_targets/ci_targets/tests/spec/csharp/kaitai_struct_csharp_tests/kaitai_struct_csharp_tests.csproj]
  tests/SpecSwitchManualIntElse.cs(23,31): error CS0246: The type or namespace name 'SwitchManualIntElse' could not be found (are you missing a using directive or an assembly reference?) [/home/runner/work/ci_targets/ci_targets/tests/spec/csharp/kaitai_struct_csharp_tests/kaitai_struct_csharp_tests.csproj]
  tests/SpecRepeatEosStruct.cs(13,21): error CS0103: The name 'RepeatEosStruct' does not exist in the current context [/home/runner/work/ci_targets/ci_targets/tests/spec/csharp/kaitai_struct_csharp_tests/kaitai_struct_csharp_tests.csproj]
  tests/SpecSwitchIntegers.cs(13,21): error CS0103: The name 'SwitchIntegers' does not exist in the current context [/home/runner/work/ci_targets/ci_targets/tests/spec/csharp/kaitai_struct_csharp_tests/kaitai_struct_csharp_tests.csproj]
  tests/SpecSwitchIntegers2.cs(13,21): error CS0103: The name 'SwitchIntegers2' does not exist in the current context [/home/runner/work/ci_targets/ci_targets/tests/spec/csharp/kaitai_struct_csharp_tests/kaitai_struct_csharp_tests.csproj]
  tests/SpecSwitchManualEnum.cs(13,21): error CS0103: The name 'SwitchManualEnum' does not exist in the current context [/home/runner/work/ci_targets/ci_targets/tests/spec/csharp/kaitai_struct_csharp_tests/kaitai_struct_csharp_tests.csproj]
  tests/SpecSwitchManualEnum.cs(16,48): error CS0103: The name 'SwitchManualEnum' does not exist in the current context [/home/runner/work/ci_targets/ci_targets/tests/spec/csharp/kaitai_struct_csharp_tests/kaitai_struct_csharp_tests.csproj]
  tests/SpecSwitchManualEnum.cs(17,31): error CS0246: The type or namespace name 'SwitchManualEnum' could not be found (are you missing a using directive or an assembly reference?) [/home/runner/work/ci_targets/ci_targets/tests/spec/csharp/kaitai_struct_csharp_tests/kaitai_struct_csharp_tests.csproj]
  tests/SpecSwitchManualEnum.cs(18,48): error CS0103: The name 'SwitchManualEnum' does not exist in the current context [/home/runner/work/ci_targets/ci_targets/tests/spec/csharp/kaitai_struct_csharp_tests/kaitai_struct_csharp_tests.csproj]
  tests/SpecSwitchManualEnum.cs(19,31): error CS0246: The type or namespace name 'SwitchManualEnum' could not be found (are you missing a using directive or an assembly reference?) [/home/runner/work/ci_targets/ci_targets/tests/spec/csharp/kaitai_struct_csharp_tests/kaitai_struct_csharp_tests.csproj]
  tests/SpecSwitchManualEnum.cs(20,48): error CS0103: The name 'SwitchManualEnum' does not exist in the current context [/home/runner/work/ci_targets/ci_targets/tests/spec/csharp/kaitai_struct_csharp_tests/kaitai_struct_csharp_tests.csproj]
  tests/SpecSwitchManualEnum.cs(21,31): error CS0246: The type or namespace name 'SwitchManualEnum' could not be found (are you missing a using directive or an assembly reference?) [/home/runner/work/ci_targets/ci_targets/tests/spec/csharp/kaitai_struct_csharp_tests/kaitai_struct_csharp_tests.csproj]
  tests/SpecSwitchManualEnum.cs(22,48): error CS0103: The name 'SwitchManualEnum' does not exist in the current context [/home/runner/work/ci_targets/ci_targets/tests/spec/csharp/kaitai_struct_csharp_tests/kaitai_struct_csharp_tests.csproj]
  tests/SpecSwitchManualEnum.cs(23,31): error CS0246: The type or namespace name 'SwitchManualEnum' could not be found (are you missing a using directive or an assembly reference?) [/home/runner/work/ci_targets/ci_targets/tests/spec/csharp/kaitai_struct_csharp_tests/kaitai_struct_csharp_tests.csproj]
  tests/SpecSwitchManualEnumInvalid.cs(11,21): error CS0103: The name 'SwitchManualEnumInvalid' does not exist in the current context [/home/runner/work/ci_targets/ci_targets/tests/spec/csharp/kaitai_struct_csharp_tests/kaitai_struct_csharp_tests.csproj]
  tests/SpecSwitchManualEnumInvalid.cs(15,49): error CS0246: The type or namespace name 'SwitchManualEnumInvalid' could not be found (are you missing a using directive or an assembly reference?) [/home/runner/work/ci_targets/ci_targets/tests/spec/csharp/kaitai_struct_csharp_tests/kaitai_struct_csharp_tests.csproj]
  tests/SpecSwitchManualEnumInvalid.cs(17,49): error CS0246: The type or namespace name 'SwitchManualEnumInvalid' could not be found (are you missing a using directive or an assembly reference?) [/home/runner/work/ci_targets/ci_targets/tests/spec/csharp/kaitai_struct_csharp_tests/kaitai_struct_csharp_tests.csproj]
  tests/SpecSwitchManualEnumInvalidElse.cs(11,21): error CS0103: The name 'SwitchManualEnumInvalidElse' does not exist in the current context [/home/runner/work/ci_targets/ci_targets/tests/spec/csharp/kaitai_struct_csharp_tests/kaitai_struct_csharp_tests.csproj]
  tests/SpecSwitchManualEnumInvalidElse.cs(15,49): error CS0246: The type or namespace name 'SwitchManualEnumInvalidElse' could not be found (are you missing a using directive or an assembly reference?) [/home/runner/work/ci_targets/ci_targets/tests/spec/csharp/kaitai_struct_csharp_tests/kaitai_struct_csharp_tests.csproj]
  tests/SpecSwitchManualEnumInvalidElse.cs(16,31): error CS0246: The type or namespace name 'SwitchManualEnumInvalidElse' could not be found (are you missing a using directive or an assembly reference?) [/home/runner/work/ci_targets/ci_targets/tests/spec/csharp/kaitai_struct_csharp_tests/kaitai_struct_csharp_tests.csproj]
  tests/SpecSwitchManualEnumInvalidElse.cs(17,49): error CS0246: The type or namespace name 'SwitchManualEnumInvalidElse' could not be found (are you missing a using directive or an assembly reference?) [/home/runner/work/ci_targets/ci_targets/tests/spec/csharp/kaitai_struct_csharp_tests/kaitai_struct_csharp_tests.csproj]
  tests/SpecSwitchManualEnumInvalidElse.cs(18,31): error CS0246: The type or namespace name 'SwitchManualEnumInvalidElse' could not be found (are you missing a using directive or an assembly reference?) [/home/runner/work/ci_targets/ci_targets/tests/spec/csharp/kaitai_struct_csharp_tests/kaitai_struct_csharp_tests.csproj]
  tests/SpecSwitchManualInt.cs(13,21): error CS0103: The name 'SwitchManualInt' does not exist in the current context [/home/runner/work/ci_targets/ci_targets/tests/spec/csharp/kaitai_struct_csharp_tests/kaitai_struct_csharp_tests.csproj]
  tests/SpecSwitchManualInt.cs(17,31): error CS0246: The type or namespace name 'SwitchManualInt' could not be found (are you missing a using directive or an assembly reference?) [/home/runner/work/ci_targets/ci_targets/tests/spec/csharp/kaitai_struct_csharp_tests/kaitai_struct_csharp_tests.csproj]
  tests/SpecSwitchManualInt.cs(19,31): error CS0246: The type or namespace name 'SwitchManualInt' could not be found (are you missing a using directive or an assembly reference?) [/home/runner/work/ci_targets/ci_targets/tests/spec/csharp/kaitai_struct_csharp_tests/kaitai_struct_csharp_tests.csproj]
  tests/SpecSwitchManualInt.cs(21,31): error CS0246: The type or namespace name 'SwitchManualInt' could not be found (are you missing a using directive or an assembly reference?) [/home/runner/work/ci_targets/ci_targets/tests/spec/csharp/kaitai_struct_csharp_tests/kaitai_struct_csharp_tests.csproj]
  tests/SpecSwitchManualInt.cs(23,31): error CS0246: The type or namespace name 'SwitchManualInt' could not be found (are you missing a using directive or an assembly reference?) [/home/runner/work/ci_targets/ci_targets/tests/spec/csharp/kaitai_struct_csharp_tests/kaitai_struct_csharp_tests.csproj]
  tests/SpecSwitchCast.cs(12,21): error CS0103: The name 'SwitchCast' does not exist in the current context [/home/runner/work/ci_targets/ci_targets/tests/spec/csharp/kaitai_struct_csharp_tests/kaitai_struct_csharp_tests.csproj]

    0 Warning(s)
    328 Error(s)

Time Elapsed 00:00:06.20
