MSBuild version 17.3.2+561848881 for .NET
  Determining projects to restore...
  All projects are up-to-date for restore.
  kaitai_struct_runtime_csharp -> /runtime/csharp/bin/Debug/netstandard1.3/Kaitai.Struct.Runtime.dll
/tests/spec/csharp/kaitai_struct_csharp_tests/tests/SpecYamlInts.cs(13,21): error CS0103: The name 'YamlInts' does not exist in the current context [/tests/spec/csharp/kaitai_struct_csharp_tests_netstd/kaitai_struct_csharp_tests_netstd.csproj]
/tests/spec/csharp/kaitai_struct_csharp_tests/tests/SpecSwitchRepeatExprInvalid.cs(13,21): error CS0103: The name 'SwitchRepeatExprInvalid' does not exist in the current context [/tests/spec/csharp/kaitai_struct_csharp_tests_netstd/kaitai_struct_csharp_tests_netstd.csproj]
/tests/spec/csharp/kaitai_struct_csharp_tests/tests/SpecSwitchRepeatExpr.cs(13,21): error CS0103: The name 'SwitchRepeatExpr' does not exist in the current context [/tests/spec/csharp/kaitai_struct_csharp_tests_netstd/kaitai_struct_csharp_tests_netstd.csproj]
/tests/spec/csharp/kaitai_struct_csharp_tests/tests/SpecSwitchRepeatExpr.cs(17,31): error CS0246: The type or namespace name 'SwitchRepeatExpr' could not be found (are you missing a using directive or an assembly reference?) [/tests/spec/csharp/kaitai_struct_csharp_tests_netstd/kaitai_struct_csharp_tests_netstd.csproj]
/tests/spec/csharp/kaitai_struct_csharp_tests/tests/SpecRepeatUntilSized.cs(13,21): error CS0103: The name 'RepeatUntilSized' does not exist in the current context [/tests/spec/csharp/kaitai_struct_csharp_tests_netstd/kaitai_struct_csharp_tests_netstd.csproj]
/tests/spec/csharp/kaitai_struct_csharp_tests/tests/SpecRepeatUntilCalcArrayType.cs(13,21): error CS0103: The name 'RepeatUntilCalcArrayType' does not exist in the current context [/tests/spec/csharp/kaitai_struct_csharp_tests_netstd/kaitai_struct_csharp_tests_netstd.csproj]
/tests/spec/csharp/kaitai_struct_csharp_tests/tests/SpecNavParentSwitchCast.cs(13,21): error CS0103: The name 'NavParentSwitchCast' does not exist in the current context [/tests/spec/csharp/kaitai_struct_csharp_tests_netstd/kaitai_struct_csharp_tests_netstd.csproj]
/tests/spec/csharp/kaitai_struct_csharp_tests/tests/SpecNavParentSwitchCast.cs(17,31): error CS0246: The type or namespace name 'NavParentSwitchCast' could not be found (are you missing a using directive or an assembly reference?) [/tests/spec/csharp/kaitai_struct_csharp_tests_netstd/kaitai_struct_csharp_tests_netstd.csproj]
/tests/spec/csharp/kaitai_struct_csharp_tests/tests/SpecInstanceUserArray.cs(13,21): error CS0103: The name 'InstanceUserArray' does not exist in the current context [/tests/spec/csharp/kaitai_struct_csharp_tests_netstd/kaitai_struct_csharp_tests_netstd.csproj]
/tests/spec/csharp/kaitai_struct_csharp_tests/tests/SpecExprOpsParens.cs(13,21): error CS0103: The name 'ExprOpsParens' does not exist in the current context [/tests/spec/csharp/kaitai_struct_csharp_tests_netstd/kaitai_struct_csharp_tests_netstd.csproj]
/tests/spec/csharp/kaitai_struct_csharp_tests/tests/SpecExprBits.cs(13,21): error CS0103: The name 'ExprBits' does not exist in the current context [/tests/spec/csharp/kaitai_struct_csharp_tests_netstd/kaitai_struct_csharp_tests_netstd.csproj]
/tests/spec/csharp/kaitai_struct_csharp_tests/tests/SpecExprBits.cs(16,40): error CS0103: The name 'ExprBits' does not exist in the current context [/tests/spec/csharp/kaitai_struct_csharp_tests_netstd/kaitai_struct_csharp_tests_netstd.csproj]
/tests/spec/csharp/kaitai_struct_csharp_tests/tests/SpecExprBits.cs(23,41): error CS0103: The name 'ExprBits' does not exist in the current context [/tests/spec/csharp/kaitai_struct_csharp_tests_netstd/kaitai_struct_csharp_tests_netstd.csproj]
/tests/spec/csharp/kaitai_struct_csharp_tests/tests/SpecEnumToIClassBorder1.cs(13,21): error CS0103: The name 'EnumToIClassBorder1' does not exist in the current context [/tests/spec/csharp/kaitai_struct_csharp_tests_netstd/kaitai_struct_csharp_tests_netstd.csproj]
/tests/spec/csharp/kaitai_struct_csharp_tests/tests/SpecEnumToIClassBorder1.cs(15,37): error CS0103: The name 'EnumToIClassBorder1' does not exist in the current context [/tests/spec/csharp/kaitai_struct_csharp_tests_netstd/kaitai_struct_csharp_tests_netstd.csproj]
/tests/spec/csharp/kaitai_struct_csharp_tests/tests/SpecEnumToIClassBorder1.cs(16,37): error CS0103: The name 'EnumToIClassBorder1' does not exist in the current context [/tests/spec/csharp/kaitai_struct_csharp_tests_netstd/kaitai_struct_csharp_tests_netstd.csproj]
/tests/spec/csharp/kaitai_struct_csharp_tests/tests/SpecEnumToI.cs(13,21): error CS0103: The name 'EnumToI' does not exist in the current context [/tests/spec/csharp/kaitai_struct_csharp_tests_netstd/kaitai_struct_csharp_tests_netstd.csproj]
/tests/spec/csharp/kaitai_struct_csharp_tests/tests/SpecEnumToI.cs(15,37): error CS0103: The name 'EnumToI' does not exist in the current context [/tests/spec/csharp/kaitai_struct_csharp_tests_netstd/kaitai_struct_csharp_tests_netstd.csproj]
/tests/spec/csharp/kaitai_struct_csharp_tests/tests/SpecEnumToI.cs(16,37): error CS0103: The name 'EnumToI' does not exist in the current context [/tests/spec/csharp/kaitai_struct_csharp_tests_netstd/kaitai_struct_csharp_tests_netstd.csproj]
/tests/compiled/csharp/TypeTernary2ndFalsy.cs(79,21): warning CS0162: Unreachable code detected [/tests/spec/csharp/kaitai_struct_csharp_tests_netstd/kaitai_struct_csharp_tests_netstd.csproj]
/tests/compiled/csharp/ValidNotParsedIf.cs(23,17): warning CS0162: Unreachable code detected [/tests/spec/csharp/kaitai_struct_csharp_tests_netstd/kaitai_struct_csharp_tests_netstd.csproj]
/tests/compiled/csharp/IoLocalVar.cs(63,21): warning CS0162: Unreachable code detected [/tests/spec/csharp/kaitai_struct_csharp_tests_netstd/kaitai_struct_csharp_tests_netstd.csproj]
/tests/compiled/csharp/IoLocalVar.cs(75,21): warning CS0162: Unreachable code detected [/tests/spec/csharp/kaitai_struct_csharp_tests_netstd/kaitai_struct_csharp_tests_netstd.csproj]
/tests/compiled/csharp/IfInstances.cs(33,21): warning CS0162: Unreachable code detected [/tests/spec/csharp/kaitai_struct_csharp_tests_netstd/kaitai_struct_csharp_tests_netstd.csproj]

Build FAILED.

/tests/compiled/csharp/TypeTernary2ndFalsy.cs(79,21): warning CS0162: Unreachable code detected [/tests/spec/csharp/kaitai_struct_csharp_tests_netstd/kaitai_struct_csharp_tests_netstd.csproj]
/tests/compiled/csharp/ValidNotParsedIf.cs(23,17): warning CS0162: Unreachable code detected [/tests/spec/csharp/kaitai_struct_csharp_tests_netstd/kaitai_struct_csharp_tests_netstd.csproj]
/tests/compiled/csharp/IoLocalVar.cs(63,21): warning CS0162: Unreachable code detected [/tests/spec/csharp/kaitai_struct_csharp_tests_netstd/kaitai_struct_csharp_tests_netstd.csproj]
/tests/compiled/csharp/IoLocalVar.cs(75,21): warning CS0162: Unreachable code detected [/tests/spec/csharp/kaitai_struct_csharp_tests_netstd/kaitai_struct_csharp_tests_netstd.csproj]
/tests/compiled/csharp/IfInstances.cs(33,21): warning CS0162: Unreachable code detected [/tests/spec/csharp/kaitai_struct_csharp_tests_netstd/kaitai_struct_csharp_tests_netstd.csproj]
/tests/spec/csharp/kaitai_struct_csharp_tests/tests/SpecYamlInts.cs(13,21): error CS0103: The name 'YamlInts' does not exist in the current context [/tests/spec/csharp/kaitai_struct_csharp_tests_netstd/kaitai_struct_csharp_tests_netstd.csproj]
/tests/spec/csharp/kaitai_struct_csharp_tests/tests/SpecSwitchRepeatExprInvalid.cs(13,21): error CS0103: The name 'SwitchRepeatExprInvalid' does not exist in the current context [/tests/spec/csharp/kaitai_struct_csharp_tests_netstd/kaitai_struct_csharp_tests_netstd.csproj]
/tests/spec/csharp/kaitai_struct_csharp_tests/tests/SpecSwitchRepeatExpr.cs(13,21): error CS0103: The name 'SwitchRepeatExpr' does not exist in the current context [/tests/spec/csharp/kaitai_struct_csharp_tests_netstd/kaitai_struct_csharp_tests_netstd.csproj]
/tests/spec/csharp/kaitai_struct_csharp_tests/tests/SpecSwitchRepeatExpr.cs(17,31): error CS0246: The type or namespace name 'SwitchRepeatExpr' could not be found (are you missing a using directive or an assembly reference?) [/tests/spec/csharp/kaitai_struct_csharp_tests_netstd/kaitai_struct_csharp_tests_netstd.csproj]
/tests/spec/csharp/kaitai_struct_csharp_tests/tests/SpecRepeatUntilSized.cs(13,21): error CS0103: The name 'RepeatUntilSized' does not exist in the current context [/tests/spec/csharp/kaitai_struct_csharp_tests_netstd/kaitai_struct_csharp_tests_netstd.csproj]
/tests/spec/csharp/kaitai_struct_csharp_tests/tests/SpecRepeatUntilCalcArrayType.cs(13,21): error CS0103: The name 'RepeatUntilCalcArrayType' does not exist in the current context [/tests/spec/csharp/kaitai_struct_csharp_tests_netstd/kaitai_struct_csharp_tests_netstd.csproj]
/tests/spec/csharp/kaitai_struct_csharp_tests/tests/SpecNavParentSwitchCast.cs(13,21): error CS0103: The name 'NavParentSwitchCast' does not exist in the current context [/tests/spec/csharp/kaitai_struct_csharp_tests_netstd/kaitai_struct_csharp_tests_netstd.csproj]
/tests/spec/csharp/kaitai_struct_csharp_tests/tests/SpecNavParentSwitchCast.cs(17,31): error CS0246: The type or namespace name 'NavParentSwitchCast' could not be found (are you missing a using directive or an assembly reference?) [/tests/spec/csharp/kaitai_struct_csharp_tests_netstd/kaitai_struct_csharp_tests_netstd.csproj]
/tests/spec/csharp/kaitai_struct_csharp_tests/tests/SpecInstanceUserArray.cs(13,21): error CS0103: The name 'InstanceUserArray' does not exist in the current context [/tests/spec/csharp/kaitai_struct_csharp_tests_netstd/kaitai_struct_csharp_tests_netstd.csproj]
/tests/spec/csharp/kaitai_struct_csharp_tests/tests/SpecExprOpsParens.cs(13,21): error CS0103: The name 'ExprOpsParens' does not exist in the current context [/tests/spec/csharp/kaitai_struct_csharp_tests_netstd/kaitai_struct_csharp_tests_netstd.csproj]
/tests/spec/csharp/kaitai_struct_csharp_tests/tests/SpecExprBits.cs(13,21): error CS0103: The name 'ExprBits' does not exist in the current context [/tests/spec/csharp/kaitai_struct_csharp_tests_netstd/kaitai_struct_csharp_tests_netstd.csproj]
/tests/spec/csharp/kaitai_struct_csharp_tests/tests/SpecExprBits.cs(16,40): error CS0103: The name 'ExprBits' does not exist in the current context [/tests/spec/csharp/kaitai_struct_csharp_tests_netstd/kaitai_struct_csharp_tests_netstd.csproj]
/tests/spec/csharp/kaitai_struct_csharp_tests/tests/SpecExprBits.cs(23,41): error CS0103: The name 'ExprBits' does not exist in the current context [/tests/spec/csharp/kaitai_struct_csharp_tests_netstd/kaitai_struct_csharp_tests_netstd.csproj]
/tests/spec/csharp/kaitai_struct_csharp_tests/tests/SpecEnumToIClassBorder1.cs(13,21): error CS0103: The name 'EnumToIClassBorder1' does not exist in the current context [/tests/spec/csharp/kaitai_struct_csharp_tests_netstd/kaitai_struct_csharp_tests_netstd.csproj]
/tests/spec/csharp/kaitai_struct_csharp_tests/tests/SpecEnumToIClassBorder1.cs(15,37): error CS0103: The name 'EnumToIClassBorder1' does not exist in the current context [/tests/spec/csharp/kaitai_struct_csharp_tests_netstd/kaitai_struct_csharp_tests_netstd.csproj]
/tests/spec/csharp/kaitai_struct_csharp_tests/tests/SpecEnumToIClassBorder1.cs(16,37): error CS0103: The name 'EnumToIClassBorder1' does not exist in the current context [/tests/spec/csharp/kaitai_struct_csharp_tests_netstd/kaitai_struct_csharp_tests_netstd.csproj]
/tests/spec/csharp/kaitai_struct_csharp_tests/tests/SpecEnumToI.cs(13,21): error CS0103: The name 'EnumToI' does not exist in the current context [/tests/spec/csharp/kaitai_struct_csharp_tests_netstd/kaitai_struct_csharp_tests_netstd.csproj]
/tests/spec/csharp/kaitai_struct_csharp_tests/tests/SpecEnumToI.cs(15,37): error CS0103: The name 'EnumToI' does not exist in the current context [/tests/spec/csharp/kaitai_struct_csharp_tests_netstd/kaitai_struct_csharp_tests_netstd.csproj]
/tests/spec/csharp/kaitai_struct_csharp_tests/tests/SpecEnumToI.cs(16,37): error CS0103: The name 'EnumToI' does not exist in the current context [/tests/spec/csharp/kaitai_struct_csharp_tests_netstd/kaitai_struct_csharp_tests_netstd.csproj]
    5 Warning(s)
    19 Error(s)

Time Elapsed 00:00:03.01
