MSBuild version 17.3.2+561848881 for .NET
  Determining projects to restore...
  All projects are up-to-date for restore.
  kaitai_struct_runtime_csharp -> /runtime/csharp/bin/Debug/netstandard1.3/Kaitai.Struct.Runtime.dll
/tests/spec/csharp/kaitai_struct_csharp_tests/tests/SpecEnumLongRangeU.cs(13,21): error CS0103: The name 'EnumLongRangeU' does not exist in the current context [/tests/spec/csharp/kaitai_struct_csharp_tests_netstd/kaitai_struct_csharp_tests_netstd.csproj]
/tests/spec/csharp/kaitai_struct_csharp_tests/tests/SpecEnumLongRangeU.cs(15,35): error CS0103: The name 'EnumLongRangeU' does not exist in the current context [/tests/spec/csharp/kaitai_struct_csharp_tests_netstd/kaitai_struct_csharp_tests_netstd.csproj]
/tests/spec/csharp/kaitai_struct_csharp_tests/tests/SpecEnumLongRangeU.cs(16,35): error CS0103: The name 'EnumLongRangeU' does not exist in the current context [/tests/spec/csharp/kaitai_struct_csharp_tests_netstd/kaitai_struct_csharp_tests_netstd.csproj]
/tests/spec/csharp/kaitai_struct_csharp_tests/tests/SpecEnumLongRangeU.cs(17,35): error CS0103: The name 'EnumLongRangeU' does not exist in the current context [/tests/spec/csharp/kaitai_struct_csharp_tests_netstd/kaitai_struct_csharp_tests_netstd.csproj]
/tests/spec/csharp/kaitai_struct_csharp_tests/tests/SpecEnumLongRangeU.cs(18,35): error CS0103: The name 'EnumLongRangeU' does not exist in the current context [/tests/spec/csharp/kaitai_struct_csharp_tests_netstd/kaitai_struct_csharp_tests_netstd.csproj]
/tests/spec/csharp/kaitai_struct_csharp_tests/tests/SpecEnumLongRangeS.cs(13,21): error CS0103: The name 'EnumLongRangeS' does not exist in the current context [/tests/spec/csharp/kaitai_struct_csharp_tests_netstd/kaitai_struct_csharp_tests_netstd.csproj]
/tests/spec/csharp/kaitai_struct_csharp_tests/tests/SpecEnumLongRangeS.cs(15,35): error CS0103: The name 'EnumLongRangeS' does not exist in the current context [/tests/spec/csharp/kaitai_struct_csharp_tests_netstd/kaitai_struct_csharp_tests_netstd.csproj]
/tests/spec/csharp/kaitai_struct_csharp_tests/tests/SpecEnumLongRangeS.cs(16,35): error CS0103: The name 'EnumLongRangeS' does not exist in the current context [/tests/spec/csharp/kaitai_struct_csharp_tests_netstd/kaitai_struct_csharp_tests_netstd.csproj]
/tests/spec/csharp/kaitai_struct_csharp_tests/tests/SpecEnumLongRangeS.cs(17,35): error CS0103: The name 'EnumLongRangeS' does not exist in the current context [/tests/spec/csharp/kaitai_struct_csharp_tests_netstd/kaitai_struct_csharp_tests_netstd.csproj]
/tests/spec/csharp/kaitai_struct_csharp_tests/tests/SpecEnumLongRangeS.cs(18,35): error CS0103: The name 'EnumLongRangeS' does not exist in the current context [/tests/spec/csharp/kaitai_struct_csharp_tests_netstd/kaitai_struct_csharp_tests_netstd.csproj]
/tests/spec/csharp/kaitai_struct_csharp_tests/tests/SpecEnumLongRangeS.cs(19,35): error CS0103: The name 'EnumLongRangeS' does not exist in the current context [/tests/spec/csharp/kaitai_struct_csharp_tests_netstd/kaitai_struct_csharp_tests_netstd.csproj]
/tests/spec/csharp/kaitai_struct_csharp_tests/tests/SpecEnumLongRangeS.cs(20,35): error CS0103: The name 'EnumLongRangeS' does not exist in the current context [/tests/spec/csharp/kaitai_struct_csharp_tests_netstd/kaitai_struct_csharp_tests_netstd.csproj]
/tests/spec/csharp/kaitai_struct_csharp_tests/tests/SpecEnumLongRangeS.cs(21,35): error CS0103: The name 'EnumLongRangeS' does not exist in the current context [/tests/spec/csharp/kaitai_struct_csharp_tests_netstd/kaitai_struct_csharp_tests_netstd.csproj]
/tests/spec/csharp/kaitai_struct_csharp_tests/tests/SpecEnumIntRangeU.cs(13,21): error CS0103: The name 'EnumIntRangeU' does not exist in the current context [/tests/spec/csharp/kaitai_struct_csharp_tests_netstd/kaitai_struct_csharp_tests_netstd.csproj]
/tests/spec/csharp/kaitai_struct_csharp_tests/tests/SpecEnumIntRangeU.cs(15,35): error CS0103: The name 'EnumIntRangeU' does not exist in the current context [/tests/spec/csharp/kaitai_struct_csharp_tests_netstd/kaitai_struct_csharp_tests_netstd.csproj]
/tests/spec/csharp/kaitai_struct_csharp_tests/tests/SpecEnumIntRangeU.cs(16,35): error CS0103: The name 'EnumIntRangeU' does not exist in the current context [/tests/spec/csharp/kaitai_struct_csharp_tests_netstd/kaitai_struct_csharp_tests_netstd.csproj]
/tests/compiled/csharp/YamlInts.cs(35,30): error CS0221: Constant value '4294967295' cannot be converted to a 'int' (use 'unchecked' syntax to override) [/tests/spec/csharp/kaitai_struct_csharp_tests_netstd/kaitai_struct_csharp_tests_netstd.csproj]
/tests/compiled/csharp/YamlInts.cs(48,30): error CS0221: Constant value '4294967295' cannot be converted to a 'int' (use 'unchecked' syntax to override) [/tests/spec/csharp/kaitai_struct_csharp_tests_netstd/kaitai_struct_csharp_tests_netstd.csproj]
/tests/compiled/csharp/YamlInts.cs(61,30): error CS0221: Constant value '18446744073709551615' cannot be converted to a 'int' (use 'unchecked' syntax to override) [/tests/spec/csharp/kaitai_struct_csharp_tests_netstd/kaitai_struct_csharp_tests_netstd.csproj]
/tests/compiled/csharp/YamlInts.cs(74,30): error CS0221: Constant value '18446744073709551615' cannot be converted to a 'int' (use 'unchecked' syntax to override) [/tests/spec/csharp/kaitai_struct_csharp_tests_netstd/kaitai_struct_csharp_tests_netstd.csproj]
/tests/compiled/csharp/ValidNotParsedIf.cs(23,17): warning CS0162: Unreachable code detected [/tests/spec/csharp/kaitai_struct_csharp_tests_netstd/kaitai_struct_csharp_tests_netstd.csproj]
/tests/compiled/csharp/TypeTernary2ndFalsy.cs(79,21): warning CS0162: Unreachable code detected [/tests/spec/csharp/kaitai_struct_csharp_tests_netstd/kaitai_struct_csharp_tests_netstd.csproj]
/tests/compiled/csharp/SwitchRepeatExprInvalid.cs(30,34): error CS0029: Cannot implicitly convert type 'byte[]' to 'System.Collections.Generic.List<byte[]>' [/tests/spec/csharp/kaitai_struct_csharp_tests_netstd/kaitai_struct_csharp_tests_netstd.csproj]
/tests/compiled/csharp/SwitchRepeatExprInvalid.cs(31,58): error CS1503: Argument 1: cannot convert from 'System.Collections.Generic.List<byte[]>' to 'System.IO.Stream' [/tests/spec/csharp/kaitai_struct_csharp_tests_netstd/kaitai_struct_csharp_tests_netstd.csproj]
/tests/compiled/csharp/SwitchRepeatExprInvalid.cs(36,34): error CS0029: Cannot implicitly convert type 'byte[]' to 'System.Collections.Generic.List<byte[]>' [/tests/spec/csharp/kaitai_struct_csharp_tests_netstd/kaitai_struct_csharp_tests_netstd.csproj]
/tests/compiled/csharp/SwitchRepeatExprInvalid.cs(37,58): error CS1503: Argument 1: cannot convert from 'System.Collections.Generic.List<byte[]>' to 'System.IO.Stream' [/tests/spec/csharp/kaitai_struct_csharp_tests_netstd/kaitai_struct_csharp_tests_netstd.csproj]
/tests/compiled/csharp/SwitchRepeatExpr.cs(30,34): error CS0029: Cannot implicitly convert type 'byte[]' to 'System.Collections.Generic.List<byte[]>' [/tests/spec/csharp/kaitai_struct_csharp_tests_netstd/kaitai_struct_csharp_tests_netstd.csproj]
/tests/compiled/csharp/SwitchRepeatExpr.cs(31,58): error CS1503: Argument 1: cannot convert from 'System.Collections.Generic.List<byte[]>' to 'System.IO.Stream' [/tests/spec/csharp/kaitai_struct_csharp_tests_netstd/kaitai_struct_csharp_tests_netstd.csproj]
/tests/compiled/csharp/SwitchRepeatExpr.cs(36,34): error CS0029: Cannot implicitly convert type 'byte[]' to 'System.Collections.Generic.List<byte[]>' [/tests/spec/csharp/kaitai_struct_csharp_tests_netstd/kaitai_struct_csharp_tests_netstd.csproj]
/tests/compiled/csharp/SwitchRepeatExpr.cs(37,58): error CS1503: Argument 1: cannot convert from 'System.Collections.Generic.List<byte[]>' to 'System.IO.Stream' [/tests/spec/csharp/kaitai_struct_csharp_tests_netstd/kaitai_struct_csharp_tests_netstd.csproj]
/tests/compiled/csharp/RepeatUntilSized.cs(28,37): error CS0029: Cannot implicitly convert type 'byte[]' to 'System.Collections.Generic.List<byte[]>' [/tests/spec/csharp/kaitai_struct_csharp_tests_netstd/kaitai_struct_csharp_tests_netstd.csproj]
/tests/compiled/csharp/RepeatUntilSized.cs(29,61): error CS1503: Argument 1: cannot convert from 'System.Collections.Generic.List<byte[]>' to 'System.IO.Stream' [/tests/spec/csharp/kaitai_struct_csharp_tests_netstd/kaitai_struct_csharp_tests_netstd.csproj]
/tests/compiled/csharp/RepeatUntilCalcArrayType.cs(30,37): error CS0029: Cannot implicitly convert type 'byte[]' to 'System.Collections.Generic.List<byte[]>' [/tests/spec/csharp/kaitai_struct_csharp_tests_netstd/kaitai_struct_csharp_tests_netstd.csproj]
/tests/compiled/csharp/RepeatUntilCalcArrayType.cs(31,61): error CS1503: Argument 1: cannot convert from 'System.Collections.Generic.List<byte[]>' to 'System.IO.Stream' [/tests/spec/csharp/kaitai_struct_csharp_tests_netstd/kaitai_struct_csharp_tests_netstd.csproj]
/tests/compiled/csharp/NavParentSwitchCast.cs(133,78): error CS1061: 'KaitaiStruct' does not contain a definition for 'M_Parent' and no accessible extension method 'M_Parent' accepting a first argument of type 'KaitaiStruct' could be found (are you missing a using directive or an assembly reference?) [/tests/spec/csharp/kaitai_struct_csharp_tests_netstd/kaitai_struct_csharp_tests_netstd.csproj]
/tests/compiled/csharp/IoLocalVar.cs(63,21): warning CS0162: Unreachable code detected [/tests/spec/csharp/kaitai_struct_csharp_tests_netstd/kaitai_struct_csharp_tests_netstd.csproj]
/tests/compiled/csharp/IoLocalVar.cs(75,21): warning CS0162: Unreachable code detected [/tests/spec/csharp/kaitai_struct_csharp_tests_netstd/kaitai_struct_csharp_tests_netstd.csproj]
/tests/compiled/csharp/InstanceUserArray.cs(69,45): error CS0029: Cannot implicitly convert type 'byte[]' to 'System.Collections.Generic.List<byte[]>' [/tests/spec/csharp/kaitai_struct_csharp_tests_netstd/kaitai_struct_csharp_tests_netstd.csproj]
/tests/compiled/csharp/InstanceUserArray.cs(70,69): error CS1503: Argument 1: cannot convert from 'System.Collections.Generic.List<byte[]>' to 'System.IO.Stream' [/tests/spec/csharp/kaitai_struct_csharp_tests_netstd/kaitai_struct_csharp_tests_netstd.csproj]
/tests/compiled/csharp/IfInstances.cs(33,21): warning CS0162: Unreachable code detected [/tests/spec/csharp/kaitai_struct_csharp_tests_netstd/kaitai_struct_csharp_tests_netstd.csproj]
/tests/compiled/csharp/ExprOpsParens.cs(150,33): error CS0030: Cannot convert type 'string' to 'int' [/tests/spec/csharp/kaitai_struct_csharp_tests_netstd/kaitai_struct_csharp_tests_netstd.csproj]
/tests/compiled/csharp/ExprBits.cs(36,29): error CS0034: Operator '<' is ambiguous on operands of type 'int' and 'ulong' [/tests/spec/csharp/kaitai_struct_csharp_tests_netstd/kaitai_struct_csharp_tests_netstd.csproj]
/tests/compiled/csharp/ExprBits.cs(120,27): error CS1503: Argument 1: cannot convert from 'ulong' to 'long' [/tests/spec/csharp/kaitai_struct_csharp_tests_netstd/kaitai_struct_csharp_tests_netstd.csproj]
/tests/compiled/csharp/EnumToIClassBorder2.cs(28,34): error CS0019: Operator '==' cannot be applied to operands of type 'EnumToIClassBorder1.Animal' and 'int' [/tests/spec/csharp/kaitai_struct_csharp_tests_netstd/kaitai_struct_csharp_tests_netstd.csproj]
/tests/compiled/csharp/EnumToI.cs(58,38): error CS0019: Operator '==' cannot be applied to operands of type 'EnumToI.Animal' and 'int' [/tests/spec/csharp/kaitai_struct_csharp_tests_netstd/kaitai_struct_csharp_tests_netstd.csproj]
/tests/compiled/csharp/EnumToI.cs(97,38): error CS0019: Operator '==' cannot be applied to operands of type 'EnumToI.Animal' and 'int' [/tests/spec/csharp/kaitai_struct_csharp_tests_netstd/kaitai_struct_csharp_tests_netstd.csproj]

Build FAILED.

/tests/compiled/csharp/ValidNotParsedIf.cs(23,17): warning CS0162: Unreachable code detected [/tests/spec/csharp/kaitai_struct_csharp_tests_netstd/kaitai_struct_csharp_tests_netstd.csproj]
/tests/compiled/csharp/TypeTernary2ndFalsy.cs(79,21): warning CS0162: Unreachable code detected [/tests/spec/csharp/kaitai_struct_csharp_tests_netstd/kaitai_struct_csharp_tests_netstd.csproj]
/tests/compiled/csharp/IoLocalVar.cs(63,21): warning CS0162: Unreachable code detected [/tests/spec/csharp/kaitai_struct_csharp_tests_netstd/kaitai_struct_csharp_tests_netstd.csproj]
/tests/compiled/csharp/IoLocalVar.cs(75,21): warning CS0162: Unreachable code detected [/tests/spec/csharp/kaitai_struct_csharp_tests_netstd/kaitai_struct_csharp_tests_netstd.csproj]
/tests/compiled/csharp/IfInstances.cs(33,21): warning CS0162: Unreachable code detected [/tests/spec/csharp/kaitai_struct_csharp_tests_netstd/kaitai_struct_csharp_tests_netstd.csproj]
/tests/spec/csharp/kaitai_struct_csharp_tests/tests/SpecEnumLongRangeU.cs(13,21): error CS0103: The name 'EnumLongRangeU' does not exist in the current context [/tests/spec/csharp/kaitai_struct_csharp_tests_netstd/kaitai_struct_csharp_tests_netstd.csproj]
/tests/spec/csharp/kaitai_struct_csharp_tests/tests/SpecEnumLongRangeU.cs(15,35): error CS0103: The name 'EnumLongRangeU' does not exist in the current context [/tests/spec/csharp/kaitai_struct_csharp_tests_netstd/kaitai_struct_csharp_tests_netstd.csproj]
/tests/spec/csharp/kaitai_struct_csharp_tests/tests/SpecEnumLongRangeU.cs(16,35): error CS0103: The name 'EnumLongRangeU' does not exist in the current context [/tests/spec/csharp/kaitai_struct_csharp_tests_netstd/kaitai_struct_csharp_tests_netstd.csproj]
/tests/spec/csharp/kaitai_struct_csharp_tests/tests/SpecEnumLongRangeU.cs(17,35): error CS0103: The name 'EnumLongRangeU' does not exist in the current context [/tests/spec/csharp/kaitai_struct_csharp_tests_netstd/kaitai_struct_csharp_tests_netstd.csproj]
/tests/spec/csharp/kaitai_struct_csharp_tests/tests/SpecEnumLongRangeU.cs(18,35): error CS0103: The name 'EnumLongRangeU' does not exist in the current context [/tests/spec/csharp/kaitai_struct_csharp_tests_netstd/kaitai_struct_csharp_tests_netstd.csproj]
/tests/spec/csharp/kaitai_struct_csharp_tests/tests/SpecEnumLongRangeS.cs(13,21): error CS0103: The name 'EnumLongRangeS' does not exist in the current context [/tests/spec/csharp/kaitai_struct_csharp_tests_netstd/kaitai_struct_csharp_tests_netstd.csproj]
/tests/spec/csharp/kaitai_struct_csharp_tests/tests/SpecEnumLongRangeS.cs(15,35): error CS0103: The name 'EnumLongRangeS' does not exist in the current context [/tests/spec/csharp/kaitai_struct_csharp_tests_netstd/kaitai_struct_csharp_tests_netstd.csproj]
/tests/spec/csharp/kaitai_struct_csharp_tests/tests/SpecEnumLongRangeS.cs(16,35): error CS0103: The name 'EnumLongRangeS' does not exist in the current context [/tests/spec/csharp/kaitai_struct_csharp_tests_netstd/kaitai_struct_csharp_tests_netstd.csproj]
/tests/spec/csharp/kaitai_struct_csharp_tests/tests/SpecEnumLongRangeS.cs(17,35): error CS0103: The name 'EnumLongRangeS' does not exist in the current context [/tests/spec/csharp/kaitai_struct_csharp_tests_netstd/kaitai_struct_csharp_tests_netstd.csproj]
/tests/spec/csharp/kaitai_struct_csharp_tests/tests/SpecEnumLongRangeS.cs(18,35): error CS0103: The name 'EnumLongRangeS' does not exist in the current context [/tests/spec/csharp/kaitai_struct_csharp_tests_netstd/kaitai_struct_csharp_tests_netstd.csproj]
/tests/spec/csharp/kaitai_struct_csharp_tests/tests/SpecEnumLongRangeS.cs(19,35): error CS0103: The name 'EnumLongRangeS' does not exist in the current context [/tests/spec/csharp/kaitai_struct_csharp_tests_netstd/kaitai_struct_csharp_tests_netstd.csproj]
/tests/spec/csharp/kaitai_struct_csharp_tests/tests/SpecEnumLongRangeS.cs(20,35): error CS0103: The name 'EnumLongRangeS' does not exist in the current context [/tests/spec/csharp/kaitai_struct_csharp_tests_netstd/kaitai_struct_csharp_tests_netstd.csproj]
/tests/spec/csharp/kaitai_struct_csharp_tests/tests/SpecEnumLongRangeS.cs(21,35): error CS0103: The name 'EnumLongRangeS' does not exist in the current context [/tests/spec/csharp/kaitai_struct_csharp_tests_netstd/kaitai_struct_csharp_tests_netstd.csproj]
/tests/spec/csharp/kaitai_struct_csharp_tests/tests/SpecEnumIntRangeU.cs(13,21): error CS0103: The name 'EnumIntRangeU' does not exist in the current context [/tests/spec/csharp/kaitai_struct_csharp_tests_netstd/kaitai_struct_csharp_tests_netstd.csproj]
/tests/spec/csharp/kaitai_struct_csharp_tests/tests/SpecEnumIntRangeU.cs(15,35): error CS0103: The name 'EnumIntRangeU' does not exist in the current context [/tests/spec/csharp/kaitai_struct_csharp_tests_netstd/kaitai_struct_csharp_tests_netstd.csproj]
/tests/spec/csharp/kaitai_struct_csharp_tests/tests/SpecEnumIntRangeU.cs(16,35): error CS0103: The name 'EnumIntRangeU' does not exist in the current context [/tests/spec/csharp/kaitai_struct_csharp_tests_netstd/kaitai_struct_csharp_tests_netstd.csproj]
/tests/compiled/csharp/YamlInts.cs(35,30): error CS0221: Constant value '4294967295' cannot be converted to a 'int' (use 'unchecked' syntax to override) [/tests/spec/csharp/kaitai_struct_csharp_tests_netstd/kaitai_struct_csharp_tests_netstd.csproj]
/tests/compiled/csharp/YamlInts.cs(48,30): error CS0221: Constant value '4294967295' cannot be converted to a 'int' (use 'unchecked' syntax to override) [/tests/spec/csharp/kaitai_struct_csharp_tests_netstd/kaitai_struct_csharp_tests_netstd.csproj]
/tests/compiled/csharp/YamlInts.cs(61,30): error CS0221: Constant value '18446744073709551615' cannot be converted to a 'int' (use 'unchecked' syntax to override) [/tests/spec/csharp/kaitai_struct_csharp_tests_netstd/kaitai_struct_csharp_tests_netstd.csproj]
/tests/compiled/csharp/YamlInts.cs(74,30): error CS0221: Constant value '18446744073709551615' cannot be converted to a 'int' (use 'unchecked' syntax to override) [/tests/spec/csharp/kaitai_struct_csharp_tests_netstd/kaitai_struct_csharp_tests_netstd.csproj]
/tests/compiled/csharp/SwitchRepeatExprInvalid.cs(30,34): error CS0029: Cannot implicitly convert type 'byte[]' to 'System.Collections.Generic.List<byte[]>' [/tests/spec/csharp/kaitai_struct_csharp_tests_netstd/kaitai_struct_csharp_tests_netstd.csproj]
/tests/compiled/csharp/SwitchRepeatExprInvalid.cs(31,58): error CS1503: Argument 1: cannot convert from 'System.Collections.Generic.List<byte[]>' to 'System.IO.Stream' [/tests/spec/csharp/kaitai_struct_csharp_tests_netstd/kaitai_struct_csharp_tests_netstd.csproj]
/tests/compiled/csharp/SwitchRepeatExprInvalid.cs(36,34): error CS0029: Cannot implicitly convert type 'byte[]' to 'System.Collections.Generic.List<byte[]>' [/tests/spec/csharp/kaitai_struct_csharp_tests_netstd/kaitai_struct_csharp_tests_netstd.csproj]
/tests/compiled/csharp/SwitchRepeatExprInvalid.cs(37,58): error CS1503: Argument 1: cannot convert from 'System.Collections.Generic.List<byte[]>' to 'System.IO.Stream' [/tests/spec/csharp/kaitai_struct_csharp_tests_netstd/kaitai_struct_csharp_tests_netstd.csproj]
/tests/compiled/csharp/SwitchRepeatExpr.cs(30,34): error CS0029: Cannot implicitly convert type 'byte[]' to 'System.Collections.Generic.List<byte[]>' [/tests/spec/csharp/kaitai_struct_csharp_tests_netstd/kaitai_struct_csharp_tests_netstd.csproj]
/tests/compiled/csharp/SwitchRepeatExpr.cs(31,58): error CS1503: Argument 1: cannot convert from 'System.Collections.Generic.List<byte[]>' to 'System.IO.Stream' [/tests/spec/csharp/kaitai_struct_csharp_tests_netstd/kaitai_struct_csharp_tests_netstd.csproj]
/tests/compiled/csharp/SwitchRepeatExpr.cs(36,34): error CS0029: Cannot implicitly convert type 'byte[]' to 'System.Collections.Generic.List<byte[]>' [/tests/spec/csharp/kaitai_struct_csharp_tests_netstd/kaitai_struct_csharp_tests_netstd.csproj]
/tests/compiled/csharp/SwitchRepeatExpr.cs(37,58): error CS1503: Argument 1: cannot convert from 'System.Collections.Generic.List<byte[]>' to 'System.IO.Stream' [/tests/spec/csharp/kaitai_struct_csharp_tests_netstd/kaitai_struct_csharp_tests_netstd.csproj]
/tests/compiled/csharp/RepeatUntilSized.cs(28,37): error CS0029: Cannot implicitly convert type 'byte[]' to 'System.Collections.Generic.List<byte[]>' [/tests/spec/csharp/kaitai_struct_csharp_tests_netstd/kaitai_struct_csharp_tests_netstd.csproj]
/tests/compiled/csharp/RepeatUntilSized.cs(29,61): error CS1503: Argument 1: cannot convert from 'System.Collections.Generic.List<byte[]>' to 'System.IO.Stream' [/tests/spec/csharp/kaitai_struct_csharp_tests_netstd/kaitai_struct_csharp_tests_netstd.csproj]
/tests/compiled/csharp/RepeatUntilCalcArrayType.cs(30,37): error CS0029: Cannot implicitly convert type 'byte[]' to 'System.Collections.Generic.List<byte[]>' [/tests/spec/csharp/kaitai_struct_csharp_tests_netstd/kaitai_struct_csharp_tests_netstd.csproj]
/tests/compiled/csharp/RepeatUntilCalcArrayType.cs(31,61): error CS1503: Argument 1: cannot convert from 'System.Collections.Generic.List<byte[]>' to 'System.IO.Stream' [/tests/spec/csharp/kaitai_struct_csharp_tests_netstd/kaitai_struct_csharp_tests_netstd.csproj]
/tests/compiled/csharp/NavParentSwitchCast.cs(133,78): error CS1061: 'KaitaiStruct' does not contain a definition for 'M_Parent' and no accessible extension method 'M_Parent' accepting a first argument of type 'KaitaiStruct' could be found (are you missing a using directive or an assembly reference?) [/tests/spec/csharp/kaitai_struct_csharp_tests_netstd/kaitai_struct_csharp_tests_netstd.csproj]
/tests/compiled/csharp/InstanceUserArray.cs(69,45): error CS0029: Cannot implicitly convert type 'byte[]' to 'System.Collections.Generic.List<byte[]>' [/tests/spec/csharp/kaitai_struct_csharp_tests_netstd/kaitai_struct_csharp_tests_netstd.csproj]
/tests/compiled/csharp/InstanceUserArray.cs(70,69): error CS1503: Argument 1: cannot convert from 'System.Collections.Generic.List<byte[]>' to 'System.IO.Stream' [/tests/spec/csharp/kaitai_struct_csharp_tests_netstd/kaitai_struct_csharp_tests_netstd.csproj]
/tests/compiled/csharp/ExprOpsParens.cs(150,33): error CS0030: Cannot convert type 'string' to 'int' [/tests/spec/csharp/kaitai_struct_csharp_tests_netstd/kaitai_struct_csharp_tests_netstd.csproj]
/tests/compiled/csharp/ExprBits.cs(36,29): error CS0034: Operator '<' is ambiguous on operands of type 'int' and 'ulong' [/tests/spec/csharp/kaitai_struct_csharp_tests_netstd/kaitai_struct_csharp_tests_netstd.csproj]
/tests/compiled/csharp/ExprBits.cs(120,27): error CS1503: Argument 1: cannot convert from 'ulong' to 'long' [/tests/spec/csharp/kaitai_struct_csharp_tests_netstd/kaitai_struct_csharp_tests_netstd.csproj]
/tests/compiled/csharp/EnumToIClassBorder2.cs(28,34): error CS0019: Operator '==' cannot be applied to operands of type 'EnumToIClassBorder1.Animal' and 'int' [/tests/spec/csharp/kaitai_struct_csharp_tests_netstd/kaitai_struct_csharp_tests_netstd.csproj]
/tests/compiled/csharp/EnumToI.cs(58,38): error CS0019: Operator '==' cannot be applied to operands of type 'EnumToI.Animal' and 'int' [/tests/spec/csharp/kaitai_struct_csharp_tests_netstd/kaitai_struct_csharp_tests_netstd.csproj]
/tests/compiled/csharp/EnumToI.cs(97,38): error CS0019: Operator '==' cannot be applied to operands of type 'EnumToI.Animal' and 'int' [/tests/spec/csharp/kaitai_struct_csharp_tests_netstd/kaitai_struct_csharp_tests_netstd.csproj]
    5 Warning(s)
    41 Error(s)

Time Elapsed 00:00:06.18
