MSBuild version 17.3.2+561848881 for .NET
  Determining projects to restore...
  All projects are up-to-date for restore.
  kaitai_struct_runtime_csharp -> /runtime/csharp/bin/Debug/netstandard1.3/Kaitai.Struct.Runtime.dll
/tests/compiled/csharp/EnumToIClassBorder1.cs(49,16): error CS0246: The type or namespace name 'EnumToIClassBorder2' could not be found (are you missing a using directive or an assembly reference?) [/tests/spec/csharp/kaitai_struct_csharp_tests_netstd/kaitai_struct_csharp_tests_netstd.csproj]
/tests/compiled/csharp/EnumToIClassBorder1.cs(48,17): error CS0246: The type or namespace name 'EnumToIClassBorder2' could not be found (are you missing a using directive or an assembly reference?) [/tests/spec/csharp/kaitai_struct_csharp_tests_netstd/kaitai_struct_csharp_tests_netstd.csproj]

Build FAILED.

/tests/compiled/csharp/EnumToIClassBorder1.cs(49,16): error CS0246: The type or namespace name 'EnumToIClassBorder2' could not be found (are you missing a using directive or an assembly reference?) [/tests/spec/csharp/kaitai_struct_csharp_tests_netstd/kaitai_struct_csharp_tests_netstd.csproj]
/tests/compiled/csharp/EnumToIClassBorder1.cs(48,17): error CS0246: The type or namespace name 'EnumToIClassBorder2' could not be found (are you missing a using directive or an assembly reference?) [/tests/spec/csharp/kaitai_struct_csharp_tests_netstd/kaitai_struct_csharp_tests_netstd.csproj]
    0 Warning(s)
    2 Error(s)

Time Elapsed 00:00:01.97
