<?xml version="1.0" encoding="utf-8" standalone="no"?>
<test-run id="2" testcasecount="203" result="Failed" total="203" passed="202" failed="1" inconclusive="0" skipped="0" asserts="936" engine-version="3.4.1.0" clr-version="4.0.30319.42000" start-time="2020-07-30 22:53:03Z" end-time="2020-07-30 22:53:05Z" duration="2.175327">
  <command-line><![CDATA[spec/csharp/packages/NUnit.ConsoleRunner.3.4.1/tools/nunit3-console.exe --result=test_out/csharp/TestResult.xml spec/csharp/kaitai_struct_csharp_tests/bin/Debug/kaitai_struct_csharp_tests.dll]]></command-line>
  <test-suite type="Assembly" id="0-1406" name="kaitai_struct_csharp_tests.dll" fullname="C:\projects\ci-targets\tests\spec\csharp\kaitai_struct_csharp_tests\bin\Debug\kaitai_struct_csharp_tests.dll" runstate="Runnable" testcasecount="203" result="Failed" site="Child" start-time="2020-07-30 22:53:03Z" end-time="2020-07-30 22:53:05Z" duration="2.086610" total="203" passed="202" failed="1" inconclusive="0" skipped="0" asserts="936">
    <environment framework-version="3.4.1.0" clr-version="4.0.30319.42000" os-version="Microsoft Windows NT 10.0.14393.0" platform="Win32NT" cwd="C:\projects\ci-targets\tests" machine-name="APPVYR-WIN" user="appveyor" user-domain="APPVYR-WIN" culture="en-US" uiculture="en-US" os-architecture="x64" />
    <settings>
      <setting name="WorkDirectory" value="C:\projects\ci-targets\tests" />
      <setting name="ImageRuntimeVersion" value="4.0.30319" />
      <setting name="ImageTargetFrameworkName" value=".NETFramework,Version=v4.5" />
      <setting name="ImageRequiresX86" value="False" />
      <setting name="ImageRequiresDefaultAppDomainAssemblyResolver" value="False" />
      <setting name="NumberOfTestWorkers" value="2" />
    </settings>
    <properties>
      <property name="_PID" value="3000" />
      <property name="_APPDOMAIN" value="test-domain-" />
    </properties>
    <failure>
      <message><![CDATA[One or more child tests had errors]]></message>
    </failure>
    <test-suite type="TestSuite" id="0-1407" name="Kaitai" fullname="Kaitai" runstate="Runnable" testcasecount="203" result="Failed" site="Child" start-time="2020-07-30 22:53:03Z" end-time="2020-07-30 22:53:05Z" duration="2.057601" total="203" passed="202" failed="1" inconclusive="0" skipped="0" asserts="936">
      <failure>
        <message><![CDATA[One or more child tests had errors]]></message>
      </failure>
      <test-suite type="TestFixture" id="0-1000" name="SpecBcdUserTypeBe" fullname="Kaitai.SpecBcdUserTypeBe" classname="Kaitai.SpecBcdUserTypeBe" runstate="Runnable" testcasecount="1" result="Passed" start-time="2020-07-30 22:53:03Z" end-time="2020-07-30 22:53:03Z" duration="0.037865" total="1" passed="1" failed="0" inconclusive="0" skipped="0" asserts="6">
        <test-case id="0-1001" name="TestBcdUserTypeBe" fullname="Kaitai.SpecBcdUserTypeBe.TestBcdUserTypeBe" methodname="TestBcdUserTypeBe" classname="Kaitai.SpecBcdUserTypeBe" runstate="Runnable" seed="1346164384" result="Passed" start-time="2020-07-30 22:53:03Z" end-time="2020-07-30 22:53:03Z" duration="0.024513" asserts="6" />
      </test-suite>
      <test-suite type="TestFixture" id="0-1002" name="SpecBcdUserTypeLe" fullname="Kaitai.SpecBcdUserTypeLe" classname="Kaitai.SpecBcdUserTypeLe" runstate="Runnable" testcasecount="1" result="Passed" start-time="2020-07-30 22:53:03Z" end-time="2020-07-30 22:53:03Z" duration="0.010029" total="1" passed="1" failed="0" inconclusive="0" skipped="0" asserts="6">
        <test-case id="0-1003" name="TestBcdUserTypeLe" fullname="Kaitai.SpecBcdUserTypeLe.TestBcdUserTypeLe" methodname="TestBcdUserTypeLe" classname="Kaitai.SpecBcdUserTypeLe" runstate="Runnable" seed="100962575" result="Passed" start-time="2020-07-30 22:53:03Z" end-time="2020-07-30 22:53:03Z" duration="0.006333" asserts="6" />
      </test-suite>
      <test-suite type="TestFixture" id="0-1004" name="SpecBitsByteAligned" fullname="Kaitai.SpecBitsByteAligned" classname="Kaitai.SpecBitsByteAligned" runstate="Runnable" testcasecount="1" result="Passed" start-time="2020-07-30 22:53:03Z" end-time="2020-07-30 22:53:03Z" duration="0.009008" total="1" passed="1" failed="0" inconclusive="0" skipped="0" asserts="9">
        <test-case id="0-1005" name="TestBitsByteAligned" fullname="Kaitai.SpecBitsByteAligned.TestBitsByteAligned" methodname="TestBitsByteAligned" classname="Kaitai.SpecBitsByteAligned" runstate="Runnable" seed="1407992022" result="Passed" start-time="2020-07-30 22:53:03Z" end-time="2020-07-30 22:53:03Z" duration="0.005798" asserts="9" />
      </test-suite>
      <test-suite type="TestFixture" id="0-1006" name="SpecBitsEnum" fullname="Kaitai.SpecBitsEnum" classname="Kaitai.SpecBitsEnum" runstate="Runnable" testcasecount="1" result="Passed" start-time="2020-07-30 22:53:03Z" end-time="2020-07-30 22:53:03Z" duration="0.004002" total="1" passed="1" failed="0" inconclusive="0" skipped="0" asserts="3">
        <test-case id="0-1007" name="TestBitsEnum" fullname="Kaitai.SpecBitsEnum.TestBitsEnum" methodname="TestBitsEnum" classname="Kaitai.SpecBitsEnum" runstate="Runnable" seed="457090898" result="Passed" start-time="2020-07-30 22:53:03Z" end-time="2020-07-30 22:53:03Z" duration="0.000927" asserts="3" />
      </test-suite>
      <test-suite type="TestFixture" id="0-1008" name="SpecBitsSeqEndianCombo" fullname="Kaitai.SpecBitsSeqEndianCombo" classname="Kaitai.SpecBitsSeqEndianCombo" runstate="Runnable" testcasecount="1" result="Passed" start-time="2020-07-30 22:53:03Z" end-time="2020-07-30 22:53:03Z" duration="0.004997" total="1" passed="1" failed="0" inconclusive="0" skipped="0" asserts="8">
        <test-case id="0-1009" name="TestBitsSeqEndianCombo" fullname="Kaitai.SpecBitsSeqEndianCombo.TestBitsSeqEndianCombo" methodname="TestBitsSeqEndianCombo" classname="Kaitai.SpecBitsSeqEndianCombo" runstate="Runnable" seed="2083536526" result="Passed" start-time="2020-07-30 22:53:03Z" end-time="2020-07-30 22:53:03Z" duration="0.001943" asserts="8" />
      </test-suite>
      <test-suite type="TestFixture" id="0-1010" name="SpecBitsSimple" fullname="Kaitai.SpecBitsSimple" classname="Kaitai.SpecBitsSimple" runstate="Runnable" testcasecount="1" result="Passed" start-time="2020-07-30 22:53:03Z" end-time="2020-07-30 22:53:03Z" duration="0.005995" total="1" passed="1" failed="0" inconclusive="0" skipped="0" asserts="14">
        <test-case id="0-1011" name="TestBitsSimple" fullname="Kaitai.SpecBitsSimple.TestBitsSimple" methodname="TestBitsSimple" classname="Kaitai.SpecBitsSimple" runstate="Runnable" seed="379170862" result="Passed" start-time="2020-07-30 22:53:03Z" end-time="2020-07-30 22:53:03Z" duration="0.002703" asserts="14" />
      </test-suite>
      <test-suite type="TestFixture" id="0-1012" name="SpecBitsSimpleLe" fullname="Kaitai.SpecBitsSimpleLe" classname="Kaitai.SpecBitsSimpleLe" runstate="Runnable" testcasecount="1" result="Passed" start-time="2020-07-30 22:53:03Z" end-time="2020-07-30 22:53:03Z" duration="0.006015" total="1" passed="1" failed="0" inconclusive="0" skipped="0" asserts="14">
        <test-case id="0-1013" name="TestBitsSimpleLe" fullname="Kaitai.SpecBitsSimpleLe.TestBitsSimpleLe" methodname="TestBitsSimpleLe" classname="Kaitai.SpecBitsSimpleLe" runstate="Runnable" seed="197745545" result="Passed" start-time="2020-07-30 22:53:03Z" end-time="2020-07-30 22:53:03Z" duration="0.002292" asserts="14" />
      </test-suite>
      <test-suite type="TestFixture" id="0-1014" name="SpecBufferedStruct" fullname="Kaitai.SpecBufferedStruct" classname="Kaitai.SpecBufferedStruct" runstate="Runnable" testcasecount="1" result="Passed" start-time="2020-07-30 22:53:03Z" end-time="2020-07-30 22:53:03Z" duration="0.006022" total="1" passed="1" failed="0" inconclusive="0" skipped="0" asserts="7">
        <test-case id="0-1015" name="TestBufferedStruct" fullname="Kaitai.SpecBufferedStruct.TestBufferedStruct" methodname="TestBufferedStruct" classname="Kaitai.SpecBufferedStruct" runstate="Runnable" seed="350081638" result="Passed" start-time="2020-07-30 22:53:03Z" end-time="2020-07-30 22:53:03Z" duration="0.002492" asserts="7" />
      </test-suite>
      <test-suite type="TestFixture" id="0-1016" name="SpecBytesPadTerm" fullname="Kaitai.SpecBytesPadTerm" classname="Kaitai.SpecBytesPadTerm" runstate="Runnable" testcasecount="1" result="Passed" start-time="2020-07-30 22:53:03Z" end-time="2020-07-30 22:53:03Z" duration="0.005028" total="1" passed="1" failed="0" inconclusive="0" skipped="0" asserts="4">
        <test-case id="0-1017" name="TestBytesPadTerm" fullname="Kaitai.SpecBytesPadTerm.TestBytesPadTerm" methodname="TestBytesPadTerm" classname="Kaitai.SpecBytesPadTerm" runstate="Runnable" seed="1429429858" result="Passed" start-time="2020-07-30 22:53:03Z" end-time="2020-07-30 22:53:03Z" duration="0.001484" asserts="4" />
      </test-suite>
      <test-suite type="TestFixture" id="0-1018" name="SpecCastNested" fullname="Kaitai.SpecCastNested" classname="Kaitai.SpecCastNested" runstate="Runnable" testcasecount="1" result="Passed" start-time="2020-07-30 22:53:03Z" end-time="2020-07-30 22:53:03Z" duration="0.007111" total="1" passed="1" failed="0" inconclusive="0" skipped="0" asserts="4">
        <test-case id="0-1019" name="TestCastNested" fullname="Kaitai.SpecCastNested.TestCastNested" methodname="TestCastNested" classname="Kaitai.SpecCastNested" runstate="Runnable" seed="1950461822" result="Passed" start-time="2020-07-30 22:53:03Z" end-time="2020-07-30 22:53:03Z" duration="0.003484" asserts="4" />
      </test-suite>
      <test-suite type="TestFixture" id="0-1020" name="SpecCastToImported" fullname="Kaitai.SpecCastToImported" classname="Kaitai.SpecCastToImported" runstate="Runnable" testcasecount="1" result="Passed" start-time="2020-07-30 22:53:03Z" end-time="2020-07-30 22:53:03Z" duration="0.005014" total="1" passed="1" failed="0" inconclusive="0" skipped="0" asserts="2">
        <test-case id="0-1021" name="TestCastToImported" fullname="Kaitai.SpecCastToImported.TestCastToImported" methodname="TestCastToImported" classname="Kaitai.SpecCastToImported" runstate="Runnable" seed="2040680510" result="Passed" start-time="2020-07-30 22:53:03Z" end-time="2020-07-30 22:53:03Z" duration="0.001156" asserts="2" />
      </test-suite>
      <test-suite type="TestFixture" id="0-1022" name="SpecCastToTop" fullname="Kaitai.SpecCastToTop" classname="Kaitai.SpecCastToTop" runstate="Runnable" testcasecount="1" result="Passed" start-time="2020-07-30 22:53:03Z" end-time="2020-07-30 22:53:03Z" duration="0.005011" total="1" passed="1" failed="0" inconclusive="0" skipped="0" asserts="3">
        <test-case id="0-1023" name="TestCastToTop" fullname="Kaitai.SpecCastToTop.TestCastToTop" methodname="TestCastToTop" classname="Kaitai.SpecCastToTop" runstate="Runnable" seed="2048310629" result="Passed" start-time="2020-07-30 22:53:03Z" end-time="2020-07-30 22:53:03Z" duration="0.001296" asserts="3" />
      </test-suite>
      <test-suite type="TestFixture" id="0-1024" name="SpecCombineBool" fullname="Kaitai.SpecCombineBool" classname="Kaitai.SpecCombineBool" runstate="Runnable" testcasecount="1" result="Passed" start-time="2020-07-30 22:53:03Z" end-time="2020-07-30 22:53:03Z" duration="0.004167" total="1" passed="1" failed="0" inconclusive="0" skipped="0" asserts="2">
        <test-case id="0-1025" name="TestCombineBool" fullname="Kaitai.SpecCombineBool.TestCombineBool" methodname="TestCombineBool" classname="Kaitai.SpecCombineBool" runstate="Runnable" seed="1091308989" result="Passed" start-time="2020-07-30 22:53:03Z" end-time="2020-07-30 22:53:03Z" duration="0.000924" asserts="2" />
      </test-suite>
      <test-suite type="TestFixture" id="0-1026" name="SpecCombineBytes" fullname="Kaitai.SpecCombineBytes" classname="Kaitai.SpecCombineBytes" runstate="Runnable" testcasecount="1" result="Passed" start-time="2020-07-30 22:53:03Z" end-time="2020-07-30 22:53:03Z" duration="0.006016" total="1" passed="1" failed="0" inconclusive="0" skipped="0" asserts="10">
        <test-case id="0-1027" name="TestCombineBytes" fullname="Kaitai.SpecCombineBytes.TestCombineBytes" methodname="TestCombineBytes" classname="Kaitai.SpecCombineBytes" runstate="Runnable" seed="1557616030" result="Passed" start-time="2020-07-30 22:53:03Z" end-time="2020-07-30 22:53:03Z" duration="0.002141" asserts="10" />
      </test-suite>
      <test-suite type="TestFixture" id="0-1028" name="SpecCombineEnum" fullname="Kaitai.SpecCombineEnum" classname="Kaitai.SpecCombineEnum" runstate="Runnable" testcasecount="1" result="Passed" start-time="2020-07-30 22:53:03Z" end-time="2020-07-30 22:53:03Z" duration="0.005013" total="1" passed="1" failed="0" inconclusive="0" skipped="0" asserts="3">
        <test-case id="0-1029" name="TestCombineEnum" fullname="Kaitai.SpecCombineEnum.TestCombineEnum" methodname="TestCombineEnum" classname="Kaitai.SpecCombineEnum" runstate="Runnable" seed="688401358" result="Passed" start-time="2020-07-30 22:53:03Z" end-time="2020-07-30 22:53:03Z" duration="0.001067" asserts="3" />
      </test-suite>
      <test-suite type="TestFixture" id="0-1030" name="SpecCombineStr" fullname="Kaitai.SpecCombineStr" classname="Kaitai.SpecCombineStr" runstate="Runnable" testcasecount="1" result="Passed" start-time="2020-07-30 22:53:03Z" end-time="2020-07-30 22:53:03Z" duration="0.006029" total="1" passed="1" failed="0" inconclusive="0" skipped="0" asserts="15">
        <test-case id="0-1031" name="TestCombineStr" fullname="Kaitai.SpecCombineStr.TestCombineStr" methodname="TestCombineStr" classname="Kaitai.SpecCombineStr" runstate="Runnable" seed="1737140854" result="Passed" start-time="2020-07-30 22:53:03Z" end-time="2020-07-30 22:53:03Z" duration="0.002545" asserts="15" />
      </test-suite>
      <test-suite type="TestFixture" id="0-1032" name="SpecDebug0" fullname="Kaitai.SpecDebug0" classname="Kaitai.SpecDebug0" runstate="Runnable" testcasecount="1" result="Passed" start-time="2020-07-30 22:53:03Z" end-time="2020-07-30 22:53:03Z" duration="0.003918" total="1" passed="1" failed="0" inconclusive="0" skipped="0" asserts="0">
        <test-case id="0-1033" name="TestDebug0" fullname="Kaitai.SpecDebug0.TestDebug0" methodname="TestDebug0" classname="Kaitai.SpecDebug0" runstate="Runnable" seed="1144947078" result="Passed" start-time="2020-07-30 22:53:03Z" end-time="2020-07-30 22:53:03Z" duration="0.000102" asserts="0" />
      </test-suite>
      <test-suite type="TestFixture" id="0-1034" name="SpecDebugArrayUser" fullname="Kaitai.SpecDebugArrayUser" classname="Kaitai.SpecDebugArrayUser" runstate="Runnable" testcasecount="1" result="Passed" start-time="2020-07-30 22:53:03Z" end-time="2020-07-30 22:53:03Z" duration="0.006020" total="1" passed="1" failed="0" inconclusive="0" skipped="0" asserts="4">
        <test-case id="0-1035" name="TestDebugArrayUser" fullname="Kaitai.SpecDebugArrayUser.TestDebugArrayUser" methodname="TestDebugArrayUser" classname="Kaitai.SpecDebugArrayUser" runstate="Runnable" seed="1791926519" result="Passed" start-time="2020-07-30 22:53:03Z" end-time="2020-07-30 22:53:03Z" duration="0.002069" asserts="4" />
      </test-suite>
      <test-suite type="TestFixture" id="0-1036" name="SpecDebugEnumName" fullname="Kaitai.SpecDebugEnumName" classname="Kaitai.SpecDebugEnumName" runstate="Runnable" testcasecount="1" result="Passed" start-time="2020-07-30 22:53:03Z" end-time="2020-07-30 22:53:03Z" duration="0.004012" total="1" passed="1" failed="0" inconclusive="0" skipped="0" asserts="0">
        <test-case id="0-1037" name="TestDebugEnumName" fullname="Kaitai.SpecDebugEnumName.TestDebugEnumName" methodname="TestDebugEnumName" classname="Kaitai.SpecDebugEnumName" runstate="Runnable" seed="724003200" result="Passed" start-time="2020-07-30 22:53:03Z" end-time="2020-07-30 22:53:03Z" duration="0.000131" asserts="0" />
      </test-suite>
      <test-suite type="TestFixture" id="0-1038" name="SpecDebugSwitchUser" fullname="Kaitai.SpecDebugSwitchUser" classname="Kaitai.SpecDebugSwitchUser" runstate="Runnable" testcasecount="1" result="Passed" start-time="2020-07-30 22:53:03Z" end-time="2020-07-30 22:53:03Z" duration="0.005011" total="1" passed="1" failed="0" inconclusive="0" skipped="0" asserts="2">
        <test-case id="0-1039" name="TestDebugSwitchUser" fullname="Kaitai.SpecDebugSwitchUser.TestDebugSwitchUser" methodname="TestDebugSwitchUser" classname="Kaitai.SpecDebugSwitchUser" runstate="Runnable" seed="80555362" result="Passed" start-time="2020-07-30 22:53:03Z" end-time="2020-07-30 22:53:03Z" duration="0.001860" asserts="2" />
      </test-suite>
      <test-suite type="TestFixture" id="0-1040" name="SpecDefaultBigEndian" fullname="Kaitai.SpecDefaultBigEndian" classname="Kaitai.SpecDefaultBigEndian" runstate="Runnable" testcasecount="1" result="Passed" start-time="2020-07-30 22:53:03Z" end-time="2020-07-30 22:53:03Z" duration="0.005039" total="1" passed="1" failed="0" inconclusive="0" skipped="0" asserts="1">
        <test-case id="0-1041" name="TestDefaultBigEndian" fullname="Kaitai.SpecDefaultBigEndian.TestDefaultBigEndian" methodname="TestDefaultBigEndian" classname="Kaitai.SpecDefaultBigEndian" runstate="Runnable" seed="515233140" result="Passed" start-time="2020-07-30 22:53:03Z" end-time="2020-07-30 22:53:03Z" duration="0.001028" asserts="1" />
      </test-suite>
      <test-suite type="TestFixture" id="0-1042" name="SpecDefaultBitEndianMod" fullname="Kaitai.SpecDefaultBitEndianMod" classname="Kaitai.SpecDefaultBitEndianMod" runstate="Runnable" testcasecount="1" result="Passed" start-time="2020-07-30 22:53:03Z" end-time="2020-07-30 22:53:03Z" duration="0.005007" total="1" passed="1" failed="0" inconclusive="0" skipped="0" asserts="4">
        <test-case id="0-1043" name="TestDefaultBitEndianMod" fullname="Kaitai.SpecDefaultBitEndianMod.TestDefaultBitEndianMod" methodname="TestDefaultBitEndianMod" classname="Kaitai.SpecDefaultBitEndianMod" runstate="Runnable" seed="1732753252" result="Passed" start-time="2020-07-30 22:53:03Z" end-time="2020-07-30 22:53:03Z" duration="0.001830" asserts="4" />
      </test-suite>
      <test-suite type="TestFixture" id="0-1044" name="SpecDefaultEndianExprException" fullname="Kaitai.SpecDefaultEndianExprException" classname="Kaitai.SpecDefaultEndianExprException" runstate="Runnable" testcasecount="1" result="Passed" start-time="2020-07-30 22:53:03Z" end-time="2020-07-30 22:53:03Z" duration="0.015024" total="1" passed="1" failed="0" inconclusive="0" skipped="0" asserts="1">
        <test-case id="0-1045" name="TestDefaultEndianExprException" fullname="Kaitai.SpecDefaultEndianExprException.TestDefaultEndianExprException" methodname="TestDefaultEndianExprException" classname="Kaitai.SpecDefaultEndianExprException" runstate="Runnable" seed="782890945" result="Passed" start-time="2020-07-30 22:53:03Z" end-time="2020-07-30 22:53:03Z" duration="0.011007" asserts="1" />
      </test-suite>
      <test-suite type="TestFixture" id="0-1046" name="SpecDefaultEndianExprInherited" fullname="Kaitai.SpecDefaultEndianExprInherited" classname="Kaitai.SpecDefaultEndianExprInherited" runstate="Runnable" testcasecount="1" result="Passed" start-time="2020-07-30 22:53:03Z" end-time="2020-07-30 22:53:03Z" duration="0.007999" total="1" passed="1" failed="0" inconclusive="0" skipped="0" asserts="15">
        <test-case id="0-1047" name="TestDefaultEndianExprInherited" fullname="Kaitai.SpecDefaultEndianExprInherited.TestDefaultEndianExprInherited" methodname="TestDefaultEndianExprInherited" classname="Kaitai.SpecDefaultEndianExprInherited" runstate="Runnable" seed="1112957729" result="Passed" start-time="2020-07-30 22:53:03Z" end-time="2020-07-30 22:53:03Z" duration="0.004693" asserts="15" />
      </test-suite>
      <test-suite type="TestFixture" id="0-1048" name="SpecDefaultEndianExprIsBe" fullname="Kaitai.SpecDefaultEndianExprIsBe" classname="Kaitai.SpecDefaultEndianExprIsBe" runstate="Runnable" testcasecount="1" result="Passed" start-time="2020-07-30 22:53:03Z" end-time="2020-07-30 22:53:03Z" duration="0.008052" total="1" passed="1" failed="0" inconclusive="0" skipped="0" asserts="18">
        <test-case id="0-1049" name="TestDefaultEndianExprIsBe" fullname="Kaitai.SpecDefaultEndianExprIsBe.TestDefaultEndianExprIsBe" methodname="TestDefaultEndianExprIsBe" classname="Kaitai.SpecDefaultEndianExprIsBe" runstate="Runnable" seed="953786295" result="Passed" start-time="2020-07-30 22:53:03Z" end-time="2020-07-30 22:53:03Z" duration="0.004233" asserts="18" />
      </test-suite>
      <test-suite type="TestFixture" id="0-1050" name="SpecDefaultEndianExprIsLe" fullname="Kaitai.SpecDefaultEndianExprIsLe" classname="Kaitai.SpecDefaultEndianExprIsLe" runstate="Runnable" testcasecount="1" result="Passed" start-time="2020-07-30 22:53:03Z" end-time="2020-07-30 22:53:03Z" duration="0.006016" total="1" passed="1" failed="0" inconclusive="0" skipped="0" asserts="12">
        <test-case id="0-1051" name="TestDefaultEndianExprIsLe" fullname="Kaitai.SpecDefaultEndianExprIsLe.TestDefaultEndianExprIsLe" methodname="TestDefaultEndianExprIsLe" classname="Kaitai.SpecDefaultEndianExprIsLe" runstate="Runnable" seed="1196675155" result="Passed" start-time="2020-07-30 22:53:03Z" end-time="2020-07-30 22:53:03Z" duration="0.002834" asserts="12" />
      </test-suite>
      <test-suite type="TestFixture" id="0-1052" name="SpecDefaultEndianMod" fullname="Kaitai.SpecDefaultEndianMod" classname="Kaitai.SpecDefaultEndianMod" runstate="Runnable" testcasecount="1" result="Passed" start-time="2020-07-30 22:53:03Z" end-time="2020-07-30 22:53:03Z" duration="0.005003" total="1" passed="1" failed="0" inconclusive="0" skipped="0" asserts="3">
        <test-case id="0-1053" name="TestDefaultEndianMod" fullname="Kaitai.SpecDefaultEndianMod.TestDefaultEndianMod" methodname="TestDefaultEndianMod" classname="Kaitai.SpecDefaultEndianMod" runstate="Runnable" seed="2120003493" result="Passed" start-time="2020-07-30 22:53:03Z" end-time="2020-07-30 22:53:03Z" duration="0.001639" asserts="3" />
      </test-suite>
      <test-suite type="TestFixture" id="0-1054" name="SpecDocstrings" fullname="Kaitai.SpecDocstrings" classname="Kaitai.SpecDocstrings" runstate="Runnable" testcasecount="1" result="Passed" start-time="2020-07-30 22:53:03Z" end-time="2020-07-30 22:53:03Z" duration="0.004011" total="1" passed="1" failed="0" inconclusive="0" skipped="0" asserts="0">
        <test-case id="0-1055" name="TestDocstrings" fullname="Kaitai.SpecDocstrings.TestDocstrings" methodname="TestDocstrings" classname="Kaitai.SpecDocstrings" runstate="Runnable" seed="1114478273" result="Passed" start-time="2020-07-30 22:53:03Z" end-time="2020-07-30 22:53:03Z" duration="0.000538" asserts="0" />
      </test-suite>
      <test-suite type="TestFixture" id="0-1056" name="SpecDocstringsDocref" fullname="Kaitai.SpecDocstringsDocref" classname="Kaitai.SpecDocstringsDocref" runstate="Runnable" testcasecount="1" result="Passed" start-time="2020-07-30 22:53:03Z" end-time="2020-07-30 22:53:03Z" duration="0.004008" total="1" passed="1" failed="0" inconclusive="0" skipped="0" asserts="0">
        <test-case id="0-1057" name="TestDocstringsDocref" fullname="Kaitai.SpecDocstringsDocref.TestDocstringsDocref" methodname="TestDocstringsDocref" classname="Kaitai.SpecDocstringsDocref" runstate="Runnable" seed="40749896" result="Passed" start-time="2020-07-30 22:53:03Z" end-time="2020-07-30 22:53:03Z" duration="0.000587" asserts="0" />
      </test-suite>
      <test-suite type="TestFixture" id="0-1058" name="SpecDocstringsDocrefMulti" fullname="Kaitai.SpecDocstringsDocrefMulti" classname="Kaitai.SpecDocstringsDocrefMulti" runstate="Runnable" testcasecount="1" result="Passed" start-time="2020-07-30 22:53:03Z" end-time="2020-07-30 22:53:03Z" duration="0.004012" total="1" passed="1" failed="0" inconclusive="0" skipped="0" asserts="0">
        <test-case id="0-1059" name="TestDocstringsDocrefMulti" fullname="Kaitai.SpecDocstringsDocrefMulti.TestDocstringsDocrefMulti" methodname="TestDocstringsDocrefMulti" classname="Kaitai.SpecDocstringsDocrefMulti" runstate="Runnable" seed="236715411" result="Passed" start-time="2020-07-30 22:53:03Z" end-time="2020-07-30 22:53:03Z" duration="0.000437" asserts="0" />
      </test-suite>
      <test-suite type="TestFixture" id="0-1060" name="SpecEnum0" fullname="Kaitai.SpecEnum0" classname="Kaitai.SpecEnum0" runstate="Runnable" testcasecount="1" result="Passed" start-time="2020-07-30 22:53:03Z" end-time="2020-07-30 22:53:03Z" duration="0.004010" total="1" passed="1" failed="0" inconclusive="0" skipped="0" asserts="2">
        <test-case id="0-1061" name="TestEnum0" fullname="Kaitai.SpecEnum0.TestEnum0" methodname="TestEnum0" classname="Kaitai.SpecEnum0" runstate="Runnable" seed="1781616447" result="Passed" start-time="2020-07-30 22:53:03Z" end-time="2020-07-30 22:53:03Z" duration="0.000701" asserts="2" />
      </test-suite>
      <test-suite type="TestFixture" id="0-1062" name="SpecEnum1" fullname="Kaitai.SpecEnum1" classname="Kaitai.SpecEnum1" runstate="Runnable" testcasecount="1" result="Passed" start-time="2020-07-30 22:53:03Z" end-time="2020-07-30 22:53:03Z" duration="0.005034" total="1" passed="1" failed="0" inconclusive="0" skipped="0" asserts="2">
        <test-case id="0-1063" name="TestEnum1" fullname="Kaitai.SpecEnum1.TestEnum1" methodname="TestEnum1" classname="Kaitai.SpecEnum1" runstate="Runnable" seed="126619547" result="Passed" start-time="2020-07-30 22:53:03Z" end-time="2020-07-30 22:53:03Z" duration="0.001454" asserts="2" />
      </test-suite>
      <test-suite type="TestFixture" id="0-1064" name="SpecEnumDeep" fullname="Kaitai.SpecEnumDeep" classname="Kaitai.SpecEnumDeep" runstate="Runnable" testcasecount="1" result="Passed" start-time="2020-07-30 22:53:03Z" end-time="2020-07-30 22:53:03Z" duration="0.004002" total="1" passed="1" failed="0" inconclusive="0" skipped="0" asserts="2">
        <test-case id="0-1065" name="TestEnumDeep" fullname="Kaitai.SpecEnumDeep.TestEnumDeep" methodname="TestEnumDeep" classname="Kaitai.SpecEnumDeep" runstate="Runnable" seed="45942174" result="Passed" start-time="2020-07-30 22:53:03Z" end-time="2020-07-30 22:53:03Z" duration="0.000702" asserts="2" />
      </test-suite>
      <test-suite type="TestFixture" id="0-1066" name="SpecEnumDeepLiterals" fullname="Kaitai.SpecEnumDeepLiterals" classname="Kaitai.SpecEnumDeepLiterals" runstate="Runnable" testcasecount="1" result="Passed" start-time="2020-07-30 22:53:03Z" end-time="2020-07-30 22:53:03Z" duration="0.003993" total="1" passed="1" failed="0" inconclusive="0" skipped="0" asserts="2">
        <test-case id="0-1067" name="TestEnumDeepLiterals" fullname="Kaitai.SpecEnumDeepLiterals.TestEnumDeepLiterals" methodname="TestEnumDeepLiterals" classname="Kaitai.SpecEnumDeepLiterals" runstate="Runnable" seed="1148080312" result="Passed" start-time="2020-07-30 22:53:03Z" end-time="2020-07-30 22:53:03Z" duration="0.000919" asserts="2" />
      </test-suite>
      <test-suite type="TestFixture" id="0-1068" name="SpecEnumFancy" fullname="Kaitai.SpecEnumFancy" classname="Kaitai.SpecEnumFancy" runstate="Runnable" testcasecount="1" result="Passed" start-time="2020-07-30 22:53:03Z" end-time="2020-07-30 22:53:03Z" duration="0.004011" total="1" passed="1" failed="0" inconclusive="0" skipped="0" asserts="2">
        <test-case id="0-1069" name="TestEnumFancy" fullname="Kaitai.SpecEnumFancy.TestEnumFancy" methodname="TestEnumFancy" classname="Kaitai.SpecEnumFancy" runstate="Runnable" seed="242735047" result="Passed" start-time="2020-07-30 22:53:03Z" end-time="2020-07-30 22:53:03Z" duration="0.000689" asserts="2" />
      </test-suite>
      <test-suite type="TestFixture" id="0-1070" name="SpecEnumForUnknownId" fullname="Kaitai.SpecEnumForUnknownId" classname="Kaitai.SpecEnumForUnknownId" runstate="Runnable" testcasecount="1" result="Passed" start-time="2020-07-30 22:53:03Z" end-time="2020-07-30 22:53:03Z" duration="0.003306" total="1" passed="1" failed="0" inconclusive="0" skipped="0" asserts="1">
        <test-case id="0-1071" name="TestEnumForUnknownId" fullname="Kaitai.SpecEnumForUnknownId.TestEnumForUnknownId" methodname="TestEnumForUnknownId" classname="Kaitai.SpecEnumForUnknownId" runstate="Runnable" seed="1746638402" result="Passed" start-time="2020-07-30 22:53:03Z" end-time="2020-07-30 22:53:03Z" duration="0.000604" asserts="1" />
      </test-suite>
      <test-suite type="TestFixture" id="0-1072" name="SpecEnumIf" fullname="Kaitai.SpecEnumIf" classname="Kaitai.SpecEnumIf" runstate="Runnable" testcasecount="1" result="Passed" start-time="2020-07-30 22:53:03Z" end-time="2020-07-30 22:53:03Z" duration="0.006031" total="1" passed="1" failed="0" inconclusive="0" skipped="0" asserts="7">
        <test-case id="0-1073" name="TestEnumIf" fullname="Kaitai.SpecEnumIf.TestEnumIf" methodname="TestEnumIf" classname="Kaitai.SpecEnumIf" runstate="Runnable" seed="261707700" result="Passed" start-time="2020-07-30 22:53:03Z" end-time="2020-07-30 22:53:03Z" duration="0.002263" asserts="7" />
      </test-suite>
      <test-suite type="TestFixture" id="0-1074" name="SpecEnumImport" fullname="Kaitai.SpecEnumImport" classname="Kaitai.SpecEnumImport" runstate="Runnable" testcasecount="1" result="Passed" start-time="2020-07-30 22:53:03Z" end-time="2020-07-30 22:53:03Z" duration="0.004005" total="1" passed="1" failed="0" inconclusive="0" skipped="0" asserts="2">
        <test-case id="0-1075" name="TestEnumImport" fullname="Kaitai.SpecEnumImport.TestEnumImport" methodname="TestEnumImport" classname="Kaitai.SpecEnumImport" runstate="Runnable" seed="1823223542" result="Passed" start-time="2020-07-30 22:53:03Z" end-time="2020-07-30 22:53:03Z" duration="0.000707" asserts="2" />
      </test-suite>
      <test-suite type="TestFixture" id="0-1076" name="SpecEnumIntRangeS" fullname="Kaitai.SpecEnumIntRangeS" classname="Kaitai.SpecEnumIntRangeS" runstate="Runnable" testcasecount="1" result="Passed" start-time="2020-07-30 22:53:03Z" end-time="2020-07-30 22:53:03Z" duration="0.004011" total="1" passed="1" failed="0" inconclusive="0" skipped="0" asserts="3">
        <test-case id="0-1077" name="TestEnumIntRangeS" fullname="Kaitai.SpecEnumIntRangeS.TestEnumIntRangeS" methodname="TestEnumIntRangeS" classname="Kaitai.SpecEnumIntRangeS" runstate="Runnable" seed="812943920" result="Passed" start-time="2020-07-30 22:53:03Z" end-time="2020-07-30 22:53:03Z" duration="0.000862" asserts="3" />
      </test-suite>
      <test-suite type="TestFixture" id="0-1078" name="SpecEnumInvalid" fullname="Kaitai.SpecEnumInvalid" classname="Kaitai.SpecEnumInvalid" runstate="Runnable" testcasecount="1" result="Passed" start-time="2020-07-30 22:53:03Z" end-time="2020-07-30 22:53:03Z" duration="0.004007" total="1" passed="1" failed="0" inconclusive="0" skipped="0" asserts="2">
        <test-case id="0-1079" name="TestEnumInvalid" fullname="Kaitai.SpecEnumInvalid.TestEnumInvalid" methodname="TestEnumInvalid" classname="Kaitai.SpecEnumInvalid" runstate="Runnable" seed="1919362542" result="Passed" start-time="2020-07-30 22:53:03Z" end-time="2020-07-30 22:53:03Z" duration="0.000719" asserts="2" />
      </test-suite>
      <test-suite type="TestFixture" id="0-1080" name="SpecEnumNegative" fullname="Kaitai.SpecEnumNegative" classname="Kaitai.SpecEnumNegative" runstate="Runnable" testcasecount="1" result="Passed" start-time="2020-07-30 22:53:03Z" end-time="2020-07-30 22:53:03Z" duration="0.004009" total="1" passed="1" failed="0" inconclusive="0" skipped="0" asserts="2">
        <test-case id="0-1081" name="TestEnumNegative" fullname="Kaitai.SpecEnumNegative.TestEnumNegative" methodname="TestEnumNegative" classname="Kaitai.SpecEnumNegative" runstate="Runnable" seed="108621076" result="Passed" start-time="2020-07-30 22:53:03Z" end-time="2020-07-30 22:53:03Z" duration="0.000854" asserts="2" />
      </test-suite>
      <test-suite type="TestFixture" id="0-1082" name="SpecEnumOfValueInst" fullname="Kaitai.SpecEnumOfValueInst" classname="Kaitai.SpecEnumOfValueInst" runstate="Runnable" testcasecount="1" result="Passed" start-time="2020-07-30 22:53:03Z" end-time="2020-07-30 22:53:03Z" duration="0.005010" total="1" passed="1" failed="0" inconclusive="0" skipped="0" asserts="4">
        <test-case id="0-1083" name="TestEnumOfValueInst" fullname="Kaitai.SpecEnumOfValueInst.TestEnumOfValueInst" methodname="TestEnumOfValueInst" classname="Kaitai.SpecEnumOfValueInst" runstate="Runnable" seed="1653645310" result="Passed" start-time="2020-07-30 22:53:03Z" end-time="2020-07-30 22:53:03Z" duration="0.001263" asserts="4" />
      </test-suite>
      <test-suite type="TestFixture" id="0-1084" name="SpecEnumToI" fullname="Kaitai.SpecEnumToI" classname="Kaitai.SpecEnumToI" runstate="Runnable" testcasecount="1" result="Passed" start-time="2020-07-30 22:53:03Z" end-time="2020-07-30 22:53:03Z" duration="0.006098" total="1" passed="1" failed="0" inconclusive="0" skipped="0" asserts="5">
        <test-case id="0-1085" name="TestEnumToI" fullname="Kaitai.SpecEnumToI.TestEnumToI" methodname="TestEnumToI" classname="Kaitai.SpecEnumToI" runstate="Runnable" seed="675838117" result="Passed" start-time="2020-07-30 22:53:03Z" end-time="2020-07-30 22:53:03Z" duration="0.001284" asserts="5" />
      </test-suite>
      <test-suite type="TestFixture" id="0-1086" name="SpecEofExceptionBytes" fullname="Kaitai.SpecEofExceptionBytes" classname="Kaitai.SpecEofExceptionBytes" runstate="Runnable" testcasecount="1" result="Passed" start-time="2020-07-30 22:53:03Z" end-time="2020-07-30 22:53:03Z" duration="0.012020" total="1" passed="1" failed="0" inconclusive="0" skipped="0" asserts="1">
        <test-case id="0-1087" name="TestEofExceptionBytes" fullname="Kaitai.SpecEofExceptionBytes.TestEofExceptionBytes" methodname="TestEofExceptionBytes" classname="Kaitai.SpecEofExceptionBytes" runstate="Runnable" seed="191644463" result="Passed" start-time="2020-07-30 22:53:03Z" end-time="2020-07-30 22:53:03Z" duration="0.000846" asserts="1" />
      </test-suite>
      <test-suite type="TestFixture" id="0-1088" name="SpecEofExceptionU4" fullname="Kaitai.SpecEofExceptionU4" classname="Kaitai.SpecEofExceptionU4" runstate="Runnable" testcasecount="1" result="Passed" start-time="2020-07-30 22:53:03Z" end-time="2020-07-30 22:53:03Z" duration="0.004011" total="1" passed="1" failed="0" inconclusive="0" skipped="0" asserts="1">
        <test-case id="0-1089" name="TestEofExceptionU4" fullname="Kaitai.SpecEofExceptionU4.TestEofExceptionU4" methodname="TestEofExceptionU4" classname="Kaitai.SpecEofExceptionU4" runstate="Runnable" seed="693155826" result="Passed" start-time="2020-07-30 22:53:03Z" end-time="2020-07-30 22:53:03Z" duration="0.000764" asserts="1" />
      </test-suite>
      <test-suite type="TestFixture" id="0-1090" name="SpecEosExceptionBytes" fullname="Kaitai.SpecEosExceptionBytes" classname="Kaitai.SpecEosExceptionBytes" runstate="Runnable" testcasecount="1" result="Passed" start-time="2020-07-30 22:53:03Z" end-time="2020-07-30 22:53:03Z" duration="0.004085" total="1" passed="1" failed="0" inconclusive="0" skipped="0" asserts="1">
        <test-case id="0-1091" name="TestEosExceptionBytes" fullname="Kaitai.SpecEosExceptionBytes.TestEosExceptionBytes" methodname="TestEosExceptionBytes" classname="Kaitai.SpecEosExceptionBytes" runstate="Runnable" seed="1503559854" result="Passed" start-time="2020-07-30 22:53:03Z" end-time="2020-07-30 22:53:03Z" duration="0.000902" asserts="1" />
      </test-suite>
      <test-suite type="TestFixture" id="0-1092" name="SpecEosExceptionU4" fullname="Kaitai.SpecEosExceptionU4" classname="Kaitai.SpecEosExceptionU4" runstate="Runnable" testcasecount="1" result="Passed" start-time="2020-07-30 22:53:03Z" end-time="2020-07-30 22:53:03Z" duration="0.005010" total="1" passed="1" failed="0" inconclusive="0" skipped="0" asserts="1">
        <test-case id="0-1093" name="TestEosExceptionU4" fullname="Kaitai.SpecEosExceptionU4.TestEosExceptionU4" methodname="TestEosExceptionU4" classname="Kaitai.SpecEosExceptionU4" runstate="Runnable" seed="1285223040" result="Passed" start-time="2020-07-30 22:53:03Z" end-time="2020-07-30 22:53:03Z" duration="0.001020" asserts="1" />
      </test-suite>
      <test-suite type="TestFixture" id="0-1094" name="SpecExpr0" fullname="Kaitai.SpecExpr0" classname="Kaitai.SpecExpr0" runstate="Runnable" testcasecount="1" result="Passed" start-time="2020-07-30 22:53:03Z" end-time="2020-07-30 22:53:03Z" duration="0.004012" total="1" passed="1" failed="0" inconclusive="0" skipped="0" asserts="2">
        <test-case id="0-1095" name="TestExpr0" fullname="Kaitai.SpecExpr0.TestExpr0" methodname="TestExpr0" classname="Kaitai.SpecExpr0" runstate="Runnable" seed="1743697258" result="Passed" start-time="2020-07-30 22:53:03Z" end-time="2020-07-30 22:53:03Z" duration="0.000765" asserts="2" />
      </test-suite>
      <test-suite type="TestFixture" id="0-1096" name="SpecExpr1" fullname="Kaitai.SpecExpr1" classname="Kaitai.SpecExpr1" runstate="Runnable" testcasecount="1" result="Passed" start-time="2020-07-30 22:53:03Z" end-time="2020-07-30 22:53:03Z" duration="0.005147" total="1" passed="1" failed="0" inconclusive="0" skipped="0" asserts="4">
        <test-case id="0-1097" name="TestExpr1" fullname="Kaitai.SpecExpr1.TestExpr1" methodname="TestExpr1" classname="Kaitai.SpecExpr1" runstate="Runnable" seed="545410454" result="Passed" start-time="2020-07-30 22:53:03Z" end-time="2020-07-30 22:53:03Z" duration="0.001091" asserts="4" />
      </test-suite>
      <test-suite type="TestFixture" id="0-1098" name="SpecExpr2" fullname="Kaitai.SpecExpr2" classname="Kaitai.SpecExpr2" runstate="Runnable" testcasecount="1" result="Passed" start-time="2020-07-30 22:53:03Z" end-time="2020-07-30 22:53:03Z" duration="0.009014" total="1" passed="1" failed="0" inconclusive="0" skipped="0" asserts="17">
        <test-case id="0-1099" name="TestExpr2" fullname="Kaitai.SpecExpr2.TestExpr2" methodname="TestExpr2" classname="Kaitai.SpecExpr2" runstate="Runnable" seed="1592631990" result="Passed" start-time="2020-07-30 22:53:03Z" end-time="2020-07-30 22:53:03Z" duration="0.005772" asserts="17" />
      </test-suite>
      <test-suite type="TestFixture" id="0-1100" name="SpecExpr3" fullname="Kaitai.SpecExpr3" classname="Kaitai.SpecExpr3" runstate="Runnable" testcasecount="1" result="Passed" start-time="2020-07-30 22:53:03Z" end-time="2020-07-30 22:53:03Z" duration="0.007012" total="1" passed="1" failed="0" inconclusive="0" skipped="0" asserts="12">
        <test-case id="0-1101" name="TestExpr3" fullname="Kaitai.SpecExpr3.TestExpr3" methodname="TestExpr3" classname="Kaitai.SpecExpr3" runstate="Runnable" seed="1892543890" result="Passed" start-time="2020-07-30 22:53:03Z" end-time="2020-07-30 22:53:03Z" duration="0.003546" asserts="12" />
      </test-suite>
      <test-suite type="TestFixture" id="0-1102" name="SpecExprArray" fullname="Kaitai.SpecExprArray" classname="Kaitai.SpecExprArray" runstate="Runnable" testcasecount="1" result="Passed" start-time="2020-07-30 22:53:03Z" end-time="2020-07-30 22:53:03Z" duration="0.021006" total="1" passed="1" failed="0" inconclusive="0" skipped="0" asserts="15">
        <test-case id="0-1103" name="TestExprArray" fullname="Kaitai.SpecExprArray.TestExprArray" methodname="TestExprArray" classname="Kaitai.SpecExprArray" runstate="Runnable" seed="1135767203" result="Passed" start-time="2020-07-30 22:53:03Z" end-time="2020-07-30 22:53:03Z" duration="0.017232" asserts="15" />
      </test-suite>
      <test-suite type="TestFixture" id="0-1104" name="SpecExprBytesCmp" fullname="Kaitai.SpecExprBytesCmp" classname="Kaitai.SpecExprBytesCmp" runstate="Runnable" testcasecount="1" result="Passed" start-time="2020-07-30 22:53:03Z" end-time="2020-07-30 22:53:04Z" duration="0.007766" total="1" passed="1" failed="0" inconclusive="0" skipped="0" asserts="10">
        <test-case id="0-1105" name="TestExprBytesCmp" fullname="Kaitai.SpecExprBytesCmp.TestExprBytesCmp" methodname="TestExprBytesCmp" classname="Kaitai.SpecExprBytesCmp" runstate="Runnable" seed="1017938712" result="Passed" start-time="2020-07-30 22:53:03Z" end-time="2020-07-30 22:53:04Z" duration="0.003670" asserts="10" />
      </test-suite>
      <test-suite type="TestFixture" id="0-1106" name="SpecExprBytesOps" fullname="Kaitai.SpecExprBytesOps" classname="Kaitai.SpecExprBytesOps" runstate="Runnable" testcasecount="1" result="Passed" start-time="2020-07-30 22:53:04Z" end-time="2020-07-30 22:53:04Z" duration="0.008003" total="1" passed="1" failed="0" inconclusive="0" skipped="0" asserts="12">
        <test-case id="0-1107" name="TestExprBytesOps" fullname="Kaitai.SpecExprBytesOps.TestExprBytesOps" methodname="TestExprBytesOps" classname="Kaitai.SpecExprBytesOps" runstate="Runnable" seed="1965027717" result="Passed" start-time="2020-07-30 22:53:04Z" end-time="2020-07-30 22:53:04Z" duration="0.004459" asserts="12" />
      </test-suite>
      <test-suite type="TestFixture" id="0-1108" name="SpecExprCalcArrayOps" fullname="Kaitai.SpecExprCalcArrayOps" classname="Kaitai.SpecExprCalcArrayOps" runstate="Runnable" testcasecount="1" result="Passed" start-time="2020-07-30 22:53:04Z" end-time="2020-07-30 22:53:04Z" duration="0.008953" total="1" passed="1" failed="0" inconclusive="0" skipped="0" asserts="18">
        <test-case id="0-1109" name="TestExprCalcArrayOps" fullname="Kaitai.SpecExprCalcArrayOps.TestExprCalcArrayOps" methodname="TestExprCalcArrayOps" classname="Kaitai.SpecExprCalcArrayOps" runstate="Runnable" seed="913398407" result="Passed" start-time="2020-07-30 22:53:04Z" end-time="2020-07-30 22:53:04Z" duration="0.005243" asserts="18" />
      </test-suite>
      <test-suite type="TestFixture" id="0-1110" name="SpecExprEnum" fullname="Kaitai.SpecExprEnum" classname="Kaitai.SpecExprEnum" runstate="Runnable" testcasecount="1" result="Passed" start-time="2020-07-30 22:53:04Z" end-time="2020-07-30 22:53:04Z" duration="0.004985" total="1" passed="1" failed="0" inconclusive="0" skipped="0" asserts="3">
        <test-case id="0-1111" name="TestExprEnum" fullname="Kaitai.SpecExprEnum.TestExprEnum" methodname="TestExprEnum" classname="Kaitai.SpecExprEnum" runstate="Runnable" seed="1482757228" result="Passed" start-time="2020-07-30 22:53:04Z" end-time="2020-07-30 22:53:04Z" duration="0.001080" asserts="3" />
      </test-suite>
      <test-suite type="TestFixture" id="0-1112" name="SpecExprIfIntOps" fullname="Kaitai.SpecExprIfIntOps" classname="Kaitai.SpecExprIfIntOps" runstate="Runnable" testcasecount="1" result="Passed" start-time="2020-07-30 22:53:04Z" end-time="2020-07-30 22:53:04Z" duration="0.006041" total="1" passed="1" failed="0" inconclusive="0" skipped="0" asserts="2">
        <test-case id="0-1113" name="TestExprIfIntOps" fullname="Kaitai.SpecExprIfIntOps.TestExprIfIntOps" methodname="TestExprIfIntOps" classname="Kaitai.SpecExprIfIntOps" runstate="Runnable" seed="903730086" result="Passed" start-time="2020-07-30 22:53:04Z" end-time="2020-07-30 22:53:04Z" duration="0.002627" asserts="2" />
      </test-suite>
      <test-suite type="TestFixture" id="0-1114" name="SpecExprIntDiv" fullname="Kaitai.SpecExprIntDiv" classname="Kaitai.SpecExprIntDiv" runstate="Runnable" testcasecount="1" result="Failed" site="Child" start-time="2020-07-30 22:53:04Z" end-time="2020-07-30 22:53:04Z" duration="0.039657" total="1" passed="0" failed="1" inconclusive="0" skipped="0" asserts="4">
        <failure>
          <message><![CDATA[One or more child tests had errors]]></message>
        </failure>
        <test-case id="0-1115" name="TestExprIntDiv" fullname="Kaitai.SpecExprIntDiv.TestExprIntDiv" methodname="TestExprIntDiv" classname="Kaitai.SpecExprIntDiv" runstate="Runnable" seed="1154078407" result="Failed" start-time="2020-07-30 22:53:04Z" end-time="2020-07-30 22:53:04Z" duration="0.035515" asserts="4">
          <failure>
            <message><![CDATA[  Expected: -756
  But was:  -757
]]></message>
            <stack-trace><![CDATA[at Kaitai.SpecExprIntDiv.TestExprIntDiv() in C:\projects\ci-targets\tests\spec\csharp\kaitai_struct_csharp_tests\tests\SpecExprIntDiv.cs:line 18
]]></stack-trace>
          </failure>
        </test-case>
      </test-suite>
      <test-suite type="TestFixture" id="0-1116" name="SpecExprIoEof" fullname="Kaitai.SpecExprIoEof" classname="Kaitai.SpecExprIoEof" runstate="Runnable" testcasecount="1" result="Passed" start-time="2020-07-30 22:53:04Z" end-time="2020-07-30 22:53:04Z" duration="0.007014" total="1" passed="1" failed="0" inconclusive="0" skipped="0" asserts="4">
        <test-case id="0-1117" name="TestExprIoEof" fullname="Kaitai.SpecExprIoEof.TestExprIoEof" methodname="TestExprIoEof" classname="Kaitai.SpecExprIoEof" runstate="Runnable" seed="656668670" result="Passed" start-time="2020-07-30 22:53:04Z" end-time="2020-07-30 22:53:04Z" duration="0.002355" asserts="4" />
      </test-suite>
      <test-suite type="TestFixture" id="0-1118" name="SpecExprIoPos" fullname="Kaitai.SpecExprIoPos" classname="Kaitai.SpecExprIoPos" runstate="Runnable" testcasecount="1" result="Passed" start-time="2020-07-30 22:53:04Z" end-time="2020-07-30 22:53:04Z" duration="0.005025" total="1" passed="1" failed="0" inconclusive="0" skipped="0" asserts="6">
        <test-case id="0-1119" name="TestExprIoPos" fullname="Kaitai.SpecExprIoPos.TestExprIoPos" methodname="TestExprIoPos" classname="Kaitai.SpecExprIoPos" runstate="Runnable" seed="1603088074" result="Passed" start-time="2020-07-30 22:53:04Z" end-time="2020-07-30 22:53:04Z" duration="0.001787" asserts="6" />
      </test-suite>
      <test-suite type="TestFixture" id="0-1120" name="SpecExprMod" fullname="Kaitai.SpecExprMod" classname="Kaitai.SpecExprMod" runstate="Runnable" testcasecount="1" result="Passed" start-time="2020-07-30 22:53:04Z" end-time="2020-07-30 22:53:04Z" duration="0.004989" total="1" passed="1" failed="0" inconclusive="0" skipped="0" asserts="6">
        <test-case id="0-1121" name="TestExprMod" fullname="Kaitai.SpecExprMod.TestExprMod" methodname="TestExprMod" classname="Kaitai.SpecExprMod" runstate="Runnable" seed="777563711" result="Passed" start-time="2020-07-30 22:53:04Z" end-time="2020-07-30 22:53:04Z" duration="0.001696" asserts="6" />
      </test-suite>
      <test-suite type="TestFixture" id="0-1122" name="SpecExprSizeofType0" fullname="Kaitai.SpecExprSizeofType0" classname="Kaitai.SpecExprSizeofType0" runstate="Runnable" testcasecount="1" result="Passed" start-time="2020-07-30 22:53:04Z" end-time="2020-07-30 22:53:04Z" duration="0.004011" total="1" passed="1" failed="0" inconclusive="0" skipped="0" asserts="1">
        <test-case id="0-1123" name="TestExprSizeofType0" fullname="Kaitai.SpecExprSizeofType0.TestExprSizeofType0" methodname="TestExprSizeofType0" classname="Kaitai.SpecExprSizeofType0" runstate="Runnable" seed="1687176036" result="Passed" start-time="2020-07-30 22:53:04Z" end-time="2020-07-30 22:53:04Z" duration="0.000669" asserts="1" />
      </test-suite>
      <test-suite type="TestFixture" id="0-1124" name="SpecExprSizeofType1" fullname="Kaitai.SpecExprSizeofType1" classname="Kaitai.SpecExprSizeofType1" runstate="Runnable" testcasecount="1" result="Passed" start-time="2020-07-30 22:53:04Z" end-time="2020-07-30 22:53:04Z" duration="0.004010" total="1" passed="1" failed="0" inconclusive="0" skipped="0" asserts="2">
        <test-case id="0-1125" name="TestExprSizeofType1" fullname="Kaitai.SpecExprSizeofType1.TestExprSizeofType1" methodname="TestExprSizeofType1" classname="Kaitai.SpecExprSizeofType1" runstate="Runnable" seed="913723359" result="Passed" start-time="2020-07-30 22:53:04Z" end-time="2020-07-30 22:53:04Z" duration="0.000750" asserts="2" />
      </test-suite>
      <test-suite type="TestFixture" id="0-1126" name="SpecExprSizeofValue0" fullname="Kaitai.SpecExprSizeofValue0" classname="Kaitai.SpecExprSizeofValue0" runstate="Runnable" testcasecount="1" result="Passed" start-time="2020-07-30 22:53:04Z" end-time="2020-07-30 22:53:04Z" duration="0.005026" total="1" passed="1" failed="0" inconclusive="0" skipped="0" asserts="5">
        <test-case id="0-1127" name="TestExprSizeofValue0" fullname="Kaitai.SpecExprSizeofValue0.TestExprSizeofValue0" methodname="TestExprSizeofValue0" classname="Kaitai.SpecExprSizeofValue0" runstate="Runnable" seed="129003525" result="Passed" start-time="2020-07-30 22:53:04Z" end-time="2020-07-30 22:53:04Z" duration="0.001441" asserts="5" />
      </test-suite>
      <test-suite type="TestFixture" id="0-1128" name="SpecExprSizeofValueSized" fullname="Kaitai.SpecExprSizeofValueSized" classname="Kaitai.SpecExprSizeofValueSized" runstate="Runnable" testcasecount="1" result="Passed" start-time="2020-07-30 22:53:04Z" end-time="2020-07-30 22:53:04Z" duration="0.005035" total="1" passed="1" failed="0" inconclusive="0" skipped="0" asserts="5">
        <test-case id="0-1129" name="TestExprSizeofValueSized" fullname="Kaitai.SpecExprSizeofValueSized.TestExprSizeofValueSized" methodname="TestExprSizeofValueSized" classname="Kaitai.SpecExprSizeofValueSized" runstate="Runnable" seed="1337744459" result="Passed" start-time="2020-07-30 22:53:04Z" end-time="2020-07-30 22:53:04Z" duration="0.001439" asserts="5" />
      </test-suite>
      <test-suite type="TestFixture" id="0-1130" name="SpecExprStrOps" fullname="Kaitai.SpecExprStrOps" classname="Kaitai.SpecExprStrOps" runstate="Runnable" testcasecount="1" result="Passed" start-time="2020-07-30 22:53:04Z" end-time="2020-07-30 22:53:04Z" duration="0.008988" total="1" passed="1" failed="0" inconclusive="0" skipped="0" asserts="17">
        <test-case id="0-1131" name="TestExprStrOps" fullname="Kaitai.SpecExprStrOps.TestExprStrOps" methodname="TestExprStrOps" classname="Kaitai.SpecExprStrOps" runstate="Runnable" seed="67343041" result="Passed" start-time="2020-07-30 22:53:04Z" end-time="2020-07-30 22:53:04Z" duration="0.005119" asserts="17" />
      </test-suite>
      <test-suite type="TestFixture" id="0-1132" name="SpecFixedContents" fullname="Kaitai.SpecFixedContents" classname="Kaitai.SpecFixedContents" runstate="Runnable" testcasecount="1" result="Passed" start-time="2020-07-30 22:53:04Z" end-time="2020-07-30 22:53:04Z" duration="0.005014" total="1" passed="1" failed="0" inconclusive="0" skipped="0" asserts="0">
        <test-case id="0-1133" name="TestFixedContents" fullname="Kaitai.SpecFixedContents.TestFixedContents" methodname="TestFixedContents" classname="Kaitai.SpecFixedContents" runstate="Runnable" seed="873122041" result="Passed" start-time="2020-07-30 22:53:04Z" end-time="2020-07-30 22:53:04Z" duration="0.001181" asserts="0" />
      </test-suite>
      <test-suite type="TestFixture" id="0-1134" name="SpecFixedStruct" fullname="Kaitai.SpecFixedStruct" classname="Kaitai.SpecFixedStruct" runstate="Runnable" testcasecount="1" result="Passed" start-time="2020-07-30 22:53:04Z" end-time="2020-07-30 22:53:04Z" duration="0.008995" total="1" passed="1" failed="0" inconclusive="0" skipped="0" asserts="20">
        <test-case id="0-1135" name="TestFixedStruct" fullname="Kaitai.SpecFixedStruct.TestFixedStruct" methodname="TestFixedStruct" classname="Kaitai.SpecFixedStruct" runstate="Runnable" seed="733339820" result="Passed" start-time="2020-07-30 22:53:04Z" end-time="2020-07-30 22:53:04Z" duration="0.005638" asserts="20" />
      </test-suite>
      <test-suite type="TestFixture" id="0-1138" name="SpecFloatingPoints" fullname="Kaitai.SpecFloatingPoints" classname="Kaitai.SpecFloatingPoints" runstate="Runnable" testcasecount="1" result="Passed" start-time="2020-07-30 22:53:04Z" end-time="2020-07-30 22:53:04Z" duration="0.005128" total="1" passed="1" failed="0" inconclusive="0" skipped="0" asserts="8">
        <test-case id="0-1139" name="TestFloatingPoints" fullname="Kaitai.SpecFloatingPoints.TestFloatingPoints" methodname="TestFloatingPoints" classname="Kaitai.SpecFloatingPoints" runstate="Runnable" seed="161299673" result="Passed" start-time="2020-07-30 22:53:04Z" end-time="2020-07-30 22:53:04Z" duration="0.001689" asserts="8" />
      </test-suite>
      <test-suite type="TestFixture" id="0-1136" name="SpecFloatToI" fullname="Kaitai.SpecFloatToI" classname="Kaitai.SpecFloatToI" runstate="Runnable" testcasecount="1" result="Passed" start-time="2020-07-30 22:53:04Z" end-time="2020-07-30 22:53:04Z" duration="0.006011" total="1" passed="1" failed="0" inconclusive="0" skipped="0" asserts="8">
        <test-case id="0-1137" name="TestFloatToI" fullname="Kaitai.SpecFloatToI.TestFloatToI" methodname="TestFloatToI" classname="Kaitai.SpecFloatToI" runstate="Runnable" seed="2047639768" result="Passed" start-time="2020-07-30 22:53:04Z" end-time="2020-07-30 22:53:04Z" duration="0.002010" asserts="8" />
      </test-suite>
      <test-suite type="TestFixture" id="0-1140" name="SpecHelloWorld" fullname="Kaitai.SpecHelloWorld" classname="Kaitai.SpecHelloWorld" runstate="Runnable" testcasecount="1" result="Passed" start-time="2020-07-30 22:53:04Z" end-time="2020-07-30 22:53:04Z" duration="0.004035" total="1" passed="1" failed="0" inconclusive="0" skipped="0" asserts="1">
        <test-case id="0-1141" name="TestHelloWorld" fullname="Kaitai.SpecHelloWorld.TestHelloWorld" methodname="TestHelloWorld" classname="Kaitai.SpecHelloWorld" runstate="Runnable" seed="343680603" result="Passed" start-time="2020-07-30 22:53:04Z" end-time="2020-07-30 22:53:04Z" duration="0.000400" asserts="1" />
      </test-suite>
      <test-suite type="TestFixture" id="0-1142" name="SpecIfInstances" fullname="Kaitai.SpecIfInstances" classname="Kaitai.SpecIfInstances" runstate="Runnable" testcasecount="1" result="Passed" start-time="2020-07-30 22:53:04Z" end-time="2020-07-30 22:53:04Z" duration="0.004016" total="1" passed="1" failed="0" inconclusive="0" skipped="0" asserts="1">
        <test-case id="0-1143" name="TestIfInstances" fullname="Kaitai.SpecIfInstances.TestIfInstances" methodname="TestIfInstances" classname="Kaitai.SpecIfInstances" runstate="Runnable" seed="2137283807" result="Passed" start-time="2020-07-30 22:53:04Z" end-time="2020-07-30 22:53:04Z" duration="0.000659" asserts="1" />
      </test-suite>
      <test-suite type="TestFixture" id="0-1144" name="SpecIfStruct" fullname="Kaitai.SpecIfStruct" classname="Kaitai.SpecIfStruct" runstate="Runnable" testcasecount="1" result="Passed" start-time="2020-07-30 22:53:04Z" end-time="2020-07-30 22:53:04Z" duration="0.006065" total="1" passed="1" failed="0" inconclusive="0" skipped="0" asserts="7">
        <test-case id="0-1145" name="TestIfStruct" fullname="Kaitai.SpecIfStruct.TestIfStruct" methodname="TestIfStruct" classname="Kaitai.SpecIfStruct" runstate="Runnable" seed="301477130" result="Passed" start-time="2020-07-30 22:53:04Z" end-time="2020-07-30 22:53:04Z" duration="0.002150" asserts="7" />
      </test-suite>
      <test-suite type="TestFixture" id="0-1146" name="SpecIfValues" fullname="Kaitai.SpecIfValues" classname="Kaitai.SpecIfValues" runstate="Runnable" testcasecount="1" result="Passed" start-time="2020-07-30 22:53:04Z" end-time="2020-07-30 22:53:04Z" duration="0.010030" total="1" passed="1" failed="0" inconclusive="0" skipped="0" asserts="6">
        <test-case id="0-1147" name="TestIfValues" fullname="Kaitai.SpecIfValues.TestIfValues" methodname="TestIfValues" classname="Kaitai.SpecIfValues" runstate="Runnable" seed="2067749262" result="Passed" start-time="2020-07-30 22:53:04Z" end-time="2020-07-30 22:53:04Z" duration="0.001632" asserts="6" />
      </test-suite>
      <test-suite type="TestFixture" id="0-1148" name="SpecImports0" fullname="Kaitai.SpecImports0" classname="Kaitai.SpecImports0" runstate="Runnable" testcasecount="1" result="Passed" start-time="2020-07-30 22:53:04Z" end-time="2020-07-30 22:53:04Z" duration="0.005008" total="1" passed="1" failed="0" inconclusive="0" skipped="0" asserts="3">
        <test-case id="0-1149" name="TestImports0" fullname="Kaitai.SpecImports0.TestImports0" methodname="TestImports0" classname="Kaitai.SpecImports0" runstate="Runnable" seed="1773014849" result="Passed" start-time="2020-07-30 22:53:04Z" end-time="2020-07-30 22:53:04Z" duration="0.000954" asserts="3" />
      </test-suite>
      <test-suite type="TestFixture" id="0-1150" name="SpecImportsAbs" fullname="Kaitai.SpecImportsAbs" classname="Kaitai.SpecImportsAbs" runstate="Runnable" testcasecount="1" result="Passed" start-time="2020-07-30 22:53:04Z" end-time="2020-07-30 22:53:04Z" duration="0.005958" total="1" passed="1" failed="0" inconclusive="0" skipped="0" asserts="2">
        <test-case id="0-1151" name="TestImportsAbs" fullname="Kaitai.SpecImportsAbs.TestImportsAbs" methodname="TestImportsAbs" classname="Kaitai.SpecImportsAbs" runstate="Runnable" seed="27362877" result="Passed" start-time="2020-07-30 22:53:04Z" end-time="2020-07-30 22:53:04Z" duration="0.002604" asserts="2" />
      </test-suite>
      <test-suite type="TestFixture" id="0-1152" name="SpecImportsAbsAbs" fullname="Kaitai.SpecImportsAbsAbs" classname="Kaitai.SpecImportsAbsAbs" runstate="Runnable" testcasecount="1" result="Passed" start-time="2020-07-30 22:53:04Z" end-time="2020-07-30 22:53:04Z" duration="0.005009" total="1" passed="1" failed="0" inconclusive="0" skipped="0" asserts="3">
        <test-case id="0-1153" name="TestImportsAbsAbs" fullname="Kaitai.SpecImportsAbsAbs.TestImportsAbsAbs" methodname="TestImportsAbsAbs" classname="Kaitai.SpecImportsAbsAbs" runstate="Runnable" seed="1948426517" result="Passed" start-time="2020-07-30 22:53:04Z" end-time="2020-07-30 22:53:04Z" duration="0.001511" asserts="3" />
      </test-suite>
      <test-suite type="TestFixture" id="0-1154" name="SpecImportsAbsRel" fullname="Kaitai.SpecImportsAbsRel" classname="Kaitai.SpecImportsAbsRel" runstate="Runnable" testcasecount="1" result="Passed" start-time="2020-07-30 22:53:04Z" end-time="2020-07-30 22:53:04Z" duration="0.005014" total="1" passed="1" failed="0" inconclusive="0" skipped="0" asserts="3">
        <test-case id="0-1155" name="TestImportsAbsRel" fullname="Kaitai.SpecImportsAbsRel.TestImportsAbsRel" methodname="TestImportsAbsRel" classname="Kaitai.SpecImportsAbsRel" runstate="Runnable" seed="1469971241" result="Passed" start-time="2020-07-30 22:53:04Z" end-time="2020-07-30 22:53:04Z" duration="0.001212" asserts="3" />
      </test-suite>
      <test-suite type="TestFixture" id="0-1156" name="SpecImportsCircularA" fullname="Kaitai.SpecImportsCircularA" classname="Kaitai.SpecImportsCircularA" runstate="Runnable" testcasecount="1" result="Passed" start-time="2020-07-30 22:53:04Z" end-time="2020-07-30 22:53:04Z" duration="0.005041" total="1" passed="1" failed="0" inconclusive="0" skipped="0" asserts="5">
        <test-case id="0-1157" name="TestImportsCircularA" fullname="Kaitai.SpecImportsCircularA.TestImportsCircularA" methodname="TestImportsCircularA" classname="Kaitai.SpecImportsCircularA" runstate="Runnable" seed="1840784406" result="Passed" start-time="2020-07-30 22:53:04Z" end-time="2020-07-30 22:53:04Z" duration="0.001396" asserts="5" />
      </test-suite>
      <test-suite type="TestFixture" id="0-1158" name="SpecImportsRel1" fullname="Kaitai.SpecImportsRel1" classname="Kaitai.SpecImportsRel1" runstate="Runnable" testcasecount="1" result="Passed" start-time="2020-07-30 22:53:04Z" end-time="2020-07-30 22:53:04Z" duration="0.005140" total="1" passed="1" failed="0" inconclusive="0" skipped="0" asserts="3">
        <test-case id="0-1159" name="TestImportsRel1" fullname="Kaitai.SpecImportsRel1.TestImportsRel1" methodname="TestImportsRel1" classname="Kaitai.SpecImportsRel1" runstate="Runnable" seed="1678791500" result="Passed" start-time="2020-07-30 22:53:04Z" end-time="2020-07-30 22:53:04Z" duration="0.001541" asserts="3" />
      </test-suite>
      <test-suite type="TestFixture" id="0-1160" name="SpecIndexSizes" fullname="Kaitai.SpecIndexSizes" classname="Kaitai.SpecIndexSizes" runstate="Runnable" testcasecount="1" result="Passed" start-time="2020-07-30 22:53:04Z" end-time="2020-07-30 22:53:04Z" duration="0.005014" total="1" passed="1" failed="0" inconclusive="0" skipped="0" asserts="7">
        <test-case id="0-1161" name="TestIndexSizes" fullname="Kaitai.SpecIndexSizes.TestIndexSizes" methodname="TestIndexSizes" classname="Kaitai.SpecIndexSizes" runstate="Runnable" seed="1101875171" result="Passed" start-time="2020-07-30 22:53:04Z" end-time="2020-07-30 22:53:04Z" duration="0.001698" asserts="7" />
      </test-suite>
      <test-suite type="TestFixture" id="0-1162" name="SpecIndexToParamEos" fullname="Kaitai.SpecIndexToParamEos" classname="Kaitai.SpecIndexToParamEos" runstate="Runnable" testcasecount="1" result="Passed" start-time="2020-07-30 22:53:04Z" end-time="2020-07-30 22:53:04Z" duration="0.006144" total="1" passed="1" failed="0" inconclusive="0" skipped="0" asserts="7">
        <test-case id="0-1163" name="TestIndexToParamEos" fullname="Kaitai.SpecIndexToParamEos.TestIndexToParamEos" methodname="TestIndexToParamEos" classname="Kaitai.SpecIndexToParamEos" runstate="Runnable" seed="1141280062" result="Passed" start-time="2020-07-30 22:53:04Z" end-time="2020-07-30 22:53:04Z" duration="0.002111" asserts="7" />
      </test-suite>
      <test-suite type="TestFixture" id="0-1164" name="SpecIndexToParamExpr" fullname="Kaitai.SpecIndexToParamExpr" classname="Kaitai.SpecIndexToParamExpr" runstate="Runnable" testcasecount="1" result="Passed" start-time="2020-07-30 22:53:04Z" end-time="2020-07-30 22:53:04Z" duration="0.005019" total="1" passed="1" failed="0" inconclusive="0" skipped="0" asserts="7">
        <test-case id="0-1165" name="TestIndexToParamExpr" fullname="Kaitai.SpecIndexToParamExpr.TestIndexToParamExpr" methodname="TestIndexToParamExpr" classname="Kaitai.SpecIndexToParamExpr" runstate="Runnable" seed="1868660061" result="Passed" start-time="2020-07-30 22:53:04Z" end-time="2020-07-30 22:53:04Z" duration="0.001916" asserts="7" />
      </test-suite>
      <test-suite type="TestFixture" id="0-1166" name="SpecIndexToParamUntil" fullname="Kaitai.SpecIndexToParamUntil" classname="Kaitai.SpecIndexToParamUntil" runstate="Runnable" testcasecount="1" result="Passed" start-time="2020-07-30 22:53:04Z" end-time="2020-07-30 22:53:04Z" duration="0.004990" total="1" passed="1" failed="0" inconclusive="0" skipped="0" asserts="7">
        <test-case id="0-1167" name="TestIndexToParamUntil" fullname="Kaitai.SpecIndexToParamUntil.TestIndexToParamUntil" methodname="TestIndexToParamUntil" classname="Kaitai.SpecIndexToParamUntil" runstate="Runnable" seed="414415873" result="Passed" start-time="2020-07-30 22:53:04Z" end-time="2020-07-30 22:53:04Z" duration="0.001934" asserts="7" />
      </test-suite>
      <test-suite type="TestFixture" id="0-1168" name="SpecInstanceIoUser" fullname="Kaitai.SpecInstanceIoUser" classname="Kaitai.SpecInstanceIoUser" runstate="Runnable" testcasecount="1" result="Passed" start-time="2020-07-30 22:53:04Z" end-time="2020-07-30 22:53:04Z" duration="0.006043" total="1" passed="1" failed="0" inconclusive="0" skipped="0" asserts="4">
        <test-case id="0-1169" name="TestInstanceIoUser" fullname="Kaitai.SpecInstanceIoUser.TestInstanceIoUser" methodname="TestInstanceIoUser" classname="Kaitai.SpecInstanceIoUser" runstate="Runnable" seed="1182428202" result="Passed" start-time="2020-07-30 22:53:04Z" end-time="2020-07-30 22:53:04Z" duration="0.002209" asserts="4" />
      </test-suite>
      <test-suite type="TestFixture" id="0-1170" name="SpecInstanceStd" fullname="Kaitai.SpecInstanceStd" classname="Kaitai.SpecInstanceStd" runstate="Runnable" testcasecount="1" result="Passed" start-time="2020-07-30 22:53:04Z" end-time="2020-07-30 22:53:04Z" duration="0.004109" total="1" passed="1" failed="0" inconclusive="0" skipped="0" asserts="1">
        <test-case id="0-1171" name="TestInstanceStd" fullname="Kaitai.SpecInstanceStd.TestInstanceStd" methodname="TestInstanceStd" classname="Kaitai.SpecInstanceStd" runstate="Runnable" seed="954226120" result="Passed" start-time="2020-07-30 22:53:04Z" end-time="2020-07-30 22:53:04Z" duration="0.000788" asserts="1" />
      </test-suite>
      <test-suite type="TestFixture" id="0-1172" name="SpecInstanceStdArray" fullname="Kaitai.SpecInstanceStdArray" classname="Kaitai.SpecInstanceStdArray" runstate="Runnable" testcasecount="1" result="Passed" start-time="2020-07-30 22:53:04Z" end-time="2020-07-30 22:53:04Z" duration="0.005999" total="1" passed="1" failed="0" inconclusive="0" skipped="0" asserts="7">
        <test-case id="0-1173" name="TestInstanceStdArray" fullname="Kaitai.SpecInstanceStdArray.TestInstanceStdArray" methodname="TestInstanceStdArray" classname="Kaitai.SpecInstanceStdArray" runstate="Runnable" seed="1551249114" result="Passed" start-time="2020-07-30 22:53:04Z" end-time="2020-07-30 22:53:04Z" duration="0.002432" asserts="7" />
      </test-suite>
      <test-suite type="TestFixture" id="0-1174" name="SpecInstanceUserArray" fullname="Kaitai.SpecInstanceUserArray" classname="Kaitai.SpecInstanceUserArray" runstate="Runnable" testcasecount="1" result="Passed" start-time="2020-07-30 22:53:04Z" end-time="2020-07-30 22:53:04Z" duration="0.006063" total="1" passed="1" failed="0" inconclusive="0" skipped="0" asserts="10">
        <test-case id="0-1175" name="TestInstanceUserArray" fullname="Kaitai.SpecInstanceUserArray.TestInstanceUserArray" methodname="TestInstanceUserArray" classname="Kaitai.SpecInstanceUserArray" runstate="Runnable" seed="1852588404" result="Passed" start-time="2020-07-30 22:53:04Z" end-time="2020-07-30 22:53:04Z" duration="0.002279" asserts="10" />
      </test-suite>
      <test-suite type="TestFixture" id="0-1176" name="SpecIntegers" fullname="Kaitai.SpecIntegers" classname="Kaitai.SpecIntegers" runstate="Runnable" testcasecount="1" result="Passed" start-time="2020-07-30 22:53:04Z" end-time="2020-07-30 22:53:04Z" duration="0.008019" total="1" passed="1" failed="0" inconclusive="0" skipped="0" asserts="20">
        <test-case id="0-1177" name="TestIntegers" fullname="Kaitai.SpecIntegers.TestIntegers" methodname="TestIntegers" classname="Kaitai.SpecIntegers" runstate="Runnable" seed="1037288161" result="Passed" start-time="2020-07-30 22:53:04Z" end-time="2020-07-30 22:53:04Z" duration="0.004110" asserts="20" />
      </test-suite>
      <test-suite type="TestFixture" id="0-1178" name="SpecIntegersMinMax" fullname="Kaitai.SpecIntegersMinMax" classname="Kaitai.SpecIntegersMinMax" runstate="Runnable" testcasecount="1" result="Passed" start-time="2020-07-30 22:53:04Z" end-time="2020-07-30 22:53:04Z" duration="0.007009" total="1" passed="1" failed="0" inconclusive="0" skipped="0" asserts="28">
        <test-case id="0-1179" name="TestIntegersMinMax" fullname="Kaitai.SpecIntegersMinMax.TestIntegersMinMax" methodname="TestIntegersMinMax" classname="Kaitai.SpecIntegersMinMax" runstate="Runnable" seed="1562115138" result="Passed" start-time="2020-07-30 22:53:04Z" end-time="2020-07-30 22:53:04Z" duration="0.003531" asserts="28" />
      </test-suite>
      <test-suite type="TestFixture" id="0-1180" name="SpecIoLocalVar" fullname="Kaitai.SpecIoLocalVar" classname="Kaitai.SpecIoLocalVar" runstate="Runnable" testcasecount="1" result="Passed" start-time="2020-07-30 22:53:04Z" end-time="2020-07-30 22:53:04Z" duration="0.005016" total="1" passed="1" failed="0" inconclusive="0" skipped="0" asserts="2">
        <test-case id="0-1181" name="TestIoLocalVar" fullname="Kaitai.SpecIoLocalVar.TestIoLocalVar" methodname="TestIoLocalVar" classname="Kaitai.SpecIoLocalVar" runstate="Runnable" seed="1877183493" result="Passed" start-time="2020-07-30 22:53:04Z" end-time="2020-07-30 22:53:04Z" duration="0.001401" asserts="2" />
      </test-suite>
      <test-suite type="TestFixture" id="0-1182" name="SpecJsSignedRightShift" fullname="Kaitai.SpecJsSignedRightShift" classname="Kaitai.SpecJsSignedRightShift" runstate="Runnable" testcasecount="1" result="Passed" start-time="2020-07-30 22:53:04Z" end-time="2020-07-30 22:53:04Z" duration="0.004039" total="1" passed="1" failed="0" inconclusive="0" skipped="0" asserts="2">
        <test-case id="0-1183" name="TestJsSignedRightShift" fullname="Kaitai.SpecJsSignedRightShift.TestJsSignedRightShift" methodname="TestJsSignedRightShift" classname="Kaitai.SpecJsSignedRightShift" runstate="Runnable" seed="264320727" result="Passed" start-time="2020-07-30 22:53:04Z" end-time="2020-07-30 22:53:04Z" duration="0.000846" asserts="2" />
      </test-suite>
      <test-suite type="TestFixture" id="0-1184" name="SpecMetaTags" fullname="Kaitai.SpecMetaTags" classname="Kaitai.SpecMetaTags" runstate="Runnable" testcasecount="1" result="Passed" start-time="2020-07-30 22:53:04Z" end-time="2020-07-30 22:53:04Z" duration="0.004010" total="1" passed="1" failed="0" inconclusive="0" skipped="0" asserts="0">
        <test-case id="0-1185" name="TestMetaTags" fullname="Kaitai.SpecMetaTags.TestMetaTags" methodname="TestMetaTags" classname="Kaitai.SpecMetaTags" runstate="Runnable" seed="1119703992" result="Passed" start-time="2020-07-30 22:53:04Z" end-time="2020-07-30 22:53:04Z" duration="0.000641" asserts="0" />
      </test-suite>
      <test-suite type="TestFixture" id="0-1186" name="SpecMetaXref" fullname="Kaitai.SpecMetaXref" classname="Kaitai.SpecMetaXref" runstate="Runnable" testcasecount="1" result="Passed" start-time="2020-07-30 22:53:04Z" end-time="2020-07-30 22:53:04Z" duration="0.004010" total="1" passed="1" failed="0" inconclusive="0" skipped="0" asserts="0">
        <test-case id="0-1187" name="TestMetaXref" fullname="Kaitai.SpecMetaXref.TestMetaXref" methodname="TestMetaXref" classname="Kaitai.SpecMetaXref" runstate="Runnable" seed="1437292669" result="Passed" start-time="2020-07-30 22:53:04Z" end-time="2020-07-30 22:53:04Z" duration="0.000706" asserts="0" />
      </test-suite>
      <test-suite type="TestFixture" id="0-1188" name="SpecMultipleUse" fullname="Kaitai.SpecMultipleUse" classname="Kaitai.SpecMultipleUse" runstate="Runnable" testcasecount="1" result="Passed" start-time="2020-07-30 22:53:04Z" end-time="2020-07-30 22:53:04Z" duration="0.006998" total="1" passed="1" failed="0" inconclusive="0" skipped="0" asserts="2">
        <test-case id="0-1189" name="TestMultipleUse" fullname="Kaitai.SpecMultipleUse.TestMultipleUse" methodname="TestMultipleUse" classname="Kaitai.SpecMultipleUse" runstate="Runnable" seed="577808764" result="Passed" start-time="2020-07-30 22:53:04Z" end-time="2020-07-30 22:53:04Z" duration="0.002003" asserts="2" />
      </test-suite>
      <test-suite type="TestFixture" id="0-1190" name="SpecNavParent" fullname="Kaitai.SpecNavParent" classname="Kaitai.SpecNavParent" runstate="Runnable" testcasecount="1" result="Passed" start-time="2020-07-30 22:53:04Z" end-time="2020-07-30 22:53:04Z" duration="0.006007" total="1" passed="1" failed="0" inconclusive="0" skipped="0" asserts="5">
        <test-case id="0-1191" name="TestNavParent" fullname="Kaitai.SpecNavParent.TestNavParent" methodname="TestNavParent" classname="Kaitai.SpecNavParent" runstate="Runnable" seed="1558988433" result="Passed" start-time="2020-07-30 22:53:04Z" end-time="2020-07-30 22:53:04Z" duration="0.002514" asserts="5" />
      </test-suite>
      <test-suite type="TestFixture" id="0-1192" name="SpecNavParent2" fullname="Kaitai.SpecNavParent2" classname="Kaitai.SpecNavParent2" runstate="Runnable" testcasecount="1" result="Passed" start-time="2020-07-30 22:53:04Z" end-time="2020-07-30 22:53:04Z" duration="0.005985" total="1" passed="1" failed="0" inconclusive="0" skipped="0" asserts="10">
        <test-case id="0-1193" name="TestNavParent2" fullname="Kaitai.SpecNavParent2.TestNavParent2" methodname="TestNavParent2" classname="Kaitai.SpecNavParent2" runstate="Runnable" seed="573226826" result="Passed" start-time="2020-07-30 22:53:04Z" end-time="2020-07-30 22:53:04Z" duration="0.002706" asserts="10" />
      </test-suite>
      <test-suite type="TestFixture" id="0-1194" name="SpecNavParent3" fullname="Kaitai.SpecNavParent3" classname="Kaitai.SpecNavParent3" runstate="Runnable" testcasecount="1" result="Passed" start-time="2020-07-30 22:53:04Z" end-time="2020-07-30 22:53:04Z" duration="0.005990" total="1" passed="1" failed="0" inconclusive="0" skipped="0" asserts="10">
        <test-case id="0-1195" name="TestNavParent3" fullname="Kaitai.SpecNavParent3.TestNavParent3" methodname="TestNavParent3" classname="Kaitai.SpecNavParent3" runstate="Runnable" seed="256451061" result="Passed" start-time="2020-07-30 22:53:04Z" end-time="2020-07-30 22:53:04Z" duration="0.002912" asserts="10" />
      </test-suite>
      <test-suite type="TestFixture" id="0-1196" name="SpecNavParentFalse" fullname="Kaitai.SpecNavParentFalse" classname="Kaitai.SpecNavParentFalse" runstate="Runnable" testcasecount="1" result="Passed" start-time="2020-07-30 22:53:04Z" end-time="2020-07-30 22:53:04Z" duration="0.005367" total="1" passed="1" failed="0" inconclusive="0" skipped="0" asserts="5">
        <test-case id="0-1197" name="TestNavParentFalse" fullname="Kaitai.SpecNavParentFalse.TestNavParentFalse" methodname="TestNavParentFalse" classname="Kaitai.SpecNavParentFalse" runstate="Runnable" seed="1330996304" result="Passed" start-time="2020-07-30 22:53:04Z" end-time="2020-07-30 22:53:04Z" duration="0.002037" asserts="5" />
      </test-suite>
      <test-suite type="TestFixture" id="0-1198" name="SpecNavParentFalse2" fullname="Kaitai.SpecNavParentFalse2" classname="Kaitai.SpecNavParentFalse2" runstate="Runnable" testcasecount="1" result="Passed" start-time="2020-07-30 22:53:04Z" end-time="2020-07-30 22:53:04Z" duration="0.005020" total="1" passed="1" failed="0" inconclusive="0" skipped="0" asserts="1">
        <test-case id="0-1199" name="TestNavParentFalse2" fullname="Kaitai.SpecNavParentFalse2.TestNavParentFalse2" methodname="TestNavParentFalse2" classname="Kaitai.SpecNavParentFalse2" runstate="Runnable" seed="432021937" result="Passed" start-time="2020-07-30 22:53:04Z" end-time="2020-07-30 22:53:04Z" duration="0.000993" asserts="1" />
      </test-suite>
      <test-suite type="TestFixture" id="0-1200" name="SpecNavParentOverride" fullname="Kaitai.SpecNavParentOverride" classname="Kaitai.SpecNavParentOverride" runstate="Runnable" testcasecount="1" result="Passed" start-time="2020-07-30 22:53:04Z" end-time="2020-07-30 22:53:04Z" duration="0.005026" total="1" passed="1" failed="0" inconclusive="0" skipped="0" asserts="3">
        <test-case id="0-1201" name="TestNavParentOverride" fullname="Kaitai.SpecNavParentOverride.TestNavParentOverride" methodname="TestNavParentOverride" classname="Kaitai.SpecNavParentOverride" runstate="Runnable" seed="849963700" result="Passed" start-time="2020-07-30 22:53:04Z" end-time="2020-07-30 22:53:04Z" duration="0.001624" asserts="3" />
      </test-suite>
      <test-suite type="TestFixture" id="0-1202" name="SpecNavParentSwitch" fullname="Kaitai.SpecNavParentSwitch" classname="Kaitai.SpecNavParentSwitch" runstate="Runnable" testcasecount="1" result="Passed" start-time="2020-07-30 22:53:04Z" end-time="2020-07-30 22:53:04Z" duration="0.005032" total="1" passed="1" failed="0" inconclusive="0" skipped="0" asserts="3">
        <test-case id="0-1203" name="TestNavParentSwitch" fullname="Kaitai.SpecNavParentSwitch.TestNavParentSwitch" methodname="TestNavParentSwitch" classname="Kaitai.SpecNavParentSwitch" runstate="Runnable" seed="825552288" result="Passed" start-time="2020-07-30 22:53:04Z" end-time="2020-07-30 22:53:04Z" duration="0.001611" asserts="3" />
      </test-suite>
      <test-suite type="TestFixture" id="0-1204" name="SpecNavParentVsValueInst" fullname="Kaitai.SpecNavParentVsValueInst" classname="Kaitai.SpecNavParentVsValueInst" runstate="Runnable" testcasecount="1" result="Passed" start-time="2020-07-30 22:53:04Z" end-time="2020-07-30 22:53:04Z" duration="0.003987" total="1" passed="1" failed="0" inconclusive="0" skipped="0" asserts="1">
        <test-case id="0-1205" name="TestNavParentVsValueInst" fullname="Kaitai.SpecNavParentVsValueInst.TestNavParentVsValueInst" methodname="TestNavParentVsValueInst" classname="Kaitai.SpecNavParentVsValueInst" runstate="Runnable" seed="625576576" result="Passed" start-time="2020-07-30 22:53:04Z" end-time="2020-07-30 22:53:04Z" duration="0.000916" asserts="1" />
      </test-suite>
      <test-suite type="TestFixture" id="0-1206" name="SpecNavRoot" fullname="Kaitai.SpecNavRoot" classname="Kaitai.SpecNavRoot" runstate="Runnable" testcasecount="1" result="Passed" start-time="2020-07-30 22:53:04Z" end-time="2020-07-30 22:53:04Z" duration="0.005991" total="1" passed="1" failed="0" inconclusive="0" skipped="0" asserts="5">
        <test-case id="0-1207" name="TestNavRoot" fullname="Kaitai.SpecNavRoot.TestNavRoot" methodname="TestNavRoot" classname="Kaitai.SpecNavRoot" runstate="Runnable" seed="140725915" result="Passed" start-time="2020-07-30 22:53:04Z" end-time="2020-07-30 22:53:04Z" duration="0.002306" asserts="5" />
      </test-suite>
      <test-suite type="TestFixture" id="0-1208" name="SpecNestedSameName" fullname="Kaitai.SpecNestedSameName" classname="Kaitai.SpecNestedSameName" runstate="Runnable" testcasecount="1" result="Passed" start-time="2020-07-30 22:53:04Z" end-time="2020-07-30 22:53:04Z" duration="0.005021" total="1" passed="1" failed="0" inconclusive="0" skipped="0" asserts="2">
        <test-case id="0-1209" name="TestNestedSameName" fullname="Kaitai.SpecNestedSameName.TestNestedSameName" methodname="TestNestedSameName" classname="Kaitai.SpecNestedSameName" runstate="Runnable" seed="203494595" result="Passed" start-time="2020-07-30 22:53:04Z" end-time="2020-07-30 22:53:04Z" duration="0.001696" asserts="2" />
      </test-suite>
      <test-suite type="TestFixture" id="0-1210" name="SpecNestedSameName2" fullname="Kaitai.SpecNestedSameName2" classname="Kaitai.SpecNestedSameName2" runstate="Runnable" testcasecount="1" result="Passed" start-time="2020-07-30 22:53:04Z" end-time="2020-07-30 22:53:04Z" duration="0.005988" total="1" passed="1" failed="0" inconclusive="0" skipped="0" asserts="5">
        <test-case id="0-1211" name="TestNestedSameName2" fullname="Kaitai.SpecNestedSameName2.TestNestedSameName2" methodname="TestNestedSameName2" classname="Kaitai.SpecNestedSameName2" runstate="Runnable" seed="1081082780" result="Passed" start-time="2020-07-30 22:53:04Z" end-time="2020-07-30 22:53:04Z" duration="0.002360" asserts="5" />
      </test-suite>
      <test-suite type="TestFixture" id="0-1212" name="SpecNestedTypeParam" fullname="Kaitai.SpecNestedTypeParam" classname="Kaitai.SpecNestedTypeParam" runstate="Runnable" testcasecount="1" result="Passed" start-time="2020-07-30 22:53:04Z" end-time="2020-07-30 22:53:04Z" duration="0.004973" total="1" passed="1" failed="0" inconclusive="0" skipped="0" asserts="2">
        <test-case id="0-1213" name="TestNestedTypeParam" fullname="Kaitai.SpecNestedTypeParam.TestNestedTypeParam" methodname="TestNestedTypeParam" classname="Kaitai.SpecNestedTypeParam" runstate="Runnable" seed="1588519707" result="Passed" start-time="2020-07-30 22:53:04Z" end-time="2020-07-30 22:53:04Z" duration="0.001036" asserts="2" />
      </test-suite>
      <test-suite type="TestFixture" id="0-1214" name="SpecNestedTypes" fullname="Kaitai.SpecNestedTypes" classname="Kaitai.SpecNestedTypes" runstate="Runnable" testcasecount="1" result="Passed" start-time="2020-07-30 22:53:04Z" end-time="2020-07-30 22:53:04Z" duration="0.004851" total="1" passed="1" failed="0" inconclusive="0" skipped="0" asserts="3">
        <test-case id="0-1215" name="TestNestedTypes" fullname="Kaitai.SpecNestedTypes.TestNestedTypes" methodname="TestNestedTypes" classname="Kaitai.SpecNestedTypes" runstate="Runnable" seed="181370556" result="Passed" start-time="2020-07-30 22:53:04Z" end-time="2020-07-30 22:53:04Z" duration="0.001548" asserts="3" />
      </test-suite>
      <test-suite type="TestFixture" id="0-1216" name="SpecNestedTypes2" fullname="Kaitai.SpecNestedTypes2" classname="Kaitai.SpecNestedTypes2" runstate="Runnable" testcasecount="1" result="Passed" start-time="2020-07-30 22:53:04Z" end-time="2020-07-30 22:53:04Z" duration="0.005987" total="1" passed="1" failed="0" inconclusive="0" skipped="0" asserts="7">
[...]
        <test-case id="0-1351" name="TestSwitchRepeatExpr" fullname="Kaitai.SpecSwitchRepeatExpr.TestSwitchRepeatExpr" methodname="TestSwitchRepeatExpr" classname="Kaitai.SpecSwitchRepeatExpr" runstate="Runnable" seed="1276675890" result="Passed" start-time="2020-07-30 22:53:05Z" end-time="2020-07-30 22:53:05Z" duration="0.002851" asserts="3" />
      </test-suite>
      <test-suite type="TestFixture" id="0-1352" name="SpecSwitchRepeatExprInvalid" fullname="Kaitai.SpecSwitchRepeatExprInvalid" classname="Kaitai.SpecSwitchRepeatExprInvalid" runstate="Runnable" testcasecount="1" result="Passed" start-time="2020-07-30 22:53:05Z" end-time="2020-07-30 22:53:05Z" duration="0.006022" total="1" passed="1" failed="0" inconclusive="0" skipped="0" asserts="3">
        <test-case id="0-1353" name="TestSwitchRepeatExprInvalid" fullname="Kaitai.SpecSwitchRepeatExprInvalid.TestSwitchRepeatExprInvalid" methodname="TestSwitchRepeatExprInvalid" classname="Kaitai.SpecSwitchRepeatExprInvalid" runstate="Runnable" seed="1220372386" result="Passed" start-time="2020-07-30 22:53:05Z" end-time="2020-07-30 22:53:05Z" duration="0.002090" asserts="3" />
      </test-suite>
      <test-suite type="TestFixture" id="0-1354" name="SpecTermBytes" fullname="Kaitai.SpecTermBytes" classname="Kaitai.SpecTermBytes" runstate="Runnable" testcasecount="1" result="Passed" start-time="2020-07-30 22:53:05Z" end-time="2020-07-30 22:53:05Z" duration="0.005011" total="1" passed="1" failed="0" inconclusive="0" skipped="0" asserts="3">
        <test-case id="0-1355" name="TestTermBytes" fullname="Kaitai.SpecTermBytes.TestTermBytes" methodname="TestTermBytes" classname="Kaitai.SpecTermBytes" runstate="Runnable" seed="1299413602" result="Passed" start-time="2020-07-30 22:53:05Z" end-time="2020-07-30 22:53:05Z" duration="0.001437" asserts="3" />
      </test-suite>
      <test-suite type="TestFixture" id="0-1356" name="SpecTermStrz" fullname="Kaitai.SpecTermStrz" classname="Kaitai.SpecTermStrz" runstate="Runnable" testcasecount="1" result="Passed" start-time="2020-07-30 22:53:05Z" end-time="2020-07-30 22:53:05Z" duration="0.003953" total="1" passed="1" failed="0" inconclusive="0" skipped="0" asserts="3">
        <test-case id="0-1357" name="TestTermStrz" fullname="Kaitai.SpecTermStrz.TestTermStrz" methodname="TestTermStrz" classname="Kaitai.SpecTermStrz" runstate="Runnable" seed="606440269" result="Passed" start-time="2020-07-30 22:53:05Z" end-time="2020-07-30 22:53:05Z" duration="0.000554" asserts="3" />
      </test-suite>
      <test-suite type="TestFixture" id="0-1358" name="SpecTsPacketHeader" fullname="Kaitai.SpecTsPacketHeader" classname="Kaitai.SpecTsPacketHeader" runstate="Runnable" testcasecount="1" result="Passed" start-time="2020-07-30 22:53:05Z" end-time="2020-07-30 22:53:05Z" duration="0.006010" total="1" passed="1" failed="0" inconclusive="0" skipped="0" asserts="7">
        <test-case id="0-1359" name="TestTsPacketHeader" fullname="Kaitai.SpecTsPacketHeader.TestTsPacketHeader" methodname="TestTsPacketHeader" classname="Kaitai.SpecTsPacketHeader" runstate="Runnable" seed="1783854055" result="Passed" start-time="2020-07-30 22:53:05Z" end-time="2020-07-30 22:53:05Z" duration="0.002345" asserts="7" />
      </test-suite>
      <test-suite type="TestFixture" id="0-1360" name="SpecTypeIntUnaryOp" fullname="Kaitai.SpecTypeIntUnaryOp" classname="Kaitai.SpecTypeIntUnaryOp" runstate="Runnable" testcasecount="1" result="Passed" start-time="2020-07-30 22:53:05Z" end-time="2020-07-30 22:53:05Z" duration="0.004726" total="1" passed="1" failed="0" inconclusive="0" skipped="0" asserts="4">
        <test-case id="0-1361" name="TestTypeIntUnaryOp" fullname="Kaitai.SpecTypeIntUnaryOp.TestTypeIntUnaryOp" methodname="TestTypeIntUnaryOp" classname="Kaitai.SpecTypeIntUnaryOp" runstate="Runnable" seed="69685490" result="Passed" start-time="2020-07-30 22:53:05Z" end-time="2020-07-30 22:53:05Z" duration="0.001599" asserts="4" />
      </test-suite>
      <test-suite type="TestFixture" id="0-1362" name="SpecTypeTernary" fullname="Kaitai.SpecTypeTernary" classname="Kaitai.SpecTypeTernary" runstate="Runnable" testcasecount="1" result="Passed" start-time="2020-07-30 22:53:05Z" end-time="2020-07-30 22:53:05Z" duration="0.005006" total="1" passed="1" failed="0" inconclusive="0" skipped="0" asserts="1">
        <test-case id="0-1363" name="TestTypeTernary" fullname="Kaitai.SpecTypeTernary.TestTypeTernary" methodname="TestTypeTernary" classname="Kaitai.SpecTypeTernary" runstate="Runnable" seed="1489662463" result="Passed" start-time="2020-07-30 22:53:05Z" end-time="2020-07-30 22:53:05Z" duration="0.001350" asserts="1" />
      </test-suite>
      <test-suite type="TestFixture" id="0-1364" name="SpecTypeTernary2ndFalsy" fullname="Kaitai.SpecTypeTernary2ndFalsy" classname="Kaitai.SpecTypeTernary2ndFalsy" runstate="Runnable" testcasecount="1" result="Passed" start-time="2020-07-30 22:53:05Z" end-time="2020-07-30 22:53:05Z" duration="0.007063" total="1" passed="1" failed="0" inconclusive="0" skipped="0" asserts="13">
        <test-case id="0-1365" name="TestTypeTernary2ndFalsy" fullname="Kaitai.SpecTypeTernary2ndFalsy.TestTypeTernary2ndFalsy" methodname="TestTypeTernary2ndFalsy" classname="Kaitai.SpecTypeTernary2ndFalsy" runstate="Runnable" seed="849753930" result="Passed" start-time="2020-07-30 22:53:05Z" end-time="2020-07-30 22:53:05Z" duration="0.003135" asserts="13" />
      </test-suite>
      <test-suite type="TestFixture" id="0-1366" name="SpecTypeTernaryOpaque" fullname="Kaitai.SpecTypeTernaryOpaque" classname="Kaitai.SpecTypeTernaryOpaque" runstate="Runnable" testcasecount="1" result="Passed" start-time="2020-07-30 22:53:05Z" end-time="2020-07-30 22:53:05Z" duration="0.004279" total="1" passed="1" failed="0" inconclusive="0" skipped="0" asserts="3">
        <test-case id="0-1367" name="TestTypeTernaryOpaque" fullname="Kaitai.SpecTypeTernaryOpaque.TestTypeTernaryOpaque" methodname="TestTypeTernaryOpaque" classname="Kaitai.SpecTypeTernaryOpaque" runstate="Runnable" seed="1101579453" result="Passed" start-time="2020-07-30 22:53:05Z" end-time="2020-07-30 22:53:05Z" duration="0.001197" asserts="3" />
      </test-suite>
      <test-suite type="TestFixture" id="0-1368" name="SpecUserType" fullname="Kaitai.SpecUserType" classname="Kaitai.SpecUserType" runstate="Runnable" testcasecount="1" result="Passed" start-time="2020-07-30 22:53:05Z" end-time="2020-07-30 22:53:05Z" duration="0.006022" total="1" passed="1" failed="0" inconclusive="0" skipped="0" asserts="2">
        <test-case id="0-1369" name="TestUserType" fullname="Kaitai.SpecUserType.TestUserType" methodname="TestUserType" classname="Kaitai.SpecUserType" runstate="Runnable" seed="2094524702" result="Passed" start-time="2020-07-30 22:53:05Z" end-time="2020-07-30 22:53:05Z" duration="0.002302" asserts="2" />
      </test-suite>
      <test-suite type="TestFixture" id="0-1370" name="SpecValidFailAnyofInt" fullname="Kaitai.SpecValidFailAnyofInt" classname="Kaitai.SpecValidFailAnyofInt" runstate="Runnable" testcasecount="1" result="Passed" start-time="2020-07-30 22:53:05Z" end-time="2020-07-30 22:53:05Z" duration="0.006803" total="1" passed="1" failed="0" inconclusive="0" skipped="0" asserts="1">
        <test-case id="0-1371" name="TestValidFailAnyofInt" fullname="Kaitai.SpecValidFailAnyofInt.TestValidFailAnyofInt" methodname="TestValidFailAnyofInt" classname="Kaitai.SpecValidFailAnyofInt" runstate="Runnable" seed="1027479618" result="Passed" start-time="2020-07-30 22:53:05Z" end-time="2020-07-30 22:53:05Z" duration="0.001943" asserts="1" />
      </test-suite>
      <test-suite type="TestFixture" id="0-1372" name="SpecValidFailContents" fullname="Kaitai.SpecValidFailContents" classname="Kaitai.SpecValidFailContents" runstate="Runnable" testcasecount="1" result="Passed" start-time="2020-07-30 22:53:05Z" end-time="2020-07-30 22:53:05Z" duration="0.005987" total="1" passed="1" failed="0" inconclusive="0" skipped="0" asserts="1">
        <test-case id="0-1373" name="TestValidFailContents" fullname="Kaitai.SpecValidFailContents.TestValidFailContents" methodname="TestValidFailContents" classname="Kaitai.SpecValidFailContents" runstate="Runnable" seed="1270851607" result="Passed" start-time="2020-07-30 22:53:05Z" end-time="2020-07-30 22:53:05Z" duration="0.002301" asserts="1" />
      </test-suite>
      <test-suite type="TestFixture" id="0-1374" name="SpecValidFailEqBytes" fullname="Kaitai.SpecValidFailEqBytes" classname="Kaitai.SpecValidFailEqBytes" runstate="Runnable" testcasecount="1" result="Passed" start-time="2020-07-30 22:53:05Z" end-time="2020-07-30 22:53:05Z" duration="0.005018" total="1" passed="1" failed="0" inconclusive="0" skipped="0" asserts="1">
        <test-case id="0-1375" name="TestValidFailEqBytes" fullname="Kaitai.SpecValidFailEqBytes.TestValidFailEqBytes" methodname="TestValidFailEqBytes" classname="Kaitai.SpecValidFailEqBytes" runstate="Runnable" seed="854225169" result="Passed" start-time="2020-07-30 22:53:05Z" end-time="2020-07-30 22:53:05Z" duration="0.001615" asserts="1" />
      </test-suite>
      <test-suite type="TestFixture" id="0-1376" name="SpecValidFailEqInt" fullname="Kaitai.SpecValidFailEqInt" classname="Kaitai.SpecValidFailEqInt" runstate="Runnable" testcasecount="1" result="Passed" start-time="2020-07-30 22:53:05Z" end-time="2020-07-30 22:53:05Z" duration="0.005032" total="1" passed="1" failed="0" inconclusive="0" skipped="0" asserts="1">
        <test-case id="0-1377" name="TestValidFailEqInt" fullname="Kaitai.SpecValidFailEqInt.TestValidFailEqInt" methodname="TestValidFailEqInt" classname="Kaitai.SpecValidFailEqInt" runstate="Runnable" seed="1032347029" result="Passed" start-time="2020-07-30 22:53:05Z" end-time="2020-07-30 22:53:05Z" duration="0.001235" asserts="1" />
      </test-suite>
      <test-suite type="TestFixture" id="0-1378" name="SpecValidFailExpr" fullname="Kaitai.SpecValidFailExpr" classname="Kaitai.SpecValidFailExpr" runstate="Runnable" testcasecount="1" result="Passed" start-time="2020-07-30 22:53:05Z" end-time="2020-07-30 22:53:05Z" duration="0.004993" total="1" passed="1" failed="0" inconclusive="0" skipped="0" asserts="1">
        <test-case id="0-1379" name="TestValidFailExpr" fullname="Kaitai.SpecValidFailExpr.TestValidFailExpr" methodname="TestValidFailExpr" classname="Kaitai.SpecValidFailExpr" runstate="Runnable" seed="1742625340" result="Passed" start-time="2020-07-30 22:53:05Z" end-time="2020-07-30 22:53:05Z" duration="0.001521" asserts="1" />
      </test-suite>
      <test-suite type="TestFixture" id="0-1380" name="SpecValidFailInst" fullname="Kaitai.SpecValidFailInst" classname="Kaitai.SpecValidFailInst" runstate="Runnable" testcasecount="1" result="Passed" start-time="2020-07-30 22:53:05Z" end-time="2020-07-30 22:53:05Z" duration="0.004991" total="1" passed="1" failed="0" inconclusive="0" skipped="0" asserts="1">
        <test-case id="0-1381" name="TestValidFailInst" fullname="Kaitai.SpecValidFailInst.TestValidFailInst" methodname="TestValidFailInst" classname="Kaitai.SpecValidFailInst" runstate="Runnable" seed="127037862" result="Passed" start-time="2020-07-30 22:53:05Z" end-time="2020-07-30 22:53:05Z" duration="0.001311" asserts="1" />
      </test-suite>
      <test-suite type="TestFixture" id="0-1382" name="SpecValidFailMaxInt" fullname="Kaitai.SpecValidFailMaxInt" classname="Kaitai.SpecValidFailMaxInt" runstate="Runnable" testcasecount="1" result="Passed" start-time="2020-07-30 22:53:05Z" end-time="2020-07-30 22:53:05Z" duration="0.005012" total="1" passed="1" failed="0" inconclusive="0" skipped="0" asserts="1">
        <test-case id="0-1383" name="TestValidFailMaxInt" fullname="Kaitai.SpecValidFailMaxInt.TestValidFailMaxInt" methodname="TestValidFailMaxInt" classname="Kaitai.SpecValidFailMaxInt" runstate="Runnable" seed="1924255384" result="Passed" start-time="2020-07-30 22:53:05Z" end-time="2020-07-30 22:53:05Z" duration="0.001424" asserts="1" />
      </test-suite>
      <test-suite type="TestFixture" id="0-1384" name="SpecValidFailMinInt" fullname="Kaitai.SpecValidFailMinInt" classname="Kaitai.SpecValidFailMinInt" runstate="Runnable" testcasecount="1" result="Passed" start-time="2020-07-30 22:53:05Z" end-time="2020-07-30 22:53:05Z" duration="0.005019" total="1" passed="1" failed="0" inconclusive="0" skipped="0" asserts="1">
        <test-case id="0-1385" name="TestValidFailMinInt" fullname="Kaitai.SpecValidFailMinInt.TestValidFailMinInt" methodname="TestValidFailMinInt" classname="Kaitai.SpecValidFailMinInt" runstate="Runnable" seed="1831084751" result="Passed" start-time="2020-07-30 22:53:05Z" end-time="2020-07-30 22:53:05Z" duration="0.001396" asserts="1" />
      </test-suite>
      <test-suite type="TestFixture" id="0-1386" name="SpecValidFailRangeBytes" fullname="Kaitai.SpecValidFailRangeBytes" classname="Kaitai.SpecValidFailRangeBytes" runstate="Runnable" testcasecount="1" result="Passed" start-time="2020-07-30 22:53:05Z" end-time="2020-07-30 22:53:05Z" duration="0.005029" total="1" passed="1" failed="0" inconclusive="0" skipped="0" asserts="1">
        <test-case id="0-1387" name="TestValidFailRangeBytes" fullname="Kaitai.SpecValidFailRangeBytes.TestValidFailRangeBytes" methodname="TestValidFailRangeBytes" classname="Kaitai.SpecValidFailRangeBytes" runstate="Runnable" seed="70891796" result="Passed" start-time="2020-07-30 22:53:05Z" end-time="2020-07-30 22:53:05Z" duration="0.001459" asserts="1" />
      </test-suite>
      <test-suite type="TestFixture" id="0-1388" name="SpecValidFailRangeFloat" fullname="Kaitai.SpecValidFailRangeFloat" classname="Kaitai.SpecValidFailRangeFloat" runstate="Runnable" testcasecount="1" result="Passed" start-time="2020-07-30 22:53:05Z" end-time="2020-07-30 22:53:05Z" duration="0.005034" total="1" passed="1" failed="0" inconclusive="0" skipped="0" asserts="1">
        <test-case id="0-1389" name="TestValidFailRangeFloat" fullname="Kaitai.SpecValidFailRangeFloat.TestValidFailRangeFloat" methodname="TestValidFailRangeFloat" classname="Kaitai.SpecValidFailRangeFloat" runstate="Runnable" seed="506826778" result="Passed" start-time="2020-07-30 22:53:05Z" end-time="2020-07-30 22:53:05Z" duration="0.001325" asserts="1" />
      </test-suite>
      <test-suite type="TestFixture" id="0-1390" name="SpecValidFailRangeInt" fullname="Kaitai.SpecValidFailRangeInt" classname="Kaitai.SpecValidFailRangeInt" runstate="Runnable" testcasecount="1" result="Passed" start-time="2020-07-30 22:53:05Z" end-time="2020-07-30 22:53:05Z" duration="0.005007" total="1" passed="1" failed="0" inconclusive="0" skipped="0" asserts="1">
        <test-case id="0-1391" name="TestValidFailRangeInt" fullname="Kaitai.SpecValidFailRangeInt.TestValidFailRangeInt" methodname="TestValidFailRangeInt" classname="Kaitai.SpecValidFailRangeInt" runstate="Runnable" seed="1423792351" result="Passed" start-time="2020-07-30 22:53:05Z" end-time="2020-07-30 22:53:05Z" duration="0.001171" asserts="1" />
      </test-suite>
      <test-suite type="TestFixture" id="0-1392" name="SpecValidFailRangeStr" fullname="Kaitai.SpecValidFailRangeStr" classname="Kaitai.SpecValidFailRangeStr" runstate="Runnable" testcasecount="1" result="Passed" start-time="2020-07-30 22:53:05Z" end-time="2020-07-30 22:53:05Z" duration="0.004933" total="1" passed="1" failed="0" inconclusive="0" skipped="0" asserts="1">
        <test-case id="0-1393" name="TestValidFailRangeStr" fullname="Kaitai.SpecValidFailRangeStr.TestValidFailRangeStr" methodname="TestValidFailRangeStr" classname="Kaitai.SpecValidFailRangeStr" runstate="Runnable" seed="72656727" result="Passed" start-time="2020-07-30 22:53:05Z" end-time="2020-07-30 22:53:05Z" duration="0.001280" asserts="1" />
      </test-suite>
      <test-suite type="TestFixture" id="0-1394" name="SpecValidLong" fullname="Kaitai.SpecValidLong" classname="Kaitai.SpecValidLong" runstate="Runnable" testcasecount="1" result="Passed" start-time="2020-07-30 22:53:05Z" end-time="2020-07-30 22:53:05Z" duration="0.006126" total="1" passed="1" failed="0" inconclusive="0" skipped="0" asserts="0">
        <test-case id="0-1395" name="TestValidLong" fullname="Kaitai.SpecValidLong.TestValidLong" methodname="TestValidLong" classname="Kaitai.SpecValidLong" runstate="Runnable" seed="918805378" result="Passed" start-time="2020-07-30 22:53:05Z" end-time="2020-07-30 22:53:05Z" duration="0.002492" asserts="0" />
      </test-suite>
      <test-suite type="TestFixture" id="0-1396" name="SpecValidNotParsedIf" fullname="Kaitai.SpecValidNotParsedIf" classname="Kaitai.SpecValidNotParsedIf" runstate="Runnable" testcasecount="1" result="Passed" start-time="2020-07-30 22:53:05Z" end-time="2020-07-30 22:53:05Z" duration="0.006191" total="1" passed="1" failed="0" inconclusive="0" skipped="0" asserts="0">
        <test-case id="0-1397" name="TestValidNotParsedIf" fullname="Kaitai.SpecValidNotParsedIf.TestValidNotParsedIf" methodname="TestValidNotParsedIf" classname="Kaitai.SpecValidNotParsedIf" runstate="Runnable" seed="440603746" result="Passed" start-time="2020-07-30 22:53:05Z" end-time="2020-07-30 22:53:05Z" duration="0.001999" asserts="0" />
      </test-suite>
      <test-suite type="TestFixture" id="0-1398" name="SpecValidShort" fullname="Kaitai.SpecValidShort" classname="Kaitai.SpecValidShort" runstate="Runnable" testcasecount="1" result="Passed" start-time="2020-07-30 22:53:05Z" end-time="2020-07-30 22:53:05Z" duration="0.005915" total="1" passed="1" failed="0" inconclusive="0" skipped="0" asserts="0">
        <test-case id="0-1399" name="TestValidShort" fullname="Kaitai.SpecValidShort.TestValidShort" methodname="TestValidShort" classname="Kaitai.SpecValidShort" runstate="Runnable" seed="1696359764" result="Passed" start-time="2020-07-30 22:53:05Z" end-time="2020-07-30 22:53:05Z" duration="0.002912" asserts="0" />
      </test-suite>
      <test-suite type="TestFixture" id="0-1400" name="SpecValidSwitch" fullname="Kaitai.SpecValidSwitch" classname="Kaitai.SpecValidSwitch" runstate="Runnable" testcasecount="1" result="Passed" start-time="2020-07-30 22:53:05Z" end-time="2020-07-30 22:53:05Z" duration="0.004996" total="1" passed="1" failed="0" inconclusive="0" skipped="0" asserts="0">
        <test-case id="0-1401" name="TestValidSwitch" fullname="Kaitai.SpecValidSwitch.TestValidSwitch" methodname="TestValidSwitch" classname="Kaitai.SpecValidSwitch" runstate="Runnable" seed="1574180553" result="Passed" start-time="2020-07-30 22:53:05Z" end-time="2020-07-30 22:53:05Z" duration="0.000987" asserts="0" />
      </test-suite>
      <test-suite type="TestFixture" id="0-1402" name="SpecZlibSurrounded" fullname="Kaitai.SpecZlibSurrounded" classname="Kaitai.SpecZlibSurrounded" runstate="Runnable" testcasecount="1" result="Passed" start-time="2020-07-30 22:53:05Z" end-time="2020-07-30 22:53:05Z" duration="0.025829" total="1" passed="1" failed="0" inconclusive="0" skipped="0" asserts="1">
        <test-case id="0-1403" name="TestZlibSurrounded" fullname="Kaitai.SpecZlibSurrounded.TestZlibSurrounded" methodname="TestZlibSurrounded" classname="Kaitai.SpecZlibSurrounded" runstate="Runnable" seed="1353314910" result="Passed" start-time="2020-07-30 22:53:05Z" end-time="2020-07-30 22:53:05Z" duration="0.022492" asserts="1" />
      </test-suite>
      <test-suite type="TestFixture" id="0-1404" name="SpecZlibWithHeader78" fullname="Kaitai.SpecZlibWithHeader78" classname="Kaitai.SpecZlibWithHeader78" runstate="Runnable" testcasecount="1" result="Passed" start-time="2020-07-30 22:53:05Z" end-time="2020-07-30 22:53:05Z" duration="0.003992" total="1" passed="1" failed="0" inconclusive="0" skipped="0" asserts="1">
        <test-case id="0-1405" name="TestZlibWithHeader78" fullname="Kaitai.SpecZlibWithHeader78.TestZlibWithHeader78" methodname="TestZlibWithHeader78" classname="Kaitai.SpecZlibWithHeader78" runstate="Runnable" seed="488554830" result="Passed" start-time="2020-07-30 22:53:05Z" end-time="2020-07-30 22:53:05Z" duration="0.000763" asserts="1" />
      </test-suite>
    </test-suite>
  </test-suite>
</test-run>