<?xml version="1.0" encoding="utf-8" standalone="no"?>
<test-run id="0" runstate="Runnable" testcasecount="255" result="Failed" total="255" passed="254" failed="1" warnings="0" inconclusive="0" skipped="0" asserts="1140" engine-version="3.19.0.0" clr-version="4.0.30319.42000" start-time="2026-01-27 23:47:41Z" end-time="2026-01-27 23:47:43Z" duration="1.671096">
  <command-line><![CDATA[C:\Users\runneradmin\.nuget\packages\nunit.consolerunner\3.19.0\tools\nunit3-console.exe --result=test_out/csharp/TestResult.xml spec/csharp/kaitai_struct_csharp_tests_netframework/bin/Debug/kaitai_struct_csharp_tests.dll]]></command-line>
  <test-suite type="Assembly" id="1-1510" name="kaitai_struct_csharp_tests.dll" fullname="D:\a\ci_targets\ci_targets\tests\spec\csharp\kaitai_struct_csharp_tests_netframework\bin\Debug\kaitai_struct_csharp_tests.dll" runstate="Runnable" testcasecount="255" result="Failed" site="Child" start-time="2026-01-27T23:47:42.4125437Z" end-time="2026-01-27T23:47:42.9922498Z" duration="0.580437" total="255" passed="254" failed="1" warnings="0" inconclusive="0" skipped="0" asserts="1140">
    <environment framework-version="3.14.0.0" clr-version="4.0.30319.42000" os-version="Microsoft Windows NT 10.0.26100.0" platform="Win32NT" cwd="D:\a\ci_targets\ci_targets\tests" machine-name="runnervmxfv8o" user="runneradmin" user-domain="runnervmxfv8o" culture="en-US" uiculture="en-US" os-architecture="x64" />
    <settings>
      <setting name="DisposeRunners" value="True" />
      <setting name="WorkDirectory" value="D:\a\ci_targets\ci_targets\tests" />
      <setting name="ImageRuntimeVersion" value="4.0.30319" />
      <setting name="ImageTargetFrameworkName" value=".NETFramework,Version=v4.8" />
      <setting name="ImageRequiresX86" value="False" />
      <setting name="ImageRequiresDefaultAppDomainAssemblyResolver" value="False" />
      <setting name="TargetRuntimeFramework" value="net-4.8" />
      <setting name="NumberOfTestWorkers" value="4" />
    </settings>
    <properties>
      <property name="_PID" value="6680" />
      <property name="_APPDOMAIN" value="domain-" />
    </properties>
    <failure>
      <message><![CDATA[One or more child tests had errors]]></message>
    </failure>
    <test-suite type="TestSuite" id="1-1511" name="Kaitai" fullname="Kaitai" runstate="Runnable" testcasecount="255" result="Failed" site="Child" start-time="2026-01-27T23:47:42.4284511Z" end-time="2026-01-27T23:47:42.9922498Z" duration="0.565445" total="255" passed="254" failed="1" warnings="0" inconclusive="0" skipped="0" asserts="1140">
      <failure>
        <message><![CDATA[One or more child tests had errors]]></message>
      </failure>
      <test-suite type="TestFixture" id="1-1000" name="SpecBcdUserTypeBe" fullname="Kaitai.SpecBcdUserTypeBe" classname="Kaitai.SpecBcdUserTypeBe" runstate="Runnable" testcasecount="1" result="Passed" start-time="2026-01-27T23:47:42.4304722Z" end-time="2026-01-27T23:47:42.5373755Z" duration="0.106991" total="1" passed="1" failed="0" warnings="0" inconclusive="0" skipped="0" asserts="6">
        <test-case id="1-1001" name="TestBcdUserTypeBe" fullname="Kaitai.SpecBcdUserTypeBe.TestBcdUserTypeBe" methodname="TestBcdUserTypeBe" classname="Kaitai.SpecBcdUserTypeBe" runstate="Runnable" seed="2090755830" result="Passed" start-time="2026-01-27T23:47:42.4347131Z" end-time="2026-01-27T23:47:42.5325544Z" duration="0.099212" asserts="6" />
      </test-suite>
      <test-suite type="TestFixture" id="1-1002" name="SpecBcdUserTypeLe" fullname="Kaitai.SpecBcdUserTypeLe" classname="Kaitai.SpecBcdUserTypeLe" runstate="Runnable" testcasecount="1" result="Passed" start-time="2026-01-27T23:47:42.5394013Z" end-time="2026-01-27T23:47:42.5444082Z" duration="0.004428" total="1" passed="1" failed="0" warnings="0" inconclusive="0" skipped="0" asserts="6">
        <test-case id="1-1003" name="TestBcdUserTypeLe" fullname="Kaitai.SpecBcdUserTypeLe.TestBcdUserTypeLe" methodname="TestBcdUserTypeLe" classname="Kaitai.SpecBcdUserTypeLe" runstate="Runnable" seed="1124144236" result="Passed" start-time="2026-01-27T23:47:42.5394013Z" end-time="2026-01-27T23:47:42.5444082Z" duration="0.004273" asserts="6" />
      </test-suite>
      <test-suite type="TestFixture" id="1-1004" name="SpecBitsByteAligned" fullname="Kaitai.SpecBitsByteAligned" classname="Kaitai.SpecBitsByteAligned" runstate="Runnable" testcasecount="1" result="Passed" start-time="2026-01-27T23:47:42.5444082Z" end-time="2026-01-27T23:47:42.5565280Z" duration="0.012574" total="1" passed="1" failed="0" warnings="0" inconclusive="0" skipped="0" asserts="9">
        <test-case id="1-1005" name="TestBitsByteAligned" fullname="Kaitai.SpecBitsByteAligned.TestBitsByteAligned" methodname="TestBitsByteAligned" classname="Kaitai.SpecBitsByteAligned" runstate="Runnable" seed="1155805033" result="Passed" start-time="2026-01-27T23:47:42.5444082Z" end-time="2026-01-27T23:47:42.5565280Z" duration="0.012440" asserts="9" />
      </test-suite>
      <test-suite type="TestFixture" id="1-1006" name="SpecBitsEnum" fullname="Kaitai.SpecBitsEnum" classname="Kaitai.SpecBitsEnum" runstate="Runnable" testcasecount="1" result="Passed" start-time="2026-01-27T23:47:42.5565280Z" end-time="2026-01-27T23:47:42.5565280Z" duration="0.000701" total="1" passed="1" failed="0" warnings="0" inconclusive="0" skipped="0" asserts="3">
        <test-case id="1-1007" name="TestBitsEnum" fullname="Kaitai.SpecBitsEnum.TestBitsEnum" methodname="TestBitsEnum" classname="Kaitai.SpecBitsEnum" runstate="Runnable" seed="2042973037" result="Passed" start-time="2026-01-27T23:47:42.5565280Z" end-time="2026-01-27T23:47:42.5565280Z" duration="0.000602" asserts="3" />
      </test-suite>
      <test-suite type="TestFixture" id="1-1008" name="SpecBitsSeqEndianCombo" fullname="Kaitai.SpecBitsSeqEndianCombo" classname="Kaitai.SpecBitsSeqEndianCombo" runstate="Runnable" testcasecount="1" result="Passed" start-time="2026-01-27T23:47:42.5565280Z" end-time="2026-01-27T23:47:42.5585552Z" duration="0.001513" total="1" passed="1" failed="0" warnings="0" inconclusive="0" skipped="0" asserts="8">
        <test-case id="1-1009" name="TestBitsSeqEndianCombo" fullname="Kaitai.SpecBitsSeqEndianCombo.TestBitsSeqEndianCombo" methodname="TestBitsSeqEndianCombo" classname="Kaitai.SpecBitsSeqEndianCombo" runstate="Runnable" seed="2002605824" result="Passed" start-time="2026-01-27T23:47:42.5565280Z" end-time="2026-01-27T23:47:42.5585552Z" duration="0.001419" asserts="8" />
      </test-suite>
      <test-suite type="TestFixture" id="1-1010" name="SpecBitsShiftByB32Le" fullname="Kaitai.SpecBitsShiftByB32Le" classname="Kaitai.SpecBitsShiftByB32Le" runstate="Runnable" testcasecount="1" result="Passed" start-time="2026-01-27T23:47:42.5585552Z" end-time="2026-01-27T23:47:42.5603317Z" duration="0.000856" total="1" passed="1" failed="0" warnings="0" inconclusive="0" skipped="0" asserts="2">
        <test-case id="1-1011" name="TestBitsShiftByB32Le" fullname="Kaitai.SpecBitsShiftByB32Le.TestBitsShiftByB32Le" methodname="TestBitsShiftByB32Le" classname="Kaitai.SpecBitsShiftByB32Le" runstate="Runnable" seed="1042233574" result="Passed" start-time="2026-01-27T23:47:42.5585552Z" end-time="2026-01-27T23:47:42.5603317Z" duration="0.000734" asserts="2" />
      </test-suite>
      <test-suite type="TestFixture" id="1-1012" name="SpecBitsShiftByB64Le" fullname="Kaitai.SpecBitsShiftByB64Le" classname="Kaitai.SpecBitsShiftByB64Le" runstate="Runnable" testcasecount="1" result="Passed" start-time="2026-01-27T23:47:42.5603317Z" end-time="2026-01-27T23:47:42.5603317Z" duration="0.000602" total="1" passed="1" failed="0" warnings="0" inconclusive="0" skipped="0" asserts="2">
        <test-case id="1-1013" name="TestBitsShiftByB64Le" fullname="Kaitai.SpecBitsShiftByB64Le.TestBitsShiftByB64Le" methodname="TestBitsShiftByB64Le" classname="Kaitai.SpecBitsShiftByB64Le" runstate="Runnable" seed="99062445" result="Passed" start-time="2026-01-27T23:47:42.5603317Z" end-time="2026-01-27T23:47:42.5603317Z" duration="0.000477" asserts="2" />
      </test-suite>
      <test-suite type="TestFixture" id="1-1014" name="SpecBitsSignedResB32Be" fullname="Kaitai.SpecBitsSignedResB32Be" classname="Kaitai.SpecBitsSignedResB32Be" runstate="Runnable" testcasecount="1" result="Passed" start-time="2026-01-27T23:47:42.5603317Z" end-time="2026-01-27T23:47:42.5603317Z" duration="0.000489" total="1" passed="1" failed="0" warnings="0" inconclusive="0" skipped="0" asserts="1">
        <test-case id="1-1015" name="TestBitsSignedResB32Be" fullname="Kaitai.SpecBitsSignedResB32Be.TestBitsSignedResB32Be" methodname="TestBitsSignedResB32Be" classname="Kaitai.SpecBitsSignedResB32Be" runstate="Runnable" seed="107841579" result="Passed" start-time="2026-01-27T23:47:42.5603317Z" end-time="2026-01-27T23:47:42.5603317Z" duration="0.000393" asserts="1" />
      </test-suite>
      <test-suite type="TestFixture" id="1-1016" name="SpecBitsSignedResB32Le" fullname="Kaitai.SpecBitsSignedResB32Le" classname="Kaitai.SpecBitsSignedResB32Le" runstate="Runnable" testcasecount="1" result="Passed" start-time="2026-01-27T23:47:42.5603317Z" end-time="2026-01-27T23:47:42.5603317Z" duration="0.000458" total="1" passed="1" failed="0" warnings="0" inconclusive="0" skipped="0" asserts="1">
        <test-case id="1-1017" name="TestBitsSignedResB32Le" fullname="Kaitai.SpecBitsSignedResB32Le.TestBitsSignedResB32Le" methodname="TestBitsSignedResB32Le" classname="Kaitai.SpecBitsSignedResB32Le" runstate="Runnable" seed="767098134" result="Passed" start-time="2026-01-27T23:47:42.5603317Z" end-time="2026-01-27T23:47:42.5603317Z" duration="0.000368" asserts="1" />
      </test-suite>
      <test-suite type="TestFixture" id="1-1018" name="SpecBitsSignedShiftB32Le" fullname="Kaitai.SpecBitsSignedShiftB32Le" classname="Kaitai.SpecBitsSignedShiftB32Le" runstate="Runnable" testcasecount="1" result="Passed" start-time="2026-01-27T23:47:42.5603317Z" end-time="2026-01-27T23:47:42.5623573Z" duration="0.000590" total="1" passed="1" failed="0" warnings="0" inconclusive="0" skipped="0" asserts="2">
        <test-case id="1-1019" name="TestBitsSignedShiftB32Le" fullname="Kaitai.SpecBitsSignedShiftB32Le.TestBitsSignedShiftB32Le" methodname="TestBitsSignedShiftB32Le" classname="Kaitai.SpecBitsSignedShiftB32Le" runstate="Runnable" seed="1686515734" result="Passed" start-time="2026-01-27T23:47:42.5603317Z" end-time="2026-01-27T23:47:42.5623573Z" duration="0.000496" asserts="2" />
      </test-suite>
      <test-suite type="TestFixture" id="1-1020" name="SpecBitsSignedShiftB64Le" fullname="Kaitai.SpecBitsSignedShiftB64Le" classname="Kaitai.SpecBitsSignedShiftB64Le" runstate="Runnable" testcasecount="1" result="Passed" start-time="2026-01-27T23:47:42.5623573Z" end-time="2026-01-27T23:47:42.5623573Z" duration="0.000521" total="1" passed="1" failed="0" warnings="0" inconclusive="0" skipped="0" asserts="2">
        <test-case id="1-1021" name="TestBitsSignedShiftB64Le" fullname="Kaitai.SpecBitsSignedShiftB64Le.TestBitsSignedShiftB64Le" methodname="TestBitsSignedShiftB64Le" classname="Kaitai.SpecBitsSignedShiftB64Le" runstate="Runnable" seed="2139223698" result="Passed" start-time="2026-01-27T23:47:42.5623573Z" end-time="2026-01-27T23:47:42.5623573Z" duration="0.000433" asserts="2" />
      </test-suite>
      <test-suite type="TestFixture" id="1-1022" name="SpecBitsSimple" fullname="Kaitai.SpecBitsSimple" classname="Kaitai.SpecBitsSimple" runstate="Runnable" testcasecount="1" result="Passed" start-time="2026-01-27T23:47:42.5623573Z" end-time="2026-01-27T23:47:42.5643837Z" duration="0.001775" total="1" passed="1" failed="0" warnings="0" inconclusive="0" skipped="0" asserts="14">
        <test-case id="1-1023" name="TestBitsSimple" fullname="Kaitai.SpecBitsSimple.TestBitsSimple" methodname="TestBitsSimple" classname="Kaitai.SpecBitsSimple" runstate="Runnable" seed="638477444" result="Passed" start-time="2026-01-27T23:47:42.5623573Z" end-time="2026-01-27T23:47:42.5643837Z" duration="0.001686" asserts="14" />
      </test-suite>
      <test-suite type="TestFixture" id="1-1024" name="SpecBitsSimpleLe" fullname="Kaitai.SpecBitsSimpleLe" classname="Kaitai.SpecBitsSimpleLe" runstate="Runnable" testcasecount="1" result="Passed" start-time="2026-01-27T23:47:42.5643837Z" end-time="2026-01-27T23:47:42.5664098Z" duration="0.001848" total="1" passed="1" failed="0" warnings="0" inconclusive="0" skipped="0" asserts="14">
        <test-case id="1-1025" name="TestBitsSimpleLe" fullname="Kaitai.SpecBitsSimpleLe.TestBitsSimpleLe" methodname="TestBitsSimpleLe" classname="Kaitai.SpecBitsSimpleLe" runstate="Runnable" seed="1309338107" result="Passed" start-time="2026-01-27T23:47:42.5643837Z" end-time="2026-01-27T23:47:42.5664098Z" duration="0.001751" asserts="14" />
      </test-suite>
      <test-suite type="TestFixture" id="1-1026" name="SpecBitsUnalignedB32Be" fullname="Kaitai.SpecBitsUnalignedB32Be" classname="Kaitai.SpecBitsUnalignedB32Be" runstate="Runnable" testcasecount="1" result="Passed" start-time="2026-01-27T23:47:42.5664098Z" end-time="2026-01-27T23:47:42.5664098Z" duration="0.000693" total="1" passed="1" failed="0" warnings="0" inconclusive="0" skipped="0" asserts="3">
        <test-case id="1-1027" name="TestBitsUnalignedB32Be" fullname="Kaitai.SpecBitsUnalignedB32Be.TestBitsUnalignedB32Be" methodname="TestBitsUnalignedB32Be" classname="Kaitai.SpecBitsUnalignedB32Be" runstate="Runnable" seed="1536454146" result="Passed" start-time="2026-01-27T23:47:42.5664098Z" end-time="2026-01-27T23:47:42.5664098Z" duration="0.000601" asserts="3" />
      </test-suite>
      <test-suite type="TestFixture" id="1-1028" name="SpecBitsUnalignedB32Le" fullname="Kaitai.SpecBitsUnalignedB32Le" classname="Kaitai.SpecBitsUnalignedB32Le" runstate="Runnable" testcasecount="1" result="Passed" start-time="2026-01-27T23:47:42.5664098Z" end-time="2026-01-27T23:47:42.5664098Z" duration="0.000626" total="1" passed="1" failed="0" warnings="0" inconclusive="0" skipped="0" asserts="3">
        <test-case id="1-1029" name="TestBitsUnalignedB32Le" fullname="Kaitai.SpecBitsUnalignedB32Le.TestBitsUnalignedB32Le" methodname="TestBitsUnalignedB32Le" classname="Kaitai.SpecBitsUnalignedB32Le" runstate="Runnable" seed="837574650" result="Passed" start-time="2026-01-27T23:47:42.5664098Z" end-time="2026-01-27T23:47:42.5664098Z" duration="0.000538" asserts="3" />
      </test-suite>
      <test-suite type="TestFixture" id="1-1030" name="SpecBitsUnalignedB64Be" fullname="Kaitai.SpecBitsUnalignedB64Be" classname="Kaitai.SpecBitsUnalignedB64Be" runstate="Runnable" testcasecount="1" result="Passed" start-time="2026-01-27T23:47:42.5664098Z" end-time="2026-01-27T23:47:42.5684354Z" duration="0.000706" total="1" passed="1" failed="0" warnings="0" inconclusive="0" skipped="0" asserts="3">
        <test-case id="1-1031" name="TestBitsUnalignedB64Be" fullname="Kaitai.SpecBitsUnalignedB64Be.TestBitsUnalignedB64Be" methodname="TestBitsUnalignedB64Be" classname="Kaitai.SpecBitsUnalignedB64Be" runstate="Runnable" seed="1212644456" result="Passed" start-time="2026-01-27T23:47:42.5664098Z" end-time="2026-01-27T23:47:42.5684354Z" duration="0.000618" asserts="3" />
      </test-suite>
      <test-suite type="TestFixture" id="1-1032" name="SpecBitsUnalignedB64Le" fullname="Kaitai.SpecBitsUnalignedB64Le" classname="Kaitai.SpecBitsUnalignedB64Le" runstate="Runnable" testcasecount="1" result="Passed" start-time="2026-01-27T23:47:42.5684354Z" end-time="2026-01-27T23:47:42.5684354Z" duration="0.000667" total="1" passed="1" failed="0" warnings="0" inconclusive="0" skipped="0" asserts="3">
        <test-case id="1-1033" name="TestBitsUnalignedB64Le" fullname="Kaitai.SpecBitsUnalignedB64Le.TestBitsUnalignedB64Le" methodname="TestBitsUnalignedB64Le" classname="Kaitai.SpecBitsUnalignedB64Le" runstate="Runnable" seed="2063710460" result="Passed" start-time="2026-01-27T23:47:42.5684354Z" end-time="2026-01-27T23:47:42.5684354Z" duration="0.000577" asserts="3" />
      </test-suite>
      <test-suite type="TestFixture" id="1-1034" name="SpecBufferedStruct" fullname="Kaitai.SpecBufferedStruct" classname="Kaitai.SpecBufferedStruct" runstate="Runnable" testcasecount="1" result="Passed" start-time="2026-01-27T23:47:42.5684354Z" end-time="2026-01-27T23:47:42.5704616Z" duration="0.001687" total="1" passed="1" failed="0" warnings="0" inconclusive="0" skipped="0" asserts="7">
        <test-case id="1-1035" name="TestBufferedStruct" fullname="Kaitai.SpecBufferedStruct.TestBufferedStruct" methodname="TestBufferedStruct" classname="Kaitai.SpecBufferedStruct" runstate="Runnable" seed="1660392174" result="Passed" start-time="2026-01-27T23:47:42.5684354Z" end-time="2026-01-27T23:47:42.5704616Z" duration="0.001597" asserts="7" />
      </test-suite>
      <test-suite type="TestFixture" id="1-1036" name="SpecBytesPadTerm" fullname="Kaitai.SpecBytesPadTerm" classname="Kaitai.SpecBytesPadTerm" runstate="Runnable" testcasecount="1" result="Passed" start-time="2026-01-27T23:47:42.5704616Z" end-time="2026-01-27T23:47:42.5724839Z" duration="0.002380" total="1" passed="1" failed="0" warnings="0" inconclusive="0" skipped="0" asserts="4">
        <test-case id="1-1037" name="TestBytesPadTerm" fullname="Kaitai.SpecBytesPadTerm.TestBytesPadTerm" methodname="TestBytesPadTerm" classname="Kaitai.SpecBytesPadTerm" runstate="Runnable" seed="763761462" result="Passed" start-time="2026-01-27T23:47:42.5704616Z" end-time="2026-01-27T23:47:42.5724839Z" duration="0.002285" asserts="4" />
      </test-suite>
      <test-suite type="TestFixture" id="1-1038" name="SpecCastNested" fullname="Kaitai.SpecCastNested" classname="Kaitai.SpecCastNested" runstate="Runnable" testcasecount="1" result="Passed" start-time="2026-01-27T23:47:42.5724839Z" end-time="2026-01-27T23:47:42.5745017Z" duration="0.002355" total="1" passed="1" failed="0" warnings="0" inconclusive="0" skipped="0" asserts="4">
        <test-case id="1-1039" name="TestCastNested" fullname="Kaitai.SpecCastNested.TestCastNested" methodname="TestCastNested" classname="Kaitai.SpecCastNested" runstate="Runnable" seed="853097287" result="Passed" start-time="2026-01-27T23:47:42.5724839Z" end-time="2026-01-27T23:47:42.5745017Z" duration="0.002264" asserts="4" />
      </test-suite>
      <test-suite type="TestFixture" id="1-1040" name="SpecCastToTop" fullname="Kaitai.SpecCastToTop" classname="Kaitai.SpecCastToTop" runstate="Runnable" testcasecount="1" result="Passed" start-time="2026-01-27T23:47:42.5745017Z" end-time="2026-01-27T23:47:42.5767992Z" duration="0.001005" total="1" passed="1" failed="0" warnings="0" inconclusive="0" skipped="0" asserts="3">
        <test-case id="1-1041" name="TestCastToTop" fullname="Kaitai.SpecCastToTop.TestCastToTop" methodname="TestCastToTop" classname="Kaitai.SpecCastToTop" runstate="Runnable" seed="1633776395" result="Passed" start-time="2026-01-27T23:47:42.5745017Z" end-time="2026-01-27T23:47:42.5767992Z" duration="0.000909" asserts="3" />
      </test-suite>
      <test-suite type="TestFixture" id="1-1042" name="SpecCombineBool" fullname="Kaitai.SpecCombineBool" classname="Kaitai.SpecCombineBool" runstate="Runnable" testcasecount="1" result="Passed" start-time="2026-01-27T23:47:42.5767992Z" end-time="2026-01-27T23:47:42.5767992Z" duration="0.000957" total="1" passed="1" failed="0" warnings="0" inconclusive="0" skipped="0" asserts="2">
        <test-case id="1-1043" name="TestCombineBool" fullname="Kaitai.SpecCombineBool.TestCombineBool" methodname="TestCombineBool" classname="Kaitai.SpecCombineBool" runstate="Runnable" seed="464019418" result="Passed" start-time="2026-01-27T23:47:42.5767992Z" end-time="2026-01-27T23:47:42.5767992Z" duration="0.000839" asserts="2" />
      </test-suite>
      <test-suite type="TestFixture" id="1-1044" name="SpecCombineBytes" fullname="Kaitai.SpecCombineBytes" classname="Kaitai.SpecCombineBytes" runstate="Runnable" testcasecount="1" result="Passed" start-time="2026-01-27T23:47:42.5767992Z" end-time="2026-01-27T23:47:42.5788218Z" duration="0.001816" total="1" passed="1" failed="0" warnings="0" inconclusive="0" skipped="0" asserts="10">
        <test-case id="1-1045" name="TestCombineBytes" fullname="Kaitai.SpecCombineBytes.TestCombineBytes" methodname="TestCombineBytes" classname="Kaitai.SpecCombineBytes" runstate="Runnable" seed="801409106" result="Passed" start-time="2026-01-27T23:47:42.5767992Z" end-time="2026-01-27T23:47:42.5788218Z" duration="0.001701" asserts="10" />
      </test-suite>
      <test-suite type="TestFixture" id="1-1046" name="SpecCombineEnum" fullname="Kaitai.SpecCombineEnum" classname="Kaitai.SpecCombineEnum" runstate="Runnable" testcasecount="1" result="Passed" start-time="2026-01-27T23:47:42.5788218Z" end-time="2026-01-27T23:47:42.5803221Z" duration="0.000853" total="1" passed="1" failed="0" warnings="0" inconclusive="0" skipped="0" asserts="3">
        <test-case id="1-1047" name="TestCombineEnum" fullname="Kaitai.SpecCombineEnum.TestCombineEnum" methodname="TestCombineEnum" classname="Kaitai.SpecCombineEnum" runstate="Runnable" seed="274294031" result="Passed" start-time="2026-01-27T23:47:42.5788218Z" end-time="2026-01-27T23:47:42.5803221Z" duration="0.000741" asserts="3" />
      </test-suite>
      <test-suite type="TestFixture" id="1-1048" name="SpecCombineStr" fullname="Kaitai.SpecCombineStr" classname="Kaitai.SpecCombineStr" runstate="Runnable" testcasecount="1" result="Passed" start-time="2026-01-27T23:47:42.5803221Z" end-time="2026-01-27T23:47:42.5823465Z" duration="0.002037" total="1" passed="1" failed="0" warnings="0" inconclusive="0" skipped="0" asserts="15">
        <test-case id="1-1049" name="TestCombineStr" fullname="Kaitai.SpecCombineStr.TestCombineStr" methodname="TestCombineStr" classname="Kaitai.SpecCombineStr" runstate="Runnable" seed="1595300775" result="Passed" start-time="2026-01-27T23:47:42.5803221Z" end-time="2026-01-27T23:47:42.5823465Z" duration="0.001944" asserts="15" />
      </test-suite>
      <test-suite type="TestFixture" id="1-1050" name="SpecDebug0" fullname="Kaitai.SpecDebug0" classname="Kaitai.SpecDebug0" runstate="Runnable" testcasecount="1" result="Passed" start-time="2026-01-27T23:47:42.5823465Z" end-time="2026-01-27T23:47:42.5828640Z" duration="0.000898" total="1" passed="1" failed="0" warnings="0" inconclusive="0" skipped="0" asserts="6">
        <test-case id="1-1051" name="TestDebug0" fullname="Kaitai.SpecDebug0.TestDebug0" methodname="TestDebug0" classname="Kaitai.SpecDebug0" runstate="Runnable" seed="56177421" result="Passed" start-time="2026-01-27T23:47:42.5823465Z" end-time="2026-01-27T23:47:42.5828640Z" duration="0.000801" asserts="6" />
      </test-suite>
      <test-suite type="TestFixture" id="1-1052" name="SpecDebugArrayUser" fullname="Kaitai.SpecDebugArrayUser" classname="Kaitai.SpecDebugArrayUser" runstate="Runnable" testcasecount="1" result="Passed" start-time="2026-01-27T23:47:42.5828640Z" end-time="2026-01-27T23:47:42.5843736Z" duration="0.001071" total="1" passed="1" failed="0" warnings="0" inconclusive="0" skipped="0" asserts="5">
        <test-case id="1-1053" name="TestDebugArrayUser" fullname="Kaitai.SpecDebugArrayUser.TestDebugArrayUser" methodname="TestDebugArrayUser" classname="Kaitai.SpecDebugArrayUser" runstate="Runnable" seed="404793804" result="Passed" start-time="2026-01-27T23:47:42.5828640Z" end-time="2026-01-27T23:47:42.5843736Z" duration="0.000980" asserts="5" />
      </test-suite>
      <test-suite type="TestFixture" id="1-1054" name="SpecDebugArrayUserCurrentExcluded" fullname="Kaitai.SpecDebugArrayUserCurrentExcluded" classname="Kaitai.SpecDebugArrayUserCurrentExcluded" runstate="Runnable" testcasecount="1" result="Passed" start-time="2026-01-27T23:47:42.5843736Z" end-time="2026-01-27T23:47:42.5848842Z" duration="0.001021" total="1" passed="1" failed="0" warnings="0" inconclusive="0" skipped="0" asserts="3">
        <test-case id="1-1055" name="TestDebugArrayUserCurrentExcluded" fullname="Kaitai.SpecDebugArrayUserCurrentExcluded.TestDebugArrayUserCurrentExcluded" methodname="TestDebugArrayUserCurrentExcluded" classname="Kaitai.SpecDebugArrayUserCurrentExcluded" runstate="Runnable" seed="2058634775" result="Passed" start-time="2026-01-27T23:47:42.5843736Z" end-time="2026-01-27T23:47:42.5848842Z" duration="0.000924" asserts="3" />
      </test-suite>
      <test-suite type="TestFixture" id="1-1056" name="SpecDebugArrayUserEofException" fullname="Kaitai.SpecDebugArrayUserEofException" classname="Kaitai.SpecDebugArrayUserEofException" runstate="Runnable" testcasecount="1" result="Passed" start-time="2026-01-27T23:47:42.5848842Z" end-time="2026-01-27T23:47:42.5988104Z" duration="0.013072" total="1" passed="1" failed="0" warnings="0" inconclusive="0" skipped="0" asserts="9">
        <test-case id="1-1057" name="TestDebugArrayUserEofException" fullname="Kaitai.SpecDebugArrayUserEofException.TestDebugArrayUserEofException" methodname="TestDebugArrayUserEofException" classname="Kaitai.SpecDebugArrayUserEofException" runstate="Runnable" seed="1131537523" result="Passed" start-time="2026-01-27T23:47:42.5848842Z" end-time="2026-01-27T23:47:42.5988104Z" duration="0.012978" asserts="9" />
      </test-suite>
      <test-suite type="TestFixture" id="1-1058" name="SpecDebugSwitchUser" fullname="Kaitai.SpecDebugSwitchUser" classname="Kaitai.SpecDebugSwitchUser" runstate="Runnable" testcasecount="1" result="Passed" start-time="2026-01-27T23:47:42.5988104Z" end-time="2026-01-27T23:47:42.5988104Z" duration="0.000901" total="1" passed="1" failed="0" warnings="0" inconclusive="0" skipped="0" asserts="2">
        <test-case id="1-1059" name="TestDebugSwitchUser" fullname="Kaitai.SpecDebugSwitchUser.TestDebugSwitchUser" methodname="TestDebugSwitchUser" classname="Kaitai.SpecDebugSwitchUser" runstate="Runnable" seed="769604891" result="Passed" start-time="2026-01-27T23:47:42.5988104Z" end-time="2026-01-27T23:47:42.5988104Z" duration="0.000800" asserts="2" />
      </test-suite>
      <test-suite type="TestFixture" id="1-1060" name="SpecDefaultBigEndian" fullname="Kaitai.SpecDefaultBigEndian" classname="Kaitai.SpecDefaultBigEndian" runstate="Runnable" testcasecount="1" result="Passed" start-time="2026-01-27T23:47:42.5988104Z" end-time="2026-01-27T23:47:42.6002883Z" duration="0.000519" total="1" passed="1" failed="0" warnings="0" inconclusive="0" skipped="0" asserts="1">
        <test-case id="1-1061" name="TestDefaultBigEndian" fullname="Kaitai.SpecDefaultBigEndian.TestDefaultBigEndian" methodname="TestDefaultBigEndian" classname="Kaitai.SpecDefaultBigEndian" runstate="Runnable" seed="2046517883" result="Passed" start-time="2026-01-27T23:47:42.5988104Z" end-time="2026-01-27T23:47:42.6002883Z" duration="0.000429" asserts="1" />
      </test-suite>
      <test-suite type="TestFixture" id="1-1062" name="SpecDefaultBitEndianMod" fullname="Kaitai.SpecDefaultBitEndianMod" classname="Kaitai.SpecDefaultBitEndianMod" runstate="Runnable" testcasecount="1" result="Passed" start-time="2026-01-27T23:47:42.6002883Z" end-time="2026-01-27T23:47:42.6008368Z" duration="0.001131" total="1" passed="1" failed="0" warnings="0" inconclusive="0" skipped="0" asserts="4">
        <test-case id="1-1063" name="TestDefaultBitEndianMod" fullname="Kaitai.SpecDefaultBitEndianMod.TestDefaultBitEndianMod" methodname="TestDefaultBitEndianMod" classname="Kaitai.SpecDefaultBitEndianMod" runstate="Runnable" seed="1948487041" result="Passed" start-time="2026-01-27T23:47:42.6002883Z" end-time="2026-01-27T23:47:42.6008368Z" duration="0.001043" asserts="4" />
      </test-suite>
      <test-suite type="TestFixture" id="1-1064" name="SpecDefaultEndianExprException" fullname="Kaitai.SpecDefaultEndianExprException" classname="Kaitai.SpecDefaultEndianExprException" runstate="Runnable" testcasecount="1" result="Passed" start-time="2026-01-27T23:47:42.6008368Z" end-time="2026-01-27T23:47:42.6028629Z" duration="0.001689" total="1" passed="1" failed="0" warnings="0" inconclusive="0" skipped="0" asserts="1">
        <test-case id="1-1065" name="TestDefaultEndianExprException" fullname="Kaitai.SpecDefaultEndianExprException.TestDefaultEndianExprException" methodname="TestDefaultEndianExprException" classname="Kaitai.SpecDefaultEndianExprException" runstate="Runnable" seed="121817721" result="Passed" start-time="2026-01-27T23:47:42.6008368Z" end-time="2026-01-27T23:47:42.6028629Z" duration="0.001600" asserts="1" />
      </test-suite>
      <test-suite type="TestFixture" id="1-1066" name="SpecDefaultEndianExprInherited" fullname="Kaitai.SpecDefaultEndianExprInherited" classname="Kaitai.SpecDefaultEndianExprInherited" runstate="Runnable" testcasecount="1" result="Passed" start-time="2026-01-27T23:47:42.6028629Z" end-time="2026-01-27T23:47:42.6048901Z" duration="0.003045" total="1" passed="1" failed="0" warnings="0" inconclusive="0" skipped="0" asserts="15">
        <test-case id="1-1067" name="TestDefaultEndianExprInherited" fullname="Kaitai.SpecDefaultEndianExprInherited.TestDefaultEndianExprInherited" methodname="TestDefaultEndianExprInherited" classname="Kaitai.SpecDefaultEndianExprInherited" runstate="Runnable" seed="179525606" result="Passed" start-time="2026-01-27T23:47:42.6028629Z" end-time="2026-01-27T23:47:42.6048901Z" duration="0.002952" asserts="15" />
      </test-suite>
      <test-suite type="TestFixture" id="1-1068" name="SpecDefaultEndianExprIsBe" fullname="Kaitai.SpecDefaultEndianExprIsBe" classname="Kaitai.SpecDefaultEndianExprIsBe" runstate="Runnable" testcasecount="1" result="Passed" start-time="2026-01-27T23:47:42.6048901Z" end-time="2026-01-27T23:47:42.6078780Z" duration="0.003129" total="1" passed="1" failed="0" warnings="0" inconclusive="0" skipped="0" asserts="18">
        <test-case id="1-1069" name="TestDefaultEndianExprIsBe" fullname="Kaitai.SpecDefaultEndianExprIsBe.TestDefaultEndianExprIsBe" methodname="TestDefaultEndianExprIsBe" classname="Kaitai.SpecDefaultEndianExprIsBe" runstate="Runnable" seed="307678517" result="Passed" start-time="2026-01-27T23:47:42.6048901Z" end-time="2026-01-27T23:47:42.6078780Z" duration="0.003031" asserts="18" />
      </test-suite>
      <test-suite type="TestFixture" id="1-1070" name="SpecDefaultEndianExprIsLe" fullname="Kaitai.SpecDefaultEndianExprIsLe" classname="Kaitai.SpecDefaultEndianExprIsLe" runstate="Runnable" testcasecount="1" result="Passed" start-time="2026-01-27T23:47:42.6078780Z" end-time="2026-01-27T23:47:42.6098963Z" duration="0.002398" total="1" passed="1" failed="0" warnings="0" inconclusive="0" skipped="0" asserts="12">
        <test-case id="1-1071" name="TestDefaultEndianExprIsLe" fullname="Kaitai.SpecDefaultEndianExprIsLe.TestDefaultEndianExprIsLe" methodname="TestDefaultEndianExprIsLe" classname="Kaitai.SpecDefaultEndianExprIsLe" runstate="Runnable" seed="2126702466" result="Passed" start-time="2026-01-27T23:47:42.6078780Z" end-time="2026-01-27T23:47:42.6098963Z" duration="0.002305" asserts="12" />
      </test-suite>
      <test-suite type="TestFixture" id="1-1072" name="SpecDefaultEndianMod" fullname="Kaitai.SpecDefaultEndianMod" classname="Kaitai.SpecDefaultEndianMod" runstate="Runnable" testcasecount="1" result="Passed" start-time="2026-01-27T23:47:42.6098963Z" end-time="2026-01-27T23:47:42.6126719Z" duration="0.001147" total="1" passed="1" failed="0" warnings="0" inconclusive="0" skipped="0" asserts="3">
        <test-case id="1-1073" name="TestDefaultEndianMod" fullname="Kaitai.SpecDefaultEndianMod.TestDefaultEndianMod" methodname="TestDefaultEndianMod" classname="Kaitai.SpecDefaultEndianMod" runstate="Runnable" seed="60600601" result="Passed" start-time="2026-01-27T23:47:42.6098963Z" end-time="2026-01-27T23:47:42.6126719Z" duration="0.001057" asserts="3" />
      </test-suite>
      <test-suite type="TestFixture" id="1-1074" name="SpecDocstrings" fullname="Kaitai.SpecDocstrings" classname="Kaitai.SpecDocstrings" runstate="Runnable" testcasecount="1" result="Passed" start-time="2026-01-27T23:47:42.6126719Z" end-time="2026-01-27T23:47:42.6126719Z" duration="0.000402" total="1" passed="1" failed="0" warnings="0" inconclusive="0" skipped="0" asserts="0">
        <test-case id="1-1075" name="TestDocstrings" fullname="Kaitai.SpecDocstrings.TestDocstrings" methodname="TestDocstrings" classname="Kaitai.SpecDocstrings" runstate="Runnable" seed="1394884954" result="Passed" start-time="2026-01-27T23:47:42.6126719Z" end-time="2026-01-27T23:47:42.6126719Z" duration="0.000312" asserts="0" />
      </test-suite>
      <test-suite type="TestFixture" id="1-1076" name="SpecDocstringsDocref" fullname="Kaitai.SpecDocstringsDocref" classname="Kaitai.SpecDocstringsDocref" runstate="Runnable" testcasecount="1" result="Passed" start-time="2026-01-27T23:47:42.6126719Z" end-time="2026-01-27T23:47:42.6126719Z" duration="0.000419" total="1" passed="1" failed="0" warnings="0" inconclusive="0" skipped="0" asserts="0">
        <test-case id="1-1077" name="TestDocstringsDocref" fullname="Kaitai.SpecDocstringsDocref.TestDocstringsDocref" methodname="TestDocstringsDocref" classname="Kaitai.SpecDocstringsDocref" runstate="Runnable" seed="138289335" result="Passed" start-time="2026-01-27T23:47:42.6126719Z" end-time="2026-01-27T23:47:42.6126719Z" duration="0.000330" asserts="0" />
      </test-suite>
      <test-suite type="TestFixture" id="1-1078" name="SpecDocstringsDocrefMulti" fullname="Kaitai.SpecDocstringsDocrefMulti" classname="Kaitai.SpecDocstringsDocrefMulti" runstate="Runnable" testcasecount="1" result="Passed" start-time="2026-01-27T23:47:42.6126719Z" end-time="2026-01-27T23:47:42.6139355Z" duration="0.000407" total="1" passed="1" failed="0" warnings="0" inconclusive="0" skipped="0" asserts="0">
        <test-case id="1-1079" name="TestDocstringsDocrefMulti" fullname="Kaitai.SpecDocstringsDocrefMulti.TestDocstringsDocrefMulti" methodname="TestDocstringsDocrefMulti" classname="Kaitai.SpecDocstringsDocrefMulti" runstate="Runnable" seed="697512259" result="Passed" start-time="2026-01-27T23:47:42.6126719Z" end-time="2026-01-27T23:47:42.6139355Z" duration="0.000319" asserts="0" />
      </test-suite>
      <test-suite type="TestFixture" id="1-1080" name="SpecEnum0" fullname="Kaitai.SpecEnum0" classname="Kaitai.SpecEnum0" runstate="Runnable" testcasecount="1" result="Passed" start-time="2026-01-27T23:47:42.6139355Z" end-time="2026-01-27T23:47:42.6146972Z" duration="0.000547" total="1" passed="1" failed="0" warnings="0" inconclusive="0" skipped="0" asserts="2">
        <test-case id="1-1081" name="TestEnum0" fullname="Kaitai.SpecEnum0.TestEnum0" methodname="TestEnum0" classname="Kaitai.SpecEnum0" runstate="Runnable" seed="983120844" result="Passed" start-time="2026-01-27T23:47:42.6139355Z" end-time="2026-01-27T23:47:42.6146972Z" duration="0.000455" asserts="2" />
      </test-suite>
      <test-suite type="TestFixture" id="1-1082" name="SpecEnum1" fullname="Kaitai.SpecEnum1" classname="Kaitai.SpecEnum1" runstate="Runnable" testcasecount="1" result="Passed" start-time="2026-01-27T23:47:42.6146972Z" end-time="2026-01-27T23:47:42.6146972Z" duration="0.000801" total="1" passed="1" failed="0" warnings="0" inconclusive="0" skipped="0" asserts="2">
        <test-case id="1-1083" name="TestEnum1" fullname="Kaitai.SpecEnum1.TestEnum1" methodname="TestEnum1" classname="Kaitai.SpecEnum1" runstate="Runnable" seed="968418774" result="Passed" start-time="2026-01-27T23:47:42.6146972Z" end-time="2026-01-27T23:47:42.6146972Z" duration="0.000715" asserts="2" />
      </test-suite>
      <test-suite type="TestFixture" id="1-1084" name="SpecEnumDeep" fullname="Kaitai.SpecEnumDeep" classname="Kaitai.SpecEnumDeep" runstate="Runnable" testcasecount="1" result="Passed" start-time="2026-01-27T23:47:42.6146972Z" end-time="2026-01-27T23:47:42.6159530Z" duration="0.000593" total="1" passed="1" failed="0" warnings="0" inconclusive="0" skipped="0" asserts="2">
        <test-case id="1-1085" name="TestEnumDeep" fullname="Kaitai.SpecEnumDeep.TestEnumDeep" methodname="TestEnumDeep" classname="Kaitai.SpecEnumDeep" runstate="Runnable" seed="421344799" result="Passed" start-time="2026-01-27T23:47:42.6146972Z" end-time="2026-01-27T23:47:42.6159530Z" duration="0.000504" asserts="2" />
      </test-suite>
      <test-suite type="TestFixture" id="1-1086" name="SpecEnumDeepLiterals" fullname="Kaitai.SpecEnumDeepLiterals" classname="Kaitai.SpecEnumDeepLiterals" runstate="Runnable" testcasecount="1" result="Passed" start-time="2026-01-27T23:47:42.6159530Z" end-time="2026-01-27T23:47:42.6167201Z" duration="0.000683" total="1" passed="1" failed="0" warnings="0" inconclusive="0" skipped="0" asserts="2">
        <test-case id="1-1087" name="TestEnumDeepLiterals" fullname="Kaitai.SpecEnumDeepLiterals.TestEnumDeepLiterals" methodname="TestEnumDeepLiterals" classname="Kaitai.SpecEnumDeepLiterals" runstate="Runnable" seed="1457466655" result="Passed" start-time="2026-01-27T23:47:42.6159530Z" end-time="2026-01-27T23:47:42.6167201Z" duration="0.000596" asserts="2" />
      </test-suite>
      <test-suite type="TestFixture" id="1-1088" name="SpecEnumFancy" fullname="Kaitai.SpecEnumFancy" classname="Kaitai.SpecEnumFancy" runstate="Runnable" testcasecount="1" result="Passed" start-time="2026-01-27T23:47:42.6167201Z" end-time="2026-01-27T23:47:42.6167201Z" duration="0.000525" total="1" passed="1" failed="0" warnings="0" inconclusive="0" skipped="0" asserts="2">
        <test-case id="1-1089" name="TestEnumFancy" fullname="Kaitai.SpecEnumFancy.TestEnumFancy" methodname="TestEnumFancy" classname="Kaitai.SpecEnumFancy" runstate="Runnable" seed="697972006" result="Passed" start-time="2026-01-27T23:47:42.6167201Z" end-time="2026-01-27T23:47:42.6167201Z" duration="0.000437" asserts="2" />
      </test-suite>
      <test-suite type="TestFixture" id="1-1090" name="SpecEnumIf" fullname="Kaitai.SpecEnumIf" classname="Kaitai.SpecEnumIf" runstate="Runnable" testcasecount="1" result="Passed" start-time="2026-01-27T23:47:42.6167201Z" end-time="2026-01-27T23:47:42.6187376Z" duration="0.001516" total="1" passed="1" failed="0" warnings="0" inconclusive="0" skipped="0" asserts="7">
        <test-case id="1-1091" name="TestEnumIf" fullname="Kaitai.SpecEnumIf.TestEnumIf" methodname="TestEnumIf" classname="Kaitai.SpecEnumIf" runstate="Runnable" seed="1645484526" result="Passed" start-time="2026-01-27T23:47:42.6167201Z" end-time="2026-01-27T23:47:42.6187376Z" duration="0.001429" asserts="7" />
      </test-suite>
      <test-suite type="TestFixture" id="1-1092" name="SpecEnumImportLiterals" fullname="Kaitai.SpecEnumImportLiterals" classname="Kaitai.SpecEnumImportLiterals" runstate="Runnable" testcasecount="1" result="Passed" start-time="2026-01-27T23:47:42.6187376Z" end-time="2026-01-27T23:47:42.6187376Z" duration="0.000623" total="1" passed="1" failed="0" warnings="0" inconclusive="0" skipped="0" asserts="3">
        <test-case id="1-1093" name="TestEnumImportLiterals" fullname="Kaitai.SpecEnumImportLiterals.TestEnumImportLiterals" methodname="TestEnumImportLiterals" classname="Kaitai.SpecEnumImportLiterals" runstate="Runnable" seed="1700279618" result="Passed" start-time="2026-01-27T23:47:42.6187376Z" end-time="2026-01-27T23:47:42.6187376Z" duration="0.000531" asserts="3" />
      </test-suite>
      <test-suite type="TestFixture" id="1-1094" name="SpecEnumImportSeq" fullname="Kaitai.SpecEnumImportSeq" classname="Kaitai.SpecEnumImportSeq" runstate="Runnable" testcasecount="1" result="Passed" start-time="2026-01-27T23:47:42.6187376Z" end-time="2026-01-27T23:47:42.6199929Z" duration="0.000584" total="1" passed="1" failed="0" warnings="0" inconclusive="0" skipped="0" asserts="2">
        <test-case id="1-1095" name="TestEnumImportSeq" fullname="Kaitai.SpecEnumImportSeq.TestEnumImportSeq" methodname="TestEnumImportSeq" classname="Kaitai.SpecEnumImportSeq" runstate="Runnable" seed="490155061" result="Passed" start-time="2026-01-27T23:47:42.6187376Z" end-time="2026-01-27T23:47:42.6199929Z" duration="0.000498" asserts="2" />
      </test-suite>
      <test-suite type="TestFixture" id="1-1096" name="SpecEnumIntRangeS" fullname="Kaitai.SpecEnumIntRangeS" classname="Kaitai.SpecEnumIntRangeS" runstate="Runnable" testcasecount="1" result="Passed" start-time="2026-01-27T23:47:42.6199929Z" end-time="2026-01-27T23:47:42.6207481Z" duration="0.000633" total="1" passed="1" failed="0" warnings="0" inconclusive="0" skipped="0" asserts="3">
        <test-case id="1-1097" name="TestEnumIntRangeS" fullname="Kaitai.SpecEnumIntRangeS.TestEnumIntRangeS" methodname="TestEnumIntRangeS" classname="Kaitai.SpecEnumIntRangeS" runstate="Runnable" seed="880598808" result="Passed" start-time="2026-01-27T23:47:42.6199929Z" end-time="2026-01-27T23:47:42.6207481Z" duration="0.000539" asserts="3" />
      </test-suite>
      <test-suite type="TestFixture" id="1-1098" name="SpecEnumInvalid" fullname="Kaitai.SpecEnumInvalid" classname="Kaitai.SpecEnumInvalid" runstate="Runnable" testcasecount="1" result="Passed" start-time="2026-01-27T23:47:42.6207481Z" end-time="2026-01-27T23:47:42.6207481Z" duration="0.000520" total="1" passed="1" failed="0" warnings="0" inconclusive="0" skipped="0" asserts="2">
        <test-case id="1-1099" name="TestEnumInvalid" fullname="Kaitai.SpecEnumInvalid.TestEnumInvalid" methodname="TestEnumInvalid" classname="Kaitai.SpecEnumInvalid" runstate="Runnable" seed="1081936701" result="Passed" start-time="2026-01-27T23:47:42.6207481Z" end-time="2026-01-27T23:47:42.6207481Z" duration="0.000434" asserts="2" />
      </test-suite>
      <test-suite type="TestFixture" id="1-1100" name="SpecEnumNegative" fullname="Kaitai.SpecEnumNegative" classname="Kaitai.SpecEnumNegative" runstate="Runnable" testcasecount="1" result="Passed" start-time="2026-01-27T23:47:42.6207481Z" end-time="2026-01-27T23:47:42.6207481Z" duration="0.000563" total="1" passed="1" failed="0" warnings="0" inconclusive="0" skipped="0" asserts="2">
        <test-case id="1-1101" name="TestEnumNegative" fullname="Kaitai.SpecEnumNegative.TestEnumNegative" methodname="TestEnumNegative" classname="Kaitai.SpecEnumNegative" runstate="Runnable" seed="919921728" result="Passed" start-time="2026-01-27T23:47:42.6207481Z" end-time="2026-01-27T23:47:42.6207481Z" duration="0.000478" asserts="2" />
      </test-suite>
      <test-suite type="TestFixture" id="1-1102" name="SpecEnumOfValueInst" fullname="Kaitai.SpecEnumOfValueInst" classname="Kaitai.SpecEnumOfValueInst" runstate="Runnable" testcasecount="1" result="Passed" start-time="2026-01-27T23:47:42.6207481Z" end-time="2026-01-27T23:47:42.6220097Z" duration="0.000831" total="1" passed="1" failed="0" warnings="0" inconclusive="0" skipped="0" asserts="4">
        <test-case id="1-1103" name="TestEnumOfValueInst" fullname="Kaitai.SpecEnumOfValueInst.TestEnumOfValueInst" methodname="TestEnumOfValueInst" classname="Kaitai.SpecEnumOfValueInst" runstate="Runnable" seed="1089084021" result="Passed" start-time="2026-01-27T23:47:42.6207481Z" end-time="2026-01-27T23:47:42.6220097Z" duration="0.000737" asserts="4" />
      </test-suite>
      <test-suite type="TestFixture" id="1-1104" name="SpecEnumToI" fullname="Kaitai.SpecEnumToI" classname="Kaitai.SpecEnumToI" runstate="Runnable" testcasecount="1" result="Passed" start-time="2026-01-27T23:47:42.6220097Z" end-time="2026-01-27T23:47:42.6237719Z" duration="0.001208" total="1" passed="1" failed="0" warnings="0" inconclusive="0" skipped="0" asserts="8">
        <test-case id="1-1105" name="TestEnumToI" fullname="Kaitai.SpecEnumToI.TestEnumToI" methodname="TestEnumToI" classname="Kaitai.SpecEnumToI" runstate="Runnable" seed="183081707" result="Passed" start-time="2026-01-27T23:47:42.6227606Z" end-time="2026-01-27T23:47:42.6237719Z" duration="0.001118" asserts="8" />
      </test-suite>
      <test-suite type="TestFixture" id="1-1106" name="SpecEnumToIClassBorder1" fullname="Kaitai.SpecEnumToIClassBorder1" classname="Kaitai.SpecEnumToIClassBorder1" runstate="Runnable" testcasecount="1" result="Passed" start-time="2026-01-27T23:47:42.6237719Z" end-time="2026-01-27T23:47:42.6242824Z" duration="0.000969" total="1" passed="1" failed="0" warnings="0" inconclusive="0" skipped="0" asserts="3">
        <test-case id="1-1107" name="TestEnumToIClassBorder1" fullname="Kaitai.SpecEnumToIClassBorder1.TestEnumToIClassBorder1" methodname="TestEnumToIClassBorder1" classname="Kaitai.SpecEnumToIClassBorder1" runstate="Runnable" seed="1311559284" result="Passed" start-time="2026-01-27T23:47:42.6237719Z" end-time="2026-01-27T23:47:42.6242824Z" duration="0.000876" asserts="3" />
      </test-suite>
      <test-suite type="TestFixture" id="1-1108" name="SpecEnumToIInvalid" fullname="Kaitai.SpecEnumToIInvalid" classname="Kaitai.SpecEnumToIInvalid" runstate="Runnable" testcasecount="1" result="Passed" start-time="2026-01-27T23:47:42.6242824Z" end-time="2026-01-27T23:47:42.6257837Z" duration="0.001179" total="1" passed="1" failed="0" warnings="0" inconclusive="0" skipped="0" asserts="8">
        <test-case id="1-1109" name="TestEnumToIInvalid" fullname="Kaitai.SpecEnumToIInvalid.TestEnumToIInvalid" methodname="TestEnumToIInvalid" classname="Kaitai.SpecEnumToIInvalid" runstate="Runnable" seed="1179165740" result="Passed" start-time="2026-01-27T23:47:42.6242824Z" end-time="2026-01-27T23:47:42.6257837Z" duration="0.001091" asserts="8" />
      </test-suite>
      <test-suite type="TestFixture" id="1-1110" name="SpecEofExceptionBytes" fullname="Kaitai.SpecEofExceptionBytes" classname="Kaitai.SpecEofExceptionBytes" runstate="Runnable" testcasecount="1" result="Passed" start-time="2026-01-27T23:47:42.6257837Z" end-time="2026-01-27T23:47:42.6262986Z" duration="0.000577" total="1" passed="1" failed="0" warnings="0" inconclusive="0" skipped="0" asserts="1">
        <test-case id="1-1111" name="TestEofExceptionBytes" fullname="Kaitai.SpecEofExceptionBytes.TestEofExceptionBytes" methodname="TestEofExceptionBytes" classname="Kaitai.SpecEofExceptionBytes" runstate="Runnable" seed="1022228925" result="Passed" start-time="2026-01-27T23:47:42.6257837Z" end-time="2026-01-27T23:47:42.6262986Z" duration="0.000489" asserts="1" />
      </test-suite>
      <test-suite type="TestFixture" id="1-1112" name="SpecEofExceptionSized" fullname="Kaitai.SpecEofExceptionSized" classname="Kaitai.SpecEofExceptionSized" runstate="Runnable" testcasecount="1" result="Passed" start-time="2026-01-27T23:47:42.6262986Z" end-time="2026-01-27T23:47:42.6262986Z" duration="0.000565" total="1" passed="1" failed="0" warnings="0" inconclusive="0" skipped="0" asserts="1">
        <test-case id="1-1113" name="TestEofExceptionSized" fullname="Kaitai.SpecEofExceptionSized.TestEofExceptionSized" methodname="TestEofExceptionSized" classname="Kaitai.SpecEofExceptionSized" runstate="Runnable" seed="2008924353" result="Passed" start-time="2026-01-27T23:47:42.6262986Z" end-time="2026-01-27T23:47:42.6262986Z" duration="0.000476" asserts="1" />
      </test-suite>
      <test-suite type="TestFixture" id="1-1114" name="SpecEofExceptionU4" fullname="Kaitai.SpecEofExceptionU4" classname="Kaitai.SpecEofExceptionU4" runstate="Runnable" testcasecount="1" result="Passed" start-time="2026-01-27T23:47:42.6262986Z" end-time="2026-01-27T23:47:42.6278024Z" duration="0.000545" total="1" passed="1" failed="0" warnings="0" inconclusive="0" skipped="0" asserts="1">
        <test-case id="1-1115" name="TestEofExceptionU4" fullname="Kaitai.SpecEofExceptionU4.TestEofExceptionU4" methodname="TestEofExceptionU4" classname="Kaitai.SpecEofExceptionU4" runstate="Runnable" seed="1375494362" result="Passed" start-time="2026-01-27T23:47:42.6262986Z" end-time="2026-01-27T23:47:42.6278024Z" duration="0.000455" asserts="1" />
      </test-suite>
      <test-suite type="TestFixture" id="1-1116" name="SpecEosExceptionBytes" fullname="Kaitai.SpecEosExceptionBytes" classname="Kaitai.SpecEosExceptionBytes" runstate="Runnable" testcasecount="1" result="Passed" start-time="2026-01-27T23:47:42.6278024Z" end-time="2026-01-27T23:47:42.6283196Z" duration="0.001096" total="1" passed="1" failed="0" warnings="0" inconclusive="0" skipped="0" asserts="1">
        <test-case id="1-1117" name="TestEosExceptionBytes" fullname="Kaitai.SpecEosExceptionBytes.TestEosExceptionBytes" methodname="TestEosExceptionBytes" classname="Kaitai.SpecEosExceptionBytes" runstate="Runnable" seed="1710176377" result="Passed" start-time="2026-01-27T23:47:42.6278024Z" end-time="2026-01-27T23:47:42.6283196Z" duration="0.000893" asserts="1" />
      </test-suite>
      <test-suite type="TestFixture" id="1-1118" name="SpecEosExceptionSized" fullname="Kaitai.SpecEosExceptionSized" classname="Kaitai.SpecEosExceptionSized" runstate="Runnable" testcasecount="1" result="Passed" start-time="2026-01-27T23:47:42.6283196Z" end-time="2026-01-27T23:47:42.6298276Z" duration="0.001034" total="1" passed="1" failed="0" warnings="0" inconclusive="0" skipped="0" asserts="1">
        <test-case id="1-1119" name="TestEosExceptionSized" fullname="Kaitai.SpecEosExceptionSized.TestEosExceptionSized" methodname="TestEosExceptionSized" classname="Kaitai.SpecEosExceptionSized" runstate="Runnable" seed="2075761221" result="Passed" start-time="2026-01-27T23:47:42.6283196Z" end-time="2026-01-27T23:47:42.6298276Z" duration="0.000917" asserts="1" />
      </test-suite>
      <test-suite type="TestFixture" id="1-1120" name="SpecEosExceptionU4" fullname="Kaitai.SpecEosExceptionU4" classname="Kaitai.SpecEosExceptionU4" runstate="Runnable" testcasecount="1" result="Passed" start-time="2026-01-27T23:47:42.6298276Z" end-time="2026-01-27T23:47:42.6303441Z" duration="0.001041" total="1" passed="1" failed="0" warnings="0" inconclusive="0" skipped="0" asserts="1">
        <test-case id="1-1121" name="TestEosExceptionU4" fullname="Kaitai.SpecEosExceptionU4.TestEosExceptionU4" methodname="TestEosExceptionU4" classname="Kaitai.SpecEosExceptionU4" runstate="Runnable" seed="1849956618" result="Passed" start-time="2026-01-27T23:47:42.6298276Z" end-time="2026-01-27T23:47:42.6303441Z" duration="0.000916" asserts="1" />
      </test-suite>
      <test-suite type="TestFixture" id="1-1122" name="SpecExpr0" fullname="Kaitai.SpecExpr0" classname="Kaitai.SpecExpr0" runstate="Runnable" testcasecount="1" result="Passed" start-time="2026-01-27T23:47:42.6303441Z" end-time="2026-01-27T23:47:42.6318532Z" duration="0.000870" total="1" passed="1" failed="0" warnings="0" inconclusive="0" skipped="0" asserts="2">
        <test-case id="1-1123" name="TestExpr0" fullname="Kaitai.SpecExpr0.TestExpr0" methodname="TestExpr0" classname="Kaitai.SpecExpr0" runstate="Runnable" seed="1742964989" result="Passed" start-time="2026-01-27T23:47:42.6303441Z" end-time="2026-01-27T23:47:42.6318532Z" duration="0.000754" asserts="2" />
      </test-suite>
      <test-suite type="TestFixture" id="1-1124" name="SpecExpr1" fullname="Kaitai.SpecExpr1" classname="Kaitai.SpecExpr1" runstate="Runnable" testcasecount="1" result="Passed" start-time="2026-01-27T23:47:42.6318532Z" end-time="2026-01-27T23:47:42.6323632Z" duration="0.000915" total="1" passed="1" failed="0" warnings="0" inconclusive="0" skipped="0" asserts="4">
        <test-case id="1-1125" name="TestExpr1" fullname="Kaitai.SpecExpr1.TestExpr1" methodname="TestExpr1" classname="Kaitai.SpecExpr1" runstate="Runnable" seed="1031917236" result="Passed" start-time="2026-01-27T23:47:42.6318532Z" end-time="2026-01-27T23:47:42.6323632Z" duration="0.000793" asserts="4" />
      </test-suite>
      <test-suite type="TestFixture" id="1-1126" name="SpecExpr2" fullname="Kaitai.SpecExpr2" classname="Kaitai.SpecExpr2" runstate="Runnable" testcasecount="1" result="Passed" start-time="2026-01-27T23:47:42.6323632Z" end-time="2026-01-27T23:47:42.6343839Z" duration="0.002546" total="1" passed="1" failed="0" warnings="0" inconclusive="0" skipped="0" asserts="17">
        <test-case id="1-1127" name="TestExpr2" fullname="Kaitai.SpecExpr2.TestExpr2" methodname="TestExpr2" classname="Kaitai.SpecExpr2" runstate="Runnable" seed="1989783664" result="Passed" start-time="2026-01-27T23:47:42.6323632Z" end-time="2026-01-27T23:47:42.6343839Z" duration="0.002453" asserts="17" />
      </test-suite>
      <test-suite type="TestFixture" id="1-1128" name="SpecExpr3" fullname="Kaitai.SpecExpr3" classname="Kaitai.SpecExpr3" runstate="Runnable" testcasecount="1" result="Passed" start-time="2026-01-27T23:47:42.6343839Z" end-time="2026-01-27T23:47:42.6379279Z" duration="0.002456" total="1" passed="1" failed="0" warnings="0" inconclusive="0" skipped="0" asserts="12">
        <test-case id="1-1129" name="TestExpr3" fullname="Kaitai.SpecExpr3.TestExpr3" methodname="TestExpr3" classname="Kaitai.SpecExpr3" runstate="Runnable" seed="772944519" result="Passed" start-time="2026-01-27T23:47:42.6359003Z" end-time="2026-01-27T23:47:42.6364012Z" duration="0.001683" asserts="12" />
      </test-suite>
      <test-suite type="TestFixture" id="1-1130" name="SpecExprArray" fullname="Kaitai.SpecExprArray" classname="Kaitai.SpecExprArray" runstate="Runnable" testcasecount="1" result="Passed" start-time="2026-01-27T23:47:42.6379279Z" end-time="2026-01-27T23:47:42.6465277Z" duration="0.008863" total="1" passed="1" failed="0" warnings="0" inconclusive="0" skipped="0" asserts="15">
        <test-case id="1-1131" name="TestExprArray" fullname="Kaitai.SpecExprArray.TestExprArray" methodname="TestExprArray" classname="Kaitai.SpecExprArray" runstate="Runnable" seed="1404817700" result="Passed" start-time="2026-01-27T23:47:42.6379279Z" end-time="2026-01-27T23:47:42.6465277Z" duration="0.008760" asserts="15" />
      </test-suite>
      <test-suite type="TestFixture" id="1-1132" name="SpecExprBytesCmp" fullname="Kaitai.SpecExprBytesCmp" classname="Kaitai.SpecExprBytesCmp" runstate="Runnable" testcasecount="1" result="Passed" start-time="2026-01-27T23:47:42.6465277Z" end-time="2026-01-27T23:47:42.6485460Z" duration="0.001861" total="1" passed="1" failed="0" warnings="0" inconclusive="0" skipped="0" asserts="10">
        <test-case id="1-1133" name="TestExprBytesCmp" fullname="Kaitai.SpecExprBytesCmp.TestExprBytesCmp" methodname="TestExprBytesCmp" classname="Kaitai.SpecExprBytesCmp" runstate="Runnable" seed="1320731878" result="Passed" start-time="2026-01-27T23:47:42.6465277Z" end-time="2026-01-27T23:47:42.6485460Z" duration="0.001760" asserts="10" />
      </test-suite>
      <test-suite type="TestFixture" id="1-1134" name="SpecExprBytesNonLiteral" fullname="Kaitai.SpecExprBytesNonLiteral" classname="Kaitai.SpecExprBytesNonLiteral" runstate="Runnable" testcasecount="1" result="Passed" start-time="2026-01-27T23:47:42.6485460Z" end-time="2026-01-27T23:47:42.6485460Z" duration="0.000731" total="1" passed="1" failed="0" warnings="0" inconclusive="0" skipped="0" asserts="3">
        <test-case id="1-1135" name="TestExprBytesNonLiteral" fullname="Kaitai.SpecExprBytesNonLiteral.TestExprBytesNonLiteral" methodname="TestExprBytesNonLiteral" classname="Kaitai.SpecExprBytesNonLiteral" runstate="Runnable" seed="2001978078" result="Passed" start-time="2026-01-27T23:47:42.6485460Z" end-time="2026-01-27T23:47:42.6485460Z" duration="0.000634" asserts="3" />
      </test-suite>
      <test-suite type="TestFixture" id="1-1136" name="SpecExprBytesOps" fullname="Kaitai.SpecExprBytesOps" classname="Kaitai.SpecExprBytesOps" runstate="Runnable" testcasecount="1" result="Passed" start-time="2026-01-27T23:47:42.6485460Z" end-time="2026-01-27T23:47:42.6525804Z" duration="0.003538" total="1" passed="1" failed="0" warnings="0" inconclusive="0" skipped="0" asserts="16">
        <test-case id="1-1137" name="TestExprBytesOps" fullname="Kaitai.SpecExprBytesOps.TestExprBytesOps" methodname="TestExprBytesOps" classname="Kaitai.SpecExprBytesOps" runstate="Runnable" seed="1156008484" result="Passed" start-time="2026-01-27T23:47:42.6485460Z" end-time="2026-01-27T23:47:42.6525804Z" duration="0.003438" asserts="16" />
      </test-suite>
      <test-suite type="TestFixture" id="1-1138" name="SpecExprCalcArrayOps" fullname="Kaitai.SpecExprCalcArrayOps" classname="Kaitai.SpecExprCalcArrayOps" runstate="Runnable" testcasecount="1" result="Passed" start-time="2026-01-27T23:47:42.6525804Z" end-time="2026-01-27T23:47:42.6561243Z" duration="0.003813" total="1" passed="1" failed="0" warnings="0" inconclusive="0" skipped="0" asserts="18">
        <test-case id="1-1139" name="TestExprCalcArrayOps" fullname="Kaitai.SpecExprCalcArrayOps.TestExprCalcArrayOps" methodname="TestExprCalcArrayOps" classname="Kaitai.SpecExprCalcArrayOps" runstate="Runnable" seed="890236165" result="Passed" start-time="2026-01-27T23:47:42.6525804Z" end-time="2026-01-27T23:47:42.6561243Z" duration="0.003718" asserts="18" />
      </test-suite>
      <test-suite type="TestFixture" id="1-1140" name="SpecExprEnum" fullname="Kaitai.SpecExprEnum" classname="Kaitai.SpecExprEnum" runstate="Runnable" testcasecount="1" result="Passed" start-time="2026-01-27T23:47:42.6561243Z" end-time="2026-01-27T23:47:42.6575470Z" duration="0.000769" total="1" passed="1" failed="0" warnings="0" inconclusive="0" skipped="0" asserts="3">
        <test-case id="1-1141" name="TestExprEnum" fullname="Kaitai.SpecExprEnum.TestExprEnum" methodname="TestExprEnum" classname="Kaitai.SpecExprEnum" runstate="Runnable" seed="780784052" result="Passed" start-time="2026-01-27T23:47:42.6561243Z" end-time="2026-01-27T23:47:42.6575470Z" duration="0.000675" asserts="3" />
      </test-suite>
      <test-suite type="TestFixture" id="1-1142" name="SpecExprFstring0" fullname="Kaitai.SpecExprFstring0" classname="Kaitai.SpecExprFstring0" runstate="Runnable" testcasecount="1" result="Passed" start-time="2026-01-27T23:47:42.6575470Z" end-time="2026-01-27T23:47:42.6581625Z" duration="0.001314" total="1" passed="1" failed="0" warnings="0" inconclusive="0" skipped="0" asserts="9">
        <test-case id="1-1143" name="TestExprFstring0" fullname="Kaitai.SpecExprFstring0.TestExprFstring0" methodname="TestExprFstring0" classname="Kaitai.SpecExprFstring0" runstate="Runnable" seed="1346617407" result="Passed" start-time="2026-01-27T23:47:42.6575470Z" end-time="2026-01-27T23:47:42.6581625Z" duration="0.001170" asserts="9" />
      </test-suite>
      <test-suite type="TestFixture" id="1-1144" name="SpecExprIntDiv" fullname="Kaitai.SpecExprIntDiv" classname="Kaitai.SpecExprIntDiv" runstate="Runnable" testcasecount="1" result="Failed" site="Child" start-time="2026-01-27T23:47:42.6581625Z" end-time="2026-01-27T23:47:42.7526327Z" duration="0.093761" total="1" passed="0" failed="1" warnings="0" inconclusive="0" skipped="0" asserts="4">
        <failure>
          <message><![CDATA[One or more child tests had errors]]></message>
        </failure>
        <test-case id="1-1145" name="TestExprIntDiv" fullname="Kaitai.SpecExprIntDiv.TestExprIntDiv" methodname="TestExprIntDiv" classname="Kaitai.SpecExprIntDiv" runstate="Runnable" seed="1560493982" result="Failed" start-time="2026-01-27T23:47:42.6581625Z" end-time="2026-01-27T23:47:42.7518535Z" duration="0.093527" asserts="4">
          <failure>
            <message><![CDATA[  Expected: -756
  But was:  -757
]]></message>
            <stack-trace><![CDATA[   at Kaitai.SpecExprIntDiv.TestExprIntDiv() in D:\a\ci_targets\ci_targets\tests\spec\csharp\kaitai_struct_csharp_tests\tests\SpecExprIntDiv.cs:line 18
]]></stack-trace>
          </failure>
          <assertions>
            <assertion result="Failed">
              <message><![CDATA[  Expected: -756
  But was:  -757
]]></message>
              <stack-trace><![CDATA[   at Kaitai.SpecExprIntDiv.TestExprIntDiv() in D:\a\ci_targets\ci_targets\tests\spec\csharp\kaitai_struct_csharp_tests\tests\SpecExprIntDiv.cs:line 18
]]></stack-trace>
            </assertion>
          </assertions>
        </test-case>
      </test-suite>
      <test-suite type="TestFixture" id="1-1146" name="SpecExprIoEof" fullname="Kaitai.SpecExprIoEof" classname="Kaitai.SpecExprIoEof" runstate="Runnable" testcasecount="1" result="Passed" start-time="2026-01-27T23:47:42.7526327Z" end-time="2026-01-27T23:47:42.7546579Z" duration="0.002327" total="1" passed="1" failed="0" warnings="0" inconclusive="0" skipped="0" asserts="4">
        <test-case id="1-1147" name="TestExprIoEof" fullname="Kaitai.SpecExprIoEof.TestExprIoEof" methodname="TestExprIoEof" classname="Kaitai.SpecExprIoEof" runstate="Runnable" seed="1035861084" result="Passed" start-time="2026-01-27T23:47:42.7526327Z" end-time="2026-01-27T23:47:42.7546579Z" duration="0.002169" asserts="4" />
      </test-suite>
      <test-suite type="TestFixture" id="1-1148" name="SpecExprIoPos" fullname="Kaitai.SpecExprIoPos" classname="Kaitai.SpecExprIoPos" runstate="Runnable" testcasecount="1" result="Passed" start-time="2026-01-27T23:47:42.7546579Z" end-time="2026-01-27T23:47:42.7559034Z" duration="0.001561" total="1" passed="1" failed="0" warnings="0" inconclusive="0" skipped="0" asserts="6">
        <test-case id="1-1149" name="TestExprIoPos" fullname="Kaitai.SpecExprIoPos.TestExprIoPos" methodname="TestExprIoPos" classname="Kaitai.SpecExprIoPos" runstate="Runnable" seed="304143524" result="Passed" start-time="2026-01-27T23:47:42.7546579Z" end-time="2026-01-27T23:47:42.7559034Z" duration="0.001423" asserts="6" />
      </test-suite>
      <test-suite type="TestFixture" id="1-1150" name="SpecExprMod" fullname="Kaitai.SpecExprMod" classname="Kaitai.SpecExprMod" runstate="Runnable" testcasecount="1" result="Passed" start-time="2026-01-27T23:47:42.7559034Z" end-time="2026-01-27T23:47:42.7566844Z" duration="0.001182" total="1" passed="1" failed="0" warnings="0" inconclusive="0" skipped="0" asserts="6">
        <test-case id="1-1151" name="TestExprMod" fullname="Kaitai.SpecExprMod.TestExprMod" methodname="TestExprMod" classname="Kaitai.SpecExprMod" runstate="Runnable" seed="1679480683" result="Passed" start-time="2026-01-27T23:47:42.7566844Z" end-time="2026-01-27T23:47:42.7566844Z" duration="0.001040" asserts="6" />
      </test-suite>
      <test-suite type="TestFixture" id="1-1152" name="SpecExprOpsParens" fullname="Kaitai.SpecExprOpsParens" classname="Kaitai.SpecExprOpsParens" runstate="Runnable" testcasecount="1" result="Passed" start-time="2026-01-27T23:47:42.7566844Z" end-time="2026-01-27T23:47:42.7607277Z" duration="0.003174" total="1" passed="1" failed="0" warnings="0" inconclusive="0" skipped="0" asserts="9">
        <test-case id="1-1153" name="TestExprOpsParens" fullname="Kaitai.SpecExprOpsParens.TestExprOpsParens" methodname="TestExprOpsParens" classname="Kaitai.SpecExprOpsParens" runstate="Runnable" seed="645533029" result="Passed" start-time="2026-01-27T23:47:42.7566844Z" end-time="2026-01-27T23:47:42.7607277Z" duration="0.003078" asserts="9" />
      </test-suite>
      <test-suite type="TestFixture" id="1-1154" name="SpecExprSizeofType0" fullname="Kaitai.SpecExprSizeofType0" classname="Kaitai.SpecExprSizeofType0" runstate="Runnable" testcasecount="1" result="Passed" start-time="2026-01-27T23:47:42.7607277Z" end-time="2026-01-27T23:47:42.7607277Z" duration="0.000481" total="1" passed="1" failed="0" warnings="0" inconclusive="0" skipped="0" asserts="1">
        <test-case id="1-1155" name="TestExprSizeofType0" fullname="Kaitai.SpecExprSizeofType0.TestExprSizeofType0" methodname="TestExprSizeofType0" classname="Kaitai.SpecExprSizeofType0" runstate="Runnable" seed="1701483582" result="Passed" start-time="2026-01-27T23:47:42.7607277Z" end-time="2026-01-27T23:47:42.7607277Z" duration="0.000386" asserts="1" />
      </test-suite>
      <test-suite type="TestFixture" id="1-1156" name="SpecExprSizeofType1" fullname="Kaitai.SpecExprSizeofType1" classname="Kaitai.SpecExprSizeofType1" runstate="Runnable" testcasecount="1" result="Passed" start-time="2026-01-27T23:47:42.7607277Z" end-time="2026-01-27T23:47:42.7619725Z" duration="0.000690" total="1" passed="1" failed="0" warnings="0" inconclusive="0" skipped="0" asserts="2">
        <test-case id="1-1157" name="TestExprSizeofType1" fullname="Kaitai.SpecExprSizeofType1.TestExprSizeofType1" methodname="TestExprSizeofType1" classname="Kaitai.SpecExprSizeofType1" runstate="Runnable" seed="1760692151" result="Passed" start-time="2026-01-27T23:47:42.7607277Z" end-time="2026-01-27T23:47:42.7619725Z" duration="0.000597" asserts="2" />
      </test-suite>
      <test-suite type="TestFixture" id="1-1158" name="SpecExprSizeofValue0" fullname="Kaitai.SpecExprSizeofValue0" classname="Kaitai.SpecExprSizeofValue0" runstate="Runnable" testcasecount="1" result="Passed" start-time="2026-01-27T23:47:42.7619725Z" end-time="2026-01-27T23:47:42.7627465Z" duration="0.000937" total="1" passed="1" failed="0" warnings="0" inconclusive="0" skipped="0" asserts="5">
        <test-case id="1-1159" name="TestExprSizeofValue0" fullname="Kaitai.SpecExprSizeofValue0.TestExprSizeofValue0" methodname="TestExprSizeofValue0" classname="Kaitai.SpecExprSizeofValue0" runstate="Runnable" seed="862570739" result="Passed" start-time="2026-01-27T23:47:42.7619725Z" end-time="2026-01-27T23:47:42.7627465Z" duration="0.000844" asserts="5" />
      </test-suite>
      <test-suite type="TestFixture" id="1-1160" name="SpecExprSizeofValueSized" fullname="Kaitai.SpecExprSizeofValueSized" classname="Kaitai.SpecExprSizeofValueSized" runstate="Runnable" testcasecount="1" result="Passed" start-time="2026-01-27T23:47:42.7627465Z" end-time="2026-01-27T23:47:42.7639991Z" duration="0.001052" total="1" passed="1" failed="0" warnings="0" inconclusive="0" skipped="0" asserts="5">
        <test-case id="1-1161" name="TestExprSizeofValueSized" fullname="Kaitai.SpecExprSizeofValueSized.TestExprSizeofValueSized" methodname="TestExprSizeofValueSized" classname="Kaitai.SpecExprSizeofValueSized" runstate="Runnable" seed="2074880098" result="Passed" start-time="2026-01-27T23:47:42.7627465Z" end-time="2026-01-27T23:47:42.7639991Z" duration="0.000953" asserts="5" />
      </test-suite>
      <test-suite type="TestFixture" id="1-1162" name="SpecExprStrEncodings" fullname="Kaitai.SpecExprStrEncodings" classname="Kaitai.SpecExprStrEncodings" runstate="Runnable" testcasecount="1" result="Passed" start-time="2026-01-27T23:47:42.7639991Z" end-time="2026-01-27T23:47:42.7662997Z" duration="0.002283" total="1" passed="1" failed="0" warnings="0" inconclusive="0" skipped="0" asserts="7">
        <test-case id="1-1163" name="TestExprStrEncodings" fullname="Kaitai.SpecExprStrEncodings.TestExprStrEncodings" methodname="TestExprStrEncodings" classname="Kaitai.SpecExprStrEncodings" runstate="Runnable" seed="1704859962" result="Passed" start-time="2026-01-27T23:47:42.7639991Z" end-time="2026-01-27T23:47:42.7662997Z" duration="0.002191" asserts="7" />
      </test-suite>
      <test-suite type="TestFixture" id="1-1164" name="SpecExprStrOps" fullname="Kaitai.SpecExprStrOps" classname="Kaitai.SpecExprStrOps" runstate="Runnable" testcasecount="1" result="Passed" start-time="2026-01-27T23:47:42.7662997Z" end-time="2026-01-27T23:47:42.7683270Z" duration="0.002054" total="1" passed="1" failed="0" warnings="0" inconclusive="0" skipped="0" asserts="18">
        <test-case id="1-1165" name="TestExprStrOps" fullname="Kaitai.SpecExprStrOps.TestExprStrOps" methodname="TestExprStrOps" classname="Kaitai.SpecExprStrOps" runstate="Runnable" seed="1865339533" result="Passed" start-time="2026-01-27T23:47:42.7662997Z" end-time="2026-01-27T23:47:42.7683270Z" duration="0.001959" asserts="18" />
      </test-suite>
      <test-suite type="TestFixture" id="1-1166" name="SpecExprToITrailing" fullname="Kaitai.SpecExprToITrailing" classname="Kaitai.SpecExprToITrailing" runstate="Runnable" testcasecount="1" result="Passed" start-time="2026-01-27T23:47:42.7683270Z" end-time="2026-01-27T23:47:42.7698184Z" duration="0.001247" total="1" passed="1" failed="0" warnings="0" inconclusive="0" skipped="0" asserts="3">
        <test-case id="1-1167" name="TestExprToITrailing" fullname="Kaitai.SpecExprToITrailing.TestExprToITrailing" methodname="TestExprToITrailing" classname="Kaitai.SpecExprToITrailing" runstate="Runnable" seed="1114263678" result="Passed" start-time="2026-01-27T23:47:42.7683270Z" end-time="2026-01-27T23:47:42.7683270Z" duration="0.001114" asserts="3" />
      </test-suite>
      <test-suite type="TestFixture" id="1-1168" name="SpecFixedContents" fullname="Kaitai.SpecFixedContents" classname="Kaitai.SpecFixedContents" runstate="Runnable" testcasecount="1" result="Passed" start-time="2026-01-27T23:47:42.7698184Z" end-time="2026-01-27T23:47:42.7703519Z" duration="0.001008" total="1" passed="1" failed="0" warnings="0" inconclusive="0" skipped="0" asserts="0">
        <test-case id="1-1169" name="TestFixedContents" fullname="Kaitai.SpecFixedContents.TestFixedContents" methodname="TestFixedContents" classname="Kaitai.SpecFixedContents" runstate="Runnable" seed="715063431" result="Passed" start-time="2026-01-27T23:47:42.7698184Z" end-time="2026-01-27T23:47:42.7703519Z" duration="0.000879" asserts="0" />
      </test-suite>
      <test-suite type="TestFixture" id="1-1170" name="SpecFixedStruct" fullname="Kaitai.SpecFixedStruct" classname="Kaitai.SpecFixedStruct" runstate="Runnable" testcasecount="1" result="Passed" start-time="2026-01-27T23:47:42.7703519Z" end-time="2026-01-27T23:47:42.7744048Z" duration="0.004008" total="1" passed="1" failed="0" warnings="0" inconclusive="0" skipped="0" asserts="20">
        <test-case id="1-1171" name="TestFixedStruct" fullname="Kaitai.SpecFixedStruct.TestFixedStruct" methodname="TestFixedStruct" classname="Kaitai.SpecFixedStruct" runstate="Runnable" seed="1473007017" result="Passed" start-time="2026-01-27T23:47:42.7703519Z" end-time="2026-01-27T23:47:42.7744048Z" duration="0.003887" asserts="20" />
      </test-suite>
      <test-suite type="TestFixture" id="1-1172" name="SpecFloatingPoints" fullname="Kaitai.SpecFloatingPoints" classname="Kaitai.SpecFloatingPoints" runstate="Runnable" testcasecount="1" result="Passed" start-time="2026-01-27T23:47:42.7744048Z" end-time="2026-01-27T23:47:42.7764230Z" duration="0.001858" total="1" passed="1" failed="0" warnings="0" inconclusive="0" skipped="0" asserts="8">
        <test-case id="1-1173" name="TestFloatingPoints" fullname="Kaitai.SpecFloatingPoints.TestFloatingPoints" methodname="TestFloatingPoints" classname="Kaitai.SpecFloatingPoints" runstate="Runnable" seed="250010096" result="Passed" start-time="2026-01-27T23:47:42.7744048Z" end-time="2026-01-27T23:47:42.7764230Z" duration="0.001755" asserts="8" />
      </test-suite>
      <test-suite type="TestFixture" id="1-1174" name="SpecHelloWorld" fullname="Kaitai.SpecHelloWorld" classname="Kaitai.SpecHelloWorld" runstate="Runnable" testcasecount="1" result="Passed" start-time="2026-01-27T23:47:42.7764230Z" end-time="2026-01-27T23:47:42.7764230Z" duration="0.000503" total="1" passed="1" failed="0" warnings="0" inconclusive="0" skipped="0" asserts="1">
        <test-case id="1-1175" name="TestHelloWorld" fullname="Kaitai.SpecHelloWorld.TestHelloWorld" methodname="TestHelloWorld" classname="Kaitai.SpecHelloWorld" runstate="Runnable" seed="694277095" result="Passed" start-time="2026-01-27T23:47:42.7764230Z" end-time="2026-01-27T23:47:42.7764230Z" duration="0.000405" asserts="1" />
      </test-suite>
      <test-suite type="TestFixture" id="1-1176" name="SpecIfInstances" fullname="Kaitai.SpecIfInstances" classname="Kaitai.SpecIfInstances" runstate="Runnable" testcasecount="1" result="Passed" start-time="2026-01-27T23:47:42.7764230Z" end-time="2026-01-27T23:47:42.7764230Z" duration="0.000452" total="1" passed="1" failed="0" warnings="0" inconclusive="0" skipped="0" asserts="1">
        <test-case id="1-1177" name="TestIfInstances" fullname="Kaitai.SpecIfInstances.TestIfInstances" methodname="TestIfInstances" classname="Kaitai.SpecIfInstances" runstate="Runnable" seed="1345087196" result="Passed" start-time="2026-01-27T23:47:42.7764230Z" end-time="2026-01-27T23:47:42.7764230Z" duration="0.000360" asserts="1" />
      </test-suite>
      <test-suite type="TestFixture" id="1-1178" name="SpecIfStruct" fullname="Kaitai.SpecIfStruct" classname="Kaitai.SpecIfStruct" runstate="Runnable" testcasecount="1" result="Passed" start-time="2026-01-27T23:47:42.7764230Z" end-time="2026-01-27T23:47:42.7784489Z" duration="0.001648" total="1" passed="1" failed="0" warnings="0" inconclusive="0" skipped="0" asserts="10">
        <test-case id="1-1179" name="TestIfStruct" fullname="Kaitai.SpecIfStruct.TestIfStruct" methodname="TestIfStruct" classname="Kaitai.SpecIfStruct" runstate="Runnable" seed="1838987058" result="Passed" start-time="2026-01-27T23:47:42.7764230Z" end-time="2026-01-27T23:47:42.7784489Z" duration="0.001559" asserts="10" />
      </test-suite>
      <test-suite type="TestFixture" id="1-1180" name="SpecIfValues" fullname="Kaitai.SpecIfValues" classname="Kaitai.SpecIfValues" runstate="Runnable" testcasecount="1" result="Passed" start-time="2026-01-27T23:47:42.7784489Z" end-time="2026-01-27T23:47:42.7804759Z" duration="0.001200" total="1" passed="1" failed="0" warnings="0" inconclusive="0" skipped="0" asserts="6">
        <test-case id="1-1181" name="TestIfValues" fullname="Kaitai.SpecIfValues.TestIfValues" methodname="TestIfValues" classname="Kaitai.SpecIfValues" runstate="Runnable" seed="4140312" result="Passed" start-time="2026-01-27T23:47:42.7784489Z" end-time="2026-01-27T23:47:42.7804759Z" duration="0.001107" asserts="6" />
      </test-suite>
      <test-suite type="TestFixture" id="1-1182" name="SpecImports0" fullname="Kaitai.SpecImports0" classname="Kaitai.SpecImports0" runstate="Runnable" testcasecount="1" result="Passed" start-time="2026-01-27T23:47:42.7804759Z" end-time="2026-01-27T23:47:42.7804759Z" duration="0.000727" total="1" passed="1" failed="0" warnings="0" inconclusive="0" skipped="0" asserts="3">
        <test-case id="1-1183" name="TestImports0" fullname="Kaitai.SpecImports0.TestImports0" methodname="TestImports0" classname="Kaitai.SpecImports0" runstate="Runnable" seed="2030747872" result="Passed" start-time="2026-01-27T23:47:42.7804759Z" end-time="2026-01-27T23:47:42.7804759Z" duration="0.000624" asserts="3" />
      </test-suite>
      <test-suite type="TestFixture" id="1-1184" name="SpecImportsAbs" fullname="Kaitai.SpecImportsAbs" classname="Kaitai.SpecImportsAbs" runstate="Runnable" testcasecount="1" result="Passed" start-time="2026-01-27T23:47:42.7804759Z" end-time="2026-01-27T23:47:42.7820265Z" duration="0.002210" total="1" passed="1" failed="0" warnings="0" inconclusive="0" skipped="0" asserts="2">
        <test-case id="1-1185" name="TestImportsAbs" fullname="Kaitai.SpecImportsAbs.TestImportsAbs" methodname="TestImportsAbs" classname="Kaitai.SpecImportsAbs" runstate="Runnable" seed="1834242816" result="Passed" start-time="2026-01-27T23:47:42.7804759Z" end-time="2026-01-27T23:47:42.7820265Z" duration="0.002119" asserts="2" />
      </test-suite>
      <test-suite type="TestFixture" id="1-1186" name="SpecImportsAbsAbs" fullname="Kaitai.SpecImportsAbsAbs" classname="Kaitai.SpecImportsAbsAbs" runstate="Runnable" testcasecount="1" result="Passed" start-time="2026-01-27T23:47:42.7820265Z" end-time="2026-01-27T23:47:42.7840529Z" duration="0.001093" total="1" passed="1" failed="0" warnings="0" inconclusive="0" skipped="0" asserts="3">
        <test-case id="1-1187" name="TestImportsAbsAbs" fullname="Kaitai.SpecImportsAbsAbs.TestImportsAbsAbs" methodname="TestImportsAbsAbs" classname="Kaitai.SpecImportsAbsAbs" runstate="Runnable" seed="677887009" result="Passed" start-time="2026-01-27T23:47:42.7820265Z" end-time="2026-01-27T23:47:42.7840529Z" duration="0.000999" asserts="3" />
      </test-suite>
      <test-suite type="TestFixture" id="1-1188" name="SpecImportsAbsRel" fullname="Kaitai.SpecImportsAbsRel" classname="Kaitai.SpecImportsAbsRel" runstate="Runnable" testcasecount="1" result="Passed" start-time="2026-01-27T23:47:42.7840529Z" end-time="2026-01-27T23:47:42.7840529Z" duration="0.000818" total="1" passed="1" failed="0" warnings="0" inconclusive="0" skipped="0" asserts="3">
        <test-case id="1-1189" name="TestImportsAbsRel" fullname="Kaitai.SpecImportsAbsRel.TestImportsAbsRel" methodname="TestImportsAbsRel" classname="Kaitai.SpecImportsAbsRel" runstate="Runnable" seed="88603935" result="Passed" start-time="2026-01-27T23:47:42.7840529Z" end-time="2026-01-27T23:47:42.7840529Z" duration="0.000728" asserts="3" />
      </test-suite>
      <test-suite type="TestFixture" id="1-1190" name="SpecImportsCastToImported" fullname="Kaitai.SpecImportsCastToImported" classname="Kaitai.SpecImportsCastToImported" runstate="Runnable" testcasecount="1" result="Passed" start-time="2026-01-27T23:47:42.7840529Z" end-time="2026-01-27T23:47:42.7860772Z" duration="0.000871" total="1" passed="1" failed="0" warnings="0" inconclusive="0" skipped="0" asserts="2">
        <test-case id="1-1191" name="TestImportsCastToImported" fullname="Kaitai.SpecImportsCastToImported.TestImportsCastToImported" methodname="TestImportsCastToImported" classname="Kaitai.SpecImportsCastToImported" runstate="Runnable" seed="1284765558" result="Passed" start-time="2026-01-27T23:47:42.7840529Z" end-time="2026-01-27T23:47:42.7860772Z" duration="0.000778" asserts="2" />
      </test-suite>
      <test-suite type="TestFixture" id="1-1192" name="SpecImportsCastToImported2" fullname="Kaitai.SpecImportsCastToImported2" classname="Kaitai.SpecImportsCastToImported2" runstate="Runnable" testcasecount="1" result="Passed" start-time="2026-01-27T23:47:42.7860772Z" end-time="2026-01-27T23:47:42.7860772Z" duration="0.000819" total="1" passed="1" failed="0" warnings="0" inconclusive="0" skipped="0" asserts="2">
        <test-case id="1-1193" name="TestImportsCastToImported2" fullname="Kaitai.SpecImportsCastToImported2.TestImportsCastToImported2" methodname="TestImportsCastToImported2" classname="Kaitai.SpecImportsCastToImported2" runstate="Runnable" seed="1088086829" result="Passed" start-time="2026-01-27T23:47:42.7860772Z" end-time="2026-01-27T23:47:42.7860772Z" duration="0.000721" asserts="2" />
      </test-suite>
      <test-suite type="TestFixture" id="1-1194" name="SpecImportsCircularA" fullname="Kaitai.SpecImportsCircularA" classname="Kaitai.SpecImportsCircularA" runstate="Runnable" testcasecount="1" result="Passed" start-time="2026-01-27T23:47:42.7860772Z" end-time="2026-01-27T23:47:42.7881036Z" duration="0.000951" total="1" passed="1" failed="0" warnings="0" inconclusive="0" skipped="0" asserts="5">
        <test-case id="1-1195" name="TestImportsCircularA" fullname="Kaitai.SpecImportsCircularA.TestImportsCircularA" methodname="TestImportsCircularA" classname="Kaitai.SpecImportsCircularA" runstate="Runnable" seed="288248013" result="Passed" start-time="2026-01-27T23:47:42.7860772Z" end-time="2026-01-27T23:47:42.7881036Z" duration="0.000859" asserts="5" />
      </test-suite>
      <test-suite type="TestFixture" id="1-1196" name="SpecImportsParamsDefArrayUsertypeImported" fullname="Kaitai.SpecImportsParamsDefArrayUsertypeImported" classname="Kaitai.SpecImportsParamsDefArrayUsertypeImported" runstate="Runnable" testcasecount="1" result="Passed" start-time="2026-01-27T23:47:42.7881036Z" end-time="2026-01-27T23:47:42.7881036Z" duration="0.001289" total="1" passed="1" failed="0" warnings="0" inconclusive="0" skipped="0" asserts="5">
        <test-case id="1-1197" name="TestImportsParamsDefArrayUsertypeImported" fullname="Kaitai.SpecImportsParamsDefArrayUsertypeImported.TestImportsParamsDefArrayUsertypeImported" methodname="TestImportsParamsDefArrayUsertypeImported" classname="Kaitai.SpecImportsParamsDefArrayUsertypeImported" runstate="Runnable" seed="350392460" result="Passed" start-time="2026-01-27T23:47:42.7881036Z" end-time="2026-01-27T23:47:42.7881036Z" duration="0.001166" asserts="5" />
      </test-suite>
      <test-suite type="TestFixture" id="1-1198" name="SpecImportsParamsDefEnumImported" fullname="Kaitai.SpecImportsParamsDefEnumImported" classname="Kaitai.SpecImportsParamsDefEnumImported" runstate="Runnable" testcasecount="1" result="Passed" start-time="2026-01-27T23:47:42.7881036Z" end-time="2026-01-27T23:47:42.7901417Z" duration="0.000934" total="1" passed="1" failed="0" warnings="0" inconclusive="0" skipped="0" asserts="4">
[...]
      </test-suite>
      <test-suite type="TestFixture" id="1-1460" name="SpecValidFailEqInt" fullname="Kaitai.SpecValidFailEqInt" classname="Kaitai.SpecValidFailEqInt" runstate="Runnable" testcasecount="1" result="Passed" start-time="2026-01-27T23:47:42.9526088Z" end-time="2026-01-27T23:47:42.9546251Z" duration="0.000843" total="1" passed="1" failed="0" warnings="0" inconclusive="0" skipped="0" asserts="1">
        <test-case id="1-1461" name="TestValidFailEqInt" fullname="Kaitai.SpecValidFailEqInt.TestValidFailEqInt" methodname="TestValidFailEqInt" classname="Kaitai.SpecValidFailEqInt" runstate="Runnable" seed="1315244532" result="Passed" start-time="2026-01-27T23:47:42.9526088Z" end-time="2026-01-27T23:47:42.9546251Z" duration="0.000739" asserts="1" />
      </test-suite>
      <test-suite type="TestFixture" id="1-1462" name="SpecValidFailEqStr" fullname="Kaitai.SpecValidFailEqStr" classname="Kaitai.SpecValidFailEqStr" runstate="Runnable" testcasecount="1" result="Passed" start-time="2026-01-27T23:47:42.9546251Z" end-time="2026-01-27T23:47:42.9546251Z" duration="0.000639" total="1" passed="1" failed="0" warnings="0" inconclusive="0" skipped="0" asserts="1">
        <test-case id="1-1463" name="TestValidFailEqStr" fullname="Kaitai.SpecValidFailEqStr.TestValidFailEqStr" methodname="TestValidFailEqStr" classname="Kaitai.SpecValidFailEqStr" runstate="Runnable" seed="338715642" result="Passed" start-time="2026-01-27T23:47:42.9546251Z" end-time="2026-01-27T23:47:42.9546251Z" duration="0.000543" asserts="1" />
      </test-suite>
      <test-suite type="TestFixture" id="1-1464" name="SpecValidFailExpr" fullname="Kaitai.SpecValidFailExpr" classname="Kaitai.SpecValidFailExpr" runstate="Runnable" testcasecount="1" result="Passed" start-time="2026-01-27T23:47:42.9546251Z" end-time="2026-01-27T23:47:42.9569194Z" duration="0.000924" total="1" passed="1" failed="0" warnings="0" inconclusive="0" skipped="0" asserts="1">
        <test-case id="1-1465" name="TestValidFailExpr" fullname="Kaitai.SpecValidFailExpr.TestValidFailExpr" methodname="TestValidFailExpr" classname="Kaitai.SpecValidFailExpr" runstate="Runnable" seed="70608861" result="Passed" start-time="2026-01-27T23:47:42.9546251Z" end-time="2026-01-27T23:47:42.9569194Z" duration="0.000828" asserts="1" />
      </test-suite>
      <test-suite type="TestFixture" id="1-1466" name="SpecValidFailInEnum" fullname="Kaitai.SpecValidFailInEnum" classname="Kaitai.SpecValidFailInEnum" runstate="Runnable" testcasecount="1" result="Passed" start-time="2026-01-27T23:47:42.9569194Z" end-time="2026-01-27T23:47:42.9569194Z" duration="0.000852" total="1" passed="1" failed="0" warnings="0" inconclusive="0" skipped="0" asserts="1">
        <test-case id="1-1467" name="TestValidFailInEnum" fullname="Kaitai.SpecValidFailInEnum.TestValidFailInEnum" methodname="TestValidFailInEnum" classname="Kaitai.SpecValidFailInEnum" runstate="Runnable" seed="56598117" result="Passed" start-time="2026-01-27T23:47:42.9569194Z" end-time="2026-01-27T23:47:42.9569194Z" duration="0.000758" asserts="1" />
      </test-suite>
      <test-suite type="TestFixture" id="1-1468" name="SpecValidFailInst" fullname="Kaitai.SpecValidFailInst" classname="Kaitai.SpecValidFailInst" runstate="Runnable" testcasecount="1" result="Passed" start-time="2026-01-27T23:47:42.9569194Z" end-time="2026-01-27T23:47:42.9584144Z" duration="0.000741" total="1" passed="1" failed="0" warnings="0" inconclusive="0" skipped="0" asserts="1">
        <test-case id="1-1469" name="TestValidFailInst" fullname="Kaitai.SpecValidFailInst.TestValidFailInst" methodname="TestValidFailInst" classname="Kaitai.SpecValidFailInst" runstate="Runnable" seed="811025327" result="Passed" start-time="2026-01-27T23:47:42.9569194Z" end-time="2026-01-27T23:47:42.9584144Z" duration="0.000647" asserts="1" />
      </test-suite>
      <test-suite type="TestFixture" id="1-1470" name="SpecValidFailMaxInt" fullname="Kaitai.SpecValidFailMaxInt" classname="Kaitai.SpecValidFailMaxInt" runstate="Runnable" testcasecount="1" result="Passed" start-time="2026-01-27T23:47:42.9584144Z" end-time="2026-01-27T23:47:42.9589413Z" duration="0.000836" total="1" passed="1" failed="0" warnings="0" inconclusive="0" skipped="0" asserts="1">
        <test-case id="1-1471" name="TestValidFailMaxInt" fullname="Kaitai.SpecValidFailMaxInt.TestValidFailMaxInt" methodname="TestValidFailMaxInt" classname="Kaitai.SpecValidFailMaxInt" runstate="Runnable" seed="1143611331" result="Passed" start-time="2026-01-27T23:47:42.9584144Z" end-time="2026-01-27T23:47:42.9589413Z" duration="0.000691" asserts="1" />
      </test-suite>
      <test-suite type="TestFixture" id="1-1472" name="SpecValidFailMinInt" fullname="Kaitai.SpecValidFailMinInt" classname="Kaitai.SpecValidFailMinInt" runstate="Runnable" testcasecount="1" result="Passed" start-time="2026-01-27T23:47:42.9589413Z" end-time="2026-01-27T23:47:42.9589413Z" duration="0.000818" total="1" passed="1" failed="0" warnings="0" inconclusive="0" skipped="0" asserts="1">
        <test-case id="1-1473" name="TestValidFailMinInt" fullname="Kaitai.SpecValidFailMinInt.TestValidFailMinInt" methodname="TestValidFailMinInt" classname="Kaitai.SpecValidFailMinInt" runstate="Runnable" seed="538059167" result="Passed" start-time="2026-01-27T23:47:42.9589413Z" end-time="2026-01-27T23:47:42.9589413Z" duration="0.000724" asserts="1" />
      </test-suite>
      <test-suite type="TestFixture" id="1-1474" name="SpecValidFailRangeBytes" fullname="Kaitai.SpecValidFailRangeBytes" classname="Kaitai.SpecValidFailRangeBytes" runstate="Runnable" testcasecount="1" result="Passed" start-time="2026-01-27T23:47:42.9589413Z" end-time="2026-01-27T23:47:42.9609605Z" duration="0.000930" total="1" passed="1" failed="0" warnings="0" inconclusive="0" skipped="0" asserts="1">
        <test-case id="1-1475" name="TestValidFailRangeBytes" fullname="Kaitai.SpecValidFailRangeBytes.TestValidFailRangeBytes" methodname="TestValidFailRangeBytes" classname="Kaitai.SpecValidFailRangeBytes" runstate="Runnable" seed="1581896920" result="Passed" start-time="2026-01-27T23:47:42.9589413Z" end-time="2026-01-27T23:47:42.9609605Z" duration="0.000836" asserts="1" />
      </test-suite>
      <test-suite type="TestFixture" id="1-1476" name="SpecValidFailRangeFloat" fullname="Kaitai.SpecValidFailRangeFloat" classname="Kaitai.SpecValidFailRangeFloat" runstate="Runnable" testcasecount="1" result="Passed" start-time="2026-01-27T23:47:42.9609605Z" end-time="2026-01-27T23:47:42.9609605Z" duration="0.000705" total="1" passed="1" failed="0" warnings="0" inconclusive="0" skipped="0" asserts="1">
        <test-case id="1-1477" name="TestValidFailRangeFloat" fullname="Kaitai.SpecValidFailRangeFloat.TestValidFailRangeFloat" methodname="TestValidFailRangeFloat" classname="Kaitai.SpecValidFailRangeFloat" runstate="Runnable" seed="972152925" result="Passed" start-time="2026-01-27T23:47:42.9609605Z" end-time="2026-01-27T23:47:42.9609605Z" duration="0.000612" asserts="1" />
      </test-suite>
      <test-suite type="TestFixture" id="1-1478" name="SpecValidFailRangeInt" fullname="Kaitai.SpecValidFailRangeInt" classname="Kaitai.SpecValidFailRangeInt" runstate="Runnable" testcasecount="1" result="Passed" start-time="2026-01-27T23:47:42.9609605Z" end-time="2026-01-27T23:47:42.9624500Z" duration="0.000683" total="1" passed="1" failed="0" warnings="0" inconclusive="0" skipped="0" asserts="1">
        <test-case id="1-1479" name="TestValidFailRangeInt" fullname="Kaitai.SpecValidFailRangeInt.TestValidFailRangeInt" methodname="TestValidFailRangeInt" classname="Kaitai.SpecValidFailRangeInt" runstate="Runnable" seed="1236887121" result="Passed" start-time="2026-01-27T23:47:42.9609605Z" end-time="2026-01-27T23:47:42.9624500Z" duration="0.000580" asserts="1" />
      </test-suite>
      <test-suite type="TestFixture" id="1-1480" name="SpecValidFailRangeStr" fullname="Kaitai.SpecValidFailRangeStr" classname="Kaitai.SpecValidFailRangeStr" runstate="Runnable" testcasecount="1" result="Passed" start-time="2026-01-27T23:47:42.9624500Z" end-time="2026-01-27T23:47:42.9629772Z" duration="0.000756" total="1" passed="1" failed="0" warnings="0" inconclusive="0" skipped="0" asserts="1">
        <test-case id="1-1481" name="TestValidFailRangeStr" fullname="Kaitai.SpecValidFailRangeStr.TestValidFailRangeStr" methodname="TestValidFailRangeStr" classname="Kaitai.SpecValidFailRangeStr" runstate="Runnable" seed="1317432064" result="Passed" start-time="2026-01-27T23:47:42.9624500Z" end-time="2026-01-27T23:47:42.9629772Z" duration="0.000612" asserts="1" />
      </test-suite>
      <test-suite type="TestFixture" id="1-1482" name="SpecValidFailRepeatAnyofInt" fullname="Kaitai.SpecValidFailRepeatAnyofInt" classname="Kaitai.SpecValidFailRepeatAnyofInt" runstate="Runnable" testcasecount="1" result="Passed" start-time="2026-01-27T23:47:42.9629772Z" end-time="2026-01-27T23:47:42.9629772Z" duration="0.000740" total="1" passed="1" failed="0" warnings="0" inconclusive="0" skipped="0" asserts="1">
        <test-case id="1-1483" name="TestValidFailRepeatAnyofInt" fullname="Kaitai.SpecValidFailRepeatAnyofInt.TestValidFailRepeatAnyofInt" methodname="TestValidFailRepeatAnyofInt" classname="Kaitai.SpecValidFailRepeatAnyofInt" runstate="Runnable" seed="542581698" result="Passed" start-time="2026-01-27T23:47:42.9629772Z" end-time="2026-01-27T23:47:42.9629772Z" duration="0.000639" asserts="1" />
      </test-suite>
      <test-suite type="TestFixture" id="1-1484" name="SpecValidFailRepeatContents" fullname="Kaitai.SpecValidFailRepeatContents" classname="Kaitai.SpecValidFailRepeatContents" runstate="Runnable" testcasecount="1" result="Passed" start-time="2026-01-27T23:47:42.9629772Z" end-time="2026-01-27T23:47:42.9644779Z" duration="0.000793" total="1" passed="1" failed="0" warnings="0" inconclusive="0" skipped="0" asserts="1">
        <test-case id="1-1485" name="TestValidFailRepeatContents" fullname="Kaitai.SpecValidFailRepeatContents.TestValidFailRepeatContents" methodname="TestValidFailRepeatContents" classname="Kaitai.SpecValidFailRepeatContents" runstate="Runnable" seed="1184068817" result="Passed" start-time="2026-01-27T23:47:42.9629772Z" end-time="2026-01-27T23:47:42.9644779Z" duration="0.000687" asserts="1" />
      </test-suite>
      <test-suite type="TestFixture" id="1-1486" name="SpecValidFailRepeatEqInt" fullname="Kaitai.SpecValidFailRepeatEqInt" classname="Kaitai.SpecValidFailRepeatEqInt" runstate="Runnable" testcasecount="1" result="Passed" start-time="2026-01-27T23:47:42.9644779Z" end-time="2026-01-27T23:47:42.9664984Z" duration="0.001711" total="1" passed="1" failed="0" warnings="0" inconclusive="0" skipped="0" asserts="1">
        <test-case id="1-1487" name="TestValidFailRepeatEqInt" fullname="Kaitai.SpecValidFailRepeatEqInt.TestValidFailRepeatEqInt" methodname="TestValidFailRepeatEqInt" classname="Kaitai.SpecValidFailRepeatEqInt" runstate="Runnable" seed="2006302108" result="Passed" start-time="2026-01-27T23:47:42.9649943Z" end-time="2026-01-27T23:47:42.9664984Z" duration="0.001602" asserts="1" />
      </test-suite>
      <test-suite type="TestFixture" id="1-1488" name="SpecValidFailRepeatExpr" fullname="Kaitai.SpecValidFailRepeatExpr" classname="Kaitai.SpecValidFailRepeatExpr" runstate="Runnable" testcasecount="1" result="Passed" start-time="2026-01-27T23:47:42.9664984Z" end-time="2026-01-27T23:47:42.9670187Z" duration="0.000799" total="1" passed="1" failed="0" warnings="0" inconclusive="0" skipped="0" asserts="1">
        <test-case id="1-1489" name="TestValidFailRepeatExpr" fullname="Kaitai.SpecValidFailRepeatExpr.TestValidFailRepeatExpr" methodname="TestValidFailRepeatExpr" classname="Kaitai.SpecValidFailRepeatExpr" runstate="Runnable" seed="473052790" result="Passed" start-time="2026-01-27T23:47:42.9664984Z" end-time="2026-01-27T23:47:42.9670187Z" duration="0.000652" asserts="1" />
      </test-suite>
      <test-suite type="TestFixture" id="1-1490" name="SpecValidFailRepeatInst" fullname="Kaitai.SpecValidFailRepeatInst" classname="Kaitai.SpecValidFailRepeatInst" runstate="Runnable" testcasecount="1" result="Passed" start-time="2026-01-27T23:47:42.9670187Z" end-time="2026-01-27T23:47:42.9670187Z" duration="0.000860" total="1" passed="1" failed="0" warnings="0" inconclusive="0" skipped="0" asserts="1">
        <test-case id="1-1491" name="TestValidFailRepeatInst" fullname="Kaitai.SpecValidFailRepeatInst.TestValidFailRepeatInst" methodname="TestValidFailRepeatInst" classname="Kaitai.SpecValidFailRepeatInst" runstate="Runnable" seed="1749244531" result="Passed" start-time="2026-01-27T23:47:42.9670187Z" end-time="2026-01-27T23:47:42.9670187Z" duration="0.000763" asserts="1" />
      </test-suite>
      <test-suite type="TestFixture" id="1-1492" name="SpecValidFailRepeatMaxInt" fullname="Kaitai.SpecValidFailRepeatMaxInt" classname="Kaitai.SpecValidFailRepeatMaxInt" runstate="Runnable" testcasecount="1" result="Passed" start-time="2026-01-27T23:47:42.9670187Z" end-time="2026-01-27T23:47:42.9690419Z" duration="0.000755" total="1" passed="1" failed="0" warnings="0" inconclusive="0" skipped="0" asserts="1">
        <test-case id="1-1493" name="TestValidFailRepeatMaxInt" fullname="Kaitai.SpecValidFailRepeatMaxInt.TestValidFailRepeatMaxInt" methodname="TestValidFailRepeatMaxInt" classname="Kaitai.SpecValidFailRepeatMaxInt" runstate="Runnable" seed="284807196" result="Passed" start-time="2026-01-27T23:47:42.9670187Z" end-time="2026-01-27T23:47:42.9690419Z" duration="0.000660" asserts="1" />
      </test-suite>
      <test-suite type="TestFixture" id="1-1494" name="SpecValidFailRepeatMinInt" fullname="Kaitai.SpecValidFailRepeatMinInt" classname="Kaitai.SpecValidFailRepeatMinInt" runstate="Runnable" testcasecount="1" result="Passed" start-time="2026-01-27T23:47:42.9690419Z" end-time="2026-01-27T23:47:42.9705332Z" duration="0.001918" total="1" passed="1" failed="0" warnings="0" inconclusive="0" skipped="0" asserts="1">
        <test-case id="1-1495" name="TestValidFailRepeatMinInt" fullname="Kaitai.SpecValidFailRepeatMinInt.TestValidFailRepeatMinInt" methodname="TestValidFailRepeatMinInt" classname="Kaitai.SpecValidFailRepeatMinInt" runstate="Runnable" seed="1831436923" result="Passed" start-time="2026-01-27T23:47:42.9690419Z" end-time="2026-01-27T23:47:42.9705332Z" duration="0.001820" asserts="1" />
      </test-suite>
      <test-suite type="TestFixture" id="1-1496" name="SpecValidLong" fullname="Kaitai.SpecValidLong" classname="Kaitai.SpecValidLong" runstate="Runnable" testcasecount="1" result="Passed" start-time="2026-01-27T23:47:42.9705332Z" end-time="2026-01-27T23:47:42.9720747Z" duration="0.001346" total="1" passed="1" failed="0" warnings="0" inconclusive="0" skipped="0" asserts="0">
        <test-case id="1-1497" name="TestValidLong" fullname="Kaitai.SpecValidLong.TestValidLong" methodname="TestValidLong" classname="Kaitai.SpecValidLong" runstate="Runnable" seed="1495543401" result="Passed" start-time="2026-01-27T23:47:42.9710579Z" end-time="2026-01-27T23:47:42.9720747Z" duration="0.001244" asserts="0" />
      </test-suite>
      <test-suite type="TestFixture" id="1-1498" name="SpecValidNotParsedIf" fullname="Kaitai.SpecValidNotParsedIf" classname="Kaitai.SpecValidNotParsedIf" runstate="Runnable" testcasecount="1" result="Passed" start-time="2026-01-27T23:47:42.9720747Z" end-time="2026-01-27T23:47:42.9725687Z" duration="0.000702" total="1" passed="1" failed="0" warnings="0" inconclusive="0" skipped="0" asserts="0">
        <test-case id="1-1499" name="TestValidNotParsedIf" fullname="Kaitai.SpecValidNotParsedIf.TestValidNotParsedIf" methodname="TestValidNotParsedIf" classname="Kaitai.SpecValidNotParsedIf" runstate="Runnable" seed="556447470" result="Passed" start-time="2026-01-27T23:47:42.9720747Z" end-time="2026-01-27T23:47:42.9725687Z" duration="0.000588" asserts="0" />
      </test-suite>
      <test-suite type="TestFixture" id="1-1500" name="SpecValidOptionalId" fullname="Kaitai.SpecValidOptionalId" classname="Kaitai.SpecValidOptionalId" runstate="Runnable" testcasecount="1" result="Passed" start-time="2026-01-27T23:47:42.9725687Z" end-time="2026-01-27T23:47:42.9725687Z" duration="0.000659" total="1" passed="1" failed="0" warnings="0" inconclusive="0" skipped="0" asserts="0">
        <test-case id="1-1501" name="TestValidOptionalId" fullname="Kaitai.SpecValidOptionalId.TestValidOptionalId" methodname="TestValidOptionalId" classname="Kaitai.SpecValidOptionalId" runstate="Runnable" seed="1703832630" result="Passed" start-time="2026-01-27T23:47:42.9725687Z" end-time="2026-01-27T23:47:42.9725687Z" duration="0.000554" asserts="0" />
      </test-suite>
      <test-suite type="TestFixture" id="1-1502" name="SpecValidShort" fullname="Kaitai.SpecValidShort" classname="Kaitai.SpecValidShort" runstate="Runnable" testcasecount="1" result="Passed" start-time="2026-01-27T23:47:42.9725687Z" end-time="2026-01-27T23:47:42.9746227Z" duration="0.001370" total="1" passed="1" failed="0" warnings="0" inconclusive="0" skipped="0" asserts="0">
        <test-case id="1-1503" name="TestValidShort" fullname="Kaitai.SpecValidShort.TestValidShort" methodname="TestValidShort" classname="Kaitai.SpecValidShort" runstate="Runnable" seed="1578363630" result="Passed" start-time="2026-01-27T23:47:42.9725687Z" end-time="2026-01-27T23:47:42.9746227Z" duration="0.001273" asserts="0" />
      </test-suite>
      <test-suite type="TestFixture" id="1-1504" name="SpecValidSwitch" fullname="Kaitai.SpecValidSwitch" classname="Kaitai.SpecValidSwitch" runstate="Runnable" testcasecount="1" result="Passed" start-time="2026-01-27T23:47:42.9746227Z" end-time="2026-01-27T23:47:42.9746227Z" duration="0.000643" total="1" passed="1" failed="0" warnings="0" inconclusive="0" skipped="0" asserts="0">
        <test-case id="1-1505" name="TestValidSwitch" fullname="Kaitai.SpecValidSwitch.TestValidSwitch" methodname="TestValidSwitch" classname="Kaitai.SpecValidSwitch" runstate="Runnable" seed="550058945" result="Passed" start-time="2026-01-27T23:47:42.9746227Z" end-time="2026-01-27T23:47:42.9746227Z" duration="0.000538" asserts="0" />
      </test-suite>
      <test-suite type="TestFixture" id="1-1506" name="SpecZlibSurrounded" fullname="Kaitai.SpecZlibSurrounded" classname="Kaitai.SpecZlibSurrounded" runstate="Runnable" testcasecount="1" result="Passed" start-time="2026-01-27T23:47:42.9746227Z" end-time="2026-01-27T23:47:42.9922498Z" duration="0.017679" total="1" passed="1" failed="0" warnings="0" inconclusive="0" skipped="0" asserts="1">
        <test-case id="1-1507" name="TestZlibSurrounded" fullname="Kaitai.SpecZlibSurrounded.TestZlibSurrounded" methodname="TestZlibSurrounded" classname="Kaitai.SpecZlibSurrounded" runstate="Runnable" seed="1715991567" result="Passed" start-time="2026-01-27T23:47:42.9746227Z" end-time="2026-01-27T23:47:42.9922498Z" duration="0.017586" asserts="1" />
      </test-suite>
      <test-suite type="TestFixture" id="1-1508" name="SpecZlibWithHeader78" fullname="Kaitai.SpecZlibWithHeader78" classname="Kaitai.SpecZlibWithHeader78" runstate="Runnable" testcasecount="1" result="Passed" start-time="2026-01-27T23:47:42.9922498Z" end-time="2026-01-27T23:47:42.9922498Z" duration="0.000642" total="1" passed="1" failed="0" warnings="0" inconclusive="0" skipped="0" asserts="1">
        <test-case id="1-1509" name="TestZlibWithHeader78" fullname="Kaitai.SpecZlibWithHeader78.TestZlibWithHeader78" methodname="TestZlibWithHeader78" classname="Kaitai.SpecZlibWithHeader78" runstate="Runnable" seed="1680176075" result="Passed" start-time="2026-01-27T23:47:42.9922498Z" end-time="2026-01-27T23:47:42.9922498Z" duration="0.000542" asserts="1" />
      </test-suite>
    </test-suite>
  </test-suite>
</test-run>