<?xml version="1.0" encoding="utf-8" standalone="no"?>
<test-run id="2" testcasecount="219" result="Failed" total="219" passed="217" failed="2" inconclusive="0" skipped="0" asserts="977" engine-version="3.4.1.0" clr-version="4.0.30319.42000" start-time="2023-07-30 15:31:56Z" end-time="2023-07-30 15:32:10Z" duration="13.975262">
  <command-line><![CDATA[C:\Users\runneradmin\.nuget\packages\nunit.consolerunner\3.4.1\tools\nunit3-console.exe --result=test_out/csharp/TestResult.xml spec/csharp/kaitai_struct_csharp_tests_netframework/bin/Debug/kaitai_struct_csharp_tests.dll]]></command-line>
  <test-suite type="Assembly" id="0-1438" name="kaitai_struct_csharp_tests.dll" fullname="D:\a\ci_targets\ci_targets\tests\spec\csharp\kaitai_struct_csharp_tests_netframework\bin\Debug\kaitai_struct_csharp_tests.dll" runstate="Runnable" testcasecount="219" result="Failed" site="Child" start-time="2023-07-30 15:31:56Z" end-time="2023-07-30 15:32:10Z" duration="13.868442" total="219" passed="217" failed="2" inconclusive="0" skipped="0" asserts="977">
    <environment framework-version="3.4.1.0" clr-version="4.0.30319.42000" os-version="Microsoft Windows NT 10.0.20348.0" platform="Win32NT" cwd="D:\a\ci_targets\ci_targets\tests" machine-name="fv-az1113-533" user="runneradmin" user-domain="fv-az1113-533" culture="en-US" uiculture="en-US" os-architecture="x64" />
    <settings>
      <setting name="WorkDirectory" value="D:\a\ci_targets\ci_targets\tests" />
      <setting name="ImageRuntimeVersion" value="4.0.30319" />
      <setting name="ImageTargetFrameworkName" value=".NETFramework,Version=v4.8" />
      <setting name="ImageRequiresX86" value="False" />
      <setting name="ImageRequiresDefaultAppDomainAssemblyResolver" value="False" />
      <setting name="NumberOfTestWorkers" value="2" />
    </settings>
    <properties>
      <property name="_PID" value="2980" />
      <property name="_APPDOMAIN" value="test-domain-" />
    </properties>
    <failure>
      <message><![CDATA[One or more child tests had errors]]></message>
    </failure>
    <test-suite type="TestSuite" id="0-1439" name="Kaitai" fullname="Kaitai" runstate="Runnable" testcasecount="219" result="Failed" site="Child" start-time="2023-07-30 15:31:56Z" end-time="2023-07-30 15:32:10Z" duration="13.822324" total="219" passed="217" failed="2" inconclusive="0" skipped="0" asserts="977">
      <failure>
        <message><![CDATA[One or more child tests had errors]]></message>
      </failure>
      <test-suite type="TestFixture" id="0-1000" name="SpecBcdUserTypeBe" fullname="Kaitai.SpecBcdUserTypeBe" classname="Kaitai.SpecBcdUserTypeBe" runstate="Runnable" testcasecount="1" result="Passed" start-time="2023-07-30 15:31:56Z" end-time="2023-07-30 15:31:56Z" duration="0.050454" total="1" passed="1" failed="0" inconclusive="0" skipped="0" asserts="6">
        <test-case id="0-1001" name="TestBcdUserTypeBe" fullname="Kaitai.SpecBcdUserTypeBe.TestBcdUserTypeBe" methodname="TestBcdUserTypeBe" classname="Kaitai.SpecBcdUserTypeBe" runstate="Runnable" seed="529230628" result="Passed" start-time="2023-07-30 15:31:56Z" end-time="2023-07-30 15:31:56Z" duration="0.021954" asserts="6" />
      </test-suite>
      <test-suite type="TestFixture" id="0-1002" name="SpecBcdUserTypeLe" fullname="Kaitai.SpecBcdUserTypeLe" classname="Kaitai.SpecBcdUserTypeLe" runstate="Runnable" testcasecount="1" result="Passed" start-time="2023-07-30 15:31:56Z" end-time="2023-07-30 15:31:56Z" duration="0.031297" total="1" passed="1" failed="0" inconclusive="0" skipped="0" asserts="6">
        <test-case id="0-1003" name="TestBcdUserTypeLe" fullname="Kaitai.SpecBcdUserTypeLe.TestBcdUserTypeLe" methodname="TestBcdUserTypeLe" classname="Kaitai.SpecBcdUserTypeLe" runstate="Runnable" seed="816851182" result="Passed" start-time="2023-07-30 15:31:56Z" end-time="2023-07-30 15:31:56Z" duration="0.005488" asserts="6" />
      </test-suite>
      <test-suite type="TestFixture" id="0-1004" name="SpecBitsByteAligned" fullname="Kaitai.SpecBitsByteAligned" classname="Kaitai.SpecBitsByteAligned" runstate="Runnable" testcasecount="1" result="Passed" start-time="2023-07-30 15:31:56Z" end-time="2023-07-30 15:31:56Z" duration="0.031272" total="1" passed="1" failed="0" inconclusive="0" skipped="0" asserts="9">
        <test-case id="0-1005" name="TestBitsByteAligned" fullname="Kaitai.SpecBitsByteAligned.TestBitsByteAligned" methodname="TestBitsByteAligned" classname="Kaitai.SpecBitsByteAligned" runstate="Runnable" seed="276743512" result="Passed" start-time="2023-07-30 15:31:56Z" end-time="2023-07-30 15:31:56Z" duration="0.004956" asserts="9" />
      </test-suite>
      <test-suite type="TestFixture" id="0-1006" name="SpecBitsEnum" fullname="Kaitai.SpecBitsEnum" classname="Kaitai.SpecBitsEnum" runstate="Runnable" testcasecount="1" result="Passed" start-time="2023-07-30 15:31:56Z" end-time="2023-07-30 15:31:56Z" duration="0.031463" total="1" passed="1" failed="0" inconclusive="0" skipped="0" asserts="3">
        <test-case id="0-1007" name="TestBitsEnum" fullname="Kaitai.SpecBitsEnum.TestBitsEnum" methodname="TestBitsEnum" classname="Kaitai.SpecBitsEnum" runstate="Runnable" seed="222246243" result="Passed" start-time="2023-07-30 15:31:56Z" end-time="2023-07-30 15:31:56Z" duration="0.001057" asserts="3" />
      </test-suite>
      <test-suite type="TestFixture" id="0-1008" name="SpecBitsSeqEndianCombo" fullname="Kaitai.SpecBitsSeqEndianCombo" classname="Kaitai.SpecBitsSeqEndianCombo" runstate="Runnable" testcasecount="1" result="Passed" start-time="2023-07-30 15:31:56Z" end-time="2023-07-30 15:31:56Z" duration="0.031216" total="1" passed="1" failed="0" inconclusive="0" skipped="0" asserts="8">
        <test-case id="0-1009" name="TestBitsSeqEndianCombo" fullname="Kaitai.SpecBitsSeqEndianCombo.TestBitsSeqEndianCombo" methodname="TestBitsSeqEndianCombo" classname="Kaitai.SpecBitsSeqEndianCombo" runstate="Runnable" seed="1263960432" result="Passed" start-time="2023-07-30 15:31:56Z" end-time="2023-07-30 15:31:56Z" duration="0.007065" asserts="8" />
      </test-suite>
      <test-suite type="TestFixture" id="0-1010" name="SpecBitsShiftByB32Le" fullname="Kaitai.SpecBitsShiftByB32Le" classname="Kaitai.SpecBitsShiftByB32Le" runstate="Runnable" testcasecount="1" result="Passed" start-time="2023-07-30 15:31:56Z" end-time="2023-07-30 15:31:57Z" duration="0.031216" total="1" passed="1" failed="0" inconclusive="0" skipped="0" asserts="2">
        <test-case id="0-1011" name="TestBitsShiftByB32Le" fullname="Kaitai.SpecBitsShiftByB32Le.TestBitsShiftByB32Le" methodname="TestBitsShiftByB32Le" classname="Kaitai.SpecBitsShiftByB32Le" runstate="Runnable" seed="1114808174" result="Passed" start-time="2023-07-30 15:31:56Z" end-time="2023-07-30 15:31:56Z" duration="0.001011" asserts="2" />
      </test-suite>
      <test-suite type="TestFixture" id="0-1012" name="SpecBitsShiftByB64Le" fullname="Kaitai.SpecBitsShiftByB64Le" classname="Kaitai.SpecBitsShiftByB64Le" runstate="Runnable" testcasecount="1" result="Passed" start-time="2023-07-30 15:31:57Z" end-time="2023-07-30 15:31:57Z" duration="0.031371" total="1" passed="1" failed="0" inconclusive="0" skipped="0" asserts="2">
        <test-case id="0-1013" name="TestBitsShiftByB64Le" fullname="Kaitai.SpecBitsShiftByB64Le.TestBitsShiftByB64Le" methodname="TestBitsShiftByB64Le" classname="Kaitai.SpecBitsShiftByB64Le" runstate="Runnable" seed="483454658" result="Passed" start-time="2023-07-30 15:31:57Z" end-time="2023-07-30 15:31:57Z" duration="0.000917" asserts="2" />
      </test-suite>
      <test-suite type="TestFixture" id="0-1014" name="SpecBitsSignedResB32Be" fullname="Kaitai.SpecBitsSignedResB32Be" classname="Kaitai.SpecBitsSignedResB32Be" runstate="Runnable" testcasecount="1" result="Passed" start-time="2023-07-30 15:31:57Z" end-time="2023-07-30 15:31:57Z" duration="0.031348" total="1" passed="1" failed="0" inconclusive="0" skipped="0" asserts="1">
        <test-case id="0-1015" name="TestBitsSignedResB32Be" fullname="Kaitai.SpecBitsSignedResB32Be.TestBitsSignedResB32Be" methodname="TestBitsSignedResB32Be" classname="Kaitai.SpecBitsSignedResB32Be" runstate="Runnable" seed="2060769248" result="Passed" start-time="2023-07-30 15:31:57Z" end-time="2023-07-30 15:31:57Z" duration="0.000808" asserts="1" />
      </test-suite>
      <test-suite type="TestFixture" id="0-1016" name="SpecBitsSignedResB32Le" fullname="Kaitai.SpecBitsSignedResB32Le" classname="Kaitai.SpecBitsSignedResB32Le" runstate="Runnable" testcasecount="1" result="Passed" start-time="2023-07-30 15:31:57Z" end-time="2023-07-30 15:31:57Z" duration="0.031356" total="1" passed="1" failed="0" inconclusive="0" skipped="0" asserts="1">
        <test-case id="0-1017" name="TestBitsSignedResB32Le" fullname="Kaitai.SpecBitsSignedResB32Le.TestBitsSignedResB32Le" methodname="TestBitsSignedResB32Le" classname="Kaitai.SpecBitsSignedResB32Le" runstate="Runnable" seed="1702878792" result="Passed" start-time="2023-07-30 15:31:57Z" end-time="2023-07-30 15:31:57Z" duration="0.000892" asserts="1" />
      </test-suite>
      <test-suite type="TestFixture" id="0-1018" name="SpecBitsSignedShiftB32Le" fullname="Kaitai.SpecBitsSignedShiftB32Le" classname="Kaitai.SpecBitsSignedShiftB32Le" runstate="Runnable" testcasecount="1" result="Passed" start-time="2023-07-30 15:31:57Z" end-time="2023-07-30 15:31:57Z" duration="0.031351" total="1" passed="1" failed="0" inconclusive="0" skipped="0" asserts="2">
        <test-case id="0-1019" name="TestBitsSignedShiftB32Le" fullname="Kaitai.SpecBitsSignedShiftB32Le.TestBitsSignedShiftB32Le" methodname="TestBitsSignedShiftB32Le" classname="Kaitai.SpecBitsSignedShiftB32Le" runstate="Runnable" seed="2091173281" result="Passed" start-time="2023-07-30 15:31:57Z" end-time="2023-07-30 15:31:57Z" duration="0.000850" asserts="2" />
      </test-suite>
      <test-suite type="TestFixture" id="0-1020" name="SpecBitsSignedShiftB64Le" fullname="Kaitai.SpecBitsSignedShiftB64Le" classname="Kaitai.SpecBitsSignedShiftB64Le" runstate="Runnable" testcasecount="1" result="Passed" start-time="2023-07-30 15:31:57Z" end-time="2023-07-30 15:31:57Z" duration="0.031340" total="1" passed="1" failed="0" inconclusive="0" skipped="0" asserts="2">
        <test-case id="0-1021" name="TestBitsSignedShiftB64Le" fullname="Kaitai.SpecBitsSignedShiftB64Le.TestBitsSignedShiftB64Le" methodname="TestBitsSignedShiftB64Le" classname="Kaitai.SpecBitsSignedShiftB64Le" runstate="Runnable" seed="208458401" result="Passed" start-time="2023-07-30 15:31:57Z" end-time="2023-07-30 15:31:57Z" duration="0.000938" asserts="2" />
      </test-suite>
      <test-suite type="TestFixture" id="0-1022" name="SpecBitsSimple" fullname="Kaitai.SpecBitsSimple" classname="Kaitai.SpecBitsSimple" runstate="Runnable" testcasecount="1" result="Passed" start-time="2023-07-30 15:31:57Z" end-time="2023-07-30 15:31:57Z" duration="0.031216" total="1" passed="1" failed="0" inconclusive="0" skipped="0" asserts="14">
        <test-case id="0-1023" name="TestBitsSimple" fullname="Kaitai.SpecBitsSimple.TestBitsSimple" methodname="TestBitsSimple" classname="Kaitai.SpecBitsSimple" runstate="Runnable" seed="397702734" result="Passed" start-time="2023-07-30 15:31:57Z" end-time="2023-07-30 15:31:57Z" duration="0.002333" asserts="14" />
      </test-suite>
      <test-suite type="TestFixture" id="0-1024" name="SpecBitsSimpleLe" fullname="Kaitai.SpecBitsSimpleLe" classname="Kaitai.SpecBitsSimpleLe" runstate="Runnable" testcasecount="1" result="Passed" start-time="2023-07-30 15:31:57Z" end-time="2023-07-30 15:31:57Z" duration="0.031322" total="1" passed="1" failed="0" inconclusive="0" skipped="0" asserts="14">
        <test-case id="0-1025" name="TestBitsSimpleLe" fullname="Kaitai.SpecBitsSimpleLe.TestBitsSimpleLe" methodname="TestBitsSimpleLe" classname="Kaitai.SpecBitsSimpleLe" runstate="Runnable" seed="1246011820" result="Passed" start-time="2023-07-30 15:31:57Z" end-time="2023-07-30 15:31:57Z" duration="0.002317" asserts="14" />
      </test-suite>
      <test-suite type="TestFixture" id="0-1026" name="SpecBitsUnalignedB32Be" fullname="Kaitai.SpecBitsUnalignedB32Be" classname="Kaitai.SpecBitsUnalignedB32Be" runstate="Runnable" testcasecount="1" result="Passed" start-time="2023-07-30 15:31:57Z" end-time="2023-07-30 15:31:57Z" duration="0.031278" total="1" passed="1" failed="0" inconclusive="0" skipped="0" asserts="3">
        <test-case id="0-1027" name="TestBitsUnalignedB32Be" fullname="Kaitai.SpecBitsUnalignedB32Be.TestBitsUnalignedB32Be" methodname="TestBitsUnalignedB32Be" classname="Kaitai.SpecBitsUnalignedB32Be" runstate="Runnable" seed="1058734608" result="Passed" start-time="2023-07-30 15:31:57Z" end-time="2023-07-30 15:31:57Z" duration="0.001146" asserts="3" />
      </test-suite>
      <test-suite type="TestFixture" id="0-1028" name="SpecBitsUnalignedB32Le" fullname="Kaitai.SpecBitsUnalignedB32Le" classname="Kaitai.SpecBitsUnalignedB32Le" runstate="Runnable" testcasecount="1" result="Passed" start-time="2023-07-30 15:31:57Z" end-time="2023-07-30 15:31:57Z" duration="0.031262" total="1" passed="1" failed="0" inconclusive="0" skipped="0" asserts="3">
        <test-case id="0-1029" name="TestBitsUnalignedB32Le" fullname="Kaitai.SpecBitsUnalignedB32Le.TestBitsUnalignedB32Le" methodname="TestBitsUnalignedB32Le" classname="Kaitai.SpecBitsUnalignedB32Le" runstate="Runnable" seed="1562929274" result="Passed" start-time="2023-07-30 15:31:57Z" end-time="2023-07-30 15:31:57Z" duration="0.001170" asserts="3" />
      </test-suite>
      <test-suite type="TestFixture" id="0-1030" name="SpecBitsUnalignedB64Be" fullname="Kaitai.SpecBitsUnalignedB64Be" classname="Kaitai.SpecBitsUnalignedB64Be" runstate="Runnable" testcasecount="1" result="Passed" start-time="2023-07-30 15:31:57Z" end-time="2023-07-30 15:31:57Z" duration="0.031211" total="1" passed="1" failed="0" inconclusive="0" skipped="0" asserts="3">
        <test-case id="0-1031" name="TestBitsUnalignedB64Be" fullname="Kaitai.SpecBitsUnalignedB64Be.TestBitsUnalignedB64Be" methodname="TestBitsUnalignedB64Be" classname="Kaitai.SpecBitsUnalignedB64Be" runstate="Runnable" seed="1298713338" result="Passed" start-time="2023-07-30 15:31:57Z" end-time="2023-07-30 15:31:57Z" duration="0.001106" asserts="3" />
      </test-suite>
      <test-suite type="TestFixture" id="0-1032" name="SpecBitsUnalignedB64Le" fullname="Kaitai.SpecBitsUnalignedB64Le" classname="Kaitai.SpecBitsUnalignedB64Le" runstate="Runnable" testcasecount="1" result="Passed" start-time="2023-07-30 15:31:57Z" end-time="2023-07-30 15:31:57Z" duration="0.031328" total="1" passed="1" failed="0" inconclusive="0" skipped="0" asserts="3">
        <test-case id="0-1033" name="TestBitsUnalignedB64Le" fullname="Kaitai.SpecBitsUnalignedB64Le.TestBitsUnalignedB64Le" methodname="TestBitsUnalignedB64Le" classname="Kaitai.SpecBitsUnalignedB64Le" runstate="Runnable" seed="878541630" result="Passed" start-time="2023-07-30 15:31:57Z" end-time="2023-07-30 15:31:57Z" duration="0.001050" asserts="3" />
      </test-suite>
      <test-suite type="TestFixture" id="0-1034" name="SpecBufferedStruct" fullname="Kaitai.SpecBufferedStruct" classname="Kaitai.SpecBufferedStruct" runstate="Runnable" testcasecount="1" result="Passed" start-time="2023-07-30 15:31:57Z" end-time="2023-07-30 15:31:57Z" duration="0.031302" total="1" passed="1" failed="0" inconclusive="0" skipped="0" asserts="7">
        <test-case id="0-1035" name="TestBufferedStruct" fullname="Kaitai.SpecBufferedStruct.TestBufferedStruct" methodname="TestBufferedStruct" classname="Kaitai.SpecBufferedStruct" runstate="Runnable" seed="375620586" result="Passed" start-time="2023-07-30 15:31:57Z" end-time="2023-07-30 15:31:57Z" duration="0.002309" asserts="7" />
      </test-suite>
      <test-suite type="TestFixture" id="0-1036" name="SpecBytesPadTerm" fullname="Kaitai.SpecBytesPadTerm" classname="Kaitai.SpecBytesPadTerm" runstate="Runnable" testcasecount="1" result="Passed" start-time="2023-07-30 15:31:57Z" end-time="2023-07-30 15:31:57Z" duration="0.031351" total="1" passed="1" failed="0" inconclusive="0" skipped="0" asserts="4">
        <test-case id="0-1037" name="TestBytesPadTerm" fullname="Kaitai.SpecBytesPadTerm.TestBytesPadTerm" methodname="TestBytesPadTerm" classname="Kaitai.SpecBytesPadTerm" runstate="Runnable" seed="1005577058" result="Passed" start-time="2023-07-30 15:31:57Z" end-time="2023-07-30 15:31:57Z" duration="0.001438" asserts="4" />
      </test-suite>
      <test-suite type="TestFixture" id="0-1038" name="SpecCastNested" fullname="Kaitai.SpecCastNested" classname="Kaitai.SpecCastNested" runstate="Runnable" testcasecount="1" result="Passed" start-time="2023-07-30 15:31:57Z" end-time="2023-07-30 15:31:57Z" duration="0.031646" total="1" passed="1" failed="0" inconclusive="0" skipped="0" asserts="4">
        <test-case id="0-1039" name="TestCastNested" fullname="Kaitai.SpecCastNested.TestCastNested" methodname="TestCastNested" classname="Kaitai.SpecCastNested" runstate="Runnable" seed="606386654" result="Passed" start-time="2023-07-30 15:31:57Z" end-time="2023-07-30 15:31:57Z" duration="0.003134" asserts="4" />
      </test-suite>
      <test-suite type="TestFixture" id="0-1040" name="SpecCastToImported" fullname="Kaitai.SpecCastToImported" classname="Kaitai.SpecCastToImported" runstate="Runnable" testcasecount="1" result="Passed" start-time="2023-07-30 15:31:57Z" end-time="2023-07-30 15:31:57Z" duration="0.031261" total="1" passed="1" failed="0" inconclusive="0" skipped="0" asserts="2">
        <test-case id="0-1041" name="TestCastToImported" fullname="Kaitai.SpecCastToImported.TestCastToImported" methodname="TestCastToImported" classname="Kaitai.SpecCastToImported" runstate="Runnable" seed="578202552" result="Passed" start-time="2023-07-30 15:31:57Z" end-time="2023-07-30 15:31:57Z" duration="0.001160" asserts="2" />
      </test-suite>
      <test-suite type="TestFixture" id="0-1042" name="SpecCastToTop" fullname="Kaitai.SpecCastToTop" classname="Kaitai.SpecCastToTop" runstate="Runnable" testcasecount="1" result="Passed" start-time="2023-07-30 15:31:57Z" end-time="2023-07-30 15:31:58Z" duration="0.031340" total="1" passed="1" failed="0" inconclusive="0" skipped="0" asserts="3">
        <test-case id="0-1043" name="TestCastToTop" fullname="Kaitai.SpecCastToTop.TestCastToTop" methodname="TestCastToTop" classname="Kaitai.SpecCastToTop" runstate="Runnable" seed="1106882878" result="Passed" start-time="2023-07-30 15:31:57Z" end-time="2023-07-30 15:31:57Z" duration="0.001393" asserts="3" />
      </test-suite>
      <test-suite type="TestFixture" id="0-1044" name="SpecCombineBool" fullname="Kaitai.SpecCombineBool" classname="Kaitai.SpecCombineBool" runstate="Runnable" testcasecount="1" result="Passed" start-time="2023-07-30 15:31:58Z" end-time="2023-07-30 15:31:58Z" duration="0.031266" total="1" passed="1" failed="0" inconclusive="0" skipped="0" asserts="2">
        <test-case id="0-1045" name="TestCombineBool" fullname="Kaitai.SpecCombineBool.TestCombineBool" methodname="TestCombineBool" classname="Kaitai.SpecCombineBool" runstate="Runnable" seed="1357062046" result="Passed" start-time="2023-07-30 15:31:58Z" end-time="2023-07-30 15:31:58Z" duration="0.001132" asserts="2" />
      </test-suite>
      <test-suite type="TestFixture" id="0-1046" name="SpecCombineBytes" fullname="Kaitai.SpecCombineBytes" classname="Kaitai.SpecCombineBytes" runstate="Runnable" testcasecount="1" result="Passed" start-time="2023-07-30 15:31:58Z" end-time="2023-07-30 15:31:58Z" duration="0.031355" total="1" passed="1" failed="0" inconclusive="0" skipped="0" asserts="10">
        <test-case id="0-1047" name="TestCombineBytes" fullname="Kaitai.SpecCombineBytes.TestCombineBytes" methodname="TestCombineBytes" classname="Kaitai.SpecCombineBytes" runstate="Runnable" seed="701286632" result="Passed" start-time="2023-07-30 15:31:58Z" end-time="2023-07-30 15:31:58Z" duration="0.002107" asserts="10" />
      </test-suite>
      <test-suite type="TestFixture" id="0-1048" name="SpecCombineEnum" fullname="Kaitai.SpecCombineEnum" classname="Kaitai.SpecCombineEnum" runstate="Runnable" testcasecount="1" result="Passed" start-time="2023-07-30 15:31:58Z" end-time="2023-07-30 15:31:58Z" duration="0.031303" total="1" passed="1" failed="0" inconclusive="0" skipped="0" asserts="3">
        <test-case id="0-1049" name="TestCombineEnum" fullname="Kaitai.SpecCombineEnum.TestCombineEnum" methodname="TestCombineEnum" classname="Kaitai.SpecCombineEnum" runstate="Runnable" seed="1773744632" result="Passed" start-time="2023-07-30 15:31:58Z" end-time="2023-07-30 15:31:58Z" duration="0.001147" asserts="3" />
      </test-suite>
      <test-suite type="TestFixture" id="0-1050" name="SpecCombineStr" fullname="Kaitai.SpecCombineStr" classname="Kaitai.SpecCombineStr" runstate="Runnable" testcasecount="1" result="Passed" start-time="2023-07-30 15:31:58Z" end-time="2023-07-30 15:31:58Z" duration="0.031350" total="1" passed="1" failed="0" inconclusive="0" skipped="0" asserts="15">
        <test-case id="0-1051" name="TestCombineStr" fullname="Kaitai.SpecCombineStr.TestCombineStr" methodname="TestCombineStr" classname="Kaitai.SpecCombineStr" runstate="Runnable" seed="563215967" result="Passed" start-time="2023-07-30 15:31:58Z" end-time="2023-07-30 15:31:58Z" duration="0.002634" asserts="15" />
      </test-suite>
      <test-suite type="TestFixture" id="0-1052" name="SpecDebug0" fullname="Kaitai.SpecDebug0" classname="Kaitai.SpecDebug0" runstate="Runnable" testcasecount="1" result="Passed" start-time="2023-07-30 15:31:58Z" end-time="2023-07-30 15:31:58Z" duration="0.031300" total="1" passed="1" failed="0" inconclusive="0" skipped="0" asserts="0">
        <test-case id="0-1053" name="TestDebug0" fullname="Kaitai.SpecDebug0.TestDebug0" methodname="TestDebug0" classname="Kaitai.SpecDebug0" runstate="Runnable" seed="209338506" result="Passed" start-time="2023-07-30 15:31:58Z" end-time="2023-07-30 15:31:58Z" duration="0.000227" asserts="0" />
      </test-suite>
      <test-suite type="TestFixture" id="0-1054" name="SpecDebugArrayUser" fullname="Kaitai.SpecDebugArrayUser" classname="Kaitai.SpecDebugArrayUser" runstate="Runnable" testcasecount="1" result="Passed" start-time="2023-07-30 15:31:58Z" end-time="2023-07-30 15:31:58Z" duration="0.031277" total="1" passed="1" failed="0" inconclusive="0" skipped="0" asserts="4">
        <test-case id="0-1055" name="TestDebugArrayUser" fullname="Kaitai.SpecDebugArrayUser.TestDebugArrayUser" methodname="TestDebugArrayUser" classname="Kaitai.SpecDebugArrayUser" runstate="Runnable" seed="1186982467" result="Passed" start-time="2023-07-30 15:31:58Z" end-time="2023-07-30 15:31:58Z" duration="0.001456" asserts="4" />
      </test-suite>
      <test-suite type="TestFixture" id="0-1056" name="SpecDebugEnumName" fullname="Kaitai.SpecDebugEnumName" classname="Kaitai.SpecDebugEnumName" runstate="Runnable" testcasecount="1" result="Passed" start-time="2023-07-30 15:31:58Z" end-time="2023-07-30 15:31:58Z" duration="0.031343" total="1" passed="1" failed="0" inconclusive="0" skipped="0" asserts="0">
        <test-case id="0-1057" name="TestDebugEnumName" fullname="Kaitai.SpecDebugEnumName.TestDebugEnumName" methodname="TestDebugEnumName" classname="Kaitai.SpecDebugEnumName" runstate="Runnable" seed="2019581422" result="Passed" start-time="2023-07-30 15:31:58Z" end-time="2023-07-30 15:31:58Z" duration="0.000202" asserts="0" />
      </test-suite>
      <test-suite type="TestFixture" id="0-1058" name="SpecDebugSwitchUser" fullname="Kaitai.SpecDebugSwitchUser" classname="Kaitai.SpecDebugSwitchUser" runstate="Runnable" testcasecount="1" result="Passed" start-time="2023-07-30 15:31:58Z" end-time="2023-07-30 15:31:58Z" duration="0.031376" total="1" passed="1" failed="0" inconclusive="0" skipped="0" asserts="2">
        <test-case id="0-1059" name="TestDebugSwitchUser" fullname="Kaitai.SpecDebugSwitchUser.TestDebugSwitchUser" methodname="TestDebugSwitchUser" classname="Kaitai.SpecDebugSwitchUser" runstate="Runnable" seed="2084054632" result="Passed" start-time="2023-07-30 15:31:58Z" end-time="2023-07-30 15:31:58Z" duration="0.001289" asserts="2" />
      </test-suite>
      <test-suite type="TestFixture" id="0-1060" name="SpecDefaultBigEndian" fullname="Kaitai.SpecDefaultBigEndian" classname="Kaitai.SpecDefaultBigEndian" runstate="Runnable" testcasecount="1" result="Passed" start-time="2023-07-30 15:31:58Z" end-time="2023-07-30 15:31:58Z" duration="0.031274" total="1" passed="1" failed="0" inconclusive="0" skipped="0" asserts="1">
        <test-case id="0-1061" name="TestDefaultBigEndian" fullname="Kaitai.SpecDefaultBigEndian.TestDefaultBigEndian" methodname="TestDefaultBigEndian" classname="Kaitai.SpecDefaultBigEndian" runstate="Runnable" seed="472918223" result="Passed" start-time="2023-07-30 15:31:58Z" end-time="2023-07-30 15:31:58Z" duration="0.000945" asserts="1" />
      </test-suite>
      <test-suite type="TestFixture" id="0-1062" name="SpecDefaultBitEndianMod" fullname="Kaitai.SpecDefaultBitEndianMod" classname="Kaitai.SpecDefaultBitEndianMod" runstate="Runnable" testcasecount="1" result="Passed" start-time="2023-07-30 15:31:58Z" end-time="2023-07-30 15:31:58Z" duration="0.031280" total="1" passed="1" failed="0" inconclusive="0" skipped="0" asserts="4">
        <test-case id="0-1063" name="TestDefaultBitEndianMod" fullname="Kaitai.SpecDefaultBitEndianMod.TestDefaultBitEndianMod" methodname="TestDefaultBitEndianMod" classname="Kaitai.SpecDefaultBitEndianMod" runstate="Runnable" seed="1373039555" result="Passed" start-time="2023-07-30 15:31:58Z" end-time="2023-07-30 15:31:58Z" duration="0.001665" asserts="4" />
      </test-suite>
      <test-suite type="TestFixture" id="0-1064" name="SpecDefaultEndianExprException" fullname="Kaitai.SpecDefaultEndianExprException" classname="Kaitai.SpecDefaultEndianExprException" runstate="Runnable" testcasecount="1" result="Passed" start-time="2023-07-30 15:31:58Z" end-time="2023-07-30 15:31:58Z" duration="0.031359" total="1" passed="1" failed="0" inconclusive="0" skipped="0" asserts="1">
        <test-case id="0-1065" name="TestDefaultEndianExprException" fullname="Kaitai.SpecDefaultEndianExprException.TestDefaultEndianExprException" methodname="TestDefaultEndianExprException" classname="Kaitai.SpecDefaultEndianExprException" runstate="Runnable" seed="1699121212" result="Passed" start-time="2023-07-30 15:31:58Z" end-time="2023-07-30 15:31:58Z" duration="0.008603" asserts="1" />
      </test-suite>
      <test-suite type="TestFixture" id="0-1066" name="SpecDefaultEndianExprInherited" fullname="Kaitai.SpecDefaultEndianExprInherited" classname="Kaitai.SpecDefaultEndianExprInherited" runstate="Runnable" testcasecount="1" result="Passed" start-time="2023-07-30 15:31:58Z" end-time="2023-07-30 15:31:58Z" duration="0.031186" total="1" passed="1" failed="0" inconclusive="0" skipped="0" asserts="15">
        <test-case id="0-1067" name="TestDefaultEndianExprInherited" fullname="Kaitai.SpecDefaultEndianExprInherited.TestDefaultEndianExprInherited" methodname="TestDefaultEndianExprInherited" classname="Kaitai.SpecDefaultEndianExprInherited" runstate="Runnable" seed="2004574658" result="Passed" start-time="2023-07-30 15:31:58Z" end-time="2023-07-30 15:31:58Z" duration="0.004090" asserts="15" />
      </test-suite>
      <test-suite type="TestFixture" id="0-1068" name="SpecDefaultEndianExprIsBe" fullname="Kaitai.SpecDefaultEndianExprIsBe" classname="Kaitai.SpecDefaultEndianExprIsBe" runstate="Runnable" testcasecount="1" result="Passed" start-time="2023-07-30 15:31:58Z" end-time="2023-07-30 15:31:58Z" duration="0.031366" total="1" passed="1" failed="0" inconclusive="0" skipped="0" asserts="18">
        <test-case id="0-1069" name="TestDefaultEndianExprIsBe" fullname="Kaitai.SpecDefaultEndianExprIsBe.TestDefaultEndianExprIsBe" methodname="TestDefaultEndianExprIsBe" classname="Kaitai.SpecDefaultEndianExprIsBe" runstate="Runnable" seed="908003500" result="Passed" start-time="2023-07-30 15:31:58Z" end-time="2023-07-30 15:31:58Z" duration="0.003844" asserts="18" />
      </test-suite>
      <test-suite type="TestFixture" id="0-1070" name="SpecDefaultEndianExprIsLe" fullname="Kaitai.SpecDefaultEndianExprIsLe" classname="Kaitai.SpecDefaultEndianExprIsLe" runstate="Runnable" testcasecount="1" result="Passed" start-time="2023-07-30 15:31:58Z" end-time="2023-07-30 15:31:58Z" duration="0.031332" total="1" passed="1" failed="0" inconclusive="0" skipped="0" asserts="12">
        <test-case id="0-1071" name="TestDefaultEndianExprIsLe" fullname="Kaitai.SpecDefaultEndianExprIsLe.TestDefaultEndianExprIsLe" methodname="TestDefaultEndianExprIsLe" classname="Kaitai.SpecDefaultEndianExprIsLe" runstate="Runnable" seed="1185487868" result="Passed" start-time="2023-07-30 15:31:58Z" end-time="2023-07-30 15:31:58Z" duration="0.002823" asserts="12" />
      </test-suite>
      <test-suite type="TestFixture" id="0-1072" name="SpecDefaultEndianMod" fullname="Kaitai.SpecDefaultEndianMod" classname="Kaitai.SpecDefaultEndianMod" runstate="Runnable" testcasecount="1" result="Passed" start-time="2023-07-30 15:31:58Z" end-time="2023-07-30 15:31:58Z" duration="0.031354" total="1" passed="1" failed="0" inconclusive="0" skipped="0" asserts="3">
        <test-case id="0-1073" name="TestDefaultEndianMod" fullname="Kaitai.SpecDefaultEndianMod.TestDefaultEndianMod" methodname="TestDefaultEndianMod" classname="Kaitai.SpecDefaultEndianMod" runstate="Runnable" seed="1709532162" result="Passed" start-time="2023-07-30 15:31:58Z" end-time="2023-07-30 15:31:58Z" duration="0.001529" asserts="3" />
      </test-suite>
      <test-suite type="TestFixture" id="0-1074" name="SpecDocstrings" fullname="Kaitai.SpecDocstrings" classname="Kaitai.SpecDocstrings" runstate="Runnable" testcasecount="1" result="Passed" start-time="2023-07-30 15:31:58Z" end-time="2023-07-30 15:31:59Z" duration="0.031258" total="1" passed="1" failed="0" inconclusive="0" skipped="0" asserts="0">
        <test-case id="0-1075" name="TestDocstrings" fullname="Kaitai.SpecDocstrings.TestDocstrings" methodname="TestDocstrings" classname="Kaitai.SpecDocstrings" runstate="Runnable" seed="373278934" result="Passed" start-time="2023-07-30 15:31:58Z" end-time="2023-07-30 15:31:58Z" duration="0.000628" asserts="0" />
      </test-suite>
      <test-suite type="TestFixture" id="0-1076" name="SpecDocstringsDocref" fullname="Kaitai.SpecDocstringsDocref" classname="Kaitai.SpecDocstringsDocref" runstate="Runnable" testcasecount="1" result="Passed" start-time="2023-07-30 15:31:59Z" end-time="2023-07-30 15:31:59Z" duration="0.031318" total="1" passed="1" failed="0" inconclusive="0" skipped="0" asserts="0">
        <test-case id="0-1077" name="TestDocstringsDocref" fullname="Kaitai.SpecDocstringsDocref.TestDocstringsDocref" methodname="TestDocstringsDocref" classname="Kaitai.SpecDocstringsDocref" runstate="Runnable" seed="1611000064" result="Passed" start-time="2023-07-30 15:31:59Z" end-time="2023-07-30 15:31:59Z" duration="0.000689" asserts="0" />
      </test-suite>
      <test-suite type="TestFixture" id="0-1078" name="SpecDocstringsDocrefMulti" fullname="Kaitai.SpecDocstringsDocrefMulti" classname="Kaitai.SpecDocstringsDocrefMulti" runstate="Runnable" testcasecount="1" result="Passed" start-time="2023-07-30 15:31:59Z" end-time="2023-07-30 15:31:59Z" duration="0.031292" total="1" passed="1" failed="0" inconclusive="0" skipped="0" asserts="0">
        <test-case id="0-1079" name="TestDocstringsDocrefMulti" fullname="Kaitai.SpecDocstringsDocrefMulti.TestDocstringsDocrefMulti" methodname="TestDocstringsDocrefMulti" classname="Kaitai.SpecDocstringsDocrefMulti" runstate="Runnable" seed="395952285" result="Passed" start-time="2023-07-30 15:31:59Z" end-time="2023-07-30 15:31:59Z" duration="0.000581" asserts="0" />
      </test-suite>
      <test-suite type="TestFixture" id="0-1080" name="SpecEnum0" fullname="Kaitai.SpecEnum0" classname="Kaitai.SpecEnum0" runstate="Runnable" testcasecount="1" result="Passed" start-time="2023-07-30 15:31:59Z" end-time="2023-07-30 15:31:59Z" duration="0.031346" total="1" passed="1" failed="0" inconclusive="0" skipped="0" asserts="2">
        <test-case id="0-1081" name="TestEnum0" fullname="Kaitai.SpecEnum0.TestEnum0" methodname="TestEnum0" classname="Kaitai.SpecEnum0" runstate="Runnable" seed="271952344" result="Passed" start-time="2023-07-30 15:31:59Z" end-time="2023-07-30 15:31:59Z" duration="0.000879" asserts="2" />
      </test-suite>
      <test-suite type="TestFixture" id="0-1082" name="SpecEnum1" fullname="Kaitai.SpecEnum1" classname="Kaitai.SpecEnum1" runstate="Runnable" testcasecount="1" result="Passed" start-time="2023-07-30 15:31:59Z" end-time="2023-07-30 15:31:59Z" duration="0.031214" total="1" passed="1" failed="0" inconclusive="0" skipped="0" asserts="2">
        <test-case id="0-1083" name="TestEnum1" fullname="Kaitai.SpecEnum1.TestEnum1" methodname="TestEnum1" classname="Kaitai.SpecEnum1" runstate="Runnable" seed="426255479" result="Passed" start-time="2023-07-30 15:31:59Z" end-time="2023-07-30 15:31:59Z" duration="0.001302" asserts="2" />
      </test-suite>
      <test-suite type="TestFixture" id="0-1084" name="SpecEnumDeep" fullname="Kaitai.SpecEnumDeep" classname="Kaitai.SpecEnumDeep" runstate="Runnable" testcasecount="1" result="Passed" start-time="2023-07-30 15:31:59Z" end-time="2023-07-30 15:31:59Z" duration="0.031322" total="1" passed="1" failed="0" inconclusive="0" skipped="0" asserts="2">
        <test-case id="0-1085" name="TestEnumDeep" fullname="Kaitai.SpecEnumDeep.TestEnumDeep" methodname="TestEnumDeep" classname="Kaitai.SpecEnumDeep" runstate="Runnable" seed="1112961548" result="Passed" start-time="2023-07-30 15:31:59Z" end-time="2023-07-30 15:31:59Z" duration="0.000971" asserts="2" />
      </test-suite>
      <test-suite type="TestFixture" id="0-1086" name="SpecEnumDeepLiterals" fullname="Kaitai.SpecEnumDeepLiterals" classname="Kaitai.SpecEnumDeepLiterals" runstate="Runnable" testcasecount="1" result="Passed" start-time="2023-07-30 15:31:59Z" end-time="2023-07-30 15:31:59Z" duration="0.031218" total="1" passed="1" failed="0" inconclusive="0" skipped="0" asserts="2">
        <test-case id="0-1087" name="TestEnumDeepLiterals" fullname="Kaitai.SpecEnumDeepLiterals.TestEnumDeepLiterals" methodname="TestEnumDeepLiterals" classname="Kaitai.SpecEnumDeepLiterals" runstate="Runnable" seed="24256488" result="Passed" start-time="2023-07-30 15:31:59Z" end-time="2023-07-30 15:31:59Z" duration="0.000988" asserts="2" />
      </test-suite>
      <test-suite type="TestFixture" id="0-1088" name="SpecEnumFancy" fullname="Kaitai.SpecEnumFancy" classname="Kaitai.SpecEnumFancy" runstate="Runnable" testcasecount="1" result="Passed" start-time="2023-07-30 15:31:59Z" end-time="2023-07-30 15:31:59Z" duration="0.031337" total="1" passed="1" failed="0" inconclusive="0" skipped="0" asserts="2">
        <test-case id="0-1089" name="TestEnumFancy" fullname="Kaitai.SpecEnumFancy.TestEnumFancy" methodname="TestEnumFancy" classname="Kaitai.SpecEnumFancy" runstate="Runnable" seed="143032724" result="Passed" start-time="2023-07-30 15:31:59Z" end-time="2023-07-30 15:31:59Z" duration="0.000821" asserts="2" />
      </test-suite>
      <test-suite type="TestFixture" id="0-1090" name="SpecEnumForUnknownId" fullname="Kaitai.SpecEnumForUnknownId" classname="Kaitai.SpecEnumForUnknownId" runstate="Runnable" testcasecount="1" result="Passed" start-time="2023-07-30 15:31:59Z" end-time="2023-07-30 15:31:59Z" duration="0.031303" total="1" passed="1" failed="0" inconclusive="0" skipped="0" asserts="1">
        <test-case id="0-1091" name="TestEnumForUnknownId" fullname="Kaitai.SpecEnumForUnknownId.TestEnumForUnknownId" methodname="TestEnumForUnknownId" classname="Kaitai.SpecEnumForUnknownId" runstate="Runnable" seed="784366134" result="Passed" start-time="2023-07-30 15:31:59Z" end-time="2023-07-30 15:31:59Z" duration="0.000794" asserts="1" />
      </test-suite>
      <test-suite type="TestFixture" id="0-1092" name="SpecEnumIf" fullname="Kaitai.SpecEnumIf" classname="Kaitai.SpecEnumIf" runstate="Runnable" testcasecount="1" result="Passed" start-time="2023-07-30 15:31:59Z" end-time="2023-07-30 15:31:59Z" duration="0.031347" total="1" passed="1" failed="0" inconclusive="0" skipped="0" asserts="7">
        <test-case id="0-1093" name="TestEnumIf" fullname="Kaitai.SpecEnumIf.TestEnumIf" methodname="TestEnumIf" classname="Kaitai.SpecEnumIf" runstate="Runnable" seed="883059647" result="Passed" start-time="2023-07-30 15:31:59Z" end-time="2023-07-30 15:31:59Z" duration="0.002062" asserts="7" />
      </test-suite>
      <test-suite type="TestFixture" id="0-1094" name="SpecEnumImport" fullname="Kaitai.SpecEnumImport" classname="Kaitai.SpecEnumImport" runstate="Runnable" testcasecount="1" result="Passed" start-time="2023-07-30 15:31:59Z" end-time="2023-07-30 15:31:59Z" duration="0.031240" total="1" passed="1" failed="0" inconclusive="0" skipped="0" asserts="2">
        <test-case id="0-1095" name="TestEnumImport" fullname="Kaitai.SpecEnumImport.TestEnumImport" methodname="TestEnumImport" classname="Kaitai.SpecEnumImport" runstate="Runnable" seed="1911749380" result="Passed" start-time="2023-07-30 15:31:59Z" end-time="2023-07-30 15:31:59Z" duration="0.000845" asserts="2" />
      </test-suite>
      <test-suite type="TestFixture" id="0-1096" name="SpecEnumIntRangeS" fullname="Kaitai.SpecEnumIntRangeS" classname="Kaitai.SpecEnumIntRangeS" runstate="Runnable" testcasecount="1" result="Passed" start-time="2023-07-30 15:31:59Z" end-time="2023-07-30 15:31:59Z" duration="0.031345" total="1" passed="1" failed="0" inconclusive="0" skipped="0" asserts="3">
        <test-case id="0-1097" name="TestEnumIntRangeS" fullname="Kaitai.SpecEnumIntRangeS.TestEnumIntRangeS" methodname="TestEnumIntRangeS" classname="Kaitai.SpecEnumIntRangeS" runstate="Runnable" seed="1919726868" result="Passed" start-time="2023-07-30 15:31:59Z" end-time="2023-07-30 15:31:59Z" duration="0.000846" asserts="3" />
      </test-suite>
      <test-suite type="TestFixture" id="0-1098" name="SpecEnumInvalid" fullname="Kaitai.SpecEnumInvalid" classname="Kaitai.SpecEnumInvalid" runstate="Runnable" testcasecount="1" result="Passed" start-time="2023-07-30 15:31:59Z" end-time="2023-07-30 15:31:59Z" duration="0.031415" total="1" passed="1" failed="0" inconclusive="0" skipped="0" asserts="2">
        <test-case id="0-1099" name="TestEnumInvalid" fullname="Kaitai.SpecEnumInvalid.TestEnumInvalid" methodname="TestEnumInvalid" classname="Kaitai.SpecEnumInvalid" runstate="Runnable" seed="1820241255" result="Passed" start-time="2023-07-30 15:31:59Z" end-time="2023-07-30 15:31:59Z" duration="0.000850" asserts="2" />
      </test-suite>
      <test-suite type="TestFixture" id="0-1100" name="SpecEnumNegative" fullname="Kaitai.SpecEnumNegative" classname="Kaitai.SpecEnumNegative" runstate="Runnable" testcasecount="1" result="Passed" start-time="2023-07-30 15:31:59Z" end-time="2023-07-30 15:31:59Z" duration="0.031372" total="1" passed="1" failed="0" inconclusive="0" skipped="0" asserts="2">
        <test-case id="0-1101" name="TestEnumNegative" fullname="Kaitai.SpecEnumNegative.TestEnumNegative" methodname="TestEnumNegative" classname="Kaitai.SpecEnumNegative" runstate="Runnable" seed="2007827319" result="Passed" start-time="2023-07-30 15:31:59Z" end-time="2023-07-30 15:31:59Z" duration="0.001020" asserts="2" />
      </test-suite>
      <test-suite type="TestFixture" id="0-1102" name="SpecEnumOfValueInst" fullname="Kaitai.SpecEnumOfValueInst" classname="Kaitai.SpecEnumOfValueInst" runstate="Runnable" testcasecount="1" result="Passed" start-time="2023-07-30 15:31:59Z" end-time="2023-07-30 15:31:59Z" duration="0.031735" total="1" passed="1" failed="0" inconclusive="0" skipped="0" asserts="4">
        <test-case id="0-1103" name="TestEnumOfValueInst" fullname="Kaitai.SpecEnumOfValueInst.TestEnumOfValueInst" methodname="TestEnumOfValueInst" classname="Kaitai.SpecEnumOfValueInst" runstate="Runnable" seed="1823092690" result="Passed" start-time="2023-07-30 15:31:59Z" end-time="2023-07-30 15:31:59Z" duration="0.001328" asserts="4" />
      </test-suite>
      <test-suite type="TestFixture" id="0-1104" name="SpecEofExceptionBytes" fullname="Kaitai.SpecEofExceptionBytes" classname="Kaitai.SpecEofExceptionBytes" runstate="Runnable" testcasecount="1" result="Passed" start-time="2023-07-30 15:31:59Z" end-time="2023-07-30 15:31:59Z" duration="0.031372" total="1" passed="1" failed="0" inconclusive="0" skipped="0" asserts="1">
        <test-case id="0-1105" name="TestEofExceptionBytes" fullname="Kaitai.SpecEofExceptionBytes.TestEofExceptionBytes" methodname="TestEofExceptionBytes" classname="Kaitai.SpecEofExceptionBytes" runstate="Runnable" seed="349753658" result="Passed" start-time="2023-07-30 15:31:59Z" end-time="2023-07-30 15:31:59Z" duration="0.001055" asserts="1" />
      </test-suite>
      <test-suite type="TestFixture" id="0-1106" name="SpecEofExceptionU4" fullname="Kaitai.SpecEofExceptionU4" classname="Kaitai.SpecEofExceptionU4" runstate="Runnable" testcasecount="1" result="Passed" start-time="2023-07-30 15:31:59Z" end-time="2023-07-30 15:32:00Z" duration="0.031278" total="1" passed="1" failed="0" inconclusive="0" skipped="0" asserts="1">
        <test-case id="0-1107" name="TestEofExceptionU4" fullname="Kaitai.SpecEofExceptionU4.TestEofExceptionU4" methodname="TestEofExceptionU4" classname="Kaitai.SpecEofExceptionU4" runstate="Runnable" seed="1598846517" result="Passed" start-time="2023-07-30 15:31:59Z" end-time="2023-07-30 15:31:59Z" duration="0.001046" asserts="1" />
      </test-suite>
      <test-suite type="TestFixture" id="0-1108" name="SpecEosExceptionBytes" fullname="Kaitai.SpecEosExceptionBytes" classname="Kaitai.SpecEosExceptionBytes" runstate="Runnable" testcasecount="1" result="Passed" start-time="2023-07-30 15:32:00Z" end-time="2023-07-30 15:32:00Z" duration="0.031309" total="1" passed="1" failed="0" inconclusive="0" skipped="0" asserts="1">
        <test-case id="0-1109" name="TestEosExceptionBytes" fullname="Kaitai.SpecEosExceptionBytes.TestEosExceptionBytes" methodname="TestEosExceptionBytes" classname="Kaitai.SpecEosExceptionBytes" runstate="Runnable" seed="2025021126" result="Passed" start-time="2023-07-30 15:32:00Z" end-time="2023-07-30 15:32:00Z" duration="0.001159" asserts="1" />
      </test-suite>
      <test-suite type="TestFixture" id="0-1110" name="SpecEosExceptionU4" fullname="Kaitai.SpecEosExceptionU4" classname="Kaitai.SpecEosExceptionU4" runstate="Runnable" testcasecount="1" result="Passed" start-time="2023-07-30 15:32:00Z" end-time="2023-07-30 15:32:00Z" duration="0.031340" total="1" passed="1" failed="0" inconclusive="0" skipped="0" asserts="1">
        <test-case id="0-1111" name="TestEosExceptionU4" fullname="Kaitai.SpecEosExceptionU4.TestEosExceptionU4" methodname="TestEosExceptionU4" classname="Kaitai.SpecEosExceptionU4" runstate="Runnable" seed="1823401714" result="Passed" start-time="2023-07-30 15:32:00Z" end-time="2023-07-30 15:32:00Z" duration="0.000976" asserts="1" />
      </test-suite>
      <test-suite type="TestFixture" id="0-1112" name="SpecExpr0" fullname="Kaitai.SpecExpr0" classname="Kaitai.SpecExpr0" runstate="Runnable" testcasecount="1" result="Passed" start-time="2023-07-30 15:32:00Z" end-time="2023-07-30 15:32:00Z" duration="0.031258" total="1" passed="1" failed="0" inconclusive="0" skipped="0" asserts="2">
        <test-case id="0-1113" name="TestExpr0" fullname="Kaitai.SpecExpr0.TestExpr0" methodname="TestExpr0" classname="Kaitai.SpecExpr0" runstate="Runnable" seed="938954866" result="Passed" start-time="2023-07-30 15:32:00Z" end-time="2023-07-30 15:32:00Z" duration="0.000817" asserts="2" />
      </test-suite>
      <test-suite type="TestFixture" id="0-1114" name="SpecExpr1" fullname="Kaitai.SpecExpr1" classname="Kaitai.SpecExpr1" runstate="Runnable" testcasecount="1" result="Passed" start-time="2023-07-30 15:32:00Z" end-time="2023-07-30 15:32:00Z" duration="0.031214" total="1" passed="1" failed="0" inconclusive="0" skipped="0" asserts="4">
        <test-case id="0-1115" name="TestExpr1" fullname="Kaitai.SpecExpr1.TestExpr1" methodname="TestExpr1" classname="Kaitai.SpecExpr1" runstate="Runnable" seed="1844277967" result="Passed" start-time="2023-07-30 15:32:00Z" end-time="2023-07-30 15:32:00Z" duration="0.001099" asserts="4" />
      </test-suite>
      <test-suite type="TestFixture" id="0-1116" name="SpecExpr2" fullname="Kaitai.SpecExpr2" classname="Kaitai.SpecExpr2" runstate="Runnable" testcasecount="1" result="Passed" start-time="2023-07-30 15:32:00Z" end-time="2023-07-30 15:32:00Z" duration="0.031366" total="1" passed="1" failed="0" inconclusive="0" skipped="0" asserts="17">
        <test-case id="0-1117" name="TestExpr2" fullname="Kaitai.SpecExpr2.TestExpr2" methodname="TestExpr2" classname="Kaitai.SpecExpr2" runstate="Runnable" seed="1026453972" result="Passed" start-time="2023-07-30 15:32:00Z" end-time="2023-07-30 15:32:00Z" duration="0.003346" asserts="17" />
      </test-suite>
      <test-suite type="TestFixture" id="0-1118" name="SpecExpr3" fullname="Kaitai.SpecExpr3" classname="Kaitai.SpecExpr3" runstate="Runnable" testcasecount="1" result="Passed" start-time="2023-07-30 15:32:00Z" end-time="2023-07-30 15:32:00Z" duration="0.031669" total="1" passed="1" failed="0" inconclusive="0" skipped="0" asserts="12">
        <test-case id="0-1119" name="TestExpr3" fullname="Kaitai.SpecExpr3.TestExpr3" methodname="TestExpr3" classname="Kaitai.SpecExpr3" runstate="Runnable" seed="1578519734" result="Passed" start-time="2023-07-30 15:32:00Z" end-time="2023-07-30 15:32:00Z" duration="0.002294" asserts="12" />
      </test-suite>
      <test-suite type="TestFixture" id="0-1120" name="SpecExprArray" fullname="Kaitai.SpecExprArray" classname="Kaitai.SpecExprArray" runstate="Runnable" testcasecount="1" result="Passed" start-time="2023-07-30 15:32:00Z" end-time="2023-07-30 15:32:00Z" duration="0.031320" total="1" passed="1" failed="0" inconclusive="0" skipped="0" asserts="15">
        <test-case id="0-1121" name="TestExprArray" fullname="Kaitai.SpecExprArray.TestExprArray" methodname="TestExprArray" classname="Kaitai.SpecExprArray" runstate="Runnable" seed="785903722" result="Passed" start-time="2023-07-30 15:32:00Z" end-time="2023-07-30 15:32:00Z" duration="0.011560" asserts="15" />
      </test-suite>
      <test-suite type="TestFixture" id="0-1122" name="SpecExprBytesCmp" fullname="Kaitai.SpecExprBytesCmp" classname="Kaitai.SpecExprBytesCmp" runstate="Runnable" testcasecount="1" result="Passed" start-time="2023-07-30 15:32:00Z" end-time="2023-07-30 15:32:00Z" duration="0.031339" total="1" passed="1" failed="0" inconclusive="0" skipped="0" asserts="10">
        <test-case id="0-1123" name="TestExprBytesCmp" fullname="Kaitai.SpecExprBytesCmp.TestExprBytesCmp" methodname="TestExprBytesCmp" classname="Kaitai.SpecExprBytesCmp" runstate="Runnable" seed="1631072655" result="Passed" start-time="2023-07-30 15:32:00Z" end-time="2023-07-30 15:32:00Z" duration="0.002273" asserts="10" />
      </test-suite>
      <test-suite type="TestFixture" id="0-1124" name="SpecExprBytesNonLiteral" fullname="Kaitai.SpecExprBytesNonLiteral" classname="Kaitai.SpecExprBytesNonLiteral" runstate="Runnable" testcasecount="1" result="Passed" start-time="2023-07-30 15:32:00Z" end-time="2023-07-30 15:32:00Z" duration="0.031254" total="1" passed="1" failed="0" inconclusive="0" skipped="0" asserts="3">
        <test-case id="0-1125" name="TestExprBytesNonLiteral" fullname="Kaitai.SpecExprBytesNonLiteral.TestExprBytesNonLiteral" methodname="TestExprBytesNonLiteral" classname="Kaitai.SpecExprBytesNonLiteral" runstate="Runnable" seed="187064295" result="Passed" start-time="2023-07-30 15:32:00Z" end-time="2023-07-30 15:32:00Z" duration="0.001148" asserts="3" />
      </test-suite>
      <test-suite type="TestFixture" id="0-1126" name="SpecExprBytesOps" fullname="Kaitai.SpecExprBytesOps" classname="Kaitai.SpecExprBytesOps" runstate="Runnable" testcasecount="1" result="Passed" start-time="2023-07-30 15:32:00Z" end-time="2023-07-30 15:32:00Z" duration="0.031269" total="1" passed="1" failed="0" inconclusive="0" skipped="0" asserts="16">
        <test-case id="0-1127" name="TestExprBytesOps" fullname="Kaitai.SpecExprBytesOps.TestExprBytesOps" methodname="TestExprBytesOps" classname="Kaitai.SpecExprBytesOps" runstate="Runnable" seed="361882166" result="Passed" start-time="2023-07-30 15:32:00Z" end-time="2023-07-30 15:32:00Z" duration="0.003871" asserts="16" />
      </test-suite>
      <test-suite type="TestFixture" id="0-1128" name="SpecExprCalcArrayOps" fullname="Kaitai.SpecExprCalcArrayOps" classname="Kaitai.SpecExprCalcArrayOps" runstate="Runnable" testcasecount="1" result="Passed" start-time="2023-07-30 15:32:00Z" end-time="2023-07-30 15:32:00Z" duration="0.031422" total="1" passed="1" failed="0" inconclusive="0" skipped="0" asserts="18">
        <test-case id="0-1129" name="TestExprCalcArrayOps" fullname="Kaitai.SpecExprCalcArrayOps.TestExprCalcArrayOps" methodname="TestExprCalcArrayOps" classname="Kaitai.SpecExprCalcArrayOps" runstate="Runnable" seed="144432264" result="Passed" start-time="2023-07-30 15:32:00Z" end-time="2023-07-30 15:32:00Z" duration="0.004386" asserts="18" />
      </test-suite>
      <test-suite type="TestFixture" id="0-1130" name="SpecExprEnum" fullname="Kaitai.SpecExprEnum" classname="Kaitai.SpecExprEnum" runstate="Runnable" testcasecount="1" result="Passed" start-time="2023-07-30 15:32:00Z" end-time="2023-07-30 15:32:00Z" duration="0.031303" total="1" passed="1" failed="0" inconclusive="0" skipped="0" asserts="3">
        <test-case id="0-1131" name="TestExprEnum" fullname="Kaitai.SpecExprEnum.TestExprEnum" methodname="TestExprEnum" classname="Kaitai.SpecExprEnum" runstate="Runnable" seed="259516402" result="Passed" start-time="2023-07-30 15:32:00Z" end-time="2023-07-30 15:32:00Z" duration="0.001112" asserts="3" />
      </test-suite>
      <test-suite type="TestFixture" id="0-1132" name="SpecExprIfIntOps" fullname="Kaitai.SpecExprIfIntOps" classname="Kaitai.SpecExprIfIntOps" runstate="Runnable" testcasecount="1" result="Passed" start-time="2023-07-30 15:32:00Z" end-time="2023-07-30 15:32:00Z" duration="0.031335" total="1" passed="1" failed="0" inconclusive="0" skipped="0" asserts="2">
        <test-case id="0-1133" name="TestExprIfIntOps" fullname="Kaitai.SpecExprIfIntOps.TestExprIfIntOps" methodname="TestExprIfIntOps" classname="Kaitai.SpecExprIfIntOps" runstate="Runnable" seed="1877941925" result="Passed" start-time="2023-07-30 15:32:00Z" end-time="2023-07-30 15:32:00Z" duration="0.001638" asserts="2" />
      </test-suite>
      <test-suite type="TestFixture" id="0-1134" name="SpecExprIntDiv" fullname="Kaitai.SpecExprIntDiv" classname="Kaitai.SpecExprIntDiv" runstate="Runnable" testcasecount="1" result="Failed" site="Child" start-time="2023-07-30 15:32:00Z" end-time="2023-07-30 15:32:00Z" duration="0.109640" total="1" passed="0" failed="1" inconclusive="0" skipped="0" asserts="4">
        <failure>
          <message><![CDATA[One or more child tests had errors]]></message>
        </failure>
        <test-case id="0-1135" name="TestExprIntDiv" fullname="Kaitai.SpecExprIntDiv.TestExprIntDiv" methodname="TestExprIntDiv" classname="Kaitai.SpecExprIntDiv" runstate="Runnable" seed="1078263891" result="Failed" start-time="2023-07-30 15:32:00Z" end-time="2023-07-30 15:32:00Z" duration="0.089418" asserts="4">
          <failure>
            <message><![CDATA[  Expected: -756
  But was:  -757
]]></message>
            <stack-trace><![CDATA[at Kaitai.SpecExprIntDiv.TestExprIntDiv() in D:\a\ci_targets\ci_targets\tests\spec\csharp\kaitai_struct_csharp_tests\tests\SpecExprIntDiv.cs:line 18
]]></stack-trace>
          </failure>
        </test-case>
      </test-suite>
      <test-suite type="TestFixture" id="0-1136" name="SpecExprIoEof" fullname="Kaitai.SpecExprIoEof" classname="Kaitai.SpecExprIoEof" runstate="Runnable" testcasecount="1" result="Passed" start-time="2023-07-30 15:32:00Z" end-time="2023-07-30 15:32:01Z" duration="0.031417" total="1" passed="1" failed="0" inconclusive="0" skipped="0" asserts="4">
        <test-case id="0-1137" name="TestExprIoEof" fullname="Kaitai.SpecExprIoEof.TestExprIoEof" methodname="TestExprIoEof" classname="Kaitai.SpecExprIoEof" runstate="Runnable" seed="792308245" result="Passed" start-time="2023-07-30 15:32:01Z" end-time="2023-07-30 15:32:01Z" duration="0.002124" asserts="4" />
      </test-suite>
      <test-suite type="TestFixture" id="0-1138" name="SpecExprIoPos" fullname="Kaitai.SpecExprIoPos" classname="Kaitai.SpecExprIoPos" runstate="Runnable" testcasecount="1" result="Passed" start-time="2023-07-30 15:32:01Z" end-time="2023-07-30 15:32:01Z" duration="0.031206" total="1" passed="1" failed="0" inconclusive="0" skipped="0" asserts="6">
        <test-case id="0-1139" name="TestExprIoPos" fullname="Kaitai.SpecExprIoPos.TestExprIoPos" methodname="TestExprIoPos" classname="Kaitai.SpecExprIoPos" runstate="Runnable" seed="83571150" result="Passed" start-time="2023-07-30 15:32:01Z" end-time="2023-07-30 15:32:01Z" duration="0.001768" asserts="6" />
      </test-suite>
      <test-suite type="TestFixture" id="0-1140" name="SpecExprMod" fullname="Kaitai.SpecExprMod" classname="Kaitai.SpecExprMod" runstate="Runnable" testcasecount="1" result="Passed" start-time="2023-07-30 15:32:01Z" end-time="2023-07-30 15:32:01Z" duration="0.031284" total="1" passed="1" failed="0" inconclusive="0" skipped="0" asserts="6">
        <test-case id="0-1141" name="TestExprMod" fullname="Kaitai.SpecExprMod.TestExprMod" methodname="TestExprMod" classname="Kaitai.SpecExprMod" runstate="Runnable" seed="1120138110" result="Passed" start-time="2023-07-30 15:32:01Z" end-time="2023-07-30 15:32:01Z" duration="0.001694" asserts="6" />
      </test-suite>
      <test-suite type="TestFixture" id="0-1142" name="SpecExprSizeofType0" fullname="Kaitai.SpecExprSizeofType0" classname="Kaitai.SpecExprSizeofType0" runstate="Runnable" testcasecount="1" result="Passed" start-time="2023-07-30 15:32:01Z" end-time="2023-07-30 15:32:01Z" duration="0.031208" total="1" passed="1" failed="0" inconclusive="0" skipped="0" asserts="1">
        <test-case id="0-1143" name="TestExprSizeofType0" fullname="Kaitai.SpecExprSizeofType0.TestExprSizeofType0" methodname="TestExprSizeofType0" classname="Kaitai.SpecExprSizeofType0" runstate="Runnable" seed="114536254" result="Passed" start-time="2023-07-30 15:32:01Z" end-time="2023-07-30 15:32:01Z" duration="0.000743" asserts="1" />
      </test-suite>
      <test-suite type="TestFixture" id="0-1144" name="SpecExprSizeofType1" fullname="Kaitai.SpecExprSizeofType1" classname="Kaitai.SpecExprSizeofType1" runstate="Runnable" testcasecount="1" result="Passed" start-time="2023-07-30 15:32:01Z" end-time="2023-07-30 15:32:01Z" duration="0.031332" total="1" passed="1" failed="0" inconclusive="0" skipped="0" asserts="2">
        <test-case id="0-1145" name="TestExprSizeofType1" fullname="Kaitai.SpecExprSizeofType1.TestExprSizeofType1" methodname="TestExprSizeofType1" classname="Kaitai.SpecExprSizeofType1" runstate="Runnable" seed="1590274716" result="Passed" start-time="2023-07-30 15:32:01Z" end-time="2023-07-30 15:32:01Z" duration="0.000830" asserts="2" />
      </test-suite>
      <test-suite type="TestFixture" id="0-1146" name="SpecExprSizeofValue0" fullname="Kaitai.SpecExprSizeofValue0" classname="Kaitai.SpecExprSizeofValue0" runstate="Runnable" testcasecount="1" result="Passed" start-time="2023-07-30 15:32:01Z" end-time="2023-07-30 15:32:01Z" duration="0.031214" total="1" passed="1" failed="0" inconclusive="0" skipped="0" asserts="5">
        <test-case id="0-1147" name="TestExprSizeofValue0" fullname="Kaitai.SpecExprSizeofValue0.TestExprSizeofValue0" methodname="TestExprSizeofValue0" classname="Kaitai.SpecExprSizeofValue0" runstate="Runnable" seed="795185291" result="Passed" start-time="2023-07-30 15:32:01Z" end-time="2023-07-30 15:32:01Z" duration="0.001288" asserts="5" />
      </test-suite>
      <test-suite type="TestFixture" id="0-1148" name="SpecExprSizeofValueSized" fullname="Kaitai.SpecExprSizeofValueSized" classname="Kaitai.SpecExprSizeofValueSized" runstate="Runnable" testcasecount="1" result="Passed" start-time="2023-07-30 15:32:01Z" end-time="2023-07-30 15:32:01Z" duration="0.031484" total="1" passed="1" failed="0" inconclusive="0" skipped="0" asserts="5">
        <test-case id="0-1149" name="TestExprSizeofValueSized" fullname="Kaitai.SpecExprSizeofValueSized.TestExprSizeofValueSized" methodname="TestExprSizeofValueSized" classname="Kaitai.SpecExprSizeofValueSized" runstate="Runnable" seed="2103867781" result="Passed" start-time="2023-07-30 15:32:01Z" end-time="2023-07-30 15:32:01Z" duration="0.001589" asserts="5" />
      </test-suite>
      <test-suite type="TestFixture" id="0-1150" name="SpecExprStrEncodings" fullname="Kaitai.SpecExprStrEncodings" classname="Kaitai.SpecExprStrEncodings" runstate="Runnable" testcasecount="1" result="Passed" start-time="2023-07-30 15:32:01Z" end-time="2023-07-30 15:32:01Z" duration="0.031352" total="1" passed="1" failed="0" inconclusive="0" skipped="0" asserts="7">
        <test-case id="0-1151" name="TestExprStrEncodings" fullname="Kaitai.SpecExprStrEncodings.TestExprStrEncodings" methodname="TestExprStrEncodings" classname="Kaitai.SpecExprStrEncodings" runstate="Runnable" seed="1447074709" result="Passed" start-time="2023-07-30 15:32:01Z" end-time="2023-07-30 15:32:01Z" duration="0.004511" asserts="7" />
      </test-suite>
      <test-suite type="TestFixture" id="0-1152" name="SpecExprStrOps" fullname="Kaitai.SpecExprStrOps" classname="Kaitai.SpecExprStrOps" runstate="Runnable" testcasecount="1" result="Passed" start-time="2023-07-30 15:32:01Z" end-time="2023-07-30 15:32:01Z" duration="0.031338" total="1" passed="1" failed="0" inconclusive="0" skipped="0" asserts="17">
        <test-case id="0-1153" name="TestExprStrOps" fullname="Kaitai.SpecExprStrOps.TestExprStrOps" methodname="TestExprStrOps" classname="Kaitai.SpecExprStrOps" runstate="Runnable" seed="117650210" result="Passed" start-time="2023-07-30 15:32:01Z" end-time="2023-07-30 15:32:01Z" duration="0.003018" asserts="17" />
      </test-suite>
      <test-suite type="TestFixture" id="0-1154" name="SpecExprToITrailing" fullname="Kaitai.SpecExprToITrailing" classname="Kaitai.SpecExprToITrailing" runstate="Runnable" testcasecount="1" result="Failed" site="Child" start-time="2023-07-30 15:32:01Z" end-time="2023-07-30 15:32:01Z" duration="0.031269" total="1" passed="0" failed="1" inconclusive="0" skipped="0" asserts="1">
        <failure>
          <message><![CDATA[One or more child tests had errors]]></message>
        </failure>
        <test-case id="0-1155" name="TestExprToITrailing" fullname="Kaitai.SpecExprToITrailing.TestExprToITrailing" methodname="TestExprToITrailing" classname="Kaitai.SpecExprToITrailing" runstate="Runnable" seed="487933068" result="Failed" label="Error" start-time="2023-07-30 15:32:01Z" end-time="2023-07-30 15:32:01Z" duration="0.005361" asserts="1">
          <failure>
            <message><![CDATA[System.ArgumentException : Invalid Base.]]></message>
            <stack-trace><![CDATA[   at System.Convert.ToInt64(String value, Int32 fromBase)
   at Kaitai.ExprToITrailing.get_ToIR13() in D:\a\ci_targets\ci_targets\tests\compiled\csharp\ExprToITrailing.cs:line 47
   at Kaitai.SpecExprToITrailing.TestExprToITrailing() in D:\a\ci_targets\ci_targets\tests\spec\csharp\kaitai_struct_csharp_tests\tests\SpecExprToITrailing.cs:line 21]]></stack-trace>
          </failure>
        </test-case>
      </test-suite>
      <test-suite type="TestFixture" id="0-1156" name="SpecFixedContents" fullname="Kaitai.SpecFixedContents" classname="Kaitai.SpecFixedContents" runstate="Runnable" testcasecount="1" result="Passed" start-time="2023-07-30 15:32:01Z" end-time="2023-07-30 15:32:01Z" duration="0.031265" total="1" passed="1" failed="0" inconclusive="0" skipped="0" asserts="0">
        <test-case id="0-1157" name="TestFixedContents" fullname="Kaitai.SpecFixedContents.TestFixedContents" methodname="TestFixedContents" classname="Kaitai.SpecFixedContents" runstate="Runnable" seed="1423264089" result="Passed" start-time="2023-07-30 15:32:01Z" end-time="2023-07-30 15:32:01Z" duration="0.001225" asserts="0" />
      </test-suite>
      <test-suite type="TestFixture" id="0-1158" name="SpecFixedStruct" fullname="Kaitai.SpecFixedStruct" classname="Kaitai.SpecFixedStruct" runstate="Runnable" testcasecount="1" result="Passed" start-time="2023-07-30 15:32:01Z" end-time="2023-07-30 15:32:01Z" duration="0.031287" total="1" passed="1" failed="0" inconclusive="0" skipped="0" asserts="20">
        <test-case id="0-1159" name="TestFixedStruct" fullname="Kaitai.SpecFixedStruct.TestFixedStruct" methodname="TestFixedStruct" classname="Kaitai.SpecFixedStruct" runstate="Runnable" seed="1708310964" result="Passed" start-time="2023-07-30 15:32:01Z" end-time="2023-07-30 15:32:01Z" duration="0.005183" asserts="20" />
      </test-suite>
      <test-suite type="TestFixture" id="0-1162" name="SpecFloatingPoints" fullname="Kaitai.SpecFloatingPoints" classname="Kaitai.SpecFloatingPoints" runstate="Runnable" testcasecount="1" result="Passed" start-time="2023-07-30 15:32:01Z" end-time="2023-07-30 15:32:01Z" duration="0.031281" total="1" passed="1" failed="0" inconclusive="0" skipped="0" asserts="8">
        <test-case id="0-1163" name="TestFloatingPoints" fullname="Kaitai.SpecFloatingPoints.TestFloatingPoints" methodname="TestFloatingPoints" classname="Kaitai.SpecFloatingPoints" runstate="Runnable" seed="561100951" result="Passed" start-time="2023-07-30 15:32:01Z" end-time="2023-07-30 15:32:01Z" duration="0.001477" asserts="8" />
      </test-suite>
      <test-suite type="TestFixture" id="0-1160" name="SpecFloatToI" fullname="Kaitai.SpecFloatToI" classname="Kaitai.SpecFloatToI" runstate="Runnable" testcasecount="1" result="Passed" start-time="2023-07-30 15:32:01Z" end-time="2023-07-30 15:32:01Z" duration="0.031347" total="1" passed="1" failed="0" inconclusive="0" skipped="0" asserts="8">
        <test-case id="0-1161" name="TestFloatToI" fullname="Kaitai.SpecFloatToI.TestFloatToI" methodname="TestFloatToI" classname="Kaitai.SpecFloatToI" runstate="Runnable" seed="1962900886" result="Passed" start-time="2023-07-30 15:32:01Z" end-time="2023-07-30 15:32:01Z" duration="0.001640" asserts="8" />
      </test-suite>
      <test-suite type="TestFixture" id="0-1164" name="SpecHelloWorld" fullname="Kaitai.SpecHelloWorld" classname="Kaitai.SpecHelloWorld" runstate="Runnable" testcasecount="1" result="Passed" start-time="2023-07-30 15:32:01Z" end-time="2023-07-30 15:32:01Z" duration="0.031737" total="1" passed="1" failed="0" inconclusive="0" skipped="0" asserts="1">
        <test-case id="0-1165" name="TestHelloWorld" fullname="Kaitai.SpecHelloWorld.TestHelloWorld" methodname="TestHelloWorld" classname="Kaitai.SpecHelloWorld" runstate="Runnable" seed="1540423778" result="Passed" start-time="2023-07-30 15:32:01Z" end-time="2023-07-30 15:32:01Z" duration="0.000530" asserts="1" />
      </test-suite>
      <test-suite type="TestFixture" id="0-1166" name="SpecIfInstances" fullname="Kaitai.SpecIfInstances" classname="Kaitai.SpecIfInstances" runstate="Runnable" testcasecount="1" result="Passed" start-time="2023-07-30 15:32:01Z" end-time="2023-07-30 15:32:01Z" duration="0.031261" total="1" passed="1" failed="0" inconclusive="0" skipped="0" asserts="1">
        <test-case id="0-1167" name="TestIfInstances" fullname="Kaitai.SpecIfInstances.TestIfInstances" methodname="TestIfInstances" classname="Kaitai.SpecIfInstances" runstate="Runnable" seed="760676273" result="Passed" start-time="2023-07-30 15:32:01Z" end-time="2023-07-30 15:32:01Z" duration="0.000666" asserts="1" />
      </test-suite>
      <test-suite type="TestFixture" id="0-1168" name="SpecIfStruct" fullname="Kaitai.SpecIfStruct" classname="Kaitai.SpecIfStruct" runstate="Runnable" testcasecount="1" result="Passed" start-time="2023-07-30 15:32:01Z" end-time="2023-07-30 15:32:02Z" duration="0.031206" total="1" passed="1" failed="0" inconclusive="0" skipped="0" asserts="7">
        <test-case id="0-1169" name="TestIfStruct" fullname="Kaitai.SpecIfStruct.TestIfStruct" methodname="TestIfStruct" classname="Kaitai.SpecIfStruct" runstate="Runnable" seed="1284918721" result="Passed" start-time="2023-07-30 15:32:02Z" end-time="2023-07-30 15:32:02Z" duration="0.002160" asserts="7" />
      </test-suite>
      <test-suite type="TestFixture" id="0-1170" name="SpecIfValues" fullname="Kaitai.SpecIfValues" classname="Kaitai.SpecIfValues" runstate="Runnable" testcasecount="1" result="Passed" start-time="2023-07-30 15:32:02Z" end-time="2023-07-30 15:32:02Z" duration="0.031600" total="1" passed="1" failed="0" inconclusive="0" skipped="0" asserts="6">
        <test-case id="0-1171" name="TestIfValues" fullname="Kaitai.SpecIfValues.TestIfValues" methodname="TestIfValues" classname="Kaitai.SpecIfValues" runstate="Runnable" seed="2033746568" result="Passed" start-time="2023-07-30 15:32:02Z" end-time="2023-07-30 15:32:02Z" duration="0.001781" asserts="6" />
      </test-suite>
      <test-suite type="TestFixture" id="0-1172" name="SpecImports0" fullname="Kaitai.SpecImports0" classname="Kaitai.SpecImports0" runstate="Runnable" testcasecount="1" result="Passed" start-time="2023-07-30 15:32:02Z" end-time="2023-07-30 15:32:02Z" duration="0.031404" total="1" passed="1" failed="0" inconclusive="0" skipped="0" asserts="3">
        <test-case id="0-1173" name="TestImports0" fullname="Kaitai.SpecImports0.TestImports0" methodname="TestImports0" classname="Kaitai.SpecImports0" runstate="Runnable" seed="1617720602" result="Passed" start-time="2023-07-30 15:32:02Z" end-time="2023-07-30 15:32:02Z" duration="0.001117" asserts="3" />
      </test-suite>
      <test-suite type="TestFixture" id="0-1174" name="SpecImportsAbs" fullname="Kaitai.SpecImportsAbs" classname="Kaitai.SpecImportsAbs" runstate="Runnable" testcasecount="1" result="Passed" start-time="2023-07-30 15:32:02Z" end-time="2023-07-30 15:32:02Z" duration="0.031233" total="1" passed="1" failed="0" inconclusive="0" skipped="0" asserts="2">
        <test-case id="0-1175" name="TestImportsAbs" fullname="Kaitai.SpecImportsAbs.TestImportsAbs" methodname="TestImportsAbs" classname="Kaitai.SpecImportsAbs" runstate="Runnable" seed="454533268" result="Passed" start-time="2023-07-30 15:32:02Z" end-time="2023-07-30 15:32:02Z" duration="0.002453" asserts="2" />
      </test-suite>
      <test-suite type="TestFixture" id="0-1176" name="SpecImportsAbsAbs" fullname="Kaitai.SpecImportsAbsAbs" classname="Kaitai.SpecImportsAbsAbs" runstate="Runnable" testcasecount="1" result="Passed" start-time="2023-07-30 15:32:02Z" end-time="2023-07-30 15:32:02Z" duration="0.031293" total="1" passed="1" failed="0" inconclusive="0" skipped="0" asserts="3">
        <test-case id="0-1177" name="TestImportsAbsAbs" fullname="Kaitai.SpecImportsAbsAbs.TestImportsAbsAbs" methodname="TestImportsAbsAbs" classname="Kaitai.SpecImportsAbsAbs" runstate="Runnable" seed="570765041" result="Passed" start-time="2023-07-30 15:32:02Z" end-time="2023-07-30 15:32:02Z" duration="0.001396" asserts="3" />
      </test-suite>
      <test-suite type="TestFixture" id="0-1178" name="SpecImportsAbsRel" fullname="Kaitai.SpecImportsAbsRel" classname="Kaitai.SpecImportsAbsRel" runstate="Runnable" testcasecount="1" result="Passed" start-time="2023-07-30 15:32:02Z" end-time="2023-07-30 15:32:02Z" duration="0.031290" total="1" passed="1" failed="0" inconclusive="0" skipped="0" asserts="3">
        <test-case id="0-1179" name="TestImportsAbsRel" fullname="Kaitai.SpecImportsAbsRel.TestImportsAbsRel" methodname="TestImportsAbsRel" classname="Kaitai.SpecImportsAbsRel" runstate="Runnable" seed="298113210" result="Passed" start-time="2023-07-30 15:32:02Z" end-time="2023-07-30 15:32:02Z" duration="0.001408" asserts="3" />
      </test-suite>
      <test-suite type="TestFixture" id="0-1180" name="SpecImportsCircularA" fullname="Kaitai.SpecImportsCircularA" classname="Kaitai.SpecImportsCircularA" runstate="Runnable" testcasecount="1" result="Passed" start-time="2023-07-30 15:32:02Z" end-time="2023-07-30 15:32:02Z" duration="0.031295" total="1" passed="1" failed="0" inconclusive="0" skipped="0" asserts="5">
        <test-case id="0-1181" name="TestImportsCircularA" fullname="Kaitai.SpecImportsCircularA.TestImportsCircularA" methodname="TestImportsCircularA" classname="Kaitai.SpecImportsCircularA" runstate="Runnable" seed="1419696824" result="Passed" start-time="2023-07-30 15:32:02Z" end-time="2023-07-30 15:32:02Z" duration="0.001447" asserts="5" />
      </test-suite>
      <test-suite type="TestFixture" id="0-1182" name="SpecImportsRel1" fullname="Kaitai.SpecImportsRel1" classname="Kaitai.SpecImportsRel1" runstate="Runnable" testcasecount="1" result="Passed" start-time="2023-07-30 15:32:02Z" end-time="2023-07-30 15:32:02Z" duration="0.031244" total="1" passed="1" failed="0" inconclusive="0" skipped="0" asserts="3">
        <test-case id="0-1183" name="TestImportsRel1" fullname="Kaitai.SpecImportsRel1.TestImportsRel1" methodname="TestImportsRel1" classname="Kaitai.SpecImportsRel1" runstate="Runnable" seed="372017256" result="Passed" start-time="2023-07-30 15:32:02Z" end-time="2023-07-30 15:32:02Z" duration="0.001342" asserts="3" />
      </test-suite>
      <test-suite type="TestFixture" id="0-1184" name="SpecIndexSizes" fullname="Kaitai.SpecIndexSizes" classname="Kaitai.SpecIndexSizes" runstate="Runnable" testcasecount="1" result="Passed" start-time="2023-07-30 15:32:02Z" end-time="2023-07-30 15:32:02Z" duration="0.031258" total="1" passed="1" failed="0" inconclusive="0" skipped="0" asserts="7">
        <test-case id="0-1185" name="TestIndexSizes" fullname="Kaitai.SpecIndexSizes.TestIndexSizes" methodname="TestIndexSizes" classname="Kaitai.SpecIndexSizes" runstate="Runnable" seed="844590810" result="Passed" start-time="2023-07-30 15:32:02Z" end-time="2023-07-30 15:32:02Z" duration="0.001671" asserts="7" />
      </test-suite>
      <test-suite type="TestFixture" id="0-1186" name="SpecIndexToParamEos" fullname="Kaitai.SpecIndexToParamEos" classname="Kaitai.SpecIndexToParamEos" runstate="Runnable" testcasecount="1" result="Passed" start-time="2023-07-30 15:32:02Z" end-time="2023-07-30 15:32:02Z" duration="0.031252" total="1" passed="1" failed="0" inconclusive="0" skipped="0" asserts="7">
        <test-case id="0-1187" name="TestIndexToParamEos" fullname="Kaitai.SpecIndexToParamEos.TestIndexToParamEos" methodname="TestIndexToParamEos" classname="Kaitai.SpecIndexToParamEos" runstate="Runnable" seed="464212230" result="Passed" start-time="2023-07-30 15:32:02Z" end-time="2023-07-30 15:32:02Z" duration="0.001923" asserts="7" />
      </test-suite>
      <test-suite type="TestFixture" id="0-1188" name="SpecIndexToParamExpr" fullname="Kaitai.SpecIndexToParamExpr" classname="Kaitai.SpecIndexToParamExpr" runstate="Runnable" testcasecount="1" result="Passed" start-time="2023-07-30 15:32:02Z" end-time="2023-07-30 15:32:02Z" duration="0.031363" total="1" passed="1" failed="0" inconclusive="0" skipped="0" asserts="7">
        <test-case id="0-1189" name="TestIndexToParamExpr" fullname="Kaitai.SpecIndexToParamExpr.TestIndexToParamExpr" methodname="TestIndexToParamExpr" classname="Kaitai.SpecIndexToParamExpr" runstate="Runnable" seed="1784319210" result="Passed" start-time="2023-07-30 15:32:02Z" end-time="2023-07-30 15:32:02Z" duration="0.001909" asserts="7" />
      </test-suite>
      <test-suite type="TestFixture" id="0-1190" name="SpecIndexToParamUntil" fullname="Kaitai.SpecIndexToParamUntil" classname="Kaitai.SpecIndexToParamUntil" runstate="Runnable" testcasecount="1" result="Passed" start-time="2023-07-30 15:32:02Z" end-time="2023-07-30 15:32:02Z" duration="0.031285" total="1" passed="1" failed="0" inconclusive="0" skipped="0" asserts="7">
        <test-case id="0-1191" name="TestIndexToParamUntil" fullname="Kaitai.SpecIndexToParamUntil.TestIndexToParamUntil" methodname="TestIndexToParamUntil" classname="Kaitai.SpecIndexToParamUntil" runstate="Runnable" seed="18330018" result="Passed" start-time="2023-07-30 15:32:02Z" end-time="2023-07-30 15:32:02Z" duration="0.002114" asserts="7" />
      </test-suite>
      <test-suite type="TestFixture" id="0-1192" name="SpecInstanceIoUser" fullname="Kaitai.SpecInstanceIoUser" classname="Kaitai.SpecInstanceIoUser" runstate="Runnable" testcasecount="1" result="Passed" start-time="2023-07-30 15:32:02Z" end-time="2023-07-30 15:32:02Z" duration="0.031236" total="1" passed="1" failed="0" inconclusive="0" skipped="0" asserts="4">
        <test-case id="0-1193" name="TestInstanceIoUser" fullname="Kaitai.SpecInstanceIoUser.TestInstanceIoUser" methodname="TestInstanceIoUser" classname="Kaitai.SpecInstanceIoUser" runstate="Runnable" seed="1388829718" result="Passed" start-time="2023-07-30 15:32:02Z" end-time="2023-07-30 15:32:02Z" duration="0.002290" asserts="4" />
      </test-suite>
      <test-suite type="TestFixture" id="0-1194" name="SpecInstanceStd" fullname="Kaitai.SpecInstanceStd" classname="Kaitai.SpecInstanceStd" runstate="Runnable" testcasecount="1" result="Passed" start-time="2023-07-30 15:32:02Z" end-time="2023-07-30 15:32:02Z" duration="0.031304" total="1" passed="1" failed="0" inconclusive="0" skipped="0" asserts="1">
        <test-case id="0-1195" name="TestInstanceStd" fullname="Kaitai.SpecInstanceStd.TestInstanceStd" methodname="TestInstanceStd" classname="Kaitai.SpecInstanceStd" runstate="Runnable" seed="116039138" result="Passed" start-time="2023-07-30 15:32:02Z" end-time="2023-07-30 15:32:02Z" duration="0.001045" asserts="1" />
      </test-suite>
      <test-suite type="TestFixture" id="0-1196" name="SpecInstanceStdArray" fullname="Kaitai.SpecInstanceStdArray" classname="Kaitai.SpecInstanceStdArray" runstate="Runnable" testcasecount="1" result="Passed" start-time="2023-07-30 15:32:02Z" end-time="2023-07-30 15:32:02Z" duration="0.031445" total="1" passed="1" failed="0" inconclusive="0" skipped="0" asserts="7">
        <test-case id="0-1197" name="TestInstanceStdArray" fullname="Kaitai.SpecInstanceStdArray.TestInstanceStdArray" methodname="TestInstanceStdArray" classname="Kaitai.SpecInstanceStdArray" runstate="Runnable" seed="1448093341" result="Passed" start-time="2023-07-30 15:32:02Z" end-time="2023-07-30 15:32:02Z" duration="0.001792" asserts="7" />
      </test-suite>
      <test-suite type="TestFixture" id="0-1198" name="SpecIntegers" fullname="Kaitai.SpecIntegers" classname="Kaitai.SpecIntegers" runstate="Runnable" testcasecount="1" result="Passed" start-time="2023-07-30 15:32:02Z" end-time="2023-07-30 15:32:02Z" duration="0.031197" total="1" passed="1" failed="0" inconclusive="0" skipped="0" asserts="20">
        <test-case id="0-1199" name="TestIntegers" fullname="Kaitai.SpecIntegers.TestIntegers" methodname="TestIntegers" classname="Kaitai.SpecIntegers" runstate="Runnable" seed="490082485" result="Passed" start-time="2023-07-30 15:32:02Z" end-time="2023-07-30 15:32:02Z" duration="0.003580" asserts="20" />
      </test-suite>
      <test-suite type="TestFixture" id="0-1200" name="SpecIntegersDoubleOverflow" fullname="Kaitai.SpecIntegersDoubleOverflow" classname="Kaitai.SpecIntegersDoubleOverflow" runstate="Runnable" testcasecount="1" result="Passed" start-time="2023-07-30 15:32:02Z" end-time="2023-07-30 15:32:03Z" duration="0.031328" total="1" passed="1" failed="0" inconclusive="0" skipped="0" asserts="8">
        <test-case id="0-1201" name="TestIntegersDoubleOverflow" fullname="Kaitai.SpecIntegersDoubleOverflow.TestIntegersDoubleOverflow" methodname="TestIntegersDoubleOverflow" classname="Kaitai.SpecIntegersDoubleOverflow" runstate="Runnable" seed="254260436" result="Passed" start-time="2023-07-30 15:32:03Z" end-time="2023-07-30 15:32:03Z" duration="0.001564" asserts="8" />
      </test-suite>
      <test-suite type="TestFixture" id="0-1202" name="SpecIntegersMinMax" fullname="Kaitai.SpecIntegersMinMax" classname="Kaitai.SpecIntegersMinMax" runstate="Runnable" testcasecount="1" result="Passed" start-time="2023-07-30 15:32:03Z" end-time="2023-07-30 15:32:03Z" duration="0.031158" total="1" passed="1" failed="0" inconclusive="0" skipped="0" asserts="28">
        <test-case id="0-1203" name="TestIntegersMinMax" fullname="Kaitai.SpecIntegersMinMax.TestIntegersMinMax" methodname="TestIntegersMinMax" classname="Kaitai.SpecIntegersMinMax" runstate="Runnable" seed="818876632" result="Passed" start-time="2023-07-30 15:32:03Z" end-time="2023-07-30 15:32:03Z" duration="0.003005" asserts="28" />
      </test-suite>
      <test-suite type="TestFixture" id="0-1204" name="SpecIoLocalVar" fullname="Kaitai.SpecIoLocalVar" classname="Kaitai.SpecIoLocalVar" runstate="Runnable" testcasecount="1" result="Passed" start-time="2023-07-30 15:32:03Z" end-time="2023-07-30 15:32:03Z" duration="0.031302" total="1" passed="1" failed="0" inconclusive="0" skipped="0" asserts="2">
        <test-case id="0-1205" name="TestIoLocalVar" fullname="Kaitai.SpecIoLocalVar.TestIoLocalVar" methodname="TestIoLocalVar" classname="Kaitai.SpecIoLocalVar" runstate="Runnable" seed="2088392211" result="Passed" start-time="2023-07-30 15:32:03Z" end-time="2023-07-30 15:32:03Z" duration="0.001557" asserts="2" />
      </test-suite>
      <test-suite type="TestFixture" id="0-1206" name="SpecJsSignedRightShift" fullname="Kaitai.SpecJsSignedRightShift" classname="Kaitai.SpecJsSignedRightShift" runstate="Runnable" testcasecount="1" result="Passed" start-time="2023-07-30 15:32:03Z" end-time="2023-07-30 15:32:03Z" duration="0.031293" total="1" passed="1" failed="0" inconclusive="0" skipped="0" asserts="2">
        <test-case id="0-1207" name="TestJsSignedRightShift" fullname="Kaitai.SpecJsSignedRightShift.TestJsSignedRightShift" methodname="TestJsSignedRightShift" classname="Kaitai.SpecJsSignedRightShift" runstate="Runnable" seed="1021510940" result="Passed" start-time="2023-07-30 15:32:03Z" end-time="2023-07-30 15:32:03Z" duration="0.000855" asserts="2" />
      </test-suite>
      <test-suite type="TestFixture" id="0-1208" name="SpecMetaTags" fullname="Kaitai.SpecMetaTags" classname="Kaitai.SpecMetaTags" runstate="Runnable" testcasecount="1" result="Passed" start-time="2023-07-30 15:32:03Z" end-time="2023-07-30 15:32:03Z" duration="0.031262" total="1" passed="1" failed="0" inconclusive="0" skipped="0" asserts="0">
        <test-case id="0-1209" name="TestMetaTags" fullname="Kaitai.SpecMetaTags.TestMetaTags" methodname="TestMetaTags" classname="Kaitai.SpecMetaTags" runstate="Runnable" seed="1424751520" result="Passed" start-time="2023-07-30 15:32:03Z" end-time="2023-07-30 15:32:03Z" duration="0.000667" asserts="0" />
      </test-suite>
      <test-suite type="TestFixture" id="0-1210" name="SpecMetaXref" fullname="Kaitai.SpecMetaXref" classname="Kaitai.SpecMetaXref" runstate="Runnable" testcasecount="1" result="Passed" start-time="2023-07-30 15:32:03Z" end-time="2023-07-30 15:32:03Z" duration="0.031165" total="1" passed="1" failed="0" inconclusive="0" skipped="0" asserts="0">
        <test-case id="0-1211" name="TestMetaXref" fullname="Kaitai.SpecMetaXref.TestMetaXref" methodname="TestMetaXref" classname="Kaitai.SpecMetaXref" runstate="Runnable" seed="1777685581" result="Passed" start-time="2023-07-30 15:32:03Z" end-time="2023-07-30 15:32:03Z" duration="0.000692" asserts="0" />
      </test-suite>
      <test-suite type="TestFixture" id="0-1212" name="SpecMultipleUse" fullname="Kaitai.SpecMultipleUse" classname="Kaitai.SpecMultipleUse" runstate="Runnable" testcasecount="1" result="Passed" start-time="2023-07-30 15:32:03Z" end-time="2023-07-30 15:32:03Z" duration="0.031346" total="1" passed="1" failed="0" inconclusive="0" skipped="0" asserts="2">
[...]
      </test-suite>
      <test-suite type="TestFixture" id="0-1384" name="SpecTsPacketHeader" fullname="Kaitai.SpecTsPacketHeader" classname="Kaitai.SpecTsPacketHeader" runstate="Runnable" testcasecount="1" result="Passed" start-time="2023-07-30 15:32:08Z" end-time="2023-07-30 15:32:08Z" duration="0.031783" total="1" passed="1" failed="0" inconclusive="0" skipped="0" asserts="7">
        <test-case id="0-1385" name="TestTsPacketHeader" fullname="Kaitai.SpecTsPacketHeader.TestTsPacketHeader" methodname="TestTsPacketHeader" classname="Kaitai.SpecTsPacketHeader" runstate="Runnable" seed="1337014050" result="Passed" start-time="2023-07-30 15:32:08Z" end-time="2023-07-30 15:32:08Z" duration="0.001732" asserts="7" />
      </test-suite>
      <test-suite type="TestFixture" id="0-1386" name="SpecTypeIntUnaryOp" fullname="Kaitai.SpecTypeIntUnaryOp" classname="Kaitai.SpecTypeIntUnaryOp" runstate="Runnable" testcasecount="1" result="Passed" start-time="2023-07-30 15:32:08Z" end-time="2023-07-30 15:32:08Z" duration="0.031433" total="1" passed="1" failed="0" inconclusive="0" skipped="0" asserts="4">
        <test-case id="0-1387" name="TestTypeIntUnaryOp" fullname="Kaitai.SpecTypeIntUnaryOp.TestTypeIntUnaryOp" methodname="TestTypeIntUnaryOp" classname="Kaitai.SpecTypeIntUnaryOp" runstate="Runnable" seed="2045872906" result="Passed" start-time="2023-07-30 15:32:08Z" end-time="2023-07-30 15:32:08Z" duration="0.001192" asserts="4" />
      </test-suite>
      <test-suite type="TestFixture" id="0-1388" name="SpecTypeTernary" fullname="Kaitai.SpecTypeTernary" classname="Kaitai.SpecTypeTernary" runstate="Runnable" testcasecount="1" result="Passed" start-time="2023-07-30 15:32:08Z" end-time="2023-07-30 15:32:08Z" duration="0.031647" total="1" passed="1" failed="0" inconclusive="0" skipped="0" asserts="1">
        <test-case id="0-1389" name="TestTypeTernary" fullname="Kaitai.SpecTypeTernary.TestTypeTernary" methodname="TestTypeTernary" classname="Kaitai.SpecTypeTernary" runstate="Runnable" seed="492361778" result="Passed" start-time="2023-07-30 15:32:08Z" end-time="2023-07-30 15:32:08Z" duration="0.001487" asserts="1" />
      </test-suite>
      <test-suite type="TestFixture" id="0-1390" name="SpecTypeTernary2ndFalsy" fullname="Kaitai.SpecTypeTernary2ndFalsy" classname="Kaitai.SpecTypeTernary2ndFalsy" runstate="Runnable" testcasecount="1" result="Passed" start-time="2023-07-30 15:32:08Z" end-time="2023-07-30 15:32:08Z" duration="0.031290" total="1" passed="1" failed="0" inconclusive="0" skipped="0" asserts="13">
        <test-case id="0-1391" name="TestTypeTernary2ndFalsy" fullname="Kaitai.SpecTypeTernary2ndFalsy.TestTypeTernary2ndFalsy" methodname="TestTypeTernary2ndFalsy" classname="Kaitai.SpecTypeTernary2ndFalsy" runstate="Runnable" seed="492959405" result="Passed" start-time="2023-07-30 15:32:08Z" end-time="2023-07-30 15:32:08Z" duration="0.002814" asserts="13" />
      </test-suite>
      <test-suite type="TestFixture" id="0-1392" name="SpecTypeTernaryOpaque" fullname="Kaitai.SpecTypeTernaryOpaque" classname="Kaitai.SpecTypeTernaryOpaque" runstate="Runnable" testcasecount="1" result="Passed" start-time="2023-07-30 15:32:09Z" end-time="2023-07-30 15:32:09Z" duration="0.031371" total="1" passed="1" failed="0" inconclusive="0" skipped="0" asserts="3">
        <test-case id="0-1393" name="TestTypeTernaryOpaque" fullname="Kaitai.SpecTypeTernaryOpaque.TestTypeTernaryOpaque" methodname="TestTypeTernaryOpaque" classname="Kaitai.SpecTypeTernaryOpaque" runstate="Runnable" seed="1309937194" result="Passed" start-time="2023-07-30 15:32:09Z" end-time="2023-07-30 15:32:09Z" duration="0.001405" asserts="3" />
      </test-suite>
      <test-suite type="TestFixture" id="0-1394" name="SpecUserType" fullname="Kaitai.SpecUserType" classname="Kaitai.SpecUserType" runstate="Runnable" testcasecount="1" result="Passed" start-time="2023-07-30 15:32:09Z" end-time="2023-07-30 15:32:09Z" duration="0.031265" total="1" passed="1" failed="0" inconclusive="0" skipped="0" asserts="2">
        <test-case id="0-1395" name="TestUserType" fullname="Kaitai.SpecUserType.TestUserType" methodname="TestUserType" classname="Kaitai.SpecUserType" runstate="Runnable" seed="410933776" result="Passed" start-time="2023-07-30 15:32:09Z" end-time="2023-07-30 15:32:09Z" duration="0.001310" asserts="2" />
      </test-suite>
      <test-suite type="TestFixture" id="0-1396" name="SpecValidEqStrEncodings" fullname="Kaitai.SpecValidEqStrEncodings" classname="Kaitai.SpecValidEqStrEncodings" runstate="Runnable" testcasecount="1" result="Passed" start-time="2023-07-30 15:32:09Z" end-time="2023-07-30 15:32:09Z" duration="0.031303" total="1" passed="1" failed="0" inconclusive="0" skipped="0" asserts="0">
        <test-case id="0-1397" name="TestValidEqStrEncodings" fullname="Kaitai.SpecValidEqStrEncodings.TestValidEqStrEncodings" methodname="TestValidEqStrEncodings" classname="Kaitai.SpecValidEqStrEncodings" runstate="Runnable" seed="738401988" result="Passed" start-time="2023-07-30 15:32:09Z" end-time="2023-07-30 15:32:09Z" duration="0.001938" asserts="0" />
      </test-suite>
      <test-suite type="TestFixture" id="0-1398" name="SpecValidFailAnyofInt" fullname="Kaitai.SpecValidFailAnyofInt" classname="Kaitai.SpecValidFailAnyofInt" runstate="Runnable" testcasecount="1" result="Passed" start-time="2023-07-30 15:32:09Z" end-time="2023-07-30 15:32:09Z" duration="0.031287" total="1" passed="1" failed="0" inconclusive="0" skipped="0" asserts="1">
        <test-case id="0-1399" name="TestValidFailAnyofInt" fullname="Kaitai.SpecValidFailAnyofInt.TestValidFailAnyofInt" methodname="TestValidFailAnyofInt" classname="Kaitai.SpecValidFailAnyofInt" runstate="Runnable" seed="1569090357" result="Passed" start-time="2023-07-30 15:32:09Z" end-time="2023-07-30 15:32:09Z" duration="0.001783" asserts="1" />
      </test-suite>
      <test-suite type="TestFixture" id="0-1400" name="SpecValidFailContents" fullname="Kaitai.SpecValidFailContents" classname="Kaitai.SpecValidFailContents" runstate="Runnable" testcasecount="1" result="Passed" start-time="2023-07-30 15:32:09Z" end-time="2023-07-30 15:32:09Z" duration="0.031282" total="1" passed="1" failed="0" inconclusive="0" skipped="0" asserts="1">
        <test-case id="0-1401" name="TestValidFailContents" fullname="Kaitai.SpecValidFailContents.TestValidFailContents" methodname="TestValidFailContents" classname="Kaitai.SpecValidFailContents" runstate="Runnable" seed="1951212453" result="Passed" start-time="2023-07-30 15:32:09Z" end-time="2023-07-30 15:32:09Z" duration="0.001687" asserts="1" />
      </test-suite>
      <test-suite type="TestFixture" id="0-1402" name="SpecValidFailEqBytes" fullname="Kaitai.SpecValidFailEqBytes" classname="Kaitai.SpecValidFailEqBytes" runstate="Runnable" testcasecount="1" result="Passed" start-time="2023-07-30 15:32:09Z" end-time="2023-07-30 15:32:09Z" duration="0.031296" total="1" passed="1" failed="0" inconclusive="0" skipped="0" asserts="1">
        <test-case id="0-1403" name="TestValidFailEqBytes" fullname="Kaitai.SpecValidFailEqBytes.TestValidFailEqBytes" methodname="TestValidFailEqBytes" classname="Kaitai.SpecValidFailEqBytes" runstate="Runnable" seed="1988079453" result="Passed" start-time="2023-07-30 15:32:09Z" end-time="2023-07-30 15:32:09Z" duration="0.001271" asserts="1" />
      </test-suite>
      <test-suite type="TestFixture" id="0-1404" name="SpecValidFailEqInt" fullname="Kaitai.SpecValidFailEqInt" classname="Kaitai.SpecValidFailEqInt" runstate="Runnable" testcasecount="1" result="Passed" start-time="2023-07-30 15:32:09Z" end-time="2023-07-30 15:32:09Z" duration="0.031577" total="1" passed="1" failed="0" inconclusive="0" skipped="0" asserts="1">
        <test-case id="0-1405" name="TestValidFailEqInt" fullname="Kaitai.SpecValidFailEqInt.TestValidFailEqInt" methodname="TestValidFailEqInt" classname="Kaitai.SpecValidFailEqInt" runstate="Runnable" seed="1308051790" result="Passed" start-time="2023-07-30 15:32:09Z" end-time="2023-07-30 15:32:09Z" duration="0.001453" asserts="1" />
      </test-suite>
      <test-suite type="TestFixture" id="0-1406" name="SpecValidFailEqStr" fullname="Kaitai.SpecValidFailEqStr" classname="Kaitai.SpecValidFailEqStr" runstate="Runnable" testcasecount="1" result="Passed" start-time="2023-07-30 15:32:09Z" end-time="2023-07-30 15:32:09Z" duration="0.031278" total="1" passed="1" failed="0" inconclusive="0" skipped="0" asserts="1">
        <test-case id="0-1407" name="TestValidFailEqStr" fullname="Kaitai.SpecValidFailEqStr.TestValidFailEqStr" methodname="TestValidFailEqStr" classname="Kaitai.SpecValidFailEqStr" runstate="Runnable" seed="1338884278" result="Passed" start-time="2023-07-30 15:32:09Z" end-time="2023-07-30 15:32:09Z" duration="0.001266" asserts="1" />
      </test-suite>
      <test-suite type="TestFixture" id="0-1408" name="SpecValidFailExpr" fullname="Kaitai.SpecValidFailExpr" classname="Kaitai.SpecValidFailExpr" runstate="Runnable" testcasecount="1" result="Passed" start-time="2023-07-30 15:32:09Z" end-time="2023-07-30 15:32:09Z" duration="0.031300" total="1" passed="1" failed="0" inconclusive="0" skipped="0" asserts="1">
        <test-case id="0-1409" name="TestValidFailExpr" fullname="Kaitai.SpecValidFailExpr.TestValidFailExpr" methodname="TestValidFailExpr" classname="Kaitai.SpecValidFailExpr" runstate="Runnable" seed="795700972" result="Passed" start-time="2023-07-30 15:32:09Z" end-time="2023-07-30 15:32:09Z" duration="0.001639" asserts="1" />
      </test-suite>
      <test-suite type="TestFixture" id="0-1410" name="SpecValidFailInst" fullname="Kaitai.SpecValidFailInst" classname="Kaitai.SpecValidFailInst" runstate="Runnable" testcasecount="1" result="Passed" start-time="2023-07-30 15:32:09Z" end-time="2023-07-30 15:32:09Z" duration="0.031279" total="1" passed="1" failed="0" inconclusive="0" skipped="0" asserts="1">
        <test-case id="0-1411" name="TestValidFailInst" fullname="Kaitai.SpecValidFailInst.TestValidFailInst" methodname="TestValidFailInst" classname="Kaitai.SpecValidFailInst" runstate="Runnable" seed="135309722" result="Passed" start-time="2023-07-30 15:32:09Z" end-time="2023-07-30 15:32:09Z" duration="0.001427" asserts="1" />
      </test-suite>
      <test-suite type="TestFixture" id="0-1412" name="SpecValidFailMaxInt" fullname="Kaitai.SpecValidFailMaxInt" classname="Kaitai.SpecValidFailMaxInt" runstate="Runnable" testcasecount="1" result="Passed" start-time="2023-07-30 15:32:09Z" end-time="2023-07-30 15:32:09Z" duration="0.031289" total="1" passed="1" failed="0" inconclusive="0" skipped="0" asserts="1">
        <test-case id="0-1413" name="TestValidFailMaxInt" fullname="Kaitai.SpecValidFailMaxInt.TestValidFailMaxInt" methodname="TestValidFailMaxInt" classname="Kaitai.SpecValidFailMaxInt" runstate="Runnable" seed="2068857168" result="Passed" start-time="2023-07-30 15:32:09Z" end-time="2023-07-30 15:32:09Z" duration="0.001644" asserts="1" />
      </test-suite>
      <test-suite type="TestFixture" id="0-1414" name="SpecValidFailMinInt" fullname="Kaitai.SpecValidFailMinInt" classname="Kaitai.SpecValidFailMinInt" runstate="Runnable" testcasecount="1" result="Passed" start-time="2023-07-30 15:32:09Z" end-time="2023-07-30 15:32:09Z" duration="0.031371" total="1" passed="1" failed="0" inconclusive="0" skipped="0" asserts="1">
        <test-case id="0-1415" name="TestValidFailMinInt" fullname="Kaitai.SpecValidFailMinInt.TestValidFailMinInt" methodname="TestValidFailMinInt" classname="Kaitai.SpecValidFailMinInt" runstate="Runnable" seed="1776938199" result="Passed" start-time="2023-07-30 15:32:09Z" end-time="2023-07-30 15:32:09Z" duration="0.001635" asserts="1" />
      </test-suite>
      <test-suite type="TestFixture" id="0-1416" name="SpecValidFailRangeBytes" fullname="Kaitai.SpecValidFailRangeBytes" classname="Kaitai.SpecValidFailRangeBytes" runstate="Runnable" testcasecount="1" result="Passed" start-time="2023-07-30 15:32:09Z" end-time="2023-07-30 15:32:09Z" duration="0.031381" total="1" passed="1" failed="0" inconclusive="0" skipped="0" asserts="1">
        <test-case id="0-1417" name="TestValidFailRangeBytes" fullname="Kaitai.SpecValidFailRangeBytes.TestValidFailRangeBytes" methodname="TestValidFailRangeBytes" classname="Kaitai.SpecValidFailRangeBytes" runstate="Runnable" seed="398588418" result="Passed" start-time="2023-07-30 15:32:09Z" end-time="2023-07-30 15:32:09Z" duration="0.001512" asserts="1" />
      </test-suite>
      <test-suite type="TestFixture" id="0-1418" name="SpecValidFailRangeFloat" fullname="Kaitai.SpecValidFailRangeFloat" classname="Kaitai.SpecValidFailRangeFloat" runstate="Runnable" testcasecount="1" result="Passed" start-time="2023-07-30 15:32:09Z" end-time="2023-07-30 15:32:09Z" duration="0.031356" total="1" passed="1" failed="0" inconclusive="0" skipped="0" asserts="1">
        <test-case id="0-1419" name="TestValidFailRangeFloat" fullname="Kaitai.SpecValidFailRangeFloat.TestValidFailRangeFloat" methodname="TestValidFailRangeFloat" classname="Kaitai.SpecValidFailRangeFloat" runstate="Runnable" seed="574013943" result="Passed" start-time="2023-07-30 15:32:09Z" end-time="2023-07-30 15:32:09Z" duration="0.001384" asserts="1" />
      </test-suite>
      <test-suite type="TestFixture" id="0-1420" name="SpecValidFailRangeInt" fullname="Kaitai.SpecValidFailRangeInt" classname="Kaitai.SpecValidFailRangeInt" runstate="Runnable" testcasecount="1" result="Passed" start-time="2023-07-30 15:32:09Z" end-time="2023-07-30 15:32:09Z" duration="0.031987" total="1" passed="1" failed="0" inconclusive="0" skipped="0" asserts="1">
        <test-case id="0-1421" name="TestValidFailRangeInt" fullname="Kaitai.SpecValidFailRangeInt.TestValidFailRangeInt" methodname="TestValidFailRangeInt" classname="Kaitai.SpecValidFailRangeInt" runstate="Runnable" seed="1991031613" result="Passed" start-time="2023-07-30 15:32:09Z" end-time="2023-07-30 15:32:09Z" duration="0.001410" asserts="1" />
      </test-suite>
      <test-suite type="TestFixture" id="0-1422" name="SpecValidFailRangeStr" fullname="Kaitai.SpecValidFailRangeStr" classname="Kaitai.SpecValidFailRangeStr" runstate="Runnable" testcasecount="1" result="Passed" start-time="2023-07-30 15:32:09Z" end-time="2023-07-30 15:32:09Z" duration="0.031324" total="1" passed="1" failed="0" inconclusive="0" skipped="0" asserts="1">
        <test-case id="0-1423" name="TestValidFailRangeStr" fullname="Kaitai.SpecValidFailRangeStr.TestValidFailRangeStr" methodname="TestValidFailRangeStr" classname="Kaitai.SpecValidFailRangeStr" runstate="Runnable" seed="722491582" result="Passed" start-time="2023-07-30 15:32:09Z" end-time="2023-07-30 15:32:09Z" duration="0.001325" asserts="1" />
      </test-suite>
      <test-suite type="TestFixture" id="0-1424" name="SpecValidLong" fullname="Kaitai.SpecValidLong" classname="Kaitai.SpecValidLong" runstate="Runnable" testcasecount="1" result="Passed" start-time="2023-07-30 15:32:10Z" end-time="2023-07-30 15:32:10Z" duration="0.031289" total="1" passed="1" failed="0" inconclusive="0" skipped="0" asserts="0">
        <test-case id="0-1425" name="TestValidLong" fullname="Kaitai.SpecValidLong.TestValidLong" methodname="TestValidLong" classname="Kaitai.SpecValidLong" runstate="Runnable" seed="1686106783" result="Passed" start-time="2023-07-30 15:32:10Z" end-time="2023-07-30 15:32:10Z" duration="0.002795" asserts="0" />
      </test-suite>
      <test-suite type="TestFixture" id="0-1426" name="SpecValidNotParsedIf" fullname="Kaitai.SpecValidNotParsedIf" classname="Kaitai.SpecValidNotParsedIf" runstate="Runnable" testcasecount="1" result="Passed" start-time="2023-07-30 15:32:10Z" end-time="2023-07-30 15:32:10Z" duration="0.031313" total="1" passed="1" failed="0" inconclusive="0" skipped="0" asserts="0">
        <test-case id="0-1427" name="TestValidNotParsedIf" fullname="Kaitai.SpecValidNotParsedIf.TestValidNotParsedIf" methodname="TestValidNotParsedIf" classname="Kaitai.SpecValidNotParsedIf" runstate="Runnable" seed="1961641509" result="Passed" start-time="2023-07-30 15:32:10Z" end-time="2023-07-30 15:32:10Z" duration="0.001230" asserts="0" />
      </test-suite>
      <test-suite type="TestFixture" id="0-1428" name="SpecValidOptionalId" fullname="Kaitai.SpecValidOptionalId" classname="Kaitai.SpecValidOptionalId" runstate="Runnable" testcasecount="1" result="Passed" start-time="2023-07-30 15:32:10Z" end-time="2023-07-30 15:32:10Z" duration="0.031287" total="1" passed="1" failed="0" inconclusive="0" skipped="0" asserts="0">
        <test-case id="0-1429" name="TestValidOptionalId" fullname="Kaitai.SpecValidOptionalId.TestValidOptionalId" methodname="TestValidOptionalId" classname="Kaitai.SpecValidOptionalId" runstate="Runnable" seed="417371083" result="Passed" start-time="2023-07-30 15:32:10Z" end-time="2023-07-30 15:32:10Z" duration="0.001474" asserts="0" />
      </test-suite>
      <test-suite type="TestFixture" id="0-1430" name="SpecValidShort" fullname="Kaitai.SpecValidShort" classname="Kaitai.SpecValidShort" runstate="Runnable" testcasecount="1" result="Passed" start-time="2023-07-30 15:32:10Z" end-time="2023-07-30 15:32:10Z" duration="0.031309" total="1" passed="1" failed="0" inconclusive="0" skipped="0" asserts="0">
        <test-case id="0-1431" name="TestValidShort" fullname="Kaitai.SpecValidShort.TestValidShort" methodname="TestValidShort" classname="Kaitai.SpecValidShort" runstate="Runnable" seed="1371445672" result="Passed" start-time="2023-07-30 15:32:10Z" end-time="2023-07-30 15:32:10Z" duration="0.002774" asserts="0" />
      </test-suite>
      <test-suite type="TestFixture" id="0-1432" name="SpecValidSwitch" fullname="Kaitai.SpecValidSwitch" classname="Kaitai.SpecValidSwitch" runstate="Runnable" testcasecount="1" result="Passed" start-time="2023-07-30 15:32:10Z" end-time="2023-07-30 15:32:10Z" duration="0.031299" total="1" passed="1" failed="0" inconclusive="0" skipped="0" asserts="0">
        <test-case id="0-1433" name="TestValidSwitch" fullname="Kaitai.SpecValidSwitch.TestValidSwitch" methodname="TestValidSwitch" classname="Kaitai.SpecValidSwitch" runstate="Runnable" seed="1130111781" result="Passed" start-time="2023-07-30 15:32:10Z" end-time="2023-07-30 15:32:10Z" duration="0.001199" asserts="0" />
      </test-suite>
      <test-suite type="TestFixture" id="0-1434" name="SpecZlibSurrounded" fullname="Kaitai.SpecZlibSurrounded" classname="Kaitai.SpecZlibSurrounded" runstate="Runnable" testcasecount="1" result="Passed" start-time="2023-07-30 15:32:10Z" end-time="2023-07-30 15:32:10Z" duration="0.062570" total="1" passed="1" failed="0" inconclusive="0" skipped="0" asserts="1">
        <test-case id="0-1435" name="TestZlibSurrounded" fullname="Kaitai.SpecZlibSurrounded.TestZlibSurrounded" methodname="TestZlibSurrounded" classname="Kaitai.SpecZlibSurrounded" runstate="Runnable" seed="671835100" result="Passed" start-time="2023-07-30 15:32:10Z" end-time="2023-07-30 15:32:10Z" duration="0.030912" asserts="1" />
      </test-suite>
      <test-suite type="TestFixture" id="0-1436" name="SpecZlibWithHeader78" fullname="Kaitai.SpecZlibWithHeader78" classname="Kaitai.SpecZlibWithHeader78" runstate="Runnable" testcasecount="1" result="Passed" start-time="2023-07-30 15:32:10Z" end-time="2023-07-30 15:32:10Z" duration="0.031305" total="1" passed="1" failed="0" inconclusive="0" skipped="0" asserts="1">
        <test-case id="0-1437" name="TestZlibWithHeader78" fullname="Kaitai.SpecZlibWithHeader78.TestZlibWithHeader78" methodname="TestZlibWithHeader78" classname="Kaitai.SpecZlibWithHeader78" runstate="Runnable" seed="1208407022" result="Passed" start-time="2023-07-30 15:32:10Z" end-time="2023-07-30 15:32:10Z" duration="0.001106" asserts="1" />
      </test-suite>
    </test-suite>
  </test-suite>
</test-run>