<?xml version="1.0" encoding="utf-8" standalone="no"?>
<test-run id="0" runstate="Runnable" testcasecount="257" result="Failed" total="257" passed="256" failed="1" warnings="0" inconclusive="0" skipped="0" asserts="1173" engine-version="3.19.0.0" clr-version="4.0.30319.42000" start-time="2026-05-03 22:17:21Z" end-time="2026-05-03 22:17:22Z" duration="1.664382">
  <command-line><![CDATA[C:\Users\runneradmin\.nuget\packages\nunit.consolerunner\3.19.0\tools\nunit3-console.exe --result=test_out/csharp/TestResult.xml spec/csharp/kaitai_struct_csharp_tests_netframework/bin/Debug/kaitai_struct_csharp_tests.dll]]></command-line>
  <test-suite type="Assembly" id="1-1514" name="kaitai_struct_csharp_tests.dll" fullname="D:\a\ci_targets\ci_targets\tests\spec\csharp\kaitai_struct_csharp_tests_netframework\bin\Debug\kaitai_struct_csharp_tests.dll" runstate="Runnable" testcasecount="257" result="Failed" site="Child" start-time="2026-05-03T22:17:22.1009243Z" end-time="2026-05-03T22:17:22.7067824Z" duration="0.603962" total="257" passed="256" failed="1" warnings="0" inconclusive="0" skipped="0" asserts="1173">
    <environment framework-version="3.14.0.0" clr-version="4.0.30319.42000" os-version="Microsoft Windows NT 10.0.26100.0" platform="Win32NT" cwd="D:\a\ci_targets\ci_targets\tests" machine-name="runnervmxu3fp" user="runneradmin" user-domain="runnervmxu3fp" culture="en-US" uiculture="en-US" os-architecture="x64" />
    <settings>
      <setting name="DisposeRunners" value="True" />
      <setting name="WorkDirectory" value="D:\a\ci_targets\ci_targets\tests" />
      <setting name="ImageRuntimeVersion" value="4.0.30319" />
      <setting name="ImageTargetFrameworkName" value=".NETFramework,Version=v4.8" />
      <setting name="ImageRequiresX86" value="False" />
      <setting name="ImageRequiresDefaultAppDomainAssemblyResolver" value="False" />
      <setting name="TargetRuntimeFramework" value="net-4.8" />
      <setting name="NumberOfTestWorkers" value="4" />
    </settings>
    <properties>
      <property name="_PID" value="4248" />
      <property name="_APPDOMAIN" value="domain-" />
    </properties>
    <failure>
      <message><![CDATA[One or more child tests had errors]]></message>
    </failure>
    <test-suite type="TestSuite" id="1-1515" name="Kaitai" fullname="Kaitai" runstate="Runnable" testcasecount="257" result="Failed" site="Child" start-time="2026-05-03T22:17:22.1168353Z" end-time="2026-05-03T22:17:22.7067824Z" duration="0.589079" total="257" passed="256" failed="1" warnings="0" inconclusive="0" skipped="0" asserts="1173">
      <failure>
        <message><![CDATA[One or more child tests had errors]]></message>
      </failure>
      <test-suite type="TestFixture" id="1-1000" name="SpecBcdUserTypeBe" fullname="Kaitai.SpecBcdUserTypeBe" classname="Kaitai.SpecBcdUserTypeBe" runstate="Runnable" testcasecount="1" result="Passed" start-time="2026-05-03T22:17:22.1208751Z" end-time="2026-05-03T22:17:22.2301398Z" duration="0.109809" total="1" passed="1" failed="0" warnings="0" inconclusive="0" skipped="0" asserts="6">
        <test-case id="1-1001" name="TestBcdUserTypeBe" fullname="Kaitai.SpecBcdUserTypeBe.TestBcdUserTypeBe" methodname="TestBcdUserTypeBe" classname="Kaitai.SpecBcdUserTypeBe" runstate="Runnable" seed="699718784" result="Passed" start-time="2026-05-03T22:17:22.1228965Z" end-time="2026-05-03T22:17:22.2263535Z" duration="0.102686" asserts="6" />
      </test-suite>
      <test-suite type="TestFixture" id="1-1002" name="SpecBcdUserTypeLe" fullname="Kaitai.SpecBcdUserTypeLe" classname="Kaitai.SpecBcdUserTypeLe" runstate="Runnable" testcasecount="1" result="Passed" start-time="2026-05-03T22:17:22.2322645Z" end-time="2026-05-03T22:17:22.2367994Z" duration="0.004568" total="1" passed="1" failed="0" warnings="0" inconclusive="0" skipped="0" asserts="6">
        <test-case id="1-1003" name="TestBcdUserTypeLe" fullname="Kaitai.SpecBcdUserTypeLe.TestBcdUserTypeLe" methodname="TestBcdUserTypeLe" classname="Kaitai.SpecBcdUserTypeLe" runstate="Runnable" seed="1728869897" result="Passed" start-time="2026-05-03T22:17:22.2322645Z" end-time="2026-05-03T22:17:22.2367994Z" duration="0.004417" asserts="6" />
      </test-suite>
      <test-suite type="TestFixture" id="1-1004" name="SpecBitsByteAligned" fullname="Kaitai.SpecBitsByteAligned" classname="Kaitai.SpecBitsByteAligned" runstate="Runnable" testcasecount="1" result="Passed" start-time="2026-05-03T22:17:22.2367994Z" end-time="2026-05-03T22:17:22.2504495Z" duration="0.012772" total="1" passed="1" failed="0" warnings="0" inconclusive="0" skipped="0" asserts="12">
        <test-case id="1-1005" name="TestBitsByteAligned" fullname="Kaitai.SpecBitsByteAligned.TestBitsByteAligned" methodname="TestBitsByteAligned" classname="Kaitai.SpecBitsByteAligned" runstate="Runnable" seed="1917620676" result="Passed" start-time="2026-05-03T22:17:22.2367994Z" end-time="2026-05-03T22:17:22.2504495Z" duration="0.012648" asserts="12" />
      </test-suite>
      <test-suite type="TestFixture" id="1-1006" name="SpecBitsEnum" fullname="Kaitai.SpecBitsEnum" classname="Kaitai.SpecBitsEnum" runstate="Runnable" testcasecount="1" result="Passed" start-time="2026-05-03T22:17:22.2504495Z" end-time="2026-05-03T22:17:22.2504495Z" duration="0.000717" total="1" passed="1" failed="0" warnings="0" inconclusive="0" skipped="0" asserts="3">
        <test-case id="1-1007" name="TestBitsEnum" fullname="Kaitai.SpecBitsEnum.TestBitsEnum" methodname="TestBitsEnum" classname="Kaitai.SpecBitsEnum" runstate="Runnable" seed="1911190913" result="Passed" start-time="2026-05-03T22:17:22.2504495Z" end-time="2026-05-03T22:17:22.2504495Z" duration="0.000619" asserts="3" />
      </test-suite>
      <test-suite type="TestFixture" id="1-1008" name="SpecBitsSeqEndianCombo" fullname="Kaitai.SpecBitsSeqEndianCombo" classname="Kaitai.SpecBitsSeqEndianCombo" runstate="Runnable" testcasecount="1" result="Passed" start-time="2026-05-03T22:17:22.2504495Z" end-time="2026-05-03T22:17:22.2524692Z" duration="0.001474" total="1" passed="1" failed="0" warnings="0" inconclusive="0" skipped="0" asserts="8">
        <test-case id="1-1009" name="TestBitsSeqEndianCombo" fullname="Kaitai.SpecBitsSeqEndianCombo.TestBitsSeqEndianCombo" methodname="TestBitsSeqEndianCombo" classname="Kaitai.SpecBitsSeqEndianCombo" runstate="Runnable" seed="749726090" result="Passed" start-time="2026-05-03T22:17:22.2504495Z" end-time="2026-05-03T22:17:22.2524692Z" duration="0.001383" asserts="8" />
      </test-suite>
      <test-suite type="TestFixture" id="1-1010" name="SpecBitsShiftByB32Le" fullname="Kaitai.SpecBitsShiftByB32Le" classname="Kaitai.SpecBitsShiftByB32Le" runstate="Runnable" testcasecount="1" result="Passed" start-time="2026-05-03T22:17:22.2524692Z" end-time="2026-05-03T22:17:22.2524692Z" duration="0.000646" total="1" passed="1" failed="0" warnings="0" inconclusive="0" skipped="0" asserts="2">
        <test-case id="1-1011" name="TestBitsShiftByB32Le" fullname="Kaitai.SpecBitsShiftByB32Le.TestBitsShiftByB32Le" methodname="TestBitsShiftByB32Le" classname="Kaitai.SpecBitsShiftByB32Le" runstate="Runnable" seed="1119121951" result="Passed" start-time="2026-05-03T22:17:22.2524692Z" end-time="2026-05-03T22:17:22.2524692Z" duration="0.000535" asserts="2" />
      </test-suite>
      <test-suite type="TestFixture" id="1-1012" name="SpecBitsShiftByB64Le" fullname="Kaitai.SpecBitsShiftByB64Le" classname="Kaitai.SpecBitsShiftByB64Le" runstate="Runnable" testcasecount="1" result="Passed" start-time="2026-05-03T22:17:22.2524692Z" end-time="2026-05-03T22:17:22.2524692Z" duration="0.000548" total="1" passed="1" failed="0" warnings="0" inconclusive="0" skipped="0" asserts="2">
        <test-case id="1-1013" name="TestBitsShiftByB64Le" fullname="Kaitai.SpecBitsShiftByB64Le.TestBitsShiftByB64Le" methodname="TestBitsShiftByB64Le" classname="Kaitai.SpecBitsShiftByB64Le" runstate="Runnable" seed="637594547" result="Passed" start-time="2026-05-03T22:17:22.2524692Z" end-time="2026-05-03T22:17:22.2524692Z" duration="0.000458" asserts="2" />
      </test-suite>
      <test-suite type="TestFixture" id="1-1014" name="SpecBitsSignedResB32Be" fullname="Kaitai.SpecBitsSignedResB32Be" classname="Kaitai.SpecBitsSignedResB32Be" runstate="Runnable" testcasecount="1" result="Passed" start-time="2026-05-03T22:17:22.2524692Z" end-time="2026-05-03T22:17:22.2544962Z" duration="0.000529" total="1" passed="1" failed="0" warnings="0" inconclusive="0" skipped="0" asserts="1">
        <test-case id="1-1015" name="TestBitsSignedResB32Be" fullname="Kaitai.SpecBitsSignedResB32Be.TestBitsSignedResB32Be" methodname="TestBitsSignedResB32Be" classname="Kaitai.SpecBitsSignedResB32Be" runstate="Runnable" seed="1898414231" result="Passed" start-time="2026-05-03T22:17:22.2540958Z" end-time="2026-05-03T22:17:22.2544962Z" duration="0.000426" asserts="1" />
      </test-suite>
      <test-suite type="TestFixture" id="1-1016" name="SpecBitsSignedResB32Le" fullname="Kaitai.SpecBitsSignedResB32Le" classname="Kaitai.SpecBitsSignedResB32Le" runstate="Runnable" testcasecount="1" result="Passed" start-time="2026-05-03T22:17:22.2544962Z" end-time="2026-05-03T22:17:22.2544962Z" duration="0.000465" total="1" passed="1" failed="0" warnings="0" inconclusive="0" skipped="0" asserts="1">
        <test-case id="1-1017" name="TestBitsSignedResB32Le" fullname="Kaitai.SpecBitsSignedResB32Le.TestBitsSignedResB32Le" methodname="TestBitsSignedResB32Le" classname="Kaitai.SpecBitsSignedResB32Le" runstate="Runnable" seed="156339983" result="Passed" start-time="2026-05-03T22:17:22.2544962Z" end-time="2026-05-03T22:17:22.2544962Z" duration="0.000378" asserts="1" />
      </test-suite>
      <test-suite type="TestFixture" id="1-1018" name="SpecBitsSignedShiftB32Le" fullname="Kaitai.SpecBitsSignedShiftB32Le" classname="Kaitai.SpecBitsSignedShiftB32Le" runstate="Runnable" testcasecount="1" result="Passed" start-time="2026-05-03T22:17:22.2544962Z" end-time="2026-05-03T22:17:22.2544962Z" duration="0.000735" total="1" passed="1" failed="0" warnings="0" inconclusive="0" skipped="0" asserts="2">
        <test-case id="1-1019" name="TestBitsSignedShiftB32Le" fullname="Kaitai.SpecBitsSignedShiftB32Le.TestBitsSignedShiftB32Le" methodname="TestBitsSignedShiftB32Le" classname="Kaitai.SpecBitsSignedShiftB32Le" runstate="Runnable" seed="694611725" result="Passed" start-time="2026-05-03T22:17:22.2544962Z" end-time="2026-05-03T22:17:22.2544962Z" duration="0.000622" asserts="2" />
      </test-suite>
      <test-suite type="TestFixture" id="1-1020" name="SpecBitsSignedShiftB64Le" fullname="Kaitai.SpecBitsSignedShiftB64Le" classname="Kaitai.SpecBitsSignedShiftB64Le" runstate="Runnable" testcasecount="1" result="Passed" start-time="2026-05-03T22:17:22.2544962Z" end-time="2026-05-03T22:17:22.2565211Z" duration="0.000810" total="1" passed="1" failed="0" warnings="0" inconclusive="0" skipped="0" asserts="2">
        <test-case id="1-1021" name="TestBitsSignedShiftB64Le" fullname="Kaitai.SpecBitsSignedShiftB64Le.TestBitsSignedShiftB64Le" methodname="TestBitsSignedShiftB64Le" classname="Kaitai.SpecBitsSignedShiftB64Le" runstate="Runnable" seed="2106839868" result="Passed" start-time="2026-05-03T22:17:22.2544962Z" end-time="2026-05-03T22:17:22.2565211Z" duration="0.000695" asserts="2" />
      </test-suite>
      <test-suite type="TestFixture" id="1-1022" name="SpecBitsSimple" fullname="Kaitai.SpecBitsSimple" classname="Kaitai.SpecBitsSimple" runstate="Runnable" testcasecount="1" result="Passed" start-time="2026-05-03T22:17:22.2565211Z" end-time="2026-05-03T22:17:22.2581391Z" duration="0.001796" total="1" passed="1" failed="0" warnings="0" inconclusive="0" skipped="0" asserts="14">
        <test-case id="1-1023" name="TestBitsSimple" fullname="Kaitai.SpecBitsSimple.TestBitsSimple" methodname="TestBitsSimple" classname="Kaitai.SpecBitsSimple" runstate="Runnable" seed="278286199" result="Passed" start-time="2026-05-03T22:17:22.2565211Z" end-time="2026-05-03T22:17:22.2581391Z" duration="0.001687" asserts="14" />
      </test-suite>
      <test-suite type="TestFixture" id="1-1024" name="SpecBitsSimpleLe" fullname="Kaitai.SpecBitsSimpleLe" classname="Kaitai.SpecBitsSimpleLe" runstate="Runnable" testcasecount="1" result="Passed" start-time="2026-05-03T22:17:22.2581391Z" end-time="2026-05-03T22:17:22.2599035Z" duration="0.001979" total="1" passed="1" failed="0" warnings="0" inconclusive="0" skipped="0" asserts="14">
        <test-case id="1-1025" name="TestBitsSimpleLe" fullname="Kaitai.SpecBitsSimpleLe.TestBitsSimpleLe" methodname="TestBitsSimpleLe" classname="Kaitai.SpecBitsSimpleLe" runstate="Runnable" seed="1616251067" result="Passed" start-time="2026-05-03T22:17:22.2585477Z" end-time="2026-05-03T22:17:22.2599035Z" duration="0.001836" asserts="14" />
      </test-suite>
      <test-suite type="TestFixture" id="1-1026" name="SpecBitsUnalignedB32Be" fullname="Kaitai.SpecBitsUnalignedB32Be" classname="Kaitai.SpecBitsUnalignedB32Be" runstate="Runnable" testcasecount="1" result="Passed" start-time="2026-05-03T22:17:22.2599035Z" end-time="2026-05-03T22:17:22.2599035Z" duration="0.000668" total="1" passed="1" failed="0" warnings="0" inconclusive="0" skipped="0" asserts="3">
        <test-case id="1-1027" name="TestBitsUnalignedB32Be" fullname="Kaitai.SpecBitsUnalignedB32Be.TestBitsUnalignedB32Be" methodname="TestBitsUnalignedB32Be" classname="Kaitai.SpecBitsUnalignedB32Be" runstate="Runnable" seed="1784156387" result="Passed" start-time="2026-05-03T22:17:22.2599035Z" end-time="2026-05-03T22:17:22.2599035Z" duration="0.000576" asserts="3" />
      </test-suite>
      <test-suite type="TestFixture" id="1-1028" name="SpecBitsUnalignedB32Le" fullname="Kaitai.SpecBitsUnalignedB32Le" classname="Kaitai.SpecBitsUnalignedB32Le" runstate="Runnable" testcasecount="1" result="Passed" start-time="2026-05-03T22:17:22.2599035Z" end-time="2026-05-03T22:17:22.2599035Z" duration="0.000650" total="1" passed="1" failed="0" warnings="0" inconclusive="0" skipped="0" asserts="3">
        <test-case id="1-1029" name="TestBitsUnalignedB32Le" fullname="Kaitai.SpecBitsUnalignedB32Le.TestBitsUnalignedB32Le" methodname="TestBitsUnalignedB32Le" classname="Kaitai.SpecBitsUnalignedB32Le" runstate="Runnable" seed="595909336" result="Passed" start-time="2026-05-03T22:17:22.2599035Z" end-time="2026-05-03T22:17:22.2599035Z" duration="0.000562" asserts="3" />
      </test-suite>
      <test-suite type="TestFixture" id="1-1030" name="SpecBitsUnalignedB64Be" fullname="Kaitai.SpecBitsUnalignedB64Be" classname="Kaitai.SpecBitsUnalignedB64Be" runstate="Runnable" testcasecount="1" result="Passed" start-time="2026-05-03T22:17:22.2599035Z" end-time="2026-05-03T22:17:22.2619316Z" duration="0.000702" total="1" passed="1" failed="0" warnings="0" inconclusive="0" skipped="0" asserts="3">
        <test-case id="1-1031" name="TestBitsUnalignedB64Be" fullname="Kaitai.SpecBitsUnalignedB64Be.TestBitsUnalignedB64Be" methodname="TestBitsUnalignedB64Be" classname="Kaitai.SpecBitsUnalignedB64Be" runstate="Runnable" seed="1336096237" result="Passed" start-time="2026-05-03T22:17:22.2599035Z" end-time="2026-05-03T22:17:22.2619316Z" duration="0.000612" asserts="3" />
      </test-suite>
      <test-suite type="TestFixture" id="1-1032" name="SpecBitsUnalignedB64Le" fullname="Kaitai.SpecBitsUnalignedB64Le" classname="Kaitai.SpecBitsUnalignedB64Le" runstate="Runnable" testcasecount="1" result="Passed" start-time="2026-05-03T22:17:22.2619316Z" end-time="2026-05-03T22:17:22.2619316Z" duration="0.000906" total="1" passed="1" failed="0" warnings="0" inconclusive="0" skipped="0" asserts="3">
        <test-case id="1-1033" name="TestBitsUnalignedB64Le" fullname="Kaitai.SpecBitsUnalignedB64Le.TestBitsUnalignedB64Le" methodname="TestBitsUnalignedB64Le" classname="Kaitai.SpecBitsUnalignedB64Le" runstate="Runnable" seed="192131209" result="Passed" start-time="2026-05-03T22:17:22.2619316Z" end-time="2026-05-03T22:17:22.2619316Z" duration="0.000815" asserts="3" />
      </test-suite>
      <test-suite type="TestFixture" id="1-1034" name="SpecBufferedStruct" fullname="Kaitai.SpecBufferedStruct" classname="Kaitai.SpecBufferedStruct" runstate="Runnable" testcasecount="1" result="Passed" start-time="2026-05-03T22:17:22.2619316Z" end-time="2026-05-03T22:17:22.2639518Z" duration="0.002012" total="1" passed="1" failed="0" warnings="0" inconclusive="0" skipped="0" asserts="7">
        <test-case id="1-1035" name="TestBufferedStruct" fullname="Kaitai.SpecBufferedStruct.TestBufferedStruct" methodname="TestBufferedStruct" classname="Kaitai.SpecBufferedStruct" runstate="Runnable" seed="226116286" result="Passed" start-time="2026-05-03T22:17:22.2619316Z" end-time="2026-05-03T22:17:22.2639518Z" duration="0.001881" asserts="7" />
      </test-suite>
      <test-suite type="TestFixture" id="1-1036" name="SpecBytesPadTerm" fullname="Kaitai.SpecBytesPadTerm" classname="Kaitai.SpecBytesPadTerm" runstate="Runnable" testcasecount="1" result="Passed" start-time="2026-05-03T22:17:22.2639518Z" end-time="2026-05-03T22:17:22.2659722Z" duration="0.001190" total="1" passed="1" failed="0" warnings="0" inconclusive="0" skipped="0" asserts="4">
        <test-case id="1-1037" name="TestBytesPadTerm" fullname="Kaitai.SpecBytesPadTerm.TestBytesPadTerm" methodname="TestBytesPadTerm" classname="Kaitai.SpecBytesPadTerm" runstate="Runnable" seed="711648166" result="Passed" start-time="2026-05-03T22:17:22.2639518Z" end-time="2026-05-03T22:17:22.2659722Z" duration="0.001086" asserts="4" />
      </test-suite>
      <test-suite type="TestFixture" id="1-1038" name="SpecCastNested" fullname="Kaitai.SpecCastNested" classname="Kaitai.SpecCastNested" runstate="Runnable" testcasecount="1" result="Passed" start-time="2026-05-03T22:17:22.2659722Z" end-time="2026-05-03T22:17:22.2679931Z" duration="0.002724" total="1" passed="1" failed="0" warnings="0" inconclusive="0" skipped="0" asserts="4">
        <test-case id="1-1039" name="TestCastNested" fullname="Kaitai.SpecCastNested.TestCastNested" methodname="TestCastNested" classname="Kaitai.SpecCastNested" runstate="Runnable" seed="380630022" result="Passed" start-time="2026-05-03T22:17:22.2659722Z" end-time="2026-05-03T22:17:22.2679931Z" duration="0.002630" asserts="4" />
      </test-suite>
      <test-suite type="TestFixture" id="1-1040" name="SpecCastToTop" fullname="Kaitai.SpecCastToTop" classname="Kaitai.SpecCastToTop" runstate="Runnable" testcasecount="1" result="Passed" start-time="2026-05-03T22:17:22.2679931Z" end-time="2026-05-03T22:17:22.2700129Z" duration="0.000924" total="1" passed="1" failed="0" warnings="0" inconclusive="0" skipped="0" asserts="3">
        <test-case id="1-1041" name="TestCastToTop" fullname="Kaitai.SpecCastToTop.TestCastToTop" methodname="TestCastToTop" classname="Kaitai.SpecCastToTop" runstate="Runnable" seed="425218572" result="Passed" start-time="2026-05-03T22:17:22.2679931Z" end-time="2026-05-03T22:17:22.2700129Z" duration="0.000812" asserts="3" />
      </test-suite>
      <test-suite type="TestFixture" id="1-1042" name="SpecCombineBool" fullname="Kaitai.SpecCombineBool" classname="Kaitai.SpecCombineBool" runstate="Runnable" testcasecount="1" result="Passed" start-time="2026-05-03T22:17:22.2700129Z" end-time="2026-05-03T22:17:22.2700129Z" duration="0.000789" total="1" passed="1" failed="0" warnings="0" inconclusive="0" skipped="0" asserts="2">
        <test-case id="1-1043" name="TestCombineBool" fullname="Kaitai.SpecCombineBool.TestCombineBool" methodname="TestCombineBool" classname="Kaitai.SpecCombineBool" runstate="Runnable" seed="2011706677" result="Passed" start-time="2026-05-03T22:17:22.2700129Z" end-time="2026-05-03T22:17:22.2700129Z" duration="0.000696" asserts="2" />
      </test-suite>
      <test-suite type="TestFixture" id="1-1044" name="SpecCombineBytes" fullname="Kaitai.SpecCombineBytes" classname="Kaitai.SpecCombineBytes" runstate="Runnable" testcasecount="1" result="Passed" start-time="2026-05-03T22:17:22.2700129Z" end-time="2026-05-03T22:17:22.2720310Z" duration="0.001862" total="1" passed="1" failed="0" warnings="0" inconclusive="0" skipped="0" asserts="10">
        <test-case id="1-1045" name="TestCombineBytes" fullname="Kaitai.SpecCombineBytes.TestCombineBytes" methodname="TestCombineBytes" classname="Kaitai.SpecCombineBytes" runstate="Runnable" seed="1994245925" result="Passed" start-time="2026-05-03T22:17:22.2700129Z" end-time="2026-05-03T22:17:22.2720310Z" duration="0.001735" asserts="10" />
      </test-suite>
      <test-suite type="TestFixture" id="1-1046" name="SpecCombineEnum" fullname="Kaitai.SpecCombineEnum" classname="Kaitai.SpecCombineEnum" runstate="Runnable" testcasecount="1" result="Passed" start-time="2026-05-03T22:17:22.2720310Z" end-time="2026-05-03T22:17:22.2720310Z" duration="0.000978" total="1" passed="1" failed="0" warnings="0" inconclusive="0" skipped="0" asserts="3">
        <test-case id="1-1047" name="TestCombineEnum" fullname="Kaitai.SpecCombineEnum.TestCombineEnum" methodname="TestCombineEnum" classname="Kaitai.SpecCombineEnum" runstate="Runnable" seed="1125264834" result="Passed" start-time="2026-05-03T22:17:22.2720310Z" end-time="2026-05-03T22:17:22.2720310Z" duration="0.000876" asserts="3" />
      </test-suite>
      <test-suite type="TestFixture" id="1-1048" name="SpecCombineStr" fullname="Kaitai.SpecCombineStr" classname="Kaitai.SpecCombineStr" runstate="Runnable" testcasecount="1" result="Passed" start-time="2026-05-03T22:17:22.2720310Z" end-time="2026-05-03T22:17:22.2740530Z" duration="0.001720" total="1" passed="1" failed="0" warnings="0" inconclusive="0" skipped="0" asserts="15">
        <test-case id="1-1049" name="TestCombineStr" fullname="Kaitai.SpecCombineStr.TestCombineStr" methodname="TestCombineStr" classname="Kaitai.SpecCombineStr" runstate="Runnable" seed="342428363" result="Passed" start-time="2026-05-03T22:17:22.2740530Z" end-time="2026-05-03T22:17:22.2740530Z" duration="0.001611" asserts="15" />
      </test-suite>
      <test-suite type="TestFixture" id="1-1050" name="SpecDebug0" fullname="Kaitai.SpecDebug0" classname="Kaitai.SpecDebug0" runstate="Runnable" testcasecount="1" result="Passed" start-time="2026-05-03T22:17:22.2740530Z" end-time="2026-05-03T22:17:22.2758214Z" duration="0.000923" total="1" passed="1" failed="0" warnings="0" inconclusive="0" skipped="0" asserts="6">
        <test-case id="1-1051" name="TestDebug0" fullname="Kaitai.SpecDebug0.TestDebug0" methodname="TestDebug0" classname="Kaitai.SpecDebug0" runstate="Runnable" seed="536627796" result="Passed" start-time="2026-05-03T22:17:22.2758214Z" end-time="2026-05-03T22:17:22.2758214Z" duration="0.000821" asserts="6" />
      </test-suite>
      <test-suite type="TestFixture" id="1-1052" name="SpecDebugArrayUser" fullname="Kaitai.SpecDebugArrayUser" classname="Kaitai.SpecDebugArrayUser" runstate="Runnable" testcasecount="1" result="Passed" start-time="2026-05-03T22:17:22.2758214Z" end-time="2026-05-03T22:17:22.2758214Z" duration="0.001062" total="1" passed="1" failed="0" warnings="0" inconclusive="0" skipped="0" asserts="5">
        <test-case id="1-1053" name="TestDebugArrayUser" fullname="Kaitai.SpecDebugArrayUser.TestDebugArrayUser" methodname="TestDebugArrayUser" classname="Kaitai.SpecDebugArrayUser" runstate="Runnable" seed="654667636" result="Passed" start-time="2026-05-03T22:17:22.2758214Z" end-time="2026-05-03T22:17:22.2758214Z" duration="0.000972" asserts="5" />
      </test-suite>
      <test-suite type="TestFixture" id="1-1054" name="SpecDebugArrayUserCurrentExcluded" fullname="Kaitai.SpecDebugArrayUserCurrentExcluded" classname="Kaitai.SpecDebugArrayUserCurrentExcluded" runstate="Runnable" testcasecount="1" result="Passed" start-time="2026-05-03T22:17:22.2758214Z" end-time="2026-05-03T22:17:22.2778441Z" duration="0.001050" total="1" passed="1" failed="0" warnings="0" inconclusive="0" skipped="0" asserts="3">
        <test-case id="1-1055" name="TestDebugArrayUserCurrentExcluded" fullname="Kaitai.SpecDebugArrayUserCurrentExcluded.TestDebugArrayUserCurrentExcluded" methodname="TestDebugArrayUserCurrentExcluded" classname="Kaitai.SpecDebugArrayUserCurrentExcluded" runstate="Runnable" seed="1252909369" result="Passed" start-time="2026-05-03T22:17:22.2778441Z" end-time="2026-05-03T22:17:22.2778441Z" duration="0.000961" asserts="3" />
      </test-suite>
      <test-suite type="TestFixture" id="1-1056" name="SpecDebugArrayUserEofException" fullname="Kaitai.SpecDebugArrayUserEofException" classname="Kaitai.SpecDebugArrayUserEofException" runstate="Runnable" testcasecount="1" result="Passed" start-time="2026-05-03T22:17:22.2778441Z" end-time="2026-05-03T22:17:22.2917137Z" duration="0.013353" total="1" passed="1" failed="0" warnings="0" inconclusive="0" skipped="0" asserts="9">
        <test-case id="1-1057" name="TestDebugArrayUserEofException" fullname="Kaitai.SpecDebugArrayUserEofException.TestDebugArrayUserEofException" methodname="TestDebugArrayUserEofException" classname="Kaitai.SpecDebugArrayUserEofException" runstate="Runnable" seed="594710074" result="Passed" start-time="2026-05-03T22:17:22.2778441Z" end-time="2026-05-03T22:17:22.2917137Z" duration="0.013260" asserts="9" />
      </test-suite>
      <test-suite type="TestFixture" id="1-1058" name="SpecDebugSwitchUser" fullname="Kaitai.SpecDebugSwitchUser" classname="Kaitai.SpecDebugSwitchUser" runstate="Runnable" testcasecount="1" result="Passed" start-time="2026-05-03T22:17:22.2917137Z" end-time="2026-05-03T22:17:22.2917137Z" duration="0.000893" total="1" passed="1" failed="0" warnings="0" inconclusive="0" skipped="0" asserts="2">
        <test-case id="1-1059" name="TestDebugSwitchUser" fullname="Kaitai.SpecDebugSwitchUser.TestDebugSwitchUser" methodname="TestDebugSwitchUser" classname="Kaitai.SpecDebugSwitchUser" runstate="Runnable" seed="1671035766" result="Passed" start-time="2026-05-03T22:17:22.2917137Z" end-time="2026-05-03T22:17:22.2917137Z" duration="0.000795" asserts="2" />
      </test-suite>
      <test-suite type="TestFixture" id="1-1060" name="SpecDefaultBigEndian" fullname="Kaitai.SpecDefaultBigEndian" classname="Kaitai.SpecDefaultBigEndian" runstate="Runnable" testcasecount="1" result="Passed" start-time="2026-05-03T22:17:22.2917137Z" end-time="2026-05-03T22:17:22.2917137Z" duration="0.000532" total="1" passed="1" failed="0" warnings="0" inconclusive="0" skipped="0" asserts="1">
        <test-case id="1-1061" name="TestDefaultBigEndian" fullname="Kaitai.SpecDefaultBigEndian.TestDefaultBigEndian" methodname="TestDefaultBigEndian" classname="Kaitai.SpecDefaultBigEndian" runstate="Runnable" seed="73479772" result="Passed" start-time="2026-05-03T22:17:22.2917137Z" end-time="2026-05-03T22:17:22.2917137Z" duration="0.000440" asserts="1" />
      </test-suite>
      <test-suite type="TestFixture" id="1-1062" name="SpecDefaultBitEndianMod" fullname="Kaitai.SpecDefaultBitEndianMod" classname="Kaitai.SpecDefaultBitEndianMod" runstate="Runnable" testcasecount="1" result="Passed" start-time="2026-05-03T22:17:22.2917137Z" end-time="2026-05-03T22:17:22.2937351Z" duration="0.001126" total="1" passed="1" failed="0" warnings="0" inconclusive="0" skipped="0" asserts="4">
        <test-case id="1-1063" name="TestDefaultBitEndianMod" fullname="Kaitai.SpecDefaultBitEndianMod.TestDefaultBitEndianMod" methodname="TestDefaultBitEndianMod" classname="Kaitai.SpecDefaultBitEndianMod" runstate="Runnable" seed="1002535734" result="Passed" start-time="2026-05-03T22:17:22.2937351Z" end-time="2026-05-03T22:17:22.2937351Z" duration="0.000995" asserts="4" />
      </test-suite>
      <test-suite type="TestFixture" id="1-1064" name="SpecDefaultEndianExprException" fullname="Kaitai.SpecDefaultEndianExprException" classname="Kaitai.SpecDefaultEndianExprException" runstate="Runnable" testcasecount="1" result="Passed" start-time="2026-05-03T22:17:22.2937351Z" end-time="2026-05-03T22:17:22.2957562Z" duration="0.001823" total="1" passed="1" failed="0" warnings="0" inconclusive="0" skipped="0" asserts="1">
        <test-case id="1-1065" name="TestDefaultEndianExprException" fullname="Kaitai.SpecDefaultEndianExprException.TestDefaultEndianExprException" methodname="TestDefaultEndianExprException" classname="Kaitai.SpecDefaultEndianExprException" runstate="Runnable" seed="2043501212" result="Passed" start-time="2026-05-03T22:17:22.2937351Z" end-time="2026-05-03T22:17:22.2957562Z" duration="0.001706" asserts="1" />
      </test-suite>
      <test-suite type="TestFixture" id="1-1066" name="SpecDefaultEndianExprInherited" fullname="Kaitai.SpecDefaultEndianExprInherited" classname="Kaitai.SpecDefaultEndianExprInherited" runstate="Runnable" testcasecount="1" result="Passed" start-time="2026-05-03T22:17:22.2957562Z" end-time="2026-05-03T22:17:22.2997940Z" duration="0.003393" total="1" passed="1" failed="0" warnings="0" inconclusive="0" skipped="0" asserts="15">
        <test-case id="1-1067" name="TestDefaultEndianExprInherited" fullname="Kaitai.SpecDefaultEndianExprInherited.TestDefaultEndianExprInherited" methodname="TestDefaultEndianExprInherited" classname="Kaitai.SpecDefaultEndianExprInherited" runstate="Runnable" seed="204690362" result="Passed" start-time="2026-05-03T22:17:22.2957562Z" end-time="2026-05-03T22:17:22.2997940Z" duration="0.003297" asserts="15" />
      </test-suite>
      <test-suite type="TestFixture" id="1-1068" name="SpecDefaultEndianExprIsBe" fullname="Kaitai.SpecDefaultEndianExprIsBe" classname="Kaitai.SpecDefaultEndianExprIsBe" runstate="Runnable" testcasecount="1" result="Passed" start-time="2026-05-03T22:17:22.2997940Z" end-time="2026-05-03T22:17:22.3018228Z" duration="0.003137" total="1" passed="1" failed="0" warnings="0" inconclusive="0" skipped="0" asserts="18">
        <test-case id="1-1069" name="TestDefaultEndianExprIsBe" fullname="Kaitai.SpecDefaultEndianExprIsBe.TestDefaultEndianExprIsBe" methodname="TestDefaultEndianExprIsBe" classname="Kaitai.SpecDefaultEndianExprIsBe" runstate="Runnable" seed="280204183" result="Passed" start-time="2026-05-03T22:17:22.2997940Z" end-time="2026-05-03T22:17:22.3018228Z" duration="0.003039" asserts="18" />
      </test-suite>
      <test-suite type="TestFixture" id="1-1070" name="SpecDefaultEndianExprIsLe" fullname="Kaitai.SpecDefaultEndianExprIsLe" classname="Kaitai.SpecDefaultEndianExprIsLe" runstate="Runnable" testcasecount="1" result="Passed" start-time="2026-05-03T22:17:22.3018228Z" end-time="2026-05-03T22:17:22.3058616Z" duration="0.002708" total="1" passed="1" failed="0" warnings="0" inconclusive="0" skipped="0" asserts="12">
        <test-case id="1-1071" name="TestDefaultEndianExprIsLe" fullname="Kaitai.SpecDefaultEndianExprIsLe.TestDefaultEndianExprIsLe" methodname="TestDefaultEndianExprIsLe" classname="Kaitai.SpecDefaultEndianExprIsLe" runstate="Runnable" seed="792117739" result="Passed" start-time="2026-05-03T22:17:22.3018228Z" end-time="2026-05-03T22:17:22.3058616Z" duration="0.002615" asserts="12" />
      </test-suite>
      <test-suite type="TestFixture" id="1-1072" name="SpecDefaultEndianMod" fullname="Kaitai.SpecDefaultEndianMod" classname="Kaitai.SpecDefaultEndianMod" runstate="Runnable" testcasecount="1" result="Passed" start-time="2026-05-03T22:17:22.3058616Z" end-time="2026-05-03T22:17:22.3058616Z" duration="0.001269" total="1" passed="1" failed="0" warnings="0" inconclusive="0" skipped="0" asserts="3">
        <test-case id="1-1073" name="TestDefaultEndianMod" fullname="Kaitai.SpecDefaultEndianMod.TestDefaultEndianMod" methodname="TestDefaultEndianMod" classname="Kaitai.SpecDefaultEndianMod" runstate="Runnable" seed="726575873" result="Passed" start-time="2026-05-03T22:17:22.3058616Z" end-time="2026-05-03T22:17:22.3058616Z" duration="0.001173" asserts="3" />
      </test-suite>
      <test-suite type="TestFixture" id="1-1074" name="SpecDocstrings" fullname="Kaitai.SpecDocstrings" classname="Kaitai.SpecDocstrings" runstate="Runnable" testcasecount="1" result="Passed" start-time="2026-05-03T22:17:22.3058616Z" end-time="2026-05-03T22:17:22.3076309Z" duration="0.000481" total="1" passed="1" failed="0" warnings="0" inconclusive="0" skipped="0" asserts="0">
        <test-case id="1-1075" name="TestDocstrings" fullname="Kaitai.SpecDocstrings.TestDocstrings" methodname="TestDocstrings" classname="Kaitai.SpecDocstrings" runstate="Runnable" seed="1229030679" result="Passed" start-time="2026-05-03T22:17:22.3058616Z" end-time="2026-05-03T22:17:22.3058616Z" duration="0.000335" asserts="0" />
      </test-suite>
      <test-suite type="TestFixture" id="1-1076" name="SpecDocstringsDocref" fullname="Kaitai.SpecDocstringsDocref" classname="Kaitai.SpecDocstringsDocref" runstate="Runnable" testcasecount="1" result="Passed" start-time="2026-05-03T22:17:22.3076309Z" end-time="2026-05-03T22:17:22.3076309Z" duration="0.000527" total="1" passed="1" failed="0" warnings="0" inconclusive="0" skipped="0" asserts="0">
        <test-case id="1-1077" name="TestDocstringsDocref" fullname="Kaitai.SpecDocstringsDocref.TestDocstringsDocref" methodname="TestDocstringsDocref" classname="Kaitai.SpecDocstringsDocref" runstate="Runnable" seed="192697237" result="Passed" start-time="2026-05-03T22:17:22.3076309Z" end-time="2026-05-03T22:17:22.3076309Z" duration="0.000406" asserts="0" />
      </test-suite>
      <test-suite type="TestFixture" id="1-1078" name="SpecDocstringsDocrefMulti" fullname="Kaitai.SpecDocstringsDocrefMulti" classname="Kaitai.SpecDocstringsDocrefMulti" runstate="Runnable" testcasecount="1" result="Passed" start-time="2026-05-03T22:17:22.3076309Z" end-time="2026-05-03T22:17:22.3076309Z" duration="0.000356" total="1" passed="1" failed="0" warnings="0" inconclusive="0" skipped="0" asserts="0">
        <test-case id="1-1079" name="TestDocstringsDocrefMulti" fullname="Kaitai.SpecDocstringsDocrefMulti.TestDocstringsDocrefMulti" methodname="TestDocstringsDocrefMulti" classname="Kaitai.SpecDocstringsDocrefMulti" runstate="Runnable" seed="1335911406" result="Passed" start-time="2026-05-03T22:17:22.3076309Z" end-time="2026-05-03T22:17:22.3076309Z" duration="0.000265" asserts="0" />
      </test-suite>
      <test-suite type="TestFixture" id="1-1080" name="SpecEnum0" fullname="Kaitai.SpecEnum0" classname="Kaitai.SpecEnum0" runstate="Runnable" testcasecount="1" result="Passed" start-time="2026-05-03T22:17:22.3076309Z" end-time="2026-05-03T22:17:22.3076309Z" duration="0.000533" total="1" passed="1" failed="0" warnings="0" inconclusive="0" skipped="0" asserts="2">
        <test-case id="1-1081" name="TestEnum0" fullname="Kaitai.SpecEnum0.TestEnum0" methodname="TestEnum0" classname="Kaitai.SpecEnum0" runstate="Runnable" seed="301242404" result="Passed" start-time="2026-05-03T22:17:22.3076309Z" end-time="2026-05-03T22:17:22.3076309Z" duration="0.000449" asserts="2" />
      </test-suite>
      <test-suite type="TestFixture" id="1-1082" name="SpecEnum1" fullname="Kaitai.SpecEnum1" classname="Kaitai.SpecEnum1" runstate="Runnable" testcasecount="1" result="Passed" start-time="2026-05-03T22:17:22.3076309Z" end-time="2026-05-03T22:17:22.3096581Z" duration="0.000902" total="1" passed="1" failed="0" warnings="0" inconclusive="0" skipped="0" asserts="2">
        <test-case id="1-1083" name="TestEnum1" fullname="Kaitai.SpecEnum1.TestEnum1" methodname="TestEnum1" classname="Kaitai.SpecEnum1" runstate="Runnable" seed="2093801654" result="Passed" start-time="2026-05-03T22:17:22.3076309Z" end-time="2026-05-03T22:17:22.3096581Z" duration="0.000814" asserts="2" />
      </test-suite>
      <test-suite type="TestFixture" id="1-1084" name="SpecEnumDeep" fullname="Kaitai.SpecEnumDeep" classname="Kaitai.SpecEnumDeep" runstate="Runnable" testcasecount="1" result="Passed" start-time="2026-05-03T22:17:22.3096581Z" end-time="2026-05-03T22:17:22.3096581Z" duration="0.000538" total="1" passed="1" failed="0" warnings="0" inconclusive="0" skipped="0" asserts="2">
        <test-case id="1-1085" name="TestEnumDeep" fullname="Kaitai.SpecEnumDeep.TestEnumDeep" methodname="TestEnumDeep" classname="Kaitai.SpecEnumDeep" runstate="Runnable" seed="343815482" result="Passed" start-time="2026-05-03T22:17:22.3096581Z" end-time="2026-05-03T22:17:22.3096581Z" duration="0.000449" asserts="2" />
      </test-suite>
      <test-suite type="TestFixture" id="1-1086" name="SpecEnumDeepLiterals" fullname="Kaitai.SpecEnumDeepLiterals" classname="Kaitai.SpecEnumDeepLiterals" runstate="Runnable" testcasecount="1" result="Passed" start-time="2026-05-03T22:17:22.3096581Z" end-time="2026-05-03T22:17:22.3096581Z" duration="0.000692" total="1" passed="1" failed="0" warnings="0" inconclusive="0" skipped="0" asserts="2">
        <test-case id="1-1087" name="TestEnumDeepLiterals" fullname="Kaitai.SpecEnumDeepLiterals.TestEnumDeepLiterals" methodname="TestEnumDeepLiterals" classname="Kaitai.SpecEnumDeepLiterals" runstate="Runnable" seed="757078705" result="Passed" start-time="2026-05-03T22:17:22.3096581Z" end-time="2026-05-03T22:17:22.3096581Z" duration="0.000593" asserts="2" />
      </test-suite>
      <test-suite type="TestFixture" id="1-1088" name="SpecEnumFancy" fullname="Kaitai.SpecEnumFancy" classname="Kaitai.SpecEnumFancy" runstate="Runnable" testcasecount="1" result="Passed" start-time="2026-05-03T22:17:22.3096581Z" end-time="2026-05-03T22:17:22.3116852Z" duration="0.000651" total="1" passed="1" failed="0" warnings="0" inconclusive="0" skipped="0" asserts="2">
        <test-case id="1-1089" name="TestEnumFancy" fullname="Kaitai.SpecEnumFancy.TestEnumFancy" methodname="TestEnumFancy" classname="Kaitai.SpecEnumFancy" runstate="Runnable" seed="1512627810" result="Passed" start-time="2026-05-03T22:17:22.3096581Z" end-time="2026-05-03T22:17:22.3116852Z" duration="0.000562" asserts="2" />
      </test-suite>
      <test-suite type="TestFixture" id="1-1090" name="SpecEnumIf" fullname="Kaitai.SpecEnumIf" classname="Kaitai.SpecEnumIf" runstate="Runnable" testcasecount="1" result="Passed" start-time="2026-05-03T22:17:22.3116852Z" end-time="2026-05-03T22:17:22.3116852Z" duration="0.001444" total="1" passed="1" failed="0" warnings="0" inconclusive="0" skipped="0" asserts="7">
        <test-case id="1-1091" name="TestEnumIf" fullname="Kaitai.SpecEnumIf.TestEnumIf" methodname="TestEnumIf" classname="Kaitai.SpecEnumIf" runstate="Runnable" seed="331538447" result="Passed" start-time="2026-05-03T22:17:22.3116852Z" end-time="2026-05-03T22:17:22.3116852Z" duration="0.001356" asserts="7" />
      </test-suite>
      <test-suite type="TestFixture" id="1-1092" name="SpecEnumImportLiterals" fullname="Kaitai.SpecEnumImportLiterals" classname="Kaitai.SpecEnumImportLiterals" runstate="Runnable" testcasecount="1" result="Passed" start-time="2026-05-03T22:17:22.3116852Z" end-time="2026-05-03T22:17:22.3137116Z" duration="0.000713" total="1" passed="1" failed="0" warnings="0" inconclusive="0" skipped="0" asserts="3">
        <test-case id="1-1093" name="TestEnumImportLiterals" fullname="Kaitai.SpecEnumImportLiterals.TestEnumImportLiterals" methodname="TestEnumImportLiterals" classname="Kaitai.SpecEnumImportLiterals" runstate="Runnable" seed="776498818" result="Passed" start-time="2026-05-03T22:17:22.3116852Z" end-time="2026-05-03T22:17:22.3137116Z" duration="0.000621" asserts="3" />
      </test-suite>
      <test-suite type="TestFixture" id="1-1094" name="SpecEnumImportSeq" fullname="Kaitai.SpecEnumImportSeq" classname="Kaitai.SpecEnumImportSeq" runstate="Runnable" testcasecount="1" result="Passed" start-time="2026-05-03T22:17:22.3137116Z" end-time="2026-05-03T22:17:22.3137116Z" duration="0.000532" total="1" passed="1" failed="0" warnings="0" inconclusive="0" skipped="0" asserts="2">
        <test-case id="1-1095" name="TestEnumImportSeq" fullname="Kaitai.SpecEnumImportSeq.TestEnumImportSeq" methodname="TestEnumImportSeq" classname="Kaitai.SpecEnumImportSeq" runstate="Runnable" seed="1977339202" result="Passed" start-time="2026-05-03T22:17:22.3137116Z" end-time="2026-05-03T22:17:22.3137116Z" duration="0.000443" asserts="2" />
      </test-suite>
      <test-suite type="TestFixture" id="1-1096" name="SpecEnumIntRangeS" fullname="Kaitai.SpecEnumIntRangeS" classname="Kaitai.SpecEnumIntRangeS" runstate="Runnable" testcasecount="1" result="Passed" start-time="2026-05-03T22:17:22.3137116Z" end-time="2026-05-03T22:17:22.3137116Z" duration="0.000621" total="1" passed="1" failed="0" warnings="0" inconclusive="0" skipped="0" asserts="3">
        <test-case id="1-1097" name="TestEnumIntRangeS" fullname="Kaitai.SpecEnumIntRangeS.TestEnumIntRangeS" methodname="TestEnumIntRangeS" classname="Kaitai.SpecEnumIntRangeS" runstate="Runnable" seed="338788205" result="Passed" start-time="2026-05-03T22:17:22.3137116Z" end-time="2026-05-03T22:17:22.3137116Z" duration="0.000533" asserts="3" />
      </test-suite>
      <test-suite type="TestFixture" id="1-1098" name="SpecEnumInvalid" fullname="Kaitai.SpecEnumInvalid" classname="Kaitai.SpecEnumInvalid" runstate="Runnable" testcasecount="1" result="Passed" start-time="2026-05-03T22:17:22.3137116Z" end-time="2026-05-03T22:17:22.3157381Z" duration="0.000609" total="1" passed="1" failed="0" warnings="0" inconclusive="0" skipped="0" asserts="2">
        <test-case id="1-1099" name="TestEnumInvalid" fullname="Kaitai.SpecEnumInvalid.TestEnumInvalid" methodname="TestEnumInvalid" classname="Kaitai.SpecEnumInvalid" runstate="Runnable" seed="771745234" result="Passed" start-time="2026-05-03T22:17:22.3137116Z" end-time="2026-05-03T22:17:22.3157381Z" duration="0.000523" asserts="2" />
      </test-suite>
      <test-suite type="TestFixture" id="1-1100" name="SpecEnumNegative" fullname="Kaitai.SpecEnumNegative" classname="Kaitai.SpecEnumNegative" runstate="Runnable" testcasecount="1" result="Passed" start-time="2026-05-03T22:17:22.3157381Z" end-time="2026-05-03T22:17:22.3157381Z" duration="0.000592" total="1" passed="1" failed="0" warnings="0" inconclusive="0" skipped="0" asserts="2">
        <test-case id="1-1101" name="TestEnumNegative" fullname="Kaitai.SpecEnumNegative.TestEnumNegative" methodname="TestEnumNegative" classname="Kaitai.SpecEnumNegative" runstate="Runnable" seed="901887576" result="Passed" start-time="2026-05-03T22:17:22.3157381Z" end-time="2026-05-03T22:17:22.3157381Z" duration="0.000503" asserts="2" />
      </test-suite>
      <test-suite type="TestFixture" id="1-1102" name="SpecEnumOfValueInst" fullname="Kaitai.SpecEnumOfValueInst" classname="Kaitai.SpecEnumOfValueInst" runstate="Runnable" testcasecount="1" result="Passed" start-time="2026-05-03T22:17:22.3157381Z" end-time="2026-05-03T22:17:22.3157381Z" duration="0.000742" total="1" passed="1" failed="0" warnings="0" inconclusive="0" skipped="0" asserts="4">
        <test-case id="1-1103" name="TestEnumOfValueInst" fullname="Kaitai.SpecEnumOfValueInst.TestEnumOfValueInst" methodname="TestEnumOfValueInst" classname="Kaitai.SpecEnumOfValueInst" runstate="Runnable" seed="1266472704" result="Passed" start-time="2026-05-03T22:17:22.3157381Z" end-time="2026-05-03T22:17:22.3157381Z" duration="0.000650" asserts="4" />
      </test-suite>
      <test-suite type="TestFixture" id="1-1104" name="SpecEnumToI" fullname="Kaitai.SpecEnumToI" classname="Kaitai.SpecEnumToI" runstate="Runnable" testcasecount="1" result="Passed" start-time="2026-05-03T22:17:22.3157381Z" end-time="2026-05-03T22:17:22.3177640Z" duration="0.001253" total="1" passed="1" failed="0" warnings="0" inconclusive="0" skipped="0" asserts="8">
        <test-case id="1-1105" name="TestEnumToI" fullname="Kaitai.SpecEnumToI.TestEnumToI" methodname="TestEnumToI" classname="Kaitai.SpecEnumToI" runstate="Runnable" seed="329857454" result="Passed" start-time="2026-05-03T22:17:22.3157381Z" end-time="2026-05-03T22:17:22.3177640Z" duration="0.001164" asserts="8" />
      </test-suite>
      <test-suite type="TestFixture" id="1-1106" name="SpecEnumToIClassBorder1" fullname="Kaitai.SpecEnumToIClassBorder1" classname="Kaitai.SpecEnumToIClassBorder1" runstate="Runnable" testcasecount="1" result="Passed" start-time="2026-05-03T22:17:22.3177640Z" end-time="2026-05-03T22:17:22.3177640Z" duration="0.001179" total="1" passed="1" failed="0" warnings="0" inconclusive="0" skipped="0" asserts="3">
        <test-case id="1-1107" name="TestEnumToIClassBorder1" fullname="Kaitai.SpecEnumToIClassBorder1.TestEnumToIClassBorder1" methodname="TestEnumToIClassBorder1" classname="Kaitai.SpecEnumToIClassBorder1" runstate="Runnable" seed="2119273487" result="Passed" start-time="2026-05-03T22:17:22.3177640Z" end-time="2026-05-03T22:17:22.3177640Z" duration="0.001084" asserts="3" />
      </test-suite>
      <test-suite type="TestFixture" id="1-1108" name="SpecEnumToIInvalid" fullname="Kaitai.SpecEnumToIInvalid" classname="Kaitai.SpecEnumToIInvalid" runstate="Runnable" testcasecount="1" result="Passed" start-time="2026-05-03T22:17:22.3177640Z" end-time="2026-05-03T22:17:22.3197894Z" duration="0.001299" total="1" passed="1" failed="0" warnings="0" inconclusive="0" skipped="0" asserts="8">
        <test-case id="1-1109" name="TestEnumToIInvalid" fullname="Kaitai.SpecEnumToIInvalid.TestEnumToIInvalid" methodname="TestEnumToIInvalid" classname="Kaitai.SpecEnumToIInvalid" runstate="Runnable" seed="2067923438" result="Passed" start-time="2026-05-03T22:17:22.3197894Z" end-time="2026-05-03T22:17:22.3197894Z" duration="0.001181" asserts="8" />
      </test-suite>
      <test-suite type="TestFixture" id="1-1110" name="SpecEofExceptionBytes" fullname="Kaitai.SpecEofExceptionBytes" classname="Kaitai.SpecEofExceptionBytes" runstate="Runnable" testcasecount="1" result="Passed" start-time="2026-05-03T22:17:22.3197894Z" end-time="2026-05-03T22:17:22.3197894Z" duration="0.000561" total="1" passed="1" failed="0" warnings="0" inconclusive="0" skipped="0" asserts="1">
        <test-case id="1-1111" name="TestEofExceptionBytes" fullname="Kaitai.SpecEofExceptionBytes.TestEofExceptionBytes" methodname="TestEofExceptionBytes" classname="Kaitai.SpecEofExceptionBytes" runstate="Runnable" seed="82189484" result="Passed" start-time="2026-05-03T22:17:22.3197894Z" end-time="2026-05-03T22:17:22.3197894Z" duration="0.000470" asserts="1" />
      </test-suite>
      <test-suite type="TestFixture" id="1-1112" name="SpecEofExceptionSized" fullname="Kaitai.SpecEofExceptionSized" classname="Kaitai.SpecEofExceptionSized" runstate="Runnable" testcasecount="1" result="Passed" start-time="2026-05-03T22:17:22.3197894Z" end-time="2026-05-03T22:17:22.3218108Z" duration="0.000654" total="1" passed="1" failed="0" warnings="0" inconclusive="0" skipped="0" asserts="1">
        <test-case id="1-1113" name="TestEofExceptionSized" fullname="Kaitai.SpecEofExceptionSized.TestEofExceptionSized" methodname="TestEofExceptionSized" classname="Kaitai.SpecEofExceptionSized" runstate="Runnable" seed="1089391840" result="Passed" start-time="2026-05-03T22:17:22.3197894Z" end-time="2026-05-03T22:17:22.3218108Z" duration="0.000561" asserts="1" />
      </test-suite>
      <test-suite type="TestFixture" id="1-1114" name="SpecEofExceptionSwitchUser" fullname="Kaitai.SpecEofExceptionSwitchUser" classname="Kaitai.SpecEofExceptionSwitchUser" runstate="Runnable" testcasecount="1" result="Passed" start-time="2026-05-03T22:17:22.3218108Z" end-time="2026-05-03T22:17:22.3218108Z" duration="0.000752" total="1" passed="1" failed="0" warnings="0" inconclusive="0" skipped="0" asserts="1">
        <test-case id="1-1115" name="TestEofExceptionSwitchUser" fullname="Kaitai.SpecEofExceptionSwitchUser.TestEofExceptionSwitchUser" methodname="TestEofExceptionSwitchUser" classname="Kaitai.SpecEofExceptionSwitchUser" runstate="Runnable" seed="174284227" result="Passed" start-time="2026-05-03T22:17:22.3218108Z" end-time="2026-05-03T22:17:22.3218108Z" duration="0.000659" asserts="1" />
      </test-suite>
      <test-suite type="TestFixture" id="1-1116" name="SpecEofExceptionU4" fullname="Kaitai.SpecEofExceptionU4" classname="Kaitai.SpecEofExceptionU4" runstate="Runnable" testcasecount="1" result="Passed" start-time="2026-05-03T22:17:22.3218108Z" end-time="2026-05-03T22:17:22.3235855Z" duration="0.000578" total="1" passed="1" failed="0" warnings="0" inconclusive="0" skipped="0" asserts="1">
        <test-case id="1-1117" name="TestEofExceptionU4" fullname="Kaitai.SpecEofExceptionU4.TestEofExceptionU4" methodname="TestEofExceptionU4" classname="Kaitai.SpecEofExceptionU4" runstate="Runnable" seed="310685149" result="Passed" start-time="2026-05-03T22:17:22.3218108Z" end-time="2026-05-03T22:17:22.3235855Z" duration="0.000484" asserts="1" />
      </test-suite>
      <test-suite type="TestFixture" id="1-1118" name="SpecEosExceptionBytes" fullname="Kaitai.SpecEosExceptionBytes" classname="Kaitai.SpecEosExceptionBytes" runstate="Runnable" testcasecount="1" result="Passed" start-time="2026-05-03T22:17:22.3235855Z" end-time="2026-05-03T22:17:22.3241091Z" duration="0.000822" total="1" passed="1" failed="0" warnings="0" inconclusive="0" skipped="0" asserts="1">
        <test-case id="1-1119" name="TestEosExceptionBytes" fullname="Kaitai.SpecEosExceptionBytes.TestEosExceptionBytes" methodname="TestEosExceptionBytes" classname="Kaitai.SpecEosExceptionBytes" runstate="Runnable" seed="1078456560" result="Passed" start-time="2026-05-03T22:17:22.3235855Z" end-time="2026-05-03T22:17:22.3241091Z" duration="0.000692" asserts="1" />
      </test-suite>
      <test-suite type="TestFixture" id="1-1120" name="SpecEosExceptionSized" fullname="Kaitai.SpecEosExceptionSized" classname="Kaitai.SpecEosExceptionSized" runstate="Runnable" testcasecount="1" result="Passed" start-time="2026-05-03T22:17:22.3241091Z" end-time="2026-05-03T22:17:22.3241091Z" duration="0.000735" total="1" passed="1" failed="0" warnings="0" inconclusive="0" skipped="0" asserts="1">
        <test-case id="1-1121" name="TestEosExceptionSized" fullname="Kaitai.SpecEosExceptionSized.TestEosExceptionSized" methodname="TestEosExceptionSized" classname="Kaitai.SpecEosExceptionSized" runstate="Runnable" seed="992717617" result="Passed" start-time="2026-05-03T22:17:22.3241091Z" end-time="2026-05-03T22:17:22.3241091Z" duration="0.000643" asserts="1" />
      </test-suite>
      <test-suite type="TestFixture" id="1-1122" name="SpecEosExceptionU4" fullname="Kaitai.SpecEosExceptionU4" classname="Kaitai.SpecEosExceptionU4" runstate="Runnable" testcasecount="1" result="Passed" start-time="2026-05-03T22:17:22.3241091Z" end-time="2026-05-03T22:17:22.3256158Z" duration="0.000693" total="1" passed="1" failed="0" warnings="0" inconclusive="0" skipped="0" asserts="1">
        <test-case id="1-1123" name="TestEosExceptionU4" fullname="Kaitai.SpecEosExceptionU4.TestEosExceptionU4" methodname="TestEosExceptionU4" classname="Kaitai.SpecEosExceptionU4" runstate="Runnable" seed="647248958" result="Passed" start-time="2026-05-03T22:17:22.3241091Z" end-time="2026-05-03T22:17:22.3256158Z" duration="0.000600" asserts="1" />
      </test-suite>
      <test-suite type="TestFixture" id="1-1124" name="SpecExpr0" fullname="Kaitai.SpecExpr0" classname="Kaitai.SpecExpr0" runstate="Runnable" testcasecount="1" result="Passed" start-time="2026-05-03T22:17:22.3256158Z" end-time="2026-05-03T22:17:22.3261351Z" duration="0.001301" total="1" passed="1" failed="0" warnings="0" inconclusive="0" skipped="0" asserts="2">
        <test-case id="1-1125" name="TestExpr0" fullname="Kaitai.SpecExpr0.TestExpr0" methodname="TestExpr0" classname="Kaitai.SpecExpr0" runstate="Runnable" seed="1879413498" result="Passed" start-time="2026-05-03T22:17:22.3256158Z" end-time="2026-05-03T22:17:22.3261351Z" duration="0.001204" asserts="2" />
      </test-suite>
      <test-suite type="TestFixture" id="1-1126" name="SpecExpr1" fullname="Kaitai.SpecExpr1" classname="Kaitai.SpecExpr1" runstate="Runnable" testcasecount="1" result="Passed" start-time="2026-05-03T22:17:22.3261351Z" end-time="2026-05-03T22:17:22.3276346Z" duration="0.000804" total="1" passed="1" failed="0" warnings="0" inconclusive="0" skipped="0" asserts="4">
        <test-case id="1-1127" name="TestExpr1" fullname="Kaitai.SpecExpr1.TestExpr1" methodname="TestExpr1" classname="Kaitai.SpecExpr1" runstate="Runnable" seed="1852934662" result="Passed" start-time="2026-05-03T22:17:22.3261351Z" end-time="2026-05-03T22:17:22.3276346Z" duration="0.000713" asserts="4" />
      </test-suite>
      <test-suite type="TestFixture" id="1-1128" name="SpecExpr2" fullname="Kaitai.SpecExpr2" classname="Kaitai.SpecExpr2" runstate="Runnable" testcasecount="1" result="Passed" start-time="2026-05-03T22:17:22.3276346Z" end-time="2026-05-03T22:17:22.3301800Z" duration="0.003072" total="1" passed="1" failed="0" warnings="0" inconclusive="0" skipped="0" asserts="17">
        <test-case id="1-1129" name="TestExpr2" fullname="Kaitai.SpecExpr2.TestExpr2" methodname="TestExpr2" classname="Kaitai.SpecExpr2" runstate="Runnable" seed="433305758" result="Passed" start-time="2026-05-03T22:17:22.3281618Z" end-time="2026-05-03T22:17:22.3301800Z" duration="0.002912" asserts="17" />
      </test-suite>
      <test-suite type="TestFixture" id="1-1130" name="SpecExpr3" fullname="Kaitai.SpecExpr3" classname="Kaitai.SpecExpr3" runstate="Runnable" testcasecount="1" result="Passed" start-time="2026-05-03T22:17:22.3301800Z" end-time="2026-05-03T22:17:22.3322064Z" duration="0.001936" total="1" passed="1" failed="0" warnings="0" inconclusive="0" skipped="0" asserts="12">
        <test-case id="1-1131" name="TestExpr3" fullname="Kaitai.SpecExpr3.TestExpr3" methodname="TestExpr3" classname="Kaitai.SpecExpr3" runstate="Runnable" seed="1924007765" result="Passed" start-time="2026-05-03T22:17:22.3301800Z" end-time="2026-05-03T22:17:22.3322064Z" duration="0.001831" asserts="12" />
      </test-suite>
      <test-suite type="TestFixture" id="1-1132" name="SpecExprArray" fullname="Kaitai.SpecExprArray" classname="Kaitai.SpecExprArray" runstate="Runnable" testcasecount="1" result="Passed" start-time="2026-05-03T22:17:22.3322064Z" end-time="2026-05-03T22:17:22.3415139Z" duration="0.008590" total="1" passed="1" failed="0" warnings="0" inconclusive="0" skipped="0" asserts="15">
        <test-case id="1-1133" name="TestExprArray" fullname="Kaitai.SpecExprArray.TestExprArray" methodname="TestExprArray" classname="Kaitai.SpecExprArray" runstate="Runnable" seed="2015659358" result="Passed" start-time="2026-05-03T22:17:22.3322064Z" end-time="2026-05-03T22:17:22.3415139Z" duration="0.008498" asserts="15" />
      </test-suite>
      <test-suite type="TestFixture" id="1-1134" name="SpecExprBytesCmp" fullname="Kaitai.SpecExprBytesCmp" classname="Kaitai.SpecExprBytesCmp" runstate="Runnable" testcasecount="1" result="Passed" start-time="2026-05-03T22:17:22.3415139Z" end-time="2026-05-03T22:17:22.3438824Z" duration="0.002420" total="1" passed="1" failed="0" warnings="0" inconclusive="0" skipped="0" asserts="10">
        <test-case id="1-1135" name="TestExprBytesCmp" fullname="Kaitai.SpecExprBytesCmp.TestExprBytesCmp" methodname="TestExprBytesCmp" classname="Kaitai.SpecExprBytesCmp" runstate="Runnable" seed="1736495912" result="Passed" start-time="2026-05-03T22:17:22.3415139Z" end-time="2026-05-03T22:17:22.3438824Z" duration="0.002319" asserts="10" />
      </test-suite>
      <test-suite type="TestFixture" id="1-1136" name="SpecExprBytesNonLiteral" fullname="Kaitai.SpecExprBytesNonLiteral" classname="Kaitai.SpecExprBytesNonLiteral" runstate="Runnable" testcasecount="1" result="Passed" start-time="2026-05-03T22:17:22.3438824Z" end-time="2026-05-03T22:17:22.3438824Z" duration="0.000733" total="1" passed="1" failed="0" warnings="0" inconclusive="0" skipped="0" asserts="3">
        <test-case id="1-1137" name="TestExprBytesNonLiteral" fullname="Kaitai.SpecExprBytesNonLiteral.TestExprBytesNonLiteral" methodname="TestExprBytesNonLiteral" classname="Kaitai.SpecExprBytesNonLiteral" runstate="Runnable" seed="541679402" result="Passed" start-time="2026-05-03T22:17:22.3438824Z" end-time="2026-05-03T22:17:22.3438824Z" duration="0.000639" asserts="3" />
      </test-suite>
      <test-suite type="TestFixture" id="1-1138" name="SpecExprBytesOps" fullname="Kaitai.SpecExprBytesOps" classname="Kaitai.SpecExprBytesOps" runstate="Runnable" testcasecount="1" result="Passed" start-time="2026-05-03T22:17:22.3438824Z" end-time="2026-05-03T22:17:22.3479356Z" duration="0.003040" total="1" passed="1" failed="0" warnings="0" inconclusive="0" skipped="0" asserts="16">
        <test-case id="1-1139" name="TestExprBytesOps" fullname="Kaitai.SpecExprBytesOps.TestExprBytesOps" methodname="TestExprBytesOps" classname="Kaitai.SpecExprBytesOps" runstate="Runnable" seed="28564401" result="Passed" start-time="2026-05-03T22:17:22.3438824Z" end-time="2026-05-03T22:17:22.3475708Z" duration="0.002909" asserts="16" />
      </test-suite>
      <test-suite type="TestFixture" id="1-1140" name="SpecExprCalcArrayOps" fullname="Kaitai.SpecExprCalcArrayOps" classname="Kaitai.SpecExprCalcArrayOps" runstate="Runnable" testcasecount="1" result="Passed" start-time="2026-05-03T22:17:22.3479356Z" end-time="2026-05-03T22:17:22.3499623Z" duration="0.003453" total="1" passed="1" failed="0" warnings="0" inconclusive="0" skipped="0" asserts="18">
        <test-case id="1-1141" name="TestExprCalcArrayOps" fullname="Kaitai.SpecExprCalcArrayOps.TestExprCalcArrayOps" methodname="TestExprCalcArrayOps" classname="Kaitai.SpecExprCalcArrayOps" runstate="Runnable" seed="1963586303" result="Passed" start-time="2026-05-03T22:17:22.3479356Z" end-time="2026-05-03T22:17:22.3499623Z" duration="0.003352" asserts="18" />
      </test-suite>
      <test-suite type="TestFixture" id="1-1142" name="SpecExprEnum" fullname="Kaitai.SpecExprEnum" classname="Kaitai.SpecExprEnum" runstate="Runnable" testcasecount="1" result="Passed" start-time="2026-05-03T22:17:22.3499623Z" end-time="2026-05-03T22:17:22.3519887Z" duration="0.000825" total="1" passed="1" failed="0" warnings="0" inconclusive="0" skipped="0" asserts="3">
        <test-case id="1-1143" name="TestExprEnum" fullname="Kaitai.SpecExprEnum.TestExprEnum" methodname="TestExprEnum" classname="Kaitai.SpecExprEnum" runstate="Runnable" seed="314295794" result="Passed" start-time="2026-05-03T22:17:22.3499623Z" end-time="2026-05-03T22:17:22.3519887Z" duration="0.000732" asserts="3" />
      </test-suite>
      <test-suite type="TestFixture" id="1-1144" name="SpecExprFstring0" fullname="Kaitai.SpecExprFstring0" classname="Kaitai.SpecExprFstring0" runstate="Runnable" testcasecount="1" result="Passed" start-time="2026-05-03T22:17:22.3519887Z" end-time="2026-05-03T22:17:22.3519887Z" duration="0.001161" total="1" passed="1" failed="0" warnings="0" inconclusive="0" skipped="0" asserts="9">
        <test-case id="1-1145" name="TestExprFstring0" fullname="Kaitai.SpecExprFstring0.TestExprFstring0" methodname="TestExprFstring0" classname="Kaitai.SpecExprFstring0" runstate="Runnable" seed="1970281163" result="Passed" start-time="2026-05-03T22:17:22.3519887Z" end-time="2026-05-03T22:17:22.3519887Z" duration="0.001069" asserts="9" />
      </test-suite>
      <test-suite type="TestFixture" id="1-1146" name="SpecExprIntDiv" fullname="Kaitai.SpecExprIntDiv" classname="Kaitai.SpecExprIntDiv" runstate="Runnable" testcasecount="1" result="Failed" site="Child" start-time="2026-05-03T22:17:22.3519887Z" end-time="2026-05-03T22:17:22.4567331Z" duration="0.103522" total="1" passed="0" failed="1" warnings="0" inconclusive="0" skipped="0" asserts="4">
        <failure>
          <message><![CDATA[One or more child tests had errors]]></message>
        </failure>
        <test-case id="1-1147" name="TestExprIntDiv" fullname="Kaitai.SpecExprIntDiv.TestExprIntDiv" methodname="TestExprIntDiv" classname="Kaitai.SpecExprIntDiv" runstate="Runnable" seed="1317184362" result="Failed" start-time="2026-05-03T22:17:22.3519887Z" end-time="2026-05-03T22:17:22.4567331Z" duration="0.103315" asserts="4">
          <failure>
            <message><![CDATA[  Expected: -756
  But was:  -757
]]></message>
            <stack-trace><![CDATA[   at Kaitai.SpecExprIntDiv.TestExprIntDiv() in D:\a\ci_targets\ci_targets\tests\spec\csharp\kaitai_struct_csharp_tests\tests\SpecExprIntDiv.cs:line 18
]]></stack-trace>
          </failure>
          <assertions>
            <assertion result="Failed">
              <message><![CDATA[  Expected: -756
  But was:  -757
]]></message>
              <stack-trace><![CDATA[   at Kaitai.SpecExprIntDiv.TestExprIntDiv() in D:\a\ci_targets\ci_targets\tests\spec\csharp\kaitai_struct_csharp_tests\tests\SpecExprIntDiv.cs:line 18
]]></stack-trace>
            </assertion>
          </assertions>
        </test-case>
      </test-suite>
      <test-suite type="TestFixture" id="1-1148" name="SpecExprIoEof" fullname="Kaitai.SpecExprIoEof" classname="Kaitai.SpecExprIoEof" runstate="Runnable" testcasecount="1" result="Passed" start-time="2026-05-03T22:17:22.4567331Z" end-time="2026-05-03T22:17:22.4587532Z" duration="0.001831" total="1" passed="1" failed="0" warnings="0" inconclusive="0" skipped="0" asserts="4">
        <test-case id="1-1149" name="TestExprIoEof" fullname="Kaitai.SpecExprIoEof.TestExprIoEof" methodname="TestExprIoEof" classname="Kaitai.SpecExprIoEof" runstate="Runnable" seed="40986468" result="Passed" start-time="2026-05-03T22:17:22.4567331Z" end-time="2026-05-03T22:17:22.4587532Z" duration="0.001666" asserts="4" />
      </test-suite>
      <test-suite type="TestFixture" id="1-1150" name="SpecExprIoPos" fullname="Kaitai.SpecExprIoPos" classname="Kaitai.SpecExprIoPos" runstate="Runnable" testcasecount="1" result="Passed" start-time="2026-05-03T22:17:22.4587532Z" end-time="2026-05-03T22:17:22.4587532Z" duration="0.001309" total="1" passed="1" failed="0" warnings="0" inconclusive="0" skipped="0" asserts="6">
        <test-case id="1-1151" name="TestExprIoPos" fullname="Kaitai.SpecExprIoPos.TestExprIoPos" methodname="TestExprIoPos" classname="Kaitai.SpecExprIoPos" runstate="Runnable" seed="435411877" result="Passed" start-time="2026-05-03T22:17:22.4587532Z" end-time="2026-05-03T22:17:22.4587532Z" duration="0.001205" asserts="6" />
      </test-suite>
      <test-suite type="TestFixture" id="1-1152" name="SpecExprMod" fullname="Kaitai.SpecExprMod" classname="Kaitai.SpecExprMod" runstate="Runnable" testcasecount="1" result="Passed" start-time="2026-05-03T22:17:22.4587532Z" end-time="2026-05-03T22:17:22.4607731Z" duration="0.001321" total="1" passed="1" failed="0" warnings="0" inconclusive="0" skipped="0" asserts="6">
        <test-case id="1-1153" name="TestExprMod" fullname="Kaitai.SpecExprMod.TestExprMod" methodname="TestExprMod" classname="Kaitai.SpecExprMod" runstate="Runnable" seed="856170396" result="Passed" start-time="2026-05-03T22:17:22.4587532Z" end-time="2026-05-03T22:17:22.4607731Z" duration="0.001227" asserts="6" />
      </test-suite>
      <test-suite type="TestFixture" id="1-1154" name="SpecExprOpsParens" fullname="Kaitai.SpecExprOpsParens" classname="Kaitai.SpecExprOpsParens" runstate="Runnable" testcasecount="1" result="Passed" start-time="2026-05-03T22:17:22.4607731Z" end-time="2026-05-03T22:17:22.4648104Z" duration="0.003432" total="1" passed="1" failed="0" warnings="0" inconclusive="0" skipped="0" asserts="9">
        <test-case id="1-1155" name="TestExprOpsParens" fullname="Kaitai.SpecExprOpsParens.TestExprOpsParens" methodname="TestExprOpsParens" classname="Kaitai.SpecExprOpsParens" runstate="Runnable" seed="1673666123" result="Passed" start-time="2026-05-03T22:17:22.4607731Z" end-time="2026-05-03T22:17:22.4648104Z" duration="0.003337" asserts="9" />
      </test-suite>
      <test-suite type="TestFixture" id="1-1156" name="SpecExprSizeofType0" fullname="Kaitai.SpecExprSizeofType0" classname="Kaitai.SpecExprSizeofType0" runstate="Runnable" testcasecount="1" result="Passed" start-time="2026-05-03T22:17:22.4648104Z" end-time="2026-05-03T22:17:22.4648104Z" duration="0.000499" total="1" passed="1" failed="0" warnings="0" inconclusive="0" skipped="0" asserts="1">
        <test-case id="1-1157" name="TestExprSizeofType0" fullname="Kaitai.SpecExprSizeofType0.TestExprSizeofType0" methodname="TestExprSizeofType0" classname="Kaitai.SpecExprSizeofType0" runstate="Runnable" seed="2063176003" result="Passed" start-time="2026-05-03T22:17:22.4648104Z" end-time="2026-05-03T22:17:22.4648104Z" duration="0.000381" asserts="1" />
      </test-suite>
      <test-suite type="TestFixture" id="1-1158" name="SpecExprSizeofType1" fullname="Kaitai.SpecExprSizeofType1" classname="Kaitai.SpecExprSizeofType1" runstate="Runnable" testcasecount="1" result="Passed" start-time="2026-05-03T22:17:22.4648104Z" end-time="2026-05-03T22:17:22.4648104Z" duration="0.000529" total="1" passed="1" failed="0" warnings="0" inconclusive="0" skipped="0" asserts="2">
        <test-case id="1-1159" name="TestExprSizeofType1" fullname="Kaitai.SpecExprSizeofType1.TestExprSizeofType1" methodname="TestExprSizeofType1" classname="Kaitai.SpecExprSizeofType1" runstate="Runnable" seed="1125221436" result="Passed" start-time="2026-05-03T22:17:22.4648104Z" end-time="2026-05-03T22:17:22.4648104Z" duration="0.000438" asserts="2" />
      </test-suite>
      <test-suite type="TestFixture" id="1-1160" name="SpecExprSizeofValue0" fullname="Kaitai.SpecExprSizeofValue0" classname="Kaitai.SpecExprSizeofValue0" runstate="Runnable" testcasecount="1" result="Passed" start-time="2026-05-03T22:17:22.4648104Z" end-time="2026-05-03T22:17:22.4665812Z" duration="0.001170" total="1" passed="1" failed="0" warnings="0" inconclusive="0" skipped="0" asserts="5">
        <test-case id="1-1161" name="TestExprSizeofValue0" fullname="Kaitai.SpecExprSizeofValue0.TestExprSizeofValue0" methodname="TestExprSizeofValue0" classname="Kaitai.SpecExprSizeofValue0" runstate="Runnable" seed="2094273700" result="Passed" start-time="2026-05-03T22:17:22.4648104Z" end-time="2026-05-03T22:17:22.4665812Z" duration="0.001073" asserts="5" />
      </test-suite>
      <test-suite type="TestFixture" id="1-1162" name="SpecExprSizeofValueSized" fullname="Kaitai.SpecExprSizeofValueSized" classname="Kaitai.SpecExprSizeofValueSized" runstate="Runnable" testcasecount="1" result="Passed" start-time="2026-05-03T22:17:22.4665812Z" end-time="2026-05-03T22:17:22.4665812Z" duration="0.000960" total="1" passed="1" failed="0" warnings="0" inconclusive="0" skipped="0" asserts="5">
        <test-case id="1-1163" name="TestExprSizeofValueSized" fullname="Kaitai.SpecExprSizeofValueSized.TestExprSizeofValueSized" methodname="TestExprSizeofValueSized" classname="Kaitai.SpecExprSizeofValueSized" runstate="Runnable" seed="749089153" result="Passed" start-time="2026-05-03T22:17:22.4665812Z" end-time="2026-05-03T22:17:22.4665812Z" duration="0.000868" asserts="5" />
      </test-suite>
      <test-suite type="TestFixture" id="1-1164" name="SpecExprStrEncodings" fullname="Kaitai.SpecExprStrEncodings" classname="Kaitai.SpecExprStrEncodings" runstate="Runnable" testcasecount="1" result="Passed" start-time="2026-05-03T22:17:22.4665812Z" end-time="2026-05-03T22:17:22.4686014Z" duration="0.002233" total="1" passed="1" failed="0" warnings="0" inconclusive="0" skipped="0" asserts="7">
        <test-case id="1-1165" name="TestExprStrEncodings" fullname="Kaitai.SpecExprStrEncodings.TestExprStrEncodings" methodname="TestExprStrEncodings" classname="Kaitai.SpecExprStrEncodings" runstate="Runnable" seed="2039960766" result="Passed" start-time="2026-05-03T22:17:22.4665812Z" end-time="2026-05-03T22:17:22.4686014Z" duration="0.002143" asserts="7" />
      </test-suite>
      <test-suite type="TestFixture" id="1-1166" name="SpecExprStrOps" fullname="Kaitai.SpecExprStrOps" classname="Kaitai.SpecExprStrOps" runstate="Runnable" testcasecount="1" result="Passed" start-time="2026-05-03T22:17:22.4686014Z" end-time="2026-05-03T22:17:22.4706225Z" duration="0.002170" total="1" passed="1" failed="0" warnings="0" inconclusive="0" skipped="0" asserts="18">
        <test-case id="1-1167" name="TestExprStrOps" fullname="Kaitai.SpecExprStrOps.TestExprStrOps" methodname="TestExprStrOps" classname="Kaitai.SpecExprStrOps" runstate="Runnable" seed="623713386" result="Passed" start-time="2026-05-03T22:17:22.4686014Z" end-time="2026-05-03T22:17:22.4706225Z" duration="0.002076" asserts="18" />
      </test-suite>
      <test-suite type="TestFixture" id="1-1168" name="SpecExprToITrailing" fullname="Kaitai.SpecExprToITrailing" classname="Kaitai.SpecExprToITrailing" runstate="Runnable" testcasecount="1" result="Passed" start-time="2026-05-03T22:17:22.4706225Z" end-time="2026-05-03T22:17:22.4726436Z" duration="0.001294" total="1" passed="1" failed="0" warnings="0" inconclusive="0" skipped="0" asserts="3">
        <test-case id="1-1169" name="TestExprToITrailing" fullname="Kaitai.SpecExprToITrailing.TestExprToITrailing" methodname="TestExprToITrailing" classname="Kaitai.SpecExprToITrailing" runstate="Runnable" seed="1123322891" result="Passed" start-time="2026-05-03T22:17:22.4726436Z" end-time="2026-05-03T22:17:22.4726436Z" duration="0.001167" asserts="3" />
      </test-suite>
      <test-suite type="TestFixture" id="1-1170" name="SpecFixedContents" fullname="Kaitai.SpecFixedContents" classname="Kaitai.SpecFixedContents" runstate="Runnable" testcasecount="1" result="Passed" start-time="2026-05-03T22:17:22.4726436Z" end-time="2026-05-03T22:17:22.4726436Z" duration="0.000743" total="1" passed="1" failed="0" warnings="0" inconclusive="0" skipped="0" asserts="0">
        <test-case id="1-1171" name="TestFixedContents" fullname="Kaitai.SpecFixedContents.TestFixedContents" methodname="TestFixedContents" classname="Kaitai.SpecFixedContents" runstate="Runnable" seed="1482171574" result="Passed" start-time="2026-05-03T22:17:22.4726436Z" end-time="2026-05-03T22:17:22.4726436Z" duration="0.000626" asserts="0" />
      </test-suite>
      <test-suite type="TestFixture" id="1-1172" name="SpecFixedStruct" fullname="Kaitai.SpecFixedStruct" classname="Kaitai.SpecFixedStruct" runstate="Runnable" testcasecount="1" result="Passed" start-time="2026-05-03T22:17:22.4726436Z" end-time="2026-05-03T22:17:22.4787013Z" duration="0.004219" total="1" passed="1" failed="0" warnings="0" inconclusive="0" skipped="0" asserts="20">
        <test-case id="1-1173" name="TestFixedStruct" fullname="Kaitai.SpecFixedStruct.TestFixedStruct" methodname="TestFixedStruct" classname="Kaitai.SpecFixedStruct" runstate="Runnable" seed="1801043416" result="Passed" start-time="2026-05-03T22:17:22.4746647Z" end-time="2026-05-03T22:17:22.4787013Z" duration="0.004088" asserts="20" />
      </test-suite>
      <test-suite type="TestFixture" id="1-1174" name="SpecFloatingPoints" fullname="Kaitai.SpecFloatingPoints" classname="Kaitai.SpecFloatingPoints" runstate="Runnable" testcasecount="1" result="Passed" start-time="2026-05-03T22:17:22.4787013Z" end-time="2026-05-03T22:17:22.4787013Z" duration="0.001251" total="1" passed="1" failed="0" warnings="0" inconclusive="0" skipped="0" asserts="8">
        <test-case id="1-1175" name="TestFloatingPoints" fullname="Kaitai.SpecFloatingPoints.TestFloatingPoints" methodname="TestFloatingPoints" classname="Kaitai.SpecFloatingPoints" runstate="Runnable" seed="1316812506" result="Passed" start-time="2026-05-03T22:17:22.4787013Z" end-time="2026-05-03T22:17:22.4787013Z" duration="0.001131" asserts="8" />
      </test-suite>
      <test-suite type="TestFixture" id="1-1176" name="SpecHelloWorld" fullname="Kaitai.SpecHelloWorld" classname="Kaitai.SpecHelloWorld" runstate="Runnable" testcasecount="1" result="Passed" start-time="2026-05-03T22:17:22.4787013Z" end-time="2026-05-03T22:17:22.4787013Z" duration="0.000506" total="1" passed="1" failed="0" warnings="0" inconclusive="0" skipped="0" asserts="1">
        <test-case id="1-1177" name="TestHelloWorld" fullname="Kaitai.SpecHelloWorld.TestHelloWorld" methodname="TestHelloWorld" classname="Kaitai.SpecHelloWorld" runstate="Runnable" seed="2124715334" result="Passed" start-time="2026-05-03T22:17:22.4787013Z" end-time="2026-05-03T22:17:22.4787013Z" duration="0.000414" asserts="1" />
      </test-suite>
      <test-suite type="TestFixture" id="1-1178" name="SpecIfInstances" fullname="Kaitai.SpecIfInstances" classname="Kaitai.SpecIfInstances" runstate="Runnable" testcasecount="1" result="Passed" start-time="2026-05-03T22:17:22.4787013Z" end-time="2026-05-03T22:17:22.4807227Z" duration="0.000525" total="1" passed="1" failed="0" warnings="0" inconclusive="0" skipped="0" asserts="1">
        <test-case id="1-1179" name="TestIfInstances" fullname="Kaitai.SpecIfInstances.TestIfInstances" methodname="TestIfInstances" classname="Kaitai.SpecIfInstances" runstate="Runnable" seed="340269715" result="Passed" start-time="2026-05-03T22:17:22.4807227Z" end-time="2026-05-03T22:17:22.4807227Z" duration="0.000399" asserts="1" />
      </test-suite>
      <test-suite type="TestFixture" id="1-1180" name="SpecIfStruct" fullname="Kaitai.SpecIfStruct" classname="Kaitai.SpecIfStruct" runstate="Runnable" testcasecount="1" result="Passed" start-time="2026-05-03T22:17:22.4807227Z" end-time="2026-05-03T22:17:22.4824941Z" duration="0.001844" total="1" passed="1" failed="0" warnings="0" inconclusive="0" skipped="0" asserts="10">
        <test-case id="1-1181" name="TestIfStruct" fullname="Kaitai.SpecIfStruct.TestIfStruct" methodname="TestIfStruct" classname="Kaitai.SpecIfStruct" runstate="Runnable" seed="891671156" result="Passed" start-time="2026-05-03T22:17:22.4807227Z" end-time="2026-05-03T22:17:22.4824941Z" duration="0.001751" asserts="10" />
      </test-suite>
      <test-suite type="TestFixture" id="1-1182" name="SpecIfValues" fullname="Kaitai.SpecIfValues" classname="Kaitai.SpecIfValues" runstate="Runnable" testcasecount="1" result="Passed" start-time="2026-05-03T22:17:22.4824941Z" end-time="2026-05-03T22:17:22.4824941Z" duration="0.001356" total="1" passed="1" failed="0" warnings="0" inconclusive="0" skipped="0" asserts="6">
        <test-case id="1-1183" name="TestIfValues" fullname="Kaitai.SpecIfValues.TestIfValues" methodname="TestIfValues" classname="Kaitai.SpecIfValues" runstate="Runnable" seed="689325990" result="Passed" start-time="2026-05-03T22:17:22.4824941Z" end-time="2026-05-03T22:17:22.4824941Z" duration="0.001247" asserts="6" />
      </test-suite>
      <test-suite type="TestFixture" id="1-1184" name="SpecImports0" fullname="Kaitai.SpecImports0" classname="Kaitai.SpecImports0" runstate="Runnable" testcasecount="1" result="Passed" start-time="2026-05-03T22:17:22.4824941Z" end-time="2026-05-03T22:17:22.4845214Z" duration="0.000769" total="1" passed="1" failed="0" warnings="0" inconclusive="0" skipped="0" asserts="3">
        <test-case id="1-1185" name="TestImports0" fullname="Kaitai.SpecImports0.TestImports0" methodname="TestImports0" classname="Kaitai.SpecImports0" runstate="Runnable" seed="2110388562" result="Passed" start-time="2026-05-03T22:17:22.4824941Z" end-time="2026-05-03T22:17:22.4845214Z" duration="0.000673" asserts="3" />
      </test-suite>
      <test-suite type="TestFixture" id="1-1186" name="SpecImportsAbs" fullname="Kaitai.SpecImportsAbs" classname="Kaitai.SpecImportsAbs" runstate="Runnable" testcasecount="1" result="Passed" start-time="2026-05-03T22:17:22.4845214Z" end-time="2026-05-03T22:17:22.4865486Z" duration="0.002056" total="1" passed="1" failed="0" warnings="0" inconclusive="0" skipped="0" asserts="2">
        <test-case id="1-1187" name="TestImportsAbs" fullname="Kaitai.SpecImportsAbs.TestImportsAbs" methodname="TestImportsAbs" classname="Kaitai.SpecImportsAbs" runstate="Runnable" seed="513263905" result="Passed" start-time="2026-05-03T22:17:22.4845214Z" end-time="2026-05-03T22:17:22.4865486Z" duration="0.001963" asserts="2" />
      </test-suite>
      <test-suite type="TestFixture" id="1-1188" name="SpecImportsAbsAbs" fullname="Kaitai.SpecImportsAbsAbs" classname="Kaitai.SpecImportsAbsAbs" runstate="Runnable" testcasecount="1" result="Passed" start-time="2026-05-03T22:17:22.4865486Z" end-time="2026-05-03T22:17:22.4865486Z" duration="0.000941" total="1" passed="1" failed="0" warnings="0" inconclusive="0" skipped="0" asserts="3">
        <test-case id="1-1189" name="TestImportsAbsAbs" fullname="Kaitai.SpecImportsAbsAbs.TestImportsAbsAbs" methodname="TestImportsAbsAbs" classname="Kaitai.SpecImportsAbsAbs" runstate="Runnable" seed="684121136" result="Passed" start-time="2026-05-03T22:17:22.4865486Z" end-time="2026-05-03T22:17:22.4865486Z" duration="0.000834" asserts="3" />
      </test-suite>
      <test-suite type="TestFixture" id="1-1190" name="SpecImportsAbsRel" fullname="Kaitai.SpecImportsAbsRel" classname="Kaitai.SpecImportsAbsRel" runstate="Runnable" testcasecount="1" result="Passed" start-time="2026-05-03T22:17:22.4865486Z" end-time="2026-05-03T22:17:22.4885753Z" duration="0.000891" total="1" passed="1" failed="0" warnings="0" inconclusive="0" skipped="0" asserts="3">
        <test-case id="1-1191" name="TestImportsAbsRel" fullname="Kaitai.SpecImportsAbsRel.TestImportsAbsRel" methodname="TestImportsAbsRel" classname="Kaitai.SpecImportsAbsRel" runstate="Runnable" seed="1997822203" result="Passed" start-time="2026-05-03T22:17:22.4865486Z" end-time="2026-05-03T22:17:22.4885753Z" duration="0.000797" asserts="3" />
      </test-suite>
      <test-suite type="TestFixture" id="1-1192" name="SpecImportsCastToImported" fullname="Kaitai.SpecImportsCastToImported" classname="Kaitai.SpecImportsCastToImported" runstate="Runnable" testcasecount="1" result="Passed" start-time="2026-05-03T22:17:22.4885753Z" end-time="2026-05-03T22:17:22.4885753Z" duration="0.000783" total="1" passed="1" failed="0" warnings="0" inconclusive="0" skipped="0" asserts="2">
        <test-case id="1-1193" name="TestImportsCastToImported" fullname="Kaitai.SpecImportsCastToImported.TestImportsCastToImported" methodname="TestImportsCastToImported" classname="Kaitai.SpecImportsCastToImported" runstate="Runnable" seed="1025263551" result="Passed" start-time="2026-05-03T22:17:22.4885753Z" end-time="2026-05-03T22:17:22.4885753Z" duration="0.000691" asserts="2" />
      </test-suite>
      <test-suite type="TestFixture" id="1-1194" name="SpecImportsCastToImported2" fullname="Kaitai.SpecImportsCastToImported2" classname="Kaitai.SpecImportsCastToImported2" runstate="Runnable" testcasecount="1" result="Passed" start-time="2026-05-03T22:17:22.4885753Z" end-time="2026-05-03T22:17:22.4906057Z" duration="0.000861" total="1" passed="1" failed="0" warnings="0" inconclusive="0" skipped="0" asserts="2">
        <test-case id="1-1195" name="TestImportsCastToImported2" fullname="Kaitai.SpecImportsCastToImported2.TestImportsCastToImported2" methodname="TestImportsCastToImported2" classname="Kaitai.SpecImportsCastToImported2" runstate="Runnable" seed="474251732" result="Passed" start-time="2026-05-03T22:17:22.4885753Z" end-time="2026-05-03T22:17:22.4906057Z" duration="0.000768" asserts="2" />
      </test-suite>
      <test-suite type="TestFixture" id="1-1196" name="SpecImportsCircularA" fullname="Kaitai.SpecImportsCircularA" classname="Kaitai.SpecImportsCircularA" runstate="Runnable" testcasecount="1" result="Passed" start-time="2026-05-03T22:17:22.4906057Z" end-time="2026-05-03T22:17:22.4906057Z" duration="0.000861" total="1" passed="1" failed="0" warnings="0" inconclusive="0" skipped="0" asserts="5">
        <test-case id="1-1197" name="TestImportsCircularA" fullname="Kaitai.SpecImportsCircularA.TestImportsCircularA" methodname="TestImportsCircularA" classname="Kaitai.SpecImportsCircularA" runstate="Runnable" seed="1130567546" result="Passed" start-time="2026-05-03T22:17:22.4906057Z" end-time="2026-05-03T22:17:22.4906057Z" duration="0.000763" asserts="5" />
      </test-suite>
      <test-suite type="TestFixture" id="1-1198" name="SpecImportsParamsDefArrayUsertypeImported" fullname="Kaitai.SpecImportsParamsDefArrayUsertypeImported" classname="Kaitai.SpecImportsParamsDefArrayUsertypeImported" runstate="Runnable" testcasecount="1" result="Passed" start-time="2026-05-03T22:17:22.4906057Z" end-time="2026-05-03T22:17:22.4926327Z" duration="0.001288" total="1" passed="1" failed="0" warnings="0" inconclusive="0" skipped="0" asserts="5">
[...]
      </test-suite>
      <test-suite type="TestFixture" id="1-1464" name="SpecValidFailEqInt" fullname="Kaitai.SpecValidFailEqInt" classname="Kaitai.SpecValidFailEqInt" runstate="Runnable" testcasecount="1" result="Passed" start-time="2026-05-03T22:17:22.6611055Z" end-time="2026-05-03T22:17:22.6631278Z" duration="0.000906" total="1" passed="1" failed="0" warnings="0" inconclusive="0" skipped="0" asserts="1">
        <test-case id="1-1465" name="TestValidFailEqInt" fullname="Kaitai.SpecValidFailEqInt.TestValidFailEqInt" methodname="TestValidFailEqInt" classname="Kaitai.SpecValidFailEqInt" runstate="Runnable" seed="990937045" result="Passed" start-time="2026-05-03T22:17:22.6611055Z" end-time="2026-05-03T22:17:22.6631278Z" duration="0.000811" asserts="1" />
      </test-suite>
      <test-suite type="TestFixture" id="1-1466" name="SpecValidFailEqStr" fullname="Kaitai.SpecValidFailEqStr" classname="Kaitai.SpecValidFailEqStr" runstate="Runnable" testcasecount="1" result="Passed" start-time="2026-05-03T22:17:22.6631278Z" end-time="2026-05-03T22:17:22.6631278Z" duration="0.000648" total="1" passed="1" failed="0" warnings="0" inconclusive="0" skipped="0" asserts="1">
        <test-case id="1-1467" name="TestValidFailEqStr" fullname="Kaitai.SpecValidFailEqStr.TestValidFailEqStr" methodname="TestValidFailEqStr" classname="Kaitai.SpecValidFailEqStr" runstate="Runnable" seed="1096622301" result="Passed" start-time="2026-05-03T22:17:22.6631278Z" end-time="2026-05-03T22:17:22.6631278Z" duration="0.000551" asserts="1" />
      </test-suite>
      <test-suite type="TestFixture" id="1-1468" name="SpecValidFailExpr" fullname="Kaitai.SpecValidFailExpr" classname="Kaitai.SpecValidFailExpr" runstate="Runnable" testcasecount="1" result="Passed" start-time="2026-05-03T22:17:22.6631278Z" end-time="2026-05-03T22:17:22.6651467Z" duration="0.001879" total="1" passed="1" failed="0" warnings="0" inconclusive="0" skipped="0" asserts="1">
        <test-case id="1-1469" name="TestValidFailExpr" fullname="Kaitai.SpecValidFailExpr.TestValidFailExpr" methodname="TestValidFailExpr" classname="Kaitai.SpecValidFailExpr" runstate="Runnable" seed="1108109326" result="Passed" start-time="2026-05-03T22:17:22.6631278Z" end-time="2026-05-03T22:17:22.6651467Z" duration="0.001782" asserts="1" />
      </test-suite>
      <test-suite type="TestFixture" id="1-1470" name="SpecValidFailInEnum" fullname="Kaitai.SpecValidFailInEnum" classname="Kaitai.SpecValidFailInEnum" runstate="Runnable" testcasecount="1" result="Passed" start-time="2026-05-03T22:17:22.6651467Z" end-time="2026-05-03T22:17:22.6651467Z" duration="0.000912" total="1" passed="1" failed="0" warnings="0" inconclusive="0" skipped="0" asserts="1">
        <test-case id="1-1471" name="TestValidFailInEnum" fullname="Kaitai.SpecValidFailInEnum.TestValidFailInEnum" methodname="TestValidFailInEnum" classname="Kaitai.SpecValidFailInEnum" runstate="Runnable" seed="1066908246" result="Passed" start-time="2026-05-03T22:17:22.6651467Z" end-time="2026-05-03T22:17:22.6651467Z" duration="0.000812" asserts="1" />
      </test-suite>
      <test-suite type="TestFixture" id="1-1472" name="SpecValidFailInst" fullname="Kaitai.SpecValidFailInst" classname="Kaitai.SpecValidFailInst" runstate="Runnable" testcasecount="1" result="Passed" start-time="2026-05-03T22:17:22.6651467Z" end-time="2026-05-03T22:17:22.6671672Z" duration="0.000887" total="1" passed="1" failed="0" warnings="0" inconclusive="0" skipped="0" asserts="1">
        <test-case id="1-1473" name="TestValidFailInst" fullname="Kaitai.SpecValidFailInst.TestValidFailInst" methodname="TestValidFailInst" classname="Kaitai.SpecValidFailInst" runstate="Runnable" seed="86006904" result="Passed" start-time="2026-05-03T22:17:22.6651467Z" end-time="2026-05-03T22:17:22.6671672Z" duration="0.000759" asserts="1" />
      </test-suite>
      <test-suite type="TestFixture" id="1-1474" name="SpecValidFailMaxInt" fullname="Kaitai.SpecValidFailMaxInt" classname="Kaitai.SpecValidFailMaxInt" runstate="Runnable" testcasecount="1" result="Passed" start-time="2026-05-03T22:17:22.6671672Z" end-time="2026-05-03T22:17:22.6671672Z" duration="0.000891" total="1" passed="1" failed="0" warnings="0" inconclusive="0" skipped="0" asserts="1">
        <test-case id="1-1475" name="TestValidFailMaxInt" fullname="Kaitai.SpecValidFailMaxInt.TestValidFailMaxInt" methodname="TestValidFailMaxInt" classname="Kaitai.SpecValidFailMaxInt" runstate="Runnable" seed="2116896436" result="Passed" start-time="2026-05-03T22:17:22.6671672Z" end-time="2026-05-03T22:17:22.6671672Z" duration="0.000793" asserts="1" />
      </test-suite>
      <test-suite type="TestFixture" id="1-1476" name="SpecValidFailMinInt" fullname="Kaitai.SpecValidFailMinInt" classname="Kaitai.SpecValidFailMinInt" runstate="Runnable" testcasecount="1" result="Passed" start-time="2026-05-03T22:17:22.6671672Z" end-time="2026-05-03T22:17:22.6691926Z" duration="0.000969" total="1" passed="1" failed="0" warnings="0" inconclusive="0" skipped="0" asserts="1">
        <test-case id="1-1477" name="TestValidFailMinInt" fullname="Kaitai.SpecValidFailMinInt.TestValidFailMinInt" methodname="TestValidFailMinInt" classname="Kaitai.SpecValidFailMinInt" runstate="Runnable" seed="1779173630" result="Passed" start-time="2026-05-03T22:17:22.6671672Z" end-time="2026-05-03T22:17:22.6691926Z" duration="0.000871" asserts="1" />
      </test-suite>
      <test-suite type="TestFixture" id="1-1478" name="SpecValidFailRangeBytes" fullname="Kaitai.SpecValidFailRangeBytes" classname="Kaitai.SpecValidFailRangeBytes" runstate="Runnable" testcasecount="1" result="Passed" start-time="2026-05-03T22:17:22.6691926Z" end-time="2026-05-03T22:17:22.6691926Z" duration="0.000862" total="1" passed="1" failed="0" warnings="0" inconclusive="0" skipped="0" asserts="1">
        <test-case id="1-1479" name="TestValidFailRangeBytes" fullname="Kaitai.SpecValidFailRangeBytes.TestValidFailRangeBytes" methodname="TestValidFailRangeBytes" classname="Kaitai.SpecValidFailRangeBytes" runstate="Runnable" seed="1330274751" result="Passed" start-time="2026-05-03T22:17:22.6691926Z" end-time="2026-05-03T22:17:22.6691926Z" duration="0.000765" asserts="1" />
      </test-suite>
      <test-suite type="TestFixture" id="1-1480" name="SpecValidFailRangeFloat" fullname="Kaitai.SpecValidFailRangeFloat" classname="Kaitai.SpecValidFailRangeFloat" runstate="Runnable" testcasecount="1" result="Passed" start-time="2026-05-03T22:17:22.6691926Z" end-time="2026-05-03T22:17:22.6712137Z" duration="0.000799" total="1" passed="1" failed="0" warnings="0" inconclusive="0" skipped="0" asserts="1">
        <test-case id="1-1481" name="TestValidFailRangeFloat" fullname="Kaitai.SpecValidFailRangeFloat.TestValidFailRangeFloat" methodname="TestValidFailRangeFloat" classname="Kaitai.SpecValidFailRangeFloat" runstate="Runnable" seed="1141565641" result="Passed" start-time="2026-05-03T22:17:22.6691926Z" end-time="2026-05-03T22:17:22.6712137Z" duration="0.000672" asserts="1" />
      </test-suite>
      <test-suite type="TestFixture" id="1-1482" name="SpecValidFailRangeInt" fullname="Kaitai.SpecValidFailRangeInt" classname="Kaitai.SpecValidFailRangeInt" runstate="Runnable" testcasecount="1" result="Passed" start-time="2026-05-03T22:17:22.6712137Z" end-time="2026-05-03T22:17:22.6712137Z" duration="0.000667" total="1" passed="1" failed="0" warnings="0" inconclusive="0" skipped="0" asserts="1">
        <test-case id="1-1483" name="TestValidFailRangeInt" fullname="Kaitai.SpecValidFailRangeInt.TestValidFailRangeInt" methodname="TestValidFailRangeInt" classname="Kaitai.SpecValidFailRangeInt" runstate="Runnable" seed="1178678659" result="Passed" start-time="2026-05-03T22:17:22.6712137Z" end-time="2026-05-03T22:17:22.6712137Z" duration="0.000569" asserts="1" />
      </test-suite>
      <test-suite type="TestFixture" id="1-1484" name="SpecValidFailRangeStr" fullname="Kaitai.SpecValidFailRangeStr" classname="Kaitai.SpecValidFailRangeStr" runstate="Runnable" testcasecount="1" result="Passed" start-time="2026-05-03T22:17:22.6712137Z" end-time="2026-05-03T22:17:22.6712137Z" duration="0.000792" total="1" passed="1" failed="0" warnings="0" inconclusive="0" skipped="0" asserts="1">
        <test-case id="1-1485" name="TestValidFailRangeStr" fullname="Kaitai.SpecValidFailRangeStr.TestValidFailRangeStr" methodname="TestValidFailRangeStr" classname="Kaitai.SpecValidFailRangeStr" runstate="Runnable" seed="803710732" result="Passed" start-time="2026-05-03T22:17:22.6712137Z" end-time="2026-05-03T22:17:22.6712137Z" duration="0.000686" asserts="1" />
      </test-suite>
      <test-suite type="TestFixture" id="1-1486" name="SpecValidFailRepeatAnyofInt" fullname="Kaitai.SpecValidFailRepeatAnyofInt" classname="Kaitai.SpecValidFailRepeatAnyofInt" runstate="Runnable" testcasecount="1" result="Passed" start-time="2026-05-03T22:17:22.6729797Z" end-time="2026-05-03T22:17:22.6729797Z" duration="0.000773" total="1" passed="1" failed="0" warnings="0" inconclusive="0" skipped="0" asserts="1">
        <test-case id="1-1487" name="TestValidFailRepeatAnyofInt" fullname="Kaitai.SpecValidFailRepeatAnyofInt.TestValidFailRepeatAnyofInt" methodname="TestValidFailRepeatAnyofInt" classname="Kaitai.SpecValidFailRepeatAnyofInt" runstate="Runnable" seed="104303772" result="Passed" start-time="2026-05-03T22:17:22.6729797Z" end-time="2026-05-03T22:17:22.6729797Z" duration="0.000649" asserts="1" />
      </test-suite>
      <test-suite type="TestFixture" id="1-1488" name="SpecValidFailRepeatContents" fullname="Kaitai.SpecValidFailRepeatContents" classname="Kaitai.SpecValidFailRepeatContents" runstate="Runnable" testcasecount="1" result="Passed" start-time="2026-05-03T22:17:22.6729797Z" end-time="2026-05-03T22:17:22.6729797Z" duration="0.000775" total="1" passed="1" failed="0" warnings="0" inconclusive="0" skipped="0" asserts="1">
        <test-case id="1-1489" name="TestValidFailRepeatContents" fullname="Kaitai.SpecValidFailRepeatContents.TestValidFailRepeatContents" methodname="TestValidFailRepeatContents" classname="Kaitai.SpecValidFailRepeatContents" runstate="Runnable" seed="1582094277" result="Passed" start-time="2026-05-03T22:17:22.6729797Z" end-time="2026-05-03T22:17:22.6729797Z" duration="0.000677" asserts="1" />
      </test-suite>
      <test-suite type="TestFixture" id="1-1490" name="SpecValidFailRepeatEqInt" fullname="Kaitai.SpecValidFailRepeatEqInt" classname="Kaitai.SpecValidFailRepeatEqInt" runstate="Runnable" testcasecount="1" result="Passed" start-time="2026-05-03T22:17:22.6729797Z" end-time="2026-05-03T22:17:22.6750011Z" duration="0.000777" total="1" passed="1" failed="0" warnings="0" inconclusive="0" skipped="0" asserts="1">
        <test-case id="1-1491" name="TestValidFailRepeatEqInt" fullname="Kaitai.SpecValidFailRepeatEqInt.TestValidFailRepeatEqInt" methodname="TestValidFailRepeatEqInt" classname="Kaitai.SpecValidFailRepeatEqInt" runstate="Runnable" seed="871767138" result="Passed" start-time="2026-05-03T22:17:22.6729797Z" end-time="2026-05-03T22:17:22.6750011Z" duration="0.000682" asserts="1" />
      </test-suite>
      <test-suite type="TestFixture" id="1-1492" name="SpecValidFailRepeatExpr" fullname="Kaitai.SpecValidFailRepeatExpr" classname="Kaitai.SpecValidFailRepeatExpr" runstate="Runnable" testcasecount="1" result="Passed" start-time="2026-05-03T22:17:22.6750011Z" end-time="2026-05-03T22:17:22.6750011Z" duration="0.000753" total="1" passed="1" failed="0" warnings="0" inconclusive="0" skipped="0" asserts="1">
        <test-case id="1-1493" name="TestValidFailRepeatExpr" fullname="Kaitai.SpecValidFailRepeatExpr.TestValidFailRepeatExpr" methodname="TestValidFailRepeatExpr" classname="Kaitai.SpecValidFailRepeatExpr" runstate="Runnable" seed="632500058" result="Passed" start-time="2026-05-03T22:17:22.6750011Z" end-time="2026-05-03T22:17:22.6750011Z" duration="0.000648" asserts="1" />
      </test-suite>
      <test-suite type="TestFixture" id="1-1494" name="SpecValidFailRepeatInst" fullname="Kaitai.SpecValidFailRepeatInst" classname="Kaitai.SpecValidFailRepeatInst" runstate="Runnable" testcasecount="1" result="Passed" start-time="2026-05-03T22:17:22.6750011Z" end-time="2026-05-03T22:17:22.6770167Z" duration="0.000933" total="1" passed="1" failed="0" warnings="0" inconclusive="0" skipped="0" asserts="1">
        <test-case id="1-1495" name="TestValidFailRepeatInst" fullname="Kaitai.SpecValidFailRepeatInst.TestValidFailRepeatInst" methodname="TestValidFailRepeatInst" classname="Kaitai.SpecValidFailRepeatInst" runstate="Runnable" seed="1029206884" result="Passed" start-time="2026-05-03T22:17:22.6750011Z" end-time="2026-05-03T22:17:22.6770167Z" duration="0.000837" asserts="1" />
      </test-suite>
      <test-suite type="TestFixture" id="1-1496" name="SpecValidFailRepeatMaxInt" fullname="Kaitai.SpecValidFailRepeatMaxInt" classname="Kaitai.SpecValidFailRepeatMaxInt" runstate="Runnable" testcasecount="1" result="Passed" start-time="2026-05-03T22:17:22.6770167Z" end-time="2026-05-03T22:17:22.6770167Z" duration="0.000745" total="1" passed="1" failed="0" warnings="0" inconclusive="0" skipped="0" asserts="1">
        <test-case id="1-1497" name="TestValidFailRepeatMaxInt" fullname="Kaitai.SpecValidFailRepeatMaxInt.TestValidFailRepeatMaxInt" methodname="TestValidFailRepeatMaxInt" classname="Kaitai.SpecValidFailRepeatMaxInt" runstate="Runnable" seed="772738837" result="Passed" start-time="2026-05-03T22:17:22.6770167Z" end-time="2026-05-03T22:17:22.6770167Z" duration="0.000626" asserts="1" />
      </test-suite>
      <test-suite type="TestFixture" id="1-1498" name="SpecValidFailRepeatMinInt" fullname="Kaitai.SpecValidFailRepeatMinInt" classname="Kaitai.SpecValidFailRepeatMinInt" runstate="Runnable" testcasecount="1" result="Passed" start-time="2026-05-03T22:17:22.6770167Z" end-time="2026-05-03T22:17:22.6790296Z" duration="0.002131" total="1" passed="1" failed="0" warnings="0" inconclusive="0" skipped="0" asserts="1">
        <test-case id="1-1499" name="TestValidFailRepeatMinInt" fullname="Kaitai.SpecValidFailRepeatMinInt.TestValidFailRepeatMinInt" methodname="TestValidFailRepeatMinInt" classname="Kaitai.SpecValidFailRepeatMinInt" runstate="Runnable" seed="1730017252" result="Passed" start-time="2026-05-03T22:17:22.6770167Z" end-time="2026-05-03T22:17:22.6790296Z" duration="0.002031" asserts="1" />
      </test-suite>
      <test-suite type="TestFixture" id="1-1500" name="SpecValidLong" fullname="Kaitai.SpecValidLong" classname="Kaitai.SpecValidLong" runstate="Runnable" testcasecount="1" result="Passed" start-time="2026-05-03T22:17:22.6790296Z" end-time="2026-05-03T22:17:22.6810448Z" duration="0.001899" total="1" passed="1" failed="0" warnings="0" inconclusive="0" skipped="0" asserts="0">
        <test-case id="1-1501" name="TestValidLong" fullname="Kaitai.SpecValidLong.TestValidLong" methodname="TestValidLong" classname="Kaitai.SpecValidLong" runstate="Runnable" seed="272176261" result="Passed" start-time="2026-05-03T22:17:22.6790296Z" end-time="2026-05-03T22:17:22.6810448Z" duration="0.001766" asserts="0" />
      </test-suite>
      <test-suite type="TestFixture" id="1-1502" name="SpecValidNotParsedIf" fullname="Kaitai.SpecValidNotParsedIf" classname="Kaitai.SpecValidNotParsedIf" runstate="Runnable" testcasecount="1" result="Passed" start-time="2026-05-03T22:17:22.6810448Z" end-time="2026-05-03T22:17:22.6810448Z" duration="0.000602" total="1" passed="1" failed="0" warnings="0" inconclusive="0" skipped="0" asserts="0">
        <test-case id="1-1503" name="TestValidNotParsedIf" fullname="Kaitai.SpecValidNotParsedIf.TestValidNotParsedIf" methodname="TestValidNotParsedIf" classname="Kaitai.SpecValidNotParsedIf" runstate="Runnable" seed="1890925549" result="Passed" start-time="2026-05-03T22:17:22.6810448Z" end-time="2026-05-03T22:17:22.6810448Z" duration="0.000501" asserts="0" />
      </test-suite>
      <test-suite type="TestFixture" id="1-1504" name="SpecValidOptionalId" fullname="Kaitai.SpecValidOptionalId" classname="Kaitai.SpecValidOptionalId" runstate="Runnable" testcasecount="1" result="Passed" start-time="2026-05-03T22:17:22.6810448Z" end-time="2026-05-03T22:17:22.6830637Z" duration="0.000853" total="1" passed="1" failed="0" warnings="0" inconclusive="0" skipped="0" asserts="0">
        <test-case id="1-1505" name="TestValidOptionalId" fullname="Kaitai.SpecValidOptionalId.TestValidOptionalId" methodname="TestValidOptionalId" classname="Kaitai.SpecValidOptionalId" runstate="Runnable" seed="1911338390" result="Passed" start-time="2026-05-03T22:17:22.6810448Z" end-time="2026-05-03T22:17:22.6830637Z" duration="0.000755" asserts="0" />
      </test-suite>
      <test-suite type="TestFixture" id="1-1506" name="SpecValidShort" fullname="Kaitai.SpecValidShort" classname="Kaitai.SpecValidShort" runstate="Runnable" testcasecount="1" result="Passed" start-time="2026-05-03T22:17:22.6830637Z" end-time="2026-05-03T22:17:22.6830637Z" duration="0.001371" total="1" passed="1" failed="0" warnings="0" inconclusive="0" skipped="0" asserts="0">
        <test-case id="1-1507" name="TestValidShort" fullname="Kaitai.SpecValidShort.TestValidShort" methodname="TestValidShort" classname="Kaitai.SpecValidShort" runstate="Runnable" seed="1707533488" result="Passed" start-time="2026-05-03T22:17:22.6830637Z" end-time="2026-05-03T22:17:22.6830637Z" duration="0.001265" asserts="0" />
      </test-suite>
      <test-suite type="TestFixture" id="1-1508" name="SpecValidSwitch" fullname="Kaitai.SpecValidSwitch" classname="Kaitai.SpecValidSwitch" runstate="Runnable" testcasecount="1" result="Passed" start-time="2026-05-03T22:17:22.6830637Z" end-time="2026-05-03T22:17:22.6850849Z" duration="0.000702" total="1" passed="1" failed="0" warnings="0" inconclusive="0" skipped="0" asserts="0">
        <test-case id="1-1509" name="TestValidSwitch" fullname="Kaitai.SpecValidSwitch.TestValidSwitch" methodname="TestValidSwitch" classname="Kaitai.SpecValidSwitch" runstate="Runnable" seed="1672888602" result="Passed" start-time="2026-05-03T22:17:22.6830637Z" end-time="2026-05-03T22:17:22.6850849Z" duration="0.000604" asserts="0" />
      </test-suite>
      <test-suite type="TestFixture" id="1-1510" name="SpecZlibSurrounded" fullname="Kaitai.SpecZlibSurrounded" classname="Kaitai.SpecZlibSurrounded" runstate="Runnable" testcasecount="1" result="Passed" start-time="2026-05-03T22:17:22.6850849Z" end-time="2026-05-03T22:17:22.7067824Z" duration="0.021535" total="1" passed="1" failed="0" warnings="0" inconclusive="0" skipped="0" asserts="1">
        <test-case id="1-1511" name="TestZlibSurrounded" fullname="Kaitai.SpecZlibSurrounded.TestZlibSurrounded" methodname="TestZlibSurrounded" classname="Kaitai.SpecZlibSurrounded" runstate="Runnable" seed="1859395966" result="Passed" start-time="2026-05-03T22:17:22.6850849Z" end-time="2026-05-03T22:17:22.7067824Z" duration="0.021441" asserts="1" />
      </test-suite>
      <test-suite type="TestFixture" id="1-1512" name="SpecZlibWithHeader78" fullname="Kaitai.SpecZlibWithHeader78" classname="Kaitai.SpecZlibWithHeader78" runstate="Runnable" testcasecount="1" result="Passed" start-time="2026-05-03T22:17:22.7067824Z" end-time="2026-05-03T22:17:22.7067824Z" duration="0.000645" total="1" passed="1" failed="0" warnings="0" inconclusive="0" skipped="0" asserts="1">
        <test-case id="1-1513" name="TestZlibWithHeader78" fullname="Kaitai.SpecZlibWithHeader78.TestZlibWithHeader78" methodname="TestZlibWithHeader78" classname="Kaitai.SpecZlibWithHeader78" runstate="Runnable" seed="200651273" result="Passed" start-time="2026-05-03T22:17:22.7067824Z" end-time="2026-05-03T22:17:22.7067824Z" duration="0.000543" asserts="1" />
      </test-suite>
    </test-suite>
  </test-suite>
</test-run>