<?xml version="1.0" encoding="utf-8" standalone="no"?>
<test-run id="2" testcasecount="166" result="Passed" total="166" passed="166" failed="0" inconclusive="0" skipped="0" asserts="775" engine-version="3.4.1.0" clr-version="4.0.30319.42000" start-time="2020-03-21 18:50:19Z" end-time="2020-03-21 18:50:21Z" duration="1.735044">
  <command-line><![CDATA[spec/csharp/packages/NUnit.ConsoleRunner.3.4.1/tools/nunit3-console.exe --result=test_out/csharp/TestResult.xml spec/csharp/kaitai_struct_csharp_tests/bin/Debug/kaitai_struct_csharp_tests.dll]]></command-line>
  <test-suite type="Assembly" id="0-1332" name="kaitai_struct_csharp_tests.dll" fullname="C:\projects\ci-targets\tests\spec\csharp\kaitai_struct_csharp_tests\bin\Debug\kaitai_struct_csharp_tests.dll" runstate="Runnable" testcasecount="166" result="Passed" start-time="2020-03-21 18:50:19Z" end-time="2020-03-21 18:50:21Z" duration="1.657315" total="166" passed="166" failed="0" inconclusive="0" skipped="0" asserts="775">
    <environment framework-version="3.4.1.0" clr-version="4.0.30319.42000" os-version="Microsoft Windows NT 10.0.14393.0" platform="Win32NT" cwd="C:\projects\ci-targets\tests" machine-name="APPVYR-WIN" user="appveyor" user-domain="APPVYR-WIN" culture="en-US" uiculture="en-US" os-architecture="x64" />
    <settings>
      <setting name="WorkDirectory" value="C:\projects\ci-targets\tests" />
      <setting name="ImageRuntimeVersion" value="4.0.30319" />
      <setting name="ImageTargetFrameworkName" value=".NETFramework,Version=v4.5" />
      <setting name="ImageRequiresX86" value="False" />
      <setting name="ImageRequiresDefaultAppDomainAssemblyResolver" value="False" />
      <setting name="NumberOfTestWorkers" value="2" />
    </settings>
    <properties>
      <property name="_PID" value="2728" />
      <property name="_APPDOMAIN" value="test-domain-" />
    </properties>
    <test-suite type="TestSuite" id="0-1333" name="Kaitai" fullname="Kaitai" runstate="Runnable" testcasecount="166" result="Passed" start-time="2020-03-21 18:50:19Z" end-time="2020-03-21 18:50:21Z" duration="1.635140" total="166" passed="166" failed="0" inconclusive="0" skipped="0" asserts="775">
      <test-suite type="TestFixture" id="0-1000" name="SpecBcdUserTypeBe" fullname="Kaitai.SpecBcdUserTypeBe" classname="Kaitai.SpecBcdUserTypeBe" runstate="Runnable" testcasecount="1" result="Passed" start-time="2020-03-21 18:50:19Z" end-time="2020-03-21 18:50:19Z" duration="0.036970" total="1" passed="1" failed="0" inconclusive="0" skipped="0" asserts="6">
        <test-case id="0-1001" name="TestBcdUserTypeBe" fullname="Kaitai.SpecBcdUserTypeBe.TestBcdUserTypeBe" methodname="TestBcdUserTypeBe" classname="Kaitai.SpecBcdUserTypeBe" runstate="Runnable" seed="1715025346" result="Passed" start-time="2020-03-21 18:50:19Z" end-time="2020-03-21 18:50:19Z" duration="0.024112" asserts="6" />
      </test-suite>
      <test-suite type="TestFixture" id="0-1002" name="SpecBcdUserTypeLe" fullname="Kaitai.SpecBcdUserTypeLe" classname="Kaitai.SpecBcdUserTypeLe" runstate="Runnable" testcasecount="1" result="Passed" start-time="2020-03-21 18:50:19Z" end-time="2020-03-21 18:50:19Z" duration="0.009709" total="1" passed="1" failed="0" inconclusive="0" skipped="0" asserts="6">
        <test-case id="0-1003" name="TestBcdUserTypeLe" fullname="Kaitai.SpecBcdUserTypeLe.TestBcdUserTypeLe" methodname="TestBcdUserTypeLe" classname="Kaitai.SpecBcdUserTypeLe" runstate="Runnable" seed="1289739310" result="Passed" start-time="2020-03-21 18:50:19Z" end-time="2020-03-21 18:50:19Z" duration="0.006810" asserts="6" />
      </test-suite>
      <test-suite type="TestFixture" id="0-1004" name="SpecBitsByteAligned" fullname="Kaitai.SpecBitsByteAligned" classname="Kaitai.SpecBitsByteAligned" runstate="Runnable" testcasecount="1" result="Passed" start-time="2020-03-21 18:50:19Z" end-time="2020-03-21 18:50:19Z" duration="0.008987" total="1" passed="1" failed="0" inconclusive="0" skipped="0" asserts="9">
        <test-case id="0-1005" name="TestBitsByteAligned" fullname="Kaitai.SpecBitsByteAligned.TestBitsByteAligned" methodname="TestBitsByteAligned" classname="Kaitai.SpecBitsByteAligned" runstate="Runnable" seed="1739438999" result="Passed" start-time="2020-03-21 18:50:19Z" end-time="2020-03-21 18:50:19Z" duration="0.005826" asserts="9" />
      </test-suite>
      <test-suite type="TestFixture" id="0-1006" name="SpecBitsEnum" fullname="Kaitai.SpecBitsEnum" classname="Kaitai.SpecBitsEnum" runstate="Runnable" testcasecount="1" result="Passed" start-time="2020-03-21 18:50:19Z" end-time="2020-03-21 18:50:19Z" duration="0.003989" total="1" passed="1" failed="0" inconclusive="0" skipped="0" asserts="3">
        <test-case id="0-1007" name="TestBitsEnum" fullname="Kaitai.SpecBitsEnum.TestBitsEnum" methodname="TestBitsEnum" classname="Kaitai.SpecBitsEnum" runstate="Runnable" seed="878570717" result="Passed" start-time="2020-03-21 18:50:19Z" end-time="2020-03-21 18:50:19Z" duration="0.000928" asserts="3" />
      </test-suite>
      <test-suite type="TestFixture" id="0-1008" name="SpecBitsSimple" fullname="Kaitai.SpecBitsSimple" classname="Kaitai.SpecBitsSimple" runstate="Runnable" testcasecount="1" result="Passed" start-time="2020-03-21 18:50:19Z" end-time="2020-03-21 18:50:19Z" duration="0.006013" total="1" passed="1" failed="0" inconclusive="0" skipped="0" asserts="14">
        <test-case id="0-1009" name="TestBitsSimple" fullname="Kaitai.SpecBitsSimple.TestBitsSimple" methodname="TestBitsSimple" classname="Kaitai.SpecBitsSimple" runstate="Runnable" seed="2003941285" result="Passed" start-time="2020-03-21 18:50:19Z" end-time="2020-03-21 18:50:19Z" duration="0.002525" asserts="14" />
      </test-suite>
      <test-suite type="TestFixture" id="0-1010" name="SpecBufferedStruct" fullname="Kaitai.SpecBufferedStruct" classname="Kaitai.SpecBufferedStruct" runstate="Runnable" testcasecount="1" result="Passed" start-time="2020-03-21 18:50:19Z" end-time="2020-03-21 18:50:19Z" duration="0.006014" total="1" passed="1" failed="0" inconclusive="0" skipped="0" asserts="7">
        <test-case id="0-1011" name="TestBufferedStruct" fullname="Kaitai.SpecBufferedStruct.TestBufferedStruct" methodname="TestBufferedStruct" classname="Kaitai.SpecBufferedStruct" runstate="Runnable" seed="1998769452" result="Passed" start-time="2020-03-21 18:50:19Z" end-time="2020-03-21 18:50:19Z" duration="0.002486" asserts="7" />
      </test-suite>
      <test-suite type="TestFixture" id="0-1012" name="SpecBytesPadTerm" fullname="Kaitai.SpecBytesPadTerm" classname="Kaitai.SpecBytesPadTerm" runstate="Runnable" testcasecount="1" result="Passed" start-time="2020-03-21 18:50:19Z" end-time="2020-03-21 18:50:19Z" duration="0.005042" total="1" passed="1" failed="0" inconclusive="0" skipped="0" asserts="4">
        <test-case id="0-1013" name="TestBytesPadTerm" fullname="Kaitai.SpecBytesPadTerm.TestBytesPadTerm" methodname="TestBytesPadTerm" classname="Kaitai.SpecBytesPadTerm" runstate="Runnable" seed="145623102" result="Passed" start-time="2020-03-21 18:50:19Z" end-time="2020-03-21 18:50:19Z" duration="0.001508" asserts="4" />
      </test-suite>
      <test-suite type="TestFixture" id="0-1014" name="SpecCastNested" fullname="Kaitai.SpecCastNested" classname="Kaitai.SpecCastNested" runstate="Runnable" testcasecount="1" result="Passed" start-time="2020-03-21 18:50:19Z" end-time="2020-03-21 18:50:19Z" duration="0.007012" total="1" passed="1" failed="0" inconclusive="0" skipped="0" asserts="4">
        <test-case id="0-1015" name="TestCastNested" fullname="Kaitai.SpecCastNested.TestCastNested" methodname="TestCastNested" classname="Kaitai.SpecCastNested" runstate="Runnable" seed="1426168001" result="Passed" start-time="2020-03-21 18:50:19Z" end-time="2020-03-21 18:50:19Z" duration="0.003106" asserts="4" />
      </test-suite>
      <test-suite type="TestFixture" id="0-1016" name="SpecCastToImported" fullname="Kaitai.SpecCastToImported" classname="Kaitai.SpecCastToImported" runstate="Runnable" testcasecount="1" result="Passed" start-time="2020-03-21 18:50:19Z" end-time="2020-03-21 18:50:19Z" duration="0.005011" total="1" passed="1" failed="0" inconclusive="0" skipped="0" asserts="2">
        <test-case id="0-1017" name="TestCastToImported" fullname="Kaitai.SpecCastToImported.TestCastToImported" methodname="TestCastToImported" classname="Kaitai.SpecCastToImported" runstate="Runnable" seed="950305928" result="Passed" start-time="2020-03-21 18:50:19Z" end-time="2020-03-21 18:50:19Z" duration="0.001136" asserts="2" />
      </test-suite>
      <test-suite type="TestFixture" id="0-1018" name="SpecCastToTop" fullname="Kaitai.SpecCastToTop" classname="Kaitai.SpecCastToTop" runstate="Runnable" testcasecount="1" result="Passed" start-time="2020-03-21 18:50:19Z" end-time="2020-03-21 18:50:19Z" duration="0.005010" total="1" passed="1" failed="0" inconclusive="0" skipped="0" asserts="3">
        <test-case id="0-1019" name="TestCastToTop" fullname="Kaitai.SpecCastToTop.TestCastToTop" methodname="TestCastToTop" classname="Kaitai.SpecCastToTop" runstate="Runnable" seed="1042123692" result="Passed" start-time="2020-03-21 18:50:19Z" end-time="2020-03-21 18:50:19Z" duration="0.001285" asserts="3" />
      </test-suite>
      <test-suite type="TestFixture" id="0-1020" name="SpecDebug0" fullname="Kaitai.SpecDebug0" classname="Kaitai.SpecDebug0" runstate="Runnable" testcasecount="1" result="Passed" start-time="2020-03-21 18:50:19Z" end-time="2020-03-21 18:50:19Z" duration="0.004011" total="1" passed="1" failed="0" inconclusive="0" skipped="0" asserts="0">
        <test-case id="0-1021" name="TestDebug0" fullname="Kaitai.SpecDebug0.TestDebug0" methodname="TestDebug0" classname="Kaitai.SpecDebug0" runstate="Runnable" seed="1798691024" result="Passed" start-time="2020-03-21 18:50:19Z" end-time="2020-03-21 18:50:19Z" duration="0.000100" asserts="0" />
      </test-suite>
      <test-suite type="TestFixture" id="0-1022" name="SpecDebugArrayUser" fullname="Kaitai.SpecDebugArrayUser" classname="Kaitai.SpecDebugArrayUser" runstate="Runnable" testcasecount="1" result="Passed" start-time="2020-03-21 18:50:19Z" end-time="2020-03-21 18:50:19Z" duration="0.004534" total="1" passed="1" failed="0" inconclusive="0" skipped="0" asserts="4">
        <test-case id="0-1023" name="TestDebugArrayUser" fullname="Kaitai.SpecDebugArrayUser.TestDebugArrayUser" methodname="TestDebugArrayUser" classname="Kaitai.SpecDebugArrayUser" runstate="Runnable" seed="369885281" result="Passed" start-time="2020-03-21 18:50:19Z" end-time="2020-03-21 18:50:19Z" duration="0.001464" asserts="4" />
      </test-suite>
      <test-suite type="TestFixture" id="0-1024" name="SpecDebugEnumName" fullname="Kaitai.SpecDebugEnumName" classname="Kaitai.SpecDebugEnumName" runstate="Runnable" testcasecount="1" result="Passed" start-time="2020-03-21 18:50:19Z" end-time="2020-03-21 18:50:19Z" duration="0.004016" total="1" passed="1" failed="0" inconclusive="0" skipped="0" asserts="0">
        <test-case id="0-1025" name="TestDebugEnumName" fullname="Kaitai.SpecDebugEnumName.TestDebugEnumName" methodname="TestDebugEnumName" classname="Kaitai.SpecDebugEnumName" runstate="Runnable" seed="984878039" result="Passed" start-time="2020-03-21 18:50:19Z" end-time="2020-03-21 18:50:19Z" duration="0.000100" asserts="0" />
      </test-suite>
      <test-suite type="TestFixture" id="0-1026" name="SpecDebugSwitchUser" fullname="Kaitai.SpecDebugSwitchUser" classname="Kaitai.SpecDebugSwitchUser" runstate="Runnable" testcasecount="1" result="Passed" start-time="2020-03-21 18:50:19Z" end-time="2020-03-21 18:50:19Z" duration="0.005729" total="1" passed="1" failed="0" inconclusive="0" skipped="0" asserts="2">
        <test-case id="0-1027" name="TestDebugSwitchUser" fullname="Kaitai.SpecDebugSwitchUser.TestDebugSwitchUser" methodname="TestDebugSwitchUser" classname="Kaitai.SpecDebugSwitchUser" runstate="Runnable" seed="1439371196" result="Passed" start-time="2020-03-21 18:50:19Z" end-time="2020-03-21 18:50:19Z" duration="0.001261" asserts="2" />
      </test-suite>
      <test-suite type="TestFixture" id="0-1028" name="SpecDefaultBigEndian" fullname="Kaitai.SpecDefaultBigEndian" classname="Kaitai.SpecDefaultBigEndian" runstate="Runnable" testcasecount="1" result="Passed" start-time="2020-03-21 18:50:19Z" end-time="2020-03-21 18:50:19Z" duration="0.004010" total="1" passed="1" failed="0" inconclusive="0" skipped="0" asserts="1">
        <test-case id="0-1029" name="TestDefaultBigEndian" fullname="Kaitai.SpecDefaultBigEndian.TestDefaultBigEndian" methodname="TestDefaultBigEndian" classname="Kaitai.SpecDefaultBigEndian" runstate="Runnable" seed="471847516" result="Passed" start-time="2020-03-21 18:50:19Z" end-time="2020-03-21 18:50:19Z" duration="0.000710" asserts="1" />
      </test-suite>
      <test-suite type="TestFixture" id="0-1030" name="SpecDefaultEndianExprException" fullname="Kaitai.SpecDefaultEndianExprException" classname="Kaitai.SpecDefaultEndianExprException" runstate="Runnable" testcasecount="1" result="Passed" start-time="2020-03-21 18:50:19Z" end-time="2020-03-21 18:50:19Z" duration="0.014009" total="1" passed="1" failed="0" inconclusive="0" skipped="0" asserts="1">
        <test-case id="0-1031" name="TestDefaultEndianExprException" fullname="Kaitai.SpecDefaultEndianExprException.TestDefaultEndianExprException" methodname="TestDefaultEndianExprException" classname="Kaitai.SpecDefaultEndianExprException" runstate="Runnable" seed="70012585" result="Passed" start-time="2020-03-21 18:50:19Z" end-time="2020-03-21 18:50:19Z" duration="0.010180" asserts="1" />
      </test-suite>
      <test-suite type="TestFixture" id="0-1032" name="SpecDefaultEndianExprInherited" fullname="Kaitai.SpecDefaultEndianExprInherited" classname="Kaitai.SpecDefaultEndianExprInherited" runstate="Runnable" testcasecount="1" result="Passed" start-time="2020-03-21 18:50:19Z" end-time="2020-03-21 18:50:19Z" duration="0.008006" total="1" passed="1" failed="0" inconclusive="0" skipped="0" asserts="15">
        <test-case id="0-1033" name="TestDefaultEndianExprInherited" fullname="Kaitai.SpecDefaultEndianExprInherited.TestDefaultEndianExprInherited" methodname="TestDefaultEndianExprInherited" classname="Kaitai.SpecDefaultEndianExprInherited" runstate="Runnable" seed="311863141" result="Passed" start-time="2020-03-21 18:50:19Z" end-time="2020-03-21 18:50:19Z" duration="0.004457" asserts="15" />
      </test-suite>
      <test-suite type="TestFixture" id="0-1034" name="SpecDefaultEndianExprIsBe" fullname="Kaitai.SpecDefaultEndianExprIsBe" classname="Kaitai.SpecDefaultEndianExprIsBe" runstate="Runnable" testcasecount="1" result="Passed" start-time="2020-03-21 18:50:19Z" end-time="2020-03-21 18:50:19Z" duration="0.008009" total="1" passed="1" failed="0" inconclusive="0" skipped="0" asserts="18">
        <test-case id="0-1035" name="TestDefaultEndianExprIsBe" fullname="Kaitai.SpecDefaultEndianExprIsBe.TestDefaultEndianExprIsBe" methodname="TestDefaultEndianExprIsBe" classname="Kaitai.SpecDefaultEndianExprIsBe" runstate="Runnable" seed="1465610164" result="Passed" start-time="2020-03-21 18:50:19Z" end-time="2020-03-21 18:50:19Z" duration="0.004424" asserts="18" />
      </test-suite>
      <test-suite type="TestFixture" id="0-1036" name="SpecDefaultEndianExprIsLe" fullname="Kaitai.SpecDefaultEndianExprIsLe" classname="Kaitai.SpecDefaultEndianExprIsLe" runstate="Runnable" testcasecount="1" result="Passed" start-time="2020-03-21 18:50:19Z" end-time="2020-03-21 18:50:19Z" duration="0.005996" total="1" passed="1" failed="0" inconclusive="0" skipped="0" asserts="12">
        <test-case id="0-1037" name="TestDefaultEndianExprIsLe" fullname="Kaitai.SpecDefaultEndianExprIsLe.TestDefaultEndianExprIsLe" methodname="TestDefaultEndianExprIsLe" classname="Kaitai.SpecDefaultEndianExprIsLe" runstate="Runnable" seed="1735482615" result="Passed" start-time="2020-03-21 18:50:19Z" end-time="2020-03-21 18:50:19Z" duration="0.002838" asserts="12" />
      </test-suite>
      <test-suite type="TestFixture" id="0-1038" name="SpecDefaultEndianMod" fullname="Kaitai.SpecDefaultEndianMod" classname="Kaitai.SpecDefaultEndianMod" runstate="Runnable" testcasecount="1" result="Passed" start-time="2020-03-21 18:50:19Z" end-time="2020-03-21 18:50:19Z" duration="0.004981" total="1" passed="1" failed="0" inconclusive="0" skipped="0" asserts="3">
        <test-case id="0-1039" name="TestDefaultEndianMod" fullname="Kaitai.SpecDefaultEndianMod.TestDefaultEndianMod" methodname="TestDefaultEndianMod" classname="Kaitai.SpecDefaultEndianMod" runstate="Runnable" seed="564496645" result="Passed" start-time="2020-03-21 18:50:19Z" end-time="2020-03-21 18:50:19Z" duration="0.001862" asserts="3" />
      </test-suite>
      <test-suite type="TestFixture" id="0-1040" name="SpecDocstrings" fullname="Kaitai.SpecDocstrings" classname="Kaitai.SpecDocstrings" runstate="Runnable" testcasecount="1" result="Passed" start-time="2020-03-21 18:50:19Z" end-time="2020-03-21 18:50:19Z" duration="0.004002" total="1" passed="1" failed="0" inconclusive="0" skipped="0" asserts="0">
        <test-case id="0-1041" name="TestDocstrings" fullname="Kaitai.SpecDocstrings.TestDocstrings" methodname="TestDocstrings" classname="Kaitai.SpecDocstrings" runstate="Runnable" seed="1869131845" result="Passed" start-time="2020-03-21 18:50:19Z" end-time="2020-03-21 18:50:19Z" duration="0.000735" asserts="0" />
      </test-suite>
      <test-suite type="TestFixture" id="0-1042" name="SpecDocstringsDocref" fullname="Kaitai.SpecDocstringsDocref" classname="Kaitai.SpecDocstringsDocref" runstate="Runnable" testcasecount="1" result="Passed" start-time="2020-03-21 18:50:19Z" end-time="2020-03-21 18:50:19Z" duration="0.004010" total="1" passed="1" failed="0" inconclusive="0" skipped="0" asserts="0">
        <test-case id="0-1043" name="TestDocstringsDocref" fullname="Kaitai.SpecDocstringsDocref.TestDocstringsDocref" methodname="TestDocstringsDocref" classname="Kaitai.SpecDocstringsDocref" runstate="Runnable" seed="520781994" result="Passed" start-time="2020-03-21 18:50:19Z" end-time="2020-03-21 18:50:19Z" duration="0.000592" asserts="0" />
      </test-suite>
      <test-suite type="TestFixture" id="0-1044" name="SpecDocstringsDocrefMulti" fullname="Kaitai.SpecDocstringsDocrefMulti" classname="Kaitai.SpecDocstringsDocrefMulti" runstate="Runnable" testcasecount="1" result="Passed" start-time="2020-03-21 18:50:19Z" end-time="2020-03-21 18:50:19Z" duration="0.004020" total="1" passed="1" failed="0" inconclusive="0" skipped="0" asserts="0">
        <test-case id="0-1045" name="TestDocstringsDocrefMulti" fullname="Kaitai.SpecDocstringsDocrefMulti.TestDocstringsDocrefMulti" methodname="TestDocstringsDocrefMulti" classname="Kaitai.SpecDocstringsDocrefMulti" runstate="Runnable" seed="979633794" result="Passed" start-time="2020-03-21 18:50:19Z" end-time="2020-03-21 18:50:19Z" duration="0.000523" asserts="0" />
      </test-suite>
      <test-suite type="TestFixture" id="0-1046" name="SpecEnum0" fullname="Kaitai.SpecEnum0" classname="Kaitai.SpecEnum0" runstate="Runnable" testcasecount="1" result="Passed" start-time="2020-03-21 18:50:19Z" end-time="2020-03-21 18:50:19Z" duration="0.004012" total="1" passed="1" failed="0" inconclusive="0" skipped="0" asserts="2">
        <test-case id="0-1047" name="TestEnum0" fullname="Kaitai.SpecEnum0.TestEnum0" methodname="TestEnum0" classname="Kaitai.SpecEnum0" runstate="Runnable" seed="1415605261" result="Passed" start-time="2020-03-21 18:50:19Z" end-time="2020-03-21 18:50:19Z" duration="0.000779" asserts="2" />
      </test-suite>
      <test-suite type="TestFixture" id="0-1048" name="SpecEnum1" fullname="Kaitai.SpecEnum1" classname="Kaitai.SpecEnum1" runstate="Runnable" testcasecount="1" result="Passed" start-time="2020-03-21 18:50:19Z" end-time="2020-03-21 18:50:19Z" duration="0.005013" total="1" passed="1" failed="0" inconclusive="0" skipped="0" asserts="2">
        <test-case id="0-1049" name="TestEnum1" fullname="Kaitai.SpecEnum1.TestEnum1" methodname="TestEnum1" classname="Kaitai.SpecEnum1" runstate="Runnable" seed="2010440981" result="Passed" start-time="2020-03-21 18:50:19Z" end-time="2020-03-21 18:50:19Z" duration="0.001324" asserts="2" />
      </test-suite>
      <test-suite type="TestFixture" id="0-1050" name="SpecEnumDeep" fullname="Kaitai.SpecEnumDeep" classname="Kaitai.SpecEnumDeep" runstate="Runnable" testcasecount="1" result="Passed" start-time="2020-03-21 18:50:19Z" end-time="2020-03-21 18:50:19Z" duration="0.004004" total="1" passed="1" failed="0" inconclusive="0" skipped="0" asserts="2">
        <test-case id="0-1051" name="TestEnumDeep" fullname="Kaitai.SpecEnumDeep.TestEnumDeep" methodname="TestEnumDeep" classname="Kaitai.SpecEnumDeep" runstate="Runnable" seed="589628740" result="Passed" start-time="2020-03-21 18:50:19Z" end-time="2020-03-21 18:50:19Z" duration="0.000727" asserts="2" />
      </test-suite>
      <test-suite type="TestFixture" id="0-1052" name="SpecEnumDeepLiterals" fullname="Kaitai.SpecEnumDeepLiterals" classname="Kaitai.SpecEnumDeepLiterals" runstate="Runnable" testcasecount="1" result="Passed" start-time="2020-03-21 18:50:19Z" end-time="2020-03-21 18:50:19Z" duration="0.004994" total="1" passed="1" failed="0" inconclusive="0" skipped="0" asserts="2">
        <test-case id="0-1053" name="TestEnumDeepLiterals" fullname="Kaitai.SpecEnumDeepLiterals.TestEnumDeepLiterals" methodname="TestEnumDeepLiterals" classname="Kaitai.SpecEnumDeepLiterals" runstate="Runnable" seed="1018675034" result="Passed" start-time="2020-03-21 18:50:19Z" end-time="2020-03-21 18:50:19Z" duration="0.001024" asserts="2" />
      </test-suite>
      <test-suite type="TestFixture" id="0-1054" name="SpecEnumFancy" fullname="Kaitai.SpecEnumFancy" classname="Kaitai.SpecEnumFancy" runstate="Runnable" testcasecount="1" result="Passed" start-time="2020-03-21 18:50:19Z" end-time="2020-03-21 18:50:19Z" duration="0.004208" total="1" passed="1" failed="0" inconclusive="0" skipped="0" asserts="2">
        <test-case id="0-1055" name="TestEnumFancy" fullname="Kaitai.SpecEnumFancy.TestEnumFancy" methodname="TestEnumFancy" classname="Kaitai.SpecEnumFancy" runstate="Runnable" seed="195712371" result="Passed" start-time="2020-03-21 18:50:19Z" end-time="2020-03-21 18:50:19Z" duration="0.000721" asserts="2" />
      </test-suite>
      <test-suite type="TestFixture" id="0-1056" name="SpecEnumForUnknownId" fullname="Kaitai.SpecEnumForUnknownId" classname="Kaitai.SpecEnumForUnknownId" runstate="Runnable" testcasecount="1" result="Passed" start-time="2020-03-21 18:50:19Z" end-time="2020-03-21 18:50:19Z" duration="0.004010" total="1" passed="1" failed="0" inconclusive="0" skipped="0" asserts="1">
        <test-case id="0-1057" name="TestEnumForUnknownId" fullname="Kaitai.SpecEnumForUnknownId.TestEnumForUnknownId" methodname="TestEnumForUnknownId" classname="Kaitai.SpecEnumForUnknownId" runstate="Runnable" seed="539114733" result="Passed" start-time="2020-03-21 18:50:19Z" end-time="2020-03-21 18:50:19Z" duration="0.000619" asserts="1" />
      </test-suite>
      <test-suite type="TestFixture" id="0-1058" name="SpecEnumIf" fullname="Kaitai.SpecEnumIf" classname="Kaitai.SpecEnumIf" runstate="Runnable" testcasecount="1" result="Passed" start-time="2020-03-21 18:50:19Z" end-time="2020-03-21 18:50:19Z" duration="0.006030" total="1" passed="1" failed="0" inconclusive="0" skipped="0" asserts="7">
        <test-case id="0-1059" name="TestEnumIf" fullname="Kaitai.SpecEnumIf.TestEnumIf" methodname="TestEnumIf" classname="Kaitai.SpecEnumIf" runstate="Runnable" seed="1570121479" result="Passed" start-time="2020-03-21 18:50:19Z" end-time="2020-03-21 18:50:19Z" duration="0.002326" asserts="7" />
      </test-suite>
      <test-suite type="TestFixture" id="0-1060" name="SpecEnumImport" fullname="Kaitai.SpecEnumImport" classname="Kaitai.SpecEnumImport" runstate="Runnable" testcasecount="1" result="Passed" start-time="2020-03-21 18:50:19Z" end-time="2020-03-21 18:50:19Z" duration="0.003976" total="1" passed="1" failed="0" inconclusive="0" skipped="0" asserts="2">
        <test-case id="0-1061" name="TestEnumImport" fullname="Kaitai.SpecEnumImport.TestEnumImport" methodname="TestEnumImport" classname="Kaitai.SpecEnumImport" runstate="Runnable" seed="399297453" result="Passed" start-time="2020-03-21 18:50:19Z" end-time="2020-03-21 18:50:19Z" duration="0.000709" asserts="2" />
      </test-suite>
      <test-suite type="TestFixture" id="0-1062" name="SpecEnumIntRangeS" fullname="Kaitai.SpecEnumIntRangeS" classname="Kaitai.SpecEnumIntRangeS" runstate="Runnable" testcasecount="1" result="Passed" start-time="2020-03-21 18:50:19Z" end-time="2020-03-21 18:50:19Z" duration="0.005049" total="1" passed="1" failed="0" inconclusive="0" skipped="0" asserts="3">
        <test-case id="0-1063" name="TestEnumIntRangeS" fullname="Kaitai.SpecEnumIntRangeS.TestEnumIntRangeS" methodname="TestEnumIntRangeS" classname="Kaitai.SpecEnumIntRangeS" runstate="Runnable" seed="298067632" result="Passed" start-time="2020-03-21 18:50:19Z" end-time="2020-03-21 18:50:19Z" duration="0.001299" asserts="3" />
      </test-suite>
      <test-suite type="TestFixture" id="0-1064" name="SpecEnumNegative" fullname="Kaitai.SpecEnumNegative" classname="Kaitai.SpecEnumNegative" runstate="Runnable" testcasecount="1" result="Passed" start-time="2020-03-21 18:50:19Z" end-time="2020-03-21 18:50:19Z" duration="0.004006" total="1" passed="1" failed="0" inconclusive="0" skipped="0" asserts="2">
        <test-case id="0-1065" name="TestEnumNegative" fullname="Kaitai.SpecEnumNegative.TestEnumNegative" methodname="TestEnumNegative" classname="Kaitai.SpecEnumNegative" runstate="Runnable" seed="47511627" result="Passed" start-time="2020-03-21 18:50:19Z" end-time="2020-03-21 18:50:19Z" duration="0.000876" asserts="2" />
      </test-suite>
      <test-suite type="TestFixture" id="0-1066" name="SpecEnumOfValueInst" fullname="Kaitai.SpecEnumOfValueInst" classname="Kaitai.SpecEnumOfValueInst" runstate="Runnable" testcasecount="1" result="Passed" start-time="2020-03-21 18:50:19Z" end-time="2020-03-21 18:50:19Z" duration="0.004307" total="1" passed="1" failed="0" inconclusive="0" skipped="0" asserts="4">
        <test-case id="0-1067" name="TestEnumOfValueInst" fullname="Kaitai.SpecEnumOfValueInst.TestEnumOfValueInst" methodname="TestEnumOfValueInst" classname="Kaitai.SpecEnumOfValueInst" runstate="Runnable" seed="697098458" result="Passed" start-time="2020-03-21 18:50:19Z" end-time="2020-03-21 18:50:19Z" duration="0.001367" asserts="4" />
      </test-suite>
      <test-suite type="TestFixture" id="0-1068" name="SpecEnumToI" fullname="Kaitai.SpecEnumToI" classname="Kaitai.SpecEnumToI" runstate="Runnable" testcasecount="1" result="Passed" start-time="2020-03-21 18:50:19Z" end-time="2020-03-21 18:50:19Z" duration="0.005011" total="1" passed="1" failed="0" inconclusive="0" skipped="0" asserts="4">
        <test-case id="0-1069" name="TestEnumToI" fullname="Kaitai.SpecEnumToI.TestEnumToI" methodname="TestEnumToI" classname="Kaitai.SpecEnumToI" runstate="Runnable" seed="1696769569" result="Passed" start-time="2020-03-21 18:50:19Z" end-time="2020-03-21 18:50:19Z" duration="0.001085" asserts="4" />
      </test-suite>
      <test-suite type="TestFixture" id="0-1070" name="SpecExpr0" fullname="Kaitai.SpecExpr0" classname="Kaitai.SpecExpr0" runstate="Runnable" testcasecount="1" result="Passed" start-time="2020-03-21 18:50:19Z" end-time="2020-03-21 18:50:19Z" duration="0.004017" total="1" passed="1" failed="0" inconclusive="0" skipped="0" asserts="2">
        <test-case id="0-1071" name="TestExpr0" fullname="Kaitai.SpecExpr0.TestExpr0" methodname="TestExpr0" classname="Kaitai.SpecExpr0" runstate="Runnable" seed="2140402882" result="Passed" start-time="2020-03-21 18:50:19Z" end-time="2020-03-21 18:50:19Z" duration="0.000772" asserts="2" />
      </test-suite>
      <test-suite type="TestFixture" id="0-1072" name="SpecExpr1" fullname="Kaitai.SpecExpr1" classname="Kaitai.SpecExpr1" runstate="Runnable" testcasecount="1" result="Passed" start-time="2020-03-21 18:50:19Z" end-time="2020-03-21 18:50:19Z" duration="0.004993" total="1" passed="1" failed="0" inconclusive="0" skipped="0" asserts="4">
        <test-case id="0-1073" name="TestExpr1" fullname="Kaitai.SpecExpr1.TestExpr1" methodname="TestExpr1" classname="Kaitai.SpecExpr1" runstate="Runnable" seed="897373902" result="Passed" start-time="2020-03-21 18:50:19Z" end-time="2020-03-21 18:50:19Z" duration="0.001187" asserts="4" />
      </test-suite>
      <test-suite type="TestFixture" id="0-1074" name="SpecExpr2" fullname="Kaitai.SpecExpr2" classname="Kaitai.SpecExpr2" runstate="Runnable" testcasecount="1" result="Passed" start-time="2020-03-21 18:50:19Z" end-time="2020-03-21 18:50:19Z" duration="0.007028" total="1" passed="1" failed="0" inconclusive="0" skipped="0" asserts="17">
        <test-case id="0-1075" name="TestExpr2" fullname="Kaitai.SpecExpr2.TestExpr2" methodname="TestExpr2" classname="Kaitai.SpecExpr2" runstate="Runnable" seed="1591746363" result="Passed" start-time="2020-03-21 18:50:19Z" end-time="2020-03-21 18:50:19Z" duration="0.003492" asserts="17" />
      </test-suite>
      <test-suite type="TestFixture" id="0-1076" name="SpecExpr3" fullname="Kaitai.SpecExpr3" classname="Kaitai.SpecExpr3" runstate="Runnable" testcasecount="1" result="Passed" start-time="2020-03-21 18:50:19Z" end-time="2020-03-21 18:50:19Z" duration="0.005998" total="1" passed="1" failed="0" inconclusive="0" skipped="0" asserts="12">
        <test-case id="0-1077" name="TestExpr3" fullname="Kaitai.SpecExpr3.TestExpr3" methodname="TestExpr3" classname="Kaitai.SpecExpr3" runstate="Runnable" seed="1367455691" result="Passed" start-time="2020-03-21 18:50:19Z" end-time="2020-03-21 18:50:19Z" duration="0.002432" asserts="12" />
      </test-suite>
      <test-suite type="TestFixture" id="0-1078" name="SpecExprArray" fullname="Kaitai.SpecExprArray" classname="Kaitai.SpecExprArray" runstate="Runnable" testcasecount="1" result="Passed" start-time="2020-03-21 18:50:19Z" end-time="2020-03-21 18:50:19Z" duration="0.014010" total="1" passed="1" failed="0" inconclusive="0" skipped="0" asserts="15">
        <test-case id="0-1079" name="TestExprArray" fullname="Kaitai.SpecExprArray.TestExprArray" methodname="TestExprArray" classname="Kaitai.SpecExprArray" runstate="Runnable" seed="571655612" result="Passed" start-time="2020-03-21 18:50:19Z" end-time="2020-03-21 18:50:19Z" duration="0.010594" asserts="15" />
      </test-suite>
      <test-suite type="TestFixture" id="0-1080" name="SpecExprBytesCmp" fullname="Kaitai.SpecExprBytesCmp" classname="Kaitai.SpecExprBytesCmp" runstate="Runnable" testcasecount="1" result="Passed" start-time="2020-03-21 18:50:19Z" end-time="2020-03-21 18:50:19Z" duration="0.006017" total="1" passed="1" failed="0" inconclusive="0" skipped="0" asserts="10">
        <test-case id="0-1081" name="TestExprBytesCmp" fullname="Kaitai.SpecExprBytesCmp.TestExprBytesCmp" methodname="TestExprBytesCmp" classname="Kaitai.SpecExprBytesCmp" runstate="Runnable" seed="178970140" result="Passed" start-time="2020-03-21 18:50:19Z" end-time="2020-03-21 18:50:19Z" duration="0.002414" asserts="10" />
      </test-suite>
      <test-suite type="TestFixture" id="0-1082" name="SpecExprEnum" fullname="Kaitai.SpecExprEnum" classname="Kaitai.SpecExprEnum" runstate="Runnable" testcasecount="1" result="Passed" start-time="2020-03-21 18:50:19Z" end-time="2020-03-21 18:50:19Z" duration="0.005029" total="1" passed="1" failed="0" inconclusive="0" skipped="0" asserts="3">
        <test-case id="0-1083" name="TestExprEnum" fullname="Kaitai.SpecExprEnum.TestExprEnum" methodname="TestExprEnum" classname="Kaitai.SpecExprEnum" runstate="Runnable" seed="45394220" result="Passed" start-time="2020-03-21 18:50:19Z" end-time="2020-03-21 18:50:19Z" duration="0.001019" asserts="3" />
      </test-suite>
      <test-suite type="TestFixture" id="0-1084" name="SpecExprIoEof" fullname="Kaitai.SpecExprIoEof" classname="Kaitai.SpecExprIoEof" runstate="Runnable" testcasecount="1" result="Passed" start-time="2020-03-21 18:50:19Z" end-time="2020-03-21 18:50:19Z" duration="0.006017" total="1" passed="1" failed="0" inconclusive="0" skipped="0" asserts="4">
        <test-case id="0-1085" name="TestExprIoEof" fullname="Kaitai.SpecExprIoEof.TestExprIoEof" methodname="TestExprIoEof" classname="Kaitai.SpecExprIoEof" runstate="Runnable" seed="896499908" result="Passed" start-time="2020-03-21 18:50:19Z" end-time="2020-03-21 18:50:19Z" duration="0.002169" asserts="4" />
      </test-suite>
      <test-suite type="TestFixture" id="0-1086" name="SpecExprIoPos" fullname="Kaitai.SpecExprIoPos" classname="Kaitai.SpecExprIoPos" runstate="Runnable" testcasecount="1" result="Passed" start-time="2020-03-21 18:50:20Z" end-time="2020-03-21 18:50:20Z" duration="0.005298" total="1" passed="1" failed="0" inconclusive="0" skipped="0" asserts="6">
        <test-case id="0-1087" name="TestExprIoPos" fullname="Kaitai.SpecExprIoPos.TestExprIoPos" methodname="TestExprIoPos" classname="Kaitai.SpecExprIoPos" runstate="Runnable" seed="595911524" result="Passed" start-time="2020-03-21 18:50:20Z" end-time="2020-03-21 18:50:20Z" duration="0.001738" asserts="6" />
      </test-suite>
      <test-suite type="TestFixture" id="0-1088" name="SpecExprMod" fullname="Kaitai.SpecExprMod" classname="Kaitai.SpecExprMod" runstate="Runnable" testcasecount="1" result="Passed" start-time="2020-03-21 18:50:20Z" end-time="2020-03-21 18:50:20Z" duration="0.005010" total="1" passed="1" failed="0" inconclusive="0" skipped="0" asserts="6">
        <test-case id="0-1089" name="TestExprMod" fullname="Kaitai.SpecExprMod.TestExprMod" methodname="TestExprMod" classname="Kaitai.SpecExprMod" runstate="Runnable" seed="191351038" result="Passed" start-time="2020-03-21 18:50:20Z" end-time="2020-03-21 18:50:20Z" duration="0.001584" asserts="6" />
      </test-suite>
      <test-suite type="TestFixture" id="0-1090" name="SpecExprSizeofType0" fullname="Kaitai.SpecExprSizeofType0" classname="Kaitai.SpecExprSizeofType0" runstate="Runnable" testcasecount="1" result="Passed" start-time="2020-03-21 18:50:20Z" end-time="2020-03-21 18:50:20Z" duration="0.003987" total="1" passed="1" failed="0" inconclusive="0" skipped="0" asserts="1">
        <test-case id="0-1091" name="TestExprSizeofType0" fullname="Kaitai.SpecExprSizeofType0.TestExprSizeofType0" methodname="TestExprSizeofType0" classname="Kaitai.SpecExprSizeofType0" runstate="Runnable" seed="1054139161" result="Passed" start-time="2020-03-21 18:50:20Z" end-time="2020-03-21 18:50:20Z" duration="0.000662" asserts="1" />
      </test-suite>
      <test-suite type="TestFixture" id="0-1092" name="SpecExprSizeofType1" fullname="Kaitai.SpecExprSizeofType1" classname="Kaitai.SpecExprSizeofType1" runstate="Runnable" testcasecount="1" result="Passed" start-time="2020-03-21 18:50:20Z" end-time="2020-03-21 18:50:20Z" duration="0.004013" total="1" passed="1" failed="0" inconclusive="0" skipped="0" asserts="2">
        <test-case id="0-1093" name="TestExprSizeofType1" fullname="Kaitai.SpecExprSizeofType1.TestExprSizeofType1" methodname="TestExprSizeofType1" classname="Kaitai.SpecExprSizeofType1" runstate="Runnable" seed="785590523" result="Passed" start-time="2020-03-21 18:50:20Z" end-time="2020-03-21 18:50:20Z" duration="0.000753" asserts="2" />
      </test-suite>
      <test-suite type="TestFixture" id="0-1094" name="SpecExprSizeofValue0" fullname="Kaitai.SpecExprSizeofValue0" classname="Kaitai.SpecExprSizeofValue0" runstate="Runnable" testcasecount="1" result="Passed" start-time="2020-03-21 18:50:20Z" end-time="2020-03-21 18:50:20Z" duration="0.005040" total="1" passed="1" failed="0" inconclusive="0" skipped="0" asserts="5">
        <test-case id="0-1095" name="TestExprSizeofValue0" fullname="Kaitai.SpecExprSizeofValue0.TestExprSizeofValue0" methodname="TestExprSizeofValue0" classname="Kaitai.SpecExprSizeofValue0" runstate="Runnable" seed="545203130" result="Passed" start-time="2020-03-21 18:50:20Z" end-time="2020-03-21 18:50:20Z" duration="0.001454" asserts="5" />
      </test-suite>
      <test-suite type="TestFixture" id="0-1096" name="SpecExprSizeofValueSized" fullname="Kaitai.SpecExprSizeofValueSized" classname="Kaitai.SpecExprSizeofValueSized" runstate="Runnable" testcasecount="1" result="Passed" start-time="2020-03-21 18:50:20Z" end-time="2020-03-21 18:50:20Z" duration="0.005002" total="1" passed="1" failed="0" inconclusive="0" skipped="0" asserts="5">
        <test-case id="0-1097" name="TestExprSizeofValueSized" fullname="Kaitai.SpecExprSizeofValueSized.TestExprSizeofValueSized" methodname="TestExprSizeofValueSized" classname="Kaitai.SpecExprSizeofValueSized" runstate="Runnable" seed="253543729" result="Passed" start-time="2020-03-21 18:50:20Z" end-time="2020-03-21 18:50:20Z" duration="0.001479" asserts="5" />
      </test-suite>
      <test-suite type="TestFixture" id="0-1098" name="SpecFixedContents" fullname="Kaitai.SpecFixedContents" classname="Kaitai.SpecFixedContents" runstate="Runnable" testcasecount="1" result="Passed" start-time="2020-03-21 18:50:20Z" end-time="2020-03-21 18:50:20Z" duration="0.011242" total="1" passed="1" failed="0" inconclusive="0" skipped="0" asserts="0">
        <test-case id="0-1099" name="TestFixedContents" fullname="Kaitai.SpecFixedContents.TestFixedContents" methodname="TestFixedContents" classname="Kaitai.SpecFixedContents" runstate="Runnable" seed="1142887406" result="Passed" start-time="2020-03-21 18:50:20Z" end-time="2020-03-21 18:50:20Z" duration="0.001259" asserts="0" />
      </test-suite>
      <test-suite type="TestFixture" id="0-1100" name="SpecFixedStruct" fullname="Kaitai.SpecFixedStruct" classname="Kaitai.SpecFixedStruct" runstate="Runnable" testcasecount="1" result="Passed" start-time="2020-03-21 18:50:20Z" end-time="2020-03-21 18:50:20Z" duration="0.009077" total="1" passed="1" failed="0" inconclusive="0" skipped="0" asserts="20">
        <test-case id="0-1101" name="TestFixedStruct" fullname="Kaitai.SpecFixedStruct.TestFixedStruct" methodname="TestFixedStruct" classname="Kaitai.SpecFixedStruct" runstate="Runnable" seed="372806697" result="Passed" start-time="2020-03-21 18:50:20Z" end-time="2020-03-21 18:50:20Z" duration="0.005892" asserts="20" />
      </test-suite>
      <test-suite type="TestFixture" id="0-1104" name="SpecFloatingPoints" fullname="Kaitai.SpecFloatingPoints" classname="Kaitai.SpecFloatingPoints" runstate="Runnable" testcasecount="1" result="Passed" start-time="2020-03-21 18:50:20Z" end-time="2020-03-21 18:50:20Z" duration="0.007014" total="1" passed="1" failed="0" inconclusive="0" skipped="0" asserts="8">
        <test-case id="0-1105" name="TestFloatingPoints" fullname="Kaitai.SpecFloatingPoints.TestFloatingPoints" methodname="TestFloatingPoints" classname="Kaitai.SpecFloatingPoints" runstate="Runnable" seed="3688904" result="Passed" start-time="2020-03-21 18:50:20Z" end-time="2020-03-21 18:50:20Z" duration="0.003535" asserts="8" />
      </test-suite>
      <test-suite type="TestFixture" id="0-1102" name="SpecFloatToI" fullname="Kaitai.SpecFloatToI" classname="Kaitai.SpecFloatToI" runstate="Runnable" testcasecount="1" result="Passed" start-time="2020-03-21 18:50:20Z" end-time="2020-03-21 18:50:20Z" duration="0.006033" total="1" passed="1" failed="0" inconclusive="0" skipped="0" asserts="8">
        <test-case id="0-1103" name="TestFloatToI" fullname="Kaitai.SpecFloatToI.TestFloatToI" methodname="TestFloatToI" classname="Kaitai.SpecFloatToI" runstate="Runnable" seed="190260982" result="Passed" start-time="2020-03-21 18:50:20Z" end-time="2020-03-21 18:50:20Z" duration="0.002103" asserts="8" />
      </test-suite>
      <test-suite type="TestFixture" id="0-1106" name="SpecHelloWorld" fullname="Kaitai.SpecHelloWorld" classname="Kaitai.SpecHelloWorld" runstate="Runnable" testcasecount="1" result="Passed" start-time="2020-03-21 18:50:20Z" end-time="2020-03-21 18:50:20Z" duration="0.004009" total="1" passed="1" failed="0" inconclusive="0" skipped="0" asserts="1">
        <test-case id="0-1107" name="TestHelloWorld" fullname="Kaitai.SpecHelloWorld.TestHelloWorld" methodname="TestHelloWorld" classname="Kaitai.SpecHelloWorld" runstate="Runnable" seed="930004665" result="Passed" start-time="2020-03-21 18:50:20Z" end-time="2020-03-21 18:50:20Z" duration="0.000438" asserts="1" />
      </test-suite>
      <test-suite type="TestFixture" id="0-1108" name="SpecIfInstances" fullname="Kaitai.SpecIfInstances" classname="Kaitai.SpecIfInstances" runstate="Runnable" testcasecount="1" result="Passed" start-time="2020-03-21 18:50:20Z" end-time="2020-03-21 18:50:20Z" duration="0.004035" total="1" passed="1" failed="0" inconclusive="0" skipped="0" asserts="1">
        <test-case id="0-1109" name="TestIfInstances" fullname="Kaitai.SpecIfInstances.TestIfInstances" methodname="TestIfInstances" classname="Kaitai.SpecIfInstances" runstate="Runnable" seed="29343969" result="Passed" start-time="2020-03-21 18:50:20Z" end-time="2020-03-21 18:50:20Z" duration="0.000667" asserts="1" />
      </test-suite>
      <test-suite type="TestFixture" id="0-1110" name="SpecIfStruct" fullname="Kaitai.SpecIfStruct" classname="Kaitai.SpecIfStruct" runstate="Runnable" testcasecount="1" result="Passed" start-time="2020-03-21 18:50:20Z" end-time="2020-03-21 18:50:20Z" duration="0.006010" total="1" passed="1" failed="0" inconclusive="0" skipped="0" asserts="7">
        <test-case id="0-1111" name="TestIfStruct" fullname="Kaitai.SpecIfStruct.TestIfStruct" methodname="TestIfStruct" classname="Kaitai.SpecIfStruct" runstate="Runnable" seed="391553749" result="Passed" start-time="2020-03-21 18:50:20Z" end-time="2020-03-21 18:50:20Z" duration="0.002149" asserts="7" />
      </test-suite>
      <test-suite type="TestFixture" id="0-1112" name="SpecIfValues" fullname="Kaitai.SpecIfValues" classname="Kaitai.SpecIfValues" runstate="Runnable" testcasecount="1" result="Passed" start-time="2020-03-21 18:50:20Z" end-time="2020-03-21 18:50:20Z" duration="0.005008" total="1" passed="1" failed="0" inconclusive="0" skipped="0" asserts="6">
        <test-case id="0-1113" name="TestIfValues" fullname="Kaitai.SpecIfValues.TestIfValues" methodname="TestIfValues" classname="Kaitai.SpecIfValues" runstate="Runnable" seed="1551847239" result="Passed" start-time="2020-03-21 18:50:20Z" end-time="2020-03-21 18:50:20Z" duration="0.001593" asserts="6" />
      </test-suite>
      <test-suite type="TestFixture" id="0-1114" name="SpecImports0" fullname="Kaitai.SpecImports0" classname="Kaitai.SpecImports0" runstate="Runnable" testcasecount="1" result="Passed" start-time="2020-03-21 18:50:20Z" end-time="2020-03-21 18:50:20Z" duration="0.004009" total="1" passed="1" failed="0" inconclusive="0" skipped="0" asserts="3">
        <test-case id="0-1115" name="TestImports0" fullname="Kaitai.SpecImports0.TestImports0" methodname="TestImports0" classname="Kaitai.SpecImports0" runstate="Runnable" seed="1609874203" result="Passed" start-time="2020-03-21 18:50:20Z" end-time="2020-03-21 18:50:20Z" duration="0.000905" asserts="3" />
      </test-suite>
      <test-suite type="TestFixture" id="0-1116" name="SpecImportsAbs" fullname="Kaitai.SpecImportsAbs" classname="Kaitai.SpecImportsAbs" runstate="Runnable" testcasecount="1" result="Passed" start-time="2020-03-21 18:50:20Z" end-time="2020-03-21 18:50:20Z" duration="0.006008" total="1" passed="1" failed="0" inconclusive="0" skipped="0" asserts="2">
        <test-case id="0-1117" name="TestImportsAbs" fullname="Kaitai.SpecImportsAbs.TestImportsAbs" methodname="TestImportsAbs" classname="Kaitai.SpecImportsAbs" runstate="Runnable" seed="2012019026" result="Passed" start-time="2020-03-21 18:50:20Z" end-time="2020-03-21 18:50:20Z" duration="0.002585" asserts="2" />
      </test-suite>
      <test-suite type="TestFixture" id="0-1118" name="SpecImportsCircularA" fullname="Kaitai.SpecImportsCircularA" classname="Kaitai.SpecImportsCircularA" runstate="Runnable" testcasecount="1" result="Passed" start-time="2020-03-21 18:50:20Z" end-time="2020-03-21 18:50:20Z" duration="0.004823" total="1" passed="1" failed="0" inconclusive="0" skipped="0" asserts="5">
        <test-case id="0-1119" name="TestImportsCircularA" fullname="Kaitai.SpecImportsCircularA.TestImportsCircularA" methodname="TestImportsCircularA" classname="Kaitai.SpecImportsCircularA" runstate="Runnable" seed="308334168" result="Passed" start-time="2020-03-21 18:50:20Z" end-time="2020-03-21 18:50:20Z" duration="0.001460" asserts="5" />
      </test-suite>
      <test-suite type="TestFixture" id="0-1120" name="SpecIndexSizes" fullname="Kaitai.SpecIndexSizes" classname="Kaitai.SpecIndexSizes" runstate="Runnable" testcasecount="1" result="Passed" start-time="2020-03-21 18:50:20Z" end-time="2020-03-21 18:50:20Z" duration="0.006264" total="1" passed="1" failed="0" inconclusive="0" skipped="0" asserts="7">
        <test-case id="0-1121" name="TestIndexSizes" fullname="Kaitai.SpecIndexSizes.TestIndexSizes" methodname="TestIndexSizes" classname="Kaitai.SpecIndexSizes" runstate="Runnable" seed="1419829030" result="Passed" start-time="2020-03-21 18:50:20Z" end-time="2020-03-21 18:50:20Z" duration="0.001700" asserts="7" />
      </test-suite>
      <test-suite type="TestFixture" id="0-1122" name="SpecIndexToParamEos" fullname="Kaitai.SpecIndexToParamEos" classname="Kaitai.SpecIndexToParamEos" runstate="Runnable" testcasecount="1" result="Passed" start-time="2020-03-21 18:50:20Z" end-time="2020-03-21 18:50:20Z" duration="0.006025" total="1" passed="1" failed="0" inconclusive="0" skipped="0" asserts="7">
        <test-case id="0-1123" name="TestIndexToParamEos" fullname="Kaitai.SpecIndexToParamEos.TestIndexToParamEos" methodname="TestIndexToParamEos" classname="Kaitai.SpecIndexToParamEos" runstate="Runnable" seed="15047446" result="Passed" start-time="2020-03-21 18:50:20Z" end-time="2020-03-21 18:50:20Z" duration="0.002005" asserts="7" />
      </test-suite>
      <test-suite type="TestFixture" id="0-1124" name="SpecIndexToParamExpr" fullname="Kaitai.SpecIndexToParamExpr" classname="Kaitai.SpecIndexToParamExpr" runstate="Runnable" testcasecount="1" result="Passed" start-time="2020-03-21 18:50:20Z" end-time="2020-03-21 18:50:20Z" duration="0.006007" total="1" passed="1" failed="0" inconclusive="0" skipped="0" asserts="7">
        <test-case id="0-1125" name="TestIndexToParamExpr" fullname="Kaitai.SpecIndexToParamExpr.TestIndexToParamExpr" methodname="TestIndexToParamExpr" classname="Kaitai.SpecIndexToParamExpr" runstate="Runnable" seed="42119451" result="Passed" start-time="2020-03-21 18:50:20Z" end-time="2020-03-21 18:50:20Z" duration="0.001960" asserts="7" />
      </test-suite>
      <test-suite type="TestFixture" id="0-1126" name="SpecIndexToParamUntil" fullname="Kaitai.SpecIndexToParamUntil" classname="Kaitai.SpecIndexToParamUntil" runstate="Runnable" testcasecount="1" result="Passed" start-time="2020-03-21 18:50:20Z" end-time="2020-03-21 18:50:20Z" duration="0.009976" total="1" passed="1" failed="0" inconclusive="0" skipped="0" asserts="7">
        <test-case id="0-1127" name="TestIndexToParamUntil" fullname="Kaitai.SpecIndexToParamUntil.TestIndexToParamUntil" methodname="TestIndexToParamUntil" classname="Kaitai.SpecIndexToParamUntil" runstate="Runnable" seed="1674773620" result="Passed" start-time="2020-03-21 18:50:20Z" end-time="2020-03-21 18:50:20Z" duration="0.006556" asserts="7" />
      </test-suite>
      <test-suite type="TestFixture" id="0-1128" name="SpecInstanceIoUser" fullname="Kaitai.SpecInstanceIoUser" classname="Kaitai.SpecInstanceIoUser" runstate="Runnable" testcasecount="1" result="Passed" start-time="2020-03-21 18:50:20Z" end-time="2020-03-21 18:50:20Z" duration="0.005861" total="1" passed="1" failed="0" inconclusive="0" skipped="0" asserts="4">
        <test-case id="0-1129" name="TestInstanceIoUser" fullname="Kaitai.SpecInstanceIoUser.TestInstanceIoUser" methodname="TestInstanceIoUser" classname="Kaitai.SpecInstanceIoUser" runstate="Runnable" seed="112397713" result="Passed" start-time="2020-03-21 18:50:20Z" end-time="2020-03-21 18:50:20Z" duration="0.002261" asserts="4" />
      </test-suite>
      <test-suite type="TestFixture" id="0-1130" name="SpecInstanceStd" fullname="Kaitai.SpecInstanceStd" classname="Kaitai.SpecInstanceStd" runstate="Runnable" testcasecount="1" result="Passed" start-time="2020-03-21 18:50:20Z" end-time="2020-03-21 18:50:20Z" duration="0.004007" total="1" passed="1" failed="0" inconclusive="0" skipped="0" asserts="1">
        <test-case id="0-1131" name="TestInstanceStd" fullname="Kaitai.SpecInstanceStd.TestInstanceStd" methodname="TestInstanceStd" classname="Kaitai.SpecInstanceStd" runstate="Runnable" seed="1561480784" result="Passed" start-time="2020-03-21 18:50:20Z" end-time="2020-03-21 18:50:20Z" duration="0.000829" asserts="1" />
      </test-suite>
      <test-suite type="TestFixture" id="0-1132" name="SpecInstanceStdArray" fullname="Kaitai.SpecInstanceStdArray" classname="Kaitai.SpecInstanceStdArray" runstate="Runnable" testcasecount="1" result="Passed" start-time="2020-03-21 18:50:20Z" end-time="2020-03-21 18:50:20Z" duration="0.007417" total="1" passed="1" failed="0" inconclusive="0" skipped="0" asserts="7">
        <test-case id="0-1133" name="TestInstanceStdArray" fullname="Kaitai.SpecInstanceStdArray.TestInstanceStdArray" methodname="TestInstanceStdArray" classname="Kaitai.SpecInstanceStdArray" runstate="Runnable" seed="1851559528" result="Passed" start-time="2020-03-21 18:50:20Z" end-time="2020-03-21 18:50:20Z" duration="0.001747" asserts="7" />
      </test-suite>
      <test-suite type="TestFixture" id="0-1134" name="SpecInstanceUserArray" fullname="Kaitai.SpecInstanceUserArray" classname="Kaitai.SpecInstanceUserArray" runstate="Runnable" testcasecount="1" result="Passed" start-time="2020-03-21 18:50:20Z" end-time="2020-03-21 18:50:20Z" duration="0.006011" total="1" passed="1" failed="0" inconclusive="0" skipped="0" asserts="10">
        <test-case id="0-1135" name="TestInstanceUserArray" fullname="Kaitai.SpecInstanceUserArray.TestInstanceUserArray" methodname="TestInstanceUserArray" classname="Kaitai.SpecInstanceUserArray" runstate="Runnable" seed="364954509" result="Passed" start-time="2020-03-21 18:50:20Z" end-time="2020-03-21 18:50:20Z" duration="0.002226" asserts="10" />
      </test-suite>
      <test-suite type="TestFixture" id="0-1136" name="SpecIntegers" fullname="Kaitai.SpecIntegers" classname="Kaitai.SpecIntegers" runstate="Runnable" testcasecount="1" result="Passed" start-time="2020-03-21 18:50:20Z" end-time="2020-03-21 18:50:20Z" duration="0.008020" total="1" passed="1" failed="0" inconclusive="0" skipped="0" asserts="20">
        <test-case id="0-1137" name="TestIntegers" fullname="Kaitai.SpecIntegers.TestIntegers" methodname="TestIntegers" classname="Kaitai.SpecIntegers" runstate="Runnable" seed="2110068638" result="Passed" start-time="2020-03-21 18:50:20Z" end-time="2020-03-21 18:50:20Z" duration="0.004057" asserts="20" />
      </test-suite>
      <test-suite type="TestFixture" id="0-1138" name="SpecIntegersMinMax" fullname="Kaitai.SpecIntegersMinMax" classname="Kaitai.SpecIntegersMinMax" runstate="Runnable" testcasecount="1" result="Passed" start-time="2020-03-21 18:50:20Z" end-time="2020-03-21 18:50:20Z" duration="0.007026" total="1" passed="1" failed="0" inconclusive="0" skipped="0" asserts="28">
        <test-case id="0-1139" name="TestIntegersMinMax" fullname="Kaitai.SpecIntegersMinMax.TestIntegersMinMax" methodname="TestIntegersMinMax" classname="Kaitai.SpecIntegersMinMax" runstate="Runnable" seed="1934764742" result="Passed" start-time="2020-03-21 18:50:20Z" end-time="2020-03-21 18:50:20Z" duration="0.003382" asserts="28" />
      </test-suite>
      <test-suite type="TestFixture" id="0-1140" name="SpecIoLocalVar" fullname="Kaitai.SpecIoLocalVar" classname="Kaitai.SpecIoLocalVar" runstate="Runnable" testcasecount="1" result="Passed" start-time="2020-03-21 18:50:20Z" end-time="2020-03-21 18:50:20Z" duration="0.005013" total="1" passed="1" failed="0" inconclusive="0" skipped="0" asserts="2">
        <test-case id="0-1141" name="TestIoLocalVar" fullname="Kaitai.SpecIoLocalVar.TestIoLocalVar" methodname="TestIoLocalVar" classname="Kaitai.SpecIoLocalVar" runstate="Runnable" seed="1972621651" result="Passed" start-time="2020-03-21 18:50:20Z" end-time="2020-03-21 18:50:20Z" duration="0.001551" asserts="2" />
      </test-suite>
      <test-suite type="TestFixture" id="0-1142" name="SpecJsSignedRightShift" fullname="Kaitai.SpecJsSignedRightShift" classname="Kaitai.SpecJsSignedRightShift" runstate="Runnable" testcasecount="1" result="Passed" start-time="2020-03-21 18:50:20Z" end-time="2020-03-21 18:50:20Z" duration="0.003988" total="1" passed="1" failed="0" inconclusive="0" skipped="0" asserts="2">
        <test-case id="0-1143" name="TestJsSignedRightShift" fullname="Kaitai.SpecJsSignedRightShift.TestJsSignedRightShift" methodname="TestJsSignedRightShift" classname="Kaitai.SpecJsSignedRightShift" runstate="Runnable" seed="56043881" result="Passed" start-time="2020-03-21 18:50:20Z" end-time="2020-03-21 18:50:20Z" duration="0.000758" asserts="2" />
      </test-suite>
      <test-suite type="TestFixture" id="0-1144" name="SpecMetaTags" fullname="Kaitai.SpecMetaTags" classname="Kaitai.SpecMetaTags" runstate="Runnable" testcasecount="1" result="Passed" start-time="2020-03-21 18:50:20Z" end-time="2020-03-21 18:50:20Z" duration="0.004021" total="1" passed="1" failed="0" inconclusive="0" skipped="0" asserts="0">
        <test-case id="0-1145" name="TestMetaTags" fullname="Kaitai.SpecMetaTags.TestMetaTags" methodname="TestMetaTags" classname="Kaitai.SpecMetaTags" runstate="Runnable" seed="1025902734" result="Passed" start-time="2020-03-21 18:50:20Z" end-time="2020-03-21 18:50:20Z" duration="0.000600" asserts="0" />
      </test-suite>
      <test-suite type="TestFixture" id="0-1146" name="SpecMetaXref" fullname="Kaitai.SpecMetaXref" classname="Kaitai.SpecMetaXref" runstate="Runnable" testcasecount="1" result="Passed" start-time="2020-03-21 18:50:20Z" end-time="2020-03-21 18:50:20Z" duration="0.004010" total="1" passed="1" failed="0" inconclusive="0" skipped="0" asserts="0">
        <test-case id="0-1147" name="TestMetaXref" fullname="Kaitai.SpecMetaXref.TestMetaXref" methodname="TestMetaXref" classname="Kaitai.SpecMetaXref" runstate="Runnable" seed="1412954930" result="Passed" start-time="2020-03-21 18:50:20Z" end-time="2020-03-21 18:50:20Z" duration="0.000454" asserts="0" />
      </test-suite>
      <test-suite type="TestFixture" id="0-1148" name="SpecMultipleUse" fullname="Kaitai.SpecMultipleUse" classname="Kaitai.SpecMultipleUse" runstate="Runnable" testcasecount="1" result="Passed" start-time="2020-03-21 18:50:20Z" end-time="2020-03-21 18:50:20Z" duration="0.006009" total="1" passed="1" failed="0" inconclusive="0" skipped="0" asserts="2">
        <test-case id="0-1149" name="TestMultipleUse" fullname="Kaitai.SpecMultipleUse.TestMultipleUse" methodname="TestMultipleUse" classname="Kaitai.SpecMultipleUse" runstate="Runnable" seed="149621458" result="Passed" start-time="2020-03-21 18:50:20Z" end-time="2020-03-21 18:50:20Z" duration="0.002242" asserts="2" />
      </test-suite>
      <test-suite type="TestFixture" id="0-1150" name="SpecNavParent" fullname="Kaitai.SpecNavParent" classname="Kaitai.SpecNavParent" runstate="Runnable" testcasecount="1" result="Passed" start-time="2020-03-21 18:50:20Z" end-time="2020-03-21 18:50:20Z" duration="0.006012" total="1" passed="1" failed="0" inconclusive="0" skipped="0" asserts="5">
        <test-case id="0-1151" name="TestNavParent" fullname="Kaitai.SpecNavParent.TestNavParent" methodname="TestNavParent" classname="Kaitai.SpecNavParent" runstate="Runnable" seed="2119936006" result="Passed" start-time="2020-03-21 18:50:20Z" end-time="2020-03-21 18:50:20Z" duration="0.002236" asserts="5" />
      </test-suite>
      <test-suite type="TestFixture" id="0-1152" name="SpecNavParent2" fullname="Kaitai.SpecNavParent2" classname="Kaitai.SpecNavParent2" runstate="Runnable" testcasecount="1" result="Passed" start-time="2020-03-21 18:50:20Z" end-time="2020-03-21 18:50:20Z" duration="0.006001" total="1" passed="1" failed="0" inconclusive="0" skipped="0" asserts="10">
        <test-case id="0-1153" name="TestNavParent2" fullname="Kaitai.SpecNavParent2.TestNavParent2" methodname="TestNavParent2" classname="Kaitai.SpecNavParent2" runstate="Runnable" seed="1534497085" result="Passed" start-time="2020-03-21 18:50:20Z" end-time="2020-03-21 18:50:20Z" duration="0.002660" asserts="10" />
      </test-suite>
      <test-suite type="TestFixture" id="0-1154" name="SpecNavParent3" fullname="Kaitai.SpecNavParent3" classname="Kaitai.SpecNavParent3" runstate="Runnable" testcasecount="1" result="Passed" start-time="2020-03-21 18:50:20Z" end-time="2020-03-21 18:50:20Z" duration="0.005991" total="1" passed="1" failed="0" inconclusive="0" skipped="0" asserts="10">
        <test-case id="0-1155" name="TestNavParent3" fullname="Kaitai.SpecNavParent3.TestNavParent3" methodname="TestNavParent3" classname="Kaitai.SpecNavParent3" runstate="Runnable" seed="1418628762" result="Passed" start-time="2020-03-21 18:50:20Z" end-time="2020-03-21 18:50:20Z" duration="0.002877" asserts="10" />
      </test-suite>
      <test-suite type="TestFixture" id="0-1156" name="SpecNavParentFalse" fullname="Kaitai.SpecNavParentFalse" classname="Kaitai.SpecNavParentFalse" runstate="Runnable" testcasecount="1" result="Passed" start-time="2020-03-21 18:50:20Z" end-time="2020-03-21 18:50:20Z" duration="0.006014" total="1" passed="1" failed="0" inconclusive="0" skipped="0" asserts="5">
        <test-case id="0-1157" name="TestNavParentFalse" fullname="Kaitai.SpecNavParentFalse.TestNavParentFalse" methodname="TestNavParentFalse" classname="Kaitai.SpecNavParentFalse" runstate="Runnable" seed="1885111924" result="Passed" start-time="2020-03-21 18:50:20Z" end-time="2020-03-21 18:50:20Z" duration="0.002089" asserts="5" />
      </test-suite>
      <test-suite type="TestFixture" id="0-1158" name="SpecNavParentFalse2" fullname="Kaitai.SpecNavParentFalse2" classname="Kaitai.SpecNavParentFalse2" runstate="Runnable" testcasecount="1" result="Passed" start-time="2020-03-21 18:50:20Z" end-time="2020-03-21 18:50:20Z" duration="0.004985" total="1" passed="1" failed="0" inconclusive="0" skipped="0" asserts="1">
        <test-case id="0-1159" name="TestNavParentFalse2" fullname="Kaitai.SpecNavParentFalse2.TestNavParentFalse2" methodname="TestNavParentFalse2" classname="Kaitai.SpecNavParentFalse2" runstate="Runnable" seed="563840287" result="Passed" start-time="2020-03-21 18:50:20Z" end-time="2020-03-21 18:50:20Z" duration="0.000945" asserts="1" />
      </test-suite>
      <test-suite type="TestFixture" id="0-1160" name="SpecNavParentOverride" fullname="Kaitai.SpecNavParentOverride" classname="Kaitai.SpecNavParentOverride" runstate="Runnable" testcasecount="1" result="Passed" start-time="2020-03-21 18:50:20Z" end-time="2020-03-21 18:50:20Z" duration="0.005027" total="1" passed="1" failed="0" inconclusive="0" skipped="0" asserts="3">
        <test-case id="0-1161" name="TestNavParentOverride" fullname="Kaitai.SpecNavParentOverride.TestNavParentOverride" methodname="TestNavParentOverride" classname="Kaitai.SpecNavParentOverride" runstate="Runnable" seed="472363591" result="Passed" start-time="2020-03-21 18:50:20Z" end-time="2020-03-21 18:50:20Z" duration="0.001682" asserts="3" />
      </test-suite>
      <test-suite type="TestFixture" id="0-1162" name="SpecNavParentSwitch" fullname="Kaitai.SpecNavParentSwitch" classname="Kaitai.SpecNavParentSwitch" runstate="Runnable" testcasecount="1" result="Passed" start-time="2020-03-21 18:50:20Z" end-time="2020-03-21 18:50:20Z" duration="0.005002" total="1" passed="1" failed="0" inconclusive="0" skipped="0" asserts="3">
        <test-case id="0-1163" name="TestNavParentSwitch" fullname="Kaitai.SpecNavParentSwitch.TestNavParentSwitch" methodname="TestNavParentSwitch" classname="Kaitai.SpecNavParentSwitch" runstate="Runnable" seed="1242055853" result="Passed" start-time="2020-03-21 18:50:20Z" end-time="2020-03-21 18:50:20Z" duration="0.001616" asserts="3" />
      </test-suite>
      <test-suite type="TestFixture" id="0-1164" name="SpecNavParentVsValueInst" fullname="Kaitai.SpecNavParentVsValueInst" classname="Kaitai.SpecNavParentVsValueInst" runstate="Runnable" testcasecount="1" result="Passed" start-time="2020-03-21 18:50:20Z" end-time="2020-03-21 18:50:20Z" duration="0.004006" total="1" passed="1" failed="0" inconclusive="0" skipped="0" asserts="1">
        <test-case id="0-1165" name="TestNavParentVsValueInst" fullname="Kaitai.SpecNavParentVsValueInst.TestNavParentVsValueInst" methodname="TestNavParentVsValueInst" classname="Kaitai.SpecNavParentVsValueInst" runstate="Runnable" seed="765223486" result="Passed" start-time="2020-03-21 18:50:20Z" end-time="2020-03-21 18:50:20Z" duration="0.000835" asserts="1" />
      </test-suite>
      <test-suite type="TestFixture" id="0-1166" name="SpecNavRoot" fullname="Kaitai.SpecNavRoot" classname="Kaitai.SpecNavRoot" runstate="Runnable" testcasecount="1" result="Passed" start-time="2020-03-21 18:50:20Z" end-time="2020-03-21 18:50:20Z" duration="0.006023" total="1" passed="1" failed="0" inconclusive="0" skipped="0" asserts="5">
        <test-case id="0-1167" name="TestNavRoot" fullname="Kaitai.SpecNavRoot.TestNavRoot" methodname="TestNavRoot" classname="Kaitai.SpecNavRoot" runstate="Runnable" seed="362200052" result="Passed" start-time="2020-03-21 18:50:20Z" end-time="2020-03-21 18:50:20Z" duration="0.002251" asserts="5" />
      </test-suite>
      <test-suite type="TestFixture" id="0-1168" name="SpecNestedSameName" fullname="Kaitai.SpecNestedSameName" classname="Kaitai.SpecNestedSameName" runstate="Runnable" testcasecount="1" result="Passed" start-time="2020-03-21 18:50:20Z" end-time="2020-03-21 18:50:20Z" duration="0.005014" total="1" passed="1" failed="0" inconclusive="0" skipped="0" asserts="2">
        <test-case id="0-1169" name="TestNestedSameName" fullname="Kaitai.SpecNestedSameName.TestNestedSameName" methodname="TestNestedSameName" classname="Kaitai.SpecNestedSameName" runstate="Runnable" seed="1818315000" result="Passed" start-time="2020-03-21 18:50:20Z" end-time="2020-03-21 18:50:20Z" duration="0.001735" asserts="2" />
      </test-suite>
      <test-suite type="TestFixture" id="0-1170" name="SpecNestedSameName2" fullname="Kaitai.SpecNestedSameName2" classname="Kaitai.SpecNestedSameName2" runstate="Runnable" testcasecount="1" result="Passed" start-time="2020-03-21 18:50:20Z" end-time="2020-03-21 18:50:20Z" duration="0.005997" total="1" passed="1" failed="0" inconclusive="0" skipped="0" asserts="5">
        <test-case id="0-1171" name="TestNestedSameName2" fullname="Kaitai.SpecNestedSameName2.TestNestedSameName2" methodname="TestNestedSameName2" classname="Kaitai.SpecNestedSameName2" runstate="Runnable" seed="611306576" result="Passed" start-time="2020-03-21 18:50:20Z" end-time="2020-03-21 18:50:20Z" duration="0.002453" asserts="5" />
      </test-suite>
      <test-suite type="TestFixture" id="0-1172" name="SpecNestedTypes" fullname="Kaitai.SpecNestedTypes" classname="Kaitai.SpecNestedTypes" runstate="Runnable" testcasecount="1" result="Passed" start-time="2020-03-21 18:50:20Z" end-time="2020-03-21 18:50:20Z" duration="0.005029" total="1" passed="1" failed="0" inconclusive="0" skipped="0" asserts="3">
        <test-case id="0-1173" name="TestNestedTypes" fullname="Kaitai.SpecNestedTypes.TestNestedTypes" methodname="TestNestedTypes" classname="Kaitai.SpecNestedTypes" runstate="Runnable" seed="1114838755" result="Passed" start-time="2020-03-21 18:50:20Z" end-time="2020-03-21 18:50:20Z" duration="0.001534" asserts="3" />
      </test-suite>
      <test-suite type="TestFixture" id="0-1174" name="SpecNestedTypes2" fullname="Kaitai.SpecNestedTypes2" classname="Kaitai.SpecNestedTypes2" runstate="Runnable" testcasecount="1" result="Passed" start-time="2020-03-21 18:50:20Z" end-time="2020-03-21 18:50:20Z" duration="0.006011" total="1" passed="1" failed="0" inconclusive="0" skipped="0" asserts="7">
        <test-case id="0-1175" name="TestNestedTypes2" fullname="Kaitai.SpecNestedTypes2.TestNestedTypes2" methodname="TestNestedTypes2" classname="Kaitai.SpecNestedTypes2" runstate="Runnable" seed="786080398" result="Passed" start-time="2020-03-21 18:50:20Z" end-time="2020-03-21 18:50:20Z" duration="0.002516" asserts="7" />
      </test-suite>
      <test-suite type="TestFixture" id="0-1176" name="SpecNestedTypes3" fullname="Kaitai.SpecNestedTypes3" classname="Kaitai.SpecNestedTypes3" runstate="Runnable" testcasecount="1" result="Passed" start-time="2020-03-21 18:50:20Z" end-time="2020-03-21 18:50:20Z" duration="0.005009" total="1" passed="1" failed="0" inconclusive="0" skipped="0" asserts="5">
        <test-case id="0-1177" name="TestNestedTypes3" fullname="Kaitai.SpecNestedTypes3.TestNestedTypes3" methodname="TestNestedTypes3" classname="Kaitai.SpecNestedTypes3" runstate="Runnable" seed="206131806" result="Passed" start-time="2020-03-21 18:50:20Z" end-time="2020-03-21 18:50:20Z" duration="0.001847" asserts="5" />
      </test-suite>
      <test-suite type="TestFixture" id="0-1178" name="SpecNonStandard" fullname="Kaitai.SpecNonStandard" classname="Kaitai.SpecNonStandard" runstate="Runnable" testcasecount="1" result="Passed" start-time="2020-03-21 18:50:20Z" end-time="2020-03-21 18:50:20Z" duration="0.004087" total="1" passed="1" failed="0" inconclusive="0" skipped="0" asserts="1">
        <test-case id="0-1179" name="TestNonStandard" fullname="Kaitai.SpecNonStandard.TestNonStandard" methodname="TestNonStandard" classname="Kaitai.SpecNonStandard" runstate="Runnable" seed="1708733305" result="Passed" start-time="2020-03-21 18:50:20Z" end-time="2020-03-21 18:50:20Z" duration="0.000684" asserts="1" />
      </test-suite>
      <test-suite type="TestFixture" id="0-1180" name="SpecOpaqueExternalType" fullname="Kaitai.SpecOpaqueExternalType" classname="Kaitai.SpecOpaqueExternalType" runstate="Runnable" testcasecount="1" result="Passed" start-time="2020-03-21 18:50:20Z" end-time="2020-03-21 18:50:20Z" duration="0.005011" total="1" passed="1" failed="0" inconclusive="0" skipped="0" asserts="3">
        <test-case id="0-1181" name="TestOpaqueExternalType" fullname="Kaitai.SpecOpaqueExternalType.TestOpaqueExternalType" methodname="TestOpaqueExternalType" classname="Kaitai.SpecOpaqueExternalType" runstate="Runnable" seed="332422953" result="Passed" start-time="2020-03-21 18:50:20Z" end-time="2020-03-21 18:50:20Z" duration="0.001249" asserts="3" />
      </test-suite>
      <test-suite type="TestFixture" id="0-1182" name="SpecOpaqueExternalType02Parent" fullname="Kaitai.SpecOpaqueExternalType02Parent" classname="Kaitai.SpecOpaqueExternalType02Parent" runstate="Runnable" testcasecount="1" result="Passed" start-time="2020-03-21 18:50:20Z" end-time="2020-03-21 18:50:20Z" duration="0.004995" total="1" passed="1" failed="0" inconclusive="0" skipped="0" asserts="3">
        <test-case id="0-1183" name="TestOpaqueExternalType02Parent" fullname="Kaitai.SpecOpaqueExternalType02Parent.TestOpaqueExternalType02Parent" methodname="TestOpaqueExternalType02Parent" classname="Kaitai.SpecOpaqueExternalType02Parent" runstate="Runnable" seed="1255440390" result="Passed" start-time="2020-03-21 18:50:20Z" end-time="2020-03-21 18:50:20Z" duration="0.001838" asserts="3" />
      </test-suite>
      <test-suite type="TestFixture" id="0-1184" name="SpecOpaqueWithParam" fullname="Kaitai.SpecOpaqueWithParam" classname="Kaitai.SpecOpaqueWithParam" runstate="Runnable" testcasecount="1" result="Passed" start-time="2020-03-21 18:50:20Z" end-time="2020-03-21 18:50:20Z" duration="0.005002" total="1" passed="1" failed="0" inconclusive="0" skipped="0" asserts="2">
        <test-case id="0-1185" name="TestOpaqueWithParam" fullname="Kaitai.SpecOpaqueWithParam.TestOpaqueWithParam" methodname="TestOpaqueWithParam" classname="Kaitai.SpecOpaqueWithParam" runstate="Runnable" seed="176426908" result="Passed" start-time="2020-03-21 18:50:20Z" end-time="2020-03-21 18:50:20Z" duration="0.001240" asserts="2" />
      </test-suite>
      <test-suite type="TestFixture" id="0-1186" name="SpecOptionalId" fullname="Kaitai.SpecOptionalId" classname="Kaitai.SpecOptionalId" runstate="Runnable" testcasecount="1" result="Passed" start-time="2020-03-21 18:50:20Z" end-time="2020-03-21 18:50:20Z" duration="0.005011" total="1" passed="1" failed="0" inconclusive="0" skipped="0" asserts="3">
        <test-case id="0-1187" name="TestOptionalId" fullname="Kaitai.SpecOptionalId.TestOptionalId" methodname="TestOptionalId" classname="Kaitai.SpecOptionalId" runstate="Runnable" seed="1483347077" result="Passed" start-time="2020-03-21 18:50:20Z" end-time="2020-03-21 18:50:20Z" duration="0.001023" asserts="3" />
      </test-suite>
      <test-suite type="TestFixture" id="0-1188" name="SpecParamsCallExtraParens" fullname="Kaitai.SpecParamsCallExtraParens" classname="Kaitai.SpecParamsCallExtraParens" runstate="Runnable" testcasecount="1" result="Passed" start-time="2020-03-21 18:50:20Z" end-time="2020-03-21 18:50:20Z" duration="0.005030" total="1" passed="1" failed="0" inconclusive="0" skipped="0" asserts="1">
        <test-case id="0-1189" name="TestParamsCallExtraParens" fullname="Kaitai.SpecParamsCallExtraParens.TestParamsCallExtraParens" methodname="TestParamsCallExtraParens" classname="Kaitai.SpecParamsCallExtraParens" runstate="Runnable" seed="1287254258" result="Passed" start-time="2020-03-21 18:50:20Z" end-time="2020-03-21 18:50:20Z" duration="0.001000" asserts="1" />
      </test-suite>
      <test-suite type="TestFixture" id="0-1190" name="SpecParamsCallShort" fullname="Kaitai.SpecParamsCallShort" classname="Kaitai.SpecParamsCallShort" runstate="Runnable" testcasecount="1" result="Passed" start-time="2020-03-21 18:50:20Z" end-time="2020-03-21 18:50:20Z" duration="0.004985" total="1" passed="1" failed="0" inconclusive="0" skipped="0" asserts="3">
        <test-case id="0-1191" name="TestParamsCallShort" fullname="Kaitai.SpecParamsCallShort.TestParamsCallShort" methodname="TestParamsCallShort" classname="Kaitai.SpecParamsCallShort" runstate="Runnable" seed="450400834" result="Passed" start-time="2020-03-21 18:50:20Z" end-time="2020-03-21 18:50:20Z" duration="0.001737" asserts="3" />
      </test-suite>
      <test-suite type="TestFixture" id="0-1192" name="SpecParamsDef" fullname="Kaitai.SpecParamsDef" classname="Kaitai.SpecParamsDef" runstate="Runnable" testcasecount="1" result="Passed" start-time="2020-03-21 18:50:20Z" end-time="2020-03-21 18:50:20Z" duration="0.004010" total="1" passed="1" failed="0" inconclusive="0" skipped="0" asserts="2">
        <test-case id="0-1193" name="TestParamsDef" fullname="Kaitai.SpecParamsDef.TestParamsDef" methodname="TestParamsDef" classname="Kaitai.SpecParamsDef" runstate="Runnable" seed="525127472" result="Passed" start-time="2020-03-21 18:50:20Z" end-time="2020-03-21 18:50:20Z" duration="0.000389" asserts="2" />
      </test-suite>
      <test-suite type="TestFixture" id="0-1194" name="SpecParamsEnum" fullname="Kaitai.SpecParamsEnum" classname="Kaitai.SpecParamsEnum" runstate="Runnable" testcasecount="1" result="Passed" start-time="2020-03-21 18:50:20Z" end-time="2020-03-21 18:50:20Z" duration="0.005023" total="1" passed="1" failed="0" inconclusive="0" skipped="0" asserts="2">
        <test-case id="0-1195" name="TestParamsEnum" fullname="Kaitai.SpecParamsEnum.TestParamsEnum" methodname="TestParamsEnum" classname="Kaitai.SpecParamsEnum" runstate="Runnable" seed="957462177" result="Passed" start-time="2020-03-21 18:50:20Z" end-time="2020-03-21 18:50:20Z" duration="0.001131" asserts="2" />
      </test-suite>
      <test-suite type="TestFixture" id="0-1196" name="SpecParamsPassUsertype" fullname="Kaitai.SpecParamsPassUsertype" classname="Kaitai.SpecParamsPassUsertype" runstate="Runnable" testcasecount="1" result="Passed" start-time="2020-03-21 18:50:20Z" end-time="2020-03-21 18:50:20Z" duration="0.005004" total="1" passed="1" failed="0" inconclusive="0" skipped="0" asserts="2">
        <test-case id="0-1197" name="TestParamsPassUsertype" fullname="Kaitai.SpecParamsPassUsertype.TestParamsPassUsertype" methodname="TestParamsPassUsertype" classname="Kaitai.SpecParamsPassUsertype" runstate="Runnable" seed="1801661198" result="Passed" start-time="2020-03-21 18:50:20Z" end-time="2020-03-21 18:50:20Z" duration="0.001360" asserts="2" />
      </test-suite>
      <test-suite type="TestFixture" id="0-1198" name="SpecPositionAbs" fullname="Kaitai.SpecPositionAbs" classname="Kaitai.SpecPositionAbs" runstate="Runnable" testcasecount="1" result="Passed" start-time="2020-03-21 18:50:20Z" end-time="2020-03-21 18:50:20Z" duration="0.005010" total="1" passed="1" failed="0" inconclusive="0" skipped="0" asserts="2">
        <test-case id="0-1199" name="TestPositionAbs" fullname="Kaitai.SpecPositionAbs.TestPositionAbs" methodname="TestPositionAbs" classname="Kaitai.SpecPositionAbs" runstate="Runnable" seed="1444180098" result="Passed" start-time="2020-03-21 18:50:20Z" end-time="2020-03-21 18:50:20Z" duration="0.001130" asserts="2" />
      </test-suite>
      <test-suite type="TestFixture" id="0-1200" name="SpecPositionInSeq" fullname="Kaitai.SpecPositionInSeq" classname="Kaitai.SpecPositionInSeq" runstate="Runnable" testcasecount="1" result="Passed" start-time="2020-03-21 18:50:20Z" end-time="2020-03-21 18:50:20Z" duration="0.005029" total="1" passed="1" failed="0" inconclusive="0" skipped="0" asserts="1">
        <test-case id="0-1201" name="TestPositionInSeq" fullname="Kaitai.SpecPositionInSeq.TestPositionInSeq" methodname="TestPositionInSeq" classname="Kaitai.SpecPositionInSeq" runstate="Runnable" seed="1377416888" result="Passed" start-time="2020-03-21 18:50:20Z" end-time="2020-03-21 18:50:20Z" duration="0.001829" asserts="1" />
      </test-suite>
      <test-suite type="TestFixture" id="0-1202" name="SpecPositionToEnd" fullname="Kaitai.SpecPositionToEnd" classname="Kaitai.SpecPositionToEnd" runstate="Runnable" testcasecount="1" result="Passed" start-time="2020-03-21 18:50:20Z" end-time="2020-03-21 18:50:20Z" duration="0.005011" total="1" passed="1" failed="0" inconclusive="0" skipped="0" asserts="2">
        <test-case id="0-1203" name="TestPositionToEnd" fullname="Kaitai.SpecPositionToEnd.TestPositionToEnd" methodname="TestPositionToEnd" classname="Kaitai.SpecPositionToEnd" runstate="Runnable" seed="317840585" result="Passed" start-time="2020-03-21 18:50:20Z" end-time="2020-03-21 18:50:20Z" duration="0.001173" asserts="2" />
      </test-suite>
      <test-suite type="TestFixture" id="0-1204" name="SpecProcessCoerceBytes" fullname="Kaitai.SpecProcessCoerceBytes" classname="Kaitai.SpecProcessCoerceBytes" runstate="Runnable" testcasecount="1" result="Passed" start-time="2020-03-21 18:50:20Z" end-time="2020-03-21 18:50:20Z" duration="0.004979" total="1" passed="1" failed="0" inconclusive="0" skipped="0" asserts="4">
        <test-case id="0-1205" name="TestProcessCoerceBytes" fullname="Kaitai.SpecProcessCoerceBytes.TestProcessCoerceBytes" methodname="TestProcessCoerceBytes" classname="Kaitai.SpecProcessCoerceBytes" runstate="Runnable" seed="98430133" result="Passed" start-time="2020-03-21 18:50:20Z" end-time="2020-03-21 18:50:20Z" duration="0.001894" asserts="4" />
      </test-suite>
      <test-suite type="TestFixture" id="0-1206" name="SpecProcessCoerceSwitch" fullname="Kaitai.SpecProcessCoerceSwitch" classname="Kaitai.SpecProcessCoerceSwitch" runstate="Runnable" testcasecount="1" result="Passed" start-time="2020-03-21 18:50:20Z" end-time="2020-03-21 18:50:20Z" duration="0.004991" total="1" passed="1" failed="0" inconclusive="0" skipped="0" asserts="3">
        <test-case id="0-1207" name="TestProcessCoerceSwitch" fullname="Kaitai.SpecProcessCoerceSwitch.TestProcessCoerceSwitch" methodname="TestProcessCoerceSwitch" classname="Kaitai.SpecProcessCoerceSwitch" runstate="Runnable" seed="82045272" result="Passed" start-time="2020-03-21 18:50:20Z" end-time="2020-03-21 18:50:20Z" duration="0.001752" asserts="3" />
      </test-suite>
      <test-suite type="TestFixture" id="0-1208" name="SpecProcessCoerceUsertype1" fullname="Kaitai.SpecProcessCoerceUsertype1" classname="Kaitai.SpecProcessCoerceUsertype1" runstate="Runnable" testcasecount="1" result="Passed" start-time="2020-03-21 18:50:20Z" end-time="2020-03-21 18:50:20Z" duration="0.006008" total="1" passed="1" failed="0" inconclusive="0" skipped="0" asserts="4">
        <test-case id="0-1209" name="TestProcessCoerceUsertype1" fullname="Kaitai.SpecProcessCoerceUsertype1.TestProcessCoerceUsertype1" methodname="TestProcessCoerceUsertype1" classname="Kaitai.SpecProcessCoerceUsertype1" runstate="Runnable" seed="398106427" result="Passed" start-time="2020-03-21 18:50:20Z" end-time="2020-03-21 18:50:20Z" duration="0.002012" asserts="4" />
      </test-suite>
      <test-suite type="TestFixture" id="0-1210" name="SpecProcessCoerceUsertype2" fullname="Kaitai.SpecProcessCoerceUsertype2" classname="Kaitai.SpecProcessCoerceUsertype2" runstate="Runnable" testcasecount="1" result="Passed" start-time="2020-03-21 18:50:20Z" end-time="2020-03-21 18:50:20Z" duration="0.006011" total="1" passed="1" failed="0" inconclusive="0" skipped="0" asserts="4">
        <test-case id="0-1211" name="TestProcessCoerceUsertype2" fullname="Kaitai.SpecProcessCoerceUsertype2.TestProcessCoerceUsertype2" methodname="TestProcessCoerceUsertype2" classname="Kaitai.SpecProcessCoerceUsertype2" runstate="Runnable" seed="1989517360" result="Passed" start-time="2020-03-21 18:50:20Z" end-time="2020-03-21 18:50:20Z" duration="0.002151" asserts="4" />
      </test-suite>
      <test-suite type="TestFixture" id="0-1212" name="SpecProcessCustom" fullname="Kaitai.SpecProcessCustom" classname="Kaitai.SpecProcessCustom" runstate="Runnable" testcasecount="1" result="Passed" start-time="2020-03-21 18:50:20Z" end-time="2020-03-21 18:50:20Z" duration="0.006011" total="1" passed="1" failed="0" inconclusive="0" skipped="0" asserts="3">
        <test-case id="0-1213" name="TestProcessCustom" fullname="Kaitai.SpecProcessCustom.TestProcessCustom" methodname="TestProcessCustom" classname="Kaitai.SpecProcessCustom" runstate="Runnable" seed="859243656" result="Passed" start-time="2020-03-21 18:50:20Z" end-time="2020-03-21 18:50:20Z" duration="0.002000" asserts="3" />
      </test-suite>
      <test-suite type="TestFixture" id="0-1214" name="SpecProcessCustomNoArgs" fullname="Kaitai.SpecProcessCustomNoArgs" classname="Kaitai.SpecProcessCustomNoArgs" runstate="Runnable" testcasecount="1" result="Passed" start-time="2020-03-21 18:50:20Z" end-time="2020-03-21 18:50:20Z" duration="0.003986" total="1" passed="1" failed="0" inconclusive="0" skipped="0" asserts="1">
        <test-case id="0-1215" name="TestProcessCustomNoArgs" fullname="Kaitai.SpecProcessCustomNoArgs.TestProcessCustomNoArgs" methodname="TestProcessCustomNoArgs" classname="Kaitai.SpecProcessCustomNoArgs" runstate="Runnable" seed="522665835" result="Passed" start-time="2020-03-21 18:50:20Z" end-time="2020-03-21 18:50:20Z" duration="0.000923" asserts="1" />
      </test-suite>
      <test-suite type="TestFixture" id="0-1216" name="SpecProcessRepeatBytes" fullname="Kaitai.SpecProcessRepeatBytes" classname="Kaitai.SpecProcessRepeatBytes" runstate="Runnable" testcasecount="1" result="Passed" start-time="2020-03-21 18:50:20Z" end-time="2020-03-21 18:50:20Z" duration="0.004989" total="1" passed="1" failed="0" inconclusive="0" skipped="0" asserts="2">
        <test-case id="0-1217" name="TestProcessRepeatBytes" fullname="Kaitai.SpecProcessRepeatBytes.TestProcessRepeatBytes" methodname="TestProcessRepeatBytes" classname="Kaitai.SpecProcessRepeatBytes" runstate="Runnable" seed="1583888054" result="Passed" start-time="2020-03-21 18:50:20Z" end-time="2020-03-21 18:50:20Z" duration="0.001055" asserts="2" />
      </test-suite>
[...]
      </test-suite>
      <test-suite type="TestFixture" id="0-1278" name="SpecSwitchManualEnum" fullname="Kaitai.SpecSwitchManualEnum" classname="Kaitai.SpecSwitchManualEnum" runstate="Runnable" testcasecount="1" result="Passed" start-time="2020-03-21 18:50:20Z" end-time="2020-03-21 18:50:20Z" duration="0.006042" total="1" passed="1" failed="0" inconclusive="0" skipped="0" asserts="9">
        <test-case id="0-1279" name="TestSwitchManualEnum" fullname="Kaitai.SpecSwitchManualEnum.TestSwitchManualEnum" methodname="TestSwitchManualEnum" classname="Kaitai.SpecSwitchManualEnum" runstate="Runnable" seed="1510291624" result="Passed" start-time="2020-03-21 18:50:20Z" end-time="2020-03-21 18:50:20Z" duration="0.002380" asserts="9" />
      </test-suite>
      <test-suite type="TestFixture" id="0-1280" name="SpecSwitchManualEnumInvalid" fullname="Kaitai.SpecSwitchManualEnumInvalid" classname="Kaitai.SpecSwitchManualEnumInvalid" runstate="Runnable" testcasecount="1" result="Passed" start-time="2020-03-21 18:50:20Z" end-time="2020-03-21 18:50:20Z" duration="0.005003" total="1" passed="1" failed="0" inconclusive="0" skipped="0" asserts="5">
        <test-case id="0-1281" name="TestSwitchManualEnumInvalid" fullname="Kaitai.SpecSwitchManualEnumInvalid.TestSwitchManualEnumInvalid" methodname="TestSwitchManualEnumInvalid" classname="Kaitai.SpecSwitchManualEnumInvalid" runstate="Runnable" seed="1358609299" result="Passed" start-time="2020-03-21 18:50:20Z" end-time="2020-03-21 18:50:20Z" duration="0.001549" asserts="5" />
      </test-suite>
      <test-suite type="TestFixture" id="0-1282" name="SpecSwitchManualEnumInvalidElse" fullname="Kaitai.SpecSwitchManualEnumInvalidElse" classname="Kaitai.SpecSwitchManualEnumInvalidElse" runstate="Runnable" testcasecount="1" result="Passed" start-time="2020-03-21 18:50:20Z" end-time="2020-03-21 18:50:20Z" duration="0.004975" total="1" passed="1" failed="0" inconclusive="0" skipped="0" asserts="5">
        <test-case id="0-1283" name="TestSwitchManualEnumInvalidElse" fullname="Kaitai.SpecSwitchManualEnumInvalidElse.TestSwitchManualEnumInvalidElse" methodname="TestSwitchManualEnumInvalidElse" classname="Kaitai.SpecSwitchManualEnumInvalidElse" runstate="Runnable" seed="1308541046" result="Passed" start-time="2020-03-21 18:50:20Z" end-time="2020-03-21 18:50:20Z" duration="0.001834" asserts="5" />
      </test-suite>
      <test-suite type="TestFixture" id="0-1284" name="SpecSwitchManualInt" fullname="Kaitai.SpecSwitchManualInt" classname="Kaitai.SpecSwitchManualInt" runstate="Runnable" testcasecount="1" result="Passed" start-time="2020-03-21 18:50:20Z" end-time="2020-03-21 18:50:20Z" duration="0.006009" total="1" passed="1" failed="0" inconclusive="0" skipped="0" asserts="9">
        <test-case id="0-1285" name="TestSwitchManualInt" fullname="Kaitai.SpecSwitchManualInt.TestSwitchManualInt" methodname="TestSwitchManualInt" classname="Kaitai.SpecSwitchManualInt" runstate="Runnable" seed="670297853" result="Passed" start-time="2020-03-21 18:50:20Z" end-time="2020-03-21 18:50:20Z" duration="0.002343" asserts="9" />
      </test-suite>
      <test-suite type="TestFixture" id="0-1286" name="SpecSwitchManualIntElse" fullname="Kaitai.SpecSwitchManualIntElse" classname="Kaitai.SpecSwitchManualIntElse" runstate="Runnable" testcasecount="1" result="Passed" start-time="2020-03-21 18:50:20Z" end-time="2020-03-21 18:50:20Z" duration="0.006021" total="1" passed="1" failed="0" inconclusive="0" skipped="0" asserts="9">
        <test-case id="0-1287" name="TestSwitchManualIntElse" fullname="Kaitai.SpecSwitchManualIntElse.TestSwitchManualIntElse" methodname="TestSwitchManualIntElse" classname="Kaitai.SpecSwitchManualIntElse" runstate="Runnable" seed="320185196" result="Passed" start-time="2020-03-21 18:50:20Z" end-time="2020-03-21 18:50:20Z" duration="0.002602" asserts="9" />
      </test-suite>
      <test-suite type="TestFixture" id="0-1288" name="SpecSwitchManualIntSize" fullname="Kaitai.SpecSwitchManualIntSize" classname="Kaitai.SpecSwitchManualIntSize" runstate="Runnable" testcasecount="1" result="Passed" start-time="2020-03-21 18:50:20Z" end-time="2020-03-21 18:50:20Z" duration="0.005991" total="1" passed="1" failed="0" inconclusive="0" skipped="0" asserts="10">
        <test-case id="0-1289" name="TestSwitchManualIntSize" fullname="Kaitai.SpecSwitchManualIntSize.TestSwitchManualIntSize" methodname="TestSwitchManualIntSize" classname="Kaitai.SpecSwitchManualIntSize" runstate="Runnable" seed="880863845" result="Passed" start-time="2020-03-21 18:50:20Z" end-time="2020-03-21 18:50:20Z" duration="0.002888" asserts="10" />
      </test-suite>
      <test-suite type="TestFixture" id="0-1290" name="SpecSwitchManualIntSizeElse" fullname="Kaitai.SpecSwitchManualIntSizeElse" classname="Kaitai.SpecSwitchManualIntSizeElse" runstate="Runnable" testcasecount="1" result="Passed" start-time="2020-03-21 18:50:20Z" end-time="2020-03-21 18:50:20Z" duration="0.007008" total="1" passed="1" failed="0" inconclusive="0" skipped="0" asserts="10">
        <test-case id="0-1291" name="TestSwitchManualIntSizeElse" fullname="Kaitai.SpecSwitchManualIntSizeElse.TestSwitchManualIntSizeElse" methodname="TestSwitchManualIntSizeElse" classname="Kaitai.SpecSwitchManualIntSizeElse" runstate="Runnable" seed="138443853" result="Passed" start-time="2020-03-21 18:50:20Z" end-time="2020-03-21 18:50:20Z" duration="0.003176" asserts="10" />
      </test-suite>
      <test-suite type="TestFixture" id="0-1292" name="SpecSwitchManualIntSizeEos" fullname="Kaitai.SpecSwitchManualIntSizeEos" classname="Kaitai.SpecSwitchManualIntSizeEos" runstate="Runnable" testcasecount="1" result="Passed" start-time="2020-03-21 18:50:20Z" end-time="2020-03-21 18:50:20Z" duration="0.007020" total="1" passed="1" failed="0" inconclusive="0" skipped="0" asserts="10">
        <test-case id="0-1293" name="TestSwitchManualIntSizeEos" fullname="Kaitai.SpecSwitchManualIntSizeEos.TestSwitchManualIntSizeEos" methodname="TestSwitchManualIntSizeEos" classname="Kaitai.SpecSwitchManualIntSizeEos" runstate="Runnable" seed="861673140" result="Passed" start-time="2020-03-21 18:50:20Z" end-time="2020-03-21 18:50:20Z" duration="0.003381" asserts="10" />
      </test-suite>
      <test-suite type="TestFixture" id="0-1294" name="SpecSwitchManualStr" fullname="Kaitai.SpecSwitchManualStr" classname="Kaitai.SpecSwitchManualStr" runstate="Runnable" testcasecount="1" result="Passed" start-time="2020-03-21 18:50:20Z" end-time="2020-03-21 18:50:20Z" duration="0.006006" total="1" passed="1" failed="0" inconclusive="0" skipped="0" asserts="9">
        <test-case id="0-1295" name="TestSwitchManualStr" fullname="Kaitai.SpecSwitchManualStr.TestSwitchManualStr" methodname="TestSwitchManualStr" classname="Kaitai.SpecSwitchManualStr" runstate="Runnable" seed="1642503336" result="Passed" start-time="2020-03-21 18:50:20Z" end-time="2020-03-21 18:50:20Z" duration="0.002535" asserts="9" />
      </test-suite>
      <test-suite type="TestFixture" id="0-1296" name="SpecSwitchManualStrElse" fullname="Kaitai.SpecSwitchManualStrElse" classname="Kaitai.SpecSwitchManualStrElse" runstate="Runnable" testcasecount="1" result="Passed" start-time="2020-03-21 18:50:20Z" end-time="2020-03-21 18:50:21Z" duration="0.006033" total="1" passed="1" failed="0" inconclusive="0" skipped="0" asserts="9">
        <test-case id="0-1297" name="TestSwitchManualStrElse" fullname="Kaitai.SpecSwitchManualStrElse.TestSwitchManualStrElse" methodname="TestSwitchManualStrElse" classname="Kaitai.SpecSwitchManualStrElse" runstate="Runnable" seed="1681969757" result="Passed" start-time="2020-03-21 18:50:20Z" end-time="2020-03-21 18:50:20Z" duration="0.002524" asserts="9" />
      </test-suite>
      <test-suite type="TestFixture" id="0-1298" name="SpecSwitchMultiBoolOps" fullname="Kaitai.SpecSwitchMultiBoolOps" classname="Kaitai.SpecSwitchMultiBoolOps" runstate="Runnable" testcasecount="1" result="Passed" start-time="2020-03-21 18:50:21Z" end-time="2020-03-21 18:50:21Z" duration="0.006053" total="1" passed="1" failed="0" inconclusive="0" skipped="0" asserts="9">
        <test-case id="0-1299" name="TestSwitchMultiBoolOps" fullname="Kaitai.SpecSwitchMultiBoolOps.TestSwitchMultiBoolOps" methodname="TestSwitchMultiBoolOps" classname="Kaitai.SpecSwitchMultiBoolOps" runstate="Runnable" seed="565535631" result="Passed" start-time="2020-03-21 18:50:21Z" end-time="2020-03-21 18:50:21Z" duration="0.002129" asserts="9" />
      </test-suite>
      <test-suite type="TestFixture" id="0-1300" name="SpecSwitchRepeatExpr" fullname="Kaitai.SpecSwitchRepeatExpr" classname="Kaitai.SpecSwitchRepeatExpr" runstate="Runnable" testcasecount="1" result="Passed" start-time="2020-03-21 18:50:21Z" end-time="2020-03-21 18:50:21Z" duration="0.004988" total="1" passed="1" failed="0" inconclusive="0" skipped="0" asserts="3">
        <test-case id="0-1301" name="TestSwitchRepeatExpr" fullname="Kaitai.SpecSwitchRepeatExpr.TestSwitchRepeatExpr" methodname="TestSwitchRepeatExpr" classname="Kaitai.SpecSwitchRepeatExpr" runstate="Runnable" seed="756082607" result="Passed" start-time="2020-03-21 18:50:21Z" end-time="2020-03-21 18:50:21Z" duration="0.001783" asserts="3" />
      </test-suite>
      <test-suite type="TestFixture" id="0-1302" name="SpecTermBytes" fullname="Kaitai.SpecTermBytes" classname="Kaitai.SpecTermBytes" runstate="Runnable" testcasecount="1" result="Passed" start-time="2020-03-21 18:50:21Z" end-time="2020-03-21 18:50:21Z" duration="0.005014" total="1" passed="1" failed="0" inconclusive="0" skipped="0" asserts="3">
        <test-case id="0-1303" name="TestTermBytes" fullname="Kaitai.SpecTermBytes.TestTermBytes" methodname="TestTermBytes" classname="Kaitai.SpecTermBytes" runstate="Runnable" seed="741482447" result="Passed" start-time="2020-03-21 18:50:21Z" end-time="2020-03-21 18:50:21Z" duration="0.001118" asserts="3" />
      </test-suite>
      <test-suite type="TestFixture" id="0-1304" name="SpecTermStrz" fullname="Kaitai.SpecTermStrz" classname="Kaitai.SpecTermStrz" runstate="Runnable" testcasecount="1" result="Passed" start-time="2020-03-21 18:50:21Z" end-time="2020-03-21 18:50:21Z" duration="0.004010" total="1" passed="1" failed="0" inconclusive="0" skipped="0" asserts="3">
        <test-case id="0-1305" name="TestTermStrz" fullname="Kaitai.SpecTermStrz.TestTermStrz" methodname="TestTermStrz" classname="Kaitai.SpecTermStrz" runstate="Runnable" seed="1917369889" result="Passed" start-time="2020-03-21 18:50:21Z" end-time="2020-03-21 18:50:21Z" duration="0.000459" asserts="3" />
      </test-suite>
      <test-suite type="TestFixture" id="0-1306" name="SpecTsPacketHeader" fullname="Kaitai.SpecTsPacketHeader" classname="Kaitai.SpecTsPacketHeader" runstate="Runnable" testcasecount="1" result="Passed" start-time="2020-03-21 18:50:21Z" end-time="2020-03-21 18:50:21Z" duration="0.004993" total="1" passed="1" failed="0" inconclusive="0" skipped="0" asserts="7">
        <test-case id="0-1307" name="TestTsPacketHeader" fullname="Kaitai.SpecTsPacketHeader.TestTsPacketHeader" methodname="TestTsPacketHeader" classname="Kaitai.SpecTsPacketHeader" runstate="Runnable" seed="1339361240" result="Passed" start-time="2020-03-21 18:50:21Z" end-time="2020-03-21 18:50:21Z" duration="0.001517" asserts="7" />
      </test-suite>
      <test-suite type="TestFixture" id="0-1308" name="SpecTypeIntUnaryOp" fullname="Kaitai.SpecTypeIntUnaryOp" classname="Kaitai.SpecTypeIntUnaryOp" runstate="Runnable" testcasecount="1" result="Passed" start-time="2020-03-21 18:50:21Z" end-time="2020-03-21 18:50:21Z" duration="0.005012" total="1" passed="1" failed="0" inconclusive="0" skipped="0" asserts="4">
        <test-case id="0-1309" name="TestTypeIntUnaryOp" fullname="Kaitai.SpecTypeIntUnaryOp.TestTypeIntUnaryOp" methodname="TestTypeIntUnaryOp" classname="Kaitai.SpecTypeIntUnaryOp" runstate="Runnable" seed="1725795555" result="Passed" start-time="2020-03-21 18:50:21Z" end-time="2020-03-21 18:50:21Z" duration="0.001103" asserts="4" />
      </test-suite>
      <test-suite type="TestFixture" id="0-1310" name="SpecTypeTernary" fullname="Kaitai.SpecTypeTernary" classname="Kaitai.SpecTypeTernary" runstate="Runnable" testcasecount="1" result="Passed" start-time="2020-03-21 18:50:21Z" end-time="2020-03-21 18:50:21Z" duration="0.005031" total="1" passed="1" failed="0" inconclusive="0" skipped="0" asserts="1">
        <test-case id="0-1311" name="TestTypeTernary" fullname="Kaitai.SpecTypeTernary.TestTypeTernary" methodname="TestTypeTernary" classname="Kaitai.SpecTypeTernary" runstate="Runnable" seed="968033197" result="Passed" start-time="2020-03-21 18:50:21Z" end-time="2020-03-21 18:50:21Z" duration="0.001413" asserts="1" />
      </test-suite>
      <test-suite type="TestFixture" id="0-1312" name="SpecTypeTernaryOpaque" fullname="Kaitai.SpecTypeTernaryOpaque" classname="Kaitai.SpecTypeTernaryOpaque" runstate="Runnable" testcasecount="1" result="Passed" start-time="2020-03-21 18:50:21Z" end-time="2020-03-21 18:50:21Z" duration="0.005033" total="1" passed="1" failed="0" inconclusive="0" skipped="0" asserts="3">
        <test-case id="0-1313" name="TestTypeTernaryOpaque" fullname="Kaitai.SpecTypeTernaryOpaque.TestTypeTernaryOpaque" methodname="TestTypeTernaryOpaque" classname="Kaitai.SpecTypeTernaryOpaque" runstate="Runnable" seed="741857841" result="Passed" start-time="2020-03-21 18:50:21Z" end-time="2020-03-21 18:50:21Z" duration="0.001188" asserts="3" />
      </test-suite>
      <test-suite type="TestFixture" id="0-1314" name="SpecUserType" fullname="Kaitai.SpecUserType" classname="Kaitai.SpecUserType" runstate="Runnable" testcasecount="1" result="Passed" start-time="2020-03-21 18:50:21Z" end-time="2020-03-21 18:50:21Z" duration="0.005023" total="1" passed="1" failed="0" inconclusive="0" skipped="0" asserts="2">
        <test-case id="0-1315" name="TestUserType" fullname="Kaitai.SpecUserType.TestUserType" methodname="TestUserType" classname="Kaitai.SpecUserType" runstate="Runnable" seed="1283782743" result="Passed" start-time="2020-03-21 18:50:21Z" end-time="2020-03-21 18:50:21Z" duration="0.001137" asserts="2" />
      </test-suite>
      <test-suite type="TestFixture" id="0-1316" name="SpecValidFailEqBytes" fullname="Kaitai.SpecValidFailEqBytes" classname="Kaitai.SpecValidFailEqBytes" runstate="Runnable" testcasecount="1" result="Passed" start-time="2020-03-21 18:50:21Z" end-time="2020-03-21 18:50:21Z" duration="0.005024" total="1" passed="1" failed="0" inconclusive="0" skipped="0" asserts="1">
        <test-case id="0-1317" name="TestValidFailEqBytes" fullname="Kaitai.SpecValidFailEqBytes.TestValidFailEqBytes" methodname="TestValidFailEqBytes" classname="Kaitai.SpecValidFailEqBytes" runstate="Runnable" seed="1603715859" result="Passed" start-time="2020-03-21 18:50:21Z" end-time="2020-03-21 18:50:21Z" duration="0.001929" asserts="1" />
      </test-suite>
      <test-suite type="TestFixture" id="0-1318" name="SpecValidFailEqInt" fullname="Kaitai.SpecValidFailEqInt" classname="Kaitai.SpecValidFailEqInt" runstate="Runnable" testcasecount="1" result="Passed" start-time="2020-03-21 18:50:21Z" end-time="2020-03-21 18:50:21Z" duration="0.005024" total="1" passed="1" failed="0" inconclusive="0" skipped="0" asserts="1">
        <test-case id="0-1319" name="TestValidFailEqInt" fullname="Kaitai.SpecValidFailEqInt.TestValidFailEqInt" methodname="TestValidFailEqInt" classname="Kaitai.SpecValidFailEqInt" runstate="Runnable" seed="1269987031" result="Passed" start-time="2020-03-21 18:50:21Z" end-time="2020-03-21 18:50:21Z" duration="0.001096" asserts="1" />
      </test-suite>
      <test-suite type="TestFixture" id="0-1320" name="SpecValidFailInst" fullname="Kaitai.SpecValidFailInst" classname="Kaitai.SpecValidFailInst" runstate="Runnable" testcasecount="1" result="Passed" start-time="2020-03-21 18:50:21Z" end-time="2020-03-21 18:50:21Z" duration="0.005311" total="1" passed="1" failed="0" inconclusive="0" skipped="0" asserts="1">
        <test-case id="0-1321" name="TestValidFailInst" fullname="Kaitai.SpecValidFailInst.TestValidFailInst" methodname="TestValidFailInst" classname="Kaitai.SpecValidFailInst" runstate="Runnable" seed="234274974" result="Passed" start-time="2020-03-21 18:50:21Z" end-time="2020-03-21 18:50:21Z" duration="0.001084" asserts="1" />
      </test-suite>
      <test-suite type="TestFixture" id="0-1322" name="SpecValidLong" fullname="Kaitai.SpecValidLong" classname="Kaitai.SpecValidLong" runstate="Runnable" testcasecount="1" result="Passed" start-time="2020-03-21 18:50:21Z" end-time="2020-03-21 18:50:21Z" duration="0.005989" total="1" passed="1" failed="0" inconclusive="0" skipped="0" asserts="0">
        <test-case id="0-1323" name="TestValidLong" fullname="Kaitai.SpecValidLong.TestValidLong" methodname="TestValidLong" classname="Kaitai.SpecValidLong" runstate="Runnable" seed="2073905173" result="Passed" start-time="2020-03-21 18:50:21Z" end-time="2020-03-21 18:50:21Z" duration="0.002449" asserts="0" />
      </test-suite>
      <test-suite type="TestFixture" id="0-1324" name="SpecValidNotParsedIf" fullname="Kaitai.SpecValidNotParsedIf" classname="Kaitai.SpecValidNotParsedIf" runstate="Runnable" testcasecount="1" result="Passed" start-time="2020-03-21 18:50:21Z" end-time="2020-03-21 18:50:21Z" duration="0.004007" total="1" passed="1" failed="0" inconclusive="0" skipped="0" asserts="0">
        <test-case id="0-1325" name="TestValidNotParsedIf" fullname="Kaitai.SpecValidNotParsedIf.TestValidNotParsedIf" methodname="TestValidNotParsedIf" classname="Kaitai.SpecValidNotParsedIf" runstate="Runnable" seed="2133136151" result="Passed" start-time="2020-03-21 18:50:21Z" end-time="2020-03-21 18:50:21Z" duration="0.000874" asserts="0" />
      </test-suite>
      <test-suite type="TestFixture" id="0-1326" name="SpecValidShort" fullname="Kaitai.SpecValidShort" classname="Kaitai.SpecValidShort" runstate="Runnable" testcasecount="1" result="Passed" start-time="2020-03-21 18:50:21Z" end-time="2020-03-21 18:50:21Z" duration="0.006036" total="1" passed="1" failed="0" inconclusive="0" skipped="0" asserts="0">
        <test-case id="0-1327" name="TestValidShort" fullname="Kaitai.SpecValidShort.TestValidShort" methodname="TestValidShort" classname="Kaitai.SpecValidShort" runstate="Runnable" seed="1323440452" result="Passed" start-time="2020-03-21 18:50:21Z" end-time="2020-03-21 18:50:21Z" duration="0.002569" asserts="0" />
      </test-suite>
      <test-suite type="TestFixture" id="0-1328" name="SpecValidSwitch" fullname="Kaitai.SpecValidSwitch" classname="Kaitai.SpecValidSwitch" runstate="Runnable" testcasecount="1" result="Passed" start-time="2020-03-21 18:50:21Z" end-time="2020-03-21 18:50:21Z" duration="0.005009" total="1" passed="1" failed="0" inconclusive="0" skipped="0" asserts="0">
        <test-case id="0-1329" name="TestValidSwitch" fullname="Kaitai.SpecValidSwitch.TestValidSwitch" methodname="TestValidSwitch" classname="Kaitai.SpecValidSwitch" runstate="Runnable" seed="636640061" result="Passed" start-time="2020-03-21 18:50:21Z" end-time="2020-03-21 18:50:21Z" duration="0.000959" asserts="0" />
      </test-suite>
      <test-suite type="TestFixture" id="0-1330" name="SpecZlibWithHeader78" fullname="Kaitai.SpecZlibWithHeader78" classname="Kaitai.SpecZlibWithHeader78" runstate="Runnable" testcasecount="1" result="Passed" start-time="2020-03-21 18:50:21Z" end-time="2020-03-21 18:50:21Z" duration="0.023406" total="1" passed="1" failed="0" inconclusive="0" skipped="0" asserts="1">
        <test-case id="0-1331" name="TestZlibWithHeader78" fullname="Kaitai.SpecZlibWithHeader78.TestZlibWithHeader78" methodname="TestZlibWithHeader78" classname="Kaitai.SpecZlibWithHeader78" runstate="Runnable" seed="1720587740" result="Passed" start-time="2020-03-21 18:50:21Z" end-time="2020-03-21 18:50:21Z" duration="0.019322" asserts="1" />
      </test-suite>
    </test-suite>
  </test-suite>
</test-run>