<?xml version="1.0" encoding="utf-8" standalone="no"?>
<test-run id="2" testcasecount="144" result="Passed" total="144" passed="144" failed="0" inconclusive="0" skipped="0" asserts="689" engine-version="3.4.1.0" clr-version="4.0.30319.42000" start-time="2019-04-23 15:17:00Z" end-time="2019-04-23 15:17:02Z" duration="2.067865">
  <command-line><![CDATA[spec/csharp/packages/NUnit.ConsoleRunner.3.4.1/tools/nunit3-console.exe --result=test_out/csharp/TestResult.xml spec/csharp/kaitai_struct_csharp_tests/bin/Debug/kaitai_struct_csharp_tests.dll]]></command-line>
  <test-suite type="Assembly" id="0-1288" name="kaitai_struct_csharp_tests.dll" fullname="C:\projects\ci-targets\tests\spec\csharp\kaitai_struct_csharp_tests\bin\Debug\kaitai_struct_csharp_tests.dll" runstate="Runnable" testcasecount="144" result="Passed" start-time="2019-04-23 15:17:00Z" end-time="2019-04-23 15:17:02Z" duration="1.918786" total="144" passed="144" failed="0" inconclusive="0" skipped="0" asserts="689">
    <environment framework-version="3.4.1.0" clr-version="4.0.30319.42000" os-version="Microsoft Windows NT 10.0.14393.0" platform="Win32NT" cwd="C:\projects\ci-targets\tests" machine-name="APPVYR-WIN" user="appveyor" user-domain="APPVYR-WIN" culture="en-US" uiculture="en-US" os-architecture="x64" />
    <settings>
      <setting name="WorkDirectory" value="C:\projects\ci-targets\tests" />
      <setting name="ImageRuntimeVersion" value="4.0.30319" />
      <setting name="ImageTargetFrameworkName" value=".NETFramework,Version=v4.5" />
      <setting name="ImageRequiresX86" value="False" />
      <setting name="ImageRequiresDefaultAppDomainAssemblyResolver" value="False" />
      <setting name="NumberOfTestWorkers" value="2" />
    </settings>
    <properties>
      <property name="_PID" value="2336" />
      <property name="_APPDOMAIN" value="test-domain-" />
    </properties>
    <test-suite type="TestSuite" id="0-1289" name="Kaitai" fullname="Kaitai" runstate="Runnable" testcasecount="144" result="Passed" start-time="2019-04-23 15:17:01Z" end-time="2019-04-23 15:17:02Z" duration="1.878004" total="144" passed="144" failed="0" inconclusive="0" skipped="0" asserts="689">
      <test-suite type="TestFixture" id="0-1000" name="SpecBcdUserTypeBe" fullname="Kaitai.SpecBcdUserTypeBe" classname="Kaitai.SpecBcdUserTypeBe" runstate="Runnable" testcasecount="1" result="Passed" start-time="2019-04-23 15:17:01Z" end-time="2019-04-23 15:17:01Z" duration="0.058565" total="1" passed="1" failed="0" inconclusive="0" skipped="0" asserts="6">
        <test-case id="0-1001" name="TestBcdUserTypeBe" fullname="Kaitai.SpecBcdUserTypeBe.TestBcdUserTypeBe" methodname="TestBcdUserTypeBe" classname="Kaitai.SpecBcdUserTypeBe" runstate="Runnable" seed="745171366" result="Passed" start-time="2019-04-23 15:17:01Z" end-time="2019-04-23 15:17:01Z" duration="0.039834" asserts="6" />
      </test-suite>
      <test-suite type="TestFixture" id="0-1002" name="SpecBcdUserTypeLe" fullname="Kaitai.SpecBcdUserTypeLe" classname="Kaitai.SpecBcdUserTypeLe" runstate="Runnable" testcasecount="1" result="Passed" start-time="2019-04-23 15:17:01Z" end-time="2019-04-23 15:17:01Z" duration="0.022427" total="1" passed="1" failed="0" inconclusive="0" skipped="0" asserts="6">
        <test-case id="0-1003" name="TestBcdUserTypeLe" fullname="Kaitai.SpecBcdUserTypeLe.TestBcdUserTypeLe" methodname="TestBcdUserTypeLe" classname="Kaitai.SpecBcdUserTypeLe" runstate="Runnable" seed="447486602" result="Passed" start-time="2019-04-23 15:17:01Z" end-time="2019-04-23 15:17:01Z" duration="0.018143" asserts="6" />
      </test-suite>
      <test-suite type="TestFixture" id="0-1004" name="SpecBitsByteAligned" fullname="Kaitai.SpecBitsByteAligned" classname="Kaitai.SpecBitsByteAligned" runstate="Runnable" testcasecount="1" result="Passed" start-time="2019-04-23 15:17:01Z" end-time="2019-04-23 15:17:01Z" duration="0.025550" total="1" passed="1" failed="0" inconclusive="0" skipped="0" asserts="9">
        <test-case id="0-1005" name="TestBitsByteAligned" fullname="Kaitai.SpecBitsByteAligned.TestBitsByteAligned" methodname="TestBitsByteAligned" classname="Kaitai.SpecBitsByteAligned" runstate="Runnable" seed="1726004108" result="Passed" start-time="2019-04-23 15:17:01Z" end-time="2019-04-23 15:17:01Z" duration="0.020459" asserts="9" />
      </test-suite>
      <test-suite type="TestFixture" id="0-1006" name="SpecBitsEnum" fullname="Kaitai.SpecBitsEnum" classname="Kaitai.SpecBitsEnum" runstate="Runnable" testcasecount="1" result="Passed" start-time="2019-04-23 15:17:01Z" end-time="2019-04-23 15:17:01Z" duration="0.010077" total="1" passed="1" failed="0" inconclusive="0" skipped="0" asserts="3">
        <test-case id="0-1007" name="TestBitsEnum" fullname="Kaitai.SpecBitsEnum.TestBitsEnum" methodname="TestBitsEnum" classname="Kaitai.SpecBitsEnum" runstate="Runnable" seed="117669344" result="Passed" start-time="2019-04-23 15:17:01Z" end-time="2019-04-23 15:17:01Z" duration="0.002893" asserts="3" />
      </test-suite>
      <test-suite type="TestFixture" id="0-1008" name="SpecBitsSimple" fullname="Kaitai.SpecBitsSimple" classname="Kaitai.SpecBitsSimple" runstate="Runnable" testcasecount="1" result="Passed" start-time="2019-04-23 15:17:01Z" end-time="2019-04-23 15:17:01Z" duration="0.012812" total="1" passed="1" failed="0" inconclusive="0" skipped="0" asserts="14">
        <test-case id="0-1009" name="TestBitsSimple" fullname="Kaitai.SpecBitsSimple.TestBitsSimple" methodname="TestBitsSimple" classname="Kaitai.SpecBitsSimple" runstate="Runnable" seed="987499989" result="Passed" start-time="2019-04-23 15:17:01Z" end-time="2019-04-23 15:17:01Z" duration="0.009419" asserts="14" />
      </test-suite>
      <test-suite type="TestFixture" id="0-1010" name="SpecBufferedStruct" fullname="Kaitai.SpecBufferedStruct" classname="Kaitai.SpecBufferedStruct" runstate="Runnable" testcasecount="1" result="Passed" start-time="2019-04-23 15:17:01Z" end-time="2019-04-23 15:17:01Z" duration="0.008917" total="1" passed="1" failed="0" inconclusive="0" skipped="0" asserts="7">
        <test-case id="0-1011" name="TestBufferedStruct" fullname="Kaitai.SpecBufferedStruct.TestBufferedStruct" methodname="TestBufferedStruct" classname="Kaitai.SpecBufferedStruct" runstate="Runnable" seed="2130640348" result="Passed" start-time="2019-04-23 15:17:01Z" end-time="2019-04-23 15:17:01Z" duration="0.004211" asserts="7" />
      </test-suite>
      <test-suite type="TestFixture" id="0-1012" name="SpecBytesPadTerm" fullname="Kaitai.SpecBytesPadTerm" classname="Kaitai.SpecBytesPadTerm" runstate="Runnable" testcasecount="1" result="Passed" start-time="2019-04-23 15:17:01Z" end-time="2019-04-23 15:17:01Z" duration="0.006022" total="1" passed="1" failed="0" inconclusive="0" skipped="0" asserts="4">
        <test-case id="0-1013" name="TestBytesPadTerm" fullname="Kaitai.SpecBytesPadTerm.TestBytesPadTerm" methodname="TestBytesPadTerm" classname="Kaitai.SpecBytesPadTerm" runstate="Runnable" seed="1482711543" result="Passed" start-time="2019-04-23 15:17:01Z" end-time="2019-04-23 15:17:01Z" duration="0.002715" asserts="4" />
      </test-suite>
      <test-suite type="TestFixture" id="0-1014" name="SpecCastNested" fullname="Kaitai.SpecCastNested" classname="Kaitai.SpecCastNested" runstate="Runnable" testcasecount="1" result="Passed" start-time="2019-04-23 15:17:01Z" end-time="2019-04-23 15:17:01Z" duration="0.009035" total="1" passed="1" failed="0" inconclusive="0" skipped="0" asserts="4">
        <test-case id="0-1015" name="TestCastNested" fullname="Kaitai.SpecCastNested.TestCastNested" methodname="TestCastNested" classname="Kaitai.SpecCastNested" runstate="Runnable" seed="882881235" result="Passed" start-time="2019-04-23 15:17:01Z" end-time="2019-04-23 15:17:01Z" duration="0.005894" asserts="4" />
      </test-suite>
      <test-suite type="TestFixture" id="0-1016" name="SpecCastToImported" fullname="Kaitai.SpecCastToImported" classname="Kaitai.SpecCastToImported" runstate="Runnable" testcasecount="1" result="Passed" start-time="2019-04-23 15:17:01Z" end-time="2019-04-23 15:17:01Z" duration="0.004984" total="1" passed="1" failed="0" inconclusive="0" skipped="0" asserts="2">
        <test-case id="0-1017" name="TestCastToImported" fullname="Kaitai.SpecCastToImported.TestCastToImported" methodname="TestCastToImported" classname="Kaitai.SpecCastToImported" runstate="Runnable" seed="1300229046" result="Passed" start-time="2019-04-23 15:17:01Z" end-time="2019-04-23 15:17:01Z" duration="0.001918" asserts="2" />
      </test-suite>
      <test-suite type="TestFixture" id="0-1018" name="SpecCastToTop" fullname="Kaitai.SpecCastToTop" classname="Kaitai.SpecCastToTop" runstate="Runnable" testcasecount="1" result="Passed" start-time="2019-04-23 15:17:01Z" end-time="2019-04-23 15:17:01Z" duration="0.005858" total="1" passed="1" failed="0" inconclusive="0" skipped="0" asserts="3">
        <test-case id="0-1019" name="TestCastToTop" fullname="Kaitai.SpecCastToTop.TestCastToTop" methodname="TestCastToTop" classname="Kaitai.SpecCastToTop" runstate="Runnable" seed="1214111910" result="Passed" start-time="2019-04-23 15:17:01Z" end-time="2019-04-23 15:17:01Z" duration="0.002756" asserts="3" />
      </test-suite>
      <test-suite type="TestFixture" id="0-1020" name="SpecDebug0" fullname="Kaitai.SpecDebug0" classname="Kaitai.SpecDebug0" runstate="Runnable" testcasecount="1" result="Passed" start-time="2019-04-23 15:17:01Z" end-time="2019-04-23 15:17:01Z" duration="0.004019" total="1" passed="1" failed="0" inconclusive="0" skipped="0" asserts="0">
        <test-case id="0-1021" name="TestDebug0" fullname="Kaitai.SpecDebug0.TestDebug0" methodname="TestDebug0" classname="Kaitai.SpecDebug0" runstate="Runnable" seed="1671310620" result="Passed" start-time="2019-04-23 15:17:01Z" end-time="2019-04-23 15:17:01Z" duration="0.000230" asserts="0" />
      </test-suite>
      <test-suite type="TestFixture" id="0-1022" name="SpecDebugArrayUser" fullname="Kaitai.SpecDebugArrayUser" classname="Kaitai.SpecDebugArrayUser" runstate="Runnable" testcasecount="1" result="Passed" start-time="2019-04-23 15:17:01Z" end-time="2019-04-23 15:17:01Z" duration="0.007004" total="1" passed="1" failed="0" inconclusive="0" skipped="0" asserts="4">
        <test-case id="0-1023" name="TestDebugArrayUser" fullname="Kaitai.SpecDebugArrayUser.TestDebugArrayUser" methodname="TestDebugArrayUser" classname="Kaitai.SpecDebugArrayUser" runstate="Runnable" seed="2112536989" result="Passed" start-time="2019-04-23 15:17:01Z" end-time="2019-04-23 15:17:01Z" duration="0.003693" asserts="4" />
      </test-suite>
      <test-suite type="TestFixture" id="0-1024" name="SpecDebugEnumName" fullname="Kaitai.SpecDebugEnumName" classname="Kaitai.SpecDebugEnumName" runstate="Runnable" testcasecount="1" result="Passed" start-time="2019-04-23 15:17:01Z" end-time="2019-04-23 15:17:01Z" duration="0.004007" total="1" passed="1" failed="0" inconclusive="0" skipped="0" asserts="0">
        <test-case id="0-1025" name="TestDebugEnumName" fullname="Kaitai.SpecDebugEnumName.TestDebugEnumName" methodname="TestDebugEnumName" classname="Kaitai.SpecDebugEnumName" runstate="Runnable" seed="724420435" result="Passed" start-time="2019-04-23 15:17:01Z" end-time="2019-04-23 15:17:01Z" duration="0.000238" asserts="0" />
      </test-suite>
      <test-suite type="TestFixture" id="0-1026" name="SpecDefaultBigEndian" fullname="Kaitai.SpecDefaultBigEndian" classname="Kaitai.SpecDefaultBigEndian" runstate="Runnable" testcasecount="1" result="Passed" start-time="2019-04-23 15:17:01Z" end-time="2019-04-23 15:17:01Z" duration="0.005013" total="1" passed="1" failed="0" inconclusive="0" skipped="0" asserts="1">
        <test-case id="0-1027" name="TestDefaultBigEndian" fullname="Kaitai.SpecDefaultBigEndian.TestDefaultBigEndian" methodname="TestDefaultBigEndian" classname="Kaitai.SpecDefaultBigEndian" runstate="Runnable" seed="1426153594" result="Passed" start-time="2019-04-23 15:17:01Z" end-time="2019-04-23 15:17:01Z" duration="0.001510" asserts="1" />
      </test-suite>
      <test-suite type="TestFixture" id="0-1028" name="SpecDefaultEndianExprException" fullname="Kaitai.SpecDefaultEndianExprException" classname="Kaitai.SpecDefaultEndianExprException" runstate="Runnable" testcasecount="1" result="Passed" start-time="2019-04-23 15:17:01Z" end-time="2019-04-23 15:17:01Z" duration="0.030158" total="1" passed="1" failed="0" inconclusive="0" skipped="0" asserts="1">
        <test-case id="0-1029" name="TestDefaultEndianExprException" fullname="Kaitai.SpecDefaultEndianExprException.TestDefaultEndianExprException" methodname="TestDefaultEndianExprException" classname="Kaitai.SpecDefaultEndianExprException" runstate="Runnable" seed="1795869804" result="Passed" start-time="2019-04-23 15:17:01Z" end-time="2019-04-23 15:17:01Z" duration="0.027063" asserts="1" />
      </test-suite>
      <test-suite type="TestFixture" id="0-1030" name="SpecDefaultEndianExprInherited" fullname="Kaitai.SpecDefaultEndianExprInherited" classname="Kaitai.SpecDefaultEndianExprInherited" runstate="Runnable" testcasecount="1" result="Passed" start-time="2019-04-23 15:17:01Z" end-time="2019-04-23 15:17:01Z" duration="0.012023" total="1" passed="1" failed="0" inconclusive="0" skipped="0" asserts="15">
        <test-case id="0-1031" name="TestDefaultEndianExprInherited" fullname="Kaitai.SpecDefaultEndianExprInherited.TestDefaultEndianExprInherited" methodname="TestDefaultEndianExprInherited" classname="Kaitai.SpecDefaultEndianExprInherited" runstate="Runnable" seed="120417062" result="Passed" start-time="2019-04-23 15:17:01Z" end-time="2019-04-23 15:17:01Z" duration="0.008295" asserts="15" />
      </test-suite>
      <test-suite type="TestFixture" id="0-1032" name="SpecDefaultEndianExprIsBe" fullname="Kaitai.SpecDefaultEndianExprIsBe" classname="Kaitai.SpecDefaultEndianExprIsBe" runstate="Runnable" testcasecount="1" result="Passed" start-time="2019-04-23 15:17:01Z" end-time="2019-04-23 15:17:01Z" duration="0.019835" total="1" passed="1" failed="0" inconclusive="0" skipped="0" asserts="18">
        <test-case id="0-1033" name="TestDefaultEndianExprIsBe" fullname="Kaitai.SpecDefaultEndianExprIsBe.TestDefaultEndianExprIsBe" methodname="TestDefaultEndianExprIsBe" classname="Kaitai.SpecDefaultEndianExprIsBe" runstate="Runnable" seed="1069518490" result="Passed" start-time="2019-04-23 15:17:01Z" end-time="2019-04-23 15:17:01Z" duration="0.013191" asserts="18" />
      </test-suite>
      <test-suite type="TestFixture" id="0-1034" name="SpecDefaultEndianExprIsLe" fullname="Kaitai.SpecDefaultEndianExprIsLe" classname="Kaitai.SpecDefaultEndianExprIsLe" runstate="Runnable" testcasecount="1" result="Passed" start-time="2019-04-23 15:17:01Z" end-time="2019-04-23 15:17:01Z" duration="0.007836" total="1" passed="1" failed="0" inconclusive="0" skipped="0" asserts="12">
        <test-case id="0-1035" name="TestDefaultEndianExprIsLe" fullname="Kaitai.SpecDefaultEndianExprIsLe.TestDefaultEndianExprIsLe" methodname="TestDefaultEndianExprIsLe" classname="Kaitai.SpecDefaultEndianExprIsLe" runstate="Runnable" seed="706796986" result="Passed" start-time="2019-04-23 15:17:01Z" end-time="2019-04-23 15:17:01Z" duration="0.004371" asserts="12" />
      </test-suite>
      <test-suite type="TestFixture" id="0-1036" name="SpecDefaultEndianMod" fullname="Kaitai.SpecDefaultEndianMod" classname="Kaitai.SpecDefaultEndianMod" runstate="Runnable" testcasecount="1" result="Passed" start-time="2019-04-23 15:17:01Z" end-time="2019-04-23 15:17:01Z" duration="0.007116" total="1" passed="1" failed="0" inconclusive="0" skipped="0" asserts="3">
        <test-case id="0-1037" name="TestDefaultEndianMod" fullname="Kaitai.SpecDefaultEndianMod.TestDefaultEndianMod" methodname="TestDefaultEndianMod" classname="Kaitai.SpecDefaultEndianMod" runstate="Runnable" seed="134706602" result="Passed" start-time="2019-04-23 15:17:01Z" end-time="2019-04-23 15:17:01Z" duration="0.003149" asserts="3" />
      </test-suite>
      <test-suite type="TestFixture" id="0-1038" name="SpecDocstrings" fullname="Kaitai.SpecDocstrings" classname="Kaitai.SpecDocstrings" runstate="Runnable" testcasecount="1" result="Passed" start-time="2019-04-23 15:17:01Z" end-time="2019-04-23 15:17:01Z" duration="0.004015" total="1" passed="1" failed="0" inconclusive="0" skipped="0" asserts="0">
        <test-case id="0-1039" name="TestDocstrings" fullname="Kaitai.SpecDocstrings.TestDocstrings" methodname="TestDocstrings" classname="Kaitai.SpecDocstrings" runstate="Runnable" seed="1478514613" result="Passed" start-time="2019-04-23 15:17:01Z" end-time="2019-04-23 15:17:01Z" duration="0.000874" asserts="0" />
      </test-suite>
      <test-suite type="TestFixture" id="0-1040" name="SpecDocstringsDocref" fullname="Kaitai.SpecDocstringsDocref" classname="Kaitai.SpecDocstringsDocref" runstate="Runnable" testcasecount="1" result="Passed" start-time="2019-04-23 15:17:01Z" end-time="2019-04-23 15:17:01Z" duration="0.004279" total="1" passed="1" failed="0" inconclusive="0" skipped="0" asserts="0">
        <test-case id="0-1041" name="TestDocstringsDocref" fullname="Kaitai.SpecDocstringsDocref.TestDocstringsDocref" methodname="TestDocstringsDocref" classname="Kaitai.SpecDocstringsDocref" runstate="Runnable" seed="359047370" result="Passed" start-time="2019-04-23 15:17:01Z" end-time="2019-04-23 15:17:01Z" duration="0.000953" asserts="0" />
      </test-suite>
      <test-suite type="TestFixture" id="0-1042" name="SpecDocstringsDocrefMulti" fullname="Kaitai.SpecDocstringsDocrefMulti" classname="Kaitai.SpecDocstringsDocrefMulti" runstate="Runnable" testcasecount="1" result="Passed" start-time="2019-04-23 15:17:01Z" end-time="2019-04-23 15:17:01Z" duration="0.004010" total="1" passed="1" failed="0" inconclusive="0" skipped="0" asserts="0">
        <test-case id="0-1043" name="TestDocstringsDocrefMulti" fullname="Kaitai.SpecDocstringsDocrefMulti.TestDocstringsDocrefMulti" methodname="TestDocstringsDocrefMulti" classname="Kaitai.SpecDocstringsDocrefMulti" runstate="Runnable" seed="2146175549" result="Passed" start-time="2019-04-23 15:17:01Z" end-time="2019-04-23 15:17:01Z" duration="0.000723" asserts="0" />
      </test-suite>
      <test-suite type="TestFixture" id="0-1044" name="SpecEnum0" fullname="Kaitai.SpecEnum0" classname="Kaitai.SpecEnum0" runstate="Runnable" testcasecount="1" result="Passed" start-time="2019-04-23 15:17:01Z" end-time="2019-04-23 15:17:01Z" duration="0.004618" total="1" passed="1" failed="0" inconclusive="0" skipped="0" asserts="2">
        <test-case id="0-1045" name="TestEnum0" fullname="Kaitai.SpecEnum0.TestEnum0" methodname="TestEnum0" classname="Kaitai.SpecEnum0" runstate="Runnable" seed="1625774012" result="Passed" start-time="2019-04-23 15:17:01Z" end-time="2019-04-23 15:17:01Z" duration="0.001292" asserts="2" />
      </test-suite>
      <test-suite type="TestFixture" id="0-1046" name="SpecEnum1" fullname="Kaitai.SpecEnum1" classname="Kaitai.SpecEnum1" runstate="Runnable" testcasecount="1" result="Passed" start-time="2019-04-23 15:17:01Z" end-time="2019-04-23 15:17:01Z" duration="0.005519" total="1" passed="1" failed="0" inconclusive="0" skipped="0" asserts="2">
        <test-case id="0-1047" name="TestEnum1" fullname="Kaitai.SpecEnum1.TestEnum1" methodname="TestEnum1" classname="Kaitai.SpecEnum1" runstate="Runnable" seed="1300063669" result="Passed" start-time="2019-04-23 15:17:01Z" end-time="2019-04-23 15:17:01Z" duration="0.001889" asserts="2" />
      </test-suite>
      <test-suite type="TestFixture" id="0-1048" name="SpecEnumDeep" fullname="Kaitai.SpecEnumDeep" classname="Kaitai.SpecEnumDeep" runstate="Runnable" testcasecount="1" result="Passed" start-time="2019-04-23 15:17:01Z" end-time="2019-04-23 15:17:01Z" duration="0.005080" total="1" passed="1" failed="0" inconclusive="0" skipped="0" asserts="2">
        <test-case id="0-1049" name="TestEnumDeep" fullname="Kaitai.SpecEnumDeep.TestEnumDeep" methodname="TestEnumDeep" classname="Kaitai.SpecEnumDeep" runstate="Runnable" seed="690804206" result="Passed" start-time="2019-04-23 15:17:01Z" end-time="2019-04-23 15:17:01Z" duration="0.001322" asserts="2" />
      </test-suite>
      <test-suite type="TestFixture" id="0-1050" name="SpecEnumDeepLiterals" fullname="Kaitai.SpecEnumDeepLiterals" classname="Kaitai.SpecEnumDeepLiterals" runstate="Runnable" testcasecount="1" result="Passed" start-time="2019-04-23 15:17:01Z" end-time="2019-04-23 15:17:01Z" duration="0.006148" total="1" passed="1" failed="0" inconclusive="0" skipped="0" asserts="2">
        <test-case id="0-1051" name="TestEnumDeepLiterals" fullname="Kaitai.SpecEnumDeepLiterals.TestEnumDeepLiterals" methodname="TestEnumDeepLiterals" classname="Kaitai.SpecEnumDeepLiterals" runstate="Runnable" seed="588270947" result="Passed" start-time="2019-04-23 15:17:01Z" end-time="2019-04-23 15:17:01Z" duration="0.002389" asserts="2" />
      </test-suite>
      <test-suite type="TestFixture" id="0-1052" name="SpecEnumFancy" fullname="Kaitai.SpecEnumFancy" classname="Kaitai.SpecEnumFancy" runstate="Runnable" testcasecount="1" result="Passed" start-time="2019-04-23 15:17:01Z" end-time="2019-04-23 15:17:01Z" duration="0.005050" total="1" passed="1" failed="0" inconclusive="0" skipped="0" asserts="2">
        <test-case id="0-1053" name="TestEnumFancy" fullname="Kaitai.SpecEnumFancy.TestEnumFancy" methodname="TestEnumFancy" classname="Kaitai.SpecEnumFancy" runstate="Runnable" seed="167115421" result="Passed" start-time="2019-04-23 15:17:01Z" end-time="2019-04-23 15:17:01Z" duration="0.001206" asserts="2" />
      </test-suite>
      <test-suite type="TestFixture" id="0-1054" name="SpecEnumForUnknownId" fullname="Kaitai.SpecEnumForUnknownId" classname="Kaitai.SpecEnumForUnknownId" runstate="Runnable" testcasecount="1" result="Passed" start-time="2019-04-23 15:17:01Z" end-time="2019-04-23 15:17:01Z" duration="0.005012" total="1" passed="1" failed="0" inconclusive="0" skipped="0" asserts="1">
        <test-case id="0-1055" name="TestEnumForUnknownId" fullname="Kaitai.SpecEnumForUnknownId.TestEnumForUnknownId" methodname="TestEnumForUnknownId" classname="Kaitai.SpecEnumForUnknownId" runstate="Runnable" seed="1455183170" result="Passed" start-time="2019-04-23 15:17:01Z" end-time="2019-04-23 15:17:01Z" duration="0.001574" asserts="1" />
      </test-suite>
      <test-suite type="TestFixture" id="0-1056" name="SpecEnumIf" fullname="Kaitai.SpecEnumIf" classname="Kaitai.SpecEnumIf" runstate="Runnable" testcasecount="1" result="Passed" start-time="2019-04-23 15:17:01Z" end-time="2019-04-23 15:17:01Z" duration="0.008030" total="1" passed="1" failed="0" inconclusive="0" skipped="0" asserts="7">
        <test-case id="0-1057" name="TestEnumIf" fullname="Kaitai.SpecEnumIf.TestEnumIf" methodname="TestEnumIf" classname="Kaitai.SpecEnumIf" runstate="Runnable" seed="1305776124" result="Passed" start-time="2019-04-23 15:17:01Z" end-time="2019-04-23 15:17:01Z" duration="0.004666" asserts="7" />
      </test-suite>
      <test-suite type="TestFixture" id="0-1058" name="SpecEnumNegative" fullname="Kaitai.SpecEnumNegative" classname="Kaitai.SpecEnumNegative" runstate="Runnable" testcasecount="1" result="Passed" start-time="2019-04-23 15:17:01Z" end-time="2019-04-23 15:17:01Z" duration="0.004927" total="1" passed="1" failed="0" inconclusive="0" skipped="0" asserts="2">
        <test-case id="0-1059" name="TestEnumNegative" fullname="Kaitai.SpecEnumNegative.TestEnumNegative" methodname="TestEnumNegative" classname="Kaitai.SpecEnumNegative" runstate="Runnable" seed="58035136" result="Passed" start-time="2019-04-23 15:17:01Z" end-time="2019-04-23 15:17:01Z" duration="0.001617" asserts="2" />
      </test-suite>
      <test-suite type="TestFixture" id="0-1060" name="SpecEnumOfValueInst" fullname="Kaitai.SpecEnumOfValueInst" classname="Kaitai.SpecEnumOfValueInst" runstate="Runnable" testcasecount="1" result="Passed" start-time="2019-04-23 15:17:01Z" end-time="2019-04-23 15:17:01Z" duration="0.006019" total="1" passed="1" failed="0" inconclusive="0" skipped="0" asserts="4">
        <test-case id="0-1061" name="TestEnumOfValueInst" fullname="Kaitai.SpecEnumOfValueInst.TestEnumOfValueInst" methodname="TestEnumOfValueInst" classname="Kaitai.SpecEnumOfValueInst" runstate="Runnable" seed="1938587229" result="Passed" start-time="2019-04-23 15:17:01Z" end-time="2019-04-23 15:17:01Z" duration="0.002194" asserts="4" />
      </test-suite>
      <test-suite type="TestFixture" id="0-1062" name="SpecEnumToI" fullname="Kaitai.SpecEnumToI" classname="Kaitai.SpecEnumToI" runstate="Runnable" testcasecount="1" result="Passed" start-time="2019-04-23 15:17:01Z" end-time="2019-04-23 15:17:01Z" duration="0.005756" total="1" passed="1" failed="0" inconclusive="0" skipped="0" asserts="4">
        <test-case id="0-1063" name="TestEnumToI" fullname="Kaitai.SpecEnumToI.TestEnumToI" methodname="TestEnumToI" classname="Kaitai.SpecEnumToI" runstate="Runnable" seed="1198242793" result="Passed" start-time="2019-04-23 15:17:01Z" end-time="2019-04-23 15:17:01Z" duration="0.002243" asserts="4" />
      </test-suite>
      <test-suite type="TestFixture" id="0-1064" name="SpecEofExceptionBytes" fullname="Kaitai.SpecEofExceptionBytes" classname="Kaitai.SpecEofExceptionBytes" runstate="Runnable" testcasecount="1" result="Passed" start-time="2019-04-23 15:17:01Z" end-time="2019-04-23 15:17:01Z" duration="0.007017" total="1" passed="1" failed="0" inconclusive="0" skipped="0" asserts="1">
        <test-case id="0-1065" name="TestEofExceptionBytes" fullname="Kaitai.SpecEofExceptionBytes.TestEofExceptionBytes" methodname="TestEofExceptionBytes" classname="Kaitai.SpecEofExceptionBytes" runstate="Runnable" seed="2122671709" result="Passed" start-time="2019-04-23 15:17:01Z" end-time="2019-04-23 15:17:01Z" duration="0.002279" asserts="1" />
      </test-suite>
      <test-suite type="TestFixture" id="0-1066" name="SpecEofExceptionU4" fullname="Kaitai.SpecEofExceptionU4" classname="Kaitai.SpecEofExceptionU4" runstate="Runnable" testcasecount="1" result="Passed" start-time="2019-04-23 15:17:01Z" end-time="2019-04-23 15:17:01Z" duration="0.006013" total="1" passed="1" failed="0" inconclusive="0" skipped="0" asserts="1">
        <test-case id="0-1067" name="TestEofExceptionU4" fullname="Kaitai.SpecEofExceptionU4.TestEofExceptionU4" methodname="TestEofExceptionU4" classname="Kaitai.SpecEofExceptionU4" runstate="Runnable" seed="844050115" result="Passed" start-time="2019-04-23 15:17:01Z" end-time="2019-04-23 15:17:01Z" duration="0.001277" asserts="1" />
      </test-suite>
      <test-suite type="TestFixture" id="0-1068" name="SpecExpr0" fullname="Kaitai.SpecExpr0" classname="Kaitai.SpecExpr0" runstate="Runnable" testcasecount="1" result="Passed" start-time="2019-04-23 15:17:01Z" end-time="2019-04-23 15:17:01Z" duration="0.005081" total="1" passed="1" failed="0" inconclusive="0" skipped="0" asserts="2">
        <test-case id="0-1069" name="TestExpr0" fullname="Kaitai.SpecExpr0.TestExpr0" methodname="TestExpr0" classname="Kaitai.SpecExpr0" runstate="Runnable" seed="1498719766" result="Passed" start-time="2019-04-23 15:17:01Z" end-time="2019-04-23 15:17:01Z" duration="0.001342" asserts="2" />
      </test-suite>
      <test-suite type="TestFixture" id="0-1070" name="SpecExpr1" fullname="Kaitai.SpecExpr1" classname="Kaitai.SpecExpr1" runstate="Runnable" testcasecount="1" result="Passed" start-time="2019-04-23 15:17:01Z" end-time="2019-04-23 15:17:01Z" duration="0.009003" total="1" passed="1" failed="0" inconclusive="0" skipped="0" asserts="4">
        <test-case id="0-1071" name="TestExpr1" fullname="Kaitai.SpecExpr1.TestExpr1" methodname="TestExpr1" classname="Kaitai.SpecExpr1" runstate="Runnable" seed="307648158" result="Passed" start-time="2019-04-23 15:17:01Z" end-time="2019-04-23 15:17:01Z" duration="0.001980" asserts="4" />
      </test-suite>
      <test-suite type="TestFixture" id="0-1072" name="SpecExpr2" fullname="Kaitai.SpecExpr2" classname="Kaitai.SpecExpr2" runstate="Runnable" testcasecount="1" result="Passed" start-time="2019-04-23 15:17:01Z" end-time="2019-04-23 15:17:01Z" duration="0.018194" total="1" passed="1" failed="0" inconclusive="0" skipped="0" asserts="17">
        <test-case id="0-1073" name="TestExpr2" fullname="Kaitai.SpecExpr2.TestExpr2" methodname="TestExpr2" classname="Kaitai.SpecExpr2" runstate="Runnable" seed="700537830" result="Passed" start-time="2019-04-23 15:17:01Z" end-time="2019-04-23 15:17:01Z" duration="0.007218" asserts="17" />
      </test-suite>
      <test-suite type="TestFixture" id="0-1074" name="SpecExpr3" fullname="Kaitai.SpecExpr3" classname="Kaitai.SpecExpr3" runstate="Runnable" testcasecount="1" result="Passed" start-time="2019-04-23 15:17:01Z" end-time="2019-04-23 15:17:01Z" duration="0.011025" total="1" passed="1" failed="0" inconclusive="0" skipped="0" asserts="12">
        <test-case id="0-1075" name="TestExpr3" fullname="Kaitai.SpecExpr3.TestExpr3" methodname="TestExpr3" classname="Kaitai.SpecExpr3" runstate="Runnable" seed="940412124" result="Passed" start-time="2019-04-23 15:17:01Z" end-time="2019-04-23 15:17:01Z" duration="0.007729" asserts="12" />
      </test-suite>
      <test-suite type="TestFixture" id="0-1076" name="SpecExprArray" fullname="Kaitai.SpecExprArray" classname="Kaitai.SpecExprArray" runstate="Runnable" testcasecount="1" result="Passed" start-time="2019-04-23 15:17:01Z" end-time="2019-04-23 15:17:01Z" duration="0.017010" total="1" passed="1" failed="0" inconclusive="0" skipped="0" asserts="15">
        <test-case id="0-1077" name="TestExprArray" fullname="Kaitai.SpecExprArray.TestExprArray" methodname="TestExprArray" classname="Kaitai.SpecExprArray" runstate="Runnable" seed="1433726199" result="Passed" start-time="2019-04-23 15:17:01Z" end-time="2019-04-23 15:17:01Z" duration="0.013306" asserts="15" />
      </test-suite>
      <test-suite type="TestFixture" id="0-1078" name="SpecExprBytesCmp" fullname="Kaitai.SpecExprBytesCmp" classname="Kaitai.SpecExprBytesCmp" runstate="Runnable" testcasecount="1" result="Passed" start-time="2019-04-23 15:17:01Z" end-time="2019-04-23 15:17:01Z" duration="0.010831" total="1" passed="1" failed="0" inconclusive="0" skipped="0" asserts="10">
        <test-case id="0-1079" name="TestExprBytesCmp" fullname="Kaitai.SpecExprBytesCmp.TestExprBytesCmp" methodname="TestExprBytesCmp" classname="Kaitai.SpecExprBytesCmp" runstate="Runnable" seed="90451988" result="Passed" start-time="2019-04-23 15:17:01Z" end-time="2019-04-23 15:17:01Z" duration="0.007384" asserts="10" />
      </test-suite>
      <test-suite type="TestFixture" id="0-1080" name="SpecExprEnum" fullname="Kaitai.SpecExprEnum" classname="Kaitai.SpecExprEnum" runstate="Runnable" testcasecount="1" result="Passed" start-time="2019-04-23 15:17:01Z" end-time="2019-04-23 15:17:01Z" duration="0.006211" total="1" passed="1" failed="0" inconclusive="0" skipped="0" asserts="3">
        <test-case id="0-1081" name="TestExprEnum" fullname="Kaitai.SpecExprEnum.TestExprEnum" methodname="TestExprEnum" classname="Kaitai.SpecExprEnum" runstate="Runnable" seed="408382132" result="Passed" start-time="2019-04-23 15:17:01Z" end-time="2019-04-23 15:17:01Z" duration="0.002002" asserts="3" />
      </test-suite>
      <test-suite type="TestFixture" id="0-1082" name="SpecExprIoEof" fullname="Kaitai.SpecExprIoEof" classname="Kaitai.SpecExprIoEof" runstate="Runnable" testcasecount="1" result="Passed" start-time="2019-04-23 15:17:01Z" end-time="2019-04-23 15:17:01Z" duration="0.007012" total="1" passed="1" failed="0" inconclusive="0" skipped="0" asserts="4">
        <test-case id="0-1083" name="TestExprIoEof" fullname="Kaitai.SpecExprIoEof.TestExprIoEof" methodname="TestExprIoEof" classname="Kaitai.SpecExprIoEof" runstate="Runnable" seed="1699354030" result="Passed" start-time="2019-04-23 15:17:01Z" end-time="2019-04-23 15:17:01Z" duration="0.002602" asserts="4" />
      </test-suite>
      <test-suite type="TestFixture" id="0-1084" name="SpecExprIoPos" fullname="Kaitai.SpecExprIoPos" classname="Kaitai.SpecExprIoPos" runstate="Runnable" testcasecount="1" result="Passed" start-time="2019-04-23 15:17:01Z" end-time="2019-04-23 15:17:01Z" duration="0.006066" total="1" passed="1" failed="0" inconclusive="0" skipped="0" asserts="6">
        <test-case id="0-1085" name="TestExprIoPos" fullname="Kaitai.SpecExprIoPos.TestExprIoPos" methodname="TestExprIoPos" classname="Kaitai.SpecExprIoPos" runstate="Runnable" seed="1749272491" result="Passed" start-time="2019-04-23 15:17:01Z" end-time="2019-04-23 15:17:01Z" duration="0.002892" asserts="6" />
      </test-suite>
      <test-suite type="TestFixture" id="0-1086" name="SpecExprMod" fullname="Kaitai.SpecExprMod" classname="Kaitai.SpecExprMod" runstate="Runnable" testcasecount="1" result="Passed" start-time="2019-04-23 15:17:01Z" end-time="2019-04-23 15:17:01Z" duration="0.007038" total="1" passed="1" failed="0" inconclusive="0" skipped="0" asserts="6">
        <test-case id="0-1087" name="TestExprMod" fullname="Kaitai.SpecExprMod.TestExprMod" methodname="TestExprMod" classname="Kaitai.SpecExprMod" runstate="Runnable" seed="1737046459" result="Passed" start-time="2019-04-23 15:17:01Z" end-time="2019-04-23 15:17:01Z" duration="0.003270" asserts="6" />
      </test-suite>
      <test-suite type="TestFixture" id="0-1088" name="SpecFixedContents" fullname="Kaitai.SpecFixedContents" classname="Kaitai.SpecFixedContents" runstate="Runnable" testcasecount="1" result="Passed" start-time="2019-04-23 15:17:01Z" end-time="2019-04-23 15:17:01Z" duration="0.006454" total="1" passed="1" failed="0" inconclusive="0" skipped="0" asserts="0">
        <test-case id="0-1089" name="TestFixedContents" fullname="Kaitai.SpecFixedContents.TestFixedContents" methodname="TestFixedContents" classname="Kaitai.SpecFixedContents" runstate="Runnable" seed="279866621" result="Passed" start-time="2019-04-23 15:17:01Z" end-time="2019-04-23 15:17:01Z" duration="0.002530" asserts="0" />
      </test-suite>
      <test-suite type="TestFixture" id="0-1090" name="SpecFixedStruct" fullname="Kaitai.SpecFixedStruct" classname="Kaitai.SpecFixedStruct" runstate="Runnable" testcasecount="1" result="Passed" start-time="2019-04-23 15:17:01Z" end-time="2019-04-23 15:17:01Z" duration="0.013223" total="1" passed="1" failed="0" inconclusive="0" skipped="0" asserts="20">
        <test-case id="0-1091" name="TestFixedStruct" fullname="Kaitai.SpecFixedStruct.TestFixedStruct" methodname="TestFixedStruct" classname="Kaitai.SpecFixedStruct" runstate="Runnable" seed="1287796725" result="Passed" start-time="2019-04-23 15:17:01Z" end-time="2019-04-23 15:17:01Z" duration="0.009627" asserts="20" />
      </test-suite>
      <test-suite type="TestFixture" id="0-1094" name="SpecFloatingPoints" fullname="Kaitai.SpecFloatingPoints" classname="Kaitai.SpecFloatingPoints" runstate="Runnable" testcasecount="1" result="Passed" start-time="2019-04-23 15:17:01Z" end-time="2019-04-23 15:17:01Z" duration="0.013028" total="1" passed="1" failed="0" inconclusive="0" skipped="0" asserts="8">
        <test-case id="0-1095" name="TestFloatingPoints" fullname="Kaitai.SpecFloatingPoints.TestFloatingPoints" methodname="TestFloatingPoints" classname="Kaitai.SpecFloatingPoints" runstate="Runnable" seed="63810592" result="Passed" start-time="2019-04-23 15:17:01Z" end-time="2019-04-23 15:17:01Z" duration="0.009912" asserts="8" />
      </test-suite>
      <test-suite type="TestFixture" id="0-1092" name="SpecFloatToI" fullname="Kaitai.SpecFloatToI" classname="Kaitai.SpecFloatToI" runstate="Runnable" testcasecount="1" result="Passed" start-time="2019-04-23 15:17:01Z" end-time="2019-04-23 15:17:01Z" duration="0.008093" total="1" passed="1" failed="0" inconclusive="0" skipped="0" asserts="8">
        <test-case id="0-1093" name="TestFloatToI" fullname="Kaitai.SpecFloatToI.TestFloatToI" methodname="TestFloatToI" classname="Kaitai.SpecFloatToI" runstate="Runnable" seed="1651902205" result="Passed" start-time="2019-04-23 15:17:01Z" end-time="2019-04-23 15:17:01Z" duration="0.004184" asserts="8" />
      </test-suite>
      <test-suite type="TestFixture" id="0-1096" name="SpecHelloWorld" fullname="Kaitai.SpecHelloWorld" classname="Kaitai.SpecHelloWorld" runstate="Runnable" testcasecount="1" result="Passed" start-time="2019-04-23 15:17:01Z" end-time="2019-04-23 15:17:01Z" duration="0.004015" total="1" passed="1" failed="0" inconclusive="0" skipped="0" asserts="1">
        <test-case id="0-1097" name="TestHelloWorld" fullname="Kaitai.SpecHelloWorld.TestHelloWorld" methodname="TestHelloWorld" classname="Kaitai.SpecHelloWorld" runstate="Runnable" seed="1001885372" result="Passed" start-time="2019-04-23 15:17:01Z" end-time="2019-04-23 15:17:01Z" duration="0.000826" asserts="1" />
      </test-suite>
      <test-suite type="TestFixture" id="0-1098" name="SpecIfInstances" fullname="Kaitai.SpecIfInstances" classname="Kaitai.SpecIfInstances" runstate="Runnable" testcasecount="1" result="Passed" start-time="2019-04-23 15:17:01Z" end-time="2019-04-23 15:17:01Z" duration="0.005067" total="1" passed="1" failed="0" inconclusive="0" skipped="0" asserts="1">
        <test-case id="0-1099" name="TestIfInstances" fullname="Kaitai.SpecIfInstances.TestIfInstances" methodname="TestIfInstances" classname="Kaitai.SpecIfInstances" runstate="Runnable" seed="1461355737" result="Passed" start-time="2019-04-23 15:17:01Z" end-time="2019-04-23 15:17:01Z" duration="0.001729" asserts="1" />
      </test-suite>
      <test-suite type="TestFixture" id="0-1100" name="SpecIfStruct" fullname="Kaitai.SpecIfStruct" classname="Kaitai.SpecIfStruct" runstate="Runnable" testcasecount="1" result="Passed" start-time="2019-04-23 15:17:01Z" end-time="2019-04-23 15:17:01Z" duration="0.006906" total="1" passed="1" failed="0" inconclusive="0" skipped="0" asserts="7">
        <test-case id="0-1101" name="TestIfStruct" fullname="Kaitai.SpecIfStruct.TestIfStruct" methodname="TestIfStruct" classname="Kaitai.SpecIfStruct" runstate="Runnable" seed="1216469955" result="Passed" start-time="2019-04-23 15:17:01Z" end-time="2019-04-23 15:17:01Z" duration="0.003481" asserts="7" />
      </test-suite>
      <test-suite type="TestFixture" id="0-1102" name="SpecIfValues" fullname="Kaitai.SpecIfValues" classname="Kaitai.SpecIfValues" runstate="Runnable" testcasecount="1" result="Passed" start-time="2019-04-23 15:17:01Z" end-time="2019-04-23 15:17:01Z" duration="0.006797" total="1" passed="1" failed="0" inconclusive="0" skipped="0" asserts="6">
        <test-case id="0-1103" name="TestIfValues" fullname="Kaitai.SpecIfValues.TestIfValues" methodname="TestIfValues" classname="Kaitai.SpecIfValues" runstate="Runnable" seed="1492926180" result="Passed" start-time="2019-04-23 15:17:01Z" end-time="2019-04-23 15:17:01Z" duration="0.003256" asserts="6" />
      </test-suite>
      <test-suite type="TestFixture" id="0-1104" name="SpecImports0" fullname="Kaitai.SpecImports0" classname="Kaitai.SpecImports0" runstate="Runnable" testcasecount="1" result="Passed" start-time="2019-04-23 15:17:01Z" end-time="2019-04-23 15:17:01Z" duration="0.006209" total="1" passed="1" failed="0" inconclusive="0" skipped="0" asserts="3">
        <test-case id="0-1105" name="TestImports0" fullname="Kaitai.SpecImports0.TestImports0" methodname="TestImports0" classname="Kaitai.SpecImports0" runstate="Runnable" seed="239572766" result="Passed" start-time="2019-04-23 15:17:01Z" end-time="2019-04-23 15:17:01Z" duration="0.001988" asserts="3" />
      </test-suite>
      <test-suite type="TestFixture" id="0-1106" name="SpecImportsAbs" fullname="Kaitai.SpecImportsAbs" classname="Kaitai.SpecImportsAbs" runstate="Runnable" testcasecount="1" result="Passed" start-time="2019-04-23 15:17:01Z" end-time="2019-04-23 15:17:01Z" duration="0.015012" total="1" passed="1" failed="0" inconclusive="0" skipped="0" asserts="2">
        <test-case id="0-1107" name="TestImportsAbs" fullname="Kaitai.SpecImportsAbs.TestImportsAbs" methodname="TestImportsAbs" classname="Kaitai.SpecImportsAbs" runstate="Runnable" seed="623182991" result="Passed" start-time="2019-04-23 15:17:01Z" end-time="2019-04-23 15:17:01Z" duration="0.011513" asserts="2" />
      </test-suite>
      <test-suite type="TestFixture" id="0-1108" name="SpecImportsCircularA" fullname="Kaitai.SpecImportsCircularA" classname="Kaitai.SpecImportsCircularA" runstate="Runnable" testcasecount="1" result="Passed" start-time="2019-04-23 15:17:01Z" end-time="2019-04-23 15:17:01Z" duration="0.007014" total="1" passed="1" failed="0" inconclusive="0" skipped="0" asserts="5">
        <test-case id="0-1109" name="TestImportsCircularA" fullname="Kaitai.SpecImportsCircularA.TestImportsCircularA" methodname="TestImportsCircularA" classname="Kaitai.SpecImportsCircularA" runstate="Runnable" seed="867598887" result="Passed" start-time="2019-04-23 15:17:01Z" end-time="2019-04-23 15:17:01Z" duration="0.003916" asserts="5" />
      </test-suite>
      <test-suite type="TestFixture" id="0-1110" name="SpecIndexSizes" fullname="Kaitai.SpecIndexSizes" classname="Kaitai.SpecIndexSizes" runstate="Runnable" testcasecount="1" result="Passed" start-time="2019-04-23 15:17:01Z" end-time="2019-04-23 15:17:01Z" duration="0.006043" total="1" passed="1" failed="0" inconclusive="0" skipped="0" asserts="7">
        <test-case id="0-1111" name="TestIndexSizes" fullname="Kaitai.SpecIndexSizes.TestIndexSizes" methodname="TestIndexSizes" classname="Kaitai.SpecIndexSizes" runstate="Runnable" seed="959962140" result="Passed" start-time="2019-04-23 15:17:01Z" end-time="2019-04-23 15:17:01Z" duration="0.002285" asserts="7" />
      </test-suite>
      <test-suite type="TestFixture" id="0-1112" name="SpecIndexToParamEos" fullname="Kaitai.SpecIndexToParamEos" classname="Kaitai.SpecIndexToParamEos" runstate="Runnable" testcasecount="1" result="Passed" start-time="2019-04-23 15:17:01Z" end-time="2019-04-23 15:17:01Z" duration="0.007028" total="1" passed="1" failed="0" inconclusive="0" skipped="0" asserts="7">
        <test-case id="0-1113" name="TestIndexToParamEos" fullname="Kaitai.SpecIndexToParamEos.TestIndexToParamEos" methodname="TestIndexToParamEos" classname="Kaitai.SpecIndexToParamEos" runstate="Runnable" seed="1211628616" result="Passed" start-time="2019-04-23 15:17:01Z" end-time="2019-04-23 15:17:01Z" duration="0.003205" asserts="7" />
      </test-suite>
      <test-suite type="TestFixture" id="0-1114" name="SpecIndexToParamExpr" fullname="Kaitai.SpecIndexToParamExpr" classname="Kaitai.SpecIndexToParamExpr" runstate="Runnable" testcasecount="1" result="Passed" start-time="2019-04-23 15:17:01Z" end-time="2019-04-23 15:17:01Z" duration="0.007005" total="1" passed="1" failed="0" inconclusive="0" skipped="0" asserts="7">
        <test-case id="0-1115" name="TestIndexToParamExpr" fullname="Kaitai.SpecIndexToParamExpr.TestIndexToParamExpr" methodname="TestIndexToParamExpr" classname="Kaitai.SpecIndexToParamExpr" runstate="Runnable" seed="503388579" result="Passed" start-time="2019-04-23 15:17:01Z" end-time="2019-04-23 15:17:01Z" duration="0.003039" asserts="7" />
      </test-suite>
      <test-suite type="TestFixture" id="0-1116" name="SpecIndexToParamUntil" fullname="Kaitai.SpecIndexToParamUntil" classname="Kaitai.SpecIndexToParamUntil" runstate="Runnable" testcasecount="1" result="Passed" start-time="2019-04-23 15:17:01Z" end-time="2019-04-23 15:17:01Z" duration="0.007018" total="1" passed="1" failed="0" inconclusive="0" skipped="0" asserts="7">
        <test-case id="0-1117" name="TestIndexToParamUntil" fullname="Kaitai.SpecIndexToParamUntil.TestIndexToParamUntil" methodname="TestIndexToParamUntil" classname="Kaitai.SpecIndexToParamUntil" runstate="Runnable" seed="1940914029" result="Passed" start-time="2019-04-23 15:17:01Z" end-time="2019-04-23 15:17:01Z" duration="0.003088" asserts="7" />
      </test-suite>
      <test-suite type="TestFixture" id="0-1118" name="SpecInstanceIoUser" fullname="Kaitai.SpecInstanceIoUser" classname="Kaitai.SpecInstanceIoUser" runstate="Runnable" testcasecount="1" result="Passed" start-time="2019-04-23 15:17:01Z" end-time="2019-04-23 15:17:01Z" duration="0.009026" total="1" passed="1" failed="0" inconclusive="0" skipped="0" asserts="4">
        <test-case id="0-1119" name="TestInstanceIoUser" fullname="Kaitai.SpecInstanceIoUser.TestInstanceIoUser" methodname="TestInstanceIoUser" classname="Kaitai.SpecInstanceIoUser" runstate="Runnable" seed="780682755" result="Passed" start-time="2019-04-23 15:17:01Z" end-time="2019-04-23 15:17:01Z" duration="0.004061" asserts="4" />
      </test-suite>
      <test-suite type="TestFixture" id="0-1120" name="SpecInstanceStd" fullname="Kaitai.SpecInstanceStd" classname="Kaitai.SpecInstanceStd" runstate="Runnable" testcasecount="1" result="Passed" start-time="2019-04-23 15:17:01Z" end-time="2019-04-23 15:17:01Z" duration="0.005099" total="1" passed="1" failed="0" inconclusive="0" skipped="0" asserts="1">
        <test-case id="0-1121" name="TestInstanceStd" fullname="Kaitai.SpecInstanceStd.TestInstanceStd" methodname="TestInstanceStd" classname="Kaitai.SpecInstanceStd" runstate="Runnable" seed="1401909124" result="Passed" start-time="2019-04-23 15:17:01Z" end-time="2019-04-23 15:17:01Z" duration="0.001630" asserts="1" />
      </test-suite>
      <test-suite type="TestFixture" id="0-1122" name="SpecInstanceStdArray" fullname="Kaitai.SpecInstanceStdArray" classname="Kaitai.SpecInstanceStdArray" runstate="Runnable" testcasecount="1" result="Passed" start-time="2019-04-23 15:17:01Z" end-time="2019-04-23 15:17:01Z" duration="0.006987" total="1" passed="1" failed="0" inconclusive="0" skipped="0" asserts="7">
        <test-case id="0-1123" name="TestInstanceStdArray" fullname="Kaitai.SpecInstanceStdArray.TestInstanceStdArray" methodname="TestInstanceStdArray" classname="Kaitai.SpecInstanceStdArray" runstate="Runnable" seed="1256344595" result="Passed" start-time="2019-04-23 15:17:01Z" end-time="2019-04-23 15:17:01Z" duration="0.003167" asserts="7" />
      </test-suite>
      <test-suite type="TestFixture" id="0-1124" name="SpecInstanceUserArray" fullname="Kaitai.SpecInstanceUserArray" classname="Kaitai.SpecInstanceUserArray" runstate="Runnable" testcasecount="1" result="Passed" start-time="2019-04-23 15:17:01Z" end-time="2019-04-23 15:17:01Z" duration="0.007013" total="1" passed="1" failed="0" inconclusive="0" skipped="0" asserts="10">
        <test-case id="0-1125" name="TestInstanceUserArray" fullname="Kaitai.SpecInstanceUserArray.TestInstanceUserArray" methodname="TestInstanceUserArray" classname="Kaitai.SpecInstanceUserArray" runstate="Runnable" seed="129361293" result="Passed" start-time="2019-04-23 15:17:01Z" end-time="2019-04-23 15:17:01Z" duration="0.003743" asserts="10" />
      </test-suite>
      <test-suite type="TestFixture" id="0-1126" name="SpecIntegers" fullname="Kaitai.SpecIntegers" classname="Kaitai.SpecIntegers" runstate="Runnable" testcasecount="1" result="Passed" start-time="2019-04-23 15:17:01Z" end-time="2019-04-23 15:17:01Z" duration="0.012020" total="1" passed="1" failed="0" inconclusive="0" skipped="0" asserts="20">
        <test-case id="0-1127" name="TestIntegers" fullname="Kaitai.SpecIntegers.TestIntegers" methodname="TestIntegers" classname="Kaitai.SpecIntegers" runstate="Runnable" seed="1146895858" result="Passed" start-time="2019-04-23 15:17:01Z" end-time="2019-04-23 15:17:01Z" duration="0.008650" asserts="20" />
      </test-suite>
      <test-suite type="TestFixture" id="0-1128" name="SpecIoLocalVar" fullname="Kaitai.SpecIoLocalVar" classname="Kaitai.SpecIoLocalVar" runstate="Runnable" testcasecount="1" result="Passed" start-time="2019-04-23 15:17:01Z" end-time="2019-04-23 15:17:01Z" duration="0.006018" total="1" passed="1" failed="0" inconclusive="0" skipped="0" asserts="2">
        <test-case id="0-1129" name="TestIoLocalVar" fullname="Kaitai.SpecIoLocalVar.TestIoLocalVar" methodname="TestIoLocalVar" classname="Kaitai.SpecIoLocalVar" runstate="Runnable" seed="940468646" result="Passed" start-time="2019-04-23 15:17:01Z" end-time="2019-04-23 15:17:01Z" duration="0.002426" asserts="2" />
      </test-suite>
      <test-suite type="TestFixture" id="0-1130" name="SpecJsSignedRightShift" fullname="Kaitai.SpecJsSignedRightShift" classname="Kaitai.SpecJsSignedRightShift" runstate="Runnable" testcasecount="1" result="Passed" start-time="2019-04-23 15:17:01Z" end-time="2019-04-23 15:17:01Z" duration="0.005022" total="1" passed="1" failed="0" inconclusive="0" skipped="0" asserts="2">
        <test-case id="0-1131" name="TestJsSignedRightShift" fullname="Kaitai.SpecJsSignedRightShift.TestJsSignedRightShift" methodname="TestJsSignedRightShift" classname="Kaitai.SpecJsSignedRightShift" runstate="Runnable" seed="1643516210" result="Passed" start-time="2019-04-23 15:17:01Z" end-time="2019-04-23 15:17:01Z" duration="0.001269" asserts="2" />
      </test-suite>
      <test-suite type="TestFixture" id="0-1132" name="SpecMetaXref" fullname="Kaitai.SpecMetaXref" classname="Kaitai.SpecMetaXref" runstate="Runnable" testcasecount="1" result="Passed" start-time="2019-04-23 15:17:01Z" end-time="2019-04-23 15:17:01Z" duration="0.004024" total="1" passed="1" failed="0" inconclusive="0" skipped="0" asserts="0">
        <test-case id="0-1133" name="TestMetaXref" fullname="Kaitai.SpecMetaXref.TestMetaXref" methodname="TestMetaXref" classname="Kaitai.SpecMetaXref" runstate="Runnable" seed="1714752759" result="Passed" start-time="2019-04-23 15:17:01Z" end-time="2019-04-23 15:17:01Z" duration="0.000755" asserts="0" />
      </test-suite>
      <test-suite type="TestFixture" id="0-1134" name="SpecMultipleUse" fullname="Kaitai.SpecMultipleUse" classname="Kaitai.SpecMultipleUse" runstate="Runnable" testcasecount="1" result="Passed" start-time="2019-04-23 15:17:01Z" end-time="2019-04-23 15:17:01Z" duration="0.011640" total="1" passed="1" failed="0" inconclusive="0" skipped="0" asserts="2">
        <test-case id="0-1135" name="TestMultipleUse" fullname="Kaitai.SpecMultipleUse.TestMultipleUse" methodname="TestMultipleUse" classname="Kaitai.SpecMultipleUse" runstate="Runnable" seed="959537364" result="Passed" start-time="2019-04-23 15:17:01Z" end-time="2019-04-23 15:17:01Z" duration="0.002694" asserts="2" />
      </test-suite>
      <test-suite type="TestFixture" id="0-1136" name="SpecNavParent" fullname="Kaitai.SpecNavParent" classname="Kaitai.SpecNavParent" runstate="Runnable" testcasecount="1" result="Passed" start-time="2019-04-23 15:17:01Z" end-time="2019-04-23 15:17:01Z" duration="0.008024" total="1" passed="1" failed="0" inconclusive="0" skipped="0" asserts="5">
        <test-case id="0-1137" name="TestNavParent" fullname="Kaitai.SpecNavParent.TestNavParent" methodname="TestNavParent" classname="Kaitai.SpecNavParent" runstate="Runnable" seed="2139796298" result="Passed" start-time="2019-04-23 15:17:01Z" end-time="2019-04-23 15:17:01Z" duration="0.004012" asserts="5" />
      </test-suite>
      <test-suite type="TestFixture" id="0-1138" name="SpecNavParent2" fullname="Kaitai.SpecNavParent2" classname="Kaitai.SpecNavParent2" runstate="Runnable" testcasecount="1" result="Passed" start-time="2019-04-23 15:17:01Z" end-time="2019-04-23 15:17:01Z" duration="0.010026" total="1" passed="1" failed="0" inconclusive="0" skipped="0" asserts="10">
        <test-case id="0-1139" name="TestNavParent2" fullname="Kaitai.SpecNavParent2.TestNavParent2" methodname="TestNavParent2" classname="Kaitai.SpecNavParent2" runstate="Runnable" seed="1145919453" result="Passed" start-time="2019-04-23 15:17:01Z" end-time="2019-04-23 15:17:01Z" duration="0.006634" asserts="10" />
      </test-suite>
      <test-suite type="TestFixture" id="0-1140" name="SpecNavParent3" fullname="Kaitai.SpecNavParent3" classname="Kaitai.SpecNavParent3" runstate="Runnable" testcasecount="1" result="Passed" start-time="2019-04-23 15:17:01Z" end-time="2019-04-23 15:17:01Z" duration="0.009197" total="1" passed="1" failed="0" inconclusive="0" skipped="0" asserts="10">
        <test-case id="0-1141" name="TestNavParent3" fullname="Kaitai.SpecNavParent3.TestNavParent3" methodname="TestNavParent3" classname="Kaitai.SpecNavParent3" runstate="Runnable" seed="1285095321" result="Passed" start-time="2019-04-23 15:17:01Z" end-time="2019-04-23 15:17:01Z" duration="0.005297" asserts="10" />
      </test-suite>
      <test-suite type="TestFixture" id="0-1142" name="SpecNavParentFalse" fullname="Kaitai.SpecNavParentFalse" classname="Kaitai.SpecNavParentFalse" runstate="Runnable" testcasecount="1" result="Passed" start-time="2019-04-23 15:17:01Z" end-time="2019-04-23 15:17:01Z" duration="0.008368" total="1" passed="1" failed="0" inconclusive="0" skipped="0" asserts="5">
        <test-case id="0-1143" name="TestNavParentFalse" fullname="Kaitai.SpecNavParentFalse.TestNavParentFalse" methodname="TestNavParentFalse" classname="Kaitai.SpecNavParentFalse" runstate="Runnable" seed="1146036302" result="Passed" start-time="2019-04-23 15:17:01Z" end-time="2019-04-23 15:17:01Z" duration="0.004777" asserts="5" />
      </test-suite>
      <test-suite type="TestFixture" id="0-1144" name="SpecNavParentFalse2" fullname="Kaitai.SpecNavParentFalse2" classname="Kaitai.SpecNavParentFalse2" runstate="Runnable" testcasecount="1" result="Passed" start-time="2019-04-23 15:17:01Z" end-time="2019-04-23 15:17:01Z" duration="0.005014" total="1" passed="1" failed="0" inconclusive="0" skipped="0" asserts="1">
        <test-case id="0-1145" name="TestNavParentFalse2" fullname="Kaitai.SpecNavParentFalse2.TestNavParentFalse2" methodname="TestNavParentFalse2" classname="Kaitai.SpecNavParentFalse2" runstate="Runnable" seed="62747253" result="Passed" start-time="2019-04-23 15:17:01Z" end-time="2019-04-23 15:17:01Z" duration="0.001928" asserts="1" />
      </test-suite>
      <test-suite type="TestFixture" id="0-1146" name="SpecNavParentOverride" fullname="Kaitai.SpecNavParentOverride" classname="Kaitai.SpecNavParentOverride" runstate="Runnable" testcasecount="1" result="Passed" start-time="2019-04-23 15:17:01Z" end-time="2019-04-23 15:17:01Z" duration="0.007023" total="1" passed="1" failed="0" inconclusive="0" skipped="0" asserts="3">
        <test-case id="0-1147" name="TestNavParentOverride" fullname="Kaitai.SpecNavParentOverride.TestNavParentOverride" methodname="TestNavParentOverride" classname="Kaitai.SpecNavParentOverride" runstate="Runnable" seed="1852458700" result="Passed" start-time="2019-04-23 15:17:01Z" end-time="2019-04-23 15:17:01Z" duration="0.002741" asserts="3" />
      </test-suite>
      <test-suite type="TestFixture" id="0-1148" name="SpecNavParentSwitch" fullname="Kaitai.SpecNavParentSwitch" classname="Kaitai.SpecNavParentSwitch" runstate="Runnable" testcasecount="1" result="Passed" start-time="2019-04-23 15:17:01Z" end-time="2019-04-23 15:17:02Z" duration="0.008034" total="1" passed="1" failed="0" inconclusive="0" skipped="0" asserts="3">
        <test-case id="0-1149" name="TestNavParentSwitch" fullname="Kaitai.SpecNavParentSwitch.TestNavParentSwitch" methodname="TestNavParentSwitch" classname="Kaitai.SpecNavParentSwitch" runstate="Runnable" seed="384181930" result="Passed" start-time="2019-04-23 15:17:01Z" end-time="2019-04-23 15:17:02Z" duration="0.004512" asserts="3" />
      </test-suite>
      <test-suite type="TestFixture" id="0-1150" name="SpecNavParentVsValueInst" fullname="Kaitai.SpecNavParentVsValueInst" classname="Kaitai.SpecNavParentVsValueInst" runstate="Runnable" testcasecount="1" result="Passed" start-time="2019-04-23 15:17:02Z" end-time="2019-04-23 15:17:02Z" duration="0.005021" total="1" passed="1" failed="0" inconclusive="0" skipped="0" asserts="1">
        <test-case id="0-1151" name="TestNavParentVsValueInst" fullname="Kaitai.SpecNavParentVsValueInst.TestNavParentVsValueInst" methodname="TestNavParentVsValueInst" classname="Kaitai.SpecNavParentVsValueInst" runstate="Runnable" seed="1601378563" result="Passed" start-time="2019-04-23 15:17:02Z" end-time="2019-04-23 15:17:02Z" duration="0.001878" asserts="1" />
      </test-suite>
      <test-suite type="TestFixture" id="0-1152" name="SpecNavRoot" fullname="Kaitai.SpecNavRoot" classname="Kaitai.SpecNavRoot" runstate="Runnable" testcasecount="1" result="Passed" start-time="2019-04-23 15:17:02Z" end-time="2019-04-23 15:17:02Z" duration="0.007142" total="1" passed="1" failed="0" inconclusive="0" skipped="0" asserts="5">
        <test-case id="0-1153" name="TestNavRoot" fullname="Kaitai.SpecNavRoot.TestNavRoot" methodname="TestNavRoot" classname="Kaitai.SpecNavRoot" runstate="Runnable" seed="1812745888" result="Passed" start-time="2019-04-23 15:17:02Z" end-time="2019-04-23 15:17:02Z" duration="0.003639" asserts="5" />
      </test-suite>
      <test-suite type="TestFixture" id="0-1154" name="SpecNestedSameName" fullname="Kaitai.SpecNestedSameName" classname="Kaitai.SpecNestedSameName" runstate="Runnable" testcasecount="1" result="Passed" start-time="2019-04-23 15:17:02Z" end-time="2019-04-23 15:17:02Z" duration="0.005925" total="1" passed="1" failed="0" inconclusive="0" skipped="0" asserts="2">
        <test-case id="0-1155" name="TestNestedSameName" fullname="Kaitai.SpecNestedSameName.TestNestedSameName" methodname="TestNestedSameName" classname="Kaitai.SpecNestedSameName" runstate="Runnable" seed="1148364776" result="Passed" start-time="2019-04-23 15:17:02Z" end-time="2019-04-23 15:17:02Z" duration="0.002668" asserts="2" />
      </test-suite>
      <test-suite type="TestFixture" id="0-1156" name="SpecNestedSameName2" fullname="Kaitai.SpecNestedSameName2" classname="Kaitai.SpecNestedSameName2" runstate="Runnable" testcasecount="1" result="Passed" start-time="2019-04-23 15:17:02Z" end-time="2019-04-23 15:17:02Z" duration="0.009141" total="1" passed="1" failed="0" inconclusive="0" skipped="0" asserts="5">
        <test-case id="0-1157" name="TestNestedSameName2" fullname="Kaitai.SpecNestedSameName2.TestNestedSameName2" methodname="TestNestedSameName2" classname="Kaitai.SpecNestedSameName2" runstate="Runnable" seed="645561674" result="Passed" start-time="2019-04-23 15:17:02Z" end-time="2019-04-23 15:17:02Z" duration="0.004367" asserts="5" />
      </test-suite>
      <test-suite type="TestFixture" id="0-1158" name="SpecNestedTypes" fullname="Kaitai.SpecNestedTypes" classname="Kaitai.SpecNestedTypes" runstate="Runnable" testcasecount="1" result="Passed" start-time="2019-04-23 15:17:02Z" end-time="2019-04-23 15:17:02Z" duration="0.007020" total="1" passed="1" failed="0" inconclusive="0" skipped="0" asserts="3">
        <test-case id="0-1159" name="TestNestedTypes" fullname="Kaitai.SpecNestedTypes.TestNestedTypes" methodname="TestNestedTypes" classname="Kaitai.SpecNestedTypes" runstate="Runnable" seed="133643517" result="Passed" start-time="2019-04-23 15:17:02Z" end-time="2019-04-23 15:17:02Z" duration="0.003309" asserts="3" />
      </test-suite>
      <test-suite type="TestFixture" id="0-1160" name="SpecNestedTypes2" fullname="Kaitai.SpecNestedTypes2" classname="Kaitai.SpecNestedTypes2" runstate="Runnable" testcasecount="1" result="Passed" start-time="2019-04-23 15:17:02Z" end-time="2019-04-23 15:17:02Z" duration="0.021391" total="1" passed="1" failed="0" inconclusive="0" skipped="0" asserts="7">
        <test-case id="0-1161" name="TestNestedTypes2" fullname="Kaitai.SpecNestedTypes2.TestNestedTypes2" methodname="TestNestedTypes2" classname="Kaitai.SpecNestedTypes2" runstate="Runnable" seed="1131707209" result="Passed" start-time="2019-04-23 15:17:02Z" end-time="2019-04-23 15:17:02Z" duration="0.004464" asserts="7" />
      </test-suite>
      <test-suite type="TestFixture" id="0-1162" name="SpecNestedTypes3" fullname="Kaitai.SpecNestedTypes3" classname="Kaitai.SpecNestedTypes3" runstate="Runnable" testcasecount="1" result="Passed" start-time="2019-04-23 15:17:02Z" end-time="2019-04-23 15:17:02Z" duration="0.007240" total="1" passed="1" failed="0" inconclusive="0" skipped="0" asserts="5">
        <test-case id="0-1163" name="TestNestedTypes3" fullname="Kaitai.SpecNestedTypes3.TestNestedTypes3" methodname="TestNestedTypes3" classname="Kaitai.SpecNestedTypes3" runstate="Runnable" seed="1303375236" result="Passed" start-time="2019-04-23 15:17:02Z" end-time="2019-04-23 15:17:02Z" duration="0.003117" asserts="5" />
      </test-suite>
      <test-suite type="TestFixture" id="0-1164" name="SpecNonStandard" fullname="Kaitai.SpecNonStandard" classname="Kaitai.SpecNonStandard" runstate="Runnable" testcasecount="1" result="Passed" start-time="2019-04-23 15:17:02Z" end-time="2019-04-23 15:17:02Z" duration="0.005012" total="1" passed="1" failed="0" inconclusive="0" skipped="0" asserts="1">
        <test-case id="0-1165" name="TestNonStandard" fullname="Kaitai.SpecNonStandard.TestNonStandard" methodname="TestNonStandard" classname="Kaitai.SpecNonStandard" runstate="Runnable" seed="1168909989" result="Passed" start-time="2019-04-23 15:17:02Z" end-time="2019-04-23 15:17:02Z" duration="0.001181" asserts="1" />
      </test-suite>
      <test-suite type="TestFixture" id="0-1166" name="SpecOpaqueExternalType" fullname="Kaitai.SpecOpaqueExternalType" classname="Kaitai.SpecOpaqueExternalType" runstate="Runnable" testcasecount="1" result="Passed" start-time="2019-04-23 15:17:02Z" end-time="2019-04-23 15:17:02Z" duration="0.006017" total="1" passed="1" failed="0" inconclusive="0" skipped="0" asserts="3">
        <test-case id="0-1167" name="TestOpaqueExternalType" fullname="Kaitai.SpecOpaqueExternalType.TestOpaqueExternalType" methodname="TestOpaqueExternalType" classname="Kaitai.SpecOpaqueExternalType" runstate="Runnable" seed="866745858" result="Passed" start-time="2019-04-23 15:17:02Z" end-time="2019-04-23 15:17:02Z" duration="0.001875" asserts="3" />
      </test-suite>
      <test-suite type="TestFixture" id="0-1168" name="SpecOpaqueExternalType02Parent" fullname="Kaitai.SpecOpaqueExternalType02Parent" classname="Kaitai.SpecOpaqueExternalType02Parent" runstate="Runnable" testcasecount="1" result="Passed" start-time="2019-04-23 15:17:02Z" end-time="2019-04-23 15:17:02Z" duration="0.011018" total="1" passed="1" failed="0" inconclusive="0" skipped="0" asserts="3">
        <test-case id="0-1169" name="TestOpaqueExternalType02Parent" fullname="Kaitai.SpecOpaqueExternalType02Parent.TestOpaqueExternalType02Parent" methodname="TestOpaqueExternalType02Parent" classname="Kaitai.SpecOpaqueExternalType02Parent" runstate="Runnable" seed="1929839614" result="Passed" start-time="2019-04-23 15:17:02Z" end-time="2019-04-23 15:17:02Z" duration="0.003166" asserts="3" />
      </test-suite>
      <test-suite type="TestFixture" id="0-1170" name="SpecOpaqueWithParam" fullname="Kaitai.SpecOpaqueWithParam" classname="Kaitai.SpecOpaqueWithParam" runstate="Runnable" testcasecount="1" result="Passed" start-time="2019-04-23 15:17:02Z" end-time="2019-04-23 15:17:02Z" duration="0.007023" total="1" passed="1" failed="0" inconclusive="0" skipped="0" asserts="2">
        <test-case id="0-1171" name="TestOpaqueWithParam" fullname="Kaitai.SpecOpaqueWithParam.TestOpaqueWithParam" methodname="TestOpaqueWithParam" classname="Kaitai.SpecOpaqueWithParam" runstate="Runnable" seed="1388550704" result="Passed" start-time="2019-04-23 15:17:02Z" end-time="2019-04-23 15:17:02Z" duration="0.003121" asserts="2" />
      </test-suite>
      <test-suite type="TestFixture" id="0-1172" name="SpecOptionalId" fullname="Kaitai.SpecOptionalId" classname="Kaitai.SpecOptionalId" runstate="Runnable" testcasecount="1" result="Passed" start-time="2019-04-23 15:17:02Z" end-time="2019-04-23 15:17:02Z" duration="0.007360" total="1" passed="1" failed="0" inconclusive="0" skipped="0" asserts="3">
        <test-case id="0-1173" name="TestOptionalId" fullname="Kaitai.SpecOptionalId.TestOptionalId" methodname="TestOptionalId" classname="Kaitai.SpecOptionalId" runstate="Runnable" seed="753423030" result="Passed" start-time="2019-04-23 15:17:02Z" end-time="2019-04-23 15:17:02Z" duration="0.001502" asserts="3" />
      </test-suite>
      <test-suite type="TestFixture" id="0-1174" name="SpecParamsCallShort" fullname="Kaitai.SpecParamsCallShort" classname="Kaitai.SpecParamsCallShort" runstate="Runnable" testcasecount="1" result="Passed" start-time="2019-04-23 15:17:02Z" end-time="2019-04-23 15:17:02Z" duration="0.006002" total="1" passed="1" failed="0" inconclusive="0" skipped="0" asserts="3">
        <test-case id="0-1175" name="TestParamsCallShort" fullname="Kaitai.SpecParamsCallShort.TestParamsCallShort" methodname="TestParamsCallShort" classname="Kaitai.SpecParamsCallShort" runstate="Runnable" seed="2120859120" result="Passed" start-time="2019-04-23 15:17:02Z" end-time="2019-04-23 15:17:02Z" duration="0.002702" asserts="3" />
      </test-suite>
      <test-suite type="TestFixture" id="0-1176" name="SpecParamsDef" fullname="Kaitai.SpecParamsDef" classname="Kaitai.SpecParamsDef" runstate="Runnable" testcasecount="1" result="Passed" start-time="2019-04-23 15:17:02Z" end-time="2019-04-23 15:17:02Z" duration="0.005407" total="1" passed="1" failed="0" inconclusive="0" skipped="0" asserts="2">
        <test-case id="0-1177" name="TestParamsDef" fullname="Kaitai.SpecParamsDef.TestParamsDef" methodname="TestParamsDef" classname="Kaitai.SpecParamsDef" runstate="Runnable" seed="478115006" result="Passed" start-time="2019-04-23 15:17:02Z" end-time="2019-04-23 15:17:02Z" duration="0.000786" asserts="2" />
      </test-suite>
      <test-suite type="TestFixture" id="0-1178" name="SpecParamsEnum" fullname="Kaitai.SpecParamsEnum" classname="Kaitai.SpecParamsEnum" runstate="Runnable" testcasecount="1" result="Passed" start-time="2019-04-23 15:17:02Z" end-time="2019-04-23 15:17:02Z" duration="0.006084" total="1" passed="1" failed="0" inconclusive="0" skipped="0" asserts="2">
        <test-case id="0-1179" name="TestParamsEnum" fullname="Kaitai.SpecParamsEnum.TestParamsEnum" methodname="TestParamsEnum" classname="Kaitai.SpecParamsEnum" runstate="Runnable" seed="1408090437" result="Passed" start-time="2019-04-23 15:17:02Z" end-time="2019-04-23 15:17:02Z" duration="0.001692" asserts="2" />
      </test-suite>
      <test-suite type="TestFixture" id="0-1180" name="SpecParamsPassUsertype" fullname="Kaitai.SpecParamsPassUsertype" classname="Kaitai.SpecParamsPassUsertype" runstate="Runnable" testcasecount="1" result="Passed" start-time="2019-04-23 15:17:02Z" end-time="2019-04-23 15:17:02Z" duration="0.006018" total="1" passed="1" failed="0" inconclusive="0" skipped="0" asserts="2">
        <test-case id="0-1181" name="TestParamsPassUsertype" fullname="Kaitai.SpecParamsPassUsertype.TestParamsPassUsertype" methodname="TestParamsPassUsertype" classname="Kaitai.SpecParamsPassUsertype" runstate="Runnable" seed="322564575" result="Passed" start-time="2019-04-23 15:17:02Z" end-time="2019-04-23 15:17:02Z" duration="0.002256" asserts="2" />
      </test-suite>
      <test-suite type="TestFixture" id="0-1182" name="SpecPositionAbs" fullname="Kaitai.SpecPositionAbs" classname="Kaitai.SpecPositionAbs" runstate="Runnable" testcasecount="1" result="Passed" start-time="2019-04-23 15:17:02Z" end-time="2019-04-23 15:17:02Z" duration="0.011668" total="1" passed="1" failed="0" inconclusive="0" skipped="0" asserts="2">
        <test-case id="0-1183" name="TestPositionAbs" fullname="Kaitai.SpecPositionAbs.TestPositionAbs" methodname="TestPositionAbs" classname="Kaitai.SpecPositionAbs" runstate="Runnable" seed="13788113" result="Passed" start-time="2019-04-23 15:17:02Z" end-time="2019-04-23 15:17:02Z" duration="0.007077" asserts="2" />
      </test-suite>
      <test-suite type="TestFixture" id="0-1184" name="SpecPositionInSeq" fullname="Kaitai.SpecPositionInSeq" classname="Kaitai.SpecPositionInSeq" runstate="Runnable" testcasecount="1" result="Passed" start-time="2019-04-23 15:17:02Z" end-time="2019-04-23 15:17:02Z" duration="0.009772" total="1" passed="1" failed="0" inconclusive="0" skipped="0" asserts="1">
        <test-case id="0-1185" name="TestPositionInSeq" fullname="Kaitai.SpecPositionInSeq.TestPositionInSeq" methodname="TestPositionInSeq" classname="Kaitai.SpecPositionInSeq" runstate="Runnable" seed="1317384595" result="Passed" start-time="2019-04-23 15:17:02Z" end-time="2019-04-23 15:17:02Z" duration="0.003212" asserts="1" />
      </test-suite>
      <test-suite type="TestFixture" id="0-1186" name="SpecPositionToEnd" fullname="Kaitai.SpecPositionToEnd" classname="Kaitai.SpecPositionToEnd" runstate="Runnable" testcasecount="1" result="Passed" start-time="2019-04-23 15:17:02Z" end-time="2019-04-23 15:17:02Z" duration="0.007204" total="1" passed="1" failed="0" inconclusive="0" skipped="0" asserts="2">
        <test-case id="0-1187" name="TestPositionToEnd" fullname="Kaitai.SpecPositionToEnd.TestPositionToEnd" methodname="TestPositionToEnd" classname="Kaitai.SpecPositionToEnd" runstate="Runnable" seed="1161654823" result="Passed" start-time="2019-04-23 15:17:02Z" end-time="2019-04-23 15:17:02Z" duration="0.003588" asserts="2" />
      </test-suite>
      <test-suite type="TestFixture" id="0-1188" name="SpecProcessCoerceBytes" fullname="Kaitai.SpecProcessCoerceBytes" classname="Kaitai.SpecProcessCoerceBytes" runstate="Runnable" testcasecount="1" result="Passed" start-time="2019-04-23 15:17:02Z" end-time="2019-04-23 15:17:02Z" duration="0.014494" total="1" passed="1" failed="0" inconclusive="0" skipped="0" asserts="4">
        <test-case id="0-1189" name="TestProcessCoerceBytes" fullname="Kaitai.SpecProcessCoerceBytes.TestProcessCoerceBytes" methodname="TestProcessCoerceBytes" classname="Kaitai.SpecProcessCoerceBytes" runstate="Runnable" seed="1845556757" result="Passed" start-time="2019-04-23 15:17:02Z" end-time="2019-04-23 15:17:02Z" duration="0.004124" asserts="4" />
      </test-suite>
      <test-suite type="TestFixture" id="0-1190" name="SpecProcessCoerceSwitch" fullname="Kaitai.SpecProcessCoerceSwitch" classname="Kaitai.SpecProcessCoerceSwitch" runstate="Runnable" testcasecount="1" result="Passed" start-time="2019-04-23 15:17:02Z" end-time="2019-04-23 15:17:02Z" duration="0.007001" total="1" passed="1" failed="0" inconclusive="0" skipped="0" asserts="3">
        <test-case id="0-1191" name="TestProcessCoerceSwitch" fullname="Kaitai.SpecProcessCoerceSwitch.TestProcessCoerceSwitch" methodname="TestProcessCoerceSwitch" classname="Kaitai.SpecProcessCoerceSwitch" runstate="Runnable" seed="697611712" result="Passed" start-time="2019-04-23 15:17:02Z" end-time="2019-04-23 15:17:02Z" duration="0.003559" asserts="3" />
      </test-suite>
      <test-suite type="TestFixture" id="0-1192" name="SpecProcessCoerceUsertype1" fullname="Kaitai.SpecProcessCoerceUsertype1" classname="Kaitai.SpecProcessCoerceUsertype1" runstate="Runnable" testcasecount="1" result="Passed" start-time="2019-04-23 15:17:02Z" end-time="2019-04-23 15:17:02Z" duration="0.008168" total="1" passed="1" failed="0" inconclusive="0" skipped="0" asserts="4">
        <test-case id="0-1193" name="TestProcessCoerceUsertype1" fullname="Kaitai.SpecProcessCoerceUsertype1.TestProcessCoerceUsertype1" methodname="TestProcessCoerceUsertype1" classname="Kaitai.SpecProcessCoerceUsertype1" runstate="Runnable" seed="1469231724" result="Passed" start-time="2019-04-23 15:17:02Z" end-time="2019-04-23 15:17:02Z" duration="0.004450" asserts="4" />
      </test-suite>
      <test-suite type="TestFixture" id="0-1194" name="SpecProcessCoerceUsertype2" fullname="Kaitai.SpecProcessCoerceUsertype2" classname="Kaitai.SpecProcessCoerceUsertype2" runstate="Runnable" testcasecount="1" result="Passed" start-time="2019-04-23 15:17:02Z" end-time="2019-04-23 15:17:02Z" duration="0.007919" total="1" passed="1" failed="0" inconclusive="0" skipped="0" asserts="4">
        <test-case id="0-1195" name="TestProcessCoerceUsertype2" fullname="Kaitai.SpecProcessCoerceUsertype2.TestProcessCoerceUsertype2" methodname="TestProcessCoerceUsertype2" classname="Kaitai.SpecProcessCoerceUsertype2" runstate="Runnable" seed="499040498" result="Passed" start-time="2019-04-23 15:17:02Z" end-time="2019-04-23 15:17:02Z" duration="0.004128" asserts="4" />
      </test-suite>
      <test-suite type="TestFixture" id="0-1196" name="SpecProcessCustom" fullname="Kaitai.SpecProcessCustom" classname="Kaitai.SpecProcessCustom" runstate="Runnable" testcasecount="1" result="Passed" start-time="2019-04-23 15:17:02Z" end-time="2019-04-23 15:17:02Z" duration="0.006996" total="1" passed="1" failed="0" inconclusive="0" skipped="0" asserts="3">
        <test-case id="0-1197" name="TestProcessCustom" fullname="Kaitai.SpecProcessCustom.TestProcessCustom" methodname="TestProcessCustom" classname="Kaitai.SpecProcessCustom" runstate="Runnable" seed="487726803" result="Passed" start-time="2019-04-23 15:17:02Z" end-time="2019-04-23 15:17:02Z" duration="0.003952" asserts="3" />
      </test-suite>
      <test-suite type="TestFixture" id="0-1198" name="SpecProcessRotate" fullname="Kaitai.SpecProcessRotate" classname="Kaitai.SpecProcessRotate" runstate="Runnable" testcasecount="1" result="Passed" start-time="2019-04-23 15:17:02Z" end-time="2019-04-23 15:17:02Z" duration="0.007412" total="1" passed="1" failed="0" inconclusive="0" skipped="0" asserts="3">
        <test-case id="0-1199" name="TestProcessRotate" fullname="Kaitai.SpecProcessRotate.TestProcessRotate" methodname="TestProcessRotate" classname="Kaitai.SpecProcessRotate" runstate="Runnable" seed="1303106470" result="Passed" start-time="2019-04-23 15:17:02Z" end-time="2019-04-23 15:17:02Z" duration="0.003373" asserts="3" />
      </test-suite>
      <test-suite type="TestFixture" id="0-1200" name="SpecProcessToUser" fullname="Kaitai.SpecProcessToUser" classname="Kaitai.SpecProcessToUser" runstate="Runnable" testcasecount="1" result="Passed" start-time="2019-04-23 15:17:02Z" end-time="2019-04-23 15:17:02Z" duration="0.010003" total="1" passed="1" failed="0" inconclusive="0" skipped="0" asserts="1">
        <test-case id="0-1201" name="TestProcessToUser" fullname="Kaitai.SpecProcessToUser.TestProcessToUser" methodname="TestProcessToUser" classname="Kaitai.SpecProcessToUser" runstate="Runnable" seed="959738223" result="Passed" start-time="2019-04-23 15:17:02Z" end-time="2019-04-23 15:17:02Z" duration="0.003846" asserts="1" />
      </test-suite>
      <test-suite type="TestFixture" id="0-1202" name="SpecProcessXor4Const" fullname="Kaitai.SpecProcessXor4Const" classname="Kaitai.SpecProcessXor4Const" runstate="Runnable" testcasecount="1" result="Passed" start-time="2019-04-23 15:17:02Z" end-time="2019-04-23 15:17:02Z" duration="0.006012" total="1" passed="1" failed="0" inconclusive="0" skipped="0" asserts="2">
        <test-case id="0-1203" name="TestProcessXor4Const" fullname="Kaitai.SpecProcessXor4Const.TestProcessXor4Const" methodname="TestProcessXor4Const" classname="Kaitai.SpecProcessXor4Const" runstate="Runnable" seed="2082015354" result="Passed" start-time="2019-04-23 15:17:02Z" end-time="2019-04-23 15:17:02Z" duration="0.002065" asserts="2" />
      </test-suite>
      <test-suite type="TestFixture" id="0-1204" name="SpecProcessXor4Value" fullname="Kaitai.SpecProcessXor4Value" classname="Kaitai.SpecProcessXor4Value" runstate="Runnable" testcasecount="1" result="Passed" start-time="2019-04-23 15:17:02Z" end-time="2019-04-23 15:17:02Z" duration="0.007463" total="1" passed="1" failed="0" inconclusive="0" skipped="0" asserts="2">
        <test-case id="0-1205" name="TestProcessXor4Value" fullname="Kaitai.SpecProcessXor4Value.TestProcessXor4Value" methodname="TestProcessXor4Value" classname="Kaitai.SpecProcessXor4Value" runstate="Runnable" seed="727520935" result="Passed" start-time="2019-04-23 15:17:02Z" end-time="2019-04-23 15:17:02Z" duration="0.001584" asserts="2" />
      </test-suite>
      <test-suite type="TestFixture" id="0-1206" name="SpecProcessXorConst" fullname="Kaitai.SpecProcessXorConst" classname="Kaitai.SpecProcessXorConst" runstate="Runnable" testcasecount="1" result="Passed" start-time="2019-04-23 15:17:02Z" end-time="2019-04-23 15:17:02Z" duration="0.006023" total="1" passed="1" failed="0" inconclusive="0" skipped="0" asserts="2">
        <test-case id="0-1207" name="TestProcessXorConst" fullname="Kaitai.SpecProcessXorConst.TestProcessXorConst" methodname="TestProcessXorConst" classname="Kaitai.SpecProcessXorConst" runstate="Runnable" seed="1768787868" result="Passed" start-time="2019-04-23 15:17:02Z" end-time="2019-04-23 15:17:02Z" duration="0.002193" asserts="2" />
      </test-suite>
      <test-suite type="TestFixture" id="0-1208" name="SpecProcessXorValue" fullname="Kaitai.SpecProcessXorValue" classname="Kaitai.SpecProcessXorValue" runstate="Runnable" testcasecount="1" result="Passed" start-time="2019-04-23 15:17:02Z" end-time="2019-04-23 15:17:02Z" duration="0.004992" total="1" passed="1" failed="0" inconclusive="0" skipped="0" asserts="2">
        <test-case id="0-1209" name="TestProcessXorValue" fullname="Kaitai.SpecProcessXorValue.TestProcessXorValue" methodname="TestProcessXorValue" classname="Kaitai.SpecProcessXorValue" runstate="Runnable" seed="305847587" result="Passed" start-time="2019-04-23 15:17:02Z" end-time="2019-04-23 15:17:02Z" duration="0.001616" asserts="2" />
      </test-suite>
      <test-suite type="TestFixture" id="0-1210" name="SpecRecursiveOne" fullname="Kaitai.SpecRecursiveOne" classname="Kaitai.SpecRecursiveOne" runstate="Runnable" testcasecount="1" result="Passed" start-time="2019-04-23 15:17:02Z" end-time="2019-04-23 15:17:02Z" duration="0.017983" total="1" passed="1" failed="0" inconclusive="0" skipped="0" asserts="4">
        <test-case id="0-1211" name="TestRecursiveOne" fullname="Kaitai.SpecRecursiveOne.TestRecursiveOne" methodname="TestRecursiveOne" classname="Kaitai.SpecRecursiveOne" runstate="Runnable" seed="831071253" result="Passed" start-time="2019-04-23 15:17:02Z" end-time="2019-04-23 15:17:02Z" duration="0.013622" asserts="4" />
      </test-suite>
      <test-suite type="TestFixture" id="0-1212" name="SpecRepeatEosBit" fullname="Kaitai.SpecRepeatEosBit" classname="Kaitai.SpecRepeatEosBit" runstate="Runnable" testcasecount="1" result="Passed" start-time="2019-04-23 15:17:02Z" end-time="2019-04-23 15:17:02Z" duration="0.004962" total="1" passed="1" failed="0" inconclusive="0" skipped="0" asserts="1">
        <test-case id="0-1213" name="TestRepeatEosBit" fullname="Kaitai.SpecRepeatEosBit.TestRepeatEosBit" methodname="TestRepeatEosBit" classname="Kaitai.SpecRepeatEosBit" runstate="Runnable" seed="762250134" result="Passed" start-time="2019-04-23 15:17:02Z" end-time="2019-04-23 15:17:02Z" duration="0.001331" asserts="1" />
      </test-suite>
      <test-suite type="TestFixture" id="0-1214" name="SpecRepeatEosStruct" fullname="Kaitai.SpecRepeatEosStruct" classname="Kaitai.SpecRepeatEosStruct" runstate="Runnable" testcasecount="1" result="Passed" start-time="2019-04-23 15:17:02Z" end-time="2019-04-23 15:17:02Z" duration="0.006085" total="1" passed="1" failed="0" inconclusive="0" skipped="0" asserts="5">
        <test-case id="0-1215" name="TestRepeatEosStruct" fullname="Kaitai.SpecRepeatEosStruct.TestRepeatEosStruct" methodname="TestRepeatEosStruct" classname="Kaitai.SpecRepeatEosStruct" runstate="Runnable" seed="104635790" result="Passed" start-time="2019-04-23 15:17:02Z" end-time="2019-04-23 15:17:02Z" duration="0.002520" asserts="5" />
      </test-suite>
      <test-suite type="TestFixture" id="0-1216" name="SpecRepeatEosU4" fullname="Kaitai.SpecRepeatEosU4" classname="Kaitai.SpecRepeatEosU4" runstate="Runnable" testcasecount="1" result="Passed" start-time="2019-04-23 15:17:02Z" end-time="2019-04-23 15:17:02Z" duration="0.004001" total="1" passed="1" failed="0" inconclusive="0" skipped="0" asserts="1">
        <test-case id="0-1217" name="TestRepeatEosU4" fullname="Kaitai.SpecRepeatEosU4.TestRepeatEosU4" methodname="TestRepeatEosU4" classname="Kaitai.SpecRepeatEosU4" runstate="Runnable" seed="1628560256" result="Passed" start-time="2019-04-23 15:17:02Z" end-time="2019-04-23 15:17:02Z" duration="0.000972" asserts="1" />
      </test-suite>
[...]
        <test-case id="0-1233" name="TestStrEncodingsDefault" fullname="Kaitai.SpecStrEncodingsDefault.TestStrEncodingsDefault" methodname="TestStrEncodingsDefault" classname="Kaitai.SpecStrEncodingsDefault" runstate="Runnable" seed="2142992103" result="Passed" start-time="2019-04-23 15:17:02Z" end-time="2019-04-23 15:17:02Z" duration="0.002773" asserts="4" />
      </test-suite>
      <test-suite type="TestFixture" id="0-1234" name="SpecStrEos" fullname="Kaitai.SpecStrEos" classname="Kaitai.SpecStrEos" runstate="Runnable" testcasecount="1" result="Passed" start-time="2019-04-23 15:17:02Z" end-time="2019-04-23 15:17:02Z" duration="0.008108" total="1" passed="1" failed="0" inconclusive="0" skipped="0" asserts="1">
        <test-case id="0-1235" name="TestStrEos" fullname="Kaitai.SpecStrEos.TestStrEos" methodname="TestStrEos" classname="Kaitai.SpecStrEos" runstate="Runnable" seed="1250996230" result="Passed" start-time="2019-04-23 15:17:02Z" end-time="2019-04-23 15:17:02Z" duration="0.001225" asserts="1" />
      </test-suite>
      <test-suite type="TestFixture" id="0-1236" name="SpecStrLiterals" fullname="Kaitai.SpecStrLiterals" classname="Kaitai.SpecStrLiterals" runstate="Runnable" testcasecount="1" result="Passed" start-time="2019-04-23 15:17:02Z" end-time="2019-04-23 15:17:02Z" duration="0.024945" total="1" passed="1" failed="0" inconclusive="0" skipped="0" asserts="5">
        <test-case id="0-1237" name="TestStrLiterals" fullname="Kaitai.SpecStrLiterals.TestStrLiterals" methodname="TestStrLiterals" classname="Kaitai.SpecStrLiterals" runstate="Runnable" seed="719594537" result="Passed" start-time="2019-04-23 15:17:02Z" end-time="2019-04-23 15:17:02Z" duration="0.017750" asserts="5" />
      </test-suite>
      <test-suite type="TestFixture" id="0-1238" name="SpecStrLiterals2" fullname="Kaitai.SpecStrLiterals2" classname="Kaitai.SpecStrLiterals2" runstate="Runnable" testcasecount="1" result="Passed" start-time="2019-04-23 15:17:02Z" end-time="2019-04-23 15:17:02Z" duration="0.006015" total="1" passed="1" failed="0" inconclusive="0" skipped="0" asserts="4">
        <test-case id="0-1239" name="TestStrLiterals2" fullname="Kaitai.SpecStrLiterals2.TestStrLiterals2" methodname="TestStrLiterals2" classname="Kaitai.SpecStrLiterals2" runstate="Runnable" seed="1643763626" result="Passed" start-time="2019-04-23 15:17:02Z" end-time="2019-04-23 15:17:02Z" duration="0.002077" asserts="4" />
      </test-suite>
      <test-suite type="TestFixture" id="0-1240" name="SpecStrPadTerm" fullname="Kaitai.SpecStrPadTerm" classname="Kaitai.SpecStrPadTerm" runstate="Runnable" testcasecount="1" result="Passed" start-time="2019-04-23 15:17:02Z" end-time="2019-04-23 15:17:02Z" duration="0.006026" total="1" passed="1" failed="0" inconclusive="0" skipped="0" asserts="4">
        <test-case id="0-1241" name="TestStrPadTerm" fullname="Kaitai.SpecStrPadTerm.TestStrPadTerm" methodname="TestStrPadTerm" classname="Kaitai.SpecStrPadTerm" runstate="Runnable" seed="1758219736" result="Passed" start-time="2019-04-23 15:17:02Z" end-time="2019-04-23 15:17:02Z" duration="0.002207" asserts="4" />
      </test-suite>
      <test-suite type="TestFixture" id="0-1242" name="SpecStrPadTermEmpty" fullname="Kaitai.SpecStrPadTermEmpty" classname="Kaitai.SpecStrPadTermEmpty" runstate="Runnable" testcasecount="1" result="Passed" start-time="2019-04-23 15:17:02Z" end-time="2019-04-23 15:17:02Z" duration="0.005195" total="1" passed="1" failed="0" inconclusive="0" skipped="0" asserts="4">
        <test-case id="0-1243" name="TestStrPadTermEmpty" fullname="Kaitai.SpecStrPadTermEmpty.TestStrPadTermEmpty" methodname="TestStrPadTermEmpty" classname="Kaitai.SpecStrPadTermEmpty" runstate="Runnable" seed="1032239048" result="Passed" start-time="2019-04-23 15:17:02Z" end-time="2019-04-23 15:17:02Z" duration="0.001862" asserts="4" />
      </test-suite>
      <test-suite type="TestFixture" id="0-1244" name="SpecSwitchBytearray" fullname="Kaitai.SpecSwitchBytearray" classname="Kaitai.SpecSwitchBytearray" runstate="Runnable" testcasecount="1" result="Passed" start-time="2019-04-23 15:17:02Z" end-time="2019-04-23 15:17:02Z" duration="0.017886" total="1" passed="1" failed="0" inconclusive="0" skipped="0" asserts="9">
        <test-case id="0-1245" name="TestSwitchBytearray" fullname="Kaitai.SpecSwitchBytearray.TestSwitchBytearray" methodname="TestSwitchBytearray" classname="Kaitai.SpecSwitchBytearray" runstate="Runnable" seed="1206899340" result="Passed" start-time="2019-04-23 15:17:02Z" end-time="2019-04-23 15:17:02Z" duration="0.007675" asserts="9" />
      </test-suite>
      <test-suite type="TestFixture" id="0-1246" name="SpecSwitchCast" fullname="Kaitai.SpecSwitchCast" classname="Kaitai.SpecSwitchCast" runstate="Runnable" testcasecount="1" result="Passed" start-time="2019-04-23 15:17:02Z" end-time="2019-04-23 15:17:02Z" duration="0.011711" total="1" passed="1" failed="0" inconclusive="0" skipped="0" asserts="3">
        <test-case id="0-1247" name="TestSwitchCast" fullname="Kaitai.SpecSwitchCast.TestSwitchCast" methodname="TestSwitchCast" classname="Kaitai.SpecSwitchCast" runstate="Runnable" seed="1699948257" result="Passed" start-time="2019-04-23 15:17:02Z" end-time="2019-04-23 15:17:02Z" duration="0.008459" asserts="3" />
      </test-suite>
      <test-suite type="TestFixture" id="0-1248" name="SpecSwitchIntegers" fullname="Kaitai.SpecSwitchIntegers" classname="Kaitai.SpecSwitchIntegers" runstate="Runnable" testcasecount="1" result="Passed" start-time="2019-04-23 15:17:02Z" end-time="2019-04-23 15:17:02Z" duration="0.007034" total="1" passed="1" failed="0" inconclusive="0" skipped="0" asserts="9">
        <test-case id="0-1249" name="TestSwitchIntegers" fullname="Kaitai.SpecSwitchIntegers.TestSwitchIntegers" methodname="TestSwitchIntegers" classname="Kaitai.SpecSwitchIntegers" runstate="Runnable" seed="317800771" result="Passed" start-time="2019-04-23 15:17:02Z" end-time="2019-04-23 15:17:02Z" duration="0.003288" asserts="9" />
      </test-suite>
      <test-suite type="TestFixture" id="0-1250" name="SpecSwitchIntegers2" fullname="Kaitai.SpecSwitchIntegers2" classname="Kaitai.SpecSwitchIntegers2" runstate="Runnable" testcasecount="1" result="Passed" start-time="2019-04-23 15:17:02Z" end-time="2019-04-23 15:17:02Z" duration="0.007026" total="1" passed="1" failed="0" inconclusive="0" skipped="0" asserts="5">
        <test-case id="0-1251" name="TestSwitchIntegers2" fullname="Kaitai.SpecSwitchIntegers2.TestSwitchIntegers2" methodname="TestSwitchIntegers2" classname="Kaitai.SpecSwitchIntegers2" runstate="Runnable" seed="644760441" result="Passed" start-time="2019-04-23 15:17:02Z" end-time="2019-04-23 15:17:02Z" duration="0.003105" asserts="5" />
      </test-suite>
      <test-suite type="TestFixture" id="0-1252" name="SpecSwitchManualEnum" fullname="Kaitai.SpecSwitchManualEnum" classname="Kaitai.SpecSwitchManualEnum" runstate="Runnable" testcasecount="1" result="Passed" start-time="2019-04-23 15:17:02Z" end-time="2019-04-23 15:17:02Z" duration="0.008060" total="1" passed="1" failed="0" inconclusive="0" skipped="0" asserts="9">
        <test-case id="0-1253" name="TestSwitchManualEnum" fullname="Kaitai.SpecSwitchManualEnum.TestSwitchManualEnum" methodname="TestSwitchManualEnum" classname="Kaitai.SpecSwitchManualEnum" runstate="Runnable" seed="340391851" result="Passed" start-time="2019-04-23 15:17:02Z" end-time="2019-04-23 15:17:02Z" duration="0.004385" asserts="9" />
      </test-suite>
      <test-suite type="TestFixture" id="0-1254" name="SpecSwitchManualInt" fullname="Kaitai.SpecSwitchManualInt" classname="Kaitai.SpecSwitchManualInt" runstate="Runnable" testcasecount="1" result="Passed" start-time="2019-04-23 15:17:02Z" end-time="2019-04-23 15:17:02Z" duration="0.008021" total="1" passed="1" failed="0" inconclusive="0" skipped="0" asserts="9">
        <test-case id="0-1255" name="TestSwitchManualInt" fullname="Kaitai.SpecSwitchManualInt.TestSwitchManualInt" methodname="TestSwitchManualInt" classname="Kaitai.SpecSwitchManualInt" runstate="Runnable" seed="1954388712" result="Passed" start-time="2019-04-23 15:17:02Z" end-time="2019-04-23 15:17:02Z" duration="0.004574" asserts="9" />
      </test-suite>
      <test-suite type="TestFixture" id="0-1256" name="SpecSwitchManualIntElse" fullname="Kaitai.SpecSwitchManualIntElse" classname="Kaitai.SpecSwitchManualIntElse" runstate="Runnable" testcasecount="1" result="Passed" start-time="2019-04-23 15:17:02Z" end-time="2019-04-23 15:17:02Z" duration="0.009020" total="1" passed="1" failed="0" inconclusive="0" skipped="0" asserts="9">
        <test-case id="0-1257" name="TestSwitchManualIntElse" fullname="Kaitai.SpecSwitchManualIntElse.TestSwitchManualIntElse" methodname="TestSwitchManualIntElse" classname="Kaitai.SpecSwitchManualIntElse" runstate="Runnable" seed="1820863643" result="Passed" start-time="2019-04-23 15:17:02Z" end-time="2019-04-23 15:17:02Z" duration="0.005678" asserts="9" />
      </test-suite>
      <test-suite type="TestFixture" id="0-1258" name="SpecSwitchManualIntSize" fullname="Kaitai.SpecSwitchManualIntSize" classname="Kaitai.SpecSwitchManualIntSize" runstate="Runnable" testcasecount="1" result="Passed" start-time="2019-04-23 15:17:02Z" end-time="2019-04-23 15:17:02Z" duration="0.009020" total="1" passed="1" failed="0" inconclusive="0" skipped="0" asserts="10">
        <test-case id="0-1259" name="TestSwitchManualIntSize" fullname="Kaitai.SpecSwitchManualIntSize.TestSwitchManualIntSize" methodname="TestSwitchManualIntSize" classname="Kaitai.SpecSwitchManualIntSize" runstate="Runnable" seed="809926034" result="Passed" start-time="2019-04-23 15:17:02Z" end-time="2019-04-23 15:17:02Z" duration="0.005451" asserts="10" />
      </test-suite>
      <test-suite type="TestFixture" id="0-1260" name="SpecSwitchManualIntSizeElse" fullname="Kaitai.SpecSwitchManualIntSizeElse" classname="Kaitai.SpecSwitchManualIntSizeElse" runstate="Runnable" testcasecount="1" result="Passed" start-time="2019-04-23 15:17:02Z" end-time="2019-04-23 15:17:02Z" duration="0.011681" total="1" passed="1" failed="0" inconclusive="0" skipped="0" asserts="10">
        <test-case id="0-1261" name="TestSwitchManualIntSizeElse" fullname="Kaitai.SpecSwitchManualIntSizeElse.TestSwitchManualIntSizeElse" methodname="TestSwitchManualIntSizeElse" classname="Kaitai.SpecSwitchManualIntSizeElse" runstate="Runnable" seed="1290698726" result="Passed" start-time="2019-04-23 15:17:02Z" end-time="2019-04-23 15:17:02Z" duration="0.005280" asserts="10" />
      </test-suite>
      <test-suite type="TestFixture" id="0-1262" name="SpecSwitchManualIntSizeEos" fullname="Kaitai.SpecSwitchManualIntSizeEos" classname="Kaitai.SpecSwitchManualIntSizeEos" runstate="Runnable" testcasecount="1" result="Passed" start-time="2019-04-23 15:17:02Z" end-time="2019-04-23 15:17:02Z" duration="0.009016" total="1" passed="1" failed="0" inconclusive="0" skipped="0" asserts="10">
        <test-case id="0-1263" name="TestSwitchManualIntSizeEos" fullname="Kaitai.SpecSwitchManualIntSizeEos.TestSwitchManualIntSizeEos" methodname="TestSwitchManualIntSizeEos" classname="Kaitai.SpecSwitchManualIntSizeEos" runstate="Runnable" seed="380661016" result="Passed" start-time="2019-04-23 15:17:02Z" end-time="2019-04-23 15:17:02Z" duration="0.005681" asserts="10" />
      </test-suite>
      <test-suite type="TestFixture" id="0-1264" name="SpecSwitchManualStr" fullname="Kaitai.SpecSwitchManualStr" classname="Kaitai.SpecSwitchManualStr" runstate="Runnable" testcasecount="1" result="Passed" start-time="2019-04-23 15:17:02Z" end-time="2019-04-23 15:17:02Z" duration="0.007013" total="1" passed="1" failed="0" inconclusive="0" skipped="0" asserts="9">
        <test-case id="0-1265" name="TestSwitchManualStr" fullname="Kaitai.SpecSwitchManualStr.TestSwitchManualStr" methodname="TestSwitchManualStr" classname="Kaitai.SpecSwitchManualStr" runstate="Runnable" seed="1018359898" result="Passed" start-time="2019-04-23 15:17:02Z" end-time="2019-04-23 15:17:02Z" duration="0.003661" asserts="9" />
      </test-suite>
      <test-suite type="TestFixture" id="0-1266" name="SpecSwitchManualStrElse" fullname="Kaitai.SpecSwitchManualStrElse" classname="Kaitai.SpecSwitchManualStrElse" runstate="Runnable" testcasecount="1" result="Passed" start-time="2019-04-23 15:17:02Z" end-time="2019-04-23 15:17:02Z" duration="0.010007" total="1" passed="1" failed="0" inconclusive="0" skipped="0" asserts="9">
        <test-case id="0-1267" name="TestSwitchManualStrElse" fullname="Kaitai.SpecSwitchManualStrElse.TestSwitchManualStrElse" methodname="TestSwitchManualStrElse" classname="Kaitai.SpecSwitchManualStrElse" runstate="Runnable" seed="788240281" result="Passed" start-time="2019-04-23 15:17:02Z" end-time="2019-04-23 15:17:02Z" duration="0.006722" asserts="9" />
      </test-suite>
      <test-suite type="TestFixture" id="0-1268" name="SpecSwitchMultiBoolOps" fullname="Kaitai.SpecSwitchMultiBoolOps" classname="Kaitai.SpecSwitchMultiBoolOps" runstate="Runnable" testcasecount="1" result="Passed" start-time="2019-04-23 15:17:02Z" end-time="2019-04-23 15:17:02Z" duration="0.007004" total="1" passed="1" failed="0" inconclusive="0" skipped="0" asserts="9">
        <test-case id="0-1269" name="TestSwitchMultiBoolOps" fullname="Kaitai.SpecSwitchMultiBoolOps.TestSwitchMultiBoolOps" methodname="TestSwitchMultiBoolOps" classname="Kaitai.SpecSwitchMultiBoolOps" runstate="Runnable" seed="1687762928" result="Passed" start-time="2019-04-23 15:17:02Z" end-time="2019-04-23 15:17:02Z" duration="0.003468" asserts="9" />
      </test-suite>
      <test-suite type="TestFixture" id="0-1270" name="SpecSwitchRepeatExpr" fullname="Kaitai.SpecSwitchRepeatExpr" classname="Kaitai.SpecSwitchRepeatExpr" runstate="Runnable" testcasecount="1" result="Passed" start-time="2019-04-23 15:17:02Z" end-time="2019-04-23 15:17:02Z" duration="0.006014" total="1" passed="1" failed="0" inconclusive="0" skipped="0" asserts="3">
        <test-case id="0-1271" name="TestSwitchRepeatExpr" fullname="Kaitai.SpecSwitchRepeatExpr.TestSwitchRepeatExpr" methodname="TestSwitchRepeatExpr" classname="Kaitai.SpecSwitchRepeatExpr" runstate="Runnable" seed="828032699" result="Passed" start-time="2019-04-23 15:17:02Z" end-time="2019-04-23 15:17:02Z" duration="0.002561" asserts="3" />
      </test-suite>
      <test-suite type="TestFixture" id="0-1272" name="SpecTermBytes" fullname="Kaitai.SpecTermBytes" classname="Kaitai.SpecTermBytes" runstate="Runnable" testcasecount="1" result="Passed" start-time="2019-04-23 15:17:02Z" end-time="2019-04-23 15:17:02Z" duration="0.005010" total="1" passed="1" failed="0" inconclusive="0" skipped="0" asserts="3">
        <test-case id="0-1273" name="TestTermBytes" fullname="Kaitai.SpecTermBytes.TestTermBytes" methodname="TestTermBytes" classname="Kaitai.SpecTermBytes" runstate="Runnable" seed="918158210" result="Passed" start-time="2019-04-23 15:17:02Z" end-time="2019-04-23 15:17:02Z" duration="0.001262" asserts="3" />
      </test-suite>
      <test-suite type="TestFixture" id="0-1274" name="SpecTermStrz" fullname="Kaitai.SpecTermStrz" classname="Kaitai.SpecTermStrz" runstate="Runnable" testcasecount="1" result="Passed" start-time="2019-04-23 15:17:02Z" end-time="2019-04-23 15:17:02Z" duration="0.004007" total="1" passed="1" failed="0" inconclusive="0" skipped="0" asserts="3">
        <test-case id="0-1275" name="TestTermStrz" fullname="Kaitai.SpecTermStrz.TestTermStrz" methodname="TestTermStrz" classname="Kaitai.SpecTermStrz" runstate="Runnable" seed="992183370" result="Passed" start-time="2019-04-23 15:17:02Z" end-time="2019-04-23 15:17:02Z" duration="0.000608" asserts="3" />
      </test-suite>
      <test-suite type="TestFixture" id="0-1276" name="SpecTsPacketHeader" fullname="Kaitai.SpecTsPacketHeader" classname="Kaitai.SpecTsPacketHeader" runstate="Runnable" testcasecount="1" result="Passed" start-time="2019-04-23 15:17:02Z" end-time="2019-04-23 15:17:02Z" duration="0.008016" total="1" passed="1" failed="0" inconclusive="0" skipped="0" asserts="7">
        <test-case id="0-1277" name="TestTsPacketHeader" fullname="Kaitai.SpecTsPacketHeader.TestTsPacketHeader" methodname="TestTsPacketHeader" classname="Kaitai.SpecTsPacketHeader" runstate="Runnable" seed="282863327" result="Passed" start-time="2019-04-23 15:17:02Z" end-time="2019-04-23 15:17:02Z" duration="0.003105" asserts="7" />
      </test-suite>
      <test-suite type="TestFixture" id="0-1278" name="SpecTypeIntUnaryOp" fullname="Kaitai.SpecTypeIntUnaryOp" classname="Kaitai.SpecTypeIntUnaryOp" runstate="Runnable" testcasecount="1" result="Passed" start-time="2019-04-23 15:17:02Z" end-time="2019-04-23 15:17:02Z" duration="0.006449" total="1" passed="1" failed="0" inconclusive="0" skipped="0" asserts="4">
        <test-case id="0-1279" name="TestTypeIntUnaryOp" fullname="Kaitai.SpecTypeIntUnaryOp.TestTypeIntUnaryOp" methodname="TestTypeIntUnaryOp" classname="Kaitai.SpecTypeIntUnaryOp" runstate="Runnable" seed="1239678955" result="Passed" start-time="2019-04-23 15:17:02Z" end-time="2019-04-23 15:17:02Z" duration="0.001918" asserts="4" />
      </test-suite>
      <test-suite type="TestFixture" id="0-1280" name="SpecTypeTernary" fullname="Kaitai.SpecTypeTernary" classname="Kaitai.SpecTypeTernary" runstate="Runnable" testcasecount="1" result="Passed" start-time="2019-04-23 15:17:02Z" end-time="2019-04-23 15:17:02Z" duration="0.006022" total="1" passed="1" failed="0" inconclusive="0" skipped="0" asserts="1">
        <test-case id="0-1281" name="TestTypeTernary" fullname="Kaitai.SpecTypeTernary.TestTypeTernary" methodname="TestTypeTernary" classname="Kaitai.SpecTypeTernary" runstate="Runnable" seed="1329714784" result="Passed" start-time="2019-04-23 15:17:02Z" end-time="2019-04-23 15:17:02Z" duration="0.002414" asserts="1" />
      </test-suite>
      <test-suite type="TestFixture" id="0-1282" name="SpecTypeTernaryOpaque" fullname="Kaitai.SpecTypeTernaryOpaque" classname="Kaitai.SpecTypeTernaryOpaque" runstate="Runnable" testcasecount="1" result="Passed" start-time="2019-04-23 15:17:02Z" end-time="2019-04-23 15:17:02Z" duration="0.006020" total="1" passed="1" failed="0" inconclusive="0" skipped="0" asserts="3">
        <test-case id="0-1283" name="TestTypeTernaryOpaque" fullname="Kaitai.SpecTypeTernaryOpaque.TestTypeTernaryOpaque" methodname="TestTypeTernaryOpaque" classname="Kaitai.SpecTypeTernaryOpaque" runstate="Runnable" seed="1719672932" result="Passed" start-time="2019-04-23 15:17:02Z" end-time="2019-04-23 15:17:02Z" duration="0.002195" asserts="3" />
      </test-suite>
      <test-suite type="TestFixture" id="0-1284" name="SpecUserType" fullname="Kaitai.SpecUserType" classname="Kaitai.SpecUserType" runstate="Runnable" testcasecount="1" result="Passed" start-time="2019-04-23 15:17:02Z" end-time="2019-04-23 15:17:02Z" duration="0.006013" total="1" passed="1" failed="0" inconclusive="0" skipped="0" asserts="2">
        <test-case id="0-1285" name="TestUserType" fullname="Kaitai.SpecUserType.TestUserType" methodname="TestUserType" classname="Kaitai.SpecUserType" runstate="Runnable" seed="228497380" result="Passed" start-time="2019-04-23 15:17:02Z" end-time="2019-04-23 15:17:02Z" duration="0.002358" asserts="2" />
      </test-suite>
      <test-suite type="TestFixture" id="0-1286" name="SpecZlibWithHeader78" fullname="Kaitai.SpecZlibWithHeader78" classname="Kaitai.SpecZlibWithHeader78" runstate="Runnable" testcasecount="1" result="Passed" start-time="2019-04-23 15:17:02Z" end-time="2019-04-23 15:17:02Z" duration="0.035056" total="1" passed="1" failed="0" inconclusive="0" skipped="0" asserts="1">
        <test-case id="0-1287" name="TestZlibWithHeader78" fullname="Kaitai.SpecZlibWithHeader78.TestZlibWithHeader78" methodname="TestZlibWithHeader78" classname="Kaitai.SpecZlibWithHeader78" runstate="Runnable" seed="297023699" result="Passed" start-time="2019-04-23 15:17:02Z" end-time="2019-04-23 15:17:02Z" duration="0.031819" asserts="1" />
      </test-suite>
    </test-suite>
  </test-suite>
</test-run>