<?xml version="1.0" encoding="utf-8" standalone="no"?>
<test-run id="0" runstate="Runnable" testcasecount="237" result="Failed" total="237" passed="236" failed="1" inconclusive="0" skipped="0" asserts="1079" engine-version="3.12.0.0" clr-version="4.0.30319.42000" start-time="2024-07-14 23:36:39Z" end-time="2024-07-14 23:36:40Z" duration="1.053557">
  <command-line><![CDATA[/home/runner/.nuget/packages/nunit.consolerunner/3.12.0/tools/nunit3-console.exe --result=test_out/csharp/TestResult.xml spec/csharp/kaitai_struct_csharp_tests_netframework/bin/Debug/kaitai_struct_csharp_tests.dll]]></command-line>
  <test-suite type="Assembly" id="1-1474" name="kaitai_struct_csharp_tests.dll" fullname="/home/runner/work/ci_targets/ci_targets/tests/spec/csharp/kaitai_struct_csharp_tests_netframework/bin/Debug/kaitai_struct_csharp_tests.dll" runstate="Runnable" testcasecount="237" result="Failed" site="Child" start-time="2024-07-14T23:36:40.2496770Z" end-time="2024-07-14T23:36:40.6720050Z" duration="0.422181" total="237" passed="236" failed="1" warnings="0" inconclusive="0" skipped="0" asserts="1079">
    <environment framework-version="3.14.0.0" clr-version="4.0.30319.42000" os-version="Unix 6.5.0.1023" platform="Unix" cwd="/home/runner/work/ci_targets/ci_targets/tests" machine-name="fv-az566-865" user="runner" user-domain="fv-az566-865" culture="" uiculture="" os-architecture="x64" />
    <settings>
      <setting name="DisposeRunners" value="True" />
      <setting name="WorkDirectory" value="/home/runner/work/ci_targets/ci_targets/tests" />
      <setting name="ImageRuntimeVersion" value="4.0.30319" />
      <setting name="ImageTargetFrameworkName" value=".NETFramework,Version=v4.8" />
      <setting name="ImageRequiresX86" value="False" />
      <setting name="ImageRequiresDefaultAppDomainAssemblyResolver" value="False" />
      <setting name="TargetRuntimeFramework" value="mono-4.0" />
      <setting name="NumberOfTestWorkers" value="4" />
    </settings>
    <properties>
      <property name="_PID" value="2662" />
      <property name="_APPDOMAIN" value="domain-" />
    </properties>
    <failure>
      <message><![CDATA[One or more child tests had errors]]></message>
    </failure>
    <test-suite type="TestSuite" id="1-1475" name="Kaitai" fullname="Kaitai" runstate="Runnable" testcasecount="237" result="Failed" site="Child" start-time="2024-07-14T23:36:40.2592520Z" end-time="2024-07-14T23:36:40.6719860Z" duration="0.412734" total="237" passed="236" failed="1" warnings="0" inconclusive="0" skipped="0" asserts="1079">
      <failure>
        <message><![CDATA[One or more child tests had errors]]></message>
      </failure>
      <test-suite type="TestFixture" id="1-1000" name="SpecBcdUserTypeBe" fullname="Kaitai.SpecBcdUserTypeBe" classname="Kaitai.SpecBcdUserTypeBe" runstate="Runnable" testcasecount="1" result="Passed" start-time="2024-07-14T23:36:40.2609630Z" end-time="2024-07-14T23:36:40.3066250Z" duration="0.045662" total="1" passed="1" failed="0" warnings="0" inconclusive="0" skipped="0" asserts="6">
        <test-case id="1-1001" name="TestBcdUserTypeBe" fullname="Kaitai.SpecBcdUserTypeBe.TestBcdUserTypeBe" methodname="TestBcdUserTypeBe" classname="Kaitai.SpecBcdUserTypeBe" runstate="Runnable" seed="2065596461" result="Passed" start-time="2024-07-14T23:36:40.2633840Z" end-time="2024-07-14T23:36:40.3027830Z" duration="0.039520" asserts="6" />
      </test-suite>
      <test-suite type="TestFixture" id="1-1002" name="SpecBcdUserTypeLe" fullname="Kaitai.SpecBcdUserTypeLe" classname="Kaitai.SpecBcdUserTypeLe" runstate="Runnable" testcasecount="1" result="Passed" start-time="2024-07-14T23:36:40.3085840Z" end-time="2024-07-14T23:36:40.3112070Z" duration="0.002623" total="1" passed="1" failed="0" warnings="0" inconclusive="0" skipped="0" asserts="6">
        <test-case id="1-1003" name="TestBcdUserTypeLe" fullname="Kaitai.SpecBcdUserTypeLe.TestBcdUserTypeLe" methodname="TestBcdUserTypeLe" classname="Kaitai.SpecBcdUserTypeLe" runstate="Runnable" seed="410877947" result="Passed" start-time="2024-07-14T23:36:40.3086930Z" end-time="2024-07-14T23:36:40.3111880Z" duration="0.002495" asserts="6" />
      </test-suite>
      <test-suite type="TestFixture" id="1-1004" name="SpecBitsByteAligned" fullname="Kaitai.SpecBitsByteAligned" classname="Kaitai.SpecBitsByteAligned" runstate="Runnable" testcasecount="1" result="Passed" start-time="2024-07-14T23:36:40.3112260Z" end-time="2024-07-14T23:36:40.3162270Z" duration="0.005000" total="1" passed="1" failed="0" warnings="0" inconclusive="0" skipped="0" asserts="9">
        <test-case id="1-1005" name="TestBitsByteAligned" fullname="Kaitai.SpecBitsByteAligned.TestBitsByteAligned" methodname="TestBitsByteAligned" classname="Kaitai.SpecBitsByteAligned" runstate="Runnable" seed="1022761096" result="Passed" start-time="2024-07-14T23:36:40.3113150Z" end-time="2024-07-14T23:36:40.3162070Z" duration="0.004892" asserts="9" />
      </test-suite>
      <test-suite type="TestFixture" id="1-1006" name="SpecBitsEnum" fullname="Kaitai.SpecBitsEnum" classname="Kaitai.SpecBitsEnum" runstate="Runnable" testcasecount="1" result="Passed" start-time="2024-07-14T23:36:40.3162450Z" end-time="2024-07-14T23:36:40.3169820Z" duration="0.000737" total="1" passed="1" failed="0" warnings="0" inconclusive="0" skipped="0" asserts="3">
        <test-case id="1-1007" name="TestBitsEnum" fullname="Kaitai.SpecBitsEnum.TestBitsEnum" methodname="TestBitsEnum" classname="Kaitai.SpecBitsEnum" runstate="Runnable" seed="408572953" result="Passed" start-time="2024-07-14T23:36:40.3163720Z" end-time="2024-07-14T23:36:40.3169630Z" duration="0.000591" asserts="3" />
      </test-suite>
      <test-suite type="TestFixture" id="1-1008" name="SpecBitsSeqEndianCombo" fullname="Kaitai.SpecBitsSeqEndianCombo" classname="Kaitai.SpecBitsSeqEndianCombo" runstate="Runnable" testcasecount="1" result="Passed" start-time="2024-07-14T23:36:40.3169990Z" end-time="2024-07-14T23:36:40.3176620Z" duration="0.000663" total="1" passed="1" failed="0" warnings="0" inconclusive="0" skipped="0" asserts="8">
        <test-case id="1-1009" name="TestBitsSeqEndianCombo" fullname="Kaitai.SpecBitsSeqEndianCombo.TestBitsSeqEndianCombo" methodname="TestBitsSeqEndianCombo" classname="Kaitai.SpecBitsSeqEndianCombo" runstate="Runnable" seed="146135232" result="Passed" start-time="2024-07-14T23:36:40.3170800Z" end-time="2024-07-14T23:36:40.3176440Z" duration="0.000564" asserts="8" />
      </test-suite>
      <test-suite type="TestFixture" id="1-1010" name="SpecBitsShiftByB32Le" fullname="Kaitai.SpecBitsShiftByB32Le" classname="Kaitai.SpecBitsShiftByB32Le" runstate="Runnable" testcasecount="1" result="Passed" start-time="2024-07-14T23:36:40.3176790Z" end-time="2024-07-14T23:36:40.3181010Z" duration="0.000422" total="1" passed="1" failed="0" warnings="0" inconclusive="0" skipped="0" asserts="2">
        <test-case id="1-1011" name="TestBitsShiftByB32Le" fullname="Kaitai.SpecBitsShiftByB32Le.TestBitsShiftByB32Le" methodname="TestBitsShiftByB32Le" classname="Kaitai.SpecBitsShiftByB32Le" runstate="Runnable" seed="518081637" result="Passed" start-time="2024-07-14T23:36:40.3177610Z" end-time="2024-07-14T23:36:40.3180840Z" duration="0.000324" asserts="2" />
      </test-suite>
      <test-suite type="TestFixture" id="1-1012" name="SpecBitsShiftByB64Le" fullname="Kaitai.SpecBitsShiftByB64Le" classname="Kaitai.SpecBitsShiftByB64Le" runstate="Runnable" testcasecount="1" result="Passed" start-time="2024-07-14T23:36:40.3181190Z" end-time="2024-07-14T23:36:40.3184990Z" duration="0.000380" total="1" passed="1" failed="0" warnings="0" inconclusive="0" skipped="0" asserts="2">
        <test-case id="1-1013" name="TestBitsShiftByB64Le" fullname="Kaitai.SpecBitsShiftByB64Le.TestBitsShiftByB64Le" methodname="TestBitsShiftByB64Le" classname="Kaitai.SpecBitsShiftByB64Le" runstate="Runnable" seed="1535740436" result="Passed" start-time="2024-07-14T23:36:40.3181960Z" end-time="2024-07-14T23:36:40.3184820Z" duration="0.000286" asserts="2" />
      </test-suite>
      <test-suite type="TestFixture" id="1-1014" name="SpecBitsSignedResB32Be" fullname="Kaitai.SpecBitsSignedResB32Be" classname="Kaitai.SpecBitsSignedResB32Be" runstate="Runnable" testcasecount="1" result="Passed" start-time="2024-07-14T23:36:40.3185150Z" end-time="2024-07-14T23:36:40.3188560Z" duration="0.000340" total="1" passed="1" failed="0" warnings="0" inconclusive="0" skipped="0" asserts="1">
        <test-case id="1-1015" name="TestBitsSignedResB32Be" fullname="Kaitai.SpecBitsSignedResB32Be.TestBitsSignedResB32Be" methodname="TestBitsSignedResB32Be" classname="Kaitai.SpecBitsSignedResB32Be" runstate="Runnable" seed="1947445779" result="Passed" start-time="2024-07-14T23:36:40.3185920Z" end-time="2024-07-14T23:36:40.3188390Z" duration="0.000247" asserts="1" />
      </test-suite>
      <test-suite type="TestFixture" id="1-1016" name="SpecBitsSignedResB32Le" fullname="Kaitai.SpecBitsSignedResB32Le" classname="Kaitai.SpecBitsSignedResB32Le" runstate="Runnable" testcasecount="1" result="Passed" start-time="2024-07-14T23:36:40.3188720Z" end-time="2024-07-14T23:36:40.3192070Z" duration="0.000335" total="1" passed="1" failed="0" warnings="0" inconclusive="0" skipped="0" asserts="1">
        <test-case id="1-1017" name="TestBitsSignedResB32Le" fullname="Kaitai.SpecBitsSignedResB32Le.TestBitsSignedResB32Le" methodname="TestBitsSignedResB32Le" classname="Kaitai.SpecBitsSignedResB32Le" runstate="Runnable" seed="2100211679" result="Passed" start-time="2024-07-14T23:36:40.3189480Z" end-time="2024-07-14T23:36:40.3191900Z" duration="0.000241" asserts="1" />
      </test-suite>
      <test-suite type="TestFixture" id="1-1018" name="SpecBitsSignedShiftB32Le" fullname="Kaitai.SpecBitsSignedShiftB32Le" classname="Kaitai.SpecBitsSignedShiftB32Le" runstate="Runnable" testcasecount="1" result="Passed" start-time="2024-07-14T23:36:40.3192250Z" end-time="2024-07-14T23:36:40.3196530Z" duration="0.000428" total="1" passed="1" failed="0" warnings="0" inconclusive="0" skipped="0" asserts="2">
        <test-case id="1-1019" name="TestBitsSignedShiftB32Le" fullname="Kaitai.SpecBitsSignedShiftB32Le.TestBitsSignedShiftB32Le" methodname="TestBitsSignedShiftB32Le" classname="Kaitai.SpecBitsSignedShiftB32Le" runstate="Runnable" seed="1274354716" result="Passed" start-time="2024-07-14T23:36:40.3193040Z" end-time="2024-07-14T23:36:40.3196360Z" duration="0.000332" asserts="2" />
      </test-suite>
      <test-suite type="TestFixture" id="1-1020" name="SpecBitsSignedShiftB64Le" fullname="Kaitai.SpecBitsSignedShiftB64Le" classname="Kaitai.SpecBitsSignedShiftB64Le" runstate="Runnable" testcasecount="1" result="Passed" start-time="2024-07-14T23:36:40.3196700Z" end-time="2024-07-14T23:36:40.3200450Z" duration="0.000376" total="1" passed="1" failed="0" warnings="0" inconclusive="0" skipped="0" asserts="2">
        <test-case id="1-1021" name="TestBitsSignedShiftB64Le" fullname="Kaitai.SpecBitsSignedShiftB64Le.TestBitsSignedShiftB64Le" methodname="TestBitsSignedShiftB64Le" classname="Kaitai.SpecBitsSignedShiftB64Le" runstate="Runnable" seed="1501104673" result="Passed" start-time="2024-07-14T23:36:40.3197570Z" end-time="2024-07-14T23:36:40.3200290Z" duration="0.000273" asserts="2" />
      </test-suite>
      <test-suite type="TestFixture" id="1-1022" name="SpecBitsSimple" fullname="Kaitai.SpecBitsSimple" classname="Kaitai.SpecBitsSimple" runstate="Runnable" testcasecount="1" result="Passed" start-time="2024-07-14T23:36:40.3200620Z" end-time="2024-07-14T23:36:40.3215840Z" duration="0.001522" total="1" passed="1" failed="0" warnings="0" inconclusive="0" skipped="0" asserts="14">
        <test-case id="1-1023" name="TestBitsSimple" fullname="Kaitai.SpecBitsSimple.TestBitsSimple" methodname="TestBitsSimple" classname="Kaitai.SpecBitsSimple" runstate="Runnable" seed="767458832" result="Passed" start-time="2024-07-14T23:36:40.3201290Z" end-time="2024-07-14T23:36:40.3215640Z" duration="0.001435" asserts="14" />
      </test-suite>
      <test-suite type="TestFixture" id="1-1024" name="SpecBitsSimpleLe" fullname="Kaitai.SpecBitsSimpleLe" classname="Kaitai.SpecBitsSimpleLe" runstate="Runnable" testcasecount="1" result="Passed" start-time="2024-07-14T23:36:40.3216010Z" end-time="2024-07-14T23:36:40.3224100Z" duration="0.000809" total="1" passed="1" failed="0" warnings="0" inconclusive="0" skipped="0" asserts="14">
        <test-case id="1-1025" name="TestBitsSimpleLe" fullname="Kaitai.SpecBitsSimpleLe.TestBitsSimpleLe" methodname="TestBitsSimpleLe" classname="Kaitai.SpecBitsSimpleLe" runstate="Runnable" seed="1186326921" result="Passed" start-time="2024-07-14T23:36:40.3216720Z" end-time="2024-07-14T23:36:40.3223920Z" duration="0.000720" asserts="14" />
      </test-suite>
      <test-suite type="TestFixture" id="1-1026" name="SpecBitsUnalignedB32Be" fullname="Kaitai.SpecBitsUnalignedB32Be" classname="Kaitai.SpecBitsUnalignedB32Be" runstate="Runnable" testcasecount="1" result="Passed" start-time="2024-07-14T23:36:40.3224270Z" end-time="2024-07-14T23:36:40.3228440Z" duration="0.000418" total="1" passed="1" failed="0" warnings="0" inconclusive="0" skipped="0" asserts="3">
        <test-case id="1-1027" name="TestBitsUnalignedB32Be" fullname="Kaitai.SpecBitsUnalignedB32Be.TestBitsUnalignedB32Be" methodname="TestBitsUnalignedB32Be" classname="Kaitai.SpecBitsUnalignedB32Be" runstate="Runnable" seed="1575734647" result="Passed" start-time="2024-07-14T23:36:40.3224990Z" end-time="2024-07-14T23:36:40.3228280Z" duration="0.000330" asserts="3" />
      </test-suite>
      <test-suite type="TestFixture" id="1-1028" name="SpecBitsUnalignedB32Le" fullname="Kaitai.SpecBitsUnalignedB32Le" classname="Kaitai.SpecBitsUnalignedB32Le" runstate="Runnable" testcasecount="1" result="Passed" start-time="2024-07-14T23:36:40.3228610Z" end-time="2024-07-14T23:36:40.3232670Z" duration="0.000406" total="1" passed="1" failed="0" warnings="0" inconclusive="0" skipped="0" asserts="3">
        <test-case id="1-1029" name="TestBitsUnalignedB32Le" fullname="Kaitai.SpecBitsUnalignedB32Le.TestBitsUnalignedB32Le" methodname="TestBitsUnalignedB32Le" classname="Kaitai.SpecBitsUnalignedB32Le" runstate="Runnable" seed="1542502754" result="Passed" start-time="2024-07-14T23:36:40.3229280Z" end-time="2024-07-14T23:36:40.3232500Z" duration="0.000322" asserts="3" />
      </test-suite>
      <test-suite type="TestFixture" id="1-1030" name="SpecBitsUnalignedB64Be" fullname="Kaitai.SpecBitsUnalignedB64Be" classname="Kaitai.SpecBitsUnalignedB64Be" runstate="Runnable" testcasecount="1" result="Passed" start-time="2024-07-14T23:36:40.3232830Z" end-time="2024-07-14T23:36:40.3236990Z" duration="0.000415" total="1" passed="1" failed="0" warnings="0" inconclusive="0" skipped="0" asserts="3">
        <test-case id="1-1031" name="TestBitsUnalignedB64Be" fullname="Kaitai.SpecBitsUnalignedB64Be.TestBitsUnalignedB64Be" methodname="TestBitsUnalignedB64Be" classname="Kaitai.SpecBitsUnalignedB64Be" runstate="Runnable" seed="1297058474" result="Passed" start-time="2024-07-14T23:36:40.3233640Z" end-time="2024-07-14T23:36:40.3236830Z" duration="0.000319" asserts="3" />
      </test-suite>
      <test-suite type="TestFixture" id="1-1032" name="SpecBitsUnalignedB64Le" fullname="Kaitai.SpecBitsUnalignedB64Le" classname="Kaitai.SpecBitsUnalignedB64Le" runstate="Runnable" testcasecount="1" result="Passed" start-time="2024-07-14T23:36:40.3237140Z" end-time="2024-07-14T23:36:40.3241050Z" duration="0.000391" total="1" passed="1" failed="0" warnings="0" inconclusive="0" skipped="0" asserts="3">
        <test-case id="1-1033" name="TestBitsUnalignedB64Le" fullname="Kaitai.SpecBitsUnalignedB64Le.TestBitsUnalignedB64Le" methodname="TestBitsUnalignedB64Le" classname="Kaitai.SpecBitsUnalignedB64Le" runstate="Runnable" seed="441476820" result="Passed" start-time="2024-07-14T23:36:40.3237810Z" end-time="2024-07-14T23:36:40.3240890Z" duration="0.000308" asserts="3" />
      </test-suite>
      <test-suite type="TestFixture" id="1-1034" name="SpecBufferedStruct" fullname="Kaitai.SpecBufferedStruct" classname="Kaitai.SpecBufferedStruct" runstate="Runnable" testcasecount="1" result="Passed" start-time="2024-07-14T23:36:40.3241210Z" end-time="2024-07-14T23:36:40.3252210Z" duration="0.001100" total="1" passed="1" failed="0" warnings="0" inconclusive="0" skipped="0" asserts="7">
        <test-case id="1-1035" name="TestBufferedStruct" fullname="Kaitai.SpecBufferedStruct.TestBufferedStruct" methodname="TestBufferedStruct" classname="Kaitai.SpecBufferedStruct" runstate="Runnable" seed="109674858" result="Passed" start-time="2024-07-14T23:36:40.3241880Z" end-time="2024-07-14T23:36:40.3252020Z" duration="0.001014" asserts="7" />
      </test-suite>
      <test-suite type="TestFixture" id="1-1036" name="SpecBytesPadTerm" fullname="Kaitai.SpecBytesPadTerm" classname="Kaitai.SpecBytesPadTerm" runstate="Runnable" testcasecount="1" result="Passed" start-time="2024-07-14T23:36:40.3252380Z" end-time="2024-07-14T23:36:40.3258970Z" duration="0.000659" total="1" passed="1" failed="0" warnings="0" inconclusive="0" skipped="0" asserts="4">
        <test-case id="1-1037" name="TestBytesPadTerm" fullname="Kaitai.SpecBytesPadTerm.TestBytesPadTerm" methodname="TestBytesPadTerm" classname="Kaitai.SpecBytesPadTerm" runstate="Runnable" seed="1362606892" result="Passed" start-time="2024-07-14T23:36:40.3253090Z" end-time="2024-07-14T23:36:40.3258780Z" duration="0.000570" asserts="4" />
      </test-suite>
      <test-suite type="TestFixture" id="1-1038" name="SpecCastNested" fullname="Kaitai.SpecCastNested" classname="Kaitai.SpecCastNested" runstate="Runnable" testcasecount="1" result="Passed" start-time="2024-07-14T23:36:40.3259220Z" end-time="2024-07-14T23:36:40.3496260Z" duration="0.023705" total="1" passed="1" failed="0" warnings="0" inconclusive="0" skipped="0" asserts="4">
        <test-case id="1-1039" name="TestCastNested" fullname="Kaitai.SpecCastNested.TestCastNested" methodname="TestCastNested" classname="Kaitai.SpecCastNested" runstate="Runnable" seed="727679084" result="Passed" start-time="2024-07-14T23:36:40.3259940Z" end-time="2024-07-14T23:36:40.3495980Z" duration="0.023605" asserts="4" />
      </test-suite>
      <test-suite type="TestFixture" id="1-1040" name="SpecCastToTop" fullname="Kaitai.SpecCastToTop" classname="Kaitai.SpecCastToTop" runstate="Runnable" testcasecount="1" result="Passed" start-time="2024-07-14T23:36:40.3496600Z" end-time="2024-07-14T23:36:40.3508770Z" duration="0.001218" total="1" passed="1" failed="0" warnings="0" inconclusive="0" skipped="0" asserts="3">
        <test-case id="1-1041" name="TestCastToTop" fullname="Kaitai.SpecCastToTop.TestCastToTop" methodname="TestCastToTop" classname="Kaitai.SpecCastToTop" runstate="Runnable" seed="1984316767" result="Passed" start-time="2024-07-14T23:36:40.3497600Z" end-time="2024-07-14T23:36:40.3508540Z" duration="0.001094" asserts="3" />
      </test-suite>
      <test-suite type="TestFixture" id="1-1042" name="SpecCombineBool" fullname="Kaitai.SpecCombineBool" classname="Kaitai.SpecCombineBool" runstate="Runnable" testcasecount="1" result="Passed" start-time="2024-07-14T23:36:40.3509000Z" end-time="2024-07-14T23:36:40.3515360Z" duration="0.000636" total="1" passed="1" failed="0" warnings="0" inconclusive="0" skipped="0" asserts="2">
        <test-case id="1-1043" name="TestCombineBool" fullname="Kaitai.SpecCombineBool.TestCombineBool" methodname="TestCombineBool" classname="Kaitai.SpecCombineBool" runstate="Runnable" seed="1432103470" result="Passed" start-time="2024-07-14T23:36:40.3509990Z" end-time="2024-07-14T23:36:40.3515120Z" duration="0.000514" asserts="2" />
      </test-suite>
      <test-suite type="TestFixture" id="1-1044" name="SpecCombineBytes" fullname="Kaitai.SpecCombineBytes" classname="Kaitai.SpecCombineBytes" runstate="Runnable" testcasecount="1" result="Passed" start-time="2024-07-14T23:36:40.3515610Z" end-time="2024-07-14T23:36:40.3528690Z" duration="0.001308" total="1" passed="1" failed="0" warnings="0" inconclusive="0" skipped="0" asserts="10">
        <test-case id="1-1045" name="TestCombineBytes" fullname="Kaitai.SpecCombineBytes.TestCombineBytes" methodname="TestCombineBytes" classname="Kaitai.SpecCombineBytes" runstate="Runnable" seed="214529844" result="Passed" start-time="2024-07-14T23:36:40.3516570Z" end-time="2024-07-14T23:36:40.3528460Z" duration="0.001189" asserts="10" />
      </test-suite>
      <test-suite type="TestFixture" id="1-1046" name="SpecCombineEnum" fullname="Kaitai.SpecCombineEnum" classname="Kaitai.SpecCombineEnum" runstate="Runnable" testcasecount="1" result="Passed" start-time="2024-07-14T23:36:40.3528950Z" end-time="2024-07-14T23:36:40.3536590Z" duration="0.000763" total="1" passed="1" failed="0" warnings="0" inconclusive="0" skipped="0" asserts="3">
        <test-case id="1-1047" name="TestCombineEnum" fullname="Kaitai.SpecCombineEnum.TestCombineEnum" methodname="TestCombineEnum" classname="Kaitai.SpecCombineEnum" runstate="Runnable" seed="1298547814" result="Passed" start-time="2024-07-14T23:36:40.3529820Z" end-time="2024-07-14T23:36:40.3536340Z" duration="0.000652" asserts="3" />
      </test-suite>
      <test-suite type="TestFixture" id="1-1048" name="SpecCombineStr" fullname="Kaitai.SpecCombineStr" classname="Kaitai.SpecCombineStr" runstate="Runnable" testcasecount="1" result="Passed" start-time="2024-07-14T23:36:40.3536820Z" end-time="2024-07-14T23:36:40.3552300Z" duration="0.001548" total="1" passed="1" failed="0" warnings="0" inconclusive="0" skipped="0" asserts="15">
        <test-case id="1-1049" name="TestCombineStr" fullname="Kaitai.SpecCombineStr.TestCombineStr" methodname="TestCombineStr" classname="Kaitai.SpecCombineStr" runstate="Runnable" seed="963557876" result="Passed" start-time="2024-07-14T23:36:40.3537560Z" end-time="2024-07-14T23:36:40.3552110Z" duration="0.001455" asserts="15" />
      </test-suite>
      <test-suite type="TestFixture" id="1-1050" name="SpecDebug0" fullname="Kaitai.SpecDebug0" classname="Kaitai.SpecDebug0" runstate="Runnable" testcasecount="1" result="Passed" start-time="2024-07-14T23:36:40.3552480Z" end-time="2024-07-14T23:36:40.3554040Z" duration="0.000157" total="1" passed="1" failed="0" warnings="0" inconclusive="0" skipped="0" asserts="0">
        <test-case id="1-1051" name="TestDebug0" fullname="Kaitai.SpecDebug0.TestDebug0" methodname="TestDebug0" classname="Kaitai.SpecDebug0" runstate="Runnable" seed="1056533046" result="Passed" start-time="2024-07-14T23:36:40.3553370Z" end-time="2024-07-14T23:36:40.3553830Z" duration="0.000046" asserts="0" />
      </test-suite>
      <test-suite type="TestFixture" id="1-1052" name="SpecDebugArrayUser" fullname="Kaitai.SpecDebugArrayUser" classname="Kaitai.SpecDebugArrayUser" runstate="Runnable" testcasecount="1" result="Passed" start-time="2024-07-14T23:36:40.3554280Z" end-time="2024-07-14T23:36:40.3564970Z" duration="0.001069" total="1" passed="1" failed="0" warnings="0" inconclusive="0" skipped="0" asserts="4">
        <test-case id="1-1053" name="TestDebugArrayUser" fullname="Kaitai.SpecDebugArrayUser.TestDebugArrayUser" methodname="TestDebugArrayUser" classname="Kaitai.SpecDebugArrayUser" runstate="Runnable" seed="894222698" result="Passed" start-time="2024-07-14T23:36:40.3555200Z" end-time="2024-07-14T23:36:40.3564740Z" duration="0.000954" asserts="4" />
      </test-suite>
      <test-suite type="TestFixture" id="1-1054" name="SpecDebugEnumName" fullname="Kaitai.SpecDebugEnumName" classname="Kaitai.SpecDebugEnumName" runstate="Runnable" testcasecount="1" result="Passed" start-time="2024-07-14T23:36:40.3565220Z" end-time="2024-07-14T23:36:40.3566950Z" duration="0.000172" total="1" passed="1" failed="0" warnings="0" inconclusive="0" skipped="0" asserts="0">
        <test-case id="1-1055" name="TestDebugEnumName" fullname="Kaitai.SpecDebugEnumName.TestDebugEnumName" methodname="TestDebugEnumName" classname="Kaitai.SpecDebugEnumName" runstate="Runnable" seed="38933593" result="Passed" start-time="2024-07-14T23:36:40.3566190Z" end-time="2024-07-14T23:36:40.3566720Z" duration="0.000052" asserts="0" />
      </test-suite>
      <test-suite type="TestFixture" id="1-1056" name="SpecDebugSwitchUser" fullname="Kaitai.SpecDebugSwitchUser" classname="Kaitai.SpecDebugSwitchUser" runstate="Runnable" testcasecount="1" result="Passed" start-time="2024-07-14T23:36:40.3567210Z" end-time="2024-07-14T23:36:40.3575110Z" duration="0.000790" total="1" passed="1" failed="0" warnings="0" inconclusive="0" skipped="0" asserts="2">
        <test-case id="1-1057" name="TestDebugSwitchUser" fullname="Kaitai.SpecDebugSwitchUser.TestDebugSwitchUser" methodname="TestDebugSwitchUser" classname="Kaitai.SpecDebugSwitchUser" runstate="Runnable" seed="815241276" result="Passed" start-time="2024-07-14T23:36:40.3567970Z" end-time="2024-07-14T23:36:40.3574910Z" duration="0.000694" asserts="2" />
      </test-suite>
      <test-suite type="TestFixture" id="1-1058" name="SpecDefaultBigEndian" fullname="Kaitai.SpecDefaultBigEndian" classname="Kaitai.SpecDefaultBigEndian" runstate="Runnable" testcasecount="1" result="Passed" start-time="2024-07-14T23:36:40.3575290Z" end-time="2024-07-14T23:36:40.3580610Z" duration="0.000531" total="1" passed="1" failed="0" warnings="0" inconclusive="0" skipped="0" asserts="1">
        <test-case id="1-1059" name="TestDefaultBigEndian" fullname="Kaitai.SpecDefaultBigEndian.TestDefaultBigEndian" methodname="TestDefaultBigEndian" classname="Kaitai.SpecDefaultBigEndian" runstate="Runnable" seed="83416463" result="Passed" start-time="2024-07-14T23:36:40.3576060Z" end-time="2024-07-14T23:36:40.3580390Z" duration="0.000433" asserts="1" />
      </test-suite>
      <test-suite type="TestFixture" id="1-1060" name="SpecDefaultBitEndianMod" fullname="Kaitai.SpecDefaultBitEndianMod" classname="Kaitai.SpecDefaultBitEndianMod" runstate="Runnable" testcasecount="1" result="Passed" start-time="2024-07-14T23:36:40.3580850Z" end-time="2024-07-14T23:36:40.3589790Z" duration="0.000894" total="1" passed="1" failed="0" warnings="0" inconclusive="0" skipped="0" asserts="4">
        <test-case id="1-1061" name="TestDefaultBitEndianMod" fullname="Kaitai.SpecDefaultBitEndianMod.TestDefaultBitEndianMod" methodname="TestDefaultBitEndianMod" classname="Kaitai.SpecDefaultBitEndianMod" runstate="Runnable" seed="1662517405" result="Passed" start-time="2024-07-14T23:36:40.3582190Z" end-time="2024-07-14T23:36:40.3589570Z" duration="0.000738" asserts="4" />
      </test-suite>
      <test-suite type="TestFixture" id="1-1062" name="SpecDefaultEndianExprException" fullname="Kaitai.SpecDefaultEndianExprException" classname="Kaitai.SpecDefaultEndianExprException" runstate="Runnable" testcasecount="1" result="Passed" start-time="2024-07-14T23:36:40.3590060Z" end-time="2024-07-14T23:36:40.3656620Z" duration="0.006656" total="1" passed="1" failed="0" warnings="0" inconclusive="0" skipped="0" asserts="1">
        <test-case id="1-1063" name="TestDefaultEndianExprException" fullname="Kaitai.SpecDefaultEndianExprException.TestDefaultEndianExprException" methodname="TestDefaultEndianExprException" classname="Kaitai.SpecDefaultEndianExprException" runstate="Runnable" seed="918633539" result="Passed" start-time="2024-07-14T23:36:40.3591080Z" end-time="2024-07-14T23:36:40.3656420Z" duration="0.006534" asserts="1" />
      </test-suite>
      <test-suite type="TestFixture" id="1-1064" name="SpecDefaultEndianExprInherited" fullname="Kaitai.SpecDefaultEndianExprInherited" classname="Kaitai.SpecDefaultEndianExprInherited" runstate="Runnable" testcasecount="1" result="Passed" start-time="2024-07-14T23:36:40.3656820Z" end-time="2024-07-14T23:36:40.3688130Z" duration="0.003131" total="1" passed="1" failed="0" warnings="0" inconclusive="0" skipped="0" asserts="15">
        <test-case id="1-1065" name="TestDefaultEndianExprInherited" fullname="Kaitai.SpecDefaultEndianExprInherited.TestDefaultEndianExprInherited" methodname="TestDefaultEndianExprInherited" classname="Kaitai.SpecDefaultEndianExprInherited" runstate="Runnable" seed="19253114" result="Passed" start-time="2024-07-14T23:36:40.3657840Z" end-time="2024-07-14T23:36:40.3687940Z" duration="0.003010" asserts="15" />
      </test-suite>
      <test-suite type="TestFixture" id="1-1066" name="SpecDefaultEndianExprIsBe" fullname="Kaitai.SpecDefaultEndianExprIsBe" classname="Kaitai.SpecDefaultEndianExprIsBe" runstate="Runnable" testcasecount="1" result="Passed" start-time="2024-07-14T23:36:40.3688320Z" end-time="2024-07-14T23:36:40.3709840Z" duration="0.002152" total="1" passed="1" failed="0" warnings="0" inconclusive="0" skipped="0" asserts="18">
        <test-case id="1-1067" name="TestDefaultEndianExprIsBe" fullname="Kaitai.SpecDefaultEndianExprIsBe.TestDefaultEndianExprIsBe" methodname="TestDefaultEndianExprIsBe" classname="Kaitai.SpecDefaultEndianExprIsBe" runstate="Runnable" seed="2014136318" result="Passed" start-time="2024-07-14T23:36:40.3689060Z" end-time="2024-07-14T23:36:40.3709660Z" duration="0.002060" asserts="18" />
      </test-suite>
      <test-suite type="TestFixture" id="1-1068" name="SpecDefaultEndianExprIsLe" fullname="Kaitai.SpecDefaultEndianExprIsLe" classname="Kaitai.SpecDefaultEndianExprIsLe" runstate="Runnable" testcasecount="1" result="Passed" start-time="2024-07-14T23:36:40.3710020Z" end-time="2024-07-14T23:36:40.3724230Z" duration="0.001420" total="1" passed="1" failed="0" warnings="0" inconclusive="0" skipped="0" asserts="12">
        <test-case id="1-1069" name="TestDefaultEndianExprIsLe" fullname="Kaitai.SpecDefaultEndianExprIsLe.TestDefaultEndianExprIsLe" methodname="TestDefaultEndianExprIsLe" classname="Kaitai.SpecDefaultEndianExprIsLe" runstate="Runnable" seed="1965744535" result="Passed" start-time="2024-07-14T23:36:40.3710750Z" end-time="2024-07-14T23:36:40.3724040Z" duration="0.001330" asserts="12" />
      </test-suite>
      <test-suite type="TestFixture" id="1-1070" name="SpecDefaultEndianMod" fullname="Kaitai.SpecDefaultEndianMod" classname="Kaitai.SpecDefaultEndianMod" runstate="Runnable" testcasecount="1" result="Passed" start-time="2024-07-14T23:36:40.3724440Z" end-time="2024-07-14T23:36:40.3737240Z" duration="0.001280" total="1" passed="1" failed="0" warnings="0" inconclusive="0" skipped="0" asserts="3">
        <test-case id="1-1071" name="TestDefaultEndianMod" fullname="Kaitai.SpecDefaultEndianMod.TestDefaultEndianMod" methodname="TestDefaultEndianMod" classname="Kaitai.SpecDefaultEndianMod" runstate="Runnable" seed="247893668" result="Passed" start-time="2024-07-14T23:36:40.3725220Z" end-time="2024-07-14T23:36:40.3737060Z" duration="0.001185" asserts="3" />
      </test-suite>
      <test-suite type="TestFixture" id="1-1072" name="SpecDocstrings" fullname="Kaitai.SpecDocstrings" classname="Kaitai.SpecDocstrings" runstate="Runnable" testcasecount="1" result="Passed" start-time="2024-07-14T23:36:40.3737410Z" end-time="2024-07-14T23:36:40.3740950Z" duration="0.000354" total="1" passed="1" failed="0" warnings="0" inconclusive="0" skipped="0" asserts="0">
        <test-case id="1-1073" name="TestDocstrings" fullname="Kaitai.SpecDocstrings.TestDocstrings" methodname="TestDocstrings" classname="Kaitai.SpecDocstrings" runstate="Runnable" seed="1668296982" result="Passed" start-time="2024-07-14T23:36:40.3738120Z" end-time="2024-07-14T23:36:40.3740780Z" duration="0.000265" asserts="0" />
      </test-suite>
      <test-suite type="TestFixture" id="1-1074" name="SpecDocstringsDocref" fullname="Kaitai.SpecDocstringsDocref" classname="Kaitai.SpecDocstringsDocref" runstate="Runnable" testcasecount="1" result="Passed" start-time="2024-07-14T23:36:40.3741120Z" end-time="2024-07-14T23:36:40.3744260Z" duration="0.000313" total="1" passed="1" failed="0" warnings="0" inconclusive="0" skipped="0" asserts="0">
        <test-case id="1-1075" name="TestDocstringsDocref" fullname="Kaitai.SpecDocstringsDocref.TestDocstringsDocref" methodname="TestDocstringsDocref" classname="Kaitai.SpecDocstringsDocref" runstate="Runnable" seed="1774512540" result="Passed" start-time="2024-07-14T23:36:40.3741780Z" end-time="2024-07-14T23:36:40.3744090Z" duration="0.000231" asserts="0" />
      </test-suite>
      <test-suite type="TestFixture" id="1-1076" name="SpecDocstringsDocrefMulti" fullname="Kaitai.SpecDocstringsDocrefMulti" classname="Kaitai.SpecDocstringsDocrefMulti" runstate="Runnable" testcasecount="1" result="Passed" start-time="2024-07-14T23:36:40.3744410Z" end-time="2024-07-14T23:36:40.3747070Z" duration="0.000266" total="1" passed="1" failed="0" warnings="0" inconclusive="0" skipped="0" asserts="0">
        <test-case id="1-1077" name="TestDocstringsDocrefMulti" fullname="Kaitai.SpecDocstringsDocrefMulti.TestDocstringsDocrefMulti" methodname="TestDocstringsDocrefMulti" classname="Kaitai.SpecDocstringsDocrefMulti" runstate="Runnable" seed="1279212604" result="Passed" start-time="2024-07-14T23:36:40.3745060Z" end-time="2024-07-14T23:36:40.3746900Z" duration="0.000184" asserts="0" />
      </test-suite>
      <test-suite type="TestFixture" id="1-1078" name="SpecEnum0" fullname="Kaitai.SpecEnum0" classname="Kaitai.SpecEnum0" runstate="Runnable" testcasecount="1" result="Passed" start-time="2024-07-14T23:36:40.3747230Z" end-time="2024-07-14T23:36:40.3751170Z" duration="0.000394" total="1" passed="1" failed="0" warnings="0" inconclusive="0" skipped="0" asserts="2">
        <test-case id="1-1079" name="TestEnum0" fullname="Kaitai.SpecEnum0.TestEnum0" methodname="TestEnum0" classname="Kaitai.SpecEnum0" runstate="Runnable" seed="1084545031" result="Passed" start-time="2024-07-14T23:36:40.3747880Z" end-time="2024-07-14T23:36:40.3751000Z" duration="0.000312" asserts="2" />
      </test-suite>
      <test-suite type="TestFixture" id="1-1080" name="SpecEnum1" fullname="Kaitai.SpecEnum1" classname="Kaitai.SpecEnum1" runstate="Runnable" testcasecount="1" result="Passed" start-time="2024-07-14T23:36:40.3751330Z" end-time="2024-07-14T23:36:40.3759100Z" duration="0.000777" total="1" passed="1" failed="0" warnings="0" inconclusive="0" skipped="0" asserts="2">
        <test-case id="1-1081" name="TestEnum1" fullname="Kaitai.SpecEnum1.TestEnum1" methodname="TestEnum1" classname="Kaitai.SpecEnum1" runstate="Runnable" seed="2051457564" result="Passed" start-time="2024-07-14T23:36:40.3752120Z" end-time="2024-07-14T23:36:40.3758880Z" duration="0.000676" asserts="2" />
      </test-suite>
      <test-suite type="TestFixture" id="1-1082" name="SpecEnumDeep" fullname="Kaitai.SpecEnumDeep" classname="Kaitai.SpecEnumDeep" runstate="Runnable" testcasecount="1" result="Passed" start-time="2024-07-14T23:36:40.3759330Z" end-time="2024-07-14T23:36:40.3765390Z" duration="0.000606" total="1" passed="1" failed="0" warnings="0" inconclusive="0" skipped="0" asserts="2">
        <test-case id="1-1083" name="TestEnumDeep" fullname="Kaitai.SpecEnumDeep.TestEnumDeep" methodname="TestEnumDeep" classname="Kaitai.SpecEnumDeep" runstate="Runnable" seed="509089286" result="Passed" start-time="2024-07-14T23:36:40.3760260Z" end-time="2024-07-14T23:36:40.3765180Z" duration="0.000493" asserts="2" />
      </test-suite>
      <test-suite type="TestFixture" id="1-1084" name="SpecEnumDeepLiterals" fullname="Kaitai.SpecEnumDeepLiterals" classname="Kaitai.SpecEnumDeepLiterals" runstate="Runnable" testcasecount="1" result="Passed" start-time="2024-07-14T23:36:40.3765630Z" end-time="2024-07-14T23:36:40.3772770Z" duration="0.000714" total="1" passed="1" failed="0" warnings="0" inconclusive="0" skipped="0" asserts="2">
        <test-case id="1-1085" name="TestEnumDeepLiterals" fullname="Kaitai.SpecEnumDeepLiterals.TestEnumDeepLiterals" methodname="TestEnumDeepLiterals" classname="Kaitai.SpecEnumDeepLiterals" runstate="Runnable" seed="1371201103" result="Passed" start-time="2024-07-14T23:36:40.3766590Z" end-time="2024-07-14T23:36:40.3772540Z" duration="0.000596" asserts="2" />
      </test-suite>
      <test-suite type="TestFixture" id="1-1086" name="SpecEnumFancy" fullname="Kaitai.SpecEnumFancy" classname="Kaitai.SpecEnumFancy" runstate="Runnable" testcasecount="1" result="Passed" start-time="2024-07-14T23:36:40.3773010Z" end-time="2024-07-14T23:36:40.3778780Z" duration="0.000577" total="1" passed="1" failed="0" warnings="0" inconclusive="0" skipped="0" asserts="2">
        <test-case id="1-1087" name="TestEnumFancy" fullname="Kaitai.SpecEnumFancy.TestEnumFancy" methodname="TestEnumFancy" classname="Kaitai.SpecEnumFancy" runstate="Runnable" seed="503211789" result="Passed" start-time="2024-07-14T23:36:40.3773930Z" end-time="2024-07-14T23:36:40.3778560Z" duration="0.000464" asserts="2" />
      </test-suite>
      <test-suite type="TestFixture" id="1-1088" name="SpecEnumIf" fullname="Kaitai.SpecEnumIf" classname="Kaitai.SpecEnumIf" runstate="Runnable" testcasecount="1" result="Passed" start-time="2024-07-14T23:36:40.3779030Z" end-time="2024-07-14T23:36:40.3791000Z" duration="0.001197" total="1" passed="1" failed="0" warnings="0" inconclusive="0" skipped="0" asserts="7">
        <test-case id="1-1089" name="TestEnumIf" fullname="Kaitai.SpecEnumIf.TestEnumIf" methodname="TestEnumIf" classname="Kaitai.SpecEnumIf" runstate="Runnable" seed="67708921" result="Passed" start-time="2024-07-14T23:36:40.3779980Z" end-time="2024-07-14T23:36:40.3790810Z" duration="0.001084" asserts="7" />
      </test-suite>
      <test-suite type="TestFixture" id="1-1090" name="SpecEnumImportLiterals" fullname="Kaitai.SpecEnumImportLiterals" classname="Kaitai.SpecEnumImportLiterals" runstate="Runnable" testcasecount="1" result="Passed" start-time="2024-07-14T23:36:40.3791170Z" end-time="2024-07-14T23:36:40.3795870Z" duration="0.000470" total="1" passed="1" failed="0" warnings="0" inconclusive="0" skipped="0" asserts="3">
        <test-case id="1-1091" name="TestEnumImportLiterals" fullname="Kaitai.SpecEnumImportLiterals.TestEnumImportLiterals" methodname="TestEnumImportLiterals" classname="Kaitai.SpecEnumImportLiterals" runstate="Runnable" seed="897786727" result="Passed" start-time="2024-07-14T23:36:40.3791880Z" end-time="2024-07-14T23:36:40.3795700Z" duration="0.000382" asserts="3" />
      </test-suite>
      <test-suite type="TestFixture" id="1-1092" name="SpecEnumImportSeq" fullname="Kaitai.SpecEnumImportSeq" classname="Kaitai.SpecEnumImportSeq" runstate="Runnable" testcasecount="1" result="Passed" start-time="2024-07-14T23:36:40.3796050Z" end-time="2024-07-14T23:36:40.3799930Z" duration="0.000388" total="1" passed="1" failed="0" warnings="0" inconclusive="0" skipped="0" asserts="2">
        <test-case id="1-1093" name="TestEnumImportSeq" fullname="Kaitai.SpecEnumImportSeq.TestEnumImportSeq" methodname="TestEnumImportSeq" classname="Kaitai.SpecEnumImportSeq" runstate="Runnable" seed="1249252105" result="Passed" start-time="2024-07-14T23:36:40.3796740Z" end-time="2024-07-14T23:36:40.3799760Z" duration="0.000302" asserts="2" />
      </test-suite>
      <test-suite type="TestFixture" id="1-1094" name="SpecEnumIntRangeS" fullname="Kaitai.SpecEnumIntRangeS" classname="Kaitai.SpecEnumIntRangeS" runstate="Runnable" testcasecount="1" result="Passed" start-time="2024-07-14T23:36:40.3800090Z" end-time="2024-07-14T23:36:40.3804750Z" duration="0.000465" total="1" passed="1" failed="0" warnings="0" inconclusive="0" skipped="0" asserts="3">
        <test-case id="1-1095" name="TestEnumIntRangeS" fullname="Kaitai.SpecEnumIntRangeS.TestEnumIntRangeS" methodname="TestEnumIntRangeS" classname="Kaitai.SpecEnumIntRangeS" runstate="Runnable" seed="2067475751" result="Passed" start-time="2024-07-14T23:36:40.3800760Z" end-time="2024-07-14T23:36:40.3804580Z" duration="0.000381" asserts="3" />
      </test-suite>
      <test-suite type="TestFixture" id="1-1096" name="SpecEnumInvalid" fullname="Kaitai.SpecEnumInvalid" classname="Kaitai.SpecEnumInvalid" runstate="Runnable" testcasecount="1" result="Passed" start-time="2024-07-14T23:36:40.3804910Z" end-time="2024-07-14T23:36:40.3808850Z" duration="0.000394" total="1" passed="1" failed="0" warnings="0" inconclusive="0" skipped="0" asserts="2">
        <test-case id="1-1097" name="TestEnumInvalid" fullname="Kaitai.SpecEnumInvalid.TestEnumInvalid" methodname="TestEnumInvalid" classname="Kaitai.SpecEnumInvalid" runstate="Runnable" seed="144008705" result="Passed" start-time="2024-07-14T23:36:40.3805580Z" end-time="2024-07-14T23:36:40.3808690Z" duration="0.000311" asserts="2" />
      </test-suite>
      <test-suite type="TestFixture" id="1-1098" name="SpecEnumNegative" fullname="Kaitai.SpecEnumNegative" classname="Kaitai.SpecEnumNegative" runstate="Runnable" testcasecount="1" result="Passed" start-time="2024-07-14T23:36:40.3809020Z" end-time="2024-07-14T23:36:40.3813280Z" duration="0.000426" total="1" passed="1" failed="0" warnings="0" inconclusive="0" skipped="0" asserts="2">
        <test-case id="1-1099" name="TestEnumNegative" fullname="Kaitai.SpecEnumNegative.TestEnumNegative" methodname="TestEnumNegative" classname="Kaitai.SpecEnumNegative" runstate="Runnable" seed="1402979655" result="Passed" start-time="2024-07-14T23:36:40.3809690Z" end-time="2024-07-14T23:36:40.3813120Z" duration="0.000343" asserts="2" />
      </test-suite>
      <test-suite type="TestFixture" id="1-1100" name="SpecEnumOfValueInst" fullname="Kaitai.SpecEnumOfValueInst" classname="Kaitai.SpecEnumOfValueInst" runstate="Runnable" testcasecount="1" result="Passed" start-time="2024-07-14T23:36:40.3813440Z" end-time="2024-07-14T23:36:40.3818860Z" duration="0.000542" total="1" passed="1" failed="0" warnings="0" inconclusive="0" skipped="0" asserts="4">
        <test-case id="1-1101" name="TestEnumOfValueInst" fullname="Kaitai.SpecEnumOfValueInst.TestEnumOfValueInst" methodname="TestEnumOfValueInst" classname="Kaitai.SpecEnumOfValueInst" runstate="Runnable" seed="2012840259" result="Passed" start-time="2024-07-14T23:36:40.3814110Z" end-time="2024-07-14T23:36:40.3818690Z" duration="0.000458" asserts="4" />
      </test-suite>
      <test-suite type="TestFixture" id="1-1102" name="SpecEofExceptionBytes" fullname="Kaitai.SpecEofExceptionBytes" classname="Kaitai.SpecEofExceptionBytes" runstate="Runnable" testcasecount="1" result="Passed" start-time="2024-07-14T23:36:40.3819020Z" end-time="2024-07-14T23:36:40.3829290Z" duration="0.001026" total="1" passed="1" failed="0" warnings="0" inconclusive="0" skipped="0" asserts="1">
        <test-case id="1-1103" name="TestEofExceptionBytes" fullname="Kaitai.SpecEofExceptionBytes.TestEofExceptionBytes" methodname="TestEofExceptionBytes" classname="Kaitai.SpecEofExceptionBytes" runstate="Runnable" seed="1969456345" result="Passed" start-time="2024-07-14T23:36:40.3819690Z" end-time="2024-07-14T23:36:40.3829110Z" duration="0.000942" asserts="1" />
      </test-suite>
      <test-suite type="TestFixture" id="1-1104" name="SpecEofExceptionSized" fullname="Kaitai.SpecEofExceptionSized" classname="Kaitai.SpecEofExceptionSized" runstate="Runnable" testcasecount="1" result="Passed" start-time="2024-07-14T23:36:40.3829470Z" end-time="2024-07-14T23:36:40.3833900Z" duration="0.000444" total="1" passed="1" failed="0" warnings="0" inconclusive="0" skipped="0" asserts="1">
        <test-case id="1-1105" name="TestEofExceptionSized" fullname="Kaitai.SpecEofExceptionSized.TestEofExceptionSized" methodname="TestEofExceptionSized" classname="Kaitai.SpecEofExceptionSized" runstate="Runnable" seed="1749206379" result="Passed" start-time="2024-07-14T23:36:40.3830180Z" end-time="2024-07-14T23:36:40.3833740Z" duration="0.000356" asserts="1" />
      </test-suite>
      <test-suite type="TestFixture" id="1-1106" name="SpecEofExceptionU4" fullname="Kaitai.SpecEofExceptionU4" classname="Kaitai.SpecEofExceptionU4" runstate="Runnable" testcasecount="1" result="Passed" start-time="2024-07-14T23:36:40.3834070Z" end-time="2024-07-14T23:36:40.3838300Z" duration="0.000423" total="1" passed="1" failed="0" warnings="0" inconclusive="0" skipped="0" asserts="1">
        <test-case id="1-1107" name="TestEofExceptionU4" fullname="Kaitai.SpecEofExceptionU4.TestEofExceptionU4" methodname="TestEofExceptionU4" classname="Kaitai.SpecEofExceptionU4" runstate="Runnable" seed="496913027" result="Passed" start-time="2024-07-14T23:36:40.3834770Z" end-time="2024-07-14T23:36:40.3838130Z" duration="0.000336" asserts="1" />
      </test-suite>
      <test-suite type="TestFixture" id="1-1108" name="SpecEosExceptionBytes" fullname="Kaitai.SpecEosExceptionBytes" classname="Kaitai.SpecEosExceptionBytes" runstate="Runnable" testcasecount="1" result="Passed" start-time="2024-07-14T23:36:40.3838460Z" end-time="2024-07-14T23:36:40.3843460Z" duration="0.000500" total="1" passed="1" failed="0" warnings="0" inconclusive="0" skipped="0" asserts="1">
        <test-case id="1-1109" name="TestEosExceptionBytes" fullname="Kaitai.SpecEosExceptionBytes.TestEosExceptionBytes" methodname="TestEosExceptionBytes" classname="Kaitai.SpecEosExceptionBytes" runstate="Runnable" seed="439007713" result="Passed" start-time="2024-07-14T23:36:40.3839140Z" end-time="2024-07-14T23:36:40.3843300Z" duration="0.000416" asserts="1" />
      </test-suite>
      <test-suite type="TestFixture" id="1-1110" name="SpecEosExceptionSized" fullname="Kaitai.SpecEosExceptionSized" classname="Kaitai.SpecEosExceptionSized" runstate="Runnable" testcasecount="1" result="Passed" start-time="2024-07-14T23:36:40.3843640Z" end-time="2024-07-14T23:36:40.3848650Z" duration="0.000501" total="1" passed="1" failed="0" warnings="0" inconclusive="0" skipped="0" asserts="1">
        <test-case id="1-1111" name="TestEosExceptionSized" fullname="Kaitai.SpecEosExceptionSized.TestEosExceptionSized" methodname="TestEosExceptionSized" classname="Kaitai.SpecEosExceptionSized" runstate="Runnable" seed="665021207" result="Passed" start-time="2024-07-14T23:36:40.3844340Z" end-time="2024-07-14T23:36:40.3848490Z" duration="0.000415" asserts="1" />
      </test-suite>
      <test-suite type="TestFixture" id="1-1112" name="SpecEosExceptionU4" fullname="Kaitai.SpecEosExceptionU4" classname="Kaitai.SpecEosExceptionU4" runstate="Runnable" testcasecount="1" result="Passed" start-time="2024-07-14T23:36:40.3848820Z" end-time="2024-07-14T23:36:40.3853690Z" duration="0.000487" total="1" passed="1" failed="0" warnings="0" inconclusive="0" skipped="0" asserts="1">
        <test-case id="1-1113" name="TestEosExceptionU4" fullname="Kaitai.SpecEosExceptionU4.TestEosExceptionU4" methodname="TestEosExceptionU4" classname="Kaitai.SpecEosExceptionU4" runstate="Runnable" seed="1254441382" result="Passed" start-time="2024-07-14T23:36:40.3849500Z" end-time="2024-07-14T23:36:40.3853530Z" duration="0.000404" asserts="1" />
      </test-suite>
      <test-suite type="TestFixture" id="1-1114" name="SpecExpr0" fullname="Kaitai.SpecExpr0" classname="Kaitai.SpecExpr0" runstate="Runnable" testcasecount="1" result="Passed" start-time="2024-07-14T23:36:40.3853850Z" end-time="2024-07-14T23:36:40.3858020Z" duration="0.000417" total="1" passed="1" failed="0" warnings="0" inconclusive="0" skipped="0" asserts="2">
        <test-case id="1-1115" name="TestExpr0" fullname="Kaitai.SpecExpr0.TestExpr0" methodname="TestExpr0" classname="Kaitai.SpecExpr0" runstate="Runnable" seed="630017521" result="Passed" start-time="2024-07-14T23:36:40.3854530Z" end-time="2024-07-14T23:36:40.3857860Z" duration="0.000333" asserts="2" />
      </test-suite>
      <test-suite type="TestFixture" id="1-1116" name="SpecExpr1" fullname="Kaitai.SpecExpr1" classname="Kaitai.SpecExpr1" runstate="Runnable" testcasecount="1" result="Passed" start-time="2024-07-14T23:36:40.3858190Z" end-time="2024-07-14T23:36:40.3863180Z" duration="0.000498" total="1" passed="1" failed="0" warnings="0" inconclusive="0" skipped="0" asserts="4">
        <test-case id="1-1117" name="TestExpr1" fullname="Kaitai.SpecExpr1.TestExpr1" methodname="TestExpr1" classname="Kaitai.SpecExpr1" runstate="Runnable" seed="2136377264" result="Passed" start-time="2024-07-14T23:36:40.3858850Z" end-time="2024-07-14T23:36:40.3863010Z" duration="0.000415" asserts="4" />
      </test-suite>
      <test-suite type="TestFixture" id="1-1118" name="SpecExpr2" fullname="Kaitai.SpecExpr2" classname="Kaitai.SpecExpr2" runstate="Runnable" testcasecount="1" result="Passed" start-time="2024-07-14T23:36:40.3863350Z" end-time="2024-07-14T23:36:40.3877450Z" duration="0.001409" total="1" passed="1" failed="0" warnings="0" inconclusive="0" skipped="0" asserts="17">
        <test-case id="1-1119" name="TestExpr2" fullname="Kaitai.SpecExpr2.TestExpr2" methodname="TestExpr2" classname="Kaitai.SpecExpr2" runstate="Runnable" seed="1316599774" result="Passed" start-time="2024-07-14T23:36:40.3864020Z" end-time="2024-07-14T23:36:40.3877270Z" duration="0.001325" asserts="17" />
      </test-suite>
      <test-suite type="TestFixture" id="1-1120" name="SpecExpr3" fullname="Kaitai.SpecExpr3" classname="Kaitai.SpecExpr3" runstate="Runnable" testcasecount="1" result="Passed" start-time="2024-07-14T23:36:40.3877620Z" end-time="2024-07-14T23:36:40.3889000Z" duration="0.001138" total="1" passed="1" failed="0" warnings="0" inconclusive="0" skipped="0" asserts="12">
        <test-case id="1-1121" name="TestExpr3" fullname="Kaitai.SpecExpr3.TestExpr3" methodname="TestExpr3" classname="Kaitai.SpecExpr3" runstate="Runnable" seed="1454837651" result="Passed" start-time="2024-07-14T23:36:40.3878310Z" end-time="2024-07-14T23:36:40.3888810Z" duration="0.001050" asserts="12" />
      </test-suite>
      <test-suite type="TestFixture" id="1-1122" name="SpecExprArray" fullname="Kaitai.SpecExprArray" classname="Kaitai.SpecExprArray" runstate="Runnable" testcasecount="1" result="Passed" start-time="2024-07-14T23:36:40.3889170Z" end-time="2024-07-14T23:36:40.3949420Z" duration="0.006025" total="1" passed="1" failed="0" warnings="0" inconclusive="0" skipped="0" asserts="15">
        <test-case id="1-1123" name="TestExprArray" fullname="Kaitai.SpecExprArray.TestExprArray" methodname="TestExprArray" classname="Kaitai.SpecExprArray" runstate="Runnable" seed="2084879139" result="Passed" start-time="2024-07-14T23:36:40.3889860Z" end-time="2024-07-14T23:36:40.3949230Z" duration="0.005936" asserts="15" />
      </test-suite>
      <test-suite type="TestFixture" id="1-1124" name="SpecExprBytesCmp" fullname="Kaitai.SpecExprBytesCmp" classname="Kaitai.SpecExprBytesCmp" runstate="Runnable" testcasecount="1" result="Passed" start-time="2024-07-14T23:36:40.3949620Z" end-time="2024-07-14T23:36:40.3960750Z" duration="0.001113" total="1" passed="1" failed="0" warnings="0" inconclusive="0" skipped="0" asserts="10">
        <test-case id="1-1125" name="TestExprBytesCmp" fullname="Kaitai.SpecExprBytesCmp.TestExprBytesCmp" methodname="TestExprBytesCmp" classname="Kaitai.SpecExprBytesCmp" runstate="Runnable" seed="1882190156" result="Passed" start-time="2024-07-14T23:36:40.3950360Z" end-time="2024-07-14T23:36:40.3960570Z" duration="0.001021" asserts="10" />
      </test-suite>
      <test-suite type="TestFixture" id="1-1126" name="SpecExprBytesNonLiteral" fullname="Kaitai.SpecExprBytesNonLiteral" classname="Kaitai.SpecExprBytesNonLiteral" runstate="Runnable" testcasecount="1" result="Passed" start-time="2024-07-14T23:36:40.3960920Z" end-time="2024-07-14T23:36:40.3965840Z" duration="0.000492" total="1" passed="1" failed="0" warnings="0" inconclusive="0" skipped="0" asserts="3">
        <test-case id="1-1127" name="TestExprBytesNonLiteral" fullname="Kaitai.SpecExprBytesNonLiteral.TestExprBytesNonLiteral" methodname="TestExprBytesNonLiteral" classname="Kaitai.SpecExprBytesNonLiteral" runstate="Runnable" seed="448417104" result="Passed" start-time="2024-07-14T23:36:40.3961620Z" end-time="2024-07-14T23:36:40.3965670Z" duration="0.000405" asserts="3" />
      </test-suite>
      <test-suite type="TestFixture" id="1-1128" name="SpecExprBytesOps" fullname="Kaitai.SpecExprBytesOps" classname="Kaitai.SpecExprBytesOps" runstate="Runnable" testcasecount="1" result="Passed" start-time="2024-07-14T23:36:40.3966010Z" end-time="2024-07-14T23:36:40.3992300Z" duration="0.002629" total="1" passed="1" failed="0" warnings="0" inconclusive="0" skipped="0" asserts="16">
        <test-case id="1-1129" name="TestExprBytesOps" fullname="Kaitai.SpecExprBytesOps.TestExprBytesOps" methodname="TestExprBytesOps" classname="Kaitai.SpecExprBytesOps" runstate="Runnable" seed="869643053" result="Passed" start-time="2024-07-14T23:36:40.3966700Z" end-time="2024-07-14T23:36:40.3992110Z" duration="0.002541" asserts="16" />
      </test-suite>
      <test-suite type="TestFixture" id="1-1130" name="SpecExprCalcArrayOps" fullname="Kaitai.SpecExprCalcArrayOps" classname="Kaitai.SpecExprCalcArrayOps" runstate="Runnable" testcasecount="1" result="Passed" start-time="2024-07-14T23:36:40.3992480Z" end-time="2024-07-14T23:36:40.4020290Z" duration="0.002782" total="1" passed="1" failed="0" warnings="0" inconclusive="0" skipped="0" asserts="18">
        <test-case id="1-1131" name="TestExprCalcArrayOps" fullname="Kaitai.SpecExprCalcArrayOps.TestExprCalcArrayOps" methodname="TestExprCalcArrayOps" classname="Kaitai.SpecExprCalcArrayOps" runstate="Runnable" seed="920642036" result="Passed" start-time="2024-07-14T23:36:40.3993200Z" end-time="2024-07-14T23:36:40.4020100Z" duration="0.002690" asserts="18" />
      </test-suite>
      <test-suite type="TestFixture" id="1-1132" name="SpecExprEnum" fullname="Kaitai.SpecExprEnum" classname="Kaitai.SpecExprEnum" runstate="Runnable" testcasecount="1" result="Passed" start-time="2024-07-14T23:36:40.4020470Z" end-time="2024-07-14T23:36:40.4025880Z" duration="0.000541" total="1" passed="1" failed="0" warnings="0" inconclusive="0" skipped="0" asserts="3">
        <test-case id="1-1133" name="TestExprEnum" fullname="Kaitai.SpecExprEnum.TestExprEnum" methodname="TestExprEnum" classname="Kaitai.SpecExprEnum" runstate="Runnable" seed="1582882046" result="Passed" start-time="2024-07-14T23:36:40.4021190Z" end-time="2024-07-14T23:36:40.4025700Z" duration="0.000451" asserts="3" />
      </test-suite>
      <test-suite type="TestFixture" id="1-1134" name="SpecExprFstring0" fullname="Kaitai.SpecExprFstring0" classname="Kaitai.SpecExprFstring0" runstate="Runnable" testcasecount="1" result="Passed" start-time="2024-07-14T23:36:40.4026040Z" end-time="2024-07-14T23:36:40.4034870Z" duration="0.000883" total="1" passed="1" failed="0" warnings="0" inconclusive="0" skipped="0" asserts="9">
        <test-case id="1-1135" name="TestExprFstring0" fullname="Kaitai.SpecExprFstring0.TestExprFstring0" methodname="TestExprFstring0" classname="Kaitai.SpecExprFstring0" runstate="Runnable" seed="2054639956" result="Passed" start-time="2024-07-14T23:36:40.4026720Z" end-time="2024-07-14T23:36:40.4034700Z" duration="0.000798" asserts="9" />
      </test-suite>
      <test-suite type="TestFixture" id="1-1136" name="SpecExprIfIntOps" fullname="Kaitai.SpecExprIfIntOps" classname="Kaitai.SpecExprIfIntOps" runstate="Runnable" testcasecount="1" result="Passed" start-time="2024-07-14T23:36:40.4035040Z" end-time="2024-07-14T23:36:40.4042620Z" duration="0.000758" total="1" passed="1" failed="0" warnings="0" inconclusive="0" skipped="0" asserts="2">
        <test-case id="1-1137" name="TestExprIfIntOps" fullname="Kaitai.SpecExprIfIntOps.TestExprIfIntOps" methodname="TestExprIfIntOps" classname="Kaitai.SpecExprIfIntOps" runstate="Runnable" seed="1708226043" result="Passed" start-time="2024-07-14T23:36:40.4035770Z" end-time="2024-07-14T23:36:40.4042440Z" duration="0.000667" asserts="2" />
      </test-suite>
      <test-suite type="TestFixture" id="1-1138" name="SpecExprIntDiv" fullname="Kaitai.SpecExprIntDiv" classname="Kaitai.SpecExprIntDiv" runstate="Runnable" testcasecount="1" result="Failed" site="Child" start-time="2024-07-14T23:36:40.4043080Z" end-time="2024-07-14T23:36:40.4223420Z" duration="0.018034" total="1" passed="0" failed="1" warnings="0" inconclusive="0" skipped="0" asserts="4">
        <failure>
          <message><![CDATA[One or more child tests had errors]]></message>
        </failure>
        <test-case id="1-1139" name="TestExprIntDiv" fullname="Kaitai.SpecExprIntDiv.TestExprIntDiv" methodname="TestExprIntDiv" classname="Kaitai.SpecExprIntDiv" runstate="Runnable" seed="1415263210" result="Failed" start-time="2024-07-14T23:36:40.4043980Z" end-time="2024-07-14T23:36:40.4222630Z" duration="0.017866" asserts="4">
          <failure>
            <message><![CDATA[  Expected: -756
  But was:  -757
]]></message>
            <stack-trace><![CDATA[  at Kaitai.SpecExprIntDiv.TestExprIntDiv () [0x00063] in /home/runner/work/ci_targets/ci_targets/tests/spec/csharp/kaitai_struct_csharp_tests/tests/SpecExprIntDiv.cs:18 
]]></stack-trace>
          </failure>
          <assertions>
            <assertion result="Failed">
              <message><![CDATA[  Expected: -756
  But was:  -757
]]></message>
              <stack-trace><![CDATA[  at Kaitai.SpecExprIntDiv.TestExprIntDiv () [0x00063] in /home/runner/work/ci_targets/ci_targets/tests/spec/csharp/kaitai_struct_csharp_tests/tests/SpecExprIntDiv.cs:18 
]]></stack-trace>
            </assertion>
          </assertions>
        </test-case>
      </test-suite>
      <test-suite type="TestFixture" id="1-1140" name="SpecExprIoEof" fullname="Kaitai.SpecExprIoEof" classname="Kaitai.SpecExprIoEof" runstate="Runnable" testcasecount="1" result="Passed" start-time="2024-07-14T23:36:40.4223720Z" end-time="2024-07-14T23:36:40.4236250Z" duration="0.001253" total="1" passed="1" failed="0" warnings="0" inconclusive="0" skipped="0" asserts="4">
        <test-case id="1-1141" name="TestExprIoEof" fullname="Kaitai.SpecExprIoEof.TestExprIoEof" methodname="TestExprIoEof" classname="Kaitai.SpecExprIoEof" runstate="Runnable" seed="1733363338" result="Passed" start-time="2024-07-14T23:36:40.4224530Z" end-time="2024-07-14T23:36:40.4236010Z" duration="0.001148" asserts="4" />
      </test-suite>
      <test-suite type="TestFixture" id="1-1142" name="SpecExprIoPos" fullname="Kaitai.SpecExprIoPos" classname="Kaitai.SpecExprIoPos" runstate="Runnable" testcasecount="1" result="Passed" start-time="2024-07-14T23:36:40.4236510Z" end-time="2024-07-14T23:36:40.4246620Z" duration="0.001011" total="1" passed="1" failed="0" warnings="0" inconclusive="0" skipped="0" asserts="6">
        <test-case id="1-1143" name="TestExprIoPos" fullname="Kaitai.SpecExprIoPos.TestExprIoPos" methodname="TestExprIoPos" classname="Kaitai.SpecExprIoPos" runstate="Runnable" seed="1084708025" result="Passed" start-time="2024-07-14T23:36:40.4237490Z" end-time="2024-07-14T23:36:40.4246390Z" duration="0.000890" asserts="6" />
      </test-suite>
      <test-suite type="TestFixture" id="1-1144" name="SpecExprMod" fullname="Kaitai.SpecExprMod" classname="Kaitai.SpecExprMod" runstate="Runnable" testcasecount="1" result="Passed" start-time="2024-07-14T23:36:40.4246870Z" end-time="2024-07-14T23:36:40.4257810Z" duration="0.001094" total="1" passed="1" failed="0" warnings="0" inconclusive="0" skipped="0" asserts="6">
        <test-case id="1-1145" name="TestExprMod" fullname="Kaitai.SpecExprMod.TestExprMod" methodname="TestExprMod" classname="Kaitai.SpecExprMod" runstate="Runnable" seed="313587025" result="Passed" start-time="2024-07-14T23:36:40.4247720Z" end-time="2024-07-14T23:36:40.4257580Z" duration="0.000986" asserts="6" />
      </test-suite>
      <test-suite type="TestFixture" id="1-1146" name="SpecExprOpsParens" fullname="Kaitai.SpecExprOpsParens" classname="Kaitai.SpecExprOpsParens" runstate="Runnable" testcasecount="1" result="Passed" start-time="2024-07-14T23:36:40.4258040Z" end-time="2024-07-14T23:36:40.4293620Z" duration="0.003558" total="1" passed="1" failed="0" warnings="0" inconclusive="0" skipped="0" asserts="9">
        <test-case id="1-1147" name="TestExprOpsParens" fullname="Kaitai.SpecExprOpsParens.TestExprOpsParens" methodname="TestExprOpsParens" classname="Kaitai.SpecExprOpsParens" runstate="Runnable" seed="367681103" result="Passed" start-time="2024-07-14T23:36:40.4258910Z" end-time="2024-07-14T23:36:40.4293410Z" duration="0.003451" asserts="9" />
      </test-suite>
      <test-suite type="TestFixture" id="1-1148" name="SpecExprSizeofType0" fullname="Kaitai.SpecExprSizeofType0" classname="Kaitai.SpecExprSizeofType0" runstate="Runnable" testcasecount="1" result="Passed" start-time="2024-07-14T23:36:40.4293810Z" end-time="2024-07-14T23:36:40.4298490Z" duration="0.000468" total="1" passed="1" failed="0" warnings="0" inconclusive="0" skipped="0" asserts="1">
        <test-case id="1-1149" name="TestExprSizeofType0" fullname="Kaitai.SpecExprSizeofType0.TestExprSizeofType0" methodname="TestExprSizeofType0" classname="Kaitai.SpecExprSizeofType0" runstate="Runnable" seed="1645676431" result="Passed" start-time="2024-07-14T23:36:40.4294590Z" end-time="2024-07-14T23:36:40.4298260Z" duration="0.000367" asserts="1" />
      </test-suite>
      <test-suite type="TestFixture" id="1-1150" name="SpecExprSizeofType1" fullname="Kaitai.SpecExprSizeofType1" classname="Kaitai.SpecExprSizeofType1" runstate="Runnable" testcasecount="1" result="Passed" start-time="2024-07-14T23:36:40.4298740Z" end-time="2024-07-14T23:36:40.4304320Z" duration="0.000558" total="1" passed="1" failed="0" warnings="0" inconclusive="0" skipped="0" asserts="2">
        <test-case id="1-1151" name="TestExprSizeofType1" fullname="Kaitai.SpecExprSizeofType1.TestExprSizeofType1" methodname="TestExprSizeofType1" classname="Kaitai.SpecExprSizeofType1" runstate="Runnable" seed="1793621229" result="Passed" start-time="2024-07-14T23:36:40.4299690Z" end-time="2024-07-14T23:36:40.4304110Z" duration="0.000442" asserts="2" />
      </test-suite>
      <test-suite type="TestFixture" id="1-1152" name="SpecExprSizeofValue0" fullname="Kaitai.SpecExprSizeofValue0" classname="Kaitai.SpecExprSizeofValue0" runstate="Runnable" testcasecount="1" result="Passed" start-time="2024-07-14T23:36:40.4304500Z" end-time="2024-07-14T23:36:40.4313490Z" duration="0.000899" total="1" passed="1" failed="0" warnings="0" inconclusive="0" skipped="0" asserts="5">
        <test-case id="1-1153" name="TestExprSizeofValue0" fullname="Kaitai.SpecExprSizeofValue0.TestExprSizeofValue0" methodname="TestExprSizeofValue0" classname="Kaitai.SpecExprSizeofValue0" runstate="Runnable" seed="1314541944" result="Passed" start-time="2024-07-14T23:36:40.4305260Z" end-time="2024-07-14T23:36:40.4313260Z" duration="0.000800" asserts="5" />
      </test-suite>
      <test-suite type="TestFixture" id="1-1154" name="SpecExprSizeofValueSized" fullname="Kaitai.SpecExprSizeofValueSized" classname="Kaitai.SpecExprSizeofValueSized" runstate="Runnable" testcasecount="1" result="Passed" start-time="2024-07-14T23:36:40.4313740Z" end-time="2024-07-14T23:36:40.4323610Z" duration="0.000987" total="1" passed="1" failed="0" warnings="0" inconclusive="0" skipped="0" asserts="5">
        <test-case id="1-1155" name="TestExprSizeofValueSized" fullname="Kaitai.SpecExprSizeofValueSized.TestExprSizeofValueSized" methodname="TestExprSizeofValueSized" classname="Kaitai.SpecExprSizeofValueSized" runstate="Runnable" seed="968455557" result="Passed" start-time="2024-07-14T23:36:40.4314660Z" end-time="2024-07-14T23:36:40.4323430Z" duration="0.000877" asserts="5" />
      </test-suite>
      <test-suite type="TestFixture" id="1-1156" name="SpecExprStrEncodings" fullname="Kaitai.SpecExprStrEncodings" classname="Kaitai.SpecExprStrEncodings" runstate="Runnable" testcasecount="1" result="Passed" start-time="2024-07-14T23:36:40.4323780Z" end-time="2024-07-14T23:36:40.4986310Z" duration="0.066252" total="1" passed="1" failed="0" warnings="0" inconclusive="0" skipped="0" asserts="7">
        <test-case id="1-1157" name="TestExprStrEncodings" fullname="Kaitai.SpecExprStrEncodings.TestExprStrEncodings" methodname="TestExprStrEncodings" classname="Kaitai.SpecExprStrEncodings" runstate="Runnable" seed="299612103" result="Passed" start-time="2024-07-14T23:36:40.4324510Z" end-time="2024-07-14T23:36:40.4985930Z" duration="0.066143" asserts="7" />
      </test-suite>
      <test-suite type="TestFixture" id="1-1158" name="SpecExprStrOps" fullname="Kaitai.SpecExprStrOps" classname="Kaitai.SpecExprStrOps" runstate="Runnable" testcasecount="1" result="Passed" start-time="2024-07-14T23:36:40.4986580Z" end-time="2024-07-14T23:36:40.5004500Z" duration="0.001792" total="1" passed="1" failed="0" warnings="0" inconclusive="0" skipped="0" asserts="17">
        <test-case id="1-1159" name="TestExprStrOps" fullname="Kaitai.SpecExprStrOps.TestExprStrOps" methodname="TestExprStrOps" classname="Kaitai.SpecExprStrOps" runstate="Runnable" seed="53640002" result="Passed" start-time="2024-07-14T23:36:40.4987660Z" end-time="2024-07-14T23:36:40.5004170Z" duration="0.001650" asserts="17" />
      </test-suite>
      <test-suite type="TestFixture" id="1-1160" name="SpecExprToITrailing" fullname="Kaitai.SpecExprToITrailing" classname="Kaitai.SpecExprToITrailing" runstate="Runnable" testcasecount="1" result="Passed" start-time="2024-07-14T23:36:40.5004750Z" end-time="2024-07-14T23:36:40.5015710Z" duration="0.001096" total="1" passed="1" failed="0" warnings="0" inconclusive="0" skipped="0" asserts="3">
        <test-case id="1-1161" name="TestExprToITrailing" fullname="Kaitai.SpecExprToITrailing.TestExprToITrailing" methodname="TestExprToITrailing" classname="Kaitai.SpecExprToITrailing" runstate="Runnable" seed="817098809" result="Passed" start-time="2024-07-14T23:36:40.5005720Z" end-time="2024-07-14T23:36:40.5015480Z" duration="0.000977" asserts="3" />
      </test-suite>
      <test-suite type="TestFixture" id="1-1162" name="SpecFixedContents" fullname="Kaitai.SpecFixedContents" classname="Kaitai.SpecFixedContents" runstate="Runnable" testcasecount="1" result="Passed" start-time="2024-07-14T23:36:40.5015950Z" end-time="2024-07-14T23:36:40.5022390Z" duration="0.000644" total="1" passed="1" failed="0" warnings="0" inconclusive="0" skipped="0" asserts="0">
        <test-case id="1-1163" name="TestFixedContents" fullname="Kaitai.SpecFixedContents.TestFixedContents" methodname="TestFixedContents" classname="Kaitai.SpecFixedContents" runstate="Runnable" seed="1653672783" result="Passed" start-time="2024-07-14T23:36:40.5016920Z" end-time="2024-07-14T23:36:40.5022160Z" duration="0.000524" asserts="0" />
      </test-suite>
      <test-suite type="TestFixture" id="1-1164" name="SpecFixedStruct" fullname="Kaitai.SpecFixedStruct" classname="Kaitai.SpecFixedStruct" runstate="Runnable" testcasecount="1" result="Passed" start-time="2024-07-14T23:36:40.5022640Z" end-time="2024-07-14T23:36:40.5047450Z" duration="0.002481" total="1" passed="1" failed="0" warnings="0" inconclusive="0" skipped="0" asserts="20">
        <test-case id="1-1165" name="TestFixedStruct" fullname="Kaitai.SpecFixedStruct.TestFixedStruct" methodname="TestFixedStruct" classname="Kaitai.SpecFixedStruct" runstate="Runnable" seed="1417987178" result="Passed" start-time="2024-07-14T23:36:40.5023630Z" end-time="2024-07-14T23:36:40.5047220Z" duration="0.002359" asserts="20" />
      </test-suite>
      <test-suite type="TestFixture" id="1-1168" name="SpecFloatingPoints" fullname="Kaitai.SpecFloatingPoints" classname="Kaitai.SpecFloatingPoints" runstate="Runnable" testcasecount="1" result="Passed" start-time="2024-07-14T23:36:40.5047730Z" end-time="2024-07-14T23:36:40.5058850Z" duration="0.001112" total="1" passed="1" failed="0" warnings="0" inconclusive="0" skipped="0" asserts="8">
        <test-case id="1-1169" name="TestFloatingPoints" fullname="Kaitai.SpecFloatingPoints.TestFloatingPoints" methodname="TestFloatingPoints" classname="Kaitai.SpecFloatingPoints" runstate="Runnable" seed="1987640640" result="Passed" start-time="2024-07-14T23:36:40.5048530Z" end-time="2024-07-14T23:36:40.5058610Z" duration="0.001007" asserts="8" />
      </test-suite>
      <test-suite type="TestFixture" id="1-1166" name="SpecFloatToI" fullname="Kaitai.SpecFloatToI" classname="Kaitai.SpecFloatToI" runstate="Runnable" testcasecount="1" result="Passed" start-time="2024-07-14T23:36:40.5059090Z" end-time="2024-07-14T23:36:40.5070810Z" duration="0.001172" total="1" passed="1" failed="0" warnings="0" inconclusive="0" skipped="0" asserts="8">
        <test-case id="1-1167" name="TestFloatToI" fullname="Kaitai.SpecFloatToI.TestFloatToI" methodname="TestFloatToI" classname="Kaitai.SpecFloatToI" runstate="Runnable" seed="1134392994" result="Passed" start-time="2024-07-14T23:36:40.5059860Z" end-time="2024-07-14T23:36:40.5070590Z" duration="0.001073" asserts="8" />
      </test-suite>
      <test-suite type="TestFixture" id="1-1170" name="SpecHelloWorld" fullname="Kaitai.SpecHelloWorld" classname="Kaitai.SpecHelloWorld" runstate="Runnable" testcasecount="1" result="Passed" start-time="2024-07-14T23:36:40.5071070Z" end-time="2024-07-14T23:36:40.5076010Z" duration="0.000494" total="1" passed="1" failed="0" warnings="0" inconclusive="0" skipped="0" asserts="1">
        <test-case id="1-1171" name="TestHelloWorld" fullname="Kaitai.SpecHelloWorld.TestHelloWorld" methodname="TestHelloWorld" classname="Kaitai.SpecHelloWorld" runstate="Runnable" seed="28897517" result="Passed" start-time="2024-07-14T23:36:40.5072060Z" end-time="2024-07-14T23:36:40.5075790Z" duration="0.000373" asserts="1" />
      </test-suite>
      <test-suite type="TestFixture" id="1-1172" name="SpecIfInstances" fullname="Kaitai.SpecIfInstances" classname="Kaitai.SpecIfInstances" runstate="Runnable" testcasecount="1" result="Passed" start-time="2024-07-14T23:36:40.5076250Z" end-time="2024-07-14T23:36:40.5081760Z" duration="0.000552" total="1" passed="1" failed="0" warnings="0" inconclusive="0" skipped="0" asserts="1">
        <test-case id="1-1173" name="TestIfInstances" fullname="Kaitai.SpecIfInstances.TestIfInstances" methodname="TestIfInstances" classname="Kaitai.SpecIfInstances" runstate="Runnable" seed="774862829" result="Passed" start-time="2024-07-14T23:36:40.5077220Z" end-time="2024-07-14T23:36:40.5081530Z" duration="0.000431" asserts="1" />
      </test-suite>
      <test-suite type="TestFixture" id="1-1174" name="SpecIfStruct" fullname="Kaitai.SpecIfStruct" classname="Kaitai.SpecIfStruct" runstate="Runnable" testcasecount="1" result="Passed" start-time="2024-07-14T23:36:40.5082020Z" end-time="2024-07-14T23:36:40.5100390Z" duration="0.001838" total="1" passed="1" failed="0" warnings="0" inconclusive="0" skipped="0" asserts="7">
        <test-case id="1-1175" name="TestIfStruct" fullname="Kaitai.SpecIfStruct.TestIfStruct" methodname="TestIfStruct" classname="Kaitai.SpecIfStruct" runstate="Runnable" seed="1937511668" result="Passed" start-time="2024-07-14T23:36:40.5083230Z" end-time="2024-07-14T23:36:40.5100150Z" duration="0.001692" asserts="7" />
      </test-suite>
      <test-suite type="TestFixture" id="1-1176" name="SpecIfValues" fullname="Kaitai.SpecIfValues" classname="Kaitai.SpecIfValues" runstate="Runnable" testcasecount="1" result="Passed" start-time="2024-07-14T23:36:40.5100650Z" end-time="2024-07-14T23:36:40.5114660Z" duration="0.001401" total="1" passed="1" failed="0" warnings="0" inconclusive="0" skipped="0" asserts="6">
        <test-case id="1-1177" name="TestIfValues" fullname="Kaitai.SpecIfValues.TestIfValues" methodname="TestIfValues" classname="Kaitai.SpecIfValues" runstate="Runnable" seed="1426505777" result="Passed" start-time="2024-07-14T23:36:40.5101630Z" end-time="2024-07-14T23:36:40.5114430Z" duration="0.001280" asserts="6" />
      </test-suite>
      <test-suite type="TestFixture" id="1-1178" name="SpecImports0" fullname="Kaitai.SpecImports0" classname="Kaitai.SpecImports0" runstate="Runnable" testcasecount="1" result="Passed" start-time="2024-07-14T23:36:40.5114910Z" end-time="2024-07-14T23:36:40.5121650Z" duration="0.000673" total="1" passed="1" failed="0" warnings="0" inconclusive="0" skipped="0" asserts="3">
        <test-case id="1-1179" name="TestImports0" fullname="Kaitai.SpecImports0.TestImports0" methodname="TestImports0" classname="Kaitai.SpecImports0" runstate="Runnable" seed="324064614" result="Passed" start-time="2024-07-14T23:36:40.5115890Z" end-time="2024-07-14T23:36:40.5121470Z" duration="0.000558" asserts="3" />
      </test-suite>
      <test-suite type="TestFixture" id="1-1180" name="SpecImportsAbs" fullname="Kaitai.SpecImportsAbs" classname="Kaitai.SpecImportsAbs" runstate="Runnable" testcasecount="1" result="Passed" start-time="2024-07-14T23:36:40.5121810Z" end-time="2024-07-14T23:36:40.5139930Z" duration="0.001811" total="1" passed="1" failed="0" warnings="0" inconclusive="0" skipped="0" asserts="2">
        <test-case id="1-1181" name="TestImportsAbs" fullname="Kaitai.SpecImportsAbs.TestImportsAbs" methodname="TestImportsAbs" classname="Kaitai.SpecImportsAbs" runstate="Runnable" seed="504086631" result="Passed" start-time="2024-07-14T23:36:40.5123000Z" end-time="2024-07-14T23:36:40.5139740Z" duration="0.001674" asserts="2" />
      </test-suite>
      <test-suite type="TestFixture" id="1-1182" name="SpecImportsAbsAbs" fullname="Kaitai.SpecImportsAbsAbs" classname="Kaitai.SpecImportsAbsAbs" runstate="Runnable" testcasecount="1" result="Passed" start-time="2024-07-14T23:36:40.5140110Z" end-time="2024-07-14T23:36:40.5148500Z" duration="0.000840" total="1" passed="1" failed="0" warnings="0" inconclusive="0" skipped="0" asserts="3">
        <test-case id="1-1183" name="TestImportsAbsAbs" fullname="Kaitai.SpecImportsAbsAbs.TestImportsAbsAbs" methodname="TestImportsAbsAbs" classname="Kaitai.SpecImportsAbsAbs" runstate="Runnable" seed="2053366839" result="Passed" start-time="2024-07-14T23:36:40.5141010Z" end-time="2024-07-14T23:36:40.5148270Z" duration="0.000726" asserts="3" />
      </test-suite>
      <test-suite type="TestFixture" id="1-1184" name="SpecImportsAbsRel" fullname="Kaitai.SpecImportsAbsRel" classname="Kaitai.SpecImportsAbsRel" runstate="Runnable" testcasecount="1" result="Passed" start-time="2024-07-14T23:36:40.5148740Z" end-time="2024-07-14T23:36:40.5155700Z" duration="0.000696" total="1" passed="1" failed="0" warnings="0" inconclusive="0" skipped="0" asserts="3">
        <test-case id="1-1185" name="TestImportsAbsRel" fullname="Kaitai.SpecImportsAbsRel.TestImportsAbsRel" methodname="TestImportsAbsRel" classname="Kaitai.SpecImportsAbsRel" runstate="Runnable" seed="738915197" result="Passed" start-time="2024-07-14T23:36:40.5149700Z" end-time="2024-07-14T23:36:40.5155460Z" duration="0.000576" asserts="3" />
      </test-suite>
      <test-suite type="TestFixture" id="1-1186" name="SpecImportsCastToImported" fullname="Kaitai.SpecImportsCastToImported" classname="Kaitai.SpecImportsCastToImported" runstate="Runnable" testcasecount="1" result="Passed" start-time="2024-07-14T23:36:40.5155940Z" end-time="2024-07-14T23:36:40.5163220Z" duration="0.000728" total="1" passed="1" failed="0" warnings="0" inconclusive="0" skipped="0" asserts="2">
        <test-case id="1-1187" name="TestImportsCastToImported" fullname="Kaitai.SpecImportsCastToImported.TestImportsCastToImported" methodname="TestImportsCastToImported" classname="Kaitai.SpecImportsCastToImported" runstate="Runnable" seed="455445978" result="Passed" start-time="2024-07-14T23:36:40.5156940Z" end-time="2024-07-14T23:36:40.5163000Z" duration="0.000605" asserts="2" />
      </test-suite>
      <test-suite type="TestFixture" id="1-1188" name="SpecImportsCastToImported2" fullname="Kaitai.SpecImportsCastToImported2" classname="Kaitai.SpecImportsCastToImported2" runstate="Runnable" testcasecount="1" result="Passed" start-time="2024-07-14T23:36:40.5163470Z" end-time="2024-07-14T23:36:40.5170400Z" duration="0.000693" total="1" passed="1" failed="0" warnings="0" inconclusive="0" skipped="0" asserts="2">
        <test-case id="1-1189" name="TestImportsCastToImported2" fullname="Kaitai.SpecImportsCastToImported2.TestImportsCastToImported2" methodname="TestImportsCastToImported2" classname="Kaitai.SpecImportsCastToImported2" runstate="Runnable" seed="1994863370" result="Passed" start-time="2024-07-14T23:36:40.5164430Z" end-time="2024-07-14T23:36:40.5170160Z" duration="0.000574" asserts="2" />
      </test-suite>
      <test-suite type="TestFixture" id="1-1190" name="SpecImportsCircularA" fullname="Kaitai.SpecImportsCircularA" classname="Kaitai.SpecImportsCircularA" runstate="Runnable" testcasecount="1" result="Passed" start-time="2024-07-14T23:36:40.5170660Z" end-time="2024-07-14T23:36:40.5178820Z" duration="0.000816" total="1" passed="1" failed="0" warnings="0" inconclusive="0" skipped="0" asserts="5">
        <test-case id="1-1191" name="TestImportsCircularA" fullname="Kaitai.SpecImportsCircularA.TestImportsCircularA" methodname="TestImportsCircularA" classname="Kaitai.SpecImportsCircularA" runstate="Runnable" seed="2125673820" result="Passed" start-time="2024-07-14T23:36:40.5171630Z" end-time="2024-07-14T23:36:40.5178600Z" duration="0.000697" asserts="5" />
      </test-suite>
      <test-suite type="TestFixture" id="1-1192" name="SpecImportsParamsDefArrayUsertypeImported" fullname="Kaitai.SpecImportsParamsDefArrayUsertypeImported" classname="Kaitai.SpecImportsParamsDefArrayUsertypeImported" runstate="Runnable" testcasecount="1" result="Passed" start-time="2024-07-14T23:36:40.5179060Z" end-time="2024-07-14T23:36:40.5191600Z" duration="0.001254" total="1" passed="1" failed="0" warnings="0" inconclusive="0" skipped="0" asserts="5">
        <test-case id="1-1193" name="TestImportsParamsDefArrayUsertypeImported" fullname="Kaitai.SpecImportsParamsDefArrayUsertypeImported.TestImportsParamsDefArrayUsertypeImported" methodname="TestImportsParamsDefArrayUsertypeImported" classname="Kaitai.SpecImportsParamsDefArrayUsertypeImported" runstate="Runnable" seed="1888582462" result="Passed" start-time="2024-07-14T23:36:40.5179970Z" end-time="2024-07-14T23:36:40.5191350Z" duration="0.001138" asserts="5" />
      </test-suite>
      <test-suite type="TestFixture" id="1-1194" name="SpecImportsParamsDefEnumImported" fullname="Kaitai.SpecImportsParamsDefEnumImported" classname="Kaitai.SpecImportsParamsDefEnumImported" runstate="Runnable" testcasecount="1" result="Passed" start-time="2024-07-14T23:36:40.5191860Z" end-time="2024-07-14T23:36:40.5199690Z" duration="0.000783" total="1" passed="1" failed="0" warnings="0" inconclusive="0" skipped="0" asserts="4">
        <test-case id="1-1195" name="TestImportsParamsDefEnumImported" fullname="Kaitai.SpecImportsParamsDefEnumImported.TestImportsParamsDefEnumImported" methodname="TestImportsParamsDefEnumImported" classname="Kaitai.SpecImportsParamsDefEnumImported" runstate="Runnable" seed="1043735346" result="Passed" start-time="2024-07-14T23:36:40.5192840Z" end-time="2024-07-14T23:36:40.5199460Z" duration="0.000662" asserts="4" />
      </test-suite>
      <test-suite type="TestFixture" id="1-1196" name="SpecImportsParamsDefUsertypeImported" fullname="Kaitai.SpecImportsParamsDefUsertypeImported" classname="Kaitai.SpecImportsParamsDefUsertypeImported" runstate="Runnable" testcasecount="1" result="Passed" start-time="2024-07-14T23:36:40.5199940Z" end-time="2024-07-14T23:36:40.5207010Z" duration="0.000708" total="1" passed="1" failed="0" warnings="0" inconclusive="0" skipped="0" asserts="2">
        <test-case id="1-1197" name="TestImportsParamsDefUsertypeImported" fullname="Kaitai.SpecImportsParamsDefUsertypeImported.TestImportsParamsDefUsertypeImported" methodname="TestImportsParamsDefUsertypeImported" classname="Kaitai.SpecImportsParamsDefUsertypeImported" runstate="Runnable" seed="90940316" result="Passed" start-time="2024-07-14T23:36:40.5200890Z" end-time="2024-07-14T23:36:40.5206790Z" duration="0.000590" asserts="2" />
      </test-suite>
      <test-suite type="TestFixture" id="1-1198" name="SpecImportsRel1" fullname="Kaitai.SpecImportsRel1" classname="Kaitai.SpecImportsRel1" runstate="Runnable" testcasecount="1" result="Passed" start-time="2024-07-14T23:36:40.5207270Z" end-time="2024-07-14T23:36:40.5215370Z" duration="0.000810" total="1" passed="1" failed="0" warnings="0" inconclusive="0" skipped="0" asserts="3">
[...]
        <test-case id="1-1423" name="TestTypeIntUnaryOp" fullname="Kaitai.SpecTypeIntUnaryOp.TestTypeIntUnaryOp" methodname="TestTypeIntUnaryOp" classname="Kaitai.SpecTypeIntUnaryOp" runstate="Runnable" seed="785370915" result="Passed" start-time="2024-07-14T23:36:40.6427440Z" end-time="2024-07-14T23:36:40.6433590Z" duration="0.000615" asserts="4" />
      </test-suite>
      <test-suite type="TestFixture" id="1-1424" name="SpecTypeTernary" fullname="Kaitai.SpecTypeTernary" classname="Kaitai.SpecTypeTernary" runstate="Runnable" testcasecount="1" result="Passed" start-time="2024-07-14T23:36:40.6433940Z" end-time="2024-07-14T23:36:40.6442090Z" duration="0.000815" total="1" passed="1" failed="0" warnings="0" inconclusive="0" skipped="0" asserts="1">
        <test-case id="1-1425" name="TestTypeTernary" fullname="Kaitai.SpecTypeTernary.TestTypeTernary" methodname="TestTypeTernary" classname="Kaitai.SpecTypeTernary" runstate="Runnable" seed="2089567487" result="Passed" start-time="2024-07-14T23:36:40.6434920Z" end-time="2024-07-14T23:36:40.6441860Z" duration="0.000695" asserts="1" />
      </test-suite>
      <test-suite type="TestFixture" id="1-1426" name="SpecTypeTernary2ndFalsy" fullname="Kaitai.SpecTypeTernary2ndFalsy" classname="Kaitai.SpecTypeTernary2ndFalsy" runstate="Runnable" testcasecount="1" result="Passed" start-time="2024-07-14T23:36:40.6442330Z" end-time="2024-07-14T23:36:40.6461970Z" duration="0.001963" total="1" passed="1" failed="0" warnings="0" inconclusive="0" skipped="0" asserts="13">
        <test-case id="1-1427" name="TestTypeTernary2ndFalsy" fullname="Kaitai.SpecTypeTernary2ndFalsy.TestTypeTernary2ndFalsy" methodname="TestTypeTernary2ndFalsy" classname="Kaitai.SpecTypeTernary2ndFalsy" runstate="Runnable" seed="914245508" result="Passed" start-time="2024-07-14T23:36:40.6443510Z" end-time="2024-07-14T23:36:40.6461730Z" duration="0.001822" asserts="13" />
      </test-suite>
      <test-suite type="TestFixture" id="1-1428" name="SpecTypeTernaryOpaque" fullname="Kaitai.SpecTypeTernaryOpaque" classname="Kaitai.SpecTypeTernaryOpaque" runstate="Runnable" testcasecount="1" result="Passed" start-time="2024-07-14T23:36:40.6462200Z" end-time="2024-07-14T23:36:40.6469940Z" duration="0.000774" total="1" passed="1" failed="0" warnings="0" inconclusive="0" skipped="0" asserts="3">
        <test-case id="1-1429" name="TestTypeTernaryOpaque" fullname="Kaitai.SpecTypeTernaryOpaque.TestTypeTernaryOpaque" methodname="TestTypeTernaryOpaque" classname="Kaitai.SpecTypeTernaryOpaque" runstate="Runnable" seed="1725477687" result="Passed" start-time="2024-07-14T23:36:40.6463170Z" end-time="2024-07-14T23:36:40.6469710Z" duration="0.000654" asserts="3" />
      </test-suite>
      <test-suite type="TestFixture" id="1-1430" name="SpecUserType" fullname="Kaitai.SpecUserType" classname="Kaitai.SpecUserType" runstate="Runnable" testcasecount="1" result="Passed" start-time="2024-07-14T23:36:40.6470190Z" end-time="2024-07-14T23:36:40.6476780Z" duration="0.000659" total="1" passed="1" failed="0" warnings="0" inconclusive="0" skipped="0" asserts="2">
        <test-case id="1-1431" name="TestUserType" fullname="Kaitai.SpecUserType.TestUserType" methodname="TestUserType" classname="Kaitai.SpecUserType" runstate="Runnable" seed="109062271" result="Passed" start-time="2024-07-14T23:36:40.6471070Z" end-time="2024-07-14T23:36:40.6476570Z" duration="0.000550" asserts="2" />
      </test-suite>
      <test-suite type="TestFixture" id="1-1432" name="SpecValidEqStrEncodings" fullname="Kaitai.SpecValidEqStrEncodings" classname="Kaitai.SpecValidEqStrEncodings" runstate="Runnable" testcasecount="1" result="Passed" start-time="2024-07-14T23:36:40.6477020Z" end-time="2024-07-14T23:36:40.6485230Z" duration="0.000821" total="1" passed="1" failed="0" warnings="0" inconclusive="0" skipped="0" asserts="0">
        <test-case id="1-1433" name="TestValidEqStrEncodings" fullname="Kaitai.SpecValidEqStrEncodings.TestValidEqStrEncodings" methodname="TestValidEqStrEncodings" classname="Kaitai.SpecValidEqStrEncodings" runstate="Runnable" seed="1919599694" result="Passed" start-time="2024-07-14T23:36:40.6477970Z" end-time="2024-07-14T23:36:40.6484980Z" duration="0.000700" asserts="0" />
      </test-suite>
      <test-suite type="TestFixture" id="1-1434" name="SpecValidFailAnyofInt" fullname="Kaitai.SpecValidFailAnyofInt" classname="Kaitai.SpecValidFailAnyofInt" runstate="Runnable" testcasecount="1" result="Passed" start-time="2024-07-14T23:36:40.6485450Z" end-time="2024-07-14T23:36:40.6495510Z" duration="0.001006" total="1" passed="1" failed="0" warnings="0" inconclusive="0" skipped="0" asserts="1">
        <test-case id="1-1435" name="TestValidFailAnyofInt" fullname="Kaitai.SpecValidFailAnyofInt.TestValidFailAnyofInt" methodname="TestValidFailAnyofInt" classname="Kaitai.SpecValidFailAnyofInt" runstate="Runnable" seed="731933076" result="Passed" start-time="2024-07-14T23:36:40.6486230Z" end-time="2024-07-14T23:36:40.6495300Z" duration="0.000907" asserts="1" />
      </test-suite>
      <test-suite type="TestFixture" id="1-1436" name="SpecValidFailContents" fullname="Kaitai.SpecValidFailContents" classname="Kaitai.SpecValidFailContents" runstate="Runnable" testcasecount="1" result="Passed" start-time="2024-07-14T23:36:40.6495750Z" end-time="2024-07-14T23:36:40.6505130Z" duration="0.000939" total="1" passed="1" failed="0" warnings="0" inconclusive="0" skipped="0" asserts="1">
        <test-case id="1-1437" name="TestValidFailContents" fullname="Kaitai.SpecValidFailContents.TestValidFailContents" methodname="TestValidFailContents" classname="Kaitai.SpecValidFailContents" runstate="Runnable" seed="920802591" result="Passed" start-time="2024-07-14T23:36:40.6496740Z" end-time="2024-07-14T23:36:40.6504910Z" duration="0.000817" asserts="1" />
      </test-suite>
      <test-suite type="TestFixture" id="1-1438" name="SpecValidFailEqBytes" fullname="Kaitai.SpecValidFailEqBytes" classname="Kaitai.SpecValidFailEqBytes" runstate="Runnable" testcasecount="1" result="Passed" start-time="2024-07-14T23:36:40.6505380Z" end-time="2024-07-14T23:36:40.6512010Z" duration="0.000663" total="1" passed="1" failed="0" warnings="0" inconclusive="0" skipped="0" asserts="1">
        <test-case id="1-1439" name="TestValidFailEqBytes" fullname="Kaitai.SpecValidFailEqBytes.TestValidFailEqBytes" methodname="TestValidFailEqBytes" classname="Kaitai.SpecValidFailEqBytes" runstate="Runnable" seed="1418806882" result="Passed" start-time="2024-07-14T23:36:40.6506360Z" end-time="2024-07-14T23:36:40.6511850Z" duration="0.000549" asserts="1" />
      </test-suite>
      <test-suite type="TestFixture" id="1-1440" name="SpecValidFailEqInt" fullname="Kaitai.SpecValidFailEqInt" classname="Kaitai.SpecValidFailEqInt" runstate="Runnable" testcasecount="1" result="Passed" start-time="2024-07-14T23:36:40.6512190Z" end-time="2024-07-14T23:36:40.6519490Z" duration="0.000731" total="1" passed="1" failed="0" warnings="0" inconclusive="0" skipped="0" asserts="1">
        <test-case id="1-1441" name="TestValidFailEqInt" fullname="Kaitai.SpecValidFailEqInt.TestValidFailEqInt" methodname="TestValidFailEqInt" classname="Kaitai.SpecValidFailEqInt" runstate="Runnable" seed="720522191" result="Passed" start-time="2024-07-14T23:36:40.6513220Z" end-time="2024-07-14T23:36:40.6519250Z" duration="0.000602" asserts="1" />
      </test-suite>
      <test-suite type="TestFixture" id="1-1442" name="SpecValidFailEqStr" fullname="Kaitai.SpecValidFailEqStr" classname="Kaitai.SpecValidFailEqStr" runstate="Runnable" testcasecount="1" result="Passed" start-time="2024-07-14T23:36:40.6519740Z" end-time="2024-07-14T23:36:40.6526730Z" duration="0.000699" total="1" passed="1" failed="0" warnings="0" inconclusive="0" skipped="0" asserts="1">
        <test-case id="1-1443" name="TestValidFailEqStr" fullname="Kaitai.SpecValidFailEqStr.TestValidFailEqStr" methodname="TestValidFailEqStr" classname="Kaitai.SpecValidFailEqStr" runstate="Runnable" seed="953615717" result="Passed" start-time="2024-07-14T23:36:40.6520720Z" end-time="2024-07-14T23:36:40.6526490Z" duration="0.000577" asserts="1" />
      </test-suite>
      <test-suite type="TestFixture" id="1-1444" name="SpecValidFailExpr" fullname="Kaitai.SpecValidFailExpr" classname="Kaitai.SpecValidFailExpr" runstate="Runnable" testcasecount="1" result="Passed" start-time="2024-07-14T23:36:40.6526910Z" end-time="2024-07-14T23:36:40.6537730Z" duration="0.001083" total="1" passed="1" failed="0" warnings="0" inconclusive="0" skipped="0" asserts="1">
        <test-case id="1-1445" name="TestValidFailExpr" fullname="Kaitai.SpecValidFailExpr.TestValidFailExpr" methodname="TestValidFailExpr" classname="Kaitai.SpecValidFailExpr" runstate="Runnable" seed="1589472595" result="Passed" start-time="2024-07-14T23:36:40.6527660Z" end-time="2024-07-14T23:36:40.6537560Z" duration="0.000989" asserts="1" />
      </test-suite>
      <test-suite type="TestFixture" id="1-1446" name="SpecValidFailInst" fullname="Kaitai.SpecValidFailInst" classname="Kaitai.SpecValidFailInst" runstate="Runnable" testcasecount="1" result="Passed" start-time="2024-07-14T23:36:40.6537910Z" end-time="2024-07-14T23:36:40.6545800Z" duration="0.000790" total="1" passed="1" failed="0" warnings="0" inconclusive="0" skipped="0" asserts="1">
        <test-case id="1-1447" name="TestValidFailInst" fullname="Kaitai.SpecValidFailInst.TestValidFailInst" methodname="TestValidFailInst" classname="Kaitai.SpecValidFailInst" runstate="Runnable" seed="1954947604" result="Passed" start-time="2024-07-14T23:36:40.6538770Z" end-time="2024-07-14T23:36:40.6545610Z" duration="0.000683" asserts="1" />
      </test-suite>
      <test-suite type="TestFixture" id="1-1448" name="SpecValidFailMaxInt" fullname="Kaitai.SpecValidFailMaxInt" classname="Kaitai.SpecValidFailMaxInt" runstate="Runnable" testcasecount="1" result="Passed" start-time="2024-07-14T23:36:40.6546060Z" end-time="2024-07-14T23:36:40.6553450Z" duration="0.000740" total="1" passed="1" failed="0" warnings="0" inconclusive="0" skipped="0" asserts="1">
        <test-case id="1-1449" name="TestValidFailMaxInt" fullname="Kaitai.SpecValidFailMaxInt.TestValidFailMaxInt" methodname="TestValidFailMaxInt" classname="Kaitai.SpecValidFailMaxInt" runstate="Runnable" seed="275449003" result="Passed" start-time="2024-07-14T23:36:40.6547060Z" end-time="2024-07-14T23:36:40.6553280Z" duration="0.000622" asserts="1" />
      </test-suite>
      <test-suite type="TestFixture" id="1-1450" name="SpecValidFailMinInt" fullname="Kaitai.SpecValidFailMinInt" classname="Kaitai.SpecValidFailMinInt" runstate="Runnable" testcasecount="1" result="Passed" start-time="2024-07-14T23:36:40.6553730Z" end-time="2024-07-14T23:36:40.6561360Z" duration="0.000762" total="1" passed="1" failed="0" warnings="0" inconclusive="0" skipped="0" asserts="1">
        <test-case id="1-1451" name="TestValidFailMinInt" fullname="Kaitai.SpecValidFailMinInt.TestValidFailMinInt" methodname="TestValidFailMinInt" classname="Kaitai.SpecValidFailMinInt" runstate="Runnable" seed="662869113" result="Passed" start-time="2024-07-14T23:36:40.6554730Z" end-time="2024-07-14T23:36:40.6561130Z" duration="0.000640" asserts="1" />
      </test-suite>
      <test-suite type="TestFixture" id="1-1452" name="SpecValidFailRangeBytes" fullname="Kaitai.SpecValidFailRangeBytes" classname="Kaitai.SpecValidFailRangeBytes" runstate="Runnable" testcasecount="1" result="Passed" start-time="2024-07-14T23:36:40.6561600Z" end-time="2024-07-14T23:36:40.6574920Z" duration="0.001331" total="1" passed="1" failed="0" warnings="0" inconclusive="0" skipped="0" asserts="1">
        <test-case id="1-1453" name="TestValidFailRangeBytes" fullname="Kaitai.SpecValidFailRangeBytes.TestValidFailRangeBytes" methodname="TestValidFailRangeBytes" classname="Kaitai.SpecValidFailRangeBytes" runstate="Runnable" seed="366682188" result="Passed" start-time="2024-07-14T23:36:40.6562580Z" end-time="2024-07-14T23:36:40.6574690Z" duration="0.001211" asserts="1" />
      </test-suite>
      <test-suite type="TestFixture" id="1-1454" name="SpecValidFailRangeFloat" fullname="Kaitai.SpecValidFailRangeFloat" classname="Kaitai.SpecValidFailRangeFloat" runstate="Runnable" testcasecount="1" result="Passed" start-time="2024-07-14T23:36:40.6575180Z" end-time="2024-07-14T23:36:40.6596450Z" duration="0.002127" total="1" passed="1" failed="0" warnings="0" inconclusive="0" skipped="0" asserts="1">
        <test-case id="1-1455" name="TestValidFailRangeFloat" fullname="Kaitai.SpecValidFailRangeFloat.TestValidFailRangeFloat" methodname="TestValidFailRangeFloat" classname="Kaitai.SpecValidFailRangeFloat" runstate="Runnable" seed="1719042920" result="Passed" start-time="2024-07-14T23:36:40.6576210Z" end-time="2024-07-14T23:36:40.6596220Z" duration="0.002000" asserts="1" />
      </test-suite>
      <test-suite type="TestFixture" id="1-1456" name="SpecValidFailRangeInt" fullname="Kaitai.SpecValidFailRangeInt" classname="Kaitai.SpecValidFailRangeInt" runstate="Runnable" testcasecount="1" result="Passed" start-time="2024-07-14T23:36:40.6596680Z" end-time="2024-07-14T23:36:40.6603510Z" duration="0.000683" total="1" passed="1" failed="0" warnings="0" inconclusive="0" skipped="0" asserts="1">
        <test-case id="1-1457" name="TestValidFailRangeInt" fullname="Kaitai.SpecValidFailRangeInt.TestValidFailRangeInt" methodname="TestValidFailRangeInt" classname="Kaitai.SpecValidFailRangeInt" runstate="Runnable" seed="1400331497" result="Passed" start-time="2024-07-14T23:36:40.6597920Z" end-time="2024-07-14T23:36:40.6603280Z" duration="0.000536" asserts="1" />
      </test-suite>
      <test-suite type="TestFixture" id="1-1458" name="SpecValidFailRangeStr" fullname="Kaitai.SpecValidFailRangeStr" classname="Kaitai.SpecValidFailRangeStr" runstate="Runnable" testcasecount="1" result="Passed" start-time="2024-07-14T23:36:40.6603740Z" end-time="2024-07-14T23:36:40.6610360Z" duration="0.000661" total="1" passed="1" failed="0" warnings="0" inconclusive="0" skipped="0" asserts="1">
        <test-case id="1-1459" name="TestValidFailRangeStr" fullname="Kaitai.SpecValidFailRangeStr.TestValidFailRangeStr" methodname="TestValidFailRangeStr" classname="Kaitai.SpecValidFailRangeStr" runstate="Runnable" seed="1554199822" result="Passed" start-time="2024-07-14T23:36:40.6604730Z" end-time="2024-07-14T23:36:40.6610190Z" duration="0.000546" asserts="1" />
      </test-suite>
      <test-suite type="TestFixture" id="1-1460" name="SpecValidLong" fullname="Kaitai.SpecValidLong" classname="Kaitai.SpecValidLong" runstate="Runnable" testcasecount="1" result="Passed" start-time="2024-07-14T23:36:40.6610540Z" end-time="2024-07-14T23:36:40.6622660Z" duration="0.001212" total="1" passed="1" failed="0" warnings="0" inconclusive="0" skipped="0" asserts="0">
        <test-case id="1-1461" name="TestValidLong" fullname="Kaitai.SpecValidLong.TestValidLong" methodname="TestValidLong" classname="Kaitai.SpecValidLong" runstate="Runnable" seed="1615690965" result="Passed" start-time="2024-07-14T23:36:40.6611460Z" end-time="2024-07-14T23:36:40.6622420Z" duration="0.001096" asserts="0" />
      </test-suite>
      <test-suite type="TestFixture" id="1-1462" name="SpecValidNotParsedIf" fullname="Kaitai.SpecValidNotParsedIf" classname="Kaitai.SpecValidNotParsedIf" runstate="Runnable" testcasecount="1" result="Passed" start-time="2024-07-14T23:36:40.6622900Z" end-time="2024-07-14T23:36:40.6629090Z" duration="0.000619" total="1" passed="1" failed="0" warnings="0" inconclusive="0" skipped="0" asserts="0">
        <test-case id="1-1463" name="TestValidNotParsedIf" fullname="Kaitai.SpecValidNotParsedIf.TestValidNotParsedIf" methodname="TestValidNotParsedIf" classname="Kaitai.SpecValidNotParsedIf" runstate="Runnable" seed="1760800693" result="Passed" start-time="2024-07-14T23:36:40.6623830Z" end-time="2024-07-14T23:36:40.6628840Z" duration="0.000502" asserts="0" />
      </test-suite>
      <test-suite type="TestFixture" id="1-1464" name="SpecValidOptionalId" fullname="Kaitai.SpecValidOptionalId" classname="Kaitai.SpecValidOptionalId" runstate="Runnable" testcasecount="1" result="Passed" start-time="2024-07-14T23:36:40.6629330Z" end-time="2024-07-14T23:36:40.6635200Z" duration="0.000587" total="1" passed="1" failed="0" warnings="0" inconclusive="0" skipped="0" asserts="0">
        <test-case id="1-1465" name="TestValidOptionalId" fullname="Kaitai.SpecValidOptionalId.TestValidOptionalId" methodname="TestValidOptionalId" classname="Kaitai.SpecValidOptionalId" runstate="Runnable" seed="1431564084" result="Passed" start-time="2024-07-14T23:36:40.6630260Z" end-time="2024-07-14T23:36:40.6635020Z" duration="0.000476" asserts="0" />
      </test-suite>
      <test-suite type="TestFixture" id="1-1466" name="SpecValidShort" fullname="Kaitai.SpecValidShort" classname="Kaitai.SpecValidShort" runstate="Runnable" testcasecount="1" result="Passed" start-time="2024-07-14T23:36:40.6635370Z" end-time="2024-07-14T23:36:40.6645880Z" duration="0.001052" total="1" passed="1" failed="0" warnings="0" inconclusive="0" skipped="0" asserts="0">
        <test-case id="1-1467" name="TestValidShort" fullname="Kaitai.SpecValidShort.TestValidShort" methodname="TestValidShort" classname="Kaitai.SpecValidShort" runstate="Runnable" seed="652131040" result="Passed" start-time="2024-07-14T23:36:40.6636220Z" end-time="2024-07-14T23:36:40.6645700Z" duration="0.000948" asserts="0" />
      </test-suite>
      <test-suite type="TestFixture" id="1-1468" name="SpecValidSwitch" fullname="Kaitai.SpecValidSwitch" classname="Kaitai.SpecValidSwitch" runstate="Runnable" testcasecount="1" result="Passed" start-time="2024-07-14T23:36:40.6646060Z" end-time="2024-07-14T23:36:40.6651560Z" duration="0.000551" total="1" passed="1" failed="0" warnings="0" inconclusive="0" skipped="0" asserts="0">
        <test-case id="1-1469" name="TestValidSwitch" fullname="Kaitai.SpecValidSwitch.TestValidSwitch" methodname="TestValidSwitch" classname="Kaitai.SpecValidSwitch" runstate="Runnable" seed="600995951" result="Passed" start-time="2024-07-14T23:36:40.6646950Z" end-time="2024-07-14T23:36:40.6651320Z" duration="0.000438" asserts="0" />
      </test-suite>
      <test-suite type="TestFixture" id="1-1470" name="SpecZlibSurrounded" fullname="Kaitai.SpecZlibSurrounded" classname="Kaitai.SpecZlibSurrounded" runstate="Runnable" testcasecount="1" result="Passed" start-time="2024-07-14T23:36:40.6651780Z" end-time="2024-07-14T23:36:40.6713820Z" duration="0.006203" total="1" passed="1" failed="0" warnings="0" inconclusive="0" skipped="0" asserts="1">
        <test-case id="1-1471" name="TestZlibSurrounded" fullname="Kaitai.SpecZlibSurrounded.TestZlibSurrounded" methodname="TestZlibSurrounded" classname="Kaitai.SpecZlibSurrounded" runstate="Runnable" seed="1332255886" result="Passed" start-time="2024-07-14T23:36:40.6652740Z" end-time="2024-07-14T23:36:40.6713630Z" duration="0.006088" asserts="1" />
      </test-suite>
      <test-suite type="TestFixture" id="1-1472" name="SpecZlibWithHeader78" fullname="Kaitai.SpecZlibWithHeader78" classname="Kaitai.SpecZlibWithHeader78" runstate="Runnable" testcasecount="1" result="Passed" start-time="2024-07-14T23:36:40.6713990Z" end-time="2024-07-14T23:36:40.6719110Z" duration="0.000511" total="1" passed="1" failed="0" warnings="0" inconclusive="0" skipped="0" asserts="1">
        <test-case id="1-1473" name="TestZlibWithHeader78" fullname="Kaitai.SpecZlibWithHeader78.TestZlibWithHeader78" methodname="TestZlibWithHeader78" classname="Kaitai.SpecZlibWithHeader78" runstate="Runnable" seed="954224743" result="Passed" start-time="2024-07-14T23:36:40.6714790Z" end-time="2024-07-14T23:36:40.6718880Z" duration="0.000409" asserts="1" />
      </test-suite>
    </test-suite>
  </test-suite>
</test-run>