<?xml version="1.0" encoding="utf-8" standalone="no"?>
<test-run id="2" testcasecount="153" result="Failed" total="153" passed="152" failed="1" inconclusive="0" skipped="0" asserts="703" engine-version="3.4.1.0" clr-version="4.0.30319.42000" start-time="2019-11-10 04:20:24Z" end-time="2019-11-10 04:20:25Z" duration="1.133189">
  <command-line><![CDATA[/home/travis/build/kaitai-io/ci_targets/tests/spec/csharp/packages/NUnit.ConsoleRunner.3.4.1/tools/nunit3-console.exe --result=test_out/csharp/TestResult.xml spec/csharp/kaitai_struct_csharp_tests/bin/Debug/kaitai_struct_csharp_tests.dll]]></command-line>
  <test-suite type="Assembly" id="0-1306" name="kaitai_struct_csharp_tests.dll" fullname="/home/travis/build/kaitai-io/ci_targets/tests/spec/csharp/kaitai_struct_csharp_tests/bin/Debug/kaitai_struct_csharp_tests.dll" runstate="Runnable" testcasecount="153" result="Failed" site="Child" start-time="2019-11-10 04:20:24Z" end-time="2019-11-10 04:20:25Z" duration="1.031056" total="153" passed="152" failed="1" inconclusive="0" skipped="0" asserts="703">
    <environment framework-version="3.4.1.0" clr-version="4.0.30319.42000" os-version="Unix 4.4.0.101" platform="Unix" cwd="/home/travis/build/kaitai-io/ci_targets/tests" machine-name="travis-job-6dbc183a-ae0a-4792-8f7b-f0cd0004b131" user="travis" user-domain="travis-job-6dbc183a-ae0a-4792-8f7b-f0cd0004b131" culture="en-US" uiculture="en-US" os-architecture="x64" />
    <settings>
      <setting name="WorkDirectory" value="/home/travis/build/kaitai-io/ci_targets/tests" />
      <setting name="ImageRuntimeVersion" value="4.0.30319" />
      <setting name="ImageTargetFrameworkName" value=".NETFramework,Version=v4.5" />
      <setting name="ImageRequiresX86" value="False" />
      <setting name="ImageRequiresDefaultAppDomainAssemblyResolver" value="False" />
      <setting name="NumberOfTestWorkers" value="2" />
    </settings>
    <properties>
      <property name="_PID" value="9870" />
      <property name="_APPDOMAIN" value="test-domain-" />
    </properties>
    <failure>
      <message><![CDATA[One or more child tests had errors]]></message>
    </failure>
    <test-suite type="TestSuite" id="0-1307" name="Kaitai" fullname="Kaitai" runstate="Runnable" testcasecount="153" result="Failed" site="Child" start-time="2019-11-10 04:20:24Z" end-time="2019-11-10 04:20:25Z" duration="1.016006" total="153" passed="152" failed="1" inconclusive="0" skipped="0" asserts="703">
      <failure>
        <message><![CDATA[One or more child tests had errors]]></message>
      </failure>
      <test-suite type="TestFixture" id="0-1000" name="SpecBcdUserTypeBe" fullname="Kaitai.SpecBcdUserTypeBe" classname="Kaitai.SpecBcdUserTypeBe" runstate="Runnable" testcasecount="1" result="Passed" start-time="2019-11-10 04:20:24Z" end-time="2019-11-10 04:20:24Z" duration="0.022276" total="1" passed="1" failed="0" inconclusive="0" skipped="0" asserts="6">
        <test-case id="0-1001" name="TestBcdUserTypeBe" fullname="Kaitai.SpecBcdUserTypeBe.TestBcdUserTypeBe" methodname="TestBcdUserTypeBe" classname="Kaitai.SpecBcdUserTypeBe" runstate="Runnable" seed="2138998622" result="Passed" start-time="2019-11-10 04:20:24Z" end-time="2019-11-10 04:20:24Z" duration="0.011776" asserts="6" />
      </test-suite>
      <test-suite type="TestFixture" id="0-1002" name="SpecBcdUserTypeLe" fullname="Kaitai.SpecBcdUserTypeLe" classname="Kaitai.SpecBcdUserTypeLe" runstate="Runnable" testcasecount="1" result="Passed" start-time="2019-11-10 04:20:24Z" end-time="2019-11-10 04:20:24Z" duration="0.006835" total="1" passed="1" failed="0" inconclusive="0" skipped="0" asserts="6">
        <test-case id="0-1003" name="TestBcdUserTypeLe" fullname="Kaitai.SpecBcdUserTypeLe.TestBcdUserTypeLe" methodname="TestBcdUserTypeLe" classname="Kaitai.SpecBcdUserTypeLe" runstate="Runnable" seed="1257998342" result="Passed" start-time="2019-11-10 04:20:24Z" end-time="2019-11-10 04:20:24Z" duration="0.004158" asserts="6" />
      </test-suite>
      <test-suite type="TestFixture" id="0-1004" name="SpecBitsByteAligned" fullname="Kaitai.SpecBitsByteAligned" classname="Kaitai.SpecBitsByteAligned" runstate="Runnable" testcasecount="1" result="Passed" start-time="2019-11-10 04:20:24Z" end-time="2019-11-10 04:20:24Z" duration="0.009392" total="1" passed="1" failed="0" inconclusive="0" skipped="0" asserts="9">
        <test-case id="0-1005" name="TestBitsByteAligned" fullname="Kaitai.SpecBitsByteAligned.TestBitsByteAligned" methodname="TestBitsByteAligned" classname="Kaitai.SpecBitsByteAligned" runstate="Runnable" seed="1298725250" result="Passed" start-time="2019-11-10 04:20:24Z" end-time="2019-11-10 04:20:24Z" duration="0.006690" asserts="9" />
      </test-suite>
      <test-suite type="TestFixture" id="0-1006" name="SpecBitsEnum" fullname="Kaitai.SpecBitsEnum" classname="Kaitai.SpecBitsEnum" runstate="Runnable" testcasecount="1" result="Passed" start-time="2019-11-10 04:20:24Z" end-time="2019-11-10 04:20:24Z" duration="0.004034" total="1" passed="1" failed="0" inconclusive="0" skipped="0" asserts="3">
        <test-case id="0-1007" name="TestBitsEnum" fullname="Kaitai.SpecBitsEnum.TestBitsEnum" methodname="TestBitsEnum" classname="Kaitai.SpecBitsEnum" runstate="Runnable" seed="1722745007" result="Passed" start-time="2019-11-10 04:20:24Z" end-time="2019-11-10 04:20:24Z" duration="0.001221" asserts="3" />
      </test-suite>
      <test-suite type="TestFixture" id="0-1008" name="SpecBitsSimple" fullname="Kaitai.SpecBitsSimple" classname="Kaitai.SpecBitsSimple" runstate="Runnable" testcasecount="1" result="Passed" start-time="2019-11-10 04:20:24Z" end-time="2019-11-10 04:20:24Z" duration="0.005145" total="1" passed="1" failed="0" inconclusive="0" skipped="0" asserts="14">
        <test-case id="0-1009" name="TestBitsSimple" fullname="Kaitai.SpecBitsSimple.TestBitsSimple" methodname="TestBitsSimple" classname="Kaitai.SpecBitsSimple" runstate="Runnable" seed="1794788869" result="Passed" start-time="2019-11-10 04:20:24Z" end-time="2019-11-10 04:20:24Z" duration="0.002556" asserts="14" />
      </test-suite>
      <test-suite type="TestFixture" id="0-1010" name="SpecBufferedStruct" fullname="Kaitai.SpecBufferedStruct" classname="Kaitai.SpecBufferedStruct" runstate="Runnable" testcasecount="1" result="Passed" start-time="2019-11-10 04:20:24Z" end-time="2019-11-10 04:20:24Z" duration="0.004236" total="1" passed="1" failed="0" inconclusive="0" skipped="0" asserts="7">
        <test-case id="0-1011" name="TestBufferedStruct" fullname="Kaitai.SpecBufferedStruct.TestBufferedStruct" methodname="TestBufferedStruct" classname="Kaitai.SpecBufferedStruct" runstate="Runnable" seed="1523518377" result="Passed" start-time="2019-11-10 04:20:24Z" end-time="2019-11-10 04:20:24Z" duration="0.001682" asserts="7" />
      </test-suite>
      <test-suite type="TestFixture" id="0-1012" name="SpecBytesPadTerm" fullname="Kaitai.SpecBytesPadTerm" classname="Kaitai.SpecBytesPadTerm" runstate="Runnable" testcasecount="1" result="Passed" start-time="2019-11-10 04:20:24Z" end-time="2019-11-10 04:20:24Z" duration="0.003507" total="1" passed="1" failed="0" inconclusive="0" skipped="0" asserts="4">
        <test-case id="0-1013" name="TestBytesPadTerm" fullname="Kaitai.SpecBytesPadTerm.TestBytesPadTerm" methodname="TestBytesPadTerm" classname="Kaitai.SpecBytesPadTerm" runstate="Runnable" seed="1862991954" result="Passed" start-time="2019-11-10 04:20:24Z" end-time="2019-11-10 04:20:24Z" duration="0.000945" asserts="4" />
      </test-suite>
      <test-suite type="TestFixture" id="0-1014" name="SpecCastNested" fullname="Kaitai.SpecCastNested" classname="Kaitai.SpecCastNested" runstate="Runnable" testcasecount="1" result="Passed" start-time="2019-11-10 04:20:24Z" end-time="2019-11-10 04:20:24Z" duration="0.021451" total="1" passed="1" failed="0" inconclusive="0" skipped="0" asserts="4">
        <test-case id="0-1015" name="TestCastNested" fullname="Kaitai.SpecCastNested.TestCastNested" methodname="TestCastNested" classname="Kaitai.SpecCastNested" runstate="Runnable" seed="702213304" result="Passed" start-time="2019-11-10 04:20:24Z" end-time="2019-11-10 04:20:24Z" duration="0.018855" asserts="4" />
      </test-suite>
      <test-suite type="TestFixture" id="0-1016" name="SpecCastToImported" fullname="Kaitai.SpecCastToImported" classname="Kaitai.SpecCastToImported" runstate="Runnable" testcasecount="1" result="Passed" start-time="2019-11-10 04:20:24Z" end-time="2019-11-10 04:20:24Z" duration="0.003416" total="1" passed="1" failed="0" inconclusive="0" skipped="0" asserts="2">
        <test-case id="0-1017" name="TestCastToImported" fullname="Kaitai.SpecCastToImported.TestCastToImported" methodname="TestCastToImported" classname="Kaitai.SpecCastToImported" runstate="Runnable" seed="1171061126" result="Passed" start-time="2019-11-10 04:20:24Z" end-time="2019-11-10 04:20:24Z" duration="0.000785" asserts="2" />
      </test-suite>
      <test-suite type="TestFixture" id="0-1018" name="SpecCastToTop" fullname="Kaitai.SpecCastToTop" classname="Kaitai.SpecCastToTop" runstate="Runnable" testcasecount="1" result="Passed" start-time="2019-11-10 04:20:24Z" end-time="2019-11-10 04:20:24Z" duration="0.003765" total="1" passed="1" failed="0" inconclusive="0" skipped="0" asserts="3">
        <test-case id="0-1019" name="TestCastToTop" fullname="Kaitai.SpecCastToTop.TestCastToTop" methodname="TestCastToTop" classname="Kaitai.SpecCastToTop" runstate="Runnable" seed="1130981664" result="Passed" start-time="2019-11-10 04:20:24Z" end-time="2019-11-10 04:20:24Z" duration="0.001144" asserts="3" />
      </test-suite>
      <test-suite type="TestFixture" id="0-1020" name="SpecDebug0" fullname="Kaitai.SpecDebug0" classname="Kaitai.SpecDebug0" runstate="Runnable" testcasecount="1" result="Passed" start-time="2019-11-10 04:20:24Z" end-time="2019-11-10 04:20:24Z" duration="0.002813" total="1" passed="1" failed="0" inconclusive="0" skipped="0" asserts="0">
        <test-case id="0-1021" name="TestDebug0" fullname="Kaitai.SpecDebug0.TestDebug0" methodname="TestDebug0" classname="Kaitai.SpecDebug0" runstate="Runnable" seed="1706413051" result="Passed" start-time="2019-11-10 04:20:24Z" end-time="2019-11-10 04:20:24Z" duration="0.000119" asserts="0" />
      </test-suite>
      <test-suite type="TestFixture" id="0-1022" name="SpecDebugArrayUser" fullname="Kaitai.SpecDebugArrayUser" classname="Kaitai.SpecDebugArrayUser" runstate="Runnable" testcasecount="1" result="Passed" start-time="2019-11-10 04:20:24Z" end-time="2019-11-10 04:20:24Z" duration="0.004026" total="1" passed="1" failed="0" inconclusive="0" skipped="0" asserts="4">
        <test-case id="0-1023" name="TestDebugArrayUser" fullname="Kaitai.SpecDebugArrayUser.TestDebugArrayUser" methodname="TestDebugArrayUser" classname="Kaitai.SpecDebugArrayUser" runstate="Runnable" seed="856334740" result="Passed" start-time="2019-11-10 04:20:24Z" end-time="2019-11-10 04:20:24Z" duration="0.001415" asserts="4" />
      </test-suite>
      <test-suite type="TestFixture" id="0-1024" name="SpecDebugEnumName" fullname="Kaitai.SpecDebugEnumName" classname="Kaitai.SpecDebugEnumName" runstate="Runnable" testcasecount="1" result="Passed" start-time="2019-11-10 04:20:24Z" end-time="2019-11-10 04:20:24Z" duration="0.002606" total="1" passed="1" failed="0" inconclusive="0" skipped="0" asserts="0">
        <test-case id="0-1025" name="TestDebugEnumName" fullname="Kaitai.SpecDebugEnumName.TestDebugEnumName" methodname="TestDebugEnumName" classname="Kaitai.SpecDebugEnumName" runstate="Runnable" seed="171632090" result="Passed" start-time="2019-11-10 04:20:24Z" end-time="2019-11-10 04:20:24Z" duration="0.000095" asserts="0" />
      </test-suite>
      <test-suite type="TestFixture" id="0-1026" name="SpecDefaultBigEndian" fullname="Kaitai.SpecDefaultBigEndian" classname="Kaitai.SpecDefaultBigEndian" runstate="Runnable" testcasecount="1" result="Passed" start-time="2019-11-10 04:20:24Z" end-time="2019-11-10 04:20:24Z" duration="0.003210" total="1" passed="1" failed="0" inconclusive="0" skipped="0" asserts="1">
        <test-case id="0-1027" name="TestDefaultBigEndian" fullname="Kaitai.SpecDefaultBigEndian.TestDefaultBigEndian" methodname="TestDefaultBigEndian" classname="Kaitai.SpecDefaultBigEndian" runstate="Runnable" seed="1503150408" result="Passed" start-time="2019-11-10 04:20:24Z" end-time="2019-11-10 04:20:24Z" duration="0.000615" asserts="1" />
      </test-suite>
      <test-suite type="TestFixture" id="0-1028" name="SpecDefaultEndianExprException" fullname="Kaitai.SpecDefaultEndianExprException" classname="Kaitai.SpecDefaultEndianExprException" runstate="Runnable" testcasecount="1" result="Passed" start-time="2019-11-10 04:20:24Z" end-time="2019-11-10 04:20:24Z" duration="0.007544" total="1" passed="1" failed="0" inconclusive="0" skipped="0" asserts="1">
        <test-case id="0-1029" name="TestDefaultEndianExprException" fullname="Kaitai.SpecDefaultEndianExprException.TestDefaultEndianExprException" methodname="TestDefaultEndianExprException" classname="Kaitai.SpecDefaultEndianExprException" runstate="Runnable" seed="1036647743" result="Passed" start-time="2019-11-10 04:20:24Z" end-time="2019-11-10 04:20:24Z" duration="0.005005" asserts="1" />
      </test-suite>
      <test-suite type="TestFixture" id="0-1030" name="SpecDefaultEndianExprInherited" fullname="Kaitai.SpecDefaultEndianExprInherited" classname="Kaitai.SpecDefaultEndianExprInherited" runstate="Runnable" testcasecount="1" result="Passed" start-time="2019-11-10 04:20:24Z" end-time="2019-11-10 04:20:24Z" duration="0.006538" total="1" passed="1" failed="0" inconclusive="0" skipped="0" asserts="15">
        <test-case id="0-1031" name="TestDefaultEndianExprInherited" fullname="Kaitai.SpecDefaultEndianExprInherited.TestDefaultEndianExprInherited" methodname="TestDefaultEndianExprInherited" classname="Kaitai.SpecDefaultEndianExprInherited" runstate="Runnable" seed="1377593267" result="Passed" start-time="2019-11-10 04:20:24Z" end-time="2019-11-10 04:20:24Z" duration="0.003866" asserts="15" />
      </test-suite>
      <test-suite type="TestFixture" id="0-1032" name="SpecDefaultEndianExprIsBe" fullname="Kaitai.SpecDefaultEndianExprIsBe" classname="Kaitai.SpecDefaultEndianExprIsBe" runstate="Runnable" testcasecount="1" result="Passed" start-time="2019-11-10 04:20:24Z" end-time="2019-11-10 04:20:24Z" duration="0.005974" total="1" passed="1" failed="0" inconclusive="0" skipped="0" asserts="18">
        <test-case id="0-1033" name="TestDefaultEndianExprIsBe" fullname="Kaitai.SpecDefaultEndianExprIsBe.TestDefaultEndianExprIsBe" methodname="TestDefaultEndianExprIsBe" classname="Kaitai.SpecDefaultEndianExprIsBe" runstate="Runnable" seed="2124366523" result="Passed" start-time="2019-11-10 04:20:24Z" end-time="2019-11-10 04:20:24Z" duration="0.003416" asserts="18" />
      </test-suite>
      <test-suite type="TestFixture" id="0-1034" name="SpecDefaultEndianExprIsLe" fullname="Kaitai.SpecDefaultEndianExprIsLe" classname="Kaitai.SpecDefaultEndianExprIsLe" runstate="Runnable" testcasecount="1" result="Passed" start-time="2019-11-10 04:20:24Z" end-time="2019-11-10 04:20:24Z" duration="0.004951" total="1" passed="1" failed="0" inconclusive="0" skipped="0" asserts="12">
        <test-case id="0-1035" name="TestDefaultEndianExprIsLe" fullname="Kaitai.SpecDefaultEndianExprIsLe.TestDefaultEndianExprIsLe" methodname="TestDefaultEndianExprIsLe" classname="Kaitai.SpecDefaultEndianExprIsLe" runstate="Runnable" seed="681002951" result="Passed" start-time="2019-11-10 04:20:24Z" end-time="2019-11-10 04:20:24Z" duration="0.002420" asserts="12" />
      </test-suite>
      <test-suite type="TestFixture" id="0-1036" name="SpecDefaultEndianMod" fullname="Kaitai.SpecDefaultEndianMod" classname="Kaitai.SpecDefaultEndianMod" runstate="Runnable" testcasecount="1" result="Passed" start-time="2019-11-10 04:20:24Z" end-time="2019-11-10 04:20:24Z" duration="0.003573" total="1" passed="1" failed="0" inconclusive="0" skipped="0" asserts="3">
        <test-case id="0-1037" name="TestDefaultEndianMod" fullname="Kaitai.SpecDefaultEndianMod.TestDefaultEndianMod" methodname="TestDefaultEndianMod" classname="Kaitai.SpecDefaultEndianMod" runstate="Runnable" seed="935200503" result="Passed" start-time="2019-11-10 04:20:24Z" end-time="2019-11-10 04:20:24Z" duration="0.001035" asserts="3" />
      </test-suite>
      <test-suite type="TestFixture" id="0-1038" name="SpecDocstrings" fullname="Kaitai.SpecDocstrings" classname="Kaitai.SpecDocstrings" runstate="Runnable" testcasecount="1" result="Passed" start-time="2019-11-10 04:20:24Z" end-time="2019-11-10 04:20:24Z" duration="0.003031" total="1" passed="1" failed="0" inconclusive="0" skipped="0" asserts="0">
        <test-case id="0-1039" name="TestDocstrings" fullname="Kaitai.SpecDocstrings.TestDocstrings" methodname="TestDocstrings" classname="Kaitai.SpecDocstrings" runstate="Runnable" seed="1792273984" result="Passed" start-time="2019-11-10 04:20:24Z" end-time="2019-11-10 04:20:24Z" duration="0.000498" asserts="0" />
      </test-suite>
      <test-suite type="TestFixture" id="0-1040" name="SpecDocstringsDocref" fullname="Kaitai.SpecDocstringsDocref" classname="Kaitai.SpecDocstringsDocref" runstate="Runnable" testcasecount="1" result="Passed" start-time="2019-11-10 04:20:24Z" end-time="2019-11-10 04:20:24Z" duration="0.005582" total="1" passed="1" failed="0" inconclusive="0" skipped="0" asserts="0">
        <test-case id="0-1041" name="TestDocstringsDocref" fullname="Kaitai.SpecDocstringsDocref.TestDocstringsDocref" methodname="TestDocstringsDocref" classname="Kaitai.SpecDocstringsDocref" runstate="Runnable" seed="636878589" result="Passed" start-time="2019-11-10 04:20:24Z" end-time="2019-11-10 04:20:24Z" duration="0.003054" asserts="0" />
      </test-suite>
      <test-suite type="TestFixture" id="0-1042" name="SpecDocstringsDocrefMulti" fullname="Kaitai.SpecDocstringsDocrefMulti" classname="Kaitai.SpecDocstringsDocrefMulti" runstate="Runnable" testcasecount="1" result="Passed" start-time="2019-11-10 04:20:24Z" end-time="2019-11-10 04:20:24Z" duration="0.002952" total="1" passed="1" failed="0" inconclusive="0" skipped="0" asserts="0">
        <test-case id="0-1043" name="TestDocstringsDocrefMulti" fullname="Kaitai.SpecDocstringsDocrefMulti.TestDocstringsDocrefMulti" methodname="TestDocstringsDocrefMulti" classname="Kaitai.SpecDocstringsDocrefMulti" runstate="Runnable" seed="216674822" result="Passed" start-time="2019-11-10 04:20:24Z" end-time="2019-11-10 04:20:24Z" duration="0.000380" asserts="0" />
      </test-suite>
      <test-suite type="TestFixture" id="0-1044" name="SpecEnum0" fullname="Kaitai.SpecEnum0" classname="Kaitai.SpecEnum0" runstate="Runnable" testcasecount="1" result="Passed" start-time="2019-11-10 04:20:24Z" end-time="2019-11-10 04:20:24Z" duration="0.003109" total="1" passed="1" failed="0" inconclusive="0" skipped="0" asserts="2">
        <test-case id="0-1045" name="TestEnum0" fullname="Kaitai.SpecEnum0.TestEnum0" methodname="TestEnum0" classname="Kaitai.SpecEnum0" runstate="Runnable" seed="1391334979" result="Passed" start-time="2019-11-10 04:20:24Z" end-time="2019-11-10 04:20:24Z" duration="0.000569" asserts="2" />
      </test-suite>
      <test-suite type="TestFixture" id="0-1046" name="SpecEnum1" fullname="Kaitai.SpecEnum1" classname="Kaitai.SpecEnum1" runstate="Runnable" testcasecount="1" result="Passed" start-time="2019-11-10 04:20:24Z" end-time="2019-11-10 04:20:24Z" duration="0.003327" total="1" passed="1" failed="0" inconclusive="0" skipped="0" asserts="2">
        <test-case id="0-1047" name="TestEnum1" fullname="Kaitai.SpecEnum1.TestEnum1" methodname="TestEnum1" classname="Kaitai.SpecEnum1" runstate="Runnable" seed="848618242" result="Passed" start-time="2019-11-10 04:20:24Z" end-time="2019-11-10 04:20:24Z" duration="0.000795" asserts="2" />
      </test-suite>
      <test-suite type="TestFixture" id="0-1048" name="SpecEnumDeep" fullname="Kaitai.SpecEnumDeep" classname="Kaitai.SpecEnumDeep" runstate="Runnable" testcasecount="1" result="Passed" start-time="2019-11-10 04:20:24Z" end-time="2019-11-10 04:20:24Z" duration="0.003066" total="1" passed="1" failed="0" inconclusive="0" skipped="0" asserts="2">
        <test-case id="0-1049" name="TestEnumDeep" fullname="Kaitai.SpecEnumDeep.TestEnumDeep" methodname="TestEnumDeep" classname="Kaitai.SpecEnumDeep" runstate="Runnable" seed="658640972" result="Passed" start-time="2019-11-10 04:20:24Z" end-time="2019-11-10 04:20:24Z" duration="0.000566" asserts="2" />
      </test-suite>
      <test-suite type="TestFixture" id="0-1050" name="SpecEnumDeepLiterals" fullname="Kaitai.SpecEnumDeepLiterals" classname="Kaitai.SpecEnumDeepLiterals" runstate="Runnable" testcasecount="1" result="Passed" start-time="2019-11-10 04:20:24Z" end-time="2019-11-10 04:20:24Z" duration="0.003451" total="1" passed="1" failed="0" inconclusive="0" skipped="0" asserts="2">
        <test-case id="0-1051" name="TestEnumDeepLiterals" fullname="Kaitai.SpecEnumDeepLiterals.TestEnumDeepLiterals" methodname="TestEnumDeepLiterals" classname="Kaitai.SpecEnumDeepLiterals" runstate="Runnable" seed="190676837" result="Passed" start-time="2019-11-10 04:20:24Z" end-time="2019-11-10 04:20:24Z" duration="0.000869" asserts="2" />
      </test-suite>
      <test-suite type="TestFixture" id="0-1052" name="SpecEnumFancy" fullname="Kaitai.SpecEnumFancy" classname="Kaitai.SpecEnumFancy" runstate="Runnable" testcasecount="1" result="Passed" start-time="2019-11-10 04:20:24Z" end-time="2019-11-10 04:20:24Z" duration="0.003206" total="1" passed="1" failed="0" inconclusive="0" skipped="0" asserts="2">
        <test-case id="0-1053" name="TestEnumFancy" fullname="Kaitai.SpecEnumFancy.TestEnumFancy" methodname="TestEnumFancy" classname="Kaitai.SpecEnumFancy" runstate="Runnable" seed="1508004308" result="Passed" start-time="2019-11-10 04:20:24Z" end-time="2019-11-10 04:20:24Z" duration="0.000653" asserts="2" />
      </test-suite>
      <test-suite type="TestFixture" id="0-1054" name="SpecEnumForUnknownId" fullname="Kaitai.SpecEnumForUnknownId" classname="Kaitai.SpecEnumForUnknownId" runstate="Runnable" testcasecount="1" result="Passed" start-time="2019-11-10 04:20:24Z" end-time="2019-11-10 04:20:24Z" duration="0.003134" total="1" passed="1" failed="0" inconclusive="0" skipped="0" asserts="1">
        <test-case id="0-1055" name="TestEnumForUnknownId" fullname="Kaitai.SpecEnumForUnknownId.TestEnumForUnknownId" methodname="TestEnumForUnknownId" classname="Kaitai.SpecEnumForUnknownId" runstate="Runnable" seed="1100052619" result="Passed" start-time="2019-11-10 04:20:24Z" end-time="2019-11-10 04:20:24Z" duration="0.000604" asserts="1" />
      </test-suite>
      <test-suite type="TestFixture" id="0-1056" name="SpecEnumIf" fullname="Kaitai.SpecEnumIf" classname="Kaitai.SpecEnumIf" runstate="Runnable" testcasecount="1" result="Passed" start-time="2019-11-10 04:20:24Z" end-time="2019-11-10 04:20:24Z" duration="0.003917" total="1" passed="1" failed="0" inconclusive="0" skipped="0" asserts="7">
        <test-case id="0-1057" name="TestEnumIf" fullname="Kaitai.SpecEnumIf.TestEnumIf" methodname="TestEnumIf" classname="Kaitai.SpecEnumIf" runstate="Runnable" seed="399363950" result="Passed" start-time="2019-11-10 04:20:24Z" end-time="2019-11-10 04:20:24Z" duration="0.001362" asserts="7" />
      </test-suite>
      <test-suite type="TestFixture" id="0-1058" name="SpecEnumNegative" fullname="Kaitai.SpecEnumNegative" classname="Kaitai.SpecEnumNegative" runstate="Runnable" testcasecount="1" result="Passed" start-time="2019-11-10 04:20:24Z" end-time="2019-11-10 04:20:24Z" duration="0.003312" total="1" passed="1" failed="0" inconclusive="0" skipped="0" asserts="2">
        <test-case id="0-1059" name="TestEnumNegative" fullname="Kaitai.SpecEnumNegative.TestEnumNegative" methodname="TestEnumNegative" classname="Kaitai.SpecEnumNegative" runstate="Runnable" seed="285782794" result="Passed" start-time="2019-11-10 04:20:24Z" end-time="2019-11-10 04:20:24Z" duration="0.000741" asserts="2" />
      </test-suite>
      <test-suite type="TestFixture" id="0-1060" name="SpecEnumOfValueInst" fullname="Kaitai.SpecEnumOfValueInst" classname="Kaitai.SpecEnumOfValueInst" runstate="Runnable" testcasecount="1" result="Passed" start-time="2019-11-10 04:20:24Z" end-time="2019-11-10 04:20:24Z" duration="0.003457" total="1" passed="1" failed="0" inconclusive="0" skipped="0" asserts="4">
        <test-case id="0-1061" name="TestEnumOfValueInst" fullname="Kaitai.SpecEnumOfValueInst.TestEnumOfValueInst" methodname="TestEnumOfValueInst" classname="Kaitai.SpecEnumOfValueInst" runstate="Runnable" seed="195228824" result="Passed" start-time="2019-11-10 04:20:24Z" end-time="2019-11-10 04:20:24Z" duration="0.000928" asserts="4" />
      </test-suite>
      <test-suite type="TestFixture" id="0-1062" name="SpecEnumToI" fullname="Kaitai.SpecEnumToI" classname="Kaitai.SpecEnumToI" runstate="Runnable" testcasecount="1" result="Passed" start-time="2019-11-10 04:20:24Z" end-time="2019-11-10 04:20:24Z" duration="0.003470" total="1" passed="1" failed="0" inconclusive="0" skipped="0" asserts="4">
        <test-case id="0-1063" name="TestEnumToI" fullname="Kaitai.SpecEnumToI.TestEnumToI" methodname="TestEnumToI" classname="Kaitai.SpecEnumToI" runstate="Runnable" seed="178224562" result="Passed" start-time="2019-11-10 04:20:24Z" end-time="2019-11-10 04:20:24Z" duration="0.000902" asserts="4" />
      </test-suite>
      <test-suite type="TestFixture" id="0-1064" name="SpecExpr0" fullname="Kaitai.SpecExpr0" classname="Kaitai.SpecExpr0" runstate="Runnable" testcasecount="1" result="Passed" start-time="2019-11-10 04:20:24Z" end-time="2019-11-10 04:20:24Z" duration="0.003269" total="1" passed="1" failed="0" inconclusive="0" skipped="0" asserts="2">
        <test-case id="0-1065" name="TestExpr0" fullname="Kaitai.SpecExpr0.TestExpr0" methodname="TestExpr0" classname="Kaitai.SpecExpr0" runstate="Runnable" seed="763883675" result="Passed" start-time="2019-11-10 04:20:24Z" end-time="2019-11-10 04:20:24Z" duration="0.000640" asserts="2" />
      </test-suite>
      <test-suite type="TestFixture" id="0-1066" name="SpecExpr1" fullname="Kaitai.SpecExpr1" classname="Kaitai.SpecExpr1" runstate="Runnable" testcasecount="1" result="Passed" start-time="2019-11-10 04:20:24Z" end-time="2019-11-10 04:20:24Z" duration="0.003354" total="1" passed="1" failed="0" inconclusive="0" skipped="0" asserts="4">
        <test-case id="0-1067" name="TestExpr1" fullname="Kaitai.SpecExpr1.TestExpr1" methodname="TestExpr1" classname="Kaitai.SpecExpr1" runstate="Runnable" seed="1201618255" result="Passed" start-time="2019-11-10 04:20:24Z" end-time="2019-11-10 04:20:24Z" duration="0.000822" asserts="4" />
      </test-suite>
      <test-suite type="TestFixture" id="0-1068" name="SpecExpr2" fullname="Kaitai.SpecExpr2" classname="Kaitai.SpecExpr2" runstate="Runnable" testcasecount="1" result="Passed" start-time="2019-11-10 04:20:24Z" end-time="2019-11-10 04:20:24Z" duration="0.004877" total="1" passed="1" failed="0" inconclusive="0" skipped="0" asserts="17">
        <test-case id="0-1069" name="TestExpr2" fullname="Kaitai.SpecExpr2.TestExpr2" methodname="TestExpr2" classname="Kaitai.SpecExpr2" runstate="Runnable" seed="1906315043" result="Passed" start-time="2019-11-10 04:20:24Z" end-time="2019-11-10 04:20:24Z" duration="0.002219" asserts="17" />
      </test-suite>
      <test-suite type="TestFixture" id="0-1070" name="SpecExpr3" fullname="Kaitai.SpecExpr3" classname="Kaitai.SpecExpr3" runstate="Runnable" testcasecount="1" result="Passed" start-time="2019-11-10 04:20:24Z" end-time="2019-11-10 04:20:24Z" duration="0.004283" total="1" passed="1" failed="0" inconclusive="0" skipped="0" asserts="12">
        <test-case id="0-1071" name="TestExpr3" fullname="Kaitai.SpecExpr3.TestExpr3" methodname="TestExpr3" classname="Kaitai.SpecExpr3" runstate="Runnable" seed="1364531795" result="Passed" start-time="2019-11-10 04:20:24Z" end-time="2019-11-10 04:20:24Z" duration="0.001672" asserts="12" />
      </test-suite>
      <test-suite type="TestFixture" id="0-1072" name="SpecExprArray" fullname="Kaitai.SpecExprArray" classname="Kaitai.SpecExprArray" runstate="Runnable" testcasecount="1" result="Passed" start-time="2019-11-10 04:20:24Z" end-time="2019-11-10 04:20:24Z" duration="0.010772" total="1" passed="1" failed="0" inconclusive="0" skipped="0" asserts="15">
        <test-case id="0-1073" name="TestExprArray" fullname="Kaitai.SpecExprArray.TestExprArray" methodname="TestExprArray" classname="Kaitai.SpecExprArray" runstate="Runnable" seed="344801261" result="Passed" start-time="2019-11-10 04:20:24Z" end-time="2019-11-10 04:20:24Z" duration="0.008186" asserts="15" />
      </test-suite>
      <test-suite type="TestFixture" id="0-1074" name="SpecExprBytesCmp" fullname="Kaitai.SpecExprBytesCmp" classname="Kaitai.SpecExprBytesCmp" runstate="Runnable" testcasecount="1" result="Passed" start-time="2019-11-10 04:20:24Z" end-time="2019-11-10 04:20:24Z" duration="0.004527" total="1" passed="1" failed="0" inconclusive="0" skipped="0" asserts="10">
        <test-case id="0-1075" name="TestExprBytesCmp" fullname="Kaitai.SpecExprBytesCmp.TestExprBytesCmp" methodname="TestExprBytesCmp" classname="Kaitai.SpecExprBytesCmp" runstate="Runnable" seed="529668493" result="Passed" start-time="2019-11-10 04:20:24Z" end-time="2019-11-10 04:20:24Z" duration="0.001955" asserts="10" />
      </test-suite>
      <test-suite type="TestFixture" id="0-1076" name="SpecExprEnum" fullname="Kaitai.SpecExprEnum" classname="Kaitai.SpecExprEnum" runstate="Runnable" testcasecount="1" result="Passed" start-time="2019-11-10 04:20:24Z" end-time="2019-11-10 04:20:24Z" duration="0.003398" total="1" passed="1" failed="0" inconclusive="0" skipped="0" asserts="3">
        <test-case id="0-1077" name="TestExprEnum" fullname="Kaitai.SpecExprEnum.TestExprEnum" methodname="TestExprEnum" classname="Kaitai.SpecExprEnum" runstate="Runnable" seed="2003604849" result="Passed" start-time="2019-11-10 04:20:24Z" end-time="2019-11-10 04:20:24Z" duration="0.000820" asserts="3" />
      </test-suite>
      <test-suite type="TestFixture" id="0-1078" name="SpecExprIoEof" fullname="Kaitai.SpecExprIoEof" classname="Kaitai.SpecExprIoEof" runstate="Runnable" testcasecount="1" result="Passed" start-time="2019-11-10 04:20:24Z" end-time="2019-11-10 04:20:24Z" duration="0.003690" total="1" passed="1" failed="0" inconclusive="0" skipped="0" asserts="4">
        <test-case id="0-1079" name="TestExprIoEof" fullname="Kaitai.SpecExprIoEof.TestExprIoEof" methodname="TestExprIoEof" classname="Kaitai.SpecExprIoEof" runstate="Runnable" seed="1975130311" result="Passed" start-time="2019-11-10 04:20:24Z" end-time="2019-11-10 04:20:24Z" duration="0.001135" asserts="4" />
      </test-suite>
      <test-suite type="TestFixture" id="0-1080" name="SpecExprIoPos" fullname="Kaitai.SpecExprIoPos" classname="Kaitai.SpecExprIoPos" runstate="Runnable" testcasecount="1" result="Passed" start-time="2019-11-10 04:20:24Z" end-time="2019-11-10 04:20:24Z" duration="0.003540" total="1" passed="1" failed="0" inconclusive="0" skipped="0" asserts="6">
        <test-case id="0-1081" name="TestExprIoPos" fullname="Kaitai.SpecExprIoPos.TestExprIoPos" methodname="TestExprIoPos" classname="Kaitai.SpecExprIoPos" runstate="Runnable" seed="1951682256" result="Passed" start-time="2019-11-10 04:20:24Z" end-time="2019-11-10 04:20:24Z" duration="0.001033" asserts="6" />
      </test-suite>
      <test-suite type="TestFixture" id="0-1082" name="SpecExprMod" fullname="Kaitai.SpecExprMod" classname="Kaitai.SpecExprMod" runstate="Runnable" testcasecount="1" result="Passed" start-time="2019-11-10 04:20:24Z" end-time="2019-11-10 04:20:24Z" duration="0.003469" total="1" passed="1" failed="0" inconclusive="0" skipped="0" asserts="6">
        <test-case id="0-1083" name="TestExprMod" fullname="Kaitai.SpecExprMod.TestExprMod" methodname="TestExprMod" classname="Kaitai.SpecExprMod" runstate="Runnable" seed="1800622255" result="Passed" start-time="2019-11-10 04:20:24Z" end-time="2019-11-10 04:20:24Z" duration="0.000978" asserts="6" />
      </test-suite>
      <test-suite type="TestFixture" id="0-1084" name="SpecExprSizeofType0" fullname="Kaitai.SpecExprSizeofType0" classname="Kaitai.SpecExprSizeofType0" runstate="Runnable" testcasecount="1" result="Passed" start-time="2019-11-10 04:20:24Z" end-time="2019-11-10 04:20:24Z" duration="0.002937" total="1" passed="1" failed="0" inconclusive="0" skipped="0" asserts="1">
        <test-case id="0-1085" name="TestExprSizeofType0" fullname="Kaitai.SpecExprSizeofType0.TestExprSizeofType0" methodname="TestExprSizeofType0" classname="Kaitai.SpecExprSizeofType0" runstate="Runnable" seed="1015691474" result="Passed" start-time="2019-11-10 04:20:24Z" end-time="2019-11-10 04:20:24Z" duration="0.000447" asserts="1" />
      </test-suite>
      <test-suite type="TestFixture" id="0-1086" name="SpecExprSizeofType1" fullname="Kaitai.SpecExprSizeofType1" classname="Kaitai.SpecExprSizeofType1" runstate="Runnable" testcasecount="1" result="Passed" start-time="2019-11-10 04:20:24Z" end-time="2019-11-10 04:20:24Z" duration="0.003042" total="1" passed="1" failed="0" inconclusive="0" skipped="0" asserts="2">
        <test-case id="0-1087" name="TestExprSizeofType1" fullname="Kaitai.SpecExprSizeofType1.TestExprSizeofType1" methodname="TestExprSizeofType1" classname="Kaitai.SpecExprSizeofType1" runstate="Runnable" seed="214009792" result="Passed" start-time="2019-11-10 04:20:24Z" end-time="2019-11-10 04:20:24Z" duration="0.000540" asserts="2" />
      </test-suite>
      <test-suite type="TestFixture" id="0-1088" name="SpecExprSizeofValue0" fullname="Kaitai.SpecExprSizeofValue0" classname="Kaitai.SpecExprSizeofValue0" runstate="Runnable" testcasecount="1" result="Passed" start-time="2019-11-10 04:20:24Z" end-time="2019-11-10 04:20:24Z" duration="0.003867" total="1" passed="1" failed="0" inconclusive="0" skipped="0" asserts="5">
        <test-case id="0-1089" name="TestExprSizeofValue0" fullname="Kaitai.SpecExprSizeofValue0.TestExprSizeofValue0" methodname="TestExprSizeofValue0" classname="Kaitai.SpecExprSizeofValue0" runstate="Runnable" seed="149365509" result="Passed" start-time="2019-11-10 04:20:24Z" end-time="2019-11-10 04:20:24Z" duration="0.001254" asserts="5" />
      </test-suite>
      <test-suite type="TestFixture" id="0-1090" name="SpecExprSizeofValueSized" fullname="Kaitai.SpecExprSizeofValueSized" classname="Kaitai.SpecExprSizeofValueSized" runstate="Runnable" testcasecount="1" result="Passed" start-time="2019-11-10 04:20:24Z" end-time="2019-11-10 04:20:24Z" duration="0.003369" total="1" passed="1" failed="0" inconclusive="0" skipped="0" asserts="5">
        <test-case id="0-1091" name="TestExprSizeofValueSized" fullname="Kaitai.SpecExprSizeofValueSized.TestExprSizeofValueSized" methodname="TestExprSizeofValueSized" classname="Kaitai.SpecExprSizeofValueSized" runstate="Runnable" seed="901416768" result="Passed" start-time="2019-11-10 04:20:24Z" end-time="2019-11-10 04:20:24Z" duration="0.000909" asserts="5" />
      </test-suite>
      <test-suite type="TestFixture" id="0-1092" name="SpecFixedContents" fullname="Kaitai.SpecFixedContents" classname="Kaitai.SpecFixedContents" runstate="Runnable" testcasecount="1" result="Passed" start-time="2019-11-10 04:20:24Z" end-time="2019-11-10 04:20:24Z" duration="0.003061" total="1" passed="1" failed="0" inconclusive="0" skipped="0" asserts="0">
        <test-case id="0-1093" name="TestFixedContents" fullname="Kaitai.SpecFixedContents.TestFixedContents" methodname="TestFixedContents" classname="Kaitai.SpecFixedContents" runstate="Runnable" seed="378441659" result="Passed" start-time="2019-11-10 04:20:24Z" end-time="2019-11-10 04:20:24Z" duration="0.000608" asserts="0" />
      </test-suite>
      <test-suite type="TestFixture" id="0-1094" name="SpecFixedStruct" fullname="Kaitai.SpecFixedStruct" classname="Kaitai.SpecFixedStruct" runstate="Runnable" testcasecount="1" result="Passed" start-time="2019-11-10 04:20:24Z" end-time="2019-11-10 04:20:24Z" duration="0.005063" total="1" passed="1" failed="0" inconclusive="0" skipped="0" asserts="20">
        <test-case id="0-1095" name="TestFixedStruct" fullname="Kaitai.SpecFixedStruct.TestFixedStruct" methodname="TestFixedStruct" classname="Kaitai.SpecFixedStruct" runstate="Runnable" seed="5226546" result="Passed" start-time="2019-11-10 04:20:24Z" end-time="2019-11-10 04:20:24Z" duration="0.002587" asserts="20" />
      </test-suite>
      <test-suite type="TestFixture" id="0-1098" name="SpecFloatingPoints" fullname="Kaitai.SpecFloatingPoints" classname="Kaitai.SpecFloatingPoints" runstate="Runnable" testcasecount="1" result="Passed" start-time="2019-11-10 04:20:24Z" end-time="2019-11-10 04:20:24Z" duration="0.004136" total="1" passed="1" failed="0" inconclusive="0" skipped="0" asserts="8">
        <test-case id="0-1099" name="TestFloatingPoints" fullname="Kaitai.SpecFloatingPoints.TestFloatingPoints" methodname="TestFloatingPoints" classname="Kaitai.SpecFloatingPoints" runstate="Runnable" seed="1819112563" result="Passed" start-time="2019-11-10 04:20:24Z" end-time="2019-11-10 04:20:24Z" duration="0.001675" asserts="8" />
      </test-suite>
      <test-suite type="TestFixture" id="0-1096" name="SpecFloatToI" fullname="Kaitai.SpecFloatToI" classname="Kaitai.SpecFloatToI" runstate="Runnable" testcasecount="1" result="Passed" start-time="2019-11-10 04:20:24Z" end-time="2019-11-10 04:20:24Z" duration="0.003802" total="1" passed="1" failed="0" inconclusive="0" skipped="0" asserts="8">
        <test-case id="0-1097" name="TestFloatToI" fullname="Kaitai.SpecFloatToI.TestFloatToI" methodname="TestFloatToI" classname="Kaitai.SpecFloatToI" runstate="Runnable" seed="1587034337" result="Passed" start-time="2019-11-10 04:20:24Z" end-time="2019-11-10 04:20:24Z" duration="0.001275" asserts="8" />
      </test-suite>
      <test-suite type="TestFixture" id="0-1100" name="SpecHelloWorld" fullname="Kaitai.SpecHelloWorld" classname="Kaitai.SpecHelloWorld" runstate="Runnable" testcasecount="1" result="Passed" start-time="2019-11-10 04:20:24Z" end-time="2019-11-10 04:20:24Z" duration="0.002809" total="1" passed="1" failed="0" inconclusive="0" skipped="0" asserts="1">
        <test-case id="0-1101" name="TestHelloWorld" fullname="Kaitai.SpecHelloWorld.TestHelloWorld" methodname="TestHelloWorld" classname="Kaitai.SpecHelloWorld" runstate="Runnable" seed="1407886255" result="Passed" start-time="2019-11-10 04:20:24Z" end-time="2019-11-10 04:20:24Z" duration="0.000307" asserts="1" />
      </test-suite>
      <test-suite type="TestFixture" id="0-1102" name="SpecIfInstances" fullname="Kaitai.SpecIfInstances" classname="Kaitai.SpecIfInstances" runstate="Runnable" testcasecount="1" result="Passed" start-time="2019-11-10 04:20:24Z" end-time="2019-11-10 04:20:24Z" duration="0.003644" total="1" passed="1" failed="0" inconclusive="0" skipped="0" asserts="1">
        <test-case id="0-1103" name="TestIfInstances" fullname="Kaitai.SpecIfInstances.TestIfInstances" methodname="TestIfInstances" classname="Kaitai.SpecIfInstances" runstate="Runnable" seed="594896779" result="Passed" start-time="2019-11-10 04:20:24Z" end-time="2019-11-10 04:20:24Z" duration="0.000967" asserts="1" />
      </test-suite>
      <test-suite type="TestFixture" id="0-1104" name="SpecIfStruct" fullname="Kaitai.SpecIfStruct" classname="Kaitai.SpecIfStruct" runstate="Runnable" testcasecount="1" result="Passed" start-time="2019-11-10 04:20:24Z" end-time="2019-11-10 04:20:24Z" duration="0.003584" total="1" passed="1" failed="0" inconclusive="0" skipped="0" asserts="7">
        <test-case id="0-1105" name="TestIfStruct" fullname="Kaitai.SpecIfStruct.TestIfStruct" methodname="TestIfStruct" classname="Kaitai.SpecIfStruct" runstate="Runnable" seed="191123765" result="Passed" start-time="2019-11-10 04:20:24Z" end-time="2019-11-10 04:20:24Z" duration="0.001105" asserts="7" />
      </test-suite>
      <test-suite type="TestFixture" id="0-1106" name="SpecIfValues" fullname="Kaitai.SpecIfValues" classname="Kaitai.SpecIfValues" runstate="Runnable" testcasecount="1" result="Passed" start-time="2019-11-10 04:20:24Z" end-time="2019-11-10 04:20:24Z" duration="0.003992" total="1" passed="1" failed="0" inconclusive="0" skipped="0" asserts="6">
        <test-case id="0-1107" name="TestIfValues" fullname="Kaitai.SpecIfValues.TestIfValues" methodname="TestIfValues" classname="Kaitai.SpecIfValues" runstate="Runnable" seed="1528222906" result="Passed" start-time="2019-11-10 04:20:24Z" end-time="2019-11-10 04:20:24Z" duration="0.001535" asserts="6" />
      </test-suite>
      <test-suite type="TestFixture" id="0-1108" name="SpecImports0" fullname="Kaitai.SpecImports0" classname="Kaitai.SpecImports0" runstate="Runnable" testcasecount="1" result="Passed" start-time="2019-11-10 04:20:24Z" end-time="2019-11-10 04:20:24Z" duration="0.003095" total="1" passed="1" failed="0" inconclusive="0" skipped="0" asserts="3">
        <test-case id="0-1109" name="TestImports0" fullname="Kaitai.SpecImports0.TestImports0" methodname="TestImports0" classname="Kaitai.SpecImports0" runstate="Runnable" seed="1380363586" result="Passed" start-time="2019-11-10 04:20:24Z" end-time="2019-11-10 04:20:24Z" duration="0.000635" asserts="3" />
      </test-suite>
      <test-suite type="TestFixture" id="0-1110" name="SpecImportsAbs" fullname="Kaitai.SpecImportsAbs" classname="Kaitai.SpecImportsAbs" runstate="Runnable" testcasecount="1" result="Passed" start-time="2019-11-10 04:20:24Z" end-time="2019-11-10 04:20:24Z" duration="0.004179" total="1" passed="1" failed="0" inconclusive="0" skipped="0" asserts="2">
        <test-case id="0-1111" name="TestImportsAbs" fullname="Kaitai.SpecImportsAbs.TestImportsAbs" methodname="TestImportsAbs" classname="Kaitai.SpecImportsAbs" runstate="Runnable" seed="1844240431" result="Passed" start-time="2019-11-10 04:20:24Z" end-time="2019-11-10 04:20:24Z" duration="0.001703" asserts="2" />
      </test-suite>
      <test-suite type="TestFixture" id="0-1112" name="SpecImportsCircularA" fullname="Kaitai.SpecImportsCircularA" classname="Kaitai.SpecImportsCircularA" runstate="Runnable" testcasecount="1" result="Passed" start-time="2019-11-10 04:20:24Z" end-time="2019-11-10 04:20:24Z" duration="0.003309" total="1" passed="1" failed="0" inconclusive="0" skipped="0" asserts="5">
        <test-case id="0-1113" name="TestImportsCircularA" fullname="Kaitai.SpecImportsCircularA.TestImportsCircularA" methodname="TestImportsCircularA" classname="Kaitai.SpecImportsCircularA" runstate="Runnable" seed="940665230" result="Passed" start-time="2019-11-10 04:20:24Z" end-time="2019-11-10 04:20:24Z" duration="0.000823" asserts="5" />
      </test-suite>
      <test-suite type="TestFixture" id="0-1114" name="SpecIndexSizes" fullname="Kaitai.SpecIndexSizes" classname="Kaitai.SpecIndexSizes" runstate="Runnable" testcasecount="1" result="Passed" start-time="2019-11-10 04:20:24Z" end-time="2019-11-10 04:20:24Z" duration="0.003631" total="1" passed="1" failed="0" inconclusive="0" skipped="0" asserts="7">
        <test-case id="0-1115" name="TestIndexSizes" fullname="Kaitai.SpecIndexSizes.TestIndexSizes" methodname="TestIndexSizes" classname="Kaitai.SpecIndexSizes" runstate="Runnable" seed="64668814" result="Passed" start-time="2019-11-10 04:20:24Z" end-time="2019-11-10 04:20:24Z" duration="0.001109" asserts="7" />
      </test-suite>
      <test-suite type="TestFixture" id="0-1116" name="SpecIndexToParamEos" fullname="Kaitai.SpecIndexToParamEos" classname="Kaitai.SpecIndexToParamEos" runstate="Runnable" testcasecount="1" result="Passed" start-time="2019-11-10 04:20:24Z" end-time="2019-11-10 04:20:24Z" duration="0.004050" total="1" passed="1" failed="0" inconclusive="0" skipped="0" asserts="7">
        <test-case id="0-1117" name="TestIndexToParamEos" fullname="Kaitai.SpecIndexToParamEos.TestIndexToParamEos" methodname="TestIndexToParamEos" classname="Kaitai.SpecIndexToParamEos" runstate="Runnable" seed="220316650" result="Passed" start-time="2019-11-10 04:20:24Z" end-time="2019-11-10 04:20:24Z" duration="0.001558" asserts="7" />
      </test-suite>
      <test-suite type="TestFixture" id="0-1118" name="SpecIndexToParamExpr" fullname="Kaitai.SpecIndexToParamExpr" classname="Kaitai.SpecIndexToParamExpr" runstate="Runnable" testcasecount="1" result="Passed" start-time="2019-11-10 04:20:24Z" end-time="2019-11-10 04:20:24Z" duration="0.003953" total="1" passed="1" failed="0" inconclusive="0" skipped="0" asserts="7">
        <test-case id="0-1119" name="TestIndexToParamExpr" fullname="Kaitai.SpecIndexToParamExpr.TestIndexToParamExpr" methodname="TestIndexToParamExpr" classname="Kaitai.SpecIndexToParamExpr" runstate="Runnable" seed="1109369196" result="Passed" start-time="2019-11-10 04:20:24Z" end-time="2019-11-10 04:20:24Z" duration="0.001450" asserts="7" />
      </test-suite>
      <test-suite type="TestFixture" id="0-1120" name="SpecIndexToParamUntil" fullname="Kaitai.SpecIndexToParamUntil" classname="Kaitai.SpecIndexToParamUntil" runstate="Runnable" testcasecount="1" result="Passed" start-time="2019-11-10 04:20:24Z" end-time="2019-11-10 04:20:24Z" duration="0.003881" total="1" passed="1" failed="0" inconclusive="0" skipped="0" asserts="7">
        <test-case id="0-1121" name="TestIndexToParamUntil" fullname="Kaitai.SpecIndexToParamUntil.TestIndexToParamUntil" methodname="TestIndexToParamUntil" classname="Kaitai.SpecIndexToParamUntil" runstate="Runnable" seed="1750735750" result="Passed" start-time="2019-11-10 04:20:24Z" end-time="2019-11-10 04:20:24Z" duration="0.001420" asserts="7" />
      </test-suite>
      <test-suite type="TestFixture" id="0-1122" name="SpecInstanceIoUser" fullname="Kaitai.SpecInstanceIoUser" classname="Kaitai.SpecInstanceIoUser" runstate="Runnable" testcasecount="1" result="Passed" start-time="2019-11-10 04:20:24Z" end-time="2019-11-10 04:20:24Z" duration="0.004136" total="1" passed="1" failed="0" inconclusive="0" skipped="0" asserts="4">
        <test-case id="0-1123" name="TestInstanceIoUser" fullname="Kaitai.SpecInstanceIoUser.TestInstanceIoUser" methodname="TestInstanceIoUser" classname="Kaitai.SpecInstanceIoUser" runstate="Runnable" seed="936706026" result="Passed" start-time="2019-11-10 04:20:24Z" end-time="2019-11-10 04:20:24Z" duration="0.001671" asserts="4" />
      </test-suite>
      <test-suite type="TestFixture" id="0-1124" name="SpecInstanceStd" fullname="Kaitai.SpecInstanceStd" classname="Kaitai.SpecInstanceStd" runstate="Runnable" testcasecount="1" result="Passed" start-time="2019-11-10 04:20:24Z" end-time="2019-11-10 04:20:24Z" duration="0.003022" total="1" passed="1" failed="0" inconclusive="0" skipped="0" asserts="1">
        <test-case id="0-1125" name="TestInstanceStd" fullname="Kaitai.SpecInstanceStd.TestInstanceStd" methodname="TestInstanceStd" classname="Kaitai.SpecInstanceStd" runstate="Runnable" seed="681800836" result="Passed" start-time="2019-11-10 04:20:24Z" end-time="2019-11-10 04:20:24Z" duration="0.000548" asserts="1" />
      </test-suite>
      <test-suite type="TestFixture" id="0-1126" name="SpecInstanceStdArray" fullname="Kaitai.SpecInstanceStdArray" classname="Kaitai.SpecInstanceStdArray" runstate="Runnable" testcasecount="1" result="Passed" start-time="2019-11-10 04:20:24Z" end-time="2019-11-10 04:20:24Z" duration="0.003573" total="1" passed="1" failed="0" inconclusive="0" skipped="0" asserts="7">
        <test-case id="0-1127" name="TestInstanceStdArray" fullname="Kaitai.SpecInstanceStdArray.TestInstanceStdArray" methodname="TestInstanceStdArray" classname="Kaitai.SpecInstanceStdArray" runstate="Runnable" seed="2007508590" result="Passed" start-time="2019-11-10 04:20:24Z" end-time="2019-11-10 04:20:24Z" duration="0.001093" asserts="7" />
      </test-suite>
      <test-suite type="TestFixture" id="0-1128" name="SpecInstanceUserArray" fullname="Kaitai.SpecInstanceUserArray" classname="Kaitai.SpecInstanceUserArray" runstate="Runnable" testcasecount="1" result="Passed" start-time="2019-11-10 04:20:24Z" end-time="2019-11-10 04:20:24Z" duration="0.004247" total="1" passed="1" failed="0" inconclusive="0" skipped="0" asserts="10">
        <test-case id="0-1129" name="TestInstanceUserArray" fullname="Kaitai.SpecInstanceUserArray.TestInstanceUserArray" methodname="TestInstanceUserArray" classname="Kaitai.SpecInstanceUserArray" runstate="Runnable" seed="724884498" result="Passed" start-time="2019-11-10 04:20:24Z" end-time="2019-11-10 04:20:24Z" duration="0.001776" asserts="10" />
      </test-suite>
      <test-suite type="TestFixture" id="0-1130" name="SpecIntegers" fullname="Kaitai.SpecIntegers" classname="Kaitai.SpecIntegers" runstate="Runnable" testcasecount="1" result="Passed" start-time="2019-11-10 04:20:24Z" end-time="2019-11-10 04:20:24Z" duration="0.004276" total="1" passed="1" failed="0" inconclusive="0" skipped="0" asserts="20">
        <test-case id="0-1131" name="TestIntegers" fullname="Kaitai.SpecIntegers.TestIntegers" methodname="TestIntegers" classname="Kaitai.SpecIntegers" runstate="Runnable" seed="1520064803" result="Passed" start-time="2019-11-10 04:20:24Z" end-time="2019-11-10 04:20:24Z" duration="0.001789" asserts="20" />
      </test-suite>
      <test-suite type="TestFixture" id="0-1132" name="SpecIoLocalVar" fullname="Kaitai.SpecIoLocalVar" classname="Kaitai.SpecIoLocalVar" runstate="Runnable" testcasecount="1" result="Passed" start-time="2019-11-10 04:20:24Z" end-time="2019-11-10 04:20:24Z" duration="0.003342" total="1" passed="1" failed="0" inconclusive="0" skipped="0" asserts="2">
        <test-case id="0-1133" name="TestIoLocalVar" fullname="Kaitai.SpecIoLocalVar.TestIoLocalVar" methodname="TestIoLocalVar" classname="Kaitai.SpecIoLocalVar" runstate="Runnable" seed="1554199449" result="Passed" start-time="2019-11-10 04:20:24Z" end-time="2019-11-10 04:20:24Z" duration="0.000874" asserts="2" />
      </test-suite>
      <test-suite type="TestFixture" id="0-1134" name="SpecJsSignedRightShift" fullname="Kaitai.SpecJsSignedRightShift" classname="Kaitai.SpecJsSignedRightShift" runstate="Runnable" testcasecount="1" result="Passed" start-time="2019-11-10 04:20:24Z" end-time="2019-11-10 04:20:24Z" duration="0.002986" total="1" passed="1" failed="0" inconclusive="0" skipped="0" asserts="2">
        <test-case id="0-1135" name="TestJsSignedRightShift" fullname="Kaitai.SpecJsSignedRightShift.TestJsSignedRightShift" methodname="TestJsSignedRightShift" classname="Kaitai.SpecJsSignedRightShift" runstate="Runnable" seed="301408836" result="Passed" start-time="2019-11-10 04:20:24Z" end-time="2019-11-10 04:20:24Z" duration="0.000498" asserts="2" />
      </test-suite>
      <test-suite type="TestFixture" id="0-1136" name="SpecMetaTags" fullname="Kaitai.SpecMetaTags" classname="Kaitai.SpecMetaTags" runstate="Runnable" testcasecount="1" result="Passed" start-time="2019-11-10 04:20:24Z" end-time="2019-11-10 04:20:24Z" duration="0.002779" total="1" passed="1" failed="0" inconclusive="0" skipped="0" asserts="0">
        <test-case id="0-1137" name="TestMetaTags" fullname="Kaitai.SpecMetaTags.TestMetaTags" methodname="TestMetaTags" classname="Kaitai.SpecMetaTags" runstate="Runnable" seed="1605020540" result="Passed" start-time="2019-11-10 04:20:24Z" end-time="2019-11-10 04:20:24Z" duration="0.000322" asserts="0" />
      </test-suite>
      <test-suite type="TestFixture" id="0-1138" name="SpecMetaXref" fullname="Kaitai.SpecMetaXref" classname="Kaitai.SpecMetaXref" runstate="Runnable" testcasecount="1" result="Passed" start-time="2019-11-10 04:20:24Z" end-time="2019-11-10 04:20:24Z" duration="0.002779" total="1" passed="1" failed="0" inconclusive="0" skipped="0" asserts="0">
        <test-case id="0-1139" name="TestMetaXref" fullname="Kaitai.SpecMetaXref.TestMetaXref" methodname="TestMetaXref" classname="Kaitai.SpecMetaXref" runstate="Runnable" seed="480690415" result="Passed" start-time="2019-11-10 04:20:24Z" end-time="2019-11-10 04:20:24Z" duration="0.000324" asserts="0" />
      </test-suite>
      <test-suite type="TestFixture" id="0-1140" name="SpecMultipleUse" fullname="Kaitai.SpecMultipleUse" classname="Kaitai.SpecMultipleUse" runstate="Runnable" testcasecount="1" result="Passed" start-time="2019-11-10 04:20:24Z" end-time="2019-11-10 04:20:24Z" duration="0.003292" total="1" passed="1" failed="0" inconclusive="0" skipped="0" asserts="2">
        <test-case id="0-1141" name="TestMultipleUse" fullname="Kaitai.SpecMultipleUse.TestMultipleUse" methodname="TestMultipleUse" classname="Kaitai.SpecMultipleUse" runstate="Runnable" seed="762971787" result="Passed" start-time="2019-11-10 04:20:24Z" end-time="2019-11-10 04:20:24Z" duration="0.000846" asserts="2" />
      </test-suite>
      <test-suite type="TestFixture" id="0-1142" name="SpecNavParent" fullname="Kaitai.SpecNavParent" classname="Kaitai.SpecNavParent" runstate="Runnable" testcasecount="1" result="Passed" start-time="2019-11-10 04:20:24Z" end-time="2019-11-10 04:20:24Z" duration="0.003935" total="1" passed="1" failed="0" inconclusive="0" skipped="0" asserts="5">
        <test-case id="0-1143" name="TestNavParent" fullname="Kaitai.SpecNavParent.TestNavParent" methodname="TestNavParent" classname="Kaitai.SpecNavParent" runstate="Runnable" seed="1810181150" result="Passed" start-time="2019-11-10 04:20:24Z" end-time="2019-11-10 04:20:24Z" duration="0.001489" asserts="5" />
      </test-suite>
      <test-suite type="TestFixture" id="0-1144" name="SpecNavParent2" fullname="Kaitai.SpecNavParent2" classname="Kaitai.SpecNavParent2" runstate="Runnable" testcasecount="1" result="Passed" start-time="2019-11-10 04:20:24Z" end-time="2019-11-10 04:20:24Z" duration="0.004562" total="1" passed="1" failed="0" inconclusive="0" skipped="0" asserts="10">
        <test-case id="0-1145" name="TestNavParent2" fullname="Kaitai.SpecNavParent2.TestNavParent2" methodname="TestNavParent2" classname="Kaitai.SpecNavParent2" runstate="Runnable" seed="6210000" result="Passed" start-time="2019-11-10 04:20:24Z" end-time="2019-11-10 04:20:24Z" duration="0.002030" asserts="10" />
      </test-suite>
      <test-suite type="TestFixture" id="0-1146" name="SpecNavParent3" fullname="Kaitai.SpecNavParent3" classname="Kaitai.SpecNavParent3" runstate="Runnable" testcasecount="1" result="Passed" start-time="2019-11-10 04:20:24Z" end-time="2019-11-10 04:20:24Z" duration="0.007736" total="1" passed="1" failed="0" inconclusive="0" skipped="0" asserts="10">
        <test-case id="0-1147" name="TestNavParent3" fullname="Kaitai.SpecNavParent3.TestNavParent3" methodname="TestNavParent3" classname="Kaitai.SpecNavParent3" runstate="Runnable" seed="1035225189" result="Passed" start-time="2019-11-10 04:20:24Z" end-time="2019-11-10 04:20:24Z" duration="0.005137" asserts="10" />
      </test-suite>
      <test-suite type="TestFixture" id="0-1148" name="SpecNavParentFalse" fullname="Kaitai.SpecNavParentFalse" classname="Kaitai.SpecNavParentFalse" runstate="Runnable" testcasecount="1" result="Passed" start-time="2019-11-10 04:20:24Z" end-time="2019-11-10 04:20:24Z" duration="0.004042" total="1" passed="1" failed="0" inconclusive="0" skipped="0" asserts="5">
        <test-case id="0-1149" name="TestNavParentFalse" fullname="Kaitai.SpecNavParentFalse.TestNavParentFalse" methodname="TestNavParentFalse" classname="Kaitai.SpecNavParentFalse" runstate="Runnable" seed="786767240" result="Passed" start-time="2019-11-10 04:20:24Z" end-time="2019-11-10 04:20:24Z" duration="0.001514" asserts="5" />
      </test-suite>
      <test-suite type="TestFixture" id="0-1150" name="SpecNavParentFalse2" fullname="Kaitai.SpecNavParentFalse2" classname="Kaitai.SpecNavParentFalse2" runstate="Runnable" testcasecount="1" result="Passed" start-time="2019-11-10 04:20:24Z" end-time="2019-11-10 04:20:24Z" duration="0.003157" total="1" passed="1" failed="0" inconclusive="0" skipped="0" asserts="1">
        <test-case id="0-1151" name="TestNavParentFalse2" fullname="Kaitai.SpecNavParentFalse2.TestNavParentFalse2" methodname="TestNavParentFalse2" classname="Kaitai.SpecNavParentFalse2" runstate="Runnable" seed="151320887" result="Passed" start-time="2019-11-10 04:20:24Z" end-time="2019-11-10 04:20:24Z" duration="0.000635" asserts="1" />
      </test-suite>
      <test-suite type="TestFixture" id="0-1152" name="SpecNavParentOverride" fullname="Kaitai.SpecNavParentOverride" classname="Kaitai.SpecNavParentOverride" runstate="Runnable" testcasecount="1" result="Passed" start-time="2019-11-10 04:20:24Z" end-time="2019-11-10 04:20:24Z" duration="0.003448" total="1" passed="1" failed="0" inconclusive="0" skipped="0" asserts="3">
        <test-case id="0-1153" name="TestNavParentOverride" fullname="Kaitai.SpecNavParentOverride.TestNavParentOverride" methodname="TestNavParentOverride" classname="Kaitai.SpecNavParentOverride" runstate="Runnable" seed="1467881182" result="Passed" start-time="2019-11-10 04:20:24Z" end-time="2019-11-10 04:20:24Z" duration="0.000906" asserts="3" />
      </test-suite>
      <test-suite type="TestFixture" id="0-1154" name="SpecNavParentSwitch" fullname="Kaitai.SpecNavParentSwitch" classname="Kaitai.SpecNavParentSwitch" runstate="Runnable" testcasecount="1" result="Passed" start-time="2019-11-10 04:20:24Z" end-time="2019-11-10 04:20:24Z" duration="0.003424" total="1" passed="1" failed="0" inconclusive="0" skipped="0" asserts="3">
        <test-case id="0-1155" name="TestNavParentSwitch" fullname="Kaitai.SpecNavParentSwitch.TestNavParentSwitch" methodname="TestNavParentSwitch" classname="Kaitai.SpecNavParentSwitch" runstate="Runnable" seed="435979365" result="Passed" start-time="2019-11-10 04:20:24Z" end-time="2019-11-10 04:20:24Z" duration="0.000937" asserts="3" />
      </test-suite>
      <test-suite type="TestFixture" id="0-1156" name="SpecNavParentVsValueInst" fullname="Kaitai.SpecNavParentVsValueInst" classname="Kaitai.SpecNavParentVsValueInst" runstate="Runnable" testcasecount="1" result="Passed" start-time="2019-11-10 04:20:24Z" end-time="2019-11-10 04:20:24Z" duration="0.003095" total="1" passed="1" failed="0" inconclusive="0" skipped="0" asserts="1">
        <test-case id="0-1157" name="TestNavParentVsValueInst" fullname="Kaitai.SpecNavParentVsValueInst.TestNavParentVsValueInst" methodname="TestNavParentVsValueInst" classname="Kaitai.SpecNavParentVsValueInst" runstate="Runnable" seed="284283565" result="Passed" start-time="2019-11-10 04:20:24Z" end-time="2019-11-10 04:20:24Z" duration="0.000569" asserts="1" />
      </test-suite>
      <test-suite type="TestFixture" id="0-1158" name="SpecNavRoot" fullname="Kaitai.SpecNavRoot" classname="Kaitai.SpecNavRoot" runstate="Runnable" testcasecount="1" result="Passed" start-time="2019-11-10 04:20:24Z" end-time="2019-11-10 04:20:24Z" duration="0.004235" total="1" passed="1" failed="0" inconclusive="0" skipped="0" asserts="5">
        <test-case id="0-1159" name="TestNavRoot" fullname="Kaitai.SpecNavRoot.TestNavRoot" methodname="TestNavRoot" classname="Kaitai.SpecNavRoot" runstate="Runnable" seed="1362024631" result="Passed" start-time="2019-11-10 04:20:24Z" end-time="2019-11-10 04:20:24Z" duration="0.001547" asserts="5" />
      </test-suite>
      <test-suite type="TestFixture" id="0-1160" name="SpecNestedSameName" fullname="Kaitai.SpecNestedSameName" classname="Kaitai.SpecNestedSameName" runstate="Runnable" testcasecount="1" result="Passed" start-time="2019-11-10 04:20:24Z" end-time="2019-11-10 04:20:24Z" duration="0.003761" total="1" passed="1" failed="0" inconclusive="0" skipped="0" asserts="2">
        <test-case id="0-1161" name="TestNestedSameName" fullname="Kaitai.SpecNestedSameName.TestNestedSameName" methodname="TestNestedSameName" classname="Kaitai.SpecNestedSameName" runstate="Runnable" seed="2047859101" result="Passed" start-time="2019-11-10 04:20:24Z" end-time="2019-11-10 04:20:24Z" duration="0.001148" asserts="2" />
      </test-suite>
      <test-suite type="TestFixture" id="0-1162" name="SpecNestedSameName2" fullname="Kaitai.SpecNestedSameName2" classname="Kaitai.SpecNestedSameName2" runstate="Runnable" testcasecount="1" result="Passed" start-time="2019-11-10 04:20:24Z" end-time="2019-11-10 04:20:24Z" duration="0.003871" total="1" passed="1" failed="0" inconclusive="0" skipped="0" asserts="5">
        <test-case id="0-1163" name="TestNestedSameName2" fullname="Kaitai.SpecNestedSameName2.TestNestedSameName2" methodname="TestNestedSameName2" classname="Kaitai.SpecNestedSameName2" runstate="Runnable" seed="415606600" result="Passed" start-time="2019-11-10 04:20:24Z" end-time="2019-11-10 04:20:24Z" duration="0.001175" asserts="5" />
      </test-suite>
      <test-suite type="TestFixture" id="0-1164" name="SpecNestedTypes" fullname="Kaitai.SpecNestedTypes" classname="Kaitai.SpecNestedTypes" runstate="Runnable" testcasecount="1" result="Passed" start-time="2019-11-10 04:20:24Z" end-time="2019-11-10 04:20:24Z" duration="0.004577" total="1" passed="1" failed="0" inconclusive="0" skipped="0" asserts="3">
        <test-case id="0-1165" name="TestNestedTypes" fullname="Kaitai.SpecNestedTypes.TestNestedTypes" methodname="TestNestedTypes" classname="Kaitai.SpecNestedTypes" runstate="Runnable" seed="789263463" result="Passed" start-time="2019-11-10 04:20:24Z" end-time="2019-11-10 04:20:24Z" duration="0.000895" asserts="3" />
      </test-suite>
      <test-suite type="TestFixture" id="0-1166" name="SpecNestedTypes2" fullname="Kaitai.SpecNestedTypes2" classname="Kaitai.SpecNestedTypes2" runstate="Runnable" testcasecount="1" result="Passed" start-time="2019-11-10 04:20:24Z" end-time="2019-11-10 04:20:24Z" duration="0.003862" total="1" passed="1" failed="0" inconclusive="0" skipped="0" asserts="7">
        <test-case id="0-1167" name="TestNestedTypes2" fullname="Kaitai.SpecNestedTypes2.TestNestedTypes2" methodname="TestNestedTypes2" classname="Kaitai.SpecNestedTypes2" runstate="Runnable" seed="1449498609" result="Passed" start-time="2019-11-10 04:20:24Z" end-time="2019-11-10 04:20:24Z" duration="0.001377" asserts="7" />
      </test-suite>
      <test-suite type="TestFixture" id="0-1168" name="SpecNestedTypes3" fullname="Kaitai.SpecNestedTypes3" classname="Kaitai.SpecNestedTypes3" runstate="Runnable" testcasecount="1" result="Passed" start-time="2019-11-10 04:20:24Z" end-time="2019-11-10 04:20:24Z" duration="0.004471" total="1" passed="1" failed="0" inconclusive="0" skipped="0" asserts="5">
        <test-case id="0-1169" name="TestNestedTypes3" fullname="Kaitai.SpecNestedTypes3.TestNestedTypes3" methodname="TestNestedTypes3" classname="Kaitai.SpecNestedTypes3" runstate="Runnable" seed="1428617121" result="Passed" start-time="2019-11-10 04:20:24Z" end-time="2019-11-10 04:20:24Z" duration="0.001413" asserts="5" />
      </test-suite>
      <test-suite type="TestFixture" id="0-1170" name="SpecNonStandard" fullname="Kaitai.SpecNonStandard" classname="Kaitai.SpecNonStandard" runstate="Runnable" testcasecount="1" result="Passed" start-time="2019-11-10 04:20:24Z" end-time="2019-11-10 04:20:24Z" duration="0.003016" total="1" passed="1" failed="0" inconclusive="0" skipped="0" asserts="1">
        <test-case id="0-1171" name="TestNonStandard" fullname="Kaitai.SpecNonStandard.TestNonStandard" methodname="TestNonStandard" classname="Kaitai.SpecNonStandard" runstate="Runnable" seed="1549124383" result="Passed" start-time="2019-11-10 04:20:24Z" end-time="2019-11-10 04:20:24Z" duration="0.000542" asserts="1" />
      </test-suite>
      <test-suite type="TestFixture" id="0-1172" name="SpecOpaqueExternalType" fullname="Kaitai.SpecOpaqueExternalType" classname="Kaitai.SpecOpaqueExternalType" runstate="Runnable" testcasecount="1" result="Passed" start-time="2019-11-10 04:20:24Z" end-time="2019-11-10 04:20:24Z" duration="0.004470" total="1" passed="1" failed="0" inconclusive="0" skipped="0" asserts="3">
        <test-case id="0-1173" name="TestOpaqueExternalType" fullname="Kaitai.SpecOpaqueExternalType.TestOpaqueExternalType" methodname="TestOpaqueExternalType" classname="Kaitai.SpecOpaqueExternalType" runstate="Runnable" seed="963260194" result="Passed" start-time="2019-11-10 04:20:24Z" end-time="2019-11-10 04:20:24Z" duration="0.000691" asserts="3" />
      </test-suite>
      <test-suite type="TestFixture" id="0-1174" name="SpecOpaqueExternalType02Parent" fullname="Kaitai.SpecOpaqueExternalType02Parent" classname="Kaitai.SpecOpaqueExternalType02Parent" runstate="Runnable" testcasecount="1" result="Passed" start-time="2019-11-10 04:20:24Z" end-time="2019-11-10 04:20:24Z" duration="0.003577" total="1" passed="1" failed="0" inconclusive="0" skipped="0" asserts="3">
        <test-case id="0-1175" name="TestOpaqueExternalType02Parent" fullname="Kaitai.SpecOpaqueExternalType02Parent.TestOpaqueExternalType02Parent" methodname="TestOpaqueExternalType02Parent" classname="Kaitai.SpecOpaqueExternalType02Parent" runstate="Runnable" seed="1372633801" result="Passed" start-time="2019-11-10 04:20:24Z" end-time="2019-11-10 04:20:24Z" duration="0.001065" asserts="3" />
      </test-suite>
      <test-suite type="TestFixture" id="0-1176" name="SpecOpaqueWithParam" fullname="Kaitai.SpecOpaqueWithParam" classname="Kaitai.SpecOpaqueWithParam" runstate="Runnable" testcasecount="1" result="Passed" start-time="2019-11-10 04:20:24Z" end-time="2019-11-10 04:20:24Z" duration="0.003369" total="1" passed="1" failed="0" inconclusive="0" skipped="0" asserts="2">
        <test-case id="0-1177" name="TestOpaqueWithParam" fullname="Kaitai.SpecOpaqueWithParam.TestOpaqueWithParam" methodname="TestOpaqueWithParam" classname="Kaitai.SpecOpaqueWithParam" runstate="Runnable" seed="1419362021" result="Passed" start-time="2019-11-10 04:20:24Z" end-time="2019-11-10 04:20:24Z" duration="0.000874" asserts="2" />
      </test-suite>
      <test-suite type="TestFixture" id="0-1178" name="SpecOptionalId" fullname="Kaitai.SpecOptionalId" classname="Kaitai.SpecOptionalId" runstate="Runnable" testcasecount="1" result="Passed" start-time="2019-11-10 04:20:24Z" end-time="2019-11-10 04:20:24Z" duration="0.003102" total="1" passed="1" failed="0" inconclusive="0" skipped="0" asserts="3">
        <test-case id="0-1179" name="TestOptionalId" fullname="Kaitai.SpecOptionalId.TestOptionalId" methodname="TestOptionalId" classname="Kaitai.SpecOptionalId" runstate="Runnable" seed="633600789" result="Passed" start-time="2019-11-10 04:20:24Z" end-time="2019-11-10 04:20:24Z" duration="0.000588" asserts="3" />
      </test-suite>
      <test-suite type="TestFixture" id="0-1180" name="SpecParamsCallExtraParens" fullname="Kaitai.SpecParamsCallExtraParens" classname="Kaitai.SpecParamsCallExtraParens" runstate="Runnable" testcasecount="1" result="Passed" start-time="2019-11-10 04:20:24Z" end-time="2019-11-10 04:20:24Z" duration="0.003258" total="1" passed="1" failed="0" inconclusive="0" skipped="0" asserts="1">
        <test-case id="0-1181" name="TestParamsCallExtraParens" fullname="Kaitai.SpecParamsCallExtraParens.TestParamsCallExtraParens" methodname="TestParamsCallExtraParens" classname="Kaitai.SpecParamsCallExtraParens" runstate="Runnable" seed="87794299" result="Passed" start-time="2019-11-10 04:20:24Z" end-time="2019-11-10 04:20:24Z" duration="0.000669" asserts="1" />
      </test-suite>
      <test-suite type="TestFixture" id="0-1182" name="SpecParamsCallShort" fullname="Kaitai.SpecParamsCallShort" classname="Kaitai.SpecParamsCallShort" runstate="Runnable" testcasecount="1" result="Passed" start-time="2019-11-10 04:20:24Z" end-time="2019-11-10 04:20:24Z" duration="0.003543" total="1" passed="1" failed="0" inconclusive="0" skipped="0" asserts="3">
        <test-case id="0-1183" name="TestParamsCallShort" fullname="Kaitai.SpecParamsCallShort.TestParamsCallShort" methodname="TestParamsCallShort" classname="Kaitai.SpecParamsCallShort" runstate="Runnable" seed="859218530" result="Passed" start-time="2019-11-10 04:20:24Z" end-time="2019-11-10 04:20:24Z" duration="0.000994" asserts="3" />
      </test-suite>
      <test-suite type="TestFixture" id="0-1184" name="SpecParamsDef" fullname="Kaitai.SpecParamsDef" classname="Kaitai.SpecParamsDef" runstate="Runnable" testcasecount="1" result="Passed" start-time="2019-11-10 04:20:24Z" end-time="2019-11-10 04:20:24Z" duration="0.002864" total="1" passed="1" failed="0" inconclusive="0" skipped="0" asserts="2">
        <test-case id="0-1185" name="TestParamsDef" fullname="Kaitai.SpecParamsDef.TestParamsDef" methodname="TestParamsDef" classname="Kaitai.SpecParamsDef" runstate="Runnable" seed="1623266441" result="Passed" start-time="2019-11-10 04:20:24Z" end-time="2019-11-10 04:20:24Z" duration="0.000352" asserts="2" />
      </test-suite>
      <test-suite type="TestFixture" id="0-1186" name="SpecParamsEnum" fullname="Kaitai.SpecParamsEnum" classname="Kaitai.SpecParamsEnum" runstate="Runnable" testcasecount="1" result="Passed" start-time="2019-11-10 04:20:24Z" end-time="2019-11-10 04:20:24Z" duration="0.003286" total="1" passed="1" failed="0" inconclusive="0" skipped="0" asserts="2">
        <test-case id="0-1187" name="TestParamsEnum" fullname="Kaitai.SpecParamsEnum.TestParamsEnum" methodname="TestParamsEnum" classname="Kaitai.SpecParamsEnum" runstate="Runnable" seed="1005098993" result="Passed" start-time="2019-11-10 04:20:24Z" end-time="2019-11-10 04:20:24Z" duration="0.000790" asserts="2" />
      </test-suite>
      <test-suite type="TestFixture" id="0-1188" name="SpecParamsPassUsertype" fullname="Kaitai.SpecParamsPassUsertype" classname="Kaitai.SpecParamsPassUsertype" runstate="Runnable" testcasecount="1" result="Passed" start-time="2019-11-10 04:20:24Z" end-time="2019-11-10 04:20:24Z" duration="0.003366" total="1" passed="1" failed="0" inconclusive="0" skipped="0" asserts="2">
        <test-case id="0-1189" name="TestParamsPassUsertype" fullname="Kaitai.SpecParamsPassUsertype.TestParamsPassUsertype" methodname="TestParamsPassUsertype" classname="Kaitai.SpecParamsPassUsertype" runstate="Runnable" seed="559593902" result="Passed" start-time="2019-11-10 04:20:24Z" end-time="2019-11-10 04:20:24Z" duration="0.000840" asserts="2" />
      </test-suite>
      <test-suite type="TestFixture" id="0-1190" name="SpecPositionAbs" fullname="Kaitai.SpecPositionAbs" classname="Kaitai.SpecPositionAbs" runstate="Runnable" testcasecount="1" result="Passed" start-time="2019-11-10 04:20:24Z" end-time="2019-11-10 04:20:24Z" duration="0.003395" total="1" passed="1" failed="0" inconclusive="0" skipped="0" asserts="2">
        <test-case id="0-1191" name="TestPositionAbs" fullname="Kaitai.SpecPositionAbs.TestPositionAbs" methodname="TestPositionAbs" classname="Kaitai.SpecPositionAbs" runstate="Runnable" seed="1061446309" result="Passed" start-time="2019-11-10 04:20:24Z" end-time="2019-11-10 04:20:24Z" duration="0.000892" asserts="2" />
      </test-suite>
      <test-suite type="TestFixture" id="0-1192" name="SpecPositionInSeq" fullname="Kaitai.SpecPositionInSeq" classname="Kaitai.SpecPositionInSeq" runstate="Runnable" testcasecount="1" result="Passed" start-time="2019-11-10 04:20:24Z" end-time="2019-11-10 04:20:24Z" duration="0.004487" total="1" passed="1" failed="0" inconclusive="0" skipped="0" asserts="1">
        <test-case id="0-1193" name="TestPositionInSeq" fullname="Kaitai.SpecPositionInSeq.TestPositionInSeq" methodname="TestPositionInSeq" classname="Kaitai.SpecPositionInSeq" runstate="Runnable" seed="200997085" result="Passed" start-time="2019-11-10 04:20:24Z" end-time="2019-11-10 04:20:24Z" duration="0.001900" asserts="1" />
      </test-suite>
      <test-suite type="TestFixture" id="0-1194" name="SpecPositionToEnd" fullname="Kaitai.SpecPositionToEnd" classname="Kaitai.SpecPositionToEnd" runstate="Runnable" testcasecount="1" result="Passed" start-time="2019-11-10 04:20:24Z" end-time="2019-11-10 04:20:24Z" duration="0.003431" total="1" passed="1" failed="0" inconclusive="0" skipped="0" asserts="2">
        <test-case id="0-1195" name="TestPositionToEnd" fullname="Kaitai.SpecPositionToEnd.TestPositionToEnd" methodname="TestPositionToEnd" classname="Kaitai.SpecPositionToEnd" runstate="Runnable" seed="1331117333" result="Passed" start-time="2019-11-10 04:20:24Z" end-time="2019-11-10 04:20:24Z" duration="0.000820" asserts="2" />
      </test-suite>
      <test-suite type="TestFixture" id="0-1196" name="SpecProcessCoerceBytes" fullname="Kaitai.SpecProcessCoerceBytes" classname="Kaitai.SpecProcessCoerceBytes" runstate="Runnable" testcasecount="1" result="Passed" start-time="2019-11-10 04:20:24Z" end-time="2019-11-10 04:20:24Z" duration="0.004209" total="1" passed="1" failed="0" inconclusive="0" skipped="0" asserts="4">
        <test-case id="0-1197" name="TestProcessCoerceBytes" fullname="Kaitai.SpecProcessCoerceBytes.TestProcessCoerceBytes" methodname="TestProcessCoerceBytes" classname="Kaitai.SpecProcessCoerceBytes" runstate="Runnable" seed="1531908125" result="Passed" start-time="2019-11-10 04:20:24Z" end-time="2019-11-10 04:20:24Z" duration="0.001659" asserts="4" />
      </test-suite>
      <test-suite type="TestFixture" id="0-1198" name="SpecProcessCoerceSwitch" fullname="Kaitai.SpecProcessCoerceSwitch" classname="Kaitai.SpecProcessCoerceSwitch" runstate="Runnable" testcasecount="1" result="Passed" start-time="2019-11-10 04:20:24Z" end-time="2019-11-10 04:20:24Z" duration="0.003691" total="1" passed="1" failed="0" inconclusive="0" skipped="0" asserts="3">
        <test-case id="0-1199" name="TestProcessCoerceSwitch" fullname="Kaitai.SpecProcessCoerceSwitch.TestProcessCoerceSwitch" methodname="TestProcessCoerceSwitch" classname="Kaitai.SpecProcessCoerceSwitch" runstate="Runnable" seed="656770454" result="Passed" start-time="2019-11-10 04:20:24Z" end-time="2019-11-10 04:20:24Z" duration="0.001096" asserts="3" />
      </test-suite>
      <test-suite type="TestFixture" id="0-1200" name="SpecProcessCoerceUsertype1" fullname="Kaitai.SpecProcessCoerceUsertype1" classname="Kaitai.SpecProcessCoerceUsertype1" runstate="Runnable" testcasecount="1" result="Passed" start-time="2019-11-10 04:20:24Z" end-time="2019-11-10 04:20:24Z" duration="0.004270" total="1" passed="1" failed="0" inconclusive="0" skipped="0" asserts="4">
        <test-case id="0-1201" name="TestProcessCoerceUsertype1" fullname="Kaitai.SpecProcessCoerceUsertype1.TestProcessCoerceUsertype1" methodname="TestProcessCoerceUsertype1" classname="Kaitai.SpecProcessCoerceUsertype1" runstate="Runnable" seed="1690227017" result="Passed" start-time="2019-11-10 04:20:24Z" end-time="2019-11-10 04:20:24Z" duration="0.001672" asserts="4" />
      </test-suite>
      <test-suite type="TestFixture" id="0-1202" name="SpecProcessCoerceUsertype2" fullname="Kaitai.SpecProcessCoerceUsertype2" classname="Kaitai.SpecProcessCoerceUsertype2" runstate="Runnable" testcasecount="1" result="Passed" start-time="2019-11-10 04:20:24Z" end-time="2019-11-10 04:20:24Z" duration="0.004346" total="1" passed="1" failed="0" inconclusive="0" skipped="0" asserts="4">
        <test-case id="0-1203" name="TestProcessCoerceUsertype2" fullname="Kaitai.SpecProcessCoerceUsertype2.TestProcessCoerceUsertype2" methodname="TestProcessCoerceUsertype2" classname="Kaitai.SpecProcessCoerceUsertype2" runstate="Runnable" seed="2034731237" result="Passed" start-time="2019-11-10 04:20:24Z" end-time="2019-11-10 04:20:24Z" duration="0.001787" asserts="4" />
      </test-suite>
      <test-suite type="TestFixture" id="0-1204" name="SpecProcessCustom" fullname="Kaitai.SpecProcessCustom" classname="Kaitai.SpecProcessCustom" runstate="Runnable" testcasecount="1" result="Passed" start-time="2019-11-10 04:20:24Z" end-time="2019-11-10 04:20:24Z" duration="0.003624" total="1" passed="1" failed="0" inconclusive="0" skipped="0" asserts="3">
        <test-case id="0-1205" name="TestProcessCustom" fullname="Kaitai.SpecProcessCustom.TestProcessCustom" methodname="TestProcessCustom" classname="Kaitai.SpecProcessCustom" runstate="Runnable" seed="367525974" result="Passed" start-time="2019-11-10 04:20:24Z" end-time="2019-11-10 04:20:24Z" duration="0.001066" asserts="3" />
      </test-suite>
      <test-suite type="TestFixture" id="0-1206" name="SpecProcessRotate" fullname="Kaitai.SpecProcessRotate" classname="Kaitai.SpecProcessRotate" runstate="Runnable" testcasecount="1" result="Passed" start-time="2019-11-10 04:20:24Z" end-time="2019-11-10 04:20:24Z" duration="0.003439" total="1" passed="1" failed="0" inconclusive="0" skipped="0" asserts="3">
        <test-case id="0-1207" name="TestProcessRotate" fullname="Kaitai.SpecProcessRotate.TestProcessRotate" methodname="TestProcessRotate" classname="Kaitai.SpecProcessRotate" runstate="Runnable" seed="119142975" result="Passed" start-time="2019-11-10 04:20:24Z" end-time="2019-11-10 04:20:24Z" duration="0.000889" asserts="3" />
      </test-suite>
      <test-suite type="TestFixture" id="0-1208" name="SpecProcessToUser" fullname="Kaitai.SpecProcessToUser" classname="Kaitai.SpecProcessToUser" runstate="Runnable" testcasecount="1" result="Passed" start-time="2019-11-10 04:20:24Z" end-time="2019-11-10 04:20:24Z" duration="0.003286" total="1" passed="1" failed="0" inconclusive="0" skipped="0" asserts="1">
        <test-case id="0-1209" name="TestProcessToUser" fullname="Kaitai.SpecProcessToUser.TestProcessToUser" methodname="TestProcessToUser" classname="Kaitai.SpecProcessToUser" runstate="Runnable" seed="506794819" result="Passed" start-time="2019-11-10 04:20:24Z" end-time="2019-11-10 04:20:24Z" duration="0.000716" asserts="1" />
      </test-suite>
      <test-suite type="TestFixture" id="0-1210" name="SpecProcessXor4Const" fullname="Kaitai.SpecProcessXor4Const" classname="Kaitai.SpecProcessXor4Const" runstate="Runnable" testcasecount="1" result="Passed" start-time="2019-11-10 04:20:24Z" end-time="2019-11-10 04:20:24Z" duration="0.003344" total="1" passed="1" failed="0" inconclusive="0" skipped="0" asserts="2">
        <test-case id="0-1211" name="TestProcessXor4Const" fullname="Kaitai.SpecProcessXor4Const.TestProcessXor4Const" methodname="TestProcessXor4Const" classname="Kaitai.SpecProcessXor4Const" runstate="Runnable" seed="2018723117" result="Passed" start-time="2019-11-10 04:20:24Z" end-time="2019-11-10 04:20:24Z" duration="0.000808" asserts="2" />
      </test-suite>
      <test-suite type="TestFixture" id="0-1212" name="SpecProcessXor4Value" fullname="Kaitai.SpecProcessXor4Value" classname="Kaitai.SpecProcessXor4Value" runstate="Runnable" testcasecount="1" result="Passed" start-time="2019-11-10 04:20:24Z" end-time="2019-11-10 04:20:24Z" duration="0.003248" total="1" passed="1" failed="0" inconclusive="0" skipped="0" asserts="2">
        <test-case id="0-1213" name="TestProcessXor4Value" fullname="Kaitai.SpecProcessXor4Value.TestProcessXor4Value" methodname="TestProcessXor4Value" classname="Kaitai.SpecProcessXor4Value" runstate="Runnable" seed="112590370" result="Passed" start-time="2019-11-10 04:20:24Z" end-time="2019-11-10 04:20:24Z" duration="0.000673" asserts="2" />
      </test-suite>
      <test-suite type="TestFixture" id="0-1214" name="SpecProcessXorConst" fullname="Kaitai.SpecProcessXorConst" classname="Kaitai.SpecProcessXorConst" runstate="Runnable" testcasecount="1" result="Passed" start-time="2019-11-10 04:20:24Z" end-time="2019-11-10 04:20:24Z" duration="0.003445" total="1" passed="1" failed="0" inconclusive="0" skipped="0" asserts="2">
        <test-case id="0-1215" name="TestProcessXorConst" fullname="Kaitai.SpecProcessXorConst.TestProcessXorConst" methodname="TestProcessXorConst" classname="Kaitai.SpecProcessXorConst" runstate="Runnable" seed="1239234343" result="Passed" start-time="2019-11-10 04:20:24Z" end-time="2019-11-10 04:20:24Z" duration="0.000761" asserts="2" />
      </test-suite>
      <test-suite type="TestFixture" id="0-1216" name="SpecProcessXorValue" fullname="Kaitai.SpecProcessXorValue" classname="Kaitai.SpecProcessXorValue" runstate="Runnable" testcasecount="1" result="Passed" start-time="2019-11-10 04:20:24Z" end-time="2019-11-10 04:20:24Z" duration="0.003493" total="1" passed="1" failed="0" inconclusive="0" skipped="0" asserts="2">
[...]
        <test-case id="0-1255" name="TestSwitchCast" fullname="Kaitai.SpecSwitchCast.TestSwitchCast" methodname="TestSwitchCast" classname="Kaitai.SpecSwitchCast" runstate="Runnable" seed="460796592" result="Passed" start-time="2019-11-10 04:20:24Z" end-time="2019-11-10 04:20:24Z" duration="0.002429" asserts="3" />
      </test-suite>
      <test-suite type="TestFixture" id="0-1256" name="SpecSwitchIntegers" fullname="Kaitai.SpecSwitchIntegers" classname="Kaitai.SpecSwitchIntegers" runstate="Runnable" testcasecount="1" result="Passed" start-time="2019-11-10 04:20:24Z" end-time="2019-11-10 04:20:24Z" duration="0.004564" total="1" passed="1" failed="0" inconclusive="0" skipped="0" asserts="9">
        <test-case id="0-1257" name="TestSwitchIntegers" fullname="Kaitai.SpecSwitchIntegers.TestSwitchIntegers" methodname="TestSwitchIntegers" classname="Kaitai.SpecSwitchIntegers" runstate="Runnable" seed="1485375961" result="Passed" start-time="2019-11-10 04:20:24Z" end-time="2019-11-10 04:20:24Z" duration="0.001961" asserts="9" />
      </test-suite>
      <test-suite type="TestFixture" id="0-1258" name="SpecSwitchIntegers2" fullname="Kaitai.SpecSwitchIntegers2" classname="Kaitai.SpecSwitchIntegers2" runstate="Runnable" testcasecount="1" result="Passed" start-time="2019-11-10 04:20:24Z" end-time="2019-11-10 04:20:24Z" duration="0.003843" total="1" passed="1" failed="0" inconclusive="0" skipped="0" asserts="5">
        <test-case id="0-1259" name="TestSwitchIntegers2" fullname="Kaitai.SpecSwitchIntegers2.TestSwitchIntegers2" methodname="TestSwitchIntegers2" classname="Kaitai.SpecSwitchIntegers2" runstate="Runnable" seed="1700439181" result="Passed" start-time="2019-11-10 04:20:24Z" end-time="2019-11-10 04:20:24Z" duration="0.001245" asserts="5" />
      </test-suite>
      <test-suite type="TestFixture" id="0-1260" name="SpecSwitchManualEnum" fullname="Kaitai.SpecSwitchManualEnum" classname="Kaitai.SpecSwitchManualEnum" runstate="Runnable" testcasecount="1" result="Passed" start-time="2019-11-10 04:20:24Z" end-time="2019-11-10 04:20:24Z" duration="0.004869" total="1" passed="1" failed="0" inconclusive="0" skipped="0" asserts="9">
        <test-case id="0-1261" name="TestSwitchManualEnum" fullname="Kaitai.SpecSwitchManualEnum.TestSwitchManualEnum" methodname="TestSwitchManualEnum" classname="Kaitai.SpecSwitchManualEnum" runstate="Runnable" seed="1237633171" result="Passed" start-time="2019-11-10 04:20:24Z" end-time="2019-11-10 04:20:24Z" duration="0.002290" asserts="9" />
      </test-suite>
      <test-suite type="TestFixture" id="0-1262" name="SpecSwitchManualInt" fullname="Kaitai.SpecSwitchManualInt" classname="Kaitai.SpecSwitchManualInt" runstate="Runnable" testcasecount="1" result="Passed" start-time="2019-11-10 04:20:24Z" end-time="2019-11-10 04:20:24Z" duration="0.004796" total="1" passed="1" failed="0" inconclusive="0" skipped="0" asserts="9">
        <test-case id="0-1263" name="TestSwitchManualInt" fullname="Kaitai.SpecSwitchManualInt.TestSwitchManualInt" methodname="TestSwitchManualInt" classname="Kaitai.SpecSwitchManualInt" runstate="Runnable" seed="866201935" result="Passed" start-time="2019-11-10 04:20:24Z" end-time="2019-11-10 04:20:24Z" duration="0.002215" asserts="9" />
      </test-suite>
      <test-suite type="TestFixture" id="0-1264" name="SpecSwitchManualIntElse" fullname="Kaitai.SpecSwitchManualIntElse" classname="Kaitai.SpecSwitchManualIntElse" runstate="Runnable" testcasecount="1" result="Passed" start-time="2019-11-10 04:20:24Z" end-time="2019-11-10 04:20:24Z" duration="0.004780" total="1" passed="1" failed="0" inconclusive="0" skipped="0" asserts="9">
        <test-case id="0-1265" name="TestSwitchManualIntElse" fullname="Kaitai.SpecSwitchManualIntElse.TestSwitchManualIntElse" methodname="TestSwitchManualIntElse" classname="Kaitai.SpecSwitchManualIntElse" runstate="Runnable" seed="419065606" result="Passed" start-time="2019-11-10 04:20:24Z" end-time="2019-11-10 04:20:24Z" duration="0.002245" asserts="9" />
      </test-suite>
      <test-suite type="TestFixture" id="0-1266" name="SpecSwitchManualIntSize" fullname="Kaitai.SpecSwitchManualIntSize" classname="Kaitai.SpecSwitchManualIntSize" runstate="Runnable" testcasecount="1" result="Passed" start-time="2019-11-10 04:20:24Z" end-time="2019-11-10 04:20:24Z" duration="0.004890" total="1" passed="1" failed="0" inconclusive="0" skipped="0" asserts="10">
        <test-case id="0-1267" name="TestSwitchManualIntSize" fullname="Kaitai.SpecSwitchManualIntSize.TestSwitchManualIntSize" methodname="TestSwitchManualIntSize" classname="Kaitai.SpecSwitchManualIntSize" runstate="Runnable" seed="1264481656" result="Passed" start-time="2019-11-10 04:20:24Z" end-time="2019-11-10 04:20:24Z" duration="0.002332" asserts="10" />
      </test-suite>
      <test-suite type="TestFixture" id="0-1268" name="SpecSwitchManualIntSizeElse" fullname="Kaitai.SpecSwitchManualIntSizeElse" classname="Kaitai.SpecSwitchManualIntSizeElse" runstate="Runnable" testcasecount="1" result="Passed" start-time="2019-11-10 04:20:24Z" end-time="2019-11-10 04:20:24Z" duration="0.004875" total="1" passed="1" failed="0" inconclusive="0" skipped="0" asserts="10">
        <test-case id="0-1269" name="TestSwitchManualIntSizeElse" fullname="Kaitai.SpecSwitchManualIntSizeElse.TestSwitchManualIntSizeElse" methodname="TestSwitchManualIntSizeElse" classname="Kaitai.SpecSwitchManualIntSizeElse" runstate="Runnable" seed="1978507496" result="Passed" start-time="2019-11-10 04:20:24Z" end-time="2019-11-10 04:20:24Z" duration="0.002378" asserts="10" />
      </test-suite>
      <test-suite type="TestFixture" id="0-1270" name="SpecSwitchManualIntSizeEos" fullname="Kaitai.SpecSwitchManualIntSizeEos" classname="Kaitai.SpecSwitchManualIntSizeEos" runstate="Runnable" testcasecount="1" result="Passed" start-time="2019-11-10 04:20:24Z" end-time="2019-11-10 04:20:24Z" duration="0.005047" total="1" passed="1" failed="0" inconclusive="0" skipped="0" asserts="10">
        <test-case id="0-1271" name="TestSwitchManualIntSizeEos" fullname="Kaitai.SpecSwitchManualIntSizeEos.TestSwitchManualIntSizeEos" methodname="TestSwitchManualIntSizeEos" classname="Kaitai.SpecSwitchManualIntSizeEos" runstate="Runnable" seed="1265775257" result="Passed" start-time="2019-11-10 04:20:24Z" end-time="2019-11-10 04:20:24Z" duration="0.002468" asserts="10" />
      </test-suite>
      <test-suite type="TestFixture" id="0-1272" name="SpecSwitchManualStr" fullname="Kaitai.SpecSwitchManualStr" classname="Kaitai.SpecSwitchManualStr" runstate="Runnable" testcasecount="1" result="Passed" start-time="2019-11-10 04:20:24Z" end-time="2019-11-10 04:20:25Z" duration="0.004704" total="1" passed="1" failed="0" inconclusive="0" skipped="0" asserts="9">
        <test-case id="0-1273" name="TestSwitchManualStr" fullname="Kaitai.SpecSwitchManualStr.TestSwitchManualStr" methodname="TestSwitchManualStr" classname="Kaitai.SpecSwitchManualStr" runstate="Runnable" seed="1314796181" result="Passed" start-time="2019-11-10 04:20:24Z" end-time="2019-11-10 04:20:25Z" duration="0.002156" asserts="9" />
      </test-suite>
      <test-suite type="TestFixture" id="0-1274" name="SpecSwitchManualStrElse" fullname="Kaitai.SpecSwitchManualStrElse" classname="Kaitai.SpecSwitchManualStrElse" runstate="Runnable" testcasecount="1" result="Passed" start-time="2019-11-10 04:20:25Z" end-time="2019-11-10 04:20:25Z" duration="0.004804" total="1" passed="1" failed="0" inconclusive="0" skipped="0" asserts="9">
        <test-case id="0-1275" name="TestSwitchManualStrElse" fullname="Kaitai.SpecSwitchManualStrElse.TestSwitchManualStrElse" methodname="TestSwitchManualStrElse" classname="Kaitai.SpecSwitchManualStrElse" runstate="Runnable" seed="346869125" result="Passed" start-time="2019-11-10 04:20:25Z" end-time="2019-11-10 04:20:25Z" duration="0.002235" asserts="9" />
      </test-suite>
      <test-suite type="TestFixture" id="0-1276" name="SpecSwitchMultiBoolOps" fullname="Kaitai.SpecSwitchMultiBoolOps" classname="Kaitai.SpecSwitchMultiBoolOps" runstate="Runnable" testcasecount="1" result="Passed" start-time="2019-11-10 04:20:25Z" end-time="2019-11-10 04:20:25Z" duration="0.004403" total="1" passed="1" failed="0" inconclusive="0" skipped="0" asserts="9">
        <test-case id="0-1277" name="TestSwitchMultiBoolOps" fullname="Kaitai.SpecSwitchMultiBoolOps.TestSwitchMultiBoolOps" methodname="TestSwitchMultiBoolOps" classname="Kaitai.SpecSwitchMultiBoolOps" runstate="Runnable" seed="192629958" result="Passed" start-time="2019-11-10 04:20:25Z" end-time="2019-11-10 04:20:25Z" duration="0.001878" asserts="9" />
      </test-suite>
      <test-suite type="TestFixture" id="0-1278" name="SpecSwitchRepeatExpr" fullname="Kaitai.SpecSwitchRepeatExpr" classname="Kaitai.SpecSwitchRepeatExpr" runstate="Runnable" testcasecount="1" result="Passed" start-time="2019-11-10 04:20:25Z" end-time="2019-11-10 04:20:25Z" duration="0.004570" total="1" passed="1" failed="0" inconclusive="0" skipped="0" asserts="3">
        <test-case id="0-1279" name="TestSwitchRepeatExpr" fullname="Kaitai.SpecSwitchRepeatExpr.TestSwitchRepeatExpr" methodname="TestSwitchRepeatExpr" classname="Kaitai.SpecSwitchRepeatExpr" runstate="Runnable" seed="1415756236" result="Passed" start-time="2019-11-10 04:20:25Z" end-time="2019-11-10 04:20:25Z" duration="0.002017" asserts="3" />
      </test-suite>
      <test-suite type="TestFixture" id="0-1280" name="SpecTermBytes" fullname="Kaitai.SpecTermBytes" classname="Kaitai.SpecTermBytes" runstate="Runnable" testcasecount="1" result="Passed" start-time="2019-11-10 04:20:25Z" end-time="2019-11-10 04:20:25Z" duration="0.003232" total="1" passed="1" failed="0" inconclusive="0" skipped="0" asserts="3">
        <test-case id="0-1281" name="TestTermBytes" fullname="Kaitai.SpecTermBytes.TestTermBytes" methodname="TestTermBytes" classname="Kaitai.SpecTermBytes" runstate="Runnable" seed="831034600" result="Passed" start-time="2019-11-10 04:20:25Z" end-time="2019-11-10 04:20:25Z" duration="0.000669" asserts="3" />
      </test-suite>
      <test-suite type="TestFixture" id="0-1282" name="SpecTermStrz" fullname="Kaitai.SpecTermStrz" classname="Kaitai.SpecTermStrz" runstate="Runnable" testcasecount="1" result="Passed" start-time="2019-11-10 04:20:25Z" end-time="2019-11-10 04:20:25Z" duration="0.003887" total="1" passed="1" failed="0" inconclusive="0" skipped="0" asserts="3">
        <test-case id="0-1283" name="TestTermStrz" fullname="Kaitai.SpecTermStrz.TestTermStrz" methodname="TestTermStrz" classname="Kaitai.SpecTermStrz" runstate="Runnable" seed="1125137904" result="Passed" start-time="2019-11-10 04:20:25Z" end-time="2019-11-10 04:20:25Z" duration="0.000427" asserts="3" />
      </test-suite>
      <test-suite type="TestFixture" id="0-1284" name="SpecTsPacketHeader" fullname="Kaitai.SpecTsPacketHeader" classname="Kaitai.SpecTsPacketHeader" runstate="Runnable" testcasecount="1" result="Passed" start-time="2019-11-10 04:20:25Z" end-time="2019-11-10 04:20:25Z" duration="0.003541" total="1" passed="1" failed="0" inconclusive="0" skipped="0" asserts="7">
        <test-case id="0-1285" name="TestTsPacketHeader" fullname="Kaitai.SpecTsPacketHeader.TestTsPacketHeader" methodname="TestTsPacketHeader" classname="Kaitai.SpecTsPacketHeader" runstate="Runnable" seed="139598016" result="Passed" start-time="2019-11-10 04:20:25Z" end-time="2019-11-10 04:20:25Z" duration="0.000931" asserts="7" />
      </test-suite>
      <test-suite type="TestFixture" id="0-1286" name="SpecTypeIntUnaryOp" fullname="Kaitai.SpecTypeIntUnaryOp" classname="Kaitai.SpecTypeIntUnaryOp" runstate="Runnable" testcasecount="1" result="Passed" start-time="2019-11-10 04:20:25Z" end-time="2019-11-10 04:20:25Z" duration="0.003356" total="1" passed="1" failed="0" inconclusive="0" skipped="0" asserts="4">
        <test-case id="0-1287" name="TestTypeIntUnaryOp" fullname="Kaitai.SpecTypeIntUnaryOp.TestTypeIntUnaryOp" methodname="TestTypeIntUnaryOp" classname="Kaitai.SpecTypeIntUnaryOp" runstate="Runnable" seed="612179060" result="Passed" start-time="2019-11-10 04:20:25Z" end-time="2019-11-10 04:20:25Z" duration="0.000819" asserts="4" />
      </test-suite>
      <test-suite type="TestFixture" id="0-1288" name="SpecTypeTernary" fullname="Kaitai.SpecTypeTernary" classname="Kaitai.SpecTypeTernary" runstate="Runnable" testcasecount="1" result="Passed" start-time="2019-11-10 04:20:25Z" end-time="2019-11-10 04:20:25Z" duration="0.003559" total="1" passed="1" failed="0" inconclusive="0" skipped="0" asserts="1">
        <test-case id="0-1289" name="TestTypeTernary" fullname="Kaitai.SpecTypeTernary.TestTypeTernary" methodname="TestTypeTernary" classname="Kaitai.SpecTypeTernary" runstate="Runnable" seed="1791141138" result="Passed" start-time="2019-11-10 04:20:25Z" end-time="2019-11-10 04:20:25Z" duration="0.001016" asserts="1" />
      </test-suite>
      <test-suite type="TestFixture" id="0-1290" name="SpecTypeTernaryOpaque" fullname="Kaitai.SpecTypeTernaryOpaque" classname="Kaitai.SpecTypeTernaryOpaque" runstate="Runnable" testcasecount="1" result="Passed" start-time="2019-11-10 04:20:25Z" end-time="2019-11-10 04:20:25Z" duration="0.003368" total="1" passed="1" failed="0" inconclusive="0" skipped="0" asserts="3">
        <test-case id="0-1291" name="TestTypeTernaryOpaque" fullname="Kaitai.SpecTypeTernaryOpaque.TestTypeTernaryOpaque" methodname="TestTypeTernaryOpaque" classname="Kaitai.SpecTypeTernaryOpaque" runstate="Runnable" seed="714166962" result="Passed" start-time="2019-11-10 04:20:25Z" end-time="2019-11-10 04:20:25Z" duration="0.000839" asserts="3" />
      </test-suite>
      <test-suite type="TestFixture" id="0-1292" name="SpecUserType" fullname="Kaitai.SpecUserType" classname="Kaitai.SpecUserType" runstate="Runnable" testcasecount="1" result="Passed" start-time="2019-11-10 04:20:25Z" end-time="2019-11-10 04:20:25Z" duration="0.003322" total="1" passed="1" failed="0" inconclusive="0" skipped="0" asserts="2">
        <test-case id="0-1293" name="TestUserType" fullname="Kaitai.SpecUserType.TestUserType" methodname="TestUserType" classname="Kaitai.SpecUserType" runstate="Runnable" seed="1515761497" result="Passed" start-time="2019-11-10 04:20:25Z" end-time="2019-11-10 04:20:25Z" duration="0.000776" asserts="2" />
      </test-suite>
      <test-suite type="TestFixture" id="0-1294" name="SpecValidFailEqBytes" fullname="Kaitai.SpecValidFailEqBytes" classname="Kaitai.SpecValidFailEqBytes" runstate="Runnable" testcasecount="1" result="Passed" start-time="2019-11-10 04:20:25Z" end-time="2019-11-10 04:20:25Z" duration="0.004106" total="1" passed="1" failed="0" inconclusive="0" skipped="0" asserts="1">
        <test-case id="0-1295" name="TestValidFailEqBytes" fullname="Kaitai.SpecValidFailEqBytes.TestValidFailEqBytes" methodname="TestValidFailEqBytes" classname="Kaitai.SpecValidFailEqBytes" runstate="Runnable" seed="2055961489" result="Passed" start-time="2019-11-10 04:20:25Z" end-time="2019-11-10 04:20:25Z" duration="0.001541" asserts="1" />
      </test-suite>
      <test-suite type="TestFixture" id="0-1296" name="SpecValidFailEqInt" fullname="Kaitai.SpecValidFailEqInt" classname="Kaitai.SpecValidFailEqInt" runstate="Runnable" testcasecount="1" result="Passed" start-time="2019-11-10 04:20:25Z" end-time="2019-11-10 04:20:25Z" duration="0.003524" total="1" passed="1" failed="0" inconclusive="0" skipped="0" asserts="1">
        <test-case id="0-1297" name="TestValidFailEqInt" fullname="Kaitai.SpecValidFailEqInt.TestValidFailEqInt" methodname="TestValidFailEqInt" classname="Kaitai.SpecValidFailEqInt" runstate="Runnable" seed="786514464" result="Passed" start-time="2019-11-10 04:20:25Z" end-time="2019-11-10 04:20:25Z" duration="0.000972" asserts="1" />
      </test-suite>
      <test-suite type="TestFixture" id="0-1298" name="SpecValidNotParsedIf" fullname="Kaitai.SpecValidNotParsedIf" classname="Kaitai.SpecValidNotParsedIf" runstate="Runnable" testcasecount="1" result="Failed" site="Child" start-time="2019-11-10 04:20:25Z" end-time="2019-11-10 04:20:25Z" duration="0.011554" total="1" passed="0" failed="1" inconclusive="0" skipped="0" asserts="0">
        <failure>
          <message><![CDATA[One or more child tests had errors]]></message>
        </failure>
        <test-case id="0-1299" name="TestValidNotParsedIf" fullname="Kaitai.SpecValidNotParsedIf.TestValidNotParsedIf" methodname="TestValidNotParsedIf" classname="Kaitai.SpecValidNotParsedIf" runstate="Runnable" seed="1131848461" result="Failed" label="Error" start-time="2019-11-10 04:20:25Z" end-time="2019-11-10 04:20:25Z" duration="0.008924" asserts="0">
          <failure>
            <message><![CDATA[Kaitai.ValidationNotEqualError : /seq/0: at pos 0: validation failed: not equal, expected 42, but got ]]></message>
            <stack-trace><![CDATA[  at Kaitai.ValidNotParsedIf._read () [0x00070] in <a85ccc0f053c465e9be26891a324cf3e>:0 
  at Kaitai.ValidNotParsedIf..ctor (Kaitai.KaitaiStream p__io, Kaitai.KaitaiStruct p__parent, Kaitai.ValidNotParsedIf p__root) [0x0001c] in <a85ccc0f053c465e9be26891a324cf3e>:0 
  at Kaitai.ValidNotParsedIf.FromFile (System.String fileName) [0x00007] in <a85ccc0f053c465e9be26891a324cf3e>:0 
  at Kaitai.SpecValidNotParsedIf.TestValidNotParsedIf () [0x0000c] in <a85ccc0f053c465e9be26891a324cf3e>:0 
  at (wrapper managed-to-native) System.Reflection.MonoMethod.InternalInvoke(System.Reflection.MonoMethod,object,object[],System.Exception&)
  at System.Reflection.MonoMethod.Invoke (System.Object obj, System.Reflection.BindingFlags invokeAttr, System.Reflection.Binder binder, System.Object[] parameters, System.Globalization.CultureInfo culture) [0x00032] in <65984520577646ec9044386ec4a7b3dd>:0 ]]></stack-trace>
          </failure>
        </test-case>
      </test-suite>
      <test-suite type="TestFixture" id="0-1300" name="SpecValidShort" fullname="Kaitai.SpecValidShort" classname="Kaitai.SpecValidShort" runstate="Runnable" testcasecount="1" result="Passed" start-time="2019-11-10 04:20:25Z" end-time="2019-11-10 04:20:25Z" duration="0.004521" total="1" passed="1" failed="0" inconclusive="0" skipped="0" asserts="0">
        <test-case id="0-1301" name="TestValidShort" fullname="Kaitai.SpecValidShort.TestValidShort" methodname="TestValidShort" classname="Kaitai.SpecValidShort" runstate="Runnable" seed="36066202" result="Passed" start-time="2019-11-10 04:20:25Z" end-time="2019-11-10 04:20:25Z" duration="0.001914" asserts="0" />
      </test-suite>
      <test-suite type="TestFixture" id="0-1302" name="SpecValidSwitch" fullname="Kaitai.SpecValidSwitch" classname="Kaitai.SpecValidSwitch" runstate="Runnable" testcasecount="1" result="Passed" start-time="2019-11-10 04:20:25Z" end-time="2019-11-10 04:20:25Z" duration="0.003300" total="1" passed="1" failed="0" inconclusive="0" skipped="0" asserts="0">
        <test-case id="0-1303" name="TestValidSwitch" fullname="Kaitai.SpecValidSwitch.TestValidSwitch" methodname="TestValidSwitch" classname="Kaitai.SpecValidSwitch" runstate="Runnable" seed="624451883" result="Passed" start-time="2019-11-10 04:20:25Z" end-time="2019-11-10 04:20:25Z" duration="0.000669" asserts="0" />
      </test-suite>
      <test-suite type="TestFixture" id="0-1304" name="SpecZlibWithHeader78" fullname="Kaitai.SpecZlibWithHeader78" classname="Kaitai.SpecZlibWithHeader78" runstate="Runnable" testcasecount="1" result="Passed" start-time="2019-11-10 04:20:25Z" end-time="2019-11-10 04:20:25Z" duration="0.007523" total="1" passed="1" failed="0" inconclusive="0" skipped="0" asserts="1">
        <test-case id="0-1305" name="TestZlibWithHeader78" fullname="Kaitai.SpecZlibWithHeader78.TestZlibWithHeader78" methodname="TestZlibWithHeader78" classname="Kaitai.SpecZlibWithHeader78" runstate="Runnable" seed="520371446" result="Passed" start-time="2019-11-10 04:20:25Z" end-time="2019-11-10 04:20:25Z" duration="0.004954" asserts="1" />
      </test-suite>
    </test-suite>
  </test-suite>
</test-run>