<?xml version="1.0" encoding="utf-8" standalone="no"?>
<test-run id="0" runstate="Runnable" testcasecount="251" result="Failed" total="251" passed="249" failed="2" inconclusive="0" skipped="0" asserts="1106" engine-version="3.12.0.0" clr-version="4.0.30319.42000" start-time="2024-09-07 21:58:15Z" end-time="2024-09-07 21:58:19Z" duration="3.531597">
  <command-line><![CDATA[C:\Users\runneradmin\.nuget\packages\nunit.consolerunner\3.12.0\tools\nunit3-console.exe --result=test_out/csharp/TestResult.xml spec/csharp/kaitai_struct_csharp_tests_netframework/bin/Debug/kaitai_struct_csharp_tests.dll]]></command-line>
  <test-suite type="Assembly" id="1-1502" name="kaitai_struct_csharp_tests.dll" fullname="D:\a\ci_targets\ci_targets\tests\spec\csharp\kaitai_struct_csharp_tests_netframework\bin\Debug\kaitai_struct_csharp_tests.dll" runstate="Runnable" testcasecount="251" result="Failed" site="Child" start-time="2024-09-07T21:58:18.4074079Z" end-time="2024-09-07T21:58:19.2358590Z" duration="0.839389" total="251" passed="249" failed="2" warnings="0" inconclusive="0" skipped="0" asserts="1106">
    <environment framework-version="3.14.0.0" clr-version="4.0.30319.42000" os-version="Microsoft Windows NT 10.0.20348.0" platform="Win32NT" cwd="D:\a\ci_targets\ci_targets\tests" machine-name="fv-az1760-968" user="runneradmin" user-domain="fv-az1760-968" culture="en-US" uiculture="en-US" os-architecture="x64" />
    <settings>
      <setting name="DisposeRunners" value="True" />
      <setting name="WorkDirectory" value="D:\a\ci_targets\ci_targets\tests" />
      <setting name="ImageRuntimeVersion" value="4.0.30319" />
      <setting name="ImageTargetFrameworkName" value=".NETFramework,Version=v4.8" />
      <setting name="ImageRequiresX86" value="False" />
      <setting name="ImageRequiresDefaultAppDomainAssemblyResolver" value="False" />
      <setting name="TargetRuntimeFramework" value="net-4.0" />
      <setting name="NumberOfTestWorkers" value="4" />
    </settings>
    <properties>
      <property name="_PID" value="5640" />
      <property name="_APPDOMAIN" value="domain-" />
    </properties>
    <failure>
      <message><![CDATA[One or more child tests had errors]]></message>
    </failure>
    <test-suite type="TestSuite" id="1-1503" name="Kaitai" fullname="Kaitai" runstate="Runnable" testcasecount="251" result="Failed" site="Child" start-time="2024-09-07T21:58:18.4230357Z" end-time="2024-09-07T21:58:19.2358590Z" duration="0.825624" total="251" passed="249" failed="2" warnings="0" inconclusive="0" skipped="0" asserts="1106">
      <failure>
        <message><![CDATA[One or more child tests had errors]]></message>
      </failure>
      <test-suite type="TestFixture" id="1-1000" name="SpecBcdUserTypeBe" fullname="Kaitai.SpecBcdUserTypeBe" classname="Kaitai.SpecBcdUserTypeBe" runstate="Runnable" testcasecount="1" result="Passed" start-time="2024-09-07T21:58:18.4230357Z" end-time="2024-09-07T21:58:18.7200875Z" duration="0.309373" total="1" passed="1" failed="0" warnings="0" inconclusive="0" skipped="0" asserts="6">
        <test-case id="1-1001" name="TestBcdUserTypeBe" fullname="Kaitai.SpecBcdUserTypeBe.TestBcdUserTypeBe" methodname="TestBcdUserTypeBe" classname="Kaitai.SpecBcdUserTypeBe" runstate="Runnable" seed="1275257524" result="Passed" start-time="2024-09-07T21:58:18.4230357Z" end-time="2024-09-07T21:58:18.7200875Z" duration="0.302696" asserts="6" />
      </test-suite>
      <test-suite type="TestFixture" id="1-1002" name="SpecBcdUserTypeLe" fullname="Kaitai.SpecBcdUserTypeLe" classname="Kaitai.SpecBcdUserTypeLe" runstate="Runnable" testcasecount="1" result="Passed" start-time="2024-09-07T21:58:18.7357079Z" end-time="2024-09-07T21:58:18.7357079Z" duration="0.003982" total="1" passed="1" failed="0" warnings="0" inconclusive="0" skipped="0" asserts="6">
        <test-case id="1-1003" name="TestBcdUserTypeLe" fullname="Kaitai.SpecBcdUserTypeLe.TestBcdUserTypeLe" methodname="TestBcdUserTypeLe" classname="Kaitai.SpecBcdUserTypeLe" runstate="Runnable" seed="2095802884" result="Passed" start-time="2024-09-07T21:58:18.7357079Z" end-time="2024-09-07T21:58:18.7357079Z" duration="0.003834" asserts="6" />
      </test-suite>
      <test-suite type="TestFixture" id="1-1004" name="SpecBitsByteAligned" fullname="Kaitai.SpecBitsByteAligned" classname="Kaitai.SpecBitsByteAligned" runstate="Runnable" testcasecount="1" result="Passed" start-time="2024-09-07T21:58:18.7357079Z" end-time="2024-09-07T21:58:18.7513258Z" duration="0.010479" total="1" passed="1" failed="0" warnings="0" inconclusive="0" skipped="0" asserts="9">
        <test-case id="1-1005" name="TestBitsByteAligned" fullname="Kaitai.SpecBitsByteAligned.TestBitsByteAligned" methodname="TestBitsByteAligned" classname="Kaitai.SpecBitsByteAligned" runstate="Runnable" seed="1662883132" result="Passed" start-time="2024-09-07T21:58:18.7357079Z" end-time="2024-09-07T21:58:18.7513258Z" duration="0.010348" asserts="9" />
      </test-suite>
      <test-suite type="TestFixture" id="1-1006" name="SpecBitsEnum" fullname="Kaitai.SpecBitsEnum" classname="Kaitai.SpecBitsEnum" runstate="Runnable" testcasecount="1" result="Passed" start-time="2024-09-07T21:58:18.7513258Z" end-time="2024-09-07T21:58:18.7513258Z" duration="0.001000" total="1" passed="1" failed="0" warnings="0" inconclusive="0" skipped="0" asserts="3">
        <test-case id="1-1007" name="TestBitsEnum" fullname="Kaitai.SpecBitsEnum.TestBitsEnum" methodname="TestBitsEnum" classname="Kaitai.SpecBitsEnum" runstate="Runnable" seed="943766990" result="Passed" start-time="2024-09-07T21:58:18.7513258Z" end-time="2024-09-07T21:58:18.7513258Z" duration="0.000867" asserts="3" />
      </test-suite>
      <test-suite type="TestFixture" id="1-1008" name="SpecBitsSeqEndianCombo" fullname="Kaitai.SpecBitsSeqEndianCombo" classname="Kaitai.SpecBitsSeqEndianCombo" runstate="Runnable" testcasecount="1" result="Passed" start-time="2024-09-07T21:58:18.7513258Z" end-time="2024-09-07T21:58:18.7513258Z" duration="0.001365" total="1" passed="1" failed="0" warnings="0" inconclusive="0" skipped="0" asserts="8">
        <test-case id="1-1009" name="TestBitsSeqEndianCombo" fullname="Kaitai.SpecBitsSeqEndianCombo.TestBitsSeqEndianCombo" methodname="TestBitsSeqEndianCombo" classname="Kaitai.SpecBitsSeqEndianCombo" runstate="Runnable" seed="1088959720" result="Passed" start-time="2024-09-07T21:58:18.7513258Z" end-time="2024-09-07T21:58:18.7513258Z" duration="0.001253" asserts="8" />
      </test-suite>
      <test-suite type="TestFixture" id="1-1010" name="SpecBitsShiftByB32Le" fullname="Kaitai.SpecBitsShiftByB32Le" classname="Kaitai.SpecBitsShiftByB32Le" runstate="Runnable" testcasecount="1" result="Passed" start-time="2024-09-07T21:58:18.7513258Z" end-time="2024-09-07T21:58:18.7513258Z" duration="0.000549" total="1" passed="1" failed="0" warnings="0" inconclusive="0" skipped="0" asserts="2">
        <test-case id="1-1011" name="TestBitsShiftByB32Le" fullname="Kaitai.SpecBitsShiftByB32Le.TestBitsShiftByB32Le" methodname="TestBitsShiftByB32Le" classname="Kaitai.SpecBitsShiftByB32Le" runstate="Runnable" seed="2084340296" result="Passed" start-time="2024-09-07T21:58:18.7513258Z" end-time="2024-09-07T21:58:18.7513258Z" duration="0.000459" asserts="2" />
      </test-suite>
      <test-suite type="TestFixture" id="1-1012" name="SpecBitsShiftByB64Le" fullname="Kaitai.SpecBitsShiftByB64Le" classname="Kaitai.SpecBitsShiftByB64Le" runstate="Runnable" testcasecount="1" result="Passed" start-time="2024-09-07T21:58:18.7513258Z" end-time="2024-09-07T21:58:18.7513258Z" duration="0.000512" total="1" passed="1" failed="0" warnings="0" inconclusive="0" skipped="0" asserts="2">
        <test-case id="1-1013" name="TestBitsShiftByB64Le" fullname="Kaitai.SpecBitsShiftByB64Le.TestBitsShiftByB64Le" methodname="TestBitsShiftByB64Le" classname="Kaitai.SpecBitsShiftByB64Le" runstate="Runnable" seed="1863255002" result="Passed" start-time="2024-09-07T21:58:18.7513258Z" end-time="2024-09-07T21:58:18.7513258Z" duration="0.000424" asserts="2" />
      </test-suite>
      <test-suite type="TestFixture" id="1-1014" name="SpecBitsSignedResB32Be" fullname="Kaitai.SpecBitsSignedResB32Be" classname="Kaitai.SpecBitsSignedResB32Be" runstate="Runnable" testcasecount="1" result="Passed" start-time="2024-09-07T21:58:18.7513258Z" end-time="2024-09-07T21:58:18.7513258Z" duration="0.000457" total="1" passed="1" failed="0" warnings="0" inconclusive="0" skipped="0" asserts="1">
        <test-case id="1-1015" name="TestBitsSignedResB32Be" fullname="Kaitai.SpecBitsSignedResB32Be.TestBitsSignedResB32Be" methodname="TestBitsSignedResB32Be" classname="Kaitai.SpecBitsSignedResB32Be" runstate="Runnable" seed="901266488" result="Passed" start-time="2024-09-07T21:58:18.7513258Z" end-time="2024-09-07T21:58:18.7513258Z" duration="0.000366" asserts="1" />
      </test-suite>
      <test-suite type="TestFixture" id="1-1016" name="SpecBitsSignedResB32Le" fullname="Kaitai.SpecBitsSignedResB32Le" classname="Kaitai.SpecBitsSignedResB32Le" runstate="Runnable" testcasecount="1" result="Passed" start-time="2024-09-07T21:58:18.7513258Z" end-time="2024-09-07T21:58:18.7513258Z" duration="0.000430" total="1" passed="1" failed="0" warnings="0" inconclusive="0" skipped="0" asserts="1">
        <test-case id="1-1017" name="TestBitsSignedResB32Le" fullname="Kaitai.SpecBitsSignedResB32Le.TestBitsSignedResB32Le" methodname="TestBitsSignedResB32Le" classname="Kaitai.SpecBitsSignedResB32Le" runstate="Runnable" seed="1548924566" result="Passed" start-time="2024-09-07T21:58:18.7513258Z" end-time="2024-09-07T21:58:18.7513258Z" duration="0.000343" asserts="1" />
      </test-suite>
      <test-suite type="TestFixture" id="1-1018" name="SpecBitsSignedShiftB32Le" fullname="Kaitai.SpecBitsSignedShiftB32Le" classname="Kaitai.SpecBitsSignedShiftB32Le" runstate="Runnable" testcasecount="1" result="Passed" start-time="2024-09-07T21:58:18.7513258Z" end-time="2024-09-07T21:58:18.7513258Z" duration="0.000505" total="1" passed="1" failed="0" warnings="0" inconclusive="0" skipped="0" asserts="2">
        <test-case id="1-1019" name="TestBitsSignedShiftB32Le" fullname="Kaitai.SpecBitsSignedShiftB32Le.TestBitsSignedShiftB32Le" methodname="TestBitsSignedShiftB32Le" classname="Kaitai.SpecBitsSignedShiftB32Le" runstate="Runnable" seed="682894609" result="Passed" start-time="2024-09-07T21:58:18.7513258Z" end-time="2024-09-07T21:58:18.7513258Z" duration="0.000420" asserts="2" />
      </test-suite>
      <test-suite type="TestFixture" id="1-1020" name="SpecBitsSignedShiftB64Le" fullname="Kaitai.SpecBitsSignedShiftB64Le" classname="Kaitai.SpecBitsSignedShiftB64Le" runstate="Runnable" testcasecount="1" result="Passed" start-time="2024-09-07T21:58:18.7513258Z" end-time="2024-09-07T21:58:18.7513258Z" duration="0.000492" total="1" passed="1" failed="0" warnings="0" inconclusive="0" skipped="0" asserts="2">
        <test-case id="1-1021" name="TestBitsSignedShiftB64Le" fullname="Kaitai.SpecBitsSignedShiftB64Le.TestBitsSignedShiftB64Le" methodname="TestBitsSignedShiftB64Le" classname="Kaitai.SpecBitsSignedShiftB64Le" runstate="Runnable" seed="1046292667" result="Passed" start-time="2024-09-07T21:58:18.7513258Z" end-time="2024-09-07T21:58:18.7513258Z" duration="0.000407" asserts="2" />
      </test-suite>
      <test-suite type="TestFixture" id="1-1022" name="SpecBitsSimple" fullname="Kaitai.SpecBitsSimple" classname="Kaitai.SpecBitsSimple" runstate="Runnable" testcasecount="1" result="Passed" start-time="2024-09-07T21:58:18.7513258Z" end-time="2024-09-07T21:58:18.7513258Z" duration="0.001662" total="1" passed="1" failed="0" warnings="0" inconclusive="0" skipped="0" asserts="14">
        <test-case id="1-1023" name="TestBitsSimple" fullname="Kaitai.SpecBitsSimple.TestBitsSimple" methodname="TestBitsSimple" classname="Kaitai.SpecBitsSimple" runstate="Runnable" seed="867217826" result="Passed" start-time="2024-09-07T21:58:18.7513258Z" end-time="2024-09-07T21:58:18.7513258Z" duration="0.001574" asserts="14" />
      </test-suite>
      <test-suite type="TestFixture" id="1-1024" name="SpecBitsSimpleLe" fullname="Kaitai.SpecBitsSimpleLe" classname="Kaitai.SpecBitsSimpleLe" runstate="Runnable" testcasecount="1" result="Passed" start-time="2024-09-07T21:58:18.7513258Z" end-time="2024-09-07T21:58:18.7513258Z" duration="0.001421" total="1" passed="1" failed="0" warnings="0" inconclusive="0" skipped="0" asserts="14">
        <test-case id="1-1025" name="TestBitsSimpleLe" fullname="Kaitai.SpecBitsSimpleLe.TestBitsSimpleLe" methodname="TestBitsSimpleLe" classname="Kaitai.SpecBitsSimpleLe" runstate="Runnable" seed="1069550714" result="Passed" start-time="2024-09-07T21:58:18.7513258Z" end-time="2024-09-07T21:58:18.7513258Z" duration="0.001326" asserts="14" />
      </test-suite>
      <test-suite type="TestFixture" id="1-1026" name="SpecBitsUnalignedB32Be" fullname="Kaitai.SpecBitsUnalignedB32Be" classname="Kaitai.SpecBitsUnalignedB32Be" runstate="Runnable" testcasecount="1" result="Passed" start-time="2024-09-07T21:58:18.7513258Z" end-time="2024-09-07T21:58:18.7513258Z" duration="0.000645" total="1" passed="1" failed="0" warnings="0" inconclusive="0" skipped="0" asserts="3">
        <test-case id="1-1027" name="TestBitsUnalignedB32Be" fullname="Kaitai.SpecBitsUnalignedB32Be.TestBitsUnalignedB32Be" methodname="TestBitsUnalignedB32Be" classname="Kaitai.SpecBitsUnalignedB32Be" runstate="Runnable" seed="1378260762" result="Passed" start-time="2024-09-07T21:58:18.7513258Z" end-time="2024-09-07T21:58:18.7513258Z" duration="0.000553" asserts="3" />
      </test-suite>
      <test-suite type="TestFixture" id="1-1028" name="SpecBitsUnalignedB32Le" fullname="Kaitai.SpecBitsUnalignedB32Le" classname="Kaitai.SpecBitsUnalignedB32Le" runstate="Runnable" testcasecount="1" result="Passed" start-time="2024-09-07T21:58:18.7513258Z" end-time="2024-09-07T21:58:18.7513258Z" duration="0.000610" total="1" passed="1" failed="0" warnings="0" inconclusive="0" skipped="0" asserts="3">
        <test-case id="1-1029" name="TestBitsUnalignedB32Le" fullname="Kaitai.SpecBitsUnalignedB32Le.TestBitsUnalignedB32Le" methodname="TestBitsUnalignedB32Le" classname="Kaitai.SpecBitsUnalignedB32Le" runstate="Runnable" seed="199988223" result="Passed" start-time="2024-09-07T21:58:18.7513258Z" end-time="2024-09-07T21:58:18.7513258Z" duration="0.000522" asserts="3" />
      </test-suite>
      <test-suite type="TestFixture" id="1-1030" name="SpecBitsUnalignedB64Be" fullname="Kaitai.SpecBitsUnalignedB64Be" classname="Kaitai.SpecBitsUnalignedB64Be" runstate="Runnable" testcasecount="1" result="Passed" start-time="2024-09-07T21:58:18.7513258Z" end-time="2024-09-07T21:58:18.7513258Z" duration="0.000625" total="1" passed="1" failed="0" warnings="0" inconclusive="0" skipped="0" asserts="3">
        <test-case id="1-1031" name="TestBitsUnalignedB64Be" fullname="Kaitai.SpecBitsUnalignedB64Be.TestBitsUnalignedB64Be" methodname="TestBitsUnalignedB64Be" classname="Kaitai.SpecBitsUnalignedB64Be" runstate="Runnable" seed="448908333" result="Passed" start-time="2024-09-07T21:58:18.7513258Z" end-time="2024-09-07T21:58:18.7513258Z" duration="0.000538" asserts="3" />
      </test-suite>
      <test-suite type="TestFixture" id="1-1032" name="SpecBitsUnalignedB64Le" fullname="Kaitai.SpecBitsUnalignedB64Le" classname="Kaitai.SpecBitsUnalignedB64Le" runstate="Runnable" testcasecount="1" result="Passed" start-time="2024-09-07T21:58:18.7513258Z" end-time="2024-09-07T21:58:18.7513258Z" duration="0.000600" total="1" passed="1" failed="0" warnings="0" inconclusive="0" skipped="0" asserts="3">
        <test-case id="1-1033" name="TestBitsUnalignedB64Le" fullname="Kaitai.SpecBitsUnalignedB64Le.TestBitsUnalignedB64Le" methodname="TestBitsUnalignedB64Le" classname="Kaitai.SpecBitsUnalignedB64Le" runstate="Runnable" seed="1648204335" result="Passed" start-time="2024-09-07T21:58:18.7513258Z" end-time="2024-09-07T21:58:18.7513258Z" duration="0.000513" asserts="3" />
      </test-suite>
      <test-suite type="TestFixture" id="1-1034" name="SpecBufferedStruct" fullname="Kaitai.SpecBufferedStruct" classname="Kaitai.SpecBufferedStruct" runstate="Runnable" testcasecount="1" result="Passed" start-time="2024-09-07T21:58:18.7513258Z" end-time="2024-09-07T21:58:18.7513258Z" duration="0.001567" total="1" passed="1" failed="0" warnings="0" inconclusive="0" skipped="0" asserts="7">
        <test-case id="1-1035" name="TestBufferedStruct" fullname="Kaitai.SpecBufferedStruct.TestBufferedStruct" methodname="TestBufferedStruct" classname="Kaitai.SpecBufferedStruct" runstate="Runnable" seed="733980441" result="Passed" start-time="2024-09-07T21:58:18.7513258Z" end-time="2024-09-07T21:58:18.7513258Z" duration="0.001479" asserts="7" />
      </test-suite>
      <test-suite type="TestFixture" id="1-1036" name="SpecBytesPadTerm" fullname="Kaitai.SpecBytesPadTerm" classname="Kaitai.SpecBytesPadTerm" runstate="Runnable" testcasecount="1" result="Passed" start-time="2024-09-07T21:58:18.7513258Z" end-time="2024-09-07T21:58:18.7513258Z" duration="0.001064" total="1" passed="1" failed="0" warnings="0" inconclusive="0" skipped="0" asserts="4">
        <test-case id="1-1037" name="TestBytesPadTerm" fullname="Kaitai.SpecBytesPadTerm.TestBytesPadTerm" methodname="TestBytesPadTerm" classname="Kaitai.SpecBytesPadTerm" runstate="Runnable" seed="2127579000" result="Passed" start-time="2024-09-07T21:58:18.7513258Z" end-time="2024-09-07T21:58:18.7513258Z" duration="0.000967" asserts="4" />
      </test-suite>
      <test-suite type="TestFixture" id="1-1038" name="SpecCastNested" fullname="Kaitai.SpecCastNested" classname="Kaitai.SpecCastNested" runstate="Runnable" testcasecount="1" result="Passed" start-time="2024-09-07T21:58:18.7513258Z" end-time="2024-09-07T21:58:18.7669594Z" duration="0.002946" total="1" passed="1" failed="0" warnings="0" inconclusive="0" skipped="0" asserts="4">
        <test-case id="1-1039" name="TestCastNested" fullname="Kaitai.SpecCastNested.TestCastNested" methodname="TestCastNested" classname="Kaitai.SpecCastNested" runstate="Runnable" seed="1410067216" result="Passed" start-time="2024-09-07T21:58:18.7513258Z" end-time="2024-09-07T21:58:18.7669594Z" duration="0.002855" asserts="4" />
      </test-suite>
      <test-suite type="TestFixture" id="1-1040" name="SpecCastToTop" fullname="Kaitai.SpecCastToTop" classname="Kaitai.SpecCastToTop" runstate="Runnable" testcasecount="1" result="Passed" start-time="2024-09-07T21:58:18.7669594Z" end-time="2024-09-07T21:58:18.7669594Z" duration="0.000845" total="1" passed="1" failed="0" warnings="0" inconclusive="0" skipped="0" asserts="3">
        <test-case id="1-1041" name="TestCastToTop" fullname="Kaitai.SpecCastToTop.TestCastToTop" methodname="TestCastToTop" classname="Kaitai.SpecCastToTop" runstate="Runnable" seed="1524999182" result="Passed" start-time="2024-09-07T21:58:18.7669594Z" end-time="2024-09-07T21:58:18.7669594Z" duration="0.000752" asserts="3" />
      </test-suite>
      <test-suite type="TestFixture" id="1-1042" name="SpecCombineBool" fullname="Kaitai.SpecCombineBool" classname="Kaitai.SpecCombineBool" runstate="Runnable" testcasecount="1" result="Passed" start-time="2024-09-07T21:58:18.7669594Z" end-time="2024-09-07T21:58:18.7669594Z" duration="0.000631" total="1" passed="1" failed="0" warnings="0" inconclusive="0" skipped="0" asserts="2">
        <test-case id="1-1043" name="TestCombineBool" fullname="Kaitai.SpecCombineBool.TestCombineBool" methodname="TestCombineBool" classname="Kaitai.SpecCombineBool" runstate="Runnable" seed="296170654" result="Passed" start-time="2024-09-07T21:58:18.7669594Z" end-time="2024-09-07T21:58:18.7669594Z" duration="0.000543" asserts="2" />
      </test-suite>
      <test-suite type="TestFixture" id="1-1044" name="SpecCombineBytes" fullname="Kaitai.SpecCombineBytes" classname="Kaitai.SpecCombineBytes" runstate="Runnable" testcasecount="1" result="Passed" start-time="2024-09-07T21:58:18.7669594Z" end-time="2024-09-07T21:58:18.7669594Z" duration="0.001415" total="1" passed="1" failed="0" warnings="0" inconclusive="0" skipped="0" asserts="10">
        <test-case id="1-1045" name="TestCombineBytes" fullname="Kaitai.SpecCombineBytes.TestCombineBytes" methodname="TestCombineBytes" classname="Kaitai.SpecCombineBytes" runstate="Runnable" seed="1948534155" result="Passed" start-time="2024-09-07T21:58:18.7669594Z" end-time="2024-09-07T21:58:18.7669594Z" duration="0.001327" asserts="10" />
      </test-suite>
      <test-suite type="TestFixture" id="1-1046" name="SpecCombineEnum" fullname="Kaitai.SpecCombineEnum" classname="Kaitai.SpecCombineEnum" runstate="Runnable" testcasecount="1" result="Passed" start-time="2024-09-07T21:58:18.7669594Z" end-time="2024-09-07T21:58:18.7669594Z" duration="0.000710" total="1" passed="1" failed="0" warnings="0" inconclusive="0" skipped="0" asserts="3">
        <test-case id="1-1047" name="TestCombineEnum" fullname="Kaitai.SpecCombineEnum.TestCombineEnum" methodname="TestCombineEnum" classname="Kaitai.SpecCombineEnum" runstate="Runnable" seed="684446554" result="Passed" start-time="2024-09-07T21:58:18.7669594Z" end-time="2024-09-07T21:58:18.7669594Z" duration="0.000614" asserts="3" />
      </test-suite>
      <test-suite type="TestFixture" id="1-1048" name="SpecCombineStr" fullname="Kaitai.SpecCombineStr" classname="Kaitai.SpecCombineStr" runstate="Runnable" testcasecount="1" result="Passed" start-time="2024-09-07T21:58:18.7669594Z" end-time="2024-09-07T21:58:18.7669594Z" duration="0.001549" total="1" passed="1" failed="0" warnings="0" inconclusive="0" skipped="0" asserts="15">
        <test-case id="1-1049" name="TestCombineStr" fullname="Kaitai.SpecCombineStr.TestCombineStr" methodname="TestCombineStr" classname="Kaitai.SpecCombineStr" runstate="Runnable" seed="824950364" result="Passed" start-time="2024-09-07T21:58:18.7669594Z" end-time="2024-09-07T21:58:18.7669594Z" duration="0.001461" asserts="15" />
      </test-suite>
      <test-suite type="TestFixture" id="1-1050" name="SpecDebug0" fullname="Kaitai.SpecDebug0" classname="Kaitai.SpecDebug0" runstate="Runnable" testcasecount="1" result="Passed" start-time="2024-09-07T21:58:18.7669594Z" end-time="2024-09-07T21:58:18.7669594Z" duration="0.000134" total="1" passed="1" failed="0" warnings="0" inconclusive="0" skipped="0" asserts="0">
        <test-case id="1-1051" name="TestDebug0" fullname="Kaitai.SpecDebug0.TestDebug0" methodname="TestDebug0" classname="Kaitai.SpecDebug0" runstate="Runnable" seed="1809690218" result="Passed" start-time="2024-09-07T21:58:18.7669594Z" end-time="2024-09-07T21:58:18.7669594Z" duration="0.000041" asserts="0" />
      </test-suite>
      <test-suite type="TestFixture" id="1-1052" name="SpecDebugArrayUser" fullname="Kaitai.SpecDebugArrayUser" classname="Kaitai.SpecDebugArrayUser" runstate="Runnable" testcasecount="1" result="Passed" start-time="2024-09-07T21:58:18.7669594Z" end-time="2024-09-07T21:58:18.7669594Z" duration="0.000952" total="1" passed="1" failed="0" warnings="0" inconclusive="0" skipped="0" asserts="4">
        <test-case id="1-1053" name="TestDebugArrayUser" fullname="Kaitai.SpecDebugArrayUser.TestDebugArrayUser" methodname="TestDebugArrayUser" classname="Kaitai.SpecDebugArrayUser" runstate="Runnable" seed="1101551969" result="Passed" start-time="2024-09-07T21:58:18.7669594Z" end-time="2024-09-07T21:58:18.7669594Z" duration="0.000872" asserts="4" />
      </test-suite>
      <test-suite type="TestFixture" id="1-1054" name="SpecDebugEnumName" fullname="Kaitai.SpecDebugEnumName" classname="Kaitai.SpecDebugEnumName" runstate="Runnable" testcasecount="1" result="Passed" start-time="2024-09-07T21:58:18.7669594Z" end-time="2024-09-07T21:58:18.7669594Z" duration="0.000124" total="1" passed="1" failed="0" warnings="0" inconclusive="0" skipped="0" asserts="0">
        <test-case id="1-1055" name="TestDebugEnumName" fullname="Kaitai.SpecDebugEnumName.TestDebugEnumName" methodname="TestDebugEnumName" classname="Kaitai.SpecDebugEnumName" runstate="Runnable" seed="290034623" result="Passed" start-time="2024-09-07T21:58:18.7669594Z" end-time="2024-09-07T21:58:18.7669594Z" duration="0.000040" asserts="0" />
      </test-suite>
      <test-suite type="TestFixture" id="1-1056" name="SpecDebugSwitchUser" fullname="Kaitai.SpecDebugSwitchUser" classname="Kaitai.SpecDebugSwitchUser" runstate="Runnable" testcasecount="1" result="Passed" start-time="2024-09-07T21:58:18.7669594Z" end-time="2024-09-07T21:58:18.7669594Z" duration="0.000825" total="1" passed="1" failed="0" warnings="0" inconclusive="0" skipped="0" asserts="2">
        <test-case id="1-1057" name="TestDebugSwitchUser" fullname="Kaitai.SpecDebugSwitchUser.TestDebugSwitchUser" methodname="TestDebugSwitchUser" classname="Kaitai.SpecDebugSwitchUser" runstate="Runnable" seed="1055423248" result="Passed" start-time="2024-09-07T21:58:18.7669594Z" end-time="2024-09-07T21:58:18.7669594Z" duration="0.000745" asserts="2" />
      </test-suite>
      <test-suite type="TestFixture" id="1-1058" name="SpecDefaultBigEndian" fullname="Kaitai.SpecDefaultBigEndian" classname="Kaitai.SpecDefaultBigEndian" runstate="Runnable" testcasecount="1" result="Passed" start-time="2024-09-07T21:58:18.7669594Z" end-time="2024-09-07T21:58:18.7669594Z" duration="0.000487" total="1" passed="1" failed="0" warnings="0" inconclusive="0" skipped="0" asserts="1">
        <test-case id="1-1059" name="TestDefaultBigEndian" fullname="Kaitai.SpecDefaultBigEndian.TestDefaultBigEndian" methodname="TestDefaultBigEndian" classname="Kaitai.SpecDefaultBigEndian" runstate="Runnable" seed="1527574927" result="Passed" start-time="2024-09-07T21:58:18.7669594Z" end-time="2024-09-07T21:58:18.7669594Z" duration="0.000399" asserts="1" />
      </test-suite>
      <test-suite type="TestFixture" id="1-1060" name="SpecDefaultBitEndianMod" fullname="Kaitai.SpecDefaultBitEndianMod" classname="Kaitai.SpecDefaultBitEndianMod" runstate="Runnable" testcasecount="1" result="Passed" start-time="2024-09-07T21:58:18.7669594Z" end-time="2024-09-07T21:58:18.7669594Z" duration="0.001043" total="1" passed="1" failed="0" warnings="0" inconclusive="0" skipped="0" asserts="4">
        <test-case id="1-1061" name="TestDefaultBitEndianMod" fullname="Kaitai.SpecDefaultBitEndianMod.TestDefaultBitEndianMod" methodname="TestDefaultBitEndianMod" classname="Kaitai.SpecDefaultBitEndianMod" runstate="Runnable" seed="944350753" result="Passed" start-time="2024-09-07T21:58:18.7669594Z" end-time="2024-09-07T21:58:18.7669594Z" duration="0.000957" asserts="4" />
      </test-suite>
      <test-suite type="TestFixture" id="1-1062" name="SpecDefaultEndianExprException" fullname="Kaitai.SpecDefaultEndianExprException" classname="Kaitai.SpecDefaultEndianExprException" runstate="Runnable" testcasecount="1" result="Passed" start-time="2024-09-07T21:58:18.7669594Z" end-time="2024-09-07T21:58:18.7825819Z" duration="0.011519" total="1" passed="1" failed="0" warnings="0" inconclusive="0" skipped="0" asserts="1">
        <test-case id="1-1063" name="TestDefaultEndianExprException" fullname="Kaitai.SpecDefaultEndianExprException.TestDefaultEndianExprException" methodname="TestDefaultEndianExprException" classname="Kaitai.SpecDefaultEndianExprException" runstate="Runnable" seed="1546437646" result="Passed" start-time="2024-09-07T21:58:18.7669594Z" end-time="2024-09-07T21:58:18.7825819Z" duration="0.011429" asserts="1" />
      </test-suite>
      <test-suite type="TestFixture" id="1-1064" name="SpecDefaultEndianExprInherited" fullname="Kaitai.SpecDefaultEndianExprInherited" classname="Kaitai.SpecDefaultEndianExprInherited" runstate="Runnable" testcasecount="1" result="Passed" start-time="2024-09-07T21:58:18.7825819Z" end-time="2024-09-07T21:58:18.7825819Z" duration="0.002953" total="1" passed="1" failed="0" warnings="0" inconclusive="0" skipped="0" asserts="15">
        <test-case id="1-1065" name="TestDefaultEndianExprInherited" fullname="Kaitai.SpecDefaultEndianExprInherited.TestDefaultEndianExprInherited" methodname="TestDefaultEndianExprInherited" classname="Kaitai.SpecDefaultEndianExprInherited" runstate="Runnable" seed="2094026945" result="Passed" start-time="2024-09-07T21:58:18.7825819Z" end-time="2024-09-07T21:58:18.7825819Z" duration="0.002860" asserts="15" />
      </test-suite>
      <test-suite type="TestFixture" id="1-1066" name="SpecDefaultEndianExprIsBe" fullname="Kaitai.SpecDefaultEndianExprIsBe" classname="Kaitai.SpecDefaultEndianExprIsBe" runstate="Runnable" testcasecount="1" result="Passed" start-time="2024-09-07T21:58:18.7825819Z" end-time="2024-09-07T21:58:18.7825819Z" duration="0.002889" total="1" passed="1" failed="0" warnings="0" inconclusive="0" skipped="0" asserts="18">
        <test-case id="1-1067" name="TestDefaultEndianExprIsBe" fullname="Kaitai.SpecDefaultEndianExprIsBe.TestDefaultEndianExprIsBe" methodname="TestDefaultEndianExprIsBe" classname="Kaitai.SpecDefaultEndianExprIsBe" runstate="Runnable" seed="239670379" result="Passed" start-time="2024-09-07T21:58:18.7825819Z" end-time="2024-09-07T21:58:18.7825819Z" duration="0.002793" asserts="18" />
      </test-suite>
      <test-suite type="TestFixture" id="1-1068" name="SpecDefaultEndianExprIsLe" fullname="Kaitai.SpecDefaultEndianExprIsLe" classname="Kaitai.SpecDefaultEndianExprIsLe" runstate="Runnable" testcasecount="1" result="Passed" start-time="2024-09-07T21:58:18.7825819Z" end-time="2024-09-07T21:58:18.7825819Z" duration="0.001850" total="1" passed="1" failed="0" warnings="0" inconclusive="0" skipped="0" asserts="12">
        <test-case id="1-1069" name="TestDefaultEndianExprIsLe" fullname="Kaitai.SpecDefaultEndianExprIsLe.TestDefaultEndianExprIsLe" methodname="TestDefaultEndianExprIsLe" classname="Kaitai.SpecDefaultEndianExprIsLe" runstate="Runnable" seed="576158019" result="Passed" start-time="2024-09-07T21:58:18.7825819Z" end-time="2024-09-07T21:58:18.7825819Z" duration="0.001757" asserts="12" />
      </test-suite>
      <test-suite type="TestFixture" id="1-1070" name="SpecDefaultEndianMod" fullname="Kaitai.SpecDefaultEndianMod" classname="Kaitai.SpecDefaultEndianMod" runstate="Runnable" testcasecount="1" result="Passed" start-time="2024-09-07T21:58:18.7825819Z" end-time="2024-09-07T21:58:18.7825819Z" duration="0.001045" total="1" passed="1" failed="0" warnings="0" inconclusive="0" skipped="0" asserts="3">
        <test-case id="1-1071" name="TestDefaultEndianMod" fullname="Kaitai.SpecDefaultEndianMod.TestDefaultEndianMod" methodname="TestDefaultEndianMod" classname="Kaitai.SpecDefaultEndianMod" runstate="Runnable" seed="2042284831" result="Passed" start-time="2024-09-07T21:58:18.7825819Z" end-time="2024-09-07T21:58:18.7825819Z" duration="0.000955" asserts="3" />
      </test-suite>
      <test-suite type="TestFixture" id="1-1072" name="SpecDocstrings" fullname="Kaitai.SpecDocstrings" classname="Kaitai.SpecDocstrings" runstate="Runnable" testcasecount="1" result="Passed" start-time="2024-09-07T21:58:18.7825819Z" end-time="2024-09-07T21:58:18.7982099Z" duration="0.001102" total="1" passed="1" failed="0" warnings="0" inconclusive="0" skipped="0" asserts="0">
        <test-case id="1-1073" name="TestDocstrings" fullname="Kaitai.SpecDocstrings.TestDocstrings" methodname="TestDocstrings" classname="Kaitai.SpecDocstrings" runstate="Runnable" seed="1695560566" result="Passed" start-time="2024-09-07T21:58:18.7825819Z" end-time="2024-09-07T21:58:18.7982099Z" duration="0.001007" asserts="0" />
      </test-suite>
      <test-suite type="TestFixture" id="1-1074" name="SpecDocstringsDocref" fullname="Kaitai.SpecDocstringsDocref" classname="Kaitai.SpecDocstringsDocref" runstate="Runnable" testcasecount="1" result="Passed" start-time="2024-09-07T21:58:18.7982099Z" end-time="2024-09-07T21:58:18.7982099Z" duration="0.000424" total="1" passed="1" failed="0" warnings="0" inconclusive="0" skipped="0" asserts="0">
        <test-case id="1-1075" name="TestDocstringsDocref" fullname="Kaitai.SpecDocstringsDocref.TestDocstringsDocref" methodname="TestDocstringsDocref" classname="Kaitai.SpecDocstringsDocref" runstate="Runnable" seed="1598570002" result="Passed" start-time="2024-09-07T21:58:18.7982099Z" end-time="2024-09-07T21:58:18.7982099Z" duration="0.000316" asserts="0" />
      </test-suite>
      <test-suite type="TestFixture" id="1-1076" name="SpecDocstringsDocrefMulti" fullname="Kaitai.SpecDocstringsDocrefMulti" classname="Kaitai.SpecDocstringsDocrefMulti" runstate="Runnable" testcasecount="1" result="Passed" start-time="2024-09-07T21:58:18.7982099Z" end-time="2024-09-07T21:58:18.7982099Z" duration="0.000345" total="1" passed="1" failed="0" warnings="0" inconclusive="0" skipped="0" asserts="0">
        <test-case id="1-1077" name="TestDocstringsDocrefMulti" fullname="Kaitai.SpecDocstringsDocrefMulti.TestDocstringsDocrefMulti" methodname="TestDocstringsDocrefMulti" classname="Kaitai.SpecDocstringsDocrefMulti" runstate="Runnable" seed="1718693647" result="Passed" start-time="2024-09-07T21:58:18.7982099Z" end-time="2024-09-07T21:58:18.7982099Z" duration="0.000256" asserts="0" />
      </test-suite>
      <test-suite type="TestFixture" id="1-1078" name="SpecEnum0" fullname="Kaitai.SpecEnum0" classname="Kaitai.SpecEnum0" runstate="Runnable" testcasecount="1" result="Passed" start-time="2024-09-07T21:58:18.7982099Z" end-time="2024-09-07T21:58:18.7982099Z" duration="0.000532" total="1" passed="1" failed="0" warnings="0" inconclusive="0" skipped="0" asserts="2">
        <test-case id="1-1079" name="TestEnum0" fullname="Kaitai.SpecEnum0.TestEnum0" methodname="TestEnum0" classname="Kaitai.SpecEnum0" runstate="Runnable" seed="1192477855" result="Passed" start-time="2024-09-07T21:58:18.7982099Z" end-time="2024-09-07T21:58:18.7982099Z" duration="0.000446" asserts="2" />
      </test-suite>
      <test-suite type="TestFixture" id="1-1080" name="SpecEnum1" fullname="Kaitai.SpecEnum1" classname="Kaitai.SpecEnum1" runstate="Runnable" testcasecount="1" result="Passed" start-time="2024-09-07T21:58:18.7982099Z" end-time="2024-09-07T21:58:18.7982099Z" duration="0.000796" total="1" passed="1" failed="0" warnings="0" inconclusive="0" skipped="0" asserts="2">
        <test-case id="1-1081" name="TestEnum1" fullname="Kaitai.SpecEnum1.TestEnum1" methodname="TestEnum1" classname="Kaitai.SpecEnum1" runstate="Runnable" seed="13522914" result="Passed" start-time="2024-09-07T21:58:18.7982099Z" end-time="2024-09-07T21:58:18.7982099Z" duration="0.000709" asserts="2" />
      </test-suite>
      <test-suite type="TestFixture" id="1-1082" name="SpecEnumDeep" fullname="Kaitai.SpecEnumDeep" classname="Kaitai.SpecEnumDeep" runstate="Runnable" testcasecount="1" result="Passed" start-time="2024-09-07T21:58:18.7982099Z" end-time="2024-09-07T21:58:18.7982099Z" duration="0.000522" total="1" passed="1" failed="0" warnings="0" inconclusive="0" skipped="0" asserts="2">
        <test-case id="1-1083" name="TestEnumDeep" fullname="Kaitai.SpecEnumDeep.TestEnumDeep" methodname="TestEnumDeep" classname="Kaitai.SpecEnumDeep" runstate="Runnable" seed="1015114235" result="Passed" start-time="2024-09-07T21:58:18.7982099Z" end-time="2024-09-07T21:58:18.7982099Z" duration="0.000434" asserts="2" />
      </test-suite>
      <test-suite type="TestFixture" id="1-1084" name="SpecEnumDeepLiterals" fullname="Kaitai.SpecEnumDeepLiterals" classname="Kaitai.SpecEnumDeepLiterals" runstate="Runnable" testcasecount="1" result="Passed" start-time="2024-09-07T21:58:18.7982099Z" end-time="2024-09-07T21:58:18.7982099Z" duration="0.000650" total="1" passed="1" failed="0" warnings="0" inconclusive="0" skipped="0" asserts="2">
        <test-case id="1-1085" name="TestEnumDeepLiterals" fullname="Kaitai.SpecEnumDeepLiterals.TestEnumDeepLiterals" methodname="TestEnumDeepLiterals" classname="Kaitai.SpecEnumDeepLiterals" runstate="Runnable" seed="1945824880" result="Passed" start-time="2024-09-07T21:58:18.7982099Z" end-time="2024-09-07T21:58:18.7982099Z" duration="0.000563" asserts="2" />
      </test-suite>
      <test-suite type="TestFixture" id="1-1086" name="SpecEnumFancy" fullname="Kaitai.SpecEnumFancy" classname="Kaitai.SpecEnumFancy" runstate="Runnable" testcasecount="1" result="Passed" start-time="2024-09-07T21:58:18.7982099Z" end-time="2024-09-07T21:58:18.7982099Z" duration="0.000534" total="1" passed="1" failed="0" warnings="0" inconclusive="0" skipped="0" asserts="2">
        <test-case id="1-1087" name="TestEnumFancy" fullname="Kaitai.SpecEnumFancy.TestEnumFancy" methodname="TestEnumFancy" classname="Kaitai.SpecEnumFancy" runstate="Runnable" seed="347404694" result="Passed" start-time="2024-09-07T21:58:18.7982099Z" end-time="2024-09-07T21:58:18.7982099Z" duration="0.000446" asserts="2" />
      </test-suite>
      <test-suite type="TestFixture" id="1-1088" name="SpecEnumIf" fullname="Kaitai.SpecEnumIf" classname="Kaitai.SpecEnumIf" runstate="Runnable" testcasecount="1" result="Passed" start-time="2024-09-07T21:58:18.7982099Z" end-time="2024-09-07T21:58:18.7982099Z" duration="0.001370" total="1" passed="1" failed="0" warnings="0" inconclusive="0" skipped="0" asserts="7">
        <test-case id="1-1089" name="TestEnumIf" fullname="Kaitai.SpecEnumIf.TestEnumIf" methodname="TestEnumIf" classname="Kaitai.SpecEnumIf" runstate="Runnable" seed="1619889831" result="Passed" start-time="2024-09-07T21:58:18.7982099Z" end-time="2024-09-07T21:58:18.7982099Z" duration="0.001283" asserts="7" />
      </test-suite>
      <test-suite type="TestFixture" id="1-1090" name="SpecEnumImportLiterals" fullname="Kaitai.SpecEnumImportLiterals" classname="Kaitai.SpecEnumImportLiterals" runstate="Runnable" testcasecount="1" result="Passed" start-time="2024-09-07T21:58:18.7982099Z" end-time="2024-09-07T21:58:18.7982099Z" duration="0.000635" total="1" passed="1" failed="0" warnings="0" inconclusive="0" skipped="0" asserts="3">
        <test-case id="1-1091" name="TestEnumImportLiterals" fullname="Kaitai.SpecEnumImportLiterals.TestEnumImportLiterals" methodname="TestEnumImportLiterals" classname="Kaitai.SpecEnumImportLiterals" runstate="Runnable" seed="2019374521" result="Passed" start-time="2024-09-07T21:58:18.7982099Z" end-time="2024-09-07T21:58:18.7982099Z" duration="0.000546" asserts="3" />
      </test-suite>
      <test-suite type="TestFixture" id="1-1092" name="SpecEnumImportSeq" fullname="Kaitai.SpecEnumImportSeq" classname="Kaitai.SpecEnumImportSeq" runstate="Runnable" testcasecount="1" result="Passed" start-time="2024-09-07T21:58:18.7982099Z" end-time="2024-09-07T21:58:18.7982099Z" duration="0.000501" total="1" passed="1" failed="0" warnings="0" inconclusive="0" skipped="0" asserts="2">
        <test-case id="1-1093" name="TestEnumImportSeq" fullname="Kaitai.SpecEnumImportSeq.TestEnumImportSeq" methodname="TestEnumImportSeq" classname="Kaitai.SpecEnumImportSeq" runstate="Runnable" seed="2090621823" result="Passed" start-time="2024-09-07T21:58:18.7982099Z" end-time="2024-09-07T21:58:18.7982099Z" duration="0.000414" asserts="2" />
      </test-suite>
      <test-suite type="TestFixture" id="1-1094" name="SpecEnumIntRangeS" fullname="Kaitai.SpecEnumIntRangeS" classname="Kaitai.SpecEnumIntRangeS" runstate="Runnable" testcasecount="1" result="Passed" start-time="2024-09-07T21:58:18.7982099Z" end-time="2024-09-07T21:58:18.7982099Z" duration="0.000619" total="1" passed="1" failed="0" warnings="0" inconclusive="0" skipped="0" asserts="3">
        <test-case id="1-1095" name="TestEnumIntRangeS" fullname="Kaitai.SpecEnumIntRangeS.TestEnumIntRangeS" methodname="TestEnumIntRangeS" classname="Kaitai.SpecEnumIntRangeS" runstate="Runnable" seed="254788506" result="Passed" start-time="2024-09-07T21:58:18.7982099Z" end-time="2024-09-07T21:58:18.7982099Z" duration="0.000533" asserts="3" />
      </test-suite>
      <test-suite type="TestFixture" id="1-1096" name="SpecEnumInvalid" fullname="Kaitai.SpecEnumInvalid" classname="Kaitai.SpecEnumInvalid" runstate="Runnable" testcasecount="1" result="Passed" start-time="2024-09-07T21:58:18.7982099Z" end-time="2024-09-07T21:58:18.7982099Z" duration="0.000520" total="1" passed="1" failed="0" warnings="0" inconclusive="0" skipped="0" asserts="2">
        <test-case id="1-1097" name="TestEnumInvalid" fullname="Kaitai.SpecEnumInvalid.TestEnumInvalid" methodname="TestEnumInvalid" classname="Kaitai.SpecEnumInvalid" runstate="Runnable" seed="30256773" result="Passed" start-time="2024-09-07T21:58:18.7982099Z" end-time="2024-09-07T21:58:18.7982099Z" duration="0.000432" asserts="2" />
      </test-suite>
      <test-suite type="TestFixture" id="1-1098" name="SpecEnumNegative" fullname="Kaitai.SpecEnumNegative" classname="Kaitai.SpecEnumNegative" runstate="Runnable" testcasecount="1" result="Passed" start-time="2024-09-07T21:58:18.7982099Z" end-time="2024-09-07T21:58:18.7982099Z" duration="0.000571" total="1" passed="1" failed="0" warnings="0" inconclusive="0" skipped="0" asserts="2">
        <test-case id="1-1099" name="TestEnumNegative" fullname="Kaitai.SpecEnumNegative.TestEnumNegative" methodname="TestEnumNegative" classname="Kaitai.SpecEnumNegative" runstate="Runnable" seed="865972085" result="Passed" start-time="2024-09-07T21:58:18.7982099Z" end-time="2024-09-07T21:58:18.7982099Z" duration="0.000485" asserts="2" />
      </test-suite>
      <test-suite type="TestFixture" id="1-1100" name="SpecEnumOfValueInst" fullname="Kaitai.SpecEnumOfValueInst" classname="Kaitai.SpecEnumOfValueInst" runstate="Runnable" testcasecount="1" result="Passed" start-time="2024-09-07T21:58:18.7982099Z" end-time="2024-09-07T21:58:18.7982099Z" duration="0.000732" total="1" passed="1" failed="0" warnings="0" inconclusive="0" skipped="0" asserts="4">
        <test-case id="1-1101" name="TestEnumOfValueInst" fullname="Kaitai.SpecEnumOfValueInst.TestEnumOfValueInst" methodname="TestEnumOfValueInst" classname="Kaitai.SpecEnumOfValueInst" runstate="Runnable" seed="1925114207" result="Passed" start-time="2024-09-07T21:58:18.7982099Z" end-time="2024-09-07T21:58:18.7982099Z" duration="0.000645" asserts="4" />
      </test-suite>
      <test-suite type="TestFixture" id="1-1102" name="SpecEofExceptionBytes" fullname="Kaitai.SpecEofExceptionBytes" classname="Kaitai.SpecEofExceptionBytes" runstate="Runnable" testcasecount="1" result="Passed" start-time="2024-09-07T21:58:18.7982099Z" end-time="2024-09-07T21:58:18.7982099Z" duration="0.000575" total="1" passed="1" failed="0" warnings="0" inconclusive="0" skipped="0" asserts="1">
        <test-case id="1-1103" name="TestEofExceptionBytes" fullname="Kaitai.SpecEofExceptionBytes.TestEofExceptionBytes" methodname="TestEofExceptionBytes" classname="Kaitai.SpecEofExceptionBytes" runstate="Runnable" seed="1560742222" result="Passed" start-time="2024-09-07T21:58:18.7982099Z" end-time="2024-09-07T21:58:18.7982099Z" duration="0.000482" asserts="1" />
      </test-suite>
      <test-suite type="TestFixture" id="1-1104" name="SpecEofExceptionSized" fullname="Kaitai.SpecEofExceptionSized" classname="Kaitai.SpecEofExceptionSized" runstate="Runnable" testcasecount="1" result="Passed" start-time="2024-09-07T21:58:18.7982099Z" end-time="2024-09-07T21:58:18.7982099Z" duration="0.000552" total="1" passed="1" failed="0" warnings="0" inconclusive="0" skipped="0" asserts="1">
        <test-case id="1-1105" name="TestEofExceptionSized" fullname="Kaitai.SpecEofExceptionSized.TestEofExceptionSized" methodname="TestEofExceptionSized" classname="Kaitai.SpecEofExceptionSized" runstate="Runnable" seed="276023409" result="Passed" start-time="2024-09-07T21:58:18.7982099Z" end-time="2024-09-07T21:58:18.7982099Z" duration="0.000460" asserts="1" />
      </test-suite>
      <test-suite type="TestFixture" id="1-1106" name="SpecEofExceptionU4" fullname="Kaitai.SpecEofExceptionU4" classname="Kaitai.SpecEofExceptionU4" runstate="Runnable" testcasecount="1" result="Passed" start-time="2024-09-07T21:58:18.7982099Z" end-time="2024-09-07T21:58:18.7982099Z" duration="0.000531" total="1" passed="1" failed="0" warnings="0" inconclusive="0" skipped="0" asserts="1">
        <test-case id="1-1107" name="TestEofExceptionU4" fullname="Kaitai.SpecEofExceptionU4.TestEofExceptionU4" methodname="TestEofExceptionU4" classname="Kaitai.SpecEofExceptionU4" runstate="Runnable" seed="518128980" result="Passed" start-time="2024-09-07T21:58:18.7982099Z" end-time="2024-09-07T21:58:18.7982099Z" duration="0.000437" asserts="1" />
      </test-suite>
      <test-suite type="TestFixture" id="1-1108" name="SpecEosExceptionBytes" fullname="Kaitai.SpecEosExceptionBytes" classname="Kaitai.SpecEosExceptionBytes" runstate="Runnable" testcasecount="1" result="Passed" start-time="2024-09-07T21:58:18.7982099Z" end-time="2024-09-07T21:58:18.7982099Z" duration="0.000628" total="1" passed="1" failed="0" warnings="0" inconclusive="0" skipped="0" asserts="1">
        <test-case id="1-1109" name="TestEosExceptionBytes" fullname="Kaitai.SpecEosExceptionBytes.TestEosExceptionBytes" methodname="TestEosExceptionBytes" classname="Kaitai.SpecEosExceptionBytes" runstate="Runnable" seed="1441688366" result="Passed" start-time="2024-09-07T21:58:18.7982099Z" end-time="2024-09-07T21:58:18.7982099Z" duration="0.000537" asserts="1" />
      </test-suite>
      <test-suite type="TestFixture" id="1-1110" name="SpecEosExceptionSized" fullname="Kaitai.SpecEosExceptionSized" classname="Kaitai.SpecEosExceptionSized" runstate="Runnable" testcasecount="1" result="Passed" start-time="2024-09-07T21:58:18.7982099Z" end-time="2024-09-07T21:58:18.7982099Z" duration="0.000635" total="1" passed="1" failed="0" warnings="0" inconclusive="0" skipped="0" asserts="1">
        <test-case id="1-1111" name="TestEosExceptionSized" fullname="Kaitai.SpecEosExceptionSized.TestEosExceptionSized" methodname="TestEosExceptionSized" classname="Kaitai.SpecEosExceptionSized" runstate="Runnable" seed="1307508291" result="Passed" start-time="2024-09-07T21:58:18.7982099Z" end-time="2024-09-07T21:58:18.7982099Z" duration="0.000546" asserts="1" />
      </test-suite>
      <test-suite type="TestFixture" id="1-1112" name="SpecEosExceptionU4" fullname="Kaitai.SpecEosExceptionU4" classname="Kaitai.SpecEosExceptionU4" runstate="Runnable" testcasecount="1" result="Passed" start-time="2024-09-07T21:58:18.7982099Z" end-time="2024-09-07T21:58:18.7982099Z" duration="0.000634" total="1" passed="1" failed="0" warnings="0" inconclusive="0" skipped="0" asserts="1">
        <test-case id="1-1113" name="TestEosExceptionU4" fullname="Kaitai.SpecEosExceptionU4.TestEosExceptionU4" methodname="TestEosExceptionU4" classname="Kaitai.SpecEosExceptionU4" runstate="Runnable" seed="1111014349" result="Passed" start-time="2024-09-07T21:58:18.7982099Z" end-time="2024-09-07T21:58:18.7982099Z" duration="0.000545" asserts="1" />
      </test-suite>
      <test-suite type="TestFixture" id="1-1114" name="SpecExpr0" fullname="Kaitai.SpecExpr0" classname="Kaitai.SpecExpr0" runstate="Runnable" testcasecount="1" result="Passed" start-time="2024-09-07T21:58:18.7982099Z" end-time="2024-09-07T21:58:18.7982099Z" duration="0.000537" total="1" passed="1" failed="0" warnings="0" inconclusive="0" skipped="0" asserts="2">
        <test-case id="1-1115" name="TestExpr0" fullname="Kaitai.SpecExpr0.TestExpr0" methodname="TestExpr0" classname="Kaitai.SpecExpr0" runstate="Runnable" seed="204619134" result="Passed" start-time="2024-09-07T21:58:18.7982099Z" end-time="2024-09-07T21:58:18.7982099Z" duration="0.000448" asserts="2" />
      </test-suite>
      <test-suite type="TestFixture" id="1-1116" name="SpecExpr1" fullname="Kaitai.SpecExpr1" classname="Kaitai.SpecExpr1" runstate="Runnable" testcasecount="1" result="Passed" start-time="2024-09-07T21:58:18.7982099Z" end-time="2024-09-07T21:58:18.7982099Z" duration="0.001351" total="1" passed="1" failed="0" warnings="0" inconclusive="0" skipped="0" asserts="4">
        <test-case id="1-1117" name="TestExpr1" fullname="Kaitai.SpecExpr1.TestExpr1" methodname="TestExpr1" classname="Kaitai.SpecExpr1" runstate="Runnable" seed="1181178761" result="Passed" start-time="2024-09-07T21:58:18.7982099Z" end-time="2024-09-07T21:58:18.7982099Z" duration="0.000743" asserts="4" />
      </test-suite>
      <test-suite type="TestFixture" id="1-1118" name="SpecExpr2" fullname="Kaitai.SpecExpr2" classname="Kaitai.SpecExpr2" runstate="Runnable" testcasecount="1" result="Passed" start-time="2024-09-07T21:58:18.7982099Z" end-time="2024-09-07T21:58:18.8138343Z" duration="0.002431" total="1" passed="1" failed="0" warnings="0" inconclusive="0" skipped="0" asserts="17">
        <test-case id="1-1119" name="TestExpr2" fullname="Kaitai.SpecExpr2.TestExpr2" methodname="TestExpr2" classname="Kaitai.SpecExpr2" runstate="Runnable" seed="816952390" result="Passed" start-time="2024-09-07T21:58:18.7982099Z" end-time="2024-09-07T21:58:18.8138343Z" duration="0.002340" asserts="17" />
      </test-suite>
      <test-suite type="TestFixture" id="1-1120" name="SpecExpr3" fullname="Kaitai.SpecExpr3" classname="Kaitai.SpecExpr3" runstate="Runnable" testcasecount="1" result="Passed" start-time="2024-09-07T21:58:18.8138343Z" end-time="2024-09-07T21:58:18.8138343Z" duration="0.001641" total="1" passed="1" failed="0" warnings="0" inconclusive="0" skipped="0" asserts="12">
        <test-case id="1-1121" name="TestExpr3" fullname="Kaitai.SpecExpr3.TestExpr3" methodname="TestExpr3" classname="Kaitai.SpecExpr3" runstate="Runnable" seed="909099250" result="Passed" start-time="2024-09-07T21:58:18.8138343Z" end-time="2024-09-07T21:58:18.8138343Z" duration="0.001550" asserts="12" />
      </test-suite>
      <test-suite type="TestFixture" id="1-1122" name="SpecExprArray" fullname="Kaitai.SpecExprArray" classname="Kaitai.SpecExprArray" runstate="Runnable" testcasecount="1" result="Passed" start-time="2024-09-07T21:58:18.8138343Z" end-time="2024-09-07T21:58:18.8138343Z" duration="0.007843" total="1" passed="1" failed="0" warnings="0" inconclusive="0" skipped="0" asserts="15">
        <test-case id="1-1123" name="TestExprArray" fullname="Kaitai.SpecExprArray.TestExprArray" methodname="TestExprArray" classname="Kaitai.SpecExprArray" runstate="Runnable" seed="105542160" result="Passed" start-time="2024-09-07T21:58:18.8138343Z" end-time="2024-09-07T21:58:18.8138343Z" duration="0.007751" asserts="15" />
      </test-suite>
      <test-suite type="TestFixture" id="1-1124" name="SpecExprBytesCmp" fullname="Kaitai.SpecExprBytesCmp" classname="Kaitai.SpecExprBytesCmp" runstate="Runnable" testcasecount="1" result="Passed" start-time="2024-09-07T21:58:18.8138343Z" end-time="2024-09-07T21:58:18.8138343Z" duration="0.002194" total="1" passed="1" failed="0" warnings="0" inconclusive="0" skipped="0" asserts="10">
        <test-case id="1-1125" name="TestExprBytesCmp" fullname="Kaitai.SpecExprBytesCmp.TestExprBytesCmp" methodname="TestExprBytesCmp" classname="Kaitai.SpecExprBytesCmp" runstate="Runnable" seed="2009687397" result="Passed" start-time="2024-09-07T21:58:18.8138343Z" end-time="2024-09-07T21:58:18.8138343Z" duration="0.002097" asserts="10" />
      </test-suite>
      <test-suite type="TestFixture" id="1-1126" name="SpecExprBytesNonLiteral" fullname="Kaitai.SpecExprBytesNonLiteral" classname="Kaitai.SpecExprBytesNonLiteral" runstate="Runnable" testcasecount="1" result="Passed" start-time="2024-09-07T21:58:18.8138343Z" end-time="2024-09-07T21:58:18.8138343Z" duration="0.000668" total="1" passed="1" failed="0" warnings="0" inconclusive="0" skipped="0" asserts="3">
        <test-case id="1-1127" name="TestExprBytesNonLiteral" fullname="Kaitai.SpecExprBytesNonLiteral.TestExprBytesNonLiteral" methodname="TestExprBytesNonLiteral" classname="Kaitai.SpecExprBytesNonLiteral" runstate="Runnable" seed="1278790490" result="Passed" start-time="2024-09-07T21:58:18.8138343Z" end-time="2024-09-07T21:58:18.8138343Z" duration="0.000570" asserts="3" />
      </test-suite>
      <test-suite type="TestFixture" id="1-1128" name="SpecExprBytesOps" fullname="Kaitai.SpecExprBytesOps" classname="Kaitai.SpecExprBytesOps" runstate="Runnable" testcasecount="1" result="Passed" start-time="2024-09-07T21:58:18.8138343Z" end-time="2024-09-07T21:58:18.8294553Z" duration="0.002859" total="1" passed="1" failed="0" warnings="0" inconclusive="0" skipped="0" asserts="16">
        <test-case id="1-1129" name="TestExprBytesOps" fullname="Kaitai.SpecExprBytesOps.TestExprBytesOps" methodname="TestExprBytesOps" classname="Kaitai.SpecExprBytesOps" runstate="Runnable" seed="705214514" result="Passed" start-time="2024-09-07T21:58:18.8138343Z" end-time="2024-09-07T21:58:18.8294553Z" duration="0.002769" asserts="16" />
      </test-suite>
      <test-suite type="TestFixture" id="1-1130" name="SpecExprCalcArrayOps" fullname="Kaitai.SpecExprCalcArrayOps" classname="Kaitai.SpecExprCalcArrayOps" runstate="Runnable" testcasecount="1" result="Passed" start-time="2024-09-07T21:58:18.8294553Z" end-time="2024-09-07T21:58:18.8294553Z" duration="0.004230" total="1" passed="1" failed="0" warnings="0" inconclusive="0" skipped="0" asserts="18">
        <test-case id="1-1131" name="TestExprCalcArrayOps" fullname="Kaitai.SpecExprCalcArrayOps.TestExprCalcArrayOps" methodname="TestExprCalcArrayOps" classname="Kaitai.SpecExprCalcArrayOps" runstate="Runnable" seed="276339144" result="Passed" start-time="2024-09-07T21:58:18.8294553Z" end-time="2024-09-07T21:58:18.8294553Z" duration="0.004135" asserts="18" />
      </test-suite>
      <test-suite type="TestFixture" id="1-1132" name="SpecExprEnum" fullname="Kaitai.SpecExprEnum" classname="Kaitai.SpecExprEnum" runstate="Runnable" testcasecount="1" result="Passed" start-time="2024-09-07T21:58:18.8294553Z" end-time="2024-09-07T21:58:18.8294553Z" duration="0.000868" total="1" passed="1" failed="0" warnings="0" inconclusive="0" skipped="0" asserts="3">
        <test-case id="1-1133" name="TestExprEnum" fullname="Kaitai.SpecExprEnum.TestExprEnum" methodname="TestExprEnum" classname="Kaitai.SpecExprEnum" runstate="Runnable" seed="1406518677" result="Passed" start-time="2024-09-07T21:58:18.8294553Z" end-time="2024-09-07T21:58:18.8294553Z" duration="0.000754" asserts="3" />
      </test-suite>
      <test-suite type="TestFixture" id="1-1134" name="SpecExprFstring0" fullname="Kaitai.SpecExprFstring0" classname="Kaitai.SpecExprFstring0" runstate="Runnable" testcasecount="1" result="Passed" start-time="2024-09-07T21:58:18.8294553Z" end-time="2024-09-07T21:58:18.8294553Z" duration="0.001098" total="1" passed="1" failed="0" warnings="0" inconclusive="0" skipped="0" asserts="9">
        <test-case id="1-1135" name="TestExprFstring0" fullname="Kaitai.SpecExprFstring0.TestExprFstring0" methodname="TestExprFstring0" classname="Kaitai.SpecExprFstring0" runstate="Runnable" seed="1025661156" result="Passed" start-time="2024-09-07T21:58:18.8294553Z" end-time="2024-09-07T21:58:18.8294553Z" duration="0.001005" asserts="9" />
      </test-suite>
      <test-suite type="TestFixture" id="1-1136" name="SpecExprIfIntOps" fullname="Kaitai.SpecExprIfIntOps" classname="Kaitai.SpecExprIfIntOps" runstate="Runnable" testcasecount="1" result="Passed" start-time="2024-09-07T21:58:18.8294553Z" end-time="2024-09-07T21:58:18.8294553Z" duration="0.001145" total="1" passed="1" failed="0" warnings="0" inconclusive="0" skipped="0" asserts="2">
        <test-case id="1-1137" name="TestExprIfIntOps" fullname="Kaitai.SpecExprIfIntOps.TestExprIfIntOps" methodname="TestExprIfIntOps" classname="Kaitai.SpecExprIfIntOps" runstate="Runnable" seed="226266045" result="Passed" start-time="2024-09-07T21:58:18.8294553Z" end-time="2024-09-07T21:58:18.8294553Z" duration="0.001055" asserts="2" />
      </test-suite>
      <test-suite type="TestFixture" id="1-1138" name="SpecExprIntDiv" fullname="Kaitai.SpecExprIntDiv" classname="Kaitai.SpecExprIntDiv" runstate="Runnable" testcasecount="1" result="Failed" site="Child" start-time="2024-09-07T21:58:18.8294553Z" end-time="2024-09-07T21:58:19.0169637Z" duration="0.189782" total="1" passed="0" failed="1" warnings="0" inconclusive="0" skipped="0" asserts="4">
        <failure>
          <message><![CDATA[One or more child tests had errors]]></message>
        </failure>
        <test-case id="1-1139" name="TestExprIntDiv" fullname="Kaitai.SpecExprIntDiv.TestExprIntDiv" methodname="TestExprIntDiv" classname="Kaitai.SpecExprIntDiv" runstate="Runnable" seed="282371685" result="Failed" start-time="2024-09-07T21:58:18.8294553Z" end-time="2024-09-07T21:58:19.0169637Z" duration="0.189588" asserts="4">
          <failure>
            <message><![CDATA[  Expected: -756
  But was:  -757
]]></message>
            <stack-trace><![CDATA[   at Kaitai.SpecExprIntDiv.TestExprIntDiv() in D:\a\ci_targets\ci_targets\tests\spec\csharp\kaitai_struct_csharp_tests\tests\SpecExprIntDiv.cs:line 18
]]></stack-trace>
          </failure>
          <assertions>
            <assertion result="Failed">
              <message><![CDATA[  Expected: -756
  But was:  -757
]]></message>
              <stack-trace><![CDATA[   at Kaitai.SpecExprIntDiv.TestExprIntDiv() in D:\a\ci_targets\ci_targets\tests\spec\csharp\kaitai_struct_csharp_tests\tests\SpecExprIntDiv.cs:line 18
]]></stack-trace>
            </assertion>
          </assertions>
        </test-case>
      </test-suite>
      <test-suite type="TestFixture" id="1-1140" name="SpecExprIoEof" fullname="Kaitai.SpecExprIoEof" classname="Kaitai.SpecExprIoEof" runstate="Runnable" testcasecount="1" result="Passed" start-time="2024-09-07T21:58:19.0169637Z" end-time="2024-09-07T21:58:19.0169637Z" duration="0.001722" total="1" passed="1" failed="0" warnings="0" inconclusive="0" skipped="0" asserts="4">
        <test-case id="1-1141" name="TestExprIoEof" fullname="Kaitai.SpecExprIoEof.TestExprIoEof" methodname="TestExprIoEof" classname="Kaitai.SpecExprIoEof" runstate="Runnable" seed="16276642" result="Passed" start-time="2024-09-07T21:58:19.0169637Z" end-time="2024-09-07T21:58:19.0169637Z" duration="0.001559" asserts="4" />
      </test-suite>
      <test-suite type="TestFixture" id="1-1142" name="SpecExprIoPos" fullname="Kaitai.SpecExprIoPos" classname="Kaitai.SpecExprIoPos" runstate="Runnable" testcasecount="1" result="Passed" start-time="2024-09-07T21:58:19.0169637Z" end-time="2024-09-07T21:58:19.0169637Z" duration="0.001228" total="1" passed="1" failed="0" warnings="0" inconclusive="0" skipped="0" asserts="6">
        <test-case id="1-1143" name="TestExprIoPos" fullname="Kaitai.SpecExprIoPos.TestExprIoPos" methodname="TestExprIoPos" classname="Kaitai.SpecExprIoPos" runstate="Runnable" seed="1590142026" result="Passed" start-time="2024-09-07T21:58:19.0169637Z" end-time="2024-09-07T21:58:19.0169637Z" duration="0.001130" asserts="6" />
      </test-suite>
      <test-suite type="TestFixture" id="1-1144" name="SpecExprMod" fullname="Kaitai.SpecExprMod" classname="Kaitai.SpecExprMod" runstate="Runnable" testcasecount="1" result="Passed" start-time="2024-09-07T21:58:19.0169637Z" end-time="2024-09-07T21:58:19.0325859Z" duration="0.001299" total="1" passed="1" failed="0" warnings="0" inconclusive="0" skipped="0" asserts="6">
        <test-case id="1-1145" name="TestExprMod" fullname="Kaitai.SpecExprMod.TestExprMod" methodname="TestExprMod" classname="Kaitai.SpecExprMod" runstate="Runnable" seed="1674331397" result="Passed" start-time="2024-09-07T21:58:19.0169637Z" end-time="2024-09-07T21:58:19.0325859Z" duration="0.001201" asserts="6" />
      </test-suite>
      <test-suite type="TestFixture" id="1-1146" name="SpecExprOpsParens" fullname="Kaitai.SpecExprOpsParens" classname="Kaitai.SpecExprOpsParens" runstate="Runnable" testcasecount="1" result="Passed" start-time="2024-09-07T21:58:19.0325859Z" end-time="2024-09-07T21:58:19.0325859Z" duration="0.002184" total="1" passed="1" failed="0" warnings="0" inconclusive="0" skipped="0" asserts="9">
        <test-case id="1-1147" name="TestExprOpsParens" fullname="Kaitai.SpecExprOpsParens.TestExprOpsParens" methodname="TestExprOpsParens" classname="Kaitai.SpecExprOpsParens" runstate="Runnable" seed="1441636473" result="Passed" start-time="2024-09-07T21:58:19.0325859Z" end-time="2024-09-07T21:58:19.0325859Z" duration="0.002059" asserts="9" />
      </test-suite>
      <test-suite type="TestFixture" id="1-1148" name="SpecExprSizeofType0" fullname="Kaitai.SpecExprSizeofType0" classname="Kaitai.SpecExprSizeofType0" runstate="Runnable" testcasecount="1" result="Passed" start-time="2024-09-07T21:58:19.0325859Z" end-time="2024-09-07T21:58:19.0325859Z" duration="0.000468" total="1" passed="1" failed="0" warnings="0" inconclusive="0" skipped="0" asserts="1">
        <test-case id="1-1149" name="TestExprSizeofType0" fullname="Kaitai.SpecExprSizeofType0.TestExprSizeofType0" methodname="TestExprSizeofType0" classname="Kaitai.SpecExprSizeofType0" runstate="Runnable" seed="1757278267" result="Passed" start-time="2024-09-07T21:58:19.0325859Z" end-time="2024-09-07T21:58:19.0325859Z" duration="0.000367" asserts="1" />
      </test-suite>
      <test-suite type="TestFixture" id="1-1150" name="SpecExprSizeofType1" fullname="Kaitai.SpecExprSizeofType1" classname="Kaitai.SpecExprSizeofType1" runstate="Runnable" testcasecount="1" result="Passed" start-time="2024-09-07T21:58:19.0325859Z" end-time="2024-09-07T21:58:19.0325859Z" duration="0.000508" total="1" passed="1" failed="0" warnings="0" inconclusive="0" skipped="0" asserts="2">
        <test-case id="1-1151" name="TestExprSizeofType1" fullname="Kaitai.SpecExprSizeofType1.TestExprSizeofType1" methodname="TestExprSizeofType1" classname="Kaitai.SpecExprSizeofType1" runstate="Runnable" seed="633634040" result="Passed" start-time="2024-09-07T21:58:19.0325859Z" end-time="2024-09-07T21:58:19.0325859Z" duration="0.000418" asserts="2" />
      </test-suite>
      <test-suite type="TestFixture" id="1-1152" name="SpecExprSizeofValue0" fullname="Kaitai.SpecExprSizeofValue0" classname="Kaitai.SpecExprSizeofValue0" runstate="Runnable" testcasecount="1" result="Passed" start-time="2024-09-07T21:58:19.0325859Z" end-time="2024-09-07T21:58:19.0325859Z" duration="0.000940" total="1" passed="1" failed="0" warnings="0" inconclusive="0" skipped="0" asserts="5">
        <test-case id="1-1153" name="TestExprSizeofValue0" fullname="Kaitai.SpecExprSizeofValue0.TestExprSizeofValue0" methodname="TestExprSizeofValue0" classname="Kaitai.SpecExprSizeofValue0" runstate="Runnable" seed="313978242" result="Passed" start-time="2024-09-07T21:58:19.0325859Z" end-time="2024-09-07T21:58:19.0325859Z" duration="0.000851" asserts="5" />
      </test-suite>
      <test-suite type="TestFixture" id="1-1154" name="SpecExprSizeofValueSized" fullname="Kaitai.SpecExprSizeofValueSized" classname="Kaitai.SpecExprSizeofValueSized" runstate="Runnable" testcasecount="1" result="Passed" start-time="2024-09-07T21:58:19.0325859Z" end-time="2024-09-07T21:58:19.0325859Z" duration="0.000942" total="1" passed="1" failed="0" warnings="0" inconclusive="0" skipped="0" asserts="5">
        <test-case id="1-1155" name="TestExprSizeofValueSized" fullname="Kaitai.SpecExprSizeofValueSized.TestExprSizeofValueSized" methodname="TestExprSizeofValueSized" classname="Kaitai.SpecExprSizeofValueSized" runstate="Runnable" seed="1890174012" result="Passed" start-time="2024-09-07T21:58:19.0325859Z" end-time="2024-09-07T21:58:19.0325859Z" duration="0.000851" asserts="5" />
      </test-suite>
      <test-suite type="TestFixture" id="1-1156" name="SpecExprStrEncodings" fullname="Kaitai.SpecExprStrEncodings" classname="Kaitai.SpecExprStrEncodings" runstate="Runnable" testcasecount="1" result="Passed" start-time="2024-09-07T21:58:19.0325859Z" end-time="2024-09-07T21:58:19.0325859Z" duration="0.002302" total="1" passed="1" failed="0" warnings="0" inconclusive="0" skipped="0" asserts="7">
        <test-case id="1-1157" name="TestExprStrEncodings" fullname="Kaitai.SpecExprStrEncodings.TestExprStrEncodings" methodname="TestExprStrEncodings" classname="Kaitai.SpecExprStrEncodings" runstate="Runnable" seed="466095455" result="Passed" start-time="2024-09-07T21:58:19.0325859Z" end-time="2024-09-07T21:58:19.0325859Z" duration="0.002211" asserts="7" />
      </test-suite>
      <test-suite type="TestFixture" id="1-1158" name="SpecExprStrOps" fullname="Kaitai.SpecExprStrOps" classname="Kaitai.SpecExprStrOps" runstate="Runnable" testcasecount="1" result="Passed" start-time="2024-09-07T21:58:19.0325859Z" end-time="2024-09-07T21:58:19.0325859Z" duration="0.001955" total="1" passed="1" failed="0" warnings="0" inconclusive="0" skipped="0" asserts="18">
        <test-case id="1-1159" name="TestExprStrOps" fullname="Kaitai.SpecExprStrOps.TestExprStrOps" methodname="TestExprStrOps" classname="Kaitai.SpecExprStrOps" runstate="Runnable" seed="1819151205" result="Passed" start-time="2024-09-07T21:58:19.0325859Z" end-time="2024-09-07T21:58:19.0325859Z" duration="0.001859" asserts="18" />
      </test-suite>
      <test-suite type="TestFixture" id="1-1160" name="SpecExprToITrailing" fullname="Kaitai.SpecExprToITrailing" classname="Kaitai.SpecExprToITrailing" runstate="Runnable" testcasecount="1" result="Passed" start-time="2024-09-07T21:58:19.0325859Z" end-time="2024-09-07T21:58:19.0325859Z" duration="0.002028" total="1" passed="1" failed="0" warnings="0" inconclusive="0" skipped="0" asserts="3">
        <test-case id="1-1161" name="TestExprToITrailing" fullname="Kaitai.SpecExprToITrailing.TestExprToITrailing" methodname="TestExprToITrailing" classname="Kaitai.SpecExprToITrailing" runstate="Runnable" seed="475876689" result="Passed" start-time="2024-09-07T21:58:19.0325859Z" end-time="2024-09-07T21:58:19.0325859Z" duration="0.001935" asserts="3" />
      </test-suite>
      <test-suite type="TestFixture" id="1-1162" name="SpecFixedContents" fullname="Kaitai.SpecFixedContents" classname="Kaitai.SpecFixedContents" runstate="Runnable" testcasecount="1" result="Passed" start-time="2024-09-07T21:58:19.0325859Z" end-time="2024-09-07T21:58:19.0325859Z" duration="0.000729" total="1" passed="1" failed="0" warnings="0" inconclusive="0" skipped="0" asserts="0">
        <test-case id="1-1163" name="TestFixedContents" fullname="Kaitai.SpecFixedContents.TestFixedContents" methodname="TestFixedContents" classname="Kaitai.SpecFixedContents" runstate="Runnable" seed="1005964692" result="Passed" start-time="2024-09-07T21:58:19.0325859Z" end-time="2024-09-07T21:58:19.0325859Z" duration="0.000624" asserts="0" />
      </test-suite>
      <test-suite type="TestFixture" id="1-1164" name="SpecFixedStruct" fullname="Kaitai.SpecFixedStruct" classname="Kaitai.SpecFixedStruct" runstate="Runnable" testcasecount="1" result="Passed" start-time="2024-09-07T21:58:19.0325859Z" end-time="2024-09-07T21:58:19.0482095Z" duration="0.003326" total="1" passed="1" failed="0" warnings="0" inconclusive="0" skipped="0" asserts="20">
        <test-case id="1-1165" name="TestFixedStruct" fullname="Kaitai.SpecFixedStruct.TestFixedStruct" methodname="TestFixedStruct" classname="Kaitai.SpecFixedStruct" runstate="Runnable" seed="1423722778" result="Passed" start-time="2024-09-07T21:58:19.0325859Z" end-time="2024-09-07T21:58:19.0482095Z" duration="0.003195" asserts="20" />
      </test-suite>
      <test-suite type="TestFixture" id="1-1168" name="SpecFloatingPoints" fullname="Kaitai.SpecFloatingPoints" classname="Kaitai.SpecFloatingPoints" runstate="Runnable" testcasecount="1" result="Passed" start-time="2024-09-07T21:58:19.0482095Z" end-time="2024-09-07T21:58:19.0482095Z" duration="0.001085" total="1" passed="1" failed="0" warnings="0" inconclusive="0" skipped="0" asserts="8">
        <test-case id="1-1169" name="TestFloatingPoints" fullname="Kaitai.SpecFloatingPoints.TestFloatingPoints" methodname="TestFloatingPoints" classname="Kaitai.SpecFloatingPoints" runstate="Runnable" seed="1916575284" result="Passed" start-time="2024-09-07T21:58:19.0482095Z" end-time="2024-09-07T21:58:19.0482095Z" duration="0.000980" asserts="8" />
      </test-suite>
      <test-suite type="TestFixture" id="1-1166" name="SpecFloatToI" fullname="Kaitai.SpecFloatToI" classname="Kaitai.SpecFloatToI" runstate="Runnable" testcasecount="1" result="Passed" start-time="2024-09-07T21:58:19.0482095Z" end-time="2024-09-07T21:58:19.0482095Z" duration="0.001255" total="1" passed="1" failed="0" warnings="0" inconclusive="0" skipped="0" asserts="8">
        <test-case id="1-1167" name="TestFloatToI" fullname="Kaitai.SpecFloatToI.TestFloatToI" methodname="TestFloatToI" classname="Kaitai.SpecFloatToI" runstate="Runnable" seed="219670190" result="Passed" start-time="2024-09-07T21:58:19.0482095Z" end-time="2024-09-07T21:58:19.0482095Z" duration="0.001162" asserts="8" />
      </test-suite>
      <test-suite type="TestFixture" id="1-1170" name="SpecHelloWorld" fullname="Kaitai.SpecHelloWorld" classname="Kaitai.SpecHelloWorld" runstate="Runnable" testcasecount="1" result="Passed" start-time="2024-09-07T21:58:19.0482095Z" end-time="2024-09-07T21:58:19.0482095Z" duration="0.000465" total="1" passed="1" failed="0" warnings="0" inconclusive="0" skipped="0" asserts="1">
        <test-case id="1-1171" name="TestHelloWorld" fullname="Kaitai.SpecHelloWorld.TestHelloWorld" methodname="TestHelloWorld" classname="Kaitai.SpecHelloWorld" runstate="Runnable" seed="1051038919" result="Passed" start-time="2024-09-07T21:58:19.0482095Z" end-time="2024-09-07T21:58:19.0482095Z" duration="0.000370" asserts="1" />
      </test-suite>
      <test-suite type="TestFixture" id="1-1172" name="SpecIfInstances" fullname="Kaitai.SpecIfInstances" classname="Kaitai.SpecIfInstances" runstate="Runnable" testcasecount="1" result="Passed" start-time="2024-09-07T21:58:19.0482095Z" end-time="2024-09-07T21:58:19.0482095Z" duration="0.000436" total="1" passed="1" failed="0" warnings="0" inconclusive="0" skipped="0" asserts="1">
        <test-case id="1-1173" name="TestIfInstances" fullname="Kaitai.SpecIfInstances.TestIfInstances" methodname="TestIfInstances" classname="Kaitai.SpecIfInstances" runstate="Runnable" seed="960971064" result="Passed" start-time="2024-09-07T21:58:19.0482095Z" end-time="2024-09-07T21:58:19.0482095Z" duration="0.000347" asserts="1" />
      </test-suite>
      <test-suite type="TestFixture" id="1-1174" name="SpecIfStruct" fullname="Kaitai.SpecIfStruct" classname="Kaitai.SpecIfStruct" runstate="Runnable" testcasecount="1" result="Passed" start-time="2024-09-07T21:58:19.0482095Z" end-time="2024-09-07T21:58:19.0482095Z" duration="0.001402" total="1" passed="1" failed="0" warnings="0" inconclusive="0" skipped="0" asserts="7">
        <test-case id="1-1175" name="TestIfStruct" fullname="Kaitai.SpecIfStruct.TestIfStruct" methodname="TestIfStruct" classname="Kaitai.SpecIfStruct" runstate="Runnable" seed="44268999" result="Passed" start-time="2024-09-07T21:58:19.0482095Z" end-time="2024-09-07T21:58:19.0482095Z" duration="0.001311" asserts="7" />
      </test-suite>
      <test-suite type="TestFixture" id="1-1176" name="SpecIfValues" fullname="Kaitai.SpecIfValues" classname="Kaitai.SpecIfValues" runstate="Runnable" testcasecount="1" result="Passed" start-time="2024-09-07T21:58:19.0482095Z" end-time="2024-09-07T21:58:19.0482095Z" duration="0.001114" total="1" passed="1" failed="0" warnings="0" inconclusive="0" skipped="0" asserts="6">
        <test-case id="1-1177" name="TestIfValues" fullname="Kaitai.SpecIfValues.TestIfValues" methodname="TestIfValues" classname="Kaitai.SpecIfValues" runstate="Runnable" seed="1257991773" result="Passed" start-time="2024-09-07T21:58:19.0482095Z" end-time="2024-09-07T21:58:19.0482095Z" duration="0.001023" asserts="6" />
      </test-suite>
      <test-suite type="TestFixture" id="1-1178" name="SpecImports0" fullname="Kaitai.SpecImports0" classname="Kaitai.SpecImports0" runstate="Runnable" testcasecount="1" result="Passed" start-time="2024-09-07T21:58:19.0482095Z" end-time="2024-09-07T21:58:19.0482095Z" duration="0.000671" total="1" passed="1" failed="0" warnings="0" inconclusive="0" skipped="0" asserts="3">
        <test-case id="1-1179" name="TestImports0" fullname="Kaitai.SpecImports0.TestImports0" methodname="TestImports0" classname="Kaitai.SpecImports0" runstate="Runnable" seed="928615946" result="Passed" start-time="2024-09-07T21:58:19.0482095Z" end-time="2024-09-07T21:58:19.0482095Z" duration="0.000578" asserts="3" />
      </test-suite>
      <test-suite type="TestFixture" id="1-1180" name="SpecImportsAbs" fullname="Kaitai.SpecImportsAbs" classname="Kaitai.SpecImportsAbs" runstate="Runnable" testcasecount="1" result="Passed" start-time="2024-09-07T21:58:19.0482095Z" end-time="2024-09-07T21:58:19.0482095Z" duration="0.001805" total="1" passed="1" failed="0" warnings="0" inconclusive="0" skipped="0" asserts="2">
        <test-case id="1-1181" name="TestImportsAbs" fullname="Kaitai.SpecImportsAbs.TestImportsAbs" methodname="TestImportsAbs" classname="Kaitai.SpecImportsAbs" runstate="Runnable" seed="579092955" result="Passed" start-time="2024-09-07T21:58:19.0482095Z" end-time="2024-09-07T21:58:19.0482095Z" duration="0.001714" asserts="2" />
      </test-suite>
      <test-suite type="TestFixture" id="1-1182" name="SpecImportsAbsAbs" fullname="Kaitai.SpecImportsAbsAbs" classname="Kaitai.SpecImportsAbsAbs" runstate="Runnable" testcasecount="1" result="Passed" start-time="2024-09-07T21:58:19.0482095Z" end-time="2024-09-07T21:58:19.0482095Z" duration="0.001438" total="1" passed="1" failed="0" warnings="0" inconclusive="0" skipped="0" asserts="3">
        <test-case id="1-1183" name="TestImportsAbsAbs" fullname="Kaitai.SpecImportsAbsAbs.TestImportsAbsAbs" methodname="TestImportsAbsAbs" classname="Kaitai.SpecImportsAbsAbs" runstate="Runnable" seed="159284146" result="Passed" start-time="2024-09-07T21:58:19.0482095Z" end-time="2024-09-07T21:58:19.0482095Z" duration="0.001342" asserts="3" />
      </test-suite>
      <test-suite type="TestFixture" id="1-1184" name="SpecImportsAbsRel" fullname="Kaitai.SpecImportsAbsRel" classname="Kaitai.SpecImportsAbsRel" runstate="Runnable" testcasecount="1" result="Passed" start-time="2024-09-07T21:58:19.0482095Z" end-time="2024-09-07T21:58:19.0482095Z" duration="0.000781" total="1" passed="1" failed="0" warnings="0" inconclusive="0" skipped="0" asserts="3">
        <test-case id="1-1185" name="TestImportsAbsRel" fullname="Kaitai.SpecImportsAbsRel.TestImportsAbsRel" methodname="TestImportsAbsRel" classname="Kaitai.SpecImportsAbsRel" runstate="Runnable" seed="1919388563" result="Passed" start-time="2024-09-07T21:58:19.0482095Z" end-time="2024-09-07T21:58:19.0482095Z" duration="0.000689" asserts="3" />
      </test-suite>
      <test-suite type="TestFixture" id="1-1186" name="SpecImportsCastToImported" fullname="Kaitai.SpecImportsCastToImported" classname="Kaitai.SpecImportsCastToImported" runstate="Runnable" testcasecount="1" result="Passed" start-time="2024-09-07T21:58:19.0482095Z" end-time="2024-09-07T21:58:19.0482095Z" duration="0.000787" total="1" passed="1" failed="0" warnings="0" inconclusive="0" skipped="0" asserts="2">
        <test-case id="1-1187" name="TestImportsCastToImported" fullname="Kaitai.SpecImportsCastToImported.TestImportsCastToImported" methodname="TestImportsCastToImported" classname="Kaitai.SpecImportsCastToImported" runstate="Runnable" seed="1095040549" result="Passed" start-time="2024-09-07T21:58:19.0482095Z" end-time="2024-09-07T21:58:19.0482095Z" duration="0.000697" asserts="2" />
      </test-suite>
      <test-suite type="TestFixture" id="1-1188" name="SpecImportsCastToImported2" fullname="Kaitai.SpecImportsCastToImported2" classname="Kaitai.SpecImportsCastToImported2" runstate="Runnable" testcasecount="1" result="Passed" start-time="2024-09-07T21:58:19.0482095Z" end-time="2024-09-07T21:58:19.0482095Z" duration="0.000773" total="1" passed="1" failed="0" warnings="0" inconclusive="0" skipped="0" asserts="2">
        <test-case id="1-1189" name="TestImportsCastToImported2" fullname="Kaitai.SpecImportsCastToImported2.TestImportsCastToImported2" methodname="TestImportsCastToImported2" classname="Kaitai.SpecImportsCastToImported2" runstate="Runnable" seed="1870314576" result="Passed" start-time="2024-09-07T21:58:19.0482095Z" end-time="2024-09-07T21:58:19.0482095Z" duration="0.000681" asserts="2" />
      </test-suite>
      <test-suite type="TestFixture" id="1-1190" name="SpecImportsCircularA" fullname="Kaitai.SpecImportsCircularA" classname="Kaitai.SpecImportsCircularA" runstate="Runnable" testcasecount="1" result="Passed" start-time="2024-09-07T21:58:19.0482095Z" end-time="2024-09-07T21:58:19.0482095Z" duration="0.000902" total="1" passed="1" failed="0" warnings="0" inconclusive="0" skipped="0" asserts="5">
        <test-case id="1-1191" name="TestImportsCircularA" fullname="Kaitai.SpecImportsCircularA.TestImportsCircularA" methodname="TestImportsCircularA" classname="Kaitai.SpecImportsCircularA" runstate="Runnable" seed="103665095" result="Passed" start-time="2024-09-07T21:58:19.0482095Z" end-time="2024-09-07T21:58:19.0482095Z" duration="0.000793" asserts="5" />
      </test-suite>
      <test-suite type="TestFixture" id="1-1192" name="SpecImportsParamsDefArrayUsertypeImported" fullname="Kaitai.SpecImportsParamsDefArrayUsertypeImported" classname="Kaitai.SpecImportsParamsDefArrayUsertypeImported" runstate="Runnable" testcasecount="1" result="Passed" start-time="2024-09-07T21:58:19.0482095Z" end-time="2024-09-07T21:58:19.0482095Z" duration="0.001204" total="1" passed="1" failed="0" warnings="0" inconclusive="0" skipped="0" asserts="5">
        <test-case id="1-1193" name="TestImportsParamsDefArrayUsertypeImported" fullname="Kaitai.SpecImportsParamsDefArrayUsertypeImported.TestImportsParamsDefArrayUsertypeImported" methodname="TestImportsParamsDefArrayUsertypeImported" classname="Kaitai.SpecImportsParamsDefArrayUsertypeImported" runstate="Runnable" seed="1538635239" result="Passed" start-time="2024-09-07T21:58:19.0482095Z" end-time="2024-09-07T21:58:19.0482095Z" duration="0.001093" asserts="5" />
      </test-suite>
      <test-suite type="TestFixture" id="1-1194" name="SpecImportsParamsDefEnumImported" fullname="Kaitai.SpecImportsParamsDefEnumImported" classname="Kaitai.SpecImportsParamsDefEnumImported" runstate="Runnable" testcasecount="1" result="Passed" start-time="2024-09-07T21:58:19.0482095Z" end-time="2024-09-07T21:58:19.0482095Z" duration="0.000839" total="1" passed="1" failed="0" warnings="0" inconclusive="0" skipped="0" asserts="4">
        <test-case id="1-1195" name="TestImportsParamsDefEnumImported" fullname="Kaitai.SpecImportsParamsDefEnumImported.TestImportsParamsDefEnumImported" methodname="TestImportsParamsDefEnumImported" classname="Kaitai.SpecImportsParamsDefEnumImported" runstate="Runnable" seed="1580438472" result="Passed" start-time="2024-09-07T21:58:19.0482095Z" end-time="2024-09-07T21:58:19.0482095Z" duration="0.000748" asserts="4" />
      </test-suite>
      <test-suite type="TestFixture" id="1-1196" name="SpecImportsParamsDefUsertypeImported" fullname="Kaitai.SpecImportsParamsDefUsertypeImported" classname="Kaitai.SpecImportsParamsDefUsertypeImported" runstate="Runnable" testcasecount="1" result="Passed" start-time="2024-09-07T21:58:19.0482095Z" end-time="2024-09-07T21:58:19.0638306Z" duration="0.000847" total="1" passed="1" failed="0" warnings="0" inconclusive="0" skipped="0" asserts="2">
        <test-case id="1-1197" name="TestImportsParamsDefUsertypeImported" fullname="Kaitai.SpecImportsParamsDefUsertypeImported.TestImportsParamsDefUsertypeImported" methodname="TestImportsParamsDefUsertypeImported" classname="Kaitai.SpecImportsParamsDefUsertypeImported" runstate="Runnable" seed="441640261" result="Passed" start-time="2024-09-07T21:58:19.0482095Z" end-time="2024-09-07T21:58:19.0638306Z" duration="0.000758" asserts="2" />
      </test-suite>
      <test-suite type="TestFixture" id="1-1198" name="SpecImportsRel1" fullname="Kaitai.SpecImportsRel1" classname="Kaitai.SpecImportsRel1" runstate="Runnable" testcasecount="1" result="Passed" start-time="2024-09-07T21:58:19.0638306Z" end-time="2024-09-07T21:58:19.0638306Z" duration="0.001131" total="1" passed="1" failed="0" warnings="0" inconclusive="0" skipped="0" asserts="3">
[...]
      </test-suite>
      <test-suite type="TestFixture" id="1-1452" name="SpecValidFailEqInt" fullname="Kaitai.SpecValidFailEqInt" classname="Kaitai.SpecValidFailEqInt" runstate="Runnable" testcasecount="1" result="Passed" start-time="2024-09-07T21:58:19.2046097Z" end-time="2024-09-07T21:58:19.2046097Z" duration="0.000805" total="1" passed="1" failed="0" warnings="0" inconclusive="0" skipped="0" asserts="1">
        <test-case id="1-1453" name="TestValidFailEqInt" fullname="Kaitai.SpecValidFailEqInt.TestValidFailEqInt" methodname="TestValidFailEqInt" classname="Kaitai.SpecValidFailEqInt" runstate="Runnable" seed="597851112" result="Passed" start-time="2024-09-07T21:58:19.2046097Z" end-time="2024-09-07T21:58:19.2046097Z" duration="0.000692" asserts="1" />
      </test-suite>
      <test-suite type="TestFixture" id="1-1454" name="SpecValidFailEqStr" fullname="Kaitai.SpecValidFailEqStr" classname="Kaitai.SpecValidFailEqStr" runstate="Runnable" testcasecount="1" result="Passed" start-time="2024-09-07T21:58:19.2046097Z" end-time="2024-09-07T21:58:19.2046097Z" duration="0.000646" total="1" passed="1" failed="0" warnings="0" inconclusive="0" skipped="0" asserts="1">
        <test-case id="1-1455" name="TestValidFailEqStr" fullname="Kaitai.SpecValidFailEqStr.TestValidFailEqStr" methodname="TestValidFailEqStr" classname="Kaitai.SpecValidFailEqStr" runstate="Runnable" seed="1578019649" result="Passed" start-time="2024-09-07T21:58:19.2046097Z" end-time="2024-09-07T21:58:19.2046097Z" duration="0.000537" asserts="1" />
      </test-suite>
      <test-suite type="TestFixture" id="1-1456" name="SpecValidFailExpr" fullname="Kaitai.SpecValidFailExpr" classname="Kaitai.SpecValidFailExpr" runstate="Runnable" testcasecount="1" result="Passed" start-time="2024-09-07T21:58:19.2046097Z" end-time="2024-09-07T21:58:19.2046097Z" duration="0.000832" total="1" passed="1" failed="0" warnings="0" inconclusive="0" skipped="0" asserts="1">
        <test-case id="1-1457" name="TestValidFailExpr" fullname="Kaitai.SpecValidFailExpr.TestValidFailExpr" methodname="TestValidFailExpr" classname="Kaitai.SpecValidFailExpr" runstate="Runnable" seed="1397191876" result="Passed" start-time="2024-09-07T21:58:19.2046097Z" end-time="2024-09-07T21:58:19.2046097Z" duration="0.000737" asserts="1" />
      </test-suite>
      <test-suite type="TestFixture" id="1-1458" name="SpecValidFailInEnum" fullname="Kaitai.SpecValidFailInEnum" classname="Kaitai.SpecValidFailInEnum" runstate="Runnable" testcasecount="1" result="Passed" start-time="2024-09-07T21:58:19.2046097Z" end-time="2024-09-07T21:58:19.2046097Z" duration="0.000800" total="1" passed="1" failed="0" warnings="0" inconclusive="0" skipped="0" asserts="1">
        <test-case id="1-1459" name="TestValidFailInEnum" fullname="Kaitai.SpecValidFailInEnum.TestValidFailInEnum" methodname="TestValidFailInEnum" classname="Kaitai.SpecValidFailInEnum" runstate="Runnable" seed="1422151368" result="Passed" start-time="2024-09-07T21:58:19.2046097Z" end-time="2024-09-07T21:58:19.2046097Z" duration="0.000707" asserts="1" />
      </test-suite>
      <test-suite type="TestFixture" id="1-1460" name="SpecValidFailInst" fullname="Kaitai.SpecValidFailInst" classname="Kaitai.SpecValidFailInst" runstate="Runnable" testcasecount="1" result="Passed" start-time="2024-09-07T21:58:19.2046097Z" end-time="2024-09-07T21:58:19.2046097Z" duration="0.000751" total="1" passed="1" failed="0" warnings="0" inconclusive="0" skipped="0" asserts="1">
        <test-case id="1-1461" name="TestValidFailInst" fullname="Kaitai.SpecValidFailInst.TestValidFailInst" methodname="TestValidFailInst" classname="Kaitai.SpecValidFailInst" runstate="Runnable" seed="1606344000" result="Passed" start-time="2024-09-07T21:58:19.2046097Z" end-time="2024-09-07T21:58:19.2046097Z" duration="0.000660" asserts="1" />
      </test-suite>
      <test-suite type="TestFixture" id="1-1462" name="SpecValidFailMaxInt" fullname="Kaitai.SpecValidFailMaxInt" classname="Kaitai.SpecValidFailMaxInt" runstate="Runnable" testcasecount="1" result="Passed" start-time="2024-09-07T21:58:19.2046097Z" end-time="2024-09-07T21:58:19.2046097Z" duration="0.000788" total="1" passed="1" failed="0" warnings="0" inconclusive="0" skipped="0" asserts="1">
        <test-case id="1-1463" name="TestValidFailMaxInt" fullname="Kaitai.SpecValidFailMaxInt.TestValidFailMaxInt" methodname="TestValidFailMaxInt" classname="Kaitai.SpecValidFailMaxInt" runstate="Runnable" seed="2071349791" result="Passed" start-time="2024-09-07T21:58:19.2046097Z" end-time="2024-09-07T21:58:19.2046097Z" duration="0.000693" asserts="1" />
      </test-suite>
      <test-suite type="TestFixture" id="1-1464" name="SpecValidFailMinInt" fullname="Kaitai.SpecValidFailMinInt" classname="Kaitai.SpecValidFailMinInt" runstate="Runnable" testcasecount="1" result="Passed" start-time="2024-09-07T21:58:19.2046097Z" end-time="2024-09-07T21:58:19.2046097Z" duration="0.000788" total="1" passed="1" failed="0" warnings="0" inconclusive="0" skipped="0" asserts="1">
        <test-case id="1-1465" name="TestValidFailMinInt" fullname="Kaitai.SpecValidFailMinInt.TestValidFailMinInt" methodname="TestValidFailMinInt" classname="Kaitai.SpecValidFailMinInt" runstate="Runnable" seed="998121827" result="Passed" start-time="2024-09-07T21:58:19.2046097Z" end-time="2024-09-07T21:58:19.2046097Z" duration="0.000691" asserts="1" />
      </test-suite>
      <test-suite type="TestFixture" id="1-1466" name="SpecValidFailRangeBytes" fullname="Kaitai.SpecValidFailRangeBytes" classname="Kaitai.SpecValidFailRangeBytes" runstate="Runnable" testcasecount="1" result="Passed" start-time="2024-09-07T21:58:19.2046097Z" end-time="2024-09-07T21:58:19.2202441Z" duration="0.000862" total="1" passed="1" failed="0" warnings="0" inconclusive="0" skipped="0" asserts="1">
        <test-case id="1-1467" name="TestValidFailRangeBytes" fullname="Kaitai.SpecValidFailRangeBytes.TestValidFailRangeBytes" methodname="TestValidFailRangeBytes" classname="Kaitai.SpecValidFailRangeBytes" runstate="Runnable" seed="429014602" result="Passed" start-time="2024-09-07T21:58:19.2202441Z" end-time="2024-09-07T21:58:19.2202441Z" duration="0.000729" asserts="1" />
      </test-suite>
      <test-suite type="TestFixture" id="1-1468" name="SpecValidFailRangeFloat" fullname="Kaitai.SpecValidFailRangeFloat" classname="Kaitai.SpecValidFailRangeFloat" runstate="Runnable" testcasecount="1" result="Passed" start-time="2024-09-07T21:58:19.2202441Z" end-time="2024-09-07T21:58:19.2202441Z" duration="0.000670" total="1" passed="1" failed="0" warnings="0" inconclusive="0" skipped="0" asserts="1">
        <test-case id="1-1469" name="TestValidFailRangeFloat" fullname="Kaitai.SpecValidFailRangeFloat.TestValidFailRangeFloat" methodname="TestValidFailRangeFloat" classname="Kaitai.SpecValidFailRangeFloat" runstate="Runnable" seed="333549334" result="Passed" start-time="2024-09-07T21:58:19.2202441Z" end-time="2024-09-07T21:58:19.2202441Z" duration="0.000577" asserts="1" />
      </test-suite>
      <test-suite type="TestFixture" id="1-1470" name="SpecValidFailRangeInt" fullname="Kaitai.SpecValidFailRangeInt" classname="Kaitai.SpecValidFailRangeInt" runstate="Runnable" testcasecount="1" result="Passed" start-time="2024-09-07T21:58:19.2202441Z" end-time="2024-09-07T21:58:19.2202441Z" duration="0.000661" total="1" passed="1" failed="0" warnings="0" inconclusive="0" skipped="0" asserts="1">
        <test-case id="1-1471" name="TestValidFailRangeInt" fullname="Kaitai.SpecValidFailRangeInt.TestValidFailRangeInt" methodname="TestValidFailRangeInt" classname="Kaitai.SpecValidFailRangeInt" runstate="Runnable" seed="1394111087" result="Passed" start-time="2024-09-07T21:58:19.2202441Z" end-time="2024-09-07T21:58:19.2202441Z" duration="0.000565" asserts="1" />
      </test-suite>
      <test-suite type="TestFixture" id="1-1472" name="SpecValidFailRangeStr" fullname="Kaitai.SpecValidFailRangeStr" classname="Kaitai.SpecValidFailRangeStr" runstate="Runnable" testcasecount="1" result="Passed" start-time="2024-09-07T21:58:19.2202441Z" end-time="2024-09-07T21:58:19.2202441Z" duration="0.000669" total="1" passed="1" failed="0" warnings="0" inconclusive="0" skipped="0" asserts="1">
        <test-case id="1-1473" name="TestValidFailRangeStr" fullname="Kaitai.SpecValidFailRangeStr.TestValidFailRangeStr" methodname="TestValidFailRangeStr" classname="Kaitai.SpecValidFailRangeStr" runstate="Runnable" seed="1359393104" result="Passed" start-time="2024-09-07T21:58:19.2202441Z" end-time="2024-09-07T21:58:19.2202441Z" duration="0.000575" asserts="1" />
      </test-suite>
      <test-suite type="TestFixture" id="1-1474" name="SpecValidFailRepeatAnyofInt" fullname="Kaitai.SpecValidFailRepeatAnyofInt" classname="Kaitai.SpecValidFailRepeatAnyofInt" runstate="Runnable" testcasecount="1" result="Passed" start-time="2024-09-07T21:58:19.2202441Z" end-time="2024-09-07T21:58:19.2202441Z" duration="0.000682" total="1" passed="1" failed="0" warnings="0" inconclusive="0" skipped="0" asserts="1">
        <test-case id="1-1475" name="TestValidFailRepeatAnyofInt" fullname="Kaitai.SpecValidFailRepeatAnyofInt.TestValidFailRepeatAnyofInt" methodname="TestValidFailRepeatAnyofInt" classname="Kaitai.SpecValidFailRepeatAnyofInt" runstate="Runnable" seed="627387168" result="Passed" start-time="2024-09-07T21:58:19.2202441Z" end-time="2024-09-07T21:58:19.2202441Z" duration="0.000587" asserts="1" />
      </test-suite>
      <test-suite type="TestFixture" id="1-1476" name="SpecValidFailRepeatContents" fullname="Kaitai.SpecValidFailRepeatContents" classname="Kaitai.SpecValidFailRepeatContents" runstate="Runnable" testcasecount="1" result="Passed" start-time="2024-09-07T21:58:19.2202441Z" end-time="2024-09-07T21:58:19.2202441Z" duration="0.000713" total="1" passed="1" failed="0" warnings="0" inconclusive="0" skipped="0" asserts="1">
        <test-case id="1-1477" name="TestValidFailRepeatContents" fullname="Kaitai.SpecValidFailRepeatContents.TestValidFailRepeatContents" methodname="TestValidFailRepeatContents" classname="Kaitai.SpecValidFailRepeatContents" runstate="Runnable" seed="281034577" result="Passed" start-time="2024-09-07T21:58:19.2202441Z" end-time="2024-09-07T21:58:19.2202441Z" duration="0.000619" asserts="1" />
      </test-suite>
      <test-suite type="TestFixture" id="1-1478" name="SpecValidFailRepeatEqInt" fullname="Kaitai.SpecValidFailRepeatEqInt" classname="Kaitai.SpecValidFailRepeatEqInt" runstate="Runnable" testcasecount="1" result="Passed" start-time="2024-09-07T21:58:19.2202441Z" end-time="2024-09-07T21:58:19.2202441Z" duration="0.000655" total="1" passed="1" failed="0" warnings="0" inconclusive="0" skipped="0" asserts="1">
        <test-case id="1-1479" name="TestValidFailRepeatEqInt" fullname="Kaitai.SpecValidFailRepeatEqInt.TestValidFailRepeatEqInt" methodname="TestValidFailRepeatEqInt" classname="Kaitai.SpecValidFailRepeatEqInt" runstate="Runnable" seed="497102157" result="Passed" start-time="2024-09-07T21:58:19.2202441Z" end-time="2024-09-07T21:58:19.2202441Z" duration="0.000559" asserts="1" />
      </test-suite>
      <test-suite type="TestFixture" id="1-1480" name="SpecValidFailRepeatExpr" fullname="Kaitai.SpecValidFailRepeatExpr" classname="Kaitai.SpecValidFailRepeatExpr" runstate="Runnable" testcasecount="1" result="Passed" start-time="2024-09-07T21:58:19.2202441Z" end-time="2024-09-07T21:58:19.2202441Z" duration="0.000701" total="1" passed="1" failed="0" warnings="0" inconclusive="0" skipped="0" asserts="1">
        <test-case id="1-1481" name="TestValidFailRepeatExpr" fullname="Kaitai.SpecValidFailRepeatExpr.TestValidFailRepeatExpr" methodname="TestValidFailRepeatExpr" classname="Kaitai.SpecValidFailRepeatExpr" runstate="Runnable" seed="667568344" result="Passed" start-time="2024-09-07T21:58:19.2202441Z" end-time="2024-09-07T21:58:19.2202441Z" duration="0.000609" asserts="1" />
      </test-suite>
      <test-suite type="TestFixture" id="1-1482" name="SpecValidFailRepeatInst" fullname="Kaitai.SpecValidFailRepeatInst" classname="Kaitai.SpecValidFailRepeatInst" runstate="Runnable" testcasecount="1" result="Passed" start-time="2024-09-07T21:58:19.2202441Z" end-time="2024-09-07T21:58:19.2202441Z" duration="0.000793" total="1" passed="1" failed="0" warnings="0" inconclusive="0" skipped="0" asserts="1">
        <test-case id="1-1483" name="TestValidFailRepeatInst" fullname="Kaitai.SpecValidFailRepeatInst.TestValidFailRepeatInst" methodname="TestValidFailRepeatInst" classname="Kaitai.SpecValidFailRepeatInst" runstate="Runnable" seed="1972425242" result="Passed" start-time="2024-09-07T21:58:19.2202441Z" end-time="2024-09-07T21:58:19.2202441Z" duration="0.000698" asserts="1" />
      </test-suite>
      <test-suite type="TestFixture" id="1-1484" name="SpecValidFailRepeatMaxInt" fullname="Kaitai.SpecValidFailRepeatMaxInt" classname="Kaitai.SpecValidFailRepeatMaxInt" runstate="Runnable" testcasecount="1" result="Passed" start-time="2024-09-07T21:58:19.2202441Z" end-time="2024-09-07T21:58:19.2202441Z" duration="0.000663" total="1" passed="1" failed="0" warnings="0" inconclusive="0" skipped="0" asserts="1">
        <test-case id="1-1485" name="TestValidFailRepeatMaxInt" fullname="Kaitai.SpecValidFailRepeatMaxInt.TestValidFailRepeatMaxInt" methodname="TestValidFailRepeatMaxInt" classname="Kaitai.SpecValidFailRepeatMaxInt" runstate="Runnable" seed="352575005" result="Passed" start-time="2024-09-07T21:58:19.2202441Z" end-time="2024-09-07T21:58:19.2202441Z" duration="0.000568" asserts="1" />
      </test-suite>
      <test-suite type="TestFixture" id="1-1486" name="SpecValidFailRepeatMinInt" fullname="Kaitai.SpecValidFailRepeatMinInt" classname="Kaitai.SpecValidFailRepeatMinInt" runstate="Runnable" testcasecount="1" result="Passed" start-time="2024-09-07T21:58:19.2202441Z" end-time="2024-09-07T21:58:19.2202441Z" duration="0.001949" total="1" passed="1" failed="0" warnings="0" inconclusive="0" skipped="0" asserts="1">
        <test-case id="1-1487" name="TestValidFailRepeatMinInt" fullname="Kaitai.SpecValidFailRepeatMinInt.TestValidFailRepeatMinInt" methodname="TestValidFailRepeatMinInt" classname="Kaitai.SpecValidFailRepeatMinInt" runstate="Runnable" seed="1755201143" result="Passed" start-time="2024-09-07T21:58:19.2202441Z" end-time="2024-09-07T21:58:19.2202441Z" duration="0.001849" asserts="1" />
      </test-suite>
      <test-suite type="TestFixture" id="1-1488" name="SpecValidLong" fullname="Kaitai.SpecValidLong" classname="Kaitai.SpecValidLong" runstate="Runnable" testcasecount="1" result="Passed" start-time="2024-09-07T21:58:19.2202441Z" end-time="2024-09-07T21:58:19.2202441Z" duration="0.001255" total="1" passed="1" failed="0" warnings="0" inconclusive="0" skipped="0" asserts="0">
        <test-case id="1-1489" name="TestValidLong" fullname="Kaitai.SpecValidLong.TestValidLong" methodname="TestValidLong" classname="Kaitai.SpecValidLong" runstate="Runnable" seed="892618312" result="Passed" start-time="2024-09-07T21:58:19.2202441Z" end-time="2024-09-07T21:58:19.2202441Z" duration="0.001157" asserts="0" />
      </test-suite>
      <test-suite type="TestFixture" id="1-1490" name="SpecValidNotParsedIf" fullname="Kaitai.SpecValidNotParsedIf" classname="Kaitai.SpecValidNotParsedIf" runstate="Runnable" testcasecount="1" result="Passed" start-time="2024-09-07T21:58:19.2202441Z" end-time="2024-09-07T21:58:19.2202441Z" duration="0.000588" total="1" passed="1" failed="0" warnings="0" inconclusive="0" skipped="0" asserts="0">
        <test-case id="1-1491" name="TestValidNotParsedIf" fullname="Kaitai.SpecValidNotParsedIf.TestValidNotParsedIf" methodname="TestValidNotParsedIf" classname="Kaitai.SpecValidNotParsedIf" runstate="Runnable" seed="1766564675" result="Passed" start-time="2024-09-07T21:58:19.2202441Z" end-time="2024-09-07T21:58:19.2202441Z" duration="0.000479" asserts="0" />
      </test-suite>
      <test-suite type="TestFixture" id="1-1492" name="SpecValidOptionalId" fullname="Kaitai.SpecValidOptionalId" classname="Kaitai.SpecValidOptionalId" runstate="Runnable" testcasecount="1" result="Passed" start-time="2024-09-07T21:58:19.2202441Z" end-time="2024-09-07T21:58:19.2202441Z" duration="0.000647" total="1" passed="1" failed="0" warnings="0" inconclusive="0" skipped="0" asserts="0">
        <test-case id="1-1493" name="TestValidOptionalId" fullname="Kaitai.SpecValidOptionalId.TestValidOptionalId" methodname="TestValidOptionalId" classname="Kaitai.SpecValidOptionalId" runstate="Runnable" seed="245761603" result="Passed" start-time="2024-09-07T21:58:19.2202441Z" end-time="2024-09-07T21:58:19.2202441Z" duration="0.000552" asserts="0" />
      </test-suite>
      <test-suite type="TestFixture" id="1-1494" name="SpecValidShort" fullname="Kaitai.SpecValidShort" classname="Kaitai.SpecValidShort" runstate="Runnable" testcasecount="1" result="Passed" start-time="2024-09-07T21:58:19.2202441Z" end-time="2024-09-07T21:58:19.2202441Z" duration="0.001244" total="1" passed="1" failed="0" warnings="0" inconclusive="0" skipped="0" asserts="0">
        <test-case id="1-1495" name="TestValidShort" fullname="Kaitai.SpecValidShort.TestValidShort" methodname="TestValidShort" classname="Kaitai.SpecValidShort" runstate="Runnable" seed="1972796810" result="Passed" start-time="2024-09-07T21:58:19.2202441Z" end-time="2024-09-07T21:58:19.2202441Z" duration="0.001148" asserts="0" />
      </test-suite>
      <test-suite type="TestFixture" id="1-1496" name="SpecValidSwitch" fullname="Kaitai.SpecValidSwitch" classname="Kaitai.SpecValidSwitch" runstate="Runnable" testcasecount="1" result="Passed" start-time="2024-09-07T21:58:19.2202441Z" end-time="2024-09-07T21:58:19.2202441Z" duration="0.000609" total="1" passed="1" failed="0" warnings="0" inconclusive="0" skipped="0" asserts="0">
        <test-case id="1-1497" name="TestValidSwitch" fullname="Kaitai.SpecValidSwitch.TestValidSwitch" methodname="TestValidSwitch" classname="Kaitai.SpecValidSwitch" runstate="Runnable" seed="1809034269" result="Passed" start-time="2024-09-07T21:58:19.2202441Z" end-time="2024-09-07T21:58:19.2202441Z" duration="0.000512" asserts="0" />
      </test-suite>
      <test-suite type="TestFixture" id="1-1498" name="SpecZlibSurrounded" fullname="Kaitai.SpecZlibSurrounded" classname="Kaitai.SpecZlibSurrounded" runstate="Runnable" testcasecount="1" result="Passed" start-time="2024-09-07T21:58:19.2202441Z" end-time="2024-09-07T21:58:19.2358590Z" duration="0.015178" total="1" passed="1" failed="0" warnings="0" inconclusive="0" skipped="0" asserts="1">
        <test-case id="1-1499" name="TestZlibSurrounded" fullname="Kaitai.SpecZlibSurrounded.TestZlibSurrounded" methodname="TestZlibSurrounded" classname="Kaitai.SpecZlibSurrounded" runstate="Runnable" seed="793808764" result="Passed" start-time="2024-09-07T21:58:19.2202441Z" end-time="2024-09-07T21:58:19.2358590Z" duration="0.015087" asserts="1" />
      </test-suite>
      <test-suite type="TestFixture" id="1-1500" name="SpecZlibWithHeader78" fullname="Kaitai.SpecZlibWithHeader78" classname="Kaitai.SpecZlibWithHeader78" runstate="Runnable" testcasecount="1" result="Passed" start-time="2024-09-07T21:58:19.2358590Z" end-time="2024-09-07T21:58:19.2358590Z" duration="0.000601" total="1" passed="1" failed="0" warnings="0" inconclusive="0" skipped="0" asserts="1">
        <test-case id="1-1501" name="TestZlibWithHeader78" fullname="Kaitai.SpecZlibWithHeader78.TestZlibWithHeader78" methodname="TestZlibWithHeader78" classname="Kaitai.SpecZlibWithHeader78" runstate="Runnable" seed="2111493231" result="Passed" start-time="2024-09-07T21:58:19.2358590Z" end-time="2024-09-07T21:58:19.2358590Z" duration="0.000497" asserts="1" />
      </test-suite>
    </test-suite>
  </test-suite>
</test-run>