<?xml version="1.0" encoding="utf-8" standalone="no"?>
<test-run id="2" testcasecount="237" result="Failed" total="237" passed="236" failed="1" inconclusive="0" skipped="0" asserts="1079" engine-version="3.4.1.0" clr-version="4.0.30319.42000" start-time="2024-07-13 00:24:45Z" end-time="2024-07-13 00:24:47Z" duration="1.472010">
  <command-line><![CDATA[/home/runner/.nuget/packages/nunit.consolerunner/3.4.1/tools/nunit3-console.exe --result=test_out/csharp/TestResult.xml spec/csharp/kaitai_struct_csharp_tests_netframework/bin/Debug/kaitai_struct_csharp_tests.dll]]></command-line>
  <test-suite type="Assembly" id="0-1474" name="kaitai_struct_csharp_tests.dll" fullname="/home/runner/work/ci_targets/ci_targets/tests/spec/csharp/kaitai_struct_csharp_tests_netframework/bin/Debug/kaitai_struct_csharp_tests.dll" runstate="Runnable" testcasecount="237" result="Failed" site="Child" start-time="2024-07-13 00:24:45Z" end-time="2024-07-13 00:24:47Z" duration="1.392780" total="237" passed="236" failed="1" inconclusive="0" skipped="0" asserts="1079">
    <environment framework-version="3.4.1.0" clr-version="4.0.30319.42000" os-version="Unix 6.5.0.1023" platform="Unix" cwd="/home/runner/work/ci_targets/ci_targets/tests" machine-name="fv-az979-68" user="runner" user-domain="fv-az979-68" culture="" uiculture="" os-architecture="x64" />
    <settings>
      <setting name="WorkDirectory" value="/home/runner/work/ci_targets/ci_targets/tests" />
      <setting name="ImageRuntimeVersion" value="4.0.30319" />
      <setting name="ImageTargetFrameworkName" value=".NETFramework,Version=v4.8" />
      <setting name="ImageRequiresX86" value="False" />
      <setting name="ImageRequiresDefaultAppDomainAssemblyResolver" value="False" />
      <setting name="NumberOfTestWorkers" value="4" />
    </settings>
    <properties>
      <property name="_PID" value="2573" />
      <property name="_APPDOMAIN" value="test-domain-" />
    </properties>
    <failure>
      <message><![CDATA[One or more child tests had errors]]></message>
    </failure>
    <test-suite type="TestSuite" id="0-1475" name="Kaitai" fullname="Kaitai" runstate="Runnable" testcasecount="237" result="Failed" site="Child" start-time="2024-07-13 00:24:45Z" end-time="2024-07-13 00:24:47Z" duration="1.382002" total="237" passed="236" failed="1" inconclusive="0" skipped="0" asserts="1079">
      <failure>
        <message><![CDATA[One or more child tests had errors]]></message>
      </failure>
      <test-suite type="TestFixture" id="0-1000" name="SpecBcdUserTypeBe" fullname="Kaitai.SpecBcdUserTypeBe" classname="Kaitai.SpecBcdUserTypeBe" runstate="Runnable" testcasecount="1" result="Passed" start-time="2024-07-13 00:24:45Z" end-time="2024-07-13 00:24:45Z" duration="0.019335" total="1" passed="1" failed="0" inconclusive="0" skipped="0" asserts="6">
        <test-case id="0-1001" name="TestBcdUserTypeBe" fullname="Kaitai.SpecBcdUserTypeBe.TestBcdUserTypeBe" methodname="TestBcdUserTypeBe" classname="Kaitai.SpecBcdUserTypeBe" runstate="Runnable" seed="1951491502" result="Passed" start-time="2024-07-13 00:24:45Z" end-time="2024-07-13 00:24:45Z" duration="0.012381" asserts="6" />
      </test-suite>
      <test-suite type="TestFixture" id="0-1002" name="SpecBcdUserTypeLe" fullname="Kaitai.SpecBcdUserTypeLe" classname="Kaitai.SpecBcdUserTypeLe" runstate="Runnable" testcasecount="1" result="Passed" start-time="2024-07-13 00:24:45Z" end-time="2024-07-13 00:24:45Z" duration="0.004648" total="1" passed="1" failed="0" inconclusive="0" skipped="0" asserts="6">
        <test-case id="0-1003" name="TestBcdUserTypeLe" fullname="Kaitai.SpecBcdUserTypeLe.TestBcdUserTypeLe" methodname="TestBcdUserTypeLe" classname="Kaitai.SpecBcdUserTypeLe" runstate="Runnable" seed="60515242" result="Passed" start-time="2024-07-13 00:24:45Z" end-time="2024-07-13 00:24:45Z" duration="0.002306" asserts="6" />
      </test-suite>
      <test-suite type="TestFixture" id="0-1004" name="SpecBitsByteAligned" fullname="Kaitai.SpecBitsByteAligned" classname="Kaitai.SpecBitsByteAligned" runstate="Runnable" testcasecount="1" result="Passed" start-time="2024-07-13 00:24:45Z" end-time="2024-07-13 00:24:45Z" duration="0.006133" total="1" passed="1" failed="0" inconclusive="0" skipped="0" asserts="9">
        <test-case id="0-1005" name="TestBitsByteAligned" fullname="Kaitai.SpecBitsByteAligned.TestBitsByteAligned" methodname="TestBitsByteAligned" classname="Kaitai.SpecBitsByteAligned" runstate="Runnable" seed="1730195037" result="Passed" start-time="2024-07-13 00:24:45Z" end-time="2024-07-13 00:24:45Z" duration="0.003708" asserts="9" />
      </test-suite>
      <test-suite type="TestFixture" id="0-1006" name="SpecBitsEnum" fullname="Kaitai.SpecBitsEnum" classname="Kaitai.SpecBitsEnum" runstate="Runnable" testcasecount="1" result="Passed" start-time="2024-07-13 00:24:45Z" end-time="2024-07-13 00:24:45Z" duration="0.003095" total="1" passed="1" failed="0" inconclusive="0" skipped="0" asserts="3">
        <test-case id="0-1007" name="TestBitsEnum" fullname="Kaitai.SpecBitsEnum.TestBitsEnum" methodname="TestBitsEnum" classname="Kaitai.SpecBitsEnum" runstate="Runnable" seed="1102808831" result="Passed" start-time="2024-07-13 00:24:45Z" end-time="2024-07-13 00:24:45Z" duration="0.000705" asserts="3" />
      </test-suite>
      <test-suite type="TestFixture" id="0-1008" name="SpecBitsSeqEndianCombo" fullname="Kaitai.SpecBitsSeqEndianCombo" classname="Kaitai.SpecBitsSeqEndianCombo" runstate="Runnable" testcasecount="1" result="Passed" start-time="2024-07-13 00:24:45Z" end-time="2024-07-13 00:24:45Z" duration="0.002937" total="1" passed="1" failed="0" inconclusive="0" skipped="0" asserts="8">
        <test-case id="0-1009" name="TestBitsSeqEndianCombo" fullname="Kaitai.SpecBitsSeqEndianCombo.TestBitsSeqEndianCombo" methodname="TestBitsSeqEndianCombo" classname="Kaitai.SpecBitsSeqEndianCombo" runstate="Runnable" seed="310522052" result="Passed" start-time="2024-07-13 00:24:45Z" end-time="2024-07-13 00:24:45Z" duration="0.000572" asserts="8" />
      </test-suite>
      <test-suite type="TestFixture" id="0-1010" name="SpecBitsShiftByB32Le" fullname="Kaitai.SpecBitsShiftByB32Le" classname="Kaitai.SpecBitsShiftByB32Le" runstate="Runnable" testcasecount="1" result="Passed" start-time="2024-07-13 00:24:45Z" end-time="2024-07-13 00:24:45Z" duration="0.002707" total="1" passed="1" failed="0" inconclusive="0" skipped="0" asserts="2">
        <test-case id="0-1011" name="TestBitsShiftByB32Le" fullname="Kaitai.SpecBitsShiftByB32Le.TestBitsShiftByB32Le" methodname="TestBitsShiftByB32Le" classname="Kaitai.SpecBitsShiftByB32Le" runstate="Runnable" seed="580106038" result="Passed" start-time="2024-07-13 00:24:45Z" end-time="2024-07-13 00:24:45Z" duration="0.000352" asserts="2" />
      </test-suite>
      <test-suite type="TestFixture" id="0-1012" name="SpecBitsShiftByB64Le" fullname="Kaitai.SpecBitsShiftByB64Le" classname="Kaitai.SpecBitsShiftByB64Le" runstate="Runnable" testcasecount="1" result="Passed" start-time="2024-07-13 00:24:45Z" end-time="2024-07-13 00:24:45Z" duration="0.002650" total="1" passed="1" failed="0" inconclusive="0" skipped="0" asserts="2">
        <test-case id="0-1013" name="TestBitsShiftByB64Le" fullname="Kaitai.SpecBitsShiftByB64Le.TestBitsShiftByB64Le" methodname="TestBitsShiftByB64Le" classname="Kaitai.SpecBitsShiftByB64Le" runstate="Runnable" seed="1794866846" result="Passed" start-time="2024-07-13 00:24:45Z" end-time="2024-07-13 00:24:45Z" duration="0.000296" asserts="2" />
      </test-suite>
      <test-suite type="TestFixture" id="0-1014" name="SpecBitsSignedResB32Be" fullname="Kaitai.SpecBitsSignedResB32Be" classname="Kaitai.SpecBitsSignedResB32Be" runstate="Runnable" testcasecount="1" result="Passed" start-time="2024-07-13 00:24:45Z" end-time="2024-07-13 00:24:45Z" duration="0.002611" total="1" passed="1" failed="0" inconclusive="0" skipped="0" asserts="1">
        <test-case id="0-1015" name="TestBitsSignedResB32Be" fullname="Kaitai.SpecBitsSignedResB32Be.TestBitsSignedResB32Be" methodname="TestBitsSignedResB32Be" classname="Kaitai.SpecBitsSignedResB32Be" runstate="Runnable" seed="1091869155" result="Passed" start-time="2024-07-13 00:24:45Z" end-time="2024-07-13 00:24:45Z" duration="0.000267" asserts="1" />
      </test-suite>
      <test-suite type="TestFixture" id="0-1016" name="SpecBitsSignedResB32Le" fullname="Kaitai.SpecBitsSignedResB32Le" classname="Kaitai.SpecBitsSignedResB32Le" runstate="Runnable" testcasecount="1" result="Passed" start-time="2024-07-13 00:24:45Z" end-time="2024-07-13 00:24:45Z" duration="0.002610" total="1" passed="1" failed="0" inconclusive="0" skipped="0" asserts="1">
        <test-case id="0-1017" name="TestBitsSignedResB32Le" fullname="Kaitai.SpecBitsSignedResB32Le.TestBitsSignedResB32Le" methodname="TestBitsSignedResB32Le" classname="Kaitai.SpecBitsSignedResB32Le" runstate="Runnable" seed="445266963" result="Passed" start-time="2024-07-13 00:24:45Z" end-time="2024-07-13 00:24:45Z" duration="0.000265" asserts="1" />
      </test-suite>
      <test-suite type="TestFixture" id="0-1018" name="SpecBitsSignedShiftB32Le" fullname="Kaitai.SpecBitsSignedShiftB32Le" classname="Kaitai.SpecBitsSignedShiftB32Le" runstate="Runnable" testcasecount="1" result="Passed" start-time="2024-07-13 00:24:45Z" end-time="2024-07-13 00:24:45Z" duration="0.002650" total="1" passed="1" failed="0" inconclusive="0" skipped="0" asserts="2">
        <test-case id="0-1019" name="TestBitsSignedShiftB32Le" fullname="Kaitai.SpecBitsSignedShiftB32Le.TestBitsSignedShiftB32Le" methodname="TestBitsSignedShiftB32Le" classname="Kaitai.SpecBitsSignedShiftB32Le" runstate="Runnable" seed="851464245" result="Passed" start-time="2024-07-13 00:24:45Z" end-time="2024-07-13 00:24:45Z" duration="0.000293" asserts="2" />
      </test-suite>
      <test-suite type="TestFixture" id="0-1020" name="SpecBitsSignedShiftB64Le" fullname="Kaitai.SpecBitsSignedShiftB64Le" classname="Kaitai.SpecBitsSignedShiftB64Le" runstate="Runnable" testcasecount="1" result="Passed" start-time="2024-07-13 00:24:45Z" end-time="2024-07-13 00:24:45Z" duration="0.002647" total="1" passed="1" failed="0" inconclusive="0" skipped="0" asserts="2">
        <test-case id="0-1021" name="TestBitsSignedShiftB64Le" fullname="Kaitai.SpecBitsSignedShiftB64Le.TestBitsSignedShiftB64Le" methodname="TestBitsSignedShiftB64Le" classname="Kaitai.SpecBitsSignedShiftB64Le" runstate="Runnable" seed="1316093498" result="Passed" start-time="2024-07-13 00:24:45Z" end-time="2024-07-13 00:24:45Z" duration="0.000293" asserts="2" />
      </test-suite>
      <test-suite type="TestFixture" id="0-1022" name="SpecBitsSimple" fullname="Kaitai.SpecBitsSimple" classname="Kaitai.SpecBitsSimple" runstate="Runnable" testcasecount="1" result="Passed" start-time="2024-07-13 00:24:45Z" end-time="2024-07-13 00:24:45Z" duration="0.003802" total="1" passed="1" failed="0" inconclusive="0" skipped="0" asserts="14">
        <test-case id="0-1023" name="TestBitsSimple" fullname="Kaitai.SpecBitsSimple.TestBitsSimple" methodname="TestBitsSimple" classname="Kaitai.SpecBitsSimple" runstate="Runnable" seed="2147278896" result="Passed" start-time="2024-07-13 00:24:45Z" end-time="2024-07-13 00:24:45Z" duration="0.001467" asserts="14" />
      </test-suite>
      <test-suite type="TestFixture" id="0-1024" name="SpecBitsSimpleLe" fullname="Kaitai.SpecBitsSimpleLe" classname="Kaitai.SpecBitsSimpleLe" runstate="Runnable" testcasecount="1" result="Passed" start-time="2024-07-13 00:24:45Z" end-time="2024-07-13 00:24:45Z" duration="0.003053" total="1" passed="1" failed="0" inconclusive="0" skipped="0" asserts="14">
        <test-case id="0-1025" name="TestBitsSimpleLe" fullname="Kaitai.SpecBitsSimpleLe.TestBitsSimpleLe" methodname="TestBitsSimpleLe" classname="Kaitai.SpecBitsSimpleLe" runstate="Runnable" seed="723389191" result="Passed" start-time="2024-07-13 00:24:45Z" end-time="2024-07-13 00:24:45Z" duration="0.000711" asserts="14" />
      </test-suite>
      <test-suite type="TestFixture" id="0-1026" name="SpecBitsUnalignedB32Be" fullname="Kaitai.SpecBitsUnalignedB32Be" classname="Kaitai.SpecBitsUnalignedB32Be" runstate="Runnable" testcasecount="1" result="Passed" start-time="2024-07-13 00:24:45Z" end-time="2024-07-13 00:24:45Z" duration="0.002679" total="1" passed="1" failed="0" inconclusive="0" skipped="0" asserts="3">
        <test-case id="0-1027" name="TestBitsUnalignedB32Be" fullname="Kaitai.SpecBitsUnalignedB32Be.TestBitsUnalignedB32Be" methodname="TestBitsUnalignedB32Be" classname="Kaitai.SpecBitsUnalignedB32Be" runstate="Runnable" seed="1082689267" result="Passed" start-time="2024-07-13 00:24:45Z" end-time="2024-07-13 00:24:45Z" duration="0.000344" asserts="3" />
      </test-suite>
      <test-suite type="TestFixture" id="0-1028" name="SpecBitsUnalignedB32Le" fullname="Kaitai.SpecBitsUnalignedB32Le" classname="Kaitai.SpecBitsUnalignedB32Le" runstate="Runnable" testcasecount="1" result="Passed" start-time="2024-07-13 00:24:45Z" end-time="2024-07-13 00:24:45Z" duration="0.002694" total="1" passed="1" failed="0" inconclusive="0" skipped="0" asserts="3">
        <test-case id="0-1029" name="TestBitsUnalignedB32Le" fullname="Kaitai.SpecBitsUnalignedB32Le.TestBitsUnalignedB32Le" methodname="TestBitsUnalignedB32Le" classname="Kaitai.SpecBitsUnalignedB32Le" runstate="Runnable" seed="1699322458" result="Passed" start-time="2024-07-13 00:24:45Z" end-time="2024-07-13 00:24:45Z" duration="0.000358" asserts="3" />
      </test-suite>
      <test-suite type="TestFixture" id="0-1030" name="SpecBitsUnalignedB64Be" fullname="Kaitai.SpecBitsUnalignedB64Be" classname="Kaitai.SpecBitsUnalignedB64Be" runstate="Runnable" testcasecount="1" result="Passed" start-time="2024-07-13 00:24:45Z" end-time="2024-07-13 00:24:45Z" duration="0.002693" total="1" passed="1" failed="0" inconclusive="0" skipped="0" asserts="3">
        <test-case id="0-1031" name="TestBitsUnalignedB64Be" fullname="Kaitai.SpecBitsUnalignedB64Be.TestBitsUnalignedB64Be" methodname="TestBitsUnalignedB64Be" classname="Kaitai.SpecBitsUnalignedB64Be" runstate="Runnable" seed="2142604130" result="Passed" start-time="2024-07-13 00:24:45Z" end-time="2024-07-13 00:24:45Z" duration="0.000345" asserts="3" />
      </test-suite>
      <test-suite type="TestFixture" id="0-1032" name="SpecBitsUnalignedB64Le" fullname="Kaitai.SpecBitsUnalignedB64Le" classname="Kaitai.SpecBitsUnalignedB64Le" runstate="Runnable" testcasecount="1" result="Passed" start-time="2024-07-13 00:24:45Z" end-time="2024-07-13 00:24:45Z" duration="0.002669" total="1" passed="1" failed="0" inconclusive="0" skipped="0" asserts="3">
        <test-case id="0-1033" name="TestBitsUnalignedB64Le" fullname="Kaitai.SpecBitsUnalignedB64Le.TestBitsUnalignedB64Le" methodname="TestBitsUnalignedB64Le" classname="Kaitai.SpecBitsUnalignedB64Le" runstate="Runnable" seed="1439363591" result="Passed" start-time="2024-07-13 00:24:45Z" end-time="2024-07-13 00:24:45Z" duration="0.000336" asserts="3" />
      </test-suite>
      <test-suite type="TestFixture" id="0-1034" name="SpecBufferedStruct" fullname="Kaitai.SpecBufferedStruct" classname="Kaitai.SpecBufferedStruct" runstate="Runnable" testcasecount="1" result="Passed" start-time="2024-07-13 00:24:45Z" end-time="2024-07-13 00:24:45Z" duration="0.003319" total="1" passed="1" failed="0" inconclusive="0" skipped="0" asserts="7">
        <test-case id="0-1035" name="TestBufferedStruct" fullname="Kaitai.SpecBufferedStruct.TestBufferedStruct" methodname="TestBufferedStruct" classname="Kaitai.SpecBufferedStruct" runstate="Runnable" seed="1597826575" result="Passed" start-time="2024-07-13 00:24:45Z" end-time="2024-07-13 00:24:45Z" duration="0.000988" asserts="7" />
      </test-suite>
      <test-suite type="TestFixture" id="0-1036" name="SpecBytesPadTerm" fullname="Kaitai.SpecBytesPadTerm" classname="Kaitai.SpecBytesPadTerm" runstate="Runnable" testcasecount="1" result="Passed" start-time="2024-07-13 00:24:46Z" end-time="2024-07-13 00:24:46Z" duration="0.002943" total="1" passed="1" failed="0" inconclusive="0" skipped="0" asserts="4">
        <test-case id="0-1037" name="TestBytesPadTerm" fullname="Kaitai.SpecBytesPadTerm.TestBytesPadTerm" methodname="TestBytesPadTerm" classname="Kaitai.SpecBytesPadTerm" runstate="Runnable" seed="865817285" result="Passed" start-time="2024-07-13 00:24:46Z" end-time="2024-07-13 00:24:46Z" duration="0.000611" asserts="4" />
      </test-suite>
      <test-suite type="TestFixture" id="0-1038" name="SpecCastNested" fullname="Kaitai.SpecCastNested" classname="Kaitai.SpecCastNested" runstate="Runnable" testcasecount="1" result="Passed" start-time="2024-07-13 00:24:46Z" end-time="2024-07-13 00:24:46Z" duration="0.017393" total="1" passed="1" failed="0" inconclusive="0" skipped="0" asserts="4">
        <test-case id="0-1039" name="TestCastNested" fullname="Kaitai.SpecCastNested.TestCastNested" methodname="TestCastNested" classname="Kaitai.SpecCastNested" runstate="Runnable" seed="61714901" result="Passed" start-time="2024-07-13 00:24:46Z" end-time="2024-07-13 00:24:46Z" duration="0.015060" asserts="4" />
      </test-suite>
      <test-suite type="TestFixture" id="0-1040" name="SpecCastToTop" fullname="Kaitai.SpecCastToTop" classname="Kaitai.SpecCastToTop" runstate="Runnable" testcasecount="1" result="Passed" start-time="2024-07-13 00:24:46Z" end-time="2024-07-13 00:24:46Z" duration="0.003104" total="1" passed="1" failed="0" inconclusive="0" skipped="0" asserts="3">
        <test-case id="0-1041" name="TestCastToTop" fullname="Kaitai.SpecCastToTop.TestCastToTop" methodname="TestCastToTop" classname="Kaitai.SpecCastToTop" runstate="Runnable" seed="1997718159" result="Passed" start-time="2024-07-13 00:24:46Z" end-time="2024-07-13 00:24:46Z" duration="0.000764" asserts="3" />
      </test-suite>
      <test-suite type="TestFixture" id="0-1042" name="SpecCombineBool" fullname="Kaitai.SpecCombineBool" classname="Kaitai.SpecCombineBool" runstate="Runnable" testcasecount="1" result="Passed" start-time="2024-07-13 00:24:46Z" end-time="2024-07-13 00:24:46Z" duration="0.002736" total="1" passed="1" failed="0" inconclusive="0" skipped="0" asserts="2">
        <test-case id="0-1043" name="TestCombineBool" fullname="Kaitai.SpecCombineBool.TestCombineBool" methodname="TestCombineBool" classname="Kaitai.SpecCombineBool" runstate="Runnable" seed="1580344741" result="Passed" start-time="2024-07-13 00:24:46Z" end-time="2024-07-13 00:24:46Z" duration="0.000395" asserts="2" />
      </test-suite>
      <test-suite type="TestFixture" id="0-1044" name="SpecCombineBytes" fullname="Kaitai.SpecCombineBytes" classname="Kaitai.SpecCombineBytes" runstate="Runnable" testcasecount="1" result="Passed" start-time="2024-07-13 00:24:46Z" end-time="2024-07-13 00:24:46Z" duration="0.003111" total="1" passed="1" failed="0" inconclusive="0" skipped="0" asserts="10">
        <test-case id="0-1045" name="TestCombineBytes" fullname="Kaitai.SpecCombineBytes.TestCombineBytes" methodname="TestCombineBytes" classname="Kaitai.SpecCombineBytes" runstate="Runnable" seed="1674580208" result="Passed" start-time="2024-07-13 00:24:46Z" end-time="2024-07-13 00:24:46Z" duration="0.000774" asserts="10" />
      </test-suite>
      <test-suite type="TestFixture" id="0-1046" name="SpecCombineEnum" fullname="Kaitai.SpecCombineEnum" classname="Kaitai.SpecCombineEnum" runstate="Runnable" testcasecount="1" result="Passed" start-time="2024-07-13 00:24:46Z" end-time="2024-07-13 00:24:46Z" duration="0.002799" total="1" passed="1" failed="0" inconclusive="0" skipped="0" asserts="3">
        <test-case id="0-1047" name="TestCombineEnum" fullname="Kaitai.SpecCombineEnum.TestCombineEnum" methodname="TestCombineEnum" classname="Kaitai.SpecCombineEnum" runstate="Runnable" seed="930885626" result="Passed" start-time="2024-07-13 00:24:46Z" end-time="2024-07-13 00:24:46Z" duration="0.000464" asserts="3" />
      </test-suite>
      <test-suite type="TestFixture" id="0-1048" name="SpecCombineStr" fullname="Kaitai.SpecCombineStr" classname="Kaitai.SpecCombineStr" runstate="Runnable" testcasecount="1" result="Passed" start-time="2024-07-13 00:24:46Z" end-time="2024-07-13 00:24:46Z" duration="0.003197" total="1" passed="1" failed="0" inconclusive="0" skipped="0" asserts="15">
        <test-case id="0-1049" name="TestCombineStr" fullname="Kaitai.SpecCombineStr.TestCombineStr" methodname="TestCombineStr" classname="Kaitai.SpecCombineStr" runstate="Runnable" seed="1448538590" result="Passed" start-time="2024-07-13 00:24:46Z" end-time="2024-07-13 00:24:46Z" duration="0.000863" asserts="15" />
      </test-suite>
      <test-suite type="TestFixture" id="0-1050" name="SpecDebug0" fullname="Kaitai.SpecDebug0" classname="Kaitai.SpecDebug0" runstate="Runnable" testcasecount="1" result="Passed" start-time="2024-07-13 00:24:46Z" end-time="2024-07-13 00:24:46Z" duration="0.002387" total="1" passed="1" failed="0" inconclusive="0" skipped="0" asserts="0">
        <test-case id="0-1051" name="TestDebug0" fullname="Kaitai.SpecDebug0.TestDebug0" methodname="TestDebug0" classname="Kaitai.SpecDebug0" runstate="Runnable" seed="1929398517" result="Passed" start-time="2024-07-13 00:24:46Z" end-time="2024-07-13 00:24:46Z" duration="0.000053" asserts="0" />
      </test-suite>
      <test-suite type="TestFixture" id="0-1052" name="SpecDebugArrayUser" fullname="Kaitai.SpecDebugArrayUser" classname="Kaitai.SpecDebugArrayUser" runstate="Runnable" testcasecount="1" result="Passed" start-time="2024-07-13 00:24:46Z" end-time="2024-07-13 00:24:46Z" duration="0.003041" total="1" passed="1" failed="0" inconclusive="0" skipped="0" asserts="4">
        <test-case id="0-1053" name="TestDebugArrayUser" fullname="Kaitai.SpecDebugArrayUser.TestDebugArrayUser" methodname="TestDebugArrayUser" classname="Kaitai.SpecDebugArrayUser" runstate="Runnable" seed="1616543107" result="Passed" start-time="2024-07-13 00:24:46Z" end-time="2024-07-13 00:24:46Z" duration="0.000711" asserts="4" />
      </test-suite>
      <test-suite type="TestFixture" id="0-1054" name="SpecDebugEnumName" fullname="Kaitai.SpecDebugEnumName" classname="Kaitai.SpecDebugEnumName" runstate="Runnable" testcasecount="1" result="Passed" start-time="2024-07-13 00:24:46Z" end-time="2024-07-13 00:24:46Z" duration="0.002389" total="1" passed="1" failed="0" inconclusive="0" skipped="0" asserts="0">
        <test-case id="0-1055" name="TestDebugEnumName" fullname="Kaitai.SpecDebugEnumName.TestDebugEnumName" methodname="TestDebugEnumName" classname="Kaitai.SpecDebugEnumName" runstate="Runnable" seed="1653822779" result="Passed" start-time="2024-07-13 00:24:46Z" end-time="2024-07-13 00:24:46Z" duration="0.000053" asserts="0" />
      </test-suite>
      <test-suite type="TestFixture" id="0-1056" name="SpecDebugSwitchUser" fullname="Kaitai.SpecDebugSwitchUser" classname="Kaitai.SpecDebugSwitchUser" runstate="Runnable" testcasecount="1" result="Passed" start-time="2024-07-13 00:24:46Z" end-time="2024-07-13 00:24:46Z" duration="0.002823" total="1" passed="1" failed="0" inconclusive="0" skipped="0" asserts="2">
        <test-case id="0-1057" name="TestDebugSwitchUser" fullname="Kaitai.SpecDebugSwitchUser.TestDebugSwitchUser" methodname="TestDebugSwitchUser" classname="Kaitai.SpecDebugSwitchUser" runstate="Runnable" seed="281940378" result="Passed" start-time="2024-07-13 00:24:46Z" end-time="2024-07-13 00:24:46Z" duration="0.000489" asserts="2" />
      </test-suite>
      <test-suite type="TestFixture" id="0-1058" name="SpecDefaultBigEndian" fullname="Kaitai.SpecDefaultBigEndian" classname="Kaitai.SpecDefaultBigEndian" runstate="Runnable" testcasecount="1" result="Passed" start-time="2024-07-13 00:24:46Z" end-time="2024-07-13 00:24:46Z" duration="0.002652" total="1" passed="1" failed="0" inconclusive="0" skipped="0" asserts="1">
        <test-case id="0-1059" name="TestDefaultBigEndian" fullname="Kaitai.SpecDefaultBigEndian.TestDefaultBigEndian" methodname="TestDefaultBigEndian" classname="Kaitai.SpecDefaultBigEndian" runstate="Runnable" seed="1899117257" result="Passed" start-time="2024-07-13 00:24:46Z" end-time="2024-07-13 00:24:46Z" duration="0.000319" asserts="1" />
      </test-suite>
      <test-suite type="TestFixture" id="0-1060" name="SpecDefaultBitEndianMod" fullname="Kaitai.SpecDefaultBitEndianMod" classname="Kaitai.SpecDefaultBitEndianMod" runstate="Runnable" testcasecount="1" result="Passed" start-time="2024-07-13 00:24:46Z" end-time="2024-07-13 00:24:46Z" duration="0.002886" total="1" passed="1" failed="0" inconclusive="0" skipped="0" asserts="4">
        <test-case id="0-1061" name="TestDefaultBitEndianMod" fullname="Kaitai.SpecDefaultBitEndianMod.TestDefaultBitEndianMod" methodname="TestDefaultBitEndianMod" classname="Kaitai.SpecDefaultBitEndianMod" runstate="Runnable" seed="589067943" result="Passed" start-time="2024-07-13 00:24:46Z" end-time="2024-07-13 00:24:46Z" duration="0.000555" asserts="4" />
      </test-suite>
      <test-suite type="TestFixture" id="0-1062" name="SpecDefaultEndianExprException" fullname="Kaitai.SpecDefaultEndianExprException" classname="Kaitai.SpecDefaultEndianExprException" runstate="Runnable" testcasecount="1" result="Passed" start-time="2024-07-13 00:24:46Z" end-time="2024-07-13 00:24:46Z" duration="0.005349" total="1" passed="1" failed="0" inconclusive="0" skipped="0" asserts="1">
        <test-case id="0-1063" name="TestDefaultEndianExprException" fullname="Kaitai.SpecDefaultEndianExprException.TestDefaultEndianExprException" methodname="TestDefaultEndianExprException" classname="Kaitai.SpecDefaultEndianExprException" runstate="Runnable" seed="1378367240" result="Passed" start-time="2024-07-13 00:24:46Z" end-time="2024-07-13 00:24:46Z" duration="0.003018" asserts="1" />
      </test-suite>
      <test-suite type="TestFixture" id="0-1064" name="SpecDefaultEndianExprInherited" fullname="Kaitai.SpecDefaultEndianExprInherited" classname="Kaitai.SpecDefaultEndianExprInherited" runstate="Runnable" testcasecount="1" result="Passed" start-time="2024-07-13 00:24:46Z" end-time="2024-07-13 00:24:46Z" duration="0.004411" total="1" passed="1" failed="0" inconclusive="0" skipped="0" asserts="15">
        <test-case id="0-1065" name="TestDefaultEndianExprInherited" fullname="Kaitai.SpecDefaultEndianExprInherited.TestDefaultEndianExprInherited" methodname="TestDefaultEndianExprInherited" classname="Kaitai.SpecDefaultEndianExprInherited" runstate="Runnable" seed="1042692686" result="Passed" start-time="2024-07-13 00:24:46Z" end-time="2024-07-13 00:24:46Z" duration="0.002074" asserts="15" />
      </test-suite>
      <test-suite type="TestFixture" id="0-1066" name="SpecDefaultEndianExprIsBe" fullname="Kaitai.SpecDefaultEndianExprIsBe" classname="Kaitai.SpecDefaultEndianExprIsBe" runstate="Runnable" testcasecount="1" result="Passed" start-time="2024-07-13 00:24:46Z" end-time="2024-07-13 00:24:46Z" duration="0.004315" total="1" passed="1" failed="0" inconclusive="0" skipped="0" asserts="18">
        <test-case id="0-1067" name="TestDefaultEndianExprIsBe" fullname="Kaitai.SpecDefaultEndianExprIsBe.TestDefaultEndianExprIsBe" methodname="TestDefaultEndianExprIsBe" classname="Kaitai.SpecDefaultEndianExprIsBe" runstate="Runnable" seed="1038014297" result="Passed" start-time="2024-07-13 00:24:46Z" end-time="2024-07-13 00:24:46Z" duration="0.001974" asserts="18" />
      </test-suite>
      <test-suite type="TestFixture" id="0-1068" name="SpecDefaultEndianExprIsLe" fullname="Kaitai.SpecDefaultEndianExprIsLe" classname="Kaitai.SpecDefaultEndianExprIsLe" runstate="Runnable" testcasecount="1" result="Passed" start-time="2024-07-13 00:24:46Z" end-time="2024-07-13 00:24:46Z" duration="0.003594" total="1" passed="1" failed="0" inconclusive="0" skipped="0" asserts="12">
        <test-case id="0-1069" name="TestDefaultEndianExprIsLe" fullname="Kaitai.SpecDefaultEndianExprIsLe.TestDefaultEndianExprIsLe" methodname="TestDefaultEndianExprIsLe" classname="Kaitai.SpecDefaultEndianExprIsLe" runstate="Runnable" seed="1743672452" result="Passed" start-time="2024-07-13 00:24:46Z" end-time="2024-07-13 00:24:46Z" duration="0.001253" asserts="12" />
      </test-suite>
      <test-suite type="TestFixture" id="0-1070" name="SpecDefaultEndianMod" fullname="Kaitai.SpecDefaultEndianMod" classname="Kaitai.SpecDefaultEndianMod" runstate="Runnable" testcasecount="1" result="Passed" start-time="2024-07-13 00:24:46Z" end-time="2024-07-13 00:24:46Z" duration="0.002943" total="1" passed="1" failed="0" inconclusive="0" skipped="0" asserts="3">
        <test-case id="0-1071" name="TestDefaultEndianMod" fullname="Kaitai.SpecDefaultEndianMod.TestDefaultEndianMod" methodname="TestDefaultEndianMod" classname="Kaitai.SpecDefaultEndianMod" runstate="Runnable" seed="702026332" result="Passed" start-time="2024-07-13 00:24:46Z" end-time="2024-07-13 00:24:46Z" duration="0.000600" asserts="3" />
      </test-suite>
      <test-suite type="TestFixture" id="0-1072" name="SpecDocstrings" fullname="Kaitai.SpecDocstrings" classname="Kaitai.SpecDocstrings" runstate="Runnable" testcasecount="1" result="Passed" start-time="2024-07-13 00:24:46Z" end-time="2024-07-13 00:24:46Z" duration="0.002627" total="1" passed="1" failed="0" inconclusive="0" skipped="0" asserts="0">
        <test-case id="0-1073" name="TestDocstrings" fullname="Kaitai.SpecDocstrings.TestDocstrings" methodname="TestDocstrings" classname="Kaitai.SpecDocstrings" runstate="Runnable" seed="640404272" result="Passed" start-time="2024-07-13 00:24:46Z" end-time="2024-07-13 00:24:46Z" duration="0.000295" asserts="0" />
      </test-suite>
      <test-suite type="TestFixture" id="0-1074" name="SpecDocstringsDocref" fullname="Kaitai.SpecDocstringsDocref" classname="Kaitai.SpecDocstringsDocref" runstate="Runnable" testcasecount="1" result="Passed" start-time="2024-07-13 00:24:46Z" end-time="2024-07-13 00:24:46Z" duration="0.002599" total="1" passed="1" failed="0" inconclusive="0" skipped="0" asserts="0">
        <test-case id="0-1075" name="TestDocstringsDocref" fullname="Kaitai.SpecDocstringsDocref.TestDocstringsDocref" methodname="TestDocstringsDocref" classname="Kaitai.SpecDocstringsDocref" runstate="Runnable" seed="82551472" result="Passed" start-time="2024-07-13 00:24:46Z" end-time="2024-07-13 00:24:46Z" duration="0.000271" asserts="0" />
      </test-suite>
      <test-suite type="TestFixture" id="0-1076" name="SpecDocstringsDocrefMulti" fullname="Kaitai.SpecDocstringsDocrefMulti" classname="Kaitai.SpecDocstringsDocrefMulti" runstate="Runnable" testcasecount="1" result="Passed" start-time="2024-07-13 00:24:46Z" end-time="2024-07-13 00:24:46Z" duration="0.002553" total="1" passed="1" failed="0" inconclusive="0" skipped="0" asserts="0">
        <test-case id="0-1077" name="TestDocstringsDocrefMulti" fullname="Kaitai.SpecDocstringsDocrefMulti.TestDocstringsDocrefMulti" methodname="TestDocstringsDocrefMulti" classname="Kaitai.SpecDocstringsDocrefMulti" runstate="Runnable" seed="2139556330" result="Passed" start-time="2024-07-13 00:24:46Z" end-time="2024-07-13 00:24:46Z" duration="0.000216" asserts="0" />
      </test-suite>
      <test-suite type="TestFixture" id="0-1078" name="SpecEnum0" fullname="Kaitai.SpecEnum0" classname="Kaitai.SpecEnum0" runstate="Runnable" testcasecount="1" result="Passed" start-time="2024-07-13 00:24:46Z" end-time="2024-07-13 00:24:46Z" duration="0.002662" total="1" passed="1" failed="0" inconclusive="0" skipped="0" asserts="2">
        <test-case id="0-1079" name="TestEnum0" fullname="Kaitai.SpecEnum0.TestEnum0" methodname="TestEnum0" classname="Kaitai.SpecEnum0" runstate="Runnable" seed="601760892" result="Passed" start-time="2024-07-13 00:24:46Z" end-time="2024-07-13 00:24:46Z" duration="0.000326" asserts="2" />
      </test-suite>
      <test-suite type="TestFixture" id="0-1080" name="SpecEnum1" fullname="Kaitai.SpecEnum1" classname="Kaitai.SpecEnum1" runstate="Runnable" testcasecount="1" result="Passed" start-time="2024-07-13 00:24:46Z" end-time="2024-07-13 00:24:46Z" duration="0.002779" total="1" passed="1" failed="0" inconclusive="0" skipped="0" asserts="2">
        <test-case id="0-1081" name="TestEnum1" fullname="Kaitai.SpecEnum1.TestEnum1" methodname="TestEnum1" classname="Kaitai.SpecEnum1" runstate="Runnable" seed="1192464732" result="Passed" start-time="2024-07-13 00:24:46Z" end-time="2024-07-13 00:24:46Z" duration="0.000445" asserts="2" />
      </test-suite>
      <test-suite type="TestFixture" id="0-1082" name="SpecEnumDeep" fullname="Kaitai.SpecEnumDeep" classname="Kaitai.SpecEnumDeep" runstate="Runnable" testcasecount="1" result="Passed" start-time="2024-07-13 00:24:46Z" end-time="2024-07-13 00:24:46Z" duration="0.002682" total="1" passed="1" failed="0" inconclusive="0" skipped="0" asserts="2">
        <test-case id="0-1083" name="TestEnumDeep" fullname="Kaitai.SpecEnumDeep.TestEnumDeep" methodname="TestEnumDeep" classname="Kaitai.SpecEnumDeep" runstate="Runnable" seed="1149243061" result="Passed" start-time="2024-07-13 00:24:46Z" end-time="2024-07-13 00:24:46Z" duration="0.000346" asserts="2" />
      </test-suite>
      <test-suite type="TestFixture" id="0-1084" name="SpecEnumDeepLiterals" fullname="Kaitai.SpecEnumDeepLiterals" classname="Kaitai.SpecEnumDeepLiterals" runstate="Runnable" testcasecount="1" result="Passed" start-time="2024-07-13 00:24:46Z" end-time="2024-07-13 00:24:46Z" duration="0.002737" total="1" passed="1" failed="0" inconclusive="0" skipped="0" asserts="2">
        <test-case id="0-1085" name="TestEnumDeepLiterals" fullname="Kaitai.SpecEnumDeepLiterals.TestEnumDeepLiterals" methodname="TestEnumDeepLiterals" classname="Kaitai.SpecEnumDeepLiterals" runstate="Runnable" seed="847815447" result="Passed" start-time="2024-07-13 00:24:46Z" end-time="2024-07-13 00:24:46Z" duration="0.000403" asserts="2" />
      </test-suite>
      <test-suite type="TestFixture" id="0-1086" name="SpecEnumFancy" fullname="Kaitai.SpecEnumFancy" classname="Kaitai.SpecEnumFancy" runstate="Runnable" testcasecount="1" result="Passed" start-time="2024-07-13 00:24:46Z" end-time="2024-07-13 00:24:46Z" duration="0.002651" total="1" passed="1" failed="0" inconclusive="0" skipped="0" asserts="2">
        <test-case id="0-1087" name="TestEnumFancy" fullname="Kaitai.SpecEnumFancy.TestEnumFancy" methodname="TestEnumFancy" classname="Kaitai.SpecEnumFancy" runstate="Runnable" seed="1717032194" result="Passed" start-time="2024-07-13 00:24:46Z" end-time="2024-07-13 00:24:46Z" duration="0.000317" asserts="2" />
      </test-suite>
      <test-suite type="TestFixture" id="0-1088" name="SpecEnumIf" fullname="Kaitai.SpecEnumIf" classname="Kaitai.SpecEnumIf" runstate="Runnable" testcasecount="1" result="Passed" start-time="2024-07-13 00:24:46Z" end-time="2024-07-13 00:24:46Z" duration="0.003182" total="1" passed="1" failed="0" inconclusive="0" skipped="0" asserts="7">
        <test-case id="0-1089" name="TestEnumIf" fullname="Kaitai.SpecEnumIf.TestEnumIf" methodname="TestEnumIf" classname="Kaitai.SpecEnumIf" runstate="Runnable" seed="866220198" result="Passed" start-time="2024-07-13 00:24:46Z" end-time="2024-07-13 00:24:46Z" duration="0.000851" asserts="7" />
      </test-suite>
      <test-suite type="TestFixture" id="0-1090" name="SpecEnumImportLiterals" fullname="Kaitai.SpecEnumImportLiterals" classname="Kaitai.SpecEnumImportLiterals" runstate="Runnable" testcasecount="1" result="Passed" start-time="2024-07-13 00:24:46Z" end-time="2024-07-13 00:24:46Z" duration="0.002759" total="1" passed="1" failed="0" inconclusive="0" skipped="0" asserts="3">
        <test-case id="0-1091" name="TestEnumImportLiterals" fullname="Kaitai.SpecEnumImportLiterals.TestEnumImportLiterals" methodname="TestEnumImportLiterals" classname="Kaitai.SpecEnumImportLiterals" runstate="Runnable" seed="1072213415" result="Passed" start-time="2024-07-13 00:24:46Z" end-time="2024-07-13 00:24:46Z" duration="0.000428" asserts="3" />
      </test-suite>
      <test-suite type="TestFixture" id="0-1092" name="SpecEnumImportSeq" fullname="Kaitai.SpecEnumImportSeq" classname="Kaitai.SpecEnumImportSeq" runstate="Runnable" testcasecount="1" result="Passed" start-time="2024-07-13 00:24:46Z" end-time="2024-07-13 00:24:46Z" duration="0.002648" total="1" passed="1" failed="0" inconclusive="0" skipped="0" asserts="2">
        <test-case id="0-1093" name="TestEnumImportSeq" fullname="Kaitai.SpecEnumImportSeq.TestEnumImportSeq" methodname="TestEnumImportSeq" classname="Kaitai.SpecEnumImportSeq" runstate="Runnable" seed="2000216967" result="Passed" start-time="2024-07-13 00:24:46Z" end-time="2024-07-13 00:24:46Z" duration="0.000322" asserts="2" />
      </test-suite>
      <test-suite type="TestFixture" id="0-1094" name="SpecEnumIntRangeS" fullname="Kaitai.SpecEnumIntRangeS" classname="Kaitai.SpecEnumIntRangeS" runstate="Runnable" testcasecount="1" result="Passed" start-time="2024-07-13 00:24:46Z" end-time="2024-07-13 00:24:46Z" duration="0.002695" total="1" passed="1" failed="0" inconclusive="0" skipped="0" asserts="3">
        <test-case id="0-1095" name="TestEnumIntRangeS" fullname="Kaitai.SpecEnumIntRangeS.TestEnumIntRangeS" methodname="TestEnumIntRangeS" classname="Kaitai.SpecEnumIntRangeS" runstate="Runnable" seed="584274167" result="Passed" start-time="2024-07-13 00:24:46Z" end-time="2024-07-13 00:24:46Z" duration="0.000359" asserts="3" />
      </test-suite>
      <test-suite type="TestFixture" id="0-1096" name="SpecEnumInvalid" fullname="Kaitai.SpecEnumInvalid" classname="Kaitai.SpecEnumInvalid" runstate="Runnable" testcasecount="1" result="Passed" start-time="2024-07-13 00:24:46Z" end-time="2024-07-13 00:24:46Z" duration="0.002644" total="1" passed="1" failed="0" inconclusive="0" skipped="0" asserts="2">
        <test-case id="0-1097" name="TestEnumInvalid" fullname="Kaitai.SpecEnumInvalid.TestEnumInvalid" methodname="TestEnumInvalid" classname="Kaitai.SpecEnumInvalid" runstate="Runnable" seed="554890871" result="Passed" start-time="2024-07-13 00:24:46Z" end-time="2024-07-13 00:24:46Z" duration="0.000312" asserts="2" />
      </test-suite>
      <test-suite type="TestFixture" id="0-1098" name="SpecEnumNegative" fullname="Kaitai.SpecEnumNegative" classname="Kaitai.SpecEnumNegative" runstate="Runnable" testcasecount="1" result="Passed" start-time="2024-07-13 00:24:46Z" end-time="2024-07-13 00:24:46Z" duration="0.002689" total="1" passed="1" failed="0" inconclusive="0" skipped="0" asserts="2">
        <test-case id="0-1099" name="TestEnumNegative" fullname="Kaitai.SpecEnumNegative.TestEnumNegative" methodname="TestEnumNegative" classname="Kaitai.SpecEnumNegative" runstate="Runnable" seed="212925410" result="Passed" start-time="2024-07-13 00:24:46Z" end-time="2024-07-13 00:24:46Z" duration="0.000358" asserts="2" />
      </test-suite>
      <test-suite type="TestFixture" id="0-1100" name="SpecEnumOfValueInst" fullname="Kaitai.SpecEnumOfValueInst" classname="Kaitai.SpecEnumOfValueInst" runstate="Runnable" testcasecount="1" result="Passed" start-time="2024-07-13 00:24:46Z" end-time="2024-07-13 00:24:46Z" duration="0.002794" total="1" passed="1" failed="0" inconclusive="0" skipped="0" asserts="4">
        <test-case id="0-1101" name="TestEnumOfValueInst" fullname="Kaitai.SpecEnumOfValueInst.TestEnumOfValueInst" methodname="TestEnumOfValueInst" classname="Kaitai.SpecEnumOfValueInst" runstate="Runnable" seed="253234460" result="Passed" start-time="2024-07-13 00:24:46Z" end-time="2024-07-13 00:24:46Z" duration="0.000459" asserts="4" />
      </test-suite>
      <test-suite type="TestFixture" id="0-1102" name="SpecEofExceptionBytes" fullname="Kaitai.SpecEofExceptionBytes" classname="Kaitai.SpecEofExceptionBytes" runstate="Runnable" testcasecount="1" result="Passed" start-time="2024-07-13 00:24:46Z" end-time="2024-07-13 00:24:46Z" duration="0.003265" total="1" passed="1" failed="0" inconclusive="0" skipped="0" asserts="1">
        <test-case id="0-1103" name="TestEofExceptionBytes" fullname="Kaitai.SpecEofExceptionBytes.TestEofExceptionBytes" methodname="TestEofExceptionBytes" classname="Kaitai.SpecEofExceptionBytes" runstate="Runnable" seed="2044805811" result="Passed" start-time="2024-07-13 00:24:46Z" end-time="2024-07-13 00:24:46Z" duration="0.000923" asserts="1" />
      </test-suite>
      <test-suite type="TestFixture" id="0-1104" name="SpecEofExceptionSized" fullname="Kaitai.SpecEofExceptionSized" classname="Kaitai.SpecEofExceptionSized" runstate="Runnable" testcasecount="1" result="Passed" start-time="2024-07-13 00:24:46Z" end-time="2024-07-13 00:24:46Z" duration="0.002715" total="1" passed="1" failed="0" inconclusive="0" skipped="0" asserts="1">
        <test-case id="0-1105" name="TestEofExceptionSized" fullname="Kaitai.SpecEofExceptionSized.TestEofExceptionSized" methodname="TestEofExceptionSized" classname="Kaitai.SpecEofExceptionSized" runstate="Runnable" seed="138879968" result="Passed" start-time="2024-07-13 00:24:46Z" end-time="2024-07-13 00:24:46Z" duration="0.000377" asserts="1" />
      </test-suite>
      <test-suite type="TestFixture" id="0-1106" name="SpecEofExceptionU4" fullname="Kaitai.SpecEofExceptionU4" classname="Kaitai.SpecEofExceptionU4" runstate="Runnable" testcasecount="1" result="Passed" start-time="2024-07-13 00:24:46Z" end-time="2024-07-13 00:24:46Z" duration="0.002684" total="1" passed="1" failed="0" inconclusive="0" skipped="0" asserts="1">
        <test-case id="0-1107" name="TestEofExceptionU4" fullname="Kaitai.SpecEofExceptionU4.TestEofExceptionU4" methodname="TestEofExceptionU4" classname="Kaitai.SpecEofExceptionU4" runstate="Runnable" seed="45638683" result="Passed" start-time="2024-07-13 00:24:46Z" end-time="2024-07-13 00:24:46Z" duration="0.000349" asserts="1" />
      </test-suite>
      <test-suite type="TestFixture" id="0-1108" name="SpecEosExceptionBytes" fullname="Kaitai.SpecEosExceptionBytes" classname="Kaitai.SpecEosExceptionBytes" runstate="Runnable" testcasecount="1" result="Passed" start-time="2024-07-13 00:24:46Z" end-time="2024-07-13 00:24:46Z" duration="0.002743" total="1" passed="1" failed="0" inconclusive="0" skipped="0" asserts="1">
        <test-case id="0-1109" name="TestEosExceptionBytes" fullname="Kaitai.SpecEosExceptionBytes.TestEosExceptionBytes" methodname="TestEosExceptionBytes" classname="Kaitai.SpecEosExceptionBytes" runstate="Runnable" seed="1259241427" result="Passed" start-time="2024-07-13 00:24:46Z" end-time="2024-07-13 00:24:46Z" duration="0.000411" asserts="1" />
      </test-suite>
      <test-suite type="TestFixture" id="0-1110" name="SpecEosExceptionSized" fullname="Kaitai.SpecEosExceptionSized" classname="Kaitai.SpecEosExceptionSized" runstate="Runnable" testcasecount="1" result="Passed" start-time="2024-07-13 00:24:46Z" end-time="2024-07-13 00:24:46Z" duration="0.002776" total="1" passed="1" failed="0" inconclusive="0" skipped="0" asserts="1">
        <test-case id="0-1111" name="TestEosExceptionSized" fullname="Kaitai.SpecEosExceptionSized.TestEosExceptionSized" methodname="TestEosExceptionSized" classname="Kaitai.SpecEosExceptionSized" runstate="Runnable" seed="1891107927" result="Passed" start-time="2024-07-13 00:24:46Z" end-time="2024-07-13 00:24:46Z" duration="0.000441" asserts="1" />
      </test-suite>
      <test-suite type="TestFixture" id="0-1112" name="SpecEosExceptionU4" fullname="Kaitai.SpecEosExceptionU4" classname="Kaitai.SpecEosExceptionU4" runstate="Runnable" testcasecount="1" result="Passed" start-time="2024-07-13 00:24:46Z" end-time="2024-07-13 00:24:46Z" duration="0.002751" total="1" passed="1" failed="0" inconclusive="0" skipped="0" asserts="1">
        <test-case id="0-1113" name="TestEosExceptionU4" fullname="Kaitai.SpecEosExceptionU4.TestEosExceptionU4" methodname="TestEosExceptionU4" classname="Kaitai.SpecEosExceptionU4" runstate="Runnable" seed="4234381" result="Passed" start-time="2024-07-13 00:24:46Z" end-time="2024-07-13 00:24:46Z" duration="0.000419" asserts="1" />
      </test-suite>
      <test-suite type="TestFixture" id="0-1114" name="SpecExpr0" fullname="Kaitai.SpecExpr0" classname="Kaitai.SpecExpr0" runstate="Runnable" testcasecount="1" result="Passed" start-time="2024-07-13 00:24:46Z" end-time="2024-07-13 00:24:46Z" duration="0.002694" total="1" passed="1" failed="0" inconclusive="0" skipped="0" asserts="2">
        <test-case id="0-1115" name="TestExpr0" fullname="Kaitai.SpecExpr0.TestExpr0" methodname="TestExpr0" classname="Kaitai.SpecExpr0" runstate="Runnable" seed="1526764155" result="Passed" start-time="2024-07-13 00:24:46Z" end-time="2024-07-13 00:24:46Z" duration="0.000359" asserts="2" />
      </test-suite>
      <test-suite type="TestFixture" id="0-1116" name="SpecExpr1" fullname="Kaitai.SpecExpr1" classname="Kaitai.SpecExpr1" runstate="Runnable" testcasecount="1" result="Passed" start-time="2024-07-13 00:24:46Z" end-time="2024-07-13 00:24:46Z" duration="0.002818" total="1" passed="1" failed="0" inconclusive="0" skipped="0" asserts="4">
        <test-case id="0-1117" name="TestExpr1" fullname="Kaitai.SpecExpr1.TestExpr1" methodname="TestExpr1" classname="Kaitai.SpecExpr1" runstate="Runnable" seed="2086115841" result="Passed" start-time="2024-07-13 00:24:46Z" end-time="2024-07-13 00:24:46Z" duration="0.000479" asserts="4" />
      </test-suite>
      <test-suite type="TestFixture" id="0-1118" name="SpecExpr2" fullname="Kaitai.SpecExpr2" classname="Kaitai.SpecExpr2" runstate="Runnable" testcasecount="1" result="Passed" start-time="2024-07-13 00:24:46Z" end-time="2024-07-13 00:24:46Z" duration="0.003614" total="1" passed="1" failed="0" inconclusive="0" skipped="0" asserts="17">
        <test-case id="0-1119" name="TestExpr2" fullname="Kaitai.SpecExpr2.TestExpr2" methodname="TestExpr2" classname="Kaitai.SpecExpr2" runstate="Runnable" seed="899618195" result="Passed" start-time="2024-07-13 00:24:46Z" end-time="2024-07-13 00:24:46Z" duration="0.001275" asserts="17" />
      </test-suite>
      <test-suite type="TestFixture" id="0-1120" name="SpecExpr3" fullname="Kaitai.SpecExpr3" classname="Kaitai.SpecExpr3" runstate="Runnable" testcasecount="1" result="Passed" start-time="2024-07-13 00:24:46Z" end-time="2024-07-13 00:24:46Z" duration="0.003340" total="1" passed="1" failed="0" inconclusive="0" skipped="0" asserts="12">
        <test-case id="0-1121" name="TestExpr3" fullname="Kaitai.SpecExpr3.TestExpr3" methodname="TestExpr3" classname="Kaitai.SpecExpr3" runstate="Runnable" seed="271050297" result="Passed" start-time="2024-07-13 00:24:46Z" end-time="2024-07-13 00:24:46Z" duration="0.000998" asserts="12" />
      </test-suite>
      <test-suite type="TestFixture" id="0-1122" name="SpecExprArray" fullname="Kaitai.SpecExprArray" classname="Kaitai.SpecExprArray" runstate="Runnable" testcasecount="1" result="Passed" start-time="2024-07-13 00:24:46Z" end-time="2024-07-13 00:24:46Z" duration="0.007588" total="1" passed="1" failed="0" inconclusive="0" skipped="0" asserts="15">
        <test-case id="0-1123" name="TestExprArray" fullname="Kaitai.SpecExprArray.TestExprArray" methodname="TestExprArray" classname="Kaitai.SpecExprArray" runstate="Runnable" seed="369408486" result="Passed" start-time="2024-07-13 00:24:46Z" end-time="2024-07-13 00:24:46Z" duration="0.005244" asserts="15" />
      </test-suite>
      <test-suite type="TestFixture" id="0-1124" name="SpecExprBytesCmp" fullname="Kaitai.SpecExprBytesCmp" classname="Kaitai.SpecExprBytesCmp" runstate="Runnable" testcasecount="1" result="Passed" start-time="2024-07-13 00:24:46Z" end-time="2024-07-13 00:24:46Z" duration="0.003341" total="1" passed="1" failed="0" inconclusive="0" skipped="0" asserts="10">
        <test-case id="0-1125" name="TestExprBytesCmp" fullname="Kaitai.SpecExprBytesCmp.TestExprBytesCmp" methodname="TestExprBytesCmp" classname="Kaitai.SpecExprBytesCmp" runstate="Runnable" seed="298606674" result="Passed" start-time="2024-07-13 00:24:46Z" end-time="2024-07-13 00:24:46Z" duration="0.000993" asserts="10" />
      </test-suite>
      <test-suite type="TestFixture" id="0-1126" name="SpecExprBytesNonLiteral" fullname="Kaitai.SpecExprBytesNonLiteral" classname="Kaitai.SpecExprBytesNonLiteral" runstate="Runnable" testcasecount="1" result="Passed" start-time="2024-07-13 00:24:46Z" end-time="2024-07-13 00:24:46Z" duration="0.002742" total="1" passed="1" failed="0" inconclusive="0" skipped="0" asserts="3">
        <test-case id="0-1127" name="TestExprBytesNonLiteral" fullname="Kaitai.SpecExprBytesNonLiteral.TestExprBytesNonLiteral" methodname="TestExprBytesNonLiteral" classname="Kaitai.SpecExprBytesNonLiteral" runstate="Runnable" seed="1332270348" result="Passed" start-time="2024-07-13 00:24:46Z" end-time="2024-07-13 00:24:46Z" duration="0.000397" asserts="3" />
      </test-suite>
      <test-suite type="TestFixture" id="0-1128" name="SpecExprBytesOps" fullname="Kaitai.SpecExprBytesOps" classname="Kaitai.SpecExprBytesOps" runstate="Runnable" testcasecount="1" result="Passed" start-time="2024-07-13 00:24:46Z" end-time="2024-07-13 00:24:46Z" duration="0.004787" total="1" passed="1" failed="0" inconclusive="0" skipped="0" asserts="16">
        <test-case id="0-1129" name="TestExprBytesOps" fullname="Kaitai.SpecExprBytesOps.TestExprBytesOps" methodname="TestExprBytesOps" classname="Kaitai.SpecExprBytesOps" runstate="Runnable" seed="1662079692" result="Passed" start-time="2024-07-13 00:24:46Z" end-time="2024-07-13 00:24:46Z" duration="0.002447" asserts="16" />
      </test-suite>
      <test-suite type="TestFixture" id="0-1130" name="SpecExprCalcArrayOps" fullname="Kaitai.SpecExprCalcArrayOps" classname="Kaitai.SpecExprCalcArrayOps" runstate="Runnable" testcasecount="1" result="Passed" start-time="2024-07-13 00:24:46Z" end-time="2024-07-13 00:24:46Z" duration="0.004938" total="1" passed="1" failed="0" inconclusive="0" skipped="0" asserts="18">
        <test-case id="0-1131" name="TestExprCalcArrayOps" fullname="Kaitai.SpecExprCalcArrayOps.TestExprCalcArrayOps" methodname="TestExprCalcArrayOps" classname="Kaitai.SpecExprCalcArrayOps" runstate="Runnable" seed="1738344742" result="Passed" start-time="2024-07-13 00:24:46Z" end-time="2024-07-13 00:24:46Z" duration="0.002595" asserts="18" />
      </test-suite>
      <test-suite type="TestFixture" id="0-1132" name="SpecExprEnum" fullname="Kaitai.SpecExprEnum" classname="Kaitai.SpecExprEnum" runstate="Runnable" testcasecount="1" result="Passed" start-time="2024-07-13 00:24:46Z" end-time="2024-07-13 00:24:46Z" duration="0.002807" total="1" passed="1" failed="0" inconclusive="0" skipped="0" asserts="3">
        <test-case id="0-1133" name="TestExprEnum" fullname="Kaitai.SpecExprEnum.TestExprEnum" methodname="TestExprEnum" classname="Kaitai.SpecExprEnum" runstate="Runnable" seed="1169794047" result="Passed" start-time="2024-07-13 00:24:46Z" end-time="2024-07-13 00:24:46Z" duration="0.000468" asserts="3" />
      </test-suite>
      <test-suite type="TestFixture" id="0-1134" name="SpecExprFstring0" fullname="Kaitai.SpecExprFstring0" classname="Kaitai.SpecExprFstring0" runstate="Runnable" testcasecount="1" result="Passed" start-time="2024-07-13 00:24:46Z" end-time="2024-07-13 00:24:46Z" duration="0.003144" total="1" passed="1" failed="0" inconclusive="0" skipped="0" asserts="9">
        <test-case id="0-1135" name="TestExprFstring0" fullname="Kaitai.SpecExprFstring0.TestExprFstring0" methodname="TestExprFstring0" classname="Kaitai.SpecExprFstring0" runstate="Runnable" seed="1178820938" result="Passed" start-time="2024-07-13 00:24:46Z" end-time="2024-07-13 00:24:46Z" duration="0.000806" asserts="9" />
      </test-suite>
      <test-suite type="TestFixture" id="0-1136" name="SpecExprIfIntOps" fullname="Kaitai.SpecExprIfIntOps" classname="Kaitai.SpecExprIfIntOps" runstate="Runnable" testcasecount="1" result="Passed" start-time="2024-07-13 00:24:46Z" end-time="2024-07-13 00:24:46Z" duration="0.003032" total="1" passed="1" failed="0" inconclusive="0" skipped="0" asserts="2">
        <test-case id="0-1137" name="TestExprIfIntOps" fullname="Kaitai.SpecExprIfIntOps.TestExprIfIntOps" methodname="TestExprIfIntOps" classname="Kaitai.SpecExprIfIntOps" runstate="Runnable" seed="1192735718" result="Passed" start-time="2024-07-13 00:24:46Z" end-time="2024-07-13 00:24:46Z" duration="0.000690" asserts="2" />
      </test-suite>
      <test-suite type="TestFixture" id="0-1138" name="SpecExprIntDiv" fullname="Kaitai.SpecExprIntDiv" classname="Kaitai.SpecExprIntDiv" runstate="Runnable" testcasecount="1" result="Failed" site="Child" start-time="2024-07-13 00:24:46Z" end-time="2024-07-13 00:24:46Z" duration="0.010164" total="1" passed="0" failed="1" inconclusive="0" skipped="0" asserts="4">
        <failure>
          <message><![CDATA[One or more child tests had errors]]></message>
        </failure>
        <test-case id="0-1139" name="TestExprIntDiv" fullname="Kaitai.SpecExprIntDiv.TestExprIntDiv" methodname="TestExprIntDiv" classname="Kaitai.SpecExprIntDiv" runstate="Runnable" seed="1754295695" result="Failed" start-time="2024-07-13 00:24:46Z" end-time="2024-07-13 00:24:46Z" duration="0.007768" asserts="4">
          <failure>
            <message><![CDATA[  Expected: -756
  But was:  -757
]]></message>
            <stack-trace><![CDATA[at Kaitai.SpecExprIntDiv.TestExprIntDiv () [0x00069] in <2159d424ba944c3fa4f0f78c077a0a6b>:0
]]></stack-trace>
          </failure>
        </test-case>
      </test-suite>
      <test-suite type="TestFixture" id="0-1140" name="SpecExprIoEof" fullname="Kaitai.SpecExprIoEof" classname="Kaitai.SpecExprIoEof" runstate="Runnable" testcasecount="1" result="Passed" start-time="2024-07-13 00:24:46Z" end-time="2024-07-13 00:24:46Z" duration="0.003124" total="1" passed="1" failed="0" inconclusive="0" skipped="0" asserts="4">
        <test-case id="0-1141" name="TestExprIoEof" fullname="Kaitai.SpecExprIoEof.TestExprIoEof" methodname="TestExprIoEof" classname="Kaitai.SpecExprIoEof" runstate="Runnable" seed="1196227795" result="Passed" start-time="2024-07-13 00:24:46Z" end-time="2024-07-13 00:24:46Z" duration="0.000780" asserts="4" />
      </test-suite>
      <test-suite type="TestFixture" id="0-1142" name="SpecExprIoPos" fullname="Kaitai.SpecExprIoPos" classname="Kaitai.SpecExprIoPos" runstate="Runnable" testcasecount="1" result="Passed" start-time="2024-07-13 00:24:46Z" end-time="2024-07-13 00:24:46Z" duration="0.002938" total="1" passed="1" failed="0" inconclusive="0" skipped="0" asserts="6">
        <test-case id="0-1143" name="TestExprIoPos" fullname="Kaitai.SpecExprIoPos.TestExprIoPos" methodname="TestExprIoPos" classname="Kaitai.SpecExprIoPos" runstate="Runnable" seed="236468926" result="Passed" start-time="2024-07-13 00:24:46Z" end-time="2024-07-13 00:24:46Z" duration="0.000600" asserts="6" />
      </test-suite>
      <test-suite type="TestFixture" id="0-1144" name="SpecExprMod" fullname="Kaitai.SpecExprMod" classname="Kaitai.SpecExprMod" runstate="Runnable" testcasecount="1" result="Passed" start-time="2024-07-13 00:24:46Z" end-time="2024-07-13 00:24:46Z" duration="0.002956" total="1" passed="1" failed="0" inconclusive="0" skipped="0" asserts="6">
        <test-case id="0-1145" name="TestExprMod" fullname="Kaitai.SpecExprMod.TestExprMod" methodname="TestExprMod" classname="Kaitai.SpecExprMod" runstate="Runnable" seed="645503357" result="Passed" start-time="2024-07-13 00:24:46Z" end-time="2024-07-13 00:24:46Z" duration="0.000618" asserts="6" />
      </test-suite>
      <test-suite type="TestFixture" id="0-1146" name="SpecExprOpsParens" fullname="Kaitai.SpecExprOpsParens" classname="Kaitai.SpecExprOpsParens" runstate="Runnable" testcasecount="1" result="Passed" start-time="2024-07-13 00:24:46Z" end-time="2024-07-13 00:24:46Z" duration="0.004725" total="1" passed="1" failed="0" inconclusive="0" skipped="0" asserts="9">
        <test-case id="0-1147" name="TestExprOpsParens" fullname="Kaitai.SpecExprOpsParens.TestExprOpsParens" methodname="TestExprOpsParens" classname="Kaitai.SpecExprOpsParens" runstate="Runnable" seed="330073763" result="Passed" start-time="2024-07-13 00:24:46Z" end-time="2024-07-13 00:24:46Z" duration="0.002388" asserts="9" />
      </test-suite>
      <test-suite type="TestFixture" id="0-1148" name="SpecExprSizeofType0" fullname="Kaitai.SpecExprSizeofType0" classname="Kaitai.SpecExprSizeofType0" runstate="Runnable" testcasecount="1" result="Passed" start-time="2024-07-13 00:24:46Z" end-time="2024-07-13 00:24:46Z" duration="0.002616" total="1" passed="1" failed="0" inconclusive="0" skipped="0" asserts="1">
        <test-case id="0-1149" name="TestExprSizeofType0" fullname="Kaitai.SpecExprSizeofType0.TestExprSizeofType0" methodname="TestExprSizeofType0" classname="Kaitai.SpecExprSizeofType0" runstate="Runnable" seed="1363586788" result="Passed" start-time="2024-07-13 00:24:46Z" end-time="2024-07-13 00:24:46Z" duration="0.000287" asserts="1" />
      </test-suite>
      <test-suite type="TestFixture" id="0-1150" name="SpecExprSizeofType1" fullname="Kaitai.SpecExprSizeofType1" classname="Kaitai.SpecExprSizeofType1" runstate="Runnable" testcasecount="1" result="Passed" start-time="2024-07-13 00:24:46Z" end-time="2024-07-13 00:24:46Z" duration="0.002675" total="1" passed="1" failed="0" inconclusive="0" skipped="0" asserts="2">
        <test-case id="0-1151" name="TestExprSizeofType1" fullname="Kaitai.SpecExprSizeofType1.TestExprSizeofType1" methodname="TestExprSizeofType1" classname="Kaitai.SpecExprSizeofType1" runstate="Runnable" seed="1110982309" result="Passed" start-time="2024-07-13 00:24:46Z" end-time="2024-07-13 00:24:46Z" duration="0.000320" asserts="2" />
      </test-suite>
      <test-suite type="TestFixture" id="0-1152" name="SpecExprSizeofValue0" fullname="Kaitai.SpecExprSizeofValue0" classname="Kaitai.SpecExprSizeofValue0" runstate="Runnable" testcasecount="1" result="Passed" start-time="2024-07-13 00:24:46Z" end-time="2024-07-13 00:24:46Z" duration="0.002870" total="1" passed="1" failed="0" inconclusive="0" skipped="0" asserts="5">
        <test-case id="0-1153" name="TestExprSizeofValue0" fullname="Kaitai.SpecExprSizeofValue0.TestExprSizeofValue0" methodname="TestExprSizeofValue0" classname="Kaitai.SpecExprSizeofValue0" runstate="Runnable" seed="1758358202" result="Passed" start-time="2024-07-13 00:24:46Z" end-time="2024-07-13 00:24:46Z" duration="0.000536" asserts="5" />
      </test-suite>
      <test-suite type="TestFixture" id="0-1154" name="SpecExprSizeofValueSized" fullname="Kaitai.SpecExprSizeofValueSized" classname="Kaitai.SpecExprSizeofValueSized" runstate="Runnable" testcasecount="1" result="Passed" start-time="2024-07-13 00:24:46Z" end-time="2024-07-13 00:24:46Z" duration="0.002871" total="1" passed="1" failed="0" inconclusive="0" skipped="0" asserts="5">
        <test-case id="0-1155" name="TestExprSizeofValueSized" fullname="Kaitai.SpecExprSizeofValueSized.TestExprSizeofValueSized" methodname="TestExprSizeofValueSized" classname="Kaitai.SpecExprSizeofValueSized" runstate="Runnable" seed="517099608" result="Passed" start-time="2024-07-13 00:24:46Z" end-time="2024-07-13 00:24:46Z" duration="0.000540" asserts="5" />
      </test-suite>
      <test-suite type="TestFixture" id="0-1156" name="SpecExprStrEncodings" fullname="Kaitai.SpecExprStrEncodings" classname="Kaitai.SpecExprStrEncodings" runstate="Runnable" testcasecount="1" result="Passed" start-time="2024-07-13 00:24:46Z" end-time="2024-07-13 00:24:46Z" duration="0.104970" total="1" passed="1" failed="0" inconclusive="0" skipped="0" asserts="7">
        <test-case id="0-1157" name="TestExprStrEncodings" fullname="Kaitai.SpecExprStrEncodings.TestExprStrEncodings" methodname="TestExprStrEncodings" classname="Kaitai.SpecExprStrEncodings" runstate="Runnable" seed="889859156" result="Passed" start-time="2024-07-13 00:24:46Z" end-time="2024-07-13 00:24:46Z" duration="0.102639" asserts="7" />
      </test-suite>
      <test-suite type="TestFixture" id="0-1158" name="SpecExprStrOps" fullname="Kaitai.SpecExprStrOps" classname="Kaitai.SpecExprStrOps" runstate="Runnable" testcasecount="1" result="Passed" start-time="2024-07-13 00:24:46Z" end-time="2024-07-13 00:24:46Z" duration="0.003361" total="1" passed="1" failed="0" inconclusive="0" skipped="0" asserts="17">
        <test-case id="0-1159" name="TestExprStrOps" fullname="Kaitai.SpecExprStrOps.TestExprStrOps" methodname="TestExprStrOps" classname="Kaitai.SpecExprStrOps" runstate="Runnable" seed="534061183" result="Passed" start-time="2024-07-13 00:24:46Z" end-time="2024-07-13 00:24:46Z" duration="0.001037" asserts="17" />
      </test-suite>
      <test-suite type="TestFixture" id="0-1160" name="SpecExprToITrailing" fullname="Kaitai.SpecExprToITrailing" classname="Kaitai.SpecExprToITrailing" runstate="Runnable" testcasecount="1" result="Passed" start-time="2024-07-13 00:24:46Z" end-time="2024-07-13 00:24:46Z" duration="0.002985" total="1" passed="1" failed="0" inconclusive="0" skipped="0" asserts="3">
        <test-case id="0-1161" name="TestExprToITrailing" fullname="Kaitai.SpecExprToITrailing.TestExprToITrailing" methodname="TestExprToITrailing" classname="Kaitai.SpecExprToITrailing" runstate="Runnable" seed="629752059" result="Passed" start-time="2024-07-13 00:24:46Z" end-time="2024-07-13 00:24:46Z" duration="0.000672" asserts="3" />
      </test-suite>
      <test-suite type="TestFixture" id="0-1162" name="SpecFixedContents" fullname="Kaitai.SpecFixedContents" classname="Kaitai.SpecFixedContents" runstate="Runnable" testcasecount="1" result="Passed" start-time="2024-07-13 00:24:46Z" end-time="2024-07-13 00:24:46Z" duration="0.002709" total="1" passed="1" failed="0" inconclusive="0" skipped="0" asserts="0">
        <test-case id="0-1163" name="TestFixedContents" fullname="Kaitai.SpecFixedContents.TestFixedContents" methodname="TestFixedContents" classname="Kaitai.SpecFixedContents" runstate="Runnable" seed="418005567" result="Passed" start-time="2024-07-13 00:24:46Z" end-time="2024-07-13 00:24:46Z" duration="0.000383" asserts="0" />
      </test-suite>
      <test-suite type="TestFixture" id="0-1164" name="SpecFixedStruct" fullname="Kaitai.SpecFixedStruct" classname="Kaitai.SpecFixedStruct" runstate="Runnable" testcasecount="1" result="Passed" start-time="2024-07-13 00:24:46Z" end-time="2024-07-13 00:24:46Z" duration="0.003906" total="1" passed="1" failed="0" inconclusive="0" skipped="0" asserts="20">
        <test-case id="0-1165" name="TestFixedStruct" fullname="Kaitai.SpecFixedStruct.TestFixedStruct" methodname="TestFixedStruct" classname="Kaitai.SpecFixedStruct" runstate="Runnable" seed="1151776152" result="Passed" start-time="2024-07-13 00:24:46Z" end-time="2024-07-13 00:24:46Z" duration="0.001586" asserts="20" />
      </test-suite>
      <test-suite type="TestFixture" id="0-1168" name="SpecFloatingPoints" fullname="Kaitai.SpecFloatingPoints" classname="Kaitai.SpecFloatingPoints" runstate="Runnable" testcasecount="1" result="Passed" start-time="2024-07-13 00:24:46Z" end-time="2024-07-13 00:24:46Z" duration="0.002964" total="1" passed="1" failed="0" inconclusive="0" skipped="0" asserts="8">
        <test-case id="0-1169" name="TestFloatingPoints" fullname="Kaitai.SpecFloatingPoints.TestFloatingPoints" methodname="TestFloatingPoints" classname="Kaitai.SpecFloatingPoints" runstate="Runnable" seed="1323129339" result="Passed" start-time="2024-07-13 00:24:46Z" end-time="2024-07-13 00:24:46Z" duration="0.000639" asserts="8" />
      </test-suite>
      <test-suite type="TestFixture" id="0-1166" name="SpecFloatToI" fullname="Kaitai.SpecFloatToI" classname="Kaitai.SpecFloatToI" runstate="Runnable" testcasecount="1" result="Passed" start-time="2024-07-13 00:24:46Z" end-time="2024-07-13 00:24:46Z" duration="0.002982" total="1" passed="1" failed="0" inconclusive="0" skipped="0" asserts="8">
        <test-case id="0-1167" name="TestFloatToI" fullname="Kaitai.SpecFloatToI.TestFloatToI" methodname="TestFloatToI" classname="Kaitai.SpecFloatToI" runstate="Runnable" seed="685582579" result="Passed" start-time="2024-07-13 00:24:46Z" end-time="2024-07-13 00:24:46Z" duration="0.000655" asserts="8" />
      </test-suite>
      <test-suite type="TestFixture" id="0-1170" name="SpecHelloWorld" fullname="Kaitai.SpecHelloWorld" classname="Kaitai.SpecHelloWorld" runstate="Runnable" testcasecount="1" result="Passed" start-time="2024-07-13 00:24:46Z" end-time="2024-07-13 00:24:46Z" duration="0.002591" total="1" passed="1" failed="0" inconclusive="0" skipped="0" asserts="1">
        <test-case id="0-1171" name="TestHelloWorld" fullname="Kaitai.SpecHelloWorld.TestHelloWorld" methodname="TestHelloWorld" classname="Kaitai.SpecHelloWorld" runstate="Runnable" seed="2126574395" result="Passed" start-time="2024-07-13 00:24:46Z" end-time="2024-07-13 00:24:46Z" duration="0.000277" asserts="1" />
      </test-suite>
      <test-suite type="TestFixture" id="0-1172" name="SpecIfInstances" fullname="Kaitai.SpecIfInstances" classname="Kaitai.SpecIfInstances" runstate="Runnable" testcasecount="1" result="Passed" start-time="2024-07-13 00:24:46Z" end-time="2024-07-13 00:24:46Z" duration="0.002650" total="1" passed="1" failed="0" inconclusive="0" skipped="0" asserts="1">
        <test-case id="0-1173" name="TestIfInstances" fullname="Kaitai.SpecIfInstances.TestIfInstances" methodname="TestIfInstances" classname="Kaitai.SpecIfInstances" runstate="Runnable" seed="835408920" result="Passed" start-time="2024-07-13 00:24:46Z" end-time="2024-07-13 00:24:46Z" duration="0.000330" asserts="1" />
      </test-suite>
      <test-suite type="TestFixture" id="0-1174" name="SpecIfStruct" fullname="Kaitai.SpecIfStruct" classname="Kaitai.SpecIfStruct" runstate="Runnable" testcasecount="1" result="Passed" start-time="2024-07-13 00:24:46Z" end-time="2024-07-13 00:24:46Z" duration="0.003009" total="1" passed="1" failed="0" inconclusive="0" skipped="0" asserts="7">
        <test-case id="0-1175" name="TestIfStruct" fullname="Kaitai.SpecIfStruct.TestIfStruct" methodname="TestIfStruct" classname="Kaitai.SpecIfStruct" runstate="Runnable" seed="119730086" result="Passed" start-time="2024-07-13 00:24:46Z" end-time="2024-07-13 00:24:46Z" duration="0.000688" asserts="7" />
      </test-suite>
      <test-suite type="TestFixture" id="0-1176" name="SpecIfValues" fullname="Kaitai.SpecIfValues" classname="Kaitai.SpecIfValues" runstate="Runnable" testcasecount="1" result="Passed" start-time="2024-07-13 00:24:46Z" end-time="2024-07-13 00:24:46Z" duration="0.003212" total="1" passed="1" failed="0" inconclusive="0" skipped="0" asserts="6">
        <test-case id="0-1177" name="TestIfValues" fullname="Kaitai.SpecIfValues.TestIfValues" methodname="TestIfValues" classname="Kaitai.SpecIfValues" runstate="Runnable" seed="363453325" result="Passed" start-time="2024-07-13 00:24:46Z" end-time="2024-07-13 00:24:46Z" duration="0.000893" asserts="6" />
      </test-suite>
      <test-suite type="TestFixture" id="0-1178" name="SpecImports0" fullname="Kaitai.SpecImports0" classname="Kaitai.SpecImports0" runstate="Runnable" testcasecount="1" result="Passed" start-time="2024-07-13 00:24:46Z" end-time="2024-07-13 00:24:46Z" duration="0.002696" total="1" passed="1" failed="0" inconclusive="0" skipped="0" asserts="3">
        <test-case id="0-1179" name="TestImports0" fullname="Kaitai.SpecImports0.TestImports0" methodname="TestImports0" classname="Kaitai.SpecImports0" runstate="Runnable" seed="1639425088" result="Passed" start-time="2024-07-13 00:24:46Z" end-time="2024-07-13 00:24:46Z" duration="0.000371" asserts="3" />
      </test-suite>
      <test-suite type="TestFixture" id="0-1180" name="SpecImportsAbs" fullname="Kaitai.SpecImportsAbs" classname="Kaitai.SpecImportsAbs" runstate="Runnable" testcasecount="1" result="Passed" start-time="2024-07-13 00:24:46Z" end-time="2024-07-13 00:24:46Z" duration="0.003453" total="1" passed="1" failed="0" inconclusive="0" skipped="0" asserts="2">
        <test-case id="0-1181" name="TestImportsAbs" fullname="Kaitai.SpecImportsAbs.TestImportsAbs" methodname="TestImportsAbs" classname="Kaitai.SpecImportsAbs" runstate="Runnable" seed="414376594" result="Passed" start-time="2024-07-13 00:24:46Z" end-time="2024-07-13 00:24:46Z" duration="0.001128" asserts="2" />
      </test-suite>
      <test-suite type="TestFixture" id="0-1182" name="SpecImportsAbsAbs" fullname="Kaitai.SpecImportsAbsAbs" classname="Kaitai.SpecImportsAbsAbs" runstate="Runnable" testcasecount="1" result="Passed" start-time="2024-07-13 00:24:46Z" end-time="2024-07-13 00:24:46Z" duration="0.002804" total="1" passed="1" failed="0" inconclusive="0" skipped="0" asserts="3">
        <test-case id="0-1183" name="TestImportsAbsAbs" fullname="Kaitai.SpecImportsAbsAbs.TestImportsAbsAbs" methodname="TestImportsAbsAbs" classname="Kaitai.SpecImportsAbsAbs" runstate="Runnable" seed="2071342936" result="Passed" start-time="2024-07-13 00:24:46Z" end-time="2024-07-13 00:24:46Z" duration="0.000478" asserts="3" />
      </test-suite>
      <test-suite type="TestFixture" id="0-1184" name="SpecImportsAbsRel" fullname="Kaitai.SpecImportsAbsRel" classname="Kaitai.SpecImportsAbsRel" runstate="Runnable" testcasecount="1" result="Passed" start-time="2024-07-13 00:24:46Z" end-time="2024-07-13 00:24:46Z" duration="0.002716" total="1" passed="1" failed="0" inconclusive="0" skipped="0" asserts="3">
        <test-case id="0-1185" name="TestImportsAbsRel" fullname="Kaitai.SpecImportsAbsRel.TestImportsAbsRel" methodname="TestImportsAbsRel" classname="Kaitai.SpecImportsAbsRel" runstate="Runnable" seed="200475951" result="Passed" start-time="2024-07-13 00:24:46Z" end-time="2024-07-13 00:24:46Z" duration="0.000394" asserts="3" />
      </test-suite>
      <test-suite type="TestFixture" id="0-1186" name="SpecImportsCastToImported" fullname="Kaitai.SpecImportsCastToImported" classname="Kaitai.SpecImportsCastToImported" runstate="Runnable" testcasecount="1" result="Passed" start-time="2024-07-13 00:24:46Z" end-time="2024-07-13 00:24:46Z" duration="0.002712" total="1" passed="1" failed="0" inconclusive="0" skipped="0" asserts="2">
        <test-case id="0-1187" name="TestImportsCastToImported" fullname="Kaitai.SpecImportsCastToImported.TestImportsCastToImported" methodname="TestImportsCastToImported" classname="Kaitai.SpecImportsCastToImported" runstate="Runnable" seed="1397150160" result="Passed" start-time="2024-07-13 00:24:46Z" end-time="2024-07-13 00:24:46Z" duration="0.000401" asserts="2" />
      </test-suite>
      <test-suite type="TestFixture" id="0-1188" name="SpecImportsCastToImported2" fullname="Kaitai.SpecImportsCastToImported2" classname="Kaitai.SpecImportsCastToImported2" runstate="Runnable" testcasecount="1" result="Passed" start-time="2024-07-13 00:24:46Z" end-time="2024-07-13 00:24:46Z" duration="0.002761" total="1" passed="1" failed="0" inconclusive="0" skipped="0" asserts="2">
        <test-case id="0-1189" name="TestImportsCastToImported2" fullname="Kaitai.SpecImportsCastToImported2.TestImportsCastToImported2" methodname="TestImportsCastToImported2" classname="Kaitai.SpecImportsCastToImported2" runstate="Runnable" seed="1291098026" result="Passed" start-time="2024-07-13 00:24:46Z" end-time="2024-07-13 00:24:46Z" duration="0.000441" asserts="2" />
      </test-suite>
      <test-suite type="TestFixture" id="0-1190" name="SpecImportsCircularA" fullname="Kaitai.SpecImportsCircularA" classname="Kaitai.SpecImportsCircularA" runstate="Runnable" testcasecount="1" result="Passed" start-time="2024-07-13 00:24:46Z" end-time="2024-07-13 00:24:46Z" duration="0.002782" total="1" passed="1" failed="0" inconclusive="0" skipped="0" asserts="5">
        <test-case id="0-1191" name="TestImportsCircularA" fullname="Kaitai.SpecImportsCircularA.TestImportsCircularA" methodname="TestImportsCircularA" classname="Kaitai.SpecImportsCircularA" runstate="Runnable" seed="607082189" result="Passed" start-time="2024-07-13 00:24:46Z" end-time="2024-07-13 00:24:46Z" duration="0.000466" asserts="5" />
      </test-suite>
      <test-suite type="TestFixture" id="0-1192" name="SpecImportsParamsDefArrayUsertypeImported" fullname="Kaitai.SpecImportsParamsDefArrayUsertypeImported" classname="Kaitai.SpecImportsParamsDefArrayUsertypeImported" runstate="Runnable" testcasecount="1" result="Passed" start-time="2024-07-13 00:24:46Z" end-time="2024-07-13 00:24:46Z" duration="0.003096" total="1" passed="1" failed="0" inconclusive="0" skipped="0" asserts="5">
        <test-case id="0-1193" name="TestImportsParamsDefArrayUsertypeImported" fullname="Kaitai.SpecImportsParamsDefArrayUsertypeImported.TestImportsParamsDefArrayUsertypeImported" methodname="TestImportsParamsDefArrayUsertypeImported" classname="Kaitai.SpecImportsParamsDefArrayUsertypeImported" runstate="Runnable" seed="1298121433" result="Passed" start-time="2024-07-13 00:24:46Z" end-time="2024-07-13 00:24:46Z" duration="0.000776" asserts="5" />
      </test-suite>
      <test-suite type="TestFixture" id="0-1194" name="SpecImportsParamsDefEnumImported" fullname="Kaitai.SpecImportsParamsDefEnumImported" classname="Kaitai.SpecImportsParamsDefEnumImported" runstate="Runnable" testcasecount="1" result="Passed" start-time="2024-07-13 00:24:46Z" end-time="2024-07-13 00:24:46Z" duration="0.002772" total="1" passed="1" failed="0" inconclusive="0" skipped="0" asserts="4">
        <test-case id="0-1195" name="TestImportsParamsDefEnumImported" fullname="Kaitai.SpecImportsParamsDefEnumImported.TestImportsParamsDefEnumImported" methodname="TestImportsParamsDefEnumImported" classname="Kaitai.SpecImportsParamsDefEnumImported" runstate="Runnable" seed="1945031072" result="Passed" start-time="2024-07-13 00:24:46Z" end-time="2024-07-13 00:24:46Z" duration="0.000449" asserts="4" />
      </test-suite>
      <test-suite type="TestFixture" id="0-1196" name="SpecImportsParamsDefUsertypeImported" fullname="Kaitai.SpecImportsParamsDefUsertypeImported" classname="Kaitai.SpecImportsParamsDefUsertypeImported" runstate="Runnable" testcasecount="1" result="Passed" start-time="2024-07-13 00:24:46Z" end-time="2024-07-13 00:24:46Z" duration="0.002774" total="1" passed="1" failed="0" inconclusive="0" skipped="0" asserts="2">
        <test-case id="0-1197" name="TestImportsParamsDefUsertypeImported" fullname="Kaitai.SpecImportsParamsDefUsertypeImported.TestImportsParamsDefUsertypeImported" methodname="TestImportsParamsDefUsertypeImported" classname="Kaitai.SpecImportsParamsDefUsertypeImported" runstate="Runnable" seed="11824037" result="Passed" start-time="2024-07-13 00:24:46Z" end-time="2024-07-13 00:24:46Z" duration="0.000446" asserts="2" />
      </test-suite>
      <test-suite type="TestFixture" id="0-1198" name="SpecImportsRel1" fullname="Kaitai.SpecImportsRel1" classname="Kaitai.SpecImportsRel1" runstate="Runnable" testcasecount="1" result="Passed" start-time="2024-07-13 00:24:46Z" end-time="2024-07-13 00:24:46Z" duration="0.002803" total="1" passed="1" failed="0" inconclusive="0" skipped="0" asserts="3">
        <test-case id="0-1199" name="TestImportsRel1" fullname="Kaitai.SpecImportsRel1.TestImportsRel1" methodname="TestImportsRel1" classname="Kaitai.SpecImportsRel1" runstate="Runnable" seed="1723626029" result="Passed" start-time="2024-07-13 00:24:46Z" end-time="2024-07-13 00:24:46Z" duration="0.000478" asserts="3" />
      </test-suite>
      <test-suite type="TestFixture" id="0-1200" name="SpecIndexSizes" fullname="Kaitai.SpecIndexSizes" classname="Kaitai.SpecIndexSizes" runstate="Runnable" testcasecount="1" result="Passed" start-time="2024-07-13 00:24:46Z" end-time="2024-07-13 00:24:46Z" duration="0.002970" total="1" passed="1" failed="0" inconclusive="0" skipped="0" asserts="7">
        <test-case id="0-1201" name="TestIndexSizes" fullname="Kaitai.SpecIndexSizes.TestIndexSizes" methodname="TestIndexSizes" classname="Kaitai.SpecIndexSizes" runstate="Runnable" seed="1790168034" result="Passed" start-time="2024-07-13 00:24:46Z" end-time="2024-07-13 00:24:46Z" duration="0.000634" asserts="7" />
      </test-suite>
      <test-suite type="TestFixture" id="0-1202" name="SpecIndexToParamEos" fullname="Kaitai.SpecIndexToParamEos" classname="Kaitai.SpecIndexToParamEos" runstate="Runnable" testcasecount="1" result="Passed" start-time="2024-07-13 00:24:46Z" end-time="2024-07-13 00:24:46Z" duration="0.003176" total="1" passed="1" failed="0" inconclusive="0" skipped="0" asserts="7">
        <test-case id="0-1203" name="TestIndexToParamEos" fullname="Kaitai.SpecIndexToParamEos.TestIndexToParamEos" methodname="TestIndexToParamEos" classname="Kaitai.SpecIndexToParamEos" runstate="Runnable" seed="1258315473" result="Passed" start-time="2024-07-13 00:24:46Z" end-time="2024-07-13 00:24:46Z" duration="0.000839" asserts="7" />
      </test-suite>
      <test-suite type="TestFixture" id="0-1204" name="SpecIndexToParamExpr" fullname="Kaitai.SpecIndexToParamExpr" classname="Kaitai.SpecIndexToParamExpr" runstate="Runnable" testcasecount="1" result="Passed" start-time="2024-07-13 00:24:46Z" end-time="2024-07-13 00:24:46Z" duration="0.003172" total="1" passed="1" failed="0" inconclusive="0" skipped="0" asserts="7">
        <test-case id="0-1205" name="TestIndexToParamExpr" fullname="Kaitai.SpecIndexToParamExpr.TestIndexToParamExpr" methodname="TestIndexToParamExpr" classname="Kaitai.SpecIndexToParamExpr" runstate="Runnable" seed="1385287595" result="Passed" start-time="2024-07-13 00:24:46Z" end-time="2024-07-13 00:24:46Z" duration="0.000838" asserts="7" />
      </test-suite>
      <test-suite type="TestFixture" id="0-1206" name="SpecIndexToParamUntil" fullname="Kaitai.SpecIndexToParamUntil" classname="Kaitai.SpecIndexToParamUntil" runstate="Runnable" testcasecount="1" result="Passed" start-time="2024-07-13 00:24:46Z" end-time="2024-07-13 00:24:46Z" duration="0.003224" total="1" passed="1" failed="0" inconclusive="0" skipped="0" asserts="7">
        <test-case id="0-1207" name="TestIndexToParamUntil" fullname="Kaitai.SpecIndexToParamUntil.TestIndexToParamUntil" methodname="TestIndexToParamUntil" classname="Kaitai.SpecIndexToParamUntil" runstate="Runnable" seed="351734488" result="Passed" start-time="2024-07-13 00:24:46Z" end-time="2024-07-13 00:24:46Z" duration="0.000888" asserts="7" />
      </test-suite>
      <test-suite type="TestFixture" id="0-1208" name="SpecInstanceIoUser" fullname="Kaitai.SpecInstanceIoUser" classname="Kaitai.SpecInstanceIoUser" runstate="Runnable" testcasecount="1" result="Passed" start-time="2024-07-13 00:24:46Z" end-time="2024-07-13 00:24:46Z" duration="0.003431" total="1" passed="1" failed="0" inconclusive="0" skipped="0" asserts="4">
        <test-case id="0-1209" name="TestInstanceIoUser" fullname="Kaitai.SpecInstanceIoUser.TestInstanceIoUser" methodname="TestInstanceIoUser" classname="Kaitai.SpecInstanceIoUser" runstate="Runnable" seed="1348687510" result="Passed" start-time="2024-07-13 00:24:46Z" end-time="2024-07-13 00:24:46Z" duration="0.001098" asserts="4" />
      </test-suite>
      <test-suite type="TestFixture" id="0-1210" name="SpecInstanceStd" fullname="Kaitai.SpecInstanceStd" classname="Kaitai.SpecInstanceStd" runstate="Runnable" testcasecount="1" result="Passed" start-time="2024-07-13 00:24:46Z" end-time="2024-07-13 00:24:46Z" duration="0.002665" total="1" passed="1" failed="0" inconclusive="0" skipped="0" asserts="1">
        <test-case id="0-1211" name="TestInstanceStd" fullname="Kaitai.SpecInstanceStd.TestInstanceStd" methodname="TestInstanceStd" classname="Kaitai.SpecInstanceStd" runstate="Runnable" seed="1489049266" result="Passed" start-time="2024-07-13 00:24:46Z" end-time="2024-07-13 00:24:46Z" duration="0.000333" asserts="1" />
      </test-suite>
      <test-suite type="TestFixture" id="0-1212" name="SpecInstanceStdArray" fullname="Kaitai.SpecInstanceStdArray" classname="Kaitai.SpecInstanceStdArray" runstate="Runnable" testcasecount="1" result="Passed" start-time="2024-07-13 00:24:46Z" end-time="2024-07-13 00:24:46Z" duration="0.002986" total="1" passed="1" failed="0" inconclusive="0" skipped="0" asserts="7">
[...]
      </test-suite>
      <test-suite type="TestFixture" id="0-1420" name="SpecTsPacketHeader" fullname="Kaitai.SpecTsPacketHeader" classname="Kaitai.SpecTsPacketHeader" runstate="Runnable" testcasecount="1" result="Passed" start-time="2024-07-13 00:24:47Z" end-time="2024-07-13 00:24:47Z" duration="0.002831" total="1" passed="1" failed="0" inconclusive="0" skipped="0" asserts="7">
        <test-case id="0-1421" name="TestTsPacketHeader" fullname="Kaitai.SpecTsPacketHeader.TestTsPacketHeader" methodname="TestTsPacketHeader" classname="Kaitai.SpecTsPacketHeader" runstate="Runnable" seed="382090738" result="Passed" start-time="2024-07-13 00:24:47Z" end-time="2024-07-13 00:24:47Z" duration="0.000498" asserts="7" />
      </test-suite>
      <test-suite type="TestFixture" id="0-1422" name="SpecTypeIntUnaryOp" fullname="Kaitai.SpecTypeIntUnaryOp" classname="Kaitai.SpecTypeIntUnaryOp" runstate="Runnable" testcasecount="1" result="Passed" start-time="2024-07-13 00:24:47Z" end-time="2024-07-13 00:24:47Z" duration="0.002748" total="1" passed="1" failed="0" inconclusive="0" skipped="0" asserts="4">
        <test-case id="0-1423" name="TestTypeIntUnaryOp" fullname="Kaitai.SpecTypeIntUnaryOp.TestTypeIntUnaryOp" methodname="TestTypeIntUnaryOp" classname="Kaitai.SpecTypeIntUnaryOp" runstate="Runnable" seed="278952110" result="Passed" start-time="2024-07-13 00:24:47Z" end-time="2024-07-13 00:24:47Z" duration="0.000415" asserts="4" />
      </test-suite>
      <test-suite type="TestFixture" id="0-1424" name="SpecTypeTernary" fullname="Kaitai.SpecTypeTernary" classname="Kaitai.SpecTypeTernary" runstate="Runnable" testcasecount="1" result="Passed" start-time="2024-07-13 00:24:47Z" end-time="2024-07-13 00:24:47Z" duration="0.002823" total="1" passed="1" failed="0" inconclusive="0" skipped="0" asserts="1">
        <test-case id="0-1425" name="TestTypeTernary" fullname="Kaitai.SpecTypeTernary.TestTypeTernary" methodname="TestTypeTernary" classname="Kaitai.SpecTypeTernary" runstate="Runnable" seed="925676929" result="Passed" start-time="2024-07-13 00:24:47Z" end-time="2024-07-13 00:24:47Z" duration="0.000489" asserts="1" />
      </test-suite>
      <test-suite type="TestFixture" id="0-1426" name="SpecTypeTernary2ndFalsy" fullname="Kaitai.SpecTypeTernary2ndFalsy" classname="Kaitai.SpecTypeTernary2ndFalsy" runstate="Runnable" testcasecount="1" result="Passed" start-time="2024-07-13 00:24:47Z" end-time="2024-07-13 00:24:47Z" duration="0.003513" total="1" passed="1" failed="0" inconclusive="0" skipped="0" asserts="13">
        <test-case id="0-1427" name="TestTypeTernary2ndFalsy" fullname="Kaitai.SpecTypeTernary2ndFalsy.TestTypeTernary2ndFalsy" methodname="TestTypeTernary2ndFalsy" classname="Kaitai.SpecTypeTernary2ndFalsy" runstate="Runnable" seed="2042430490" result="Passed" start-time="2024-07-13 00:24:47Z" end-time="2024-07-13 00:24:47Z" duration="0.001178" asserts="13" />
      </test-suite>
      <test-suite type="TestFixture" id="0-1428" name="SpecTypeTernaryOpaque" fullname="Kaitai.SpecTypeTernaryOpaque" classname="Kaitai.SpecTypeTernaryOpaque" runstate="Runnable" testcasecount="1" result="Passed" start-time="2024-07-13 00:24:47Z" end-time="2024-07-13 00:24:47Z" duration="0.002801" total="1" passed="1" failed="0" inconclusive="0" skipped="0" asserts="3">
        <test-case id="0-1429" name="TestTypeTernaryOpaque" fullname="Kaitai.SpecTypeTernaryOpaque.TestTypeTernaryOpaque" methodname="TestTypeTernaryOpaque" classname="Kaitai.SpecTypeTernaryOpaque" runstate="Runnable" seed="26702678" result="Passed" start-time="2024-07-13 00:24:47Z" end-time="2024-07-13 00:24:47Z" duration="0.000460" asserts="3" />
      </test-suite>
      <test-suite type="TestFixture" id="0-1430" name="SpecUserType" fullname="Kaitai.SpecUserType" classname="Kaitai.SpecUserType" runstate="Runnable" testcasecount="1" result="Passed" start-time="2024-07-13 00:24:47Z" end-time="2024-07-13 00:24:47Z" duration="0.002717" total="1" passed="1" failed="0" inconclusive="0" skipped="0" asserts="2">
        <test-case id="0-1431" name="TestUserType" fullname="Kaitai.SpecUserType.TestUserType" methodname="TestUserType" classname="Kaitai.SpecUserType" runstate="Runnable" seed="2077186844" result="Passed" start-time="2024-07-13 00:24:47Z" end-time="2024-07-13 00:24:47Z" duration="0.000382" asserts="2" />
      </test-suite>
      <test-suite type="TestFixture" id="0-1432" name="SpecValidEqStrEncodings" fullname="Kaitai.SpecValidEqStrEncodings" classname="Kaitai.SpecValidEqStrEncodings" runstate="Runnable" testcasecount="1" result="Passed" start-time="2024-07-13 00:24:47Z" end-time="2024-07-13 00:24:47Z" duration="0.002828" total="1" passed="1" failed="0" inconclusive="0" skipped="0" asserts="0">
        <test-case id="0-1433" name="TestValidEqStrEncodings" fullname="Kaitai.SpecValidEqStrEncodings.TestValidEqStrEncodings" methodname="TestValidEqStrEncodings" classname="Kaitai.SpecValidEqStrEncodings" runstate="Runnable" seed="1540439687" result="Passed" start-time="2024-07-13 00:24:47Z" end-time="2024-07-13 00:24:47Z" duration="0.000494" asserts="0" />
      </test-suite>
      <test-suite type="TestFixture" id="0-1434" name="SpecValidFailAnyofInt" fullname="Kaitai.SpecValidFailAnyofInt" classname="Kaitai.SpecValidFailAnyofInt" runstate="Runnable" testcasecount="1" result="Passed" start-time="2024-07-13 00:24:47Z" end-time="2024-07-13 00:24:47Z" duration="0.002984" total="1" passed="1" failed="0" inconclusive="0" skipped="0" asserts="1">
        <test-case id="0-1435" name="TestValidFailAnyofInt" fullname="Kaitai.SpecValidFailAnyofInt.TestValidFailAnyofInt" methodname="TestValidFailAnyofInt" classname="Kaitai.SpecValidFailAnyofInt" runstate="Runnable" seed="1200851355" result="Passed" start-time="2024-07-13 00:24:47Z" end-time="2024-07-13 00:24:47Z" duration="0.000637" asserts="1" />
      </test-suite>
      <test-suite type="TestFixture" id="0-1436" name="SpecValidFailContents" fullname="Kaitai.SpecValidFailContents" classname="Kaitai.SpecValidFailContents" runstate="Runnable" testcasecount="1" result="Passed" start-time="2024-07-13 00:24:47Z" end-time="2024-07-13 00:24:47Z" duration="0.002940" total="1" passed="1" failed="0" inconclusive="0" skipped="0" asserts="1">
        <test-case id="0-1437" name="TestValidFailContents" fullname="Kaitai.SpecValidFailContents.TestValidFailContents" methodname="TestValidFailContents" classname="Kaitai.SpecValidFailContents" runstate="Runnable" seed="236177368" result="Passed" start-time="2024-07-13 00:24:47Z" end-time="2024-07-13 00:24:47Z" duration="0.000597" asserts="1" />
      </test-suite>
      <test-suite type="TestFixture" id="0-1438" name="SpecValidFailEqBytes" fullname="Kaitai.SpecValidFailEqBytes" classname="Kaitai.SpecValidFailEqBytes" runstate="Runnable" testcasecount="1" result="Passed" start-time="2024-07-13 00:24:47Z" end-time="2024-07-13 00:24:47Z" duration="0.002725" total="1" passed="1" failed="0" inconclusive="0" skipped="0" asserts="1">
        <test-case id="0-1439" name="TestValidFailEqBytes" fullname="Kaitai.SpecValidFailEqBytes.TestValidFailEqBytes" methodname="TestValidFailEqBytes" classname="Kaitai.SpecValidFailEqBytes" runstate="Runnable" seed="2070066989" result="Passed" start-time="2024-07-13 00:24:47Z" end-time="2024-07-13 00:24:47Z" duration="0.000389" asserts="1" />
      </test-suite>
      <test-suite type="TestFixture" id="0-1440" name="SpecValidFailEqInt" fullname="Kaitai.SpecValidFailEqInt" classname="Kaitai.SpecValidFailEqInt" runstate="Runnable" testcasecount="1" result="Passed" start-time="2024-07-13 00:24:47Z" end-time="2024-07-13 00:24:47Z" duration="0.002761" total="1" passed="1" failed="0" inconclusive="0" skipped="0" asserts="1">
        <test-case id="0-1441" name="TestValidFailEqInt" fullname="Kaitai.SpecValidFailEqInt.TestValidFailEqInt" methodname="TestValidFailEqInt" classname="Kaitai.SpecValidFailEqInt" runstate="Runnable" seed="1040365737" result="Passed" start-time="2024-07-13 00:24:47Z" end-time="2024-07-13 00:24:47Z" duration="0.000429" asserts="1" />
      </test-suite>
      <test-suite type="TestFixture" id="0-1442" name="SpecValidFailEqStr" fullname="Kaitai.SpecValidFailEqStr" classname="Kaitai.SpecValidFailEqStr" runstate="Runnable" testcasecount="1" result="Passed" start-time="2024-07-13 00:24:47Z" end-time="2024-07-13 00:24:47Z" duration="0.002710" total="1" passed="1" failed="0" inconclusive="0" skipped="0" asserts="1">
        <test-case id="0-1443" name="TestValidFailEqStr" fullname="Kaitai.SpecValidFailEqStr.TestValidFailEqStr" methodname="TestValidFailEqStr" classname="Kaitai.SpecValidFailEqStr" runstate="Runnable" seed="805535662" result="Passed" start-time="2024-07-13 00:24:47Z" end-time="2024-07-13 00:24:47Z" duration="0.000374" asserts="1" />
      </test-suite>
      <test-suite type="TestFixture" id="0-1444" name="SpecValidFailExpr" fullname="Kaitai.SpecValidFailExpr" classname="Kaitai.SpecValidFailExpr" runstate="Runnable" testcasecount="1" result="Passed" start-time="2024-07-13 00:24:47Z" end-time="2024-07-13 00:24:47Z" duration="0.003022" total="1" passed="1" failed="0" inconclusive="0" skipped="0" asserts="1">
        <test-case id="0-1445" name="TestValidFailExpr" fullname="Kaitai.SpecValidFailExpr.TestValidFailExpr" methodname="TestValidFailExpr" classname="Kaitai.SpecValidFailExpr" runstate="Runnable" seed="479030250" result="Passed" start-time="2024-07-13 00:24:47Z" end-time="2024-07-13 00:24:47Z" duration="0.000691" asserts="1" />
      </test-suite>
      <test-suite type="TestFixture" id="0-1446" name="SpecValidFailInst" fullname="Kaitai.SpecValidFailInst" classname="Kaitai.SpecValidFailInst" runstate="Runnable" testcasecount="1" result="Passed" start-time="2024-07-13 00:24:47Z" end-time="2024-07-13 00:24:47Z" duration="0.002826" total="1" passed="1" failed="0" inconclusive="0" skipped="0" asserts="1">
        <test-case id="0-1447" name="TestValidFailInst" fullname="Kaitai.SpecValidFailInst.TestValidFailInst" methodname="TestValidFailInst" classname="Kaitai.SpecValidFailInst" runstate="Runnable" seed="2012215754" result="Passed" start-time="2024-07-13 00:24:47Z" end-time="2024-07-13 00:24:47Z" duration="0.000481" asserts="1" />
      </test-suite>
      <test-suite type="TestFixture" id="0-1448" name="SpecValidFailMaxInt" fullname="Kaitai.SpecValidFailMaxInt" classname="Kaitai.SpecValidFailMaxInt" runstate="Runnable" testcasecount="1" result="Passed" start-time="2024-07-13 00:24:47Z" end-time="2024-07-13 00:24:47Z" duration="0.002812" total="1" passed="1" failed="0" inconclusive="0" skipped="0" asserts="1">
        <test-case id="0-1449" name="TestValidFailMaxInt" fullname="Kaitai.SpecValidFailMaxInt.TestValidFailMaxInt" methodname="TestValidFailMaxInt" classname="Kaitai.SpecValidFailMaxInt" runstate="Runnable" seed="715699331" result="Passed" start-time="2024-07-13 00:24:47Z" end-time="2024-07-13 00:24:47Z" duration="0.000473" asserts="1" />
      </test-suite>
      <test-suite type="TestFixture" id="0-1450" name="SpecValidFailMinInt" fullname="Kaitai.SpecValidFailMinInt" classname="Kaitai.SpecValidFailMinInt" runstate="Runnable" testcasecount="1" result="Passed" start-time="2024-07-13 00:24:47Z" end-time="2024-07-13 00:24:47Z" duration="0.002783" total="1" passed="1" failed="0" inconclusive="0" skipped="0" asserts="1">
        <test-case id="0-1451" name="TestValidFailMinInt" fullname="Kaitai.SpecValidFailMinInt.TestValidFailMinInt" methodname="TestValidFailMinInt" classname="Kaitai.SpecValidFailMinInt" runstate="Runnable" seed="829712137" result="Passed" start-time="2024-07-13 00:24:47Z" end-time="2024-07-13 00:24:47Z" duration="0.000446" asserts="1" />
      </test-suite>
      <test-suite type="TestFixture" id="0-1452" name="SpecValidFailRangeBytes" fullname="Kaitai.SpecValidFailRangeBytes" classname="Kaitai.SpecValidFailRangeBytes" runstate="Runnable" testcasecount="1" result="Passed" start-time="2024-07-13 00:24:47Z" end-time="2024-07-13 00:24:47Z" duration="0.002841" total="1" passed="1" failed="0" inconclusive="0" skipped="0" asserts="1">
        <test-case id="0-1453" name="TestValidFailRangeBytes" fullname="Kaitai.SpecValidFailRangeBytes.TestValidFailRangeBytes" methodname="TestValidFailRangeBytes" classname="Kaitai.SpecValidFailRangeBytes" runstate="Runnable" seed="915864265" result="Passed" start-time="2024-07-13 00:24:47Z" end-time="2024-07-13 00:24:47Z" duration="0.000493" asserts="1" />
      </test-suite>
      <test-suite type="TestFixture" id="0-1454" name="SpecValidFailRangeFloat" fullname="Kaitai.SpecValidFailRangeFloat" classname="Kaitai.SpecValidFailRangeFloat" runstate="Runnable" testcasecount="1" result="Passed" start-time="2024-07-13 00:24:47Z" end-time="2024-07-13 00:24:47Z" duration="0.003882" total="1" passed="1" failed="0" inconclusive="0" skipped="0" asserts="1">
        <test-case id="0-1455" name="TestValidFailRangeFloat" fullname="Kaitai.SpecValidFailRangeFloat.TestValidFailRangeFloat" methodname="TestValidFailRangeFloat" classname="Kaitai.SpecValidFailRangeFloat" runstate="Runnable" seed="1890147237" result="Passed" start-time="2024-07-13 00:24:47Z" end-time="2024-07-13 00:24:47Z" duration="0.001538" asserts="1" />
      </test-suite>
      <test-suite type="TestFixture" id="0-1456" name="SpecValidFailRangeInt" fullname="Kaitai.SpecValidFailRangeInt" classname="Kaitai.SpecValidFailRangeInt" runstate="Runnable" testcasecount="1" result="Passed" start-time="2024-07-13 00:24:47Z" end-time="2024-07-13 00:24:47Z" duration="0.002770" total="1" passed="1" failed="0" inconclusive="0" skipped="0" asserts="1">
        <test-case id="0-1457" name="TestValidFailRangeInt" fullname="Kaitai.SpecValidFailRangeInt.TestValidFailRangeInt" methodname="TestValidFailRangeInt" classname="Kaitai.SpecValidFailRangeInt" runstate="Runnable" seed="1572576490" result="Passed" start-time="2024-07-13 00:24:47Z" end-time="2024-07-13 00:24:47Z" duration="0.000422" asserts="1" />
      </test-suite>
      <test-suite type="TestFixture" id="0-1458" name="SpecValidFailRangeStr" fullname="Kaitai.SpecValidFailRangeStr" classname="Kaitai.SpecValidFailRangeStr" runstate="Runnable" testcasecount="1" result="Passed" start-time="2024-07-13 00:24:47Z" end-time="2024-07-13 00:24:47Z" duration="0.002975" total="1" passed="1" failed="0" inconclusive="0" skipped="0" asserts="1">
        <test-case id="0-1459" name="TestValidFailRangeStr" fullname="Kaitai.SpecValidFailRangeStr.TestValidFailRangeStr" methodname="TestValidFailRangeStr" classname="Kaitai.SpecValidFailRangeStr" runstate="Runnable" seed="363456013" result="Passed" start-time="2024-07-13 00:24:47Z" end-time="2024-07-13 00:24:47Z" duration="0.000636" asserts="1" />
      </test-suite>
      <test-suite type="TestFixture" id="0-1460" name="SpecValidLong" fullname="Kaitai.SpecValidLong" classname="Kaitai.SpecValidLong" runstate="Runnable" testcasecount="1" result="Passed" start-time="2024-07-13 00:24:47Z" end-time="2024-07-13 00:24:47Z" duration="0.003049" total="1" passed="1" failed="0" inconclusive="0" skipped="0" asserts="0">
        <test-case id="0-1461" name="TestValidLong" fullname="Kaitai.SpecValidLong.TestValidLong" methodname="TestValidLong" classname="Kaitai.SpecValidLong" runstate="Runnable" seed="1238696894" result="Passed" start-time="2024-07-13 00:24:47Z" end-time="2024-07-13 00:24:47Z" duration="0.000713" asserts="0" />
      </test-suite>
      <test-suite type="TestFixture" id="0-1462" name="SpecValidNotParsedIf" fullname="Kaitai.SpecValidNotParsedIf" classname="Kaitai.SpecValidNotParsedIf" runstate="Runnable" testcasecount="1" result="Passed" start-time="2024-07-13 00:24:47Z" end-time="2024-07-13 00:24:47Z" duration="0.002768" total="1" passed="1" failed="0" inconclusive="0" skipped="0" asserts="0">
        <test-case id="0-1463" name="TestValidNotParsedIf" fullname="Kaitai.SpecValidNotParsedIf.TestValidNotParsedIf" methodname="TestValidNotParsedIf" classname="Kaitai.SpecValidNotParsedIf" runstate="Runnable" seed="1024346446" result="Passed" start-time="2024-07-13 00:24:47Z" end-time="2024-07-13 00:24:47Z" duration="0.000414" asserts="0" />
      </test-suite>
      <test-suite type="TestFixture" id="0-1464" name="SpecValidOptionalId" fullname="Kaitai.SpecValidOptionalId" classname="Kaitai.SpecValidOptionalId" runstate="Runnable" testcasecount="1" result="Passed" start-time="2024-07-13 00:24:47Z" end-time="2024-07-13 00:24:47Z" duration="0.002728" total="1" passed="1" failed="0" inconclusive="0" skipped="0" asserts="0">
        <test-case id="0-1465" name="TestValidOptionalId" fullname="Kaitai.SpecValidOptionalId.TestValidOptionalId" methodname="TestValidOptionalId" classname="Kaitai.SpecValidOptionalId" runstate="Runnable" seed="208707207" result="Passed" start-time="2024-07-13 00:24:47Z" end-time="2024-07-13 00:24:47Z" duration="0.000393" asserts="0" />
      </test-suite>
      <test-suite type="TestFixture" id="0-1466" name="SpecValidShort" fullname="Kaitai.SpecValidShort" classname="Kaitai.SpecValidShort" runstate="Runnable" testcasecount="1" result="Passed" start-time="2024-07-13 00:24:47Z" end-time="2024-07-13 00:24:47Z" duration="0.003044" total="1" passed="1" failed="0" inconclusive="0" skipped="0" asserts="0">
        <test-case id="0-1467" name="TestValidShort" fullname="Kaitai.SpecValidShort.TestValidShort" methodname="TestValidShort" classname="Kaitai.SpecValidShort" runstate="Runnable" seed="1548776644" result="Passed" start-time="2024-07-13 00:24:47Z" end-time="2024-07-13 00:24:47Z" duration="0.000700" asserts="0" />
      </test-suite>
      <test-suite type="TestFixture" id="0-1468" name="SpecValidSwitch" fullname="Kaitai.SpecValidSwitch" classname="Kaitai.SpecValidSwitch" runstate="Runnable" testcasecount="1" result="Passed" start-time="2024-07-13 00:24:47Z" end-time="2024-07-13 00:24:47Z" duration="0.002697" total="1" passed="1" failed="0" inconclusive="0" skipped="0" asserts="0">
        <test-case id="0-1469" name="TestValidSwitch" fullname="Kaitai.SpecValidSwitch.TestValidSwitch" methodname="TestValidSwitch" classname="Kaitai.SpecValidSwitch" runstate="Runnable" seed="74866364" result="Passed" start-time="2024-07-13 00:24:47Z" end-time="2024-07-13 00:24:47Z" duration="0.000358" asserts="0" />
      </test-suite>
      <test-suite type="TestFixture" id="0-1470" name="SpecZlibSurrounded" fullname="Kaitai.SpecZlibSurrounded" classname="Kaitai.SpecZlibSurrounded" runstate="Runnable" testcasecount="1" result="Passed" start-time="2024-07-13 00:24:47Z" end-time="2024-07-13 00:24:47Z" duration="0.006851" total="1" passed="1" failed="0" inconclusive="0" skipped="0" asserts="1">
        <test-case id="0-1471" name="TestZlibSurrounded" fullname="Kaitai.SpecZlibSurrounded.TestZlibSurrounded" methodname="TestZlibSurrounded" classname="Kaitai.SpecZlibSurrounded" runstate="Runnable" seed="1191258749" result="Passed" start-time="2024-07-13 00:24:47Z" end-time="2024-07-13 00:24:47Z" duration="0.004497" asserts="1" />
      </test-suite>
      <test-suite type="TestFixture" id="0-1472" name="SpecZlibWithHeader78" fullname="Kaitai.SpecZlibWithHeader78" classname="Kaitai.SpecZlibWithHeader78" runstate="Runnable" testcasecount="1" result="Passed" start-time="2024-07-13 00:24:47Z" end-time="2024-07-13 00:24:47Z" duration="0.002667" total="1" passed="1" failed="0" inconclusive="0" skipped="0" asserts="1">
        <test-case id="0-1473" name="TestZlibWithHeader78" fullname="Kaitai.SpecZlibWithHeader78.TestZlibWithHeader78" methodname="TestZlibWithHeader78" classname="Kaitai.SpecZlibWithHeader78" runstate="Runnable" seed="1726086168" result="Passed" start-time="2024-07-13 00:24:47Z" end-time="2024-07-13 00:24:47Z" duration="0.000330" asserts="1" />
      </test-suite>
    </test-suite>
  </test-suite>
</test-run>