<?xml version="1.0" encoding="utf-8" standalone="no"?>
<test-run id="2" testcasecount="219" result="Failed" total="219" passed="217" failed="2" inconclusive="0" skipped="0" asserts="977" engine-version="3.4.1.0" clr-version="4.0.30319.42000" start-time="2023-07-27 22:38:24Z" end-time="2023-07-27 22:38:26Z" duration="1.661168">
  <command-line><![CDATA[/home/runner/work/ci_targets/ci_targets/tests/spec/csharp/packages/NUnit.ConsoleRunner.3.4.1/tools/nunit3-console.exe --result=test_out/csharp/TestResult.xml spec/csharp/kaitai_struct_csharp_tests/bin/Debug/kaitai_struct_csharp_tests.dll]]></command-line>
  <test-suite type="Assembly" id="0-1438" name="kaitai_struct_csharp_tests.dll" fullname="/home/runner/work/ci_targets/ci_targets/tests/spec/csharp/kaitai_struct_csharp_tests/bin/Debug/kaitai_struct_csharp_tests.dll" runstate="Runnable" testcasecount="219" result="Failed" site="Child" start-time="2023-07-27 22:38:24Z" end-time="2023-07-27 22:38:26Z" duration="1.533876" total="219" passed="217" failed="2" inconclusive="0" skipped="0" asserts="977">
    <environment framework-version="3.4.1.0" clr-version="4.0.30319.42000" os-version="Unix 5.15.0.1041" platform="Unix" cwd="/home/runner/work/ci_targets/ci_targets/tests" machine-name="fv-az1230-548" user="runner" user-domain="fv-az1230-548" culture="" uiculture="" os-architecture="x64" />
    <settings>
      <setting name="WorkDirectory" value="/home/runner/work/ci_targets/ci_targets/tests" />
      <setting name="ImageRuntimeVersion" value="4.0.30319" />
      <setting name="ImageTargetFrameworkName" value=".NETFramework,Version=v4.5" />
      <setting name="ImageRequiresX86" value="False" />
      <setting name="ImageRequiresDefaultAppDomainAssemblyResolver" value="False" />
      <setting name="NumberOfTestWorkers" value="2" />
    </settings>
    <properties>
      <property name="_PID" value="2667" />
      <property name="_APPDOMAIN" value="test-domain-" />
    </properties>
    <failure>
      <message><![CDATA[One or more child tests had errors]]></message>
    </failure>
    <test-suite type="TestSuite" id="0-1439" name="Kaitai" fullname="Kaitai" runstate="Runnable" testcasecount="219" result="Failed" site="Child" start-time="2023-07-27 22:38:24Z" end-time="2023-07-27 22:38:26Z" duration="1.518527" total="219" passed="217" failed="2" inconclusive="0" skipped="0" asserts="977">
      <failure>
        <message><![CDATA[One or more child tests had errors]]></message>
      </failure>
      <test-suite type="TestFixture" id="0-1000" name="SpecBcdUserTypeBe" fullname="Kaitai.SpecBcdUserTypeBe" classname="Kaitai.SpecBcdUserTypeBe" runstate="Runnable" testcasecount="1" result="Passed" start-time="2023-07-27 22:38:24Z" end-time="2023-07-27 22:38:24Z" duration="0.026124" total="1" passed="1" failed="0" inconclusive="0" skipped="0" asserts="6">
        <test-case id="0-1001" name="TestBcdUserTypeBe" fullname="Kaitai.SpecBcdUserTypeBe.TestBcdUserTypeBe" methodname="TestBcdUserTypeBe" classname="Kaitai.SpecBcdUserTypeBe" runstate="Runnable" seed="180049766" result="Passed" start-time="2023-07-27 22:38:24Z" end-time="2023-07-27 22:38:24Z" duration="0.016439" asserts="6" />
      </test-suite>
      <test-suite type="TestFixture" id="0-1002" name="SpecBcdUserTypeLe" fullname="Kaitai.SpecBcdUserTypeLe" classname="Kaitai.SpecBcdUserTypeLe" runstate="Runnable" testcasecount="1" result="Passed" start-time="2023-07-27 22:38:24Z" end-time="2023-07-27 22:38:24Z" duration="0.005456" total="1" passed="1" failed="0" inconclusive="0" skipped="0" asserts="6">
        <test-case id="0-1003" name="TestBcdUserTypeLe" fullname="Kaitai.SpecBcdUserTypeLe.TestBcdUserTypeLe" methodname="TestBcdUserTypeLe" classname="Kaitai.SpecBcdUserTypeLe" runstate="Runnable" seed="1478745748" result="Passed" start-time="2023-07-27 22:38:24Z" end-time="2023-07-27 22:38:24Z" duration="0.003007" asserts="6" />
      </test-suite>
      <test-suite type="TestFixture" id="0-1004" name="SpecBitsByteAligned" fullname="Kaitai.SpecBitsByteAligned" classname="Kaitai.SpecBitsByteAligned" runstate="Runnable" testcasecount="1" result="Passed" start-time="2023-07-27 22:38:24Z" end-time="2023-07-27 22:38:24Z" duration="0.006925" total="1" passed="1" failed="0" inconclusive="0" skipped="0" asserts="9">
        <test-case id="0-1005" name="TestBitsByteAligned" fullname="Kaitai.SpecBitsByteAligned.TestBitsByteAligned" methodname="TestBitsByteAligned" classname="Kaitai.SpecBitsByteAligned" runstate="Runnable" seed="273852016" result="Passed" start-time="2023-07-27 22:38:24Z" end-time="2023-07-27 22:38:24Z" duration="0.004494" asserts="9" />
      </test-suite>
      <test-suite type="TestFixture" id="0-1006" name="SpecBitsEnum" fullname="Kaitai.SpecBitsEnum" classname="Kaitai.SpecBitsEnum" runstate="Runnable" testcasecount="1" result="Passed" start-time="2023-07-27 22:38:24Z" end-time="2023-07-27 22:38:24Z" duration="0.003268" total="1" passed="1" failed="0" inconclusive="0" skipped="0" asserts="3">
        <test-case id="0-1007" name="TestBitsEnum" fullname="Kaitai.SpecBitsEnum.TestBitsEnum" methodname="TestBitsEnum" classname="Kaitai.SpecBitsEnum" runstate="Runnable" seed="436910266" result="Passed" start-time="2023-07-27 22:38:24Z" end-time="2023-07-27 22:38:24Z" duration="0.000761" asserts="3" />
      </test-suite>
      <test-suite type="TestFixture" id="0-1008" name="SpecBitsSeqEndianCombo" fullname="Kaitai.SpecBitsSeqEndianCombo" classname="Kaitai.SpecBitsSeqEndianCombo" runstate="Runnable" testcasecount="1" result="Passed" start-time="2023-07-27 22:38:24Z" end-time="2023-07-27 22:38:24Z" duration="0.003675" total="1" passed="1" failed="0" inconclusive="0" skipped="0" asserts="8">
        <test-case id="0-1009" name="TestBitsSeqEndianCombo" fullname="Kaitai.SpecBitsSeqEndianCombo.TestBitsSeqEndianCombo" methodname="TestBitsSeqEndianCombo" classname="Kaitai.SpecBitsSeqEndianCombo" runstate="Runnable" seed="1709259875" result="Passed" start-time="2023-07-27 22:38:24Z" end-time="2023-07-27 22:38:24Z" duration="0.000862" asserts="8" />
      </test-suite>
      <test-suite type="TestFixture" id="0-1010" name="SpecBitsShiftByB32Le" fullname="Kaitai.SpecBitsShiftByB32Le" classname="Kaitai.SpecBitsShiftByB32Le" runstate="Runnable" testcasecount="1" result="Passed" start-time="2023-07-27 22:38:24Z" end-time="2023-07-27 22:38:24Z" duration="0.003133" total="1" passed="1" failed="0" inconclusive="0" skipped="0" asserts="2">
        <test-case id="0-1011" name="TestBitsShiftByB32Le" fullname="Kaitai.SpecBitsShiftByB32Le.TestBitsShiftByB32Le" methodname="TestBitsShiftByB32Le" classname="Kaitai.SpecBitsShiftByB32Le" runstate="Runnable" seed="180042532" result="Passed" start-time="2023-07-27 22:38:24Z" end-time="2023-07-27 22:38:24Z" duration="0.000695" asserts="2" />
      </test-suite>
      <test-suite type="TestFixture" id="0-1012" name="SpecBitsShiftByB64Le" fullname="Kaitai.SpecBitsShiftByB64Le" classname="Kaitai.SpecBitsShiftByB64Le" runstate="Runnable" testcasecount="1" result="Passed" start-time="2023-07-27 22:38:24Z" end-time="2023-07-27 22:38:24Z" duration="0.003389" total="1" passed="1" failed="0" inconclusive="0" skipped="0" asserts="2">
        <test-case id="0-1013" name="TestBitsShiftByB64Le" fullname="Kaitai.SpecBitsShiftByB64Le.TestBitsShiftByB64Le" methodname="TestBitsShiftByB64Le" classname="Kaitai.SpecBitsShiftByB64Le" runstate="Runnable" seed="815498252" result="Passed" start-time="2023-07-27 22:38:24Z" end-time="2023-07-27 22:38:24Z" duration="0.000881" asserts="2" />
      </test-suite>
      <test-suite type="TestFixture" id="0-1014" name="SpecBitsSignedResB32Be" fullname="Kaitai.SpecBitsSignedResB32Be" classname="Kaitai.SpecBitsSignedResB32Be" runstate="Runnable" testcasecount="1" result="Passed" start-time="2023-07-27 22:38:24Z" end-time="2023-07-27 22:38:24Z" duration="0.002896" total="1" passed="1" failed="0" inconclusive="0" skipped="0" asserts="1">
        <test-case id="0-1015" name="TestBitsSignedResB32Be" fullname="Kaitai.SpecBitsSignedResB32Be.TestBitsSignedResB32Be" methodname="TestBitsSignedResB32Be" classname="Kaitai.SpecBitsSignedResB32Be" runstate="Runnable" seed="1331199968" result="Passed" start-time="2023-07-27 22:38:24Z" end-time="2023-07-27 22:38:24Z" duration="0.000475" asserts="1" />
      </test-suite>
      <test-suite type="TestFixture" id="0-1016" name="SpecBitsSignedResB32Le" fullname="Kaitai.SpecBitsSignedResB32Le" classname="Kaitai.SpecBitsSignedResB32Le" runstate="Runnable" testcasecount="1" result="Passed" start-time="2023-07-27 22:38:24Z" end-time="2023-07-27 22:38:24Z" duration="0.003164" total="1" passed="1" failed="0" inconclusive="0" skipped="0" asserts="1">
        <test-case id="0-1017" name="TestBitsSignedResB32Le" fullname="Kaitai.SpecBitsSignedResB32Le.TestBitsSignedResB32Le" methodname="TestBitsSignedResB32Le" classname="Kaitai.SpecBitsSignedResB32Le" runstate="Runnable" seed="1657894551" result="Passed" start-time="2023-07-27 22:38:24Z" end-time="2023-07-27 22:38:24Z" duration="0.000579" asserts="1" />
      </test-suite>
      <test-suite type="TestFixture" id="0-1018" name="SpecBitsSignedShiftB32Le" fullname="Kaitai.SpecBitsSignedShiftB32Le" classname="Kaitai.SpecBitsSignedShiftB32Le" runstate="Runnable" testcasecount="1" result="Passed" start-time="2023-07-27 22:38:24Z" end-time="2023-07-27 22:38:24Z" duration="0.003150" total="1" passed="1" failed="0" inconclusive="0" skipped="0" asserts="2">
        <test-case id="0-1019" name="TestBitsSignedShiftB32Le" fullname="Kaitai.SpecBitsSignedShiftB32Le.TestBitsSignedShiftB32Le" methodname="TestBitsSignedShiftB32Le" classname="Kaitai.SpecBitsSignedShiftB32Le" runstate="Runnable" seed="404305655" result="Passed" start-time="2023-07-27 22:38:24Z" end-time="2023-07-27 22:38:24Z" duration="0.000589" asserts="2" />
      </test-suite>
      <test-suite type="TestFixture" id="0-1020" name="SpecBitsSignedShiftB64Le" fullname="Kaitai.SpecBitsSignedShiftB64Le" classname="Kaitai.SpecBitsSignedShiftB64Le" runstate="Runnable" testcasecount="1" result="Passed" start-time="2023-07-27 22:38:24Z" end-time="2023-07-27 22:38:24Z" duration="0.003290" total="1" passed="1" failed="0" inconclusive="0" skipped="0" asserts="2">
        <test-case id="0-1021" name="TestBitsSignedShiftB64Le" fullname="Kaitai.SpecBitsSignedShiftB64Le.TestBitsSignedShiftB64Le" methodname="TestBitsSignedShiftB64Le" classname="Kaitai.SpecBitsSignedShiftB64Le" runstate="Runnable" seed="623954933" result="Passed" start-time="2023-07-27 22:38:24Z" end-time="2023-07-27 22:38:24Z" duration="0.000592" asserts="2" />
      </test-suite>
      <test-suite type="TestFixture" id="0-1022" name="SpecBitsSimple" fullname="Kaitai.SpecBitsSimple" classname="Kaitai.SpecBitsSimple" runstate="Runnable" testcasecount="1" result="Passed" start-time="2023-07-27 22:38:25Z" end-time="2023-07-27 22:38:25Z" duration="0.004685" total="1" passed="1" failed="0" inconclusive="0" skipped="0" asserts="14">
        <test-case id="0-1023" name="TestBitsSimple" fullname="Kaitai.SpecBitsSimple.TestBitsSimple" methodname="TestBitsSimple" classname="Kaitai.SpecBitsSimple" runstate="Runnable" seed="1521708614" result="Passed" start-time="2023-07-27 22:38:25Z" end-time="2023-07-27 22:38:25Z" duration="0.002175" asserts="14" />
      </test-suite>
      <test-suite type="TestFixture" id="0-1024" name="SpecBitsSimpleLe" fullname="Kaitai.SpecBitsSimpleLe" classname="Kaitai.SpecBitsSimpleLe" runstate="Runnable" testcasecount="1" result="Passed" start-time="2023-07-27 22:38:25Z" end-time="2023-07-27 22:38:25Z" duration="0.003880" total="1" passed="1" failed="0" inconclusive="0" skipped="0" asserts="14">
        <test-case id="0-1025" name="TestBitsSimpleLe" fullname="Kaitai.SpecBitsSimpleLe.TestBitsSimpleLe" methodname="TestBitsSimpleLe" classname="Kaitai.SpecBitsSimpleLe" runstate="Runnable" seed="2140677958" result="Passed" start-time="2023-07-27 22:38:25Z" end-time="2023-07-27 22:38:25Z" duration="0.001268" asserts="14" />
      </test-suite>
      <test-suite type="TestFixture" id="0-1026" name="SpecBitsUnalignedB32Be" fullname="Kaitai.SpecBitsUnalignedB32Be" classname="Kaitai.SpecBitsUnalignedB32Be" runstate="Runnable" testcasecount="1" result="Passed" start-time="2023-07-27 22:38:25Z" end-time="2023-07-27 22:38:25Z" duration="0.003086" total="1" passed="1" failed="0" inconclusive="0" skipped="0" asserts="3">
        <test-case id="0-1027" name="TestBitsUnalignedB32Be" fullname="Kaitai.SpecBitsUnalignedB32Be.TestBitsUnalignedB32Be" methodname="TestBitsUnalignedB32Be" classname="Kaitai.SpecBitsUnalignedB32Be" runstate="Runnable" seed="632832966" result="Passed" start-time="2023-07-27 22:38:25Z" end-time="2023-07-27 22:38:25Z" duration="0.000496" asserts="3" />
      </test-suite>
      <test-suite type="TestFixture" id="0-1028" name="SpecBitsUnalignedB32Le" fullname="Kaitai.SpecBitsUnalignedB32Le" classname="Kaitai.SpecBitsUnalignedB32Le" runstate="Runnable" testcasecount="1" result="Passed" start-time="2023-07-27 22:38:25Z" end-time="2023-07-27 22:38:25Z" duration="0.003026" total="1" passed="1" failed="0" inconclusive="0" skipped="0" asserts="3">
        <test-case id="0-1029" name="TestBitsUnalignedB32Le" fullname="Kaitai.SpecBitsUnalignedB32Le.TestBitsUnalignedB32Le" methodname="TestBitsUnalignedB32Le" classname="Kaitai.SpecBitsUnalignedB32Le" runstate="Runnable" seed="238316853" result="Passed" start-time="2023-07-27 22:38:25Z" end-time="2023-07-27 22:38:25Z" duration="0.000545" asserts="3" />
      </test-suite>
      <test-suite type="TestFixture" id="0-1030" name="SpecBitsUnalignedB64Be" fullname="Kaitai.SpecBitsUnalignedB64Be" classname="Kaitai.SpecBitsUnalignedB64Be" runstate="Runnable" testcasecount="1" result="Passed" start-time="2023-07-27 22:38:25Z" end-time="2023-07-27 22:38:25Z" duration="0.003153" total="1" passed="1" failed="0" inconclusive="0" skipped="0" asserts="3">
        <test-case id="0-1031" name="TestBitsUnalignedB64Be" fullname="Kaitai.SpecBitsUnalignedB64Be.TestBitsUnalignedB64Be" methodname="TestBitsUnalignedB64Be" classname="Kaitai.SpecBitsUnalignedB64Be" runstate="Runnable" seed="380743578" result="Passed" start-time="2023-07-27 22:38:25Z" end-time="2023-07-27 22:38:25Z" duration="0.000639" asserts="3" />
      </test-suite>
      <test-suite type="TestFixture" id="0-1032" name="SpecBitsUnalignedB64Le" fullname="Kaitai.SpecBitsUnalignedB64Le" classname="Kaitai.SpecBitsUnalignedB64Le" runstate="Runnable" testcasecount="1" result="Passed" start-time="2023-07-27 22:38:25Z" end-time="2023-07-27 22:38:25Z" duration="0.003240" total="1" passed="1" failed="0" inconclusive="0" skipped="0" asserts="3">
        <test-case id="0-1033" name="TestBitsUnalignedB64Le" fullname="Kaitai.SpecBitsUnalignedB64Le.TestBitsUnalignedB64Le" methodname="TestBitsUnalignedB64Le" classname="Kaitai.SpecBitsUnalignedB64Le" runstate="Runnable" seed="1864365130" result="Passed" start-time="2023-07-27 22:38:25Z" end-time="2023-07-27 22:38:25Z" duration="0.000715" asserts="3" />
      </test-suite>
      <test-suite type="TestFixture" id="0-1034" name="SpecBufferedStruct" fullname="Kaitai.SpecBufferedStruct" classname="Kaitai.SpecBufferedStruct" runstate="Runnable" testcasecount="1" result="Passed" start-time="2023-07-27 22:38:25Z" end-time="2023-07-27 22:38:25Z" duration="0.003984" total="1" passed="1" failed="0" inconclusive="0" skipped="0" asserts="7">
        <test-case id="0-1035" name="TestBufferedStruct" fullname="Kaitai.SpecBufferedStruct.TestBufferedStruct" methodname="TestBufferedStruct" classname="Kaitai.SpecBufferedStruct" runstate="Runnable" seed="932117" result="Passed" start-time="2023-07-27 22:38:25Z" end-time="2023-07-27 22:38:25Z" duration="0.001521" asserts="7" />
      </test-suite>
      <test-suite type="TestFixture" id="0-1036" name="SpecBytesPadTerm" fullname="Kaitai.SpecBytesPadTerm" classname="Kaitai.SpecBytesPadTerm" runstate="Runnable" testcasecount="1" result="Passed" start-time="2023-07-27 22:38:25Z" end-time="2023-07-27 22:38:25Z" duration="0.004321" total="1" passed="1" failed="0" inconclusive="0" skipped="0" asserts="4">
        <test-case id="0-1037" name="TestBytesPadTerm" fullname="Kaitai.SpecBytesPadTerm.TestBytesPadTerm" methodname="TestBytesPadTerm" classname="Kaitai.SpecBytesPadTerm" runstate="Runnable" seed="1355718313" result="Passed" start-time="2023-07-27 22:38:25Z" end-time="2023-07-27 22:38:25Z" duration="0.001779" asserts="4" />
      </test-suite>
      <test-suite type="TestFixture" id="0-1038" name="SpecCastNested" fullname="Kaitai.SpecCastNested" classname="Kaitai.SpecCastNested" runstate="Runnable" testcasecount="1" result="Passed" start-time="2023-07-27 22:38:25Z" end-time="2023-07-27 22:38:25Z" duration="0.027824" total="1" passed="1" failed="0" inconclusive="0" skipped="0" asserts="4">
        <test-case id="0-1039" name="TestCastNested" fullname="Kaitai.SpecCastNested.TestCastNested" methodname="TestCastNested" classname="Kaitai.SpecCastNested" runstate="Runnable" seed="1091506361" result="Passed" start-time="2023-07-27 22:38:25Z" end-time="2023-07-27 22:38:25Z" duration="0.023967" asserts="4" />
      </test-suite>
      <test-suite type="TestFixture" id="0-1040" name="SpecCastToImported" fullname="Kaitai.SpecCastToImported" classname="Kaitai.SpecCastToImported" runstate="Runnable" testcasecount="1" result="Passed" start-time="2023-07-27 22:38:25Z" end-time="2023-07-27 22:38:25Z" duration="0.003172" total="1" passed="1" failed="0" inconclusive="0" skipped="0" asserts="2">
        <test-case id="0-1041" name="TestCastToImported" fullname="Kaitai.SpecCastToImported.TestCastToImported" methodname="TestCastToImported" classname="Kaitai.SpecCastToImported" runstate="Runnable" seed="703254737" result="Passed" start-time="2023-07-27 22:38:25Z" end-time="2023-07-27 22:38:25Z" duration="0.000626" asserts="2" />
      </test-suite>
      <test-suite type="TestFixture" id="0-1042" name="SpecCastToTop" fullname="Kaitai.SpecCastToTop" classname="Kaitai.SpecCastToTop" runstate="Runnable" testcasecount="1" result="Passed" start-time="2023-07-27 22:38:25Z" end-time="2023-07-27 22:38:25Z" duration="0.004090" total="1" passed="1" failed="0" inconclusive="0" skipped="0" asserts="3">
        <test-case id="0-1043" name="TestCastToTop" fullname="Kaitai.SpecCastToTop.TestCastToTop" methodname="TestCastToTop" classname="Kaitai.SpecCastToTop" runstate="Runnable" seed="714642899" result="Passed" start-time="2023-07-27 22:38:25Z" end-time="2023-07-27 22:38:25Z" duration="0.001301" asserts="3" />
      </test-suite>
      <test-suite type="TestFixture" id="0-1044" name="SpecCombineBool" fullname="Kaitai.SpecCombineBool" classname="Kaitai.SpecCombineBool" runstate="Runnable" testcasecount="1" result="Passed" start-time="2023-07-27 22:38:25Z" end-time="2023-07-27 22:38:25Z" duration="0.003001" total="1" passed="1" failed="0" inconclusive="0" skipped="0" asserts="2">
        <test-case id="0-1045" name="TestCombineBool" fullname="Kaitai.SpecCombineBool.TestCombineBool" methodname="TestCombineBool" classname="Kaitai.SpecCombineBool" runstate="Runnable" seed="403303114" result="Passed" start-time="2023-07-27 22:38:25Z" end-time="2023-07-27 22:38:25Z" duration="0.000574" asserts="2" />
      </test-suite>
      <test-suite type="TestFixture" id="0-1046" name="SpecCombineBytes" fullname="Kaitai.SpecCombineBytes" classname="Kaitai.SpecCombineBytes" runstate="Runnable" testcasecount="1" result="Passed" start-time="2023-07-27 22:38:25Z" end-time="2023-07-27 22:38:25Z" duration="0.003512" total="1" passed="1" failed="0" inconclusive="0" skipped="0" asserts="10">
        <test-case id="0-1047" name="TestCombineBytes" fullname="Kaitai.SpecCombineBytes.TestCombineBytes" methodname="TestCombineBytes" classname="Kaitai.SpecCombineBytes" runstate="Runnable" seed="1182370242" result="Passed" start-time="2023-07-27 22:38:25Z" end-time="2023-07-27 22:38:25Z" duration="0.001055" asserts="10" />
      </test-suite>
      <test-suite type="TestFixture" id="0-1048" name="SpecCombineEnum" fullname="Kaitai.SpecCombineEnum" classname="Kaitai.SpecCombineEnum" runstate="Runnable" testcasecount="1" result="Passed" start-time="2023-07-27 22:38:25Z" end-time="2023-07-27 22:38:25Z" duration="0.003944" total="1" passed="1" failed="0" inconclusive="0" skipped="0" asserts="3">
        <test-case id="0-1049" name="TestCombineEnum" fullname="Kaitai.SpecCombineEnum.TestCombineEnum" methodname="TestCombineEnum" classname="Kaitai.SpecCombineEnum" runstate="Runnable" seed="270510161" result="Passed" start-time="2023-07-27 22:38:25Z" end-time="2023-07-27 22:38:25Z" duration="0.001367" asserts="3" />
      </test-suite>
      <test-suite type="TestFixture" id="0-1050" name="SpecCombineStr" fullname="Kaitai.SpecCombineStr" classname="Kaitai.SpecCombineStr" runstate="Runnable" testcasecount="1" result="Passed" start-time="2023-07-27 22:38:25Z" end-time="2023-07-27 22:38:25Z" duration="0.003883" total="1" passed="1" failed="0" inconclusive="0" skipped="0" asserts="15">
        <test-case id="0-1051" name="TestCombineStr" fullname="Kaitai.SpecCombineStr.TestCombineStr" methodname="TestCombineStr" classname="Kaitai.SpecCombineStr" runstate="Runnable" seed="366586919" result="Passed" start-time="2023-07-27 22:38:25Z" end-time="2023-07-27 22:38:25Z" duration="0.001310" asserts="15" />
      </test-suite>
      <test-suite type="TestFixture" id="0-1052" name="SpecDebug0" fullname="Kaitai.SpecDebug0" classname="Kaitai.SpecDebug0" runstate="Runnable" testcasecount="1" result="Passed" start-time="2023-07-27 22:38:25Z" end-time="2023-07-27 22:38:25Z" duration="0.002723" total="1" passed="1" failed="0" inconclusive="0" skipped="0" asserts="0">
        <test-case id="0-1053" name="TestDebug0" fullname="Kaitai.SpecDebug0.TestDebug0" methodname="TestDebug0" classname="Kaitai.SpecDebug0" runstate="Runnable" seed="455898149" result="Passed" start-time="2023-07-27 22:38:25Z" end-time="2023-07-27 22:38:25Z" duration="0.000071" asserts="0" />
      </test-suite>
      <test-suite type="TestFixture" id="0-1054" name="SpecDebugArrayUser" fullname="Kaitai.SpecDebugArrayUser" classname="Kaitai.SpecDebugArrayUser" runstate="Runnable" testcasecount="1" result="Passed" start-time="2023-07-27 22:38:25Z" end-time="2023-07-27 22:38:25Z" duration="0.003684" total="1" passed="1" failed="0" inconclusive="0" skipped="0" asserts="4">
        <test-case id="0-1055" name="TestDebugArrayUser" fullname="Kaitai.SpecDebugArrayUser.TestDebugArrayUser" methodname="TestDebugArrayUser" classname="Kaitai.SpecDebugArrayUser" runstate="Runnable" seed="922929185" result="Passed" start-time="2023-07-27 22:38:25Z" end-time="2023-07-27 22:38:25Z" duration="0.001124" asserts="4" />
      </test-suite>
      <test-suite type="TestFixture" id="0-1056" name="SpecDebugEnumName" fullname="Kaitai.SpecDebugEnumName" classname="Kaitai.SpecDebugEnumName" runstate="Runnable" testcasecount="1" result="Passed" start-time="2023-07-27 22:38:25Z" end-time="2023-07-27 22:38:25Z" duration="0.002694" total="1" passed="1" failed="0" inconclusive="0" skipped="0" asserts="0">
        <test-case id="0-1057" name="TestDebugEnumName" fullname="Kaitai.SpecDebugEnumName.TestDebugEnumName" methodname="TestDebugEnumName" classname="Kaitai.SpecDebugEnumName" runstate="Runnable" seed="1620083836" result="Passed" start-time="2023-07-27 22:38:25Z" end-time="2023-07-27 22:38:25Z" duration="0.000168" asserts="0" />
      </test-suite>
      <test-suite type="TestFixture" id="0-1058" name="SpecDebugSwitchUser" fullname="Kaitai.SpecDebugSwitchUser" classname="Kaitai.SpecDebugSwitchUser" runstate="Runnable" testcasecount="1" result="Passed" start-time="2023-07-27 22:38:25Z" end-time="2023-07-27 22:38:25Z" duration="0.003476" total="1" passed="1" failed="0" inconclusive="0" skipped="0" asserts="2">
        <test-case id="0-1059" name="TestDebugSwitchUser" fullname="Kaitai.SpecDebugSwitchUser.TestDebugSwitchUser" methodname="TestDebugSwitchUser" classname="Kaitai.SpecDebugSwitchUser" runstate="Runnable" seed="1580999163" result="Passed" start-time="2023-07-27 22:38:25Z" end-time="2023-07-27 22:38:25Z" duration="0.000961" asserts="2" />
      </test-suite>
      <test-suite type="TestFixture" id="0-1060" name="SpecDefaultBigEndian" fullname="Kaitai.SpecDefaultBigEndian" classname="Kaitai.SpecDefaultBigEndian" runstate="Runnable" testcasecount="1" result="Passed" start-time="2023-07-27 22:38:25Z" end-time="2023-07-27 22:38:25Z" duration="0.002961" total="1" passed="1" failed="0" inconclusive="0" skipped="0" asserts="1">
        <test-case id="0-1061" name="TestDefaultBigEndian" fullname="Kaitai.SpecDefaultBigEndian.TestDefaultBigEndian" methodname="TestDefaultBigEndian" classname="Kaitai.SpecDefaultBigEndian" runstate="Runnable" seed="1761967396" result="Passed" start-time="2023-07-27 22:38:25Z" end-time="2023-07-27 22:38:25Z" duration="0.000451" asserts="1" />
      </test-suite>
      <test-suite type="TestFixture" id="0-1062" name="SpecDefaultBitEndianMod" fullname="Kaitai.SpecDefaultBitEndianMod" classname="Kaitai.SpecDefaultBitEndianMod" runstate="Runnable" testcasecount="1" result="Passed" start-time="2023-07-27 22:38:25Z" end-time="2023-07-27 22:38:25Z" duration="0.003332" total="1" passed="1" failed="0" inconclusive="0" skipped="0" asserts="4">
        <test-case id="0-1063" name="TestDefaultBitEndianMod" fullname="Kaitai.SpecDefaultBitEndianMod.TestDefaultBitEndianMod" methodname="TestDefaultBitEndianMod" classname="Kaitai.SpecDefaultBitEndianMod" runstate="Runnable" seed="1353743666" result="Passed" start-time="2023-07-27 22:38:25Z" end-time="2023-07-27 22:38:25Z" duration="0.000802" asserts="4" />
      </test-suite>
      <test-suite type="TestFixture" id="0-1064" name="SpecDefaultEndianExprException" fullname="Kaitai.SpecDefaultEndianExprException" classname="Kaitai.SpecDefaultEndianExprException" runstate="Runnable" testcasecount="1" result="Passed" start-time="2023-07-27 22:38:25Z" end-time="2023-07-27 22:38:25Z" duration="0.007621" total="1" passed="1" failed="0" inconclusive="0" skipped="0" asserts="1">
        <test-case id="0-1065" name="TestDefaultEndianExprException" fullname="Kaitai.SpecDefaultEndianExprException.TestDefaultEndianExprException" methodname="TestDefaultEndianExprException" classname="Kaitai.SpecDefaultEndianExprException" runstate="Runnable" seed="1631089790" result="Passed" start-time="2023-07-27 22:38:25Z" end-time="2023-07-27 22:38:25Z" duration="0.005113" asserts="1" />
      </test-suite>
      <test-suite type="TestFixture" id="0-1066" name="SpecDefaultEndianExprInherited" fullname="Kaitai.SpecDefaultEndianExprInherited" classname="Kaitai.SpecDefaultEndianExprInherited" runstate="Runnable" testcasecount="1" result="Passed" start-time="2023-07-27 22:38:25Z" end-time="2023-07-27 22:38:25Z" duration="0.005764" total="1" passed="1" failed="0" inconclusive="0" skipped="0" asserts="15">
        <test-case id="0-1067" name="TestDefaultEndianExprInherited" fullname="Kaitai.SpecDefaultEndianExprInherited.TestDefaultEndianExprInherited" methodname="TestDefaultEndianExprInherited" classname="Kaitai.SpecDefaultEndianExprInherited" runstate="Runnable" seed="999728169" result="Passed" start-time="2023-07-27 22:38:25Z" end-time="2023-07-27 22:38:25Z" duration="0.003239" asserts="15" />
      </test-suite>
      <test-suite type="TestFixture" id="0-1068" name="SpecDefaultEndianExprIsBe" fullname="Kaitai.SpecDefaultEndianExprIsBe" classname="Kaitai.SpecDefaultEndianExprIsBe" runstate="Runnable" testcasecount="1" result="Passed" start-time="2023-07-27 22:38:25Z" end-time="2023-07-27 22:38:25Z" duration="0.005293" total="1" passed="1" failed="0" inconclusive="0" skipped="0" asserts="18">
        <test-case id="0-1069" name="TestDefaultEndianExprIsBe" fullname="Kaitai.SpecDefaultEndianExprIsBe.TestDefaultEndianExprIsBe" methodname="TestDefaultEndianExprIsBe" classname="Kaitai.SpecDefaultEndianExprIsBe" runstate="Runnable" seed="229030607" result="Passed" start-time="2023-07-27 22:38:25Z" end-time="2023-07-27 22:38:25Z" duration="0.002827" asserts="18" />
      </test-suite>
      <test-suite type="TestFixture" id="0-1070" name="SpecDefaultEndianExprIsLe" fullname="Kaitai.SpecDefaultEndianExprIsLe" classname="Kaitai.SpecDefaultEndianExprIsLe" runstate="Runnable" testcasecount="1" result="Passed" start-time="2023-07-27 22:38:25Z" end-time="2023-07-27 22:38:25Z" duration="0.004607" total="1" passed="1" failed="0" inconclusive="0" skipped="0" asserts="12">
        <test-case id="0-1071" name="TestDefaultEndianExprIsLe" fullname="Kaitai.SpecDefaultEndianExprIsLe.TestDefaultEndianExprIsLe" methodname="TestDefaultEndianExprIsLe" classname="Kaitai.SpecDefaultEndianExprIsLe" runstate="Runnable" seed="1348263046" result="Passed" start-time="2023-07-27 22:38:25Z" end-time="2023-07-27 22:38:25Z" duration="0.001977" asserts="12" />
      </test-suite>
      <test-suite type="TestFixture" id="0-1072" name="SpecDefaultEndianMod" fullname="Kaitai.SpecDefaultEndianMod" classname="Kaitai.SpecDefaultEndianMod" runstate="Runnable" testcasecount="1" result="Passed" start-time="2023-07-27 22:38:25Z" end-time="2023-07-27 22:38:25Z" duration="0.003528" total="1" passed="1" failed="0" inconclusive="0" skipped="0" asserts="3">
        <test-case id="0-1073" name="TestDefaultEndianMod" fullname="Kaitai.SpecDefaultEndianMod.TestDefaultEndianMod" methodname="TestDefaultEndianMod" classname="Kaitai.SpecDefaultEndianMod" runstate="Runnable" seed="1894384292" result="Passed" start-time="2023-07-27 22:38:25Z" end-time="2023-07-27 22:38:25Z" duration="0.000891" asserts="3" />
      </test-suite>
      <test-suite type="TestFixture" id="0-1074" name="SpecDocstrings" fullname="Kaitai.SpecDocstrings" classname="Kaitai.SpecDocstrings" runstate="Runnable" testcasecount="1" result="Passed" start-time="2023-07-27 22:38:25Z" end-time="2023-07-27 22:38:25Z" duration="0.002935" total="1" passed="1" failed="0" inconclusive="0" skipped="0" asserts="0">
        <test-case id="0-1075" name="TestDocstrings" fullname="Kaitai.SpecDocstrings.TestDocstrings" methodname="TestDocstrings" classname="Kaitai.SpecDocstrings" runstate="Runnable" seed="1470130078" result="Passed" start-time="2023-07-27 22:38:25Z" end-time="2023-07-27 22:38:25Z" duration="0.000453" asserts="0" />
      </test-suite>
      <test-suite type="TestFixture" id="0-1076" name="SpecDocstringsDocref" fullname="Kaitai.SpecDocstringsDocref" classname="Kaitai.SpecDocstringsDocref" runstate="Runnable" testcasecount="1" result="Passed" start-time="2023-07-27 22:38:25Z" end-time="2023-07-27 22:38:25Z" duration="0.003169" total="1" passed="1" failed="0" inconclusive="0" skipped="0" asserts="0">
        <test-case id="0-1077" name="TestDocstringsDocref" fullname="Kaitai.SpecDocstringsDocref.TestDocstringsDocref" methodname="TestDocstringsDocref" classname="Kaitai.SpecDocstringsDocref" runstate="Runnable" seed="747630354" result="Passed" start-time="2023-07-27 22:38:25Z" end-time="2023-07-27 22:38:25Z" duration="0.000619" asserts="0" />
      </test-suite>
      <test-suite type="TestFixture" id="0-1078" name="SpecDocstringsDocrefMulti" fullname="Kaitai.SpecDocstringsDocrefMulti" classname="Kaitai.SpecDocstringsDocrefMulti" runstate="Runnable" testcasecount="1" result="Passed" start-time="2023-07-27 22:38:25Z" end-time="2023-07-27 22:38:25Z" duration="0.003069" total="1" passed="1" failed="0" inconclusive="0" skipped="0" asserts="0">
        <test-case id="0-1079" name="TestDocstringsDocrefMulti" fullname="Kaitai.SpecDocstringsDocrefMulti.TestDocstringsDocrefMulti" methodname="TestDocstringsDocrefMulti" classname="Kaitai.SpecDocstringsDocrefMulti" runstate="Runnable" seed="1890610407" result="Passed" start-time="2023-07-27 22:38:25Z" end-time="2023-07-27 22:38:25Z" duration="0.000501" asserts="0" />
      </test-suite>
      <test-suite type="TestFixture" id="0-1080" name="SpecEnum0" fullname="Kaitai.SpecEnum0" classname="Kaitai.SpecEnum0" runstate="Runnable" testcasecount="1" result="Passed" start-time="2023-07-27 22:38:25Z" end-time="2023-07-27 22:38:25Z" duration="0.002986" total="1" passed="1" failed="0" inconclusive="0" skipped="0" asserts="2">
        <test-case id="0-1081" name="TestEnum0" fullname="Kaitai.SpecEnum0.TestEnum0" methodname="TestEnum0" classname="Kaitai.SpecEnum0" runstate="Runnable" seed="227554681" result="Passed" start-time="2023-07-27 22:38:25Z" end-time="2023-07-27 22:38:25Z" duration="0.000519" asserts="2" />
      </test-suite>
      <test-suite type="TestFixture" id="0-1082" name="SpecEnum1" fullname="Kaitai.SpecEnum1" classname="Kaitai.SpecEnum1" runstate="Runnable" testcasecount="1" result="Passed" start-time="2023-07-27 22:38:25Z" end-time="2023-07-27 22:38:25Z" duration="0.003202" total="1" passed="1" failed="0" inconclusive="0" skipped="0" asserts="2">
        <test-case id="0-1083" name="TestEnum1" fullname="Kaitai.SpecEnum1.TestEnum1" methodname="TestEnum1" classname="Kaitai.SpecEnum1" runstate="Runnable" seed="130190453" result="Passed" start-time="2023-07-27 22:38:25Z" end-time="2023-07-27 22:38:25Z" duration="0.000665" asserts="2" />
      </test-suite>
      <test-suite type="TestFixture" id="0-1084" name="SpecEnumDeep" fullname="Kaitai.SpecEnumDeep" classname="Kaitai.SpecEnumDeep" runstate="Runnable" testcasecount="1" result="Passed" start-time="2023-07-27 22:38:25Z" end-time="2023-07-27 22:38:25Z" duration="0.002940" total="1" passed="1" failed="0" inconclusive="0" skipped="0" asserts="2">
        <test-case id="0-1085" name="TestEnumDeep" fullname="Kaitai.SpecEnumDeep.TestEnumDeep" methodname="TestEnumDeep" classname="Kaitai.SpecEnumDeep" runstate="Runnable" seed="1619122075" result="Passed" start-time="2023-07-27 22:38:25Z" end-time="2023-07-27 22:38:25Z" duration="0.000461" asserts="2" />
      </test-suite>
      <test-suite type="TestFixture" id="0-1086" name="SpecEnumDeepLiterals" fullname="Kaitai.SpecEnumDeepLiterals" classname="Kaitai.SpecEnumDeepLiterals" runstate="Runnable" testcasecount="1" result="Passed" start-time="2023-07-27 22:38:25Z" end-time="2023-07-27 22:38:25Z" duration="0.003367" total="1" passed="1" failed="0" inconclusive="0" skipped="0" asserts="2">
        <test-case id="0-1087" name="TestEnumDeepLiterals" fullname="Kaitai.SpecEnumDeepLiterals.TestEnumDeepLiterals" methodname="TestEnumDeepLiterals" classname="Kaitai.SpecEnumDeepLiterals" runstate="Runnable" seed="2013946638" result="Passed" start-time="2023-07-27 22:38:25Z" end-time="2023-07-27 22:38:25Z" duration="0.000823" asserts="2" />
      </test-suite>
      <test-suite type="TestFixture" id="0-1088" name="SpecEnumFancy" fullname="Kaitai.SpecEnumFancy" classname="Kaitai.SpecEnumFancy" runstate="Runnable" testcasecount="1" result="Passed" start-time="2023-07-27 22:38:25Z" end-time="2023-07-27 22:38:25Z" duration="0.003124" total="1" passed="1" failed="0" inconclusive="0" skipped="0" asserts="2">
        <test-case id="0-1089" name="TestEnumFancy" fullname="Kaitai.SpecEnumFancy.TestEnumFancy" methodname="TestEnumFancy" classname="Kaitai.SpecEnumFancy" runstate="Runnable" seed="2023493629" result="Passed" start-time="2023-07-27 22:38:25Z" end-time="2023-07-27 22:38:25Z" duration="0.000627" asserts="2" />
      </test-suite>
      <test-suite type="TestFixture" id="0-1090" name="SpecEnumForUnknownId" fullname="Kaitai.SpecEnumForUnknownId" classname="Kaitai.SpecEnumForUnknownId" runstate="Runnable" testcasecount="1" result="Passed" start-time="2023-07-27 22:38:25Z" end-time="2023-07-27 22:38:25Z" duration="0.003176" total="1" passed="1" failed="0" inconclusive="0" skipped="0" asserts="1">
        <test-case id="0-1091" name="TestEnumForUnknownId" fullname="Kaitai.SpecEnumForUnknownId.TestEnumForUnknownId" methodname="TestEnumForUnknownId" classname="Kaitai.SpecEnumForUnknownId" runstate="Runnable" seed="807152460" result="Passed" start-time="2023-07-27 22:38:25Z" end-time="2023-07-27 22:38:25Z" duration="0.000580" asserts="1" />
      </test-suite>
      <test-suite type="TestFixture" id="0-1092" name="SpecEnumIf" fullname="Kaitai.SpecEnumIf" classname="Kaitai.SpecEnumIf" runstate="Runnable" testcasecount="1" result="Passed" start-time="2023-07-27 22:38:25Z" end-time="2023-07-27 22:38:25Z" duration="0.003866" total="1" passed="1" failed="0" inconclusive="0" skipped="0" asserts="7">
        <test-case id="0-1093" name="TestEnumIf" fullname="Kaitai.SpecEnumIf.TestEnumIf" methodname="TestEnumIf" classname="Kaitai.SpecEnumIf" runstate="Runnable" seed="672029642" result="Passed" start-time="2023-07-27 22:38:25Z" end-time="2023-07-27 22:38:25Z" duration="0.001266" asserts="7" />
      </test-suite>
      <test-suite type="TestFixture" id="0-1094" name="SpecEnumImport" fullname="Kaitai.SpecEnumImport" classname="Kaitai.SpecEnumImport" runstate="Runnable" testcasecount="1" result="Passed" start-time="2023-07-27 22:38:25Z" end-time="2023-07-27 22:38:25Z" duration="0.003076" total="1" passed="1" failed="0" inconclusive="0" skipped="0" asserts="2">
        <test-case id="0-1095" name="TestEnumImport" fullname="Kaitai.SpecEnumImport.TestEnumImport" methodname="TestEnumImport" classname="Kaitai.SpecEnumImport" runstate="Runnable" seed="2145540159" result="Passed" start-time="2023-07-27 22:38:25Z" end-time="2023-07-27 22:38:25Z" duration="0.000459" asserts="2" />
      </test-suite>
      <test-suite type="TestFixture" id="0-1096" name="SpecEnumIntRangeS" fullname="Kaitai.SpecEnumIntRangeS" classname="Kaitai.SpecEnumIntRangeS" runstate="Runnable" testcasecount="1" result="Passed" start-time="2023-07-27 22:38:25Z" end-time="2023-07-27 22:38:25Z" duration="0.003233" total="1" passed="1" failed="0" inconclusive="0" skipped="0" asserts="3">
        <test-case id="0-1097" name="TestEnumIntRangeS" fullname="Kaitai.SpecEnumIntRangeS.TestEnumIntRangeS" methodname="TestEnumIntRangeS" classname="Kaitai.SpecEnumIntRangeS" runstate="Runnable" seed="1885232525" result="Passed" start-time="2023-07-27 22:38:25Z" end-time="2023-07-27 22:38:25Z" duration="0.000562" asserts="3" />
      </test-suite>
      <test-suite type="TestFixture" id="0-1098" name="SpecEnumInvalid" fullname="Kaitai.SpecEnumInvalid" classname="Kaitai.SpecEnumInvalid" runstate="Runnable" testcasecount="1" result="Passed" start-time="2023-07-27 22:38:25Z" end-time="2023-07-27 22:38:25Z" duration="0.003326" total="1" passed="1" failed="0" inconclusive="0" skipped="0" asserts="2">
        <test-case id="0-1099" name="TestEnumInvalid" fullname="Kaitai.SpecEnumInvalid.TestEnumInvalid" methodname="TestEnumInvalid" classname="Kaitai.SpecEnumInvalid" runstate="Runnable" seed="144906836" result="Passed" start-time="2023-07-27 22:38:25Z" end-time="2023-07-27 22:38:25Z" duration="0.000470" asserts="2" />
      </test-suite>
      <test-suite type="TestFixture" id="0-1100" name="SpecEnumNegative" fullname="Kaitai.SpecEnumNegative" classname="Kaitai.SpecEnumNegative" runstate="Runnable" testcasecount="1" result="Passed" start-time="2023-07-27 22:38:25Z" end-time="2023-07-27 22:38:25Z" duration="0.003307" total="1" passed="1" failed="0" inconclusive="0" skipped="0" asserts="2">
        <test-case id="0-1101" name="TestEnumNegative" fullname="Kaitai.SpecEnumNegative.TestEnumNegative" methodname="TestEnumNegative" classname="Kaitai.SpecEnumNegative" runstate="Runnable" seed="878266258" result="Passed" start-time="2023-07-27 22:38:25Z" end-time="2023-07-27 22:38:25Z" duration="0.000585" asserts="2" />
      </test-suite>
      <test-suite type="TestFixture" id="0-1102" name="SpecEnumOfValueInst" fullname="Kaitai.SpecEnumOfValueInst" classname="Kaitai.SpecEnumOfValueInst" runstate="Runnable" testcasecount="1" result="Passed" start-time="2023-07-27 22:38:25Z" end-time="2023-07-27 22:38:25Z" duration="0.003276" total="1" passed="1" failed="0" inconclusive="0" skipped="0" asserts="4">
        <test-case id="0-1103" name="TestEnumOfValueInst" fullname="Kaitai.SpecEnumOfValueInst.TestEnumOfValueInst" methodname="TestEnumOfValueInst" classname="Kaitai.SpecEnumOfValueInst" runstate="Runnable" seed="818939197" result="Passed" start-time="2023-07-27 22:38:25Z" end-time="2023-07-27 22:38:25Z" duration="0.000681" asserts="4" />
      </test-suite>
      <test-suite type="TestFixture" id="0-1104" name="SpecEofExceptionBytes" fullname="Kaitai.SpecEofExceptionBytes" classname="Kaitai.SpecEofExceptionBytes" runstate="Runnable" testcasecount="1" result="Passed" start-time="2023-07-27 22:38:25Z" end-time="2023-07-27 22:38:25Z" duration="0.004214" total="1" passed="1" failed="0" inconclusive="0" skipped="0" asserts="1">
        <test-case id="0-1105" name="TestEofExceptionBytes" fullname="Kaitai.SpecEofExceptionBytes.TestEofExceptionBytes" methodname="TestEofExceptionBytes" classname="Kaitai.SpecEofExceptionBytes" runstate="Runnable" seed="1681842368" result="Passed" start-time="2023-07-27 22:38:25Z" end-time="2023-07-27 22:38:25Z" duration="0.001640" asserts="1" />
      </test-suite>
      <test-suite type="TestFixture" id="0-1106" name="SpecEofExceptionU4" fullname="Kaitai.SpecEofExceptionU4" classname="Kaitai.SpecEofExceptionU4" runstate="Runnable" testcasecount="1" result="Passed" start-time="2023-07-27 22:38:25Z" end-time="2023-07-27 22:38:25Z" duration="0.003373" total="1" passed="1" failed="0" inconclusive="0" skipped="0" asserts="1">
        <test-case id="0-1107" name="TestEofExceptionU4" fullname="Kaitai.SpecEofExceptionU4.TestEofExceptionU4" methodname="TestEofExceptionU4" classname="Kaitai.SpecEofExceptionU4" runstate="Runnable" seed="1348325217" result="Passed" start-time="2023-07-27 22:38:25Z" end-time="2023-07-27 22:38:25Z" duration="0.000745" asserts="1" />
      </test-suite>
      <test-suite type="TestFixture" id="0-1108" name="SpecEosExceptionBytes" fullname="Kaitai.SpecEosExceptionBytes" classname="Kaitai.SpecEosExceptionBytes" runstate="Runnable" testcasecount="1" result="Passed" start-time="2023-07-27 22:38:25Z" end-time="2023-07-27 22:38:25Z" duration="0.003494" total="1" passed="1" failed="0" inconclusive="0" skipped="0" asserts="1">
        <test-case id="0-1109" name="TestEosExceptionBytes" fullname="Kaitai.SpecEosExceptionBytes.TestEosExceptionBytes" methodname="TestEosExceptionBytes" classname="Kaitai.SpecEosExceptionBytes" runstate="Runnable" seed="372243478" result="Passed" start-time="2023-07-27 22:38:25Z" end-time="2023-07-27 22:38:25Z" duration="0.000979" asserts="1" />
      </test-suite>
      <test-suite type="TestFixture" id="0-1110" name="SpecEosExceptionU4" fullname="Kaitai.SpecEosExceptionU4" classname="Kaitai.SpecEosExceptionU4" runstate="Runnable" testcasecount="1" result="Passed" start-time="2023-07-27 22:38:25Z" end-time="2023-07-27 22:38:25Z" duration="0.003545" total="1" passed="1" failed="0" inconclusive="0" skipped="0" asserts="1">
        <test-case id="0-1111" name="TestEosExceptionU4" fullname="Kaitai.SpecEosExceptionU4.TestEosExceptionU4" methodname="TestEosExceptionU4" classname="Kaitai.SpecEosExceptionU4" runstate="Runnable" seed="1864644232" result="Passed" start-time="2023-07-27 22:38:25Z" end-time="2023-07-27 22:38:25Z" duration="0.000751" asserts="1" />
      </test-suite>
      <test-suite type="TestFixture" id="0-1112" name="SpecExpr0" fullname="Kaitai.SpecExpr0" classname="Kaitai.SpecExpr0" runstate="Runnable" testcasecount="1" result="Passed" start-time="2023-07-27 22:38:25Z" end-time="2023-07-27 22:38:25Z" duration="0.003136" total="1" passed="1" failed="0" inconclusive="0" skipped="0" asserts="2">
        <test-case id="0-1113" name="TestExpr0" fullname="Kaitai.SpecExpr0.TestExpr0" methodname="TestExpr0" classname="Kaitai.SpecExpr0" runstate="Runnable" seed="1205839746" result="Passed" start-time="2023-07-27 22:38:25Z" end-time="2023-07-27 22:38:25Z" duration="0.000550" asserts="2" />
      </test-suite>
      <test-suite type="TestFixture" id="0-1114" name="SpecExpr1" fullname="Kaitai.SpecExpr1" classname="Kaitai.SpecExpr1" runstate="Runnable" testcasecount="1" result="Passed" start-time="2023-07-27 22:38:25Z" end-time="2023-07-27 22:38:25Z" duration="0.003118" total="1" passed="1" failed="0" inconclusive="0" skipped="0" asserts="4">
        <test-case id="0-1115" name="TestExpr1" fullname="Kaitai.SpecExpr1.TestExpr1" methodname="TestExpr1" classname="Kaitai.SpecExpr1" runstate="Runnable" seed="806950085" result="Passed" start-time="2023-07-27 22:38:25Z" end-time="2023-07-27 22:38:25Z" duration="0.000654" asserts="4" />
      </test-suite>
      <test-suite type="TestFixture" id="0-1116" name="SpecExpr2" fullname="Kaitai.SpecExpr2" classname="Kaitai.SpecExpr2" runstate="Runnable" testcasecount="1" result="Passed" start-time="2023-07-27 22:38:25Z" end-time="2023-07-27 22:38:25Z" duration="0.004769" total="1" passed="1" failed="0" inconclusive="0" skipped="0" asserts="17">
        <test-case id="0-1117" name="TestExpr2" fullname="Kaitai.SpecExpr2.TestExpr2" methodname="TestExpr2" classname="Kaitai.SpecExpr2" runstate="Runnable" seed="279105745" result="Passed" start-time="2023-07-27 22:38:25Z" end-time="2023-07-27 22:38:25Z" duration="0.002076" asserts="17" />
      </test-suite>
      <test-suite type="TestFixture" id="0-1118" name="SpecExpr3" fullname="Kaitai.SpecExpr3" classname="Kaitai.SpecExpr3" runstate="Runnable" testcasecount="1" result="Passed" start-time="2023-07-27 22:38:25Z" end-time="2023-07-27 22:38:25Z" duration="0.005091" total="1" passed="1" failed="0" inconclusive="0" skipped="0" asserts="12">
        <test-case id="0-1119" name="TestExpr3" fullname="Kaitai.SpecExpr3.TestExpr3" methodname="TestExpr3" classname="Kaitai.SpecExpr3" runstate="Runnable" seed="282393947" result="Passed" start-time="2023-07-27 22:38:25Z" end-time="2023-07-27 22:38:25Z" duration="0.001611" asserts="12" />
      </test-suite>
      <test-suite type="TestFixture" id="0-1120" name="SpecExprArray" fullname="Kaitai.SpecExprArray" classname="Kaitai.SpecExprArray" runstate="Runnable" testcasecount="1" result="Passed" start-time="2023-07-27 22:38:25Z" end-time="2023-07-27 22:38:25Z" duration="0.010372" total="1" passed="1" failed="0" inconclusive="0" skipped="0" asserts="15">
        <test-case id="0-1121" name="TestExprArray" fullname="Kaitai.SpecExprArray.TestExprArray" methodname="TestExprArray" classname="Kaitai.SpecExprArray" runstate="Runnable" seed="881887710" result="Passed" start-time="2023-07-27 22:38:25Z" end-time="2023-07-27 22:38:25Z" duration="0.007835" asserts="15" />
      </test-suite>
      <test-suite type="TestFixture" id="0-1122" name="SpecExprBytesCmp" fullname="Kaitai.SpecExprBytesCmp" classname="Kaitai.SpecExprBytesCmp" runstate="Runnable" testcasecount="1" result="Passed" start-time="2023-07-27 22:38:25Z" end-time="2023-07-27 22:38:25Z" duration="0.004372" total="1" passed="1" failed="0" inconclusive="0" skipped="0" asserts="10">
        <test-case id="0-1123" name="TestExprBytesCmp" fullname="Kaitai.SpecExprBytesCmp.TestExprBytesCmp" methodname="TestExprBytesCmp" classname="Kaitai.SpecExprBytesCmp" runstate="Runnable" seed="986085961" result="Passed" start-time="2023-07-27 22:38:25Z" end-time="2023-07-27 22:38:25Z" duration="0.001894" asserts="10" />
      </test-suite>
      <test-suite type="TestFixture" id="0-1124" name="SpecExprBytesNonLiteral" fullname="Kaitai.SpecExprBytesNonLiteral" classname="Kaitai.SpecExprBytesNonLiteral" runstate="Runnable" testcasecount="1" result="Passed" start-time="2023-07-27 22:38:25Z" end-time="2023-07-27 22:38:25Z" duration="0.003097" total="1" passed="1" failed="0" inconclusive="0" skipped="0" asserts="3">
        <test-case id="0-1125" name="TestExprBytesNonLiteral" fullname="Kaitai.SpecExprBytesNonLiteral.TestExprBytesNonLiteral" methodname="TestExprBytesNonLiteral" classname="Kaitai.SpecExprBytesNonLiteral" runstate="Runnable" seed="1383842683" result="Passed" start-time="2023-07-27 22:38:25Z" end-time="2023-07-27 22:38:25Z" duration="0.000610" asserts="3" />
      </test-suite>
      <test-suite type="TestFixture" id="0-1126" name="SpecExprBytesOps" fullname="Kaitai.SpecExprBytesOps" classname="Kaitai.SpecExprBytesOps" runstate="Runnable" testcasecount="1" result="Passed" start-time="2023-07-27 22:38:25Z" end-time="2023-07-27 22:38:25Z" duration="0.006621" total="1" passed="1" failed="0" inconclusive="0" skipped="0" asserts="16">
        <test-case id="0-1127" name="TestExprBytesOps" fullname="Kaitai.SpecExprBytesOps.TestExprBytesOps" methodname="TestExprBytesOps" classname="Kaitai.SpecExprBytesOps" runstate="Runnable" seed="1578587576" result="Passed" start-time="2023-07-27 22:38:25Z" end-time="2023-07-27 22:38:25Z" duration="0.004001" asserts="16" />
      </test-suite>
      <test-suite type="TestFixture" id="0-1128" name="SpecExprCalcArrayOps" fullname="Kaitai.SpecExprCalcArrayOps" classname="Kaitai.SpecExprCalcArrayOps" runstate="Runnable" testcasecount="1" result="Passed" start-time="2023-07-27 22:38:25Z" end-time="2023-07-27 22:38:25Z" duration="0.006372" total="1" passed="1" failed="0" inconclusive="0" skipped="0" asserts="18">
        <test-case id="0-1129" name="TestExprCalcArrayOps" fullname="Kaitai.SpecExprCalcArrayOps.TestExprCalcArrayOps" methodname="TestExprCalcArrayOps" classname="Kaitai.SpecExprCalcArrayOps" runstate="Runnable" seed="773502115" result="Passed" start-time="2023-07-27 22:38:25Z" end-time="2023-07-27 22:38:25Z" duration="0.003899" asserts="18" />
      </test-suite>
      <test-suite type="TestFixture" id="0-1130" name="SpecExprEnum" fullname="Kaitai.SpecExprEnum" classname="Kaitai.SpecExprEnum" runstate="Runnable" testcasecount="1" result="Passed" start-time="2023-07-27 22:38:25Z" end-time="2023-07-27 22:38:25Z" duration="0.003429" total="1" passed="1" failed="0" inconclusive="0" skipped="0" asserts="3">
        <test-case id="0-1131" name="TestExprEnum" fullname="Kaitai.SpecExprEnum.TestExprEnum" methodname="TestExprEnum" classname="Kaitai.SpecExprEnum" runstate="Runnable" seed="1731692169" result="Passed" start-time="2023-07-27 22:38:25Z" end-time="2023-07-27 22:38:25Z" duration="0.000815" asserts="3" />
      </test-suite>
      <test-suite type="TestFixture" id="0-1132" name="SpecExprIfIntOps" fullname="Kaitai.SpecExprIfIntOps" classname="Kaitai.SpecExprIfIntOps" runstate="Runnable" testcasecount="1" result="Passed" start-time="2023-07-27 22:38:25Z" end-time="2023-07-27 22:38:25Z" duration="0.003717" total="1" passed="1" failed="0" inconclusive="0" skipped="0" asserts="2">
        <test-case id="0-1133" name="TestExprIfIntOps" fullname="Kaitai.SpecExprIfIntOps.TestExprIfIntOps" methodname="TestExprIfIntOps" classname="Kaitai.SpecExprIfIntOps" runstate="Runnable" seed="666749007" result="Passed" start-time="2023-07-27 22:38:25Z" end-time="2023-07-27 22:38:25Z" duration="0.001193" asserts="2" />
      </test-suite>
      <test-suite type="TestFixture" id="0-1134" name="SpecExprIntDiv" fullname="Kaitai.SpecExprIntDiv" classname="Kaitai.SpecExprIntDiv" runstate="Runnable" testcasecount="1" result="Failed" site="Child" start-time="2023-07-27 22:38:25Z" end-time="2023-07-27 22:38:25Z" duration="0.014385" total="1" passed="0" failed="1" inconclusive="0" skipped="0" asserts="4">
        <failure>
          <message><![CDATA[One or more child tests had errors]]></message>
        </failure>
        <test-case id="0-1135" name="TestExprIntDiv" fullname="Kaitai.SpecExprIntDiv.TestExprIntDiv" methodname="TestExprIntDiv" classname="Kaitai.SpecExprIntDiv" runstate="Runnable" seed="1331641619" result="Failed" start-time="2023-07-27 22:38:25Z" end-time="2023-07-27 22:38:25Z" duration="0.011789" asserts="4">
          <failure>
            <message><![CDATA[  Expected: -756
  But was:  -757
]]></message>
            <stack-trace><![CDATA[at Kaitai.SpecExprIntDiv.TestExprIntDiv () [0x00069] in <cdd6c1222a5d44a88f383baf4d5bd27c>:0
]]></stack-trace>
          </failure>
        </test-case>
      </test-suite>
      <test-suite type="TestFixture" id="0-1136" name="SpecExprIoEof" fullname="Kaitai.SpecExprIoEof" classname="Kaitai.SpecExprIoEof" runstate="Runnable" testcasecount="1" result="Passed" start-time="2023-07-27 22:38:25Z" end-time="2023-07-27 22:38:25Z" duration="0.004100" total="1" passed="1" failed="0" inconclusive="0" skipped="0" asserts="4">
        <test-case id="0-1137" name="TestExprIoEof" fullname="Kaitai.SpecExprIoEof.TestExprIoEof" methodname="TestExprIoEof" classname="Kaitai.SpecExprIoEof" runstate="Runnable" seed="670513330" result="Passed" start-time="2023-07-27 22:38:25Z" end-time="2023-07-27 22:38:25Z" duration="0.001327" asserts="4" />
      </test-suite>
      <test-suite type="TestFixture" id="0-1138" name="SpecExprIoPos" fullname="Kaitai.SpecExprIoPos" classname="Kaitai.SpecExprIoPos" runstate="Runnable" testcasecount="1" result="Passed" start-time="2023-07-27 22:38:25Z" end-time="2023-07-27 22:38:25Z" duration="0.003930" total="1" passed="1" failed="0" inconclusive="0" skipped="0" asserts="6">
        <test-case id="0-1139" name="TestExprIoPos" fullname="Kaitai.SpecExprIoPos.TestExprIoPos" methodname="TestExprIoPos" classname="Kaitai.SpecExprIoPos" runstate="Runnable" seed="1795652107" result="Passed" start-time="2023-07-27 22:38:25Z" end-time="2023-07-27 22:38:25Z" duration="0.001174" asserts="6" />
      </test-suite>
      <test-suite type="TestFixture" id="0-1140" name="SpecExprMod" fullname="Kaitai.SpecExprMod" classname="Kaitai.SpecExprMod" runstate="Runnable" testcasecount="1" result="Passed" start-time="2023-07-27 22:38:25Z" end-time="2023-07-27 22:38:25Z" duration="0.003694" total="1" passed="1" failed="0" inconclusive="0" skipped="0" asserts="6">
        <test-case id="0-1141" name="TestExprMod" fullname="Kaitai.SpecExprMod.TestExprMod" methodname="TestExprMod" classname="Kaitai.SpecExprMod" runstate="Runnable" seed="1469860293" result="Passed" start-time="2023-07-27 22:38:25Z" end-time="2023-07-27 22:38:25Z" duration="0.001180" asserts="6" />
      </test-suite>
      <test-suite type="TestFixture" id="0-1142" name="SpecExprSizeofType0" fullname="Kaitai.SpecExprSizeofType0" classname="Kaitai.SpecExprSizeofType0" runstate="Runnable" testcasecount="1" result="Passed" start-time="2023-07-27 22:38:25Z" end-time="2023-07-27 22:38:25Z" duration="0.003125" total="1" passed="1" failed="0" inconclusive="0" skipped="0" asserts="1">
        <test-case id="0-1143" name="TestExprSizeofType0" fullname="Kaitai.SpecExprSizeofType0.TestExprSizeofType0" methodname="TestExprSizeofType0" classname="Kaitai.SpecExprSizeofType0" runstate="Runnable" seed="1333407462" result="Passed" start-time="2023-07-27 22:38:25Z" end-time="2023-07-27 22:38:25Z" duration="0.000607" asserts="1" />
      </test-suite>
      <test-suite type="TestFixture" id="0-1144" name="SpecExprSizeofType1" fullname="Kaitai.SpecExprSizeofType1" classname="Kaitai.SpecExprSizeofType1" runstate="Runnable" testcasecount="1" result="Passed" start-time="2023-07-27 22:38:25Z" end-time="2023-07-27 22:38:25Z" duration="0.003483" total="1" passed="1" failed="0" inconclusive="0" skipped="0" asserts="2">
        <test-case id="0-1145" name="TestExprSizeofType1" fullname="Kaitai.SpecExprSizeofType1.TestExprSizeofType1" methodname="TestExprSizeofType1" classname="Kaitai.SpecExprSizeofType1" runstate="Runnable" seed="1323898483" result="Passed" start-time="2023-07-27 22:38:25Z" end-time="2023-07-27 22:38:25Z" duration="0.000511" asserts="2" />
      </test-suite>
      <test-suite type="TestFixture" id="0-1146" name="SpecExprSizeofValue0" fullname="Kaitai.SpecExprSizeofValue0" classname="Kaitai.SpecExprSizeofValue0" runstate="Runnable" testcasecount="1" result="Passed" start-time="2023-07-27 22:38:25Z" end-time="2023-07-27 22:38:25Z" duration="0.003323" total="1" passed="1" failed="0" inconclusive="0" skipped="0" asserts="5">
        <test-case id="0-1147" name="TestExprSizeofValue0" fullname="Kaitai.SpecExprSizeofValue0.TestExprSizeofValue0" methodname="TestExprSizeofValue0" classname="Kaitai.SpecExprSizeofValue0" runstate="Runnable" seed="567526833" result="Passed" start-time="2023-07-27 22:38:25Z" end-time="2023-07-27 22:38:25Z" duration="0.000845" asserts="5" />
      </test-suite>
      <test-suite type="TestFixture" id="0-1148" name="SpecExprSizeofValueSized" fullname="Kaitai.SpecExprSizeofValueSized" classname="Kaitai.SpecExprSizeofValueSized" runstate="Runnable" testcasecount="1" result="Passed" start-time="2023-07-27 22:38:25Z" end-time="2023-07-27 22:38:25Z" duration="0.003820" total="1" passed="1" failed="0" inconclusive="0" skipped="0" asserts="5">
        <test-case id="0-1149" name="TestExprSizeofValueSized" fullname="Kaitai.SpecExprSizeofValueSized.TestExprSizeofValueSized" methodname="TestExprSizeofValueSized" classname="Kaitai.SpecExprSizeofValueSized" runstate="Runnable" seed="1022514505" result="Passed" start-time="2023-07-27 22:38:25Z" end-time="2023-07-27 22:38:25Z" duration="0.001302" asserts="5" />
      </test-suite>
      <test-suite type="TestFixture" id="0-1150" name="SpecExprStrEncodings" fullname="Kaitai.SpecExprStrEncodings" classname="Kaitai.SpecExprStrEncodings" runstate="Runnable" testcasecount="1" result="Passed" start-time="2023-07-27 22:38:25Z" end-time="2023-07-27 22:38:25Z" duration="0.123104" total="1" passed="1" failed="0" inconclusive="0" skipped="0" asserts="7">
        <test-case id="0-1151" name="TestExprStrEncodings" fullname="Kaitai.SpecExprStrEncodings.TestExprStrEncodings" methodname="TestExprStrEncodings" classname="Kaitai.SpecExprStrEncodings" runstate="Runnable" seed="1939420655" result="Passed" start-time="2023-07-27 22:38:25Z" end-time="2023-07-27 22:38:25Z" duration="0.120667" asserts="7" />
      </test-suite>
      <test-suite type="TestFixture" id="0-1152" name="SpecExprStrOps" fullname="Kaitai.SpecExprStrOps" classname="Kaitai.SpecExprStrOps" runstate="Runnable" testcasecount="1" result="Passed" start-time="2023-07-27 22:38:25Z" end-time="2023-07-27 22:38:25Z" duration="0.007044" total="1" passed="1" failed="0" inconclusive="0" skipped="0" asserts="17">
        <test-case id="0-1153" name="TestExprStrOps" fullname="Kaitai.SpecExprStrOps.TestExprStrOps" methodname="TestExprStrOps" classname="Kaitai.SpecExprStrOps" runstate="Runnable" seed="395290689" result="Passed" start-time="2023-07-27 22:38:25Z" end-time="2023-07-27 22:38:25Z" duration="0.004497" asserts="17" />
      </test-suite>
      <test-suite type="TestFixture" id="0-1154" name="SpecExprToITrailing" fullname="Kaitai.SpecExprToITrailing" classname="Kaitai.SpecExprToITrailing" runstate="Runnable" testcasecount="1" result="Failed" site="Child" start-time="2023-07-27 22:38:25Z" end-time="2023-07-27 22:38:25Z" duration="0.005279" total="1" passed="0" failed="1" inconclusive="0" skipped="0" asserts="1">
        <failure>
          <message><![CDATA[One or more child tests had errors]]></message>
        </failure>
        <test-case id="0-1155" name="TestExprToITrailing" fullname="Kaitai.SpecExprToITrailing.TestExprToITrailing" methodname="TestExprToITrailing" classname="Kaitai.SpecExprToITrailing" runstate="Runnable" seed="2020033829" result="Failed" label="Error" start-time="2023-07-27 22:38:25Z" end-time="2023-07-27 22:38:25Z" duration="0.002700" asserts="1">
          <failure>
            <message><![CDATA[System.ArgumentException : Invalid Base.]]></message>
            <stack-trace><![CDATA[  at System.Convert.ToInt64 (System.String value, System.Int32 fromBase) [0x00012] in <d636f104d58046fd9b195699bcb1a744>:0 
  at Kaitai.ExprToITrailing.get_ToIR13 () [0x00014] in <cdd6c1222a5d44a88f383baf4d5bd27c>:0 
  at Kaitai.SpecExprToITrailing.TestExprToITrailing () [0x0002f] in <cdd6c1222a5d44a88f383baf4d5bd27c>:0 
  at (wrapper managed-to-native) System.Reflection.RuntimeMethodInfo.InternalInvoke(System.Reflection.RuntimeMethodInfo,object,object[],System.Exception&)
  at System.Reflection.RuntimeMethodInfo.Invoke (System.Object obj, System.Reflection.BindingFlags invokeAttr, System.Reflection.Binder binder, System.Object[] parameters, System.Globalization.CultureInfo culture) [0x0006a] in <d636f104d58046fd9b195699bcb1a744>:0 ]]></stack-trace>
          </failure>
        </test-case>
      </test-suite>
      <test-suite type="TestFixture" id="0-1156" name="SpecFixedContents" fullname="Kaitai.SpecFixedContents" classname="Kaitai.SpecFixedContents" runstate="Runnable" testcasecount="1" result="Passed" start-time="2023-07-27 22:38:25Z" end-time="2023-07-27 22:38:25Z" duration="0.003072" total="1" passed="1" failed="0" inconclusive="0" skipped="0" asserts="0">
        <test-case id="0-1157" name="TestFixedContents" fullname="Kaitai.SpecFixedContents.TestFixedContents" methodname="TestFixedContents" classname="Kaitai.SpecFixedContents" runstate="Runnable" seed="97170712" result="Passed" start-time="2023-07-27 22:38:25Z" end-time="2023-07-27 22:38:25Z" duration="0.000569" asserts="0" />
      </test-suite>
      <test-suite type="TestFixture" id="0-1158" name="SpecFixedStruct" fullname="Kaitai.SpecFixedStruct" classname="Kaitai.SpecFixedStruct" runstate="Runnable" testcasecount="1" result="Passed" start-time="2023-07-27 22:38:25Z" end-time="2023-07-27 22:38:25Z" duration="0.004807" total="1" passed="1" failed="0" inconclusive="0" skipped="0" asserts="20">
        <test-case id="0-1159" name="TestFixedStruct" fullname="Kaitai.SpecFixedStruct.TestFixedStruct" methodname="TestFixedStruct" classname="Kaitai.SpecFixedStruct" runstate="Runnable" seed="579967531" result="Passed" start-time="2023-07-27 22:38:25Z" end-time="2023-07-27 22:38:25Z" duration="0.002305" asserts="20" />
      </test-suite>
      <test-suite type="TestFixture" id="0-1162" name="SpecFloatingPoints" fullname="Kaitai.SpecFloatingPoints" classname="Kaitai.SpecFloatingPoints" runstate="Runnable" testcasecount="1" result="Passed" start-time="2023-07-27 22:38:25Z" end-time="2023-07-27 22:38:25Z" duration="0.003671" total="1" passed="1" failed="0" inconclusive="0" skipped="0" asserts="8">
        <test-case id="0-1163" name="TestFloatingPoints" fullname="Kaitai.SpecFloatingPoints.TestFloatingPoints" methodname="TestFloatingPoints" classname="Kaitai.SpecFloatingPoints" runstate="Runnable" seed="864604862" result="Passed" start-time="2023-07-27 22:38:25Z" end-time="2023-07-27 22:38:25Z" duration="0.001018" asserts="8" />
      </test-suite>
      <test-suite type="TestFixture" id="0-1160" name="SpecFloatToI" fullname="Kaitai.SpecFloatToI" classname="Kaitai.SpecFloatToI" runstate="Runnable" testcasecount="1" result="Passed" start-time="2023-07-27 22:38:25Z" end-time="2023-07-27 22:38:25Z" duration="0.003681" total="1" passed="1" failed="0" inconclusive="0" skipped="0" asserts="8">
        <test-case id="0-1161" name="TestFloatToI" fullname="Kaitai.SpecFloatToI.TestFloatToI" methodname="TestFloatToI" classname="Kaitai.SpecFloatToI" runstate="Runnable" seed="97483215" result="Passed" start-time="2023-07-27 22:38:25Z" end-time="2023-07-27 22:38:25Z" duration="0.001131" asserts="8" />
      </test-suite>
      <test-suite type="TestFixture" id="0-1164" name="SpecHelloWorld" fullname="Kaitai.SpecHelloWorld" classname="Kaitai.SpecHelloWorld" runstate="Runnable" testcasecount="1" result="Passed" start-time="2023-07-27 22:38:25Z" end-time="2023-07-27 22:38:25Z" duration="0.002789" total="1" passed="1" failed="0" inconclusive="0" skipped="0" asserts="1">
        <test-case id="0-1165" name="TestHelloWorld" fullname="Kaitai.SpecHelloWorld.TestHelloWorld" methodname="TestHelloWorld" classname="Kaitai.SpecHelloWorld" runstate="Runnable" seed="451336300" result="Passed" start-time="2023-07-27 22:38:25Z" end-time="2023-07-27 22:38:25Z" duration="0.000262" asserts="1" />
      </test-suite>
      <test-suite type="TestFixture" id="0-1166" name="SpecIfInstances" fullname="Kaitai.SpecIfInstances" classname="Kaitai.SpecIfInstances" runstate="Runnable" testcasecount="1" result="Passed" start-time="2023-07-27 22:38:25Z" end-time="2023-07-27 22:38:25Z" duration="0.003343" total="1" passed="1" failed="0" inconclusive="0" skipped="0" asserts="1">
        <test-case id="0-1167" name="TestIfInstances" fullname="Kaitai.SpecIfInstances.TestIfInstances" methodname="TestIfInstances" classname="Kaitai.SpecIfInstances" runstate="Runnable" seed="1270499543" result="Passed" start-time="2023-07-27 22:38:25Z" end-time="2023-07-27 22:38:25Z" duration="0.000739" asserts="1" />
      </test-suite>
      <test-suite type="TestFixture" id="0-1168" name="SpecIfStruct" fullname="Kaitai.SpecIfStruct" classname="Kaitai.SpecIfStruct" runstate="Runnable" testcasecount="1" result="Passed" start-time="2023-07-27 22:38:25Z" end-time="2023-07-27 22:38:25Z" duration="0.003829" total="1" passed="1" failed="0" inconclusive="0" skipped="0" asserts="7">
        <test-case id="0-1169" name="TestIfStruct" fullname="Kaitai.SpecIfStruct.TestIfStruct" methodname="TestIfStruct" classname="Kaitai.SpecIfStruct" runstate="Runnable" seed="460637998" result="Passed" start-time="2023-07-27 22:38:25Z" end-time="2023-07-27 22:38:25Z" duration="0.001290" asserts="7" />
      </test-suite>
      <test-suite type="TestFixture" id="0-1170" name="SpecIfValues" fullname="Kaitai.SpecIfValues" classname="Kaitai.SpecIfValues" runstate="Runnable" testcasecount="1" result="Passed" start-time="2023-07-27 22:38:25Z" end-time="2023-07-27 22:38:25Z" duration="0.003853" total="1" passed="1" failed="0" inconclusive="0" skipped="0" asserts="6">
        <test-case id="0-1171" name="TestIfValues" fullname="Kaitai.SpecIfValues.TestIfValues" methodname="TestIfValues" classname="Kaitai.SpecIfValues" runstate="Runnable" seed="1554340984" result="Passed" start-time="2023-07-27 22:38:25Z" end-time="2023-07-27 22:38:25Z" duration="0.001370" asserts="6" />
      </test-suite>
      <test-suite type="TestFixture" id="0-1172" name="SpecImports0" fullname="Kaitai.SpecImports0" classname="Kaitai.SpecImports0" runstate="Runnable" testcasecount="1" result="Passed" start-time="2023-07-27 22:38:25Z" end-time="2023-07-27 22:38:25Z" duration="0.003204" total="1" passed="1" failed="0" inconclusive="0" skipped="0" asserts="3">
        <test-case id="0-1173" name="TestImports0" fullname="Kaitai.SpecImports0.TestImports0" methodname="TestImports0" classname="Kaitai.SpecImports0" runstate="Runnable" seed="2138769823" result="Passed" start-time="2023-07-27 22:38:25Z" end-time="2023-07-27 22:38:25Z" duration="0.000625" asserts="3" />
      </test-suite>
      <test-suite type="TestFixture" id="0-1174" name="SpecImportsAbs" fullname="Kaitai.SpecImportsAbs" classname="Kaitai.SpecImportsAbs" runstate="Runnable" testcasecount="1" result="Passed" start-time="2023-07-27 22:38:25Z" end-time="2023-07-27 22:38:25Z" duration="0.004078" total="1" passed="1" failed="0" inconclusive="0" skipped="0" asserts="2">
        <test-case id="0-1175" name="TestImportsAbs" fullname="Kaitai.SpecImportsAbs.TestImportsAbs" methodname="TestImportsAbs" classname="Kaitai.SpecImportsAbs" runstate="Runnable" seed="1629429934" result="Passed" start-time="2023-07-27 22:38:25Z" end-time="2023-07-27 22:38:25Z" duration="0.001567" asserts="2" />
      </test-suite>
      <test-suite type="TestFixture" id="0-1176" name="SpecImportsAbsAbs" fullname="Kaitai.SpecImportsAbsAbs" classname="Kaitai.SpecImportsAbsAbs" runstate="Runnable" testcasecount="1" result="Passed" start-time="2023-07-27 22:38:25Z" end-time="2023-07-27 22:38:25Z" duration="0.003387" total="1" passed="1" failed="0" inconclusive="0" skipped="0" asserts="3">
        <test-case id="0-1177" name="TestImportsAbsAbs" fullname="Kaitai.SpecImportsAbsAbs.TestImportsAbsAbs" methodname="TestImportsAbsAbs" classname="Kaitai.SpecImportsAbsAbs" runstate="Runnable" seed="1263831605" result="Passed" start-time="2023-07-27 22:38:25Z" end-time="2023-07-27 22:38:25Z" duration="0.000905" asserts="3" />
      </test-suite>
      <test-suite type="TestFixture" id="0-1178" name="SpecImportsAbsRel" fullname="Kaitai.SpecImportsAbsRel" classname="Kaitai.SpecImportsAbsRel" runstate="Runnable" testcasecount="1" result="Passed" start-time="2023-07-27 22:38:25Z" end-time="2023-07-27 22:38:25Z" duration="0.003620" total="1" passed="1" failed="0" inconclusive="0" skipped="0" asserts="3">
        <test-case id="0-1179" name="TestImportsAbsRel" fullname="Kaitai.SpecImportsAbsRel.TestImportsAbsRel" methodname="TestImportsAbsRel" classname="Kaitai.SpecImportsAbsRel" runstate="Runnable" seed="1558505392" result="Passed" start-time="2023-07-27 22:38:25Z" end-time="2023-07-27 22:38:25Z" duration="0.000722" asserts="3" />
      </test-suite>
      <test-suite type="TestFixture" id="0-1180" name="SpecImportsCircularA" fullname="Kaitai.SpecImportsCircularA" classname="Kaitai.SpecImportsCircularA" runstate="Runnable" testcasecount="1" result="Passed" start-time="2023-07-27 22:38:25Z" end-time="2023-07-27 22:38:25Z" duration="0.003246" total="1" passed="1" failed="0" inconclusive="0" skipped="0" asserts="5">
        <test-case id="0-1181" name="TestImportsCircularA" fullname="Kaitai.SpecImportsCircularA.TestImportsCircularA" methodname="TestImportsCircularA" classname="Kaitai.SpecImportsCircularA" runstate="Runnable" seed="458592194" result="Passed" start-time="2023-07-27 22:38:25Z" end-time="2023-07-27 22:38:25Z" duration="0.000716" asserts="5" />
      </test-suite>
      <test-suite type="TestFixture" id="0-1182" name="SpecImportsRel1" fullname="Kaitai.SpecImportsRel1" classname="Kaitai.SpecImportsRel1" runstate="Runnable" testcasecount="1" result="Passed" start-time="2023-07-27 22:38:25Z" end-time="2023-07-27 22:38:25Z" duration="0.003243" total="1" passed="1" failed="0" inconclusive="0" skipped="0" asserts="3">
        <test-case id="0-1183" name="TestImportsRel1" fullname="Kaitai.SpecImportsRel1.TestImportsRel1" methodname="TestImportsRel1" classname="Kaitai.SpecImportsRel1" runstate="Runnable" seed="863601530" result="Passed" start-time="2023-07-27 22:38:25Z" end-time="2023-07-27 22:38:25Z" duration="0.000775" asserts="3" />
      </test-suite>
      <test-suite type="TestFixture" id="0-1184" name="SpecIndexSizes" fullname="Kaitai.SpecIndexSizes" classname="Kaitai.SpecIndexSizes" runstate="Runnable" testcasecount="1" result="Passed" start-time="2023-07-27 22:38:25Z" end-time="2023-07-27 22:38:25Z" duration="0.003487" total="1" passed="1" failed="0" inconclusive="0" skipped="0" asserts="7">
        <test-case id="0-1185" name="TestIndexSizes" fullname="Kaitai.SpecIndexSizes.TestIndexSizes" methodname="TestIndexSizes" classname="Kaitai.SpecIndexSizes" runstate="Runnable" seed="805203633" result="Passed" start-time="2023-07-27 22:38:25Z" end-time="2023-07-27 22:38:25Z" duration="0.000850" asserts="7" />
      </test-suite>
      <test-suite type="TestFixture" id="0-1186" name="SpecIndexToParamEos" fullname="Kaitai.SpecIndexToParamEos" classname="Kaitai.SpecIndexToParamEos" runstate="Runnable" testcasecount="1" result="Passed" start-time="2023-07-27 22:38:25Z" end-time="2023-07-27 22:38:25Z" duration="0.003998" total="1" passed="1" failed="0" inconclusive="0" skipped="0" asserts="7">
        <test-case id="0-1187" name="TestIndexToParamEos" fullname="Kaitai.SpecIndexToParamEos.TestIndexToParamEos" methodname="TestIndexToParamEos" classname="Kaitai.SpecIndexToParamEos" runstate="Runnable" seed="1189265400" result="Passed" start-time="2023-07-27 22:38:25Z" end-time="2023-07-27 22:38:25Z" duration="0.001341" asserts="7" />
      </test-suite>
      <test-suite type="TestFixture" id="0-1188" name="SpecIndexToParamExpr" fullname="Kaitai.SpecIndexToParamExpr" classname="Kaitai.SpecIndexToParamExpr" runstate="Runnable" testcasecount="1" result="Passed" start-time="2023-07-27 22:38:25Z" end-time="2023-07-27 22:38:25Z" duration="0.003856" total="1" passed="1" failed="0" inconclusive="0" skipped="0" asserts="7">
        <test-case id="0-1189" name="TestIndexToParamExpr" fullname="Kaitai.SpecIndexToParamExpr.TestIndexToParamExpr" methodname="TestIndexToParamExpr" classname="Kaitai.SpecIndexToParamExpr" runstate="Runnable" seed="1151359448" result="Passed" start-time="2023-07-27 22:38:25Z" end-time="2023-07-27 22:38:25Z" duration="0.001303" asserts="7" />
      </test-suite>
      <test-suite type="TestFixture" id="0-1190" name="SpecIndexToParamUntil" fullname="Kaitai.SpecIndexToParamUntil" classname="Kaitai.SpecIndexToParamUntil" runstate="Runnable" testcasecount="1" result="Passed" start-time="2023-07-27 22:38:25Z" end-time="2023-07-27 22:38:25Z" duration="0.004218" total="1" passed="1" failed="0" inconclusive="0" skipped="0" asserts="7">
        <test-case id="0-1191" name="TestIndexToParamUntil" fullname="Kaitai.SpecIndexToParamUntil.TestIndexToParamUntil" methodname="TestIndexToParamUntil" classname="Kaitai.SpecIndexToParamUntil" runstate="Runnable" seed="730265830" result="Passed" start-time="2023-07-27 22:38:25Z" end-time="2023-07-27 22:38:25Z" duration="0.001432" asserts="7" />
      </test-suite>
      <test-suite type="TestFixture" id="0-1192" name="SpecInstanceIoUser" fullname="Kaitai.SpecInstanceIoUser" classname="Kaitai.SpecInstanceIoUser" runstate="Runnable" testcasecount="1" result="Passed" start-time="2023-07-27 22:38:25Z" end-time="2023-07-27 22:38:25Z" duration="0.004271" total="1" passed="1" failed="0" inconclusive="0" skipped="0" asserts="4">
        <test-case id="0-1193" name="TestInstanceIoUser" fullname="Kaitai.SpecInstanceIoUser.TestInstanceIoUser" methodname="TestInstanceIoUser" classname="Kaitai.SpecInstanceIoUser" runstate="Runnable" seed="934199812" result="Passed" start-time="2023-07-27 22:38:25Z" end-time="2023-07-27 22:38:25Z" duration="0.001754" asserts="4" />
      </test-suite>
      <test-suite type="TestFixture" id="0-1194" name="SpecInstanceStd" fullname="Kaitai.SpecInstanceStd" classname="Kaitai.SpecInstanceStd" runstate="Runnable" testcasecount="1" result="Passed" start-time="2023-07-27 22:38:25Z" end-time="2023-07-27 22:38:25Z" duration="0.003099" total="1" passed="1" failed="0" inconclusive="0" skipped="0" asserts="1">
        <test-case id="0-1195" name="TestInstanceStd" fullname="Kaitai.SpecInstanceStd.TestInstanceStd" methodname="TestInstanceStd" classname="Kaitai.SpecInstanceStd" runstate="Runnable" seed="335618616" result="Passed" start-time="2023-07-27 22:38:25Z" end-time="2023-07-27 22:38:25Z" duration="0.000606" asserts="1" />
      </test-suite>
      <test-suite type="TestFixture" id="0-1196" name="SpecInstanceStdArray" fullname="Kaitai.SpecInstanceStdArray" classname="Kaitai.SpecInstanceStdArray" runstate="Runnable" testcasecount="1" result="Passed" start-time="2023-07-27 22:38:25Z" end-time="2023-07-27 22:38:25Z" duration="0.003615" total="1" passed="1" failed="0" inconclusive="0" skipped="0" asserts="7">
        <test-case id="0-1197" name="TestInstanceStdArray" fullname="Kaitai.SpecInstanceStdArray.TestInstanceStdArray" methodname="TestInstanceStdArray" classname="Kaitai.SpecInstanceStdArray" runstate="Runnable" seed="975150679" result="Passed" start-time="2023-07-27 22:38:25Z" end-time="2023-07-27 22:38:25Z" duration="0.000959" asserts="7" />
      </test-suite>
      <test-suite type="TestFixture" id="0-1198" name="SpecIntegers" fullname="Kaitai.SpecIntegers" classname="Kaitai.SpecIntegers" runstate="Runnable" testcasecount="1" result="Passed" start-time="2023-07-27 22:38:25Z" end-time="2023-07-27 22:38:25Z" duration="0.005207" total="1" passed="1" failed="0" inconclusive="0" skipped="0" asserts="20">
        <test-case id="0-1199" name="TestIntegers" fullname="Kaitai.SpecIntegers.TestIntegers" methodname="TestIntegers" classname="Kaitai.SpecIntegers" runstate="Runnable" seed="346871180" result="Passed" start-time="2023-07-27 22:38:25Z" end-time="2023-07-27 22:38:25Z" duration="0.002689" asserts="20" />
      </test-suite>
      <test-suite type="TestFixture" id="0-1200" name="SpecIntegersDoubleOverflow" fullname="Kaitai.SpecIntegersDoubleOverflow" classname="Kaitai.SpecIntegersDoubleOverflow" runstate="Runnable" testcasecount="1" result="Passed" start-time="2023-07-27 22:38:25Z" end-time="2023-07-27 22:38:25Z" duration="0.003359" total="1" passed="1" failed="0" inconclusive="0" skipped="0" asserts="8">
        <test-case id="0-1201" name="TestIntegersDoubleOverflow" fullname="Kaitai.SpecIntegersDoubleOverflow.TestIntegersDoubleOverflow" methodname="TestIntegersDoubleOverflow" classname="Kaitai.SpecIntegersDoubleOverflow" runstate="Runnable" seed="775650770" result="Passed" start-time="2023-07-27 22:38:25Z" end-time="2023-07-27 22:38:25Z" duration="0.000870" asserts="8" />
      </test-suite>
      <test-suite type="TestFixture" id="0-1202" name="SpecIntegersMinMax" fullname="Kaitai.SpecIntegersMinMax" classname="Kaitai.SpecIntegersMinMax" runstate="Runnable" testcasecount="1" result="Passed" start-time="2023-07-27 22:38:25Z" end-time="2023-07-27 22:38:25Z" duration="0.004088" total="1" passed="1" failed="0" inconclusive="0" skipped="0" asserts="28">
        <test-case id="0-1203" name="TestIntegersMinMax" fullname="Kaitai.SpecIntegersMinMax.TestIntegersMinMax" methodname="TestIntegersMinMax" classname="Kaitai.SpecIntegersMinMax" runstate="Runnable" seed="63652104" result="Passed" start-time="2023-07-27 22:38:25Z" end-time="2023-07-27 22:38:25Z" duration="0.001600" asserts="28" />
      </test-suite>
      <test-suite type="TestFixture" id="0-1204" name="SpecIoLocalVar" fullname="Kaitai.SpecIoLocalVar" classname="Kaitai.SpecIoLocalVar" runstate="Runnable" testcasecount="1" result="Passed" start-time="2023-07-27 22:38:25Z" end-time="2023-07-27 22:38:25Z" duration="0.003506" total="1" passed="1" failed="0" inconclusive="0" skipped="0" asserts="2">
        <test-case id="0-1205" name="TestIoLocalVar" fullname="Kaitai.SpecIoLocalVar.TestIoLocalVar" methodname="TestIoLocalVar" classname="Kaitai.SpecIoLocalVar" runstate="Runnable" seed="1463953750" result="Passed" start-time="2023-07-27 22:38:25Z" end-time="2023-07-27 22:38:25Z" duration="0.001008" asserts="2" />
      </test-suite>
      <test-suite type="TestFixture" id="0-1206" name="SpecJsSignedRightShift" fullname="Kaitai.SpecJsSignedRightShift" classname="Kaitai.SpecJsSignedRightShift" runstate="Runnable" testcasecount="1" result="Passed" start-time="2023-07-27 22:38:25Z" end-time="2023-07-27 22:38:25Z" duration="0.003267" total="1" passed="1" failed="0" inconclusive="0" skipped="0" asserts="2">
        <test-case id="0-1207" name="TestJsSignedRightShift" fullname="Kaitai.SpecJsSignedRightShift.TestJsSignedRightShift" methodname="TestJsSignedRightShift" classname="Kaitai.SpecJsSignedRightShift" runstate="Runnable" seed="1725844116" result="Passed" start-time="2023-07-27 22:38:25Z" end-time="2023-07-27 22:38:25Z" duration="0.000723" asserts="2" />
      </test-suite>
      <test-suite type="TestFixture" id="0-1208" name="SpecMetaTags" fullname="Kaitai.SpecMetaTags" classname="Kaitai.SpecMetaTags" runstate="Runnable" testcasecount="1" result="Passed" start-time="2023-07-27 22:38:25Z" end-time="2023-07-27 22:38:25Z" duration="0.002969" total="1" passed="1" failed="0" inconclusive="0" skipped="0" asserts="0">
        <test-case id="0-1209" name="TestMetaTags" fullname="Kaitai.SpecMetaTags.TestMetaTags" methodname="TestMetaTags" classname="Kaitai.SpecMetaTags" runstate="Runnable" seed="2002307571" result="Passed" start-time="2023-07-27 22:38:25Z" end-time="2023-07-27 22:38:25Z" duration="0.000365" asserts="0" />
      </test-suite>
      <test-suite type="TestFixture" id="0-1210" name="SpecMetaXref" fullname="Kaitai.SpecMetaXref" classname="Kaitai.SpecMetaXref" runstate="Runnable" testcasecount="1" result="Passed" start-time="2023-07-27 22:38:25Z" end-time="2023-07-27 22:38:25Z" duration="0.003035" total="1" passed="1" failed="0" inconclusive="0" skipped="0" asserts="0">
        <test-case id="0-1211" name="TestMetaXref" fullname="Kaitai.SpecMetaXref.TestMetaXref" methodname="TestMetaXref" classname="Kaitai.SpecMetaXref" runstate="Runnable" seed="317327530" result="Passed" start-time="2023-07-27 22:38:25Z" end-time="2023-07-27 22:38:25Z" duration="0.000473" asserts="0" />
      </test-suite>
[...]
      </test-suite>
      <test-suite type="TestFixture" id="0-1384" name="SpecTsPacketHeader" fullname="Kaitai.SpecTsPacketHeader" classname="Kaitai.SpecTsPacketHeader" runstate="Runnable" testcasecount="1" result="Passed" start-time="2023-07-27 22:38:26Z" end-time="2023-07-27 22:38:26Z" duration="0.003508" total="1" passed="1" failed="0" inconclusive="0" skipped="0" asserts="7">
        <test-case id="0-1385" name="TestTsPacketHeader" fullname="Kaitai.SpecTsPacketHeader.TestTsPacketHeader" methodname="TestTsPacketHeader" classname="Kaitai.SpecTsPacketHeader" runstate="Runnable" seed="1086446773" result="Passed" start-time="2023-07-27 22:38:26Z" end-time="2023-07-27 22:38:26Z" duration="0.000738" asserts="7" />
      </test-suite>
      <test-suite type="TestFixture" id="0-1386" name="SpecTypeIntUnaryOp" fullname="Kaitai.SpecTypeIntUnaryOp" classname="Kaitai.SpecTypeIntUnaryOp" runstate="Runnable" testcasecount="1" result="Passed" start-time="2023-07-27 22:38:26Z" end-time="2023-07-27 22:38:26Z" duration="0.003126" total="1" passed="1" failed="0" inconclusive="0" skipped="0" asserts="4">
        <test-case id="0-1387" name="TestTypeIntUnaryOp" fullname="Kaitai.SpecTypeIntUnaryOp.TestTypeIntUnaryOp" methodname="TestTypeIntUnaryOp" classname="Kaitai.SpecTypeIntUnaryOp" runstate="Runnable" seed="2069759955" result="Passed" start-time="2023-07-27 22:38:26Z" end-time="2023-07-27 22:38:26Z" duration="0.000606" asserts="4" />
      </test-suite>
      <test-suite type="TestFixture" id="0-1388" name="SpecTypeTernary" fullname="Kaitai.SpecTypeTernary" classname="Kaitai.SpecTypeTernary" runstate="Runnable" testcasecount="1" result="Passed" start-time="2023-07-27 22:38:26Z" end-time="2023-07-27 22:38:26Z" duration="0.003429" total="1" passed="1" failed="0" inconclusive="0" skipped="0" asserts="1">
        <test-case id="0-1389" name="TestTypeTernary" fullname="Kaitai.SpecTypeTernary.TestTypeTernary" methodname="TestTypeTernary" classname="Kaitai.SpecTypeTernary" runstate="Runnable" seed="1128637809" result="Passed" start-time="2023-07-27 22:38:26Z" end-time="2023-07-27 22:38:26Z" duration="0.000708" asserts="1" />
      </test-suite>
      <test-suite type="TestFixture" id="0-1390" name="SpecTypeTernary2ndFalsy" fullname="Kaitai.SpecTypeTernary2ndFalsy" classname="Kaitai.SpecTypeTernary2ndFalsy" runstate="Runnable" testcasecount="1" result="Passed" start-time="2023-07-27 22:38:26Z" end-time="2023-07-27 22:38:26Z" duration="0.004212" total="1" passed="1" failed="0" inconclusive="0" skipped="0" asserts="13">
        <test-case id="0-1391" name="TestTypeTernary2ndFalsy" fullname="Kaitai.SpecTypeTernary2ndFalsy.TestTypeTernary2ndFalsy" methodname="TestTypeTernary2ndFalsy" classname="Kaitai.SpecTypeTernary2ndFalsy" runstate="Runnable" seed="110175484" result="Passed" start-time="2023-07-27 22:38:26Z" end-time="2023-07-27 22:38:26Z" duration="0.001736" asserts="13" />
      </test-suite>
      <test-suite type="TestFixture" id="0-1392" name="SpecTypeTernaryOpaque" fullname="Kaitai.SpecTypeTernaryOpaque" classname="Kaitai.SpecTypeTernaryOpaque" runstate="Runnable" testcasecount="1" result="Passed" start-time="2023-07-27 22:38:26Z" end-time="2023-07-27 22:38:26Z" duration="0.003274" total="1" passed="1" failed="0" inconclusive="0" skipped="0" asserts="3">
        <test-case id="0-1393" name="TestTypeTernaryOpaque" fullname="Kaitai.SpecTypeTernaryOpaque.TestTypeTernaryOpaque" methodname="TestTypeTernaryOpaque" classname="Kaitai.SpecTypeTernaryOpaque" runstate="Runnable" seed="1642922432" result="Passed" start-time="2023-07-27 22:38:26Z" end-time="2023-07-27 22:38:26Z" duration="0.000689" asserts="3" />
      </test-suite>
      <test-suite type="TestFixture" id="0-1394" name="SpecUserType" fullname="Kaitai.SpecUserType" classname="Kaitai.SpecUserType" runstate="Runnable" testcasecount="1" result="Passed" start-time="2023-07-27 22:38:26Z" end-time="2023-07-27 22:38:26Z" duration="0.003275" total="1" passed="1" failed="0" inconclusive="0" skipped="0" asserts="2">
        <test-case id="0-1395" name="TestUserType" fullname="Kaitai.SpecUserType.TestUserType" methodname="TestUserType" classname="Kaitai.SpecUserType" runstate="Runnable" seed="827480385" result="Passed" start-time="2023-07-27 22:38:26Z" end-time="2023-07-27 22:38:26Z" duration="0.000754" asserts="2" />
      </test-suite>
      <test-suite type="TestFixture" id="0-1396" name="SpecValidEqStrEncodings" fullname="Kaitai.SpecValidEqStrEncodings" classname="Kaitai.SpecValidEqStrEncodings" runstate="Runnable" testcasecount="1" result="Passed" start-time="2023-07-27 22:38:26Z" end-time="2023-07-27 22:38:26Z" duration="0.003826" total="1" passed="1" failed="0" inconclusive="0" skipped="0" asserts="0">
        <test-case id="0-1397" name="TestValidEqStrEncodings" fullname="Kaitai.SpecValidEqStrEncodings.TestValidEqStrEncodings" methodname="TestValidEqStrEncodings" classname="Kaitai.SpecValidEqStrEncodings" runstate="Runnable" seed="396088508" result="Passed" start-time="2023-07-27 22:38:26Z" end-time="2023-07-27 22:38:26Z" duration="0.001272" asserts="0" />
      </test-suite>
      <test-suite type="TestFixture" id="0-1398" name="SpecValidFailAnyofInt" fullname="Kaitai.SpecValidFailAnyofInt" classname="Kaitai.SpecValidFailAnyofInt" runstate="Runnable" testcasecount="1" result="Passed" start-time="2023-07-27 22:38:26Z" end-time="2023-07-27 22:38:26Z" duration="0.003557" total="1" passed="1" failed="0" inconclusive="0" skipped="0" asserts="1">
        <test-case id="0-1399" name="TestValidFailAnyofInt" fullname="Kaitai.SpecValidFailAnyofInt.TestValidFailAnyofInt" methodname="TestValidFailAnyofInt" classname="Kaitai.SpecValidFailAnyofInt" runstate="Runnable" seed="366610451" result="Passed" start-time="2023-07-27 22:38:26Z" end-time="2023-07-27 22:38:26Z" duration="0.001078" asserts="1" />
      </test-suite>
      <test-suite type="TestFixture" id="0-1400" name="SpecValidFailContents" fullname="Kaitai.SpecValidFailContents" classname="Kaitai.SpecValidFailContents" runstate="Runnable" testcasecount="1" result="Passed" start-time="2023-07-27 22:38:26Z" end-time="2023-07-27 22:38:26Z" duration="0.003506" total="1" passed="1" failed="0" inconclusive="0" skipped="0" asserts="1">
        <test-case id="0-1401" name="TestValidFailContents" fullname="Kaitai.SpecValidFailContents.TestValidFailContents" methodname="TestValidFailContents" classname="Kaitai.SpecValidFailContents" runstate="Runnable" seed="1111586589" result="Passed" start-time="2023-07-27 22:38:26Z" end-time="2023-07-27 22:38:26Z" duration="0.000924" asserts="1" />
      </test-suite>
      <test-suite type="TestFixture" id="0-1402" name="SpecValidFailEqBytes" fullname="Kaitai.SpecValidFailEqBytes" classname="Kaitai.SpecValidFailEqBytes" runstate="Runnable" testcasecount="1" result="Passed" start-time="2023-07-27 22:38:26Z" end-time="2023-07-27 22:38:26Z" duration="0.003288" total="1" passed="1" failed="0" inconclusive="0" skipped="0" asserts="1">
        <test-case id="0-1403" name="TestValidFailEqBytes" fullname="Kaitai.SpecValidFailEqBytes.TestValidFailEqBytes" methodname="TestValidFailEqBytes" classname="Kaitai.SpecValidFailEqBytes" runstate="Runnable" seed="710119854" result="Passed" start-time="2023-07-27 22:38:26Z" end-time="2023-07-27 22:38:26Z" duration="0.000559" asserts="1" />
      </test-suite>
      <test-suite type="TestFixture" id="0-1404" name="SpecValidFailEqInt" fullname="Kaitai.SpecValidFailEqInt" classname="Kaitai.SpecValidFailEqInt" runstate="Runnable" testcasecount="1" result="Passed" start-time="2023-07-27 22:38:26Z" end-time="2023-07-27 22:38:26Z" duration="0.003349" total="1" passed="1" failed="0" inconclusive="0" skipped="0" asserts="1">
        <test-case id="0-1405" name="TestValidFailEqInt" fullname="Kaitai.SpecValidFailEqInt.TestValidFailEqInt" methodname="TestValidFailEqInt" classname="Kaitai.SpecValidFailEqInt" runstate="Runnable" seed="898707163" result="Passed" start-time="2023-07-27 22:38:26Z" end-time="2023-07-27 22:38:26Z" duration="0.000796" asserts="1" />
      </test-suite>
      <test-suite type="TestFixture" id="0-1406" name="SpecValidFailEqStr" fullname="Kaitai.SpecValidFailEqStr" classname="Kaitai.SpecValidFailEqStr" runstate="Runnable" testcasecount="1" result="Passed" start-time="2023-07-27 22:38:26Z" end-time="2023-07-27 22:38:26Z" duration="0.003529" total="1" passed="1" failed="0" inconclusive="0" skipped="0" asserts="1">
        <test-case id="0-1407" name="TestValidFailEqStr" fullname="Kaitai.SpecValidFailEqStr.TestValidFailEqStr" methodname="TestValidFailEqStr" classname="Kaitai.SpecValidFailEqStr" runstate="Runnable" seed="1719127001" result="Passed" start-time="2023-07-27 22:38:26Z" end-time="2023-07-27 22:38:26Z" duration="0.000782" asserts="1" />
      </test-suite>
      <test-suite type="TestFixture" id="0-1408" name="SpecValidFailExpr" fullname="Kaitai.SpecValidFailExpr" classname="Kaitai.SpecValidFailExpr" runstate="Runnable" testcasecount="1" result="Passed" start-time="2023-07-27 22:38:26Z" end-time="2023-07-27 22:38:26Z" duration="0.003525" total="1" passed="1" failed="0" inconclusive="0" skipped="0" asserts="1">
        <test-case id="0-1409" name="TestValidFailExpr" fullname="Kaitai.SpecValidFailExpr.TestValidFailExpr" methodname="TestValidFailExpr" classname="Kaitai.SpecValidFailExpr" runstate="Runnable" seed="1463902574" result="Passed" start-time="2023-07-27 22:38:26Z" end-time="2023-07-27 22:38:26Z" duration="0.000986" asserts="1" />
      </test-suite>
      <test-suite type="TestFixture" id="0-1410" name="SpecValidFailInst" fullname="Kaitai.SpecValidFailInst" classname="Kaitai.SpecValidFailInst" runstate="Runnable" testcasecount="1" result="Passed" start-time="2023-07-27 22:38:26Z" end-time="2023-07-27 22:38:26Z" duration="0.003434" total="1" passed="1" failed="0" inconclusive="0" skipped="0" asserts="1">
        <test-case id="0-1411" name="TestValidFailInst" fullname="Kaitai.SpecValidFailInst.TestValidFailInst" methodname="TestValidFailInst" classname="Kaitai.SpecValidFailInst" runstate="Runnable" seed="749200941" result="Passed" start-time="2023-07-27 22:38:26Z" end-time="2023-07-27 22:38:26Z" duration="0.000865" asserts="1" />
      </test-suite>
      <test-suite type="TestFixture" id="0-1412" name="SpecValidFailMaxInt" fullname="Kaitai.SpecValidFailMaxInt" classname="Kaitai.SpecValidFailMaxInt" runstate="Runnable" testcasecount="1" result="Passed" start-time="2023-07-27 22:38:26Z" end-time="2023-07-27 22:38:26Z" duration="0.003163" total="1" passed="1" failed="0" inconclusive="0" skipped="0" asserts="1">
        <test-case id="0-1413" name="TestValidFailMaxInt" fullname="Kaitai.SpecValidFailMaxInt.TestValidFailMaxInt" methodname="TestValidFailMaxInt" classname="Kaitai.SpecValidFailMaxInt" runstate="Runnable" seed="1557651663" result="Passed" start-time="2023-07-27 22:38:26Z" end-time="2023-07-27 22:38:26Z" duration="0.000655" asserts="1" />
      </test-suite>
      <test-suite type="TestFixture" id="0-1414" name="SpecValidFailMinInt" fullname="Kaitai.SpecValidFailMinInt" classname="Kaitai.SpecValidFailMinInt" runstate="Runnable" testcasecount="1" result="Passed" start-time="2023-07-27 22:38:26Z" end-time="2023-07-27 22:38:26Z" duration="0.003494" total="1" passed="1" failed="0" inconclusive="0" skipped="0" asserts="1">
        <test-case id="0-1415" name="TestValidFailMinInt" fullname="Kaitai.SpecValidFailMinInt.TestValidFailMinInt" methodname="TestValidFailMinInt" classname="Kaitai.SpecValidFailMinInt" runstate="Runnable" seed="920253820" result="Passed" start-time="2023-07-27 22:38:26Z" end-time="2023-07-27 22:38:26Z" duration="0.000709" asserts="1" />
      </test-suite>
      <test-suite type="TestFixture" id="0-1416" name="SpecValidFailRangeBytes" fullname="Kaitai.SpecValidFailRangeBytes" classname="Kaitai.SpecValidFailRangeBytes" runstate="Runnable" testcasecount="1" result="Passed" start-time="2023-07-27 22:38:26Z" end-time="2023-07-27 22:38:26Z" duration="0.003319" total="1" passed="1" failed="0" inconclusive="0" skipped="0" asserts="1">
        <test-case id="0-1417" name="TestValidFailRangeBytes" fullname="Kaitai.SpecValidFailRangeBytes.TestValidFailRangeBytes" methodname="TestValidFailRangeBytes" classname="Kaitai.SpecValidFailRangeBytes" runstate="Runnable" seed="2018531085" result="Passed" start-time="2023-07-27 22:38:26Z" end-time="2023-07-27 22:38:26Z" duration="0.000778" asserts="1" />
      </test-suite>
      <test-suite type="TestFixture" id="0-1418" name="SpecValidFailRangeFloat" fullname="Kaitai.SpecValidFailRangeFloat" classname="Kaitai.SpecValidFailRangeFloat" runstate="Runnable" testcasecount="1" result="Passed" start-time="2023-07-27 22:38:26Z" end-time="2023-07-27 22:38:26Z" duration="0.004631" total="1" passed="1" failed="0" inconclusive="0" skipped="0" asserts="1">
        <test-case id="0-1419" name="TestValidFailRangeFloat" fullname="Kaitai.SpecValidFailRangeFloat.TestValidFailRangeFloat" methodname="TestValidFailRangeFloat" classname="Kaitai.SpecValidFailRangeFloat" runstate="Runnable" seed="384172354" result="Passed" start-time="2023-07-27 22:38:26Z" end-time="2023-07-27 22:38:26Z" duration="0.002114" asserts="1" />
      </test-suite>
      <test-suite type="TestFixture" id="0-1420" name="SpecValidFailRangeInt" fullname="Kaitai.SpecValidFailRangeInt" classname="Kaitai.SpecValidFailRangeInt" runstate="Runnable" testcasecount="1" result="Passed" start-time="2023-07-27 22:38:26Z" end-time="2023-07-27 22:38:26Z" duration="0.003470" total="1" passed="1" failed="0" inconclusive="0" skipped="0" asserts="1">
        <test-case id="0-1421" name="TestValidFailRangeInt" fullname="Kaitai.SpecValidFailRangeInt.TestValidFailRangeInt" methodname="TestValidFailRangeInt" classname="Kaitai.SpecValidFailRangeInt" runstate="Runnable" seed="915232191" result="Passed" start-time="2023-07-27 22:38:26Z" end-time="2023-07-27 22:38:26Z" duration="0.000714" asserts="1" />
      </test-suite>
      <test-suite type="TestFixture" id="0-1422" name="SpecValidFailRangeStr" fullname="Kaitai.SpecValidFailRangeStr" classname="Kaitai.SpecValidFailRangeStr" runstate="Runnable" testcasecount="1" result="Passed" start-time="2023-07-27 22:38:26Z" end-time="2023-07-27 22:38:26Z" duration="0.003156" total="1" passed="1" failed="0" inconclusive="0" skipped="0" asserts="1">
        <test-case id="0-1423" name="TestValidFailRangeStr" fullname="Kaitai.SpecValidFailRangeStr.TestValidFailRangeStr" methodname="TestValidFailRangeStr" classname="Kaitai.SpecValidFailRangeStr" runstate="Runnable" seed="1593712683" result="Passed" start-time="2023-07-27 22:38:26Z" end-time="2023-07-27 22:38:26Z" duration="0.000620" asserts="1" />
      </test-suite>
      <test-suite type="TestFixture" id="0-1424" name="SpecValidLong" fullname="Kaitai.SpecValidLong" classname="Kaitai.SpecValidLong" runstate="Runnable" testcasecount="1" result="Passed" start-time="2023-07-27 22:38:26Z" end-time="2023-07-27 22:38:26Z" duration="0.004257" total="1" passed="1" failed="0" inconclusive="0" skipped="0" asserts="0">
        <test-case id="0-1425" name="TestValidLong" fullname="Kaitai.SpecValidLong.TestValidLong" methodname="TestValidLong" classname="Kaitai.SpecValidLong" runstate="Runnable" seed="1701987102" result="Passed" start-time="2023-07-27 22:38:26Z" end-time="2023-07-27 22:38:26Z" duration="0.001576" asserts="0" />
      </test-suite>
      <test-suite type="TestFixture" id="0-1426" name="SpecValidNotParsedIf" fullname="Kaitai.SpecValidNotParsedIf" classname="Kaitai.SpecValidNotParsedIf" runstate="Runnable" testcasecount="1" result="Passed" start-time="2023-07-27 22:38:26Z" end-time="2023-07-27 22:38:26Z" duration="0.003812" total="1" passed="1" failed="0" inconclusive="0" skipped="0" asserts="0">
        <test-case id="0-1427" name="TestValidNotParsedIf" fullname="Kaitai.SpecValidNotParsedIf.TestValidNotParsedIf" methodname="TestValidNotParsedIf" classname="Kaitai.SpecValidNotParsedIf" runstate="Runnable" seed="1942805498" result="Passed" start-time="2023-07-27 22:38:26Z" end-time="2023-07-27 22:38:26Z" duration="0.000933" asserts="0" />
      </test-suite>
      <test-suite type="TestFixture" id="0-1428" name="SpecValidOptionalId" fullname="Kaitai.SpecValidOptionalId" classname="Kaitai.SpecValidOptionalId" runstate="Runnable" testcasecount="1" result="Passed" start-time="2023-07-27 22:38:26Z" end-time="2023-07-27 22:38:26Z" duration="0.003343" total="1" passed="1" failed="0" inconclusive="0" skipped="0" asserts="0">
        <test-case id="0-1429" name="TestValidOptionalId" fullname="Kaitai.SpecValidOptionalId.TestValidOptionalId" methodname="TestValidOptionalId" classname="Kaitai.SpecValidOptionalId" runstate="Runnable" seed="2071129997" result="Passed" start-time="2023-07-27 22:38:26Z" end-time="2023-07-27 22:38:26Z" duration="0.000875" asserts="0" />
      </test-suite>
      <test-suite type="TestFixture" id="0-1430" name="SpecValidShort" fullname="Kaitai.SpecValidShort" classname="Kaitai.SpecValidShort" runstate="Runnable" testcasecount="1" result="Passed" start-time="2023-07-27 22:38:26Z" end-time="2023-07-27 22:38:26Z" duration="0.003634" total="1" passed="1" failed="0" inconclusive="0" skipped="0" asserts="0">
        <test-case id="0-1431" name="TestValidShort" fullname="Kaitai.SpecValidShort.TestValidShort" methodname="TestValidShort" classname="Kaitai.SpecValidShort" runstate="Runnable" seed="402351909" result="Passed" start-time="2023-07-27 22:38:26Z" end-time="2023-07-27 22:38:26Z" duration="0.001085" asserts="0" />
      </test-suite>
      <test-suite type="TestFixture" id="0-1432" name="SpecValidSwitch" fullname="Kaitai.SpecValidSwitch" classname="Kaitai.SpecValidSwitch" runstate="Runnable" testcasecount="1" result="Passed" start-time="2023-07-27 22:38:26Z" end-time="2023-07-27 22:38:26Z" duration="0.003019" total="1" passed="1" failed="0" inconclusive="0" skipped="0" asserts="0">
        <test-case id="0-1433" name="TestValidSwitch" fullname="Kaitai.SpecValidSwitch.TestValidSwitch" methodname="TestValidSwitch" classname="Kaitai.SpecValidSwitch" runstate="Runnable" seed="1497040634" result="Passed" start-time="2023-07-27 22:38:26Z" end-time="2023-07-27 22:38:26Z" duration="0.000592" asserts="0" />
      </test-suite>
      <test-suite type="TestFixture" id="0-1434" name="SpecZlibSurrounded" fullname="Kaitai.SpecZlibSurrounded" classname="Kaitai.SpecZlibSurrounded" runstate="Runnable" testcasecount="1" result="Passed" start-time="2023-07-27 22:38:26Z" end-time="2023-07-27 22:38:26Z" duration="0.010381" total="1" passed="1" failed="0" inconclusive="0" skipped="0" asserts="1">
        <test-case id="0-1435" name="TestZlibSurrounded" fullname="Kaitai.SpecZlibSurrounded.TestZlibSurrounded" methodname="TestZlibSurrounded" classname="Kaitai.SpecZlibSurrounded" runstate="Runnable" seed="879569819" result="Passed" start-time="2023-07-27 22:38:26Z" end-time="2023-07-27 22:38:26Z" duration="0.007749" asserts="1" />
      </test-suite>
      <test-suite type="TestFixture" id="0-1436" name="SpecZlibWithHeader78" fullname="Kaitai.SpecZlibWithHeader78" classname="Kaitai.SpecZlibWithHeader78" runstate="Runnable" testcasecount="1" result="Passed" start-time="2023-07-27 22:38:26Z" end-time="2023-07-27 22:38:26Z" duration="0.003075" total="1" passed="1" failed="0" inconclusive="0" skipped="0" asserts="1">
        <test-case id="0-1437" name="TestZlibWithHeader78" fullname="Kaitai.SpecZlibWithHeader78.TestZlibWithHeader78" methodname="TestZlibWithHeader78" classname="Kaitai.SpecZlibWithHeader78" runstate="Runnable" seed="510377420" result="Passed" start-time="2023-07-27 22:38:26Z" end-time="2023-07-27 22:38:26Z" duration="0.000561" asserts="1" />
      </test-suite>
    </test-suite>
  </test-suite>
</test-run>