<?xml version="1.0" encoding="utf-8" standalone="no"?>
<test-run id="2" testcasecount="237" result="Failed" total="237" passed="236" failed="1" inconclusive="0" skipped="0" asserts="1079" engine-version="3.4.1.0" clr-version="4.0.30319.42000" start-time="2024-07-13 00:27:41Z" end-time="2024-07-13 00:27:57Z" duration="15.116871">
  <command-line><![CDATA[C:\Users\runneradmin\.nuget\packages\nunit.consolerunner\3.4.1\tools\nunit3-console.exe --result=test_out/csharp/TestResult.xml spec/csharp/kaitai_struct_csharp_tests_netframework/bin/Debug/kaitai_struct_csharp_tests.dll]]></command-line>
  <test-suite type="Assembly" id="0-1474" name="kaitai_struct_csharp_tests.dll" fullname="D:\a\ci_targets\ci_targets\tests\spec\csharp\kaitai_struct_csharp_tests_netframework\bin\Debug\kaitai_struct_csharp_tests.dll" runstate="Runnable" testcasecount="237" result="Failed" site="Child" start-time="2024-07-13 00:27:41Z" end-time="2024-07-13 00:27:56Z" duration="15.036620" total="237" passed="236" failed="1" inconclusive="0" skipped="0" asserts="1079">
    <environment framework-version="3.4.1.0" clr-version="4.0.30319.42000" os-version="Microsoft Windows NT 10.0.20348.0" platform="Win32NT" cwd="D:\a\ci_targets\ci_targets\tests" machine-name="fv-az1495-750" user="runneradmin" user-domain="fv-az1495-750" culture="en-US" uiculture="en-US" os-architecture="x64" />
    <settings>
      <setting name="WorkDirectory" value="D:\a\ci_targets\ci_targets\tests" />
      <setting name="ImageRuntimeVersion" value="4.0.30319" />
      <setting name="ImageTargetFrameworkName" value=".NETFramework,Version=v4.8" />
      <setting name="ImageRequiresX86" value="False" />
      <setting name="ImageRequiresDefaultAppDomainAssemblyResolver" value="False" />
      <setting name="NumberOfTestWorkers" value="4" />
    </settings>
    <properties>
      <property name="_PID" value="6928" />
      <property name="_APPDOMAIN" value="test-domain-" />
    </properties>
    <failure>
      <message><![CDATA[One or more child tests had errors]]></message>
    </failure>
    <test-suite type="TestSuite" id="0-1475" name="Kaitai" fullname="Kaitai" runstate="Runnable" testcasecount="237" result="Failed" site="Child" start-time="2024-07-13 00:27:42Z" end-time="2024-07-13 00:27:56Z" duration="14.974577" total="237" passed="236" failed="1" inconclusive="0" skipped="0" asserts="1079">
      <failure>
        <message><![CDATA[One or more child tests had errors]]></message>
      </failure>
      <test-suite type="TestFixture" id="0-1000" name="SpecBcdUserTypeBe" fullname="Kaitai.SpecBcdUserTypeBe" classname="Kaitai.SpecBcdUserTypeBe" runstate="Runnable" testcasecount="1" result="Passed" start-time="2024-07-13 00:27:42Z" end-time="2024-07-13 00:27:42Z" duration="0.049889" total="1" passed="1" failed="0" inconclusive="0" skipped="0" asserts="6">
        <test-case id="0-1001" name="TestBcdUserTypeBe" fullname="Kaitai.SpecBcdUserTypeBe.TestBcdUserTypeBe" methodname="TestBcdUserTypeBe" classname="Kaitai.SpecBcdUserTypeBe" runstate="Runnable" seed="786058868" result="Passed" start-time="2024-07-13 00:27:42Z" end-time="2024-07-13 00:27:42Z" duration="0.015754" asserts="6" />
      </test-suite>
      <test-suite type="TestFixture" id="0-1002" name="SpecBcdUserTypeLe" fullname="Kaitai.SpecBcdUserTypeLe" classname="Kaitai.SpecBcdUserTypeLe" runstate="Runnable" testcasecount="1" result="Passed" start-time="2024-07-13 00:27:42Z" end-time="2024-07-13 00:27:42Z" duration="0.031265" total="1" passed="1" failed="0" inconclusive="0" skipped="0" asserts="6">
        <test-case id="0-1003" name="TestBcdUserTypeLe" fullname="Kaitai.SpecBcdUserTypeLe.TestBcdUserTypeLe" methodname="TestBcdUserTypeLe" classname="Kaitai.SpecBcdUserTypeLe" runstate="Runnable" seed="616502965" result="Passed" start-time="2024-07-13 00:27:42Z" end-time="2024-07-13 00:27:42Z" duration="0.004055" asserts="6" />
      </test-suite>
      <test-suite type="TestFixture" id="0-1004" name="SpecBitsByteAligned" fullname="Kaitai.SpecBitsByteAligned" classname="Kaitai.SpecBitsByteAligned" runstate="Runnable" testcasecount="1" result="Passed" start-time="2024-07-13 00:27:42Z" end-time="2024-07-13 00:27:42Z" duration="0.031272" total="1" passed="1" failed="0" inconclusive="0" skipped="0" asserts="9">
        <test-case id="0-1005" name="TestBitsByteAligned" fullname="Kaitai.SpecBitsByteAligned.TestBitsByteAligned" methodname="TestBitsByteAligned" classname="Kaitai.SpecBitsByteAligned" runstate="Runnable" seed="271632629" result="Passed" start-time="2024-07-13 00:27:42Z" end-time="2024-07-13 00:27:42Z" duration="0.003901" asserts="9" />
      </test-suite>
      <test-suite type="TestFixture" id="0-1006" name="SpecBitsEnum" fullname="Kaitai.SpecBitsEnum" classname="Kaitai.SpecBitsEnum" runstate="Runnable" testcasecount="1" result="Passed" start-time="2024-07-13 00:27:42Z" end-time="2024-07-13 00:27:42Z" duration="0.031244" total="1" passed="1" failed="0" inconclusive="0" skipped="0" asserts="3">
        <test-case id="0-1007" name="TestBitsEnum" fullname="Kaitai.SpecBitsEnum.TestBitsEnum" methodname="TestBitsEnum" classname="Kaitai.SpecBitsEnum" runstate="Runnable" seed="288455949" result="Passed" start-time="2024-07-13 00:27:42Z" end-time="2024-07-13 00:27:42Z" duration="0.000702" asserts="3" />
      </test-suite>
      <test-suite type="TestFixture" id="0-1008" name="SpecBitsSeqEndianCombo" fullname="Kaitai.SpecBitsSeqEndianCombo" classname="Kaitai.SpecBitsSeqEndianCombo" runstate="Runnable" testcasecount="1" result="Passed" start-time="2024-07-13 00:27:42Z" end-time="2024-07-13 00:27:42Z" duration="0.031285" total="1" passed="1" failed="0" inconclusive="0" skipped="0" asserts="8">
        <test-case id="0-1009" name="TestBitsSeqEndianCombo" fullname="Kaitai.SpecBitsSeqEndianCombo.TestBitsSeqEndianCombo" methodname="TestBitsSeqEndianCombo" classname="Kaitai.SpecBitsSeqEndianCombo" runstate="Runnable" seed="328362547" result="Passed" start-time="2024-07-13 00:27:42Z" end-time="2024-07-13 00:27:42Z" duration="0.001353" asserts="8" />
      </test-suite>
      <test-suite type="TestFixture" id="0-1010" name="SpecBitsShiftByB32Le" fullname="Kaitai.SpecBitsShiftByB32Le" classname="Kaitai.SpecBitsShiftByB32Le" runstate="Runnable" testcasecount="1" result="Passed" start-time="2024-07-13 00:27:42Z" end-time="2024-07-13 00:27:42Z" duration="0.031291" total="1" passed="1" failed="0" inconclusive="0" skipped="0" asserts="2">
        <test-case id="0-1011" name="TestBitsShiftByB32Le" fullname="Kaitai.SpecBitsShiftByB32Le.TestBitsShiftByB32Le" methodname="TestBitsShiftByB32Le" classname="Kaitai.SpecBitsShiftByB32Le" runstate="Runnable" seed="1151986855" result="Passed" start-time="2024-07-13 00:27:42Z" end-time="2024-07-13 00:27:42Z" duration="0.000667" asserts="2" />
      </test-suite>
      <test-suite type="TestFixture" id="0-1012" name="SpecBitsShiftByB64Le" fullname="Kaitai.SpecBitsShiftByB64Le" classname="Kaitai.SpecBitsShiftByB64Le" runstate="Runnable" testcasecount="1" result="Passed" start-time="2024-07-13 00:27:42Z" end-time="2024-07-13 00:27:42Z" duration="0.031554" total="1" passed="1" failed="0" inconclusive="0" skipped="0" asserts="2">
        <test-case id="0-1013" name="TestBitsShiftByB64Le" fullname="Kaitai.SpecBitsShiftByB64Le.TestBitsShiftByB64Le" methodname="TestBitsShiftByB64Le" classname="Kaitai.SpecBitsShiftByB64Le" runstate="Runnable" seed="544977093" result="Passed" start-time="2024-07-13 00:27:42Z" end-time="2024-07-13 00:27:42Z" duration="0.001383" asserts="2" />
      </test-suite>
      <test-suite type="TestFixture" id="0-1014" name="SpecBitsSignedResB32Be" fullname="Kaitai.SpecBitsSignedResB32Be" classname="Kaitai.SpecBitsSignedResB32Be" runstate="Runnable" testcasecount="1" result="Passed" start-time="2024-07-13 00:27:42Z" end-time="2024-07-13 00:27:42Z" duration="0.031270" total="1" passed="1" failed="0" inconclusive="0" skipped="0" asserts="1">
        <test-case id="0-1015" name="TestBitsSignedResB32Be" fullname="Kaitai.SpecBitsSignedResB32Be.TestBitsSignedResB32Be" methodname="TestBitsSignedResB32Be" classname="Kaitai.SpecBitsSignedResB32Be" runstate="Runnable" seed="1695113977" result="Passed" start-time="2024-07-13 00:27:42Z" end-time="2024-07-13 00:27:42Z" duration="0.000590" asserts="1" />
      </test-suite>
      <test-suite type="TestFixture" id="0-1016" name="SpecBitsSignedResB32Le" fullname="Kaitai.SpecBitsSignedResB32Le" classname="Kaitai.SpecBitsSignedResB32Le" runstate="Runnable" testcasecount="1" result="Passed" start-time="2024-07-13 00:27:42Z" end-time="2024-07-13 00:27:42Z" duration="0.031257" total="1" passed="1" failed="0" inconclusive="0" skipped="0" asserts="1">
        <test-case id="0-1017" name="TestBitsSignedResB32Le" fullname="Kaitai.SpecBitsSignedResB32Le.TestBitsSignedResB32Le" methodname="TestBitsSignedResB32Le" classname="Kaitai.SpecBitsSignedResB32Le" runstate="Runnable" seed="18993880" result="Passed" start-time="2024-07-13 00:27:42Z" end-time="2024-07-13 00:27:42Z" duration="0.000695" asserts="1" />
      </test-suite>
      <test-suite type="TestFixture" id="0-1018" name="SpecBitsSignedShiftB32Le" fullname="Kaitai.SpecBitsSignedShiftB32Le" classname="Kaitai.SpecBitsSignedShiftB32Le" runstate="Runnable" testcasecount="1" result="Passed" start-time="2024-07-13 00:27:42Z" end-time="2024-07-13 00:27:42Z" duration="0.031321" total="1" passed="1" failed="0" inconclusive="0" skipped="0" asserts="2">
        <test-case id="0-1019" name="TestBitsSignedShiftB32Le" fullname="Kaitai.SpecBitsSignedShiftB32Le.TestBitsSignedShiftB32Le" methodname="TestBitsSignedShiftB32Le" classname="Kaitai.SpecBitsSignedShiftB32Le" runstate="Runnable" seed="38205528" result="Passed" start-time="2024-07-13 00:27:42Z" end-time="2024-07-13 00:27:42Z" duration="0.000663" asserts="2" />
      </test-suite>
      <test-suite type="TestFixture" id="0-1020" name="SpecBitsSignedShiftB64Le" fullname="Kaitai.SpecBitsSignedShiftB64Le" classname="Kaitai.SpecBitsSignedShiftB64Le" runstate="Runnable" testcasecount="1" result="Passed" start-time="2024-07-13 00:27:42Z" end-time="2024-07-13 00:27:42Z" duration="0.031294" total="1" passed="1" failed="0" inconclusive="0" skipped="0" asserts="2">
        <test-case id="0-1021" name="TestBitsSignedShiftB64Le" fullname="Kaitai.SpecBitsSignedShiftB64Le.TestBitsSignedShiftB64Le" methodname="TestBitsSignedShiftB64Le" classname="Kaitai.SpecBitsSignedShiftB64Le" runstate="Runnable" seed="1463920775" result="Passed" start-time="2024-07-13 00:27:42Z" end-time="2024-07-13 00:27:42Z" duration="0.000760" asserts="2" />
      </test-suite>
      <test-suite type="TestFixture" id="0-1022" name="SpecBitsSimple" fullname="Kaitai.SpecBitsSimple" classname="Kaitai.SpecBitsSimple" runstate="Runnable" testcasecount="1" result="Passed" start-time="2024-07-13 00:27:42Z" end-time="2024-07-13 00:27:42Z" duration="0.031273" total="1" passed="1" failed="0" inconclusive="0" skipped="0" asserts="14">
        <test-case id="0-1023" name="TestBitsSimple" fullname="Kaitai.SpecBitsSimple.TestBitsSimple" methodname="TestBitsSimple" classname="Kaitai.SpecBitsSimple" runstate="Runnable" seed="105423943" result="Passed" start-time="2024-07-13 00:27:42Z" end-time="2024-07-13 00:27:42Z" duration="0.001873" asserts="14" />
      </test-suite>
      <test-suite type="TestFixture" id="0-1024" name="SpecBitsSimpleLe" fullname="Kaitai.SpecBitsSimpleLe" classname="Kaitai.SpecBitsSimpleLe" runstate="Runnable" testcasecount="1" result="Passed" start-time="2024-07-13 00:27:42Z" end-time="2024-07-13 00:27:42Z" duration="0.031260" total="1" passed="1" failed="0" inconclusive="0" skipped="0" asserts="14">
        <test-case id="0-1025" name="TestBitsSimpleLe" fullname="Kaitai.SpecBitsSimpleLe.TestBitsSimpleLe" methodname="TestBitsSimpleLe" classname="Kaitai.SpecBitsSimpleLe" runstate="Runnable" seed="1657937220" result="Passed" start-time="2024-07-13 00:27:42Z" end-time="2024-07-13 00:27:42Z" duration="0.001425" asserts="14" />
      </test-suite>
      <test-suite type="TestFixture" id="0-1026" name="SpecBitsUnalignedB32Be" fullname="Kaitai.SpecBitsUnalignedB32Be" classname="Kaitai.SpecBitsUnalignedB32Be" runstate="Runnable" testcasecount="1" result="Passed" start-time="2024-07-13 00:27:42Z" end-time="2024-07-13 00:27:42Z" duration="0.031257" total="1" passed="1" failed="0" inconclusive="0" skipped="0" asserts="3">
        <test-case id="0-1027" name="TestBitsUnalignedB32Be" fullname="Kaitai.SpecBitsUnalignedB32Be.TestBitsUnalignedB32Be" methodname="TestBitsUnalignedB32Be" classname="Kaitai.SpecBitsUnalignedB32Be" runstate="Runnable" seed="521619718" result="Passed" start-time="2024-07-13 00:27:42Z" end-time="2024-07-13 00:27:42Z" duration="0.000661" asserts="3" />
      </test-suite>
      <test-suite type="TestFixture" id="0-1028" name="SpecBitsUnalignedB32Le" fullname="Kaitai.SpecBitsUnalignedB32Le" classname="Kaitai.SpecBitsUnalignedB32Le" runstate="Runnable" testcasecount="1" result="Passed" start-time="2024-07-13 00:27:42Z" end-time="2024-07-13 00:27:42Z" duration="0.031250" total="1" passed="1" failed="0" inconclusive="0" skipped="0" asserts="3">
        <test-case id="0-1029" name="TestBitsUnalignedB32Le" fullname="Kaitai.SpecBitsUnalignedB32Le.TestBitsUnalignedB32Le" methodname="TestBitsUnalignedB32Le" classname="Kaitai.SpecBitsUnalignedB32Le" runstate="Runnable" seed="953487603" result="Passed" start-time="2024-07-13 00:27:42Z" end-time="2024-07-13 00:27:42Z" duration="0.000729" asserts="3" />
      </test-suite>
      <test-suite type="TestFixture" id="0-1030" name="SpecBitsUnalignedB64Be" fullname="Kaitai.SpecBitsUnalignedB64Be" classname="Kaitai.SpecBitsUnalignedB64Be" runstate="Runnable" testcasecount="1" result="Passed" start-time="2024-07-13 00:27:42Z" end-time="2024-07-13 00:27:43Z" duration="0.031262" total="1" passed="1" failed="0" inconclusive="0" skipped="0" asserts="3">
        <test-case id="0-1031" name="TestBitsUnalignedB64Be" fullname="Kaitai.SpecBitsUnalignedB64Be.TestBitsUnalignedB64Be" methodname="TestBitsUnalignedB64Be" classname="Kaitai.SpecBitsUnalignedB64Be" runstate="Runnable" seed="845818757" result="Passed" start-time="2024-07-13 00:27:42Z" end-time="2024-07-13 00:27:42Z" duration="0.000696" asserts="3" />
      </test-suite>
      <test-suite type="TestFixture" id="0-1032" name="SpecBitsUnalignedB64Le" fullname="Kaitai.SpecBitsUnalignedB64Le" classname="Kaitai.SpecBitsUnalignedB64Le" runstate="Runnable" testcasecount="1" result="Passed" start-time="2024-07-13 00:27:43Z" end-time="2024-07-13 00:27:43Z" duration="0.031265" total="1" passed="1" failed="0" inconclusive="0" skipped="0" asserts="3">
        <test-case id="0-1033" name="TestBitsUnalignedB64Le" fullname="Kaitai.SpecBitsUnalignedB64Le.TestBitsUnalignedB64Le" methodname="TestBitsUnalignedB64Le" classname="Kaitai.SpecBitsUnalignedB64Le" runstate="Runnable" seed="729377747" result="Passed" start-time="2024-07-13 00:27:43Z" end-time="2024-07-13 00:27:43Z" duration="0.000759" asserts="3" />
      </test-suite>
      <test-suite type="TestFixture" id="0-1034" name="SpecBufferedStruct" fullname="Kaitai.SpecBufferedStruct" classname="Kaitai.SpecBufferedStruct" runstate="Runnable" testcasecount="1" result="Passed" start-time="2024-07-13 00:27:43Z" end-time="2024-07-13 00:27:43Z" duration="0.031259" total="1" passed="1" failed="0" inconclusive="0" skipped="0" asserts="7">
        <test-case id="0-1035" name="TestBufferedStruct" fullname="Kaitai.SpecBufferedStruct.TestBufferedStruct" methodname="TestBufferedStruct" classname="Kaitai.SpecBufferedStruct" runstate="Runnable" seed="1289412933" result="Passed" start-time="2024-07-13 00:27:43Z" end-time="2024-07-13 00:27:43Z" duration="0.001744" asserts="7" />
      </test-suite>
      <test-suite type="TestFixture" id="0-1036" name="SpecBytesPadTerm" fullname="Kaitai.SpecBytesPadTerm" classname="Kaitai.SpecBytesPadTerm" runstate="Runnable" testcasecount="1" result="Passed" start-time="2024-07-13 00:27:43Z" end-time="2024-07-13 00:27:43Z" duration="0.031265" total="1" passed="1" failed="0" inconclusive="0" skipped="0" asserts="4">
        <test-case id="0-1037" name="TestBytesPadTerm" fullname="Kaitai.SpecBytesPadTerm.TestBytesPadTerm" methodname="TestBytesPadTerm" classname="Kaitai.SpecBytesPadTerm" runstate="Runnable" seed="2085934985" result="Passed" start-time="2024-07-13 00:27:43Z" end-time="2024-07-13 00:27:43Z" duration="0.001104" asserts="4" />
      </test-suite>
      <test-suite type="TestFixture" id="0-1038" name="SpecCastNested" fullname="Kaitai.SpecCastNested" classname="Kaitai.SpecCastNested" runstate="Runnable" testcasecount="1" result="Passed" start-time="2024-07-13 00:27:43Z" end-time="2024-07-13 00:27:43Z" duration="0.031267" total="1" passed="1" failed="0" inconclusive="0" skipped="0" asserts="4">
        <test-case id="0-1039" name="TestCastNested" fullname="Kaitai.SpecCastNested.TestCastNested" methodname="TestCastNested" classname="Kaitai.SpecCastNested" runstate="Runnable" seed="538542572" result="Passed" start-time="2024-07-13 00:27:43Z" end-time="2024-07-13 00:27:43Z" duration="0.002281" asserts="4" />
      </test-suite>
      <test-suite type="TestFixture" id="0-1040" name="SpecCastToTop" fullname="Kaitai.SpecCastToTop" classname="Kaitai.SpecCastToTop" runstate="Runnable" testcasecount="1" result="Passed" start-time="2024-07-13 00:27:43Z" end-time="2024-07-13 00:27:43Z" duration="0.031252" total="1" passed="1" failed="0" inconclusive="0" skipped="0" asserts="3">
        <test-case id="0-1041" name="TestCastToTop" fullname="Kaitai.SpecCastToTop.TestCastToTop" methodname="TestCastToTop" classname="Kaitai.SpecCastToTop" runstate="Runnable" seed="1296873258" result="Passed" start-time="2024-07-13 00:27:43Z" end-time="2024-07-13 00:27:43Z" duration="0.001109" asserts="3" />
      </test-suite>
      <test-suite type="TestFixture" id="0-1042" name="SpecCombineBool" fullname="Kaitai.SpecCombineBool" classname="Kaitai.SpecCombineBool" runstate="Runnable" testcasecount="1" result="Passed" start-time="2024-07-13 00:27:43Z" end-time="2024-07-13 00:27:43Z" duration="0.031264" total="1" passed="1" failed="0" inconclusive="0" skipped="0" asserts="2">
        <test-case id="0-1043" name="TestCombineBool" fullname="Kaitai.SpecCombineBool.TestCombineBool" methodname="TestCombineBool" classname="Kaitai.SpecCombineBool" runstate="Runnable" seed="33130270" result="Passed" start-time="2024-07-13 00:27:43Z" end-time="2024-07-13 00:27:43Z" duration="0.000750" asserts="2" />
      </test-suite>
      <test-suite type="TestFixture" id="0-1044" name="SpecCombineBytes" fullname="Kaitai.SpecCombineBytes" classname="Kaitai.SpecCombineBytes" runstate="Runnable" testcasecount="1" result="Passed" start-time="2024-07-13 00:27:43Z" end-time="2024-07-13 00:27:43Z" duration="0.031336" total="1" passed="1" failed="0" inconclusive="0" skipped="0" asserts="10">
        <test-case id="0-1045" name="TestCombineBytes" fullname="Kaitai.SpecCombineBytes.TestCombineBytes" methodname="TestCombineBytes" classname="Kaitai.SpecCombineBytes" runstate="Runnable" seed="2062001080" result="Passed" start-time="2024-07-13 00:27:43Z" end-time="2024-07-13 00:27:43Z" duration="0.001560" asserts="10" />
      </test-suite>
      <test-suite type="TestFixture" id="0-1046" name="SpecCombineEnum" fullname="Kaitai.SpecCombineEnum" classname="Kaitai.SpecCombineEnum" runstate="Runnable" testcasecount="1" result="Passed" start-time="2024-07-13 00:27:43Z" end-time="2024-07-13 00:27:43Z" duration="0.031251" total="1" passed="1" failed="0" inconclusive="0" skipped="0" asserts="3">
        <test-case id="0-1047" name="TestCombineEnum" fullname="Kaitai.SpecCombineEnum.TestCombineEnum" methodname="TestCombineEnum" classname="Kaitai.SpecCombineEnum" runstate="Runnable" seed="1651221863" result="Passed" start-time="2024-07-13 00:27:43Z" end-time="2024-07-13 00:27:43Z" duration="0.000771" asserts="3" />
      </test-suite>
      <test-suite type="TestFixture" id="0-1048" name="SpecCombineStr" fullname="Kaitai.SpecCombineStr" classname="Kaitai.SpecCombineStr" runstate="Runnable" testcasecount="1" result="Passed" start-time="2024-07-13 00:27:43Z" end-time="2024-07-13 00:27:43Z" duration="0.031263" total="1" passed="1" failed="0" inconclusive="0" skipped="0" asserts="15">
        <test-case id="0-1049" name="TestCombineStr" fullname="Kaitai.SpecCombineStr.TestCombineStr" methodname="TestCombineStr" classname="Kaitai.SpecCombineStr" runstate="Runnable" seed="1597069660" result="Passed" start-time="2024-07-13 00:27:43Z" end-time="2024-07-13 00:27:43Z" duration="0.001635" asserts="15" />
      </test-suite>
      <test-suite type="TestFixture" id="0-1050" name="SpecDebug0" fullname="Kaitai.SpecDebug0" classname="Kaitai.SpecDebug0" runstate="Runnable" testcasecount="1" result="Passed" start-time="2024-07-13 00:27:43Z" end-time="2024-07-13 00:27:43Z" duration="0.031312" total="1" passed="1" failed="0" inconclusive="0" skipped="0" asserts="0">
        <test-case id="0-1051" name="TestDebug0" fullname="Kaitai.SpecDebug0.TestDebug0" methodname="TestDebug0" classname="Kaitai.SpecDebug0" runstate="Runnable" seed="1697263484" result="Passed" start-time="2024-07-13 00:27:43Z" end-time="2024-07-13 00:27:43Z" duration="0.000139" asserts="0" />
      </test-suite>
      <test-suite type="TestFixture" id="0-1052" name="SpecDebugArrayUser" fullname="Kaitai.SpecDebugArrayUser" classname="Kaitai.SpecDebugArrayUser" runstate="Runnable" testcasecount="1" result="Passed" start-time="2024-07-13 00:27:43Z" end-time="2024-07-13 00:27:43Z" duration="0.031261" total="1" passed="1" failed="0" inconclusive="0" skipped="0" asserts="4">
        <test-case id="0-1053" name="TestDebugArrayUser" fullname="Kaitai.SpecDebugArrayUser.TestDebugArrayUser" methodname="TestDebugArrayUser" classname="Kaitai.SpecDebugArrayUser" runstate="Runnable" seed="145095945" result="Passed" start-time="2024-07-13 00:27:43Z" end-time="2024-07-13 00:27:43Z" duration="0.001207" asserts="4" />
      </test-suite>
      <test-suite type="TestFixture" id="0-1054" name="SpecDebugEnumName" fullname="Kaitai.SpecDebugEnumName" classname="Kaitai.SpecDebugEnumName" runstate="Runnable" testcasecount="1" result="Passed" start-time="2024-07-13 00:27:43Z" end-time="2024-07-13 00:27:43Z" duration="0.031272" total="1" passed="1" failed="0" inconclusive="0" skipped="0" asserts="0">
        <test-case id="0-1055" name="TestDebugEnumName" fullname="Kaitai.SpecDebugEnumName.TestDebugEnumName" methodname="TestDebugEnumName" classname="Kaitai.SpecDebugEnumName" runstate="Runnable" seed="232290183" result="Passed" start-time="2024-07-13 00:27:43Z" end-time="2024-07-13 00:27:43Z" duration="0.000115" asserts="0" />
      </test-suite>
      <test-suite type="TestFixture" id="0-1056" name="SpecDebugSwitchUser" fullname="Kaitai.SpecDebugSwitchUser" classname="Kaitai.SpecDebugSwitchUser" runstate="Runnable" testcasecount="1" result="Passed" start-time="2024-07-13 00:27:43Z" end-time="2024-07-13 00:27:43Z" duration="0.031257" total="1" passed="1" failed="0" inconclusive="0" skipped="0" asserts="2">
        <test-case id="0-1057" name="TestDebugSwitchUser" fullname="Kaitai.SpecDebugSwitchUser.TestDebugSwitchUser" methodname="TestDebugSwitchUser" classname="Kaitai.SpecDebugSwitchUser" runstate="Runnable" seed="168471097" result="Passed" start-time="2024-07-13 00:27:43Z" end-time="2024-07-13 00:27:43Z" duration="0.001027" asserts="2" />
      </test-suite>
      <test-suite type="TestFixture" id="0-1058" name="SpecDefaultBigEndian" fullname="Kaitai.SpecDefaultBigEndian" classname="Kaitai.SpecDefaultBigEndian" runstate="Runnable" testcasecount="1" result="Passed" start-time="2024-07-13 00:27:43Z" end-time="2024-07-13 00:27:43Z" duration="0.031209" total="1" passed="1" failed="0" inconclusive="0" skipped="0" asserts="1">
        <test-case id="0-1059" name="TestDefaultBigEndian" fullname="Kaitai.SpecDefaultBigEndian.TestDefaultBigEndian" methodname="TestDefaultBigEndian" classname="Kaitai.SpecDefaultBigEndian" runstate="Runnable" seed="585662399" result="Passed" start-time="2024-07-13 00:27:43Z" end-time="2024-07-13 00:27:43Z" duration="0.000623" asserts="1" />
      </test-suite>
      <test-suite type="TestFixture" id="0-1060" name="SpecDefaultBitEndianMod" fullname="Kaitai.SpecDefaultBitEndianMod" classname="Kaitai.SpecDefaultBitEndianMod" runstate="Runnable" testcasecount="1" result="Passed" start-time="2024-07-13 00:27:43Z" end-time="2024-07-13 00:27:43Z" duration="0.031254" total="1" passed="1" failed="0" inconclusive="0" skipped="0" asserts="4">
        <test-case id="0-1061" name="TestDefaultBitEndianMod" fullname="Kaitai.SpecDefaultBitEndianMod.TestDefaultBitEndianMod" methodname="TestDefaultBitEndianMod" classname="Kaitai.SpecDefaultBitEndianMod" runstate="Runnable" seed="144542462" result="Passed" start-time="2024-07-13 00:27:43Z" end-time="2024-07-13 00:27:43Z" duration="0.001151" asserts="4" />
      </test-suite>
      <test-suite type="TestFixture" id="0-1062" name="SpecDefaultEndianExprException" fullname="Kaitai.SpecDefaultEndianExprException" classname="Kaitai.SpecDefaultEndianExprException" runstate="Runnable" testcasecount="1" result="Passed" start-time="2024-07-13 00:27:43Z" end-time="2024-07-13 00:27:44Z" duration="0.031446" total="1" passed="1" failed="0" inconclusive="0" skipped="0" asserts="1">
        <test-case id="0-1063" name="TestDefaultEndianExprException" fullname="Kaitai.SpecDefaultEndianExprException.TestDefaultEndianExprException" methodname="TestDefaultEndianExprException" classname="Kaitai.SpecDefaultEndianExprException" runstate="Runnable" seed="1572271900" result="Passed" start-time="2024-07-13 00:27:43Z" end-time="2024-07-13 00:27:43Z" duration="0.006874" asserts="1" />
      </test-suite>
      <test-suite type="TestFixture" id="0-1064" name="SpecDefaultEndianExprInherited" fullname="Kaitai.SpecDefaultEndianExprInherited" classname="Kaitai.SpecDefaultEndianExprInherited" runstate="Runnable" testcasecount="1" result="Passed" start-time="2024-07-13 00:27:44Z" end-time="2024-07-13 00:27:44Z" duration="0.031249" total="1" passed="1" failed="0" inconclusive="0" skipped="0" asserts="15">
        <test-case id="0-1065" name="TestDefaultEndianExprInherited" fullname="Kaitai.SpecDefaultEndianExprInherited.TestDefaultEndianExprInherited" methodname="TestDefaultEndianExprInherited" classname="Kaitai.SpecDefaultEndianExprInherited" runstate="Runnable" seed="1828708452" result="Passed" start-time="2024-07-13 00:27:44Z" end-time="2024-07-13 00:27:44Z" duration="0.002925" asserts="15" />
      </test-suite>
      <test-suite type="TestFixture" id="0-1066" name="SpecDefaultEndianExprIsBe" fullname="Kaitai.SpecDefaultEndianExprIsBe" classname="Kaitai.SpecDefaultEndianExprIsBe" runstate="Runnable" testcasecount="1" result="Passed" start-time="2024-07-13 00:27:44Z" end-time="2024-07-13 00:27:44Z" duration="0.031248" total="1" passed="1" failed="0" inconclusive="0" skipped="0" asserts="18">
        <test-case id="0-1067" name="TestDefaultEndianExprIsBe" fullname="Kaitai.SpecDefaultEndianExprIsBe.TestDefaultEndianExprIsBe" methodname="TestDefaultEndianExprIsBe" classname="Kaitai.SpecDefaultEndianExprIsBe" runstate="Runnable" seed="176092693" result="Passed" start-time="2024-07-13 00:27:44Z" end-time="2024-07-13 00:27:44Z" duration="0.002676" asserts="18" />
      </test-suite>
      <test-suite type="TestFixture" id="0-1068" name="SpecDefaultEndianExprIsLe" fullname="Kaitai.SpecDefaultEndianExprIsLe" classname="Kaitai.SpecDefaultEndianExprIsLe" runstate="Runnable" testcasecount="1" result="Passed" start-time="2024-07-13 00:27:44Z" end-time="2024-07-13 00:27:44Z" duration="0.031258" total="1" passed="1" failed="0" inconclusive="0" skipped="0" asserts="12">
        <test-case id="0-1069" name="TestDefaultEndianExprIsLe" fullname="Kaitai.SpecDefaultEndianExprIsLe.TestDefaultEndianExprIsLe" methodname="TestDefaultEndianExprIsLe" classname="Kaitai.SpecDefaultEndianExprIsLe" runstate="Runnable" seed="1864854050" result="Passed" start-time="2024-07-13 00:27:44Z" end-time="2024-07-13 00:27:44Z" duration="0.001966" asserts="12" />
      </test-suite>
      <test-suite type="TestFixture" id="0-1070" name="SpecDefaultEndianMod" fullname="Kaitai.SpecDefaultEndianMod" classname="Kaitai.SpecDefaultEndianMod" runstate="Runnable" testcasecount="1" result="Passed" start-time="2024-07-13 00:27:44Z" end-time="2024-07-13 00:27:44Z" duration="0.031255" total="1" passed="1" failed="0" inconclusive="0" skipped="0" asserts="3">
        <test-case id="0-1071" name="TestDefaultEndianMod" fullname="Kaitai.SpecDefaultEndianMod.TestDefaultEndianMod" methodname="TestDefaultEndianMod" classname="Kaitai.SpecDefaultEndianMod" runstate="Runnable" seed="687791758" result="Passed" start-time="2024-07-13 00:27:44Z" end-time="2024-07-13 00:27:44Z" duration="0.001210" asserts="3" />
      </test-suite>
      <test-suite type="TestFixture" id="0-1072" name="SpecDocstrings" fullname="Kaitai.SpecDocstrings" classname="Kaitai.SpecDocstrings" runstate="Runnable" testcasecount="1" result="Passed" start-time="2024-07-13 00:27:44Z" end-time="2024-07-13 00:27:44Z" duration="0.031271" total="1" passed="1" failed="0" inconclusive="0" skipped="0" asserts="0">
        <test-case id="0-1073" name="TestDocstrings" fullname="Kaitai.SpecDocstrings.TestDocstrings" methodname="TestDocstrings" classname="Kaitai.SpecDocstrings" runstate="Runnable" seed="558580665" result="Passed" start-time="2024-07-13 00:27:44Z" end-time="2024-07-13 00:27:44Z" duration="0.000567" asserts="0" />
      </test-suite>
      <test-suite type="TestFixture" id="0-1074" name="SpecDocstringsDocref" fullname="Kaitai.SpecDocstringsDocref" classname="Kaitai.SpecDocstringsDocref" runstate="Runnable" testcasecount="1" result="Passed" start-time="2024-07-13 00:27:44Z" end-time="2024-07-13 00:27:44Z" duration="0.031346" total="1" passed="1" failed="0" inconclusive="0" skipped="0" asserts="0">
        <test-case id="0-1075" name="TestDocstringsDocref" fullname="Kaitai.SpecDocstringsDocref.TestDocstringsDocref" methodname="TestDocstringsDocref" classname="Kaitai.SpecDocstringsDocref" runstate="Runnable" seed="281582158" result="Passed" start-time="2024-07-13 00:27:44Z" end-time="2024-07-13 00:27:44Z" duration="0.000811" asserts="0" />
      </test-suite>
      <test-suite type="TestFixture" id="0-1076" name="SpecDocstringsDocrefMulti" fullname="Kaitai.SpecDocstringsDocrefMulti" classname="Kaitai.SpecDocstringsDocrefMulti" runstate="Runnable" testcasecount="1" result="Passed" start-time="2024-07-13 00:27:44Z" end-time="2024-07-13 00:27:44Z" duration="0.031553" total="1" passed="1" failed="0" inconclusive="0" skipped="0" asserts="0">
        <test-case id="0-1077" name="TestDocstringsDocrefMulti" fullname="Kaitai.SpecDocstringsDocrefMulti.TestDocstringsDocrefMulti" methodname="TestDocstringsDocrefMulti" classname="Kaitai.SpecDocstringsDocrefMulti" runstate="Runnable" seed="1359894458" result="Passed" start-time="2024-07-13 00:27:44Z" end-time="2024-07-13 00:27:44Z" duration="0.000580" asserts="0" />
      </test-suite>
      <test-suite type="TestFixture" id="0-1078" name="SpecEnum0" fullname="Kaitai.SpecEnum0" classname="Kaitai.SpecEnum0" runstate="Runnable" testcasecount="1" result="Passed" start-time="2024-07-13 00:27:44Z" end-time="2024-07-13 00:27:44Z" duration="0.031266" total="1" passed="1" failed="0" inconclusive="0" skipped="0" asserts="2">
        <test-case id="0-1079" name="TestEnum0" fullname="Kaitai.SpecEnum0.TestEnum0" methodname="TestEnum0" classname="Kaitai.SpecEnum0" runstate="Runnable" seed="2133054216" result="Passed" start-time="2024-07-13 00:27:44Z" end-time="2024-07-13 00:27:44Z" duration="0.000702" asserts="2" />
      </test-suite>
      <test-suite type="TestFixture" id="0-1080" name="SpecEnum1" fullname="Kaitai.SpecEnum1" classname="Kaitai.SpecEnum1" runstate="Runnable" testcasecount="1" result="Passed" start-time="2024-07-13 00:27:44Z" end-time="2024-07-13 00:27:44Z" duration="0.031265" total="1" passed="1" failed="0" inconclusive="0" skipped="0" asserts="2">
        <test-case id="0-1081" name="TestEnum1" fullname="Kaitai.SpecEnum1.TestEnum1" methodname="TestEnum1" classname="Kaitai.SpecEnum1" runstate="Runnable" seed="1936583626" result="Passed" start-time="2024-07-13 00:27:44Z" end-time="2024-07-13 00:27:44Z" duration="0.001060" asserts="2" />
      </test-suite>
      <test-suite type="TestFixture" id="0-1082" name="SpecEnumDeep" fullname="Kaitai.SpecEnumDeep" classname="Kaitai.SpecEnumDeep" runstate="Runnable" testcasecount="1" result="Passed" start-time="2024-07-13 00:27:44Z" end-time="2024-07-13 00:27:44Z" duration="0.031323" total="1" passed="1" failed="0" inconclusive="0" skipped="0" asserts="2">
        <test-case id="0-1083" name="TestEnumDeep" fullname="Kaitai.SpecEnumDeep.TestEnumDeep" methodname="TestEnumDeep" classname="Kaitai.SpecEnumDeep" runstate="Runnable" seed="270353504" result="Passed" start-time="2024-07-13 00:27:44Z" end-time="2024-07-13 00:27:44Z" duration="0.000759" asserts="2" />
      </test-suite>
      <test-suite type="TestFixture" id="0-1084" name="SpecEnumDeepLiterals" fullname="Kaitai.SpecEnumDeepLiterals" classname="Kaitai.SpecEnumDeepLiterals" runstate="Runnable" testcasecount="1" result="Passed" start-time="2024-07-13 00:27:44Z" end-time="2024-07-13 00:27:44Z" duration="0.031222" total="1" passed="1" failed="0" inconclusive="0" skipped="0" asserts="2">
        <test-case id="0-1085" name="TestEnumDeepLiterals" fullname="Kaitai.SpecEnumDeepLiterals.TestEnumDeepLiterals" methodname="TestEnumDeepLiterals" classname="Kaitai.SpecEnumDeepLiterals" runstate="Runnable" seed="819431317" result="Passed" start-time="2024-07-13 00:27:44Z" end-time="2024-07-13 00:27:44Z" duration="0.001021" asserts="2" />
      </test-suite>
      <test-suite type="TestFixture" id="0-1086" name="SpecEnumFancy" fullname="Kaitai.SpecEnumFancy" classname="Kaitai.SpecEnumFancy" runstate="Runnable" testcasecount="1" result="Passed" start-time="2024-07-13 00:27:44Z" end-time="2024-07-13 00:27:44Z" duration="0.031267" total="1" passed="1" failed="0" inconclusive="0" skipped="0" asserts="2">
        <test-case id="0-1087" name="TestEnumFancy" fullname="Kaitai.SpecEnumFancy.TestEnumFancy" methodname="TestEnumFancy" classname="Kaitai.SpecEnumFancy" runstate="Runnable" seed="741473699" result="Passed" start-time="2024-07-13 00:27:44Z" end-time="2024-07-13 00:27:44Z" duration="0.000733" asserts="2" />
      </test-suite>
      <test-suite type="TestFixture" id="0-1088" name="SpecEnumIf" fullname="Kaitai.SpecEnumIf" classname="Kaitai.SpecEnumIf" runstate="Runnable" testcasecount="1" result="Passed" start-time="2024-07-13 00:27:44Z" end-time="2024-07-13 00:27:44Z" duration="0.031275" total="1" passed="1" failed="0" inconclusive="0" skipped="0" asserts="7">
        <test-case id="0-1089" name="TestEnumIf" fullname="Kaitai.SpecEnumIf.TestEnumIf" methodname="TestEnumIf" classname="Kaitai.SpecEnumIf" runstate="Runnable" seed="398640983" result="Passed" start-time="2024-07-13 00:27:44Z" end-time="2024-07-13 00:27:44Z" duration="0.001554" asserts="7" />
      </test-suite>
      <test-suite type="TestFixture" id="0-1090" name="SpecEnumImportLiterals" fullname="Kaitai.SpecEnumImportLiterals" classname="Kaitai.SpecEnumImportLiterals" runstate="Runnable" testcasecount="1" result="Passed" start-time="2024-07-13 00:27:44Z" end-time="2024-07-13 00:27:44Z" duration="0.031278" total="1" passed="1" failed="0" inconclusive="0" skipped="0" asserts="3">
        <test-case id="0-1091" name="TestEnumImportLiterals" fullname="Kaitai.SpecEnumImportLiterals.TestEnumImportLiterals" methodname="TestEnumImportLiterals" classname="Kaitai.SpecEnumImportLiterals" runstate="Runnable" seed="1467254013" result="Passed" start-time="2024-07-13 00:27:44Z" end-time="2024-07-13 00:27:44Z" duration="0.000802" asserts="3" />
      </test-suite>
      <test-suite type="TestFixture" id="0-1092" name="SpecEnumImportSeq" fullname="Kaitai.SpecEnumImportSeq" classname="Kaitai.SpecEnumImportSeq" runstate="Runnable" testcasecount="1" result="Passed" start-time="2024-07-13 00:27:44Z" end-time="2024-07-13 00:27:44Z" duration="0.031294" total="1" passed="1" failed="0" inconclusive="0" skipped="0" asserts="2">
        <test-case id="0-1093" name="TestEnumImportSeq" fullname="Kaitai.SpecEnumImportSeq.TestEnumImportSeq" methodname="TestEnumImportSeq" classname="Kaitai.SpecEnumImportSeq" runstate="Runnable" seed="1542511513" result="Passed" start-time="2024-07-13 00:27:44Z" end-time="2024-07-13 00:27:44Z" duration="0.000747" asserts="2" />
      </test-suite>
      <test-suite type="TestFixture" id="0-1094" name="SpecEnumIntRangeS" fullname="Kaitai.SpecEnumIntRangeS" classname="Kaitai.SpecEnumIntRangeS" runstate="Runnable" testcasecount="1" result="Passed" start-time="2024-07-13 00:27:44Z" end-time="2024-07-13 00:27:45Z" duration="0.031250" total="1" passed="1" failed="0" inconclusive="0" skipped="0" asserts="3">
        <test-case id="0-1095" name="TestEnumIntRangeS" fullname="Kaitai.SpecEnumIntRangeS.TestEnumIntRangeS" methodname="TestEnumIntRangeS" classname="Kaitai.SpecEnumIntRangeS" runstate="Runnable" seed="1823372528" result="Passed" start-time="2024-07-13 00:27:44Z" end-time="2024-07-13 00:27:44Z" duration="0.000802" asserts="3" />
      </test-suite>
      <test-suite type="TestFixture" id="0-1096" name="SpecEnumInvalid" fullname="Kaitai.SpecEnumInvalid" classname="Kaitai.SpecEnumInvalid" runstate="Runnable" testcasecount="1" result="Passed" start-time="2024-07-13 00:27:45Z" end-time="2024-07-13 00:27:45Z" duration="0.031264" total="1" passed="1" failed="0" inconclusive="0" skipped="0" asserts="2">
        <test-case id="0-1097" name="TestEnumInvalid" fullname="Kaitai.SpecEnumInvalid.TestEnumInvalid" methodname="TestEnumInvalid" classname="Kaitai.SpecEnumInvalid" runstate="Runnable" seed="1306423022" result="Passed" start-time="2024-07-13 00:27:45Z" end-time="2024-07-13 00:27:45Z" duration="0.000719" asserts="2" />
      </test-suite>
      <test-suite type="TestFixture" id="0-1098" name="SpecEnumNegative" fullname="Kaitai.SpecEnumNegative" classname="Kaitai.SpecEnumNegative" runstate="Runnable" testcasecount="1" result="Passed" start-time="2024-07-13 00:27:45Z" end-time="2024-07-13 00:27:45Z" duration="0.031270" total="1" passed="1" failed="0" inconclusive="0" skipped="0" asserts="2">
        <test-case id="0-1099" name="TestEnumNegative" fullname="Kaitai.SpecEnumNegative.TestEnumNegative" methodname="TestEnumNegative" classname="Kaitai.SpecEnumNegative" runstate="Runnable" seed="1909015970" result="Passed" start-time="2024-07-13 00:27:45Z" end-time="2024-07-13 00:27:45Z" duration="0.000779" asserts="2" />
      </test-suite>
      <test-suite type="TestFixture" id="0-1100" name="SpecEnumOfValueInst" fullname="Kaitai.SpecEnumOfValueInst" classname="Kaitai.SpecEnumOfValueInst" runstate="Runnable" testcasecount="1" result="Passed" start-time="2024-07-13 00:27:45Z" end-time="2024-07-13 00:27:45Z" duration="0.031302" total="1" passed="1" failed="0" inconclusive="0" skipped="0" asserts="4">
        <test-case id="0-1101" name="TestEnumOfValueInst" fullname="Kaitai.SpecEnumOfValueInst.TestEnumOfValueInst" methodname="TestEnumOfValueInst" classname="Kaitai.SpecEnumOfValueInst" runstate="Runnable" seed="1736899251" result="Passed" start-time="2024-07-13 00:27:45Z" end-time="2024-07-13 00:27:45Z" duration="0.000922" asserts="4" />
      </test-suite>
      <test-suite type="TestFixture" id="0-1102" name="SpecEofExceptionBytes" fullname="Kaitai.SpecEofExceptionBytes" classname="Kaitai.SpecEofExceptionBytes" runstate="Runnable" testcasecount="1" result="Passed" start-time="2024-07-13 00:27:45Z" end-time="2024-07-13 00:27:45Z" duration="0.031244" total="1" passed="1" failed="0" inconclusive="0" skipped="0" asserts="1">
        <test-case id="0-1103" name="TestEofExceptionBytes" fullname="Kaitai.SpecEofExceptionBytes.TestEofExceptionBytes" methodname="TestEofExceptionBytes" classname="Kaitai.SpecEofExceptionBytes" runstate="Runnable" seed="145312755" result="Passed" start-time="2024-07-13 00:27:45Z" end-time="2024-07-13 00:27:45Z" duration="0.000754" asserts="1" />
      </test-suite>
      <test-suite type="TestFixture" id="0-1104" name="SpecEofExceptionSized" fullname="Kaitai.SpecEofExceptionSized" classname="Kaitai.SpecEofExceptionSized" runstate="Runnable" testcasecount="1" result="Passed" start-time="2024-07-13 00:27:45Z" end-time="2024-07-13 00:27:45Z" duration="0.031219" total="1" passed="1" failed="0" inconclusive="0" skipped="0" asserts="1">
        <test-case id="0-1105" name="TestEofExceptionSized" fullname="Kaitai.SpecEofExceptionSized.TestEofExceptionSized" methodname="TestEofExceptionSized" classname="Kaitai.SpecEofExceptionSized" runstate="Runnable" seed="1351012170" result="Passed" start-time="2024-07-13 00:27:45Z" end-time="2024-07-13 00:27:45Z" duration="0.000779" asserts="1" />
      </test-suite>
      <test-suite type="TestFixture" id="0-1106" name="SpecEofExceptionU4" fullname="Kaitai.SpecEofExceptionU4" classname="Kaitai.SpecEofExceptionU4" runstate="Runnable" testcasecount="1" result="Passed" start-time="2024-07-13 00:27:45Z" end-time="2024-07-13 00:27:45Z" duration="0.031277" total="1" passed="1" failed="0" inconclusive="0" skipped="0" asserts="1">
        <test-case id="0-1107" name="TestEofExceptionU4" fullname="Kaitai.SpecEofExceptionU4.TestEofExceptionU4" methodname="TestEofExceptionU4" classname="Kaitai.SpecEofExceptionU4" runstate="Runnable" seed="823177028" result="Passed" start-time="2024-07-13 00:27:45Z" end-time="2024-07-13 00:27:45Z" duration="0.000702" asserts="1" />
      </test-suite>
      <test-suite type="TestFixture" id="0-1108" name="SpecEosExceptionBytes" fullname="Kaitai.SpecEosExceptionBytes" classname="Kaitai.SpecEosExceptionBytes" runstate="Runnable" testcasecount="1" result="Passed" start-time="2024-07-13 00:27:45Z" end-time="2024-07-13 00:27:45Z" duration="0.031383" total="1" passed="1" failed="0" inconclusive="0" skipped="0" asserts="1">
        <test-case id="0-1109" name="TestEosExceptionBytes" fullname="Kaitai.SpecEosExceptionBytes.TestEosExceptionBytes" methodname="TestEosExceptionBytes" classname="Kaitai.SpecEosExceptionBytes" runstate="Runnable" seed="503413002" result="Passed" start-time="2024-07-13 00:27:45Z" end-time="2024-07-13 00:27:45Z" duration="0.001006" asserts="1" />
      </test-suite>
      <test-suite type="TestFixture" id="0-1110" name="SpecEosExceptionSized" fullname="Kaitai.SpecEosExceptionSized" classname="Kaitai.SpecEosExceptionSized" runstate="Runnable" testcasecount="1" result="Passed" start-time="2024-07-13 00:27:45Z" end-time="2024-07-13 00:27:45Z" duration="0.031264" total="1" passed="1" failed="0" inconclusive="0" skipped="0" asserts="1">
        <test-case id="0-1111" name="TestEosExceptionSized" fullname="Kaitai.SpecEosExceptionSized.TestEosExceptionSized" methodname="TestEosExceptionSized" classname="Kaitai.SpecEosExceptionSized" runstate="Runnable" seed="1162856744" result="Passed" start-time="2024-07-13 00:27:45Z" end-time="2024-07-13 00:27:45Z" duration="0.000876" asserts="1" />
      </test-suite>
      <test-suite type="TestFixture" id="0-1112" name="SpecEosExceptionU4" fullname="Kaitai.SpecEosExceptionU4" classname="Kaitai.SpecEosExceptionU4" runstate="Runnable" testcasecount="1" result="Passed" start-time="2024-07-13 00:27:45Z" end-time="2024-07-13 00:27:45Z" duration="0.031242" total="1" passed="1" failed="0" inconclusive="0" skipped="0" asserts="1">
        <test-case id="0-1113" name="TestEosExceptionU4" fullname="Kaitai.SpecEosExceptionU4.TestEosExceptionU4" methodname="TestEosExceptionU4" classname="Kaitai.SpecEosExceptionU4" runstate="Runnable" seed="1319326820" result="Passed" start-time="2024-07-13 00:27:45Z" end-time="2024-07-13 00:27:45Z" duration="0.000799" asserts="1" />
      </test-suite>
      <test-suite type="TestFixture" id="0-1114" name="SpecExpr0" fullname="Kaitai.SpecExpr0" classname="Kaitai.SpecExpr0" runstate="Runnable" testcasecount="1" result="Passed" start-time="2024-07-13 00:27:45Z" end-time="2024-07-13 00:27:45Z" duration="0.031309" total="1" passed="1" failed="0" inconclusive="0" skipped="0" asserts="2">
        <test-case id="0-1115" name="TestExpr0" fullname="Kaitai.SpecExpr0.TestExpr0" methodname="TestExpr0" classname="Kaitai.SpecExpr0" runstate="Runnable" seed="1492342425" result="Passed" start-time="2024-07-13 00:27:45Z" end-time="2024-07-13 00:27:45Z" duration="0.000674" asserts="2" />
      </test-suite>
      <test-suite type="TestFixture" id="0-1116" name="SpecExpr1" fullname="Kaitai.SpecExpr1" classname="Kaitai.SpecExpr1" runstate="Runnable" testcasecount="1" result="Passed" start-time="2024-07-13 00:27:45Z" end-time="2024-07-13 00:27:45Z" duration="0.031264" total="1" passed="1" failed="0" inconclusive="0" skipped="0" asserts="4">
        <test-case id="0-1117" name="TestExpr1" fullname="Kaitai.SpecExpr1.TestExpr1" methodname="TestExpr1" classname="Kaitai.SpecExpr1" runstate="Runnable" seed="954849121" result="Passed" start-time="2024-07-13 00:27:45Z" end-time="2024-07-13 00:27:45Z" duration="0.001003" asserts="4" />
      </test-suite>
      <test-suite type="TestFixture" id="0-1118" name="SpecExpr2" fullname="Kaitai.SpecExpr2" classname="Kaitai.SpecExpr2" runstate="Runnable" testcasecount="1" result="Passed" start-time="2024-07-13 00:27:45Z" end-time="2024-07-13 00:27:45Z" duration="0.031265" total="1" passed="1" failed="0" inconclusive="0" skipped="0" asserts="17">
        <test-case id="0-1119" name="TestExpr2" fullname="Kaitai.SpecExpr2.TestExpr2" methodname="TestExpr2" classname="Kaitai.SpecExpr2" runstate="Runnable" seed="1128853804" result="Passed" start-time="2024-07-13 00:27:45Z" end-time="2024-07-13 00:27:45Z" duration="0.002374" asserts="17" />
      </test-suite>
      <test-suite type="TestFixture" id="0-1120" name="SpecExpr3" fullname="Kaitai.SpecExpr3" classname="Kaitai.SpecExpr3" runstate="Runnable" testcasecount="1" result="Passed" start-time="2024-07-13 00:27:45Z" end-time="2024-07-13 00:27:45Z" duration="0.031258" total="1" passed="1" failed="0" inconclusive="0" skipped="0" asserts="12">
        <test-case id="0-1121" name="TestExpr3" fullname="Kaitai.SpecExpr3.TestExpr3" methodname="TestExpr3" classname="Kaitai.SpecExpr3" runstate="Runnable" seed="1483602115" result="Passed" start-time="2024-07-13 00:27:45Z" end-time="2024-07-13 00:27:45Z" duration="0.001622" asserts="12" />
      </test-suite>
      <test-suite type="TestFixture" id="0-1122" name="SpecExprArray" fullname="Kaitai.SpecExprArray" classname="Kaitai.SpecExprArray" runstate="Runnable" testcasecount="1" result="Passed" start-time="2024-07-13 00:27:45Z" end-time="2024-07-13 00:27:45Z" duration="0.031231" total="1" passed="1" failed="0" inconclusive="0" skipped="0" asserts="15">
        <test-case id="0-1123" name="TestExprArray" fullname="Kaitai.SpecExprArray.TestExprArray" methodname="TestExprArray" classname="Kaitai.SpecExprArray" runstate="Runnable" seed="1643752032" result="Passed" start-time="2024-07-13 00:27:45Z" end-time="2024-07-13 00:27:45Z" duration="0.008649" asserts="15" />
      </test-suite>
      <test-suite type="TestFixture" id="0-1124" name="SpecExprBytesCmp" fullname="Kaitai.SpecExprBytesCmp" classname="Kaitai.SpecExprBytesCmp" runstate="Runnable" testcasecount="1" result="Passed" start-time="2024-07-13 00:27:45Z" end-time="2024-07-13 00:27:45Z" duration="0.031209" total="1" passed="1" failed="0" inconclusive="0" skipped="0" asserts="10">
        <test-case id="0-1125" name="TestExprBytesCmp" fullname="Kaitai.SpecExprBytesCmp.TestExprBytesCmp" methodname="TestExprBytesCmp" classname="Kaitai.SpecExprBytesCmp" runstate="Runnable" seed="1348751476" result="Passed" start-time="2024-07-13 00:27:45Z" end-time="2024-07-13 00:27:45Z" duration="0.001651" asserts="10" />
      </test-suite>
      <test-suite type="TestFixture" id="0-1126" name="SpecExprBytesNonLiteral" fullname="Kaitai.SpecExprBytesNonLiteral" classname="Kaitai.SpecExprBytesNonLiteral" runstate="Runnable" testcasecount="1" result="Passed" start-time="2024-07-13 00:27:45Z" end-time="2024-07-13 00:27:46Z" duration="0.031476" total="1" passed="1" failed="0" inconclusive="0" skipped="0" asserts="3">
        <test-case id="0-1127" name="TestExprBytesNonLiteral" fullname="Kaitai.SpecExprBytesNonLiteral.TestExprBytesNonLiteral" methodname="TestExprBytesNonLiteral" classname="Kaitai.SpecExprBytesNonLiteral" runstate="Runnable" seed="1649680950" result="Passed" start-time="2024-07-13 00:27:45Z" end-time="2024-07-13 00:27:45Z" duration="0.000835" asserts="3" />
      </test-suite>
      <test-suite type="TestFixture" id="0-1128" name="SpecExprBytesOps" fullname="Kaitai.SpecExprBytesOps" classname="Kaitai.SpecExprBytesOps" runstate="Runnable" testcasecount="1" result="Passed" start-time="2024-07-13 00:27:46Z" end-time="2024-07-13 00:27:46Z" duration="0.031238" total="1" passed="1" failed="0" inconclusive="0" skipped="0" asserts="16">
        <test-case id="0-1129" name="TestExprBytesOps" fullname="Kaitai.SpecExprBytesOps.TestExprBytesOps" methodname="TestExprBytesOps" classname="Kaitai.SpecExprBytesOps" runstate="Runnable" seed="170732351" result="Passed" start-time="2024-07-13 00:27:46Z" end-time="2024-07-13 00:27:46Z" duration="0.002831" asserts="16" />
      </test-suite>
      <test-suite type="TestFixture" id="0-1130" name="SpecExprCalcArrayOps" fullname="Kaitai.SpecExprCalcArrayOps" classname="Kaitai.SpecExprCalcArrayOps" runstate="Runnable" testcasecount="1" result="Passed" start-time="2024-07-13 00:27:46Z" end-time="2024-07-13 00:27:46Z" duration="0.031250" total="1" passed="1" failed="0" inconclusive="0" skipped="0" asserts="18">
        <test-case id="0-1131" name="TestExprCalcArrayOps" fullname="Kaitai.SpecExprCalcArrayOps.TestExprCalcArrayOps" methodname="TestExprCalcArrayOps" classname="Kaitai.SpecExprCalcArrayOps" runstate="Runnable" seed="1790103729" result="Passed" start-time="2024-07-13 00:27:46Z" end-time="2024-07-13 00:27:46Z" duration="0.003311" asserts="18" />
      </test-suite>
      <test-suite type="TestFixture" id="0-1132" name="SpecExprEnum" fullname="Kaitai.SpecExprEnum" classname="Kaitai.SpecExprEnum" runstate="Runnable" testcasecount="1" result="Passed" start-time="2024-07-13 00:27:46Z" end-time="2024-07-13 00:27:46Z" duration="0.031250" total="1" passed="1" failed="0" inconclusive="0" skipped="0" asserts="3">
        <test-case id="0-1133" name="TestExprEnum" fullname="Kaitai.SpecExprEnum.TestExprEnum" methodname="TestExprEnum" classname="Kaitai.SpecExprEnum" runstate="Runnable" seed="1705041045" result="Passed" start-time="2024-07-13 00:27:46Z" end-time="2024-07-13 00:27:46Z" duration="0.000830" asserts="3" />
      </test-suite>
      <test-suite type="TestFixture" id="0-1134" name="SpecExprFstring0" fullname="Kaitai.SpecExprFstring0" classname="Kaitai.SpecExprFstring0" runstate="Runnable" testcasecount="1" result="Passed" start-time="2024-07-13 00:27:46Z" end-time="2024-07-13 00:27:46Z" duration="0.031246" total="1" passed="1" failed="0" inconclusive="0" skipped="0" asserts="9">
        <test-case id="0-1135" name="TestExprFstring0" fullname="Kaitai.SpecExprFstring0.TestExprFstring0" methodname="TestExprFstring0" classname="Kaitai.SpecExprFstring0" runstate="Runnable" seed="1062997934" result="Passed" start-time="2024-07-13 00:27:46Z" end-time="2024-07-13 00:27:46Z" duration="0.001155" asserts="9" />
      </test-suite>
      <test-suite type="TestFixture" id="0-1136" name="SpecExprIfIntOps" fullname="Kaitai.SpecExprIfIntOps" classname="Kaitai.SpecExprIfIntOps" runstate="Runnable" testcasecount="1" result="Passed" start-time="2024-07-13 00:27:46Z" end-time="2024-07-13 00:27:46Z" duration="0.031270" total="1" passed="1" failed="0" inconclusive="0" skipped="0" asserts="2">
        <test-case id="0-1137" name="TestExprIfIntOps" fullname="Kaitai.SpecExprIfIntOps.TestExprIfIntOps" methodname="TestExprIfIntOps" classname="Kaitai.SpecExprIfIntOps" runstate="Runnable" seed="1882945724" result="Passed" start-time="2024-07-13 00:27:46Z" end-time="2024-07-13 00:27:46Z" duration="0.001179" asserts="2" />
      </test-suite>
      <test-suite type="TestFixture" id="0-1138" name="SpecExprIntDiv" fullname="Kaitai.SpecExprIntDiv" classname="Kaitai.SpecExprIntDiv" runstate="Runnable" testcasecount="1" result="Failed" site="Child" start-time="2024-07-13 00:27:46Z" end-time="2024-07-13 00:27:46Z" duration="0.125051" total="1" passed="0" failed="1" inconclusive="0" skipped="0" asserts="4">
        <failure>
          <message><![CDATA[One or more child tests had errors]]></message>
        </failure>
        <test-case id="0-1139" name="TestExprIntDiv" fullname="Kaitai.SpecExprIntDiv.TestExprIntDiv" methodname="TestExprIntDiv" classname="Kaitai.SpecExprIntDiv" runstate="Runnable" seed="497686475" result="Failed" start-time="2024-07-13 00:27:46Z" end-time="2024-07-13 00:27:46Z" duration="0.103962" asserts="4">
          <failure>
            <message><![CDATA[  Expected: -756
  But was:  -757
]]></message>
            <stack-trace><![CDATA[at Kaitai.SpecExprIntDiv.TestExprIntDiv() in D:\a\ci_targets\ci_targets\tests\spec\csharp\kaitai_struct_csharp_tests\tests\SpecExprIntDiv.cs:line 18
]]></stack-trace>
          </failure>
        </test-case>
      </test-suite>
      <test-suite type="TestFixture" id="0-1140" name="SpecExprIoEof" fullname="Kaitai.SpecExprIoEof" classname="Kaitai.SpecExprIoEof" runstate="Runnable" testcasecount="1" result="Passed" start-time="2024-07-13 00:27:46Z" end-time="2024-07-13 00:27:46Z" duration="0.031275" total="1" passed="1" failed="0" inconclusive="0" skipped="0" asserts="4">
        <test-case id="0-1141" name="TestExprIoEof" fullname="Kaitai.SpecExprIoEof.TestExprIoEof" methodname="TestExprIoEof" classname="Kaitai.SpecExprIoEof" runstate="Runnable" seed="812181587" result="Passed" start-time="2024-07-13 00:27:46Z" end-time="2024-07-13 00:27:46Z" duration="0.001494" asserts="4" />
      </test-suite>
      <test-suite type="TestFixture" id="0-1142" name="SpecExprIoPos" fullname="Kaitai.SpecExprIoPos" classname="Kaitai.SpecExprIoPos" runstate="Runnable" testcasecount="1" result="Passed" start-time="2024-07-13 00:27:46Z" end-time="2024-07-13 00:27:46Z" duration="0.031258" total="1" passed="1" failed="0" inconclusive="0" skipped="0" asserts="6">
        <test-case id="0-1143" name="TestExprIoPos" fullname="Kaitai.SpecExprIoPos.TestExprIoPos" methodname="TestExprIoPos" classname="Kaitai.SpecExprIoPos" runstate="Runnable" seed="625252028" result="Passed" start-time="2024-07-13 00:27:46Z" end-time="2024-07-13 00:27:46Z" duration="0.001293" asserts="6" />
      </test-suite>
      <test-suite type="TestFixture" id="0-1144" name="SpecExprMod" fullname="Kaitai.SpecExprMod" classname="Kaitai.SpecExprMod" runstate="Runnable" testcasecount="1" result="Passed" start-time="2024-07-13 00:27:46Z" end-time="2024-07-13 00:27:46Z" duration="0.031231" total="1" passed="1" failed="0" inconclusive="0" skipped="0" asserts="6">
        <test-case id="0-1145" name="TestExprMod" fullname="Kaitai.SpecExprMod.TestExprMod" methodname="TestExprMod" classname="Kaitai.SpecExprMod" runstate="Runnable" seed="2089650111" result="Passed" start-time="2024-07-13 00:27:46Z" end-time="2024-07-13 00:27:46Z" duration="0.001208" asserts="6" />
      </test-suite>
      <test-suite type="TestFixture" id="0-1146" name="SpecExprOpsParens" fullname="Kaitai.SpecExprOpsParens" classname="Kaitai.SpecExprOpsParens" runstate="Runnable" testcasecount="1" result="Passed" start-time="2024-07-13 00:27:46Z" end-time="2024-07-13 00:27:46Z" duration="0.031200" total="1" passed="1" failed="0" inconclusive="0" skipped="0" asserts="9">
        <test-case id="0-1147" name="TestExprOpsParens" fullname="Kaitai.SpecExprOpsParens.TestExprOpsParens" methodname="TestExprOpsParens" classname="Kaitai.SpecExprOpsParens" runstate="Runnable" seed="1765793940" result="Passed" start-time="2024-07-13 00:27:46Z" end-time="2024-07-13 00:27:46Z" duration="0.002120" asserts="9" />
      </test-suite>
      <test-suite type="TestFixture" id="0-1148" name="SpecExprSizeofType0" fullname="Kaitai.SpecExprSizeofType0" classname="Kaitai.SpecExprSizeofType0" runstate="Runnable" testcasecount="1" result="Passed" start-time="2024-07-13 00:27:46Z" end-time="2024-07-13 00:27:46Z" duration="0.031236" total="1" passed="1" failed="0" inconclusive="0" skipped="0" asserts="1">
        <test-case id="0-1149" name="TestExprSizeofType0" fullname="Kaitai.SpecExprSizeofType0.TestExprSizeofType0" methodname="TestExprSizeofType0" classname="Kaitai.SpecExprSizeofType0" runstate="Runnable" seed="1175627566" result="Passed" start-time="2024-07-13 00:27:46Z" end-time="2024-07-13 00:27:46Z" duration="0.000546" asserts="1" />
      </test-suite>
      <test-suite type="TestFixture" id="0-1150" name="SpecExprSizeofType1" fullname="Kaitai.SpecExprSizeofType1" classname="Kaitai.SpecExprSizeofType1" runstate="Runnable" testcasecount="1" result="Passed" start-time="2024-07-13 00:27:46Z" end-time="2024-07-13 00:27:46Z" duration="0.031267" total="1" passed="1" failed="0" inconclusive="0" skipped="0" asserts="2">
        <test-case id="0-1151" name="TestExprSizeofType1" fullname="Kaitai.SpecExprSizeofType1.TestExprSizeofType1" methodname="TestExprSizeofType1" classname="Kaitai.SpecExprSizeofType1" runstate="Runnable" seed="1983411386" result="Passed" start-time="2024-07-13 00:27:46Z" end-time="2024-07-13 00:27:46Z" duration="0.000611" asserts="2" />
      </test-suite>
      <test-suite type="TestFixture" id="0-1152" name="SpecExprSizeofValue0" fullname="Kaitai.SpecExprSizeofValue0" classname="Kaitai.SpecExprSizeofValue0" runstate="Runnable" testcasecount="1" result="Passed" start-time="2024-07-13 00:27:46Z" end-time="2024-07-13 00:27:46Z" duration="0.031253" total="1" passed="1" failed="0" inconclusive="0" skipped="0" asserts="5">
        <test-case id="0-1153" name="TestExprSizeofValue0" fullname="Kaitai.SpecExprSizeofValue0.TestExprSizeofValue0" methodname="TestExprSizeofValue0" classname="Kaitai.SpecExprSizeofValue0" runstate="Runnable" seed="813394207" result="Passed" start-time="2024-07-13 00:27:46Z" end-time="2024-07-13 00:27:46Z" duration="0.001094" asserts="5" />
      </test-suite>
      <test-suite type="TestFixture" id="0-1154" name="SpecExprSizeofValueSized" fullname="Kaitai.SpecExprSizeofValueSized" classname="Kaitai.SpecExprSizeofValueSized" runstate="Runnable" testcasecount="1" result="Passed" start-time="2024-07-13 00:27:46Z" end-time="2024-07-13 00:27:46Z" duration="0.031262" total="1" passed="1" failed="0" inconclusive="0" skipped="0" asserts="5">
        <test-case id="0-1155" name="TestExprSizeofValueSized" fullname="Kaitai.SpecExprSizeofValueSized.TestExprSizeofValueSized" methodname="TestExprSizeofValueSized" classname="Kaitai.SpecExprSizeofValueSized" runstate="Runnable" seed="735223430" result="Passed" start-time="2024-07-13 00:27:46Z" end-time="2024-07-13 00:27:46Z" duration="0.001111" asserts="5" />
      </test-suite>
      <test-suite type="TestFixture" id="0-1156" name="SpecExprStrEncodings" fullname="Kaitai.SpecExprStrEncodings" classname="Kaitai.SpecExprStrEncodings" runstate="Runnable" testcasecount="1" result="Passed" start-time="2024-07-13 00:27:47Z" end-time="2024-07-13 00:27:47Z" duration="0.031258" total="1" passed="1" failed="0" inconclusive="0" skipped="0" asserts="7">
        <test-case id="0-1157" name="TestExprStrEncodings" fullname="Kaitai.SpecExprStrEncodings.TestExprStrEncodings" methodname="TestExprStrEncodings" classname="Kaitai.SpecExprStrEncodings" runstate="Runnable" seed="282167776" result="Passed" start-time="2024-07-13 00:27:47Z" end-time="2024-07-13 00:27:47Z" duration="0.002615" asserts="7" />
      </test-suite>
      <test-suite type="TestFixture" id="0-1158" name="SpecExprStrOps" fullname="Kaitai.SpecExprStrOps" classname="Kaitai.SpecExprStrOps" runstate="Runnable" testcasecount="1" result="Passed" start-time="2024-07-13 00:27:47Z" end-time="2024-07-13 00:27:47Z" duration="0.031247" total="1" passed="1" failed="0" inconclusive="0" skipped="0" asserts="17">
        <test-case id="0-1159" name="TestExprStrOps" fullname="Kaitai.SpecExprStrOps.TestExprStrOps" methodname="TestExprStrOps" classname="Kaitai.SpecExprStrOps" runstate="Runnable" seed="1724420962" result="Passed" start-time="2024-07-13 00:27:47Z" end-time="2024-07-13 00:27:47Z" duration="0.001941" asserts="17" />
      </test-suite>
      <test-suite type="TestFixture" id="0-1160" name="SpecExprToITrailing" fullname="Kaitai.SpecExprToITrailing" classname="Kaitai.SpecExprToITrailing" runstate="Runnable" testcasecount="1" result="Passed" start-time="2024-07-13 00:27:47Z" end-time="2024-07-13 00:27:47Z" duration="0.031272" total="1" passed="1" failed="0" inconclusive="0" skipped="0" asserts="3">
        <test-case id="0-1161" name="TestExprToITrailing" fullname="Kaitai.SpecExprToITrailing.TestExprToITrailing" methodname="TestExprToITrailing" classname="Kaitai.SpecExprToITrailing" runstate="Runnable" seed="1505176049" result="Passed" start-time="2024-07-13 00:27:47Z" end-time="2024-07-13 00:27:47Z" duration="0.001587" asserts="3" />
      </test-suite>
      <test-suite type="TestFixture" id="0-1162" name="SpecFixedContents" fullname="Kaitai.SpecFixedContents" classname="Kaitai.SpecFixedContents" runstate="Runnable" testcasecount="1" result="Passed" start-time="2024-07-13 00:27:47Z" end-time="2024-07-13 00:27:47Z" duration="0.031250" total="1" passed="1" failed="0" inconclusive="0" skipped="0" asserts="0">
        <test-case id="0-1163" name="TestFixedContents" fullname="Kaitai.SpecFixedContents.TestFixedContents" methodname="TestFixedContents" classname="Kaitai.SpecFixedContents" runstate="Runnable" seed="15040994" result="Passed" start-time="2024-07-13 00:27:47Z" end-time="2024-07-13 00:27:47Z" duration="0.000831" asserts="0" />
      </test-suite>
      <test-suite type="TestFixture" id="0-1164" name="SpecFixedStruct" fullname="Kaitai.SpecFixedStruct" classname="Kaitai.SpecFixedStruct" runstate="Runnable" testcasecount="1" result="Passed" start-time="2024-07-13 00:27:47Z" end-time="2024-07-13 00:27:47Z" duration="0.031263" total="1" passed="1" failed="0" inconclusive="0" skipped="0" asserts="20">
        <test-case id="0-1165" name="TestFixedStruct" fullname="Kaitai.SpecFixedStruct.TestFixedStruct" methodname="TestFixedStruct" classname="Kaitai.SpecFixedStruct" runstate="Runnable" seed="1066389107" result="Passed" start-time="2024-07-13 00:27:47Z" end-time="2024-07-13 00:27:47Z" duration="0.003584" asserts="20" />
      </test-suite>
      <test-suite type="TestFixture" id="0-1168" name="SpecFloatingPoints" fullname="Kaitai.SpecFloatingPoints" classname="Kaitai.SpecFloatingPoints" runstate="Runnable" testcasecount="1" result="Passed" start-time="2024-07-13 00:27:47Z" end-time="2024-07-13 00:27:47Z" duration="0.031268" total="1" passed="1" failed="0" inconclusive="0" skipped="0" asserts="8">
        <test-case id="0-1169" name="TestFloatingPoints" fullname="Kaitai.SpecFloatingPoints.TestFloatingPoints" methodname="TestFloatingPoints" classname="Kaitai.SpecFloatingPoints" runstate="Runnable" seed="404924936" result="Passed" start-time="2024-07-13 00:27:47Z" end-time="2024-07-13 00:27:47Z" duration="0.001101" asserts="8" />
      </test-suite>
      <test-suite type="TestFixture" id="0-1166" name="SpecFloatToI" fullname="Kaitai.SpecFloatToI" classname="Kaitai.SpecFloatToI" runstate="Runnable" testcasecount="1" result="Passed" start-time="2024-07-13 00:27:47Z" end-time="2024-07-13 00:27:47Z" duration="0.031260" total="1" passed="1" failed="0" inconclusive="0" skipped="0" asserts="8">
        <test-case id="0-1167" name="TestFloatToI" fullname="Kaitai.SpecFloatToI.TestFloatToI" methodname="TestFloatToI" classname="Kaitai.SpecFloatToI" runstate="Runnable" seed="533502338" result="Passed" start-time="2024-07-13 00:27:47Z" end-time="2024-07-13 00:27:47Z" duration="0.001436" asserts="8" />
      </test-suite>
      <test-suite type="TestFixture" id="0-1170" name="SpecHelloWorld" fullname="Kaitai.SpecHelloWorld" classname="Kaitai.SpecHelloWorld" runstate="Runnable" testcasecount="1" result="Passed" start-time="2024-07-13 00:27:47Z" end-time="2024-07-13 00:27:47Z" duration="0.031308" total="1" passed="1" failed="0" inconclusive="0" skipped="0" asserts="1">
        <test-case id="0-1171" name="TestHelloWorld" fullname="Kaitai.SpecHelloWorld.TestHelloWorld" methodname="TestHelloWorld" classname="Kaitai.SpecHelloWorld" runstate="Runnable" seed="951024116" result="Passed" start-time="2024-07-13 00:27:47Z" end-time="2024-07-13 00:27:47Z" duration="0.000558" asserts="1" />
      </test-suite>
      <test-suite type="TestFixture" id="0-1172" name="SpecIfInstances" fullname="Kaitai.SpecIfInstances" classname="Kaitai.SpecIfInstances" runstate="Runnable" testcasecount="1" result="Passed" start-time="2024-07-13 00:27:47Z" end-time="2024-07-13 00:27:47Z" duration="0.031269" total="1" passed="1" failed="0" inconclusive="0" skipped="0" asserts="1">
        <test-case id="0-1173" name="TestIfInstances" fullname="Kaitai.SpecIfInstances.TestIfInstances" methodname="TestIfInstances" classname="Kaitai.SpecIfInstances" runstate="Runnable" seed="1240300509" result="Passed" start-time="2024-07-13 00:27:47Z" end-time="2024-07-13 00:27:47Z" duration="0.000666" asserts="1" />
      </test-suite>
      <test-suite type="TestFixture" id="0-1174" name="SpecIfStruct" fullname="Kaitai.SpecIfStruct" classname="Kaitai.SpecIfStruct" runstate="Runnable" testcasecount="1" result="Passed" start-time="2024-07-13 00:27:47Z" end-time="2024-07-13 00:27:47Z" duration="0.031263" total="1" passed="1" failed="0" inconclusive="0" skipped="0" asserts="7">
        <test-case id="0-1175" name="TestIfStruct" fullname="Kaitai.SpecIfStruct.TestIfStruct" methodname="TestIfStruct" classname="Kaitai.SpecIfStruct" runstate="Runnable" seed="795240475" result="Passed" start-time="2024-07-13 00:27:47Z" end-time="2024-07-13 00:27:47Z" duration="0.001551" asserts="7" />
      </test-suite>
      <test-suite type="TestFixture" id="0-1176" name="SpecIfValues" fullname="Kaitai.SpecIfValues" classname="Kaitai.SpecIfValues" runstate="Runnable" testcasecount="1" result="Passed" start-time="2024-07-13 00:27:47Z" end-time="2024-07-13 00:27:47Z" duration="0.031259" total="1" passed="1" failed="0" inconclusive="0" skipped="0" asserts="6">
        <test-case id="0-1177" name="TestIfValues" fullname="Kaitai.SpecIfValues.TestIfValues" methodname="TestIfValues" classname="Kaitai.SpecIfValues" runstate="Runnable" seed="1788311756" result="Passed" start-time="2024-07-13 00:27:47Z" end-time="2024-07-13 00:27:47Z" duration="0.001227" asserts="6" />
      </test-suite>
      <test-suite type="TestFixture" id="0-1178" name="SpecImports0" fullname="Kaitai.SpecImports0" classname="Kaitai.SpecImports0" runstate="Runnable" testcasecount="1" result="Passed" start-time="2024-07-13 00:27:47Z" end-time="2024-07-13 00:27:47Z" duration="0.031269" total="1" passed="1" failed="0" inconclusive="0" skipped="0" asserts="3">
        <test-case id="0-1179" name="TestImports0" fullname="Kaitai.SpecImports0.TestImports0" methodname="TestImports0" classname="Kaitai.SpecImports0" runstate="Runnable" seed="1046934174" result="Passed" start-time="2024-07-13 00:27:47Z" end-time="2024-07-13 00:27:47Z" duration="0.000697" asserts="3" />
      </test-suite>
      <test-suite type="TestFixture" id="0-1180" name="SpecImportsAbs" fullname="Kaitai.SpecImportsAbs" classname="Kaitai.SpecImportsAbs" runstate="Runnable" testcasecount="1" result="Passed" start-time="2024-07-13 00:27:47Z" end-time="2024-07-13 00:27:47Z" duration="0.031211" total="1" passed="1" failed="0" inconclusive="0" skipped="0" asserts="2">
        <test-case id="0-1181" name="TestImportsAbs" fullname="Kaitai.SpecImportsAbs.TestImportsAbs" methodname="TestImportsAbs" classname="Kaitai.SpecImportsAbs" runstate="Runnable" seed="79058386" result="Passed" start-time="2024-07-13 00:27:47Z" end-time="2024-07-13 00:27:47Z" duration="0.001976" asserts="2" />
      </test-suite>
      <test-suite type="TestFixture" id="0-1182" name="SpecImportsAbsAbs" fullname="Kaitai.SpecImportsAbsAbs" classname="Kaitai.SpecImportsAbsAbs" runstate="Runnable" testcasecount="1" result="Passed" start-time="2024-07-13 00:27:47Z" end-time="2024-07-13 00:27:47Z" duration="0.031259" total="1" passed="1" failed="0" inconclusive="0" skipped="0" asserts="3">
        <test-case id="0-1183" name="TestImportsAbsAbs" fullname="Kaitai.SpecImportsAbsAbs.TestImportsAbsAbs" methodname="TestImportsAbsAbs" classname="Kaitai.SpecImportsAbsAbs" runstate="Runnable" seed="1458994204" result="Passed" start-time="2024-07-13 00:27:47Z" end-time="2024-07-13 00:27:47Z" duration="0.001426" asserts="3" />
      </test-suite>
      <test-suite type="TestFixture" id="0-1184" name="SpecImportsAbsRel" fullname="Kaitai.SpecImportsAbsRel" classname="Kaitai.SpecImportsAbsRel" runstate="Runnable" testcasecount="1" result="Passed" start-time="2024-07-13 00:27:47Z" end-time="2024-07-13 00:27:47Z" duration="0.031316" total="1" passed="1" failed="0" inconclusive="0" skipped="0" asserts="3">
        <test-case id="0-1185" name="TestImportsAbsRel" fullname="Kaitai.SpecImportsAbsRel.TestImportsAbsRel" methodname="TestImportsAbsRel" classname="Kaitai.SpecImportsAbsRel" runstate="Runnable" seed="1891107907" result="Passed" start-time="2024-07-13 00:27:47Z" end-time="2024-07-13 00:27:47Z" duration="0.001013" asserts="3" />
      </test-suite>
      <test-suite type="TestFixture" id="0-1186" name="SpecImportsCastToImported" fullname="Kaitai.SpecImportsCastToImported" classname="Kaitai.SpecImportsCastToImported" runstate="Runnable" testcasecount="1" result="Passed" start-time="2024-07-13 00:27:47Z" end-time="2024-07-13 00:27:47Z" duration="0.031266" total="1" passed="1" failed="0" inconclusive="0" skipped="0" asserts="2">
        <test-case id="0-1187" name="TestImportsCastToImported" fullname="Kaitai.SpecImportsCastToImported.TestImportsCastToImported" methodname="TestImportsCastToImported" classname="Kaitai.SpecImportsCastToImported" runstate="Runnable" seed="1866035461" result="Passed" start-time="2024-07-13 00:27:47Z" end-time="2024-07-13 00:27:47Z" duration="0.000936" asserts="2" />
      </test-suite>
      <test-suite type="TestFixture" id="0-1188" name="SpecImportsCastToImported2" fullname="Kaitai.SpecImportsCastToImported2" classname="Kaitai.SpecImportsCastToImported2" runstate="Runnable" testcasecount="1" result="Passed" start-time="2024-07-13 00:27:48Z" end-time="2024-07-13 00:27:48Z" duration="0.031264" total="1" passed="1" failed="0" inconclusive="0" skipped="0" asserts="2">
        <test-case id="0-1189" name="TestImportsCastToImported2" fullname="Kaitai.SpecImportsCastToImported2.TestImportsCastToImported2" methodname="TestImportsCastToImported2" classname="Kaitai.SpecImportsCastToImported2" runstate="Runnable" seed="323016880" result="Passed" start-time="2024-07-13 00:27:48Z" end-time="2024-07-13 00:27:48Z" duration="0.000898" asserts="2" />
      </test-suite>
      <test-suite type="TestFixture" id="0-1190" name="SpecImportsCircularA" fullname="Kaitai.SpecImportsCircularA" classname="Kaitai.SpecImportsCircularA" runstate="Runnable" testcasecount="1" result="Passed" start-time="2024-07-13 00:27:48Z" end-time="2024-07-13 00:27:48Z" duration="0.031279" total="1" passed="1" failed="0" inconclusive="0" skipped="0" asserts="5">
        <test-case id="0-1191" name="TestImportsCircularA" fullname="Kaitai.SpecImportsCircularA.TestImportsCircularA" methodname="TestImportsCircularA" classname="Kaitai.SpecImportsCircularA" runstate="Runnable" seed="1127547052" result="Passed" start-time="2024-07-13 00:27:48Z" end-time="2024-07-13 00:27:48Z" duration="0.001117" asserts="5" />
      </test-suite>
      <test-suite type="TestFixture" id="0-1192" name="SpecImportsParamsDefArrayUsertypeImported" fullname="Kaitai.SpecImportsParamsDefArrayUsertypeImported" classname="Kaitai.SpecImportsParamsDefArrayUsertypeImported" runstate="Runnable" testcasecount="1" result="Passed" start-time="2024-07-13 00:27:48Z" end-time="2024-07-13 00:27:48Z" duration="0.031253" total="1" passed="1" failed="0" inconclusive="0" skipped="0" asserts="5">
        <test-case id="0-1193" name="TestImportsParamsDefArrayUsertypeImported" fullname="Kaitai.SpecImportsParamsDefArrayUsertypeImported.TestImportsParamsDefArrayUsertypeImported" methodname="TestImportsParamsDefArrayUsertypeImported" classname="Kaitai.SpecImportsParamsDefArrayUsertypeImported" runstate="Runnable" seed="1074307497" result="Passed" start-time="2024-07-13 00:27:48Z" end-time="2024-07-13 00:27:48Z" duration="0.001283" asserts="5" />
      </test-suite>
      <test-suite type="TestFixture" id="0-1194" name="SpecImportsParamsDefEnumImported" fullname="Kaitai.SpecImportsParamsDefEnumImported" classname="Kaitai.SpecImportsParamsDefEnumImported" runstate="Runnable" testcasecount="1" result="Passed" start-time="2024-07-13 00:27:48Z" end-time="2024-07-13 00:27:48Z" duration="0.031261" total="1" passed="1" failed="0" inconclusive="0" skipped="0" asserts="4">
        <test-case id="0-1195" name="TestImportsParamsDefEnumImported" fullname="Kaitai.SpecImportsParamsDefEnumImported.TestImportsParamsDefEnumImported" methodname="TestImportsParamsDefEnumImported" classname="Kaitai.SpecImportsParamsDefEnumImported" runstate="Runnable" seed="1868042144" result="Passed" start-time="2024-07-13 00:27:48Z" end-time="2024-07-13 00:27:48Z" duration="0.000877" asserts="4" />
      </test-suite>
      <test-suite type="TestFixture" id="0-1196" name="SpecImportsParamsDefUsertypeImported" fullname="Kaitai.SpecImportsParamsDefUsertypeImported" classname="Kaitai.SpecImportsParamsDefUsertypeImported" runstate="Runnable" testcasecount="1" result="Passed" start-time="2024-07-13 00:27:48Z" end-time="2024-07-13 00:27:48Z" duration="0.031395" total="1" passed="1" failed="0" inconclusive="0" skipped="0" asserts="2">
        <test-case id="0-1197" name="TestImportsParamsDefUsertypeImported" fullname="Kaitai.SpecImportsParamsDefUsertypeImported.TestImportsParamsDefUsertypeImported" methodname="TestImportsParamsDefUsertypeImported" classname="Kaitai.SpecImportsParamsDefUsertypeImported" runstate="Runnable" seed="471667597" result="Passed" start-time="2024-07-13 00:27:48Z" end-time="2024-07-13 00:27:48Z" duration="0.000919" asserts="2" />
      </test-suite>
      <test-suite type="TestFixture" id="0-1198" name="SpecImportsRel1" fullname="Kaitai.SpecImportsRel1" classname="Kaitai.SpecImportsRel1" runstate="Runnable" testcasecount="1" result="Passed" start-time="2024-07-13 00:27:48Z" end-time="2024-07-13 00:27:48Z" duration="0.031256" total="1" passed="1" failed="0" inconclusive="0" skipped="0" asserts="3">
        <test-case id="0-1199" name="TestImportsRel1" fullname="Kaitai.SpecImportsRel1.TestImportsRel1" methodname="TestImportsRel1" classname="Kaitai.SpecImportsRel1" runstate="Runnable" seed="108682128" result="Passed" start-time="2024-07-13 00:27:48Z" end-time="2024-07-13 00:27:48Z" duration="0.000945" asserts="3" />
      </test-suite>
      <test-suite type="TestFixture" id="0-1200" name="SpecIndexSizes" fullname="Kaitai.SpecIndexSizes" classname="Kaitai.SpecIndexSizes" runstate="Runnable" testcasecount="1" result="Passed" start-time="2024-07-13 00:27:48Z" end-time="2024-07-13 00:27:48Z" duration="0.031260" total="1" passed="1" failed="0" inconclusive="0" skipped="0" asserts="7">
        <test-case id="0-1201" name="TestIndexSizes" fullname="Kaitai.SpecIndexSizes.TestIndexSizes" methodname="TestIndexSizes" classname="Kaitai.SpecIndexSizes" runstate="Runnable" seed="1325695923" result="Passed" start-time="2024-07-13 00:27:48Z" end-time="2024-07-13 00:27:48Z" duration="0.001089" asserts="7" />
      </test-suite>
      <test-suite type="TestFixture" id="0-1202" name="SpecIndexToParamEos" fullname="Kaitai.SpecIndexToParamEos" classname="Kaitai.SpecIndexToParamEos" runstate="Runnable" testcasecount="1" result="Passed" start-time="2024-07-13 00:27:48Z" end-time="2024-07-13 00:27:48Z" duration="0.031302" total="1" passed="1" failed="0" inconclusive="0" skipped="0" asserts="7">
        <test-case id="0-1203" name="TestIndexToParamEos" fullname="Kaitai.SpecIndexToParamEos.TestIndexToParamEos" methodname="TestIndexToParamEos" classname="Kaitai.SpecIndexToParamEos" runstate="Runnable" seed="852903844" result="Passed" start-time="2024-07-13 00:27:48Z" end-time="2024-07-13 00:27:48Z" duration="0.001287" asserts="7" />
      </test-suite>
      <test-suite type="TestFixture" id="0-1204" name="SpecIndexToParamExpr" fullname="Kaitai.SpecIndexToParamExpr" classname="Kaitai.SpecIndexToParamExpr" runstate="Runnable" testcasecount="1" result="Passed" start-time="2024-07-13 00:27:48Z" end-time="2024-07-13 00:27:48Z" duration="0.031254" total="1" passed="1" failed="0" inconclusive="0" skipped="0" asserts="7">
        <test-case id="0-1205" name="TestIndexToParamExpr" fullname="Kaitai.SpecIndexToParamExpr.TestIndexToParamExpr" methodname="TestIndexToParamExpr" classname="Kaitai.SpecIndexToParamExpr" runstate="Runnable" seed="388302966" result="Passed" start-time="2024-07-13 00:27:48Z" end-time="2024-07-13 00:27:48Z" duration="0.001377" asserts="7" />
      </test-suite>
      <test-suite type="TestFixture" id="0-1206" name="SpecIndexToParamUntil" fullname="Kaitai.SpecIndexToParamUntil" classname="Kaitai.SpecIndexToParamUntil" runstate="Runnable" testcasecount="1" result="Passed" start-time="2024-07-13 00:27:48Z" end-time="2024-07-13 00:27:48Z" duration="0.031267" total="1" passed="1" failed="0" inconclusive="0" skipped="0" asserts="7">
        <test-case id="0-1207" name="TestIndexToParamUntil" fullname="Kaitai.SpecIndexToParamUntil.TestIndexToParamUntil" methodname="TestIndexToParamUntil" classname="Kaitai.SpecIndexToParamUntil" runstate="Runnable" seed="1266106656" result="Passed" start-time="2024-07-13 00:27:48Z" end-time="2024-07-13 00:27:48Z" duration="0.001323" asserts="7" />
      </test-suite>
      <test-suite type="TestFixture" id="0-1208" name="SpecInstanceIoUser" fullname="Kaitai.SpecInstanceIoUser" classname="Kaitai.SpecInstanceIoUser" runstate="Runnable" testcasecount="1" result="Passed" start-time="2024-07-13 00:27:48Z" end-time="2024-07-13 00:27:48Z" duration="0.031270" total="1" passed="1" failed="0" inconclusive="0" skipped="0" asserts="4">
        <test-case id="0-1209" name="TestInstanceIoUser" fullname="Kaitai.SpecInstanceIoUser.TestInstanceIoUser" methodname="TestInstanceIoUser" classname="Kaitai.SpecInstanceIoUser" runstate="Runnable" seed="157225869" result="Passed" start-time="2024-07-13 00:27:48Z" end-time="2024-07-13 00:27:48Z" duration="0.001593" asserts="4" />
      </test-suite>
      <test-suite type="TestFixture" id="0-1210" name="SpecInstanceStd" fullname="Kaitai.SpecInstanceStd" classname="Kaitai.SpecInstanceStd" runstate="Runnable" testcasecount="1" result="Passed" start-time="2024-07-13 00:27:48Z" end-time="2024-07-13 00:27:48Z" duration="0.031267" total="1" passed="1" failed="0" inconclusive="0" skipped="0" asserts="1">
        <test-case id="0-1211" name="TestInstanceStd" fullname="Kaitai.SpecInstanceStd.TestInstanceStd" methodname="TestInstanceStd" classname="Kaitai.SpecInstanceStd" runstate="Runnable" seed="891626504" result="Passed" start-time="2024-07-13 00:27:48Z" end-time="2024-07-13 00:27:48Z" duration="0.000624" asserts="1" />
      </test-suite>
      <test-suite type="TestFixture" id="0-1212" name="SpecInstanceStdArray" fullname="Kaitai.SpecInstanceStdArray" classname="Kaitai.SpecInstanceStdArray" runstate="Runnable" testcasecount="1" result="Passed" start-time="2024-07-13 00:27:48Z" end-time="2024-07-13 00:27:48Z" duration="0.031304" total="1" passed="1" failed="0" inconclusive="0" skipped="0" asserts="7">
[...]
      </test-suite>
      <test-suite type="TestFixture" id="0-1420" name="SpecTsPacketHeader" fullname="Kaitai.SpecTsPacketHeader" classname="Kaitai.SpecTsPacketHeader" runstate="Runnable" testcasecount="1" result="Passed" start-time="2024-07-13 00:27:55Z" end-time="2024-07-13 00:27:55Z" duration="0.031260" total="1" passed="1" failed="0" inconclusive="0" skipped="0" asserts="7">
        <test-case id="0-1421" name="TestTsPacketHeader" fullname="Kaitai.SpecTsPacketHeader.TestTsPacketHeader" methodname="TestTsPacketHeader" classname="Kaitai.SpecTsPacketHeader" runstate="Runnable" seed="123946196" result="Passed" start-time="2024-07-13 00:27:55Z" end-time="2024-07-13 00:27:55Z" duration="0.001048" asserts="7" />
      </test-suite>
      <test-suite type="TestFixture" id="0-1422" name="SpecTypeIntUnaryOp" fullname="Kaitai.SpecTypeIntUnaryOp" classname="Kaitai.SpecTypeIntUnaryOp" runstate="Runnable" testcasecount="1" result="Passed" start-time="2024-07-13 00:27:55Z" end-time="2024-07-13 00:27:55Z" duration="0.031255" total="1" passed="1" failed="0" inconclusive="0" skipped="0" asserts="4">
        <test-case id="0-1423" name="TestTypeIntUnaryOp" fullname="Kaitai.SpecTypeIntUnaryOp.TestTypeIntUnaryOp" methodname="TestTypeIntUnaryOp" classname="Kaitai.SpecTypeIntUnaryOp" runstate="Runnable" seed="784295824" result="Passed" start-time="2024-07-13 00:27:55Z" end-time="2024-07-13 00:27:55Z" duration="0.000879" asserts="4" />
      </test-suite>
      <test-suite type="TestFixture" id="0-1424" name="SpecTypeTernary" fullname="Kaitai.SpecTypeTernary" classname="Kaitai.SpecTypeTernary" runstate="Runnable" testcasecount="1" result="Passed" start-time="2024-07-13 00:27:55Z" end-time="2024-07-13 00:27:55Z" duration="0.031270" total="1" passed="1" failed="0" inconclusive="0" skipped="0" asserts="1">
        <test-case id="0-1425" name="TestTypeTernary" fullname="Kaitai.SpecTypeTernary.TestTypeTernary" methodname="TestTypeTernary" classname="Kaitai.SpecTypeTernary" runstate="Runnable" seed="548370271" result="Passed" start-time="2024-07-13 00:27:55Z" end-time="2024-07-13 00:27:55Z" duration="0.000986" asserts="1" />
      </test-suite>
      <test-suite type="TestFixture" id="0-1426" name="SpecTypeTernary2ndFalsy" fullname="Kaitai.SpecTypeTernary2ndFalsy" classname="Kaitai.SpecTypeTernary2ndFalsy" runstate="Runnable" testcasecount="1" result="Passed" start-time="2024-07-13 00:27:55Z" end-time="2024-07-13 00:27:55Z" duration="0.031322" total="1" passed="1" failed="0" inconclusive="0" skipped="0" asserts="13">
        <test-case id="0-1427" name="TestTypeTernary2ndFalsy" fullname="Kaitai.SpecTypeTernary2ndFalsy.TestTypeTernary2ndFalsy" methodname="TestTypeTernary2ndFalsy" classname="Kaitai.SpecTypeTernary2ndFalsy" runstate="Runnable" seed="891330667" result="Passed" start-time="2024-07-13 00:27:55Z" end-time="2024-07-13 00:27:55Z" duration="0.002158" asserts="13" />
      </test-suite>
      <test-suite type="TestFixture" id="0-1428" name="SpecTypeTernaryOpaque" fullname="Kaitai.SpecTypeTernaryOpaque" classname="Kaitai.SpecTypeTernaryOpaque" runstate="Runnable" testcasecount="1" result="Passed" start-time="2024-07-13 00:27:55Z" end-time="2024-07-13 00:27:55Z" duration="0.031227" total="1" passed="1" failed="0" inconclusive="0" skipped="0" asserts="3">
        <test-case id="0-1429" name="TestTypeTernaryOpaque" fullname="Kaitai.SpecTypeTernaryOpaque.TestTypeTernaryOpaque" methodname="TestTypeTernaryOpaque" classname="Kaitai.SpecTypeTernaryOpaque" runstate="Runnable" seed="528561627" result="Passed" start-time="2024-07-13 00:27:55Z" end-time="2024-07-13 00:27:55Z" duration="0.001057" asserts="3" />
      </test-suite>
      <test-suite type="TestFixture" id="0-1430" name="SpecUserType" fullname="Kaitai.SpecUserType" classname="Kaitai.SpecUserType" runstate="Runnable" testcasecount="1" result="Passed" start-time="2024-07-13 00:27:55Z" end-time="2024-07-13 00:27:55Z" duration="0.031248" total="1" passed="1" failed="0" inconclusive="0" skipped="0" asserts="2">
        <test-case id="0-1431" name="TestUserType" fullname="Kaitai.SpecUserType.TestUserType" methodname="TestUserType" classname="Kaitai.SpecUserType" runstate="Runnable" seed="1663140282" result="Passed" start-time="2024-07-13 00:27:55Z" end-time="2024-07-13 00:27:55Z" duration="0.000811" asserts="2" />
      </test-suite>
      <test-suite type="TestFixture" id="0-1432" name="SpecValidEqStrEncodings" fullname="Kaitai.SpecValidEqStrEncodings" classname="Kaitai.SpecValidEqStrEncodings" runstate="Runnable" testcasecount="1" result="Passed" start-time="2024-07-13 00:27:55Z" end-time="2024-07-13 00:27:55Z" duration="0.031274" total="1" passed="1" failed="0" inconclusive="0" skipped="0" asserts="0">
        <test-case id="0-1433" name="TestValidEqStrEncodings" fullname="Kaitai.SpecValidEqStrEncodings.TestValidEqStrEncodings" methodname="TestValidEqStrEncodings" classname="Kaitai.SpecValidEqStrEncodings" runstate="Runnable" seed="1544738621" result="Passed" start-time="2024-07-13 00:27:55Z" end-time="2024-07-13 00:27:55Z" duration="0.001255" asserts="0" />
      </test-suite>
      <test-suite type="TestFixture" id="0-1434" name="SpecValidFailAnyofInt" fullname="Kaitai.SpecValidFailAnyofInt" classname="Kaitai.SpecValidFailAnyofInt" runstate="Runnable" testcasecount="1" result="Passed" start-time="2024-07-13 00:27:55Z" end-time="2024-07-13 00:27:55Z" duration="0.031261" total="1" passed="1" failed="0" inconclusive="0" skipped="0" asserts="1">
        <test-case id="0-1435" name="TestValidFailAnyofInt" fullname="Kaitai.SpecValidFailAnyofInt.TestValidFailAnyofInt" methodname="TestValidFailAnyofInt" classname="Kaitai.SpecValidFailAnyofInt" runstate="Runnable" seed="1407203932" result="Passed" start-time="2024-07-13 00:27:55Z" end-time="2024-07-13 00:27:55Z" duration="0.001190" asserts="1" />
      </test-suite>
      <test-suite type="TestFixture" id="0-1436" name="SpecValidFailContents" fullname="Kaitai.SpecValidFailContents" classname="Kaitai.SpecValidFailContents" runstate="Runnable" testcasecount="1" result="Passed" start-time="2024-07-13 00:27:55Z" end-time="2024-07-13 00:27:55Z" duration="0.031256" total="1" passed="1" failed="0" inconclusive="0" skipped="0" asserts="1">
        <test-case id="0-1437" name="TestValidFailContents" fullname="Kaitai.SpecValidFailContents.TestValidFailContents" methodname="TestValidFailContents" classname="Kaitai.SpecValidFailContents" runstate="Runnable" seed="949625354" result="Passed" start-time="2024-07-13 00:27:55Z" end-time="2024-07-13 00:27:55Z" duration="0.001290" asserts="1" />
      </test-suite>
      <test-suite type="TestFixture" id="0-1438" name="SpecValidFailEqBytes" fullname="Kaitai.SpecValidFailEqBytes" classname="Kaitai.SpecValidFailEqBytes" runstate="Runnable" testcasecount="1" result="Passed" start-time="2024-07-13 00:27:55Z" end-time="2024-07-13 00:27:55Z" duration="0.031262" total="1" passed="1" failed="0" inconclusive="0" skipped="0" asserts="1">
        <test-case id="0-1439" name="TestValidFailEqBytes" fullname="Kaitai.SpecValidFailEqBytes.TestValidFailEqBytes" methodname="TestValidFailEqBytes" classname="Kaitai.SpecValidFailEqBytes" runstate="Runnable" seed="1219252119" result="Passed" start-time="2024-07-13 00:27:55Z" end-time="2024-07-13 00:27:55Z" duration="0.000897" asserts="1" />
      </test-suite>
      <test-suite type="TestFixture" id="0-1440" name="SpecValidFailEqInt" fullname="Kaitai.SpecValidFailEqInt" classname="Kaitai.SpecValidFailEqInt" runstate="Runnable" testcasecount="1" result="Passed" start-time="2024-07-13 00:27:55Z" end-time="2024-07-13 00:27:55Z" duration="0.031244" total="1" passed="1" failed="0" inconclusive="0" skipped="0" asserts="1">
        <test-case id="0-1441" name="TestValidFailEqInt" fullname="Kaitai.SpecValidFailEqInt.TestValidFailEqInt" methodname="TestValidFailEqInt" classname="Kaitai.SpecValidFailEqInt" runstate="Runnable" seed="782778115" result="Passed" start-time="2024-07-13 00:27:55Z" end-time="2024-07-13 00:27:55Z" duration="0.000885" asserts="1" />
      </test-suite>
      <test-suite type="TestFixture" id="0-1442" name="SpecValidFailEqStr" fullname="Kaitai.SpecValidFailEqStr" classname="Kaitai.SpecValidFailEqStr" runstate="Runnable" testcasecount="1" result="Passed" start-time="2024-07-13 00:27:55Z" end-time="2024-07-13 00:27:55Z" duration="0.031380" total="1" passed="1" failed="0" inconclusive="0" skipped="0" asserts="1">
        <test-case id="0-1443" name="TestValidFailEqStr" fullname="Kaitai.SpecValidFailEqStr.TestValidFailEqStr" methodname="TestValidFailEqStr" classname="Kaitai.SpecValidFailEqStr" runstate="Runnable" seed="83332804" result="Passed" start-time="2024-07-13 00:27:55Z" end-time="2024-07-13 00:27:55Z" duration="0.000859" asserts="1" />
      </test-suite>
      <test-suite type="TestFixture" id="0-1444" name="SpecValidFailExpr" fullname="Kaitai.SpecValidFailExpr" classname="Kaitai.SpecValidFailExpr" runstate="Runnable" testcasecount="1" result="Passed" start-time="2024-07-13 00:27:56Z" end-time="2024-07-13 00:27:56Z" duration="0.031242" total="1" passed="1" failed="0" inconclusive="0" skipped="0" asserts="1">
        <test-case id="0-1445" name="TestValidFailExpr" fullname="Kaitai.SpecValidFailExpr.TestValidFailExpr" methodname="TestValidFailExpr" classname="Kaitai.SpecValidFailExpr" runstate="Runnable" seed="658423514" result="Passed" start-time="2024-07-13 00:27:56Z" end-time="2024-07-13 00:27:56Z" duration="0.000981" asserts="1" />
      </test-suite>
      <test-suite type="TestFixture" id="0-1446" name="SpecValidFailInst" fullname="Kaitai.SpecValidFailInst" classname="Kaitai.SpecValidFailInst" runstate="Runnable" testcasecount="1" result="Passed" start-time="2024-07-13 00:27:56Z" end-time="2024-07-13 00:27:56Z" duration="0.031263" total="1" passed="1" failed="0" inconclusive="0" skipped="0" asserts="1">
        <test-case id="0-1447" name="TestValidFailInst" fullname="Kaitai.SpecValidFailInst.TestValidFailInst" methodname="TestValidFailInst" classname="Kaitai.SpecValidFailInst" runstate="Runnable" seed="2045270684" result="Passed" start-time="2024-07-13 00:27:56Z" end-time="2024-07-13 00:27:56Z" duration="0.000933" asserts="1" />
      </test-suite>
      <test-suite type="TestFixture" id="0-1448" name="SpecValidFailMaxInt" fullname="Kaitai.SpecValidFailMaxInt" classname="Kaitai.SpecValidFailMaxInt" runstate="Runnable" testcasecount="1" result="Passed" start-time="2024-07-13 00:27:56Z" end-time="2024-07-13 00:27:56Z" duration="0.031253" total="1" passed="1" failed="0" inconclusive="0" skipped="0" asserts="1">
        <test-case id="0-1449" name="TestValidFailMaxInt" fullname="Kaitai.SpecValidFailMaxInt.TestValidFailMaxInt" methodname="TestValidFailMaxInt" classname="Kaitai.SpecValidFailMaxInt" runstate="Runnable" seed="393115791" result="Passed" start-time="2024-07-13 00:27:56Z" end-time="2024-07-13 00:27:56Z" duration="0.000952" asserts="1" />
      </test-suite>
      <test-suite type="TestFixture" id="0-1450" name="SpecValidFailMinInt" fullname="Kaitai.SpecValidFailMinInt" classname="Kaitai.SpecValidFailMinInt" runstate="Runnable" testcasecount="1" result="Passed" start-time="2024-07-13 00:27:56Z" end-time="2024-07-13 00:27:56Z" duration="0.031300" total="1" passed="1" failed="0" inconclusive="0" skipped="0" asserts="1">
        <test-case id="0-1451" name="TestValidFailMinInt" fullname="Kaitai.SpecValidFailMinInt.TestValidFailMinInt" methodname="TestValidFailMinInt" classname="Kaitai.SpecValidFailMinInt" runstate="Runnable" seed="1168003317" result="Passed" start-time="2024-07-13 00:27:56Z" end-time="2024-07-13 00:27:56Z" duration="0.000900" asserts="1" />
      </test-suite>
      <test-suite type="TestFixture" id="0-1452" name="SpecValidFailRangeBytes" fullname="Kaitai.SpecValidFailRangeBytes" classname="Kaitai.SpecValidFailRangeBytes" runstate="Runnable" testcasecount="1" result="Passed" start-time="2024-07-13 00:27:56Z" end-time="2024-07-13 00:27:56Z" duration="0.031258" total="1" passed="1" failed="0" inconclusive="0" skipped="0" asserts="1">
        <test-case id="0-1453" name="TestValidFailRangeBytes" fullname="Kaitai.SpecValidFailRangeBytes.TestValidFailRangeBytes" methodname="TestValidFailRangeBytes" classname="Kaitai.SpecValidFailRangeBytes" runstate="Runnable" seed="922552762" result="Passed" start-time="2024-07-13 00:27:56Z" end-time="2024-07-13 00:27:56Z" duration="0.000986" asserts="1" />
      </test-suite>
      <test-suite type="TestFixture" id="0-1454" name="SpecValidFailRangeFloat" fullname="Kaitai.SpecValidFailRangeFloat" classname="Kaitai.SpecValidFailRangeFloat" runstate="Runnable" testcasecount="1" result="Passed" start-time="2024-07-13 00:27:56Z" end-time="2024-07-13 00:27:56Z" duration="0.031319" total="1" passed="1" failed="0" inconclusive="0" skipped="0" asserts="1">
        <test-case id="0-1455" name="TestValidFailRangeFloat" fullname="Kaitai.SpecValidFailRangeFloat.TestValidFailRangeFloat" methodname="TestValidFailRangeFloat" classname="Kaitai.SpecValidFailRangeFloat" runstate="Runnable" seed="309104970" result="Passed" start-time="2024-07-13 00:27:56Z" end-time="2024-07-13 00:27:56Z" duration="0.000861" asserts="1" />
      </test-suite>
      <test-suite type="TestFixture" id="0-1456" name="SpecValidFailRangeInt" fullname="Kaitai.SpecValidFailRangeInt" classname="Kaitai.SpecValidFailRangeInt" runstate="Runnable" testcasecount="1" result="Passed" start-time="2024-07-13 00:27:56Z" end-time="2024-07-13 00:27:56Z" duration="0.031246" total="1" passed="1" failed="0" inconclusive="0" skipped="0" asserts="1">
        <test-case id="0-1457" name="TestValidFailRangeInt" fullname="Kaitai.SpecValidFailRangeInt.TestValidFailRangeInt" methodname="TestValidFailRangeInt" classname="Kaitai.SpecValidFailRangeInt" runstate="Runnable" seed="696698620" result="Passed" start-time="2024-07-13 00:27:56Z" end-time="2024-07-13 00:27:56Z" duration="0.000842" asserts="1" />
      </test-suite>
      <test-suite type="TestFixture" id="0-1458" name="SpecValidFailRangeStr" fullname="Kaitai.SpecValidFailRangeStr" classname="Kaitai.SpecValidFailRangeStr" runstate="Runnable" testcasecount="1" result="Passed" start-time="2024-07-13 00:27:56Z" end-time="2024-07-13 00:27:56Z" duration="0.031310" total="1" passed="1" failed="0" inconclusive="0" skipped="0" asserts="1">
        <test-case id="0-1459" name="TestValidFailRangeStr" fullname="Kaitai.SpecValidFailRangeStr.TestValidFailRangeStr" methodname="TestValidFailRangeStr" classname="Kaitai.SpecValidFailRangeStr" runstate="Runnable" seed="1869114705" result="Passed" start-time="2024-07-13 00:27:56Z" end-time="2024-07-13 00:27:56Z" duration="0.000842" asserts="1" />
      </test-suite>
      <test-suite type="TestFixture" id="0-1460" name="SpecValidLong" fullname="Kaitai.SpecValidLong" classname="Kaitai.SpecValidLong" runstate="Runnable" testcasecount="1" result="Passed" start-time="2024-07-13 00:27:56Z" end-time="2024-07-13 00:27:56Z" duration="0.031250" total="1" passed="1" failed="0" inconclusive="0" skipped="0" asserts="0">
        <test-case id="0-1461" name="TestValidLong" fullname="Kaitai.SpecValidLong.TestValidLong" methodname="TestValidLong" classname="Kaitai.SpecValidLong" runstate="Runnable" seed="140117442" result="Passed" start-time="2024-07-13 00:27:56Z" end-time="2024-07-13 00:27:56Z" duration="0.002035" asserts="0" />
      </test-suite>
      <test-suite type="TestFixture" id="0-1462" name="SpecValidNotParsedIf" fullname="Kaitai.SpecValidNotParsedIf" classname="Kaitai.SpecValidNotParsedIf" runstate="Runnable" testcasecount="1" result="Passed" start-time="2024-07-13 00:27:56Z" end-time="2024-07-13 00:27:56Z" duration="0.031270" total="1" passed="1" failed="0" inconclusive="0" skipped="0" asserts="0">
        <test-case id="0-1463" name="TestValidNotParsedIf" fullname="Kaitai.SpecValidNotParsedIf.TestValidNotParsedIf" methodname="TestValidNotParsedIf" classname="Kaitai.SpecValidNotParsedIf" runstate="Runnable" seed="1594258584" result="Passed" start-time="2024-07-13 00:27:56Z" end-time="2024-07-13 00:27:56Z" duration="0.000751" asserts="0" />
      </test-suite>
      <test-suite type="TestFixture" id="0-1464" name="SpecValidOptionalId" fullname="Kaitai.SpecValidOptionalId" classname="Kaitai.SpecValidOptionalId" runstate="Runnable" testcasecount="1" result="Passed" start-time="2024-07-13 00:27:56Z" end-time="2024-07-13 00:27:56Z" duration="0.031251" total="1" passed="1" failed="0" inconclusive="0" skipped="0" asserts="0">
        <test-case id="0-1465" name="TestValidOptionalId" fullname="Kaitai.SpecValidOptionalId.TestValidOptionalId" methodname="TestValidOptionalId" classname="Kaitai.SpecValidOptionalId" runstate="Runnable" seed="2080789799" result="Passed" start-time="2024-07-13 00:27:56Z" end-time="2024-07-13 00:27:56Z" duration="0.000837" asserts="0" />
      </test-suite>
      <test-suite type="TestFixture" id="0-1466" name="SpecValidShort" fullname="Kaitai.SpecValidShort" classname="Kaitai.SpecValidShort" runstate="Runnable" testcasecount="1" result="Passed" start-time="2024-07-13 00:27:56Z" end-time="2024-07-13 00:27:56Z" duration="0.031265" total="1" passed="1" failed="0" inconclusive="0" skipped="0" asserts="0">
        <test-case id="0-1467" name="TestValidShort" fullname="Kaitai.SpecValidShort.TestValidShort" methodname="TestValidShort" classname="Kaitai.SpecValidShort" runstate="Runnable" seed="1129713481" result="Passed" start-time="2024-07-13 00:27:56Z" end-time="2024-07-13 00:27:56Z" duration="0.001809" asserts="0" />
      </test-suite>
      <test-suite type="TestFixture" id="0-1468" name="SpecValidSwitch" fullname="Kaitai.SpecValidSwitch" classname="Kaitai.SpecValidSwitch" runstate="Runnable" testcasecount="1" result="Passed" start-time="2024-07-13 00:27:56Z" end-time="2024-07-13 00:27:56Z" duration="0.031249" total="1" passed="1" failed="0" inconclusive="0" skipped="0" asserts="0">
        <test-case id="0-1469" name="TestValidSwitch" fullname="Kaitai.SpecValidSwitch.TestValidSwitch" methodname="TestValidSwitch" classname="Kaitai.SpecValidSwitch" runstate="Runnable" seed="227279793" result="Passed" start-time="2024-07-13 00:27:56Z" end-time="2024-07-13 00:27:56Z" duration="0.000779" asserts="0" />
      </test-suite>
      <test-suite type="TestFixture" id="0-1470" name="SpecZlibSurrounded" fullname="Kaitai.SpecZlibSurrounded" classname="Kaitai.SpecZlibSurrounded" runstate="Runnable" testcasecount="1" result="Passed" start-time="2024-07-13 00:27:56Z" end-time="2024-07-13 00:27:56Z" duration="0.078107" total="1" passed="1" failed="0" inconclusive="0" skipped="0" asserts="1">
        <test-case id="0-1471" name="TestZlibSurrounded" fullname="Kaitai.SpecZlibSurrounded.TestZlibSurrounded" methodname="TestZlibSurrounded" classname="Kaitai.SpecZlibSurrounded" runstate="Runnable" seed="1340105462" result="Passed" start-time="2024-07-13 00:27:56Z" end-time="2024-07-13 00:27:56Z" duration="0.057063" asserts="1" />
      </test-suite>
      <test-suite type="TestFixture" id="0-1472" name="SpecZlibWithHeader78" fullname="Kaitai.SpecZlibWithHeader78" classname="Kaitai.SpecZlibWithHeader78" runstate="Runnable" testcasecount="1" result="Passed" start-time="2024-07-13 00:27:56Z" end-time="2024-07-13 00:27:56Z" duration="0.031262" total="1" passed="1" failed="0" inconclusive="0" skipped="0" asserts="1">
        <test-case id="0-1473" name="TestZlibWithHeader78" fullname="Kaitai.SpecZlibWithHeader78.TestZlibWithHeader78" methodname="TestZlibWithHeader78" classname="Kaitai.SpecZlibWithHeader78" runstate="Runnable" seed="225017704" result="Passed" start-time="2024-07-13 00:27:56Z" end-time="2024-07-13 00:27:56Z" duration="0.000638" asserts="1" />
      </test-suite>
    </test-suite>
  </test-suite>
</test-run>