<?xml version="1.0" encoding="utf-8" standalone="no"?>
<test-run id="2" testcasecount="150" result="Passed" total="150" passed="150" failed="0" inconclusive="0" skipped="0" asserts="702" engine-version="3.4.1.0" clr-version="4.0.30319.42000" start-time="2019-10-23 10:12:51Z" end-time="2019-10-23 10:12:52Z" duration="1.044138">
  <command-line><![CDATA[/home/travis/build/kaitai-io/ci_targets/tests/spec/csharp/packages/NUnit.ConsoleRunner.3.4.1/tools/nunit3-console.exe --result=test_out/csharp/TestResult.xml spec/csharp/kaitai_struct_csharp_tests/bin/Debug/kaitai_struct_csharp_tests.dll]]></command-line>
  <test-suite type="Assembly" id="0-1300" name="kaitai_struct_csharp_tests.dll" fullname="/home/travis/build/kaitai-io/ci_targets/tests/spec/csharp/kaitai_struct_csharp_tests/bin/Debug/kaitai_struct_csharp_tests.dll" runstate="Runnable" testcasecount="150" result="Passed" start-time="2019-10-23 10:12:51Z" end-time="2019-10-23 10:12:52Z" duration="0.949938" total="150" passed="150" failed="0" inconclusive="0" skipped="0" asserts="702">
    <environment framework-version="3.4.1.0" clr-version="4.0.30319.42000" os-version="Unix 4.4.0.101" platform="Unix" cwd="/home/travis/build/kaitai-io/ci_targets/tests" machine-name="travis-job-5a36a769-070b-4eed-b17c-3d2eacc7b622" user="travis" user-domain="travis-job-5a36a769-070b-4eed-b17c-3d2eacc7b622" culture="en-US" uiculture="en-US" os-architecture="x64" />
    <settings>
      <setting name="WorkDirectory" value="/home/travis/build/kaitai-io/ci_targets/tests" />
      <setting name="ImageRuntimeVersion" value="4.0.30319" />
      <setting name="ImageTargetFrameworkName" value=".NETFramework,Version=v4.5" />
      <setting name="ImageRequiresX86" value="False" />
      <setting name="ImageRequiresDefaultAppDomainAssemblyResolver" value="False" />
      <setting name="NumberOfTestWorkers" value="2" />
    </settings>
    <properties>
      <property name="_PID" value="9776" />
      <property name="_APPDOMAIN" value="test-domain-" />
    </properties>
    <test-suite type="TestSuite" id="0-1301" name="Kaitai" fullname="Kaitai" runstate="Runnable" testcasecount="150" result="Passed" start-time="2019-10-23 10:12:51Z" end-time="2019-10-23 10:12:52Z" duration="0.935648" total="150" passed="150" failed="0" inconclusive="0" skipped="0" asserts="702">
      <test-suite type="TestFixture" id="0-1000" name="SpecBcdUserTypeBe" fullname="Kaitai.SpecBcdUserTypeBe" classname="Kaitai.SpecBcdUserTypeBe" runstate="Runnable" testcasecount="1" result="Passed" start-time="2019-10-23 10:12:51Z" end-time="2019-10-23 10:12:51Z" duration="0.021321" total="1" passed="1" failed="0" inconclusive="0" skipped="0" asserts="6">
        <test-case id="0-1001" name="TestBcdUserTypeBe" fullname="Kaitai.SpecBcdUserTypeBe.TestBcdUserTypeBe" methodname="TestBcdUserTypeBe" classname="Kaitai.SpecBcdUserTypeBe" runstate="Runnable" seed="794449078" result="Passed" start-time="2019-10-23 10:12:51Z" end-time="2019-10-23 10:12:51Z" duration="0.011275" asserts="6" />
      </test-suite>
      <test-suite type="TestFixture" id="0-1002" name="SpecBcdUserTypeLe" fullname="Kaitai.SpecBcdUserTypeLe" classname="Kaitai.SpecBcdUserTypeLe" runstate="Runnable" testcasecount="1" result="Passed" start-time="2019-10-23 10:12:51Z" end-time="2019-10-23 10:12:51Z" duration="0.006705" total="1" passed="1" failed="0" inconclusive="0" skipped="0" asserts="6">
        <test-case id="0-1003" name="TestBcdUserTypeLe" fullname="Kaitai.SpecBcdUserTypeLe.TestBcdUserTypeLe" methodname="TestBcdUserTypeLe" classname="Kaitai.SpecBcdUserTypeLe" runstate="Runnable" seed="1618136992" result="Passed" start-time="2019-10-23 10:12:51Z" end-time="2019-10-23 10:12:51Z" duration="0.004070" asserts="6" />
      </test-suite>
      <test-suite type="TestFixture" id="0-1004" name="SpecBitsByteAligned" fullname="Kaitai.SpecBitsByteAligned" classname="Kaitai.SpecBitsByteAligned" runstate="Runnable" testcasecount="1" result="Passed" start-time="2019-10-23 10:12:51Z" end-time="2019-10-23 10:12:51Z" duration="0.008726" total="1" passed="1" failed="0" inconclusive="0" skipped="0" asserts="9">
        <test-case id="0-1005" name="TestBitsByteAligned" fullname="Kaitai.SpecBitsByteAligned.TestBitsByteAligned" methodname="TestBitsByteAligned" classname="Kaitai.SpecBitsByteAligned" runstate="Runnable" seed="1424571779" result="Passed" start-time="2019-10-23 10:12:51Z" end-time="2019-10-23 10:12:51Z" duration="0.006141" asserts="9" />
      </test-suite>
      <test-suite type="TestFixture" id="0-1006" name="SpecBitsEnum" fullname="Kaitai.SpecBitsEnum" classname="Kaitai.SpecBitsEnum" runstate="Runnable" testcasecount="1" result="Passed" start-time="2019-10-23 10:12:51Z" end-time="2019-10-23 10:12:51Z" duration="0.003759" total="1" passed="1" failed="0" inconclusive="0" skipped="0" asserts="3">
        <test-case id="0-1007" name="TestBitsEnum" fullname="Kaitai.SpecBitsEnum.TestBitsEnum" methodname="TestBitsEnum" classname="Kaitai.SpecBitsEnum" runstate="Runnable" seed="822405342" result="Passed" start-time="2019-10-23 10:12:51Z" end-time="2019-10-23 10:12:51Z" duration="0.000828" asserts="3" />
      </test-suite>
      <test-suite type="TestFixture" id="0-1008" name="SpecBitsSimple" fullname="Kaitai.SpecBitsSimple" classname="Kaitai.SpecBitsSimple" runstate="Runnable" testcasecount="1" result="Passed" start-time="2019-10-23 10:12:51Z" end-time="2019-10-23 10:12:51Z" duration="0.005972" total="1" passed="1" failed="0" inconclusive="0" skipped="0" asserts="14">
        <test-case id="0-1009" name="TestBitsSimple" fullname="Kaitai.SpecBitsSimple.TestBitsSimple" methodname="TestBitsSimple" classname="Kaitai.SpecBitsSimple" runstate="Runnable" seed="1329576646" result="Passed" start-time="2019-10-23 10:12:51Z" end-time="2019-10-23 10:12:51Z" duration="0.002428" asserts="14" />
      </test-suite>
      <test-suite type="TestFixture" id="0-1010" name="SpecBufferedStruct" fullname="Kaitai.SpecBufferedStruct" classname="Kaitai.SpecBufferedStruct" runstate="Runnable" testcasecount="1" result="Passed" start-time="2019-10-23 10:12:51Z" end-time="2019-10-23 10:12:51Z" duration="0.004092" total="1" passed="1" failed="0" inconclusive="0" skipped="0" asserts="7">
        <test-case id="0-1011" name="TestBufferedStruct" fullname="Kaitai.SpecBufferedStruct.TestBufferedStruct" methodname="TestBufferedStruct" classname="Kaitai.SpecBufferedStruct" runstate="Runnable" seed="1768359497" result="Passed" start-time="2019-10-23 10:12:51Z" end-time="2019-10-23 10:12:51Z" duration="0.001603" asserts="7" />
      </test-suite>
      <test-suite type="TestFixture" id="0-1012" name="SpecBytesPadTerm" fullname="Kaitai.SpecBytesPadTerm" classname="Kaitai.SpecBytesPadTerm" runstate="Runnable" testcasecount="1" result="Passed" start-time="2019-10-23 10:12:51Z" end-time="2019-10-23 10:12:51Z" duration="0.003271" total="1" passed="1" failed="0" inconclusive="0" skipped="0" asserts="4">
        <test-case id="0-1013" name="TestBytesPadTerm" fullname="Kaitai.SpecBytesPadTerm.TestBytesPadTerm" methodname="TestBytesPadTerm" classname="Kaitai.SpecBytesPadTerm" runstate="Runnable" seed="389092735" result="Passed" start-time="2019-10-23 10:12:51Z" end-time="2019-10-23 10:12:51Z" duration="0.000786" asserts="4" />
      </test-suite>
      <test-suite type="TestFixture" id="0-1014" name="SpecCastNested" fullname="Kaitai.SpecCastNested" classname="Kaitai.SpecCastNested" runstate="Runnable" testcasecount="1" result="Passed" start-time="2019-10-23 10:12:51Z" end-time="2019-10-23 10:12:52Z" duration="0.020194" total="1" passed="1" failed="0" inconclusive="0" skipped="0" asserts="4">
        <test-case id="0-1015" name="TestCastNested" fullname="Kaitai.SpecCastNested.TestCastNested" methodname="TestCastNested" classname="Kaitai.SpecCastNested" runstate="Runnable" seed="914172734" result="Passed" start-time="2019-10-23 10:12:51Z" end-time="2019-10-23 10:12:52Z" duration="0.017684" asserts="4" />
      </test-suite>
      <test-suite type="TestFixture" id="0-1016" name="SpecCastToImported" fullname="Kaitai.SpecCastToImported" classname="Kaitai.SpecCastToImported" runstate="Runnable" testcasecount="1" result="Passed" start-time="2019-10-23 10:12:52Z" end-time="2019-10-23 10:12:52Z" duration="0.003277" total="1" passed="1" failed="0" inconclusive="0" skipped="0" asserts="2">
        <test-case id="0-1017" name="TestCastToImported" fullname="Kaitai.SpecCastToImported.TestCastToImported" methodname="TestCastToImported" classname="Kaitai.SpecCastToImported" runstate="Runnable" seed="434121587" result="Passed" start-time="2019-10-23 10:12:52Z" end-time="2019-10-23 10:12:52Z" duration="0.000701" asserts="2" />
      </test-suite>
      <test-suite type="TestFixture" id="0-1018" name="SpecCastToTop" fullname="Kaitai.SpecCastToTop" classname="Kaitai.SpecCastToTop" runstate="Runnable" testcasecount="1" result="Passed" start-time="2019-10-23 10:12:52Z" end-time="2019-10-23 10:12:52Z" duration="0.003475" total="1" passed="1" failed="0" inconclusive="0" skipped="0" asserts="3">
        <test-case id="0-1019" name="TestCastToTop" fullname="Kaitai.SpecCastToTop.TestCastToTop" methodname="TestCastToTop" classname="Kaitai.SpecCastToTop" runstate="Runnable" seed="1554576784" result="Passed" start-time="2019-10-23 10:12:52Z" end-time="2019-10-23 10:12:52Z" duration="0.000947" asserts="3" />
      </test-suite>
      <test-suite type="TestFixture" id="0-1020" name="SpecDebug0" fullname="Kaitai.SpecDebug0" classname="Kaitai.SpecDebug0" runstate="Runnable" testcasecount="1" result="Passed" start-time="2019-10-23 10:12:52Z" end-time="2019-10-23 10:12:52Z" duration="0.002591" total="1" passed="1" failed="0" inconclusive="0" skipped="0" asserts="0">
        <test-case id="0-1021" name="TestDebug0" fullname="Kaitai.SpecDebug0.TestDebug0" methodname="TestDebug0" classname="Kaitai.SpecDebug0" runstate="Runnable" seed="1021660429" result="Passed" start-time="2019-10-23 10:12:52Z" end-time="2019-10-23 10:12:52Z" duration="0.000082" asserts="0" />
      </test-suite>
      <test-suite type="TestFixture" id="0-1022" name="SpecDebugArrayUser" fullname="Kaitai.SpecDebugArrayUser" classname="Kaitai.SpecDebugArrayUser" runstate="Runnable" testcasecount="1" result="Passed" start-time="2019-10-23 10:12:52Z" end-time="2019-10-23 10:12:52Z" duration="0.003693" total="1" passed="1" failed="0" inconclusive="0" skipped="0" asserts="4">
        <test-case id="0-1023" name="TestDebugArrayUser" fullname="Kaitai.SpecDebugArrayUser.TestDebugArrayUser" methodname="TestDebugArrayUser" classname="Kaitai.SpecDebugArrayUser" runstate="Runnable" seed="1661689726" result="Passed" start-time="2019-10-23 10:12:52Z" end-time="2019-10-23 10:12:52Z" duration="0.001173" asserts="4" />
      </test-suite>
      <test-suite type="TestFixture" id="0-1024" name="SpecDebugEnumName" fullname="Kaitai.SpecDebugEnumName" classname="Kaitai.SpecDebugEnumName" runstate="Runnable" testcasecount="1" result="Passed" start-time="2019-10-23 10:12:52Z" end-time="2019-10-23 10:12:52Z" duration="0.002524" total="1" passed="1" failed="0" inconclusive="0" skipped="0" asserts="0">
        <test-case id="0-1025" name="TestDebugEnumName" fullname="Kaitai.SpecDebugEnumName.TestDebugEnumName" methodname="TestDebugEnumName" classname="Kaitai.SpecDebugEnumName" runstate="Runnable" seed="104090039" result="Passed" start-time="2019-10-23 10:12:52Z" end-time="2019-10-23 10:12:52Z" duration="0.000074" asserts="0" />
      </test-suite>
      <test-suite type="TestFixture" id="0-1026" name="SpecDefaultBigEndian" fullname="Kaitai.SpecDefaultBigEndian" classname="Kaitai.SpecDefaultBigEndian" runstate="Runnable" testcasecount="1" result="Passed" start-time="2019-10-23 10:12:52Z" end-time="2019-10-23 10:12:52Z" duration="0.002954" total="1" passed="1" failed="0" inconclusive="0" skipped="0" asserts="1">
        <test-case id="0-1027" name="TestDefaultBigEndian" fullname="Kaitai.SpecDefaultBigEndian.TestDefaultBigEndian" methodname="TestDefaultBigEndian" classname="Kaitai.SpecDefaultBigEndian" runstate="Runnable" seed="85894652" result="Passed" start-time="2019-10-23 10:12:52Z" end-time="2019-10-23 10:12:52Z" duration="0.000495" asserts="1" />
      </test-suite>
      <test-suite type="TestFixture" id="0-1028" name="SpecDefaultEndianExprException" fullname="Kaitai.SpecDefaultEndianExprException" classname="Kaitai.SpecDefaultEndianExprException" runstate="Runnable" testcasecount="1" result="Passed" start-time="2019-10-23 10:12:52Z" end-time="2019-10-23 10:12:52Z" duration="0.007228" total="1" passed="1" failed="0" inconclusive="0" skipped="0" asserts="1">
        <test-case id="0-1029" name="TestDefaultEndianExprException" fullname="Kaitai.SpecDefaultEndianExprException.TestDefaultEndianExprException" methodname="TestDefaultEndianExprException" classname="Kaitai.SpecDefaultEndianExprException" runstate="Runnable" seed="1801205434" result="Passed" start-time="2019-10-23 10:12:52Z" end-time="2019-10-23 10:12:52Z" duration="0.004740" asserts="1" />
      </test-suite>
      <test-suite type="TestFixture" id="0-1030" name="SpecDefaultEndianExprInherited" fullname="Kaitai.SpecDefaultEndianExprInherited" classname="Kaitai.SpecDefaultEndianExprInherited" runstate="Runnable" testcasecount="1" result="Passed" start-time="2019-10-23 10:12:52Z" end-time="2019-10-23 10:12:52Z" duration="0.005898" total="1" passed="1" failed="0" inconclusive="0" skipped="0" asserts="15">
        <test-case id="0-1031" name="TestDefaultEndianExprInherited" fullname="Kaitai.SpecDefaultEndianExprInherited.TestDefaultEndianExprInherited" methodname="TestDefaultEndianExprInherited" classname="Kaitai.SpecDefaultEndianExprInherited" runstate="Runnable" seed="514885847" result="Passed" start-time="2019-10-23 10:12:52Z" end-time="2019-10-23 10:12:52Z" duration="0.003439" asserts="15" />
      </test-suite>
      <test-suite type="TestFixture" id="0-1032" name="SpecDefaultEndianExprIsBe" fullname="Kaitai.SpecDefaultEndianExprIsBe" classname="Kaitai.SpecDefaultEndianExprIsBe" runstate="Runnable" testcasecount="1" result="Passed" start-time="2019-10-23 10:12:52Z" end-time="2019-10-23 10:12:52Z" duration="0.005568" total="1" passed="1" failed="0" inconclusive="0" skipped="0" asserts="18">
        <test-case id="0-1033" name="TestDefaultEndianExprIsBe" fullname="Kaitai.SpecDefaultEndianExprIsBe.TestDefaultEndianExprIsBe" methodname="TestDefaultEndianExprIsBe" classname="Kaitai.SpecDefaultEndianExprIsBe" runstate="Runnable" seed="1458848795" result="Passed" start-time="2019-10-23 10:12:52Z" end-time="2019-10-23 10:12:52Z" duration="0.003101" asserts="18" />
      </test-suite>
      <test-suite type="TestFixture" id="0-1034" name="SpecDefaultEndianExprIsLe" fullname="Kaitai.SpecDefaultEndianExprIsLe" classname="Kaitai.SpecDefaultEndianExprIsLe" runstate="Runnable" testcasecount="1" result="Passed" start-time="2019-10-23 10:12:52Z" end-time="2019-10-23 10:12:52Z" duration="0.004388" total="1" passed="1" failed="0" inconclusive="0" skipped="0" asserts="12">
        <test-case id="0-1035" name="TestDefaultEndianExprIsLe" fullname="Kaitai.SpecDefaultEndianExprIsLe.TestDefaultEndianExprIsLe" methodname="TestDefaultEndianExprIsLe" classname="Kaitai.SpecDefaultEndianExprIsLe" runstate="Runnable" seed="2142681555" result="Passed" start-time="2019-10-23 10:12:52Z" end-time="2019-10-23 10:12:52Z" duration="0.001937" asserts="12" />
      </test-suite>
      <test-suite type="TestFixture" id="0-1036" name="SpecDefaultEndianMod" fullname="Kaitai.SpecDefaultEndianMod" classname="Kaitai.SpecDefaultEndianMod" runstate="Runnable" testcasecount="1" result="Passed" start-time="2019-10-23 10:12:52Z" end-time="2019-10-23 10:12:52Z" duration="0.003294" total="1" passed="1" failed="0" inconclusive="0" skipped="0" asserts="3">
        <test-case id="0-1037" name="TestDefaultEndianMod" fullname="Kaitai.SpecDefaultEndianMod.TestDefaultEndianMod" methodname="TestDefaultEndianMod" classname="Kaitai.SpecDefaultEndianMod" runstate="Runnable" seed="2127841966" result="Passed" start-time="2019-10-23 10:12:52Z" end-time="2019-10-23 10:12:52Z" duration="0.000838" asserts="3" />
      </test-suite>
      <test-suite type="TestFixture" id="0-1038" name="SpecDocstrings" fullname="Kaitai.SpecDocstrings" classname="Kaitai.SpecDocstrings" runstate="Runnable" testcasecount="1" result="Passed" start-time="2019-10-23 10:12:52Z" end-time="2019-10-23 10:12:52Z" duration="0.002830" total="1" passed="1" failed="0" inconclusive="0" skipped="0" asserts="0">
        <test-case id="0-1039" name="TestDocstrings" fullname="Kaitai.SpecDocstrings.TestDocstrings" methodname="TestDocstrings" classname="Kaitai.SpecDocstrings" runstate="Runnable" seed="898387367" result="Passed" start-time="2019-10-23 10:12:52Z" end-time="2019-10-23 10:12:52Z" duration="0.000362" asserts="0" />
      </test-suite>
      <test-suite type="TestFixture" id="0-1040" name="SpecDocstringsDocref" fullname="Kaitai.SpecDocstringsDocref" classname="Kaitai.SpecDocstringsDocref" runstate="Runnable" testcasecount="1" result="Passed" start-time="2019-10-23 10:12:52Z" end-time="2019-10-23 10:12:52Z" duration="0.002833" total="1" passed="1" failed="0" inconclusive="0" skipped="0" asserts="0">
        <test-case id="0-1041" name="TestDocstringsDocref" fullname="Kaitai.SpecDocstringsDocref.TestDocstringsDocref" methodname="TestDocstringsDocref" classname="Kaitai.SpecDocstringsDocref" runstate="Runnable" seed="1961406426" result="Passed" start-time="2019-10-23 10:12:52Z" end-time="2019-10-23 10:12:52Z" duration="0.000393" asserts="0" />
      </test-suite>
      <test-suite type="TestFixture" id="0-1042" name="SpecDocstringsDocrefMulti" fullname="Kaitai.SpecDocstringsDocrefMulti" classname="Kaitai.SpecDocstringsDocrefMulti" runstate="Runnable" testcasecount="1" result="Passed" start-time="2019-10-23 10:12:52Z" end-time="2019-10-23 10:12:52Z" duration="0.002761" total="1" passed="1" failed="0" inconclusive="0" skipped="0" asserts="0">
        <test-case id="0-1043" name="TestDocstringsDocrefMulti" fullname="Kaitai.SpecDocstringsDocrefMulti.TestDocstringsDocrefMulti" methodname="TestDocstringsDocrefMulti" classname="Kaitai.SpecDocstringsDocrefMulti" runstate="Runnable" seed="1979415123" result="Passed" start-time="2019-10-23 10:12:52Z" end-time="2019-10-23 10:12:52Z" duration="0.000303" asserts="0" />
      </test-suite>
      <test-suite type="TestFixture" id="0-1044" name="SpecEnum0" fullname="Kaitai.SpecEnum0" classname="Kaitai.SpecEnum0" runstate="Runnable" testcasecount="1" result="Passed" start-time="2019-10-23 10:12:52Z" end-time="2019-10-23 10:12:52Z" duration="0.002905" total="1" passed="1" failed="0" inconclusive="0" skipped="0" asserts="2">
        <test-case id="0-1045" name="TestEnum0" fullname="Kaitai.SpecEnum0.TestEnum0" methodname="TestEnum0" classname="Kaitai.SpecEnum0" runstate="Runnable" seed="768272193" result="Passed" start-time="2019-10-23 10:12:52Z" end-time="2019-10-23 10:12:52Z" duration="0.000477" asserts="2" />
      </test-suite>
      <test-suite type="TestFixture" id="0-1046" name="SpecEnum1" fullname="Kaitai.SpecEnum1" classname="Kaitai.SpecEnum1" runstate="Runnable" testcasecount="1" result="Passed" start-time="2019-10-23 10:12:52Z" end-time="2019-10-23 10:12:52Z" duration="0.003106" total="1" passed="1" failed="0" inconclusive="0" skipped="0" asserts="2">
        <test-case id="0-1047" name="TestEnum1" fullname="Kaitai.SpecEnum1.TestEnum1" methodname="TestEnum1" classname="Kaitai.SpecEnum1" runstate="Runnable" seed="574448935" result="Passed" start-time="2019-10-23 10:12:52Z" end-time="2019-10-23 10:12:52Z" duration="0.000679" asserts="2" />
      </test-suite>
      <test-suite type="TestFixture" id="0-1048" name="SpecEnumDeep" fullname="Kaitai.SpecEnumDeep" classname="Kaitai.SpecEnumDeep" runstate="Runnable" testcasecount="1" result="Passed" start-time="2019-10-23 10:12:52Z" end-time="2019-10-23 10:12:52Z" duration="0.002897" total="1" passed="1" failed="0" inconclusive="0" skipped="0" asserts="2">
        <test-case id="0-1049" name="TestEnumDeep" fullname="Kaitai.SpecEnumDeep.TestEnumDeep" methodname="TestEnumDeep" classname="Kaitai.SpecEnumDeep" runstate="Runnable" seed="1885315996" result="Passed" start-time="2019-10-23 10:12:52Z" end-time="2019-10-23 10:12:52Z" duration="0.000461" asserts="2" />
      </test-suite>
      <test-suite type="TestFixture" id="0-1050" name="SpecEnumDeepLiterals" fullname="Kaitai.SpecEnumDeepLiterals" classname="Kaitai.SpecEnumDeepLiterals" runstate="Runnable" testcasecount="1" result="Passed" start-time="2019-10-23 10:12:52Z" end-time="2019-10-23 10:12:52Z" duration="0.003038" total="1" passed="1" failed="0" inconclusive="0" skipped="0" asserts="2">
        <test-case id="0-1051" name="TestEnumDeepLiterals" fullname="Kaitai.SpecEnumDeepLiterals.TestEnumDeepLiterals" methodname="TestEnumDeepLiterals" classname="Kaitai.SpecEnumDeepLiterals" runstate="Runnable" seed="470993708" result="Passed" start-time="2019-10-23 10:12:52Z" end-time="2019-10-23 10:12:52Z" duration="0.000593" asserts="2" />
      </test-suite>
      <test-suite type="TestFixture" id="0-1052" name="SpecEnumFancy" fullname="Kaitai.SpecEnumFancy" classname="Kaitai.SpecEnumFancy" runstate="Runnable" testcasecount="1" result="Passed" start-time="2019-10-23 10:12:52Z" end-time="2019-10-23 10:12:52Z" duration="0.002932" total="1" passed="1" failed="0" inconclusive="0" skipped="0" asserts="2">
        <test-case id="0-1053" name="TestEnumFancy" fullname="Kaitai.SpecEnumFancy.TestEnumFancy" methodname="TestEnumFancy" classname="Kaitai.SpecEnumFancy" runstate="Runnable" seed="41742691" result="Passed" start-time="2019-10-23 10:12:52Z" end-time="2019-10-23 10:12:52Z" duration="0.000490" asserts="2" />
      </test-suite>
      <test-suite type="TestFixture" id="0-1054" name="SpecEnumForUnknownId" fullname="Kaitai.SpecEnumForUnknownId" classname="Kaitai.SpecEnumForUnknownId" runstate="Runnable" testcasecount="1" result="Passed" start-time="2019-10-23 10:12:52Z" end-time="2019-10-23 10:12:52Z" duration="0.002933" total="1" passed="1" failed="0" inconclusive="0" skipped="0" asserts="1">
        <test-case id="0-1055" name="TestEnumForUnknownId" fullname="Kaitai.SpecEnumForUnknownId.TestEnumForUnknownId" methodname="TestEnumForUnknownId" classname="Kaitai.SpecEnumForUnknownId" runstate="Runnable" seed="1737807767" result="Passed" start-time="2019-10-23 10:12:52Z" end-time="2019-10-23 10:12:52Z" duration="0.000495" asserts="1" />
      </test-suite>
      <test-suite type="TestFixture" id="0-1056" name="SpecEnumIf" fullname="Kaitai.SpecEnumIf" classname="Kaitai.SpecEnumIf" runstate="Runnable" testcasecount="1" result="Passed" start-time="2019-10-23 10:12:52Z" end-time="2019-10-23 10:12:52Z" duration="0.003600" total="1" passed="1" failed="0" inconclusive="0" skipped="0" asserts="7">
        <test-case id="0-1057" name="TestEnumIf" fullname="Kaitai.SpecEnumIf.TestEnumIf" methodname="TestEnumIf" classname="Kaitai.SpecEnumIf" runstate="Runnable" seed="605373546" result="Passed" start-time="2019-10-23 10:12:52Z" end-time="2019-10-23 10:12:52Z" duration="0.001114" asserts="7" />
      </test-suite>
      <test-suite type="TestFixture" id="0-1058" name="SpecEnumNegative" fullname="Kaitai.SpecEnumNegative" classname="Kaitai.SpecEnumNegative" runstate="Runnable" testcasecount="1" result="Passed" start-time="2019-10-23 10:12:52Z" end-time="2019-10-23 10:12:52Z" duration="0.003106" total="1" passed="1" failed="0" inconclusive="0" skipped="0" asserts="2">
        <test-case id="0-1059" name="TestEnumNegative" fullname="Kaitai.SpecEnumNegative.TestEnumNegative" methodname="TestEnumNegative" classname="Kaitai.SpecEnumNegative" runstate="Runnable" seed="849345101" result="Passed" start-time="2019-10-23 10:12:52Z" end-time="2019-10-23 10:12:52Z" duration="0.000612" asserts="2" />
      </test-suite>
      <test-suite type="TestFixture" id="0-1060" name="SpecEnumOfValueInst" fullname="Kaitai.SpecEnumOfValueInst" classname="Kaitai.SpecEnumOfValueInst" runstate="Runnable" testcasecount="1" result="Passed" start-time="2019-10-23 10:12:52Z" end-time="2019-10-23 10:12:52Z" duration="0.003155" total="1" passed="1" failed="0" inconclusive="0" skipped="0" asserts="4">
        <test-case id="0-1061" name="TestEnumOfValueInst" fullname="Kaitai.SpecEnumOfValueInst.TestEnumOfValueInst" methodname="TestEnumOfValueInst" classname="Kaitai.SpecEnumOfValueInst" runstate="Runnable" seed="1479338224" result="Passed" start-time="2019-10-23 10:12:52Z" end-time="2019-10-23 10:12:52Z" duration="0.000687" asserts="4" />
      </test-suite>
      <test-suite type="TestFixture" id="0-1062" name="SpecEnumToI" fullname="Kaitai.SpecEnumToI" classname="Kaitai.SpecEnumToI" runstate="Runnable" testcasecount="1" result="Passed" start-time="2019-10-23 10:12:52Z" end-time="2019-10-23 10:12:52Z" duration="0.003126" total="1" passed="1" failed="0" inconclusive="0" skipped="0" asserts="4">
        <test-case id="0-1063" name="TestEnumToI" fullname="Kaitai.SpecEnumToI.TestEnumToI" methodname="TestEnumToI" classname="Kaitai.SpecEnumToI" runstate="Runnable" seed="322425093" result="Passed" start-time="2019-10-23 10:12:52Z" end-time="2019-10-23 10:12:52Z" duration="0.000674" asserts="4" />
      </test-suite>
      <test-suite type="TestFixture" id="0-1064" name="SpecExpr0" fullname="Kaitai.SpecExpr0" classname="Kaitai.SpecExpr0" runstate="Runnable" testcasecount="1" result="Passed" start-time="2019-10-23 10:12:52Z" end-time="2019-10-23 10:12:52Z" duration="0.002979" total="1" passed="1" failed="0" inconclusive="0" skipped="0" asserts="2">
        <test-case id="0-1065" name="TestExpr0" fullname="Kaitai.SpecExpr0.TestExpr0" methodname="TestExpr0" classname="Kaitai.SpecExpr0" runstate="Runnable" seed="208043154" result="Passed" start-time="2019-10-23 10:12:52Z" end-time="2019-10-23 10:12:52Z" duration="0.000517" asserts="2" />
      </test-suite>
      <test-suite type="TestFixture" id="0-1066" name="SpecExpr1" fullname="Kaitai.SpecExpr1" classname="Kaitai.SpecExpr1" runstate="Runnable" testcasecount="1" result="Passed" start-time="2019-10-23 10:12:52Z" end-time="2019-10-23 10:12:52Z" duration="0.003093" total="1" passed="1" failed="0" inconclusive="0" skipped="0" asserts="4">
        <test-case id="0-1067" name="TestExpr1" fullname="Kaitai.SpecExpr1.TestExpr1" methodname="TestExpr1" classname="Kaitai.SpecExpr1" runstate="Runnable" seed="41512770" result="Passed" start-time="2019-10-23 10:12:52Z" end-time="2019-10-23 10:12:52Z" duration="0.000640" asserts="4" />
      </test-suite>
      <test-suite type="TestFixture" id="0-1068" name="SpecExpr2" fullname="Kaitai.SpecExpr2" classname="Kaitai.SpecExpr2" runstate="Runnable" testcasecount="1" result="Passed" start-time="2019-10-23 10:12:52Z" end-time="2019-10-23 10:12:52Z" duration="0.004319" total="1" passed="1" failed="0" inconclusive="0" skipped="0" asserts="17">
        <test-case id="0-1069" name="TestExpr2" fullname="Kaitai.SpecExpr2.TestExpr2" methodname="TestExpr2" classname="Kaitai.SpecExpr2" runstate="Runnable" seed="1007774321" result="Passed" start-time="2019-10-23 10:12:52Z" end-time="2019-10-23 10:12:52Z" duration="0.001872" asserts="17" />
      </test-suite>
      <test-suite type="TestFixture" id="0-1070" name="SpecExpr3" fullname="Kaitai.SpecExpr3" classname="Kaitai.SpecExpr3" runstate="Runnable" testcasecount="1" result="Passed" start-time="2019-10-23 10:12:52Z" end-time="2019-10-23 10:12:52Z" duration="0.003897" total="1" passed="1" failed="0" inconclusive="0" skipped="0" asserts="12">
        <test-case id="0-1071" name="TestExpr3" fullname="Kaitai.SpecExpr3.TestExpr3" methodname="TestExpr3" classname="Kaitai.SpecExpr3" runstate="Runnable" seed="2095265708" result="Passed" start-time="2019-10-23 10:12:52Z" end-time="2019-10-23 10:12:52Z" duration="0.001454" asserts="12" />
      </test-suite>
      <test-suite type="TestFixture" id="0-1072" name="SpecExprArray" fullname="Kaitai.SpecExprArray" classname="Kaitai.SpecExprArray" runstate="Runnable" testcasecount="1" result="Passed" start-time="2019-10-23 10:12:52Z" end-time="2019-10-23 10:12:52Z" duration="0.009853" total="1" passed="1" failed="0" inconclusive="0" skipped="0" asserts="15">
        <test-case id="0-1073" name="TestExprArray" fullname="Kaitai.SpecExprArray.TestExprArray" methodname="TestExprArray" classname="Kaitai.SpecExprArray" runstate="Runnable" seed="817955663" result="Passed" start-time="2019-10-23 10:12:52Z" end-time="2019-10-23 10:12:52Z" duration="0.007413" asserts="15" />
      </test-suite>
      <test-suite type="TestFixture" id="0-1074" name="SpecExprBytesCmp" fullname="Kaitai.SpecExprBytesCmp" classname="Kaitai.SpecExprBytesCmp" runstate="Runnable" testcasecount="1" result="Passed" start-time="2019-10-23 10:12:52Z" end-time="2019-10-23 10:12:52Z" duration="0.003926" total="1" passed="1" failed="0" inconclusive="0" skipped="0" asserts="10">
        <test-case id="0-1075" name="TestExprBytesCmp" fullname="Kaitai.SpecExprBytesCmp.TestExprBytesCmp" methodname="TestExprBytesCmp" classname="Kaitai.SpecExprBytesCmp" runstate="Runnable" seed="1843607208" result="Passed" start-time="2019-10-23 10:12:52Z" end-time="2019-10-23 10:12:52Z" duration="0.001456" asserts="10" />
      </test-suite>
      <test-suite type="TestFixture" id="0-1076" name="SpecExprEnum" fullname="Kaitai.SpecExprEnum" classname="Kaitai.SpecExprEnum" runstate="Runnable" testcasecount="1" result="Passed" start-time="2019-10-23 10:12:52Z" end-time="2019-10-23 10:12:52Z" duration="0.003102" total="1" passed="1" failed="0" inconclusive="0" skipped="0" asserts="3">
        <test-case id="0-1077" name="TestExprEnum" fullname="Kaitai.SpecExprEnum.TestExprEnum" methodname="TestExprEnum" classname="Kaitai.SpecExprEnum" runstate="Runnable" seed="1423876523" result="Passed" start-time="2019-10-23 10:12:52Z" end-time="2019-10-23 10:12:52Z" duration="0.000633" asserts="3" />
      </test-suite>
      <test-suite type="TestFixture" id="0-1078" name="SpecExprIoEof" fullname="Kaitai.SpecExprIoEof" classname="Kaitai.SpecExprIoEof" runstate="Runnable" testcasecount="1" result="Passed" start-time="2019-10-23 10:12:52Z" end-time="2019-10-23 10:12:52Z" duration="0.003384" total="1" passed="1" failed="0" inconclusive="0" skipped="0" asserts="4">
        <test-case id="0-1079" name="TestExprIoEof" fullname="Kaitai.SpecExprIoEof.TestExprIoEof" methodname="TestExprIoEof" classname="Kaitai.SpecExprIoEof" runstate="Runnable" seed="841797472" result="Passed" start-time="2019-10-23 10:12:52Z" end-time="2019-10-23 10:12:52Z" duration="0.000904" asserts="4" />
      </test-suite>
      <test-suite type="TestFixture" id="0-1080" name="SpecExprIoPos" fullname="Kaitai.SpecExprIoPos" classname="Kaitai.SpecExprIoPos" runstate="Runnable" testcasecount="1" result="Passed" start-time="2019-10-23 10:12:52Z" end-time="2019-10-23 10:12:52Z" duration="0.003312" total="1" passed="1" failed="0" inconclusive="0" skipped="0" asserts="6">
        <test-case id="0-1081" name="TestExprIoPos" fullname="Kaitai.SpecExprIoPos.TestExprIoPos" methodname="TestExprIoPos" classname="Kaitai.SpecExprIoPos" runstate="Runnable" seed="1975703044" result="Passed" start-time="2019-10-23 10:12:52Z" end-time="2019-10-23 10:12:52Z" duration="0.000864" asserts="6" />
      </test-suite>
      <test-suite type="TestFixture" id="0-1082" name="SpecExprMod" fullname="Kaitai.SpecExprMod" classname="Kaitai.SpecExprMod" runstate="Runnable" testcasecount="1" result="Passed" start-time="2019-10-23 10:12:52Z" end-time="2019-10-23 10:12:52Z" duration="0.003416" total="1" passed="1" failed="0" inconclusive="0" skipped="0" asserts="6">
        <test-case id="0-1083" name="TestExprMod" fullname="Kaitai.SpecExprMod.TestExprMod" methodname="TestExprMod" classname="Kaitai.SpecExprMod" runstate="Runnable" seed="1738787590" result="Passed" start-time="2019-10-23 10:12:52Z" end-time="2019-10-23 10:12:52Z" duration="0.000877" asserts="6" />
      </test-suite>
      <test-suite type="TestFixture" id="0-1084" name="SpecExprSizeofType0" fullname="Kaitai.SpecExprSizeofType0" classname="Kaitai.SpecExprSizeofType0" runstate="Runnable" testcasecount="1" result="Passed" start-time="2019-10-23 10:12:52Z" end-time="2019-10-23 10:12:52Z" duration="0.002874" total="1" passed="1" failed="0" inconclusive="0" skipped="0" asserts="1">
        <test-case id="0-1085" name="TestExprSizeofType0" fullname="Kaitai.SpecExprSizeofType0.TestExprSizeofType0" methodname="TestExprSizeofType0" classname="Kaitai.SpecExprSizeofType0" runstate="Runnable" seed="1855680190" result="Passed" start-time="2019-10-23 10:12:52Z" end-time="2019-10-23 10:12:52Z" duration="0.000426" asserts="1" />
      </test-suite>
      <test-suite type="TestFixture" id="0-1086" name="SpecExprSizeofType1" fullname="Kaitai.SpecExprSizeofType1" classname="Kaitai.SpecExprSizeofType1" runstate="Runnable" testcasecount="1" result="Passed" start-time="2019-10-23 10:12:52Z" end-time="2019-10-23 10:12:52Z" duration="0.002933" total="1" passed="1" failed="0" inconclusive="0" skipped="0" asserts="2">
        <test-case id="0-1087" name="TestExprSizeofType1" fullname="Kaitai.SpecExprSizeofType1.TestExprSizeofType1" methodname="TestExprSizeofType1" classname="Kaitai.SpecExprSizeofType1" runstate="Runnable" seed="1302069579" result="Passed" start-time="2019-10-23 10:12:52Z" end-time="2019-10-23 10:12:52Z" duration="0.000498" asserts="2" />
      </test-suite>
      <test-suite type="TestFixture" id="0-1088" name="SpecExprSizeofValue0" fullname="Kaitai.SpecExprSizeofValue0" classname="Kaitai.SpecExprSizeofValue0" runstate="Runnable" testcasecount="1" result="Passed" start-time="2019-10-23 10:12:52Z" end-time="2019-10-23 10:12:52Z" duration="0.003787" total="1" passed="1" failed="0" inconclusive="0" skipped="0" asserts="5">
        <test-case id="0-1089" name="TestExprSizeofValue0" fullname="Kaitai.SpecExprSizeofValue0.TestExprSizeofValue0" methodname="TestExprSizeofValue0" classname="Kaitai.SpecExprSizeofValue0" runstate="Runnable" seed="931132858" result="Passed" start-time="2019-10-23 10:12:52Z" end-time="2019-10-23 10:12:52Z" duration="0.001171" asserts="5" />
      </test-suite>
      <test-suite type="TestFixture" id="0-1090" name="SpecExprSizeofValueSized" fullname="Kaitai.SpecExprSizeofValueSized" classname="Kaitai.SpecExprSizeofValueSized" runstate="Runnable" testcasecount="1" result="Passed" start-time="2019-10-23 10:12:52Z" end-time="2019-10-23 10:12:52Z" duration="0.003314" total="1" passed="1" failed="0" inconclusive="0" skipped="0" asserts="5">
        <test-case id="0-1091" name="TestExprSizeofValueSized" fullname="Kaitai.SpecExprSizeofValueSized.TestExprSizeofValueSized" methodname="TestExprSizeofValueSized" classname="Kaitai.SpecExprSizeofValueSized" runstate="Runnable" seed="2040958365" result="Passed" start-time="2019-10-23 10:12:52Z" end-time="2019-10-23 10:12:52Z" duration="0.000880" asserts="5" />
      </test-suite>
      <test-suite type="TestFixture" id="0-1092" name="SpecFixedContents" fullname="Kaitai.SpecFixedContents" classname="Kaitai.SpecFixedContents" runstate="Runnable" testcasecount="1" result="Passed" start-time="2019-10-23 10:12:52Z" end-time="2019-10-23 10:12:52Z" duration="0.002996" total="1" passed="1" failed="0" inconclusive="0" skipped="0" asserts="0">
        <test-case id="0-1093" name="TestFixedContents" fullname="Kaitai.SpecFixedContents.TestFixedContents" methodname="TestFixedContents" classname="Kaitai.SpecFixedContents" runstate="Runnable" seed="1305673724" result="Passed" start-time="2019-10-23 10:12:52Z" end-time="2019-10-23 10:12:52Z" duration="0.000559" asserts="0" />
      </test-suite>
      <test-suite type="TestFixture" id="0-1094" name="SpecFixedStruct" fullname="Kaitai.SpecFixedStruct" classname="Kaitai.SpecFixedStruct" runstate="Runnable" testcasecount="1" result="Passed" start-time="2019-10-23 10:12:52Z" end-time="2019-10-23 10:12:52Z" duration="0.005019" total="1" passed="1" failed="0" inconclusive="0" skipped="0" asserts="20">
        <test-case id="0-1095" name="TestFixedStruct" fullname="Kaitai.SpecFixedStruct.TestFixedStruct" methodname="TestFixedStruct" classname="Kaitai.SpecFixedStruct" runstate="Runnable" seed="2003129145" result="Passed" start-time="2019-10-23 10:12:52Z" end-time="2019-10-23 10:12:52Z" duration="0.002502" asserts="20" />
      </test-suite>
      <test-suite type="TestFixture" id="0-1098" name="SpecFloatingPoints" fullname="Kaitai.SpecFloatingPoints" classname="Kaitai.SpecFloatingPoints" runstate="Runnable" testcasecount="1" result="Passed" start-time="2019-10-23 10:12:52Z" end-time="2019-10-23 10:12:52Z" duration="0.004145" total="1" passed="1" failed="0" inconclusive="0" skipped="0" asserts="8">
        <test-case id="0-1099" name="TestFloatingPoints" fullname="Kaitai.SpecFloatingPoints.TestFloatingPoints" methodname="TestFloatingPoints" classname="Kaitai.SpecFloatingPoints" runstate="Runnable" seed="1613535888" result="Passed" start-time="2019-10-23 10:12:52Z" end-time="2019-10-23 10:12:52Z" duration="0.001687" asserts="8" />
      </test-suite>
      <test-suite type="TestFixture" id="0-1096" name="SpecFloatToI" fullname="Kaitai.SpecFloatToI" classname="Kaitai.SpecFloatToI" runstate="Runnable" testcasecount="1" result="Passed" start-time="2019-10-23 10:12:52Z" end-time="2019-10-23 10:12:52Z" duration="0.003701" total="1" passed="1" failed="0" inconclusive="0" skipped="0" asserts="8">
        <test-case id="0-1097" name="TestFloatToI" fullname="Kaitai.SpecFloatToI.TestFloatToI" methodname="TestFloatToI" classname="Kaitai.SpecFloatToI" runstate="Runnable" seed="39429731" result="Passed" start-time="2019-10-23 10:12:52Z" end-time="2019-10-23 10:12:52Z" duration="0.001236" asserts="8" />
      </test-suite>
      <test-suite type="TestFixture" id="0-1100" name="SpecHelloWorld" fullname="Kaitai.SpecHelloWorld" classname="Kaitai.SpecHelloWorld" runstate="Runnable" testcasecount="1" result="Passed" start-time="2019-10-23 10:12:52Z" end-time="2019-10-23 10:12:52Z" duration="0.002732" total="1" passed="1" failed="0" inconclusive="0" skipped="0" asserts="1">
        <test-case id="0-1101" name="TestHelloWorld" fullname="Kaitai.SpecHelloWorld.TestHelloWorld" methodname="TestHelloWorld" classname="Kaitai.SpecHelloWorld" runstate="Runnable" seed="1590962333" result="Passed" start-time="2019-10-23 10:12:52Z" end-time="2019-10-23 10:12:52Z" duration="0.000288" asserts="1" />
      </test-suite>
      <test-suite type="TestFixture" id="0-1102" name="SpecIfInstances" fullname="Kaitai.SpecIfInstances" classname="Kaitai.SpecIfInstances" runstate="Runnable" testcasecount="1" result="Passed" start-time="2019-10-23 10:12:52Z" end-time="2019-10-23 10:12:52Z" duration="0.003850" total="1" passed="1" failed="0" inconclusive="0" skipped="0" asserts="1">
        <test-case id="0-1103" name="TestIfInstances" fullname="Kaitai.SpecIfInstances.TestIfInstances" methodname="TestIfInstances" classname="Kaitai.SpecIfInstances" runstate="Runnable" seed="1298042420" result="Passed" start-time="2019-10-23 10:12:52Z" end-time="2019-10-23 10:12:52Z" duration="0.000765" asserts="1" />
      </test-suite>
      <test-suite type="TestFixture" id="0-1104" name="SpecIfStruct" fullname="Kaitai.SpecIfStruct" classname="Kaitai.SpecIfStruct" runstate="Runnable" testcasecount="1" result="Passed" start-time="2019-10-23 10:12:52Z" end-time="2019-10-23 10:12:52Z" duration="0.003465" total="1" passed="1" failed="0" inconclusive="0" skipped="0" asserts="7">
        <test-case id="0-1105" name="TestIfStruct" fullname="Kaitai.SpecIfStruct.TestIfStruct" methodname="TestIfStruct" classname="Kaitai.SpecIfStruct" runstate="Runnable" seed="1185141790" result="Passed" start-time="2019-10-23 10:12:52Z" end-time="2019-10-23 10:12:52Z" duration="0.001023" asserts="7" />
      </test-suite>
      <test-suite type="TestFixture" id="0-1106" name="SpecIfValues" fullname="Kaitai.SpecIfValues" classname="Kaitai.SpecIfValues" runstate="Runnable" testcasecount="1" result="Passed" start-time="2019-10-23 10:12:52Z" end-time="2019-10-23 10:12:52Z" duration="0.003950" total="1" passed="1" failed="0" inconclusive="0" skipped="0" asserts="6">
        <test-case id="0-1107" name="TestIfValues" fullname="Kaitai.SpecIfValues.TestIfValues" methodname="TestIfValues" classname="Kaitai.SpecIfValues" runstate="Runnable" seed="651069744" result="Passed" start-time="2019-10-23 10:12:52Z" end-time="2019-10-23 10:12:52Z" duration="0.001514" asserts="6" />
      </test-suite>
      <test-suite type="TestFixture" id="0-1108" name="SpecImports0" fullname="Kaitai.SpecImports0" classname="Kaitai.SpecImports0" runstate="Runnable" testcasecount="1" result="Passed" start-time="2019-10-23 10:12:52Z" end-time="2019-10-23 10:12:52Z" duration="0.002978" total="1" passed="1" failed="0" inconclusive="0" skipped="0" asserts="3">
        <test-case id="0-1109" name="TestImports0" fullname="Kaitai.SpecImports0.TestImports0" methodname="TestImports0" classname="Kaitai.SpecImports0" runstate="Runnable" seed="539955018" result="Passed" start-time="2019-10-23 10:12:52Z" end-time="2019-10-23 10:12:52Z" duration="0.000539" asserts="3" />
      </test-suite>
      <test-suite type="TestFixture" id="0-1110" name="SpecImportsAbs" fullname="Kaitai.SpecImportsAbs" classname="Kaitai.SpecImportsAbs" runstate="Runnable" testcasecount="1" result="Passed" start-time="2019-10-23 10:12:52Z" end-time="2019-10-23 10:12:52Z" duration="0.004105" total="1" passed="1" failed="0" inconclusive="0" skipped="0" asserts="2">
        <test-case id="0-1111" name="TestImportsAbs" fullname="Kaitai.SpecImportsAbs.TestImportsAbs" methodname="TestImportsAbs" classname="Kaitai.SpecImportsAbs" runstate="Runnable" seed="1841955744" result="Passed" start-time="2019-10-23 10:12:52Z" end-time="2019-10-23 10:12:52Z" duration="0.001618" asserts="2" />
      </test-suite>
      <test-suite type="TestFixture" id="0-1112" name="SpecImportsCircularA" fullname="Kaitai.SpecImportsCircularA" classname="Kaitai.SpecImportsCircularA" runstate="Runnable" testcasecount="1" result="Passed" start-time="2019-10-23 10:12:52Z" end-time="2019-10-23 10:12:52Z" duration="0.003170" total="1" passed="1" failed="0" inconclusive="0" skipped="0" asserts="5">
        <test-case id="0-1113" name="TestImportsCircularA" fullname="Kaitai.SpecImportsCircularA.TestImportsCircularA" methodname="TestImportsCircularA" classname="Kaitai.SpecImportsCircularA" runstate="Runnable" seed="1318097174" result="Passed" start-time="2019-10-23 10:12:52Z" end-time="2019-10-23 10:12:52Z" duration="0.000712" asserts="5" />
      </test-suite>
      <test-suite type="TestFixture" id="0-1114" name="SpecIndexSizes" fullname="Kaitai.SpecIndexSizes" classname="Kaitai.SpecIndexSizes" runstate="Runnable" testcasecount="1" result="Passed" start-time="2019-10-23 10:12:52Z" end-time="2019-10-23 10:12:52Z" duration="0.003414" total="1" passed="1" failed="0" inconclusive="0" skipped="0" asserts="7">
        <test-case id="0-1115" name="TestIndexSizes" fullname="Kaitai.SpecIndexSizes.TestIndexSizes" methodname="TestIndexSizes" classname="Kaitai.SpecIndexSizes" runstate="Runnable" seed="2114149336" result="Passed" start-time="2019-10-23 10:12:52Z" end-time="2019-10-23 10:12:52Z" duration="0.000970" asserts="7" />
      </test-suite>
      <test-suite type="TestFixture" id="0-1116" name="SpecIndexToParamEos" fullname="Kaitai.SpecIndexToParamEos" classname="Kaitai.SpecIndexToParamEos" runstate="Runnable" testcasecount="1" result="Passed" start-time="2019-10-23 10:12:52Z" end-time="2019-10-23 10:12:52Z" duration="0.003843" total="1" passed="1" failed="0" inconclusive="0" skipped="0" asserts="7">
        <test-case id="0-1117" name="TestIndexToParamEos" fullname="Kaitai.SpecIndexToParamEos.TestIndexToParamEos" methodname="TestIndexToParamEos" classname="Kaitai.SpecIndexToParamEos" runstate="Runnable" seed="184167544" result="Passed" start-time="2019-10-23 10:12:52Z" end-time="2019-10-23 10:12:52Z" duration="0.001372" asserts="7" />
      </test-suite>
      <test-suite type="TestFixture" id="0-1118" name="SpecIndexToParamExpr" fullname="Kaitai.SpecIndexToParamExpr" classname="Kaitai.SpecIndexToParamExpr" runstate="Runnable" testcasecount="1" result="Passed" start-time="2019-10-23 10:12:52Z" end-time="2019-10-23 10:12:52Z" duration="0.003805" total="1" passed="1" failed="0" inconclusive="0" skipped="0" asserts="7">
        <test-case id="0-1119" name="TestIndexToParamExpr" fullname="Kaitai.SpecIndexToParamExpr.TestIndexToParamExpr" methodname="TestIndexToParamExpr" classname="Kaitai.SpecIndexToParamExpr" runstate="Runnable" seed="1349605557" result="Passed" start-time="2019-10-23 10:12:52Z" end-time="2019-10-23 10:12:52Z" duration="0.001355" asserts="7" />
      </test-suite>
      <test-suite type="TestFixture" id="0-1120" name="SpecIndexToParamUntil" fullname="Kaitai.SpecIndexToParamUntil" classname="Kaitai.SpecIndexToParamUntil" runstate="Runnable" testcasecount="1" result="Passed" start-time="2019-10-23 10:12:52Z" end-time="2019-10-23 10:12:52Z" duration="0.003824" total="1" passed="1" failed="0" inconclusive="0" skipped="0" asserts="7">
        <test-case id="0-1121" name="TestIndexToParamUntil" fullname="Kaitai.SpecIndexToParamUntil.TestIndexToParamUntil" methodname="TestIndexToParamUntil" classname="Kaitai.SpecIndexToParamUntil" runstate="Runnable" seed="756509316" result="Passed" start-time="2019-10-23 10:12:52Z" end-time="2019-10-23 10:12:52Z" duration="0.001349" asserts="7" />
      </test-suite>
      <test-suite type="TestFixture" id="0-1122" name="SpecInstanceIoUser" fullname="Kaitai.SpecInstanceIoUser" classname="Kaitai.SpecInstanceIoUser" runstate="Runnable" testcasecount="1" result="Passed" start-time="2019-10-23 10:12:52Z" end-time="2019-10-23 10:12:52Z" duration="0.004044" total="1" passed="1" failed="0" inconclusive="0" skipped="0" asserts="4">
        <test-case id="0-1123" name="TestInstanceIoUser" fullname="Kaitai.SpecInstanceIoUser.TestInstanceIoUser" methodname="TestInstanceIoUser" classname="Kaitai.SpecInstanceIoUser" runstate="Runnable" seed="1530496085" result="Passed" start-time="2019-10-23 10:12:52Z" end-time="2019-10-23 10:12:52Z" duration="0.001587" asserts="4" />
      </test-suite>
      <test-suite type="TestFixture" id="0-1124" name="SpecInstanceStd" fullname="Kaitai.SpecInstanceStd" classname="Kaitai.SpecInstanceStd" runstate="Runnable" testcasecount="1" result="Passed" start-time="2019-10-23 10:12:52Z" end-time="2019-10-23 10:12:52Z" duration="0.002899" total="1" passed="1" failed="0" inconclusive="0" skipped="0" asserts="1">
        <test-case id="0-1125" name="TestInstanceStd" fullname="Kaitai.SpecInstanceStd.TestInstanceStd" methodname="TestInstanceStd" classname="Kaitai.SpecInstanceStd" runstate="Runnable" seed="1488203103" result="Passed" start-time="2019-10-23 10:12:52Z" end-time="2019-10-23 10:12:52Z" duration="0.000449" asserts="1" />
      </test-suite>
      <test-suite type="TestFixture" id="0-1126" name="SpecInstanceStdArray" fullname="Kaitai.SpecInstanceStdArray" classname="Kaitai.SpecInstanceStdArray" runstate="Runnable" testcasecount="1" result="Passed" start-time="2019-10-23 10:12:52Z" end-time="2019-10-23 10:12:52Z" duration="0.003427" total="1" passed="1" failed="0" inconclusive="0" skipped="0" asserts="7">
        <test-case id="0-1127" name="TestInstanceStdArray" fullname="Kaitai.SpecInstanceStdArray.TestInstanceStdArray" methodname="TestInstanceStdArray" classname="Kaitai.SpecInstanceStdArray" runstate="Runnable" seed="2131134134" result="Passed" start-time="2019-10-23 10:12:52Z" end-time="2019-10-23 10:12:52Z" duration="0.000967" asserts="7" />
      </test-suite>
      <test-suite type="TestFixture" id="0-1128" name="SpecInstanceUserArray" fullname="Kaitai.SpecInstanceUserArray" classname="Kaitai.SpecInstanceUserArray" runstate="Runnable" testcasecount="1" result="Passed" start-time="2019-10-23 10:12:52Z" end-time="2019-10-23 10:12:52Z" duration="0.004084" total="1" passed="1" failed="0" inconclusive="0" skipped="0" asserts="10">
        <test-case id="0-1129" name="TestInstanceUserArray" fullname="Kaitai.SpecInstanceUserArray.TestInstanceUserArray" methodname="TestInstanceUserArray" classname="Kaitai.SpecInstanceUserArray" runstate="Runnable" seed="1225436196" result="Passed" start-time="2019-10-23 10:12:52Z" end-time="2019-10-23 10:12:52Z" duration="0.001624" asserts="10" />
      </test-suite>
      <test-suite type="TestFixture" id="0-1130" name="SpecIntegers" fullname="Kaitai.SpecIntegers" classname="Kaitai.SpecIntegers" runstate="Runnable" testcasecount="1" result="Passed" start-time="2019-10-23 10:12:52Z" end-time="2019-10-23 10:12:52Z" duration="0.004225" total="1" passed="1" failed="0" inconclusive="0" skipped="0" asserts="20">
        <test-case id="0-1131" name="TestIntegers" fullname="Kaitai.SpecIntegers.TestIntegers" methodname="TestIntegers" classname="Kaitai.SpecIntegers" runstate="Runnable" seed="1301135283" result="Passed" start-time="2019-10-23 10:12:52Z" end-time="2019-10-23 10:12:52Z" duration="0.001775" asserts="20" />
      </test-suite>
      <test-suite type="TestFixture" id="0-1132" name="SpecIoLocalVar" fullname="Kaitai.SpecIoLocalVar" classname="Kaitai.SpecIoLocalVar" runstate="Runnable" testcasecount="1" result="Passed" start-time="2019-10-23 10:12:52Z" end-time="2019-10-23 10:12:52Z" duration="0.003258" total="1" passed="1" failed="0" inconclusive="0" skipped="0" asserts="2">
        <test-case id="0-1133" name="TestIoLocalVar" fullname="Kaitai.SpecIoLocalVar.TestIoLocalVar" methodname="TestIoLocalVar" classname="Kaitai.SpecIoLocalVar" runstate="Runnable" seed="1632942640" result="Passed" start-time="2019-10-23 10:12:52Z" end-time="2019-10-23 10:12:52Z" duration="0.000810" asserts="2" />
      </test-suite>
      <test-suite type="TestFixture" id="0-1134" name="SpecJsSignedRightShift" fullname="Kaitai.SpecJsSignedRightShift" classname="Kaitai.SpecJsSignedRightShift" runstate="Runnable" testcasecount="1" result="Passed" start-time="2019-10-23 10:12:52Z" end-time="2019-10-23 10:12:52Z" duration="0.002965" total="1" passed="1" failed="0" inconclusive="0" skipped="0" asserts="2">
        <test-case id="0-1135" name="TestJsSignedRightShift" fullname="Kaitai.SpecJsSignedRightShift.TestJsSignedRightShift" methodname="TestJsSignedRightShift" classname="Kaitai.SpecJsSignedRightShift" runstate="Runnable" seed="1451024511" result="Passed" start-time="2019-10-23 10:12:52Z" end-time="2019-10-23 10:12:52Z" duration="0.000491" asserts="2" />
      </test-suite>
      <test-suite type="TestFixture" id="0-1136" name="SpecMetaTags" fullname="Kaitai.SpecMetaTags" classname="Kaitai.SpecMetaTags" runstate="Runnable" testcasecount="1" result="Passed" start-time="2019-10-23 10:12:52Z" end-time="2019-10-23 10:12:52Z" duration="0.002749" total="1" passed="1" failed="0" inconclusive="0" skipped="0" asserts="0">
        <test-case id="0-1137" name="TestMetaTags" fullname="Kaitai.SpecMetaTags.TestMetaTags" methodname="TestMetaTags" classname="Kaitai.SpecMetaTags" runstate="Runnable" seed="1087867829" result="Passed" start-time="2019-10-23 10:12:52Z" end-time="2019-10-23 10:12:52Z" duration="0.000312" asserts="0" />
      </test-suite>
      <test-suite type="TestFixture" id="0-1138" name="SpecMetaXref" fullname="Kaitai.SpecMetaXref" classname="Kaitai.SpecMetaXref" runstate="Runnable" testcasecount="1" result="Passed" start-time="2019-10-23 10:12:52Z" end-time="2019-10-23 10:12:52Z" duration="0.002770" total="1" passed="1" failed="0" inconclusive="0" skipped="0" asserts="0">
        <test-case id="0-1139" name="TestMetaXref" fullname="Kaitai.SpecMetaXref.TestMetaXref" methodname="TestMetaXref" classname="Kaitai.SpecMetaXref" runstate="Runnable" seed="864571514" result="Passed" start-time="2019-10-23 10:12:52Z" end-time="2019-10-23 10:12:52Z" duration="0.000311" asserts="0" />
      </test-suite>
      <test-suite type="TestFixture" id="0-1140" name="SpecMultipleUse" fullname="Kaitai.SpecMultipleUse" classname="Kaitai.SpecMultipleUse" runstate="Runnable" testcasecount="1" result="Passed" start-time="2019-10-23 10:12:52Z" end-time="2019-10-23 10:12:52Z" duration="0.003305" total="1" passed="1" failed="0" inconclusive="0" skipped="0" asserts="2">
        <test-case id="0-1141" name="TestMultipleUse" fullname="Kaitai.SpecMultipleUse.TestMultipleUse" methodname="TestMultipleUse" classname="Kaitai.SpecMultipleUse" runstate="Runnable" seed="67811066" result="Passed" start-time="2019-10-23 10:12:52Z" end-time="2019-10-23 10:12:52Z" duration="0.000853" asserts="2" />
      </test-suite>
      <test-suite type="TestFixture" id="0-1142" name="SpecNavParent" fullname="Kaitai.SpecNavParent" classname="Kaitai.SpecNavParent" runstate="Runnable" testcasecount="1" result="Passed" start-time="2019-10-23 10:12:52Z" end-time="2019-10-23 10:12:52Z" duration="0.003835" total="1" passed="1" failed="0" inconclusive="0" skipped="0" asserts="5">
        <test-case id="0-1143" name="TestNavParent" fullname="Kaitai.SpecNavParent.TestNavParent" methodname="TestNavParent" classname="Kaitai.SpecNavParent" runstate="Runnable" seed="814202169" result="Passed" start-time="2019-10-23 10:12:52Z" end-time="2019-10-23 10:12:52Z" duration="0.001404" asserts="5" />
      </test-suite>
      <test-suite type="TestFixture" id="0-1144" name="SpecNavParent2" fullname="Kaitai.SpecNavParent2" classname="Kaitai.SpecNavParent2" runstate="Runnable" testcasecount="1" result="Passed" start-time="2019-10-23 10:12:52Z" end-time="2019-10-23 10:12:52Z" duration="0.004365" total="1" passed="1" failed="0" inconclusive="0" skipped="0" asserts="10">
        <test-case id="0-1145" name="TestNavParent2" fullname="Kaitai.SpecNavParent2.TestNavParent2" methodname="TestNavParent2" classname="Kaitai.SpecNavParent2" runstate="Runnable" seed="1559848310" result="Passed" start-time="2019-10-23 10:12:52Z" end-time="2019-10-23 10:12:52Z" duration="0.001916" asserts="10" />
      </test-suite>
      <test-suite type="TestFixture" id="0-1146" name="SpecNavParent3" fullname="Kaitai.SpecNavParent3" classname="Kaitai.SpecNavParent3" runstate="Runnable" testcasecount="1" result="Passed" start-time="2019-10-23 10:12:52Z" end-time="2019-10-23 10:12:52Z" duration="0.004209" total="1" passed="1" failed="0" inconclusive="0" skipped="0" asserts="10">
        <test-case id="0-1147" name="TestNavParent3" fullname="Kaitai.SpecNavParent3.TestNavParent3" methodname="TestNavParent3" classname="Kaitai.SpecNavParent3" runstate="Runnable" seed="2079118055" result="Passed" start-time="2019-10-23 10:12:52Z" end-time="2019-10-23 10:12:52Z" duration="0.001764" asserts="10" />
      </test-suite>
      <test-suite type="TestFixture" id="0-1148" name="SpecNavParentFalse" fullname="Kaitai.SpecNavParentFalse" classname="Kaitai.SpecNavParentFalse" runstate="Runnable" testcasecount="1" result="Passed" start-time="2019-10-23 10:12:52Z" end-time="2019-10-23 10:12:52Z" duration="0.003421" total="1" passed="1" failed="0" inconclusive="0" skipped="0" asserts="5">
        <test-case id="0-1149" name="TestNavParentFalse" fullname="Kaitai.SpecNavParentFalse.TestNavParentFalse" methodname="TestNavParentFalse" classname="Kaitai.SpecNavParentFalse" runstate="Runnable" seed="687782831" result="Passed" start-time="2019-10-23 10:12:52Z" end-time="2019-10-23 10:12:52Z" duration="0.000979" asserts="5" />
      </test-suite>
      <test-suite type="TestFixture" id="0-1150" name="SpecNavParentFalse2" fullname="Kaitai.SpecNavParentFalse2" classname="Kaitai.SpecNavParentFalse2" runstate="Runnable" testcasecount="1" result="Passed" start-time="2019-10-23 10:12:52Z" end-time="2019-10-23 10:12:52Z" duration="0.002961" total="1" passed="1" failed="0" inconclusive="0" skipped="0" asserts="1">
        <test-case id="0-1151" name="TestNavParentFalse2" fullname="Kaitai.SpecNavParentFalse2.TestNavParentFalse2" methodname="TestNavParentFalse2" classname="Kaitai.SpecNavParentFalse2" runstate="Runnable" seed="1163505181" result="Passed" start-time="2019-10-23 10:12:52Z" end-time="2019-10-23 10:12:52Z" duration="0.000496" asserts="1" />
      </test-suite>
      <test-suite type="TestFixture" id="0-1152" name="SpecNavParentOverride" fullname="Kaitai.SpecNavParentOverride" classname="Kaitai.SpecNavParentOverride" runstate="Runnable" testcasecount="1" result="Passed" start-time="2019-10-23 10:12:52Z" end-time="2019-10-23 10:12:52Z" duration="0.003202" total="1" passed="1" failed="0" inconclusive="0" skipped="0" asserts="3">
        <test-case id="0-1153" name="TestNavParentOverride" fullname="Kaitai.SpecNavParentOverride.TestNavParentOverride" methodname="TestNavParentOverride" classname="Kaitai.SpecNavParentOverride" runstate="Runnable" seed="1885034852" result="Passed" start-time="2019-10-23 10:12:52Z" end-time="2019-10-23 10:12:52Z" duration="0.000761" asserts="3" />
      </test-suite>
      <test-suite type="TestFixture" id="0-1154" name="SpecNavParentSwitch" fullname="Kaitai.SpecNavParentSwitch" classname="Kaitai.SpecNavParentSwitch" runstate="Runnable" testcasecount="1" result="Passed" start-time="2019-10-23 10:12:52Z" end-time="2019-10-23 10:12:52Z" duration="0.003277" total="1" passed="1" failed="0" inconclusive="0" skipped="0" asserts="3">
        <test-case id="0-1155" name="TestNavParentSwitch" fullname="Kaitai.SpecNavParentSwitch.TestNavParentSwitch" methodname="TestNavParentSwitch" classname="Kaitai.SpecNavParentSwitch" runstate="Runnable" seed="2022202297" result="Passed" start-time="2019-10-23 10:12:52Z" end-time="2019-10-23 10:12:52Z" duration="0.000824" asserts="3" />
      </test-suite>
      <test-suite type="TestFixture" id="0-1156" name="SpecNavParentVsValueInst" fullname="Kaitai.SpecNavParentVsValueInst" classname="Kaitai.SpecNavParentVsValueInst" runstate="Runnable" testcasecount="1" result="Passed" start-time="2019-10-23 10:12:52Z" end-time="2019-10-23 10:12:52Z" duration="0.002924" total="1" passed="1" failed="0" inconclusive="0" skipped="0" asserts="1">
        <test-case id="0-1157" name="TestNavParentVsValueInst" fullname="Kaitai.SpecNavParentVsValueInst.TestNavParentVsValueInst" methodname="TestNavParentVsValueInst" classname="Kaitai.SpecNavParentVsValueInst" runstate="Runnable" seed="2057839895" result="Passed" start-time="2019-10-23 10:12:52Z" end-time="2019-10-23 10:12:52Z" duration="0.000478" asserts="1" />
      </test-suite>
      <test-suite type="TestFixture" id="0-1158" name="SpecNavRoot" fullname="Kaitai.SpecNavRoot" classname="Kaitai.SpecNavRoot" runstate="Runnable" testcasecount="1" result="Passed" start-time="2019-10-23 10:12:52Z" end-time="2019-10-23 10:12:52Z" duration="0.003802" total="1" passed="1" failed="0" inconclusive="0" skipped="0" asserts="5">
        <test-case id="0-1159" name="TestNavRoot" fullname="Kaitai.SpecNavRoot.TestNavRoot" methodname="TestNavRoot" classname="Kaitai.SpecNavRoot" runstate="Runnable" seed="1167109544" result="Passed" start-time="2019-10-23 10:12:52Z" end-time="2019-10-23 10:12:52Z" duration="0.001330" asserts="5" />
      </test-suite>
      <test-suite type="TestFixture" id="0-1160" name="SpecNestedSameName" fullname="Kaitai.SpecNestedSameName" classname="Kaitai.SpecNestedSameName" runstate="Runnable" testcasecount="1" result="Passed" start-time="2019-10-23 10:12:52Z" end-time="2019-10-23 10:12:52Z" duration="0.003218" total="1" passed="1" failed="0" inconclusive="0" skipped="0" asserts="2">
        <test-case id="0-1161" name="TestNestedSameName" fullname="Kaitai.SpecNestedSameName.TestNestedSameName" methodname="TestNestedSameName" classname="Kaitai.SpecNestedSameName" runstate="Runnable" seed="1967741619" result="Passed" start-time="2019-10-23 10:12:52Z" end-time="2019-10-23 10:12:52Z" duration="0.000777" asserts="2" />
      </test-suite>
      <test-suite type="TestFixture" id="0-1162" name="SpecNestedSameName2" fullname="Kaitai.SpecNestedSameName2" classname="Kaitai.SpecNestedSameName2" runstate="Runnable" testcasecount="1" result="Passed" start-time="2019-10-23 10:12:52Z" end-time="2019-10-23 10:12:52Z" duration="0.003450" total="1" passed="1" failed="0" inconclusive="0" skipped="0" asserts="5">
        <test-case id="0-1163" name="TestNestedSameName2" fullname="Kaitai.SpecNestedSameName2.TestNestedSameName2" methodname="TestNestedSameName2" classname="Kaitai.SpecNestedSameName2" runstate="Runnable" seed="1239790239" result="Passed" start-time="2019-10-23 10:12:52Z" end-time="2019-10-23 10:12:52Z" duration="0.000994" asserts="5" />
      </test-suite>
      <test-suite type="TestFixture" id="0-1164" name="SpecNestedTypes" fullname="Kaitai.SpecNestedTypes" classname="Kaitai.SpecNestedTypes" runstate="Runnable" testcasecount="1" result="Passed" start-time="2019-10-23 10:12:52Z" end-time="2019-10-23 10:12:52Z" duration="0.003621" total="1" passed="1" failed="0" inconclusive="0" skipped="0" asserts="3">
        <test-case id="0-1165" name="TestNestedTypes" fullname="Kaitai.SpecNestedTypes.TestNestedTypes" methodname="TestNestedTypes" classname="Kaitai.SpecNestedTypes" runstate="Runnable" seed="189932944" result="Passed" start-time="2019-10-23 10:12:52Z" end-time="2019-10-23 10:12:52Z" duration="0.000792" asserts="3" />
      </test-suite>
      <test-suite type="TestFixture" id="0-1166" name="SpecNestedTypes2" fullname="Kaitai.SpecNestedTypes2" classname="Kaitai.SpecNestedTypes2" runstate="Runnable" testcasecount="1" result="Passed" start-time="2019-10-23 10:12:52Z" end-time="2019-10-23 10:12:52Z" duration="0.003574" total="1" passed="1" failed="0" inconclusive="0" skipped="0" asserts="7">
        <test-case id="0-1167" name="TestNestedTypes2" fullname="Kaitai.SpecNestedTypes2.TestNestedTypes2" methodname="TestNestedTypes2" classname="Kaitai.SpecNestedTypes2" runstate="Runnable" seed="451382580" result="Passed" start-time="2019-10-23 10:12:52Z" end-time="2019-10-23 10:12:52Z" duration="0.001139" asserts="7" />
      </test-suite>
      <test-suite type="TestFixture" id="0-1168" name="SpecNestedTypes3" fullname="Kaitai.SpecNestedTypes3" classname="Kaitai.SpecNestedTypes3" runstate="Runnable" testcasecount="1" result="Passed" start-time="2019-10-23 10:12:52Z" end-time="2019-10-23 10:12:52Z" duration="0.003274" total="1" passed="1" failed="0" inconclusive="0" skipped="0" asserts="5">
        <test-case id="0-1169" name="TestNestedTypes3" fullname="Kaitai.SpecNestedTypes3.TestNestedTypes3" methodname="TestNestedTypes3" classname="Kaitai.SpecNestedTypes3" runstate="Runnable" seed="1580930186" result="Passed" start-time="2019-10-23 10:12:52Z" end-time="2019-10-23 10:12:52Z" duration="0.000834" asserts="5" />
      </test-suite>
      <test-suite type="TestFixture" id="0-1170" name="SpecNonStandard" fullname="Kaitai.SpecNonStandard" classname="Kaitai.SpecNonStandard" runstate="Runnable" testcasecount="1" result="Passed" start-time="2019-10-23 10:12:52Z" end-time="2019-10-23 10:12:52Z" duration="0.002913" total="1" passed="1" failed="0" inconclusive="0" skipped="0" asserts="1">
        <test-case id="0-1171" name="TestNonStandard" fullname="Kaitai.SpecNonStandard.TestNonStandard" methodname="TestNonStandard" classname="Kaitai.SpecNonStandard" runstate="Runnable" seed="2058329644" result="Passed" start-time="2019-10-23 10:12:52Z" end-time="2019-10-23 10:12:52Z" duration="0.000483" asserts="1" />
      </test-suite>
      <test-suite type="TestFixture" id="0-1172" name="SpecOpaqueExternalType" fullname="Kaitai.SpecOpaqueExternalType" classname="Kaitai.SpecOpaqueExternalType" runstate="Runnable" testcasecount="1" result="Passed" start-time="2019-10-23 10:12:52Z" end-time="2019-10-23 10:12:52Z" duration="0.003062" total="1" passed="1" failed="0" inconclusive="0" skipped="0" asserts="3">
        <test-case id="0-1173" name="TestOpaqueExternalType" fullname="Kaitai.SpecOpaqueExternalType.TestOpaqueExternalType" methodname="TestOpaqueExternalType" classname="Kaitai.SpecOpaqueExternalType" runstate="Runnable" seed="82273872" result="Passed" start-time="2019-10-23 10:12:52Z" end-time="2019-10-23 10:12:52Z" duration="0.000609" asserts="3" />
      </test-suite>
      <test-suite type="TestFixture" id="0-1174" name="SpecOpaqueExternalType02Parent" fullname="Kaitai.SpecOpaqueExternalType02Parent" classname="Kaitai.SpecOpaqueExternalType02Parent" runstate="Runnable" testcasecount="1" result="Passed" start-time="2019-10-23 10:12:52Z" end-time="2019-10-23 10:12:52Z" duration="0.003329" total="1" passed="1" failed="0" inconclusive="0" skipped="0" asserts="3">
        <test-case id="0-1175" name="TestOpaqueExternalType02Parent" fullname="Kaitai.SpecOpaqueExternalType02Parent.TestOpaqueExternalType02Parent" methodname="TestOpaqueExternalType02Parent" classname="Kaitai.SpecOpaqueExternalType02Parent" runstate="Runnable" seed="714559965" result="Passed" start-time="2019-10-23 10:12:52Z" end-time="2019-10-23 10:12:52Z" duration="0.000885" asserts="3" />
      </test-suite>
      <test-suite type="TestFixture" id="0-1176" name="SpecOpaqueWithParam" fullname="Kaitai.SpecOpaqueWithParam" classname="Kaitai.SpecOpaqueWithParam" runstate="Runnable" testcasecount="1" result="Passed" start-time="2019-10-23 10:12:52Z" end-time="2019-10-23 10:12:52Z" duration="0.003141" total="1" passed="1" failed="0" inconclusive="0" skipped="0" asserts="2">
        <test-case id="0-1177" name="TestOpaqueWithParam" fullname="Kaitai.SpecOpaqueWithParam.TestOpaqueWithParam" methodname="TestOpaqueWithParam" classname="Kaitai.SpecOpaqueWithParam" runstate="Runnable" seed="16696945" result="Passed" start-time="2019-10-23 10:12:52Z" end-time="2019-10-23 10:12:52Z" duration="0.000692" asserts="2" />
      </test-suite>
      <test-suite type="TestFixture" id="0-1178" name="SpecOptionalId" fullname="Kaitai.SpecOptionalId" classname="Kaitai.SpecOptionalId" runstate="Runnable" testcasecount="1" result="Passed" start-time="2019-10-23 10:12:52Z" end-time="2019-10-23 10:12:52Z" duration="0.002967" total="1" passed="1" failed="0" inconclusive="0" skipped="0" asserts="3">
        <test-case id="0-1179" name="TestOptionalId" fullname="Kaitai.SpecOptionalId.TestOptionalId" methodname="TestOptionalId" classname="Kaitai.SpecOptionalId" runstate="Runnable" seed="1628032050" result="Passed" start-time="2019-10-23 10:12:52Z" end-time="2019-10-23 10:12:52Z" duration="0.000507" asserts="3" />
      </test-suite>
      <test-suite type="TestFixture" id="0-1180" name="SpecParamsCallShort" fullname="Kaitai.SpecParamsCallShort" classname="Kaitai.SpecParamsCallShort" runstate="Runnable" testcasecount="1" result="Passed" start-time="2019-10-23 10:12:52Z" end-time="2019-10-23 10:12:52Z" duration="0.003240" total="1" passed="1" failed="0" inconclusive="0" skipped="0" asserts="3">
        <test-case id="0-1181" name="TestParamsCallShort" fullname="Kaitai.SpecParamsCallShort.TestParamsCallShort" methodname="TestParamsCallShort" classname="Kaitai.SpecParamsCallShort" runstate="Runnable" seed="1169340015" result="Passed" start-time="2019-10-23 10:12:52Z" end-time="2019-10-23 10:12:52Z" duration="0.000810" asserts="3" />
      </test-suite>
      <test-suite type="TestFixture" id="0-1182" name="SpecParamsDef" fullname="Kaitai.SpecParamsDef" classname="Kaitai.SpecParamsDef" runstate="Runnable" testcasecount="1" result="Passed" start-time="2019-10-23 10:12:52Z" end-time="2019-10-23 10:12:52Z" duration="0.002705" total="1" passed="1" failed="0" inconclusive="0" skipped="0" asserts="2">
        <test-case id="0-1183" name="TestParamsDef" fullname="Kaitai.SpecParamsDef.TestParamsDef" methodname="TestParamsDef" classname="Kaitai.SpecParamsDef" runstate="Runnable" seed="1872359131" result="Passed" start-time="2019-10-23 10:12:52Z" end-time="2019-10-23 10:12:52Z" duration="0.000272" asserts="2" />
      </test-suite>
      <test-suite type="TestFixture" id="0-1184" name="SpecParamsEnum" fullname="Kaitai.SpecParamsEnum" classname="Kaitai.SpecParamsEnum" runstate="Runnable" testcasecount="1" result="Passed" start-time="2019-10-23 10:12:52Z" end-time="2019-10-23 10:12:52Z" duration="0.003085" total="1" passed="1" failed="0" inconclusive="0" skipped="0" asserts="2">
        <test-case id="0-1185" name="TestParamsEnum" fullname="Kaitai.SpecParamsEnum.TestParamsEnum" methodname="TestParamsEnum" classname="Kaitai.SpecParamsEnum" runstate="Runnable" seed="563946190" result="Passed" start-time="2019-10-23 10:12:52Z" end-time="2019-10-23 10:12:52Z" duration="0.000633" asserts="2" />
      </test-suite>
      <test-suite type="TestFixture" id="0-1186" name="SpecParamsPassUsertype" fullname="Kaitai.SpecParamsPassUsertype" classname="Kaitai.SpecParamsPassUsertype" runstate="Runnable" testcasecount="1" result="Passed" start-time="2019-10-23 10:12:52Z" end-time="2019-10-23 10:12:52Z" duration="0.003137" total="1" passed="1" failed="0" inconclusive="0" skipped="0" asserts="2">
        <test-case id="0-1187" name="TestParamsPassUsertype" fullname="Kaitai.SpecParamsPassUsertype.TestParamsPassUsertype" methodname="TestParamsPassUsertype" classname="Kaitai.SpecParamsPassUsertype" runstate="Runnable" seed="381374203" result="Passed" start-time="2019-10-23 10:12:52Z" end-time="2019-10-23 10:12:52Z" duration="0.000689" asserts="2" />
      </test-suite>
      <test-suite type="TestFixture" id="0-1188" name="SpecPositionAbs" fullname="Kaitai.SpecPositionAbs" classname="Kaitai.SpecPositionAbs" runstate="Runnable" testcasecount="1" result="Passed" start-time="2019-10-23 10:12:52Z" end-time="2019-10-23 10:12:52Z" duration="0.003133" total="1" passed="1" failed="0" inconclusive="0" skipped="0" asserts="2">
        <test-case id="0-1189" name="TestPositionAbs" fullname="Kaitai.SpecPositionAbs.TestPositionAbs" methodname="TestPositionAbs" classname="Kaitai.SpecPositionAbs" runstate="Runnable" seed="2095913628" result="Passed" start-time="2019-10-23 10:12:52Z" end-time="2019-10-23 10:12:52Z" duration="0.000684" asserts="2" />
      </test-suite>
      <test-suite type="TestFixture" id="0-1190" name="SpecPositionInSeq" fullname="Kaitai.SpecPositionInSeq" classname="Kaitai.SpecPositionInSeq" runstate="Runnable" testcasecount="1" result="Passed" start-time="2019-10-23 10:12:52Z" end-time="2019-10-23 10:12:52Z" duration="0.003933" total="1" passed="1" failed="0" inconclusive="0" skipped="0" asserts="1">
        <test-case id="0-1191" name="TestPositionInSeq" fullname="Kaitai.SpecPositionInSeq.TestPositionInSeq" methodname="TestPositionInSeq" classname="Kaitai.SpecPositionInSeq" runstate="Runnable" seed="1805059109" result="Passed" start-time="2019-10-23 10:12:52Z" end-time="2019-10-23 10:12:52Z" duration="0.001492" asserts="1" />
      </test-suite>
      <test-suite type="TestFixture" id="0-1192" name="SpecPositionToEnd" fullname="Kaitai.SpecPositionToEnd" classname="Kaitai.SpecPositionToEnd" runstate="Runnable" testcasecount="1" result="Passed" start-time="2019-10-23 10:12:52Z" end-time="2019-10-23 10:12:52Z" duration="0.003098" total="1" passed="1" failed="0" inconclusive="0" skipped="0" asserts="2">
        <test-case id="0-1193" name="TestPositionToEnd" fullname="Kaitai.SpecPositionToEnd.TestPositionToEnd" methodname="TestPositionToEnd" classname="Kaitai.SpecPositionToEnd" runstate="Runnable" seed="1282279510" result="Passed" start-time="2019-10-23 10:12:52Z" end-time="2019-10-23 10:12:52Z" duration="0.000641" asserts="2" />
      </test-suite>
      <test-suite type="TestFixture" id="0-1194" name="SpecProcessCoerceBytes" fullname="Kaitai.SpecProcessCoerceBytes" classname="Kaitai.SpecProcessCoerceBytes" runstate="Runnable" testcasecount="1" result="Passed" start-time="2019-10-23 10:12:52Z" end-time="2019-10-23 10:12:52Z" duration="0.003783" total="1" passed="1" failed="0" inconclusive="0" skipped="0" asserts="4">
        <test-case id="0-1195" name="TestProcessCoerceBytes" fullname="Kaitai.SpecProcessCoerceBytes.TestProcessCoerceBytes" methodname="TestProcessCoerceBytes" classname="Kaitai.SpecProcessCoerceBytes" runstate="Runnable" seed="1206956039" result="Passed" start-time="2019-10-23 10:12:52Z" end-time="2019-10-23 10:12:52Z" duration="0.001331" asserts="4" />
      </test-suite>
      <test-suite type="TestFixture" id="0-1196" name="SpecProcessCoerceSwitch" fullname="Kaitai.SpecProcessCoerceSwitch" classname="Kaitai.SpecProcessCoerceSwitch" runstate="Runnable" testcasecount="1" result="Passed" start-time="2019-10-23 10:12:52Z" end-time="2019-10-23 10:12:52Z" duration="0.003328" total="1" passed="1" failed="0" inconclusive="0" skipped="0" asserts="3">
        <test-case id="0-1197" name="TestProcessCoerceSwitch" fullname="Kaitai.SpecProcessCoerceSwitch.TestProcessCoerceSwitch" methodname="TestProcessCoerceSwitch" classname="Kaitai.SpecProcessCoerceSwitch" runstate="Runnable" seed="965225268" result="Passed" start-time="2019-10-23 10:12:52Z" end-time="2019-10-23 10:12:52Z" duration="0.000879" asserts="3" />
      </test-suite>
      <test-suite type="TestFixture" id="0-1198" name="SpecProcessCoerceUsertype1" fullname="Kaitai.SpecProcessCoerceUsertype1" classname="Kaitai.SpecProcessCoerceUsertype1" runstate="Runnable" testcasecount="1" result="Passed" start-time="2019-10-23 10:12:52Z" end-time="2019-10-23 10:12:52Z" duration="0.003848" total="1" passed="1" failed="0" inconclusive="0" skipped="0" asserts="4">
        <test-case id="0-1199" name="TestProcessCoerceUsertype1" fullname="Kaitai.SpecProcessCoerceUsertype1.TestProcessCoerceUsertype1" methodname="TestProcessCoerceUsertype1" classname="Kaitai.SpecProcessCoerceUsertype1" runstate="Runnable" seed="1055604438" result="Passed" start-time="2019-10-23 10:12:52Z" end-time="2019-10-23 10:12:52Z" duration="0.001407" asserts="4" />
      </test-suite>
      <test-suite type="TestFixture" id="0-1200" name="SpecProcessCoerceUsertype2" fullname="Kaitai.SpecProcessCoerceUsertype2" classname="Kaitai.SpecProcessCoerceUsertype2" runstate="Runnable" testcasecount="1" result="Passed" start-time="2019-10-23 10:12:52Z" end-time="2019-10-23 10:12:52Z" duration="0.003804" total="1" passed="1" failed="0" inconclusive="0" skipped="0" asserts="4">
        <test-case id="0-1201" name="TestProcessCoerceUsertype2" fullname="Kaitai.SpecProcessCoerceUsertype2.TestProcessCoerceUsertype2" methodname="TestProcessCoerceUsertype2" classname="Kaitai.SpecProcessCoerceUsertype2" runstate="Runnable" seed="1744099105" result="Passed" start-time="2019-10-23 10:12:52Z" end-time="2019-10-23 10:12:52Z" duration="0.001346" asserts="4" />
      </test-suite>
      <test-suite type="TestFixture" id="0-1202" name="SpecProcessCustom" fullname="Kaitai.SpecProcessCustom" classname="Kaitai.SpecProcessCustom" runstate="Runnable" testcasecount="1" result="Passed" start-time="2019-10-23 10:12:52Z" end-time="2019-10-23 10:12:52Z" duration="0.003266" total="1" passed="1" failed="0" inconclusive="0" skipped="0" asserts="3">
        <test-case id="0-1203" name="TestProcessCustom" fullname="Kaitai.SpecProcessCustom.TestProcessCustom" methodname="TestProcessCustom" classname="Kaitai.SpecProcessCustom" runstate="Runnable" seed="192748298" result="Passed" start-time="2019-10-23 10:12:52Z" end-time="2019-10-23 10:12:52Z" duration="0.000821" asserts="3" />
      </test-suite>
      <test-suite type="TestFixture" id="0-1204" name="SpecProcessRotate" fullname="Kaitai.SpecProcessRotate" classname="Kaitai.SpecProcessRotate" runstate="Runnable" testcasecount="1" result="Passed" start-time="2019-10-23 10:12:52Z" end-time="2019-10-23 10:12:52Z" duration="0.003129" total="1" passed="1" failed="0" inconclusive="0" skipped="0" asserts="3">
        <test-case id="0-1205" name="TestProcessRotate" fullname="Kaitai.SpecProcessRotate.TestProcessRotate" methodname="TestProcessRotate" classname="Kaitai.SpecProcessRotate" runstate="Runnable" seed="2031597394" result="Passed" start-time="2019-10-23 10:12:52Z" end-time="2019-10-23 10:12:52Z" duration="0.000690" asserts="3" />
      </test-suite>
      <test-suite type="TestFixture" id="0-1206" name="SpecProcessToUser" fullname="Kaitai.SpecProcessToUser" classname="Kaitai.SpecProcessToUser" runstate="Runnable" testcasecount="1" result="Passed" start-time="2019-10-23 10:12:52Z" end-time="2019-10-23 10:12:52Z" duration="0.002987" total="1" passed="1" failed="0" inconclusive="0" skipped="0" asserts="1">
        <test-case id="0-1207" name="TestProcessToUser" fullname="Kaitai.SpecProcessToUser.TestProcessToUser" methodname="TestProcessToUser" classname="Kaitai.SpecProcessToUser" runstate="Runnable" seed="118750727" result="Passed" start-time="2019-10-23 10:12:52Z" end-time="2019-10-23 10:12:52Z" duration="0.000548" asserts="1" />
      </test-suite>
      <test-suite type="TestFixture" id="0-1208" name="SpecProcessXor4Const" fullname="Kaitai.SpecProcessXor4Const" classname="Kaitai.SpecProcessXor4Const" runstate="Runnable" testcasecount="1" result="Passed" start-time="2019-10-23 10:12:52Z" end-time="2019-10-23 10:12:52Z" duration="0.002996" total="1" passed="1" failed="0" inconclusive="0" skipped="0" asserts="2">
        <test-case id="0-1209" name="TestProcessXor4Const" fullname="Kaitai.SpecProcessXor4Const.TestProcessXor4Const" methodname="TestProcessXor4Const" classname="Kaitai.SpecProcessXor4Const" runstate="Runnable" seed="1029886112" result="Passed" start-time="2019-10-23 10:12:52Z" end-time="2019-10-23 10:12:52Z" duration="0.000550" asserts="2" />
      </test-suite>
      <test-suite type="TestFixture" id="0-1210" name="SpecProcessXor4Value" fullname="Kaitai.SpecProcessXor4Value" classname="Kaitai.SpecProcessXor4Value" runstate="Runnable" testcasecount="1" result="Passed" start-time="2019-10-23 10:12:52Z" end-time="2019-10-23 10:12:52Z" duration="0.002906" total="1" passed="1" failed="0" inconclusive="0" skipped="0" asserts="2">
        <test-case id="0-1211" name="TestProcessXor4Value" fullname="Kaitai.SpecProcessXor4Value.TestProcessXor4Value" methodname="TestProcessXor4Value" classname="Kaitai.SpecProcessXor4Value" runstate="Runnable" seed="1215715196" result="Passed" start-time="2019-10-23 10:12:52Z" end-time="2019-10-23 10:12:52Z" duration="0.000459" asserts="2" />
      </test-suite>
      <test-suite type="TestFixture" id="0-1212" name="SpecProcessXorConst" fullname="Kaitai.SpecProcessXorConst" classname="Kaitai.SpecProcessXorConst" runstate="Runnable" testcasecount="1" result="Passed" start-time="2019-10-23 10:12:52Z" end-time="2019-10-23 10:12:52Z" duration="0.002898" total="1" passed="1" failed="0" inconclusive="0" skipped="0" asserts="2">
        <test-case id="0-1213" name="TestProcessXorConst" fullname="Kaitai.SpecProcessXorConst.TestProcessXorConst" methodname="TestProcessXorConst" classname="Kaitai.SpecProcessXorConst" runstate="Runnable" seed="1421497435" result="Passed" start-time="2019-10-23 10:12:52Z" end-time="2019-10-23 10:12:52Z" duration="0.000457" asserts="2" />
      </test-suite>
      <test-suite type="TestFixture" id="0-1214" name="SpecProcessXorValue" fullname="Kaitai.SpecProcessXorValue" classname="Kaitai.SpecProcessXorValue" runstate="Runnable" testcasecount="1" result="Passed" start-time="2019-10-23 10:12:52Z" end-time="2019-10-23 10:12:52Z" duration="0.002917" total="1" passed="1" failed="0" inconclusive="0" skipped="0" asserts="2">
        <test-case id="0-1215" name="TestProcessXorValue" fullname="Kaitai.SpecProcessXorValue.TestProcessXorValue" methodname="TestProcessXorValue" classname="Kaitai.SpecProcessXorValue" runstate="Runnable" seed="2043230854" result="Passed" start-time="2019-10-23 10:12:52Z" end-time="2019-10-23 10:12:52Z" duration="0.000477" asserts="2" />
      </test-suite>
      <test-suite type="TestFixture" id="0-1216" name="SpecRecursiveOne" fullname="Kaitai.SpecRecursiveOne" classname="Kaitai.SpecRecursiveOne" runstate="Runnable" testcasecount="1" result="Passed" start-time="2019-10-23 10:12:52Z" end-time="2019-10-23 10:12:52Z" duration="0.003225" total="1" passed="1" failed="0" inconclusive="0" skipped="0" asserts="4">
        <test-case id="0-1217" name="TestRecursiveOne" fullname="Kaitai.SpecRecursiveOne.TestRecursiveOne" methodname="TestRecursiveOne" classname="Kaitai.SpecRecursiveOne" runstate="Runnable" seed="1505376529" result="Passed" start-time="2019-10-23 10:12:52Z" end-time="2019-10-23 10:12:52Z" duration="0.000788" asserts="4" />
[...]
      </test-suite>
      <test-suite type="TestFixture" id="0-1246" name="SpecStrPadTerm" fullname="Kaitai.SpecStrPadTerm" classname="Kaitai.SpecStrPadTerm" runstate="Runnable" testcasecount="1" result="Passed" start-time="2019-10-23 10:12:52Z" end-time="2019-10-23 10:12:52Z" duration="0.002993" total="1" passed="1" failed="0" inconclusive="0" skipped="0" asserts="4">
        <test-case id="0-1247" name="TestStrPadTerm" fullname="Kaitai.SpecStrPadTerm.TestStrPadTerm" methodname="TestStrPadTerm" classname="Kaitai.SpecStrPadTerm" runstate="Runnable" seed="1277232120" result="Passed" start-time="2019-10-23 10:12:52Z" end-time="2019-10-23 10:12:52Z" duration="0.000551" asserts="4" />
      </test-suite>
      <test-suite type="TestFixture" id="0-1248" name="SpecStrPadTermEmpty" fullname="Kaitai.SpecStrPadTermEmpty" classname="Kaitai.SpecStrPadTermEmpty" runstate="Runnable" testcasecount="1" result="Passed" start-time="2019-10-23 10:12:52Z" end-time="2019-10-23 10:12:52Z" duration="0.002987" total="1" passed="1" failed="0" inconclusive="0" skipped="0" asserts="4">
        <test-case id="0-1249" name="TestStrPadTermEmpty" fullname="Kaitai.SpecStrPadTermEmpty.TestStrPadTermEmpty" methodname="TestStrPadTermEmpty" classname="Kaitai.SpecStrPadTermEmpty" runstate="Runnable" seed="881971686" result="Passed" start-time="2019-10-23 10:12:52Z" end-time="2019-10-23 10:12:52Z" duration="0.000530" asserts="4" />
      </test-suite>
      <test-suite type="TestFixture" id="0-1250" name="SpecSwitchBytearray" fullname="Kaitai.SpecSwitchBytearray" classname="Kaitai.SpecSwitchBytearray" runstate="Runnable" testcasecount="1" result="Passed" start-time="2019-10-23 10:12:52Z" end-time="2019-10-23 10:12:52Z" duration="0.004378" total="1" passed="1" failed="0" inconclusive="0" skipped="0" asserts="9">
        <test-case id="0-1251" name="TestSwitchBytearray" fullname="Kaitai.SpecSwitchBytearray.TestSwitchBytearray" methodname="TestSwitchBytearray" classname="Kaitai.SpecSwitchBytearray" runstate="Runnable" seed="1273820312" result="Passed" start-time="2019-10-23 10:12:52Z" end-time="2019-10-23 10:12:52Z" duration="0.001933" asserts="9" />
      </test-suite>
      <test-suite type="TestFixture" id="0-1252" name="SpecSwitchCast" fullname="Kaitai.SpecSwitchCast" classname="Kaitai.SpecSwitchCast" runstate="Runnable" testcasecount="1" result="Passed" start-time="2019-10-23 10:12:52Z" end-time="2019-10-23 10:12:52Z" duration="0.004353" total="1" passed="1" failed="0" inconclusive="0" skipped="0" asserts="3">
        <test-case id="0-1253" name="TestSwitchCast" fullname="Kaitai.SpecSwitchCast.TestSwitchCast" methodname="TestSwitchCast" classname="Kaitai.SpecSwitchCast" runstate="Runnable" seed="2019127396" result="Passed" start-time="2019-10-23 10:12:52Z" end-time="2019-10-23 10:12:52Z" duration="0.001863" asserts="3" />
      </test-suite>
      <test-suite type="TestFixture" id="0-1254" name="SpecSwitchIntegers" fullname="Kaitai.SpecSwitchIntegers" classname="Kaitai.SpecSwitchIntegers" runstate="Runnable" testcasecount="1" result="Passed" start-time="2019-10-23 10:12:52Z" end-time="2019-10-23 10:12:52Z" duration="0.004044" total="1" passed="1" failed="0" inconclusive="0" skipped="0" asserts="9">
        <test-case id="0-1255" name="TestSwitchIntegers" fullname="Kaitai.SpecSwitchIntegers.TestSwitchIntegers" methodname="TestSwitchIntegers" classname="Kaitai.SpecSwitchIntegers" runstate="Runnable" seed="1673530962" result="Passed" start-time="2019-10-23 10:12:52Z" end-time="2019-10-23 10:12:52Z" duration="0.001584" asserts="9" />
      </test-suite>
      <test-suite type="TestFixture" id="0-1256" name="SpecSwitchIntegers2" fullname="Kaitai.SpecSwitchIntegers2" classname="Kaitai.SpecSwitchIntegers2" runstate="Runnable" testcasecount="1" result="Passed" start-time="2019-10-23 10:12:52Z" end-time="2019-10-23 10:12:52Z" duration="0.003419" total="1" passed="1" failed="0" inconclusive="0" skipped="0" asserts="5">
        <test-case id="0-1257" name="TestSwitchIntegers2" fullname="Kaitai.SpecSwitchIntegers2.TestSwitchIntegers2" methodname="TestSwitchIntegers2" classname="Kaitai.SpecSwitchIntegers2" runstate="Runnable" seed="2136237301" result="Passed" start-time="2019-10-23 10:12:52Z" end-time="2019-10-23 10:12:52Z" duration="0.000949" asserts="5" />
      </test-suite>
      <test-suite type="TestFixture" id="0-1258" name="SpecSwitchManualEnum" fullname="Kaitai.SpecSwitchManualEnum" classname="Kaitai.SpecSwitchManualEnum" runstate="Runnable" testcasecount="1" result="Passed" start-time="2019-10-23 10:12:52Z" end-time="2019-10-23 10:12:52Z" duration="0.004299" total="1" passed="1" failed="0" inconclusive="0" skipped="0" asserts="9">
        <test-case id="0-1259" name="TestSwitchManualEnum" fullname="Kaitai.SpecSwitchManualEnum.TestSwitchManualEnum" methodname="TestSwitchManualEnum" classname="Kaitai.SpecSwitchManualEnum" runstate="Runnable" seed="1354352943" result="Passed" start-time="2019-10-23 10:12:52Z" end-time="2019-10-23 10:12:52Z" duration="0.001847" asserts="9" />
      </test-suite>
      <test-suite type="TestFixture" id="0-1260" name="SpecSwitchManualInt" fullname="Kaitai.SpecSwitchManualInt" classname="Kaitai.SpecSwitchManualInt" runstate="Runnable" testcasecount="1" result="Passed" start-time="2019-10-23 10:12:52Z" end-time="2019-10-23 10:12:52Z" duration="0.004220" total="1" passed="1" failed="0" inconclusive="0" skipped="0" asserts="9">
        <test-case id="0-1261" name="TestSwitchManualInt" fullname="Kaitai.SpecSwitchManualInt.TestSwitchManualInt" methodname="TestSwitchManualInt" classname="Kaitai.SpecSwitchManualInt" runstate="Runnable" seed="1236073031" result="Passed" start-time="2019-10-23 10:12:52Z" end-time="2019-10-23 10:12:52Z" duration="0.001764" asserts="9" />
      </test-suite>
      <test-suite type="TestFixture" id="0-1262" name="SpecSwitchManualIntElse" fullname="Kaitai.SpecSwitchManualIntElse" classname="Kaitai.SpecSwitchManualIntElse" runstate="Runnable" testcasecount="1" result="Passed" start-time="2019-10-23 10:12:52Z" end-time="2019-10-23 10:12:52Z" duration="0.004374" total="1" passed="1" failed="0" inconclusive="0" skipped="0" asserts="9">
        <test-case id="0-1263" name="TestSwitchManualIntElse" fullname="Kaitai.SpecSwitchManualIntElse.TestSwitchManualIntElse" methodname="TestSwitchManualIntElse" classname="Kaitai.SpecSwitchManualIntElse" runstate="Runnable" seed="267403046" result="Passed" start-time="2019-10-23 10:12:52Z" end-time="2019-10-23 10:12:52Z" duration="0.001925" asserts="9" />
      </test-suite>
      <test-suite type="TestFixture" id="0-1264" name="SpecSwitchManualIntSize" fullname="Kaitai.SpecSwitchManualIntSize" classname="Kaitai.SpecSwitchManualIntSize" runstate="Runnable" testcasecount="1" result="Passed" start-time="2019-10-23 10:12:52Z" end-time="2019-10-23 10:12:52Z" duration="0.004502" total="1" passed="1" failed="0" inconclusive="0" skipped="0" asserts="10">
        <test-case id="0-1265" name="TestSwitchManualIntSize" fullname="Kaitai.SpecSwitchManualIntSize.TestSwitchManualIntSize" methodname="TestSwitchManualIntSize" classname="Kaitai.SpecSwitchManualIntSize" runstate="Runnable" seed="1388312662" result="Passed" start-time="2019-10-23 10:12:52Z" end-time="2019-10-23 10:12:52Z" duration="0.002047" asserts="10" />
      </test-suite>
      <test-suite type="TestFixture" id="0-1266" name="SpecSwitchManualIntSizeElse" fullname="Kaitai.SpecSwitchManualIntSizeElse" classname="Kaitai.SpecSwitchManualIntSizeElse" runstate="Runnable" testcasecount="1" result="Passed" start-time="2019-10-23 10:12:52Z" end-time="2019-10-23 10:12:52Z" duration="0.004662" total="1" passed="1" failed="0" inconclusive="0" skipped="0" asserts="10">
        <test-case id="0-1267" name="TestSwitchManualIntSizeElse" fullname="Kaitai.SpecSwitchManualIntSizeElse.TestSwitchManualIntSizeElse" methodname="TestSwitchManualIntSizeElse" classname="Kaitai.SpecSwitchManualIntSizeElse" runstate="Runnable" seed="147578179" result="Passed" start-time="2019-10-23 10:12:52Z" end-time="2019-10-23 10:12:52Z" duration="0.002192" asserts="10" />
      </test-suite>
      <test-suite type="TestFixture" id="0-1268" name="SpecSwitchManualIntSizeEos" fullname="Kaitai.SpecSwitchManualIntSizeEos" classname="Kaitai.SpecSwitchManualIntSizeEos" runstate="Runnable" testcasecount="1" result="Passed" start-time="2019-10-23 10:12:52Z" end-time="2019-10-23 10:12:52Z" duration="0.004649" total="1" passed="1" failed="0" inconclusive="0" skipped="0" asserts="10">
        <test-case id="0-1269" name="TestSwitchManualIntSizeEos" fullname="Kaitai.SpecSwitchManualIntSizeEos.TestSwitchManualIntSizeEos" methodname="TestSwitchManualIntSizeEos" classname="Kaitai.SpecSwitchManualIntSizeEos" runstate="Runnable" seed="57268565" result="Passed" start-time="2019-10-23 10:12:52Z" end-time="2019-10-23 10:12:52Z" duration="0.002180" asserts="10" />
      </test-suite>
      <test-suite type="TestFixture" id="0-1270" name="SpecSwitchManualStr" fullname="Kaitai.SpecSwitchManualStr" classname="Kaitai.SpecSwitchManualStr" runstate="Runnable" testcasecount="1" result="Passed" start-time="2019-10-23 10:12:52Z" end-time="2019-10-23 10:12:52Z" duration="0.004259" total="1" passed="1" failed="0" inconclusive="0" skipped="0" asserts="9">
        <test-case id="0-1271" name="TestSwitchManualStr" fullname="Kaitai.SpecSwitchManualStr.TestSwitchManualStr" methodname="TestSwitchManualStr" classname="Kaitai.SpecSwitchManualStr" runstate="Runnable" seed="877122144" result="Passed" start-time="2019-10-23 10:12:52Z" end-time="2019-10-23 10:12:52Z" duration="0.001786" asserts="9" />
      </test-suite>
      <test-suite type="TestFixture" id="0-1272" name="SpecSwitchManualStrElse" fullname="Kaitai.SpecSwitchManualStrElse" classname="Kaitai.SpecSwitchManualStrElse" runstate="Runnable" testcasecount="1" result="Passed" start-time="2019-10-23 10:12:52Z" end-time="2019-10-23 10:12:52Z" duration="0.004431" total="1" passed="1" failed="0" inconclusive="0" skipped="0" asserts="9">
        <test-case id="0-1273" name="TestSwitchManualStrElse" fullname="Kaitai.SpecSwitchManualStrElse.TestSwitchManualStrElse" methodname="TestSwitchManualStrElse" classname="Kaitai.SpecSwitchManualStrElse" runstate="Runnable" seed="1120611126" result="Passed" start-time="2019-10-23 10:12:52Z" end-time="2019-10-23 10:12:52Z" duration="0.001959" asserts="9" />
      </test-suite>
      <test-suite type="TestFixture" id="0-1274" name="SpecSwitchMultiBoolOps" fullname="Kaitai.SpecSwitchMultiBoolOps" classname="Kaitai.SpecSwitchMultiBoolOps" runstate="Runnable" testcasecount="1" result="Passed" start-time="2019-10-23 10:12:52Z" end-time="2019-10-23 10:12:52Z" duration="0.004068" total="1" passed="1" failed="0" inconclusive="0" skipped="0" asserts="9">
        <test-case id="0-1275" name="TestSwitchMultiBoolOps" fullname="Kaitai.SpecSwitchMultiBoolOps.TestSwitchMultiBoolOps" methodname="TestSwitchMultiBoolOps" classname="Kaitai.SpecSwitchMultiBoolOps" runstate="Runnable" seed="535318192" result="Passed" start-time="2019-10-23 10:12:52Z" end-time="2019-10-23 10:12:52Z" duration="0.001620" asserts="9" />
      </test-suite>
      <test-suite type="TestFixture" id="0-1276" name="SpecSwitchRepeatExpr" fullname="Kaitai.SpecSwitchRepeatExpr" classname="Kaitai.SpecSwitchRepeatExpr" runstate="Runnable" testcasecount="1" result="Passed" start-time="2019-10-23 10:12:52Z" end-time="2019-10-23 10:12:52Z" duration="0.004187" total="1" passed="1" failed="0" inconclusive="0" skipped="0" asserts="3">
        <test-case id="0-1277" name="TestSwitchRepeatExpr" fullname="Kaitai.SpecSwitchRepeatExpr.TestSwitchRepeatExpr" methodname="TestSwitchRepeatExpr" classname="Kaitai.SpecSwitchRepeatExpr" runstate="Runnable" seed="475747102" result="Passed" start-time="2019-10-23 10:12:52Z" end-time="2019-10-23 10:12:52Z" duration="0.001733" asserts="3" />
      </test-suite>
      <test-suite type="TestFixture" id="0-1278" name="SpecTermBytes" fullname="Kaitai.SpecTermBytes" classname="Kaitai.SpecTermBytes" runstate="Runnable" testcasecount="1" result="Passed" start-time="2019-10-23 10:12:52Z" end-time="2019-10-23 10:12:52Z" duration="0.002959" total="1" passed="1" failed="0" inconclusive="0" skipped="0" asserts="3">
        <test-case id="0-1279" name="TestTermBytes" fullname="Kaitai.SpecTermBytes.TestTermBytes" methodname="TestTermBytes" classname="Kaitai.SpecTermBytes" runstate="Runnable" seed="2028281869" result="Passed" start-time="2019-10-23 10:12:52Z" end-time="2019-10-23 10:12:52Z" duration="0.000508" asserts="3" />
      </test-suite>
      <test-suite type="TestFixture" id="0-1280" name="SpecTermStrz" fullname="Kaitai.SpecTermStrz" classname="Kaitai.SpecTermStrz" runstate="Runnable" testcasecount="1" result="Passed" start-time="2019-10-23 10:12:52Z" end-time="2019-10-23 10:12:52Z" duration="0.002784" total="1" passed="1" failed="0" inconclusive="0" skipped="0" asserts="3">
        <test-case id="0-1281" name="TestTermStrz" fullname="Kaitai.SpecTermStrz.TestTermStrz" methodname="TestTermStrz" classname="Kaitai.SpecTermStrz" runstate="Runnable" seed="395098319" result="Passed" start-time="2019-10-23 10:12:52Z" end-time="2019-10-23 10:12:52Z" duration="0.000335" asserts="3" />
      </test-suite>
      <test-suite type="TestFixture" id="0-1282" name="SpecTsPacketHeader" fullname="Kaitai.SpecTsPacketHeader" classname="Kaitai.SpecTsPacketHeader" runstate="Runnable" testcasecount="1" result="Passed" start-time="2019-10-23 10:12:52Z" end-time="2019-10-23 10:12:52Z" duration="0.003177" total="1" passed="1" failed="0" inconclusive="0" skipped="0" asserts="7">
        <test-case id="0-1283" name="TestTsPacketHeader" fullname="Kaitai.SpecTsPacketHeader.TestTsPacketHeader" methodname="TestTsPacketHeader" classname="Kaitai.SpecTsPacketHeader" runstate="Runnable" seed="1973885725" result="Passed" start-time="2019-10-23 10:12:52Z" end-time="2019-10-23 10:12:52Z" duration="0.000732" asserts="7" />
      </test-suite>
      <test-suite type="TestFixture" id="0-1284" name="SpecTypeIntUnaryOp" fullname="Kaitai.SpecTypeIntUnaryOp" classname="Kaitai.SpecTypeIntUnaryOp" runstate="Runnable" testcasecount="1" result="Passed" start-time="2019-10-23 10:12:52Z" end-time="2019-10-23 10:12:52Z" duration="0.003133" total="1" passed="1" failed="0" inconclusive="0" skipped="0" asserts="4">
        <test-case id="0-1285" name="TestTypeIntUnaryOp" fullname="Kaitai.SpecTypeIntUnaryOp.TestTypeIntUnaryOp" methodname="TestTypeIntUnaryOp" classname="Kaitai.SpecTypeIntUnaryOp" runstate="Runnable" seed="403438543" result="Passed" start-time="2019-10-23 10:12:52Z" end-time="2019-10-23 10:12:52Z" duration="0.000669" asserts="4" />
      </test-suite>
      <test-suite type="TestFixture" id="0-1286" name="SpecTypeTernary" fullname="Kaitai.SpecTypeTernary" classname="Kaitai.SpecTypeTernary" runstate="Runnable" testcasecount="1" result="Passed" start-time="2019-10-23 10:12:52Z" end-time="2019-10-23 10:12:52Z" duration="0.003268" total="1" passed="1" failed="0" inconclusive="0" skipped="0" asserts="1">
        <test-case id="0-1287" name="TestTypeTernary" fullname="Kaitai.SpecTypeTernary.TestTypeTernary" methodname="TestTypeTernary" classname="Kaitai.SpecTypeTernary" runstate="Runnable" seed="630130849" result="Passed" start-time="2019-10-23 10:12:52Z" end-time="2019-10-23 10:12:52Z" duration="0.000791" asserts="1" />
      </test-suite>
      <test-suite type="TestFixture" id="0-1288" name="SpecTypeTernaryOpaque" fullname="Kaitai.SpecTypeTernaryOpaque" classname="Kaitai.SpecTypeTernaryOpaque" runstate="Runnable" testcasecount="1" result="Passed" start-time="2019-10-23 10:12:52Z" end-time="2019-10-23 10:12:52Z" duration="0.003215" total="1" passed="1" failed="0" inconclusive="0" skipped="0" asserts="3">
        <test-case id="0-1289" name="TestTypeTernaryOpaque" fullname="Kaitai.SpecTypeTernaryOpaque.TestTypeTernaryOpaque" methodname="TestTypeTernaryOpaque" classname="Kaitai.SpecTypeTernaryOpaque" runstate="Runnable" seed="332885893" result="Passed" start-time="2019-10-23 10:12:52Z" end-time="2019-10-23 10:12:52Z" duration="0.000757" asserts="3" />
      </test-suite>
      <test-suite type="TestFixture" id="0-1290" name="SpecUserType" fullname="Kaitai.SpecUserType" classname="Kaitai.SpecUserType" runstate="Runnable" testcasecount="1" result="Passed" start-time="2019-10-23 10:12:52Z" end-time="2019-10-23 10:12:52Z" duration="0.003093" total="1" passed="1" failed="0" inconclusive="0" skipped="0" asserts="2">
        <test-case id="0-1291" name="TestUserType" fullname="Kaitai.SpecUserType.TestUserType" methodname="TestUserType" classname="Kaitai.SpecUserType" runstate="Runnable" seed="1084940307" result="Passed" start-time="2019-10-23 10:12:52Z" end-time="2019-10-23 10:12:52Z" duration="0.000604" asserts="2" />
      </test-suite>
      <test-suite type="TestFixture" id="0-1292" name="SpecValidFailEqBytes" fullname="Kaitai.SpecValidFailEqBytes" classname="Kaitai.SpecValidFailEqBytes" runstate="Runnable" testcasecount="1" result="Passed" start-time="2019-10-23 10:12:52Z" end-time="2019-10-23 10:12:52Z" duration="0.003771" total="1" passed="1" failed="0" inconclusive="0" skipped="0" asserts="1">
        <test-case id="0-1293" name="TestValidFailEqBytes" fullname="Kaitai.SpecValidFailEqBytes.TestValidFailEqBytes" methodname="TestValidFailEqBytes" classname="Kaitai.SpecValidFailEqBytes" runstate="Runnable" seed="953427795" result="Passed" start-time="2019-10-23 10:12:52Z" end-time="2019-10-23 10:12:52Z" duration="0.001295" asserts="1" />
      </test-suite>
      <test-suite type="TestFixture" id="0-1294" name="SpecValidFailEqInt" fullname="Kaitai.SpecValidFailEqInt" classname="Kaitai.SpecValidFailEqInt" runstate="Runnable" testcasecount="1" result="Passed" start-time="2019-10-23 10:12:52Z" end-time="2019-10-23 10:12:52Z" duration="0.003212" total="1" passed="1" failed="0" inconclusive="0" skipped="0" asserts="1">
        <test-case id="0-1295" name="TestValidFailEqInt" fullname="Kaitai.SpecValidFailEqInt.TestValidFailEqInt" methodname="TestValidFailEqInt" classname="Kaitai.SpecValidFailEqInt" runstate="Runnable" seed="3022518" result="Passed" start-time="2019-10-23 10:12:52Z" end-time="2019-10-23 10:12:52Z" duration="0.000736" asserts="1" />
      </test-suite>
      <test-suite type="TestFixture" id="0-1296" name="SpecValidShort" fullname="Kaitai.SpecValidShort" classname="Kaitai.SpecValidShort" runstate="Runnable" testcasecount="1" result="Passed" start-time="2019-10-23 10:12:52Z" end-time="2019-10-23 10:12:52Z" duration="0.003818" total="1" passed="1" failed="0" inconclusive="0" skipped="0" asserts="0">
        <test-case id="0-1297" name="TestValidShort" fullname="Kaitai.SpecValidShort.TestValidShort" methodname="TestValidShort" classname="Kaitai.SpecValidShort" runstate="Runnable" seed="1642762801" result="Passed" start-time="2019-10-23 10:12:52Z" end-time="2019-10-23 10:12:52Z" duration="0.001342" asserts="0" />
      </test-suite>
      <test-suite type="TestFixture" id="0-1298" name="SpecZlibWithHeader78" fullname="Kaitai.SpecZlibWithHeader78" classname="Kaitai.SpecZlibWithHeader78" runstate="Runnable" testcasecount="1" result="Passed" start-time="2019-10-23 10:12:52Z" end-time="2019-10-23 10:12:52Z" duration="0.007082" total="1" passed="1" failed="0" inconclusive="0" skipped="0" asserts="1">
        <test-case id="0-1299" name="TestZlibWithHeader78" fullname="Kaitai.SpecZlibWithHeader78.TestZlibWithHeader78" methodname="TestZlibWithHeader78" classname="Kaitai.SpecZlibWithHeader78" runstate="Runnable" seed="2120555466" result="Passed" start-time="2019-10-23 10:12:52Z" end-time="2019-10-23 10:12:52Z" duration="0.004604" asserts="1" />
      </test-suite>
    </test-suite>
  </test-suite>
</test-run>