<?xml version="1.0" encoding="utf-8" standalone="no"?>
<test-run id="2" testcasecount="151" result="Passed" total="151" passed="151" failed="0" inconclusive="0" skipped="0" asserts="703" engine-version="3.4.1.0" clr-version="4.0.30319.42000" start-time="2019-11-03 11:52:39Z" end-time="2019-11-03 11:52:40Z" duration="1.065225">
  <command-line><![CDATA[/home/travis/build/kaitai-io/ci_targets/tests/spec/csharp/packages/NUnit.ConsoleRunner.3.4.1/tools/nunit3-console.exe --result=test_out/csharp/TestResult.xml spec/csharp/kaitai_struct_csharp_tests/bin/Debug/kaitai_struct_csharp_tests.dll]]></command-line>
  <test-suite type="Assembly" id="0-1302" name="kaitai_struct_csharp_tests.dll" fullname="/home/travis/build/kaitai-io/ci_targets/tests/spec/csharp/kaitai_struct_csharp_tests/bin/Debug/kaitai_struct_csharp_tests.dll" runstate="Runnable" testcasecount="151" result="Passed" start-time="2019-11-03 11:52:39Z" end-time="2019-11-03 11:52:40Z" duration="0.967765" total="151" passed="151" failed="0" inconclusive="0" skipped="0" asserts="703">
    <environment framework-version="3.4.1.0" clr-version="4.0.30319.42000" os-version="Unix 4.4.0.101" platform="Unix" cwd="/home/travis/build/kaitai-io/ci_targets/tests" machine-name="travis-job-1c47738d-d74c-400d-878a-3dae2017740d" user="travis" user-domain="travis-job-1c47738d-d74c-400d-878a-3dae2017740d" culture="en-US" uiculture="en-US" os-architecture="x64" />
    <settings>
      <setting name="WorkDirectory" value="/home/travis/build/kaitai-io/ci_targets/tests" />
      <setting name="ImageRuntimeVersion" value="4.0.30319" />
      <setting name="ImageTargetFrameworkName" value=".NETFramework,Version=v4.5" />
      <setting name="ImageRequiresX86" value="False" />
      <setting name="ImageRequiresDefaultAppDomainAssemblyResolver" value="False" />
      <setting name="NumberOfTestWorkers" value="2" />
    </settings>
    <properties>
      <property name="_PID" value="9847" />
      <property name="_APPDOMAIN" value="test-domain-" />
    </properties>
    <test-suite type="TestSuite" id="0-1303" name="Kaitai" fullname="Kaitai" runstate="Runnable" testcasecount="151" result="Passed" start-time="2019-11-03 11:52:39Z" end-time="2019-11-03 11:52:40Z" duration="0.952496" total="151" passed="151" failed="0" inconclusive="0" skipped="0" asserts="703">
      <test-suite type="TestFixture" id="0-1000" name="SpecBcdUserTypeBe" fullname="Kaitai.SpecBcdUserTypeBe" classname="Kaitai.SpecBcdUserTypeBe" runstate="Runnable" testcasecount="1" result="Passed" start-time="2019-11-03 11:52:39Z" end-time="2019-11-03 11:52:39Z" duration="0.023289" total="1" passed="1" failed="0" inconclusive="0" skipped="0" asserts="6">
        <test-case id="0-1001" name="TestBcdUserTypeBe" fullname="Kaitai.SpecBcdUserTypeBe.TestBcdUserTypeBe" methodname="TestBcdUserTypeBe" classname="Kaitai.SpecBcdUserTypeBe" runstate="Runnable" seed="1790962337" result="Passed" start-time="2019-11-03 11:52:39Z" end-time="2019-11-03 11:52:39Z" duration="0.012350" asserts="6" />
      </test-suite>
      <test-suite type="TestFixture" id="0-1002" name="SpecBcdUserTypeLe" fullname="Kaitai.SpecBcdUserTypeLe" classname="Kaitai.SpecBcdUserTypeLe" runstate="Runnable" testcasecount="1" result="Passed" start-time="2019-11-03 11:52:39Z" end-time="2019-11-03 11:52:39Z" duration="0.006969" total="1" passed="1" failed="0" inconclusive="0" skipped="0" asserts="6">
        <test-case id="0-1003" name="TestBcdUserTypeLe" fullname="Kaitai.SpecBcdUserTypeLe.TestBcdUserTypeLe" methodname="TestBcdUserTypeLe" classname="Kaitai.SpecBcdUserTypeLe" runstate="Runnable" seed="849832714" result="Passed" start-time="2019-11-03 11:52:39Z" end-time="2019-11-03 11:52:39Z" duration="0.004246" asserts="6" />
      </test-suite>
      <test-suite type="TestFixture" id="0-1004" name="SpecBitsByteAligned" fullname="Kaitai.SpecBitsByteAligned" classname="Kaitai.SpecBitsByteAligned" runstate="Runnable" testcasecount="1" result="Passed" start-time="2019-11-03 11:52:39Z" end-time="2019-11-03 11:52:39Z" duration="0.009404" total="1" passed="1" failed="0" inconclusive="0" skipped="0" asserts="9">
        <test-case id="0-1005" name="TestBitsByteAligned" fullname="Kaitai.SpecBitsByteAligned.TestBitsByteAligned" methodname="TestBitsByteAligned" classname="Kaitai.SpecBitsByteAligned" runstate="Runnable" seed="1363187164" result="Passed" start-time="2019-11-03 11:52:39Z" end-time="2019-11-03 11:52:39Z" duration="0.006682" asserts="9" />
      </test-suite>
      <test-suite type="TestFixture" id="0-1006" name="SpecBitsEnum" fullname="Kaitai.SpecBitsEnum" classname="Kaitai.SpecBitsEnum" runstate="Runnable" testcasecount="1" result="Passed" start-time="2019-11-03 11:52:39Z" end-time="2019-11-03 11:52:39Z" duration="0.003855" total="1" passed="1" failed="0" inconclusive="0" skipped="0" asserts="3">
        <test-case id="0-1007" name="TestBitsEnum" fullname="Kaitai.SpecBitsEnum.TestBitsEnum" methodname="TestBitsEnum" classname="Kaitai.SpecBitsEnum" runstate="Runnable" seed="1435364523" result="Passed" start-time="2019-11-03 11:52:39Z" end-time="2019-11-03 11:52:39Z" duration="0.001188" asserts="3" />
      </test-suite>
      <test-suite type="TestFixture" id="0-1008" name="SpecBitsSimple" fullname="Kaitai.SpecBitsSimple" classname="Kaitai.SpecBitsSimple" runstate="Runnable" testcasecount="1" result="Passed" start-time="2019-11-03 11:52:39Z" end-time="2019-11-03 11:52:39Z" duration="0.005593" total="1" passed="1" failed="0" inconclusive="0" skipped="0" asserts="14">
        <test-case id="0-1009" name="TestBitsSimple" fullname="Kaitai.SpecBitsSimple.TestBitsSimple" methodname="TestBitsSimple" classname="Kaitai.SpecBitsSimple" runstate="Runnable" seed="1040924984" result="Passed" start-time="2019-11-03 11:52:39Z" end-time="2019-11-03 11:52:39Z" duration="0.002925" asserts="14" />
      </test-suite>
      <test-suite type="TestFixture" id="0-1010" name="SpecBufferedStruct" fullname="Kaitai.SpecBufferedStruct" classname="Kaitai.SpecBufferedStruct" runstate="Runnable" testcasecount="1" result="Passed" start-time="2019-11-03 11:52:39Z" end-time="2019-11-03 11:52:39Z" duration="0.004490" total="1" passed="1" failed="0" inconclusive="0" skipped="0" asserts="7">
        <test-case id="0-1011" name="TestBufferedStruct" fullname="Kaitai.SpecBufferedStruct.TestBufferedStruct" methodname="TestBufferedStruct" classname="Kaitai.SpecBufferedStruct" runstate="Runnable" seed="1566326171" result="Passed" start-time="2019-11-03 11:52:39Z" end-time="2019-11-03 11:52:39Z" duration="0.001817" asserts="7" />
      </test-suite>
      <test-suite type="TestFixture" id="0-1012" name="SpecBytesPadTerm" fullname="Kaitai.SpecBytesPadTerm" classname="Kaitai.SpecBytesPadTerm" runstate="Runnable" testcasecount="1" result="Passed" start-time="2019-11-03 11:52:39Z" end-time="2019-11-03 11:52:39Z" duration="0.003591" total="1" passed="1" failed="0" inconclusive="0" skipped="0" asserts="4">
        <test-case id="0-1013" name="TestBytesPadTerm" fullname="Kaitai.SpecBytesPadTerm.TestBytesPadTerm" methodname="TestBytesPadTerm" classname="Kaitai.SpecBytesPadTerm" runstate="Runnable" seed="997916605" result="Passed" start-time="2019-11-03 11:52:39Z" end-time="2019-11-03 11:52:39Z" duration="0.000982" asserts="4" />
      </test-suite>
      <test-suite type="TestFixture" id="0-1014" name="SpecCastNested" fullname="Kaitai.SpecCastNested" classname="Kaitai.SpecCastNested" runstate="Runnable" testcasecount="1" result="Passed" start-time="2019-11-03 11:52:39Z" end-time="2019-11-03 11:52:39Z" duration="0.021329" total="1" passed="1" failed="0" inconclusive="0" skipped="0" asserts="4">
        <test-case id="0-1015" name="TestCastNested" fullname="Kaitai.SpecCastNested.TestCastNested" methodname="TestCastNested" classname="Kaitai.SpecCastNested" runstate="Runnable" seed="1750030766" result="Passed" start-time="2019-11-03 11:52:39Z" end-time="2019-11-03 11:52:39Z" duration="0.018689" asserts="4" />
      </test-suite>
      <test-suite type="TestFixture" id="0-1016" name="SpecCastToImported" fullname="Kaitai.SpecCastToImported" classname="Kaitai.SpecCastToImported" runstate="Runnable" testcasecount="1" result="Passed" start-time="2019-11-03 11:52:39Z" end-time="2019-11-03 11:52:39Z" duration="0.003472" total="1" passed="1" failed="0" inconclusive="0" skipped="0" asserts="2">
        <test-case id="0-1017" name="TestCastToImported" fullname="Kaitai.SpecCastToImported.TestCastToImported" methodname="TestCastToImported" classname="Kaitai.SpecCastToImported" runstate="Runnable" seed="37938754" result="Passed" start-time="2019-11-03 11:52:39Z" end-time="2019-11-03 11:52:39Z" duration="0.000810" asserts="2" />
      </test-suite>
      <test-suite type="TestFixture" id="0-1018" name="SpecCastToTop" fullname="Kaitai.SpecCastToTop" classname="Kaitai.SpecCastToTop" runstate="Runnable" testcasecount="1" result="Passed" start-time="2019-11-03 11:52:39Z" end-time="2019-11-03 11:52:39Z" duration="0.004003" total="1" passed="1" failed="0" inconclusive="0" skipped="0" asserts="3">
        <test-case id="0-1019" name="TestCastToTop" fullname="Kaitai.SpecCastToTop.TestCastToTop" methodname="TestCastToTop" classname="Kaitai.SpecCastToTop" runstate="Runnable" seed="1891904478" result="Passed" start-time="2019-11-03 11:52:39Z" end-time="2019-11-03 11:52:39Z" duration="0.001235" asserts="3" />
      </test-suite>
      <test-suite type="TestFixture" id="0-1020" name="SpecDebug0" fullname="Kaitai.SpecDebug0" classname="Kaitai.SpecDebug0" runstate="Runnable" testcasecount="1" result="Passed" start-time="2019-11-03 11:52:39Z" end-time="2019-11-03 11:52:39Z" duration="0.002757" total="1" passed="1" failed="0" inconclusive="0" skipped="0" asserts="0">
        <test-case id="0-1021" name="TestDebug0" fullname="Kaitai.SpecDebug0.TestDebug0" methodname="TestDebug0" classname="Kaitai.SpecDebug0" runstate="Runnable" seed="1042803977" result="Passed" start-time="2019-11-03 11:52:39Z" end-time="2019-11-03 11:52:39Z" duration="0.000096" asserts="0" />
      </test-suite>
      <test-suite type="TestFixture" id="0-1022" name="SpecDebugArrayUser" fullname="Kaitai.SpecDebugArrayUser" classname="Kaitai.SpecDebugArrayUser" runstate="Runnable" testcasecount="1" result="Passed" start-time="2019-11-03 11:52:39Z" end-time="2019-11-03 11:52:39Z" duration="0.003803" total="1" passed="1" failed="0" inconclusive="0" skipped="0" asserts="4">
        <test-case id="0-1023" name="TestDebugArrayUser" fullname="Kaitai.SpecDebugArrayUser.TestDebugArrayUser" methodname="TestDebugArrayUser" classname="Kaitai.SpecDebugArrayUser" runstate="Runnable" seed="241148569" result="Passed" start-time="2019-11-03 11:52:39Z" end-time="2019-11-03 11:52:39Z" duration="0.001305" asserts="4" />
      </test-suite>
      <test-suite type="TestFixture" id="0-1024" name="SpecDebugEnumName" fullname="Kaitai.SpecDebugEnumName" classname="Kaitai.SpecDebugEnumName" runstate="Runnable" testcasecount="1" result="Passed" start-time="2019-11-03 11:52:39Z" end-time="2019-11-03 11:52:39Z" duration="0.002558" total="1" passed="1" failed="0" inconclusive="0" skipped="0" asserts="0">
        <test-case id="0-1025" name="TestDebugEnumName" fullname="Kaitai.SpecDebugEnumName.TestDebugEnumName" methodname="TestDebugEnumName" classname="Kaitai.SpecDebugEnumName" runstate="Runnable" seed="958306630" result="Passed" start-time="2019-11-03 11:52:39Z" end-time="2019-11-03 11:52:39Z" duration="0.000078" asserts="0" />
      </test-suite>
      <test-suite type="TestFixture" id="0-1026" name="SpecDefaultBigEndian" fullname="Kaitai.SpecDefaultBigEndian" classname="Kaitai.SpecDefaultBigEndian" runstate="Runnable" testcasecount="1" result="Passed" start-time="2019-11-03 11:52:39Z" end-time="2019-11-03 11:52:39Z" duration="0.003056" total="1" passed="1" failed="0" inconclusive="0" skipped="0" asserts="1">
        <test-case id="0-1027" name="TestDefaultBigEndian" fullname="Kaitai.SpecDefaultBigEndian.TestDefaultBigEndian" methodname="TestDefaultBigEndian" classname="Kaitai.SpecDefaultBigEndian" runstate="Runnable" seed="1204743391" result="Passed" start-time="2019-11-03 11:52:39Z" end-time="2019-11-03 11:52:39Z" duration="0.000591" asserts="1" />
      </test-suite>
      <test-suite type="TestFixture" id="0-1028" name="SpecDefaultEndianExprException" fullname="Kaitai.SpecDefaultEndianExprException" classname="Kaitai.SpecDefaultEndianExprException" runstate="Runnable" testcasecount="1" result="Passed" start-time="2019-11-03 11:52:39Z" end-time="2019-11-03 11:52:39Z" duration="0.007162" total="1" passed="1" failed="0" inconclusive="0" skipped="0" asserts="1">
        <test-case id="0-1029" name="TestDefaultEndianExprException" fullname="Kaitai.SpecDefaultEndianExprException.TestDefaultEndianExprException" methodname="TestDefaultEndianExprException" classname="Kaitai.SpecDefaultEndianExprException" runstate="Runnable" seed="221366243" result="Passed" start-time="2019-11-03 11:52:39Z" end-time="2019-11-03 11:52:39Z" duration="0.004703" asserts="1" />
      </test-suite>
      <test-suite type="TestFixture" id="0-1030" name="SpecDefaultEndianExprInherited" fullname="Kaitai.SpecDefaultEndianExprInherited" classname="Kaitai.SpecDefaultEndianExprInherited" runstate="Runnable" testcasecount="1" result="Passed" start-time="2019-11-03 11:52:39Z" end-time="2019-11-03 11:52:39Z" duration="0.005919" total="1" passed="1" failed="0" inconclusive="0" skipped="0" asserts="15">
        <test-case id="0-1031" name="TestDefaultEndianExprInherited" fullname="Kaitai.SpecDefaultEndianExprInherited.TestDefaultEndianExprInherited" methodname="TestDefaultEndianExprInherited" classname="Kaitai.SpecDefaultEndianExprInherited" runstate="Runnable" seed="1187171744" result="Passed" start-time="2019-11-03 11:52:39Z" end-time="2019-11-03 11:52:39Z" duration="0.003446" asserts="15" />
      </test-suite>
      <test-suite type="TestFixture" id="0-1032" name="SpecDefaultEndianExprIsBe" fullname="Kaitai.SpecDefaultEndianExprIsBe" classname="Kaitai.SpecDefaultEndianExprIsBe" runstate="Runnable" testcasecount="1" result="Passed" start-time="2019-11-03 11:52:39Z" end-time="2019-11-03 11:52:39Z" duration="0.005678" total="1" passed="1" failed="0" inconclusive="0" skipped="0" asserts="18">
        <test-case id="0-1033" name="TestDefaultEndianExprIsBe" fullname="Kaitai.SpecDefaultEndianExprIsBe.TestDefaultEndianExprIsBe" methodname="TestDefaultEndianExprIsBe" classname="Kaitai.SpecDefaultEndianExprIsBe" runstate="Runnable" seed="2135640590" result="Passed" start-time="2019-11-03 11:52:39Z" end-time="2019-11-03 11:52:39Z" duration="0.003154" asserts="18" />
      </test-suite>
      <test-suite type="TestFixture" id="0-1034" name="SpecDefaultEndianExprIsLe" fullname="Kaitai.SpecDefaultEndianExprIsLe" classname="Kaitai.SpecDefaultEndianExprIsLe" runstate="Runnable" testcasecount="1" result="Passed" start-time="2019-11-03 11:52:39Z" end-time="2019-11-03 11:52:39Z" duration="0.004532" total="1" passed="1" failed="0" inconclusive="0" skipped="0" asserts="12">
        <test-case id="0-1035" name="TestDefaultEndianExprIsLe" fullname="Kaitai.SpecDefaultEndianExprIsLe.TestDefaultEndianExprIsLe" methodname="TestDefaultEndianExprIsLe" classname="Kaitai.SpecDefaultEndianExprIsLe" runstate="Runnable" seed="1566128133" result="Passed" start-time="2019-11-03 11:52:39Z" end-time="2019-11-03 11:52:39Z" duration="0.002061" asserts="12" />
      </test-suite>
      <test-suite type="TestFixture" id="0-1036" name="SpecDefaultEndianMod" fullname="Kaitai.SpecDefaultEndianMod" classname="Kaitai.SpecDefaultEndianMod" runstate="Runnable" testcasecount="1" result="Passed" start-time="2019-11-03 11:52:39Z" end-time="2019-11-03 11:52:39Z" duration="0.003337" total="1" passed="1" failed="0" inconclusive="0" skipped="0" asserts="3">
        <test-case id="0-1037" name="TestDefaultEndianMod" fullname="Kaitai.SpecDefaultEndianMod.TestDefaultEndianMod" methodname="TestDefaultEndianMod" classname="Kaitai.SpecDefaultEndianMod" runstate="Runnable" seed="657899292" result="Passed" start-time="2019-11-03 11:52:39Z" end-time="2019-11-03 11:52:39Z" duration="0.000879" asserts="3" />
      </test-suite>
      <test-suite type="TestFixture" id="0-1038" name="SpecDocstrings" fullname="Kaitai.SpecDocstrings" classname="Kaitai.SpecDocstrings" runstate="Runnable" testcasecount="1" result="Passed" start-time="2019-11-03 11:52:39Z" end-time="2019-11-03 11:52:39Z" duration="0.002845" total="1" passed="1" failed="0" inconclusive="0" skipped="0" asserts="0">
        <test-case id="0-1039" name="TestDocstrings" fullname="Kaitai.SpecDocstrings.TestDocstrings" methodname="TestDocstrings" classname="Kaitai.SpecDocstrings" runstate="Runnable" seed="408961897" result="Passed" start-time="2019-11-03 11:52:39Z" end-time="2019-11-03 11:52:39Z" duration="0.000377" asserts="0" />
      </test-suite>
      <test-suite type="TestFixture" id="0-1040" name="SpecDocstringsDocref" fullname="Kaitai.SpecDocstringsDocref" classname="Kaitai.SpecDocstringsDocref" runstate="Runnable" testcasecount="1" result="Passed" start-time="2019-11-03 11:52:39Z" end-time="2019-11-03 11:52:39Z" duration="0.005369" total="1" passed="1" failed="0" inconclusive="0" skipped="0" asserts="0">
        <test-case id="0-1041" name="TestDocstringsDocref" fullname="Kaitai.SpecDocstringsDocref.TestDocstringsDocref" methodname="TestDocstringsDocref" classname="Kaitai.SpecDocstringsDocref" runstate="Runnable" seed="1852315395" result="Passed" start-time="2019-11-03 11:52:39Z" end-time="2019-11-03 11:52:39Z" duration="0.000402" asserts="0" />
      </test-suite>
      <test-suite type="TestFixture" id="0-1042" name="SpecDocstringsDocrefMulti" fullname="Kaitai.SpecDocstringsDocrefMulti" classname="Kaitai.SpecDocstringsDocrefMulti" runstate="Runnable" testcasecount="1" result="Passed" start-time="2019-11-03 11:52:39Z" end-time="2019-11-03 11:52:39Z" duration="0.002795" total="1" passed="1" failed="0" inconclusive="0" skipped="0" asserts="0">
        <test-case id="0-1043" name="TestDocstringsDocrefMulti" fullname="Kaitai.SpecDocstringsDocrefMulti.TestDocstringsDocrefMulti" methodname="TestDocstringsDocrefMulti" classname="Kaitai.SpecDocstringsDocrefMulti" runstate="Runnable" seed="918866692" result="Passed" start-time="2019-11-03 11:52:39Z" end-time="2019-11-03 11:52:39Z" duration="0.000339" asserts="0" />
      </test-suite>
      <test-suite type="TestFixture" id="0-1044" name="SpecEnum0" fullname="Kaitai.SpecEnum0" classname="Kaitai.SpecEnum0" runstate="Runnable" testcasecount="1" result="Passed" start-time="2019-11-03 11:52:39Z" end-time="2019-11-03 11:52:39Z" duration="0.002918" total="1" passed="1" failed="0" inconclusive="0" skipped="0" asserts="2">
        <test-case id="0-1045" name="TestEnum0" fullname="Kaitai.SpecEnum0.TestEnum0" methodname="TestEnum0" classname="Kaitai.SpecEnum0" runstate="Runnable" seed="1241784359" result="Passed" start-time="2019-11-03 11:52:39Z" end-time="2019-11-03 11:52:39Z" duration="0.000512" asserts="2" />
      </test-suite>
      <test-suite type="TestFixture" id="0-1046" name="SpecEnum1" fullname="Kaitai.SpecEnum1" classname="Kaitai.SpecEnum1" runstate="Runnable" testcasecount="1" result="Passed" start-time="2019-11-03 11:52:39Z" end-time="2019-11-03 11:52:39Z" duration="0.003226" total="1" passed="1" failed="0" inconclusive="0" skipped="0" asserts="2">
        <test-case id="0-1047" name="TestEnum1" fullname="Kaitai.SpecEnum1.TestEnum1" methodname="TestEnum1" classname="Kaitai.SpecEnum1" runstate="Runnable" seed="642451023" result="Passed" start-time="2019-11-03 11:52:39Z" end-time="2019-11-03 11:52:39Z" duration="0.000692" asserts="2" />
      </test-suite>
      <test-suite type="TestFixture" id="0-1048" name="SpecEnumDeep" fullname="Kaitai.SpecEnumDeep" classname="Kaitai.SpecEnumDeep" runstate="Runnable" testcasecount="1" result="Passed" start-time="2019-11-03 11:52:39Z" end-time="2019-11-03 11:52:39Z" duration="0.002965" total="1" passed="1" failed="0" inconclusive="0" skipped="0" asserts="2">
        <test-case id="0-1049" name="TestEnumDeep" fullname="Kaitai.SpecEnumDeep.TestEnumDeep" methodname="TestEnumDeep" classname="Kaitai.SpecEnumDeep" runstate="Runnable" seed="1475955345" result="Passed" start-time="2019-11-03 11:52:39Z" end-time="2019-11-03 11:52:39Z" duration="0.000500" asserts="2" />
      </test-suite>
      <test-suite type="TestFixture" id="0-1050" name="SpecEnumDeepLiterals" fullname="Kaitai.SpecEnumDeepLiterals" classname="Kaitai.SpecEnumDeepLiterals" runstate="Runnable" testcasecount="1" result="Passed" start-time="2019-11-03 11:52:39Z" end-time="2019-11-03 11:52:39Z" duration="0.003108" total="1" passed="1" failed="0" inconclusive="0" skipped="0" asserts="2">
        <test-case id="0-1051" name="TestEnumDeepLiterals" fullname="Kaitai.SpecEnumDeepLiterals.TestEnumDeepLiterals" methodname="TestEnumDeepLiterals" classname="Kaitai.SpecEnumDeepLiterals" runstate="Runnable" seed="981153793" result="Passed" start-time="2019-11-03 11:52:39Z" end-time="2019-11-03 11:52:39Z" duration="0.000646" asserts="2" />
      </test-suite>
      <test-suite type="TestFixture" id="0-1052" name="SpecEnumFancy" fullname="Kaitai.SpecEnumFancy" classname="Kaitai.SpecEnumFancy" runstate="Runnable" testcasecount="1" result="Passed" start-time="2019-11-03 11:52:39Z" end-time="2019-11-03 11:52:39Z" duration="0.003078" total="1" passed="1" failed="0" inconclusive="0" skipped="0" asserts="2">
        <test-case id="0-1053" name="TestEnumFancy" fullname="Kaitai.SpecEnumFancy.TestEnumFancy" methodname="TestEnumFancy" classname="Kaitai.SpecEnumFancy" runstate="Runnable" seed="2067791463" result="Passed" start-time="2019-11-03 11:52:39Z" end-time="2019-11-03 11:52:39Z" duration="0.000542" asserts="2" />
      </test-suite>
      <test-suite type="TestFixture" id="0-1054" name="SpecEnumForUnknownId" fullname="Kaitai.SpecEnumForUnknownId" classname="Kaitai.SpecEnumForUnknownId" runstate="Runnable" testcasecount="1" result="Passed" start-time="2019-11-03 11:52:39Z" end-time="2019-11-03 11:52:39Z" duration="0.002941" total="1" passed="1" failed="0" inconclusive="0" skipped="0" asserts="1">
        <test-case id="0-1055" name="TestEnumForUnknownId" fullname="Kaitai.SpecEnumForUnknownId.TestEnumForUnknownId" methodname="TestEnumForUnknownId" classname="Kaitai.SpecEnumForUnknownId" runstate="Runnable" seed="1372935647" result="Passed" start-time="2019-11-03 11:52:39Z" end-time="2019-11-03 11:52:39Z" duration="0.000445" asserts="1" />
      </test-suite>
      <test-suite type="TestFixture" id="0-1056" name="SpecEnumIf" fullname="Kaitai.SpecEnumIf" classname="Kaitai.SpecEnumIf" runstate="Runnable" testcasecount="1" result="Passed" start-time="2019-11-03 11:52:39Z" end-time="2019-11-03 11:52:39Z" duration="0.003644" total="1" passed="1" failed="0" inconclusive="0" skipped="0" asserts="7">
        <test-case id="0-1057" name="TestEnumIf" fullname="Kaitai.SpecEnumIf.TestEnumIf" methodname="TestEnumIf" classname="Kaitai.SpecEnumIf" runstate="Runnable" seed="422619567" result="Passed" start-time="2019-11-03 11:52:39Z" end-time="2019-11-03 11:52:39Z" duration="0.001165" asserts="7" />
      </test-suite>
      <test-suite type="TestFixture" id="0-1058" name="SpecEnumNegative" fullname="Kaitai.SpecEnumNegative" classname="Kaitai.SpecEnumNegative" runstate="Runnable" testcasecount="1" result="Passed" start-time="2019-11-03 11:52:39Z" end-time="2019-11-03 11:52:39Z" duration="0.003112" total="1" passed="1" failed="0" inconclusive="0" skipped="0" asserts="2">
        <test-case id="0-1059" name="TestEnumNegative" fullname="Kaitai.SpecEnumNegative.TestEnumNegative" methodname="TestEnumNegative" classname="Kaitai.SpecEnumNegative" runstate="Runnable" seed="1326330656" result="Passed" start-time="2019-11-03 11:52:39Z" end-time="2019-11-03 11:52:39Z" duration="0.000628" asserts="2" />
      </test-suite>
      <test-suite type="TestFixture" id="0-1060" name="SpecEnumOfValueInst" fullname="Kaitai.SpecEnumOfValueInst" classname="Kaitai.SpecEnumOfValueInst" runstate="Runnable" testcasecount="1" result="Passed" start-time="2019-11-03 11:52:39Z" end-time="2019-11-03 11:52:39Z" duration="0.003203" total="1" passed="1" failed="0" inconclusive="0" skipped="0" asserts="4">
        <test-case id="0-1061" name="TestEnumOfValueInst" fullname="Kaitai.SpecEnumOfValueInst.TestEnumOfValueInst" methodname="TestEnumOfValueInst" classname="Kaitai.SpecEnumOfValueInst" runstate="Runnable" seed="887786642" result="Passed" start-time="2019-11-03 11:52:39Z" end-time="2019-11-03 11:52:39Z" duration="0.000734" asserts="4" />
      </test-suite>
      <test-suite type="TestFixture" id="0-1062" name="SpecEnumToI" fullname="Kaitai.SpecEnumToI" classname="Kaitai.SpecEnumToI" runstate="Runnable" testcasecount="1" result="Passed" start-time="2019-11-03 11:52:39Z" end-time="2019-11-03 11:52:39Z" duration="0.003160" total="1" passed="1" failed="0" inconclusive="0" skipped="0" asserts="4">
        <test-case id="0-1063" name="TestEnumToI" fullname="Kaitai.SpecEnumToI.TestEnumToI" methodname="TestEnumToI" classname="Kaitai.SpecEnumToI" runstate="Runnable" seed="937917737" result="Passed" start-time="2019-11-03 11:52:39Z" end-time="2019-11-03 11:52:39Z" duration="0.000700" asserts="4" />
      </test-suite>
      <test-suite type="TestFixture" id="0-1064" name="SpecExpr0" fullname="Kaitai.SpecExpr0" classname="Kaitai.SpecExpr0" runstate="Runnable" testcasecount="1" result="Passed" start-time="2019-11-03 11:52:39Z" end-time="2019-11-03 11:52:39Z" duration="0.003004" total="1" passed="1" failed="0" inconclusive="0" skipped="0" asserts="2">
        <test-case id="0-1065" name="TestExpr0" fullname="Kaitai.SpecExpr0.TestExpr0" methodname="TestExpr0" classname="Kaitai.SpecExpr0" runstate="Runnable" seed="468412305" result="Passed" start-time="2019-11-03 11:52:39Z" end-time="2019-11-03 11:52:39Z" duration="0.000535" asserts="2" />
      </test-suite>
      <test-suite type="TestFixture" id="0-1066" name="SpecExpr1" fullname="Kaitai.SpecExpr1" classname="Kaitai.SpecExpr1" runstate="Runnable" testcasecount="1" result="Passed" start-time="2019-11-03 11:52:39Z" end-time="2019-11-03 11:52:39Z" duration="0.003137" total="1" passed="1" failed="0" inconclusive="0" skipped="0" asserts="4">
        <test-case id="0-1067" name="TestExpr1" fullname="Kaitai.SpecExpr1.TestExpr1" methodname="TestExpr1" classname="Kaitai.SpecExpr1" runstate="Runnable" seed="2075546126" result="Passed" start-time="2019-11-03 11:52:39Z" end-time="2019-11-03 11:52:39Z" duration="0.000661" asserts="4" />
      </test-suite>
      <test-suite type="TestFixture" id="0-1068" name="SpecExpr2" fullname="Kaitai.SpecExpr2" classname="Kaitai.SpecExpr2" runstate="Runnable" testcasecount="1" result="Passed" start-time="2019-11-03 11:52:39Z" end-time="2019-11-03 11:52:39Z" duration="0.004318" total="1" passed="1" failed="0" inconclusive="0" skipped="0" asserts="17">
        <test-case id="0-1069" name="TestExpr2" fullname="Kaitai.SpecExpr2.TestExpr2" methodname="TestExpr2" classname="Kaitai.SpecExpr2" runstate="Runnable" seed="1034596760" result="Passed" start-time="2019-11-03 11:52:39Z" end-time="2019-11-03 11:52:39Z" duration="0.001867" asserts="17" />
      </test-suite>
      <test-suite type="TestFixture" id="0-1070" name="SpecExpr3" fullname="Kaitai.SpecExpr3" classname="Kaitai.SpecExpr3" runstate="Runnable" testcasecount="1" result="Passed" start-time="2019-11-03 11:52:39Z" end-time="2019-11-03 11:52:39Z" duration="0.003870" total="1" passed="1" failed="0" inconclusive="0" skipped="0" asserts="12">
        <test-case id="0-1071" name="TestExpr3" fullname="Kaitai.SpecExpr3.TestExpr3" methodname="TestExpr3" classname="Kaitai.SpecExpr3" runstate="Runnable" seed="869277832" result="Passed" start-time="2019-11-03 11:52:39Z" end-time="2019-11-03 11:52:39Z" duration="0.001432" asserts="12" />
      </test-suite>
      <test-suite type="TestFixture" id="0-1072" name="SpecExprArray" fullname="Kaitai.SpecExprArray" classname="Kaitai.SpecExprArray" runstate="Runnable" testcasecount="1" result="Passed" start-time="2019-11-03 11:52:39Z" end-time="2019-11-03 11:52:39Z" duration="0.009741" total="1" passed="1" failed="0" inconclusive="0" skipped="0" asserts="15">
        <test-case id="0-1073" name="TestExprArray" fullname="Kaitai.SpecExprArray.TestExprArray" methodname="TestExprArray" classname="Kaitai.SpecExprArray" runstate="Runnable" seed="2002199348" result="Passed" start-time="2019-11-03 11:52:39Z" end-time="2019-11-03 11:52:39Z" duration="0.007262" asserts="15" />
      </test-suite>
      <test-suite type="TestFixture" id="0-1074" name="SpecExprBytesCmp" fullname="Kaitai.SpecExprBytesCmp" classname="Kaitai.SpecExprBytesCmp" runstate="Runnable" testcasecount="1" result="Passed" start-time="2019-11-03 11:52:39Z" end-time="2019-11-03 11:52:39Z" duration="0.003891" total="1" passed="1" failed="0" inconclusive="0" skipped="0" asserts="10">
        <test-case id="0-1075" name="TestExprBytesCmp" fullname="Kaitai.SpecExprBytesCmp.TestExprBytesCmp" methodname="TestExprBytesCmp" classname="Kaitai.SpecExprBytesCmp" runstate="Runnable" seed="256855222" result="Passed" start-time="2019-11-03 11:52:39Z" end-time="2019-11-03 11:52:39Z" duration="0.001426" asserts="10" />
      </test-suite>
      <test-suite type="TestFixture" id="0-1076" name="SpecExprEnum" fullname="Kaitai.SpecExprEnum" classname="Kaitai.SpecExprEnum" runstate="Runnable" testcasecount="1" result="Passed" start-time="2019-11-03 11:52:39Z" end-time="2019-11-03 11:52:39Z" duration="0.003117" total="1" passed="1" failed="0" inconclusive="0" skipped="0" asserts="3">
        <test-case id="0-1077" name="TestExprEnum" fullname="Kaitai.SpecExprEnum.TestExprEnum" methodname="TestExprEnum" classname="Kaitai.SpecExprEnum" runstate="Runnable" seed="1710159760" result="Passed" start-time="2019-11-03 11:52:39Z" end-time="2019-11-03 11:52:39Z" duration="0.000652" asserts="3" />
      </test-suite>
      <test-suite type="TestFixture" id="0-1078" name="SpecExprIoEof" fullname="Kaitai.SpecExprIoEof" classname="Kaitai.SpecExprIoEof" runstate="Runnable" testcasecount="1" result="Passed" start-time="2019-11-03 11:52:39Z" end-time="2019-11-03 11:52:39Z" duration="0.003414" total="1" passed="1" failed="0" inconclusive="0" skipped="0" asserts="4">
        <test-case id="0-1079" name="TestExprIoEof" fullname="Kaitai.SpecExprIoEof.TestExprIoEof" methodname="TestExprIoEof" classname="Kaitai.SpecExprIoEof" runstate="Runnable" seed="996864726" result="Passed" start-time="2019-11-03 11:52:39Z" end-time="2019-11-03 11:52:39Z" duration="0.000955" asserts="4" />
      </test-suite>
      <test-suite type="TestFixture" id="0-1080" name="SpecExprIoPos" fullname="Kaitai.SpecExprIoPos" classname="Kaitai.SpecExprIoPos" runstate="Runnable" testcasecount="1" result="Passed" start-time="2019-11-03 11:52:39Z" end-time="2019-11-03 11:52:39Z" duration="0.003316" total="1" passed="1" failed="0" inconclusive="0" skipped="0" asserts="6">
        <test-case id="0-1081" name="TestExprIoPos" fullname="Kaitai.SpecExprIoPos.TestExprIoPos" methodname="TestExprIoPos" classname="Kaitai.SpecExprIoPos" runstate="Runnable" seed="273507685" result="Passed" start-time="2019-11-03 11:52:39Z" end-time="2019-11-03 11:52:39Z" duration="0.000852" asserts="6" />
      </test-suite>
      <test-suite type="TestFixture" id="0-1082" name="SpecExprMod" fullname="Kaitai.SpecExprMod" classname="Kaitai.SpecExprMod" runstate="Runnable" testcasecount="1" result="Passed" start-time="2019-11-03 11:52:39Z" end-time="2019-11-03 11:52:39Z" duration="0.003396" total="1" passed="1" failed="0" inconclusive="0" skipped="0" asserts="6">
        <test-case id="0-1083" name="TestExprMod" fullname="Kaitai.SpecExprMod.TestExprMod" methodname="TestExprMod" classname="Kaitai.SpecExprMod" runstate="Runnable" seed="1232149137" result="Passed" start-time="2019-11-03 11:52:39Z" end-time="2019-11-03 11:52:39Z" duration="0.000931" asserts="6" />
      </test-suite>
      <test-suite type="TestFixture" id="0-1084" name="SpecExprSizeofType0" fullname="Kaitai.SpecExprSizeofType0" classname="Kaitai.SpecExprSizeofType0" runstate="Runnable" testcasecount="1" result="Passed" start-time="2019-11-03 11:52:39Z" end-time="2019-11-03 11:52:39Z" duration="0.002912" total="1" passed="1" failed="0" inconclusive="0" skipped="0" asserts="1">
        <test-case id="0-1085" name="TestExprSizeofType0" fullname="Kaitai.SpecExprSizeofType0.TestExprSizeofType0" methodname="TestExprSizeofType0" classname="Kaitai.SpecExprSizeofType0" runstate="Runnable" seed="1670030692" result="Passed" start-time="2019-11-03 11:52:39Z" end-time="2019-11-03 11:52:39Z" duration="0.000447" asserts="1" />
      </test-suite>
      <test-suite type="TestFixture" id="0-1086" name="SpecExprSizeofType1" fullname="Kaitai.SpecExprSizeofType1" classname="Kaitai.SpecExprSizeofType1" runstate="Runnable" testcasecount="1" result="Passed" start-time="2019-11-03 11:52:39Z" end-time="2019-11-03 11:52:39Z" duration="0.002946" total="1" passed="1" failed="0" inconclusive="0" skipped="0" asserts="2">
        <test-case id="0-1087" name="TestExprSizeofType1" fullname="Kaitai.SpecExprSizeofType1.TestExprSizeofType1" methodname="TestExprSizeofType1" classname="Kaitai.SpecExprSizeofType1" runstate="Runnable" seed="1087809042" result="Passed" start-time="2019-11-03 11:52:39Z" end-time="2019-11-03 11:52:39Z" duration="0.000484" asserts="2" />
      </test-suite>
      <test-suite type="TestFixture" id="0-1088" name="SpecExprSizeofValue0" fullname="Kaitai.SpecExprSizeofValue0" classname="Kaitai.SpecExprSizeofValue0" runstate="Runnable" testcasecount="1" result="Passed" start-time="2019-11-03 11:52:39Z" end-time="2019-11-03 11:52:39Z" duration="0.003589" total="1" passed="1" failed="0" inconclusive="0" skipped="0" asserts="5">
        <test-case id="0-1089" name="TestExprSizeofValue0" fullname="Kaitai.SpecExprSizeofValue0.TestExprSizeofValue0" methodname="TestExprSizeofValue0" classname="Kaitai.SpecExprSizeofValue0" runstate="Runnable" seed="919027820" result="Passed" start-time="2019-11-03 11:52:39Z" end-time="2019-11-03 11:52:39Z" duration="0.001040" asserts="5" />
      </test-suite>
      <test-suite type="TestFixture" id="0-1090" name="SpecExprSizeofValueSized" fullname="Kaitai.SpecExprSizeofValueSized" classname="Kaitai.SpecExprSizeofValueSized" runstate="Runnable" testcasecount="1" result="Passed" start-time="2019-11-03 11:52:39Z" end-time="2019-11-03 11:52:39Z" duration="0.003366" total="1" passed="1" failed="0" inconclusive="0" skipped="0" asserts="5">
        <test-case id="0-1091" name="TestExprSizeofValueSized" fullname="Kaitai.SpecExprSizeofValueSized.TestExprSizeofValueSized" methodname="TestExprSizeofValueSized" classname="Kaitai.SpecExprSizeofValueSized" runstate="Runnable" seed="430748721" result="Passed" start-time="2019-11-03 11:52:39Z" end-time="2019-11-03 11:52:39Z" duration="0.000864" asserts="5" />
      </test-suite>
      <test-suite type="TestFixture" id="0-1092" name="SpecFixedContents" fullname="Kaitai.SpecFixedContents" classname="Kaitai.SpecFixedContents" runstate="Runnable" testcasecount="1" result="Passed" start-time="2019-11-03 11:52:39Z" end-time="2019-11-03 11:52:39Z" duration="0.002999" total="1" passed="1" failed="0" inconclusive="0" skipped="0" asserts="0">
        <test-case id="0-1093" name="TestFixedContents" fullname="Kaitai.SpecFixedContents.TestFixedContents" methodname="TestFixedContents" classname="Kaitai.SpecFixedContents" runstate="Runnable" seed="101405483" result="Passed" start-time="2019-11-03 11:52:39Z" end-time="2019-11-03 11:52:39Z" duration="0.000577" asserts="0" />
      </test-suite>
      <test-suite type="TestFixture" id="0-1094" name="SpecFixedStruct" fullname="Kaitai.SpecFixedStruct" classname="Kaitai.SpecFixedStruct" runstate="Runnable" testcasecount="1" result="Passed" start-time="2019-11-03 11:52:39Z" end-time="2019-11-03 11:52:39Z" duration="0.004957" total="1" passed="1" failed="0" inconclusive="0" skipped="0" asserts="20">
        <test-case id="0-1095" name="TestFixedStruct" fullname="Kaitai.SpecFixedStruct.TestFixedStruct" methodname="TestFixedStruct" classname="Kaitai.SpecFixedStruct" runstate="Runnable" seed="1889490191" result="Passed" start-time="2019-11-03 11:52:39Z" end-time="2019-11-03 11:52:39Z" duration="0.002478" asserts="20" />
      </test-suite>
      <test-suite type="TestFixture" id="0-1098" name="SpecFloatingPoints" fullname="Kaitai.SpecFloatingPoints" classname="Kaitai.SpecFloatingPoints" runstate="Runnable" testcasecount="1" result="Passed" start-time="2019-11-03 11:52:39Z" end-time="2019-11-03 11:52:39Z" duration="0.004372" total="1" passed="1" failed="0" inconclusive="0" skipped="0" asserts="8">
        <test-case id="0-1099" name="TestFloatingPoints" fullname="Kaitai.SpecFloatingPoints.TestFloatingPoints" methodname="TestFloatingPoints" classname="Kaitai.SpecFloatingPoints" runstate="Runnable" seed="1688418703" result="Passed" start-time="2019-11-03 11:52:39Z" end-time="2019-11-03 11:52:39Z" duration="0.001840" asserts="8" />
      </test-suite>
      <test-suite type="TestFixture" id="0-1096" name="SpecFloatToI" fullname="Kaitai.SpecFloatToI" classname="Kaitai.SpecFloatToI" runstate="Runnable" testcasecount="1" result="Passed" start-time="2019-11-03 11:52:39Z" end-time="2019-11-03 11:52:39Z" duration="0.003746" total="1" passed="1" failed="0" inconclusive="0" skipped="0" asserts="8">
        <test-case id="0-1097" name="TestFloatToI" fullname="Kaitai.SpecFloatToI.TestFloatToI" methodname="TestFloatToI" classname="Kaitai.SpecFloatToI" runstate="Runnable" seed="2037613158" result="Passed" start-time="2019-11-03 11:52:39Z" end-time="2019-11-03 11:52:39Z" duration="0.001253" asserts="8" />
      </test-suite>
      <test-suite type="TestFixture" id="0-1100" name="SpecHelloWorld" fullname="Kaitai.SpecHelloWorld" classname="Kaitai.SpecHelloWorld" runstate="Runnable" testcasecount="1" result="Passed" start-time="2019-11-03 11:52:39Z" end-time="2019-11-03 11:52:39Z" duration="0.002781" total="1" passed="1" failed="0" inconclusive="0" skipped="0" asserts="1">
        <test-case id="0-1101" name="TestHelloWorld" fullname="Kaitai.SpecHelloWorld.TestHelloWorld" methodname="TestHelloWorld" classname="Kaitai.SpecHelloWorld" runstate="Runnable" seed="1723141547" result="Passed" start-time="2019-11-03 11:52:39Z" end-time="2019-11-03 11:52:39Z" duration="0.000314" asserts="1" />
      </test-suite>
      <test-suite type="TestFixture" id="0-1102" name="SpecIfInstances" fullname="Kaitai.SpecIfInstances" classname="Kaitai.SpecIfInstances" runstate="Runnable" testcasecount="1" result="Passed" start-time="2019-11-03 11:52:39Z" end-time="2019-11-03 11:52:39Z" duration="0.003329" total="1" passed="1" failed="0" inconclusive="0" skipped="0" asserts="1">
        <test-case id="0-1103" name="TestIfInstances" fullname="Kaitai.SpecIfInstances.TestIfInstances" methodname="TestIfInstances" classname="Kaitai.SpecIfInstances" runstate="Runnable" seed="1026425210" result="Passed" start-time="2019-11-03 11:52:39Z" end-time="2019-11-03 11:52:39Z" duration="0.000775" asserts="1" />
      </test-suite>
      <test-suite type="TestFixture" id="0-1104" name="SpecIfStruct" fullname="Kaitai.SpecIfStruct" classname="Kaitai.SpecIfStruct" runstate="Runnable" testcasecount="1" result="Passed" start-time="2019-11-03 11:52:39Z" end-time="2019-11-03 11:52:39Z" duration="0.003538" total="1" passed="1" failed="0" inconclusive="0" skipped="0" asserts="7">
        <test-case id="0-1105" name="TestIfStruct" fullname="Kaitai.SpecIfStruct.TestIfStruct" methodname="TestIfStruct" classname="Kaitai.SpecIfStruct" runstate="Runnable" seed="1822103835" result="Passed" start-time="2019-11-03 11:52:39Z" end-time="2019-11-03 11:52:39Z" duration="0.001077" asserts="7" />
      </test-suite>
      <test-suite type="TestFixture" id="0-1106" name="SpecIfValues" fullname="Kaitai.SpecIfValues" classname="Kaitai.SpecIfValues" runstate="Runnable" testcasecount="1" result="Passed" start-time="2019-11-03 11:52:39Z" end-time="2019-11-03 11:52:39Z" duration="0.003969" total="1" passed="1" failed="0" inconclusive="0" skipped="0" asserts="6">
        <test-case id="0-1107" name="TestIfValues" fullname="Kaitai.SpecIfValues.TestIfValues" methodname="TestIfValues" classname="Kaitai.SpecIfValues" runstate="Runnable" seed="361955092" result="Passed" start-time="2019-11-03 11:52:39Z" end-time="2019-11-03 11:52:39Z" duration="0.001515" asserts="6" />
      </test-suite>
      <test-suite type="TestFixture" id="0-1108" name="SpecImports0" fullname="Kaitai.SpecImports0" classname="Kaitai.SpecImports0" runstate="Runnable" testcasecount="1" result="Passed" start-time="2019-11-03 11:52:39Z" end-time="2019-11-03 11:52:39Z" duration="0.003071" total="1" passed="1" failed="0" inconclusive="0" skipped="0" asserts="3">
        <test-case id="0-1109" name="TestImports0" fullname="Kaitai.SpecImports0.TestImports0" methodname="TestImports0" classname="Kaitai.SpecImports0" runstate="Runnable" seed="2129601324" result="Passed" start-time="2019-11-03 11:52:39Z" end-time="2019-11-03 11:52:39Z" duration="0.000600" asserts="3" />
      </test-suite>
      <test-suite type="TestFixture" id="0-1110" name="SpecImportsAbs" fullname="Kaitai.SpecImportsAbs" classname="Kaitai.SpecImportsAbs" runstate="Runnable" testcasecount="1" result="Passed" start-time="2019-11-03 11:52:39Z" end-time="2019-11-03 11:52:39Z" duration="0.004276" total="1" passed="1" failed="0" inconclusive="0" skipped="0" asserts="2">
        <test-case id="0-1111" name="TestImportsAbs" fullname="Kaitai.SpecImportsAbs.TestImportsAbs" methodname="TestImportsAbs" classname="Kaitai.SpecImportsAbs" runstate="Runnable" seed="1778437070" result="Passed" start-time="2019-11-03 11:52:39Z" end-time="2019-11-03 11:52:39Z" duration="0.001785" asserts="2" />
      </test-suite>
      <test-suite type="TestFixture" id="0-1112" name="SpecImportsCircularA" fullname="Kaitai.SpecImportsCircularA" classname="Kaitai.SpecImportsCircularA" runstate="Runnable" testcasecount="1" result="Passed" start-time="2019-11-03 11:52:39Z" end-time="2019-11-03 11:52:39Z" duration="0.003277" total="1" passed="1" failed="0" inconclusive="0" skipped="0" asserts="5">
        <test-case id="0-1113" name="TestImportsCircularA" fullname="Kaitai.SpecImportsCircularA.TestImportsCircularA" methodname="TestImportsCircularA" classname="Kaitai.SpecImportsCircularA" runstate="Runnable" seed="1050847927" result="Passed" start-time="2019-11-03 11:52:39Z" end-time="2019-11-03 11:52:39Z" duration="0.000777" asserts="5" />
      </test-suite>
      <test-suite type="TestFixture" id="0-1114" name="SpecIndexSizes" fullname="Kaitai.SpecIndexSizes" classname="Kaitai.SpecIndexSizes" runstate="Runnable" testcasecount="1" result="Passed" start-time="2019-11-03 11:52:39Z" end-time="2019-11-03 11:52:39Z" duration="0.003493" total="1" passed="1" failed="0" inconclusive="0" skipped="0" asserts="7">
        <test-case id="0-1115" name="TestIndexSizes" fullname="Kaitai.SpecIndexSizes.TestIndexSizes" methodname="TestIndexSizes" classname="Kaitai.SpecIndexSizes" runstate="Runnable" seed="682933630" result="Passed" start-time="2019-11-03 11:52:39Z" end-time="2019-11-03 11:52:39Z" duration="0.001017" asserts="7" />
      </test-suite>
      <test-suite type="TestFixture" id="0-1116" name="SpecIndexToParamEos" fullname="Kaitai.SpecIndexToParamEos" classname="Kaitai.SpecIndexToParamEos" runstate="Runnable" testcasecount="1" result="Passed" start-time="2019-11-03 11:52:39Z" end-time="2019-11-03 11:52:39Z" duration="0.003940" total="1" passed="1" failed="0" inconclusive="0" skipped="0" asserts="7">
        <test-case id="0-1117" name="TestIndexToParamEos" fullname="Kaitai.SpecIndexToParamEos.TestIndexToParamEos" methodname="TestIndexToParamEos" classname="Kaitai.SpecIndexToParamEos" runstate="Runnable" seed="1796652561" result="Passed" start-time="2019-11-03 11:52:39Z" end-time="2019-11-03 11:52:39Z" duration="0.001457" asserts="7" />
      </test-suite>
      <test-suite type="TestFixture" id="0-1118" name="SpecIndexToParamExpr" fullname="Kaitai.SpecIndexToParamExpr" classname="Kaitai.SpecIndexToParamExpr" runstate="Runnable" testcasecount="1" result="Passed" start-time="2019-11-03 11:52:39Z" end-time="2019-11-03 11:52:39Z" duration="0.003964" total="1" passed="1" failed="0" inconclusive="0" skipped="0" asserts="7">
        <test-case id="0-1119" name="TestIndexToParamExpr" fullname="Kaitai.SpecIndexToParamExpr.TestIndexToParamExpr" methodname="TestIndexToParamExpr" classname="Kaitai.SpecIndexToParamExpr" runstate="Runnable" seed="358616100" result="Passed" start-time="2019-11-03 11:52:39Z" end-time="2019-11-03 11:52:39Z" duration="0.001471" asserts="7" />
      </test-suite>
      <test-suite type="TestFixture" id="0-1120" name="SpecIndexToParamUntil" fullname="Kaitai.SpecIndexToParamUntil" classname="Kaitai.SpecIndexToParamUntil" runstate="Runnable" testcasecount="1" result="Passed" start-time="2019-11-03 11:52:39Z" end-time="2019-11-03 11:52:39Z" duration="0.003917" total="1" passed="1" failed="0" inconclusive="0" skipped="0" asserts="7">
        <test-case id="0-1121" name="TestIndexToParamUntil" fullname="Kaitai.SpecIndexToParamUntil.TestIndexToParamUntil" methodname="TestIndexToParamUntil" classname="Kaitai.SpecIndexToParamUntil" runstate="Runnable" seed="1892230630" result="Passed" start-time="2019-11-03 11:52:39Z" end-time="2019-11-03 11:52:39Z" duration="0.001412" asserts="7" />
      </test-suite>
      <test-suite type="TestFixture" id="0-1122" name="SpecInstanceIoUser" fullname="Kaitai.SpecInstanceIoUser" classname="Kaitai.SpecInstanceIoUser" runstate="Runnable" testcasecount="1" result="Passed" start-time="2019-11-03 11:52:39Z" end-time="2019-11-03 11:52:39Z" duration="0.004390" total="1" passed="1" failed="0" inconclusive="0" skipped="0" asserts="4">
        <test-case id="0-1123" name="TestInstanceIoUser" fullname="Kaitai.SpecInstanceIoUser.TestInstanceIoUser" methodname="TestInstanceIoUser" classname="Kaitai.SpecInstanceIoUser" runstate="Runnable" seed="522159278" result="Passed" start-time="2019-11-03 11:52:39Z" end-time="2019-11-03 11:52:39Z" duration="0.001888" asserts="4" />
      </test-suite>
      <test-suite type="TestFixture" id="0-1124" name="SpecInstanceStd" fullname="Kaitai.SpecInstanceStd" classname="Kaitai.SpecInstanceStd" runstate="Runnable" testcasecount="1" result="Passed" start-time="2019-11-03 11:52:39Z" end-time="2019-11-03 11:52:40Z" duration="0.002953" total="1" passed="1" failed="0" inconclusive="0" skipped="0" asserts="1">
        <test-case id="0-1125" name="TestInstanceStd" fullname="Kaitai.SpecInstanceStd.TestInstanceStd" methodname="TestInstanceStd" classname="Kaitai.SpecInstanceStd" runstate="Runnable" seed="225480516" result="Passed" start-time="2019-11-03 11:52:39Z" end-time="2019-11-03 11:52:39Z" duration="0.000490" asserts="1" />
      </test-suite>
      <test-suite type="TestFixture" id="0-1126" name="SpecInstanceStdArray" fullname="Kaitai.SpecInstanceStdArray" classname="Kaitai.SpecInstanceStdArray" runstate="Runnable" testcasecount="1" result="Passed" start-time="2019-11-03 11:52:40Z" end-time="2019-11-03 11:52:40Z" duration="0.003504" total="1" passed="1" failed="0" inconclusive="0" skipped="0" asserts="7">
        <test-case id="0-1127" name="TestInstanceStdArray" fullname="Kaitai.SpecInstanceStdArray.TestInstanceStdArray" methodname="TestInstanceStdArray" classname="Kaitai.SpecInstanceStdArray" runstate="Runnable" seed="1745804737" result="Passed" start-time="2019-11-03 11:52:40Z" end-time="2019-11-03 11:52:40Z" duration="0.001029" asserts="7" />
      </test-suite>
      <test-suite type="TestFixture" id="0-1128" name="SpecInstanceUserArray" fullname="Kaitai.SpecInstanceUserArray" classname="Kaitai.SpecInstanceUserArray" runstate="Runnable" testcasecount="1" result="Passed" start-time="2019-11-03 11:52:40Z" end-time="2019-11-03 11:52:40Z" duration="0.004068" total="1" passed="1" failed="0" inconclusive="0" skipped="0" asserts="10">
        <test-case id="0-1129" name="TestInstanceUserArray" fullname="Kaitai.SpecInstanceUserArray.TestInstanceUserArray" methodname="TestInstanceUserArray" classname="Kaitai.SpecInstanceUserArray" runstate="Runnable" seed="675684199" result="Passed" start-time="2019-11-03 11:52:40Z" end-time="2019-11-03 11:52:40Z" duration="0.001604" asserts="10" />
      </test-suite>
      <test-suite type="TestFixture" id="0-1130" name="SpecIntegers" fullname="Kaitai.SpecIntegers" classname="Kaitai.SpecIntegers" runstate="Runnable" testcasecount="1" result="Passed" start-time="2019-11-03 11:52:40Z" end-time="2019-11-03 11:52:40Z" duration="0.004154" total="1" passed="1" failed="0" inconclusive="0" skipped="0" asserts="20">
        <test-case id="0-1131" name="TestIntegers" fullname="Kaitai.SpecIntegers.TestIntegers" methodname="TestIntegers" classname="Kaitai.SpecIntegers" runstate="Runnable" seed="1524187576" result="Passed" start-time="2019-11-03 11:52:40Z" end-time="2019-11-03 11:52:40Z" duration="0.001626" asserts="20" />
      </test-suite>
      <test-suite type="TestFixture" id="0-1132" name="SpecIoLocalVar" fullname="Kaitai.SpecIoLocalVar" classname="Kaitai.SpecIoLocalVar" runstate="Runnable" testcasecount="1" result="Passed" start-time="2019-11-03 11:52:40Z" end-time="2019-11-03 11:52:40Z" duration="0.003366" total="1" passed="1" failed="0" inconclusive="0" skipped="0" asserts="2">
        <test-case id="0-1133" name="TestIoLocalVar" fullname="Kaitai.SpecIoLocalVar.TestIoLocalVar" methodname="TestIoLocalVar" classname="Kaitai.SpecIoLocalVar" runstate="Runnable" seed="548392896" result="Passed" start-time="2019-11-03 11:52:40Z" end-time="2019-11-03 11:52:40Z" duration="0.000887" asserts="2" />
      </test-suite>
      <test-suite type="TestFixture" id="0-1134" name="SpecJsSignedRightShift" fullname="Kaitai.SpecJsSignedRightShift" classname="Kaitai.SpecJsSignedRightShift" runstate="Runnable" testcasecount="1" result="Passed" start-time="2019-11-03 11:52:40Z" end-time="2019-11-03 11:52:40Z" duration="0.002968" total="1" passed="1" failed="0" inconclusive="0" skipped="0" asserts="2">
        <test-case id="0-1135" name="TestJsSignedRightShift" fullname="Kaitai.SpecJsSignedRightShift.TestJsSignedRightShift" methodname="TestJsSignedRightShift" classname="Kaitai.SpecJsSignedRightShift" runstate="Runnable" seed="2080370019" result="Passed" start-time="2019-11-03 11:52:40Z" end-time="2019-11-03 11:52:40Z" duration="0.000512" asserts="2" />
      </test-suite>
      <test-suite type="TestFixture" id="0-1136" name="SpecMetaTags" fullname="Kaitai.SpecMetaTags" classname="Kaitai.SpecMetaTags" runstate="Runnable" testcasecount="1" result="Passed" start-time="2019-11-03 11:52:40Z" end-time="2019-11-03 11:52:40Z" duration="0.002747" total="1" passed="1" failed="0" inconclusive="0" skipped="0" asserts="0">
        <test-case id="0-1137" name="TestMetaTags" fullname="Kaitai.SpecMetaTags.TestMetaTags" methodname="TestMetaTags" classname="Kaitai.SpecMetaTags" runstate="Runnable" seed="1148389798" result="Passed" start-time="2019-11-03 11:52:40Z" end-time="2019-11-03 11:52:40Z" duration="0.000309" asserts="0" />
      </test-suite>
      <test-suite type="TestFixture" id="0-1138" name="SpecMetaXref" fullname="Kaitai.SpecMetaXref" classname="Kaitai.SpecMetaXref" runstate="Runnable" testcasecount="1" result="Passed" start-time="2019-11-03 11:52:40Z" end-time="2019-11-03 11:52:40Z" duration="0.002786" total="1" passed="1" failed="0" inconclusive="0" skipped="0" asserts="0">
        <test-case id="0-1139" name="TestMetaXref" fullname="Kaitai.SpecMetaXref.TestMetaXref" methodname="TestMetaXref" classname="Kaitai.SpecMetaXref" runstate="Runnable" seed="1821302073" result="Passed" start-time="2019-11-03 11:52:40Z" end-time="2019-11-03 11:52:40Z" duration="0.000320" asserts="0" />
      </test-suite>
      <test-suite type="TestFixture" id="0-1140" name="SpecMultipleUse" fullname="Kaitai.SpecMultipleUse" classname="Kaitai.SpecMultipleUse" runstate="Runnable" testcasecount="1" result="Passed" start-time="2019-11-03 11:52:40Z" end-time="2019-11-03 11:52:40Z" duration="0.003332" total="1" passed="1" failed="0" inconclusive="0" skipped="0" asserts="2">
        <test-case id="0-1141" name="TestMultipleUse" fullname="Kaitai.SpecMultipleUse.TestMultipleUse" methodname="TestMultipleUse" classname="Kaitai.SpecMultipleUse" runstate="Runnable" seed="160915531" result="Passed" start-time="2019-11-03 11:52:40Z" end-time="2019-11-03 11:52:40Z" duration="0.000867" asserts="2" />
      </test-suite>
      <test-suite type="TestFixture" id="0-1142" name="SpecNavParent" fullname="Kaitai.SpecNavParent" classname="Kaitai.SpecNavParent" runstate="Runnable" testcasecount="1" result="Passed" start-time="2019-11-03 11:52:40Z" end-time="2019-11-03 11:52:40Z" duration="0.003861" total="1" passed="1" failed="0" inconclusive="0" skipped="0" asserts="5">
        <test-case id="0-1143" name="TestNavParent" fullname="Kaitai.SpecNavParent.TestNavParent" methodname="TestNavParent" classname="Kaitai.SpecNavParent" runstate="Runnable" seed="1957299105" result="Passed" start-time="2019-11-03 11:52:40Z" end-time="2019-11-03 11:52:40Z" duration="0.001400" asserts="5" />
      </test-suite>
      <test-suite type="TestFixture" id="0-1144" name="SpecNavParent2" fullname="Kaitai.SpecNavParent2" classname="Kaitai.SpecNavParent2" runstate="Runnable" testcasecount="1" result="Passed" start-time="2019-11-03 11:52:40Z" end-time="2019-11-03 11:52:40Z" duration="0.004148" total="1" passed="1" failed="0" inconclusive="0" skipped="0" asserts="10">
        <test-case id="0-1145" name="TestNavParent2" fullname="Kaitai.SpecNavParent2.TestNavParent2" methodname="TestNavParent2" classname="Kaitai.SpecNavParent2" runstate="Runnable" seed="1092945205" result="Passed" start-time="2019-11-03 11:52:40Z" end-time="2019-11-03 11:52:40Z" duration="0.001680" asserts="10" />
      </test-suite>
      <test-suite type="TestFixture" id="0-1146" name="SpecNavParent3" fullname="Kaitai.SpecNavParent3" classname="Kaitai.SpecNavParent3" runstate="Runnable" testcasecount="1" result="Passed" start-time="2019-11-03 11:52:40Z" end-time="2019-11-03 11:52:40Z" duration="0.004195" total="1" passed="1" failed="0" inconclusive="0" skipped="0" asserts="10">
        <test-case id="0-1147" name="TestNavParent3" fullname="Kaitai.SpecNavParent3.TestNavParent3" methodname="TestNavParent3" classname="Kaitai.SpecNavParent3" runstate="Runnable" seed="1072106044" result="Passed" start-time="2019-11-03 11:52:40Z" end-time="2019-11-03 11:52:40Z" duration="0.001729" asserts="10" />
      </test-suite>
      <test-suite type="TestFixture" id="0-1148" name="SpecNavParentFalse" fullname="Kaitai.SpecNavParentFalse" classname="Kaitai.SpecNavParentFalse" runstate="Runnable" testcasecount="1" result="Passed" start-time="2019-11-03 11:52:40Z" end-time="2019-11-03 11:52:40Z" duration="0.003521" total="1" passed="1" failed="0" inconclusive="0" skipped="0" asserts="5">
        <test-case id="0-1149" name="TestNavParentFalse" fullname="Kaitai.SpecNavParentFalse.TestNavParentFalse" methodname="TestNavParentFalse" classname="Kaitai.SpecNavParentFalse" runstate="Runnable" seed="85593253" result="Passed" start-time="2019-11-03 11:52:40Z" end-time="2019-11-03 11:52:40Z" duration="0.001017" asserts="5" />
      </test-suite>
      <test-suite type="TestFixture" id="0-1150" name="SpecNavParentFalse2" fullname="Kaitai.SpecNavParentFalse2" classname="Kaitai.SpecNavParentFalse2" runstate="Runnable" testcasecount="1" result="Passed" start-time="2019-11-03 11:52:40Z" end-time="2019-11-03 11:52:40Z" duration="0.003069" total="1" passed="1" failed="0" inconclusive="0" skipped="0" asserts="1">
        <test-case id="0-1151" name="TestNavParentFalse2" fullname="Kaitai.SpecNavParentFalse2.TestNavParentFalse2" methodname="TestNavParentFalse2" classname="Kaitai.SpecNavParentFalse2" runstate="Runnable" seed="1064448232" result="Passed" start-time="2019-11-03 11:52:40Z" end-time="2019-11-03 11:52:40Z" duration="0.000597" asserts="1" />
      </test-suite>
      <test-suite type="TestFixture" id="0-1152" name="SpecNavParentOverride" fullname="Kaitai.SpecNavParentOverride" classname="Kaitai.SpecNavParentOverride" runstate="Runnable" testcasecount="1" result="Passed" start-time="2019-11-03 11:52:40Z" end-time="2019-11-03 11:52:40Z" duration="0.003233" total="1" passed="1" failed="0" inconclusive="0" skipped="0" asserts="3">
        <test-case id="0-1153" name="TestNavParentOverride" fullname="Kaitai.SpecNavParentOverride.TestNavParentOverride" methodname="TestNavParentOverride" classname="Kaitai.SpecNavParentOverride" runstate="Runnable" seed="2111836022" result="Passed" start-time="2019-11-03 11:52:40Z" end-time="2019-11-03 11:52:40Z" duration="0.000768" asserts="3" />
      </test-suite>
      <test-suite type="TestFixture" id="0-1154" name="SpecNavParentSwitch" fullname="Kaitai.SpecNavParentSwitch" classname="Kaitai.SpecNavParentSwitch" runstate="Runnable" testcasecount="1" result="Passed" start-time="2019-11-03 11:52:40Z" end-time="2019-11-03 11:52:40Z" duration="0.003289" total="1" passed="1" failed="0" inconclusive="0" skipped="0" asserts="3">
        <test-case id="0-1155" name="TestNavParentSwitch" fullname="Kaitai.SpecNavParentSwitch.TestNavParentSwitch" methodname="TestNavParentSwitch" classname="Kaitai.SpecNavParentSwitch" runstate="Runnable" seed="516097742" result="Passed" start-time="2019-11-03 11:52:40Z" end-time="2019-11-03 11:52:40Z" duration="0.000839" asserts="3" />
      </test-suite>
      <test-suite type="TestFixture" id="0-1156" name="SpecNavParentVsValueInst" fullname="Kaitai.SpecNavParentVsValueInst" classname="Kaitai.SpecNavParentVsValueInst" runstate="Runnable" testcasecount="1" result="Passed" start-time="2019-11-03 11:52:40Z" end-time="2019-11-03 11:52:40Z" duration="0.002991" total="1" passed="1" failed="0" inconclusive="0" skipped="0" asserts="1">
        <test-case id="0-1157" name="TestNavParentVsValueInst" fullname="Kaitai.SpecNavParentVsValueInst.TestNavParentVsValueInst" methodname="TestNavParentVsValueInst" classname="Kaitai.SpecNavParentVsValueInst" runstate="Runnable" seed="310892984" result="Passed" start-time="2019-11-03 11:52:40Z" end-time="2019-11-03 11:52:40Z" duration="0.000525" asserts="1" />
      </test-suite>
      <test-suite type="TestFixture" id="0-1158" name="SpecNavRoot" fullname="Kaitai.SpecNavRoot" classname="Kaitai.SpecNavRoot" runstate="Runnable" testcasecount="1" result="Passed" start-time="2019-11-03 11:52:40Z" end-time="2019-11-03 11:52:40Z" duration="0.003873" total="1" passed="1" failed="0" inconclusive="0" skipped="0" asserts="5">
        <test-case id="0-1159" name="TestNavRoot" fullname="Kaitai.SpecNavRoot.TestNavRoot" methodname="TestNavRoot" classname="Kaitai.SpecNavRoot" runstate="Runnable" seed="332564177" result="Passed" start-time="2019-11-03 11:52:40Z" end-time="2019-11-03 11:52:40Z" duration="0.001401" asserts="5" />
      </test-suite>
      <test-suite type="TestFixture" id="0-1160" name="SpecNestedSameName" fullname="Kaitai.SpecNestedSameName" classname="Kaitai.SpecNestedSameName" runstate="Runnable" testcasecount="1" result="Passed" start-time="2019-11-03 11:52:40Z" end-time="2019-11-03 11:52:40Z" duration="0.003260" total="1" passed="1" failed="0" inconclusive="0" skipped="0" asserts="2">
        <test-case id="0-1161" name="TestNestedSameName" fullname="Kaitai.SpecNestedSameName.TestNestedSameName" methodname="TestNestedSameName" classname="Kaitai.SpecNestedSameName" runstate="Runnable" seed="315750134" result="Passed" start-time="2019-11-03 11:52:40Z" end-time="2019-11-03 11:52:40Z" duration="0.000757" asserts="2" />
      </test-suite>
      <test-suite type="TestFixture" id="0-1162" name="SpecNestedSameName2" fullname="Kaitai.SpecNestedSameName2" classname="Kaitai.SpecNestedSameName2" runstate="Runnable" testcasecount="1" result="Passed" start-time="2019-11-03 11:52:40Z" end-time="2019-11-03 11:52:40Z" duration="0.003463" total="1" passed="1" failed="0" inconclusive="0" skipped="0" asserts="5">
        <test-case id="0-1163" name="TestNestedSameName2" fullname="Kaitai.SpecNestedSameName2.TestNestedSameName2" methodname="TestNestedSameName2" classname="Kaitai.SpecNestedSameName2" runstate="Runnable" seed="868299767" result="Passed" start-time="2019-11-03 11:52:40Z" end-time="2019-11-03 11:52:40Z" duration="0.001018" asserts="5" />
      </test-suite>
      <test-suite type="TestFixture" id="0-1164" name="SpecNestedTypes" fullname="Kaitai.SpecNestedTypes" classname="Kaitai.SpecNestedTypes" runstate="Runnable" testcasecount="1" result="Passed" start-time="2019-11-03 11:52:40Z" end-time="2019-11-03 11:52:40Z" duration="0.003472" total="1" passed="1" failed="0" inconclusive="0" skipped="0" asserts="3">
        <test-case id="0-1165" name="TestNestedTypes" fullname="Kaitai.SpecNestedTypes.TestNestedTypes" methodname="TestNestedTypes" classname="Kaitai.SpecNestedTypes" runstate="Runnable" seed="92495490" result="Passed" start-time="2019-11-03 11:52:40Z" end-time="2019-11-03 11:52:40Z" duration="0.000838" asserts="3" />
      </test-suite>
      <test-suite type="TestFixture" id="0-1166" name="SpecNestedTypes2" fullname="Kaitai.SpecNestedTypes2" classname="Kaitai.SpecNestedTypes2" runstate="Runnable" testcasecount="1" result="Passed" start-time="2019-11-03 11:52:40Z" end-time="2019-11-03 11:52:40Z" duration="0.003645" total="1" passed="1" failed="0" inconclusive="0" skipped="0" asserts="7">
        <test-case id="0-1167" name="TestNestedTypes2" fullname="Kaitai.SpecNestedTypes2.TestNestedTypes2" methodname="TestNestedTypes2" classname="Kaitai.SpecNestedTypes2" runstate="Runnable" seed="2046603260" result="Passed" start-time="2019-11-03 11:52:40Z" end-time="2019-11-03 11:52:40Z" duration="0.001195" asserts="7" />
      </test-suite>
      <test-suite type="TestFixture" id="0-1168" name="SpecNestedTypes3" fullname="Kaitai.SpecNestedTypes3" classname="Kaitai.SpecNestedTypes3" runstate="Runnable" testcasecount="1" result="Passed" start-time="2019-11-03 11:52:40Z" end-time="2019-11-03 11:52:40Z" duration="0.003328" total="1" passed="1" failed="0" inconclusive="0" skipped="0" asserts="5">
        <test-case id="0-1169" name="TestNestedTypes3" fullname="Kaitai.SpecNestedTypes3.TestNestedTypes3" methodname="TestNestedTypes3" classname="Kaitai.SpecNestedTypes3" runstate="Runnable" seed="280321508" result="Passed" start-time="2019-11-03 11:52:40Z" end-time="2019-11-03 11:52:40Z" duration="0.000876" asserts="5" />
      </test-suite>
      <test-suite type="TestFixture" id="0-1170" name="SpecNonStandard" fullname="Kaitai.SpecNonStandard" classname="Kaitai.SpecNonStandard" runstate="Runnable" testcasecount="1" result="Passed" start-time="2019-11-03 11:52:40Z" end-time="2019-11-03 11:52:40Z" duration="0.002964" total="1" passed="1" failed="0" inconclusive="0" skipped="0" asserts="1">
        <test-case id="0-1171" name="TestNonStandard" fullname="Kaitai.SpecNonStandard.TestNonStandard" methodname="TestNonStandard" classname="Kaitai.SpecNonStandard" runstate="Runnable" seed="746135832" result="Passed" start-time="2019-11-03 11:52:40Z" end-time="2019-11-03 11:52:40Z" duration="0.000470" asserts="1" />
      </test-suite>
      <test-suite type="TestFixture" id="0-1172" name="SpecOpaqueExternalType" fullname="Kaitai.SpecOpaqueExternalType" classname="Kaitai.SpecOpaqueExternalType" runstate="Runnable" testcasecount="1" result="Passed" start-time="2019-11-03 11:52:40Z" end-time="2019-11-03 11:52:40Z" duration="0.003094" total="1" passed="1" failed="0" inconclusive="0" skipped="0" asserts="3">
        <test-case id="0-1173" name="TestOpaqueExternalType" fullname="Kaitai.SpecOpaqueExternalType.TestOpaqueExternalType" methodname="TestOpaqueExternalType" classname="Kaitai.SpecOpaqueExternalType" runstate="Runnable" seed="952657019" result="Passed" start-time="2019-11-03 11:52:40Z" end-time="2019-11-03 11:52:40Z" duration="0.000636" asserts="3" />
      </test-suite>
      <test-suite type="TestFixture" id="0-1174" name="SpecOpaqueExternalType02Parent" fullname="Kaitai.SpecOpaqueExternalType02Parent" classname="Kaitai.SpecOpaqueExternalType02Parent" runstate="Runnable" testcasecount="1" result="Passed" start-time="2019-11-03 11:52:40Z" end-time="2019-11-03 11:52:40Z" duration="0.003357" total="1" passed="1" failed="0" inconclusive="0" skipped="0" asserts="3">
        <test-case id="0-1175" name="TestOpaqueExternalType02Parent" fullname="Kaitai.SpecOpaqueExternalType02Parent.TestOpaqueExternalType02Parent" methodname="TestOpaqueExternalType02Parent" classname="Kaitai.SpecOpaqueExternalType02Parent" runstate="Runnable" seed="2102906904" result="Passed" start-time="2019-11-03 11:52:40Z" end-time="2019-11-03 11:52:40Z" duration="0.000896" asserts="3" />
      </test-suite>
      <test-suite type="TestFixture" id="0-1176" name="SpecOpaqueWithParam" fullname="Kaitai.SpecOpaqueWithParam" classname="Kaitai.SpecOpaqueWithParam" runstate="Runnable" testcasecount="1" result="Passed" start-time="2019-11-03 11:52:40Z" end-time="2019-11-03 11:52:40Z" duration="0.003218" total="1" passed="1" failed="0" inconclusive="0" skipped="0" asserts="2">
        <test-case id="0-1177" name="TestOpaqueWithParam" fullname="Kaitai.SpecOpaqueWithParam.TestOpaqueWithParam" methodname="TestOpaqueWithParam" classname="Kaitai.SpecOpaqueWithParam" runstate="Runnable" seed="1053913463" result="Passed" start-time="2019-11-03 11:52:40Z" end-time="2019-11-03 11:52:40Z" duration="0.000736" asserts="2" />
      </test-suite>
      <test-suite type="TestFixture" id="0-1178" name="SpecOptionalId" fullname="Kaitai.SpecOptionalId" classname="Kaitai.SpecOptionalId" runstate="Runnable" testcasecount="1" result="Passed" start-time="2019-11-03 11:52:40Z" end-time="2019-11-03 11:52:40Z" duration="0.003055" total="1" passed="1" failed="0" inconclusive="0" skipped="0" asserts="3">
        <test-case id="0-1179" name="TestOptionalId" fullname="Kaitai.SpecOptionalId.TestOptionalId" methodname="TestOptionalId" classname="Kaitai.SpecOptionalId" runstate="Runnable" seed="658673866" result="Passed" start-time="2019-11-03 11:52:40Z" end-time="2019-11-03 11:52:40Z" duration="0.000560" asserts="3" />
      </test-suite>
      <test-suite type="TestFixture" id="0-1180" name="SpecParamsCallExtraParens" fullname="Kaitai.SpecParamsCallExtraParens" classname="Kaitai.SpecParamsCallExtraParens" runstate="Runnable" testcasecount="1" result="Passed" start-time="2019-11-03 11:52:40Z" end-time="2019-11-03 11:52:40Z" duration="0.003012" total="1" passed="1" failed="0" inconclusive="0" skipped="0" asserts="1">
        <test-case id="0-1181" name="TestParamsCallExtraParens" fullname="Kaitai.SpecParamsCallExtraParens.TestParamsCallExtraParens" methodname="TestParamsCallExtraParens" classname="Kaitai.SpecParamsCallExtraParens" runstate="Runnable" seed="26740888" result="Passed" start-time="2019-11-03 11:52:40Z" end-time="2019-11-03 11:52:40Z" duration="0.000549" asserts="1" />
      </test-suite>
      <test-suite type="TestFixture" id="0-1182" name="SpecParamsCallShort" fullname="Kaitai.SpecParamsCallShort" classname="Kaitai.SpecParamsCallShort" runstate="Runnable" testcasecount="1" result="Passed" start-time="2019-11-03 11:52:40Z" end-time="2019-11-03 11:52:40Z" duration="0.003304" total="1" passed="1" failed="0" inconclusive="0" skipped="0" asserts="3">
        <test-case id="0-1183" name="TestParamsCallShort" fullname="Kaitai.SpecParamsCallShort.TestParamsCallShort" methodname="TestParamsCallShort" classname="Kaitai.SpecParamsCallShort" runstate="Runnable" seed="1206116800" result="Passed" start-time="2019-11-03 11:52:40Z" end-time="2019-11-03 11:52:40Z" duration="0.000834" asserts="3" />
      </test-suite>
      <test-suite type="TestFixture" id="0-1184" name="SpecParamsDef" fullname="Kaitai.SpecParamsDef" classname="Kaitai.SpecParamsDef" runstate="Runnable" testcasecount="1" result="Passed" start-time="2019-11-03 11:52:40Z" end-time="2019-11-03 11:52:40Z" duration="0.002777" total="1" passed="1" failed="0" inconclusive="0" skipped="0" asserts="2">
        <test-case id="0-1185" name="TestParamsDef" fullname="Kaitai.SpecParamsDef.TestParamsDef" methodname="TestParamsDef" classname="Kaitai.SpecParamsDef" runstate="Runnable" seed="445204236" result="Passed" start-time="2019-11-03 11:52:40Z" end-time="2019-11-03 11:52:40Z" duration="0.000319" asserts="2" />
      </test-suite>
      <test-suite type="TestFixture" id="0-1186" name="SpecParamsEnum" fullname="Kaitai.SpecParamsEnum" classname="Kaitai.SpecParamsEnum" runstate="Runnable" testcasecount="1" result="Passed" start-time="2019-11-03 11:52:40Z" end-time="2019-11-03 11:52:40Z" duration="0.003121" total="1" passed="1" failed="0" inconclusive="0" skipped="0" asserts="2">
        <test-case id="0-1187" name="TestParamsEnum" fullname="Kaitai.SpecParamsEnum.TestParamsEnum" methodname="TestParamsEnum" classname="Kaitai.SpecParamsEnum" runstate="Runnable" seed="723289332" result="Passed" start-time="2019-11-03 11:52:40Z" end-time="2019-11-03 11:52:40Z" duration="0.000655" asserts="2" />
      </test-suite>
      <test-suite type="TestFixture" id="0-1188" name="SpecParamsPassUsertype" fullname="Kaitai.SpecParamsPassUsertype" classname="Kaitai.SpecParamsPassUsertype" runstate="Runnable" testcasecount="1" result="Passed" start-time="2019-11-03 11:52:40Z" end-time="2019-11-03 11:52:40Z" duration="0.003172" total="1" passed="1" failed="0" inconclusive="0" skipped="0" asserts="2">
        <test-case id="0-1189" name="TestParamsPassUsertype" fullname="Kaitai.SpecParamsPassUsertype.TestParamsPassUsertype" methodname="TestParamsPassUsertype" classname="Kaitai.SpecParamsPassUsertype" runstate="Runnable" seed="868646231" result="Passed" start-time="2019-11-03 11:52:40Z" end-time="2019-11-03 11:52:40Z" duration="0.000715" asserts="2" />
      </test-suite>
      <test-suite type="TestFixture" id="0-1190" name="SpecPositionAbs" fullname="Kaitai.SpecPositionAbs" classname="Kaitai.SpecPositionAbs" runstate="Runnable" testcasecount="1" result="Passed" start-time="2019-11-03 11:52:40Z" end-time="2019-11-03 11:52:40Z" duration="0.003244" total="1" passed="1" failed="0" inconclusive="0" skipped="0" asserts="2">
        <test-case id="0-1191" name="TestPositionAbs" fullname="Kaitai.SpecPositionAbs.TestPositionAbs" methodname="TestPositionAbs" classname="Kaitai.SpecPositionAbs" runstate="Runnable" seed="1999072045" result="Passed" start-time="2019-11-03 11:52:40Z" end-time="2019-11-03 11:52:40Z" duration="0.000770" asserts="2" />
      </test-suite>
      <test-suite type="TestFixture" id="0-1192" name="SpecPositionInSeq" fullname="Kaitai.SpecPositionInSeq" classname="Kaitai.SpecPositionInSeq" runstate="Runnable" testcasecount="1" result="Passed" start-time="2019-11-03 11:52:40Z" end-time="2019-11-03 11:52:40Z" duration="0.003983" total="1" passed="1" failed="0" inconclusive="0" skipped="0" asserts="1">
        <test-case id="0-1193" name="TestPositionInSeq" fullname="Kaitai.SpecPositionInSeq.TestPositionInSeq" methodname="TestPositionInSeq" classname="Kaitai.SpecPositionInSeq" runstate="Runnable" seed="903637110" result="Passed" start-time="2019-11-03 11:52:40Z" end-time="2019-11-03 11:52:40Z" duration="0.001517" asserts="1" />
      </test-suite>
      <test-suite type="TestFixture" id="0-1194" name="SpecPositionToEnd" fullname="Kaitai.SpecPositionToEnd" classname="Kaitai.SpecPositionToEnd" runstate="Runnable" testcasecount="1" result="Passed" start-time="2019-11-03 11:52:40Z" end-time="2019-11-03 11:52:40Z" duration="0.003120" total="1" passed="1" failed="0" inconclusive="0" skipped="0" asserts="2">
        <test-case id="0-1195" name="TestPositionToEnd" fullname="Kaitai.SpecPositionToEnd.TestPositionToEnd" methodname="TestPositionToEnd" classname="Kaitai.SpecPositionToEnd" runstate="Runnable" seed="549690806" result="Passed" start-time="2019-11-03 11:52:40Z" end-time="2019-11-03 11:52:40Z" duration="0.000661" asserts="2" />
      </test-suite>
      <test-suite type="TestFixture" id="0-1196" name="SpecProcessCoerceBytes" fullname="Kaitai.SpecProcessCoerceBytes" classname="Kaitai.SpecProcessCoerceBytes" runstate="Runnable" testcasecount="1" result="Passed" start-time="2019-11-03 11:52:40Z" end-time="2019-11-03 11:52:40Z" duration="0.003802" total="1" passed="1" failed="0" inconclusive="0" skipped="0" asserts="4">
        <test-case id="0-1197" name="TestProcessCoerceBytes" fullname="Kaitai.SpecProcessCoerceBytes.TestProcessCoerceBytes" methodname="TestProcessCoerceBytes" classname="Kaitai.SpecProcessCoerceBytes" runstate="Runnable" seed="256731123" result="Passed" start-time="2019-11-03 11:52:40Z" end-time="2019-11-03 11:52:40Z" duration="0.001325" asserts="4" />
      </test-suite>
      <test-suite type="TestFixture" id="0-1198" name="SpecProcessCoerceSwitch" fullname="Kaitai.SpecProcessCoerceSwitch" classname="Kaitai.SpecProcessCoerceSwitch" runstate="Runnable" testcasecount="1" result="Passed" start-time="2019-11-03 11:52:40Z" end-time="2019-11-03 11:52:40Z" duration="0.003347" total="1" passed="1" failed="0" inconclusive="0" skipped="0" asserts="3">
        <test-case id="0-1199" name="TestProcessCoerceSwitch" fullname="Kaitai.SpecProcessCoerceSwitch.TestProcessCoerceSwitch" methodname="TestProcessCoerceSwitch" classname="Kaitai.SpecProcessCoerceSwitch" runstate="Runnable" seed="1949736589" result="Passed" start-time="2019-11-03 11:52:40Z" end-time="2019-11-03 11:52:40Z" duration="0.000897" asserts="3" />
      </test-suite>
      <test-suite type="TestFixture" id="0-1200" name="SpecProcessCoerceUsertype1" fullname="Kaitai.SpecProcessCoerceUsertype1" classname="Kaitai.SpecProcessCoerceUsertype1" runstate="Runnable" testcasecount="1" result="Passed" start-time="2019-11-03 11:52:40Z" end-time="2019-11-03 11:52:40Z" duration="0.003860" total="1" passed="1" failed="0" inconclusive="0" skipped="0" asserts="4">
        <test-case id="0-1201" name="TestProcessCoerceUsertype1" fullname="Kaitai.SpecProcessCoerceUsertype1.TestProcessCoerceUsertype1" methodname="TestProcessCoerceUsertype1" classname="Kaitai.SpecProcessCoerceUsertype1" runstate="Runnable" seed="2143465887" result="Passed" start-time="2019-11-03 11:52:40Z" end-time="2019-11-03 11:52:40Z" duration="0.001409" asserts="4" />
      </test-suite>
      <test-suite type="TestFixture" id="0-1202" name="SpecProcessCoerceUsertype2" fullname="Kaitai.SpecProcessCoerceUsertype2" classname="Kaitai.SpecProcessCoerceUsertype2" runstate="Runnable" testcasecount="1" result="Passed" start-time="2019-11-03 11:52:40Z" end-time="2019-11-03 11:52:40Z" duration="0.003822" total="1" passed="1" failed="0" inconclusive="0" skipped="0" asserts="4">
        <test-case id="0-1203" name="TestProcessCoerceUsertype2" fullname="Kaitai.SpecProcessCoerceUsertype2.TestProcessCoerceUsertype2" methodname="TestProcessCoerceUsertype2" classname="Kaitai.SpecProcessCoerceUsertype2" runstate="Runnable" seed="162956216" result="Passed" start-time="2019-11-03 11:52:40Z" end-time="2019-11-03 11:52:40Z" duration="0.001371" asserts="4" />
      </test-suite>
      <test-suite type="TestFixture" id="0-1204" name="SpecProcessCustom" fullname="Kaitai.SpecProcessCustom" classname="Kaitai.SpecProcessCustom" runstate="Runnable" testcasecount="1" result="Passed" start-time="2019-11-03 11:52:40Z" end-time="2019-11-03 11:52:40Z" duration="0.003286" total="1" passed="1" failed="0" inconclusive="0" skipped="0" asserts="3">
        <test-case id="0-1205" name="TestProcessCustom" fullname="Kaitai.SpecProcessCustom.TestProcessCustom" methodname="TestProcessCustom" classname="Kaitai.SpecProcessCustom" runstate="Runnable" seed="1518634642" result="Passed" start-time="2019-11-03 11:52:40Z" end-time="2019-11-03 11:52:40Z" duration="0.000834" asserts="3" />
      </test-suite>
      <test-suite type="TestFixture" id="0-1206" name="SpecProcessRotate" fullname="Kaitai.SpecProcessRotate" classname="Kaitai.SpecProcessRotate" runstate="Runnable" testcasecount="1" result="Passed" start-time="2019-11-03 11:52:40Z" end-time="2019-11-03 11:52:40Z" duration="0.003243" total="1" passed="1" failed="0" inconclusive="0" skipped="0" asserts="3">
        <test-case id="0-1207" name="TestProcessRotate" fullname="Kaitai.SpecProcessRotate.TestProcessRotate" methodname="TestProcessRotate" classname="Kaitai.SpecProcessRotate" runstate="Runnable" seed="1577455892" result="Passed" start-time="2019-11-03 11:52:40Z" end-time="2019-11-03 11:52:40Z" duration="0.000770" asserts="3" />
      </test-suite>
      <test-suite type="TestFixture" id="0-1208" name="SpecProcessToUser" fullname="Kaitai.SpecProcessToUser" classname="Kaitai.SpecProcessToUser" runstate="Runnable" testcasecount="1" result="Passed" start-time="2019-11-03 11:52:40Z" end-time="2019-11-03 11:52:40Z" duration="0.003232" total="1" passed="1" failed="0" inconclusive="0" skipped="0" asserts="1">
        <test-case id="0-1209" name="TestProcessToUser" fullname="Kaitai.SpecProcessToUser.TestProcessToUser" methodname="TestProcessToUser" classname="Kaitai.SpecProcessToUser" runstate="Runnable" seed="858042849" result="Passed" start-time="2019-11-03 11:52:40Z" end-time="2019-11-03 11:52:40Z" duration="0.000612" asserts="1" />
      </test-suite>
      <test-suite type="TestFixture" id="0-1210" name="SpecProcessXor4Const" fullname="Kaitai.SpecProcessXor4Const" classname="Kaitai.SpecProcessXor4Const" runstate="Runnable" testcasecount="1" result="Passed" start-time="2019-11-03 11:52:40Z" end-time="2019-11-03 11:52:40Z" duration="0.003053" total="1" passed="1" failed="0" inconclusive="0" skipped="0" asserts="2">
        <test-case id="0-1211" name="TestProcessXor4Const" fullname="Kaitai.SpecProcessXor4Const.TestProcessXor4Const" methodname="TestProcessXor4Const" classname="Kaitai.SpecProcessXor4Const" runstate="Runnable" seed="2111226791" result="Passed" start-time="2019-11-03 11:52:40Z" end-time="2019-11-03 11:52:40Z" duration="0.000597" asserts="2" />
      </test-suite>
      <test-suite type="TestFixture" id="0-1212" name="SpecProcessXor4Value" fullname="Kaitai.SpecProcessXor4Value" classname="Kaitai.SpecProcessXor4Value" runstate="Runnable" testcasecount="1" result="Passed" start-time="2019-11-03 11:52:40Z" end-time="2019-11-03 11:52:40Z" duration="0.002941" total="1" passed="1" failed="0" inconclusive="0" skipped="0" asserts="2">
        <test-case id="0-1213" name="TestProcessXor4Value" fullname="Kaitai.SpecProcessXor4Value.TestProcessXor4Value" methodname="TestProcessXor4Value" classname="Kaitai.SpecProcessXor4Value" runstate="Runnable" seed="1099009380" result="Passed" start-time="2019-11-03 11:52:40Z" end-time="2019-11-03 11:52:40Z" duration="0.000492" asserts="2" />
      </test-suite>
      <test-suite type="TestFixture" id="0-1214" name="SpecProcessXorConst" fullname="Kaitai.SpecProcessXorConst" classname="Kaitai.SpecProcessXorConst" runstate="Runnable" testcasecount="1" result="Passed" start-time="2019-11-03 11:52:40Z" end-time="2019-11-03 11:52:40Z" duration="0.002991" total="1" passed="1" failed="0" inconclusive="0" skipped="0" asserts="2">
        <test-case id="0-1215" name="TestProcessXorConst" fullname="Kaitai.SpecProcessXorConst.TestProcessXorConst" methodname="TestProcessXorConst" classname="Kaitai.SpecProcessXorConst" runstate="Runnable" seed="83264000" result="Passed" start-time="2019-11-03 11:52:40Z" end-time="2019-11-03 11:52:40Z" duration="0.000486" asserts="2" />
      </test-suite>
      <test-suite type="TestFixture" id="0-1216" name="SpecProcessXorValue" fullname="Kaitai.SpecProcessXorValue" classname="Kaitai.SpecProcessXorValue" runstate="Runnable" testcasecount="1" result="Passed" start-time="2019-11-03 11:52:40Z" end-time="2019-11-03 11:52:40Z" duration="0.002931" total="1" passed="1" failed="0" inconclusive="0" skipped="0" asserts="2">
[...]
      </test-suite>
      <test-suite type="TestFixture" id="0-1248" name="SpecStrPadTerm" fullname="Kaitai.SpecStrPadTerm" classname="Kaitai.SpecStrPadTerm" runstate="Runnable" testcasecount="1" result="Passed" start-time="2019-11-03 11:52:40Z" end-time="2019-11-03 11:52:40Z" duration="0.003047" total="1" passed="1" failed="0" inconclusive="0" skipped="0" asserts="4">
        <test-case id="0-1249" name="TestStrPadTerm" fullname="Kaitai.SpecStrPadTerm.TestStrPadTerm" methodname="TestStrPadTerm" classname="Kaitai.SpecStrPadTerm" runstate="Runnable" seed="338333862" result="Passed" start-time="2019-11-03 11:52:40Z" end-time="2019-11-03 11:52:40Z" duration="0.000565" asserts="4" />
      </test-suite>
      <test-suite type="TestFixture" id="0-1250" name="SpecStrPadTermEmpty" fullname="Kaitai.SpecStrPadTermEmpty" classname="Kaitai.SpecStrPadTermEmpty" runstate="Runnable" testcasecount="1" result="Passed" start-time="2019-11-03 11:52:40Z" end-time="2019-11-03 11:52:40Z" duration="0.003000" total="1" passed="1" failed="0" inconclusive="0" skipped="0" asserts="4">
        <test-case id="0-1251" name="TestStrPadTermEmpty" fullname="Kaitai.SpecStrPadTermEmpty.TestStrPadTermEmpty" methodname="TestStrPadTermEmpty" classname="Kaitai.SpecStrPadTermEmpty" runstate="Runnable" seed="38848136" result="Passed" start-time="2019-11-03 11:52:40Z" end-time="2019-11-03 11:52:40Z" duration="0.000545" asserts="4" />
      </test-suite>
      <test-suite type="TestFixture" id="0-1252" name="SpecSwitchBytearray" fullname="Kaitai.SpecSwitchBytearray" classname="Kaitai.SpecSwitchBytearray" runstate="Runnable" testcasecount="1" result="Passed" start-time="2019-11-03 11:52:40Z" end-time="2019-11-03 11:52:40Z" duration="0.004473" total="1" passed="1" failed="0" inconclusive="0" skipped="0" asserts="9">
        <test-case id="0-1253" name="TestSwitchBytearray" fullname="Kaitai.SpecSwitchBytearray.TestSwitchBytearray" methodname="TestSwitchBytearray" classname="Kaitai.SpecSwitchBytearray" runstate="Runnable" seed="255367927" result="Passed" start-time="2019-11-03 11:52:40Z" end-time="2019-11-03 11:52:40Z" duration="0.001970" asserts="9" />
      </test-suite>
      <test-suite type="TestFixture" id="0-1254" name="SpecSwitchCast" fullname="Kaitai.SpecSwitchCast" classname="Kaitai.SpecSwitchCast" runstate="Runnable" testcasecount="1" result="Passed" start-time="2019-11-03 11:52:40Z" end-time="2019-11-03 11:52:40Z" duration="0.004338" total="1" passed="1" failed="0" inconclusive="0" skipped="0" asserts="3">
        <test-case id="0-1255" name="TestSwitchCast" fullname="Kaitai.SpecSwitchCast.TestSwitchCast" methodname="TestSwitchCast" classname="Kaitai.SpecSwitchCast" runstate="Runnable" seed="557173291" result="Passed" start-time="2019-11-03 11:52:40Z" end-time="2019-11-03 11:52:40Z" duration="0.001855" asserts="3" />
      </test-suite>
      <test-suite type="TestFixture" id="0-1256" name="SpecSwitchIntegers" fullname="Kaitai.SpecSwitchIntegers" classname="Kaitai.SpecSwitchIntegers" runstate="Runnable" testcasecount="1" result="Passed" start-time="2019-11-03 11:52:40Z" end-time="2019-11-03 11:52:40Z" duration="0.004110" total="1" passed="1" failed="0" inconclusive="0" skipped="0" asserts="9">
        <test-case id="0-1257" name="TestSwitchIntegers" fullname="Kaitai.SpecSwitchIntegers.TestSwitchIntegers" methodname="TestSwitchIntegers" classname="Kaitai.SpecSwitchIntegers" runstate="Runnable" seed="98906321" result="Passed" start-time="2019-11-03 11:52:40Z" end-time="2019-11-03 11:52:40Z" duration="0.001632" asserts="9" />
      </test-suite>
      <test-suite type="TestFixture" id="0-1258" name="SpecSwitchIntegers2" fullname="Kaitai.SpecSwitchIntegers2" classname="Kaitai.SpecSwitchIntegers2" runstate="Runnable" testcasecount="1" result="Passed" start-time="2019-11-03 11:52:40Z" end-time="2019-11-03 11:52:40Z" duration="0.003461" total="1" passed="1" failed="0" inconclusive="0" skipped="0" asserts="5">
        <test-case id="0-1259" name="TestSwitchIntegers2" fullname="Kaitai.SpecSwitchIntegers2.TestSwitchIntegers2" methodname="TestSwitchIntegers2" classname="Kaitai.SpecSwitchIntegers2" runstate="Runnable" seed="573849109" result="Passed" start-time="2019-11-03 11:52:40Z" end-time="2019-11-03 11:52:40Z" duration="0.000998" asserts="5" />
      </test-suite>
      <test-suite type="TestFixture" id="0-1260" name="SpecSwitchManualEnum" fullname="Kaitai.SpecSwitchManualEnum" classname="Kaitai.SpecSwitchManualEnum" runstate="Runnable" testcasecount="1" result="Passed" start-time="2019-11-03 11:52:40Z" end-time="2019-11-03 11:52:40Z" duration="0.004458" total="1" passed="1" failed="0" inconclusive="0" skipped="0" asserts="9">
        <test-case id="0-1261" name="TestSwitchManualEnum" fullname="Kaitai.SpecSwitchManualEnum.TestSwitchManualEnum" methodname="TestSwitchManualEnum" classname="Kaitai.SpecSwitchManualEnum" runstate="Runnable" seed="1788170299" result="Passed" start-time="2019-11-03 11:52:40Z" end-time="2019-11-03 11:52:40Z" duration="0.001954" asserts="9" />
      </test-suite>
      <test-suite type="TestFixture" id="0-1262" name="SpecSwitchManualInt" fullname="Kaitai.SpecSwitchManualInt" classname="Kaitai.SpecSwitchManualInt" runstate="Runnable" testcasecount="1" result="Passed" start-time="2019-11-03 11:52:40Z" end-time="2019-11-03 11:52:40Z" duration="0.004328" total="1" passed="1" failed="0" inconclusive="0" skipped="0" asserts="9">
        <test-case id="0-1263" name="TestSwitchManualInt" fullname="Kaitai.SpecSwitchManualInt.TestSwitchManualInt" methodname="TestSwitchManualInt" classname="Kaitai.SpecSwitchManualInt" runstate="Runnable" seed="1731818017" result="Passed" start-time="2019-11-03 11:52:40Z" end-time="2019-11-03 11:52:40Z" duration="0.001843" asserts="9" />
      </test-suite>
      <test-suite type="TestFixture" id="0-1264" name="SpecSwitchManualIntElse" fullname="Kaitai.SpecSwitchManualIntElse" classname="Kaitai.SpecSwitchManualIntElse" runstate="Runnable" testcasecount="1" result="Passed" start-time="2019-11-03 11:52:40Z" end-time="2019-11-03 11:52:40Z" duration="0.004492" total="1" passed="1" failed="0" inconclusive="0" skipped="0" asserts="9">
        <test-case id="0-1265" name="TestSwitchManualIntElse" fullname="Kaitai.SpecSwitchManualIntElse.TestSwitchManualIntElse" methodname="TestSwitchManualIntElse" classname="Kaitai.SpecSwitchManualIntElse" runstate="Runnable" seed="1199936315" result="Passed" start-time="2019-11-03 11:52:40Z" end-time="2019-11-03 11:52:40Z" duration="0.002013" asserts="9" />
      </test-suite>
      <test-suite type="TestFixture" id="0-1266" name="SpecSwitchManualIntSize" fullname="Kaitai.SpecSwitchManualIntSize" classname="Kaitai.SpecSwitchManualIntSize" runstate="Runnable" testcasecount="1" result="Passed" start-time="2019-11-03 11:52:40Z" end-time="2019-11-03 11:52:40Z" duration="0.004592" total="1" passed="1" failed="0" inconclusive="0" skipped="0" asserts="10">
        <test-case id="0-1267" name="TestSwitchManualIntSize" fullname="Kaitai.SpecSwitchManualIntSize.TestSwitchManualIntSize" methodname="TestSwitchManualIntSize" classname="Kaitai.SpecSwitchManualIntSize" runstate="Runnable" seed="1680096810" result="Passed" start-time="2019-11-03 11:52:40Z" end-time="2019-11-03 11:52:40Z" duration="0.002135" asserts="10" />
      </test-suite>
      <test-suite type="TestFixture" id="0-1268" name="SpecSwitchManualIntSizeElse" fullname="Kaitai.SpecSwitchManualIntSizeElse" classname="Kaitai.SpecSwitchManualIntSizeElse" runstate="Runnable" testcasecount="1" result="Passed" start-time="2019-11-03 11:52:40Z" end-time="2019-11-03 11:52:40Z" duration="0.004816" total="1" passed="1" failed="0" inconclusive="0" skipped="0" asserts="10">
        <test-case id="0-1269" name="TestSwitchManualIntSizeElse" fullname="Kaitai.SpecSwitchManualIntSizeElse.TestSwitchManualIntSizeElse" methodname="TestSwitchManualIntSizeElse" classname="Kaitai.SpecSwitchManualIntSizeElse" runstate="Runnable" seed="1601722995" result="Passed" start-time="2019-11-03 11:52:40Z" end-time="2019-11-03 11:52:40Z" duration="0.002286" asserts="10" />
      </test-suite>
      <test-suite type="TestFixture" id="0-1270" name="SpecSwitchManualIntSizeEos" fullname="Kaitai.SpecSwitchManualIntSizeEos" classname="Kaitai.SpecSwitchManualIntSizeEos" runstate="Runnable" testcasecount="1" result="Passed" start-time="2019-11-03 11:52:40Z" end-time="2019-11-03 11:52:40Z" duration="0.004641" total="1" passed="1" failed="0" inconclusive="0" skipped="0" asserts="10">
        <test-case id="0-1271" name="TestSwitchManualIntSizeEos" fullname="Kaitai.SpecSwitchManualIntSizeEos.TestSwitchManualIntSizeEos" methodname="TestSwitchManualIntSizeEos" classname="Kaitai.SpecSwitchManualIntSizeEos" runstate="Runnable" seed="593674164" result="Passed" start-time="2019-11-03 11:52:40Z" end-time="2019-11-03 11:52:40Z" duration="0.002158" asserts="10" />
      </test-suite>
      <test-suite type="TestFixture" id="0-1272" name="SpecSwitchManualStr" fullname="Kaitai.SpecSwitchManualStr" classname="Kaitai.SpecSwitchManualStr" runstate="Runnable" testcasecount="1" result="Passed" start-time="2019-11-03 11:52:40Z" end-time="2019-11-03 11:52:40Z" duration="0.004240" total="1" passed="1" failed="0" inconclusive="0" skipped="0" asserts="9">
        <test-case id="0-1273" name="TestSwitchManualStr" fullname="Kaitai.SpecSwitchManualStr.TestSwitchManualStr" methodname="TestSwitchManualStr" classname="Kaitai.SpecSwitchManualStr" runstate="Runnable" seed="1454969759" result="Passed" start-time="2019-11-03 11:52:40Z" end-time="2019-11-03 11:52:40Z" duration="0.001764" asserts="9" />
      </test-suite>
      <test-suite type="TestFixture" id="0-1274" name="SpecSwitchManualStrElse" fullname="Kaitai.SpecSwitchManualStrElse" classname="Kaitai.SpecSwitchManualStrElse" runstate="Runnable" testcasecount="1" result="Passed" start-time="2019-11-03 11:52:40Z" end-time="2019-11-03 11:52:40Z" duration="0.004248" total="1" passed="1" failed="0" inconclusive="0" skipped="0" asserts="9">
        <test-case id="0-1275" name="TestSwitchManualStrElse" fullname="Kaitai.SpecSwitchManualStrElse.TestSwitchManualStrElse" methodname="TestSwitchManualStrElse" classname="Kaitai.SpecSwitchManualStrElse" runstate="Runnable" seed="1885625404" result="Passed" start-time="2019-11-03 11:52:40Z" end-time="2019-11-03 11:52:40Z" duration="0.001798" asserts="9" />
      </test-suite>
      <test-suite type="TestFixture" id="0-1276" name="SpecSwitchMultiBoolOps" fullname="Kaitai.SpecSwitchMultiBoolOps" classname="Kaitai.SpecSwitchMultiBoolOps" runstate="Runnable" testcasecount="1" result="Passed" start-time="2019-11-03 11:52:40Z" end-time="2019-11-03 11:52:40Z" duration="0.003911" total="1" passed="1" failed="0" inconclusive="0" skipped="0" asserts="9">
        <test-case id="0-1277" name="TestSwitchMultiBoolOps" fullname="Kaitai.SpecSwitchMultiBoolOps.TestSwitchMultiBoolOps" methodname="TestSwitchMultiBoolOps" classname="Kaitai.SpecSwitchMultiBoolOps" runstate="Runnable" seed="1204408093" result="Passed" start-time="2019-11-03 11:52:40Z" end-time="2019-11-03 11:52:40Z" duration="0.001465" asserts="9" />
      </test-suite>
      <test-suite type="TestFixture" id="0-1278" name="SpecSwitchRepeatExpr" fullname="Kaitai.SpecSwitchRepeatExpr" classname="Kaitai.SpecSwitchRepeatExpr" runstate="Runnable" testcasecount="1" result="Passed" start-time="2019-11-03 11:52:40Z" end-time="2019-11-03 11:52:40Z" duration="0.004272" total="1" passed="1" failed="0" inconclusive="0" skipped="0" asserts="3">
        <test-case id="0-1279" name="TestSwitchRepeatExpr" fullname="Kaitai.SpecSwitchRepeatExpr.TestSwitchRepeatExpr" methodname="TestSwitchRepeatExpr" classname="Kaitai.SpecSwitchRepeatExpr" runstate="Runnable" seed="416938916" result="Passed" start-time="2019-11-03 11:52:40Z" end-time="2019-11-03 11:52:40Z" duration="0.001792" asserts="3" />
      </test-suite>
      <test-suite type="TestFixture" id="0-1280" name="SpecTermBytes" fullname="Kaitai.SpecTermBytes" classname="Kaitai.SpecTermBytes" runstate="Runnable" testcasecount="1" result="Passed" start-time="2019-11-03 11:52:40Z" end-time="2019-11-03 11:52:40Z" duration="0.003009" total="1" passed="1" failed="0" inconclusive="0" skipped="0" asserts="3">
        <test-case id="0-1281" name="TestTermBytes" fullname="Kaitai.SpecTermBytes.TestTermBytes" methodname="TestTermBytes" classname="Kaitai.SpecTermBytes" runstate="Runnable" seed="1038610222" result="Passed" start-time="2019-11-03 11:52:40Z" end-time="2019-11-03 11:52:40Z" duration="0.000538" asserts="3" />
      </test-suite>
      <test-suite type="TestFixture" id="0-1282" name="SpecTermStrz" fullname="Kaitai.SpecTermStrz" classname="Kaitai.SpecTermStrz" runstate="Runnable" testcasecount="1" result="Passed" start-time="2019-11-03 11:52:40Z" end-time="2019-11-03 11:52:40Z" duration="0.002871" total="1" passed="1" failed="0" inconclusive="0" skipped="0" asserts="3">
        <test-case id="0-1283" name="TestTermStrz" fullname="Kaitai.SpecTermStrz.TestTermStrz" methodname="TestTermStrz" classname="Kaitai.SpecTermStrz" runstate="Runnable" seed="1746464727" result="Passed" start-time="2019-11-03 11:52:40Z" end-time="2019-11-03 11:52:40Z" duration="0.000385" asserts="3" />
      </test-suite>
      <test-suite type="TestFixture" id="0-1284" name="SpecTsPacketHeader" fullname="Kaitai.SpecTsPacketHeader" classname="Kaitai.SpecTsPacketHeader" runstate="Runnable" testcasecount="1" result="Passed" start-time="2019-11-03 11:52:40Z" end-time="2019-11-03 11:52:40Z" duration="0.003277" total="1" passed="1" failed="0" inconclusive="0" skipped="0" asserts="7">
        <test-case id="0-1285" name="TestTsPacketHeader" fullname="Kaitai.SpecTsPacketHeader.TestTsPacketHeader" methodname="TestTsPacketHeader" classname="Kaitai.SpecTsPacketHeader" runstate="Runnable" seed="1767086692" result="Passed" start-time="2019-11-03 11:52:40Z" end-time="2019-11-03 11:52:40Z" duration="0.000744" asserts="7" />
      </test-suite>
      <test-suite type="TestFixture" id="0-1286" name="SpecTypeIntUnaryOp" fullname="Kaitai.SpecTypeIntUnaryOp" classname="Kaitai.SpecTypeIntUnaryOp" runstate="Runnable" testcasecount="1" result="Passed" start-time="2019-11-03 11:52:40Z" end-time="2019-11-03 11:52:40Z" duration="0.003089" total="1" passed="1" failed="0" inconclusive="0" skipped="0" asserts="4">
        <test-case id="0-1287" name="TestTypeIntUnaryOp" fullname="Kaitai.SpecTypeIntUnaryOp.TestTypeIntUnaryOp" methodname="TestTypeIntUnaryOp" classname="Kaitai.SpecTypeIntUnaryOp" runstate="Runnable" seed="1486336799" result="Passed" start-time="2019-11-03 11:52:40Z" end-time="2019-11-03 11:52:40Z" duration="0.000638" asserts="4" />
      </test-suite>
      <test-suite type="TestFixture" id="0-1288" name="SpecTypeTernary" fullname="Kaitai.SpecTypeTernary" classname="Kaitai.SpecTypeTernary" runstate="Runnable" testcasecount="1" result="Passed" start-time="2019-11-03 11:52:40Z" end-time="2019-11-03 11:52:40Z" duration="0.003233" total="1" passed="1" failed="0" inconclusive="0" skipped="0" asserts="1">
        <test-case id="0-1289" name="TestTypeTernary" fullname="Kaitai.SpecTypeTernary.TestTypeTernary" methodname="TestTypeTernary" classname="Kaitai.SpecTypeTernary" runstate="Runnable" seed="1835687364" result="Passed" start-time="2019-11-03 11:52:40Z" end-time="2019-11-03 11:52:40Z" duration="0.000786" asserts="1" />
      </test-suite>
      <test-suite type="TestFixture" id="0-1290" name="SpecTypeTernaryOpaque" fullname="Kaitai.SpecTypeTernaryOpaque" classname="Kaitai.SpecTypeTernaryOpaque" runstate="Runnable" testcasecount="1" result="Passed" start-time="2019-11-03 11:52:40Z" end-time="2019-11-03 11:52:40Z" duration="0.003150" total="1" passed="1" failed="0" inconclusive="0" skipped="0" asserts="3">
        <test-case id="0-1291" name="TestTypeTernaryOpaque" fullname="Kaitai.SpecTypeTernaryOpaque.TestTypeTernaryOpaque" methodname="TestTypeTernaryOpaque" classname="Kaitai.SpecTypeTernaryOpaque" runstate="Runnable" seed="2064348539" result="Passed" start-time="2019-11-03 11:52:40Z" end-time="2019-11-03 11:52:40Z" duration="0.000673" asserts="3" />
      </test-suite>
      <test-suite type="TestFixture" id="0-1292" name="SpecUserType" fullname="Kaitai.SpecUserType" classname="Kaitai.SpecUserType" runstate="Runnable" testcasecount="1" result="Passed" start-time="2019-11-03 11:52:40Z" end-time="2019-11-03 11:52:40Z" duration="0.003020" total="1" passed="1" failed="0" inconclusive="0" skipped="0" asserts="2">
        <test-case id="0-1293" name="TestUserType" fullname="Kaitai.SpecUserType.TestUserType" methodname="TestUserType" classname="Kaitai.SpecUserType" runstate="Runnable" seed="218566253" result="Passed" start-time="2019-11-03 11:52:40Z" end-time="2019-11-03 11:52:40Z" duration="0.000555" asserts="2" />
      </test-suite>
      <test-suite type="TestFixture" id="0-1294" name="SpecValidFailEqBytes" fullname="Kaitai.SpecValidFailEqBytes" classname="Kaitai.SpecValidFailEqBytes" runstate="Runnable" testcasecount="1" result="Passed" start-time="2019-11-03 11:52:40Z" end-time="2019-11-03 11:52:40Z" duration="0.003690" total="1" passed="1" failed="0" inconclusive="0" skipped="0" asserts="1">
        <test-case id="0-1295" name="TestValidFailEqBytes" fullname="Kaitai.SpecValidFailEqBytes.TestValidFailEqBytes" methodname="TestValidFailEqBytes" classname="Kaitai.SpecValidFailEqBytes" runstate="Runnable" seed="119440504" result="Passed" start-time="2019-11-03 11:52:40Z" end-time="2019-11-03 11:52:40Z" duration="0.001219" asserts="1" />
      </test-suite>
      <test-suite type="TestFixture" id="0-1296" name="SpecValidFailEqInt" fullname="Kaitai.SpecValidFailEqInt" classname="Kaitai.SpecValidFailEqInt" runstate="Runnable" testcasecount="1" result="Passed" start-time="2019-11-03 11:52:40Z" end-time="2019-11-03 11:52:40Z" duration="0.003202" total="1" passed="1" failed="0" inconclusive="0" skipped="0" asserts="1">
        <test-case id="0-1297" name="TestValidFailEqInt" fullname="Kaitai.SpecValidFailEqInt.TestValidFailEqInt" methodname="TestValidFailEqInt" classname="Kaitai.SpecValidFailEqInt" runstate="Runnable" seed="675798255" result="Passed" start-time="2019-11-03 11:52:40Z" end-time="2019-11-03 11:52:40Z" duration="0.000735" asserts="1" />
      </test-suite>
      <test-suite type="TestFixture" id="0-1298" name="SpecValidShort" fullname="Kaitai.SpecValidShort" classname="Kaitai.SpecValidShort" runstate="Runnable" testcasecount="1" result="Passed" start-time="2019-11-03 11:52:40Z" end-time="2019-11-03 11:52:40Z" duration="0.003653" total="1" passed="1" failed="0" inconclusive="0" skipped="0" asserts="0">
        <test-case id="0-1299" name="TestValidShort" fullname="Kaitai.SpecValidShort.TestValidShort" methodname="TestValidShort" classname="Kaitai.SpecValidShort" runstate="Runnable" seed="1166923272" result="Passed" start-time="2019-11-03 11:52:40Z" end-time="2019-11-03 11:52:40Z" duration="0.001188" asserts="0" />
      </test-suite>
      <test-suite type="TestFixture" id="0-1300" name="SpecZlibWithHeader78" fullname="Kaitai.SpecZlibWithHeader78" classname="Kaitai.SpecZlibWithHeader78" runstate="Runnable" testcasecount="1" result="Passed" start-time="2019-11-03 11:52:40Z" end-time="2019-11-03 11:52:40Z" duration="0.007179" total="1" passed="1" failed="0" inconclusive="0" skipped="0" asserts="1">
        <test-case id="0-1301" name="TestZlibWithHeader78" fullname="Kaitai.SpecZlibWithHeader78.TestZlibWithHeader78" methodname="TestZlibWithHeader78" classname="Kaitai.SpecZlibWithHeader78" runstate="Runnable" seed="427383857" result="Passed" start-time="2019-11-03 11:52:40Z" end-time="2019-11-03 11:52:40Z" duration="0.004701" asserts="1" />
      </test-suite>
    </test-suite>
  </test-suite>
</test-run>