<?xml version="1.0" encoding="utf-8" standalone="no"?>
<test-run id="2" testcasecount="219" result="Failed" total="219" passed="218" failed="1" inconclusive="0" skipped="0" asserts="995" engine-version="3.4.1.0" clr-version="4.0.30319.42000" start-time="2022-05-06 21:43:30Z" end-time="2022-05-06 21:43:32Z" duration="1.554674">
  <command-line><![CDATA[/home/runner/work/ci_targets/ci_targets/tests/spec/csharp/packages/NUnit.ConsoleRunner.3.4.1/tools/nunit3-console.exe --result=test_out/csharp/TestResult.xml spec/csharp/kaitai_struct_csharp_tests/bin/Debug/kaitai_struct_csharp_tests.dll]]></command-line>
  <test-suite type="Assembly" id="0-1438" name="kaitai_struct_csharp_tests.dll" fullname="/home/runner/work/ci_targets/ci_targets/tests/spec/csharp/kaitai_struct_csharp_tests/bin/Debug/kaitai_struct_csharp_tests.dll" runstate="Runnable" testcasecount="219" result="Failed" site="Child" start-time="2022-05-06 21:43:30Z" end-time="2022-05-06 21:43:32Z" duration="1.442298" total="219" passed="218" failed="1" inconclusive="0" skipped="0" asserts="995">
    <environment framework-version="3.4.1.0" clr-version="4.0.30319.42000" os-version="Unix 5.13.0.1022" platform="Unix" cwd="/home/runner/work/ci_targets/ci_targets/tests" machine-name="fv-az90-458" user="runner" user-domain="fv-az90-458" culture="" uiculture="" os-architecture="x64" />
    <settings>
      <setting name="WorkDirectory" value="/home/runner/work/ci_targets/ci_targets/tests" />
      <setting name="ImageRuntimeVersion" value="4.0.30319" />
      <setting name="ImageTargetFrameworkName" value=".NETFramework,Version=v4.5" />
      <setting name="ImageRequiresX86" value="False" />
      <setting name="ImageRequiresDefaultAppDomainAssemblyResolver" value="False" />
      <setting name="NumberOfTestWorkers" value="2" />
    </settings>
    <properties>
      <property name="_PID" value="2341" />
      <property name="_APPDOMAIN" value="test-domain-" />
    </properties>
    <failure>
      <message><![CDATA[One or more child tests had errors]]></message>
    </failure>
    <test-suite type="TestSuite" id="0-1439" name="Kaitai" fullname="Kaitai" runstate="Runnable" testcasecount="219" result="Failed" site="Child" start-time="2022-05-06 21:43:30Z" end-time="2022-05-06 21:43:31Z" duration="1.428960" total="219" passed="218" failed="1" inconclusive="0" skipped="0" asserts="995">
      <failure>
        <message><![CDATA[One or more child tests had errors]]></message>
      </failure>
      <test-suite type="TestFixture" id="0-1000" name="SpecBcdUserTypeBe" fullname="Kaitai.SpecBcdUserTypeBe" classname="Kaitai.SpecBcdUserTypeBe" runstate="Runnable" testcasecount="1" result="Passed" start-time="2022-05-06 21:43:30Z" end-time="2022-05-06 21:43:30Z" duration="0.022831" total="1" passed="1" failed="0" inconclusive="0" skipped="0" asserts="6">
        <test-case id="0-1001" name="TestBcdUserTypeBe" fullname="Kaitai.SpecBcdUserTypeBe.TestBcdUserTypeBe" methodname="TestBcdUserTypeBe" classname="Kaitai.SpecBcdUserTypeBe" runstate="Runnable" seed="769248271" result="Passed" start-time="2022-05-06 21:43:30Z" end-time="2022-05-06 21:43:30Z" duration="0.014444" asserts="6" />
      </test-suite>
      <test-suite type="TestFixture" id="0-1002" name="SpecBcdUserTypeLe" fullname="Kaitai.SpecBcdUserTypeLe" classname="Kaitai.SpecBcdUserTypeLe" runstate="Runnable" testcasecount="1" result="Passed" start-time="2022-05-06 21:43:30Z" end-time="2022-05-06 21:43:30Z" duration="0.004939" total="1" passed="1" failed="0" inconclusive="0" skipped="0" asserts="6">
        <test-case id="0-1003" name="TestBcdUserTypeLe" fullname="Kaitai.SpecBcdUserTypeLe.TestBcdUserTypeLe" methodname="TestBcdUserTypeLe" classname="Kaitai.SpecBcdUserTypeLe" runstate="Runnable" seed="216057589" result="Passed" start-time="2022-05-06 21:43:30Z" end-time="2022-05-06 21:43:30Z" duration="0.002536" asserts="6" />
      </test-suite>
      <test-suite type="TestFixture" id="0-1004" name="SpecBitsByteAligned" fullname="Kaitai.SpecBitsByteAligned" classname="Kaitai.SpecBitsByteAligned" runstate="Runnable" testcasecount="1" result="Passed" start-time="2022-05-06 21:43:30Z" end-time="2022-05-06 21:43:30Z" duration="0.005736" total="1" passed="1" failed="0" inconclusive="0" skipped="0" asserts="9">
        <test-case id="0-1005" name="TestBitsByteAligned" fullname="Kaitai.SpecBitsByteAligned.TestBitsByteAligned" methodname="TestBitsByteAligned" classname="Kaitai.SpecBitsByteAligned" runstate="Runnable" seed="397445741" result="Passed" start-time="2022-05-06 21:43:30Z" end-time="2022-05-06 21:43:30Z" duration="0.003327" asserts="9" />
      </test-suite>
      <test-suite type="TestFixture" id="0-1006" name="SpecBitsEnum" fullname="Kaitai.SpecBitsEnum" classname="Kaitai.SpecBitsEnum" runstate="Runnable" testcasecount="1" result="Passed" start-time="2022-05-06 21:43:30Z" end-time="2022-05-06 21:43:30Z" duration="0.003051" total="1" passed="1" failed="0" inconclusive="0" skipped="0" asserts="3">
        <test-case id="0-1007" name="TestBitsEnum" fullname="Kaitai.SpecBitsEnum.TestBitsEnum" methodname="TestBitsEnum" classname="Kaitai.SpecBitsEnum" runstate="Runnable" seed="980860941" result="Passed" start-time="2022-05-06 21:43:30Z" end-time="2022-05-06 21:43:30Z" duration="0.000695" asserts="3" />
      </test-suite>
      <test-suite type="TestFixture" id="0-1008" name="SpecBitsSeqEndianCombo" fullname="Kaitai.SpecBitsSeqEndianCombo" classname="Kaitai.SpecBitsSeqEndianCombo" runstate="Runnable" testcasecount="1" result="Passed" start-time="2022-05-06 21:43:30Z" end-time="2022-05-06 21:43:30Z" duration="0.005072" total="1" passed="1" failed="0" inconclusive="0" skipped="0" asserts="8">
        <test-case id="0-1009" name="TestBitsSeqEndianCombo" fullname="Kaitai.SpecBitsSeqEndianCombo.TestBitsSeqEndianCombo" methodname="TestBitsSeqEndianCombo" classname="Kaitai.SpecBitsSeqEndianCombo" runstate="Runnable" seed="325518690" result="Passed" start-time="2022-05-06 21:43:30Z" end-time="2022-05-06 21:43:30Z" duration="0.001749" asserts="8" />
      </test-suite>
      <test-suite type="TestFixture" id="0-1010" name="SpecBitsShiftByB32Le" fullname="Kaitai.SpecBitsShiftByB32Le" classname="Kaitai.SpecBitsShiftByB32Le" runstate="Runnable" testcasecount="1" result="Passed" start-time="2022-05-06 21:43:30Z" end-time="2022-05-06 21:43:30Z" duration="0.002839" total="1" passed="1" failed="0" inconclusive="0" skipped="0" asserts="2">
        <test-case id="0-1011" name="TestBitsShiftByB32Le" fullname="Kaitai.SpecBitsShiftByB32Le.TestBitsShiftByB32Le" methodname="TestBitsShiftByB32Le" classname="Kaitai.SpecBitsShiftByB32Le" runstate="Runnable" seed="835446906" result="Passed" start-time="2022-05-06 21:43:30Z" end-time="2022-05-06 21:43:30Z" duration="0.000432" asserts="2" />
      </test-suite>
      <test-suite type="TestFixture" id="0-1012" name="SpecBitsShiftByB64Le" fullname="Kaitai.SpecBitsShiftByB64Le" classname="Kaitai.SpecBitsShiftByB64Le" runstate="Runnable" testcasecount="1" result="Passed" start-time="2022-05-06 21:43:30Z" end-time="2022-05-06 21:43:30Z" duration="0.002780" total="1" passed="1" failed="0" inconclusive="0" skipped="0" asserts="2">
        <test-case id="0-1013" name="TestBitsShiftByB64Le" fullname="Kaitai.SpecBitsShiftByB64Le.TestBitsShiftByB64Le" methodname="TestBitsShiftByB64Le" classname="Kaitai.SpecBitsShiftByB64Le" runstate="Runnable" seed="468828767" result="Passed" start-time="2022-05-06 21:43:30Z" end-time="2022-05-06 21:43:30Z" duration="0.000380" asserts="2" />
      </test-suite>
      <test-suite type="TestFixture" id="0-1014" name="SpecBitsSignedResB32Be" fullname="Kaitai.SpecBitsSignedResB32Be" classname="Kaitai.SpecBitsSignedResB32Be" runstate="Runnable" testcasecount="1" result="Passed" start-time="2022-05-06 21:43:30Z" end-time="2022-05-06 21:43:30Z" duration="0.002744" total="1" passed="1" failed="0" inconclusive="0" skipped="0" asserts="1">
        <test-case id="0-1015" name="TestBitsSignedResB32Be" fullname="Kaitai.SpecBitsSignedResB32Be.TestBitsSignedResB32Be" methodname="TestBitsSignedResB32Be" classname="Kaitai.SpecBitsSignedResB32Be" runstate="Runnable" seed="1545323601" result="Passed" start-time="2022-05-06 21:43:30Z" end-time="2022-05-06 21:43:30Z" duration="0.000342" asserts="1" />
      </test-suite>
      <test-suite type="TestFixture" id="0-1016" name="SpecBitsSignedResB32Le" fullname="Kaitai.SpecBitsSignedResB32Le" classname="Kaitai.SpecBitsSignedResB32Le" runstate="Runnable" testcasecount="1" result="Passed" start-time="2022-05-06 21:43:30Z" end-time="2022-05-06 21:43:30Z" duration="0.002742" total="1" passed="1" failed="0" inconclusive="0" skipped="0" asserts="1">
        <test-case id="0-1017" name="TestBitsSignedResB32Le" fullname="Kaitai.SpecBitsSignedResB32Le.TestBitsSignedResB32Le" methodname="TestBitsSignedResB32Le" classname="Kaitai.SpecBitsSignedResB32Le" runstate="Runnable" seed="1541243985" result="Passed" start-time="2022-05-06 21:43:30Z" end-time="2022-05-06 21:43:30Z" duration="0.000342" asserts="1" />
      </test-suite>
      <test-suite type="TestFixture" id="0-1018" name="SpecBitsSignedShiftB32Le" fullname="Kaitai.SpecBitsSignedShiftB32Le" classname="Kaitai.SpecBitsSignedShiftB32Le" runstate="Runnable" testcasecount="1" result="Passed" start-time="2022-05-06 21:43:30Z" end-time="2022-05-06 21:43:30Z" duration="0.002813" total="1" passed="1" failed="0" inconclusive="0" skipped="0" asserts="2">
        <test-case id="0-1019" name="TestBitsSignedShiftB32Le" fullname="Kaitai.SpecBitsSignedShiftB32Le.TestBitsSignedShiftB32Le" methodname="TestBitsSignedShiftB32Le" classname="Kaitai.SpecBitsSignedShiftB32Le" runstate="Runnable" seed="842845391" result="Passed" start-time="2022-05-06 21:43:30Z" end-time="2022-05-06 21:43:30Z" duration="0.000385" asserts="2" />
      </test-suite>
      <test-suite type="TestFixture" id="0-1020" name="SpecBitsSignedShiftB64Le" fullname="Kaitai.SpecBitsSignedShiftB64Le" classname="Kaitai.SpecBitsSignedShiftB64Le" runstate="Runnable" testcasecount="1" result="Passed" start-time="2022-05-06 21:43:30Z" end-time="2022-05-06 21:43:30Z" duration="0.002793" total="1" passed="1" failed="0" inconclusive="0" skipped="0" asserts="2">
        <test-case id="0-1021" name="TestBitsSignedShiftB64Le" fullname="Kaitai.SpecBitsSignedShiftB64Le.TestBitsSignedShiftB64Le" methodname="TestBitsSignedShiftB64Le" classname="Kaitai.SpecBitsSignedShiftB64Le" runstate="Runnable" seed="1819276980" result="Passed" start-time="2022-05-06 21:43:30Z" end-time="2022-05-06 21:43:30Z" duration="0.000379" asserts="2" />
      </test-suite>
      <test-suite type="TestFixture" id="0-1022" name="SpecBitsSimple" fullname="Kaitai.SpecBitsSimple" classname="Kaitai.SpecBitsSimple" runstate="Runnable" testcasecount="1" result="Passed" start-time="2022-05-06 21:43:30Z" end-time="2022-05-06 21:43:30Z" duration="0.004257" total="1" passed="1" failed="0" inconclusive="0" skipped="0" asserts="14">
        <test-case id="0-1023" name="TestBitsSimple" fullname="Kaitai.SpecBitsSimple.TestBitsSimple" methodname="TestBitsSimple" classname="Kaitai.SpecBitsSimple" runstate="Runnable" seed="1773714776" result="Passed" start-time="2022-05-06 21:43:30Z" end-time="2022-05-06 21:43:30Z" duration="0.001867" asserts="14" />
      </test-suite>
      <test-suite type="TestFixture" id="0-1024" name="SpecBitsSimpleLe" fullname="Kaitai.SpecBitsSimpleLe" classname="Kaitai.SpecBitsSimpleLe" runstate="Runnable" testcasecount="1" result="Passed" start-time="2022-05-06 21:43:30Z" end-time="2022-05-06 21:43:30Z" duration="0.003337" total="1" passed="1" failed="0" inconclusive="0" skipped="0" asserts="14">
        <test-case id="0-1025" name="TestBitsSimpleLe" fullname="Kaitai.SpecBitsSimpleLe.TestBitsSimpleLe" methodname="TestBitsSimpleLe" classname="Kaitai.SpecBitsSimpleLe" runstate="Runnable" seed="701104216" result="Passed" start-time="2022-05-06 21:43:30Z" end-time="2022-05-06 21:43:30Z" duration="0.000948" asserts="14" />
      </test-suite>
      <test-suite type="TestFixture" id="0-1026" name="SpecBitsUnalignedB32Be" fullname="Kaitai.SpecBitsUnalignedB32Be" classname="Kaitai.SpecBitsUnalignedB32Be" runstate="Runnable" testcasecount="1" result="Passed" start-time="2022-05-06 21:43:30Z" end-time="2022-05-06 21:43:30Z" duration="0.005904" total="1" passed="1" failed="0" inconclusive="0" skipped="0" asserts="3">
        <test-case id="0-1027" name="TestBitsUnalignedB32Be" fullname="Kaitai.SpecBitsUnalignedB32Be.TestBitsUnalignedB32Be" methodname="TestBitsUnalignedB32Be" classname="Kaitai.SpecBitsUnalignedB32Be" runstate="Runnable" seed="2124610637" result="Passed" start-time="2022-05-06 21:43:30Z" end-time="2022-05-06 21:43:30Z" duration="0.000442" asserts="3" />
      </test-suite>
      <test-suite type="TestFixture" id="0-1028" name="SpecBitsUnalignedB32Le" fullname="Kaitai.SpecBitsUnalignedB32Le" classname="Kaitai.SpecBitsUnalignedB32Le" runstate="Runnable" testcasecount="1" result="Passed" start-time="2022-05-06 21:43:30Z" end-time="2022-05-06 21:43:30Z" duration="0.003217" total="1" passed="1" failed="0" inconclusive="0" skipped="0" asserts="3">
        <test-case id="0-1029" name="TestBitsUnalignedB32Le" fullname="Kaitai.SpecBitsUnalignedB32Le.TestBitsUnalignedB32Le" methodname="TestBitsUnalignedB32Le" classname="Kaitai.SpecBitsUnalignedB32Le" runstate="Runnable" seed="495478974" result="Passed" start-time="2022-05-06 21:43:30Z" end-time="2022-05-06 21:43:30Z" duration="0.000804" asserts="3" />
      </test-suite>
      <test-suite type="TestFixture" id="0-1030" name="SpecBitsUnalignedB64Be" fullname="Kaitai.SpecBitsUnalignedB64Be" classname="Kaitai.SpecBitsUnalignedB64Be" runstate="Runnable" testcasecount="1" result="Passed" start-time="2022-05-06 21:43:30Z" end-time="2022-05-06 21:43:30Z" duration="0.002836" total="1" passed="1" failed="0" inconclusive="0" skipped="0" asserts="3">
        <test-case id="0-1031" name="TestBitsUnalignedB64Be" fullname="Kaitai.SpecBitsUnalignedB64Be.TestBitsUnalignedB64Be" methodname="TestBitsUnalignedB64Be" classname="Kaitai.SpecBitsUnalignedB64Be" runstate="Runnable" seed="1419020212" result="Passed" start-time="2022-05-06 21:43:30Z" end-time="2022-05-06 21:43:30Z" duration="0.000449" asserts="3" />
      </test-suite>
      <test-suite type="TestFixture" id="0-1032" name="SpecBitsUnalignedB64Le" fullname="Kaitai.SpecBitsUnalignedB64Le" classname="Kaitai.SpecBitsUnalignedB64Le" runstate="Runnable" testcasecount="1" result="Passed" start-time="2022-05-06 21:43:30Z" end-time="2022-05-06 21:43:30Z" duration="0.002777" total="1" passed="1" failed="0" inconclusive="0" skipped="0" asserts="3">
        <test-case id="0-1033" name="TestBitsUnalignedB64Le" fullname="Kaitai.SpecBitsUnalignedB64Le.TestBitsUnalignedB64Le" methodname="TestBitsUnalignedB64Le" classname="Kaitai.SpecBitsUnalignedB64Le" runstate="Runnable" seed="321953823" result="Passed" start-time="2022-05-06 21:43:30Z" end-time="2022-05-06 21:43:30Z" duration="0.000432" asserts="3" />
      </test-suite>
      <test-suite type="TestFixture" id="0-1034" name="SpecBufferedStruct" fullname="Kaitai.SpecBufferedStruct" classname="Kaitai.SpecBufferedStruct" runstate="Runnable" testcasecount="1" result="Passed" start-time="2022-05-06 21:43:30Z" end-time="2022-05-06 21:43:30Z" duration="0.003717" total="1" passed="1" failed="0" inconclusive="0" skipped="0" asserts="7">
        <test-case id="0-1035" name="TestBufferedStruct" fullname="Kaitai.SpecBufferedStruct.TestBufferedStruct" methodname="TestBufferedStruct" classname="Kaitai.SpecBufferedStruct" runstate="Runnable" seed="353632464" result="Passed" start-time="2022-05-06 21:43:30Z" end-time="2022-05-06 21:43:30Z" duration="0.001336" asserts="7" />
      </test-suite>
      <test-suite type="TestFixture" id="0-1036" name="SpecBytesPadTerm" fullname="Kaitai.SpecBytesPadTerm" classname="Kaitai.SpecBytesPadTerm" runstate="Runnable" testcasecount="1" result="Passed" start-time="2022-05-06 21:43:30Z" end-time="2022-05-06 21:43:30Z" duration="0.003555" total="1" passed="1" failed="0" inconclusive="0" skipped="0" asserts="4">
        <test-case id="0-1037" name="TestBytesPadTerm" fullname="Kaitai.SpecBytesPadTerm.TestBytesPadTerm" methodname="TestBytesPadTerm" classname="Kaitai.SpecBytesPadTerm" runstate="Runnable" seed="197614977" result="Passed" start-time="2022-05-06 21:43:30Z" end-time="2022-05-06 21:43:30Z" duration="0.000748" asserts="4" />
      </test-suite>
      <test-suite type="TestFixture" id="0-1038" name="SpecCastNested" fullname="Kaitai.SpecCastNested" classname="Kaitai.SpecCastNested" runstate="Runnable" testcasecount="1" result="Passed" start-time="2022-05-06 21:43:30Z" end-time="2022-05-06 21:43:30Z" duration="0.023934" total="1" passed="1" failed="0" inconclusive="0" skipped="0" asserts="4">
        <test-case id="0-1039" name="TestCastNested" fullname="Kaitai.SpecCastNested.TestCastNested" methodname="TestCastNested" classname="Kaitai.SpecCastNested" runstate="Runnable" seed="668884721" result="Passed" start-time="2022-05-06 21:43:30Z" end-time="2022-05-06 21:43:30Z" duration="0.021374" asserts="4" />
      </test-suite>
      <test-suite type="TestFixture" id="0-1040" name="SpecCastToImported" fullname="Kaitai.SpecCastToImported" classname="Kaitai.SpecCastToImported" runstate="Runnable" testcasecount="1" result="Passed" start-time="2022-05-06 21:43:30Z" end-time="2022-05-06 21:43:30Z" duration="0.003006" total="1" passed="1" failed="0" inconclusive="0" skipped="0" asserts="2">
        <test-case id="0-1041" name="TestCastToImported" fullname="Kaitai.SpecCastToImported.TestCastToImported" methodname="TestCastToImported" classname="Kaitai.SpecCastToImported" runstate="Runnable" seed="666947595" result="Passed" start-time="2022-05-06 21:43:30Z" end-time="2022-05-06 21:43:30Z" duration="0.000583" asserts="2" />
      </test-suite>
      <test-suite type="TestFixture" id="0-1042" name="SpecCastToTop" fullname="Kaitai.SpecCastToTop" classname="Kaitai.SpecCastToTop" runstate="Runnable" testcasecount="1" result="Passed" start-time="2022-05-06 21:43:30Z" end-time="2022-05-06 21:43:30Z" duration="0.003703" total="1" passed="1" failed="0" inconclusive="0" skipped="0" asserts="3">
        <test-case id="0-1043" name="TestCastToTop" fullname="Kaitai.SpecCastToTop.TestCastToTop" methodname="TestCastToTop" classname="Kaitai.SpecCastToTop" runstate="Runnable" seed="544421350" result="Passed" start-time="2022-05-06 21:43:30Z" end-time="2022-05-06 21:43:30Z" duration="0.000996" asserts="3" />
      </test-suite>
      <test-suite type="TestFixture" id="0-1044" name="SpecCombineBool" fullname="Kaitai.SpecCombineBool" classname="Kaitai.SpecCombineBool" runstate="Runnable" testcasecount="1" result="Passed" start-time="2022-05-06 21:43:30Z" end-time="2022-05-06 21:43:30Z" duration="0.002891" total="1" passed="1" failed="0" inconclusive="0" skipped="0" asserts="2">
        <test-case id="0-1045" name="TestCombineBool" fullname="Kaitai.SpecCombineBool.TestCombineBool" methodname="TestCombineBool" classname="Kaitai.SpecCombineBool" runstate="Runnable" seed="2086042560" result="Passed" start-time="2022-05-06 21:43:30Z" end-time="2022-05-06 21:43:30Z" duration="0.000506" asserts="2" />
      </test-suite>
      <test-suite type="TestFixture" id="0-1046" name="SpecCombineBytes" fullname="Kaitai.SpecCombineBytes" classname="Kaitai.SpecCombineBytes" runstate="Runnable" testcasecount="1" result="Passed" start-time="2022-05-06 21:43:30Z" end-time="2022-05-06 21:43:30Z" duration="0.003367" total="1" passed="1" failed="0" inconclusive="0" skipped="0" asserts="10">
        <test-case id="0-1047" name="TestCombineBytes" fullname="Kaitai.SpecCombineBytes.TestCombineBytes" methodname="TestCombineBytes" classname="Kaitai.SpecCombineBytes" runstate="Runnable" seed="1064650321" result="Passed" start-time="2022-05-06 21:43:30Z" end-time="2022-05-06 21:43:30Z" duration="0.000979" asserts="10" />
      </test-suite>
      <test-suite type="TestFixture" id="0-1048" name="SpecCombineEnum" fullname="Kaitai.SpecCombineEnum" classname="Kaitai.SpecCombineEnum" runstate="Runnable" testcasecount="1" result="Passed" start-time="2022-05-06 21:43:30Z" end-time="2022-05-06 21:43:30Z" duration="0.002985" total="1" passed="1" failed="0" inconclusive="0" skipped="0" asserts="3">
        <test-case id="0-1049" name="TestCombineEnum" fullname="Kaitai.SpecCombineEnum.TestCombineEnum" methodname="TestCombineEnum" classname="Kaitai.SpecCombineEnum" runstate="Runnable" seed="923803274" result="Passed" start-time="2022-05-06 21:43:30Z" end-time="2022-05-06 21:43:30Z" duration="0.000595" asserts="3" />
      </test-suite>
      <test-suite type="TestFixture" id="0-1050" name="SpecCombineStr" fullname="Kaitai.SpecCombineStr" classname="Kaitai.SpecCombineStr" runstate="Runnable" testcasecount="1" result="Passed" start-time="2022-05-06 21:43:30Z" end-time="2022-05-06 21:43:30Z" duration="0.003539" total="1" passed="1" failed="0" inconclusive="0" skipped="0" asserts="15">
        <test-case id="0-1051" name="TestCombineStr" fullname="Kaitai.SpecCombineStr.TestCombineStr" methodname="TestCombineStr" classname="Kaitai.SpecCombineStr" runstate="Runnable" seed="1008849424" result="Passed" start-time="2022-05-06 21:43:30Z" end-time="2022-05-06 21:43:30Z" duration="0.001157" asserts="15" />
      </test-suite>
      <test-suite type="TestFixture" id="0-1052" name="SpecDebug0" fullname="Kaitai.SpecDebug0" classname="Kaitai.SpecDebug0" runstate="Runnable" testcasecount="1" result="Passed" start-time="2022-05-06 21:43:30Z" end-time="2022-05-06 21:43:30Z" duration="0.002445" total="1" passed="1" failed="0" inconclusive="0" skipped="0" asserts="0">
        <test-case id="0-1053" name="TestDebug0" fullname="Kaitai.SpecDebug0.TestDebug0" methodname="TestDebug0" classname="Kaitai.SpecDebug0" runstate="Runnable" seed="985047708" result="Passed" start-time="2022-05-06 21:43:30Z" end-time="2022-05-06 21:43:30Z" duration="0.000068" asserts="0" />
      </test-suite>
      <test-suite type="TestFixture" id="0-1054" name="SpecDebugArrayUser" fullname="Kaitai.SpecDebugArrayUser" classname="Kaitai.SpecDebugArrayUser" runstate="Runnable" testcasecount="1" result="Passed" start-time="2022-05-06 21:43:30Z" end-time="2022-05-06 21:43:30Z" duration="0.003336" total="1" passed="1" failed="0" inconclusive="0" skipped="0" asserts="4">
        <test-case id="0-1055" name="TestDebugArrayUser" fullname="Kaitai.SpecDebugArrayUser.TestDebugArrayUser" methodname="TestDebugArrayUser" classname="Kaitai.SpecDebugArrayUser" runstate="Runnable" seed="1509335575" result="Passed" start-time="2022-05-06 21:43:30Z" end-time="2022-05-06 21:43:30Z" duration="0.000903" asserts="4" />
      </test-suite>
      <test-suite type="TestFixture" id="0-1056" name="SpecDebugEnumName" fullname="Kaitai.SpecDebugEnumName" classname="Kaitai.SpecDebugEnumName" runstate="Runnable" testcasecount="1" result="Passed" start-time="2022-05-06 21:43:30Z" end-time="2022-05-06 21:43:30Z" duration="0.002442" total="1" passed="1" failed="0" inconclusive="0" skipped="0" asserts="0">
        <test-case id="0-1057" name="TestDebugEnumName" fullname="Kaitai.SpecDebugEnumName.TestDebugEnumName" methodname="TestDebugEnumName" classname="Kaitai.SpecDebugEnumName" runstate="Runnable" seed="447975894" result="Passed" start-time="2022-05-06 21:43:30Z" end-time="2022-05-06 21:43:30Z" duration="0.000066" asserts="0" />
      </test-suite>
      <test-suite type="TestFixture" id="0-1058" name="SpecDebugSwitchUser" fullname="Kaitai.SpecDebugSwitchUser" classname="Kaitai.SpecDebugSwitchUser" runstate="Runnable" testcasecount="1" result="Passed" start-time="2022-05-06 21:43:30Z" end-time="2022-05-06 21:43:30Z" duration="0.003034" total="1" passed="1" failed="0" inconclusive="0" skipped="0" asserts="2">
        <test-case id="0-1059" name="TestDebugSwitchUser" fullname="Kaitai.SpecDebugSwitchUser.TestDebugSwitchUser" methodname="TestDebugSwitchUser" classname="Kaitai.SpecDebugSwitchUser" runstate="Runnable" seed="1426989046" result="Passed" start-time="2022-05-06 21:43:30Z" end-time="2022-05-06 21:43:30Z" duration="0.000653" asserts="2" />
      </test-suite>
      <test-suite type="TestFixture" id="0-1060" name="SpecDefaultBigEndian" fullname="Kaitai.SpecDefaultBigEndian" classname="Kaitai.SpecDefaultBigEndian" runstate="Runnable" testcasecount="1" result="Passed" start-time="2022-05-06 21:43:30Z" end-time="2022-05-06 21:43:30Z" duration="0.002980" total="1" passed="1" failed="0" inconclusive="0" skipped="0" asserts="1">
        <test-case id="0-1061" name="TestDefaultBigEndian" fullname="Kaitai.SpecDefaultBigEndian.TestDefaultBigEndian" methodname="TestDefaultBigEndian" classname="Kaitai.SpecDefaultBigEndian" runstate="Runnable" seed="409198496" result="Passed" start-time="2022-05-06 21:43:30Z" end-time="2022-05-06 21:43:30Z" duration="0.000408" asserts="1" />
      </test-suite>
      <test-suite type="TestFixture" id="0-1062" name="SpecDefaultBitEndianMod" fullname="Kaitai.SpecDefaultBitEndianMod" classname="Kaitai.SpecDefaultBitEndianMod" runstate="Runnable" testcasecount="1" result="Passed" start-time="2022-05-06 21:43:30Z" end-time="2022-05-06 21:43:30Z" duration="0.003133" total="1" passed="1" failed="0" inconclusive="0" skipped="0" asserts="4">
        <test-case id="0-1063" name="TestDefaultBitEndianMod" fullname="Kaitai.SpecDefaultBitEndianMod.TestDefaultBitEndianMod" methodname="TestDefaultBitEndianMod" classname="Kaitai.SpecDefaultBitEndianMod" runstate="Runnable" seed="931231852" result="Passed" start-time="2022-05-06 21:43:30Z" end-time="2022-05-06 21:43:30Z" duration="0.000753" asserts="4" />
      </test-suite>
      <test-suite type="TestFixture" id="0-1064" name="SpecDefaultEndianExprException" fullname="Kaitai.SpecDefaultEndianExprException" classname="Kaitai.SpecDefaultEndianExprException" runstate="Runnable" testcasecount="1" result="Passed" start-time="2022-05-06 21:43:30Z" end-time="2022-05-06 21:43:30Z" duration="0.006516" total="1" passed="1" failed="0" inconclusive="0" skipped="0" asserts="1">
        <test-case id="0-1065" name="TestDefaultEndianExprException" fullname="Kaitai.SpecDefaultEndianExprException.TestDefaultEndianExprException" methodname="TestDefaultEndianExprException" classname="Kaitai.SpecDefaultEndianExprException" runstate="Runnable" seed="1167701358" result="Passed" start-time="2022-05-06 21:43:30Z" end-time="2022-05-06 21:43:30Z" duration="0.004120" asserts="1" />
      </test-suite>
      <test-suite type="TestFixture" id="0-1066" name="SpecDefaultEndianExprInherited" fullname="Kaitai.SpecDefaultEndianExprInherited" classname="Kaitai.SpecDefaultEndianExprInherited" runstate="Runnable" testcasecount="1" result="Passed" start-time="2022-05-06 21:43:30Z" end-time="2022-05-06 21:43:30Z" duration="0.005425" total="1" passed="1" failed="0" inconclusive="0" skipped="0" asserts="15">
        <test-case id="0-1067" name="TestDefaultEndianExprInherited" fullname="Kaitai.SpecDefaultEndianExprInherited.TestDefaultEndianExprInherited" methodname="TestDefaultEndianExprInherited" classname="Kaitai.SpecDefaultEndianExprInherited" runstate="Runnable" seed="1221741217" result="Passed" start-time="2022-05-06 21:43:30Z" end-time="2022-05-06 21:43:30Z" duration="0.002994" asserts="15" />
      </test-suite>
      <test-suite type="TestFixture" id="0-1068" name="SpecDefaultEndianExprIsBe" fullname="Kaitai.SpecDefaultEndianExprIsBe" classname="Kaitai.SpecDefaultEndianExprIsBe" runstate="Runnable" testcasecount="1" result="Passed" start-time="2022-05-06 21:43:30Z" end-time="2022-05-06 21:43:30Z" duration="0.004996" total="1" passed="1" failed="0" inconclusive="0" skipped="0" asserts="18">
        <test-case id="0-1069" name="TestDefaultEndianExprIsBe" fullname="Kaitai.SpecDefaultEndianExprIsBe.TestDefaultEndianExprIsBe" methodname="TestDefaultEndianExprIsBe" classname="Kaitai.SpecDefaultEndianExprIsBe" runstate="Runnable" seed="136567928" result="Passed" start-time="2022-05-06 21:43:30Z" end-time="2022-05-06 21:43:30Z" duration="0.002602" asserts="18" />
      </test-suite>
      <test-suite type="TestFixture" id="0-1070" name="SpecDefaultEndianExprIsLe" fullname="Kaitai.SpecDefaultEndianExprIsLe" classname="Kaitai.SpecDefaultEndianExprIsLe" runstate="Runnable" testcasecount="1" result="Passed" start-time="2022-05-06 21:43:30Z" end-time="2022-05-06 21:43:30Z" duration="0.004119" total="1" passed="1" failed="0" inconclusive="0" skipped="0" asserts="12">
        <test-case id="0-1071" name="TestDefaultEndianExprIsLe" fullname="Kaitai.SpecDefaultEndianExprIsLe.TestDefaultEndianExprIsLe" methodname="TestDefaultEndianExprIsLe" classname="Kaitai.SpecDefaultEndianExprIsLe" runstate="Runnable" seed="2076506172" result="Passed" start-time="2022-05-06 21:43:30Z" end-time="2022-05-06 21:43:30Z" duration="0.001671" asserts="12" />
      </test-suite>
      <test-suite type="TestFixture" id="0-1072" name="SpecDefaultEndianMod" fullname="Kaitai.SpecDefaultEndianMod" classname="Kaitai.SpecDefaultEndianMod" runstate="Runnable" testcasecount="1" result="Passed" start-time="2022-05-06 21:43:30Z" end-time="2022-05-06 21:43:30Z" duration="0.003624" total="1" passed="1" failed="0" inconclusive="0" skipped="0" asserts="3">
        <test-case id="0-1073" name="TestDefaultEndianMod" fullname="Kaitai.SpecDefaultEndianMod.TestDefaultEndianMod" methodname="TestDefaultEndianMod" classname="Kaitai.SpecDefaultEndianMod" runstate="Runnable" seed="366795411" result="Passed" start-time="2022-05-06 21:43:30Z" end-time="2022-05-06 21:43:30Z" duration="0.000796" asserts="3" />
      </test-suite>
      <test-suite type="TestFixture" id="0-1074" name="SpecDocstrings" fullname="Kaitai.SpecDocstrings" classname="Kaitai.SpecDocstrings" runstate="Runnable" testcasecount="1" result="Passed" start-time="2022-05-06 21:43:30Z" end-time="2022-05-06 21:43:30Z" duration="0.003007" total="1" passed="1" failed="0" inconclusive="0" skipped="0" asserts="0">
        <test-case id="0-1075" name="TestDocstrings" fullname="Kaitai.SpecDocstrings.TestDocstrings" methodname="TestDocstrings" classname="Kaitai.SpecDocstrings" runstate="Runnable" seed="1761954070" result="Passed" start-time="2022-05-06 21:43:30Z" end-time="2022-05-06 21:43:30Z" duration="0.000591" asserts="0" />
      </test-suite>
      <test-suite type="TestFixture" id="0-1076" name="SpecDocstringsDocref" fullname="Kaitai.SpecDocstringsDocref" classname="Kaitai.SpecDocstringsDocref" runstate="Runnable" testcasecount="1" result="Passed" start-time="2022-05-06 21:43:30Z" end-time="2022-05-06 21:43:30Z" duration="0.003095" total="1" passed="1" failed="0" inconclusive="0" skipped="0" asserts="0">
        <test-case id="0-1077" name="TestDocstringsDocref" fullname="Kaitai.SpecDocstringsDocref.TestDocstringsDocref" methodname="TestDocstringsDocref" classname="Kaitai.SpecDocstringsDocref" runstate="Runnable" seed="956597309" result="Passed" start-time="2022-05-06 21:43:30Z" end-time="2022-05-06 21:43:30Z" duration="0.000343" asserts="0" />
      </test-suite>
      <test-suite type="TestFixture" id="0-1078" name="SpecDocstringsDocrefMulti" fullname="Kaitai.SpecDocstringsDocrefMulti" classname="Kaitai.SpecDocstringsDocrefMulti" runstate="Runnable" testcasecount="1" result="Passed" start-time="2022-05-06 21:43:30Z" end-time="2022-05-06 21:43:30Z" duration="0.002660" total="1" passed="1" failed="0" inconclusive="0" skipped="0" asserts="0">
        <test-case id="0-1079" name="TestDocstringsDocrefMulti" fullname="Kaitai.SpecDocstringsDocrefMulti.TestDocstringsDocrefMulti" methodname="TestDocstringsDocrefMulti" classname="Kaitai.SpecDocstringsDocrefMulti" runstate="Runnable" seed="1550131320" result="Passed" start-time="2022-05-06 21:43:30Z" end-time="2022-05-06 21:43:30Z" duration="0.000273" asserts="0" />
      </test-suite>
      <test-suite type="TestFixture" id="0-1080" name="SpecEnum0" fullname="Kaitai.SpecEnum0" classname="Kaitai.SpecEnum0" runstate="Runnable" testcasecount="1" result="Passed" start-time="2022-05-06 21:43:30Z" end-time="2022-05-06 21:43:30Z" duration="0.003667" total="1" passed="1" failed="0" inconclusive="0" skipped="0" asserts="2">
        <test-case id="0-1081" name="TestEnum0" fullname="Kaitai.SpecEnum0.TestEnum0" methodname="TestEnum0" classname="Kaitai.SpecEnum0" runstate="Runnable" seed="2102931581" result="Passed" start-time="2022-05-06 21:43:30Z" end-time="2022-05-06 21:43:30Z" duration="0.000867" asserts="2" />
      </test-suite>
      <test-suite type="TestFixture" id="0-1082" name="SpecEnum1" fullname="Kaitai.SpecEnum1" classname="Kaitai.SpecEnum1" runstate="Runnable" testcasecount="1" result="Passed" start-time="2022-05-06 21:43:30Z" end-time="2022-05-06 21:43:30Z" duration="0.003000" total="1" passed="1" failed="0" inconclusive="0" skipped="0" asserts="2">
        <test-case id="0-1083" name="TestEnum1" fullname="Kaitai.SpecEnum1.TestEnum1" methodname="TestEnum1" classname="Kaitai.SpecEnum1" runstate="Runnable" seed="2116749938" result="Passed" start-time="2022-05-06 21:43:30Z" end-time="2022-05-06 21:43:30Z" duration="0.000611" asserts="2" />
      </test-suite>
      <test-suite type="TestFixture" id="0-1084" name="SpecEnumDeep" fullname="Kaitai.SpecEnumDeep" classname="Kaitai.SpecEnumDeep" runstate="Runnable" testcasecount="1" result="Passed" start-time="2022-05-06 21:43:30Z" end-time="2022-05-06 21:43:30Z" duration="0.002815" total="1" passed="1" failed="0" inconclusive="0" skipped="0" asserts="2">
        <test-case id="0-1085" name="TestEnumDeep" fullname="Kaitai.SpecEnumDeep.TestEnumDeep" methodname="TestEnumDeep" classname="Kaitai.SpecEnumDeep" runstate="Runnable" seed="889458228" result="Passed" start-time="2022-05-06 21:43:30Z" end-time="2022-05-06 21:43:30Z" duration="0.000426" asserts="2" />
      </test-suite>
      <test-suite type="TestFixture" id="0-1086" name="SpecEnumDeepLiterals" fullname="Kaitai.SpecEnumDeepLiterals" classname="Kaitai.SpecEnumDeepLiterals" runstate="Runnable" testcasecount="1" result="Passed" start-time="2022-05-06 21:43:30Z" end-time="2022-05-06 21:43:30Z" duration="0.002909" total="1" passed="1" failed="0" inconclusive="0" skipped="0" asserts="2">
        <test-case id="0-1087" name="TestEnumDeepLiterals" fullname="Kaitai.SpecEnumDeepLiterals.TestEnumDeepLiterals" methodname="TestEnumDeepLiterals" classname="Kaitai.SpecEnumDeepLiterals" runstate="Runnable" seed="1975613122" result="Passed" start-time="2022-05-06 21:43:30Z" end-time="2022-05-06 21:43:30Z" duration="0.000522" asserts="2" />
      </test-suite>
      <test-suite type="TestFixture" id="0-1088" name="SpecEnumFancy" fullname="Kaitai.SpecEnumFancy" classname="Kaitai.SpecEnumFancy" runstate="Runnable" testcasecount="1" result="Passed" start-time="2022-05-06 21:43:30Z" end-time="2022-05-06 21:43:30Z" duration="0.002794" total="1" passed="1" failed="0" inconclusive="0" skipped="0" asserts="2">
        <test-case id="0-1089" name="TestEnumFancy" fullname="Kaitai.SpecEnumFancy.TestEnumFancy" methodname="TestEnumFancy" classname="Kaitai.SpecEnumFancy" runstate="Runnable" seed="1448505723" result="Passed" start-time="2022-05-06 21:43:30Z" end-time="2022-05-06 21:43:30Z" duration="0.000413" asserts="2" />
      </test-suite>
      <test-suite type="TestFixture" id="0-1090" name="SpecEnumForUnknownId" fullname="Kaitai.SpecEnumForUnknownId" classname="Kaitai.SpecEnumForUnknownId" runstate="Runnable" testcasecount="1" result="Passed" start-time="2022-05-06 21:43:30Z" end-time="2022-05-06 21:43:30Z" duration="0.002795" total="1" passed="1" failed="0" inconclusive="0" skipped="0" asserts="1">
        <test-case id="0-1091" name="TestEnumForUnknownId" fullname="Kaitai.SpecEnumForUnknownId.TestEnumForUnknownId" methodname="TestEnumForUnknownId" classname="Kaitai.SpecEnumForUnknownId" runstate="Runnable" seed="1717296484" result="Passed" start-time="2022-05-06 21:43:30Z" end-time="2022-05-06 21:43:30Z" duration="0.000379" asserts="1" />
      </test-suite>
      <test-suite type="TestFixture" id="0-1092" name="SpecEnumIf" fullname="Kaitai.SpecEnumIf" classname="Kaitai.SpecEnumIf" runstate="Runnable" testcasecount="1" result="Passed" start-time="2022-05-06 21:43:30Z" end-time="2022-05-06 21:43:30Z" duration="0.003555" total="1" passed="1" failed="0" inconclusive="0" skipped="0" asserts="7">
        <test-case id="0-1093" name="TestEnumIf" fullname="Kaitai.SpecEnumIf.TestEnumIf" methodname="TestEnumIf" classname="Kaitai.SpecEnumIf" runstate="Runnable" seed="803727515" result="Passed" start-time="2022-05-06 21:43:30Z" end-time="2022-05-06 21:43:30Z" duration="0.001170" asserts="7" />
      </test-suite>
      <test-suite type="TestFixture" id="0-1094" name="SpecEnumImport" fullname="Kaitai.SpecEnumImport" classname="Kaitai.SpecEnumImport" runstate="Runnable" testcasecount="1" result="Passed" start-time="2022-05-06 21:43:30Z" end-time="2022-05-06 21:43:30Z" duration="0.002800" total="1" passed="1" failed="0" inconclusive="0" skipped="0" asserts="2">
        <test-case id="0-1095" name="TestEnumImport" fullname="Kaitai.SpecEnumImport.TestEnumImport" methodname="TestEnumImport" classname="Kaitai.SpecEnumImport" runstate="Runnable" seed="293096164" result="Passed" start-time="2022-05-06 21:43:30Z" end-time="2022-05-06 21:43:30Z" duration="0.000410" asserts="2" />
      </test-suite>
      <test-suite type="TestFixture" id="0-1096" name="SpecEnumIntRangeS" fullname="Kaitai.SpecEnumIntRangeS" classname="Kaitai.SpecEnumIntRangeS" runstate="Runnable" testcasecount="1" result="Passed" start-time="2022-05-06 21:43:30Z" end-time="2022-05-06 21:43:30Z" duration="0.002859" total="1" passed="1" failed="0" inconclusive="0" skipped="0" asserts="3">
        <test-case id="0-1097" name="TestEnumIntRangeS" fullname="Kaitai.SpecEnumIntRangeS.TestEnumIntRangeS" methodname="TestEnumIntRangeS" classname="Kaitai.SpecEnumIntRangeS" runstate="Runnable" seed="448634339" result="Passed" start-time="2022-05-06 21:43:30Z" end-time="2022-05-06 21:43:30Z" duration="0.000470" asserts="3" />
      </test-suite>
      <test-suite type="TestFixture" id="0-1098" name="SpecEnumInvalid" fullname="Kaitai.SpecEnumInvalid" classname="Kaitai.SpecEnumInvalid" runstate="Runnable" testcasecount="1" result="Passed" start-time="2022-05-06 21:43:30Z" end-time="2022-05-06 21:43:30Z" duration="0.002806" total="1" passed="1" failed="0" inconclusive="0" skipped="0" asserts="2">
        <test-case id="0-1099" name="TestEnumInvalid" fullname="Kaitai.SpecEnumInvalid.TestEnumInvalid" methodname="TestEnumInvalid" classname="Kaitai.SpecEnumInvalid" runstate="Runnable" seed="121599611" result="Passed" start-time="2022-05-06 21:43:30Z" end-time="2022-05-06 21:43:30Z" duration="0.000413" asserts="2" />
      </test-suite>
      <test-suite type="TestFixture" id="0-1100" name="SpecEnumNegative" fullname="Kaitai.SpecEnumNegative" classname="Kaitai.SpecEnumNegative" runstate="Runnable" testcasecount="1" result="Passed" start-time="2022-05-06 21:43:30Z" end-time="2022-05-06 21:43:30Z" duration="0.002891" total="1" passed="1" failed="0" inconclusive="0" skipped="0" asserts="2">
        <test-case id="0-1101" name="TestEnumNegative" fullname="Kaitai.SpecEnumNegative.TestEnumNegative" methodname="TestEnumNegative" classname="Kaitai.SpecEnumNegative" runstate="Runnable" seed="1347141787" result="Passed" start-time="2022-05-06 21:43:30Z" end-time="2022-05-06 21:43:30Z" duration="0.000493" asserts="2" />
      </test-suite>
      <test-suite type="TestFixture" id="0-1102" name="SpecEnumOfValueInst" fullname="Kaitai.SpecEnumOfValueInst" classname="Kaitai.SpecEnumOfValueInst" runstate="Runnable" testcasecount="1" result="Passed" start-time="2022-05-06 21:43:30Z" end-time="2022-05-06 21:43:30Z" duration="0.003015" total="1" passed="1" failed="0" inconclusive="0" skipped="0" asserts="4">
        <test-case id="0-1103" name="TestEnumOfValueInst" fullname="Kaitai.SpecEnumOfValueInst.TestEnumOfValueInst" methodname="TestEnumOfValueInst" classname="Kaitai.SpecEnumOfValueInst" runstate="Runnable" seed="1791806355" result="Passed" start-time="2022-05-06 21:43:30Z" end-time="2022-05-06 21:43:30Z" duration="0.000622" asserts="4" />
      </test-suite>
      <test-suite type="TestFixture" id="0-1104" name="SpecEofExceptionBytes" fullname="Kaitai.SpecEofExceptionBytes" classname="Kaitai.SpecEofExceptionBytes" runstate="Runnable" testcasecount="1" result="Passed" start-time="2022-05-06 21:43:30Z" end-time="2022-05-06 21:43:30Z" duration="0.003680" total="1" passed="1" failed="0" inconclusive="0" skipped="0" asserts="1">
        <test-case id="0-1105" name="TestEofExceptionBytes" fullname="Kaitai.SpecEofExceptionBytes.TestEofExceptionBytes" methodname="TestEofExceptionBytes" classname="Kaitai.SpecEofExceptionBytes" runstate="Runnable" seed="118236717" result="Passed" start-time="2022-05-06 21:43:30Z" end-time="2022-05-06 21:43:30Z" duration="0.001279" asserts="1" />
      </test-suite>
      <test-suite type="TestFixture" id="0-1106" name="SpecEofExceptionU4" fullname="Kaitai.SpecEofExceptionU4" classname="Kaitai.SpecEofExceptionU4" runstate="Runnable" testcasecount="1" result="Passed" start-time="2022-05-06 21:43:30Z" end-time="2022-05-06 21:43:30Z" duration="0.002881" total="1" passed="1" failed="0" inconclusive="0" skipped="0" asserts="1">
        <test-case id="0-1107" name="TestEofExceptionU4" fullname="Kaitai.SpecEofExceptionU4.TestEofExceptionU4" methodname="TestEofExceptionU4" classname="Kaitai.SpecEofExceptionU4" runstate="Runnable" seed="1542309230" result="Passed" start-time="2022-05-06 21:43:30Z" end-time="2022-05-06 21:43:30Z" duration="0.000480" asserts="1" />
      </test-suite>
      <test-suite type="TestFixture" id="0-1108" name="SpecEosExceptionBytes" fullname="Kaitai.SpecEosExceptionBytes" classname="Kaitai.SpecEosExceptionBytes" runstate="Runnable" testcasecount="1" result="Passed" start-time="2022-05-06 21:43:30Z" end-time="2022-05-06 21:43:30Z" duration="0.002943" total="1" passed="1" failed="0" inconclusive="0" skipped="0" asserts="1">
        <test-case id="0-1109" name="TestEosExceptionBytes" fullname="Kaitai.SpecEosExceptionBytes.TestEosExceptionBytes" methodname="TestEosExceptionBytes" classname="Kaitai.SpecEosExceptionBytes" runstate="Runnable" seed="217740627" result="Passed" start-time="2022-05-06 21:43:30Z" end-time="2022-05-06 21:43:30Z" duration="0.000543" asserts="1" />
      </test-suite>
      <test-suite type="TestFixture" id="0-1110" name="SpecEosExceptionU4" fullname="Kaitai.SpecEosExceptionU4" classname="Kaitai.SpecEosExceptionU4" runstate="Runnable" testcasecount="1" result="Passed" start-time="2022-05-06 21:43:30Z" end-time="2022-05-06 21:43:30Z" duration="0.002973" total="1" passed="1" failed="0" inconclusive="0" skipped="0" asserts="1">
        <test-case id="0-1111" name="TestEosExceptionU4" fullname="Kaitai.SpecEosExceptionU4.TestEosExceptionU4" methodname="TestEosExceptionU4" classname="Kaitai.SpecEosExceptionU4" runstate="Runnable" seed="211456044" result="Passed" start-time="2022-05-06 21:43:30Z" end-time="2022-05-06 21:43:30Z" duration="0.000578" asserts="1" />
      </test-suite>
      <test-suite type="TestFixture" id="0-1112" name="SpecExpr0" fullname="Kaitai.SpecExpr0" classname="Kaitai.SpecExpr0" runstate="Runnable" testcasecount="1" result="Passed" start-time="2022-05-06 21:43:30Z" end-time="2022-05-06 21:43:30Z" duration="0.002860" total="1" passed="1" failed="0" inconclusive="0" skipped="0" asserts="2">
        <test-case id="0-1113" name="TestExpr0" fullname="Kaitai.SpecExpr0.TestExpr0" methodname="TestExpr0" classname="Kaitai.SpecExpr0" runstate="Runnable" seed="1166493963" result="Passed" start-time="2022-05-06 21:43:30Z" end-time="2022-05-06 21:43:30Z" duration="0.000472" asserts="2" />
      </test-suite>
      <test-suite type="TestFixture" id="0-1114" name="SpecExpr1" fullname="Kaitai.SpecExpr1" classname="Kaitai.SpecExpr1" runstate="Runnable" testcasecount="1" result="Passed" start-time="2022-05-06 21:43:30Z" end-time="2022-05-06 21:43:30Z" duration="0.002978" total="1" passed="1" failed="0" inconclusive="0" skipped="0" asserts="4">
        <test-case id="0-1115" name="TestExpr1" fullname="Kaitai.SpecExpr1.TestExpr1" methodname="TestExpr1" classname="Kaitai.SpecExpr1" runstate="Runnable" seed="2088299199" result="Passed" start-time="2022-05-06 21:43:30Z" end-time="2022-05-06 21:43:30Z" duration="0.000585" asserts="4" />
      </test-suite>
      <test-suite type="TestFixture" id="0-1116" name="SpecExpr2" fullname="Kaitai.SpecExpr2" classname="Kaitai.SpecExpr2" runstate="Runnable" testcasecount="1" result="Passed" start-time="2022-05-06 21:43:30Z" end-time="2022-05-06 21:43:30Z" duration="0.004138" total="1" passed="1" failed="0" inconclusive="0" skipped="0" asserts="17">
        <test-case id="0-1117" name="TestExpr2" fullname="Kaitai.SpecExpr2.TestExpr2" methodname="TestExpr2" classname="Kaitai.SpecExpr2" runstate="Runnable" seed="582828352" result="Passed" start-time="2022-05-06 21:43:30Z" end-time="2022-05-06 21:43:30Z" duration="0.001746" asserts="17" />
      </test-suite>
      <test-suite type="TestFixture" id="0-1118" name="SpecExpr3" fullname="Kaitai.SpecExpr3" classname="Kaitai.SpecExpr3" runstate="Runnable" testcasecount="1" result="Passed" start-time="2022-05-06 21:43:30Z" end-time="2022-05-06 21:43:30Z" duration="0.003668" total="1" passed="1" failed="0" inconclusive="0" skipped="0" asserts="12">
        <test-case id="0-1119" name="TestExpr3" fullname="Kaitai.SpecExpr3.TestExpr3" methodname="TestExpr3" classname="Kaitai.SpecExpr3" runstate="Runnable" seed="1140173709" result="Passed" start-time="2022-05-06 21:43:30Z" end-time="2022-05-06 21:43:30Z" duration="0.001261" asserts="12" />
      </test-suite>
      <test-suite type="TestFixture" id="0-1120" name="SpecExprArray" fullname="Kaitai.SpecExprArray" classname="Kaitai.SpecExprArray" runstate="Runnable" testcasecount="1" result="Passed" start-time="2022-05-06 21:43:30Z" end-time="2022-05-06 21:43:30Z" duration="0.009293" total="1" passed="1" failed="0" inconclusive="0" skipped="0" asserts="15">
        <test-case id="0-1121" name="TestExprArray" fullname="Kaitai.SpecExprArray.TestExprArray" methodname="TestExprArray" classname="Kaitai.SpecExprArray" runstate="Runnable" seed="1640639050" result="Passed" start-time="2022-05-06 21:43:30Z" end-time="2022-05-06 21:43:30Z" duration="0.006897" asserts="15" />
      </test-suite>
      <test-suite type="TestFixture" id="0-1122" name="SpecExprBytesCmp" fullname="Kaitai.SpecExprBytesCmp" classname="Kaitai.SpecExprBytesCmp" runstate="Runnable" testcasecount="1" result="Passed" start-time="2022-05-06 21:43:30Z" end-time="2022-05-06 21:43:30Z" duration="0.003676" total="1" passed="1" failed="0" inconclusive="0" skipped="0" asserts="10">
        <test-case id="0-1123" name="TestExprBytesCmp" fullname="Kaitai.SpecExprBytesCmp.TestExprBytesCmp" methodname="TestExprBytesCmp" classname="Kaitai.SpecExprBytesCmp" runstate="Runnable" seed="907532034" result="Passed" start-time="2022-05-06 21:43:30Z" end-time="2022-05-06 21:43:30Z" duration="0.001275" asserts="10" />
      </test-suite>
      <test-suite type="TestFixture" id="0-1124" name="SpecExprBytesOps" fullname="Kaitai.SpecExprBytesOps" classname="Kaitai.SpecExprBytesOps" runstate="Runnable" testcasecount="1" result="Passed" start-time="2022-05-06 21:43:30Z" end-time="2022-05-06 21:43:30Z" duration="0.005015" total="1" passed="1" failed="0" inconclusive="0" skipped="0" asserts="16">
        <test-case id="0-1125" name="TestExprBytesOps" fullname="Kaitai.SpecExprBytesOps.TestExprBytesOps" methodname="TestExprBytesOps" classname="Kaitai.SpecExprBytesOps" runstate="Runnable" seed="1720991146" result="Passed" start-time="2022-05-06 21:43:30Z" end-time="2022-05-06 21:43:30Z" duration="0.002618" asserts="16" />
      </test-suite>
      <test-suite type="TestFixture" id="0-1126" name="SpecExprCalcArrayOps" fullname="Kaitai.SpecExprCalcArrayOps" classname="Kaitai.SpecExprCalcArrayOps" runstate="Runnable" testcasecount="1" result="Passed" start-time="2022-05-06 21:43:30Z" end-time="2022-05-06 21:43:30Z" duration="0.005812" total="1" passed="1" failed="0" inconclusive="0" skipped="0" asserts="18">
        <test-case id="0-1127" name="TestExprCalcArrayOps" fullname="Kaitai.SpecExprCalcArrayOps.TestExprCalcArrayOps" methodname="TestExprCalcArrayOps" classname="Kaitai.SpecExprCalcArrayOps" runstate="Runnable" seed="1172448868" result="Passed" start-time="2022-05-06 21:43:30Z" end-time="2022-05-06 21:43:30Z" duration="0.003410" asserts="18" />
      </test-suite>
      <test-suite type="TestFixture" id="0-1128" name="SpecExprEnum" fullname="Kaitai.SpecExprEnum" classname="Kaitai.SpecExprEnum" runstate="Runnable" testcasecount="1" result="Passed" start-time="2022-05-06 21:43:30Z" end-time="2022-05-06 21:43:30Z" duration="0.003010" total="1" passed="1" failed="0" inconclusive="0" skipped="0" asserts="3">
        <test-case id="0-1129" name="TestExprEnum" fullname="Kaitai.SpecExprEnum.TestExprEnum" methodname="TestExprEnum" classname="Kaitai.SpecExprEnum" runstate="Runnable" seed="345335915" result="Passed" start-time="2022-05-06 21:43:30Z" end-time="2022-05-06 21:43:30Z" duration="0.000616" asserts="3" />
      </test-suite>
      <test-suite type="TestFixture" id="0-1130" name="SpecExprIfIntOps" fullname="Kaitai.SpecExprIfIntOps" classname="Kaitai.SpecExprIfIntOps" runstate="Runnable" testcasecount="1" result="Passed" start-time="2022-05-06 21:43:30Z" end-time="2022-05-06 21:43:30Z" duration="0.003280" total="1" passed="1" failed="0" inconclusive="0" skipped="0" asserts="2">
        <test-case id="0-1131" name="TestExprIfIntOps" fullname="Kaitai.SpecExprIfIntOps.TestExprIfIntOps" methodname="TestExprIfIntOps" classname="Kaitai.SpecExprIfIntOps" runstate="Runnable" seed="1325054007" result="Passed" start-time="2022-05-06 21:43:30Z" end-time="2022-05-06 21:43:30Z" duration="0.000883" asserts="2" />
      </test-suite>
      <test-suite type="TestFixture" id="0-1132" name="SpecExprIntDiv" fullname="Kaitai.SpecExprIntDiv" classname="Kaitai.SpecExprIntDiv" runstate="Runnable" testcasecount="1" result="Failed" site="Child" start-time="2022-05-06 21:43:30Z" end-time="2022-05-06 21:43:31Z" duration="0.013326" total="1" passed="0" failed="1" inconclusive="0" skipped="0" asserts="4">
        <failure>
          <message><![CDATA[One or more child tests had errors]]></message>
        </failure>
        <test-case id="0-1133" name="TestExprIntDiv" fullname="Kaitai.SpecExprIntDiv.TestExprIntDiv" methodname="TestExprIntDiv" classname="Kaitai.SpecExprIntDiv" runstate="Runnable" seed="1262449559" result="Failed" start-time="2022-05-06 21:43:30Z" end-time="2022-05-06 21:43:31Z" duration="0.010896" asserts="4">
          <failure>
            <message><![CDATA[  Expected: -756
  But was:  -757
]]></message>
            <stack-trace><![CDATA[at Kaitai.SpecExprIntDiv.TestExprIntDiv () [0x00069] in <338c82f8e39441e1884ea9bd37a1df09>:0
]]></stack-trace>
          </failure>
        </test-case>
      </test-suite>
      <test-suite type="TestFixture" id="0-1134" name="SpecExprIoEof" fullname="Kaitai.SpecExprIoEof" classname="Kaitai.SpecExprIoEof" runstate="Runnable" testcasecount="1" result="Passed" start-time="2022-05-06 21:43:31Z" end-time="2022-05-06 21:43:31Z" duration="0.003573" total="1" passed="1" failed="0" inconclusive="0" skipped="0" asserts="4">
        <test-case id="0-1135" name="TestExprIoEof" fullname="Kaitai.SpecExprIoEof.TestExprIoEof" methodname="TestExprIoEof" classname="Kaitai.SpecExprIoEof" runstate="Runnable" seed="773276724" result="Passed" start-time="2022-05-06 21:43:31Z" end-time="2022-05-06 21:43:31Z" duration="0.001020" asserts="4" />
      </test-suite>
      <test-suite type="TestFixture" id="0-1136" name="SpecExprIoPos" fullname="Kaitai.SpecExprIoPos" classname="Kaitai.SpecExprIoPos" runstate="Runnable" testcasecount="1" result="Passed" start-time="2022-05-06 21:43:31Z" end-time="2022-05-06 21:43:31Z" duration="0.003205" total="1" passed="1" failed="0" inconclusive="0" skipped="0" asserts="6">
        <test-case id="0-1137" name="TestExprIoPos" fullname="Kaitai.SpecExprIoPos.TestExprIoPos" methodname="TestExprIoPos" classname="Kaitai.SpecExprIoPos" runstate="Runnable" seed="623067980" result="Passed" start-time="2022-05-06 21:43:31Z" end-time="2022-05-06 21:43:31Z" duration="0.000812" asserts="6" />
      </test-suite>
      <test-suite type="TestFixture" id="0-1138" name="SpecExprMod" fullname="Kaitai.SpecExprMod" classname="Kaitai.SpecExprMod" runstate="Runnable" testcasecount="1" result="Passed" start-time="2022-05-06 21:43:31Z" end-time="2022-05-06 21:43:31Z" duration="0.003210" total="1" passed="1" failed="0" inconclusive="0" skipped="0" asserts="6">
        <test-case id="0-1139" name="TestExprMod" fullname="Kaitai.SpecExprMod.TestExprMod" methodname="TestExprMod" classname="Kaitai.SpecExprMod" runstate="Runnable" seed="732939105" result="Passed" start-time="2022-05-06 21:43:31Z" end-time="2022-05-06 21:43:31Z" duration="0.000811" asserts="6" />
      </test-suite>
      <test-suite type="TestFixture" id="0-1140" name="SpecExprSizeofType0" fullname="Kaitai.SpecExprSizeofType0" classname="Kaitai.SpecExprSizeofType0" runstate="Runnable" testcasecount="1" result="Passed" start-time="2022-05-06 21:43:31Z" end-time="2022-05-06 21:43:31Z" duration="0.002740" total="1" passed="1" failed="0" inconclusive="0" skipped="0" asserts="1">
        <test-case id="0-1141" name="TestExprSizeofType0" fullname="Kaitai.SpecExprSizeofType0.TestExprSizeofType0" methodname="TestExprSizeofType0" classname="Kaitai.SpecExprSizeofType0" runstate="Runnable" seed="1488262133" result="Passed" start-time="2022-05-06 21:43:31Z" end-time="2022-05-06 21:43:31Z" duration="0.000348" asserts="1" />
      </test-suite>
      <test-suite type="TestFixture" id="0-1142" name="SpecExprSizeofType1" fullname="Kaitai.SpecExprSizeofType1" classname="Kaitai.SpecExprSizeofType1" runstate="Runnable" testcasecount="1" result="Passed" start-time="2022-05-06 21:43:31Z" end-time="2022-05-06 21:43:31Z" duration="0.002792" total="1" passed="1" failed="0" inconclusive="0" skipped="0" asserts="2">
        <test-case id="0-1143" name="TestExprSizeofType1" fullname="Kaitai.SpecExprSizeofType1.TestExprSizeofType1" methodname="TestExprSizeofType1" classname="Kaitai.SpecExprSizeofType1" runstate="Runnable" seed="536155066" result="Passed" start-time="2022-05-06 21:43:31Z" end-time="2022-05-06 21:43:31Z" duration="0.000405" asserts="2" />
      </test-suite>
      <test-suite type="TestFixture" id="0-1144" name="SpecExprSizeofValue0" fullname="Kaitai.SpecExprSizeofValue0" classname="Kaitai.SpecExprSizeofValue0" runstate="Runnable" testcasecount="1" result="Passed" start-time="2022-05-06 21:43:31Z" end-time="2022-05-06 21:43:31Z" duration="0.003875" total="1" passed="1" failed="0" inconclusive="0" skipped="0" asserts="5">
        <test-case id="0-1145" name="TestExprSizeofValue0" fullname="Kaitai.SpecExprSizeofValue0.TestExprSizeofValue0" methodname="TestExprSizeofValue0" classname="Kaitai.SpecExprSizeofValue0" runstate="Runnable" seed="989339437" result="Passed" start-time="2022-05-06 21:43:31Z" end-time="2022-05-06 21:43:31Z" duration="0.000727" asserts="5" />
      </test-suite>
      <test-suite type="TestFixture" id="0-1146" name="SpecExprSizeofValueSized" fullname="Kaitai.SpecExprSizeofValueSized" classname="Kaitai.SpecExprSizeofValueSized" runstate="Runnable" testcasecount="1" result="Passed" start-time="2022-05-06 21:43:31Z" end-time="2022-05-06 21:43:31Z" duration="0.003127" total="1" passed="1" failed="0" inconclusive="0" skipped="0" asserts="5">
        <test-case id="0-1147" name="TestExprSizeofValueSized" fullname="Kaitai.SpecExprSizeofValueSized.TestExprSizeofValueSized" methodname="TestExprSizeofValueSized" classname="Kaitai.SpecExprSizeofValueSized" runstate="Runnable" seed="493374669" result="Passed" start-time="2022-05-06 21:43:31Z" end-time="2022-05-06 21:43:31Z" duration="0.000737" asserts="5" />
      </test-suite>
      <test-suite type="TestFixture" id="0-1148" name="SpecExprStrEncodings" fullname="Kaitai.SpecExprStrEncodings" classname="Kaitai.SpecExprStrEncodings" runstate="Runnable" testcasecount="1" result="Passed" start-time="2022-05-06 21:43:31Z" end-time="2022-05-06 21:43:31Z" duration="0.144827" total="1" passed="1" failed="0" inconclusive="0" skipped="0" asserts="7">
        <test-case id="0-1149" name="TestExprStrEncodings" fullname="Kaitai.SpecExprStrEncodings.TestExprStrEncodings" methodname="TestExprStrEncodings" classname="Kaitai.SpecExprStrEncodings" runstate="Runnable" seed="304612639" result="Passed" start-time="2022-05-06 21:43:31Z" end-time="2022-05-06 21:43:31Z" duration="0.142416" asserts="7" />
      </test-suite>
      <test-suite type="TestFixture" id="0-1150" name="SpecExprStrOps" fullname="Kaitai.SpecExprStrOps" classname="Kaitai.SpecExprStrOps" runstate="Runnable" testcasecount="1" result="Passed" start-time="2022-05-06 21:43:31Z" end-time="2022-05-06 21:43:31Z" duration="0.006053" total="1" passed="1" failed="0" inconclusive="0" skipped="0" asserts="17">
        <test-case id="0-1151" name="TestExprStrOps" fullname="Kaitai.SpecExprStrOps.TestExprStrOps" methodname="TestExprStrOps" classname="Kaitai.SpecExprStrOps" runstate="Runnable" seed="1389221733" result="Passed" start-time="2022-05-06 21:43:31Z" end-time="2022-05-06 21:43:31Z" duration="0.003610" asserts="17" />
      </test-suite>
      <test-suite type="TestFixture" id="0-1152" name="SpecFixedContents" fullname="Kaitai.SpecFixedContents" classname="Kaitai.SpecFixedContents" runstate="Runnable" testcasecount="1" result="Passed" start-time="2022-05-06 21:43:31Z" end-time="2022-05-06 21:43:31Z" duration="0.002959" total="1" passed="1" failed="0" inconclusive="0" skipped="0" asserts="0">
        <test-case id="0-1153" name="TestFixedContents" fullname="Kaitai.SpecFixedContents.TestFixedContents" methodname="TestFixedContents" classname="Kaitai.SpecFixedContents" runstate="Runnable" seed="252694040" result="Passed" start-time="2022-05-06 21:43:31Z" end-time="2022-05-06 21:43:31Z" duration="0.000549" asserts="0" />
      </test-suite>
      <test-suite type="TestFixture" id="0-1154" name="SpecFixedStruct" fullname="Kaitai.SpecFixedStruct" classname="Kaitai.SpecFixedStruct" runstate="Runnable" testcasecount="1" result="Passed" start-time="2022-05-06 21:43:31Z" end-time="2022-05-06 21:43:31Z" duration="0.004615" total="1" passed="1" failed="0" inconclusive="0" skipped="0" asserts="20">
        <test-case id="0-1155" name="TestFixedStruct" fullname="Kaitai.SpecFixedStruct.TestFixedStruct" methodname="TestFixedStruct" classname="Kaitai.SpecFixedStruct" runstate="Runnable" seed="1359161602" result="Passed" start-time="2022-05-06 21:43:31Z" end-time="2022-05-06 21:43:31Z" duration="0.002207" asserts="20" />
      </test-suite>
      <test-suite type="TestFixture" id="0-1158" name="SpecFloatingPoints" fullname="Kaitai.SpecFloatingPoints" classname="Kaitai.SpecFloatingPoints" runstate="Runnable" testcasecount="1" result="Passed" start-time="2022-05-06 21:43:31Z" end-time="2022-05-06 21:43:31Z" duration="0.003302" total="1" passed="1" failed="0" inconclusive="0" skipped="0" asserts="8">
        <test-case id="0-1159" name="TestFloatingPoints" fullname="Kaitai.SpecFloatingPoints.TestFloatingPoints" methodname="TestFloatingPoints" classname="Kaitai.SpecFloatingPoints" runstate="Runnable" seed="2128031006" result="Passed" start-time="2022-05-06 21:43:31Z" end-time="2022-05-06 21:43:31Z" duration="0.000895" asserts="8" />
      </test-suite>
      <test-suite type="TestFixture" id="0-1156" name="SpecFloatToI" fullname="Kaitai.SpecFloatToI" classname="Kaitai.SpecFloatToI" runstate="Runnable" testcasecount="1" result="Passed" start-time="2022-05-06 21:43:31Z" end-time="2022-05-06 21:43:31Z" duration="0.003346" total="1" passed="1" failed="0" inconclusive="0" skipped="0" asserts="8">
        <test-case id="0-1157" name="TestFloatToI" fullname="Kaitai.SpecFloatToI.TestFloatToI" methodname="TestFloatToI" classname="Kaitai.SpecFloatToI" runstate="Runnable" seed="1277374746" result="Passed" start-time="2022-05-06 21:43:31Z" end-time="2022-05-06 21:43:31Z" duration="0.000943" asserts="8" />
      </test-suite>
      <test-suite type="TestFixture" id="0-1160" name="SpecHelloWorld" fullname="Kaitai.SpecHelloWorld" classname="Kaitai.SpecHelloWorld" runstate="Runnable" testcasecount="1" result="Passed" start-time="2022-05-06 21:43:31Z" end-time="2022-05-06 21:43:31Z" duration="0.002649" total="1" passed="1" failed="0" inconclusive="0" skipped="0" asserts="1">
        <test-case id="0-1161" name="TestHelloWorld" fullname="Kaitai.SpecHelloWorld.TestHelloWorld" methodname="TestHelloWorld" classname="Kaitai.SpecHelloWorld" runstate="Runnable" seed="698114045" result="Passed" start-time="2022-05-06 21:43:31Z" end-time="2022-05-06 21:43:31Z" duration="0.000252" asserts="1" />
      </test-suite>
      <test-suite type="TestFixture" id="0-1162" name="SpecIfInstances" fullname="Kaitai.SpecIfInstances" classname="Kaitai.SpecIfInstances" runstate="Runnable" testcasecount="1" result="Passed" start-time="2022-05-06 21:43:31Z" end-time="2022-05-06 21:43:31Z" duration="0.002874" total="1" passed="1" failed="0" inconclusive="0" skipped="0" asserts="1">
        <test-case id="0-1163" name="TestIfInstances" fullname="Kaitai.SpecIfInstances.TestIfInstances" methodname="TestIfInstances" classname="Kaitai.SpecIfInstances" runstate="Runnable" seed="410144646" result="Passed" start-time="2022-05-06 21:43:31Z" end-time="2022-05-06 21:43:31Z" duration="0.000474" asserts="1" />
      </test-suite>
      <test-suite type="TestFixture" id="0-1164" name="SpecIfStruct" fullname="Kaitai.SpecIfStruct" classname="Kaitai.SpecIfStruct" runstate="Runnable" testcasecount="1" result="Passed" start-time="2022-05-06 21:43:31Z" end-time="2022-05-06 21:43:31Z" duration="0.003395" total="1" passed="1" failed="0" inconclusive="0" skipped="0" asserts="7">
        <test-case id="0-1165" name="TestIfStruct" fullname="Kaitai.SpecIfStruct.TestIfStruct" methodname="TestIfStruct" classname="Kaitai.SpecIfStruct" runstate="Runnable" seed="360076706" result="Passed" start-time="2022-05-06 21:43:31Z" end-time="2022-05-06 21:43:31Z" duration="0.000997" asserts="7" />
      </test-suite>
      <test-suite type="TestFixture" id="0-1166" name="SpecIfValues" fullname="Kaitai.SpecIfValues" classname="Kaitai.SpecIfValues" runstate="Runnable" testcasecount="1" result="Passed" start-time="2022-05-06 21:43:31Z" end-time="2022-05-06 21:43:31Z" duration="0.003638" total="1" passed="1" failed="0" inconclusive="0" skipped="0" asserts="6">
        <test-case id="0-1167" name="TestIfValues" fullname="Kaitai.SpecIfValues.TestIfValues" methodname="TestIfValues" classname="Kaitai.SpecIfValues" runstate="Runnable" seed="1330626297" result="Passed" start-time="2022-05-06 21:43:31Z" end-time="2022-05-06 21:43:31Z" duration="0.001248" asserts="6" />
      </test-suite>
      <test-suite type="TestFixture" id="0-1168" name="SpecImports0" fullname="Kaitai.SpecImports0" classname="Kaitai.SpecImports0" runstate="Runnable" testcasecount="1" result="Passed" start-time="2022-05-06 21:43:31Z" end-time="2022-05-06 21:43:31Z" duration="0.002921" total="1" passed="1" failed="0" inconclusive="0" skipped="0" asserts="3">
        <test-case id="0-1169" name="TestImports0" fullname="Kaitai.SpecImports0.TestImports0" methodname="TestImports0" classname="Kaitai.SpecImports0" runstate="Runnable" seed="742261276" result="Passed" start-time="2022-05-06 21:43:31Z" end-time="2022-05-06 21:43:31Z" duration="0.000523" asserts="3" />
      </test-suite>
      <test-suite type="TestFixture" id="0-1170" name="SpecImportsAbs" fullname="Kaitai.SpecImportsAbs" classname="Kaitai.SpecImportsAbs" runstate="Runnable" testcasecount="1" result="Passed" start-time="2022-05-06 21:43:31Z" end-time="2022-05-06 21:43:31Z" duration="0.003773" total="1" passed="1" failed="0" inconclusive="0" skipped="0" asserts="2">
        <test-case id="0-1171" name="TestImportsAbs" fullname="Kaitai.SpecImportsAbs.TestImportsAbs" methodname="TestImportsAbs" classname="Kaitai.SpecImportsAbs" runstate="Runnable" seed="2049016152" result="Passed" start-time="2022-05-06 21:43:31Z" end-time="2022-05-06 21:43:31Z" duration="0.001373" asserts="2" />
      </test-suite>
      <test-suite type="TestFixture" id="0-1172" name="SpecImportsAbsAbs" fullname="Kaitai.SpecImportsAbsAbs" classname="Kaitai.SpecImportsAbsAbs" runstate="Runnable" testcasecount="1" result="Passed" start-time="2022-05-06 21:43:31Z" end-time="2022-05-06 21:43:31Z" duration="0.003080" total="1" passed="1" failed="0" inconclusive="0" skipped="0" asserts="3">
        <test-case id="0-1173" name="TestImportsAbsAbs" fullname="Kaitai.SpecImportsAbsAbs.TestImportsAbsAbs" methodname="TestImportsAbsAbs" classname="Kaitai.SpecImportsAbsAbs" runstate="Runnable" seed="1808755827" result="Passed" start-time="2022-05-06 21:43:31Z" end-time="2022-05-06 21:43:31Z" duration="0.000672" asserts="3" />
      </test-suite>
      <test-suite type="TestFixture" id="0-1174" name="SpecImportsAbsRel" fullname="Kaitai.SpecImportsAbsRel" classname="Kaitai.SpecImportsAbsRel" runstate="Runnable" testcasecount="1" result="Passed" start-time="2022-05-06 21:43:31Z" end-time="2022-05-06 21:43:31Z" duration="0.002979" total="1" passed="1" failed="0" inconclusive="0" skipped="0" asserts="3">
        <test-case id="0-1175" name="TestImportsAbsRel" fullname="Kaitai.SpecImportsAbsRel.TestImportsAbsRel" methodname="TestImportsAbsRel" classname="Kaitai.SpecImportsAbsRel" runstate="Runnable" seed="824611287" result="Passed" start-time="2022-05-06 21:43:31Z" end-time="2022-05-06 21:43:31Z" duration="0.000577" asserts="3" />
      </test-suite>
      <test-suite type="TestFixture" id="0-1176" name="SpecImportsCircularA" fullname="Kaitai.SpecImportsCircularA" classname="Kaitai.SpecImportsCircularA" runstate="Runnable" testcasecount="1" result="Passed" start-time="2022-05-06 21:43:31Z" end-time="2022-05-06 21:43:31Z" duration="0.003107" total="1" passed="1" failed="0" inconclusive="0" skipped="0" asserts="5">
        <test-case id="0-1177" name="TestImportsCircularA" fullname="Kaitai.SpecImportsCircularA.TestImportsCircularA" methodname="TestImportsCircularA" classname="Kaitai.SpecImportsCircularA" runstate="Runnable" seed="196874969" result="Passed" start-time="2022-05-06 21:43:31Z" end-time="2022-05-06 21:43:31Z" duration="0.000698" asserts="5" />
      </test-suite>
      <test-suite type="TestFixture" id="0-1178" name="SpecImportsRel1" fullname="Kaitai.SpecImportsRel1" classname="Kaitai.SpecImportsRel1" runstate="Runnable" testcasecount="1" result="Passed" start-time="2022-05-06 21:43:31Z" end-time="2022-05-06 21:43:31Z" duration="0.003070" total="1" passed="1" failed="0" inconclusive="0" skipped="0" asserts="3">
        <test-case id="0-1179" name="TestImportsRel1" fullname="Kaitai.SpecImportsRel1.TestImportsRel1" methodname="TestImportsRel1" classname="Kaitai.SpecImportsRel1" runstate="Runnable" seed="1069787483" result="Passed" start-time="2022-05-06 21:43:31Z" end-time="2022-05-06 21:43:31Z" duration="0.000664" asserts="3" />
      </test-suite>
      <test-suite type="TestFixture" id="0-1180" name="SpecIndexSizes" fullname="Kaitai.SpecIndexSizes" classname="Kaitai.SpecIndexSizes" runstate="Runnable" testcasecount="1" result="Passed" start-time="2022-05-06 21:43:31Z" end-time="2022-05-06 21:43:31Z" duration="0.003235" total="1" passed="1" failed="0" inconclusive="0" skipped="0" asserts="7">
        <test-case id="0-1181" name="TestIndexSizes" fullname="Kaitai.SpecIndexSizes.TestIndexSizes" methodname="TestIndexSizes" classname="Kaitai.SpecIndexSizes" runstate="Runnable" seed="121117283" result="Passed" start-time="2022-05-06 21:43:31Z" end-time="2022-05-06 21:43:31Z" duration="0.000840" asserts="7" />
      </test-suite>
      <test-suite type="TestFixture" id="0-1182" name="SpecIndexToParamEos" fullname="Kaitai.SpecIndexToParamEos" classname="Kaitai.SpecIndexToParamEos" runstate="Runnable" testcasecount="1" result="Passed" start-time="2022-05-06 21:43:31Z" end-time="2022-05-06 21:43:31Z" duration="0.003602" total="1" passed="1" failed="0" inconclusive="0" skipped="0" asserts="7">
        <test-case id="0-1183" name="TestIndexToParamEos" fullname="Kaitai.SpecIndexToParamEos.TestIndexToParamEos" methodname="TestIndexToParamEos" classname="Kaitai.SpecIndexToParamEos" runstate="Runnable" seed="362073633" result="Passed" start-time="2022-05-06 21:43:31Z" end-time="2022-05-06 21:43:31Z" duration="0.001204" asserts="7" />
      </test-suite>
      <test-suite type="TestFixture" id="0-1184" name="SpecIndexToParamExpr" fullname="Kaitai.SpecIndexToParamExpr" classname="Kaitai.SpecIndexToParamExpr" runstate="Runnable" testcasecount="1" result="Passed" start-time="2022-05-06 21:43:31Z" end-time="2022-05-06 21:43:31Z" duration="0.003526" total="1" passed="1" failed="0" inconclusive="0" skipped="0" asserts="7">
        <test-case id="0-1185" name="TestIndexToParamExpr" fullname="Kaitai.SpecIndexToParamExpr.TestIndexToParamExpr" methodname="TestIndexToParamExpr" classname="Kaitai.SpecIndexToParamExpr" runstate="Runnable" seed="1212872206" result="Passed" start-time="2022-05-06 21:43:31Z" end-time="2022-05-06 21:43:31Z" duration="0.001126" asserts="7" />
      </test-suite>
      <test-suite type="TestFixture" id="0-1186" name="SpecIndexToParamUntil" fullname="Kaitai.SpecIndexToParamUntil" classname="Kaitai.SpecIndexToParamUntil" runstate="Runnable" testcasecount="1" result="Passed" start-time="2022-05-06 21:43:31Z" end-time="2022-05-06 21:43:31Z" duration="0.003545" total="1" passed="1" failed="0" inconclusive="0" skipped="0" asserts="7">
        <test-case id="0-1187" name="TestIndexToParamUntil" fullname="Kaitai.SpecIndexToParamUntil.TestIndexToParamUntil" methodname="TestIndexToParamUntil" classname="Kaitai.SpecIndexToParamUntil" runstate="Runnable" seed="728342579" result="Passed" start-time="2022-05-06 21:43:31Z" end-time="2022-05-06 21:43:31Z" duration="0.001148" asserts="7" />
      </test-suite>
      <test-suite type="TestFixture" id="0-1188" name="SpecInstanceIoUser" fullname="Kaitai.SpecInstanceIoUser" classname="Kaitai.SpecInstanceIoUser" runstate="Runnable" testcasecount="1" result="Passed" start-time="2022-05-06 21:43:31Z" end-time="2022-05-06 21:43:31Z" duration="0.003808" total="1" passed="1" failed="0" inconclusive="0" skipped="0" asserts="4">
        <test-case id="0-1189" name="TestInstanceIoUser" fullname="Kaitai.SpecInstanceIoUser.TestInstanceIoUser" methodname="TestInstanceIoUser" classname="Kaitai.SpecInstanceIoUser" runstate="Runnable" seed="568436336" result="Passed" start-time="2022-05-06 21:43:31Z" end-time="2022-05-06 21:43:31Z" duration="0.001401" asserts="4" />
      </test-suite>
      <test-suite type="TestFixture" id="0-1190" name="SpecInstanceStd" fullname="Kaitai.SpecInstanceStd" classname="Kaitai.SpecInstanceStd" runstate="Runnable" testcasecount="1" result="Passed" start-time="2022-05-06 21:43:31Z" end-time="2022-05-06 21:43:31Z" duration="0.002862" total="1" passed="1" failed="0" inconclusive="0" skipped="0" asserts="1">
        <test-case id="0-1191" name="TestInstanceStd" fullname="Kaitai.SpecInstanceStd.TestInstanceStd" methodname="TestInstanceStd" classname="Kaitai.SpecInstanceStd" runstate="Runnable" seed="1193499880" result="Passed" start-time="2022-05-06 21:43:31Z" end-time="2022-05-06 21:43:31Z" duration="0.000431" asserts="1" />
      </test-suite>
      <test-suite type="TestFixture" id="0-1192" name="SpecInstanceStdArray" fullname="Kaitai.SpecInstanceStdArray" classname="Kaitai.SpecInstanceStdArray" runstate="Runnable" testcasecount="1" result="Passed" start-time="2022-05-06 21:43:31Z" end-time="2022-05-06 21:43:31Z" duration="0.004482" total="1" passed="1" failed="0" inconclusive="0" skipped="0" asserts="7">
        <test-case id="0-1193" name="TestInstanceStdArray" fullname="Kaitai.SpecInstanceStdArray.TestInstanceStdArray" methodname="TestInstanceStdArray" classname="Kaitai.SpecInstanceStdArray" runstate="Runnable" seed="960260980" result="Passed" start-time="2022-05-06 21:43:31Z" end-time="2022-05-06 21:43:31Z" duration="0.001715" asserts="7" />
      </test-suite>
      <test-suite type="TestFixture" id="0-1194" name="SpecInstanceUserArray" fullname="Kaitai.SpecInstanceUserArray" classname="Kaitai.SpecInstanceUserArray" runstate="Runnable" testcasecount="1" result="Passed" start-time="2022-05-06 21:43:31Z" end-time="2022-05-06 21:43:31Z" duration="0.004112" total="1" passed="1" failed="0" inconclusive="0" skipped="0" asserts="10">
        <test-case id="0-1195" name="TestInstanceUserArray" fullname="Kaitai.SpecInstanceUserArray.TestInstanceUserArray" methodname="TestInstanceUserArray" classname="Kaitai.SpecInstanceUserArray" runstate="Runnable" seed="759914299" result="Passed" start-time="2022-05-06 21:43:31Z" end-time="2022-05-06 21:43:31Z" duration="0.001337" asserts="10" />
      </test-suite>
      <test-suite type="TestFixture" id="0-1196" name="SpecIntegers" fullname="Kaitai.SpecIntegers" classname="Kaitai.SpecIntegers" runstate="Runnable" testcasecount="1" result="Passed" start-time="2022-05-06 21:43:31Z" end-time="2022-05-06 21:43:31Z" duration="0.004374" total="1" passed="1" failed="0" inconclusive="0" skipped="0" asserts="20">
        <test-case id="0-1197" name="TestIntegers" fullname="Kaitai.SpecIntegers.TestIntegers" methodname="TestIntegers" classname="Kaitai.SpecIntegers" runstate="Runnable" seed="1915440194" result="Passed" start-time="2022-05-06 21:43:31Z" end-time="2022-05-06 21:43:31Z" duration="0.001512" asserts="20" />
      </test-suite>
      <test-suite type="TestFixture" id="0-1198" name="SpecIntegersDoubleOverflow" fullname="Kaitai.SpecIntegersDoubleOverflow" classname="Kaitai.SpecIntegersDoubleOverflow" runstate="Runnable" testcasecount="1" result="Passed" start-time="2022-05-06 21:43:31Z" end-time="2022-05-06 21:43:31Z" duration="0.004168" total="1" passed="1" failed="0" inconclusive="0" skipped="0" asserts="8">
        <test-case id="0-1199" name="TestIntegersDoubleOverflow" fullname="Kaitai.SpecIntegersDoubleOverflow.TestIntegersDoubleOverflow" methodname="TestIntegersDoubleOverflow" classname="Kaitai.SpecIntegersDoubleOverflow" runstate="Runnable" seed="643021457" result="Passed" start-time="2022-05-06 21:43:31Z" end-time="2022-05-06 21:43:31Z" duration="0.001467" asserts="8" />
      </test-suite>
      <test-suite type="TestFixture" id="0-1200" name="SpecIntegersMinMax" fullname="Kaitai.SpecIntegersMinMax" classname="Kaitai.SpecIntegersMinMax" runstate="Runnable" testcasecount="1" result="Passed" start-time="2022-05-06 21:43:31Z" end-time="2022-05-06 21:43:31Z" duration="0.004158" total="1" passed="1" failed="0" inconclusive="0" skipped="0" asserts="28">
        <test-case id="0-1201" name="TestIntegersMinMax" fullname="Kaitai.SpecIntegersMinMax.TestIntegersMinMax" methodname="TestIntegersMinMax" classname="Kaitai.SpecIntegersMinMax" runstate="Runnable" seed="784897145" result="Passed" start-time="2022-05-06 21:43:31Z" end-time="2022-05-06 21:43:31Z" duration="0.001713" asserts="28" />
      </test-suite>
      <test-suite type="TestFixture" id="0-1202" name="SpecIoLocalVar" fullname="Kaitai.SpecIoLocalVar" classname="Kaitai.SpecIoLocalVar" runstate="Runnable" testcasecount="1" result="Passed" start-time="2022-05-06 21:43:31Z" end-time="2022-05-06 21:43:31Z" duration="0.003129" total="1" passed="1" failed="0" inconclusive="0" skipped="0" asserts="2">
        <test-case id="0-1203" name="TestIoLocalVar" fullname="Kaitai.SpecIoLocalVar.TestIoLocalVar" methodname="TestIoLocalVar" classname="Kaitai.SpecIoLocalVar" runstate="Runnable" seed="326826614" result="Passed" start-time="2022-05-06 21:43:31Z" end-time="2022-05-06 21:43:31Z" duration="0.000740" asserts="2" />
      </test-suite>
      <test-suite type="TestFixture" id="0-1204" name="SpecJsSignedRightShift" fullname="Kaitai.SpecJsSignedRightShift" classname="Kaitai.SpecJsSignedRightShift" runstate="Runnable" testcasecount="1" result="Passed" start-time="2022-05-06 21:43:31Z" end-time="2022-05-06 21:43:31Z" duration="0.002800" total="1" passed="1" failed="0" inconclusive="0" skipped="0" asserts="2">
        <test-case id="0-1205" name="TestJsSignedRightShift" fullname="Kaitai.SpecJsSignedRightShift.TestJsSignedRightShift" methodname="TestJsSignedRightShift" classname="Kaitai.SpecJsSignedRightShift" runstate="Runnable" seed="474100735" result="Passed" start-time="2022-05-06 21:43:31Z" end-time="2022-05-06 21:43:31Z" duration="0.000410" asserts="2" />
      </test-suite>
      <test-suite type="TestFixture" id="0-1206" name="SpecMetaTags" fullname="Kaitai.SpecMetaTags" classname="Kaitai.SpecMetaTags" runstate="Runnable" testcasecount="1" result="Passed" start-time="2022-05-06 21:43:31Z" end-time="2022-05-06 21:43:31Z" duration="0.003068" total="1" passed="1" failed="0" inconclusive="0" skipped="0" asserts="0">
        <test-case id="0-1207" name="TestMetaTags" fullname="Kaitai.SpecMetaTags.TestMetaTags" methodname="TestMetaTags" classname="Kaitai.SpecMetaTags" runstate="Runnable" seed="1682539900" result="Passed" start-time="2022-05-06 21:43:31Z" end-time="2022-05-06 21:43:31Z" duration="0.000268" asserts="0" />
      </test-suite>
      <test-suite type="TestFixture" id="0-1208" name="SpecMetaXref" fullname="Kaitai.SpecMetaXref" classname="Kaitai.SpecMetaXref" runstate="Runnable" testcasecount="1" result="Passed" start-time="2022-05-06 21:43:31Z" end-time="2022-05-06 21:43:31Z" duration="0.003157" total="1" passed="1" failed="0" inconclusive="0" skipped="0" asserts="0">
        <test-case id="0-1209" name="TestMetaXref" fullname="Kaitai.SpecMetaXref.TestMetaXref" methodname="TestMetaXref" classname="Kaitai.SpecMetaXref" runstate="Runnable" seed="1687201563" result="Passed" start-time="2022-05-06 21:43:31Z" end-time="2022-05-06 21:43:31Z" duration="0.000674" asserts="0" />
      </test-suite>
      <test-suite type="TestFixture" id="0-1210" name="SpecMultipleUse" fullname="Kaitai.SpecMultipleUse" classname="Kaitai.SpecMultipleUse" runstate="Runnable" testcasecount="1" result="Passed" start-time="2022-05-06 21:43:31Z" end-time="2022-05-06 21:43:31Z" duration="0.003387" total="1" passed="1" failed="0" inconclusive="0" skipped="0" asserts="2">
        <test-case id="0-1211" name="TestMultipleUse" fullname="Kaitai.SpecMultipleUse.TestMultipleUse" methodname="TestMultipleUse" classname="Kaitai.SpecMultipleUse" runstate="Runnable" seed="1557202471" result="Passed" start-time="2022-05-06 21:43:31Z" end-time="2022-05-06 21:43:31Z" duration="0.000953" asserts="2" />
      </test-suite>
      <test-suite type="TestFixture" id="0-1212" name="SpecNavParent" fullname="Kaitai.SpecNavParent" classname="Kaitai.SpecNavParent" runstate="Runnable" testcasecount="1" result="Passed" start-time="2022-05-06 21:43:31Z" end-time="2022-05-06 21:43:31Z" duration="0.004856" total="1" passed="1" failed="0" inconclusive="0" skipped="0" asserts="5">
        <test-case id="0-1213" name="TestNavParent" fullname="Kaitai.SpecNavParent.TestNavParent" methodname="TestNavParent" classname="Kaitai.SpecNavParent" runstate="Runnable" seed="1530707358" result="Passed" start-time="2022-05-06 21:43:31Z" end-time="2022-05-06 21:43:31Z" duration="0.002010" asserts="5" />
      </test-suite>
      <test-suite type="TestFixture" id="0-1214" name="SpecNavParent2" fullname="Kaitai.SpecNavParent2" classname="Kaitai.SpecNavParent2" runstate="Runnable" testcasecount="1" result="Passed" start-time="2022-05-06 21:43:31Z" end-time="2022-05-06 21:43:31Z" duration="0.004280" total="1" passed="1" failed="0" inconclusive="0" skipped="0" asserts="10">
        <test-case id="0-1215" name="TestNavParent2" fullname="Kaitai.SpecNavParent2.TestNavParent2" methodname="TestNavParent2" classname="Kaitai.SpecNavParent2" runstate="Runnable" seed="2006835847" result="Passed" start-time="2022-05-06 21:43:31Z" end-time="2022-05-06 21:43:31Z" duration="0.001441" asserts="10" />
      </test-suite>
[...]
        <test-case id="0-1383" name="TestTermStrz" fullname="Kaitai.SpecTermStrz.TestTermStrz" methodname="TestTermStrz" classname="Kaitai.SpecTermStrz" runstate="Runnable" seed="713169307" result="Passed" start-time="2022-05-06 21:43:31Z" end-time="2022-05-06 21:43:31Z" duration="0.000319" asserts="3" />
      </test-suite>
      <test-suite type="TestFixture" id="0-1384" name="SpecTermU1Val" fullname="Kaitai.SpecTermU1Val" classname="Kaitai.SpecTermU1Val" runstate="Runnable" testcasecount="1" result="Passed" start-time="2022-05-06 21:43:31Z" end-time="2022-05-06 21:43:31Z" duration="0.002868" total="1" passed="1" failed="0" inconclusive="0" skipped="0" asserts="2">
        <test-case id="0-1385" name="TestTermU1Val" fullname="Kaitai.SpecTermU1Val.TestTermU1Val" methodname="TestTermU1Val" classname="Kaitai.SpecTermU1Val" runstate="Runnable" seed="2000090960" result="Passed" start-time="2022-05-06 21:43:31Z" end-time="2022-05-06 21:43:31Z" duration="0.000467" asserts="2" />
      </test-suite>
      <test-suite type="TestFixture" id="0-1386" name="SpecTsPacketHeader" fullname="Kaitai.SpecTsPacketHeader" classname="Kaitai.SpecTsPacketHeader" runstate="Runnable" testcasecount="1" result="Passed" start-time="2022-05-06 21:43:31Z" end-time="2022-05-06 21:43:31Z" duration="0.003095" total="1" passed="1" failed="0" inconclusive="0" skipped="0" asserts="7">
        <test-case id="0-1387" name="TestTsPacketHeader" fullname="Kaitai.SpecTsPacketHeader.TestTsPacketHeader" methodname="TestTsPacketHeader" classname="Kaitai.SpecTsPacketHeader" runstate="Runnable" seed="580671312" result="Passed" start-time="2022-05-06 21:43:31Z" end-time="2022-05-06 21:43:31Z" duration="0.000691" asserts="7" />
      </test-suite>
      <test-suite type="TestFixture" id="0-1388" name="SpecTypeIntUnaryOp" fullname="Kaitai.SpecTypeIntUnaryOp" classname="Kaitai.SpecTypeIntUnaryOp" runstate="Runnable" testcasecount="1" result="Passed" start-time="2022-05-06 21:43:31Z" end-time="2022-05-06 21:43:31Z" duration="0.002962" total="1" passed="1" failed="0" inconclusive="0" skipped="0" asserts="4">
        <test-case id="0-1389" name="TestTypeIntUnaryOp" fullname="Kaitai.SpecTypeIntUnaryOp.TestTypeIntUnaryOp" methodname="TestTypeIntUnaryOp" classname="Kaitai.SpecTypeIntUnaryOp" runstate="Runnable" seed="1897630675" result="Passed" start-time="2022-05-06 21:43:31Z" end-time="2022-05-06 21:43:31Z" duration="0.000566" asserts="4" />
      </test-suite>
      <test-suite type="TestFixture" id="0-1390" name="SpecTypeTernary" fullname="Kaitai.SpecTypeTernary" classname="Kaitai.SpecTypeTernary" runstate="Runnable" testcasecount="1" result="Passed" start-time="2022-05-06 21:43:31Z" end-time="2022-05-06 21:43:31Z" duration="0.003076" total="1" passed="1" failed="0" inconclusive="0" skipped="0" asserts="1">
        <test-case id="0-1391" name="TestTypeTernary" fullname="Kaitai.SpecTypeTernary.TestTypeTernary" methodname="TestTypeTernary" classname="Kaitai.SpecTypeTernary" runstate="Runnable" seed="74351172" result="Passed" start-time="2022-05-06 21:43:31Z" end-time="2022-05-06 21:43:31Z" duration="0.000676" asserts="1" />
      </test-suite>
      <test-suite type="TestFixture" id="0-1392" name="SpecTypeTernary2ndFalsy" fullname="Kaitai.SpecTypeTernary2ndFalsy" classname="Kaitai.SpecTypeTernary2ndFalsy" runstate="Runnable" testcasecount="1" result="Passed" start-time="2022-05-06 21:43:31Z" end-time="2022-05-06 21:43:31Z" duration="0.004065" total="1" passed="1" failed="0" inconclusive="0" skipped="0" asserts="13">
        <test-case id="0-1393" name="TestTypeTernary2ndFalsy" fullname="Kaitai.SpecTypeTernary2ndFalsy.TestTypeTernary2ndFalsy" methodname="TestTypeTernary2ndFalsy" classname="Kaitai.SpecTypeTernary2ndFalsy" runstate="Runnable" seed="1667043323" result="Passed" start-time="2022-05-06 21:43:31Z" end-time="2022-05-06 21:43:31Z" duration="0.001658" asserts="13" />
      </test-suite>
      <test-suite type="TestFixture" id="0-1394" name="SpecTypeTernaryOpaque" fullname="Kaitai.SpecTypeTernaryOpaque" classname="Kaitai.SpecTypeTernaryOpaque" runstate="Runnable" testcasecount="1" result="Passed" start-time="2022-05-06 21:43:31Z" end-time="2022-05-06 21:43:31Z" duration="0.003075" total="1" passed="1" failed="0" inconclusive="0" skipped="0" asserts="3">
        <test-case id="0-1395" name="TestTypeTernaryOpaque" fullname="Kaitai.SpecTypeTernaryOpaque.TestTypeTernaryOpaque" methodname="TestTypeTernaryOpaque" classname="Kaitai.SpecTypeTernaryOpaque" runstate="Runnable" seed="2018803784" result="Passed" start-time="2022-05-06 21:43:31Z" end-time="2022-05-06 21:43:31Z" duration="0.000657" asserts="3" />
      </test-suite>
      <test-suite type="TestFixture" id="0-1396" name="SpecUserType" fullname="Kaitai.SpecUserType" classname="Kaitai.SpecUserType" runstate="Runnable" testcasecount="1" result="Passed" start-time="2022-05-06 21:43:31Z" end-time="2022-05-06 21:43:31Z" duration="0.002930" total="1" passed="1" failed="0" inconclusive="0" skipped="0" asserts="2">
        <test-case id="0-1397" name="TestUserType" fullname="Kaitai.SpecUserType.TestUserType" methodname="TestUserType" classname="Kaitai.SpecUserType" runstate="Runnable" seed="826787478" result="Passed" start-time="2022-05-06 21:43:31Z" end-time="2022-05-06 21:43:31Z" duration="0.000528" asserts="2" />
      </test-suite>
      <test-suite type="TestFixture" id="0-1398" name="SpecValidEqStrEncodings" fullname="Kaitai.SpecValidEqStrEncodings" classname="Kaitai.SpecValidEqStrEncodings" runstate="Runnable" testcasecount="1" result="Passed" start-time="2022-05-06 21:43:31Z" end-time="2022-05-06 21:43:31Z" duration="0.003085" total="1" passed="1" failed="0" inconclusive="0" skipped="0" asserts="0">
        <test-case id="0-1399" name="TestValidEqStrEncodings" fullname="Kaitai.SpecValidEqStrEncodings.TestValidEqStrEncodings" methodname="TestValidEqStrEncodings" classname="Kaitai.SpecValidEqStrEncodings" runstate="Runnable" seed="1690247405" result="Passed" start-time="2022-05-06 21:43:31Z" end-time="2022-05-06 21:43:31Z" duration="0.000685" asserts="0" />
      </test-suite>
      <test-suite type="TestFixture" id="0-1400" name="SpecValidFailAnyofInt" fullname="Kaitai.SpecValidFailAnyofInt" classname="Kaitai.SpecValidFailAnyofInt" runstate="Runnable" testcasecount="1" result="Passed" start-time="2022-05-06 21:43:31Z" end-time="2022-05-06 21:43:31Z" duration="0.003620" total="1" passed="1" failed="0" inconclusive="0" skipped="0" asserts="1">
        <test-case id="0-1401" name="TestValidFailAnyofInt" fullname="Kaitai.SpecValidFailAnyofInt.TestValidFailAnyofInt" methodname="TestValidFailAnyofInt" classname="Kaitai.SpecValidFailAnyofInt" runstate="Runnable" seed="499989678" result="Passed" start-time="2022-05-06 21:43:31Z" end-time="2022-05-06 21:43:31Z" duration="0.001215" asserts="1" />
      </test-suite>
      <test-suite type="TestFixture" id="0-1402" name="SpecValidFailContents" fullname="Kaitai.SpecValidFailContents" classname="Kaitai.SpecValidFailContents" runstate="Runnable" testcasecount="1" result="Passed" start-time="2022-05-06 21:43:31Z" end-time="2022-05-06 21:43:31Z" duration="0.003253" total="1" passed="1" failed="0" inconclusive="0" skipped="0" asserts="1">
        <test-case id="0-1403" name="TestValidFailContents" fullname="Kaitai.SpecValidFailContents.TestValidFailContents" methodname="TestValidFailContents" classname="Kaitai.SpecValidFailContents" runstate="Runnable" seed="670693209" result="Passed" start-time="2022-05-06 21:43:31Z" end-time="2022-05-06 21:43:31Z" duration="0.000842" asserts="1" />
      </test-suite>
      <test-suite type="TestFixture" id="0-1404" name="SpecValidFailEqBytes" fullname="Kaitai.SpecValidFailEqBytes" classname="Kaitai.SpecValidFailEqBytes" runstate="Runnable" testcasecount="1" result="Passed" start-time="2022-05-06 21:43:31Z" end-time="2022-05-06 21:43:31Z" duration="0.003000" total="1" passed="1" failed="0" inconclusive="0" skipped="0" asserts="1">
        <test-case id="0-1405" name="TestValidFailEqBytes" fullname="Kaitai.SpecValidFailEqBytes.TestValidFailEqBytes" methodname="TestValidFailEqBytes" classname="Kaitai.SpecValidFailEqBytes" runstate="Runnable" seed="987950774" result="Passed" start-time="2022-05-06 21:43:31Z" end-time="2022-05-06 21:43:31Z" duration="0.000580" asserts="1" />
      </test-suite>
      <test-suite type="TestFixture" id="0-1406" name="SpecValidFailEqInt" fullname="Kaitai.SpecValidFailEqInt" classname="Kaitai.SpecValidFailEqInt" runstate="Runnable" testcasecount="1" result="Passed" start-time="2022-05-06 21:43:31Z" end-time="2022-05-06 21:43:31Z" duration="0.003050" total="1" passed="1" failed="0" inconclusive="0" skipped="0" asserts="1">
        <test-case id="0-1407" name="TestValidFailEqInt" fullname="Kaitai.SpecValidFailEqInt.TestValidFailEqInt" methodname="TestValidFailEqInt" classname="Kaitai.SpecValidFailEqInt" runstate="Runnable" seed="1617424193" result="Passed" start-time="2022-05-06 21:43:31Z" end-time="2022-05-06 21:43:31Z" duration="0.000637" asserts="1" />
      </test-suite>
      <test-suite type="TestFixture" id="0-1408" name="SpecValidFailEqStr" fullname="Kaitai.SpecValidFailEqStr" classname="Kaitai.SpecValidFailEqStr" runstate="Runnable" testcasecount="1" result="Passed" start-time="2022-05-06 21:43:31Z" end-time="2022-05-06 21:43:31Z" duration="0.002962" total="1" passed="1" failed="0" inconclusive="0" skipped="0" asserts="1">
        <test-case id="0-1409" name="TestValidFailEqStr" fullname="Kaitai.SpecValidFailEqStr.TestValidFailEqStr" methodname="TestValidFailEqStr" classname="Kaitai.SpecValidFailEqStr" runstate="Runnable" seed="754573596" result="Passed" start-time="2022-05-06 21:43:31Z" end-time="2022-05-06 21:43:31Z" duration="0.000551" asserts="1" />
      </test-suite>
      <test-suite type="TestFixture" id="0-1410" name="SpecValidFailExpr" fullname="Kaitai.SpecValidFailExpr" classname="Kaitai.SpecValidFailExpr" runstate="Runnable" testcasecount="1" result="Passed" start-time="2022-05-06 21:43:31Z" end-time="2022-05-06 21:43:31Z" duration="0.003393" total="1" passed="1" failed="0" inconclusive="0" skipped="0" asserts="1">
        <test-case id="0-1411" name="TestValidFailExpr" fullname="Kaitai.SpecValidFailExpr.TestValidFailExpr" methodname="TestValidFailExpr" classname="Kaitai.SpecValidFailExpr" runstate="Runnable" seed="1489302230" result="Passed" start-time="2022-05-06 21:43:31Z" end-time="2022-05-06 21:43:31Z" duration="0.000984" asserts="1" />
      </test-suite>
      <test-suite type="TestFixture" id="0-1412" name="SpecValidFailInst" fullname="Kaitai.SpecValidFailInst" classname="Kaitai.SpecValidFailInst" runstate="Runnable" testcasecount="1" result="Passed" start-time="2022-05-06 21:43:31Z" end-time="2022-05-06 21:43:31Z" duration="0.003086" total="1" passed="1" failed="0" inconclusive="0" skipped="0" asserts="1">
        <test-case id="0-1413" name="TestValidFailInst" fullname="Kaitai.SpecValidFailInst.TestValidFailInst" methodname="TestValidFailInst" classname="Kaitai.SpecValidFailInst" runstate="Runnable" seed="1468252505" result="Passed" start-time="2022-05-06 21:43:31Z" end-time="2022-05-06 21:43:31Z" duration="0.000677" asserts="1" />
      </test-suite>
      <test-suite type="TestFixture" id="0-1414" name="SpecValidFailMaxInt" fullname="Kaitai.SpecValidFailMaxInt" classname="Kaitai.SpecValidFailMaxInt" runstate="Runnable" testcasecount="1" result="Passed" start-time="2022-05-06 21:43:31Z" end-time="2022-05-06 21:43:31Z" duration="0.003030" total="1" passed="1" failed="0" inconclusive="0" skipped="0" asserts="1">
        <test-case id="0-1415" name="TestValidFailMaxInt" fullname="Kaitai.SpecValidFailMaxInt.TestValidFailMaxInt" methodname="TestValidFailMaxInt" classname="Kaitai.SpecValidFailMaxInt" runstate="Runnable" seed="79275217" result="Passed" start-time="2022-05-06 21:43:31Z" end-time="2022-05-06 21:43:31Z" duration="0.000626" asserts="1" />
      </test-suite>
      <test-suite type="TestFixture" id="0-1416" name="SpecValidFailMinInt" fullname="Kaitai.SpecValidFailMinInt" classname="Kaitai.SpecValidFailMinInt" runstate="Runnable" testcasecount="1" result="Passed" start-time="2022-05-06 21:43:31Z" end-time="2022-05-06 21:43:31Z" duration="0.003033" total="1" passed="1" failed="0" inconclusive="0" skipped="0" asserts="1">
        <test-case id="0-1417" name="TestValidFailMinInt" fullname="Kaitai.SpecValidFailMinInt.TestValidFailMinInt" methodname="TestValidFailMinInt" classname="Kaitai.SpecValidFailMinInt" runstate="Runnable" seed="1162624433" result="Passed" start-time="2022-05-06 21:43:31Z" end-time="2022-05-06 21:43:31Z" duration="0.000621" asserts="1" />
      </test-suite>
      <test-suite type="TestFixture" id="0-1418" name="SpecValidFailRangeBytes" fullname="Kaitai.SpecValidFailRangeBytes" classname="Kaitai.SpecValidFailRangeBytes" runstate="Runnable" testcasecount="1" result="Passed" start-time="2022-05-06 21:43:31Z" end-time="2022-05-06 21:43:31Z" duration="0.003065" total="1" passed="1" failed="0" inconclusive="0" skipped="0" asserts="1">
        <test-case id="0-1419" name="TestValidFailRangeBytes" fullname="Kaitai.SpecValidFailRangeBytes.TestValidFailRangeBytes" methodname="TestValidFailRangeBytes" classname="Kaitai.SpecValidFailRangeBytes" runstate="Runnable" seed="40622179" result="Passed" start-time="2022-05-06 21:43:31Z" end-time="2022-05-06 21:43:31Z" duration="0.000652" asserts="1" />
      </test-suite>
      <test-suite type="TestFixture" id="0-1420" name="SpecValidFailRangeFloat" fullname="Kaitai.SpecValidFailRangeFloat" classname="Kaitai.SpecValidFailRangeFloat" runstate="Runnable" testcasecount="1" result="Passed" start-time="2022-05-06 21:43:31Z" end-time="2022-05-06 21:43:31Z" duration="0.004515" total="1" passed="1" failed="0" inconclusive="0" skipped="0" asserts="1">
        <test-case id="0-1421" name="TestValidFailRangeFloat" fullname="Kaitai.SpecValidFailRangeFloat.TestValidFailRangeFloat" methodname="TestValidFailRangeFloat" classname="Kaitai.SpecValidFailRangeFloat" runstate="Runnable" seed="1554635747" result="Passed" start-time="2022-05-06 21:43:31Z" end-time="2022-05-06 21:43:31Z" duration="0.002100" asserts="1" />
      </test-suite>
      <test-suite type="TestFixture" id="0-1422" name="SpecValidFailRangeInt" fullname="Kaitai.SpecValidFailRangeInt" classname="Kaitai.SpecValidFailRangeInt" runstate="Runnable" testcasecount="1" result="Passed" start-time="2022-05-06 21:43:31Z" end-time="2022-05-06 21:43:31Z" duration="0.002952" total="1" passed="1" failed="0" inconclusive="0" skipped="0" asserts="1">
        <test-case id="0-1423" name="TestValidFailRangeInt" fullname="Kaitai.SpecValidFailRangeInt.TestValidFailRangeInt" methodname="TestValidFailRangeInt" classname="Kaitai.SpecValidFailRangeInt" runstate="Runnable" seed="1664134224" result="Passed" start-time="2022-05-06 21:43:31Z" end-time="2022-05-06 21:43:31Z" duration="0.000544" asserts="1" />
      </test-suite>
      <test-suite type="TestFixture" id="0-1424" name="SpecValidFailRangeStr" fullname="Kaitai.SpecValidFailRangeStr" classname="Kaitai.SpecValidFailRangeStr" runstate="Runnable" testcasecount="1" result="Passed" start-time="2022-05-06 21:43:31Z" end-time="2022-05-06 21:43:31Z" duration="0.003156" total="1" passed="1" failed="0" inconclusive="0" skipped="0" asserts="1">
        <test-case id="0-1425" name="TestValidFailRangeStr" fullname="Kaitai.SpecValidFailRangeStr.TestValidFailRangeStr" methodname="TestValidFailRangeStr" classname="Kaitai.SpecValidFailRangeStr" runstate="Runnable" seed="395936087" result="Passed" start-time="2022-05-06 21:43:31Z" end-time="2022-05-06 21:43:31Z" duration="0.000755" asserts="1" />
      </test-suite>
      <test-suite type="TestFixture" id="0-1426" name="SpecValidLong" fullname="Kaitai.SpecValidLong" classname="Kaitai.SpecValidLong" runstate="Runnable" testcasecount="1" result="Passed" start-time="2022-05-06 21:43:31Z" end-time="2022-05-06 21:43:31Z" duration="0.003518" total="1" passed="1" failed="0" inconclusive="0" skipped="0" asserts="0">
        <test-case id="0-1427" name="TestValidLong" fullname="Kaitai.SpecValidLong.TestValidLong" methodname="TestValidLong" classname="Kaitai.SpecValidLong" runstate="Runnable" seed="785813156" result="Passed" start-time="2022-05-06 21:43:31Z" end-time="2022-05-06 21:43:31Z" duration="0.001117" asserts="0" />
      </test-suite>
      <test-suite type="TestFixture" id="0-1428" name="SpecValidNotParsedIf" fullname="Kaitai.SpecValidNotParsedIf" classname="Kaitai.SpecValidNotParsedIf" runstate="Runnable" testcasecount="1" result="Passed" start-time="2022-05-06 21:43:31Z" end-time="2022-05-06 21:43:31Z" duration="0.002967" total="1" passed="1" failed="0" inconclusive="0" skipped="0" asserts="0">
        <test-case id="0-1429" name="TestValidNotParsedIf" fullname="Kaitai.SpecValidNotParsedIf.TestValidNotParsedIf" methodname="TestValidNotParsedIf" classname="Kaitai.SpecValidNotParsedIf" runstate="Runnable" seed="271398930" result="Passed" start-time="2022-05-06 21:43:31Z" end-time="2022-05-06 21:43:31Z" duration="0.000565" asserts="0" />
      </test-suite>
      <test-suite type="TestFixture" id="0-1430" name="SpecValidShort" fullname="Kaitai.SpecValidShort" classname="Kaitai.SpecValidShort" runstate="Runnable" testcasecount="1" result="Passed" start-time="2022-05-06 21:43:31Z" end-time="2022-05-06 21:43:31Z" duration="0.003429" total="1" passed="1" failed="0" inconclusive="0" skipped="0" asserts="0">
        <test-case id="0-1431" name="TestValidShort" fullname="Kaitai.SpecValidShort.TestValidShort" methodname="TestValidShort" classname="Kaitai.SpecValidShort" runstate="Runnable" seed="648539057" result="Passed" start-time="2022-05-06 21:43:31Z" end-time="2022-05-06 21:43:31Z" duration="0.001023" asserts="0" />
      </test-suite>
      <test-suite type="TestFixture" id="0-1432" name="SpecValidSwitch" fullname="Kaitai.SpecValidSwitch" classname="Kaitai.SpecValidSwitch" runstate="Runnable" testcasecount="1" result="Passed" start-time="2022-05-06 21:43:31Z" end-time="2022-05-06 21:43:31Z" duration="0.002887" total="1" passed="1" failed="0" inconclusive="0" skipped="0" asserts="0">
        <test-case id="0-1433" name="TestValidSwitch" fullname="Kaitai.SpecValidSwitch.TestValidSwitch" methodname="TestValidSwitch" classname="Kaitai.SpecValidSwitch" runstate="Runnable" seed="1088660714" result="Passed" start-time="2022-05-06 21:43:31Z" end-time="2022-05-06 21:43:31Z" duration="0.000483" asserts="0" />
      </test-suite>
      <test-suite type="TestFixture" id="0-1434" name="SpecZlibSurrounded" fullname="Kaitai.SpecZlibSurrounded" classname="Kaitai.SpecZlibSurrounded" runstate="Runnable" testcasecount="1" result="Passed" start-time="2022-05-06 21:43:31Z" end-time="2022-05-06 21:43:31Z" duration="0.009239" total="1" passed="1" failed="0" inconclusive="0" skipped="0" asserts="1">
        <test-case id="0-1435" name="TestZlibSurrounded" fullname="Kaitai.SpecZlibSurrounded.TestZlibSurrounded" methodname="TestZlibSurrounded" classname="Kaitai.SpecZlibSurrounded" runstate="Runnable" seed="1367877121" result="Passed" start-time="2022-05-06 21:43:31Z" end-time="2022-05-06 21:43:31Z" duration="0.006119" asserts="1" />
      </test-suite>
      <test-suite type="TestFixture" id="0-1436" name="SpecZlibWithHeader78" fullname="Kaitai.SpecZlibWithHeader78" classname="Kaitai.SpecZlibWithHeader78" runstate="Runnable" testcasecount="1" result="Passed" start-time="2022-05-06 21:43:31Z" end-time="2022-05-06 21:43:31Z" duration="0.002834" total="1" passed="1" failed="0" inconclusive="0" skipped="0" asserts="1">
        <test-case id="0-1437" name="TestZlibWithHeader78" fullname="Kaitai.SpecZlibWithHeader78.TestZlibWithHeader78" methodname="TestZlibWithHeader78" classname="Kaitai.SpecZlibWithHeader78" runstate="Runnable" seed="613723323" result="Passed" start-time="2022-05-06 21:43:31Z" end-time="2022-05-06 21:43:31Z" duration="0.000429" asserts="1" />
      </test-suite>
    </test-suite>
  </test-suite>
</test-run>