<?xml version="1.0" encoding="utf-8" standalone="no"?>
<test-run id="0" runstate="Runnable" testcasecount="251" result="Failed" total="251" passed="249" failed="2" inconclusive="0" skipped="0" asserts="1106" engine-version="3.12.0.0" clr-version="4.0.30319.42000" start-time="2024-09-07 21:46:22Z" end-time="2024-09-07 21:46:23Z" duration="1.092820">
  <command-line><![CDATA[/home/runner/.nuget/packages/nunit.consolerunner/3.12.0/tools/nunit3-console.exe --result=test_out/csharp/TestResult.xml spec/csharp/kaitai_struct_csharp_tests_netframework/bin/Debug/kaitai_struct_csharp_tests.dll]]></command-line>
  <test-suite type="Assembly" id="1-1502" name="kaitai_struct_csharp_tests.dll" fullname="/home/runner/work/ci_targets/ci_targets/tests/spec/csharp/kaitai_struct_csharp_tests_netframework/bin/Debug/kaitai_struct_csharp_tests.dll" runstate="Runnable" testcasecount="251" result="Failed" site="Child" start-time="2024-09-07T21:46:22.8672610Z" end-time="2024-09-07T21:46:23.2988890Z" duration="0.431475" total="251" passed="249" failed="2" warnings="0" inconclusive="0" skipped="0" asserts="1106">
    <environment framework-version="3.14.0.0" clr-version="4.0.30319.42000" os-version="Unix 6.5.0.1025" platform="Unix" cwd="/home/runner/work/ci_targets/ci_targets/tests" machine-name="fv-az1383-952" user="runner" user-domain="fv-az1383-952" culture="" uiculture="" os-architecture="x64" />
    <settings>
      <setting name="DisposeRunners" value="True" />
      <setting name="WorkDirectory" value="/home/runner/work/ci_targets/ci_targets/tests" />
      <setting name="ImageRuntimeVersion" value="4.0.30319" />
      <setting name="ImageTargetFrameworkName" value=".NETFramework,Version=v4.8" />
      <setting name="ImageRequiresX86" value="False" />
      <setting name="ImageRequiresDefaultAppDomainAssemblyResolver" value="False" />
      <setting name="TargetRuntimeFramework" value="mono-4.0" />
      <setting name="NumberOfTestWorkers" value="4" />
    </settings>
    <properties>
      <property name="_PID" value="2526" />
      <property name="_APPDOMAIN" value="domain-" />
    </properties>
    <failure>
      <message><![CDATA[One or more child tests had errors]]></message>
    </failure>
    <test-suite type="TestSuite" id="1-1503" name="Kaitai" fullname="Kaitai" runstate="Runnable" testcasecount="251" result="Failed" site="Child" start-time="2024-09-07T21:46:22.8769580Z" end-time="2024-09-07T21:46:23.2988810Z" duration="0.421922" total="251" passed="249" failed="2" warnings="0" inconclusive="0" skipped="0" asserts="1106">
      <failure>
        <message><![CDATA[One or more child tests had errors]]></message>
      </failure>
      <test-suite type="TestFixture" id="1-1000" name="SpecBcdUserTypeBe" fullname="Kaitai.SpecBcdUserTypeBe" classname="Kaitai.SpecBcdUserTypeBe" runstate="Runnable" testcasecount="1" result="Passed" start-time="2024-09-07T21:46:22.8787100Z" end-time="2024-09-07T21:46:22.9245680Z" duration="0.045858" total="1" passed="1" failed="0" warnings="0" inconclusive="0" skipped="0" asserts="6">
        <test-case id="1-1001" name="TestBcdUserTypeBe" fullname="Kaitai.SpecBcdUserTypeBe.TestBcdUserTypeBe" methodname="TestBcdUserTypeBe" classname="Kaitai.SpecBcdUserTypeBe" runstate="Runnable" seed="1441324366" result="Passed" start-time="2024-09-07T21:46:22.8811370Z" end-time="2024-09-07T21:46:22.9205960Z" duration="0.039586" asserts="6" />
      </test-suite>
      <test-suite type="TestFixture" id="1-1002" name="SpecBcdUserTypeLe" fullname="Kaitai.SpecBcdUserTypeLe" classname="Kaitai.SpecBcdUserTypeLe" runstate="Runnable" testcasecount="1" result="Passed" start-time="2024-09-07T21:46:22.9265700Z" end-time="2024-09-07T21:46:22.9292940Z" duration="0.002724" total="1" passed="1" failed="0" warnings="0" inconclusive="0" skipped="0" asserts="6">
        <test-case id="1-1003" name="TestBcdUserTypeLe" fullname="Kaitai.SpecBcdUserTypeLe.TestBcdUserTypeLe" methodname="TestBcdUserTypeLe" classname="Kaitai.SpecBcdUserTypeLe" runstate="Runnable" seed="1778263318" result="Passed" start-time="2024-09-07T21:46:22.9266930Z" end-time="2024-09-07T21:46:22.9292730Z" duration="0.002580" asserts="6" />
      </test-suite>
      <test-suite type="TestFixture" id="1-1004" name="SpecBitsByteAligned" fullname="Kaitai.SpecBitsByteAligned" classname="Kaitai.SpecBitsByteAligned" runstate="Runnable" testcasecount="1" result="Passed" start-time="2024-09-07T21:46:22.9293130Z" end-time="2024-09-07T21:46:22.9344310Z" duration="0.005119" total="1" passed="1" failed="0" warnings="0" inconclusive="0" skipped="0" asserts="9">
        <test-case id="1-1005" name="TestBitsByteAligned" fullname="Kaitai.SpecBitsByteAligned.TestBitsByteAligned" methodname="TestBitsByteAligned" classname="Kaitai.SpecBitsByteAligned" runstate="Runnable" seed="592648283" result="Passed" start-time="2024-09-07T21:46:22.9294040Z" end-time="2024-09-07T21:46:22.9344120Z" duration="0.005008" asserts="9" />
      </test-suite>
      <test-suite type="TestFixture" id="1-1006" name="SpecBitsEnum" fullname="Kaitai.SpecBitsEnum" classname="Kaitai.SpecBitsEnum" runstate="Runnable" testcasecount="1" result="Passed" start-time="2024-09-07T21:46:22.9344500Z" end-time="2024-09-07T21:46:22.9351490Z" duration="0.000699" total="1" passed="1" failed="0" warnings="0" inconclusive="0" skipped="0" asserts="3">
        <test-case id="1-1007" name="TestBitsEnum" fullname="Kaitai.SpecBitsEnum.TestBitsEnum" methodname="TestBitsEnum" classname="Kaitai.SpecBitsEnum" runstate="Runnable" seed="540671091" result="Passed" start-time="2024-09-07T21:46:22.9345470Z" end-time="2024-09-07T21:46:22.9351310Z" duration="0.000584" asserts="3" />
      </test-suite>
      <test-suite type="TestFixture" id="1-1008" name="SpecBitsSeqEndianCombo" fullname="Kaitai.SpecBitsSeqEndianCombo" classname="Kaitai.SpecBitsSeqEndianCombo" runstate="Runnable" testcasecount="1" result="Passed" start-time="2024-09-07T21:46:22.9351660Z" end-time="2024-09-07T21:46:22.9358270Z" duration="0.000661" total="1" passed="1" failed="0" warnings="0" inconclusive="0" skipped="0" asserts="8">
        <test-case id="1-1009" name="TestBitsSeqEndianCombo" fullname="Kaitai.SpecBitsSeqEndianCombo.TestBitsSeqEndianCombo" methodname="TestBitsSeqEndianCombo" classname="Kaitai.SpecBitsSeqEndianCombo" runstate="Runnable" seed="1663080815" result="Passed" start-time="2024-09-07T21:46:22.9352460Z" end-time="2024-09-07T21:46:22.9358090Z" duration="0.000564" asserts="8" />
      </test-suite>
      <test-suite type="TestFixture" id="1-1010" name="SpecBitsShiftByB32Le" fullname="Kaitai.SpecBitsShiftByB32Le" classname="Kaitai.SpecBitsShiftByB32Le" runstate="Runnable" testcasecount="1" result="Passed" start-time="2024-09-07T21:46:22.9358440Z" end-time="2024-09-07T21:46:22.9362710Z" duration="0.000427" total="1" passed="1" failed="0" warnings="0" inconclusive="0" skipped="0" asserts="2">
        <test-case id="1-1011" name="TestBitsShiftByB32Le" fullname="Kaitai.SpecBitsShiftByB32Le.TestBitsShiftByB32Le" methodname="TestBitsShiftByB32Le" classname="Kaitai.SpecBitsShiftByB32Le" runstate="Runnable" seed="1447890751" result="Passed" start-time="2024-09-07T21:46:22.9359250Z" end-time="2024-09-07T21:46:22.9362530Z" duration="0.000328" asserts="2" />
      </test-suite>
      <test-suite type="TestFixture" id="1-1012" name="SpecBitsShiftByB64Le" fullname="Kaitai.SpecBitsShiftByB64Le" classname="Kaitai.SpecBitsShiftByB64Le" runstate="Runnable" testcasecount="1" result="Passed" start-time="2024-09-07T21:46:22.9362870Z" end-time="2024-09-07T21:46:22.9366650Z" duration="0.000378" total="1" passed="1" failed="0" warnings="0" inconclusive="0" skipped="0" asserts="2">
        <test-case id="1-1013" name="TestBitsShiftByB64Le" fullname="Kaitai.SpecBitsShiftByB64Le.TestBitsShiftByB64Le" methodname="TestBitsShiftByB64Le" classname="Kaitai.SpecBitsShiftByB64Le" runstate="Runnable" seed="1946271301" result="Passed" start-time="2024-09-07T21:46:22.9363640Z" end-time="2024-09-07T21:46:22.9366480Z" duration="0.000285" asserts="2" />
      </test-suite>
      <test-suite type="TestFixture" id="1-1014" name="SpecBitsSignedResB32Be" fullname="Kaitai.SpecBitsSignedResB32Be" classname="Kaitai.SpecBitsSignedResB32Be" runstate="Runnable" testcasecount="1" result="Passed" start-time="2024-09-07T21:46:22.9366810Z" end-time="2024-09-07T21:46:22.9370300Z" duration="0.000349" total="1" passed="1" failed="0" warnings="0" inconclusive="0" skipped="0" asserts="1">
        <test-case id="1-1015" name="TestBitsSignedResB32Be" fullname="Kaitai.SpecBitsSignedResB32Be.TestBitsSignedResB32Be" methodname="TestBitsSignedResB32Be" classname="Kaitai.SpecBitsSignedResB32Be" runstate="Runnable" seed="833283061" result="Passed" start-time="2024-09-07T21:46:22.9367590Z" end-time="2024-09-07T21:46:22.9370130Z" duration="0.000255" asserts="1" />
      </test-suite>
      <test-suite type="TestFixture" id="1-1016" name="SpecBitsSignedResB32Le" fullname="Kaitai.SpecBitsSignedResB32Le" classname="Kaitai.SpecBitsSignedResB32Le" runstate="Runnable" testcasecount="1" result="Passed" start-time="2024-09-07T21:46:22.9370470Z" end-time="2024-09-07T21:46:22.9373830Z" duration="0.000336" total="1" passed="1" failed="0" warnings="0" inconclusive="0" skipped="0" asserts="1">
        <test-case id="1-1017" name="TestBitsSignedResB32Le" fullname="Kaitai.SpecBitsSignedResB32Le.TestBitsSignedResB32Le" methodname="TestBitsSignedResB32Le" classname="Kaitai.SpecBitsSignedResB32Le" runstate="Runnable" seed="271965176" result="Passed" start-time="2024-09-07T21:46:22.9371230Z" end-time="2024-09-07T21:46:22.9373660Z" duration="0.000243" asserts="1" />
      </test-suite>
      <test-suite type="TestFixture" id="1-1018" name="SpecBitsSignedShiftB32Le" fullname="Kaitai.SpecBitsSignedShiftB32Le" classname="Kaitai.SpecBitsSignedShiftB32Le" runstate="Runnable" testcasecount="1" result="Passed" start-time="2024-09-07T21:46:22.9374020Z" end-time="2024-09-07T21:46:22.9378840Z" duration="0.000483" total="1" passed="1" failed="0" warnings="0" inconclusive="0" skipped="0" asserts="2">
        <test-case id="1-1019" name="TestBitsSignedShiftB32Le" fullname="Kaitai.SpecBitsSignedShiftB32Le.TestBitsSignedShiftB32Le" methodname="TestBitsSignedShiftB32Le" classname="Kaitai.SpecBitsSignedShiftB32Le" runstate="Runnable" seed="1636279889" result="Passed" start-time="2024-09-07T21:46:22.9375140Z" end-time="2024-09-07T21:46:22.9378660Z" duration="0.000352" asserts="2" />
      </test-suite>
      <test-suite type="TestFixture" id="1-1020" name="SpecBitsSignedShiftB64Le" fullname="Kaitai.SpecBitsSignedShiftB64Le" classname="Kaitai.SpecBitsSignedShiftB64Le" runstate="Runnable" testcasecount="1" result="Passed" start-time="2024-09-07T21:46:22.9379020Z" end-time="2024-09-07T21:46:22.9383050Z" duration="0.000403" total="1" passed="1" failed="0" warnings="0" inconclusive="0" skipped="0" asserts="2">
        <test-case id="1-1021" name="TestBitsSignedShiftB64Le" fullname="Kaitai.SpecBitsSignedShiftB64Le.TestBitsSignedShiftB64Le" methodname="TestBitsSignedShiftB64Le" classname="Kaitai.SpecBitsSignedShiftB64Le" runstate="Runnable" seed="235524799" result="Passed" start-time="2024-09-07T21:46:22.9380090Z" end-time="2024-09-07T21:46:22.9382890Z" duration="0.000279" asserts="2" />
      </test-suite>
      <test-suite type="TestFixture" id="1-1022" name="SpecBitsSimple" fullname="Kaitai.SpecBitsSimple" classname="Kaitai.SpecBitsSimple" runstate="Runnable" testcasecount="1" result="Passed" start-time="2024-09-07T21:46:22.9383210Z" end-time="2024-09-07T21:46:22.9398250Z" duration="0.001503" total="1" passed="1" failed="0" warnings="0" inconclusive="0" skipped="0" asserts="14">
        <test-case id="1-1023" name="TestBitsSimple" fullname="Kaitai.SpecBitsSimple.TestBitsSimple" methodname="TestBitsSimple" classname="Kaitai.SpecBitsSimple" runstate="Runnable" seed="1151570859" result="Passed" start-time="2024-09-07T21:46:22.9383910Z" end-time="2024-09-07T21:46:22.9398050Z" duration="0.001415" asserts="14" />
      </test-suite>
      <test-suite type="TestFixture" id="1-1024" name="SpecBitsSimpleLe" fullname="Kaitai.SpecBitsSimpleLe" classname="Kaitai.SpecBitsSimpleLe" runstate="Runnable" testcasecount="1" result="Passed" start-time="2024-09-07T21:46:22.9398420Z" end-time="2024-09-07T21:46:22.9406490Z" duration="0.000807" total="1" passed="1" failed="0" warnings="0" inconclusive="0" skipped="0" asserts="14">
        <test-case id="1-1025" name="TestBitsSimpleLe" fullname="Kaitai.SpecBitsSimpleLe.TestBitsSimpleLe" methodname="TestBitsSimpleLe" classname="Kaitai.SpecBitsSimpleLe" runstate="Runnable" seed="2011482998" result="Passed" start-time="2024-09-07T21:46:22.9399120Z" end-time="2024-09-07T21:46:22.9406310Z" duration="0.000719" asserts="14" />
      </test-suite>
      <test-suite type="TestFixture" id="1-1026" name="SpecBitsUnalignedB32Be" fullname="Kaitai.SpecBitsUnalignedB32Be" classname="Kaitai.SpecBitsUnalignedB32Be" runstate="Runnable" testcasecount="1" result="Passed" start-time="2024-09-07T21:46:22.9406660Z" end-time="2024-09-07T21:46:22.9410840Z" duration="0.000417" total="1" passed="1" failed="0" warnings="0" inconclusive="0" skipped="0" asserts="3">
        <test-case id="1-1027" name="TestBitsUnalignedB32Be" fullname="Kaitai.SpecBitsUnalignedB32Be.TestBitsUnalignedB32Be" methodname="TestBitsUnalignedB32Be" classname="Kaitai.SpecBitsUnalignedB32Be" runstate="Runnable" seed="1257522083" result="Passed" start-time="2024-09-07T21:46:22.9407370Z" end-time="2024-09-07T21:46:22.9410670Z" duration="0.000331" asserts="3" />
      </test-suite>
      <test-suite type="TestFixture" id="1-1028" name="SpecBitsUnalignedB32Le" fullname="Kaitai.SpecBitsUnalignedB32Le" classname="Kaitai.SpecBitsUnalignedB32Le" runstate="Runnable" testcasecount="1" result="Passed" start-time="2024-09-07T21:46:22.9411000Z" end-time="2024-09-07T21:46:22.9415130Z" duration="0.000413" total="1" passed="1" failed="0" warnings="0" inconclusive="0" skipped="0" asserts="3">
        <test-case id="1-1029" name="TestBitsUnalignedB32Le" fullname="Kaitai.SpecBitsUnalignedB32Le.TestBitsUnalignedB32Le" methodname="TestBitsUnalignedB32Le" classname="Kaitai.SpecBitsUnalignedB32Le" runstate="Runnable" seed="1151107888" result="Passed" start-time="2024-09-07T21:46:22.9411700Z" end-time="2024-09-07T21:46:22.9414970Z" duration="0.000327" asserts="3" />
      </test-suite>
      <test-suite type="TestFixture" id="1-1030" name="SpecBitsUnalignedB64Be" fullname="Kaitai.SpecBitsUnalignedB64Be" classname="Kaitai.SpecBitsUnalignedB64Be" runstate="Runnable" testcasecount="1" result="Passed" start-time="2024-09-07T21:46:22.9415330Z" end-time="2024-09-07T21:46:22.9419670Z" duration="0.000434" total="1" passed="1" failed="0" warnings="0" inconclusive="0" skipped="0" asserts="3">
        <test-case id="1-1031" name="TestBitsUnalignedB64Be" fullname="Kaitai.SpecBitsUnalignedB64Be.TestBitsUnalignedB64Be" methodname="TestBitsUnalignedB64Be" classname="Kaitai.SpecBitsUnalignedB64Be" runstate="Runnable" seed="691351855" result="Passed" start-time="2024-09-07T21:46:22.9416010Z" end-time="2024-09-07T21:46:22.9419500Z" duration="0.000349" asserts="3" />
      </test-suite>
      <test-suite type="TestFixture" id="1-1032" name="SpecBitsUnalignedB64Le" fullname="Kaitai.SpecBitsUnalignedB64Le" classname="Kaitai.SpecBitsUnalignedB64Le" runstate="Runnable" testcasecount="1" result="Passed" start-time="2024-09-07T21:46:22.9446760Z" end-time="2024-09-07T21:46:22.9452470Z" duration="0.000571" total="1" passed="1" failed="0" warnings="0" inconclusive="0" skipped="0" asserts="3">
        <test-case id="1-1033" name="TestBitsUnalignedB64Le" fullname="Kaitai.SpecBitsUnalignedB64Le.TestBitsUnalignedB64Le" methodname="TestBitsUnalignedB64Le" classname="Kaitai.SpecBitsUnalignedB64Le" runstate="Runnable" seed="1772940254" result="Passed" start-time="2024-09-07T21:46:22.9447740Z" end-time="2024-09-07T21:46:22.9452280Z" duration="0.000455" asserts="3" />
      </test-suite>
      <test-suite type="TestFixture" id="1-1034" name="SpecBufferedStruct" fullname="Kaitai.SpecBufferedStruct" classname="Kaitai.SpecBufferedStruct" runstate="Runnable" testcasecount="1" result="Passed" start-time="2024-09-07T21:46:22.9452640Z" end-time="2024-09-07T21:46:22.9464220Z" duration="0.001158" total="1" passed="1" failed="0" warnings="0" inconclusive="0" skipped="0" asserts="7">
        <test-case id="1-1035" name="TestBufferedStruct" fullname="Kaitai.SpecBufferedStruct.TestBufferedStruct" methodname="TestBufferedStruct" classname="Kaitai.SpecBufferedStruct" runstate="Runnable" seed="726136821" result="Passed" start-time="2024-09-07T21:46:22.9453370Z" end-time="2024-09-07T21:46:22.9464030Z" duration="0.001066" asserts="7" />
      </test-suite>
      <test-suite type="TestFixture" id="1-1036" name="SpecBytesPadTerm" fullname="Kaitai.SpecBytesPadTerm" classname="Kaitai.SpecBytesPadTerm" runstate="Runnable" testcasecount="1" result="Passed" start-time="2024-09-07T21:46:22.9464400Z" end-time="2024-09-07T21:46:22.9471090Z" duration="0.000669" total="1" passed="1" failed="0" warnings="0" inconclusive="0" skipped="0" asserts="4">
        <test-case id="1-1037" name="TestBytesPadTerm" fullname="Kaitai.SpecBytesPadTerm.TestBytesPadTerm" methodname="TestBytesPadTerm" classname="Kaitai.SpecBytesPadTerm" runstate="Runnable" seed="806372039" result="Passed" start-time="2024-09-07T21:46:22.9465120Z" end-time="2024-09-07T21:46:22.9470910Z" duration="0.000579" asserts="4" />
      </test-suite>
      <test-suite type="TestFixture" id="1-1038" name="SpecCastNested" fullname="Kaitai.SpecCastNested" classname="Kaitai.SpecCastNested" runstate="Runnable" testcasecount="1" result="Passed" start-time="2024-09-07T21:46:22.9471260Z" end-time="2024-09-07T21:46:22.9623530Z" duration="0.015227" total="1" passed="1" failed="0" warnings="0" inconclusive="0" skipped="0" asserts="4">
        <test-case id="1-1039" name="TestCastNested" fullname="Kaitai.SpecCastNested.TestCastNested" methodname="TestCastNested" classname="Kaitai.SpecCastNested" runstate="Runnable" seed="1442376256" result="Passed" start-time="2024-09-07T21:46:22.9471960Z" end-time="2024-09-07T21:46:22.9623290Z" duration="0.015133" asserts="4" />
      </test-suite>
      <test-suite type="TestFixture" id="1-1040" name="SpecCastToTop" fullname="Kaitai.SpecCastToTop" classname="Kaitai.SpecCastToTop" runstate="Runnable" testcasecount="1" result="Passed" start-time="2024-09-07T21:46:22.9623750Z" end-time="2024-09-07T21:46:22.9632560Z" duration="0.000882" total="1" passed="1" failed="0" warnings="0" inconclusive="0" skipped="0" asserts="3">
        <test-case id="1-1041" name="TestCastToTop" fullname="Kaitai.SpecCastToTop.TestCastToTop" methodname="TestCastToTop" classname="Kaitai.SpecCastToTop" runstate="Runnable" seed="1506707449" result="Passed" start-time="2024-09-07T21:46:22.9624550Z" end-time="2024-09-07T21:46:22.9632370Z" duration="0.000782" asserts="3" />
      </test-suite>
      <test-suite type="TestFixture" id="1-1042" name="SpecCombineBool" fullname="Kaitai.SpecCombineBool" classname="Kaitai.SpecCombineBool" runstate="Runnable" testcasecount="1" result="Passed" start-time="2024-09-07T21:46:22.9632750Z" end-time="2024-09-07T21:46:22.9637620Z" duration="0.000487" total="1" passed="1" failed="0" warnings="0" inconclusive="0" skipped="0" asserts="2">
        <test-case id="1-1043" name="TestCombineBool" fullname="Kaitai.SpecCombineBool.TestCombineBool" methodname="TestCombineBool" classname="Kaitai.SpecCombineBool" runstate="Runnable" seed="129690548" result="Passed" start-time="2024-09-07T21:46:22.9633460Z" end-time="2024-09-07T21:46:22.9637430Z" duration="0.000397" asserts="2" />
      </test-suite>
      <test-suite type="TestFixture" id="1-1044" name="SpecCombineBytes" fullname="Kaitai.SpecCombineBytes" classname="Kaitai.SpecCombineBytes" runstate="Runnable" testcasecount="1" result="Passed" start-time="2024-09-07T21:46:22.9637790Z" end-time="2024-09-07T21:46:22.9646780Z" duration="0.000899" total="1" passed="1" failed="0" warnings="0" inconclusive="0" skipped="0" asserts="10">
        <test-case id="1-1045" name="TestCombineBytes" fullname="Kaitai.SpecCombineBytes.TestCombineBytes" methodname="TestCombineBytes" classname="Kaitai.SpecCombineBytes" runstate="Runnable" seed="860036540" result="Passed" start-time="2024-09-07T21:46:22.9638490Z" end-time="2024-09-07T21:46:22.9646600Z" duration="0.000811" asserts="10" />
      </test-suite>
      <test-suite type="TestFixture" id="1-1046" name="SpecCombineEnum" fullname="Kaitai.SpecCombineEnum" classname="Kaitai.SpecCombineEnum" runstate="Runnable" testcasecount="1" result="Passed" start-time="2024-09-07T21:46:22.9646960Z" end-time="2024-09-07T21:46:22.9652440Z" duration="0.000548" total="1" passed="1" failed="0" warnings="0" inconclusive="0" skipped="0" asserts="3">
        <test-case id="1-1047" name="TestCombineEnum" fullname="Kaitai.SpecCombineEnum.TestCombineEnum" methodname="TestCombineEnum" classname="Kaitai.SpecCombineEnum" runstate="Runnable" seed="1885724708" result="Passed" start-time="2024-09-07T21:46:22.9647690Z" end-time="2024-09-07T21:46:22.9652270Z" duration="0.000458" asserts="3" />
      </test-suite>
      <test-suite type="TestFixture" id="1-1048" name="SpecCombineStr" fullname="Kaitai.SpecCombineStr" classname="Kaitai.SpecCombineStr" runstate="Runnable" testcasecount="1" result="Passed" start-time="2024-09-07T21:46:22.9652600Z" end-time="2024-09-07T21:46:22.9662870Z" duration="0.001027" total="1" passed="1" failed="0" warnings="0" inconclusive="0" skipped="0" asserts="15">
        <test-case id="1-1049" name="TestCombineStr" fullname="Kaitai.SpecCombineStr.TestCombineStr" methodname="TestCombineStr" classname="Kaitai.SpecCombineStr" runstate="Runnable" seed="1108694321" result="Passed" start-time="2024-09-07T21:46:22.9653280Z" end-time="2024-09-07T21:46:22.9662690Z" duration="0.000941" asserts="15" />
      </test-suite>
      <test-suite type="TestFixture" id="1-1050" name="SpecDebug0" fullname="Kaitai.SpecDebug0" classname="Kaitai.SpecDebug0" runstate="Runnable" testcasecount="1" result="Passed" start-time="2024-09-07T21:46:22.9663040Z" end-time="2024-09-07T21:46:22.9664180Z" duration="0.000114" total="1" passed="1" failed="0" warnings="0" inconclusive="0" skipped="0" asserts="0">
        <test-case id="1-1051" name="TestDebug0" fullname="Kaitai.SpecDebug0.TestDebug0" methodname="TestDebug0" classname="Kaitai.SpecDebug0" runstate="Runnable" seed="45910472" result="Passed" start-time="2024-09-07T21:46:22.9663750Z" end-time="2024-09-07T21:46:22.9664040Z" duration="0.000030" asserts="0" />
      </test-suite>
      <test-suite type="TestFixture" id="1-1052" name="SpecDebugArrayUser" fullname="Kaitai.SpecDebugArrayUser" classname="Kaitai.SpecDebugArrayUser" runstate="Runnable" testcasecount="1" result="Passed" start-time="2024-09-07T21:46:22.9664330Z" end-time="2024-09-07T21:46:22.9672020Z" duration="0.000769" total="1" passed="1" failed="0" warnings="0" inconclusive="0" skipped="0" asserts="4">
        <test-case id="1-1053" name="TestDebugArrayUser" fullname="Kaitai.SpecDebugArrayUser.TestDebugArrayUser" methodname="TestDebugArrayUser" classname="Kaitai.SpecDebugArrayUser" runstate="Runnable" seed="205472585" result="Passed" start-time="2024-09-07T21:46:22.9664930Z" end-time="2024-09-07T21:46:22.9671840Z" duration="0.000691" asserts="4" />
      </test-suite>
      <test-suite type="TestFixture" id="1-1054" name="SpecDebugEnumName" fullname="Kaitai.SpecDebugEnumName" classname="Kaitai.SpecDebugEnumName" runstate="Runnable" testcasecount="1" result="Passed" start-time="2024-09-07T21:46:22.9672190Z" end-time="2024-09-07T21:46:22.9673340Z" duration="0.000115" total="1" passed="1" failed="0" warnings="0" inconclusive="0" skipped="0" asserts="0">
        <test-case id="1-1055" name="TestDebugEnumName" fullname="Kaitai.SpecDebugEnumName.TestDebugEnumName" methodname="TestDebugEnumName" classname="Kaitai.SpecDebugEnumName" runstate="Runnable" seed="1647345413" result="Passed" start-time="2024-09-07T21:46:22.9672900Z" end-time="2024-09-07T21:46:22.9673190Z" duration="0.000030" asserts="0" />
      </test-suite>
      <test-suite type="TestFixture" id="1-1056" name="SpecDebugSwitchUser" fullname="Kaitai.SpecDebugSwitchUser" classname="Kaitai.SpecDebugSwitchUser" runstate="Runnable" testcasecount="1" result="Passed" start-time="2024-09-07T21:46:22.9673480Z" end-time="2024-09-07T21:46:22.9679100Z" duration="0.000562" total="1" passed="1" failed="0" warnings="0" inconclusive="0" skipped="0" asserts="2">
        <test-case id="1-1057" name="TestDebugSwitchUser" fullname="Kaitai.SpecDebugSwitchUser.TestDebugSwitchUser" methodname="TestDebugSwitchUser" classname="Kaitai.SpecDebugSwitchUser" runstate="Runnable" seed="865996299" result="Passed" start-time="2024-09-07T21:46:22.9674090Z" end-time="2024-09-07T21:46:22.9678930Z" duration="0.000484" asserts="2" />
      </test-suite>
      <test-suite type="TestFixture" id="1-1058" name="SpecDefaultBigEndian" fullname="Kaitai.SpecDefaultBigEndian" classname="Kaitai.SpecDefaultBigEndian" runstate="Runnable" testcasecount="1" result="Passed" start-time="2024-09-07T21:46:22.9679270Z" end-time="2024-09-07T21:46:22.9683120Z" duration="0.000384" total="1" passed="1" failed="0" warnings="0" inconclusive="0" skipped="0" asserts="1">
        <test-case id="1-1059" name="TestDefaultBigEndian" fullname="Kaitai.SpecDefaultBigEndian.TestDefaultBigEndian" methodname="TestDefaultBigEndian" classname="Kaitai.SpecDefaultBigEndian" runstate="Runnable" seed="1801289202" result="Passed" start-time="2024-09-07T21:46:22.9679950Z" end-time="2024-09-07T21:46:22.9682950Z" duration="0.000300" asserts="1" />
      </test-suite>
      <test-suite type="TestFixture" id="1-1060" name="SpecDefaultBitEndianMod" fullname="Kaitai.SpecDefaultBitEndianMod" classname="Kaitai.SpecDefaultBitEndianMod" runstate="Runnable" testcasecount="1" result="Passed" start-time="2024-09-07T21:46:22.9683290Z" end-time="2024-09-07T21:46:22.9691420Z" duration="0.000814" total="1" passed="1" failed="0" warnings="0" inconclusive="0" skipped="0" asserts="4">
        <test-case id="1-1061" name="TestDefaultBitEndianMod" fullname="Kaitai.SpecDefaultBitEndianMod.TestDefaultBitEndianMod" methodname="TestDefaultBitEndianMod" classname="Kaitai.SpecDefaultBitEndianMod" runstate="Runnable" seed="1209030428" result="Passed" start-time="2024-09-07T21:46:22.9683980Z" end-time="2024-09-07T21:46:22.9691200Z" duration="0.000723" asserts="4" />
      </test-suite>
      <test-suite type="TestFixture" id="1-1062" name="SpecDefaultEndianExprException" fullname="Kaitai.SpecDefaultEndianExprException" classname="Kaitai.SpecDefaultEndianExprException" runstate="Runnable" testcasecount="1" result="Passed" start-time="2024-09-07T21:46:22.9691660Z" end-time="2024-09-07T21:46:22.9743000Z" duration="0.005134" total="1" passed="1" failed="0" warnings="0" inconclusive="0" skipped="0" asserts="1">
        <test-case id="1-1063" name="TestDefaultEndianExprException" fullname="Kaitai.SpecDefaultEndianExprException.TestDefaultEndianExprException" methodname="TestDefaultEndianExprException" classname="Kaitai.SpecDefaultEndianExprException" runstate="Runnable" seed="180248170" result="Passed" start-time="2024-09-07T21:46:22.9692560Z" end-time="2024-09-07T21:46:22.9742800Z" duration="0.005025" asserts="1" />
      </test-suite>
      <test-suite type="TestFixture" id="1-1064" name="SpecDefaultEndianExprInherited" fullname="Kaitai.SpecDefaultEndianExprInherited" classname="Kaitai.SpecDefaultEndianExprInherited" runstate="Runnable" testcasecount="1" result="Passed" start-time="2024-09-07T21:46:22.9743200Z" end-time="2024-09-07T21:46:22.9765240Z" duration="0.002203" total="1" passed="1" failed="0" warnings="0" inconclusive="0" skipped="0" asserts="15">
        <test-case id="1-1065" name="TestDefaultEndianExprInherited" fullname="Kaitai.SpecDefaultEndianExprInherited.TestDefaultEndianExprInherited" methodname="TestDefaultEndianExprInherited" classname="Kaitai.SpecDefaultEndianExprInherited" runstate="Runnable" seed="1146478559" result="Passed" start-time="2024-09-07T21:46:22.9743930Z" end-time="2024-09-07T21:46:22.9765040Z" duration="0.002112" asserts="15" />
      </test-suite>
      <test-suite type="TestFixture" id="1-1066" name="SpecDefaultEndianExprIsBe" fullname="Kaitai.SpecDefaultEndianExprIsBe" classname="Kaitai.SpecDefaultEndianExprIsBe" runstate="Runnable" testcasecount="1" result="Passed" start-time="2024-09-07T21:46:22.9765430Z" end-time="2024-09-07T21:46:22.9787270Z" duration="0.002184" total="1" passed="1" failed="0" warnings="0" inconclusive="0" skipped="0" asserts="18">
        <test-case id="1-1067" name="TestDefaultEndianExprIsBe" fullname="Kaitai.SpecDefaultEndianExprIsBe.TestDefaultEndianExprIsBe" methodname="TestDefaultEndianExprIsBe" classname="Kaitai.SpecDefaultEndianExprIsBe" runstate="Runnable" seed="1704484943" result="Passed" start-time="2024-09-07T21:46:22.9766160Z" end-time="2024-09-07T21:46:22.9787080Z" duration="0.002091" asserts="18" />
      </test-suite>
      <test-suite type="TestFixture" id="1-1068" name="SpecDefaultEndianExprIsLe" fullname="Kaitai.SpecDefaultEndianExprIsLe" classname="Kaitai.SpecDefaultEndianExprIsLe" runstate="Runnable" testcasecount="1" result="Passed" start-time="2024-09-07T21:46:22.9787450Z" end-time="2024-09-07T21:46:22.9801210Z" duration="0.001376" total="1" passed="1" failed="0" warnings="0" inconclusive="0" skipped="0" asserts="12">
        <test-case id="1-1069" name="TestDefaultEndianExprIsLe" fullname="Kaitai.SpecDefaultEndianExprIsLe.TestDefaultEndianExprIsLe" methodname="TestDefaultEndianExprIsLe" classname="Kaitai.SpecDefaultEndianExprIsLe" runstate="Runnable" seed="1435159852" result="Passed" start-time="2024-09-07T21:46:22.9788170Z" end-time="2024-09-07T21:46:22.9801020Z" duration="0.001285" asserts="12" />
      </test-suite>
      <test-suite type="TestFixture" id="1-1070" name="SpecDefaultEndianMod" fullname="Kaitai.SpecDefaultEndianMod" classname="Kaitai.SpecDefaultEndianMod" runstate="Runnable" testcasecount="1" result="Passed" start-time="2024-09-07T21:46:22.9801380Z" end-time="2024-09-07T21:46:22.9808450Z" duration="0.000706" total="1" passed="1" failed="0" warnings="0" inconclusive="0" skipped="0" asserts="3">
        <test-case id="1-1071" name="TestDefaultEndianMod" fullname="Kaitai.SpecDefaultEndianMod.TestDefaultEndianMod" methodname="TestDefaultEndianMod" classname="Kaitai.SpecDefaultEndianMod" runstate="Runnable" seed="63535149" result="Passed" start-time="2024-09-07T21:46:22.9802300Z" end-time="2024-09-07T21:46:22.9808270Z" duration="0.000597" asserts="3" />
      </test-suite>
      <test-suite type="TestFixture" id="1-1072" name="SpecDocstrings" fullname="Kaitai.SpecDocstrings" classname="Kaitai.SpecDocstrings" runstate="Runnable" testcasecount="1" result="Passed" start-time="2024-09-07T21:46:22.9808620Z" end-time="2024-09-07T21:46:22.9811820Z" duration="0.000320" total="1" passed="1" failed="0" warnings="0" inconclusive="0" skipped="0" asserts="0">
        <test-case id="1-1073" name="TestDocstrings" fullname="Kaitai.SpecDocstrings.TestDocstrings" methodname="TestDocstrings" classname="Kaitai.SpecDocstrings" runstate="Runnable" seed="408944454" result="Passed" start-time="2024-09-07T21:46:22.9809320Z" end-time="2024-09-07T21:46:22.9811650Z" duration="0.000234" asserts="0" />
      </test-suite>
      <test-suite type="TestFixture" id="1-1074" name="SpecDocstringsDocref" fullname="Kaitai.SpecDocstringsDocref" classname="Kaitai.SpecDocstringsDocref" runstate="Runnable" testcasecount="1" result="Passed" start-time="2024-09-07T21:46:22.9811990Z" end-time="2024-09-07T21:46:22.9815190Z" duration="0.000319" total="1" passed="1" failed="0" warnings="0" inconclusive="0" skipped="0" asserts="0">
        <test-case id="1-1075" name="TestDocstringsDocref" fullname="Kaitai.SpecDocstringsDocref.TestDocstringsDocref" methodname="TestDocstringsDocref" classname="Kaitai.SpecDocstringsDocref" runstate="Runnable" seed="370816691" result="Passed" start-time="2024-09-07T21:46:22.9812660Z" end-time="2024-09-07T21:46:22.9815020Z" duration="0.000236" asserts="0" />
      </test-suite>
      <test-suite type="TestFixture" id="1-1076" name="SpecDocstringsDocrefMulti" fullname="Kaitai.SpecDocstringsDocrefMulti" classname="Kaitai.SpecDocstringsDocrefMulti" runstate="Runnable" testcasecount="1" result="Passed" start-time="2024-09-07T21:46:22.9815360Z" end-time="2024-09-07T21:46:22.9818500Z" duration="0.000314" total="1" passed="1" failed="0" warnings="0" inconclusive="0" skipped="0" asserts="0">
        <test-case id="1-1077" name="TestDocstringsDocrefMulti" fullname="Kaitai.SpecDocstringsDocrefMulti.TestDocstringsDocrefMulti" methodname="TestDocstringsDocrefMulti" classname="Kaitai.SpecDocstringsDocrefMulti" runstate="Runnable" seed="1638531053" result="Passed" start-time="2024-09-07T21:46:22.9816020Z" end-time="2024-09-07T21:46:22.9818330Z" duration="0.000231" asserts="0" />
      </test-suite>
      <test-suite type="TestFixture" id="1-1078" name="SpecEnum0" fullname="Kaitai.SpecEnum0" classname="Kaitai.SpecEnum0" runstate="Runnable" testcasecount="1" result="Passed" start-time="2024-09-07T21:46:22.9818710Z" end-time="2024-09-07T21:46:22.9829010Z" duration="0.001030" total="1" passed="1" failed="0" warnings="0" inconclusive="0" skipped="0" asserts="2">
        <test-case id="1-1079" name="TestEnum0" fullname="Kaitai.SpecEnum0.TestEnum0" methodname="TestEnum0" classname="Kaitai.SpecEnum0" runstate="Runnable" seed="438691835" result="Passed" start-time="2024-09-07T21:46:22.9819390Z" end-time="2024-09-07T21:46:22.9828820Z" duration="0.000943" asserts="2" />
      </test-suite>
      <test-suite type="TestFixture" id="1-1080" name="SpecEnum1" fullname="Kaitai.SpecEnum1" classname="Kaitai.SpecEnum1" runstate="Runnable" testcasecount="1" result="Passed" start-time="2024-09-07T21:46:22.9829190Z" end-time="2024-09-07T21:46:22.9836790Z" duration="0.000761" total="1" passed="1" failed="0" warnings="0" inconclusive="0" skipped="0" asserts="2">
        <test-case id="1-1081" name="TestEnum1" fullname="Kaitai.SpecEnum1.TestEnum1" methodname="TestEnum1" classname="Kaitai.SpecEnum1" runstate="Runnable" seed="393075204" result="Passed" start-time="2024-09-07T21:46:22.9829990Z" end-time="2024-09-07T21:46:22.9836620Z" duration="0.000663" asserts="2" />
      </test-suite>
      <test-suite type="TestFixture" id="1-1082" name="SpecEnumDeep" fullname="Kaitai.SpecEnumDeep" classname="Kaitai.SpecEnumDeep" runstate="Runnable" testcasecount="1" result="Passed" start-time="2024-09-07T21:46:22.9836970Z" end-time="2024-09-07T21:46:22.9842130Z" duration="0.000516" total="1" passed="1" failed="0" warnings="0" inconclusive="0" skipped="0" asserts="2">
        <test-case id="1-1083" name="TestEnumDeep" fullname="Kaitai.SpecEnumDeep.TestEnumDeep" methodname="TestEnumDeep" classname="Kaitai.SpecEnumDeep" runstate="Runnable" seed="42520686" result="Passed" start-time="2024-09-07T21:46:22.9837820Z" end-time="2024-09-07T21:46:22.9841900Z" duration="0.000409" asserts="2" />
      </test-suite>
      <test-suite type="TestFixture" id="1-1084" name="SpecEnumDeepLiterals" fullname="Kaitai.SpecEnumDeepLiterals" classname="Kaitai.SpecEnumDeepLiterals" runstate="Runnable" testcasecount="1" result="Passed" start-time="2024-09-07T21:46:22.9842370Z" end-time="2024-09-07T21:46:22.9848710Z" duration="0.000634" total="1" passed="1" failed="0" warnings="0" inconclusive="0" skipped="0" asserts="2">
        <test-case id="1-1085" name="TestEnumDeepLiterals" fullname="Kaitai.SpecEnumDeepLiterals.TestEnumDeepLiterals" methodname="TestEnumDeepLiterals" classname="Kaitai.SpecEnumDeepLiterals" runstate="Runnable" seed="371779724" result="Passed" start-time="2024-09-07T21:46:22.9843350Z" end-time="2024-09-07T21:46:22.9848520Z" duration="0.000517" asserts="2" />
      </test-suite>
      <test-suite type="TestFixture" id="1-1086" name="SpecEnumFancy" fullname="Kaitai.SpecEnumFancy" classname="Kaitai.SpecEnumFancy" runstate="Runnable" testcasecount="1" result="Passed" start-time="2024-09-07T21:46:22.9848880Z" end-time="2024-09-07T21:46:22.9854030Z" duration="0.000515" total="1" passed="1" failed="0" warnings="0" inconclusive="0" skipped="0" asserts="2">
        <test-case id="1-1087" name="TestEnumFancy" fullname="Kaitai.SpecEnumFancy.TestEnumFancy" methodname="TestEnumFancy" classname="Kaitai.SpecEnumFancy" runstate="Runnable" seed="137221450" result="Passed" start-time="2024-09-07T21:46:22.9849660Z" end-time="2024-09-07T21:46:22.9853800Z" duration="0.000414" asserts="2" />
      </test-suite>
      <test-suite type="TestFixture" id="1-1088" name="SpecEnumIf" fullname="Kaitai.SpecEnumIf" classname="Kaitai.SpecEnumIf" runstate="Runnable" testcasecount="1" result="Passed" start-time="2024-09-07T21:46:22.9854260Z" end-time="2024-09-07T21:46:22.9867240Z" duration="0.001298" total="1" passed="1" failed="0" warnings="0" inconclusive="0" skipped="0" asserts="7">
        <test-case id="1-1089" name="TestEnumIf" fullname="Kaitai.SpecEnumIf.TestEnumIf" methodname="TestEnumIf" classname="Kaitai.SpecEnumIf" runstate="Runnable" seed="1941584819" result="Passed" start-time="2024-09-07T21:46:22.9855220Z" end-time="2024-09-07T21:46:22.9867070Z" duration="0.001185" asserts="7" />
      </test-suite>
      <test-suite type="TestFixture" id="1-1090" name="SpecEnumImportLiterals" fullname="Kaitai.SpecEnumImportLiterals" classname="Kaitai.SpecEnumImportLiterals" runstate="Runnable" testcasecount="1" result="Passed" start-time="2024-09-07T21:46:22.9867410Z" end-time="2024-09-07T21:46:22.9873440Z" duration="0.000603" total="1" passed="1" failed="0" warnings="0" inconclusive="0" skipped="0" asserts="3">
        <test-case id="1-1091" name="TestEnumImportLiterals" fullname="Kaitai.SpecEnumImportLiterals.TestEnumImportLiterals" methodname="TestEnumImportLiterals" classname="Kaitai.SpecEnumImportLiterals" runstate="Runnable" seed="1009614178" result="Passed" start-time="2024-09-07T21:46:22.9868140Z" end-time="2024-09-07T21:46:22.9873210Z" duration="0.000507" asserts="3" />
      </test-suite>
      <test-suite type="TestFixture" id="1-1092" name="SpecEnumImportSeq" fullname="Kaitai.SpecEnumImportSeq" classname="Kaitai.SpecEnumImportSeq" runstate="Runnable" testcasecount="1" result="Passed" start-time="2024-09-07T21:46:22.9873670Z" end-time="2024-09-07T21:46:22.9878640Z" duration="0.000497" total="1" passed="1" failed="0" warnings="0" inconclusive="0" skipped="0" asserts="2">
        <test-case id="1-1093" name="TestEnumImportSeq" fullname="Kaitai.SpecEnumImportSeq.TestEnumImportSeq" methodname="TestEnumImportSeq" classname="Kaitai.SpecEnumImportSeq" runstate="Runnable" seed="1912468885" result="Passed" start-time="2024-09-07T21:46:22.9874630Z" end-time="2024-09-07T21:46:22.9878400Z" duration="0.000377" asserts="2" />
      </test-suite>
      <test-suite type="TestFixture" id="1-1094" name="SpecEnumIntRangeS" fullname="Kaitai.SpecEnumIntRangeS" classname="Kaitai.SpecEnumIntRangeS" runstate="Runnable" testcasecount="1" result="Passed" start-time="2024-09-07T21:46:22.9878860Z" end-time="2024-09-07T21:46:22.9884400Z" duration="0.000553" total="1" passed="1" failed="0" warnings="0" inconclusive="0" skipped="0" asserts="3">
        <test-case id="1-1095" name="TestEnumIntRangeS" fullname="Kaitai.SpecEnumIntRangeS.TestEnumIntRangeS" methodname="TestEnumIntRangeS" classname="Kaitai.SpecEnumIntRangeS" runstate="Runnable" seed="1286495360" result="Passed" start-time="2024-09-07T21:46:22.9879600Z" end-time="2024-09-07T21:46:22.9884190Z" duration="0.000459" asserts="3" />
      </test-suite>
      <test-suite type="TestFixture" id="1-1096" name="SpecEnumInvalid" fullname="Kaitai.SpecEnumInvalid" classname="Kaitai.SpecEnumInvalid" runstate="Runnable" testcasecount="1" result="Passed" start-time="2024-09-07T21:46:22.9884630Z" end-time="2024-09-07T21:46:22.9889910Z" duration="0.000529" total="1" passed="1" failed="0" warnings="0" inconclusive="0" skipped="0" asserts="2">
        <test-case id="1-1097" name="TestEnumInvalid" fullname="Kaitai.SpecEnumInvalid.TestEnumInvalid" methodname="TestEnumInvalid" classname="Kaitai.SpecEnumInvalid" runstate="Runnable" seed="531297434" result="Passed" start-time="2024-09-07T21:46:22.9885510Z" end-time="2024-09-07T21:46:22.9889710Z" duration="0.000420" asserts="2" />
      </test-suite>
      <test-suite type="TestFixture" id="1-1098" name="SpecEnumNegative" fullname="Kaitai.SpecEnumNegative" classname="Kaitai.SpecEnumNegative" runstate="Runnable" testcasecount="1" result="Passed" start-time="2024-09-07T21:46:22.9890120Z" end-time="2024-09-07T21:46:22.9896260Z" duration="0.000615" total="1" passed="1" failed="0" warnings="0" inconclusive="0" skipped="0" asserts="2">
        <test-case id="1-1099" name="TestEnumNegative" fullname="Kaitai.SpecEnumNegative.TestEnumNegative" methodname="TestEnumNegative" classname="Kaitai.SpecEnumNegative" runstate="Runnable" seed="4860828" result="Passed" start-time="2024-09-07T21:46:22.9891020Z" end-time="2024-09-07T21:46:22.9896060Z" duration="0.000504" asserts="2" />
      </test-suite>
      <test-suite type="TestFixture" id="1-1100" name="SpecEnumOfValueInst" fullname="Kaitai.SpecEnumOfValueInst" classname="Kaitai.SpecEnumOfValueInst" runstate="Runnable" testcasecount="1" result="Passed" start-time="2024-09-07T21:46:22.9896680Z" end-time="2024-09-07T21:46:22.9904470Z" duration="0.000778" total="1" passed="1" failed="0" warnings="0" inconclusive="0" skipped="0" asserts="4">
        <test-case id="1-1101" name="TestEnumOfValueInst" fullname="Kaitai.SpecEnumOfValueInst.TestEnumOfValueInst" methodname="TestEnumOfValueInst" classname="Kaitai.SpecEnumOfValueInst" runstate="Runnable" seed="1511929933" result="Passed" start-time="2024-09-07T21:46:22.9897580Z" end-time="2024-09-07T21:46:22.9904200Z" duration="0.000662" asserts="4" />
      </test-suite>
      <test-suite type="TestFixture" id="1-1102" name="SpecEofExceptionBytes" fullname="Kaitai.SpecEofExceptionBytes" classname="Kaitai.SpecEofExceptionBytes" runstate="Runnable" testcasecount="1" result="Passed" start-time="2024-09-07T21:46:22.9904710Z" end-time="2024-09-07T21:46:22.9917280Z" duration="0.001257" total="1" passed="1" failed="0" warnings="0" inconclusive="0" skipped="0" asserts="1">
        <test-case id="1-1103" name="TestEofExceptionBytes" fullname="Kaitai.SpecEofExceptionBytes.TestEofExceptionBytes" methodname="TestEofExceptionBytes" classname="Kaitai.SpecEofExceptionBytes" runstate="Runnable" seed="215344087" result="Passed" start-time="2024-09-07T21:46:22.9905470Z" end-time="2024-09-07T21:46:22.9917040Z" duration="0.001156" asserts="1" />
      </test-suite>
      <test-suite type="TestFixture" id="1-1104" name="SpecEofExceptionSized" fullname="Kaitai.SpecEofExceptionSized" classname="Kaitai.SpecEofExceptionSized" runstate="Runnable" testcasecount="1" result="Passed" start-time="2024-09-07T21:46:22.9917520Z" end-time="2024-09-07T21:46:22.9923330Z" duration="0.000581" total="1" passed="1" failed="0" warnings="0" inconclusive="0" skipped="0" asserts="1">
        <test-case id="1-1105" name="TestEofExceptionSized" fullname="Kaitai.SpecEofExceptionSized.TestEofExceptionSized" methodname="TestEofExceptionSized" classname="Kaitai.SpecEofExceptionSized" runstate="Runnable" seed="1982091430" result="Passed" start-time="2024-09-07T21:46:22.9918520Z" end-time="2024-09-07T21:46:22.9923100Z" duration="0.000458" asserts="1" />
      </test-suite>
      <test-suite type="TestFixture" id="1-1106" name="SpecEofExceptionU4" fullname="Kaitai.SpecEofExceptionU4" classname="Kaitai.SpecEofExceptionU4" runstate="Runnable" testcasecount="1" result="Passed" start-time="2024-09-07T21:46:22.9923540Z" end-time="2024-09-07T21:46:22.9928810Z" duration="0.000527" total="1" passed="1" failed="0" warnings="0" inconclusive="0" skipped="0" asserts="1">
        <test-case id="1-1107" name="TestEofExceptionU4" fullname="Kaitai.SpecEofExceptionU4.TestEofExceptionU4" methodname="TestEofExceptionU4" classname="Kaitai.SpecEofExceptionU4" runstate="Runnable" seed="1604024732" result="Passed" start-time="2024-09-07T21:46:22.9924300Z" end-time="2024-09-07T21:46:22.9928650Z" duration="0.000435" asserts="1" />
      </test-suite>
      <test-suite type="TestFixture" id="1-1108" name="SpecEosExceptionBytes" fullname="Kaitai.SpecEosExceptionBytes" classname="Kaitai.SpecEosExceptionBytes" runstate="Runnable" testcasecount="1" result="Passed" start-time="2024-09-07T21:46:22.9928990Z" end-time="2024-09-07T21:46:22.9934930Z" duration="0.000594" total="1" passed="1" failed="0" warnings="0" inconclusive="0" skipped="0" asserts="1">
        <test-case id="1-1109" name="TestEosExceptionBytes" fullname="Kaitai.SpecEosExceptionBytes.TestEosExceptionBytes" methodname="TestEosExceptionBytes" classname="Kaitai.SpecEosExceptionBytes" runstate="Runnable" seed="1240638736" result="Passed" start-time="2024-09-07T21:46:22.9929710Z" end-time="2024-09-07T21:46:22.9934710Z" duration="0.000501" asserts="1" />
      </test-suite>
      <test-suite type="TestFixture" id="1-1110" name="SpecEosExceptionSized" fullname="Kaitai.SpecEosExceptionSized" classname="Kaitai.SpecEosExceptionSized" runstate="Runnable" testcasecount="1" result="Passed" start-time="2024-09-07T21:46:22.9935160Z" end-time="2024-09-07T21:46:22.9941930Z" duration="0.000677" total="1" passed="1" failed="0" warnings="0" inconclusive="0" skipped="0" asserts="1">
        <test-case id="1-1111" name="TestEosExceptionSized" fullname="Kaitai.SpecEosExceptionSized.TestEosExceptionSized" methodname="TestEosExceptionSized" classname="Kaitai.SpecEosExceptionSized" runstate="Runnable" seed="1350493891" result="Passed" start-time="2024-09-07T21:46:22.9936130Z" end-time="2024-09-07T21:46:22.9941760Z" duration="0.000563" asserts="1" />
      </test-suite>
      <test-suite type="TestFixture" id="1-1112" name="SpecEosExceptionU4" fullname="Kaitai.SpecEosExceptionU4" classname="Kaitai.SpecEosExceptionU4" runstate="Runnable" testcasecount="1" result="Passed" start-time="2024-09-07T21:46:22.9942190Z" end-time="2024-09-07T21:46:22.9948980Z" duration="0.000679" total="1" passed="1" failed="0" warnings="0" inconclusive="0" skipped="0" asserts="1">
        <test-case id="1-1113" name="TestEosExceptionU4" fullname="Kaitai.SpecEosExceptionU4.TestEosExceptionU4" methodname="TestEosExceptionU4" classname="Kaitai.SpecEosExceptionU4" runstate="Runnable" seed="447567290" result="Passed" start-time="2024-09-07T21:46:22.9943140Z" end-time="2024-09-07T21:46:22.9948820Z" duration="0.000568" asserts="1" />
      </test-suite>
      <test-suite type="TestFixture" id="1-1114" name="SpecExpr0" fullname="Kaitai.SpecExpr0" classname="Kaitai.SpecExpr0" runstate="Runnable" testcasecount="1" result="Passed" start-time="2024-09-07T21:46:22.9949150Z" end-time="2024-09-07T21:46:22.9955090Z" duration="0.000594" total="1" passed="1" failed="0" warnings="0" inconclusive="0" skipped="0" asserts="2">
        <test-case id="1-1115" name="TestExpr0" fullname="Kaitai.SpecExpr0.TestExpr0" methodname="TestExpr0" classname="Kaitai.SpecExpr0" runstate="Runnable" seed="1505614782" result="Passed" start-time="2024-09-07T21:46:22.9949990Z" end-time="2024-09-07T21:46:22.9954860Z" duration="0.000487" asserts="2" />
      </test-suite>
      <test-suite type="TestFixture" id="1-1116" name="SpecExpr1" fullname="Kaitai.SpecExpr1" classname="Kaitai.SpecExpr1" runstate="Runnable" testcasecount="1" result="Passed" start-time="2024-09-07T21:46:22.9955280Z" end-time="2024-09-07T21:46:22.9961820Z" duration="0.000654" total="1" passed="1" failed="0" warnings="0" inconclusive="0" skipped="0" asserts="4">
        <test-case id="1-1117" name="TestExpr1" fullname="Kaitai.SpecExpr1.TestExpr1" methodname="TestExpr1" classname="Kaitai.SpecExpr1" runstate="Runnable" seed="755658620" result="Passed" start-time="2024-09-07T21:46:22.9956000Z" end-time="2024-09-07T21:46:22.9961600Z" duration="0.000560" asserts="4" />
      </test-suite>
      <test-suite type="TestFixture" id="1-1118" name="SpecExpr2" fullname="Kaitai.SpecExpr2" classname="Kaitai.SpecExpr2" runstate="Runnable" testcasecount="1" result="Passed" start-time="2024-09-07T21:46:22.9962070Z" end-time="2024-09-07T21:46:22.9981860Z" duration="0.001979" total="1" passed="1" failed="0" warnings="0" inconclusive="0" skipped="0" asserts="17">
        <test-case id="1-1119" name="TestExpr2" fullname="Kaitai.SpecExpr2.TestExpr2" methodname="TestExpr2" classname="Kaitai.SpecExpr2" runstate="Runnable" seed="1644101244" result="Passed" start-time="2024-09-07T21:46:22.9963030Z" end-time="2024-09-07T21:46:22.9981670Z" duration="0.001864" asserts="17" />
      </test-suite>
      <test-suite type="TestFixture" id="1-1120" name="SpecExpr3" fullname="Kaitai.SpecExpr3" classname="Kaitai.SpecExpr3" runstate="Runnable" testcasecount="1" result="Passed" start-time="2024-09-07T21:46:22.9982040Z" end-time="2024-09-07T21:46:22.9997250Z" duration="0.001521" total="1" passed="1" failed="0" warnings="0" inconclusive="0" skipped="0" asserts="12">
        <test-case id="1-1121" name="TestExpr3" fullname="Kaitai.SpecExpr3.TestExpr3" methodname="TestExpr3" classname="Kaitai.SpecExpr3" runstate="Runnable" seed="1760870420" result="Passed" start-time="2024-09-07T21:46:22.9982840Z" end-time="2024-09-07T21:46:22.9997050Z" duration="0.001421" asserts="12" />
      </test-suite>
      <test-suite type="TestFixture" id="1-1122" name="SpecExprArray" fullname="Kaitai.SpecExprArray" classname="Kaitai.SpecExprArray" runstate="Runnable" testcasecount="1" result="Passed" start-time="2024-09-07T21:46:22.9997490Z" end-time="2024-09-07T21:46:23.0073100Z" duration="0.007560" total="1" passed="1" failed="0" warnings="0" inconclusive="0" skipped="0" asserts="15">
        <test-case id="1-1123" name="TestExprArray" fullname="Kaitai.SpecExprArray.TestExprArray" methodname="TestExprArray" classname="Kaitai.SpecExprArray" runstate="Runnable" seed="87305688" result="Passed" start-time="2024-09-07T21:46:22.9998450Z" end-time="2024-09-07T21:46:23.0072890Z" duration="0.007444" asserts="15" />
      </test-suite>
      <test-suite type="TestFixture" id="1-1124" name="SpecExprBytesCmp" fullname="Kaitai.SpecExprBytesCmp" classname="Kaitai.SpecExprBytesCmp" runstate="Runnable" testcasecount="1" result="Passed" start-time="2024-09-07T21:46:23.0073270Z" end-time="2024-09-07T21:46:23.0088600Z" duration="0.001532" total="1" passed="1" failed="0" warnings="0" inconclusive="0" skipped="0" asserts="10">
        <test-case id="1-1125" name="TestExprBytesCmp" fullname="Kaitai.SpecExprBytesCmp.TestExprBytesCmp" methodname="TestExprBytesCmp" classname="Kaitai.SpecExprBytesCmp" runstate="Runnable" seed="1548444122" result="Passed" start-time="2024-09-07T21:46:23.0074150Z" end-time="2024-09-07T21:46:23.0088370Z" duration="0.001422" asserts="10" />
      </test-suite>
      <test-suite type="TestFixture" id="1-1126" name="SpecExprBytesNonLiteral" fullname="Kaitai.SpecExprBytesNonLiteral" classname="Kaitai.SpecExprBytesNonLiteral" runstate="Runnable" testcasecount="1" result="Passed" start-time="2024-09-07T21:46:23.0088840Z" end-time="2024-09-07T21:46:23.0094990Z" duration="0.000615" total="1" passed="1" failed="0" warnings="0" inconclusive="0" skipped="0" asserts="3">
        <test-case id="1-1127" name="TestExprBytesNonLiteral" fullname="Kaitai.SpecExprBytesNonLiteral.TestExprBytesNonLiteral" methodname="TestExprBytesNonLiteral" classname="Kaitai.SpecExprBytesNonLiteral" runstate="Runnable" seed="385018730" result="Passed" start-time="2024-09-07T21:46:23.0089850Z" end-time="2024-09-07T21:46:23.0094810Z" duration="0.000496" asserts="3" />
      </test-suite>
      <test-suite type="TestFixture" id="1-1128" name="SpecExprBytesOps" fullname="Kaitai.SpecExprBytesOps" classname="Kaitai.SpecExprBytesOps" runstate="Runnable" testcasecount="1" result="Passed" start-time="2024-09-07T21:46:23.0095160Z" end-time="2024-09-07T21:46:23.0131310Z" duration="0.003615" total="1" passed="1" failed="0" warnings="0" inconclusive="0" skipped="0" asserts="16">
        <test-case id="1-1129" name="TestExprBytesOps" fullname="Kaitai.SpecExprBytesOps.TestExprBytesOps" methodname="TestExprBytesOps" classname="Kaitai.SpecExprBytesOps" runstate="Runnable" seed="2067557976" result="Passed" start-time="2024-09-07T21:46:23.0095930Z" end-time="2024-09-07T21:46:23.0131110Z" duration="0.003519" asserts="16" />
      </test-suite>
      <test-suite type="TestFixture" id="1-1130" name="SpecExprCalcArrayOps" fullname="Kaitai.SpecExprCalcArrayOps" classname="Kaitai.SpecExprCalcArrayOps" runstate="Runnable" testcasecount="1" result="Passed" start-time="2024-09-07T21:46:23.0131500Z" end-time="2024-09-07T21:46:23.0169980Z" duration="0.003848" total="1" passed="1" failed="0" warnings="0" inconclusive="0" skipped="0" asserts="18">
        <test-case id="1-1131" name="TestExprCalcArrayOps" fullname="Kaitai.SpecExprCalcArrayOps.TestExprCalcArrayOps" methodname="TestExprCalcArrayOps" classname="Kaitai.SpecExprCalcArrayOps" runstate="Runnable" seed="738984974" result="Passed" start-time="2024-09-07T21:46:23.0132220Z" end-time="2024-09-07T21:46:23.0169760Z" duration="0.003754" asserts="18" />
      </test-suite>
      <test-suite type="TestFixture" id="1-1132" name="SpecExprEnum" fullname="Kaitai.SpecExprEnum" classname="Kaitai.SpecExprEnum" runstate="Runnable" testcasecount="1" result="Passed" start-time="2024-09-07T21:46:23.0170240Z" end-time="2024-09-07T21:46:23.0177440Z" duration="0.000720" total="1" passed="1" failed="0" warnings="0" inconclusive="0" skipped="0" asserts="3">
        <test-case id="1-1133" name="TestExprEnum" fullname="Kaitai.SpecExprEnum.TestExprEnum" methodname="TestExprEnum" classname="Kaitai.SpecExprEnum" runstate="Runnable" seed="2004962529" result="Passed" start-time="2024-09-07T21:46:23.0171260Z" end-time="2024-09-07T21:46:23.0177210Z" duration="0.000596" asserts="3" />
      </test-suite>
      <test-suite type="TestFixture" id="1-1134" name="SpecExprFstring0" fullname="Kaitai.SpecExprFstring0" classname="Kaitai.SpecExprFstring0" runstate="Runnable" testcasecount="1" result="Passed" start-time="2024-09-07T21:46:23.0177690Z" end-time="2024-09-07T21:46:23.0190310Z" duration="0.001261" total="1" passed="1" failed="0" warnings="0" inconclusive="0" skipped="0" asserts="9">
        <test-case id="1-1135" name="TestExprFstring0" fullname="Kaitai.SpecExprFstring0.TestExprFstring0" methodname="TestExprFstring0" classname="Kaitai.SpecExprFstring0" runstate="Runnable" seed="846200938" result="Passed" start-time="2024-09-07T21:46:23.0178700Z" end-time="2024-09-07T21:46:23.0190110Z" duration="0.001142" asserts="9" />
      </test-suite>
      <test-suite type="TestFixture" id="1-1136" name="SpecExprIfIntOps" fullname="Kaitai.SpecExprIfIntOps" classname="Kaitai.SpecExprIfIntOps" runstate="Runnable" testcasecount="1" result="Passed" start-time="2024-09-07T21:46:23.0190490Z" end-time="2024-09-07T21:46:23.0200330Z" duration="0.000983" total="1" passed="1" failed="0" warnings="0" inconclusive="0" skipped="0" asserts="2">
        <test-case id="1-1137" name="TestExprIfIntOps" fullname="Kaitai.SpecExprIfIntOps.TestExprIfIntOps" methodname="TestExprIfIntOps" classname="Kaitai.SpecExprIfIntOps" runstate="Runnable" seed="345922807" result="Passed" start-time="2024-09-07T21:46:23.0191240Z" end-time="2024-09-07T21:46:23.0200060Z" duration="0.000882" asserts="2" />
      </test-suite>
      <test-suite type="TestFixture" id="1-1138" name="SpecExprIntDiv" fullname="Kaitai.SpecExprIntDiv" classname="Kaitai.SpecExprIntDiv" runstate="Runnable" testcasecount="1" result="Failed" site="Child" start-time="2024-09-07T21:46:23.0200580Z" end-time="2024-09-07T21:46:23.0370470Z" duration="0.016989" total="1" passed="0" failed="1" warnings="0" inconclusive="0" skipped="0" asserts="4">
        <failure>
          <message><![CDATA[One or more child tests had errors]]></message>
        </failure>
        <test-case id="1-1139" name="TestExprIntDiv" fullname="Kaitai.SpecExprIntDiv.TestExprIntDiv" methodname="TestExprIntDiv" classname="Kaitai.SpecExprIntDiv" runstate="Runnable" seed="765118818" result="Failed" start-time="2024-09-07T21:46:23.0201530Z" end-time="2024-09-07T21:46:23.0369720Z" duration="0.016819" asserts="4">
          <failure>
            <message><![CDATA[  Expected: -756
  But was:  -757
]]></message>
            <stack-trace><![CDATA[  at Kaitai.SpecExprIntDiv.TestExprIntDiv () [0x00063] in /home/runner/work/ci_targets/ci_targets/tests/spec/csharp/kaitai_struct_csharp_tests/tests/SpecExprIntDiv.cs:18 
]]></stack-trace>
          </failure>
          <assertions>
            <assertion result="Failed">
              <message><![CDATA[  Expected: -756
  But was:  -757
]]></message>
              <stack-trace><![CDATA[  at Kaitai.SpecExprIntDiv.TestExprIntDiv () [0x00063] in /home/runner/work/ci_targets/ci_targets/tests/spec/csharp/kaitai_struct_csharp_tests/tests/SpecExprIntDiv.cs:18 
]]></stack-trace>
            </assertion>
          </assertions>
        </test-case>
      </test-suite>
      <test-suite type="TestFixture" id="1-1140" name="SpecExprIoEof" fullname="Kaitai.SpecExprIoEof" classname="Kaitai.SpecExprIoEof" runstate="Runnable" testcasecount="1" result="Passed" start-time="2024-09-07T21:46:23.0370760Z" end-time="2024-09-07T21:46:23.0383760Z" duration="0.001300" total="1" passed="1" failed="0" warnings="0" inconclusive="0" skipped="0" asserts="4">
        <test-case id="1-1141" name="TestExprIoEof" fullname="Kaitai.SpecExprIoEof.TestExprIoEof" methodname="TestExprIoEof" classname="Kaitai.SpecExprIoEof" runstate="Runnable" seed="281120448" result="Passed" start-time="2024-09-07T21:46:23.0371730Z" end-time="2024-09-07T21:46:23.0383570Z" duration="0.001184" asserts="4" />
      </test-suite>
      <test-suite type="TestFixture" id="1-1142" name="SpecExprIoPos" fullname="Kaitai.SpecExprIoPos" classname="Kaitai.SpecExprIoPos" runstate="Runnable" testcasecount="1" result="Passed" start-time="2024-09-07T21:46:23.0383940Z" end-time="2024-09-07T21:46:23.0393980Z" duration="0.001004" total="1" passed="1" failed="0" warnings="0" inconclusive="0" skipped="0" asserts="6">
        <test-case id="1-1143" name="TestExprIoPos" fullname="Kaitai.SpecExprIoPos.TestExprIoPos" methodname="TestExprIoPos" classname="Kaitai.SpecExprIoPos" runstate="Runnable" seed="1865596136" result="Passed" start-time="2024-09-07T21:46:23.0384910Z" end-time="2024-09-07T21:46:23.0393760Z" duration="0.000885" asserts="6" />
      </test-suite>
      <test-suite type="TestFixture" id="1-1144" name="SpecExprMod" fullname="Kaitai.SpecExprMod" classname="Kaitai.SpecExprMod" runstate="Runnable" testcasecount="1" result="Passed" start-time="2024-09-07T21:46:23.0394240Z" end-time="2024-09-07T21:46:23.0404760Z" duration="0.001052" total="1" passed="1" failed="0" warnings="0" inconclusive="0" skipped="0" asserts="6">
        <test-case id="1-1145" name="TestExprMod" fullname="Kaitai.SpecExprMod.TestExprMod" methodname="TestExprMod" classname="Kaitai.SpecExprMod" runstate="Runnable" seed="536635078" result="Passed" start-time="2024-09-07T21:46:23.0395080Z" end-time="2024-09-07T21:46:23.0404540Z" duration="0.000946" asserts="6" />
      </test-suite>
      <test-suite type="TestFixture" id="1-1146" name="SpecExprOpsParens" fullname="Kaitai.SpecExprOpsParens" classname="Kaitai.SpecExprOpsParens" runstate="Runnable" testcasecount="1" result="Passed" start-time="2024-09-07T21:46:23.0405020Z" end-time="2024-09-07T21:46:23.0444250Z" duration="0.003923" total="1" passed="1" failed="0" warnings="0" inconclusive="0" skipped="0" asserts="9">
        <test-case id="1-1147" name="TestExprOpsParens" fullname="Kaitai.SpecExprOpsParens.TestExprOpsParens" methodname="TestExprOpsParens" classname="Kaitai.SpecExprOpsParens" runstate="Runnable" seed="163367364" result="Passed" start-time="2024-09-07T21:46:23.0405900Z" end-time="2024-09-07T21:46:23.0444010Z" duration="0.003811" asserts="9" />
      </test-suite>
      <test-suite type="TestFixture" id="1-1148" name="SpecExprSizeofType0" fullname="Kaitai.SpecExprSizeofType0" classname="Kaitai.SpecExprSizeofType0" runstate="Runnable" testcasecount="1" result="Passed" start-time="2024-09-07T21:46:23.0444510Z" end-time="2024-09-07T21:46:23.0449160Z" duration="0.000465" total="1" passed="1" failed="0" warnings="0" inconclusive="0" skipped="0" asserts="1">
        <test-case id="1-1149" name="TestExprSizeofType0" fullname="Kaitai.SpecExprSizeofType0.TestExprSizeofType0" methodname="TestExprSizeofType0" classname="Kaitai.SpecExprSizeofType0" runstate="Runnable" seed="37709395" result="Passed" start-time="2024-09-07T21:46:23.0445390Z" end-time="2024-09-07T21:46:23.0448940Z" duration="0.000356" asserts="1" />
      </test-suite>
      <test-suite type="TestFixture" id="1-1150" name="SpecExprSizeofType1" fullname="Kaitai.SpecExprSizeofType1" classname="Kaitai.SpecExprSizeofType1" runstate="Runnable" testcasecount="1" result="Passed" start-time="2024-09-07T21:46:23.0449400Z" end-time="2024-09-07T21:46:23.0454580Z" duration="0.000518" total="1" passed="1" failed="0" warnings="0" inconclusive="0" skipped="0" asserts="2">
        <test-case id="1-1151" name="TestExprSizeofType1" fullname="Kaitai.SpecExprSizeofType1.TestExprSizeofType1" methodname="TestExprSizeofType1" classname="Kaitai.SpecExprSizeofType1" runstate="Runnable" seed="1604556007" result="Passed" start-time="2024-09-07T21:46:23.0450220Z" end-time="2024-09-07T21:46:23.0454360Z" duration="0.000414" asserts="2" />
      </test-suite>
      <test-suite type="TestFixture" id="1-1152" name="SpecExprSizeofValue0" fullname="Kaitai.SpecExprSizeofValue0" classname="Kaitai.SpecExprSizeofValue0" runstate="Runnable" testcasecount="1" result="Passed" start-time="2024-09-07T21:46:23.0454810Z" end-time="2024-09-07T21:46:23.0462180Z" duration="0.000737" total="1" passed="1" failed="0" warnings="0" inconclusive="0" skipped="0" asserts="5">
        <test-case id="1-1153" name="TestExprSizeofValue0" fullname="Kaitai.SpecExprSizeofValue0.TestExprSizeofValue0" methodname="TestExprSizeofValue0" classname="Kaitai.SpecExprSizeofValue0" runstate="Runnable" seed="1857631840" result="Passed" start-time="2024-09-07T21:46:23.0455650Z" end-time="2024-09-07T21:46:23.0462000Z" duration="0.000635" asserts="5" />
      </test-suite>
      <test-suite type="TestFixture" id="1-1154" name="SpecExprSizeofValueSized" fullname="Kaitai.SpecExprSizeofValueSized" classname="Kaitai.SpecExprSizeofValueSized" runstate="Runnable" testcasecount="1" result="Passed" start-time="2024-09-07T21:46:23.0462360Z" end-time="2024-09-07T21:46:23.0471850Z" duration="0.000949" total="1" passed="1" failed="0" warnings="0" inconclusive="0" skipped="0" asserts="5">
        <test-case id="1-1155" name="TestExprSizeofValueSized" fullname="Kaitai.SpecExprSizeofValueSized.TestExprSizeofValueSized" methodname="TestExprSizeofValueSized" classname="Kaitai.SpecExprSizeofValueSized" runstate="Runnable" seed="163325236" result="Passed" start-time="2024-09-07T21:46:23.0463050Z" end-time="2024-09-07T21:46:23.0471660Z" duration="0.000862" asserts="5" />
      </test-suite>
      <test-suite type="TestFixture" id="1-1156" name="SpecExprStrEncodings" fullname="Kaitai.SpecExprStrEncodings" classname="Kaitai.SpecExprStrEncodings" runstate="Runnable" testcasecount="1" result="Passed" start-time="2024-09-07T21:46:23.0472020Z" end-time="2024-09-07T21:46:23.1236900Z" duration="0.076488" total="1" passed="1" failed="0" warnings="0" inconclusive="0" skipped="0" asserts="7">
        <test-case id="1-1157" name="TestExprStrEncodings" fullname="Kaitai.SpecExprStrEncodings.TestExprStrEncodings" methodname="TestExprStrEncodings" classname="Kaitai.SpecExprStrEncodings" runstate="Runnable" seed="1162935360" result="Passed" start-time="2024-09-07T21:46:23.0472880Z" end-time="2024-09-07T21:46:23.1236390Z" duration="0.076351" asserts="7" />
      </test-suite>
      <test-suite type="TestFixture" id="1-1158" name="SpecExprStrOps" fullname="Kaitai.SpecExprStrOps" classname="Kaitai.SpecExprStrOps" runstate="Runnable" testcasecount="1" result="Passed" start-time="2024-09-07T21:46:23.1237250Z" end-time="2024-09-07T21:46:23.1255920Z" duration="0.001867" total="1" passed="1" failed="0" warnings="0" inconclusive="0" skipped="0" asserts="18">
        <test-case id="1-1159" name="TestExprStrOps" fullname="Kaitai.SpecExprStrOps.TestExprStrOps" methodname="TestExprStrOps" classname="Kaitai.SpecExprStrOps" runstate="Runnable" seed="883418284" result="Passed" start-time="2024-09-07T21:46:23.1238340Z" end-time="2024-09-07T21:46:23.1255590Z" duration="0.001725" asserts="18" />
      </test-suite>
      <test-suite type="TestFixture" id="1-1160" name="SpecExprToITrailing" fullname="Kaitai.SpecExprToITrailing" classname="Kaitai.SpecExprToITrailing" runstate="Runnable" testcasecount="1" result="Passed" start-time="2024-09-07T21:46:23.1256180Z" end-time="2024-09-07T21:46:23.1267840Z" duration="0.001166" total="1" passed="1" failed="0" warnings="0" inconclusive="0" skipped="0" asserts="3">
        <test-case id="1-1161" name="TestExprToITrailing" fullname="Kaitai.SpecExprToITrailing.TestExprToITrailing" methodname="TestExprToITrailing" classname="Kaitai.SpecExprToITrailing" runstate="Runnable" seed="110893703" result="Passed" start-time="2024-09-07T21:46:23.1257470Z" end-time="2024-09-07T21:46:23.1267610Z" duration="0.001014" asserts="3" />
      </test-suite>
      <test-suite type="TestFixture" id="1-1162" name="SpecFixedContents" fullname="Kaitai.SpecFixedContents" classname="Kaitai.SpecFixedContents" runstate="Runnable" testcasecount="1" result="Passed" start-time="2024-09-07T21:46:23.1268090Z" end-time="2024-09-07T21:46:23.1274090Z" duration="0.000600" total="1" passed="1" failed="0" warnings="0" inconclusive="0" skipped="0" asserts="0">
        <test-case id="1-1163" name="TestFixedContents" fullname="Kaitai.SpecFixedContents.TestFixedContents" methodname="TestFixedContents" classname="Kaitai.SpecFixedContents" runstate="Runnable" seed="1546939456" result="Passed" start-time="2024-09-07T21:46:23.1269080Z" end-time="2024-09-07T21:46:23.1273900Z" duration="0.000482" asserts="0" />
      </test-suite>
      <test-suite type="TestFixture" id="1-1164" name="SpecFixedStruct" fullname="Kaitai.SpecFixedStruct" classname="Kaitai.SpecFixedStruct" runstate="Runnable" testcasecount="1" result="Passed" start-time="2024-09-07T21:46:23.1274300Z" end-time="2024-09-07T21:46:23.1297900Z" duration="0.002360" total="1" passed="1" failed="0" warnings="0" inconclusive="0" skipped="0" asserts="20">
        <test-case id="1-1165" name="TestFixedStruct" fullname="Kaitai.SpecFixedStruct.TestFixedStruct" methodname="TestFixedStruct" classname="Kaitai.SpecFixedStruct" runstate="Runnable" seed="1770412672" result="Passed" start-time="2024-09-07T21:46:23.1275300Z" end-time="2024-09-07T21:46:23.1297710Z" duration="0.002241" asserts="20" />
      </test-suite>
      <test-suite type="TestFixture" id="1-1168" name="SpecFloatingPoints" fullname="Kaitai.SpecFloatingPoints" classname="Kaitai.SpecFloatingPoints" runstate="Runnable" testcasecount="1" result="Passed" start-time="2024-09-07T21:46:23.1298080Z" end-time="2024-09-07T21:46:23.1309390Z" duration="0.001132" total="1" passed="1" failed="0" warnings="0" inconclusive="0" skipped="0" asserts="8">
        <test-case id="1-1169" name="TestFloatingPoints" fullname="Kaitai.SpecFloatingPoints.TestFloatingPoints" methodname="TestFloatingPoints" classname="Kaitai.SpecFloatingPoints" runstate="Runnable" seed="240390753" result="Passed" start-time="2024-09-07T21:46:23.1299070Z" end-time="2024-09-07T21:46:23.1309150Z" duration="0.001009" asserts="8" />
      </test-suite>
      <test-suite type="TestFixture" id="1-1166" name="SpecFloatToI" fullname="Kaitai.SpecFloatToI" classname="Kaitai.SpecFloatToI" runstate="Runnable" testcasecount="1" result="Passed" start-time="2024-09-07T21:46:23.1309670Z" end-time="2024-09-07T21:46:23.1328890Z" duration="0.001922" total="1" passed="1" failed="0" warnings="0" inconclusive="0" skipped="0" asserts="8">
        <test-case id="1-1167" name="TestFloatToI" fullname="Kaitai.SpecFloatToI.TestFloatToI" methodname="TestFloatToI" classname="Kaitai.SpecFloatToI" runstate="Runnable" seed="108898433" result="Passed" start-time="2024-09-07T21:46:23.1310650Z" end-time="2024-09-07T21:46:23.1328670Z" duration="0.001802" asserts="8" />
      </test-suite>
      <test-suite type="TestFixture" id="1-1170" name="SpecHelloWorld" fullname="Kaitai.SpecHelloWorld" classname="Kaitai.SpecHelloWorld" runstate="Runnable" testcasecount="1" result="Passed" start-time="2024-09-07T21:46:23.1329130Z" end-time="2024-09-07T21:46:23.1334110Z" duration="0.000498" total="1" passed="1" failed="0" warnings="0" inconclusive="0" skipped="0" asserts="1">
        <test-case id="1-1171" name="TestHelloWorld" fullname="Kaitai.SpecHelloWorld.TestHelloWorld" methodname="TestHelloWorld" classname="Kaitai.SpecHelloWorld" runstate="Runnable" seed="2049907987" result="Passed" start-time="2024-09-07T21:46:23.1330130Z" end-time="2024-09-07T21:46:23.1333890Z" duration="0.000376" asserts="1" />
      </test-suite>
      <test-suite type="TestFixture" id="1-1172" name="SpecIfInstances" fullname="Kaitai.SpecIfInstances" classname="Kaitai.SpecIfInstances" runstate="Runnable" testcasecount="1" result="Passed" start-time="2024-09-07T21:46:23.1334350Z" end-time="2024-09-07T21:46:23.1340460Z" duration="0.000611" total="1" passed="1" failed="0" warnings="0" inconclusive="0" skipped="0" asserts="1">
        <test-case id="1-1173" name="TestIfInstances" fullname="Kaitai.SpecIfInstances.TestIfInstances" methodname="TestIfInstances" classname="Kaitai.SpecIfInstances" runstate="Runnable" seed="506944929" result="Passed" start-time="2024-09-07T21:46:23.1335290Z" end-time="2024-09-07T21:46:23.1340270Z" duration="0.000498" asserts="1" />
      </test-suite>
      <test-suite type="TestFixture" id="1-1174" name="SpecIfStruct" fullname="Kaitai.SpecIfStruct" classname="Kaitai.SpecIfStruct" runstate="Runnable" testcasecount="1" result="Passed" start-time="2024-09-07T21:46:23.1340660Z" end-time="2024-09-07T21:46:23.1352420Z" duration="0.001176" total="1" passed="1" failed="0" warnings="0" inconclusive="0" skipped="0" asserts="7">
        <test-case id="1-1175" name="TestIfStruct" fullname="Kaitai.SpecIfStruct.TestIfStruct" methodname="TestIfStruct" classname="Kaitai.SpecIfStruct" runstate="Runnable" seed="1774621366" result="Passed" start-time="2024-09-07T21:46:23.1341650Z" end-time="2024-09-07T21:46:23.1352200Z" duration="0.001055" asserts="7" />
      </test-suite>
      <test-suite type="TestFixture" id="1-1176" name="SpecIfValues" fullname="Kaitai.SpecIfValues" classname="Kaitai.SpecIfValues" runstate="Runnable" testcasecount="1" result="Passed" start-time="2024-09-07T21:46:23.1352670Z" end-time="2024-09-07T21:46:23.1366960Z" duration="0.001429" total="1" passed="1" failed="0" warnings="0" inconclusive="0" skipped="0" asserts="6">
        <test-case id="1-1177" name="TestIfValues" fullname="Kaitai.SpecIfValues.TestIfValues" methodname="TestIfValues" classname="Kaitai.SpecIfValues" runstate="Runnable" seed="945459397" result="Passed" start-time="2024-09-07T21:46:23.1353620Z" end-time="2024-09-07T21:46:23.1366730Z" duration="0.001311" asserts="6" />
      </test-suite>
      <test-suite type="TestFixture" id="1-1178" name="SpecImports0" fullname="Kaitai.SpecImports0" classname="Kaitai.SpecImports0" runstate="Runnable" testcasecount="1" result="Passed" start-time="2024-09-07T21:46:23.1367220Z" end-time="2024-09-07T21:46:23.1373710Z" duration="0.000649" total="1" passed="1" failed="0" warnings="0" inconclusive="0" skipped="0" asserts="3">
        <test-case id="1-1179" name="TestImports0" fullname="Kaitai.SpecImports0.TestImports0" methodname="TestImports0" classname="Kaitai.SpecImports0" runstate="Runnable" seed="1568107474" result="Passed" start-time="2024-09-07T21:46:23.1368190Z" end-time="2024-09-07T21:46:23.1373480Z" duration="0.000529" asserts="3" />
      </test-suite>
      <test-suite type="TestFixture" id="1-1180" name="SpecImportsAbs" fullname="Kaitai.SpecImportsAbs" classname="Kaitai.SpecImportsAbs" runstate="Runnable" testcasecount="1" result="Passed" start-time="2024-09-07T21:46:23.1373950Z" end-time="2024-09-07T21:46:23.1391840Z" duration="0.001789" total="1" passed="1" failed="0" warnings="0" inconclusive="0" skipped="0" asserts="2">
        <test-case id="1-1181" name="TestImportsAbs" fullname="Kaitai.SpecImportsAbs.TestImportsAbs" methodname="TestImportsAbs" classname="Kaitai.SpecImportsAbs" runstate="Runnable" seed="1806417928" result="Passed" start-time="2024-09-07T21:46:23.1374930Z" end-time="2024-09-07T21:46:23.1391660Z" duration="0.001673" asserts="2" />
      </test-suite>
      <test-suite type="TestFixture" id="1-1182" name="SpecImportsAbsAbs" fullname="Kaitai.SpecImportsAbsAbs" classname="Kaitai.SpecImportsAbsAbs" runstate="Runnable" testcasecount="1" result="Passed" start-time="2024-09-07T21:46:23.1392060Z" end-time="2024-09-07T21:46:23.1400480Z" duration="0.000842" total="1" passed="1" failed="0" warnings="0" inconclusive="0" skipped="0" asserts="3">
        <test-case id="1-1183" name="TestImportsAbsAbs" fullname="Kaitai.SpecImportsAbsAbs.TestImportsAbsAbs" methodname="TestImportsAbsAbs" classname="Kaitai.SpecImportsAbsAbs" runstate="Runnable" seed="403043183" result="Passed" start-time="2024-09-07T21:46:23.1393080Z" end-time="2024-09-07T21:46:23.1400250Z" duration="0.000717" asserts="3" />
      </test-suite>
      <test-suite type="TestFixture" id="1-1184" name="SpecImportsAbsRel" fullname="Kaitai.SpecImportsAbsRel" classname="Kaitai.SpecImportsAbsRel" runstate="Runnable" testcasecount="1" result="Passed" start-time="2024-09-07T21:46:23.1400710Z" end-time="2024-09-07T21:46:23.1407550Z" duration="0.000683" total="1" passed="1" failed="0" warnings="0" inconclusive="0" skipped="0" asserts="3">
        <test-case id="1-1185" name="TestImportsAbsRel" fullname="Kaitai.SpecImportsAbsRel.TestImportsAbsRel" methodname="TestImportsAbsRel" classname="Kaitai.SpecImportsAbsRel" runstate="Runnable" seed="1417820269" result="Passed" start-time="2024-09-07T21:46:23.1401680Z" end-time="2024-09-07T21:46:23.1407320Z" duration="0.000564" asserts="3" />
      </test-suite>
      <test-suite type="TestFixture" id="1-1186" name="SpecImportsCastToImported" fullname="Kaitai.SpecImportsCastToImported" classname="Kaitai.SpecImportsCastToImported" runstate="Runnable" testcasecount="1" result="Passed" start-time="2024-09-07T21:46:23.1407780Z" end-time="2024-09-07T21:46:23.1414990Z" duration="0.000720" total="1" passed="1" failed="0" warnings="0" inconclusive="0" skipped="0" asserts="2">
        <test-case id="1-1187" name="TestImportsCastToImported" fullname="Kaitai.SpecImportsCastToImported.TestImportsCastToImported" methodname="TestImportsCastToImported" classname="Kaitai.SpecImportsCastToImported" runstate="Runnable" seed="218537352" result="Passed" start-time="2024-09-07T21:46:23.1408740Z" end-time="2024-09-07T21:46:23.1414760Z" duration="0.000602" asserts="2" />
      </test-suite>
      <test-suite type="TestFixture" id="1-1188" name="SpecImportsCastToImported2" fullname="Kaitai.SpecImportsCastToImported2" classname="Kaitai.SpecImportsCastToImported2" runstate="Runnable" testcasecount="1" result="Passed" start-time="2024-09-07T21:46:23.1415240Z" end-time="2024-09-07T21:46:23.1422400Z" duration="0.000716" total="1" passed="1" failed="0" warnings="0" inconclusive="0" skipped="0" asserts="2">
        <test-case id="1-1189" name="TestImportsCastToImported2" fullname="Kaitai.SpecImportsCastToImported2.TestImportsCastToImported2" methodname="TestImportsCastToImported2" classname="Kaitai.SpecImportsCastToImported2" runstate="Runnable" seed="660624045" result="Passed" start-time="2024-09-07T21:46:23.1416180Z" end-time="2024-09-07T21:46:23.1422170Z" duration="0.000599" asserts="2" />
      </test-suite>
      <test-suite type="TestFixture" id="1-1190" name="SpecImportsCircularA" fullname="Kaitai.SpecImportsCircularA" classname="Kaitai.SpecImportsCircularA" runstate="Runnable" testcasecount="1" result="Passed" start-time="2024-09-07T21:46:23.1422650Z" end-time="2024-09-07T21:46:23.1430780Z" duration="0.000813" total="1" passed="1" failed="0" warnings="0" inconclusive="0" skipped="0" asserts="5">
        <test-case id="1-1191" name="TestImportsCircularA" fullname="Kaitai.SpecImportsCircularA.TestImportsCircularA" methodname="TestImportsCircularA" classname="Kaitai.SpecImportsCircularA" runstate="Runnable" seed="734021898" result="Passed" start-time="2024-09-07T21:46:23.1423630Z" end-time="2024-09-07T21:46:23.1430570Z" duration="0.000694" asserts="5" />
      </test-suite>
      <test-suite type="TestFixture" id="1-1192" name="SpecImportsParamsDefArrayUsertypeImported" fullname="Kaitai.SpecImportsParamsDefArrayUsertypeImported" classname="Kaitai.SpecImportsParamsDefArrayUsertypeImported" runstate="Runnable" testcasecount="1" result="Passed" start-time="2024-09-07T21:46:23.1431020Z" end-time="2024-09-07T21:46:23.1443970Z" duration="0.001295" total="1" passed="1" failed="0" warnings="0" inconclusive="0" skipped="0" asserts="5">
        <test-case id="1-1193" name="TestImportsParamsDefArrayUsertypeImported" fullname="Kaitai.SpecImportsParamsDefArrayUsertypeImported.TestImportsParamsDefArrayUsertypeImported" methodname="TestImportsParamsDefArrayUsertypeImported" classname="Kaitai.SpecImportsParamsDefArrayUsertypeImported" runstate="Runnable" seed="43701737" result="Passed" start-time="2024-09-07T21:46:23.1431980Z" end-time="2024-09-07T21:46:23.1443780Z" duration="0.001180" asserts="5" />
      </test-suite>
      <test-suite type="TestFixture" id="1-1194" name="SpecImportsParamsDefEnumImported" fullname="Kaitai.SpecImportsParamsDefEnumImported" classname="Kaitai.SpecImportsParamsDefEnumImported" runstate="Runnable" testcasecount="1" result="Passed" start-time="2024-09-07T21:46:23.1444220Z" end-time="2024-09-07T21:46:23.1452290Z" duration="0.000807" total="1" passed="1" failed="0" warnings="0" inconclusive="0" skipped="0" asserts="4">
        <test-case id="1-1195" name="TestImportsParamsDefEnumImported" fullname="Kaitai.SpecImportsParamsDefEnumImported.TestImportsParamsDefEnumImported" methodname="TestImportsParamsDefEnumImported" classname="Kaitai.SpecImportsParamsDefEnumImported" runstate="Runnable" seed="243144992" result="Passed" start-time="2024-09-07T21:46:23.1445220Z" end-time="2024-09-07T21:46:23.1452060Z" duration="0.000684" asserts="4" />
      </test-suite>
      <test-suite type="TestFixture" id="1-1196" name="SpecImportsParamsDefUsertypeImported" fullname="Kaitai.SpecImportsParamsDefUsertypeImported" classname="Kaitai.SpecImportsParamsDefUsertypeImported" runstate="Runnable" testcasecount="1" result="Passed" start-time="2024-09-07T21:46:23.1452540Z" end-time="2024-09-07T21:46:23.1459550Z" duration="0.000702" total="1" passed="1" failed="0" warnings="0" inconclusive="0" skipped="0" asserts="2">
        <test-case id="1-1197" name="TestImportsParamsDefUsertypeImported" fullname="Kaitai.SpecImportsParamsDefUsertypeImported.TestImportsParamsDefUsertypeImported" methodname="TestImportsParamsDefUsertypeImported" classname="Kaitai.SpecImportsParamsDefUsertypeImported" runstate="Runnable" seed="1796036183" result="Passed" start-time="2024-09-07T21:46:23.1453480Z" end-time="2024-09-07T21:46:23.1459310Z" duration="0.000583" asserts="2" />
      </test-suite>
      <test-suite type="TestFixture" id="1-1198" name="SpecImportsRel1" fullname="Kaitai.SpecImportsRel1" classname="Kaitai.SpecImportsRel1" runstate="Runnable" testcasecount="1" result="Passed" start-time="2024-09-07T21:46:23.1459820Z" end-time="2024-09-07T21:46:23.1468080Z" duration="0.000827" total="1" passed="1" failed="0" warnings="0" inconclusive="0" skipped="0" asserts="3">
[...]
      </test-suite>
      <test-suite type="TestFixture" id="1-1452" name="SpecValidFailEqInt" fullname="Kaitai.SpecValidFailEqInt" classname="Kaitai.SpecValidFailEqInt" runstate="Runnable" testcasecount="1" result="Passed" start-time="2024-09-07T21:46:23.2773610Z" end-time="2024-09-07T21:46:23.2785520Z" duration="0.001190" total="1" passed="1" failed="0" warnings="0" inconclusive="0" skipped="0" asserts="1">
        <test-case id="1-1453" name="TestValidFailEqInt" fullname="Kaitai.SpecValidFailEqInt.TestValidFailEqInt" methodname="TestValidFailEqInt" classname="Kaitai.SpecValidFailEqInt" runstate="Runnable" seed="2006344978" result="Passed" start-time="2024-09-07T21:46:23.2774330Z" end-time="2024-09-07T21:46:23.2785330Z" duration="0.001101" asserts="1" />
      </test-suite>
      <test-suite type="TestFixture" id="1-1454" name="SpecValidFailEqStr" fullname="Kaitai.SpecValidFailEqStr" classname="Kaitai.SpecValidFailEqStr" runstate="Runnable" testcasecount="1" result="Passed" start-time="2024-09-07T21:46:23.2785690Z" end-time="2024-09-07T21:46:23.2790230Z" duration="0.000453" total="1" passed="1" failed="0" warnings="0" inconclusive="0" skipped="0" asserts="1">
        <test-case id="1-1455" name="TestValidFailEqStr" fullname="Kaitai.SpecValidFailEqStr.TestValidFailEqStr" methodname="TestValidFailEqStr" classname="Kaitai.SpecValidFailEqStr" runstate="Runnable" seed="1546360539" result="Passed" start-time="2024-09-07T21:46:23.2786410Z" end-time="2024-09-07T21:46:23.2790070Z" duration="0.000365" asserts="1" />
      </test-suite>
      <test-suite type="TestFixture" id="1-1456" name="SpecValidFailExpr" fullname="Kaitai.SpecValidFailExpr" classname="Kaitai.SpecValidFailExpr" runstate="Runnable" testcasecount="1" result="Passed" start-time="2024-09-07T21:46:23.2790400Z" end-time="2024-09-07T21:46:23.2798010Z" duration="0.000761" total="1" passed="1" failed="0" warnings="0" inconclusive="0" skipped="0" asserts="1">
        <test-case id="1-1457" name="TestValidFailExpr" fullname="Kaitai.SpecValidFailExpr.TestValidFailExpr" methodname="TestValidFailExpr" classname="Kaitai.SpecValidFailExpr" runstate="Runnable" seed="214304160" result="Passed" start-time="2024-09-07T21:46:23.2791090Z" end-time="2024-09-07T21:46:23.2797840Z" duration="0.000675" asserts="1" />
      </test-suite>
      <test-suite type="TestFixture" id="1-1458" name="SpecValidFailInEnum" fullname="Kaitai.SpecValidFailInEnum" classname="Kaitai.SpecValidFailInEnum" runstate="Runnable" testcasecount="1" result="Passed" start-time="2024-09-07T21:46:23.2798180Z" end-time="2024-09-07T21:46:23.2809530Z" duration="0.001135" total="1" passed="1" failed="0" warnings="0" inconclusive="0" skipped="0" asserts="1">
        <test-case id="1-1459" name="TestValidFailInEnum" fullname="Kaitai.SpecValidFailInEnum.TestValidFailInEnum" methodname="TestValidFailInEnum" classname="Kaitai.SpecValidFailInEnum" runstate="Runnable" seed="12962537" result="Passed" start-time="2024-09-07T21:46:23.2798900Z" end-time="2024-09-07T21:46:23.2809360Z" duration="0.001046" asserts="1" />
      </test-suite>
      <test-suite type="TestFixture" id="1-1460" name="SpecValidFailInst" fullname="Kaitai.SpecValidFailInst" classname="Kaitai.SpecValidFailInst" runstate="Runnable" testcasecount="1" result="Passed" start-time="2024-09-07T21:46:23.2809700Z" end-time="2024-09-07T21:46:23.2815350Z" duration="0.000565" total="1" passed="1" failed="0" warnings="0" inconclusive="0" skipped="0" asserts="1">
        <test-case id="1-1461" name="TestValidFailInst" fullname="Kaitai.SpecValidFailInst.TestValidFailInst" methodname="TestValidFailInst" classname="Kaitai.SpecValidFailInst" runstate="Runnable" seed="1060127921" result="Passed" start-time="2024-09-07T21:46:23.2810420Z" end-time="2024-09-07T21:46:23.2815190Z" duration="0.000477" asserts="1" />
      </test-suite>
      <test-suite type="TestFixture" id="1-1462" name="SpecValidFailMaxInt" fullname="Kaitai.SpecValidFailMaxInt" classname="Kaitai.SpecValidFailMaxInt" runstate="Runnable" testcasecount="1" result="Passed" start-time="2024-09-07T21:46:23.2815520Z" end-time="2024-09-07T21:46:23.2821290Z" duration="0.000576" total="1" passed="1" failed="0" warnings="0" inconclusive="0" skipped="0" asserts="1">
        <test-case id="1-1463" name="TestValidFailMaxInt" fullname="Kaitai.SpecValidFailMaxInt.TestValidFailMaxInt" methodname="TestValidFailMaxInt" classname="Kaitai.SpecValidFailMaxInt" runstate="Runnable" seed="668450517" result="Passed" start-time="2024-09-07T21:46:23.2816250Z" end-time="2024-09-07T21:46:23.2821120Z" duration="0.000487" asserts="1" />
      </test-suite>
      <test-suite type="TestFixture" id="1-1464" name="SpecValidFailMinInt" fullname="Kaitai.SpecValidFailMinInt" classname="Kaitai.SpecValidFailMinInt" runstate="Runnable" testcasecount="1" result="Passed" start-time="2024-09-07T21:46:23.2821450Z" end-time="2024-09-07T21:46:23.2826630Z" duration="0.000517" total="1" passed="1" failed="0" warnings="0" inconclusive="0" skipped="0" asserts="1">
        <test-case id="1-1465" name="TestValidFailMinInt" fullname="Kaitai.SpecValidFailMinInt.TestValidFailMinInt" methodname="TestValidFailMinInt" classname="Kaitai.SpecValidFailMinInt" runstate="Runnable" seed="826571685" result="Passed" start-time="2024-09-07T21:46:23.2822150Z" end-time="2024-09-07T21:46:23.2826460Z" duration="0.000431" asserts="1" />
      </test-suite>
      <test-suite type="TestFixture" id="1-1466" name="SpecValidFailRangeBytes" fullname="Kaitai.SpecValidFailRangeBytes" classname="Kaitai.SpecValidFailRangeBytes" runstate="Runnable" testcasecount="1" result="Passed" start-time="2024-09-07T21:46:23.2826800Z" end-time="2024-09-07T21:46:23.2831910Z" duration="0.000512" total="1" passed="1" failed="0" warnings="0" inconclusive="0" skipped="0" asserts="1">
        <test-case id="1-1467" name="TestValidFailRangeBytes" fullname="Kaitai.SpecValidFailRangeBytes.TestValidFailRangeBytes" methodname="TestValidFailRangeBytes" classname="Kaitai.SpecValidFailRangeBytes" runstate="Runnable" seed="179982333" result="Passed" start-time="2024-09-07T21:46:23.2827490Z" end-time="2024-09-07T21:46:23.2831750Z" duration="0.000426" asserts="1" />
      </test-suite>
      <test-suite type="TestFixture" id="1-1468" name="SpecValidFailRangeFloat" fullname="Kaitai.SpecValidFailRangeFloat" classname="Kaitai.SpecValidFailRangeFloat" runstate="Runnable" testcasecount="1" result="Passed" start-time="2024-09-07T21:46:23.2832080Z" end-time="2024-09-07T21:46:23.2848330Z" duration="0.001625" total="1" passed="1" failed="0" warnings="0" inconclusive="0" skipped="0" asserts="1">
        <test-case id="1-1469" name="TestValidFailRangeFloat" fullname="Kaitai.SpecValidFailRangeFloat.TestValidFailRangeFloat" methodname="TestValidFailRangeFloat" classname="Kaitai.SpecValidFailRangeFloat" runstate="Runnable" seed="2062453686" result="Passed" start-time="2024-09-07T21:46:23.2832770Z" end-time="2024-09-07T21:46:23.2848140Z" duration="0.001537" asserts="1" />
      </test-suite>
      <test-suite type="TestFixture" id="1-1470" name="SpecValidFailRangeInt" fullname="Kaitai.SpecValidFailRangeInt" classname="Kaitai.SpecValidFailRangeInt" runstate="Runnable" testcasecount="1" result="Passed" start-time="2024-09-07T21:46:23.2848510Z" end-time="2024-09-07T21:46:23.2853330Z" duration="0.000482" total="1" passed="1" failed="0" warnings="0" inconclusive="0" skipped="0" asserts="1">
        <test-case id="1-1471" name="TestValidFailRangeInt" fullname="Kaitai.SpecValidFailRangeInt.TestValidFailRangeInt" methodname="TestValidFailRangeInt" classname="Kaitai.SpecValidFailRangeInt" runstate="Runnable" seed="1678300443" result="Passed" start-time="2024-09-07T21:46:23.2849240Z" end-time="2024-09-07T21:46:23.2853150Z" duration="0.000391" asserts="1" />
      </test-suite>
      <test-suite type="TestFixture" id="1-1472" name="SpecValidFailRangeStr" fullname="Kaitai.SpecValidFailRangeStr" classname="Kaitai.SpecValidFailRangeStr" runstate="Runnable" testcasecount="1" result="Passed" start-time="2024-09-07T21:46:23.2853490Z" end-time="2024-09-07T21:46:23.2859060Z" duration="0.000557" total="1" passed="1" failed="0" warnings="0" inconclusive="0" skipped="0" asserts="1">
        <test-case id="1-1473" name="TestValidFailRangeStr" fullname="Kaitai.SpecValidFailRangeStr.TestValidFailRangeStr" methodname="TestValidFailRangeStr" classname="Kaitai.SpecValidFailRangeStr" runstate="Runnable" seed="1682411859" result="Passed" start-time="2024-09-07T21:46:23.2854210Z" end-time="2024-09-07T21:46:23.2858900Z" duration="0.000469" asserts="1" />
      </test-suite>
      <test-suite type="TestFixture" id="1-1474" name="SpecValidFailRepeatAnyofInt" fullname="Kaitai.SpecValidFailRepeatAnyofInt" classname="Kaitai.SpecValidFailRepeatAnyofInt" runstate="Runnable" testcasecount="1" result="Passed" start-time="2024-09-07T21:46:23.2859230Z" end-time="2024-09-07T21:46:23.2865210Z" duration="0.000598" total="1" passed="1" failed="0" warnings="0" inconclusive="0" skipped="0" asserts="1">
        <test-case id="1-1475" name="TestValidFailRepeatAnyofInt" fullname="Kaitai.SpecValidFailRepeatAnyofInt.TestValidFailRepeatAnyofInt" methodname="TestValidFailRepeatAnyofInt" classname="Kaitai.SpecValidFailRepeatAnyofInt" runstate="Runnable" seed="2024355452" result="Passed" start-time="2024-09-07T21:46:23.2859940Z" end-time="2024-09-07T21:46:23.2865050Z" duration="0.000511" asserts="1" />
      </test-suite>
      <test-suite type="TestFixture" id="1-1476" name="SpecValidFailRepeatContents" fullname="Kaitai.SpecValidFailRepeatContents" classname="Kaitai.SpecValidFailRepeatContents" runstate="Runnable" testcasecount="1" result="Passed" start-time="2024-09-07T21:46:23.2865380Z" end-time="2024-09-07T21:46:23.2870950Z" duration="0.000557" total="1" passed="1" failed="0" warnings="0" inconclusive="0" skipped="0" asserts="1">
        <test-case id="1-1477" name="TestValidFailRepeatContents" fullname="Kaitai.SpecValidFailRepeatContents.TestValidFailRepeatContents" methodname="TestValidFailRepeatContents" classname="Kaitai.SpecValidFailRepeatContents" runstate="Runnable" seed="981321287" result="Passed" start-time="2024-09-07T21:46:23.2866090Z" end-time="2024-09-07T21:46:23.2870790Z" duration="0.000470" asserts="1" />
      </test-suite>
      <test-suite type="TestFixture" id="1-1478" name="SpecValidFailRepeatEqInt" fullname="Kaitai.SpecValidFailRepeatEqInt" classname="Kaitai.SpecValidFailRepeatEqInt" runstate="Runnable" testcasecount="1" result="Passed" start-time="2024-09-07T21:46:23.2871130Z" end-time="2024-09-07T21:46:23.2880080Z" duration="0.000895" total="1" passed="1" failed="0" warnings="0" inconclusive="0" skipped="0" asserts="1">
        <test-case id="1-1479" name="TestValidFailRepeatEqInt" fullname="Kaitai.SpecValidFailRepeatEqInt.TestValidFailRepeatEqInt" methodname="TestValidFailRepeatEqInt" classname="Kaitai.SpecValidFailRepeatEqInt" runstate="Runnable" seed="1738109226" result="Passed" start-time="2024-09-07T21:46:23.2871840Z" end-time="2024-09-07T21:46:23.2879890Z" duration="0.000806" asserts="1" />
      </test-suite>
      <test-suite type="TestFixture" id="1-1480" name="SpecValidFailRepeatExpr" fullname="Kaitai.SpecValidFailRepeatExpr" classname="Kaitai.SpecValidFailRepeatExpr" runstate="Runnable" testcasecount="1" result="Passed" start-time="2024-09-07T21:46:23.2880250Z" end-time="2024-09-07T21:46:23.2886210Z" duration="0.000596" total="1" passed="1" failed="0" warnings="0" inconclusive="0" skipped="0" asserts="1">
        <test-case id="1-1481" name="TestValidFailRepeatExpr" fullname="Kaitai.SpecValidFailRepeatExpr.TestValidFailRepeatExpr" methodname="TestValidFailRepeatExpr" classname="Kaitai.SpecValidFailRepeatExpr" runstate="Runnable" seed="932303967" result="Passed" start-time="2024-09-07T21:46:23.2880990Z" end-time="2024-09-07T21:46:23.2886040Z" duration="0.000506" asserts="1" />
      </test-suite>
      <test-suite type="TestFixture" id="1-1482" name="SpecValidFailRepeatInst" fullname="Kaitai.SpecValidFailRepeatInst" classname="Kaitai.SpecValidFailRepeatInst" runstate="Runnable" testcasecount="1" result="Passed" start-time="2024-09-07T21:46:23.2886390Z" end-time="2024-09-07T21:46:23.2892810Z" duration="0.000643" total="1" passed="1" failed="0" warnings="0" inconclusive="0" skipped="0" asserts="1">
        <test-case id="1-1483" name="TestValidFailRepeatInst" fullname="Kaitai.SpecValidFailRepeatInst.TestValidFailRepeatInst" methodname="TestValidFailRepeatInst" classname="Kaitai.SpecValidFailRepeatInst" runstate="Runnable" seed="209385886" result="Passed" start-time="2024-09-07T21:46:23.2887100Z" end-time="2024-09-07T21:46:23.2892650Z" duration="0.000555" asserts="1" />
      </test-suite>
      <test-suite type="TestFixture" id="1-1484" name="SpecValidFailRepeatMaxInt" fullname="Kaitai.SpecValidFailRepeatMaxInt" classname="Kaitai.SpecValidFailRepeatMaxInt" runstate="Runnable" testcasecount="1" result="Passed" start-time="2024-09-07T21:46:23.2892980Z" end-time="2024-09-07T21:46:23.2898700Z" duration="0.000572" total="1" passed="1" failed="0" warnings="0" inconclusive="0" skipped="0" asserts="1">
        <test-case id="1-1485" name="TestValidFailRepeatMaxInt" fullname="Kaitai.SpecValidFailRepeatMaxInt.TestValidFailRepeatMaxInt" methodname="TestValidFailRepeatMaxInt" classname="Kaitai.SpecValidFailRepeatMaxInt" runstate="Runnable" seed="321147477" result="Passed" start-time="2024-09-07T21:46:23.2893710Z" end-time="2024-09-07T21:46:23.2898530Z" duration="0.000482" asserts="1" />
      </test-suite>
      <test-suite type="TestFixture" id="1-1486" name="SpecValidFailRepeatMinInt" fullname="Kaitai.SpecValidFailRepeatMinInt" classname="Kaitai.SpecValidFailRepeatMinInt" runstate="Runnable" testcasecount="1" result="Passed" start-time="2024-09-07T21:46:23.2898870Z" end-time="2024-09-07T21:46:23.2907900Z" duration="0.000903" total="1" passed="1" failed="0" warnings="0" inconclusive="0" skipped="0" asserts="1">
        <test-case id="1-1487" name="TestValidFailRepeatMinInt" fullname="Kaitai.SpecValidFailRepeatMinInt.TestValidFailRepeatMinInt" methodname="TestValidFailRepeatMinInt" classname="Kaitai.SpecValidFailRepeatMinInt" runstate="Runnable" seed="1805291242" result="Passed" start-time="2024-09-07T21:46:23.2899630Z" end-time="2024-09-07T21:46:23.2907700Z" duration="0.000807" asserts="1" />
      </test-suite>
      <test-suite type="TestFixture" id="1-1488" name="SpecValidLong" fullname="Kaitai.SpecValidLong" classname="Kaitai.SpecValidLong" runstate="Runnable" testcasecount="1" result="Passed" start-time="2024-09-07T21:46:23.2908090Z" end-time="2024-09-07T21:46:23.2915160Z" duration="0.000707" total="1" passed="1" failed="0" warnings="0" inconclusive="0" skipped="0" asserts="0">
        <test-case id="1-1489" name="TestValidLong" fullname="Kaitai.SpecValidLong.TestValidLong" methodname="TestValidLong" classname="Kaitai.SpecValidLong" runstate="Runnable" seed="1453538707" result="Passed" start-time="2024-09-07T21:46:23.2908870Z" end-time="2024-09-07T21:46:23.2914980Z" duration="0.000611" asserts="0" />
      </test-suite>
      <test-suite type="TestFixture" id="1-1490" name="SpecValidNotParsedIf" fullname="Kaitai.SpecValidNotParsedIf" classname="Kaitai.SpecValidNotParsedIf" runstate="Runnable" testcasecount="1" result="Passed" start-time="2024-09-07T21:46:23.2915320Z" end-time="2024-09-07T21:46:23.2920120Z" duration="0.000479" total="1" passed="1" failed="0" warnings="0" inconclusive="0" skipped="0" asserts="0">
        <test-case id="1-1491" name="TestValidNotParsedIf" fullname="Kaitai.SpecValidNotParsedIf.TestValidNotParsedIf" methodname="TestValidNotParsedIf" classname="Kaitai.SpecValidNotParsedIf" runstate="Runnable" seed="1949863094" result="Passed" start-time="2024-09-07T21:46:23.2916050Z" end-time="2024-09-07T21:46:23.2919940Z" duration="0.000390" asserts="0" />
      </test-suite>
      <test-suite type="TestFixture" id="1-1492" name="SpecValidOptionalId" fullname="Kaitai.SpecValidOptionalId" classname="Kaitai.SpecValidOptionalId" runstate="Runnable" testcasecount="1" result="Passed" start-time="2024-09-07T21:46:23.2920290Z" end-time="2024-09-07T21:46:23.2924580Z" duration="0.000429" total="1" passed="1" failed="0" warnings="0" inconclusive="0" skipped="0" asserts="0">
        <test-case id="1-1493" name="TestValidOptionalId" fullname="Kaitai.SpecValidOptionalId.TestValidOptionalId" methodname="TestValidOptionalId" classname="Kaitai.SpecValidOptionalId" runstate="Runnable" seed="407563128" result="Passed" start-time="2024-09-07T21:46:23.2921000Z" end-time="2024-09-07T21:46:23.2924390Z" duration="0.000340" asserts="0" />
      </test-suite>
      <test-suite type="TestFixture" id="1-1494" name="SpecValidShort" fullname="Kaitai.SpecValidShort" classname="Kaitai.SpecValidShort" runstate="Runnable" testcasecount="1" result="Passed" start-time="2024-09-07T21:46:23.2924740Z" end-time="2024-09-07T21:46:23.2931020Z" duration="0.000628" total="1" passed="1" failed="0" warnings="0" inconclusive="0" skipped="0" asserts="0">
        <test-case id="1-1495" name="TestValidShort" fullname="Kaitai.SpecValidShort.TestValidShort" methodname="TestValidShort" classname="Kaitai.SpecValidShort" runstate="Runnable" seed="1655238460" result="Passed" start-time="2024-09-07T21:46:23.2925450Z" end-time="2024-09-07T21:46:23.2930860Z" duration="0.000541" asserts="0" />
      </test-suite>
      <test-suite type="TestFixture" id="1-1496" name="SpecValidSwitch" fullname="Kaitai.SpecValidSwitch" classname="Kaitai.SpecValidSwitch" runstate="Runnable" testcasecount="1" result="Passed" start-time="2024-09-07T21:46:23.2931190Z" end-time="2024-09-07T21:46:23.2935280Z" duration="0.000409" total="1" passed="1" failed="0" warnings="0" inconclusive="0" skipped="0" asserts="0">
        <test-case id="1-1497" name="TestValidSwitch" fullname="Kaitai.SpecValidSwitch.TestValidSwitch" methodname="TestValidSwitch" classname="Kaitai.SpecValidSwitch" runstate="Runnable" seed="1050334799" result="Passed" start-time="2024-09-07T21:46:23.2931910Z" end-time="2024-09-07T21:46:23.2935120Z" duration="0.000321" asserts="0" />
      </test-suite>
      <test-suite type="TestFixture" id="1-1498" name="SpecZlibSurrounded" fullname="Kaitai.SpecZlibSurrounded" classname="Kaitai.SpecZlibSurrounded" runstate="Runnable" testcasecount="1" result="Passed" start-time="2024-09-07T21:46:23.2935450Z" end-time="2024-09-07T21:46:23.2983980Z" duration="0.004853" total="1" passed="1" failed="0" warnings="0" inconclusive="0" skipped="0" asserts="1">
        <test-case id="1-1499" name="TestZlibSurrounded" fullname="Kaitai.SpecZlibSurrounded.TestZlibSurrounded" methodname="TestZlibSurrounded" classname="Kaitai.SpecZlibSurrounded" runstate="Runnable" seed="1259843972" result="Passed" start-time="2024-09-07T21:46:23.2936140Z" end-time="2024-09-07T21:46:23.2983770Z" duration="0.004764" asserts="1" />
      </test-suite>
      <test-suite type="TestFixture" id="1-1500" name="SpecZlibWithHeader78" fullname="Kaitai.SpecZlibWithHeader78" classname="Kaitai.SpecZlibWithHeader78" runstate="Runnable" testcasecount="1" result="Passed" start-time="2024-09-07T21:46:23.2984160Z" end-time="2024-09-07T21:46:23.2988330Z" duration="0.000417" total="1" passed="1" failed="0" warnings="0" inconclusive="0" skipped="0" asserts="1">
        <test-case id="1-1501" name="TestZlibWithHeader78" fullname="Kaitai.SpecZlibWithHeader78.TestZlibWithHeader78" methodname="TestZlibWithHeader78" classname="Kaitai.SpecZlibWithHeader78" runstate="Runnable" seed="1247591868" result="Passed" start-time="2024-09-07T21:46:23.2984890Z" end-time="2024-09-07T21:46:23.2988150Z" duration="0.000326" asserts="1" />
      </test-suite>
    </test-suite>
  </test-suite>
</test-run>