<?xml version="1.0" encoding="utf-8" standalone="no"?>
<test-run id="2" testcasecount="196" result="Passed" total="196" passed="196" failed="0" inconclusive="0" skipped="0" asserts="924" engine-version="3.4.1.0" clr-version="4.0.30319.42000" start-time="2020-05-17 21:25:18Z" end-time="2020-05-17 21:25:20Z" duration="2.021623">
  <command-line><![CDATA[spec/csharp/packages/NUnit.ConsoleRunner.3.4.1/tools/nunit3-console.exe --result=test_out/csharp/TestResult.xml spec/csharp/kaitai_struct_csharp_tests/bin/Debug/kaitai_struct_csharp_tests.dll]]></command-line>
  <test-suite type="Assembly" id="0-1392" name="kaitai_struct_csharp_tests.dll" fullname="C:\projects\ci-targets\tests\spec\csharp\kaitai_struct_csharp_tests\bin\Debug\kaitai_struct_csharp_tests.dll" runstate="Runnable" testcasecount="196" result="Passed" start-time="2020-05-17 21:25:18Z" end-time="2020-05-17 21:25:20Z" duration="1.932408" total="196" passed="196" failed="0" inconclusive="0" skipped="0" asserts="924">
    <environment framework-version="3.4.1.0" clr-version="4.0.30319.42000" os-version="Microsoft Windows NT 10.0.14393.0" platform="Win32NT" cwd="C:\projects\ci-targets\tests" machine-name="APPVYR-WIN" user="appveyor" user-domain="APPVYR-WIN" culture="en-US" uiculture="en-US" os-architecture="x64" />
    <settings>
      <setting name="WorkDirectory" value="C:\projects\ci-targets\tests" />
      <setting name="ImageRuntimeVersion" value="4.0.30319" />
      <setting name="ImageTargetFrameworkName" value=".NETFramework,Version=v4.5" />
      <setting name="ImageRequiresX86" value="False" />
      <setting name="ImageRequiresDefaultAppDomainAssemblyResolver" value="False" />
      <setting name="NumberOfTestWorkers" value="2" />
    </settings>
    <properties>
      <property name="_PID" value="1996" />
      <property name="_APPDOMAIN" value="test-domain-" />
    </properties>
    <test-suite type="TestSuite" id="0-1393" name="Kaitai" fullname="Kaitai" runstate="Runnable" testcasecount="196" result="Passed" start-time="2020-05-17 21:25:18Z" end-time="2020-05-17 21:25:20Z" duration="1.910105" total="196" passed="196" failed="0" inconclusive="0" skipped="0" asserts="924">
      <test-suite type="TestFixture" id="0-1000" name="SpecBcdUserTypeBe" fullname="Kaitai.SpecBcdUserTypeBe" classname="Kaitai.SpecBcdUserTypeBe" runstate="Runnable" testcasecount="1" result="Passed" start-time="2020-05-17 21:25:18Z" end-time="2020-05-17 21:25:18Z" duration="0.036503" total="1" passed="1" failed="0" inconclusive="0" skipped="0" asserts="6">
        <test-case id="0-1001" name="TestBcdUserTypeBe" fullname="Kaitai.SpecBcdUserTypeBe.TestBcdUserTypeBe" methodname="TestBcdUserTypeBe" classname="Kaitai.SpecBcdUserTypeBe" runstate="Runnable" seed="752070306" result="Passed" start-time="2020-05-17 21:25:18Z" end-time="2020-05-17 21:25:18Z" duration="0.024038" asserts="6" />
      </test-suite>
      <test-suite type="TestFixture" id="0-1002" name="SpecBcdUserTypeLe" fullname="Kaitai.SpecBcdUserTypeLe" classname="Kaitai.SpecBcdUserTypeLe" runstate="Runnable" testcasecount="1" result="Passed" start-time="2020-05-17 21:25:18Z" end-time="2020-05-17 21:25:18Z" duration="0.010010" total="1" passed="1" failed="0" inconclusive="0" skipped="0" asserts="6">
        <test-case id="0-1003" name="TestBcdUserTypeLe" fullname="Kaitai.SpecBcdUserTypeLe.TestBcdUserTypeLe" methodname="TestBcdUserTypeLe" classname="Kaitai.SpecBcdUserTypeLe" runstate="Runnable" seed="1143253558" result="Passed" start-time="2020-05-17 21:25:18Z" end-time="2020-05-17 21:25:18Z" duration="0.006553" asserts="6" />
      </test-suite>
      <test-suite type="TestFixture" id="0-1004" name="SpecBitsByteAligned" fullname="Kaitai.SpecBitsByteAligned" classname="Kaitai.SpecBitsByteAligned" runstate="Runnable" testcasecount="1" result="Passed" start-time="2020-05-17 21:25:18Z" end-time="2020-05-17 21:25:18Z" duration="0.008999" total="1" passed="1" failed="0" inconclusive="0" skipped="0" asserts="9">
        <test-case id="0-1005" name="TestBitsByteAligned" fullname="Kaitai.SpecBitsByteAligned.TestBitsByteAligned" methodname="TestBitsByteAligned" classname="Kaitai.SpecBitsByteAligned" runstate="Runnable" seed="264379086" result="Passed" start-time="2020-05-17 21:25:18Z" end-time="2020-05-17 21:25:18Z" duration="0.005424" asserts="9" />
      </test-suite>
      <test-suite type="TestFixture" id="0-1006" name="SpecBitsEnum" fullname="Kaitai.SpecBitsEnum" classname="Kaitai.SpecBitsEnum" runstate="Runnable" testcasecount="1" result="Passed" start-time="2020-05-17 21:25:18Z" end-time="2020-05-17 21:25:18Z" duration="0.003987" total="1" passed="1" failed="0" inconclusive="0" skipped="0" asserts="3">
        <test-case id="0-1007" name="TestBitsEnum" fullname="Kaitai.SpecBitsEnum.TestBitsEnum" methodname="TestBitsEnum" classname="Kaitai.SpecBitsEnum" runstate="Runnable" seed="1663196760" result="Passed" start-time="2020-05-17 21:25:18Z" end-time="2020-05-17 21:25:18Z" duration="0.000936" asserts="3" />
      </test-suite>
      <test-suite type="TestFixture" id="0-1008" name="SpecBitsSeqEndianCombo" fullname="Kaitai.SpecBitsSeqEndianCombo" classname="Kaitai.SpecBitsSeqEndianCombo" runstate="Runnable" testcasecount="1" result="Passed" start-time="2020-05-17 21:25:18Z" end-time="2020-05-17 21:25:18Z" duration="0.007012" total="1" passed="1" failed="0" inconclusive="0" skipped="0" asserts="8">
        <test-case id="0-1009" name="TestBitsSeqEndianCombo" fullname="Kaitai.SpecBitsSeqEndianCombo.TestBitsSeqEndianCombo" methodname="TestBitsSeqEndianCombo" classname="Kaitai.SpecBitsSeqEndianCombo" runstate="Runnable" seed="1933126879" result="Passed" start-time="2020-05-17 21:25:18Z" end-time="2020-05-17 21:25:18Z" duration="0.003022" asserts="8" />
      </test-suite>
      <test-suite type="TestFixture" id="0-1010" name="SpecBitsSimple" fullname="Kaitai.SpecBitsSimple" classname="Kaitai.SpecBitsSimple" runstate="Runnable" testcasecount="1" result="Passed" start-time="2020-05-17 21:25:18Z" end-time="2020-05-17 21:25:18Z" duration="0.006010" total="1" passed="1" failed="0" inconclusive="0" skipped="0" asserts="14">
        <test-case id="0-1011" name="TestBitsSimple" fullname="Kaitai.SpecBitsSimple.TestBitsSimple" methodname="TestBitsSimple" classname="Kaitai.SpecBitsSimple" runstate="Runnable" seed="364083587" result="Passed" start-time="2020-05-17 21:25:18Z" end-time="2020-05-17 21:25:18Z" duration="0.002439" asserts="14" />
      </test-suite>
      <test-suite type="TestFixture" id="0-1012" name="SpecBitsSimpleLe" fullname="Kaitai.SpecBitsSimpleLe" classname="Kaitai.SpecBitsSimpleLe" runstate="Runnable" testcasecount="1" result="Passed" start-time="2020-05-17 21:25:18Z" end-time="2020-05-17 21:25:18Z" duration="0.006005" total="1" passed="1" failed="0" inconclusive="0" skipped="0" asserts="14">
        <test-case id="0-1013" name="TestBitsSimpleLe" fullname="Kaitai.SpecBitsSimpleLe.TestBitsSimpleLe" methodname="TestBitsSimpleLe" classname="Kaitai.SpecBitsSimpleLe" runstate="Runnable" seed="1499960999" result="Passed" start-time="2020-05-17 21:25:18Z" end-time="2020-05-17 21:25:18Z" duration="0.002072" asserts="14" />
      </test-suite>
      <test-suite type="TestFixture" id="0-1014" name="SpecBufferedStruct" fullname="Kaitai.SpecBufferedStruct" classname="Kaitai.SpecBufferedStruct" runstate="Runnable" testcasecount="1" result="Passed" start-time="2020-05-17 21:25:18Z" end-time="2020-05-17 21:25:18Z" duration="0.005994" total="1" passed="1" failed="0" inconclusive="0" skipped="0" asserts="7">
        <test-case id="0-1015" name="TestBufferedStruct" fullname="Kaitai.SpecBufferedStruct.TestBufferedStruct" methodname="TestBufferedStruct" classname="Kaitai.SpecBufferedStruct" runstate="Runnable" seed="76438675" result="Passed" start-time="2020-05-17 21:25:18Z" end-time="2020-05-17 21:25:18Z" duration="0.002449" asserts="7" />
      </test-suite>
      <test-suite type="TestFixture" id="0-1016" name="SpecBytesPadTerm" fullname="Kaitai.SpecBytesPadTerm" classname="Kaitai.SpecBytesPadTerm" runstate="Runnable" testcasecount="1" result="Passed" start-time="2020-05-17 21:25:18Z" end-time="2020-05-17 21:25:18Z" duration="0.007012" total="1" passed="1" failed="0" inconclusive="0" skipped="0" asserts="4">
        <test-case id="0-1017" name="TestBytesPadTerm" fullname="Kaitai.SpecBytesPadTerm.TestBytesPadTerm" methodname="TestBytesPadTerm" classname="Kaitai.SpecBytesPadTerm" runstate="Runnable" seed="128184680" result="Passed" start-time="2020-05-17 21:25:18Z" end-time="2020-05-17 21:25:18Z" duration="0.003653" asserts="4" />
      </test-suite>
      <test-suite type="TestFixture" id="0-1018" name="SpecCastNested" fullname="Kaitai.SpecCastNested" classname="Kaitai.SpecCastNested" runstate="Runnable" testcasecount="1" result="Passed" start-time="2020-05-17 21:25:18Z" end-time="2020-05-17 21:25:18Z" duration="0.005989" total="1" passed="1" failed="0" inconclusive="0" skipped="0" asserts="4">
        <test-case id="0-1019" name="TestCastNested" fullname="Kaitai.SpecCastNested.TestCastNested" methodname="TestCastNested" classname="Kaitai.SpecCastNested" runstate="Runnable" seed="1682097473" result="Passed" start-time="2020-05-17 21:25:18Z" end-time="2020-05-17 21:25:18Z" duration="0.002931" asserts="4" />
      </test-suite>
      <test-suite type="TestFixture" id="0-1020" name="SpecCastToImported" fullname="Kaitai.SpecCastToImported" classname="Kaitai.SpecCastToImported" runstate="Runnable" testcasecount="1" result="Passed" start-time="2020-05-17 21:25:18Z" end-time="2020-05-17 21:25:18Z" duration="0.005010" total="1" passed="1" failed="0" inconclusive="0" skipped="0" asserts="2">
        <test-case id="0-1021" name="TestCastToImported" fullname="Kaitai.SpecCastToImported.TestCastToImported" methodname="TestCastToImported" classname="Kaitai.SpecCastToImported" runstate="Runnable" seed="1013338371" result="Passed" start-time="2020-05-17 21:25:18Z" end-time="2020-05-17 21:25:18Z" duration="0.001084" asserts="2" />
      </test-suite>
      <test-suite type="TestFixture" id="0-1022" name="SpecCastToTop" fullname="Kaitai.SpecCastToTop" classname="Kaitai.SpecCastToTop" runstate="Runnable" testcasecount="1" result="Passed" start-time="2020-05-17 21:25:18Z" end-time="2020-05-17 21:25:18Z" duration="0.004317" total="1" passed="1" failed="0" inconclusive="0" skipped="0" asserts="3">
        <test-case id="0-1023" name="TestCastToTop" fullname="Kaitai.SpecCastToTop.TestCastToTop" methodname="TestCastToTop" classname="Kaitai.SpecCastToTop" runstate="Runnable" seed="1533826810" result="Passed" start-time="2020-05-17 21:25:18Z" end-time="2020-05-17 21:25:18Z" duration="0.001173" asserts="3" />
      </test-suite>
      <test-suite type="TestFixture" id="0-1024" name="SpecCombineBool" fullname="Kaitai.SpecCombineBool" classname="Kaitai.SpecCombineBool" runstate="Runnable" testcasecount="1" result="Passed" start-time="2020-05-17 21:25:18Z" end-time="2020-05-17 21:25:18Z" duration="0.010005" total="1" passed="1" failed="0" inconclusive="0" skipped="0" asserts="2">
        <test-case id="0-1025" name="TestCombineBool" fullname="Kaitai.SpecCombineBool.TestCombineBool" methodname="TestCombineBool" classname="Kaitai.SpecCombineBool" runstate="Runnable" seed="474597928" result="Passed" start-time="2020-05-17 21:25:18Z" end-time="2020-05-17 21:25:18Z" duration="0.001105" asserts="2" />
      </test-suite>
      <test-suite type="TestFixture" id="0-1026" name="SpecCombineBytes" fullname="Kaitai.SpecCombineBytes" classname="Kaitai.SpecCombineBytes" runstate="Runnable" testcasecount="1" result="Passed" start-time="2020-05-17 21:25:18Z" end-time="2020-05-17 21:25:18Z" duration="0.005991" total="1" passed="1" failed="0" inconclusive="0" skipped="0" asserts="10">
        <test-case id="0-1027" name="TestCombineBytes" fullname="Kaitai.SpecCombineBytes.TestCombineBytes" methodname="TestCombineBytes" classname="Kaitai.SpecCombineBytes" runstate="Runnable" seed="564907007" result="Passed" start-time="2020-05-17 21:25:18Z" end-time="2020-05-17 21:25:18Z" duration="0.001995" asserts="10" />
      </test-suite>
      <test-suite type="TestFixture" id="0-1028" name="SpecCombineEnum" fullname="Kaitai.SpecCombineEnum" classname="Kaitai.SpecCombineEnum" runstate="Runnable" testcasecount="1" result="Passed" start-time="2020-05-17 21:25:18Z" end-time="2020-05-17 21:25:18Z" duration="0.003983" total="1" passed="1" failed="0" inconclusive="0" skipped="0" asserts="3">
        <test-case id="0-1029" name="TestCombineEnum" fullname="Kaitai.SpecCombineEnum.TestCombineEnum" methodname="TestCombineEnum" classname="Kaitai.SpecCombineEnum" runstate="Runnable" seed="1524709673" result="Passed" start-time="2020-05-17 21:25:18Z" end-time="2020-05-17 21:25:18Z" duration="0.000919" asserts="3" />
      </test-suite>
      <test-suite type="TestFixture" id="0-1030" name="SpecCombineStr" fullname="Kaitai.SpecCombineStr" classname="Kaitai.SpecCombineStr" runstate="Runnable" testcasecount="1" result="Passed" start-time="2020-05-17 21:25:18Z" end-time="2020-05-17 21:25:18Z" duration="0.005939" total="1" passed="1" failed="0" inconclusive="0" skipped="0" asserts="15">
        <test-case id="0-1031" name="TestCombineStr" fullname="Kaitai.SpecCombineStr.TestCombineStr" methodname="TestCombineStr" classname="Kaitai.SpecCombineStr" runstate="Runnable" seed="1381057185" result="Passed" start-time="2020-05-17 21:25:18Z" end-time="2020-05-17 21:25:18Z" duration="0.002688" asserts="15" />
      </test-suite>
      <test-suite type="TestFixture" id="0-1032" name="SpecDebug0" fullname="Kaitai.SpecDebug0" classname="Kaitai.SpecDebug0" runstate="Runnable" testcasecount="1" result="Passed" start-time="2020-05-17 21:25:18Z" end-time="2020-05-17 21:25:18Z" duration="0.004053" total="1" passed="1" failed="0" inconclusive="0" skipped="0" asserts="0">
        <test-case id="0-1033" name="TestDebug0" fullname="Kaitai.SpecDebug0.TestDebug0" methodname="TestDebug0" classname="Kaitai.SpecDebug0" runstate="Runnable" seed="155503291" result="Passed" start-time="2020-05-17 21:25:18Z" end-time="2020-05-17 21:25:18Z" duration="0.000096" asserts="0" />
      </test-suite>
      <test-suite type="TestFixture" id="0-1034" name="SpecDebugArrayUser" fullname="Kaitai.SpecDebugArrayUser" classname="Kaitai.SpecDebugArrayUser" runstate="Runnable" testcasecount="1" result="Passed" start-time="2020-05-17 21:25:18Z" end-time="2020-05-17 21:25:18Z" duration="0.005011" total="1" passed="1" failed="0" inconclusive="0" skipped="0" asserts="4">
        <test-case id="0-1035" name="TestDebugArrayUser" fullname="Kaitai.SpecDebugArrayUser.TestDebugArrayUser" methodname="TestDebugArrayUser" classname="Kaitai.SpecDebugArrayUser" runstate="Runnable" seed="1764567620" result="Passed" start-time="2020-05-17 21:25:18Z" end-time="2020-05-17 21:25:18Z" duration="0.001499" asserts="4" />
      </test-suite>
      <test-suite type="TestFixture" id="0-1036" name="SpecDebugEnumName" fullname="Kaitai.SpecDebugEnumName" classname="Kaitai.SpecDebugEnumName" runstate="Runnable" testcasecount="1" result="Passed" start-time="2020-05-17 21:25:18Z" end-time="2020-05-17 21:25:18Z" duration="0.004030" total="1" passed="1" failed="0" inconclusive="0" skipped="0" asserts="0">
        <test-case id="0-1037" name="TestDebugEnumName" fullname="Kaitai.SpecDebugEnumName.TestDebugEnumName" methodname="TestDebugEnumName" classname="Kaitai.SpecDebugEnumName" runstate="Runnable" seed="83518702" result="Passed" start-time="2020-05-17 21:25:18Z" end-time="2020-05-17 21:25:18Z" duration="0.000094" asserts="0" />
      </test-suite>
      <test-suite type="TestFixture" id="0-1038" name="SpecDebugSwitchUser" fullname="Kaitai.SpecDebugSwitchUser" classname="Kaitai.SpecDebugSwitchUser" runstate="Runnable" testcasecount="1" result="Passed" start-time="2020-05-17 21:25:18Z" end-time="2020-05-17 21:25:18Z" duration="0.005009" total="1" passed="1" failed="0" inconclusive="0" skipped="0" asserts="2">
        <test-case id="0-1039" name="TestDebugSwitchUser" fullname="Kaitai.SpecDebugSwitchUser.TestDebugSwitchUser" methodname="TestDebugSwitchUser" classname="Kaitai.SpecDebugSwitchUser" runstate="Runnable" seed="1749028844" result="Passed" start-time="2020-05-17 21:25:18Z" end-time="2020-05-17 21:25:18Z" duration="0.001308" asserts="2" />
      </test-suite>
      <test-suite type="TestFixture" id="0-1040" name="SpecDefaultBigEndian" fullname="Kaitai.SpecDefaultBigEndian" classname="Kaitai.SpecDefaultBigEndian" runstate="Runnable" testcasecount="1" result="Passed" start-time="2020-05-17 21:25:18Z" end-time="2020-05-17 21:25:18Z" duration="0.003761" total="1" passed="1" failed="0" inconclusive="0" skipped="0" asserts="1">
        <test-case id="0-1041" name="TestDefaultBigEndian" fullname="Kaitai.SpecDefaultBigEndian.TestDefaultBigEndian" methodname="TestDefaultBigEndian" classname="Kaitai.SpecDefaultBigEndian" runstate="Runnable" seed="1576726849" result="Passed" start-time="2020-05-17 21:25:18Z" end-time="2020-05-17 21:25:18Z" duration="0.000702" asserts="1" />
      </test-suite>
      <test-suite type="TestFixture" id="0-1042" name="SpecDefaultBitEndianMod" fullname="Kaitai.SpecDefaultBitEndianMod" classname="Kaitai.SpecDefaultBitEndianMod" runstate="Runnable" testcasecount="1" result="Passed" start-time="2020-05-17 21:25:18Z" end-time="2020-05-17 21:25:18Z" duration="0.005010" total="1" passed="1" failed="0" inconclusive="0" skipped="0" asserts="4">
        <test-case id="0-1043" name="TestDefaultBitEndianMod" fullname="Kaitai.SpecDefaultBitEndianMod.TestDefaultBitEndianMod" methodname="TestDefaultBitEndianMod" classname="Kaitai.SpecDefaultBitEndianMod" runstate="Runnable" seed="306001182" result="Passed" start-time="2020-05-17 21:25:18Z" end-time="2020-05-17 21:25:18Z" duration="0.001583" asserts="4" />
      </test-suite>
      <test-suite type="TestFixture" id="0-1044" name="SpecDefaultEndianExprException" fullname="Kaitai.SpecDefaultEndianExprException" classname="Kaitai.SpecDefaultEndianExprException" runstate="Runnable" testcasecount="1" result="Passed" start-time="2020-05-17 21:25:18Z" end-time="2020-05-17 21:25:18Z" duration="0.013253" total="1" passed="1" failed="0" inconclusive="0" skipped="0" asserts="1">
        <test-case id="0-1045" name="TestDefaultEndianExprException" fullname="Kaitai.SpecDefaultEndianExprException.TestDefaultEndianExprException" methodname="TestDefaultEndianExprException" classname="Kaitai.SpecDefaultEndianExprException" runstate="Runnable" seed="972245396" result="Passed" start-time="2020-05-17 21:25:18Z" end-time="2020-05-17 21:25:18Z" duration="0.009795" asserts="1" />
      </test-suite>
      <test-suite type="TestFixture" id="0-1046" name="SpecDefaultEndianExprInherited" fullname="Kaitai.SpecDefaultEndianExprInherited" classname="Kaitai.SpecDefaultEndianExprInherited" runstate="Runnable" testcasecount="1" result="Passed" start-time="2020-05-17 21:25:18Z" end-time="2020-05-17 21:25:18Z" duration="0.007991" total="1" passed="1" failed="0" inconclusive="0" skipped="0" asserts="15">
        <test-case id="0-1047" name="TestDefaultEndianExprInherited" fullname="Kaitai.SpecDefaultEndianExprInherited.TestDefaultEndianExprInherited" methodname="TestDefaultEndianExprInherited" classname="Kaitai.SpecDefaultEndianExprInherited" runstate="Runnable" seed="283262260" result="Passed" start-time="2020-05-17 21:25:18Z" end-time="2020-05-17 21:25:18Z" duration="0.004561" asserts="15" />
      </test-suite>
      <test-suite type="TestFixture" id="0-1048" name="SpecDefaultEndianExprIsBe" fullname="Kaitai.SpecDefaultEndianExprIsBe" classname="Kaitai.SpecDefaultEndianExprIsBe" runstate="Runnable" testcasecount="1" result="Passed" start-time="2020-05-17 21:25:18Z" end-time="2020-05-17 21:25:18Z" duration="0.009051" total="1" passed="1" failed="0" inconclusive="0" skipped="0" asserts="18">
        <test-case id="0-1049" name="TestDefaultEndianExprIsBe" fullname="Kaitai.SpecDefaultEndianExprIsBe.TestDefaultEndianExprIsBe" methodname="TestDefaultEndianExprIsBe" classname="Kaitai.SpecDefaultEndianExprIsBe" runstate="Runnable" seed="773727589" result="Passed" start-time="2020-05-17 21:25:18Z" end-time="2020-05-17 21:25:18Z" duration="0.004156" asserts="18" />
      </test-suite>
      <test-suite type="TestFixture" id="0-1050" name="SpecDefaultEndianExprIsLe" fullname="Kaitai.SpecDefaultEndianExprIsLe" classname="Kaitai.SpecDefaultEndianExprIsLe" runstate="Runnable" testcasecount="1" result="Passed" start-time="2020-05-17 21:25:18Z" end-time="2020-05-17 21:25:18Z" duration="0.005997" total="1" passed="1" failed="0" inconclusive="0" skipped="0" asserts="12">
        <test-case id="0-1051" name="TestDefaultEndianExprIsLe" fullname="Kaitai.SpecDefaultEndianExprIsLe.TestDefaultEndianExprIsLe" methodname="TestDefaultEndianExprIsLe" classname="Kaitai.SpecDefaultEndianExprIsLe" runstate="Runnable" seed="270710895" result="Passed" start-time="2020-05-17 21:25:18Z" end-time="2020-05-17 21:25:18Z" duration="0.002821" asserts="12" />
      </test-suite>
      <test-suite type="TestFixture" id="0-1052" name="SpecDefaultEndianMod" fullname="Kaitai.SpecDefaultEndianMod" classname="Kaitai.SpecDefaultEndianMod" runstate="Runnable" testcasecount="1" result="Passed" start-time="2020-05-17 21:25:18Z" end-time="2020-05-17 21:25:18Z" duration="0.005934" total="1" passed="1" failed="0" inconclusive="0" skipped="0" asserts="3">
        <test-case id="0-1053" name="TestDefaultEndianMod" fullname="Kaitai.SpecDefaultEndianMod.TestDefaultEndianMod" methodname="TestDefaultEndianMod" classname="Kaitai.SpecDefaultEndianMod" runstate="Runnable" seed="2098845409" result="Passed" start-time="2020-05-17 21:25:18Z" end-time="2020-05-17 21:25:18Z" duration="0.001705" asserts="3" />
      </test-suite>
      <test-suite type="TestFixture" id="0-1054" name="SpecDocstrings" fullname="Kaitai.SpecDocstrings" classname="Kaitai.SpecDocstrings" runstate="Runnable" testcasecount="1" result="Passed" start-time="2020-05-17 21:25:18Z" end-time="2020-05-17 21:25:18Z" duration="0.004005" total="1" passed="1" failed="0" inconclusive="0" skipped="0" asserts="0">
        <test-case id="0-1055" name="TestDocstrings" fullname="Kaitai.SpecDocstrings.TestDocstrings" methodname="TestDocstrings" classname="Kaitai.SpecDocstrings" runstate="Runnable" seed="1298933951" result="Passed" start-time="2020-05-17 21:25:18Z" end-time="2020-05-17 21:25:18Z" duration="0.000522" asserts="0" />
      </test-suite>
      <test-suite type="TestFixture" id="0-1056" name="SpecDocstringsDocref" fullname="Kaitai.SpecDocstringsDocref" classname="Kaitai.SpecDocstringsDocref" runstate="Runnable" testcasecount="1" result="Passed" start-time="2020-05-17 21:25:18Z" end-time="2020-05-17 21:25:18Z" duration="0.003980" total="1" passed="1" failed="0" inconclusive="0" skipped="0" asserts="0">
        <test-case id="0-1057" name="TestDocstringsDocref" fullname="Kaitai.SpecDocstringsDocref.TestDocstringsDocref" methodname="TestDocstringsDocref" classname="Kaitai.SpecDocstringsDocref" runstate="Runnable" seed="132078645" result="Passed" start-time="2020-05-17 21:25:18Z" end-time="2020-05-17 21:25:18Z" duration="0.000551" asserts="0" />
      </test-suite>
      <test-suite type="TestFixture" id="0-1058" name="SpecDocstringsDocrefMulti" fullname="Kaitai.SpecDocstringsDocrefMulti" classname="Kaitai.SpecDocstringsDocrefMulti" runstate="Runnable" testcasecount="1" result="Passed" start-time="2020-05-17 21:25:18Z" end-time="2020-05-17 21:25:18Z" duration="0.004018" total="1" passed="1" failed="0" inconclusive="0" skipped="0" asserts="0">
        <test-case id="0-1059" name="TestDocstringsDocrefMulti" fullname="Kaitai.SpecDocstringsDocrefMulti.TestDocstringsDocrefMulti" methodname="TestDocstringsDocrefMulti" classname="Kaitai.SpecDocstringsDocrefMulti" runstate="Runnable" seed="284299586" result="Passed" start-time="2020-05-17 21:25:18Z" end-time="2020-05-17 21:25:18Z" duration="0.000439" asserts="0" />
      </test-suite>
      <test-suite type="TestFixture" id="0-1060" name="SpecEnum0" fullname="Kaitai.SpecEnum0" classname="Kaitai.SpecEnum0" runstate="Runnable" testcasecount="1" result="Passed" start-time="2020-05-17 21:25:18Z" end-time="2020-05-17 21:25:18Z" duration="0.003961" total="1" passed="1" failed="0" inconclusive="0" skipped="0" asserts="2">
        <test-case id="0-1061" name="TestEnum0" fullname="Kaitai.SpecEnum0.TestEnum0" methodname="TestEnum0" classname="Kaitai.SpecEnum0" runstate="Runnable" seed="2088862885" result="Passed" start-time="2020-05-17 21:25:18Z" end-time="2020-05-17 21:25:18Z" duration="0.000815" asserts="2" />
      </test-suite>
      <test-suite type="TestFixture" id="0-1062" name="SpecEnum1" fullname="Kaitai.SpecEnum1" classname="Kaitai.SpecEnum1" runstate="Runnable" testcasecount="1" result="Passed" start-time="2020-05-17 21:25:18Z" end-time="2020-05-17 21:25:18Z" duration="0.005011" total="1" passed="1" failed="0" inconclusive="0" skipped="0" asserts="2">
        <test-case id="0-1063" name="TestEnum1" fullname="Kaitai.SpecEnum1.TestEnum1" methodname="TestEnum1" classname="Kaitai.SpecEnum1" runstate="Runnable" seed="1773060516" result="Passed" start-time="2020-05-17 21:25:18Z" end-time="2020-05-17 21:25:18Z" duration="0.001318" asserts="2" />
      </test-suite>
      <test-suite type="TestFixture" id="0-1064" name="SpecEnumDeep" fullname="Kaitai.SpecEnumDeep" classname="Kaitai.SpecEnumDeep" runstate="Runnable" testcasecount="1" result="Passed" start-time="2020-05-17 21:25:18Z" end-time="2020-05-17 21:25:18Z" duration="0.004856" total="1" passed="1" failed="0" inconclusive="0" skipped="0" asserts="2">
        <test-case id="0-1065" name="TestEnumDeep" fullname="Kaitai.SpecEnumDeep.TestEnumDeep" methodname="TestEnumDeep" classname="Kaitai.SpecEnumDeep" runstate="Runnable" seed="493592184" result="Passed" start-time="2020-05-17 21:25:18Z" end-time="2020-05-17 21:25:18Z" duration="0.000746" asserts="2" />
      </test-suite>
      <test-suite type="TestFixture" id="0-1066" name="SpecEnumDeepLiterals" fullname="Kaitai.SpecEnumDeepLiterals" classname="Kaitai.SpecEnumDeepLiterals" runstate="Runnable" testcasecount="1" result="Passed" start-time="2020-05-17 21:25:18Z" end-time="2020-05-17 21:25:18Z" duration="0.005011" total="1" passed="1" failed="0" inconclusive="0" skipped="0" asserts="2">
        <test-case id="0-1067" name="TestEnumDeepLiterals" fullname="Kaitai.SpecEnumDeepLiterals.TestEnumDeepLiterals" methodname="TestEnumDeepLiterals" classname="Kaitai.SpecEnumDeepLiterals" runstate="Runnable" seed="746651160" result="Passed" start-time="2020-05-17 21:25:18Z" end-time="2020-05-17 21:25:18Z" duration="0.001187" asserts="2" />
      </test-suite>
      <test-suite type="TestFixture" id="0-1068" name="SpecEnumFancy" fullname="Kaitai.SpecEnumFancy" classname="Kaitai.SpecEnumFancy" runstate="Runnable" testcasecount="1" result="Passed" start-time="2020-05-17 21:25:18Z" end-time="2020-05-17 21:25:18Z" duration="0.004030" total="1" passed="1" failed="0" inconclusive="0" skipped="0" asserts="2">
        <test-case id="0-1069" name="TestEnumFancy" fullname="Kaitai.SpecEnumFancy.TestEnumFancy" methodname="TestEnumFancy" classname="Kaitai.SpecEnumFancy" runstate="Runnable" seed="1829881934" result="Passed" start-time="2020-05-17 21:25:18Z" end-time="2020-05-17 21:25:18Z" duration="0.000812" asserts="2" />
      </test-suite>
      <test-suite type="TestFixture" id="0-1070" name="SpecEnumForUnknownId" fullname="Kaitai.SpecEnumForUnknownId" classname="Kaitai.SpecEnumForUnknownId" runstate="Runnable" testcasecount="1" result="Passed" start-time="2020-05-17 21:25:18Z" end-time="2020-05-17 21:25:18Z" duration="0.004006" total="1" passed="1" failed="0" inconclusive="0" skipped="0" asserts="1">
        <test-case id="0-1071" name="TestEnumForUnknownId" fullname="Kaitai.SpecEnumForUnknownId.TestEnumForUnknownId" methodname="TestEnumForUnknownId" classname="Kaitai.SpecEnumForUnknownId" runstate="Runnable" seed="1116099865" result="Passed" start-time="2020-05-17 21:25:18Z" end-time="2020-05-17 21:25:18Z" duration="0.000760" asserts="1" />
      </test-suite>
      <test-suite type="TestFixture" id="0-1072" name="SpecEnumIf" fullname="Kaitai.SpecEnumIf" classname="Kaitai.SpecEnumIf" runstate="Runnable" testcasecount="1" result="Passed" start-time="2020-05-17 21:25:18Z" end-time="2020-05-17 21:25:18Z" duration="0.006006" total="1" passed="1" failed="0" inconclusive="0" skipped="0" asserts="7">
        <test-case id="0-1073" name="TestEnumIf" fullname="Kaitai.SpecEnumIf.TestEnumIf" methodname="TestEnumIf" classname="Kaitai.SpecEnumIf" runstate="Runnable" seed="1754591143" result="Passed" start-time="2020-05-17 21:25:18Z" end-time="2020-05-17 21:25:18Z" duration="0.002474" asserts="7" />
      </test-suite>
      <test-suite type="TestFixture" id="0-1074" name="SpecEnumImport" fullname="Kaitai.SpecEnumImport" classname="Kaitai.SpecEnumImport" runstate="Runnable" testcasecount="1" result="Passed" start-time="2020-05-17 21:25:18Z" end-time="2020-05-17 21:25:18Z" duration="0.003981" total="1" passed="1" failed="0" inconclusive="0" skipped="0" asserts="2">
        <test-case id="0-1075" name="TestEnumImport" fullname="Kaitai.SpecEnumImport.TestEnumImport" methodname="TestEnumImport" classname="Kaitai.SpecEnumImport" runstate="Runnable" seed="820766366" result="Passed" start-time="2020-05-17 21:25:18Z" end-time="2020-05-17 21:25:18Z" duration="0.000755" asserts="2" />
      </test-suite>
      <test-suite type="TestFixture" id="0-1076" name="SpecEnumIntRangeS" fullname="Kaitai.SpecEnumIntRangeS" classname="Kaitai.SpecEnumIntRangeS" runstate="Runnable" testcasecount="1" result="Passed" start-time="2020-05-17 21:25:18Z" end-time="2020-05-17 21:25:18Z" duration="0.003968" total="1" passed="1" failed="0" inconclusive="0" skipped="0" asserts="3">
        <test-case id="0-1077" name="TestEnumIntRangeS" fullname="Kaitai.SpecEnumIntRangeS.TestEnumIntRangeS" methodname="TestEnumIntRangeS" classname="Kaitai.SpecEnumIntRangeS" runstate="Runnable" seed="1519416822" result="Passed" start-time="2020-05-17 21:25:18Z" end-time="2020-05-17 21:25:18Z" duration="0.000922" asserts="3" />
      </test-suite>
      <test-suite type="TestFixture" id="0-1078" name="SpecEnumInvalid" fullname="Kaitai.SpecEnumInvalid" classname="Kaitai.SpecEnumInvalid" runstate="Runnable" testcasecount="1" result="Passed" start-time="2020-05-17 21:25:18Z" end-time="2020-05-17 21:25:18Z" duration="0.004010" total="1" passed="1" failed="0" inconclusive="0" skipped="0" asserts="2">
        <test-case id="0-1079" name="TestEnumInvalid" fullname="Kaitai.SpecEnumInvalid.TestEnumInvalid" methodname="TestEnumInvalid" classname="Kaitai.SpecEnumInvalid" runstate="Runnable" seed="1862300676" result="Passed" start-time="2020-05-17 21:25:18Z" end-time="2020-05-17 21:25:18Z" duration="0.000828" asserts="2" />
      </test-suite>
      <test-suite type="TestFixture" id="0-1080" name="SpecEnumNegative" fullname="Kaitai.SpecEnumNegative" classname="Kaitai.SpecEnumNegative" runstate="Runnable" testcasecount="1" result="Passed" start-time="2020-05-17 21:25:18Z" end-time="2020-05-17 21:25:18Z" duration="0.003992" total="1" passed="1" failed="0" inconclusive="0" skipped="0" asserts="2">
        <test-case id="0-1081" name="TestEnumNegative" fullname="Kaitai.SpecEnumNegative.TestEnumNegative" methodname="TestEnumNegative" classname="Kaitai.SpecEnumNegative" runstate="Runnable" seed="1155507991" result="Passed" start-time="2020-05-17 21:25:18Z" end-time="2020-05-17 21:25:18Z" duration="0.000770" asserts="2" />
      </test-suite>
      <test-suite type="TestFixture" id="0-1082" name="SpecEnumOfValueInst" fullname="Kaitai.SpecEnumOfValueInst" classname="Kaitai.SpecEnumOfValueInst" runstate="Runnable" testcasecount="1" result="Passed" start-time="2020-05-17 21:25:18Z" end-time="2020-05-17 21:25:18Z" duration="0.005009" total="1" passed="1" failed="0" inconclusive="0" skipped="0" asserts="4">
        <test-case id="0-1083" name="TestEnumOfValueInst" fullname="Kaitai.SpecEnumOfValueInst.TestEnumOfValueInst" methodname="TestEnumOfValueInst" classname="Kaitai.SpecEnumOfValueInst" runstate="Runnable" seed="592232239" result="Passed" start-time="2020-05-17 21:25:18Z" end-time="2020-05-17 21:25:18Z" duration="0.001059" asserts="4" />
      </test-suite>
      <test-suite type="TestFixture" id="0-1084" name="SpecEnumToI" fullname="Kaitai.SpecEnumToI" classname="Kaitai.SpecEnumToI" runstate="Runnable" testcasecount="1" result="Passed" start-time="2020-05-17 21:25:18Z" end-time="2020-05-17 21:25:18Z" duration="0.005040" total="1" passed="1" failed="0" inconclusive="0" skipped="0" asserts="5">
        <test-case id="0-1085" name="TestEnumToI" fullname="Kaitai.SpecEnumToI.TestEnumToI" methodname="TestEnumToI" classname="Kaitai.SpecEnumToI" runstate="Runnable" seed="1790903058" result="Passed" start-time="2020-05-17 21:25:18Z" end-time="2020-05-17 21:25:18Z" duration="0.001195" asserts="5" />
      </test-suite>
      <test-suite type="TestFixture" id="0-1086" name="SpecEofExceptionBytes" fullname="Kaitai.SpecEofExceptionBytes" classname="Kaitai.SpecEofExceptionBytes" runstate="Runnable" testcasecount="1" result="Passed" start-time="2020-05-17 21:25:18Z" end-time="2020-05-17 21:25:18Z" duration="0.004016" total="1" passed="1" failed="0" inconclusive="0" skipped="0" asserts="1">
        <test-case id="0-1087" name="TestEofExceptionBytes" fullname="Kaitai.SpecEofExceptionBytes.TestEofExceptionBytes" methodname="TestEofExceptionBytes" classname="Kaitai.SpecEofExceptionBytes" runstate="Runnable" seed="1833945391" result="Passed" start-time="2020-05-17 21:25:18Z" end-time="2020-05-17 21:25:18Z" duration="0.000758" asserts="1" />
      </test-suite>
      <test-suite type="TestFixture" id="0-1088" name="SpecEofExceptionU4" fullname="Kaitai.SpecEofExceptionU4" classname="Kaitai.SpecEofExceptionU4" runstate="Runnable" testcasecount="1" result="Passed" start-time="2020-05-17 21:25:18Z" end-time="2020-05-17 21:25:18Z" duration="0.003985" total="1" passed="1" failed="0" inconclusive="0" skipped="0" asserts="1">
        <test-case id="0-1089" name="TestEofExceptionU4" fullname="Kaitai.SpecEofExceptionU4.TestEofExceptionU4" methodname="TestEofExceptionU4" classname="Kaitai.SpecEofExceptionU4" runstate="Runnable" seed="1317157160" result="Passed" start-time="2020-05-17 21:25:18Z" end-time="2020-05-17 21:25:18Z" duration="0.000816" asserts="1" />
      </test-suite>
      <test-suite type="TestFixture" id="0-1090" name="SpecEosExceptionBytes" fullname="Kaitai.SpecEosExceptionBytes" classname="Kaitai.SpecEosExceptionBytes" runstate="Runnable" testcasecount="1" result="Passed" start-time="2020-05-17 21:25:18Z" end-time="2020-05-17 21:25:18Z" duration="0.004007" total="1" passed="1" failed="0" inconclusive="0" skipped="0" asserts="1">
        <test-case id="0-1091" name="TestEosExceptionBytes" fullname="Kaitai.SpecEosExceptionBytes.TestEosExceptionBytes" methodname="TestEosExceptionBytes" classname="Kaitai.SpecEosExceptionBytes" runstate="Runnable" seed="1177322388" result="Passed" start-time="2020-05-17 21:25:18Z" end-time="2020-05-17 21:25:18Z" duration="0.000954" asserts="1" />
      </test-suite>
      <test-suite type="TestFixture" id="0-1092" name="SpecEosExceptionU4" fullname="Kaitai.SpecEosExceptionU4" classname="Kaitai.SpecEosExceptionU4" runstate="Runnable" testcasecount="1" result="Passed" start-time="2020-05-17 21:25:18Z" end-time="2020-05-17 21:25:18Z" duration="0.004049" total="1" passed="1" failed="0" inconclusive="0" skipped="0" asserts="1">
        <test-case id="0-1093" name="TestEosExceptionU4" fullname="Kaitai.SpecEosExceptionU4.TestEosExceptionU4" methodname="TestEosExceptionU4" classname="Kaitai.SpecEosExceptionU4" runstate="Runnable" seed="757364815" result="Passed" start-time="2020-05-17 21:25:18Z" end-time="2020-05-17 21:25:18Z" duration="0.000966" asserts="1" />
      </test-suite>
      <test-suite type="TestFixture" id="0-1094" name="SpecExpr0" fullname="Kaitai.SpecExpr0" classname="Kaitai.SpecExpr0" runstate="Runnable" testcasecount="1" result="Passed" start-time="2020-05-17 21:25:18Z" end-time="2020-05-17 21:25:18Z" duration="0.004010" total="1" passed="1" failed="0" inconclusive="0" skipped="0" asserts="2">
        <test-case id="0-1095" name="TestExpr0" fullname="Kaitai.SpecExpr0.TestExpr0" methodname="TestExpr0" classname="Kaitai.SpecExpr0" runstate="Runnable" seed="1528855461" result="Passed" start-time="2020-05-17 21:25:18Z" end-time="2020-05-17 21:25:18Z" duration="0.000783" asserts="2" />
      </test-suite>
      <test-suite type="TestFixture" id="0-1096" name="SpecExpr1" fullname="Kaitai.SpecExpr1" classname="Kaitai.SpecExpr1" runstate="Runnable" testcasecount="1" result="Passed" start-time="2020-05-17 21:25:18Z" end-time="2020-05-17 21:25:18Z" duration="0.005014" total="1" passed="1" failed="0" inconclusive="0" skipped="0" asserts="4">
        <test-case id="0-1097" name="TestExpr1" fullname="Kaitai.SpecExpr1.TestExpr1" methodname="TestExpr1" classname="Kaitai.SpecExpr1" runstate="Runnable" seed="1522996961" result="Passed" start-time="2020-05-17 21:25:18Z" end-time="2020-05-17 21:25:18Z" duration="0.001085" asserts="4" />
      </test-suite>
      <test-suite type="TestFixture" id="0-1098" name="SpecExpr2" fullname="Kaitai.SpecExpr2" classname="Kaitai.SpecExpr2" runstate="Runnable" testcasecount="1" result="Passed" start-time="2020-05-17 21:25:18Z" end-time="2020-05-17 21:25:18Z" duration="0.007010" total="1" passed="1" failed="0" inconclusive="0" skipped="0" asserts="17">
        <test-case id="0-1099" name="TestExpr2" fullname="Kaitai.SpecExpr2.TestExpr2" methodname="TestExpr2" classname="Kaitai.SpecExpr2" runstate="Runnable" seed="1313501900" result="Passed" start-time="2020-05-17 21:25:18Z" end-time="2020-05-17 21:25:18Z" duration="0.003625" asserts="17" />
      </test-suite>
      <test-suite type="TestFixture" id="0-1100" name="SpecExpr3" fullname="Kaitai.SpecExpr3" classname="Kaitai.SpecExpr3" runstate="Runnable" testcasecount="1" result="Passed" start-time="2020-05-17 21:25:18Z" end-time="2020-05-17 21:25:18Z" duration="0.006593" total="1" passed="1" failed="0" inconclusive="0" skipped="0" asserts="12">
        <test-case id="0-1101" name="TestExpr3" fullname="Kaitai.SpecExpr3.TestExpr3" methodname="TestExpr3" classname="Kaitai.SpecExpr3" runstate="Runnable" seed="441018230" result="Passed" start-time="2020-05-17 21:25:18Z" end-time="2020-05-17 21:25:18Z" duration="0.002436" asserts="12" />
      </test-suite>
      <test-suite type="TestFixture" id="0-1102" name="SpecExprArray" fullname="Kaitai.SpecExprArray" classname="Kaitai.SpecExprArray" runstate="Runnable" testcasecount="1" result="Passed" start-time="2020-05-17 21:25:18Z" end-time="2020-05-17 21:25:18Z" duration="0.015030" total="1" passed="1" failed="0" inconclusive="0" skipped="0" asserts="15">
        <test-case id="0-1103" name="TestExprArray" fullname="Kaitai.SpecExprArray.TestExprArray" methodname="TestExprArray" classname="Kaitai.SpecExprArray" runstate="Runnable" seed="946268037" result="Passed" start-time="2020-05-17 21:25:18Z" end-time="2020-05-17 21:25:18Z" duration="0.011739" asserts="15" />
      </test-suite>
      <test-suite type="TestFixture" id="0-1104" name="SpecExprBytesCmp" fullname="Kaitai.SpecExprBytesCmp" classname="Kaitai.SpecExprBytesCmp" runstate="Runnable" testcasecount="1" result="Passed" start-time="2020-05-17 21:25:18Z" end-time="2020-05-17 21:25:18Z" duration="0.006018" total="1" passed="1" failed="0" inconclusive="0" skipped="0" asserts="10">
        <test-case id="0-1105" name="TestExprBytesCmp" fullname="Kaitai.SpecExprBytesCmp.TestExprBytesCmp" methodname="TestExprBytesCmp" classname="Kaitai.SpecExprBytesCmp" runstate="Runnable" seed="763631178" result="Passed" start-time="2020-05-17 21:25:18Z" end-time="2020-05-17 21:25:18Z" duration="0.002408" asserts="10" />
      </test-suite>
      <test-suite type="TestFixture" id="0-1106" name="SpecExprBytesOps" fullname="Kaitai.SpecExprBytesOps" classname="Kaitai.SpecExprBytesOps" runstate="Runnable" testcasecount="1" result="Passed" start-time="2020-05-17 21:25:18Z" end-time="2020-05-17 21:25:18Z" duration="0.007009" total="1" passed="1" failed="0" inconclusive="0" skipped="0" asserts="12">
        <test-case id="0-1107" name="TestExprBytesOps" fullname="Kaitai.SpecExprBytesOps.TestExprBytesOps" methodname="TestExprBytesOps" classname="Kaitai.SpecExprBytesOps" runstate="Runnable" seed="1457956702" result="Passed" start-time="2020-05-17 21:25:18Z" end-time="2020-05-17 21:25:18Z" duration="0.003853" asserts="12" />
      </test-suite>
      <test-suite type="TestFixture" id="0-1108" name="SpecExprCalcArrayOps" fullname="Kaitai.SpecExprCalcArrayOps" classname="Kaitai.SpecExprCalcArrayOps" runstate="Runnable" testcasecount="1" result="Passed" start-time="2020-05-17 21:25:18Z" end-time="2020-05-17 21:25:18Z" duration="0.008028" total="1" passed="1" failed="0" inconclusive="0" skipped="0" asserts="18">
        <test-case id="0-1109" name="TestExprCalcArrayOps" fullname="Kaitai.SpecExprCalcArrayOps.TestExprCalcArrayOps" methodname="TestExprCalcArrayOps" classname="Kaitai.SpecExprCalcArrayOps" runstate="Runnable" seed="47956303" result="Passed" start-time="2020-05-17 21:25:18Z" end-time="2020-05-17 21:25:18Z" duration="0.004770" asserts="18" />
      </test-suite>
      <test-suite type="TestFixture" id="0-1110" name="SpecExprEnum" fullname="Kaitai.SpecExprEnum" classname="Kaitai.SpecExprEnum" runstate="Runnable" testcasecount="1" result="Passed" start-time="2020-05-17 21:25:18Z" end-time="2020-05-17 21:25:18Z" duration="0.004991" total="1" passed="1" failed="0" inconclusive="0" skipped="0" asserts="3">
        <test-case id="0-1111" name="TestExprEnum" fullname="Kaitai.SpecExprEnum.TestExprEnum" methodname="TestExprEnum" classname="Kaitai.SpecExprEnum" runstate="Runnable" seed="1030775133" result="Passed" start-time="2020-05-17 21:25:18Z" end-time="2020-05-17 21:25:18Z" duration="0.000938" asserts="3" />
      </test-suite>
      <test-suite type="TestFixture" id="0-1112" name="SpecExprIoEof" fullname="Kaitai.SpecExprIoEof" classname="Kaitai.SpecExprIoEof" runstate="Runnable" testcasecount="1" result="Passed" start-time="2020-05-17 21:25:18Z" end-time="2020-05-17 21:25:18Z" duration="0.006009" total="1" passed="1" failed="0" inconclusive="0" skipped="0" asserts="4">
        <test-case id="0-1113" name="TestExprIoEof" fullname="Kaitai.SpecExprIoEof.TestExprIoEof" methodname="TestExprIoEof" classname="Kaitai.SpecExprIoEof" runstate="Runnable" seed="515447503" result="Passed" start-time="2020-05-17 21:25:18Z" end-time="2020-05-17 21:25:18Z" duration="0.002016" asserts="4" />
      </test-suite>
      <test-suite type="TestFixture" id="0-1114" name="SpecExprIoPos" fullname="Kaitai.SpecExprIoPos" classname="Kaitai.SpecExprIoPos" runstate="Runnable" testcasecount="1" result="Passed" start-time="2020-05-17 21:25:18Z" end-time="2020-05-17 21:25:18Z" duration="0.005008" total="1" passed="1" failed="0" inconclusive="0" skipped="0" asserts="6">
        <test-case id="0-1115" name="TestExprIoPos" fullname="Kaitai.SpecExprIoPos.TestExprIoPos" methodname="TestExprIoPos" classname="Kaitai.SpecExprIoPos" runstate="Runnable" seed="1226762299" result="Passed" start-time="2020-05-17 21:25:18Z" end-time="2020-05-17 21:25:18Z" duration="0.001681" asserts="6" />
      </test-suite>
      <test-suite type="TestFixture" id="0-1116" name="SpecExprMod" fullname="Kaitai.SpecExprMod" classname="Kaitai.SpecExprMod" runstate="Runnable" testcasecount="1" result="Passed" start-time="2020-05-17 21:25:18Z" end-time="2020-05-17 21:25:18Z" duration="0.007009" total="1" passed="1" failed="0" inconclusive="0" skipped="0" asserts="6">
        <test-case id="0-1117" name="TestExprMod" fullname="Kaitai.SpecExprMod.TestExprMod" methodname="TestExprMod" classname="Kaitai.SpecExprMod" runstate="Runnable" seed="515893059" result="Passed" start-time="2020-05-17 21:25:18Z" end-time="2020-05-17 21:25:18Z" duration="0.003942" asserts="6" />
      </test-suite>
      <test-suite type="TestFixture" id="0-1118" name="SpecExprSizeofType0" fullname="Kaitai.SpecExprSizeofType0" classname="Kaitai.SpecExprSizeofType0" runstate="Runnable" testcasecount="1" result="Passed" start-time="2020-05-17 21:25:18Z" end-time="2020-05-17 21:25:18Z" duration="0.004012" total="1" passed="1" failed="0" inconclusive="0" skipped="0" asserts="1">
        <test-case id="0-1119" name="TestExprSizeofType0" fullname="Kaitai.SpecExprSizeofType0.TestExprSizeofType0" methodname="TestExprSizeofType0" classname="Kaitai.SpecExprSizeofType0" runstate="Runnable" seed="1680115311" result="Passed" start-time="2020-05-17 21:25:18Z" end-time="2020-05-17 21:25:18Z" duration="0.000542" asserts="1" />
      </test-suite>
      <test-suite type="TestFixture" id="0-1120" name="SpecExprSizeofType1" fullname="Kaitai.SpecExprSizeofType1" classname="Kaitai.SpecExprSizeofType1" runstate="Runnable" testcasecount="1" result="Passed" start-time="2020-05-17 21:25:18Z" end-time="2020-05-17 21:25:18Z" duration="0.004048" total="1" passed="1" failed="0" inconclusive="0" skipped="0" asserts="2">
        <test-case id="0-1121" name="TestExprSizeofType1" fullname="Kaitai.SpecExprSizeofType1.TestExprSizeofType1" methodname="TestExprSizeofType1" classname="Kaitai.SpecExprSizeofType1" runstate="Runnable" seed="1262514412" result="Passed" start-time="2020-05-17 21:25:18Z" end-time="2020-05-17 21:25:18Z" duration="0.000651" asserts="2" />
      </test-suite>
      <test-suite type="TestFixture" id="0-1122" name="SpecExprSizeofValue0" fullname="Kaitai.SpecExprSizeofValue0" classname="Kaitai.SpecExprSizeofValue0" runstate="Runnable" testcasecount="1" result="Passed" start-time="2020-05-17 21:25:18Z" end-time="2020-05-17 21:25:18Z" duration="0.004990" total="1" passed="1" failed="0" inconclusive="0" skipped="0" asserts="5">
        <test-case id="0-1123" name="TestExprSizeofValue0" fullname="Kaitai.SpecExprSizeofValue0.TestExprSizeofValue0" methodname="TestExprSizeofValue0" classname="Kaitai.SpecExprSizeofValue0" runstate="Runnable" seed="1462975451" result="Passed" start-time="2020-05-17 21:25:18Z" end-time="2020-05-17 21:25:18Z" duration="0.001345" asserts="5" />
      </test-suite>
      <test-suite type="TestFixture" id="0-1124" name="SpecExprSizeofValueSized" fullname="Kaitai.SpecExprSizeofValueSized" classname="Kaitai.SpecExprSizeofValueSized" runstate="Runnable" testcasecount="1" result="Passed" start-time="2020-05-17 21:25:18Z" end-time="2020-05-17 21:25:18Z" duration="0.005026" total="1" passed="1" failed="0" inconclusive="0" skipped="0" asserts="5">
        <test-case id="0-1125" name="TestExprSizeofValueSized" fullname="Kaitai.SpecExprSizeofValueSized.TestExprSizeofValueSized" methodname="TestExprSizeofValueSized" classname="Kaitai.SpecExprSizeofValueSized" runstate="Runnable" seed="1400585495" result="Passed" start-time="2020-05-17 21:25:18Z" end-time="2020-05-17 21:25:18Z" duration="0.001394" asserts="5" />
      </test-suite>
      <test-suite type="TestFixture" id="0-1126" name="SpecExprStrOps" fullname="Kaitai.SpecExprStrOps" classname="Kaitai.SpecExprStrOps" runstate="Runnable" testcasecount="1" result="Passed" start-time="2020-05-17 21:25:18Z" end-time="2020-05-17 21:25:18Z" duration="0.008020" total="1" passed="1" failed="0" inconclusive="0" skipped="0" asserts="17">
        <test-case id="0-1127" name="TestExprStrOps" fullname="Kaitai.SpecExprStrOps.TestExprStrOps" methodname="TestExprStrOps" classname="Kaitai.SpecExprStrOps" runstate="Runnable" seed="705380535" result="Passed" start-time="2020-05-17 21:25:18Z" end-time="2020-05-17 21:25:18Z" duration="0.004433" asserts="17" />
      </test-suite>
      <test-suite type="TestFixture" id="0-1128" name="SpecFixedContents" fullname="Kaitai.SpecFixedContents" classname="Kaitai.SpecFixedContents" runstate="Runnable" testcasecount="1" result="Passed" start-time="2020-05-17 21:25:18Z" end-time="2020-05-17 21:25:18Z" duration="0.005105" total="1" passed="1" failed="0" inconclusive="0" skipped="0" asserts="0">
        <test-case id="0-1129" name="TestFixedContents" fullname="Kaitai.SpecFixedContents.TestFixedContents" methodname="TestFixedContents" classname="Kaitai.SpecFixedContents" runstate="Runnable" seed="380553979" result="Passed" start-time="2020-05-17 21:25:18Z" end-time="2020-05-17 21:25:18Z" duration="0.001257" asserts="0" />
      </test-suite>
      <test-suite type="TestFixture" id="0-1130" name="SpecFixedStruct" fullname="Kaitai.SpecFixedStruct" classname="Kaitai.SpecFixedStruct" runstate="Runnable" testcasecount="1" result="Passed" start-time="2020-05-17 21:25:19Z" end-time="2020-05-17 21:25:19Z" duration="0.010026" total="1" passed="1" failed="0" inconclusive="0" skipped="0" asserts="20">
        <test-case id="0-1131" name="TestFixedStruct" fullname="Kaitai.SpecFixedStruct.TestFixedStruct" methodname="TestFixedStruct" classname="Kaitai.SpecFixedStruct" runstate="Runnable" seed="1138502465" result="Passed" start-time="2020-05-17 21:25:19Z" end-time="2020-05-17 21:25:19Z" duration="0.005985" asserts="20" />
      </test-suite>
      <test-suite type="TestFixture" id="0-1134" name="SpecFloatingPoints" fullname="Kaitai.SpecFloatingPoints" classname="Kaitai.SpecFloatingPoints" runstate="Runnable" testcasecount="1" result="Passed" start-time="2020-05-17 21:25:19Z" end-time="2020-05-17 21:25:19Z" duration="0.004972" total="1" passed="1" failed="0" inconclusive="0" skipped="0" asserts="8">
        <test-case id="0-1135" name="TestFloatingPoints" fullname="Kaitai.SpecFloatingPoints.TestFloatingPoints" methodname="TestFloatingPoints" classname="Kaitai.SpecFloatingPoints" runstate="Runnable" seed="384129401" result="Passed" start-time="2020-05-17 21:25:19Z" end-time="2020-05-17 21:25:19Z" duration="0.001799" asserts="8" />
      </test-suite>
      <test-suite type="TestFixture" id="0-1132" name="SpecFloatToI" fullname="Kaitai.SpecFloatToI" classname="Kaitai.SpecFloatToI" runstate="Runnable" testcasecount="1" result="Passed" start-time="2020-05-17 21:25:19Z" end-time="2020-05-17 21:25:19Z" duration="0.006012" total="1" passed="1" failed="0" inconclusive="0" skipped="0" asserts="8">
        <test-case id="0-1133" name="TestFloatToI" fullname="Kaitai.SpecFloatToI.TestFloatToI" methodname="TestFloatToI" classname="Kaitai.SpecFloatToI" runstate="Runnable" seed="1482386151" result="Passed" start-time="2020-05-17 21:25:19Z" end-time="2020-05-17 21:25:19Z" duration="0.002018" asserts="8" />
      </test-suite>
      <test-suite type="TestFixture" id="0-1136" name="SpecHelloWorld" fullname="Kaitai.SpecHelloWorld" classname="Kaitai.SpecHelloWorld" runstate="Runnable" testcasecount="1" result="Passed" start-time="2020-05-17 21:25:19Z" end-time="2020-05-17 21:25:19Z" duration="0.004010" total="1" passed="1" failed="0" inconclusive="0" skipped="0" asserts="1">
        <test-case id="0-1137" name="TestHelloWorld" fullname="Kaitai.SpecHelloWorld.TestHelloWorld" methodname="TestHelloWorld" classname="Kaitai.SpecHelloWorld" runstate="Runnable" seed="1852177375" result="Passed" start-time="2020-05-17 21:25:19Z" end-time="2020-05-17 21:25:19Z" duration="0.000350" asserts="1" />
      </test-suite>
      <test-suite type="TestFixture" id="0-1138" name="SpecIfInstances" fullname="Kaitai.SpecIfInstances" classname="Kaitai.SpecIfInstances" runstate="Runnable" testcasecount="1" result="Passed" start-time="2020-05-17 21:25:19Z" end-time="2020-05-17 21:25:19Z" duration="0.004019" total="1" passed="1" failed="0" inconclusive="0" skipped="0" asserts="1">
        <test-case id="0-1139" name="TestIfInstances" fullname="Kaitai.SpecIfInstances.TestIfInstances" methodname="TestIfInstances" classname="Kaitai.SpecIfInstances" runstate="Runnable" seed="1156505700" result="Passed" start-time="2020-05-17 21:25:19Z" end-time="2020-05-17 21:25:19Z" duration="0.000561" asserts="1" />
      </test-suite>
      <test-suite type="TestFixture" id="0-1140" name="SpecIfStruct" fullname="Kaitai.SpecIfStruct" classname="Kaitai.SpecIfStruct" runstate="Runnable" testcasecount="1" result="Passed" start-time="2020-05-17 21:25:19Z" end-time="2020-05-17 21:25:19Z" duration="0.006004" total="1" passed="1" failed="0" inconclusive="0" skipped="0" asserts="7">
        <test-case id="0-1141" name="TestIfStruct" fullname="Kaitai.SpecIfStruct.TestIfStruct" methodname="TestIfStruct" classname="Kaitai.SpecIfStruct" runstate="Runnable" seed="660039736" result="Passed" start-time="2020-05-17 21:25:19Z" end-time="2020-05-17 21:25:19Z" duration="0.002009" asserts="7" />
      </test-suite>
      <test-suite type="TestFixture" id="0-1142" name="SpecIfValues" fullname="Kaitai.SpecIfValues" classname="Kaitai.SpecIfValues" runstate="Runnable" testcasecount="1" result="Passed" start-time="2020-05-17 21:25:19Z" end-time="2020-05-17 21:25:19Z" duration="0.005042" total="1" passed="1" failed="0" inconclusive="0" skipped="0" asserts="6">
        <test-case id="0-1143" name="TestIfValues" fullname="Kaitai.SpecIfValues.TestIfValues" methodname="TestIfValues" classname="Kaitai.SpecIfValues" runstate="Runnable" seed="623900349" result="Passed" start-time="2020-05-17 21:25:19Z" end-time="2020-05-17 21:25:19Z" duration="0.001486" asserts="6" />
      </test-suite>
      <test-suite type="TestFixture" id="0-1144" name="SpecImports0" fullname="Kaitai.SpecImports0" classname="Kaitai.SpecImports0" runstate="Runnable" testcasecount="1" result="Passed" start-time="2020-05-17 21:25:19Z" end-time="2020-05-17 21:25:19Z" duration="0.003971" total="1" passed="1" failed="0" inconclusive="0" skipped="0" asserts="3">
        <test-case id="0-1145" name="TestImports0" fullname="Kaitai.SpecImports0.TestImports0" methodname="TestImports0" classname="Kaitai.SpecImports0" runstate="Runnable" seed="1197218364" result="Passed" start-time="2020-05-17 21:25:19Z" end-time="2020-05-17 21:25:19Z" duration="0.000897" asserts="3" />
      </test-suite>
      <test-suite type="TestFixture" id="0-1146" name="SpecImportsAbs" fullname="Kaitai.SpecImportsAbs" classname="Kaitai.SpecImportsAbs" runstate="Runnable" testcasecount="1" result="Passed" start-time="2020-05-17 21:25:19Z" end-time="2020-05-17 21:25:19Z" duration="0.011040" total="1" passed="1" failed="0" inconclusive="0" skipped="0" asserts="2">
        <test-case id="0-1147" name="TestImportsAbs" fullname="Kaitai.SpecImportsAbs.TestImportsAbs" methodname="TestImportsAbs" classname="Kaitai.SpecImportsAbs" runstate="Runnable" seed="1012191716" result="Passed" start-time="2020-05-17 21:25:19Z" end-time="2020-05-17 21:25:19Z" duration="0.007239" asserts="2" />
      </test-suite>
      <test-suite type="TestFixture" id="0-1148" name="SpecImportsAbsAbs" fullname="Kaitai.SpecImportsAbsAbs" classname="Kaitai.SpecImportsAbsAbs" runstate="Runnable" testcasecount="1" result="Passed" start-time="2020-05-17 21:25:19Z" end-time="2020-05-17 21:25:19Z" duration="0.005017" total="1" passed="1" failed="0" inconclusive="0" skipped="0" asserts="3">
        <test-case id="0-1149" name="TestImportsAbsAbs" fullname="Kaitai.SpecImportsAbsAbs.TestImportsAbsAbs" methodname="TestImportsAbsAbs" classname="Kaitai.SpecImportsAbsAbs" runstate="Runnable" seed="2111649847" result="Passed" start-time="2020-05-17 21:25:19Z" end-time="2020-05-17 21:25:19Z" duration="0.001428" asserts="3" />
      </test-suite>
      <test-suite type="TestFixture" id="0-1150" name="SpecImportsAbsRel" fullname="Kaitai.SpecImportsAbsRel" classname="Kaitai.SpecImportsAbsRel" runstate="Runnable" testcasecount="1" result="Passed" start-time="2020-05-17 21:25:19Z" end-time="2020-05-17 21:25:19Z" duration="0.005009" total="1" passed="1" failed="0" inconclusive="0" skipped="0" asserts="3">
        <test-case id="0-1151" name="TestImportsAbsRel" fullname="Kaitai.SpecImportsAbsRel.TestImportsAbsRel" methodname="TestImportsAbsRel" classname="Kaitai.SpecImportsAbsRel" runstate="Runnable" seed="1058504678" result="Passed" start-time="2020-05-17 21:25:19Z" end-time="2020-05-17 21:25:19Z" duration="0.001220" asserts="3" />
      </test-suite>
      <test-suite type="TestFixture" id="0-1152" name="SpecImportsCircularA" fullname="Kaitai.SpecImportsCircularA" classname="Kaitai.SpecImportsCircularA" runstate="Runnable" testcasecount="1" result="Passed" start-time="2020-05-17 21:25:19Z" end-time="2020-05-17 21:25:19Z" duration="0.005031" total="1" passed="1" failed="0" inconclusive="0" skipped="0" asserts="5">
        <test-case id="0-1153" name="TestImportsCircularA" fullname="Kaitai.SpecImportsCircularA.TestImportsCircularA" methodname="TestImportsCircularA" classname="Kaitai.SpecImportsCircularA" runstate="Runnable" seed="1831783132" result="Passed" start-time="2020-05-17 21:25:19Z" end-time="2020-05-17 21:25:19Z" duration="0.001343" asserts="5" />
      </test-suite>
      <test-suite type="TestFixture" id="0-1154" name="SpecImportsRel1" fullname="Kaitai.SpecImportsRel1" classname="Kaitai.SpecImportsRel1" runstate="Runnable" testcasecount="1" result="Passed" start-time="2020-05-17 21:25:19Z" end-time="2020-05-17 21:25:19Z" duration="0.005010" total="1" passed="1" failed="0" inconclusive="0" skipped="0" asserts="3">
        <test-case id="0-1155" name="TestImportsRel1" fullname="Kaitai.SpecImportsRel1.TestImportsRel1" methodname="TestImportsRel1" classname="Kaitai.SpecImportsRel1" runstate="Runnable" seed="797939835" result="Passed" start-time="2020-05-17 21:25:19Z" end-time="2020-05-17 21:25:19Z" duration="0.001536" asserts="3" />
      </test-suite>
      <test-suite type="TestFixture" id="0-1156" name="SpecIndexSizes" fullname="Kaitai.SpecIndexSizes" classname="Kaitai.SpecIndexSizes" runstate="Runnable" testcasecount="1" result="Passed" start-time="2020-05-17 21:25:19Z" end-time="2020-05-17 21:25:19Z" duration="0.005011" total="1" passed="1" failed="0" inconclusive="0" skipped="0" asserts="7">
        <test-case id="0-1157" name="TestIndexSizes" fullname="Kaitai.SpecIndexSizes.TestIndexSizes" methodname="TestIndexSizes" classname="Kaitai.SpecIndexSizes" runstate="Runnable" seed="2063170478" result="Passed" start-time="2020-05-17 21:25:19Z" end-time="2020-05-17 21:25:19Z" duration="0.001344" asserts="7" />
      </test-suite>
      <test-suite type="TestFixture" id="0-1158" name="SpecIndexToParamEos" fullname="Kaitai.SpecIndexToParamEos" classname="Kaitai.SpecIndexToParamEos" runstate="Runnable" testcasecount="1" result="Passed" start-time="2020-05-17 21:25:19Z" end-time="2020-05-17 21:25:19Z" duration="0.005007" total="1" passed="1" failed="0" inconclusive="0" skipped="0" asserts="7">
        <test-case id="0-1159" name="TestIndexToParamEos" fullname="Kaitai.SpecIndexToParamEos.TestIndexToParamEos" methodname="TestIndexToParamEos" classname="Kaitai.SpecIndexToParamEos" runstate="Runnable" seed="142413457" result="Passed" start-time="2020-05-17 21:25:19Z" end-time="2020-05-17 21:25:19Z" duration="0.001863" asserts="7" />
      </test-suite>
      <test-suite type="TestFixture" id="0-1160" name="SpecIndexToParamExpr" fullname="Kaitai.SpecIndexToParamExpr" classname="Kaitai.SpecIndexToParamExpr" runstate="Runnable" testcasecount="1" result="Passed" start-time="2020-05-17 21:25:19Z" end-time="2020-05-17 21:25:19Z" duration="0.005028" total="1" passed="1" failed="0" inconclusive="0" skipped="0" asserts="7">
        <test-case id="0-1161" name="TestIndexToParamExpr" fullname="Kaitai.SpecIndexToParamExpr.TestIndexToParamExpr" methodname="TestIndexToParamExpr" classname="Kaitai.SpecIndexToParamExpr" runstate="Runnable" seed="1769687490" result="Passed" start-time="2020-05-17 21:25:19Z" end-time="2020-05-17 21:25:19Z" duration="0.001792" asserts="7" />
      </test-suite>
      <test-suite type="TestFixture" id="0-1162" name="SpecIndexToParamUntil" fullname="Kaitai.SpecIndexToParamUntil" classname="Kaitai.SpecIndexToParamUntil" runstate="Runnable" testcasecount="1" result="Passed" start-time="2020-05-17 21:25:19Z" end-time="2020-05-17 21:25:19Z" duration="0.005007" total="1" passed="1" failed="0" inconclusive="0" skipped="0" asserts="7">
        <test-case id="0-1163" name="TestIndexToParamUntil" fullname="Kaitai.SpecIndexToParamUntil.TestIndexToParamUntil" methodname="TestIndexToParamUntil" classname="Kaitai.SpecIndexToParamUntil" runstate="Runnable" seed="1902252491" result="Passed" start-time="2020-05-17 21:25:19Z" end-time="2020-05-17 21:25:19Z" duration="0.001886" asserts="7" />
      </test-suite>
      <test-suite type="TestFixture" id="0-1164" name="SpecInstanceIoUser" fullname="Kaitai.SpecInstanceIoUser" classname="Kaitai.SpecInstanceIoUser" runstate="Runnable" testcasecount="1" result="Passed" start-time="2020-05-17 21:25:19Z" end-time="2020-05-17 21:25:19Z" duration="0.006008" total="1" passed="1" failed="0" inconclusive="0" skipped="0" asserts="4">
        <test-case id="0-1165" name="TestInstanceIoUser" fullname="Kaitai.SpecInstanceIoUser.TestInstanceIoUser" methodname="TestInstanceIoUser" classname="Kaitai.SpecInstanceIoUser" runstate="Runnable" seed="1662792345" result="Passed" start-time="2020-05-17 21:25:19Z" end-time="2020-05-17 21:25:19Z" duration="0.001932" asserts="4" />
      </test-suite>
      <test-suite type="TestFixture" id="0-1166" name="SpecInstanceStd" fullname="Kaitai.SpecInstanceStd" classname="Kaitai.SpecInstanceStd" runstate="Runnable" testcasecount="1" result="Passed" start-time="2020-05-17 21:25:19Z" end-time="2020-05-17 21:25:19Z" duration="0.003988" total="1" passed="1" failed="0" inconclusive="0" skipped="0" asserts="1">
        <test-case id="0-1167" name="TestInstanceStd" fullname="Kaitai.SpecInstanceStd.TestInstanceStd" methodname="TestInstanceStd" classname="Kaitai.SpecInstanceStd" runstate="Runnable" seed="1865574050" result="Passed" start-time="2020-05-17 21:25:19Z" end-time="2020-05-17 21:25:19Z" duration="0.000641" asserts="1" />
      </test-suite>
      <test-suite type="TestFixture" id="0-1168" name="SpecInstanceStdArray" fullname="Kaitai.SpecInstanceStdArray" classname="Kaitai.SpecInstanceStdArray" runstate="Runnable" testcasecount="1" result="Passed" start-time="2020-05-17 21:25:19Z" end-time="2020-05-17 21:25:19Z" duration="0.005009" total="1" passed="1" failed="0" inconclusive="0" skipped="0" asserts="7">
        <test-case id="0-1169" name="TestInstanceStdArray" fullname="Kaitai.SpecInstanceStdArray.TestInstanceStdArray" methodname="TestInstanceStdArray" classname="Kaitai.SpecInstanceStdArray" runstate="Runnable" seed="438088241" result="Passed" start-time="2020-05-17 21:25:19Z" end-time="2020-05-17 21:25:19Z" duration="0.001503" asserts="7" />
      </test-suite>
      <test-suite type="TestFixture" id="0-1170" name="SpecInstanceUserArray" fullname="Kaitai.SpecInstanceUserArray" classname="Kaitai.SpecInstanceUserArray" runstate="Runnable" testcasecount="1" result="Passed" start-time="2020-05-17 21:25:19Z" end-time="2020-05-17 21:25:19Z" duration="0.006007" total="1" passed="1" failed="0" inconclusive="0" skipped="0" asserts="10">
        <test-case id="0-1171" name="TestInstanceUserArray" fullname="Kaitai.SpecInstanceUserArray.TestInstanceUserArray" methodname="TestInstanceUserArray" classname="Kaitai.SpecInstanceUserArray" runstate="Runnable" seed="144366629" result="Passed" start-time="2020-05-17 21:25:19Z" end-time="2020-05-17 21:25:19Z" duration="0.002184" asserts="10" />
      </test-suite>
      <test-suite type="TestFixture" id="0-1172" name="SpecIntegers" fullname="Kaitai.SpecIntegers" classname="Kaitai.SpecIntegers" runstate="Runnable" testcasecount="1" result="Passed" start-time="2020-05-17 21:25:19Z" end-time="2020-05-17 21:25:19Z" duration="0.007991" total="1" passed="1" failed="0" inconclusive="0" skipped="0" asserts="20">
        <test-case id="0-1173" name="TestIntegers" fullname="Kaitai.SpecIntegers.TestIntegers" methodname="TestIntegers" classname="Kaitai.SpecIntegers" runstate="Runnable" seed="1091125626" result="Passed" start-time="2020-05-17 21:25:19Z" end-time="2020-05-17 21:25:19Z" duration="0.004353" asserts="20" />
      </test-suite>
      <test-suite type="TestFixture" id="0-1174" name="SpecIntegersMinMax" fullname="Kaitai.SpecIntegersMinMax" classname="Kaitai.SpecIntegersMinMax" runstate="Runnable" testcasecount="1" result="Passed" start-time="2020-05-17 21:25:19Z" end-time="2020-05-17 21:25:19Z" duration="0.007009" total="1" passed="1" failed="0" inconclusive="0" skipped="0" asserts="28">
        <test-case id="0-1175" name="TestIntegersMinMax" fullname="Kaitai.SpecIntegersMinMax.TestIntegersMinMax" methodname="TestIntegersMinMax" classname="Kaitai.SpecIntegersMinMax" runstate="Runnable" seed="416376348" result="Passed" start-time="2020-05-17 21:25:19Z" end-time="2020-05-17 21:25:19Z" duration="0.003429" asserts="28" />
      </test-suite>
      <test-suite type="TestFixture" id="0-1176" name="SpecIoLocalVar" fullname="Kaitai.SpecIoLocalVar" classname="Kaitai.SpecIoLocalVar" runstate="Runnable" testcasecount="1" result="Passed" start-time="2020-05-17 21:25:19Z" end-time="2020-05-17 21:25:19Z" duration="0.004984" total="1" passed="1" failed="0" inconclusive="0" skipped="0" asserts="2">
        <test-case id="0-1177" name="TestIoLocalVar" fullname="Kaitai.SpecIoLocalVar.TestIoLocalVar" methodname="TestIoLocalVar" classname="Kaitai.SpecIoLocalVar" runstate="Runnable" seed="1588544539" result="Passed" start-time="2020-05-17 21:25:19Z" end-time="2020-05-17 21:25:19Z" duration="0.001299" asserts="2" />
      </test-suite>
      <test-suite type="TestFixture" id="0-1178" name="SpecJsSignedRightShift" fullname="Kaitai.SpecJsSignedRightShift" classname="Kaitai.SpecJsSignedRightShift" runstate="Runnable" testcasecount="1" result="Passed" start-time="2020-05-17 21:25:19Z" end-time="2020-05-17 21:25:19Z" duration="0.003972" total="1" passed="1" failed="0" inconclusive="0" skipped="0" asserts="2">
        <test-case id="0-1179" name="TestJsSignedRightShift" fullname="Kaitai.SpecJsSignedRightShift.TestJsSignedRightShift" methodname="TestJsSignedRightShift" classname="Kaitai.SpecJsSignedRightShift" runstate="Runnable" seed="1658672876" result="Passed" start-time="2020-05-17 21:25:19Z" end-time="2020-05-17 21:25:19Z" duration="0.000670" asserts="2" />
      </test-suite>
      <test-suite type="TestFixture" id="0-1180" name="SpecMetaTags" fullname="Kaitai.SpecMetaTags" classname="Kaitai.SpecMetaTags" runstate="Runnable" testcasecount="1" result="Passed" start-time="2020-05-17 21:25:19Z" end-time="2020-05-17 21:25:19Z" duration="0.004006" total="1" passed="1" failed="0" inconclusive="0" skipped="0" asserts="0">
        <test-case id="0-1181" name="TestMetaTags" fullname="Kaitai.SpecMetaTags.TestMetaTags" methodname="TestMetaTags" classname="Kaitai.SpecMetaTags" runstate="Runnable" seed="1421274946" result="Passed" start-time="2020-05-17 21:25:19Z" end-time="2020-05-17 21:25:19Z" duration="0.000463" asserts="0" />
      </test-suite>
      <test-suite type="TestFixture" id="0-1182" name="SpecMetaXref" fullname="Kaitai.SpecMetaXref" classname="Kaitai.SpecMetaXref" runstate="Runnable" testcasecount="1" result="Passed" start-time="2020-05-17 21:25:19Z" end-time="2020-05-17 21:25:19Z" duration="0.004010" total="1" passed="1" failed="0" inconclusive="0" skipped="0" asserts="0">
        <test-case id="0-1183" name="TestMetaXref" fullname="Kaitai.SpecMetaXref.TestMetaXref" methodname="TestMetaXref" classname="Kaitai.SpecMetaXref" runstate="Runnable" seed="1180425419" result="Passed" start-time="2020-05-17 21:25:19Z" end-time="2020-05-17 21:25:19Z" duration="0.000431" asserts="0" />
      </test-suite>
      <test-suite type="TestFixture" id="0-1184" name="SpecMultipleUse" fullname="Kaitai.SpecMultipleUse" classname="Kaitai.SpecMultipleUse" runstate="Runnable" testcasecount="1" result="Passed" start-time="2020-05-17 21:25:19Z" end-time="2020-05-17 21:25:19Z" duration="0.004998" total="1" passed="1" failed="0" inconclusive="0" skipped="0" asserts="2">
        <test-case id="0-1185" name="TestMultipleUse" fullname="Kaitai.SpecMultipleUse.TestMultipleUse" methodname="TestMultipleUse" classname="Kaitai.SpecMultipleUse" runstate="Runnable" seed="1076600371" result="Passed" start-time="2020-05-17 21:25:19Z" end-time="2020-05-17 21:25:19Z" duration="0.001454" asserts="2" />
      </test-suite>
      <test-suite type="TestFixture" id="0-1186" name="SpecNavParent" fullname="Kaitai.SpecNavParent" classname="Kaitai.SpecNavParent" runstate="Runnable" testcasecount="1" result="Passed" start-time="2020-05-17 21:25:19Z" end-time="2020-05-17 21:25:19Z" duration="0.006012" total="1" passed="1" failed="0" inconclusive="0" skipped="0" asserts="5">
        <test-case id="0-1187" name="TestNavParent" fullname="Kaitai.SpecNavParent.TestNavParent" methodname="TestNavParent" classname="Kaitai.SpecNavParent" runstate="Runnable" seed="941555324" result="Passed" start-time="2020-05-17 21:25:19Z" end-time="2020-05-17 21:25:19Z" duration="0.002244" asserts="5" />
      </test-suite>
      <test-suite type="TestFixture" id="0-1188" name="SpecNavParent2" fullname="Kaitai.SpecNavParent2" classname="Kaitai.SpecNavParent2" runstate="Runnable" testcasecount="1" result="Passed" start-time="2020-05-17 21:25:19Z" end-time="2020-05-17 21:25:19Z" duration="0.006016" total="1" passed="1" failed="0" inconclusive="0" skipped="0" asserts="10">
        <test-case id="0-1189" name="TestNavParent2" fullname="Kaitai.SpecNavParent2.TestNavParent2" methodname="TestNavParent2" classname="Kaitai.SpecNavParent2" runstate="Runnable" seed="1202313545" result="Passed" start-time="2020-05-17 21:25:19Z" end-time="2020-05-17 21:25:19Z" duration="0.002566" asserts="10" />
      </test-suite>
      <test-suite type="TestFixture" id="0-1190" name="SpecNavParent3" fullname="Kaitai.SpecNavParent3" classname="Kaitai.SpecNavParent3" runstate="Runnable" testcasecount="1" result="Passed" start-time="2020-05-17 21:25:19Z" end-time="2020-05-17 21:25:19Z" duration="0.007036" total="1" passed="1" failed="0" inconclusive="0" skipped="0" asserts="10">
        <test-case id="0-1191" name="TestNavParent3" fullname="Kaitai.SpecNavParent3.TestNavParent3" methodname="TestNavParent3" classname="Kaitai.SpecNavParent3" runstate="Runnable" seed="447683249" result="Passed" start-time="2020-05-17 21:25:19Z" end-time="2020-05-17 21:25:19Z" duration="0.003072" asserts="10" />
      </test-suite>
      <test-suite type="TestFixture" id="0-1192" name="SpecNavParentFalse" fullname="Kaitai.SpecNavParentFalse" classname="Kaitai.SpecNavParentFalse" runstate="Runnable" testcasecount="1" result="Passed" start-time="2020-05-17 21:25:19Z" end-time="2020-05-17 21:25:19Z" duration="0.006011" total="1" passed="1" failed="0" inconclusive="0" skipped="0" asserts="5">
        <test-case id="0-1193" name="TestNavParentFalse" fullname="Kaitai.SpecNavParentFalse.TestNavParentFalse" methodname="TestNavParentFalse" classname="Kaitai.SpecNavParentFalse" runstate="Runnable" seed="772095601" result="Passed" start-time="2020-05-17 21:25:19Z" end-time="2020-05-17 21:25:19Z" duration="0.002572" asserts="5" />
      </test-suite>
      <test-suite type="TestFixture" id="0-1194" name="SpecNavParentFalse2" fullname="Kaitai.SpecNavParentFalse2" classname="Kaitai.SpecNavParentFalse2" runstate="Runnable" testcasecount="1" result="Passed" start-time="2020-05-17 21:25:19Z" end-time="2020-05-17 21:25:19Z" duration="0.005039" total="1" passed="1" failed="0" inconclusive="0" skipped="0" asserts="1">
        <test-case id="0-1195" name="TestNavParentFalse2" fullname="Kaitai.SpecNavParentFalse2.TestNavParentFalse2" methodname="TestNavParentFalse2" classname="Kaitai.SpecNavParentFalse2" runstate="Runnable" seed="473906640" result="Passed" start-time="2020-05-17 21:25:19Z" end-time="2020-05-17 21:25:19Z" duration="0.001030" asserts="1" />
      </test-suite>
      <test-suite type="TestFixture" id="0-1196" name="SpecNavParentOverride" fullname="Kaitai.SpecNavParentOverride" classname="Kaitai.SpecNavParentOverride" runstate="Runnable" testcasecount="1" result="Passed" start-time="2020-05-17 21:25:19Z" end-time="2020-05-17 21:25:19Z" duration="0.004971" total="1" passed="1" failed="0" inconclusive="0" skipped="0" asserts="3">
        <test-case id="0-1197" name="TestNavParentOverride" fullname="Kaitai.SpecNavParentOverride.TestNavParentOverride" methodname="TestNavParentOverride" classname="Kaitai.SpecNavParentOverride" runstate="Runnable" seed="69764160" result="Passed" start-time="2020-05-17 21:25:19Z" end-time="2020-05-17 21:25:19Z" duration="0.001634" asserts="3" />
      </test-suite>
      <test-suite type="TestFixture" id="0-1198" name="SpecNavParentSwitch" fullname="Kaitai.SpecNavParentSwitch" classname="Kaitai.SpecNavParentSwitch" runstate="Runnable" testcasecount="1" result="Passed" start-time="2020-05-17 21:25:19Z" end-time="2020-05-17 21:25:19Z" duration="0.006011" total="1" passed="1" failed="0" inconclusive="0" skipped="0" asserts="3">
        <test-case id="0-1199" name="TestNavParentSwitch" fullname="Kaitai.SpecNavParentSwitch.TestNavParentSwitch" methodname="TestNavParentSwitch" classname="Kaitai.SpecNavParentSwitch" runstate="Runnable" seed="634142196" result="Passed" start-time="2020-05-17 21:25:19Z" end-time="2020-05-17 21:25:19Z" duration="0.001986" asserts="3" />
      </test-suite>
      <test-suite type="TestFixture" id="0-1200" name="SpecNavParentVsValueInst" fullname="Kaitai.SpecNavParentVsValueInst" classname="Kaitai.SpecNavParentVsValueInst" runstate="Runnable" testcasecount="1" result="Passed" start-time="2020-05-17 21:25:19Z" end-time="2020-05-17 21:25:19Z" duration="0.004006" total="1" passed="1" failed="0" inconclusive="0" skipped="0" asserts="1">
        <test-case id="0-1201" name="TestNavParentVsValueInst" fullname="Kaitai.SpecNavParentVsValueInst.TestNavParentVsValueInst" methodname="TestNavParentVsValueInst" classname="Kaitai.SpecNavParentVsValueInst" runstate="Runnable" seed="917666113" result="Passed" start-time="2020-05-17 21:25:19Z" end-time="2020-05-17 21:25:19Z" duration="0.000810" asserts="1" />
      </test-suite>
      <test-suite type="TestFixture" id="0-1202" name="SpecNavRoot" fullname="Kaitai.SpecNavRoot" classname="Kaitai.SpecNavRoot" runstate="Runnable" testcasecount="1" result="Passed" start-time="2020-05-17 21:25:19Z" end-time="2020-05-17 21:25:19Z" duration="0.006011" total="1" passed="1" failed="0" inconclusive="0" skipped="0" asserts="5">
        <test-case id="0-1203" name="TestNavRoot" fullname="Kaitai.SpecNavRoot.TestNavRoot" methodname="TestNavRoot" classname="Kaitai.SpecNavRoot" runstate="Runnable" seed="675680552" result="Passed" start-time="2020-05-17 21:25:19Z" end-time="2020-05-17 21:25:19Z" duration="0.002429" asserts="5" />
      </test-suite>
      <test-suite type="TestFixture" id="0-1204" name="SpecNestedSameName" fullname="Kaitai.SpecNestedSameName" classname="Kaitai.SpecNestedSameName" runstate="Runnable" testcasecount="1" result="Passed" start-time="2020-05-17 21:25:19Z" end-time="2020-05-17 21:25:19Z" duration="0.005037" total="1" passed="1" failed="0" inconclusive="0" skipped="0" asserts="2">
        <test-case id="0-1205" name="TestNestedSameName" fullname="Kaitai.SpecNestedSameName.TestNestedSameName" methodname="TestNestedSameName" classname="Kaitai.SpecNestedSameName" runstate="Runnable" seed="574601179" result="Passed" start-time="2020-05-17 21:25:19Z" end-time="2020-05-17 21:25:19Z" duration="0.001623" asserts="2" />
      </test-suite>
      <test-suite type="TestFixture" id="0-1206" name="SpecNestedSameName2" fullname="Kaitai.SpecNestedSameName2" classname="Kaitai.SpecNestedSameName2" runstate="Runnable" testcasecount="1" result="Passed" start-time="2020-05-17 21:25:19Z" end-time="2020-05-17 21:25:19Z" duration="0.006010" total="1" passed="1" failed="0" inconclusive="0" skipped="0" asserts="5">
        <test-case id="0-1207" name="TestNestedSameName2" fullname="Kaitai.SpecNestedSameName2.TestNestedSameName2" methodname="TestNestedSameName2" classname="Kaitai.SpecNestedSameName2" runstate="Runnable" seed="1518770086" result="Passed" start-time="2020-05-17 21:25:19Z" end-time="2020-05-17 21:25:19Z" duration="0.002270" asserts="5" />
      </test-suite>
      <test-suite type="TestFixture" id="0-1208" name="SpecNestedTypeParam" fullname="Kaitai.SpecNestedTypeParam" classname="Kaitai.SpecNestedTypeParam" runstate="Runnable" testcasecount="1" result="Passed" start-time="2020-05-17 21:25:19Z" end-time="2020-05-17 21:25:19Z" duration="0.005015" total="1" passed="1" failed="0" inconclusive="0" skipped="0" asserts="2">
        <test-case id="0-1209" name="TestNestedTypeParam" fullname="Kaitai.SpecNestedTypeParam.TestNestedTypeParam" methodname="TestNestedTypeParam" classname="Kaitai.SpecNestedTypeParam" runstate="Runnable" seed="956760545" result="Passed" start-time="2020-05-17 21:25:19Z" end-time="2020-05-17 21:25:19Z" duration="0.000973" asserts="2" />
      </test-suite>
      <test-suite type="TestFixture" id="0-1210" name="SpecNestedTypes" fullname="Kaitai.SpecNestedTypes" classname="Kaitai.SpecNestedTypes" runstate="Runnable" testcasecount="1" result="Passed" start-time="2020-05-17 21:25:19Z" end-time="2020-05-17 21:25:19Z" duration="0.005028" total="1" passed="1" failed="0" inconclusive="0" skipped="0" asserts="3">
        <test-case id="0-1211" name="TestNestedTypes" fullname="Kaitai.SpecNestedTypes.TestNestedTypes" methodname="TestNestedTypes" classname="Kaitai.SpecNestedTypes" runstate="Runnable" seed="1979781625" result="Passed" start-time="2020-05-17 21:25:19Z" end-time="2020-05-17 21:25:19Z" duration="0.001487" asserts="3" />
      </test-suite>
      <test-suite type="TestFixture" id="0-1212" name="SpecNestedTypes2" fullname="Kaitai.SpecNestedTypes2" classname="Kaitai.SpecNestedTypes2" runstate="Runnable" testcasecount="1" result="Passed" start-time="2020-05-17 21:25:19Z" end-time="2020-05-17 21:25:19Z" duration="0.006033" total="1" passed="1" failed="0" inconclusive="0" skipped="0" asserts="7">
        <test-case id="0-1213" name="TestNestedTypes2" fullname="Kaitai.SpecNestedTypes2.TestNestedTypes2" methodname="TestNestedTypes2" classname="Kaitai.SpecNestedTypes2" runstate="Runnable" seed="137685092" result="Passed" start-time="2020-05-17 21:25:19Z" end-time="2020-05-17 21:25:19Z" duration="0.002576" asserts="7" />
      </test-suite>
      <test-suite type="TestFixture" id="0-1214" name="SpecNestedTypes3" fullname="Kaitai.SpecNestedTypes3" classname="Kaitai.SpecNestedTypes3" runstate="Runnable" testcasecount="1" result="Passed" start-time="2020-05-17 21:25:19Z" end-time="2020-05-17 21:25:19Z" duration="0.006080" total="1" passed="1" failed="0" inconclusive="0" skipped="0" asserts="5">
        <test-case id="0-1215" name="TestNestedTypes3" fullname="Kaitai.SpecNestedTypes3.TestNestedTypes3" methodname="TestNestedTypes3" classname="Kaitai.SpecNestedTypes3" runstate="Runnable" seed="1990089695" result="Passed" start-time="2020-05-17 21:25:19Z" end-time="2020-05-17 21:25:19Z" duration="0.002232" asserts="5" />
      </test-suite>
      <test-suite type="TestFixture" id="0-1216" name="SpecNonStandard" fullname="Kaitai.SpecNonStandard" classname="Kaitai.SpecNonStandard" runstate="Runnable" testcasecount="1" result="Passed" start-time="2020-05-17 21:25:19Z" end-time="2020-05-17 21:25:19Z" duration="0.003985" total="1" passed="1" failed="0" inconclusive="0" skipped="0" asserts="1">
        <test-case id="0-1217" name="TestNonStandard" fullname="Kaitai.SpecNonStandard.TestNonStandard" methodname="TestNonStandard" classname="Kaitai.SpecNonStandard" runstate="Runnable" seed="1046456226" result="Passed" start-time="2020-05-17 21:25:19Z" end-time="2020-05-17 21:25:19Z" duration="0.000682" asserts="1" />
      </test-suite>
      <test-suite type="TestFixture" id="0-1218" name="SpecOpaqueExternalType" fullname="Kaitai.SpecOpaqueExternalType" classname="Kaitai.SpecOpaqueExternalType" runstate="Runnable" testcasecount="1" result="Passed" start-time="2020-05-17 21:25:19Z" end-time="2020-05-17 21:25:19Z" duration="0.005984" total="1" passed="1" failed="0" inconclusive="0" skipped="0" asserts="3">
[...]
      </test-suite>
      <test-suite type="TestFixture" id="0-1338" name="SpecSwitchManualIntSizeEos" fullname="Kaitai.SpecSwitchManualIntSizeEos" classname="Kaitai.SpecSwitchManualIntSizeEos" runstate="Runnable" testcasecount="1" result="Passed" start-time="2020-05-17 21:25:19Z" end-time="2020-05-17 21:25:19Z" duration="0.007010" total="1" passed="1" failed="0" inconclusive="0" skipped="0" asserts="10">
        <test-case id="0-1339" name="TestSwitchManualIntSizeEos" fullname="Kaitai.SpecSwitchManualIntSizeEos.TestSwitchManualIntSizeEos" methodname="TestSwitchManualIntSizeEos" classname="Kaitai.SpecSwitchManualIntSizeEos" runstate="Runnable" seed="716191710" result="Passed" start-time="2020-05-17 21:25:19Z" end-time="2020-05-17 21:25:19Z" duration="0.003195" asserts="10" />
      </test-suite>
      <test-suite type="TestFixture" id="0-1340" name="SpecSwitchManualStr" fullname="Kaitai.SpecSwitchManualStr" classname="Kaitai.SpecSwitchManualStr" runstate="Runnable" testcasecount="1" result="Passed" start-time="2020-05-17 21:25:19Z" end-time="2020-05-17 21:25:19Z" duration="0.006032" total="1" passed="1" failed="0" inconclusive="0" skipped="0" asserts="9">
        <test-case id="0-1341" name="TestSwitchManualStr" fullname="Kaitai.SpecSwitchManualStr.TestSwitchManualStr" methodname="TestSwitchManualStr" classname="Kaitai.SpecSwitchManualStr" runstate="Runnable" seed="1250883366" result="Passed" start-time="2020-05-17 21:25:19Z" end-time="2020-05-17 21:25:19Z" duration="0.002330" asserts="9" />
      </test-suite>
      <test-suite type="TestFixture" id="0-1342" name="SpecSwitchManualStrElse" fullname="Kaitai.SpecSwitchManualStrElse" classname="Kaitai.SpecSwitchManualStrElse" runstate="Runnable" testcasecount="1" result="Passed" start-time="2020-05-17 21:25:19Z" end-time="2020-05-17 21:25:19Z" duration="0.006058" total="1" passed="1" failed="0" inconclusive="0" skipped="0" asserts="9">
        <test-case id="0-1343" name="TestSwitchManualStrElse" fullname="Kaitai.SpecSwitchManualStrElse.TestSwitchManualStrElse" methodname="TestSwitchManualStrElse" classname="Kaitai.SpecSwitchManualStrElse" runstate="Runnable" seed="1191236805" result="Passed" start-time="2020-05-17 21:25:19Z" end-time="2020-05-17 21:25:19Z" duration="0.002500" asserts="9" />
      </test-suite>
      <test-suite type="TestFixture" id="0-1344" name="SpecSwitchMultiBoolOps" fullname="Kaitai.SpecSwitchMultiBoolOps" classname="Kaitai.SpecSwitchMultiBoolOps" runstate="Runnable" testcasecount="1" result="Passed" start-time="2020-05-17 21:25:20Z" end-time="2020-05-17 21:25:20Z" duration="0.005975" total="1" passed="1" failed="0" inconclusive="0" skipped="0" asserts="9">
        <test-case id="0-1345" name="TestSwitchMultiBoolOps" fullname="Kaitai.SpecSwitchMultiBoolOps.TestSwitchMultiBoolOps" methodname="TestSwitchMultiBoolOps" classname="Kaitai.SpecSwitchMultiBoolOps" runstate="Runnable" seed="386969296" result="Passed" start-time="2020-05-17 21:25:20Z" end-time="2020-05-17 21:25:20Z" duration="0.002283" asserts="9" />
      </test-suite>
      <test-suite type="TestFixture" id="0-1346" name="SpecSwitchRepeatExpr" fullname="Kaitai.SpecSwitchRepeatExpr" classname="Kaitai.SpecSwitchRepeatExpr" runstate="Runnable" testcasecount="1" result="Passed" start-time="2020-05-17 21:25:20Z" end-time="2020-05-17 21:25:20Z" duration="0.005037" total="1" passed="1" failed="0" inconclusive="0" skipped="0" asserts="3">
        <test-case id="0-1347" name="TestSwitchRepeatExpr" fullname="Kaitai.SpecSwitchRepeatExpr.TestSwitchRepeatExpr" methodname="TestSwitchRepeatExpr" classname="Kaitai.SpecSwitchRepeatExpr" runstate="Runnable" seed="1429560357" result="Passed" start-time="2020-05-17 21:25:20Z" end-time="2020-05-17 21:25:20Z" duration="0.001543" asserts="3" />
      </test-suite>
      <test-suite type="TestFixture" id="0-1348" name="SpecTermBytes" fullname="Kaitai.SpecTermBytes" classname="Kaitai.SpecTermBytes" runstate="Runnable" testcasecount="1" result="Passed" start-time="2020-05-17 21:25:20Z" end-time="2020-05-17 21:25:20Z" duration="0.003992" total="1" passed="1" failed="0" inconclusive="0" skipped="0" asserts="3">
        <test-case id="0-1349" name="TestTermBytes" fullname="Kaitai.SpecTermBytes.TestTermBytes" methodname="TestTermBytes" classname="Kaitai.SpecTermBytes" runstate="Runnable" seed="538452338" result="Passed" start-time="2020-05-17 21:25:20Z" end-time="2020-05-17 21:25:20Z" duration="0.000886" asserts="3" />
      </test-suite>
      <test-suite type="TestFixture" id="0-1350" name="SpecTermStrz" fullname="Kaitai.SpecTermStrz" classname="Kaitai.SpecTermStrz" runstate="Runnable" testcasecount="1" result="Passed" start-time="2020-05-17 21:25:20Z" end-time="2020-05-17 21:25:20Z" duration="0.004070" total="1" passed="1" failed="0" inconclusive="0" skipped="0" asserts="3">
        <test-case id="0-1351" name="TestTermStrz" fullname="Kaitai.SpecTermStrz.TestTermStrz" methodname="TestTermStrz" classname="Kaitai.SpecTermStrz" runstate="Runnable" seed="1211413460" result="Passed" start-time="2020-05-17 21:25:20Z" end-time="2020-05-17 21:25:20Z" duration="0.000354" asserts="3" />
      </test-suite>
      <test-suite type="TestFixture" id="0-1352" name="SpecTsPacketHeader" fullname="Kaitai.SpecTsPacketHeader" classname="Kaitai.SpecTsPacketHeader" runstate="Runnable" testcasecount="1" result="Passed" start-time="2020-05-17 21:25:20Z" end-time="2020-05-17 21:25:20Z" duration="0.005002" total="1" passed="1" failed="0" inconclusive="0" skipped="0" asserts="7">
        <test-case id="0-1353" name="TestTsPacketHeader" fullname="Kaitai.SpecTsPacketHeader.TestTsPacketHeader" methodname="TestTsPacketHeader" classname="Kaitai.SpecTsPacketHeader" runstate="Runnable" seed="750294620" result="Passed" start-time="2020-05-17 21:25:20Z" end-time="2020-05-17 21:25:20Z" duration="0.001484" asserts="7" />
      </test-suite>
      <test-suite type="TestFixture" id="0-1354" name="SpecTypeIntUnaryOp" fullname="Kaitai.SpecTypeIntUnaryOp" classname="Kaitai.SpecTypeIntUnaryOp" runstate="Runnable" testcasecount="1" result="Passed" start-time="2020-05-17 21:25:20Z" end-time="2020-05-17 21:25:20Z" duration="0.004934" total="1" passed="1" failed="0" inconclusive="0" skipped="0" asserts="4">
        <test-case id="0-1355" name="TestTypeIntUnaryOp" fullname="Kaitai.SpecTypeIntUnaryOp.TestTypeIntUnaryOp" methodname="TestTypeIntUnaryOp" classname="Kaitai.SpecTypeIntUnaryOp" runstate="Runnable" seed="1268947660" result="Passed" start-time="2020-05-17 21:25:20Z" end-time="2020-05-17 21:25:20Z" duration="0.001099" asserts="4" />
      </test-suite>
      <test-suite type="TestFixture" id="0-1356" name="SpecTypeTernary" fullname="Kaitai.SpecTypeTernary" classname="Kaitai.SpecTypeTernary" runstate="Runnable" testcasecount="1" result="Passed" start-time="2020-05-17 21:25:20Z" end-time="2020-05-17 21:25:20Z" duration="0.005008" total="1" passed="1" failed="0" inconclusive="0" skipped="0" asserts="1">
        <test-case id="0-1357" name="TestTypeTernary" fullname="Kaitai.SpecTypeTernary.TestTypeTernary" methodname="TestTypeTernary" classname="Kaitai.SpecTypeTernary" runstate="Runnable" seed="467177196" result="Passed" start-time="2020-05-17 21:25:20Z" end-time="2020-05-17 21:25:20Z" duration="0.001469" asserts="1" />
      </test-suite>
      <test-suite type="TestFixture" id="0-1358" name="SpecTypeTernary2ndFalsy" fullname="Kaitai.SpecTypeTernary2ndFalsy" classname="Kaitai.SpecTypeTernary2ndFalsy" runstate="Runnable" testcasecount="1" result="Passed" start-time="2020-05-17 21:25:20Z" end-time="2020-05-17 21:25:20Z" duration="0.007038" total="1" passed="1" failed="0" inconclusive="0" skipped="0" asserts="13">
        <test-case id="0-1359" name="TestTypeTernary2ndFalsy" fullname="Kaitai.SpecTypeTernary2ndFalsy.TestTypeTernary2ndFalsy" methodname="TestTypeTernary2ndFalsy" classname="Kaitai.SpecTypeTernary2ndFalsy" runstate="Runnable" seed="986045125" result="Passed" start-time="2020-05-17 21:25:20Z" end-time="2020-05-17 21:25:20Z" duration="0.003010" asserts="13" />
      </test-suite>
      <test-suite type="TestFixture" id="0-1360" name="SpecTypeTernaryOpaque" fullname="Kaitai.SpecTypeTernaryOpaque" classname="Kaitai.SpecTypeTernaryOpaque" runstate="Runnable" testcasecount="1" result="Passed" start-time="2020-05-17 21:25:20Z" end-time="2020-05-17 21:25:20Z" duration="0.005010" total="1" passed="1" failed="0" inconclusive="0" skipped="0" asserts="3">
        <test-case id="0-1361" name="TestTypeTernaryOpaque" fullname="Kaitai.SpecTypeTernaryOpaque.TestTypeTernaryOpaque" methodname="TestTypeTernaryOpaque" classname="Kaitai.SpecTypeTernaryOpaque" runstate="Runnable" seed="5466645" result="Passed" start-time="2020-05-17 21:25:20Z" end-time="2020-05-17 21:25:20Z" duration="0.001311" asserts="3" />
      </test-suite>
      <test-suite type="TestFixture" id="0-1362" name="SpecUserType" fullname="Kaitai.SpecUserType" classname="Kaitai.SpecUserType" runstate="Runnable" testcasecount="1" result="Passed" start-time="2020-05-17 21:25:20Z" end-time="2020-05-17 21:25:20Z" duration="0.005006" total="1" passed="1" failed="0" inconclusive="0" skipped="0" asserts="2">
        <test-case id="0-1363" name="TestUserType" fullname="Kaitai.SpecUserType.TestUserType" methodname="TestUserType" classname="Kaitai.SpecUserType" runstate="Runnable" seed="643747648" result="Passed" start-time="2020-05-17 21:25:20Z" end-time="2020-05-17 21:25:20Z" duration="0.001159" asserts="2" />
      </test-suite>
      <test-suite type="TestFixture" id="0-1364" name="SpecValidFailAnyofInt" fullname="Kaitai.SpecValidFailAnyofInt" classname="Kaitai.SpecValidFailAnyofInt" runstate="Runnable" testcasecount="1" result="Passed" start-time="2020-05-17 21:25:20Z" end-time="2020-05-17 21:25:20Z" duration="0.006012" total="1" passed="1" failed="0" inconclusive="0" skipped="0" asserts="1">
        <test-case id="0-1365" name="TestValidFailAnyofInt" fullname="Kaitai.SpecValidFailAnyofInt.TestValidFailAnyofInt" methodname="TestValidFailAnyofInt" classname="Kaitai.SpecValidFailAnyofInt" runstate="Runnable" seed="1581426327" result="Passed" start-time="2020-05-17 21:25:20Z" end-time="2020-05-17 21:25:20Z" duration="0.002027" asserts="1" />
      </test-suite>
      <test-suite type="TestFixture" id="0-1366" name="SpecValidFailContents" fullname="Kaitai.SpecValidFailContents" classname="Kaitai.SpecValidFailContents" runstate="Runnable" testcasecount="1" result="Passed" start-time="2020-05-17 21:25:20Z" end-time="2020-05-17 21:25:20Z" duration="0.005009" total="1" passed="1" failed="0" inconclusive="0" skipped="0" asserts="1">
        <test-case id="0-1367" name="TestValidFailContents" fullname="Kaitai.SpecValidFailContents.TestValidFailContents" methodname="TestValidFailContents" classname="Kaitai.SpecValidFailContents" runstate="Runnable" seed="183340568" result="Passed" start-time="2020-05-17 21:25:20Z" end-time="2020-05-17 21:25:20Z" duration="0.001483" asserts="1" />
      </test-suite>
      <test-suite type="TestFixture" id="0-1368" name="SpecValidFailEqBytes" fullname="Kaitai.SpecValidFailEqBytes" classname="Kaitai.SpecValidFailEqBytes" runstate="Runnable" testcasecount="1" result="Passed" start-time="2020-05-17 21:25:20Z" end-time="2020-05-17 21:25:20Z" duration="0.005231" total="1" passed="1" failed="0" inconclusive="0" skipped="0" asserts="1">
        <test-case id="0-1369" name="TestValidFailEqBytes" fullname="Kaitai.SpecValidFailEqBytes.TestValidFailEqBytes" methodname="TestValidFailEqBytes" classname="Kaitai.SpecValidFailEqBytes" runstate="Runnable" seed="1143068513" result="Passed" start-time="2020-05-17 21:25:20Z" end-time="2020-05-17 21:25:20Z" duration="0.001089" asserts="1" />
      </test-suite>
      <test-suite type="TestFixture" id="0-1370" name="SpecValidFailEqInt" fullname="Kaitai.SpecValidFailEqInt" classname="Kaitai.SpecValidFailEqInt" runstate="Runnable" testcasecount="1" result="Passed" start-time="2020-05-17 21:25:20Z" end-time="2020-05-17 21:25:20Z" duration="0.005011" total="1" passed="1" failed="0" inconclusive="0" skipped="0" asserts="1">
        <test-case id="0-1371" name="TestValidFailEqInt" fullname="Kaitai.SpecValidFailEqInt.TestValidFailEqInt" methodname="TestValidFailEqInt" classname="Kaitai.SpecValidFailEqInt" runstate="Runnable" seed="956430669" result="Passed" start-time="2020-05-17 21:25:20Z" end-time="2020-05-17 21:25:20Z" duration="0.001053" asserts="1" />
      </test-suite>
      <test-suite type="TestFixture" id="0-1372" name="SpecValidFailInst" fullname="Kaitai.SpecValidFailInst" classname="Kaitai.SpecValidFailInst" runstate="Runnable" testcasecount="1" result="Passed" start-time="2020-05-17 21:25:20Z" end-time="2020-05-17 21:25:20Z" duration="0.005029" total="1" passed="1" failed="0" inconclusive="0" skipped="0" asserts="1">
        <test-case id="0-1373" name="TestValidFailInst" fullname="Kaitai.SpecValidFailInst.TestValidFailInst" methodname="TestValidFailInst" classname="Kaitai.SpecValidFailInst" runstate="Runnable" seed="1566459841" result="Passed" start-time="2020-05-17 21:25:20Z" end-time="2020-05-17 21:25:20Z" duration="0.001074" asserts="1" />
      </test-suite>
      <test-suite type="TestFixture" id="0-1374" name="SpecValidFailMaxInt" fullname="Kaitai.SpecValidFailMaxInt" classname="Kaitai.SpecValidFailMaxInt" runstate="Runnable" testcasecount="1" result="Passed" start-time="2020-05-17 21:25:20Z" end-time="2020-05-17 21:25:20Z" duration="0.005012" total="1" passed="1" failed="0" inconclusive="0" skipped="0" asserts="1">
        <test-case id="0-1375" name="TestValidFailMaxInt" fullname="Kaitai.SpecValidFailMaxInt.TestValidFailMaxInt" methodname="TestValidFailMaxInt" classname="Kaitai.SpecValidFailMaxInt" runstate="Runnable" seed="1503964811" result="Passed" start-time="2020-05-17 21:25:20Z" end-time="2020-05-17 21:25:20Z" duration="0.001217" asserts="1" />
      </test-suite>
      <test-suite type="TestFixture" id="0-1376" name="SpecValidFailMinInt" fullname="Kaitai.SpecValidFailMinInt" classname="Kaitai.SpecValidFailMinInt" runstate="Runnable" testcasecount="1" result="Passed" start-time="2020-05-17 21:25:20Z" end-time="2020-05-17 21:25:20Z" duration="0.005013" total="1" passed="1" failed="0" inconclusive="0" skipped="0" asserts="1">
        <test-case id="0-1377" name="TestValidFailMinInt" fullname="Kaitai.SpecValidFailMinInt.TestValidFailMinInt" methodname="TestValidFailMinInt" classname="Kaitai.SpecValidFailMinInt" runstate="Runnable" seed="667332457" result="Passed" start-time="2020-05-17 21:25:20Z" end-time="2020-05-17 21:25:20Z" duration="0.001146" asserts="1" />
      </test-suite>
      <test-suite type="TestFixture" id="0-1378" name="SpecValidFailRangeInt" fullname="Kaitai.SpecValidFailRangeInt" classname="Kaitai.SpecValidFailRangeInt" runstate="Runnable" testcasecount="1" result="Passed" start-time="2020-05-17 21:25:20Z" end-time="2020-05-17 21:25:20Z" duration="0.005004" total="1" passed="1" failed="0" inconclusive="0" skipped="0" asserts="1">
        <test-case id="0-1379" name="TestValidFailRangeInt" fullname="Kaitai.SpecValidFailRangeInt.TestValidFailRangeInt" methodname="TestValidFailRangeInt" classname="Kaitai.SpecValidFailRangeInt" runstate="Runnable" seed="1212213075" result="Passed" start-time="2020-05-17 21:25:20Z" end-time="2020-05-17 21:25:20Z" duration="0.001244" asserts="1" />
      </test-suite>
      <test-suite type="TestFixture" id="0-1380" name="SpecValidLong" fullname="Kaitai.SpecValidLong" classname="Kaitai.SpecValidLong" runstate="Runnable" testcasecount="1" result="Passed" start-time="2020-05-17 21:25:20Z" end-time="2020-05-17 21:25:20Z" duration="0.007012" total="1" passed="1" failed="0" inconclusive="0" skipped="0" asserts="0">
        <test-case id="0-1381" name="TestValidLong" fullname="Kaitai.SpecValidLong.TestValidLong" methodname="TestValidLong" classname="Kaitai.SpecValidLong" runstate="Runnable" seed="2662898" result="Passed" start-time="2020-05-17 21:25:20Z" end-time="2020-05-17 21:25:20Z" duration="0.003868" asserts="0" />
      </test-suite>
      <test-suite type="TestFixture" id="0-1382" name="SpecValidNotParsedIf" fullname="Kaitai.SpecValidNotParsedIf" classname="Kaitai.SpecValidNotParsedIf" runstate="Runnable" testcasecount="1" result="Passed" start-time="2020-05-17 21:25:20Z" end-time="2020-05-17 21:25:20Z" duration="0.005012" total="1" passed="1" failed="0" inconclusive="0" skipped="0" asserts="0">
        <test-case id="0-1383" name="TestValidNotParsedIf" fullname="Kaitai.SpecValidNotParsedIf.TestValidNotParsedIf" methodname="TestValidNotParsedIf" classname="Kaitai.SpecValidNotParsedIf" runstate="Runnable" seed="1528320985" result="Passed" start-time="2020-05-17 21:25:20Z" end-time="2020-05-17 21:25:20Z" duration="0.001296" asserts="0" />
      </test-suite>
      <test-suite type="TestFixture" id="0-1384" name="SpecValidShort" fullname="Kaitai.SpecValidShort" classname="Kaitai.SpecValidShort" runstate="Runnable" testcasecount="1" result="Passed" start-time="2020-05-17 21:25:20Z" end-time="2020-05-17 21:25:20Z" duration="0.007009" total="1" passed="1" failed="0" inconclusive="0" skipped="0" asserts="0">
        <test-case id="0-1385" name="TestValidShort" fullname="Kaitai.SpecValidShort.TestValidShort" methodname="TestValidShort" classname="Kaitai.SpecValidShort" runstate="Runnable" seed="1892359829" result="Passed" start-time="2020-05-17 21:25:20Z" end-time="2020-05-17 21:25:20Z" duration="0.003854" asserts="0" />
      </test-suite>
      <test-suite type="TestFixture" id="0-1386" name="SpecValidSwitch" fullname="Kaitai.SpecValidSwitch" classname="Kaitai.SpecValidSwitch" runstate="Runnable" testcasecount="1" result="Passed" start-time="2020-05-17 21:25:20Z" end-time="2020-05-17 21:25:20Z" duration="0.004019" total="1" passed="1" failed="0" inconclusive="0" skipped="0" asserts="0">
        <test-case id="0-1387" name="TestValidSwitch" fullname="Kaitai.SpecValidSwitch.TestValidSwitch" methodname="TestValidSwitch" classname="Kaitai.SpecValidSwitch" runstate="Runnable" seed="2137904938" result="Passed" start-time="2020-05-17 21:25:20Z" end-time="2020-05-17 21:25:20Z" duration="0.000929" asserts="0" />
      </test-suite>
      <test-suite type="TestFixture" id="0-1388" name="SpecZlibSurrounded" fullname="Kaitai.SpecZlibSurrounded" classname="Kaitai.SpecZlibSurrounded" runstate="Runnable" testcasecount="1" result="Passed" start-time="2020-05-17 21:25:20Z" end-time="2020-05-17 21:25:20Z" duration="0.031022" total="1" passed="1" failed="0" inconclusive="0" skipped="0" asserts="1">
        <test-case id="0-1389" name="TestZlibSurrounded" fullname="Kaitai.SpecZlibSurrounded.TestZlibSurrounded" methodname="TestZlibSurrounded" classname="Kaitai.SpecZlibSurrounded" runstate="Runnable" seed="846724085" result="Passed" start-time="2020-05-17 21:25:20Z" end-time="2020-05-17 21:25:20Z" duration="0.027494" asserts="1" />
      </test-suite>
      <test-suite type="TestFixture" id="0-1390" name="SpecZlibWithHeader78" fullname="Kaitai.SpecZlibWithHeader78" classname="Kaitai.SpecZlibWithHeader78" runstate="Runnable" testcasecount="1" result="Passed" start-time="2020-05-17 21:25:20Z" end-time="2020-05-17 21:25:20Z" duration="0.005070" total="1" passed="1" failed="0" inconclusive="0" skipped="0" asserts="1">
        <test-case id="0-1391" name="TestZlibWithHeader78" fullname="Kaitai.SpecZlibWithHeader78.TestZlibWithHeader78" methodname="TestZlibWithHeader78" classname="Kaitai.SpecZlibWithHeader78" runstate="Runnable" seed="1421420914" result="Passed" start-time="2020-05-17 21:25:20Z" end-time="2020-05-17 21:25:20Z" duration="0.001020" asserts="1" />
      </test-suite>
    </test-suite>
  </test-suite>
</test-run>