<?xml version="1.0" encoding="utf-8" standalone="no"?>
<test-run id="0" runstate="Runnable" testcasecount="256" result="Failed" total="256" passed="255" failed="1" warnings="0" inconclusive="0" skipped="0" asserts="1144" engine-version="3.19.0.0" clr-version="4.0.30319.42000" start-time="2025-12-28 22:40:32Z" end-time="2025-12-28 22:40:34Z" duration="1.626579">
  <command-line><![CDATA[C:\Users\runneradmin\.nuget\packages\nunit.consolerunner\3.19.0\tools\nunit3-console.exe --result=test_out/csharp/TestResult.xml spec/csharp/kaitai_struct_csharp_tests_netframework/bin/Debug/kaitai_struct_csharp_tests.dll]]></command-line>
  <test-suite type="Assembly" id="1-1512" name="kaitai_struct_csharp_tests.dll" fullname="D:\a\ci_targets\ci_targets\tests\spec\csharp\kaitai_struct_csharp_tests_netframework\bin\Debug\kaitai_struct_csharp_tests.dll" runstate="Runnable" testcasecount="256" result="Failed" site="Child" start-time="2025-12-28T22:40:33.3294693Z" end-time="2025-12-28T22:40:33.9140059Z" duration="0.582738" total="256" passed="255" failed="1" warnings="0" inconclusive="0" skipped="0" asserts="1144">
    <environment framework-version="3.14.0.0" clr-version="4.0.30319.42000" os-version="Microsoft Windows NT 10.0.26100.0" platform="Win32NT" cwd="D:\a\ci_targets\ci_targets\tests" machine-name="runnervm2nm03" user="runneradmin" user-domain="runnervm2nm03" culture="en-US" uiculture="en-US" os-architecture="x64" />
    <settings>
      <setting name="DisposeRunners" value="True" />
      <setting name="WorkDirectory" value="D:\a\ci_targets\ci_targets\tests" />
      <setting name="ImageRuntimeVersion" value="4.0.30319" />
      <setting name="ImageTargetFrameworkName" value=".NETFramework,Version=v4.8" />
      <setting name="ImageRequiresX86" value="False" />
      <setting name="ImageRequiresDefaultAppDomainAssemblyResolver" value="False" />
      <setting name="TargetRuntimeFramework" value="net-4.8" />
      <setting name="NumberOfTestWorkers" value="4" />
    </settings>
    <properties>
      <property name="_PID" value="1180" />
      <property name="_APPDOMAIN" value="domain-" />
    </properties>
    <failure>
      <message><![CDATA[One or more child tests had errors]]></message>
    </failure>
    <test-suite type="TestSuite" id="1-1513" name="Kaitai" fullname="Kaitai" runstate="Runnable" testcasecount="256" result="Failed" site="Child" start-time="2025-12-28T22:40:33.3456962Z" end-time="2025-12-28T22:40:33.9140059Z" duration="0.568188" total="256" passed="255" failed="1" warnings="0" inconclusive="0" skipped="0" asserts="1144">
      <failure>
        <message><![CDATA[One or more child tests had errors]]></message>
      </failure>
      <test-suite type="TestFixture" id="1-1000" name="SpecBcdUserTypeBe" fullname="Kaitai.SpecBcdUserTypeBe" classname="Kaitai.SpecBcdUserTypeBe" runstate="Runnable" testcasecount="1" result="Passed" start-time="2025-12-28T22:40:33.3474118Z" end-time="2025-12-28T22:40:33.4564242Z" duration="0.108051" total="1" passed="1" failed="0" warnings="0" inconclusive="0" skipped="0" asserts="6">
        <test-case id="1-1001" name="TestBcdUserTypeBe" fullname="Kaitai.SpecBcdUserTypeBe.TestBcdUserTypeBe" methodname="TestBcdUserTypeBe" classname="Kaitai.SpecBcdUserTypeBe" runstate="Runnable" seed="1887178264" result="Passed" start-time="2025-12-28T22:40:33.3522302Z" end-time="2025-12-28T22:40:33.4523802Z" duration="0.100821" asserts="6" />
      </test-suite>
      <test-suite type="TestFixture" id="1-1002" name="SpecBcdUserTypeLe" fullname="Kaitai.SpecBcdUserTypeLe" classname="Kaitai.SpecBcdUserTypeLe" runstate="Runnable" testcasecount="1" result="Passed" start-time="2025-12-28T22:40:33.4584423Z" end-time="2025-12-28T22:40:33.4624806Z" duration="0.004266" total="1" passed="1" failed="0" warnings="0" inconclusive="0" skipped="0" asserts="6">
        <test-case id="1-1003" name="TestBcdUserTypeLe" fullname="Kaitai.SpecBcdUserTypeLe.TestBcdUserTypeLe" methodname="TestBcdUserTypeLe" classname="Kaitai.SpecBcdUserTypeLe" runstate="Runnable" seed="2011529758" result="Passed" start-time="2025-12-28T22:40:33.4584423Z" end-time="2025-12-28T22:40:33.4624806Z" duration="0.004102" asserts="6" />
      </test-suite>
      <test-suite type="TestFixture" id="1-1004" name="SpecBitsByteAligned" fullname="Kaitai.SpecBitsByteAligned" classname="Kaitai.SpecBitsByteAligned" runstate="Runnable" testcasecount="1" result="Passed" start-time="2025-12-28T22:40:33.4624806Z" end-time="2025-12-28T22:40:33.4763740Z" duration="0.013205" total="1" passed="1" failed="0" warnings="0" inconclusive="0" skipped="0" asserts="9">
        <test-case id="1-1005" name="TestBitsByteAligned" fullname="Kaitai.SpecBitsByteAligned.TestBitsByteAligned" methodname="TestBitsByteAligned" classname="Kaitai.SpecBitsByteAligned" runstate="Runnable" seed="584858747" result="Passed" start-time="2025-12-28T22:40:33.4624806Z" end-time="2025-12-28T22:40:33.4754383Z" duration="0.013081" asserts="9" />
      </test-suite>
      <test-suite type="TestFixture" id="1-1006" name="SpecBitsEnum" fullname="Kaitai.SpecBitsEnum" classname="Kaitai.SpecBitsEnum" runstate="Runnable" testcasecount="1" result="Passed" start-time="2025-12-28T22:40:33.4763740Z" end-time="2025-12-28T22:40:33.4763740Z" duration="0.000715" total="1" passed="1" failed="0" warnings="0" inconclusive="0" skipped="0" asserts="3">
        <test-case id="1-1007" name="TestBitsEnum" fullname="Kaitai.SpecBitsEnum.TestBitsEnum" methodname="TestBitsEnum" classname="Kaitai.SpecBitsEnum" runstate="Runnable" seed="764574590" result="Passed" start-time="2025-12-28T22:40:33.4763740Z" end-time="2025-12-28T22:40:33.4763740Z" duration="0.000614" asserts="3" />
      </test-suite>
      <test-suite type="TestFixture" id="1-1008" name="SpecBitsSeqEndianCombo" fullname="Kaitai.SpecBitsSeqEndianCombo" classname="Kaitai.SpecBitsSeqEndianCombo" runstate="Runnable" testcasecount="1" result="Passed" start-time="2025-12-28T22:40:33.4763740Z" end-time="2025-12-28T22:40:33.4783994Z" duration="0.001455" total="1" passed="1" failed="0" warnings="0" inconclusive="0" skipped="0" asserts="8">
        <test-case id="1-1009" name="TestBitsSeqEndianCombo" fullname="Kaitai.SpecBitsSeqEndianCombo.TestBitsSeqEndianCombo" methodname="TestBitsSeqEndianCombo" classname="Kaitai.SpecBitsSeqEndianCombo" runstate="Runnable" seed="18620828" result="Passed" start-time="2025-12-28T22:40:33.4771739Z" end-time="2025-12-28T22:40:33.4783994Z" duration="0.001360" asserts="8" />
      </test-suite>
      <test-suite type="TestFixture" id="1-1010" name="SpecBitsShiftByB32Le" fullname="Kaitai.SpecBitsShiftByB32Le" classname="Kaitai.SpecBitsShiftByB32Le" runstate="Runnable" testcasecount="1" result="Passed" start-time="2025-12-28T22:40:33.4783994Z" end-time="2025-12-28T22:40:33.4791889Z" duration="0.000818" total="1" passed="1" failed="0" warnings="0" inconclusive="0" skipped="0" asserts="2">
        <test-case id="1-1011" name="TestBitsShiftByB32Le" fullname="Kaitai.SpecBitsShiftByB32Le.TestBitsShiftByB32Le" methodname="TestBitsShiftByB32Le" classname="Kaitai.SpecBitsShiftByB32Le" runstate="Runnable" seed="716684777" result="Passed" start-time="2025-12-28T22:40:33.4783994Z" end-time="2025-12-28T22:40:33.4791889Z" duration="0.000702" asserts="2" />
      </test-suite>
      <test-suite type="TestFixture" id="1-1012" name="SpecBitsShiftByB64Le" fullname="Kaitai.SpecBitsShiftByB64Le" classname="Kaitai.SpecBitsShiftByB64Le" runstate="Runnable" testcasecount="1" result="Passed" start-time="2025-12-28T22:40:33.4791889Z" end-time="2025-12-28T22:40:33.4799819Z" duration="0.000682" total="1" passed="1" failed="0" warnings="0" inconclusive="0" skipped="0" asserts="2">
        <test-case id="1-1013" name="TestBitsShiftByB64Le" fullname="Kaitai.SpecBitsShiftByB64Le.TestBitsShiftByB64Le" methodname="TestBitsShiftByB64Le" classname="Kaitai.SpecBitsShiftByB64Le" runstate="Runnable" seed="488296389" result="Passed" start-time="2025-12-28T22:40:33.4791889Z" end-time="2025-12-28T22:40:33.4799819Z" duration="0.000571" asserts="2" />
      </test-suite>
      <test-suite type="TestFixture" id="1-1014" name="SpecBitsSignedResB32Be" fullname="Kaitai.SpecBitsSignedResB32Be" classname="Kaitai.SpecBitsSignedResB32Be" runstate="Runnable" testcasecount="1" result="Passed" start-time="2025-12-28T22:40:33.4799819Z" end-time="2025-12-28T22:40:33.4804280Z" duration="0.000519" total="1" passed="1" failed="0" warnings="0" inconclusive="0" skipped="0" asserts="1">
        <test-case id="1-1015" name="TestBitsSignedResB32Be" fullname="Kaitai.SpecBitsSignedResB32Be.TestBitsSignedResB32Be" methodname="TestBitsSignedResB32Be" classname="Kaitai.SpecBitsSignedResB32Be" runstate="Runnable" seed="1544969515" result="Passed" start-time="2025-12-28T22:40:33.4799819Z" end-time="2025-12-28T22:40:33.4804280Z" duration="0.000422" asserts="1" />
      </test-suite>
      <test-suite type="TestFixture" id="1-1016" name="SpecBitsSignedResB32Le" fullname="Kaitai.SpecBitsSignedResB32Le" classname="Kaitai.SpecBitsSignedResB32Le" runstate="Runnable" testcasecount="1" result="Passed" start-time="2025-12-28T22:40:33.4804280Z" end-time="2025-12-28T22:40:33.4804280Z" duration="0.000465" total="1" passed="1" failed="0" warnings="0" inconclusive="0" skipped="0" asserts="1">
        <test-case id="1-1017" name="TestBitsSignedResB32Le" fullname="Kaitai.SpecBitsSignedResB32Le.TestBitsSignedResB32Le" methodname="TestBitsSignedResB32Le" classname="Kaitai.SpecBitsSignedResB32Le" runstate="Runnable" seed="1817639009" result="Passed" start-time="2025-12-28T22:40:33.4804280Z" end-time="2025-12-28T22:40:33.4804280Z" duration="0.000374" asserts="1" />
      </test-suite>
      <test-suite type="TestFixture" id="1-1018" name="SpecBitsSignedShiftB32Le" fullname="Kaitai.SpecBitsSignedShiftB32Le" classname="Kaitai.SpecBitsSignedShiftB32Le" runstate="Runnable" testcasecount="1" result="Passed" start-time="2025-12-28T22:40:33.4804280Z" end-time="2025-12-28T22:40:33.4812126Z" duration="0.000543" total="1" passed="1" failed="0" warnings="0" inconclusive="0" skipped="0" asserts="2">
        <test-case id="1-1019" name="TestBitsSignedShiftB32Le" fullname="Kaitai.SpecBitsSignedShiftB32Le.TestBitsSignedShiftB32Le" methodname="TestBitsSignedShiftB32Le" classname="Kaitai.SpecBitsSignedShiftB32Le" runstate="Runnable" seed="1386676747" result="Passed" start-time="2025-12-28T22:40:33.4812126Z" end-time="2025-12-28T22:40:33.4812126Z" duration="0.000445" asserts="2" />
      </test-suite>
      <test-suite type="TestFixture" id="1-1020" name="SpecBitsSignedShiftB64Le" fullname="Kaitai.SpecBitsSignedShiftB64Le" classname="Kaitai.SpecBitsSignedShiftB64Le" runstate="Runnable" testcasecount="1" result="Passed" start-time="2025-12-28T22:40:33.4812126Z" end-time="2025-12-28T22:40:33.4820036Z" duration="0.000592" total="1" passed="1" failed="0" warnings="0" inconclusive="0" skipped="0" asserts="2">
        <test-case id="1-1021" name="TestBitsSignedShiftB64Le" fullname="Kaitai.SpecBitsSignedShiftB64Le.TestBitsSignedShiftB64Le" methodname="TestBitsSignedShiftB64Le" classname="Kaitai.SpecBitsSignedShiftB64Le" runstate="Runnable" seed="1979510003" result="Passed" start-time="2025-12-28T22:40:33.4812126Z" end-time="2025-12-28T22:40:33.4820036Z" duration="0.000500" asserts="2" />
      </test-suite>
      <test-suite type="TestFixture" id="1-1022" name="SpecBitsSimple" fullname="Kaitai.SpecBitsSimple" classname="Kaitai.SpecBitsSimple" runstate="Runnable" testcasecount="1" result="Passed" start-time="2025-12-28T22:40:33.4820036Z" end-time="2025-12-28T22:40:33.4842365Z" duration="0.002105" total="1" passed="1" failed="0" warnings="0" inconclusive="0" skipped="0" asserts="14">
        <test-case id="1-1023" name="TestBitsSimple" fullname="Kaitai.SpecBitsSimple.TestBitsSimple" methodname="TestBitsSimple" classname="Kaitai.SpecBitsSimple" runstate="Runnable" seed="1759805725" result="Passed" start-time="2025-12-28T22:40:33.4820036Z" end-time="2025-12-28T22:40:33.4842365Z" duration="0.002014" asserts="14" />
      </test-suite>
      <test-suite type="TestFixture" id="1-1024" name="SpecBitsSimpleLe" fullname="Kaitai.SpecBitsSimpleLe" classname="Kaitai.SpecBitsSimpleLe" runstate="Runnable" testcasecount="1" result="Passed" start-time="2025-12-28T22:40:33.4842365Z" end-time="2025-12-28T22:40:33.4842365Z" duration="0.001769" total="1" passed="1" failed="0" warnings="0" inconclusive="0" skipped="0" asserts="14">
        <test-case id="1-1025" name="TestBitsSimpleLe" fullname="Kaitai.SpecBitsSimpleLe.TestBitsSimpleLe" methodname="TestBitsSimpleLe" classname="Kaitai.SpecBitsSimpleLe" runstate="Runnable" seed="683227647" result="Passed" start-time="2025-12-28T22:40:33.4842365Z" end-time="2025-12-28T22:40:33.4842365Z" duration="0.001672" asserts="14" />
      </test-suite>
      <test-suite type="TestFixture" id="1-1026" name="SpecBitsUnalignedB32Be" fullname="Kaitai.SpecBitsUnalignedB32Be" classname="Kaitai.SpecBitsUnalignedB32Be" runstate="Runnable" testcasecount="1" result="Passed" start-time="2025-12-28T22:40:33.4842365Z" end-time="2025-12-28T22:40:33.4862635Z" duration="0.000752" total="1" passed="1" failed="0" warnings="0" inconclusive="0" skipped="0" asserts="3">
        <test-case id="1-1027" name="TestBitsUnalignedB32Be" fullname="Kaitai.SpecBitsUnalignedB32Be.TestBitsUnalignedB32Be" methodname="TestBitsUnalignedB32Be" classname="Kaitai.SpecBitsUnalignedB32Be" runstate="Runnable" seed="1775407508" result="Passed" start-time="2025-12-28T22:40:33.4862635Z" end-time="2025-12-28T22:40:33.4862635Z" duration="0.000620" asserts="3" />
      </test-suite>
      <test-suite type="TestFixture" id="1-1028" name="SpecBitsUnalignedB32Le" fullname="Kaitai.SpecBitsUnalignedB32Le" classname="Kaitai.SpecBitsUnalignedB32Le" runstate="Runnable" testcasecount="1" result="Passed" start-time="2025-12-28T22:40:33.4862635Z" end-time="2025-12-28T22:40:33.4862635Z" duration="0.000662" total="1" passed="1" failed="0" warnings="0" inconclusive="0" skipped="0" asserts="3">
        <test-case id="1-1029" name="TestBitsUnalignedB32Le" fullname="Kaitai.SpecBitsUnalignedB32Le.TestBitsUnalignedB32Le" methodname="TestBitsUnalignedB32Le" classname="Kaitai.SpecBitsUnalignedB32Le" runstate="Runnable" seed="51149863" result="Passed" start-time="2025-12-28T22:40:33.4862635Z" end-time="2025-12-28T22:40:33.4862635Z" duration="0.000572" asserts="3" />
      </test-suite>
      <test-suite type="TestFixture" id="1-1030" name="SpecBitsUnalignedB64Be" fullname="Kaitai.SpecBitsUnalignedB64Be" classname="Kaitai.SpecBitsUnalignedB64Be" runstate="Runnable" testcasecount="1" result="Passed" start-time="2025-12-28T22:40:33.4862635Z" end-time="2025-12-28T22:40:33.4883042Z" duration="0.000751" total="1" passed="1" failed="0" warnings="0" inconclusive="0" skipped="0" asserts="3">
        <test-case id="1-1031" name="TestBitsUnalignedB64Be" fullname="Kaitai.SpecBitsUnalignedB64Be.TestBitsUnalignedB64Be" methodname="TestBitsUnalignedB64Be" classname="Kaitai.SpecBitsUnalignedB64Be" runstate="Runnable" seed="381079950" result="Passed" start-time="2025-12-28T22:40:33.4862635Z" end-time="2025-12-28T22:40:33.4883042Z" duration="0.000660" asserts="3" />
      </test-suite>
      <test-suite type="TestFixture" id="1-1032" name="SpecBitsUnalignedB64Le" fullname="Kaitai.SpecBitsUnalignedB64Le" classname="Kaitai.SpecBitsUnalignedB64Le" runstate="Runnable" testcasecount="1" result="Passed" start-time="2025-12-28T22:40:33.4883042Z" end-time="2025-12-28T22:40:33.4883042Z" duration="0.000682" total="1" passed="1" failed="0" warnings="0" inconclusive="0" skipped="0" asserts="3">
        <test-case id="1-1033" name="TestBitsUnalignedB64Le" fullname="Kaitai.SpecBitsUnalignedB64Le.TestBitsUnalignedB64Le" methodname="TestBitsUnalignedB64Le" classname="Kaitai.SpecBitsUnalignedB64Le" runstate="Runnable" seed="1423291752" result="Passed" start-time="2025-12-28T22:40:33.4883042Z" end-time="2025-12-28T22:40:33.4883042Z" duration="0.000577" asserts="3" />
      </test-suite>
      <test-suite type="TestFixture" id="1-1034" name="SpecBufferedStruct" fullname="Kaitai.SpecBufferedStruct" classname="Kaitai.SpecBufferedStruct" runstate="Runnable" testcasecount="1" result="Passed" start-time="2025-12-28T22:40:33.4883042Z" end-time="2025-12-28T22:40:33.4903313Z" duration="0.001666" total="1" passed="1" failed="0" warnings="0" inconclusive="0" skipped="0" asserts="7">
        <test-case id="1-1035" name="TestBufferedStruct" fullname="Kaitai.SpecBufferedStruct.TestBufferedStruct" methodname="TestBufferedStruct" classname="Kaitai.SpecBufferedStruct" runstate="Runnable" seed="1954281697" result="Passed" start-time="2025-12-28T22:40:33.4883042Z" end-time="2025-12-28T22:40:33.4903313Z" duration="0.001562" asserts="7" />
      </test-suite>
      <test-suite type="TestFixture" id="1-1036" name="SpecBytesPadTerm" fullname="Kaitai.SpecBytesPadTerm" classname="Kaitai.SpecBytesPadTerm" runstate="Runnable" testcasecount="1" result="Passed" start-time="2025-12-28T22:40:33.4903313Z" end-time="2025-12-28T22:40:33.4923504Z" duration="0.001912" total="1" passed="1" failed="0" warnings="0" inconclusive="0" skipped="0" asserts="4">
        <test-case id="1-1037" name="TestBytesPadTerm" fullname="Kaitai.SpecBytesPadTerm.TestBytesPadTerm" methodname="TestBytesPadTerm" classname="Kaitai.SpecBytesPadTerm" runstate="Runnable" seed="382013859" result="Passed" start-time="2025-12-28T22:40:33.4903313Z" end-time="2025-12-28T22:40:33.4923504Z" duration="0.001810" asserts="4" />
      </test-suite>
      <test-suite type="TestFixture" id="1-1038" name="SpecCastNested" fullname="Kaitai.SpecCastNested" classname="Kaitai.SpecCastNested" runstate="Runnable" testcasecount="1" result="Passed" start-time="2025-12-28T22:40:33.4923504Z" end-time="2025-12-28T22:40:33.4943752Z" duration="0.002375" total="1" passed="1" failed="0" warnings="0" inconclusive="0" skipped="0" asserts="4">
        <test-case id="1-1039" name="TestCastNested" fullname="Kaitai.SpecCastNested.TestCastNested" methodname="TestCastNested" classname="Kaitai.SpecCastNested" runstate="Runnable" seed="979411600" result="Passed" start-time="2025-12-28T22:40:33.4923504Z" end-time="2025-12-28T22:40:33.4943752Z" duration="0.002281" asserts="4" />
      </test-suite>
      <test-suite type="TestFixture" id="1-1040" name="SpecCastToTop" fullname="Kaitai.SpecCastToTop" classname="Kaitai.SpecCastToTop" runstate="Runnable" testcasecount="1" result="Passed" start-time="2025-12-28T22:40:33.4943752Z" end-time="2025-12-28T22:40:33.4943752Z" duration="0.000877" total="1" passed="1" failed="0" warnings="0" inconclusive="0" skipped="0" asserts="3">
        <test-case id="1-1041" name="TestCastToTop" fullname="Kaitai.SpecCastToTop.TestCastToTop" methodname="TestCastToTop" classname="Kaitai.SpecCastToTop" runstate="Runnable" seed="1449253017" result="Passed" start-time="2025-12-28T22:40:33.4943752Z" end-time="2025-12-28T22:40:33.4943752Z" duration="0.000783" asserts="3" />
      </test-suite>
      <test-suite type="TestFixture" id="1-1042" name="SpecCombineBool" fullname="Kaitai.SpecCombineBool" classname="Kaitai.SpecCombineBool" runstate="Runnable" testcasecount="1" result="Passed" start-time="2025-12-28T22:40:33.4943752Z" end-time="2025-12-28T22:40:33.4963995Z" duration="0.000721" total="1" passed="1" failed="0" warnings="0" inconclusive="0" skipped="0" asserts="2">
        <test-case id="1-1043" name="TestCombineBool" fullname="Kaitai.SpecCombineBool.TestCombineBool" methodname="TestCombineBool" classname="Kaitai.SpecCombineBool" runstate="Runnable" seed="186716452" result="Passed" start-time="2025-12-28T22:40:33.4943752Z" end-time="2025-12-28T22:40:33.4963995Z" duration="0.000629" asserts="2" />
      </test-suite>
      <test-suite type="TestFixture" id="1-1044" name="SpecCombineBytes" fullname="Kaitai.SpecCombineBytes" classname="Kaitai.SpecCombineBytes" runstate="Runnable" testcasecount="1" result="Passed" start-time="2025-12-28T22:40:33.4963995Z" end-time="2025-12-28T22:40:33.4963995Z" duration="0.001494" total="1" passed="1" failed="0" warnings="0" inconclusive="0" skipped="0" asserts="10">
        <test-case id="1-1045" name="TestCombineBytes" fullname="Kaitai.SpecCombineBytes.TestCombineBytes" methodname="TestCombineBytes" classname="Kaitai.SpecCombineBytes" runstate="Runnable" seed="1767364449" result="Passed" start-time="2025-12-28T22:40:33.4963995Z" end-time="2025-12-28T22:40:33.4963995Z" duration="0.001405" asserts="10" />
      </test-suite>
      <test-suite type="TestFixture" id="1-1046" name="SpecCombineEnum" fullname="Kaitai.SpecCombineEnum" classname="Kaitai.SpecCombineEnum" runstate="Runnable" testcasecount="1" result="Passed" start-time="2025-12-28T22:40:33.4963995Z" end-time="2025-12-28T22:40:33.4984170Z" duration="0.000784" total="1" passed="1" failed="0" warnings="0" inconclusive="0" skipped="0" asserts="3">
        <test-case id="1-1047" name="TestCombineEnum" fullname="Kaitai.SpecCombineEnum.TestCombineEnum" methodname="TestCombineEnum" classname="Kaitai.SpecCombineEnum" runstate="Runnable" seed="1432751063" result="Passed" start-time="2025-12-28T22:40:33.4963995Z" end-time="2025-12-28T22:40:33.4984170Z" duration="0.000693" asserts="3" />
      </test-suite>
      <test-suite type="TestFixture" id="1-1048" name="SpecCombineStr" fullname="Kaitai.SpecCombineStr" classname="Kaitai.SpecCombineStr" runstate="Runnable" testcasecount="1" result="Passed" start-time="2025-12-28T22:40:33.4984170Z" end-time="2025-12-28T22:40:33.5007074Z" duration="0.002157" total="1" passed="1" failed="0" warnings="0" inconclusive="0" skipped="0" asserts="15">
        <test-case id="1-1049" name="TestCombineStr" fullname="Kaitai.SpecCombineStr.TestCombineStr" methodname="TestCombineStr" classname="Kaitai.SpecCombineStr" runstate="Runnable" seed="1138904558" result="Passed" start-time="2025-12-28T22:40:33.4984170Z" end-time="2025-12-28T22:40:33.5007074Z" duration="0.002066" asserts="15" />
      </test-suite>
      <test-suite type="TestFixture" id="1-1050" name="SpecDebug0" fullname="Kaitai.SpecDebug0" classname="Kaitai.SpecDebug0" runstate="Runnable" testcasecount="1" result="Passed" start-time="2025-12-28T22:40:33.5007074Z" end-time="2025-12-28T22:40:33.5007074Z" duration="0.000865" total="1" passed="1" failed="0" warnings="0" inconclusive="0" skipped="0" asserts="6">
        <test-case id="1-1051" name="TestDebug0" fullname="Kaitai.SpecDebug0.TestDebug0" methodname="TestDebug0" classname="Kaitai.SpecDebug0" runstate="Runnable" seed="1536465985" result="Passed" start-time="2025-12-28T22:40:33.5007074Z" end-time="2025-12-28T22:40:33.5007074Z" duration="0.000758" asserts="6" />
      </test-suite>
      <test-suite type="TestFixture" id="1-1052" name="SpecDebugArrayUser" fullname="Kaitai.SpecDebugArrayUser" classname="Kaitai.SpecDebugArrayUser" runstate="Runnable" testcasecount="1" result="Passed" start-time="2025-12-28T22:40:33.5007074Z" end-time="2025-12-28T22:40:33.5027307Z" duration="0.001158" total="1" passed="1" failed="0" warnings="0" inconclusive="0" skipped="0" asserts="5">
        <test-case id="1-1053" name="TestDebugArrayUser" fullname="Kaitai.SpecDebugArrayUser.TestDebugArrayUser" methodname="TestDebugArrayUser" classname="Kaitai.SpecDebugArrayUser" runstate="Runnable" seed="1543613932" result="Passed" start-time="2025-12-28T22:40:33.5007074Z" end-time="2025-12-28T22:40:33.5027307Z" duration="0.001068" asserts="5" />
      </test-suite>
      <test-suite type="TestFixture" id="1-1054" name="SpecDebugArrayUserCurrentExcluded" fullname="Kaitai.SpecDebugArrayUserCurrentExcluded" classname="Kaitai.SpecDebugArrayUserCurrentExcluded" runstate="Runnable" testcasecount="1" result="Passed" start-time="2025-12-28T22:40:33.5027307Z" end-time="2025-12-28T22:40:33.5027307Z" duration="0.000989" total="1" passed="1" failed="0" warnings="0" inconclusive="0" skipped="0" asserts="3">
        <test-case id="1-1055" name="TestDebugArrayUserCurrentExcluded" fullname="Kaitai.SpecDebugArrayUserCurrentExcluded.TestDebugArrayUserCurrentExcluded" methodname="TestDebugArrayUserCurrentExcluded" classname="Kaitai.SpecDebugArrayUserCurrentExcluded" runstate="Runnable" seed="532326038" result="Passed" start-time="2025-12-28T22:40:33.5027307Z" end-time="2025-12-28T22:40:33.5027307Z" duration="0.000899" asserts="3" />
      </test-suite>
      <test-suite type="TestFixture" id="1-1056" name="SpecDebugArrayUserEofException" fullname="Kaitai.SpecDebugArrayUserEofException" classname="Kaitai.SpecDebugArrayUserEofException" runstate="Runnable" testcasecount="1" result="Passed" start-time="2025-12-28T22:40:33.5042389Z" end-time="2025-12-28T22:40:33.5148672Z" duration="0.011597" total="1" passed="1" failed="0" warnings="0" inconclusive="0" skipped="0" asserts="9">
        <test-case id="1-1057" name="TestDebugArrayUserEofException" fullname="Kaitai.SpecDebugArrayUserEofException.TestDebugArrayUserEofException" methodname="TestDebugArrayUserEofException" classname="Kaitai.SpecDebugArrayUserEofException" runstate="Runnable" seed="2093885858" result="Passed" start-time="2025-12-28T22:40:33.5042389Z" end-time="2025-12-28T22:40:33.5148672Z" duration="0.011484" asserts="9" />
      </test-suite>
      <test-suite type="TestFixture" id="1-1058" name="SpecDebugSwitchUser" fullname="Kaitai.SpecDebugSwitchUser" classname="Kaitai.SpecDebugSwitchUser" runstate="Runnable" testcasecount="1" result="Passed" start-time="2025-12-28T22:40:33.5148672Z" end-time="2025-12-28T22:40:33.5164110Z" duration="0.001087" total="1" passed="1" failed="0" warnings="0" inconclusive="0" skipped="0" asserts="2">
        <test-case id="1-1059" name="TestDebugSwitchUser" fullname="Kaitai.SpecDebugSwitchUser.TestDebugSwitchUser" methodname="TestDebugSwitchUser" classname="Kaitai.SpecDebugSwitchUser" runstate="Runnable" seed="615871273" result="Passed" start-time="2025-12-28T22:40:33.5158901Z" end-time="2025-12-28T22:40:33.5164110Z" duration="0.000948" asserts="2" />
      </test-suite>
      <test-suite type="TestFixture" id="1-1060" name="SpecDefaultBigEndian" fullname="Kaitai.SpecDefaultBigEndian" classname="Kaitai.SpecDefaultBigEndian" runstate="Runnable" testcasecount="1" result="Passed" start-time="2025-12-28T22:40:33.5164110Z" end-time="2025-12-28T22:40:33.5164110Z" duration="0.000528" total="1" passed="1" failed="0" warnings="0" inconclusive="0" skipped="0" asserts="1">
        <test-case id="1-1061" name="TestDefaultBigEndian" fullname="Kaitai.SpecDefaultBigEndian.TestDefaultBigEndian" methodname="TestDefaultBigEndian" classname="Kaitai.SpecDefaultBigEndian" runstate="Runnable" seed="614501221" result="Passed" start-time="2025-12-28T22:40:33.5164110Z" end-time="2025-12-28T22:40:33.5164110Z" duration="0.000437" asserts="1" />
      </test-suite>
      <test-suite type="TestFixture" id="1-1062" name="SpecDefaultBitEndianMod" fullname="Kaitai.SpecDefaultBitEndianMod" classname="Kaitai.SpecDefaultBitEndianMod" runstate="Runnable" testcasecount="1" result="Passed" start-time="2025-12-28T22:40:33.5164110Z" end-time="2025-12-28T22:40:33.5184355Z" duration="0.001140" total="1" passed="1" failed="0" warnings="0" inconclusive="0" skipped="0" asserts="4">
        <test-case id="1-1063" name="TestDefaultBitEndianMod" fullname="Kaitai.SpecDefaultBitEndianMod.TestDefaultBitEndianMod" methodname="TestDefaultBitEndianMod" classname="Kaitai.SpecDefaultBitEndianMod" runstate="Runnable" seed="1162055862" result="Passed" start-time="2025-12-28T22:40:33.5164110Z" end-time="2025-12-28T22:40:33.5184355Z" duration="0.001052" asserts="4" />
      </test-suite>
      <test-suite type="TestFixture" id="1-1064" name="SpecDefaultEndianExprException" fullname="Kaitai.SpecDefaultEndianExprException" classname="Kaitai.SpecDefaultEndianExprException" runstate="Runnable" testcasecount="1" result="Passed" start-time="2025-12-28T22:40:33.5184355Z" end-time="2025-12-28T22:40:33.5201390Z" duration="0.001650" total="1" passed="1" failed="0" warnings="0" inconclusive="0" skipped="0" asserts="1">
        <test-case id="1-1065" name="TestDefaultEndianExprException" fullname="Kaitai.SpecDefaultEndianExprException.TestDefaultEndianExprException" methodname="TestDefaultEndianExprException" classname="Kaitai.SpecDefaultEndianExprException" runstate="Runnable" seed="997418652" result="Passed" start-time="2025-12-28T22:40:33.5184355Z" end-time="2025-12-28T22:40:33.5201390Z" duration="0.001560" asserts="1" />
      </test-suite>
      <test-suite type="TestFixture" id="1-1066" name="SpecDefaultEndianExprInherited" fullname="Kaitai.SpecDefaultEndianExprInherited" classname="Kaitai.SpecDefaultEndianExprInherited" runstate="Runnable" testcasecount="1" result="Passed" start-time="2025-12-28T22:40:33.5201390Z" end-time="2025-12-28T22:40:33.5228499Z" duration="0.003154" total="1" passed="1" failed="0" warnings="0" inconclusive="0" skipped="0" asserts="15">
        <test-case id="1-1067" name="TestDefaultEndianExprInherited" fullname="Kaitai.SpecDefaultEndianExprInherited.TestDefaultEndianExprInherited" methodname="TestDefaultEndianExprInherited" classname="Kaitai.SpecDefaultEndianExprInherited" runstate="Runnable" seed="82563360" result="Passed" start-time="2025-12-28T22:40:33.5201390Z" end-time="2025-12-28T22:40:33.5228499Z" duration="0.003060" asserts="15" />
      </test-suite>
      <test-suite type="TestFixture" id="1-1068" name="SpecDefaultEndianExprIsBe" fullname="Kaitai.SpecDefaultEndianExprIsBe" classname="Kaitai.SpecDefaultEndianExprIsBe" runstate="Runnable" testcasecount="1" result="Passed" start-time="2025-12-28T22:40:33.5228499Z" end-time="2025-12-28T22:40:33.5268908Z" duration="0.003582" total="1" passed="1" failed="0" warnings="0" inconclusive="0" skipped="0" asserts="18">
        <test-case id="1-1069" name="TestDefaultEndianExprIsBe" fullname="Kaitai.SpecDefaultEndianExprIsBe.TestDefaultEndianExprIsBe" methodname="TestDefaultEndianExprIsBe" classname="Kaitai.SpecDefaultEndianExprIsBe" runstate="Runnable" seed="545932717" result="Passed" start-time="2025-12-28T22:40:33.5228499Z" end-time="2025-12-28T22:40:33.5268908Z" duration="0.003481" asserts="18" />
      </test-suite>
      <test-suite type="TestFixture" id="1-1070" name="SpecDefaultEndianExprIsLe" fullname="Kaitai.SpecDefaultEndianExprIsLe" classname="Kaitai.SpecDefaultEndianExprIsLe" runstate="Runnable" testcasecount="1" result="Passed" start-time="2025-12-28T22:40:33.5268908Z" end-time="2025-12-28T22:40:33.5289179Z" duration="0.001985" total="1" passed="1" failed="0" warnings="0" inconclusive="0" skipped="0" asserts="12">
        <test-case id="1-1071" name="TestDefaultEndianExprIsLe" fullname="Kaitai.SpecDefaultEndianExprIsLe.TestDefaultEndianExprIsLe" methodname="TestDefaultEndianExprIsLe" classname="Kaitai.SpecDefaultEndianExprIsLe" runstate="Runnable" seed="360218117" result="Passed" start-time="2025-12-28T22:40:33.5268908Z" end-time="2025-12-28T22:40:33.5289179Z" duration="0.001887" asserts="12" />
      </test-suite>
      <test-suite type="TestFixture" id="1-1072" name="SpecDefaultEndianMod" fullname="Kaitai.SpecDefaultEndianMod" classname="Kaitai.SpecDefaultEndianMod" runstate="Runnable" testcasecount="1" result="Passed" start-time="2025-12-28T22:40:33.5289179Z" end-time="2025-12-28T22:40:33.5289179Z" duration="0.001118" total="1" passed="1" failed="0" warnings="0" inconclusive="0" skipped="0" asserts="3">
        <test-case id="1-1073" name="TestDefaultEndianMod" fullname="Kaitai.SpecDefaultEndianMod.TestDefaultEndianMod" methodname="TestDefaultEndianMod" classname="Kaitai.SpecDefaultEndianMod" runstate="Runnable" seed="863575492" result="Passed" start-time="2025-12-28T22:40:33.5289179Z" end-time="2025-12-28T22:40:33.5289179Z" duration="0.001023" asserts="3" />
      </test-suite>
      <test-suite type="TestFixture" id="1-1074" name="SpecDocstrings" fullname="Kaitai.SpecDocstrings" classname="Kaitai.SpecDocstrings" runstate="Runnable" testcasecount="1" result="Passed" start-time="2025-12-28T22:40:33.5289179Z" end-time="2025-12-28T22:40:33.5305694Z" duration="0.000462" total="1" passed="1" failed="0" warnings="0" inconclusive="0" skipped="0" asserts="0">
        <test-case id="1-1075" name="TestDocstrings" fullname="Kaitai.SpecDocstrings.TestDocstrings" methodname="TestDocstrings" classname="Kaitai.SpecDocstrings" runstate="Runnable" seed="1986065036" result="Passed" start-time="2025-12-28T22:40:33.5302353Z" end-time="2025-12-28T22:40:33.5305694Z" duration="0.000367" asserts="0" />
      </test-suite>
      <test-suite type="TestFixture" id="1-1076" name="SpecDocstringsDocref" fullname="Kaitai.SpecDocstringsDocref" classname="Kaitai.SpecDocstringsDocref" runstate="Runnable" testcasecount="1" result="Passed" start-time="2025-12-28T22:40:33.5305694Z" end-time="2025-12-28T22:40:33.5309469Z" duration="0.000469" total="1" passed="1" failed="0" warnings="0" inconclusive="0" skipped="0" asserts="0">
        <test-case id="1-1077" name="TestDocstringsDocref" fullname="Kaitai.SpecDocstringsDocref.TestDocstringsDocref" methodname="TestDocstringsDocref" classname="Kaitai.SpecDocstringsDocref" runstate="Runnable" seed="965095678" result="Passed" start-time="2025-12-28T22:40:33.5305694Z" end-time="2025-12-28T22:40:33.5309469Z" duration="0.000374" asserts="0" />
      </test-suite>
      <test-suite type="TestFixture" id="1-1078" name="SpecDocstringsDocrefMulti" fullname="Kaitai.SpecDocstringsDocrefMulti" classname="Kaitai.SpecDocstringsDocrefMulti" runstate="Runnable" testcasecount="1" result="Passed" start-time="2025-12-28T22:40:33.5309469Z" end-time="2025-12-28T22:40:33.5309469Z" duration="0.000375" total="1" passed="1" failed="0" warnings="0" inconclusive="0" skipped="0" asserts="0">
        <test-case id="1-1079" name="TestDocstringsDocrefMulti" fullname="Kaitai.SpecDocstringsDocrefMulti.TestDocstringsDocrefMulti" methodname="TestDocstringsDocrefMulti" classname="Kaitai.SpecDocstringsDocrefMulti" runstate="Runnable" seed="1480634961" result="Passed" start-time="2025-12-28T22:40:33.5309469Z" end-time="2025-12-28T22:40:33.5309469Z" duration="0.000282" asserts="0" />
      </test-suite>
      <test-suite type="TestFixture" id="1-1080" name="SpecEnum0" fullname="Kaitai.SpecEnum0" classname="Kaitai.SpecEnum0" runstate="Runnable" testcasecount="1" result="Passed" start-time="2025-12-28T22:40:33.5309469Z" end-time="2025-12-28T22:40:33.5319736Z" duration="0.000664" total="1" passed="1" failed="0" warnings="0" inconclusive="0" skipped="0" asserts="2">
        <test-case id="1-1081" name="TestEnum0" fullname="Kaitai.SpecEnum0.TestEnum0" methodname="TestEnum0" classname="Kaitai.SpecEnum0" runstate="Runnable" seed="996728572" result="Passed" start-time="2025-12-28T22:40:33.5315937Z" end-time="2025-12-28T22:40:33.5319736Z" duration="0.000537" asserts="2" />
      </test-suite>
      <test-suite type="TestFixture" id="1-1082" name="SpecEnum1" fullname="Kaitai.SpecEnum1" classname="Kaitai.SpecEnum1" runstate="Runnable" testcasecount="1" result="Passed" start-time="2025-12-28T22:40:33.5319736Z" end-time="2025-12-28T22:40:33.5325002Z" duration="0.000852" total="1" passed="1" failed="0" warnings="0" inconclusive="0" skipped="0" asserts="2">
        <test-case id="1-1083" name="TestEnum1" fullname="Kaitai.SpecEnum1.TestEnum1" methodname="TestEnum1" classname="Kaitai.SpecEnum1" runstate="Runnable" seed="334371374" result="Passed" start-time="2025-12-28T22:40:33.5319736Z" end-time="2025-12-28T22:40:33.5325002Z" duration="0.000763" asserts="2" />
      </test-suite>
      <test-suite type="TestFixture" id="1-1084" name="SpecEnumDeep" fullname="Kaitai.SpecEnumDeep" classname="Kaitai.SpecEnumDeep" runstate="Runnable" testcasecount="1" result="Passed" start-time="2025-12-28T22:40:33.5325002Z" end-time="2025-12-28T22:40:33.5325002Z" duration="0.000541" total="1" passed="1" failed="0" warnings="0" inconclusive="0" skipped="0" asserts="2">
        <test-case id="1-1085" name="TestEnumDeep" fullname="Kaitai.SpecEnumDeep.TestEnumDeep" methodname="TestEnumDeep" classname="Kaitai.SpecEnumDeep" runstate="Runnable" seed="739439898" result="Passed" start-time="2025-12-28T22:40:33.5325002Z" end-time="2025-12-28T22:40:33.5325002Z" duration="0.000453" asserts="2" />
      </test-suite>
      <test-suite type="TestFixture" id="1-1086" name="SpecEnumDeepLiterals" fullname="Kaitai.SpecEnumDeepLiterals" classname="Kaitai.SpecEnumDeepLiterals" runstate="Runnable" testcasecount="1" result="Passed" start-time="2025-12-28T22:40:33.5325002Z" end-time="2025-12-28T22:40:33.5340239Z" duration="0.000736" total="1" passed="1" failed="0" warnings="0" inconclusive="0" skipped="0" asserts="2">
        <test-case id="1-1087" name="TestEnumDeepLiterals" fullname="Kaitai.SpecEnumDeepLiterals.TestEnumDeepLiterals" methodname="TestEnumDeepLiterals" classname="Kaitai.SpecEnumDeepLiterals" runstate="Runnable" seed="222890936" result="Passed" start-time="2025-12-28T22:40:33.5325002Z" end-time="2025-12-28T22:40:33.5340239Z" duration="0.000637" asserts="2" />
      </test-suite>
      <test-suite type="TestFixture" id="1-1088" name="SpecEnumFancy" fullname="Kaitai.SpecEnumFancy" classname="Kaitai.SpecEnumFancy" runstate="Runnable" testcasecount="1" result="Passed" start-time="2025-12-28T22:40:33.5340239Z" end-time="2025-12-28T22:40:33.5345280Z" duration="0.000574" total="1" passed="1" failed="0" warnings="0" inconclusive="0" skipped="0" asserts="2">
        <test-case id="1-1089" name="TestEnumFancy" fullname="Kaitai.SpecEnumFancy.TestEnumFancy" methodname="TestEnumFancy" classname="Kaitai.SpecEnumFancy" runstate="Runnable" seed="1041485321" result="Passed" start-time="2025-12-28T22:40:33.5340239Z" end-time="2025-12-28T22:40:33.5345280Z" duration="0.000481" asserts="2" />
      </test-suite>
      <test-suite type="TestFixture" id="1-1090" name="SpecEnumIf" fullname="Kaitai.SpecEnumIf" classname="Kaitai.SpecEnumIf" runstate="Runnable" testcasecount="1" result="Passed" start-time="2025-12-28T22:40:33.5345280Z" end-time="2025-12-28T22:40:33.5360452Z" duration="0.001481" total="1" passed="1" failed="0" warnings="0" inconclusive="0" skipped="0" asserts="7">
        <test-case id="1-1091" name="TestEnumIf" fullname="Kaitai.SpecEnumIf.TestEnumIf" methodname="TestEnumIf" classname="Kaitai.SpecEnumIf" runstate="Runnable" seed="1079587574" result="Passed" start-time="2025-12-28T22:40:33.5345280Z" end-time="2025-12-28T22:40:33.5360452Z" duration="0.001395" asserts="7" />
      </test-suite>
      <test-suite type="TestFixture" id="1-1092" name="SpecEnumImportLiterals" fullname="Kaitai.SpecEnumImportLiterals" classname="Kaitai.SpecEnumImportLiterals" runstate="Runnable" testcasecount="1" result="Passed" start-time="2025-12-28T22:40:33.5360452Z" end-time="2025-12-28T22:40:33.5365556Z" duration="0.000641" total="1" passed="1" failed="0" warnings="0" inconclusive="0" skipped="0" asserts="3">
        <test-case id="1-1093" name="TestEnumImportLiterals" fullname="Kaitai.SpecEnumImportLiterals.TestEnumImportLiterals" methodname="TestEnumImportLiterals" classname="Kaitai.SpecEnumImportLiterals" runstate="Runnable" seed="826320795" result="Passed" start-time="2025-12-28T22:40:33.5360452Z" end-time="2025-12-28T22:40:33.5365556Z" duration="0.000551" asserts="3" />
      </test-suite>
      <test-suite type="TestFixture" id="1-1094" name="SpecEnumImportSeq" fullname="Kaitai.SpecEnumImportSeq" classname="Kaitai.SpecEnumImportSeq" runstate="Runnable" testcasecount="1" result="Passed" start-time="2025-12-28T22:40:33.5365556Z" end-time="2025-12-28T22:40:33.5365556Z" duration="0.000544" total="1" passed="1" failed="0" warnings="0" inconclusive="0" skipped="0" asserts="2">
        <test-case id="1-1095" name="TestEnumImportSeq" fullname="Kaitai.SpecEnumImportSeq.TestEnumImportSeq" methodname="TestEnumImportSeq" classname="Kaitai.SpecEnumImportSeq" runstate="Runnable" seed="961644812" result="Passed" start-time="2025-12-28T22:40:33.5365556Z" end-time="2025-12-28T22:40:33.5365556Z" duration="0.000457" asserts="2" />
      </test-suite>
      <test-suite type="TestFixture" id="1-1096" name="SpecEnumIntRangeS" fullname="Kaitai.SpecEnumIntRangeS" classname="Kaitai.SpecEnumIntRangeS" runstate="Runnable" testcasecount="1" result="Passed" start-time="2025-12-28T22:40:33.5365556Z" end-time="2025-12-28T22:40:33.5380577Z" duration="0.000658" total="1" passed="1" failed="0" warnings="0" inconclusive="0" skipped="0" asserts="3">
        <test-case id="1-1097" name="TestEnumIntRangeS" fullname="Kaitai.SpecEnumIntRangeS.TestEnumIntRangeS" methodname="TestEnumIntRangeS" classname="Kaitai.SpecEnumIntRangeS" runstate="Runnable" seed="757427235" result="Passed" start-time="2025-12-28T22:40:33.5365556Z" end-time="2025-12-28T22:40:33.5380577Z" duration="0.000571" asserts="3" />
      </test-suite>
      <test-suite type="TestFixture" id="1-1098" name="SpecEnumInvalid" fullname="Kaitai.SpecEnumInvalid" classname="Kaitai.SpecEnumInvalid" runstate="Runnable" testcasecount="1" result="Passed" start-time="2025-12-28T22:40:33.5380577Z" end-time="2025-12-28T22:40:33.5385830Z" duration="0.000554" total="1" passed="1" failed="0" warnings="0" inconclusive="0" skipped="0" asserts="2">
        <test-case id="1-1099" name="TestEnumInvalid" fullname="Kaitai.SpecEnumInvalid.TestEnumInvalid" methodname="TestEnumInvalid" classname="Kaitai.SpecEnumInvalid" runstate="Runnable" seed="1336152237" result="Passed" start-time="2025-12-28T22:40:33.5380577Z" end-time="2025-12-28T22:40:33.5385830Z" duration="0.000469" asserts="2" />
      </test-suite>
      <test-suite type="TestFixture" id="1-1100" name="SpecEnumNegative" fullname="Kaitai.SpecEnumNegative" classname="Kaitai.SpecEnumNegative" runstate="Runnable" testcasecount="1" result="Passed" start-time="2025-12-28T22:40:33.5385830Z" end-time="2025-12-28T22:40:33.5385830Z" duration="0.000585" total="1" passed="1" failed="0" warnings="0" inconclusive="0" skipped="0" asserts="2">
        <test-case id="1-1101" name="TestEnumNegative" fullname="Kaitai.SpecEnumNegative.TestEnumNegative" methodname="TestEnumNegative" classname="Kaitai.SpecEnumNegative" runstate="Runnable" seed="430173730" result="Passed" start-time="2025-12-28T22:40:33.5385830Z" end-time="2025-12-28T22:40:33.5385830Z" duration="0.000498" asserts="2" />
      </test-suite>
      <test-suite type="TestFixture" id="1-1102" name="SpecEnumOfValueInst" fullname="Kaitai.SpecEnumOfValueInst" classname="Kaitai.SpecEnumOfValueInst" runstate="Runnable" testcasecount="1" result="Passed" start-time="2025-12-28T22:40:33.5385830Z" end-time="2025-12-28T22:40:33.5400731Z" duration="0.000812" total="1" passed="1" failed="0" warnings="0" inconclusive="0" skipped="0" asserts="4">
        <test-case id="1-1103" name="TestEnumOfValueInst" fullname="Kaitai.SpecEnumOfValueInst.TestEnumOfValueInst" methodname="TestEnumOfValueInst" classname="Kaitai.SpecEnumOfValueInst" runstate="Runnable" seed="1647238950" result="Passed" start-time="2025-12-28T22:40:33.5385830Z" end-time="2025-12-28T22:40:33.5400731Z" duration="0.000718" asserts="4" />
      </test-suite>
      <test-suite type="TestFixture" id="1-1104" name="SpecEnumToI" fullname="Kaitai.SpecEnumToI" classname="Kaitai.SpecEnumToI" runstate="Runnable" testcasecount="1" result="Passed" start-time="2025-12-28T22:40:33.5400731Z" end-time="2025-12-28T22:40:33.5406092Z" duration="0.001163" total="1" passed="1" failed="0" warnings="0" inconclusive="0" skipped="0" asserts="8">
        <test-case id="1-1105" name="TestEnumToI" fullname="Kaitai.SpecEnumToI.TestEnumToI" methodname="TestEnumToI" classname="Kaitai.SpecEnumToI" runstate="Runnable" seed="367758882" result="Passed" start-time="2025-12-28T22:40:33.5400731Z" end-time="2025-12-28T22:40:33.5406092Z" duration="0.001076" asserts="8" />
      </test-suite>
      <test-suite type="TestFixture" id="1-1106" name="SpecEnumToIClassBorder1" fullname="Kaitai.SpecEnumToIClassBorder1" classname="Kaitai.SpecEnumToIClassBorder1" runstate="Runnable" testcasecount="1" result="Passed" start-time="2025-12-28T22:40:33.5406092Z" end-time="2025-12-28T22:40:33.5420852Z" duration="0.001002" total="1" passed="1" failed="0" warnings="0" inconclusive="0" skipped="0" asserts="3">
        <test-case id="1-1107" name="TestEnumToIClassBorder1" fullname="Kaitai.SpecEnumToIClassBorder1.TestEnumToIClassBorder1" methodname="TestEnumToIClassBorder1" classname="Kaitai.SpecEnumToIClassBorder1" runstate="Runnable" seed="1784908364" result="Passed" start-time="2025-12-28T22:40:33.5406092Z" end-time="2025-12-28T22:40:33.5420852Z" duration="0.000913" asserts="3" />
      </test-suite>
      <test-suite type="TestFixture" id="1-1108" name="SpecEnumToIInvalid" fullname="Kaitai.SpecEnumToIInvalid" classname="Kaitai.SpecEnumToIInvalid" runstate="Runnable" testcasecount="1" result="Passed" start-time="2025-12-28T22:40:33.5420852Z" end-time="2025-12-28T22:40:33.5426366Z" duration="0.001150" total="1" passed="1" failed="0" warnings="0" inconclusive="0" skipped="0" asserts="8">
        <test-case id="1-1109" name="TestEnumToIInvalid" fullname="Kaitai.SpecEnumToIInvalid.TestEnumToIInvalid" methodname="TestEnumToIInvalid" classname="Kaitai.SpecEnumToIInvalid" runstate="Runnable" seed="1825757199" result="Passed" start-time="2025-12-28T22:40:33.5420852Z" end-time="2025-12-28T22:40:33.5426366Z" duration="0.001059" asserts="8" />
      </test-suite>
      <test-suite type="TestFixture" id="1-1110" name="SpecEofExceptionBytes" fullname="Kaitai.SpecEofExceptionBytes" classname="Kaitai.SpecEofExceptionBytes" runstate="Runnable" testcasecount="1" result="Passed" start-time="2025-12-28T22:40:33.5426366Z" end-time="2025-12-28T22:40:33.5440963Z" duration="0.000601" total="1" passed="1" failed="0" warnings="0" inconclusive="0" skipped="0" asserts="1">
        <test-case id="1-1111" name="TestEofExceptionBytes" fullname="Kaitai.SpecEofExceptionBytes.TestEofExceptionBytes" methodname="TestEofExceptionBytes" classname="Kaitai.SpecEofExceptionBytes" runstate="Runnable" seed="96826112" result="Passed" start-time="2025-12-28T22:40:33.5426366Z" end-time="2025-12-28T22:40:33.5440963Z" duration="0.000510" asserts="1" />
      </test-suite>
      <test-suite type="TestFixture" id="1-1112" name="SpecEofExceptionSized" fullname="Kaitai.SpecEofExceptionSized" classname="Kaitai.SpecEofExceptionSized" runstate="Runnable" testcasecount="1" result="Passed" start-time="2025-12-28T22:40:33.5440963Z" end-time="2025-12-28T22:40:33.5446644Z" duration="0.000596" total="1" passed="1" failed="0" warnings="0" inconclusive="0" skipped="0" asserts="1">
        <test-case id="1-1113" name="TestEofExceptionSized" fullname="Kaitai.SpecEofExceptionSized.TestEofExceptionSized" methodname="TestEofExceptionSized" classname="Kaitai.SpecEofExceptionSized" runstate="Runnable" seed="2087209801" result="Passed" start-time="2025-12-28T22:40:33.5440963Z" end-time="2025-12-28T22:40:33.5446644Z" duration="0.000502" asserts="1" />
      </test-suite>
      <test-suite type="TestFixture" id="1-1114" name="SpecEofExceptionU4" fullname="Kaitai.SpecEofExceptionU4" classname="Kaitai.SpecEofExceptionU4" runstate="Runnable" testcasecount="1" result="Passed" start-time="2025-12-28T22:40:33.5446644Z" end-time="2025-12-28T22:40:33.5446644Z" duration="0.000575" total="1" passed="1" failed="0" warnings="0" inconclusive="0" skipped="0" asserts="1">
        <test-case id="1-1115" name="TestEofExceptionU4" fullname="Kaitai.SpecEofExceptionU4.TestEofExceptionU4" methodname="TestEofExceptionU4" classname="Kaitai.SpecEofExceptionU4" runstate="Runnable" seed="782518364" result="Passed" start-time="2025-12-28T22:40:33.5446644Z" end-time="2025-12-28T22:40:33.5446644Z" duration="0.000480" asserts="1" />
      </test-suite>
      <test-suite type="TestFixture" id="1-1116" name="SpecEosExceptionBytes" fullname="Kaitai.SpecEosExceptionBytes" classname="Kaitai.SpecEosExceptionBytes" runstate="Runnable" testcasecount="1" result="Passed" start-time="2025-12-28T22:40:33.5446644Z" end-time="2025-12-28T22:40:33.5461227Z" duration="0.000663" total="1" passed="1" failed="0" warnings="0" inconclusive="0" skipped="0" asserts="1">
        <test-case id="1-1117" name="TestEosExceptionBytes" fullname="Kaitai.SpecEosExceptionBytes.TestEosExceptionBytes" methodname="TestEosExceptionBytes" classname="Kaitai.SpecEosExceptionBytes" runstate="Runnable" seed="51225269" result="Passed" start-time="2025-12-28T22:40:33.5446644Z" end-time="2025-12-28T22:40:33.5461227Z" duration="0.000567" asserts="1" />
      </test-suite>
      <test-suite type="TestFixture" id="1-1118" name="SpecEosExceptionSized" fullname="Kaitai.SpecEosExceptionSized" classname="Kaitai.SpecEosExceptionSized" runstate="Runnable" testcasecount="1" result="Passed" start-time="2025-12-28T22:40:33.5461227Z" end-time="2025-12-28T22:40:33.5466858Z" duration="0.000956" total="1" passed="1" failed="0" warnings="0" inconclusive="0" skipped="0" asserts="1">
        <test-case id="1-1119" name="TestEosExceptionSized" fullname="Kaitai.SpecEosExceptionSized.TestEosExceptionSized" methodname="TestEosExceptionSized" classname="Kaitai.SpecEosExceptionSized" runstate="Runnable" seed="1056300672" result="Passed" start-time="2025-12-28T22:40:33.5461227Z" end-time="2025-12-28T22:40:33.5466858Z" duration="0.000812" asserts="1" />
      </test-suite>
      <test-suite type="TestFixture" id="1-1120" name="SpecEosExceptionU4" fullname="Kaitai.SpecEosExceptionU4" classname="Kaitai.SpecEosExceptionU4" runstate="Runnable" testcasecount="1" result="Passed" start-time="2025-12-28T22:40:33.5466858Z" end-time="2025-12-28T22:40:33.5480404Z" duration="0.001056" total="1" passed="1" failed="0" warnings="0" inconclusive="0" skipped="0" asserts="1">
        <test-case id="1-1121" name="TestEosExceptionU4" fullname="Kaitai.SpecEosExceptionU4.TestEosExceptionU4" methodname="TestEosExceptionU4" classname="Kaitai.SpecEosExceptionU4" runstate="Runnable" seed="1889504770" result="Passed" start-time="2025-12-28T22:40:33.5466858Z" end-time="2025-12-28T22:40:33.5480404Z" duration="0.000938" asserts="1" />
      </test-suite>
      <test-suite type="TestFixture" id="1-1122" name="SpecExpr0" fullname="Kaitai.SpecExpr0" classname="Kaitai.SpecExpr0" runstate="Runnable" testcasecount="1" result="Passed" start-time="2025-12-28T22:40:33.5480404Z" end-time="2025-12-28T22:40:33.5485034Z" duration="0.000867" total="1" passed="1" failed="0" warnings="0" inconclusive="0" skipped="0" asserts="2">
        <test-case id="1-1123" name="TestExpr0" fullname="Kaitai.SpecExpr0.TestExpr0" methodname="TestExpr0" classname="Kaitai.SpecExpr0" runstate="Runnable" seed="571863691" result="Passed" start-time="2025-12-28T22:40:33.5480404Z" end-time="2025-12-28T22:40:33.5485034Z" duration="0.000748" asserts="2" />
      </test-suite>
      <test-suite type="TestFixture" id="1-1124" name="SpecExpr1" fullname="Kaitai.SpecExpr1" classname="Kaitai.SpecExpr1" runstate="Runnable" testcasecount="1" result="Passed" start-time="2025-12-28T22:40:33.5485034Z" end-time="2025-12-28T22:40:33.5485034Z" duration="0.000894" total="1" passed="1" failed="0" warnings="0" inconclusive="0" skipped="0" asserts="4">
        <test-case id="1-1125" name="TestExpr1" fullname="Kaitai.SpecExpr1.TestExpr1" methodname="TestExpr1" classname="Kaitai.SpecExpr1" runstate="Runnable" seed="114589715" result="Passed" start-time="2025-12-28T22:40:33.5485034Z" end-time="2025-12-28T22:40:33.5485034Z" duration="0.000769" asserts="4" />
      </test-suite>
      <test-suite type="TestFixture" id="1-1126" name="SpecExpr2" fullname="Kaitai.SpecExpr2" classname="Kaitai.SpecExpr2" runstate="Runnable" testcasecount="1" result="Passed" start-time="2025-12-28T22:40:33.5485034Z" end-time="2025-12-28T22:40:33.5525235Z" duration="0.002853" total="1" passed="1" failed="0" warnings="0" inconclusive="0" skipped="0" asserts="17">
        <test-case id="1-1127" name="TestExpr2" fullname="Kaitai.SpecExpr2.TestExpr2" methodname="TestExpr2" classname="Kaitai.SpecExpr2" runstate="Runnable" seed="1108924518" result="Passed" start-time="2025-12-28T22:40:33.5500614Z" end-time="2025-12-28T22:40:33.5525235Z" duration="0.002758" asserts="17" />
      </test-suite>
      <test-suite type="TestFixture" id="1-1128" name="SpecExpr3" fullname="Kaitai.SpecExpr3" classname="Kaitai.SpecExpr3" runstate="Runnable" testcasecount="1" result="Passed" start-time="2025-12-28T22:40:33.5525235Z" end-time="2025-12-28T22:40:33.5545451Z" duration="0.002455" total="1" passed="1" failed="0" warnings="0" inconclusive="0" skipped="0" asserts="12">
        <test-case id="1-1129" name="TestExpr3" fullname="Kaitai.SpecExpr3.TestExpr3" methodname="TestExpr3" classname="Kaitai.SpecExpr3" runstate="Runnable" seed="1146192003" result="Passed" start-time="2025-12-28T22:40:33.5525235Z" end-time="2025-12-28T22:40:33.5545451Z" duration="0.002358" asserts="12" />
      </test-suite>
      <test-suite type="TestFixture" id="1-1130" name="SpecExprArray" fullname="Kaitai.SpecExprArray" classname="Kaitai.SpecExprArray" runstate="Runnable" testcasecount="1" result="Passed" start-time="2025-12-28T22:40:33.5545451Z" end-time="2025-12-28T22:40:33.5641758Z" duration="0.008866" total="1" passed="1" failed="0" warnings="0" inconclusive="0" skipped="0" asserts="15">
        <test-case id="1-1131" name="TestExprArray" fullname="Kaitai.SpecExprArray.TestExprArray" methodname="TestExprArray" classname="Kaitai.SpecExprArray" runstate="Runnable" seed="252642863" result="Passed" start-time="2025-12-28T22:40:33.5545451Z" end-time="2025-12-28T22:40:33.5637497Z" duration="0.008772" asserts="15" />
      </test-suite>
      <test-suite type="TestFixture" id="1-1132" name="SpecExprBytesCmp" fullname="Kaitai.SpecExprBytesCmp" classname="Kaitai.SpecExprBytesCmp" runstate="Runnable" testcasecount="1" result="Passed" start-time="2025-12-28T22:40:33.5641758Z" end-time="2025-12-28T22:40:33.5656813Z" duration="0.001874" total="1" passed="1" failed="0" warnings="0" inconclusive="0" skipped="0" asserts="10">
        <test-case id="1-1133" name="TestExprBytesCmp" fullname="Kaitai.SpecExprBytesCmp.TestExprBytesCmp" methodname="TestExprBytesCmp" classname="Kaitai.SpecExprBytesCmp" runstate="Runnable" seed="1360506007" result="Passed" start-time="2025-12-28T22:40:33.5641758Z" end-time="2025-12-28T22:40:33.5656813Z" duration="0.001774" asserts="10" />
      </test-suite>
      <test-suite type="TestFixture" id="1-1134" name="SpecExprBytesNonLiteral" fullname="Kaitai.SpecExprBytesNonLiteral" classname="Kaitai.SpecExprBytesNonLiteral" runstate="Runnable" testcasecount="1" result="Passed" start-time="2025-12-28T22:40:33.5656813Z" end-time="2025-12-28T22:40:33.5661974Z" duration="0.000731" total="1" passed="1" failed="0" warnings="0" inconclusive="0" skipped="0" asserts="3">
        <test-case id="1-1135" name="TestExprBytesNonLiteral" fullname="Kaitai.SpecExprBytesNonLiteral.TestExprBytesNonLiteral" methodname="TestExprBytesNonLiteral" classname="Kaitai.SpecExprBytesNonLiteral" runstate="Runnable" seed="1491574937" result="Passed" start-time="2025-12-28T22:40:33.5656813Z" end-time="2025-12-28T22:40:33.5661974Z" duration="0.000633" asserts="3" />
      </test-suite>
      <test-suite type="TestFixture" id="1-1136" name="SpecExprBytesOps" fullname="Kaitai.SpecExprBytesOps" classname="Kaitai.SpecExprBytesOps" runstate="Runnable" testcasecount="1" result="Passed" start-time="2025-12-28T22:40:33.5661974Z" end-time="2025-12-28T22:40:33.5702303Z" duration="0.003612" total="1" passed="1" failed="0" warnings="0" inconclusive="0" skipped="0" asserts="16">
        <test-case id="1-1137" name="TestExprBytesOps" fullname="Kaitai.SpecExprBytesOps.TestExprBytesOps" methodname="TestExprBytesOps" classname="Kaitai.SpecExprBytesOps" runstate="Runnable" seed="918097427" result="Passed" start-time="2025-12-28T22:40:33.5661974Z" end-time="2025-12-28T22:40:33.5702303Z" duration="0.003518" asserts="16" />
      </test-suite>
      <test-suite type="TestFixture" id="1-1138" name="SpecExprCalcArrayOps" fullname="Kaitai.SpecExprCalcArrayOps" classname="Kaitai.SpecExprCalcArrayOps" runstate="Runnable" testcasecount="1" result="Passed" start-time="2025-12-28T22:40:33.5702303Z" end-time="2025-12-28T22:40:33.5737781Z" duration="0.003531" total="1" passed="1" failed="0" warnings="0" inconclusive="0" skipped="0" asserts="18">
        <test-case id="1-1139" name="TestExprCalcArrayOps" fullname="Kaitai.SpecExprCalcArrayOps.TestExprCalcArrayOps" methodname="TestExprCalcArrayOps" classname="Kaitai.SpecExprCalcArrayOps" runstate="Runnable" seed="480015414" result="Passed" start-time="2025-12-28T22:40:33.5702303Z" end-time="2025-12-28T22:40:33.5737781Z" duration="0.003430" asserts="18" />
      </test-suite>
      <test-suite type="TestFixture" id="1-1140" name="SpecExprEnum" fullname="Kaitai.SpecExprEnum" classname="Kaitai.SpecExprEnum" runstate="Runnable" testcasecount="1" result="Passed" start-time="2025-12-28T22:40:33.5737781Z" end-time="2025-12-28T22:40:33.5742726Z" duration="0.000812" total="1" passed="1" failed="0" warnings="0" inconclusive="0" skipped="0" asserts="3">
        <test-case id="1-1141" name="TestExprEnum" fullname="Kaitai.SpecExprEnum.TestExprEnum" methodname="TestExprEnum" classname="Kaitai.SpecExprEnum" runstate="Runnable" seed="1287409662" result="Passed" start-time="2025-12-28T22:40:33.5737781Z" end-time="2025-12-28T22:40:33.5742726Z" duration="0.000695" asserts="3" />
      </test-suite>
      <test-suite type="TestFixture" id="1-1142" name="SpecExprFstring0" fullname="Kaitai.SpecExprFstring0" classname="Kaitai.SpecExprFstring0" runstate="Runnable" testcasecount="1" result="Passed" start-time="2025-12-28T22:40:33.5742726Z" end-time="2025-12-28T22:40:33.5758060Z" duration="0.001261" total="1" passed="1" failed="0" warnings="0" inconclusive="0" skipped="0" asserts="9">
        <test-case id="1-1143" name="TestExprFstring0" fullname="Kaitai.SpecExprFstring0.TestExprFstring0" methodname="TestExprFstring0" classname="Kaitai.SpecExprFstring0" runstate="Runnable" seed="2031687990" result="Passed" start-time="2025-12-28T22:40:33.5742726Z" end-time="2025-12-28T22:40:33.5758060Z" duration="0.001164" asserts="9" />
      </test-suite>
      <test-suite type="TestFixture" id="1-1144" name="SpecExprIntDiv" fullname="Kaitai.SpecExprIntDiv" classname="Kaitai.SpecExprIntDiv" runstate="Runnable" testcasecount="1" result="Failed" site="Child" start-time="2025-12-28T22:40:33.5758060Z" end-time="2025-12-28T22:40:33.6680252Z" duration="0.091989" total="1" passed="0" failed="1" warnings="0" inconclusive="0" skipped="0" asserts="4">
        <failure>
          <message><![CDATA[One or more child tests had errors]]></message>
        </failure>
        <test-case id="1-1145" name="TestExprIntDiv" fullname="Kaitai.SpecExprIntDiv.TestExprIntDiv" methodname="TestExprIntDiv" classname="Kaitai.SpecExprIntDiv" runstate="Runnable" seed="259839266" result="Failed" start-time="2025-12-28T22:40:33.5758060Z" end-time="2025-12-28T22:40:33.6672442Z" duration="0.091797" asserts="4">
          <failure>
            <message><![CDATA[  Expected: -756
  But was:  -757
]]></message>
            <stack-trace><![CDATA[   at Kaitai.SpecExprIntDiv.TestExprIntDiv() in D:\a\ci_targets\ci_targets\tests\spec\csharp\kaitai_struct_csharp_tests\tests\SpecExprIntDiv.cs:line 18
]]></stack-trace>
          </failure>
          <assertions>
            <assertion result="Failed">
              <message><![CDATA[  Expected: -756
  But was:  -757
]]></message>
              <stack-trace><![CDATA[   at Kaitai.SpecExprIntDiv.TestExprIntDiv() in D:\a\ci_targets\ci_targets\tests\spec\csharp\kaitai_struct_csharp_tests\tests\SpecExprIntDiv.cs:line 18
]]></stack-trace>
            </assertion>
          </assertions>
        </test-case>
      </test-suite>
      <test-suite type="TestFixture" id="1-1146" name="SpecExprIoEof" fullname="Kaitai.SpecExprIoEof" classname="Kaitai.SpecExprIoEof" runstate="Runnable" testcasecount="1" result="Passed" start-time="2025-12-28T22:40:33.6680252Z" end-time="2025-12-28T22:40:33.6700467Z" duration="0.002321" total="1" passed="1" failed="0" warnings="0" inconclusive="0" skipped="0" asserts="4">
        <test-case id="1-1147" name="TestExprIoEof" fullname="Kaitai.SpecExprIoEof.TestExprIoEof" methodname="TestExprIoEof" classname="Kaitai.SpecExprIoEof" runstate="Runnable" seed="1957808641" result="Passed" start-time="2025-12-28T22:40:33.6680252Z" end-time="2025-12-28T22:40:33.6700467Z" duration="0.002167" asserts="4" />
      </test-suite>
      <test-suite type="TestFixture" id="1-1148" name="SpecExprIoPos" fullname="Kaitai.SpecExprIoPos" classname="Kaitai.SpecExprIoPos" runstate="Runnable" testcasecount="1" result="Passed" start-time="2025-12-28T22:40:33.6700467Z" end-time="2025-12-28T22:40:33.6720703Z" duration="0.001647" total="1" passed="1" failed="0" warnings="0" inconclusive="0" skipped="0" asserts="6">
        <test-case id="1-1149" name="TestExprIoPos" fullname="Kaitai.SpecExprIoPos.TestExprIoPos" methodname="TestExprIoPos" classname="Kaitai.SpecExprIoPos" runstate="Runnable" seed="218640035" result="Passed" start-time="2025-12-28T22:40:33.6700467Z" end-time="2025-12-28T22:40:33.6720703Z" duration="0.001502" asserts="6" />
      </test-suite>
      <test-suite type="TestFixture" id="1-1150" name="SpecExprMod" fullname="Kaitai.SpecExprMod" classname="Kaitai.SpecExprMod" runstate="Runnable" testcasecount="1" result="Passed" start-time="2025-12-28T22:40:33.6720703Z" end-time="2025-12-28T22:40:33.6720703Z" duration="0.001138" total="1" passed="1" failed="0" warnings="0" inconclusive="0" skipped="0" asserts="6">
        <test-case id="1-1151" name="TestExprMod" fullname="Kaitai.SpecExprMod.TestExprMod" methodname="TestExprMod" classname="Kaitai.SpecExprMod" runstate="Runnable" seed="2121062622" result="Passed" start-time="2025-12-28T22:40:33.6720703Z" end-time="2025-12-28T22:40:33.6720703Z" duration="0.001043" asserts="6" />
      </test-suite>
      <test-suite type="TestFixture" id="1-1152" name="SpecExprOpsParens" fullname="Kaitai.SpecExprOpsParens" classname="Kaitai.SpecExprOpsParens" runstate="Runnable" testcasecount="1" result="Passed" start-time="2025-12-28T22:40:33.6720703Z" end-time="2025-12-28T22:40:33.6766335Z" duration="0.003439" total="1" passed="1" failed="0" warnings="0" inconclusive="0" skipped="0" asserts="9">
        <test-case id="1-1153" name="TestExprOpsParens" fullname="Kaitai.SpecExprOpsParens.TestExprOpsParens" methodname="TestExprOpsParens" classname="Kaitai.SpecExprOpsParens" runstate="Runnable" seed="104266601" result="Passed" start-time="2025-12-28T22:40:33.6733134Z" end-time="2025-12-28T22:40:33.6766335Z" duration="0.003292" asserts="9" />
      </test-suite>
      <test-suite type="TestFixture" id="1-1154" name="SpecExprSizeofType0" fullname="Kaitai.SpecExprSizeofType0" classname="Kaitai.SpecExprSizeofType0" runstate="Runnable" testcasecount="1" result="Passed" start-time="2025-12-28T22:40:33.6766335Z" end-time="2025-12-28T22:40:33.6766335Z" duration="0.000542" total="1" passed="1" failed="0" warnings="0" inconclusive="0" skipped="0" asserts="1">
        <test-case id="1-1155" name="TestExprSizeofType0" fullname="Kaitai.SpecExprSizeofType0.TestExprSizeofType0" methodname="TestExprSizeofType0" classname="Kaitai.SpecExprSizeofType0" runstate="Runnable" seed="74849607" result="Passed" start-time="2025-12-28T22:40:33.6766335Z" end-time="2025-12-28T22:40:33.6766335Z" duration="0.000435" asserts="1" />
      </test-suite>
      <test-suite type="TestFixture" id="1-1156" name="SpecExprSizeofType1" fullname="Kaitai.SpecExprSizeofType1" classname="Kaitai.SpecExprSizeofType1" runstate="Runnable" testcasecount="1" result="Passed" start-time="2025-12-28T22:40:33.6766335Z" end-time="2025-12-28T22:40:33.6766335Z" duration="0.000546" total="1" passed="1" failed="0" warnings="0" inconclusive="0" skipped="0" asserts="2">
        <test-case id="1-1157" name="TestExprSizeofType1" fullname="Kaitai.SpecExprSizeofType1.TestExprSizeofType1" methodname="TestExprSizeofType1" classname="Kaitai.SpecExprSizeofType1" runstate="Runnable" seed="1108536523" result="Passed" start-time="2025-12-28T22:40:33.6766335Z" end-time="2025-12-28T22:40:33.6766335Z" duration="0.000452" asserts="2" />
      </test-suite>
      <test-suite type="TestFixture" id="1-1158" name="SpecExprSizeofValue0" fullname="Kaitai.SpecExprSizeofValue0" classname="Kaitai.SpecExprSizeofValue0" runstate="Runnable" testcasecount="1" result="Passed" start-time="2025-12-28T22:40:33.6766335Z" end-time="2025-12-28T22:40:33.6786566Z" duration="0.000973" total="1" passed="1" failed="0" warnings="0" inconclusive="0" skipped="0" asserts="5">
        <test-case id="1-1159" name="TestExprSizeofValue0" fullname="Kaitai.SpecExprSizeofValue0.TestExprSizeofValue0" methodname="TestExprSizeofValue0" classname="Kaitai.SpecExprSizeofValue0" runstate="Runnable" seed="1928235661" result="Passed" start-time="2025-12-28T22:40:33.6766335Z" end-time="2025-12-28T22:40:33.6786566Z" duration="0.000882" asserts="5" />
      </test-suite>
      <test-suite type="TestFixture" id="1-1160" name="SpecExprSizeofValueSized" fullname="Kaitai.SpecExprSizeofValueSized" classname="Kaitai.SpecExprSizeofValueSized" runstate="Runnable" testcasecount="1" result="Passed" start-time="2025-12-28T22:40:33.6786566Z" end-time="2025-12-28T22:40:33.6786566Z" duration="0.000951" total="1" passed="1" failed="0" warnings="0" inconclusive="0" skipped="0" asserts="5">
        <test-case id="1-1161" name="TestExprSizeofValueSized" fullname="Kaitai.SpecExprSizeofValueSized.TestExprSizeofValueSized" methodname="TestExprSizeofValueSized" classname="Kaitai.SpecExprSizeofValueSized" runstate="Runnable" seed="1293355933" result="Passed" start-time="2025-12-28T22:40:33.6786566Z" end-time="2025-12-28T22:40:33.6786566Z" duration="0.000853" asserts="5" />
      </test-suite>
      <test-suite type="TestFixture" id="1-1162" name="SpecExprStrEncodings" fullname="Kaitai.SpecExprStrEncodings" classname="Kaitai.SpecExprStrEncodings" runstate="Runnable" testcasecount="1" result="Passed" start-time="2025-12-28T22:40:33.6786566Z" end-time="2025-12-28T22:40:33.6806746Z" duration="0.002081" total="1" passed="1" failed="0" warnings="0" inconclusive="0" skipped="0" asserts="7">
        <test-case id="1-1163" name="TestExprStrEncodings" fullname="Kaitai.SpecExprStrEncodings.TestExprStrEncodings" methodname="TestExprStrEncodings" classname="Kaitai.SpecExprStrEncodings" runstate="Runnable" seed="1087305821" result="Passed" start-time="2025-12-28T22:40:33.6786566Z" end-time="2025-12-28T22:40:33.6806746Z" duration="0.001990" asserts="7" />
      </test-suite>
      <test-suite type="TestFixture" id="1-1164" name="SpecExprStrOps" fullname="Kaitai.SpecExprStrOps" classname="Kaitai.SpecExprStrOps" runstate="Runnable" testcasecount="1" result="Passed" start-time="2025-12-28T22:40:33.6806746Z" end-time="2025-12-28T22:40:33.6826942Z" duration="0.002001" total="1" passed="1" failed="0" warnings="0" inconclusive="0" skipped="0" asserts="18">
        <test-case id="1-1165" name="TestExprStrOps" fullname="Kaitai.SpecExprStrOps.TestExprStrOps" methodname="TestExprStrOps" classname="Kaitai.SpecExprStrOps" runstate="Runnable" seed="1653687987" result="Passed" start-time="2025-12-28T22:40:33.6806746Z" end-time="2025-12-28T22:40:33.6826942Z" duration="0.001907" asserts="18" />
      </test-suite>
      <test-suite type="TestFixture" id="1-1166" name="SpecExprToITrailing" fullname="Kaitai.SpecExprToITrailing" classname="Kaitai.SpecExprToITrailing" runstate="Runnable" testcasecount="1" result="Passed" start-time="2025-12-28T22:40:33.6826942Z" end-time="2025-12-28T22:40:33.6847120Z" duration="0.001200" total="1" passed="1" failed="0" warnings="0" inconclusive="0" skipped="0" asserts="3">
        <test-case id="1-1167" name="TestExprToITrailing" fullname="Kaitai.SpecExprToITrailing.TestExprToITrailing" methodname="TestExprToITrailing" classname="Kaitai.SpecExprToITrailing" runstate="Runnable" seed="15985731" result="Passed" start-time="2025-12-28T22:40:33.6826942Z" end-time="2025-12-28T22:40:33.6847120Z" duration="0.001107" asserts="3" />
      </test-suite>
      <test-suite type="TestFixture" id="1-1168" name="SpecFixedContents" fullname="Kaitai.SpecFixedContents" classname="Kaitai.SpecFixedContents" runstate="Runnable" testcasecount="1" result="Passed" start-time="2025-12-28T22:40:33.6847120Z" end-time="2025-12-28T22:40:33.6847120Z" duration="0.000729" total="1" passed="1" failed="0" warnings="0" inconclusive="0" skipped="0" asserts="0">
        <test-case id="1-1169" name="TestFixedContents" fullname="Kaitai.SpecFixedContents.TestFixedContents" methodname="TestFixedContents" classname="Kaitai.SpecFixedContents" runstate="Runnable" seed="522957821" result="Passed" start-time="2025-12-28T22:40:33.6847120Z" end-time="2025-12-28T22:40:33.6847120Z" duration="0.000628" asserts="0" />
      </test-suite>
      <test-suite type="TestFixture" id="1-1170" name="SpecFixedStruct" fullname="Kaitai.SpecFixedStruct" classname="Kaitai.SpecFixedStruct" runstate="Runnable" testcasecount="1" result="Passed" start-time="2025-12-28T22:40:33.6847120Z" end-time="2025-12-28T22:40:33.6887505Z" duration="0.003455" total="1" passed="1" failed="0" warnings="0" inconclusive="0" skipped="0" asserts="20">
        <test-case id="1-1171" name="TestFixedStruct" fullname="Kaitai.SpecFixedStruct.TestFixedStruct" methodname="TestFixedStruct" classname="Kaitai.SpecFixedStruct" runstate="Runnable" seed="137634815" result="Passed" start-time="2025-12-28T22:40:33.6847120Z" end-time="2025-12-28T22:40:33.6887505Z" duration="0.003357" asserts="20" />
      </test-suite>
      <test-suite type="TestFixture" id="1-1174" name="SpecFloatingPoints" fullname="Kaitai.SpecFloatingPoints" classname="Kaitai.SpecFloatingPoints" runstate="Runnable" testcasecount="1" result="Passed" start-time="2025-12-28T22:40:33.6887505Z" end-time="2025-12-28T22:40:33.6902906Z" duration="0.001167" total="1" passed="1" failed="0" warnings="0" inconclusive="0" skipped="0" asserts="8">
        <test-case id="1-1175" name="TestFloatingPoints" fullname="Kaitai.SpecFloatingPoints.TestFloatingPoints" methodname="TestFloatingPoints" classname="Kaitai.SpecFloatingPoints" runstate="Runnable" seed="2024644097" result="Passed" start-time="2025-12-28T22:40:33.6887505Z" end-time="2025-12-28T22:40:33.6902906Z" duration="0.001073" asserts="8" />
      </test-suite>
      <test-suite type="TestFixture" id="1-1172" name="SpecFloatToI" fullname="Kaitai.SpecFloatToI" classname="Kaitai.SpecFloatToI" runstate="Runnable" testcasecount="1" result="Passed" start-time="2025-12-28T22:40:33.6902906Z" end-time="2025-12-28T22:40:33.6920149Z" duration="0.002084" total="1" passed="1" failed="0" warnings="0" inconclusive="0" skipped="0" asserts="8">
        <test-case id="1-1173" name="TestFloatToI" fullname="Kaitai.SpecFloatToI.TestFloatToI" methodname="TestFloatToI" classname="Kaitai.SpecFloatToI" runstate="Runnable" seed="417452232" result="Passed" start-time="2025-12-28T22:40:33.6902906Z" end-time="2025-12-28T22:40:33.6920149Z" duration="0.001991" asserts="8" />
      </test-suite>
      <test-suite type="TestFixture" id="1-1176" name="SpecHelloWorld" fullname="Kaitai.SpecHelloWorld" classname="Kaitai.SpecHelloWorld" runstate="Runnable" testcasecount="1" result="Passed" start-time="2025-12-28T22:40:33.6920149Z" end-time="2025-12-28T22:40:33.6920149Z" duration="0.000494" total="1" passed="1" failed="0" warnings="0" inconclusive="0" skipped="0" asserts="1">
        <test-case id="1-1177" name="TestHelloWorld" fullname="Kaitai.SpecHelloWorld.TestHelloWorld" methodname="TestHelloWorld" classname="Kaitai.SpecHelloWorld" runstate="Runnable" seed="1232965957" result="Passed" start-time="2025-12-28T22:40:33.6920149Z" end-time="2025-12-28T22:40:33.6920149Z" duration="0.000403" asserts="1" />
      </test-suite>
      <test-suite type="TestFixture" id="1-1178" name="SpecIfInstances" fullname="Kaitai.SpecIfInstances" classname="Kaitai.SpecIfInstances" runstate="Runnable" testcasecount="1" result="Passed" start-time="2025-12-28T22:40:33.6920149Z" end-time="2025-12-28T22:40:33.6920149Z" duration="0.000478" total="1" passed="1" failed="0" warnings="0" inconclusive="0" skipped="0" asserts="1">
        <test-case id="1-1179" name="TestIfInstances" fullname="Kaitai.SpecIfInstances.TestIfInstances" methodname="TestIfInstances" classname="Kaitai.SpecIfInstances" runstate="Runnable" seed="655421966" result="Passed" start-time="2025-12-28T22:40:33.6920149Z" end-time="2025-12-28T22:40:33.6920149Z" duration="0.000389" asserts="1" />
      </test-suite>
      <test-suite type="TestFixture" id="1-1180" name="SpecIfStruct" fullname="Kaitai.SpecIfStruct" classname="Kaitai.SpecIfStruct" runstate="Runnable" testcasecount="1" result="Passed" start-time="2025-12-28T22:40:33.6920149Z" end-time="2025-12-28T22:40:33.6948404Z" duration="0.001552" total="1" passed="1" failed="0" warnings="0" inconclusive="0" skipped="0" asserts="10">
        <test-case id="1-1181" name="TestIfStruct" fullname="Kaitai.SpecIfStruct.TestIfStruct" methodname="TestIfStruct" classname="Kaitai.SpecIfStruct" runstate="Runnable" seed="1711867087" result="Passed" start-time="2025-12-28T22:40:33.6920149Z" end-time="2025-12-28T22:40:33.6948404Z" duration="0.001461" asserts="10" />
      </test-suite>
      <test-suite type="TestFixture" id="1-1182" name="SpecIfValues" fullname="Kaitai.SpecIfValues" classname="Kaitai.SpecIfValues" runstate="Runnable" testcasecount="1" result="Passed" start-time="2025-12-28T22:40:33.6948404Z" end-time="2025-12-28T22:40:33.6960556Z" duration="0.001205" total="1" passed="1" failed="0" warnings="0" inconclusive="0" skipped="0" asserts="6">
        <test-case id="1-1183" name="TestIfValues" fullname="Kaitai.SpecIfValues.TestIfValues" methodname="TestIfValues" classname="Kaitai.SpecIfValues" runstate="Runnable" seed="514852094" result="Passed" start-time="2025-12-28T22:40:33.6948404Z" end-time="2025-12-28T22:40:33.6960556Z" duration="0.001113" asserts="6" />
      </test-suite>
      <test-suite type="TestFixture" id="1-1184" name="SpecImports0" fullname="Kaitai.SpecImports0" classname="Kaitai.SpecImports0" runstate="Runnable" testcasecount="1" result="Passed" start-time="2025-12-28T22:40:33.6960556Z" end-time="2025-12-28T22:40:33.6968581Z" duration="0.000704" total="1" passed="1" failed="0" warnings="0" inconclusive="0" skipped="0" asserts="3">
        <test-case id="1-1185" name="TestImports0" fullname="Kaitai.SpecImports0.TestImports0" methodname="TestImports0" classname="Kaitai.SpecImports0" runstate="Runnable" seed="359428798" result="Passed" start-time="2025-12-28T22:40:33.6960556Z" end-time="2025-12-28T22:40:33.6968581Z" duration="0.000609" asserts="3" />
      </test-suite>
      <test-suite type="TestFixture" id="1-1186" name="SpecImportsAbs" fullname="Kaitai.SpecImportsAbs" classname="Kaitai.SpecImportsAbs" runstate="Runnable" testcasecount="1" result="Passed" start-time="2025-12-28T22:40:33.6968581Z" end-time="2025-12-28T22:40:33.6988758Z" duration="0.002017" total="1" passed="1" failed="0" warnings="0" inconclusive="0" skipped="0" asserts="2">
        <test-case id="1-1187" name="TestImportsAbs" fullname="Kaitai.SpecImportsAbs.TestImportsAbs" methodname="TestImportsAbs" classname="Kaitai.SpecImportsAbs" runstate="Runnable" seed="1666041390" result="Passed" start-time="2025-12-28T22:40:33.6968581Z" end-time="2025-12-28T22:40:33.6988758Z" duration="0.001925" asserts="2" />
      </test-suite>
      <test-suite type="TestFixture" id="1-1188" name="SpecImportsAbsAbs" fullname="Kaitai.SpecImportsAbsAbs" classname="Kaitai.SpecImportsAbsAbs" runstate="Runnable" testcasecount="1" result="Passed" start-time="2025-12-28T22:40:33.6988758Z" end-time="2025-12-28T22:40:33.6988758Z" duration="0.000911" total="1" passed="1" failed="0" warnings="0" inconclusive="0" skipped="0" asserts="3">
        <test-case id="1-1189" name="TestImportsAbsAbs" fullname="Kaitai.SpecImportsAbsAbs.TestImportsAbsAbs" methodname="TestImportsAbsAbs" classname="Kaitai.SpecImportsAbsAbs" runstate="Runnable" seed="2067231320" result="Passed" start-time="2025-12-28T22:40:33.6988758Z" end-time="2025-12-28T22:40:33.6988758Z" duration="0.000817" asserts="3" />
      </test-suite>
      <test-suite type="TestFixture" id="1-1190" name="SpecImportsAbsRel" fullname="Kaitai.SpecImportsAbsRel" classname="Kaitai.SpecImportsAbsRel" runstate="Runnable" testcasecount="1" result="Passed" start-time="2025-12-28T22:40:33.6988758Z" end-time="2025-12-28T22:40:33.7000990Z" duration="0.000862" total="1" passed="1" failed="0" warnings="0" inconclusive="0" skipped="0" asserts="3">
        <test-case id="1-1191" name="TestImportsAbsRel" fullname="Kaitai.SpecImportsAbsRel.TestImportsAbsRel" methodname="TestImportsAbsRel" classname="Kaitai.SpecImportsAbsRel" runstate="Runnable" seed="948038230" result="Passed" start-time="2025-12-28T22:40:33.6988758Z" end-time="2025-12-28T22:40:33.7000990Z" duration="0.000769" asserts="3" />
      </test-suite>
      <test-suite type="TestFixture" id="1-1192" name="SpecImportsCastToImported" fullname="Kaitai.SpecImportsCastToImported" classname="Kaitai.SpecImportsCastToImported" runstate="Runnable" testcasecount="1" result="Passed" start-time="2025-12-28T22:40:33.7000990Z" end-time="2025-12-28T22:40:33.7009011Z" duration="0.000829" total="1" passed="1" failed="0" warnings="0" inconclusive="0" skipped="0" asserts="2">
        <test-case id="1-1193" name="TestImportsCastToImported" fullname="Kaitai.SpecImportsCastToImported.TestImportsCastToImported" methodname="TestImportsCastToImported" classname="Kaitai.SpecImportsCastToImported" runstate="Runnable" seed="1197020539" result="Passed" start-time="2025-12-28T22:40:33.7009011Z" end-time="2025-12-28T22:40:33.7009011Z" duration="0.000725" asserts="2" />
      </test-suite>
      <test-suite type="TestFixture" id="1-1194" name="SpecImportsCastToImported2" fullname="Kaitai.SpecImportsCastToImported2" classname="Kaitai.SpecImportsCastToImported2" runstate="Runnable" testcasecount="1" result="Passed" start-time="2025-12-28T22:40:33.7009011Z" end-time="2025-12-28T22:40:33.7021197Z" duration="0.000862" total="1" passed="1" failed="0" warnings="0" inconclusive="0" skipped="0" asserts="2">
        <test-case id="1-1195" name="TestImportsCastToImported2" fullname="Kaitai.SpecImportsCastToImported2.TestImportsCastToImported2" methodname="TestImportsCastToImported2" classname="Kaitai.SpecImportsCastToImported2" runstate="Runnable" seed="313591826" result="Passed" start-time="2025-12-28T22:40:33.7009011Z" end-time="2025-12-28T22:40:33.7021197Z" duration="0.000770" asserts="2" />
      </test-suite>
      <test-suite type="TestFixture" id="1-1196" name="SpecImportsCircularA" fullname="Kaitai.SpecImportsCircularA" classname="Kaitai.SpecImportsCircularA" runstate="Runnable" testcasecount="1" result="Passed" start-time="2025-12-28T22:40:33.7021197Z" end-time="2025-12-28T22:40:33.7029199Z" duration="0.000845" total="1" passed="1" failed="0" warnings="0" inconclusive="0" skipped="0" asserts="5">
        <test-case id="1-1197" name="TestImportsCircularA" fullname="Kaitai.SpecImportsCircularA.TestImportsCircularA" methodname="TestImportsCircularA" classname="Kaitai.SpecImportsCircularA" runstate="Runnable" seed="1176771059" result="Passed" start-time="2025-12-28T22:40:33.7021197Z" end-time="2025-12-28T22:40:33.7029199Z" duration="0.000755" asserts="5" />
      </test-suite>
      <test-suite type="TestFixture" id="1-1198" name="SpecImportsParamsDefArrayUsertypeImported" fullname="Kaitai.SpecImportsParamsDefArrayUsertypeImported" classname="Kaitai.SpecImportsParamsDefArrayUsertypeImported" runstate="Runnable" testcasecount="1" result="Passed" start-time="2025-12-28T22:40:33.7029199Z" end-time="2025-12-28T22:40:33.7041412Z" duration="0.001279" total="1" passed="1" failed="0" warnings="0" inconclusive="0" skipped="0" asserts="5">
[...]
      </test-suite>
      <test-suite type="TestFixture" id="1-1462" name="SpecValidFailEqInt" fullname="Kaitai.SpecValidFailEqInt" classname="Kaitai.SpecValidFailEqInt" runstate="Runnable" testcasecount="1" result="Passed" start-time="2025-12-28T22:40:33.8691076Z" end-time="2025-12-28T22:40:33.8711287Z" duration="0.000808" total="1" passed="1" failed="0" warnings="0" inconclusive="0" skipped="0" asserts="1">
        <test-case id="1-1463" name="TestValidFailEqInt" fullname="Kaitai.SpecValidFailEqInt.TestValidFailEqInt" methodname="TestValidFailEqInt" classname="Kaitai.SpecValidFailEqInt" runstate="Runnable" seed="599953130" result="Passed" start-time="2025-12-28T22:40:33.8691076Z" end-time="2025-12-28T22:40:33.8711287Z" duration="0.000711" asserts="1" />
      </test-suite>
      <test-suite type="TestFixture" id="1-1464" name="SpecValidFailEqStr" fullname="Kaitai.SpecValidFailEqStr" classname="Kaitai.SpecValidFailEqStr" runstate="Runnable" testcasecount="1" result="Passed" start-time="2025-12-28T22:40:33.8711287Z" end-time="2025-12-28T22:40:33.8721480Z" duration="0.000677" total="1" passed="1" failed="0" warnings="0" inconclusive="0" skipped="0" asserts="1">
        <test-case id="1-1465" name="TestValidFailEqStr" fullname="Kaitai.SpecValidFailEqStr.TestValidFailEqStr" methodname="TestValidFailEqStr" classname="Kaitai.SpecValidFailEqStr" runstate="Runnable" seed="1253096341" result="Passed" start-time="2025-12-28T22:40:33.8711287Z" end-time="2025-12-28T22:40:33.8721480Z" duration="0.000581" asserts="1" />
      </test-suite>
      <test-suite type="TestFixture" id="1-1466" name="SpecValidFailExpr" fullname="Kaitai.SpecValidFailExpr" classname="Kaitai.SpecValidFailExpr" runstate="Runnable" testcasecount="1" result="Passed" start-time="2025-12-28T22:40:33.8721480Z" end-time="2025-12-28T22:40:33.8721480Z" duration="0.000842" total="1" passed="1" failed="0" warnings="0" inconclusive="0" skipped="0" asserts="1">
        <test-case id="1-1467" name="TestValidFailExpr" fullname="Kaitai.SpecValidFailExpr.TestValidFailExpr" methodname="TestValidFailExpr" classname="Kaitai.SpecValidFailExpr" runstate="Runnable" seed="1630716736" result="Passed" start-time="2025-12-28T22:40:33.8721480Z" end-time="2025-12-28T22:40:33.8721480Z" duration="0.000743" asserts="1" />
      </test-suite>
      <test-suite type="TestFixture" id="1-1468" name="SpecValidFailInEnum" fullname="Kaitai.SpecValidFailInEnum" classname="Kaitai.SpecValidFailInEnum" runstate="Runnable" testcasecount="1" result="Passed" start-time="2025-12-28T22:40:33.8721480Z" end-time="2025-12-28T22:40:33.8732140Z" duration="0.000867" total="1" passed="1" failed="0" warnings="0" inconclusive="0" skipped="0" asserts="1">
        <test-case id="1-1469" name="TestValidFailInEnum" fullname="Kaitai.SpecValidFailInEnum.TestValidFailInEnum" methodname="TestValidFailInEnum" classname="Kaitai.SpecValidFailInEnum" runstate="Runnable" seed="1677196513" result="Passed" start-time="2025-12-28T22:40:33.8732140Z" end-time="2025-12-28T22:40:33.8732140Z" duration="0.000731" asserts="1" />
      </test-suite>
      <test-suite type="TestFixture" id="1-1470" name="SpecValidFailInst" fullname="Kaitai.SpecValidFailInst" classname="Kaitai.SpecValidFailInst" runstate="Runnable" testcasecount="1" result="Passed" start-time="2025-12-28T22:40:33.8732140Z" end-time="2025-12-28T22:40:33.8741665Z" duration="0.000749" total="1" passed="1" failed="0" warnings="0" inconclusive="0" skipped="0" asserts="1">
        <test-case id="1-1471" name="TestValidFailInst" fullname="Kaitai.SpecValidFailInst.TestValidFailInst" methodname="TestValidFailInst" classname="Kaitai.SpecValidFailInst" runstate="Runnable" seed="2091371717" result="Passed" start-time="2025-12-28T22:40:33.8732140Z" end-time="2025-12-28T22:40:33.8741665Z" duration="0.000647" asserts="1" />
      </test-suite>
      <test-suite type="TestFixture" id="1-1472" name="SpecValidFailMaxInt" fullname="Kaitai.SpecValidFailMaxInt" classname="Kaitai.SpecValidFailMaxInt" runstate="Runnable" testcasecount="1" result="Passed" start-time="2025-12-28T22:40:33.8741665Z" end-time="2025-12-28T22:40:33.8752374Z" duration="0.000916" total="1" passed="1" failed="0" warnings="0" inconclusive="0" skipped="0" asserts="1">
        <test-case id="1-1473" name="TestValidFailMaxInt" fullname="Kaitai.SpecValidFailMaxInt.TestValidFailMaxInt" methodname="TestValidFailMaxInt" classname="Kaitai.SpecValidFailMaxInt" runstate="Runnable" seed="690800124" result="Passed" start-time="2025-12-28T22:40:33.8741665Z" end-time="2025-12-28T22:40:33.8752374Z" duration="0.000819" asserts="1" />
      </test-suite>
      <test-suite type="TestFixture" id="1-1474" name="SpecValidFailMinInt" fullname="Kaitai.SpecValidFailMinInt" classname="Kaitai.SpecValidFailMinInt" runstate="Runnable" testcasecount="1" result="Passed" start-time="2025-12-28T22:40:33.8752374Z" end-time="2025-12-28T22:40:33.8761832Z" duration="0.000812" total="1" passed="1" failed="0" warnings="0" inconclusive="0" skipped="0" asserts="1">
        <test-case id="1-1475" name="TestValidFailMinInt" fullname="Kaitai.SpecValidFailMinInt.TestValidFailMinInt" methodname="TestValidFailMinInt" classname="Kaitai.SpecValidFailMinInt" runstate="Runnable" seed="1122673903" result="Passed" start-time="2025-12-28T22:40:33.8752374Z" end-time="2025-12-28T22:40:33.8761832Z" duration="0.000717" asserts="1" />
      </test-suite>
      <test-suite type="TestFixture" id="1-1476" name="SpecValidFailRangeBytes" fullname="Kaitai.SpecValidFailRangeBytes" classname="Kaitai.SpecValidFailRangeBytes" runstate="Runnable" testcasecount="1" result="Passed" start-time="2025-12-28T22:40:33.8761832Z" end-time="2025-12-28T22:40:33.8772596Z" duration="0.000859" total="1" passed="1" failed="0" warnings="0" inconclusive="0" skipped="0" asserts="1">
        <test-case id="1-1477" name="TestValidFailRangeBytes" fullname="Kaitai.SpecValidFailRangeBytes.TestValidFailRangeBytes" methodname="TestValidFailRangeBytes" classname="Kaitai.SpecValidFailRangeBytes" runstate="Runnable" seed="1817906823" result="Passed" start-time="2025-12-28T22:40:33.8761832Z" end-time="2025-12-28T22:40:33.8772596Z" duration="0.000762" asserts="1" />
      </test-suite>
      <test-suite type="TestFixture" id="1-1478" name="SpecValidFailRangeFloat" fullname="Kaitai.SpecValidFailRangeFloat" classname="Kaitai.SpecValidFailRangeFloat" runstate="Runnable" testcasecount="1" result="Passed" start-time="2025-12-28T22:40:33.8772596Z" end-time="2025-12-28T22:40:33.8781984Z" duration="0.001728" total="1" passed="1" failed="0" warnings="0" inconclusive="0" skipped="0" asserts="1">
        <test-case id="1-1479" name="TestValidFailRangeFloat" fullname="Kaitai.SpecValidFailRangeFloat.TestValidFailRangeFloat" methodname="TestValidFailRangeFloat" classname="Kaitai.SpecValidFailRangeFloat" runstate="Runnable" seed="1424025808" result="Passed" start-time="2025-12-28T22:40:33.8772596Z" end-time="2025-12-28T22:40:33.8781984Z" duration="0.001630" asserts="1" />
      </test-suite>
      <test-suite type="TestFixture" id="1-1480" name="SpecValidFailRangeInt" fullname="Kaitai.SpecValidFailRangeInt" classname="Kaitai.SpecValidFailRangeInt" runstate="Runnable" testcasecount="1" result="Passed" start-time="2025-12-28T22:40:33.8781984Z" end-time="2025-12-28T22:40:33.8792834Z" duration="0.000815" total="1" passed="1" failed="0" warnings="0" inconclusive="0" skipped="0" asserts="1">
        <test-case id="1-1481" name="TestValidFailRangeInt" fullname="Kaitai.SpecValidFailRangeInt.TestValidFailRangeInt" methodname="TestValidFailRangeInt" classname="Kaitai.SpecValidFailRangeInt" runstate="Runnable" seed="1857422308" result="Passed" start-time="2025-12-28T22:40:33.8792834Z" end-time="2025-12-28T22:40:33.8792834Z" duration="0.000650" asserts="1" />
      </test-suite>
      <test-suite type="TestFixture" id="1-1482" name="SpecValidFailRangeStr" fullname="Kaitai.SpecValidFailRangeStr" classname="Kaitai.SpecValidFailRangeStr" runstate="Runnable" testcasecount="1" result="Passed" start-time="2025-12-28T22:40:33.8792834Z" end-time="2025-12-28T22:40:33.8802173Z" duration="0.000763" total="1" passed="1" failed="0" warnings="0" inconclusive="0" skipped="0" asserts="1">
        <test-case id="1-1483" name="TestValidFailRangeStr" fullname="Kaitai.SpecValidFailRangeStr.TestValidFailRangeStr" methodname="TestValidFailRangeStr" classname="Kaitai.SpecValidFailRangeStr" runstate="Runnable" seed="1609906800" result="Passed" start-time="2025-12-28T22:40:33.8792834Z" end-time="2025-12-28T22:40:33.8802173Z" duration="0.000639" asserts="1" />
      </test-suite>
      <test-suite type="TestFixture" id="1-1484" name="SpecValidFailRepeatAnyofInt" fullname="Kaitai.SpecValidFailRepeatAnyofInt" classname="Kaitai.SpecValidFailRepeatAnyofInt" runstate="Runnable" testcasecount="1" result="Passed" start-time="2025-12-28T22:40:33.8802173Z" end-time="2025-12-28T22:40:33.8811054Z" duration="0.000864" total="1" passed="1" failed="0" warnings="0" inconclusive="0" skipped="0" asserts="1">
        <test-case id="1-1485" name="TestValidFailRepeatAnyofInt" fullname="Kaitai.SpecValidFailRepeatAnyofInt.TestValidFailRepeatAnyofInt" methodname="TestValidFailRepeatAnyofInt" classname="Kaitai.SpecValidFailRepeatAnyofInt" runstate="Runnable" seed="451329049" result="Passed" start-time="2025-12-28T22:40:33.8808034Z" end-time="2025-12-28T22:40:33.8811054Z" duration="0.000753" asserts="1" />
      </test-suite>
      <test-suite type="TestFixture" id="1-1486" name="SpecValidFailRepeatContents" fullname="Kaitai.SpecValidFailRepeatContents" classname="Kaitai.SpecValidFailRepeatContents" runstate="Runnable" testcasecount="1" result="Passed" start-time="2025-12-28T22:40:33.8811054Z" end-time="2025-12-28T22:40:33.8811054Z" duration="0.000757" total="1" passed="1" failed="0" warnings="0" inconclusive="0" skipped="0" asserts="1">
        <test-case id="1-1487" name="TestValidFailRepeatContents" fullname="Kaitai.SpecValidFailRepeatContents.TestValidFailRepeatContents" methodname="TestValidFailRepeatContents" classname="Kaitai.SpecValidFailRepeatContents" runstate="Runnable" seed="1294384461" result="Passed" start-time="2025-12-28T22:40:33.8811054Z" end-time="2025-12-28T22:40:33.8811054Z" duration="0.000661" asserts="1" />
      </test-suite>
      <test-suite type="TestFixture" id="1-1488" name="SpecValidFailRepeatEqInt" fullname="Kaitai.SpecValidFailRepeatEqInt" classname="Kaitai.SpecValidFailRepeatEqInt" runstate="Runnable" testcasecount="1" result="Passed" start-time="2025-12-28T22:40:33.8811054Z" end-time="2025-12-28T22:40:33.8831323Z" duration="0.000747" total="1" passed="1" failed="0" warnings="0" inconclusive="0" skipped="0" asserts="1">
        <test-case id="1-1489" name="TestValidFailRepeatEqInt" fullname="Kaitai.SpecValidFailRepeatEqInt.TestValidFailRepeatEqInt" methodname="TestValidFailRepeatEqInt" classname="Kaitai.SpecValidFailRepeatEqInt" runstate="Runnable" seed="331824684" result="Passed" start-time="2025-12-28T22:40:33.8811054Z" end-time="2025-12-28T22:40:33.8831323Z" duration="0.000651" asserts="1" />
      </test-suite>
      <test-suite type="TestFixture" id="1-1490" name="SpecValidFailRepeatExpr" fullname="Kaitai.SpecValidFailRepeatExpr" classname="Kaitai.SpecValidFailRepeatExpr" runstate="Runnable" testcasecount="1" result="Passed" start-time="2025-12-28T22:40:33.8831323Z" end-time="2025-12-28T22:40:33.8831323Z" duration="0.000723" total="1" passed="1" failed="0" warnings="0" inconclusive="0" skipped="0" asserts="1">
        <test-case id="1-1491" name="TestValidFailRepeatExpr" fullname="Kaitai.SpecValidFailRepeatExpr.TestValidFailRepeatExpr" methodname="TestValidFailRepeatExpr" classname="Kaitai.SpecValidFailRepeatExpr" runstate="Runnable" seed="84833055" result="Passed" start-time="2025-12-28T22:40:33.8831323Z" end-time="2025-12-28T22:40:33.8831323Z" duration="0.000627" asserts="1" />
      </test-suite>
      <test-suite type="TestFixture" id="1-1492" name="SpecValidFailRepeatInst" fullname="Kaitai.SpecValidFailRepeatInst" classname="Kaitai.SpecValidFailRepeatInst" runstate="Runnable" testcasecount="1" result="Passed" start-time="2025-12-28T22:40:33.8831323Z" end-time="2025-12-28T22:40:33.8831323Z" duration="0.000816" total="1" passed="1" failed="0" warnings="0" inconclusive="0" skipped="0" asserts="1">
        <test-case id="1-1493" name="TestValidFailRepeatInst" fullname="Kaitai.SpecValidFailRepeatInst.TestValidFailRepeatInst" methodname="TestValidFailRepeatInst" classname="Kaitai.SpecValidFailRepeatInst" runstate="Runnable" seed="1984913397" result="Passed" start-time="2025-12-28T22:40:33.8831323Z" end-time="2025-12-28T22:40:33.8831323Z" duration="0.000720" asserts="1" />
      </test-suite>
      <test-suite type="TestFixture" id="1-1494" name="SpecValidFailRepeatMaxInt" fullname="Kaitai.SpecValidFailRepeatMaxInt" classname="Kaitai.SpecValidFailRepeatMaxInt" runstate="Runnable" testcasecount="1" result="Passed" start-time="2025-12-28T22:40:33.8831323Z" end-time="2025-12-28T22:40:33.8851492Z" duration="0.000827" total="1" passed="1" failed="0" warnings="0" inconclusive="0" skipped="0" asserts="1">
        <test-case id="1-1495" name="TestValidFailRepeatMaxInt" fullname="Kaitai.SpecValidFailRepeatMaxInt.TestValidFailRepeatMaxInt" methodname="TestValidFailRepeatMaxInt" classname="Kaitai.SpecValidFailRepeatMaxInt" runstate="Runnable" seed="993387549" result="Passed" start-time="2025-12-28T22:40:33.8831323Z" end-time="2025-12-28T22:40:33.8851492Z" duration="0.000732" asserts="1" />
      </test-suite>
      <test-suite type="TestFixture" id="1-1496" name="SpecValidFailRepeatMinInt" fullname="Kaitai.SpecValidFailRepeatMinInt" classname="Kaitai.SpecValidFailRepeatMinInt" runstate="Runnable" testcasecount="1" result="Passed" start-time="2025-12-28T22:40:33.8851492Z" end-time="2025-12-28T22:40:33.8871723Z" duration="0.002181" total="1" passed="1" failed="0" warnings="0" inconclusive="0" skipped="0" asserts="1">
        <test-case id="1-1497" name="TestValidFailRepeatMinInt" fullname="Kaitai.SpecValidFailRepeatMinInt.TestValidFailRepeatMinInt" methodname="TestValidFailRepeatMinInt" classname="Kaitai.SpecValidFailRepeatMinInt" runstate="Runnable" seed="1784332829" result="Passed" start-time="2025-12-28T22:40:33.8851492Z" end-time="2025-12-28T22:40:33.8871723Z" duration="0.002083" asserts="1" />
      </test-suite>
      <test-suite type="TestFixture" id="1-1498" name="SpecValidLong" fullname="Kaitai.SpecValidLong" classname="Kaitai.SpecValidLong" runstate="Runnable" testcasecount="1" result="Passed" start-time="2025-12-28T22:40:33.8871723Z" end-time="2025-12-28T22:40:33.8888781Z" duration="0.001303" total="1" passed="1" failed="0" warnings="0" inconclusive="0" skipped="0" asserts="0">
        <test-case id="1-1499" name="TestValidLong" fullname="Kaitai.SpecValidLong.TestValidLong" methodname="TestValidLong" classname="Kaitai.SpecValidLong" runstate="Runnable" seed="262653156" result="Passed" start-time="2025-12-28T22:40:33.8871723Z" end-time="2025-12-28T22:40:33.8888781Z" duration="0.001205" asserts="0" />
      </test-suite>
      <test-suite type="TestFixture" id="1-1500" name="SpecValidNotParsedIf" fullname="Kaitai.SpecValidNotParsedIf" classname="Kaitai.SpecValidNotParsedIf" runstate="Runnable" testcasecount="1" result="Passed" start-time="2025-12-28T22:40:33.8888781Z" end-time="2025-12-28T22:40:33.8891983Z" duration="0.000647" total="1" passed="1" failed="0" warnings="0" inconclusive="0" skipped="0" asserts="0">
        <test-case id="1-1501" name="TestValidNotParsedIf" fullname="Kaitai.SpecValidNotParsedIf.TestValidNotParsedIf" methodname="TestValidNotParsedIf" classname="Kaitai.SpecValidNotParsedIf" runstate="Runnable" seed="341064134" result="Passed" start-time="2025-12-28T22:40:33.8891983Z" end-time="2025-12-28T22:40:33.8891983Z" duration="0.000507" asserts="0" />
      </test-suite>
      <test-suite type="TestFixture" id="1-1502" name="SpecValidOptionalId" fullname="Kaitai.SpecValidOptionalId" classname="Kaitai.SpecValidOptionalId" runstate="Runnable" testcasecount="1" result="Passed" start-time="2025-12-28T22:40:33.8891983Z" end-time="2025-12-28T22:40:33.8891983Z" duration="0.000693" total="1" passed="1" failed="0" warnings="0" inconclusive="0" skipped="0" asserts="0">
        <test-case id="1-1503" name="TestValidOptionalId" fullname="Kaitai.SpecValidOptionalId.TestValidOptionalId" methodname="TestValidOptionalId" classname="Kaitai.SpecValidOptionalId" runstate="Runnable" seed="1120331468" result="Passed" start-time="2025-12-28T22:40:33.8891983Z" end-time="2025-12-28T22:40:33.8891983Z" duration="0.000593" asserts="0" />
      </test-suite>
      <test-suite type="TestFixture" id="1-1504" name="SpecValidShort" fullname="Kaitai.SpecValidShort" classname="Kaitai.SpecValidShort" runstate="Runnable" testcasecount="1" result="Passed" start-time="2025-12-28T22:40:33.8891983Z" end-time="2025-12-28T22:40:33.8912168Z" duration="0.001314" total="1" passed="1" failed="0" warnings="0" inconclusive="0" skipped="0" asserts="0">
        <test-case id="1-1505" name="TestValidShort" fullname="Kaitai.SpecValidShort.TestValidShort" methodname="TestValidShort" classname="Kaitai.SpecValidShort" runstate="Runnable" seed="340648196" result="Passed" start-time="2025-12-28T22:40:33.8891983Z" end-time="2025-12-28T22:40:33.8912168Z" duration="0.001215" asserts="0" />
      </test-suite>
      <test-suite type="TestFixture" id="1-1506" name="SpecValidSwitch" fullname="Kaitai.SpecValidSwitch" classname="Kaitai.SpecValidSwitch" runstate="Runnable" testcasecount="1" result="Passed" start-time="2025-12-28T22:40:33.8912168Z" end-time="2025-12-28T22:40:33.8912168Z" duration="0.000648" total="1" passed="1" failed="0" warnings="0" inconclusive="0" skipped="0" asserts="0">
        <test-case id="1-1507" name="TestValidSwitch" fullname="Kaitai.SpecValidSwitch.TestValidSwitch" methodname="TestValidSwitch" classname="Kaitai.SpecValidSwitch" runstate="Runnable" seed="995082340" result="Passed" start-time="2025-12-28T22:40:33.8912168Z" end-time="2025-12-28T22:40:33.8912168Z" duration="0.000549" asserts="0" />
      </test-suite>
      <test-suite type="TestFixture" id="1-1508" name="SpecZlibSurrounded" fullname="Kaitai.SpecZlibSurrounded" classname="Kaitai.SpecZlibSurrounded" runstate="Runnable" testcasecount="1" result="Passed" start-time="2025-12-28T22:40:33.8912168Z" end-time="2025-12-28T22:40:33.9136322Z" duration="0.021296" total="1" passed="1" failed="0" warnings="0" inconclusive="0" skipped="0" asserts="1">
        <test-case id="1-1509" name="TestZlibSurrounded" fullname="Kaitai.SpecZlibSurrounded.TestZlibSurrounded" methodname="TestZlibSurrounded" classname="Kaitai.SpecZlibSurrounded" runstate="Runnable" seed="1047968997" result="Passed" start-time="2025-12-28T22:40:33.8912168Z" end-time="2025-12-28T22:40:33.9136322Z" duration="0.021203" asserts="1" />
      </test-suite>
      <test-suite type="TestFixture" id="1-1510" name="SpecZlibWithHeader78" fullname="Kaitai.SpecZlibWithHeader78" classname="Kaitai.SpecZlibWithHeader78" runstate="Runnable" testcasecount="1" result="Passed" start-time="2025-12-28T22:40:33.9136322Z" end-time="2025-12-28T22:40:33.9140059Z" duration="0.000675" total="1" passed="1" failed="0" warnings="0" inconclusive="0" skipped="0" asserts="1">
        <test-case id="1-1511" name="TestZlibWithHeader78" fullname="Kaitai.SpecZlibWithHeader78.TestZlibWithHeader78" methodname="TestZlibWithHeader78" classname="Kaitai.SpecZlibWithHeader78" runstate="Runnable" seed="735754427" result="Passed" start-time="2025-12-28T22:40:33.9136322Z" end-time="2025-12-28T22:40:33.9140059Z" duration="0.000574" asserts="1" />
      </test-suite>
    </test-suite>
  </test-suite>
</test-run>