<?xml version="1.0" encoding="utf-8" standalone="no"?>
<test-run id="2" testcasecount="149" result="Passed" total="149" passed="149" failed="0" inconclusive="0" skipped="0" asserts="702" engine-version="3.4.1.0" clr-version="4.0.30319.42000" start-time="2019-10-12 14:32:21Z" end-time="2019-10-12 14:32:23Z" duration="1.542440">
  <command-line><![CDATA[spec/csharp/packages/NUnit.ConsoleRunner.3.4.1/tools/nunit3-console.exe --result=test_out/csharp/TestResult.xml spec/csharp/kaitai_struct_csharp_tests/bin/Debug/kaitai_struct_csharp_tests.dll]]></command-line>
  <test-suite type="Assembly" id="0-1298" name="kaitai_struct_csharp_tests.dll" fullname="C:\projects\ci-targets\tests\spec\csharp\kaitai_struct_csharp_tests\bin\Debug\kaitai_struct_csharp_tests.dll" runstate="Runnable" testcasecount="149" result="Passed" start-time="2019-10-12 14:32:21Z" end-time="2019-10-12 14:32:23Z" duration="1.471509" total="149" passed="149" failed="0" inconclusive="0" skipped="0" asserts="702">
    <environment framework-version="3.4.1.0" clr-version="4.0.30319.42000" os-version="Microsoft Windows NT 10.0.14393.0" platform="Win32NT" cwd="C:\projects\ci-targets\tests" machine-name="APPVYR-WIN" user="appveyor" user-domain="APPVYR-WIN" culture="en-US" uiculture="en-US" os-architecture="x64" />
    <settings>
      <setting name="WorkDirectory" value="C:\projects\ci-targets\tests" />
      <setting name="ImageRuntimeVersion" value="4.0.30319" />
      <setting name="ImageTargetFrameworkName" value=".NETFramework,Version=v4.5" />
      <setting name="ImageRequiresX86" value="False" />
      <setting name="ImageRequiresDefaultAppDomainAssemblyResolver" value="False" />
      <setting name="NumberOfTestWorkers" value="2" />
    </settings>
    <properties>
      <property name="_PID" value="1908" />
      <property name="_APPDOMAIN" value="test-domain-" />
    </properties>
    <test-suite type="TestSuite" id="0-1299" name="Kaitai" fullname="Kaitai" runstate="Runnable" testcasecount="149" result="Passed" start-time="2019-10-12 14:32:21Z" end-time="2019-10-12 14:32:23Z" duration="1.449123" total="149" passed="149" failed="0" inconclusive="0" skipped="0" asserts="702">
      <test-suite type="TestFixture" id="0-1000" name="SpecBcdUserTypeBe" fullname="Kaitai.SpecBcdUserTypeBe" classname="Kaitai.SpecBcdUserTypeBe" runstate="Runnable" testcasecount="1" result="Passed" start-time="2019-10-12 14:32:21Z" end-time="2019-10-12 14:32:21Z" duration="0.034488" total="1" passed="1" failed="0" inconclusive="0" skipped="0" asserts="6">
        <test-case id="0-1001" name="TestBcdUserTypeBe" fullname="Kaitai.SpecBcdUserTypeBe.TestBcdUserTypeBe" methodname="TestBcdUserTypeBe" classname="Kaitai.SpecBcdUserTypeBe" runstate="Runnable" seed="353538849" result="Passed" start-time="2019-10-12 14:32:21Z" end-time="2019-10-12 14:32:21Z" duration="0.022087" asserts="6" />
      </test-suite>
      <test-suite type="TestFixture" id="0-1002" name="SpecBcdUserTypeLe" fullname="Kaitai.SpecBcdUserTypeLe" classname="Kaitai.SpecBcdUserTypeLe" runstate="Runnable" testcasecount="1" result="Passed" start-time="2019-10-12 14:32:21Z" end-time="2019-10-12 14:32:21Z" duration="0.010014" total="1" passed="1" failed="0" inconclusive="0" skipped="0" asserts="6">
        <test-case id="0-1003" name="TestBcdUserTypeLe" fullname="Kaitai.SpecBcdUserTypeLe.TestBcdUserTypeLe" methodname="TestBcdUserTypeLe" classname="Kaitai.SpecBcdUserTypeLe" runstate="Runnable" seed="1589138783" result="Passed" start-time="2019-10-12 14:32:21Z" end-time="2019-10-12 14:32:21Z" duration="0.006036" asserts="6" />
      </test-suite>
      <test-suite type="TestFixture" id="0-1004" name="SpecBitsByteAligned" fullname="Kaitai.SpecBitsByteAligned" classname="Kaitai.SpecBitsByteAligned" runstate="Runnable" testcasecount="1" result="Passed" start-time="2019-10-12 14:32:21Z" end-time="2019-10-12 14:32:21Z" duration="0.009009" total="1" passed="1" failed="0" inconclusive="0" skipped="0" asserts="9">
        <test-case id="0-1005" name="TestBitsByteAligned" fullname="Kaitai.SpecBitsByteAligned.TestBitsByteAligned" methodname="TestBitsByteAligned" classname="Kaitai.SpecBitsByteAligned" runstate="Runnable" seed="509239454" result="Passed" start-time="2019-10-12 14:32:21Z" end-time="2019-10-12 14:32:21Z" duration="0.005080" asserts="9" />
      </test-suite>
      <test-suite type="TestFixture" id="0-1006" name="SpecBitsEnum" fullname="Kaitai.SpecBitsEnum" classname="Kaitai.SpecBitsEnum" runstate="Runnable" testcasecount="1" result="Passed" start-time="2019-10-12 14:32:21Z" end-time="2019-10-12 14:32:21Z" duration="0.004020" total="1" passed="1" failed="0" inconclusive="0" skipped="0" asserts="3">
        <test-case id="0-1007" name="TestBitsEnum" fullname="Kaitai.SpecBitsEnum.TestBitsEnum" methodname="TestBitsEnum" classname="Kaitai.SpecBitsEnum" runstate="Runnable" seed="1535243253" result="Passed" start-time="2019-10-12 14:32:21Z" end-time="2019-10-12 14:32:21Z" duration="0.000815" asserts="3" />
      </test-suite>
      <test-suite type="TestFixture" id="0-1008" name="SpecBitsSimple" fullname="Kaitai.SpecBitsSimple" classname="Kaitai.SpecBitsSimple" runstate="Runnable" testcasecount="1" result="Passed" start-time="2019-10-12 14:32:21Z" end-time="2019-10-12 14:32:21Z" duration="0.006012" total="1" passed="1" failed="0" inconclusive="0" skipped="0" asserts="14">
        <test-case id="0-1009" name="TestBitsSimple" fullname="Kaitai.SpecBitsSimple.TestBitsSimple" methodname="TestBitsSimple" classname="Kaitai.SpecBitsSimple" runstate="Runnable" seed="1325217042" result="Passed" start-time="2019-10-12 14:32:21Z" end-time="2019-10-12 14:32:21Z" duration="0.002303" asserts="14" />
      </test-suite>
      <test-suite type="TestFixture" id="0-1010" name="SpecBufferedStruct" fullname="Kaitai.SpecBufferedStruct" classname="Kaitai.SpecBufferedStruct" runstate="Runnable" testcasecount="1" result="Passed" start-time="2019-10-12 14:32:21Z" end-time="2019-10-12 14:32:21Z" duration="0.006016" total="1" passed="1" failed="0" inconclusive="0" skipped="0" asserts="7">
        <test-case id="0-1011" name="TestBufferedStruct" fullname="Kaitai.SpecBufferedStruct.TestBufferedStruct" methodname="TestBufferedStruct" classname="Kaitai.SpecBufferedStruct" runstate="Runnable" seed="70337003" result="Passed" start-time="2019-10-12 14:32:21Z" end-time="2019-10-12 14:32:21Z" duration="0.002165" asserts="7" />
      </test-suite>
      <test-suite type="TestFixture" id="0-1012" name="SpecBytesPadTerm" fullname="Kaitai.SpecBytesPadTerm" classname="Kaitai.SpecBytesPadTerm" runstate="Runnable" testcasecount="1" result="Passed" start-time="2019-10-12 14:32:21Z" end-time="2019-10-12 14:32:21Z" duration="0.005027" total="1" passed="1" failed="0" inconclusive="0" skipped="0" asserts="4">
        <test-case id="0-1013" name="TestBytesPadTerm" fullname="Kaitai.SpecBytesPadTerm.TestBytesPadTerm" methodname="TestBytesPadTerm" classname="Kaitai.SpecBytesPadTerm" runstate="Runnable" seed="287647448" result="Passed" start-time="2019-10-12 14:32:21Z" end-time="2019-10-12 14:32:21Z" duration="0.001705" asserts="4" />
      </test-suite>
      <test-suite type="TestFixture" id="0-1014" name="SpecCastNested" fullname="Kaitai.SpecCastNested" classname="Kaitai.SpecCastNested" runstate="Runnable" testcasecount="1" result="Passed" start-time="2019-10-12 14:32:21Z" end-time="2019-10-12 14:32:21Z" duration="0.007022" total="1" passed="1" failed="0" inconclusive="0" skipped="0" asserts="4">
        <test-case id="0-1015" name="TestCastNested" fullname="Kaitai.SpecCastNested.TestCastNested" methodname="TestCastNested" classname="Kaitai.SpecCastNested" runstate="Runnable" seed="982632896" result="Passed" start-time="2019-10-12 14:32:21Z" end-time="2019-10-12 14:32:21Z" duration="0.003195" asserts="4" />
      </test-suite>
      <test-suite type="TestFixture" id="0-1016" name="SpecCastToImported" fullname="Kaitai.SpecCastToImported" classname="Kaitai.SpecCastToImported" runstate="Runnable" testcasecount="1" result="Passed" start-time="2019-10-12 14:32:21Z" end-time="2019-10-12 14:32:21Z" duration="0.005377" total="1" passed="1" failed="0" inconclusive="0" skipped="0" asserts="2">
        <test-case id="0-1017" name="TestCastToImported" fullname="Kaitai.SpecCastToImported.TestCastToImported" methodname="TestCastToImported" classname="Kaitai.SpecCastToImported" runstate="Runnable" seed="542023589" result="Passed" start-time="2019-10-12 14:32:21Z" end-time="2019-10-12 14:32:21Z" duration="0.001002" asserts="2" />
      </test-suite>
      <test-suite type="TestFixture" id="0-1018" name="SpecCastToTop" fullname="Kaitai.SpecCastToTop" classname="Kaitai.SpecCastToTop" runstate="Runnable" testcasecount="1" result="Passed" start-time="2019-10-12 14:32:21Z" end-time="2019-10-12 14:32:21Z" duration="0.005036" total="1" passed="1" failed="0" inconclusive="0" skipped="0" asserts="3">
        <test-case id="0-1019" name="TestCastToTop" fullname="Kaitai.SpecCastToTop.TestCastToTop" methodname="TestCastToTop" classname="Kaitai.SpecCastToTop" runstate="Runnable" seed="1641002023" result="Passed" start-time="2019-10-12 14:32:21Z" end-time="2019-10-12 14:32:21Z" duration="0.001169" asserts="3" />
      </test-suite>
      <test-suite type="TestFixture" id="0-1020" name="SpecDebug0" fullname="Kaitai.SpecDebug0" classname="Kaitai.SpecDebug0" runstate="Runnable" testcasecount="1" result="Passed" start-time="2019-10-12 14:32:21Z" end-time="2019-10-12 14:32:21Z" duration="0.004040" total="1" passed="1" failed="0" inconclusive="0" skipped="0" asserts="0">
        <test-case id="0-1021" name="TestDebug0" fullname="Kaitai.SpecDebug0.TestDebug0" methodname="TestDebug0" classname="Kaitai.SpecDebug0" runstate="Runnable" seed="1395621489" result="Passed" start-time="2019-10-12 14:32:21Z" end-time="2019-10-12 14:32:21Z" duration="0.000082" asserts="0" />
      </test-suite>
      <test-suite type="TestFixture" id="0-1022" name="SpecDebugArrayUser" fullname="Kaitai.SpecDebugArrayUser" classname="Kaitai.SpecDebugArrayUser" runstate="Runnable" testcasecount="1" result="Passed" start-time="2019-10-12 14:32:21Z" end-time="2019-10-12 14:32:21Z" duration="0.005002" total="1" passed="1" failed="0" inconclusive="0" skipped="0" asserts="4">
        <test-case id="0-1023" name="TestDebugArrayUser" fullname="Kaitai.SpecDebugArrayUser.TestDebugArrayUser" methodname="TestDebugArrayUser" classname="Kaitai.SpecDebugArrayUser" runstate="Runnable" seed="208387553" result="Passed" start-time="2019-10-12 14:32:21Z" end-time="2019-10-12 14:32:21Z" duration="0.001240" asserts="4" />
      </test-suite>
      <test-suite type="TestFixture" id="0-1024" name="SpecDebugEnumName" fullname="Kaitai.SpecDebugEnumName" classname="Kaitai.SpecDebugEnumName" runstate="Runnable" testcasecount="1" result="Passed" start-time="2019-10-12 14:32:21Z" end-time="2019-10-12 14:32:21Z" duration="0.004002" total="1" passed="1" failed="0" inconclusive="0" skipped="0" asserts="0">
        <test-case id="0-1025" name="TestDebugEnumName" fullname="Kaitai.SpecDebugEnumName.TestDebugEnumName" methodname="TestDebugEnumName" classname="Kaitai.SpecDebugEnumName" runstate="Runnable" seed="1407389282" result="Passed" start-time="2019-10-12 14:32:21Z" end-time="2019-10-12 14:32:21Z" duration="0.000081" asserts="0" />
      </test-suite>
      <test-suite type="TestFixture" id="0-1026" name="SpecDefaultBigEndian" fullname="Kaitai.SpecDefaultBigEndian" classname="Kaitai.SpecDefaultBigEndian" runstate="Runnable" testcasecount="1" result="Passed" start-time="2019-10-12 14:32:21Z" end-time="2019-10-12 14:32:21Z" duration="0.009750" total="1" passed="1" failed="0" inconclusive="0" skipped="0" asserts="1">
        <test-case id="0-1027" name="TestDefaultBigEndian" fullname="Kaitai.SpecDefaultBigEndian.TestDefaultBigEndian" methodname="TestDefaultBigEndian" classname="Kaitai.SpecDefaultBigEndian" runstate="Runnable" seed="1000808219" result="Passed" start-time="2019-10-12 14:32:21Z" end-time="2019-10-12 14:32:21Z" duration="0.000672" asserts="1" />
      </test-suite>
      <test-suite type="TestFixture" id="0-1028" name="SpecDefaultEndianExprException" fullname="Kaitai.SpecDefaultEndianExprException" classname="Kaitai.SpecDefaultEndianExprException" runstate="Runnable" testcasecount="1" result="Passed" start-time="2019-10-12 14:32:21Z" end-time="2019-10-12 14:32:21Z" duration="0.012993" total="1" passed="1" failed="0" inconclusive="0" skipped="0" asserts="1">
        <test-case id="0-1029" name="TestDefaultEndianExprException" fullname="Kaitai.SpecDefaultEndianExprException.TestDefaultEndianExprException" methodname="TestDefaultEndianExprException" classname="Kaitai.SpecDefaultEndianExprException" runstate="Runnable" seed="486289559" result="Passed" start-time="2019-10-12 14:32:21Z" end-time="2019-10-12 14:32:21Z" duration="0.009392" asserts="1" />
      </test-suite>
      <test-suite type="TestFixture" id="0-1030" name="SpecDefaultEndianExprInherited" fullname="Kaitai.SpecDefaultEndianExprInherited" classname="Kaitai.SpecDefaultEndianExprInherited" runstate="Runnable" testcasecount="1" result="Passed" start-time="2019-10-12 14:32:21Z" end-time="2019-10-12 14:32:21Z" duration="0.008009" total="1" passed="1" failed="0" inconclusive="0" skipped="0" asserts="15">
        <test-case id="0-1031" name="TestDefaultEndianExprInherited" fullname="Kaitai.SpecDefaultEndianExprInherited.TestDefaultEndianExprInherited" methodname="TestDefaultEndianExprInherited" classname="Kaitai.SpecDefaultEndianExprInherited" runstate="Runnable" seed="1102284444" result="Passed" start-time="2019-10-12 14:32:21Z" end-time="2019-10-12 14:32:21Z" duration="0.004402" asserts="15" />
      </test-suite>
      <test-suite type="TestFixture" id="0-1032" name="SpecDefaultEndianExprIsBe" fullname="Kaitai.SpecDefaultEndianExprIsBe" classname="Kaitai.SpecDefaultEndianExprIsBe" runstate="Runnable" testcasecount="1" result="Passed" start-time="2019-10-12 14:32:21Z" end-time="2019-10-12 14:32:21Z" duration="0.008057" total="1" passed="1" failed="0" inconclusive="0" skipped="0" asserts="18">
        <test-case id="0-1033" name="TestDefaultEndianExprIsBe" fullname="Kaitai.SpecDefaultEndianExprIsBe.TestDefaultEndianExprIsBe" methodname="TestDefaultEndianExprIsBe" classname="Kaitai.SpecDefaultEndianExprIsBe" runstate="Runnable" seed="1328292095" result="Passed" start-time="2019-10-12 14:32:21Z" end-time="2019-10-12 14:32:21Z" duration="0.004236" asserts="18" />
      </test-suite>
      <test-suite type="TestFixture" id="0-1034" name="SpecDefaultEndianExprIsLe" fullname="Kaitai.SpecDefaultEndianExprIsLe" classname="Kaitai.SpecDefaultEndianExprIsLe" runstate="Runnable" testcasecount="1" result="Passed" start-time="2019-10-12 14:32:21Z" end-time="2019-10-12 14:32:21Z" duration="0.006004" total="1" passed="1" failed="0" inconclusive="0" skipped="0" asserts="12">
        <test-case id="0-1035" name="TestDefaultEndianExprIsLe" fullname="Kaitai.SpecDefaultEndianExprIsLe.TestDefaultEndianExprIsLe" methodname="TestDefaultEndianExprIsLe" classname="Kaitai.SpecDefaultEndianExprIsLe" runstate="Runnable" seed="317258667" result="Passed" start-time="2019-10-12 14:32:21Z" end-time="2019-10-12 14:32:21Z" duration="0.002752" asserts="12" />
      </test-suite>
      <test-suite type="TestFixture" id="0-1036" name="SpecDefaultEndianMod" fullname="Kaitai.SpecDefaultEndianMod" classname="Kaitai.SpecDefaultEndianMod" runstate="Runnable" testcasecount="1" result="Passed" start-time="2019-10-12 14:32:21Z" end-time="2019-10-12 14:32:21Z" duration="0.005046" total="1" passed="1" failed="0" inconclusive="0" skipped="0" asserts="3">
        <test-case id="0-1037" name="TestDefaultEndianMod" fullname="Kaitai.SpecDefaultEndianMod.TestDefaultEndianMod" methodname="TestDefaultEndianMod" classname="Kaitai.SpecDefaultEndianMod" runstate="Runnable" seed="1359147175" result="Passed" start-time="2019-10-12 14:32:21Z" end-time="2019-10-12 14:32:21Z" duration="0.001660" asserts="3" />
      </test-suite>
      <test-suite type="TestFixture" id="0-1038" name="SpecDocstrings" fullname="Kaitai.SpecDocstrings" classname="Kaitai.SpecDocstrings" runstate="Runnable" testcasecount="1" result="Passed" start-time="2019-10-12 14:32:21Z" end-time="2019-10-12 14:32:21Z" duration="0.004007" total="1" passed="1" failed="0" inconclusive="0" skipped="0" asserts="0">
        <test-case id="0-1039" name="TestDocstrings" fullname="Kaitai.SpecDocstrings.TestDocstrings" methodname="TestDocstrings" classname="Kaitai.SpecDocstrings" runstate="Runnable" seed="203957747" result="Passed" start-time="2019-10-12 14:32:21Z" end-time="2019-10-12 14:32:21Z" duration="0.000451" asserts="0" />
      </test-suite>
      <test-suite type="TestFixture" id="0-1040" name="SpecDocstringsDocref" fullname="Kaitai.SpecDocstringsDocref" classname="Kaitai.SpecDocstringsDocref" runstate="Runnable" testcasecount="1" result="Passed" start-time="2019-10-12 14:32:21Z" end-time="2019-10-12 14:32:21Z" duration="0.004011" total="1" passed="1" failed="0" inconclusive="0" skipped="0" asserts="0">
        <test-case id="0-1041" name="TestDocstringsDocref" fullname="Kaitai.SpecDocstringsDocref.TestDocstringsDocref" methodname="TestDocstringsDocref" classname="Kaitai.SpecDocstringsDocref" runstate="Runnable" seed="1227565120" result="Passed" start-time="2019-10-12 14:32:21Z" end-time="2019-10-12 14:32:21Z" duration="0.000439" asserts="0" />
      </test-suite>
      <test-suite type="TestFixture" id="0-1042" name="SpecDocstringsDocrefMulti" fullname="Kaitai.SpecDocstringsDocrefMulti" classname="Kaitai.SpecDocstringsDocrefMulti" runstate="Runnable" testcasecount="1" result="Passed" start-time="2019-10-12 14:32:21Z" end-time="2019-10-12 14:32:21Z" duration="0.007048" total="1" passed="1" failed="0" inconclusive="0" skipped="0" asserts="0">
        <test-case id="0-1043" name="TestDocstringsDocrefMulti" fullname="Kaitai.SpecDocstringsDocrefMulti.TestDocstringsDocrefMulti" methodname="TestDocstringsDocrefMulti" classname="Kaitai.SpecDocstringsDocrefMulti" runstate="Runnable" seed="318916805" result="Passed" start-time="2019-10-12 14:32:21Z" end-time="2019-10-12 14:32:21Z" duration="0.000546" asserts="0" />
      </test-suite>
      <test-suite type="TestFixture" id="0-1044" name="SpecEnum0" fullname="Kaitai.SpecEnum0" classname="Kaitai.SpecEnum0" runstate="Runnable" testcasecount="1" result="Passed" start-time="2019-10-12 14:32:21Z" end-time="2019-10-12 14:32:21Z" duration="0.004034" total="1" passed="1" failed="0" inconclusive="0" skipped="0" asserts="2">
        <test-case id="0-1045" name="TestEnum0" fullname="Kaitai.SpecEnum0.TestEnum0" methodname="TestEnum0" classname="Kaitai.SpecEnum0" runstate="Runnable" seed="911267202" result="Passed" start-time="2019-10-12 14:32:21Z" end-time="2019-10-12 14:32:21Z" duration="0.000628" asserts="2" />
      </test-suite>
      <test-suite type="TestFixture" id="0-1046" name="SpecEnum1" fullname="Kaitai.SpecEnum1" classname="Kaitai.SpecEnum1" runstate="Runnable" testcasecount="1" result="Passed" start-time="2019-10-12 14:32:21Z" end-time="2019-10-12 14:32:21Z" duration="0.005006" total="1" passed="1" failed="0" inconclusive="0" skipped="0" asserts="2">
        <test-case id="0-1047" name="TestEnum1" fullname="Kaitai.SpecEnum1.TestEnum1" methodname="TestEnum1" classname="Kaitai.SpecEnum1" runstate="Runnable" seed="256942562" result="Passed" start-time="2019-10-12 14:32:21Z" end-time="2019-10-12 14:32:21Z" duration="0.001050" asserts="2" />
      </test-suite>
      <test-suite type="TestFixture" id="0-1048" name="SpecEnumDeep" fullname="Kaitai.SpecEnumDeep" classname="Kaitai.SpecEnumDeep" runstate="Runnable" testcasecount="1" result="Passed" start-time="2019-10-12 14:32:21Z" end-time="2019-10-12 14:32:21Z" duration="0.003759" total="1" passed="1" failed="0" inconclusive="0" skipped="0" asserts="2">
        <test-case id="0-1049" name="TestEnumDeep" fullname="Kaitai.SpecEnumDeep.TestEnumDeep" methodname="TestEnumDeep" classname="Kaitai.SpecEnumDeep" runstate="Runnable" seed="1771444876" result="Passed" start-time="2019-10-12 14:32:21Z" end-time="2019-10-12 14:32:21Z" duration="0.000635" asserts="2" />
      </test-suite>
      <test-suite type="TestFixture" id="0-1050" name="SpecEnumDeepLiterals" fullname="Kaitai.SpecEnumDeepLiterals" classname="Kaitai.SpecEnumDeepLiterals" runstate="Runnable" testcasecount="1" result="Passed" start-time="2019-10-12 14:32:21Z" end-time="2019-10-12 14:32:21Z" duration="0.003981" total="1" passed="1" failed="0" inconclusive="0" skipped="0" asserts="2">
        <test-case id="0-1051" name="TestEnumDeepLiterals" fullname="Kaitai.SpecEnumDeepLiterals.TestEnumDeepLiterals" methodname="TestEnumDeepLiterals" classname="Kaitai.SpecEnumDeepLiterals" runstate="Runnable" seed="1414544558" result="Passed" start-time="2019-10-12 14:32:21Z" end-time="2019-10-12 14:32:21Z" duration="0.000854" asserts="2" />
      </test-suite>
      <test-suite type="TestFixture" id="0-1052" name="SpecEnumFancy" fullname="Kaitai.SpecEnumFancy" classname="Kaitai.SpecEnumFancy" runstate="Runnable" testcasecount="1" result="Passed" start-time="2019-10-12 14:32:21Z" end-time="2019-10-12 14:32:21Z" duration="0.004007" total="1" passed="1" failed="0" inconclusive="0" skipped="0" asserts="2">
        <test-case id="0-1053" name="TestEnumFancy" fullname="Kaitai.SpecEnumFancy.TestEnumFancy" methodname="TestEnumFancy" classname="Kaitai.SpecEnumFancy" runstate="Runnable" seed="1961114698" result="Passed" start-time="2019-10-12 14:32:21Z" end-time="2019-10-12 14:32:21Z" duration="0.000661" asserts="2" />
      </test-suite>
      <test-suite type="TestFixture" id="0-1054" name="SpecEnumForUnknownId" fullname="Kaitai.SpecEnumForUnknownId" classname="Kaitai.SpecEnumForUnknownId" runstate="Runnable" testcasecount="1" result="Passed" start-time="2019-10-12 14:32:21Z" end-time="2019-10-12 14:32:21Z" duration="0.004020" total="1" passed="1" failed="0" inconclusive="0" skipped="0" asserts="1">
        <test-case id="0-1055" name="TestEnumForUnknownId" fullname="Kaitai.SpecEnumForUnknownId.TestEnumForUnknownId" methodname="TestEnumForUnknownId" classname="Kaitai.SpecEnumForUnknownId" runstate="Runnable" seed="1406785503" result="Passed" start-time="2019-10-12 14:32:21Z" end-time="2019-10-12 14:32:21Z" duration="0.000547" asserts="1" />
      </test-suite>
      <test-suite type="TestFixture" id="0-1056" name="SpecEnumIf" fullname="Kaitai.SpecEnumIf" classname="Kaitai.SpecEnumIf" runstate="Runnable" testcasecount="1" result="Passed" start-time="2019-10-12 14:32:21Z" end-time="2019-10-12 14:32:21Z" duration="0.006010" total="1" passed="1" failed="0" inconclusive="0" skipped="0" asserts="7">
        <test-case id="0-1057" name="TestEnumIf" fullname="Kaitai.SpecEnumIf.TestEnumIf" methodname="TestEnumIf" classname="Kaitai.SpecEnumIf" runstate="Runnable" seed="575614323" result="Passed" start-time="2019-10-12 14:32:21Z" end-time="2019-10-12 14:32:21Z" duration="0.002387" asserts="7" />
      </test-suite>
      <test-suite type="TestFixture" id="0-1058" name="SpecEnumNegative" fullname="Kaitai.SpecEnumNegative" classname="Kaitai.SpecEnumNegative" runstate="Runnable" testcasecount="1" result="Passed" start-time="2019-10-12 14:32:21Z" end-time="2019-10-12 14:32:21Z" duration="0.004007" total="1" passed="1" failed="0" inconclusive="0" skipped="0" asserts="2">
        <test-case id="0-1059" name="TestEnumNegative" fullname="Kaitai.SpecEnumNegative.TestEnumNegative" methodname="TestEnumNegative" classname="Kaitai.SpecEnumNegative" runstate="Runnable" seed="1017156902" result="Passed" start-time="2019-10-12 14:32:21Z" end-time="2019-10-12 14:32:21Z" duration="0.000780" asserts="2" />
      </test-suite>
      <test-suite type="TestFixture" id="0-1060" name="SpecEnumOfValueInst" fullname="Kaitai.SpecEnumOfValueInst" classname="Kaitai.SpecEnumOfValueInst" runstate="Runnable" testcasecount="1" result="Passed" start-time="2019-10-12 14:32:21Z" end-time="2019-10-12 14:32:21Z" duration="0.005006" total="1" passed="1" failed="0" inconclusive="0" skipped="0" asserts="4">
        <test-case id="0-1061" name="TestEnumOfValueInst" fullname="Kaitai.SpecEnumOfValueInst.TestEnumOfValueInst" methodname="TestEnumOfValueInst" classname="Kaitai.SpecEnumOfValueInst" runstate="Runnable" seed="214928003" result="Passed" start-time="2019-10-12 14:32:21Z" end-time="2019-10-12 14:32:21Z" duration="0.001066" asserts="4" />
      </test-suite>
      <test-suite type="TestFixture" id="0-1062" name="SpecEnumToI" fullname="Kaitai.SpecEnumToI" classname="Kaitai.SpecEnumToI" runstate="Runnable" testcasecount="1" result="Passed" start-time="2019-10-12 14:32:21Z" end-time="2019-10-12 14:32:21Z" duration="0.003950" total="1" passed="1" failed="0" inconclusive="0" skipped="0" asserts="4">
        <test-case id="0-1063" name="TestEnumToI" fullname="Kaitai.SpecEnumToI.TestEnumToI" methodname="TestEnumToI" classname="Kaitai.SpecEnumToI" runstate="Runnable" seed="275391350" result="Passed" start-time="2019-10-12 14:32:21Z" end-time="2019-10-12 14:32:21Z" duration="0.000910" asserts="4" />
      </test-suite>
      <test-suite type="TestFixture" id="0-1064" name="SpecEofExceptionBytes" fullname="Kaitai.SpecEofExceptionBytes" classname="Kaitai.SpecEofExceptionBytes" runstate="Runnable" testcasecount="1" result="Passed" start-time="2019-10-12 14:32:21Z" end-time="2019-10-12 14:32:21Z" duration="0.004037" total="1" passed="1" failed="0" inconclusive="0" skipped="0" asserts="1">
        <test-case id="0-1065" name="TestEofExceptionBytes" fullname="Kaitai.SpecEofExceptionBytes.TestEofExceptionBytes" methodname="TestEofExceptionBytes" classname="Kaitai.SpecEofExceptionBytes" runstate="Runnable" seed="291332474" result="Passed" start-time="2019-10-12 14:32:21Z" end-time="2019-10-12 14:32:21Z" duration="0.000735" asserts="1" />
      </test-suite>
      <test-suite type="TestFixture" id="0-1066" name="SpecEofExceptionU4" fullname="Kaitai.SpecEofExceptionU4" classname="Kaitai.SpecEofExceptionU4" runstate="Runnable" testcasecount="1" result="Passed" start-time="2019-10-12 14:32:21Z" end-time="2019-10-12 14:32:21Z" duration="0.004016" total="1" passed="1" failed="0" inconclusive="0" skipped="0" asserts="1">
        <test-case id="0-1067" name="TestEofExceptionU4" fullname="Kaitai.SpecEofExceptionU4.TestEofExceptionU4" methodname="TestEofExceptionU4" classname="Kaitai.SpecEofExceptionU4" runstate="Runnable" seed="1935014157" result="Passed" start-time="2019-10-12 14:32:21Z" end-time="2019-10-12 14:32:21Z" duration="0.000600" asserts="1" />
      </test-suite>
      <test-suite type="TestFixture" id="0-1068" name="SpecExpr0" fullname="Kaitai.SpecExpr0" classname="Kaitai.SpecExpr0" runstate="Runnable" testcasecount="1" result="Passed" start-time="2019-10-12 14:32:21Z" end-time="2019-10-12 14:32:21Z" duration="0.003985" total="1" passed="1" failed="0" inconclusive="0" skipped="0" asserts="2">
        <test-case id="0-1069" name="TestExpr0" fullname="Kaitai.SpecExpr0.TestExpr0" methodname="TestExpr0" classname="Kaitai.SpecExpr0" runstate="Runnable" seed="1347011996" result="Passed" start-time="2019-10-12 14:32:21Z" end-time="2019-10-12 14:32:21Z" duration="0.000655" asserts="2" />
      </test-suite>
      <test-suite type="TestFixture" id="0-1070" name="SpecExpr1" fullname="Kaitai.SpecExpr1" classname="Kaitai.SpecExpr1" runstate="Runnable" testcasecount="1" result="Passed" start-time="2019-10-12 14:32:22Z" end-time="2019-10-12 14:32:22Z" duration="0.005025" total="1" passed="1" failed="0" inconclusive="0" skipped="0" asserts="4">
        <test-case id="0-1071" name="TestExpr1" fullname="Kaitai.SpecExpr1.TestExpr1" methodname="TestExpr1" classname="Kaitai.SpecExpr1" runstate="Runnable" seed="1722302023" result="Passed" start-time="2019-10-12 14:32:22Z" end-time="2019-10-12 14:32:22Z" duration="0.000973" asserts="4" />
      </test-suite>
      <test-suite type="TestFixture" id="0-1072" name="SpecExpr2" fullname="Kaitai.SpecExpr2" classname="Kaitai.SpecExpr2" runstate="Runnable" testcasecount="1" result="Passed" start-time="2019-10-12 14:32:22Z" end-time="2019-10-12 14:32:22Z" duration="0.007067" total="1" passed="1" failed="0" inconclusive="0" skipped="0" asserts="17">
        <test-case id="0-1073" name="TestExpr2" fullname="Kaitai.SpecExpr2.TestExpr2" methodname="TestExpr2" classname="Kaitai.SpecExpr2" runstate="Runnable" seed="980791465" result="Passed" start-time="2019-10-12 14:32:22Z" end-time="2019-10-12 14:32:22Z" duration="0.003182" asserts="17" />
      </test-suite>
      <test-suite type="TestFixture" id="0-1074" name="SpecExpr3" fullname="Kaitai.SpecExpr3" classname="Kaitai.SpecExpr3" runstate="Runnable" testcasecount="1" result="Passed" start-time="2019-10-12 14:32:22Z" end-time="2019-10-12 14:32:22Z" duration="0.006004" total="1" passed="1" failed="0" inconclusive="0" skipped="0" asserts="12">
        <test-case id="0-1075" name="TestExpr3" fullname="Kaitai.SpecExpr3.TestExpr3" methodname="TestExpr3" classname="Kaitai.SpecExpr3" runstate="Runnable" seed="1710326249" result="Passed" start-time="2019-10-12 14:32:22Z" end-time="2019-10-12 14:32:22Z" duration="0.002322" asserts="12" />
      </test-suite>
      <test-suite type="TestFixture" id="0-1076" name="SpecExprArray" fullname="Kaitai.SpecExprArray" classname="Kaitai.SpecExprArray" runstate="Runnable" testcasecount="1" result="Passed" start-time="2019-10-12 14:32:22Z" end-time="2019-10-12 14:32:22Z" duration="0.013993" total="1" passed="1" failed="0" inconclusive="0" skipped="0" asserts="15">
        <test-case id="0-1077" name="TestExprArray" fullname="Kaitai.SpecExprArray.TestExprArray" methodname="TestExprArray" classname="Kaitai.SpecExprArray" runstate="Runnable" seed="510601873" result="Passed" start-time="2019-10-12 14:32:22Z" end-time="2019-10-12 14:32:22Z" duration="0.010006" asserts="15" />
      </test-suite>
      <test-suite type="TestFixture" id="0-1078" name="SpecExprBytesCmp" fullname="Kaitai.SpecExprBytesCmp" classname="Kaitai.SpecExprBytesCmp" runstate="Runnable" testcasecount="1" result="Passed" start-time="2019-10-12 14:32:22Z" end-time="2019-10-12 14:32:22Z" duration="0.006022" total="1" passed="1" failed="0" inconclusive="0" skipped="0" asserts="10">
        <test-case id="0-1079" name="TestExprBytesCmp" fullname="Kaitai.SpecExprBytesCmp.TestExprBytesCmp" methodname="TestExprBytesCmp" classname="Kaitai.SpecExprBytesCmp" runstate="Runnable" seed="439661356" result="Passed" start-time="2019-10-12 14:32:22Z" end-time="2019-10-12 14:32:22Z" duration="0.002534" asserts="10" />
      </test-suite>
      <test-suite type="TestFixture" id="0-1080" name="SpecExprEnum" fullname="Kaitai.SpecExprEnum" classname="Kaitai.SpecExprEnum" runstate="Runnable" testcasecount="1" result="Passed" start-time="2019-10-12 14:32:22Z" end-time="2019-10-12 14:32:22Z" duration="0.005027" total="1" passed="1" failed="0" inconclusive="0" skipped="0" asserts="3">
        <test-case id="0-1081" name="TestExprEnum" fullname="Kaitai.SpecExprEnum.TestExprEnum" methodname="TestExprEnum" classname="Kaitai.SpecExprEnum" runstate="Runnable" seed="1707399387" result="Passed" start-time="2019-10-12 14:32:22Z" end-time="2019-10-12 14:32:22Z" duration="0.000941" asserts="3" />
      </test-suite>
      <test-suite type="TestFixture" id="0-1082" name="SpecExprIoEof" fullname="Kaitai.SpecExprIoEof" classname="Kaitai.SpecExprIoEof" runstate="Runnable" testcasecount="1" result="Passed" start-time="2019-10-12 14:32:22Z" end-time="2019-10-12 14:32:22Z" duration="0.005027" total="1" passed="1" failed="0" inconclusive="0" skipped="0" asserts="4">
        <test-case id="0-1083" name="TestExprIoEof" fullname="Kaitai.SpecExprIoEof.TestExprIoEof" methodname="TestExprIoEof" classname="Kaitai.SpecExprIoEof" runstate="Runnable" seed="1570499578" result="Passed" start-time="2019-10-12 14:32:22Z" end-time="2019-10-12 14:32:22Z" duration="0.001391" asserts="4" />
      </test-suite>
      <test-suite type="TestFixture" id="0-1084" name="SpecExprIoPos" fullname="Kaitai.SpecExprIoPos" classname="Kaitai.SpecExprIoPos" runstate="Runnable" testcasecount="1" result="Passed" start-time="2019-10-12 14:32:22Z" end-time="2019-10-12 14:32:22Z" duration="0.005033" total="1" passed="1" failed="0" inconclusive="0" skipped="0" asserts="6">
        <test-case id="0-1085" name="TestExprIoPos" fullname="Kaitai.SpecExprIoPos.TestExprIoPos" methodname="TestExprIoPos" classname="Kaitai.SpecExprIoPos" runstate="Runnable" seed="2110110678" result="Passed" start-time="2019-10-12 14:32:22Z" end-time="2019-10-12 14:32:22Z" duration="0.001561" asserts="6" />
      </test-suite>
      <test-suite type="TestFixture" id="0-1086" name="SpecExprMod" fullname="Kaitai.SpecExprMod" classname="Kaitai.SpecExprMod" runstate="Runnable" testcasecount="1" result="Passed" start-time="2019-10-12 14:32:22Z" end-time="2019-10-12 14:32:22Z" duration="0.005011" total="1" passed="1" failed="0" inconclusive="0" skipped="0" asserts="6">
        <test-case id="0-1087" name="TestExprMod" fullname="Kaitai.SpecExprMod.TestExprMod" methodname="TestExprMod" classname="Kaitai.SpecExprMod" runstate="Runnable" seed="495043820" result="Passed" start-time="2019-10-12 14:32:22Z" end-time="2019-10-12 14:32:22Z" duration="0.001616" asserts="6" />
      </test-suite>
      <test-suite type="TestFixture" id="0-1088" name="SpecExprSizeofType0" fullname="Kaitai.SpecExprSizeofType0" classname="Kaitai.SpecExprSizeofType0" runstate="Runnable" testcasecount="1" result="Passed" start-time="2019-10-12 14:32:22Z" end-time="2019-10-12 14:32:22Z" duration="0.004032" total="1" passed="1" failed="0" inconclusive="0" skipped="0" asserts="1">
        <test-case id="0-1089" name="TestExprSizeofType0" fullname="Kaitai.SpecExprSizeofType0.TestExprSizeofType0" methodname="TestExprSizeofType0" classname="Kaitai.SpecExprSizeofType0" runstate="Runnable" seed="1982953251" result="Passed" start-time="2019-10-12 14:32:22Z" end-time="2019-10-12 14:32:22Z" duration="0.000546" asserts="1" />
      </test-suite>
      <test-suite type="TestFixture" id="0-1090" name="SpecExprSizeofType1" fullname="Kaitai.SpecExprSizeofType1" classname="Kaitai.SpecExprSizeofType1" runstate="Runnable" testcasecount="1" result="Passed" start-time="2019-10-12 14:32:22Z" end-time="2019-10-12 14:32:22Z" duration="0.003972" total="1" passed="1" failed="0" inconclusive="0" skipped="0" asserts="2">
        <test-case id="0-1091" name="TestExprSizeofType1" fullname="Kaitai.SpecExprSizeofType1.TestExprSizeofType1" methodname="TestExprSizeofType1" classname="Kaitai.SpecExprSizeofType1" runstate="Runnable" seed="434184833" result="Passed" start-time="2019-10-12 14:32:22Z" end-time="2019-10-12 14:32:22Z" duration="0.000676" asserts="2" />
      </test-suite>
      <test-suite type="TestFixture" id="0-1092" name="SpecExprSizeofValue0" fullname="Kaitai.SpecExprSizeofValue0" classname="Kaitai.SpecExprSizeofValue0" runstate="Runnable" testcasecount="1" result="Passed" start-time="2019-10-12 14:32:22Z" end-time="2019-10-12 14:32:22Z" duration="0.005014" total="1" passed="1" failed="0" inconclusive="0" skipped="0" asserts="5">
        <test-case id="0-1093" name="TestExprSizeofValue0" fullname="Kaitai.SpecExprSizeofValue0.TestExprSizeofValue0" methodname="TestExprSizeofValue0" classname="Kaitai.SpecExprSizeofValue0" runstate="Runnable" seed="113168324" result="Passed" start-time="2019-10-12 14:32:22Z" end-time="2019-10-12 14:32:22Z" duration="0.001254" asserts="5" />
      </test-suite>
      <test-suite type="TestFixture" id="0-1094" name="SpecExprSizeofValueSized" fullname="Kaitai.SpecExprSizeofValueSized" classname="Kaitai.SpecExprSizeofValueSized" runstate="Runnable" testcasecount="1" result="Passed" start-time="2019-10-12 14:32:22Z" end-time="2019-10-12 14:32:22Z" duration="0.004985" total="1" passed="1" failed="0" inconclusive="0" skipped="0" asserts="5">
        <test-case id="0-1095" name="TestExprSizeofValueSized" fullname="Kaitai.SpecExprSizeofValueSized.TestExprSizeofValueSized" methodname="TestExprSizeofValueSized" classname="Kaitai.SpecExprSizeofValueSized" runstate="Runnable" seed="1530821529" result="Passed" start-time="2019-10-12 14:32:22Z" end-time="2019-10-12 14:32:22Z" duration="0.001279" asserts="5" />
      </test-suite>
      <test-suite type="TestFixture" id="0-1096" name="SpecFixedContents" fullname="Kaitai.SpecFixedContents" classname="Kaitai.SpecFixedContents" runstate="Runnable" testcasecount="1" result="Passed" start-time="2019-10-12 14:32:22Z" end-time="2019-10-12 14:32:22Z" duration="0.005008" total="1" passed="1" failed="0" inconclusive="0" skipped="0" asserts="0">
        <test-case id="0-1097" name="TestFixedContents" fullname="Kaitai.SpecFixedContents.TestFixedContents" methodname="TestFixedContents" classname="Kaitai.SpecFixedContents" runstate="Runnable" seed="353922043" result="Passed" start-time="2019-10-12 14:32:22Z" end-time="2019-10-12 14:32:22Z" duration="0.001222" asserts="0" />
      </test-suite>
      <test-suite type="TestFixture" id="0-1098" name="SpecFixedStruct" fullname="Kaitai.SpecFixedStruct" classname="Kaitai.SpecFixedStruct" runstate="Runnable" testcasecount="1" result="Passed" start-time="2019-10-12 14:32:22Z" end-time="2019-10-12 14:32:22Z" duration="0.007984" total="1" passed="1" failed="0" inconclusive="0" skipped="0" asserts="20">
        <test-case id="0-1099" name="TestFixedStruct" fullname="Kaitai.SpecFixedStruct.TestFixedStruct" methodname="TestFixedStruct" classname="Kaitai.SpecFixedStruct" runstate="Runnable" seed="1004030802" result="Passed" start-time="2019-10-12 14:32:22Z" end-time="2019-10-12 14:32:22Z" duration="0.004469" asserts="20" />
      </test-suite>
      <test-suite type="TestFixture" id="0-1102" name="SpecFloatingPoints" fullname="Kaitai.SpecFloatingPoints" classname="Kaitai.SpecFloatingPoints" runstate="Runnable" testcasecount="1" result="Passed" start-time="2019-10-12 14:32:22Z" end-time="2019-10-12 14:32:22Z" duration="0.006979" total="1" passed="1" failed="0" inconclusive="0" skipped="0" asserts="8">
        <test-case id="0-1103" name="TestFloatingPoints" fullname="Kaitai.SpecFloatingPoints.TestFloatingPoints" methodname="TestFloatingPoints" classname="Kaitai.SpecFloatingPoints" runstate="Runnable" seed="873068669" result="Passed" start-time="2019-10-12 14:32:22Z" end-time="2019-10-12 14:32:22Z" duration="0.003477" asserts="8" />
      </test-suite>
      <test-suite type="TestFixture" id="0-1100" name="SpecFloatToI" fullname="Kaitai.SpecFloatToI" classname="Kaitai.SpecFloatToI" runstate="Runnable" testcasecount="1" result="Passed" start-time="2019-10-12 14:32:22Z" end-time="2019-10-12 14:32:22Z" duration="0.004984" total="1" passed="1" failed="0" inconclusive="0" skipped="0" asserts="8">
        <test-case id="0-1101" name="TestFloatToI" fullname="Kaitai.SpecFloatToI.TestFloatToI" methodname="TestFloatToI" classname="Kaitai.SpecFloatToI" runstate="Runnable" seed="350334514" result="Passed" start-time="2019-10-12 14:32:22Z" end-time="2019-10-12 14:32:22Z" duration="0.001696" asserts="8" />
      </test-suite>
      <test-suite type="TestFixture" id="0-1104" name="SpecHelloWorld" fullname="Kaitai.SpecHelloWorld" classname="Kaitai.SpecHelloWorld" runstate="Runnable" testcasecount="1" result="Passed" start-time="2019-10-12 14:32:22Z" end-time="2019-10-12 14:32:22Z" duration="0.004016" total="1" passed="1" failed="0" inconclusive="0" skipped="0" asserts="1">
        <test-case id="0-1105" name="TestHelloWorld" fullname="Kaitai.SpecHelloWorld.TestHelloWorld" methodname="TestHelloWorld" classname="Kaitai.SpecHelloWorld" runstate="Runnable" seed="442286890" result="Passed" start-time="2019-10-12 14:32:22Z" end-time="2019-10-12 14:32:22Z" duration="0.000295" asserts="1" />
      </test-suite>
      <test-suite type="TestFixture" id="0-1106" name="SpecIfInstances" fullname="Kaitai.SpecIfInstances" classname="Kaitai.SpecIfInstances" runstate="Runnable" testcasecount="1" result="Passed" start-time="2019-10-12 14:32:22Z" end-time="2019-10-12 14:32:22Z" duration="0.005001" total="1" passed="1" failed="0" inconclusive="0" skipped="0" asserts="1">
        <test-case id="0-1107" name="TestIfInstances" fullname="Kaitai.SpecIfInstances.TestIfInstances" methodname="TestIfInstances" classname="Kaitai.SpecIfInstances" runstate="Runnable" seed="1598589448" result="Passed" start-time="2019-10-12 14:32:22Z" end-time="2019-10-12 14:32:22Z" duration="0.000994" asserts="1" />
      </test-suite>
      <test-suite type="TestFixture" id="0-1108" name="SpecIfStruct" fullname="Kaitai.SpecIfStruct" classname="Kaitai.SpecIfStruct" runstate="Runnable" testcasecount="1" result="Passed" start-time="2019-10-12 14:32:22Z" end-time="2019-10-12 14:32:22Z" duration="0.005020" total="1" passed="1" failed="0" inconclusive="0" skipped="0" asserts="7">
        <test-case id="0-1109" name="TestIfStruct" fullname="Kaitai.SpecIfStruct.TestIfStruct" methodname="TestIfStruct" classname="Kaitai.SpecIfStruct" runstate="Runnable" seed="1555419895" result="Passed" start-time="2019-10-12 14:32:22Z" end-time="2019-10-12 14:32:22Z" duration="0.001928" asserts="7" />
      </test-suite>
      <test-suite type="TestFixture" id="0-1110" name="SpecIfValues" fullname="Kaitai.SpecIfValues" classname="Kaitai.SpecIfValues" runstate="Runnable" testcasecount="1" result="Passed" start-time="2019-10-12 14:32:22Z" end-time="2019-10-12 14:32:22Z" duration="0.005040" total="1" passed="1" failed="0" inconclusive="0" skipped="0" asserts="6">
        <test-case id="0-1111" name="TestIfValues" fullname="Kaitai.SpecIfValues.TestIfValues" methodname="TestIfValues" classname="Kaitai.SpecIfValues" runstate="Runnable" seed="229576530" result="Passed" start-time="2019-10-12 14:32:22Z" end-time="2019-10-12 14:32:22Z" duration="0.001443" asserts="6" />
      </test-suite>
      <test-suite type="TestFixture" id="0-1112" name="SpecImports0" fullname="Kaitai.SpecImports0" classname="Kaitai.SpecImports0" runstate="Runnable" testcasecount="1" result="Passed" start-time="2019-10-12 14:32:22Z" end-time="2019-10-12 14:32:22Z" duration="0.004017" total="1" passed="1" failed="0" inconclusive="0" skipped="0" asserts="3">
        <test-case id="0-1113" name="TestImports0" fullname="Kaitai.SpecImports0.TestImports0" methodname="TestImports0" classname="Kaitai.SpecImports0" runstate="Runnable" seed="1503136071" result="Passed" start-time="2019-10-12 14:32:22Z" end-time="2019-10-12 14:32:22Z" duration="0.000846" asserts="3" />
      </test-suite>
      <test-suite type="TestFixture" id="0-1114" name="SpecImportsAbs" fullname="Kaitai.SpecImportsAbs" classname="Kaitai.SpecImportsAbs" runstate="Runnable" testcasecount="1" result="Passed" start-time="2019-10-12 14:32:22Z" end-time="2019-10-12 14:32:22Z" duration="0.006013" total="1" passed="1" failed="0" inconclusive="0" skipped="0" asserts="2">
        <test-case id="0-1115" name="TestImportsAbs" fullname="Kaitai.SpecImportsAbs.TestImportsAbs" methodname="TestImportsAbs" classname="Kaitai.SpecImportsAbs" runstate="Runnable" seed="12605140" result="Passed" start-time="2019-10-12 14:32:22Z" end-time="2019-10-12 14:32:22Z" duration="0.002348" asserts="2" />
      </test-suite>
      <test-suite type="TestFixture" id="0-1116" name="SpecImportsCircularA" fullname="Kaitai.SpecImportsCircularA" classname="Kaitai.SpecImportsCircularA" runstate="Runnable" testcasecount="1" result="Passed" start-time="2019-10-12 14:32:22Z" end-time="2019-10-12 14:32:22Z" duration="0.005018" total="1" passed="1" failed="0" inconclusive="0" skipped="0" asserts="5">
        <test-case id="0-1117" name="TestImportsCircularA" fullname="Kaitai.SpecImportsCircularA.TestImportsCircularA" methodname="TestImportsCircularA" classname="Kaitai.SpecImportsCircularA" runstate="Runnable" seed="146166468" result="Passed" start-time="2019-10-12 14:32:22Z" end-time="2019-10-12 14:32:22Z" duration="0.001159" asserts="5" />
      </test-suite>
      <test-suite type="TestFixture" id="0-1118" name="SpecIndexSizes" fullname="Kaitai.SpecIndexSizes" classname="Kaitai.SpecIndexSizes" runstate="Runnable" testcasecount="1" result="Passed" start-time="2019-10-12 14:32:22Z" end-time="2019-10-12 14:32:22Z" duration="0.004986" total="1" passed="1" failed="0" inconclusive="0" skipped="0" asserts="7">
        <test-case id="0-1119" name="TestIndexSizes" fullname="Kaitai.SpecIndexSizes.TestIndexSizes" methodname="TestIndexSizes" classname="Kaitai.SpecIndexSizes" runstate="Runnable" seed="236340515" result="Passed" start-time="2019-10-12 14:32:22Z" end-time="2019-10-12 14:32:22Z" duration="0.001273" asserts="7" />
      </test-suite>
      <test-suite type="TestFixture" id="0-1120" name="SpecIndexToParamEos" fullname="Kaitai.SpecIndexToParamEos" classname="Kaitai.SpecIndexToParamEos" runstate="Runnable" testcasecount="1" result="Passed" start-time="2019-10-12 14:32:22Z" end-time="2019-10-12 14:32:22Z" duration="0.007005" total="1" passed="1" failed="0" inconclusive="0" skipped="0" asserts="7">
        <test-case id="0-1121" name="TestIndexToParamEos" fullname="Kaitai.SpecIndexToParamEos.TestIndexToParamEos" methodname="TestIndexToParamEos" classname="Kaitai.SpecIndexToParamEos" runstate="Runnable" seed="566896745" result="Passed" start-time="2019-10-12 14:32:22Z" end-time="2019-10-12 14:32:22Z" duration="0.003163" asserts="7" />
      </test-suite>
      <test-suite type="TestFixture" id="0-1122" name="SpecIndexToParamExpr" fullname="Kaitai.SpecIndexToParamExpr" classname="Kaitai.SpecIndexToParamExpr" runstate="Runnable" testcasecount="1" result="Passed" start-time="2019-10-12 14:32:22Z" end-time="2019-10-12 14:32:22Z" duration="0.006045" total="1" passed="1" failed="0" inconclusive="0" skipped="0" asserts="7">
        <test-case id="0-1123" name="TestIndexToParamExpr" fullname="Kaitai.SpecIndexToParamExpr.TestIndexToParamExpr" methodname="TestIndexToParamExpr" classname="Kaitai.SpecIndexToParamExpr" runstate="Runnable" seed="1965366396" result="Passed" start-time="2019-10-12 14:32:22Z" end-time="2019-10-12 14:32:22Z" duration="0.002115" asserts="7" />
      </test-suite>
      <test-suite type="TestFixture" id="0-1124" name="SpecIndexToParamUntil" fullname="Kaitai.SpecIndexToParamUntil" classname="Kaitai.SpecIndexToParamUntil" runstate="Runnable" testcasecount="1" result="Passed" start-time="2019-10-12 14:32:22Z" end-time="2019-10-12 14:32:22Z" duration="0.005026" total="1" passed="1" failed="0" inconclusive="0" skipped="0" asserts="7">
        <test-case id="0-1125" name="TestIndexToParamUntil" fullname="Kaitai.SpecIndexToParamUntil.TestIndexToParamUntil" methodname="TestIndexToParamUntil" classname="Kaitai.SpecIndexToParamUntil" runstate="Runnable" seed="1223731327" result="Passed" start-time="2019-10-12 14:32:22Z" end-time="2019-10-12 14:32:22Z" duration="0.001818" asserts="7" />
      </test-suite>
      <test-suite type="TestFixture" id="0-1126" name="SpecInstanceIoUser" fullname="Kaitai.SpecInstanceIoUser" classname="Kaitai.SpecInstanceIoUser" runstate="Runnable" testcasecount="1" result="Passed" start-time="2019-10-12 14:32:22Z" end-time="2019-10-12 14:32:22Z" duration="0.006032" total="1" passed="1" failed="0" inconclusive="0" skipped="0" asserts="4">
        <test-case id="0-1127" name="TestInstanceIoUser" fullname="Kaitai.SpecInstanceIoUser.TestInstanceIoUser" methodname="TestInstanceIoUser" classname="Kaitai.SpecInstanceIoUser" runstate="Runnable" seed="1605294080" result="Passed" start-time="2019-10-12 14:32:22Z" end-time="2019-10-12 14:32:22Z" duration="0.002238" asserts="4" />
      </test-suite>
      <test-suite type="TestFixture" id="0-1128" name="SpecInstanceStd" fullname="Kaitai.SpecInstanceStd" classname="Kaitai.SpecInstanceStd" runstate="Runnable" testcasecount="1" result="Passed" start-time="2019-10-12 14:32:22Z" end-time="2019-10-12 14:32:22Z" duration="0.004008" total="1" passed="1" failed="0" inconclusive="0" skipped="0" asserts="1">
        <test-case id="0-1129" name="TestInstanceStd" fullname="Kaitai.SpecInstanceStd.TestInstanceStd" methodname="TestInstanceStd" classname="Kaitai.SpecInstanceStd" runstate="Runnable" seed="1525983455" result="Passed" start-time="2019-10-12 14:32:22Z" end-time="2019-10-12 14:32:22Z" duration="0.000672" asserts="1" />
      </test-suite>
      <test-suite type="TestFixture" id="0-1130" name="SpecInstanceStdArray" fullname="Kaitai.SpecInstanceStdArray" classname="Kaitai.SpecInstanceStdArray" runstate="Runnable" testcasecount="1" result="Passed" start-time="2019-10-12 14:32:22Z" end-time="2019-10-12 14:32:22Z" duration="0.005036" total="1" passed="1" failed="0" inconclusive="0" skipped="0" asserts="7">
        <test-case id="0-1131" name="TestInstanceStdArray" fullname="Kaitai.SpecInstanceStdArray.TestInstanceStdArray" methodname="TestInstanceStdArray" classname="Kaitai.SpecInstanceStdArray" runstate="Runnable" seed="382776734" result="Passed" start-time="2019-10-12 14:32:22Z" end-time="2019-10-12 14:32:22Z" duration="0.001480" asserts="7" />
      </test-suite>
      <test-suite type="TestFixture" id="0-1132" name="SpecInstanceUserArray" fullname="Kaitai.SpecInstanceUserArray" classname="Kaitai.SpecInstanceUserArray" runstate="Runnable" testcasecount="1" result="Passed" start-time="2019-10-12 14:32:22Z" end-time="2019-10-12 14:32:22Z" duration="0.007752" total="1" passed="1" failed="0" inconclusive="0" skipped="0" asserts="10">
        <test-case id="0-1133" name="TestInstanceUserArray" fullname="Kaitai.SpecInstanceUserArray.TestInstanceUserArray" methodname="TestInstanceUserArray" classname="Kaitai.SpecInstanceUserArray" runstate="Runnable" seed="1883773619" result="Passed" start-time="2019-10-12 14:32:22Z" end-time="2019-10-12 14:32:22Z" duration="0.002143" asserts="10" />
      </test-suite>
      <test-suite type="TestFixture" id="0-1134" name="SpecIntegers" fullname="Kaitai.SpecIntegers" classname="Kaitai.SpecIntegers" runstate="Runnable" testcasecount="1" result="Passed" start-time="2019-10-12 14:32:22Z" end-time="2019-10-12 14:32:22Z" duration="0.007193" total="1" passed="1" failed="0" inconclusive="0" skipped="0" asserts="20">
        <test-case id="0-1135" name="TestIntegers" fullname="Kaitai.SpecIntegers.TestIntegers" methodname="TestIntegers" classname="Kaitai.SpecIntegers" runstate="Runnable" seed="1358824317" result="Passed" start-time="2019-10-12 14:32:22Z" end-time="2019-10-12 14:32:22Z" duration="0.003376" asserts="20" />
      </test-suite>
      <test-suite type="TestFixture" id="0-1136" name="SpecIoLocalVar" fullname="Kaitai.SpecIoLocalVar" classname="Kaitai.SpecIoLocalVar" runstate="Runnable" testcasecount="1" result="Passed" start-time="2019-10-12 14:32:22Z" end-time="2019-10-12 14:32:22Z" duration="0.005010" total="1" passed="1" failed="0" inconclusive="0" skipped="0" asserts="2">
        <test-case id="0-1137" name="TestIoLocalVar" fullname="Kaitai.SpecIoLocalVar.TestIoLocalVar" methodname="TestIoLocalVar" classname="Kaitai.SpecIoLocalVar" runstate="Runnable" seed="2068079138" result="Passed" start-time="2019-10-12 14:32:22Z" end-time="2019-10-12 14:32:22Z" duration="0.001531" asserts="2" />
      </test-suite>
      <test-suite type="TestFixture" id="0-1138" name="SpecJsSignedRightShift" fullname="Kaitai.SpecJsSignedRightShift" classname="Kaitai.SpecJsSignedRightShift" runstate="Runnable" testcasecount="1" result="Passed" start-time="2019-10-12 14:32:22Z" end-time="2019-10-12 14:32:22Z" duration="0.004286" total="1" passed="1" failed="0" inconclusive="0" skipped="0" asserts="2">
        <test-case id="0-1139" name="TestJsSignedRightShift" fullname="Kaitai.SpecJsSignedRightShift.TestJsSignedRightShift" methodname="TestJsSignedRightShift" classname="Kaitai.SpecJsSignedRightShift" runstate="Runnable" seed="1366293874" result="Passed" start-time="2019-10-12 14:32:22Z" end-time="2019-10-12 14:32:22Z" duration="0.000843" asserts="2" />
      </test-suite>
      <test-suite type="TestFixture" id="0-1140" name="SpecMetaTags" fullname="Kaitai.SpecMetaTags" classname="Kaitai.SpecMetaTags" runstate="Runnable" testcasecount="1" result="Passed" start-time="2019-10-12 14:32:22Z" end-time="2019-10-12 14:32:22Z" duration="0.004006" total="1" passed="1" failed="0" inconclusive="0" skipped="0" asserts="0">
        <test-case id="0-1141" name="TestMetaTags" fullname="Kaitai.SpecMetaTags.TestMetaTags" methodname="TestMetaTags" classname="Kaitai.SpecMetaTags" runstate="Runnable" seed="178808729" result="Passed" start-time="2019-10-12 14:32:22Z" end-time="2019-10-12 14:32:22Z" duration="0.000417" asserts="0" />
      </test-suite>
      <test-suite type="TestFixture" id="0-1142" name="SpecMetaXref" fullname="Kaitai.SpecMetaXref" classname="Kaitai.SpecMetaXref" runstate="Runnable" testcasecount="1" result="Passed" start-time="2019-10-12 14:32:22Z" end-time="2019-10-12 14:32:22Z" duration="0.004010" total="1" passed="1" failed="0" inconclusive="0" skipped="0" asserts="0">
        <test-case id="0-1143" name="TestMetaXref" fullname="Kaitai.SpecMetaXref.TestMetaXref" methodname="TestMetaXref" classname="Kaitai.SpecMetaXref" runstate="Runnable" seed="633762900" result="Passed" start-time="2019-10-12 14:32:22Z" end-time="2019-10-12 14:32:22Z" duration="0.000634" asserts="0" />
      </test-suite>
      <test-suite type="TestFixture" id="0-1144" name="SpecMultipleUse" fullname="Kaitai.SpecMultipleUse" classname="Kaitai.SpecMultipleUse" runstate="Runnable" testcasecount="1" result="Passed" start-time="2019-10-12 14:32:22Z" end-time="2019-10-12 14:32:22Z" duration="0.005023" total="1" passed="1" failed="0" inconclusive="0" skipped="0" asserts="2">
        <test-case id="0-1145" name="TestMultipleUse" fullname="Kaitai.SpecMultipleUse.TestMultipleUse" methodname="TestMultipleUse" classname="Kaitai.SpecMultipleUse" runstate="Runnable" seed="618346537" result="Passed" start-time="2019-10-12 14:32:22Z" end-time="2019-10-12 14:32:22Z" duration="0.001568" asserts="2" />
      </test-suite>
      <test-suite type="TestFixture" id="0-1146" name="SpecNavParent" fullname="Kaitai.SpecNavParent" classname="Kaitai.SpecNavParent" runstate="Runnable" testcasecount="1" result="Passed" start-time="2019-10-12 14:32:22Z" end-time="2019-10-12 14:32:22Z" duration="0.006065" total="1" passed="1" failed="0" inconclusive="0" skipped="0" asserts="5">
        <test-case id="0-1147" name="TestNavParent" fullname="Kaitai.SpecNavParent.TestNavParent" methodname="TestNavParent" classname="Kaitai.SpecNavParent" runstate="Runnable" seed="1117842435" result="Passed" start-time="2019-10-12 14:32:22Z" end-time="2019-10-12 14:32:22Z" duration="0.002049" asserts="5" />
      </test-suite>
      <test-suite type="TestFixture" id="0-1148" name="SpecNavParent2" fullname="Kaitai.SpecNavParent2" classname="Kaitai.SpecNavParent2" runstate="Runnable" testcasecount="1" result="Passed" start-time="2019-10-12 14:32:22Z" end-time="2019-10-12 14:32:22Z" duration="0.006011" total="1" passed="1" failed="0" inconclusive="0" skipped="0" asserts="10">
        <test-case id="0-1149" name="TestNavParent2" fullname="Kaitai.SpecNavParent2.TestNavParent2" methodname="TestNavParent2" classname="Kaitai.SpecNavParent2" runstate="Runnable" seed="1110241995" result="Passed" start-time="2019-10-12 14:32:22Z" end-time="2019-10-12 14:32:22Z" duration="0.002458" asserts="10" />
      </test-suite>
      <test-suite type="TestFixture" id="0-1150" name="SpecNavParent3" fullname="Kaitai.SpecNavParent3" classname="Kaitai.SpecNavParent3" runstate="Runnable" testcasecount="1" result="Passed" start-time="2019-10-12 14:32:22Z" end-time="2019-10-12 14:32:22Z" duration="0.006008" total="1" passed="1" failed="0" inconclusive="0" skipped="0" asserts="10">
        <test-case id="0-1151" name="TestNavParent3" fullname="Kaitai.SpecNavParent3.TestNavParent3" methodname="TestNavParent3" classname="Kaitai.SpecNavParent3" runstate="Runnable" seed="1847415678" result="Passed" start-time="2019-10-12 14:32:22Z" end-time="2019-10-12 14:32:22Z" duration="0.002648" asserts="10" />
      </test-suite>
      <test-suite type="TestFixture" id="0-1152" name="SpecNavParentFalse" fullname="Kaitai.SpecNavParentFalse" classname="Kaitai.SpecNavParentFalse" runstate="Runnable" testcasecount="1" result="Passed" start-time="2019-10-12 14:32:22Z" end-time="2019-10-12 14:32:22Z" duration="0.006017" total="1" passed="1" failed="0" inconclusive="0" skipped="0" asserts="5">
        <test-case id="0-1153" name="TestNavParentFalse" fullname="Kaitai.SpecNavParentFalse.TestNavParentFalse" methodname="TestNavParentFalse" classname="Kaitai.SpecNavParentFalse" runstate="Runnable" seed="359280458" result="Passed" start-time="2019-10-12 14:32:22Z" end-time="2019-10-12 14:32:22Z" duration="0.002008" asserts="5" />
      </test-suite>
      <test-suite type="TestFixture" id="0-1154" name="SpecNavParentFalse2" fullname="Kaitai.SpecNavParentFalse2" classname="Kaitai.SpecNavParentFalse2" runstate="Runnable" testcasecount="1" result="Passed" start-time="2019-10-12 14:32:22Z" end-time="2019-10-12 14:32:22Z" duration="0.003999" total="1" passed="1" failed="0" inconclusive="0" skipped="0" asserts="1">
        <test-case id="0-1155" name="TestNavParentFalse2" fullname="Kaitai.SpecNavParentFalse2.TestNavParentFalse2" methodname="TestNavParentFalse2" classname="Kaitai.SpecNavParentFalse2" runstate="Runnable" seed="2073514272" result="Passed" start-time="2019-10-12 14:32:22Z" end-time="2019-10-12 14:32:22Z" duration="0.000831" asserts="1" />
      </test-suite>
      <test-suite type="TestFixture" id="0-1156" name="SpecNavParentOverride" fullname="Kaitai.SpecNavParentOverride" classname="Kaitai.SpecNavParentOverride" runstate="Runnable" testcasecount="1" result="Passed" start-time="2019-10-12 14:32:22Z" end-time="2019-10-12 14:32:22Z" duration="0.005028" total="1" passed="1" failed="0" inconclusive="0" skipped="0" asserts="3">
        <test-case id="0-1157" name="TestNavParentOverride" fullname="Kaitai.SpecNavParentOverride.TestNavParentOverride" methodname="TestNavParentOverride" classname="Kaitai.SpecNavParentOverride" runstate="Runnable" seed="2088035964" result="Passed" start-time="2019-10-12 14:32:22Z" end-time="2019-10-12 14:32:22Z" duration="0.001442" asserts="3" />
      </test-suite>
      <test-suite type="TestFixture" id="0-1158" name="SpecNavParentSwitch" fullname="Kaitai.SpecNavParentSwitch" classname="Kaitai.SpecNavParentSwitch" runstate="Runnable" testcasecount="1" result="Passed" start-time="2019-10-12 14:32:22Z" end-time="2019-10-12 14:32:22Z" duration="0.004992" total="1" passed="1" failed="0" inconclusive="0" skipped="0" asserts="3">
        <test-case id="0-1159" name="TestNavParentSwitch" fullname="Kaitai.SpecNavParentSwitch.TestNavParentSwitch" methodname="TestNavParentSwitch" classname="Kaitai.SpecNavParentSwitch" runstate="Runnable" seed="1336405710" result="Passed" start-time="2019-10-12 14:32:22Z" end-time="2019-10-12 14:32:22Z" duration="0.001456" asserts="3" />
      </test-suite>
      <test-suite type="TestFixture" id="0-1160" name="SpecNavParentVsValueInst" fullname="Kaitai.SpecNavParentVsValueInst" classname="Kaitai.SpecNavParentVsValueInst" runstate="Runnable" testcasecount="1" result="Passed" start-time="2019-10-12 14:32:22Z" end-time="2019-10-12 14:32:22Z" duration="0.004010" total="1" passed="1" failed="0" inconclusive="0" skipped="0" asserts="1">
        <test-case id="0-1161" name="TestNavParentVsValueInst" fullname="Kaitai.SpecNavParentVsValueInst.TestNavParentVsValueInst" methodname="TestNavParentVsValueInst" classname="Kaitai.SpecNavParentVsValueInst" runstate="Runnable" seed="1455165259" result="Passed" start-time="2019-10-12 14:32:22Z" end-time="2019-10-12 14:32:22Z" duration="0.000682" asserts="1" />
      </test-suite>
      <test-suite type="TestFixture" id="0-1162" name="SpecNavRoot" fullname="Kaitai.SpecNavRoot" classname="Kaitai.SpecNavRoot" runstate="Runnable" testcasecount="1" result="Passed" start-time="2019-10-12 14:32:22Z" end-time="2019-10-12 14:32:22Z" duration="0.006048" total="1" passed="1" failed="0" inconclusive="0" skipped="0" asserts="5">
        <test-case id="0-1163" name="TestNavRoot" fullname="Kaitai.SpecNavRoot.TestNavRoot" methodname="TestNavRoot" classname="Kaitai.SpecNavRoot" runstate="Runnable" seed="1950567336" result="Passed" start-time="2019-10-12 14:32:22Z" end-time="2019-10-12 14:32:22Z" duration="0.002044" asserts="5" />
      </test-suite>
      <test-suite type="TestFixture" id="0-1164" name="SpecNestedSameName" fullname="Kaitai.SpecNestedSameName" classname="Kaitai.SpecNestedSameName" runstate="Runnable" testcasecount="1" result="Passed" start-time="2019-10-12 14:32:22Z" end-time="2019-10-12 14:32:22Z" duration="0.005018" total="1" passed="1" failed="0" inconclusive="0" skipped="0" asserts="2">
        <test-case id="0-1165" name="TestNestedSameName" fullname="Kaitai.SpecNestedSameName.TestNestedSameName" methodname="TestNestedSameName" classname="Kaitai.SpecNestedSameName" runstate="Runnable" seed="1157153770" result="Passed" start-time="2019-10-12 14:32:22Z" end-time="2019-10-12 14:32:22Z" duration="0.001350" asserts="2" />
      </test-suite>
      <test-suite type="TestFixture" id="0-1166" name="SpecNestedSameName2" fullname="Kaitai.SpecNestedSameName2" classname="Kaitai.SpecNestedSameName2" runstate="Runnable" testcasecount="1" result="Passed" start-time="2019-10-12 14:32:22Z" end-time="2019-10-12 14:32:22Z" duration="0.006009" total="1" passed="1" failed="0" inconclusive="0" skipped="0" asserts="5">
        <test-case id="0-1167" name="TestNestedSameName2" fullname="Kaitai.SpecNestedSameName2.TestNestedSameName2" methodname="TestNestedSameName2" classname="Kaitai.SpecNestedSameName2" runstate="Runnable" seed="906671681" result="Passed" start-time="2019-10-12 14:32:22Z" end-time="2019-10-12 14:32:22Z" duration="0.002171" asserts="5" />
      </test-suite>
      <test-suite type="TestFixture" id="0-1168" name="SpecNestedTypes" fullname="Kaitai.SpecNestedTypes" classname="Kaitai.SpecNestedTypes" runstate="Runnable" testcasecount="1" result="Passed" start-time="2019-10-12 14:32:22Z" end-time="2019-10-12 14:32:22Z" duration="0.005021" total="1" passed="1" failed="0" inconclusive="0" skipped="0" asserts="3">
        <test-case id="0-1169" name="TestNestedTypes" fullname="Kaitai.SpecNestedTypes.TestNestedTypes" methodname="TestNestedTypes" classname="Kaitai.SpecNestedTypes" runstate="Runnable" seed="66973888" result="Passed" start-time="2019-10-12 14:32:22Z" end-time="2019-10-12 14:32:22Z" duration="0.001443" asserts="3" />
      </test-suite>
      <test-suite type="TestFixture" id="0-1170" name="SpecNestedTypes2" fullname="Kaitai.SpecNestedTypes2" classname="Kaitai.SpecNestedTypes2" runstate="Runnable" testcasecount="1" result="Passed" start-time="2019-10-12 14:32:22Z" end-time="2019-10-12 14:32:22Z" duration="0.006011" total="1" passed="1" failed="0" inconclusive="0" skipped="0" asserts="7">
        <test-case id="0-1171" name="TestNestedTypes2" fullname="Kaitai.SpecNestedTypes2.TestNestedTypes2" methodname="TestNestedTypes2" classname="Kaitai.SpecNestedTypes2" runstate="Runnable" seed="2002480594" result="Passed" start-time="2019-10-12 14:32:22Z" end-time="2019-10-12 14:32:22Z" duration="0.002380" asserts="7" />
      </test-suite>
      <test-suite type="TestFixture" id="0-1172" name="SpecNestedTypes3" fullname="Kaitai.SpecNestedTypes3" classname="Kaitai.SpecNestedTypes3" runstate="Runnable" testcasecount="1" result="Passed" start-time="2019-10-12 14:32:22Z" end-time="2019-10-12 14:32:22Z" duration="0.005017" total="1" passed="1" failed="0" inconclusive="0" skipped="0" asserts="5">
        <test-case id="0-1173" name="TestNestedTypes3" fullname="Kaitai.SpecNestedTypes3.TestNestedTypes3" methodname="TestNestedTypes3" classname="Kaitai.SpecNestedTypes3" runstate="Runnable" seed="805284936" result="Passed" start-time="2019-10-12 14:32:22Z" end-time="2019-10-12 14:32:22Z" duration="0.001704" asserts="5" />
      </test-suite>
      <test-suite type="TestFixture" id="0-1174" name="SpecNonStandard" fullname="Kaitai.SpecNonStandard" classname="Kaitai.SpecNonStandard" runstate="Runnable" testcasecount="1" result="Passed" start-time="2019-10-12 14:32:22Z" end-time="2019-10-12 14:32:22Z" duration="0.003980" total="1" passed="1" failed="0" inconclusive="0" skipped="0" asserts="1">
        <test-case id="0-1175" name="TestNonStandard" fullname="Kaitai.SpecNonStandard.TestNonStandard" methodname="TestNonStandard" classname="Kaitai.SpecNonStandard" runstate="Runnable" seed="562535137" result="Passed" start-time="2019-10-12 14:32:22Z" end-time="2019-10-12 14:32:22Z" duration="0.000595" asserts="1" />
      </test-suite>
      <test-suite type="TestFixture" id="0-1176" name="SpecOpaqueExternalType" fullname="Kaitai.SpecOpaqueExternalType" classname="Kaitai.SpecOpaqueExternalType" runstate="Runnable" testcasecount="1" result="Passed" start-time="2019-10-12 14:32:22Z" end-time="2019-10-12 14:32:22Z" duration="0.005021" total="1" passed="1" failed="0" inconclusive="0" skipped="0" asserts="3">
        <test-case id="0-1177" name="TestOpaqueExternalType" fullname="Kaitai.SpecOpaqueExternalType.TestOpaqueExternalType" methodname="TestOpaqueExternalType" classname="Kaitai.SpecOpaqueExternalType" runstate="Runnable" seed="882409552" result="Passed" start-time="2019-10-12 14:32:22Z" end-time="2019-10-12 14:32:22Z" duration="0.001164" asserts="3" />
      </test-suite>
      <test-suite type="TestFixture" id="0-1178" name="SpecOpaqueExternalType02Parent" fullname="Kaitai.SpecOpaqueExternalType02Parent" classname="Kaitai.SpecOpaqueExternalType02Parent" runstate="Runnable" testcasecount="1" result="Passed" start-time="2019-10-12 14:32:22Z" end-time="2019-10-12 14:32:22Z" duration="0.005024" total="1" passed="1" failed="0" inconclusive="0" skipped="0" asserts="3">
        <test-case id="0-1179" name="TestOpaqueExternalType02Parent" fullname="Kaitai.SpecOpaqueExternalType02Parent.TestOpaqueExternalType02Parent" methodname="TestOpaqueExternalType02Parent" classname="Kaitai.SpecOpaqueExternalType02Parent" runstate="Runnable" seed="1651985972" result="Passed" start-time="2019-10-12 14:32:22Z" end-time="2019-10-12 14:32:22Z" duration="0.001675" asserts="3" />
      </test-suite>
      <test-suite type="TestFixture" id="0-1180" name="SpecOpaqueWithParam" fullname="Kaitai.SpecOpaqueWithParam" classname="Kaitai.SpecOpaqueWithParam" runstate="Runnable" testcasecount="1" result="Passed" start-time="2019-10-12 14:32:22Z" end-time="2019-10-12 14:32:22Z" duration="0.005016" total="1" passed="1" failed="0" inconclusive="0" skipped="0" asserts="2">
        <test-case id="0-1181" name="TestOpaqueWithParam" fullname="Kaitai.SpecOpaqueWithParam.TestOpaqueWithParam" methodname="TestOpaqueWithParam" classname="Kaitai.SpecOpaqueWithParam" runstate="Runnable" seed="225110330" result="Passed" start-time="2019-10-12 14:32:22Z" end-time="2019-10-12 14:32:22Z" duration="0.001142" asserts="2" />
      </test-suite>
      <test-suite type="TestFixture" id="0-1182" name="SpecOptionalId" fullname="Kaitai.SpecOptionalId" classname="Kaitai.SpecOptionalId" runstate="Runnable" testcasecount="1" result="Passed" start-time="2019-10-12 14:32:22Z" end-time="2019-10-12 14:32:22Z" duration="0.003978" total="1" passed="1" failed="0" inconclusive="0" skipped="0" asserts="3">
        <test-case id="0-1183" name="TestOptionalId" fullname="Kaitai.SpecOptionalId.TestOptionalId" methodname="TestOptionalId" classname="Kaitai.SpecOptionalId" runstate="Runnable" seed="685644696" result="Passed" start-time="2019-10-12 14:32:22Z" end-time="2019-10-12 14:32:22Z" duration="0.000861" asserts="3" />
      </test-suite>
      <test-suite type="TestFixture" id="0-1184" name="SpecParamsCallShort" fullname="Kaitai.SpecParamsCallShort" classname="Kaitai.SpecParamsCallShort" runstate="Runnable" testcasecount="1" result="Passed" start-time="2019-10-12 14:32:22Z" end-time="2019-10-12 14:32:22Z" duration="0.005002" total="1" passed="1" failed="0" inconclusive="0" skipped="0" asserts="3">
        <test-case id="0-1185" name="TestParamsCallShort" fullname="Kaitai.SpecParamsCallShort.TestParamsCallShort" methodname="TestParamsCallShort" classname="Kaitai.SpecParamsCallShort" runstate="Runnable" seed="944881417" result="Passed" start-time="2019-10-12 14:32:22Z" end-time="2019-10-12 14:32:22Z" duration="0.001650" asserts="3" />
      </test-suite>
      <test-suite type="TestFixture" id="0-1186" name="SpecParamsDef" fullname="Kaitai.SpecParamsDef" classname="Kaitai.SpecParamsDef" runstate="Runnable" testcasecount="1" result="Passed" start-time="2019-10-12 14:32:22Z" end-time="2019-10-12 14:32:22Z" duration="0.004006" total="1" passed="1" failed="0" inconclusive="0" skipped="0" asserts="2">
        <test-case id="0-1187" name="TestParamsDef" fullname="Kaitai.SpecParamsDef.TestParamsDef" methodname="TestParamsDef" classname="Kaitai.SpecParamsDef" runstate="Runnable" seed="1930810194" result="Passed" start-time="2019-10-12 14:32:22Z" end-time="2019-10-12 14:32:22Z" duration="0.000271" asserts="2" />
      </test-suite>
      <test-suite type="TestFixture" id="0-1188" name="SpecParamsEnum" fullname="Kaitai.SpecParamsEnum" classname="Kaitai.SpecParamsEnum" runstate="Runnable" testcasecount="1" result="Passed" start-time="2019-10-12 14:32:22Z" end-time="2019-10-12 14:32:22Z" duration="0.004990" total="1" passed="1" failed="0" inconclusive="0" skipped="0" asserts="2">
        <test-case id="0-1189" name="TestParamsEnum" fullname="Kaitai.SpecParamsEnum.TestParamsEnum" methodname="TestParamsEnum" classname="Kaitai.SpecParamsEnum" runstate="Runnable" seed="504375406" result="Passed" start-time="2019-10-12 14:32:22Z" end-time="2019-10-12 14:32:22Z" duration="0.001056" asserts="2" />
      </test-suite>
      <test-suite type="TestFixture" id="0-1190" name="SpecParamsPassUsertype" fullname="Kaitai.SpecParamsPassUsertype" classname="Kaitai.SpecParamsPassUsertype" runstate="Runnable" testcasecount="1" result="Passed" start-time="2019-10-12 14:32:22Z" end-time="2019-10-12 14:32:22Z" duration="0.005002" total="1" passed="1" failed="0" inconclusive="0" skipped="0" asserts="2">
        <test-case id="0-1191" name="TestParamsPassUsertype" fullname="Kaitai.SpecParamsPassUsertype.TestParamsPassUsertype" methodname="TestParamsPassUsertype" classname="Kaitai.SpecParamsPassUsertype" runstate="Runnable" seed="477527199" result="Passed" start-time="2019-10-12 14:32:22Z" end-time="2019-10-12 14:32:22Z" duration="0.001262" asserts="2" />
      </test-suite>
      <test-suite type="TestFixture" id="0-1192" name="SpecPositionAbs" fullname="Kaitai.SpecPositionAbs" classname="Kaitai.SpecPositionAbs" runstate="Runnable" testcasecount="1" result="Passed" start-time="2019-10-12 14:32:22Z" end-time="2019-10-12 14:32:22Z" duration="0.005013" total="1" passed="1" failed="0" inconclusive="0" skipped="0" asserts="2">
        <test-case id="0-1193" name="TestPositionAbs" fullname="Kaitai.SpecPositionAbs.TestPositionAbs" methodname="TestPositionAbs" classname="Kaitai.SpecPositionAbs" runstate="Runnable" seed="1772951285" result="Passed" start-time="2019-10-12 14:32:22Z" end-time="2019-10-12 14:32:22Z" duration="0.000962" asserts="2" />
      </test-suite>
      <test-suite type="TestFixture" id="0-1194" name="SpecPositionInSeq" fullname="Kaitai.SpecPositionInSeq" classname="Kaitai.SpecPositionInSeq" runstate="Runnable" testcasecount="1" result="Passed" start-time="2019-10-12 14:32:22Z" end-time="2019-10-12 14:32:22Z" duration="0.004992" total="1" passed="1" failed="0" inconclusive="0" skipped="0" asserts="1">
        <test-case id="0-1195" name="TestPositionInSeq" fullname="Kaitai.SpecPositionInSeq.TestPositionInSeq" methodname="TestPositionInSeq" classname="Kaitai.SpecPositionInSeq" runstate="Runnable" seed="1326018295" result="Passed" start-time="2019-10-12 14:32:22Z" end-time="2019-10-12 14:32:22Z" duration="0.001462" asserts="1" />
      </test-suite>
      <test-suite type="TestFixture" id="0-1196" name="SpecPositionToEnd" fullname="Kaitai.SpecPositionToEnd" classname="Kaitai.SpecPositionToEnd" runstate="Runnable" testcasecount="1" result="Passed" start-time="2019-10-12 14:32:22Z" end-time="2019-10-12 14:32:22Z" duration="0.005046" total="1" passed="1" failed="0" inconclusive="0" skipped="0" asserts="2">
        <test-case id="0-1197" name="TestPositionToEnd" fullname="Kaitai.SpecPositionToEnd.TestPositionToEnd" methodname="TestPositionToEnd" classname="Kaitai.SpecPositionToEnd" runstate="Runnable" seed="94162175" result="Passed" start-time="2019-10-12 14:32:22Z" end-time="2019-10-12 14:32:22Z" duration="0.001098" asserts="2" />
      </test-suite>
      <test-suite type="TestFixture" id="0-1198" name="SpecProcessCoerceBytes" fullname="Kaitai.SpecProcessCoerceBytes" classname="Kaitai.SpecProcessCoerceBytes" runstate="Runnable" testcasecount="1" result="Passed" start-time="2019-10-12 14:32:22Z" end-time="2019-10-12 14:32:22Z" duration="0.005008" total="1" passed="1" failed="0" inconclusive="0" skipped="0" asserts="4">
        <test-case id="0-1199" name="TestProcessCoerceBytes" fullname="Kaitai.SpecProcessCoerceBytes.TestProcessCoerceBytes" methodname="TestProcessCoerceBytes" classname="Kaitai.SpecProcessCoerceBytes" runstate="Runnable" seed="231563349" result="Passed" start-time="2019-10-12 14:32:22Z" end-time="2019-10-12 14:32:22Z" duration="0.001885" asserts="4" />
      </test-suite>
      <test-suite type="TestFixture" id="0-1200" name="SpecProcessCoerceSwitch" fullname="Kaitai.SpecProcessCoerceSwitch" classname="Kaitai.SpecProcessCoerceSwitch" runstate="Runnable" testcasecount="1" result="Passed" start-time="2019-10-12 14:32:22Z" end-time="2019-10-12 14:32:22Z" duration="0.005015" total="1" passed="1" failed="0" inconclusive="0" skipped="0" asserts="3">
        <test-case id="0-1201" name="TestProcessCoerceSwitch" fullname="Kaitai.SpecProcessCoerceSwitch.TestProcessCoerceSwitch" methodname="TestProcessCoerceSwitch" classname="Kaitai.SpecProcessCoerceSwitch" runstate="Runnable" seed="4590736" result="Passed" start-time="2019-10-12 14:32:22Z" end-time="2019-10-12 14:32:22Z" duration="0.001600" asserts="3" />
      </test-suite>
      <test-suite type="TestFixture" id="0-1202" name="SpecProcessCoerceUsertype1" fullname="Kaitai.SpecProcessCoerceUsertype1" classname="Kaitai.SpecProcessCoerceUsertype1" runstate="Runnable" testcasecount="1" result="Passed" start-time="2019-10-12 14:32:22Z" end-time="2019-10-12 14:32:22Z" duration="0.004980" total="1" passed="1" failed="0" inconclusive="0" skipped="0" asserts="4">
        <test-case id="0-1203" name="TestProcessCoerceUsertype1" fullname="Kaitai.SpecProcessCoerceUsertype1.TestProcessCoerceUsertype1" methodname="TestProcessCoerceUsertype1" classname="Kaitai.SpecProcessCoerceUsertype1" runstate="Runnable" seed="103265195" result="Passed" start-time="2019-10-12 14:32:22Z" end-time="2019-10-12 14:32:22Z" duration="0.001782" asserts="4" />
      </test-suite>
      <test-suite type="TestFixture" id="0-1204" name="SpecProcessCoerceUsertype2" fullname="Kaitai.SpecProcessCoerceUsertype2" classname="Kaitai.SpecProcessCoerceUsertype2" runstate="Runnable" testcasecount="1" result="Passed" start-time="2019-10-12 14:32:22Z" end-time="2019-10-12 14:32:22Z" duration="0.005009" total="1" passed="1" failed="0" inconclusive="0" skipped="0" asserts="4">
        <test-case id="0-1205" name="TestProcessCoerceUsertype2" fullname="Kaitai.SpecProcessCoerceUsertype2.TestProcessCoerceUsertype2" methodname="TestProcessCoerceUsertype2" classname="Kaitai.SpecProcessCoerceUsertype2" runstate="Runnable" seed="683531580" result="Passed" start-time="2019-10-12 14:32:22Z" end-time="2019-10-12 14:32:22Z" duration="0.001780" asserts="4" />
      </test-suite>
      <test-suite type="TestFixture" id="0-1206" name="SpecProcessCustom" fullname="Kaitai.SpecProcessCustom" classname="Kaitai.SpecProcessCustom" runstate="Runnable" testcasecount="1" result="Passed" start-time="2019-10-12 14:32:22Z" end-time="2019-10-12 14:32:22Z" duration="0.005006" total="1" passed="1" failed="0" inconclusive="0" skipped="0" asserts="3">
        <test-case id="0-1207" name="TestProcessCustom" fullname="Kaitai.SpecProcessCustom.TestProcessCustom" methodname="TestProcessCustom" classname="Kaitai.SpecProcessCustom" runstate="Runnable" seed="1404727684" result="Passed" start-time="2019-10-12 14:32:22Z" end-time="2019-10-12 14:32:22Z" duration="0.001509" asserts="3" />
      </test-suite>
      <test-suite type="TestFixture" id="0-1208" name="SpecProcessRotate" fullname="Kaitai.SpecProcessRotate" classname="Kaitai.SpecProcessRotate" runstate="Runnable" testcasecount="1" result="Passed" start-time="2019-10-12 14:32:22Z" end-time="2019-10-12 14:32:22Z" duration="0.005040" total="1" passed="1" failed="0" inconclusive="0" skipped="0" asserts="3">
        <test-case id="0-1209" name="TestProcessRotate" fullname="Kaitai.SpecProcessRotate.TestProcessRotate" methodname="TestProcessRotate" classname="Kaitai.SpecProcessRotate" runstate="Runnable" seed="1822992517" result="Passed" start-time="2019-10-12 14:32:22Z" end-time="2019-10-12 14:32:22Z" duration="0.001615" asserts="3" />
      </test-suite>
      <test-suite type="TestFixture" id="0-1210" name="SpecProcessToUser" fullname="Kaitai.SpecProcessToUser" classname="Kaitai.SpecProcessToUser" runstate="Runnable" testcasecount="1" result="Passed" start-time="2019-10-12 14:32:22Z" end-time="2019-10-12 14:32:22Z" duration="0.003984" total="1" passed="1" failed="0" inconclusive="0" skipped="0" asserts="1">
        <test-case id="0-1211" name="TestProcessToUser" fullname="Kaitai.SpecProcessToUser.TestProcessToUser" methodname="TestProcessToUser" classname="Kaitai.SpecProcessToUser" runstate="Runnable" seed="1825379005" result="Passed" start-time="2019-10-12 14:32:22Z" end-time="2019-10-12 14:32:22Z" duration="0.000867" asserts="1" />
      </test-suite>
      <test-suite type="TestFixture" id="0-1212" name="SpecProcessXor4Const" fullname="Kaitai.SpecProcessXor4Const" classname="Kaitai.SpecProcessXor4Const" runstate="Runnable" testcasecount="1" result="Passed" start-time="2019-10-12 14:32:22Z" end-time="2019-10-12 14:32:22Z" duration="0.005033" total="1" passed="1" failed="0" inconclusive="0" skipped="0" asserts="2">
        <test-case id="0-1213" name="TestProcessXor4Const" fullname="Kaitai.SpecProcessXor4Const.TestProcessXor4Const" methodname="TestProcessXor4Const" classname="Kaitai.SpecProcessXor4Const" runstate="Runnable" seed="2047920" result="Passed" start-time="2019-10-12 14:32:22Z" end-time="2019-10-12 14:32:22Z" duration="0.001146" asserts="2" />
      </test-suite>
      <test-suite type="TestFixture" id="0-1214" name="SpecProcessXor4Value" fullname="Kaitai.SpecProcessXor4Value" classname="Kaitai.SpecProcessXor4Value" runstate="Runnable" testcasecount="1" result="Passed" start-time="2019-10-12 14:32:22Z" end-time="2019-10-12 14:32:22Z" duration="0.003996" total="1" passed="1" failed="0" inconclusive="0" skipped="0" asserts="2">
        <test-case id="0-1215" name="TestProcessXor4Value" fullname="Kaitai.SpecProcessXor4Value.TestProcessXor4Value" methodname="TestProcessXor4Value" classname="Kaitai.SpecProcessXor4Value" runstate="Runnable" seed="1389874624" result="Passed" start-time="2019-10-12 14:32:22Z" end-time="2019-10-12 14:32:22Z" duration="0.000756" asserts="2" />
      </test-suite>
      <test-suite type="TestFixture" id="0-1216" name="SpecProcessXorConst" fullname="Kaitai.SpecProcessXorConst" classname="Kaitai.SpecProcessXorConst" runstate="Runnable" testcasecount="1" result="Passed" start-time="2019-10-12 14:32:22Z" end-time="2019-10-12 14:32:22Z" duration="0.004017" total="1" passed="1" failed="0" inconclusive="0" skipped="0" asserts="2">
        <test-case id="0-1217" name="TestProcessXorConst" fullname="Kaitai.SpecProcessXorConst.TestProcessXorConst" methodname="TestProcessXorConst" classname="Kaitai.SpecProcessXorConst" runstate="Runnable" seed="732006384" result="Passed" start-time="2019-10-12 14:32:22Z" end-time="2019-10-12 14:32:22Z" duration="0.000707" asserts="2" />
      </test-suite>
[...]
        <test-case id="0-1243" name="TestStrEncodingsDefault" fullname="Kaitai.SpecStrEncodingsDefault.TestStrEncodingsDefault" methodname="TestStrEncodingsDefault" classname="Kaitai.SpecStrEncodingsDefault" runstate="Runnable" seed="798841921" result="Passed" start-time="2019-10-12 14:32:22Z" end-time="2019-10-12 14:32:22Z" duration="0.001768" asserts="4" />
      </test-suite>
      <test-suite type="TestFixture" id="0-1244" name="SpecStrEos" fullname="Kaitai.SpecStrEos" classname="Kaitai.SpecStrEos" runstate="Runnable" testcasecount="1" result="Passed" start-time="2019-10-12 14:32:22Z" end-time="2019-10-12 14:32:22Z" duration="0.004020" total="1" passed="1" failed="0" inconclusive="0" skipped="0" asserts="1">
        <test-case id="0-1245" name="TestStrEos" fullname="Kaitai.SpecStrEos.TestStrEos" methodname="TestStrEos" classname="Kaitai.SpecStrEos" runstate="Runnable" seed="962529651" result="Passed" start-time="2019-10-12 14:32:22Z" end-time="2019-10-12 14:32:22Z" duration="0.000634" asserts="1" />
      </test-suite>
      <test-suite type="TestFixture" id="0-1246" name="SpecStrLiterals" fullname="Kaitai.SpecStrLiterals" classname="Kaitai.SpecStrLiterals" runstate="Runnable" testcasecount="1" result="Passed" start-time="2019-10-12 14:32:22Z" end-time="2019-10-12 14:32:22Z" duration="0.010980" total="1" passed="1" failed="0" inconclusive="0" skipped="0" asserts="5">
        <test-case id="0-1247" name="TestStrLiterals" fullname="Kaitai.SpecStrLiterals.TestStrLiterals" methodname="TestStrLiterals" classname="Kaitai.SpecStrLiterals" runstate="Runnable" seed="377355547" result="Passed" start-time="2019-10-12 14:32:22Z" end-time="2019-10-12 14:32:22Z" duration="0.007507" asserts="5" />
      </test-suite>
      <test-suite type="TestFixture" id="0-1248" name="SpecStrLiterals2" fullname="Kaitai.SpecStrLiterals2" classname="Kaitai.SpecStrLiterals2" runstate="Runnable" testcasecount="1" result="Passed" start-time="2019-10-12 14:32:22Z" end-time="2019-10-12 14:32:22Z" duration="0.004046" total="1" passed="1" failed="0" inconclusive="0" skipped="0" asserts="4">
        <test-case id="0-1249" name="TestStrLiterals2" fullname="Kaitai.SpecStrLiterals2.TestStrLiterals2" methodname="TestStrLiterals2" classname="Kaitai.SpecStrLiterals2" runstate="Runnable" seed="1519967099" result="Passed" start-time="2019-10-12 14:32:22Z" end-time="2019-10-12 14:32:22Z" duration="0.000842" asserts="4" />
      </test-suite>
      <test-suite type="TestFixture" id="0-1250" name="SpecStrPadTerm" fullname="Kaitai.SpecStrPadTerm" classname="Kaitai.SpecStrPadTerm" runstate="Runnable" testcasecount="1" result="Passed" start-time="2019-10-12 14:32:22Z" end-time="2019-10-12 14:32:22Z" duration="0.005023" total="1" passed="1" failed="0" inconclusive="0" skipped="0" asserts="4">
        <test-case id="0-1251" name="TestStrPadTerm" fullname="Kaitai.SpecStrPadTerm.TestStrPadTerm" methodname="TestStrPadTerm" classname="Kaitai.SpecStrPadTerm" runstate="Runnable" seed="618107360" result="Passed" start-time="2019-10-12 14:32:22Z" end-time="2019-10-12 14:32:22Z" duration="0.000998" asserts="4" />
      </test-suite>
      <test-suite type="TestFixture" id="0-1252" name="SpecStrPadTermEmpty" fullname="Kaitai.SpecStrPadTermEmpty" classname="Kaitai.SpecStrPadTermEmpty" runstate="Runnable" testcasecount="1" result="Passed" start-time="2019-10-12 14:32:22Z" end-time="2019-10-12 14:32:22Z" duration="0.005004" total="1" passed="1" failed="0" inconclusive="0" skipped="0" asserts="4">
        <test-case id="0-1253" name="TestStrPadTermEmpty" fullname="Kaitai.SpecStrPadTermEmpty.TestStrPadTermEmpty" methodname="TestStrPadTermEmpty" classname="Kaitai.SpecStrPadTermEmpty" runstate="Runnable" seed="1353330831" result="Passed" start-time="2019-10-12 14:32:22Z" end-time="2019-10-12 14:32:22Z" duration="0.001001" asserts="4" />
      </test-suite>
      <test-suite type="TestFixture" id="0-1254" name="SpecSwitchBytearray" fullname="Kaitai.SpecSwitchBytearray" classname="Kaitai.SpecSwitchBytearray" runstate="Runnable" testcasecount="1" result="Passed" start-time="2019-10-12 14:32:22Z" end-time="2019-10-12 14:32:22Z" duration="0.006043" total="1" passed="1" failed="0" inconclusive="0" skipped="0" asserts="9">
        <test-case id="0-1255" name="TestSwitchBytearray" fullname="Kaitai.SpecSwitchBytearray.TestSwitchBytearray" methodname="TestSwitchBytearray" classname="Kaitai.SpecSwitchBytearray" runstate="Runnable" seed="1683730864" result="Passed" start-time="2019-10-12 14:32:22Z" end-time="2019-10-12 14:32:22Z" duration="0.002259" asserts="9" />
      </test-suite>
      <test-suite type="TestFixture" id="0-1256" name="SpecSwitchCast" fullname="Kaitai.SpecSwitchCast" classname="Kaitai.SpecSwitchCast" runstate="Runnable" testcasecount="1" result="Passed" start-time="2019-10-12 14:32:22Z" end-time="2019-10-12 14:32:22Z" duration="0.009110" total="1" passed="1" failed="0" inconclusive="0" skipped="0" asserts="3">
        <test-case id="0-1257" name="TestSwitchCast" fullname="Kaitai.SpecSwitchCast.TestSwitchCast" methodname="TestSwitchCast" classname="Kaitai.SpecSwitchCast" runstate="Runnable" seed="1913471812" result="Passed" start-time="2019-10-12 14:32:22Z" end-time="2019-10-12 14:32:22Z" duration="0.005166" asserts="3" />
      </test-suite>
      <test-suite type="TestFixture" id="0-1258" name="SpecSwitchIntegers" fullname="Kaitai.SpecSwitchIntegers" classname="Kaitai.SpecSwitchIntegers" runstate="Runnable" testcasecount="1" result="Passed" start-time="2019-10-12 14:32:22Z" end-time="2019-10-12 14:32:22Z" duration="0.005010" total="1" passed="1" failed="0" inconclusive="0" skipped="0" asserts="9">
        <test-case id="0-1259" name="TestSwitchIntegers" fullname="Kaitai.SpecSwitchIntegers.TestSwitchIntegers" methodname="TestSwitchIntegers" classname="Kaitai.SpecSwitchIntegers" runstate="Runnable" seed="2050246436" result="Passed" start-time="2019-10-12 14:32:22Z" end-time="2019-10-12 14:32:22Z" duration="0.001696" asserts="9" />
      </test-suite>
      <test-suite type="TestFixture" id="0-1260" name="SpecSwitchIntegers2" fullname="Kaitai.SpecSwitchIntegers2" classname="Kaitai.SpecSwitchIntegers2" runstate="Runnable" testcasecount="1" result="Passed" start-time="2019-10-12 14:32:22Z" end-time="2019-10-12 14:32:22Z" duration="0.005019" total="1" passed="1" failed="0" inconclusive="0" skipped="0" asserts="5">
        <test-case id="0-1261" name="TestSwitchIntegers2" fullname="Kaitai.SpecSwitchIntegers2.TestSwitchIntegers2" methodname="TestSwitchIntegers2" classname="Kaitai.SpecSwitchIntegers2" runstate="Runnable" seed="138502691" result="Passed" start-time="2019-10-12 14:32:22Z" end-time="2019-10-12 14:32:22Z" duration="0.001846" asserts="5" />
      </test-suite>
      <test-suite type="TestFixture" id="0-1262" name="SpecSwitchManualEnum" fullname="Kaitai.SpecSwitchManualEnum" classname="Kaitai.SpecSwitchManualEnum" runstate="Runnable" testcasecount="1" result="Passed" start-time="2019-10-12 14:32:22Z" end-time="2019-10-12 14:32:22Z" duration="0.005977" total="1" passed="1" failed="0" inconclusive="0" skipped="0" asserts="9">
        <test-case id="0-1263" name="TestSwitchManualEnum" fullname="Kaitai.SpecSwitchManualEnum.TestSwitchManualEnum" methodname="TestSwitchManualEnum" classname="Kaitai.SpecSwitchManualEnum" runstate="Runnable" seed="755965343" result="Passed" start-time="2019-10-12 14:32:22Z" end-time="2019-10-12 14:32:22Z" duration="0.002392" asserts="9" />
      </test-suite>
      <test-suite type="TestFixture" id="0-1264" name="SpecSwitchManualInt" fullname="Kaitai.SpecSwitchManualInt" classname="Kaitai.SpecSwitchManualInt" runstate="Runnable" testcasecount="1" result="Passed" start-time="2019-10-12 14:32:22Z" end-time="2019-10-12 14:32:22Z" duration="0.006006" total="1" passed="1" failed="0" inconclusive="0" skipped="0" asserts="9">
        <test-case id="0-1265" name="TestSwitchManualInt" fullname="Kaitai.SpecSwitchManualInt.TestSwitchManualInt" methodname="TestSwitchManualInt" classname="Kaitai.SpecSwitchManualInt" runstate="Runnable" seed="1882508532" result="Passed" start-time="2019-10-12 14:32:22Z" end-time="2019-10-12 14:32:22Z" duration="0.002403" asserts="9" />
      </test-suite>
      <test-suite type="TestFixture" id="0-1266" name="SpecSwitchManualIntElse" fullname="Kaitai.SpecSwitchManualIntElse" classname="Kaitai.SpecSwitchManualIntElse" runstate="Runnable" testcasecount="1" result="Passed" start-time="2019-10-12 14:32:22Z" end-time="2019-10-12 14:32:22Z" duration="0.006054" total="1" passed="1" failed="0" inconclusive="0" skipped="0" asserts="9">
        <test-case id="0-1267" name="TestSwitchManualIntElse" fullname="Kaitai.SpecSwitchManualIntElse.TestSwitchManualIntElse" methodname="TestSwitchManualIntElse" classname="Kaitai.SpecSwitchManualIntElse" runstate="Runnable" seed="1344298434" result="Passed" start-time="2019-10-12 14:32:22Z" end-time="2019-10-12 14:32:22Z" duration="0.002629" asserts="9" />
      </test-suite>
      <test-suite type="TestFixture" id="0-1268" name="SpecSwitchManualIntSize" fullname="Kaitai.SpecSwitchManualIntSize" classname="Kaitai.SpecSwitchManualIntSize" runstate="Runnable" testcasecount="1" result="Passed" start-time="2019-10-12 14:32:22Z" end-time="2019-10-12 14:32:22Z" duration="0.006008" total="1" passed="1" failed="0" inconclusive="0" skipped="0" asserts="10">
        <test-case id="0-1269" name="TestSwitchManualIntSize" fullname="Kaitai.SpecSwitchManualIntSize.TestSwitchManualIntSize" methodname="TestSwitchManualIntSize" classname="Kaitai.SpecSwitchManualIntSize" runstate="Runnable" seed="1249767779" result="Passed" start-time="2019-10-12 14:32:22Z" end-time="2019-10-12 14:32:22Z" duration="0.002769" asserts="10" />
      </test-suite>
      <test-suite type="TestFixture" id="0-1270" name="SpecSwitchManualIntSizeElse" fullname="Kaitai.SpecSwitchManualIntSizeElse" classname="Kaitai.SpecSwitchManualIntSizeElse" runstate="Runnable" testcasecount="1" result="Passed" start-time="2019-10-12 14:32:22Z" end-time="2019-10-12 14:32:22Z" duration="0.007015" total="1" passed="1" failed="0" inconclusive="0" skipped="0" asserts="10">
        <test-case id="0-1271" name="TestSwitchManualIntSizeElse" fullname="Kaitai.SpecSwitchManualIntSizeElse.TestSwitchManualIntSizeElse" methodname="TestSwitchManualIntSizeElse" classname="Kaitai.SpecSwitchManualIntSizeElse" runstate="Runnable" seed="1770657137" result="Passed" start-time="2019-10-12 14:32:22Z" end-time="2019-10-12 14:32:22Z" duration="0.003413" asserts="10" />
      </test-suite>
      <test-suite type="TestFixture" id="0-1272" name="SpecSwitchManualIntSizeEos" fullname="Kaitai.SpecSwitchManualIntSizeEos" classname="Kaitai.SpecSwitchManualIntSizeEos" runstate="Runnable" testcasecount="1" result="Passed" start-time="2019-10-12 14:32:22Z" end-time="2019-10-12 14:32:22Z" duration="0.005983" total="1" passed="1" failed="0" inconclusive="0" skipped="0" asserts="10">
        <test-case id="0-1273" name="TestSwitchManualIntSizeEos" fullname="Kaitai.SpecSwitchManualIntSizeEos.TestSwitchManualIntSizeEos" methodname="TestSwitchManualIntSizeEos" classname="Kaitai.SpecSwitchManualIntSizeEos" runstate="Runnable" seed="291645477" result="Passed" start-time="2019-10-12 14:32:22Z" end-time="2019-10-12 14:32:22Z" duration="0.002914" asserts="10" />
      </test-suite>
      <test-suite type="TestFixture" id="0-1274" name="SpecSwitchManualStr" fullname="Kaitai.SpecSwitchManualStr" classname="Kaitai.SpecSwitchManualStr" runstate="Runnable" testcasecount="1" result="Passed" start-time="2019-10-12 14:32:22Z" end-time="2019-10-12 14:32:22Z" duration="0.006029" total="1" passed="1" failed="0" inconclusive="0" skipped="0" asserts="9">
        <test-case id="0-1275" name="TestSwitchManualStr" fullname="Kaitai.SpecSwitchManualStr.TestSwitchManualStr" methodname="TestSwitchManualStr" classname="Kaitai.SpecSwitchManualStr" runstate="Runnable" seed="587207282" result="Passed" start-time="2019-10-12 14:32:22Z" end-time="2019-10-12 14:32:22Z" duration="0.002280" asserts="9" />
      </test-suite>
      <test-suite type="TestFixture" id="0-1276" name="SpecSwitchManualStrElse" fullname="Kaitai.SpecSwitchManualStrElse" classname="Kaitai.SpecSwitchManualStrElse" runstate="Runnable" testcasecount="1" result="Passed" start-time="2019-10-12 14:32:22Z" end-time="2019-10-12 14:32:22Z" duration="0.006018" total="1" passed="1" failed="0" inconclusive="0" skipped="0" asserts="9">
        <test-case id="0-1277" name="TestSwitchManualStrElse" fullname="Kaitai.SpecSwitchManualStrElse.TestSwitchManualStrElse" methodname="TestSwitchManualStrElse" classname="Kaitai.SpecSwitchManualStrElse" runstate="Runnable" seed="1466240839" result="Passed" start-time="2019-10-12 14:32:22Z" end-time="2019-10-12 14:32:22Z" duration="0.002436" asserts="9" />
      </test-suite>
      <test-suite type="TestFixture" id="0-1278" name="SpecSwitchMultiBoolOps" fullname="Kaitai.SpecSwitchMultiBoolOps" classname="Kaitai.SpecSwitchMultiBoolOps" runstate="Runnable" testcasecount="1" result="Passed" start-time="2019-10-12 14:32:22Z" end-time="2019-10-12 14:32:22Z" duration="0.005009" total="1" passed="1" failed="0" inconclusive="0" skipped="0" asserts="9">
        <test-case id="0-1279" name="TestSwitchMultiBoolOps" fullname="Kaitai.SpecSwitchMultiBoolOps.TestSwitchMultiBoolOps" methodname="TestSwitchMultiBoolOps" classname="Kaitai.SpecSwitchMultiBoolOps" runstate="Runnable" seed="1328035391" result="Passed" start-time="2019-10-12 14:32:22Z" end-time="2019-10-12 14:32:22Z" duration="0.001688" asserts="9" />
      </test-suite>
      <test-suite type="TestFixture" id="0-1280" name="SpecSwitchRepeatExpr" fullname="Kaitai.SpecSwitchRepeatExpr" classname="Kaitai.SpecSwitchRepeatExpr" runstate="Runnable" testcasecount="1" result="Passed" start-time="2019-10-12 14:32:22Z" end-time="2019-10-12 14:32:22Z" duration="0.004278" total="1" passed="1" failed="0" inconclusive="0" skipped="0" asserts="3">
        <test-case id="0-1281" name="TestSwitchRepeatExpr" fullname="Kaitai.SpecSwitchRepeatExpr.TestSwitchRepeatExpr" methodname="TestSwitchRepeatExpr" classname="Kaitai.SpecSwitchRepeatExpr" runstate="Runnable" seed="323654366" result="Passed" start-time="2019-10-12 14:32:22Z" end-time="2019-10-12 14:32:22Z" duration="0.001562" asserts="3" />
      </test-suite>
      <test-suite type="TestFixture" id="0-1282" name="SpecTermBytes" fullname="Kaitai.SpecTermBytes" classname="Kaitai.SpecTermBytes" runstate="Runnable" testcasecount="1" result="Passed" start-time="2019-10-12 14:32:22Z" end-time="2019-10-12 14:32:23Z" duration="0.003958" total="1" passed="1" failed="0" inconclusive="0" skipped="0" asserts="3">
        <test-case id="0-1283" name="TestTermBytes" fullname="Kaitai.SpecTermBytes.TestTermBytes" methodname="TestTermBytes" classname="Kaitai.SpecTermBytes" runstate="Runnable" seed="586060446" result="Passed" start-time="2019-10-12 14:32:22Z" end-time="2019-10-12 14:32:22Z" duration="0.000870" asserts="3" />
      </test-suite>
      <test-suite type="TestFixture" id="0-1284" name="SpecTermStrz" fullname="Kaitai.SpecTermStrz" classname="Kaitai.SpecTermStrz" runstate="Runnable" testcasecount="1" result="Passed" start-time="2019-10-12 14:32:23Z" end-time="2019-10-12 14:32:23Z" duration="0.004073" total="1" passed="1" failed="0" inconclusive="0" skipped="0" asserts="3">
        <test-case id="0-1285" name="TestTermStrz" fullname="Kaitai.SpecTermStrz.TestTermStrz" methodname="TestTermStrz" classname="Kaitai.SpecTermStrz" runstate="Runnable" seed="1236178751" result="Passed" start-time="2019-10-12 14:32:23Z" end-time="2019-10-12 14:32:23Z" duration="0.000329" asserts="3" />
      </test-suite>
      <test-suite type="TestFixture" id="0-1286" name="SpecTsPacketHeader" fullname="Kaitai.SpecTsPacketHeader" classname="Kaitai.SpecTsPacketHeader" runstate="Runnable" testcasecount="1" result="Passed" start-time="2019-10-12 14:32:23Z" end-time="2019-10-12 14:32:23Z" duration="0.006010" total="1" passed="1" failed="0" inconclusive="0" skipped="0" asserts="7">
        <test-case id="0-1287" name="TestTsPacketHeader" fullname="Kaitai.SpecTsPacketHeader.TestTsPacketHeader" methodname="TestTsPacketHeader" classname="Kaitai.SpecTsPacketHeader" runstate="Runnable" seed="2028115130" result="Passed" start-time="2019-10-12 14:32:23Z" end-time="2019-10-12 14:32:23Z" duration="0.002164" asserts="7" />
      </test-suite>
      <test-suite type="TestFixture" id="0-1288" name="SpecTypeIntUnaryOp" fullname="Kaitai.SpecTypeIntUnaryOp" classname="Kaitai.SpecTypeIntUnaryOp" runstate="Runnable" testcasecount="1" result="Passed" start-time="2019-10-12 14:32:23Z" end-time="2019-10-12 14:32:23Z" duration="0.005010" total="1" passed="1" failed="0" inconclusive="0" skipped="0" asserts="4">
        <test-case id="0-1289" name="TestTypeIntUnaryOp" fullname="Kaitai.SpecTypeIntUnaryOp.TestTypeIntUnaryOp" methodname="TestTypeIntUnaryOp" classname="Kaitai.SpecTypeIntUnaryOp" runstate="Runnable" seed="317782453" result="Passed" start-time="2019-10-12 14:32:23Z" end-time="2019-10-12 14:32:23Z" duration="0.001052" asserts="4" />
      </test-suite>
      <test-suite type="TestFixture" id="0-1290" name="SpecTypeTernary" fullname="Kaitai.SpecTypeTernary" classname="Kaitai.SpecTypeTernary" runstate="Runnable" testcasecount="1" result="Passed" start-time="2019-10-12 14:32:23Z" end-time="2019-10-12 14:32:23Z" duration="0.005289" total="1" passed="1" failed="0" inconclusive="0" skipped="0" asserts="1">
        <test-case id="0-1291" name="TestTypeTernary" fullname="Kaitai.SpecTypeTernary.TestTypeTernary" methodname="TestTypeTernary" classname="Kaitai.SpecTypeTernary" runstate="Runnable" seed="10700154" result="Passed" start-time="2019-10-12 14:32:23Z" end-time="2019-10-12 14:32:23Z" duration="0.001288" asserts="1" />
      </test-suite>
      <test-suite type="TestFixture" id="0-1292" name="SpecTypeTernaryOpaque" fullname="Kaitai.SpecTypeTernaryOpaque" classname="Kaitai.SpecTypeTernaryOpaque" runstate="Runnable" testcasecount="1" result="Passed" start-time="2019-10-12 14:32:23Z" end-time="2019-10-12 14:32:23Z" duration="0.006874" total="1" passed="1" failed="0" inconclusive="0" skipped="0" asserts="3">
        <test-case id="0-1293" name="TestTypeTernaryOpaque" fullname="Kaitai.SpecTypeTernaryOpaque.TestTypeTernaryOpaque" methodname="TestTypeTernaryOpaque" classname="Kaitai.SpecTypeTernaryOpaque" runstate="Runnable" seed="1708430871" result="Passed" start-time="2019-10-12 14:32:23Z" end-time="2019-10-12 14:32:23Z" duration="0.002438" asserts="3" />
      </test-suite>
      <test-suite type="TestFixture" id="0-1294" name="SpecUserType" fullname="Kaitai.SpecUserType" classname="Kaitai.SpecUserType" runstate="Runnable" testcasecount="1" result="Passed" start-time="2019-10-12 14:32:23Z" end-time="2019-10-12 14:32:23Z" duration="0.003606" total="1" passed="1" failed="0" inconclusive="0" skipped="0" asserts="2">
        <test-case id="0-1295" name="TestUserType" fullname="Kaitai.SpecUserType.TestUserType" methodname="TestUserType" classname="Kaitai.SpecUserType" runstate="Runnable" seed="1055634244" result="Passed" start-time="2019-10-12 14:32:23Z" end-time="2019-10-12 14:32:23Z" duration="0.000949" asserts="2" />
      </test-suite>
      <test-suite type="TestFixture" id="0-1296" name="SpecZlibWithHeader78" fullname="Kaitai.SpecZlibWithHeader78" classname="Kaitai.SpecZlibWithHeader78" runstate="Runnable" testcasecount="1" result="Passed" start-time="2019-10-12 14:32:23Z" end-time="2019-10-12 14:32:23Z" duration="0.022225" total="1" passed="1" failed="0" inconclusive="0" skipped="0" asserts="1">
        <test-case id="0-1297" name="TestZlibWithHeader78" fullname="Kaitai.SpecZlibWithHeader78.TestZlibWithHeader78" methodname="TestZlibWithHeader78" classname="Kaitai.SpecZlibWithHeader78" runstate="Runnable" seed="498158369" result="Passed" start-time="2019-10-12 14:32:23Z" end-time="2019-10-12 14:32:23Z" duration="0.018728" asserts="1" />
      </test-suite>
    </test-suite>
  </test-suite>
</test-run>