<?xml version="1.0" encoding="utf-8" standalone="no"?>
<test-run id="2" testcasecount="223" result="Failed" total="223" passed="222" failed="1" inconclusive="0" skipped="0" asserts="1008" engine-version="3.4.1.0" clr-version="4.0.30319.42000" start-time="2023-10-16 18:21:47Z" end-time="2023-10-16 18:21:49Z" duration="1.671254">
  <command-line><![CDATA[/home/runner/.nuget/packages/nunit.consolerunner/3.4.1/tools/nunit3-console.exe --result=test_out/csharp/TestResult.xml spec/csharp/kaitai_struct_csharp_tests_netframework/bin/Debug/kaitai_struct_csharp_tests.dll]]></command-line>
  <test-suite type="Assembly" id="0-1446" name="kaitai_struct_csharp_tests.dll" fullname="/home/runner/work/ci_targets/ci_targets/tests/spec/csharp/kaitai_struct_csharp_tests_netframework/bin/Debug/kaitai_struct_csharp_tests.dll" runstate="Runnable" testcasecount="223" result="Failed" site="Child" start-time="2023-10-16 18:21:47Z" end-time="2023-10-16 18:21:49Z" duration="1.532991" total="223" passed="222" failed="1" inconclusive="0" skipped="0" asserts="1008">
    <environment framework-version="3.4.1.0" clr-version="4.0.30319.42000" os-version="Unix 6.2.0.1012" platform="Unix" cwd="/home/runner/work/ci_targets/ci_targets/tests" machine-name="fv-az797-727" user="runner" user-domain="fv-az797-727" culture="" uiculture="" os-architecture="x64" />
    <settings>
      <setting name="WorkDirectory" value="/home/runner/work/ci_targets/ci_targets/tests" />
      <setting name="ImageRuntimeVersion" value="4.0.30319" />
      <setting name="ImageTargetFrameworkName" value=".NETFramework,Version=v4.8" />
      <setting name="ImageRequiresX86" value="False" />
      <setting name="ImageRequiresDefaultAppDomainAssemblyResolver" value="False" />
      <setting name="NumberOfTestWorkers" value="2" />
    </settings>
    <properties>
      <property name="_PID" value="2610" />
      <property name="_APPDOMAIN" value="test-domain-" />
    </properties>
    <failure>
      <message><![CDATA[One or more child tests had errors]]></message>
    </failure>
    <test-suite type="TestSuite" id="0-1447" name="Kaitai" fullname="Kaitai" runstate="Runnable" testcasecount="223" result="Failed" site="Child" start-time="2023-10-16 18:21:47Z" end-time="2023-10-16 18:21:49Z" duration="1.517615" total="223" passed="222" failed="1" inconclusive="0" skipped="0" asserts="1008">
      <failure>
        <message><![CDATA[One or more child tests had errors]]></message>
      </failure>
      <test-suite type="TestFixture" id="0-1000" name="SpecBcdUserTypeBe" fullname="Kaitai.SpecBcdUserTypeBe" classname="Kaitai.SpecBcdUserTypeBe" runstate="Runnable" testcasecount="1" result="Passed" start-time="2023-10-16 18:21:47Z" end-time="2023-10-16 18:21:48Z" duration="0.030501" total="1" passed="1" failed="0" inconclusive="0" skipped="0" asserts="6">
        <test-case id="0-1001" name="TestBcdUserTypeBe" fullname="Kaitai.SpecBcdUserTypeBe.TestBcdUserTypeBe" methodname="TestBcdUserTypeBe" classname="Kaitai.SpecBcdUserTypeBe" runstate="Runnable" seed="710095927" result="Passed" start-time="2023-10-16 18:21:48Z" end-time="2023-10-16 18:21:48Z" duration="0.020742" asserts="6" />
      </test-suite>
      <test-suite type="TestFixture" id="0-1002" name="SpecBcdUserTypeLe" fullname="Kaitai.SpecBcdUserTypeLe" classname="Kaitai.SpecBcdUserTypeLe" runstate="Runnable" testcasecount="1" result="Passed" start-time="2023-10-16 18:21:48Z" end-time="2023-10-16 18:21:48Z" duration="0.005383" total="1" passed="1" failed="0" inconclusive="0" skipped="0" asserts="6">
        <test-case id="0-1003" name="TestBcdUserTypeLe" fullname="Kaitai.SpecBcdUserTypeLe.TestBcdUserTypeLe" methodname="TestBcdUserTypeLe" classname="Kaitai.SpecBcdUserTypeLe" runstate="Runnable" seed="1528459276" result="Passed" start-time="2023-10-16 18:21:48Z" end-time="2023-10-16 18:21:48Z" duration="0.002872" asserts="6" />
      </test-suite>
      <test-suite type="TestFixture" id="0-1004" name="SpecBitsByteAligned" fullname="Kaitai.SpecBitsByteAligned" classname="Kaitai.SpecBitsByteAligned" runstate="Runnable" testcasecount="1" result="Passed" start-time="2023-10-16 18:21:48Z" end-time="2023-10-16 18:21:48Z" duration="0.006847" total="1" passed="1" failed="0" inconclusive="0" skipped="0" asserts="9">
        <test-case id="0-1005" name="TestBitsByteAligned" fullname="Kaitai.SpecBitsByteAligned.TestBitsByteAligned" methodname="TestBitsByteAligned" classname="Kaitai.SpecBitsByteAligned" runstate="Runnable" seed="915552511" result="Passed" start-time="2023-10-16 18:21:48Z" end-time="2023-10-16 18:21:48Z" duration="0.004315" asserts="9" />
      </test-suite>
      <test-suite type="TestFixture" id="0-1006" name="SpecBitsEnum" fullname="Kaitai.SpecBitsEnum" classname="Kaitai.SpecBitsEnum" runstate="Runnable" testcasecount="1" result="Passed" start-time="2023-10-16 18:21:48Z" end-time="2023-10-16 18:21:48Z" duration="0.003418" total="1" passed="1" failed="0" inconclusive="0" skipped="0" asserts="3">
        <test-case id="0-1007" name="TestBitsEnum" fullname="Kaitai.SpecBitsEnum.TestBitsEnum" methodname="TestBitsEnum" classname="Kaitai.SpecBitsEnum" runstate="Runnable" seed="881609011" result="Passed" start-time="2023-10-16 18:21:48Z" end-time="2023-10-16 18:21:48Z" duration="0.000908" asserts="3" />
      </test-suite>
      <test-suite type="TestFixture" id="0-1008" name="SpecBitsSeqEndianCombo" fullname="Kaitai.SpecBitsSeqEndianCombo" classname="Kaitai.SpecBitsSeqEndianCombo" runstate="Runnable" testcasecount="1" result="Passed" start-time="2023-10-16 18:21:48Z" end-time="2023-10-16 18:21:48Z" duration="0.004401" total="1" passed="1" failed="0" inconclusive="0" skipped="0" asserts="8">
        <test-case id="0-1009" name="TestBitsSeqEndianCombo" fullname="Kaitai.SpecBitsSeqEndianCombo.TestBitsSeqEndianCombo" methodname="TestBitsSeqEndianCombo" classname="Kaitai.SpecBitsSeqEndianCombo" runstate="Runnable" seed="1338086196" result="Passed" start-time="2023-10-16 18:21:48Z" end-time="2023-10-16 18:21:48Z" duration="0.000934" asserts="8" />
      </test-suite>
      <test-suite type="TestFixture" id="0-1010" name="SpecBitsShiftByB32Le" fullname="Kaitai.SpecBitsShiftByB32Le" classname="Kaitai.SpecBitsShiftByB32Le" runstate="Runnable" testcasecount="1" result="Passed" start-time="2023-10-16 18:21:48Z" end-time="2023-10-16 18:21:48Z" duration="0.003751" total="1" passed="1" failed="0" inconclusive="0" skipped="0" asserts="2">
        <test-case id="0-1011" name="TestBitsShiftByB32Le" fullname="Kaitai.SpecBitsShiftByB32Le.TestBitsShiftByB32Le" methodname="TestBitsShiftByB32Le" classname="Kaitai.SpecBitsShiftByB32Le" runstate="Runnable" seed="1632347208" result="Passed" start-time="2023-10-16 18:21:48Z" end-time="2023-10-16 18:21:48Z" duration="0.001117" asserts="2" />
      </test-suite>
      <test-suite type="TestFixture" id="0-1012" name="SpecBitsShiftByB64Le" fullname="Kaitai.SpecBitsShiftByB64Le" classname="Kaitai.SpecBitsShiftByB64Le" runstate="Runnable" testcasecount="1" result="Passed" start-time="2023-10-16 18:21:48Z" end-time="2023-10-16 18:21:48Z" duration="0.002952" total="1" passed="1" failed="0" inconclusive="0" skipped="0" asserts="2">
        <test-case id="0-1013" name="TestBitsShiftByB64Le" fullname="Kaitai.SpecBitsShiftByB64Le.TestBitsShiftByB64Le" methodname="TestBitsShiftByB64Le" classname="Kaitai.SpecBitsShiftByB64Le" runstate="Runnable" seed="205195208" result="Passed" start-time="2023-10-16 18:21:48Z" end-time="2023-10-16 18:21:48Z" duration="0.000498" asserts="2" />
      </test-suite>
      <test-suite type="TestFixture" id="0-1014" name="SpecBitsSignedResB32Be" fullname="Kaitai.SpecBitsSignedResB32Be" classname="Kaitai.SpecBitsSignedResB32Be" runstate="Runnable" testcasecount="1" result="Passed" start-time="2023-10-16 18:21:48Z" end-time="2023-10-16 18:21:48Z" duration="0.003128" total="1" passed="1" failed="0" inconclusive="0" skipped="0" asserts="1">
        <test-case id="0-1015" name="TestBitsSignedResB32Be" fullname="Kaitai.SpecBitsSignedResB32Be.TestBitsSignedResB32Be" methodname="TestBitsSignedResB32Be" classname="Kaitai.SpecBitsSignedResB32Be" runstate="Runnable" seed="464016297" result="Passed" start-time="2023-10-16 18:21:48Z" end-time="2023-10-16 18:21:48Z" duration="0.000564" asserts="1" />
      </test-suite>
      <test-suite type="TestFixture" id="0-1016" name="SpecBitsSignedResB32Le" fullname="Kaitai.SpecBitsSignedResB32Le" classname="Kaitai.SpecBitsSignedResB32Le" runstate="Runnable" testcasecount="1" result="Passed" start-time="2023-10-16 18:21:48Z" end-time="2023-10-16 18:21:48Z" duration="0.002901" total="1" passed="1" failed="0" inconclusive="0" skipped="0" asserts="1">
        <test-case id="0-1017" name="TestBitsSignedResB32Le" fullname="Kaitai.SpecBitsSignedResB32Le.TestBitsSignedResB32Le" methodname="TestBitsSignedResB32Le" classname="Kaitai.SpecBitsSignedResB32Le" runstate="Runnable" seed="2118691303" result="Passed" start-time="2023-10-16 18:21:48Z" end-time="2023-10-16 18:21:48Z" duration="0.000455" asserts="1" />
      </test-suite>
      <test-suite type="TestFixture" id="0-1018" name="SpecBitsSignedShiftB32Le" fullname="Kaitai.SpecBitsSignedShiftB32Le" classname="Kaitai.SpecBitsSignedShiftB32Le" runstate="Runnable" testcasecount="1" result="Passed" start-time="2023-10-16 18:21:48Z" end-time="2023-10-16 18:21:48Z" duration="0.003084" total="1" passed="1" failed="0" inconclusive="0" skipped="0" asserts="2">
        <test-case id="0-1019" name="TestBitsSignedShiftB32Le" fullname="Kaitai.SpecBitsSignedShiftB32Le.TestBitsSignedShiftB32Le" methodname="TestBitsSignedShiftB32Le" classname="Kaitai.SpecBitsSignedShiftB32Le" runstate="Runnable" seed="843360227" result="Passed" start-time="2023-10-16 18:21:48Z" end-time="2023-10-16 18:21:48Z" duration="0.000503" asserts="2" />
      </test-suite>
      <test-suite type="TestFixture" id="0-1020" name="SpecBitsSignedShiftB64Le" fullname="Kaitai.SpecBitsSignedShiftB64Le" classname="Kaitai.SpecBitsSignedShiftB64Le" runstate="Runnable" testcasecount="1" result="Passed" start-time="2023-10-16 18:21:48Z" end-time="2023-10-16 18:21:48Z" duration="0.003092" total="1" passed="1" failed="0" inconclusive="0" skipped="0" asserts="2">
        <test-case id="0-1021" name="TestBitsSignedShiftB64Le" fullname="Kaitai.SpecBitsSignedShiftB64Le.TestBitsSignedShiftB64Le" methodname="TestBitsSignedShiftB64Le" classname="Kaitai.SpecBitsSignedShiftB64Le" runstate="Runnable" seed="90749026" result="Passed" start-time="2023-10-16 18:21:48Z" end-time="2023-10-16 18:21:48Z" duration="0.000513" asserts="2" />
      </test-suite>
      <test-suite type="TestFixture" id="0-1022" name="SpecBitsSimple" fullname="Kaitai.SpecBitsSimple" classname="Kaitai.SpecBitsSimple" runstate="Runnable" testcasecount="1" result="Passed" start-time="2023-10-16 18:21:48Z" end-time="2023-10-16 18:21:48Z" duration="0.004897" total="1" passed="1" failed="0" inconclusive="0" skipped="0" asserts="14">
        <test-case id="0-1023" name="TestBitsSimple" fullname="Kaitai.SpecBitsSimple.TestBitsSimple" methodname="TestBitsSimple" classname="Kaitai.SpecBitsSimple" runstate="Runnable" seed="1359248634" result="Passed" start-time="2023-10-16 18:21:48Z" end-time="2023-10-16 18:21:48Z" duration="0.002411" asserts="14" />
      </test-suite>
      <test-suite type="TestFixture" id="0-1024" name="SpecBitsSimpleLe" fullname="Kaitai.SpecBitsSimpleLe" classname="Kaitai.SpecBitsSimpleLe" runstate="Runnable" testcasecount="1" result="Passed" start-time="2023-10-16 18:21:48Z" end-time="2023-10-16 18:21:48Z" duration="0.003594" total="1" passed="1" failed="0" inconclusive="0" skipped="0" asserts="14">
        <test-case id="0-1025" name="TestBitsSimpleLe" fullname="Kaitai.SpecBitsSimpleLe.TestBitsSimpleLe" methodname="TestBitsSimpleLe" classname="Kaitai.SpecBitsSimpleLe" runstate="Runnable" seed="772273334" result="Passed" start-time="2023-10-16 18:21:48Z" end-time="2023-10-16 18:21:48Z" duration="0.001093" asserts="14" />
      </test-suite>
      <test-suite type="TestFixture" id="0-1026" name="SpecBitsUnalignedB32Be" fullname="Kaitai.SpecBitsUnalignedB32Be" classname="Kaitai.SpecBitsUnalignedB32Be" runstate="Runnable" testcasecount="1" result="Passed" start-time="2023-10-16 18:21:48Z" end-time="2023-10-16 18:21:48Z" duration="0.003064" total="1" passed="1" failed="0" inconclusive="0" skipped="0" asserts="3">
        <test-case id="0-1027" name="TestBitsUnalignedB32Be" fullname="Kaitai.SpecBitsUnalignedB32Be.TestBitsUnalignedB32Be" methodname="TestBitsUnalignedB32Be" classname="Kaitai.SpecBitsUnalignedB32Be" runstate="Runnable" seed="175477862" result="Passed" start-time="2023-10-16 18:21:48Z" end-time="2023-10-16 18:21:48Z" duration="0.000565" asserts="3" />
      </test-suite>
      <test-suite type="TestFixture" id="0-1028" name="SpecBitsUnalignedB32Le" fullname="Kaitai.SpecBitsUnalignedB32Le" classname="Kaitai.SpecBitsUnalignedB32Le" runstate="Runnable" testcasecount="1" result="Passed" start-time="2023-10-16 18:21:48Z" end-time="2023-10-16 18:21:48Z" duration="0.003571" total="1" passed="1" failed="0" inconclusive="0" skipped="0" asserts="3">
        <test-case id="0-1029" name="TestBitsUnalignedB32Le" fullname="Kaitai.SpecBitsUnalignedB32Le.TestBitsUnalignedB32Le" methodname="TestBitsUnalignedB32Le" classname="Kaitai.SpecBitsUnalignedB32Le" runstate="Runnable" seed="1165780985" result="Passed" start-time="2023-10-16 18:21:48Z" end-time="2023-10-16 18:21:48Z" duration="0.001077" asserts="3" />
      </test-suite>
      <test-suite type="TestFixture" id="0-1030" name="SpecBitsUnalignedB64Be" fullname="Kaitai.SpecBitsUnalignedB64Be" classname="Kaitai.SpecBitsUnalignedB64Be" runstate="Runnable" testcasecount="1" result="Passed" start-time="2023-10-16 18:21:48Z" end-time="2023-10-16 18:21:48Z" duration="0.003016" total="1" passed="1" failed="0" inconclusive="0" skipped="0" asserts="3">
        <test-case id="0-1031" name="TestBitsUnalignedB64Be" fullname="Kaitai.SpecBitsUnalignedB64Be.TestBitsUnalignedB64Be" methodname="TestBitsUnalignedB64Be" classname="Kaitai.SpecBitsUnalignedB64Be" runstate="Runnable" seed="1987024589" result="Passed" start-time="2023-10-16 18:21:48Z" end-time="2023-10-16 18:21:48Z" duration="0.000554" asserts="3" />
      </test-suite>
      <test-suite type="TestFixture" id="0-1032" name="SpecBitsUnalignedB64Le" fullname="Kaitai.SpecBitsUnalignedB64Le" classname="Kaitai.SpecBitsUnalignedB64Le" runstate="Runnable" testcasecount="1" result="Passed" start-time="2023-10-16 18:21:48Z" end-time="2023-10-16 18:21:48Z" duration="0.005954" total="1" passed="1" failed="0" inconclusive="0" skipped="0" asserts="3">
        <test-case id="0-1033" name="TestBitsUnalignedB64Le" fullname="Kaitai.SpecBitsUnalignedB64Le.TestBitsUnalignedB64Le" methodname="TestBitsUnalignedB64Le" classname="Kaitai.SpecBitsUnalignedB64Le" runstate="Runnable" seed="710110759" result="Passed" start-time="2023-10-16 18:21:48Z" end-time="2023-10-16 18:21:48Z" duration="0.000515" asserts="3" />
      </test-suite>
      <test-suite type="TestFixture" id="0-1034" name="SpecBufferedStruct" fullname="Kaitai.SpecBufferedStruct" classname="Kaitai.SpecBufferedStruct" runstate="Runnable" testcasecount="1" result="Passed" start-time="2023-10-16 18:21:48Z" end-time="2023-10-16 18:21:48Z" duration="0.004129" total="1" passed="1" failed="0" inconclusive="0" skipped="0" asserts="7">
        <test-case id="0-1035" name="TestBufferedStruct" fullname="Kaitai.SpecBufferedStruct.TestBufferedStruct" methodname="TestBufferedStruct" classname="Kaitai.SpecBufferedStruct" runstate="Runnable" seed="1876539997" result="Passed" start-time="2023-10-16 18:21:48Z" end-time="2023-10-16 18:21:48Z" duration="0.001622" asserts="7" />
      </test-suite>
      <test-suite type="TestFixture" id="0-1036" name="SpecBytesPadTerm" fullname="Kaitai.SpecBytesPadTerm" classname="Kaitai.SpecBytesPadTerm" runstate="Runnable" testcasecount="1" result="Passed" start-time="2023-10-16 18:21:48Z" end-time="2023-10-16 18:21:48Z" duration="0.003364" total="1" passed="1" failed="0" inconclusive="0" skipped="0" asserts="4">
        <test-case id="0-1037" name="TestBytesPadTerm" fullname="Kaitai.SpecBytesPadTerm.TestBytesPadTerm" methodname="TestBytesPadTerm" classname="Kaitai.SpecBytesPadTerm" runstate="Runnable" seed="1353240945" result="Passed" start-time="2023-10-16 18:21:48Z" end-time="2023-10-16 18:21:48Z" duration="0.000876" asserts="4" />
      </test-suite>
      <test-suite type="TestFixture" id="0-1038" name="SpecCastNested" fullname="Kaitai.SpecCastNested" classname="Kaitai.SpecCastNested" runstate="Runnable" testcasecount="1" result="Passed" start-time="2023-10-16 18:21:48Z" end-time="2023-10-16 18:21:48Z" duration="0.027024" total="1" passed="1" failed="0" inconclusive="0" skipped="0" asserts="4">
        <test-case id="0-1039" name="TestCastNested" fullname="Kaitai.SpecCastNested.TestCastNested" methodname="TestCastNested" classname="Kaitai.SpecCastNested" runstate="Runnable" seed="1055593802" result="Passed" start-time="2023-10-16 18:21:48Z" end-time="2023-10-16 18:21:48Z" duration="0.024580" asserts="4" />
      </test-suite>
      <test-suite type="TestFixture" id="0-1040" name="SpecCastToImported" fullname="Kaitai.SpecCastToImported" classname="Kaitai.SpecCastToImported" runstate="Runnable" testcasecount="1" result="Passed" start-time="2023-10-16 18:21:48Z" end-time="2023-10-16 18:21:48Z" duration="0.003375" total="1" passed="1" failed="0" inconclusive="0" skipped="0" asserts="2">
        <test-case id="0-1041" name="TestCastToImported" fullname="Kaitai.SpecCastToImported.TestCastToImported" methodname="TestCastToImported" classname="Kaitai.SpecCastToImported" runstate="Runnable" seed="1287242238" result="Passed" start-time="2023-10-16 18:21:48Z" end-time="2023-10-16 18:21:48Z" duration="0.000818" asserts="2" />
      </test-suite>
      <test-suite type="TestFixture" id="0-1042" name="SpecCastToTop" fullname="Kaitai.SpecCastToTop" classname="Kaitai.SpecCastToTop" runstate="Runnable" testcasecount="1" result="Passed" start-time="2023-10-16 18:21:48Z" end-time="2023-10-16 18:21:48Z" duration="0.004369" total="1" passed="1" failed="0" inconclusive="0" skipped="0" asserts="3">
        <test-case id="0-1043" name="TestCastToTop" fullname="Kaitai.SpecCastToTop.TestCastToTop" methodname="TestCastToTop" classname="Kaitai.SpecCastToTop" runstate="Runnable" seed="1033377189" result="Passed" start-time="2023-10-16 18:21:48Z" end-time="2023-10-16 18:21:48Z" duration="0.001574" asserts="3" />
      </test-suite>
      <test-suite type="TestFixture" id="0-1044" name="SpecCombineBool" fullname="Kaitai.SpecCombineBool" classname="Kaitai.SpecCombineBool" runstate="Runnable" testcasecount="1" result="Passed" start-time="2023-10-16 18:21:48Z" end-time="2023-10-16 18:21:48Z" duration="0.003177" total="1" passed="1" failed="0" inconclusive="0" skipped="0" asserts="2">
        <test-case id="0-1045" name="TestCombineBool" fullname="Kaitai.SpecCombineBool.TestCombineBool" methodname="TestCombineBool" classname="Kaitai.SpecCombineBool" runstate="Runnable" seed="1742344263" result="Passed" start-time="2023-10-16 18:21:48Z" end-time="2023-10-16 18:21:48Z" duration="0.000728" asserts="2" />
      </test-suite>
      <test-suite type="TestFixture" id="0-1046" name="SpecCombineBytes" fullname="Kaitai.SpecCombineBytes" classname="Kaitai.SpecCombineBytes" runstate="Runnable" testcasecount="1" result="Passed" start-time="2023-10-16 18:21:48Z" end-time="2023-10-16 18:21:48Z" duration="0.003807" total="1" passed="1" failed="0" inconclusive="0" skipped="0" asserts="10">
        <test-case id="0-1047" name="TestCombineBytes" fullname="Kaitai.SpecCombineBytes.TestCombineBytes" methodname="TestCombineBytes" classname="Kaitai.SpecCombineBytes" runstate="Runnable" seed="869649638" result="Passed" start-time="2023-10-16 18:21:48Z" end-time="2023-10-16 18:21:48Z" duration="0.001306" asserts="10" />
      </test-suite>
      <test-suite type="TestFixture" id="0-1048" name="SpecCombineEnum" fullname="Kaitai.SpecCombineEnum" classname="Kaitai.SpecCombineEnum" runstate="Runnable" testcasecount="1" result="Passed" start-time="2023-10-16 18:21:48Z" end-time="2023-10-16 18:21:48Z" duration="0.003291" total="1" passed="1" failed="0" inconclusive="0" skipped="0" asserts="3">
        <test-case id="0-1049" name="TestCombineEnum" fullname="Kaitai.SpecCombineEnum.TestCombineEnum" methodname="TestCombineEnum" classname="Kaitai.SpecCombineEnum" runstate="Runnable" seed="213827927" result="Passed" start-time="2023-10-16 18:21:48Z" end-time="2023-10-16 18:21:48Z" duration="0.000778" asserts="3" />
      </test-suite>
      <test-suite type="TestFixture" id="0-1050" name="SpecCombineStr" fullname="Kaitai.SpecCombineStr" classname="Kaitai.SpecCombineStr" runstate="Runnable" testcasecount="1" result="Passed" start-time="2023-10-16 18:21:48Z" end-time="2023-10-16 18:21:48Z" duration="0.003993" total="1" passed="1" failed="0" inconclusive="0" skipped="0" asserts="15">
        <test-case id="0-1051" name="TestCombineStr" fullname="Kaitai.SpecCombineStr.TestCombineStr" methodname="TestCombineStr" classname="Kaitai.SpecCombineStr" runstate="Runnable" seed="1562973849" result="Passed" start-time="2023-10-16 18:21:48Z" end-time="2023-10-16 18:21:48Z" duration="0.001471" asserts="15" />
      </test-suite>
      <test-suite type="TestFixture" id="0-1052" name="SpecDebug0" fullname="Kaitai.SpecDebug0" classname="Kaitai.SpecDebug0" runstate="Runnable" testcasecount="1" result="Passed" start-time="2023-10-16 18:21:48Z" end-time="2023-10-16 18:21:48Z" duration="0.002581" total="1" passed="1" failed="0" inconclusive="0" skipped="0" asserts="0">
        <test-case id="0-1053" name="TestDebug0" fullname="Kaitai.SpecDebug0.TestDebug0" methodname="TestDebug0" classname="Kaitai.SpecDebug0" runstate="Runnable" seed="429047921" result="Passed" start-time="2023-10-16 18:21:48Z" end-time="2023-10-16 18:21:48Z" duration="0.000083" asserts="0" />
      </test-suite>
      <test-suite type="TestFixture" id="0-1054" name="SpecDebugArrayUser" fullname="Kaitai.SpecDebugArrayUser" classname="Kaitai.SpecDebugArrayUser" runstate="Runnable" testcasecount="1" result="Passed" start-time="2023-10-16 18:21:48Z" end-time="2023-10-16 18:21:48Z" duration="0.004261" total="1" passed="1" failed="0" inconclusive="0" skipped="0" asserts="4">
        <test-case id="0-1055" name="TestDebugArrayUser" fullname="Kaitai.SpecDebugArrayUser.TestDebugArrayUser" methodname="TestDebugArrayUser" classname="Kaitai.SpecDebugArrayUser" runstate="Runnable" seed="663608938" result="Passed" start-time="2023-10-16 18:21:48Z" end-time="2023-10-16 18:21:48Z" duration="0.001760" asserts="4" />
      </test-suite>
      <test-suite type="TestFixture" id="0-1056" name="SpecDebugEnumName" fullname="Kaitai.SpecDebugEnumName" classname="Kaitai.SpecDebugEnumName" runstate="Runnable" testcasecount="1" result="Passed" start-time="2023-10-16 18:21:48Z" end-time="2023-10-16 18:21:48Z" duration="0.002588" total="1" passed="1" failed="0" inconclusive="0" skipped="0" asserts="0">
        <test-case id="0-1057" name="TestDebugEnumName" fullname="Kaitai.SpecDebugEnumName.TestDebugEnumName" methodname="TestDebugEnumName" classname="Kaitai.SpecDebugEnumName" runstate="Runnable" seed="556980308" result="Passed" start-time="2023-10-16 18:21:48Z" end-time="2023-10-16 18:21:48Z" duration="0.000083" asserts="0" />
      </test-suite>
      <test-suite type="TestFixture" id="0-1058" name="SpecDebugSwitchUser" fullname="Kaitai.SpecDebugSwitchUser" classname="Kaitai.SpecDebugSwitchUser" runstate="Runnable" testcasecount="1" result="Passed" start-time="2023-10-16 18:21:48Z" end-time="2023-10-16 18:21:48Z" duration="0.003350" total="1" passed="1" failed="0" inconclusive="0" skipped="0" asserts="2">
        <test-case id="0-1059" name="TestDebugSwitchUser" fullname="Kaitai.SpecDebugSwitchUser.TestDebugSwitchUser" methodname="TestDebugSwitchUser" classname="Kaitai.SpecDebugSwitchUser" runstate="Runnable" seed="569449526" result="Passed" start-time="2023-10-16 18:21:48Z" end-time="2023-10-16 18:21:48Z" duration="0.000849" asserts="2" />
      </test-suite>
      <test-suite type="TestFixture" id="0-1060" name="SpecDefaultBigEndian" fullname="Kaitai.SpecDefaultBigEndian" classname="Kaitai.SpecDefaultBigEndian" runstate="Runnable" testcasecount="1" result="Passed" start-time="2023-10-16 18:21:48Z" end-time="2023-10-16 18:21:48Z" duration="0.003007" total="1" passed="1" failed="0" inconclusive="0" skipped="0" asserts="1">
        <test-case id="0-1061" name="TestDefaultBigEndian" fullname="Kaitai.SpecDefaultBigEndian.TestDefaultBigEndian" methodname="TestDefaultBigEndian" classname="Kaitai.SpecDefaultBigEndian" runstate="Runnable" seed="221002180" result="Passed" start-time="2023-10-16 18:21:48Z" end-time="2023-10-16 18:21:48Z" duration="0.000540" asserts="1" />
      </test-suite>
      <test-suite type="TestFixture" id="0-1062" name="SpecDefaultBitEndianMod" fullname="Kaitai.SpecDefaultBitEndianMod" classname="Kaitai.SpecDefaultBitEndianMod" runstate="Runnable" testcasecount="1" result="Passed" start-time="2023-10-16 18:21:48Z" end-time="2023-10-16 18:21:48Z" duration="0.003573" total="1" passed="1" failed="0" inconclusive="0" skipped="0" asserts="4">
        <test-case id="0-1063" name="TestDefaultBitEndianMod" fullname="Kaitai.SpecDefaultBitEndianMod.TestDefaultBitEndianMod" methodname="TestDefaultBitEndianMod" classname="Kaitai.SpecDefaultBitEndianMod" runstate="Runnable" seed="1156418195" result="Passed" start-time="2023-10-16 18:21:48Z" end-time="2023-10-16 18:21:48Z" duration="0.000985" asserts="4" />
      </test-suite>
      <test-suite type="TestFixture" id="0-1064" name="SpecDefaultEndianExprException" fullname="Kaitai.SpecDefaultEndianExprException" classname="Kaitai.SpecDefaultEndianExprException" runstate="Runnable" testcasecount="1" result="Passed" start-time="2023-10-16 18:21:48Z" end-time="2023-10-16 18:21:48Z" duration="0.007684" total="1" passed="1" failed="0" inconclusive="0" skipped="0" asserts="1">
        <test-case id="0-1065" name="TestDefaultEndianExprException" fullname="Kaitai.SpecDefaultEndianExprException.TestDefaultEndianExprException" methodname="TestDefaultEndianExprException" classname="Kaitai.SpecDefaultEndianExprException" runstate="Runnable" seed="405493841" result="Passed" start-time="2023-10-16 18:21:48Z" end-time="2023-10-16 18:21:48Z" duration="0.005205" asserts="1" />
      </test-suite>
      <test-suite type="TestFixture" id="0-1066" name="SpecDefaultEndianExprInherited" fullname="Kaitai.SpecDefaultEndianExprInherited" classname="Kaitai.SpecDefaultEndianExprInherited" runstate="Runnable" testcasecount="1" result="Passed" start-time="2023-10-16 18:21:48Z" end-time="2023-10-16 18:21:48Z" duration="0.005918" total="1" passed="1" failed="0" inconclusive="0" skipped="0" asserts="15">
        <test-case id="0-1067" name="TestDefaultEndianExprInherited" fullname="Kaitai.SpecDefaultEndianExprInherited.TestDefaultEndianExprInherited" methodname="TestDefaultEndianExprInherited" classname="Kaitai.SpecDefaultEndianExprInherited" runstate="Runnable" seed="459158440" result="Passed" start-time="2023-10-16 18:21:48Z" end-time="2023-10-16 18:21:48Z" duration="0.003450" asserts="15" />
      </test-suite>
      <test-suite type="TestFixture" id="0-1068" name="SpecDefaultEndianExprIsBe" fullname="Kaitai.SpecDefaultEndianExprIsBe" classname="Kaitai.SpecDefaultEndianExprIsBe" runstate="Runnable" testcasecount="1" result="Passed" start-time="2023-10-16 18:21:48Z" end-time="2023-10-16 18:21:48Z" duration="0.005543" total="1" passed="1" failed="0" inconclusive="0" skipped="0" asserts="18">
        <test-case id="0-1069" name="TestDefaultEndianExprIsBe" fullname="Kaitai.SpecDefaultEndianExprIsBe.TestDefaultEndianExprIsBe" methodname="TestDefaultEndianExprIsBe" classname="Kaitai.SpecDefaultEndianExprIsBe" runstate="Runnable" seed="1010113932" result="Passed" start-time="2023-10-16 18:21:48Z" end-time="2023-10-16 18:21:48Z" duration="0.003070" asserts="18" />
      </test-suite>
      <test-suite type="TestFixture" id="0-1070" name="SpecDefaultEndianExprIsLe" fullname="Kaitai.SpecDefaultEndianExprIsLe" classname="Kaitai.SpecDefaultEndianExprIsLe" runstate="Runnable" testcasecount="1" result="Passed" start-time="2023-10-16 18:21:48Z" end-time="2023-10-16 18:21:48Z" duration="0.004529" total="1" passed="1" failed="0" inconclusive="0" skipped="0" asserts="12">
        <test-case id="0-1071" name="TestDefaultEndianExprIsLe" fullname="Kaitai.SpecDefaultEndianExprIsLe.TestDefaultEndianExprIsLe" methodname="TestDefaultEndianExprIsLe" classname="Kaitai.SpecDefaultEndianExprIsLe" runstate="Runnable" seed="58487986" result="Passed" start-time="2023-10-16 18:21:48Z" end-time="2023-10-16 18:21:48Z" duration="0.002050" asserts="12" />
      </test-suite>
      <test-suite type="TestFixture" id="0-1072" name="SpecDefaultEndianMod" fullname="Kaitai.SpecDefaultEndianMod" classname="Kaitai.SpecDefaultEndianMod" runstate="Runnable" testcasecount="1" result="Passed" start-time="2023-10-16 18:21:48Z" end-time="2023-10-16 18:21:48Z" duration="0.003581" total="1" passed="1" failed="0" inconclusive="0" skipped="0" asserts="3">
        <test-case id="0-1073" name="TestDefaultEndianMod" fullname="Kaitai.SpecDefaultEndianMod.TestDefaultEndianMod" methodname="TestDefaultEndianMod" classname="Kaitai.SpecDefaultEndianMod" runstate="Runnable" seed="346747102" result="Passed" start-time="2023-10-16 18:21:48Z" end-time="2023-10-16 18:21:48Z" duration="0.001065" asserts="3" />
      </test-suite>
      <test-suite type="TestFixture" id="0-1074" name="SpecDocstrings" fullname="Kaitai.SpecDocstrings" classname="Kaitai.SpecDocstrings" runstate="Runnable" testcasecount="1" result="Passed" start-time="2023-10-16 18:21:48Z" end-time="2023-10-16 18:21:48Z" duration="0.003029" total="1" passed="1" failed="0" inconclusive="0" skipped="0" asserts="0">
        <test-case id="0-1075" name="TestDocstrings" fullname="Kaitai.SpecDocstrings.TestDocstrings" methodname="TestDocstrings" classname="Kaitai.SpecDocstrings" runstate="Runnable" seed="1747553196" result="Passed" start-time="2023-10-16 18:21:48Z" end-time="2023-10-16 18:21:48Z" duration="0.000527" asserts="0" />
      </test-suite>
      <test-suite type="TestFixture" id="0-1076" name="SpecDocstringsDocref" fullname="Kaitai.SpecDocstringsDocref" classname="Kaitai.SpecDocstringsDocref" runstate="Runnable" testcasecount="1" result="Passed" start-time="2023-10-16 18:21:48Z" end-time="2023-10-16 18:21:48Z" duration="0.002941" total="1" passed="1" failed="0" inconclusive="0" skipped="0" asserts="0">
        <test-case id="0-1077" name="TestDocstringsDocref" fullname="Kaitai.SpecDocstringsDocref.TestDocstringsDocref" methodname="TestDocstringsDocref" classname="Kaitai.SpecDocstringsDocref" runstate="Runnable" seed="733016019" result="Passed" start-time="2023-10-16 18:21:48Z" end-time="2023-10-16 18:21:48Z" duration="0.000443" asserts="0" />
      </test-suite>
      <test-suite type="TestFixture" id="0-1078" name="SpecDocstringsDocrefMulti" fullname="Kaitai.SpecDocstringsDocrefMulti" classname="Kaitai.SpecDocstringsDocrefMulti" runstate="Runnable" testcasecount="1" result="Passed" start-time="2023-10-16 18:21:48Z" end-time="2023-10-16 18:21:48Z" duration="0.002810" total="1" passed="1" failed="0" inconclusive="0" skipped="0" asserts="0">
        <test-case id="0-1079" name="TestDocstringsDocrefMulti" fullname="Kaitai.SpecDocstringsDocrefMulti.TestDocstringsDocrefMulti" methodname="TestDocstringsDocrefMulti" classname="Kaitai.SpecDocstringsDocrefMulti" runstate="Runnable" seed="248135585" result="Passed" start-time="2023-10-16 18:21:48Z" end-time="2023-10-16 18:21:48Z" duration="0.000348" asserts="0" />
      </test-suite>
      <test-suite type="TestFixture" id="0-1080" name="SpecEnum0" fullname="Kaitai.SpecEnum0" classname="Kaitai.SpecEnum0" runstate="Runnable" testcasecount="1" result="Passed" start-time="2023-10-16 18:21:48Z" end-time="2023-10-16 18:21:48Z" duration="0.003041" total="1" passed="1" failed="0" inconclusive="0" skipped="0" asserts="2">
        <test-case id="0-1081" name="TestEnum0" fullname="Kaitai.SpecEnum0.TestEnum0" methodname="TestEnum0" classname="Kaitai.SpecEnum0" runstate="Runnable" seed="622463243" result="Passed" start-time="2023-10-16 18:21:48Z" end-time="2023-10-16 18:21:48Z" duration="0.000549" asserts="2" />
      </test-suite>
      <test-suite type="TestFixture" id="0-1082" name="SpecEnum1" fullname="Kaitai.SpecEnum1" classname="Kaitai.SpecEnum1" runstate="Runnable" testcasecount="1" result="Passed" start-time="2023-10-16 18:21:48Z" end-time="2023-10-16 18:21:48Z" duration="0.003279" total="1" passed="1" failed="0" inconclusive="0" skipped="0" asserts="2">
        <test-case id="0-1083" name="TestEnum1" fullname="Kaitai.SpecEnum1.TestEnum1" methodname="TestEnum1" classname="Kaitai.SpecEnum1" runstate="Runnable" seed="882837477" result="Passed" start-time="2023-10-16 18:21:48Z" end-time="2023-10-16 18:21:48Z" duration="0.000757" asserts="2" />
      </test-suite>
      <test-suite type="TestFixture" id="0-1084" name="SpecEnumDeep" fullname="Kaitai.SpecEnumDeep" classname="Kaitai.SpecEnumDeep" runstate="Runnable" testcasecount="1" result="Passed" start-time="2023-10-16 18:21:48Z" end-time="2023-10-16 18:21:48Z" duration="0.003051" total="1" passed="1" failed="0" inconclusive="0" skipped="0" asserts="2">
        <test-case id="0-1085" name="TestEnumDeep" fullname="Kaitai.SpecEnumDeep.TestEnumDeep" methodname="TestEnumDeep" classname="Kaitai.SpecEnumDeep" runstate="Runnable" seed="383701538" result="Passed" start-time="2023-10-16 18:21:48Z" end-time="2023-10-16 18:21:48Z" duration="0.000529" asserts="2" />
      </test-suite>
      <test-suite type="TestFixture" id="0-1086" name="SpecEnumDeepLiterals" fullname="Kaitai.SpecEnumDeepLiterals" classname="Kaitai.SpecEnumDeepLiterals" runstate="Runnable" testcasecount="1" result="Passed" start-time="2023-10-16 18:21:48Z" end-time="2023-10-16 18:21:48Z" duration="0.003667" total="1" passed="1" failed="0" inconclusive="0" skipped="0" asserts="2">
        <test-case id="0-1087" name="TestEnumDeepLiterals" fullname="Kaitai.SpecEnumDeepLiterals.TestEnumDeepLiterals" methodname="TestEnumDeepLiterals" classname="Kaitai.SpecEnumDeepLiterals" runstate="Runnable" seed="1968764445" result="Passed" start-time="2023-10-16 18:21:48Z" end-time="2023-10-16 18:21:48Z" duration="0.001172" asserts="2" />
      </test-suite>
      <test-suite type="TestFixture" id="0-1088" name="SpecEnumFancy" fullname="Kaitai.SpecEnumFancy" classname="Kaitai.SpecEnumFancy" runstate="Runnable" testcasecount="1" result="Passed" start-time="2023-10-16 18:21:48Z" end-time="2023-10-16 18:21:48Z" duration="0.003031" total="1" passed="1" failed="0" inconclusive="0" skipped="0" asserts="2">
        <test-case id="0-1089" name="TestEnumFancy" fullname="Kaitai.SpecEnumFancy.TestEnumFancy" methodname="TestEnumFancy" classname="Kaitai.SpecEnumFancy" runstate="Runnable" seed="209550326" result="Passed" start-time="2023-10-16 18:21:48Z" end-time="2023-10-16 18:21:48Z" duration="0.000538" asserts="2" />
      </test-suite>
      <test-suite type="TestFixture" id="0-1090" name="SpecEnumIf" fullname="Kaitai.SpecEnumIf" classname="Kaitai.SpecEnumIf" runstate="Runnable" testcasecount="1" result="Passed" start-time="2023-10-16 18:21:48Z" end-time="2023-10-16 18:21:48Z" duration="0.004533" total="1" passed="1" failed="0" inconclusive="0" skipped="0" asserts="7">
        <test-case id="0-1091" name="TestEnumIf" fullname="Kaitai.SpecEnumIf.TestEnumIf" methodname="TestEnumIf" classname="Kaitai.SpecEnumIf" runstate="Runnable" seed="960467804" result="Passed" start-time="2023-10-16 18:21:48Z" end-time="2023-10-16 18:21:48Z" duration="0.001413" asserts="7" />
      </test-suite>
      <test-suite type="TestFixture" id="0-1092" name="SpecEnumImport" fullname="Kaitai.SpecEnumImport" classname="Kaitai.SpecEnumImport" runstate="Runnable" testcasecount="1" result="Passed" start-time="2023-10-16 18:21:48Z" end-time="2023-10-16 18:21:48Z" duration="0.003027" total="1" passed="1" failed="0" inconclusive="0" skipped="0" asserts="2">
        <test-case id="0-1093" name="TestEnumImport" fullname="Kaitai.SpecEnumImport.TestEnumImport" methodname="TestEnumImport" classname="Kaitai.SpecEnumImport" runstate="Runnable" seed="1735126588" result="Passed" start-time="2023-10-16 18:21:48Z" end-time="2023-10-16 18:21:48Z" duration="0.000523" asserts="2" />
      </test-suite>
      <test-suite type="TestFixture" id="0-1094" name="SpecEnumIntRangeS" fullname="Kaitai.SpecEnumIntRangeS" classname="Kaitai.SpecEnumIntRangeS" runstate="Runnable" testcasecount="1" result="Passed" start-time="2023-10-16 18:21:48Z" end-time="2023-10-16 18:21:48Z" duration="0.003157" total="1" passed="1" failed="0" inconclusive="0" skipped="0" asserts="3">
        <test-case id="0-1095" name="TestEnumIntRangeS" fullname="Kaitai.SpecEnumIntRangeS.TestEnumIntRangeS" methodname="TestEnumIntRangeS" classname="Kaitai.SpecEnumIntRangeS" runstate="Runnable" seed="499300399" result="Passed" start-time="2023-10-16 18:21:48Z" end-time="2023-10-16 18:21:48Z" duration="0.000654" asserts="3" />
      </test-suite>
      <test-suite type="TestFixture" id="0-1096" name="SpecEnumInvalid" fullname="Kaitai.SpecEnumInvalid" classname="Kaitai.SpecEnumInvalid" runstate="Runnable" testcasecount="1" result="Passed" start-time="2023-10-16 18:21:48Z" end-time="2023-10-16 18:21:48Z" duration="0.003018" total="1" passed="1" failed="0" inconclusive="0" skipped="0" asserts="2">
        <test-case id="0-1097" name="TestEnumInvalid" fullname="Kaitai.SpecEnumInvalid.TestEnumInvalid" methodname="TestEnumInvalid" classname="Kaitai.SpecEnumInvalid" runstate="Runnable" seed="1979981000" result="Passed" start-time="2023-10-16 18:21:48Z" end-time="2023-10-16 18:21:48Z" duration="0.000527" asserts="2" />
      </test-suite>
      <test-suite type="TestFixture" id="0-1098" name="SpecEnumNegative" fullname="Kaitai.SpecEnumNegative" classname="Kaitai.SpecEnumNegative" runstate="Runnable" testcasecount="1" result="Passed" start-time="2023-10-16 18:21:48Z" end-time="2023-10-16 18:21:48Z" duration="0.003206" total="1" passed="1" failed="0" inconclusive="0" skipped="0" asserts="2">
        <test-case id="0-1099" name="TestEnumNegative" fullname="Kaitai.SpecEnumNegative.TestEnumNegative" methodname="TestEnumNegative" classname="Kaitai.SpecEnumNegative" runstate="Runnable" seed="705348250" result="Passed" start-time="2023-10-16 18:21:48Z" end-time="2023-10-16 18:21:48Z" duration="0.000632" asserts="2" />
      </test-suite>
      <test-suite type="TestFixture" id="0-1100" name="SpecEnumOfValueInst" fullname="Kaitai.SpecEnumOfValueInst" classname="Kaitai.SpecEnumOfValueInst" runstate="Runnable" testcasecount="1" result="Passed" start-time="2023-10-16 18:21:48Z" end-time="2023-10-16 18:21:48Z" duration="0.003312" total="1" passed="1" failed="0" inconclusive="0" skipped="0" asserts="4">
        <test-case id="0-1101" name="TestEnumOfValueInst" fullname="Kaitai.SpecEnumOfValueInst.TestEnumOfValueInst" methodname="TestEnumOfValueInst" classname="Kaitai.SpecEnumOfValueInst" runstate="Runnable" seed="747258626" result="Passed" start-time="2023-10-16 18:21:48Z" end-time="2023-10-16 18:21:48Z" duration="0.000810" asserts="4" />
      </test-suite>
      <test-suite type="TestFixture" id="0-1102" name="SpecEofExceptionBytes" fullname="Kaitai.SpecEofExceptionBytes" classname="Kaitai.SpecEofExceptionBytes" runstate="Runnable" testcasecount="1" result="Passed" start-time="2023-10-16 18:21:48Z" end-time="2023-10-16 18:21:48Z" duration="0.004145" total="1" passed="1" failed="0" inconclusive="0" skipped="0" asserts="1">
        <test-case id="0-1103" name="TestEofExceptionBytes" fullname="Kaitai.SpecEofExceptionBytes.TestEofExceptionBytes" methodname="TestEofExceptionBytes" classname="Kaitai.SpecEofExceptionBytes" runstate="Runnable" seed="170821126" result="Passed" start-time="2023-10-16 18:21:48Z" end-time="2023-10-16 18:21:48Z" duration="0.001538" asserts="1" />
      </test-suite>
      <test-suite type="TestFixture" id="0-1104" name="SpecEofExceptionU4" fullname="Kaitai.SpecEofExceptionU4" classname="Kaitai.SpecEofExceptionU4" runstate="Runnable" testcasecount="1" result="Passed" start-time="2023-10-16 18:21:48Z" end-time="2023-10-16 18:21:48Z" duration="0.003116" total="1" passed="1" failed="0" inconclusive="0" skipped="0" asserts="1">
        <test-case id="0-1105" name="TestEofExceptionU4" fullname="Kaitai.SpecEofExceptionU4.TestEofExceptionU4" methodname="TestEofExceptionU4" classname="Kaitai.SpecEofExceptionU4" runstate="Runnable" seed="1174328" result="Passed" start-time="2023-10-16 18:21:48Z" end-time="2023-10-16 18:21:48Z" duration="0.000604" asserts="1" />
      </test-suite>
      <test-suite type="TestFixture" id="0-1106" name="SpecEosExceptionBytes" fullname="Kaitai.SpecEosExceptionBytes" classname="Kaitai.SpecEosExceptionBytes" runstate="Runnable" testcasecount="1" result="Passed" start-time="2023-10-16 18:21:48Z" end-time="2023-10-16 18:21:48Z" duration="0.003222" total="1" passed="1" failed="0" inconclusive="0" skipped="0" asserts="1">
        <test-case id="0-1107" name="TestEosExceptionBytes" fullname="Kaitai.SpecEosExceptionBytes.TestEosExceptionBytes" methodname="TestEosExceptionBytes" classname="Kaitai.SpecEosExceptionBytes" runstate="Runnable" seed="197184809" result="Passed" start-time="2023-10-16 18:21:48Z" end-time="2023-10-16 18:21:48Z" duration="0.000706" asserts="1" />
      </test-suite>
      <test-suite type="TestFixture" id="0-1108" name="SpecEosExceptionU4" fullname="Kaitai.SpecEosExceptionU4" classname="Kaitai.SpecEosExceptionU4" runstate="Runnable" testcasecount="1" result="Passed" start-time="2023-10-16 18:21:48Z" end-time="2023-10-16 18:21:48Z" duration="0.003171" total="1" passed="1" failed="0" inconclusive="0" skipped="0" asserts="1">
        <test-case id="0-1109" name="TestEosExceptionU4" fullname="Kaitai.SpecEosExceptionU4.TestEosExceptionU4" methodname="TestEosExceptionU4" classname="Kaitai.SpecEosExceptionU4" runstate="Runnable" seed="535510586" result="Passed" start-time="2023-10-16 18:21:48Z" end-time="2023-10-16 18:21:48Z" duration="0.000729" asserts="1" />
      </test-suite>
      <test-suite type="TestFixture" id="0-1110" name="SpecExpr0" fullname="Kaitai.SpecExpr0" classname="Kaitai.SpecExpr0" runstate="Runnable" testcasecount="1" result="Passed" start-time="2023-10-16 18:21:48Z" end-time="2023-10-16 18:21:48Z" duration="0.003163" total="1" passed="1" failed="0" inconclusive="0" skipped="0" asserts="2">
        <test-case id="0-1111" name="TestExpr0" fullname="Kaitai.SpecExpr0.TestExpr0" methodname="TestExpr0" classname="Kaitai.SpecExpr0" runstate="Runnable" seed="1877230033" result="Passed" start-time="2023-10-16 18:21:48Z" end-time="2023-10-16 18:21:48Z" duration="0.000668" asserts="2" />
      </test-suite>
      <test-suite type="TestFixture" id="0-1112" name="SpecExpr1" fullname="Kaitai.SpecExpr1" classname="Kaitai.SpecExpr1" runstate="Runnable" testcasecount="1" result="Passed" start-time="2023-10-16 18:21:48Z" end-time="2023-10-16 18:21:48Z" duration="0.003230" total="1" passed="1" failed="0" inconclusive="0" skipped="0" asserts="4">
        <test-case id="0-1113" name="TestExpr1" fullname="Kaitai.SpecExpr1.TestExpr1" methodname="TestExpr1" classname="Kaitai.SpecExpr1" runstate="Runnable" seed="882039969" result="Passed" start-time="2023-10-16 18:21:48Z" end-time="2023-10-16 18:21:48Z" duration="0.000733" asserts="4" />
      </test-suite>
      <test-suite type="TestFixture" id="0-1114" name="SpecExpr2" fullname="Kaitai.SpecExpr2" classname="Kaitai.SpecExpr2" runstate="Runnable" testcasecount="1" result="Passed" start-time="2023-10-16 18:21:48Z" end-time="2023-10-16 18:21:48Z" duration="0.005109" total="1" passed="1" failed="0" inconclusive="0" skipped="0" asserts="17">
        <test-case id="0-1115" name="TestExpr2" fullname="Kaitai.SpecExpr2.TestExpr2" methodname="TestExpr2" classname="Kaitai.SpecExpr2" runstate="Runnable" seed="219723224" result="Passed" start-time="2023-10-16 18:21:48Z" end-time="2023-10-16 18:21:48Z" duration="0.002252" asserts="17" />
      </test-suite>
      <test-suite type="TestFixture" id="0-1116" name="SpecExpr3" fullname="Kaitai.SpecExpr3" classname="Kaitai.SpecExpr3" runstate="Runnable" testcasecount="1" result="Passed" start-time="2023-10-16 18:21:48Z" end-time="2023-10-16 18:21:48Z" duration="0.004157" total="1" passed="1" failed="0" inconclusive="0" skipped="0" asserts="12">
        <test-case id="0-1117" name="TestExpr3" fullname="Kaitai.SpecExpr3.TestExpr3" methodname="TestExpr3" classname="Kaitai.SpecExpr3" runstate="Runnable" seed="319822935" result="Passed" start-time="2023-10-16 18:21:48Z" end-time="2023-10-16 18:21:48Z" duration="0.001660" asserts="12" />
      </test-suite>
      <test-suite type="TestFixture" id="0-1118" name="SpecExprArray" fullname="Kaitai.SpecExprArray" classname="Kaitai.SpecExprArray" runstate="Runnable" testcasecount="1" result="Passed" start-time="2023-10-16 18:21:48Z" end-time="2023-10-16 18:21:48Z" duration="0.011055" total="1" passed="1" failed="0" inconclusive="0" skipped="0" asserts="15">
        <test-case id="0-1119" name="TestExprArray" fullname="Kaitai.SpecExprArray.TestExprArray" methodname="TestExprArray" classname="Kaitai.SpecExprArray" runstate="Runnable" seed="999339080" result="Passed" start-time="2023-10-16 18:21:48Z" end-time="2023-10-16 18:21:48Z" duration="0.008552" asserts="15" />
      </test-suite>
      <test-suite type="TestFixture" id="0-1120" name="SpecExprBytesCmp" fullname="Kaitai.SpecExprBytesCmp" classname="Kaitai.SpecExprBytesCmp" runstate="Runnable" testcasecount="1" result="Passed" start-time="2023-10-16 18:21:48Z" end-time="2023-10-16 18:21:48Z" duration="0.004319" total="1" passed="1" failed="0" inconclusive="0" skipped="0" asserts="10">
        <test-case id="0-1121" name="TestExprBytesCmp" fullname="Kaitai.SpecExprBytesCmp.TestExprBytesCmp" methodname="TestExprBytesCmp" classname="Kaitai.SpecExprBytesCmp" runstate="Runnable" seed="2045011478" result="Passed" start-time="2023-10-16 18:21:48Z" end-time="2023-10-16 18:21:48Z" duration="0.001686" asserts="10" />
      </test-suite>
      <test-suite type="TestFixture" id="0-1122" name="SpecExprBytesNonLiteral" fullname="Kaitai.SpecExprBytesNonLiteral" classname="Kaitai.SpecExprBytesNonLiteral" runstate="Runnable" testcasecount="1" result="Passed" start-time="2023-10-16 18:21:48Z" end-time="2023-10-16 18:21:48Z" duration="0.003219" total="1" passed="1" failed="0" inconclusive="0" skipped="0" asserts="3">
        <test-case id="0-1123" name="TestExprBytesNonLiteral" fullname="Kaitai.SpecExprBytesNonLiteral.TestExprBytesNonLiteral" methodname="TestExprBytesNonLiteral" classname="Kaitai.SpecExprBytesNonLiteral" runstate="Runnable" seed="690705838" result="Passed" start-time="2023-10-16 18:21:48Z" end-time="2023-10-16 18:21:48Z" duration="0.000649" asserts="3" />
      </test-suite>
      <test-suite type="TestFixture" id="0-1124" name="SpecExprBytesOps" fullname="Kaitai.SpecExprBytesOps" classname="Kaitai.SpecExprBytesOps" runstate="Runnable" testcasecount="1" result="Passed" start-time="2023-10-16 18:21:48Z" end-time="2023-10-16 18:21:48Z" duration="0.005845" total="1" passed="1" failed="0" inconclusive="0" skipped="0" asserts="16">
        <test-case id="0-1125" name="TestExprBytesOps" fullname="Kaitai.SpecExprBytesOps.TestExprBytesOps" methodname="TestExprBytesOps" classname="Kaitai.SpecExprBytesOps" runstate="Runnable" seed="1466846211" result="Passed" start-time="2023-10-16 18:21:48Z" end-time="2023-10-16 18:21:48Z" duration="0.003347" asserts="16" />
      </test-suite>
      <test-suite type="TestFixture" id="0-1126" name="SpecExprCalcArrayOps" fullname="Kaitai.SpecExprCalcArrayOps" classname="Kaitai.SpecExprCalcArrayOps" runstate="Runnable" testcasecount="1" result="Passed" start-time="2023-10-16 18:21:48Z" end-time="2023-10-16 18:21:48Z" duration="0.007172" total="1" passed="1" failed="0" inconclusive="0" skipped="0" asserts="18">
        <test-case id="0-1127" name="TestExprCalcArrayOps" fullname="Kaitai.SpecExprCalcArrayOps.TestExprCalcArrayOps" methodname="TestExprCalcArrayOps" classname="Kaitai.SpecExprCalcArrayOps" runstate="Runnable" seed="1955805218" result="Passed" start-time="2023-10-16 18:21:48Z" end-time="2023-10-16 18:21:48Z" duration="0.004637" asserts="18" />
      </test-suite>
      <test-suite type="TestFixture" id="0-1128" name="SpecExprEnum" fullname="Kaitai.SpecExprEnum" classname="Kaitai.SpecExprEnum" runstate="Runnable" testcasecount="1" result="Passed" start-time="2023-10-16 18:21:48Z" end-time="2023-10-16 18:21:48Z" duration="0.003364" total="1" passed="1" failed="0" inconclusive="0" skipped="0" asserts="3">
        <test-case id="0-1129" name="TestExprEnum" fullname="Kaitai.SpecExprEnum.TestExprEnum" methodname="TestExprEnum" classname="Kaitai.SpecExprEnum" runstate="Runnable" seed="163865724" result="Passed" start-time="2023-10-16 18:21:48Z" end-time="2023-10-16 18:21:48Z" duration="0.000789" asserts="3" />
      </test-suite>
      <test-suite type="TestFixture" id="0-1130" name="SpecExprIfIntOps" fullname="Kaitai.SpecExprIfIntOps" classname="Kaitai.SpecExprIfIntOps" runstate="Runnable" testcasecount="1" result="Passed" start-time="2023-10-16 18:21:48Z" end-time="2023-10-16 18:21:48Z" duration="0.003634" total="1" passed="1" failed="0" inconclusive="0" skipped="0" asserts="2">
        <test-case id="0-1131" name="TestExprIfIntOps" fullname="Kaitai.SpecExprIfIntOps.TestExprIfIntOps" methodname="TestExprIfIntOps" classname="Kaitai.SpecExprIfIntOps" runstate="Runnable" seed="1699240145" result="Passed" start-time="2023-10-16 18:21:48Z" end-time="2023-10-16 18:21:48Z" duration="0.001078" asserts="2" />
      </test-suite>
      <test-suite type="TestFixture" id="0-1132" name="SpecExprIntDiv" fullname="Kaitai.SpecExprIntDiv" classname="Kaitai.SpecExprIntDiv" runstate="Runnable" testcasecount="1" result="Failed" site="Child" start-time="2023-10-16 18:21:48Z" end-time="2023-10-16 18:21:48Z" duration="0.015471" total="1" passed="0" failed="1" inconclusive="0" skipped="0" asserts="4">
        <failure>
          <message><![CDATA[One or more child tests had errors]]></message>
        </failure>
        <test-case id="0-1133" name="TestExprIntDiv" fullname="Kaitai.SpecExprIntDiv.TestExprIntDiv" methodname="TestExprIntDiv" classname="Kaitai.SpecExprIntDiv" runstate="Runnable" seed="1388893035" result="Failed" start-time="2023-10-16 18:21:48Z" end-time="2023-10-16 18:21:48Z" duration="0.012917" asserts="4">
          <failure>
            <message><![CDATA[  Expected: -756
  But was:  -757
]]></message>
            <stack-trace><![CDATA[at Kaitai.SpecExprIntDiv.TestExprIntDiv () [0x00069] in <d166b9724261450f90ee5733647ba9c4>:0
]]></stack-trace>
          </failure>
        </test-case>
      </test-suite>
      <test-suite type="TestFixture" id="0-1134" name="SpecExprIoEof" fullname="Kaitai.SpecExprIoEof" classname="Kaitai.SpecExprIoEof" runstate="Runnable" testcasecount="1" result="Passed" start-time="2023-10-16 18:21:48Z" end-time="2023-10-16 18:21:48Z" duration="0.003779" total="1" passed="1" failed="0" inconclusive="0" skipped="0" asserts="4">
        <test-case id="0-1135" name="TestExprIoEof" fullname="Kaitai.SpecExprIoEof.TestExprIoEof" methodname="TestExprIoEof" classname="Kaitai.SpecExprIoEof" runstate="Runnable" seed="283639728" result="Passed" start-time="2023-10-16 18:21:48Z" end-time="2023-10-16 18:21:48Z" duration="0.001303" asserts="4" />
      </test-suite>
      <test-suite type="TestFixture" id="0-1136" name="SpecExprIoPos" fullname="Kaitai.SpecExprIoPos" classname="Kaitai.SpecExprIoPos" runstate="Runnable" testcasecount="1" result="Passed" start-time="2023-10-16 18:21:48Z" end-time="2023-10-16 18:21:48Z" duration="0.003462" total="1" passed="1" failed="0" inconclusive="0" skipped="0" asserts="6">
        <test-case id="0-1137" name="TestExprIoPos" fullname="Kaitai.SpecExprIoPos.TestExprIoPos" methodname="TestExprIoPos" classname="Kaitai.SpecExprIoPos" runstate="Runnable" seed="1167919117" result="Passed" start-time="2023-10-16 18:21:48Z" end-time="2023-10-16 18:21:48Z" duration="0.000979" asserts="6" />
      </test-suite>
      <test-suite type="TestFixture" id="0-1138" name="SpecExprMod" fullname="Kaitai.SpecExprMod" classname="Kaitai.SpecExprMod" runstate="Runnable" testcasecount="1" result="Passed" start-time="2023-10-16 18:21:48Z" end-time="2023-10-16 18:21:48Z" duration="0.003536" total="1" passed="1" failed="0" inconclusive="0" skipped="0" asserts="6">
        <test-case id="0-1139" name="TestExprMod" fullname="Kaitai.SpecExprMod.TestExprMod" methodname="TestExprMod" classname="Kaitai.SpecExprMod" runstate="Runnable" seed="1368051946" result="Passed" start-time="2023-10-16 18:21:48Z" end-time="2023-10-16 18:21:48Z" duration="0.001001" asserts="6" />
      </test-suite>
      <test-suite type="TestFixture" id="0-1140" name="SpecExprSizeofType0" fullname="Kaitai.SpecExprSizeofType0" classname="Kaitai.SpecExprSizeofType0" runstate="Runnable" testcasecount="1" result="Passed" start-time="2023-10-16 18:21:48Z" end-time="2023-10-16 18:21:48Z" duration="0.002965" total="1" passed="1" failed="0" inconclusive="0" skipped="0" asserts="1">
        <test-case id="0-1141" name="TestExprSizeofType0" fullname="Kaitai.SpecExprSizeofType0.TestExprSizeofType0" methodname="TestExprSizeofType0" classname="Kaitai.SpecExprSizeofType0" runstate="Runnable" seed="1579567141" result="Passed" start-time="2023-10-16 18:21:48Z" end-time="2023-10-16 18:21:48Z" duration="0.000451" asserts="1" />
      </test-suite>
      <test-suite type="TestFixture" id="0-1142" name="SpecExprSizeofType1" fullname="Kaitai.SpecExprSizeofType1" classname="Kaitai.SpecExprSizeofType1" runstate="Runnable" testcasecount="1" result="Passed" start-time="2023-10-16 18:21:48Z" end-time="2023-10-16 18:21:48Z" duration="0.003180" total="1" passed="1" failed="0" inconclusive="0" skipped="0" asserts="2">
        <test-case id="0-1143" name="TestExprSizeofType1" fullname="Kaitai.SpecExprSizeofType1.TestExprSizeofType1" methodname="TestExprSizeofType1" classname="Kaitai.SpecExprSizeofType1" runstate="Runnable" seed="1263392558" result="Passed" start-time="2023-10-16 18:21:48Z" end-time="2023-10-16 18:21:48Z" duration="0.000668" asserts="2" />
      </test-suite>
      <test-suite type="TestFixture" id="0-1144" name="SpecExprSizeofValue0" fullname="Kaitai.SpecExprSizeofValue0" classname="Kaitai.SpecExprSizeofValue0" runstate="Runnable" testcasecount="1" result="Passed" start-time="2023-10-16 18:21:48Z" end-time="2023-10-16 18:21:48Z" duration="0.003498" total="1" passed="1" failed="0" inconclusive="0" skipped="0" asserts="5">
        <test-case id="0-1145" name="TestExprSizeofValue0" fullname="Kaitai.SpecExprSizeofValue0.TestExprSizeofValue0" methodname="TestExprSizeofValue0" classname="Kaitai.SpecExprSizeofValue0" runstate="Runnable" seed="528000411" result="Passed" start-time="2023-10-16 18:21:48Z" end-time="2023-10-16 18:21:48Z" duration="0.000930" asserts="5" />
      </test-suite>
      <test-suite type="TestFixture" id="0-1146" name="SpecExprSizeofValueSized" fullname="Kaitai.SpecExprSizeofValueSized" classname="Kaitai.SpecExprSizeofValueSized" runstate="Runnable" testcasecount="1" result="Passed" start-time="2023-10-16 18:21:48Z" end-time="2023-10-16 18:21:48Z" duration="0.003508" total="1" passed="1" failed="0" inconclusive="0" skipped="0" asserts="5">
        <test-case id="0-1147" name="TestExprSizeofValueSized" fullname="Kaitai.SpecExprSizeofValueSized.TestExprSizeofValueSized" methodname="TestExprSizeofValueSized" classname="Kaitai.SpecExprSizeofValueSized" runstate="Runnable" seed="930687266" result="Passed" start-time="2023-10-16 18:21:48Z" end-time="2023-10-16 18:21:48Z" duration="0.000964" asserts="5" />
      </test-suite>
      <test-suite type="TestFixture" id="0-1148" name="SpecExprStrEncodings" fullname="Kaitai.SpecExprStrEncodings" classname="Kaitai.SpecExprStrEncodings" runstate="Runnable" testcasecount="1" result="Passed" start-time="2023-10-16 18:21:48Z" end-time="2023-10-16 18:21:48Z" duration="0.093196" total="1" passed="1" failed="0" inconclusive="0" skipped="0" asserts="7">
        <test-case id="0-1149" name="TestExprStrEncodings" fullname="Kaitai.SpecExprStrEncodings.TestExprStrEncodings" methodname="TestExprStrEncodings" classname="Kaitai.SpecExprStrEncodings" runstate="Runnable" seed="156019962" result="Passed" start-time="2023-10-16 18:21:48Z" end-time="2023-10-16 18:21:48Z" duration="0.090729" asserts="7" />
      </test-suite>
      <test-suite type="TestFixture" id="0-1150" name="SpecExprStrOps" fullname="Kaitai.SpecExprStrOps" classname="Kaitai.SpecExprStrOps" runstate="Runnable" testcasecount="1" result="Passed" start-time="2023-10-16 18:21:48Z" end-time="2023-10-16 18:21:48Z" duration="0.007470" total="1" passed="1" failed="0" inconclusive="0" skipped="0" asserts="17">
        <test-case id="0-1151" name="TestExprStrOps" fullname="Kaitai.SpecExprStrOps.TestExprStrOps" methodname="TestExprStrOps" classname="Kaitai.SpecExprStrOps" runstate="Runnable" seed="1013888889" result="Passed" start-time="2023-10-16 18:21:48Z" end-time="2023-10-16 18:21:48Z" duration="0.004934" asserts="17" />
      </test-suite>
      <test-suite type="TestFixture" id="0-1152" name="SpecExprToITrailing" fullname="Kaitai.SpecExprToITrailing" classname="Kaitai.SpecExprToITrailing" runstate="Runnable" testcasecount="1" result="Passed" start-time="2023-10-16 18:21:48Z" end-time="2023-10-16 18:21:48Z" duration="0.003700" total="1" passed="1" failed="0" inconclusive="0" skipped="0" asserts="3">
        <test-case id="0-1153" name="TestExprToITrailing" fullname="Kaitai.SpecExprToITrailing.TestExprToITrailing" methodname="TestExprToITrailing" classname="Kaitai.SpecExprToITrailing" runstate="Runnable" seed="1535704837" result="Passed" start-time="2023-10-16 18:21:48Z" end-time="2023-10-16 18:21:48Z" duration="0.001170" asserts="3" />
      </test-suite>
      <test-suite type="TestFixture" id="0-1154" name="SpecFixedContents" fullname="Kaitai.SpecFixedContents" classname="Kaitai.SpecFixedContents" runstate="Runnable" testcasecount="1" result="Passed" start-time="2023-10-16 18:21:48Z" end-time="2023-10-16 18:21:48Z" duration="0.003354" total="1" passed="1" failed="0" inconclusive="0" skipped="0" asserts="0">
        <test-case id="0-1155" name="TestFixedContents" fullname="Kaitai.SpecFixedContents.TestFixedContents" methodname="TestFixedContents" classname="Kaitai.SpecFixedContents" runstate="Runnable" seed="42469504" result="Passed" start-time="2023-10-16 18:21:48Z" end-time="2023-10-16 18:21:48Z" duration="0.000794" asserts="0" />
      </test-suite>
      <test-suite type="TestFixture" id="0-1156" name="SpecFixedStruct" fullname="Kaitai.SpecFixedStruct" classname="Kaitai.SpecFixedStruct" runstate="Runnable" testcasecount="1" result="Passed" start-time="2023-10-16 18:21:48Z" end-time="2023-10-16 18:21:48Z" duration="0.005130" total="1" passed="1" failed="0" inconclusive="0" skipped="0" asserts="20">
        <test-case id="0-1157" name="TestFixedStruct" fullname="Kaitai.SpecFixedStruct.TestFixedStruct" methodname="TestFixedStruct" classname="Kaitai.SpecFixedStruct" runstate="Runnable" seed="1519085835" result="Passed" start-time="2023-10-16 18:21:48Z" end-time="2023-10-16 18:21:48Z" duration="0.002587" asserts="20" />
      </test-suite>
      <test-suite type="TestFixture" id="0-1160" name="SpecFloatingPoints" fullname="Kaitai.SpecFloatingPoints" classname="Kaitai.SpecFloatingPoints" runstate="Runnable" testcasecount="1" result="Passed" start-time="2023-10-16 18:21:48Z" end-time="2023-10-16 18:21:48Z" duration="0.003928" total="1" passed="1" failed="0" inconclusive="0" skipped="0" asserts="8">
        <test-case id="0-1161" name="TestFloatingPoints" fullname="Kaitai.SpecFloatingPoints.TestFloatingPoints" methodname="TestFloatingPoints" classname="Kaitai.SpecFloatingPoints" runstate="Runnable" seed="1846290726" result="Passed" start-time="2023-10-16 18:21:48Z" end-time="2023-10-16 18:21:48Z" duration="0.001079" asserts="8" />
      </test-suite>
      <test-suite type="TestFixture" id="0-1158" name="SpecFloatToI" fullname="Kaitai.SpecFloatToI" classname="Kaitai.SpecFloatToI" runstate="Runnable" testcasecount="1" result="Passed" start-time="2023-10-16 18:21:48Z" end-time="2023-10-16 18:21:48Z" duration="0.003682" total="1" passed="1" failed="0" inconclusive="0" skipped="0" asserts="8">
        <test-case id="0-1159" name="TestFloatToI" fullname="Kaitai.SpecFloatToI.TestFloatToI" methodname="TestFloatToI" classname="Kaitai.SpecFloatToI" runstate="Runnable" seed="39308494" result="Passed" start-time="2023-10-16 18:21:48Z" end-time="2023-10-16 18:21:48Z" duration="0.001183" asserts="8" />
      </test-suite>
      <test-suite type="TestFixture" id="0-1162" name="SpecHelloWorld" fullname="Kaitai.SpecHelloWorld" classname="Kaitai.SpecHelloWorld" runstate="Runnable" testcasecount="1" result="Passed" start-time="2023-10-16 18:21:48Z" end-time="2023-10-16 18:21:48Z" duration="0.002823" total="1" passed="1" failed="0" inconclusive="0" skipped="0" asserts="1">
        <test-case id="0-1163" name="TestHelloWorld" fullname="Kaitai.SpecHelloWorld.TestHelloWorld" methodname="TestHelloWorld" classname="Kaitai.SpecHelloWorld" runstate="Runnable" seed="1865897405" result="Passed" start-time="2023-10-16 18:21:48Z" end-time="2023-10-16 18:21:48Z" duration="0.000319" asserts="1" />
      </test-suite>
      <test-suite type="TestFixture" id="0-1164" name="SpecIfInstances" fullname="Kaitai.SpecIfInstances" classname="Kaitai.SpecIfInstances" runstate="Runnable" testcasecount="1" result="Passed" start-time="2023-10-16 18:21:48Z" end-time="2023-10-16 18:21:48Z" duration="0.003083" total="1" passed="1" failed="0" inconclusive="0" skipped="0" asserts="1">
        <test-case id="0-1165" name="TestIfInstances" fullname="Kaitai.SpecIfInstances.TestIfInstances" methodname="TestIfInstances" classname="Kaitai.SpecIfInstances" runstate="Runnable" seed="235892134" result="Passed" start-time="2023-10-16 18:21:48Z" end-time="2023-10-16 18:21:48Z" duration="0.000582" asserts="1" />
      </test-suite>
      <test-suite type="TestFixture" id="0-1166" name="SpecIfStruct" fullname="Kaitai.SpecIfStruct" classname="Kaitai.SpecIfStruct" runstate="Runnable" testcasecount="1" result="Passed" start-time="2023-10-16 18:21:48Z" end-time="2023-10-16 18:21:48Z" duration="0.004218" total="1" passed="1" failed="0" inconclusive="0" skipped="0" asserts="7">
        <test-case id="0-1167" name="TestIfStruct" fullname="Kaitai.SpecIfStruct.TestIfStruct" methodname="TestIfStruct" classname="Kaitai.SpecIfStruct" runstate="Runnable" seed="1228595967" result="Passed" start-time="2023-10-16 18:21:48Z" end-time="2023-10-16 18:21:48Z" duration="0.001265" asserts="7" />
      </test-suite>
      <test-suite type="TestFixture" id="0-1168" name="SpecIfValues" fullname="Kaitai.SpecIfValues" classname="Kaitai.SpecIfValues" runstate="Runnable" testcasecount="1" result="Passed" start-time="2023-10-16 18:21:48Z" end-time="2023-10-16 18:21:48Z" duration="0.004093" total="1" passed="1" failed="0" inconclusive="0" skipped="0" asserts="6">
        <test-case id="0-1169" name="TestIfValues" fullname="Kaitai.SpecIfValues.TestIfValues" methodname="TestIfValues" classname="Kaitai.SpecIfValues" runstate="Runnable" seed="700073946" result="Passed" start-time="2023-10-16 18:21:48Z" end-time="2023-10-16 18:21:48Z" duration="0.001470" asserts="6" />
      </test-suite>
      <test-suite type="TestFixture" id="0-1170" name="SpecImports0" fullname="Kaitai.SpecImports0" classname="Kaitai.SpecImports0" runstate="Runnable" testcasecount="1" result="Passed" start-time="2023-10-16 18:21:48Z" end-time="2023-10-16 18:21:48Z" duration="0.003141" total="1" passed="1" failed="0" inconclusive="0" skipped="0" asserts="3">
        <test-case id="0-1171" name="TestImports0" fullname="Kaitai.SpecImports0.TestImports0" methodname="TestImports0" classname="Kaitai.SpecImports0" runstate="Runnable" seed="2051700242" result="Passed" start-time="2023-10-16 18:21:48Z" end-time="2023-10-16 18:21:48Z" duration="0.000644" asserts="3" />
      </test-suite>
      <test-suite type="TestFixture" id="0-1172" name="SpecImportsAbs" fullname="Kaitai.SpecImportsAbs" classname="Kaitai.SpecImportsAbs" runstate="Runnable" testcasecount="1" result="Passed" start-time="2023-10-16 18:21:48Z" end-time="2023-10-16 18:21:48Z" duration="0.004087" total="1" passed="1" failed="0" inconclusive="0" skipped="0" asserts="2">
        <test-case id="0-1173" name="TestImportsAbs" fullname="Kaitai.SpecImportsAbs.TestImportsAbs" methodname="TestImportsAbs" classname="Kaitai.SpecImportsAbs" runstate="Runnable" seed="1903999724" result="Passed" start-time="2023-10-16 18:21:48Z" end-time="2023-10-16 18:21:48Z" duration="0.001581" asserts="2" />
      </test-suite>
      <test-suite type="TestFixture" id="0-1174" name="SpecImportsAbsAbs" fullname="Kaitai.SpecImportsAbsAbs" classname="Kaitai.SpecImportsAbsAbs" runstate="Runnable" testcasecount="1" result="Passed" start-time="2023-10-16 18:21:48Z" end-time="2023-10-16 18:21:48Z" duration="0.003318" total="1" passed="1" failed="0" inconclusive="0" skipped="0" asserts="3">
        <test-case id="0-1175" name="TestImportsAbsAbs" fullname="Kaitai.SpecImportsAbsAbs.TestImportsAbsAbs" methodname="TestImportsAbsAbs" classname="Kaitai.SpecImportsAbsAbs" runstate="Runnable" seed="850212830" result="Passed" start-time="2023-10-16 18:21:48Z" end-time="2023-10-16 18:21:48Z" duration="0.000820" asserts="3" />
      </test-suite>
      <test-suite type="TestFixture" id="0-1176" name="SpecImportsAbsRel" fullname="Kaitai.SpecImportsAbsRel" classname="Kaitai.SpecImportsAbsRel" runstate="Runnable" testcasecount="1" result="Passed" start-time="2023-10-16 18:21:48Z" end-time="2023-10-16 18:21:48Z" duration="0.003206" total="1" passed="1" failed="0" inconclusive="0" skipped="0" asserts="3">
        <test-case id="0-1177" name="TestImportsAbsRel" fullname="Kaitai.SpecImportsAbsRel.TestImportsAbsRel" methodname="TestImportsAbsRel" classname="Kaitai.SpecImportsAbsRel" runstate="Runnable" seed="1236241976" result="Passed" start-time="2023-10-16 18:21:48Z" end-time="2023-10-16 18:21:48Z" duration="0.000702" asserts="3" />
      </test-suite>
      <test-suite type="TestFixture" id="0-1178" name="SpecImportsCircularA" fullname="Kaitai.SpecImportsCircularA" classname="Kaitai.SpecImportsCircularA" runstate="Runnable" testcasecount="1" result="Passed" start-time="2023-10-16 18:21:48Z" end-time="2023-10-16 18:21:48Z" duration="0.003375" total="1" passed="1" failed="0" inconclusive="0" skipped="0" asserts="5">
        <test-case id="0-1179" name="TestImportsCircularA" fullname="Kaitai.SpecImportsCircularA.TestImportsCircularA" methodname="TestImportsCircularA" classname="Kaitai.SpecImportsCircularA" runstate="Runnable" seed="879637422" result="Passed" start-time="2023-10-16 18:21:48Z" end-time="2023-10-16 18:21:48Z" duration="0.000863" asserts="5" />
      </test-suite>
      <test-suite type="TestFixture" id="0-1180" name="SpecImportsRel1" fullname="Kaitai.SpecImportsRel1" classname="Kaitai.SpecImportsRel1" runstate="Runnable" testcasecount="1" result="Passed" start-time="2023-10-16 18:21:48Z" end-time="2023-10-16 18:21:48Z" duration="0.003268" total="1" passed="1" failed="0" inconclusive="0" skipped="0" asserts="3">
        <test-case id="0-1181" name="TestImportsRel1" fullname="Kaitai.SpecImportsRel1.TestImportsRel1" methodname="TestImportsRel1" classname="Kaitai.SpecImportsRel1" runstate="Runnable" seed="2102346986" result="Passed" start-time="2023-10-16 18:21:48Z" end-time="2023-10-16 18:21:48Z" duration="0.000780" asserts="3" />
      </test-suite>
      <test-suite type="TestFixture" id="0-1182" name="SpecIndexSizes" fullname="Kaitai.SpecIndexSizes" classname="Kaitai.SpecIndexSizes" runstate="Runnable" testcasecount="1" result="Passed" start-time="2023-10-16 18:21:48Z" end-time="2023-10-16 18:21:48Z" duration="0.003546" total="1" passed="1" failed="0" inconclusive="0" skipped="0" asserts="7">
        <test-case id="0-1183" name="TestIndexSizes" fullname="Kaitai.SpecIndexSizes.TestIndexSizes" methodname="TestIndexSizes" classname="Kaitai.SpecIndexSizes" runstate="Runnable" seed="86764596" result="Passed" start-time="2023-10-16 18:21:48Z" end-time="2023-10-16 18:21:48Z" duration="0.001047" asserts="7" />
      </test-suite>
      <test-suite type="TestFixture" id="0-1184" name="SpecIndexToParamEos" fullname="Kaitai.SpecIndexToParamEos" classname="Kaitai.SpecIndexToParamEos" runstate="Runnable" testcasecount="1" result="Passed" start-time="2023-10-16 18:21:48Z" end-time="2023-10-16 18:21:48Z" duration="0.003908" total="1" passed="1" failed="0" inconclusive="0" skipped="0" asserts="7">
        <test-case id="0-1185" name="TestIndexToParamEos" fullname="Kaitai.SpecIndexToParamEos.TestIndexToParamEos" methodname="TestIndexToParamEos" classname="Kaitai.SpecIndexToParamEos" runstate="Runnable" seed="909594516" result="Passed" start-time="2023-10-16 18:21:48Z" end-time="2023-10-16 18:21:48Z" duration="0.001407" asserts="7" />
      </test-suite>
      <test-suite type="TestFixture" id="0-1186" name="SpecIndexToParamExpr" fullname="Kaitai.SpecIndexToParamExpr" classname="Kaitai.SpecIndexToParamExpr" runstate="Runnable" testcasecount="1" result="Passed" start-time="2023-10-16 18:21:48Z" end-time="2023-10-16 18:21:48Z" duration="0.003753" total="1" passed="1" failed="0" inconclusive="0" skipped="0" asserts="7">
        <test-case id="0-1187" name="TestIndexToParamExpr" fullname="Kaitai.SpecIndexToParamExpr.TestIndexToParamExpr" methodname="TestIndexToParamExpr" classname="Kaitai.SpecIndexToParamExpr" runstate="Runnable" seed="319730164" result="Passed" start-time="2023-10-16 18:21:48Z" end-time="2023-10-16 18:21:48Z" duration="0.001265" asserts="7" />
      </test-suite>
      <test-suite type="TestFixture" id="0-1188" name="SpecIndexToParamUntil" fullname="Kaitai.SpecIndexToParamUntil" classname="Kaitai.SpecIndexToParamUntil" runstate="Runnable" testcasecount="1" result="Passed" start-time="2023-10-16 18:21:48Z" end-time="2023-10-16 18:21:48Z" duration="0.003876" total="1" passed="1" failed="0" inconclusive="0" skipped="0" asserts="7">
        <test-case id="0-1189" name="TestIndexToParamUntil" fullname="Kaitai.SpecIndexToParamUntil.TestIndexToParamUntil" methodname="TestIndexToParamUntil" classname="Kaitai.SpecIndexToParamUntil" runstate="Runnable" seed="1648976981" result="Passed" start-time="2023-10-16 18:21:48Z" end-time="2023-10-16 18:21:48Z" duration="0.001343" asserts="7" />
      </test-suite>
      <test-suite type="TestFixture" id="0-1190" name="SpecInstanceIoUser" fullname="Kaitai.SpecInstanceIoUser" classname="Kaitai.SpecInstanceIoUser" runstate="Runnable" testcasecount="1" result="Passed" start-time="2023-10-16 18:21:48Z" end-time="2023-10-16 18:21:48Z" duration="0.004246" total="1" passed="1" failed="0" inconclusive="0" skipped="0" asserts="4">
        <test-case id="0-1191" name="TestInstanceIoUser" fullname="Kaitai.SpecInstanceIoUser.TestInstanceIoUser" methodname="TestInstanceIoUser" classname="Kaitai.SpecInstanceIoUser" runstate="Runnable" seed="909271913" result="Passed" start-time="2023-10-16 18:21:48Z" end-time="2023-10-16 18:21:48Z" duration="0.001760" asserts="4" />
      </test-suite>
      <test-suite type="TestFixture" id="0-1192" name="SpecInstanceStd" fullname="Kaitai.SpecInstanceStd" classname="Kaitai.SpecInstanceStd" runstate="Runnable" testcasecount="1" result="Passed" start-time="2023-10-16 18:21:48Z" end-time="2023-10-16 18:21:48Z" duration="0.003054" total="1" passed="1" failed="0" inconclusive="0" skipped="0" asserts="1">
        <test-case id="0-1193" name="TestInstanceStd" fullname="Kaitai.SpecInstanceStd.TestInstanceStd" methodname="TestInstanceStd" classname="Kaitai.SpecInstanceStd" runstate="Runnable" seed="1308781531" result="Passed" start-time="2023-10-16 18:21:48Z" end-time="2023-10-16 18:21:48Z" duration="0.000540" asserts="1" />
      </test-suite>
      <test-suite type="TestFixture" id="0-1194" name="SpecInstanceStdArray" fullname="Kaitai.SpecInstanceStdArray" classname="Kaitai.SpecInstanceStdArray" runstate="Runnable" testcasecount="1" result="Passed" start-time="2023-10-16 18:21:48Z" end-time="2023-10-16 18:21:48Z" duration="0.003473" total="1" passed="1" failed="0" inconclusive="0" skipped="0" asserts="7">
        <test-case id="0-1195" name="TestInstanceStdArray" fullname="Kaitai.SpecInstanceStdArray.TestInstanceStdArray" methodname="TestInstanceStdArray" classname="Kaitai.SpecInstanceStdArray" runstate="Runnable" seed="21334791" result="Passed" start-time="2023-10-16 18:21:48Z" end-time="2023-10-16 18:21:48Z" duration="0.001014" asserts="7" />
      </test-suite>
      <test-suite type="TestFixture" id="0-1196" name="SpecInstanceUserArray" fullname="Kaitai.SpecInstanceUserArray" classname="Kaitai.SpecInstanceUserArray" runstate="Runnable" testcasecount="1" result="Passed" start-time="2023-10-16 18:21:48Z" end-time="2023-10-16 18:21:48Z" duration="0.004107" total="1" passed="1" failed="0" inconclusive="0" skipped="0" asserts="10">
        <test-case id="0-1197" name="TestInstanceUserArray" fullname="Kaitai.SpecInstanceUserArray.TestInstanceUserArray" methodname="TestInstanceUserArray" classname="Kaitai.SpecInstanceUserArray" runstate="Runnable" seed="130907626" result="Passed" start-time="2023-10-16 18:21:48Z" end-time="2023-10-16 18:21:48Z" duration="0.001602" asserts="10" />
      </test-suite>
      <test-suite type="TestFixture" id="0-1198" name="SpecIntegers" fullname="Kaitai.SpecIntegers" classname="Kaitai.SpecIntegers" runstate="Runnable" testcasecount="1" result="Passed" start-time="2023-10-16 18:21:48Z" end-time="2023-10-16 18:21:48Z" duration="0.005032" total="1" passed="1" failed="0" inconclusive="0" skipped="0" asserts="20">
        <test-case id="0-1199" name="TestIntegers" fullname="Kaitai.SpecIntegers.TestIntegers" methodname="TestIntegers" classname="Kaitai.SpecIntegers" runstate="Runnable" seed="1739266164" result="Passed" start-time="2023-10-16 18:21:48Z" end-time="2023-10-16 18:21:48Z" duration="0.002570" asserts="20" />
      </test-suite>
      <test-suite type="TestFixture" id="0-1200" name="SpecIntegersDoubleOverflow" fullname="Kaitai.SpecIntegersDoubleOverflow" classname="Kaitai.SpecIntegersDoubleOverflow" runstate="Runnable" testcasecount="1" result="Passed" start-time="2023-10-16 18:21:48Z" end-time="2023-10-16 18:21:48Z" duration="0.003653" total="1" passed="1" failed="0" inconclusive="0" skipped="0" asserts="8">
        <test-case id="0-1201" name="TestIntegersDoubleOverflow" fullname="Kaitai.SpecIntegersDoubleOverflow.TestIntegersDoubleOverflow" methodname="TestIntegersDoubleOverflow" classname="Kaitai.SpecIntegersDoubleOverflow" runstate="Runnable" seed="1649598392" result="Passed" start-time="2023-10-16 18:21:48Z" end-time="2023-10-16 18:21:48Z" duration="0.000738" asserts="8" />
      </test-suite>
      <test-suite type="TestFixture" id="0-1202" name="SpecIntegersMinMax" fullname="Kaitai.SpecIntegersMinMax" classname="Kaitai.SpecIntegersMinMax" runstate="Runnable" testcasecount="1" result="Passed" start-time="2023-10-16 18:21:48Z" end-time="2023-10-16 18:21:48Z" duration="0.004850" total="1" passed="1" failed="0" inconclusive="0" skipped="0" asserts="28">
        <test-case id="0-1203" name="TestIntegersMinMax" fullname="Kaitai.SpecIntegersMinMax.TestIntegersMinMax" methodname="TestIntegersMinMax" classname="Kaitai.SpecIntegersMinMax" runstate="Runnable" seed="87987329" result="Passed" start-time="2023-10-16 18:21:48Z" end-time="2023-10-16 18:21:48Z" duration="0.001834" asserts="28" />
      </test-suite>
      <test-suite type="TestFixture" id="0-1204" name="SpecIoLocalVar" fullname="Kaitai.SpecIoLocalVar" classname="Kaitai.SpecIoLocalVar" runstate="Runnable" testcasecount="1" result="Passed" start-time="2023-10-16 18:21:48Z" end-time="2023-10-16 18:21:48Z" duration="0.003358" total="1" passed="1" failed="0" inconclusive="0" skipped="0" asserts="2">
        <test-case id="0-1205" name="TestIoLocalVar" fullname="Kaitai.SpecIoLocalVar.TestIoLocalVar" methodname="TestIoLocalVar" classname="Kaitai.SpecIoLocalVar" runstate="Runnable" seed="1385748274" result="Passed" start-time="2023-10-16 18:21:48Z" end-time="2023-10-16 18:21:48Z" duration="0.000873" asserts="2" />
      </test-suite>
      <test-suite type="TestFixture" id="0-1206" name="SpecJsSignedRightShift" fullname="Kaitai.SpecJsSignedRightShift" classname="Kaitai.SpecJsSignedRightShift" runstate="Runnable" testcasecount="1" result="Passed" start-time="2023-10-16 18:21:48Z" end-time="2023-10-16 18:21:48Z" duration="0.002987" total="1" passed="1" failed="0" inconclusive="0" skipped="0" asserts="2">
        <test-case id="0-1207" name="TestJsSignedRightShift" fullname="Kaitai.SpecJsSignedRightShift.TestJsSignedRightShift" methodname="TestJsSignedRightShift" classname="Kaitai.SpecJsSignedRightShift" runstate="Runnable" seed="1006982787" result="Passed" start-time="2023-10-16 18:21:48Z" end-time="2023-10-16 18:21:48Z" duration="0.000520" asserts="2" />
      </test-suite>
      <test-suite type="TestFixture" id="0-1208" name="SpecMetaTags" fullname="Kaitai.SpecMetaTags" classname="Kaitai.SpecMetaTags" runstate="Runnable" testcasecount="1" result="Passed" start-time="2023-10-16 18:21:48Z" end-time="2023-10-16 18:21:48Z" duration="0.002838" total="1" passed="1" failed="0" inconclusive="0" skipped="0" asserts="0">
        <test-case id="0-1209" name="TestMetaTags" fullname="Kaitai.SpecMetaTags.TestMetaTags" methodname="TestMetaTags" classname="Kaitai.SpecMetaTags" runstate="Runnable" seed="186490678" result="Passed" start-time="2023-10-16 18:21:48Z" end-time="2023-10-16 18:21:48Z" duration="0.000336" asserts="0" />
      </test-suite>
      <test-suite type="TestFixture" id="0-1210" name="SpecMetaXref" fullname="Kaitai.SpecMetaXref" classname="Kaitai.SpecMetaXref" runstate="Runnable" testcasecount="1" result="Passed" start-time="2023-10-16 18:21:48Z" end-time="2023-10-16 18:21:48Z" duration="0.002881" total="1" passed="1" failed="0" inconclusive="0" skipped="0" asserts="0">
        <test-case id="0-1211" name="TestMetaXref" fullname="Kaitai.SpecMetaXref.TestMetaXref" methodname="TestMetaXref" classname="Kaitai.SpecMetaXref" runstate="Runnable" seed="976345416" result="Passed" start-time="2023-10-16 18:21:48Z" end-time="2023-10-16 18:21:48Z" duration="0.000355" asserts="0" />
      </test-suite>
      <test-suite type="TestFixture" id="0-1212" name="SpecMultipleUse" fullname="Kaitai.SpecMultipleUse" classname="Kaitai.SpecMultipleUse" runstate="Runnable" testcasecount="1" result="Passed" start-time="2023-10-16 18:21:48Z" end-time="2023-10-16 18:21:48Z" duration="0.003526" total="1" passed="1" failed="0" inconclusive="0" skipped="0" asserts="2">
        <test-case id="0-1213" name="TestMultipleUse" fullname="Kaitai.SpecMultipleUse.TestMultipleUse" methodname="TestMultipleUse" classname="Kaitai.SpecMultipleUse" runstate="Runnable" seed="720677971" result="Passed" start-time="2023-10-16 18:21:48Z" end-time="2023-10-16 18:21:48Z" duration="0.001041" asserts="2" />
      </test-suite>
      <test-suite type="TestFixture" id="0-1214" name="SpecNavParent" fullname="Kaitai.SpecNavParent" classname="Kaitai.SpecNavParent" runstate="Runnable" testcasecount="1" result="Passed" start-time="2023-10-16 18:21:48Z" end-time="2023-10-16 18:21:48Z" duration="0.004144" total="1" passed="1" failed="0" inconclusive="0" skipped="0" asserts="5">
        <test-case id="0-1215" name="TestNavParent" fullname="Kaitai.SpecNavParent.TestNavParent" methodname="TestNavParent" classname="Kaitai.SpecNavParent" runstate="Runnable" seed="2060481490" result="Passed" start-time="2023-10-16 18:21:48Z" end-time="2023-10-16 18:21:48Z" duration="0.001626" asserts="5" />
[...]
      </test-suite>
      <test-suite type="TestFixture" id="0-1392" name="SpecTsPacketHeader" fullname="Kaitai.SpecTsPacketHeader" classname="Kaitai.SpecTsPacketHeader" runstate="Runnable" testcasecount="1" result="Passed" start-time="2023-10-16 18:21:49Z" end-time="2023-10-16 18:21:49Z" duration="0.003342" total="1" passed="1" failed="0" inconclusive="0" skipped="0" asserts="7">
        <test-case id="0-1393" name="TestTsPacketHeader" fullname="Kaitai.SpecTsPacketHeader.TestTsPacketHeader" methodname="TestTsPacketHeader" classname="Kaitai.SpecTsPacketHeader" runstate="Runnable" seed="1222496148" result="Passed" start-time="2023-10-16 18:21:49Z" end-time="2023-10-16 18:21:49Z" duration="0.000868" asserts="7" />
      </test-suite>
      <test-suite type="TestFixture" id="0-1394" name="SpecTypeIntUnaryOp" fullname="Kaitai.SpecTypeIntUnaryOp" classname="Kaitai.SpecTypeIntUnaryOp" runstate="Runnable" testcasecount="1" result="Passed" start-time="2023-10-16 18:21:49Z" end-time="2023-10-16 18:21:49Z" duration="0.003215" total="1" passed="1" failed="0" inconclusive="0" skipped="0" asserts="4">
        <test-case id="0-1395" name="TestTypeIntUnaryOp" fullname="Kaitai.SpecTypeIntUnaryOp.TestTypeIntUnaryOp" methodname="TestTypeIntUnaryOp" classname="Kaitai.SpecTypeIntUnaryOp" runstate="Runnable" seed="1681161629" result="Passed" start-time="2023-10-16 18:21:49Z" end-time="2023-10-16 18:21:49Z" duration="0.000729" asserts="4" />
      </test-suite>
      <test-suite type="TestFixture" id="0-1396" name="SpecTypeTernary" fullname="Kaitai.SpecTypeTernary" classname="Kaitai.SpecTypeTernary" runstate="Runnable" testcasecount="1" result="Passed" start-time="2023-10-16 18:21:49Z" end-time="2023-10-16 18:21:49Z" duration="0.003307" total="1" passed="1" failed="0" inconclusive="0" skipped="0" asserts="1">
        <test-case id="0-1397" name="TestTypeTernary" fullname="Kaitai.SpecTypeTernary.TestTypeTernary" methodname="TestTypeTernary" classname="Kaitai.SpecTypeTernary" runstate="Runnable" seed="165879201" result="Passed" start-time="2023-10-16 18:21:49Z" end-time="2023-10-16 18:21:49Z" duration="0.000802" asserts="1" />
      </test-suite>
      <test-suite type="TestFixture" id="0-1398" name="SpecTypeTernary2ndFalsy" fullname="Kaitai.SpecTypeTernary2ndFalsy" classname="Kaitai.SpecTypeTernary2ndFalsy" runstate="Runnable" testcasecount="1" result="Passed" start-time="2023-10-16 18:21:49Z" end-time="2023-10-16 18:21:49Z" duration="0.004609" total="1" passed="1" failed="0" inconclusive="0" skipped="0" asserts="13">
        <test-case id="0-1399" name="TestTypeTernary2ndFalsy" fullname="Kaitai.SpecTypeTernary2ndFalsy.TestTypeTernary2ndFalsy" methodname="TestTypeTernary2ndFalsy" classname="Kaitai.SpecTypeTernary2ndFalsy" runstate="Runnable" seed="350831096" result="Passed" start-time="2023-10-16 18:21:49Z" end-time="2023-10-16 18:21:49Z" duration="0.002112" asserts="13" />
      </test-suite>
      <test-suite type="TestFixture" id="0-1400" name="SpecTypeTernaryOpaque" fullname="Kaitai.SpecTypeTernaryOpaque" classname="Kaitai.SpecTypeTernaryOpaque" runstate="Runnable" testcasecount="1" result="Passed" start-time="2023-10-16 18:21:49Z" end-time="2023-10-16 18:21:49Z" duration="0.003306" total="1" passed="1" failed="0" inconclusive="0" skipped="0" asserts="3">
        <test-case id="0-1401" name="TestTypeTernaryOpaque" fullname="Kaitai.SpecTypeTernaryOpaque.TestTypeTernaryOpaque" methodname="TestTypeTernaryOpaque" classname="Kaitai.SpecTypeTernaryOpaque" runstate="Runnable" seed="1317112583" result="Passed" start-time="2023-10-16 18:21:49Z" end-time="2023-10-16 18:21:49Z" duration="0.000762" asserts="3" />
      </test-suite>
      <test-suite type="TestFixture" id="0-1402" name="SpecUserType" fullname="Kaitai.SpecUserType" classname="Kaitai.SpecUserType" runstate="Runnable" testcasecount="1" result="Passed" start-time="2023-10-16 18:21:49Z" end-time="2023-10-16 18:21:49Z" duration="0.003301" total="1" passed="1" failed="0" inconclusive="0" skipped="0" asserts="2">
        <test-case id="0-1403" name="TestUserType" fullname="Kaitai.SpecUserType.TestUserType" methodname="TestUserType" classname="Kaitai.SpecUserType" runstate="Runnable" seed="919010022" result="Passed" start-time="2023-10-16 18:21:49Z" end-time="2023-10-16 18:21:49Z" duration="0.000766" asserts="2" />
      </test-suite>
      <test-suite type="TestFixture" id="0-1404" name="SpecValidEqStrEncodings" fullname="Kaitai.SpecValidEqStrEncodings" classname="Kaitai.SpecValidEqStrEncodings" runstate="Runnable" testcasecount="1" result="Passed" start-time="2023-10-16 18:21:49Z" end-time="2023-10-16 18:21:49Z" duration="0.003345" total="1" passed="1" failed="0" inconclusive="0" skipped="0" asserts="0">
        <test-case id="0-1405" name="TestValidEqStrEncodings" fullname="Kaitai.SpecValidEqStrEncodings.TestValidEqStrEncodings" methodname="TestValidEqStrEncodings" classname="Kaitai.SpecValidEqStrEncodings" runstate="Runnable" seed="1462595180" result="Passed" start-time="2023-10-16 18:21:49Z" end-time="2023-10-16 18:21:49Z" duration="0.000808" asserts="0" />
      </test-suite>
      <test-suite type="TestFixture" id="0-1406" name="SpecValidFailAnyofInt" fullname="Kaitai.SpecValidFailAnyofInt" classname="Kaitai.SpecValidFailAnyofInt" runstate="Runnable" testcasecount="1" result="Passed" start-time="2023-10-16 18:21:49Z" end-time="2023-10-16 18:21:49Z" duration="0.004118" total="1" passed="1" failed="0" inconclusive="0" skipped="0" asserts="1">
        <test-case id="0-1407" name="TestValidFailAnyofInt" fullname="Kaitai.SpecValidFailAnyofInt.TestValidFailAnyofInt" methodname="TestValidFailAnyofInt" classname="Kaitai.SpecValidFailAnyofInt" runstate="Runnable" seed="1156957216" result="Passed" start-time="2023-10-16 18:21:49Z" end-time="2023-10-16 18:21:49Z" duration="0.001606" asserts="1" />
      </test-suite>
      <test-suite type="TestFixture" id="0-1408" name="SpecValidFailContents" fullname="Kaitai.SpecValidFailContents" classname="Kaitai.SpecValidFailContents" runstate="Runnable" testcasecount="1" result="Passed" start-time="2023-10-16 18:21:49Z" end-time="2023-10-16 18:21:49Z" duration="0.003559" total="1" passed="1" failed="0" inconclusive="0" skipped="0" asserts="1">
        <test-case id="0-1409" name="TestValidFailContents" fullname="Kaitai.SpecValidFailContents.TestValidFailContents" methodname="TestValidFailContents" classname="Kaitai.SpecValidFailContents" runstate="Runnable" seed="1696325363" result="Passed" start-time="2023-10-16 18:21:49Z" end-time="2023-10-16 18:21:49Z" duration="0.001033" asserts="1" />
      </test-suite>
      <test-suite type="TestFixture" id="0-1410" name="SpecValidFailEqBytes" fullname="Kaitai.SpecValidFailEqBytes" classname="Kaitai.SpecValidFailEqBytes" runstate="Runnable" testcasecount="1" result="Passed" start-time="2023-10-16 18:21:49Z" end-time="2023-10-16 18:21:49Z" duration="0.003137" total="1" passed="1" failed="0" inconclusive="0" skipped="0" asserts="1">
        <test-case id="0-1411" name="TestValidFailEqBytes" fullname="Kaitai.SpecValidFailEqBytes.TestValidFailEqBytes" methodname="TestValidFailEqBytes" classname="Kaitai.SpecValidFailEqBytes" runstate="Runnable" seed="864905485" result="Passed" start-time="2023-10-16 18:21:49Z" end-time="2023-10-16 18:21:49Z" duration="0.000631" asserts="1" />
      </test-suite>
      <test-suite type="TestFixture" id="0-1412" name="SpecValidFailEqInt" fullname="Kaitai.SpecValidFailEqInt" classname="Kaitai.SpecValidFailEqInt" runstate="Runnable" testcasecount="1" result="Passed" start-time="2023-10-16 18:21:49Z" end-time="2023-10-16 18:21:49Z" duration="0.003440" total="1" passed="1" failed="0" inconclusive="0" skipped="0" asserts="1">
        <test-case id="0-1413" name="TestValidFailEqInt" fullname="Kaitai.SpecValidFailEqInt.TestValidFailEqInt" methodname="TestValidFailEqInt" classname="Kaitai.SpecValidFailEqInt" runstate="Runnable" seed="701076999" result="Passed" start-time="2023-10-16 18:21:49Z" end-time="2023-10-16 18:21:49Z" duration="0.000944" asserts="1" />
      </test-suite>
      <test-suite type="TestFixture" id="0-1414" name="SpecValidFailEqStr" fullname="Kaitai.SpecValidFailEqStr" classname="Kaitai.SpecValidFailEqStr" runstate="Runnable" testcasecount="1" result="Passed" start-time="2023-10-16 18:21:49Z" end-time="2023-10-16 18:21:49Z" duration="0.003211" total="1" passed="1" failed="0" inconclusive="0" skipped="0" asserts="1">
        <test-case id="0-1415" name="TestValidFailEqStr" fullname="Kaitai.SpecValidFailEqStr.TestValidFailEqStr" methodname="TestValidFailEqStr" classname="Kaitai.SpecValidFailEqStr" runstate="Runnable" seed="909794523" result="Passed" start-time="2023-10-16 18:21:49Z" end-time="2023-10-16 18:21:49Z" duration="0.000639" asserts="1" />
      </test-suite>
      <test-suite type="TestFixture" id="0-1416" name="SpecValidFailExpr" fullname="Kaitai.SpecValidFailExpr" classname="Kaitai.SpecValidFailExpr" runstate="Runnable" testcasecount="1" result="Passed" start-time="2023-10-16 18:21:49Z" end-time="2023-10-16 18:21:49Z" duration="0.004435" total="1" passed="1" failed="0" inconclusive="0" skipped="0" asserts="1">
        <test-case id="0-1417" name="TestValidFailExpr" fullname="Kaitai.SpecValidFailExpr.TestValidFailExpr" methodname="TestValidFailExpr" classname="Kaitai.SpecValidFailExpr" runstate="Runnable" seed="1764449508" result="Passed" start-time="2023-10-16 18:21:49Z" end-time="2023-10-16 18:21:49Z" duration="0.001379" asserts="1" />
      </test-suite>
      <test-suite type="TestFixture" id="0-1418" name="SpecValidFailInst" fullname="Kaitai.SpecValidFailInst" classname="Kaitai.SpecValidFailInst" runstate="Runnable" testcasecount="1" result="Passed" start-time="2023-10-16 18:21:49Z" end-time="2023-10-16 18:21:49Z" duration="0.003365" total="1" passed="1" failed="0" inconclusive="0" skipped="0" asserts="1">
        <test-case id="0-1419" name="TestValidFailInst" fullname="Kaitai.SpecValidFailInst.TestValidFailInst" methodname="TestValidFailInst" classname="Kaitai.SpecValidFailInst" runstate="Runnable" seed="1363309456" result="Passed" start-time="2023-10-16 18:21:49Z" end-time="2023-10-16 18:21:49Z" duration="0.000842" asserts="1" />
      </test-suite>
      <test-suite type="TestFixture" id="0-1420" name="SpecValidFailMaxInt" fullname="Kaitai.SpecValidFailMaxInt" classname="Kaitai.SpecValidFailMaxInt" runstate="Runnable" testcasecount="1" result="Passed" start-time="2023-10-16 18:21:49Z" end-time="2023-10-16 18:21:49Z" duration="0.003281" total="1" passed="1" failed="0" inconclusive="0" skipped="0" asserts="1">
        <test-case id="0-1421" name="TestValidFailMaxInt" fullname="Kaitai.SpecValidFailMaxInt.TestValidFailMaxInt" methodname="TestValidFailMaxInt" classname="Kaitai.SpecValidFailMaxInt" runstate="Runnable" seed="261405477" result="Passed" start-time="2023-10-16 18:21:49Z" end-time="2023-10-16 18:21:49Z" duration="0.000768" asserts="1" />
      </test-suite>
      <test-suite type="TestFixture" id="0-1422" name="SpecValidFailMinInt" fullname="Kaitai.SpecValidFailMinInt" classname="Kaitai.SpecValidFailMinInt" runstate="Runnable" testcasecount="1" result="Passed" start-time="2023-10-16 18:21:49Z" end-time="2023-10-16 18:21:49Z" duration="0.003289" total="1" passed="1" failed="0" inconclusive="0" skipped="0" asserts="1">
        <test-case id="0-1423" name="TestValidFailMinInt" fullname="Kaitai.SpecValidFailMinInt.TestValidFailMinInt" methodname="TestValidFailMinInt" classname="Kaitai.SpecValidFailMinInt" runstate="Runnable" seed="692222109" result="Passed" start-time="2023-10-16 18:21:49Z" end-time="2023-10-16 18:21:49Z" duration="0.000772" asserts="1" />
      </test-suite>
      <test-suite type="TestFixture" id="0-1424" name="SpecValidFailRangeBytes" fullname="Kaitai.SpecValidFailRangeBytes" classname="Kaitai.SpecValidFailRangeBytes" runstate="Runnable" testcasecount="1" result="Passed" start-time="2023-10-16 18:21:49Z" end-time="2023-10-16 18:21:49Z" duration="0.003440" total="1" passed="1" failed="0" inconclusive="0" skipped="0" asserts="1">
        <test-case id="0-1425" name="TestValidFailRangeBytes" fullname="Kaitai.SpecValidFailRangeBytes.TestValidFailRangeBytes" methodname="TestValidFailRangeBytes" classname="Kaitai.SpecValidFailRangeBytes" runstate="Runnable" seed="1168038824" result="Passed" start-time="2023-10-16 18:21:49Z" end-time="2023-10-16 18:21:49Z" duration="0.000904" asserts="1" />
      </test-suite>
      <test-suite type="TestFixture" id="0-1426" name="SpecValidFailRangeFloat" fullname="Kaitai.SpecValidFailRangeFloat" classname="Kaitai.SpecValidFailRangeFloat" runstate="Runnable" testcasecount="1" result="Passed" start-time="2023-10-16 18:21:49Z" end-time="2023-10-16 18:21:49Z" duration="0.005305" total="1" passed="1" failed="0" inconclusive="0" skipped="0" asserts="1">
        <test-case id="0-1427" name="TestValidFailRangeFloat" fullname="Kaitai.SpecValidFailRangeFloat.TestValidFailRangeFloat" methodname="TestValidFailRangeFloat" classname="Kaitai.SpecValidFailRangeFloat" runstate="Runnable" seed="1156339235" result="Passed" start-time="2023-10-16 18:21:49Z" end-time="2023-10-16 18:21:49Z" duration="0.002774" asserts="1" />
      </test-suite>
      <test-suite type="TestFixture" id="0-1428" name="SpecValidFailRangeInt" fullname="Kaitai.SpecValidFailRangeInt" classname="Kaitai.SpecValidFailRangeInt" runstate="Runnable" testcasecount="1" result="Passed" start-time="2023-10-16 18:21:49Z" end-time="2023-10-16 18:21:49Z" duration="0.003241" total="1" passed="1" failed="0" inconclusive="0" skipped="0" asserts="1">
        <test-case id="0-1429" name="TestValidFailRangeInt" fullname="Kaitai.SpecValidFailRangeInt.TestValidFailRangeInt" methodname="TestValidFailRangeInt" classname="Kaitai.SpecValidFailRangeInt" runstate="Runnable" seed="1871722296" result="Passed" start-time="2023-10-16 18:21:49Z" end-time="2023-10-16 18:21:49Z" duration="0.000728" asserts="1" />
      </test-suite>
      <test-suite type="TestFixture" id="0-1430" name="SpecValidFailRangeStr" fullname="Kaitai.SpecValidFailRangeStr" classname="Kaitai.SpecValidFailRangeStr" runstate="Runnable" testcasecount="1" result="Passed" start-time="2023-10-16 18:21:49Z" end-time="2023-10-16 18:21:49Z" duration="0.003181" total="1" passed="1" failed="0" inconclusive="0" skipped="0" asserts="1">
        <test-case id="0-1431" name="TestValidFailRangeStr" fullname="Kaitai.SpecValidFailRangeStr.TestValidFailRangeStr" methodname="TestValidFailRangeStr" classname="Kaitai.SpecValidFailRangeStr" runstate="Runnable" seed="1213138097" result="Passed" start-time="2023-10-16 18:21:49Z" end-time="2023-10-16 18:21:49Z" duration="0.000721" asserts="1" />
      </test-suite>
      <test-suite type="TestFixture" id="0-1432" name="SpecValidLong" fullname="Kaitai.SpecValidLong" classname="Kaitai.SpecValidLong" runstate="Runnable" testcasecount="1" result="Passed" start-time="2023-10-16 18:21:49Z" end-time="2023-10-16 18:21:49Z" duration="0.003707" total="1" passed="1" failed="0" inconclusive="0" skipped="0" asserts="0">
        <test-case id="0-1433" name="TestValidLong" fullname="Kaitai.SpecValidLong.TestValidLong" methodname="TestValidLong" classname="Kaitai.SpecValidLong" runstate="Runnable" seed="666021727" result="Passed" start-time="2023-10-16 18:21:49Z" end-time="2023-10-16 18:21:49Z" duration="0.001202" asserts="0" />
      </test-suite>
      <test-suite type="TestFixture" id="0-1434" name="SpecValidNotParsedIf" fullname="Kaitai.SpecValidNotParsedIf" classname="Kaitai.SpecValidNotParsedIf" runstate="Runnable" testcasecount="1" result="Passed" start-time="2023-10-16 18:21:49Z" end-time="2023-10-16 18:21:49Z" duration="0.003317" total="1" passed="1" failed="0" inconclusive="0" skipped="0" asserts="0">
        <test-case id="0-1435" name="TestValidNotParsedIf" fullname="Kaitai.SpecValidNotParsedIf.TestValidNotParsedIf" methodname="TestValidNotParsedIf" classname="Kaitai.SpecValidNotParsedIf" runstate="Runnable" seed="219632002" result="Passed" start-time="2023-10-16 18:21:49Z" end-time="2023-10-16 18:21:49Z" duration="0.000783" asserts="0" />
      </test-suite>
      <test-suite type="TestFixture" id="0-1436" name="SpecValidOptionalId" fullname="Kaitai.SpecValidOptionalId" classname="Kaitai.SpecValidOptionalId" runstate="Runnable" testcasecount="1" result="Passed" start-time="2023-10-16 18:21:49Z" end-time="2023-10-16 18:21:49Z" duration="0.003211" total="1" passed="1" failed="0" inconclusive="0" skipped="0" asserts="0">
        <test-case id="0-1437" name="TestValidOptionalId" fullname="Kaitai.SpecValidOptionalId.TestValidOptionalId" methodname="TestValidOptionalId" classname="Kaitai.SpecValidOptionalId" runstate="Runnable" seed="1285524665" result="Passed" start-time="2023-10-16 18:21:49Z" end-time="2023-10-16 18:21:49Z" duration="0.000714" asserts="0" />
      </test-suite>
      <test-suite type="TestFixture" id="0-1438" name="SpecValidShort" fullname="Kaitai.SpecValidShort" classname="Kaitai.SpecValidShort" runstate="Runnable" testcasecount="1" result="Passed" start-time="2023-10-16 18:21:49Z" end-time="2023-10-16 18:21:49Z" duration="0.004211" total="1" passed="1" failed="0" inconclusive="0" skipped="0" asserts="0">
        <test-case id="0-1439" name="TestValidShort" fullname="Kaitai.SpecValidShort.TestValidShort" methodname="TestValidShort" classname="Kaitai.SpecValidShort" runstate="Runnable" seed="1374828214" result="Passed" start-time="2023-10-16 18:21:49Z" end-time="2023-10-16 18:21:49Z" duration="0.001153" asserts="0" />
      </test-suite>
      <test-suite type="TestFixture" id="0-1440" name="SpecValidSwitch" fullname="Kaitai.SpecValidSwitch" classname="Kaitai.SpecValidSwitch" runstate="Runnable" testcasecount="1" result="Passed" start-time="2023-10-16 18:21:49Z" end-time="2023-10-16 18:21:49Z" duration="0.003424" total="1" passed="1" failed="0" inconclusive="0" skipped="0" asserts="0">
        <test-case id="0-1441" name="TestValidSwitch" fullname="Kaitai.SpecValidSwitch.TestValidSwitch" methodname="TestValidSwitch" classname="Kaitai.SpecValidSwitch" runstate="Runnable" seed="380343781" result="Passed" start-time="2023-10-16 18:21:49Z" end-time="2023-10-16 18:21:49Z" duration="0.000576" asserts="0" />
      </test-suite>
      <test-suite type="TestFixture" id="0-1442" name="SpecZlibSurrounded" fullname="Kaitai.SpecZlibSurrounded" classname="Kaitai.SpecZlibSurrounded" runstate="Runnable" testcasecount="1" result="Passed" start-time="2023-10-16 18:21:49Z" end-time="2023-10-16 18:21:49Z" duration="0.010129" total="1" passed="1" failed="0" inconclusive="0" skipped="0" asserts="1">
        <test-case id="0-1443" name="TestZlibSurrounded" fullname="Kaitai.SpecZlibSurrounded.TestZlibSurrounded" methodname="TestZlibSurrounded" classname="Kaitai.SpecZlibSurrounded" runstate="Runnable" seed="113677313" result="Passed" start-time="2023-10-16 18:21:49Z" end-time="2023-10-16 18:21:49Z" duration="0.007658" asserts="1" />
      </test-suite>
      <test-suite type="TestFixture" id="0-1444" name="SpecZlibWithHeader78" fullname="Kaitai.SpecZlibWithHeader78" classname="Kaitai.SpecZlibWithHeader78" runstate="Runnable" testcasecount="1" result="Passed" start-time="2023-10-16 18:21:49Z" end-time="2023-10-16 18:21:49Z" duration="0.003028" total="1" passed="1" failed="0" inconclusive="0" skipped="0" asserts="1">
        <test-case id="0-1445" name="TestZlibWithHeader78" fullname="Kaitai.SpecZlibWithHeader78.TestZlibWithHeader78" methodname="TestZlibWithHeader78" classname="Kaitai.SpecZlibWithHeader78" runstate="Runnable" seed="351581424" result="Passed" start-time="2023-10-16 18:21:49Z" end-time="2023-10-16 18:21:49Z" duration="0.000583" asserts="1" />
      </test-suite>
    </test-suite>
  </test-suite>
</test-run>