<?xml version="1.0" encoding="utf-8" standalone="no"?>
<test-run id="2" testcasecount="197" result="Passed" total="197" passed="197" failed="0" inconclusive="0" skipped="0" asserts="924" engine-version="3.4.1.0" clr-version="4.0.30319.42000" start-time="2020-05-24 22:45:04Z" end-time="2020-05-24 22:45:06Z" duration="2.027344">
  <command-line><![CDATA[spec/csharp/packages/NUnit.ConsoleRunner.3.4.1/tools/nunit3-console.exe --result=test_out/csharp/TestResult.xml spec/csharp/kaitai_struct_csharp_tests/bin/Debug/kaitai_struct_csharp_tests.dll]]></command-line>
  <test-suite type="Assembly" id="0-1394" name="kaitai_struct_csharp_tests.dll" fullname="C:\projects\ci-targets\tests\spec\csharp\kaitai_struct_csharp_tests\bin\Debug\kaitai_struct_csharp_tests.dll" runstate="Runnable" testcasecount="197" result="Passed" start-time="2020-05-24 22:45:04Z" end-time="2020-05-24 22:45:06Z" duration="1.938425" total="197" passed="197" failed="0" inconclusive="0" skipped="0" asserts="924">
    <environment framework-version="3.4.1.0" clr-version="4.0.30319.42000" os-version="Microsoft Windows NT 10.0.14393.0" platform="Win32NT" cwd="C:\projects\ci-targets\tests" machine-name="APPVYR-WIN" user="appveyor" user-domain="APPVYR-WIN" culture="en-US" uiculture="en-US" os-architecture="x64" />
    <settings>
      <setting name="WorkDirectory" value="C:\projects\ci-targets\tests" />
      <setting name="ImageRuntimeVersion" value="4.0.30319" />
      <setting name="ImageTargetFrameworkName" value=".NETFramework,Version=v4.5" />
      <setting name="ImageRequiresX86" value="False" />
      <setting name="ImageRequiresDefaultAppDomainAssemblyResolver" value="False" />
      <setting name="NumberOfTestWorkers" value="2" />
    </settings>
    <properties>
      <property name="_PID" value="5004" />
      <property name="_APPDOMAIN" value="test-domain-" />
    </properties>
    <test-suite type="TestSuite" id="0-1395" name="Kaitai" fullname="Kaitai" runstate="Runnable" testcasecount="197" result="Passed" start-time="2020-05-24 22:45:04Z" end-time="2020-05-24 22:45:06Z" duration="1.917133" total="197" passed="197" failed="0" inconclusive="0" skipped="0" asserts="924">
      <test-suite type="TestFixture" id="0-1000" name="SpecBcdUserTypeBe" fullname="Kaitai.SpecBcdUserTypeBe" classname="Kaitai.SpecBcdUserTypeBe" runstate="Runnable" testcasecount="1" result="Passed" start-time="2020-05-24 22:45:04Z" end-time="2020-05-24 22:45:04Z" duration="0.037645" total="1" passed="1" failed="0" inconclusive="0" skipped="0" asserts="6">
        <test-case id="0-1001" name="TestBcdUserTypeBe" fullname="Kaitai.SpecBcdUserTypeBe.TestBcdUserTypeBe" methodname="TestBcdUserTypeBe" classname="Kaitai.SpecBcdUserTypeBe" runstate="Runnable" seed="1484159401" result="Passed" start-time="2020-05-24 22:45:04Z" end-time="2020-05-24 22:45:04Z" duration="0.022460" asserts="6" />
      </test-suite>
      <test-suite type="TestFixture" id="0-1002" name="SpecBcdUserTypeLe" fullname="Kaitai.SpecBcdUserTypeLe" classname="Kaitai.SpecBcdUserTypeLe" runstate="Runnable" testcasecount="1" result="Passed" start-time="2020-05-24 22:45:04Z" end-time="2020-05-24 22:45:04Z" duration="0.013028" total="1" passed="1" failed="0" inconclusive="0" skipped="0" asserts="6">
        <test-case id="0-1003" name="TestBcdUserTypeLe" fullname="Kaitai.SpecBcdUserTypeLe.TestBcdUserTypeLe" methodname="TestBcdUserTypeLe" classname="Kaitai.SpecBcdUserTypeLe" runstate="Runnable" seed="1296930305" result="Passed" start-time="2020-05-24 22:45:04Z" end-time="2020-05-24 22:45:04Z" duration="0.009564" asserts="6" />
      </test-suite>
      <test-suite type="TestFixture" id="0-1004" name="SpecBitsByteAligned" fullname="Kaitai.SpecBitsByteAligned" classname="Kaitai.SpecBitsByteAligned" runstate="Runnable" testcasecount="1" result="Passed" start-time="2020-05-24 22:45:04Z" end-time="2020-05-24 22:45:04Z" duration="0.011012" total="1" passed="1" failed="0" inconclusive="0" skipped="0" asserts="9">
        <test-case id="0-1005" name="TestBitsByteAligned" fullname="Kaitai.SpecBitsByteAligned.TestBitsByteAligned" methodname="TestBitsByteAligned" classname="Kaitai.SpecBitsByteAligned" runstate="Runnable" seed="1031686168" result="Passed" start-time="2020-05-24 22:45:04Z" end-time="2020-05-24 22:45:04Z" duration="0.007550" asserts="9" />
      </test-suite>
      <test-suite type="TestFixture" id="0-1006" name="SpecBitsEnum" fullname="Kaitai.SpecBitsEnum" classname="Kaitai.SpecBitsEnum" runstate="Runnable" testcasecount="1" result="Passed" start-time="2020-05-24 22:45:04Z" end-time="2020-05-24 22:45:04Z" duration="0.004021" total="1" passed="1" failed="0" inconclusive="0" skipped="0" asserts="3">
        <test-case id="0-1007" name="TestBitsEnum" fullname="Kaitai.SpecBitsEnum.TestBitsEnum" methodname="TestBitsEnum" classname="Kaitai.SpecBitsEnum" runstate="Runnable" seed="832327413" result="Passed" start-time="2020-05-24 22:45:04Z" end-time="2020-05-24 22:45:04Z" duration="0.000835" asserts="3" />
      </test-suite>
      <test-suite type="TestFixture" id="0-1008" name="SpecBitsSeqEndianCombo" fullname="Kaitai.SpecBitsSeqEndianCombo" classname="Kaitai.SpecBitsSeqEndianCombo" runstate="Runnable" testcasecount="1" result="Passed" start-time="2020-05-24 22:45:04Z" end-time="2020-05-24 22:45:04Z" duration="0.005010" total="1" passed="1" failed="0" inconclusive="0" skipped="0" asserts="8">
        <test-case id="0-1009" name="TestBitsSeqEndianCombo" fullname="Kaitai.SpecBitsSeqEndianCombo.TestBitsSeqEndianCombo" methodname="TestBitsSeqEndianCombo" classname="Kaitai.SpecBitsSeqEndianCombo" runstate="Runnable" seed="1061208820" result="Passed" start-time="2020-05-24 22:45:04Z" end-time="2020-05-24 22:45:04Z" duration="0.001810" asserts="8" />
      </test-suite>
      <test-suite type="TestFixture" id="0-1010" name="SpecBitsSimple" fullname="Kaitai.SpecBitsSimple" classname="Kaitai.SpecBitsSimple" runstate="Runnable" testcasecount="1" result="Passed" start-time="2020-05-24 22:45:04Z" end-time="2020-05-24 22:45:04Z" duration="0.007007" total="1" passed="1" failed="0" inconclusive="0" skipped="0" asserts="14">
        <test-case id="0-1011" name="TestBitsSimple" fullname="Kaitai.SpecBitsSimple.TestBitsSimple" methodname="TestBitsSimple" classname="Kaitai.SpecBitsSimple" runstate="Runnable" seed="1446033730" result="Passed" start-time="2020-05-24 22:45:04Z" end-time="2020-05-24 22:45:04Z" duration="0.003146" asserts="14" />
      </test-suite>
      <test-suite type="TestFixture" id="0-1012" name="SpecBitsSimpleLe" fullname="Kaitai.SpecBitsSimpleLe" classname="Kaitai.SpecBitsSimpleLe" runstate="Runnable" testcasecount="1" result="Passed" start-time="2020-05-24 22:45:04Z" end-time="2020-05-24 22:45:04Z" duration="0.006013" total="1" passed="1" failed="0" inconclusive="0" skipped="0" asserts="14">
        <test-case id="0-1013" name="TestBitsSimpleLe" fullname="Kaitai.SpecBitsSimpleLe.TestBitsSimpleLe" methodname="TestBitsSimpleLe" classname="Kaitai.SpecBitsSimpleLe" runstate="Runnable" seed="1419985042" result="Passed" start-time="2020-05-24 22:45:04Z" end-time="2020-05-24 22:45:04Z" duration="0.002264" asserts="14" />
      </test-suite>
      <test-suite type="TestFixture" id="0-1014" name="SpecBufferedStruct" fullname="Kaitai.SpecBufferedStruct" classname="Kaitai.SpecBufferedStruct" runstate="Runnable" testcasecount="1" result="Passed" start-time="2020-05-24 22:45:04Z" end-time="2020-05-24 22:45:04Z" duration="0.006013" total="1" passed="1" failed="0" inconclusive="0" skipped="0" asserts="7">
        <test-case id="0-1015" name="TestBufferedStruct" fullname="Kaitai.SpecBufferedStruct.TestBufferedStruct" methodname="TestBufferedStruct" classname="Kaitai.SpecBufferedStruct" runstate="Runnable" seed="1602698393" result="Passed" start-time="2020-05-24 22:45:04Z" end-time="2020-05-24 22:45:04Z" duration="0.002553" asserts="7" />
      </test-suite>
      <test-suite type="TestFixture" id="0-1016" name="SpecBytesPadTerm" fullname="Kaitai.SpecBytesPadTerm" classname="Kaitai.SpecBytesPadTerm" runstate="Runnable" testcasecount="1" result="Passed" start-time="2020-05-24 22:45:04Z" end-time="2020-05-24 22:45:04Z" duration="0.005010" total="1" passed="1" failed="0" inconclusive="0" skipped="0" asserts="4">
        <test-case id="0-1017" name="TestBytesPadTerm" fullname="Kaitai.SpecBytesPadTerm.TestBytesPadTerm" methodname="TestBytesPadTerm" classname="Kaitai.SpecBytesPadTerm" runstate="Runnable" seed="1952585426" result="Passed" start-time="2020-05-24 22:45:04Z" end-time="2020-05-24 22:45:04Z" duration="0.001386" asserts="4" />
      </test-suite>
      <test-suite type="TestFixture" id="0-1018" name="SpecCastNested" fullname="Kaitai.SpecCastNested" classname="Kaitai.SpecCastNested" runstate="Runnable" testcasecount="1" result="Passed" start-time="2020-05-24 22:45:04Z" end-time="2020-05-24 22:45:04Z" duration="0.007010" total="1" passed="1" failed="0" inconclusive="0" skipped="0" asserts="4">
        <test-case id="0-1019" name="TestCastNested" fullname="Kaitai.SpecCastNested.TestCastNested" methodname="TestCastNested" classname="Kaitai.SpecCastNested" runstate="Runnable" seed="2003379574" result="Passed" start-time="2020-05-24 22:45:04Z" end-time="2020-05-24 22:45:04Z" duration="0.003033" asserts="4" />
      </test-suite>
      <test-suite type="TestFixture" id="0-1020" name="SpecCastToImported" fullname="Kaitai.SpecCastToImported" classname="Kaitai.SpecCastToImported" runstate="Runnable" testcasecount="1" result="Passed" start-time="2020-05-24 22:45:04Z" end-time="2020-05-24 22:45:04Z" duration="0.004013" total="1" passed="1" failed="0" inconclusive="0" skipped="0" asserts="2">
        <test-case id="0-1021" name="TestCastToImported" fullname="Kaitai.SpecCastToImported.TestCastToImported" methodname="TestCastToImported" classname="Kaitai.SpecCastToImported" runstate="Runnable" seed="491525668" result="Passed" start-time="2020-05-24 22:45:04Z" end-time="2020-05-24 22:45:04Z" duration="0.000958" asserts="2" />
      </test-suite>
      <test-suite type="TestFixture" id="0-1022" name="SpecCastToTop" fullname="Kaitai.SpecCastToTop" classname="Kaitai.SpecCastToTop" runstate="Runnable" testcasecount="1" result="Passed" start-time="2020-05-24 22:45:04Z" end-time="2020-05-24 22:45:04Z" duration="0.005004" total="1" passed="1" failed="0" inconclusive="0" skipped="0" asserts="3">
        <test-case id="0-1023" name="TestCastToTop" fullname="Kaitai.SpecCastToTop.TestCastToTop" methodname="TestCastToTop" classname="Kaitai.SpecCastToTop" runstate="Runnable" seed="1858894605" result="Passed" start-time="2020-05-24 22:45:04Z" end-time="2020-05-24 22:45:04Z" duration="0.001086" asserts="3" />
      </test-suite>
      <test-suite type="TestFixture" id="0-1024" name="SpecCombineBool" fullname="Kaitai.SpecCombineBool" classname="Kaitai.SpecCombineBool" runstate="Runnable" testcasecount="1" result="Passed" start-time="2020-05-24 22:45:04Z" end-time="2020-05-24 22:45:04Z" duration="0.014012" total="1" passed="1" failed="0" inconclusive="0" skipped="0" asserts="2">
        <test-case id="0-1025" name="TestCombineBool" fullname="Kaitai.SpecCombineBool.TestCombineBool" methodname="TestCombineBool" classname="Kaitai.SpecCombineBool" runstate="Runnable" seed="471756892" result="Passed" start-time="2020-05-24 22:45:04Z" end-time="2020-05-24 22:45:04Z" duration="0.001123" asserts="2" />
      </test-suite>
      <test-suite type="TestFixture" id="0-1026" name="SpecCombineBytes" fullname="Kaitai.SpecCombineBytes" classname="Kaitai.SpecCombineBytes" runstate="Runnable" testcasecount="1" result="Passed" start-time="2020-05-24 22:45:04Z" end-time="2020-05-24 22:45:04Z" duration="0.004992" total="1" passed="1" failed="0" inconclusive="0" skipped="0" asserts="10">
        <test-case id="0-1027" name="TestCombineBytes" fullname="Kaitai.SpecCombineBytes.TestCombineBytes" methodname="TestCombineBytes" classname="Kaitai.SpecCombineBytes" runstate="Runnable" seed="297281056" result="Passed" start-time="2020-05-24 22:45:04Z" end-time="2020-05-24 22:45:04Z" duration="0.001918" asserts="10" />
      </test-suite>
      <test-suite type="TestFixture" id="0-1028" name="SpecCombineEnum" fullname="Kaitai.SpecCombineEnum" classname="Kaitai.SpecCombineEnum" runstate="Runnable" testcasecount="1" result="Passed" start-time="2020-05-24 22:45:04Z" end-time="2020-05-24 22:45:04Z" duration="0.004008" total="1" passed="1" failed="0" inconclusive="0" skipped="0" asserts="3">
        <test-case id="0-1029" name="TestCombineEnum" fullname="Kaitai.SpecCombineEnum.TestCombineEnum" methodname="TestCombineEnum" classname="Kaitai.SpecCombineEnum" runstate="Runnable" seed="1077353879" result="Passed" start-time="2020-05-24 22:45:04Z" end-time="2020-05-24 22:45:04Z" duration="0.000908" asserts="3" />
      </test-suite>
      <test-suite type="TestFixture" id="0-1030" name="SpecCombineStr" fullname="Kaitai.SpecCombineStr" classname="Kaitai.SpecCombineStr" runstate="Runnable" testcasecount="1" result="Passed" start-time="2020-05-24 22:45:04Z" end-time="2020-05-24 22:45:04Z" duration="0.006024" total="1" passed="1" failed="0" inconclusive="0" skipped="0" asserts="15">
        <test-case id="0-1031" name="TestCombineStr" fullname="Kaitai.SpecCombineStr.TestCombineStr" methodname="TestCombineStr" classname="Kaitai.SpecCombineStr" runstate="Runnable" seed="110970166" result="Passed" start-time="2020-05-24 22:45:04Z" end-time="2020-05-24 22:45:04Z" duration="0.002472" asserts="15" />
      </test-suite>
      <test-suite type="TestFixture" id="0-1032" name="SpecDebug0" fullname="Kaitai.SpecDebug0" classname="Kaitai.SpecDebug0" runstate="Runnable" testcasecount="1" result="Passed" start-time="2020-05-24 22:45:04Z" end-time="2020-05-24 22:45:04Z" duration="0.004009" total="1" passed="1" failed="0" inconclusive="0" skipped="0" asserts="0">
        <test-case id="0-1033" name="TestDebug0" fullname="Kaitai.SpecDebug0.TestDebug0" methodname="TestDebug0" classname="Kaitai.SpecDebug0" runstate="Runnable" seed="1140515624" result="Passed" start-time="2020-05-24 22:45:04Z" end-time="2020-05-24 22:45:04Z" duration="0.000099" asserts="0" />
      </test-suite>
      <test-suite type="TestFixture" id="0-1034" name="SpecDebugArrayUser" fullname="Kaitai.SpecDebugArrayUser" classname="Kaitai.SpecDebugArrayUser" runstate="Runnable" testcasecount="1" result="Passed" start-time="2020-05-24 22:45:04Z" end-time="2020-05-24 22:45:04Z" duration="0.005010" total="1" passed="1" failed="0" inconclusive="0" skipped="0" asserts="4">
        <test-case id="0-1035" name="TestDebugArrayUser" fullname="Kaitai.SpecDebugArrayUser.TestDebugArrayUser" methodname="TestDebugArrayUser" classname="Kaitai.SpecDebugArrayUser" runstate="Runnable" seed="335084598" result="Passed" start-time="2020-05-24 22:45:04Z" end-time="2020-05-24 22:45:04Z" duration="0.001634" asserts="4" />
      </test-suite>
      <test-suite type="TestFixture" id="0-1036" name="SpecDebugEnumName" fullname="Kaitai.SpecDebugEnumName" classname="Kaitai.SpecDebugEnumName" runstate="Runnable" testcasecount="1" result="Passed" start-time="2020-05-24 22:45:04Z" end-time="2020-05-24 22:45:04Z" duration="0.004006" total="1" passed="1" failed="0" inconclusive="0" skipped="0" asserts="0">
        <test-case id="0-1037" name="TestDebugEnumName" fullname="Kaitai.SpecDebugEnumName.TestDebugEnumName" methodname="TestDebugEnumName" classname="Kaitai.SpecDebugEnumName" runstate="Runnable" seed="244567608" result="Passed" start-time="2020-05-24 22:45:04Z" end-time="2020-05-24 22:45:04Z" duration="0.000092" asserts="0" />
      </test-suite>
      <test-suite type="TestFixture" id="0-1038" name="SpecDebugSwitchUser" fullname="Kaitai.SpecDebugSwitchUser" classname="Kaitai.SpecDebugSwitchUser" runstate="Runnable" testcasecount="1" result="Passed" start-time="2020-05-24 22:45:04Z" end-time="2020-05-24 22:45:04Z" duration="0.004986" total="1" passed="1" failed="0" inconclusive="0" skipped="0" asserts="2">
        <test-case id="0-1039" name="TestDebugSwitchUser" fullname="Kaitai.SpecDebugSwitchUser.TestDebugSwitchUser" methodname="TestDebugSwitchUser" classname="Kaitai.SpecDebugSwitchUser" runstate="Runnable" seed="7119389" result="Passed" start-time="2020-05-24 22:45:04Z" end-time="2020-05-24 22:45:04Z" duration="0.001381" asserts="2" />
      </test-suite>
      <test-suite type="TestFixture" id="0-1040" name="SpecDefaultBigEndian" fullname="Kaitai.SpecDefaultBigEndian" classname="Kaitai.SpecDefaultBigEndian" runstate="Runnable" testcasecount="1" result="Passed" start-time="2020-05-24 22:45:04Z" end-time="2020-05-24 22:45:04Z" duration="0.004031" total="1" passed="1" failed="0" inconclusive="0" skipped="0" asserts="1">
        <test-case id="0-1041" name="TestDefaultBigEndian" fullname="Kaitai.SpecDefaultBigEndian.TestDefaultBigEndian" methodname="TestDefaultBigEndian" classname="Kaitai.SpecDefaultBigEndian" runstate="Runnable" seed="355211775" result="Passed" start-time="2020-05-24 22:45:04Z" end-time="2020-05-24 22:45:04Z" duration="0.000644" asserts="1" />
      </test-suite>
      <test-suite type="TestFixture" id="0-1042" name="SpecDefaultBitEndianMod" fullname="Kaitai.SpecDefaultBitEndianMod" classname="Kaitai.SpecDefaultBitEndianMod" runstate="Runnable" testcasecount="1" result="Passed" start-time="2020-05-24 22:45:04Z" end-time="2020-05-24 22:45:04Z" duration="0.004993" total="1" passed="1" failed="0" inconclusive="0" skipped="0" asserts="4">
        <test-case id="0-1043" name="TestDefaultBitEndianMod" fullname="Kaitai.SpecDefaultBitEndianMod.TestDefaultBitEndianMod" methodname="TestDefaultBitEndianMod" classname="Kaitai.SpecDefaultBitEndianMod" runstate="Runnable" seed="874157428" result="Passed" start-time="2020-05-24 22:45:04Z" end-time="2020-05-24 22:45:04Z" duration="0.001571" asserts="4" />
      </test-suite>
      <test-suite type="TestFixture" id="0-1044" name="SpecDefaultEndianExprException" fullname="Kaitai.SpecDefaultEndianExprException" classname="Kaitai.SpecDefaultEndianExprException" runstate="Runnable" testcasecount="1" result="Passed" start-time="2020-05-24 22:45:04Z" end-time="2020-05-24 22:45:04Z" duration="0.014128" total="1" passed="1" failed="0" inconclusive="0" skipped="0" asserts="1">
        <test-case id="0-1045" name="TestDefaultEndianExprException" fullname="Kaitai.SpecDefaultEndianExprException.TestDefaultEndianExprException" methodname="TestDefaultEndianExprException" classname="Kaitai.SpecDefaultEndianExprException" runstate="Runnable" seed="1649219856" result="Passed" start-time="2020-05-24 22:45:04Z" end-time="2020-05-24 22:45:04Z" duration="0.010354" asserts="1" />
      </test-suite>
      <test-suite type="TestFixture" id="0-1046" name="SpecDefaultEndianExprInherited" fullname="Kaitai.SpecDefaultEndianExprInherited" classname="Kaitai.SpecDefaultEndianExprInherited" runstate="Runnable" testcasecount="1" result="Passed" start-time="2020-05-24 22:45:04Z" end-time="2020-05-24 22:45:04Z" duration="0.008023" total="1" passed="1" failed="0" inconclusive="0" skipped="0" asserts="15">
        <test-case id="0-1047" name="TestDefaultEndianExprInherited" fullname="Kaitai.SpecDefaultEndianExprInherited.TestDefaultEndianExprInherited" methodname="TestDefaultEndianExprInherited" classname="Kaitai.SpecDefaultEndianExprInherited" runstate="Runnable" seed="709160952" result="Passed" start-time="2020-05-24 22:45:04Z" end-time="2020-05-24 22:45:04Z" duration="0.004311" asserts="15" />
      </test-suite>
      <test-suite type="TestFixture" id="0-1048" name="SpecDefaultEndianExprIsBe" fullname="Kaitai.SpecDefaultEndianExprIsBe" classname="Kaitai.SpecDefaultEndianExprIsBe" runstate="Runnable" testcasecount="1" result="Passed" start-time="2020-05-24 22:45:04Z" end-time="2020-05-24 22:45:04Z" duration="0.010000" total="1" passed="1" failed="0" inconclusive="0" skipped="0" asserts="18">
        <test-case id="0-1049" name="TestDefaultEndianExprIsBe" fullname="Kaitai.SpecDefaultEndianExprIsBe.TestDefaultEndianExprIsBe" methodname="TestDefaultEndianExprIsBe" classname="Kaitai.SpecDefaultEndianExprIsBe" runstate="Runnable" seed="2130039672" result="Passed" start-time="2020-05-24 22:45:04Z" end-time="2020-05-24 22:45:04Z" duration="0.006427" asserts="18" />
      </test-suite>
      <test-suite type="TestFixture" id="0-1050" name="SpecDefaultEndianExprIsLe" fullname="Kaitai.SpecDefaultEndianExprIsLe" classname="Kaitai.SpecDefaultEndianExprIsLe" runstate="Runnable" testcasecount="1" result="Passed" start-time="2020-05-24 22:45:04Z" end-time="2020-05-24 22:45:04Z" duration="0.008002" total="1" passed="1" failed="0" inconclusive="0" skipped="0" asserts="12">
        <test-case id="0-1051" name="TestDefaultEndianExprIsLe" fullname="Kaitai.SpecDefaultEndianExprIsLe.TestDefaultEndianExprIsLe" methodname="TestDefaultEndianExprIsLe" classname="Kaitai.SpecDefaultEndianExprIsLe" runstate="Runnable" seed="297404681" result="Passed" start-time="2020-05-24 22:45:04Z" end-time="2020-05-24 22:45:04Z" duration="0.002694" asserts="12" />
      </test-suite>
      <test-suite type="TestFixture" id="0-1052" name="SpecDefaultEndianMod" fullname="Kaitai.SpecDefaultEndianMod" classname="Kaitai.SpecDefaultEndianMod" runstate="Runnable" testcasecount="1" result="Passed" start-time="2020-05-24 22:45:04Z" end-time="2020-05-24 22:45:04Z" duration="0.004977" total="1" passed="1" failed="0" inconclusive="0" skipped="0" asserts="3">
        <test-case id="0-1053" name="TestDefaultEndianMod" fullname="Kaitai.SpecDefaultEndianMod.TestDefaultEndianMod" methodname="TestDefaultEndianMod" classname="Kaitai.SpecDefaultEndianMod" runstate="Runnable" seed="1410696004" result="Passed" start-time="2020-05-24 22:45:04Z" end-time="2020-05-24 22:45:04Z" duration="0.001861" asserts="3" />
      </test-suite>
      <test-suite type="TestFixture" id="0-1054" name="SpecDocstrings" fullname="Kaitai.SpecDocstrings" classname="Kaitai.SpecDocstrings" runstate="Runnable" testcasecount="1" result="Passed" start-time="2020-05-24 22:45:04Z" end-time="2020-05-24 22:45:04Z" duration="0.004005" total="1" passed="1" failed="0" inconclusive="0" skipped="0" asserts="0">
        <test-case id="0-1055" name="TestDocstrings" fullname="Kaitai.SpecDocstrings.TestDocstrings" methodname="TestDocstrings" classname="Kaitai.SpecDocstrings" runstate="Runnable" seed="2107074957" result="Passed" start-time="2020-05-24 22:45:04Z" end-time="2020-05-24 22:45:04Z" duration="0.000505" asserts="0" />
      </test-suite>
      <test-suite type="TestFixture" id="0-1056" name="SpecDocstringsDocref" fullname="Kaitai.SpecDocstringsDocref" classname="Kaitai.SpecDocstringsDocref" runstate="Runnable" testcasecount="1" result="Passed" start-time="2020-05-24 22:45:04Z" end-time="2020-05-24 22:45:04Z" duration="0.003931" total="1" passed="1" failed="0" inconclusive="0" skipped="0" asserts="0">
        <test-case id="0-1057" name="TestDocstringsDocref" fullname="Kaitai.SpecDocstringsDocref.TestDocstringsDocref" methodname="TestDocstringsDocref" classname="Kaitai.SpecDocstringsDocref" runstate="Runnable" seed="622647406" result="Passed" start-time="2020-05-24 22:45:04Z" end-time="2020-05-24 22:45:04Z" duration="0.000527" asserts="0" />
      </test-suite>
      <test-suite type="TestFixture" id="0-1058" name="SpecDocstringsDocrefMulti" fullname="Kaitai.SpecDocstringsDocrefMulti" classname="Kaitai.SpecDocstringsDocrefMulti" runstate="Runnable" testcasecount="1" result="Passed" start-time="2020-05-24 22:45:04Z" end-time="2020-05-24 22:45:04Z" duration="0.003937" total="1" passed="1" failed="0" inconclusive="0" skipped="0" asserts="0">
        <test-case id="0-1059" name="TestDocstringsDocrefMulti" fullname="Kaitai.SpecDocstringsDocrefMulti.TestDocstringsDocrefMulti" methodname="TestDocstringsDocrefMulti" classname="Kaitai.SpecDocstringsDocrefMulti" runstate="Runnable" seed="1666732183" result="Passed" start-time="2020-05-24 22:45:04Z" end-time="2020-05-24 22:45:04Z" duration="0.000409" asserts="0" />
      </test-suite>
      <test-suite type="TestFixture" id="0-1060" name="SpecEnum0" fullname="Kaitai.SpecEnum0" classname="Kaitai.SpecEnum0" runstate="Runnable" testcasecount="1" result="Passed" start-time="2020-05-24 22:45:04Z" end-time="2020-05-24 22:45:04Z" duration="0.004007" total="1" passed="1" failed="0" inconclusive="0" skipped="0" asserts="2">
        <test-case id="0-1061" name="TestEnum0" fullname="Kaitai.SpecEnum0.TestEnum0" methodname="TestEnum0" classname="Kaitai.SpecEnum0" runstate="Runnable" seed="2033930607" result="Passed" start-time="2020-05-24 22:45:04Z" end-time="2020-05-24 22:45:04Z" duration="0.000693" asserts="2" />
      </test-suite>
      <test-suite type="TestFixture" id="0-1062" name="SpecEnum1" fullname="Kaitai.SpecEnum1" classname="Kaitai.SpecEnum1" runstate="Runnable" testcasecount="1" result="Passed" start-time="2020-05-24 22:45:04Z" end-time="2020-05-24 22:45:04Z" duration="0.005031" total="1" passed="1" failed="0" inconclusive="0" skipped="0" asserts="2">
        <test-case id="0-1063" name="TestEnum1" fullname="Kaitai.SpecEnum1.TestEnum1" methodname="TestEnum1" classname="Kaitai.SpecEnum1" runstate="Runnable" seed="1138657803" result="Passed" start-time="2020-05-24 22:45:04Z" end-time="2020-05-24 22:45:04Z" duration="0.001136" asserts="2" />
      </test-suite>
      <test-suite type="TestFixture" id="0-1064" name="SpecEnumDeep" fullname="Kaitai.SpecEnumDeep" classname="Kaitai.SpecEnumDeep" runstate="Runnable" testcasecount="1" result="Passed" start-time="2020-05-24 22:45:04Z" end-time="2020-05-24 22:45:04Z" duration="0.004014" total="1" passed="1" failed="0" inconclusive="0" skipped="0" asserts="2">
        <test-case id="0-1065" name="TestEnumDeep" fullname="Kaitai.SpecEnumDeep.TestEnumDeep" methodname="TestEnumDeep" classname="Kaitai.SpecEnumDeep" runstate="Runnable" seed="927125760" result="Passed" start-time="2020-05-24 22:45:04Z" end-time="2020-05-24 22:45:04Z" duration="0.000785" asserts="2" />
      </test-suite>
      <test-suite type="TestFixture" id="0-1066" name="SpecEnumDeepLiterals" fullname="Kaitai.SpecEnumDeepLiterals" classname="Kaitai.SpecEnumDeepLiterals" runstate="Runnable" testcasecount="1" result="Passed" start-time="2020-05-24 22:45:04Z" end-time="2020-05-24 22:45:04Z" duration="0.004990" total="1" passed="1" failed="0" inconclusive="0" skipped="0" asserts="2">
        <test-case id="0-1067" name="TestEnumDeepLiterals" fullname="Kaitai.SpecEnumDeepLiterals.TestEnumDeepLiterals" methodname="TestEnumDeepLiterals" classname="Kaitai.SpecEnumDeepLiterals" runstate="Runnable" seed="732541152" result="Passed" start-time="2020-05-24 22:45:04Z" end-time="2020-05-24 22:45:04Z" duration="0.000962" asserts="2" />
      </test-suite>
      <test-suite type="TestFixture" id="0-1068" name="SpecEnumFancy" fullname="Kaitai.SpecEnumFancy" classname="Kaitai.SpecEnumFancy" runstate="Runnable" testcasecount="1" result="Passed" start-time="2020-05-24 22:45:04Z" end-time="2020-05-24 22:45:04Z" duration="0.004009" total="1" passed="1" failed="0" inconclusive="0" skipped="0" asserts="2">
        <test-case id="0-1069" name="TestEnumFancy" fullname="Kaitai.SpecEnumFancy.TestEnumFancy" methodname="TestEnumFancy" classname="Kaitai.SpecEnumFancy" runstate="Runnable" seed="1067143649" result="Passed" start-time="2020-05-24 22:45:04Z" end-time="2020-05-24 22:45:04Z" duration="0.000694" asserts="2" />
      </test-suite>
      <test-suite type="TestFixture" id="0-1070" name="SpecEnumForUnknownId" fullname="Kaitai.SpecEnumForUnknownId" classname="Kaitai.SpecEnumForUnknownId" runstate="Runnable" testcasecount="1" result="Passed" start-time="2020-05-24 22:45:04Z" end-time="2020-05-24 22:45:04Z" duration="0.004003" total="1" passed="1" failed="0" inconclusive="0" skipped="0" asserts="1">
        <test-case id="0-1071" name="TestEnumForUnknownId" fullname="Kaitai.SpecEnumForUnknownId.TestEnumForUnknownId" methodname="TestEnumForUnknownId" classname="Kaitai.SpecEnumForUnknownId" runstate="Runnable" seed="926911502" result="Passed" start-time="2020-05-24 22:45:04Z" end-time="2020-05-24 22:45:04Z" duration="0.000663" asserts="1" />
      </test-suite>
      <test-suite type="TestFixture" id="0-1072" name="SpecEnumIf" fullname="Kaitai.SpecEnumIf" classname="Kaitai.SpecEnumIf" runstate="Runnable" testcasecount="1" result="Passed" start-time="2020-05-24 22:45:04Z" end-time="2020-05-24 22:45:04Z" duration="0.006006" total="1" passed="1" failed="0" inconclusive="0" skipped="0" asserts="7">
        <test-case id="0-1073" name="TestEnumIf" fullname="Kaitai.SpecEnumIf.TestEnumIf" methodname="TestEnumIf" classname="Kaitai.SpecEnumIf" runstate="Runnable" seed="1786486899" result="Passed" start-time="2020-05-24 22:45:04Z" end-time="2020-05-24 22:45:04Z" duration="0.002276" asserts="7" />
      </test-suite>
      <test-suite type="TestFixture" id="0-1074" name="SpecEnumImport" fullname="Kaitai.SpecEnumImport" classname="Kaitai.SpecEnumImport" runstate="Runnable" testcasecount="1" result="Passed" start-time="2020-05-24 22:45:04Z" end-time="2020-05-24 22:45:04Z" duration="0.004021" total="1" passed="1" failed="0" inconclusive="0" skipped="0" asserts="2">
        <test-case id="0-1075" name="TestEnumImport" fullname="Kaitai.SpecEnumImport.TestEnumImport" methodname="TestEnumImport" classname="Kaitai.SpecEnumImport" runstate="Runnable" seed="1889009246" result="Passed" start-time="2020-05-24 22:45:04Z" end-time="2020-05-24 22:45:04Z" duration="0.000795" asserts="2" />
      </test-suite>
      <test-suite type="TestFixture" id="0-1076" name="SpecEnumIntRangeS" fullname="Kaitai.SpecEnumIntRangeS" classname="Kaitai.SpecEnumIntRangeS" runstate="Runnable" testcasecount="1" result="Passed" start-time="2020-05-24 22:45:04Z" end-time="2020-05-24 22:45:04Z" duration="0.003966" total="1" passed="1" failed="0" inconclusive="0" skipped="0" asserts="3">
        <test-case id="0-1077" name="TestEnumIntRangeS" fullname="Kaitai.SpecEnumIntRangeS.TestEnumIntRangeS" methodname="TestEnumIntRangeS" classname="Kaitai.SpecEnumIntRangeS" runstate="Runnable" seed="2022396401" result="Passed" start-time="2020-05-24 22:45:04Z" end-time="2020-05-24 22:45:04Z" duration="0.000798" asserts="3" />
      </test-suite>
      <test-suite type="TestFixture" id="0-1078" name="SpecEnumInvalid" fullname="Kaitai.SpecEnumInvalid" classname="Kaitai.SpecEnumInvalid" runstate="Runnable" testcasecount="1" result="Passed" start-time="2020-05-24 22:45:04Z" end-time="2020-05-24 22:45:04Z" duration="0.003991" total="1" passed="1" failed="0" inconclusive="0" skipped="0" asserts="2">
        <test-case id="0-1079" name="TestEnumInvalid" fullname="Kaitai.SpecEnumInvalid.TestEnumInvalid" methodname="TestEnumInvalid" classname="Kaitai.SpecEnumInvalid" runstate="Runnable" seed="2019803550" result="Passed" start-time="2020-05-24 22:45:04Z" end-time="2020-05-24 22:45:04Z" duration="0.000647" asserts="2" />
      </test-suite>
      <test-suite type="TestFixture" id="0-1080" name="SpecEnumNegative" fullname="Kaitai.SpecEnumNegative" classname="Kaitai.SpecEnumNegative" runstate="Runnable" testcasecount="1" result="Passed" start-time="2020-05-24 22:45:04Z" end-time="2020-05-24 22:45:04Z" duration="0.004013" total="1" passed="1" failed="0" inconclusive="0" skipped="0" asserts="2">
        <test-case id="0-1081" name="TestEnumNegative" fullname="Kaitai.SpecEnumNegative.TestEnumNegative" methodname="TestEnumNegative" classname="Kaitai.SpecEnumNegative" runstate="Runnable" seed="1480755104" result="Passed" start-time="2020-05-24 22:45:04Z" end-time="2020-05-24 22:45:04Z" duration="0.000743" asserts="2" />
      </test-suite>
      <test-suite type="TestFixture" id="0-1082" name="SpecEnumOfValueInst" fullname="Kaitai.SpecEnumOfValueInst" classname="Kaitai.SpecEnumOfValueInst" runstate="Runnable" testcasecount="1" result="Passed" start-time="2020-05-24 22:45:04Z" end-time="2020-05-24 22:45:04Z" duration="0.005010" total="1" passed="1" failed="0" inconclusive="0" skipped="0" asserts="4">
        <test-case id="0-1083" name="TestEnumOfValueInst" fullname="Kaitai.SpecEnumOfValueInst.TestEnumOfValueInst" methodname="TestEnumOfValueInst" classname="Kaitai.SpecEnumOfValueInst" runstate="Runnable" seed="1571892349" result="Passed" start-time="2020-05-24 22:45:04Z" end-time="2020-05-24 22:45:04Z" duration="0.001021" asserts="4" />
      </test-suite>
      <test-suite type="TestFixture" id="0-1084" name="SpecEnumToI" fullname="Kaitai.SpecEnumToI" classname="Kaitai.SpecEnumToI" runstate="Runnable" testcasecount="1" result="Passed" start-time="2020-05-24 22:45:04Z" end-time="2020-05-24 22:45:04Z" duration="0.005011" total="1" passed="1" failed="0" inconclusive="0" skipped="0" asserts="5">
        <test-case id="0-1085" name="TestEnumToI" fullname="Kaitai.SpecEnumToI.TestEnumToI" methodname="TestEnumToI" classname="Kaitai.SpecEnumToI" runstate="Runnable" seed="1686159074" result="Passed" start-time="2020-05-24 22:45:04Z" end-time="2020-05-24 22:45:04Z" duration="0.001079" asserts="5" />
      </test-suite>
      <test-suite type="TestFixture" id="0-1086" name="SpecEofExceptionBytes" fullname="Kaitai.SpecEofExceptionBytes" classname="Kaitai.SpecEofExceptionBytes" runstate="Runnable" testcasecount="1" result="Passed" start-time="2020-05-24 22:45:04Z" end-time="2020-05-24 22:45:04Z" duration="0.004014" total="1" passed="1" failed="0" inconclusive="0" skipped="0" asserts="1">
        <test-case id="0-1087" name="TestEofExceptionBytes" fullname="Kaitai.SpecEofExceptionBytes.TestEofExceptionBytes" methodname="TestEofExceptionBytes" classname="Kaitai.SpecEofExceptionBytes" runstate="Runnable" seed="1230060248" result="Passed" start-time="2020-05-24 22:45:04Z" end-time="2020-05-24 22:45:04Z" duration="0.000752" asserts="1" />
      </test-suite>
      <test-suite type="TestFixture" id="0-1088" name="SpecEofExceptionU4" fullname="Kaitai.SpecEofExceptionU4" classname="Kaitai.SpecEofExceptionU4" runstate="Runnable" testcasecount="1" result="Passed" start-time="2020-05-24 22:45:04Z" end-time="2020-05-24 22:45:04Z" duration="0.004005" total="1" passed="1" failed="0" inconclusive="0" skipped="0" asserts="1">
        <test-case id="0-1089" name="TestEofExceptionU4" fullname="Kaitai.SpecEofExceptionU4.TestEofExceptionU4" methodname="TestEofExceptionU4" classname="Kaitai.SpecEofExceptionU4" runstate="Runnable" seed="1270160493" result="Passed" start-time="2020-05-24 22:45:04Z" end-time="2020-05-24 22:45:04Z" duration="0.000939" asserts="1" />
      </test-suite>
      <test-suite type="TestFixture" id="0-1090" name="SpecEosExceptionBytes" fullname="Kaitai.SpecEosExceptionBytes" classname="Kaitai.SpecEosExceptionBytes" runstate="Runnable" testcasecount="1" result="Passed" start-time="2020-05-24 22:45:04Z" end-time="2020-05-24 22:45:04Z" duration="0.004013" total="1" passed="1" failed="0" inconclusive="0" skipped="0" asserts="1">
        <test-case id="0-1091" name="TestEosExceptionBytes" fullname="Kaitai.SpecEosExceptionBytes.TestEosExceptionBytes" methodname="TestEosExceptionBytes" classname="Kaitai.SpecEosExceptionBytes" runstate="Runnable" seed="1655714253" result="Passed" start-time="2020-05-24 22:45:04Z" end-time="2020-05-24 22:45:04Z" duration="0.000858" asserts="1" />
      </test-suite>
      <test-suite type="TestFixture" id="0-1092" name="SpecEosExceptionU4" fullname="Kaitai.SpecEosExceptionU4" classname="Kaitai.SpecEosExceptionU4" runstate="Runnable" testcasecount="1" result="Passed" start-time="2020-05-24 22:45:04Z" end-time="2020-05-24 22:45:04Z" duration="0.005026" total="1" passed="1" failed="0" inconclusive="0" skipped="0" asserts="1">
        <test-case id="0-1093" name="TestEosExceptionU4" fullname="Kaitai.SpecEosExceptionU4.TestEosExceptionU4" methodname="TestEosExceptionU4" classname="Kaitai.SpecEosExceptionU4" runstate="Runnable" seed="872341728" result="Passed" start-time="2020-05-24 22:45:04Z" end-time="2020-05-24 22:45:04Z" duration="0.000987" asserts="1" />
      </test-suite>
      <test-suite type="TestFixture" id="0-1094" name="SpecExpr0" fullname="Kaitai.SpecExpr0" classname="Kaitai.SpecExpr0" runstate="Runnable" testcasecount="1" result="Passed" start-time="2020-05-24 22:45:04Z" end-time="2020-05-24 22:45:04Z" duration="0.004019" total="1" passed="1" failed="0" inconclusive="0" skipped="0" asserts="2">
        <test-case id="0-1095" name="TestExpr0" fullname="Kaitai.SpecExpr0.TestExpr0" methodname="TestExpr0" classname="Kaitai.SpecExpr0" runstate="Runnable" seed="510596336" result="Passed" start-time="2020-05-24 22:45:04Z" end-time="2020-05-24 22:45:04Z" duration="0.000721" asserts="2" />
      </test-suite>
      <test-suite type="TestFixture" id="0-1096" name="SpecExpr1" fullname="Kaitai.SpecExpr1" classname="Kaitai.SpecExpr1" runstate="Runnable" testcasecount="1" result="Passed" start-time="2020-05-24 22:45:04Z" end-time="2020-05-24 22:45:04Z" duration="0.005010" total="1" passed="1" failed="0" inconclusive="0" skipped="0" asserts="4">
        <test-case id="0-1097" name="TestExpr1" fullname="Kaitai.SpecExpr1.TestExpr1" methodname="TestExpr1" classname="Kaitai.SpecExpr1" runstate="Runnable" seed="1488534872" result="Passed" start-time="2020-05-24 22:45:04Z" end-time="2020-05-24 22:45:04Z" duration="0.001103" asserts="4" />
      </test-suite>
      <test-suite type="TestFixture" id="0-1098" name="SpecExpr2" fullname="Kaitai.SpecExpr2" classname="Kaitai.SpecExpr2" runstate="Runnable" testcasecount="1" result="Passed" start-time="2020-05-24 22:45:04Z" end-time="2020-05-24 22:45:04Z" duration="0.011006" total="1" passed="1" failed="0" inconclusive="0" skipped="0" asserts="17">
        <test-case id="0-1099" name="TestExpr2" fullname="Kaitai.SpecExpr2.TestExpr2" methodname="TestExpr2" classname="Kaitai.SpecExpr2" runstate="Runnable" seed="1073042556" result="Passed" start-time="2020-05-24 22:45:04Z" end-time="2020-05-24 22:45:04Z" duration="0.003591" asserts="17" />
      </test-suite>
      <test-suite type="TestFixture" id="0-1100" name="SpecExpr3" fullname="Kaitai.SpecExpr3" classname="Kaitai.SpecExpr3" runstate="Runnable" testcasecount="1" result="Passed" start-time="2020-05-24 22:45:04Z" end-time="2020-05-24 22:45:04Z" duration="0.006009" total="1" passed="1" failed="0" inconclusive="0" skipped="0" asserts="12">
        <test-case id="0-1101" name="TestExpr3" fullname="Kaitai.SpecExpr3.TestExpr3" methodname="TestExpr3" classname="Kaitai.SpecExpr3" runstate="Runnable" seed="2117154582" result="Passed" start-time="2020-05-24 22:45:04Z" end-time="2020-05-24 22:45:04Z" duration="0.002261" asserts="12" />
      </test-suite>
      <test-suite type="TestFixture" id="0-1102" name="SpecExprArray" fullname="Kaitai.SpecExprArray" classname="Kaitai.SpecExprArray" runstate="Runnable" testcasecount="1" result="Passed" start-time="2020-05-24 22:45:04Z" end-time="2020-05-24 22:45:04Z" duration="0.016068" total="1" passed="1" failed="0" inconclusive="0" skipped="0" asserts="15">
        <test-case id="0-1103" name="TestExprArray" fullname="Kaitai.SpecExprArray.TestExprArray" methodname="TestExprArray" classname="Kaitai.SpecExprArray" runstate="Runnable" seed="259395796" result="Passed" start-time="2020-05-24 22:45:04Z" end-time="2020-05-24 22:45:04Z" duration="0.012606" asserts="15" />
      </test-suite>
      <test-suite type="TestFixture" id="0-1104" name="SpecExprBytesCmp" fullname="Kaitai.SpecExprBytesCmp" classname="Kaitai.SpecExprBytesCmp" runstate="Runnable" testcasecount="1" result="Passed" start-time="2020-05-24 22:45:04Z" end-time="2020-05-24 22:45:04Z" duration="0.006031" total="1" passed="1" failed="0" inconclusive="0" skipped="0" asserts="10">
        <test-case id="0-1105" name="TestExprBytesCmp" fullname="Kaitai.SpecExprBytesCmp.TestExprBytesCmp" methodname="TestExprBytesCmp" classname="Kaitai.SpecExprBytesCmp" runstate="Runnable" seed="515378108" result="Passed" start-time="2020-05-24 22:45:04Z" end-time="2020-05-24 22:45:04Z" duration="0.002508" asserts="10" />
      </test-suite>
      <test-suite type="TestFixture" id="0-1106" name="SpecExprBytesOps" fullname="Kaitai.SpecExprBytesOps" classname="Kaitai.SpecExprBytesOps" runstate="Runnable" testcasecount="1" result="Passed" start-time="2020-05-24 22:45:04Z" end-time="2020-05-24 22:45:04Z" duration="0.007897" total="1" passed="1" failed="0" inconclusive="0" skipped="0" asserts="12">
        <test-case id="0-1107" name="TestExprBytesOps" fullname="Kaitai.SpecExprBytesOps.TestExprBytesOps" methodname="TestExprBytesOps" classname="Kaitai.SpecExprBytesOps" runstate="Runnable" seed="1601337535" result="Passed" start-time="2020-05-24 22:45:04Z" end-time="2020-05-24 22:45:04Z" duration="0.003997" asserts="12" />
      </test-suite>
      <test-suite type="TestFixture" id="0-1108" name="SpecExprCalcArrayOps" fullname="Kaitai.SpecExprCalcArrayOps" classname="Kaitai.SpecExprCalcArrayOps" runstate="Runnable" testcasecount="1" result="Passed" start-time="2020-05-24 22:45:04Z" end-time="2020-05-24 22:45:05Z" duration="0.007995" total="1" passed="1" failed="0" inconclusive="0" skipped="0" asserts="18">
        <test-case id="0-1109" name="TestExprCalcArrayOps" fullname="Kaitai.SpecExprCalcArrayOps.TestExprCalcArrayOps" methodname="TestExprCalcArrayOps" classname="Kaitai.SpecExprCalcArrayOps" runstate="Runnable" seed="406455561" result="Passed" start-time="2020-05-24 22:45:04Z" end-time="2020-05-24 22:45:04Z" duration="0.004845" asserts="18" />
      </test-suite>
      <test-suite type="TestFixture" id="0-1110" name="SpecExprEnum" fullname="Kaitai.SpecExprEnum" classname="Kaitai.SpecExprEnum" runstate="Runnable" testcasecount="1" result="Passed" start-time="2020-05-24 22:45:05Z" end-time="2020-05-24 22:45:05Z" duration="0.005025" total="1" passed="1" failed="0" inconclusive="0" skipped="0" asserts="3">
        <test-case id="0-1111" name="TestExprEnum" fullname="Kaitai.SpecExprEnum.TestExprEnum" methodname="TestExprEnum" classname="Kaitai.SpecExprEnum" runstate="Runnable" seed="1950263058" result="Passed" start-time="2020-05-24 22:45:05Z" end-time="2020-05-24 22:45:05Z" duration="0.001016" asserts="3" />
      </test-suite>
      <test-suite type="TestFixture" id="0-1112" name="SpecExprIoEof" fullname="Kaitai.SpecExprIoEof" classname="Kaitai.SpecExprIoEof" runstate="Runnable" testcasecount="1" result="Passed" start-time="2020-05-24 22:45:05Z" end-time="2020-05-24 22:45:05Z" duration="0.005996" total="1" passed="1" failed="0" inconclusive="0" skipped="0" asserts="4">
        <test-case id="0-1113" name="TestExprIoEof" fullname="Kaitai.SpecExprIoEof.TestExprIoEof" methodname="TestExprIoEof" classname="Kaitai.SpecExprIoEof" runstate="Runnable" seed="1399782183" result="Passed" start-time="2020-05-24 22:45:05Z" end-time="2020-05-24 22:45:05Z" duration="0.002497" asserts="4" />
      </test-suite>
      <test-suite type="TestFixture" id="0-1114" name="SpecExprIoPos" fullname="Kaitai.SpecExprIoPos" classname="Kaitai.SpecExprIoPos" runstate="Runnable" testcasecount="1" result="Passed" start-time="2020-05-24 22:45:05Z" end-time="2020-05-24 22:45:05Z" duration="0.005028" total="1" passed="1" failed="0" inconclusive="0" skipped="0" asserts="6">
        <test-case id="0-1115" name="TestExprIoPos" fullname="Kaitai.SpecExprIoPos.TestExprIoPos" methodname="TestExprIoPos" classname="Kaitai.SpecExprIoPos" runstate="Runnable" seed="1756320293" result="Passed" start-time="2020-05-24 22:45:05Z" end-time="2020-05-24 22:45:05Z" duration="0.001645" asserts="6" />
      </test-suite>
      <test-suite type="TestFixture" id="0-1116" name="SpecExprMod" fullname="Kaitai.SpecExprMod" classname="Kaitai.SpecExprMod" runstate="Runnable" testcasecount="1" result="Passed" start-time="2020-05-24 22:45:05Z" end-time="2020-05-24 22:45:05Z" duration="0.004822" total="1" passed="1" failed="0" inconclusive="0" skipped="0" asserts="6">
        <test-case id="0-1117" name="TestExprMod" fullname="Kaitai.SpecExprMod.TestExprMod" methodname="TestExprMod" classname="Kaitai.SpecExprMod" runstate="Runnable" seed="1864626215" result="Passed" start-time="2020-05-24 22:45:05Z" end-time="2020-05-24 22:45:05Z" duration="0.001529" asserts="6" />
      </test-suite>
      <test-suite type="TestFixture" id="0-1118" name="SpecExprSizeofType0" fullname="Kaitai.SpecExprSizeofType0" classname="Kaitai.SpecExprSizeofType0" runstate="Runnable" testcasecount="1" result="Passed" start-time="2020-05-24 22:45:05Z" end-time="2020-05-24 22:45:05Z" duration="0.003985" total="1" passed="1" failed="0" inconclusive="0" skipped="0" asserts="1">
        <test-case id="0-1119" name="TestExprSizeofType0" fullname="Kaitai.SpecExprSizeofType0.TestExprSizeofType0" methodname="TestExprSizeofType0" classname="Kaitai.SpecExprSizeofType0" runstate="Runnable" seed="133123501" result="Passed" start-time="2020-05-24 22:45:05Z" end-time="2020-05-24 22:45:05Z" duration="0.000691" asserts="1" />
      </test-suite>
      <test-suite type="TestFixture" id="0-1120" name="SpecExprSizeofType1" fullname="Kaitai.SpecExprSizeofType1" classname="Kaitai.SpecExprSizeofType1" runstate="Runnable" testcasecount="1" result="Passed" start-time="2020-05-24 22:45:05Z" end-time="2020-05-24 22:45:05Z" duration="0.004010" total="1" passed="1" failed="0" inconclusive="0" skipped="0" asserts="2">
        <test-case id="0-1121" name="TestExprSizeofType1" fullname="Kaitai.SpecExprSizeofType1.TestExprSizeofType1" methodname="TestExprSizeofType1" classname="Kaitai.SpecExprSizeofType1" runstate="Runnable" seed="2104353492" result="Passed" start-time="2020-05-24 22:45:05Z" end-time="2020-05-24 22:45:05Z" duration="0.000624" asserts="2" />
      </test-suite>
      <test-suite type="TestFixture" id="0-1122" name="SpecExprSizeofValue0" fullname="Kaitai.SpecExprSizeofValue0" classname="Kaitai.SpecExprSizeofValue0" runstate="Runnable" testcasecount="1" result="Passed" start-time="2020-05-24 22:45:05Z" end-time="2020-05-24 22:45:05Z" duration="0.005027" total="1" passed="1" failed="0" inconclusive="0" skipped="0" asserts="5">
        <test-case id="0-1123" name="TestExprSizeofValue0" fullname="Kaitai.SpecExprSizeofValue0.TestExprSizeofValue0" methodname="TestExprSizeofValue0" classname="Kaitai.SpecExprSizeofValue0" runstate="Runnable" seed="106261405" result="Passed" start-time="2020-05-24 22:45:05Z" end-time="2020-05-24 22:45:05Z" duration="0.001299" asserts="5" />
      </test-suite>
      <test-suite type="TestFixture" id="0-1124" name="SpecExprSizeofValueSized" fullname="Kaitai.SpecExprSizeofValueSized" classname="Kaitai.SpecExprSizeofValueSized" runstate="Runnable" testcasecount="1" result="Passed" start-time="2020-05-24 22:45:05Z" end-time="2020-05-24 22:45:05Z" duration="0.005034" total="1" passed="1" failed="0" inconclusive="0" skipped="0" asserts="5">
        <test-case id="0-1125" name="TestExprSizeofValueSized" fullname="Kaitai.SpecExprSizeofValueSized.TestExprSizeofValueSized" methodname="TestExprSizeofValueSized" classname="Kaitai.SpecExprSizeofValueSized" runstate="Runnable" seed="178590969" result="Passed" start-time="2020-05-24 22:45:05Z" end-time="2020-05-24 22:45:05Z" duration="0.001411" asserts="5" />
      </test-suite>
      <test-suite type="TestFixture" id="0-1126" name="SpecExprStrOps" fullname="Kaitai.SpecExprStrOps" classname="Kaitai.SpecExprStrOps" runstate="Runnable" testcasecount="1" result="Passed" start-time="2020-05-24 22:45:05Z" end-time="2020-05-24 22:45:05Z" duration="0.006993" total="1" passed="1" failed="0" inconclusive="0" skipped="0" asserts="17">
        <test-case id="0-1127" name="TestExprStrOps" fullname="Kaitai.SpecExprStrOps.TestExprStrOps" methodname="TestExprStrOps" classname="Kaitai.SpecExprStrOps" runstate="Runnable" seed="417190376" result="Passed" start-time="2020-05-24 22:45:05Z" end-time="2020-05-24 22:45:05Z" duration="0.003252" asserts="17" />
      </test-suite>
      <test-suite type="TestFixture" id="0-1128" name="SpecFixedContents" fullname="Kaitai.SpecFixedContents" classname="Kaitai.SpecFixedContents" runstate="Runnable" testcasecount="1" result="Passed" start-time="2020-05-24 22:45:05Z" end-time="2020-05-24 22:45:05Z" duration="0.004126" total="1" passed="1" failed="0" inconclusive="0" skipped="0" asserts="0">
        <test-case id="0-1129" name="TestFixedContents" fullname="Kaitai.SpecFixedContents.TestFixedContents" methodname="TestFixedContents" classname="Kaitai.SpecFixedContents" runstate="Runnable" seed="137176956" result="Passed" start-time="2020-05-24 22:45:05Z" end-time="2020-05-24 22:45:05Z" duration="0.001022" asserts="0" />
      </test-suite>
      <test-suite type="TestFixture" id="0-1130" name="SpecFixedStruct" fullname="Kaitai.SpecFixedStruct" classname="Kaitai.SpecFixedStruct" runstate="Runnable" testcasecount="1" result="Passed" start-time="2020-05-24 22:45:05Z" end-time="2020-05-24 22:45:05Z" duration="0.008988" total="1" passed="1" failed="0" inconclusive="0" skipped="0" asserts="20">
        <test-case id="0-1131" name="TestFixedStruct" fullname="Kaitai.SpecFixedStruct.TestFixedStruct" methodname="TestFixedStruct" classname="Kaitai.SpecFixedStruct" runstate="Runnable" seed="1987060137" result="Passed" start-time="2020-05-24 22:45:05Z" end-time="2020-05-24 22:45:05Z" duration="0.005259" asserts="20" />
      </test-suite>
      <test-suite type="TestFixture" id="0-1134" name="SpecFloatingPoints" fullname="Kaitai.SpecFloatingPoints" classname="Kaitai.SpecFloatingPoints" runstate="Runnable" testcasecount="1" result="Passed" start-time="2020-05-24 22:45:05Z" end-time="2020-05-24 22:45:05Z" duration="0.006040" total="1" passed="1" failed="0" inconclusive="0" skipped="0" asserts="8">
        <test-case id="0-1135" name="TestFloatingPoints" fullname="Kaitai.SpecFloatingPoints.TestFloatingPoints" methodname="TestFloatingPoints" classname="Kaitai.SpecFloatingPoints" runstate="Runnable" seed="1013695048" result="Passed" start-time="2020-05-24 22:45:05Z" end-time="2020-05-24 22:45:05Z" duration="0.002008" asserts="8" />
      </test-suite>
      <test-suite type="TestFixture" id="0-1132" name="SpecFloatToI" fullname="Kaitai.SpecFloatToI" classname="Kaitai.SpecFloatToI" runstate="Runnable" testcasecount="1" result="Passed" start-time="2020-05-24 22:45:05Z" end-time="2020-05-24 22:45:05Z" duration="0.007064" total="1" passed="1" failed="0" inconclusive="0" skipped="0" asserts="8">
        <test-case id="0-1133" name="TestFloatToI" fullname="Kaitai.SpecFloatToI.TestFloatToI" methodname="TestFloatToI" classname="Kaitai.SpecFloatToI" runstate="Runnable" seed="767870638" result="Passed" start-time="2020-05-24 22:45:05Z" end-time="2020-05-24 22:45:05Z" duration="0.003050" asserts="8" />
      </test-suite>
      <test-suite type="TestFixture" id="0-1136" name="SpecHelloWorld" fullname="Kaitai.SpecHelloWorld" classname="Kaitai.SpecHelloWorld" runstate="Runnable" testcasecount="1" result="Passed" start-time="2020-05-24 22:45:05Z" end-time="2020-05-24 22:45:05Z" duration="0.004028" total="1" passed="1" failed="0" inconclusive="0" skipped="0" asserts="1">
        <test-case id="0-1137" name="TestHelloWorld" fullname="Kaitai.SpecHelloWorld.TestHelloWorld" methodname="TestHelloWorld" classname="Kaitai.SpecHelloWorld" runstate="Runnable" seed="1614317445" result="Passed" start-time="2020-05-24 22:45:05Z" end-time="2020-05-24 22:45:05Z" duration="0.000359" asserts="1" />
      </test-suite>
      <test-suite type="TestFixture" id="0-1138" name="SpecIfInstances" fullname="Kaitai.SpecIfInstances" classname="Kaitai.SpecIfInstances" runstate="Runnable" testcasecount="1" result="Passed" start-time="2020-05-24 22:45:05Z" end-time="2020-05-24 22:45:05Z" duration="0.004040" total="1" passed="1" failed="0" inconclusive="0" skipped="0" asserts="1">
        <test-case id="0-1139" name="TestIfInstances" fullname="Kaitai.SpecIfInstances.TestIfInstances" methodname="TestIfInstances" classname="Kaitai.SpecIfInstances" runstate="Runnable" seed="830214753" result="Passed" start-time="2020-05-24 22:45:05Z" end-time="2020-05-24 22:45:05Z" duration="0.000587" asserts="1" />
      </test-suite>
      <test-suite type="TestFixture" id="0-1140" name="SpecIfStruct" fullname="Kaitai.SpecIfStruct" classname="Kaitai.SpecIfStruct" runstate="Runnable" testcasecount="1" result="Passed" start-time="2020-05-24 22:45:05Z" end-time="2020-05-24 22:45:05Z" duration="0.006007" total="1" passed="1" failed="0" inconclusive="0" skipped="0" asserts="7">
        <test-case id="0-1141" name="TestIfStruct" fullname="Kaitai.SpecIfStruct.TestIfStruct" methodname="TestIfStruct" classname="Kaitai.SpecIfStruct" runstate="Runnable" seed="1795927332" result="Passed" start-time="2020-05-24 22:45:05Z" end-time="2020-05-24 22:45:05Z" duration="0.002095" asserts="7" />
      </test-suite>
      <test-suite type="TestFixture" id="0-1142" name="SpecIfValues" fullname="Kaitai.SpecIfValues" classname="Kaitai.SpecIfValues" runstate="Runnable" testcasecount="1" result="Passed" start-time="2020-05-24 22:45:05Z" end-time="2020-05-24 22:45:05Z" duration="0.004996" total="1" passed="1" failed="0" inconclusive="0" skipped="0" asserts="6">
        <test-case id="0-1143" name="TestIfValues" fullname="Kaitai.SpecIfValues.TestIfValues" methodname="TestIfValues" classname="Kaitai.SpecIfValues" runstate="Runnable" seed="1701098461" result="Passed" start-time="2020-05-24 22:45:05Z" end-time="2020-05-24 22:45:05Z" duration="0.001528" asserts="6" />
      </test-suite>
      <test-suite type="TestFixture" id="0-1144" name="SpecImports0" fullname="Kaitai.SpecImports0" classname="Kaitai.SpecImports0" runstate="Runnable" testcasecount="1" result="Passed" start-time="2020-05-24 22:45:05Z" end-time="2020-05-24 22:45:05Z" duration="0.004007" total="1" passed="1" failed="0" inconclusive="0" skipped="0" asserts="3">
        <test-case id="0-1145" name="TestImports0" fullname="Kaitai.SpecImports0.TestImports0" methodname="TestImports0" classname="Kaitai.SpecImports0" runstate="Runnable" seed="611810712" result="Passed" start-time="2020-05-24 22:45:05Z" end-time="2020-05-24 22:45:05Z" duration="0.000948" asserts="3" />
      </test-suite>
      <test-suite type="TestFixture" id="0-1146" name="SpecImportsAbs" fullname="Kaitai.SpecImportsAbs" classname="Kaitai.SpecImportsAbs" runstate="Runnable" testcasecount="1" result="Passed" start-time="2020-05-24 22:45:05Z" end-time="2020-05-24 22:45:05Z" duration="0.007023" total="1" passed="1" failed="0" inconclusive="0" skipped="0" asserts="2">
        <test-case id="0-1147" name="TestImportsAbs" fullname="Kaitai.SpecImportsAbs.TestImportsAbs" methodname="TestImportsAbs" classname="Kaitai.SpecImportsAbs" runstate="Runnable" seed="262279320" result="Passed" start-time="2020-05-24 22:45:05Z" end-time="2020-05-24 22:45:05Z" duration="0.003211" asserts="2" />
      </test-suite>
      <test-suite type="TestFixture" id="0-1148" name="SpecImportsAbsAbs" fullname="Kaitai.SpecImportsAbsAbs" classname="Kaitai.SpecImportsAbsAbs" runstate="Runnable" testcasecount="1" result="Passed" start-time="2020-05-24 22:45:05Z" end-time="2020-05-24 22:45:05Z" duration="0.005012" total="1" passed="1" failed="0" inconclusive="0" skipped="0" asserts="3">
        <test-case id="0-1149" name="TestImportsAbsAbs" fullname="Kaitai.SpecImportsAbsAbs.TestImportsAbsAbs" methodname="TestImportsAbsAbs" classname="Kaitai.SpecImportsAbsAbs" runstate="Runnable" seed="419917439" result="Passed" start-time="2020-05-24 22:45:05Z" end-time="2020-05-24 22:45:05Z" duration="0.001564" asserts="3" />
      </test-suite>
      <test-suite type="TestFixture" id="0-1150" name="SpecImportsAbsRel" fullname="Kaitai.SpecImportsAbsRel" classname="Kaitai.SpecImportsAbsRel" runstate="Runnable" testcasecount="1" result="Passed" start-time="2020-05-24 22:45:05Z" end-time="2020-05-24 22:45:05Z" duration="0.006000" total="1" passed="1" failed="0" inconclusive="0" skipped="0" asserts="3">
        <test-case id="0-1151" name="TestImportsAbsRel" fullname="Kaitai.SpecImportsAbsRel.TestImportsAbsRel" methodname="TestImportsAbsRel" classname="Kaitai.SpecImportsAbsRel" runstate="Runnable" seed="478693421" result="Passed" start-time="2020-05-24 22:45:05Z" end-time="2020-05-24 22:45:05Z" duration="0.002017" asserts="3" />
      </test-suite>
      <test-suite type="TestFixture" id="0-1152" name="SpecImportsCircularA" fullname="Kaitai.SpecImportsCircularA" classname="Kaitai.SpecImportsCircularA" runstate="Runnable" testcasecount="1" result="Passed" start-time="2020-05-24 22:45:05Z" end-time="2020-05-24 22:45:05Z" duration="0.006013" total="1" passed="1" failed="0" inconclusive="0" skipped="0" asserts="5">
        <test-case id="0-1153" name="TestImportsCircularA" fullname="Kaitai.SpecImportsCircularA.TestImportsCircularA" methodname="TestImportsCircularA" classname="Kaitai.SpecImportsCircularA" runstate="Runnable" seed="1398410773" result="Passed" start-time="2020-05-24 22:45:05Z" end-time="2020-05-24 22:45:05Z" duration="0.002388" asserts="5" />
      </test-suite>
      <test-suite type="TestFixture" id="0-1154" name="SpecImportsRel1" fullname="Kaitai.SpecImportsRel1" classname="Kaitai.SpecImportsRel1" runstate="Runnable" testcasecount="1" result="Passed" start-time="2020-05-24 22:45:05Z" end-time="2020-05-24 22:45:05Z" duration="0.005005" total="1" passed="1" failed="0" inconclusive="0" skipped="0" asserts="3">
        <test-case id="0-1155" name="TestImportsRel1" fullname="Kaitai.SpecImportsRel1.TestImportsRel1" methodname="TestImportsRel1" classname="Kaitai.SpecImportsRel1" runstate="Runnable" seed="1796827875" result="Passed" start-time="2020-05-24 22:45:05Z" end-time="2020-05-24 22:45:05Z" duration="0.001596" asserts="3" />
      </test-suite>
      <test-suite type="TestFixture" id="0-1156" name="SpecIndexSizes" fullname="Kaitai.SpecIndexSizes" classname="Kaitai.SpecIndexSizes" runstate="Runnable" testcasecount="1" result="Passed" start-time="2020-05-24 22:45:05Z" end-time="2020-05-24 22:45:05Z" duration="0.005027" total="1" passed="1" failed="0" inconclusive="0" skipped="0" asserts="7">
        <test-case id="0-1157" name="TestIndexSizes" fullname="Kaitai.SpecIndexSizes.TestIndexSizes" methodname="TestIndexSizes" classname="Kaitai.SpecIndexSizes" runstate="Runnable" seed="1143190053" result="Passed" start-time="2020-05-24 22:45:05Z" end-time="2020-05-24 22:45:05Z" duration="0.001261" asserts="7" />
      </test-suite>
      <test-suite type="TestFixture" id="0-1158" name="SpecIndexToParamEos" fullname="Kaitai.SpecIndexToParamEos" classname="Kaitai.SpecIndexToParamEos" runstate="Runnable" testcasecount="1" result="Passed" start-time="2020-05-24 22:45:05Z" end-time="2020-05-24 22:45:05Z" duration="0.005009" total="1" passed="1" failed="0" inconclusive="0" skipped="0" asserts="7">
        <test-case id="0-1159" name="TestIndexToParamEos" fullname="Kaitai.SpecIndexToParamEos.TestIndexToParamEos" methodname="TestIndexToParamEos" classname="Kaitai.SpecIndexToParamEos" runstate="Runnable" seed="926132324" result="Passed" start-time="2020-05-24 22:45:05Z" end-time="2020-05-24 22:45:05Z" duration="0.001785" asserts="7" />
      </test-suite>
      <test-suite type="TestFixture" id="0-1160" name="SpecIndexToParamExpr" fullname="Kaitai.SpecIndexToParamExpr" classname="Kaitai.SpecIndexToParamExpr" runstate="Runnable" testcasecount="1" result="Passed" start-time="2020-05-24 22:45:05Z" end-time="2020-05-24 22:45:05Z" duration="0.005894" total="1" passed="1" failed="0" inconclusive="0" skipped="0" asserts="7">
        <test-case id="0-1161" name="TestIndexToParamExpr" fullname="Kaitai.SpecIndexToParamExpr.TestIndexToParamExpr" methodname="TestIndexToParamExpr" classname="Kaitai.SpecIndexToParamExpr" runstate="Runnable" seed="1990351802" result="Passed" start-time="2020-05-24 22:45:05Z" end-time="2020-05-24 22:45:05Z" duration="0.002028" asserts="7" />
      </test-suite>
      <test-suite type="TestFixture" id="0-1162" name="SpecIndexToParamUntil" fullname="Kaitai.SpecIndexToParamUntil" classname="Kaitai.SpecIndexToParamUntil" runstate="Runnable" testcasecount="1" result="Passed" start-time="2020-05-24 22:45:05Z" end-time="2020-05-24 22:45:05Z" duration="0.004954" total="1" passed="1" failed="0" inconclusive="0" skipped="0" asserts="7">
        <test-case id="0-1163" name="TestIndexToParamUntil" fullname="Kaitai.SpecIndexToParamUntil.TestIndexToParamUntil" methodname="TestIndexToParamUntil" classname="Kaitai.SpecIndexToParamUntil" runstate="Runnable" seed="516013825" result="Passed" start-time="2020-05-24 22:45:05Z" end-time="2020-05-24 22:45:05Z" duration="0.001708" asserts="7" />
      </test-suite>
      <test-suite type="TestFixture" id="0-1164" name="SpecInstanceIoUser" fullname="Kaitai.SpecInstanceIoUser" classname="Kaitai.SpecInstanceIoUser" runstate="Runnable" testcasecount="1" result="Passed" start-time="2020-05-24 22:45:05Z" end-time="2020-05-24 22:45:05Z" duration="0.005994" total="1" passed="1" failed="0" inconclusive="0" skipped="0" asserts="4">
        <test-case id="0-1165" name="TestInstanceIoUser" fullname="Kaitai.SpecInstanceIoUser.TestInstanceIoUser" methodname="TestInstanceIoUser" classname="Kaitai.SpecInstanceIoUser" runstate="Runnable" seed="995954806" result="Passed" start-time="2020-05-24 22:45:05Z" end-time="2020-05-24 22:45:05Z" duration="0.001976" asserts="4" />
      </test-suite>
      <test-suite type="TestFixture" id="0-1166" name="SpecInstanceStd" fullname="Kaitai.SpecInstanceStd" classname="Kaitai.SpecInstanceStd" runstate="Runnable" testcasecount="1" result="Passed" start-time="2020-05-24 22:45:05Z" end-time="2020-05-24 22:45:05Z" duration="0.004007" total="1" passed="1" failed="0" inconclusive="0" skipped="0" asserts="1">
        <test-case id="0-1167" name="TestInstanceStd" fullname="Kaitai.SpecInstanceStd.TestInstanceStd" methodname="TestInstanceStd" classname="Kaitai.SpecInstanceStd" runstate="Runnable" seed="1293266094" result="Passed" start-time="2020-05-24 22:45:05Z" end-time="2020-05-24 22:45:05Z" duration="0.000632" asserts="1" />
      </test-suite>
      <test-suite type="TestFixture" id="0-1168" name="SpecInstanceStdArray" fullname="Kaitai.SpecInstanceStdArray" classname="Kaitai.SpecInstanceStdArray" runstate="Runnable" testcasecount="1" result="Passed" start-time="2020-05-24 22:45:05Z" end-time="2020-05-24 22:45:05Z" duration="0.004985" total="1" passed="1" failed="0" inconclusive="0" skipped="0" asserts="7">
        <test-case id="0-1169" name="TestInstanceStdArray" fullname="Kaitai.SpecInstanceStdArray.TestInstanceStdArray" methodname="TestInstanceStdArray" classname="Kaitai.SpecInstanceStdArray" runstate="Runnable" seed="119809791" result="Passed" start-time="2020-05-24 22:45:05Z" end-time="2020-05-24 22:45:05Z" duration="0.001375" asserts="7" />
      </test-suite>
      <test-suite type="TestFixture" id="0-1170" name="SpecInstanceUserArray" fullname="Kaitai.SpecInstanceUserArray" classname="Kaitai.SpecInstanceUserArray" runstate="Runnable" testcasecount="1" result="Passed" start-time="2020-05-24 22:45:05Z" end-time="2020-05-24 22:45:05Z" duration="0.006032" total="1" passed="1" failed="0" inconclusive="0" skipped="0" asserts="10">
        <test-case id="0-1171" name="TestInstanceUserArray" fullname="Kaitai.SpecInstanceUserArray.TestInstanceUserArray" methodname="TestInstanceUserArray" classname="Kaitai.SpecInstanceUserArray" runstate="Runnable" seed="703616774" result="Passed" start-time="2020-05-24 22:45:05Z" end-time="2020-05-24 22:45:05Z" duration="0.002005" asserts="10" />
      </test-suite>
      <test-suite type="TestFixture" id="0-1172" name="SpecIntegers" fullname="Kaitai.SpecIntegers" classname="Kaitai.SpecIntegers" runstate="Runnable" testcasecount="1" result="Passed" start-time="2020-05-24 22:45:05Z" end-time="2020-05-24 22:45:05Z" duration="0.007004" total="1" passed="1" failed="0" inconclusive="0" skipped="0" asserts="20">
        <test-case id="0-1173" name="TestIntegers" fullname="Kaitai.SpecIntegers.TestIntegers" methodname="TestIntegers" classname="Kaitai.SpecIntegers" runstate="Runnable" seed="49734531" result="Passed" start-time="2020-05-24 22:45:05Z" end-time="2020-05-24 22:45:05Z" duration="0.003813" asserts="20" />
      </test-suite>
      <test-suite type="TestFixture" id="0-1174" name="SpecIntegersMinMax" fullname="Kaitai.SpecIntegersMinMax" classname="Kaitai.SpecIntegersMinMax" runstate="Runnable" testcasecount="1" result="Passed" start-time="2020-05-24 22:45:05Z" end-time="2020-05-24 22:45:05Z" duration="0.008022" total="1" passed="1" failed="0" inconclusive="0" skipped="0" asserts="28">
        <test-case id="0-1175" name="TestIntegersMinMax" fullname="Kaitai.SpecIntegersMinMax.TestIntegersMinMax" methodname="TestIntegersMinMax" classname="Kaitai.SpecIntegersMinMax" runstate="Runnable" seed="953476165" result="Passed" start-time="2020-05-24 22:45:05Z" end-time="2020-05-24 22:45:05Z" duration="0.004210" asserts="28" />
      </test-suite>
      <test-suite type="TestFixture" id="0-1176" name="SpecIoLocalVar" fullname="Kaitai.SpecIoLocalVar" classname="Kaitai.SpecIoLocalVar" runstate="Runnable" testcasecount="1" result="Passed" start-time="2020-05-24 22:45:05Z" end-time="2020-05-24 22:45:05Z" duration="0.005936" total="1" passed="1" failed="0" inconclusive="0" skipped="0" asserts="2">
        <test-case id="0-1177" name="TestIoLocalVar" fullname="Kaitai.SpecIoLocalVar.TestIoLocalVar" methodname="TestIoLocalVar" classname="Kaitai.SpecIoLocalVar" runstate="Runnable" seed="1310556718" result="Passed" start-time="2020-05-24 22:45:05Z" end-time="2020-05-24 22:45:05Z" duration="0.002053" asserts="2" />
      </test-suite>
      <test-suite type="TestFixture" id="0-1178" name="SpecJsSignedRightShift" fullname="Kaitai.SpecJsSignedRightShift" classname="Kaitai.SpecJsSignedRightShift" runstate="Runnable" testcasecount="1" result="Passed" start-time="2020-05-24 22:45:05Z" end-time="2020-05-24 22:45:05Z" duration="0.003963" total="1" passed="1" failed="0" inconclusive="0" skipped="0" asserts="2">
        <test-case id="0-1179" name="TestJsSignedRightShift" fullname="Kaitai.SpecJsSignedRightShift.TestJsSignedRightShift" methodname="TestJsSignedRightShift" classname="Kaitai.SpecJsSignedRightShift" runstate="Runnable" seed="1974726487" result="Passed" start-time="2020-05-24 22:45:05Z" end-time="2020-05-24 22:45:05Z" duration="0.000665" asserts="2" />
      </test-suite>
      <test-suite type="TestFixture" id="0-1180" name="SpecMetaTags" fullname="Kaitai.SpecMetaTags" classname="Kaitai.SpecMetaTags" runstate="Runnable" testcasecount="1" result="Passed" start-time="2020-05-24 22:45:05Z" end-time="2020-05-24 22:45:05Z" duration="0.004041" total="1" passed="1" failed="0" inconclusive="0" skipped="0" asserts="0">
        <test-case id="0-1181" name="TestMetaTags" fullname="Kaitai.SpecMetaTags.TestMetaTags" methodname="TestMetaTags" classname="Kaitai.SpecMetaTags" runstate="Runnable" seed="628222678" result="Passed" start-time="2020-05-24 22:45:05Z" end-time="2020-05-24 22:45:05Z" duration="0.000436" asserts="0" />
      </test-suite>
      <test-suite type="TestFixture" id="0-1182" name="SpecMetaXref" fullname="Kaitai.SpecMetaXref" classname="Kaitai.SpecMetaXref" runstate="Runnable" testcasecount="1" result="Passed" start-time="2020-05-24 22:45:05Z" end-time="2020-05-24 22:45:05Z" duration="0.003935" total="1" passed="1" failed="0" inconclusive="0" skipped="0" asserts="0">
        <test-case id="0-1183" name="TestMetaXref" fullname="Kaitai.SpecMetaXref.TestMetaXref" methodname="TestMetaXref" classname="Kaitai.SpecMetaXref" runstate="Runnable" seed="5301279" result="Passed" start-time="2020-05-24 22:45:05Z" end-time="2020-05-24 22:45:05Z" duration="0.000410" asserts="0" />
      </test-suite>
      <test-suite type="TestFixture" id="0-1184" name="SpecMultipleUse" fullname="Kaitai.SpecMultipleUse" classname="Kaitai.SpecMultipleUse" runstate="Runnable" testcasecount="1" result="Passed" start-time="2020-05-24 22:45:05Z" end-time="2020-05-24 22:45:05Z" duration="0.004956" total="1" passed="1" failed="0" inconclusive="0" skipped="0" asserts="2">
        <test-case id="0-1185" name="TestMultipleUse" fullname="Kaitai.SpecMultipleUse.TestMultipleUse" methodname="TestMultipleUse" classname="Kaitai.SpecMultipleUse" runstate="Runnable" seed="1568171502" result="Passed" start-time="2020-05-24 22:45:05Z" end-time="2020-05-24 22:45:05Z" duration="0.001403" asserts="2" />
      </test-suite>
      <test-suite type="TestFixture" id="0-1186" name="SpecNavParent" fullname="Kaitai.SpecNavParent" classname="Kaitai.SpecNavParent" runstate="Runnable" testcasecount="1" result="Passed" start-time="2020-05-24 22:45:05Z" end-time="2020-05-24 22:45:05Z" duration="0.006010" total="1" passed="1" failed="0" inconclusive="0" skipped="0" asserts="5">
        <test-case id="0-1187" name="TestNavParent" fullname="Kaitai.SpecNavParent.TestNavParent" methodname="TestNavParent" classname="Kaitai.SpecNavParent" runstate="Runnable" seed="653529065" result="Passed" start-time="2020-05-24 22:45:05Z" end-time="2020-05-24 22:45:05Z" duration="0.002058" asserts="5" />
      </test-suite>
      <test-suite type="TestFixture" id="0-1188" name="SpecNavParent2" fullname="Kaitai.SpecNavParent2" classname="Kaitai.SpecNavParent2" runstate="Runnable" testcasecount="1" result="Passed" start-time="2020-05-24 22:45:05Z" end-time="2020-05-24 22:45:05Z" duration="0.006036" total="1" passed="1" failed="0" inconclusive="0" skipped="0" asserts="10">
        <test-case id="0-1189" name="TestNavParent2" fullname="Kaitai.SpecNavParent2.TestNavParent2" methodname="TestNavParent2" classname="Kaitai.SpecNavParent2" runstate="Runnable" seed="890044682" result="Passed" start-time="2020-05-24 22:45:05Z" end-time="2020-05-24 22:45:05Z" duration="0.002478" asserts="10" />
      </test-suite>
      <test-suite type="TestFixture" id="0-1190" name="SpecNavParent3" fullname="Kaitai.SpecNavParent3" classname="Kaitai.SpecNavParent3" runstate="Runnable" testcasecount="1" result="Passed" start-time="2020-05-24 22:45:05Z" end-time="2020-05-24 22:45:05Z" duration="0.006010" total="1" passed="1" failed="0" inconclusive="0" skipped="0" asserts="10">
        <test-case id="0-1191" name="TestNavParent3" fullname="Kaitai.SpecNavParent3.TestNavParent3" methodname="TestNavParent3" classname="Kaitai.SpecNavParent3" runstate="Runnable" seed="1399275710" result="Passed" start-time="2020-05-24 22:45:05Z" end-time="2020-05-24 22:45:05Z" duration="0.002855" asserts="10" />
      </test-suite>
      <test-suite type="TestFixture" id="0-1192" name="SpecNavParentFalse" fullname="Kaitai.SpecNavParentFalse" classname="Kaitai.SpecNavParentFalse" runstate="Runnable" testcasecount="1" result="Passed" start-time="2020-05-24 22:45:05Z" end-time="2020-05-24 22:45:05Z" duration="0.006016" total="1" passed="1" failed="0" inconclusive="0" skipped="0" asserts="5">
        <test-case id="0-1193" name="TestNavParentFalse" fullname="Kaitai.SpecNavParentFalse.TestNavParentFalse" methodname="TestNavParentFalse" classname="Kaitai.SpecNavParentFalse" runstate="Runnable" seed="1719335979" result="Passed" start-time="2020-05-24 22:45:05Z" end-time="2020-05-24 22:45:05Z" duration="0.002112" asserts="5" />
      </test-suite>
      <test-suite type="TestFixture" id="0-1194" name="SpecNavParentFalse2" fullname="Kaitai.SpecNavParentFalse2" classname="Kaitai.SpecNavParentFalse2" runstate="Runnable" testcasecount="1" result="Passed" start-time="2020-05-24 22:45:05Z" end-time="2020-05-24 22:45:05Z" duration="0.003995" total="1" passed="1" failed="0" inconclusive="0" skipped="0" asserts="1">
        <test-case id="0-1195" name="TestNavParentFalse2" fullname="Kaitai.SpecNavParentFalse2.TestNavParentFalse2" methodname="TestNavParentFalse2" classname="Kaitai.SpecNavParentFalse2" runstate="Runnable" seed="245319162" result="Passed" start-time="2020-05-24 22:45:05Z" end-time="2020-05-24 22:45:05Z" duration="0.000835" asserts="1" />
      </test-suite>
      <test-suite type="TestFixture" id="0-1196" name="SpecNavParentOverride" fullname="Kaitai.SpecNavParentOverride" classname="Kaitai.SpecNavParentOverride" runstate="Runnable" testcasecount="1" result="Passed" start-time="2020-05-24 22:45:05Z" end-time="2020-05-24 22:45:05Z" duration="0.005012" total="1" passed="1" failed="0" inconclusive="0" skipped="0" asserts="3">
        <test-case id="0-1197" name="TestNavParentOverride" fullname="Kaitai.SpecNavParentOverride.TestNavParentOverride" methodname="TestNavParentOverride" classname="Kaitai.SpecNavParentOverride" runstate="Runnable" seed="536657263" result="Passed" start-time="2020-05-24 22:45:05Z" end-time="2020-05-24 22:45:05Z" duration="0.001527" asserts="3" />
      </test-suite>
      <test-suite type="TestFixture" id="0-1198" name="SpecNavParentSwitch" fullname="Kaitai.SpecNavParentSwitch" classname="Kaitai.SpecNavParentSwitch" runstate="Runnable" testcasecount="1" result="Passed" start-time="2020-05-24 22:45:05Z" end-time="2020-05-24 22:45:05Z" duration="0.005020" total="1" passed="1" failed="0" inconclusive="0" skipped="0" asserts="3">
        <test-case id="0-1199" name="TestNavParentSwitch" fullname="Kaitai.SpecNavParentSwitch.TestNavParentSwitch" methodname="TestNavParentSwitch" classname="Kaitai.SpecNavParentSwitch" runstate="Runnable" seed="239493714" result="Passed" start-time="2020-05-24 22:45:05Z" end-time="2020-05-24 22:45:05Z" duration="0.001496" asserts="3" />
      </test-suite>
      <test-suite type="TestFixture" id="0-1200" name="SpecNavParentVsValueInst" fullname="Kaitai.SpecNavParentVsValueInst" classname="Kaitai.SpecNavParentVsValueInst" runstate="Runnable" testcasecount="1" result="Passed" start-time="2020-05-24 22:45:05Z" end-time="2020-05-24 22:45:05Z" duration="0.004004" total="1" passed="1" failed="0" inconclusive="0" skipped="0" asserts="1">
        <test-case id="0-1201" name="TestNavParentVsValueInst" fullname="Kaitai.SpecNavParentVsValueInst.TestNavParentVsValueInst" methodname="TestNavParentVsValueInst" classname="Kaitai.SpecNavParentVsValueInst" runstate="Runnable" seed="1879726984" result="Passed" start-time="2020-05-24 22:45:05Z" end-time="2020-05-24 22:45:05Z" duration="0.000842" asserts="1" />
      </test-suite>
      <test-suite type="TestFixture" id="0-1202" name="SpecNavRoot" fullname="Kaitai.SpecNavRoot" classname="Kaitai.SpecNavRoot" runstate="Runnable" testcasecount="1" result="Passed" start-time="2020-05-24 22:45:05Z" end-time="2020-05-24 22:45:05Z" duration="0.006032" total="1" passed="1" failed="0" inconclusive="0" skipped="0" asserts="5">
        <test-case id="0-1203" name="TestNavRoot" fullname="Kaitai.SpecNavRoot.TestNavRoot" methodname="TestNavRoot" classname="Kaitai.SpecNavRoot" runstate="Runnable" seed="512121714" result="Passed" start-time="2020-05-24 22:45:05Z" end-time="2020-05-24 22:45:05Z" duration="0.002179" asserts="5" />
      </test-suite>
      <test-suite type="TestFixture" id="0-1204" name="SpecNestedSameName" fullname="Kaitai.SpecNestedSameName" classname="Kaitai.SpecNestedSameName" runstate="Runnable" testcasecount="1" result="Passed" start-time="2020-05-24 22:45:05Z" end-time="2020-05-24 22:45:05Z" duration="0.005026" total="1" passed="1" failed="0" inconclusive="0" skipped="0" asserts="2">
        <test-case id="0-1205" name="TestNestedSameName" fullname="Kaitai.SpecNestedSameName.TestNestedSameName" methodname="TestNestedSameName" classname="Kaitai.SpecNestedSameName" runstate="Runnable" seed="1032715737" result="Passed" start-time="2020-05-24 22:45:05Z" end-time="2020-05-24 22:45:05Z" duration="0.001497" asserts="2" />
      </test-suite>
      <test-suite type="TestFixture" id="0-1206" name="SpecNestedSameName2" fullname="Kaitai.SpecNestedSameName2" classname="Kaitai.SpecNestedSameName2" runstate="Runnable" testcasecount="1" result="Passed" start-time="2020-05-24 22:45:05Z" end-time="2020-05-24 22:45:05Z" duration="0.006003" total="1" passed="1" failed="0" inconclusive="0" skipped="0" asserts="5">
        <test-case id="0-1207" name="TestNestedSameName2" fullname="Kaitai.SpecNestedSameName2.TestNestedSameName2" methodname="TestNestedSameName2" classname="Kaitai.SpecNestedSameName2" runstate="Runnable" seed="717454270" result="Passed" start-time="2020-05-24 22:45:05Z" end-time="2020-05-24 22:45:05Z" duration="0.002217" asserts="5" />
      </test-suite>
      <test-suite type="TestFixture" id="0-1208" name="SpecNestedTypeParam" fullname="Kaitai.SpecNestedTypeParam" classname="Kaitai.SpecNestedTypeParam" runstate="Runnable" testcasecount="1" result="Passed" start-time="2020-05-24 22:45:05Z" end-time="2020-05-24 22:45:05Z" duration="0.005019" total="1" passed="1" failed="0" inconclusive="0" skipped="0" asserts="2">
        <test-case id="0-1209" name="TestNestedTypeParam" fullname="Kaitai.SpecNestedTypeParam.TestNestedTypeParam" methodname="TestNestedTypeParam" classname="Kaitai.SpecNestedTypeParam" runstate="Runnable" seed="634025185" result="Passed" start-time="2020-05-24 22:45:05Z" end-time="2020-05-24 22:45:05Z" duration="0.001460" asserts="2" />
      </test-suite>
      <test-suite type="TestFixture" id="0-1210" name="SpecNestedTypes" fullname="Kaitai.SpecNestedTypes" classname="Kaitai.SpecNestedTypes" runstate="Runnable" testcasecount="1" result="Passed" start-time="2020-05-24 22:45:05Z" end-time="2020-05-24 22:45:05Z" duration="0.005012" total="1" passed="1" failed="0" inconclusive="0" skipped="0" asserts="3">
        <test-case id="0-1211" name="TestNestedTypes" fullname="Kaitai.SpecNestedTypes.TestNestedTypes" methodname="TestNestedTypes" classname="Kaitai.SpecNestedTypes" runstate="Runnable" seed="1227497879" result="Passed" start-time="2020-05-24 22:45:05Z" end-time="2020-05-24 22:45:05Z" duration="0.001457" asserts="3" />
      </test-suite>
      <test-suite type="TestFixture" id="0-1212" name="SpecNestedTypes2" fullname="Kaitai.SpecNestedTypes2" classname="Kaitai.SpecNestedTypes2" runstate="Runnable" testcasecount="1" result="Passed" start-time="2020-05-24 22:45:05Z" end-time="2020-05-24 22:45:05Z" duration="0.005983" total="1" passed="1" failed="0" inconclusive="0" skipped="0" asserts="7">
        <test-case id="0-1213" name="TestNestedTypes2" fullname="Kaitai.SpecNestedTypes2.TestNestedTypes2" methodname="TestNestedTypes2" classname="Kaitai.SpecNestedTypes2" runstate="Runnable" seed="145365037" result="Passed" start-time="2020-05-24 22:45:05Z" end-time="2020-05-24 22:45:05Z" duration="0.002510" asserts="7" />
      </test-suite>
      <test-suite type="TestFixture" id="0-1214" name="SpecNestedTypes3" fullname="Kaitai.SpecNestedTypes3" classname="Kaitai.SpecNestedTypes3" runstate="Runnable" testcasecount="1" result="Passed" start-time="2020-05-24 22:45:05Z" end-time="2020-05-24 22:45:05Z" duration="0.004947" total="1" passed="1" failed="0" inconclusive="0" skipped="0" asserts="5">
        <test-case id="0-1215" name="TestNestedTypes3" fullname="Kaitai.SpecNestedTypes3.TestNestedTypes3" methodname="TestNestedTypes3" classname="Kaitai.SpecNestedTypes3" runstate="Runnable" seed="1191461705" result="Passed" start-time="2020-05-24 22:45:05Z" end-time="2020-05-24 22:45:05Z" duration="0.001763" asserts="5" />
      </test-suite>
      <test-suite type="TestFixture" id="0-1216" name="SpecNonStandard" fullname="Kaitai.SpecNonStandard" classname="Kaitai.SpecNonStandard" runstate="Runnable" testcasecount="1" result="Passed" start-time="2020-05-24 22:45:05Z" end-time="2020-05-24 22:45:05Z" duration="0.004004" total="1" passed="1" failed="0" inconclusive="0" skipped="0" asserts="1">
        <test-case id="0-1217" name="TestNonStandard" fullname="Kaitai.SpecNonStandard.TestNonStandard" methodname="TestNonStandard" classname="Kaitai.SpecNonStandard" runstate="Runnable" seed="1128864631" result="Passed" start-time="2020-05-24 22:45:05Z" end-time="2020-05-24 22:45:05Z" duration="0.000661" asserts="1" />
      </test-suite>
      <test-suite type="TestFixture" id="0-1218" name="SpecOpaqueExternalType" fullname="Kaitai.SpecOpaqueExternalType" classname="Kaitai.SpecOpaqueExternalType" runstate="Runnable" testcasecount="1" result="Passed" start-time="2020-05-24 22:45:05Z" end-time="2020-05-24 22:45:05Z" duration="0.005012" total="1" passed="1" failed="0" inconclusive="0" skipped="0" asserts="3">
[...]
        <test-case id="0-1339" name="TestSwitchManualIntSizeEos" fullname="Kaitai.SpecSwitchManualIntSizeEos.TestSwitchManualIntSizeEos" methodname="TestSwitchManualIntSizeEos" classname="Kaitai.SpecSwitchManualIntSizeEos" runstate="Runnable" seed="1364597975" result="Passed" start-time="2020-05-24 22:45:06Z" end-time="2020-05-24 22:45:06Z" duration="0.002952" asserts="10" />
      </test-suite>
      <test-suite type="TestFixture" id="0-1340" name="SpecSwitchManualStr" fullname="Kaitai.SpecSwitchManualStr" classname="Kaitai.SpecSwitchManualStr" runstate="Runnable" testcasecount="1" result="Passed" start-time="2020-05-24 22:45:06Z" end-time="2020-05-24 22:45:06Z" duration="0.006011" total="1" passed="1" failed="0" inconclusive="0" skipped="0" asserts="9">
        <test-case id="0-1341" name="TestSwitchManualStr" fullname="Kaitai.SpecSwitchManualStr.TestSwitchManualStr" methodname="TestSwitchManualStr" classname="Kaitai.SpecSwitchManualStr" runstate="Runnable" seed="1681176731" result="Passed" start-time="2020-05-24 22:45:06Z" end-time="2020-05-24 22:45:06Z" duration="0.002241" asserts="9" />
      </test-suite>
      <test-suite type="TestFixture" id="0-1342" name="SpecSwitchManualStrElse" fullname="Kaitai.SpecSwitchManualStrElse" classname="Kaitai.SpecSwitchManualStrElse" runstate="Runnable" testcasecount="1" result="Passed" start-time="2020-05-24 22:45:06Z" end-time="2020-05-24 22:45:06Z" duration="0.006047" total="1" passed="1" failed="0" inconclusive="0" skipped="0" asserts="9">
        <test-case id="0-1343" name="TestSwitchManualStrElse" fullname="Kaitai.SpecSwitchManualStrElse.TestSwitchManualStrElse" methodname="TestSwitchManualStrElse" classname="Kaitai.SpecSwitchManualStrElse" runstate="Runnable" seed="1709687409" result="Passed" start-time="2020-05-24 22:45:06Z" end-time="2020-05-24 22:45:06Z" duration="0.002339" asserts="9" />
      </test-suite>
      <test-suite type="TestFixture" id="0-1344" name="SpecSwitchMultiBoolOps" fullname="Kaitai.SpecSwitchMultiBoolOps" classname="Kaitai.SpecSwitchMultiBoolOps" runstate="Runnable" testcasecount="1" result="Passed" start-time="2020-05-24 22:45:06Z" end-time="2020-05-24 22:45:06Z" duration="0.005817" total="1" passed="1" failed="0" inconclusive="0" skipped="0" asserts="9">
        <test-case id="0-1345" name="TestSwitchMultiBoolOps" fullname="Kaitai.SpecSwitchMultiBoolOps.TestSwitchMultiBoolOps" methodname="TestSwitchMultiBoolOps" classname="Kaitai.SpecSwitchMultiBoolOps" runstate="Runnable" seed="1722044833" result="Passed" start-time="2020-05-24 22:45:06Z" end-time="2020-05-24 22:45:06Z" duration="0.002575" asserts="9" />
      </test-suite>
      <test-suite type="TestFixture" id="0-1346" name="SpecSwitchRepeatExpr" fullname="Kaitai.SpecSwitchRepeatExpr" classname="Kaitai.SpecSwitchRepeatExpr" runstate="Runnable" testcasecount="1" result="Passed" start-time="2020-05-24 22:45:06Z" end-time="2020-05-24 22:45:06Z" duration="0.005994" total="1" passed="1" failed="0" inconclusive="0" skipped="0" asserts="3">
        <test-case id="0-1347" name="TestSwitchRepeatExpr" fullname="Kaitai.SpecSwitchRepeatExpr.TestSwitchRepeatExpr" methodname="TestSwitchRepeatExpr" classname="Kaitai.SpecSwitchRepeatExpr" runstate="Runnable" seed="776809917" result="Passed" start-time="2020-05-24 22:45:06Z" end-time="2020-05-24 22:45:06Z" duration="0.002615" asserts="3" />
      </test-suite>
      <test-suite type="TestFixture" id="0-1348" name="SpecTermBytes" fullname="Kaitai.SpecTermBytes" classname="Kaitai.SpecTermBytes" runstate="Runnable" testcasecount="1" result="Passed" start-time="2020-05-24 22:45:06Z" end-time="2020-05-24 22:45:06Z" duration="0.004980" total="1" passed="1" failed="0" inconclusive="0" skipped="0" asserts="3">
        <test-case id="0-1349" name="TestTermBytes" fullname="Kaitai.SpecTermBytes.TestTermBytes" methodname="TestTermBytes" classname="Kaitai.SpecTermBytes" runstate="Runnable" seed="1846149678" result="Passed" start-time="2020-05-24 22:45:06Z" end-time="2020-05-24 22:45:06Z" duration="0.001085" asserts="3" />
      </test-suite>
      <test-suite type="TestFixture" id="0-1350" name="SpecTermStrz" fullname="Kaitai.SpecTermStrz" classname="Kaitai.SpecTermStrz" runstate="Runnable" testcasecount="1" result="Passed" start-time="2020-05-24 22:45:06Z" end-time="2020-05-24 22:45:06Z" duration="0.004016" total="1" passed="1" failed="0" inconclusive="0" skipped="0" asserts="3">
        <test-case id="0-1351" name="TestTermStrz" fullname="Kaitai.SpecTermStrz.TestTermStrz" methodname="TestTermStrz" classname="Kaitai.SpecTermStrz" runstate="Runnable" seed="2110096855" result="Passed" start-time="2020-05-24 22:45:06Z" end-time="2020-05-24 22:45:06Z" duration="0.000376" asserts="3" />
      </test-suite>
      <test-suite type="TestFixture" id="0-1352" name="SpecTsPacketHeader" fullname="Kaitai.SpecTsPacketHeader" classname="Kaitai.SpecTsPacketHeader" runstate="Runnable" testcasecount="1" result="Passed" start-time="2020-05-24 22:45:06Z" end-time="2020-05-24 22:45:06Z" duration="0.005028" total="1" passed="1" failed="0" inconclusive="0" skipped="0" asserts="7">
        <test-case id="0-1353" name="TestTsPacketHeader" fullname="Kaitai.SpecTsPacketHeader.TestTsPacketHeader" methodname="TestTsPacketHeader" classname="Kaitai.SpecTsPacketHeader" runstate="Runnable" seed="1772594754" result="Passed" start-time="2020-05-24 22:45:06Z" end-time="2020-05-24 22:45:06Z" duration="0.001379" asserts="7" />
      </test-suite>
      <test-suite type="TestFixture" id="0-1354" name="SpecTypeIntUnaryOp" fullname="Kaitai.SpecTypeIntUnaryOp" classname="Kaitai.SpecTypeIntUnaryOp" runstate="Runnable" testcasecount="1" result="Passed" start-time="2020-05-24 22:45:06Z" end-time="2020-05-24 22:45:06Z" duration="0.004025" total="1" passed="1" failed="0" inconclusive="0" skipped="0" asserts="4">
        <test-case id="0-1355" name="TestTypeIntUnaryOp" fullname="Kaitai.SpecTypeIntUnaryOp.TestTypeIntUnaryOp" methodname="TestTypeIntUnaryOp" classname="Kaitai.SpecTypeIntUnaryOp" runstate="Runnable" seed="32647481" result="Passed" start-time="2020-05-24 22:45:06Z" end-time="2020-05-24 22:45:06Z" duration="0.000932" asserts="4" />
      </test-suite>
      <test-suite type="TestFixture" id="0-1356" name="SpecTypeTernary" fullname="Kaitai.SpecTypeTernary" classname="Kaitai.SpecTypeTernary" runstate="Runnable" testcasecount="1" result="Passed" start-time="2020-05-24 22:45:06Z" end-time="2020-05-24 22:45:06Z" duration="0.005087" total="1" passed="1" failed="0" inconclusive="0" skipped="0" asserts="1">
        <test-case id="0-1357" name="TestTypeTernary" fullname="Kaitai.SpecTypeTernary.TestTypeTernary" methodname="TestTypeTernary" classname="Kaitai.SpecTypeTernary" runstate="Runnable" seed="701760980" result="Passed" start-time="2020-05-24 22:45:06Z" end-time="2020-05-24 22:45:06Z" duration="0.001175" asserts="1" />
      </test-suite>
      <test-suite type="TestFixture" id="0-1358" name="SpecTypeTernary2ndFalsy" fullname="Kaitai.SpecTypeTernary2ndFalsy" classname="Kaitai.SpecTypeTernary2ndFalsy" runstate="Runnable" testcasecount="1" result="Passed" start-time="2020-05-24 22:45:06Z" end-time="2020-05-24 22:45:06Z" duration="0.005986" total="1" passed="1" failed="0" inconclusive="0" skipped="0" asserts="13">
        <test-case id="0-1359" name="TestTypeTernary2ndFalsy" fullname="Kaitai.SpecTypeTernary2ndFalsy.TestTypeTernary2ndFalsy" methodname="TestTypeTernary2ndFalsy" classname="Kaitai.SpecTypeTernary2ndFalsy" runstate="Runnable" seed="967930960" result="Passed" start-time="2020-05-24 22:45:06Z" end-time="2020-05-24 22:45:06Z" duration="0.002698" asserts="13" />
      </test-suite>
      <test-suite type="TestFixture" id="0-1360" name="SpecTypeTernaryOpaque" fullname="Kaitai.SpecTypeTernaryOpaque" classname="Kaitai.SpecTypeTernaryOpaque" runstate="Runnable" testcasecount="1" result="Passed" start-time="2020-05-24 22:45:06Z" end-time="2020-05-24 22:45:06Z" duration="0.004992" total="1" passed="1" failed="0" inconclusive="0" skipped="0" asserts="3">
        <test-case id="0-1361" name="TestTypeTernaryOpaque" fullname="Kaitai.SpecTypeTernaryOpaque.TestTypeTernaryOpaque" methodname="TestTypeTernaryOpaque" classname="Kaitai.SpecTypeTernaryOpaque" runstate="Runnable" seed="262114895" result="Passed" start-time="2020-05-24 22:45:06Z" end-time="2020-05-24 22:45:06Z" duration="0.001015" asserts="3" />
      </test-suite>
      <test-suite type="TestFixture" id="0-1362" name="SpecUserType" fullname="Kaitai.SpecUserType" classname="Kaitai.SpecUserType" runstate="Runnable" testcasecount="1" result="Passed" start-time="2020-05-24 22:45:06Z" end-time="2020-05-24 22:45:06Z" duration="0.005014" total="1" passed="1" failed="0" inconclusive="0" skipped="0" asserts="2">
        <test-case id="0-1363" name="TestUserType" fullname="Kaitai.SpecUserType.TestUserType" methodname="TestUserType" classname="Kaitai.SpecUserType" runstate="Runnable" seed="444262308" result="Passed" start-time="2020-05-24 22:45:06Z" end-time="2020-05-24 22:45:06Z" duration="0.001004" asserts="2" />
      </test-suite>
      <test-suite type="TestFixture" id="0-1364" name="SpecValidFailAnyofInt" fullname="Kaitai.SpecValidFailAnyofInt" classname="Kaitai.SpecValidFailAnyofInt" runstate="Runnable" testcasecount="1" result="Passed" start-time="2020-05-24 22:45:06Z" end-time="2020-05-24 22:45:06Z" duration="0.004966" total="1" passed="1" failed="0" inconclusive="0" skipped="0" asserts="1">
        <test-case id="0-1365" name="TestValidFailAnyofInt" fullname="Kaitai.SpecValidFailAnyofInt.TestValidFailAnyofInt" methodname="TestValidFailAnyofInt" classname="Kaitai.SpecValidFailAnyofInt" runstate="Runnable" seed="291756516" result="Passed" start-time="2020-05-24 22:45:06Z" end-time="2020-05-24 22:45:06Z" duration="0.001665" asserts="1" />
      </test-suite>
      <test-suite type="TestFixture" id="0-1366" name="SpecValidFailContents" fullname="Kaitai.SpecValidFailContents" classname="Kaitai.SpecValidFailContents" runstate="Runnable" testcasecount="1" result="Passed" start-time="2020-05-24 22:45:06Z" end-time="2020-05-24 22:45:06Z" duration="0.005010" total="1" passed="1" failed="0" inconclusive="0" skipped="0" asserts="1">
        <test-case id="0-1367" name="TestValidFailContents" fullname="Kaitai.SpecValidFailContents.TestValidFailContents" methodname="TestValidFailContents" classname="Kaitai.SpecValidFailContents" runstate="Runnable" seed="1529897849" result="Passed" start-time="2020-05-24 22:45:06Z" end-time="2020-05-24 22:45:06Z" duration="0.001309" asserts="1" />
      </test-suite>
      <test-suite type="TestFixture" id="0-1368" name="SpecValidFailEqBytes" fullname="Kaitai.SpecValidFailEqBytes" classname="Kaitai.SpecValidFailEqBytes" runstate="Runnable" testcasecount="1" result="Passed" start-time="2020-05-24 22:45:06Z" end-time="2020-05-24 22:45:06Z" duration="0.005066" total="1" passed="1" failed="0" inconclusive="0" skipped="0" asserts="1">
        <test-case id="0-1369" name="TestValidFailEqBytes" fullname="Kaitai.SpecValidFailEqBytes.TestValidFailEqBytes" methodname="TestValidFailEqBytes" classname="Kaitai.SpecValidFailEqBytes" runstate="Runnable" seed="1532221258" result="Passed" start-time="2020-05-24 22:45:06Z" end-time="2020-05-24 22:45:06Z" duration="0.001081" asserts="1" />
      </test-suite>
      <test-suite type="TestFixture" id="0-1370" name="SpecValidFailEqInt" fullname="Kaitai.SpecValidFailEqInt" classname="Kaitai.SpecValidFailEqInt" runstate="Runnable" testcasecount="1" result="Passed" start-time="2020-05-24 22:45:06Z" end-time="2020-05-24 22:45:06Z" duration="0.005108" total="1" passed="1" failed="0" inconclusive="0" skipped="0" asserts="1">
        <test-case id="0-1371" name="TestValidFailEqInt" fullname="Kaitai.SpecValidFailEqInt.TestValidFailEqInt" methodname="TestValidFailEqInt" classname="Kaitai.SpecValidFailEqInt" runstate="Runnable" seed="1534173393" result="Passed" start-time="2020-05-24 22:45:06Z" end-time="2020-05-24 22:45:06Z" duration="0.001234" asserts="1" />
      </test-suite>
      <test-suite type="TestFixture" id="0-1372" name="SpecValidFailExpr" fullname="Kaitai.SpecValidFailExpr" classname="Kaitai.SpecValidFailExpr" runstate="Runnable" testcasecount="1" result="Passed" start-time="2020-05-24 22:45:06Z" end-time="2020-05-24 22:45:06Z" duration="0.005031" total="1" passed="1" failed="0" inconclusive="0" skipped="0" asserts="1">
        <test-case id="0-1373" name="TestValidFailExpr" fullname="Kaitai.SpecValidFailExpr.TestValidFailExpr" methodname="TestValidFailExpr" classname="Kaitai.SpecValidFailExpr" runstate="Runnable" seed="171892624" result="Passed" start-time="2020-05-24 22:45:06Z" end-time="2020-05-24 22:45:06Z" duration="0.001429" asserts="1" />
      </test-suite>
      <test-suite type="TestFixture" id="0-1374" name="SpecValidFailInst" fullname="Kaitai.SpecValidFailInst" classname="Kaitai.SpecValidFailInst" runstate="Runnable" testcasecount="1" result="Passed" start-time="2020-05-24 22:45:06Z" end-time="2020-05-24 22:45:06Z" duration="0.005008" total="1" passed="1" failed="0" inconclusive="0" skipped="0" asserts="1">
        <test-case id="0-1375" name="TestValidFailInst" fullname="Kaitai.SpecValidFailInst.TestValidFailInst" methodname="TestValidFailInst" classname="Kaitai.SpecValidFailInst" runstate="Runnable" seed="1733465630" result="Passed" start-time="2020-05-24 22:45:06Z" end-time="2020-05-24 22:45:06Z" duration="0.001103" asserts="1" />
      </test-suite>
      <test-suite type="TestFixture" id="0-1376" name="SpecValidFailMaxInt" fullname="Kaitai.SpecValidFailMaxInt" classname="Kaitai.SpecValidFailMaxInt" runstate="Runnable" testcasecount="1" result="Passed" start-time="2020-05-24 22:45:06Z" end-time="2020-05-24 22:45:06Z" duration="0.005013" total="1" passed="1" failed="0" inconclusive="0" skipped="0" asserts="1">
        <test-case id="0-1377" name="TestValidFailMaxInt" fullname="Kaitai.SpecValidFailMaxInt.TestValidFailMaxInt" methodname="TestValidFailMaxInt" classname="Kaitai.SpecValidFailMaxInt" runstate="Runnable" seed="1393832192" result="Passed" start-time="2020-05-24 22:45:06Z" end-time="2020-05-24 22:45:06Z" duration="0.001177" asserts="1" />
      </test-suite>
      <test-suite type="TestFixture" id="0-1378" name="SpecValidFailMinInt" fullname="Kaitai.SpecValidFailMinInt" classname="Kaitai.SpecValidFailMinInt" runstate="Runnable" testcasecount="1" result="Passed" start-time="2020-05-24 22:45:06Z" end-time="2020-05-24 22:45:06Z" duration="0.005011" total="1" passed="1" failed="0" inconclusive="0" skipped="0" asserts="1">
        <test-case id="0-1379" name="TestValidFailMinInt" fullname="Kaitai.SpecValidFailMinInt.TestValidFailMinInt" methodname="TestValidFailMinInt" classname="Kaitai.SpecValidFailMinInt" runstate="Runnable" seed="1813732786" result="Passed" start-time="2020-05-24 22:45:06Z" end-time="2020-05-24 22:45:06Z" duration="0.001091" asserts="1" />
      </test-suite>
      <test-suite type="TestFixture" id="0-1380" name="SpecValidFailRangeInt" fullname="Kaitai.SpecValidFailRangeInt" classname="Kaitai.SpecValidFailRangeInt" runstate="Runnable" testcasecount="1" result="Passed" start-time="2020-05-24 22:45:06Z" end-time="2020-05-24 22:45:06Z" duration="0.004022" total="1" passed="1" failed="0" inconclusive="0" skipped="0" asserts="1">
        <test-case id="0-1381" name="TestValidFailRangeInt" fullname="Kaitai.SpecValidFailRangeInt.TestValidFailRangeInt" methodname="TestValidFailRangeInt" classname="Kaitai.SpecValidFailRangeInt" runstate="Runnable" seed="931189567" result="Passed" start-time="2020-05-24 22:45:06Z" end-time="2020-05-24 22:45:06Z" duration="0.000940" asserts="1" />
      </test-suite>
      <test-suite type="TestFixture" id="0-1382" name="SpecValidLong" fullname="Kaitai.SpecValidLong" classname="Kaitai.SpecValidLong" runstate="Runnable" testcasecount="1" result="Passed" start-time="2020-05-24 22:45:06Z" end-time="2020-05-24 22:45:06Z" duration="0.006005" total="1" passed="1" failed="0" inconclusive="0" skipped="0" asserts="0">
        <test-case id="0-1383" name="TestValidLong" fullname="Kaitai.SpecValidLong.TestValidLong" methodname="TestValidLong" classname="Kaitai.SpecValidLong" runstate="Runnable" seed="905094013" result="Passed" start-time="2020-05-24 22:45:06Z" end-time="2020-05-24 22:45:06Z" duration="0.002320" asserts="0" />
      </test-suite>
      <test-suite type="TestFixture" id="0-1384" name="SpecValidNotParsedIf" fullname="Kaitai.SpecValidNotParsedIf" classname="Kaitai.SpecValidNotParsedIf" runstate="Runnable" testcasecount="1" result="Passed" start-time="2020-05-24 22:45:06Z" end-time="2020-05-24 22:45:06Z" duration="0.004019" total="1" passed="1" failed="0" inconclusive="0" skipped="0" asserts="0">
        <test-case id="0-1385" name="TestValidNotParsedIf" fullname="Kaitai.SpecValidNotParsedIf.TestValidNotParsedIf" methodname="TestValidNotParsedIf" classname="Kaitai.SpecValidNotParsedIf" runstate="Runnable" seed="1745842722" result="Passed" start-time="2020-05-24 22:45:06Z" end-time="2020-05-24 22:45:06Z" duration="0.000805" asserts="0" />
      </test-suite>
      <test-suite type="TestFixture" id="0-1386" name="SpecValidShort" fullname="Kaitai.SpecValidShort" classname="Kaitai.SpecValidShort" runstate="Runnable" testcasecount="1" result="Passed" start-time="2020-05-24 22:45:06Z" end-time="2020-05-24 22:45:06Z" duration="0.005989" total="1" passed="1" failed="0" inconclusive="0" skipped="0" asserts="0">
        <test-case id="0-1387" name="TestValidShort" fullname="Kaitai.SpecValidShort.TestValidShort" methodname="TestValidShort" classname="Kaitai.SpecValidShort" runstate="Runnable" seed="467750544" result="Passed" start-time="2020-05-24 22:45:06Z" end-time="2020-05-24 22:45:06Z" duration="0.002311" asserts="0" />
      </test-suite>
      <test-suite type="TestFixture" id="0-1388" name="SpecValidSwitch" fullname="Kaitai.SpecValidSwitch" classname="Kaitai.SpecValidSwitch" runstate="Runnable" testcasecount="1" result="Passed" start-time="2020-05-24 22:45:06Z" end-time="2020-05-24 22:45:06Z" duration="0.003985" total="1" passed="1" failed="0" inconclusive="0" skipped="0" asserts="0">
        <test-case id="0-1389" name="TestValidSwitch" fullname="Kaitai.SpecValidSwitch.TestValidSwitch" methodname="TestValidSwitch" classname="Kaitai.SpecValidSwitch" runstate="Runnable" seed="457920567" result="Passed" start-time="2020-05-24 22:45:06Z" end-time="2020-05-24 22:45:06Z" duration="0.000865" asserts="0" />
      </test-suite>
      <test-suite type="TestFixture" id="0-1390" name="SpecZlibSurrounded" fullname="Kaitai.SpecZlibSurrounded" classname="Kaitai.SpecZlibSurrounded" runstate="Runnable" testcasecount="1" result="Passed" start-time="2020-05-24 22:45:06Z" end-time="2020-05-24 22:45:06Z" duration="0.023907" total="1" passed="1" failed="0" inconclusive="0" skipped="0" asserts="1">
        <test-case id="0-1391" name="TestZlibSurrounded" fullname="Kaitai.SpecZlibSurrounded.TestZlibSurrounded" methodname="TestZlibSurrounded" classname="Kaitai.SpecZlibSurrounded" runstate="Runnable" seed="883858004" result="Passed" start-time="2020-05-24 22:45:06Z" end-time="2020-05-24 22:45:06Z" duration="0.020169" asserts="1" />
      </test-suite>
      <test-suite type="TestFixture" id="0-1392" name="SpecZlibWithHeader78" fullname="Kaitai.SpecZlibWithHeader78" classname="Kaitai.SpecZlibWithHeader78" runstate="Runnable" testcasecount="1" result="Passed" start-time="2020-05-24 22:45:06Z" end-time="2020-05-24 22:45:06Z" duration="0.003995" total="1" passed="1" failed="0" inconclusive="0" skipped="0" asserts="1">
        <test-case id="0-1393" name="TestZlibWithHeader78" fullname="Kaitai.SpecZlibWithHeader78.TestZlibWithHeader78" methodname="TestZlibWithHeader78" classname="Kaitai.SpecZlibWithHeader78" runstate="Runnable" seed="467569516" result="Passed" start-time="2020-05-24 22:45:06Z" end-time="2020-05-24 22:45:06Z" duration="0.000723" asserts="1" />
      </test-suite>
    </test-suite>
  </test-suite>
</test-run>