<?xml version="1.0" encoding="utf-8" standalone="no"?>
<test-run id="0" runstate="Runnable" testcasecount="257" result="Failed" total="257" passed="256" failed="1" warnings="0" inconclusive="0" skipped="0" asserts="1173" engine-version="3.19.0.0" clr-version="4.0.30319.42000" start-time="2026-04-22 21:09:23Z" end-time="2026-04-22 21:09:40Z" duration="17.666177">
  <command-line><![CDATA[C:\Users\runneradmin\.nuget\packages\nunit.consolerunner\3.19.0\tools\nunit3-console.exe --result=test_out/csharp/TestResult.xml spec/csharp/kaitai_struct_csharp_tests_netframework/bin/Debug/kaitai_struct_csharp_tests.dll]]></command-line>
  <test-suite type="Assembly" id="1-1514" name="kaitai_struct_csharp_tests.dll" fullname="D:\a\ci_targets\ci_targets\tests\spec\csharp\kaitai_struct_csharp_tests_netframework\bin\Debug\kaitai_struct_csharp_tests.dll" runstate="Runnable" testcasecount="257" result="Failed" site="Child" start-time="2026-04-22T21:09:30.6226330Z" end-time="2026-04-22T21:09:40.6212296Z" duration="9.819190" total="257" passed="256" failed="1" warnings="0" inconclusive="0" skipped="0" asserts="1173">
    <environment framework-version="3.14.0.0" clr-version="4.0.30319.42000" os-version="Microsoft Windows NT 10.0.26100.0" platform="Win32NT" cwd="D:\a\ci_targets\ci_targets\tests" machine-name="runnervmxu3fp" user="runneradmin" user-domain="runnervmxu3fp" culture="en-US" uiculture="en-US" os-architecture="x64" />
    <settings>
      <setting name="DisposeRunners" value="True" />
      <setting name="WorkDirectory" value="D:\a\ci_targets\ci_targets\tests" />
      <setting name="ImageRuntimeVersion" value="4.0.30319" />
      <setting name="ImageTargetFrameworkName" value=".NETFramework,Version=v4.8" />
      <setting name="ImageRequiresX86" value="False" />
      <setting name="ImageRequiresDefaultAppDomainAssemblyResolver" value="False" />
      <setting name="TargetRuntimeFramework" value="net-4.8" />
      <setting name="NumberOfTestWorkers" value="4" />
    </settings>
    <properties>
      <property name="_PID" value="5904" />
      <property name="_APPDOMAIN" value="domain-" />
    </properties>
    <failure>
      <message><![CDATA[One or more child tests had errors]]></message>
    </failure>
    <test-suite type="TestSuite" id="1-1515" name="Kaitai" fullname="Kaitai" runstate="Runnable" testcasecount="257" result="Failed" site="Child" start-time="2026-04-22T21:09:30.9545897Z" end-time="2026-04-22T21:09:40.6212296Z" duration="9.667099" total="257" passed="256" failed="1" warnings="0" inconclusive="0" skipped="0" asserts="1173">
      <failure>
        <message><![CDATA[One or more child tests had errors]]></message>
      </failure>
      <test-suite type="TestFixture" id="1-1000" name="SpecBcdUserTypeBe" fullname="Kaitai.SpecBcdUserTypeBe" classname="Kaitai.SpecBcdUserTypeBe" runstate="Runnable" testcasecount="1" result="Passed" start-time="2026-04-22T21:09:30.9566104Z" end-time="2026-04-22T21:09:32.3321217Z" duration="1.376007" total="1" passed="1" failed="0" warnings="0" inconclusive="0" skipped="0" asserts="6">
        <test-case id="1-1001" name="TestBcdUserTypeBe" fullname="Kaitai.SpecBcdUserTypeBe.TestBcdUserTypeBe" methodname="TestBcdUserTypeBe" classname="Kaitai.SpecBcdUserTypeBe" runstate="Runnable" seed="66870775" result="Passed" start-time="2026-04-22T21:09:30.9595450Z" end-time="2026-04-22T21:09:32.3301033Z" duration="1.370446" asserts="6" />
      </test-suite>
      <test-suite type="TestFixture" id="1-1002" name="SpecBcdUserTypeLe" fullname="Kaitai.SpecBcdUserTypeLe" classname="Kaitai.SpecBcdUserTypeLe" runstate="Runnable" testcasecount="1" result="Passed" start-time="2026-04-22T21:09:32.3341389Z" end-time="2026-04-22T21:09:32.3359003Z" duration="0.003037" total="1" passed="1" failed="0" warnings="0" inconclusive="0" skipped="0" asserts="6">
        <test-case id="1-1003" name="TestBcdUserTypeLe" fullname="Kaitai.SpecBcdUserTypeLe.TestBcdUserTypeLe" methodname="TestBcdUserTypeLe" classname="Kaitai.SpecBcdUserTypeLe" runstate="Runnable" seed="374016210" result="Passed" start-time="2026-04-22T21:09:32.3341389Z" end-time="2026-04-22T21:09:32.3359003Z" duration="0.002912" asserts="6" />
      </test-suite>
      <test-suite type="TestFixture" id="1-1004" name="SpecBitsByteAligned" fullname="Kaitai.SpecBitsByteAligned" classname="Kaitai.SpecBitsByteAligned" runstate="Runnable" testcasecount="1" result="Passed" start-time="2026-04-22T21:09:32.3359003Z" end-time="2026-04-22T21:09:32.3479801Z" duration="0.010407" total="1" passed="1" failed="0" warnings="0" inconclusive="0" skipped="0" asserts="12">
        <test-case id="1-1005" name="TestBitsByteAligned" fullname="Kaitai.SpecBitsByteAligned.TestBitsByteAligned" methodname="TestBitsByteAligned" classname="Kaitai.SpecBitsByteAligned" runstate="Runnable" seed="2089114366" result="Passed" start-time="2026-04-22T21:09:32.3359003Z" end-time="2026-04-22T21:09:32.3479801Z" duration="0.010278" asserts="12" />
      </test-suite>
      <test-suite type="TestFixture" id="1-1006" name="SpecBitsEnum" fullname="Kaitai.SpecBitsEnum" classname="Kaitai.SpecBitsEnum" runstate="Runnable" testcasecount="1" result="Passed" start-time="2026-04-22T21:09:32.3479801Z" end-time="2026-04-22T21:09:32.3479801Z" duration="0.000567" total="1" passed="1" failed="0" warnings="0" inconclusive="0" skipped="0" asserts="3">
        <test-case id="1-1007" name="TestBitsEnum" fullname="Kaitai.SpecBitsEnum.TestBitsEnum" methodname="TestBitsEnum" classname="Kaitai.SpecBitsEnum" runstate="Runnable" seed="1167865480" result="Passed" start-time="2026-04-22T21:09:32.3479801Z" end-time="2026-04-22T21:09:32.3479801Z" duration="0.000482" asserts="3" />
      </test-suite>
      <test-suite type="TestFixture" id="1-1008" name="SpecBitsSeqEndianCombo" fullname="Kaitai.SpecBitsSeqEndianCombo" classname="Kaitai.SpecBitsSeqEndianCombo" runstate="Runnable" testcasecount="1" result="Passed" start-time="2026-04-22T21:09:32.3479801Z" end-time="2026-04-22T21:09:32.3479801Z" duration="0.000904" total="1" passed="1" failed="0" warnings="0" inconclusive="0" skipped="0" asserts="8">
        <test-case id="1-1009" name="TestBitsSeqEndianCombo" fullname="Kaitai.SpecBitsSeqEndianCombo.TestBitsSeqEndianCombo" methodname="TestBitsSeqEndianCombo" classname="Kaitai.SpecBitsSeqEndianCombo" runstate="Runnable" seed="2067021554" result="Passed" start-time="2026-04-22T21:09:32.3479801Z" end-time="2026-04-22T21:09:32.3479801Z" duration="0.000831" asserts="8" />
      </test-suite>
      <test-suite type="TestFixture" id="1-1010" name="SpecBitsShiftByB32Le" fullname="Kaitai.SpecBitsShiftByB32Le" classname="Kaitai.SpecBitsShiftByB32Le" runstate="Runnable" testcasecount="1" result="Passed" start-time="2026-04-22T21:09:32.3479801Z" end-time="2026-04-22T21:09:32.3499958Z" duration="0.000432" total="1" passed="1" failed="0" warnings="0" inconclusive="0" skipped="0" asserts="2">
        <test-case id="1-1011" name="TestBitsShiftByB32Le" fullname="Kaitai.SpecBitsShiftByB32Le.TestBitsShiftByB32Le" methodname="TestBitsShiftByB32Le" classname="Kaitai.SpecBitsShiftByB32Le" runstate="Runnable" seed="1995694002" result="Passed" start-time="2026-04-22T21:09:32.3479801Z" end-time="2026-04-22T21:09:32.3499958Z" duration="0.000363" asserts="2" />
      </test-suite>
      <test-suite type="TestFixture" id="1-1012" name="SpecBitsShiftByB64Le" fullname="Kaitai.SpecBitsShiftByB64Le" classname="Kaitai.SpecBitsShiftByB64Le" runstate="Runnable" testcasecount="1" result="Passed" start-time="2026-04-22T21:09:32.3499958Z" end-time="2026-04-22T21:09:32.3499958Z" duration="0.000451" total="1" passed="1" failed="0" warnings="0" inconclusive="0" skipped="0" asserts="2">
        <test-case id="1-1013" name="TestBitsShiftByB64Le" fullname="Kaitai.SpecBitsShiftByB64Le.TestBitsShiftByB64Le" methodname="TestBitsShiftByB64Le" classname="Kaitai.SpecBitsShiftByB64Le" runstate="Runnable" seed="44924444" result="Passed" start-time="2026-04-22T21:09:32.3499958Z" end-time="2026-04-22T21:09:32.3499958Z" duration="0.000348" asserts="2" />
      </test-suite>
      <test-suite type="TestFixture" id="1-1014" name="SpecBitsSignedResB32Be" fullname="Kaitai.SpecBitsSignedResB32Be" classname="Kaitai.SpecBitsSignedResB32Be" runstate="Runnable" testcasecount="1" result="Passed" start-time="2026-04-22T21:09:32.3499958Z" end-time="2026-04-22T21:09:32.3499958Z" duration="0.000351" total="1" passed="1" failed="0" warnings="0" inconclusive="0" skipped="0" asserts="1">
        <test-case id="1-1015" name="TestBitsSignedResB32Be" fullname="Kaitai.SpecBitsSignedResB32Be.TestBitsSignedResB32Be" methodname="TestBitsSignedResB32Be" classname="Kaitai.SpecBitsSignedResB32Be" runstate="Runnable" seed="1321804162" result="Passed" start-time="2026-04-22T21:09:32.3499958Z" end-time="2026-04-22T21:09:32.3499958Z" duration="0.000282" asserts="1" />
      </test-suite>
      <test-suite type="TestFixture" id="1-1016" name="SpecBitsSignedResB32Le" fullname="Kaitai.SpecBitsSignedResB32Le" classname="Kaitai.SpecBitsSignedResB32Le" runstate="Runnable" testcasecount="1" result="Passed" start-time="2026-04-22T21:09:32.3499958Z" end-time="2026-04-22T21:09:32.3499958Z" duration="0.000331" total="1" passed="1" failed="0" warnings="0" inconclusive="0" skipped="0" asserts="1">
        <test-case id="1-1017" name="TestBitsSignedResB32Le" fullname="Kaitai.SpecBitsSignedResB32Le.TestBitsSignedResB32Le" methodname="TestBitsSignedResB32Le" classname="Kaitai.SpecBitsSignedResB32Le" runstate="Runnable" seed="334001100" result="Passed" start-time="2026-04-22T21:09:32.3499958Z" end-time="2026-04-22T21:09:32.3499958Z" duration="0.000266" asserts="1" />
      </test-suite>
      <test-suite type="TestFixture" id="1-1018" name="SpecBitsSignedShiftB32Le" fullname="Kaitai.SpecBitsSignedShiftB32Le" classname="Kaitai.SpecBitsSignedShiftB32Le" runstate="Runnable" testcasecount="1" result="Passed" start-time="2026-04-22T21:09:32.3499958Z" end-time="2026-04-22T21:09:32.3499958Z" duration="0.000388" total="1" passed="1" failed="0" warnings="0" inconclusive="0" skipped="0" asserts="2">
        <test-case id="1-1019" name="TestBitsSignedShiftB32Le" fullname="Kaitai.SpecBitsSignedShiftB32Le.TestBitsSignedShiftB32Le" methodname="TestBitsSignedShiftB32Le" classname="Kaitai.SpecBitsSignedShiftB32Le" runstate="Runnable" seed="1192637728" result="Passed" start-time="2026-04-22T21:09:32.3499958Z" end-time="2026-04-22T21:09:32.3499958Z" duration="0.000325" asserts="2" />
      </test-suite>
      <test-suite type="TestFixture" id="1-1020" name="SpecBitsSignedShiftB64Le" fullname="Kaitai.SpecBitsSignedShiftB64Le" classname="Kaitai.SpecBitsSignedShiftB64Le" runstate="Runnable" testcasecount="1" result="Passed" start-time="2026-04-22T21:09:32.3499958Z" end-time="2026-04-22T21:09:32.3517552Z" duration="0.000480" total="1" passed="1" failed="0" warnings="0" inconclusive="0" skipped="0" asserts="2">
        <test-case id="1-1021" name="TestBitsSignedShiftB64Le" fullname="Kaitai.SpecBitsSignedShiftB64Le.TestBitsSignedShiftB64Le" methodname="TestBitsSignedShiftB64Le" classname="Kaitai.SpecBitsSignedShiftB64Le" runstate="Runnable" seed="2123280119" result="Passed" start-time="2026-04-22T21:09:32.3499958Z" end-time="2026-04-22T21:09:32.3517552Z" duration="0.000411" asserts="2" />
      </test-suite>
      <test-suite type="TestFixture" id="1-1022" name="SpecBitsSimple" fullname="Kaitai.SpecBitsSimple" classname="Kaitai.SpecBitsSimple" runstate="Runnable" testcasecount="1" result="Passed" start-time="2026-04-22T21:09:32.3517552Z" end-time="2026-04-22T21:09:32.3517552Z" duration="0.001306" total="1" passed="1" failed="0" warnings="0" inconclusive="0" skipped="0" asserts="14">
        <test-case id="1-1023" name="TestBitsSimple" fullname="Kaitai.SpecBitsSimple.TestBitsSimple" methodname="TestBitsSimple" classname="Kaitai.SpecBitsSimple" runstate="Runnable" seed="1070419945" result="Passed" start-time="2026-04-22T21:09:32.3517552Z" end-time="2026-04-22T21:09:32.3517552Z" duration="0.001212" asserts="14" />
      </test-suite>
      <test-suite type="TestFixture" id="1-1024" name="SpecBitsSimpleLe" fullname="Kaitai.SpecBitsSimpleLe" classname="Kaitai.SpecBitsSimpleLe" runstate="Runnable" testcasecount="1" result="Passed" start-time="2026-04-22T21:09:32.3517552Z" end-time="2026-04-22T21:09:32.3537725Z" duration="0.001117" total="1" passed="1" failed="0" warnings="0" inconclusive="0" skipped="0" asserts="14">
        <test-case id="1-1025" name="TestBitsSimpleLe" fullname="Kaitai.SpecBitsSimpleLe.TestBitsSimpleLe" methodname="TestBitsSimpleLe" classname="Kaitai.SpecBitsSimpleLe" runstate="Runnable" seed="531660711" result="Passed" start-time="2026-04-22T21:09:32.3517552Z" end-time="2026-04-22T21:09:32.3537725Z" duration="0.001042" asserts="14" />
      </test-suite>
      <test-suite type="TestFixture" id="1-1026" name="SpecBitsUnalignedB32Be" fullname="Kaitai.SpecBitsUnalignedB32Be" classname="Kaitai.SpecBitsUnalignedB32Be" runstate="Runnable" testcasecount="1" result="Passed" start-time="2026-04-22T21:09:32.3537725Z" end-time="2026-04-22T21:09:32.3537725Z" duration="0.000487" total="1" passed="1" failed="0" warnings="0" inconclusive="0" skipped="0" asserts="3">
        <test-case id="1-1027" name="TestBitsUnalignedB32Be" fullname="Kaitai.SpecBitsUnalignedB32Be.TestBitsUnalignedB32Be" methodname="TestBitsUnalignedB32Be" classname="Kaitai.SpecBitsUnalignedB32Be" runstate="Runnable" seed="1392248423" result="Passed" start-time="2026-04-22T21:09:32.3537725Z" end-time="2026-04-22T21:09:32.3537725Z" duration="0.000418" asserts="3" />
      </test-suite>
      <test-suite type="TestFixture" id="1-1028" name="SpecBitsUnalignedB32Le" fullname="Kaitai.SpecBitsUnalignedB32Le" classname="Kaitai.SpecBitsUnalignedB32Le" runstate="Runnable" testcasecount="1" result="Passed" start-time="2026-04-22T21:09:32.3537725Z" end-time="2026-04-22T21:09:32.3537725Z" duration="0.000477" total="1" passed="1" failed="0" warnings="0" inconclusive="0" skipped="0" asserts="3">
        <test-case id="1-1029" name="TestBitsUnalignedB32Le" fullname="Kaitai.SpecBitsUnalignedB32Le.TestBitsUnalignedB32Le" methodname="TestBitsUnalignedB32Le" classname="Kaitai.SpecBitsUnalignedB32Le" runstate="Runnable" seed="576742302" result="Passed" start-time="2026-04-22T21:09:32.3537725Z" end-time="2026-04-22T21:09:32.3537725Z" duration="0.000411" asserts="3" />
      </test-suite>
      <test-suite type="TestFixture" id="1-1030" name="SpecBitsUnalignedB64Be" fullname="Kaitai.SpecBitsUnalignedB64Be" classname="Kaitai.SpecBitsUnalignedB64Be" runstate="Runnable" testcasecount="1" result="Passed" start-time="2026-04-22T21:09:32.3537725Z" end-time="2026-04-22T21:09:32.3557867Z" duration="0.000505" total="1" passed="1" failed="0" warnings="0" inconclusive="0" skipped="0" asserts="3">
        <test-case id="1-1031" name="TestBitsUnalignedB64Be" fullname="Kaitai.SpecBitsUnalignedB64Be.TestBitsUnalignedB64Be" methodname="TestBitsUnalignedB64Be" classname="Kaitai.SpecBitsUnalignedB64Be" runstate="Runnable" seed="745609932" result="Passed" start-time="2026-04-22T21:09:32.3537725Z" end-time="2026-04-22T21:09:32.3557867Z" duration="0.000440" asserts="3" />
      </test-suite>
      <test-suite type="TestFixture" id="1-1032" name="SpecBitsUnalignedB64Le" fullname="Kaitai.SpecBitsUnalignedB64Le" classname="Kaitai.SpecBitsUnalignedB64Le" runstate="Runnable" testcasecount="1" result="Passed" start-time="2026-04-22T21:09:32.3557867Z" end-time="2026-04-22T21:09:32.3557867Z" duration="0.000483" total="1" passed="1" failed="0" warnings="0" inconclusive="0" skipped="0" asserts="3">
        <test-case id="1-1033" name="TestBitsUnalignedB64Le" fullname="Kaitai.SpecBitsUnalignedB64Le.TestBitsUnalignedB64Le" methodname="TestBitsUnalignedB64Le" classname="Kaitai.SpecBitsUnalignedB64Le" runstate="Runnable" seed="1289945426" result="Passed" start-time="2026-04-22T21:09:32.3557867Z" end-time="2026-04-22T21:09:32.3557867Z" duration="0.000413" asserts="3" />
      </test-suite>
      <test-suite type="TestFixture" id="1-1034" name="SpecBufferedStruct" fullname="Kaitai.SpecBufferedStruct" classname="Kaitai.SpecBufferedStruct" runstate="Runnable" testcasecount="1" result="Passed" start-time="2026-04-22T21:09:32.3557867Z" end-time="2026-04-22T21:09:32.3557867Z" duration="0.001219" total="1" passed="1" failed="0" warnings="0" inconclusive="0" skipped="0" asserts="7">
        <test-case id="1-1035" name="TestBufferedStruct" fullname="Kaitai.SpecBufferedStruct.TestBufferedStruct" methodname="TestBufferedStruct" classname="Kaitai.SpecBufferedStruct" runstate="Runnable" seed="1740187065" result="Passed" start-time="2026-04-22T21:09:32.3557867Z" end-time="2026-04-22T21:09:32.3557867Z" duration="0.001147" asserts="7" />
      </test-suite>
      <test-suite type="TestFixture" id="1-1036" name="SpecBytesPadTerm" fullname="Kaitai.SpecBytesPadTerm" classname="Kaitai.SpecBytesPadTerm" runstate="Runnable" testcasecount="1" result="Passed" start-time="2026-04-22T21:09:32.3557867Z" end-time="2026-04-22T21:09:32.4954614Z" duration="0.138176" total="1" passed="1" failed="0" warnings="0" inconclusive="0" skipped="0" asserts="4">
        <test-case id="1-1037" name="TestBytesPadTerm" fullname="Kaitai.SpecBytesPadTerm.TestBytesPadTerm" methodname="TestBytesPadTerm" classname="Kaitai.SpecBytesPadTerm" runstate="Runnable" seed="1573447432" result="Passed" start-time="2026-04-22T21:09:32.3578015Z" end-time="2026-04-22T21:09:32.4954614Z" duration="0.138082" asserts="4" />
      </test-suite>
      <test-suite type="TestFixture" id="1-1038" name="SpecCastNested" fullname="Kaitai.SpecCastNested" classname="Kaitai.SpecCastNested" runstate="Runnable" testcasecount="1" result="Passed" start-time="2026-04-22T21:09:32.4954614Z" end-time="2026-04-22T21:09:32.4974766Z" duration="0.002209" total="1" passed="1" failed="0" warnings="0" inconclusive="0" skipped="0" asserts="4">
        <test-case id="1-1039" name="TestCastNested" fullname="Kaitai.SpecCastNested.TestCastNested" methodname="TestCastNested" classname="Kaitai.SpecCastNested" runstate="Runnable" seed="1553287350" result="Passed" start-time="2026-04-22T21:09:32.4954614Z" end-time="2026-04-22T21:09:32.4974766Z" duration="0.002090" asserts="4" />
      </test-suite>
      <test-suite type="TestFixture" id="1-1040" name="SpecCastToTop" fullname="Kaitai.SpecCastToTop" classname="Kaitai.SpecCastToTop" runstate="Runnable" testcasecount="1" result="Passed" start-time="2026-04-22T21:09:32.4974766Z" end-time="2026-04-22T21:09:32.4974766Z" duration="0.001133" total="1" passed="1" failed="0" warnings="0" inconclusive="0" skipped="0" asserts="3">
        <test-case id="1-1041" name="TestCastToTop" fullname="Kaitai.SpecCastToTop.TestCastToTop" methodname="TestCastToTop" classname="Kaitai.SpecCastToTop" runstate="Runnable" seed="1249213971" result="Passed" start-time="2026-04-22T21:09:32.4974766Z" end-time="2026-04-22T21:09:32.4974766Z" duration="0.001035" asserts="3" />
      </test-suite>
      <test-suite type="TestFixture" id="1-1042" name="SpecCombineBool" fullname="Kaitai.SpecCombineBool" classname="Kaitai.SpecCombineBool" runstate="Runnable" testcasecount="1" result="Passed" start-time="2026-04-22T21:09:32.4974766Z" end-time="2026-04-22T21:09:32.4994987Z" duration="0.000818" total="1" passed="1" failed="0" warnings="0" inconclusive="0" skipped="0" asserts="2">
        <test-case id="1-1043" name="TestCombineBool" fullname="Kaitai.SpecCombineBool.TestCombineBool" methodname="TestCombineBool" classname="Kaitai.SpecCombineBool" runstate="Runnable" seed="1532005539" result="Passed" start-time="2026-04-22T21:09:32.4974766Z" end-time="2026-04-22T21:09:32.4994987Z" duration="0.000713" asserts="2" />
      </test-suite>
      <test-suite type="TestFixture" id="1-1044" name="SpecCombineBytes" fullname="Kaitai.SpecCombineBytes" classname="Kaitai.SpecCombineBytes" runstate="Runnable" testcasecount="1" result="Passed" start-time="2026-04-22T21:09:32.4994987Z" end-time="2026-04-22T21:09:32.5015107Z" duration="0.001706" total="1" passed="1" failed="0" warnings="0" inconclusive="0" skipped="0" asserts="10">
        <test-case id="1-1045" name="TestCombineBytes" fullname="Kaitai.SpecCombineBytes.TestCombineBytes" methodname="TestCombineBytes" classname="Kaitai.SpecCombineBytes" runstate="Runnable" seed="1945191395" result="Passed" start-time="2026-04-22T21:09:32.4994987Z" end-time="2026-04-22T21:09:32.5015107Z" duration="0.001620" asserts="10" />
      </test-suite>
      <test-suite type="TestFixture" id="1-1046" name="SpecCombineEnum" fullname="Kaitai.SpecCombineEnum" classname="Kaitai.SpecCombineEnum" runstate="Runnable" testcasecount="1" result="Passed" start-time="2026-04-22T21:09:32.5015107Z" end-time="2026-04-22T21:09:32.5015107Z" duration="0.000835" total="1" passed="1" failed="0" warnings="0" inconclusive="0" skipped="0" asserts="3">
        <test-case id="1-1047" name="TestCombineEnum" fullname="Kaitai.SpecCombineEnum.TestCombineEnum" methodname="TestCombineEnum" classname="Kaitai.SpecCombineEnum" runstate="Runnable" seed="728308672" result="Passed" start-time="2026-04-22T21:09:32.5015107Z" end-time="2026-04-22T21:09:32.5015107Z" duration="0.000725" asserts="3" />
      </test-suite>
      <test-suite type="TestFixture" id="1-1048" name="SpecCombineStr" fullname="Kaitai.SpecCombineStr" classname="Kaitai.SpecCombineStr" runstate="Runnable" testcasecount="1" result="Passed" start-time="2026-04-22T21:09:32.5015107Z" end-time="2026-04-22T21:09:32.5042860Z" duration="0.002046" total="1" passed="1" failed="0" warnings="0" inconclusive="0" skipped="0" asserts="15">
        <test-case id="1-1049" name="TestCombineStr" fullname="Kaitai.SpecCombineStr.TestCombineStr" methodname="TestCombineStr" classname="Kaitai.SpecCombineStr" runstate="Runnable" seed="356251848" result="Passed" start-time="2026-04-22T21:09:32.5015107Z" end-time="2026-04-22T21:09:32.5042860Z" duration="0.001955" asserts="15" />
      </test-suite>
      <test-suite type="TestFixture" id="1-1050" name="SpecDebug0" fullname="Kaitai.SpecDebug0" classname="Kaitai.SpecDebug0" runstate="Runnable" testcasecount="1" result="Passed" start-time="2026-04-22T21:09:32.5042860Z" end-time="2026-04-22T21:09:32.5055440Z" duration="0.000904" total="1" passed="1" failed="0" warnings="0" inconclusive="0" skipped="0" asserts="6">
        <test-case id="1-1051" name="TestDebug0" fullname="Kaitai.SpecDebug0.TestDebug0" methodname="TestDebug0" classname="Kaitai.SpecDebug0" runstate="Runnable" seed="1406422294" result="Passed" start-time="2026-04-22T21:09:32.5042860Z" end-time="2026-04-22T21:09:32.5055440Z" duration="0.000812" asserts="6" />
      </test-suite>
      <test-suite type="TestFixture" id="1-1052" name="SpecDebugArrayUser" fullname="Kaitai.SpecDebugArrayUser" classname="Kaitai.SpecDebugArrayUser" runstate="Runnable" testcasecount="1" result="Passed" start-time="2026-04-22T21:09:32.5055440Z" end-time="2026-04-22T21:09:32.5063025Z" duration="0.001068" total="1" passed="1" failed="0" warnings="0" inconclusive="0" skipped="0" asserts="5">
        <test-case id="1-1053" name="TestDebugArrayUser" fullname="Kaitai.SpecDebugArrayUser.TestDebugArrayUser" methodname="TestDebugArrayUser" classname="Kaitai.SpecDebugArrayUser" runstate="Runnable" seed="17038374" result="Passed" start-time="2026-04-22T21:09:32.5055440Z" end-time="2026-04-22T21:09:32.5063025Z" duration="0.000980" asserts="5" />
      </test-suite>
      <test-suite type="TestFixture" id="1-1054" name="SpecDebugArrayUserCurrentExcluded" fullname="Kaitai.SpecDebugArrayUserCurrentExcluded" classname="Kaitai.SpecDebugArrayUserCurrentExcluded" runstate="Runnable" testcasecount="1" result="Passed" start-time="2026-04-22T21:09:32.5063025Z" end-time="2026-04-22T21:09:32.5075644Z" duration="0.001053" total="1" passed="1" failed="0" warnings="0" inconclusive="0" skipped="0" asserts="3">
        <test-case id="1-1055" name="TestDebugArrayUserCurrentExcluded" fullname="Kaitai.SpecDebugArrayUserCurrentExcluded.TestDebugArrayUserCurrentExcluded" methodname="TestDebugArrayUserCurrentExcluded" classname="Kaitai.SpecDebugArrayUserCurrentExcluded" runstate="Runnable" seed="820622590" result="Passed" start-time="2026-04-22T21:09:32.5063025Z" end-time="2026-04-22T21:09:32.5075644Z" duration="0.000970" asserts="3" />
      </test-suite>
      <test-suite type="TestFixture" id="1-1056" name="SpecDebugArrayUserEofException" fullname="Kaitai.SpecDebugArrayUserEofException" classname="Kaitai.SpecDebugArrayUserEofException" runstate="Runnable" testcasecount="1" result="Passed" start-time="2026-04-22T21:09:32.5075644Z" end-time="2026-04-22T21:09:32.5194072Z" duration="0.012658" total="1" passed="1" failed="0" warnings="0" inconclusive="0" skipped="0" asserts="9">
        <test-case id="1-1057" name="TestDebugArrayUserEofException" fullname="Kaitai.SpecDebugArrayUserEofException.TestDebugArrayUserEofException" methodname="TestDebugArrayUserEofException" classname="Kaitai.SpecDebugArrayUserEofException" runstate="Runnable" seed="960050406" result="Passed" start-time="2026-04-22T21:09:32.5075644Z" end-time="2026-04-22T21:09:32.5194072Z" duration="0.012568" asserts="9" />
      </test-suite>
      <test-suite type="TestFixture" id="1-1058" name="SpecDebugSwitchUser" fullname="Kaitai.SpecDebugSwitchUser" classname="Kaitai.SpecDebugSwitchUser" runstate="Runnable" testcasecount="1" result="Passed" start-time="2026-04-22T21:09:32.5194072Z" end-time="2026-04-22T21:09:32.5214219Z" duration="0.001024" total="1" passed="1" failed="0" warnings="0" inconclusive="0" skipped="0" asserts="2">
        <test-case id="1-1059" name="TestDebugSwitchUser" fullname="Kaitai.SpecDebugSwitchUser.TestDebugSwitchUser" methodname="TestDebugSwitchUser" classname="Kaitai.SpecDebugSwitchUser" runstate="Runnable" seed="127361916" result="Passed" start-time="2026-04-22T21:09:32.5194072Z" end-time="2026-04-22T21:09:32.5214219Z" duration="0.000924" asserts="2" />
      </test-suite>
      <test-suite type="TestFixture" id="1-1060" name="SpecDefaultBigEndian" fullname="Kaitai.SpecDefaultBigEndian" classname="Kaitai.SpecDefaultBigEndian" runstate="Runnable" testcasecount="1" result="Passed" start-time="2026-04-22T21:09:32.5214219Z" end-time="2026-04-22T21:09:32.5214219Z" duration="0.000590" total="1" passed="1" failed="0" warnings="0" inconclusive="0" skipped="0" asserts="1">
        <test-case id="1-1061" name="TestDefaultBigEndian" fullname="Kaitai.SpecDefaultBigEndian.TestDefaultBigEndian" methodname="TestDefaultBigEndian" classname="Kaitai.SpecDefaultBigEndian" runstate="Runnable" seed="955576088" result="Passed" start-time="2026-04-22T21:09:32.5214219Z" end-time="2026-04-22T21:09:32.5214219Z" duration="0.000506" asserts="1" />
      </test-suite>
      <test-suite type="TestFixture" id="1-1062" name="SpecDefaultBitEndianMod" fullname="Kaitai.SpecDefaultBitEndianMod" classname="Kaitai.SpecDefaultBitEndianMod" runstate="Runnable" testcasecount="1" result="Passed" start-time="2026-04-22T21:09:32.5214219Z" end-time="2026-04-22T21:09:32.5214219Z" duration="0.001064" total="1" passed="1" failed="0" warnings="0" inconclusive="0" skipped="0" asserts="4">
        <test-case id="1-1063" name="TestDefaultBitEndianMod" fullname="Kaitai.SpecDefaultBitEndianMod.TestDefaultBitEndianMod" methodname="TestDefaultBitEndianMod" classname="Kaitai.SpecDefaultBitEndianMod" runstate="Runnable" seed="2051665307" result="Passed" start-time="2026-04-22T21:09:32.5214219Z" end-time="2026-04-22T21:09:32.5214219Z" duration="0.000970" asserts="4" />
      </test-suite>
      <test-suite type="TestFixture" id="1-1064" name="SpecDefaultEndianExprException" fullname="Kaitai.SpecDefaultEndianExprException" classname="Kaitai.SpecDefaultEndianExprException" runstate="Runnable" testcasecount="1" result="Passed" start-time="2026-04-22T21:09:32.5214219Z" end-time="2026-04-22T21:09:32.5234430Z" duration="0.001677" total="1" passed="1" failed="0" warnings="0" inconclusive="0" skipped="0" asserts="1">
        <test-case id="1-1065" name="TestDefaultEndianExprException" fullname="Kaitai.SpecDefaultEndianExprException.TestDefaultEndianExprException" methodname="TestDefaultEndianExprException" classname="Kaitai.SpecDefaultEndianExprException" runstate="Runnable" seed="1438389286" result="Passed" start-time="2026-04-22T21:09:32.5214219Z" end-time="2026-04-22T21:09:32.5234430Z" duration="0.001591" asserts="1" />
      </test-suite>
      <test-suite type="TestFixture" id="1-1066" name="SpecDefaultEndianExprInherited" fullname="Kaitai.SpecDefaultEndianExprInherited" classname="Kaitai.SpecDefaultEndianExprInherited" runstate="Runnable" testcasecount="1" result="Passed" start-time="2026-04-22T21:09:32.5234430Z" end-time="2026-04-22T21:09:32.5272180Z" duration="0.003990" total="1" passed="1" failed="0" warnings="0" inconclusive="0" skipped="0" asserts="15">
        <test-case id="1-1067" name="TestDefaultEndianExprInherited" fullname="Kaitai.SpecDefaultEndianExprInherited.TestDefaultEndianExprInherited" methodname="TestDefaultEndianExprInherited" classname="Kaitai.SpecDefaultEndianExprInherited" runstate="Runnable" seed="2080952207" result="Passed" start-time="2026-04-22T21:09:32.5234430Z" end-time="2026-04-22T21:09:32.5272180Z" duration="0.003897" asserts="15" />
      </test-suite>
      <test-suite type="TestFixture" id="1-1068" name="SpecDefaultEndianExprIsBe" fullname="Kaitai.SpecDefaultEndianExprIsBe" classname="Kaitai.SpecDefaultEndianExprIsBe" runstate="Runnable" testcasecount="1" result="Passed" start-time="2026-04-22T21:09:32.5272180Z" end-time="2026-04-22T21:09:32.5312426Z" duration="0.003095" total="1" passed="1" failed="0" warnings="0" inconclusive="0" skipped="0" asserts="18">
        <test-case id="1-1069" name="TestDefaultEndianExprIsBe" fullname="Kaitai.SpecDefaultEndianExprIsBe.TestDefaultEndianExprIsBe" methodname="TestDefaultEndianExprIsBe" classname="Kaitai.SpecDefaultEndianExprIsBe" runstate="Runnable" seed="165837200" result="Passed" start-time="2026-04-22T21:09:32.5272180Z" end-time="2026-04-22T21:09:32.5312426Z" duration="0.002994" asserts="18" />
      </test-suite>
      <test-suite type="TestFixture" id="1-1070" name="SpecDefaultEndianExprIsLe" fullname="Kaitai.SpecDefaultEndianExprIsLe" classname="Kaitai.SpecDefaultEndianExprIsLe" runstate="Runnable" testcasecount="1" result="Passed" start-time="2026-04-22T21:09:32.5312426Z" end-time="2026-04-22T21:09:32.5332622Z" duration="0.001994" total="1" passed="1" failed="0" warnings="0" inconclusive="0" skipped="0" asserts="12">
        <test-case id="1-1071" name="TestDefaultEndianExprIsLe" fullname="Kaitai.SpecDefaultEndianExprIsLe.TestDefaultEndianExprIsLe" methodname="TestDefaultEndianExprIsLe" classname="Kaitai.SpecDefaultEndianExprIsLe" runstate="Runnable" seed="256108411" result="Passed" start-time="2026-04-22T21:09:32.5312426Z" end-time="2026-04-22T21:09:32.5332622Z" duration="0.001906" asserts="12" />
      </test-suite>
      <test-suite type="TestFixture" id="1-1072" name="SpecDefaultEndianMod" fullname="Kaitai.SpecDefaultEndianMod" classname="Kaitai.SpecDefaultEndianMod" runstate="Runnable" testcasecount="1" result="Passed" start-time="2026-04-22T21:09:32.5332622Z" end-time="2026-04-22T21:09:32.5332622Z" duration="0.001035" total="1" passed="1" failed="0" warnings="0" inconclusive="0" skipped="0" asserts="3">
        <test-case id="1-1073" name="TestDefaultEndianMod" fullname="Kaitai.SpecDefaultEndianMod.TestDefaultEndianMod" methodname="TestDefaultEndianMod" classname="Kaitai.SpecDefaultEndianMod" runstate="Runnable" seed="899239177" result="Passed" start-time="2026-04-22T21:09:32.5332622Z" end-time="2026-04-22T21:09:32.5332622Z" duration="0.000950" asserts="3" />
      </test-suite>
      <test-suite type="TestFixture" id="1-1074" name="SpecDocstrings" fullname="Kaitai.SpecDocstrings" classname="Kaitai.SpecDocstrings" runstate="Runnable" testcasecount="1" result="Passed" start-time="2026-04-22T21:09:32.5332622Z" end-time="2026-04-22T21:09:32.5352777Z" duration="0.000472" total="1" passed="1" failed="0" warnings="0" inconclusive="0" skipped="0" asserts="0">
        <test-case id="1-1075" name="TestDocstrings" fullname="Kaitai.SpecDocstrings.TestDocstrings" methodname="TestDocstrings" classname="Kaitai.SpecDocstrings" runstate="Runnable" seed="209344736" result="Passed" start-time="2026-04-22T21:09:32.5332622Z" end-time="2026-04-22T21:09:32.5352777Z" duration="0.000390" asserts="0" />
      </test-suite>
      <test-suite type="TestFixture" id="1-1076" name="SpecDocstringsDocref" fullname="Kaitai.SpecDocstringsDocref" classname="Kaitai.SpecDocstringsDocref" runstate="Runnable" testcasecount="1" result="Passed" start-time="2026-04-22T21:09:32.5352777Z" end-time="2026-04-22T21:09:32.5352777Z" duration="0.000335" total="1" passed="1" failed="0" warnings="0" inconclusive="0" skipped="0" asserts="0">
        <test-case id="1-1077" name="TestDocstringsDocref" fullname="Kaitai.SpecDocstringsDocref.TestDocstringsDocref" methodname="TestDocstringsDocref" classname="Kaitai.SpecDocstringsDocref" runstate="Runnable" seed="1599553686" result="Passed" start-time="2026-04-22T21:09:32.5352777Z" end-time="2026-04-22T21:09:32.5352777Z" duration="0.000266" asserts="0" />
      </test-suite>
      <test-suite type="TestFixture" id="1-1078" name="SpecDocstringsDocrefMulti" fullname="Kaitai.SpecDocstringsDocrefMulti" classname="Kaitai.SpecDocstringsDocrefMulti" runstate="Runnable" testcasecount="1" result="Passed" start-time="2026-04-22T21:09:32.5352777Z" end-time="2026-04-22T21:09:32.5352777Z" duration="0.000278" total="1" passed="1" failed="0" warnings="0" inconclusive="0" skipped="0" asserts="0">
        <test-case id="1-1079" name="TestDocstringsDocrefMulti" fullname="Kaitai.SpecDocstringsDocrefMulti.TestDocstringsDocrefMulti" methodname="TestDocstringsDocrefMulti" classname="Kaitai.SpecDocstringsDocrefMulti" runstate="Runnable" seed="1192422537" result="Passed" start-time="2026-04-22T21:09:32.5352777Z" end-time="2026-04-22T21:09:32.5352777Z" duration="0.000210" asserts="0" />
      </test-suite>
      <test-suite type="TestFixture" id="1-1080" name="SpecEnum0" fullname="Kaitai.SpecEnum0" classname="Kaitai.SpecEnum0" runstate="Runnable" testcasecount="1" result="Passed" start-time="2026-04-22T21:09:32.5352777Z" end-time="2026-04-22T21:09:32.5352777Z" duration="0.000404" total="1" passed="1" failed="0" warnings="0" inconclusive="0" skipped="0" asserts="2">
        <test-case id="1-1081" name="TestEnum0" fullname="Kaitai.SpecEnum0.TestEnum0" methodname="TestEnum0" classname="Kaitai.SpecEnum0" runstate="Runnable" seed="1306642488" result="Passed" start-time="2026-04-22T21:09:32.5352777Z" end-time="2026-04-22T21:09:32.5352777Z" duration="0.000342" asserts="2" />
      </test-suite>
      <test-suite type="TestFixture" id="1-1082" name="SpecEnum1" fullname="Kaitai.SpecEnum1" classname="Kaitai.SpecEnum1" runstate="Runnable" testcasecount="1" result="Passed" start-time="2026-04-22T21:09:32.5352777Z" end-time="2026-04-22T21:09:32.5352777Z" duration="0.000587" total="1" passed="1" failed="0" warnings="0" inconclusive="0" skipped="0" asserts="2">
        <test-case id="1-1083" name="TestEnum1" fullname="Kaitai.SpecEnum1.TestEnum1" methodname="TestEnum1" classname="Kaitai.SpecEnum1" runstate="Runnable" seed="987093177" result="Passed" start-time="2026-04-22T21:09:32.5352777Z" end-time="2026-04-22T21:09:32.5352777Z" duration="0.000522" asserts="2" />
      </test-suite>
      <test-suite type="TestFixture" id="1-1084" name="SpecEnumDeep" fullname="Kaitai.SpecEnumDeep" classname="Kaitai.SpecEnumDeep" runstate="Runnable" testcasecount="1" result="Passed" start-time="2026-04-22T21:09:32.5352777Z" end-time="2026-04-22T21:09:32.5372964Z" duration="0.000464" total="1" passed="1" failed="0" warnings="0" inconclusive="0" skipped="0" asserts="2">
        <test-case id="1-1085" name="TestEnumDeep" fullname="Kaitai.SpecEnumDeep.TestEnumDeep" methodname="TestEnumDeep" classname="Kaitai.SpecEnumDeep" runstate="Runnable" seed="502347244" result="Passed" start-time="2026-04-22T21:09:32.5352777Z" end-time="2026-04-22T21:09:32.5372964Z" duration="0.000401" asserts="2" />
      </test-suite>
      <test-suite type="TestFixture" id="1-1086" name="SpecEnumDeepLiterals" fullname="Kaitai.SpecEnumDeepLiterals" classname="Kaitai.SpecEnumDeepLiterals" runstate="Runnable" testcasecount="1" result="Passed" start-time="2026-04-22T21:09:32.5372964Z" end-time="2026-04-22T21:09:32.5372964Z" duration="0.000546" total="1" passed="1" failed="0" warnings="0" inconclusive="0" skipped="0" asserts="2">
        <test-case id="1-1087" name="TestEnumDeepLiterals" fullname="Kaitai.SpecEnumDeepLiterals.TestEnumDeepLiterals" methodname="TestEnumDeepLiterals" classname="Kaitai.SpecEnumDeepLiterals" runstate="Runnable" seed="1906454536" result="Passed" start-time="2026-04-22T21:09:32.5372964Z" end-time="2026-04-22T21:09:32.5372964Z" duration="0.000477" asserts="2" />
      </test-suite>
      <test-suite type="TestFixture" id="1-1088" name="SpecEnumFancy" fullname="Kaitai.SpecEnumFancy" classname="Kaitai.SpecEnumFancy" runstate="Runnable" testcasecount="1" result="Passed" start-time="2026-04-22T21:09:32.5372964Z" end-time="2026-04-22T21:09:32.5372964Z" duration="0.000410" total="1" passed="1" failed="0" warnings="0" inconclusive="0" skipped="0" asserts="2">
        <test-case id="1-1089" name="TestEnumFancy" fullname="Kaitai.SpecEnumFancy.TestEnumFancy" methodname="TestEnumFancy" classname="Kaitai.SpecEnumFancy" runstate="Runnable" seed="783481116" result="Passed" start-time="2026-04-22T21:09:32.5372964Z" end-time="2026-04-22T21:09:32.5372964Z" duration="0.000342" asserts="2" />
      </test-suite>
      <test-suite type="TestFixture" id="1-1090" name="SpecEnumIf" fullname="Kaitai.SpecEnumIf" classname="Kaitai.SpecEnumIf" runstate="Runnable" testcasecount="1" result="Passed" start-time="2026-04-22T21:09:32.5372964Z" end-time="2026-04-22T21:09:32.5393146Z" duration="0.001034" total="1" passed="1" failed="0" warnings="0" inconclusive="0" skipped="0" asserts="7">
        <test-case id="1-1091" name="TestEnumIf" fullname="Kaitai.SpecEnumIf.TestEnumIf" methodname="TestEnumIf" classname="Kaitai.SpecEnumIf" runstate="Runnable" seed="1697836881" result="Passed" start-time="2026-04-22T21:09:32.5372964Z" end-time="2026-04-22T21:09:32.5393146Z" duration="0.000970" asserts="7" />
      </test-suite>
      <test-suite type="TestFixture" id="1-1092" name="SpecEnumImportLiterals" fullname="Kaitai.SpecEnumImportLiterals" classname="Kaitai.SpecEnumImportLiterals" runstate="Runnable" testcasecount="1" result="Passed" start-time="2026-04-22T21:09:32.5393146Z" end-time="2026-04-22T21:09:32.5393146Z" duration="0.000473" total="1" passed="1" failed="0" warnings="0" inconclusive="0" skipped="0" asserts="3">
        <test-case id="1-1093" name="TestEnumImportLiterals" fullname="Kaitai.SpecEnumImportLiterals.TestEnumImportLiterals" methodname="TestEnumImportLiterals" classname="Kaitai.SpecEnumImportLiterals" runstate="Runnable" seed="753326877" result="Passed" start-time="2026-04-22T21:09:32.5393146Z" end-time="2026-04-22T21:09:32.5393146Z" duration="0.000408" asserts="3" />
      </test-suite>
      <test-suite type="TestFixture" id="1-1094" name="SpecEnumImportSeq" fullname="Kaitai.SpecEnumImportSeq" classname="Kaitai.SpecEnumImportSeq" runstate="Runnable" testcasecount="1" result="Passed" start-time="2026-04-22T21:09:32.5393146Z" end-time="2026-04-22T21:09:32.5393146Z" duration="0.000384" total="1" passed="1" failed="0" warnings="0" inconclusive="0" skipped="0" asserts="2">
        <test-case id="1-1095" name="TestEnumImportSeq" fullname="Kaitai.SpecEnumImportSeq.TestEnumImportSeq" methodname="TestEnumImportSeq" classname="Kaitai.SpecEnumImportSeq" runstate="Runnable" seed="934088048" result="Passed" start-time="2026-04-22T21:09:32.5393146Z" end-time="2026-04-22T21:09:32.5393146Z" duration="0.000318" asserts="2" />
      </test-suite>
      <test-suite type="TestFixture" id="1-1096" name="SpecEnumIntRangeS" fullname="Kaitai.SpecEnumIntRangeS" classname="Kaitai.SpecEnumIntRangeS" runstate="Runnable" testcasecount="1" result="Passed" start-time="2026-04-22T21:09:32.5393146Z" end-time="2026-04-22T21:09:32.5393146Z" duration="0.000453" total="1" passed="1" failed="0" warnings="0" inconclusive="0" skipped="0" asserts="3">
        <test-case id="1-1097" name="TestEnumIntRangeS" fullname="Kaitai.SpecEnumIntRangeS.TestEnumIntRangeS" methodname="TestEnumIntRangeS" classname="Kaitai.SpecEnumIntRangeS" runstate="Runnable" seed="1516138798" result="Passed" start-time="2026-04-22T21:09:32.5393146Z" end-time="2026-04-22T21:09:32.5393146Z" duration="0.000390" asserts="3" />
      </test-suite>
      <test-suite type="TestFixture" id="1-1098" name="SpecEnumInvalid" fullname="Kaitai.SpecEnumInvalid" classname="Kaitai.SpecEnumInvalid" runstate="Runnable" testcasecount="1" result="Passed" start-time="2026-04-22T21:09:32.5393146Z" end-time="2026-04-22T21:09:32.5410781Z" duration="0.000535" total="1" passed="1" failed="0" warnings="0" inconclusive="0" skipped="0" asserts="2">
        <test-case id="1-1099" name="TestEnumInvalid" fullname="Kaitai.SpecEnumInvalid.TestEnumInvalid" methodname="TestEnumInvalid" classname="Kaitai.SpecEnumInvalid" runstate="Runnable" seed="2036344857" result="Passed" start-time="2026-04-22T21:09:32.5410781Z" end-time="2026-04-22T21:09:32.5410781Z" duration="0.000383" asserts="2" />
      </test-suite>
      <test-suite type="TestFixture" id="1-1100" name="SpecEnumNegative" fullname="Kaitai.SpecEnumNegative" classname="Kaitai.SpecEnumNegative" runstate="Runnable" testcasecount="1" result="Passed" start-time="2026-04-22T21:09:32.5410781Z" end-time="2026-04-22T21:09:32.5410781Z" duration="0.000412" total="1" passed="1" failed="0" warnings="0" inconclusive="0" skipped="0" asserts="2">
        <test-case id="1-1101" name="TestEnumNegative" fullname="Kaitai.SpecEnumNegative.TestEnumNegative" methodname="TestEnumNegative" classname="Kaitai.SpecEnumNegative" runstate="Runnable" seed="765542654" result="Passed" start-time="2026-04-22T21:09:32.5410781Z" end-time="2026-04-22T21:09:32.5410781Z" duration="0.000349" asserts="2" />
      </test-suite>
      <test-suite type="TestFixture" id="1-1102" name="SpecEnumOfValueInst" fullname="Kaitai.SpecEnumOfValueInst" classname="Kaitai.SpecEnumOfValueInst" runstate="Runnable" testcasecount="1" result="Passed" start-time="2026-04-22T21:09:32.5410781Z" end-time="2026-04-22T21:09:32.5410781Z" duration="0.000547" total="1" passed="1" failed="0" warnings="0" inconclusive="0" skipped="0" asserts="4">
        <test-case id="1-1103" name="TestEnumOfValueInst" fullname="Kaitai.SpecEnumOfValueInst.TestEnumOfValueInst" methodname="TestEnumOfValueInst" classname="Kaitai.SpecEnumOfValueInst" runstate="Runnable" seed="2091591612" result="Passed" start-time="2026-04-22T21:09:32.5410781Z" end-time="2026-04-22T21:09:32.5410781Z" duration="0.000473" asserts="4" />
      </test-suite>
      <test-suite type="TestFixture" id="1-1104" name="SpecEnumToI" fullname="Kaitai.SpecEnumToI" classname="Kaitai.SpecEnumToI" runstate="Runnable" testcasecount="1" result="Passed" start-time="2026-04-22T21:09:32.5410781Z" end-time="2026-04-22T21:09:32.5431013Z" duration="0.000863" total="1" passed="1" failed="0" warnings="0" inconclusive="0" skipped="0" asserts="8">
        <test-case id="1-1105" name="TestEnumToI" fullname="Kaitai.SpecEnumToI.TestEnumToI" methodname="TestEnumToI" classname="Kaitai.SpecEnumToI" runstate="Runnable" seed="698698373" result="Passed" start-time="2026-04-22T21:09:32.5410781Z" end-time="2026-04-22T21:09:32.5431013Z" duration="0.000797" asserts="8" />
      </test-suite>
      <test-suite type="TestFixture" id="1-1106" name="SpecEnumToIClassBorder1" fullname="Kaitai.SpecEnumToIClassBorder1" classname="Kaitai.SpecEnumToIClassBorder1" runstate="Runnable" testcasecount="1" result="Passed" start-time="2026-04-22T21:09:32.5431013Z" end-time="2026-04-22T21:09:32.5431013Z" duration="0.000708" total="1" passed="1" failed="0" warnings="0" inconclusive="0" skipped="0" asserts="3">
        <test-case id="1-1107" name="TestEnumToIClassBorder1" fullname="Kaitai.SpecEnumToIClassBorder1.TestEnumToIClassBorder1" methodname="TestEnumToIClassBorder1" classname="Kaitai.SpecEnumToIClassBorder1" runstate="Runnable" seed="1623601521" result="Passed" start-time="2026-04-22T21:09:32.5431013Z" end-time="2026-04-22T21:09:32.5431013Z" duration="0.000641" asserts="3" />
      </test-suite>
      <test-suite type="TestFixture" id="1-1108" name="SpecEnumToIInvalid" fullname="Kaitai.SpecEnumToIInvalid" classname="Kaitai.SpecEnumToIInvalid" runstate="Runnable" testcasecount="1" result="Passed" start-time="2026-04-22T21:09:32.5431013Z" end-time="2026-04-22T21:09:32.5431013Z" duration="0.000786" total="1" passed="1" failed="0" warnings="0" inconclusive="0" skipped="0" asserts="8">
        <test-case id="1-1109" name="TestEnumToIInvalid" fullname="Kaitai.SpecEnumToIInvalid.TestEnumToIInvalid" methodname="TestEnumToIInvalid" classname="Kaitai.SpecEnumToIInvalid" runstate="Runnable" seed="1655640430" result="Passed" start-time="2026-04-22T21:09:32.5431013Z" end-time="2026-04-22T21:09:32.5431013Z" duration="0.000720" asserts="8" />
      </test-suite>
      <test-suite type="TestFixture" id="1-1110" name="SpecEofExceptionBytes" fullname="Kaitai.SpecEofExceptionBytes" classname="Kaitai.SpecEofExceptionBytes" runstate="Runnable" testcasecount="1" result="Passed" start-time="2026-04-22T21:09:32.5431013Z" end-time="2026-04-22T21:09:32.5451257Z" duration="0.000528" total="1" passed="1" failed="0" warnings="0" inconclusive="0" skipped="0" asserts="1">
        <test-case id="1-1111" name="TestEofExceptionBytes" fullname="Kaitai.SpecEofExceptionBytes.TestEofExceptionBytes" methodname="TestEofExceptionBytes" classname="Kaitai.SpecEofExceptionBytes" runstate="Runnable" seed="199609846" result="Passed" start-time="2026-04-22T21:09:32.5431013Z" end-time="2026-04-22T21:09:32.5451257Z" duration="0.000460" asserts="1" />
      </test-suite>
      <test-suite type="TestFixture" id="1-1112" name="SpecEofExceptionSized" fullname="Kaitai.SpecEofExceptionSized" classname="Kaitai.SpecEofExceptionSized" runstate="Runnable" testcasecount="1" result="Passed" start-time="2026-04-22T21:09:32.5451257Z" end-time="2026-04-22T21:09:32.5451257Z" duration="0.000450" total="1" passed="1" failed="0" warnings="0" inconclusive="0" skipped="0" asserts="1">
        <test-case id="1-1113" name="TestEofExceptionSized" fullname="Kaitai.SpecEofExceptionSized.TestEofExceptionSized" methodname="TestEofExceptionSized" classname="Kaitai.SpecEofExceptionSized" runstate="Runnable" seed="495600643" result="Passed" start-time="2026-04-22T21:09:32.5451257Z" end-time="2026-04-22T21:09:32.5451257Z" duration="0.000379" asserts="1" />
      </test-suite>
      <test-suite type="TestFixture" id="1-1114" name="SpecEofExceptionSwitchUser" fullname="Kaitai.SpecEofExceptionSwitchUser" classname="Kaitai.SpecEofExceptionSwitchUser" runstate="Runnable" testcasecount="1" result="Passed" start-time="2026-04-22T21:09:32.5451257Z" end-time="2026-04-22T21:09:32.5451257Z" duration="0.000534" total="1" passed="1" failed="0" warnings="0" inconclusive="0" skipped="0" asserts="1">
        <test-case id="1-1115" name="TestEofExceptionSwitchUser" fullname="Kaitai.SpecEofExceptionSwitchUser.TestEofExceptionSwitchUser" methodname="TestEofExceptionSwitchUser" classname="Kaitai.SpecEofExceptionSwitchUser" runstate="Runnable" seed="377371505" result="Passed" start-time="2026-04-22T21:09:32.5451257Z" end-time="2026-04-22T21:09:32.5451257Z" duration="0.000463" asserts="1" />
      </test-suite>
      <test-suite type="TestFixture" id="1-1116" name="SpecEofExceptionU4" fullname="Kaitai.SpecEofExceptionU4" classname="Kaitai.SpecEofExceptionU4" runstate="Runnable" testcasecount="1" result="Passed" start-time="2026-04-22T21:09:32.5451257Z" end-time="2026-04-22T21:09:32.5451257Z" duration="0.000405" total="1" passed="1" failed="0" warnings="0" inconclusive="0" skipped="0" asserts="1">
        <test-case id="1-1117" name="TestEofExceptionU4" fullname="Kaitai.SpecEofExceptionU4.TestEofExceptionU4" methodname="TestEofExceptionU4" classname="Kaitai.SpecEofExceptionU4" runstate="Runnable" seed="1831304691" result="Passed" start-time="2026-04-22T21:09:32.5451257Z" end-time="2026-04-22T21:09:32.5451257Z" duration="0.000334" asserts="1" />
      </test-suite>
      <test-suite type="TestFixture" id="1-1118" name="SpecEosExceptionBytes" fullname="Kaitai.SpecEosExceptionBytes" classname="Kaitai.SpecEosExceptionBytes" runstate="Runnable" testcasecount="1" result="Passed" start-time="2026-04-22T21:09:32.5451257Z" end-time="2026-04-22T21:09:32.5471488Z" duration="0.000538" total="1" passed="1" failed="0" warnings="0" inconclusive="0" skipped="0" asserts="1">
        <test-case id="1-1119" name="TestEosExceptionBytes" fullname="Kaitai.SpecEosExceptionBytes.TestEosExceptionBytes" methodname="TestEosExceptionBytes" classname="Kaitai.SpecEosExceptionBytes" runstate="Runnable" seed="1283362051" result="Passed" start-time="2026-04-22T21:09:32.5451257Z" end-time="2026-04-22T21:09:32.5471488Z" duration="0.000467" asserts="1" />
      </test-suite>
      <test-suite type="TestFixture" id="1-1120" name="SpecEosExceptionSized" fullname="Kaitai.SpecEosExceptionSized" classname="Kaitai.SpecEosExceptionSized" runstate="Runnable" testcasecount="1" result="Passed" start-time="2026-04-22T21:09:32.5471488Z" end-time="2026-04-22T21:09:32.5471488Z" duration="0.000495" total="1" passed="1" failed="0" warnings="0" inconclusive="0" skipped="0" asserts="1">
        <test-case id="1-1121" name="TestEosExceptionSized" fullname="Kaitai.SpecEosExceptionSized.TestEosExceptionSized" methodname="TestEosExceptionSized" classname="Kaitai.SpecEosExceptionSized" runstate="Runnable" seed="455409358" result="Passed" start-time="2026-04-22T21:09:32.5471488Z" end-time="2026-04-22T21:09:32.5471488Z" duration="0.000426" asserts="1" />
      </test-suite>
      <test-suite type="TestFixture" id="1-1122" name="SpecEosExceptionU4" fullname="Kaitai.SpecEosExceptionU4" classname="Kaitai.SpecEosExceptionU4" runstate="Runnable" testcasecount="1" result="Passed" start-time="2026-04-22T21:09:32.5471488Z" end-time="2026-04-22T21:09:32.5471488Z" duration="0.000475" total="1" passed="1" failed="0" warnings="0" inconclusive="0" skipped="0" asserts="1">
        <test-case id="1-1123" name="TestEosExceptionU4" fullname="Kaitai.SpecEosExceptionU4.TestEosExceptionU4" methodname="TestEosExceptionU4" classname="Kaitai.SpecEosExceptionU4" runstate="Runnable" seed="1991845195" result="Passed" start-time="2026-04-22T21:09:32.5471488Z" end-time="2026-04-22T21:09:32.5471488Z" duration="0.000406" asserts="1" />
      </test-suite>
      <test-suite type="TestFixture" id="1-1124" name="SpecExpr0" fullname="Kaitai.SpecExpr0" classname="Kaitai.SpecExpr0" runstate="Runnable" testcasecount="1" result="Passed" start-time="2026-04-22T21:09:32.5471488Z" end-time="2026-04-22T21:09:32.5471488Z" duration="0.000428" total="1" passed="1" failed="0" warnings="0" inconclusive="0" skipped="0" asserts="2">
        <test-case id="1-1125" name="TestExpr0" fullname="Kaitai.SpecExpr0.TestExpr0" methodname="TestExpr0" classname="Kaitai.SpecExpr0" runstate="Runnable" seed="1925609719" result="Passed" start-time="2026-04-22T21:09:32.5471488Z" end-time="2026-04-22T21:09:32.5471488Z" duration="0.000360" asserts="2" />
      </test-suite>
      <test-suite type="TestFixture" id="1-1126" name="SpecExpr1" fullname="Kaitai.SpecExpr1" classname="Kaitai.SpecExpr1" runstate="Runnable" testcasecount="1" result="Passed" start-time="2026-04-22T21:09:32.5471488Z" end-time="2026-04-22T21:09:32.5491558Z" duration="0.000613" total="1" passed="1" failed="0" warnings="0" inconclusive="0" skipped="0" asserts="4">
        <test-case id="1-1127" name="TestExpr1" fullname="Kaitai.SpecExpr1.TestExpr1" methodname="TestExpr1" classname="Kaitai.SpecExpr1" runstate="Runnable" seed="962105569" result="Passed" start-time="2026-04-22T21:09:32.5471488Z" end-time="2026-04-22T21:09:32.5491558Z" duration="0.000547" asserts="4" />
      </test-suite>
      <test-suite type="TestFixture" id="1-1128" name="SpecExpr2" fullname="Kaitai.SpecExpr2" classname="Kaitai.SpecExpr2" runstate="Runnable" testcasecount="1" result="Passed" start-time="2026-04-22T21:09:32.5491558Z" end-time="2026-04-22T21:09:32.5491558Z" duration="0.001654" total="1" passed="1" failed="0" warnings="0" inconclusive="0" skipped="0" asserts="17">
        <test-case id="1-1129" name="TestExpr2" fullname="Kaitai.SpecExpr2.TestExpr2" methodname="TestExpr2" classname="Kaitai.SpecExpr2" runstate="Runnable" seed="796339103" result="Passed" start-time="2026-04-22T21:09:32.5491558Z" end-time="2026-04-22T21:09:32.5491558Z" duration="0.001580" asserts="17" />
      </test-suite>
      <test-suite type="TestFixture" id="1-1130" name="SpecExpr3" fullname="Kaitai.SpecExpr3" classname="Kaitai.SpecExpr3" runstate="Runnable" testcasecount="1" result="Passed" start-time="2026-04-22T21:09:32.5491558Z" end-time="2026-04-22T21:09:32.5511707Z" duration="0.001201" total="1" passed="1" failed="0" warnings="0" inconclusive="0" skipped="0" asserts="12">
        <test-case id="1-1131" name="TestExpr3" fullname="Kaitai.SpecExpr3.TestExpr3" methodname="TestExpr3" classname="Kaitai.SpecExpr3" runstate="Runnable" seed="830780441" result="Passed" start-time="2026-04-22T21:09:32.5511707Z" end-time="2026-04-22T21:09:32.5511707Z" duration="0.001111" asserts="12" />
      </test-suite>
      <test-suite type="TestFixture" id="1-1132" name="SpecExprArray" fullname="Kaitai.SpecExprArray" classname="Kaitai.SpecExprArray" runstate="Runnable" testcasecount="1" result="Passed" start-time="2026-04-22T21:09:32.5511707Z" end-time="2026-04-22T21:09:32.7385812Z" duration="0.186506" total="1" passed="1" failed="0" warnings="0" inconclusive="0" skipped="0" asserts="15">
        <test-case id="1-1133" name="TestExprArray" fullname="Kaitai.SpecExprArray.TestExprArray" methodname="TestExprArray" classname="Kaitai.SpecExprArray" runstate="Runnable" seed="266235365" result="Passed" start-time="2026-04-22T21:09:32.5511707Z" end-time="2026-04-22T21:09:32.7385812Z" duration="0.186421" asserts="15" />
      </test-suite>
      <test-suite type="TestFixture" id="1-1134" name="SpecExprBytesCmp" fullname="Kaitai.SpecExprBytesCmp" classname="Kaitai.SpecExprBytesCmp" runstate="Runnable" testcasecount="1" result="Passed" start-time="2026-04-22T21:09:32.7385812Z" end-time="2026-04-22T21:09:32.7410061Z" duration="0.003250" total="1" passed="1" failed="0" warnings="0" inconclusive="0" skipped="0" asserts="10">
        <test-case id="1-1135" name="TestExprBytesCmp" fullname="Kaitai.SpecExprBytesCmp.TestExprBytesCmp" methodname="TestExprBytesCmp" classname="Kaitai.SpecExprBytesCmp" runstate="Runnable" seed="748886516" result="Passed" start-time="2026-04-22T21:09:32.7389860Z" end-time="2026-04-22T21:09:32.7410061Z" duration="0.003131" asserts="10" />
      </test-suite>
      <test-suite type="TestFixture" id="1-1136" name="SpecExprBytesNonLiteral" fullname="Kaitai.SpecExprBytesNonLiteral" classname="Kaitai.SpecExprBytesNonLiteral" runstate="Runnable" testcasecount="1" result="Passed" start-time="2026-04-22T21:09:32.7410061Z" end-time="2026-04-22T21:09:32.7426112Z" duration="0.000808" total="1" passed="1" failed="0" warnings="0" inconclusive="0" skipped="0" asserts="3">
        <test-case id="1-1137" name="TestExprBytesNonLiteral" fullname="Kaitai.SpecExprBytesNonLiteral.TestExprBytesNonLiteral" methodname="TestExprBytesNonLiteral" classname="Kaitai.SpecExprBytesNonLiteral" runstate="Runnable" seed="39856647" result="Passed" start-time="2026-04-22T21:09:32.7410061Z" end-time="2026-04-22T21:09:32.7426112Z" duration="0.000709" asserts="3" />
      </test-suite>
      <test-suite type="TestFixture" id="1-1138" name="SpecExprBytesOps" fullname="Kaitai.SpecExprBytesOps" classname="Kaitai.SpecExprBytesOps" runstate="Runnable" testcasecount="1" result="Passed" start-time="2026-04-22T21:09:32.7426112Z" end-time="2026-04-22T21:09:32.7450403Z" duration="0.003311" total="1" passed="1" failed="0" warnings="0" inconclusive="0" skipped="0" asserts="16">
        <test-case id="1-1139" name="TestExprBytesOps" fullname="Kaitai.SpecExprBytesOps.TestExprBytesOps" methodname="TestExprBytesOps" classname="Kaitai.SpecExprBytesOps" runstate="Runnable" seed="220492094" result="Passed" start-time="2026-04-22T21:09:32.7430241Z" end-time="2026-04-22T21:09:32.7450403Z" duration="0.003188" asserts="16" />
      </test-suite>
      <test-suite type="TestFixture" id="1-1140" name="SpecExprCalcArrayOps" fullname="Kaitai.SpecExprCalcArrayOps" classname="Kaitai.SpecExprCalcArrayOps" runstate="Runnable" testcasecount="1" result="Passed" start-time="2026-04-22T21:09:32.7450403Z" end-time="2026-04-22T21:09:32.7489643Z" duration="0.003295" total="1" passed="1" failed="0" warnings="0" inconclusive="0" skipped="0" asserts="18">
        <test-case id="1-1141" name="TestExprCalcArrayOps" fullname="Kaitai.SpecExprCalcArrayOps.TestExprCalcArrayOps" methodname="TestExprCalcArrayOps" classname="Kaitai.SpecExprCalcArrayOps" runstate="Runnable" seed="666560694" result="Passed" start-time="2026-04-22T21:09:32.7450403Z" end-time="2026-04-22T21:09:32.7489643Z" duration="0.003198" asserts="18" />
      </test-suite>
      <test-suite type="TestFixture" id="1-1142" name="SpecExprEnum" fullname="Kaitai.SpecExprEnum" classname="Kaitai.SpecExprEnum" runstate="Runnable" testcasecount="1" result="Passed" start-time="2026-04-22T21:09:32.7489643Z" end-time="2026-04-22T21:09:32.7489643Z" duration="0.000663" total="1" passed="1" failed="0" warnings="0" inconclusive="0" skipped="0" asserts="3">
        <test-case id="1-1143" name="TestExprEnum" fullname="Kaitai.SpecExprEnum.TestExprEnum" methodname="TestExprEnum" classname="Kaitai.SpecExprEnum" runstate="Runnable" seed="1603783603" result="Passed" start-time="2026-04-22T21:09:32.7489643Z" end-time="2026-04-22T21:09:32.7489643Z" duration="0.000585" asserts="3" />
      </test-suite>
      <test-suite type="TestFixture" id="1-1144" name="SpecExprFstring0" fullname="Kaitai.SpecExprFstring0" classname="Kaitai.SpecExprFstring0" runstate="Runnable" testcasecount="1" result="Passed" start-time="2026-04-22T21:09:32.7489643Z" end-time="2026-04-22T21:09:32.7509789Z" duration="0.001268" total="1" passed="1" failed="0" warnings="0" inconclusive="0" skipped="0" asserts="9">
        <test-case id="1-1145" name="TestExprFstring0" fullname="Kaitai.SpecExprFstring0.TestExprFstring0" methodname="TestExprFstring0" classname="Kaitai.SpecExprFstring0" runstate="Runnable" seed="1621683001" result="Passed" start-time="2026-04-22T21:09:32.7489643Z" end-time="2026-04-22T21:09:32.7509789Z" duration="0.001193" asserts="9" />
      </test-suite>
      <test-suite type="TestFixture" id="1-1146" name="SpecExprIntDiv" fullname="Kaitai.SpecExprIntDiv" classname="Kaitai.SpecExprIntDiv" runstate="Runnable" testcasecount="1" result="Failed" site="Child" start-time="2026-04-22T21:09:32.7509789Z" end-time="2026-04-22T21:09:38.7389678Z" duration="5.987851" total="1" passed="0" failed="1" warnings="0" inconclusive="0" skipped="0" asserts="4">
        <failure>
          <message><![CDATA[One or more child tests had errors]]></message>
        </failure>
        <test-case id="1-1147" name="TestExprIntDiv" fullname="Kaitai.SpecExprIntDiv.TestExprIntDiv" methodname="TestExprIntDiv" classname="Kaitai.SpecExprIntDiv" runstate="Runnable" seed="918666581" result="Failed" start-time="2026-04-22T21:09:32.7509789Z" end-time="2026-04-22T21:09:38.7389678Z" duration="5.987649" asserts="4">
          <failure>
            <message><![CDATA[  Expected: -756
  But was:  -757
]]></message>
            <stack-trace><![CDATA[   at Kaitai.SpecExprIntDiv.TestExprIntDiv() in D:\a\ci_targets\ci_targets\tests\spec\csharp\kaitai_struct_csharp_tests\tests\SpecExprIntDiv.cs:line 18
]]></stack-trace>
          </failure>
          <assertions>
            <assertion result="Failed">
              <message><![CDATA[  Expected: -756
  But was:  -757
]]></message>
              <stack-trace><![CDATA[   at Kaitai.SpecExprIntDiv.TestExprIntDiv() in D:\a\ci_targets\ci_targets\tests\spec\csharp\kaitai_struct_csharp_tests\tests\SpecExprIntDiv.cs:line 18
]]></stack-trace>
            </assertion>
          </assertions>
        </test-case>
      </test-suite>
      <test-suite type="TestFixture" id="1-1148" name="SpecExprIoEof" fullname="Kaitai.SpecExprIoEof" classname="Kaitai.SpecExprIoEof" runstate="Runnable" testcasecount="1" result="Passed" start-time="2026-04-22T21:09:38.7389678Z" end-time="2026-04-22T21:09:38.7417350Z" duration="0.002247" total="1" passed="1" failed="0" warnings="0" inconclusive="0" skipped="0" asserts="4">
        <test-case id="1-1149" name="TestExprIoEof" fullname="Kaitai.SpecExprIoEof.TestExprIoEof" methodname="TestExprIoEof" classname="Kaitai.SpecExprIoEof" runstate="Runnable" seed="1429443413" result="Passed" start-time="2026-04-22T21:09:38.7397248Z" end-time="2026-04-22T21:09:38.7417350Z" duration="0.002088" asserts="4" />
      </test-suite>
      <test-suite type="TestFixture" id="1-1150" name="SpecExprIoPos" fullname="Kaitai.SpecExprIoPos" classname="Kaitai.SpecExprIoPos" runstate="Runnable" testcasecount="1" result="Passed" start-time="2026-04-22T21:09:38.7417350Z" end-time="2026-04-22T21:09:38.7430060Z" duration="0.001629" total="1" passed="1" failed="0" warnings="0" inconclusive="0" skipped="0" asserts="6">
        <test-case id="1-1151" name="TestExprIoPos" fullname="Kaitai.SpecExprIoPos.TestExprIoPos" methodname="TestExprIoPos" classname="Kaitai.SpecExprIoPos" runstate="Runnable" seed="1686343019" result="Passed" start-time="2026-04-22T21:09:38.7417350Z" end-time="2026-04-22T21:09:38.7430060Z" duration="0.001498" asserts="6" />
      </test-suite>
      <test-suite type="TestFixture" id="1-1152" name="SpecExprMod" fullname="Kaitai.SpecExprMod" classname="Kaitai.SpecExprMod" runstate="Runnable" testcasecount="1" result="Passed" start-time="2026-04-22T21:09:38.7430060Z" end-time="2026-04-22T21:09:38.7437474Z" duration="0.001250" total="1" passed="1" failed="0" warnings="0" inconclusive="0" skipped="0" asserts="6">
        <test-case id="1-1153" name="TestExprMod" fullname="Kaitai.SpecExprMod.TestExprMod" methodname="TestExprMod" classname="Kaitai.SpecExprMod" runstate="Runnable" seed="901115436" result="Passed" start-time="2026-04-22T21:09:38.7430060Z" end-time="2026-04-22T21:09:38.7437474Z" duration="0.001159" asserts="6" />
      </test-suite>
      <test-suite type="TestFixture" id="1-1154" name="SpecExprOpsParens" fullname="Kaitai.SpecExprOpsParens" classname="Kaitai.SpecExprOpsParens" runstate="Runnable" testcasecount="1" result="Passed" start-time="2026-04-22T21:09:38.7437474Z" end-time="2026-04-22T21:09:38.7842870Z" duration="0.040671" total="1" passed="1" failed="0" warnings="0" inconclusive="0" skipped="0" asserts="9">
        <test-case id="1-1155" name="TestExprOpsParens" fullname="Kaitai.SpecExprOpsParens.TestExprOpsParens" methodname="TestExprOpsParens" classname="Kaitai.SpecExprOpsParens" runstate="Runnable" seed="1679969505" result="Passed" start-time="2026-04-22T21:09:38.7437474Z" end-time="2026-04-22T21:09:38.7842870Z" duration="0.040555" asserts="9" />
      </test-suite>
      <test-suite type="TestFixture" id="1-1156" name="SpecExprSizeofType0" fullname="Kaitai.SpecExprSizeofType0" classname="Kaitai.SpecExprSizeofType0" runstate="Runnable" testcasecount="1" result="Passed" start-time="2026-04-22T21:09:38.7842870Z" end-time="2026-04-22T21:09:38.7842870Z" duration="0.000427" total="1" passed="1" failed="0" warnings="0" inconclusive="0" skipped="0" asserts="1">
        <test-case id="1-1157" name="TestExprSizeofType0" fullname="Kaitai.SpecExprSizeofType0.TestExprSizeofType0" methodname="TestExprSizeofType0" classname="Kaitai.SpecExprSizeofType0" runstate="Runnable" seed="155464667" result="Passed" start-time="2026-04-22T21:09:38.7842870Z" end-time="2026-04-22T21:09:38.7842870Z" duration="0.000340" asserts="1" />
      </test-suite>
      <test-suite type="TestFixture" id="1-1158" name="SpecExprSizeofType1" fullname="Kaitai.SpecExprSizeofType1" classname="Kaitai.SpecExprSizeofType1" runstate="Runnable" testcasecount="1" result="Passed" start-time="2026-04-22T21:09:38.7842870Z" end-time="2026-04-22T21:09:38.7842870Z" duration="0.000393" total="1" passed="1" failed="0" warnings="0" inconclusive="0" skipped="0" asserts="2">
        <test-case id="1-1159" name="TestExprSizeofType1" fullname="Kaitai.SpecExprSizeofType1.TestExprSizeofType1" methodname="TestExprSizeofType1" classname="Kaitai.SpecExprSizeofType1" runstate="Runnable" seed="1710086546" result="Passed" start-time="2026-04-22T21:09:38.7842870Z" end-time="2026-04-22T21:09:38.7842870Z" duration="0.000324" asserts="2" />
      </test-suite>
      <test-suite type="TestFixture" id="1-1160" name="SpecExprSizeofValue0" fullname="Kaitai.SpecExprSizeofValue0" classname="Kaitai.SpecExprSizeofValue0" runstate="Runnable" testcasecount="1" result="Passed" start-time="2026-04-22T21:09:38.7863058Z" end-time="2026-04-22T21:09:38.7863058Z" duration="0.000731" total="1" passed="1" failed="0" warnings="0" inconclusive="0" skipped="0" asserts="5">
        <test-case id="1-1161" name="TestExprSizeofValue0" fullname="Kaitai.SpecExprSizeofValue0.TestExprSizeofValue0" methodname="TestExprSizeofValue0" classname="Kaitai.SpecExprSizeofValue0" runstate="Runnable" seed="1974685082" result="Passed" start-time="2026-04-22T21:09:38.7863058Z" end-time="2026-04-22T21:09:38.7863058Z" duration="0.000644" asserts="5" />
      </test-suite>
      <test-suite type="TestFixture" id="1-1162" name="SpecExprSizeofValueSized" fullname="Kaitai.SpecExprSizeofValueSized" classname="Kaitai.SpecExprSizeofValueSized" runstate="Runnable" testcasecount="1" result="Passed" start-time="2026-04-22T21:09:38.7863058Z" end-time="2026-04-22T21:09:38.7863058Z" duration="0.000757" total="1" passed="1" failed="0" warnings="0" inconclusive="0" skipped="0" asserts="5">
        <test-case id="1-1163" name="TestExprSizeofValueSized" fullname="Kaitai.SpecExprSizeofValueSized.TestExprSizeofValueSized" methodname="TestExprSizeofValueSized" classname="Kaitai.SpecExprSizeofValueSized" runstate="Runnable" seed="710551293" result="Passed" start-time="2026-04-22T21:09:38.7863058Z" end-time="2026-04-22T21:09:38.7863058Z" duration="0.000662" asserts="5" />
      </test-suite>
      <test-suite type="TestFixture" id="1-1164" name="SpecExprStrEncodings" fullname="Kaitai.SpecExprStrEncodings" classname="Kaitai.SpecExprStrEncodings" runstate="Runnable" testcasecount="1" result="Passed" start-time="2026-04-22T21:09:38.7863058Z" end-time="2026-04-22T21:09:38.7883239Z" duration="0.001709" total="1" passed="1" failed="0" warnings="0" inconclusive="0" skipped="0" asserts="7">
        <test-case id="1-1165" name="TestExprStrEncodings" fullname="Kaitai.SpecExprStrEncodings.TestExprStrEncodings" methodname="TestExprStrEncodings" classname="Kaitai.SpecExprStrEncodings" runstate="Runnable" seed="484040157" result="Passed" start-time="2026-04-22T21:09:38.7863058Z" end-time="2026-04-22T21:09:38.7883239Z" duration="0.001640" asserts="7" />
      </test-suite>
      <test-suite type="TestFixture" id="1-1166" name="SpecExprStrOps" fullname="Kaitai.SpecExprStrOps" classname="Kaitai.SpecExprStrOps" runstate="Runnable" testcasecount="1" result="Passed" start-time="2026-04-22T21:09:38.7883239Z" end-time="2026-04-22T21:09:38.7903409Z" duration="0.001598" total="1" passed="1" failed="0" warnings="0" inconclusive="0" skipped="0" asserts="18">
        <test-case id="1-1167" name="TestExprStrOps" fullname="Kaitai.SpecExprStrOps.TestExprStrOps" methodname="TestExprStrOps" classname="Kaitai.SpecExprStrOps" runstate="Runnable" seed="398610725" result="Passed" start-time="2026-04-22T21:09:38.7883239Z" end-time="2026-04-22T21:09:38.7903409Z" duration="0.001506" asserts="18" />
      </test-suite>
      <test-suite type="TestFixture" id="1-1168" name="SpecExprToITrailing" fullname="Kaitai.SpecExprToITrailing" classname="Kaitai.SpecExprToITrailing" runstate="Runnable" testcasecount="1" result="Passed" start-time="2026-04-22T21:09:38.7903409Z" end-time="2026-04-22T21:09:38.7903409Z" duration="0.000908" total="1" passed="1" failed="0" warnings="0" inconclusive="0" skipped="0" asserts="3">
        <test-case id="1-1169" name="TestExprToITrailing" fullname="Kaitai.SpecExprToITrailing.TestExprToITrailing" methodname="TestExprToITrailing" classname="Kaitai.SpecExprToITrailing" runstate="Runnable" seed="1621307387" result="Passed" start-time="2026-04-22T21:09:38.7903409Z" end-time="2026-04-22T21:09:38.7903409Z" duration="0.000838" asserts="3" />
      </test-suite>
      <test-suite type="TestFixture" id="1-1170" name="SpecFixedContents" fullname="Kaitai.SpecFixedContents" classname="Kaitai.SpecFixedContents" runstate="Runnable" testcasecount="1" result="Passed" start-time="2026-04-22T21:09:38.7903409Z" end-time="2026-04-22T21:09:38.7923543Z" duration="0.001139" total="1" passed="1" failed="0" warnings="0" inconclusive="0" skipped="0" asserts="0">
        <test-case id="1-1171" name="TestFixedContents" fullname="Kaitai.SpecFixedContents.TestFixedContents" methodname="TestFixedContents" classname="Kaitai.SpecFixedContents" runstate="Runnable" seed="1919555921" result="Passed" start-time="2026-04-22T21:09:38.7923543Z" end-time="2026-04-22T21:09:38.7923543Z" duration="0.000585" asserts="0" />
      </test-suite>
      <test-suite type="TestFixture" id="1-1172" name="SpecFixedStruct" fullname="Kaitai.SpecFixedStruct" classname="Kaitai.SpecFixedStruct" runstate="Runnable" testcasecount="1" result="Passed" start-time="2026-04-22T21:09:38.7923543Z" end-time="2026-04-22T21:09:38.7943719Z" duration="0.002869" total="1" passed="1" failed="0" warnings="0" inconclusive="0" skipped="0" asserts="20">
        <test-case id="1-1173" name="TestFixedStruct" fullname="Kaitai.SpecFixedStruct.TestFixedStruct" methodname="TestFixedStruct" classname="Kaitai.SpecFixedStruct" runstate="Runnable" seed="1263083497" result="Passed" start-time="2026-04-22T21:09:38.7923543Z" end-time="2026-04-22T21:09:38.7943719Z" duration="0.002789" asserts="20" />
      </test-suite>
      <test-suite type="TestFixture" id="1-1174" name="SpecFloatingPoints" fullname="Kaitai.SpecFloatingPoints" classname="Kaitai.SpecFloatingPoints" runstate="Runnable" testcasecount="1" result="Passed" start-time="2026-04-22T21:09:38.7943719Z" end-time="2026-04-22T21:09:38.7963881Z" duration="0.000896" total="1" passed="1" failed="0" warnings="0" inconclusive="0" skipped="0" asserts="8">
        <test-case id="1-1175" name="TestFloatingPoints" fullname="Kaitai.SpecFloatingPoints.TestFloatingPoints" methodname="TestFloatingPoints" classname="Kaitai.SpecFloatingPoints" runstate="Runnable" seed="1755296637" result="Passed" start-time="2026-04-22T21:09:38.7943719Z" end-time="2026-04-22T21:09:38.7963881Z" duration="0.000822" asserts="8" />
      </test-suite>
      <test-suite type="TestFixture" id="1-1176" name="SpecHelloWorld" fullname="Kaitai.SpecHelloWorld" classname="Kaitai.SpecHelloWorld" runstate="Runnable" testcasecount="1" result="Passed" start-time="2026-04-22T21:09:38.7963881Z" end-time="2026-04-22T21:09:38.7963881Z" duration="0.000394" total="1" passed="1" failed="0" warnings="0" inconclusive="0" skipped="0" asserts="1">
        <test-case id="1-1177" name="TestHelloWorld" fullname="Kaitai.SpecHelloWorld.TestHelloWorld" methodname="TestHelloWorld" classname="Kaitai.SpecHelloWorld" runstate="Runnable" seed="1221904835" result="Passed" start-time="2026-04-22T21:09:38.7963881Z" end-time="2026-04-22T21:09:38.7963881Z" duration="0.000326" asserts="1" />
      </test-suite>
      <test-suite type="TestFixture" id="1-1178" name="SpecIfInstances" fullname="Kaitai.SpecIfInstances" classname="Kaitai.SpecIfInstances" runstate="Runnable" testcasecount="1" result="Passed" start-time="2026-04-22T21:09:38.7963881Z" end-time="2026-04-22T21:09:38.7963881Z" duration="0.000354" total="1" passed="1" failed="0" warnings="0" inconclusive="0" skipped="0" asserts="1">
        <test-case id="1-1179" name="TestIfInstances" fullname="Kaitai.SpecIfInstances.TestIfInstances" methodname="TestIfInstances" classname="Kaitai.SpecIfInstances" runstate="Runnable" seed="1393973910" result="Passed" start-time="2026-04-22T21:09:38.7963881Z" end-time="2026-04-22T21:09:38.7963881Z" duration="0.000282" asserts="1" />
      </test-suite>
      <test-suite type="TestFixture" id="1-1180" name="SpecIfStruct" fullname="Kaitai.SpecIfStruct" classname="Kaitai.SpecIfStruct" runstate="Runnable" testcasecount="1" result="Passed" start-time="2026-04-22T21:09:38.7963881Z" end-time="2026-04-22T21:09:38.7984055Z" duration="0.001129" total="1" passed="1" failed="0" warnings="0" inconclusive="0" skipped="0" asserts="10">
        <test-case id="1-1181" name="TestIfStruct" fullname="Kaitai.SpecIfStruct.TestIfStruct" methodname="TestIfStruct" classname="Kaitai.SpecIfStruct" runstate="Runnable" seed="1801549495" result="Passed" start-time="2026-04-22T21:09:38.7963881Z" end-time="2026-04-22T21:09:38.7984055Z" duration="0.001061" asserts="10" />
      </test-suite>
      <test-suite type="TestFixture" id="1-1182" name="SpecIfValues" fullname="Kaitai.SpecIfValues" classname="Kaitai.SpecIfValues" runstate="Runnable" testcasecount="1" result="Passed" start-time="2026-04-22T21:09:38.7984055Z" end-time="2026-04-22T21:09:38.7984055Z" duration="0.000878" total="1" passed="1" failed="0" warnings="0" inconclusive="0" skipped="0" asserts="6">
        <test-case id="1-1183" name="TestIfValues" fullname="Kaitai.SpecIfValues.TestIfValues" methodname="TestIfValues" classname="Kaitai.SpecIfValues" runstate="Runnable" seed="818650811" result="Passed" start-time="2026-04-22T21:09:38.7984055Z" end-time="2026-04-22T21:09:38.7984055Z" duration="0.000810" asserts="6" />
      </test-suite>
      <test-suite type="TestFixture" id="1-1184" name="SpecImports0" fullname="Kaitai.SpecImports0" classname="Kaitai.SpecImports0" runstate="Runnable" testcasecount="1" result="Passed" start-time="2026-04-22T21:09:38.7984055Z" end-time="2026-04-22T21:09:38.8001688Z" duration="0.000756" total="1" passed="1" failed="0" warnings="0" inconclusive="0" skipped="0" asserts="3">
        <test-case id="1-1185" name="TestImports0" fullname="Kaitai.SpecImports0.TestImports0" methodname="TestImports0" classname="Kaitai.SpecImports0" runstate="Runnable" seed="152142855" result="Passed" start-time="2026-04-22T21:09:38.7984055Z" end-time="2026-04-22T21:09:38.8001688Z" duration="0.000681" asserts="3" />
      </test-suite>
      <test-suite type="TestFixture" id="1-1186" name="SpecImportsAbs" fullname="Kaitai.SpecImportsAbs" classname="Kaitai.SpecImportsAbs" runstate="Runnable" testcasecount="1" result="Passed" start-time="2026-04-22T21:09:38.8001688Z" end-time="2026-04-22T21:09:38.8021862Z" duration="0.001718" total="1" passed="1" failed="0" warnings="0" inconclusive="0" skipped="0" asserts="2">
        <test-case id="1-1187" name="TestImportsAbs" fullname="Kaitai.SpecImportsAbs.TestImportsAbs" methodname="TestImportsAbs" classname="Kaitai.SpecImportsAbs" runstate="Runnable" seed="992755831" result="Passed" start-time="2026-04-22T21:09:38.8001688Z" end-time="2026-04-22T21:09:38.8021862Z" duration="0.001644" asserts="2" />
      </test-suite>
      <test-suite type="TestFixture" id="1-1188" name="SpecImportsAbsAbs" fullname="Kaitai.SpecImportsAbsAbs" classname="Kaitai.SpecImportsAbsAbs" runstate="Runnable" testcasecount="1" result="Passed" start-time="2026-04-22T21:09:38.8021862Z" end-time="2026-04-22T21:09:38.8021862Z" duration="0.000698" total="1" passed="1" failed="0" warnings="0" inconclusive="0" skipped="0" asserts="3">
        <test-case id="1-1189" name="TestImportsAbsAbs" fullname="Kaitai.SpecImportsAbsAbs.TestImportsAbsAbs" methodname="TestImportsAbsAbs" classname="Kaitai.SpecImportsAbsAbs" runstate="Runnable" seed="1450520063" result="Passed" start-time="2026-04-22T21:09:38.8021862Z" end-time="2026-04-22T21:09:38.8021862Z" duration="0.000627" asserts="3" />
      </test-suite>
      <test-suite type="TestFixture" id="1-1190" name="SpecImportsAbsRel" fullname="Kaitai.SpecImportsAbsRel" classname="Kaitai.SpecImportsAbsRel" runstate="Runnable" testcasecount="1" result="Passed" start-time="2026-04-22T21:09:38.8021862Z" end-time="2026-04-22T21:09:38.8021862Z" duration="0.000579" total="1" passed="1" failed="0" warnings="0" inconclusive="0" skipped="0" asserts="3">
        <test-case id="1-1191" name="TestImportsAbsRel" fullname="Kaitai.SpecImportsAbsRel.TestImportsAbsRel" methodname="TestImportsAbsRel" classname="Kaitai.SpecImportsAbsRel" runstate="Runnable" seed="1318548708" result="Passed" start-time="2026-04-22T21:09:38.8021862Z" end-time="2026-04-22T21:09:38.8021862Z" duration="0.000510" asserts="3" />
      </test-suite>
      <test-suite type="TestFixture" id="1-1192" name="SpecImportsCastToImported" fullname="Kaitai.SpecImportsCastToImported" classname="Kaitai.SpecImportsCastToImported" runstate="Runnable" testcasecount="1" result="Passed" start-time="2026-04-22T21:09:38.8021862Z" end-time="2026-04-22T21:09:38.8041996Z" duration="0.001198" total="1" passed="1" failed="0" warnings="0" inconclusive="0" skipped="0" asserts="2">
        <test-case id="1-1193" name="TestImportsCastToImported" fullname="Kaitai.SpecImportsCastToImported.TestImportsCastToImported" methodname="TestImportsCastToImported" classname="Kaitai.SpecImportsCastToImported" runstate="Runnable" seed="1043838462" result="Passed" start-time="2026-04-22T21:09:38.8021862Z" end-time="2026-04-22T21:09:38.8041996Z" duration="0.001129" asserts="2" />
      </test-suite>
      <test-suite type="TestFixture" id="1-1194" name="SpecImportsCastToImported2" fullname="Kaitai.SpecImportsCastToImported2" classname="Kaitai.SpecImportsCastToImported2" runstate="Runnable" testcasecount="1" result="Passed" start-time="2026-04-22T21:09:38.8041996Z" end-time="2026-04-22T21:09:38.8041996Z" duration="0.000597" total="1" passed="1" failed="0" warnings="0" inconclusive="0" skipped="0" asserts="2">
        <test-case id="1-1195" name="TestImportsCastToImported2" fullname="Kaitai.SpecImportsCastToImported2.TestImportsCastToImported2" methodname="TestImportsCastToImported2" classname="Kaitai.SpecImportsCastToImported2" runstate="Runnable" seed="201017697" result="Passed" start-time="2026-04-22T21:09:38.8041996Z" end-time="2026-04-22T21:09:38.8041996Z" duration="0.000525" asserts="2" />
      </test-suite>
      <test-suite type="TestFixture" id="1-1196" name="SpecImportsCircularA" fullname="Kaitai.SpecImportsCircularA" classname="Kaitai.SpecImportsCircularA" runstate="Runnable" testcasecount="1" result="Passed" start-time="2026-04-22T21:09:38.8041996Z" end-time="2026-04-22T21:09:38.8062195Z" duration="0.000888" total="1" passed="1" failed="0" warnings="0" inconclusive="0" skipped="0" asserts="5">
        <test-case id="1-1197" name="TestImportsCircularA" fullname="Kaitai.SpecImportsCircularA.TestImportsCircularA" methodname="TestImportsCircularA" classname="Kaitai.SpecImportsCircularA" runstate="Runnable" seed="1655049428" result="Passed" start-time="2026-04-22T21:09:38.8041996Z" end-time="2026-04-22T21:09:38.8062195Z" duration="0.000789" asserts="5" />
      </test-suite>
      <test-suite type="TestFixture" id="1-1198" name="SpecImportsParamsDefArrayUsertypeImported" fullname="Kaitai.SpecImportsParamsDefArrayUsertypeImported" classname="Kaitai.SpecImportsParamsDefArrayUsertypeImported" runstate="Runnable" testcasecount="1" result="Passed" start-time="2026-04-22T21:09:38.8062195Z" end-time="2026-04-22T21:09:38.8062195Z" duration="0.001128" total="1" passed="1" failed="0" warnings="0" inconclusive="0" skipped="0" asserts="5">
[...]
      </test-suite>
      <test-suite type="TestFixture" id="1-1464" name="SpecValidFailEqInt" fullname="Kaitai.SpecValidFailEqInt" classname="Kaitai.SpecValidFailEqInt" runstate="Runnable" testcasecount="1" result="Passed" start-time="2026-04-22T21:09:38.9317313Z" end-time="2026-04-22T21:09:38.9317313Z" duration="0.000607" total="1" passed="1" failed="0" warnings="0" inconclusive="0" skipped="0" asserts="1">
        <test-case id="1-1465" name="TestValidFailEqInt" fullname="Kaitai.SpecValidFailEqInt.TestValidFailEqInt" methodname="TestValidFailEqInt" classname="Kaitai.SpecValidFailEqInt" runstate="Runnable" seed="1586296355" result="Passed" start-time="2026-04-22T21:09:38.9317313Z" end-time="2026-04-22T21:09:38.9317313Z" duration="0.000514" asserts="1" />
      </test-suite>
      <test-suite type="TestFixture" id="1-1466" name="SpecValidFailEqStr" fullname="Kaitai.SpecValidFailEqStr" classname="Kaitai.SpecValidFailEqStr" runstate="Runnable" testcasecount="1" result="Passed" start-time="2026-04-22T21:09:38.9317313Z" end-time="2026-04-22T21:09:38.9317313Z" duration="0.000485" total="1" passed="1" failed="0" warnings="0" inconclusive="0" skipped="0" asserts="1">
        <test-case id="1-1467" name="TestValidFailEqStr" fullname="Kaitai.SpecValidFailEqStr.TestValidFailEqStr" methodname="TestValidFailEqStr" classname="Kaitai.SpecValidFailEqStr" runstate="Runnable" seed="1323534094" result="Passed" start-time="2026-04-22T21:09:38.9317313Z" end-time="2026-04-22T21:09:38.9317313Z" duration="0.000409" asserts="1" />
      </test-suite>
      <test-suite type="TestFixture" id="1-1468" name="SpecValidFailExpr" fullname="Kaitai.SpecValidFailExpr" classname="Kaitai.SpecValidFailExpr" runstate="Runnable" testcasecount="1" result="Passed" start-time="2026-04-22T21:09:38.9317313Z" end-time="2026-04-22T21:09:38.9337540Z" duration="0.000729" total="1" passed="1" failed="0" warnings="0" inconclusive="0" skipped="0" asserts="1">
        <test-case id="1-1469" name="TestValidFailExpr" fullname="Kaitai.SpecValidFailExpr.TestValidFailExpr" methodname="TestValidFailExpr" classname="Kaitai.SpecValidFailExpr" runstate="Runnable" seed="1333564492" result="Passed" start-time="2026-04-22T21:09:38.9333134Z" end-time="2026-04-22T21:09:38.9337540Z" duration="0.000625" asserts="1" />
      </test-suite>
      <test-suite type="TestFixture" id="1-1470" name="SpecValidFailInEnum" fullname="Kaitai.SpecValidFailInEnum" classname="Kaitai.SpecValidFailInEnum" runstate="Runnable" testcasecount="1" result="Passed" start-time="2026-04-22T21:09:38.9337540Z" end-time="2026-04-22T21:09:38.9337540Z" duration="0.000646" total="1" passed="1" failed="0" warnings="0" inconclusive="0" skipped="0" asserts="1">
        <test-case id="1-1471" name="TestValidFailInEnum" fullname="Kaitai.SpecValidFailInEnum.TestValidFailInEnum" methodname="TestValidFailInEnum" classname="Kaitai.SpecValidFailInEnum" runstate="Runnable" seed="1306674974" result="Passed" start-time="2026-04-22T21:09:38.9337540Z" end-time="2026-04-22T21:09:38.9337540Z" duration="0.000572" asserts="1" />
      </test-suite>
      <test-suite type="TestFixture" id="1-1472" name="SpecValidFailInst" fullname="Kaitai.SpecValidFailInst" classname="Kaitai.SpecValidFailInst" runstate="Runnable" testcasecount="1" result="Passed" start-time="2026-04-22T21:09:38.9337540Z" end-time="2026-04-22T21:09:38.9353301Z" duration="0.000695" total="1" passed="1" failed="0" warnings="0" inconclusive="0" skipped="0" asserts="1">
        <test-case id="1-1473" name="TestValidFailInst" fullname="Kaitai.SpecValidFailInst.TestValidFailInst" methodname="TestValidFailInst" classname="Kaitai.SpecValidFailInst" runstate="Runnable" seed="761806223" result="Passed" start-time="2026-04-22T21:09:38.9337540Z" end-time="2026-04-22T21:09:38.9353301Z" duration="0.000625" asserts="1" />
      </test-suite>
      <test-suite type="TestFixture" id="1-1474" name="SpecValidFailMaxInt" fullname="Kaitai.SpecValidFailMaxInt" classname="Kaitai.SpecValidFailMaxInt" runstate="Runnable" testcasecount="1" result="Passed" start-time="2026-04-22T21:09:38.9353301Z" end-time="2026-04-22T21:09:38.9357765Z" duration="0.000641" total="1" passed="1" failed="0" warnings="0" inconclusive="0" skipped="0" asserts="1">
        <test-case id="1-1475" name="TestValidFailMaxInt" fullname="Kaitai.SpecValidFailMaxInt.TestValidFailMaxInt" methodname="TestValidFailMaxInt" classname="Kaitai.SpecValidFailMaxInt" runstate="Runnable" seed="1429165621" result="Passed" start-time="2026-04-22T21:09:38.9353301Z" end-time="2026-04-22T21:09:38.9357765Z" duration="0.000562" asserts="1" />
      </test-suite>
      <test-suite type="TestFixture" id="1-1476" name="SpecValidFailMinInt" fullname="Kaitai.SpecValidFailMinInt" classname="Kaitai.SpecValidFailMinInt" runstate="Runnable" testcasecount="1" result="Passed" start-time="2026-04-22T21:09:38.9357765Z" end-time="2026-04-22T21:09:38.9357765Z" duration="0.000634" total="1" passed="1" failed="0" warnings="0" inconclusive="0" skipped="0" asserts="1">
        <test-case id="1-1477" name="TestValidFailMinInt" fullname="Kaitai.SpecValidFailMinInt.TestValidFailMinInt" methodname="TestValidFailMinInt" classname="Kaitai.SpecValidFailMinInt" runstate="Runnable" seed="336811975" result="Passed" start-time="2026-04-22T21:09:38.9357765Z" end-time="2026-04-22T21:09:38.9357765Z" duration="0.000551" asserts="1" />
      </test-suite>
      <test-suite type="TestFixture" id="1-1478" name="SpecValidFailRangeBytes" fullname="Kaitai.SpecValidFailRangeBytes" classname="Kaitai.SpecValidFailRangeBytes" runstate="Runnable" testcasecount="1" result="Passed" start-time="2026-04-22T21:09:38.9357765Z" end-time="2026-04-22T21:09:38.9357765Z" duration="0.000664" total="1" passed="1" failed="0" warnings="0" inconclusive="0" skipped="0" asserts="1">
        <test-case id="1-1479" name="TestValidFailRangeBytes" fullname="Kaitai.SpecValidFailRangeBytes.TestValidFailRangeBytes" methodname="TestValidFailRangeBytes" classname="Kaitai.SpecValidFailRangeBytes" runstate="Runnable" seed="998247126" result="Passed" start-time="2026-04-22T21:09:38.9357765Z" end-time="2026-04-22T21:09:38.9357765Z" duration="0.000588" asserts="1" />
      </test-suite>
      <test-suite type="TestFixture" id="1-1480" name="SpecValidFailRangeFloat" fullname="Kaitai.SpecValidFailRangeFloat" classname="Kaitai.SpecValidFailRangeFloat" runstate="Runnable" testcasecount="1" result="Passed" start-time="2026-04-22T21:09:38.9357765Z" end-time="2026-04-22T21:09:38.9377987Z" duration="0.000581" total="1" passed="1" failed="0" warnings="0" inconclusive="0" skipped="0" asserts="1">
        <test-case id="1-1481" name="TestValidFailRangeFloat" fullname="Kaitai.SpecValidFailRangeFloat.TestValidFailRangeFloat" methodname="TestValidFailRangeFloat" classname="Kaitai.SpecValidFailRangeFloat" runstate="Runnable" seed="1272376483" result="Passed" start-time="2026-04-22T21:09:38.9373484Z" end-time="2026-04-22T21:09:38.9377987Z" duration="0.000479" asserts="1" />
      </test-suite>
      <test-suite type="TestFixture" id="1-1482" name="SpecValidFailRangeInt" fullname="Kaitai.SpecValidFailRangeInt" classname="Kaitai.SpecValidFailRangeInt" runstate="Runnable" testcasecount="1" result="Passed" start-time="2026-04-22T21:09:38.9377987Z" end-time="2026-04-22T21:09:38.9377987Z" duration="0.000510" total="1" passed="1" failed="0" warnings="0" inconclusive="0" skipped="0" asserts="1">
        <test-case id="1-1483" name="TestValidFailRangeInt" fullname="Kaitai.SpecValidFailRangeInt.TestValidFailRangeInt" methodname="TestValidFailRangeInt" classname="Kaitai.SpecValidFailRangeInt" runstate="Runnable" seed="955721961" result="Passed" start-time="2026-04-22T21:09:38.9377987Z" end-time="2026-04-22T21:09:38.9377987Z" duration="0.000433" asserts="1" />
      </test-suite>
      <test-suite type="TestFixture" id="1-1484" name="SpecValidFailRangeStr" fullname="Kaitai.SpecValidFailRangeStr" classname="Kaitai.SpecValidFailRangeStr" runstate="Runnable" testcasecount="1" result="Passed" start-time="2026-04-22T21:09:38.9377987Z" end-time="2026-04-22T21:09:38.9377987Z" duration="0.000552" total="1" passed="1" failed="0" warnings="0" inconclusive="0" skipped="0" asserts="1">
        <test-case id="1-1485" name="TestValidFailRangeStr" fullname="Kaitai.SpecValidFailRangeStr.TestValidFailRangeStr" methodname="TestValidFailRangeStr" classname="Kaitai.SpecValidFailRangeStr" runstate="Runnable" seed="325941118" result="Passed" start-time="2026-04-22T21:09:38.9377987Z" end-time="2026-04-22T21:09:38.9377987Z" duration="0.000466" asserts="1" />
      </test-suite>
      <test-suite type="TestFixture" id="1-1486" name="SpecValidFailRepeatAnyofInt" fullname="Kaitai.SpecValidFailRepeatAnyofInt" classname="Kaitai.SpecValidFailRepeatAnyofInt" runstate="Runnable" testcasecount="1" result="Passed" start-time="2026-04-22T21:09:38.9377987Z" end-time="2026-04-22T21:09:38.9398104Z" duration="0.001290" total="1" passed="1" failed="0" warnings="0" inconclusive="0" skipped="0" asserts="1">
        <test-case id="1-1487" name="TestValidFailRepeatAnyofInt" fullname="Kaitai.SpecValidFailRepeatAnyofInt.TestValidFailRepeatAnyofInt" methodname="TestValidFailRepeatAnyofInt" classname="Kaitai.SpecValidFailRepeatAnyofInt" runstate="Runnable" seed="1608581215" result="Passed" start-time="2026-04-22T21:09:38.9377987Z" end-time="2026-04-22T21:09:38.9398104Z" duration="0.001211" asserts="1" />
      </test-suite>
      <test-suite type="TestFixture" id="1-1488" name="SpecValidFailRepeatContents" fullname="Kaitai.SpecValidFailRepeatContents" classname="Kaitai.SpecValidFailRepeatContents" runstate="Runnable" testcasecount="1" result="Passed" start-time="2026-04-22T21:09:38.9398104Z" end-time="2026-04-22T21:09:38.9398104Z" duration="0.000591" total="1" passed="1" failed="0" warnings="0" inconclusive="0" skipped="0" asserts="1">
        <test-case id="1-1489" name="TestValidFailRepeatContents" fullname="Kaitai.SpecValidFailRepeatContents.TestValidFailRepeatContents" methodname="TestValidFailRepeatContents" classname="Kaitai.SpecValidFailRepeatContents" runstate="Runnable" seed="299562377" result="Passed" start-time="2026-04-22T21:09:38.9398104Z" end-time="2026-04-22T21:09:38.9398104Z" duration="0.000513" asserts="1" />
      </test-suite>
      <test-suite type="TestFixture" id="1-1490" name="SpecValidFailRepeatEqInt" fullname="Kaitai.SpecValidFailRepeatEqInt" classname="Kaitai.SpecValidFailRepeatEqInt" runstate="Runnable" testcasecount="1" result="Passed" start-time="2026-04-22T21:09:38.9398104Z" end-time="2026-04-22T21:09:38.9413935Z" duration="0.000649" total="1" passed="1" failed="0" warnings="0" inconclusive="0" skipped="0" asserts="1">
        <test-case id="1-1491" name="TestValidFailRepeatEqInt" fullname="Kaitai.SpecValidFailRepeatEqInt.TestValidFailRepeatEqInt" methodname="TestValidFailRepeatEqInt" classname="Kaitai.SpecValidFailRepeatEqInt" runstate="Runnable" seed="1025392463" result="Passed" start-time="2026-04-22T21:09:38.9398104Z" end-time="2026-04-22T21:09:38.9413935Z" duration="0.000553" asserts="1" />
      </test-suite>
      <test-suite type="TestFixture" id="1-1492" name="SpecValidFailRepeatExpr" fullname="Kaitai.SpecValidFailRepeatExpr" classname="Kaitai.SpecValidFailRepeatExpr" runstate="Runnable" testcasecount="1" result="Passed" start-time="2026-04-22T21:09:38.9413935Z" end-time="2026-04-22T21:09:38.9418328Z" duration="0.000596" total="1" passed="1" failed="0" warnings="0" inconclusive="0" skipped="0" asserts="1">
        <test-case id="1-1493" name="TestValidFailRepeatExpr" fullname="Kaitai.SpecValidFailRepeatExpr.TestValidFailRepeatExpr" methodname="TestValidFailRepeatExpr" classname="Kaitai.SpecValidFailRepeatExpr" runstate="Runnable" seed="336475413" result="Passed" start-time="2026-04-22T21:09:38.9413935Z" end-time="2026-04-22T21:09:38.9418328Z" duration="0.000520" asserts="1" />
      </test-suite>
      <test-suite type="TestFixture" id="1-1494" name="SpecValidFailRepeatInst" fullname="Kaitai.SpecValidFailRepeatInst" classname="Kaitai.SpecValidFailRepeatInst" runstate="Runnable" testcasecount="1" result="Passed" start-time="2026-04-22T21:09:38.9418328Z" end-time="2026-04-22T21:09:38.9418328Z" duration="0.000614" total="1" passed="1" failed="0" warnings="0" inconclusive="0" skipped="0" asserts="1">
        <test-case id="1-1495" name="TestValidFailRepeatInst" fullname="Kaitai.SpecValidFailRepeatInst.TestValidFailRepeatInst" methodname="TestValidFailRepeatInst" classname="Kaitai.SpecValidFailRepeatInst" runstate="Runnable" seed="1260780008" result="Passed" start-time="2026-04-22T21:09:38.9418328Z" end-time="2026-04-22T21:09:38.9418328Z" duration="0.000538" asserts="1" />
      </test-suite>
      <test-suite type="TestFixture" id="1-1496" name="SpecValidFailRepeatMaxInt" fullname="Kaitai.SpecValidFailRepeatMaxInt" classname="Kaitai.SpecValidFailRepeatMaxInt" runstate="Runnable" testcasecount="1" result="Passed" start-time="2026-04-22T21:09:38.9418328Z" end-time="2026-04-22T21:09:38.9431572Z" duration="0.000687" total="1" passed="1" failed="0" warnings="0" inconclusive="0" skipped="0" asserts="1">
        <test-case id="1-1497" name="TestValidFailRepeatMaxInt" fullname="Kaitai.SpecValidFailRepeatMaxInt.TestValidFailRepeatMaxInt" methodname="TestValidFailRepeatMaxInt" classname="Kaitai.SpecValidFailRepeatMaxInt" runstate="Runnable" seed="120307546" result="Passed" start-time="2026-04-22T21:09:38.9428551Z" end-time="2026-04-22T21:09:38.9431572Z" duration="0.000599" asserts="1" />
      </test-suite>
      <test-suite type="TestFixture" id="1-1498" name="SpecValidFailRepeatMinInt" fullname="Kaitai.SpecValidFailRepeatMinInt" classname="Kaitai.SpecValidFailRepeatMinInt" runstate="Runnable" testcasecount="1" result="Passed" start-time="2026-04-22T21:09:38.9431572Z" end-time="2026-04-22T21:09:39.9540457Z" duration="1.012399" total="1" passed="1" failed="0" warnings="0" inconclusive="0" skipped="0" asserts="1">
        <test-case id="1-1499" name="TestValidFailRepeatMinInt" fullname="Kaitai.SpecValidFailRepeatMinInt.TestValidFailRepeatMinInt" methodname="TestValidFailRepeatMinInt" classname="Kaitai.SpecValidFailRepeatMinInt" runstate="Runnable" seed="1576218200" result="Passed" start-time="2026-04-22T21:09:38.9431572Z" end-time="2026-04-22T21:09:39.9540457Z" duration="1.012301" asserts="1" />
      </test-suite>
      <test-suite type="TestFixture" id="1-1500" name="SpecValidLong" fullname="Kaitai.SpecValidLong" classname="Kaitai.SpecValidLong" runstate="Runnable" testcasecount="1" result="Passed" start-time="2026-04-22T21:09:39.9540457Z" end-time="2026-04-22T21:09:39.9560610Z" duration="0.001642" total="1" passed="1" failed="0" warnings="0" inconclusive="0" skipped="0" asserts="0">
        <test-case id="1-1501" name="TestValidLong" fullname="Kaitai.SpecValidLong.TestValidLong" methodname="TestValidLong" classname="Kaitai.SpecValidLong" runstate="Runnable" seed="793360320" result="Passed" start-time="2026-04-22T21:09:39.9560610Z" end-time="2026-04-22T21:09:39.9560610Z" duration="0.001459" asserts="0" />
      </test-suite>
      <test-suite type="TestFixture" id="1-1502" name="SpecValidNotParsedIf" fullname="Kaitai.SpecValidNotParsedIf" classname="Kaitai.SpecValidNotParsedIf" runstate="Runnable" testcasecount="1" result="Passed" start-time="2026-04-22T21:09:39.9560610Z" end-time="2026-04-22T21:09:39.9580769Z" duration="0.000551" total="1" passed="1" failed="0" warnings="0" inconclusive="0" skipped="0" asserts="0">
        <test-case id="1-1503" name="TestValidNotParsedIf" fullname="Kaitai.SpecValidNotParsedIf.TestValidNotParsedIf" methodname="TestValidNotParsedIf" classname="Kaitai.SpecValidNotParsedIf" runstate="Runnable" seed="589987814" result="Passed" start-time="2026-04-22T21:09:39.9560610Z" end-time="2026-04-22T21:09:39.9580769Z" duration="0.000454" asserts="0" />
      </test-suite>
      <test-suite type="TestFixture" id="1-1504" name="SpecValidOptionalId" fullname="Kaitai.SpecValidOptionalId" classname="Kaitai.SpecValidOptionalId" runstate="Runnable" testcasecount="1" result="Passed" start-time="2026-04-22T21:09:39.9580769Z" end-time="2026-04-22T21:09:39.9580769Z" duration="0.000577" total="1" passed="1" failed="0" warnings="0" inconclusive="0" skipped="0" asserts="0">
        <test-case id="1-1505" name="TestValidOptionalId" fullname="Kaitai.SpecValidOptionalId.TestValidOptionalId" methodname="TestValidOptionalId" classname="Kaitai.SpecValidOptionalId" runstate="Runnable" seed="1327289704" result="Passed" start-time="2026-04-22T21:09:39.9580769Z" end-time="2026-04-22T21:09:39.9580769Z" duration="0.000497" asserts="0" />
      </test-suite>
      <test-suite type="TestFixture" id="1-1506" name="SpecValidShort" fullname="Kaitai.SpecValidShort" classname="Kaitai.SpecValidShort" runstate="Runnable" testcasecount="1" result="Passed" start-time="2026-04-22T21:09:39.9580769Z" end-time="2026-04-22T21:09:39.9580769Z" duration="0.001008" total="1" passed="1" failed="0" warnings="0" inconclusive="0" skipped="0" asserts="0">
        <test-case id="1-1507" name="TestValidShort" fullname="Kaitai.SpecValidShort.TestValidShort" methodname="TestValidShort" classname="Kaitai.SpecValidShort" runstate="Runnable" seed="1830169375" result="Passed" start-time="2026-04-22T21:09:39.9580769Z" end-time="2026-04-22T21:09:39.9580769Z" duration="0.000930" asserts="0" />
      </test-suite>
      <test-suite type="TestFixture" id="1-1508" name="SpecValidSwitch" fullname="Kaitai.SpecValidSwitch" classname="Kaitai.SpecValidSwitch" runstate="Runnable" testcasecount="1" result="Passed" start-time="2026-04-22T21:09:39.9580769Z" end-time="2026-04-22T21:09:39.9600923Z" duration="0.000523" total="1" passed="1" failed="0" warnings="0" inconclusive="0" skipped="0" asserts="0">
        <test-case id="1-1509" name="TestValidSwitch" fullname="Kaitai.SpecValidSwitch.TestValidSwitch" methodname="TestValidSwitch" classname="Kaitai.SpecValidSwitch" runstate="Runnable" seed="1078648619" result="Passed" start-time="2026-04-22T21:09:39.9580769Z" end-time="2026-04-22T21:09:39.9600923Z" duration="0.000445" asserts="0" />
      </test-suite>
      <test-suite type="TestFixture" id="1-1510" name="SpecZlibSurrounded" fullname="Kaitai.SpecZlibSurrounded" classname="Kaitai.SpecZlibSurrounded" runstate="Runnable" testcasecount="1" result="Passed" start-time="2026-04-22T21:09:39.9600923Z" end-time="2026-04-22T21:09:40.6192142Z" duration="0.660864" total="1" passed="1" failed="0" warnings="0" inconclusive="0" skipped="0" asserts="1">
        <test-case id="1-1511" name="TestZlibSurrounded" fullname="Kaitai.SpecZlibSurrounded.TestZlibSurrounded" methodname="TestZlibSurrounded" classname="Kaitai.SpecZlibSurrounded" runstate="Runnable" seed="307583198" result="Passed" start-time="2026-04-22T21:09:39.9600923Z" end-time="2026-04-22T21:09:40.6192142Z" duration="0.660718" asserts="1" />
      </test-suite>
      <test-suite type="TestFixture" id="1-1512" name="SpecZlibWithHeader78" fullname="Kaitai.SpecZlibWithHeader78" classname="Kaitai.SpecZlibWithHeader78" runstate="Runnable" testcasecount="1" result="Passed" start-time="2026-04-22T21:09:40.6192142Z" end-time="2026-04-22T21:09:40.6212296Z" duration="0.000814" total="1" passed="1" failed="0" warnings="0" inconclusive="0" skipped="0" asserts="1">
        <test-case id="1-1513" name="TestZlibWithHeader78" fullname="Kaitai.SpecZlibWithHeader78.TestZlibWithHeader78" methodname="TestZlibWithHeader78" classname="Kaitai.SpecZlibWithHeader78" runstate="Runnable" seed="1989342190" result="Passed" start-time="2026-04-22T21:09:40.6212296Z" end-time="2026-04-22T21:09:40.6212296Z" duration="0.000655" asserts="1" />
      </test-suite>
    </test-suite>
  </test-suite>
</test-run>