<?xml version="1.0" encoding="utf-8" standalone="no"?>
<test-run id="2" testcasecount="206" result="Failed" total="206" passed="205" failed="1" inconclusive="0" skipped="0" asserts="961" engine-version="3.4.1.0" clr-version="4.0.30319.42000" start-time="2020-10-31 09:50:53Z" end-time="2020-10-31 09:50:55Z" duration="1.557222">
  <command-line><![CDATA[/home/runner/work/ci_targets/ci_targets/tests/spec/csharp/packages/NUnit.ConsoleRunner.3.4.1/tools/nunit3-console.exe --result=test_out/csharp/TestResult.xml spec/csharp/kaitai_struct_csharp_tests/bin/Debug/kaitai_struct_csharp_tests.dll]]></command-line>
  <test-suite type="Assembly" id="0-1412" name="kaitai_struct_csharp_tests.dll" fullname="/home/runner/work/ci_targets/ci_targets/tests/spec/csharp/kaitai_struct_csharp_tests/bin/Debug/kaitai_struct_csharp_tests.dll" runstate="Runnable" testcasecount="206" result="Failed" site="Child" start-time="2020-10-31 09:50:53Z" end-time="2020-10-31 09:50:55Z" duration="1.436653" total="206" passed="205" failed="1" inconclusive="0" skipped="0" asserts="961">
    <environment framework-version="3.4.1.0" clr-version="4.0.30319.42000" os-version="Unix 5.4.0.1031" platform="Unix" cwd="/home/runner/work/ci_targets/ci_targets/tests" machine-name="fv-az60-664" user="runner" user-domain="fv-az60-664" culture="" uiculture="" os-architecture="x64" />
    <settings>
      <setting name="WorkDirectory" value="/home/runner/work/ci_targets/ci_targets/tests" />
      <setting name="ImageRuntimeVersion" value="4.0.30319" />
      <setting name="ImageTargetFrameworkName" value=".NETFramework,Version=v4.5" />
      <setting name="ImageRequiresX86" value="False" />
      <setting name="ImageRequiresDefaultAppDomainAssemblyResolver" value="False" />
      <setting name="NumberOfTestWorkers" value="2" />
    </settings>
    <properties>
      <property name="_PID" value="3288" />
      <property name="_APPDOMAIN" value="test-domain-" />
    </properties>
    <failure>
      <message><![CDATA[One or more child tests had errors]]></message>
    </failure>
    <test-suite type="TestSuite" id="0-1413" name="Kaitai" fullname="Kaitai" runstate="Runnable" testcasecount="206" result="Failed" site="Child" start-time="2020-10-31 09:50:53Z" end-time="2020-10-31 09:50:55Z" duration="1.422713" total="206" passed="205" failed="1" inconclusive="0" skipped="0" asserts="961">
      <failure>
        <message><![CDATA[One or more child tests had errors]]></message>
      </failure>
      <test-suite type="TestFixture" id="0-1000" name="SpecBcdUserTypeBe" fullname="Kaitai.SpecBcdUserTypeBe" classname="Kaitai.SpecBcdUserTypeBe" runstate="Runnable" testcasecount="1" result="Passed" start-time="2020-10-31 09:50:54Z" end-time="2020-10-31 09:50:54Z" duration="0.023830" total="1" passed="1" failed="0" inconclusive="0" skipped="0" asserts="6">
        <test-case id="0-1001" name="TestBcdUserTypeBe" fullname="Kaitai.SpecBcdUserTypeBe.TestBcdUserTypeBe" methodname="TestBcdUserTypeBe" classname="Kaitai.SpecBcdUserTypeBe" runstate="Runnable" seed="783597905" result="Passed" start-time="2020-10-31 09:50:54Z" end-time="2020-10-31 09:50:54Z" duration="0.015002" asserts="6" />
      </test-suite>
      <test-suite type="TestFixture" id="0-1002" name="SpecBcdUserTypeLe" fullname="Kaitai.SpecBcdUserTypeLe" classname="Kaitai.SpecBcdUserTypeLe" runstate="Runnable" testcasecount="1" result="Passed" start-time="2020-10-31 09:50:54Z" end-time="2020-10-31 09:50:54Z" duration="0.005088" total="1" passed="1" failed="0" inconclusive="0" skipped="0" asserts="6">
        <test-case id="0-1003" name="TestBcdUserTypeLe" fullname="Kaitai.SpecBcdUserTypeLe.TestBcdUserTypeLe" methodname="TestBcdUserTypeLe" classname="Kaitai.SpecBcdUserTypeLe" runstate="Runnable" seed="622483326" result="Passed" start-time="2020-10-31 09:50:54Z" end-time="2020-10-31 09:50:54Z" duration="0.002689" asserts="6" />
      </test-suite>
      <test-suite type="TestFixture" id="0-1004" name="SpecBitsByteAligned" fullname="Kaitai.SpecBitsByteAligned" classname="Kaitai.SpecBitsByteAligned" runstate="Runnable" testcasecount="1" result="Passed" start-time="2020-10-31 09:50:54Z" end-time="2020-10-31 09:50:54Z" duration="0.007877" total="1" passed="1" failed="0" inconclusive="0" skipped="0" asserts="9">
        <test-case id="0-1005" name="TestBitsByteAligned" fullname="Kaitai.SpecBitsByteAligned.TestBitsByteAligned" methodname="TestBitsByteAligned" classname="Kaitai.SpecBitsByteAligned" runstate="Runnable" seed="948395629" result="Passed" start-time="2020-10-31 09:50:54Z" end-time="2020-10-31 09:50:54Z" duration="0.005486" asserts="9" />
      </test-suite>
      <test-suite type="TestFixture" id="0-1006" name="SpecBitsEnum" fullname="Kaitai.SpecBitsEnum" classname="Kaitai.SpecBitsEnum" runstate="Runnable" testcasecount="1" result="Passed" start-time="2020-10-31 09:50:54Z" end-time="2020-10-31 09:50:54Z" duration="0.003114" total="1" passed="1" failed="0" inconclusive="0" skipped="0" asserts="3">
        <test-case id="0-1007" name="TestBitsEnum" fullname="Kaitai.SpecBitsEnum.TestBitsEnum" methodname="TestBitsEnum" classname="Kaitai.SpecBitsEnum" runstate="Runnable" seed="709560614" result="Passed" start-time="2020-10-31 09:50:54Z" end-time="2020-10-31 09:50:54Z" duration="0.000723" asserts="3" />
      </test-suite>
      <test-suite type="TestFixture" id="0-1008" name="SpecBitsSeqEndianCombo" fullname="Kaitai.SpecBitsSeqEndianCombo" classname="Kaitai.SpecBitsSeqEndianCombo" runstate="Runnable" testcasecount="1" result="Passed" start-time="2020-10-31 09:50:54Z" end-time="2020-10-31 09:50:54Z" duration="0.003193" total="1" passed="1" failed="0" inconclusive="0" skipped="0" asserts="8">
        <test-case id="0-1009" name="TestBitsSeqEndianCombo" fullname="Kaitai.SpecBitsSeqEndianCombo.TestBitsSeqEndianCombo" methodname="TestBitsSeqEndianCombo" classname="Kaitai.SpecBitsSeqEndianCombo" runstate="Runnable" seed="1813942074" result="Passed" start-time="2020-10-31 09:50:54Z" end-time="2020-10-31 09:50:54Z" duration="0.000781" asserts="8" />
      </test-suite>
      <test-suite type="TestFixture" id="0-1010" name="SpecBitsSignedB32Le" fullname="Kaitai.SpecBitsSignedB32Le" classname="Kaitai.SpecBitsSignedB32Le" runstate="Runnable" testcasecount="1" result="Passed" start-time="2020-10-31 09:50:54Z" end-time="2020-10-31 09:50:54Z" duration="0.003164" total="1" passed="1" failed="0" inconclusive="0" skipped="0" asserts="4">
        <test-case id="0-1011" name="TestBitsSignedB32Le" fullname="Kaitai.SpecBitsSignedB32Le.TestBitsSignedB32Le" methodname="TestBitsSignedB32Le" classname="Kaitai.SpecBitsSignedB32Le" runstate="Runnable" seed="1724961653" result="Passed" start-time="2020-10-31 09:50:54Z" end-time="2020-10-31 09:50:54Z" duration="0.000546" asserts="4" />
      </test-suite>
      <test-suite type="TestFixture" id="0-1012" name="SpecBitsSignedB64Le" fullname="Kaitai.SpecBitsSignedB64Le" classname="Kaitai.SpecBitsSignedB64Le" runstate="Runnable" testcasecount="1" result="Passed" start-time="2020-10-31 09:50:54Z" end-time="2020-10-31 09:50:54Z" duration="0.003140" total="1" passed="1" failed="0" inconclusive="0" skipped="0" asserts="4">
        <test-case id="0-1013" name="TestBitsSignedB64Le" fullname="Kaitai.SpecBitsSignedB64Le.TestBitsSignedB64Le" methodname="TestBitsSignedB64Le" classname="Kaitai.SpecBitsSignedB64Le" runstate="Runnable" seed="824951173" result="Passed" start-time="2020-10-31 09:50:54Z" end-time="2020-10-31 09:50:54Z" duration="0.000692" asserts="4" />
      </test-suite>
      <test-suite type="TestFixture" id="0-1014" name="SpecBitsSimple" fullname="Kaitai.SpecBitsSimple" classname="Kaitai.SpecBitsSimple" runstate="Runnable" testcasecount="1" result="Passed" start-time="2020-10-31 09:50:54Z" end-time="2020-10-31 09:50:54Z" duration="0.004308" total="1" passed="1" failed="0" inconclusive="0" skipped="0" asserts="14">
        <test-case id="0-1015" name="TestBitsSimple" fullname="Kaitai.SpecBitsSimple.TestBitsSimple" methodname="TestBitsSimple" classname="Kaitai.SpecBitsSimple" runstate="Runnable" seed="935118904" result="Passed" start-time="2020-10-31 09:50:54Z" end-time="2020-10-31 09:50:54Z" duration="0.001876" asserts="14" />
      </test-suite>
      <test-suite type="TestFixture" id="0-1016" name="SpecBitsSimpleLe" fullname="Kaitai.SpecBitsSimpleLe" classname="Kaitai.SpecBitsSimpleLe" runstate="Runnable" testcasecount="1" result="Passed" start-time="2020-10-31 09:50:54Z" end-time="2020-10-31 09:50:54Z" duration="0.003414" total="1" passed="1" failed="0" inconclusive="0" skipped="0" asserts="14">
        <test-case id="0-1017" name="TestBitsSimpleLe" fullname="Kaitai.SpecBitsSimpleLe.TestBitsSimpleLe" methodname="TestBitsSimpleLe" classname="Kaitai.SpecBitsSimpleLe" runstate="Runnable" seed="2139102023" result="Passed" start-time="2020-10-31 09:50:54Z" end-time="2020-10-31 09:50:54Z" duration="0.000976" asserts="14" />
      </test-suite>
      <test-suite type="TestFixture" id="0-1018" name="SpecBufferedStruct" fullname="Kaitai.SpecBufferedStruct" classname="Kaitai.SpecBufferedStruct" runstate="Runnable" testcasecount="1" result="Passed" start-time="2020-10-31 09:50:54Z" end-time="2020-10-31 09:50:54Z" duration="0.003868" total="1" passed="1" failed="0" inconclusive="0" skipped="0" asserts="7">
        <test-case id="0-1019" name="TestBufferedStruct" fullname="Kaitai.SpecBufferedStruct.TestBufferedStruct" methodname="TestBufferedStruct" classname="Kaitai.SpecBufferedStruct" runstate="Runnable" seed="1842259119" result="Passed" start-time="2020-10-31 09:50:54Z" end-time="2020-10-31 09:50:54Z" duration="0.001441" asserts="7" />
      </test-suite>
      <test-suite type="TestFixture" id="0-1020" name="SpecBytesPadTerm" fullname="Kaitai.SpecBytesPadTerm" classname="Kaitai.SpecBytesPadTerm" runstate="Runnable" testcasecount="1" result="Passed" start-time="2020-10-31 09:50:54Z" end-time="2020-10-31 09:50:54Z" duration="0.003208" total="1" passed="1" failed="0" inconclusive="0" skipped="0" asserts="4">
        <test-case id="0-1021" name="TestBytesPadTerm" fullname="Kaitai.SpecBytesPadTerm.TestBytesPadTerm" methodname="TestBytesPadTerm" classname="Kaitai.SpecBytesPadTerm" runstate="Runnable" seed="1056963805" result="Passed" start-time="2020-10-31 09:50:54Z" end-time="2020-10-31 09:50:54Z" duration="0.000783" asserts="4" />
      </test-suite>
      <test-suite type="TestFixture" id="0-1022" name="SpecCastNested" fullname="Kaitai.SpecCastNested" classname="Kaitai.SpecCastNested" runstate="Runnable" testcasecount="1" result="Passed" start-time="2020-10-31 09:50:54Z" end-time="2020-10-31 09:50:54Z" duration="0.025787" total="1" passed="1" failed="0" inconclusive="0" skipped="0" asserts="4">
        <test-case id="0-1023" name="TestCastNested" fullname="Kaitai.SpecCastNested.TestCastNested" methodname="TestCastNested" classname="Kaitai.SpecCastNested" runstate="Runnable" seed="273574873" result="Passed" start-time="2020-10-31 09:50:54Z" end-time="2020-10-31 09:50:54Z" duration="0.023327" asserts="4" />
      </test-suite>
      <test-suite type="TestFixture" id="0-1024" name="SpecCastToImported" fullname="Kaitai.SpecCastToImported" classname="Kaitai.SpecCastToImported" runstate="Runnable" testcasecount="1" result="Passed" start-time="2020-10-31 09:50:54Z" end-time="2020-10-31 09:50:54Z" duration="0.003040" total="1" passed="1" failed="0" inconclusive="0" skipped="0" asserts="2">
        <test-case id="0-1025" name="TestCastToImported" fullname="Kaitai.SpecCastToImported.TestCastToImported" methodname="TestCastToImported" classname="Kaitai.SpecCastToImported" runstate="Runnable" seed="788410178" result="Passed" start-time="2020-10-31 09:50:54Z" end-time="2020-10-31 09:50:54Z" duration="0.000612" asserts="2" />
      </test-suite>
      <test-suite type="TestFixture" id="0-1026" name="SpecCastToTop" fullname="Kaitai.SpecCastToTop" classname="Kaitai.SpecCastToTop" runstate="Runnable" testcasecount="1" result="Passed" start-time="2020-10-31 09:50:54Z" end-time="2020-10-31 09:50:54Z" duration="0.003516" total="1" passed="1" failed="0" inconclusive="0" skipped="0" asserts="3">
        <test-case id="0-1027" name="TestCastToTop" fullname="Kaitai.SpecCastToTop.TestCastToTop" methodname="TestCastToTop" classname="Kaitai.SpecCastToTop" runstate="Runnable" seed="602005293" result="Passed" start-time="2020-10-31 09:50:54Z" end-time="2020-10-31 09:50:54Z" duration="0.001098" asserts="3" />
      </test-suite>
      <test-suite type="TestFixture" id="0-1028" name="SpecCombineBool" fullname="Kaitai.SpecCombineBool" classname="Kaitai.SpecCombineBool" runstate="Runnable" testcasecount="1" result="Passed" start-time="2020-10-31 09:50:54Z" end-time="2020-10-31 09:50:54Z" duration="0.003017" total="1" passed="1" failed="0" inconclusive="0" skipped="0" asserts="2">
        <test-case id="0-1029" name="TestCombineBool" fullname="Kaitai.SpecCombineBool.TestCombineBool" methodname="TestCombineBool" classname="Kaitai.SpecCombineBool" runstate="Runnable" seed="321520072" result="Passed" start-time="2020-10-31 09:50:54Z" end-time="2020-10-31 09:50:54Z" duration="0.000599" asserts="2" />
      </test-suite>
      <test-suite type="TestFixture" id="0-1030" name="SpecCombineBytes" fullname="Kaitai.SpecCombineBytes" classname="Kaitai.SpecCombineBytes" runstate="Runnable" testcasecount="1" result="Passed" start-time="2020-10-31 09:50:54Z" end-time="2020-10-31 09:50:54Z" duration="0.003976" total="1" passed="1" failed="0" inconclusive="0" skipped="0" asserts="10">
        <test-case id="0-1031" name="TestCombineBytes" fullname="Kaitai.SpecCombineBytes.TestCombineBytes" methodname="TestCombineBytes" classname="Kaitai.SpecCombineBytes" runstate="Runnable" seed="490753046" result="Passed" start-time="2020-10-31 09:50:54Z" end-time="2020-10-31 09:50:54Z" duration="0.001528" asserts="10" />
      </test-suite>
      <test-suite type="TestFixture" id="0-1032" name="SpecCombineEnum" fullname="Kaitai.SpecCombineEnum" classname="Kaitai.SpecCombineEnum" runstate="Runnable" testcasecount="1" result="Passed" start-time="2020-10-31 09:50:54Z" end-time="2020-10-31 09:50:54Z" duration="0.003045" total="1" passed="1" failed="0" inconclusive="0" skipped="0" asserts="3">
        <test-case id="0-1033" name="TestCombineEnum" fullname="Kaitai.SpecCombineEnum.TestCombineEnum" methodname="TestCombineEnum" classname="Kaitai.SpecCombineEnum" runstate="Runnable" seed="949110829" result="Passed" start-time="2020-10-31 09:50:54Z" end-time="2020-10-31 09:50:54Z" duration="0.000644" asserts="3" />
      </test-suite>
      <test-suite type="TestFixture" id="0-1034" name="SpecCombineStr" fullname="Kaitai.SpecCombineStr" classname="Kaitai.SpecCombineStr" runstate="Runnable" testcasecount="1" result="Passed" start-time="2020-10-31 09:50:54Z" end-time="2020-10-31 09:50:54Z" duration="0.003645" total="1" passed="1" failed="0" inconclusive="0" skipped="0" asserts="15">
        <test-case id="0-1035" name="TestCombineStr" fullname="Kaitai.SpecCombineStr.TestCombineStr" methodname="TestCombineStr" classname="Kaitai.SpecCombineStr" runstate="Runnable" seed="1175531641" result="Passed" start-time="2020-10-31 09:50:54Z" end-time="2020-10-31 09:50:54Z" duration="0.001246" asserts="15" />
      </test-suite>
      <test-suite type="TestFixture" id="0-1036" name="SpecDebug0" fullname="Kaitai.SpecDebug0" classname="Kaitai.SpecDebug0" runstate="Runnable" testcasecount="1" result="Passed" start-time="2020-10-31 09:50:54Z" end-time="2020-10-31 09:50:54Z" duration="0.002466" total="1" passed="1" failed="0" inconclusive="0" skipped="0" asserts="0">
        <test-case id="0-1037" name="TestDebug0" fullname="Kaitai.SpecDebug0.TestDebug0" methodname="TestDebug0" classname="Kaitai.SpecDebug0" runstate="Runnable" seed="1477194826" result="Passed" start-time="2020-10-31 09:50:54Z" end-time="2020-10-31 09:50:54Z" duration="0.000069" asserts="0" />
      </test-suite>
      <test-suite type="TestFixture" id="0-1038" name="SpecDebugArrayUser" fullname="Kaitai.SpecDebugArrayUser" classname="Kaitai.SpecDebugArrayUser" runstate="Runnable" testcasecount="1" result="Passed" start-time="2020-10-31 09:50:54Z" end-time="2020-10-31 09:50:54Z" duration="0.003362" total="1" passed="1" failed="0" inconclusive="0" skipped="0" asserts="4">
        <test-case id="0-1039" name="TestDebugArrayUser" fullname="Kaitai.SpecDebugArrayUser.TestDebugArrayUser" methodname="TestDebugArrayUser" classname="Kaitai.SpecDebugArrayUser" runstate="Runnable" seed="1236932317" result="Passed" start-time="2020-10-31 09:50:54Z" end-time="2020-10-31 09:50:54Z" duration="0.000952" asserts="4" />
      </test-suite>
      <test-suite type="TestFixture" id="0-1040" name="SpecDebugEnumName" fullname="Kaitai.SpecDebugEnumName" classname="Kaitai.SpecDebugEnumName" runstate="Runnable" testcasecount="1" result="Passed" start-time="2020-10-31 09:50:54Z" end-time="2020-10-31 09:50:54Z" duration="0.002471" total="1" passed="1" failed="0" inconclusive="0" skipped="0" asserts="0">
        <test-case id="0-1041" name="TestDebugEnumName" fullname="Kaitai.SpecDebugEnumName.TestDebugEnumName" methodname="TestDebugEnumName" classname="Kaitai.SpecDebugEnumName" runstate="Runnable" seed="653195472" result="Passed" start-time="2020-10-31 09:50:54Z" end-time="2020-10-31 09:50:54Z" duration="0.000069" asserts="0" />
      </test-suite>
      <test-suite type="TestFixture" id="0-1042" name="SpecDebugSwitchUser" fullname="Kaitai.SpecDebugSwitchUser" classname="Kaitai.SpecDebugSwitchUser" runstate="Runnable" testcasecount="1" result="Passed" start-time="2020-10-31 09:50:54Z" end-time="2020-10-31 09:50:54Z" duration="0.003044" total="1" passed="1" failed="0" inconclusive="0" skipped="0" asserts="2">
        <test-case id="0-1043" name="TestDebugSwitchUser" fullname="Kaitai.SpecDebugSwitchUser.TestDebugSwitchUser" methodname="TestDebugSwitchUser" classname="Kaitai.SpecDebugSwitchUser" runstate="Runnable" seed="1092488642" result="Passed" start-time="2020-10-31 09:50:54Z" end-time="2020-10-31 09:50:54Z" duration="0.000647" asserts="2" />
      </test-suite>
      <test-suite type="TestFixture" id="0-1044" name="SpecDefaultBigEndian" fullname="Kaitai.SpecDefaultBigEndian" classname="Kaitai.SpecDefaultBigEndian" runstate="Runnable" testcasecount="1" result="Passed" start-time="2020-10-31 09:50:54Z" end-time="2020-10-31 09:50:54Z" duration="0.002869" total="1" passed="1" failed="0" inconclusive="0" skipped="0" asserts="1">
        <test-case id="0-1045" name="TestDefaultBigEndian" fullname="Kaitai.SpecDefaultBigEndian.TestDefaultBigEndian" methodname="TestDefaultBigEndian" classname="Kaitai.SpecDefaultBigEndian" runstate="Runnable" seed="775766901" result="Passed" start-time="2020-10-31 09:50:54Z" end-time="2020-10-31 09:50:54Z" duration="0.000446" asserts="1" />
      </test-suite>
      <test-suite type="TestFixture" id="0-1046" name="SpecDefaultBitEndianMod" fullname="Kaitai.SpecDefaultBitEndianMod" classname="Kaitai.SpecDefaultBitEndianMod" runstate="Runnable" testcasecount="1" result="Passed" start-time="2020-10-31 09:50:54Z" end-time="2020-10-31 09:50:54Z" duration="0.003200" total="1" passed="1" failed="0" inconclusive="0" skipped="0" asserts="4">
        <test-case id="0-1047" name="TestDefaultBitEndianMod" fullname="Kaitai.SpecDefaultBitEndianMod.TestDefaultBitEndianMod" methodname="TestDefaultBitEndianMod" classname="Kaitai.SpecDefaultBitEndianMod" runstate="Runnable" seed="395856193" result="Passed" start-time="2020-10-31 09:50:54Z" end-time="2020-10-31 09:50:54Z" duration="0.000794" asserts="4" />
      </test-suite>
      <test-suite type="TestFixture" id="0-1048" name="SpecDefaultEndianExprException" fullname="Kaitai.SpecDefaultEndianExprException" classname="Kaitai.SpecDefaultEndianExprException" runstate="Runnable" testcasecount="1" result="Passed" start-time="2020-10-31 09:50:54Z" end-time="2020-10-31 09:50:54Z" duration="0.006741" total="1" passed="1" failed="0" inconclusive="0" skipped="0" asserts="1">
        <test-case id="0-1049" name="TestDefaultEndianExprException" fullname="Kaitai.SpecDefaultEndianExprException.TestDefaultEndianExprException" methodname="TestDefaultEndianExprException" classname="Kaitai.SpecDefaultEndianExprException" runstate="Runnable" seed="693636649" result="Passed" start-time="2020-10-31 09:50:54Z" end-time="2020-10-31 09:50:54Z" duration="0.004322" asserts="1" />
      </test-suite>
      <test-suite type="TestFixture" id="0-1050" name="SpecDefaultEndianExprInherited" fullname="Kaitai.SpecDefaultEndianExprInherited" classname="Kaitai.SpecDefaultEndianExprInherited" runstate="Runnable" testcasecount="1" result="Passed" start-time="2020-10-31 09:50:54Z" end-time="2020-10-31 09:50:54Z" duration="0.005220" total="1" passed="1" failed="0" inconclusive="0" skipped="0" asserts="15">
        <test-case id="0-1051" name="TestDefaultEndianExprInherited" fullname="Kaitai.SpecDefaultEndianExprInherited.TestDefaultEndianExprInherited" methodname="TestDefaultEndianExprInherited" classname="Kaitai.SpecDefaultEndianExprInherited" runstate="Runnable" seed="737358016" result="Passed" start-time="2020-10-31 09:50:54Z" end-time="2020-10-31 09:50:54Z" duration="0.002828" asserts="15" />
      </test-suite>
      <test-suite type="TestFixture" id="0-1052" name="SpecDefaultEndianExprIsBe" fullname="Kaitai.SpecDefaultEndianExprIsBe" classname="Kaitai.SpecDefaultEndianExprIsBe" runstate="Runnable" testcasecount="1" result="Passed" start-time="2020-10-31 09:50:54Z" end-time="2020-10-31 09:50:54Z" duration="0.005226" total="1" passed="1" failed="0" inconclusive="0" skipped="0" asserts="18">
        <test-case id="0-1053" name="TestDefaultEndianExprIsBe" fullname="Kaitai.SpecDefaultEndianExprIsBe.TestDefaultEndianExprIsBe" methodname="TestDefaultEndianExprIsBe" classname="Kaitai.SpecDefaultEndianExprIsBe" runstate="Runnable" seed="1712177934" result="Passed" start-time="2020-10-31 09:50:54Z" end-time="2020-10-31 09:50:54Z" duration="0.002808" asserts="18" />
      </test-suite>
      <test-suite type="TestFixture" id="0-1054" name="SpecDefaultEndianExprIsLe" fullname="Kaitai.SpecDefaultEndianExprIsLe" classname="Kaitai.SpecDefaultEndianExprIsLe" runstate="Runnable" testcasecount="1" result="Passed" start-time="2020-10-31 09:50:54Z" end-time="2020-10-31 09:50:54Z" duration="0.004087" total="1" passed="1" failed="0" inconclusive="0" skipped="0" asserts="12">
        <test-case id="0-1055" name="TestDefaultEndianExprIsLe" fullname="Kaitai.SpecDefaultEndianExprIsLe.TestDefaultEndianExprIsLe" methodname="TestDefaultEndianExprIsLe" classname="Kaitai.SpecDefaultEndianExprIsLe" runstate="Runnable" seed="93168311" result="Passed" start-time="2020-10-31 09:50:54Z" end-time="2020-10-31 09:50:54Z" duration="0.001690" asserts="12" />
      </test-suite>
      <test-suite type="TestFixture" id="0-1056" name="SpecDefaultEndianMod" fullname="Kaitai.SpecDefaultEndianMod" classname="Kaitai.SpecDefaultEndianMod" runstate="Runnable" testcasecount="1" result="Passed" start-time="2020-10-31 09:50:54Z" end-time="2020-10-31 09:50:54Z" duration="0.003308" total="1" passed="1" failed="0" inconclusive="0" skipped="0" asserts="3">
        <test-case id="0-1057" name="TestDefaultEndianMod" fullname="Kaitai.SpecDefaultEndianMod.TestDefaultEndianMod" methodname="TestDefaultEndianMod" classname="Kaitai.SpecDefaultEndianMod" runstate="Runnable" seed="644327097" result="Passed" start-time="2020-10-31 09:50:54Z" end-time="2020-10-31 09:50:54Z" duration="0.000906" asserts="3" />
      </test-suite>
      <test-suite type="TestFixture" id="0-1058" name="SpecDocstrings" fullname="Kaitai.SpecDocstrings" classname="Kaitai.SpecDocstrings" runstate="Runnable" testcasecount="1" result="Passed" start-time="2020-10-31 09:50:54Z" end-time="2020-10-31 09:50:54Z" duration="0.002768" total="1" passed="1" failed="0" inconclusive="0" skipped="0" asserts="0">
        <test-case id="0-1059" name="TestDocstrings" fullname="Kaitai.SpecDocstrings.TestDocstrings" methodname="TestDocstrings" classname="Kaitai.SpecDocstrings" runstate="Runnable" seed="1787572281" result="Passed" start-time="2020-10-31 09:50:54Z" end-time="2020-10-31 09:50:54Z" duration="0.000389" asserts="0" />
      </test-suite>
      <test-suite type="TestFixture" id="0-1060" name="SpecDocstringsDocref" fullname="Kaitai.SpecDocstringsDocref" classname="Kaitai.SpecDocstringsDocref" runstate="Runnable" testcasecount="1" result="Passed" start-time="2020-10-31 09:50:54Z" end-time="2020-10-31 09:50:54Z" duration="0.002706" total="1" passed="1" failed="0" inconclusive="0" skipped="0" asserts="0">
        <test-case id="0-1061" name="TestDocstringsDocref" fullname="Kaitai.SpecDocstringsDocref.TestDocstringsDocref" methodname="TestDocstringsDocref" classname="Kaitai.SpecDocstringsDocref" runstate="Runnable" seed="1657460927" result="Passed" start-time="2020-10-31 09:50:54Z" end-time="2020-10-31 09:50:54Z" duration="0.000343" asserts="0" />
      </test-suite>
      <test-suite type="TestFixture" id="0-1062" name="SpecDocstringsDocrefMulti" fullname="Kaitai.SpecDocstringsDocrefMulti" classname="Kaitai.SpecDocstringsDocrefMulti" runstate="Runnable" testcasecount="1" result="Passed" start-time="2020-10-31 09:50:54Z" end-time="2020-10-31 09:50:54Z" duration="0.002660" total="1" passed="1" failed="0" inconclusive="0" skipped="0" asserts="0">
        <test-case id="0-1063" name="TestDocstringsDocrefMulti" fullname="Kaitai.SpecDocstringsDocrefMulti.TestDocstringsDocrefMulti" methodname="TestDocstringsDocrefMulti" classname="Kaitai.SpecDocstringsDocrefMulti" runstate="Runnable" seed="160834681" result="Passed" start-time="2020-10-31 09:50:54Z" end-time="2020-10-31 09:50:54Z" duration="0.000270" asserts="0" />
      </test-suite>
      <test-suite type="TestFixture" id="0-1064" name="SpecEnum0" fullname="Kaitai.SpecEnum0" classname="Kaitai.SpecEnum0" runstate="Runnable" testcasecount="1" result="Passed" start-time="2020-10-31 09:50:54Z" end-time="2020-10-31 09:50:54Z" duration="0.002851" total="1" passed="1" failed="0" inconclusive="0" skipped="0" asserts="2">
        <test-case id="0-1065" name="TestEnum0" fullname="Kaitai.SpecEnum0.TestEnum0" methodname="TestEnum0" classname="Kaitai.SpecEnum0" runstate="Runnable" seed="1353842955" result="Passed" start-time="2020-10-31 09:50:54Z" end-time="2020-10-31 09:50:54Z" duration="0.000462" asserts="2" />
      </test-suite>
      <test-suite type="TestFixture" id="0-1066" name="SpecEnum1" fullname="Kaitai.SpecEnum1" classname="Kaitai.SpecEnum1" runstate="Runnable" testcasecount="1" result="Passed" start-time="2020-10-31 09:50:54Z" end-time="2020-10-31 09:50:54Z" duration="0.003103" total="1" passed="1" failed="0" inconclusive="0" skipped="0" asserts="2">
        <test-case id="0-1067" name="TestEnum1" fullname="Kaitai.SpecEnum1.TestEnum1" methodname="TestEnum1" classname="Kaitai.SpecEnum1" runstate="Runnable" seed="1427191559" result="Passed" start-time="2020-10-31 09:50:54Z" end-time="2020-10-31 09:50:54Z" duration="0.000683" asserts="2" />
      </test-suite>
      <test-suite type="TestFixture" id="0-1068" name="SpecEnumDeep" fullname="Kaitai.SpecEnumDeep" classname="Kaitai.SpecEnumDeep" runstate="Runnable" testcasecount="1" result="Passed" start-time="2020-10-31 09:50:54Z" end-time="2020-10-31 09:50:54Z" duration="0.002863" total="1" passed="1" failed="0" inconclusive="0" skipped="0" asserts="2">
        <test-case id="0-1069" name="TestEnumDeep" fullname="Kaitai.SpecEnumDeep.TestEnumDeep" methodname="TestEnumDeep" classname="Kaitai.SpecEnumDeep" runstate="Runnable" seed="2062881965" result="Passed" start-time="2020-10-31 09:50:54Z" end-time="2020-10-31 09:50:54Z" duration="0.000463" asserts="2" />
      </test-suite>
      <test-suite type="TestFixture" id="0-1070" name="SpecEnumDeepLiterals" fullname="Kaitai.SpecEnumDeepLiterals" classname="Kaitai.SpecEnumDeepLiterals" runstate="Runnable" testcasecount="1" result="Passed" start-time="2020-10-31 09:50:54Z" end-time="2020-10-31 09:50:54Z" duration="0.003009" total="1" passed="1" failed="0" inconclusive="0" skipped="0" asserts="2">
        <test-case id="0-1071" name="TestEnumDeepLiterals" fullname="Kaitai.SpecEnumDeepLiterals.TestEnumDeepLiterals" methodname="TestEnumDeepLiterals" classname="Kaitai.SpecEnumDeepLiterals" runstate="Runnable" seed="1605847412" result="Passed" start-time="2020-10-31 09:50:54Z" end-time="2020-10-31 09:50:54Z" duration="0.000597" asserts="2" />
      </test-suite>
      <test-suite type="TestFixture" id="0-1072" name="SpecEnumFancy" fullname="Kaitai.SpecEnumFancy" classname="Kaitai.SpecEnumFancy" runstate="Runnable" testcasecount="1" result="Passed" start-time="2020-10-31 09:50:54Z" end-time="2020-10-31 09:50:54Z" duration="0.002851" total="1" passed="1" failed="0" inconclusive="0" skipped="0" asserts="2">
        <test-case id="0-1073" name="TestEnumFancy" fullname="Kaitai.SpecEnumFancy.TestEnumFancy" methodname="TestEnumFancy" classname="Kaitai.SpecEnumFancy" runstate="Runnable" seed="393739660" result="Passed" start-time="2020-10-31 09:50:54Z" end-time="2020-10-31 09:50:54Z" duration="0.000434" asserts="2" />
      </test-suite>
      <test-suite type="TestFixture" id="0-1074" name="SpecEnumForUnknownId" fullname="Kaitai.SpecEnumForUnknownId" classname="Kaitai.SpecEnumForUnknownId" runstate="Runnable" testcasecount="1" result="Passed" start-time="2020-10-31 09:50:54Z" end-time="2020-10-31 09:50:54Z" duration="0.002805" total="1" passed="1" failed="0" inconclusive="0" skipped="0" asserts="1">
        <test-case id="0-1075" name="TestEnumForUnknownId" fullname="Kaitai.SpecEnumForUnknownId.TestEnumForUnknownId" methodname="TestEnumForUnknownId" classname="Kaitai.SpecEnumForUnknownId" runstate="Runnable" seed="1872082079" result="Passed" start-time="2020-10-31 09:50:54Z" end-time="2020-10-31 09:50:54Z" duration="0.000419" asserts="1" />
      </test-suite>
      <test-suite type="TestFixture" id="0-1076" name="SpecEnumIf" fullname="Kaitai.SpecEnumIf" classname="Kaitai.SpecEnumIf" runstate="Runnable" testcasecount="1" result="Passed" start-time="2020-10-31 09:50:54Z" end-time="2020-10-31 09:50:54Z" duration="0.003614" total="1" passed="1" failed="0" inconclusive="0" skipped="0" asserts="7">
        <test-case id="0-1077" name="TestEnumIf" fullname="Kaitai.SpecEnumIf.TestEnumIf" methodname="TestEnumIf" classname="Kaitai.SpecEnumIf" runstate="Runnable" seed="1847983119" result="Passed" start-time="2020-10-31 09:50:54Z" end-time="2020-10-31 09:50:54Z" duration="0.001211" asserts="7" />
      </test-suite>
      <test-suite type="TestFixture" id="0-1078" name="SpecEnumImport" fullname="Kaitai.SpecEnumImport" classname="Kaitai.SpecEnumImport" runstate="Runnable" testcasecount="1" result="Passed" start-time="2020-10-31 09:50:54Z" end-time="2020-10-31 09:50:54Z" duration="0.002814" total="1" passed="1" failed="0" inconclusive="0" skipped="0" asserts="2">
        <test-case id="0-1079" name="TestEnumImport" fullname="Kaitai.SpecEnumImport.TestEnumImport" methodname="TestEnumImport" classname="Kaitai.SpecEnumImport" runstate="Runnable" seed="7342024" result="Passed" start-time="2020-10-31 09:50:54Z" end-time="2020-10-31 09:50:54Z" duration="0.000421" asserts="2" />
      </test-suite>
      <test-suite type="TestFixture" id="0-1080" name="SpecEnumIntRangeS" fullname="Kaitai.SpecEnumIntRangeS" classname="Kaitai.SpecEnumIntRangeS" runstate="Runnable" testcasecount="1" result="Passed" start-time="2020-10-31 09:50:54Z" end-time="2020-10-31 09:50:54Z" duration="0.002896" total="1" passed="1" failed="0" inconclusive="0" skipped="0" asserts="3">
        <test-case id="0-1081" name="TestEnumIntRangeS" fullname="Kaitai.SpecEnumIntRangeS.TestEnumIntRangeS" methodname="TestEnumIntRangeS" classname="Kaitai.SpecEnumIntRangeS" runstate="Runnable" seed="1179256705" result="Passed" start-time="2020-10-31 09:50:54Z" end-time="2020-10-31 09:50:54Z" duration="0.000498" asserts="3" />
      </test-suite>
      <test-suite type="TestFixture" id="0-1082" name="SpecEnumInvalid" fullname="Kaitai.SpecEnumInvalid" classname="Kaitai.SpecEnumInvalid" runstate="Runnable" testcasecount="1" result="Passed" start-time="2020-10-31 09:50:54Z" end-time="2020-10-31 09:50:54Z" duration="0.002865" total="1" passed="1" failed="0" inconclusive="0" skipped="0" asserts="2">
        <test-case id="0-1083" name="TestEnumInvalid" fullname="Kaitai.SpecEnumInvalid.TestEnumInvalid" methodname="TestEnumInvalid" classname="Kaitai.SpecEnumInvalid" runstate="Runnable" seed="1166574860" result="Passed" start-time="2020-10-31 09:50:54Z" end-time="2020-10-31 09:50:54Z" duration="0.000462" asserts="2" />
      </test-suite>
      <test-suite type="TestFixture" id="0-1084" name="SpecEnumNegative" fullname="Kaitai.SpecEnumNegative" classname="Kaitai.SpecEnumNegative" runstate="Runnable" testcasecount="1" result="Passed" start-time="2020-10-31 09:50:54Z" end-time="2020-10-31 09:50:54Z" duration="0.003768" total="1" passed="1" failed="0" inconclusive="0" skipped="0" asserts="2">
        <test-case id="0-1085" name="TestEnumNegative" fullname="Kaitai.SpecEnumNegative.TestEnumNegative" methodname="TestEnumNegative" classname="Kaitai.SpecEnumNegative" runstate="Runnable" seed="2079569395" result="Passed" start-time="2020-10-31 09:50:54Z" end-time="2020-10-31 09:50:54Z" duration="0.001029" asserts="2" />
      </test-suite>
      <test-suite type="TestFixture" id="0-1086" name="SpecEnumOfValueInst" fullname="Kaitai.SpecEnumOfValueInst" classname="Kaitai.SpecEnumOfValueInst" runstate="Runnable" testcasecount="1" result="Passed" start-time="2020-10-31 09:50:54Z" end-time="2020-10-31 09:50:54Z" duration="0.003137" total="1" passed="1" failed="0" inconclusive="0" skipped="0" asserts="4">
        <test-case id="0-1087" name="TestEnumOfValueInst" fullname="Kaitai.SpecEnumOfValueInst.TestEnumOfValueInst" methodname="TestEnumOfValueInst" classname="Kaitai.SpecEnumOfValueInst" runstate="Runnable" seed="1342320141" result="Passed" start-time="2020-10-31 09:50:54Z" end-time="2020-10-31 09:50:54Z" duration="0.000685" asserts="4" />
      </test-suite>
      <test-suite type="TestFixture" id="0-1088" name="SpecEofExceptionBytes" fullname="Kaitai.SpecEofExceptionBytes" classname="Kaitai.SpecEofExceptionBytes" runstate="Runnable" testcasecount="1" result="Passed" start-time="2020-10-31 09:50:54Z" end-time="2020-10-31 09:50:54Z" duration="0.004118" total="1" passed="1" failed="0" inconclusive="0" skipped="0" asserts="1">
        <test-case id="0-1089" name="TestEofExceptionBytes" fullname="Kaitai.SpecEofExceptionBytes.TestEofExceptionBytes" methodname="TestEofExceptionBytes" classname="Kaitai.SpecEofExceptionBytes" runstate="Runnable" seed="1638669682" result="Passed" start-time="2020-10-31 09:50:54Z" end-time="2020-10-31 09:50:54Z" duration="0.001493" asserts="1" />
      </test-suite>
      <test-suite type="TestFixture" id="0-1090" name="SpecEofExceptionU4" fullname="Kaitai.SpecEofExceptionU4" classname="Kaitai.SpecEofExceptionU4" runstate="Runnable" testcasecount="1" result="Passed" start-time="2020-10-31 09:50:54Z" end-time="2020-10-31 09:50:54Z" duration="0.002906" total="1" passed="1" failed="0" inconclusive="0" skipped="0" asserts="1">
        <test-case id="0-1091" name="TestEofExceptionU4" fullname="Kaitai.SpecEofExceptionU4.TestEofExceptionU4" methodname="TestEofExceptionU4" classname="Kaitai.SpecEofExceptionU4" runstate="Runnable" seed="59950274" result="Passed" start-time="2020-10-31 09:50:54Z" end-time="2020-10-31 09:50:54Z" duration="0.000473" asserts="1" />
      </test-suite>
      <test-suite type="TestFixture" id="0-1092" name="SpecEosExceptionBytes" fullname="Kaitai.SpecEosExceptionBytes" classname="Kaitai.SpecEosExceptionBytes" runstate="Runnable" testcasecount="1" result="Passed" start-time="2020-10-31 09:50:54Z" end-time="2020-10-31 09:50:54Z" duration="0.002993" total="1" passed="1" failed="0" inconclusive="0" skipped="0" asserts="1">
        <test-case id="0-1093" name="TestEosExceptionBytes" fullname="Kaitai.SpecEosExceptionBytes.TestEosExceptionBytes" methodname="TestEosExceptionBytes" classname="Kaitai.SpecEosExceptionBytes" runstate="Runnable" seed="1341523140" result="Passed" start-time="2020-10-31 09:50:54Z" end-time="2020-10-31 09:50:54Z" duration="0.000561" asserts="1" />
      </test-suite>
      <test-suite type="TestFixture" id="0-1094" name="SpecEosExceptionU4" fullname="Kaitai.SpecEosExceptionU4" classname="Kaitai.SpecEosExceptionU4" runstate="Runnable" testcasecount="1" result="Passed" start-time="2020-10-31 09:50:54Z" end-time="2020-10-31 09:50:54Z" duration="0.003308" total="1" passed="1" failed="0" inconclusive="0" skipped="0" asserts="1">
        <test-case id="0-1095" name="TestEosExceptionU4" fullname="Kaitai.SpecEosExceptionU4.TestEosExceptionU4" methodname="TestEosExceptionU4" classname="Kaitai.SpecEosExceptionU4" runstate="Runnable" seed="1717944440" result="Passed" start-time="2020-10-31 09:50:54Z" end-time="2020-10-31 09:50:54Z" duration="0.000613" asserts="1" />
      </test-suite>
      <test-suite type="TestFixture" id="0-1096" name="SpecExpr0" fullname="Kaitai.SpecExpr0" classname="Kaitai.SpecExpr0" runstate="Runnable" testcasecount="1" result="Passed" start-time="2020-10-31 09:50:54Z" end-time="2020-10-31 09:50:54Z" duration="0.002924" total="1" passed="1" failed="0" inconclusive="0" skipped="0" asserts="2">
        <test-case id="0-1097" name="TestExpr0" fullname="Kaitai.SpecExpr0.TestExpr0" methodname="TestExpr0" classname="Kaitai.SpecExpr0" runstate="Runnable" seed="727841080" result="Passed" start-time="2020-10-31 09:50:54Z" end-time="2020-10-31 09:50:54Z" duration="0.000502" asserts="2" />
      </test-suite>
      <test-suite type="TestFixture" id="0-1098" name="SpecExpr1" fullname="Kaitai.SpecExpr1" classname="Kaitai.SpecExpr1" runstate="Runnable" testcasecount="1" result="Passed" start-time="2020-10-31 09:50:54Z" end-time="2020-10-31 09:50:54Z" duration="0.002979" total="1" passed="1" failed="0" inconclusive="0" skipped="0" asserts="4">
        <test-case id="0-1099" name="TestExpr1" fullname="Kaitai.SpecExpr1.TestExpr1" methodname="TestExpr1" classname="Kaitai.SpecExpr1" runstate="Runnable" seed="1981752262" result="Passed" start-time="2020-10-31 09:50:54Z" end-time="2020-10-31 09:50:54Z" duration="0.000589" asserts="4" />
      </test-suite>
      <test-suite type="TestFixture" id="0-1100" name="SpecExpr2" fullname="Kaitai.SpecExpr2" classname="Kaitai.SpecExpr2" runstate="Runnable" testcasecount="1" result="Passed" start-time="2020-10-31 09:50:54Z" end-time="2020-10-31 09:50:54Z" duration="0.004200" total="1" passed="1" failed="0" inconclusive="0" skipped="0" asserts="17">
        <test-case id="0-1101" name="TestExpr2" fullname="Kaitai.SpecExpr2.TestExpr2" methodname="TestExpr2" classname="Kaitai.SpecExpr2" runstate="Runnable" seed="723962404" result="Passed" start-time="2020-10-31 09:50:54Z" end-time="2020-10-31 09:50:54Z" duration="0.001794" asserts="17" />
      </test-suite>
      <test-suite type="TestFixture" id="0-1102" name="SpecExpr3" fullname="Kaitai.SpecExpr3" classname="Kaitai.SpecExpr3" runstate="Runnable" testcasecount="1" result="Passed" start-time="2020-10-31 09:50:54Z" end-time="2020-10-31 09:50:54Z" duration="0.004809" total="1" passed="1" failed="0" inconclusive="0" skipped="0" asserts="12">
        <test-case id="0-1103" name="TestExpr3" fullname="Kaitai.SpecExpr3.TestExpr3" methodname="TestExpr3" classname="Kaitai.SpecExpr3" runstate="Runnable" seed="161301095" result="Passed" start-time="2020-10-31 09:50:54Z" end-time="2020-10-31 09:50:54Z" duration="0.002019" asserts="12" />
      </test-suite>
      <test-suite type="TestFixture" id="0-1104" name="SpecExprArray" fullname="Kaitai.SpecExprArray" classname="Kaitai.SpecExprArray" runstate="Runnable" testcasecount="1" result="Passed" start-time="2020-10-31 09:50:54Z" end-time="2020-10-31 09:50:54Z" duration="0.008921" total="1" passed="1" failed="0" inconclusive="0" skipped="0" asserts="15">
        <test-case id="0-1105" name="TestExprArray" fullname="Kaitai.SpecExprArray.TestExprArray" methodname="TestExprArray" classname="Kaitai.SpecExprArray" runstate="Runnable" seed="1449706590" result="Passed" start-time="2020-10-31 09:50:54Z" end-time="2020-10-31 09:50:54Z" duration="0.006112" asserts="15" />
      </test-suite>
      <test-suite type="TestFixture" id="0-1106" name="SpecExprBytesCmp" fullname="Kaitai.SpecExprBytesCmp" classname="Kaitai.SpecExprBytesCmp" runstate="Runnable" testcasecount="1" result="Passed" start-time="2020-10-31 09:50:54Z" end-time="2020-10-31 09:50:54Z" duration="0.003982" total="1" passed="1" failed="0" inconclusive="0" skipped="0" asserts="10">
        <test-case id="0-1107" name="TestExprBytesCmp" fullname="Kaitai.SpecExprBytesCmp.TestExprBytesCmp" methodname="TestExprBytesCmp" classname="Kaitai.SpecExprBytesCmp" runstate="Runnable" seed="802610120" result="Passed" start-time="2020-10-31 09:50:54Z" end-time="2020-10-31 09:50:54Z" duration="0.001296" asserts="10" />
      </test-suite>
      <test-suite type="TestFixture" id="0-1108" name="SpecExprBytesOps" fullname="Kaitai.SpecExprBytesOps" classname="Kaitai.SpecExprBytesOps" runstate="Runnable" testcasecount="1" result="Passed" start-time="2020-10-31 09:50:54Z" end-time="2020-10-31 09:50:54Z" duration="0.004930" total="1" passed="1" failed="0" inconclusive="0" skipped="0" asserts="12">
        <test-case id="0-1109" name="TestExprBytesOps" fullname="Kaitai.SpecExprBytesOps.TestExprBytesOps" methodname="TestExprBytesOps" classname="Kaitai.SpecExprBytesOps" runstate="Runnable" seed="1099169482" result="Passed" start-time="2020-10-31 09:50:54Z" end-time="2020-10-31 09:50:54Z" duration="0.002487" asserts="12" />
      </test-suite>
      <test-suite type="TestFixture" id="0-1110" name="SpecExprCalcArrayOps" fullname="Kaitai.SpecExprCalcArrayOps" classname="Kaitai.SpecExprCalcArrayOps" runstate="Runnable" testcasecount="1" result="Passed" start-time="2020-10-31 09:50:54Z" end-time="2020-10-31 09:50:54Z" duration="0.006853" total="1" passed="1" failed="0" inconclusive="0" skipped="0" asserts="18">
        <test-case id="0-1111" name="TestExprCalcArrayOps" fullname="Kaitai.SpecExprCalcArrayOps.TestExprCalcArrayOps" methodname="TestExprCalcArrayOps" classname="Kaitai.SpecExprCalcArrayOps" runstate="Runnable" seed="1561932274" result="Passed" start-time="2020-10-31 09:50:54Z" end-time="2020-10-31 09:50:54Z" duration="0.004438" asserts="18" />
      </test-suite>
      <test-suite type="TestFixture" id="0-1112" name="SpecExprEnum" fullname="Kaitai.SpecExprEnum" classname="Kaitai.SpecExprEnum" runstate="Runnable" testcasecount="1" result="Passed" start-time="2020-10-31 09:50:54Z" end-time="2020-10-31 09:50:54Z" duration="0.003701" total="1" passed="1" failed="0" inconclusive="0" skipped="0" asserts="3">
        <test-case id="0-1113" name="TestExprEnum" fullname="Kaitai.SpecExprEnum.TestExprEnum" methodname="TestExprEnum" classname="Kaitai.SpecExprEnum" runstate="Runnable" seed="421107554" result="Passed" start-time="2020-10-31 09:50:54Z" end-time="2020-10-31 09:50:54Z" duration="0.001221" asserts="3" />
      </test-suite>
      <test-suite type="TestFixture" id="0-1114" name="SpecExprIfIntOps" fullname="Kaitai.SpecExprIfIntOps" classname="Kaitai.SpecExprIfIntOps" runstate="Runnable" testcasecount="1" result="Passed" start-time="2020-10-31 09:50:54Z" end-time="2020-10-31 09:50:54Z" duration="0.003436" total="1" passed="1" failed="0" inconclusive="0" skipped="0" asserts="2">
        <test-case id="0-1115" name="TestExprIfIntOps" fullname="Kaitai.SpecExprIfIntOps.TestExprIfIntOps" methodname="TestExprIfIntOps" classname="Kaitai.SpecExprIfIntOps" runstate="Runnable" seed="982583881" result="Passed" start-time="2020-10-31 09:50:54Z" end-time="2020-10-31 09:50:54Z" duration="0.000797" asserts="2" />
      </test-suite>
      <test-suite type="TestFixture" id="0-1116" name="SpecExprIntDiv" fullname="Kaitai.SpecExprIntDiv" classname="Kaitai.SpecExprIntDiv" runstate="Runnable" testcasecount="1" result="Failed" site="Child" start-time="2020-10-31 09:50:54Z" end-time="2020-10-31 09:50:54Z" duration="0.013572" total="1" passed="0" failed="1" inconclusive="0" skipped="0" asserts="4">
        <failure>
          <message><![CDATA[One or more child tests had errors]]></message>
        </failure>
        <test-case id="0-1117" name="TestExprIntDiv" fullname="Kaitai.SpecExprIntDiv.TestExprIntDiv" methodname="TestExprIntDiv" classname="Kaitai.SpecExprIntDiv" runstate="Runnable" seed="1256406676" result="Failed" start-time="2020-10-31 09:50:54Z" end-time="2020-10-31 09:50:54Z" duration="0.011106" asserts="4">
          <failure>
            <message><![CDATA[  Expected: -756
  But was:  -757
]]></message>
            <stack-trace><![CDATA[at Kaitai.SpecExprIntDiv.TestExprIntDiv () [0x00069] in <5df26bcdf5ec438b8587802a33197a44>:0
]]></stack-trace>
          </failure>
        </test-case>
      </test-suite>
      <test-suite type="TestFixture" id="0-1118" name="SpecExprIoEof" fullname="Kaitai.SpecExprIoEof" classname="Kaitai.SpecExprIoEof" runstate="Runnable" testcasecount="1" result="Passed" start-time="2020-10-31 09:50:54Z" end-time="2020-10-31 09:50:54Z" duration="0.003892" total="1" passed="1" failed="0" inconclusive="0" skipped="0" asserts="4">
        <test-case id="0-1119" name="TestExprIoEof" fullname="Kaitai.SpecExprIoEof.TestExprIoEof" methodname="TestExprIoEof" classname="Kaitai.SpecExprIoEof" runstate="Runnable" seed="75094677" result="Passed" start-time="2020-10-31 09:50:54Z" end-time="2020-10-31 09:50:54Z" duration="0.001102" asserts="4" />
      </test-suite>
      <test-suite type="TestFixture" id="0-1120" name="SpecExprIoPos" fullname="Kaitai.SpecExprIoPos" classname="Kaitai.SpecExprIoPos" runstate="Runnable" testcasecount="1" result="Passed" start-time="2020-10-31 09:50:54Z" end-time="2020-10-31 09:50:54Z" duration="0.003301" total="1" passed="1" failed="0" inconclusive="0" skipped="0" asserts="6">
        <test-case id="0-1121" name="TestExprIoPos" fullname="Kaitai.SpecExprIoPos.TestExprIoPos" methodname="TestExprIoPos" classname="Kaitai.SpecExprIoPos" runstate="Runnable" seed="2072340232" result="Passed" start-time="2020-10-31 09:50:54Z" end-time="2020-10-31 09:50:54Z" duration="0.000844" asserts="6" />
      </test-suite>
      <test-suite type="TestFixture" id="0-1122" name="SpecExprMod" fullname="Kaitai.SpecExprMod" classname="Kaitai.SpecExprMod" runstate="Runnable" testcasecount="1" result="Passed" start-time="2020-10-31 09:50:54Z" end-time="2020-10-31 09:50:54Z" duration="0.004196" total="1" passed="1" failed="0" inconclusive="0" skipped="0" asserts="6">
        <test-case id="0-1123" name="TestExprMod" fullname="Kaitai.SpecExprMod.TestExprMod" methodname="TestExprMod" classname="Kaitai.SpecExprMod" runstate="Runnable" seed="2108415659" result="Passed" start-time="2020-10-31 09:50:54Z" end-time="2020-10-31 09:50:54Z" duration="0.001428" asserts="6" />
      </test-suite>
      <test-suite type="TestFixture" id="0-1124" name="SpecExprSizeofType0" fullname="Kaitai.SpecExprSizeofType0" classname="Kaitai.SpecExprSizeofType0" runstate="Runnable" testcasecount="1" result="Passed" start-time="2020-10-31 09:50:54Z" end-time="2020-10-31 09:50:54Z" duration="0.002893" total="1" passed="1" failed="0" inconclusive="0" skipped="0" asserts="1">
        <test-case id="0-1125" name="TestExprSizeofType0" fullname="Kaitai.SpecExprSizeofType0.TestExprSizeofType0" methodname="TestExprSizeofType0" classname="Kaitai.SpecExprSizeofType0" runstate="Runnable" seed="1354074458" result="Passed" start-time="2020-10-31 09:50:54Z" end-time="2020-10-31 09:50:54Z" duration="0.000369" asserts="1" />
      </test-suite>
      <test-suite type="TestFixture" id="0-1126" name="SpecExprSizeofType1" fullname="Kaitai.SpecExprSizeofType1" classname="Kaitai.SpecExprSizeofType1" runstate="Runnable" testcasecount="1" result="Passed" start-time="2020-10-31 09:50:54Z" end-time="2020-10-31 09:50:54Z" duration="0.002829" total="1" passed="1" failed="0" inconclusive="0" skipped="0" asserts="2">
        <test-case id="0-1127" name="TestExprSizeofType1" fullname="Kaitai.SpecExprSizeofType1.TestExprSizeofType1" methodname="TestExprSizeofType1" classname="Kaitai.SpecExprSizeofType1" runstate="Runnable" seed="1441406382" result="Passed" start-time="2020-10-31 09:50:54Z" end-time="2020-10-31 09:50:54Z" duration="0.000421" asserts="2" />
      </test-suite>
      <test-suite type="TestFixture" id="0-1128" name="SpecExprSizeofValue0" fullname="Kaitai.SpecExprSizeofValue0" classname="Kaitai.SpecExprSizeofValue0" runstate="Runnable" testcasecount="1" result="Passed" start-time="2020-10-31 09:50:54Z" end-time="2020-10-31 09:50:54Z" duration="0.003736" total="1" passed="1" failed="0" inconclusive="0" skipped="0" asserts="5">
        <test-case id="0-1129" name="TestExprSizeofValue0" fullname="Kaitai.SpecExprSizeofValue0.TestExprSizeofValue0" methodname="TestExprSizeofValue0" classname="Kaitai.SpecExprSizeofValue0" runstate="Runnable" seed="483989014" result="Passed" start-time="2020-10-31 09:50:54Z" end-time="2020-10-31 09:50:54Z" duration="0.001147" asserts="5" />
      </test-suite>
      <test-suite type="TestFixture" id="0-1130" name="SpecExprSizeofValueSized" fullname="Kaitai.SpecExprSizeofValueSized" classname="Kaitai.SpecExprSizeofValueSized" runstate="Runnable" testcasecount="1" result="Passed" start-time="2020-10-31 09:50:54Z" end-time="2020-10-31 09:50:54Z" duration="0.003149" total="1" passed="1" failed="0" inconclusive="0" skipped="0" asserts="5">
        <test-case id="0-1131" name="TestExprSizeofValueSized" fullname="Kaitai.SpecExprSizeofValueSized.TestExprSizeofValueSized" methodname="TestExprSizeofValueSized" classname="Kaitai.SpecExprSizeofValueSized" runstate="Runnable" seed="456873363" result="Passed" start-time="2020-10-31 09:50:54Z" end-time="2020-10-31 09:50:54Z" duration="0.000750" asserts="5" />
      </test-suite>
      <test-suite type="TestFixture" id="0-1132" name="SpecExprStrOps" fullname="Kaitai.SpecExprStrOps" classname="Kaitai.SpecExprStrOps" runstate="Runnable" testcasecount="1" result="Passed" start-time="2020-10-31 09:50:54Z" end-time="2020-10-31 09:50:54Z" duration="0.006311" total="1" passed="1" failed="0" inconclusive="0" skipped="0" asserts="17">
        <test-case id="0-1133" name="TestExprStrOps" fullname="Kaitai.SpecExprStrOps.TestExprStrOps" methodname="TestExprStrOps" classname="Kaitai.SpecExprStrOps" runstate="Runnable" seed="147889452" result="Passed" start-time="2020-10-31 09:50:54Z" end-time="2020-10-31 09:50:54Z" duration="0.003550" asserts="17" />
      </test-suite>
      <test-suite type="TestFixture" id="0-1134" name="SpecFixedContents" fullname="Kaitai.SpecFixedContents" classname="Kaitai.SpecFixedContents" runstate="Runnable" testcasecount="1" result="Passed" start-time="2020-10-31 09:50:54Z" end-time="2020-10-31 09:50:54Z" duration="0.003278" total="1" passed="1" failed="0" inconclusive="0" skipped="0" asserts="0">
        <test-case id="0-1135" name="TestFixedContents" fullname="Kaitai.SpecFixedContents.TestFixedContents" methodname="TestFixedContents" classname="Kaitai.SpecFixedContents" runstate="Runnable" seed="1749035057" result="Passed" start-time="2020-10-31 09:50:54Z" end-time="2020-10-31 09:50:54Z" duration="0.000558" asserts="0" />
      </test-suite>
      <test-suite type="TestFixture" id="0-1136" name="SpecFixedStruct" fullname="Kaitai.SpecFixedStruct" classname="Kaitai.SpecFixedStruct" runstate="Runnable" testcasecount="1" result="Passed" start-time="2020-10-31 09:50:54Z" end-time="2020-10-31 09:50:54Z" duration="0.004965" total="1" passed="1" failed="0" inconclusive="0" skipped="0" asserts="20">
        <test-case id="0-1137" name="TestFixedStruct" fullname="Kaitai.SpecFixedStruct.TestFixedStruct" methodname="TestFixedStruct" classname="Kaitai.SpecFixedStruct" runstate="Runnable" seed="2039214107" result="Passed" start-time="2020-10-31 09:50:54Z" end-time="2020-10-31 09:50:54Z" duration="0.002500" asserts="20" />
      </test-suite>
      <test-suite type="TestFixture" id="0-1140" name="SpecFloatingPoints" fullname="Kaitai.SpecFloatingPoints" classname="Kaitai.SpecFloatingPoints" runstate="Runnable" testcasecount="1" result="Passed" start-time="2020-10-31 09:50:54Z" end-time="2020-10-31 09:50:54Z" duration="0.003653" total="1" passed="1" failed="0" inconclusive="0" skipped="0" asserts="8">
        <test-case id="0-1141" name="TestFloatingPoints" fullname="Kaitai.SpecFloatingPoints.TestFloatingPoints" methodname="TestFloatingPoints" classname="Kaitai.SpecFloatingPoints" runstate="Runnable" seed="618635343" result="Passed" start-time="2020-10-31 09:50:54Z" end-time="2020-10-31 09:50:54Z" duration="0.000905" asserts="8" />
      </test-suite>
      <test-suite type="TestFixture" id="0-1138" name="SpecFloatToI" fullname="Kaitai.SpecFloatToI" classname="Kaitai.SpecFloatToI" runstate="Runnable" testcasecount="1" result="Passed" start-time="2020-10-31 09:50:54Z" end-time="2020-10-31 09:50:54Z" duration="0.003374" total="1" passed="1" failed="0" inconclusive="0" skipped="0" asserts="8">
        <test-case id="0-1139" name="TestFloatToI" fullname="Kaitai.SpecFloatToI.TestFloatToI" methodname="TestFloatToI" classname="Kaitai.SpecFloatToI" runstate="Runnable" seed="365881941" result="Passed" start-time="2020-10-31 09:50:54Z" end-time="2020-10-31 09:50:54Z" duration="0.000898" asserts="8" />
      </test-suite>
      <test-suite type="TestFixture" id="0-1142" name="SpecHelloWorld" fullname="Kaitai.SpecHelloWorld" classname="Kaitai.SpecHelloWorld" runstate="Runnable" testcasecount="1" result="Passed" start-time="2020-10-31 09:50:54Z" end-time="2020-10-31 09:50:54Z" duration="0.002687" total="1" passed="1" failed="0" inconclusive="0" skipped="0" asserts="1">
        <test-case id="0-1143" name="TestHelloWorld" fullname="Kaitai.SpecHelloWorld.TestHelloWorld" methodname="TestHelloWorld" classname="Kaitai.SpecHelloWorld" runstate="Runnable" seed="604857883" result="Passed" start-time="2020-10-31 09:50:54Z" end-time="2020-10-31 09:50:54Z" duration="0.000222" asserts="1" />
      </test-suite>
      <test-suite type="TestFixture" id="0-1144" name="SpecIfInstances" fullname="Kaitai.SpecIfInstances" classname="Kaitai.SpecIfInstances" runstate="Runnable" testcasecount="1" result="Passed" start-time="2020-10-31 09:50:54Z" end-time="2020-10-31 09:50:54Z" duration="0.003693" total="1" passed="1" failed="0" inconclusive="0" skipped="0" asserts="1">
        <test-case id="0-1145" name="TestIfInstances" fullname="Kaitai.SpecIfInstances.TestIfInstances" methodname="TestIfInstances" classname="Kaitai.SpecIfInstances" runstate="Runnable" seed="1041383078" result="Passed" start-time="2020-10-31 09:50:54Z" end-time="2020-10-31 09:50:54Z" duration="0.000953" asserts="1" />
      </test-suite>
      <test-suite type="TestFixture" id="0-1146" name="SpecIfStruct" fullname="Kaitai.SpecIfStruct" classname="Kaitai.SpecIfStruct" runstate="Runnable" testcasecount="1" result="Passed" start-time="2020-10-31 09:50:54Z" end-time="2020-10-31 09:50:54Z" duration="0.003619" total="1" passed="1" failed="0" inconclusive="0" skipped="0" asserts="7">
        <test-case id="0-1147" name="TestIfStruct" fullname="Kaitai.SpecIfStruct.TestIfStruct" methodname="TestIfStruct" classname="Kaitai.SpecIfStruct" runstate="Runnable" seed="304097098" result="Passed" start-time="2020-10-31 09:50:54Z" end-time="2020-10-31 09:50:54Z" duration="0.001106" asserts="7" />
      </test-suite>
      <test-suite type="TestFixture" id="0-1148" name="SpecIfValues" fullname="Kaitai.SpecIfValues" classname="Kaitai.SpecIfValues" runstate="Runnable" testcasecount="1" result="Passed" start-time="2020-10-31 09:50:54Z" end-time="2020-10-31 09:50:54Z" duration="0.004098" total="1" passed="1" failed="0" inconclusive="0" skipped="0" asserts="6">
        <test-case id="0-1149" name="TestIfValues" fullname="Kaitai.SpecIfValues.TestIfValues" methodname="TestIfValues" classname="Kaitai.SpecIfValues" runstate="Runnable" seed="2000648427" result="Passed" start-time="2020-10-31 09:50:54Z" end-time="2020-10-31 09:50:54Z" duration="0.001628" asserts="6" />
      </test-suite>
      <test-suite type="TestFixture" id="0-1150" name="SpecImports0" fullname="Kaitai.SpecImports0" classname="Kaitai.SpecImports0" runstate="Runnable" testcasecount="1" result="Passed" start-time="2020-10-31 09:50:54Z" end-time="2020-10-31 09:50:54Z" duration="0.002992" total="1" passed="1" failed="0" inconclusive="0" skipped="0" asserts="3">
        <test-case id="0-1151" name="TestImports0" fullname="Kaitai.SpecImports0.TestImports0" methodname="TestImports0" classname="Kaitai.SpecImports0" runstate="Runnable" seed="399195044" result="Passed" start-time="2020-10-31 09:50:54Z" end-time="2020-10-31 09:50:54Z" duration="0.000546" asserts="3" />
      </test-suite>
      <test-suite type="TestFixture" id="0-1152" name="SpecImportsAbs" fullname="Kaitai.SpecImportsAbs" classname="Kaitai.SpecImportsAbs" runstate="Runnable" testcasecount="1" result="Passed" start-time="2020-10-31 09:50:54Z" end-time="2020-10-31 09:50:54Z" duration="0.003915" total="1" passed="1" failed="0" inconclusive="0" skipped="0" asserts="2">
        <test-case id="0-1153" name="TestImportsAbs" fullname="Kaitai.SpecImportsAbs.TestImportsAbs" methodname="TestImportsAbs" classname="Kaitai.SpecImportsAbs" runstate="Runnable" seed="666657070" result="Passed" start-time="2020-10-31 09:50:54Z" end-time="2020-10-31 09:50:54Z" duration="0.001248" asserts="2" />
      </test-suite>
      <test-suite type="TestFixture" id="0-1154" name="SpecImportsAbsAbs" fullname="Kaitai.SpecImportsAbsAbs" classname="Kaitai.SpecImportsAbsAbs" runstate="Runnable" testcasecount="1" result="Passed" start-time="2020-10-31 09:50:54Z" end-time="2020-10-31 09:50:54Z" duration="0.003818" total="1" passed="1" failed="0" inconclusive="0" skipped="0" asserts="3">
        <test-case id="0-1155" name="TestImportsAbsAbs" fullname="Kaitai.SpecImportsAbsAbs.TestImportsAbsAbs" methodname="TestImportsAbsAbs" classname="Kaitai.SpecImportsAbsAbs" runstate="Runnable" seed="1806356792" result="Passed" start-time="2020-10-31 09:50:54Z" end-time="2020-10-31 09:50:54Z" duration="0.001102" asserts="3" />
      </test-suite>
      <test-suite type="TestFixture" id="0-1156" name="SpecImportsAbsRel" fullname="Kaitai.SpecImportsAbsRel" classname="Kaitai.SpecImportsAbsRel" runstate="Runnable" testcasecount="1" result="Passed" start-time="2020-10-31 09:50:54Z" end-time="2020-10-31 09:50:54Z" duration="0.002983" total="1" passed="1" failed="0" inconclusive="0" skipped="0" asserts="3">
        <test-case id="0-1157" name="TestImportsAbsRel" fullname="Kaitai.SpecImportsAbsRel.TestImportsAbsRel" methodname="TestImportsAbsRel" classname="Kaitai.SpecImportsAbsRel" runstate="Runnable" seed="1578425658" result="Passed" start-time="2020-10-31 09:50:54Z" end-time="2020-10-31 09:50:54Z" duration="0.000579" asserts="3" />
      </test-suite>
      <test-suite type="TestFixture" id="0-1158" name="SpecImportsCircularA" fullname="Kaitai.SpecImportsCircularA" classname="Kaitai.SpecImportsCircularA" runstate="Runnable" testcasecount="1" result="Passed" start-time="2020-10-31 09:50:54Z" end-time="2020-10-31 09:50:54Z" duration="0.003059" total="1" passed="1" failed="0" inconclusive="0" skipped="0" asserts="5">
        <test-case id="0-1159" name="TestImportsCircularA" fullname="Kaitai.SpecImportsCircularA.TestImportsCircularA" methodname="TestImportsCircularA" classname="Kaitai.SpecImportsCircularA" runstate="Runnable" seed="1507057045" result="Passed" start-time="2020-10-31 09:50:54Z" end-time="2020-10-31 09:50:54Z" duration="0.000666" asserts="5" />
      </test-suite>
      <test-suite type="TestFixture" id="0-1160" name="SpecImportsRel1" fullname="Kaitai.SpecImportsRel1" classname="Kaitai.SpecImportsRel1" runstate="Runnable" testcasecount="1" result="Passed" start-time="2020-10-31 09:50:54Z" end-time="2020-10-31 09:50:54Z" duration="0.003125" total="1" passed="1" failed="0" inconclusive="0" skipped="0" asserts="3">
        <test-case id="0-1161" name="TestImportsRel1" fullname="Kaitai.SpecImportsRel1.TestImportsRel1" methodname="TestImportsRel1" classname="Kaitai.SpecImportsRel1" runstate="Runnable" seed="1136552173" result="Passed" start-time="2020-10-31 09:50:54Z" end-time="2020-10-31 09:50:54Z" duration="0.000675" asserts="3" />
      </test-suite>
      <test-suite type="TestFixture" id="0-1162" name="SpecIndexSizes" fullname="Kaitai.SpecIndexSizes" classname="Kaitai.SpecIndexSizes" runstate="Runnable" testcasecount="1" result="Passed" start-time="2020-10-31 09:50:54Z" end-time="2020-10-31 09:50:54Z" duration="0.003287" total="1" passed="1" failed="0" inconclusive="0" skipped="0" asserts="7">
        <test-case id="0-1163" name="TestIndexSizes" fullname="Kaitai.SpecIndexSizes.TestIndexSizes" methodname="TestIndexSizes" classname="Kaitai.SpecIndexSizes" runstate="Runnable" seed="1814059390" result="Passed" start-time="2020-10-31 09:50:54Z" end-time="2020-10-31 09:50:54Z" duration="0.000879" asserts="7" />
      </test-suite>
      <test-suite type="TestFixture" id="0-1164" name="SpecIndexToParamEos" fullname="Kaitai.SpecIndexToParamEos" classname="Kaitai.SpecIndexToParamEos" runstate="Runnable" testcasecount="1" result="Passed" start-time="2020-10-31 09:50:54Z" end-time="2020-10-31 09:50:54Z" duration="0.003681" total="1" passed="1" failed="0" inconclusive="0" skipped="0" asserts="7">
        <test-case id="0-1165" name="TestIndexToParamEos" fullname="Kaitai.SpecIndexToParamEos.TestIndexToParamEos" methodname="TestIndexToParamEos" classname="Kaitai.SpecIndexToParamEos" runstate="Runnable" seed="245867838" result="Passed" start-time="2020-10-31 09:50:54Z" end-time="2020-10-31 09:50:54Z" duration="0.001275" asserts="7" />
      </test-suite>
      <test-suite type="TestFixture" id="0-1166" name="SpecIndexToParamExpr" fullname="Kaitai.SpecIndexToParamExpr" classname="Kaitai.SpecIndexToParamExpr" runstate="Runnable" testcasecount="1" result="Passed" start-time="2020-10-31 09:50:54Z" end-time="2020-10-31 09:50:54Z" duration="0.003637" total="1" passed="1" failed="0" inconclusive="0" skipped="0" asserts="7">
        <test-case id="0-1167" name="TestIndexToParamExpr" fullname="Kaitai.SpecIndexToParamExpr.TestIndexToParamExpr" methodname="TestIndexToParamExpr" classname="Kaitai.SpecIndexToParamExpr" runstate="Runnable" seed="137777689" result="Passed" start-time="2020-10-31 09:50:54Z" end-time="2020-10-31 09:50:54Z" duration="0.001180" asserts="7" />
      </test-suite>
      <test-suite type="TestFixture" id="0-1168" name="SpecIndexToParamUntil" fullname="Kaitai.SpecIndexToParamUntil" classname="Kaitai.SpecIndexToParamUntil" runstate="Runnable" testcasecount="1" result="Passed" start-time="2020-10-31 09:50:54Z" end-time="2020-10-31 09:50:54Z" duration="0.003590" total="1" passed="1" failed="0" inconclusive="0" skipped="0" asserts="7">
        <test-case id="0-1169" name="TestIndexToParamUntil" fullname="Kaitai.SpecIndexToParamUntil.TestIndexToParamUntil" methodname="TestIndexToParamUntil" classname="Kaitai.SpecIndexToParamUntil" runstate="Runnable" seed="1352059287" result="Passed" start-time="2020-10-31 09:50:54Z" end-time="2020-10-31 09:50:54Z" duration="0.001181" asserts="7" />
      </test-suite>
      <test-suite type="TestFixture" id="0-1170" name="SpecInstanceIoUser" fullname="Kaitai.SpecInstanceIoUser" classname="Kaitai.SpecInstanceIoUser" runstate="Runnable" testcasecount="1" result="Passed" start-time="2020-10-31 09:50:54Z" end-time="2020-10-31 09:50:54Z" duration="0.004087" total="1" passed="1" failed="0" inconclusive="0" skipped="0" asserts="4">
        <test-case id="0-1171" name="TestInstanceIoUser" fullname="Kaitai.SpecInstanceIoUser.TestInstanceIoUser" methodname="TestInstanceIoUser" classname="Kaitai.SpecInstanceIoUser" runstate="Runnable" seed="866674352" result="Passed" start-time="2020-10-31 09:50:54Z" end-time="2020-10-31 09:50:54Z" duration="0.001355" asserts="4" />
      </test-suite>
      <test-suite type="TestFixture" id="0-1172" name="SpecInstanceStd" fullname="Kaitai.SpecInstanceStd" classname="Kaitai.SpecInstanceStd" runstate="Runnable" testcasecount="1" result="Passed" start-time="2020-10-31 09:50:54Z" end-time="2020-10-31 09:50:54Z" duration="0.003185" total="1" passed="1" failed="0" inconclusive="0" skipped="0" asserts="1">
        <test-case id="0-1173" name="TestInstanceStd" fullname="Kaitai.SpecInstanceStd.TestInstanceStd" methodname="TestInstanceStd" classname="Kaitai.SpecInstanceStd" runstate="Runnable" seed="1497513883" result="Passed" start-time="2020-10-31 09:50:54Z" end-time="2020-10-31 09:50:54Z" duration="0.000456" asserts="1" />
      </test-suite>
      <test-suite type="TestFixture" id="0-1174" name="SpecInstanceStdArray" fullname="Kaitai.SpecInstanceStdArray" classname="Kaitai.SpecInstanceStdArray" runstate="Runnable" testcasecount="1" result="Passed" start-time="2020-10-31 09:50:54Z" end-time="2020-10-31 09:50:54Z" duration="0.003399" total="1" passed="1" failed="0" inconclusive="0" skipped="0" asserts="7">
        <test-case id="0-1175" name="TestInstanceStdArray" fullname="Kaitai.SpecInstanceStdArray.TestInstanceStdArray" methodname="TestInstanceStdArray" classname="Kaitai.SpecInstanceStdArray" runstate="Runnable" seed="860506922" result="Passed" start-time="2020-10-31 09:50:54Z" end-time="2020-10-31 09:50:54Z" duration="0.000933" asserts="7" />
      </test-suite>
      <test-suite type="TestFixture" id="0-1176" name="SpecInstanceUserArray" fullname="Kaitai.SpecInstanceUserArray" classname="Kaitai.SpecInstanceUserArray" runstate="Runnable" testcasecount="1" result="Passed" start-time="2020-10-31 09:50:54Z" end-time="2020-10-31 09:50:54Z" duration="0.003856" total="1" passed="1" failed="0" inconclusive="0" skipped="0" asserts="10">
        <test-case id="0-1177" name="TestInstanceUserArray" fullname="Kaitai.SpecInstanceUserArray.TestInstanceUserArray" methodname="TestInstanceUserArray" classname="Kaitai.SpecInstanceUserArray" runstate="Runnable" seed="1834095864" result="Passed" start-time="2020-10-31 09:50:54Z" end-time="2020-10-31 09:50:54Z" duration="0.001379" asserts="10" />
      </test-suite>
      <test-suite type="TestFixture" id="0-1178" name="SpecIntegers" fullname="Kaitai.SpecIntegers" classname="Kaitai.SpecIntegers" runstate="Runnable" testcasecount="1" result="Passed" start-time="2020-10-31 09:50:54Z" end-time="2020-10-31 09:50:54Z" duration="0.004884" total="1" passed="1" failed="0" inconclusive="0" skipped="0" asserts="20">
        <test-case id="0-1179" name="TestIntegers" fullname="Kaitai.SpecIntegers.TestIntegers" methodname="TestIntegers" classname="Kaitai.SpecIntegers" runstate="Runnable" seed="668614421" result="Passed" start-time="2020-10-31 09:50:54Z" end-time="2020-10-31 09:50:54Z" duration="0.002087" asserts="20" />
      </test-suite>
      <test-suite type="TestFixture" id="0-1180" name="SpecIntegersDoubleOverflow" fullname="Kaitai.SpecIntegersDoubleOverflow" classname="Kaitai.SpecIntegersDoubleOverflow" runstate="Runnable" testcasecount="1" result="Passed" start-time="2020-10-31 09:50:54Z" end-time="2020-10-31 09:50:54Z" duration="0.003739" total="1" passed="1" failed="0" inconclusive="0" skipped="0" asserts="8">
        <test-case id="0-1181" name="TestIntegersDoubleOverflow" fullname="Kaitai.SpecIntegersDoubleOverflow.TestIntegersDoubleOverflow" methodname="TestIntegersDoubleOverflow" classname="Kaitai.SpecIntegersDoubleOverflow" runstate="Runnable" seed="1595637257" result="Passed" start-time="2020-10-31 09:50:54Z" end-time="2020-10-31 09:50:54Z" duration="0.001083" asserts="8" />
      </test-suite>
      <test-suite type="TestFixture" id="0-1182" name="SpecIntegersMinMax" fullname="Kaitai.SpecIntegersMinMax" classname="Kaitai.SpecIntegersMinMax" runstate="Runnable" testcasecount="1" result="Passed" start-time="2020-10-31 09:50:54Z" end-time="2020-10-31 09:50:54Z" duration="0.004361" total="1" passed="1" failed="0" inconclusive="0" skipped="0" asserts="28">
        <test-case id="0-1183" name="TestIntegersMinMax" fullname="Kaitai.SpecIntegersMinMax.TestIntegersMinMax" methodname="TestIntegersMinMax" classname="Kaitai.SpecIntegersMinMax" runstate="Runnable" seed="526586399" result="Passed" start-time="2020-10-31 09:50:54Z" end-time="2020-10-31 09:50:54Z" duration="0.001637" asserts="28" />
      </test-suite>
      <test-suite type="TestFixture" id="0-1184" name="SpecIoLocalVar" fullname="Kaitai.SpecIoLocalVar" classname="Kaitai.SpecIoLocalVar" runstate="Runnable" testcasecount="1" result="Passed" start-time="2020-10-31 09:50:54Z" end-time="2020-10-31 09:50:54Z" duration="0.004343" total="1" passed="1" failed="0" inconclusive="0" skipped="0" asserts="2">
        <test-case id="0-1185" name="TestIoLocalVar" fullname="Kaitai.SpecIoLocalVar.TestIoLocalVar" methodname="TestIoLocalVar" classname="Kaitai.SpecIoLocalVar" runstate="Runnable" seed="23472192" result="Passed" start-time="2020-10-31 09:50:54Z" end-time="2020-10-31 09:50:54Z" duration="0.001619" asserts="2" />
      </test-suite>
      <test-suite type="TestFixture" id="0-1186" name="SpecJsSignedRightShift" fullname="Kaitai.SpecJsSignedRightShift" classname="Kaitai.SpecJsSignedRightShift" runstate="Runnable" testcasecount="1" result="Passed" start-time="2020-10-31 09:50:54Z" end-time="2020-10-31 09:50:54Z" duration="0.002857" total="1" passed="1" failed="0" inconclusive="0" skipped="0" asserts="2">
        <test-case id="0-1187" name="TestJsSignedRightShift" fullname="Kaitai.SpecJsSignedRightShift.TestJsSignedRightShift" methodname="TestJsSignedRightShift" classname="Kaitai.SpecJsSignedRightShift" runstate="Runnable" seed="737950770" result="Passed" start-time="2020-10-31 09:50:54Z" end-time="2020-10-31 09:50:54Z" duration="0.000447" asserts="2" />
      </test-suite>
      <test-suite type="TestFixture" id="0-1188" name="SpecMetaTags" fullname="Kaitai.SpecMetaTags" classname="Kaitai.SpecMetaTags" runstate="Runnable" testcasecount="1" result="Passed" start-time="2020-10-31 09:50:54Z" end-time="2020-10-31 09:50:54Z" duration="0.002677" total="1" passed="1" failed="0" inconclusive="0" skipped="0" asserts="0">
        <test-case id="0-1189" name="TestMetaTags" fullname="Kaitai.SpecMetaTags.TestMetaTags" methodname="TestMetaTags" classname="Kaitai.SpecMetaTags" runstate="Runnable" seed="791548632" result="Passed" start-time="2020-10-31 09:50:54Z" end-time="2020-10-31 09:50:54Z" duration="0.000271" asserts="0" />
      </test-suite>
      <test-suite type="TestFixture" id="0-1190" name="SpecMetaXref" fullname="Kaitai.SpecMetaXref" classname="Kaitai.SpecMetaXref" runstate="Runnable" testcasecount="1" result="Passed" start-time="2020-10-31 09:50:54Z" end-time="2020-10-31 09:50:54Z" duration="0.002771" total="1" passed="1" failed="0" inconclusive="0" skipped="0" asserts="0">
        <test-case id="0-1191" name="TestMetaXref" fullname="Kaitai.SpecMetaXref.TestMetaXref" methodname="TestMetaXref" classname="Kaitai.SpecMetaXref" runstate="Runnable" seed="2051615623" result="Passed" start-time="2020-10-31 09:50:54Z" end-time="2020-10-31 09:50:54Z" duration="0.000303" asserts="0" />
      </test-suite>
      <test-suite type="TestFixture" id="0-1192" name="SpecMultipleUse" fullname="Kaitai.SpecMultipleUse" classname="Kaitai.SpecMultipleUse" runstate="Runnable" testcasecount="1" result="Passed" start-time="2020-10-31 09:50:54Z" end-time="2020-10-31 09:50:54Z" duration="0.004196" total="1" passed="1" failed="0" inconclusive="0" skipped="0" asserts="2">
        <test-case id="0-1193" name="TestMultipleUse" fullname="Kaitai.SpecMultipleUse.TestMultipleUse" methodname="TestMultipleUse" classname="Kaitai.SpecMultipleUse" runstate="Runnable" seed="1454448896" result="Passed" start-time="2020-10-31 09:50:54Z" end-time="2020-10-31 09:50:54Z" duration="0.001455" asserts="2" />
      </test-suite>
      <test-suite type="TestFixture" id="0-1194" name="SpecNavParent" fullname="Kaitai.SpecNavParent" classname="Kaitai.SpecNavParent" runstate="Runnable" testcasecount="1" result="Passed" start-time="2020-10-31 09:50:54Z" end-time="2020-10-31 09:50:54Z" duration="0.003680" total="1" passed="1" failed="0" inconclusive="0" skipped="0" asserts="5">
        <test-case id="0-1195" name="TestNavParent" fullname="Kaitai.SpecNavParent.TestNavParent" methodname="TestNavParent" classname="Kaitai.SpecNavParent" runstate="Runnable" seed="77766133" result="Passed" start-time="2020-10-31 09:50:54Z" end-time="2020-10-31 09:50:54Z" duration="0.001270" asserts="5" />
      </test-suite>
      <test-suite type="TestFixture" id="0-1196" name="SpecNavParent2" fullname="Kaitai.SpecNavParent2" classname="Kaitai.SpecNavParent2" runstate="Runnable" testcasecount="1" result="Passed" start-time="2020-10-31 09:50:54Z" end-time="2020-10-31 09:50:54Z" duration="0.004675" total="1" passed="1" failed="0" inconclusive="0" skipped="0" asserts="10">
        <test-case id="0-1197" name="TestNavParent2" fullname="Kaitai.SpecNavParent2.TestNavParent2" methodname="TestNavParent2" classname="Kaitai.SpecNavParent2" runstate="Runnable" seed="1274260450" result="Passed" start-time="2020-10-31 09:50:54Z" end-time="2020-10-31 09:50:54Z" duration="0.002211" asserts="10" />
      </test-suite>
      <test-suite type="TestFixture" id="0-1198" name="SpecNavParent3" fullname="Kaitai.SpecNavParent3" classname="Kaitai.SpecNavParent3" runstate="Runnable" testcasecount="1" result="Passed" start-time="2020-10-31 09:50:54Z" end-time="2020-10-31 09:50:54Z" duration="0.003990" total="1" passed="1" failed="0" inconclusive="0" skipped="0" asserts="10">
        <test-case id="0-1199" name="TestNavParent3" fullname="Kaitai.SpecNavParent3.TestNavParent3" methodname="TestNavParent3" classname="Kaitai.SpecNavParent3" runstate="Runnable" seed="402438297" result="Passed" start-time="2020-10-31 09:50:54Z" end-time="2020-10-31 09:50:54Z" duration="0.001600" asserts="10" />
      </test-suite>
      <test-suite type="TestFixture" id="0-1200" name="SpecNavParentFalse" fullname="Kaitai.SpecNavParentFalse" classname="Kaitai.SpecNavParentFalse" runstate="Runnable" testcasecount="1" result="Passed" start-time="2020-10-31 09:50:54Z" end-time="2020-10-31 09:50:54Z" duration="0.003354" total="1" passed="1" failed="0" inconclusive="0" skipped="0" asserts="5">
        <test-case id="0-1201" name="TestNavParentFalse" fullname="Kaitai.SpecNavParentFalse.TestNavParentFalse" methodname="TestNavParentFalse" classname="Kaitai.SpecNavParentFalse" runstate="Runnable" seed="120317399" result="Passed" start-time="2020-10-31 09:50:54Z" end-time="2020-10-31 09:50:54Z" duration="0.000954" asserts="5" />
      </test-suite>
      <test-suite type="TestFixture" id="0-1202" name="SpecNavParentFalse2" fullname="Kaitai.SpecNavParentFalse2" classname="Kaitai.SpecNavParentFalse2" runstate="Runnable" testcasecount="1" result="Passed" start-time="2020-10-31 09:50:54Z" end-time="2020-10-31 09:50:54Z" duration="0.002904" total="1" passed="1" failed="0" inconclusive="0" skipped="0" asserts="1">
        <test-case id="0-1203" name="TestNavParentFalse2" fullname="Kaitai.SpecNavParentFalse2.TestNavParentFalse2" methodname="TestNavParentFalse2" classname="Kaitai.SpecNavParentFalse2" runstate="Runnable" seed="948986541" result="Passed" start-time="2020-10-31 09:50:54Z" end-time="2020-10-31 09:50:54Z" duration="0.000495" asserts="1" />
      </test-suite>
      <test-suite type="TestFixture" id="0-1204" name="SpecNavParentOverride" fullname="Kaitai.SpecNavParentOverride" classname="Kaitai.SpecNavParentOverride" runstate="Runnable" testcasecount="1" result="Passed" start-time="2020-10-31 09:50:54Z" end-time="2020-10-31 09:50:54Z" duration="0.003677" total="1" passed="1" failed="0" inconclusive="0" skipped="0" asserts="3">
        <test-case id="0-1205" name="TestNavParentOverride" fullname="Kaitai.SpecNavParentOverride.TestNavParentOverride" methodname="TestNavParentOverride" classname="Kaitai.SpecNavParentOverride" runstate="Runnable" seed="619940409" result="Passed" start-time="2020-10-31 09:50:54Z" end-time="2020-10-31 09:50:54Z" duration="0.000732" asserts="3" />
      </test-suite>
      <test-suite type="TestFixture" id="0-1206" name="SpecNavParentSwitch" fullname="Kaitai.SpecNavParentSwitch" classname="Kaitai.SpecNavParentSwitch" runstate="Runnable" testcasecount="1" result="Passed" start-time="2020-10-31 09:50:54Z" end-time="2020-10-31 09:50:54Z" duration="0.003225" total="1" passed="1" failed="0" inconclusive="0" skipped="0" asserts="3">
        <test-case id="0-1207" name="TestNavParentSwitch" fullname="Kaitai.SpecNavParentSwitch.TestNavParentSwitch" methodname="TestNavParentSwitch" classname="Kaitai.SpecNavParentSwitch" runstate="Runnable" seed="446620025" result="Passed" start-time="2020-10-31 09:50:54Z" end-time="2020-10-31 09:50:54Z" duration="0.000801" asserts="3" />
      </test-suite>
      <test-suite type="TestFixture" id="0-1208" name="SpecNavParentVsValueInst" fullname="Kaitai.SpecNavParentVsValueInst" classname="Kaitai.SpecNavParentVsValueInst" runstate="Runnable" testcasecount="1" result="Passed" start-time="2020-10-31 09:50:54Z" end-time="2020-10-31 09:50:54Z" duration="0.002922" total="1" passed="1" failed="0" inconclusive="0" skipped="0" asserts="1">
        <test-case id="0-1209" name="TestNavParentVsValueInst" fullname="Kaitai.SpecNavParentVsValueInst.TestNavParentVsValueInst" methodname="TestNavParentVsValueInst" classname="Kaitai.SpecNavParentVsValueInst" runstate="Runnable" seed="1988149252" result="Passed" start-time="2020-10-31 09:50:54Z" end-time="2020-10-31 09:50:54Z" duration="0.000494" asserts="1" />
      </test-suite>
      <test-suite type="TestFixture" id="0-1210" name="SpecNavRoot" fullname="Kaitai.SpecNavRoot" classname="Kaitai.SpecNavRoot" runstate="Runnable" testcasecount="1" result="Passed" start-time="2020-10-31 09:50:54Z" end-time="2020-10-31 09:50:54Z" duration="0.003690" total="1" passed="1" failed="0" inconclusive="0" skipped="0" asserts="5">
        <test-case id="0-1211" name="TestNavRoot" fullname="Kaitai.SpecNavRoot.TestNavRoot" methodname="TestNavRoot" classname="Kaitai.SpecNavRoot" runstate="Runnable" seed="1982935175" result="Passed" start-time="2020-10-31 09:50:54Z" end-time="2020-10-31 09:50:54Z" duration="0.001288" asserts="5" />
      </test-suite>
      <test-suite type="TestFixture" id="0-1212" name="SpecNestedSameName" fullname="Kaitai.SpecNestedSameName" classname="Kaitai.SpecNestedSameName" runstate="Runnable" testcasecount="1" result="Passed" start-time="2020-10-31 09:50:54Z" end-time="2020-10-31 09:50:54Z" duration="0.003122" total="1" passed="1" failed="0" inconclusive="0" skipped="0" asserts="2">
        <test-case id="0-1213" name="TestNestedSameName" fullname="Kaitai.SpecNestedSameName.TestNestedSameName" methodname="TestNestedSameName" classname="Kaitai.SpecNestedSameName" runstate="Runnable" seed="130048439" result="Passed" start-time="2020-10-31 09:50:54Z" end-time="2020-10-31 09:50:54Z" duration="0.000718" asserts="2" />
      </test-suite>
      <test-suite type="TestFixture" id="0-1214" name="SpecNestedSameName2" fullname="Kaitai.SpecNestedSameName2" classname="Kaitai.SpecNestedSameName2" runstate="Runnable" testcasecount="1" result="Passed" start-time="2020-10-31 09:50:54Z" end-time="2020-10-31 09:50:54Z" duration="0.003397" total="1" passed="1" failed="0" inconclusive="0" skipped="0" asserts="5">
        <test-case id="0-1215" name="TestNestedSameName2" fullname="Kaitai.SpecNestedSameName2.TestNestedSameName2" methodname="TestNestedSameName2" classname="Kaitai.SpecNestedSameName2" runstate="Runnable" seed="1225256476" result="Passed" start-time="2020-10-31 09:50:54Z" end-time="2020-10-31 09:50:54Z" duration="0.000989" asserts="5" />
      </test-suite>
[...]
        <test-case id="0-1357" name="TestSwitchRepeatExpr" fullname="Kaitai.SpecSwitchRepeatExpr.TestSwitchRepeatExpr" methodname="TestSwitchRepeatExpr" classname="Kaitai.SpecSwitchRepeatExpr" runstate="Runnable" seed="918292184" result="Passed" start-time="2020-10-31 09:50:55Z" end-time="2020-10-31 09:50:55Z" duration="0.000996" asserts="3" />
      </test-suite>
      <test-suite type="TestFixture" id="0-1358" name="SpecSwitchRepeatExprInvalid" fullname="Kaitai.SpecSwitchRepeatExprInvalid" classname="Kaitai.SpecSwitchRepeatExprInvalid" runstate="Runnable" testcasecount="1" result="Passed" start-time="2020-10-31 09:50:55Z" end-time="2020-10-31 09:50:55Z" duration="0.003295" total="1" passed="1" failed="0" inconclusive="0" skipped="0" asserts="3">
        <test-case id="0-1359" name="TestSwitchRepeatExprInvalid" fullname="Kaitai.SpecSwitchRepeatExprInvalid.TestSwitchRepeatExprInvalid" methodname="TestSwitchRepeatExprInvalid" classname="Kaitai.SpecSwitchRepeatExprInvalid" runstate="Runnable" seed="883258393" result="Passed" start-time="2020-10-31 09:50:55Z" end-time="2020-10-31 09:50:55Z" duration="0.000904" asserts="3" />
      </test-suite>
      <test-suite type="TestFixture" id="0-1360" name="SpecTermBytes" fullname="Kaitai.SpecTermBytes" classname="Kaitai.SpecTermBytes" runstate="Runnable" testcasecount="1" result="Passed" start-time="2020-10-31 09:50:55Z" end-time="2020-10-31 09:50:55Z" duration="0.003193" total="1" passed="1" failed="0" inconclusive="0" skipped="0" asserts="3">
        <test-case id="0-1361" name="TestTermBytes" fullname="Kaitai.SpecTermBytes.TestTermBytes" methodname="TestTermBytes" classname="Kaitai.SpecTermBytes" runstate="Runnable" seed="988806568" result="Passed" start-time="2020-10-31 09:50:55Z" end-time="2020-10-31 09:50:55Z" duration="0.000468" asserts="3" />
      </test-suite>
      <test-suite type="TestFixture" id="0-1362" name="SpecTermStrz" fullname="Kaitai.SpecTermStrz" classname="Kaitai.SpecTermStrz" runstate="Runnable" testcasecount="1" result="Passed" start-time="2020-10-31 09:50:55Z" end-time="2020-10-31 09:50:55Z" duration="0.002713" total="1" passed="1" failed="0" inconclusive="0" skipped="0" asserts="3">
        <test-case id="0-1363" name="TestTermStrz" fullname="Kaitai.SpecTermStrz.TestTermStrz" methodname="TestTermStrz" classname="Kaitai.SpecTermStrz" runstate="Runnable" seed="1880623965" result="Passed" start-time="2020-10-31 09:50:55Z" end-time="2020-10-31 09:50:55Z" duration="0.000310" asserts="3" />
      </test-suite>
      <test-suite type="TestFixture" id="0-1364" name="SpecTsPacketHeader" fullname="Kaitai.SpecTsPacketHeader" classname="Kaitai.SpecTsPacketHeader" runstate="Runnable" testcasecount="1" result="Passed" start-time="2020-10-31 09:50:55Z" end-time="2020-10-31 09:50:55Z" duration="0.003084" total="1" passed="1" failed="0" inconclusive="0" skipped="0" asserts="7">
        <test-case id="0-1365" name="TestTsPacketHeader" fullname="Kaitai.SpecTsPacketHeader.TestTsPacketHeader" methodname="TestTsPacketHeader" classname="Kaitai.SpecTsPacketHeader" runstate="Runnable" seed="948680104" result="Passed" start-time="2020-10-31 09:50:55Z" end-time="2020-10-31 09:50:55Z" duration="0.000695" asserts="7" />
      </test-suite>
      <test-suite type="TestFixture" id="0-1366" name="SpecTypeIntUnaryOp" fullname="Kaitai.SpecTypeIntUnaryOp" classname="Kaitai.SpecTypeIntUnaryOp" runstate="Runnable" testcasecount="1" result="Passed" start-time="2020-10-31 09:50:55Z" end-time="2020-10-31 09:50:55Z" duration="0.003029" total="1" passed="1" failed="0" inconclusive="0" skipped="0" asserts="4">
        <test-case id="0-1367" name="TestTypeIntUnaryOp" fullname="Kaitai.SpecTypeIntUnaryOp.TestTypeIntUnaryOp" methodname="TestTypeIntUnaryOp" classname="Kaitai.SpecTypeIntUnaryOp" runstate="Runnable" seed="781104267" result="Passed" start-time="2020-10-31 09:50:55Z" end-time="2020-10-31 09:50:55Z" duration="0.000622" asserts="4" />
      </test-suite>
      <test-suite type="TestFixture" id="0-1368" name="SpecTypeTernary" fullname="Kaitai.SpecTypeTernary" classname="Kaitai.SpecTypeTernary" runstate="Runnable" testcasecount="1" result="Passed" start-time="2020-10-31 09:50:55Z" end-time="2020-10-31 09:50:55Z" duration="0.003137" total="1" passed="1" failed="0" inconclusive="0" skipped="0" asserts="1">
        <test-case id="0-1369" name="TestTypeTernary" fullname="Kaitai.SpecTypeTernary.TestTypeTernary" methodname="TestTypeTernary" classname="Kaitai.SpecTypeTernary" runstate="Runnable" seed="190569783" result="Passed" start-time="2020-10-31 09:50:55Z" end-time="2020-10-31 09:50:55Z" duration="0.000720" asserts="1" />
      </test-suite>
      <test-suite type="TestFixture" id="0-1370" name="SpecTypeTernary2ndFalsy" fullname="Kaitai.SpecTypeTernary2ndFalsy" classname="Kaitai.SpecTypeTernary2ndFalsy" runstate="Runnable" testcasecount="1" result="Passed" start-time="2020-10-31 09:50:55Z" end-time="2020-10-31 09:50:55Z" duration="0.004173" total="1" passed="1" failed="0" inconclusive="0" skipped="0" asserts="13">
        <test-case id="0-1371" name="TestTypeTernary2ndFalsy" fullname="Kaitai.SpecTypeTernary2ndFalsy.TestTypeTernary2ndFalsy" methodname="TestTypeTernary2ndFalsy" classname="Kaitai.SpecTypeTernary2ndFalsy" runstate="Runnable" seed="103005757" result="Passed" start-time="2020-10-31 09:50:55Z" end-time="2020-10-31 09:50:55Z" duration="0.001762" asserts="13" />
      </test-suite>
      <test-suite type="TestFixture" id="0-1372" name="SpecTypeTernaryOpaque" fullname="Kaitai.SpecTypeTernaryOpaque" classname="Kaitai.SpecTypeTernaryOpaque" runstate="Runnable" testcasecount="1" result="Passed" start-time="2020-10-31 09:50:55Z" end-time="2020-10-31 09:50:55Z" duration="0.003087" total="1" passed="1" failed="0" inconclusive="0" skipped="0" asserts="3">
        <test-case id="0-1373" name="TestTypeTernaryOpaque" fullname="Kaitai.SpecTypeTernaryOpaque.TestTypeTernaryOpaque" methodname="TestTypeTernaryOpaque" classname="Kaitai.SpecTypeTernaryOpaque" runstate="Runnable" seed="616619959" result="Passed" start-time="2020-10-31 09:50:55Z" end-time="2020-10-31 09:50:55Z" duration="0.000682" asserts="3" />
      </test-suite>
      <test-suite type="TestFixture" id="0-1374" name="SpecUserType" fullname="Kaitai.SpecUserType" classname="Kaitai.SpecUserType" runstate="Runnable" testcasecount="1" result="Passed" start-time="2020-10-31 09:50:55Z" end-time="2020-10-31 09:50:55Z" duration="0.002951" total="1" passed="1" failed="0" inconclusive="0" skipped="0" asserts="2">
        <test-case id="0-1375" name="TestUserType" fullname="Kaitai.SpecUserType.TestUserType" methodname="TestUserType" classname="Kaitai.SpecUserType" runstate="Runnable" seed="325351974" result="Passed" start-time="2020-10-31 09:50:55Z" end-time="2020-10-31 09:50:55Z" duration="0.000548" asserts="2" />
      </test-suite>
      <test-suite type="TestFixture" id="0-1376" name="SpecValidFailAnyofInt" fullname="Kaitai.SpecValidFailAnyofInt" classname="Kaitai.SpecValidFailAnyofInt" runstate="Runnable" testcasecount="1" result="Passed" start-time="2020-10-31 09:50:55Z" end-time="2020-10-31 09:50:55Z" duration="0.004175" total="1" passed="1" failed="0" inconclusive="0" skipped="0" asserts="1">
        <test-case id="0-1377" name="TestValidFailAnyofInt" fullname="Kaitai.SpecValidFailAnyofInt.TestValidFailAnyofInt" methodname="TestValidFailAnyofInt" classname="Kaitai.SpecValidFailAnyofInt" runstate="Runnable" seed="419461358" result="Passed" start-time="2020-10-31 09:50:55Z" end-time="2020-10-31 09:50:55Z" duration="0.001221" asserts="1" />
      </test-suite>
      <test-suite type="TestFixture" id="0-1378" name="SpecValidFailContents" fullname="Kaitai.SpecValidFailContents" classname="Kaitai.SpecValidFailContents" runstate="Runnable" testcasecount="1" result="Passed" start-time="2020-10-31 09:50:55Z" end-time="2020-10-31 09:50:55Z" duration="0.004226" total="1" passed="1" failed="0" inconclusive="0" skipped="0" asserts="1">
        <test-case id="0-1379" name="TestValidFailContents" fullname="Kaitai.SpecValidFailContents.TestValidFailContents" methodname="TestValidFailContents" classname="Kaitai.SpecValidFailContents" runstate="Runnable" seed="981777224" result="Passed" start-time="2020-10-31 09:50:55Z" end-time="2020-10-31 09:50:55Z" duration="0.001452" asserts="1" />
      </test-suite>
      <test-suite type="TestFixture" id="0-1380" name="SpecValidFailEqBytes" fullname="Kaitai.SpecValidFailEqBytes" classname="Kaitai.SpecValidFailEqBytes" runstate="Runnable" testcasecount="1" result="Passed" start-time="2020-10-31 09:50:55Z" end-time="2020-10-31 09:50:55Z" duration="0.003543" total="1" passed="1" failed="0" inconclusive="0" skipped="0" asserts="1">
        <test-case id="0-1381" name="TestValidFailEqBytes" fullname="Kaitai.SpecValidFailEqBytes.TestValidFailEqBytes" methodname="TestValidFailEqBytes" classname="Kaitai.SpecValidFailEqBytes" runstate="Runnable" seed="504370149" result="Passed" start-time="2020-10-31 09:50:55Z" end-time="2020-10-31 09:50:55Z" duration="0.000836" asserts="1" />
      </test-suite>
      <test-suite type="TestFixture" id="0-1382" name="SpecValidFailEqInt" fullname="Kaitai.SpecValidFailEqInt" classname="Kaitai.SpecValidFailEqInt" runstate="Runnable" testcasecount="1" result="Passed" start-time="2020-10-31 09:50:55Z" end-time="2020-10-31 09:50:55Z" duration="0.003523" total="1" passed="1" failed="0" inconclusive="0" skipped="0" asserts="1">
        <test-case id="0-1383" name="TestValidFailEqInt" fullname="Kaitai.SpecValidFailEqInt.TestValidFailEqInt" methodname="TestValidFailEqInt" classname="Kaitai.SpecValidFailEqInt" runstate="Runnable" seed="1145560535" result="Passed" start-time="2020-10-31 09:50:55Z" end-time="2020-10-31 09:50:55Z" duration="0.000717" asserts="1" />
      </test-suite>
      <test-suite type="TestFixture" id="0-1384" name="SpecValidFailExpr" fullname="Kaitai.SpecValidFailExpr" classname="Kaitai.SpecValidFailExpr" runstate="Runnable" testcasecount="1" result="Passed" start-time="2020-10-31 09:50:55Z" end-time="2020-10-31 09:50:55Z" duration="0.003846" total="1" passed="1" failed="0" inconclusive="0" skipped="0" asserts="1">
        <test-case id="0-1385" name="TestValidFailExpr" fullname="Kaitai.SpecValidFailExpr.TestValidFailExpr" methodname="TestValidFailExpr" classname="Kaitai.SpecValidFailExpr" runstate="Runnable" seed="990203822" result="Passed" start-time="2020-10-31 09:50:55Z" end-time="2020-10-31 09:50:55Z" duration="0.001050" asserts="1" />
      </test-suite>
      <test-suite type="TestFixture" id="0-1386" name="SpecValidFailInst" fullname="Kaitai.SpecValidFailInst" classname="Kaitai.SpecValidFailInst" runstate="Runnable" testcasecount="1" result="Passed" start-time="2020-10-31 09:50:55Z" end-time="2020-10-31 09:50:55Z" duration="0.003466" total="1" passed="1" failed="0" inconclusive="0" skipped="0" asserts="1">
        <test-case id="0-1387" name="TestValidFailInst" fullname="Kaitai.SpecValidFailInst.TestValidFailInst" methodname="TestValidFailInst" classname="Kaitai.SpecValidFailInst" runstate="Runnable" seed="668394643" result="Passed" start-time="2020-10-31 09:50:55Z" end-time="2020-10-31 09:50:55Z" duration="0.000709" asserts="1" />
      </test-suite>
      <test-suite type="TestFixture" id="0-1388" name="SpecValidFailMaxInt" fullname="Kaitai.SpecValidFailMaxInt" classname="Kaitai.SpecValidFailMaxInt" runstate="Runnable" testcasecount="1" result="Passed" start-time="2020-10-31 09:50:55Z" end-time="2020-10-31 09:50:55Z" duration="0.003425" total="1" passed="1" failed="0" inconclusive="0" skipped="0" asserts="1">
        <test-case id="0-1389" name="TestValidFailMaxInt" fullname="Kaitai.SpecValidFailMaxInt.TestValidFailMaxInt" methodname="TestValidFailMaxInt" classname="Kaitai.SpecValidFailMaxInt" runstate="Runnable" seed="1698107797" result="Passed" start-time="2020-10-31 09:50:55Z" end-time="2020-10-31 09:50:55Z" duration="0.000626" asserts="1" />
      </test-suite>
      <test-suite type="TestFixture" id="0-1390" name="SpecValidFailMinInt" fullname="Kaitai.SpecValidFailMinInt" classname="Kaitai.SpecValidFailMinInt" runstate="Runnable" testcasecount="1" result="Passed" start-time="2020-10-31 09:50:55Z" end-time="2020-10-31 09:50:55Z" duration="0.003104" total="1" passed="1" failed="0" inconclusive="0" skipped="0" asserts="1">
        <test-case id="0-1391" name="TestValidFailMinInt" fullname="Kaitai.SpecValidFailMinInt.TestValidFailMinInt" methodname="TestValidFailMinInt" classname="Kaitai.SpecValidFailMinInt" runstate="Runnable" seed="960026081" result="Passed" start-time="2020-10-31 09:50:55Z" end-time="2020-10-31 09:50:55Z" duration="0.000674" asserts="1" />
      </test-suite>
      <test-suite type="TestFixture" id="0-1392" name="SpecValidFailRangeBytes" fullname="Kaitai.SpecValidFailRangeBytes" classname="Kaitai.SpecValidFailRangeBytes" runstate="Runnable" testcasecount="1" result="Passed" start-time="2020-10-31 09:50:55Z" end-time="2020-10-31 09:50:55Z" duration="0.003443" total="1" passed="1" failed="0" inconclusive="0" skipped="0" asserts="1">
        <test-case id="0-1393" name="TestValidFailRangeBytes" fullname="Kaitai.SpecValidFailRangeBytes.TestValidFailRangeBytes" methodname="TestValidFailRangeBytes" classname="Kaitai.SpecValidFailRangeBytes" runstate="Runnable" seed="394230930" result="Passed" start-time="2020-10-31 09:50:55Z" end-time="2020-10-31 09:50:55Z" duration="0.000680" asserts="1" />
      </test-suite>
      <test-suite type="TestFixture" id="0-1394" name="SpecValidFailRangeFloat" fullname="Kaitai.SpecValidFailRangeFloat" classname="Kaitai.SpecValidFailRangeFloat" runstate="Runnable" testcasecount="1" result="Passed" start-time="2020-10-31 09:50:55Z" end-time="2020-10-31 09:50:55Z" duration="0.004662" total="1" passed="1" failed="0" inconclusive="0" skipped="0" asserts="1">
        <test-case id="0-1395" name="TestValidFailRangeFloat" fullname="Kaitai.SpecValidFailRangeFloat.TestValidFailRangeFloat" methodname="TestValidFailRangeFloat" classname="Kaitai.SpecValidFailRangeFloat" runstate="Runnable" seed="529022222" result="Passed" start-time="2020-10-31 09:50:55Z" end-time="2020-10-31 09:50:55Z" duration="0.002210" asserts="1" />
      </test-suite>
      <test-suite type="TestFixture" id="0-1396" name="SpecValidFailRangeInt" fullname="Kaitai.SpecValidFailRangeInt" classname="Kaitai.SpecValidFailRangeInt" runstate="Runnable" testcasecount="1" result="Passed" start-time="2020-10-31 09:50:55Z" end-time="2020-10-31 09:50:55Z" duration="0.003310" total="1" passed="1" failed="0" inconclusive="0" skipped="0" asserts="1">
        <test-case id="0-1397" name="TestValidFailRangeInt" fullname="Kaitai.SpecValidFailRangeInt.TestValidFailRangeInt" methodname="TestValidFailRangeInt" classname="Kaitai.SpecValidFailRangeInt" runstate="Runnable" seed="1757798331" result="Passed" start-time="2020-10-31 09:50:55Z" end-time="2020-10-31 09:50:55Z" duration="0.000562" asserts="1" />
      </test-suite>
      <test-suite type="TestFixture" id="0-1398" name="SpecValidFailRangeStr" fullname="Kaitai.SpecValidFailRangeStr" classname="Kaitai.SpecValidFailRangeStr" runstate="Runnable" testcasecount="1" result="Passed" start-time="2020-10-31 09:50:55Z" end-time="2020-10-31 09:50:55Z" duration="0.003284" total="1" passed="1" failed="0" inconclusive="0" skipped="0" asserts="1">
        <test-case id="0-1399" name="TestValidFailRangeStr" fullname="Kaitai.SpecValidFailRangeStr.TestValidFailRangeStr" methodname="TestValidFailRangeStr" classname="Kaitai.SpecValidFailRangeStr" runstate="Runnable" seed="30983864" result="Passed" start-time="2020-10-31 09:50:55Z" end-time="2020-10-31 09:50:55Z" duration="0.000497" asserts="1" />
      </test-suite>
      <test-suite type="TestFixture" id="0-1400" name="SpecValidLong" fullname="Kaitai.SpecValidLong" classname="Kaitai.SpecValidLong" runstate="Runnable" testcasecount="1" result="Passed" start-time="2020-10-31 09:50:55Z" end-time="2020-10-31 09:50:55Z" duration="0.003696" total="1" passed="1" failed="0" inconclusive="0" skipped="0" asserts="0">
        <test-case id="0-1401" name="TestValidLong" fullname="Kaitai.SpecValidLong.TestValidLong" methodname="TestValidLong" classname="Kaitai.SpecValidLong" runstate="Runnable" seed="808909802" result="Passed" start-time="2020-10-31 09:50:55Z" end-time="2020-10-31 09:50:55Z" duration="0.000919" asserts="0" />
      </test-suite>
      <test-suite type="TestFixture" id="0-1402" name="SpecValidNotParsedIf" fullname="Kaitai.SpecValidNotParsedIf" classname="Kaitai.SpecValidNotParsedIf" runstate="Runnable" testcasecount="1" result="Passed" start-time="2020-10-31 09:50:55Z" end-time="2020-10-31 09:50:55Z" duration="0.002956" total="1" passed="1" failed="0" inconclusive="0" skipped="0" asserts="0">
        <test-case id="0-1403" name="TestValidNotParsedIf" fullname="Kaitai.SpecValidNotParsedIf.TestValidNotParsedIf" methodname="TestValidNotParsedIf" classname="Kaitai.SpecValidNotParsedIf" runstate="Runnable" seed="408570891" result="Passed" start-time="2020-10-31 09:50:55Z" end-time="2020-10-31 09:50:55Z" duration="0.000548" asserts="0" />
      </test-suite>
      <test-suite type="TestFixture" id="0-1404" name="SpecValidShort" fullname="Kaitai.SpecValidShort" classname="Kaitai.SpecValidShort" runstate="Runnable" testcasecount="1" result="Passed" start-time="2020-10-31 09:50:55Z" end-time="2020-10-31 09:50:55Z" duration="0.003469" total="1" passed="1" failed="0" inconclusive="0" skipped="0" asserts="0">
        <test-case id="0-1405" name="TestValidShort" fullname="Kaitai.SpecValidShort.TestValidShort" methodname="TestValidShort" classname="Kaitai.SpecValidShort" runstate="Runnable" seed="1761342570" result="Passed" start-time="2020-10-31 09:50:55Z" end-time="2020-10-31 09:50:55Z" duration="0.001055" asserts="0" />
      </test-suite>
      <test-suite type="TestFixture" id="0-1406" name="SpecValidSwitch" fullname="Kaitai.SpecValidSwitch" classname="Kaitai.SpecValidSwitch" runstate="Runnable" testcasecount="1" result="Passed" start-time="2020-10-31 09:50:55Z" end-time="2020-10-31 09:50:55Z" duration="0.002896" total="1" passed="1" failed="0" inconclusive="0" skipped="0" asserts="0">
        <test-case id="0-1407" name="TestValidSwitch" fullname="Kaitai.SpecValidSwitch.TestValidSwitch" methodname="TestValidSwitch" classname="Kaitai.SpecValidSwitch" runstate="Runnable" seed="90922878" result="Passed" start-time="2020-10-31 09:50:55Z" end-time="2020-10-31 09:50:55Z" duration="0.000499" asserts="0" />
      </test-suite>
      <test-suite type="TestFixture" id="0-1408" name="SpecZlibSurrounded" fullname="Kaitai.SpecZlibSurrounded" classname="Kaitai.SpecZlibSurrounded" runstate="Runnable" testcasecount="1" result="Passed" start-time="2020-10-31 09:50:55Z" end-time="2020-10-31 09:50:55Z" duration="0.008612" total="1" passed="1" failed="0" inconclusive="0" skipped="0" asserts="1">
        <test-case id="0-1409" name="TestZlibSurrounded" fullname="Kaitai.SpecZlibSurrounded.TestZlibSurrounded" methodname="TestZlibSurrounded" classname="Kaitai.SpecZlibSurrounded" runstate="Runnable" seed="594721431" result="Passed" start-time="2020-10-31 09:50:55Z" end-time="2020-10-31 09:50:55Z" duration="0.006212" asserts="1" />
      </test-suite>
      <test-suite type="TestFixture" id="0-1410" name="SpecZlibWithHeader78" fullname="Kaitai.SpecZlibWithHeader78" classname="Kaitai.SpecZlibWithHeader78" runstate="Runnable" testcasecount="1" result="Passed" start-time="2020-10-31 09:50:55Z" end-time="2020-10-31 09:50:55Z" duration="0.002829" total="1" passed="1" failed="0" inconclusive="0" skipped="0" asserts="1">
        <test-case id="0-1411" name="TestZlibWithHeader78" fullname="Kaitai.SpecZlibWithHeader78.TestZlibWithHeader78" methodname="TestZlibWithHeader78" classname="Kaitai.SpecZlibWithHeader78" runstate="Runnable" seed="1949872127" result="Passed" start-time="2020-10-31 09:50:55Z" end-time="2020-10-31 09:50:55Z" duration="0.000434" asserts="1" />
      </test-suite>
    </test-suite>
  </test-suite>
</test-run>