<?xml version="1.0" encoding="utf-8" standalone="no"?>
<test-run id="2" testcasecount="203" result="Failed" total="203" passed="202" failed="1" inconclusive="0" skipped="0" asserts="939" engine-version="3.4.1.0" clr-version="4.0.30319.42000" start-time="2020-08-23 22:35:18Z" end-time="2020-08-23 22:35:20Z" duration="2.062315">
  <command-line><![CDATA[spec/csharp/packages/NUnit.ConsoleRunner.3.4.1/tools/nunit3-console.exe --result=test_out/csharp/TestResult.xml spec/csharp/kaitai_struct_csharp_tests/bin/Debug/kaitai_struct_csharp_tests.dll]]></command-line>
  <test-suite type="Assembly" id="0-1406" name="kaitai_struct_csharp_tests.dll" fullname="C:\projects\ci-targets\tests\spec\csharp\kaitai_struct_csharp_tests\bin\Debug\kaitai_struct_csharp_tests.dll" runstate="Runnable" testcasecount="203" result="Failed" site="Child" start-time="2020-08-23 22:35:18Z" end-time="2020-08-23 22:35:20Z" duration="1.981259" total="203" passed="202" failed="1" inconclusive="0" skipped="0" asserts="939">
    <environment framework-version="3.4.1.0" clr-version="4.0.30319.42000" os-version="Microsoft Windows NT 10.0.14393.0" platform="Win32NT" cwd="C:\projects\ci-targets\tests" machine-name="APPVYR-WIN" user="appveyor" user-domain="APPVYR-WIN" culture="en-US" uiculture="en-US" os-architecture="x64" />
    <settings>
      <setting name="WorkDirectory" value="C:\projects\ci-targets\tests" />
      <setting name="ImageRuntimeVersion" value="4.0.30319" />
      <setting name="ImageTargetFrameworkName" value=".NETFramework,Version=v4.5" />
      <setting name="ImageRequiresX86" value="False" />
      <setting name="ImageRequiresDefaultAppDomainAssemblyResolver" value="False" />
      <setting name="NumberOfTestWorkers" value="2" />
    </settings>
    <properties>
      <property name="_PID" value="2020" />
      <property name="_APPDOMAIN" value="test-domain-" />
    </properties>
    <failure>
      <message><![CDATA[One or more child tests had errors]]></message>
    </failure>
    <test-suite type="TestSuite" id="0-1407" name="Kaitai" fullname="Kaitai" runstate="Runnable" testcasecount="203" result="Failed" site="Child" start-time="2020-08-23 22:35:18Z" end-time="2020-08-23 22:35:20Z" duration="1.960020" total="203" passed="202" failed="1" inconclusive="0" skipped="0" asserts="939">
      <failure>
        <message><![CDATA[One or more child tests had errors]]></message>
      </failure>
      <test-suite type="TestFixture" id="0-1000" name="SpecBcdUserTypeBe" fullname="Kaitai.SpecBcdUserTypeBe" classname="Kaitai.SpecBcdUserTypeBe" runstate="Runnable" testcasecount="1" result="Passed" start-time="2020-08-23 22:35:18Z" end-time="2020-08-23 22:35:18Z" duration="0.034378" total="1" passed="1" failed="0" inconclusive="0" skipped="0" asserts="6">
        <test-case id="0-1001" name="TestBcdUserTypeBe" fullname="Kaitai.SpecBcdUserTypeBe.TestBcdUserTypeBe" methodname="TestBcdUserTypeBe" classname="Kaitai.SpecBcdUserTypeBe" runstate="Runnable" seed="604394445" result="Passed" start-time="2020-08-23 22:35:18Z" end-time="2020-08-23 22:35:18Z" duration="0.022037" asserts="6" />
      </test-suite>
      <test-suite type="TestFixture" id="0-1002" name="SpecBcdUserTypeLe" fullname="Kaitai.SpecBcdUserTypeLe" classname="Kaitai.SpecBcdUserTypeLe" runstate="Runnable" testcasecount="1" result="Passed" start-time="2020-08-23 22:35:18Z" end-time="2020-08-23 22:35:18Z" duration="0.010025" total="1" passed="1" failed="0" inconclusive="0" skipped="0" asserts="6">
        <test-case id="0-1003" name="TestBcdUserTypeLe" fullname="Kaitai.SpecBcdUserTypeLe.TestBcdUserTypeLe" methodname="TestBcdUserTypeLe" classname="Kaitai.SpecBcdUserTypeLe" runstate="Runnable" seed="126649599" result="Passed" start-time="2020-08-23 22:35:18Z" end-time="2020-08-23 22:35:18Z" duration="0.006626" asserts="6" />
      </test-suite>
      <test-suite type="TestFixture" id="0-1004" name="SpecBitsByteAligned" fullname="Kaitai.SpecBitsByteAligned" classname="Kaitai.SpecBitsByteAligned" runstate="Runnable" testcasecount="1" result="Passed" start-time="2020-08-23 22:35:18Z" end-time="2020-08-23 22:35:18Z" duration="0.009007" total="1" passed="1" failed="0" inconclusive="0" skipped="0" asserts="9">
        <test-case id="0-1005" name="TestBitsByteAligned" fullname="Kaitai.SpecBitsByteAligned.TestBitsByteAligned" methodname="TestBitsByteAligned" classname="Kaitai.SpecBitsByteAligned" runstate="Runnable" seed="1489087885" result="Passed" start-time="2020-08-23 22:35:18Z" end-time="2020-08-23 22:35:18Z" duration="0.005177" asserts="9" />
      </test-suite>
      <test-suite type="TestFixture" id="0-1006" name="SpecBitsEnum" fullname="Kaitai.SpecBitsEnum" classname="Kaitai.SpecBitsEnum" runstate="Runnable" testcasecount="1" result="Passed" start-time="2020-08-23 22:35:18Z" end-time="2020-08-23 22:35:18Z" duration="0.003982" total="1" passed="1" failed="0" inconclusive="0" skipped="0" asserts="3">
        <test-case id="0-1007" name="TestBitsEnum" fullname="Kaitai.SpecBitsEnum.TestBitsEnum" methodname="TestBitsEnum" classname="Kaitai.SpecBitsEnum" runstate="Runnable" seed="1219100484" result="Passed" start-time="2020-08-23 22:35:18Z" end-time="2020-08-23 22:35:18Z" duration="0.000836" asserts="3" />
      </test-suite>
      <test-suite type="TestFixture" id="0-1008" name="SpecBitsSeqEndianCombo" fullname="Kaitai.SpecBitsSeqEndianCombo" classname="Kaitai.SpecBitsSeqEndianCombo" runstate="Runnable" testcasecount="1" result="Passed" start-time="2020-08-23 22:35:18Z" end-time="2020-08-23 22:35:18Z" duration="0.005026" total="1" passed="1" failed="0" inconclusive="0" skipped="0" asserts="8">
        <test-case id="0-1009" name="TestBitsSeqEndianCombo" fullname="Kaitai.SpecBitsSeqEndianCombo.TestBitsSeqEndianCombo" methodname="TestBitsSeqEndianCombo" classname="Kaitai.SpecBitsSeqEndianCombo" runstate="Runnable" seed="1982308047" result="Passed" start-time="2020-08-23 22:35:18Z" end-time="2020-08-23 22:35:18Z" duration="0.001676" asserts="8" />
      </test-suite>
      <test-suite type="TestFixture" id="0-1010" name="SpecBitsSimple" fullname="Kaitai.SpecBitsSimple" classname="Kaitai.SpecBitsSimple" runstate="Runnable" testcasecount="1" result="Passed" start-time="2020-08-23 22:35:18Z" end-time="2020-08-23 22:35:18Z" duration="0.006016" total="1" passed="1" failed="0" inconclusive="0" skipped="0" asserts="14">
        <test-case id="0-1011" name="TestBitsSimple" fullname="Kaitai.SpecBitsSimple.TestBitsSimple" methodname="TestBitsSimple" classname="Kaitai.SpecBitsSimple" runstate="Runnable" seed="1644630257" result="Passed" start-time="2020-08-23 22:35:18Z" end-time="2020-08-23 22:35:18Z" duration="0.002311" asserts="14" />
      </test-suite>
      <test-suite type="TestFixture" id="0-1012" name="SpecBitsSimpleLe" fullname="Kaitai.SpecBitsSimpleLe" classname="Kaitai.SpecBitsSimpleLe" runstate="Runnable" testcasecount="1" result="Passed" start-time="2020-08-23 22:35:18Z" end-time="2020-08-23 22:35:18Z" duration="0.006038" total="1" passed="1" failed="0" inconclusive="0" skipped="0" asserts="14">
        <test-case id="0-1013" name="TestBitsSimpleLe" fullname="Kaitai.SpecBitsSimpleLe.TestBitsSimpleLe" methodname="TestBitsSimpleLe" classname="Kaitai.SpecBitsSimpleLe" runstate="Runnable" seed="2028299135" result="Passed" start-time="2020-08-23 22:35:18Z" end-time="2020-08-23 22:35:18Z" duration="0.001970" asserts="14" />
      </test-suite>
      <test-suite type="TestFixture" id="0-1014" name="SpecBufferedStruct" fullname="Kaitai.SpecBufferedStruct" classname="Kaitai.SpecBufferedStruct" runstate="Runnable" testcasecount="1" result="Passed" start-time="2020-08-23 22:35:18Z" end-time="2020-08-23 22:35:18Z" duration="0.005995" total="1" passed="1" failed="0" inconclusive="0" skipped="0" asserts="7">
        <test-case id="0-1015" name="TestBufferedStruct" fullname="Kaitai.SpecBufferedStruct.TestBufferedStruct" methodname="TestBufferedStruct" classname="Kaitai.SpecBufferedStruct" runstate="Runnable" seed="373005147" result="Passed" start-time="2020-08-23 22:35:18Z" end-time="2020-08-23 22:35:18Z" duration="0.002326" asserts="7" />
      </test-suite>
      <test-suite type="TestFixture" id="0-1016" name="SpecBytesPadTerm" fullname="Kaitai.SpecBytesPadTerm" classname="Kaitai.SpecBytesPadTerm" runstate="Runnable" testcasecount="1" result="Passed" start-time="2020-08-23 22:35:18Z" end-time="2020-08-23 22:35:18Z" duration="0.005986" total="1" passed="1" failed="0" inconclusive="0" skipped="0" asserts="4">
        <test-case id="0-1017" name="TestBytesPadTerm" fullname="Kaitai.SpecBytesPadTerm.TestBytesPadTerm" methodname="TestBytesPadTerm" classname="Kaitai.SpecBytesPadTerm" runstate="Runnable" seed="634515895" result="Passed" start-time="2020-08-23 22:35:18Z" end-time="2020-08-23 22:35:18Z" duration="0.001426" asserts="4" />
      </test-suite>
      <test-suite type="TestFixture" id="0-1018" name="SpecCastNested" fullname="Kaitai.SpecCastNested" classname="Kaitai.SpecCastNested" runstate="Runnable" testcasecount="1" result="Passed" start-time="2020-08-23 22:35:18Z" end-time="2020-08-23 22:35:18Z" duration="0.006350" total="1" passed="1" failed="0" inconclusive="0" skipped="0" asserts="4">
        <test-case id="0-1019" name="TestCastNested" fullname="Kaitai.SpecCastNested.TestCastNested" methodname="TestCastNested" classname="Kaitai.SpecCastNested" runstate="Runnable" seed="281909091" result="Passed" start-time="2020-08-23 22:35:18Z" end-time="2020-08-23 22:35:18Z" duration="0.002875" asserts="4" />
      </test-suite>
      <test-suite type="TestFixture" id="0-1020" name="SpecCastToImported" fullname="Kaitai.SpecCastToImported" classname="Kaitai.SpecCastToImported" runstate="Runnable" testcasecount="1" result="Passed" start-time="2020-08-23 22:35:18Z" end-time="2020-08-23 22:35:18Z" duration="0.004936" total="1" passed="1" failed="0" inconclusive="0" skipped="0" asserts="2">
        <test-case id="0-1021" name="TestCastToImported" fullname="Kaitai.SpecCastToImported.TestCastToImported" methodname="TestCastToImported" classname="Kaitai.SpecCastToImported" runstate="Runnable" seed="1872107408" result="Passed" start-time="2020-08-23 22:35:18Z" end-time="2020-08-23 22:35:18Z" duration="0.001006" asserts="2" />
      </test-suite>
      <test-suite type="TestFixture" id="0-1022" name="SpecCastToTop" fullname="Kaitai.SpecCastToTop" classname="Kaitai.SpecCastToTop" runstate="Runnable" testcasecount="1" result="Passed" start-time="2020-08-23 22:35:18Z" end-time="2020-08-23 22:35:18Z" duration="0.005003" total="1" passed="1" failed="0" inconclusive="0" skipped="0" asserts="3">
        <test-case id="0-1023" name="TestCastToTop" fullname="Kaitai.SpecCastToTop.TestCastToTop" methodname="TestCastToTop" classname="Kaitai.SpecCastToTop" runstate="Runnable" seed="1485916957" result="Passed" start-time="2020-08-23 22:35:18Z" end-time="2020-08-23 22:35:18Z" duration="0.001119" asserts="3" />
      </test-suite>
      <test-suite type="TestFixture" id="0-1024" name="SpecCombineBool" fullname="Kaitai.SpecCombineBool" classname="Kaitai.SpecCombineBool" runstate="Runnable" testcasecount="1" result="Passed" start-time="2020-08-23 22:35:18Z" end-time="2020-08-23 22:35:18Z" duration="0.004383" total="1" passed="1" failed="0" inconclusive="0" skipped="0" asserts="2">
        <test-case id="0-1025" name="TestCombineBool" fullname="Kaitai.SpecCombineBool.TestCombineBool" methodname="TestCombineBool" classname="Kaitai.SpecCombineBool" runstate="Runnable" seed="1226428688" result="Passed" start-time="2020-08-23 22:35:18Z" end-time="2020-08-23 22:35:18Z" duration="0.000819" asserts="2" />
      </test-suite>
      <test-suite type="TestFixture" id="0-1026" name="SpecCombineBytes" fullname="Kaitai.SpecCombineBytes" classname="Kaitai.SpecCombineBytes" runstate="Runnable" testcasecount="1" result="Passed" start-time="2020-08-23 22:35:18Z" end-time="2020-08-23 22:35:18Z" duration="0.004987" total="1" passed="1" failed="0" inconclusive="0" skipped="0" asserts="10">
        <test-case id="0-1027" name="TestCombineBytes" fullname="Kaitai.SpecCombineBytes.TestCombineBytes" methodname="TestCombineBytes" classname="Kaitai.SpecCombineBytes" runstate="Runnable" seed="1495521680" result="Passed" start-time="2020-08-23 22:35:18Z" end-time="2020-08-23 22:35:18Z" duration="0.001899" asserts="10" />
      </test-suite>
      <test-suite type="TestFixture" id="0-1028" name="SpecCombineEnum" fullname="Kaitai.SpecCombineEnum" classname="Kaitai.SpecCombineEnum" runstate="Runnable" testcasecount="1" result="Passed" start-time="2020-08-23 22:35:18Z" end-time="2020-08-23 22:35:18Z" duration="0.003986" total="1" passed="1" failed="0" inconclusive="0" skipped="0" asserts="3">
        <test-case id="0-1029" name="TestCombineEnum" fullname="Kaitai.SpecCombineEnum.TestCombineEnum" methodname="TestCombineEnum" classname="Kaitai.SpecCombineEnum" runstate="Runnable" seed="626082932" result="Passed" start-time="2020-08-23 22:35:18Z" end-time="2020-08-23 22:35:18Z" duration="0.000898" asserts="3" />
      </test-suite>
      <test-suite type="TestFixture" id="0-1030" name="SpecCombineStr" fullname="Kaitai.SpecCombineStr" classname="Kaitai.SpecCombineStr" runstate="Runnable" testcasecount="1" result="Passed" start-time="2020-08-23 22:35:18Z" end-time="2020-08-23 22:35:18Z" duration="0.006010" total="1" passed="1" failed="0" inconclusive="0" skipped="0" asserts="15">
        <test-case id="0-1031" name="TestCombineStr" fullname="Kaitai.SpecCombineStr.TestCombineStr" methodname="TestCombineStr" classname="Kaitai.SpecCombineStr" runstate="Runnable" seed="176570624" result="Passed" start-time="2020-08-23 22:35:18Z" end-time="2020-08-23 22:35:18Z" duration="0.002350" asserts="15" />
      </test-suite>
      <test-suite type="TestFixture" id="0-1032" name="SpecDebug0" fullname="Kaitai.SpecDebug0" classname="Kaitai.SpecDebug0" runstate="Runnable" testcasecount="1" result="Passed" start-time="2020-08-23 22:35:18Z" end-time="2020-08-23 22:35:18Z" duration="0.003998" total="1" passed="1" failed="0" inconclusive="0" skipped="0" asserts="0">
        <test-case id="0-1033" name="TestDebug0" fullname="Kaitai.SpecDebug0.TestDebug0" methodname="TestDebug0" classname="Kaitai.SpecDebug0" runstate="Runnable" seed="2133703007" result="Passed" start-time="2020-08-23 22:35:18Z" end-time="2020-08-23 22:35:18Z" duration="0.000086" asserts="0" />
      </test-suite>
      <test-suite type="TestFixture" id="0-1034" name="SpecDebugArrayUser" fullname="Kaitai.SpecDebugArrayUser" classname="Kaitai.SpecDebugArrayUser" runstate="Runnable" testcasecount="1" result="Passed" start-time="2020-08-23 22:35:18Z" end-time="2020-08-23 22:35:18Z" duration="0.005041" total="1" passed="1" failed="0" inconclusive="0" skipped="0" asserts="4">
        <test-case id="0-1035" name="TestDebugArrayUser" fullname="Kaitai.SpecDebugArrayUser.TestDebugArrayUser" methodname="TestDebugArrayUser" classname="Kaitai.SpecDebugArrayUser" runstate="Runnable" seed="1761974685" result="Passed" start-time="2020-08-23 22:35:18Z" end-time="2020-08-23 22:35:18Z" duration="0.001327" asserts="4" />
      </test-suite>
      <test-suite type="TestFixture" id="0-1036" name="SpecDebugEnumName" fullname="Kaitai.SpecDebugEnumName" classname="Kaitai.SpecDebugEnumName" runstate="Runnable" testcasecount="1" result="Passed" start-time="2020-08-23 22:35:18Z" end-time="2020-08-23 22:35:18Z" duration="0.004018" total="1" passed="1" failed="0" inconclusive="0" skipped="0" asserts="0">
        <test-case id="0-1037" name="TestDebugEnumName" fullname="Kaitai.SpecDebugEnumName.TestDebugEnumName" methodname="TestDebugEnumName" classname="Kaitai.SpecDebugEnumName" runstate="Runnable" seed="1854423643" result="Passed" start-time="2020-08-23 22:35:18Z" end-time="2020-08-23 22:35:18Z" duration="0.000093" asserts="0" />
      </test-suite>
      <test-suite type="TestFixture" id="0-1038" name="SpecDebugSwitchUser" fullname="Kaitai.SpecDebugSwitchUser" classname="Kaitai.SpecDebugSwitchUser" runstate="Runnable" testcasecount="1" result="Passed" start-time="2020-08-23 22:35:18Z" end-time="2020-08-23 22:35:18Z" duration="0.005013" total="1" passed="1" failed="0" inconclusive="0" skipped="0" asserts="2">
        <test-case id="0-1039" name="TestDebugSwitchUser" fullname="Kaitai.SpecDebugSwitchUser.TestDebugSwitchUser" methodname="TestDebugSwitchUser" classname="Kaitai.SpecDebugSwitchUser" runstate="Runnable" seed="520795155" result="Passed" start-time="2020-08-23 22:35:18Z" end-time="2020-08-23 22:35:18Z" duration="0.001172" asserts="2" />
      </test-suite>
      <test-suite type="TestFixture" id="0-1040" name="SpecDefaultBigEndian" fullname="Kaitai.SpecDefaultBigEndian" classname="Kaitai.SpecDefaultBigEndian" runstate="Runnable" testcasecount="1" result="Passed" start-time="2020-08-23 22:35:18Z" end-time="2020-08-23 22:35:18Z" duration="0.004019" total="1" passed="1" failed="0" inconclusive="0" skipped="0" asserts="1">
        <test-case id="0-1041" name="TestDefaultBigEndian" fullname="Kaitai.SpecDefaultBigEndian.TestDefaultBigEndian" methodname="TestDefaultBigEndian" classname="Kaitai.SpecDefaultBigEndian" runstate="Runnable" seed="70479363" result="Passed" start-time="2020-08-23 22:35:18Z" end-time="2020-08-23 22:35:18Z" duration="0.000657" asserts="1" />
      </test-suite>
      <test-suite type="TestFixture" id="0-1042" name="SpecDefaultBitEndianMod" fullname="Kaitai.SpecDefaultBitEndianMod" classname="Kaitai.SpecDefaultBitEndianMod" runstate="Runnable" testcasecount="1" result="Passed" start-time="2020-08-23 22:35:18Z" end-time="2020-08-23 22:35:18Z" duration="0.005039" total="1" passed="1" failed="0" inconclusive="0" skipped="0" asserts="4">
        <test-case id="0-1043" name="TestDefaultBitEndianMod" fullname="Kaitai.SpecDefaultBitEndianMod.TestDefaultBitEndianMod" methodname="TestDefaultBitEndianMod" classname="Kaitai.SpecDefaultBitEndianMod" runstate="Runnable" seed="915330296" result="Passed" start-time="2020-08-23 22:35:18Z" end-time="2020-08-23 22:35:18Z" duration="0.001565" asserts="4" />
      </test-suite>
      <test-suite type="TestFixture" id="0-1044" name="SpecDefaultEndianExprException" fullname="Kaitai.SpecDefaultEndianExprException" classname="Kaitai.SpecDefaultEndianExprException" runstate="Runnable" testcasecount="1" result="Passed" start-time="2020-08-23 22:35:18Z" end-time="2020-08-23 22:35:18Z" duration="0.015144" total="1" passed="1" failed="0" inconclusive="0" skipped="0" asserts="1">
        <test-case id="0-1045" name="TestDefaultEndianExprException" fullname="Kaitai.SpecDefaultEndianExprException.TestDefaultEndianExprException" methodname="TestDefaultEndianExprException" classname="Kaitai.SpecDefaultEndianExprException" runstate="Runnable" seed="2118190990" result="Passed" start-time="2020-08-23 22:35:18Z" end-time="2020-08-23 22:35:18Z" duration="0.011618" asserts="1" />
      </test-suite>
      <test-suite type="TestFixture" id="0-1046" name="SpecDefaultEndianExprInherited" fullname="Kaitai.SpecDefaultEndianExprInherited" classname="Kaitai.SpecDefaultEndianExprInherited" runstate="Runnable" testcasecount="1" result="Passed" start-time="2020-08-23 22:35:18Z" end-time="2020-08-23 22:35:18Z" duration="0.008002" total="1" passed="1" failed="0" inconclusive="0" skipped="0" asserts="15">
        <test-case id="0-1047" name="TestDefaultEndianExprInherited" fullname="Kaitai.SpecDefaultEndianExprInherited.TestDefaultEndianExprInherited" methodname="TestDefaultEndianExprInherited" classname="Kaitai.SpecDefaultEndianExprInherited" runstate="Runnable" seed="3334367" result="Passed" start-time="2020-08-23 22:35:18Z" end-time="2020-08-23 22:35:18Z" duration="0.004671" asserts="15" />
      </test-suite>
      <test-suite type="TestFixture" id="0-1048" name="SpecDefaultEndianExprIsBe" fullname="Kaitai.SpecDefaultEndianExprIsBe" classname="Kaitai.SpecDefaultEndianExprIsBe" runstate="Runnable" testcasecount="1" result="Passed" start-time="2020-08-23 22:35:18Z" end-time="2020-08-23 22:35:18Z" duration="0.007977" total="1" passed="1" failed="0" inconclusive="0" skipped="0" asserts="18">
        <test-case id="0-1049" name="TestDefaultEndianExprIsBe" fullname="Kaitai.SpecDefaultEndianExprIsBe.TestDefaultEndianExprIsBe" methodname="TestDefaultEndianExprIsBe" classname="Kaitai.SpecDefaultEndianExprIsBe" runstate="Runnable" seed="2066375943" result="Passed" start-time="2020-08-23 22:35:18Z" end-time="2020-08-23 22:35:18Z" duration="0.004282" asserts="18" />
      </test-suite>
      <test-suite type="TestFixture" id="0-1050" name="SpecDefaultEndianExprIsLe" fullname="Kaitai.SpecDefaultEndianExprIsLe" classname="Kaitai.SpecDefaultEndianExprIsLe" runstate="Runnable" testcasecount="1" result="Passed" start-time="2020-08-23 22:35:18Z" end-time="2020-08-23 22:35:18Z" duration="0.006028" total="1" passed="1" failed="0" inconclusive="0" skipped="0" asserts="12">
        <test-case id="0-1051" name="TestDefaultEndianExprIsLe" fullname="Kaitai.SpecDefaultEndianExprIsLe.TestDefaultEndianExprIsLe" methodname="TestDefaultEndianExprIsLe" classname="Kaitai.SpecDefaultEndianExprIsLe" runstate="Runnable" seed="958080849" result="Passed" start-time="2020-08-23 22:35:18Z" end-time="2020-08-23 22:35:18Z" duration="0.002594" asserts="12" />
      </test-suite>
      <test-suite type="TestFixture" id="0-1052" name="SpecDefaultEndianMod" fullname="Kaitai.SpecDefaultEndianMod" classname="Kaitai.SpecDefaultEndianMod" runstate="Runnable" testcasecount="1" result="Passed" start-time="2020-08-23 22:35:18Z" end-time="2020-08-23 22:35:18Z" duration="0.004958" total="1" passed="1" failed="0" inconclusive="0" skipped="0" asserts="3">
        <test-case id="0-1053" name="TestDefaultEndianMod" fullname="Kaitai.SpecDefaultEndianMod.TestDefaultEndianMod" methodname="TestDefaultEndianMod" classname="Kaitai.SpecDefaultEndianMod" runstate="Runnable" seed="1830395992" result="Passed" start-time="2020-08-23 22:35:18Z" end-time="2020-08-23 22:35:18Z" duration="0.001578" asserts="3" />
      </test-suite>
      <test-suite type="TestFixture" id="0-1054" name="SpecDocstrings" fullname="Kaitai.SpecDocstrings" classname="Kaitai.SpecDocstrings" runstate="Runnable" testcasecount="1" result="Passed" start-time="2020-08-23 22:35:18Z" end-time="2020-08-23 22:35:18Z" duration="0.004063" total="1" passed="1" failed="0" inconclusive="0" skipped="0" asserts="0">
        <test-case id="0-1055" name="TestDocstrings" fullname="Kaitai.SpecDocstrings.TestDocstrings" methodname="TestDocstrings" classname="Kaitai.SpecDocstrings" runstate="Runnable" seed="1697946970" result="Passed" start-time="2020-08-23 22:35:18Z" end-time="2020-08-23 22:35:18Z" duration="0.000484" asserts="0" />
      </test-suite>
      <test-suite type="TestFixture" id="0-1056" name="SpecDocstringsDocref" fullname="Kaitai.SpecDocstringsDocref" classname="Kaitai.SpecDocstringsDocref" runstate="Runnable" testcasecount="1" result="Passed" start-time="2020-08-23 22:35:18Z" end-time="2020-08-23 22:35:18Z" duration="0.004047" total="1" passed="1" failed="0" inconclusive="0" skipped="0" asserts="0">
        <test-case id="0-1057" name="TestDocstringsDocref" fullname="Kaitai.SpecDocstringsDocref.TestDocstringsDocref" methodname="TestDocstringsDocref" classname="Kaitai.SpecDocstringsDocref" runstate="Runnable" seed="1095067320" result="Passed" start-time="2020-08-23 22:35:18Z" end-time="2020-08-23 22:35:18Z" duration="0.000478" asserts="0" />
      </test-suite>
      <test-suite type="TestFixture" id="0-1058" name="SpecDocstringsDocrefMulti" fullname="Kaitai.SpecDocstringsDocrefMulti" classname="Kaitai.SpecDocstringsDocrefMulti" runstate="Runnable" testcasecount="1" result="Passed" start-time="2020-08-23 22:35:18Z" end-time="2020-08-23 22:35:18Z" duration="0.003981" total="1" passed="1" failed="0" inconclusive="0" skipped="0" asserts="0">
        <test-case id="0-1059" name="TestDocstringsDocrefMulti" fullname="Kaitai.SpecDocstringsDocrefMulti.TestDocstringsDocrefMulti" methodname="TestDocstringsDocrefMulti" classname="Kaitai.SpecDocstringsDocrefMulti" runstate="Runnable" seed="1795922337" result="Passed" start-time="2020-08-23 22:35:18Z" end-time="2020-08-23 22:35:18Z" duration="0.000402" asserts="0" />
      </test-suite>
      <test-suite type="TestFixture" id="0-1060" name="SpecEnum0" fullname="Kaitai.SpecEnum0" classname="Kaitai.SpecEnum0" runstate="Runnable" testcasecount="1" result="Passed" start-time="2020-08-23 22:35:18Z" end-time="2020-08-23 22:35:18Z" duration="0.004022" total="1" passed="1" failed="0" inconclusive="0" skipped="0" asserts="2">
        <test-case id="0-1061" name="TestEnum0" fullname="Kaitai.SpecEnum0.TestEnum0" methodname="TestEnum0" classname="Kaitai.SpecEnum0" runstate="Runnable" seed="1265806529" result="Passed" start-time="2020-08-23 22:35:18Z" end-time="2020-08-23 22:35:18Z" duration="0.000654" asserts="2" />
      </test-suite>
      <test-suite type="TestFixture" id="0-1062" name="SpecEnum1" fullname="Kaitai.SpecEnum1" classname="Kaitai.SpecEnum1" runstate="Runnable" testcasecount="1" result="Passed" start-time="2020-08-23 22:35:18Z" end-time="2020-08-23 22:35:18Z" duration="0.005017" total="1" passed="1" failed="0" inconclusive="0" skipped="0" asserts="2">
        <test-case id="0-1063" name="TestEnum1" fullname="Kaitai.SpecEnum1.TestEnum1" methodname="TestEnum1" classname="Kaitai.SpecEnum1" runstate="Runnable" seed="1454050424" result="Passed" start-time="2020-08-23 22:35:18Z" end-time="2020-08-23 22:35:18Z" duration="0.001195" asserts="2" />
      </test-suite>
      <test-suite type="TestFixture" id="0-1064" name="SpecEnumDeep" fullname="Kaitai.SpecEnumDeep" classname="Kaitai.SpecEnumDeep" runstate="Runnable" testcasecount="1" result="Passed" start-time="2020-08-23 22:35:18Z" end-time="2020-08-23 22:35:18Z" duration="0.004025" total="1" passed="1" failed="0" inconclusive="0" skipped="0" asserts="2">
        <test-case id="0-1065" name="TestEnumDeep" fullname="Kaitai.SpecEnumDeep.TestEnumDeep" methodname="TestEnumDeep" classname="Kaitai.SpecEnumDeep" runstate="Runnable" seed="1668235073" result="Passed" start-time="2020-08-23 22:35:18Z" end-time="2020-08-23 22:35:18Z" duration="0.000655" asserts="2" />
      </test-suite>
      <test-suite type="TestFixture" id="0-1066" name="SpecEnumDeepLiterals" fullname="Kaitai.SpecEnumDeepLiterals" classname="Kaitai.SpecEnumDeepLiterals" runstate="Runnable" testcasecount="1" result="Passed" start-time="2020-08-23 22:35:18Z" end-time="2020-08-23 22:35:18Z" duration="0.004008" total="1" passed="1" failed="0" inconclusive="0" skipped="0" asserts="2">
        <test-case id="0-1067" name="TestEnumDeepLiterals" fullname="Kaitai.SpecEnumDeepLiterals.TestEnumDeepLiterals" methodname="TestEnumDeepLiterals" classname="Kaitai.SpecEnumDeepLiterals" runstate="Runnable" seed="1891504998" result="Passed" start-time="2020-08-23 22:35:18Z" end-time="2020-08-23 22:35:18Z" duration="0.000880" asserts="2" />
      </test-suite>
      <test-suite type="TestFixture" id="0-1068" name="SpecEnumFancy" fullname="Kaitai.SpecEnumFancy" classname="Kaitai.SpecEnumFancy" runstate="Runnable" testcasecount="1" result="Passed" start-time="2020-08-23 22:35:18Z" end-time="2020-08-23 22:35:18Z" duration="0.004005" total="1" passed="1" failed="0" inconclusive="0" skipped="0" asserts="2">
        <test-case id="0-1069" name="TestEnumFancy" fullname="Kaitai.SpecEnumFancy.TestEnumFancy" methodname="TestEnumFancy" classname="Kaitai.SpecEnumFancy" runstate="Runnable" seed="57876642" result="Passed" start-time="2020-08-23 22:35:18Z" end-time="2020-08-23 22:35:18Z" duration="0.000650" asserts="2" />
      </test-suite>
      <test-suite type="TestFixture" id="0-1070" name="SpecEnumForUnknownId" fullname="Kaitai.SpecEnumForUnknownId" classname="Kaitai.SpecEnumForUnknownId" runstate="Runnable" testcasecount="1" result="Passed" start-time="2020-08-23 22:35:18Z" end-time="2020-08-23 22:35:18Z" duration="0.004003" total="1" passed="1" failed="0" inconclusive="0" skipped="0" asserts="1">
        <test-case id="0-1071" name="TestEnumForUnknownId" fullname="Kaitai.SpecEnumForUnknownId.TestEnumForUnknownId" methodname="TestEnumForUnknownId" classname="Kaitai.SpecEnumForUnknownId" runstate="Runnable" seed="59094735" result="Passed" start-time="2020-08-23 22:35:18Z" end-time="2020-08-23 22:35:18Z" duration="0.000567" asserts="1" />
      </test-suite>
      <test-suite type="TestFixture" id="0-1072" name="SpecEnumIf" fullname="Kaitai.SpecEnumIf" classname="Kaitai.SpecEnumIf" runstate="Runnable" testcasecount="1" result="Passed" start-time="2020-08-23 22:35:18Z" end-time="2020-08-23 22:35:19Z" duration="0.006008" total="1" passed="1" failed="0" inconclusive="0" skipped="0" asserts="7">
        <test-case id="0-1073" name="TestEnumIf" fullname="Kaitai.SpecEnumIf.TestEnumIf" methodname="TestEnumIf" classname="Kaitai.SpecEnumIf" runstate="Runnable" seed="212022546" result="Passed" start-time="2020-08-23 22:35:18Z" end-time="2020-08-23 22:35:19Z" duration="0.002032" asserts="7" />
      </test-suite>
      <test-suite type="TestFixture" id="0-1074" name="SpecEnumImport" fullname="Kaitai.SpecEnumImport" classname="Kaitai.SpecEnumImport" runstate="Runnable" testcasecount="1" result="Passed" start-time="2020-08-23 22:35:19Z" end-time="2020-08-23 22:35:19Z" duration="0.004013" total="1" passed="1" failed="0" inconclusive="0" skipped="0" asserts="2">
        <test-case id="0-1075" name="TestEnumImport" fullname="Kaitai.SpecEnumImport.TestEnumImport" methodname="TestEnumImport" classname="Kaitai.SpecEnumImport" runstate="Runnable" seed="1610957946" result="Passed" start-time="2020-08-23 22:35:19Z" end-time="2020-08-23 22:35:19Z" duration="0.000642" asserts="2" />
      </test-suite>
      <test-suite type="TestFixture" id="0-1076" name="SpecEnumIntRangeS" fullname="Kaitai.SpecEnumIntRangeS" classname="Kaitai.SpecEnumIntRangeS" runstate="Runnable" testcasecount="1" result="Passed" start-time="2020-08-23 22:35:19Z" end-time="2020-08-23 22:35:19Z" duration="0.003986" total="1" passed="1" failed="0" inconclusive="0" skipped="0" asserts="3">
        <test-case id="0-1077" name="TestEnumIntRangeS" fullname="Kaitai.SpecEnumIntRangeS.TestEnumIntRangeS" methodname="TestEnumIntRangeS" classname="Kaitai.SpecEnumIntRangeS" runstate="Runnable" seed="1919748526" result="Passed" start-time="2020-08-23 22:35:19Z" end-time="2020-08-23 22:35:19Z" duration="0.000794" asserts="3" />
      </test-suite>
      <test-suite type="TestFixture" id="0-1078" name="SpecEnumInvalid" fullname="Kaitai.SpecEnumInvalid" classname="Kaitai.SpecEnumInvalid" runstate="Runnable" testcasecount="1" result="Passed" start-time="2020-08-23 22:35:19Z" end-time="2020-08-23 22:35:19Z" duration="0.004011" total="1" passed="1" failed="0" inconclusive="0" skipped="0" asserts="2">
        <test-case id="0-1079" name="TestEnumInvalid" fullname="Kaitai.SpecEnumInvalid.TestEnumInvalid" methodname="TestEnumInvalid" classname="Kaitai.SpecEnumInvalid" runstate="Runnable" seed="1276289635" result="Passed" start-time="2020-08-23 22:35:19Z" end-time="2020-08-23 22:35:19Z" duration="0.000655" asserts="2" />
      </test-suite>
      <test-suite type="TestFixture" id="0-1080" name="SpecEnumNegative" fullname="Kaitai.SpecEnumNegative" classname="Kaitai.SpecEnumNegative" runstate="Runnable" testcasecount="1" result="Passed" start-time="2020-08-23 22:35:19Z" end-time="2020-08-23 22:35:19Z" duration="0.004003" total="1" passed="1" failed="0" inconclusive="0" skipped="0" asserts="2">
        <test-case id="0-1081" name="TestEnumNegative" fullname="Kaitai.SpecEnumNegative.TestEnumNegative" methodname="TestEnumNegative" classname="Kaitai.SpecEnumNegative" runstate="Runnable" seed="578776768" result="Passed" start-time="2020-08-23 22:35:19Z" end-time="2020-08-23 22:35:19Z" duration="0.000734" asserts="2" />
      </test-suite>
      <test-suite type="TestFixture" id="0-1082" name="SpecEnumOfValueInst" fullname="Kaitai.SpecEnumOfValueInst" classname="Kaitai.SpecEnumOfValueInst" runstate="Runnable" testcasecount="1" result="Passed" start-time="2020-08-23 22:35:19Z" end-time="2020-08-23 22:35:19Z" duration="0.005013" total="1" passed="1" failed="0" inconclusive="0" skipped="0" asserts="4">
        <test-case id="0-1083" name="TestEnumOfValueInst" fullname="Kaitai.SpecEnumOfValueInst.TestEnumOfValueInst" methodname="TestEnumOfValueInst" classname="Kaitai.SpecEnumOfValueInst" runstate="Runnable" seed="1345923384" result="Passed" start-time="2020-08-23 22:35:19Z" end-time="2020-08-23 22:35:19Z" duration="0.000993" asserts="4" />
      </test-suite>
      <test-suite type="TestFixture" id="0-1084" name="SpecEofExceptionBytes" fullname="Kaitai.SpecEofExceptionBytes" classname="Kaitai.SpecEofExceptionBytes" runstate="Runnable" testcasecount="1" result="Passed" start-time="2020-08-23 22:35:19Z" end-time="2020-08-23 22:35:19Z" duration="0.004012" total="1" passed="1" failed="0" inconclusive="0" skipped="0" asserts="1">
        <test-case id="0-1085" name="TestEofExceptionBytes" fullname="Kaitai.SpecEofExceptionBytes.TestEofExceptionBytes" methodname="TestEofExceptionBytes" classname="Kaitai.SpecEofExceptionBytes" runstate="Runnable" seed="477265164" result="Passed" start-time="2020-08-23 22:35:19Z" end-time="2020-08-23 22:35:19Z" duration="0.000737" asserts="1" />
      </test-suite>
      <test-suite type="TestFixture" id="0-1086" name="SpecEofExceptionU4" fullname="Kaitai.SpecEofExceptionU4" classname="Kaitai.SpecEofExceptionU4" runstate="Runnable" testcasecount="1" result="Passed" start-time="2020-08-23 22:35:19Z" end-time="2020-08-23 22:35:19Z" duration="0.004006" total="1" passed="1" failed="0" inconclusive="0" skipped="0" asserts="1">
        <test-case id="0-1087" name="TestEofExceptionU4" fullname="Kaitai.SpecEofExceptionU4.TestEofExceptionU4" methodname="TestEofExceptionU4" classname="Kaitai.SpecEofExceptionU4" runstate="Runnable" seed="449286647" result="Passed" start-time="2020-08-23 22:35:19Z" end-time="2020-08-23 22:35:19Z" duration="0.000657" asserts="1" />
      </test-suite>
      <test-suite type="TestFixture" id="0-1088" name="SpecEosExceptionBytes" fullname="Kaitai.SpecEosExceptionBytes" classname="Kaitai.SpecEosExceptionBytes" runstate="Runnable" testcasecount="1" result="Passed" start-time="2020-08-23 22:35:19Z" end-time="2020-08-23 22:35:19Z" duration="0.003898" total="1" passed="1" failed="0" inconclusive="0" skipped="0" asserts="1">
        <test-case id="0-1089" name="TestEosExceptionBytes" fullname="Kaitai.SpecEosExceptionBytes.TestEosExceptionBytes" methodname="TestEosExceptionBytes" classname="Kaitai.SpecEosExceptionBytes" runstate="Runnable" seed="1260915596" result="Passed" start-time="2020-08-23 22:35:19Z" end-time="2020-08-23 22:35:19Z" duration="0.000827" asserts="1" />
      </test-suite>
      <test-suite type="TestFixture" id="0-1090" name="SpecEosExceptionU4" fullname="Kaitai.SpecEosExceptionU4" classname="Kaitai.SpecEosExceptionU4" runstate="Runnable" testcasecount="1" result="Passed" start-time="2020-08-23 22:35:19Z" end-time="2020-08-23 22:35:19Z" duration="0.003981" total="1" passed="1" failed="0" inconclusive="0" skipped="0" asserts="1">
        <test-case id="0-1091" name="TestEosExceptionU4" fullname="Kaitai.SpecEosExceptionU4.TestEosExceptionU4" methodname="TestEosExceptionU4" classname="Kaitai.SpecEosExceptionU4" runstate="Runnable" seed="1490146863" result="Passed" start-time="2020-08-23 22:35:19Z" end-time="2020-08-23 22:35:19Z" duration="0.000824" asserts="1" />
      </test-suite>
      <test-suite type="TestFixture" id="0-1092" name="SpecExpr0" fullname="Kaitai.SpecExpr0" classname="Kaitai.SpecExpr0" runstate="Runnable" testcasecount="1" result="Passed" start-time="2020-08-23 22:35:19Z" end-time="2020-08-23 22:35:19Z" duration="0.004005" total="1" passed="1" failed="0" inconclusive="0" skipped="0" asserts="2">
        <test-case id="0-1093" name="TestExpr0" fullname="Kaitai.SpecExpr0.TestExpr0" methodname="TestExpr0" classname="Kaitai.SpecExpr0" runstate="Runnable" seed="1619229285" result="Passed" start-time="2020-08-23 22:35:19Z" end-time="2020-08-23 22:35:19Z" duration="0.000757" asserts="2" />
      </test-suite>
      <test-suite type="TestFixture" id="0-1094" name="SpecExpr1" fullname="Kaitai.SpecExpr1" classname="Kaitai.SpecExpr1" runstate="Runnable" testcasecount="1" result="Passed" start-time="2020-08-23 22:35:19Z" end-time="2020-08-23 22:35:19Z" duration="0.005013" total="1" passed="1" failed="0" inconclusive="0" skipped="0" asserts="4">
        <test-case id="0-1095" name="TestExpr1" fullname="Kaitai.SpecExpr1.TestExpr1" methodname="TestExpr1" classname="Kaitai.SpecExpr1" runstate="Runnable" seed="532680459" result="Passed" start-time="2020-08-23 22:35:19Z" end-time="2020-08-23 22:35:19Z" duration="0.001109" asserts="4" />
      </test-suite>
      <test-suite type="TestFixture" id="0-1096" name="SpecExpr2" fullname="Kaitai.SpecExpr2" classname="Kaitai.SpecExpr2" runstate="Runnable" testcasecount="1" result="Passed" start-time="2020-08-23 22:35:19Z" end-time="2020-08-23 22:35:19Z" duration="0.006941" total="1" passed="1" failed="0" inconclusive="0" skipped="0" asserts="17">
        <test-case id="0-1097" name="TestExpr2" fullname="Kaitai.SpecExpr2.TestExpr2" methodname="TestExpr2" classname="Kaitai.SpecExpr2" runstate="Runnable" seed="68985487" result="Passed" start-time="2020-08-23 22:35:19Z" end-time="2020-08-23 22:35:19Z" duration="0.003433" asserts="17" />
      </test-suite>
      <test-suite type="TestFixture" id="0-1098" name="SpecExpr3" fullname="Kaitai.SpecExpr3" classname="Kaitai.SpecExpr3" runstate="Runnable" testcasecount="1" result="Passed" start-time="2020-08-23 22:35:19Z" end-time="2020-08-23 22:35:19Z" duration="0.006013" total="1" passed="1" failed="0" inconclusive="0" skipped="0" asserts="12">
        <test-case id="0-1099" name="TestExpr3" fullname="Kaitai.SpecExpr3.TestExpr3" methodname="TestExpr3" classname="Kaitai.SpecExpr3" runstate="Runnable" seed="1103787415" result="Passed" start-time="2020-08-23 22:35:19Z" end-time="2020-08-23 22:35:19Z" duration="0.002222" asserts="12" />
      </test-suite>
      <test-suite type="TestFixture" id="0-1100" name="SpecExprArray" fullname="Kaitai.SpecExprArray" classname="Kaitai.SpecExprArray" runstate="Runnable" testcasecount="1" result="Passed" start-time="2020-08-23 22:35:19Z" end-time="2020-08-23 22:35:19Z" duration="0.016006" total="1" passed="1" failed="0" inconclusive="0" skipped="0" asserts="15">
        <test-case id="0-1101" name="TestExprArray" fullname="Kaitai.SpecExprArray.TestExprArray" methodname="TestExprArray" classname="Kaitai.SpecExprArray" runstate="Runnable" seed="200530004" result="Passed" start-time="2020-08-23 22:35:19Z" end-time="2020-08-23 22:35:19Z" duration="0.012003" asserts="15" />
      </test-suite>
      <test-suite type="TestFixture" id="0-1102" name="SpecExprBytesCmp" fullname="Kaitai.SpecExprBytesCmp" classname="Kaitai.SpecExprBytesCmp" runstate="Runnable" testcasecount="1" result="Passed" start-time="2020-08-23 22:35:19Z" end-time="2020-08-23 22:35:19Z" duration="0.006008" total="1" passed="1" failed="0" inconclusive="0" skipped="0" asserts="10">
        <test-case id="0-1103" name="TestExprBytesCmp" fullname="Kaitai.SpecExprBytesCmp.TestExprBytesCmp" methodname="TestExprBytesCmp" classname="Kaitai.SpecExprBytesCmp" runstate="Runnable" seed="1597551006" result="Passed" start-time="2020-08-23 22:35:19Z" end-time="2020-08-23 22:35:19Z" duration="0.002314" asserts="10" />
      </test-suite>
      <test-suite type="TestFixture" id="0-1104" name="SpecExprBytesOps" fullname="Kaitai.SpecExprBytesOps" classname="Kaitai.SpecExprBytesOps" runstate="Runnable" testcasecount="1" result="Passed" start-time="2020-08-23 22:35:19Z" end-time="2020-08-23 22:35:19Z" duration="0.007037" total="1" passed="1" failed="0" inconclusive="0" skipped="0" asserts="12">
        <test-case id="0-1105" name="TestExprBytesOps" fullname="Kaitai.SpecExprBytesOps.TestExprBytesOps" methodname="TestExprBytesOps" classname="Kaitai.SpecExprBytesOps" runstate="Runnable" seed="38617715" result="Passed" start-time="2020-08-23 22:35:19Z" end-time="2020-08-23 22:35:19Z" duration="0.003770" asserts="12" />
      </test-suite>
      <test-suite type="TestFixture" id="0-1106" name="SpecExprCalcArrayOps" fullname="Kaitai.SpecExprCalcArrayOps" classname="Kaitai.SpecExprCalcArrayOps" runstate="Runnable" testcasecount="1" result="Passed" start-time="2020-08-23 22:35:19Z" end-time="2020-08-23 22:35:19Z" duration="0.007991" total="1" passed="1" failed="0" inconclusive="0" skipped="0" asserts="18">
        <test-case id="0-1107" name="TestExprCalcArrayOps" fullname="Kaitai.SpecExprCalcArrayOps.TestExprCalcArrayOps" methodname="TestExprCalcArrayOps" classname="Kaitai.SpecExprCalcArrayOps" runstate="Runnable" seed="1563341067" result="Passed" start-time="2020-08-23 22:35:19Z" end-time="2020-08-23 22:35:19Z" duration="0.004775" asserts="18" />
      </test-suite>
      <test-suite type="TestFixture" id="0-1108" name="SpecExprEnum" fullname="Kaitai.SpecExprEnum" classname="Kaitai.SpecExprEnum" runstate="Runnable" testcasecount="1" result="Passed" start-time="2020-08-23 22:35:19Z" end-time="2020-08-23 22:35:19Z" duration="0.003985" total="1" passed="1" failed="0" inconclusive="0" skipped="0" asserts="3">
        <test-case id="0-1109" name="TestExprEnum" fullname="Kaitai.SpecExprEnum.TestExprEnum" methodname="TestExprEnum" classname="Kaitai.SpecExprEnum" runstate="Runnable" seed="155245694" result="Passed" start-time="2020-08-23 22:35:19Z" end-time="2020-08-23 22:35:19Z" duration="0.000916" asserts="3" />
      </test-suite>
      <test-suite type="TestFixture" id="0-1110" name="SpecExprIfIntOps" fullname="Kaitai.SpecExprIfIntOps" classname="Kaitai.SpecExprIfIntOps" runstate="Runnable" testcasecount="1" result="Passed" start-time="2020-08-23 22:35:19Z" end-time="2020-08-23 22:35:19Z" duration="0.004982" total="1" passed="1" failed="0" inconclusive="0" skipped="0" asserts="2">
        <test-case id="0-1111" name="TestExprIfIntOps" fullname="Kaitai.SpecExprIfIntOps.TestExprIfIntOps" methodname="TestExprIfIntOps" classname="Kaitai.SpecExprIfIntOps" runstate="Runnable" seed="243029163" result="Passed" start-time="2020-08-23 22:35:19Z" end-time="2020-08-23 22:35:19Z" duration="0.001930" asserts="2" />
      </test-suite>
      <test-suite type="TestFixture" id="0-1112" name="SpecExprIntDiv" fullname="Kaitai.SpecExprIntDiv" classname="Kaitai.SpecExprIntDiv" runstate="Runnable" testcasecount="1" result="Failed" site="Child" start-time="2020-08-23 22:35:19Z" end-time="2020-08-23 22:35:19Z" duration="0.040974" total="1" passed="0" failed="1" inconclusive="0" skipped="0" asserts="4">
        <failure>
          <message><![CDATA[One or more child tests had errors]]></message>
        </failure>
        <test-case id="0-1113" name="TestExprIntDiv" fullname="Kaitai.SpecExprIntDiv.TestExprIntDiv" methodname="TestExprIntDiv" classname="Kaitai.SpecExprIntDiv" runstate="Runnable" seed="341222280" result="Failed" start-time="2020-08-23 22:35:19Z" end-time="2020-08-23 22:35:19Z" duration="0.037785" asserts="4">
          <failure>
            <message><![CDATA[  Expected: -756
  But was:  -757
]]></message>
            <stack-trace><![CDATA[at Kaitai.SpecExprIntDiv.TestExprIntDiv() in C:\projects\ci-targets\tests\spec\csharp\kaitai_struct_csharp_tests\tests\SpecExprIntDiv.cs:line 18
]]></stack-trace>
          </failure>
        </test-case>
      </test-suite>
      <test-suite type="TestFixture" id="0-1114" name="SpecExprIoEof" fullname="Kaitai.SpecExprIoEof" classname="Kaitai.SpecExprIoEof" runstate="Runnable" testcasecount="1" result="Passed" start-time="2020-08-23 22:35:19Z" end-time="2020-08-23 22:35:19Z" duration="0.005006" total="1" passed="1" failed="0" inconclusive="0" skipped="0" asserts="4">
        <test-case id="0-1115" name="TestExprIoEof" fullname="Kaitai.SpecExprIoEof.TestExprIoEof" methodname="TestExprIoEof" classname="Kaitai.SpecExprIoEof" runstate="Runnable" seed="114379052" result="Passed" start-time="2020-08-23 22:35:19Z" end-time="2020-08-23 22:35:19Z" duration="0.001949" asserts="4" />
      </test-suite>
      <test-suite type="TestFixture" id="0-1116" name="SpecExprIoPos" fullname="Kaitai.SpecExprIoPos" classname="Kaitai.SpecExprIoPos" runstate="Runnable" testcasecount="1" result="Passed" start-time="2020-08-23 22:35:19Z" end-time="2020-08-23 22:35:19Z" duration="0.005017" total="1" passed="1" failed="0" inconclusive="0" skipped="0" asserts="6">
        <test-case id="0-1117" name="TestExprIoPos" fullname="Kaitai.SpecExprIoPos.TestExprIoPos" methodname="TestExprIoPos" classname="Kaitai.SpecExprIoPos" runstate="Runnable" seed="1263439811" result="Passed" start-time="2020-08-23 22:35:19Z" end-time="2020-08-23 22:35:19Z" duration="0.001611" asserts="6" />
      </test-suite>
      <test-suite type="TestFixture" id="0-1118" name="SpecExprMod" fullname="Kaitai.SpecExprMod" classname="Kaitai.SpecExprMod" runstate="Runnable" testcasecount="1" result="Passed" start-time="2020-08-23 22:35:19Z" end-time="2020-08-23 22:35:19Z" duration="0.005030" total="1" passed="1" failed="0" inconclusive="0" skipped="0" asserts="6">
        <test-case id="0-1119" name="TestExprMod" fullname="Kaitai.SpecExprMod.TestExprMod" methodname="TestExprMod" classname="Kaitai.SpecExprMod" runstate="Runnable" seed="2092793872" result="Passed" start-time="2020-08-23 22:35:19Z" end-time="2020-08-23 22:35:19Z" duration="0.001512" asserts="6" />
      </test-suite>
      <test-suite type="TestFixture" id="0-1120" name="SpecExprSizeofType0" fullname="Kaitai.SpecExprSizeofType0" classname="Kaitai.SpecExprSizeofType0" runstate="Runnable" testcasecount="1" result="Passed" start-time="2020-08-23 22:35:19Z" end-time="2020-08-23 22:35:19Z" duration="0.004009" total="1" passed="1" failed="0" inconclusive="0" skipped="0" asserts="1">
        <test-case id="0-1121" name="TestExprSizeofType0" fullname="Kaitai.SpecExprSizeofType0.TestExprSizeofType0" methodname="TestExprSizeofType0" classname="Kaitai.SpecExprSizeofType0" runstate="Runnable" seed="448687232" result="Passed" start-time="2020-08-23 22:35:19Z" end-time="2020-08-23 22:35:19Z" duration="0.000542" asserts="1" />
      </test-suite>
      <test-suite type="TestFixture" id="0-1122" name="SpecExprSizeofType1" fullname="Kaitai.SpecExprSizeofType1" classname="Kaitai.SpecExprSizeofType1" runstate="Runnable" testcasecount="1" result="Passed" start-time="2020-08-23 22:35:19Z" end-time="2020-08-23 22:35:19Z" duration="0.004067" total="1" passed="1" failed="0" inconclusive="0" skipped="0" asserts="2">
        <test-case id="0-1123" name="TestExprSizeofType1" fullname="Kaitai.SpecExprSizeofType1.TestExprSizeofType1" methodname="TestExprSizeofType1" classname="Kaitai.SpecExprSizeofType1" runstate="Runnable" seed="860435744" result="Passed" start-time="2020-08-23 22:35:19Z" end-time="2020-08-23 22:35:19Z" duration="0.000656" asserts="2" />
      </test-suite>
      <test-suite type="TestFixture" id="0-1124" name="SpecExprSizeofValue0" fullname="Kaitai.SpecExprSizeofValue0" classname="Kaitai.SpecExprSizeofValue0" runstate="Runnable" testcasecount="1" result="Passed" start-time="2020-08-23 22:35:19Z" end-time="2020-08-23 22:35:19Z" duration="0.005016" total="1" passed="1" failed="0" inconclusive="0" skipped="0" asserts="5">
        <test-case id="0-1125" name="TestExprSizeofValue0" fullname="Kaitai.SpecExprSizeofValue0.TestExprSizeofValue0" methodname="TestExprSizeofValue0" classname="Kaitai.SpecExprSizeofValue0" runstate="Runnable" seed="987207643" result="Passed" start-time="2020-08-23 22:35:19Z" end-time="2020-08-23 22:35:19Z" duration="0.001281" asserts="5" />
      </test-suite>
      <test-suite type="TestFixture" id="0-1126" name="SpecExprSizeofValueSized" fullname="Kaitai.SpecExprSizeofValueSized" classname="Kaitai.SpecExprSizeofValueSized" runstate="Runnable" testcasecount="1" result="Passed" start-time="2020-08-23 22:35:19Z" end-time="2020-08-23 22:35:19Z" duration="0.005008" total="1" passed="1" failed="0" inconclusive="0" skipped="0" asserts="5">
        <test-case id="0-1127" name="TestExprSizeofValueSized" fullname="Kaitai.SpecExprSizeofValueSized.TestExprSizeofValueSized" methodname="TestExprSizeofValueSized" classname="Kaitai.SpecExprSizeofValueSized" runstate="Runnable" seed="1481100648" result="Passed" start-time="2020-08-23 22:35:19Z" end-time="2020-08-23 22:35:19Z" duration="0.001322" asserts="5" />
      </test-suite>
      <test-suite type="TestFixture" id="0-1128" name="SpecExprStrOps" fullname="Kaitai.SpecExprStrOps" classname="Kaitai.SpecExprStrOps" runstate="Runnable" testcasecount="1" result="Passed" start-time="2020-08-23 22:35:19Z" end-time="2020-08-23 22:35:19Z" duration="0.007012" total="1" passed="1" failed="0" inconclusive="0" skipped="0" asserts="17">
        <test-case id="0-1129" name="TestExprStrOps" fullname="Kaitai.SpecExprStrOps.TestExprStrOps" methodname="TestExprStrOps" classname="Kaitai.SpecExprStrOps" runstate="Runnable" seed="627990052" result="Passed" start-time="2020-08-23 22:35:19Z" end-time="2020-08-23 22:35:19Z" duration="0.002948" asserts="17" />
      </test-suite>
      <test-suite type="TestFixture" id="0-1130" name="SpecFixedContents" fullname="Kaitai.SpecFixedContents" classname="Kaitai.SpecFixedContents" runstate="Runnable" testcasecount="1" result="Passed" start-time="2020-08-23 22:35:19Z" end-time="2020-08-23 22:35:19Z" duration="0.007260" total="1" passed="1" failed="0" inconclusive="0" skipped="0" asserts="0">
        <test-case id="0-1131" name="TestFixedContents" fullname="Kaitai.SpecFixedContents.TestFixedContents" methodname="TestFixedContents" classname="Kaitai.SpecFixedContents" runstate="Runnable" seed="1776779192" result="Passed" start-time="2020-08-23 22:35:19Z" end-time="2020-08-23 22:35:19Z" duration="0.001027" asserts="0" />
      </test-suite>
      <test-suite type="TestFixture" id="0-1132" name="SpecFixedStruct" fullname="Kaitai.SpecFixedStruct" classname="Kaitai.SpecFixedStruct" runstate="Runnable" testcasecount="1" result="Passed" start-time="2020-08-23 22:35:19Z" end-time="2020-08-23 22:35:19Z" duration="0.008963" total="1" passed="1" failed="0" inconclusive="0" skipped="0" asserts="20">
        <test-case id="0-1133" name="TestFixedStruct" fullname="Kaitai.SpecFixedStruct.TestFixedStruct" methodname="TestFixedStruct" classname="Kaitai.SpecFixedStruct" runstate="Runnable" seed="454845962" result="Passed" start-time="2020-08-23 22:35:19Z" end-time="2020-08-23 22:35:19Z" duration="0.005355" asserts="20" />
      </test-suite>
      <test-suite type="TestFixture" id="0-1136" name="SpecFloatingPoints" fullname="Kaitai.SpecFloatingPoints" classname="Kaitai.SpecFloatingPoints" runstate="Runnable" testcasecount="1" result="Passed" start-time="2020-08-23 22:35:19Z" end-time="2020-08-23 22:35:19Z" duration="0.005002" total="1" passed="1" failed="0" inconclusive="0" skipped="0" asserts="8">
        <test-case id="0-1137" name="TestFloatingPoints" fullname="Kaitai.SpecFloatingPoints.TestFloatingPoints" methodname="TestFloatingPoints" classname="Kaitai.SpecFloatingPoints" runstate="Runnable" seed="1258230746" result="Passed" start-time="2020-08-23 22:35:19Z" end-time="2020-08-23 22:35:19Z" duration="0.001468" asserts="8" />
      </test-suite>
      <test-suite type="TestFixture" id="0-1134" name="SpecFloatToI" fullname="Kaitai.SpecFloatToI" classname="Kaitai.SpecFloatToI" runstate="Runnable" testcasecount="1" result="Passed" start-time="2020-08-23 22:35:19Z" end-time="2020-08-23 22:35:19Z" duration="0.005012" total="1" passed="1" failed="0" inconclusive="0" skipped="0" asserts="8">
        <test-case id="0-1135" name="TestFloatToI" fullname="Kaitai.SpecFloatToI.TestFloatToI" methodname="TestFloatToI" classname="Kaitai.SpecFloatToI" runstate="Runnable" seed="1146158473" result="Passed" start-time="2020-08-23 22:35:19Z" end-time="2020-08-23 22:35:19Z" duration="0.001700" asserts="8" />
      </test-suite>
      <test-suite type="TestFixture" id="0-1138" name="SpecHelloWorld" fullname="Kaitai.SpecHelloWorld" classname="Kaitai.SpecHelloWorld" runstate="Runnable" testcasecount="1" result="Passed" start-time="2020-08-23 22:35:19Z" end-time="2020-08-23 22:35:19Z" duration="0.004008" total="1" passed="1" failed="0" inconclusive="0" skipped="0" asserts="1">
        <test-case id="0-1139" name="TestHelloWorld" fullname="Kaitai.SpecHelloWorld.TestHelloWorld" methodname="TestHelloWorld" classname="Kaitai.SpecHelloWorld" runstate="Runnable" seed="446799423" result="Passed" start-time="2020-08-23 22:35:19Z" end-time="2020-08-23 22:35:19Z" duration="0.000310" asserts="1" />
      </test-suite>
      <test-suite type="TestFixture" id="0-1140" name="SpecIfInstances" fullname="Kaitai.SpecIfInstances" classname="Kaitai.SpecIfInstances" runstate="Runnable" testcasecount="1" result="Passed" start-time="2020-08-23 22:35:19Z" end-time="2020-08-23 22:35:19Z" duration="0.004006" total="1" passed="1" failed="0" inconclusive="0" skipped="0" asserts="1">
        <test-case id="0-1141" name="TestIfInstances" fullname="Kaitai.SpecIfInstances.TestIfInstances" methodname="TestIfInstances" classname="Kaitai.SpecIfInstances" runstate="Runnable" seed="1075988438" result="Passed" start-time="2020-08-23 22:35:19Z" end-time="2020-08-23 22:35:19Z" duration="0.000535" asserts="1" />
      </test-suite>
      <test-suite type="TestFixture" id="0-1142" name="SpecIfStruct" fullname="Kaitai.SpecIfStruct" classname="Kaitai.SpecIfStruct" runstate="Runnable" testcasecount="1" result="Passed" start-time="2020-08-23 22:35:19Z" end-time="2020-08-23 22:35:19Z" duration="0.006006" total="1" passed="1" failed="0" inconclusive="0" skipped="0" asserts="7">
        <test-case id="0-1143" name="TestIfStruct" fullname="Kaitai.SpecIfStruct.TestIfStruct" methodname="TestIfStruct" classname="Kaitai.SpecIfStruct" runstate="Runnable" seed="1848169380" result="Passed" start-time="2020-08-23 22:35:19Z" end-time="2020-08-23 22:35:19Z" duration="0.002182" asserts="7" />
      </test-suite>
      <test-suite type="TestFixture" id="0-1144" name="SpecIfValues" fullname="Kaitai.SpecIfValues" classname="Kaitai.SpecIfValues" runstate="Runnable" testcasecount="1" result="Passed" start-time="2020-08-23 22:35:19Z" end-time="2020-08-23 22:35:19Z" duration="0.005009" total="1" passed="1" failed="0" inconclusive="0" skipped="0" asserts="6">
        <test-case id="0-1145" name="TestIfValues" fullname="Kaitai.SpecIfValues.TestIfValues" methodname="TestIfValues" classname="Kaitai.SpecIfValues" runstate="Runnable" seed="248841900" result="Passed" start-time="2020-08-23 22:35:19Z" end-time="2020-08-23 22:35:19Z" duration="0.001489" asserts="6" />
      </test-suite>
      <test-suite type="TestFixture" id="0-1146" name="SpecImports0" fullname="Kaitai.SpecImports0" classname="Kaitai.SpecImports0" runstate="Runnable" testcasecount="1" result="Passed" start-time="2020-08-23 22:35:19Z" end-time="2020-08-23 22:35:19Z" duration="0.003985" total="1" passed="1" failed="0" inconclusive="0" skipped="0" asserts="3">
        <test-case id="0-1147" name="TestImports0" fullname="Kaitai.SpecImports0.TestImports0" methodname="TestImports0" classname="Kaitai.SpecImports0" runstate="Runnable" seed="791315586" result="Passed" start-time="2020-08-23 22:35:19Z" end-time="2020-08-23 22:35:19Z" duration="0.000904" asserts="3" />
      </test-suite>
      <test-suite type="TestFixture" id="0-1148" name="SpecImportsAbs" fullname="Kaitai.SpecImportsAbs" classname="Kaitai.SpecImportsAbs" runstate="Runnable" testcasecount="1" result="Passed" start-time="2020-08-23 22:35:19Z" end-time="2020-08-23 22:35:19Z" duration="0.006000" total="1" passed="1" failed="0" inconclusive="0" skipped="0" asserts="2">
        <test-case id="0-1149" name="TestImportsAbs" fullname="Kaitai.SpecImportsAbs.TestImportsAbs" methodname="TestImportsAbs" classname="Kaitai.SpecImportsAbs" runstate="Runnable" seed="618755689" result="Passed" start-time="2020-08-23 22:35:19Z" end-time="2020-08-23 22:35:19Z" duration="0.002416" asserts="2" />
      </test-suite>
      <test-suite type="TestFixture" id="0-1150" name="SpecImportsAbsAbs" fullname="Kaitai.SpecImportsAbsAbs" classname="Kaitai.SpecImportsAbsAbs" runstate="Runnable" testcasecount="1" result="Passed" start-time="2020-08-23 22:35:19Z" end-time="2020-08-23 22:35:19Z" duration="0.005006" total="1" passed="1" failed="0" inconclusive="0" skipped="0" asserts="3">
        <test-case id="0-1151" name="TestImportsAbsAbs" fullname="Kaitai.SpecImportsAbsAbs.TestImportsAbsAbs" methodname="TestImportsAbsAbs" classname="Kaitai.SpecImportsAbsAbs" runstate="Runnable" seed="325476164" result="Passed" start-time="2020-08-23 22:35:19Z" end-time="2020-08-23 22:35:19Z" duration="0.001307" asserts="3" />
      </test-suite>
      <test-suite type="TestFixture" id="0-1152" name="SpecImportsAbsRel" fullname="Kaitai.SpecImportsAbsRel" classname="Kaitai.SpecImportsAbsRel" runstate="Runnable" testcasecount="1" result="Passed" start-time="2020-08-23 22:35:19Z" end-time="2020-08-23 22:35:19Z" duration="0.004969" total="1" passed="1" failed="0" inconclusive="0" skipped="0" asserts="3">
        <test-case id="0-1153" name="TestImportsAbsRel" fullname="Kaitai.SpecImportsAbsRel.TestImportsAbsRel" methodname="TestImportsAbsRel" classname="Kaitai.SpecImportsAbsRel" runstate="Runnable" seed="1185823509" result="Passed" start-time="2020-08-23 22:35:19Z" end-time="2020-08-23 22:35:19Z" duration="0.001091" asserts="3" />
      </test-suite>
      <test-suite type="TestFixture" id="0-1154" name="SpecImportsCircularA" fullname="Kaitai.SpecImportsCircularA" classname="Kaitai.SpecImportsCircularA" runstate="Runnable" testcasecount="1" result="Passed" start-time="2020-08-23 22:35:19Z" end-time="2020-08-23 22:35:19Z" duration="0.005012" total="1" passed="1" failed="0" inconclusive="0" skipped="0" asserts="5">
        <test-case id="0-1155" name="TestImportsCircularA" fullname="Kaitai.SpecImportsCircularA.TestImportsCircularA" methodname="TestImportsCircularA" classname="Kaitai.SpecImportsCircularA" runstate="Runnable" seed="1929101745" result="Passed" start-time="2020-08-23 22:35:19Z" end-time="2020-08-23 22:35:19Z" duration="0.001189" asserts="5" />
      </test-suite>
      <test-suite type="TestFixture" id="0-1156" name="SpecImportsRel1" fullname="Kaitai.SpecImportsRel1" classname="Kaitai.SpecImportsRel1" runstate="Runnable" testcasecount="1" result="Passed" start-time="2020-08-23 22:35:19Z" end-time="2020-08-23 22:35:19Z" duration="0.005008" total="1" passed="1" failed="0" inconclusive="0" skipped="0" asserts="3">
        <test-case id="0-1157" name="TestImportsRel1" fullname="Kaitai.SpecImportsRel1.TestImportsRel1" methodname="TestImportsRel1" classname="Kaitai.SpecImportsRel1" runstate="Runnable" seed="52800126" result="Passed" start-time="2020-08-23 22:35:19Z" end-time="2020-08-23 22:35:19Z" duration="0.001356" asserts="3" />
      </test-suite>
      <test-suite type="TestFixture" id="0-1158" name="SpecIndexSizes" fullname="Kaitai.SpecIndexSizes" classname="Kaitai.SpecIndexSizes" runstate="Runnable" testcasecount="1" result="Passed" start-time="2020-08-23 22:35:19Z" end-time="2020-08-23 22:35:19Z" duration="0.005036" total="1" passed="1" failed="0" inconclusive="0" skipped="0" asserts="7">
        <test-case id="0-1159" name="TestIndexSizes" fullname="Kaitai.SpecIndexSizes.TestIndexSizes" methodname="TestIndexSizes" classname="Kaitai.SpecIndexSizes" runstate="Runnable" seed="1705170541" result="Passed" start-time="2020-08-23 22:35:19Z" end-time="2020-08-23 22:35:19Z" duration="0.001295" asserts="7" />
      </test-suite>
      <test-suite type="TestFixture" id="0-1160" name="SpecIndexToParamEos" fullname="Kaitai.SpecIndexToParamEos" classname="Kaitai.SpecIndexToParamEos" runstate="Runnable" testcasecount="1" result="Passed" start-time="2020-08-23 22:35:19Z" end-time="2020-08-23 22:35:19Z" duration="0.005792" total="1" passed="1" failed="0" inconclusive="0" skipped="0" asserts="7">
        <test-case id="0-1161" name="TestIndexToParamEos" fullname="Kaitai.SpecIndexToParamEos.TestIndexToParamEos" methodname="TestIndexToParamEos" classname="Kaitai.SpecIndexToParamEos" runstate="Runnable" seed="1207188916" result="Passed" start-time="2020-08-23 22:35:19Z" end-time="2020-08-23 22:35:19Z" duration="0.001822" asserts="7" />
      </test-suite>
      <test-suite type="TestFixture" id="0-1162" name="SpecIndexToParamExpr" fullname="Kaitai.SpecIndexToParamExpr" classname="Kaitai.SpecIndexToParamExpr" runstate="Runnable" testcasecount="1" result="Passed" start-time="2020-08-23 22:35:19Z" end-time="2020-08-23 22:35:19Z" duration="0.005035" total="1" passed="1" failed="0" inconclusive="0" skipped="0" asserts="7">
        <test-case id="0-1163" name="TestIndexToParamExpr" fullname="Kaitai.SpecIndexToParamExpr.TestIndexToParamExpr" methodname="TestIndexToParamExpr" classname="Kaitai.SpecIndexToParamExpr" runstate="Runnable" seed="1419216159" result="Passed" start-time="2020-08-23 22:35:19Z" end-time="2020-08-23 22:35:19Z" duration="0.001741" asserts="7" />
      </test-suite>
      <test-suite type="TestFixture" id="0-1164" name="SpecIndexToParamUntil" fullname="Kaitai.SpecIndexToParamUntil" classname="Kaitai.SpecIndexToParamUntil" runstate="Runnable" testcasecount="1" result="Passed" start-time="2020-08-23 22:35:19Z" end-time="2020-08-23 22:35:19Z" duration="0.004982" total="1" passed="1" failed="0" inconclusive="0" skipped="0" asserts="7">
        <test-case id="0-1165" name="TestIndexToParamUntil" fullname="Kaitai.SpecIndexToParamUntil.TestIndexToParamUntil" methodname="TestIndexToParamUntil" classname="Kaitai.SpecIndexToParamUntil" runstate="Runnable" seed="791728541" result="Passed" start-time="2020-08-23 22:35:19Z" end-time="2020-08-23 22:35:19Z" duration="0.001830" asserts="7" />
      </test-suite>
      <test-suite type="TestFixture" id="0-1166" name="SpecInstanceIoUser" fullname="Kaitai.SpecInstanceIoUser" classname="Kaitai.SpecInstanceIoUser" runstate="Runnable" testcasecount="1" result="Passed" start-time="2020-08-23 22:35:19Z" end-time="2020-08-23 22:35:19Z" duration="0.006014" total="1" passed="1" failed="0" inconclusive="0" skipped="0" asserts="4">
        <test-case id="0-1167" name="TestInstanceIoUser" fullname="Kaitai.SpecInstanceIoUser.TestInstanceIoUser" methodname="TestInstanceIoUser" classname="Kaitai.SpecInstanceIoUser" runstate="Runnable" seed="551997611" result="Passed" start-time="2020-08-23 22:35:19Z" end-time="2020-08-23 22:35:19Z" duration="0.001963" asserts="4" />
      </test-suite>
      <test-suite type="TestFixture" id="0-1168" name="SpecInstanceStd" fullname="Kaitai.SpecInstanceStd" classname="Kaitai.SpecInstanceStd" runstate="Runnable" testcasecount="1" result="Passed" start-time="2020-08-23 22:35:19Z" end-time="2020-08-23 22:35:19Z" duration="0.003980" total="1" passed="1" failed="0" inconclusive="0" skipped="0" asserts="1">
        <test-case id="0-1169" name="TestInstanceStd" fullname="Kaitai.SpecInstanceStd.TestInstanceStd" methodname="TestInstanceStd" classname="Kaitai.SpecInstanceStd" runstate="Runnable" seed="1731181011" result="Passed" start-time="2020-08-23 22:35:19Z" end-time="2020-08-23 22:35:19Z" duration="0.000806" asserts="1" />
      </test-suite>
      <test-suite type="TestFixture" id="0-1170" name="SpecInstanceStdArray" fullname="Kaitai.SpecInstanceStdArray" classname="Kaitai.SpecInstanceStdArray" runstate="Runnable" testcasecount="1" result="Passed" start-time="2020-08-23 22:35:19Z" end-time="2020-08-23 22:35:19Z" duration="0.005034" total="1" passed="1" failed="0" inconclusive="0" skipped="0" asserts="7">
        <test-case id="0-1171" name="TestInstanceStdArray" fullname="Kaitai.SpecInstanceStdArray.TestInstanceStdArray" methodname="TestInstanceStdArray" classname="Kaitai.SpecInstanceStdArray" runstate="Runnable" seed="347052440" result="Passed" start-time="2020-08-23 22:35:19Z" end-time="2020-08-23 22:35:19Z" duration="0.001711" asserts="7" />
      </test-suite>
      <test-suite type="TestFixture" id="0-1172" name="SpecInstanceUserArray" fullname="Kaitai.SpecInstanceUserArray" classname="Kaitai.SpecInstanceUserArray" runstate="Runnable" testcasecount="1" result="Passed" start-time="2020-08-23 22:35:19Z" end-time="2020-08-23 22:35:19Z" duration="0.006012" total="1" passed="1" failed="0" inconclusive="0" skipped="0" asserts="10">
        <test-case id="0-1173" name="TestInstanceUserArray" fullname="Kaitai.SpecInstanceUserArray.TestInstanceUserArray" methodname="TestInstanceUserArray" classname="Kaitai.SpecInstanceUserArray" runstate="Runnable" seed="832175170" result="Passed" start-time="2020-08-23 22:35:19Z" end-time="2020-08-23 22:35:19Z" duration="0.002176" asserts="10" />
      </test-suite>
      <test-suite type="TestFixture" id="0-1174" name="SpecIntegers" fullname="Kaitai.SpecIntegers" classname="Kaitai.SpecIntegers" runstate="Runnable" testcasecount="1" result="Passed" start-time="2020-08-23 22:35:19Z" end-time="2020-08-23 22:35:19Z" duration="0.007223" total="1" passed="1" failed="0" inconclusive="0" skipped="0" asserts="20">
        <test-case id="0-1175" name="TestIntegers" fullname="Kaitai.SpecIntegers.TestIntegers" methodname="TestIntegers" classname="Kaitai.SpecIntegers" runstate="Runnable" seed="2016740764" result="Passed" start-time="2020-08-23 22:35:19Z" end-time="2020-08-23 22:35:19Z" duration="0.003925" asserts="20" />
      </test-suite>
      <test-suite type="TestFixture" id="0-1176" name="SpecIntegersDoubleOverflow" fullname="Kaitai.SpecIntegersDoubleOverflow" classname="Kaitai.SpecIntegersDoubleOverflow" runstate="Runnable" testcasecount="1" result="Passed" start-time="2020-08-23 22:35:19Z" end-time="2020-08-23 22:35:19Z" duration="0.004969" total="1" passed="1" failed="0" inconclusive="0" skipped="0" asserts="8">
        <test-case id="0-1177" name="TestIntegersDoubleOverflow" fullname="Kaitai.SpecIntegersDoubleOverflow.TestIntegersDoubleOverflow" methodname="TestIntegersDoubleOverflow" classname="Kaitai.SpecIntegersDoubleOverflow" runstate="Runnable" seed="223650311" result="Passed" start-time="2020-08-23 22:35:19Z" end-time="2020-08-23 22:35:19Z" duration="0.001810" asserts="8" />
      </test-suite>
      <test-suite type="TestFixture" id="0-1178" name="SpecIntegersMinMax" fullname="Kaitai.SpecIntegersMinMax" classname="Kaitai.SpecIntegersMinMax" runstate="Runnable" testcasecount="1" result="Passed" start-time="2020-08-23 22:35:19Z" end-time="2020-08-23 22:35:19Z" duration="0.007019" total="1" passed="1" failed="0" inconclusive="0" skipped="0" asserts="28">
        <test-case id="0-1179" name="TestIntegersMinMax" fullname="Kaitai.SpecIntegersMinMax.TestIntegersMinMax" methodname="TestIntegersMinMax" classname="Kaitai.SpecIntegersMinMax" runstate="Runnable" seed="1170732939" result="Passed" start-time="2020-08-23 22:35:19Z" end-time="2020-08-23 22:35:19Z" duration="0.003274" asserts="28" />
      </test-suite>
      <test-suite type="TestFixture" id="0-1180" name="SpecIoLocalVar" fullname="Kaitai.SpecIoLocalVar" classname="Kaitai.SpecIoLocalVar" runstate="Runnable" testcasecount="1" result="Passed" start-time="2020-08-23 22:35:19Z" end-time="2020-08-23 22:35:19Z" duration="0.005007" total="1" passed="1" failed="0" inconclusive="0" skipped="0" asserts="2">
        <test-case id="0-1181" name="TestIoLocalVar" fullname="Kaitai.SpecIoLocalVar.TestIoLocalVar" methodname="TestIoLocalVar" classname="Kaitai.SpecIoLocalVar" runstate="Runnable" seed="1006075576" result="Passed" start-time="2020-08-23 22:35:19Z" end-time="2020-08-23 22:35:19Z" duration="0.001407" asserts="2" />
      </test-suite>
      <test-suite type="TestFixture" id="0-1182" name="SpecJsSignedRightShift" fullname="Kaitai.SpecJsSignedRightShift" classname="Kaitai.SpecJsSignedRightShift" runstate="Runnable" testcasecount="1" result="Passed" start-time="2020-08-23 22:35:19Z" end-time="2020-08-23 22:35:19Z" duration="0.004013" total="1" passed="1" failed="0" inconclusive="0" skipped="0" asserts="2">
        <test-case id="0-1183" name="TestJsSignedRightShift" fullname="Kaitai.SpecJsSignedRightShift.TestJsSignedRightShift" methodname="TestJsSignedRightShift" classname="Kaitai.SpecJsSignedRightShift" runstate="Runnable" seed="311283323" result="Passed" start-time="2020-08-23 22:35:19Z" end-time="2020-08-23 22:35:19Z" duration="0.000643" asserts="2" />
      </test-suite>
      <test-suite type="TestFixture" id="0-1184" name="SpecMetaTags" fullname="Kaitai.SpecMetaTags" classname="Kaitai.SpecMetaTags" runstate="Runnable" testcasecount="1" result="Passed" start-time="2020-08-23 22:35:19Z" end-time="2020-08-23 22:35:19Z" duration="0.004002" total="1" passed="1" failed="0" inconclusive="0" skipped="0" asserts="0">
        <test-case id="0-1185" name="TestMetaTags" fullname="Kaitai.SpecMetaTags.TestMetaTags" methodname="TestMetaTags" classname="Kaitai.SpecMetaTags" runstate="Runnable" seed="1646452205" result="Passed" start-time="2020-08-23 22:35:19Z" end-time="2020-08-23 22:35:19Z" duration="0.000410" asserts="0" />
      </test-suite>
      <test-suite type="TestFixture" id="0-1186" name="SpecMetaXref" fullname="Kaitai.SpecMetaXref" classname="Kaitai.SpecMetaXref" runstate="Runnable" testcasecount="1" result="Passed" start-time="2020-08-23 22:35:19Z" end-time="2020-08-23 22:35:19Z" duration="0.004008" total="1" passed="1" failed="0" inconclusive="0" skipped="0" asserts="0">
        <test-case id="0-1187" name="TestMetaXref" fullname="Kaitai.SpecMetaXref.TestMetaXref" methodname="TestMetaXref" classname="Kaitai.SpecMetaXref" runstate="Runnable" seed="863819879" result="Passed" start-time="2020-08-23 22:35:19Z" end-time="2020-08-23 22:35:19Z" duration="0.000408" asserts="0" />
      </test-suite>
      <test-suite type="TestFixture" id="0-1188" name="SpecMultipleUse" fullname="Kaitai.SpecMultipleUse" classname="Kaitai.SpecMultipleUse" runstate="Runnable" testcasecount="1" result="Passed" start-time="2020-08-23 22:35:19Z" end-time="2020-08-23 22:35:19Z" duration="0.005000" total="1" passed="1" failed="0" inconclusive="0" skipped="0" asserts="2">
        <test-case id="0-1189" name="TestMultipleUse" fullname="Kaitai.SpecMultipleUse.TestMultipleUse" methodname="TestMultipleUse" classname="Kaitai.SpecMultipleUse" runstate="Runnable" seed="1670539836" result="Passed" start-time="2020-08-23 22:35:19Z" end-time="2020-08-23 22:35:19Z" duration="0.001463" asserts="2" />
      </test-suite>
      <test-suite type="TestFixture" id="0-1190" name="SpecNavParent" fullname="Kaitai.SpecNavParent" classname="Kaitai.SpecNavParent" runstate="Runnable" testcasecount="1" result="Passed" start-time="2020-08-23 22:35:19Z" end-time="2020-08-23 22:35:19Z" duration="0.006011" total="1" passed="1" failed="0" inconclusive="0" skipped="0" asserts="5">
        <test-case id="0-1191" name="TestNavParent" fullname="Kaitai.SpecNavParent.TestNavParent" methodname="TestNavParent" classname="Kaitai.SpecNavParent" runstate="Runnable" seed="1757523518" result="Passed" start-time="2020-08-23 22:35:19Z" end-time="2020-08-23 22:35:19Z" duration="0.002269" asserts="5" />
      </test-suite>
      <test-suite type="TestFixture" id="0-1192" name="SpecNavParent2" fullname="Kaitai.SpecNavParent2" classname="Kaitai.SpecNavParent2" runstate="Runnable" testcasecount="1" result="Passed" start-time="2020-08-23 22:35:19Z" end-time="2020-08-23 22:35:19Z" duration="0.006033" total="1" passed="1" failed="0" inconclusive="0" skipped="0" asserts="10">
        <test-case id="0-1193" name="TestNavParent2" fullname="Kaitai.SpecNavParent2.TestNavParent2" methodname="TestNavParent2" classname="Kaitai.SpecNavParent2" runstate="Runnable" seed="1346516267" result="Passed" start-time="2020-08-23 22:35:19Z" end-time="2020-08-23 22:35:19Z" duration="0.002515" asserts="10" />
      </test-suite>
      <test-suite type="TestFixture" id="0-1194" name="SpecNavParent3" fullname="Kaitai.SpecNavParent3" classname="Kaitai.SpecNavParent3" runstate="Runnable" testcasecount="1" result="Passed" start-time="2020-08-23 22:35:19Z" end-time="2020-08-23 22:35:19Z" duration="0.006010" total="1" passed="1" failed="0" inconclusive="0" skipped="0" asserts="10">
        <test-case id="0-1195" name="TestNavParent3" fullname="Kaitai.SpecNavParent3.TestNavParent3" methodname="TestNavParent3" classname="Kaitai.SpecNavParent3" runstate="Runnable" seed="2072553104" result="Passed" start-time="2020-08-23 22:35:19Z" end-time="2020-08-23 22:35:19Z" duration="0.002557" asserts="10" />
      </test-suite>
      <test-suite type="TestFixture" id="0-1196" name="SpecNavParentFalse" fullname="Kaitai.SpecNavParentFalse" classname="Kaitai.SpecNavParentFalse" runstate="Runnable" testcasecount="1" result="Passed" start-time="2020-08-23 22:35:19Z" end-time="2020-08-23 22:35:19Z" duration="0.006013" total="1" passed="1" failed="0" inconclusive="0" skipped="0" asserts="5">
        <test-case id="0-1197" name="TestNavParentFalse" fullname="Kaitai.SpecNavParentFalse.TestNavParentFalse" methodname="TestNavParentFalse" classname="Kaitai.SpecNavParentFalse" runstate="Runnable" seed="1565538792" result="Passed" start-time="2020-08-23 22:35:19Z" end-time="2020-08-23 22:35:19Z" duration="0.001995" asserts="5" />
      </test-suite>
      <test-suite type="TestFixture" id="0-1198" name="SpecNavParentFalse2" fullname="Kaitai.SpecNavParentFalse2" classname="Kaitai.SpecNavParentFalse2" runstate="Runnable" testcasecount="1" result="Passed" start-time="2020-08-23 22:35:19Z" end-time="2020-08-23 22:35:19Z" duration="0.003837" total="1" passed="1" failed="0" inconclusive="0" skipped="0" asserts="1">
        <test-case id="0-1199" name="TestNavParentFalse2" fullname="Kaitai.SpecNavParentFalse2.TestNavParentFalse2" methodname="TestNavParentFalse2" classname="Kaitai.SpecNavParentFalse2" runstate="Runnable" seed="1236665389" result="Passed" start-time="2020-08-23 22:35:19Z" end-time="2020-08-23 22:35:19Z" duration="0.000791" asserts="1" />
      </test-suite>
      <test-suite type="TestFixture" id="0-1200" name="SpecNavParentOverride" fullname="Kaitai.SpecNavParentOverride" classname="Kaitai.SpecNavParentOverride" runstate="Runnable" testcasecount="1" result="Passed" start-time="2020-08-23 22:35:19Z" end-time="2020-08-23 22:35:19Z" duration="0.005020" total="1" passed="1" failed="0" inconclusive="0" skipped="0" asserts="3">
        <test-case id="0-1201" name="TestNavParentOverride" fullname="Kaitai.SpecNavParentOverride.TestNavParentOverride" methodname="TestNavParentOverride" classname="Kaitai.SpecNavParentOverride" runstate="Runnable" seed="496164036" result="Passed" start-time="2020-08-23 22:35:19Z" end-time="2020-08-23 22:35:19Z" duration="0.001530" asserts="3" />
      </test-suite>
      <test-suite type="TestFixture" id="0-1202" name="SpecNavParentSwitch" fullname="Kaitai.SpecNavParentSwitch" classname="Kaitai.SpecNavParentSwitch" runstate="Runnable" testcasecount="1" result="Passed" start-time="2020-08-23 22:35:19Z" end-time="2020-08-23 22:35:19Z" duration="0.005019" total="1" passed="1" failed="0" inconclusive="0" skipped="0" asserts="3">
        <test-case id="0-1203" name="TestNavParentSwitch" fullname="Kaitai.SpecNavParentSwitch.TestNavParentSwitch" methodname="TestNavParentSwitch" classname="Kaitai.SpecNavParentSwitch" runstate="Runnable" seed="2021751028" result="Passed" start-time="2020-08-23 22:35:19Z" end-time="2020-08-23 22:35:19Z" duration="0.001431" asserts="3" />
      </test-suite>
      <test-suite type="TestFixture" id="0-1204" name="SpecNavParentVsValueInst" fullname="Kaitai.SpecNavParentVsValueInst" classname="Kaitai.SpecNavParentVsValueInst" runstate="Runnable" testcasecount="1" result="Passed" start-time="2020-08-23 22:35:19Z" end-time="2020-08-23 22:35:19Z" duration="0.003998" total="1" passed="1" failed="0" inconclusive="0" skipped="0" asserts="1">
        <test-case id="0-1205" name="TestNavParentVsValueInst" fullname="Kaitai.SpecNavParentVsValueInst.TestNavParentVsValueInst" methodname="TestNavParentVsValueInst" classname="Kaitai.SpecNavParentVsValueInst" runstate="Runnable" seed="1354269771" result="Passed" start-time="2020-08-23 22:35:19Z" end-time="2020-08-23 22:35:19Z" duration="0.000729" asserts="1" />
      </test-suite>
      <test-suite type="TestFixture" id="0-1206" name="SpecNavRoot" fullname="Kaitai.SpecNavRoot" classname="Kaitai.SpecNavRoot" runstate="Runnable" testcasecount="1" result="Passed" start-time="2020-08-23 22:35:19Z" end-time="2020-08-23 22:35:19Z" duration="0.006052" total="1" passed="1" failed="0" inconclusive="0" skipped="0" asserts="5">
        <test-case id="0-1207" name="TestNavRoot" fullname="Kaitai.SpecNavRoot.TestNavRoot" methodname="TestNavRoot" classname="Kaitai.SpecNavRoot" runstate="Runnable" seed="1960247006" result="Passed" start-time="2020-08-23 22:35:19Z" end-time="2020-08-23 22:35:19Z" duration="0.002034" asserts="5" />
      </test-suite>
      <test-suite type="TestFixture" id="0-1208" name="SpecNestedSameName" fullname="Kaitai.SpecNestedSameName" classname="Kaitai.SpecNestedSameName" runstate="Runnable" testcasecount="1" result="Passed" start-time="2020-08-23 22:35:19Z" end-time="2020-08-23 22:35:19Z" duration="0.005046" total="1" passed="1" failed="0" inconclusive="0" skipped="0" asserts="2">
        <test-case id="0-1209" name="TestNestedSameName" fullname="Kaitai.SpecNestedSameName.TestNestedSameName" methodname="TestNestedSameName" classname="Kaitai.SpecNestedSameName" runstate="Runnable" seed="1342564266" result="Passed" start-time="2020-08-23 22:35:19Z" end-time="2020-08-23 22:35:19Z" duration="0.001386" asserts="2" />
      </test-suite>
      <test-suite type="TestFixture" id="0-1210" name="SpecNestedSameName2" fullname="Kaitai.SpecNestedSameName2" classname="Kaitai.SpecNestedSameName2" runstate="Runnable" testcasecount="1" result="Passed" start-time="2020-08-23 22:35:19Z" end-time="2020-08-23 22:35:19Z" duration="0.005991" total="1" passed="1" failed="0" inconclusive="0" skipped="0" asserts="5">
        <test-case id="0-1211" name="TestNestedSameName2" fullname="Kaitai.SpecNestedSameName2.TestNestedSameName2" methodname="TestNestedSameName2" classname="Kaitai.SpecNestedSameName2" runstate="Runnable" seed="930919520" result="Passed" start-time="2020-08-23 22:35:19Z" end-time="2020-08-23 22:35:19Z" duration="0.002098" asserts="5" />
      </test-suite>
      <test-suite type="TestFixture" id="0-1212" name="SpecNestedTypeParam" fullname="Kaitai.SpecNestedTypeParam" classname="Kaitai.SpecNestedTypeParam" runstate="Runnable" testcasecount="1" result="Passed" start-time="2020-08-23 22:35:19Z" end-time="2020-08-23 22:35:19Z" duration="0.003983" total="1" passed="1" failed="0" inconclusive="0" skipped="0" asserts="2">
        <test-case id="0-1213" name="TestNestedTypeParam" fullname="Kaitai.SpecNestedTypeParam.TestNestedTypeParam" methodname="TestNestedTypeParam" classname="Kaitai.SpecNestedTypeParam" runstate="Runnable" seed="1656197071" result="Passed" start-time="2020-08-23 22:35:19Z" end-time="2020-08-23 22:35:19Z" duration="0.000916" asserts="2" />
      </test-suite>
      <test-suite type="TestFixture" id="0-1214" name="SpecNestedTypes" fullname="Kaitai.SpecNestedTypes" classname="Kaitai.SpecNestedTypes" runstate="Runnable" testcasecount="1" result="Passed" start-time="2020-08-23 22:35:19Z" end-time="2020-08-23 22:35:19Z" duration="0.005013" total="1" passed="1" failed="0" inconclusive="0" skipped="0" asserts="3">
        <test-case id="0-1215" name="TestNestedTypes" fullname="Kaitai.SpecNestedTypes.TestNestedTypes" methodname="TestNestedTypes" classname="Kaitai.SpecNestedTypes" runstate="Runnable" seed="703524613" result="Passed" start-time="2020-08-23 22:35:19Z" end-time="2020-08-23 22:35:19Z" duration="0.001504" asserts="3" />
      </test-suite>
      <test-suite type="TestFixture" id="0-1216" name="SpecNestedTypes2" fullname="Kaitai.SpecNestedTypes2" classname="Kaitai.SpecNestedTypes2" runstate="Runnable" testcasecount="1" result="Passed" start-time="2020-08-23 22:35:19Z" end-time="2020-08-23 22:35:19Z" duration="0.006014" total="1" passed="1" failed="0" inconclusive="0" skipped="0" asserts="7">
[...]
      </test-suite>
      <test-suite type="TestFixture" id="0-1352" name="SpecSwitchRepeatExprInvalid" fullname="Kaitai.SpecSwitchRepeatExprInvalid" classname="Kaitai.SpecSwitchRepeatExprInvalid" runstate="Runnable" testcasecount="1" result="Passed" start-time="2020-08-23 22:35:20Z" end-time="2020-08-23 22:35:20Z" duration="0.005022" total="1" passed="1" failed="0" inconclusive="0" skipped="0" asserts="3">
        <test-case id="0-1353" name="TestSwitchRepeatExprInvalid" fullname="Kaitai.SpecSwitchRepeatExprInvalid.TestSwitchRepeatExprInvalid" methodname="TestSwitchRepeatExprInvalid" classname="Kaitai.SpecSwitchRepeatExprInvalid" runstate="Runnable" seed="1590876679" result="Passed" start-time="2020-08-23 22:35:20Z" end-time="2020-08-23 22:35:20Z" duration="0.001314" asserts="3" />
      </test-suite>
      <test-suite type="TestFixture" id="0-1354" name="SpecTermBytes" fullname="Kaitai.SpecTermBytes" classname="Kaitai.SpecTermBytes" runstate="Runnable" testcasecount="1" result="Passed" start-time="2020-08-23 22:35:20Z" end-time="2020-08-23 22:35:20Z" duration="0.003968" total="1" passed="1" failed="0" inconclusive="0" skipped="0" asserts="3">
        <test-case id="0-1355" name="TestTermBytes" fullname="Kaitai.SpecTermBytes.TestTermBytes" methodname="TestTermBytes" classname="Kaitai.SpecTermBytes" runstate="Runnable" seed="1768361688" result="Passed" start-time="2020-08-23 22:35:20Z" end-time="2020-08-23 22:35:20Z" duration="0.000901" asserts="3" />
      </test-suite>
      <test-suite type="TestFixture" id="0-1356" name="SpecTermStrz" fullname="Kaitai.SpecTermStrz" classname="Kaitai.SpecTermStrz" runstate="Runnable" testcasecount="1" result="Passed" start-time="2020-08-23 22:35:20Z" end-time="2020-08-23 22:35:20Z" duration="0.004003" total="1" passed="1" failed="0" inconclusive="0" skipped="0" asserts="3">
        <test-case id="0-1357" name="TestTermStrz" fullname="Kaitai.SpecTermStrz.TestTermStrz" methodname="TestTermStrz" classname="Kaitai.SpecTermStrz" runstate="Runnable" seed="1202398867" result="Passed" start-time="2020-08-23 22:35:20Z" end-time="2020-08-23 22:35:20Z" duration="0.000324" asserts="3" />
      </test-suite>
      <test-suite type="TestFixture" id="0-1358" name="SpecTsPacketHeader" fullname="Kaitai.SpecTsPacketHeader" classname="Kaitai.SpecTsPacketHeader" runstate="Runnable" testcasecount="1" result="Passed" start-time="2020-08-23 22:35:20Z" end-time="2020-08-23 22:35:20Z" duration="0.005000" total="1" passed="1" failed="0" inconclusive="0" skipped="0" asserts="7">
        <test-case id="0-1359" name="TestTsPacketHeader" fullname="Kaitai.SpecTsPacketHeader.TestTsPacketHeader" methodname="TestTsPacketHeader" classname="Kaitai.SpecTsPacketHeader" runstate="Runnable" seed="1370242584" result="Passed" start-time="2020-08-23 22:35:20Z" end-time="2020-08-23 22:35:20Z" duration="0.001405" asserts="7" />
      </test-suite>
      <test-suite type="TestFixture" id="0-1360" name="SpecTypeIntUnaryOp" fullname="Kaitai.SpecTypeIntUnaryOp" classname="Kaitai.SpecTypeIntUnaryOp" runstate="Runnable" testcasecount="1" result="Passed" start-time="2020-08-23 22:35:20Z" end-time="2020-08-23 22:35:20Z" duration="0.005059" total="1" passed="1" failed="0" inconclusive="0" skipped="0" asserts="4">
        <test-case id="0-1361" name="TestTypeIntUnaryOp" fullname="Kaitai.SpecTypeIntUnaryOp.TestTypeIntUnaryOp" methodname="TestTypeIntUnaryOp" classname="Kaitai.SpecTypeIntUnaryOp" runstate="Runnable" seed="1956460171" result="Passed" start-time="2020-08-23 22:35:20Z" end-time="2020-08-23 22:35:20Z" duration="0.000928" asserts="4" />
      </test-suite>
      <test-suite type="TestFixture" id="0-1362" name="SpecTypeTernary" fullname="Kaitai.SpecTypeTernary" classname="Kaitai.SpecTypeTernary" runstate="Runnable" testcasecount="1" result="Passed" start-time="2020-08-23 22:35:20Z" end-time="2020-08-23 22:35:20Z" duration="0.004979" total="1" passed="1" failed="0" inconclusive="0" skipped="0" asserts="1">
        <test-case id="0-1363" name="TestTypeTernary" fullname="Kaitai.SpecTypeTernary.TestTypeTernary" methodname="TestTypeTernary" classname="Kaitai.SpecTypeTernary" runstate="Runnable" seed="1452900917" result="Passed" start-time="2020-08-23 22:35:20Z" end-time="2020-08-23 22:35:20Z" duration="0.001200" asserts="1" />
      </test-suite>
      <test-suite type="TestFixture" id="0-1364" name="SpecTypeTernary2ndFalsy" fullname="Kaitai.SpecTypeTernary2ndFalsy" classname="Kaitai.SpecTypeTernary2ndFalsy" runstate="Runnable" testcasecount="1" result="Passed" start-time="2020-08-23 22:35:20Z" end-time="2020-08-23 22:35:20Z" duration="0.005985" total="1" passed="1" failed="0" inconclusive="0" skipped="0" asserts="13">
        <test-case id="0-1365" name="TestTypeTernary2ndFalsy" fullname="Kaitai.SpecTypeTernary2ndFalsy.TestTypeTernary2ndFalsy" methodname="TestTypeTernary2ndFalsy" classname="Kaitai.SpecTypeTernary2ndFalsy" runstate="Runnable" seed="942137761" result="Passed" start-time="2020-08-23 22:35:20Z" end-time="2020-08-23 22:35:20Z" duration="0.002833" asserts="13" />
      </test-suite>
      <test-suite type="TestFixture" id="0-1366" name="SpecTypeTernaryOpaque" fullname="Kaitai.SpecTypeTernaryOpaque" classname="Kaitai.SpecTypeTernaryOpaque" runstate="Runnable" testcasecount="1" result="Passed" start-time="2020-08-23 22:35:20Z" end-time="2020-08-23 22:35:20Z" duration="0.005014" total="1" passed="1" failed="0" inconclusive="0" skipped="0" asserts="3">
        <test-case id="0-1367" name="TestTypeTernaryOpaque" fullname="Kaitai.SpecTypeTernaryOpaque.TestTypeTernaryOpaque" methodname="TestTypeTernaryOpaque" classname="Kaitai.SpecTypeTernaryOpaque" runstate="Runnable" seed="228180003" result="Passed" start-time="2020-08-23 22:35:20Z" end-time="2020-08-23 22:35:20Z" duration="0.001032" asserts="3" />
      </test-suite>
      <test-suite type="TestFixture" id="0-1368" name="SpecUserType" fullname="Kaitai.SpecUserType" classname="Kaitai.SpecUserType" runstate="Runnable" testcasecount="1" result="Passed" start-time="2020-08-23 22:35:20Z" end-time="2020-08-23 22:35:20Z" duration="0.004006" total="1" passed="1" failed="0" inconclusive="0" skipped="0" asserts="2">
        <test-case id="0-1369" name="TestUserType" fullname="Kaitai.SpecUserType.TestUserType" methodname="TestUserType" classname="Kaitai.SpecUserType" runstate="Runnable" seed="1487479198" result="Passed" start-time="2020-08-23 22:35:20Z" end-time="2020-08-23 22:35:20Z" duration="0.000893" asserts="2" />
      </test-suite>
      <test-suite type="TestFixture" id="0-1370" name="SpecValidFailAnyofInt" fullname="Kaitai.SpecValidFailAnyofInt" classname="Kaitai.SpecValidFailAnyofInt" runstate="Runnable" testcasecount="1" result="Passed" start-time="2020-08-23 22:35:20Z" end-time="2020-08-23 22:35:20Z" duration="0.005009" total="1" passed="1" failed="0" inconclusive="0" skipped="0" asserts="1">
        <test-case id="0-1371" name="TestValidFailAnyofInt" fullname="Kaitai.SpecValidFailAnyofInt.TestValidFailAnyofInt" methodname="TestValidFailAnyofInt" classname="Kaitai.SpecValidFailAnyofInt" runstate="Runnable" seed="55557329" result="Passed" start-time="2020-08-23 22:35:20Z" end-time="2020-08-23 22:35:20Z" duration="0.001370" asserts="1" />
      </test-suite>
      <test-suite type="TestFixture" id="0-1372" name="SpecValidFailContents" fullname="Kaitai.SpecValidFailContents" classname="Kaitai.SpecValidFailContents" runstate="Runnable" testcasecount="1" result="Passed" start-time="2020-08-23 22:35:20Z" end-time="2020-08-23 22:35:20Z" duration="0.005014" total="1" passed="1" failed="0" inconclusive="0" skipped="0" asserts="1">
        <test-case id="0-1373" name="TestValidFailContents" fullname="Kaitai.SpecValidFailContents.TestValidFailContents" methodname="TestValidFailContents" classname="Kaitai.SpecValidFailContents" runstate="Runnable" seed="1711410054" result="Passed" start-time="2020-08-23 22:35:20Z" end-time="2020-08-23 22:35:20Z" duration="0.001301" asserts="1" />
      </test-suite>
      <test-suite type="TestFixture" id="0-1374" name="SpecValidFailEqBytes" fullname="Kaitai.SpecValidFailEqBytes" classname="Kaitai.SpecValidFailEqBytes" runstate="Runnable" testcasecount="1" result="Passed" start-time="2020-08-23 22:35:20Z" end-time="2020-08-23 22:35:20Z" duration="0.003978" total="1" passed="1" failed="0" inconclusive="0" skipped="0" asserts="1">
        <test-case id="0-1375" name="TestValidFailEqBytes" fullname="Kaitai.SpecValidFailEqBytes.TestValidFailEqBytes" methodname="TestValidFailEqBytes" classname="Kaitai.SpecValidFailEqBytes" runstate="Runnable" seed="1904620573" result="Passed" start-time="2020-08-23 22:35:20Z" end-time="2020-08-23 22:35:20Z" duration="0.000876" asserts="1" />
      </test-suite>
      <test-suite type="TestFixture" id="0-1376" name="SpecValidFailEqInt" fullname="Kaitai.SpecValidFailEqInt" classname="Kaitai.SpecValidFailEqInt" runstate="Runnable" testcasecount="1" result="Passed" start-time="2020-08-23 22:35:20Z" end-time="2020-08-23 22:35:20Z" duration="0.005022" total="1" passed="1" failed="0" inconclusive="0" skipped="0" asserts="1">
        <test-case id="0-1377" name="TestValidFailEqInt" fullname="Kaitai.SpecValidFailEqInt.TestValidFailEqInt" methodname="TestValidFailEqInt" classname="Kaitai.SpecValidFailEqInt" runstate="Runnable" seed="291162194" result="Passed" start-time="2020-08-23 22:35:20Z" end-time="2020-08-23 22:35:20Z" duration="0.000991" asserts="1" />
      </test-suite>
      <test-suite type="TestFixture" id="0-1378" name="SpecValidFailExpr" fullname="Kaitai.SpecValidFailExpr" classname="Kaitai.SpecValidFailExpr" runstate="Runnable" testcasecount="1" result="Passed" start-time="2020-08-23 22:35:20Z" end-time="2020-08-23 22:35:20Z" duration="0.005014" total="1" passed="1" failed="0" inconclusive="0" skipped="0" asserts="1">
        <test-case id="0-1379" name="TestValidFailExpr" fullname="Kaitai.SpecValidFailExpr.TestValidFailExpr" methodname="TestValidFailExpr" classname="Kaitai.SpecValidFailExpr" runstate="Runnable" seed="835927773" result="Passed" start-time="2020-08-23 22:35:20Z" end-time="2020-08-23 22:35:20Z" duration="0.001197" asserts="1" />
      </test-suite>
      <test-suite type="TestFixture" id="0-1380" name="SpecValidFailInst" fullname="Kaitai.SpecValidFailInst" classname="Kaitai.SpecValidFailInst" runstate="Runnable" testcasecount="1" result="Passed" start-time="2020-08-23 22:35:20Z" end-time="2020-08-23 22:35:20Z" duration="0.005040" total="1" passed="1" failed="0" inconclusive="0" skipped="0" asserts="1">
        <test-case id="0-1381" name="TestValidFailInst" fullname="Kaitai.SpecValidFailInst.TestValidFailInst" methodname="TestValidFailInst" classname="Kaitai.SpecValidFailInst" runstate="Runnable" seed="1989952862" result="Passed" start-time="2020-08-23 22:35:20Z" end-time="2020-08-23 22:35:20Z" duration="0.001017" asserts="1" />
      </test-suite>
      <test-suite type="TestFixture" id="0-1382" name="SpecValidFailMaxInt" fullname="Kaitai.SpecValidFailMaxInt" classname="Kaitai.SpecValidFailMaxInt" runstate="Runnable" testcasecount="1" result="Passed" start-time="2020-08-23 22:35:20Z" end-time="2020-08-23 22:35:20Z" duration="0.005033" total="1" passed="1" failed="0" inconclusive="0" skipped="0" asserts="1">
        <test-case id="0-1383" name="TestValidFailMaxInt" fullname="Kaitai.SpecValidFailMaxInt.TestValidFailMaxInt" methodname="TestValidFailMaxInt" classname="Kaitai.SpecValidFailMaxInt" runstate="Runnable" seed="938429861" result="Passed" start-time="2020-08-23 22:35:20Z" end-time="2020-08-23 22:35:20Z" duration="0.001162" asserts="1" />
      </test-suite>
      <test-suite type="TestFixture" id="0-1384" name="SpecValidFailMinInt" fullname="Kaitai.SpecValidFailMinInt" classname="Kaitai.SpecValidFailMinInt" runstate="Runnable" testcasecount="1" result="Passed" start-time="2020-08-23 22:35:20Z" end-time="2020-08-23 22:35:20Z" duration="0.005037" total="1" passed="1" failed="0" inconclusive="0" skipped="0" asserts="1">
        <test-case id="0-1385" name="TestValidFailMinInt" fullname="Kaitai.SpecValidFailMinInt.TestValidFailMinInt" methodname="TestValidFailMinInt" classname="Kaitai.SpecValidFailMinInt" runstate="Runnable" seed="137793558" result="Passed" start-time="2020-08-23 22:35:20Z" end-time="2020-08-23 22:35:20Z" duration="0.001032" asserts="1" />
      </test-suite>
      <test-suite type="TestFixture" id="0-1386" name="SpecValidFailRangeBytes" fullname="Kaitai.SpecValidFailRangeBytes" classname="Kaitai.SpecValidFailRangeBytes" runstate="Runnable" testcasecount="1" result="Passed" start-time="2020-08-23 22:35:20Z" end-time="2020-08-23 22:35:20Z" duration="0.005007" total="1" passed="1" failed="0" inconclusive="0" skipped="0" asserts="1">
        <test-case id="0-1387" name="TestValidFailRangeBytes" fullname="Kaitai.SpecValidFailRangeBytes.TestValidFailRangeBytes" methodname="TestValidFailRangeBytes" classname="Kaitai.SpecValidFailRangeBytes" runstate="Runnable" seed="1669075879" result="Passed" start-time="2020-08-23 22:35:20Z" end-time="2020-08-23 22:35:20Z" duration="0.001139" asserts="1" />
      </test-suite>
      <test-suite type="TestFixture" id="0-1388" name="SpecValidFailRangeFloat" fullname="Kaitai.SpecValidFailRangeFloat" classname="Kaitai.SpecValidFailRangeFloat" runstate="Runnable" testcasecount="1" result="Passed" start-time="2020-08-23 22:35:20Z" end-time="2020-08-23 22:35:20Z" duration="0.003984" total="1" passed="1" failed="0" inconclusive="0" skipped="0" asserts="1">
        <test-case id="0-1389" name="TestValidFailRangeFloat" fullname="Kaitai.SpecValidFailRangeFloat.TestValidFailRangeFloat" methodname="TestValidFailRangeFloat" classname="Kaitai.SpecValidFailRangeFloat" runstate="Runnable" seed="1020084630" result="Passed" start-time="2020-08-23 22:35:20Z" end-time="2020-08-23 22:35:20Z" duration="0.000930" asserts="1" />
      </test-suite>
      <test-suite type="TestFixture" id="0-1390" name="SpecValidFailRangeInt" fullname="Kaitai.SpecValidFailRangeInt" classname="Kaitai.SpecValidFailRangeInt" runstate="Runnable" testcasecount="1" result="Passed" start-time="2020-08-23 22:35:20Z" end-time="2020-08-23 22:35:20Z" duration="0.003967" total="1" passed="1" failed="0" inconclusive="0" skipped="0" asserts="1">
        <test-case id="0-1391" name="TestValidFailRangeInt" fullname="Kaitai.SpecValidFailRangeInt.TestValidFailRangeInt" methodname="TestValidFailRangeInt" classname="Kaitai.SpecValidFailRangeInt" runstate="Runnable" seed="256503553" result="Passed" start-time="2020-08-23 22:35:20Z" end-time="2020-08-23 22:35:20Z" duration="0.000880" asserts="1" />
      </test-suite>
      <test-suite type="TestFixture" id="0-1392" name="SpecValidFailRangeStr" fullname="Kaitai.SpecValidFailRangeStr" classname="Kaitai.SpecValidFailRangeStr" runstate="Runnable" testcasecount="1" result="Passed" start-time="2020-08-23 22:35:20Z" end-time="2020-08-23 22:35:20Z" duration="0.005024" total="1" passed="1" failed="0" inconclusive="0" skipped="0" asserts="1">
        <test-case id="0-1393" name="TestValidFailRangeStr" fullname="Kaitai.SpecValidFailRangeStr.TestValidFailRangeStr" methodname="TestValidFailRangeStr" classname="Kaitai.SpecValidFailRangeStr" runstate="Runnable" seed="1367288494" result="Passed" start-time="2020-08-23 22:35:20Z" end-time="2020-08-23 22:35:20Z" duration="0.000968" asserts="1" />
      </test-suite>
      <test-suite type="TestFixture" id="0-1394" name="SpecValidLong" fullname="Kaitai.SpecValidLong" classname="Kaitai.SpecValidLong" runstate="Runnable" testcasecount="1" result="Passed" start-time="2020-08-23 22:35:20Z" end-time="2020-08-23 22:35:20Z" duration="0.006032" total="1" passed="1" failed="0" inconclusive="0" skipped="0" asserts="0">
        <test-case id="0-1395" name="TestValidLong" fullname="Kaitai.SpecValidLong.TestValidLong" methodname="TestValidLong" classname="Kaitai.SpecValidLong" runstate="Runnable" seed="1931093348" result="Passed" start-time="2020-08-23 22:35:20Z" end-time="2020-08-23 22:35:20Z" duration="0.002441" asserts="0" />
      </test-suite>
      <test-suite type="TestFixture" id="0-1396" name="SpecValidNotParsedIf" fullname="Kaitai.SpecValidNotParsedIf" classname="Kaitai.SpecValidNotParsedIf" runstate="Runnable" testcasecount="1" result="Passed" start-time="2020-08-23 22:35:20Z" end-time="2020-08-23 22:35:20Z" duration="0.003988" total="1" passed="1" failed="0" inconclusive="0" skipped="0" asserts="0">
        <test-case id="0-1397" name="TestValidNotParsedIf" fullname="Kaitai.SpecValidNotParsedIf.TestValidNotParsedIf" methodname="TestValidNotParsedIf" classname="Kaitai.SpecValidNotParsedIf" runstate="Runnable" seed="1249412734" result="Passed" start-time="2020-08-23 22:35:20Z" end-time="2020-08-23 22:35:20Z" duration="0.000781" asserts="0" />
      </test-suite>
      <test-suite type="TestFixture" id="0-1398" name="SpecValidShort" fullname="Kaitai.SpecValidShort" classname="Kaitai.SpecValidShort" runstate="Runnable" testcasecount="1" result="Passed" start-time="2020-08-23 22:35:20Z" end-time="2020-08-23 22:35:20Z" duration="0.006005" total="1" passed="1" failed="0" inconclusive="0" skipped="0" asserts="0">
        <test-case id="0-1399" name="TestValidShort" fullname="Kaitai.SpecValidShort.TestValidShort" methodname="TestValidShort" classname="Kaitai.SpecValidShort" runstate="Runnable" seed="1639980822" result="Passed" start-time="2020-08-23 22:35:20Z" end-time="2020-08-23 22:35:20Z" duration="0.002332" asserts="0" />
      </test-suite>
      <test-suite type="TestFixture" id="0-1400" name="SpecValidSwitch" fullname="Kaitai.SpecValidSwitch" classname="Kaitai.SpecValidSwitch" runstate="Runnable" testcasecount="1" result="Passed" start-time="2020-08-23 22:35:20Z" end-time="2020-08-23 22:35:20Z" duration="0.004019" total="1" passed="1" failed="0" inconclusive="0" skipped="0" asserts="0">
        <test-case id="0-1401" name="TestValidSwitch" fullname="Kaitai.SpecValidSwitch.TestValidSwitch" methodname="TestValidSwitch" classname="Kaitai.SpecValidSwitch" runstate="Runnable" seed="1540681057" result="Passed" start-time="2020-08-23 22:35:20Z" end-time="2020-08-23 22:35:20Z" duration="0.000829" asserts="0" />
      </test-suite>
      <test-suite type="TestFixture" id="0-1402" name="SpecZlibSurrounded" fullname="Kaitai.SpecZlibSurrounded" classname="Kaitai.SpecZlibSurrounded" runstate="Runnable" testcasecount="1" result="Passed" start-time="2020-08-23 22:35:20Z" end-time="2020-08-23 22:35:20Z" duration="0.022977" total="1" passed="1" failed="0" inconclusive="0" skipped="0" asserts="1">
        <test-case id="0-1403" name="TestZlibSurrounded" fullname="Kaitai.SpecZlibSurrounded.TestZlibSurrounded" methodname="TestZlibSurrounded" classname="Kaitai.SpecZlibSurrounded" runstate="Runnable" seed="523366748" result="Passed" start-time="2020-08-23 22:35:20Z" end-time="2020-08-23 22:35:20Z" duration="0.019851" asserts="1" />
      </test-suite>
      <test-suite type="TestFixture" id="0-1404" name="SpecZlibWithHeader78" fullname="Kaitai.SpecZlibWithHeader78" classname="Kaitai.SpecZlibWithHeader78" runstate="Runnable" testcasecount="1" result="Passed" start-time="2020-08-23 22:35:20Z" end-time="2020-08-23 22:35:20Z" duration="0.004004" total="1" passed="1" failed="0" inconclusive="0" skipped="0" asserts="1">
        <test-case id="0-1405" name="TestZlibWithHeader78" fullname="Kaitai.SpecZlibWithHeader78.TestZlibWithHeader78" methodname="TestZlibWithHeader78" classname="Kaitai.SpecZlibWithHeader78" runstate="Runnable" seed="1156886594" result="Passed" start-time="2020-08-23 22:35:20Z" end-time="2020-08-23 22:35:20Z" duration="0.000725" asserts="1" />
      </test-suite>
    </test-suite>
  </test-suite>
</test-run>