<?xml version="1.0" encoding="utf-8" standalone="no"?>
<test-run id="2" testcasecount="178" result="Passed" total="178" passed="178" failed="0" inconclusive="0" skipped="0" asserts="830" engine-version="3.4.1.0" clr-version="4.0.30319.42000" start-time="2020-03-30 15:00:14Z" end-time="2020-03-30 15:00:17Z" duration="2.538948">
  <command-line><![CDATA[spec/csharp/packages/NUnit.ConsoleRunner.3.4.1/tools/nunit3-console.exe --result=test_out/csharp/TestResult.xml spec/csharp/kaitai_struct_csharp_tests/bin/Debug/kaitai_struct_csharp_tests.dll]]></command-line>
  <test-suite type="Assembly" id="0-1356" name="kaitai_struct_csharp_tests.dll" fullname="C:\projects\ci-targets\tests\spec\csharp\kaitai_struct_csharp_tests\bin\Debug\kaitai_struct_csharp_tests.dll" runstate="Runnable" testcasecount="178" result="Passed" start-time="2020-03-30 15:00:14Z" end-time="2020-03-30 15:00:17Z" duration="2.399143" total="178" passed="178" failed="0" inconclusive="0" skipped="0" asserts="830">
    <environment framework-version="3.4.1.0" clr-version="4.0.30319.42000" os-version="Microsoft Windows NT 10.0.14393.0" platform="Win32NT" cwd="C:\projects\ci-targets\tests" machine-name="APPVYR-WIN" user="appveyor" user-domain="APPVYR-WIN" culture="en-US" uiculture="en-US" os-architecture="x64" />
    <settings>
      <setting name="WorkDirectory" value="C:\projects\ci-targets\tests" />
      <setting name="ImageRuntimeVersion" value="4.0.30319" />
      <setting name="ImageTargetFrameworkName" value=".NETFramework,Version=v4.5" />
      <setting name="ImageRequiresX86" value="False" />
      <setting name="ImageRequiresDefaultAppDomainAssemblyResolver" value="False" />
      <setting name="NumberOfTestWorkers" value="2" />
    </settings>
    <properties>
      <property name="_PID" value="1196" />
      <property name="_APPDOMAIN" value="test-domain-" />
    </properties>
    <test-suite type="TestSuite" id="0-1357" name="Kaitai" fullname="Kaitai" runstate="Runnable" testcasecount="178" result="Passed" start-time="2020-03-30 15:00:14Z" end-time="2020-03-30 15:00:17Z" duration="2.365220" total="178" passed="178" failed="0" inconclusive="0" skipped="0" asserts="830">
      <test-suite type="TestFixture" id="0-1000" name="SpecBcdUserTypeBe" fullname="Kaitai.SpecBcdUserTypeBe" classname="Kaitai.SpecBcdUserTypeBe" runstate="Runnable" testcasecount="1" result="Passed" start-time="2020-03-30 15:00:14Z" end-time="2020-03-30 15:00:14Z" duration="0.054870" total="1" passed="1" failed="0" inconclusive="0" skipped="0" asserts="6">
        <test-case id="0-1001" name="TestBcdUserTypeBe" fullname="Kaitai.SpecBcdUserTypeBe.TestBcdUserTypeBe" methodname="TestBcdUserTypeBe" classname="Kaitai.SpecBcdUserTypeBe" runstate="Runnable" seed="761751150" result="Passed" start-time="2020-03-30 15:00:14Z" end-time="2020-03-30 15:00:14Z" duration="0.035852" asserts="6" />
      </test-suite>
      <test-suite type="TestFixture" id="0-1002" name="SpecBcdUserTypeLe" fullname="Kaitai.SpecBcdUserTypeLe" classname="Kaitai.SpecBcdUserTypeLe" runstate="Runnable" testcasecount="1" result="Passed" start-time="2020-03-30 15:00:14Z" end-time="2020-03-30 15:00:14Z" duration="0.021075" total="1" passed="1" failed="0" inconclusive="0" skipped="0" asserts="6">
        <test-case id="0-1003" name="TestBcdUserTypeLe" fullname="Kaitai.SpecBcdUserTypeLe.TestBcdUserTypeLe" methodname="TestBcdUserTypeLe" classname="Kaitai.SpecBcdUserTypeLe" runstate="Runnable" seed="963889787" result="Passed" start-time="2020-03-30 15:00:14Z" end-time="2020-03-30 15:00:14Z" duration="0.017745" asserts="6" />
      </test-suite>
      <test-suite type="TestFixture" id="0-1004" name="SpecBitsByteAligned" fullname="Kaitai.SpecBitsByteAligned" classname="Kaitai.SpecBitsByteAligned" runstate="Runnable" testcasecount="1" result="Passed" start-time="2020-03-30 15:00:14Z" end-time="2020-03-30 15:00:14Z" duration="0.016137" total="1" passed="1" failed="0" inconclusive="0" skipped="0" asserts="9">
        <test-case id="0-1005" name="TestBitsByteAligned" fullname="Kaitai.SpecBitsByteAligned.TestBitsByteAligned" methodname="TestBitsByteAligned" classname="Kaitai.SpecBitsByteAligned" runstate="Runnable" seed="1563459788" result="Passed" start-time="2020-03-30 15:00:14Z" end-time="2020-03-30 15:00:14Z" duration="0.012172" asserts="9" />
      </test-suite>
      <test-suite type="TestFixture" id="0-1006" name="SpecBitsEnum" fullname="Kaitai.SpecBitsEnum" classname="Kaitai.SpecBitsEnum" runstate="Runnable" testcasecount="1" result="Passed" start-time="2020-03-30 15:00:14Z" end-time="2020-03-30 15:00:14Z" duration="0.011916" total="1" passed="1" failed="0" inconclusive="0" skipped="0" asserts="3">
        <test-case id="0-1007" name="TestBitsEnum" fullname="Kaitai.SpecBitsEnum.TestBitsEnum" methodname="TestBitsEnum" classname="Kaitai.SpecBitsEnum" runstate="Runnable" seed="1732056521" result="Passed" start-time="2020-03-30 15:00:14Z" end-time="2020-03-30 15:00:14Z" duration="0.002424" asserts="3" />
      </test-suite>
      <test-suite type="TestFixture" id="0-1008" name="SpecBitsSimple" fullname="Kaitai.SpecBitsSimple" classname="Kaitai.SpecBitsSimple" runstate="Runnable" testcasecount="1" result="Passed" start-time="2020-03-30 15:00:14Z" end-time="2020-03-30 15:00:14Z" duration="0.009105" total="1" passed="1" failed="0" inconclusive="0" skipped="0" asserts="14">
        <test-case id="0-1009" name="TestBitsSimple" fullname="Kaitai.SpecBitsSimple.TestBitsSimple" methodname="TestBitsSimple" classname="Kaitai.SpecBitsSimple" runstate="Runnable" seed="662473779" result="Passed" start-time="2020-03-30 15:00:14Z" end-time="2020-03-30 15:00:14Z" duration="0.005290" asserts="14" />
      </test-suite>
      <test-suite type="TestFixture" id="0-1010" name="SpecBufferedStruct" fullname="Kaitai.SpecBufferedStruct" classname="Kaitai.SpecBufferedStruct" runstate="Runnable" testcasecount="1" result="Passed" start-time="2020-03-30 15:00:14Z" end-time="2020-03-30 15:00:14Z" duration="0.007962" total="1" passed="1" failed="0" inconclusive="0" skipped="0" asserts="7">
        <test-case id="0-1011" name="TestBufferedStruct" fullname="Kaitai.SpecBufferedStruct.TestBufferedStruct" methodname="TestBufferedStruct" classname="Kaitai.SpecBufferedStruct" runstate="Runnable" seed="164157696" result="Passed" start-time="2020-03-30 15:00:14Z" end-time="2020-03-30 15:00:14Z" duration="0.003976" asserts="7" />
      </test-suite>
      <test-suite type="TestFixture" id="0-1012" name="SpecBytesPadTerm" fullname="Kaitai.SpecBytesPadTerm" classname="Kaitai.SpecBytesPadTerm" runstate="Runnable" testcasecount="1" result="Passed" start-time="2020-03-30 15:00:14Z" end-time="2020-03-30 15:00:14Z" duration="0.007285" total="1" passed="1" failed="0" inconclusive="0" skipped="0" asserts="4">
        <test-case id="0-1013" name="TestBytesPadTerm" fullname="Kaitai.SpecBytesPadTerm.TestBytesPadTerm" methodname="TestBytesPadTerm" classname="Kaitai.SpecBytesPadTerm" runstate="Runnable" seed="327279312" result="Passed" start-time="2020-03-30 15:00:14Z" end-time="2020-03-30 15:00:14Z" duration="0.002395" asserts="4" />
      </test-suite>
      <test-suite type="TestFixture" id="0-1014" name="SpecCastNested" fullname="Kaitai.SpecCastNested" classname="Kaitai.SpecCastNested" runstate="Runnable" testcasecount="1" result="Passed" start-time="2020-03-30 15:00:14Z" end-time="2020-03-30 15:00:14Z" duration="0.010995" total="1" passed="1" failed="0" inconclusive="0" skipped="0" asserts="4">
        <test-case id="0-1015" name="TestCastNested" fullname="Kaitai.SpecCastNested.TestCastNested" methodname="TestCastNested" classname="Kaitai.SpecCastNested" runstate="Runnable" seed="674739095" result="Passed" start-time="2020-03-30 15:00:14Z" end-time="2020-03-30 15:00:14Z" duration="0.005618" asserts="4" />
      </test-suite>
      <test-suite type="TestFixture" id="0-1016" name="SpecCastToImported" fullname="Kaitai.SpecCastToImported" classname="Kaitai.SpecCastToImported" runstate="Runnable" testcasecount="1" result="Passed" start-time="2020-03-30 15:00:14Z" end-time="2020-03-30 15:00:14Z" duration="0.009612" total="1" passed="1" failed="0" inconclusive="0" skipped="0" asserts="2">
        <test-case id="0-1017" name="TestCastToImported" fullname="Kaitai.SpecCastToImported.TestCastToImported" methodname="TestCastToImported" classname="Kaitai.SpecCastToImported" runstate="Runnable" seed="1727761499" result="Passed" start-time="2020-03-30 15:00:14Z" end-time="2020-03-30 15:00:14Z" duration="0.002409" asserts="2" />
      </test-suite>
      <test-suite type="TestFixture" id="0-1018" name="SpecCastToTop" fullname="Kaitai.SpecCastToTop" classname="Kaitai.SpecCastToTop" runstate="Runnable" testcasecount="1" result="Passed" start-time="2020-03-30 15:00:14Z" end-time="2020-03-30 15:00:14Z" duration="0.006017" total="1" passed="1" failed="0" inconclusive="0" skipped="0" asserts="3">
        <test-case id="0-1019" name="TestCastToTop" fullname="Kaitai.SpecCastToTop.TestCastToTop" methodname="TestCastToTop" classname="Kaitai.SpecCastToTop" runstate="Runnable" seed="881884456" result="Passed" start-time="2020-03-30 15:00:14Z" end-time="2020-03-30 15:00:14Z" duration="0.002118" asserts="3" />
      </test-suite>
      <test-suite type="TestFixture" id="0-1020" name="SpecDebug0" fullname="Kaitai.SpecDebug0" classname="Kaitai.SpecDebug0" runstate="Runnable" testcasecount="1" result="Passed" start-time="2020-03-30 15:00:14Z" end-time="2020-03-30 15:00:14Z" duration="0.004948" total="1" passed="1" failed="0" inconclusive="0" skipped="0" asserts="0">
        <test-case id="0-1021" name="TestDebug0" fullname="Kaitai.SpecDebug0.TestDebug0" methodname="TestDebug0" classname="Kaitai.SpecDebug0" runstate="Runnable" seed="519400439" result="Passed" start-time="2020-03-30 15:00:14Z" end-time="2020-03-30 15:00:14Z" duration="0.000242" asserts="0" />
      </test-suite>
      <test-suite type="TestFixture" id="0-1022" name="SpecDebugArrayUser" fullname="Kaitai.SpecDebugArrayUser" classname="Kaitai.SpecDebugArrayUser" runstate="Runnable" testcasecount="1" result="Passed" start-time="2020-03-30 15:00:14Z" end-time="2020-03-30 15:00:14Z" duration="0.006988" total="1" passed="1" failed="0" inconclusive="0" skipped="0" asserts="4">
        <test-case id="0-1023" name="TestDebugArrayUser" fullname="Kaitai.SpecDebugArrayUser.TestDebugArrayUser" methodname="TestDebugArrayUser" classname="Kaitai.SpecDebugArrayUser" runstate="Runnable" seed="1771152687" result="Passed" start-time="2020-03-30 15:00:14Z" end-time="2020-03-30 15:00:14Z" duration="0.003180" asserts="4" />
      </test-suite>
      <test-suite type="TestFixture" id="0-1024" name="SpecDebugEnumName" fullname="Kaitai.SpecDebugEnumName" classname="Kaitai.SpecDebugEnumName" runstate="Runnable" testcasecount="1" result="Passed" start-time="2020-03-30 15:00:14Z" end-time="2020-03-30 15:00:14Z" duration="0.004348" total="1" passed="1" failed="0" inconclusive="0" skipped="0" asserts="0">
        <test-case id="0-1025" name="TestDebugEnumName" fullname="Kaitai.SpecDebugEnumName.TestDebugEnumName" methodname="TestDebugEnumName" classname="Kaitai.SpecDebugEnumName" runstate="Runnable" seed="246003274" result="Passed" start-time="2020-03-30 15:00:14Z" end-time="2020-03-30 15:00:14Z" duration="0.000179" asserts="0" />
      </test-suite>
      <test-suite type="TestFixture" id="0-1026" name="SpecDebugSwitchUser" fullname="Kaitai.SpecDebugSwitchUser" classname="Kaitai.SpecDebugSwitchUser" runstate="Runnable" testcasecount="1" result="Passed" start-time="2020-03-30 15:00:14Z" end-time="2020-03-30 15:00:14Z" duration="0.006095" total="1" passed="1" failed="0" inconclusive="0" skipped="0" asserts="2">
        <test-case id="0-1027" name="TestDebugSwitchUser" fullname="Kaitai.SpecDebugSwitchUser.TestDebugSwitchUser" methodname="TestDebugSwitchUser" classname="Kaitai.SpecDebugSwitchUser" runstate="Runnable" seed="894627308" result="Passed" start-time="2020-03-30 15:00:14Z" end-time="2020-03-30 15:00:14Z" duration="0.002228" asserts="2" />
      </test-suite>
      <test-suite type="TestFixture" id="0-1028" name="SpecDefaultBigEndian" fullname="Kaitai.SpecDefaultBigEndian" classname="Kaitai.SpecDefaultBigEndian" runstate="Runnable" testcasecount="1" result="Passed" start-time="2020-03-30 15:00:14Z" end-time="2020-03-30 15:00:14Z" duration="0.004641" total="1" passed="1" failed="0" inconclusive="0" skipped="0" asserts="1">
        <test-case id="0-1029" name="TestDefaultBigEndian" fullname="Kaitai.SpecDefaultBigEndian.TestDefaultBigEndian" methodname="TestDefaultBigEndian" classname="Kaitai.SpecDefaultBigEndian" runstate="Runnable" seed="1938067902" result="Passed" start-time="2020-03-30 15:00:14Z" end-time="2020-03-30 15:00:14Z" duration="0.001696" asserts="1" />
      </test-suite>
      <test-suite type="TestFixture" id="0-1030" name="SpecDefaultEndianExprException" fullname="Kaitai.SpecDefaultEndianExprException" classname="Kaitai.SpecDefaultEndianExprException" runstate="Runnable" testcasecount="1" result="Passed" start-time="2020-03-30 15:00:14Z" end-time="2020-03-30 15:00:15Z" duration="0.023024" total="1" passed="1" failed="0" inconclusive="0" skipped="0" asserts="1">
        <test-case id="0-1031" name="TestDefaultEndianExprException" fullname="Kaitai.SpecDefaultEndianExprException.TestDefaultEndianExprException" methodname="TestDefaultEndianExprException" classname="Kaitai.SpecDefaultEndianExprException" runstate="Runnable" seed="1967914796" result="Passed" start-time="2020-03-30 15:00:14Z" end-time="2020-03-30 15:00:15Z" duration="0.019462" asserts="1" />
      </test-suite>
      <test-suite type="TestFixture" id="0-1032" name="SpecDefaultEndianExprInherited" fullname="Kaitai.SpecDefaultEndianExprInherited" classname="Kaitai.SpecDefaultEndianExprInherited" runstate="Runnable" testcasecount="1" result="Passed" start-time="2020-03-30 15:00:15Z" end-time="2020-03-30 15:00:15Z" duration="0.019005" total="1" passed="1" failed="0" inconclusive="0" skipped="0" asserts="15">
        <test-case id="0-1033" name="TestDefaultEndianExprInherited" fullname="Kaitai.SpecDefaultEndianExprInherited.TestDefaultEndianExprInherited" methodname="TestDefaultEndianExprInherited" classname="Kaitai.SpecDefaultEndianExprInherited" runstate="Runnable" seed="329218676" result="Passed" start-time="2020-03-30 15:00:15Z" end-time="2020-03-30 15:00:15Z" duration="0.015390" asserts="15" />
      </test-suite>
      <test-suite type="TestFixture" id="0-1034" name="SpecDefaultEndianExprIsBe" fullname="Kaitai.SpecDefaultEndianExprIsBe" classname="Kaitai.SpecDefaultEndianExprIsBe" runstate="Runnable" testcasecount="1" result="Passed" start-time="2020-03-30 15:00:15Z" end-time="2020-03-30 15:00:15Z" duration="0.009454" total="1" passed="1" failed="0" inconclusive="0" skipped="0" asserts="18">
        <test-case id="0-1035" name="TestDefaultEndianExprIsBe" fullname="Kaitai.SpecDefaultEndianExprIsBe.TestDefaultEndianExprIsBe" methodname="TestDefaultEndianExprIsBe" classname="Kaitai.SpecDefaultEndianExprIsBe" runstate="Runnable" seed="1654414775" result="Passed" start-time="2020-03-30 15:00:15Z" end-time="2020-03-30 15:00:15Z" duration="0.005644" asserts="18" />
      </test-suite>
      <test-suite type="TestFixture" id="0-1036" name="SpecDefaultEndianExprIsLe" fullname="Kaitai.SpecDefaultEndianExprIsLe" classname="Kaitai.SpecDefaultEndianExprIsLe" runstate="Runnable" testcasecount="1" result="Passed" start-time="2020-03-30 15:00:15Z" end-time="2020-03-30 15:00:15Z" duration="0.016262" total="1" passed="1" failed="0" inconclusive="0" skipped="0" asserts="12">
        <test-case id="0-1037" name="TestDefaultEndianExprIsLe" fullname="Kaitai.SpecDefaultEndianExprIsLe.TestDefaultEndianExprIsLe" methodname="TestDefaultEndianExprIsLe" classname="Kaitai.SpecDefaultEndianExprIsLe" runstate="Runnable" seed="939533000" result="Passed" start-time="2020-03-30 15:00:15Z" end-time="2020-03-30 15:00:15Z" duration="0.012069" asserts="12" />
      </test-suite>
      <test-suite type="TestFixture" id="0-1038" name="SpecDefaultEndianMod" fullname="Kaitai.SpecDefaultEndianMod" classname="Kaitai.SpecDefaultEndianMod" runstate="Runnable" testcasecount="1" result="Passed" start-time="2020-03-30 15:00:15Z" end-time="2020-03-30 15:00:15Z" duration="0.007204" total="1" passed="1" failed="0" inconclusive="0" skipped="0" asserts="3">
        <test-case id="0-1039" name="TestDefaultEndianMod" fullname="Kaitai.SpecDefaultEndianMod.TestDefaultEndianMod" methodname="TestDefaultEndianMod" classname="Kaitai.SpecDefaultEndianMod" runstate="Runnable" seed="1866374769" result="Passed" start-time="2020-03-30 15:00:15Z" end-time="2020-03-30 15:00:15Z" duration="0.003306" asserts="3" />
      </test-suite>
      <test-suite type="TestFixture" id="0-1040" name="SpecDocstrings" fullname="Kaitai.SpecDocstrings" classname="Kaitai.SpecDocstrings" runstate="Runnable" testcasecount="1" result="Passed" start-time="2020-03-30 15:00:15Z" end-time="2020-03-30 15:00:15Z" duration="0.003900" total="1" passed="1" failed="0" inconclusive="0" skipped="0" asserts="0">
        <test-case id="0-1041" name="TestDocstrings" fullname="Kaitai.SpecDocstrings.TestDocstrings" methodname="TestDocstrings" classname="Kaitai.SpecDocstrings" runstate="Runnable" seed="1095512053" result="Passed" start-time="2020-03-30 15:00:15Z" end-time="2020-03-30 15:00:15Z" duration="0.000904" asserts="0" />
      </test-suite>
      <test-suite type="TestFixture" id="0-1042" name="SpecDocstringsDocref" fullname="Kaitai.SpecDocstringsDocref" classname="Kaitai.SpecDocstringsDocref" runstate="Runnable" testcasecount="1" result="Passed" start-time="2020-03-30 15:00:15Z" end-time="2020-03-30 15:00:15Z" duration="0.005011" total="1" passed="1" failed="0" inconclusive="0" skipped="0" asserts="0">
        <test-case id="0-1043" name="TestDocstringsDocref" fullname="Kaitai.SpecDocstringsDocref.TestDocstringsDocref" methodname="TestDocstringsDocref" classname="Kaitai.SpecDocstringsDocref" runstate="Runnable" seed="1297263975" result="Passed" start-time="2020-03-30 15:00:15Z" end-time="2020-03-30 15:00:15Z" duration="0.001061" asserts="0" />
      </test-suite>
      <test-suite type="TestFixture" id="0-1044" name="SpecDocstringsDocrefMulti" fullname="Kaitai.SpecDocstringsDocrefMulti" classname="Kaitai.SpecDocstringsDocrefMulti" runstate="Runnable" testcasecount="1" result="Passed" start-time="2020-03-30 15:00:15Z" end-time="2020-03-30 15:00:15Z" duration="0.012118" total="1" passed="1" failed="0" inconclusive="0" skipped="0" asserts="0">
        <test-case id="0-1045" name="TestDocstringsDocrefMulti" fullname="Kaitai.SpecDocstringsDocrefMulti.TestDocstringsDocrefMulti" methodname="TestDocstringsDocrefMulti" classname="Kaitai.SpecDocstringsDocrefMulti" runstate="Runnable" seed="1107454538" result="Passed" start-time="2020-03-30 15:00:15Z" end-time="2020-03-30 15:00:15Z" duration="0.008181" asserts="0" />
      </test-suite>
      <test-suite type="TestFixture" id="0-1046" name="SpecEnum0" fullname="Kaitai.SpecEnum0" classname="Kaitai.SpecEnum0" runstate="Runnable" testcasecount="1" result="Passed" start-time="2020-03-30 15:00:15Z" end-time="2020-03-30 15:00:15Z" duration="0.014024" total="1" passed="1" failed="0" inconclusive="0" skipped="0" asserts="2">
        <test-case id="0-1047" name="TestEnum0" fullname="Kaitai.SpecEnum0.TestEnum0" methodname="TestEnum0" classname="Kaitai.SpecEnum0" runstate="Runnable" seed="1255934903" result="Passed" start-time="2020-03-30 15:00:15Z" end-time="2020-03-30 15:00:15Z" duration="0.010240" asserts="2" />
      </test-suite>
      <test-suite type="TestFixture" id="0-1048" name="SpecEnum1" fullname="Kaitai.SpecEnum1" classname="Kaitai.SpecEnum1" runstate="Runnable" testcasecount="1" result="Passed" start-time="2020-03-30 15:00:15Z" end-time="2020-03-30 15:00:15Z" duration="0.006253" total="1" passed="1" failed="0" inconclusive="0" skipped="0" asserts="2">
        <test-case id="0-1049" name="TestEnum1" fullname="Kaitai.SpecEnum1.TestEnum1" methodname="TestEnum1" classname="Kaitai.SpecEnum1" runstate="Runnable" seed="452309505" result="Passed" start-time="2020-03-30 15:00:15Z" end-time="2020-03-30 15:00:15Z" duration="0.002045" asserts="2" />
      </test-suite>
      <test-suite type="TestFixture" id="0-1050" name="SpecEnumDeep" fullname="Kaitai.SpecEnumDeep" classname="Kaitai.SpecEnumDeep" runstate="Runnable" testcasecount="1" result="Passed" start-time="2020-03-30 15:00:15Z" end-time="2020-03-30 15:00:15Z" duration="0.007015" total="1" passed="1" failed="0" inconclusive="0" skipped="0" asserts="2">
        <test-case id="0-1051" name="TestEnumDeep" fullname="Kaitai.SpecEnumDeep.TestEnumDeep" methodname="TestEnumDeep" classname="Kaitai.SpecEnumDeep" runstate="Runnable" seed="482611415" result="Passed" start-time="2020-03-30 15:00:15Z" end-time="2020-03-30 15:00:15Z" duration="0.001478" asserts="2" />
      </test-suite>
      <test-suite type="TestFixture" id="0-1052" name="SpecEnumDeepLiterals" fullname="Kaitai.SpecEnumDeepLiterals" classname="Kaitai.SpecEnumDeepLiterals" runstate="Runnable" testcasecount="1" result="Passed" start-time="2020-03-30 15:00:15Z" end-time="2020-03-30 15:00:15Z" duration="0.007628" total="1" passed="1" failed="0" inconclusive="0" skipped="0" asserts="2">
        <test-case id="0-1053" name="TestEnumDeepLiterals" fullname="Kaitai.SpecEnumDeepLiterals.TestEnumDeepLiterals" methodname="TestEnumDeepLiterals" classname="Kaitai.SpecEnumDeepLiterals" runstate="Runnable" seed="832802677" result="Passed" start-time="2020-03-30 15:00:15Z" end-time="2020-03-30 15:00:15Z" duration="0.001772" asserts="2" />
      </test-suite>
      <test-suite type="TestFixture" id="0-1054" name="SpecEnumFancy" fullname="Kaitai.SpecEnumFancy" classname="Kaitai.SpecEnumFancy" runstate="Runnable" testcasecount="1" result="Passed" start-time="2020-03-30 15:00:15Z" end-time="2020-03-30 15:00:15Z" duration="0.005026" total="1" passed="1" failed="0" inconclusive="0" skipped="0" asserts="2">
        <test-case id="0-1055" name="TestEnumFancy" fullname="Kaitai.SpecEnumFancy.TestEnumFancy" methodname="TestEnumFancy" classname="Kaitai.SpecEnumFancy" runstate="Runnable" seed="2054807895" result="Passed" start-time="2020-03-30 15:00:15Z" end-time="2020-03-30 15:00:15Z" duration="0.001250" asserts="2" />
      </test-suite>
      <test-suite type="TestFixture" id="0-1056" name="SpecEnumForUnknownId" fullname="Kaitai.SpecEnumForUnknownId" classname="Kaitai.SpecEnumForUnknownId" runstate="Runnable" testcasecount="1" result="Passed" start-time="2020-03-30 15:00:15Z" end-time="2020-03-30 15:00:15Z" duration="0.008416" total="1" passed="1" failed="0" inconclusive="0" skipped="0" asserts="1">
        <test-case id="0-1057" name="TestEnumForUnknownId" fullname="Kaitai.SpecEnumForUnknownId.TestEnumForUnknownId" methodname="TestEnumForUnknownId" classname="Kaitai.SpecEnumForUnknownId" runstate="Runnable" seed="1312572053" result="Passed" start-time="2020-03-30 15:00:15Z" end-time="2020-03-30 15:00:15Z" duration="0.001226" asserts="1" />
      </test-suite>
      <test-suite type="TestFixture" id="0-1058" name="SpecEnumIf" fullname="Kaitai.SpecEnumIf" classname="Kaitai.SpecEnumIf" runstate="Runnable" testcasecount="1" result="Passed" start-time="2020-03-30 15:00:15Z" end-time="2020-03-30 15:00:15Z" duration="0.008272" total="1" passed="1" failed="0" inconclusive="0" skipped="0" asserts="7">
        <test-case id="0-1059" name="TestEnumIf" fullname="Kaitai.SpecEnumIf.TestEnumIf" methodname="TestEnumIf" classname="Kaitai.SpecEnumIf" runstate="Runnable" seed="1059731411" result="Passed" start-time="2020-03-30 15:00:15Z" end-time="2020-03-30 15:00:15Z" duration="0.004275" asserts="7" />
      </test-suite>
      <test-suite type="TestFixture" id="0-1060" name="SpecEnumImport" fullname="Kaitai.SpecEnumImport" classname="Kaitai.SpecEnumImport" runstate="Runnable" testcasecount="1" result="Passed" start-time="2020-03-30 15:00:15Z" end-time="2020-03-30 15:00:15Z" duration="0.005933" total="1" passed="1" failed="0" inconclusive="0" skipped="0" asserts="2">
        <test-case id="0-1061" name="TestEnumImport" fullname="Kaitai.SpecEnumImport.TestEnumImport" methodname="TestEnumImport" classname="Kaitai.SpecEnumImport" runstate="Runnable" seed="1956861299" result="Passed" start-time="2020-03-30 15:00:15Z" end-time="2020-03-30 15:00:15Z" duration="0.002121" asserts="2" />
      </test-suite>
      <test-suite type="TestFixture" id="0-1062" name="SpecEnumIntRangeS" fullname="Kaitai.SpecEnumIntRangeS" classname="Kaitai.SpecEnumIntRangeS" runstate="Runnable" testcasecount="1" result="Passed" start-time="2020-03-30 15:00:15Z" end-time="2020-03-30 15:00:15Z" duration="0.005094" total="1" passed="1" failed="0" inconclusive="0" skipped="0" asserts="3">
        <test-case id="0-1063" name="TestEnumIntRangeS" fullname="Kaitai.SpecEnumIntRangeS.TestEnumIntRangeS" methodname="TestEnumIntRangeS" classname="Kaitai.SpecEnumIntRangeS" runstate="Runnable" seed="1080032352" result="Passed" start-time="2020-03-30 15:00:15Z" end-time="2020-03-30 15:00:15Z" duration="0.001615" asserts="3" />
      </test-suite>
      <test-suite type="TestFixture" id="0-1064" name="SpecEnumNegative" fullname="Kaitai.SpecEnumNegative" classname="Kaitai.SpecEnumNegative" runstate="Runnable" testcasecount="1" result="Passed" start-time="2020-03-30 15:00:15Z" end-time="2020-03-30 15:00:15Z" duration="0.005041" total="1" passed="1" failed="0" inconclusive="0" skipped="0" asserts="2">
        <test-case id="0-1065" name="TestEnumNegative" fullname="Kaitai.SpecEnumNegative.TestEnumNegative" methodname="TestEnumNegative" classname="Kaitai.SpecEnumNegative" runstate="Runnable" seed="2069241522" result="Passed" start-time="2020-03-30 15:00:15Z" end-time="2020-03-30 15:00:15Z" duration="0.001441" asserts="2" />
      </test-suite>
      <test-suite type="TestFixture" id="0-1066" name="SpecEnumOfValueInst" fullname="Kaitai.SpecEnumOfValueInst" classname="Kaitai.SpecEnumOfValueInst" runstate="Runnable" testcasecount="1" result="Passed" start-time="2020-03-30 15:00:15Z" end-time="2020-03-30 15:00:15Z" duration="0.004963" total="1" passed="1" failed="0" inconclusive="0" skipped="0" asserts="4">
        <test-case id="0-1067" name="TestEnumOfValueInst" fullname="Kaitai.SpecEnumOfValueInst.TestEnumOfValueInst" methodname="TestEnumOfValueInst" classname="Kaitai.SpecEnumOfValueInst" runstate="Runnable" seed="17336482" result="Passed" start-time="2020-03-30 15:00:15Z" end-time="2020-03-30 15:00:15Z" duration="0.001864" asserts="4" />
      </test-suite>
      <test-suite type="TestFixture" id="0-1068" name="SpecEnumToI" fullname="Kaitai.SpecEnumToI" classname="Kaitai.SpecEnumToI" runstate="Runnable" testcasecount="1" result="Passed" start-time="2020-03-30 15:00:15Z" end-time="2020-03-30 15:00:15Z" duration="0.007031" total="1" passed="1" failed="0" inconclusive="0" skipped="0" asserts="5">
        <test-case id="0-1069" name="TestEnumToI" fullname="Kaitai.SpecEnumToI.TestEnumToI" methodname="TestEnumToI" classname="Kaitai.SpecEnumToI" runstate="Runnable" seed="216199168" result="Passed" start-time="2020-03-30 15:00:15Z" end-time="2020-03-30 15:00:15Z" duration="0.003147" asserts="5" />
      </test-suite>
      <test-suite type="TestFixture" id="0-1070" name="SpecEofExceptionBytes" fullname="Kaitai.SpecEofExceptionBytes" classname="Kaitai.SpecEofExceptionBytes" runstate="Runnable" testcasecount="1" result="Passed" start-time="2020-03-30 15:00:15Z" end-time="2020-03-30 15:00:15Z" duration="0.012016" total="1" passed="1" failed="0" inconclusive="0" skipped="0" asserts="1">
        <test-case id="0-1071" name="TestEofExceptionBytes" fullname="Kaitai.SpecEofExceptionBytes.TestEofExceptionBytes" methodname="TestEofExceptionBytes" classname="Kaitai.SpecEofExceptionBytes" runstate="Runnable" seed="845348248" result="Passed" start-time="2020-03-30 15:00:15Z" end-time="2020-03-30 15:00:15Z" duration="0.008043" asserts="1" />
      </test-suite>
      <test-suite type="TestFixture" id="0-1072" name="SpecEofExceptionU4" fullname="Kaitai.SpecEofExceptionU4" classname="Kaitai.SpecEofExceptionU4" runstate="Runnable" testcasecount="1" result="Passed" start-time="2020-03-30 15:00:15Z" end-time="2020-03-30 15:00:15Z" duration="0.004862" total="1" passed="1" failed="0" inconclusive="0" skipped="0" asserts="1">
        <test-case id="0-1073" name="TestEofExceptionU4" fullname="Kaitai.SpecEofExceptionU4.TestEofExceptionU4" methodname="TestEofExceptionU4" classname="Kaitai.SpecEofExceptionU4" runstate="Runnable" seed="588056804" result="Passed" start-time="2020-03-30 15:00:15Z" end-time="2020-03-30 15:00:15Z" duration="0.001452" asserts="1" />
      </test-suite>
      <test-suite type="TestFixture" id="0-1074" name="SpecEosExceptionBytes" fullname="Kaitai.SpecEosExceptionBytes" classname="Kaitai.SpecEosExceptionBytes" runstate="Runnable" testcasecount="1" result="Passed" start-time="2020-03-30 15:00:15Z" end-time="2020-03-30 15:00:15Z" duration="0.005080" total="1" passed="1" failed="0" inconclusive="0" skipped="0" asserts="1">
        <test-case id="0-1075" name="TestEosExceptionBytes" fullname="Kaitai.SpecEosExceptionBytes.TestEosExceptionBytes" methodname="TestEosExceptionBytes" classname="Kaitai.SpecEosExceptionBytes" runstate="Runnable" seed="2015956738" result="Passed" start-time="2020-03-30 15:00:15Z" end-time="2020-03-30 15:00:15Z" duration="0.001637" asserts="1" />
      </test-suite>
      <test-suite type="TestFixture" id="0-1076" name="SpecEosExceptionU4" fullname="Kaitai.SpecEosExceptionU4" classname="Kaitai.SpecEosExceptionU4" runstate="Runnable" testcasecount="1" result="Passed" start-time="2020-03-30 15:00:15Z" end-time="2020-03-30 15:00:15Z" duration="0.005016" total="1" passed="1" failed="0" inconclusive="0" skipped="0" asserts="1">
        <test-case id="0-1077" name="TestEosExceptionU4" fullname="Kaitai.SpecEosExceptionU4.TestEosExceptionU4" methodname="TestEosExceptionU4" classname="Kaitai.SpecEosExceptionU4" runstate="Runnable" seed="5948628" result="Passed" start-time="2020-03-30 15:00:15Z" end-time="2020-03-30 15:00:15Z" duration="0.001950" asserts="1" />
      </test-suite>
      <test-suite type="TestFixture" id="0-1078" name="SpecExpr0" fullname="Kaitai.SpecExpr0" classname="Kaitai.SpecExpr0" runstate="Runnable" testcasecount="1" result="Passed" start-time="2020-03-30 15:00:15Z" end-time="2020-03-30 15:00:15Z" duration="0.005068" total="1" passed="1" failed="0" inconclusive="0" skipped="0" asserts="2">
        <test-case id="0-1079" name="TestExpr0" fullname="Kaitai.SpecExpr0.TestExpr0" methodname="TestExpr0" classname="Kaitai.SpecExpr0" runstate="Runnable" seed="778283008" result="Passed" start-time="2020-03-30 15:00:15Z" end-time="2020-03-30 15:00:15Z" duration="0.001239" asserts="2" />
      </test-suite>
      <test-suite type="TestFixture" id="0-1080" name="SpecExpr1" fullname="Kaitai.SpecExpr1" classname="Kaitai.SpecExpr1" runstate="Runnable" testcasecount="1" result="Passed" start-time="2020-03-30 15:00:15Z" end-time="2020-03-30 15:00:15Z" duration="0.012670" total="1" passed="1" failed="0" inconclusive="0" skipped="0" asserts="4">
        <test-case id="0-1081" name="TestExpr1" fullname="Kaitai.SpecExpr1.TestExpr1" methodname="TestExpr1" classname="Kaitai.SpecExpr1" runstate="Runnable" seed="1187696804" result="Passed" start-time="2020-03-30 15:00:15Z" end-time="2020-03-30 15:00:15Z" duration="0.001828" asserts="4" />
      </test-suite>
      <test-suite type="TestFixture" id="0-1082" name="SpecExpr2" fullname="Kaitai.SpecExpr2" classname="Kaitai.SpecExpr2" runstate="Runnable" testcasecount="1" result="Passed" start-time="2020-03-30 15:00:15Z" end-time="2020-03-30 15:00:15Z" duration="0.010262" total="1" passed="1" failed="0" inconclusive="0" skipped="0" asserts="17">
        <test-case id="0-1083" name="TestExpr2" fullname="Kaitai.SpecExpr2.TestExpr2" methodname="TestExpr2" classname="Kaitai.SpecExpr2" runstate="Runnable" seed="1846613875" result="Passed" start-time="2020-03-30 15:00:15Z" end-time="2020-03-30 15:00:15Z" duration="0.004322" asserts="17" />
      </test-suite>
      <test-suite type="TestFixture" id="0-1084" name="SpecExpr3" fullname="Kaitai.SpecExpr3" classname="Kaitai.SpecExpr3" runstate="Runnable" testcasecount="1" result="Passed" start-time="2020-03-30 15:00:15Z" end-time="2020-03-30 15:00:15Z" duration="0.008018" total="1" passed="1" failed="0" inconclusive="0" skipped="0" asserts="12">
        <test-case id="0-1085" name="TestExpr3" fullname="Kaitai.SpecExpr3.TestExpr3" methodname="TestExpr3" classname="Kaitai.SpecExpr3" runstate="Runnable" seed="1612640040" result="Passed" start-time="2020-03-30 15:00:15Z" end-time="2020-03-30 15:00:15Z" duration="0.004123" asserts="12" />
      </test-suite>
      <test-suite type="TestFixture" id="0-1086" name="SpecExprArray" fullname="Kaitai.SpecExprArray" classname="Kaitai.SpecExprArray" runstate="Runnable" testcasecount="1" result="Passed" start-time="2020-03-30 15:00:15Z" end-time="2020-03-30 15:00:15Z" duration="0.024067" total="1" passed="1" failed="0" inconclusive="0" skipped="0" asserts="15">
        <test-case id="0-1087" name="TestExprArray" fullname="Kaitai.SpecExprArray.TestExprArray" methodname="TestExprArray" classname="Kaitai.SpecExprArray" runstate="Runnable" seed="1074369215" result="Passed" start-time="2020-03-30 15:00:15Z" end-time="2020-03-30 15:00:15Z" duration="0.020808" asserts="15" />
      </test-suite>
      <test-suite type="TestFixture" id="0-1088" name="SpecExprBytesCmp" fullname="Kaitai.SpecExprBytesCmp" classname="Kaitai.SpecExprBytesCmp" runstate="Runnable" testcasecount="1" result="Passed" start-time="2020-03-30 15:00:15Z" end-time="2020-03-30 15:00:15Z" duration="0.008036" total="1" passed="1" failed="0" inconclusive="0" skipped="0" asserts="10">
        <test-case id="0-1089" name="TestExprBytesCmp" fullname="Kaitai.SpecExprBytesCmp.TestExprBytesCmp" methodname="TestExprBytesCmp" classname="Kaitai.SpecExprBytesCmp" runstate="Runnable" seed="1980717794" result="Passed" start-time="2020-03-30 15:00:15Z" end-time="2020-03-30 15:00:15Z" duration="0.004848" asserts="10" />
      </test-suite>
      <test-suite type="TestFixture" id="0-1090" name="SpecExprBytesOps" fullname="Kaitai.SpecExprBytesOps" classname="Kaitai.SpecExprBytesOps" runstate="Runnable" testcasecount="1" result="Passed" start-time="2020-03-30 15:00:15Z" end-time="2020-03-30 15:00:15Z" duration="0.009947" total="1" passed="1" failed="0" inconclusive="0" skipped="0" asserts="12">
        <test-case id="0-1091" name="TestExprBytesOps" fullname="Kaitai.SpecExprBytesOps.TestExprBytesOps" methodname="TestExprBytesOps" classname="Kaitai.SpecExprBytesOps" runstate="Runnable" seed="1233175770" result="Passed" start-time="2020-03-30 15:00:15Z" end-time="2020-03-30 15:00:15Z" duration="0.006567" asserts="12" />
      </test-suite>
      <test-suite type="TestFixture" id="0-1092" name="SpecExprCalcArrayOps" fullname="Kaitai.SpecExprCalcArrayOps" classname="Kaitai.SpecExprCalcArrayOps" runstate="Runnable" testcasecount="1" result="Passed" start-time="2020-03-30 15:00:15Z" end-time="2020-03-30 15:00:15Z" duration="0.016011" total="1" passed="1" failed="0" inconclusive="0" skipped="0" asserts="18">
        <test-case id="0-1093" name="TestExprCalcArrayOps" fullname="Kaitai.SpecExprCalcArrayOps.TestExprCalcArrayOps" methodname="TestExprCalcArrayOps" classname="Kaitai.SpecExprCalcArrayOps" runstate="Runnable" seed="404697648" result="Passed" start-time="2020-03-30 15:00:15Z" end-time="2020-03-30 15:00:15Z" duration="0.010222" asserts="18" />
      </test-suite>
      <test-suite type="TestFixture" id="0-1094" name="SpecExprEnum" fullname="Kaitai.SpecExprEnum" classname="Kaitai.SpecExprEnum" runstate="Runnable" testcasecount="1" result="Passed" start-time="2020-03-30 15:00:15Z" end-time="2020-03-30 15:00:15Z" duration="0.004987" total="1" passed="1" failed="0" inconclusive="0" skipped="0" asserts="3">
        <test-case id="0-1095" name="TestExprEnum" fullname="Kaitai.SpecExprEnum.TestExprEnum" methodname="TestExprEnum" classname="Kaitai.SpecExprEnum" runstate="Runnable" seed="1168320084" result="Passed" start-time="2020-03-30 15:00:15Z" end-time="2020-03-30 15:00:15Z" duration="0.001720" asserts="3" />
      </test-suite>
      <test-suite type="TestFixture" id="0-1096" name="SpecExprIoEof" fullname="Kaitai.SpecExprIoEof" classname="Kaitai.SpecExprIoEof" runstate="Runnable" testcasecount="1" result="Passed" start-time="2020-03-30 15:00:15Z" end-time="2020-03-30 15:00:15Z" duration="0.007011" total="1" passed="1" failed="0" inconclusive="0" skipped="0" asserts="4">
        <test-case id="0-1097" name="TestExprIoEof" fullname="Kaitai.SpecExprIoEof.TestExprIoEof" methodname="TestExprIoEof" classname="Kaitai.SpecExprIoEof" runstate="Runnable" seed="2033884017" result="Passed" start-time="2020-03-30 15:00:15Z" end-time="2020-03-30 15:00:15Z" duration="0.003250" asserts="4" />
      </test-suite>
      <test-suite type="TestFixture" id="0-1098" name="SpecExprIoPos" fullname="Kaitai.SpecExprIoPos" classname="Kaitai.SpecExprIoPos" runstate="Runnable" testcasecount="1" result="Passed" start-time="2020-03-30 15:00:15Z" end-time="2020-03-30 15:00:15Z" duration="0.007085" total="1" passed="1" failed="0" inconclusive="0" skipped="0" asserts="6">
        <test-case id="0-1099" name="TestExprIoPos" fullname="Kaitai.SpecExprIoPos.TestExprIoPos" methodname="TestExprIoPos" classname="Kaitai.SpecExprIoPos" runstate="Runnable" seed="473218118" result="Passed" start-time="2020-03-30 15:00:15Z" end-time="2020-03-30 15:00:15Z" duration="0.003596" asserts="6" />
      </test-suite>
      <test-suite type="TestFixture" id="0-1100" name="SpecExprMod" fullname="Kaitai.SpecExprMod" classname="Kaitai.SpecExprMod" runstate="Runnable" testcasecount="1" result="Passed" start-time="2020-03-30 15:00:15Z" end-time="2020-03-30 15:00:15Z" duration="0.006010" total="1" passed="1" failed="0" inconclusive="0" skipped="0" asserts="6">
        <test-case id="0-1101" name="TestExprMod" fullname="Kaitai.SpecExprMod.TestExprMod" methodname="TestExprMod" classname="Kaitai.SpecExprMod" runstate="Runnable" seed="1034791710" result="Passed" start-time="2020-03-30 15:00:15Z" end-time="2020-03-30 15:00:15Z" duration="0.002735" asserts="6" />
      </test-suite>
      <test-suite type="TestFixture" id="0-1102" name="SpecExprSizeofType0" fullname="Kaitai.SpecExprSizeofType0" classname="Kaitai.SpecExprSizeofType0" runstate="Runnable" testcasecount="1" result="Passed" start-time="2020-03-30 15:00:15Z" end-time="2020-03-30 15:00:15Z" duration="0.005323" total="1" passed="1" failed="0" inconclusive="0" skipped="0" asserts="1">
        <test-case id="0-1103" name="TestExprSizeofType0" fullname="Kaitai.SpecExprSizeofType0.TestExprSizeofType0" methodname="TestExprSizeofType0" classname="Kaitai.SpecExprSizeofType0" runstate="Runnable" seed="1920443491" result="Passed" start-time="2020-03-30 15:00:15Z" end-time="2020-03-30 15:00:15Z" duration="0.002114" asserts="1" />
      </test-suite>
      <test-suite type="TestFixture" id="0-1104" name="SpecExprSizeofType1" fullname="Kaitai.SpecExprSizeofType1" classname="Kaitai.SpecExprSizeofType1" runstate="Runnable" testcasecount="1" result="Passed" start-time="2020-03-30 15:00:15Z" end-time="2020-03-30 15:00:15Z" duration="0.006026" total="1" passed="1" failed="0" inconclusive="0" skipped="0" asserts="2">
        <test-case id="0-1105" name="TestExprSizeofType1" fullname="Kaitai.SpecExprSizeofType1.TestExprSizeofType1" methodname="TestExprSizeofType1" classname="Kaitai.SpecExprSizeofType1" runstate="Runnable" seed="104137726" result="Passed" start-time="2020-03-30 15:00:15Z" end-time="2020-03-30 15:00:15Z" duration="0.002121" asserts="2" />
      </test-suite>
      <test-suite type="TestFixture" id="0-1106" name="SpecExprSizeofValue0" fullname="Kaitai.SpecExprSizeofValue0" classname="Kaitai.SpecExprSizeofValue0" runstate="Runnable" testcasecount="1" result="Passed" start-time="2020-03-30 15:00:15Z" end-time="2020-03-30 15:00:15Z" duration="0.006022" total="1" passed="1" failed="0" inconclusive="0" skipped="0" asserts="5">
        <test-case id="0-1107" name="TestExprSizeofValue0" fullname="Kaitai.SpecExprSizeofValue0.TestExprSizeofValue0" methodname="TestExprSizeofValue0" classname="Kaitai.SpecExprSizeofValue0" runstate="Runnable" seed="492686481" result="Passed" start-time="2020-03-30 15:00:15Z" end-time="2020-03-30 15:00:15Z" duration="0.002239" asserts="5" />
      </test-suite>
      <test-suite type="TestFixture" id="0-1108" name="SpecExprSizeofValueSized" fullname="Kaitai.SpecExprSizeofValueSized" classname="Kaitai.SpecExprSizeofValueSized" runstate="Runnable" testcasecount="1" result="Passed" start-time="2020-03-30 15:00:15Z" end-time="2020-03-30 15:00:15Z" duration="0.006013" total="1" passed="1" failed="0" inconclusive="0" skipped="0" asserts="5">
        <test-case id="0-1109" name="TestExprSizeofValueSized" fullname="Kaitai.SpecExprSizeofValueSized.TestExprSizeofValueSized" methodname="TestExprSizeofValueSized" classname="Kaitai.SpecExprSizeofValueSized" runstate="Runnable" seed="2010106526" result="Passed" start-time="2020-03-30 15:00:15Z" end-time="2020-03-30 15:00:15Z" duration="0.002145" asserts="5" />
      </test-suite>
      <test-suite type="TestFixture" id="0-1110" name="SpecExprStrOps" fullname="Kaitai.SpecExprStrOps" classname="Kaitai.SpecExprStrOps" runstate="Runnable" testcasecount="1" result="Passed" start-time="2020-03-30 15:00:15Z" end-time="2020-03-30 15:00:15Z" duration="0.010018" total="1" passed="1" failed="0" inconclusive="0" skipped="0" asserts="17">
        <test-case id="0-1111" name="TestExprStrOps" fullname="Kaitai.SpecExprStrOps.TestExprStrOps" methodname="TestExprStrOps" classname="Kaitai.SpecExprStrOps" runstate="Runnable" seed="88186934" result="Passed" start-time="2020-03-30 15:00:15Z" end-time="2020-03-30 15:00:15Z" duration="0.006059" asserts="17" />
      </test-suite>
      <test-suite type="TestFixture" id="0-1112" name="SpecFixedContents" fullname="Kaitai.SpecFixedContents" classname="Kaitai.SpecFixedContents" runstate="Runnable" testcasecount="1" result="Passed" start-time="2020-03-30 15:00:15Z" end-time="2020-03-30 15:00:15Z" duration="0.023697" total="1" passed="1" failed="0" inconclusive="0" skipped="0" asserts="0">
        <test-case id="0-1113" name="TestFixedContents" fullname="Kaitai.SpecFixedContents.TestFixedContents" methodname="TestFixedContents" classname="Kaitai.SpecFixedContents" runstate="Runnable" seed="1716865096" result="Passed" start-time="2020-03-30 15:00:15Z" end-time="2020-03-30 15:00:15Z" duration="0.001579" asserts="0" />
      </test-suite>
      <test-suite type="TestFixture" id="0-1114" name="SpecFixedStruct" fullname="Kaitai.SpecFixedStruct" classname="Kaitai.SpecFixedStruct" runstate="Runnable" testcasecount="1" result="Passed" start-time="2020-03-30 15:00:15Z" end-time="2020-03-30 15:00:15Z" duration="0.022025" total="1" passed="1" failed="0" inconclusive="0" skipped="0" asserts="20">
        <test-case id="0-1115" name="TestFixedStruct" fullname="Kaitai.SpecFixedStruct.TestFixedStruct" methodname="TestFixedStruct" classname="Kaitai.SpecFixedStruct" runstate="Runnable" seed="1929535642" result="Passed" start-time="2020-03-30 15:00:15Z" end-time="2020-03-30 15:00:15Z" duration="0.018217" asserts="20" />
      </test-suite>
      <test-suite type="TestFixture" id="0-1118" name="SpecFloatingPoints" fullname="Kaitai.SpecFloatingPoints" classname="Kaitai.SpecFloatingPoints" runstate="Runnable" testcasecount="1" result="Passed" start-time="2020-03-30 15:00:15Z" end-time="2020-03-30 15:00:15Z" duration="0.006438" total="1" passed="1" failed="0" inconclusive="0" skipped="0" asserts="8">
        <test-case id="0-1119" name="TestFloatingPoints" fullname="Kaitai.SpecFloatingPoints.TestFloatingPoints" methodname="TestFloatingPoints" classname="Kaitai.SpecFloatingPoints" runstate="Runnable" seed="975181640" result="Passed" start-time="2020-03-30 15:00:15Z" end-time="2020-03-30 15:00:15Z" duration="0.002428" asserts="8" />
      </test-suite>
      <test-suite type="TestFixture" id="0-1116" name="SpecFloatToI" fullname="Kaitai.SpecFloatToI" classname="Kaitai.SpecFloatToI" runstate="Runnable" testcasecount="1" result="Passed" start-time="2020-03-30 15:00:15Z" end-time="2020-03-30 15:00:15Z" duration="0.007029" total="1" passed="1" failed="0" inconclusive="0" skipped="0" asserts="8">
        <test-case id="0-1117" name="TestFloatToI" fullname="Kaitai.SpecFloatToI.TestFloatToI" methodname="TestFloatToI" classname="Kaitai.SpecFloatToI" runstate="Runnable" seed="83633229" result="Passed" start-time="2020-03-30 15:00:15Z" end-time="2020-03-30 15:00:15Z" duration="0.003354" asserts="8" />
      </test-suite>
      <test-suite type="TestFixture" id="0-1120" name="SpecHelloWorld" fullname="Kaitai.SpecHelloWorld" classname="Kaitai.SpecHelloWorld" runstate="Runnable" testcasecount="1" result="Passed" start-time="2020-03-30 15:00:15Z" end-time="2020-03-30 15:00:15Z" duration="0.004007" total="1" passed="1" failed="0" inconclusive="0" skipped="0" asserts="1">
        <test-case id="0-1121" name="TestHelloWorld" fullname="Kaitai.SpecHelloWorld.TestHelloWorld" methodname="TestHelloWorld" classname="Kaitai.SpecHelloWorld" runstate="Runnable" seed="624703975" result="Passed" start-time="2020-03-30 15:00:15Z" end-time="2020-03-30 15:00:15Z" duration="0.000593" asserts="1" />
      </test-suite>
      <test-suite type="TestFixture" id="0-1122" name="SpecIfInstances" fullname="Kaitai.SpecIfInstances" classname="Kaitai.SpecIfInstances" runstate="Runnable" testcasecount="1" result="Passed" start-time="2020-03-30 15:00:15Z" end-time="2020-03-30 15:00:15Z" duration="0.004014" total="1" passed="1" failed="0" inconclusive="0" skipped="0" asserts="1">
        <test-case id="0-1123" name="TestIfInstances" fullname="Kaitai.SpecIfInstances.TestIfInstances" methodname="TestIfInstances" classname="Kaitai.SpecIfInstances" runstate="Runnable" seed="2076842088" result="Passed" start-time="2020-03-30 15:00:15Z" end-time="2020-03-30 15:00:15Z" duration="0.000928" asserts="1" />
      </test-suite>
      <test-suite type="TestFixture" id="0-1124" name="SpecIfStruct" fullname="Kaitai.SpecIfStruct" classname="Kaitai.SpecIfStruct" runstate="Runnable" testcasecount="1" result="Passed" start-time="2020-03-30 15:00:15Z" end-time="2020-03-30 15:00:15Z" duration="0.008020" total="1" passed="1" failed="0" inconclusive="0" skipped="0" asserts="7">
        <test-case id="0-1125" name="TestIfStruct" fullname="Kaitai.SpecIfStruct.TestIfStruct" methodname="TestIfStruct" classname="Kaitai.SpecIfStruct" runstate="Runnable" seed="251693819" result="Passed" start-time="2020-03-30 15:00:15Z" end-time="2020-03-30 15:00:15Z" duration="0.004120" asserts="7" />
      </test-suite>
      <test-suite type="TestFixture" id="0-1126" name="SpecIfValues" fullname="Kaitai.SpecIfValues" classname="Kaitai.SpecIfValues" runstate="Runnable" testcasecount="1" result="Passed" start-time="2020-03-30 15:00:15Z" end-time="2020-03-30 15:00:15Z" duration="0.008061" total="1" passed="1" failed="0" inconclusive="0" skipped="0" asserts="6">
        <test-case id="0-1127" name="TestIfValues" fullname="Kaitai.SpecIfValues.TestIfValues" methodname="TestIfValues" classname="Kaitai.SpecIfValues" runstate="Runnable" seed="961365600" result="Passed" start-time="2020-03-30 15:00:15Z" end-time="2020-03-30 15:00:15Z" duration="0.003064" asserts="6" />
      </test-suite>
      <test-suite type="TestFixture" id="0-1128" name="SpecImports0" fullname="Kaitai.SpecImports0" classname="Kaitai.SpecImports0" runstate="Runnable" testcasecount="1" result="Passed" start-time="2020-03-30 15:00:15Z" end-time="2020-03-30 15:00:15Z" duration="0.006034" total="1" passed="1" failed="0" inconclusive="0" skipped="0" asserts="3">
        <test-case id="0-1129" name="TestImports0" fullname="Kaitai.SpecImports0.TestImports0" methodname="TestImports0" classname="Kaitai.SpecImports0" runstate="Runnable" seed="734348551" result="Passed" start-time="2020-03-30 15:00:15Z" end-time="2020-03-30 15:00:15Z" duration="0.002360" asserts="3" />
      </test-suite>
      <test-suite type="TestFixture" id="0-1130" name="SpecImportsAbs" fullname="Kaitai.SpecImportsAbs" classname="Kaitai.SpecImportsAbs" runstate="Runnable" testcasecount="1" result="Passed" start-time="2020-03-30 15:00:15Z" end-time="2020-03-30 15:00:15Z" duration="0.008833" total="1" passed="1" failed="0" inconclusive="0" skipped="0" asserts="2">
        <test-case id="0-1131" name="TestImportsAbs" fullname="Kaitai.SpecImportsAbs.TestImportsAbs" methodname="TestImportsAbs" classname="Kaitai.SpecImportsAbs" runstate="Runnable" seed="1626997576" result="Passed" start-time="2020-03-30 15:00:15Z" end-time="2020-03-30 15:00:15Z" duration="0.005650" asserts="2" />
      </test-suite>
      <test-suite type="TestFixture" id="0-1132" name="SpecImportsCircularA" fullname="Kaitai.SpecImportsCircularA" classname="Kaitai.SpecImportsCircularA" runstate="Runnable" testcasecount="1" result="Passed" start-time="2020-03-30 15:00:15Z" end-time="2020-03-30 15:00:15Z" duration="0.009842" total="1" passed="1" failed="0" inconclusive="0" skipped="0" asserts="5">
        <test-case id="0-1133" name="TestImportsCircularA" fullname="Kaitai.SpecImportsCircularA.TestImportsCircularA" methodname="TestImportsCircularA" classname="Kaitai.SpecImportsCircularA" runstate="Runnable" seed="153675688" result="Passed" start-time="2020-03-30 15:00:15Z" end-time="2020-03-30 15:00:15Z" duration="0.002403" asserts="5" />
      </test-suite>
      <test-suite type="TestFixture" id="0-1134" name="SpecIndexSizes" fullname="Kaitai.SpecIndexSizes" classname="Kaitai.SpecIndexSizes" runstate="Runnable" testcasecount="1" result="Passed" start-time="2020-03-30 15:00:15Z" end-time="2020-03-30 15:00:15Z" duration="0.006016" total="1" passed="1" failed="0" inconclusive="0" skipped="0" asserts="7">
        <test-case id="0-1135" name="TestIndexSizes" fullname="Kaitai.SpecIndexSizes.TestIndexSizes" methodname="TestIndexSizes" classname="Kaitai.SpecIndexSizes" runstate="Runnable" seed="365598224" result="Passed" start-time="2020-03-30 15:00:15Z" end-time="2020-03-30 15:00:15Z" duration="0.002231" asserts="7" />
      </test-suite>
      <test-suite type="TestFixture" id="0-1136" name="SpecIndexToParamEos" fullname="Kaitai.SpecIndexToParamEos" classname="Kaitai.SpecIndexToParamEos" runstate="Runnable" testcasecount="1" result="Passed" start-time="2020-03-30 15:00:15Z" end-time="2020-03-30 15:00:15Z" duration="0.007016" total="1" passed="1" failed="0" inconclusive="0" skipped="0" asserts="7">
        <test-case id="0-1137" name="TestIndexToParamEos" fullname="Kaitai.SpecIndexToParamEos.TestIndexToParamEos" methodname="TestIndexToParamEos" classname="Kaitai.SpecIndexToParamEos" runstate="Runnable" seed="1145758489" result="Passed" start-time="2020-03-30 15:00:15Z" end-time="2020-03-30 15:00:15Z" duration="0.003111" asserts="7" />
      </test-suite>
      <test-suite type="TestFixture" id="0-1138" name="SpecIndexToParamExpr" fullname="Kaitai.SpecIndexToParamExpr" classname="Kaitai.SpecIndexToParamExpr" runstate="Runnable" testcasecount="1" result="Passed" start-time="2020-03-30 15:00:15Z" end-time="2020-03-30 15:00:15Z" duration="0.007094" total="1" passed="1" failed="0" inconclusive="0" skipped="0" asserts="7">
        <test-case id="0-1139" name="TestIndexToParamExpr" fullname="Kaitai.SpecIndexToParamExpr.TestIndexToParamExpr" methodname="TestIndexToParamExpr" classname="Kaitai.SpecIndexToParamExpr" runstate="Runnable" seed="1297242411" result="Passed" start-time="2020-03-30 15:00:15Z" end-time="2020-03-30 15:00:15Z" duration="0.003583" asserts="7" />
      </test-suite>
      <test-suite type="TestFixture" id="0-1140" name="SpecIndexToParamUntil" fullname="Kaitai.SpecIndexToParamUntil" classname="Kaitai.SpecIndexToParamUntil" runstate="Runnable" testcasecount="1" result="Passed" start-time="2020-03-30 15:00:15Z" end-time="2020-03-30 15:00:15Z" duration="0.006990" total="1" passed="1" failed="0" inconclusive="0" skipped="0" asserts="7">
        <test-case id="0-1141" name="TestIndexToParamUntil" fullname="Kaitai.SpecIndexToParamUntil.TestIndexToParamUntil" methodname="TestIndexToParamUntil" classname="Kaitai.SpecIndexToParamUntil" runstate="Runnable" seed="1324591916" result="Passed" start-time="2020-03-30 15:00:15Z" end-time="2020-03-30 15:00:15Z" duration="0.003282" asserts="7" />
      </test-suite>
      <test-suite type="TestFixture" id="0-1142" name="SpecInstanceIoUser" fullname="Kaitai.SpecInstanceIoUser" classname="Kaitai.SpecInstanceIoUser" runstate="Runnable" testcasecount="1" result="Passed" start-time="2020-03-30 15:00:15Z" end-time="2020-03-30 15:00:15Z" duration="0.008006" total="1" passed="1" failed="0" inconclusive="0" skipped="0" asserts="4">
        <test-case id="0-1143" name="TestInstanceIoUser" fullname="Kaitai.SpecInstanceIoUser.TestInstanceIoUser" methodname="TestInstanceIoUser" classname="Kaitai.SpecInstanceIoUser" runstate="Runnable" seed="934544866" result="Passed" start-time="2020-03-30 15:00:15Z" end-time="2020-03-30 15:00:15Z" duration="0.004220" asserts="4" />
      </test-suite>
      <test-suite type="TestFixture" id="0-1144" name="SpecInstanceStd" fullname="Kaitai.SpecInstanceStd" classname="Kaitai.SpecInstanceStd" runstate="Runnable" testcasecount="1" result="Passed" start-time="2020-03-30 15:00:15Z" end-time="2020-03-30 15:00:15Z" duration="0.005440" total="1" passed="1" failed="0" inconclusive="0" skipped="0" asserts="1">
        <test-case id="0-1145" name="TestInstanceStd" fullname="Kaitai.SpecInstanceStd.TestInstanceStd" methodname="TestInstanceStd" classname="Kaitai.SpecInstanceStd" runstate="Runnable" seed="169357554" result="Passed" start-time="2020-03-30 15:00:15Z" end-time="2020-03-30 15:00:15Z" duration="0.001194" asserts="1" />
      </test-suite>
      <test-suite type="TestFixture" id="0-1146" name="SpecInstanceStdArray" fullname="Kaitai.SpecInstanceStdArray" classname="Kaitai.SpecInstanceStdArray" runstate="Runnable" testcasecount="1" result="Passed" start-time="2020-03-30 15:00:15Z" end-time="2020-03-30 15:00:15Z" duration="0.012661" total="1" passed="1" failed="0" inconclusive="0" skipped="0" asserts="7">
        <test-case id="0-1147" name="TestInstanceStdArray" fullname="Kaitai.SpecInstanceStdArray.TestInstanceStdArray" methodname="TestInstanceStdArray" classname="Kaitai.SpecInstanceStdArray" runstate="Runnable" seed="1090608943" result="Passed" start-time="2020-03-30 15:00:15Z" end-time="2020-03-30 15:00:15Z" duration="0.003027" asserts="7" />
      </test-suite>
      <test-suite type="TestFixture" id="0-1148" name="SpecInstanceUserArray" fullname="Kaitai.SpecInstanceUserArray" classname="Kaitai.SpecInstanceUserArray" runstate="Runnable" testcasecount="1" result="Passed" start-time="2020-03-30 15:00:15Z" end-time="2020-03-30 15:00:15Z" duration="0.006976" total="1" passed="1" failed="0" inconclusive="0" skipped="0" asserts="10">
        <test-case id="0-1149" name="TestInstanceUserArray" fullname="Kaitai.SpecInstanceUserArray.TestInstanceUserArray" methodname="TestInstanceUserArray" classname="Kaitai.SpecInstanceUserArray" runstate="Runnable" seed="1800654624" result="Passed" start-time="2020-03-30 15:00:15Z" end-time="2020-03-30 15:00:15Z" duration="0.003953" asserts="10" />
      </test-suite>
      <test-suite type="TestFixture" id="0-1150" name="SpecIntegers" fullname="Kaitai.SpecIntegers" classname="Kaitai.SpecIntegers" runstate="Runnable" testcasecount="1" result="Passed" start-time="2020-03-30 15:00:15Z" end-time="2020-03-30 15:00:15Z" duration="0.016134" total="1" passed="1" failed="0" inconclusive="0" skipped="0" asserts="20">
        <test-case id="0-1151" name="TestIntegers" fullname="Kaitai.SpecIntegers.TestIntegers" methodname="TestIntegers" classname="Kaitai.SpecIntegers" runstate="Runnable" seed="1689675721" result="Passed" start-time="2020-03-30 15:00:15Z" end-time="2020-03-30 15:00:15Z" duration="0.012288" asserts="20" />
      </test-suite>
      <test-suite type="TestFixture" id="0-1152" name="SpecIntegersMinMax" fullname="Kaitai.SpecIntegersMinMax" classname="Kaitai.SpecIntegersMinMax" runstate="Runnable" testcasecount="1" result="Passed" start-time="2020-03-30 15:00:15Z" end-time="2020-03-30 15:00:15Z" duration="0.010049" total="1" passed="1" failed="0" inconclusive="0" skipped="0" asserts="28">
        <test-case id="0-1153" name="TestIntegersMinMax" fullname="Kaitai.SpecIntegersMinMax.TestIntegersMinMax" methodname="TestIntegersMinMax" classname="Kaitai.SpecIntegersMinMax" runstate="Runnable" seed="413044876" result="Passed" start-time="2020-03-30 15:00:15Z" end-time="2020-03-30 15:00:15Z" duration="0.006070" asserts="28" />
      </test-suite>
      <test-suite type="TestFixture" id="0-1154" name="SpecIoLocalVar" fullname="Kaitai.SpecIoLocalVar" classname="Kaitai.SpecIoLocalVar" runstate="Runnable" testcasecount="1" result="Passed" start-time="2020-03-30 15:00:15Z" end-time="2020-03-30 15:00:15Z" duration="0.006020" total="1" passed="1" failed="0" inconclusive="0" skipped="0" asserts="2">
        <test-case id="0-1155" name="TestIoLocalVar" fullname="Kaitai.SpecIoLocalVar.TestIoLocalVar" methodname="TestIoLocalVar" classname="Kaitai.SpecIoLocalVar" runstate="Runnable" seed="1872332676" result="Passed" start-time="2020-03-30 15:00:15Z" end-time="2020-03-30 15:00:15Z" duration="0.002606" asserts="2" />
      </test-suite>
      <test-suite type="TestFixture" id="0-1156" name="SpecJsSignedRightShift" fullname="Kaitai.SpecJsSignedRightShift" classname="Kaitai.SpecJsSignedRightShift" runstate="Runnable" testcasecount="1" result="Passed" start-time="2020-03-30 15:00:15Z" end-time="2020-03-30 15:00:15Z" duration="0.005014" total="1" passed="1" failed="0" inconclusive="0" skipped="0" asserts="2">
        <test-case id="0-1157" name="TestJsSignedRightShift" fullname="Kaitai.SpecJsSignedRightShift.TestJsSignedRightShift" methodname="TestJsSignedRightShift" classname="Kaitai.SpecJsSignedRightShift" runstate="Runnable" seed="1039881969" result="Passed" start-time="2020-03-30 15:00:15Z" end-time="2020-03-30 15:00:15Z" duration="0.001326" asserts="2" />
      </test-suite>
      <test-suite type="TestFixture" id="0-1158" name="SpecMetaTags" fullname="Kaitai.SpecMetaTags" classname="Kaitai.SpecMetaTags" runstate="Runnable" testcasecount="1" result="Passed" start-time="2020-03-30 15:00:15Z" end-time="2020-03-30 15:00:15Z" duration="0.004012" total="1" passed="1" failed="0" inconclusive="0" skipped="0" asserts="0">
        <test-case id="0-1159" name="TestMetaTags" fullname="Kaitai.SpecMetaTags.TestMetaTags" methodname="TestMetaTags" classname="Kaitai.SpecMetaTags" runstate="Runnable" seed="2064786075" result="Passed" start-time="2020-03-30 15:00:15Z" end-time="2020-03-30 15:00:15Z" duration="0.000795" asserts="0" />
      </test-suite>
      <test-suite type="TestFixture" id="0-1160" name="SpecMetaXref" fullname="Kaitai.SpecMetaXref" classname="Kaitai.SpecMetaXref" runstate="Runnable" testcasecount="1" result="Passed" start-time="2020-03-30 15:00:15Z" end-time="2020-03-30 15:00:15Z" duration="0.004022" total="1" passed="1" failed="0" inconclusive="0" skipped="0" asserts="0">
        <test-case id="0-1161" name="TestMetaXref" fullname="Kaitai.SpecMetaXref.TestMetaXref" methodname="TestMetaXref" classname="Kaitai.SpecMetaXref" runstate="Runnable" seed="997920369" result="Passed" start-time="2020-03-30 15:00:15Z" end-time="2020-03-30 15:00:15Z" duration="0.000894" asserts="0" />
      </test-suite>
      <test-suite type="TestFixture" id="0-1162" name="SpecMultipleUse" fullname="Kaitai.SpecMultipleUse" classname="Kaitai.SpecMultipleUse" runstate="Runnable" testcasecount="1" result="Passed" start-time="2020-03-30 15:00:15Z" end-time="2020-03-30 15:00:15Z" duration="0.006362" total="1" passed="1" failed="0" inconclusive="0" skipped="0" asserts="2">
        <test-case id="0-1163" name="TestMultipleUse" fullname="Kaitai.SpecMultipleUse.TestMultipleUse" methodname="TestMultipleUse" classname="Kaitai.SpecMultipleUse" runstate="Runnable" seed="1911826858" result="Passed" start-time="2020-03-30 15:00:15Z" end-time="2020-03-30 15:00:15Z" duration="0.002811" asserts="2" />
      </test-suite>
      <test-suite type="TestFixture" id="0-1164" name="SpecNavParent" fullname="Kaitai.SpecNavParent" classname="Kaitai.SpecNavParent" runstate="Runnable" testcasecount="1" result="Passed" start-time="2020-03-30 15:00:15Z" end-time="2020-03-30 15:00:15Z" duration="0.007023" total="1" passed="1" failed="0" inconclusive="0" skipped="0" asserts="5">
        <test-case id="0-1165" name="TestNavParent" fullname="Kaitai.SpecNavParent.TestNavParent" methodname="TestNavParent" classname="Kaitai.SpecNavParent" runstate="Runnable" seed="413674750" result="Passed" start-time="2020-03-30 15:00:15Z" end-time="2020-03-30 15:00:15Z" duration="0.003659" asserts="5" />
      </test-suite>
      <test-suite type="TestFixture" id="0-1166" name="SpecNavParent2" fullname="Kaitai.SpecNavParent2" classname="Kaitai.SpecNavParent2" runstate="Runnable" testcasecount="1" result="Passed" start-time="2020-03-30 15:00:15Z" end-time="2020-03-30 15:00:15Z" duration="0.008014" total="1" passed="1" failed="0" inconclusive="0" skipped="0" asserts="10">
        <test-case id="0-1167" name="TestNavParent2" fullname="Kaitai.SpecNavParent2.TestNavParent2" methodname="TestNavParent2" classname="Kaitai.SpecNavParent2" runstate="Runnable" seed="1818720313" result="Passed" start-time="2020-03-30 15:00:15Z" end-time="2020-03-30 15:00:15Z" duration="0.004349" asserts="10" />
      </test-suite>
      <test-suite type="TestFixture" id="0-1168" name="SpecNavParent3" fullname="Kaitai.SpecNavParent3" classname="Kaitai.SpecNavParent3" runstate="Runnable" testcasecount="1" result="Passed" start-time="2020-03-30 15:00:15Z" end-time="2020-03-30 15:00:15Z" duration="0.009000" total="1" passed="1" failed="0" inconclusive="0" skipped="0" asserts="10">
        <test-case id="0-1169" name="TestNavParent3" fullname="Kaitai.SpecNavParent3.TestNavParent3" methodname="TestNavParent3" classname="Kaitai.SpecNavParent3" runstate="Runnable" seed="606723486" result="Passed" start-time="2020-03-30 15:00:15Z" end-time="2020-03-30 15:00:15Z" duration="0.005592" asserts="10" />
      </test-suite>
      <test-suite type="TestFixture" id="0-1170" name="SpecNavParentFalse" fullname="Kaitai.SpecNavParentFalse" classname="Kaitai.SpecNavParentFalse" runstate="Runnable" testcasecount="1" result="Passed" start-time="2020-03-30 15:00:15Z" end-time="2020-03-30 15:00:15Z" duration="0.016500" total="1" passed="1" failed="0" inconclusive="0" skipped="0" asserts="5">
        <test-case id="0-1171" name="TestNavParentFalse" fullname="Kaitai.SpecNavParentFalse.TestNavParentFalse" methodname="TestNavParentFalse" classname="Kaitai.SpecNavParentFalse" runstate="Runnable" seed="1383872947" result="Passed" start-time="2020-03-30 15:00:15Z" end-time="2020-03-30 15:00:15Z" duration="0.012953" asserts="5" />
      </test-suite>
      <test-suite type="TestFixture" id="0-1172" name="SpecNavParentFalse2" fullname="Kaitai.SpecNavParentFalse2" classname="Kaitai.SpecNavParentFalse2" runstate="Runnable" testcasecount="1" result="Passed" start-time="2020-03-30 15:00:15Z" end-time="2020-03-30 15:00:15Z" duration="0.005015" total="1" passed="1" failed="0" inconclusive="0" skipped="0" asserts="1">
        <test-case id="0-1173" name="TestNavParentFalse2" fullname="Kaitai.SpecNavParentFalse2.TestNavParentFalse2" methodname="TestNavParentFalse2" classname="Kaitai.SpecNavParentFalse2" runstate="Runnable" seed="504047877" result="Passed" start-time="2020-03-30 15:00:15Z" end-time="2020-03-30 15:00:15Z" duration="0.001507" asserts="1" />
      </test-suite>
      <test-suite type="TestFixture" id="0-1174" name="SpecNavParentOverride" fullname="Kaitai.SpecNavParentOverride" classname="Kaitai.SpecNavParentOverride" runstate="Runnable" testcasecount="1" result="Passed" start-time="2020-03-30 15:00:15Z" end-time="2020-03-30 15:00:15Z" duration="0.006066" total="1" passed="1" failed="0" inconclusive="0" skipped="0" asserts="3">
        <test-case id="0-1175" name="TestNavParentOverride" fullname="Kaitai.SpecNavParentOverride.TestNavParentOverride" methodname="TestNavParentOverride" classname="Kaitai.SpecNavParentOverride" runstate="Runnable" seed="1513134745" result="Passed" start-time="2020-03-30 15:00:15Z" end-time="2020-03-30 15:00:15Z" duration="0.002440" asserts="3" />
      </test-suite>
      <test-suite type="TestFixture" id="0-1176" name="SpecNavParentSwitch" fullname="Kaitai.SpecNavParentSwitch" classname="Kaitai.SpecNavParentSwitch" runstate="Runnable" testcasecount="1" result="Passed" start-time="2020-03-30 15:00:15Z" end-time="2020-03-30 15:00:15Z" duration="0.006016" total="1" passed="1" failed="0" inconclusive="0" skipped="0" asserts="3">
        <test-case id="0-1177" name="TestNavParentSwitch" fullname="Kaitai.SpecNavParentSwitch.TestNavParentSwitch" methodname="TestNavParentSwitch" classname="Kaitai.SpecNavParentSwitch" runstate="Runnable" seed="517496019" result="Passed" start-time="2020-03-30 15:00:15Z" end-time="2020-03-30 15:00:15Z" duration="0.002332" asserts="3" />
      </test-suite>
      <test-suite type="TestFixture" id="0-1178" name="SpecNavParentVsValueInst" fullname="Kaitai.SpecNavParentVsValueInst" classname="Kaitai.SpecNavParentVsValueInst" runstate="Runnable" testcasecount="1" result="Passed" start-time="2020-03-30 15:00:15Z" end-time="2020-03-30 15:00:15Z" duration="0.006098" total="1" passed="1" failed="0" inconclusive="0" skipped="0" asserts="1">
        <test-case id="0-1179" name="TestNavParentVsValueInst" fullname="Kaitai.SpecNavParentVsValueInst.TestNavParentVsValueInst" methodname="TestNavParentVsValueInst" classname="Kaitai.SpecNavParentVsValueInst" runstate="Runnable" seed="1348905613" result="Passed" start-time="2020-03-30 15:00:15Z" end-time="2020-03-30 15:00:15Z" duration="0.001450" asserts="1" />
      </test-suite>
      <test-suite type="TestFixture" id="0-1180" name="SpecNavRoot" fullname="Kaitai.SpecNavRoot" classname="Kaitai.SpecNavRoot" runstate="Runnable" testcasecount="1" result="Passed" start-time="2020-03-30 15:00:15Z" end-time="2020-03-30 15:00:15Z" duration="0.009029" total="1" passed="1" failed="0" inconclusive="0" skipped="0" asserts="5">
        <test-case id="0-1181" name="TestNavRoot" fullname="Kaitai.SpecNavRoot.TestNavRoot" methodname="TestNavRoot" classname="Kaitai.SpecNavRoot" runstate="Runnable" seed="1793906834" result="Passed" start-time="2020-03-30 15:00:15Z" end-time="2020-03-30 15:00:15Z" duration="0.004192" asserts="5" />
      </test-suite>
      <test-suite type="TestFixture" id="0-1182" name="SpecNestedSameName" fullname="Kaitai.SpecNestedSameName" classname="Kaitai.SpecNestedSameName" runstate="Runnable" testcasecount="1" result="Passed" start-time="2020-03-30 15:00:15Z" end-time="2020-03-30 15:00:15Z" duration="0.007017" total="1" passed="1" failed="0" inconclusive="0" skipped="0" asserts="2">
        <test-case id="0-1183" name="TestNestedSameName" fullname="Kaitai.SpecNestedSameName.TestNestedSameName" methodname="TestNestedSameName" classname="Kaitai.SpecNestedSameName" runstate="Runnable" seed="114928195" result="Passed" start-time="2020-03-30 15:00:15Z" end-time="2020-03-30 15:00:15Z" duration="0.002684" asserts="2" />
      </test-suite>
      <test-suite type="TestFixture" id="0-1184" name="SpecNestedSameName2" fullname="Kaitai.SpecNestedSameName2" classname="Kaitai.SpecNestedSameName2" runstate="Runnable" testcasecount="1" result="Passed" start-time="2020-03-30 15:00:15Z" end-time="2020-03-30 15:00:15Z" duration="0.008019" total="1" passed="1" failed="0" inconclusive="0" skipped="0" asserts="5">
        <test-case id="0-1185" name="TestNestedSameName2" fullname="Kaitai.SpecNestedSameName2.TestNestedSameName2" methodname="TestNestedSameName2" classname="Kaitai.SpecNestedSameName2" runstate="Runnable" seed="1535014147" result="Passed" start-time="2020-03-30 15:00:15Z" end-time="2020-03-30 15:00:15Z" duration="0.003614" asserts="5" />
      </test-suite>
      <test-suite type="TestFixture" id="0-1186" name="SpecNestedTypes" fullname="Kaitai.SpecNestedTypes" classname="Kaitai.SpecNestedTypes" runstate="Runnable" testcasecount="1" result="Passed" start-time="2020-03-30 15:00:15Z" end-time="2020-03-30 15:00:15Z" duration="0.006021" total="1" passed="1" failed="0" inconclusive="0" skipped="0" asserts="3">
        <test-case id="0-1187" name="TestNestedTypes" fullname="Kaitai.SpecNestedTypes.TestNestedTypes" methodname="TestNestedTypes" classname="Kaitai.SpecNestedTypes" runstate="Runnable" seed="1489204078" result="Passed" start-time="2020-03-30 15:00:15Z" end-time="2020-03-30 15:00:15Z" duration="0.002647" asserts="3" />
      </test-suite>
      <test-suite type="TestFixture" id="0-1188" name="SpecNestedTypes2" fullname="Kaitai.SpecNestedTypes2" classname="Kaitai.SpecNestedTypes2" runstate="Runnable" testcasecount="1" result="Passed" start-time="2020-03-30 15:00:15Z" end-time="2020-03-30 15:00:16Z" duration="0.008028" total="1" passed="1" failed="0" inconclusive="0" skipped="0" asserts="7">
        <test-case id="0-1189" name="TestNestedTypes2" fullname="Kaitai.SpecNestedTypes2.TestNestedTypes2" methodname="TestNestedTypes2" classname="Kaitai.SpecNestedTypes2" runstate="Runnable" seed="1085342817" result="Passed" start-time="2020-03-30 15:00:16Z" end-time="2020-03-30 15:00:16Z" duration="0.004246" asserts="7" />
      </test-suite>
      <test-suite type="TestFixture" id="0-1190" name="SpecNestedTypes3" fullname="Kaitai.SpecNestedTypes3" classname="Kaitai.SpecNestedTypes3" runstate="Runnable" testcasecount="1" result="Passed" start-time="2020-03-30 15:00:16Z" end-time="2020-03-30 15:00:16Z" duration="0.006984" total="1" passed="1" failed="0" inconclusive="0" skipped="0" asserts="5">
        <test-case id="0-1191" name="TestNestedTypes3" fullname="Kaitai.SpecNestedTypes3.TestNestedTypes3" methodname="TestNestedTypes3" classname="Kaitai.SpecNestedTypes3" runstate="Runnable" seed="745084526" result="Passed" start-time="2020-03-30 15:00:16Z" end-time="2020-03-30 15:00:16Z" duration="0.003057" asserts="5" />
      </test-suite>
      <test-suite type="TestFixture" id="0-1192" name="SpecNonStandard" fullname="Kaitai.SpecNonStandard" classname="Kaitai.SpecNonStandard" runstate="Runnable" testcasecount="1" result="Passed" start-time="2020-03-30 15:00:16Z" end-time="2020-03-30 15:00:16Z" duration="0.005016" total="1" passed="1" failed="0" inconclusive="0" skipped="0" asserts="1">
        <test-case id="0-1193" name="TestNonStandard" fullname="Kaitai.SpecNonStandard.TestNonStandard" methodname="TestNonStandard" classname="Kaitai.SpecNonStandard" runstate="Runnable" seed="1160301467" result="Passed" start-time="2020-03-30 15:00:16Z" end-time="2020-03-30 15:00:16Z" duration="0.001189" asserts="1" />
      </test-suite>
      <test-suite type="TestFixture" id="0-1194" name="SpecOpaqueExternalType" fullname="Kaitai.SpecOpaqueExternalType" classname="Kaitai.SpecOpaqueExternalType" runstate="Runnable" testcasecount="1" result="Passed" start-time="2020-03-30 15:00:16Z" end-time="2020-03-30 15:00:16Z" duration="0.005026" total="1" passed="1" failed="0" inconclusive="0" skipped="0" asserts="3">
        <test-case id="0-1195" name="TestOpaqueExternalType" fullname="Kaitai.SpecOpaqueExternalType.TestOpaqueExternalType" methodname="TestOpaqueExternalType" classname="Kaitai.SpecOpaqueExternalType" runstate="Runnable" seed="1304339854" result="Passed" start-time="2020-03-30 15:00:16Z" end-time="2020-03-30 15:00:16Z" duration="0.001958" asserts="3" />
      </test-suite>
      <test-suite type="TestFixture" id="0-1196" name="SpecOpaqueExternalType02Parent" fullname="Kaitai.SpecOpaqueExternalType02Parent" classname="Kaitai.SpecOpaqueExternalType02Parent" runstate="Runnable" testcasecount="1" result="Passed" start-time="2020-03-30 15:00:16Z" end-time="2020-03-30 15:00:16Z" duration="0.007014" total="1" passed="1" failed="0" inconclusive="0" skipped="0" asserts="3">
        <test-case id="0-1197" name="TestOpaqueExternalType02Parent" fullname="Kaitai.SpecOpaqueExternalType02Parent.TestOpaqueExternalType02Parent" methodname="TestOpaqueExternalType02Parent" classname="Kaitai.SpecOpaqueExternalType02Parent" runstate="Runnable" seed="816866070" result="Passed" start-time="2020-03-30 15:00:16Z" end-time="2020-03-30 15:00:16Z" duration="0.003362" asserts="3" />
      </test-suite>
      <test-suite type="TestFixture" id="0-1198" name="SpecOpaqueWithParam" fullname="Kaitai.SpecOpaqueWithParam" classname="Kaitai.SpecOpaqueWithParam" runstate="Runnable" testcasecount="1" result="Passed" start-time="2020-03-30 15:00:16Z" end-time="2020-03-30 15:00:16Z" duration="0.013110" total="1" passed="1" failed="0" inconclusive="0" skipped="0" asserts="2">
        <test-case id="0-1199" name="TestOpaqueWithParam" fullname="Kaitai.SpecOpaqueWithParam.TestOpaqueWithParam" methodname="TestOpaqueWithParam" classname="Kaitai.SpecOpaqueWithParam" runstate="Runnable" seed="1905676838" result="Passed" start-time="2020-03-30 15:00:16Z" end-time="2020-03-30 15:00:16Z" duration="0.002491" asserts="2" />
      </test-suite>
      <test-suite type="TestFixture" id="0-1200" name="SpecOptionalId" fullname="Kaitai.SpecOptionalId" classname="Kaitai.SpecOptionalId" runstate="Runnable" testcasecount="1" result="Passed" start-time="2020-03-30 15:00:16Z" end-time="2020-03-30 15:00:16Z" duration="0.005038" total="1" passed="1" failed="0" inconclusive="0" skipped="0" asserts="3">
        <test-case id="0-1201" name="TestOptionalId" fullname="Kaitai.SpecOptionalId.TestOptionalId" methodname="TestOptionalId" classname="Kaitai.SpecOptionalId" runstate="Runnable" seed="498911704" result="Passed" start-time="2020-03-30 15:00:16Z" end-time="2020-03-30 15:00:16Z" duration="0.001877" asserts="3" />
      </test-suite>
      <test-suite type="TestFixture" id="0-1202" name="SpecParamsCallExtraParens" fullname="Kaitai.SpecParamsCallExtraParens" classname="Kaitai.SpecParamsCallExtraParens" runstate="Runnable" testcasecount="1" result="Passed" start-time="2020-03-30 15:00:16Z" end-time="2020-03-30 15:00:16Z" duration="0.011261" total="1" passed="1" failed="0" inconclusive="0" skipped="0" asserts="1">
        <test-case id="0-1203" name="TestParamsCallExtraParens" fullname="Kaitai.SpecParamsCallExtraParens.TestParamsCallExtraParens" methodname="TestParamsCallExtraParens" classname="Kaitai.SpecParamsCallExtraParens" runstate="Runnable" seed="320209658" result="Passed" start-time="2020-03-30 15:00:16Z" end-time="2020-03-30 15:00:16Z" duration="0.002463" asserts="1" />
      </test-suite>
      <test-suite type="TestFixture" id="0-1204" name="SpecParamsCallShort" fullname="Kaitai.SpecParamsCallShort" classname="Kaitai.SpecParamsCallShort" runstate="Runnable" testcasecount="1" result="Passed" start-time="2020-03-30 15:00:16Z" end-time="2020-03-30 15:00:16Z" duration="0.007520" total="1" passed="1" failed="0" inconclusive="0" skipped="0" asserts="3">
        <test-case id="0-1205" name="TestParamsCallShort" fullname="Kaitai.SpecParamsCallShort.TestParamsCallShort" methodname="TestParamsCallShort" classname="Kaitai.SpecParamsCallShort" runstate="Runnable" seed="436885097" result="Passed" start-time="2020-03-30 15:00:16Z" end-time="2020-03-30 15:00:16Z" duration="0.003091" asserts="3" />
      </test-suite>
      <test-suite type="TestFixture" id="0-1206" name="SpecParamsDef" fullname="Kaitai.SpecParamsDef" classname="Kaitai.SpecParamsDef" runstate="Runnable" testcasecount="1" result="Passed" start-time="2020-03-30 15:00:16Z" end-time="2020-03-30 15:00:16Z" duration="0.004015" total="1" passed="1" failed="0" inconclusive="0" skipped="0" asserts="2">
        <test-case id="0-1207" name="TestParamsDef" fullname="Kaitai.SpecParamsDef.TestParamsDef" methodname="TestParamsDef" classname="Kaitai.SpecParamsDef" runstate="Runnable" seed="1370533914" result="Passed" start-time="2020-03-30 15:00:16Z" end-time="2020-03-30 15:00:16Z" duration="0.000613" asserts="2" />
      </test-suite>
      <test-suite type="TestFixture" id="0-1208" name="SpecParamsEnum" fullname="Kaitai.SpecParamsEnum" classname="Kaitai.SpecParamsEnum" runstate="Runnable" testcasecount="1" result="Passed" start-time="2020-03-30 15:00:16Z" end-time="2020-03-30 15:00:16Z" duration="0.006057" total="1" passed="1" failed="0" inconclusive="0" skipped="0" asserts="2">
        <test-case id="0-1209" name="TestParamsEnum" fullname="Kaitai.SpecParamsEnum.TestParamsEnum" methodname="TestParamsEnum" classname="Kaitai.SpecParamsEnum" runstate="Runnable" seed="1649488835" result="Passed" start-time="2020-03-30 15:00:16Z" end-time="2020-03-30 15:00:16Z" duration="0.002407" asserts="2" />
      </test-suite>
      <test-suite type="TestFixture" id="0-1210" name="SpecParamsPassUsertype" fullname="Kaitai.SpecParamsPassUsertype" classname="Kaitai.SpecParamsPassUsertype" runstate="Runnable" testcasecount="1" result="Passed" start-time="2020-03-30 15:00:16Z" end-time="2020-03-30 15:00:16Z" duration="0.006024" total="1" passed="1" failed="0" inconclusive="0" skipped="0" asserts="2">
        <test-case id="0-1211" name="TestParamsPassUsertype" fullname="Kaitai.SpecParamsPassUsertype.TestParamsPassUsertype" methodname="TestParamsPassUsertype" classname="Kaitai.SpecParamsPassUsertype" runstate="Runnable" seed="1683554915" result="Passed" start-time="2020-03-30 15:00:16Z" end-time="2020-03-30 15:00:16Z" duration="0.002747" asserts="2" />
      </test-suite>
      <test-suite type="TestFixture" id="0-1212" name="SpecPositionAbs" fullname="Kaitai.SpecPositionAbs" classname="Kaitai.SpecPositionAbs" runstate="Runnable" testcasecount="1" result="Passed" start-time="2020-03-30 15:00:16Z" end-time="2020-03-30 15:00:16Z" duration="0.006005" total="1" passed="1" failed="0" inconclusive="0" skipped="0" asserts="2">
        <test-case id="0-1213" name="TestPositionAbs" fullname="Kaitai.SpecPositionAbs.TestPositionAbs" methodname="TestPositionAbs" classname="Kaitai.SpecPositionAbs" runstate="Runnable" seed="2026555000" result="Passed" start-time="2020-03-30 15:00:16Z" end-time="2020-03-30 15:00:16Z" duration="0.002162" asserts="2" />
      </test-suite>
      <test-suite type="TestFixture" id="0-1214" name="SpecPositionInSeq" fullname="Kaitai.SpecPositionInSeq" classname="Kaitai.SpecPositionInSeq" runstate="Runnable" testcasecount="1" result="Passed" start-time="2020-03-30 15:00:16Z" end-time="2020-03-30 15:00:16Z" duration="0.007184" total="1" passed="1" failed="0" inconclusive="0" skipped="0" asserts="1">
        <test-case id="0-1215" name="TestPositionInSeq" fullname="Kaitai.SpecPositionInSeq.TestPositionInSeq" methodname="TestPositionInSeq" classname="Kaitai.SpecPositionInSeq" runstate="Runnable" seed="1440653140" result="Passed" start-time="2020-03-30 15:00:16Z" end-time="2020-03-30 15:00:16Z" duration="0.003916" asserts="1" />
      </test-suite>
      <test-suite type="TestFixture" id="0-1216" name="SpecPositionToEnd" fullname="Kaitai.SpecPositionToEnd" classname="Kaitai.SpecPositionToEnd" runstate="Runnable" testcasecount="1" result="Passed" start-time="2020-03-30 15:00:16Z" end-time="2020-03-30 15:00:16Z" duration="0.006827" total="1" passed="1" failed="0" inconclusive="0" skipped="0" asserts="2">
        <test-case id="0-1217" name="TestPositionToEnd" fullname="Kaitai.SpecPositionToEnd.TestPositionToEnd" methodname="TestPositionToEnd" classname="Kaitai.SpecPositionToEnd" runstate="Runnable" seed="2072960476" result="Passed" start-time="2020-03-30 15:00:16Z" end-time="2020-03-30 15:00:16Z" duration="0.002188" asserts="2" />
      </test-suite>
[...]
      </test-suite>
      <test-suite type="TestFixture" id="0-1302" name="SpecSwitchManualIntSize" fullname="Kaitai.SpecSwitchManualIntSize" classname="Kaitai.SpecSwitchManualIntSize" runstate="Runnable" testcasecount="1" result="Passed" start-time="2020-03-30 15:00:16Z" end-time="2020-03-30 15:00:16Z" duration="0.008959" total="1" passed="1" failed="0" inconclusive="0" skipped="0" asserts="10">
        <test-case id="0-1303" name="TestSwitchManualIntSize" fullname="Kaitai.SpecSwitchManualIntSize.TestSwitchManualIntSize" methodname="TestSwitchManualIntSize" classname="Kaitai.SpecSwitchManualIntSize" runstate="Runnable" seed="437583722" result="Passed" start-time="2020-03-30 15:00:16Z" end-time="2020-03-30 15:00:16Z" duration="0.005677" asserts="10" />
      </test-suite>
      <test-suite type="TestFixture" id="0-1304" name="SpecSwitchManualIntSizeElse" fullname="Kaitai.SpecSwitchManualIntSizeElse" classname="Kaitai.SpecSwitchManualIntSizeElse" runstate="Runnable" testcasecount="1" result="Passed" start-time="2020-03-30 15:00:16Z" end-time="2020-03-30 15:00:16Z" duration="0.017321" total="1" passed="1" failed="0" inconclusive="0" skipped="0" asserts="10">
        <test-case id="0-1305" name="TestSwitchManualIntSizeElse" fullname="Kaitai.SpecSwitchManualIntSizeElse.TestSwitchManualIntSizeElse" methodname="TestSwitchManualIntSizeElse" classname="Kaitai.SpecSwitchManualIntSizeElse" runstate="Runnable" seed="1884828659" result="Passed" start-time="2020-03-30 15:00:16Z" end-time="2020-03-30 15:00:16Z" duration="0.013099" asserts="10" />
      </test-suite>
      <test-suite type="TestFixture" id="0-1306" name="SpecSwitchManualIntSizeEos" fullname="Kaitai.SpecSwitchManualIntSizeEos" classname="Kaitai.SpecSwitchManualIntSizeEos" runstate="Runnable" testcasecount="1" result="Passed" start-time="2020-03-30 15:00:16Z" end-time="2020-03-30 15:00:16Z" duration="0.011055" total="1" passed="1" failed="0" inconclusive="0" skipped="0" asserts="10">
        <test-case id="0-1307" name="TestSwitchManualIntSizeEos" fullname="Kaitai.SpecSwitchManualIntSizeEos.TestSwitchManualIntSizeEos" methodname="TestSwitchManualIntSizeEos" classname="Kaitai.SpecSwitchManualIntSizeEos" runstate="Runnable" seed="885150373" result="Passed" start-time="2020-03-30 15:00:16Z" end-time="2020-03-30 15:00:16Z" duration="0.006924" asserts="10" />
      </test-suite>
      <test-suite type="TestFixture" id="0-1308" name="SpecSwitchManualStr" fullname="Kaitai.SpecSwitchManualStr" classname="Kaitai.SpecSwitchManualStr" runstate="Runnable" testcasecount="1" result="Passed" start-time="2020-03-30 15:00:16Z" end-time="2020-03-30 15:00:16Z" duration="0.009853" total="1" passed="1" failed="0" inconclusive="0" skipped="0" asserts="9">
        <test-case id="0-1309" name="TestSwitchManualStr" fullname="Kaitai.SpecSwitchManualStr.TestSwitchManualStr" methodname="TestSwitchManualStr" classname="Kaitai.SpecSwitchManualStr" runstate="Runnable" seed="487095885" result="Passed" start-time="2020-03-30 15:00:16Z" end-time="2020-03-30 15:00:16Z" duration="0.005123" asserts="9" />
      </test-suite>
      <test-suite type="TestFixture" id="0-1310" name="SpecSwitchManualStrElse" fullname="Kaitai.SpecSwitchManualStrElse" classname="Kaitai.SpecSwitchManualStrElse" runstate="Runnable" testcasecount="1" result="Passed" start-time="2020-03-30 15:00:16Z" end-time="2020-03-30 15:00:16Z" duration="0.010023" total="1" passed="1" failed="0" inconclusive="0" skipped="0" asserts="9">
        <test-case id="0-1311" name="TestSwitchManualStrElse" fullname="Kaitai.SpecSwitchManualStrElse.TestSwitchManualStrElse" methodname="TestSwitchManualStrElse" classname="Kaitai.SpecSwitchManualStrElse" runstate="Runnable" seed="232873213" result="Passed" start-time="2020-03-30 15:00:16Z" end-time="2020-03-30 15:00:16Z" duration="0.006862" asserts="9" />
      </test-suite>
      <test-suite type="TestFixture" id="0-1312" name="SpecSwitchMultiBoolOps" fullname="Kaitai.SpecSwitchMultiBoolOps" classname="Kaitai.SpecSwitchMultiBoolOps" runstate="Runnable" testcasecount="1" result="Passed" start-time="2020-03-30 15:00:16Z" end-time="2020-03-30 15:00:16Z" duration="0.007063" total="1" passed="1" failed="0" inconclusive="0" skipped="0" asserts="9">
        <test-case id="0-1313" name="TestSwitchMultiBoolOps" fullname="Kaitai.SpecSwitchMultiBoolOps.TestSwitchMultiBoolOps" methodname="TestSwitchMultiBoolOps" classname="Kaitai.SpecSwitchMultiBoolOps" runstate="Runnable" seed="1444607676" result="Passed" start-time="2020-03-30 15:00:16Z" end-time="2020-03-30 15:00:16Z" duration="0.003526" asserts="9" />
      </test-suite>
      <test-suite type="TestFixture" id="0-1314" name="SpecSwitchRepeatExpr" fullname="Kaitai.SpecSwitchRepeatExpr" classname="Kaitai.SpecSwitchRepeatExpr" runstate="Runnable" testcasecount="1" result="Passed" start-time="2020-03-30 15:00:16Z" end-time="2020-03-30 15:00:16Z" duration="0.006029" total="1" passed="1" failed="0" inconclusive="0" skipped="0" asserts="3">
        <test-case id="0-1315" name="TestSwitchRepeatExpr" fullname="Kaitai.SpecSwitchRepeatExpr.TestSwitchRepeatExpr" methodname="TestSwitchRepeatExpr" classname="Kaitai.SpecSwitchRepeatExpr" runstate="Runnable" seed="1667645089" result="Passed" start-time="2020-03-30 15:00:16Z" end-time="2020-03-30 15:00:16Z" duration="0.002796" asserts="3" />
      </test-suite>
      <test-suite type="TestFixture" id="0-1316" name="SpecTermBytes" fullname="Kaitai.SpecTermBytes" classname="Kaitai.SpecTermBytes" runstate="Runnable" testcasecount="1" result="Passed" start-time="2020-03-30 15:00:16Z" end-time="2020-03-30 15:00:16Z" duration="0.005020" total="1" passed="1" failed="0" inconclusive="0" skipped="0" asserts="3">
        <test-case id="0-1317" name="TestTermBytes" fullname="Kaitai.SpecTermBytes.TestTermBytes" methodname="TestTermBytes" classname="Kaitai.SpecTermBytes" runstate="Runnable" seed="1485630740" result="Passed" start-time="2020-03-30 15:00:16Z" end-time="2020-03-30 15:00:16Z" duration="0.001543" asserts="3" />
      </test-suite>
      <test-suite type="TestFixture" id="0-1318" name="SpecTermStrz" fullname="Kaitai.SpecTermStrz" classname="Kaitai.SpecTermStrz" runstate="Runnable" testcasecount="1" result="Passed" start-time="2020-03-30 15:00:16Z" end-time="2020-03-30 15:00:16Z" duration="0.004018" total="1" passed="1" failed="0" inconclusive="0" skipped="0" asserts="3">
        <test-case id="0-1319" name="TestTermStrz" fullname="Kaitai.SpecTermStrz.TestTermStrz" methodname="TestTermStrz" classname="Kaitai.SpecTermStrz" runstate="Runnable" seed="103820006" result="Passed" start-time="2020-03-30 15:00:16Z" end-time="2020-03-30 15:00:16Z" duration="0.000732" asserts="3" />
      </test-suite>
      <test-suite type="TestFixture" id="0-1320" name="SpecTsPacketHeader" fullname="Kaitai.SpecTsPacketHeader" classname="Kaitai.SpecTsPacketHeader" runstate="Runnable" testcasecount="1" result="Passed" start-time="2020-03-30 15:00:16Z" end-time="2020-03-30 15:00:16Z" duration="0.007936" total="1" passed="1" failed="0" inconclusive="0" skipped="0" asserts="7">
        <test-case id="0-1321" name="TestTsPacketHeader" fullname="Kaitai.SpecTsPacketHeader.TestTsPacketHeader" methodname="TestTsPacketHeader" classname="Kaitai.SpecTsPacketHeader" runstate="Runnable" seed="767210722" result="Passed" start-time="2020-03-30 15:00:16Z" end-time="2020-03-30 15:00:16Z" duration="0.004799" asserts="7" />
      </test-suite>
      <test-suite type="TestFixture" id="0-1322" name="SpecTypeIntUnaryOp" fullname="Kaitai.SpecTypeIntUnaryOp" classname="Kaitai.SpecTypeIntUnaryOp" runstate="Runnable" testcasecount="1" result="Passed" start-time="2020-03-30 15:00:16Z" end-time="2020-03-30 15:00:16Z" duration="0.005740" total="1" passed="1" failed="0" inconclusive="0" skipped="0" asserts="4">
        <test-case id="0-1323" name="TestTypeIntUnaryOp" fullname="Kaitai.SpecTypeIntUnaryOp.TestTypeIntUnaryOp" methodname="TestTypeIntUnaryOp" classname="Kaitai.SpecTypeIntUnaryOp" runstate="Runnable" seed="532731751" result="Passed" start-time="2020-03-30 15:00:16Z" end-time="2020-03-30 15:00:16Z" duration="0.002112" asserts="4" />
      </test-suite>
      <test-suite type="TestFixture" id="0-1324" name="SpecTypeTernary" fullname="Kaitai.SpecTypeTernary" classname="Kaitai.SpecTypeTernary" runstate="Runnable" testcasecount="1" result="Passed" start-time="2020-03-30 15:00:16Z" end-time="2020-03-30 15:00:16Z" duration="0.011013" total="1" passed="1" failed="0" inconclusive="0" skipped="0" asserts="1">
        <test-case id="0-1325" name="TestTypeTernary" fullname="Kaitai.SpecTypeTernary.TestTypeTernary" methodname="TestTypeTernary" classname="Kaitai.SpecTypeTernary" runstate="Runnable" seed="1207785991" result="Passed" start-time="2020-03-30 15:00:16Z" end-time="2020-03-30 15:00:16Z" duration="0.007499" asserts="1" />
      </test-suite>
      <test-suite type="TestFixture" id="0-1326" name="SpecTypeTernaryOpaque" fullname="Kaitai.SpecTypeTernaryOpaque" classname="Kaitai.SpecTypeTernaryOpaque" runstate="Runnable" testcasecount="1" result="Passed" start-time="2020-03-30 15:00:16Z" end-time="2020-03-30 15:00:16Z" duration="0.008649" total="1" passed="1" failed="0" inconclusive="0" skipped="0" asserts="3">
        <test-case id="0-1327" name="TestTypeTernaryOpaque" fullname="Kaitai.SpecTypeTernaryOpaque.TestTypeTernaryOpaque" methodname="TestTypeTernaryOpaque" classname="Kaitai.SpecTypeTernaryOpaque" runstate="Runnable" seed="332416800" result="Passed" start-time="2020-03-30 15:00:16Z" end-time="2020-03-30 15:00:16Z" duration="0.002681" asserts="3" />
      </test-suite>
      <test-suite type="TestFixture" id="0-1328" name="SpecUserType" fullname="Kaitai.SpecUserType" classname="Kaitai.SpecUserType" runstate="Runnable" testcasecount="1" result="Passed" start-time="2020-03-30 15:00:16Z" end-time="2020-03-30 15:00:16Z" duration="0.008021" total="1" passed="1" failed="0" inconclusive="0" skipped="0" asserts="2">
        <test-case id="0-1329" name="TestUserType" fullname="Kaitai.SpecUserType.TestUserType" methodname="TestUserType" classname="Kaitai.SpecUserType" runstate="Runnable" seed="1247491388" result="Passed" start-time="2020-03-30 15:00:16Z" end-time="2020-03-30 15:00:16Z" duration="0.004373" asserts="2" />
      </test-suite>
      <test-suite type="TestFixture" id="0-1330" name="SpecValidFailAnyofInt" fullname="Kaitai.SpecValidFailAnyofInt" classname="Kaitai.SpecValidFailAnyofInt" runstate="Runnable" testcasecount="1" result="Passed" start-time="2020-03-30 15:00:16Z" end-time="2020-03-30 15:00:16Z" duration="0.006532" total="1" passed="1" failed="0" inconclusive="0" skipped="0" asserts="1">
        <test-case id="0-1331" name="TestValidFailAnyofInt" fullname="Kaitai.SpecValidFailAnyofInt.TestValidFailAnyofInt" methodname="TestValidFailAnyofInt" classname="Kaitai.SpecValidFailAnyofInt" runstate="Runnable" seed="997114489" result="Passed" start-time="2020-03-30 15:00:16Z" end-time="2020-03-30 15:00:16Z" duration="0.002429" asserts="1" />
      </test-suite>
      <test-suite type="TestFixture" id="0-1332" name="SpecValidFailContents" fullname="Kaitai.SpecValidFailContents" classname="Kaitai.SpecValidFailContents" runstate="Runnable" testcasecount="1" result="Passed" start-time="2020-03-30 15:00:16Z" end-time="2020-03-30 15:00:16Z" duration="0.007022" total="1" passed="1" failed="0" inconclusive="0" skipped="0" asserts="1">
        <test-case id="0-1333" name="TestValidFailContents" fullname="Kaitai.SpecValidFailContents.TestValidFailContents" methodname="TestValidFailContents" classname="Kaitai.SpecValidFailContents" runstate="Runnable" seed="439709890" result="Passed" start-time="2020-03-30 15:00:16Z" end-time="2020-03-30 15:00:16Z" duration="0.003427" asserts="1" />
      </test-suite>
      <test-suite type="TestFixture" id="0-1334" name="SpecValidFailEqBytes" fullname="Kaitai.SpecValidFailEqBytes" classname="Kaitai.SpecValidFailEqBytes" runstate="Runnable" testcasecount="1" result="Passed" start-time="2020-03-30 15:00:16Z" end-time="2020-03-30 15:00:16Z" duration="0.005116" total="1" passed="1" failed="0" inconclusive="0" skipped="0" asserts="1">
        <test-case id="0-1335" name="TestValidFailEqBytes" fullname="Kaitai.SpecValidFailEqBytes.TestValidFailEqBytes" methodname="TestValidFailEqBytes" classname="Kaitai.SpecValidFailEqBytes" runstate="Runnable" seed="1033644164" result="Passed" start-time="2020-03-30 15:00:16Z" end-time="2020-03-30 15:00:16Z" duration="0.001927" asserts="1" />
      </test-suite>
      <test-suite type="TestFixture" id="0-1336" name="SpecValidFailEqInt" fullname="Kaitai.SpecValidFailEqInt" classname="Kaitai.SpecValidFailEqInt" runstate="Runnable" testcasecount="1" result="Passed" start-time="2020-03-30 15:00:16Z" end-time="2020-03-30 15:00:16Z" duration="0.007950" total="1" passed="1" failed="0" inconclusive="0" skipped="0" asserts="1">
        <test-case id="0-1337" name="TestValidFailEqInt" fullname="Kaitai.SpecValidFailEqInt.TestValidFailEqInt" methodname="TestValidFailEqInt" classname="Kaitai.SpecValidFailEqInt" runstate="Runnable" seed="210195402" result="Passed" start-time="2020-03-30 15:00:16Z" end-time="2020-03-30 15:00:16Z" duration="0.004181" asserts="1" />
      </test-suite>
      <test-suite type="TestFixture" id="0-1338" name="SpecValidFailInst" fullname="Kaitai.SpecValidFailInst" classname="Kaitai.SpecValidFailInst" runstate="Runnable" testcasecount="1" result="Passed" start-time="2020-03-30 15:00:16Z" end-time="2020-03-30 15:00:16Z" duration="0.006895" total="1" passed="1" failed="0" inconclusive="0" skipped="0" asserts="1">
        <test-case id="0-1339" name="TestValidFailInst" fullname="Kaitai.SpecValidFailInst.TestValidFailInst" methodname="TestValidFailInst" classname="Kaitai.SpecValidFailInst" runstate="Runnable" seed="773938444" result="Passed" start-time="2020-03-30 15:00:16Z" end-time="2020-03-30 15:00:16Z" duration="0.001949" asserts="1" />
      </test-suite>
      <test-suite type="TestFixture" id="0-1340" name="SpecValidFailMaxInt" fullname="Kaitai.SpecValidFailMaxInt" classname="Kaitai.SpecValidFailMaxInt" runstate="Runnable" testcasecount="1" result="Passed" start-time="2020-03-30 15:00:16Z" end-time="2020-03-30 15:00:16Z" duration="0.008022" total="1" passed="1" failed="0" inconclusive="0" skipped="0" asserts="1">
        <test-case id="0-1341" name="TestValidFailMaxInt" fullname="Kaitai.SpecValidFailMaxInt.TestValidFailMaxInt" methodname="TestValidFailMaxInt" classname="Kaitai.SpecValidFailMaxInt" runstate="Runnable" seed="966441906" result="Passed" start-time="2020-03-30 15:00:16Z" end-time="2020-03-30 15:00:16Z" duration="0.004639" asserts="1" />
      </test-suite>
      <test-suite type="TestFixture" id="0-1342" name="SpecValidFailMinInt" fullname="Kaitai.SpecValidFailMinInt" classname="Kaitai.SpecValidFailMinInt" runstate="Runnable" testcasecount="1" result="Passed" start-time="2020-03-30 15:00:16Z" end-time="2020-03-30 15:00:16Z" duration="0.006033" total="1" passed="1" failed="0" inconclusive="0" skipped="0" asserts="1">
        <test-case id="0-1343" name="TestValidFailMinInt" fullname="Kaitai.SpecValidFailMinInt.TestValidFailMinInt" methodname="TestValidFailMinInt" classname="Kaitai.SpecValidFailMinInt" runstate="Runnable" seed="298811909" result="Passed" start-time="2020-03-30 15:00:16Z" end-time="2020-03-30 15:00:16Z" duration="0.002362" asserts="1" />
      </test-suite>
      <test-suite type="TestFixture" id="0-1344" name="SpecValidFailRangeInt" fullname="Kaitai.SpecValidFailRangeInt" classname="Kaitai.SpecValidFailRangeInt" runstate="Runnable" testcasecount="1" result="Passed" start-time="2020-03-30 15:00:16Z" end-time="2020-03-30 15:00:16Z" duration="0.008676" total="1" passed="1" failed="0" inconclusive="0" skipped="0" asserts="1">
        <test-case id="0-1345" name="TestValidFailRangeInt" fullname="Kaitai.SpecValidFailRangeInt.TestValidFailRangeInt" methodname="TestValidFailRangeInt" classname="Kaitai.SpecValidFailRangeInt" runstate="Runnable" seed="1946170670" result="Passed" start-time="2020-03-30 15:00:16Z" end-time="2020-03-30 15:00:16Z" duration="0.002756" asserts="1" />
      </test-suite>
      <test-suite type="TestFixture" id="0-1346" name="SpecValidLong" fullname="Kaitai.SpecValidLong" classname="Kaitai.SpecValidLong" runstate="Runnable" testcasecount="1" result="Passed" start-time="2020-03-30 15:00:16Z" end-time="2020-03-30 15:00:16Z" duration="0.008509" total="1" passed="1" failed="0" inconclusive="0" skipped="0" asserts="0">
        <test-case id="0-1347" name="TestValidLong" fullname="Kaitai.SpecValidLong.TestValidLong" methodname="TestValidLong" classname="Kaitai.SpecValidLong" runstate="Runnable" seed="295108965" result="Passed" start-time="2020-03-30 15:00:16Z" end-time="2020-03-30 15:00:16Z" duration="0.004552" asserts="0" />
      </test-suite>
      <test-suite type="TestFixture" id="0-1348" name="SpecValidNotParsedIf" fullname="Kaitai.SpecValidNotParsedIf" classname="Kaitai.SpecValidNotParsedIf" runstate="Runnable" testcasecount="1" result="Passed" start-time="2020-03-30 15:00:16Z" end-time="2020-03-30 15:00:17Z" duration="0.006012" total="1" passed="1" failed="0" inconclusive="0" skipped="0" asserts="0">
        <test-case id="0-1349" name="TestValidNotParsedIf" fullname="Kaitai.SpecValidNotParsedIf.TestValidNotParsedIf" methodname="TestValidNotParsedIf" classname="Kaitai.SpecValidNotParsedIf" runstate="Runnable" seed="1434555737" result="Passed" start-time="2020-03-30 15:00:16Z" end-time="2020-03-30 15:00:17Z" duration="0.001620" asserts="0" />
      </test-suite>
      <test-suite type="TestFixture" id="0-1350" name="SpecValidShort" fullname="Kaitai.SpecValidShort" classname="Kaitai.SpecValidShort" runstate="Runnable" testcasecount="1" result="Passed" start-time="2020-03-30 15:00:17Z" end-time="2020-03-30 15:00:17Z" duration="0.007989" total="1" passed="1" failed="0" inconclusive="0" skipped="0" asserts="0">
        <test-case id="0-1351" name="TestValidShort" fullname="Kaitai.SpecValidShort.TestValidShort" methodname="TestValidShort" classname="Kaitai.SpecValidShort" runstate="Runnable" seed="660998749" result="Passed" start-time="2020-03-30 15:00:17Z" end-time="2020-03-30 15:00:17Z" duration="0.004505" asserts="0" />
      </test-suite>
      <test-suite type="TestFixture" id="0-1352" name="SpecValidSwitch" fullname="Kaitai.SpecValidSwitch" classname="Kaitai.SpecValidSwitch" runstate="Runnable" testcasecount="1" result="Passed" start-time="2020-03-30 15:00:17Z" end-time="2020-03-30 15:00:17Z" duration="0.006018" total="1" passed="1" failed="0" inconclusive="0" skipped="0" asserts="0">
        <test-case id="0-1353" name="TestValidSwitch" fullname="Kaitai.SpecValidSwitch.TestValidSwitch" methodname="TestValidSwitch" classname="Kaitai.SpecValidSwitch" runstate="Runnable" seed="364657435" result="Passed" start-time="2020-03-30 15:00:17Z" end-time="2020-03-30 15:00:17Z" duration="0.002463" asserts="0" />
      </test-suite>
      <test-suite type="TestFixture" id="0-1354" name="SpecZlibWithHeader78" fullname="Kaitai.SpecZlibWithHeader78" classname="Kaitai.SpecZlibWithHeader78" runstate="Runnable" testcasecount="1" result="Passed" start-time="2020-03-30 15:00:17Z" end-time="2020-03-30 15:00:17Z" duration="0.052696" total="1" passed="1" failed="0" inconclusive="0" skipped="0" asserts="1">
        <test-case id="0-1355" name="TestZlibWithHeader78" fullname="Kaitai.SpecZlibWithHeader78.TestZlibWithHeader78" methodname="TestZlibWithHeader78" classname="Kaitai.SpecZlibWithHeader78" runstate="Runnable" seed="385378210" result="Passed" start-time="2020-03-30 15:00:17Z" end-time="2020-03-30 15:00:17Z" duration="0.038506" asserts="1" />
      </test-suite>
    </test-suite>
  </test-suite>
</test-run>