<?xml version="1.0" encoding="utf-8" standalone="no"?>
<test-run id="0" runstate="Runnable" testcasecount="249" result="Failed" total="249" passed="248" failed="1" inconclusive="0" skipped="0" asserts="1103" engine-version="3.12.0.0" clr-version="4.0.30319.42000" start-time="2024-08-07 14:06:51Z" end-time="2024-08-07 14:06:55Z" duration="3.787674">
  <command-line><![CDATA[C:\Users\runneradmin\.nuget\packages\nunit.consolerunner\3.12.0\tools\nunit3-console.exe --result=test_out/csharp/TestResult.xml spec/csharp/kaitai_struct_csharp_tests_netframework/bin/Debug/kaitai_struct_csharp_tests.dll]]></command-line>
  <test-suite type="Assembly" id="1-1498" name="kaitai_struct_csharp_tests.dll" fullname="D:\a\ci_targets\ci_targets\tests\spec\csharp\kaitai_struct_csharp_tests_netframework\bin\Debug\kaitai_struct_csharp_tests.dll" runstate="Runnable" testcasecount="249" result="Failed" site="Child" start-time="2024-08-07T14:06:54.4617372Z" end-time="2024-08-07T14:06:55.3998439Z" duration="0.939159" total="249" passed="248" failed="1" warnings="0" inconclusive="0" skipped="0" asserts="1103">
    <environment framework-version="3.14.0.0" clr-version="4.0.30319.42000" os-version="Microsoft Windows NT 10.0.20348.0" platform="Win32NT" cwd="D:\a\ci_targets\ci_targets\tests" machine-name="fv-az1760-365" user="runneradmin" user-domain="fv-az1760-365" culture="en-US" uiculture="en-US" os-architecture="x64" />
    <settings>
      <setting name="DisposeRunners" value="True" />
      <setting name="WorkDirectory" value="D:\a\ci_targets\ci_targets\tests" />
      <setting name="ImageRuntimeVersion" value="4.0.30319" />
      <setting name="ImageTargetFrameworkName" value=".NETFramework,Version=v4.8" />
      <setting name="ImageRequiresX86" value="False" />
      <setting name="ImageRequiresDefaultAppDomainAssemblyResolver" value="False" />
      <setting name="TargetRuntimeFramework" value="net-4.0" />
      <setting name="NumberOfTestWorkers" value="4" />
    </settings>
    <properties>
      <property name="_PID" value="2204" />
      <property name="_APPDOMAIN" value="domain-" />
    </properties>
    <failure>
      <message><![CDATA[One or more child tests had errors]]></message>
    </failure>
    <test-suite type="TestSuite" id="1-1499" name="Kaitai" fullname="Kaitai" runstate="Runnable" testcasecount="249" result="Failed" site="Child" start-time="2024-08-07T14:06:54.4773997Z" end-time="2024-08-07T14:06:55.3998439Z" duration="0.923950" total="249" passed="248" failed="1" warnings="0" inconclusive="0" skipped="0" asserts="1103">
      <failure>
        <message><![CDATA[One or more child tests had errors]]></message>
      </failure>
      <test-suite type="TestFixture" id="1-1000" name="SpecBcdUserTypeBe" fullname="Kaitai.SpecBcdUserTypeBe" classname="Kaitai.SpecBcdUserTypeBe" runstate="Runnable" testcasecount="1" result="Passed" start-time="2024-08-07T14:06:54.4773997Z" end-time="2024-08-07T14:06:54.7435876Z" duration="0.264728" total="1" passed="1" failed="0" warnings="0" inconclusive="0" skipped="0" asserts="6">
        <test-case id="1-1001" name="TestBcdUserTypeBe" fullname="Kaitai.SpecBcdUserTypeBe.TestBcdUserTypeBe" methodname="TestBcdUserTypeBe" classname="Kaitai.SpecBcdUserTypeBe" runstate="Runnable" seed="497386959" result="Passed" start-time="2024-08-07T14:06:54.4930042Z" end-time="2024-08-07T14:06:54.7435876Z" duration="0.256782" asserts="6" />
      </test-suite>
      <test-suite type="TestFixture" id="1-1002" name="SpecBcdUserTypeLe" fullname="Kaitai.SpecBcdUserTypeLe" classname="Kaitai.SpecBcdUserTypeLe" runstate="Runnable" testcasecount="1" result="Passed" start-time="2024-08-07T14:06:54.7592113Z" end-time="2024-08-07T14:06:54.7592113Z" duration="0.004888" total="1" passed="1" failed="0" warnings="0" inconclusive="0" skipped="0" asserts="6">
        <test-case id="1-1003" name="TestBcdUserTypeLe" fullname="Kaitai.SpecBcdUserTypeLe.TestBcdUserTypeLe" methodname="TestBcdUserTypeLe" classname="Kaitai.SpecBcdUserTypeLe" runstate="Runnable" seed="417879404" result="Passed" start-time="2024-08-07T14:06:54.7592113Z" end-time="2024-08-07T14:06:54.7592113Z" duration="0.004716" asserts="6" />
      </test-suite>
      <test-suite type="TestFixture" id="1-1004" name="SpecBitsByteAligned" fullname="Kaitai.SpecBitsByteAligned" classname="Kaitai.SpecBitsByteAligned" runstate="Runnable" testcasecount="1" result="Passed" start-time="2024-08-07T14:06:54.7592113Z" end-time="2024-08-07T14:06:54.7592113Z" duration="0.007339" total="1" passed="1" failed="0" warnings="0" inconclusive="0" skipped="0" asserts="9">
        <test-case id="1-1005" name="TestBitsByteAligned" fullname="Kaitai.SpecBitsByteAligned.TestBitsByteAligned" methodname="TestBitsByteAligned" classname="Kaitai.SpecBitsByteAligned" runstate="Runnable" seed="1176168354" result="Passed" start-time="2024-08-07T14:06:54.7592113Z" end-time="2024-08-07T14:06:54.7592113Z" duration="0.007196" asserts="9" />
      </test-suite>
      <test-suite type="TestFixture" id="1-1006" name="SpecBitsEnum" fullname="Kaitai.SpecBitsEnum" classname="Kaitai.SpecBitsEnum" runstate="Runnable" testcasecount="1" result="Passed" start-time="2024-08-07T14:06:54.7592113Z" end-time="2024-08-07T14:06:54.7748272Z" duration="0.006088" total="1" passed="1" failed="0" warnings="0" inconclusive="0" skipped="0" asserts="3">
        <test-case id="1-1007" name="TestBitsEnum" fullname="Kaitai.SpecBitsEnum.TestBitsEnum" methodname="TestBitsEnum" classname="Kaitai.SpecBitsEnum" runstate="Runnable" seed="1385107002" result="Passed" start-time="2024-08-07T14:06:54.7592113Z" end-time="2024-08-07T14:06:54.7748272Z" duration="0.005973" asserts="3" />
      </test-suite>
      <test-suite type="TestFixture" id="1-1008" name="SpecBitsSeqEndianCombo" fullname="Kaitai.SpecBitsSeqEndianCombo" classname="Kaitai.SpecBitsSeqEndianCombo" runstate="Runnable" testcasecount="1" result="Passed" start-time="2024-08-07T14:06:54.7748272Z" end-time="2024-08-07T14:06:54.7748272Z" duration="0.001875" total="1" passed="1" failed="0" warnings="0" inconclusive="0" skipped="0" asserts="8">
        <test-case id="1-1009" name="TestBitsSeqEndianCombo" fullname="Kaitai.SpecBitsSeqEndianCombo.TestBitsSeqEndianCombo" methodname="TestBitsSeqEndianCombo" classname="Kaitai.SpecBitsSeqEndianCombo" runstate="Runnable" seed="1088080325" result="Passed" start-time="2024-08-07T14:06:54.7748272Z" end-time="2024-08-07T14:06:54.7748272Z" duration="0.001749" asserts="8" />
      </test-suite>
      <test-suite type="TestFixture" id="1-1010" name="SpecBitsShiftByB32Le" fullname="Kaitai.SpecBitsShiftByB32Le" classname="Kaitai.SpecBitsShiftByB32Le" runstate="Runnable" testcasecount="1" result="Passed" start-time="2024-08-07T14:06:54.7748272Z" end-time="2024-08-07T14:06:54.7748272Z" duration="0.000802" total="1" passed="1" failed="0" warnings="0" inconclusive="0" skipped="0" asserts="2">
        <test-case id="1-1011" name="TestBitsShiftByB32Le" fullname="Kaitai.SpecBitsShiftByB32Le.TestBitsShiftByB32Le" methodname="TestBitsShiftByB32Le" classname="Kaitai.SpecBitsShiftByB32Le" runstate="Runnable" seed="1186030195" result="Passed" start-time="2024-08-07T14:06:54.7748272Z" end-time="2024-08-07T14:06:54.7748272Z" duration="0.000688" asserts="2" />
      </test-suite>
      <test-suite type="TestFixture" id="1-1012" name="SpecBitsShiftByB64Le" fullname="Kaitai.SpecBitsShiftByB64Le" classname="Kaitai.SpecBitsShiftByB64Le" runstate="Runnable" testcasecount="1" result="Passed" start-time="2024-08-07T14:06:54.7748272Z" end-time="2024-08-07T14:06:54.7748272Z" duration="0.000632" total="1" passed="1" failed="0" warnings="0" inconclusive="0" skipped="0" asserts="2">
        <test-case id="1-1013" name="TestBitsShiftByB64Le" fullname="Kaitai.SpecBitsShiftByB64Le.TestBitsShiftByB64Le" methodname="TestBitsShiftByB64Le" classname="Kaitai.SpecBitsShiftByB64Le" runstate="Runnable" seed="889876511" result="Passed" start-time="2024-08-07T14:06:54.7748272Z" end-time="2024-08-07T14:06:54.7748272Z" duration="0.000506" asserts="2" />
      </test-suite>
      <test-suite type="TestFixture" id="1-1014" name="SpecBitsSignedResB32Be" fullname="Kaitai.SpecBitsSignedResB32Be" classname="Kaitai.SpecBitsSignedResB32Be" runstate="Runnable" testcasecount="1" result="Passed" start-time="2024-08-07T14:06:54.7748272Z" end-time="2024-08-07T14:06:54.7748272Z" duration="0.000464" total="1" passed="1" failed="0" warnings="0" inconclusive="0" skipped="0" asserts="1">
        <test-case id="1-1015" name="TestBitsSignedResB32Be" fullname="Kaitai.SpecBitsSignedResB32Be.TestBitsSignedResB32Be" methodname="TestBitsSignedResB32Be" classname="Kaitai.SpecBitsSignedResB32Be" runstate="Runnable" seed="1838379551" result="Passed" start-time="2024-08-07T14:06:54.7748272Z" end-time="2024-08-07T14:06:54.7748272Z" duration="0.000369" asserts="1" />
      </test-suite>
      <test-suite type="TestFixture" id="1-1016" name="SpecBitsSignedResB32Le" fullname="Kaitai.SpecBitsSignedResB32Le" classname="Kaitai.SpecBitsSignedResB32Le" runstate="Runnable" testcasecount="1" result="Passed" start-time="2024-08-07T14:06:54.7748272Z" end-time="2024-08-07T14:06:54.7748272Z" duration="0.000441" total="1" passed="1" failed="0" warnings="0" inconclusive="0" skipped="0" asserts="1">
        <test-case id="1-1017" name="TestBitsSignedResB32Le" fullname="Kaitai.SpecBitsSignedResB32Le.TestBitsSignedResB32Le" methodname="TestBitsSignedResB32Le" classname="Kaitai.SpecBitsSignedResB32Le" runstate="Runnable" seed="412890977" result="Passed" start-time="2024-08-07T14:06:54.7748272Z" end-time="2024-08-07T14:06:54.7748272Z" duration="0.000354" asserts="1" />
      </test-suite>
      <test-suite type="TestFixture" id="1-1018" name="SpecBitsSignedShiftB32Le" fullname="Kaitai.SpecBitsSignedShiftB32Le" classname="Kaitai.SpecBitsSignedShiftB32Le" runstate="Runnable" testcasecount="1" result="Passed" start-time="2024-08-07T14:06:54.7748272Z" end-time="2024-08-07T14:06:54.7748272Z" duration="0.000526" total="1" passed="1" failed="0" warnings="0" inconclusive="0" skipped="0" asserts="2">
        <test-case id="1-1019" name="TestBitsSignedShiftB32Le" fullname="Kaitai.SpecBitsSignedShiftB32Le.TestBitsSignedShiftB32Le" methodname="TestBitsSignedShiftB32Le" classname="Kaitai.SpecBitsSignedShiftB32Le" runstate="Runnable" seed="1384606158" result="Passed" start-time="2024-08-07T14:06:54.7748272Z" end-time="2024-08-07T14:06:54.7748272Z" duration="0.000440" asserts="2" />
      </test-suite>
      <test-suite type="TestFixture" id="1-1020" name="SpecBitsSignedShiftB64Le" fullname="Kaitai.SpecBitsSignedShiftB64Le" classname="Kaitai.SpecBitsSignedShiftB64Le" runstate="Runnable" testcasecount="1" result="Passed" start-time="2024-08-07T14:06:54.7748272Z" end-time="2024-08-07T14:06:54.7748272Z" duration="0.000516" total="1" passed="1" failed="0" warnings="0" inconclusive="0" skipped="0" asserts="2">
        <test-case id="1-1021" name="TestBitsSignedShiftB64Le" fullname="Kaitai.SpecBitsSignedShiftB64Le.TestBitsSignedShiftB64Le" methodname="TestBitsSignedShiftB64Le" classname="Kaitai.SpecBitsSignedShiftB64Le" runstate="Runnable" seed="1443557250" result="Passed" start-time="2024-08-07T14:06:54.7748272Z" end-time="2024-08-07T14:06:54.7748272Z" duration="0.000431" asserts="2" />
      </test-suite>
      <test-suite type="TestFixture" id="1-1022" name="SpecBitsSimple" fullname="Kaitai.SpecBitsSimple" classname="Kaitai.SpecBitsSimple" runstate="Runnable" testcasecount="1" result="Passed" start-time="2024-08-07T14:06:54.7748272Z" end-time="2024-08-07T14:06:54.7748272Z" duration="0.001736" total="1" passed="1" failed="0" warnings="0" inconclusive="0" skipped="0" asserts="14">
        <test-case id="1-1023" name="TestBitsSimple" fullname="Kaitai.SpecBitsSimple.TestBitsSimple" methodname="TestBitsSimple" classname="Kaitai.SpecBitsSimple" runstate="Runnable" seed="155469847" result="Passed" start-time="2024-08-07T14:06:54.7748272Z" end-time="2024-08-07T14:06:54.7748272Z" duration="0.001648" asserts="14" />
      </test-suite>
      <test-suite type="TestFixture" id="1-1024" name="SpecBitsSimpleLe" fullname="Kaitai.SpecBitsSimpleLe" classname="Kaitai.SpecBitsSimpleLe" runstate="Runnable" testcasecount="1" result="Passed" start-time="2024-08-07T14:06:54.7748272Z" end-time="2024-08-07T14:06:54.7748272Z" duration="0.001460" total="1" passed="1" failed="0" warnings="0" inconclusive="0" skipped="0" asserts="14">
        <test-case id="1-1025" name="TestBitsSimpleLe" fullname="Kaitai.SpecBitsSimpleLe.TestBitsSimpleLe" methodname="TestBitsSimpleLe" classname="Kaitai.SpecBitsSimpleLe" runstate="Runnable" seed="1481990966" result="Passed" start-time="2024-08-07T14:06:54.7748272Z" end-time="2024-08-07T14:06:54.7748272Z" duration="0.001361" asserts="14" />
      </test-suite>
      <test-suite type="TestFixture" id="1-1026" name="SpecBitsUnalignedB32Be" fullname="Kaitai.SpecBitsUnalignedB32Be" classname="Kaitai.SpecBitsUnalignedB32Be" runstate="Runnable" testcasecount="1" result="Passed" start-time="2024-08-07T14:06:54.7748272Z" end-time="2024-08-07T14:06:54.7748272Z" duration="0.000639" total="1" passed="1" failed="0" warnings="0" inconclusive="0" skipped="0" asserts="3">
        <test-case id="1-1027" name="TestBitsUnalignedB32Be" fullname="Kaitai.SpecBitsUnalignedB32Be.TestBitsUnalignedB32Be" methodname="TestBitsUnalignedB32Be" classname="Kaitai.SpecBitsUnalignedB32Be" runstate="Runnable" seed="1206917604" result="Passed" start-time="2024-08-07T14:06:54.7748272Z" end-time="2024-08-07T14:06:54.7748272Z" duration="0.000548" asserts="3" />
      </test-suite>
      <test-suite type="TestFixture" id="1-1028" name="SpecBitsUnalignedB32Le" fullname="Kaitai.SpecBitsUnalignedB32Le" classname="Kaitai.SpecBitsUnalignedB32Le" runstate="Runnable" testcasecount="1" result="Passed" start-time="2024-08-07T14:06:54.7748272Z" end-time="2024-08-07T14:06:54.7748272Z" duration="0.000622" total="1" passed="1" failed="0" warnings="0" inconclusive="0" skipped="0" asserts="3">
        <test-case id="1-1029" name="TestBitsUnalignedB32Le" fullname="Kaitai.SpecBitsUnalignedB32Le.TestBitsUnalignedB32Le" methodname="TestBitsUnalignedB32Le" classname="Kaitai.SpecBitsUnalignedB32Le" runstate="Runnable" seed="1493134398" result="Passed" start-time="2024-08-07T14:06:54.7748272Z" end-time="2024-08-07T14:06:54.7748272Z" duration="0.000533" asserts="3" />
      </test-suite>
      <test-suite type="TestFixture" id="1-1030" name="SpecBitsUnalignedB64Be" fullname="Kaitai.SpecBitsUnalignedB64Be" classname="Kaitai.SpecBitsUnalignedB64Be" runstate="Runnable" testcasecount="1" result="Passed" start-time="2024-08-07T14:06:54.7748272Z" end-time="2024-08-07T14:06:54.7748272Z" duration="0.000626" total="1" passed="1" failed="0" warnings="0" inconclusive="0" skipped="0" asserts="3">
        <test-case id="1-1031" name="TestBitsUnalignedB64Be" fullname="Kaitai.SpecBitsUnalignedB64Be.TestBitsUnalignedB64Be" methodname="TestBitsUnalignedB64Be" classname="Kaitai.SpecBitsUnalignedB64Be" runstate="Runnable" seed="1070035352" result="Passed" start-time="2024-08-07T14:06:54.7748272Z" end-time="2024-08-07T14:06:54.7748272Z" duration="0.000537" asserts="3" />
      </test-suite>
      <test-suite type="TestFixture" id="1-1032" name="SpecBitsUnalignedB64Le" fullname="Kaitai.SpecBitsUnalignedB64Le" classname="Kaitai.SpecBitsUnalignedB64Le" runstate="Runnable" testcasecount="1" result="Passed" start-time="2024-08-07T14:06:54.7748272Z" end-time="2024-08-07T14:06:54.7748272Z" duration="0.000615" total="1" passed="1" failed="0" warnings="0" inconclusive="0" skipped="0" asserts="3">
        <test-case id="1-1033" name="TestBitsUnalignedB64Le" fullname="Kaitai.SpecBitsUnalignedB64Le.TestBitsUnalignedB64Le" methodname="TestBitsUnalignedB64Le" classname="Kaitai.SpecBitsUnalignedB64Le" runstate="Runnable" seed="300325941" result="Passed" start-time="2024-08-07T14:06:54.7748272Z" end-time="2024-08-07T14:06:54.7748272Z" duration="0.000528" asserts="3" />
      </test-suite>
      <test-suite type="TestFixture" id="1-1034" name="SpecBufferedStruct" fullname="Kaitai.SpecBufferedStruct" classname="Kaitai.SpecBufferedStruct" runstate="Runnable" testcasecount="1" result="Passed" start-time="2024-08-07T14:06:54.7748272Z" end-time="2024-08-07T14:06:54.7904567Z" duration="0.001670" total="1" passed="1" failed="0" warnings="0" inconclusive="0" skipped="0" asserts="7">
        <test-case id="1-1035" name="TestBufferedStruct" fullname="Kaitai.SpecBufferedStruct.TestBufferedStruct" methodname="TestBufferedStruct" classname="Kaitai.SpecBufferedStruct" runstate="Runnable" seed="595088135" result="Passed" start-time="2024-08-07T14:06:54.7748272Z" end-time="2024-08-07T14:06:54.7904567Z" duration="0.001581" asserts="7" />
      </test-suite>
      <test-suite type="TestFixture" id="1-1036" name="SpecBytesPadTerm" fullname="Kaitai.SpecBytesPadTerm" classname="Kaitai.SpecBytesPadTerm" runstate="Runnable" testcasecount="1" result="Passed" start-time="2024-08-07T14:06:54.7904567Z" end-time="2024-08-07T14:06:54.7904567Z" duration="0.001096" total="1" passed="1" failed="0" warnings="0" inconclusive="0" skipped="0" asserts="4">
        <test-case id="1-1037" name="TestBytesPadTerm" fullname="Kaitai.SpecBytesPadTerm.TestBytesPadTerm" methodname="TestBytesPadTerm" classname="Kaitai.SpecBytesPadTerm" runstate="Runnable" seed="1926197263" result="Passed" start-time="2024-08-07T14:06:54.7904567Z" end-time="2024-08-07T14:06:54.7904567Z" duration="0.000995" asserts="4" />
      </test-suite>
      <test-suite type="TestFixture" id="1-1038" name="SpecCastNested" fullname="Kaitai.SpecCastNested" classname="Kaitai.SpecCastNested" runstate="Runnable" testcasecount="1" result="Passed" start-time="2024-08-07T14:06:54.7904567Z" end-time="2024-08-07T14:06:54.7904567Z" duration="0.003212" total="1" passed="1" failed="0" warnings="0" inconclusive="0" skipped="0" asserts="4">
        <test-case id="1-1039" name="TestCastNested" fullname="Kaitai.SpecCastNested.TestCastNested" methodname="TestCastNested" classname="Kaitai.SpecCastNested" runstate="Runnable" seed="1924361448" result="Passed" start-time="2024-08-07T14:06:54.7904567Z" end-time="2024-08-07T14:06:54.7904567Z" duration="0.003119" asserts="4" />
      </test-suite>
      <test-suite type="TestFixture" id="1-1040" name="SpecCastToTop" fullname="Kaitai.SpecCastToTop" classname="Kaitai.SpecCastToTop" runstate="Runnable" testcasecount="1" result="Passed" start-time="2024-08-07T14:06:54.7904567Z" end-time="2024-08-07T14:06:54.7904567Z" duration="0.000902" total="1" passed="1" failed="0" warnings="0" inconclusive="0" skipped="0" asserts="3">
        <test-case id="1-1041" name="TestCastToTop" fullname="Kaitai.SpecCastToTop.TestCastToTop" methodname="TestCastToTop" classname="Kaitai.SpecCastToTop" runstate="Runnable" seed="1502577039" result="Passed" start-time="2024-08-07T14:06:54.7904567Z" end-time="2024-08-07T14:06:54.7904567Z" duration="0.000803" asserts="3" />
      </test-suite>
      <test-suite type="TestFixture" id="1-1042" name="SpecCombineBool" fullname="Kaitai.SpecCombineBool" classname="Kaitai.SpecCombineBool" runstate="Runnable" testcasecount="1" result="Passed" start-time="2024-08-07T14:06:54.7904567Z" end-time="2024-08-07T14:06:54.7904567Z" duration="0.000659" total="1" passed="1" failed="0" warnings="0" inconclusive="0" skipped="0" asserts="2">
        <test-case id="1-1043" name="TestCombineBool" fullname="Kaitai.SpecCombineBool.TestCombineBool" methodname="TestCombineBool" classname="Kaitai.SpecCombineBool" runstate="Runnable" seed="2057245252" result="Passed" start-time="2024-08-07T14:06:54.7904567Z" end-time="2024-08-07T14:06:54.7904567Z" duration="0.000566" asserts="2" />
      </test-suite>
      <test-suite type="TestFixture" id="1-1044" name="SpecCombineBytes" fullname="Kaitai.SpecCombineBytes" classname="Kaitai.SpecCombineBytes" runstate="Runnable" testcasecount="1" result="Passed" start-time="2024-08-07T14:06:54.7904567Z" end-time="2024-08-07T14:06:54.7904567Z" duration="0.001480" total="1" passed="1" failed="0" warnings="0" inconclusive="0" skipped="0" asserts="10">
        <test-case id="1-1045" name="TestCombineBytes" fullname="Kaitai.SpecCombineBytes.TestCombineBytes" methodname="TestCombineBytes" classname="Kaitai.SpecCombineBytes" runstate="Runnable" seed="1384329705" result="Passed" start-time="2024-08-07T14:06:54.7904567Z" end-time="2024-08-07T14:06:54.7904567Z" duration="0.001389" asserts="10" />
      </test-suite>
      <test-suite type="TestFixture" id="1-1046" name="SpecCombineEnum" fullname="Kaitai.SpecCombineEnum" classname="Kaitai.SpecCombineEnum" runstate="Runnable" testcasecount="1" result="Passed" start-time="2024-08-07T14:06:54.7904567Z" end-time="2024-08-07T14:06:54.7904567Z" duration="0.000758" total="1" passed="1" failed="0" warnings="0" inconclusive="0" skipped="0" asserts="3">
        <test-case id="1-1047" name="TestCombineEnum" fullname="Kaitai.SpecCombineEnum.TestCombineEnum" methodname="TestCombineEnum" classname="Kaitai.SpecCombineEnum" runstate="Runnable" seed="2058606687" result="Passed" start-time="2024-08-07T14:06:54.7904567Z" end-time="2024-08-07T14:06:54.7904567Z" duration="0.000665" asserts="3" />
      </test-suite>
      <test-suite type="TestFixture" id="1-1048" name="SpecCombineStr" fullname="Kaitai.SpecCombineStr" classname="Kaitai.SpecCombineStr" runstate="Runnable" testcasecount="1" result="Passed" start-time="2024-08-07T14:06:54.7904567Z" end-time="2024-08-07T14:06:54.7904567Z" duration="0.001629" total="1" passed="1" failed="0" warnings="0" inconclusive="0" skipped="0" asserts="15">
        <test-case id="1-1049" name="TestCombineStr" fullname="Kaitai.SpecCombineStr.TestCombineStr" methodname="TestCombineStr" classname="Kaitai.SpecCombineStr" runstate="Runnable" seed="2074859719" result="Passed" start-time="2024-08-07T14:06:54.7904567Z" end-time="2024-08-07T14:06:54.7904567Z" duration="0.001537" asserts="15" />
      </test-suite>
      <test-suite type="TestFixture" id="1-1050" name="SpecDebug0" fullname="Kaitai.SpecDebug0" classname="Kaitai.SpecDebug0" runstate="Runnable" testcasecount="1" result="Passed" start-time="2024-08-07T14:06:54.7904567Z" end-time="2024-08-07T14:06:54.7904567Z" duration="0.000140" total="1" passed="1" failed="0" warnings="0" inconclusive="0" skipped="0" asserts="0">
        <test-case id="1-1051" name="TestDebug0" fullname="Kaitai.SpecDebug0.TestDebug0" methodname="TestDebug0" classname="Kaitai.SpecDebug0" runstate="Runnable" seed="41728072" result="Passed" start-time="2024-08-07T14:06:54.7904567Z" end-time="2024-08-07T14:06:54.7904567Z" duration="0.000043" asserts="0" />
      </test-suite>
      <test-suite type="TestFixture" id="1-1052" name="SpecDebugArrayUser" fullname="Kaitai.SpecDebugArrayUser" classname="Kaitai.SpecDebugArrayUser" runstate="Runnable" testcasecount="1" result="Passed" start-time="2024-08-07T14:06:54.7904567Z" end-time="2024-08-07T14:06:54.7904567Z" duration="0.000994" total="1" passed="1" failed="0" warnings="0" inconclusive="0" skipped="0" asserts="4">
        <test-case id="1-1053" name="TestDebugArrayUser" fullname="Kaitai.SpecDebugArrayUser.TestDebugArrayUser" methodname="TestDebugArrayUser" classname="Kaitai.SpecDebugArrayUser" runstate="Runnable" seed="1490924550" result="Passed" start-time="2024-08-07T14:06:54.7904567Z" end-time="2024-08-07T14:06:54.7904567Z" duration="0.000911" asserts="4" />
      </test-suite>
      <test-suite type="TestFixture" id="1-1054" name="SpecDebugEnumName" fullname="Kaitai.SpecDebugEnumName" classname="Kaitai.SpecDebugEnumName" runstate="Runnable" testcasecount="1" result="Passed" start-time="2024-08-07T14:06:54.7904567Z" end-time="2024-08-07T14:06:54.7904567Z" duration="0.000128" total="1" passed="1" failed="0" warnings="0" inconclusive="0" skipped="0" asserts="0">
        <test-case id="1-1055" name="TestDebugEnumName" fullname="Kaitai.SpecDebugEnumName.TestDebugEnumName" methodname="TestDebugEnumName" classname="Kaitai.SpecDebugEnumName" runstate="Runnable" seed="764912650" result="Passed" start-time="2024-08-07T14:06:54.7904567Z" end-time="2024-08-07T14:06:54.7904567Z" duration="0.000041" asserts="0" />
      </test-suite>
      <test-suite type="TestFixture" id="1-1056" name="SpecDebugSwitchUser" fullname="Kaitai.SpecDebugSwitchUser" classname="Kaitai.SpecDebugSwitchUser" runstate="Runnable" testcasecount="1" result="Passed" start-time="2024-08-07T14:06:54.7904567Z" end-time="2024-08-07T14:06:54.7904567Z" duration="0.000832" total="1" passed="1" failed="0" warnings="0" inconclusive="0" skipped="0" asserts="2">
        <test-case id="1-1057" name="TestDebugSwitchUser" fullname="Kaitai.SpecDebugSwitchUser.TestDebugSwitchUser" methodname="TestDebugSwitchUser" classname="Kaitai.SpecDebugSwitchUser" runstate="Runnable" seed="2134205162" result="Passed" start-time="2024-08-07T14:06:54.7904567Z" end-time="2024-08-07T14:06:54.7904567Z" duration="0.000748" asserts="2" />
      </test-suite>
      <test-suite type="TestFixture" id="1-1058" name="SpecDefaultBigEndian" fullname="Kaitai.SpecDefaultBigEndian" classname="Kaitai.SpecDefaultBigEndian" runstate="Runnable" testcasecount="1" result="Passed" start-time="2024-08-07T14:06:54.7904567Z" end-time="2024-08-07T14:06:54.7904567Z" duration="0.000492" total="1" passed="1" failed="0" warnings="0" inconclusive="0" skipped="0" asserts="1">
        <test-case id="1-1059" name="TestDefaultBigEndian" fullname="Kaitai.SpecDefaultBigEndian.TestDefaultBigEndian" methodname="TestDefaultBigEndian" classname="Kaitai.SpecDefaultBigEndian" runstate="Runnable" seed="772881627" result="Passed" start-time="2024-08-07T14:06:54.7904567Z" end-time="2024-08-07T14:06:54.7904567Z" duration="0.000404" asserts="1" />
      </test-suite>
      <test-suite type="TestFixture" id="1-1060" name="SpecDefaultBitEndianMod" fullname="Kaitai.SpecDefaultBitEndianMod" classname="Kaitai.SpecDefaultBitEndianMod" runstate="Runnable" testcasecount="1" result="Passed" start-time="2024-08-07T14:06:54.7904567Z" end-time="2024-08-07T14:06:54.7904567Z" duration="0.001081" total="1" passed="1" failed="0" warnings="0" inconclusive="0" skipped="0" asserts="4">
        <test-case id="1-1061" name="TestDefaultBitEndianMod" fullname="Kaitai.SpecDefaultBitEndianMod.TestDefaultBitEndianMod" methodname="TestDefaultBitEndianMod" classname="Kaitai.SpecDefaultBitEndianMod" runstate="Runnable" seed="1397517073" result="Passed" start-time="2024-08-07T14:06:54.7904567Z" end-time="2024-08-07T14:06:54.7904567Z" duration="0.000993" asserts="4" />
      </test-suite>
      <test-suite type="TestFixture" id="1-1062" name="SpecDefaultEndianExprException" fullname="Kaitai.SpecDefaultEndianExprException" classname="Kaitai.SpecDefaultEndianExprException" runstate="Runnable" testcasecount="1" result="Passed" start-time="2024-08-07T14:06:54.7904567Z" end-time="2024-08-07T14:06:54.8061047Z" duration="0.012724" total="1" passed="1" failed="0" warnings="0" inconclusive="0" skipped="0" asserts="1">
        <test-case id="1-1063" name="TestDefaultEndianExprException" fullname="Kaitai.SpecDefaultEndianExprException.TestDefaultEndianExprException" methodname="TestDefaultEndianExprException" classname="Kaitai.SpecDefaultEndianExprException" runstate="Runnable" seed="1570455756" result="Passed" start-time="2024-08-07T14:06:54.7904567Z" end-time="2024-08-07T14:06:54.8061047Z" duration="0.012624" asserts="1" />
      </test-suite>
      <test-suite type="TestFixture" id="1-1064" name="SpecDefaultEndianExprInherited" fullname="Kaitai.SpecDefaultEndianExprInherited" classname="Kaitai.SpecDefaultEndianExprInherited" runstate="Runnable" testcasecount="1" result="Passed" start-time="2024-08-07T14:06:54.8061047Z" end-time="2024-08-07T14:06:54.8061047Z" duration="0.003031" total="1" passed="1" failed="0" warnings="0" inconclusive="0" skipped="0" asserts="15">
        <test-case id="1-1065" name="TestDefaultEndianExprInherited" fullname="Kaitai.SpecDefaultEndianExprInherited.TestDefaultEndianExprInherited" methodname="TestDefaultEndianExprInherited" classname="Kaitai.SpecDefaultEndianExprInherited" runstate="Runnable" seed="396052494" result="Passed" start-time="2024-08-07T14:06:54.8061047Z" end-time="2024-08-07T14:06:54.8061047Z" duration="0.002922" asserts="15" />
      </test-suite>
      <test-suite type="TestFixture" id="1-1066" name="SpecDefaultEndianExprIsBe" fullname="Kaitai.SpecDefaultEndianExprIsBe" classname="Kaitai.SpecDefaultEndianExprIsBe" runstate="Runnable" testcasecount="1" result="Passed" start-time="2024-08-07T14:06:54.8061047Z" end-time="2024-08-07T14:06:54.8217292Z" duration="0.002878" total="1" passed="1" failed="0" warnings="0" inconclusive="0" skipped="0" asserts="18">
        <test-case id="1-1067" name="TestDefaultEndianExprIsBe" fullname="Kaitai.SpecDefaultEndianExprIsBe.TestDefaultEndianExprIsBe" methodname="TestDefaultEndianExprIsBe" classname="Kaitai.SpecDefaultEndianExprIsBe" runstate="Runnable" seed="141885243" result="Passed" start-time="2024-08-07T14:06:54.8061047Z" end-time="2024-08-07T14:06:54.8217292Z" duration="0.002779" asserts="18" />
      </test-suite>
      <test-suite type="TestFixture" id="1-1068" name="SpecDefaultEndianExprIsLe" fullname="Kaitai.SpecDefaultEndianExprIsLe" classname="Kaitai.SpecDefaultEndianExprIsLe" runstate="Runnable" testcasecount="1" result="Passed" start-time="2024-08-07T14:06:54.8217292Z" end-time="2024-08-07T14:06:54.8217292Z" duration="0.001893" total="1" passed="1" failed="0" warnings="0" inconclusive="0" skipped="0" asserts="12">
        <test-case id="1-1069" name="TestDefaultEndianExprIsLe" fullname="Kaitai.SpecDefaultEndianExprIsLe.TestDefaultEndianExprIsLe" methodname="TestDefaultEndianExprIsLe" classname="Kaitai.SpecDefaultEndianExprIsLe" runstate="Runnable" seed="643003196" result="Passed" start-time="2024-08-07T14:06:54.8217292Z" end-time="2024-08-07T14:06:54.8217292Z" duration="0.001798" asserts="12" />
      </test-suite>
      <test-suite type="TestFixture" id="1-1070" name="SpecDefaultEndianMod" fullname="Kaitai.SpecDefaultEndianMod" classname="Kaitai.SpecDefaultEndianMod" runstate="Runnable" testcasecount="1" result="Passed" start-time="2024-08-07T14:06:54.8217292Z" end-time="2024-08-07T14:06:54.8217292Z" duration="0.001100" total="1" passed="1" failed="0" warnings="0" inconclusive="0" skipped="0" asserts="3">
        <test-case id="1-1071" name="TestDefaultEndianMod" fullname="Kaitai.SpecDefaultEndianMod.TestDefaultEndianMod" methodname="TestDefaultEndianMod" classname="Kaitai.SpecDefaultEndianMod" runstate="Runnable" seed="444138413" result="Passed" start-time="2024-08-07T14:06:54.8217292Z" end-time="2024-08-07T14:06:54.8217292Z" duration="0.001004" asserts="3" />
      </test-suite>
      <test-suite type="TestFixture" id="1-1072" name="SpecDocstrings" fullname="Kaitai.SpecDocstrings" classname="Kaitai.SpecDocstrings" runstate="Runnable" testcasecount="1" result="Passed" start-time="2024-08-07T14:06:54.8217292Z" end-time="2024-08-07T14:06:54.8217292Z" duration="0.000394" total="1" passed="1" failed="0" warnings="0" inconclusive="0" skipped="0" asserts="0">
        <test-case id="1-1073" name="TestDocstrings" fullname="Kaitai.SpecDocstrings.TestDocstrings" methodname="TestDocstrings" classname="Kaitai.SpecDocstrings" runstate="Runnable" seed="212761768" result="Passed" start-time="2024-08-07T14:06:54.8217292Z" end-time="2024-08-07T14:06:54.8217292Z" duration="0.000301" asserts="0" />
      </test-suite>
      <test-suite type="TestFixture" id="1-1074" name="SpecDocstringsDocref" fullname="Kaitai.SpecDocstringsDocref" classname="Kaitai.SpecDocstringsDocref" runstate="Runnable" testcasecount="1" result="Passed" start-time="2024-08-07T14:06:54.8217292Z" end-time="2024-08-07T14:06:54.8217292Z" duration="0.000404" total="1" passed="1" failed="0" warnings="0" inconclusive="0" skipped="0" asserts="0">
        <test-case id="1-1075" name="TestDocstringsDocref" fullname="Kaitai.SpecDocstringsDocref.TestDocstringsDocref" methodname="TestDocstringsDocref" classname="Kaitai.SpecDocstringsDocref" runstate="Runnable" seed="1475787190" result="Passed" start-time="2024-08-07T14:06:54.8217292Z" end-time="2024-08-07T14:06:54.8217292Z" duration="0.000311" asserts="0" />
      </test-suite>
      <test-suite type="TestFixture" id="1-1076" name="SpecDocstringsDocrefMulti" fullname="Kaitai.SpecDocstringsDocrefMulti" classname="Kaitai.SpecDocstringsDocrefMulti" runstate="Runnable" testcasecount="1" result="Passed" start-time="2024-08-07T14:06:54.8217292Z" end-time="2024-08-07T14:06:54.8217292Z" duration="0.001080" total="1" passed="1" failed="0" warnings="0" inconclusive="0" skipped="0" asserts="0">
        <test-case id="1-1077" name="TestDocstringsDocrefMulti" fullname="Kaitai.SpecDocstringsDocrefMulti.TestDocstringsDocrefMulti" methodname="TestDocstringsDocrefMulti" classname="Kaitai.SpecDocstringsDocrefMulti" runstate="Runnable" seed="1650020764" result="Passed" start-time="2024-08-07T14:06:54.8217292Z" end-time="2024-08-07T14:06:54.8217292Z" duration="0.000985" asserts="0" />
      </test-suite>
      <test-suite type="TestFixture" id="1-1078" name="SpecEnum0" fullname="Kaitai.SpecEnum0" classname="Kaitai.SpecEnum0" runstate="Runnable" testcasecount="1" result="Passed" start-time="2024-08-07T14:06:54.8217292Z" end-time="2024-08-07T14:06:54.8217292Z" duration="0.000533" total="1" passed="1" failed="0" warnings="0" inconclusive="0" skipped="0" asserts="2">
        <test-case id="1-1079" name="TestEnum0" fullname="Kaitai.SpecEnum0.TestEnum0" methodname="TestEnum0" classname="Kaitai.SpecEnum0" runstate="Runnable" seed="200660020" result="Passed" start-time="2024-08-07T14:06:54.8217292Z" end-time="2024-08-07T14:06:54.8217292Z" duration="0.000445" asserts="2" />
      </test-suite>
      <test-suite type="TestFixture" id="1-1080" name="SpecEnum1" fullname="Kaitai.SpecEnum1" classname="Kaitai.SpecEnum1" runstate="Runnable" testcasecount="1" result="Passed" start-time="2024-08-07T14:06:54.8217292Z" end-time="2024-08-07T14:06:54.8217292Z" duration="0.000791" total="1" passed="1" failed="0" warnings="0" inconclusive="0" skipped="0" asserts="2">
        <test-case id="1-1081" name="TestEnum1" fullname="Kaitai.SpecEnum1.TestEnum1" methodname="TestEnum1" classname="Kaitai.SpecEnum1" runstate="Runnable" seed="1801396830" result="Passed" start-time="2024-08-07T14:06:54.8217292Z" end-time="2024-08-07T14:06:54.8217292Z" duration="0.000703" asserts="2" />
      </test-suite>
      <test-suite type="TestFixture" id="1-1082" name="SpecEnumDeep" fullname="Kaitai.SpecEnumDeep" classname="Kaitai.SpecEnumDeep" runstate="Runnable" testcasecount="1" result="Passed" start-time="2024-08-07T14:06:54.8217292Z" end-time="2024-08-07T14:06:54.8217292Z" duration="0.000529" total="1" passed="1" failed="0" warnings="0" inconclusive="0" skipped="0" asserts="2">
        <test-case id="1-1083" name="TestEnumDeep" fullname="Kaitai.SpecEnumDeep.TestEnumDeep" methodname="TestEnumDeep" classname="Kaitai.SpecEnumDeep" runstate="Runnable" seed="741543950" result="Passed" start-time="2024-08-07T14:06:54.8217292Z" end-time="2024-08-07T14:06:54.8217292Z" duration="0.000436" asserts="2" />
      </test-suite>
      <test-suite type="TestFixture" id="1-1084" name="SpecEnumDeepLiterals" fullname="Kaitai.SpecEnumDeepLiterals" classname="Kaitai.SpecEnumDeepLiterals" runstate="Runnable" testcasecount="1" result="Passed" start-time="2024-08-07T14:06:54.8217292Z" end-time="2024-08-07T14:06:54.8217292Z" duration="0.000678" total="1" passed="1" failed="0" warnings="0" inconclusive="0" skipped="0" asserts="2">
        <test-case id="1-1085" name="TestEnumDeepLiterals" fullname="Kaitai.SpecEnumDeepLiterals.TestEnumDeepLiterals" methodname="TestEnumDeepLiterals" classname="Kaitai.SpecEnumDeepLiterals" runstate="Runnable" seed="1314266382" result="Passed" start-time="2024-08-07T14:06:54.8217292Z" end-time="2024-08-07T14:06:54.8217292Z" duration="0.000587" asserts="2" />
      </test-suite>
      <test-suite type="TestFixture" id="1-1086" name="SpecEnumFancy" fullname="Kaitai.SpecEnumFancy" classname="Kaitai.SpecEnumFancy" runstate="Runnable" testcasecount="1" result="Passed" start-time="2024-08-07T14:06:54.8217292Z" end-time="2024-08-07T14:06:54.8217292Z" duration="0.000532" total="1" passed="1" failed="0" warnings="0" inconclusive="0" skipped="0" asserts="2">
        <test-case id="1-1087" name="TestEnumFancy" fullname="Kaitai.SpecEnumFancy.TestEnumFancy" methodname="TestEnumFancy" classname="Kaitai.SpecEnumFancy" runstate="Runnable" seed="1159955792" result="Passed" start-time="2024-08-07T14:06:54.8217292Z" end-time="2024-08-07T14:06:54.8217292Z" duration="0.000444" asserts="2" />
      </test-suite>
      <test-suite type="TestFixture" id="1-1088" name="SpecEnumIf" fullname="Kaitai.SpecEnumIf" classname="Kaitai.SpecEnumIf" runstate="Runnable" testcasecount="1" result="Passed" start-time="2024-08-07T14:06:54.8217292Z" end-time="2024-08-07T14:06:54.8217292Z" duration="0.001440" total="1" passed="1" failed="0" warnings="0" inconclusive="0" skipped="0" asserts="7">
        <test-case id="1-1089" name="TestEnumIf" fullname="Kaitai.SpecEnumIf.TestEnumIf" methodname="TestEnumIf" classname="Kaitai.SpecEnumIf" runstate="Runnable" seed="1076807715" result="Passed" start-time="2024-08-07T14:06:54.8217292Z" end-time="2024-08-07T14:06:54.8217292Z" duration="0.001351" asserts="7" />
      </test-suite>
      <test-suite type="TestFixture" id="1-1090" name="SpecEnumImportLiterals" fullname="Kaitai.SpecEnumImportLiterals" classname="Kaitai.SpecEnumImportLiterals" runstate="Runnable" testcasecount="1" result="Passed" start-time="2024-08-07T14:06:54.8217292Z" end-time="2024-08-07T14:06:54.8217292Z" duration="0.000633" total="1" passed="1" failed="0" warnings="0" inconclusive="0" skipped="0" asserts="3">
        <test-case id="1-1091" name="TestEnumImportLiterals" fullname="Kaitai.SpecEnumImportLiterals.TestEnumImportLiterals" methodname="TestEnumImportLiterals" classname="Kaitai.SpecEnumImportLiterals" runstate="Runnable" seed="1395905093" result="Passed" start-time="2024-08-07T14:06:54.8217292Z" end-time="2024-08-07T14:06:54.8217292Z" duration="0.000543" asserts="3" />
      </test-suite>
      <test-suite type="TestFixture" id="1-1092" name="SpecEnumImportSeq" fullname="Kaitai.SpecEnumImportSeq" classname="Kaitai.SpecEnumImportSeq" runstate="Runnable" testcasecount="1" result="Passed" start-time="2024-08-07T14:06:54.8217292Z" end-time="2024-08-07T14:06:54.8217292Z" duration="0.000510" total="1" passed="1" failed="0" warnings="0" inconclusive="0" skipped="0" asserts="2">
        <test-case id="1-1093" name="TestEnumImportSeq" fullname="Kaitai.SpecEnumImportSeq.TestEnumImportSeq" methodname="TestEnumImportSeq" classname="Kaitai.SpecEnumImportSeq" runstate="Runnable" seed="249398690" result="Passed" start-time="2024-08-07T14:06:54.8217292Z" end-time="2024-08-07T14:06:54.8217292Z" duration="0.000422" asserts="2" />
      </test-suite>
      <test-suite type="TestFixture" id="1-1094" name="SpecEnumIntRangeS" fullname="Kaitai.SpecEnumIntRangeS" classname="Kaitai.SpecEnumIntRangeS" runstate="Runnable" testcasecount="1" result="Passed" start-time="2024-08-07T14:06:54.8217292Z" end-time="2024-08-07T14:06:54.8217292Z" duration="0.000627" total="1" passed="1" failed="0" warnings="0" inconclusive="0" skipped="0" asserts="3">
        <test-case id="1-1095" name="TestEnumIntRangeS" fullname="Kaitai.SpecEnumIntRangeS.TestEnumIntRangeS" methodname="TestEnumIntRangeS" classname="Kaitai.SpecEnumIntRangeS" runstate="Runnable" seed="1393621879" result="Passed" start-time="2024-08-07T14:06:54.8217292Z" end-time="2024-08-07T14:06:54.8217292Z" duration="0.000538" asserts="3" />
      </test-suite>
      <test-suite type="TestFixture" id="1-1096" name="SpecEnumInvalid" fullname="Kaitai.SpecEnumInvalid" classname="Kaitai.SpecEnumInvalid" runstate="Runnable" testcasecount="1" result="Passed" start-time="2024-08-07T14:06:54.8217292Z" end-time="2024-08-07T14:06:54.8217292Z" duration="0.000541" total="1" passed="1" failed="0" warnings="0" inconclusive="0" skipped="0" asserts="2">
        <test-case id="1-1097" name="TestEnumInvalid" fullname="Kaitai.SpecEnumInvalid.TestEnumInvalid" methodname="TestEnumInvalid" classname="Kaitai.SpecEnumInvalid" runstate="Runnable" seed="472941731" result="Passed" start-time="2024-08-07T14:06:54.8217292Z" end-time="2024-08-07T14:06:54.8217292Z" duration="0.000452" asserts="2" />
      </test-suite>
      <test-suite type="TestFixture" id="1-1098" name="SpecEnumNegative" fullname="Kaitai.SpecEnumNegative" classname="Kaitai.SpecEnumNegative" runstate="Runnable" testcasecount="1" result="Passed" start-time="2024-08-07T14:06:54.8217292Z" end-time="2024-08-07T14:06:54.8217292Z" duration="0.000581" total="1" passed="1" failed="0" warnings="0" inconclusive="0" skipped="0" asserts="2">
        <test-case id="1-1099" name="TestEnumNegative" fullname="Kaitai.SpecEnumNegative.TestEnumNegative" methodname="TestEnumNegative" classname="Kaitai.SpecEnumNegative" runstate="Runnable" seed="1533704093" result="Passed" start-time="2024-08-07T14:06:54.8217292Z" end-time="2024-08-07T14:06:54.8217292Z" duration="0.000494" asserts="2" />
      </test-suite>
      <test-suite type="TestFixture" id="1-1100" name="SpecEnumOfValueInst" fullname="Kaitai.SpecEnumOfValueInst" classname="Kaitai.SpecEnumOfValueInst" runstate="Runnable" testcasecount="1" result="Passed" start-time="2024-08-07T14:06:54.8217292Z" end-time="2024-08-07T14:06:54.8217292Z" duration="0.000774" total="1" passed="1" failed="0" warnings="0" inconclusive="0" skipped="0" asserts="4">
        <test-case id="1-1101" name="TestEnumOfValueInst" fullname="Kaitai.SpecEnumOfValueInst.TestEnumOfValueInst" methodname="TestEnumOfValueInst" classname="Kaitai.SpecEnumOfValueInst" runstate="Runnable" seed="711033860" result="Passed" start-time="2024-08-07T14:06:54.8217292Z" end-time="2024-08-07T14:06:54.8217292Z" duration="0.000669" asserts="4" />
      </test-suite>
      <test-suite type="TestFixture" id="1-1102" name="SpecEofExceptionBytes" fullname="Kaitai.SpecEofExceptionBytes" classname="Kaitai.SpecEofExceptionBytes" runstate="Runnable" testcasecount="1" result="Passed" start-time="2024-08-07T14:06:54.8217292Z" end-time="2024-08-07T14:06:54.8217292Z" duration="0.000633" total="1" passed="1" failed="0" warnings="0" inconclusive="0" skipped="0" asserts="1">
        <test-case id="1-1103" name="TestEofExceptionBytes" fullname="Kaitai.SpecEofExceptionBytes.TestEofExceptionBytes" methodname="TestEofExceptionBytes" classname="Kaitai.SpecEofExceptionBytes" runstate="Runnable" seed="990449877" result="Passed" start-time="2024-08-07T14:06:54.8217292Z" end-time="2024-08-07T14:06:54.8217292Z" duration="0.000540" asserts="1" />
      </test-suite>
      <test-suite type="TestFixture" id="1-1104" name="SpecEofExceptionSized" fullname="Kaitai.SpecEofExceptionSized" classname="Kaitai.SpecEofExceptionSized" runstate="Runnable" testcasecount="1" result="Passed" start-time="2024-08-07T14:06:54.8217292Z" end-time="2024-08-07T14:06:54.8374260Z" duration="0.000623" total="1" passed="1" failed="0" warnings="0" inconclusive="0" skipped="0" asserts="1">
        <test-case id="1-1105" name="TestEofExceptionSized" fullname="Kaitai.SpecEofExceptionSized.TestEofExceptionSized" methodname="TestEofExceptionSized" classname="Kaitai.SpecEofExceptionSized" runstate="Runnable" seed="805416112" result="Passed" start-time="2024-08-07T14:06:54.8217292Z" end-time="2024-08-07T14:06:54.8374260Z" duration="0.000515" asserts="1" />
      </test-suite>
      <test-suite type="TestFixture" id="1-1106" name="SpecEofExceptionU4" fullname="Kaitai.SpecEofExceptionU4" classname="Kaitai.SpecEofExceptionU4" runstate="Runnable" testcasecount="1" result="Passed" start-time="2024-08-07T14:06:54.8374260Z" end-time="2024-08-07T14:06:54.8374260Z" duration="0.000627" total="1" passed="1" failed="0" warnings="0" inconclusive="0" skipped="0" asserts="1">
        <test-case id="1-1107" name="TestEofExceptionU4" fullname="Kaitai.SpecEofExceptionU4.TestEofExceptionU4" methodname="TestEofExceptionU4" classname="Kaitai.SpecEofExceptionU4" runstate="Runnable" seed="605574961" result="Passed" start-time="2024-08-07T14:06:54.8374260Z" end-time="2024-08-07T14:06:54.8374260Z" duration="0.000500" asserts="1" />
      </test-suite>
      <test-suite type="TestFixture" id="1-1108" name="SpecEosExceptionBytes" fullname="Kaitai.SpecEosExceptionBytes" classname="Kaitai.SpecEosExceptionBytes" runstate="Runnable" testcasecount="1" result="Passed" start-time="2024-08-07T14:06:54.8374260Z" end-time="2024-08-07T14:06:54.8374260Z" duration="0.000676" total="1" passed="1" failed="0" warnings="0" inconclusive="0" skipped="0" asserts="1">
        <test-case id="1-1109" name="TestEosExceptionBytes" fullname="Kaitai.SpecEosExceptionBytes.TestEosExceptionBytes" methodname="TestEosExceptionBytes" classname="Kaitai.SpecEosExceptionBytes" runstate="Runnable" seed="744351891" result="Passed" start-time="2024-08-07T14:06:54.8374260Z" end-time="2024-08-07T14:06:54.8374260Z" duration="0.000583" asserts="1" />
      </test-suite>
      <test-suite type="TestFixture" id="1-1110" name="SpecEosExceptionSized" fullname="Kaitai.SpecEosExceptionSized" classname="Kaitai.SpecEosExceptionSized" runstate="Runnable" testcasecount="1" result="Passed" start-time="2024-08-07T14:06:54.8374260Z" end-time="2024-08-07T14:06:54.8374260Z" duration="0.000691" total="1" passed="1" failed="0" warnings="0" inconclusive="0" skipped="0" asserts="1">
        <test-case id="1-1111" name="TestEosExceptionSized" fullname="Kaitai.SpecEosExceptionSized.TestEosExceptionSized" methodname="TestEosExceptionSized" classname="Kaitai.SpecEosExceptionSized" runstate="Runnable" seed="869007728" result="Passed" start-time="2024-08-07T14:06:54.8374260Z" end-time="2024-08-07T14:06:54.8374260Z" duration="0.000600" asserts="1" />
      </test-suite>
      <test-suite type="TestFixture" id="1-1112" name="SpecEosExceptionU4" fullname="Kaitai.SpecEosExceptionU4" classname="Kaitai.SpecEosExceptionU4" runstate="Runnable" testcasecount="1" result="Passed" start-time="2024-08-07T14:06:54.8374260Z" end-time="2024-08-07T14:06:54.8374260Z" duration="0.000660" total="1" passed="1" failed="0" warnings="0" inconclusive="0" skipped="0" asserts="1">
        <test-case id="1-1113" name="TestEosExceptionU4" fullname="Kaitai.SpecEosExceptionU4.TestEosExceptionU4" methodname="TestEosExceptionU4" classname="Kaitai.SpecEosExceptionU4" runstate="Runnable" seed="250831868" result="Passed" start-time="2024-08-07T14:06:54.8374260Z" end-time="2024-08-07T14:06:54.8374260Z" duration="0.000568" asserts="1" />
      </test-suite>
      <test-suite type="TestFixture" id="1-1114" name="SpecExpr0" fullname="Kaitai.SpecExpr0" classname="Kaitai.SpecExpr0" runstate="Runnable" testcasecount="1" result="Passed" start-time="2024-08-07T14:06:54.8374260Z" end-time="2024-08-07T14:06:54.8374260Z" duration="0.000561" total="1" passed="1" failed="0" warnings="0" inconclusive="0" skipped="0" asserts="2">
        <test-case id="1-1115" name="TestExpr0" fullname="Kaitai.SpecExpr0.TestExpr0" methodname="TestExpr0" classname="Kaitai.SpecExpr0" runstate="Runnable" seed="1317644604" result="Passed" start-time="2024-08-07T14:06:54.8374260Z" end-time="2024-08-07T14:06:54.8374260Z" duration="0.000469" asserts="2" />
      </test-suite>
      <test-suite type="TestFixture" id="1-1116" name="SpecExpr1" fullname="Kaitai.SpecExpr1" classname="Kaitai.SpecExpr1" runstate="Runnable" testcasecount="1" result="Passed" start-time="2024-08-07T14:06:54.8374260Z" end-time="2024-08-07T14:06:54.8374260Z" duration="0.000804" total="1" passed="1" failed="0" warnings="0" inconclusive="0" skipped="0" asserts="4">
        <test-case id="1-1117" name="TestExpr1" fullname="Kaitai.SpecExpr1.TestExpr1" methodname="TestExpr1" classname="Kaitai.SpecExpr1" runstate="Runnable" seed="2082286648" result="Passed" start-time="2024-08-07T14:06:54.8374260Z" end-time="2024-08-07T14:06:54.8374260Z" duration="0.000715" asserts="4" />
      </test-suite>
      <test-suite type="TestFixture" id="1-1118" name="SpecExpr2" fullname="Kaitai.SpecExpr2" classname="Kaitai.SpecExpr2" runstate="Runnable" testcasecount="1" result="Passed" start-time="2024-08-07T14:06:54.8374260Z" end-time="2024-08-07T14:06:54.8374260Z" duration="0.002720" total="1" passed="1" failed="0" warnings="0" inconclusive="0" skipped="0" asserts="17">
        <test-case id="1-1119" name="TestExpr2" fullname="Kaitai.SpecExpr2.TestExpr2" methodname="TestExpr2" classname="Kaitai.SpecExpr2" runstate="Runnable" seed="119244907" result="Passed" start-time="2024-08-07T14:06:54.8374260Z" end-time="2024-08-07T14:06:54.8374260Z" duration="0.002626" asserts="17" />
      </test-suite>
      <test-suite type="TestFixture" id="1-1120" name="SpecExpr3" fullname="Kaitai.SpecExpr3" classname="Kaitai.SpecExpr3" runstate="Runnable" testcasecount="1" result="Passed" start-time="2024-08-07T14:06:54.8374260Z" end-time="2024-08-07T14:06:54.8374260Z" duration="0.001709" total="1" passed="1" failed="0" warnings="0" inconclusive="0" skipped="0" asserts="12">
        <test-case id="1-1121" name="TestExpr3" fullname="Kaitai.SpecExpr3.TestExpr3" methodname="TestExpr3" classname="Kaitai.SpecExpr3" runstate="Runnable" seed="541848638" result="Passed" start-time="2024-08-07T14:06:54.8374260Z" end-time="2024-08-07T14:06:54.8374260Z" duration="0.001614" asserts="12" />
      </test-suite>
      <test-suite type="TestFixture" id="1-1122" name="SpecExprArray" fullname="Kaitai.SpecExprArray" classname="Kaitai.SpecExprArray" runstate="Runnable" testcasecount="1" result="Passed" start-time="2024-08-07T14:06:54.8374260Z" end-time="2024-08-07T14:06:54.8686002Z" duration="0.027238" total="1" passed="1" failed="0" warnings="0" inconclusive="0" skipped="0" asserts="15">
        <test-case id="1-1123" name="TestExprArray" fullname="Kaitai.SpecExprArray.TestExprArray" methodname="TestExprArray" classname="Kaitai.SpecExprArray" runstate="Runnable" seed="348002700" result="Passed" start-time="2024-08-07T14:06:54.8374260Z" end-time="2024-08-07T14:06:54.8686002Z" duration="0.027134" asserts="15" />
      </test-suite>
      <test-suite type="TestFixture" id="1-1124" name="SpecExprBytesCmp" fullname="Kaitai.SpecExprBytesCmp" classname="Kaitai.SpecExprBytesCmp" runstate="Runnable" testcasecount="1" result="Passed" start-time="2024-08-07T14:06:54.8686002Z" end-time="2024-08-07T14:06:54.8686002Z" duration="0.001893" total="1" passed="1" failed="0" warnings="0" inconclusive="0" skipped="0" asserts="10">
        <test-case id="1-1125" name="TestExprBytesCmp" fullname="Kaitai.SpecExprBytesCmp.TestExprBytesCmp" methodname="TestExprBytesCmp" classname="Kaitai.SpecExprBytesCmp" runstate="Runnable" seed="1211073013" result="Passed" start-time="2024-08-07T14:06:54.8686002Z" end-time="2024-08-07T14:06:54.8686002Z" duration="0.001771" asserts="10" />
      </test-suite>
      <test-suite type="TestFixture" id="1-1126" name="SpecExprBytesNonLiteral" fullname="Kaitai.SpecExprBytesNonLiteral" classname="Kaitai.SpecExprBytesNonLiteral" runstate="Runnable" testcasecount="1" result="Passed" start-time="2024-08-07T14:06:54.8686002Z" end-time="2024-08-07T14:06:54.8686002Z" duration="0.000713" total="1" passed="1" failed="0" warnings="0" inconclusive="0" skipped="0" asserts="3">
        <test-case id="1-1127" name="TestExprBytesNonLiteral" fullname="Kaitai.SpecExprBytesNonLiteral.TestExprBytesNonLiteral" methodname="TestExprBytesNonLiteral" classname="Kaitai.SpecExprBytesNonLiteral" runstate="Runnable" seed="1757942768" result="Passed" start-time="2024-08-07T14:06:54.8686002Z" end-time="2024-08-07T14:06:54.8686002Z" duration="0.000608" asserts="3" />
      </test-suite>
      <test-suite type="TestFixture" id="1-1128" name="SpecExprBytesOps" fullname="Kaitai.SpecExprBytesOps" classname="Kaitai.SpecExprBytesOps" runstate="Runnable" testcasecount="1" result="Passed" start-time="2024-08-07T14:06:54.8686002Z" end-time="2024-08-07T14:06:54.8686002Z" duration="0.002870" total="1" passed="1" failed="0" warnings="0" inconclusive="0" skipped="0" asserts="16">
        <test-case id="1-1129" name="TestExprBytesOps" fullname="Kaitai.SpecExprBytesOps.TestExprBytesOps" methodname="TestExprBytesOps" classname="Kaitai.SpecExprBytesOps" runstate="Runnable" seed="1063782480" result="Passed" start-time="2024-08-07T14:06:54.8686002Z" end-time="2024-08-07T14:06:54.8686002Z" duration="0.002776" asserts="16" />
      </test-suite>
      <test-suite type="TestFixture" id="1-1130" name="SpecExprCalcArrayOps" fullname="Kaitai.SpecExprCalcArrayOps" classname="Kaitai.SpecExprCalcArrayOps" runstate="Runnable" testcasecount="1" result="Passed" start-time="2024-08-07T14:06:54.8686002Z" end-time="2024-08-07T14:06:54.8686002Z" duration="0.003338" total="1" passed="1" failed="0" warnings="0" inconclusive="0" skipped="0" asserts="18">
        <test-case id="1-1131" name="TestExprCalcArrayOps" fullname="Kaitai.SpecExprCalcArrayOps.TestExprCalcArrayOps" methodname="TestExprCalcArrayOps" classname="Kaitai.SpecExprCalcArrayOps" runstate="Runnable" seed="258761439" result="Passed" start-time="2024-08-07T14:06:54.8686002Z" end-time="2024-08-07T14:06:54.8686002Z" duration="0.003242" asserts="18" />
      </test-suite>
      <test-suite type="TestFixture" id="1-1132" name="SpecExprEnum" fullname="Kaitai.SpecExprEnum" classname="Kaitai.SpecExprEnum" runstate="Runnable" testcasecount="1" result="Passed" start-time="2024-08-07T14:06:54.8686002Z" end-time="2024-08-07T14:06:54.8686002Z" duration="0.001489" total="1" passed="1" failed="0" warnings="0" inconclusive="0" skipped="0" asserts="3">
        <test-case id="1-1133" name="TestExprEnum" fullname="Kaitai.SpecExprEnum.TestExprEnum" methodname="TestExprEnum" classname="Kaitai.SpecExprEnum" runstate="Runnable" seed="1915543885" result="Passed" start-time="2024-08-07T14:06:54.8686002Z" end-time="2024-08-07T14:06:54.8686002Z" duration="0.000675" asserts="3" />
      </test-suite>
      <test-suite type="TestFixture" id="1-1134" name="SpecExprFstring0" fullname="Kaitai.SpecExprFstring0" classname="Kaitai.SpecExprFstring0" runstate="Runnable" testcasecount="1" result="Passed" start-time="2024-08-07T14:06:54.8686002Z" end-time="2024-08-07T14:06:54.8842321Z" duration="0.001156" total="1" passed="1" failed="0" warnings="0" inconclusive="0" skipped="0" asserts="9">
        <test-case id="1-1135" name="TestExprFstring0" fullname="Kaitai.SpecExprFstring0.TestExprFstring0" methodname="TestExprFstring0" classname="Kaitai.SpecExprFstring0" runstate="Runnable" seed="1159137057" result="Passed" start-time="2024-08-07T14:06:54.8686002Z" end-time="2024-08-07T14:06:54.8842321Z" duration="0.001064" asserts="9" />
      </test-suite>
      <test-suite type="TestFixture" id="1-1136" name="SpecExprIfIntOps" fullname="Kaitai.SpecExprIfIntOps" classname="Kaitai.SpecExprIfIntOps" runstate="Runnable" testcasecount="1" result="Passed" start-time="2024-08-07T14:06:54.8842321Z" end-time="2024-08-07T14:06:54.8842321Z" duration="0.001567" total="1" passed="1" failed="0" warnings="0" inconclusive="0" skipped="0" asserts="2">
        <test-case id="1-1137" name="TestExprIfIntOps" fullname="Kaitai.SpecExprIfIntOps.TestExprIfIntOps" methodname="TestExprIfIntOps" classname="Kaitai.SpecExprIfIntOps" runstate="Runnable" seed="1344423530" result="Passed" start-time="2024-08-07T14:06:54.8842321Z" end-time="2024-08-07T14:06:54.8842321Z" duration="0.001470" asserts="2" />
      </test-suite>
      <test-suite type="TestFixture" id="1-1138" name="SpecExprIntDiv" fullname="Kaitai.SpecExprIntDiv" classname="Kaitai.SpecExprIntDiv" runstate="Runnable" testcasecount="1" result="Failed" site="Child" start-time="2024-08-07T14:06:54.8842321Z" end-time="2024-08-07T14:06:55.0873794Z" duration="0.210572" total="1" passed="0" failed="1" warnings="0" inconclusive="0" skipped="0" asserts="4">
        <failure>
          <message><![CDATA[One or more child tests had errors]]></message>
        </failure>
        <test-case id="1-1139" name="TestExprIntDiv" fullname="Kaitai.SpecExprIntDiv.TestExprIntDiv" methodname="TestExprIntDiv" classname="Kaitai.SpecExprIntDiv" runstate="Runnable" seed="328622934" result="Failed" start-time="2024-08-07T14:06:54.8842321Z" end-time="2024-08-07T14:06:55.0873794Z" duration="0.210346" asserts="4">
          <failure>
            <message><![CDATA[  Expected: -756
  But was:  -757
]]></message>
            <stack-trace><![CDATA[   at Kaitai.SpecExprIntDiv.TestExprIntDiv() in D:\a\ci_targets\ci_targets\tests\spec\csharp\kaitai_struct_csharp_tests\tests\SpecExprIntDiv.cs:line 18
]]></stack-trace>
          </failure>
          <assertions>
            <assertion result="Failed">
              <message><![CDATA[  Expected: -756
  But was:  -757
]]></message>
              <stack-trace><![CDATA[   at Kaitai.SpecExprIntDiv.TestExprIntDiv() in D:\a\ci_targets\ci_targets\tests\spec\csharp\kaitai_struct_csharp_tests\tests\SpecExprIntDiv.cs:line 18
]]></stack-trace>
            </assertion>
          </assertions>
        </test-case>
      </test-suite>
      <test-suite type="TestFixture" id="1-1140" name="SpecExprIoEof" fullname="Kaitai.SpecExprIoEof" classname="Kaitai.SpecExprIoEof" runstate="Runnable" testcasecount="1" result="Passed" start-time="2024-08-07T14:06:55.0873794Z" end-time="2024-08-07T14:06:55.0873794Z" duration="0.002217" total="1" passed="1" failed="0" warnings="0" inconclusive="0" skipped="0" asserts="4">
        <test-case id="1-1141" name="TestExprIoEof" fullname="Kaitai.SpecExprIoEof.TestExprIoEof" methodname="TestExprIoEof" classname="Kaitai.SpecExprIoEof" runstate="Runnable" seed="2027713713" result="Passed" start-time="2024-08-07T14:06:55.0873794Z" end-time="2024-08-07T14:06:55.0873794Z" duration="0.002054" asserts="4" />
      </test-suite>
      <test-suite type="TestFixture" id="1-1142" name="SpecExprIoPos" fullname="Kaitai.SpecExprIoPos" classname="Kaitai.SpecExprIoPos" runstate="Runnable" testcasecount="1" result="Passed" start-time="2024-08-07T14:06:55.0873794Z" end-time="2024-08-07T14:06:55.0873794Z" duration="0.001566" total="1" passed="1" failed="0" warnings="0" inconclusive="0" skipped="0" asserts="6">
        <test-case id="1-1143" name="TestExprIoPos" fullname="Kaitai.SpecExprIoPos.TestExprIoPos" methodname="TestExprIoPos" classname="Kaitai.SpecExprIoPos" runstate="Runnable" seed="1067991872" result="Passed" start-time="2024-08-07T14:06:55.0873794Z" end-time="2024-08-07T14:06:55.0873794Z" duration="0.001428" asserts="6" />
      </test-suite>
      <test-suite type="TestFixture" id="1-1144" name="SpecExprMod" fullname="Kaitai.SpecExprMod" classname="Kaitai.SpecExprMod" runstate="Runnable" testcasecount="1" result="Passed" start-time="2024-08-07T14:06:55.0873794Z" end-time="2024-08-07T14:06:55.0873794Z" duration="0.001130" total="1" passed="1" failed="0" warnings="0" inconclusive="0" skipped="0" asserts="6">
        <test-case id="1-1145" name="TestExprMod" fullname="Kaitai.SpecExprMod.TestExprMod" methodname="TestExprMod" classname="Kaitai.SpecExprMod" runstate="Runnable" seed="215855099" result="Passed" start-time="2024-08-07T14:06:55.0873794Z" end-time="2024-08-07T14:06:55.0873794Z" duration="0.001033" asserts="6" />
      </test-suite>
      <test-suite type="TestFixture" id="1-1146" name="SpecExprOpsParens" fullname="Kaitai.SpecExprOpsParens" classname="Kaitai.SpecExprOpsParens" runstate="Runnable" testcasecount="1" result="Passed" start-time="2024-08-07T14:06:55.0873794Z" end-time="2024-08-07T14:06:55.1029846Z" duration="0.002235" total="1" passed="1" failed="0" warnings="0" inconclusive="0" skipped="0" asserts="9">
        <test-case id="1-1147" name="TestExprOpsParens" fullname="Kaitai.SpecExprOpsParens.TestExprOpsParens" methodname="TestExprOpsParens" classname="Kaitai.SpecExprOpsParens" runstate="Runnable" seed="1002838857" result="Passed" start-time="2024-08-07T14:06:55.0873794Z" end-time="2024-08-07T14:06:55.1029846Z" duration="0.002141" asserts="9" />
      </test-suite>
      <test-suite type="TestFixture" id="1-1148" name="SpecExprSizeofType0" fullname="Kaitai.SpecExprSizeofType0" classname="Kaitai.SpecExprSizeofType0" runstate="Runnable" testcasecount="1" result="Passed" start-time="2024-08-07T14:06:55.1029846Z" end-time="2024-08-07T14:06:55.1029846Z" duration="0.000450" total="1" passed="1" failed="0" warnings="0" inconclusive="0" skipped="0" asserts="1">
        <test-case id="1-1149" name="TestExprSizeofType0" fullname="Kaitai.SpecExprSizeofType0.TestExprSizeofType0" methodname="TestExprSizeofType0" classname="Kaitai.SpecExprSizeofType0" runstate="Runnable" seed="836957408" result="Passed" start-time="2024-08-07T14:06:55.1029846Z" end-time="2024-08-07T14:06:55.1029846Z" duration="0.000357" asserts="1" />
      </test-suite>
      <test-suite type="TestFixture" id="1-1150" name="SpecExprSizeofType1" fullname="Kaitai.SpecExprSizeofType1" classname="Kaitai.SpecExprSizeofType1" runstate="Runnable" testcasecount="1" result="Passed" start-time="2024-08-07T14:06:55.1029846Z" end-time="2024-08-07T14:06:55.1029846Z" duration="0.000567" total="1" passed="1" failed="0" warnings="0" inconclusive="0" skipped="0" asserts="2">
        <test-case id="1-1151" name="TestExprSizeofType1" fullname="Kaitai.SpecExprSizeofType1.TestExprSizeofType1" methodname="TestExprSizeofType1" classname="Kaitai.SpecExprSizeofType1" runstate="Runnable" seed="211818355" result="Passed" start-time="2024-08-07T14:06:55.1029846Z" end-time="2024-08-07T14:06:55.1029846Z" duration="0.000473" asserts="2" />
      </test-suite>
      <test-suite type="TestFixture" id="1-1152" name="SpecExprSizeofValue0" fullname="Kaitai.SpecExprSizeofValue0" classname="Kaitai.SpecExprSizeofValue0" runstate="Runnable" testcasecount="1" result="Passed" start-time="2024-08-07T14:06:55.1029846Z" end-time="2024-08-07T14:06:55.1029846Z" duration="0.000954" total="1" passed="1" failed="0" warnings="0" inconclusive="0" skipped="0" asserts="5">
        <test-case id="1-1153" name="TestExprSizeofValue0" fullname="Kaitai.SpecExprSizeofValue0.TestExprSizeofValue0" methodname="TestExprSizeofValue0" classname="Kaitai.SpecExprSizeofValue0" runstate="Runnable" seed="602151649" result="Passed" start-time="2024-08-07T14:06:55.1029846Z" end-time="2024-08-07T14:06:55.1029846Z" duration="0.000843" asserts="5" />
      </test-suite>
      <test-suite type="TestFixture" id="1-1154" name="SpecExprSizeofValueSized" fullname="Kaitai.SpecExprSizeofValueSized" classname="Kaitai.SpecExprSizeofValueSized" runstate="Runnable" testcasecount="1" result="Passed" start-time="2024-08-07T14:06:55.1029846Z" end-time="2024-08-07T14:06:55.1029846Z" duration="0.000952" total="1" passed="1" failed="0" warnings="0" inconclusive="0" skipped="0" asserts="5">
        <test-case id="1-1155" name="TestExprSizeofValueSized" fullname="Kaitai.SpecExprSizeofValueSized.TestExprSizeofValueSized" methodname="TestExprSizeofValueSized" classname="Kaitai.SpecExprSizeofValueSized" runstate="Runnable" seed="873198380" result="Passed" start-time="2024-08-07T14:06:55.1029846Z" end-time="2024-08-07T14:06:55.1029846Z" duration="0.000859" asserts="5" />
      </test-suite>
      <test-suite type="TestFixture" id="1-1156" name="SpecExprStrEncodings" fullname="Kaitai.SpecExprStrEncodings" classname="Kaitai.SpecExprStrEncodings" runstate="Runnable" testcasecount="1" result="Passed" start-time="2024-08-07T14:06:55.1029846Z" end-time="2024-08-07T14:06:55.1029846Z" duration="0.002387" total="1" passed="1" failed="0" warnings="0" inconclusive="0" skipped="0" asserts="7">
        <test-case id="1-1157" name="TestExprStrEncodings" fullname="Kaitai.SpecExprStrEncodings.TestExprStrEncodings" methodname="TestExprStrEncodings" classname="Kaitai.SpecExprStrEncodings" runstate="Runnable" seed="1099525482" result="Passed" start-time="2024-08-07T14:06:55.1029846Z" end-time="2024-08-07T14:06:55.1029846Z" duration="0.002296" asserts="7" />
      </test-suite>
      <test-suite type="TestFixture" id="1-1158" name="SpecExprStrOps" fullname="Kaitai.SpecExprStrOps" classname="Kaitai.SpecExprStrOps" runstate="Runnable" testcasecount="1" result="Passed" start-time="2024-08-07T14:06:55.1029846Z" end-time="2024-08-07T14:06:55.1029846Z" duration="0.001934" total="1" passed="1" failed="0" warnings="0" inconclusive="0" skipped="0" asserts="17">
        <test-case id="1-1159" name="TestExprStrOps" fullname="Kaitai.SpecExprStrOps.TestExprStrOps" methodname="TestExprStrOps" classname="Kaitai.SpecExprStrOps" runstate="Runnable" seed="992580475" result="Passed" start-time="2024-08-07T14:06:55.1029846Z" end-time="2024-08-07T14:06:55.1029846Z" duration="0.001838" asserts="17" />
      </test-suite>
      <test-suite type="TestFixture" id="1-1160" name="SpecExprToITrailing" fullname="Kaitai.SpecExprToITrailing" classname="Kaitai.SpecExprToITrailing" runstate="Runnable" testcasecount="1" result="Passed" start-time="2024-08-07T14:06:55.1029846Z" end-time="2024-08-07T14:06:55.1029846Z" duration="0.002237" total="1" passed="1" failed="0" warnings="0" inconclusive="0" skipped="0" asserts="3">
        <test-case id="1-1161" name="TestExprToITrailing" fullname="Kaitai.SpecExprToITrailing.TestExprToITrailing" methodname="TestExprToITrailing" classname="Kaitai.SpecExprToITrailing" runstate="Runnable" seed="1532287049" result="Passed" start-time="2024-08-07T14:06:55.1029846Z" end-time="2024-08-07T14:06:55.1029846Z" duration="0.002140" asserts="3" />
      </test-suite>
      <test-suite type="TestFixture" id="1-1162" name="SpecFixedContents" fullname="Kaitai.SpecFixedContents" classname="Kaitai.SpecFixedContents" runstate="Runnable" testcasecount="1" result="Passed" start-time="2024-08-07T14:06:55.1029846Z" end-time="2024-08-07T14:06:55.1029846Z" duration="0.000742" total="1" passed="1" failed="0" warnings="0" inconclusive="0" skipped="0" asserts="0">
        <test-case id="1-1163" name="TestFixedContents" fullname="Kaitai.SpecFixedContents.TestFixedContents" methodname="TestFixedContents" classname="Kaitai.SpecFixedContents" runstate="Runnable" seed="1320033897" result="Passed" start-time="2024-08-07T14:06:55.1029846Z" end-time="2024-08-07T14:06:55.1029846Z" duration="0.000645" asserts="0" />
      </test-suite>
      <test-suite type="TestFixture" id="1-1164" name="SpecFixedStruct" fullname="Kaitai.SpecFixedStruct" classname="Kaitai.SpecFixedStruct" runstate="Runnable" testcasecount="1" result="Passed" start-time="2024-08-07T14:06:55.1029846Z" end-time="2024-08-07T14:06:55.1029846Z" duration="0.003430" total="1" passed="1" failed="0" warnings="0" inconclusive="0" skipped="0" asserts="20">
        <test-case id="1-1165" name="TestFixedStruct" fullname="Kaitai.SpecFixedStruct.TestFixedStruct" methodname="TestFixedStruct" classname="Kaitai.SpecFixedStruct" runstate="Runnable" seed="195718381" result="Passed" start-time="2024-08-07T14:06:55.1029846Z" end-time="2024-08-07T14:06:55.1029846Z" duration="0.003324" asserts="20" />
      </test-suite>
      <test-suite type="TestFixture" id="1-1168" name="SpecFloatingPoints" fullname="Kaitai.SpecFloatingPoints" classname="Kaitai.SpecFloatingPoints" runstate="Runnable" testcasecount="1" result="Passed" start-time="2024-08-07T14:06:55.1029846Z" end-time="2024-08-07T14:06:55.1185932Z" duration="0.001244" total="1" passed="1" failed="0" warnings="0" inconclusive="0" skipped="0" asserts="8">
        <test-case id="1-1169" name="TestFloatingPoints" fullname="Kaitai.SpecFloatingPoints.TestFloatingPoints" methodname="TestFloatingPoints" classname="Kaitai.SpecFloatingPoints" runstate="Runnable" seed="872174301" result="Passed" start-time="2024-08-07T14:06:55.1029846Z" end-time="2024-08-07T14:06:55.1185932Z" duration="0.001144" asserts="8" />
      </test-suite>
      <test-suite type="TestFixture" id="1-1166" name="SpecFloatToI" fullname="Kaitai.SpecFloatToI" classname="Kaitai.SpecFloatToI" runstate="Runnable" testcasecount="1" result="Passed" start-time="2024-08-07T14:06:55.1185932Z" end-time="2024-08-07T14:06:55.1185932Z" duration="0.001245" total="1" passed="1" failed="0" warnings="0" inconclusive="0" skipped="0" asserts="8">
        <test-case id="1-1167" name="TestFloatToI" fullname="Kaitai.SpecFloatToI.TestFloatToI" methodname="TestFloatToI" classname="Kaitai.SpecFloatToI" runstate="Runnable" seed="1388404314" result="Passed" start-time="2024-08-07T14:06:55.1185932Z" end-time="2024-08-07T14:06:55.1185932Z" duration="0.001147" asserts="8" />
      </test-suite>
      <test-suite type="TestFixture" id="1-1170" name="SpecHelloWorld" fullname="Kaitai.SpecHelloWorld" classname="Kaitai.SpecHelloWorld" runstate="Runnable" testcasecount="1" result="Passed" start-time="2024-08-07T14:06:55.1185932Z" end-time="2024-08-07T14:06:55.1185932Z" duration="0.000476" total="1" passed="1" failed="0" warnings="0" inconclusive="0" skipped="0" asserts="1">
        <test-case id="1-1171" name="TestHelloWorld" fullname="Kaitai.SpecHelloWorld.TestHelloWorld" methodname="TestHelloWorld" classname="Kaitai.SpecHelloWorld" runstate="Runnable" seed="1639884522" result="Passed" start-time="2024-08-07T14:06:55.1185932Z" end-time="2024-08-07T14:06:55.1185932Z" duration="0.000382" asserts="1" />
      </test-suite>
      <test-suite type="TestFixture" id="1-1172" name="SpecIfInstances" fullname="Kaitai.SpecIfInstances" classname="Kaitai.SpecIfInstances" runstate="Runnable" testcasecount="1" result="Passed" start-time="2024-08-07T14:06:55.1185932Z" end-time="2024-08-07T14:06:55.1185932Z" duration="0.000442" total="1" passed="1" failed="0" warnings="0" inconclusive="0" skipped="0" asserts="1">
        <test-case id="1-1173" name="TestIfInstances" fullname="Kaitai.SpecIfInstances.TestIfInstances" methodname="TestIfInstances" classname="Kaitai.SpecIfInstances" runstate="Runnable" seed="1109453063" result="Passed" start-time="2024-08-07T14:06:55.1185932Z" end-time="2024-08-07T14:06:55.1185932Z" duration="0.000350" asserts="1" />
      </test-suite>
      <test-suite type="TestFixture" id="1-1174" name="SpecIfStruct" fullname="Kaitai.SpecIfStruct" classname="Kaitai.SpecIfStruct" runstate="Runnable" testcasecount="1" result="Passed" start-time="2024-08-07T14:06:55.1185932Z" end-time="2024-08-07T14:06:55.1185932Z" duration="0.001372" total="1" passed="1" failed="0" warnings="0" inconclusive="0" skipped="0" asserts="7">
        <test-case id="1-1175" name="TestIfStruct" fullname="Kaitai.SpecIfStruct.TestIfStruct" methodname="TestIfStruct" classname="Kaitai.SpecIfStruct" runstate="Runnable" seed="267924795" result="Passed" start-time="2024-08-07T14:06:55.1185932Z" end-time="2024-08-07T14:06:55.1185932Z" duration="0.001282" asserts="7" />
      </test-suite>
      <test-suite type="TestFixture" id="1-1176" name="SpecIfValues" fullname="Kaitai.SpecIfValues" classname="Kaitai.SpecIfValues" runstate="Runnable" testcasecount="1" result="Passed" start-time="2024-08-07T14:06:55.1185932Z" end-time="2024-08-07T14:06:55.1185932Z" duration="0.001145" total="1" passed="1" failed="0" warnings="0" inconclusive="0" skipped="0" asserts="6">
        <test-case id="1-1177" name="TestIfValues" fullname="Kaitai.SpecIfValues.TestIfValues" methodname="TestIfValues" classname="Kaitai.SpecIfValues" runstate="Runnable" seed="843155639" result="Passed" start-time="2024-08-07T14:06:55.1185932Z" end-time="2024-08-07T14:06:55.1185932Z" duration="0.001050" asserts="6" />
      </test-suite>
      <test-suite type="TestFixture" id="1-1178" name="SpecImports0" fullname="Kaitai.SpecImports0" classname="Kaitai.SpecImports0" runstate="Runnable" testcasecount="1" result="Passed" start-time="2024-08-07T14:06:55.1185932Z" end-time="2024-08-07T14:06:55.1185932Z" duration="0.000694" total="1" passed="1" failed="0" warnings="0" inconclusive="0" skipped="0" asserts="3">
        <test-case id="1-1179" name="TestImports0" fullname="Kaitai.SpecImports0.TestImports0" methodname="TestImports0" classname="Kaitai.SpecImports0" runstate="Runnable" seed="314708813" result="Passed" start-time="2024-08-07T14:06:55.1185932Z" end-time="2024-08-07T14:06:55.1185932Z" duration="0.000595" asserts="3" />
      </test-suite>
      <test-suite type="TestFixture" id="1-1180" name="SpecImportsAbs" fullname="Kaitai.SpecImportsAbs" classname="Kaitai.SpecImportsAbs" runstate="Runnable" testcasecount="1" result="Passed" start-time="2024-08-07T14:06:55.1185932Z" end-time="2024-08-07T14:06:55.1185932Z" duration="0.001838" total="1" passed="1" failed="0" warnings="0" inconclusive="0" skipped="0" asserts="2">
        <test-case id="1-1181" name="TestImportsAbs" fullname="Kaitai.SpecImportsAbs.TestImportsAbs" methodname="TestImportsAbs" classname="Kaitai.SpecImportsAbs" runstate="Runnable" seed="1752879686" result="Passed" start-time="2024-08-07T14:06:55.1185932Z" end-time="2024-08-07T14:06:55.1185932Z" duration="0.001745" asserts="2" />
      </test-suite>
      <test-suite type="TestFixture" id="1-1182" name="SpecImportsAbsAbs" fullname="Kaitai.SpecImportsAbsAbs" classname="Kaitai.SpecImportsAbsAbs" runstate="Runnable" testcasecount="1" result="Passed" start-time="2024-08-07T14:06:55.1185932Z" end-time="2024-08-07T14:06:55.1185932Z" duration="0.001520" total="1" passed="1" failed="0" warnings="0" inconclusive="0" skipped="0" asserts="3">
        <test-case id="1-1183" name="TestImportsAbsAbs" fullname="Kaitai.SpecImportsAbsAbs.TestImportsAbsAbs" methodname="TestImportsAbsAbs" classname="Kaitai.SpecImportsAbsAbs" runstate="Runnable" seed="1771787706" result="Passed" start-time="2024-08-07T14:06:55.1185932Z" end-time="2024-08-07T14:06:55.1185932Z" duration="0.001415" asserts="3" />
      </test-suite>
      <test-suite type="TestFixture" id="1-1184" name="SpecImportsAbsRel" fullname="Kaitai.SpecImportsAbsRel" classname="Kaitai.SpecImportsAbsRel" runstate="Runnable" testcasecount="1" result="Passed" start-time="2024-08-07T14:06:55.1185932Z" end-time="2024-08-07T14:06:55.1185932Z" duration="0.000788" total="1" passed="1" failed="0" warnings="0" inconclusive="0" skipped="0" asserts="3">
        <test-case id="1-1185" name="TestImportsAbsRel" fullname="Kaitai.SpecImportsAbsRel.TestImportsAbsRel" methodname="TestImportsAbsRel" classname="Kaitai.SpecImportsAbsRel" runstate="Runnable" seed="1345112771" result="Passed" start-time="2024-08-07T14:06:55.1185932Z" end-time="2024-08-07T14:06:55.1185932Z" duration="0.000693" asserts="3" />
      </test-suite>
      <test-suite type="TestFixture" id="1-1186" name="SpecImportsCastToImported" fullname="Kaitai.SpecImportsCastToImported" classname="Kaitai.SpecImportsCastToImported" runstate="Runnable" testcasecount="1" result="Passed" start-time="2024-08-07T14:06:55.1185932Z" end-time="2024-08-07T14:06:55.1185932Z" duration="0.000797" total="1" passed="1" failed="0" warnings="0" inconclusive="0" skipped="0" asserts="2">
        <test-case id="1-1187" name="TestImportsCastToImported" fullname="Kaitai.SpecImportsCastToImported.TestImportsCastToImported" methodname="TestImportsCastToImported" classname="Kaitai.SpecImportsCastToImported" runstate="Runnable" seed="2143287377" result="Passed" start-time="2024-08-07T14:06:55.1185932Z" end-time="2024-08-07T14:06:55.1185932Z" duration="0.000705" asserts="2" />
      </test-suite>
      <test-suite type="TestFixture" id="1-1188" name="SpecImportsCastToImported2" fullname="Kaitai.SpecImportsCastToImported2" classname="Kaitai.SpecImportsCastToImported2" runstate="Runnable" testcasecount="1" result="Passed" start-time="2024-08-07T14:06:55.1185932Z" end-time="2024-08-07T14:06:55.1185932Z" duration="0.000767" total="1" passed="1" failed="0" warnings="0" inconclusive="0" skipped="0" asserts="2">
        <test-case id="1-1189" name="TestImportsCastToImported2" fullname="Kaitai.SpecImportsCastToImported2.TestImportsCastToImported2" methodname="TestImportsCastToImported2" classname="Kaitai.SpecImportsCastToImported2" runstate="Runnable" seed="2049815482" result="Passed" start-time="2024-08-07T14:06:55.1185932Z" end-time="2024-08-07T14:06:55.1185932Z" duration="0.000673" asserts="2" />
      </test-suite>
      <test-suite type="TestFixture" id="1-1190" name="SpecImportsCircularA" fullname="Kaitai.SpecImportsCircularA" classname="Kaitai.SpecImportsCircularA" runstate="Runnable" testcasecount="1" result="Passed" start-time="2024-08-07T14:06:55.1185932Z" end-time="2024-08-07T14:06:55.1185932Z" duration="0.000866" total="1" passed="1" failed="0" warnings="0" inconclusive="0" skipped="0" asserts="5">
        <test-case id="1-1191" name="TestImportsCircularA" fullname="Kaitai.SpecImportsCircularA.TestImportsCircularA" methodname="TestImportsCircularA" classname="Kaitai.SpecImportsCircularA" runstate="Runnable" seed="1411801163" result="Passed" start-time="2024-08-07T14:06:55.1185932Z" end-time="2024-08-07T14:06:55.1185932Z" duration="0.000773" asserts="5" />
      </test-suite>
      <test-suite type="TestFixture" id="1-1192" name="SpecImportsParamsDefArrayUsertypeImported" fullname="Kaitai.SpecImportsParamsDefArrayUsertypeImported" classname="Kaitai.SpecImportsParamsDefArrayUsertypeImported" runstate="Runnable" testcasecount="1" result="Passed" start-time="2024-08-07T14:06:55.1185932Z" end-time="2024-08-07T14:06:55.1185932Z" duration="0.001198" total="1" passed="1" failed="0" warnings="0" inconclusive="0" skipped="0" asserts="5">
        <test-case id="1-1193" name="TestImportsParamsDefArrayUsertypeImported" fullname="Kaitai.SpecImportsParamsDefArrayUsertypeImported.TestImportsParamsDefArrayUsertypeImported" methodname="TestImportsParamsDefArrayUsertypeImported" classname="Kaitai.SpecImportsParamsDefArrayUsertypeImported" runstate="Runnable" seed="1879540326" result="Passed" start-time="2024-08-07T14:06:55.1185932Z" end-time="2024-08-07T14:06:55.1185932Z" duration="0.001105" asserts="5" />
      </test-suite>
      <test-suite type="TestFixture" id="1-1194" name="SpecImportsParamsDefEnumImported" fullname="Kaitai.SpecImportsParamsDefEnumImported" classname="Kaitai.SpecImportsParamsDefEnumImported" runstate="Runnable" testcasecount="1" result="Passed" start-time="2024-08-07T14:06:55.1185932Z" end-time="2024-08-07T14:06:55.1185932Z" duration="0.000867" total="1" passed="1" failed="0" warnings="0" inconclusive="0" skipped="0" asserts="4">
        <test-case id="1-1195" name="TestImportsParamsDefEnumImported" fullname="Kaitai.SpecImportsParamsDefEnumImported.TestImportsParamsDefEnumImported" methodname="TestImportsParamsDefEnumImported" classname="Kaitai.SpecImportsParamsDefEnumImported" runstate="Runnable" seed="1612706256" result="Passed" start-time="2024-08-07T14:06:55.1185932Z" end-time="2024-08-07T14:06:55.1185932Z" duration="0.000774" asserts="4" />
      </test-suite>
      <test-suite type="TestFixture" id="1-1196" name="SpecImportsParamsDefUsertypeImported" fullname="Kaitai.SpecImportsParamsDefUsertypeImported" classname="Kaitai.SpecImportsParamsDefUsertypeImported" runstate="Runnable" testcasecount="1" result="Passed" start-time="2024-08-07T14:06:55.1185932Z" end-time="2024-08-07T14:06:55.1342191Z" duration="0.000840" total="1" passed="1" failed="0" warnings="0" inconclusive="0" skipped="0" asserts="2">
        <test-case id="1-1197" name="TestImportsParamsDefUsertypeImported" fullname="Kaitai.SpecImportsParamsDefUsertypeImported.TestImportsParamsDefUsertypeImported" methodname="TestImportsParamsDefUsertypeImported" classname="Kaitai.SpecImportsParamsDefUsertypeImported" runstate="Runnable" seed="423252045" result="Passed" start-time="2024-08-07T14:06:55.1185932Z" end-time="2024-08-07T14:06:55.1342191Z" duration="0.000731" asserts="2" />
      </test-suite>
      <test-suite type="TestFixture" id="1-1198" name="SpecImportsRel1" fullname="Kaitai.SpecImportsRel1" classname="Kaitai.SpecImportsRel1" runstate="Runnable" testcasecount="1" result="Passed" start-time="2024-08-07T14:06:55.1342191Z" end-time="2024-08-07T14:06:55.1342191Z" duration="0.000989" total="1" passed="1" failed="0" warnings="0" inconclusive="0" skipped="0" asserts="3">
[...]
      </test-suite>
      <test-suite type="TestFixture" id="1-1448" name="SpecValidFailEqBytes" fullname="Kaitai.SpecValidFailEqBytes" classname="Kaitai.SpecValidFailEqBytes" runstate="Runnable" testcasecount="1" result="Passed" start-time="2024-08-07T14:06:55.2748511Z" end-time="2024-08-07T14:06:55.2748511Z" duration="0.000668" total="1" passed="1" failed="0" warnings="0" inconclusive="0" skipped="0" asserts="1">
        <test-case id="1-1449" name="TestValidFailEqBytes" fullname="Kaitai.SpecValidFailEqBytes.TestValidFailEqBytes" methodname="TestValidFailEqBytes" classname="Kaitai.SpecValidFailEqBytes" runstate="Runnable" seed="2042428495" result="Passed" start-time="2024-08-07T14:06:55.2748511Z" end-time="2024-08-07T14:06:55.2748511Z" duration="0.000571" asserts="1" />
      </test-suite>
      <test-suite type="TestFixture" id="1-1450" name="SpecValidFailEqInt" fullname="Kaitai.SpecValidFailEqInt" classname="Kaitai.SpecValidFailEqInt" runstate="Runnable" testcasecount="1" result="Passed" start-time="2024-08-07T14:06:55.2748511Z" end-time="2024-08-07T14:06:55.2748511Z" duration="0.000751" total="1" passed="1" failed="0" warnings="0" inconclusive="0" skipped="0" asserts="1">
        <test-case id="1-1451" name="TestValidFailEqInt" fullname="Kaitai.SpecValidFailEqInt.TestValidFailEqInt" methodname="TestValidFailEqInt" classname="Kaitai.SpecValidFailEqInt" runstate="Runnable" seed="521998190" result="Passed" start-time="2024-08-07T14:06:55.2748511Z" end-time="2024-08-07T14:06:55.2748511Z" duration="0.000648" asserts="1" />
      </test-suite>
      <test-suite type="TestFixture" id="1-1452" name="SpecValidFailEqStr" fullname="Kaitai.SpecValidFailEqStr" classname="Kaitai.SpecValidFailEqStr" runstate="Runnable" testcasecount="1" result="Passed" start-time="2024-08-07T14:06:55.2748511Z" end-time="2024-08-07T14:06:55.2748511Z" duration="0.000623" total="1" passed="1" failed="0" warnings="0" inconclusive="0" skipped="0" asserts="1">
        <test-case id="1-1453" name="TestValidFailEqStr" fullname="Kaitai.SpecValidFailEqStr.TestValidFailEqStr" methodname="TestValidFailEqStr" classname="Kaitai.SpecValidFailEqStr" runstate="Runnable" seed="893378746" result="Passed" start-time="2024-08-07T14:06:55.2748511Z" end-time="2024-08-07T14:06:55.2748511Z" duration="0.000526" asserts="1" />
      </test-suite>
      <test-suite type="TestFixture" id="1-1454" name="SpecValidFailExpr" fullname="Kaitai.SpecValidFailExpr" classname="Kaitai.SpecValidFailExpr" runstate="Runnable" testcasecount="1" result="Passed" start-time="2024-08-07T14:06:55.2748511Z" end-time="2024-08-07T14:06:55.2748511Z" duration="0.000827" total="1" passed="1" failed="0" warnings="0" inconclusive="0" skipped="0" asserts="1">
        <test-case id="1-1455" name="TestValidFailExpr" fullname="Kaitai.SpecValidFailExpr.TestValidFailExpr" methodname="TestValidFailExpr" classname="Kaitai.SpecValidFailExpr" runstate="Runnable" seed="1827689318" result="Passed" start-time="2024-08-07T14:06:55.2748511Z" end-time="2024-08-07T14:06:55.2748511Z" duration="0.000731" asserts="1" />
      </test-suite>
      <test-suite type="TestFixture" id="1-1456" name="SpecValidFailInst" fullname="Kaitai.SpecValidFailInst" classname="Kaitai.SpecValidFailInst" runstate="Runnable" testcasecount="1" result="Passed" start-time="2024-08-07T14:06:55.2748511Z" end-time="2024-08-07T14:06:55.2748511Z" duration="0.000706" total="1" passed="1" failed="0" warnings="0" inconclusive="0" skipped="0" asserts="1">
        <test-case id="1-1457" name="TestValidFailInst" fullname="Kaitai.SpecValidFailInst.TestValidFailInst" methodname="TestValidFailInst" classname="Kaitai.SpecValidFailInst" runstate="Runnable" seed="273637520" result="Passed" start-time="2024-08-07T14:06:55.2748511Z" end-time="2024-08-07T14:06:55.2748511Z" duration="0.000613" asserts="1" />
      </test-suite>
      <test-suite type="TestFixture" id="1-1458" name="SpecValidFailMaxInt" fullname="Kaitai.SpecValidFailMaxInt" classname="Kaitai.SpecValidFailMaxInt" runstate="Runnable" testcasecount="1" result="Passed" start-time="2024-08-07T14:06:55.2748511Z" end-time="2024-08-07T14:06:55.2748511Z" duration="0.000820" total="1" passed="1" failed="0" warnings="0" inconclusive="0" skipped="0" asserts="1">
        <test-case id="1-1459" name="TestValidFailMaxInt" fullname="Kaitai.SpecValidFailMaxInt.TestValidFailMaxInt" methodname="TestValidFailMaxInt" classname="Kaitai.SpecValidFailMaxInt" runstate="Runnable" seed="71442475" result="Passed" start-time="2024-08-07T14:06:55.2748511Z" end-time="2024-08-07T14:06:55.2748511Z" duration="0.000725" asserts="1" />
      </test-suite>
      <test-suite type="TestFixture" id="1-1460" name="SpecValidFailMinInt" fullname="Kaitai.SpecValidFailMinInt" classname="Kaitai.SpecValidFailMinInt" runstate="Runnable" testcasecount="1" result="Passed" start-time="2024-08-07T14:06:55.2748511Z" end-time="2024-08-07T14:06:55.2904804Z" duration="0.002014" total="1" passed="1" failed="0" warnings="0" inconclusive="0" skipped="0" asserts="1">
        <test-case id="1-1461" name="TestValidFailMinInt" fullname="Kaitai.SpecValidFailMinInt.TestValidFailMinInt" methodname="TestValidFailMinInt" classname="Kaitai.SpecValidFailMinInt" runstate="Runnable" seed="656271979" result="Passed" start-time="2024-08-07T14:06:55.2748511Z" end-time="2024-08-07T14:06:55.2904804Z" duration="0.001900" asserts="1" />
      </test-suite>
      <test-suite type="TestFixture" id="1-1462" name="SpecValidFailRangeBytes" fullname="Kaitai.SpecValidFailRangeBytes" classname="Kaitai.SpecValidFailRangeBytes" runstate="Runnable" testcasecount="1" result="Passed" start-time="2024-08-07T14:06:55.2904804Z" end-time="2024-08-07T14:06:55.2904804Z" duration="0.000982" total="1" passed="1" failed="0" warnings="0" inconclusive="0" skipped="0" asserts="1">
        <test-case id="1-1463" name="TestValidFailRangeBytes" fullname="Kaitai.SpecValidFailRangeBytes.TestValidFailRangeBytes" methodname="TestValidFailRangeBytes" classname="Kaitai.SpecValidFailRangeBytes" runstate="Runnable" seed="1169608897" result="Passed" start-time="2024-08-07T14:06:55.2904804Z" end-time="2024-08-07T14:06:55.2904804Z" duration="0.000852" asserts="1" />
      </test-suite>
      <test-suite type="TestFixture" id="1-1464" name="SpecValidFailRangeFloat" fullname="Kaitai.SpecValidFailRangeFloat" classname="Kaitai.SpecValidFailRangeFloat" runstate="Runnable" testcasecount="1" result="Passed" start-time="2024-08-07T14:06:55.2904804Z" end-time="2024-08-07T14:06:55.2904804Z" duration="0.000723" total="1" passed="1" failed="0" warnings="0" inconclusive="0" skipped="0" asserts="1">
        <test-case id="1-1465" name="TestValidFailRangeFloat" fullname="Kaitai.SpecValidFailRangeFloat.TestValidFailRangeFloat" methodname="TestValidFailRangeFloat" classname="Kaitai.SpecValidFailRangeFloat" runstate="Runnable" seed="117377312" result="Passed" start-time="2024-08-07T14:06:55.2904804Z" end-time="2024-08-07T14:06:55.2904804Z" duration="0.000625" asserts="1" />
      </test-suite>
      <test-suite type="TestFixture" id="1-1466" name="SpecValidFailRangeInt" fullname="Kaitai.SpecValidFailRangeInt" classname="Kaitai.SpecValidFailRangeInt" runstate="Runnable" testcasecount="1" result="Passed" start-time="2024-08-07T14:06:55.2904804Z" end-time="2024-08-07T14:06:55.2904804Z" duration="0.000684" total="1" passed="1" failed="0" warnings="0" inconclusive="0" skipped="0" asserts="1">
        <test-case id="1-1467" name="TestValidFailRangeInt" fullname="Kaitai.SpecValidFailRangeInt.TestValidFailRangeInt" methodname="TestValidFailRangeInt" classname="Kaitai.SpecValidFailRangeInt" runstate="Runnable" seed="2053454748" result="Passed" start-time="2024-08-07T14:06:55.2904804Z" end-time="2024-08-07T14:06:55.2904804Z" duration="0.000586" asserts="1" />
      </test-suite>
      <test-suite type="TestFixture" id="1-1468" name="SpecValidFailRangeStr" fullname="Kaitai.SpecValidFailRangeStr" classname="Kaitai.SpecValidFailRangeStr" runstate="Runnable" testcasecount="1" result="Passed" start-time="2024-08-07T14:06:55.2904804Z" end-time="2024-08-07T14:06:55.2904804Z" duration="0.000701" total="1" passed="1" failed="0" warnings="0" inconclusive="0" skipped="0" asserts="1">
        <test-case id="1-1469" name="TestValidFailRangeStr" fullname="Kaitai.SpecValidFailRangeStr.TestValidFailRangeStr" methodname="TestValidFailRangeStr" classname="Kaitai.SpecValidFailRangeStr" runstate="Runnable" seed="449277368" result="Passed" start-time="2024-08-07T14:06:55.2904804Z" end-time="2024-08-07T14:06:55.2904804Z" duration="0.000602" asserts="1" />
      </test-suite>
      <test-suite type="TestFixture" id="1-1470" name="SpecValidFailRepeatAnyofInt" fullname="Kaitai.SpecValidFailRepeatAnyofInt" classname="Kaitai.SpecValidFailRepeatAnyofInt" runstate="Runnable" testcasecount="1" result="Passed" start-time="2024-08-07T14:06:55.2904804Z" end-time="2024-08-07T14:06:55.2904804Z" duration="0.000754" total="1" passed="1" failed="0" warnings="0" inconclusive="0" skipped="0" asserts="1">
        <test-case id="1-1471" name="TestValidFailRepeatAnyofInt" fullname="Kaitai.SpecValidFailRepeatAnyofInt.TestValidFailRepeatAnyofInt" methodname="TestValidFailRepeatAnyofInt" classname="Kaitai.SpecValidFailRepeatAnyofInt" runstate="Runnable" seed="47773370" result="Passed" start-time="2024-08-07T14:06:55.2904804Z" end-time="2024-08-07T14:06:55.2904804Z" duration="0.000656" asserts="1" />
      </test-suite>
      <test-suite type="TestFixture" id="1-1472" name="SpecValidFailRepeatContents" fullname="Kaitai.SpecValidFailRepeatContents" classname="Kaitai.SpecValidFailRepeatContents" runstate="Runnable" testcasecount="1" result="Passed" start-time="2024-08-07T14:06:55.2904804Z" end-time="2024-08-07T14:06:55.2904804Z" duration="0.000748" total="1" passed="1" failed="0" warnings="0" inconclusive="0" skipped="0" asserts="1">
        <test-case id="1-1473" name="TestValidFailRepeatContents" fullname="Kaitai.SpecValidFailRepeatContents.TestValidFailRepeatContents" methodname="TestValidFailRepeatContents" classname="Kaitai.SpecValidFailRepeatContents" runstate="Runnable" seed="1019507985" result="Passed" start-time="2024-08-07T14:06:55.2904804Z" end-time="2024-08-07T14:06:55.2904804Z" duration="0.000652" asserts="1" />
      </test-suite>
      <test-suite type="TestFixture" id="1-1474" name="SpecValidFailRepeatEqInt" fullname="Kaitai.SpecValidFailRepeatEqInt" classname="Kaitai.SpecValidFailRepeatEqInt" runstate="Runnable" testcasecount="1" result="Passed" start-time="2024-08-07T14:06:55.2904804Z" end-time="2024-08-07T14:06:55.2904804Z" duration="0.000677" total="1" passed="1" failed="0" warnings="0" inconclusive="0" skipped="0" asserts="1">
        <test-case id="1-1475" name="TestValidFailRepeatEqInt" fullname="Kaitai.SpecValidFailRepeatEqInt.TestValidFailRepeatEqInt" methodname="TestValidFailRepeatEqInt" classname="Kaitai.SpecValidFailRepeatEqInt" runstate="Runnable" seed="970093444" result="Passed" start-time="2024-08-07T14:06:55.2904804Z" end-time="2024-08-07T14:06:55.2904804Z" duration="0.000579" asserts="1" />
      </test-suite>
      <test-suite type="TestFixture" id="1-1476" name="SpecValidFailRepeatExpr" fullname="Kaitai.SpecValidFailRepeatExpr" classname="Kaitai.SpecValidFailRepeatExpr" runstate="Runnable" testcasecount="1" result="Passed" start-time="2024-08-07T14:06:55.2904804Z" end-time="2024-08-07T14:06:55.2904804Z" duration="0.000720" total="1" passed="1" failed="0" warnings="0" inconclusive="0" skipped="0" asserts="1">
        <test-case id="1-1477" name="TestValidFailRepeatExpr" fullname="Kaitai.SpecValidFailRepeatExpr.TestValidFailRepeatExpr" methodname="TestValidFailRepeatExpr" classname="Kaitai.SpecValidFailRepeatExpr" runstate="Runnable" seed="1374936046" result="Passed" start-time="2024-08-07T14:06:55.2904804Z" end-time="2024-08-07T14:06:55.2904804Z" duration="0.000618" asserts="1" />
      </test-suite>
      <test-suite type="TestFixture" id="1-1478" name="SpecValidFailRepeatInst" fullname="Kaitai.SpecValidFailRepeatInst" classname="Kaitai.SpecValidFailRepeatInst" runstate="Runnable" testcasecount="1" result="Passed" start-time="2024-08-07T14:06:55.2904804Z" end-time="2024-08-07T14:06:55.2904804Z" duration="0.000820" total="1" passed="1" failed="0" warnings="0" inconclusive="0" skipped="0" asserts="1">
        <test-case id="1-1479" name="TestValidFailRepeatInst" fullname="Kaitai.SpecValidFailRepeatInst.TestValidFailRepeatInst" methodname="TestValidFailRepeatInst" classname="Kaitai.SpecValidFailRepeatInst" runstate="Runnable" seed="1865755852" result="Passed" start-time="2024-08-07T14:06:55.2904804Z" end-time="2024-08-07T14:06:55.2904804Z" duration="0.000723" asserts="1" />
      </test-suite>
      <test-suite type="TestFixture" id="1-1480" name="SpecValidFailRepeatMaxInt" fullname="Kaitai.SpecValidFailRepeatMaxInt" classname="Kaitai.SpecValidFailRepeatMaxInt" runstate="Runnable" testcasecount="1" result="Passed" start-time="2024-08-07T14:06:55.2904804Z" end-time="2024-08-07T14:06:55.2904804Z" duration="0.000679" total="1" passed="1" failed="0" warnings="0" inconclusive="0" skipped="0" asserts="1">
        <test-case id="1-1481" name="TestValidFailRepeatMaxInt" fullname="Kaitai.SpecValidFailRepeatMaxInt.TestValidFailRepeatMaxInt" methodname="TestValidFailRepeatMaxInt" classname="Kaitai.SpecValidFailRepeatMaxInt" runstate="Runnable" seed="498688392" result="Passed" start-time="2024-08-07T14:06:55.2904804Z" end-time="2024-08-07T14:06:55.2904804Z" duration="0.000581" asserts="1" />
      </test-suite>
      <test-suite type="TestFixture" id="1-1482" name="SpecValidFailRepeatMinInt" fullname="Kaitai.SpecValidFailRepeatMinInt" classname="Kaitai.SpecValidFailRepeatMinInt" runstate="Runnable" testcasecount="1" result="Passed" start-time="2024-08-07T14:06:55.2904804Z" end-time="2024-08-07T14:06:55.3060845Z" duration="0.013294" total="1" passed="1" failed="0" warnings="0" inconclusive="0" skipped="0" asserts="1">
        <test-case id="1-1483" name="TestValidFailRepeatMinInt" fullname="Kaitai.SpecValidFailRepeatMinInt.TestValidFailRepeatMinInt" methodname="TestValidFailRepeatMinInt" classname="Kaitai.SpecValidFailRepeatMinInt" runstate="Runnable" seed="944210690" result="Passed" start-time="2024-08-07T14:06:55.2904804Z" end-time="2024-08-07T14:06:55.3060845Z" duration="0.013185" asserts="1" />
      </test-suite>
      <test-suite type="TestFixture" id="1-1484" name="SpecValidLong" fullname="Kaitai.SpecValidLong" classname="Kaitai.SpecValidLong" runstate="Runnable" testcasecount="1" result="Passed" start-time="2024-08-07T14:06:55.3060845Z" end-time="2024-08-07T14:06:55.3060845Z" duration="0.001428" total="1" passed="1" failed="0" warnings="0" inconclusive="0" skipped="0" asserts="0">
        <test-case id="1-1485" name="TestValidLong" fullname="Kaitai.SpecValidLong.TestValidLong" methodname="TestValidLong" classname="Kaitai.SpecValidLong" runstate="Runnable" seed="1579616642" result="Passed" start-time="2024-08-07T14:06:55.3060845Z" end-time="2024-08-07T14:06:55.3060845Z" duration="0.001269" asserts="0" />
      </test-suite>
      <test-suite type="TestFixture" id="1-1486" name="SpecValidNotParsedIf" fullname="Kaitai.SpecValidNotParsedIf" classname="Kaitai.SpecValidNotParsedIf" runstate="Runnable" testcasecount="1" result="Passed" start-time="2024-08-07T14:06:55.3060845Z" end-time="2024-08-07T14:06:55.3060845Z" duration="0.000598" total="1" passed="1" failed="0" warnings="0" inconclusive="0" skipped="0" asserts="0">
        <test-case id="1-1487" name="TestValidNotParsedIf" fullname="Kaitai.SpecValidNotParsedIf.TestValidNotParsedIf" methodname="TestValidNotParsedIf" classname="Kaitai.SpecValidNotParsedIf" runstate="Runnable" seed="1665777775" result="Passed" start-time="2024-08-07T14:06:55.3060845Z" end-time="2024-08-07T14:06:55.3060845Z" duration="0.000497" asserts="0" />
      </test-suite>
      <test-suite type="TestFixture" id="1-1488" name="SpecValidOptionalId" fullname="Kaitai.SpecValidOptionalId" classname="Kaitai.SpecValidOptionalId" runstate="Runnable" testcasecount="1" result="Passed" start-time="2024-08-07T14:06:55.3060845Z" end-time="2024-08-07T14:06:55.3060845Z" duration="0.000674" total="1" passed="1" failed="0" warnings="0" inconclusive="0" skipped="0" asserts="0">
        <test-case id="1-1489" name="TestValidOptionalId" fullname="Kaitai.SpecValidOptionalId.TestValidOptionalId" methodname="TestValidOptionalId" classname="Kaitai.SpecValidOptionalId" runstate="Runnable" seed="1592032480" result="Passed" start-time="2024-08-07T14:06:55.3060845Z" end-time="2024-08-07T14:06:55.3060845Z" duration="0.000575" asserts="0" />
      </test-suite>
      <test-suite type="TestFixture" id="1-1490" name="SpecValidShort" fullname="Kaitai.SpecValidShort" classname="Kaitai.SpecValidShort" runstate="Runnable" testcasecount="1" result="Passed" start-time="2024-08-07T14:06:55.3060845Z" end-time="2024-08-07T14:06:55.3060845Z" duration="0.001280" total="1" passed="1" failed="0" warnings="0" inconclusive="0" skipped="0" asserts="0">
        <test-case id="1-1491" name="TestValidShort" fullname="Kaitai.SpecValidShort.TestValidShort" methodname="TestValidShort" classname="Kaitai.SpecValidShort" runstate="Runnable" seed="590425765" result="Passed" start-time="2024-08-07T14:06:55.3060845Z" end-time="2024-08-07T14:06:55.3060845Z" duration="0.001173" asserts="0" />
      </test-suite>
      <test-suite type="TestFixture" id="1-1492" name="SpecValidSwitch" fullname="Kaitai.SpecValidSwitch" classname="Kaitai.SpecValidSwitch" runstate="Runnable" testcasecount="1" result="Passed" start-time="2024-08-07T14:06:55.3060845Z" end-time="2024-08-07T14:06:55.3060845Z" duration="0.000640" total="1" passed="1" failed="0" warnings="0" inconclusive="0" skipped="0" asserts="0">
        <test-case id="1-1493" name="TestValidSwitch" fullname="Kaitai.SpecValidSwitch.TestValidSwitch" methodname="TestValidSwitch" classname="Kaitai.SpecValidSwitch" runstate="Runnable" seed="1521870588" result="Passed" start-time="2024-08-07T14:06:55.3060845Z" end-time="2024-08-07T14:06:55.3060845Z" duration="0.000539" asserts="0" />
      </test-suite>
      <test-suite type="TestFixture" id="1-1494" name="SpecZlibSurrounded" fullname="Kaitai.SpecZlibSurrounded" classname="Kaitai.SpecZlibSurrounded" runstate="Runnable" testcasecount="1" result="Passed" start-time="2024-08-07T14:06:55.3060845Z" end-time="2024-08-07T14:06:55.3998439Z" duration="0.096523" total="1" passed="1" failed="0" warnings="0" inconclusive="0" skipped="0" asserts="1">
        <test-case id="1-1495" name="TestZlibSurrounded" fullname="Kaitai.SpecZlibSurrounded.TestZlibSurrounded" methodname="TestZlibSurrounded" classname="Kaitai.SpecZlibSurrounded" runstate="Runnable" seed="2113986634" result="Passed" start-time="2024-08-07T14:06:55.3060845Z" end-time="2024-08-07T14:06:55.3998439Z" duration="0.096420" asserts="1" />
      </test-suite>
      <test-suite type="TestFixture" id="1-1496" name="SpecZlibWithHeader78" fullname="Kaitai.SpecZlibWithHeader78" classname="Kaitai.SpecZlibWithHeader78" runstate="Runnable" testcasecount="1" result="Passed" start-time="2024-08-07T14:06:55.3998439Z" end-time="2024-08-07T14:06:55.3998439Z" duration="0.000671" total="1" passed="1" failed="0" warnings="0" inconclusive="0" skipped="0" asserts="1">
        <test-case id="1-1497" name="TestZlibWithHeader78" fullname="Kaitai.SpecZlibWithHeader78.TestZlibWithHeader78" methodname="TestZlibWithHeader78" classname="Kaitai.SpecZlibWithHeader78" runstate="Runnable" seed="650018334" result="Passed" start-time="2024-08-07T14:06:55.3998439Z" end-time="2024-08-07T14:06:55.3998439Z" duration="0.000560" asserts="1" />
      </test-suite>
    </test-suite>
  </test-suite>
</test-run>