<?xml version="1.0" encoding="utf-8" standalone="no"?>
<test-run id="2" testcasecount="143" result="Failed" total="143" passed="142" failed="1" inconclusive="0" skipped="0" asserts="689" engine-version="3.4.1.0" clr-version="4.0.30319.42000" start-time="2019-04-14 15:47:10Z" end-time="2019-04-14 15:47:11Z" duration="1.553619">
  <command-line><![CDATA[spec/csharp/packages/NUnit.ConsoleRunner.3.4.1/tools/nunit3-console.exe --result=test_out/csharp/TestResult.xml spec/csharp/kaitai_struct_csharp_tests/bin/Debug/kaitai_struct_csharp_tests.dll]]></command-line>
  <test-suite type="Assembly" id="0-1286" name="kaitai_struct_csharp_tests.dll" fullname="C:\projects\ci-targets\tests\spec\csharp\kaitai_struct_csharp_tests\bin\Debug\kaitai_struct_csharp_tests.dll" runstate="Runnable" testcasecount="143" result="Failed" site="Child" start-time="2019-04-14 15:47:10Z" end-time="2019-04-14 15:47:11Z" duration="1.479741" total="143" passed="142" failed="1" inconclusive="0" skipped="0" asserts="689">
    <environment framework-version="3.4.1.0" clr-version="4.0.30319.42000" os-version="Microsoft Windows NT 10.0.14393.0" platform="Win32NT" cwd="C:\projects\ci-targets\tests" machine-name="APPVYR-WIN" user="appveyor" user-domain="APPVYR-WIN" culture="en-US" uiculture="en-US" os-architecture="x64" />
    <settings>
      <setting name="WorkDirectory" value="C:\projects\ci-targets\tests" />
      <setting name="ImageRuntimeVersion" value="4.0.30319" />
      <setting name="ImageTargetFrameworkName" value=".NETFramework,Version=v4.5" />
      <setting name="ImageRequiresX86" value="False" />
      <setting name="ImageRequiresDefaultAppDomainAssemblyResolver" value="False" />
      <setting name="NumberOfTestWorkers" value="2" />
    </settings>
    <properties>
      <property name="_PID" value="3448" />
      <property name="_APPDOMAIN" value="test-domain-" />
    </properties>
    <failure>
      <message><![CDATA[One or more child tests had errors]]></message>
    </failure>
    <test-suite type="TestSuite" id="0-1287" name="Kaitai" fullname="Kaitai" runstate="Runnable" testcasecount="143" result="Failed" site="Child" start-time="2019-04-14 15:47:10Z" end-time="2019-04-14 15:47:11Z" duration="1.456469" total="143" passed="142" failed="1" inconclusive="0" skipped="0" asserts="689">
      <failure>
        <message><![CDATA[One or more child tests had errors]]></message>
      </failure>
      <test-suite type="TestFixture" id="0-1000" name="SpecBcdUserTypeBe" fullname="Kaitai.SpecBcdUserTypeBe" classname="Kaitai.SpecBcdUserTypeBe" runstate="Runnable" testcasecount="1" result="Passed" start-time="2019-04-14 15:47:10Z" end-time="2019-04-14 15:47:10Z" duration="0.035703" total="1" passed="1" failed="0" inconclusive="0" skipped="0" asserts="6">
        <test-case id="0-1001" name="TestBcdUserTypeBe" fullname="Kaitai.SpecBcdUserTypeBe.TestBcdUserTypeBe" methodname="TestBcdUserTypeBe" classname="Kaitai.SpecBcdUserTypeBe" runstate="Runnable" seed="420207985" result="Passed" start-time="2019-04-14 15:47:10Z" end-time="2019-04-14 15:47:10Z" duration="0.022936" asserts="6" />
      </test-suite>
      <test-suite type="TestFixture" id="0-1002" name="SpecBcdUserTypeLe" fullname="Kaitai.SpecBcdUserTypeLe" classname="Kaitai.SpecBcdUserTypeLe" runstate="Runnable" testcasecount="1" result="Passed" start-time="2019-04-14 15:47:10Z" end-time="2019-04-14 15:47:10Z" duration="0.010021" total="1" passed="1" failed="0" inconclusive="0" skipped="0" asserts="6">
        <test-case id="0-1003" name="TestBcdUserTypeLe" fullname="Kaitai.SpecBcdUserTypeLe.TestBcdUserTypeLe" methodname="TestBcdUserTypeLe" classname="Kaitai.SpecBcdUserTypeLe" runstate="Runnable" seed="1210563647" result="Passed" start-time="2019-04-14 15:47:10Z" end-time="2019-04-14 15:47:10Z" duration="0.006380" asserts="6" />
      </test-suite>
      <test-suite type="TestFixture" id="0-1004" name="SpecBitsByteAligned" fullname="Kaitai.SpecBitsByteAligned" classname="Kaitai.SpecBitsByteAligned" runstate="Runnable" testcasecount="1" result="Passed" start-time="2019-04-14 15:47:10Z" end-time="2019-04-14 15:47:10Z" duration="0.009011" total="1" passed="1" failed="0" inconclusive="0" skipped="0" asserts="9">
        <test-case id="0-1005" name="TestBitsByteAligned" fullname="Kaitai.SpecBitsByteAligned.TestBitsByteAligned" methodname="TestBitsByteAligned" classname="Kaitai.SpecBitsByteAligned" runstate="Runnable" seed="125952055" result="Passed" start-time="2019-04-14 15:47:10Z" end-time="2019-04-14 15:47:10Z" duration="0.005239" asserts="9" />
      </test-suite>
      <test-suite type="TestFixture" id="0-1006" name="SpecBitsEnum" fullname="Kaitai.SpecBitsEnum" classname="Kaitai.SpecBitsEnum" runstate="Runnable" testcasecount="1" result="Passed" start-time="2019-04-14 15:47:10Z" end-time="2019-04-14 15:47:10Z" duration="0.004008" total="1" passed="1" failed="0" inconclusive="0" skipped="0" asserts="3">
        <test-case id="0-1007" name="TestBitsEnum" fullname="Kaitai.SpecBitsEnum.TestBitsEnum" methodname="TestBitsEnum" classname="Kaitai.SpecBitsEnum" runstate="Runnable" seed="1130774131" result="Passed" start-time="2019-04-14 15:47:10Z" end-time="2019-04-14 15:47:10Z" duration="0.000847" asserts="3" />
      </test-suite>
      <test-suite type="TestFixture" id="0-1008" name="SpecBitsSimple" fullname="Kaitai.SpecBitsSimple" classname="Kaitai.SpecBitsSimple" runstate="Runnable" testcasecount="1" result="Passed" start-time="2019-04-14 15:47:10Z" end-time="2019-04-14 15:47:10Z" duration="0.007012" total="1" passed="1" failed="0" inconclusive="0" skipped="0" asserts="14">
        <test-case id="0-1009" name="TestBitsSimple" fullname="Kaitai.SpecBitsSimple.TestBitsSimple" methodname="TestBitsSimple" classname="Kaitai.SpecBitsSimple" runstate="Runnable" seed="1934884165" result="Passed" start-time="2019-04-14 15:47:10Z" end-time="2019-04-14 15:47:10Z" duration="0.003872" asserts="14" />
      </test-suite>
      <test-suite type="TestFixture" id="0-1010" name="SpecBufferedStruct" fullname="Kaitai.SpecBufferedStruct" classname="Kaitai.SpecBufferedStruct" runstate="Runnable" testcasecount="1" result="Passed" start-time="2019-04-14 15:47:10Z" end-time="2019-04-14 15:47:10Z" duration="0.007009" total="1" passed="1" failed="0" inconclusive="0" skipped="0" asserts="7">
        <test-case id="0-1011" name="TestBufferedStruct" fullname="Kaitai.SpecBufferedStruct.TestBufferedStruct" methodname="TestBufferedStruct" classname="Kaitai.SpecBufferedStruct" runstate="Runnable" seed="1070775182" result="Passed" start-time="2019-04-14 15:47:10Z" end-time="2019-04-14 15:47:10Z" duration="0.003484" asserts="7" />
      </test-suite>
      <test-suite type="TestFixture" id="0-1012" name="SpecBytesPadTerm" fullname="Kaitai.SpecBytesPadTerm" classname="Kaitai.SpecBytesPadTerm" runstate="Runnable" testcasecount="1" result="Passed" start-time="2019-04-14 15:47:10Z" end-time="2019-04-14 15:47:10Z" duration="0.004994" total="1" passed="1" failed="0" inconclusive="0" skipped="0" asserts="4">
        <test-case id="0-1013" name="TestBytesPadTerm" fullname="Kaitai.SpecBytesPadTerm.TestBytesPadTerm" methodname="TestBytesPadTerm" classname="Kaitai.SpecBytesPadTerm" runstate="Runnable" seed="1917179324" result="Passed" start-time="2019-04-14 15:47:10Z" end-time="2019-04-14 15:47:10Z" duration="0.001797" asserts="4" />
      </test-suite>
      <test-suite type="TestFixture" id="0-1014" name="SpecCastNested" fullname="Kaitai.SpecCastNested" classname="Kaitai.SpecCastNested" runstate="Runnable" testcasecount="1" result="Passed" start-time="2019-04-14 15:47:10Z" end-time="2019-04-14 15:47:10Z" duration="0.007008" total="1" passed="1" failed="0" inconclusive="0" skipped="0" asserts="4">
        <test-case id="0-1015" name="TestCastNested" fullname="Kaitai.SpecCastNested.TestCastNested" methodname="TestCastNested" classname="Kaitai.SpecCastNested" runstate="Runnable" seed="1595164632" result="Passed" start-time="2019-04-14 15:47:10Z" end-time="2019-04-14 15:47:10Z" duration="0.003337" asserts="4" />
      </test-suite>
      <test-suite type="TestFixture" id="0-1016" name="SpecCastToImported" fullname="Kaitai.SpecCastToImported" classname="Kaitai.SpecCastToImported" runstate="Runnable" testcasecount="1" result="Passed" start-time="2019-04-14 15:47:10Z" end-time="2019-04-14 15:47:10Z" duration="0.005010" total="1" passed="1" failed="0" inconclusive="0" skipped="0" asserts="2">
        <test-case id="0-1017" name="TestCastToImported" fullname="Kaitai.SpecCastToImported.TestCastToImported" methodname="TestCastToImported" classname="Kaitai.SpecCastToImported" runstate="Runnable" seed="420073963" result="Passed" start-time="2019-04-14 15:47:10Z" end-time="2019-04-14 15:47:10Z" duration="0.001064" asserts="2" />
      </test-suite>
      <test-suite type="TestFixture" id="0-1018" name="SpecCastToTop" fullname="Kaitai.SpecCastToTop" classname="Kaitai.SpecCastToTop" runstate="Runnable" testcasecount="1" result="Passed" start-time="2019-04-14 15:47:10Z" end-time="2019-04-14 15:47:10Z" duration="0.005062" total="1" passed="1" failed="0" inconclusive="0" skipped="0" asserts="3">
        <test-case id="0-1019" name="TestCastToTop" fullname="Kaitai.SpecCastToTop.TestCastToTop" methodname="TestCastToTop" classname="Kaitai.SpecCastToTop" runstate="Runnable" seed="1956941703" result="Passed" start-time="2019-04-14 15:47:10Z" end-time="2019-04-14 15:47:10Z" duration="0.001213" asserts="3" />
      </test-suite>
      <test-suite type="TestFixture" id="0-1020" name="SpecDebug0" fullname="Kaitai.SpecDebug0" classname="Kaitai.SpecDebug0" runstate="Runnable" testcasecount="1" result="Passed" start-time="2019-04-14 15:47:10Z" end-time="2019-04-14 15:47:10Z" duration="0.003969" total="1" passed="1" failed="0" inconclusive="0" skipped="0" asserts="0">
        <test-case id="0-1021" name="TestDebug0" fullname="Kaitai.SpecDebug0.TestDebug0" methodname="TestDebug0" classname="Kaitai.SpecDebug0" runstate="Runnable" seed="1256219603" result="Passed" start-time="2019-04-14 15:47:10Z" end-time="2019-04-14 15:47:10Z" duration="0.000135" asserts="0" />
      </test-suite>
      <test-suite type="TestFixture" id="0-1022" name="SpecDebugArrayUser" fullname="Kaitai.SpecDebugArrayUser" classname="Kaitai.SpecDebugArrayUser" runstate="Runnable" testcasecount="1" result="Passed" start-time="2019-04-14 15:47:10Z" end-time="2019-04-14 15:47:10Z" duration="0.005010" total="1" passed="1" failed="0" inconclusive="0" skipped="0" asserts="4">
        <test-case id="0-1023" name="TestDebugArrayUser" fullname="Kaitai.SpecDebugArrayUser.TestDebugArrayUser" methodname="TestDebugArrayUser" classname="Kaitai.SpecDebugArrayUser" runstate="Runnable" seed="1621878652" result="Passed" start-time="2019-04-14 15:47:10Z" end-time="2019-04-14 15:47:10Z" duration="0.001584" asserts="4" />
      </test-suite>
      <test-suite type="TestFixture" id="0-1024" name="SpecDebugEnumName" fullname="Kaitai.SpecDebugEnumName" classname="Kaitai.SpecDebugEnumName" runstate="Runnable" testcasecount="1" result="Passed" start-time="2019-04-14 15:47:10Z" end-time="2019-04-14 15:47:10Z" duration="0.004007" total="1" passed="1" failed="0" inconclusive="0" skipped="0" asserts="0">
        <test-case id="0-1025" name="TestDebugEnumName" fullname="Kaitai.SpecDebugEnumName.TestDebugEnumName" methodname="TestDebugEnumName" classname="Kaitai.SpecDebugEnumName" runstate="Runnable" seed="1212190674" result="Passed" start-time="2019-04-14 15:47:10Z" end-time="2019-04-14 15:47:10Z" duration="0.000092" asserts="0" />
      </test-suite>
      <test-suite type="TestFixture" id="0-1026" name="SpecDefaultBigEndian" fullname="Kaitai.SpecDefaultBigEndian" classname="Kaitai.SpecDefaultBigEndian" runstate="Runnable" testcasecount="1" result="Passed" start-time="2019-04-14 15:47:10Z" end-time="2019-04-14 15:47:10Z" duration="0.003986" total="1" passed="1" failed="0" inconclusive="0" skipped="0" asserts="1">
        <test-case id="0-1027" name="TestDefaultBigEndian" fullname="Kaitai.SpecDefaultBigEndian.TestDefaultBigEndian" methodname="TestDefaultBigEndian" classname="Kaitai.SpecDefaultBigEndian" runstate="Runnable" seed="1680473780" result="Passed" start-time="2019-04-14 15:47:10Z" end-time="2019-04-14 15:47:10Z" duration="0.000832" asserts="1" />
      </test-suite>
      <test-suite type="TestFixture" id="0-1028" name="SpecDefaultEndianExprException" fullname="Kaitai.SpecDefaultEndianExprException" classname="Kaitai.SpecDefaultEndianExprException" runstate="Runnable" testcasecount="1" result="Passed" start-time="2019-04-14 15:47:10Z" end-time="2019-04-14 15:47:10Z" duration="0.015177" total="1" passed="1" failed="0" inconclusive="0" skipped="0" asserts="1">
        <test-case id="0-1029" name="TestDefaultEndianExprException" fullname="Kaitai.SpecDefaultEndianExprException.TestDefaultEndianExprException" methodname="TestDefaultEndianExprException" classname="Kaitai.SpecDefaultEndianExprException" runstate="Runnable" seed="650603955" result="Passed" start-time="2019-04-14 15:47:10Z" end-time="2019-04-14 15:47:10Z" duration="0.011771" asserts="1" />
      </test-suite>
      <test-suite type="TestFixture" id="0-1030" name="SpecDefaultEndianExprInherited" fullname="Kaitai.SpecDefaultEndianExprInherited" classname="Kaitai.SpecDefaultEndianExprInherited" runstate="Runnable" testcasecount="1" result="Passed" start-time="2019-04-14 15:47:10Z" end-time="2019-04-14 15:47:10Z" duration="0.009046" total="1" passed="1" failed="0" inconclusive="0" skipped="0" asserts="15">
        <test-case id="0-1031" name="TestDefaultEndianExprInherited" fullname="Kaitai.SpecDefaultEndianExprInherited.TestDefaultEndianExprInherited" methodname="TestDefaultEndianExprInherited" classname="Kaitai.SpecDefaultEndianExprInherited" runstate="Runnable" seed="1194831535" result="Passed" start-time="2019-04-14 15:47:10Z" end-time="2019-04-14 15:47:10Z" duration="0.005323" asserts="15" />
      </test-suite>
      <test-suite type="TestFixture" id="0-1032" name="SpecDefaultEndianExprIsBe" fullname="Kaitai.SpecDefaultEndianExprIsBe" classname="Kaitai.SpecDefaultEndianExprIsBe" runstate="Runnable" testcasecount="1" result="Passed" start-time="2019-04-14 15:47:10Z" end-time="2019-04-14 15:47:10Z" duration="0.011025" total="1" passed="1" failed="0" inconclusive="0" skipped="0" asserts="18">
        <test-case id="0-1033" name="TestDefaultEndianExprIsBe" fullname="Kaitai.SpecDefaultEndianExprIsBe.TestDefaultEndianExprIsBe" methodname="TestDefaultEndianExprIsBe" classname="Kaitai.SpecDefaultEndianExprIsBe" runstate="Runnable" seed="1375081656" result="Passed" start-time="2019-04-14 15:47:10Z" end-time="2019-04-14 15:47:10Z" duration="0.007728" asserts="18" />
      </test-suite>
      <test-suite type="TestFixture" id="0-1034" name="SpecDefaultEndianExprIsLe" fullname="Kaitai.SpecDefaultEndianExprIsLe" classname="Kaitai.SpecDefaultEndianExprIsLe" runstate="Runnable" testcasecount="1" result="Passed" start-time="2019-04-14 15:47:10Z" end-time="2019-04-14 15:47:10Z" duration="0.007032" total="1" passed="1" failed="0" inconclusive="0" skipped="0" asserts="12">
        <test-case id="0-1035" name="TestDefaultEndianExprIsLe" fullname="Kaitai.SpecDefaultEndianExprIsLe.TestDefaultEndianExprIsLe" methodname="TestDefaultEndianExprIsLe" classname="Kaitai.SpecDefaultEndianExprIsLe" runstate="Runnable" seed="1077255813" result="Passed" start-time="2019-04-14 15:47:10Z" end-time="2019-04-14 15:47:10Z" duration="0.003078" asserts="12" />
      </test-suite>
      <test-suite type="TestFixture" id="0-1036" name="SpecDefaultEndianMod" fullname="Kaitai.SpecDefaultEndianMod" classname="Kaitai.SpecDefaultEndianMod" runstate="Runnable" testcasecount="1" result="Passed" start-time="2019-04-14 15:47:10Z" end-time="2019-04-14 15:47:10Z" duration="0.005839" total="1" passed="1" failed="0" inconclusive="0" skipped="0" asserts="3">
        <test-case id="0-1037" name="TestDefaultEndianMod" fullname="Kaitai.SpecDefaultEndianMod.TestDefaultEndianMod" methodname="TestDefaultEndianMod" classname="Kaitai.SpecDefaultEndianMod" runstate="Runnable" seed="361409807" result="Passed" start-time="2019-04-14 15:47:10Z" end-time="2019-04-14 15:47:10Z" duration="0.001935" asserts="3" />
      </test-suite>
      <test-suite type="TestFixture" id="0-1038" name="SpecDocstrings" fullname="Kaitai.SpecDocstrings" classname="Kaitai.SpecDocstrings" runstate="Runnable" testcasecount="1" result="Passed" start-time="2019-04-14 15:47:10Z" end-time="2019-04-14 15:47:10Z" duration="0.004044" total="1" passed="1" failed="0" inconclusive="0" skipped="0" asserts="0">
        <test-case id="0-1039" name="TestDocstrings" fullname="Kaitai.SpecDocstrings.TestDocstrings" methodname="TestDocstrings" classname="Kaitai.SpecDocstrings" runstate="Runnable" seed="1331509468" result="Passed" start-time="2019-04-14 15:47:10Z" end-time="2019-04-14 15:47:10Z" duration="0.000547" asserts="0" />
      </test-suite>
      <test-suite type="TestFixture" id="0-1040" name="SpecDocstringsDocref" fullname="Kaitai.SpecDocstringsDocref" classname="Kaitai.SpecDocstringsDocref" runstate="Runnable" testcasecount="1" result="Passed" start-time="2019-04-14 15:47:10Z" end-time="2019-04-14 15:47:10Z" duration="0.004063" total="1" passed="1" failed="0" inconclusive="0" skipped="0" asserts="0">
        <test-case id="0-1041" name="TestDocstringsDocref" fullname="Kaitai.SpecDocstringsDocref.TestDocstringsDocref" methodname="TestDocstringsDocref" classname="Kaitai.SpecDocstringsDocref" runstate="Runnable" seed="677903649" result="Passed" start-time="2019-04-14 15:47:10Z" end-time="2019-04-14 15:47:10Z" duration="0.000570" asserts="0" />
      </test-suite>
      <test-suite type="TestFixture" id="0-1042" name="SpecEnum0" fullname="Kaitai.SpecEnum0" classname="Kaitai.SpecEnum0" runstate="Runnable" testcasecount="1" result="Passed" start-time="2019-04-14 15:47:10Z" end-time="2019-04-14 15:47:10Z" duration="0.006902" total="1" passed="1" failed="0" inconclusive="0" skipped="0" asserts="2">
        <test-case id="0-1043" name="TestEnum0" fullname="Kaitai.SpecEnum0.TestEnum0" methodname="TestEnum0" classname="Kaitai.SpecEnum0" runstate="Runnable" seed="642100204" result="Passed" start-time="2019-04-14 15:47:10Z" end-time="2019-04-14 15:47:10Z" duration="0.000837" asserts="2" />
      </test-suite>
      <test-suite type="TestFixture" id="0-1044" name="SpecEnum1" fullname="Kaitai.SpecEnum1" classname="Kaitai.SpecEnum1" runstate="Runnable" testcasecount="1" result="Passed" start-time="2019-04-14 15:47:10Z" end-time="2019-04-14 15:47:10Z" duration="0.005052" total="1" passed="1" failed="0" inconclusive="0" skipped="0" asserts="2">
        <test-case id="0-1045" name="TestEnum1" fullname="Kaitai.SpecEnum1.TestEnum1" methodname="TestEnum1" classname="Kaitai.SpecEnum1" runstate="Runnable" seed="1479721269" result="Passed" start-time="2019-04-14 15:47:10Z" end-time="2019-04-14 15:47:10Z" duration="0.001285" asserts="2" />
      </test-suite>
      <test-suite type="TestFixture" id="0-1046" name="SpecEnumDeep" fullname="Kaitai.SpecEnumDeep" classname="Kaitai.SpecEnumDeep" runstate="Runnable" testcasecount="1" result="Passed" start-time="2019-04-14 15:47:10Z" end-time="2019-04-14 15:47:10Z" duration="0.004007" total="1" passed="1" failed="0" inconclusive="0" skipped="0" asserts="2">
        <test-case id="0-1047" name="TestEnumDeep" fullname="Kaitai.SpecEnumDeep.TestEnumDeep" methodname="TestEnumDeep" classname="Kaitai.SpecEnumDeep" runstate="Runnable" seed="749993120" result="Passed" start-time="2019-04-14 15:47:10Z" end-time="2019-04-14 15:47:10Z" duration="0.000818" asserts="2" />
      </test-suite>
      <test-suite type="TestFixture" id="0-1048" name="SpecEnumDeepLiterals" fullname="Kaitai.SpecEnumDeepLiterals" classname="Kaitai.SpecEnumDeepLiterals" runstate="Runnable" testcasecount="1" result="Passed" start-time="2019-04-14 15:47:10Z" end-time="2019-04-14 15:47:10Z" duration="0.005012" total="1" passed="1" failed="0" inconclusive="0" skipped="0" asserts="2">
        <test-case id="0-1049" name="TestEnumDeepLiterals" fullname="Kaitai.SpecEnumDeepLiterals.TestEnumDeepLiterals" methodname="TestEnumDeepLiterals" classname="Kaitai.SpecEnumDeepLiterals" runstate="Runnable" seed="1095024280" result="Passed" start-time="2019-04-14 15:47:10Z" end-time="2019-04-14 15:47:10Z" duration="0.001330" asserts="2" />
      </test-suite>
      <test-suite type="TestFixture" id="0-1050" name="SpecEnumFancy" fullname="Kaitai.SpecEnumFancy" classname="Kaitai.SpecEnumFancy" runstate="Runnable" testcasecount="1" result="Passed" start-time="2019-04-14 15:47:10Z" end-time="2019-04-14 15:47:10Z" duration="0.004006" total="1" passed="1" failed="0" inconclusive="0" skipped="0" asserts="2">
        <test-case id="0-1051" name="TestEnumFancy" fullname="Kaitai.SpecEnumFancy.TestEnumFancy" methodname="TestEnumFancy" classname="Kaitai.SpecEnumFancy" runstate="Runnable" seed="1804749403" result="Passed" start-time="2019-04-14 15:47:10Z" end-time="2019-04-14 15:47:10Z" duration="0.000726" asserts="2" />
      </test-suite>
      <test-suite type="TestFixture" id="0-1052" name="SpecEnumForUnknownId" fullname="Kaitai.SpecEnumForUnknownId" classname="Kaitai.SpecEnumForUnknownId" runstate="Runnable" testcasecount="1" result="Passed" start-time="2019-04-14 15:47:10Z" end-time="2019-04-14 15:47:10Z" duration="0.003988" total="1" passed="1" failed="0" inconclusive="0" skipped="0" asserts="1">
        <test-case id="0-1053" name="TestEnumForUnknownId" fullname="Kaitai.SpecEnumForUnknownId.TestEnumForUnknownId" methodname="TestEnumForUnknownId" classname="Kaitai.SpecEnumForUnknownId" runstate="Runnable" seed="1820509787" result="Passed" start-time="2019-04-14 15:47:10Z" end-time="2019-04-14 15:47:10Z" duration="0.000621" asserts="1" />
      </test-suite>
      <test-suite type="TestFixture" id="0-1054" name="SpecEnumIf" fullname="Kaitai.SpecEnumIf" classname="Kaitai.SpecEnumIf" runstate="Runnable" testcasecount="1" result="Passed" start-time="2019-04-14 15:47:10Z" end-time="2019-04-14 15:47:10Z" duration="0.006013" total="1" passed="1" failed="0" inconclusive="0" skipped="0" asserts="7">
        <test-case id="0-1055" name="TestEnumIf" fullname="Kaitai.SpecEnumIf.TestEnumIf" methodname="TestEnumIf" classname="Kaitai.SpecEnumIf" runstate="Runnable" seed="448419728" result="Passed" start-time="2019-04-14 15:47:10Z" end-time="2019-04-14 15:47:10Z" duration="0.002400" asserts="7" />
      </test-suite>
      <test-suite type="TestFixture" id="0-1056" name="SpecEnumNegative" fullname="Kaitai.SpecEnumNegative" classname="Kaitai.SpecEnumNegative" runstate="Runnable" testcasecount="1" result="Passed" start-time="2019-04-14 15:47:10Z" end-time="2019-04-14 15:47:10Z" duration="0.004038" total="1" passed="1" failed="0" inconclusive="0" skipped="0" asserts="2">
        <test-case id="0-1057" name="TestEnumNegative" fullname="Kaitai.SpecEnumNegative.TestEnumNegative" methodname="TestEnumNegative" classname="Kaitai.SpecEnumNegative" runstate="Runnable" seed="582441304" result="Passed" start-time="2019-04-14 15:47:10Z" end-time="2019-04-14 15:47:10Z" duration="0.000881" asserts="2" />
      </test-suite>
      <test-suite type="TestFixture" id="0-1058" name="SpecEnumOfValueInst" fullname="Kaitai.SpecEnumOfValueInst" classname="Kaitai.SpecEnumOfValueInst" runstate="Runnable" testcasecount="1" result="Passed" start-time="2019-04-14 15:47:10Z" end-time="2019-04-14 15:47:10Z" duration="0.005010" total="1" passed="1" failed="0" inconclusive="0" skipped="0" asserts="4">
        <test-case id="0-1059" name="TestEnumOfValueInst" fullname="Kaitai.SpecEnumOfValueInst.TestEnumOfValueInst" methodname="TestEnumOfValueInst" classname="Kaitai.SpecEnumOfValueInst" runstate="Runnable" seed="157145182" result="Passed" start-time="2019-04-14 15:47:10Z" end-time="2019-04-14 15:47:10Z" duration="0.001308" asserts="4" />
      </test-suite>
      <test-suite type="TestFixture" id="0-1060" name="SpecEnumToI" fullname="Kaitai.SpecEnumToI" classname="Kaitai.SpecEnumToI" runstate="Runnable" testcasecount="1" result="Passed" start-time="2019-04-14 15:47:10Z" end-time="2019-04-14 15:47:10Z" duration="0.005007" total="1" passed="1" failed="0" inconclusive="0" skipped="0" asserts="4">
        <test-case id="0-1061" name="TestEnumToI" fullname="Kaitai.SpecEnumToI.TestEnumToI" methodname="TestEnumToI" classname="Kaitai.SpecEnumToI" runstate="Runnable" seed="523558577" result="Passed" start-time="2019-04-14 15:47:10Z" end-time="2019-04-14 15:47:10Z" duration="0.001046" asserts="4" />
      </test-suite>
      <test-suite type="TestFixture" id="0-1062" name="SpecEofExceptionBytes" fullname="Kaitai.SpecEofExceptionBytes" classname="Kaitai.SpecEofExceptionBytes" runstate="Runnable" testcasecount="1" result="Passed" start-time="2019-04-14 15:47:10Z" end-time="2019-04-14 15:47:10Z" duration="0.004008" total="1" passed="1" failed="0" inconclusive="0" skipped="0" asserts="1">
        <test-case id="0-1063" name="TestEofExceptionBytes" fullname="Kaitai.SpecEofExceptionBytes.TestEofExceptionBytes" methodname="TestEofExceptionBytes" classname="Kaitai.SpecEofExceptionBytes" runstate="Runnable" seed="1370149903" result="Passed" start-time="2019-04-14 15:47:10Z" end-time="2019-04-14 15:47:10Z" duration="0.000732" asserts="1" />
      </test-suite>
      <test-suite type="TestFixture" id="0-1064" name="SpecEofExceptionU4" fullname="Kaitai.SpecEofExceptionU4" classname="Kaitai.SpecEofExceptionU4" runstate="Runnable" testcasecount="1" result="Passed" start-time="2019-04-14 15:47:10Z" end-time="2019-04-14 15:47:10Z" duration="0.004010" total="1" passed="1" failed="0" inconclusive="0" skipped="0" asserts="1">
        <test-case id="0-1065" name="TestEofExceptionU4" fullname="Kaitai.SpecEofExceptionU4.TestEofExceptionU4" methodname="TestEofExceptionU4" classname="Kaitai.SpecEofExceptionU4" runstate="Runnable" seed="358052347" result="Passed" start-time="2019-04-14 15:47:10Z" end-time="2019-04-14 15:47:10Z" duration="0.000684" asserts="1" />
      </test-suite>
      <test-suite type="TestFixture" id="0-1066" name="SpecExpr0" fullname="Kaitai.SpecExpr0" classname="Kaitai.SpecExpr0" runstate="Runnable" testcasecount="1" result="Passed" start-time="2019-04-14 15:47:10Z" end-time="2019-04-14 15:47:10Z" duration="0.003985" total="1" passed="1" failed="0" inconclusive="0" skipped="0" asserts="2">
        <test-case id="0-1067" name="TestExpr0" fullname="Kaitai.SpecExpr0.TestExpr0" methodname="TestExpr0" classname="Kaitai.SpecExpr0" runstate="Runnable" seed="2062820423" result="Passed" start-time="2019-04-14 15:47:10Z" end-time="2019-04-14 15:47:10Z" duration="0.000709" asserts="2" />
      </test-suite>
      <test-suite type="TestFixture" id="0-1068" name="SpecExpr1" fullname="Kaitai.SpecExpr1" classname="Kaitai.SpecExpr1" runstate="Runnable" testcasecount="1" result="Passed" start-time="2019-04-14 15:47:10Z" end-time="2019-04-14 15:47:10Z" duration="0.005030" total="1" passed="1" failed="0" inconclusive="0" skipped="0" asserts="4">
        <test-case id="0-1069" name="TestExpr1" fullname="Kaitai.SpecExpr1.TestExpr1" methodname="TestExpr1" classname="Kaitai.SpecExpr1" runstate="Runnable" seed="428796200" result="Passed" start-time="2019-04-14 15:47:10Z" end-time="2019-04-14 15:47:10Z" duration="0.001158" asserts="4" />
      </test-suite>
      <test-suite type="TestFixture" id="0-1070" name="SpecExpr2" fullname="Kaitai.SpecExpr2" classname="Kaitai.SpecExpr2" runstate="Runnable" testcasecount="1" result="Passed" start-time="2019-04-14 15:47:10Z" end-time="2019-04-14 15:47:10Z" duration="0.007009" total="1" passed="1" failed="0" inconclusive="0" skipped="0" asserts="17">
        <test-case id="0-1071" name="TestExpr2" fullname="Kaitai.SpecExpr2.TestExpr2" methodname="TestExpr2" classname="Kaitai.SpecExpr2" runstate="Runnable" seed="2121570549" result="Passed" start-time="2019-04-14 15:47:10Z" end-time="2019-04-14 15:47:10Z" duration="0.003688" asserts="17" />
      </test-suite>
      <test-suite type="TestFixture" id="0-1072" name="SpecExpr3" fullname="Kaitai.SpecExpr3" classname="Kaitai.SpecExpr3" runstate="Runnable" testcasecount="1" result="Passed" start-time="2019-04-14 15:47:10Z" end-time="2019-04-14 15:47:10Z" duration="0.006033" total="1" passed="1" failed="0" inconclusive="0" skipped="0" asserts="12">
        <test-case id="0-1073" name="TestExpr3" fullname="Kaitai.SpecExpr3.TestExpr3" methodname="TestExpr3" classname="Kaitai.SpecExpr3" runstate="Runnable" seed="1222650139" result="Passed" start-time="2019-04-14 15:47:10Z" end-time="2019-04-14 15:47:10Z" duration="0.002569" asserts="12" />
      </test-suite>
      <test-suite type="TestFixture" id="0-1074" name="SpecExprArray" fullname="Kaitai.SpecExprArray" classname="Kaitai.SpecExprArray" runstate="Runnable" testcasecount="1" result="Passed" start-time="2019-04-14 15:47:10Z" end-time="2019-04-14 15:47:10Z" duration="0.014029" total="1" passed="1" failed="0" inconclusive="0" skipped="0" asserts="15">
        <test-case id="0-1075" name="TestExprArray" fullname="Kaitai.SpecExprArray.TestExprArray" methodname="TestExprArray" classname="Kaitai.SpecExprArray" runstate="Runnable" seed="366679405" result="Passed" start-time="2019-04-14 15:47:10Z" end-time="2019-04-14 15:47:10Z" duration="0.010739" asserts="15" />
      </test-suite>
      <test-suite type="TestFixture" id="0-1076" name="SpecExprBytesCmp" fullname="Kaitai.SpecExprBytesCmp" classname="Kaitai.SpecExprBytesCmp" runstate="Runnable" testcasecount="1" result="Passed" start-time="2019-04-14 15:47:10Z" end-time="2019-04-14 15:47:10Z" duration="0.005967" total="1" passed="1" failed="0" inconclusive="0" skipped="0" asserts="10">
        <test-case id="0-1077" name="TestExprBytesCmp" fullname="Kaitai.SpecExprBytesCmp.TestExprBytesCmp" methodname="TestExprBytesCmp" classname="Kaitai.SpecExprBytesCmp" runstate="Runnable" seed="1996459422" result="Passed" start-time="2019-04-14 15:47:10Z" end-time="2019-04-14 15:47:10Z" duration="0.002445" asserts="10" />
      </test-suite>
      <test-suite type="TestFixture" id="0-1078" name="SpecExprEnum" fullname="Kaitai.SpecExprEnum" classname="Kaitai.SpecExprEnum" runstate="Runnable" testcasecount="1" result="Passed" start-time="2019-04-14 15:47:10Z" end-time="2019-04-14 15:47:10Z" duration="0.005004" total="1" passed="1" failed="0" inconclusive="0" skipped="0" asserts="3">
        <test-case id="0-1079" name="TestExprEnum" fullname="Kaitai.SpecExprEnum.TestExprEnum" methodname="TestExprEnum" classname="Kaitai.SpecExprEnum" runstate="Runnable" seed="1343626109" result="Passed" start-time="2019-04-14 15:47:10Z" end-time="2019-04-14 15:47:10Z" duration="0.000991" asserts="3" />
      </test-suite>
      <test-suite type="TestFixture" id="0-1080" name="SpecExprIoEof" fullname="Kaitai.SpecExprIoEof" classname="Kaitai.SpecExprIoEof" runstate="Runnable" testcasecount="1" result="Passed" start-time="2019-04-14 15:47:10Z" end-time="2019-04-14 15:47:10Z" duration="0.005008" total="1" passed="1" failed="0" inconclusive="0" skipped="0" asserts="4">
        <test-case id="0-1081" name="TestExprIoEof" fullname="Kaitai.SpecExprIoEof.TestExprIoEof" methodname="TestExprIoEof" classname="Kaitai.SpecExprIoEof" runstate="Runnable" seed="1267964720" result="Passed" start-time="2019-04-14 15:47:10Z" end-time="2019-04-14 15:47:10Z" duration="0.001407" asserts="4" />
      </test-suite>
      <test-suite type="TestFixture" id="0-1082" name="SpecExprIoPos" fullname="Kaitai.SpecExprIoPos" classname="Kaitai.SpecExprIoPos" runstate="Runnable" testcasecount="1" result="Passed" start-time="2019-04-14 15:47:10Z" end-time="2019-04-14 15:47:10Z" duration="0.005081" total="1" passed="1" failed="0" inconclusive="0" skipped="0" asserts="6">
        <test-case id="0-1083" name="TestExprIoPos" fullname="Kaitai.SpecExprIoPos.TestExprIoPos" methodname="TestExprIoPos" classname="Kaitai.SpecExprIoPos" runstate="Runnable" seed="918543821" result="Passed" start-time="2019-04-14 15:47:10Z" end-time="2019-04-14 15:47:10Z" duration="0.001777" asserts="6" />
      </test-suite>
      <test-suite type="TestFixture" id="0-1084" name="SpecExprMod" fullname="Kaitai.SpecExprMod" classname="Kaitai.SpecExprMod" runstate="Runnable" testcasecount="1" result="Passed" start-time="2019-04-14 15:47:10Z" end-time="2019-04-14 15:47:10Z" duration="0.005011" total="1" passed="1" failed="0" inconclusive="0" skipped="0" asserts="6">
        <test-case id="0-1085" name="TestExprMod" fullname="Kaitai.SpecExprMod.TestExprMod" methodname="TestExprMod" classname="Kaitai.SpecExprMod" runstate="Runnable" seed="746012715" result="Passed" start-time="2019-04-14 15:47:10Z" end-time="2019-04-14 15:47:10Z" duration="0.001686" asserts="6" />
      </test-suite>
      <test-suite type="TestFixture" id="0-1086" name="SpecFixedContents" fullname="Kaitai.SpecFixedContents" classname="Kaitai.SpecFixedContents" runstate="Runnable" testcasecount="1" result="Passed" start-time="2019-04-14 15:47:10Z" end-time="2019-04-14 15:47:10Z" duration="0.005009" total="1" passed="1" failed="0" inconclusive="0" skipped="0" asserts="0">
        <test-case id="0-1087" name="TestFixedContents" fullname="Kaitai.SpecFixedContents.TestFixedContents" methodname="TestFixedContents" classname="Kaitai.SpecFixedContents" runstate="Runnable" seed="382525658" result="Passed" start-time="2019-04-14 15:47:10Z" end-time="2019-04-14 15:47:10Z" duration="0.001432" asserts="0" />
      </test-suite>
      <test-suite type="TestFixture" id="0-1088" name="SpecFixedStruct" fullname="Kaitai.SpecFixedStruct" classname="Kaitai.SpecFixedStruct" runstate="Runnable" testcasecount="1" result="Passed" start-time="2019-04-14 15:47:10Z" end-time="2019-04-14 15:47:10Z" duration="0.007988" total="1" passed="1" failed="0" inconclusive="0" skipped="0" asserts="20">
        <test-case id="0-1089" name="TestFixedStruct" fullname="Kaitai.SpecFixedStruct.TestFixedStruct" methodname="TestFixedStruct" classname="Kaitai.SpecFixedStruct" runstate="Runnable" seed="1327989614" result="Passed" start-time="2019-04-14 15:47:10Z" end-time="2019-04-14 15:47:10Z" duration="0.004780" asserts="20" />
      </test-suite>
      <test-suite type="TestFixture" id="0-1092" name="SpecFloatingPoints" fullname="Kaitai.SpecFloatingPoints" classname="Kaitai.SpecFloatingPoints" runstate="Runnable" testcasecount="1" result="Passed" start-time="2019-04-14 15:47:10Z" end-time="2019-04-14 15:47:10Z" duration="0.008012" total="1" passed="1" failed="0" inconclusive="0" skipped="0" asserts="8">
        <test-case id="0-1093" name="TestFloatingPoints" fullname="Kaitai.SpecFloatingPoints.TestFloatingPoints" methodname="TestFloatingPoints" classname="Kaitai.SpecFloatingPoints" runstate="Runnable" seed="1271232785" result="Passed" start-time="2019-04-14 15:47:10Z" end-time="2019-04-14 15:47:10Z" duration="0.004793" asserts="8" />
      </test-suite>
      <test-suite type="TestFixture" id="0-1090" name="SpecFloatToI" fullname="Kaitai.SpecFloatToI" classname="Kaitai.SpecFloatToI" runstate="Runnable" testcasecount="1" result="Passed" start-time="2019-04-14 15:47:10Z" end-time="2019-04-14 15:47:10Z" duration="0.006100" total="1" passed="1" failed="0" inconclusive="0" skipped="0" asserts="8">
        <test-case id="0-1091" name="TestFloatToI" fullname="Kaitai.SpecFloatToI.TestFloatToI" methodname="TestFloatToI" classname="Kaitai.SpecFloatToI" runstate="Runnable" seed="201109017" result="Passed" start-time="2019-04-14 15:47:10Z" end-time="2019-04-14 15:47:10Z" duration="0.002203" asserts="8" />
      </test-suite>
      <test-suite type="TestFixture" id="0-1094" name="SpecHelloWorld" fullname="Kaitai.SpecHelloWorld" classname="Kaitai.SpecHelloWorld" runstate="Runnable" testcasecount="1" result="Passed" start-time="2019-04-14 15:47:10Z" end-time="2019-04-14 15:47:10Z" duration="0.004012" total="1" passed="1" failed="0" inconclusive="0" skipped="0" asserts="1">
        <test-case id="0-1095" name="TestHelloWorld" fullname="Kaitai.SpecHelloWorld.TestHelloWorld" methodname="TestHelloWorld" classname="Kaitai.SpecHelloWorld" runstate="Runnable" seed="1188226658" result="Passed" start-time="2019-04-14 15:47:10Z" end-time="2019-04-14 15:47:10Z" duration="0.000376" asserts="1" />
      </test-suite>
      <test-suite type="TestFixture" id="0-1096" name="SpecIfInstances" fullname="Kaitai.SpecIfInstances" classname="Kaitai.SpecIfInstances" runstate="Runnable" testcasecount="1" result="Passed" start-time="2019-04-14 15:47:10Z" end-time="2019-04-14 15:47:10Z" duration="0.009039" total="1" passed="1" failed="0" inconclusive="0" skipped="0" asserts="1">
        <test-case id="0-1097" name="TestIfInstances" fullname="Kaitai.SpecIfInstances.TestIfInstances" methodname="TestIfInstances" classname="Kaitai.SpecIfInstances" runstate="Runnable" seed="1043779454" result="Passed" start-time="2019-04-14 15:47:10Z" end-time="2019-04-14 15:47:10Z" duration="0.001692" asserts="1" />
      </test-suite>
      <test-suite type="TestFixture" id="0-1098" name="SpecIfStruct" fullname="Kaitai.SpecIfStruct" classname="Kaitai.SpecIfStruct" runstate="Runnable" testcasecount="1" result="Passed" start-time="2019-04-14 15:47:10Z" end-time="2019-04-14 15:47:10Z" duration="0.007384" total="1" passed="1" failed="0" inconclusive="0" skipped="0" asserts="7">
        <test-case id="0-1099" name="TestIfStruct" fullname="Kaitai.SpecIfStruct.TestIfStruct" methodname="TestIfStruct" classname="Kaitai.SpecIfStruct" runstate="Runnable" seed="1888597074" result="Passed" start-time="2019-04-14 15:47:10Z" end-time="2019-04-14 15:47:10Z" duration="0.003118" asserts="7" />
      </test-suite>
      <test-suite type="TestFixture" id="0-1100" name="SpecIfValues" fullname="Kaitai.SpecIfValues" classname="Kaitai.SpecIfValues" runstate="Runnable" testcasecount="1" result="Passed" start-time="2019-04-14 15:47:10Z" end-time="2019-04-14 15:47:10Z" duration="0.005293" total="1" passed="1" failed="0" inconclusive="0" skipped="0" asserts="6">
        <test-case id="0-1101" name="TestIfValues" fullname="Kaitai.SpecIfValues.TestIfValues" methodname="TestIfValues" classname="Kaitai.SpecIfValues" runstate="Runnable" seed="1536783592" result="Passed" start-time="2019-04-14 15:47:10Z" end-time="2019-04-14 15:47:10Z" duration="0.001496" asserts="6" />
      </test-suite>
      <test-suite type="TestFixture" id="0-1102" name="SpecImports0" fullname="Kaitai.SpecImports0" classname="Kaitai.SpecImports0" runstate="Runnable" testcasecount="1" result="Passed" start-time="2019-04-14 15:47:10Z" end-time="2019-04-14 15:47:10Z" duration="0.005996" total="1" passed="1" failed="0" inconclusive="0" skipped="0" asserts="3">
        <test-case id="0-1103" name="TestImports0" fullname="Kaitai.SpecImports0.TestImports0" methodname="TestImports0" classname="Kaitai.SpecImports0" runstate="Runnable" seed="57166233" result="Passed" start-time="2019-04-14 15:47:10Z" end-time="2019-04-14 15:47:10Z" duration="0.000933" asserts="3" />
      </test-suite>
      <test-suite type="TestFixture" id="0-1104" name="SpecImportsAbs" fullname="Kaitai.SpecImportsAbs" classname="Kaitai.SpecImportsAbs" runstate="Runnable" testcasecount="1" result="Passed" start-time="2019-04-14 15:47:10Z" end-time="2019-04-14 15:47:10Z" duration="0.006006" total="1" passed="1" failed="0" inconclusive="0" skipped="0" asserts="2">
        <test-case id="0-1105" name="TestImportsAbs" fullname="Kaitai.SpecImportsAbs.TestImportsAbs" methodname="TestImportsAbs" classname="Kaitai.SpecImportsAbs" runstate="Runnable" seed="49607678" result="Passed" start-time="2019-04-14 15:47:10Z" end-time="2019-04-14 15:47:10Z" duration="0.002491" asserts="2" />
      </test-suite>
      <test-suite type="TestFixture" id="0-1106" name="SpecImportsCircularA" fullname="Kaitai.SpecImportsCircularA" classname="Kaitai.SpecImportsCircularA" runstate="Runnable" testcasecount="1" result="Passed" start-time="2019-04-14 15:47:10Z" end-time="2019-04-14 15:47:10Z" duration="0.005027" total="1" passed="1" failed="0" inconclusive="0" skipped="0" asserts="5">
        <test-case id="0-1107" name="TestImportsCircularA" fullname="Kaitai.SpecImportsCircularA.TestImportsCircularA" methodname="TestImportsCircularA" classname="Kaitai.SpecImportsCircularA" runstate="Runnable" seed="939049045" result="Passed" start-time="2019-04-14 15:47:10Z" end-time="2019-04-14 15:47:10Z" duration="0.001226" asserts="5" />
      </test-suite>
      <test-suite type="TestFixture" id="0-1108" name="SpecIndexSizes" fullname="Kaitai.SpecIndexSizes" classname="Kaitai.SpecIndexSizes" runstate="Runnable" testcasecount="1" result="Passed" start-time="2019-04-14 15:47:10Z" end-time="2019-04-14 15:47:10Z" duration="0.005011" total="1" passed="1" failed="0" inconclusive="0" skipped="0" asserts="7">
        <test-case id="0-1109" name="TestIndexSizes" fullname="Kaitai.SpecIndexSizes.TestIndexSizes" methodname="TestIndexSizes" classname="Kaitai.SpecIndexSizes" runstate="Runnable" seed="197427368" result="Passed" start-time="2019-04-14 15:47:10Z" end-time="2019-04-14 15:47:10Z" duration="0.001266" asserts="7" />
      </test-suite>
      <test-suite type="TestFixture" id="0-1110" name="SpecIndexToParamEos" fullname="Kaitai.SpecIndexToParamEos" classname="Kaitai.SpecIndexToParamEos" runstate="Runnable" testcasecount="1" result="Passed" start-time="2019-04-14 15:47:10Z" end-time="2019-04-14 15:47:10Z" duration="0.005008" total="1" passed="1" failed="0" inconclusive="0" skipped="0" asserts="7">
        <test-case id="0-1111" name="TestIndexToParamEos" fullname="Kaitai.SpecIndexToParamEos.TestIndexToParamEos" methodname="TestIndexToParamEos" classname="Kaitai.SpecIndexToParamEos" runstate="Runnable" seed="479717538" result="Passed" start-time="2019-04-14 15:47:10Z" end-time="2019-04-14 15:47:10Z" duration="0.001755" asserts="7" />
      </test-suite>
      <test-suite type="TestFixture" id="0-1112" name="SpecIndexToParamExpr" fullname="Kaitai.SpecIndexToParamExpr" classname="Kaitai.SpecIndexToParamExpr" runstate="Runnable" testcasecount="1" result="Passed" start-time="2019-04-14 15:47:10Z" end-time="2019-04-14 15:47:10Z" duration="0.005010" total="1" passed="1" failed="0" inconclusive="0" skipped="0" asserts="7">
        <test-case id="0-1113" name="TestIndexToParamExpr" fullname="Kaitai.SpecIndexToParamExpr.TestIndexToParamExpr" methodname="TestIndexToParamExpr" classname="Kaitai.SpecIndexToParamExpr" runstate="Runnable" seed="1594482486" result="Passed" start-time="2019-04-14 15:47:10Z" end-time="2019-04-14 15:47:10Z" duration="0.001690" asserts="7" />
      </test-suite>
      <test-suite type="TestFixture" id="0-1114" name="SpecIndexToParamUntil" fullname="Kaitai.SpecIndexToParamUntil" classname="Kaitai.SpecIndexToParamUntil" runstate="Runnable" testcasecount="1" result="Passed" start-time="2019-04-14 15:47:10Z" end-time="2019-04-14 15:47:10Z" duration="0.006014" total="1" passed="1" failed="0" inconclusive="0" skipped="0" asserts="7">
        <test-case id="0-1115" name="TestIndexToParamUntil" fullname="Kaitai.SpecIndexToParamUntil.TestIndexToParamUntil" methodname="TestIndexToParamUntil" classname="Kaitai.SpecIndexToParamUntil" runstate="Runnable" seed="1508788698" result="Passed" start-time="2019-04-14 15:47:10Z" end-time="2019-04-14 15:47:10Z" duration="0.002434" asserts="7" />
      </test-suite>
      <test-suite type="TestFixture" id="0-1116" name="SpecInstanceIoUser" fullname="Kaitai.SpecInstanceIoUser" classname="Kaitai.SpecInstanceIoUser" runstate="Runnable" testcasecount="1" result="Passed" start-time="2019-04-14 15:47:10Z" end-time="2019-04-14 15:47:10Z" duration="0.006028" total="1" passed="1" failed="0" inconclusive="0" skipped="0" asserts="4">
        <test-case id="0-1117" name="TestInstanceIoUser" fullname="Kaitai.SpecInstanceIoUser.TestInstanceIoUser" methodname="TestInstanceIoUser" classname="Kaitai.SpecInstanceIoUser" runstate="Runnable" seed="1514516964" result="Passed" start-time="2019-04-14 15:47:10Z" end-time="2019-04-14 15:47:10Z" duration="0.002408" asserts="4" />
      </test-suite>
      <test-suite type="TestFixture" id="0-1118" name="SpecInstanceStd" fullname="Kaitai.SpecInstanceStd" classname="Kaitai.SpecInstanceStd" runstate="Runnable" testcasecount="1" result="Passed" start-time="2019-04-14 15:47:10Z" end-time="2019-04-14 15:47:10Z" duration="0.004009" total="1" passed="1" failed="0" inconclusive="0" skipped="0" asserts="1">
        <test-case id="0-1119" name="TestInstanceStd" fullname="Kaitai.SpecInstanceStd.TestInstanceStd" methodname="TestInstanceStd" classname="Kaitai.SpecInstanceStd" runstate="Runnable" seed="440388194" result="Passed" start-time="2019-04-14 15:47:10Z" end-time="2019-04-14 15:47:10Z" duration="0.000679" asserts="1" />
      </test-suite>
      <test-suite type="TestFixture" id="0-1120" name="SpecInstanceStdArray" fullname="Kaitai.SpecInstanceStdArray" classname="Kaitai.SpecInstanceStdArray" runstate="Runnable" testcasecount="1" result="Passed" start-time="2019-04-14 15:47:10Z" end-time="2019-04-14 15:47:10Z" duration="0.005022" total="1" passed="1" failed="0" inconclusive="0" skipped="0" asserts="7">
        <test-case id="0-1121" name="TestInstanceStdArray" fullname="Kaitai.SpecInstanceStdArray.TestInstanceStdArray" methodname="TestInstanceStdArray" classname="Kaitai.SpecInstanceStdArray" runstate="Runnable" seed="781942973" result="Passed" start-time="2019-04-14 15:47:10Z" end-time="2019-04-14 15:47:10Z" duration="0.001446" asserts="7" />
      </test-suite>
      <test-suite type="TestFixture" id="0-1122" name="SpecInstanceUserArray" fullname="Kaitai.SpecInstanceUserArray" classname="Kaitai.SpecInstanceUserArray" runstate="Runnable" testcasecount="1" result="Passed" start-time="2019-04-14 15:47:10Z" end-time="2019-04-14 15:47:10Z" duration="0.005995" total="1" passed="1" failed="0" inconclusive="0" skipped="0" asserts="10">
        <test-case id="0-1123" name="TestInstanceUserArray" fullname="Kaitai.SpecInstanceUserArray.TestInstanceUserArray" methodname="TestInstanceUserArray" classname="Kaitai.SpecInstanceUserArray" runstate="Runnable" seed="2009113281" result="Passed" start-time="2019-04-14 15:47:10Z" end-time="2019-04-14 15:47:10Z" duration="0.002023" asserts="10" />
      </test-suite>
      <test-suite type="TestFixture" id="0-1124" name="SpecIntegers" fullname="Kaitai.SpecIntegers" classname="Kaitai.SpecIntegers" runstate="Runnable" testcasecount="1" result="Passed" start-time="2019-04-14 15:47:10Z" end-time="2019-04-14 15:47:10Z" duration="0.006998" total="1" passed="1" failed="0" inconclusive="0" skipped="0" asserts="20">
        <test-case id="0-1125" name="TestIntegers" fullname="Kaitai.SpecIntegers.TestIntegers" methodname="TestIntegers" classname="Kaitai.SpecIntegers" runstate="Runnable" seed="680323859" result="Passed" start-time="2019-04-14 15:47:10Z" end-time="2019-04-14 15:47:10Z" duration="0.002941" asserts="20" />
      </test-suite>
      <test-suite type="TestFixture" id="0-1126" name="SpecIoLocalVar" fullname="Kaitai.SpecIoLocalVar" classname="Kaitai.SpecIoLocalVar" runstate="Runnable" testcasecount="1" result="Passed" start-time="2019-04-14 15:47:10Z" end-time="2019-04-14 15:47:10Z" duration="0.004995" total="1" passed="1" failed="0" inconclusive="0" skipped="0" asserts="2">
        <test-case id="0-1127" name="TestIoLocalVar" fullname="Kaitai.SpecIoLocalVar.TestIoLocalVar" methodname="TestIoLocalVar" classname="Kaitai.SpecIoLocalVar" runstate="Runnable" seed="53097525" result="Passed" start-time="2019-04-14 15:47:10Z" end-time="2019-04-14 15:47:10Z" duration="0.001947" asserts="2" />
      </test-suite>
      <test-suite type="TestFixture" id="0-1128" name="SpecJsSignedRightShift" fullname="Kaitai.SpecJsSignedRightShift" classname="Kaitai.SpecJsSignedRightShift" runstate="Runnable" testcasecount="1" result="Passed" start-time="2019-04-14 15:47:10Z" end-time="2019-04-14 15:47:10Z" duration="0.004037" total="1" passed="1" failed="0" inconclusive="0" skipped="0" asserts="2">
        <test-case id="0-1129" name="TestJsSignedRightShift" fullname="Kaitai.SpecJsSignedRightShift.TestJsSignedRightShift" methodname="TestJsSignedRightShift" classname="Kaitai.SpecJsSignedRightShift" runstate="Runnable" seed="1950142944" result="Passed" start-time="2019-04-14 15:47:10Z" end-time="2019-04-14 15:47:10Z" duration="0.000666" asserts="2" />
      </test-suite>
      <test-suite type="TestFixture" id="0-1130" name="SpecMetaXref" fullname="Kaitai.SpecMetaXref" classname="Kaitai.SpecMetaXref" runstate="Runnable" testcasecount="1" result="Passed" start-time="2019-04-14 15:47:10Z" end-time="2019-04-14 15:47:10Z" duration="0.004266" total="1" passed="1" failed="0" inconclusive="0" skipped="0" asserts="0">
        <test-case id="0-1131" name="TestMetaXref" fullname="Kaitai.SpecMetaXref.TestMetaXref" methodname="TestMetaXref" classname="Kaitai.SpecMetaXref" runstate="Runnable" seed="1125051603" result="Passed" start-time="2019-04-14 15:47:10Z" end-time="2019-04-14 15:47:10Z" duration="0.000418" asserts="0" />
      </test-suite>
      <test-suite type="TestFixture" id="0-1132" name="SpecMultipleUse" fullname="Kaitai.SpecMultipleUse" classname="Kaitai.SpecMultipleUse" runstate="Runnable" testcasecount="1" result="Passed" start-time="2019-04-14 15:47:10Z" end-time="2019-04-14 15:47:10Z" duration="0.005010" total="1" passed="1" failed="0" inconclusive="0" skipped="0" asserts="2">
        <test-case id="0-1133" name="TestMultipleUse" fullname="Kaitai.SpecMultipleUse.TestMultipleUse" methodname="TestMultipleUse" classname="Kaitai.SpecMultipleUse" runstate="Runnable" seed="876743992" result="Passed" start-time="2019-04-14 15:47:10Z" end-time="2019-04-14 15:47:10Z" duration="0.001655" asserts="2" />
      </test-suite>
      <test-suite type="TestFixture" id="0-1134" name="SpecNavParent" fullname="Kaitai.SpecNavParent" classname="Kaitai.SpecNavParent" runstate="Runnable" testcasecount="1" result="Passed" start-time="2019-04-14 15:47:10Z" end-time="2019-04-14 15:47:10Z" duration="0.005982" total="1" passed="1" failed="0" inconclusive="0" skipped="0" asserts="5">
        <test-case id="0-1135" name="TestNavParent" fullname="Kaitai.SpecNavParent.TestNavParent" methodname="TestNavParent" classname="Kaitai.SpecNavParent" runstate="Runnable" seed="765833516" result="Passed" start-time="2019-04-14 15:47:10Z" end-time="2019-04-14 15:47:10Z" duration="0.002308" asserts="5" />
      </test-suite>
      <test-suite type="TestFixture" id="0-1136" name="SpecNavParent2" fullname="Kaitai.SpecNavParent2" classname="Kaitai.SpecNavParent2" runstate="Runnable" testcasecount="1" result="Passed" start-time="2019-04-14 15:47:10Z" end-time="2019-04-14 15:47:10Z" duration="0.005983" total="1" passed="1" failed="0" inconclusive="0" skipped="0" asserts="10">
        <test-case id="0-1137" name="TestNavParent2" fullname="Kaitai.SpecNavParent2.TestNavParent2" methodname="TestNavParent2" classname="Kaitai.SpecNavParent2" runstate="Runnable" seed="498570974" result="Passed" start-time="2019-04-14 15:47:10Z" end-time="2019-04-14 15:47:10Z" duration="0.002898" asserts="10" />
      </test-suite>
      <test-suite type="TestFixture" id="0-1138" name="SpecNavParent3" fullname="Kaitai.SpecNavParent3" classname="Kaitai.SpecNavParent3" runstate="Runnable" testcasecount="1" result="Passed" start-time="2019-04-14 15:47:10Z" end-time="2019-04-14 15:47:10Z" duration="0.006011" total="1" passed="1" failed="0" inconclusive="0" skipped="0" asserts="10">
        <test-case id="0-1139" name="TestNavParent3" fullname="Kaitai.SpecNavParent3.TestNavParent3" methodname="TestNavParent3" classname="Kaitai.SpecNavParent3" runstate="Runnable" seed="1129185214" result="Passed" start-time="2019-04-14 15:47:10Z" end-time="2019-04-14 15:47:10Z" duration="0.002883" asserts="10" />
      </test-suite>
      <test-suite type="TestFixture" id="0-1140" name="SpecNavParentFalse" fullname="Kaitai.SpecNavParentFalse" classname="Kaitai.SpecNavParentFalse" runstate="Runnable" testcasecount="1" result="Passed" start-time="2019-04-14 15:47:10Z" end-time="2019-04-14 15:47:10Z" duration="0.006059" total="1" passed="1" failed="0" inconclusive="0" skipped="0" asserts="5">
        <test-case id="0-1141" name="TestNavParentFalse" fullname="Kaitai.SpecNavParentFalse.TestNavParentFalse" methodname="TestNavParentFalse" classname="Kaitai.SpecNavParentFalse" runstate="Runnable" seed="745070369" result="Passed" start-time="2019-04-14 15:47:10Z" end-time="2019-04-14 15:47:10Z" duration="0.002116" asserts="5" />
      </test-suite>
      <test-suite type="TestFixture" id="0-1142" name="SpecNavParentFalse2" fullname="Kaitai.SpecNavParentFalse2" classname="Kaitai.SpecNavParentFalse2" runstate="Runnable" testcasecount="1" result="Passed" start-time="2019-04-14 15:47:10Z" end-time="2019-04-14 15:47:10Z" duration="0.003979" total="1" passed="1" failed="0" inconclusive="0" skipped="0" asserts="1">
        <test-case id="0-1143" name="TestNavParentFalse2" fullname="Kaitai.SpecNavParentFalse2.TestNavParentFalse2" methodname="TestNavParentFalse2" classname="Kaitai.SpecNavParentFalse2" runstate="Runnable" seed="1019270208" result="Passed" start-time="2019-04-14 15:47:10Z" end-time="2019-04-14 15:47:10Z" duration="0.000852" asserts="1" />
      </test-suite>
      <test-suite type="TestFixture" id="0-1144" name="SpecNavParentOverride" fullname="Kaitai.SpecNavParentOverride" classname="Kaitai.SpecNavParentOverride" runstate="Runnable" testcasecount="1" result="Passed" start-time="2019-04-14 15:47:10Z" end-time="2019-04-14 15:47:10Z" duration="0.005037" total="1" passed="1" failed="0" inconclusive="0" skipped="0" asserts="3">
        <test-case id="0-1145" name="TestNavParentOverride" fullname="Kaitai.SpecNavParentOverride.TestNavParentOverride" methodname="TestNavParentOverride" classname="Kaitai.SpecNavParentOverride" runstate="Runnable" seed="1547209698" result="Passed" start-time="2019-04-14 15:47:10Z" end-time="2019-04-14 15:47:10Z" duration="0.001542" asserts="3" />
      </test-suite>
      <test-suite type="TestFixture" id="0-1146" name="SpecNavParentSwitch" fullname="Kaitai.SpecNavParentSwitch" classname="Kaitai.SpecNavParentSwitch" runstate="Runnable" testcasecount="1" result="Passed" start-time="2019-04-14 15:47:10Z" end-time="2019-04-14 15:47:10Z" duration="0.005000" total="1" passed="1" failed="0" inconclusive="0" skipped="0" asserts="3">
        <test-case id="0-1147" name="TestNavParentSwitch" fullname="Kaitai.SpecNavParentSwitch.TestNavParentSwitch" methodname="TestNavParentSwitch" classname="Kaitai.SpecNavParentSwitch" runstate="Runnable" seed="268871970" result="Passed" start-time="2019-04-14 15:47:10Z" end-time="2019-04-14 15:47:10Z" duration="0.001505" asserts="3" />
      </test-suite>
      <test-suite type="TestFixture" id="0-1148" name="SpecNavParentVsValueInst" fullname="Kaitai.SpecNavParentVsValueInst" classname="Kaitai.SpecNavParentVsValueInst" runstate="Runnable" testcasecount="1" result="Passed" start-time="2019-04-14 15:47:10Z" end-time="2019-04-14 15:47:10Z" duration="0.004081" total="1" passed="1" failed="0" inconclusive="0" skipped="0" asserts="1">
        <test-case id="0-1149" name="TestNavParentVsValueInst" fullname="Kaitai.SpecNavParentVsValueInst.TestNavParentVsValueInst" methodname="TestNavParentVsValueInst" classname="Kaitai.SpecNavParentVsValueInst" runstate="Runnable" seed="1517745523" result="Passed" start-time="2019-04-14 15:47:10Z" end-time="2019-04-14 15:47:10Z" duration="0.000766" asserts="1" />
      </test-suite>
      <test-suite type="TestFixture" id="0-1150" name="SpecNavRoot" fullname="Kaitai.SpecNavRoot" classname="Kaitai.SpecNavRoot" runstate="Runnable" testcasecount="1" result="Passed" start-time="2019-04-14 15:47:10Z" end-time="2019-04-14 15:47:10Z" duration="0.005735" total="1" passed="1" failed="0" inconclusive="0" skipped="0" asserts="5">
        <test-case id="0-1151" name="TestNavRoot" fullname="Kaitai.SpecNavRoot.TestNavRoot" methodname="TestNavRoot" classname="Kaitai.SpecNavRoot" runstate="Runnable" seed="141073632" result="Passed" start-time="2019-04-14 15:47:10Z" end-time="2019-04-14 15:47:10Z" duration="0.002261" asserts="5" />
      </test-suite>
      <test-suite type="TestFixture" id="0-1152" name="SpecNestedSameName" fullname="Kaitai.SpecNestedSameName" classname="Kaitai.SpecNestedSameName" runstate="Runnable" testcasecount="1" result="Passed" start-time="2019-04-14 15:47:10Z" end-time="2019-04-14 15:47:10Z" duration="0.004987" total="1" passed="1" failed="0" inconclusive="0" skipped="0" asserts="2">
        <test-case id="0-1153" name="TestNestedSameName" fullname="Kaitai.SpecNestedSameName.TestNestedSameName" methodname="TestNestedSameName" classname="Kaitai.SpecNestedSameName" runstate="Runnable" seed="699211274" result="Passed" start-time="2019-04-14 15:47:10Z" end-time="2019-04-14 15:47:10Z" duration="0.001509" asserts="2" />
      </test-suite>
      <test-suite type="TestFixture" id="0-1154" name="SpecNestedSameName2" fullname="Kaitai.SpecNestedSameName2" classname="Kaitai.SpecNestedSameName2" runstate="Runnable" testcasecount="1" result="Passed" start-time="2019-04-14 15:47:10Z" end-time="2019-04-14 15:47:10Z" duration="0.006010" total="1" passed="1" failed="0" inconclusive="0" skipped="0" asserts="5">
        <test-case id="0-1155" name="TestNestedSameName2" fullname="Kaitai.SpecNestedSameName2.TestNestedSameName2" methodname="TestNestedSameName2" classname="Kaitai.SpecNestedSameName2" runstate="Runnable" seed="914162468" result="Passed" start-time="2019-04-14 15:47:10Z" end-time="2019-04-14 15:47:10Z" duration="0.002349" asserts="5" />
      </test-suite>
      <test-suite type="TestFixture" id="0-1156" name="SpecNestedTypes" fullname="Kaitai.SpecNestedTypes" classname="Kaitai.SpecNestedTypes" runstate="Runnable" testcasecount="1" result="Passed" start-time="2019-04-14 15:47:10Z" end-time="2019-04-14 15:47:10Z" duration="0.005010" total="1" passed="1" failed="0" inconclusive="0" skipped="0" asserts="3">
        <test-case id="0-1157" name="TestNestedTypes" fullname="Kaitai.SpecNestedTypes.TestNestedTypes" methodname="TestNestedTypes" classname="Kaitai.SpecNestedTypes" runstate="Runnable" seed="1617952824" result="Passed" start-time="2019-04-14 15:47:10Z" end-time="2019-04-14 15:47:10Z" duration="0.001644" asserts="3" />
      </test-suite>
      <test-suite type="TestFixture" id="0-1158" name="SpecNestedTypes2" fullname="Kaitai.SpecNestedTypes2" classname="Kaitai.SpecNestedTypes2" runstate="Runnable" testcasecount="1" result="Passed" start-time="2019-04-14 15:47:10Z" end-time="2019-04-14 15:47:10Z" duration="0.006014" total="1" passed="1" failed="0" inconclusive="0" skipped="0" asserts="7">
        <test-case id="0-1159" name="TestNestedTypes2" fullname="Kaitai.SpecNestedTypes2.TestNestedTypes2" methodname="TestNestedTypes2" classname="Kaitai.SpecNestedTypes2" runstate="Runnable" seed="552888392" result="Passed" start-time="2019-04-14 15:47:10Z" end-time="2019-04-14 15:47:10Z" duration="0.002444" asserts="7" />
      </test-suite>
      <test-suite type="TestFixture" id="0-1160" name="SpecNestedTypes3" fullname="Kaitai.SpecNestedTypes3" classname="Kaitai.SpecNestedTypes3" runstate="Runnable" testcasecount="1" result="Passed" start-time="2019-04-14 15:47:10Z" end-time="2019-04-14 15:47:11Z" duration="0.004761" total="1" passed="1" failed="0" inconclusive="0" skipped="0" asserts="5">
        <test-case id="0-1161" name="TestNestedTypes3" fullname="Kaitai.SpecNestedTypes3.TestNestedTypes3" methodname="TestNestedTypes3" classname="Kaitai.SpecNestedTypes3" runstate="Runnable" seed="510368126" result="Passed" start-time="2019-04-14 15:47:11Z" end-time="2019-04-14 15:47:11Z" duration="0.001795" asserts="5" />
      </test-suite>
      <test-suite type="TestFixture" id="0-1162" name="SpecNonStandard" fullname="Kaitai.SpecNonStandard" classname="Kaitai.SpecNonStandard" runstate="Runnable" testcasecount="1" result="Passed" start-time="2019-04-14 15:47:11Z" end-time="2019-04-14 15:47:11Z" duration="0.004009" total="1" passed="1" failed="0" inconclusive="0" skipped="0" asserts="1">
        <test-case id="0-1163" name="TestNonStandard" fullname="Kaitai.SpecNonStandard.TestNonStandard" methodname="TestNonStandard" classname="Kaitai.SpecNonStandard" runstate="Runnable" seed="1527811507" result="Passed" start-time="2019-04-14 15:47:11Z" end-time="2019-04-14 15:47:11Z" duration="0.000621" asserts="1" />
      </test-suite>
      <test-suite type="TestFixture" id="0-1164" name="SpecOpaqueExternalType" fullname="Kaitai.SpecOpaqueExternalType" classname="Kaitai.SpecOpaqueExternalType" runstate="Runnable" testcasecount="1" result="Passed" start-time="2019-04-14 15:47:11Z" end-time="2019-04-14 15:47:11Z" duration="0.005011" total="1" passed="1" failed="0" inconclusive="0" skipped="0" asserts="3">
        <test-case id="0-1165" name="TestOpaqueExternalType" fullname="Kaitai.SpecOpaqueExternalType.TestOpaqueExternalType" methodname="TestOpaqueExternalType" classname="Kaitai.SpecOpaqueExternalType" runstate="Runnable" seed="702379819" result="Passed" start-time="2019-04-14 15:47:11Z" end-time="2019-04-14 15:47:11Z" duration="0.001190" asserts="3" />
      </test-suite>
      <test-suite type="TestFixture" id="0-1166" name="SpecOpaqueExternalType02Parent" fullname="Kaitai.SpecOpaqueExternalType02Parent" classname="Kaitai.SpecOpaqueExternalType02Parent" runstate="Runnable" testcasecount="1" result="Passed" start-time="2019-04-14 15:47:11Z" end-time="2019-04-14 15:47:11Z" duration="0.005013" total="1" passed="1" failed="0" inconclusive="0" skipped="0" asserts="3">
        <test-case id="0-1167" name="TestOpaqueExternalType02Parent" fullname="Kaitai.SpecOpaqueExternalType02Parent.TestOpaqueExternalType02Parent" methodname="TestOpaqueExternalType02Parent" classname="Kaitai.SpecOpaqueExternalType02Parent" runstate="Runnable" seed="843028125" result="Passed" start-time="2019-04-14 15:47:11Z" end-time="2019-04-14 15:47:11Z" duration="0.001870" asserts="3" />
      </test-suite>
      <test-suite type="TestFixture" id="0-1168" name="SpecOpaqueWithParam" fullname="Kaitai.SpecOpaqueWithParam" classname="Kaitai.SpecOpaqueWithParam" runstate="Runnable" testcasecount="1" result="Passed" start-time="2019-04-14 15:47:11Z" end-time="2019-04-14 15:47:11Z" duration="0.005033" total="1" passed="1" failed="0" inconclusive="0" skipped="0" asserts="2">
        <test-case id="0-1169" name="TestOpaqueWithParam" fullname="Kaitai.SpecOpaqueWithParam.TestOpaqueWithParam" methodname="TestOpaqueWithParam" classname="Kaitai.SpecOpaqueWithParam" runstate="Runnable" seed="1837819008" result="Passed" start-time="2019-04-14 15:47:11Z" end-time="2019-04-14 15:47:11Z" duration="0.001178" asserts="2" />
      </test-suite>
      <test-suite type="TestFixture" id="0-1170" name="SpecOptionalId" fullname="Kaitai.SpecOptionalId" classname="Kaitai.SpecOptionalId" runstate="Runnable" testcasecount="1" result="Passed" start-time="2019-04-14 15:47:11Z" end-time="2019-04-14 15:47:11Z" duration="0.004008" total="1" passed="1" failed="0" inconclusive="0" skipped="0" asserts="3">
        <test-case id="0-1171" name="TestOptionalId" fullname="Kaitai.SpecOptionalId.TestOptionalId" methodname="TestOptionalId" classname="Kaitai.SpecOptionalId" runstate="Runnable" seed="692130636" result="Passed" start-time="2019-04-14 15:47:11Z" end-time="2019-04-14 15:47:11Z" duration="0.000968" asserts="3" />
      </test-suite>
      <test-suite type="TestFixture" id="0-1172" name="SpecParamsCallShort" fullname="Kaitai.SpecParamsCallShort" classname="Kaitai.SpecParamsCallShort" runstate="Runnable" testcasecount="1" result="Passed" start-time="2019-04-14 15:47:11Z" end-time="2019-04-14 15:47:11Z" duration="0.004995" total="1" passed="1" failed="0" inconclusive="0" skipped="0" asserts="3">
        <test-case id="0-1173" name="TestParamsCallShort" fullname="Kaitai.SpecParamsCallShort.TestParamsCallShort" methodname="TestParamsCallShort" classname="Kaitai.SpecParamsCallShort" runstate="Runnable" seed="481921601" result="Passed" start-time="2019-04-14 15:47:11Z" end-time="2019-04-14 15:47:11Z" duration="0.001627" asserts="3" />
      </test-suite>
      <test-suite type="TestFixture" id="0-1174" name="SpecParamsDef" fullname="Kaitai.SpecParamsDef" classname="Kaitai.SpecParamsDef" runstate="Runnable" testcasecount="1" result="Passed" start-time="2019-04-14 15:47:11Z" end-time="2019-04-14 15:47:11Z" duration="0.003985" total="1" passed="1" failed="0" inconclusive="0" skipped="0" asserts="2">
        <test-case id="0-1175" name="TestParamsDef" fullname="Kaitai.SpecParamsDef.TestParamsDef" methodname="TestParamsDef" classname="Kaitai.SpecParamsDef" runstate="Runnable" seed="1875719166" result="Passed" start-time="2019-04-14 15:47:11Z" end-time="2019-04-14 15:47:11Z" duration="0.000304" asserts="2" />
      </test-suite>
      <test-suite type="TestFixture" id="0-1176" name="SpecParamsEnum" fullname="Kaitai.SpecParamsEnum" classname="Kaitai.SpecParamsEnum" runstate="Runnable" testcasecount="1" result="Passed" start-time="2019-04-14 15:47:11Z" end-time="2019-04-14 15:47:11Z" duration="0.004988" total="1" passed="1" failed="0" inconclusive="0" skipped="0" asserts="2">
        <test-case id="0-1177" name="TestParamsEnum" fullname="Kaitai.SpecParamsEnum.TestParamsEnum" methodname="TestParamsEnum" classname="Kaitai.SpecParamsEnum" runstate="Runnable" seed="1680555625" result="Passed" start-time="2019-04-14 15:47:11Z" end-time="2019-04-14 15:47:11Z" duration="0.001082" asserts="2" />
      </test-suite>
      <test-suite type="TestFixture" id="0-1178" name="SpecParamsPassUsertype" fullname="Kaitai.SpecParamsPassUsertype" classname="Kaitai.SpecParamsPassUsertype" runstate="Runnable" testcasecount="1" result="Passed" start-time="2019-04-14 15:47:11Z" end-time="2019-04-14 15:47:11Z" duration="0.005007" total="1" passed="1" failed="0" inconclusive="0" skipped="0" asserts="2">
        <test-case id="0-1179" name="TestParamsPassUsertype" fullname="Kaitai.SpecParamsPassUsertype.TestParamsPassUsertype" methodname="TestParamsPassUsertype" classname="Kaitai.SpecParamsPassUsertype" runstate="Runnable" seed="1846997414" result="Passed" start-time="2019-04-14 15:47:11Z" end-time="2019-04-14 15:47:11Z" duration="0.001276" asserts="2" />
      </test-suite>
      <test-suite type="TestFixture" id="0-1180" name="SpecPositionAbs" fullname="Kaitai.SpecPositionAbs" classname="Kaitai.SpecPositionAbs" runstate="Runnable" testcasecount="1" result="Passed" start-time="2019-04-14 15:47:11Z" end-time="2019-04-14 15:47:11Z" duration="0.004995" total="1" passed="1" failed="0" inconclusive="0" skipped="0" asserts="2">
        <test-case id="0-1181" name="TestPositionAbs" fullname="Kaitai.SpecPositionAbs.TestPositionAbs" methodname="TestPositionAbs" classname="Kaitai.SpecPositionAbs" runstate="Runnable" seed="7204296" result="Passed" start-time="2019-04-14 15:47:11Z" end-time="2019-04-14 15:47:11Z" duration="0.001073" asserts="2" />
      </test-suite>
      <test-suite type="TestFixture" id="0-1182" name="SpecPositionInSeq" fullname="Kaitai.SpecPositionInSeq" classname="Kaitai.SpecPositionInSeq" runstate="Runnable" testcasecount="1" result="Passed" start-time="2019-04-14 15:47:11Z" end-time="2019-04-14 15:47:11Z" duration="0.004987" total="1" passed="1" failed="0" inconclusive="0" skipped="0" asserts="1">
        <test-case id="0-1183" name="TestPositionInSeq" fullname="Kaitai.SpecPositionInSeq.TestPositionInSeq" methodname="TestPositionInSeq" classname="Kaitai.SpecPositionInSeq" runstate="Runnable" seed="1737481827" result="Passed" start-time="2019-04-14 15:47:11Z" end-time="2019-04-14 15:47:11Z" duration="0.001558" asserts="1" />
      </test-suite>
      <test-suite type="TestFixture" id="0-1184" name="SpecPositionToEnd" fullname="Kaitai.SpecPositionToEnd" classname="Kaitai.SpecPositionToEnd" runstate="Runnable" testcasecount="1" result="Passed" start-time="2019-04-14 15:47:11Z" end-time="2019-04-14 15:47:11Z" duration="0.005066" total="1" passed="1" failed="0" inconclusive="0" skipped="0" asserts="2">
        <test-case id="0-1185" name="TestPositionToEnd" fullname="Kaitai.SpecPositionToEnd.TestPositionToEnd" methodname="TestPositionToEnd" classname="Kaitai.SpecPositionToEnd" runstate="Runnable" seed="1932580149" result="Passed" start-time="2019-04-14 15:47:11Z" end-time="2019-04-14 15:47:11Z" duration="0.001137" asserts="2" />
      </test-suite>
      <test-suite type="TestFixture" id="0-1186" name="SpecProcessCoerceBytes" fullname="Kaitai.SpecProcessCoerceBytes" classname="Kaitai.SpecProcessCoerceBytes" runstate="Runnable" testcasecount="1" result="Passed" start-time="2019-04-14 15:47:11Z" end-time="2019-04-14 15:47:11Z" duration="0.005977" total="1" passed="1" failed="0" inconclusive="0" skipped="0" asserts="4">
        <test-case id="0-1187" name="TestProcessCoerceBytes" fullname="Kaitai.SpecProcessCoerceBytes.TestProcessCoerceBytes" methodname="TestProcessCoerceBytes" classname="Kaitai.SpecProcessCoerceBytes" runstate="Runnable" seed="1253759090" result="Passed" start-time="2019-04-14 15:47:11Z" end-time="2019-04-14 15:47:11Z" duration="0.002181" asserts="4" />
      </test-suite>
      <test-suite type="TestFixture" id="0-1188" name="SpecProcessCoerceSwitch" fullname="Kaitai.SpecProcessCoerceSwitch" classname="Kaitai.SpecProcessCoerceSwitch" runstate="Runnable" testcasecount="1" result="Passed" start-time="2019-04-14 15:47:11Z" end-time="2019-04-14 15:47:11Z" duration="0.004646" total="1" passed="1" failed="0" inconclusive="0" skipped="0" asserts="3">
        <test-case id="0-1189" name="TestProcessCoerceSwitch" fullname="Kaitai.SpecProcessCoerceSwitch.TestProcessCoerceSwitch" methodname="TestProcessCoerceSwitch" classname="Kaitai.SpecProcessCoerceSwitch" runstate="Runnable" seed="1124053530" result="Passed" start-time="2019-04-14 15:47:11Z" end-time="2019-04-14 15:47:11Z" duration="0.001667" asserts="3" />
      </test-suite>
      <test-suite type="TestFixture" id="0-1190" name="SpecProcessCoerceUsertype1" fullname="Kaitai.SpecProcessCoerceUsertype1" classname="Kaitai.SpecProcessCoerceUsertype1" runstate="Runnable" testcasecount="1" result="Passed" start-time="2019-04-14 15:47:11Z" end-time="2019-04-14 15:47:11Z" duration="0.006010" total="1" passed="1" failed="0" inconclusive="0" skipped="0" asserts="4">
        <test-case id="0-1191" name="TestProcessCoerceUsertype1" fullname="Kaitai.SpecProcessCoerceUsertype1.TestProcessCoerceUsertype1" methodname="TestProcessCoerceUsertype1" classname="Kaitai.SpecProcessCoerceUsertype1" runstate="Runnable" seed="951327868" result="Passed" start-time="2019-04-14 15:47:11Z" end-time="2019-04-14 15:47:11Z" duration="0.002091" asserts="4" />
      </test-suite>
      <test-suite type="TestFixture" id="0-1192" name="SpecProcessCoerceUsertype2" fullname="Kaitai.SpecProcessCoerceUsertype2" classname="Kaitai.SpecProcessCoerceUsertype2" runstate="Runnable" testcasecount="1" result="Passed" start-time="2019-04-14 15:47:11Z" end-time="2019-04-14 15:47:11Z" duration="0.004978" total="1" passed="1" failed="0" inconclusive="0" skipped="0" asserts="4">
        <test-case id="0-1193" name="TestProcessCoerceUsertype2" fullname="Kaitai.SpecProcessCoerceUsertype2.TestProcessCoerceUsertype2" methodname="TestProcessCoerceUsertype2" classname="Kaitai.SpecProcessCoerceUsertype2" runstate="Runnable" seed="1101368553" result="Passed" start-time="2019-04-14 15:47:11Z" end-time="2019-04-14 15:47:11Z" duration="0.001945" asserts="4" />
      </test-suite>
      <test-suite type="TestFixture" id="0-1194" name="SpecProcessCustom" fullname="Kaitai.SpecProcessCustom" classname="Kaitai.SpecProcessCustom" runstate="Runnable" testcasecount="1" result="Passed" start-time="2019-04-14 15:47:11Z" end-time="2019-04-14 15:47:11Z" duration="0.005004" total="1" passed="1" failed="0" inconclusive="0" skipped="0" asserts="3">
        <test-case id="0-1195" name="TestProcessCustom" fullname="Kaitai.SpecProcessCustom.TestProcessCustom" methodname="TestProcessCustom" classname="Kaitai.SpecProcessCustom" runstate="Runnable" seed="877697460" result="Passed" start-time="2019-04-14 15:47:11Z" end-time="2019-04-14 15:47:11Z" duration="0.001607" asserts="3" />
      </test-suite>
      <test-suite type="TestFixture" id="0-1196" name="SpecProcessRotate" fullname="Kaitai.SpecProcessRotate" classname="Kaitai.SpecProcessRotate" runstate="Runnable" testcasecount="1" result="Passed" start-time="2019-04-14 15:47:11Z" end-time="2019-04-14 15:47:11Z" duration="0.005016" total="1" passed="1" failed="0" inconclusive="0" skipped="0" asserts="3">
        <test-case id="0-1197" name="TestProcessRotate" fullname="Kaitai.SpecProcessRotate.TestProcessRotate" methodname="TestProcessRotate" classname="Kaitai.SpecProcessRotate" runstate="Runnable" seed="1904422305" result="Passed" start-time="2019-04-14 15:47:11Z" end-time="2019-04-14 15:47:11Z" duration="0.001624" asserts="3" />
      </test-suite>
      <test-suite type="TestFixture" id="0-1198" name="SpecProcessToUser" fullname="Kaitai.SpecProcessToUser" classname="Kaitai.SpecProcessToUser" runstate="Runnable" testcasecount="1" result="Passed" start-time="2019-04-14 15:47:11Z" end-time="2019-04-14 15:47:11Z" duration="0.003981" total="1" passed="1" failed="0" inconclusive="0" skipped="0" asserts="1">
        <test-case id="0-1199" name="TestProcessToUser" fullname="Kaitai.SpecProcessToUser.TestProcessToUser" methodname="TestProcessToUser" classname="Kaitai.SpecProcessToUser" runstate="Runnable" seed="950088291" result="Passed" start-time="2019-04-14 15:47:11Z" end-time="2019-04-14 15:47:11Z" duration="0.000872" asserts="1" />
      </test-suite>
      <test-suite type="TestFixture" id="0-1200" name="SpecProcessXor4Const" fullname="Kaitai.SpecProcessXor4Const" classname="Kaitai.SpecProcessXor4Const" runstate="Runnable" testcasecount="1" result="Passed" start-time="2019-04-14 15:47:11Z" end-time="2019-04-14 15:47:11Z" duration="0.005008" total="1" passed="1" failed="0" inconclusive="0" skipped="0" asserts="2">
        <test-case id="0-1201" name="TestProcessXor4Const" fullname="Kaitai.SpecProcessXor4Const.TestProcessXor4Const" methodname="TestProcessXor4Const" classname="Kaitai.SpecProcessXor4Const" runstate="Runnable" seed="67793072" result="Passed" start-time="2019-04-14 15:47:11Z" end-time="2019-04-14 15:47:11Z" duration="0.001133" asserts="2" />
      </test-suite>
      <test-suite type="TestFixture" id="0-1202" name="SpecProcessXor4Value" fullname="Kaitai.SpecProcessXor4Value" classname="Kaitai.SpecProcessXor4Value" runstate="Runnable" testcasecount="1" result="Passed" start-time="2019-04-14 15:47:11Z" end-time="2019-04-14 15:47:11Z" duration="0.004030" total="1" passed="1" failed="0" inconclusive="0" skipped="0" asserts="2">
        <test-case id="0-1203" name="TestProcessXor4Value" fullname="Kaitai.SpecProcessXor4Value.TestProcessXor4Value" methodname="TestProcessXor4Value" classname="Kaitai.SpecProcessXor4Value" runstate="Runnable" seed="456349566" result="Passed" start-time="2019-04-14 15:47:11Z" end-time="2019-04-14 15:47:11Z" duration="0.000750" asserts="2" />
      </test-suite>
      <test-suite type="TestFixture" id="0-1204" name="SpecProcessXorConst" fullname="Kaitai.SpecProcessXorConst" classname="Kaitai.SpecProcessXorConst" runstate="Runnable" testcasecount="1" result="Passed" start-time="2019-04-14 15:47:11Z" end-time="2019-04-14 15:47:11Z" duration="0.004015" total="1" passed="1" failed="0" inconclusive="0" skipped="0" asserts="2">
        <test-case id="0-1205" name="TestProcessXorConst" fullname="Kaitai.SpecProcessXorConst.TestProcessXorConst" methodname="TestProcessXorConst" classname="Kaitai.SpecProcessXorConst" runstate="Runnable" seed="962311837" result="Passed" start-time="2019-04-14 15:47:11Z" end-time="2019-04-14 15:47:11Z" duration="0.000781" asserts="2" />
      </test-suite>
      <test-suite type="TestFixture" id="0-1206" name="SpecProcessXorValue" fullname="Kaitai.SpecProcessXorValue" classname="Kaitai.SpecProcessXorValue" runstate="Runnable" testcasecount="1" result="Passed" start-time="2019-04-14 15:47:11Z" end-time="2019-04-14 15:47:11Z" duration="0.004014" total="1" passed="1" failed="0" inconclusive="0" skipped="0" asserts="2">
        <test-case id="0-1207" name="TestProcessXorValue" fullname="Kaitai.SpecProcessXorValue.TestProcessXorValue" methodname="TestProcessXorValue" classname="Kaitai.SpecProcessXorValue" runstate="Runnable" seed="1107738181" result="Passed" start-time="2019-04-14 15:47:11Z" end-time="2019-04-14 15:47:11Z" duration="0.000763" asserts="2" />
      </test-suite>
      <test-suite type="TestFixture" id="0-1208" name="SpecRecursiveOne" fullname="Kaitai.SpecRecursiveOne" classname="Kaitai.SpecRecursiveOne" runstate="Runnable" testcasecount="1" result="Passed" start-time="2019-04-14 15:47:11Z" end-time="2019-04-14 15:47:11Z" duration="0.004980" total="1" passed="1" failed="0" inconclusive="0" skipped="0" asserts="4">
        <test-case id="0-1209" name="TestRecursiveOne" fullname="Kaitai.SpecRecursiveOne.TestRecursiveOne" methodname="TestRecursiveOne" classname="Kaitai.SpecRecursiveOne" runstate="Runnable" seed="1788655785" result="Passed" start-time="2019-04-14 15:47:11Z" end-time="2019-04-14 15:47:11Z" duration="0.001548" asserts="4" />
      </test-suite>
      <test-suite type="TestFixture" id="0-1210" name="SpecRepeatEosBit" fullname="Kaitai.SpecRepeatEosBit" classname="Kaitai.SpecRepeatEosBit" runstate="Runnable" testcasecount="1" result="Failed" site="Child" start-time="2019-04-14 15:47:11Z" end-time="2019-04-14 15:47:11Z" duration="0.030424" total="1" passed="0" failed="1" inconclusive="0" skipped="0" asserts="1">
        <failure>
          <message><![CDATA[One or more child tests had errors]]></message>
        </failure>
        <test-case id="0-1211" name="TestRepeatEosBit" fullname="Kaitai.SpecRepeatEosBit.TestRepeatEosBit" methodname="TestRepeatEosBit" classname="Kaitai.SpecRepeatEosBit" runstate="Runnable" seed="398658611" result="Failed" start-time="2019-04-14 15:47:11Z" end-time="2019-04-14 15:47:11Z" duration="0.026721" asserts="1">
          <failure>
            <message><![CDATA[  Expected: 15
  But was:  16
]]></message>
            <stack-trace><![CDATA[at Kaitai.SpecRepeatEosBit.TestRepeatEosBit() in C:\projects\ci-targets\tests\spec\csharp\kaitai_struct_csharp_tests\tests\SpecRepeatEosBit.cs:line 15
]]></stack-trace>
          </failure>
        </test-case>
      </test-suite>
      <test-suite type="TestFixture" id="0-1212" name="SpecRepeatEosStruct" fullname="Kaitai.SpecRepeatEosStruct" classname="Kaitai.SpecRepeatEosStruct" runstate="Runnable" testcasecount="1" result="Passed" start-time="2019-04-14 15:47:11Z" end-time="2019-04-14 15:47:11Z" duration="0.004766" total="1" passed="1" failed="0" inconclusive="0" skipped="0" asserts="5">
        <test-case id="0-1213" name="TestRepeatEosStruct" fullname="Kaitai.SpecRepeatEosStruct.TestRepeatEosStruct" methodname="TestRepeatEosStruct" classname="Kaitai.SpecRepeatEosStruct" runstate="Runnable" seed="767487275" result="Passed" start-time="2019-04-14 15:47:11Z" end-time="2019-04-14 15:47:11Z" duration="0.001433" asserts="5" />
      </test-suite>
      <test-suite type="TestFixture" id="0-1214" name="SpecRepeatEosU4" fullname="Kaitai.SpecRepeatEosU4" classname="Kaitai.SpecRepeatEosU4" runstate="Runnable" testcasecount="1" result="Passed" start-time="2019-04-14 15:47:11Z" end-time="2019-04-14 15:47:11Z" duration="0.004013" total="1" passed="1" failed="0" inconclusive="0" skipped="0" asserts="1">
        <test-case id="0-1215" name="TestRepeatEosU4" fullname="Kaitai.SpecRepeatEosU4.TestRepeatEosU4" methodname="TestRepeatEosU4" classname="Kaitai.SpecRepeatEosU4" runstate="Runnable" seed="1952933382" result="Passed" start-time="2019-04-14 15:47:11Z" end-time="2019-04-14 15:47:11Z" duration="0.000804" asserts="1" />
      </test-suite>
[...]
        <test-case id="0-1231" name="TestStrEncodingsDefault" fullname="Kaitai.SpecStrEncodingsDefault.TestStrEncodingsDefault" methodname="TestStrEncodingsDefault" classname="Kaitai.SpecStrEncodingsDefault" runstate="Runnable" seed="1294345834" result="Passed" start-time="2019-04-14 15:47:11Z" end-time="2019-04-14 15:47:11Z" duration="0.001611" asserts="4" />
      </test-suite>
      <test-suite type="TestFixture" id="0-1232" name="SpecStrEos" fullname="Kaitai.SpecStrEos" classname="Kaitai.SpecStrEos" runstate="Runnable" testcasecount="1" result="Passed" start-time="2019-04-14 15:47:11Z" end-time="2019-04-14 15:47:11Z" duration="0.004031" total="1" passed="1" failed="0" inconclusive="0" skipped="0" asserts="1">
        <test-case id="0-1233" name="TestStrEos" fullname="Kaitai.SpecStrEos.TestStrEos" methodname="TestStrEos" classname="Kaitai.SpecStrEos" runstate="Runnable" seed="755770464" result="Passed" start-time="2019-04-14 15:47:11Z" end-time="2019-04-14 15:47:11Z" duration="0.000573" asserts="1" />
      </test-suite>
      <test-suite type="TestFixture" id="0-1234" name="SpecStrLiterals" fullname="Kaitai.SpecStrLiterals" classname="Kaitai.SpecStrLiterals" runstate="Runnable" testcasecount="1" result="Passed" start-time="2019-04-14 15:47:11Z" end-time="2019-04-14 15:47:11Z" duration="0.011019" total="1" passed="1" failed="0" inconclusive="0" skipped="0" asserts="5">
        <test-case id="0-1235" name="TestStrLiterals" fullname="Kaitai.SpecStrLiterals.TestStrLiterals" methodname="TestStrLiterals" classname="Kaitai.SpecStrLiterals" runstate="Runnable" seed="2017460970" result="Passed" start-time="2019-04-14 15:47:11Z" end-time="2019-04-14 15:47:11Z" duration="0.007563" asserts="5" />
      </test-suite>
      <test-suite type="TestFixture" id="0-1236" name="SpecStrLiterals2" fullname="Kaitai.SpecStrLiterals2" classname="Kaitai.SpecStrLiterals2" runstate="Runnable" testcasecount="1" result="Passed" start-time="2019-04-14 15:47:11Z" end-time="2019-04-14 15:47:11Z" duration="0.003941" total="1" passed="1" failed="0" inconclusive="0" skipped="0" asserts="4">
        <test-case id="0-1237" name="TestStrLiterals2" fullname="Kaitai.SpecStrLiterals2.TestStrLiterals2" methodname="TestStrLiterals2" classname="Kaitai.SpecStrLiterals2" runstate="Runnable" seed="5917835" result="Passed" start-time="2019-04-14 15:47:11Z" end-time="2019-04-14 15:47:11Z" duration="0.000909" asserts="4" />
      </test-suite>
      <test-suite type="TestFixture" id="0-1238" name="SpecStrPadTerm" fullname="Kaitai.SpecStrPadTerm" classname="Kaitai.SpecStrPadTerm" runstate="Runnable" testcasecount="1" result="Passed" start-time="2019-04-14 15:47:11Z" end-time="2019-04-14 15:47:11Z" duration="0.005005" total="1" passed="1" failed="0" inconclusive="0" skipped="0" asserts="4">
        <test-case id="0-1239" name="TestStrPadTerm" fullname="Kaitai.SpecStrPadTerm.TestStrPadTerm" methodname="TestStrPadTerm" classname="Kaitai.SpecStrPadTerm" runstate="Runnable" seed="7630187" result="Passed" start-time="2019-04-14 15:47:11Z" end-time="2019-04-14 15:47:11Z" duration="0.001152" asserts="4" />
      </test-suite>
      <test-suite type="TestFixture" id="0-1240" name="SpecStrPadTermEmpty" fullname="Kaitai.SpecStrPadTermEmpty" classname="Kaitai.SpecStrPadTermEmpty" runstate="Runnable" testcasecount="1" result="Passed" start-time="2019-04-14 15:47:11Z" end-time="2019-04-14 15:47:11Z" duration="0.005018" total="1" passed="1" failed="0" inconclusive="0" skipped="0" asserts="4">
        <test-case id="0-1241" name="TestStrPadTermEmpty" fullname="Kaitai.SpecStrPadTermEmpty.TestStrPadTermEmpty" methodname="TestStrPadTermEmpty" classname="Kaitai.SpecStrPadTermEmpty" runstate="Runnable" seed="1517995500" result="Passed" start-time="2019-04-14 15:47:11Z" end-time="2019-04-14 15:47:11Z" duration="0.001078" asserts="4" />
      </test-suite>
      <test-suite type="TestFixture" id="0-1242" name="SpecSwitchBytearray" fullname="Kaitai.SpecSwitchBytearray" classname="Kaitai.SpecSwitchBytearray" runstate="Runnable" testcasecount="1" result="Passed" start-time="2019-04-14 15:47:11Z" end-time="2019-04-14 15:47:11Z" duration="0.006010" total="1" passed="1" failed="0" inconclusive="0" skipped="0" asserts="9">
        <test-case id="0-1243" name="TestSwitchBytearray" fullname="Kaitai.SpecSwitchBytearray.TestSwitchBytearray" methodname="TestSwitchBytearray" classname="Kaitai.SpecSwitchBytearray" runstate="Runnable" seed="1426227458" result="Passed" start-time="2019-04-14 15:47:11Z" end-time="2019-04-14 15:47:11Z" duration="0.002899" asserts="9" />
      </test-suite>
      <test-suite type="TestFixture" id="0-1244" name="SpecSwitchCast" fullname="Kaitai.SpecSwitchCast" classname="Kaitai.SpecSwitchCast" runstate="Runnable" testcasecount="1" result="Passed" start-time="2019-04-14 15:47:11Z" end-time="2019-04-14 15:47:11Z" duration="0.016039" total="1" passed="1" failed="0" inconclusive="0" skipped="0" asserts="3">
        <test-case id="0-1245" name="TestSwitchCast" fullname="Kaitai.SpecSwitchCast.TestSwitchCast" methodname="TestSwitchCast" classname="Kaitai.SpecSwitchCast" runstate="Runnable" seed="1233424545" result="Passed" start-time="2019-04-14 15:47:11Z" end-time="2019-04-14 15:47:11Z" duration="0.009222" asserts="3" />
      </test-suite>
      <test-suite type="TestFixture" id="0-1246" name="SpecSwitchIntegers" fullname="Kaitai.SpecSwitchIntegers" classname="Kaitai.SpecSwitchIntegers" runstate="Runnable" testcasecount="1" result="Passed" start-time="2019-04-14 15:47:11Z" end-time="2019-04-14 15:47:11Z" duration="0.005985" total="1" passed="1" failed="0" inconclusive="0" skipped="0" asserts="9">
        <test-case id="0-1247" name="TestSwitchIntegers" fullname="Kaitai.SpecSwitchIntegers.TestSwitchIntegers" methodname="TestSwitchIntegers" classname="Kaitai.SpecSwitchIntegers" runstate="Runnable" seed="666297382" result="Passed" start-time="2019-04-14 15:47:11Z" end-time="2019-04-14 15:47:11Z" duration="0.001940" asserts="9" />
      </test-suite>
      <test-suite type="TestFixture" id="0-1248" name="SpecSwitchIntegers2" fullname="Kaitai.SpecSwitchIntegers2" classname="Kaitai.SpecSwitchIntegers2" runstate="Runnable" testcasecount="1" result="Passed" start-time="2019-04-14 15:47:11Z" end-time="2019-04-14 15:47:11Z" duration="0.006009" total="1" passed="1" failed="0" inconclusive="0" skipped="0" asserts="5">
        <test-case id="0-1249" name="TestSwitchIntegers2" fullname="Kaitai.SpecSwitchIntegers2.TestSwitchIntegers2" methodname="TestSwitchIntegers2" classname="Kaitai.SpecSwitchIntegers2" runstate="Runnable" seed="57193436" result="Passed" start-time="2019-04-14 15:47:11Z" end-time="2019-04-14 15:47:11Z" duration="0.001848" asserts="5" />
      </test-suite>
      <test-suite type="TestFixture" id="0-1250" name="SpecSwitchManualEnum" fullname="Kaitai.SpecSwitchManualEnum" classname="Kaitai.SpecSwitchManualEnum" runstate="Runnable" testcasecount="1" result="Passed" start-time="2019-04-14 15:47:11Z" end-time="2019-04-14 15:47:11Z" duration="0.006027" total="1" passed="1" failed="0" inconclusive="0" skipped="0" asserts="9">
        <test-case id="0-1251" name="TestSwitchManualEnum" fullname="Kaitai.SpecSwitchManualEnum.TestSwitchManualEnum" methodname="TestSwitchManualEnum" classname="Kaitai.SpecSwitchManualEnum" runstate="Runnable" seed="1747854797" result="Passed" start-time="2019-04-14 15:47:11Z" end-time="2019-04-14 15:47:11Z" duration="0.002641" asserts="9" />
      </test-suite>
      <test-suite type="TestFixture" id="0-1252" name="SpecSwitchManualInt" fullname="Kaitai.SpecSwitchManualInt" classname="Kaitai.SpecSwitchManualInt" runstate="Runnable" testcasecount="1" result="Passed" start-time="2019-04-14 15:47:11Z" end-time="2019-04-14 15:47:11Z" duration="0.005979" total="1" passed="1" failed="0" inconclusive="0" skipped="0" asserts="9">
        <test-case id="0-1253" name="TestSwitchManualInt" fullname="Kaitai.SpecSwitchManualInt.TestSwitchManualInt" methodname="TestSwitchManualInt" classname="Kaitai.SpecSwitchManualInt" runstate="Runnable" seed="404632377" result="Passed" start-time="2019-04-14 15:47:11Z" end-time="2019-04-14 15:47:11Z" duration="0.002339" asserts="9" />
      </test-suite>
      <test-suite type="TestFixture" id="0-1254" name="SpecSwitchManualIntElse" fullname="Kaitai.SpecSwitchManualIntElse" classname="Kaitai.SpecSwitchManualIntElse" runstate="Runnable" testcasecount="1" result="Passed" start-time="2019-04-14 15:47:11Z" end-time="2019-04-14 15:47:11Z" duration="0.006068" total="1" passed="1" failed="0" inconclusive="0" skipped="0" asserts="9">
        <test-case id="0-1255" name="TestSwitchManualIntElse" fullname="Kaitai.SpecSwitchManualIntElse.TestSwitchManualIntElse" methodname="TestSwitchManualIntElse" classname="Kaitai.SpecSwitchManualIntElse" runstate="Runnable" seed="80772451" result="Passed" start-time="2019-04-14 15:47:11Z" end-time="2019-04-14 15:47:11Z" duration="0.002674" asserts="9" />
      </test-suite>
      <test-suite type="TestFixture" id="0-1256" name="SpecSwitchManualIntSize" fullname="Kaitai.SpecSwitchManualIntSize" classname="Kaitai.SpecSwitchManualIntSize" runstate="Runnable" testcasecount="1" result="Passed" start-time="2019-04-14 15:47:11Z" end-time="2019-04-14 15:47:11Z" duration="0.006495" total="1" passed="1" failed="0" inconclusive="0" skipped="0" asserts="10">
        <test-case id="0-1257" name="TestSwitchManualIntSize" fullname="Kaitai.SpecSwitchManualIntSize.TestSwitchManualIntSize" methodname="TestSwitchManualIntSize" classname="Kaitai.SpecSwitchManualIntSize" runstate="Runnable" seed="1293546079" result="Passed" start-time="2019-04-14 15:47:11Z" end-time="2019-04-14 15:47:11Z" duration="0.002877" asserts="10" />
      </test-suite>
      <test-suite type="TestFixture" id="0-1258" name="SpecSwitchManualIntSizeElse" fullname="Kaitai.SpecSwitchManualIntSizeElse" classname="Kaitai.SpecSwitchManualIntSizeElse" runstate="Runnable" testcasecount="1" result="Passed" start-time="2019-04-14 15:47:11Z" end-time="2019-04-14 15:47:11Z" duration="0.007029" total="1" passed="1" failed="0" inconclusive="0" skipped="0" asserts="10">
        <test-case id="0-1259" name="TestSwitchManualIntSizeElse" fullname="Kaitai.SpecSwitchManualIntSizeElse.TestSwitchManualIntSizeElse" methodname="TestSwitchManualIntSizeElse" classname="Kaitai.SpecSwitchManualIntSizeElse" runstate="Runnable" seed="916719141" result="Passed" start-time="2019-04-14 15:47:11Z" end-time="2019-04-14 15:47:11Z" duration="0.003185" asserts="10" />
      </test-suite>
      <test-suite type="TestFixture" id="0-1260" name="SpecSwitchManualIntSizeEos" fullname="Kaitai.SpecSwitchManualIntSizeEos" classname="Kaitai.SpecSwitchManualIntSizeEos" runstate="Runnable" testcasecount="1" result="Passed" start-time="2019-04-14 15:47:11Z" end-time="2019-04-14 15:47:11Z" duration="0.007023" total="1" passed="1" failed="0" inconclusive="0" skipped="0" asserts="10">
        <test-case id="0-1261" name="TestSwitchManualIntSizeEos" fullname="Kaitai.SpecSwitchManualIntSizeEos.TestSwitchManualIntSizeEos" methodname="TestSwitchManualIntSizeEos" classname="Kaitai.SpecSwitchManualIntSizeEos" runstate="Runnable" seed="1151036342" result="Passed" start-time="2019-04-14 15:47:11Z" end-time="2019-04-14 15:47:11Z" duration="0.003081" asserts="10" />
      </test-suite>
      <test-suite type="TestFixture" id="0-1262" name="SpecSwitchManualStr" fullname="Kaitai.SpecSwitchManualStr" classname="Kaitai.SpecSwitchManualStr" runstate="Runnable" testcasecount="1" result="Passed" start-time="2019-04-14 15:47:11Z" end-time="2019-04-14 15:47:11Z" duration="0.006037" total="1" passed="1" failed="0" inconclusive="0" skipped="0" asserts="9">
        <test-case id="0-1263" name="TestSwitchManualStr" fullname="Kaitai.SpecSwitchManualStr.TestSwitchManualStr" methodname="TestSwitchManualStr" classname="Kaitai.SpecSwitchManualStr" runstate="Runnable" seed="1702580421" result="Passed" start-time="2019-04-14 15:47:11Z" end-time="2019-04-14 15:47:11Z" duration="0.002217" asserts="9" />
      </test-suite>
      <test-suite type="TestFixture" id="0-1264" name="SpecSwitchManualStrElse" fullname="Kaitai.SpecSwitchManualStrElse" classname="Kaitai.SpecSwitchManualStrElse" runstate="Runnable" testcasecount="1" result="Passed" start-time="2019-04-14 15:47:11Z" end-time="2019-04-14 15:47:11Z" duration="0.006026" total="1" passed="1" failed="0" inconclusive="0" skipped="0" asserts="9">
        <test-case id="0-1265" name="TestSwitchManualStrElse" fullname="Kaitai.SpecSwitchManualStrElse.TestSwitchManualStrElse" methodname="TestSwitchManualStrElse" classname="Kaitai.SpecSwitchManualStrElse" runstate="Runnable" seed="1797667377" result="Passed" start-time="2019-04-14 15:47:11Z" end-time="2019-04-14 15:47:11Z" duration="0.002452" asserts="9" />
      </test-suite>
      <test-suite type="TestFixture" id="0-1266" name="SpecSwitchMultiBoolOps" fullname="Kaitai.SpecSwitchMultiBoolOps" classname="Kaitai.SpecSwitchMultiBoolOps" runstate="Runnable" testcasecount="1" result="Passed" start-time="2019-04-14 15:47:11Z" end-time="2019-04-14 15:47:11Z" duration="0.004996" total="1" passed="1" failed="0" inconclusive="0" skipped="0" asserts="9">
        <test-case id="0-1267" name="TestSwitchMultiBoolOps" fullname="Kaitai.SpecSwitchMultiBoolOps.TestSwitchMultiBoolOps" methodname="TestSwitchMultiBoolOps" classname="Kaitai.SpecSwitchMultiBoolOps" runstate="Runnable" seed="885113662" result="Passed" start-time="2019-04-14 15:47:11Z" end-time="2019-04-14 15:47:11Z" duration="0.001756" asserts="9" />
      </test-suite>
      <test-suite type="TestFixture" id="0-1268" name="SpecSwitchRepeatExpr" fullname="Kaitai.SpecSwitchRepeatExpr" classname="Kaitai.SpecSwitchRepeatExpr" runstate="Runnable" testcasecount="1" result="Passed" start-time="2019-04-14 15:47:11Z" end-time="2019-04-14 15:47:11Z" duration="0.004969" total="1" passed="1" failed="0" inconclusive="0" skipped="0" asserts="3">
        <test-case id="0-1269" name="TestSwitchRepeatExpr" fullname="Kaitai.SpecSwitchRepeatExpr.TestSwitchRepeatExpr" methodname="TestSwitchRepeatExpr" classname="Kaitai.SpecSwitchRepeatExpr" runstate="Runnable" seed="924057025" result="Passed" start-time="2019-04-14 15:47:11Z" end-time="2019-04-14 15:47:11Z" duration="0.001656" asserts="3" />
      </test-suite>
      <test-suite type="TestFixture" id="0-1270" name="SpecTermBytes" fullname="Kaitai.SpecTermBytes" classname="Kaitai.SpecTermBytes" runstate="Runnable" testcasecount="1" result="Passed" start-time="2019-04-14 15:47:11Z" end-time="2019-04-14 15:47:11Z" duration="0.004006" total="1" passed="1" failed="0" inconclusive="0" skipped="0" asserts="3">
        <test-case id="0-1271" name="TestTermBytes" fullname="Kaitai.SpecTermBytes.TestTermBytes" methodname="TestTermBytes" classname="Kaitai.SpecTermBytes" runstate="Runnable" seed="1303905941" result="Passed" start-time="2019-04-14 15:47:11Z" end-time="2019-04-14 15:47:11Z" duration="0.000867" asserts="3" />
      </test-suite>
      <test-suite type="TestFixture" id="0-1272" name="SpecTermStrz" fullname="Kaitai.SpecTermStrz" classname="Kaitai.SpecTermStrz" runstate="Runnable" testcasecount="1" result="Passed" start-time="2019-04-14 15:47:11Z" end-time="2019-04-14 15:47:11Z" duration="0.004025" total="1" passed="1" failed="0" inconclusive="0" skipped="0" asserts="3">
        <test-case id="0-1273" name="TestTermStrz" fullname="Kaitai.SpecTermStrz.TestTermStrz" methodname="TestTermStrz" classname="Kaitai.SpecTermStrz" runstate="Runnable" seed="398814903" result="Passed" start-time="2019-04-14 15:47:11Z" end-time="2019-04-14 15:47:11Z" duration="0.000352" asserts="3" />
      </test-suite>
      <test-suite type="TestFixture" id="0-1274" name="SpecTsPacketHeader" fullname="Kaitai.SpecTsPacketHeader" classname="Kaitai.SpecTsPacketHeader" runstate="Runnable" testcasecount="1" result="Passed" start-time="2019-04-14 15:47:11Z" end-time="2019-04-14 15:47:11Z" duration="0.005013" total="1" passed="1" failed="0" inconclusive="0" skipped="0" asserts="7">
        <test-case id="0-1275" name="TestTsPacketHeader" fullname="Kaitai.SpecTsPacketHeader.TestTsPacketHeader" methodname="TestTsPacketHeader" classname="Kaitai.SpecTsPacketHeader" runstate="Runnable" seed="1851703129" result="Passed" start-time="2019-04-14 15:47:11Z" end-time="2019-04-14 15:47:11Z" duration="0.001422" asserts="7" />
      </test-suite>
      <test-suite type="TestFixture" id="0-1276" name="SpecTypeIntUnaryOp" fullname="Kaitai.SpecTypeIntUnaryOp" classname="Kaitai.SpecTypeIntUnaryOp" runstate="Runnable" testcasecount="1" result="Passed" start-time="2019-04-14 15:47:11Z" end-time="2019-04-14 15:47:11Z" duration="0.005005" total="1" passed="1" failed="0" inconclusive="0" skipped="0" asserts="4">
        <test-case id="0-1277" name="TestTypeIntUnaryOp" fullname="Kaitai.SpecTypeIntUnaryOp.TestTypeIntUnaryOp" methodname="TestTypeIntUnaryOp" classname="Kaitai.SpecTypeIntUnaryOp" runstate="Runnable" seed="416378549" result="Passed" start-time="2019-04-14 15:47:11Z" end-time="2019-04-14 15:47:11Z" duration="0.001246" asserts="4" />
      </test-suite>
      <test-suite type="TestFixture" id="0-1278" name="SpecTypeTernary" fullname="Kaitai.SpecTypeTernary" classname="Kaitai.SpecTypeTernary" runstate="Runnable" testcasecount="1" result="Passed" start-time="2019-04-14 15:47:11Z" end-time="2019-04-14 15:47:11Z" duration="0.005037" total="1" passed="1" failed="0" inconclusive="0" skipped="0" asserts="1">
        <test-case id="0-1279" name="TestTypeTernary" fullname="Kaitai.SpecTypeTernary.TestTypeTernary" methodname="TestTypeTernary" classname="Kaitai.SpecTypeTernary" runstate="Runnable" seed="800044636" result="Passed" start-time="2019-04-14 15:47:11Z" end-time="2019-04-14 15:47:11Z" duration="0.001219" asserts="1" />
      </test-suite>
      <test-suite type="TestFixture" id="0-1280" name="SpecTypeTernaryOpaque" fullname="Kaitai.SpecTypeTernaryOpaque" classname="Kaitai.SpecTypeTernaryOpaque" runstate="Runnable" testcasecount="1" result="Passed" start-time="2019-04-14 15:47:11Z" end-time="2019-04-14 15:47:11Z" duration="0.005010" total="1" passed="1" failed="0" inconclusive="0" skipped="0" asserts="3">
        <test-case id="0-1281" name="TestTypeTernaryOpaque" fullname="Kaitai.SpecTypeTernaryOpaque.TestTypeTernaryOpaque" methodname="TestTypeTernaryOpaque" classname="Kaitai.SpecTypeTernaryOpaque" runstate="Runnable" seed="703794494" result="Passed" start-time="2019-04-14 15:47:11Z" end-time="2019-04-14 15:47:11Z" duration="0.001076" asserts="3" />
      </test-suite>
      <test-suite type="TestFixture" id="0-1282" name="SpecUserType" fullname="Kaitai.SpecUserType" classname="Kaitai.SpecUserType" runstate="Runnable" testcasecount="1" result="Passed" start-time="2019-04-14 15:47:11Z" end-time="2019-04-14 15:47:11Z" duration="0.003983" total="1" passed="1" failed="0" inconclusive="0" skipped="0" asserts="2">
        <test-case id="0-1283" name="TestUserType" fullname="Kaitai.SpecUserType.TestUserType" methodname="TestUserType" classname="Kaitai.SpecUserType" runstate="Runnable" seed="790307177" result="Passed" start-time="2019-04-14 15:47:11Z" end-time="2019-04-14 15:47:11Z" duration="0.000930" asserts="2" />
      </test-suite>
      <test-suite type="TestFixture" id="0-1284" name="SpecZlibWithHeader78" fullname="Kaitai.SpecZlibWithHeader78" classname="Kaitai.SpecZlibWithHeader78" runstate="Runnable" testcasecount="1" result="Passed" start-time="2019-04-14 15:47:11Z" end-time="2019-04-14 15:47:11Z" duration="0.023973" total="1" passed="1" failed="0" inconclusive="0" skipped="0" asserts="1">
        <test-case id="0-1285" name="TestZlibWithHeader78" fullname="Kaitai.SpecZlibWithHeader78.TestZlibWithHeader78" methodname="TestZlibWithHeader78" classname="Kaitai.SpecZlibWithHeader78" runstate="Runnable" seed="1232673758" result="Passed" start-time="2019-04-14 15:47:11Z" end-time="2019-04-14 15:47:11Z" duration="0.020890" asserts="1" />
      </test-suite>
    </test-suite>
  </test-suite>
</test-run>