<?xml version="1.0" encoding="utf-8" standalone="no"?>
<test-run id="0" runstate="Runnable" testcasecount="255" result="Failed" total="255" passed="254" failed="1" warnings="0" inconclusive="0" skipped="0" asserts="1140" engine-version="3.19.0.0" clr-version="4.0.30319.42000" start-time="2026-03-09 18:18:52Z" end-time="2026-03-09 18:18:54Z" duration="2.357530">
  <command-line><![CDATA[C:\Users\runneradmin\.nuget\packages\nunit.consolerunner\3.19.0\tools\nunit3-console.exe --result=test_out/csharp/TestResult.xml spec/csharp/kaitai_struct_csharp_tests_netframework/bin/Debug/kaitai_struct_csharp_tests.dll]]></command-line>
  <test-suite type="Assembly" id="1-1510" name="kaitai_struct_csharp_tests.dll" fullname="D:\a\ci_targets\ci_targets\tests\spec\csharp\kaitai_struct_csharp_tests_netframework\bin\Debug\kaitai_struct_csharp_tests.dll" runstate="Runnable" testcasecount="255" result="Failed" site="Child" start-time="2026-03-09T18:18:53.8700147Z" end-time="2026-03-09T18:18:54.4904126Z" duration="0.620673" total="255" passed="254" failed="1" warnings="0" inconclusive="0" skipped="0" asserts="1140">
    <environment framework-version="3.14.0.0" clr-version="4.0.30319.42000" os-version="Microsoft Windows NT 10.0.26100.0" platform="Win32NT" cwd="D:\a\ci_targets\ci_targets\tests" machine-name="runnervmkjq7x" user="runneradmin" user-domain="runnervmkjq7x" culture="en-US" uiculture="en-US" os-architecture="x64" />
    <settings>
      <setting name="DisposeRunners" value="True" />
      <setting name="WorkDirectory" value="D:\a\ci_targets\ci_targets\tests" />
      <setting name="ImageRuntimeVersion" value="4.0.30319" />
      <setting name="ImageTargetFrameworkName" value=".NETFramework,Version=v4.8" />
      <setting name="ImageRequiresX86" value="False" />
      <setting name="ImageRequiresDefaultAppDomainAssemblyResolver" value="False" />
      <setting name="TargetRuntimeFramework" value="net-4.8" />
      <setting name="NumberOfTestWorkers" value="4" />
    </settings>
    <properties>
      <property name="_PID" value="3632" />
      <property name="_APPDOMAIN" value="domain-" />
    </properties>
    <failure>
      <message><![CDATA[One or more child tests had errors]]></message>
    </failure>
    <test-suite type="TestSuite" id="1-1511" name="Kaitai" fullname="Kaitai" runstate="Runnable" testcasecount="255" result="Failed" site="Child" start-time="2026-03-09T18:18:53.8859253Z" end-time="2026-03-09T18:18:54.4904126Z" duration="0.605892" total="255" passed="254" failed="1" warnings="0" inconclusive="0" skipped="0" asserts="1140">
      <failure>
        <message><![CDATA[One or more child tests had errors]]></message>
      </failure>
      <test-suite type="TestFixture" id="1-1000" name="SpecBcdUserTypeBe" fullname="Kaitai.SpecBcdUserTypeBe" classname="Kaitai.SpecBcdUserTypeBe" runstate="Runnable" testcasecount="1" result="Passed" start-time="2026-03-09T18:18:53.8884699Z" end-time="2026-03-09T18:18:54.0127365Z" duration="0.123858" total="1" passed="1" failed="0" warnings="0" inconclusive="0" skipped="0" asserts="6">
        <test-case id="1-1001" name="TestBcdUserTypeBe" fullname="Kaitai.SpecBcdUserTypeBe.TestBcdUserTypeBe" methodname="TestBcdUserTypeBe" classname="Kaitai.SpecBcdUserTypeBe" runstate="Runnable" seed="89413018" result="Passed" start-time="2026-03-09T18:18:53.8919905Z" end-time="2026-03-09T18:18:54.0069148Z" duration="0.116185" asserts="6" />
      </test-suite>
      <test-suite type="TestFixture" id="1-1002" name="SpecBcdUserTypeLe" fullname="Kaitai.SpecBcdUserTypeLe" classname="Kaitai.SpecBcdUserTypeLe" runstate="Runnable" testcasecount="1" result="Passed" start-time="2026-03-09T18:18:54.0147969Z" end-time="2026-03-09T18:18:54.0188321Z" duration="0.004480" total="1" passed="1" failed="0" warnings="0" inconclusive="0" skipped="0" asserts="6">
        <test-case id="1-1003" name="TestBcdUserTypeLe" fullname="Kaitai.SpecBcdUserTypeLe.TestBcdUserTypeLe" methodname="TestBcdUserTypeLe" classname="Kaitai.SpecBcdUserTypeLe" runstate="Runnable" seed="943431924" result="Passed" start-time="2026-03-09T18:18:54.0147969Z" end-time="2026-03-09T18:18:54.0188321Z" duration="0.004301" asserts="6" />
      </test-suite>
      <test-suite type="TestFixture" id="1-1004" name="SpecBitsByteAligned" fullname="Kaitai.SpecBitsByteAligned" classname="Kaitai.SpecBitsByteAligned" runstate="Runnable" testcasecount="1" result="Passed" start-time="2026-03-09T18:18:54.0188321Z" end-time="2026-03-09T18:18:54.0305996Z" duration="0.012818" total="1" passed="1" failed="0" warnings="0" inconclusive="0" skipped="0" asserts="9">
        <test-case id="1-1005" name="TestBitsByteAligned" fullname="Kaitai.SpecBitsByteAligned.TestBitsByteAligned" methodname="TestBitsByteAligned" classname="Kaitai.SpecBitsByteAligned" runstate="Runnable" seed="27321464" result="Passed" start-time="2026-03-09T18:18:54.0188321Z" end-time="2026-03-09T18:18:54.0305996Z" duration="0.012691" asserts="9" />
      </test-suite>
      <test-suite type="TestFixture" id="1-1006" name="SpecBitsEnum" fullname="Kaitai.SpecBitsEnum" classname="Kaitai.SpecBitsEnum" runstate="Runnable" testcasecount="1" result="Passed" start-time="2026-03-09T18:18:54.0305996Z" end-time="2026-03-09T18:18:54.0326275Z" duration="0.000748" total="1" passed="1" failed="0" warnings="0" inconclusive="0" skipped="0" asserts="3">
        <test-case id="1-1007" name="TestBitsEnum" fullname="Kaitai.SpecBitsEnum.TestBitsEnum" methodname="TestBitsEnum" classname="Kaitai.SpecBitsEnum" runstate="Runnable" seed="664469308" result="Passed" start-time="2026-03-09T18:18:54.0305996Z" end-time="2026-03-09T18:18:54.0326275Z" duration="0.000652" asserts="3" />
      </test-suite>
      <test-suite type="TestFixture" id="1-1008" name="SpecBitsSeqEndianCombo" fullname="Kaitai.SpecBitsSeqEndianCombo" classname="Kaitai.SpecBitsSeqEndianCombo" runstate="Runnable" testcasecount="1" result="Passed" start-time="2026-03-09T18:18:54.0326275Z" end-time="2026-03-09T18:18:54.0326275Z" duration="0.001561" total="1" passed="1" failed="0" warnings="0" inconclusive="0" skipped="0" asserts="8">
        <test-case id="1-1009" name="TestBitsSeqEndianCombo" fullname="Kaitai.SpecBitsSeqEndianCombo.TestBitsSeqEndianCombo" methodname="TestBitsSeqEndianCombo" classname="Kaitai.SpecBitsSeqEndianCombo" runstate="Runnable" seed="2080764016" result="Passed" start-time="2026-03-09T18:18:54.0326275Z" end-time="2026-03-09T18:18:54.0326275Z" duration="0.001469" asserts="8" />
      </test-suite>
      <test-suite type="TestFixture" id="1-1010" name="SpecBitsShiftByB32Le" fullname="Kaitai.SpecBitsShiftByB32Le" classname="Kaitai.SpecBitsShiftByB32Le" runstate="Runnable" testcasecount="1" result="Passed" start-time="2026-03-09T18:18:54.0326275Z" end-time="2026-03-09T18:18:54.0346619Z" duration="0.000834" total="1" passed="1" failed="0" warnings="0" inconclusive="0" skipped="0" asserts="2">
        <test-case id="1-1011" name="TestBitsShiftByB32Le" fullname="Kaitai.SpecBitsShiftByB32Le.TestBitsShiftByB32Le" methodname="TestBitsShiftByB32Le" classname="Kaitai.SpecBitsShiftByB32Le" runstate="Runnable" seed="543021730" result="Passed" start-time="2026-03-09T18:18:54.0346619Z" end-time="2026-03-09T18:18:54.0346619Z" duration="0.000677" asserts="2" />
      </test-suite>
      <test-suite type="TestFixture" id="1-1012" name="SpecBitsShiftByB64Le" fullname="Kaitai.SpecBitsShiftByB64Le" classname="Kaitai.SpecBitsShiftByB64Le" runstate="Runnable" testcasecount="1" result="Passed" start-time="2026-03-09T18:18:54.0346619Z" end-time="2026-03-09T18:18:54.0346619Z" duration="0.000550" total="1" passed="1" failed="0" warnings="0" inconclusive="0" skipped="0" asserts="2">
        <test-case id="1-1013" name="TestBitsShiftByB64Le" fullname="Kaitai.SpecBitsShiftByB64Le.TestBitsShiftByB64Le" methodname="TestBitsShiftByB64Le" classname="Kaitai.SpecBitsShiftByB64Le" runstate="Runnable" seed="1728774498" result="Passed" start-time="2026-03-09T18:18:54.0346619Z" end-time="2026-03-09T18:18:54.0346619Z" duration="0.000460" asserts="2" />
      </test-suite>
      <test-suite type="TestFixture" id="1-1014" name="SpecBitsSignedResB32Be" fullname="Kaitai.SpecBitsSignedResB32Be" classname="Kaitai.SpecBitsSignedResB32Be" runstate="Runnable" testcasecount="1" result="Passed" start-time="2026-03-09T18:18:54.0346619Z" end-time="2026-03-09T18:18:54.0346619Z" duration="0.000486" total="1" passed="1" failed="0" warnings="0" inconclusive="0" skipped="0" asserts="1">
        <test-case id="1-1015" name="TestBitsSignedResB32Be" fullname="Kaitai.SpecBitsSignedResB32Be.TestBitsSignedResB32Be" methodname="TestBitsSignedResB32Be" classname="Kaitai.SpecBitsSignedResB32Be" runstate="Runnable" seed="125168004" result="Passed" start-time="2026-03-09T18:18:54.0346619Z" end-time="2026-03-09T18:18:54.0346619Z" duration="0.000394" asserts="1" />
      </test-suite>
      <test-suite type="TestFixture" id="1-1016" name="SpecBitsSignedResB32Le" fullname="Kaitai.SpecBitsSignedResB32Le" classname="Kaitai.SpecBitsSignedResB32Le" runstate="Runnable" testcasecount="1" result="Passed" start-time="2026-03-09T18:18:54.0346619Z" end-time="2026-03-09T18:18:54.0366887Z" duration="0.000515" total="1" passed="1" failed="0" warnings="0" inconclusive="0" skipped="0" asserts="1">
        <test-case id="1-1017" name="TestBitsSignedResB32Le" fullname="Kaitai.SpecBitsSignedResB32Le.TestBitsSignedResB32Le" methodname="TestBitsSignedResB32Le" classname="Kaitai.SpecBitsSignedResB32Le" runstate="Runnable" seed="1030055613" result="Passed" start-time="2026-03-09T18:18:54.0346619Z" end-time="2026-03-09T18:18:54.0366887Z" duration="0.000426" asserts="1" />
      </test-suite>
      <test-suite type="TestFixture" id="1-1018" name="SpecBitsSignedShiftB32Le" fullname="Kaitai.SpecBitsSignedShiftB32Le" classname="Kaitai.SpecBitsSignedShiftB32Le" runstate="Runnable" testcasecount="1" result="Passed" start-time="2026-03-09T18:18:54.0366887Z" end-time="2026-03-09T18:18:54.0366887Z" duration="0.000536" total="1" passed="1" failed="0" warnings="0" inconclusive="0" skipped="0" asserts="2">
        <test-case id="1-1019" name="TestBitsSignedShiftB32Le" fullname="Kaitai.SpecBitsSignedShiftB32Le.TestBitsSignedShiftB32Le" methodname="TestBitsSignedShiftB32Le" classname="Kaitai.SpecBitsSignedShiftB32Le" runstate="Runnable" seed="1039710225" result="Passed" start-time="2026-03-09T18:18:54.0366887Z" end-time="2026-03-09T18:18:54.0366887Z" duration="0.000442" asserts="2" />
      </test-suite>
      <test-suite type="TestFixture" id="1-1020" name="SpecBitsSignedShiftB64Le" fullname="Kaitai.SpecBitsSignedShiftB64Le" classname="Kaitai.SpecBitsSignedShiftB64Le" runstate="Runnable" testcasecount="1" result="Passed" start-time="2026-03-09T18:18:54.0366887Z" end-time="2026-03-09T18:18:54.0366887Z" duration="0.000522" total="1" passed="1" failed="0" warnings="0" inconclusive="0" skipped="0" asserts="2">
        <test-case id="1-1021" name="TestBitsSignedShiftB64Le" fullname="Kaitai.SpecBitsSignedShiftB64Le.TestBitsSignedShiftB64Le" methodname="TestBitsSignedShiftB64Le" classname="Kaitai.SpecBitsSignedShiftB64Le" runstate="Runnable" seed="887406587" result="Passed" start-time="2026-03-09T18:18:54.0366887Z" end-time="2026-03-09T18:18:54.0366887Z" duration="0.000434" asserts="2" />
      </test-suite>
      <test-suite type="TestFixture" id="1-1022" name="SpecBitsSimple" fullname="Kaitai.SpecBitsSimple" classname="Kaitai.SpecBitsSimple" runstate="Runnable" testcasecount="1" result="Passed" start-time="2026-03-09T18:18:54.0366887Z" end-time="2026-03-09T18:18:54.0387152Z" duration="0.001759" total="1" passed="1" failed="0" warnings="0" inconclusive="0" skipped="0" asserts="14">
        <test-case id="1-1023" name="TestBitsSimple" fullname="Kaitai.SpecBitsSimple.TestBitsSimple" methodname="TestBitsSimple" classname="Kaitai.SpecBitsSimple" runstate="Runnable" seed="177480921" result="Passed" start-time="2026-03-09T18:18:54.0366887Z" end-time="2026-03-09T18:18:54.0387152Z" duration="0.001671" asserts="14" />
      </test-suite>
      <test-suite type="TestFixture" id="1-1024" name="SpecBitsSimpleLe" fullname="Kaitai.SpecBitsSimpleLe" classname="Kaitai.SpecBitsSimpleLe" runstate="Runnable" testcasecount="1" result="Passed" start-time="2026-03-09T18:18:54.0387152Z" end-time="2026-03-09T18:18:54.0407366Z" duration="0.001814" total="1" passed="1" failed="0" warnings="0" inconclusive="0" skipped="0" asserts="14">
        <test-case id="1-1025" name="TestBitsSimpleLe" fullname="Kaitai.SpecBitsSimpleLe.TestBitsSimpleLe" methodname="TestBitsSimpleLe" classname="Kaitai.SpecBitsSimpleLe" runstate="Runnable" seed="1962330016" result="Passed" start-time="2026-03-09T18:18:54.0387152Z" end-time="2026-03-09T18:18:54.0407366Z" duration="0.001718" asserts="14" />
      </test-suite>
      <test-suite type="TestFixture" id="1-1026" name="SpecBitsUnalignedB32Be" fullname="Kaitai.SpecBitsUnalignedB32Be" classname="Kaitai.SpecBitsUnalignedB32Be" runstate="Runnable" testcasecount="1" result="Passed" start-time="2026-03-09T18:18:54.0407366Z" end-time="2026-03-09T18:18:54.0407366Z" duration="0.000666" total="1" passed="1" failed="0" warnings="0" inconclusive="0" skipped="0" asserts="3">
        <test-case id="1-1027" name="TestBitsUnalignedB32Be" fullname="Kaitai.SpecBitsUnalignedB32Be.TestBitsUnalignedB32Be" methodname="TestBitsUnalignedB32Be" classname="Kaitai.SpecBitsUnalignedB32Be" runstate="Runnable" seed="1302775457" result="Passed" start-time="2026-03-09T18:18:54.0407366Z" end-time="2026-03-09T18:18:54.0407366Z" duration="0.000574" asserts="3" />
      </test-suite>
      <test-suite type="TestFixture" id="1-1028" name="SpecBitsUnalignedB32Le" fullname="Kaitai.SpecBitsUnalignedB32Le" classname="Kaitai.SpecBitsUnalignedB32Le" runstate="Runnable" testcasecount="1" result="Passed" start-time="2026-03-09T18:18:54.0407366Z" end-time="2026-03-09T18:18:54.0425147Z" duration="0.000771" total="1" passed="1" failed="0" warnings="0" inconclusive="0" skipped="0" asserts="3">
        <test-case id="1-1029" name="TestBitsUnalignedB32Le" fullname="Kaitai.SpecBitsUnalignedB32Le.TestBitsUnalignedB32Le" methodname="TestBitsUnalignedB32Le" classname="Kaitai.SpecBitsUnalignedB32Le" runstate="Runnable" seed="897860403" result="Passed" start-time="2026-03-09T18:18:54.0407366Z" end-time="2026-03-09T18:18:54.0425147Z" duration="0.000683" asserts="3" />
      </test-suite>
      <test-suite type="TestFixture" id="1-1030" name="SpecBitsUnalignedB64Be" fullname="Kaitai.SpecBitsUnalignedB64Be" classname="Kaitai.SpecBitsUnalignedB64Be" runstate="Runnable" testcasecount="1" result="Passed" start-time="2026-03-09T18:18:54.0425147Z" end-time="2026-03-09T18:18:54.0425147Z" duration="0.000765" total="1" passed="1" failed="0" warnings="0" inconclusive="0" skipped="0" asserts="3">
        <test-case id="1-1031" name="TestBitsUnalignedB64Be" fullname="Kaitai.SpecBitsUnalignedB64Be.TestBitsUnalignedB64Be" methodname="TestBitsUnalignedB64Be" classname="Kaitai.SpecBitsUnalignedB64Be" runstate="Runnable" seed="40831578" result="Passed" start-time="2026-03-09T18:18:54.0425147Z" end-time="2026-03-09T18:18:54.0425147Z" duration="0.000675" asserts="3" />
      </test-suite>
      <test-suite type="TestFixture" id="1-1032" name="SpecBitsUnalignedB64Le" fullname="Kaitai.SpecBitsUnalignedB64Le" classname="Kaitai.SpecBitsUnalignedB64Le" runstate="Runnable" testcasecount="1" result="Passed" start-time="2026-03-09T18:18:54.0425147Z" end-time="2026-03-09T18:18:54.0445411Z" duration="0.000712" total="1" passed="1" failed="0" warnings="0" inconclusive="0" skipped="0" asserts="3">
        <test-case id="1-1033" name="TestBitsUnalignedB64Le" fullname="Kaitai.SpecBitsUnalignedB64Le.TestBitsUnalignedB64Le" methodname="TestBitsUnalignedB64Le" classname="Kaitai.SpecBitsUnalignedB64Le" runstate="Runnable" seed="507957092" result="Passed" start-time="2026-03-09T18:18:54.0425147Z" end-time="2026-03-09T18:18:54.0445411Z" duration="0.000623" asserts="3" />
      </test-suite>
      <test-suite type="TestFixture" id="1-1034" name="SpecBufferedStruct" fullname="Kaitai.SpecBufferedStruct" classname="Kaitai.SpecBufferedStruct" runstate="Runnable" testcasecount="1" result="Passed" start-time="2026-03-09T18:18:54.0445411Z" end-time="2026-03-09T18:18:54.0445411Z" duration="0.001608" total="1" passed="1" failed="0" warnings="0" inconclusive="0" skipped="0" asserts="7">
        <test-case id="1-1035" name="TestBufferedStruct" fullname="Kaitai.SpecBufferedStruct.TestBufferedStruct" methodname="TestBufferedStruct" classname="Kaitai.SpecBufferedStruct" runstate="Runnable" seed="402968097" result="Passed" start-time="2026-03-09T18:18:54.0445411Z" end-time="2026-03-09T18:18:54.0445411Z" duration="0.001514" asserts="7" />
      </test-suite>
      <test-suite type="TestFixture" id="1-1036" name="SpecBytesPadTerm" fullname="Kaitai.SpecBytesPadTerm" classname="Kaitai.SpecBytesPadTerm" runstate="Runnable" testcasecount="1" result="Passed" start-time="2026-03-09T18:18:54.0445411Z" end-time="2026-03-09T18:18:54.0465687Z" duration="0.002205" total="1" passed="1" failed="0" warnings="0" inconclusive="0" skipped="0" asserts="4">
        <test-case id="1-1037" name="TestBytesPadTerm" fullname="Kaitai.SpecBytesPadTerm.TestBytesPadTerm" methodname="TestBytesPadTerm" classname="Kaitai.SpecBytesPadTerm" runstate="Runnable" seed="661194466" result="Passed" start-time="2026-03-09T18:18:54.0445411Z" end-time="2026-03-09T18:18:54.0465687Z" duration="0.002101" asserts="4" />
      </test-suite>
      <test-suite type="TestFixture" id="1-1038" name="SpecCastNested" fullname="Kaitai.SpecCastNested" classname="Kaitai.SpecCastNested" runstate="Runnable" testcasecount="1" result="Passed" start-time="2026-03-09T18:18:54.0465687Z" end-time="2026-03-09T18:18:54.0506228Z" duration="0.002416" total="1" passed="1" failed="0" warnings="0" inconclusive="0" skipped="0" asserts="4">
        <test-case id="1-1039" name="TestCastNested" fullname="Kaitai.SpecCastNested.TestCastNested" methodname="TestCastNested" classname="Kaitai.SpecCastNested" runstate="Runnable" seed="708225378" result="Passed" start-time="2026-03-09T18:18:54.0485966Z" end-time="2026-03-09T18:18:54.0506228Z" duration="0.002279" asserts="4" />
      </test-suite>
      <test-suite type="TestFixture" id="1-1040" name="SpecCastToTop" fullname="Kaitai.SpecCastToTop" classname="Kaitai.SpecCastToTop" runstate="Runnable" testcasecount="1" result="Passed" start-time="2026-03-09T18:18:54.0506228Z" end-time="2026-03-09T18:18:54.0506228Z" duration="0.000867" total="1" passed="1" failed="0" warnings="0" inconclusive="0" skipped="0" asserts="3">
        <test-case id="1-1041" name="TestCastToTop" fullname="Kaitai.SpecCastToTop.TestCastToTop" methodname="TestCastToTop" classname="Kaitai.SpecCastToTop" runstate="Runnable" seed="390439604" result="Passed" start-time="2026-03-09T18:18:54.0506228Z" end-time="2026-03-09T18:18:54.0506228Z" duration="0.000774" asserts="3" />
      </test-suite>
      <test-suite type="TestFixture" id="1-1042" name="SpecCombineBool" fullname="Kaitai.SpecCombineBool" classname="Kaitai.SpecCombineBool" runstate="Runnable" testcasecount="1" result="Passed" start-time="2026-03-09T18:18:54.0506228Z" end-time="2026-03-09T18:18:54.0506228Z" duration="0.000651" total="1" passed="1" failed="0" warnings="0" inconclusive="0" skipped="0" asserts="2">
        <test-case id="1-1043" name="TestCombineBool" fullname="Kaitai.SpecCombineBool.TestCombineBool" methodname="TestCombineBool" classname="Kaitai.SpecCombineBool" runstate="Runnable" seed="1956238781" result="Passed" start-time="2026-03-09T18:18:54.0506228Z" end-time="2026-03-09T18:18:54.0506228Z" duration="0.000562" asserts="2" />
      </test-suite>
      <test-suite type="TestFixture" id="1-1044" name="SpecCombineBytes" fullname="Kaitai.SpecCombineBytes" classname="Kaitai.SpecCombineBytes" runstate="Runnable" testcasecount="1" result="Passed" start-time="2026-03-09T18:18:54.0506228Z" end-time="2026-03-09T18:18:54.0526495Z" duration="0.001665" total="1" passed="1" failed="0" warnings="0" inconclusive="0" skipped="0" asserts="10">
        <test-case id="1-1045" name="TestCombineBytes" fullname="Kaitai.SpecCombineBytes.TestCombineBytes" methodname="TestCombineBytes" classname="Kaitai.SpecCombineBytes" runstate="Runnable" seed="1418102911" result="Passed" start-time="2026-03-09T18:18:54.0506228Z" end-time="2026-03-09T18:18:54.0526495Z" duration="0.001576" asserts="10" />
      </test-suite>
      <test-suite type="TestFixture" id="1-1046" name="SpecCombineEnum" fullname="Kaitai.SpecCombineEnum" classname="Kaitai.SpecCombineEnum" runstate="Runnable" testcasecount="1" result="Passed" start-time="2026-03-09T18:18:54.0526495Z" end-time="2026-03-09T18:18:54.0546761Z" duration="0.000792" total="1" passed="1" failed="0" warnings="0" inconclusive="0" skipped="0" asserts="3">
        <test-case id="1-1047" name="TestCombineEnum" fullname="Kaitai.SpecCombineEnum.TestCombineEnum" methodname="TestCombineEnum" classname="Kaitai.SpecCombineEnum" runstate="Runnable" seed="469897874" result="Passed" start-time="2026-03-09T18:18:54.0526495Z" end-time="2026-03-09T18:18:54.0546761Z" duration="0.000702" asserts="3" />
      </test-suite>
      <test-suite type="TestFixture" id="1-1048" name="SpecCombineStr" fullname="Kaitai.SpecCombineStr" classname="Kaitai.SpecCombineStr" runstate="Runnable" testcasecount="1" result="Passed" start-time="2026-03-09T18:18:54.0546761Z" end-time="2026-03-09T18:18:54.0546761Z" duration="0.001617" total="1" passed="1" failed="0" warnings="0" inconclusive="0" skipped="0" asserts="15">
        <test-case id="1-1049" name="TestCombineStr" fullname="Kaitai.SpecCombineStr.TestCombineStr" methodname="TestCombineStr" classname="Kaitai.SpecCombineStr" runstate="Runnable" seed="952049489" result="Passed" start-time="2026-03-09T18:18:54.0546761Z" end-time="2026-03-09T18:18:54.0546761Z" duration="0.001527" asserts="15" />
      </test-suite>
      <test-suite type="TestFixture" id="1-1050" name="SpecDebug0" fullname="Kaitai.SpecDebug0" classname="Kaitai.SpecDebug0" runstate="Runnable" testcasecount="1" result="Passed" start-time="2026-03-09T18:18:54.0546761Z" end-time="2026-03-09T18:18:54.0567038Z" duration="0.000899" total="1" passed="1" failed="0" warnings="0" inconclusive="0" skipped="0" asserts="6">
        <test-case id="1-1051" name="TestDebug0" fullname="Kaitai.SpecDebug0.TestDebug0" methodname="TestDebug0" classname="Kaitai.SpecDebug0" runstate="Runnable" seed="1165640328" result="Passed" start-time="2026-03-09T18:18:54.0567038Z" end-time="2026-03-09T18:18:54.0567038Z" duration="0.000755" asserts="6" />
      </test-suite>
      <test-suite type="TestFixture" id="1-1052" name="SpecDebugArrayUser" fullname="Kaitai.SpecDebugArrayUser" classname="Kaitai.SpecDebugArrayUser" runstate="Runnable" testcasecount="1" result="Passed" start-time="2026-03-09T18:18:54.0567038Z" end-time="2026-03-09T18:18:54.0584807Z" duration="0.001245" total="1" passed="1" failed="0" warnings="0" inconclusive="0" skipped="0" asserts="5">
        <test-case id="1-1053" name="TestDebugArrayUser" fullname="Kaitai.SpecDebugArrayUser.TestDebugArrayUser" methodname="TestDebugArrayUser" classname="Kaitai.SpecDebugArrayUser" runstate="Runnable" seed="845949459" result="Passed" start-time="2026-03-09T18:18:54.0567038Z" end-time="2026-03-09T18:18:54.0584807Z" duration="0.001155" asserts="5" />
      </test-suite>
      <test-suite type="TestFixture" id="1-1054" name="SpecDebugArrayUserCurrentExcluded" fullname="Kaitai.SpecDebugArrayUserCurrentExcluded" classname="Kaitai.SpecDebugArrayUserCurrentExcluded" runstate="Runnable" testcasecount="1" result="Passed" start-time="2026-03-09T18:18:54.0584807Z" end-time="2026-03-09T18:18:54.0590065Z" duration="0.001014" total="1" passed="1" failed="0" warnings="0" inconclusive="0" skipped="0" asserts="3">
        <test-case id="1-1055" name="TestDebugArrayUserCurrentExcluded" fullname="Kaitai.SpecDebugArrayUserCurrentExcluded.TestDebugArrayUserCurrentExcluded" methodname="TestDebugArrayUserCurrentExcluded" classname="Kaitai.SpecDebugArrayUserCurrentExcluded" runstate="Runnable" seed="238685482" result="Passed" start-time="2026-03-09T18:18:54.0584807Z" end-time="2026-03-09T18:18:54.0590065Z" duration="0.000921" asserts="3" />
      </test-suite>
      <test-suite type="TestFixture" id="1-1056" name="SpecDebugArrayUserEofException" fullname="Kaitai.SpecDebugArrayUserEofException" classname="Kaitai.SpecDebugArrayUserEofException" runstate="Runnable" testcasecount="1" result="Passed" start-time="2026-03-09T18:18:54.0590065Z" end-time="2026-03-09T18:18:54.0711568Z" duration="0.012252" total="1" passed="1" failed="0" warnings="0" inconclusive="0" skipped="0" asserts="9">
        <test-case id="1-1057" name="TestDebugArrayUserEofException" fullname="Kaitai.SpecDebugArrayUserEofException.TestDebugArrayUserEofException" methodname="TestDebugArrayUserEofException" classname="Kaitai.SpecDebugArrayUserEofException" runstate="Runnable" seed="463699693" result="Passed" start-time="2026-03-09T18:18:54.0590065Z" end-time="2026-03-09T18:18:54.0711568Z" duration="0.012131" asserts="9" />
      </test-suite>
      <test-suite type="TestFixture" id="1-1058" name="SpecDebugSwitchUser" fullname="Kaitai.SpecDebugSwitchUser" classname="Kaitai.SpecDebugSwitchUser" runstate="Runnable" testcasecount="1" result="Passed" start-time="2026-03-09T18:18:54.0711568Z" end-time="2026-03-09T18:18:54.0726220Z" duration="0.001004" total="1" passed="1" failed="0" warnings="0" inconclusive="0" skipped="0" asserts="2">
        <test-case id="1-1059" name="TestDebugSwitchUser" fullname="Kaitai.SpecDebugSwitchUser.TestDebugSwitchUser" methodname="TestDebugSwitchUser" classname="Kaitai.SpecDebugSwitchUser" runstate="Runnable" seed="451398655" result="Passed" start-time="2026-03-09T18:18:54.0711568Z" end-time="2026-03-09T18:18:54.0726220Z" duration="0.000889" asserts="2" />
      </test-suite>
      <test-suite type="TestFixture" id="1-1060" name="SpecDefaultBigEndian" fullname="Kaitai.SpecDefaultBigEndian" classname="Kaitai.SpecDefaultBigEndian" runstate="Runnable" testcasecount="1" result="Passed" start-time="2026-03-09T18:18:54.0726220Z" end-time="2026-03-09T18:18:54.0731836Z" duration="0.000549" total="1" passed="1" failed="0" warnings="0" inconclusive="0" skipped="0" asserts="1">
        <test-case id="1-1061" name="TestDefaultBigEndian" fullname="Kaitai.SpecDefaultBigEndian.TestDefaultBigEndian" methodname="TestDefaultBigEndian" classname="Kaitai.SpecDefaultBigEndian" runstate="Runnable" seed="886797459" result="Passed" start-time="2026-03-09T18:18:54.0726220Z" end-time="2026-03-09T18:18:54.0731836Z" duration="0.000453" asserts="1" />
      </test-suite>
      <test-suite type="TestFixture" id="1-1062" name="SpecDefaultBitEndianMod" fullname="Kaitai.SpecDefaultBitEndianMod" classname="Kaitai.SpecDefaultBitEndianMod" runstate="Runnable" testcasecount="1" result="Passed" start-time="2026-03-09T18:18:54.0731836Z" end-time="2026-03-09T18:18:54.0747358Z" duration="0.001217" total="1" passed="1" failed="0" warnings="0" inconclusive="0" skipped="0" asserts="4">
        <test-case id="1-1063" name="TestDefaultBitEndianMod" fullname="Kaitai.SpecDefaultBitEndianMod.TestDefaultBitEndianMod" methodname="TestDefaultBitEndianMod" classname="Kaitai.SpecDefaultBitEndianMod" runstate="Runnable" seed="475410641" result="Passed" start-time="2026-03-09T18:18:54.0731836Z" end-time="2026-03-09T18:18:54.0747358Z" duration="0.001128" asserts="4" />
      </test-suite>
      <test-suite type="TestFixture" id="1-1064" name="SpecDefaultEndianExprException" fullname="Kaitai.SpecDefaultEndianExprException" classname="Kaitai.SpecDefaultEndianExprException" runstate="Runnable" testcasecount="1" result="Passed" start-time="2026-03-09T18:18:54.0747358Z" end-time="2026-03-09T18:18:54.0764091Z" duration="0.001717" total="1" passed="1" failed="0" warnings="0" inconclusive="0" skipped="0" asserts="1">
        <test-case id="1-1065" name="TestDefaultEndianExprException" fullname="Kaitai.SpecDefaultEndianExprException.TestDefaultEndianExprException" methodname="TestDefaultEndianExprException" classname="Kaitai.SpecDefaultEndianExprException" runstate="Runnable" seed="180240019" result="Passed" start-time="2026-03-09T18:18:54.0747358Z" end-time="2026-03-09T18:18:54.0764091Z" duration="0.001628" asserts="1" />
      </test-suite>
      <test-suite type="TestFixture" id="1-1066" name="SpecDefaultEndianExprInherited" fullname="Kaitai.SpecDefaultEndianExprInherited" classname="Kaitai.SpecDefaultEndianExprInherited" runstate="Runnable" testcasecount="1" result="Passed" start-time="2026-03-09T18:18:54.0764091Z" end-time="2026-03-09T18:18:54.0790183Z" duration="0.003522" total="1" passed="1" failed="0" warnings="0" inconclusive="0" skipped="0" asserts="15">
        <test-case id="1-1067" name="TestDefaultEndianExprInherited" fullname="Kaitai.SpecDefaultEndianExprInherited.TestDefaultEndianExprInherited" methodname="TestDefaultEndianExprInherited" classname="Kaitai.SpecDefaultEndianExprInherited" runstate="Runnable" seed="1879205514" result="Passed" start-time="2026-03-09T18:18:54.0764091Z" end-time="2026-03-09T18:18:54.0790183Z" duration="0.003428" asserts="15" />
      </test-suite>
      <test-suite type="TestFixture" id="1-1068" name="SpecDefaultEndianExprIsBe" fullname="Kaitai.SpecDefaultEndianExprIsBe" classname="Kaitai.SpecDefaultEndianExprIsBe" runstate="Runnable" testcasecount="1" result="Passed" start-time="2026-03-09T18:18:54.0790183Z" end-time="2026-03-09T18:18:54.0830648Z" duration="0.003983" total="1" passed="1" failed="0" warnings="0" inconclusive="0" skipped="0" asserts="18">
        <test-case id="1-1069" name="TestDefaultEndianExprIsBe" fullname="Kaitai.SpecDefaultEndianExprIsBe.TestDefaultEndianExprIsBe" methodname="TestDefaultEndianExprIsBe" classname="Kaitai.SpecDefaultEndianExprIsBe" runstate="Runnable" seed="363653176" result="Passed" start-time="2026-03-09T18:18:54.0790183Z" end-time="2026-03-09T18:18:54.0830648Z" duration="0.003863" asserts="18" />
      </test-suite>
      <test-suite type="TestFixture" id="1-1070" name="SpecDefaultEndianExprIsLe" fullname="Kaitai.SpecDefaultEndianExprIsLe" classname="Kaitai.SpecDefaultEndianExprIsLe" runstate="Runnable" testcasecount="1" result="Passed" start-time="2026-03-09T18:18:54.0830648Z" end-time="2026-03-09T18:18:54.0850893Z" duration="0.002031" total="1" passed="1" failed="0" warnings="0" inconclusive="0" skipped="0" asserts="12">
        <test-case id="1-1071" name="TestDefaultEndianExprIsLe" fullname="Kaitai.SpecDefaultEndianExprIsLe.TestDefaultEndianExprIsLe" methodname="TestDefaultEndianExprIsLe" classname="Kaitai.SpecDefaultEndianExprIsLe" runstate="Runnable" seed="1093160495" result="Passed" start-time="2026-03-09T18:18:54.0830648Z" end-time="2026-03-09T18:18:54.0850893Z" duration="0.001939" asserts="12" />
      </test-suite>
      <test-suite type="TestFixture" id="1-1072" name="SpecDefaultEndianMod" fullname="Kaitai.SpecDefaultEndianMod" classname="Kaitai.SpecDefaultEndianMod" runstate="Runnable" testcasecount="1" result="Passed" start-time="2026-03-09T18:18:54.0850893Z" end-time="2026-03-09T18:18:54.0871141Z" duration="0.001183" total="1" passed="1" failed="0" warnings="0" inconclusive="0" skipped="0" asserts="3">
        <test-case id="1-1073" name="TestDefaultEndianMod" fullname="Kaitai.SpecDefaultEndianMod.TestDefaultEndianMod" methodname="TestDefaultEndianMod" classname="Kaitai.SpecDefaultEndianMod" runstate="Runnable" seed="958362768" result="Passed" start-time="2026-03-09T18:18:54.0850893Z" end-time="2026-03-09T18:18:54.0871141Z" duration="0.001092" asserts="3" />
      </test-suite>
      <test-suite type="TestFixture" id="1-1074" name="SpecDocstrings" fullname="Kaitai.SpecDocstrings" classname="Kaitai.SpecDocstrings" runstate="Runnable" testcasecount="1" result="Passed" start-time="2026-03-09T18:18:54.0871141Z" end-time="2026-03-09T18:18:54.0871141Z" duration="0.000420" total="1" passed="1" failed="0" warnings="0" inconclusive="0" skipped="0" asserts="0">
        <test-case id="1-1075" name="TestDocstrings" fullname="Kaitai.SpecDocstrings.TestDocstrings" methodname="TestDocstrings" classname="Kaitai.SpecDocstrings" runstate="Runnable" seed="690561397" result="Passed" start-time="2026-03-09T18:18:54.0871141Z" end-time="2026-03-09T18:18:54.0871141Z" duration="0.000327" asserts="0" />
      </test-suite>
      <test-suite type="TestFixture" id="1-1076" name="SpecDocstringsDocref" fullname="Kaitai.SpecDocstringsDocref" classname="Kaitai.SpecDocstringsDocref" runstate="Runnable" testcasecount="1" result="Passed" start-time="2026-03-09T18:18:54.0871141Z" end-time="2026-03-09T18:18:54.0871141Z" duration="0.000499" total="1" passed="1" failed="0" warnings="0" inconclusive="0" skipped="0" asserts="0">
        <test-case id="1-1077" name="TestDocstringsDocref" fullname="Kaitai.SpecDocstringsDocref.TestDocstringsDocref" methodname="TestDocstringsDocref" classname="Kaitai.SpecDocstringsDocref" runstate="Runnable" seed="1499498176" result="Passed" start-time="2026-03-09T18:18:54.0871141Z" end-time="2026-03-09T18:18:54.0871141Z" duration="0.000381" asserts="0" />
      </test-suite>
      <test-suite type="TestFixture" id="1-1078" name="SpecDocstringsDocrefMulti" fullname="Kaitai.SpecDocstringsDocrefMulti" classname="Kaitai.SpecDocstringsDocrefMulti" runstate="Runnable" testcasecount="1" result="Passed" start-time="2026-03-09T18:18:54.0871141Z" end-time="2026-03-09T18:18:54.0885387Z" duration="0.000396" total="1" passed="1" failed="0" warnings="0" inconclusive="0" skipped="0" asserts="0">
        <test-case id="1-1079" name="TestDocstringsDocrefMulti" fullname="Kaitai.SpecDocstringsDocrefMulti.TestDocstringsDocrefMulti" methodname="TestDocstringsDocrefMulti" classname="Kaitai.SpecDocstringsDocrefMulti" runstate="Runnable" seed="67874163" result="Passed" start-time="2026-03-09T18:18:54.0871141Z" end-time="2026-03-09T18:18:54.0885387Z" duration="0.000305" asserts="0" />
      </test-suite>
      <test-suite type="TestFixture" id="1-1080" name="SpecEnum0" fullname="Kaitai.SpecEnum0" classname="Kaitai.SpecEnum0" runstate="Runnable" testcasecount="1" result="Passed" start-time="2026-03-09T18:18:54.0885387Z" end-time="2026-03-09T18:18:54.0891384Z" duration="0.000580" total="1" passed="1" failed="0" warnings="0" inconclusive="0" skipped="0" asserts="2">
        <test-case id="1-1081" name="TestEnum0" fullname="Kaitai.SpecEnum0.TestEnum0" methodname="TestEnum0" classname="Kaitai.SpecEnum0" runstate="Runnable" seed="977514677" result="Passed" start-time="2026-03-09T18:18:54.0885387Z" end-time="2026-03-09T18:18:54.0891384Z" duration="0.000486" asserts="2" />
      </test-suite>
      <test-suite type="TestFixture" id="1-1082" name="SpecEnum1" fullname="Kaitai.SpecEnum1" classname="Kaitai.SpecEnum1" runstate="Runnable" testcasecount="1" result="Passed" start-time="2026-03-09T18:18:54.0891384Z" end-time="2026-03-09T18:18:54.0901614Z" duration="0.001029" total="1" passed="1" failed="0" warnings="0" inconclusive="0" skipped="0" asserts="2">
        <test-case id="1-1083" name="TestEnum1" fullname="Kaitai.SpecEnum1.TestEnum1" methodname="TestEnum1" classname="Kaitai.SpecEnum1" runstate="Runnable" seed="2084213732" result="Passed" start-time="2026-03-09T18:18:54.0891384Z" end-time="2026-03-09T18:18:54.0901614Z" duration="0.000880" asserts="2" />
      </test-suite>
      <test-suite type="TestFixture" id="1-1084" name="SpecEnumDeep" fullname="Kaitai.SpecEnumDeep" classname="Kaitai.SpecEnumDeep" runstate="Runnable" testcasecount="1" result="Passed" start-time="2026-03-09T18:18:54.0901614Z" end-time="2026-03-09T18:18:54.0906801Z" duration="0.000588" total="1" passed="1" failed="0" warnings="0" inconclusive="0" skipped="0" asserts="2">
        <test-case id="1-1085" name="TestEnumDeep" fullname="Kaitai.SpecEnumDeep.TestEnumDeep" methodname="TestEnumDeep" classname="Kaitai.SpecEnumDeep" runstate="Runnable" seed="1744275608" result="Passed" start-time="2026-03-09T18:18:54.0901614Z" end-time="2026-03-09T18:18:54.0906801Z" duration="0.000492" asserts="2" />
      </test-suite>
      <test-suite type="TestFixture" id="1-1086" name="SpecEnumDeepLiterals" fullname="Kaitai.SpecEnumDeepLiterals" classname="Kaitai.SpecEnumDeepLiterals" runstate="Runnable" testcasecount="1" result="Passed" start-time="2026-03-09T18:18:54.0906801Z" end-time="2026-03-09T18:18:54.0906801Z" duration="0.000692" total="1" passed="1" failed="0" warnings="0" inconclusive="0" skipped="0" asserts="2">
        <test-case id="1-1087" name="TestEnumDeepLiterals" fullname="Kaitai.SpecEnumDeepLiterals.TestEnumDeepLiterals" methodname="TestEnumDeepLiterals" classname="Kaitai.SpecEnumDeepLiterals" runstate="Runnable" seed="1195942663" result="Passed" start-time="2026-03-09T18:18:54.0906801Z" end-time="2026-03-09T18:18:54.0906801Z" duration="0.000605" asserts="2" />
      </test-suite>
      <test-suite type="TestFixture" id="1-1088" name="SpecEnumFancy" fullname="Kaitai.SpecEnumFancy" classname="Kaitai.SpecEnumFancy" runstate="Runnable" testcasecount="1" result="Passed" start-time="2026-03-09T18:18:54.0906801Z" end-time="2026-03-09T18:18:54.0906801Z" duration="0.000524" total="1" passed="1" failed="0" warnings="0" inconclusive="0" skipped="0" asserts="2">
        <test-case id="1-1089" name="TestEnumFancy" fullname="Kaitai.SpecEnumFancy.TestEnumFancy" methodname="TestEnumFancy" classname="Kaitai.SpecEnumFancy" runstate="Runnable" seed="1360057951" result="Passed" start-time="2026-03-09T18:18:54.0906801Z" end-time="2026-03-09T18:18:54.0906801Z" duration="0.000438" asserts="2" />
      </test-suite>
      <test-suite type="TestFixture" id="1-1090" name="SpecEnumIf" fullname="Kaitai.SpecEnumIf" classname="Kaitai.SpecEnumIf" runstate="Runnable" testcasecount="1" result="Passed" start-time="2026-03-09T18:18:54.0906801Z" end-time="2026-03-09T18:18:54.0927033Z" duration="0.001474" total="1" passed="1" failed="0" warnings="0" inconclusive="0" skipped="0" asserts="7">
        <test-case id="1-1091" name="TestEnumIf" fullname="Kaitai.SpecEnumIf.TestEnumIf" methodname="TestEnumIf" classname="Kaitai.SpecEnumIf" runstate="Runnable" seed="1479582574" result="Passed" start-time="2026-03-09T18:18:54.0906801Z" end-time="2026-03-09T18:18:54.0927033Z" duration="0.001389" asserts="7" />
      </test-suite>
      <test-suite type="TestFixture" id="1-1092" name="SpecEnumImportLiterals" fullname="Kaitai.SpecEnumImportLiterals" classname="Kaitai.SpecEnumImportLiterals" runstate="Runnable" testcasecount="1" result="Passed" start-time="2026-03-09T18:18:54.0927033Z" end-time="2026-03-09T18:18:54.0927033Z" duration="0.000615" total="1" passed="1" failed="0" warnings="0" inconclusive="0" skipped="0" asserts="3">
        <test-case id="1-1093" name="TestEnumImportLiterals" fullname="Kaitai.SpecEnumImportLiterals.TestEnumImportLiterals" methodname="TestEnumImportLiterals" classname="Kaitai.SpecEnumImportLiterals" runstate="Runnable" seed="336632774" result="Passed" start-time="2026-03-09T18:18:54.0927033Z" end-time="2026-03-09T18:18:54.0927033Z" duration="0.000529" asserts="3" />
      </test-suite>
      <test-suite type="TestFixture" id="1-1094" name="SpecEnumImportSeq" fullname="Kaitai.SpecEnumImportSeq" classname="Kaitai.SpecEnumImportSeq" runstate="Runnable" testcasecount="1" result="Passed" start-time="2026-03-09T18:18:54.0927033Z" end-time="2026-03-09T18:18:54.0947192Z" duration="0.000607" total="1" passed="1" failed="0" warnings="0" inconclusive="0" skipped="0" asserts="2">
        <test-case id="1-1095" name="TestEnumImportSeq" fullname="Kaitai.SpecEnumImportSeq.TestEnumImportSeq" methodname="TestEnumImportSeq" classname="Kaitai.SpecEnumImportSeq" runstate="Runnable" seed="220534749" result="Passed" start-time="2026-03-09T18:18:54.0943472Z" end-time="2026-03-09T18:18:54.0947192Z" duration="0.000485" asserts="2" />
      </test-suite>
      <test-suite type="TestFixture" id="1-1096" name="SpecEnumIntRangeS" fullname="Kaitai.SpecEnumIntRangeS" classname="Kaitai.SpecEnumIntRangeS" runstate="Runnable" testcasecount="1" result="Passed" start-time="2026-03-09T18:18:54.0947192Z" end-time="2026-03-09T18:18:54.0947192Z" duration="0.000619" total="1" passed="1" failed="0" warnings="0" inconclusive="0" skipped="0" asserts="3">
        <test-case id="1-1097" name="TestEnumIntRangeS" fullname="Kaitai.SpecEnumIntRangeS.TestEnumIntRangeS" methodname="TestEnumIntRangeS" classname="Kaitai.SpecEnumIntRangeS" runstate="Runnable" seed="554601163" result="Passed" start-time="2026-03-09T18:18:54.0947192Z" end-time="2026-03-09T18:18:54.0947192Z" duration="0.000534" asserts="3" />
      </test-suite>
      <test-suite type="TestFixture" id="1-1098" name="SpecEnumInvalid" fullname="Kaitai.SpecEnumInvalid" classname="Kaitai.SpecEnumInvalid" runstate="Runnable" testcasecount="1" result="Passed" start-time="2026-03-09T18:18:54.0947192Z" end-time="2026-03-09T18:18:54.0947192Z" duration="0.000522" total="1" passed="1" failed="0" warnings="0" inconclusive="0" skipped="0" asserts="2">
        <test-case id="1-1099" name="TestEnumInvalid" fullname="Kaitai.SpecEnumInvalid.TestEnumInvalid" methodname="TestEnumInvalid" classname="Kaitai.SpecEnumInvalid" runstate="Runnable" seed="864359412" result="Passed" start-time="2026-03-09T18:18:54.0947192Z" end-time="2026-03-09T18:18:54.0947192Z" duration="0.000437" asserts="2" />
      </test-suite>
      <test-suite type="TestFixture" id="1-1100" name="SpecEnumNegative" fullname="Kaitai.SpecEnumNegative" classname="Kaitai.SpecEnumNegative" runstate="Runnable" testcasecount="1" result="Passed" start-time="2026-03-09T18:18:54.0947192Z" end-time="2026-03-09T18:18:54.0963686Z" duration="0.000609" total="1" passed="1" failed="0" warnings="0" inconclusive="0" skipped="0" asserts="2">
        <test-case id="1-1101" name="TestEnumNegative" fullname="Kaitai.SpecEnumNegative.TestEnumNegative" methodname="TestEnumNegative" classname="Kaitai.SpecEnumNegative" runstate="Runnable" seed="1936661217" result="Passed" start-time="2026-03-09T18:18:54.0947192Z" end-time="2026-03-09T18:18:54.0963686Z" duration="0.000519" asserts="2" />
      </test-suite>
      <test-suite type="TestFixture" id="1-1102" name="SpecEnumOfValueInst" fullname="Kaitai.SpecEnumOfValueInst" classname="Kaitai.SpecEnumOfValueInst" runstate="Runnable" testcasecount="1" result="Passed" start-time="2026-03-09T18:18:54.0963686Z" end-time="2026-03-09T18:18:54.0967342Z" duration="0.000804" total="1" passed="1" failed="0" warnings="0" inconclusive="0" skipped="0" asserts="4">
        <test-case id="1-1103" name="TestEnumOfValueInst" fullname="Kaitai.SpecEnumOfValueInst.TestEnumOfValueInst" methodname="TestEnumOfValueInst" classname="Kaitai.SpecEnumOfValueInst" runstate="Runnable" seed="1282027693" result="Passed" start-time="2026-03-09T18:18:54.0967342Z" end-time="2026-03-09T18:18:54.0967342Z" duration="0.000691" asserts="4" />
      </test-suite>
      <test-suite type="TestFixture" id="1-1104" name="SpecEnumToI" fullname="Kaitai.SpecEnumToI" classname="Kaitai.SpecEnumToI" runstate="Runnable" testcasecount="1" result="Passed" start-time="2026-03-09T18:18:54.0967342Z" end-time="2026-03-09T18:18:54.0983902Z" duration="0.001164" total="1" passed="1" failed="0" warnings="0" inconclusive="0" skipped="0" asserts="8">
        <test-case id="1-1105" name="TestEnumToI" fullname="Kaitai.SpecEnumToI.TestEnumToI" methodname="TestEnumToI" classname="Kaitai.SpecEnumToI" runstate="Runnable" seed="1164624457" result="Passed" start-time="2026-03-09T18:18:54.0967342Z" end-time="2026-03-09T18:18:54.0983902Z" duration="0.001077" asserts="8" />
      </test-suite>
      <test-suite type="TestFixture" id="1-1106" name="SpecEnumToIClassBorder1" fullname="Kaitai.SpecEnumToIClassBorder1" classname="Kaitai.SpecEnumToIClassBorder1" runstate="Runnable" testcasecount="1" result="Passed" start-time="2026-03-09T18:18:54.0983902Z" end-time="2026-03-09T18:18:54.0987492Z" duration="0.000991" total="1" passed="1" failed="0" warnings="0" inconclusive="0" skipped="0" asserts="3">
        <test-case id="1-1107" name="TestEnumToIClassBorder1" fullname="Kaitai.SpecEnumToIClassBorder1.TestEnumToIClassBorder1" methodname="TestEnumToIClassBorder1" classname="Kaitai.SpecEnumToIClassBorder1" runstate="Runnable" seed="1414418320" result="Passed" start-time="2026-03-09T18:18:54.0987492Z" end-time="2026-03-09T18:18:54.0987492Z" duration="0.000893" asserts="3" />
      </test-suite>
      <test-suite type="TestFixture" id="1-1108" name="SpecEnumToIInvalid" fullname="Kaitai.SpecEnumToIInvalid" classname="Kaitai.SpecEnumToIInvalid" runstate="Runnable" testcasecount="1" result="Passed" start-time="2026-03-09T18:18:54.0987492Z" end-time="2026-03-09T18:18:54.1007631Z" duration="0.001303" total="1" passed="1" failed="0" warnings="0" inconclusive="0" skipped="0" asserts="8">
        <test-case id="1-1109" name="TestEnumToIInvalid" fullname="Kaitai.SpecEnumToIInvalid.TestEnumToIInvalid" methodname="TestEnumToIInvalid" classname="Kaitai.SpecEnumToIInvalid" runstate="Runnable" seed="2074888211" result="Passed" start-time="2026-03-09T18:18:54.0987492Z" end-time="2026-03-09T18:18:54.1007631Z" duration="0.001209" asserts="8" />
      </test-suite>
      <test-suite type="TestFixture" id="1-1110" name="SpecEofExceptionBytes" fullname="Kaitai.SpecEofExceptionBytes" classname="Kaitai.SpecEofExceptionBytes" runstate="Runnable" testcasecount="1" result="Passed" start-time="2026-03-09T18:18:54.1007631Z" end-time="2026-03-09T18:18:54.1007631Z" duration="0.000715" total="1" passed="1" failed="0" warnings="0" inconclusive="0" skipped="0" asserts="1">
        <test-case id="1-1111" name="TestEofExceptionBytes" fullname="Kaitai.SpecEofExceptionBytes.TestEofExceptionBytes" methodname="TestEofExceptionBytes" classname="Kaitai.SpecEofExceptionBytes" runstate="Runnable" seed="830572068" result="Passed" start-time="2026-03-09T18:18:54.1007631Z" end-time="2026-03-09T18:18:54.1007631Z" duration="0.000598" asserts="1" />
      </test-suite>
      <test-suite type="TestFixture" id="1-1112" name="SpecEofExceptionSized" fullname="Kaitai.SpecEofExceptionSized" classname="Kaitai.SpecEofExceptionSized" runstate="Runnable" testcasecount="1" result="Passed" start-time="2026-03-09T18:18:54.1007631Z" end-time="2026-03-09T18:18:54.1007631Z" duration="0.000588" total="1" passed="1" failed="0" warnings="0" inconclusive="0" skipped="0" asserts="1">
        <test-case id="1-1113" name="TestEofExceptionSized" fullname="Kaitai.SpecEofExceptionSized.TestEofExceptionSized" methodname="TestEofExceptionSized" classname="Kaitai.SpecEofExceptionSized" runstate="Runnable" seed="630621914" result="Passed" start-time="2026-03-09T18:18:54.1007631Z" end-time="2026-03-09T18:18:54.1007631Z" duration="0.000491" asserts="1" />
      </test-suite>
      <test-suite type="TestFixture" id="1-1114" name="SpecEofExceptionU4" fullname="Kaitai.SpecEofExceptionU4" classname="Kaitai.SpecEofExceptionU4" runstate="Runnable" testcasecount="1" result="Passed" start-time="2026-03-09T18:18:54.1007631Z" end-time="2026-03-09T18:18:54.1027893Z" duration="0.000618" total="1" passed="1" failed="0" warnings="0" inconclusive="0" skipped="0" asserts="1">
        <test-case id="1-1115" name="TestEofExceptionU4" fullname="Kaitai.SpecEofExceptionU4.TestEofExceptionU4" methodname="TestEofExceptionU4" classname="Kaitai.SpecEofExceptionU4" runstate="Runnable" seed="513768105" result="Passed" start-time="2026-03-09T18:18:54.1024273Z" end-time="2026-03-09T18:18:54.1027893Z" duration="0.000526" asserts="1" />
      </test-suite>
      <test-suite type="TestFixture" id="1-1116" name="SpecEosExceptionBytes" fullname="Kaitai.SpecEosExceptionBytes" classname="Kaitai.SpecEosExceptionBytes" runstate="Runnable" testcasecount="1" result="Passed" start-time="2026-03-09T18:18:54.1027893Z" end-time="2026-03-09T18:18:54.1027893Z" duration="0.000668" total="1" passed="1" failed="0" warnings="0" inconclusive="0" skipped="0" asserts="1">
        <test-case id="1-1117" name="TestEosExceptionBytes" fullname="Kaitai.SpecEosExceptionBytes.TestEosExceptionBytes" methodname="TestEosExceptionBytes" classname="Kaitai.SpecEosExceptionBytes" runstate="Runnable" seed="739738630" result="Passed" start-time="2026-03-09T18:18:54.1027893Z" end-time="2026-03-09T18:18:54.1027893Z" duration="0.000577" asserts="1" />
      </test-suite>
      <test-suite type="TestFixture" id="1-1118" name="SpecEosExceptionSized" fullname="Kaitai.SpecEosExceptionSized" classname="Kaitai.SpecEosExceptionSized" runstate="Runnable" testcasecount="1" result="Passed" start-time="2026-03-09T18:18:54.1027893Z" end-time="2026-03-09T18:18:54.1027893Z" duration="0.000669" total="1" passed="1" failed="0" warnings="0" inconclusive="0" skipped="0" asserts="1">
        <test-case id="1-1119" name="TestEosExceptionSized" fullname="Kaitai.SpecEosExceptionSized.TestEosExceptionSized" methodname="TestEosExceptionSized" classname="Kaitai.SpecEosExceptionSized" runstate="Runnable" seed="760419105" result="Passed" start-time="2026-03-09T18:18:54.1027893Z" end-time="2026-03-09T18:18:54.1027893Z" duration="0.000581" asserts="1" />
      </test-suite>
      <test-suite type="TestFixture" id="1-1120" name="SpecEosExceptionU4" fullname="Kaitai.SpecEosExceptionU4" classname="Kaitai.SpecEosExceptionU4" runstate="Runnable" testcasecount="1" result="Passed" start-time="2026-03-09T18:18:54.1027893Z" end-time="2026-03-09T18:18:54.1048152Z" duration="0.000710" total="1" passed="1" failed="0" warnings="0" inconclusive="0" skipped="0" asserts="1">
        <test-case id="1-1121" name="TestEosExceptionU4" fullname="Kaitai.SpecEosExceptionU4.TestEosExceptionU4" methodname="TestEosExceptionU4" classname="Kaitai.SpecEosExceptionU4" runstate="Runnable" seed="812062632" result="Passed" start-time="2026-03-09T18:18:54.1027893Z" end-time="2026-03-09T18:18:54.1048152Z" duration="0.000621" asserts="1" />
      </test-suite>
      <test-suite type="TestFixture" id="1-1122" name="SpecExpr0" fullname="Kaitai.SpecExpr0" classname="Kaitai.SpecExpr0" runstate="Runnable" testcasecount="1" result="Passed" start-time="2026-03-09T18:18:54.1048152Z" end-time="2026-03-09T18:18:54.1048152Z" duration="0.000585" total="1" passed="1" failed="0" warnings="0" inconclusive="0" skipped="0" asserts="2">
        <test-case id="1-1123" name="TestExpr0" fullname="Kaitai.SpecExpr0.TestExpr0" methodname="TestExpr0" classname="Kaitai.SpecExpr0" runstate="Runnable" seed="2078946597" result="Passed" start-time="2026-03-09T18:18:54.1048152Z" end-time="2026-03-09T18:18:54.1048152Z" duration="0.000496" asserts="2" />
      </test-suite>
      <test-suite type="TestFixture" id="1-1124" name="SpecExpr1" fullname="Kaitai.SpecExpr1" classname="Kaitai.SpecExpr1" runstate="Runnable" testcasecount="1" result="Passed" start-time="2026-03-09T18:18:54.1048152Z" end-time="2026-03-09T18:18:54.1061974Z" duration="0.000920" total="1" passed="1" failed="0" warnings="0" inconclusive="0" skipped="0" asserts="4">
        <test-case id="1-1125" name="TestExpr1" fullname="Kaitai.SpecExpr1.TestExpr1" methodname="TestExpr1" classname="Kaitai.SpecExpr1" runstate="Runnable" seed="1768138614" result="Passed" start-time="2026-03-09T18:18:54.1048152Z" end-time="2026-03-09T18:18:54.1061974Z" duration="0.000832" asserts="4" />
      </test-suite>
      <test-suite type="TestFixture" id="1-1126" name="SpecExpr2" fullname="Kaitai.SpecExpr2" classname="Kaitai.SpecExpr2" runstate="Runnable" testcasecount="1" result="Passed" start-time="2026-03-09T18:18:54.1061974Z" end-time="2026-03-09T18:18:54.1082110Z" duration="0.002394" total="1" passed="1" failed="0" warnings="0" inconclusive="0" skipped="0" asserts="17">
        <test-case id="1-1127" name="TestExpr2" fullname="Kaitai.SpecExpr2.TestExpr2" methodname="TestExpr2" classname="Kaitai.SpecExpr2" runstate="Runnable" seed="680999922" result="Passed" start-time="2026-03-09T18:18:54.1061974Z" end-time="2026-03-09T18:18:54.1082110Z" duration="0.002304" asserts="17" />
      </test-suite>
      <test-suite type="TestFixture" id="1-1128" name="SpecExpr3" fullname="Kaitai.SpecExpr3" classname="Kaitai.SpecExpr3" runstate="Runnable" testcasecount="1" result="Passed" start-time="2026-03-09T18:18:54.1082110Z" end-time="2026-03-09T18:18:54.1102271Z" duration="0.001749" total="1" passed="1" failed="0" warnings="0" inconclusive="0" skipped="0" asserts="12">
        <test-case id="1-1129" name="TestExpr3" fullname="Kaitai.SpecExpr3.TestExpr3" methodname="TestExpr3" classname="Kaitai.SpecExpr3" runstate="Runnable" seed="1270486483" result="Passed" start-time="2026-03-09T18:18:54.1082110Z" end-time="2026-03-09T18:18:54.1102271Z" duration="0.001658" asserts="12" />
      </test-suite>
      <test-suite type="TestFixture" id="1-1130" name="SpecExprArray" fullname="Kaitai.SpecExprArray" classname="Kaitai.SpecExprArray" runstate="Runnable" testcasecount="1" result="Passed" start-time="2026-03-09T18:18:54.1102271Z" end-time="2026-03-09T18:18:54.1203194Z" duration="0.009647" total="1" passed="1" failed="0" warnings="0" inconclusive="0" skipped="0" asserts="15">
        <test-case id="1-1131" name="TestExprArray" fullname="Kaitai.SpecExprArray.TestExprArray" methodname="TestExprArray" classname="Kaitai.SpecExprArray" runstate="Runnable" seed="99422996" result="Passed" start-time="2026-03-09T18:18:54.1102271Z" end-time="2026-03-09T18:18:54.1203194Z" duration="0.009554" asserts="15" />
      </test-suite>
      <test-suite type="TestFixture" id="1-1132" name="SpecExprBytesCmp" fullname="Kaitai.SpecExprBytesCmp" classname="Kaitai.SpecExprBytesCmp" runstate="Runnable" testcasecount="1" result="Passed" start-time="2026-03-09T18:18:54.1203194Z" end-time="2026-03-09T18:18:54.1220881Z" duration="0.002042" total="1" passed="1" failed="0" warnings="0" inconclusive="0" skipped="0" asserts="10">
        <test-case id="1-1133" name="TestExprBytesCmp" fullname="Kaitai.SpecExprBytesCmp.TestExprBytesCmp" methodname="TestExprBytesCmp" classname="Kaitai.SpecExprBytesCmp" runstate="Runnable" seed="710072881" result="Passed" start-time="2026-03-09T18:18:54.1203194Z" end-time="2026-03-09T18:18:54.1220881Z" duration="0.001928" asserts="10" />
      </test-suite>
      <test-suite type="TestFixture" id="1-1134" name="SpecExprBytesNonLiteral" fullname="Kaitai.SpecExprBytesNonLiteral" classname="Kaitai.SpecExprBytesNonLiteral" runstate="Runnable" testcasecount="1" result="Passed" start-time="2026-03-09T18:18:54.1220881Z" end-time="2026-03-09T18:18:54.1220881Z" duration="0.000721" total="1" passed="1" failed="0" warnings="0" inconclusive="0" skipped="0" asserts="3">
        <test-case id="1-1135" name="TestExprBytesNonLiteral" fullname="Kaitai.SpecExprBytesNonLiteral.TestExprBytesNonLiteral" methodname="TestExprBytesNonLiteral" classname="Kaitai.SpecExprBytesNonLiteral" runstate="Runnable" seed="291140069" result="Passed" start-time="2026-03-09T18:18:54.1220881Z" end-time="2026-03-09T18:18:54.1220881Z" duration="0.000627" asserts="3" />
      </test-suite>
      <test-suite type="TestFixture" id="1-1136" name="SpecExprBytesOps" fullname="Kaitai.SpecExprBytesOps" classname="Kaitai.SpecExprBytesOps" runstate="Runnable" testcasecount="1" result="Passed" start-time="2026-03-09T18:18:54.1220881Z" end-time="2026-03-09T18:18:54.1261301Z" duration="0.003102" total="1" passed="1" failed="0" warnings="0" inconclusive="0" skipped="0" asserts="16">
        <test-case id="1-1137" name="TestExprBytesOps" fullname="Kaitai.SpecExprBytesOps.TestExprBytesOps" methodname="TestExprBytesOps" classname="Kaitai.SpecExprBytesOps" runstate="Runnable" seed="1018553288" result="Passed" start-time="2026-03-09T18:18:54.1220881Z" end-time="2026-03-09T18:18:54.1261301Z" duration="0.003011" asserts="16" />
      </test-suite>
      <test-suite type="TestFixture" id="1-1138" name="SpecExprCalcArrayOps" fullname="Kaitai.SpecExprCalcArrayOps" classname="Kaitai.SpecExprCalcArrayOps" runstate="Runnable" testcasecount="1" result="Passed" start-time="2026-03-09T18:18:54.1261301Z" end-time="2026-03-09T18:18:54.1281498Z" duration="0.003570" total="1" passed="1" failed="0" warnings="0" inconclusive="0" skipped="0" asserts="18">
        <test-case id="1-1139" name="TestExprCalcArrayOps" fullname="Kaitai.SpecExprCalcArrayOps.TestExprCalcArrayOps" methodname="TestExprCalcArrayOps" classname="Kaitai.SpecExprCalcArrayOps" runstate="Runnable" seed="1443397051" result="Passed" start-time="2026-03-09T18:18:54.1261301Z" end-time="2026-03-09T18:18:54.1281498Z" duration="0.003465" asserts="18" />
      </test-suite>
      <test-suite type="TestFixture" id="1-1140" name="SpecExprEnum" fullname="Kaitai.SpecExprEnum" classname="Kaitai.SpecExprEnum" runstate="Runnable" testcasecount="1" result="Passed" start-time="2026-03-09T18:18:54.1281498Z" end-time="2026-03-09T18:18:54.1301692Z" duration="0.000824" total="1" passed="1" failed="0" warnings="0" inconclusive="0" skipped="0" asserts="3">
        <test-case id="1-1141" name="TestExprEnum" fullname="Kaitai.SpecExprEnum.TestExprEnum" methodname="TestExprEnum" classname="Kaitai.SpecExprEnum" runstate="Runnable" seed="840512090" result="Passed" start-time="2026-03-09T18:18:54.1281498Z" end-time="2026-03-09T18:18:54.1301692Z" duration="0.000733" asserts="3" />
      </test-suite>
      <test-suite type="TestFixture" id="1-1142" name="SpecExprFstring0" fullname="Kaitai.SpecExprFstring0" classname="Kaitai.SpecExprFstring0" runstate="Runnable" testcasecount="1" result="Passed" start-time="2026-03-09T18:18:54.1301692Z" end-time="2026-03-09T18:18:54.1301692Z" duration="0.001150" total="1" passed="1" failed="0" warnings="0" inconclusive="0" skipped="0" asserts="9">
        <test-case id="1-1143" name="TestExprFstring0" fullname="Kaitai.SpecExprFstring0.TestExprFstring0" methodname="TestExprFstring0" classname="Kaitai.SpecExprFstring0" runstate="Runnable" seed="2125833128" result="Passed" start-time="2026-03-09T18:18:54.1301692Z" end-time="2026-03-09T18:18:54.1301692Z" duration="0.001058" asserts="9" />
      </test-suite>
      <test-suite type="TestFixture" id="1-1144" name="SpecExprIntDiv" fullname="Kaitai.SpecExprIntDiv" classname="Kaitai.SpecExprIntDiv" runstate="Runnable" testcasecount="1" result="Failed" site="Child" start-time="2026-03-09T18:18:54.1301692Z" end-time="2026-03-09T18:18:54.2537259Z" duration="0.123265" total="1" passed="0" failed="1" warnings="0" inconclusive="0" skipped="0" asserts="4">
        <failure>
          <message><![CDATA[One or more child tests had errors]]></message>
        </failure>
        <test-case id="1-1145" name="TestExprIntDiv" fullname="Kaitai.SpecExprIntDiv.TestExprIntDiv" methodname="TestExprIntDiv" classname="Kaitai.SpecExprIntDiv" runstate="Runnable" seed="1409949623" result="Failed" start-time="2026-03-09T18:18:54.1301692Z" end-time="2026-03-09T18:18:54.2537259Z" duration="0.123080" asserts="4">
          <failure>
            <message><![CDATA[  Expected: -756
  But was:  -757
]]></message>
            <stack-trace><![CDATA[   at Kaitai.SpecExprIntDiv.TestExprIntDiv() in D:\a\ci_targets\ci_targets\tests\spec\csharp\kaitai_struct_csharp_tests\tests\SpecExprIntDiv.cs:line 18
]]></stack-trace>
          </failure>
          <assertions>
            <assertion result="Failed">
              <message><![CDATA[  Expected: -756
  But was:  -757
]]></message>
              <stack-trace><![CDATA[   at Kaitai.SpecExprIntDiv.TestExprIntDiv() in D:\a\ci_targets\ci_targets\tests\spec\csharp\kaitai_struct_csharp_tests\tests\SpecExprIntDiv.cs:line 18
]]></stack-trace>
            </assertion>
          </assertions>
        </test-case>
      </test-suite>
      <test-suite type="TestFixture" id="1-1146" name="SpecExprIoEof" fullname="Kaitai.SpecExprIoEof" classname="Kaitai.SpecExprIoEof" runstate="Runnable" testcasecount="1" result="Passed" start-time="2026-03-09T18:18:54.2537259Z" end-time="2026-03-09T18:18:54.2557463Z" duration="0.002192" total="1" passed="1" failed="0" warnings="0" inconclusive="0" skipped="0" asserts="4">
        <test-case id="1-1147" name="TestExprIoEof" fullname="Kaitai.SpecExprIoEof.TestExprIoEof" methodname="TestExprIoEof" classname="Kaitai.SpecExprIoEof" runstate="Runnable" seed="1623621534" result="Passed" start-time="2026-03-09T18:18:54.2537259Z" end-time="2026-03-09T18:18:54.2557463Z" duration="0.002036" asserts="4" />
      </test-suite>
      <test-suite type="TestFixture" id="1-1148" name="SpecExprIoPos" fullname="Kaitai.SpecExprIoPos" classname="Kaitai.SpecExprIoPos" runstate="Runnable" testcasecount="1" result="Passed" start-time="2026-03-09T18:18:54.2557463Z" end-time="2026-03-09T18:18:54.2577674Z" duration="0.001459" total="1" passed="1" failed="0" warnings="0" inconclusive="0" skipped="0" asserts="6">
        <test-case id="1-1149" name="TestExprIoPos" fullname="Kaitai.SpecExprIoPos.TestExprIoPos" methodname="TestExprIoPos" classname="Kaitai.SpecExprIoPos" runstate="Runnable" seed="1586524492" result="Passed" start-time="2026-03-09T18:18:54.2557463Z" end-time="2026-03-09T18:18:54.2577674Z" duration="0.001365" asserts="6" />
      </test-suite>
      <test-suite type="TestFixture" id="1-1150" name="SpecExprMod" fullname="Kaitai.SpecExprMod" classname="Kaitai.SpecExprMod" runstate="Runnable" testcasecount="1" result="Passed" start-time="2026-03-09T18:18:54.2577674Z" end-time="2026-03-09T18:18:54.2598028Z" duration="0.001185" total="1" passed="1" failed="0" warnings="0" inconclusive="0" skipped="0" asserts="6">
        <test-case id="1-1151" name="TestExprMod" fullname="Kaitai.SpecExprMod.TestExprMod" methodname="TestExprMod" classname="Kaitai.SpecExprMod" runstate="Runnable" seed="2045509471" result="Passed" start-time="2026-03-09T18:18:54.2577674Z" end-time="2026-03-09T18:18:54.2598028Z" duration="0.001092" asserts="6" />
      </test-suite>
      <test-suite type="TestFixture" id="1-1152" name="SpecExprOpsParens" fullname="Kaitai.SpecExprOpsParens" classname="Kaitai.SpecExprOpsParens" runstate="Runnable" testcasecount="1" result="Passed" start-time="2026-03-09T18:18:54.2598028Z" end-time="2026-03-09T18:18:54.2618197Z" duration="0.002477" total="1" passed="1" failed="0" warnings="0" inconclusive="0" skipped="0" asserts="9">
        <test-case id="1-1153" name="TestExprOpsParens" fullname="Kaitai.SpecExprOpsParens.TestExprOpsParens" methodname="TestExprOpsParens" classname="Kaitai.SpecExprOpsParens" runstate="Runnable" seed="354045666" result="Passed" start-time="2026-03-09T18:18:54.2598028Z" end-time="2026-03-09T18:18:54.2618197Z" duration="0.002383" asserts="9" />
      </test-suite>
      <test-suite type="TestFixture" id="1-1154" name="SpecExprSizeofType0" fullname="Kaitai.SpecExprSizeofType0" classname="Kaitai.SpecExprSizeofType0" runstate="Runnable" testcasecount="1" result="Passed" start-time="2026-03-09T18:18:54.2618197Z" end-time="2026-03-09T18:18:54.2618197Z" duration="0.001009" total="1" passed="1" failed="0" warnings="0" inconclusive="0" skipped="0" asserts="1">
        <test-case id="1-1155" name="TestExprSizeofType0" fullname="Kaitai.SpecExprSizeofType0.TestExprSizeofType0" methodname="TestExprSizeofType0" classname="Kaitai.SpecExprSizeofType0" runstate="Runnable" seed="335700869" result="Passed" start-time="2026-03-09T18:18:54.2618197Z" end-time="2026-03-09T18:18:54.2618197Z" duration="0.000375" asserts="1" />
      </test-suite>
      <test-suite type="TestFixture" id="1-1156" name="SpecExprSizeofType1" fullname="Kaitai.SpecExprSizeofType1" classname="Kaitai.SpecExprSizeofType1" runstate="Runnable" testcasecount="1" result="Passed" start-time="2026-03-09T18:18:54.2618197Z" end-time="2026-03-09T18:18:54.2638399Z" duration="0.000586" total="1" passed="1" failed="0" warnings="0" inconclusive="0" skipped="0" asserts="2">
        <test-case id="1-1157" name="TestExprSizeofType1" fullname="Kaitai.SpecExprSizeofType1.TestExprSizeofType1" methodname="TestExprSizeofType1" classname="Kaitai.SpecExprSizeofType1" runstate="Runnable" seed="969417323" result="Passed" start-time="2026-03-09T18:18:54.2618197Z" end-time="2026-03-09T18:18:54.2638399Z" duration="0.000494" asserts="2" />
      </test-suite>
      <test-suite type="TestFixture" id="1-1158" name="SpecExprSizeofValue0" fullname="Kaitai.SpecExprSizeofValue0" classname="Kaitai.SpecExprSizeofValue0" runstate="Runnable" testcasecount="1" result="Passed" start-time="2026-03-09T18:18:54.2638399Z" end-time="2026-03-09T18:18:54.2638399Z" duration="0.000911" total="1" passed="1" failed="0" warnings="0" inconclusive="0" skipped="0" asserts="5">
        <test-case id="1-1159" name="TestExprSizeofValue0" fullname="Kaitai.SpecExprSizeofValue0.TestExprSizeofValue0" methodname="TestExprSizeofValue0" classname="Kaitai.SpecExprSizeofValue0" runstate="Runnable" seed="756276482" result="Passed" start-time="2026-03-09T18:18:54.2638399Z" end-time="2026-03-09T18:18:54.2638399Z" duration="0.000820" asserts="5" />
      </test-suite>
      <test-suite type="TestFixture" id="1-1160" name="SpecExprSizeofValueSized" fullname="Kaitai.SpecExprSizeofValueSized" classname="Kaitai.SpecExprSizeofValueSized" runstate="Runnable" testcasecount="1" result="Passed" start-time="2026-03-09T18:18:54.2638399Z" end-time="2026-03-09T18:18:54.2656116Z" duration="0.001025" total="1" passed="1" failed="0" warnings="0" inconclusive="0" skipped="0" asserts="5">
        <test-case id="1-1161" name="TestExprSizeofValueSized" fullname="Kaitai.SpecExprSizeofValueSized.TestExprSizeofValueSized" methodname="TestExprSizeofValueSized" classname="Kaitai.SpecExprSizeofValueSized" runstate="Runnable" seed="1429562232" result="Passed" start-time="2026-03-09T18:18:54.2638399Z" end-time="2026-03-09T18:18:54.2656116Z" duration="0.000928" asserts="5" />
      </test-suite>
      <test-suite type="TestFixture" id="1-1162" name="SpecExprStrEncodings" fullname="Kaitai.SpecExprStrEncodings" classname="Kaitai.SpecExprStrEncodings" runstate="Runnable" testcasecount="1" result="Passed" start-time="2026-03-09T18:18:54.2656116Z" end-time="2026-03-09T18:18:54.2676349Z" duration="0.002092" total="1" passed="1" failed="0" warnings="0" inconclusive="0" skipped="0" asserts="7">
        <test-case id="1-1163" name="TestExprStrEncodings" fullname="Kaitai.SpecExprStrEncodings.TestExprStrEncodings" methodname="TestExprStrEncodings" classname="Kaitai.SpecExprStrEncodings" runstate="Runnable" seed="1926844018" result="Passed" start-time="2026-03-09T18:18:54.2656116Z" end-time="2026-03-09T18:18:54.2676349Z" duration="0.002001" asserts="7" />
      </test-suite>
      <test-suite type="TestFixture" id="1-1164" name="SpecExprStrOps" fullname="Kaitai.SpecExprStrOps" classname="Kaitai.SpecExprStrOps" runstate="Runnable" testcasecount="1" result="Passed" start-time="2026-03-09T18:18:54.2676349Z" end-time="2026-03-09T18:18:54.2696549Z" duration="0.002017" total="1" passed="1" failed="0" warnings="0" inconclusive="0" skipped="0" asserts="18">
        <test-case id="1-1165" name="TestExprStrOps" fullname="Kaitai.SpecExprStrOps.TestExprStrOps" methodname="TestExprStrOps" classname="Kaitai.SpecExprStrOps" runstate="Runnable" seed="1067702206" result="Passed" start-time="2026-03-09T18:18:54.2676349Z" end-time="2026-03-09T18:18:54.2696549Z" duration="0.001925" asserts="18" />
      </test-suite>
      <test-suite type="TestFixture" id="1-1166" name="SpecExprToITrailing" fullname="Kaitai.SpecExprToITrailing" classname="Kaitai.SpecExprToITrailing" runstate="Runnable" testcasecount="1" result="Passed" start-time="2026-03-09T18:18:54.2696549Z" end-time="2026-03-09T18:18:54.2696549Z" duration="0.001093" total="1" passed="1" failed="0" warnings="0" inconclusive="0" skipped="0" asserts="3">
        <test-case id="1-1167" name="TestExprToITrailing" fullname="Kaitai.SpecExprToITrailing.TestExprToITrailing" methodname="TestExprToITrailing" classname="Kaitai.SpecExprToITrailing" runstate="Runnable" seed="521166391" result="Passed" start-time="2026-03-09T18:18:54.2696549Z" end-time="2026-03-09T18:18:54.2696549Z" duration="0.001001" asserts="3" />
      </test-suite>
      <test-suite type="TestFixture" id="1-1168" name="SpecFixedContents" fullname="Kaitai.SpecFixedContents" classname="Kaitai.SpecFixedContents" runstate="Runnable" testcasecount="1" result="Passed" start-time="2026-03-09T18:18:54.2696549Z" end-time="2026-03-09T18:18:54.2716718Z" duration="0.000753" total="1" passed="1" failed="0" warnings="0" inconclusive="0" skipped="0" asserts="0">
        <test-case id="1-1169" name="TestFixedContents" fullname="Kaitai.SpecFixedContents.TestFixedContents" methodname="TestFixedContents" classname="Kaitai.SpecFixedContents" runstate="Runnable" seed="1557399562" result="Passed" start-time="2026-03-09T18:18:54.2696549Z" end-time="2026-03-09T18:18:54.2716718Z" duration="0.000657" asserts="0" />
      </test-suite>
      <test-suite type="TestFixture" id="1-1170" name="SpecFixedStruct" fullname="Kaitai.SpecFixedStruct" classname="Kaitai.SpecFixedStruct" runstate="Runnable" testcasecount="1" result="Passed" start-time="2026-03-09T18:18:54.2716718Z" end-time="2026-03-09T18:18:54.2736902Z" duration="0.003400" total="1" passed="1" failed="0" warnings="0" inconclusive="0" skipped="0" asserts="20">
        <test-case id="1-1171" name="TestFixedStruct" fullname="Kaitai.SpecFixedStruct.TestFixedStruct" methodname="TestFixedStruct" classname="Kaitai.SpecFixedStruct" runstate="Runnable" seed="715741685" result="Passed" start-time="2026-03-09T18:18:54.2716718Z" end-time="2026-03-09T18:18:54.2736902Z" duration="0.003304" asserts="20" />
      </test-suite>
      <test-suite type="TestFixture" id="1-1172" name="SpecFloatingPoints" fullname="Kaitai.SpecFloatingPoints" classname="Kaitai.SpecFloatingPoints" runstate="Runnable" testcasecount="1" result="Passed" start-time="2026-03-09T18:18:54.2736902Z" end-time="2026-03-09T18:18:54.2757090Z" duration="0.001146" total="1" passed="1" failed="0" warnings="0" inconclusive="0" skipped="0" asserts="8">
        <test-case id="1-1173" name="TestFloatingPoints" fullname="Kaitai.SpecFloatingPoints.TestFloatingPoints" methodname="TestFloatingPoints" classname="Kaitai.SpecFloatingPoints" runstate="Runnable" seed="1277205703" result="Passed" start-time="2026-03-09T18:18:54.2736902Z" end-time="2026-03-09T18:18:54.2757090Z" duration="0.001052" asserts="8" />
      </test-suite>
      <test-suite type="TestFixture" id="1-1174" name="SpecHelloWorld" fullname="Kaitai.SpecHelloWorld" classname="Kaitai.SpecHelloWorld" runstate="Runnable" testcasecount="1" result="Passed" start-time="2026-03-09T18:18:54.2757090Z" end-time="2026-03-09T18:18:54.2757090Z" duration="0.000491" total="1" passed="1" failed="0" warnings="0" inconclusive="0" skipped="0" asserts="1">
        <test-case id="1-1175" name="TestHelloWorld" fullname="Kaitai.SpecHelloWorld.TestHelloWorld" methodname="TestHelloWorld" classname="Kaitai.SpecHelloWorld" runstate="Runnable" seed="2145005392" result="Passed" start-time="2026-03-09T18:18:54.2757090Z" end-time="2026-03-09T18:18:54.2757090Z" duration="0.000399" asserts="1" />
      </test-suite>
      <test-suite type="TestFixture" id="1-1176" name="SpecIfInstances" fullname="Kaitai.SpecIfInstances" classname="Kaitai.SpecIfInstances" runstate="Runnable" testcasecount="1" result="Passed" start-time="2026-03-09T18:18:54.2757090Z" end-time="2026-03-09T18:18:54.2757090Z" duration="0.000455" total="1" passed="1" failed="0" warnings="0" inconclusive="0" skipped="0" asserts="1">
        <test-case id="1-1177" name="TestIfInstances" fullname="Kaitai.SpecIfInstances.TestIfInstances" methodname="TestIfInstances" classname="Kaitai.SpecIfInstances" runstate="Runnable" seed="1928788722" result="Passed" start-time="2026-03-09T18:18:54.2757090Z" end-time="2026-03-09T18:18:54.2757090Z" duration="0.000356" asserts="1" />
      </test-suite>
      <test-suite type="TestFixture" id="1-1178" name="SpecIfStruct" fullname="Kaitai.SpecIfStruct" classname="Kaitai.SpecIfStruct" runstate="Runnable" testcasecount="1" result="Passed" start-time="2026-03-09T18:18:54.2777405Z" end-time="2026-03-09T18:18:54.2777405Z" duration="0.001510" total="1" passed="1" failed="0" warnings="0" inconclusive="0" skipped="0" asserts="10">
        <test-case id="1-1179" name="TestIfStruct" fullname="Kaitai.SpecIfStruct.TestIfStruct" methodname="TestIfStruct" classname="Kaitai.SpecIfStruct" runstate="Runnable" seed="1374093712" result="Passed" start-time="2026-03-09T18:18:54.2777405Z" end-time="2026-03-09T18:18:54.2777405Z" duration="0.001379" asserts="10" />
      </test-suite>
      <test-suite type="TestFixture" id="1-1180" name="SpecIfValues" fullname="Kaitai.SpecIfValues" classname="Kaitai.SpecIfValues" runstate="Runnable" testcasecount="1" result="Passed" start-time="2026-03-09T18:18:54.2777405Z" end-time="2026-03-09T18:18:54.2797588Z" duration="0.001194" total="1" passed="1" failed="0" warnings="0" inconclusive="0" skipped="0" asserts="6">
        <test-case id="1-1181" name="TestIfValues" fullname="Kaitai.SpecIfValues.TestIfValues" methodname="TestIfValues" classname="Kaitai.SpecIfValues" runstate="Runnable" seed="89015443" result="Passed" start-time="2026-03-09T18:18:54.2797588Z" end-time="2026-03-09T18:18:54.2797588Z" duration="0.001102" asserts="6" />
      </test-suite>
      <test-suite type="TestFixture" id="1-1182" name="SpecImports0" fullname="Kaitai.SpecImports0" classname="Kaitai.SpecImports0" runstate="Runnable" testcasecount="1" result="Passed" start-time="2026-03-09T18:18:54.2797588Z" end-time="2026-03-09T18:18:54.2815251Z" duration="0.000773" total="1" passed="1" failed="0" warnings="0" inconclusive="0" skipped="0" asserts="3">
        <test-case id="1-1183" name="TestImports0" fullname="Kaitai.SpecImports0.TestImports0" methodname="TestImports0" classname="Kaitai.SpecImports0" runstate="Runnable" seed="679174719" result="Passed" start-time="2026-03-09T18:18:54.2797588Z" end-time="2026-03-09T18:18:54.2815251Z" duration="0.000629" asserts="3" />
      </test-suite>
      <test-suite type="TestFixture" id="1-1184" name="SpecImportsAbs" fullname="Kaitai.SpecImportsAbs" classname="Kaitai.SpecImportsAbs" runstate="Runnable" testcasecount="1" result="Passed" start-time="2026-03-09T18:18:54.2815251Z" end-time="2026-03-09T18:18:54.2835452Z" duration="0.002040" total="1" passed="1" failed="0" warnings="0" inconclusive="0" skipped="0" asserts="2">
        <test-case id="1-1185" name="TestImportsAbs" fullname="Kaitai.SpecImportsAbs.TestImportsAbs" methodname="TestImportsAbs" classname="Kaitai.SpecImportsAbs" runstate="Runnable" seed="1903173397" result="Passed" start-time="2026-03-09T18:18:54.2815251Z" end-time="2026-03-09T18:18:54.2835452Z" duration="0.001939" asserts="2" />
      </test-suite>
      <test-suite type="TestFixture" id="1-1186" name="SpecImportsAbsAbs" fullname="Kaitai.SpecImportsAbsAbs" classname="Kaitai.SpecImportsAbsAbs" runstate="Runnable" testcasecount="1" result="Passed" start-time="2026-03-09T18:18:54.2835452Z" end-time="2026-03-09T18:18:54.2835452Z" duration="0.000912" total="1" passed="1" failed="0" warnings="0" inconclusive="0" skipped="0" asserts="3">
        <test-case id="1-1187" name="TestImportsAbsAbs" fullname="Kaitai.SpecImportsAbsAbs.TestImportsAbsAbs" methodname="TestImportsAbsAbs" classname="Kaitai.SpecImportsAbsAbs" runstate="Runnable" seed="1923400974" result="Passed" start-time="2026-03-09T18:18:54.2835452Z" end-time="2026-03-09T18:18:54.2835452Z" duration="0.000817" asserts="3" />
      </test-suite>
      <test-suite type="TestFixture" id="1-1188" name="SpecImportsAbsRel" fullname="Kaitai.SpecImportsAbsRel" classname="Kaitai.SpecImportsAbsRel" runstate="Runnable" testcasecount="1" result="Passed" start-time="2026-03-09T18:18:54.2835452Z" end-time="2026-03-09T18:18:54.2835452Z" duration="0.000807" total="1" passed="1" failed="0" warnings="0" inconclusive="0" skipped="0" asserts="3">
        <test-case id="1-1189" name="TestImportsAbsRel" fullname="Kaitai.SpecImportsAbsRel.TestImportsAbsRel" methodname="TestImportsAbsRel" classname="Kaitai.SpecImportsAbsRel" runstate="Runnable" seed="1647045387" result="Passed" start-time="2026-03-09T18:18:54.2835452Z" end-time="2026-03-09T18:18:54.2835452Z" duration="0.000717" asserts="3" />
      </test-suite>
      <test-suite type="TestFixture" id="1-1190" name="SpecImportsCastToImported" fullname="Kaitai.SpecImportsCastToImported" classname="Kaitai.SpecImportsCastToImported" runstate="Runnable" testcasecount="1" result="Passed" start-time="2026-03-09T18:18:54.2835452Z" end-time="2026-03-09T18:18:54.2855646Z" duration="0.000839" total="1" passed="1" failed="0" warnings="0" inconclusive="0" skipped="0" asserts="2">
        <test-case id="1-1191" name="TestImportsCastToImported" fullname="Kaitai.SpecImportsCastToImported.TestImportsCastToImported" methodname="TestImportsCastToImported" classname="Kaitai.SpecImportsCastToImported" runstate="Runnable" seed="327029297" result="Passed" start-time="2026-03-09T18:18:54.2855646Z" end-time="2026-03-09T18:18:54.2855646Z" duration="0.000747" asserts="2" />
      </test-suite>
      <test-suite type="TestFixture" id="1-1192" name="SpecImportsCastToImported2" fullname="Kaitai.SpecImportsCastToImported2" classname="Kaitai.SpecImportsCastToImported2" runstate="Runnable" testcasecount="1" result="Passed" start-time="2026-03-09T18:18:54.2855646Z" end-time="2026-03-09T18:18:54.2855646Z" duration="0.000786" total="1" passed="1" failed="0" warnings="0" inconclusive="0" skipped="0" asserts="2">
        <test-case id="1-1193" name="TestImportsCastToImported2" fullname="Kaitai.SpecImportsCastToImported2.TestImportsCastToImported2" methodname="TestImportsCastToImported2" classname="Kaitai.SpecImportsCastToImported2" runstate="Runnable" seed="1111680545" result="Passed" start-time="2026-03-09T18:18:54.2855646Z" end-time="2026-03-09T18:18:54.2855646Z" duration="0.000694" asserts="2" />
      </test-suite>
      <test-suite type="TestFixture" id="1-1194" name="SpecImportsCircularA" fullname="Kaitai.SpecImportsCircularA" classname="Kaitai.SpecImportsCircularA" runstate="Runnable" testcasecount="1" result="Passed" start-time="2026-03-09T18:18:54.2855646Z" end-time="2026-03-09T18:18:54.2875883Z" duration="0.000959" total="1" passed="1" failed="0" warnings="0" inconclusive="0" skipped="0" asserts="5">
        <test-case id="1-1195" name="TestImportsCircularA" fullname="Kaitai.SpecImportsCircularA.TestImportsCircularA" methodname="TestImportsCircularA" classname="Kaitai.SpecImportsCircularA" runstate="Runnable" seed="285400400" result="Passed" start-time="2026-03-09T18:18:54.2855646Z" end-time="2026-03-09T18:18:54.2875883Z" duration="0.000869" asserts="5" />
      </test-suite>
      <test-suite type="TestFixture" id="1-1196" name="SpecImportsParamsDefArrayUsertypeImported" fullname="Kaitai.SpecImportsParamsDefArrayUsertypeImported" classname="Kaitai.SpecImportsParamsDefArrayUsertypeImported" runstate="Runnable" testcasecount="1" result="Passed" start-time="2026-03-09T18:18:54.2875883Z" end-time="2026-03-09T18:18:54.2875883Z" duration="0.001210" total="1" passed="1" failed="0" warnings="0" inconclusive="0" skipped="0" asserts="5">
        <test-case id="1-1197" name="TestImportsParamsDefArrayUsertypeImported" fullname="Kaitai.SpecImportsParamsDefArrayUsertypeImported.TestImportsParamsDefArrayUsertypeImported" methodname="TestImportsParamsDefArrayUsertypeImported" classname="Kaitai.SpecImportsParamsDefArrayUsertypeImported" runstate="Runnable" seed="1385376398" result="Passed" start-time="2026-03-09T18:18:54.2875883Z" end-time="2026-03-09T18:18:54.2875883Z" duration="0.001119" asserts="5" />
      </test-suite>
      <test-suite type="TestFixture" id="1-1198" name="SpecImportsParamsDefEnumImported" fullname="Kaitai.SpecImportsParamsDefEnumImported" classname="Kaitai.SpecImportsParamsDefEnumImported" runstate="Runnable" testcasecount="1" result="Passed" start-time="2026-03-09T18:18:54.2875883Z" end-time="2026-03-09T18:18:54.2896181Z" duration="0.000913" total="1" passed="1" failed="0" warnings="0" inconclusive="0" skipped="0" asserts="4">
[...]
      </test-suite>
      <test-suite type="TestFixture" id="1-1460" name="SpecValidFailEqInt" fullname="Kaitai.SpecValidFailEqInt" classname="Kaitai.SpecValidFailEqInt" runstate="Runnable" testcasecount="1" result="Passed" start-time="2026-03-09T18:18:54.4507579Z" end-time="2026-03-09T18:18:54.4527848Z" duration="0.000823" total="1" passed="1" failed="0" warnings="0" inconclusive="0" skipped="0" asserts="1">
        <test-case id="1-1461" name="TestValidFailEqInt" fullname="Kaitai.SpecValidFailEqInt.TestValidFailEqInt" methodname="TestValidFailEqInt" classname="Kaitai.SpecValidFailEqInt" runstate="Runnable" seed="1022783135" result="Passed" start-time="2026-03-09T18:18:54.4507579Z" end-time="2026-03-09T18:18:54.4527848Z" duration="0.000719" asserts="1" />
      </test-suite>
      <test-suite type="TestFixture" id="1-1462" name="SpecValidFailEqStr" fullname="Kaitai.SpecValidFailEqStr" classname="Kaitai.SpecValidFailEqStr" runstate="Runnable" testcasecount="1" result="Passed" start-time="2026-03-09T18:18:54.4527848Z" end-time="2026-03-09T18:18:54.4527848Z" duration="0.000658" total="1" passed="1" failed="0" warnings="0" inconclusive="0" skipped="0" asserts="1">
        <test-case id="1-1463" name="TestValidFailEqStr" fullname="Kaitai.SpecValidFailEqStr.TestValidFailEqStr" methodname="TestValidFailEqStr" classname="Kaitai.SpecValidFailEqStr" runstate="Runnable" seed="1446245977" result="Passed" start-time="2026-03-09T18:18:54.4527848Z" end-time="2026-03-09T18:18:54.4527848Z" duration="0.000558" asserts="1" />
      </test-suite>
      <test-suite type="TestFixture" id="1-1464" name="SpecValidFailExpr" fullname="Kaitai.SpecValidFailExpr" classname="Kaitai.SpecValidFailExpr" runstate="Runnable" testcasecount="1" result="Passed" start-time="2026-03-09T18:18:54.4527848Z" end-time="2026-03-09T18:18:54.4527848Z" duration="0.000871" total="1" passed="1" failed="0" warnings="0" inconclusive="0" skipped="0" asserts="1">
        <test-case id="1-1465" name="TestValidFailExpr" fullname="Kaitai.SpecValidFailExpr.TestValidFailExpr" methodname="TestValidFailExpr" classname="Kaitai.SpecValidFailExpr" runstate="Runnable" seed="1090165795" result="Passed" start-time="2026-03-09T18:18:54.4527848Z" end-time="2026-03-09T18:18:54.4527848Z" duration="0.000752" asserts="1" />
      </test-suite>
      <test-suite type="TestFixture" id="1-1466" name="SpecValidFailInEnum" fullname="Kaitai.SpecValidFailInEnum" classname="Kaitai.SpecValidFailInEnum" runstate="Runnable" testcasecount="1" result="Passed" start-time="2026-03-09T18:18:54.4527848Z" end-time="2026-03-09T18:18:54.4548120Z" duration="0.000894" total="1" passed="1" failed="0" warnings="0" inconclusive="0" skipped="0" asserts="1">
        <test-case id="1-1467" name="TestValidFailInEnum" fullname="Kaitai.SpecValidFailInEnum.TestValidFailInEnum" methodname="TestValidFailInEnum" classname="Kaitai.SpecValidFailInEnum" runstate="Runnable" seed="1491962396" result="Passed" start-time="2026-03-09T18:18:54.4527848Z" end-time="2026-03-09T18:18:54.4548120Z" duration="0.000800" asserts="1" />
      </test-suite>
      <test-suite type="TestFixture" id="1-1468" name="SpecValidFailInst" fullname="Kaitai.SpecValidFailInst" classname="Kaitai.SpecValidFailInst" runstate="Runnable" testcasecount="1" result="Passed" start-time="2026-03-09T18:18:54.4548120Z" end-time="2026-03-09T18:18:54.4548120Z" duration="0.000737" total="1" passed="1" failed="0" warnings="0" inconclusive="0" skipped="0" asserts="1">
        <test-case id="1-1469" name="TestValidFailInst" fullname="Kaitai.SpecValidFailInst.TestValidFailInst" methodname="TestValidFailInst" classname="Kaitai.SpecValidFailInst" runstate="Runnable" seed="478344642" result="Passed" start-time="2026-03-09T18:18:54.4548120Z" end-time="2026-03-09T18:18:54.4548120Z" duration="0.000646" asserts="1" />
      </test-suite>
      <test-suite type="TestFixture" id="1-1470" name="SpecValidFailMaxInt" fullname="Kaitai.SpecValidFailMaxInt" classname="Kaitai.SpecValidFailMaxInt" runstate="Runnable" testcasecount="1" result="Passed" start-time="2026-03-09T18:18:54.4548120Z" end-time="2026-03-09T18:18:54.4565893Z" duration="0.000893" total="1" passed="1" failed="0" warnings="0" inconclusive="0" skipped="0" asserts="1">
        <test-case id="1-1471" name="TestValidFailMaxInt" fullname="Kaitai.SpecValidFailMaxInt.TestValidFailMaxInt" methodname="TestValidFailMaxInt" classname="Kaitai.SpecValidFailMaxInt" runstate="Runnable" seed="855700506" result="Passed" start-time="2026-03-09T18:18:54.4548120Z" end-time="2026-03-09T18:18:54.4565893Z" duration="0.000797" asserts="1" />
      </test-suite>
      <test-suite type="TestFixture" id="1-1472" name="SpecValidFailMinInt" fullname="Kaitai.SpecValidFailMinInt" classname="Kaitai.SpecValidFailMinInt" runstate="Runnable" testcasecount="1" result="Passed" start-time="2026-03-09T18:18:54.4565893Z" end-time="2026-03-09T18:18:54.4571254Z" duration="0.000949" total="1" passed="1" failed="0" warnings="0" inconclusive="0" skipped="0" asserts="1">
        <test-case id="1-1473" name="TestValidFailMinInt" fullname="Kaitai.SpecValidFailMinInt.TestValidFailMinInt" methodname="TestValidFailMinInt" classname="Kaitai.SpecValidFailMinInt" runstate="Runnable" seed="1289088017" result="Passed" start-time="2026-03-09T18:18:54.4571254Z" end-time="2026-03-09T18:18:54.4571254Z" duration="0.000832" asserts="1" />
      </test-suite>
      <test-suite type="TestFixture" id="1-1474" name="SpecValidFailRangeBytes" fullname="Kaitai.SpecValidFailRangeBytes" classname="Kaitai.SpecValidFailRangeBytes" runstate="Runnable" testcasecount="1" result="Passed" start-time="2026-03-09T18:18:54.4571254Z" end-time="2026-03-09T18:18:54.4586108Z" duration="0.000884" total="1" passed="1" failed="0" warnings="0" inconclusive="0" skipped="0" asserts="1">
        <test-case id="1-1475" name="TestValidFailRangeBytes" fullname="Kaitai.SpecValidFailRangeBytes.TestValidFailRangeBytes" methodname="TestValidFailRangeBytes" classname="Kaitai.SpecValidFailRangeBytes" runstate="Runnable" seed="492342237" result="Passed" start-time="2026-03-09T18:18:54.4571254Z" end-time="2026-03-09T18:18:54.4586108Z" duration="0.000789" asserts="1" />
      </test-suite>
      <test-suite type="TestFixture" id="1-1476" name="SpecValidFailRangeFloat" fullname="Kaitai.SpecValidFailRangeFloat" classname="Kaitai.SpecValidFailRangeFloat" runstate="Runnable" testcasecount="1" result="Passed" start-time="2026-03-09T18:18:54.4586108Z" end-time="2026-03-09T18:18:54.4606305Z" duration="0.001700" total="1" passed="1" failed="0" warnings="0" inconclusive="0" skipped="0" asserts="1">
        <test-case id="1-1477" name="TestValidFailRangeFloat" fullname="Kaitai.SpecValidFailRangeFloat.TestValidFailRangeFloat" methodname="TestValidFailRangeFloat" classname="Kaitai.SpecValidFailRangeFloat" runstate="Runnable" seed="1043476770" result="Passed" start-time="2026-03-09T18:18:54.4586108Z" end-time="2026-03-09T18:18:54.4606305Z" duration="0.001602" asserts="1" />
      </test-suite>
      <test-suite type="TestFixture" id="1-1478" name="SpecValidFailRangeInt" fullname="Kaitai.SpecValidFailRangeInt" classname="Kaitai.SpecValidFailRangeInt" runstate="Runnable" testcasecount="1" result="Passed" start-time="2026-03-09T18:18:54.4606305Z" end-time="2026-03-09T18:18:54.4611902Z" duration="0.000767" total="1" passed="1" failed="0" warnings="0" inconclusive="0" skipped="0" asserts="1">
        <test-case id="1-1479" name="TestValidFailRangeInt" fullname="Kaitai.SpecValidFailRangeInt.TestValidFailRangeInt" methodname="TestValidFailRangeInt" classname="Kaitai.SpecValidFailRangeInt" runstate="Runnable" seed="1860723902" result="Passed" start-time="2026-03-09T18:18:54.4606305Z" end-time="2026-03-09T18:18:54.4611902Z" duration="0.000671" asserts="1" />
      </test-suite>
      <test-suite type="TestFixture" id="1-1480" name="SpecValidFailRangeStr" fullname="Kaitai.SpecValidFailRangeStr" classname="Kaitai.SpecValidFailRangeStr" runstate="Runnable" testcasecount="1" result="Passed" start-time="2026-03-09T18:18:54.4611902Z" end-time="2026-03-09T18:18:54.4611902Z" duration="0.000704" total="1" passed="1" failed="0" warnings="0" inconclusive="0" skipped="0" asserts="1">
        <test-case id="1-1481" name="TestValidFailRangeStr" fullname="Kaitai.SpecValidFailRangeStr.TestValidFailRangeStr" methodname="TestValidFailRangeStr" classname="Kaitai.SpecValidFailRangeStr" runstate="Runnable" seed="2045889276" result="Passed" start-time="2026-03-09T18:18:54.4611902Z" end-time="2026-03-09T18:18:54.4611902Z" duration="0.000607" asserts="1" />
      </test-suite>
      <test-suite type="TestFixture" id="1-1482" name="SpecValidFailRepeatAnyofInt" fullname="Kaitai.SpecValidFailRepeatAnyofInt" classname="Kaitai.SpecValidFailRepeatAnyofInt" runstate="Runnable" testcasecount="1" result="Passed" start-time="2026-03-09T18:18:54.4611902Z" end-time="2026-03-09T18:18:54.4626522Z" duration="0.000846" total="1" passed="1" failed="0" warnings="0" inconclusive="0" skipped="0" asserts="1">
        <test-case id="1-1483" name="TestValidFailRepeatAnyofInt" fullname="Kaitai.SpecValidFailRepeatAnyofInt.TestValidFailRepeatAnyofInt" methodname="TestValidFailRepeatAnyofInt" classname="Kaitai.SpecValidFailRepeatAnyofInt" runstate="Runnable" seed="571901948" result="Passed" start-time="2026-03-09T18:18:54.4611902Z" end-time="2026-03-09T18:18:54.4626522Z" duration="0.000752" asserts="1" />
      </test-suite>
      <test-suite type="TestFixture" id="1-1484" name="SpecValidFailRepeatContents" fullname="Kaitai.SpecValidFailRepeatContents" classname="Kaitai.SpecValidFailRepeatContents" runstate="Runnable" testcasecount="1" result="Passed" start-time="2026-03-09T18:18:54.4626522Z" end-time="2026-03-09T18:18:54.4632174Z" duration="0.000772" total="1" passed="1" failed="0" warnings="0" inconclusive="0" skipped="0" asserts="1">
        <test-case id="1-1485" name="TestValidFailRepeatContents" fullname="Kaitai.SpecValidFailRepeatContents.TestValidFailRepeatContents" methodname="TestValidFailRepeatContents" classname="Kaitai.SpecValidFailRepeatContents" runstate="Runnable" seed="1628108572" result="Passed" start-time="2026-03-09T18:18:54.4626522Z" end-time="2026-03-09T18:18:54.4632174Z" duration="0.000668" asserts="1" />
      </test-suite>
      <test-suite type="TestFixture" id="1-1486" name="SpecValidFailRepeatEqInt" fullname="Kaitai.SpecValidFailRepeatEqInt" classname="Kaitai.SpecValidFailRepeatEqInt" runstate="Runnable" testcasecount="1" result="Passed" start-time="2026-03-09T18:18:54.4632174Z" end-time="2026-03-09T18:18:54.4632174Z" duration="0.000692" total="1" passed="1" failed="0" warnings="0" inconclusive="0" skipped="0" asserts="1">
        <test-case id="1-1487" name="TestValidFailRepeatEqInt" fullname="Kaitai.SpecValidFailRepeatEqInt.TestValidFailRepeatEqInt" methodname="TestValidFailRepeatEqInt" classname="Kaitai.SpecValidFailRepeatEqInt" runstate="Runnable" seed="1715321705" result="Passed" start-time="2026-03-09T18:18:54.4632174Z" end-time="2026-03-09T18:18:54.4632174Z" duration="0.000597" asserts="1" />
      </test-suite>
      <test-suite type="TestFixture" id="1-1488" name="SpecValidFailRepeatExpr" fullname="Kaitai.SpecValidFailRepeatExpr" classname="Kaitai.SpecValidFailRepeatExpr" runstate="Runnable" testcasecount="1" result="Passed" start-time="2026-03-09T18:18:54.4632174Z" end-time="2026-03-09T18:18:54.4652447Z" duration="0.000766" total="1" passed="1" failed="0" warnings="0" inconclusive="0" skipped="0" asserts="1">
        <test-case id="1-1489" name="TestValidFailRepeatExpr" fullname="Kaitai.SpecValidFailRepeatExpr.TestValidFailRepeatExpr" methodname="TestValidFailRepeatExpr" classname="Kaitai.SpecValidFailRepeatExpr" runstate="Runnable" seed="2049557133" result="Passed" start-time="2026-03-09T18:18:54.4632174Z" end-time="2026-03-09T18:18:54.4652447Z" duration="0.000669" asserts="1" />
      </test-suite>
      <test-suite type="TestFixture" id="1-1490" name="SpecValidFailRepeatInst" fullname="Kaitai.SpecValidFailRepeatInst" classname="Kaitai.SpecValidFailRepeatInst" runstate="Runnable" testcasecount="1" result="Passed" start-time="2026-03-09T18:18:54.4652447Z" end-time="2026-03-09T18:18:54.4652447Z" duration="0.000832" total="1" passed="1" failed="0" warnings="0" inconclusive="0" skipped="0" asserts="1">
        <test-case id="1-1491" name="TestValidFailRepeatInst" fullname="Kaitai.SpecValidFailRepeatInst.TestValidFailRepeatInst" methodname="TestValidFailRepeatInst" classname="Kaitai.SpecValidFailRepeatInst" runstate="Runnable" seed="2095384134" result="Passed" start-time="2026-03-09T18:18:54.4652447Z" end-time="2026-03-09T18:18:54.4652447Z" duration="0.000735" asserts="1" />
      </test-suite>
      <test-suite type="TestFixture" id="1-1492" name="SpecValidFailRepeatMaxInt" fullname="Kaitai.SpecValidFailRepeatMaxInt" classname="Kaitai.SpecValidFailRepeatMaxInt" runstate="Runnable" testcasecount="1" result="Passed" start-time="2026-03-09T18:18:54.4652447Z" end-time="2026-03-09T18:18:54.4666942Z" duration="0.000793" total="1" passed="1" failed="0" warnings="0" inconclusive="0" skipped="0" asserts="1">
        <test-case id="1-1493" name="TestValidFailRepeatMaxInt" fullname="Kaitai.SpecValidFailRepeatMaxInt.TestValidFailRepeatMaxInt" methodname="TestValidFailRepeatMaxInt" classname="Kaitai.SpecValidFailRepeatMaxInt" runstate="Runnable" seed="1179405881" result="Passed" start-time="2026-03-09T18:18:54.4652447Z" end-time="2026-03-09T18:18:54.4666942Z" duration="0.000698" asserts="1" />
      </test-suite>
      <test-suite type="TestFixture" id="1-1494" name="SpecValidFailRepeatMinInt" fullname="Kaitai.SpecValidFailRepeatMinInt" classname="Kaitai.SpecValidFailRepeatMinInt" runstate="Runnable" testcasecount="1" result="Passed" start-time="2026-03-09T18:18:54.4666942Z" end-time="2026-03-09T18:18:54.4687073Z" duration="0.002227" total="1" passed="1" failed="0" warnings="0" inconclusive="0" skipped="0" asserts="1">
        <test-case id="1-1495" name="TestValidFailRepeatMinInt" fullname="Kaitai.SpecValidFailRepeatMinInt.TestValidFailRepeatMinInt" methodname="TestValidFailRepeatMinInt" classname="Kaitai.SpecValidFailRepeatMinInt" runstate="Runnable" seed="353851923" result="Passed" start-time="2026-03-09T18:18:54.4666942Z" end-time="2026-03-09T18:18:54.4687073Z" duration="0.002130" asserts="1" />
      </test-suite>
      <test-suite type="TestFixture" id="1-1496" name="SpecValidLong" fullname="Kaitai.SpecValidLong" classname="Kaitai.SpecValidLong" runstate="Runnable" testcasecount="1" result="Passed" start-time="2026-03-09T18:18:54.4687073Z" end-time="2026-03-09T18:18:54.4692947Z" duration="0.001346" total="1" passed="1" failed="0" warnings="0" inconclusive="0" skipped="0" asserts="0">
        <test-case id="1-1497" name="TestValidLong" fullname="Kaitai.SpecValidLong.TestValidLong" methodname="TestValidLong" classname="Kaitai.SpecValidLong" runstate="Runnable" seed="1210239828" result="Passed" start-time="2026-03-09T18:18:54.4687073Z" end-time="2026-03-09T18:18:54.4692947Z" duration="0.001245" asserts="0" />
      </test-suite>
      <test-suite type="TestFixture" id="1-1498" name="SpecValidNotParsedIf" fullname="Kaitai.SpecValidNotParsedIf" classname="Kaitai.SpecValidNotParsedIf" runstate="Runnable" testcasecount="1" result="Passed" start-time="2026-03-09T18:18:54.4692947Z" end-time="2026-03-09T18:18:54.4707288Z" duration="0.000667" total="1" passed="1" failed="0" warnings="0" inconclusive="0" skipped="0" asserts="0">
        <test-case id="1-1499" name="TestValidNotParsedIf" fullname="Kaitai.SpecValidNotParsedIf.TestValidNotParsedIf" methodname="TestValidNotParsedIf" classname="Kaitai.SpecValidNotParsedIf" runstate="Runnable" seed="1183101614" result="Passed" start-time="2026-03-09T18:18:54.4692947Z" end-time="2026-03-09T18:18:54.4707288Z" duration="0.000569" asserts="0" />
      </test-suite>
      <test-suite type="TestFixture" id="1-1500" name="SpecValidOptionalId" fullname="Kaitai.SpecValidOptionalId" classname="Kaitai.SpecValidOptionalId" runstate="Runnable" testcasecount="1" result="Passed" start-time="2026-03-09T18:18:54.4707288Z" end-time="2026-03-09T18:18:54.4713155Z" duration="0.000675" total="1" passed="1" failed="0" warnings="0" inconclusive="0" skipped="0" asserts="0">
        <test-case id="1-1501" name="TestValidOptionalId" fullname="Kaitai.SpecValidOptionalId.TestValidOptionalId" methodname="TestValidOptionalId" classname="Kaitai.SpecValidOptionalId" runstate="Runnable" seed="1604158725" result="Passed" start-time="2026-03-09T18:18:54.4707288Z" end-time="2026-03-09T18:18:54.4713155Z" duration="0.000578" asserts="0" />
      </test-suite>
      <test-suite type="TestFixture" id="1-1502" name="SpecValidShort" fullname="Kaitai.SpecValidShort" classname="Kaitai.SpecValidShort" runstate="Runnable" testcasecount="1" result="Passed" start-time="2026-03-09T18:18:54.4713155Z" end-time="2026-03-09T18:18:54.4726567Z" duration="0.001355" total="1" passed="1" failed="0" warnings="0" inconclusive="0" skipped="0" asserts="0">
        <test-case id="1-1503" name="TestValidShort" fullname="Kaitai.SpecValidShort.TestValidShort" methodname="TestValidShort" classname="Kaitai.SpecValidShort" runstate="Runnable" seed="1608802215" result="Passed" start-time="2026-03-09T18:18:54.4713155Z" end-time="2026-03-09T18:18:54.4726567Z" duration="0.001260" asserts="0" />
      </test-suite>
      <test-suite type="TestFixture" id="1-1504" name="SpecValidSwitch" fullname="Kaitai.SpecValidSwitch" classname="Kaitai.SpecValidSwitch" runstate="Runnable" testcasecount="1" result="Passed" start-time="2026-03-09T18:18:54.4726567Z" end-time="2026-03-09T18:18:54.4726567Z" duration="0.000639" total="1" passed="1" failed="0" warnings="0" inconclusive="0" skipped="0" asserts="0">
        <test-case id="1-1505" name="TestValidSwitch" fullname="Kaitai.SpecValidSwitch.TestValidSwitch" methodname="TestValidSwitch" classname="Kaitai.SpecValidSwitch" runstate="Runnable" seed="645354568" result="Passed" start-time="2026-03-09T18:18:54.4726567Z" end-time="2026-03-09T18:18:54.4726567Z" duration="0.000541" asserts="0" />
      </test-suite>
      <test-suite type="TestFixture" id="1-1506" name="SpecZlibSurrounded" fullname="Kaitai.SpecZlibSurrounded" classname="Kaitai.SpecZlibSurrounded" runstate="Runnable" testcasecount="1" result="Passed" start-time="2026-03-09T18:18:54.4726567Z" end-time="2026-03-09T18:18:54.4904126Z" duration="0.016697" total="1" passed="1" failed="0" warnings="0" inconclusive="0" skipped="0" asserts="1">
        <test-case id="1-1507" name="TestZlibSurrounded" fullname="Kaitai.SpecZlibSurrounded.TestZlibSurrounded" methodname="TestZlibSurrounded" classname="Kaitai.SpecZlibSurrounded" runstate="Runnable" seed="1606460286" result="Passed" start-time="2026-03-09T18:18:54.4726567Z" end-time="2026-03-09T18:18:54.4904126Z" duration="0.016600" asserts="1" />
      </test-suite>
      <test-suite type="TestFixture" id="1-1508" name="SpecZlibWithHeader78" fullname="Kaitai.SpecZlibWithHeader78" classname="Kaitai.SpecZlibWithHeader78" runstate="Runnable" testcasecount="1" result="Passed" start-time="2026-03-09T18:18:54.4904126Z" end-time="2026-03-09T18:18:54.4904126Z" duration="0.001546" total="1" passed="1" failed="0" warnings="0" inconclusive="0" skipped="0" asserts="1">
        <test-case id="1-1509" name="TestZlibWithHeader78" fullname="Kaitai.SpecZlibWithHeader78.TestZlibWithHeader78" methodname="TestZlibWithHeader78" classname="Kaitai.SpecZlibWithHeader78" runstate="Runnable" seed="1784029253" result="Passed" start-time="2026-03-09T18:18:54.4904126Z" end-time="2026-03-09T18:18:54.4904126Z" duration="0.001435" asserts="1" />
      </test-suite>
    </test-suite>
  </test-suite>
</test-run>