<?xml version="1.0" encoding="utf-8" standalone="no"?>
<test-run id="2" testcasecount="217" result="Failed" total="217" passed="216" failed="1" inconclusive="0" skipped="0" asserts="975" engine-version="3.4.1.0" clr-version="4.0.30319.42000" start-time="2023-06-30 20:34:11Z" end-time="2023-06-30 20:34:13Z" duration="2.250264">
  <command-line><![CDATA[spec\csharp\packages\NUnit.ConsoleRunner.3.4.1\tools\nunit3-console.exe --result=test_out/csharp/TestResult.xml spec/csharp/kaitai_struct_csharp_tests/bin/Debug/kaitai_struct_csharp_tests.dll]]></command-line>
  <test-suite type="Assembly" id="0-1434" name="kaitai_struct_csharp_tests.dll" fullname="C:\projects\ci-targets\tests\spec\csharp\kaitai_struct_csharp_tests\bin\Debug\kaitai_struct_csharp_tests.dll" runstate="Runnable" testcasecount="217" result="Failed" site="Child" start-time="2023-06-30 20:34:11Z" end-time="2023-06-30 20:34:13Z" duration="2.159921" total="217" passed="216" failed="1" inconclusive="0" skipped="0" asserts="975">
    <environment framework-version="3.4.1.0" clr-version="4.0.30319.42000" os-version="Microsoft Windows NT 10.0.14393.0" platform="Win32NT" cwd="C:\projects\ci-targets\tests" machine-name="APPVYR-WIN" user="appveyor" user-domain="APPVYR-WIN" culture="en-US" uiculture="en-US" os-architecture="x64" />
    <settings>
      <setting name="WorkDirectory" value="C:\projects\ci-targets\tests" />
      <setting name="ImageRuntimeVersion" value="4.0.30319" />
      <setting name="ImageTargetFrameworkName" value=".NETFramework,Version=v4.5" />
      <setting name="ImageRequiresX86" value="False" />
      <setting name="ImageRequiresDefaultAppDomainAssemblyResolver" value="False" />
      <setting name="NumberOfTestWorkers" value="2" />
    </settings>
    <properties>
      <property name="_PID" value="480" />
      <property name="_APPDOMAIN" value="test-domain-" />
    </properties>
    <failure>
      <message><![CDATA[One or more child tests had errors]]></message>
    </failure>
    <test-suite type="TestSuite" id="0-1435" name="Kaitai" fullname="Kaitai" runstate="Runnable" testcasecount="217" result="Failed" site="Child" start-time="2023-06-30 20:34:11Z" end-time="2023-06-30 20:34:13Z" duration="2.132613" total="217" passed="216" failed="1" inconclusive="0" skipped="0" asserts="975">
      <failure>
        <message><![CDATA[One or more child tests had errors]]></message>
      </failure>
      <test-suite type="TestFixture" id="0-1000" name="SpecBcdUserTypeBe" fullname="Kaitai.SpecBcdUserTypeBe" classname="Kaitai.SpecBcdUserTypeBe" runstate="Runnable" testcasecount="1" result="Passed" start-time="2023-06-30 20:34:11Z" end-time="2023-06-30 20:34:11Z" duration="0.046503" total="1" passed="1" failed="0" inconclusive="0" skipped="0" asserts="6">
        <test-case id="0-1001" name="TestBcdUserTypeBe" fullname="Kaitai.SpecBcdUserTypeBe.TestBcdUserTypeBe" methodname="TestBcdUserTypeBe" classname="Kaitai.SpecBcdUserTypeBe" runstate="Runnable" seed="1749611316" result="Passed" start-time="2023-06-30 20:34:11Z" end-time="2023-06-30 20:34:11Z" duration="0.024416" asserts="6" />
      </test-suite>
      <test-suite type="TestFixture" id="0-1002" name="SpecBcdUserTypeLe" fullname="Kaitai.SpecBcdUserTypeLe" classname="Kaitai.SpecBcdUserTypeLe" runstate="Runnable" testcasecount="1" result="Passed" start-time="2023-06-30 20:34:11Z" end-time="2023-06-30 20:34:11Z" duration="0.010060" total="1" passed="1" failed="0" inconclusive="0" skipped="0" asserts="6">
        <test-case id="0-1003" name="TestBcdUserTypeLe" fullname="Kaitai.SpecBcdUserTypeLe.TestBcdUserTypeLe" methodname="TestBcdUserTypeLe" classname="Kaitai.SpecBcdUserTypeLe" runstate="Runnable" seed="1966290783" result="Passed" start-time="2023-06-30 20:34:11Z" end-time="2023-06-30 20:34:11Z" duration="0.006532" asserts="6" />
      </test-suite>
      <test-suite type="TestFixture" id="0-1004" name="SpecBitsByteAligned" fullname="Kaitai.SpecBitsByteAligned" classname="Kaitai.SpecBitsByteAligned" runstate="Runnable" testcasecount="1" result="Passed" start-time="2023-06-30 20:34:11Z" end-time="2023-06-30 20:34:11Z" duration="0.009026" total="1" passed="1" failed="0" inconclusive="0" skipped="0" asserts="9">
        <test-case id="0-1005" name="TestBitsByteAligned" fullname="Kaitai.SpecBitsByteAligned.TestBitsByteAligned" methodname="TestBitsByteAligned" classname="Kaitai.SpecBitsByteAligned" runstate="Runnable" seed="273285831" result="Passed" start-time="2023-06-30 20:34:11Z" end-time="2023-06-30 20:34:11Z" duration="0.005388" asserts="9" />
      </test-suite>
      <test-suite type="TestFixture" id="0-1006" name="SpecBitsEnum" fullname="Kaitai.SpecBitsEnum" classname="Kaitai.SpecBitsEnum" runstate="Runnable" testcasecount="1" result="Passed" start-time="2023-06-30 20:34:11Z" end-time="2023-06-30 20:34:11Z" duration="0.003988" total="1" passed="1" failed="0" inconclusive="0" skipped="0" asserts="3">
        <test-case id="0-1007" name="TestBitsEnum" fullname="Kaitai.SpecBitsEnum.TestBitsEnum" methodname="TestBitsEnum" classname="Kaitai.SpecBitsEnum" runstate="Runnable" seed="682962742" result="Passed" start-time="2023-06-30 20:34:11Z" end-time="2023-06-30 20:34:11Z" duration="0.000886" asserts="3" />
      </test-suite>
      <test-suite type="TestFixture" id="0-1008" name="SpecBitsSeqEndianCombo" fullname="Kaitai.SpecBitsSeqEndianCombo" classname="Kaitai.SpecBitsSeqEndianCombo" runstate="Runnable" testcasecount="1" result="Passed" start-time="2023-06-30 20:34:11Z" end-time="2023-06-30 20:34:11Z" duration="0.004987" total="1" passed="1" failed="0" inconclusive="0" skipped="0" asserts="8">
        <test-case id="0-1009" name="TestBitsSeqEndianCombo" fullname="Kaitai.SpecBitsSeqEndianCombo.TestBitsSeqEndianCombo" methodname="TestBitsSeqEndianCombo" classname="Kaitai.SpecBitsSeqEndianCombo" runstate="Runnable" seed="1228274593" result="Passed" start-time="2023-06-30 20:34:11Z" end-time="2023-06-30 20:34:11Z" duration="0.001678" asserts="8" />
      </test-suite>
      <test-suite type="TestFixture" id="0-1010" name="SpecBitsShiftByB32Le" fullname="Kaitai.SpecBitsShiftByB32Le" classname="Kaitai.SpecBitsShiftByB32Le" runstate="Runnable" testcasecount="1" result="Passed" start-time="2023-06-30 20:34:11Z" end-time="2023-06-30 20:34:11Z" duration="0.003981" total="1" passed="1" failed="0" inconclusive="0" skipped="0" asserts="2">
        <test-case id="0-1011" name="TestBitsShiftByB32Le" fullname="Kaitai.SpecBitsShiftByB32Le.TestBitsShiftByB32Le" methodname="TestBitsShiftByB32Le" classname="Kaitai.SpecBitsShiftByB32Le" runstate="Runnable" seed="885629195" result="Passed" start-time="2023-06-30 20:34:11Z" end-time="2023-06-30 20:34:11Z" duration="0.000756" asserts="2" />
      </test-suite>
      <test-suite type="TestFixture" id="0-1012" name="SpecBitsShiftByB64Le" fullname="Kaitai.SpecBitsShiftByB64Le" classname="Kaitai.SpecBitsShiftByB64Le" runstate="Runnable" testcasecount="1" result="Passed" start-time="2023-06-30 20:34:11Z" end-time="2023-06-30 20:34:11Z" duration="0.004010" total="1" passed="1" failed="0" inconclusive="0" skipped="0" asserts="2">
        <test-case id="0-1013" name="TestBitsShiftByB64Le" fullname="Kaitai.SpecBitsShiftByB64Le.TestBitsShiftByB64Le" methodname="TestBitsShiftByB64Le" classname="Kaitai.SpecBitsShiftByB64Le" runstate="Runnable" seed="1151697406" result="Passed" start-time="2023-06-30 20:34:11Z" end-time="2023-06-30 20:34:11Z" duration="0.000742" asserts="2" />
      </test-suite>
      <test-suite type="TestFixture" id="0-1014" name="SpecBitsSignedResB32Be" fullname="Kaitai.SpecBitsSignedResB32Be" classname="Kaitai.SpecBitsSignedResB32Be" runstate="Runnable" testcasecount="1" result="Passed" start-time="2023-06-30 20:34:11Z" end-time="2023-06-30 20:34:11Z" duration="0.004040" total="1" passed="1" failed="0" inconclusive="0" skipped="0" asserts="1">
        <test-case id="0-1015" name="TestBitsSignedResB32Be" fullname="Kaitai.SpecBitsSignedResB32Be.TestBitsSignedResB32Be" methodname="TestBitsSignedResB32Be" classname="Kaitai.SpecBitsSignedResB32Be" runstate="Runnable" seed="228989922" result="Passed" start-time="2023-06-30 20:34:11Z" end-time="2023-06-30 20:34:11Z" duration="0.000614" asserts="1" />
      </test-suite>
      <test-suite type="TestFixture" id="0-1016" name="SpecBitsSignedResB32Le" fullname="Kaitai.SpecBitsSignedResB32Le" classname="Kaitai.SpecBitsSignedResB32Le" runstate="Runnable" testcasecount="1" result="Passed" start-time="2023-06-30 20:34:11Z" end-time="2023-06-30 20:34:11Z" duration="0.004024" total="1" passed="1" failed="0" inconclusive="0" skipped="0" asserts="1">
        <test-case id="0-1017" name="TestBitsSignedResB32Le" fullname="Kaitai.SpecBitsSignedResB32Le.TestBitsSignedResB32Le" methodname="TestBitsSignedResB32Le" classname="Kaitai.SpecBitsSignedResB32Le" runstate="Runnable" seed="1897342577" result="Passed" start-time="2023-06-30 20:34:11Z" end-time="2023-06-30 20:34:11Z" duration="0.000564" asserts="1" />
      </test-suite>
      <test-suite type="TestFixture" id="0-1018" name="SpecBitsSignedShiftB32Le" fullname="Kaitai.SpecBitsSignedShiftB32Le" classname="Kaitai.SpecBitsSignedShiftB32Le" runstate="Runnable" testcasecount="1" result="Passed" start-time="2023-06-30 20:34:11Z" end-time="2023-06-30 20:34:11Z" duration="0.003981" total="1" passed="1" failed="0" inconclusive="0" skipped="0" asserts="2">
        <test-case id="0-1019" name="TestBitsSignedShiftB32Le" fullname="Kaitai.SpecBitsSignedShiftB32Le.TestBitsSignedShiftB32Le" methodname="TestBitsSignedShiftB32Le" classname="Kaitai.SpecBitsSignedShiftB32Le" runstate="Runnable" seed="2146006510" result="Passed" start-time="2023-06-30 20:34:11Z" end-time="2023-06-30 20:34:11Z" duration="0.000657" asserts="2" />
      </test-suite>
      <test-suite type="TestFixture" id="0-1020" name="SpecBitsSignedShiftB64Le" fullname="Kaitai.SpecBitsSignedShiftB64Le" classname="Kaitai.SpecBitsSignedShiftB64Le" runstate="Runnable" testcasecount="1" result="Passed" start-time="2023-06-30 20:34:11Z" end-time="2023-06-30 20:34:11Z" duration="0.006003" total="1" passed="1" failed="0" inconclusive="0" skipped="0" asserts="2">
        <test-case id="0-1021" name="TestBitsSignedShiftB64Le" fullname="Kaitai.SpecBitsSignedShiftB64Le.TestBitsSignedShiftB64Le" methodname="TestBitsSignedShiftB64Le" classname="Kaitai.SpecBitsSignedShiftB64Le" runstate="Runnable" seed="1702183620" result="Passed" start-time="2023-06-30 20:34:11Z" end-time="2023-06-30 20:34:11Z" duration="0.002482" asserts="2" />
      </test-suite>
      <test-suite type="TestFixture" id="0-1022" name="SpecBitsSimple" fullname="Kaitai.SpecBitsSimple" classname="Kaitai.SpecBitsSimple" runstate="Runnable" testcasecount="1" result="Passed" start-time="2023-06-30 20:34:11Z" end-time="2023-06-30 20:34:11Z" duration="0.005993" total="1" passed="1" failed="0" inconclusive="0" skipped="0" asserts="14">
        <test-case id="0-1023" name="TestBitsSimple" fullname="Kaitai.SpecBitsSimple.TestBitsSimple" methodname="TestBitsSimple" classname="Kaitai.SpecBitsSimple" runstate="Runnable" seed="1380099002" result="Passed" start-time="2023-06-30 20:34:11Z" end-time="2023-06-30 20:34:11Z" duration="0.002590" asserts="14" />
      </test-suite>
      <test-suite type="TestFixture" id="0-1024" name="SpecBitsSimpleLe" fullname="Kaitai.SpecBitsSimpleLe" classname="Kaitai.SpecBitsSimpleLe" runstate="Runnable" testcasecount="1" result="Passed" start-time="2023-06-30 20:34:11Z" end-time="2023-06-30 20:34:11Z" duration="0.006041" total="1" passed="1" failed="0" inconclusive="0" skipped="0" asserts="14">
        <test-case id="0-1025" name="TestBitsSimpleLe" fullname="Kaitai.SpecBitsSimpleLe.TestBitsSimpleLe" methodname="TestBitsSimpleLe" classname="Kaitai.SpecBitsSimpleLe" runstate="Runnable" seed="1524750993" result="Passed" start-time="2023-06-30 20:34:11Z" end-time="2023-06-30 20:34:11Z" duration="0.002090" asserts="14" />
      </test-suite>
      <test-suite type="TestFixture" id="0-1026" name="SpecBitsUnalignedB32Be" fullname="Kaitai.SpecBitsUnalignedB32Be" classname="Kaitai.SpecBitsUnalignedB32Be" runstate="Runnable" testcasecount="1" result="Passed" start-time="2023-06-30 20:34:11Z" end-time="2023-06-30 20:34:11Z" duration="0.004015" total="1" passed="1" failed="0" inconclusive="0" skipped="0" asserts="3">
        <test-case id="0-1027" name="TestBitsUnalignedB32Be" fullname="Kaitai.SpecBitsUnalignedB32Be.TestBitsUnalignedB32Be" methodname="TestBitsUnalignedB32Be" classname="Kaitai.SpecBitsUnalignedB32Be" runstate="Runnable" seed="1367962491" result="Passed" start-time="2023-06-30 20:34:11Z" end-time="2023-06-30 20:34:11Z" duration="0.000813" asserts="3" />
      </test-suite>
      <test-suite type="TestFixture" id="0-1028" name="SpecBitsUnalignedB32Le" fullname="Kaitai.SpecBitsUnalignedB32Le" classname="Kaitai.SpecBitsUnalignedB32Le" runstate="Runnable" testcasecount="1" result="Passed" start-time="2023-06-30 20:34:11Z" end-time="2023-06-30 20:34:11Z" duration="0.003995" total="1" passed="1" failed="0" inconclusive="0" skipped="0" asserts="3">
        <test-case id="0-1029" name="TestBitsUnalignedB32Le" fullname="Kaitai.SpecBitsUnalignedB32Le.TestBitsUnalignedB32Le" methodname="TestBitsUnalignedB32Le" classname="Kaitai.SpecBitsUnalignedB32Le" runstate="Runnable" seed="1082308879" result="Passed" start-time="2023-06-30 20:34:11Z" end-time="2023-06-30 20:34:11Z" duration="0.000792" asserts="3" />
      </test-suite>
      <test-suite type="TestFixture" id="0-1030" name="SpecBitsUnalignedB64Be" fullname="Kaitai.SpecBitsUnalignedB64Be" classname="Kaitai.SpecBitsUnalignedB64Be" runstate="Runnable" testcasecount="1" result="Passed" start-time="2023-06-30 20:34:11Z" end-time="2023-06-30 20:34:11Z" duration="0.003987" total="1" passed="1" failed="0" inconclusive="0" skipped="0" asserts="3">
        <test-case id="0-1031" name="TestBitsUnalignedB64Be" fullname="Kaitai.SpecBitsUnalignedB64Be.TestBitsUnalignedB64Be" methodname="TestBitsUnalignedB64Be" classname="Kaitai.SpecBitsUnalignedB64Be" runstate="Runnable" seed="1691376696" result="Passed" start-time="2023-06-30 20:34:11Z" end-time="2023-06-30 20:34:11Z" duration="0.000776" asserts="3" />
      </test-suite>
      <test-suite type="TestFixture" id="0-1032" name="SpecBitsUnalignedB64Le" fullname="Kaitai.SpecBitsUnalignedB64Le" classname="Kaitai.SpecBitsUnalignedB64Le" runstate="Runnable" testcasecount="1" result="Passed" start-time="2023-06-30 20:34:11Z" end-time="2023-06-30 20:34:11Z" duration="0.004008" total="1" passed="1" failed="0" inconclusive="0" skipped="0" asserts="3">
        <test-case id="0-1033" name="TestBitsUnalignedB64Le" fullname="Kaitai.SpecBitsUnalignedB64Le.TestBitsUnalignedB64Le" methodname="TestBitsUnalignedB64Le" classname="Kaitai.SpecBitsUnalignedB64Le" runstate="Runnable" seed="385703654" result="Passed" start-time="2023-06-30 20:34:11Z" end-time="2023-06-30 20:34:11Z" duration="0.000798" asserts="3" />
      </test-suite>
      <test-suite type="TestFixture" id="0-1034" name="SpecBufferedStruct" fullname="Kaitai.SpecBufferedStruct" classname="Kaitai.SpecBufferedStruct" runstate="Runnable" testcasecount="1" result="Passed" start-time="2023-06-30 20:34:11Z" end-time="2023-06-30 20:34:11Z" duration="0.006009" total="1" passed="1" failed="0" inconclusive="0" skipped="0" asserts="7">
        <test-case id="0-1035" name="TestBufferedStruct" fullname="Kaitai.SpecBufferedStruct.TestBufferedStruct" methodname="TestBufferedStruct" classname="Kaitai.SpecBufferedStruct" runstate="Runnable" seed="1338608505" result="Passed" start-time="2023-06-30 20:34:11Z" end-time="2023-06-30 20:34:11Z" duration="0.002821" asserts="7" />
      </test-suite>
      <test-suite type="TestFixture" id="0-1036" name="SpecBytesPadTerm" fullname="Kaitai.SpecBytesPadTerm" classname="Kaitai.SpecBytesPadTerm" runstate="Runnable" testcasecount="1" result="Passed" start-time="2023-06-30 20:34:11Z" end-time="2023-06-30 20:34:11Z" duration="0.005010" total="1" passed="1" failed="0" inconclusive="0" skipped="0" asserts="4">
        <test-case id="0-1037" name="TestBytesPadTerm" fullname="Kaitai.SpecBytesPadTerm.TestBytesPadTerm" methodname="TestBytesPadTerm" classname="Kaitai.SpecBytesPadTerm" runstate="Runnable" seed="1260940660" result="Passed" start-time="2023-06-30 20:34:11Z" end-time="2023-06-30 20:34:11Z" duration="0.001333" asserts="4" />
      </test-suite>
      <test-suite type="TestFixture" id="0-1038" name="SpecCastNested" fullname="Kaitai.SpecCastNested" classname="Kaitai.SpecCastNested" runstate="Runnable" testcasecount="1" result="Passed" start-time="2023-06-30 20:34:11Z" end-time="2023-06-30 20:34:11Z" duration="0.008984" total="1" passed="1" failed="0" inconclusive="0" skipped="0" asserts="4">
        <test-case id="0-1039" name="TestCastNested" fullname="Kaitai.SpecCastNested.TestCastNested" methodname="TestCastNested" classname="Kaitai.SpecCastNested" runstate="Runnable" seed="1632974931" result="Passed" start-time="2023-06-30 20:34:11Z" end-time="2023-06-30 20:34:11Z" duration="0.002918" asserts="4" />
      </test-suite>
      <test-suite type="TestFixture" id="0-1040" name="SpecCastToImported" fullname="Kaitai.SpecCastToImported" classname="Kaitai.SpecCastToImported" runstate="Runnable" testcasecount="1" result="Passed" start-time="2023-06-30 20:34:11Z" end-time="2023-06-30 20:34:11Z" duration="0.006010" total="1" passed="1" failed="0" inconclusive="0" skipped="0" asserts="2">
        <test-case id="0-1041" name="TestCastToImported" fullname="Kaitai.SpecCastToImported.TestCastToImported" methodname="TestCastToImported" classname="Kaitai.SpecCastToImported" runstate="Runnable" seed="2059110918" result="Passed" start-time="2023-06-30 20:34:11Z" end-time="2023-06-30 20:34:11Z" duration="0.002589" asserts="2" />
      </test-suite>
      <test-suite type="TestFixture" id="0-1042" name="SpecCastToTop" fullname="Kaitai.SpecCastToTop" classname="Kaitai.SpecCastToTop" runstate="Runnable" testcasecount="1" result="Passed" start-time="2023-06-30 20:34:11Z" end-time="2023-06-30 20:34:11Z" duration="0.005010" total="1" passed="1" failed="0" inconclusive="0" skipped="0" asserts="3">
        <test-case id="0-1043" name="TestCastToTop" fullname="Kaitai.SpecCastToTop.TestCastToTop" methodname="TestCastToTop" classname="Kaitai.SpecCastToTop" runstate="Runnable" seed="1980653176" result="Passed" start-time="2023-06-30 20:34:11Z" end-time="2023-06-30 20:34:11Z" duration="0.001168" asserts="3" />
      </test-suite>
      <test-suite type="TestFixture" id="0-1044" name="SpecCombineBool" fullname="Kaitai.SpecCombineBool" classname="Kaitai.SpecCombineBool" runstate="Runnable" testcasecount="1" result="Passed" start-time="2023-06-30 20:34:11Z" end-time="2023-06-30 20:34:11Z" duration="0.004005" total="1" passed="1" failed="0" inconclusive="0" skipped="0" asserts="2">
        <test-case id="0-1045" name="TestCombineBool" fullname="Kaitai.SpecCombineBool.TestCombineBool" methodname="TestCombineBool" classname="Kaitai.SpecCombineBool" runstate="Runnable" seed="1537248120" result="Passed" start-time="2023-06-30 20:34:11Z" end-time="2023-06-30 20:34:11Z" duration="0.000845" asserts="2" />
      </test-suite>
      <test-suite type="TestFixture" id="0-1046" name="SpecCombineBytes" fullname="Kaitai.SpecCombineBytes" classname="Kaitai.SpecCombineBytes" runstate="Runnable" testcasecount="1" result="Passed" start-time="2023-06-30 20:34:11Z" end-time="2023-06-30 20:34:11Z" duration="0.006007" total="1" passed="1" failed="0" inconclusive="0" skipped="0" asserts="10">
        <test-case id="0-1047" name="TestCombineBytes" fullname="Kaitai.SpecCombineBytes.TestCombineBytes" methodname="TestCombineBytes" classname="Kaitai.SpecCombineBytes" runstate="Runnable" seed="2126235107" result="Passed" start-time="2023-06-30 20:34:11Z" end-time="2023-06-30 20:34:11Z" duration="0.002140" asserts="10" />
      </test-suite>
      <test-suite type="TestFixture" id="0-1048" name="SpecCombineEnum" fullname="Kaitai.SpecCombineEnum" classname="Kaitai.SpecCombineEnum" runstate="Runnable" testcasecount="1" result="Passed" start-time="2023-06-30 20:34:11Z" end-time="2023-06-30 20:34:11Z" duration="0.005004" total="1" passed="1" failed="0" inconclusive="0" skipped="0" asserts="3">
        <test-case id="0-1049" name="TestCombineEnum" fullname="Kaitai.SpecCombineEnum.TestCombineEnum" methodname="TestCombineEnum" classname="Kaitai.SpecCombineEnum" runstate="Runnable" seed="1520148017" result="Passed" start-time="2023-06-30 20:34:11Z" end-time="2023-06-30 20:34:11Z" duration="0.001101" asserts="3" />
      </test-suite>
      <test-suite type="TestFixture" id="0-1050" name="SpecCombineStr" fullname="Kaitai.SpecCombineStr" classname="Kaitai.SpecCombineStr" runstate="Runnable" testcasecount="1" result="Passed" start-time="2023-06-30 20:34:11Z" end-time="2023-06-30 20:34:11Z" duration="0.006009" total="1" passed="1" failed="0" inconclusive="0" skipped="0" asserts="15">
        <test-case id="0-1051" name="TestCombineStr" fullname="Kaitai.SpecCombineStr.TestCombineStr" methodname="TestCombineStr" classname="Kaitai.SpecCombineStr" runstate="Runnable" seed="2026193888" result="Passed" start-time="2023-06-30 20:34:11Z" end-time="2023-06-30 20:34:11Z" duration="0.002687" asserts="15" />
      </test-suite>
      <test-suite type="TestFixture" id="0-1052" name="SpecDebug0" fullname="Kaitai.SpecDebug0" classname="Kaitai.SpecDebug0" runstate="Runnable" testcasecount="1" result="Passed" start-time="2023-06-30 20:34:11Z" end-time="2023-06-30 20:34:11Z" duration="0.004530" total="1" passed="1" failed="0" inconclusive="0" skipped="0" asserts="0">
        <test-case id="0-1053" name="TestDebug0" fullname="Kaitai.SpecDebug0.TestDebug0" methodname="TestDebug0" classname="Kaitai.SpecDebug0" runstate="Runnable" seed="460520503" result="Passed" start-time="2023-06-30 20:34:11Z" end-time="2023-06-30 20:34:11Z" duration="0.000111" asserts="0" />
      </test-suite>
      <test-suite type="TestFixture" id="0-1054" name="SpecDebugArrayUser" fullname="Kaitai.SpecDebugArrayUser" classname="Kaitai.SpecDebugArrayUser" runstate="Runnable" testcasecount="1" result="Passed" start-time="2023-06-30 20:34:11Z" end-time="2023-06-30 20:34:11Z" duration="0.008025" total="1" passed="1" failed="0" inconclusive="0" skipped="0" asserts="4">
        <test-case id="0-1055" name="TestDebugArrayUser" fullname="Kaitai.SpecDebugArrayUser.TestDebugArrayUser" methodname="TestDebugArrayUser" classname="Kaitai.SpecDebugArrayUser" runstate="Runnable" seed="916046115" result="Passed" start-time="2023-06-30 20:34:11Z" end-time="2023-06-30 20:34:11Z" duration="0.004634" asserts="4" />
      </test-suite>
      <test-suite type="TestFixture" id="0-1056" name="SpecDebugEnumName" fullname="Kaitai.SpecDebugEnumName" classname="Kaitai.SpecDebugEnumName" runstate="Runnable" testcasecount="1" result="Passed" start-time="2023-06-30 20:34:11Z" end-time="2023-06-30 20:34:11Z" duration="0.004010" total="1" passed="1" failed="0" inconclusive="0" skipped="0" asserts="0">
        <test-case id="0-1057" name="TestDebugEnumName" fullname="Kaitai.SpecDebugEnumName.TestDebugEnumName" methodname="TestDebugEnumName" classname="Kaitai.SpecDebugEnumName" runstate="Runnable" seed="22661864" result="Passed" start-time="2023-06-30 20:34:11Z" end-time="2023-06-30 20:34:11Z" duration="0.000101" asserts="0" />
      </test-suite>
      <test-suite type="TestFixture" id="0-1058" name="SpecDebugSwitchUser" fullname="Kaitai.SpecDebugSwitchUser" classname="Kaitai.SpecDebugSwitchUser" runstate="Runnable" testcasecount="1" result="Passed" start-time="2023-06-30 20:34:11Z" end-time="2023-06-30 20:34:11Z" duration="0.005013" total="1" passed="1" failed="0" inconclusive="0" skipped="0" asserts="2">
        <test-case id="0-1059" name="TestDebugSwitchUser" fullname="Kaitai.SpecDebugSwitchUser.TestDebugSwitchUser" methodname="TestDebugSwitchUser" classname="Kaitai.SpecDebugSwitchUser" runstate="Runnable" seed="2068916209" result="Passed" start-time="2023-06-30 20:34:11Z" end-time="2023-06-30 20:34:11Z" duration="0.001303" asserts="2" />
      </test-suite>
      <test-suite type="TestFixture" id="0-1060" name="SpecDefaultBigEndian" fullname="Kaitai.SpecDefaultBigEndian" classname="Kaitai.SpecDefaultBigEndian" runstate="Runnable" testcasecount="1" result="Passed" start-time="2023-06-30 20:34:11Z" end-time="2023-06-30 20:34:11Z" duration="0.004011" total="1" passed="1" failed="0" inconclusive="0" skipped="0" asserts="1">
        <test-case id="0-1061" name="TestDefaultBigEndian" fullname="Kaitai.SpecDefaultBigEndian.TestDefaultBigEndian" methodname="TestDefaultBigEndian" classname="Kaitai.SpecDefaultBigEndian" runstate="Runnable" seed="1510815566" result="Passed" start-time="2023-06-30 20:34:11Z" end-time="2023-06-30 20:34:11Z" duration="0.000803" asserts="1" />
      </test-suite>
      <test-suite type="TestFixture" id="0-1062" name="SpecDefaultBitEndianMod" fullname="Kaitai.SpecDefaultBitEndianMod" classname="Kaitai.SpecDefaultBitEndianMod" runstate="Runnable" testcasecount="1" result="Passed" start-time="2023-06-30 20:34:11Z" end-time="2023-06-30 20:34:11Z" duration="0.005000" total="1" passed="1" failed="0" inconclusive="0" skipped="0" asserts="4">
        <test-case id="0-1063" name="TestDefaultBitEndianMod" fullname="Kaitai.SpecDefaultBitEndianMod.TestDefaultBitEndianMod" methodname="TestDefaultBitEndianMod" classname="Kaitai.SpecDefaultBitEndianMod" runstate="Runnable" seed="1519541390" result="Passed" start-time="2023-06-30 20:34:11Z" end-time="2023-06-30 20:34:11Z" duration="0.001671" asserts="4" />
      </test-suite>
      <test-suite type="TestFixture" id="0-1064" name="SpecDefaultEndianExprException" fullname="Kaitai.SpecDefaultEndianExprException" classname="Kaitai.SpecDefaultEndianExprException" runstate="Runnable" testcasecount="1" result="Passed" start-time="2023-06-30 20:34:11Z" end-time="2023-06-30 20:34:11Z" duration="0.014293" total="1" passed="1" failed="0" inconclusive="0" skipped="0" asserts="1">
        <test-case id="0-1065" name="TestDefaultEndianExprException" fullname="Kaitai.SpecDefaultEndianExprException.TestDefaultEndianExprException" methodname="TestDefaultEndianExprException" classname="Kaitai.SpecDefaultEndianExprException" runstate="Runnable" seed="2075716194" result="Passed" start-time="2023-06-30 20:34:11Z" end-time="2023-06-30 20:34:11Z" duration="0.010219" asserts="1" />
      </test-suite>
      <test-suite type="TestFixture" id="0-1066" name="SpecDefaultEndianExprInherited" fullname="Kaitai.SpecDefaultEndianExprInherited" classname="Kaitai.SpecDefaultEndianExprInherited" runstate="Runnable" testcasecount="1" result="Passed" start-time="2023-06-30 20:34:11Z" end-time="2023-06-30 20:34:11Z" duration="0.008027" total="1" passed="1" failed="0" inconclusive="0" skipped="0" asserts="15">
        <test-case id="0-1067" name="TestDefaultEndianExprInherited" fullname="Kaitai.SpecDefaultEndianExprInherited.TestDefaultEndianExprInherited" methodname="TestDefaultEndianExprInherited" classname="Kaitai.SpecDefaultEndianExprInherited" runstate="Runnable" seed="1466665052" result="Passed" start-time="2023-06-30 20:34:11Z" end-time="2023-06-30 20:34:11Z" duration="0.004288" asserts="15" />
      </test-suite>
      <test-suite type="TestFixture" id="0-1068" name="SpecDefaultEndianExprIsBe" fullname="Kaitai.SpecDefaultEndianExprIsBe" classname="Kaitai.SpecDefaultEndianExprIsBe" runstate="Runnable" testcasecount="1" result="Passed" start-time="2023-06-30 20:34:11Z" end-time="2023-06-30 20:34:11Z" duration="0.008062" total="1" passed="1" failed="0" inconclusive="0" skipped="0" asserts="18">
        <test-case id="0-1069" name="TestDefaultEndianExprIsBe" fullname="Kaitai.SpecDefaultEndianExprIsBe.TestDefaultEndianExprIsBe" methodname="TestDefaultEndianExprIsBe" classname="Kaitai.SpecDefaultEndianExprIsBe" runstate="Runnable" seed="449203171" result="Passed" start-time="2023-06-30 20:34:11Z" end-time="2023-06-30 20:34:11Z" duration="0.004492" asserts="18" />
      </test-suite>
      <test-suite type="TestFixture" id="0-1070" name="SpecDefaultEndianExprIsLe" fullname="Kaitai.SpecDefaultEndianExprIsLe" classname="Kaitai.SpecDefaultEndianExprIsLe" runstate="Runnable" testcasecount="1" result="Passed" start-time="2023-06-30 20:34:11Z" end-time="2023-06-30 20:34:11Z" duration="0.008493" total="1" passed="1" failed="0" inconclusive="0" skipped="0" asserts="12">
        <test-case id="0-1071" name="TestDefaultEndianExprIsLe" fullname="Kaitai.SpecDefaultEndianExprIsLe.TestDefaultEndianExprIsLe" methodname="TestDefaultEndianExprIsLe" classname="Kaitai.SpecDefaultEndianExprIsLe" runstate="Runnable" seed="902909114" result="Passed" start-time="2023-06-30 20:34:11Z" end-time="2023-06-30 20:34:11Z" duration="0.005889" asserts="12" />
      </test-suite>
      <test-suite type="TestFixture" id="0-1072" name="SpecDefaultEndianMod" fullname="Kaitai.SpecDefaultEndianMod" classname="Kaitai.SpecDefaultEndianMod" runstate="Runnable" testcasecount="1" result="Passed" start-time="2023-06-30 20:34:11Z" end-time="2023-06-30 20:34:11Z" duration="0.005008" total="1" passed="1" failed="0" inconclusive="0" skipped="0" asserts="3">
        <test-case id="0-1073" name="TestDefaultEndianMod" fullname="Kaitai.SpecDefaultEndianMod.TestDefaultEndianMod" methodname="TestDefaultEndianMod" classname="Kaitai.SpecDefaultEndianMod" runstate="Runnable" seed="1136188853" result="Passed" start-time="2023-06-30 20:34:11Z" end-time="2023-06-30 20:34:11Z" duration="0.001638" asserts="3" />
      </test-suite>
      <test-suite type="TestFixture" id="0-1074" name="SpecDocstrings" fullname="Kaitai.SpecDocstrings" classname="Kaitai.SpecDocstrings" runstate="Runnable" testcasecount="1" result="Passed" start-time="2023-06-30 20:34:11Z" end-time="2023-06-30 20:34:11Z" duration="0.003986" total="1" passed="1" failed="0" inconclusive="0" skipped="0" asserts="0">
        <test-case id="0-1075" name="TestDocstrings" fullname="Kaitai.SpecDocstrings.TestDocstrings" methodname="TestDocstrings" classname="Kaitai.SpecDocstrings" runstate="Runnable" seed="1568385318" result="Passed" start-time="2023-06-30 20:34:11Z" end-time="2023-06-30 20:34:11Z" duration="0.000467" asserts="0" />
      </test-suite>
      <test-suite type="TestFixture" id="0-1076" name="SpecDocstringsDocref" fullname="Kaitai.SpecDocstringsDocref" classname="Kaitai.SpecDocstringsDocref" runstate="Runnable" testcasecount="1" result="Passed" start-time="2023-06-30 20:34:11Z" end-time="2023-06-30 20:34:11Z" duration="0.003929" total="1" passed="1" failed="0" inconclusive="0" skipped="0" asserts="0">
        <test-case id="0-1077" name="TestDocstringsDocref" fullname="Kaitai.SpecDocstringsDocref.TestDocstringsDocref" methodname="TestDocstringsDocref" classname="Kaitai.SpecDocstringsDocref" runstate="Runnable" seed="1752648857" result="Passed" start-time="2023-06-30 20:34:11Z" end-time="2023-06-30 20:34:11Z" duration="0.000511" asserts="0" />
      </test-suite>
      <test-suite type="TestFixture" id="0-1078" name="SpecDocstringsDocrefMulti" fullname="Kaitai.SpecDocstringsDocrefMulti" classname="Kaitai.SpecDocstringsDocrefMulti" runstate="Runnable" testcasecount="1" result="Passed" start-time="2023-06-30 20:34:11Z" end-time="2023-06-30 20:34:11Z" duration="0.003993" total="1" passed="1" failed="0" inconclusive="0" skipped="0" asserts="0">
        <test-case id="0-1079" name="TestDocstringsDocrefMulti" fullname="Kaitai.SpecDocstringsDocrefMulti.TestDocstringsDocrefMulti" methodname="TestDocstringsDocrefMulti" classname="Kaitai.SpecDocstringsDocrefMulti" runstate="Runnable" seed="1903273102" result="Passed" start-time="2023-06-30 20:34:11Z" end-time="2023-06-30 20:34:11Z" duration="0.000430" asserts="0" />
      </test-suite>
      <test-suite type="TestFixture" id="0-1080" name="SpecEnum0" fullname="Kaitai.SpecEnum0" classname="Kaitai.SpecEnum0" runstate="Runnable" testcasecount="1" result="Passed" start-time="2023-06-30 20:34:11Z" end-time="2023-06-30 20:34:11Z" duration="0.004008" total="1" passed="1" failed="0" inconclusive="0" skipped="0" asserts="2">
        <test-case id="0-1081" name="TestEnum0" fullname="Kaitai.SpecEnum0.TestEnum0" methodname="TestEnum0" classname="Kaitai.SpecEnum0" runstate="Runnable" seed="171363113" result="Passed" start-time="2023-06-30 20:34:11Z" end-time="2023-06-30 20:34:11Z" duration="0.000677" asserts="2" />
      </test-suite>
      <test-suite type="TestFixture" id="0-1082" name="SpecEnum1" fullname="Kaitai.SpecEnum1" classname="Kaitai.SpecEnum1" runstate="Runnable" testcasecount="1" result="Passed" start-time="2023-06-30 20:34:11Z" end-time="2023-06-30 20:34:11Z" duration="0.005028" total="1" passed="1" failed="0" inconclusive="0" skipped="0" asserts="2">
        <test-case id="0-1083" name="TestEnum1" fullname="Kaitai.SpecEnum1.TestEnum1" methodname="TestEnum1" classname="Kaitai.SpecEnum1" runstate="Runnable" seed="58847247" result="Passed" start-time="2023-06-30 20:34:11Z" end-time="2023-06-30 20:34:11Z" duration="0.001180" asserts="2" />
      </test-suite>
      <test-suite type="TestFixture" id="0-1084" name="SpecEnumDeep" fullname="Kaitai.SpecEnumDeep" classname="Kaitai.SpecEnumDeep" runstate="Runnable" testcasecount="1" result="Passed" start-time="2023-06-30 20:34:11Z" end-time="2023-06-30 20:34:11Z" duration="0.004193" total="1" passed="1" failed="0" inconclusive="0" skipped="0" asserts="2">
        <test-case id="0-1085" name="TestEnumDeep" fullname="Kaitai.SpecEnumDeep.TestEnumDeep" methodname="TestEnumDeep" classname="Kaitai.SpecEnumDeep" runstate="Runnable" seed="1035324090" result="Passed" start-time="2023-06-30 20:34:11Z" end-time="2023-06-30 20:34:11Z" duration="0.000672" asserts="2" />
      </test-suite>
      <test-suite type="TestFixture" id="0-1086" name="SpecEnumDeepLiterals" fullname="Kaitai.SpecEnumDeepLiterals" classname="Kaitai.SpecEnumDeepLiterals" runstate="Runnable" testcasecount="1" result="Passed" start-time="2023-06-30 20:34:11Z" end-time="2023-06-30 20:34:11Z" duration="0.004007" total="1" passed="1" failed="0" inconclusive="0" skipped="0" asserts="2">
        <test-case id="0-1087" name="TestEnumDeepLiterals" fullname="Kaitai.SpecEnumDeepLiterals.TestEnumDeepLiterals" methodname="TestEnumDeepLiterals" classname="Kaitai.SpecEnumDeepLiterals" runstate="Runnable" seed="181333605" result="Passed" start-time="2023-06-30 20:34:11Z" end-time="2023-06-30 20:34:11Z" duration="0.000861" asserts="2" />
      </test-suite>
      <test-suite type="TestFixture" id="0-1088" name="SpecEnumFancy" fullname="Kaitai.SpecEnumFancy" classname="Kaitai.SpecEnumFancy" runstate="Runnable" testcasecount="1" result="Passed" start-time="2023-06-30 20:34:11Z" end-time="2023-06-30 20:34:11Z" duration="0.006007" total="1" passed="1" failed="0" inconclusive="0" skipped="0" asserts="2">
        <test-case id="0-1089" name="TestEnumFancy" fullname="Kaitai.SpecEnumFancy.TestEnumFancy" methodname="TestEnumFancy" classname="Kaitai.SpecEnumFancy" runstate="Runnable" seed="970979213" result="Passed" start-time="2023-06-30 20:34:11Z" end-time="2023-06-30 20:34:11Z" duration="0.000669" asserts="2" />
      </test-suite>
      <test-suite type="TestFixture" id="0-1090" name="SpecEnumForUnknownId" fullname="Kaitai.SpecEnumForUnknownId" classname="Kaitai.SpecEnumForUnknownId" runstate="Runnable" testcasecount="1" result="Passed" start-time="2023-06-30 20:34:11Z" end-time="2023-06-30 20:34:11Z" duration="0.004175" total="1" passed="1" failed="0" inconclusive="0" skipped="0" asserts="1">
        <test-case id="0-1091" name="TestEnumForUnknownId" fullname="Kaitai.SpecEnumForUnknownId.TestEnumForUnknownId" methodname="TestEnumForUnknownId" classname="Kaitai.SpecEnumForUnknownId" runstate="Runnable" seed="1051850280" result="Passed" start-time="2023-06-30 20:34:11Z" end-time="2023-06-30 20:34:11Z" duration="0.000575" asserts="1" />
      </test-suite>
      <test-suite type="TestFixture" id="0-1092" name="SpecEnumIf" fullname="Kaitai.SpecEnumIf" classname="Kaitai.SpecEnumIf" runstate="Runnable" testcasecount="1" result="Passed" start-time="2023-06-30 20:34:11Z" end-time="2023-06-30 20:34:11Z" duration="0.005984" total="1" passed="1" failed="0" inconclusive="0" skipped="0" asserts="7">
        <test-case id="0-1093" name="TestEnumIf" fullname="Kaitai.SpecEnumIf.TestEnumIf" methodname="TestEnumIf" classname="Kaitai.SpecEnumIf" runstate="Runnable" seed="1070887757" result="Passed" start-time="2023-06-30 20:34:11Z" end-time="2023-06-30 20:34:11Z" duration="0.002120" asserts="7" />
      </test-suite>
      <test-suite type="TestFixture" id="0-1094" name="SpecEnumImport" fullname="Kaitai.SpecEnumImport" classname="Kaitai.SpecEnumImport" runstate="Runnable" testcasecount="1" result="Passed" start-time="2023-06-30 20:34:11Z" end-time="2023-06-30 20:34:11Z" duration="0.003979" total="1" passed="1" failed="0" inconclusive="0" skipped="0" asserts="2">
        <test-case id="0-1095" name="TestEnumImport" fullname="Kaitai.SpecEnumImport.TestEnumImport" methodname="TestEnumImport" classname="Kaitai.SpecEnumImport" runstate="Runnable" seed="1006735887" result="Passed" start-time="2023-06-30 20:34:11Z" end-time="2023-06-30 20:34:11Z" duration="0.000839" asserts="2" />
      </test-suite>
      <test-suite type="TestFixture" id="0-1096" name="SpecEnumIntRangeS" fullname="Kaitai.SpecEnumIntRangeS" classname="Kaitai.SpecEnumIntRangeS" runstate="Runnable" testcasecount="1" result="Passed" start-time="2023-06-30 20:34:11Z" end-time="2023-06-30 20:34:11Z" duration="0.004018" total="1" passed="1" failed="0" inconclusive="0" skipped="0" asserts="3">
        <test-case id="0-1097" name="TestEnumIntRangeS" fullname="Kaitai.SpecEnumIntRangeS.TestEnumIntRangeS" methodname="TestEnumIntRangeS" classname="Kaitai.SpecEnumIntRangeS" runstate="Runnable" seed="493903723" result="Passed" start-time="2023-06-30 20:34:11Z" end-time="2023-06-30 20:34:11Z" duration="0.000807" asserts="3" />
      </test-suite>
      <test-suite type="TestFixture" id="0-1098" name="SpecEnumInvalid" fullname="Kaitai.SpecEnumInvalid" classname="Kaitai.SpecEnumInvalid" runstate="Runnable" testcasecount="1" result="Passed" start-time="2023-06-30 20:34:11Z" end-time="2023-06-30 20:34:11Z" duration="0.003985" total="1" passed="1" failed="0" inconclusive="0" skipped="0" asserts="2">
        <test-case id="0-1099" name="TestEnumInvalid" fullname="Kaitai.SpecEnumInvalid.TestEnumInvalid" methodname="TestEnumInvalid" classname="Kaitai.SpecEnumInvalid" runstate="Runnable" seed="837844188" result="Passed" start-time="2023-06-30 20:34:11Z" end-time="2023-06-30 20:34:11Z" duration="0.000650" asserts="2" />
      </test-suite>
      <test-suite type="TestFixture" id="0-1100" name="SpecEnumNegative" fullname="Kaitai.SpecEnumNegative" classname="Kaitai.SpecEnumNegative" runstate="Runnable" testcasecount="1" result="Passed" start-time="2023-06-30 20:34:11Z" end-time="2023-06-30 20:34:11Z" duration="0.004226" total="1" passed="1" failed="0" inconclusive="0" skipped="0" asserts="2">
        <test-case id="0-1101" name="TestEnumNegative" fullname="Kaitai.SpecEnumNegative.TestEnumNegative" methodname="TestEnumNegative" classname="Kaitai.SpecEnumNegative" runstate="Runnable" seed="759196983" result="Passed" start-time="2023-06-30 20:34:11Z" end-time="2023-06-30 20:34:11Z" duration="0.000824" asserts="2" />
      </test-suite>
      <test-suite type="TestFixture" id="0-1102" name="SpecEnumOfValueInst" fullname="Kaitai.SpecEnumOfValueInst" classname="Kaitai.SpecEnumOfValueInst" runstate="Runnable" testcasecount="1" result="Passed" start-time="2023-06-30 20:34:11Z" end-time="2023-06-30 20:34:11Z" duration="0.005016" total="1" passed="1" failed="0" inconclusive="0" skipped="0" asserts="4">
        <test-case id="0-1103" name="TestEnumOfValueInst" fullname="Kaitai.SpecEnumOfValueInst.TestEnumOfValueInst" methodname="TestEnumOfValueInst" classname="Kaitai.SpecEnumOfValueInst" runstate="Runnable" seed="2068370612" result="Passed" start-time="2023-06-30 20:34:11Z" end-time="2023-06-30 20:34:11Z" duration="0.001055" asserts="4" />
      </test-suite>
      <test-suite type="TestFixture" id="0-1104" name="SpecEofExceptionBytes" fullname="Kaitai.SpecEofExceptionBytes" classname="Kaitai.SpecEofExceptionBytes" runstate="Runnable" testcasecount="1" result="Passed" start-time="2023-06-30 20:34:11Z" end-time="2023-06-30 20:34:11Z" duration="0.004015" total="1" passed="1" failed="0" inconclusive="0" skipped="0" asserts="1">
        <test-case id="0-1105" name="TestEofExceptionBytes" fullname="Kaitai.SpecEofExceptionBytes.TestEofExceptionBytes" methodname="TestEofExceptionBytes" classname="Kaitai.SpecEofExceptionBytes" runstate="Runnable" seed="1534069885" result="Passed" start-time="2023-06-30 20:34:11Z" end-time="2023-06-30 20:34:11Z" duration="0.000821" asserts="1" />
      </test-suite>
      <test-suite type="TestFixture" id="0-1106" name="SpecEofExceptionU4" fullname="Kaitai.SpecEofExceptionU4" classname="Kaitai.SpecEofExceptionU4" runstate="Runnable" testcasecount="1" result="Passed" start-time="2023-06-30 20:34:11Z" end-time="2023-06-30 20:34:11Z" duration="0.003991" total="1" passed="1" failed="0" inconclusive="0" skipped="0" asserts="1">
        <test-case id="0-1107" name="TestEofExceptionU4" fullname="Kaitai.SpecEofExceptionU4.TestEofExceptionU4" methodname="TestEofExceptionU4" classname="Kaitai.SpecEofExceptionU4" runstate="Runnable" seed="77476276" result="Passed" start-time="2023-06-30 20:34:11Z" end-time="2023-06-30 20:34:11Z" duration="0.000665" asserts="1" />
      </test-suite>
      <test-suite type="TestFixture" id="0-1108" name="SpecEosExceptionBytes" fullname="Kaitai.SpecEosExceptionBytes" classname="Kaitai.SpecEosExceptionBytes" runstate="Runnable" testcasecount="1" result="Passed" start-time="2023-06-30 20:34:11Z" end-time="2023-06-30 20:34:11Z" duration="0.004057" total="1" passed="1" failed="0" inconclusive="0" skipped="0" asserts="1">
        <test-case id="0-1109" name="TestEosExceptionBytes" fullname="Kaitai.SpecEosExceptionBytes.TestEosExceptionBytes" methodname="TestEosExceptionBytes" classname="Kaitai.SpecEosExceptionBytes" runstate="Runnable" seed="398402046" result="Passed" start-time="2023-06-30 20:34:11Z" end-time="2023-06-30 20:34:11Z" duration="0.000880" asserts="1" />
      </test-suite>
      <test-suite type="TestFixture" id="0-1110" name="SpecEosExceptionU4" fullname="Kaitai.SpecEosExceptionU4" classname="Kaitai.SpecEosExceptionU4" runstate="Runnable" testcasecount="1" result="Passed" start-time="2023-06-30 20:34:11Z" end-time="2023-06-30 20:34:11Z" duration="0.004017" total="1" passed="1" failed="0" inconclusive="0" skipped="0" asserts="1">
        <test-case id="0-1111" name="TestEosExceptionU4" fullname="Kaitai.SpecEosExceptionU4.TestEosExceptionU4" methodname="TestEosExceptionU4" classname="Kaitai.SpecEosExceptionU4" runstate="Runnable" seed="2136269068" result="Passed" start-time="2023-06-30 20:34:11Z" end-time="2023-06-30 20:34:11Z" duration="0.000883" asserts="1" />
      </test-suite>
      <test-suite type="TestFixture" id="0-1112" name="SpecExpr0" fullname="Kaitai.SpecExpr0" classname="Kaitai.SpecExpr0" runstate="Runnable" testcasecount="1" result="Passed" start-time="2023-06-30 20:34:11Z" end-time="2023-06-30 20:34:11Z" duration="0.004030" total="1" passed="1" failed="0" inconclusive="0" skipped="0" asserts="2">
        <test-case id="0-1113" name="TestExpr0" fullname="Kaitai.SpecExpr0.TestExpr0" methodname="TestExpr0" classname="Kaitai.SpecExpr0" runstate="Runnable" seed="1362068475" result="Passed" start-time="2023-06-30 20:34:11Z" end-time="2023-06-30 20:34:11Z" duration="0.000744" asserts="2" />
      </test-suite>
      <test-suite type="TestFixture" id="0-1114" name="SpecExpr1" fullname="Kaitai.SpecExpr1" classname="Kaitai.SpecExpr1" runstate="Runnable" testcasecount="1" result="Passed" start-time="2023-06-30 20:34:11Z" end-time="2023-06-30 20:34:11Z" duration="0.005010" total="1" passed="1" failed="0" inconclusive="0" skipped="0" asserts="4">
        <test-case id="0-1115" name="TestExpr1" fullname="Kaitai.SpecExpr1.TestExpr1" methodname="TestExpr1" classname="Kaitai.SpecExpr1" runstate="Runnable" seed="98694336" result="Passed" start-time="2023-06-30 20:34:11Z" end-time="2023-06-30 20:34:11Z" duration="0.001081" asserts="4" />
      </test-suite>
      <test-suite type="TestFixture" id="0-1116" name="SpecExpr2" fullname="Kaitai.SpecExpr2" classname="Kaitai.SpecExpr2" runstate="Runnable" testcasecount="1" result="Passed" start-time="2023-06-30 20:34:11Z" end-time="2023-06-30 20:34:11Z" duration="0.006984" total="1" passed="1" failed="0" inconclusive="0" skipped="0" asserts="17">
        <test-case id="0-1117" name="TestExpr2" fullname="Kaitai.SpecExpr2.TestExpr2" methodname="TestExpr2" classname="Kaitai.SpecExpr2" runstate="Runnable" seed="654661073" result="Passed" start-time="2023-06-30 20:34:11Z" end-time="2023-06-30 20:34:11Z" duration="0.003753" asserts="17" />
      </test-suite>
      <test-suite type="TestFixture" id="0-1118" name="SpecExpr3" fullname="Kaitai.SpecExpr3" classname="Kaitai.SpecExpr3" runstate="Runnable" testcasecount="1" result="Passed" start-time="2023-06-30 20:34:11Z" end-time="2023-06-30 20:34:11Z" duration="0.006002" total="1" passed="1" failed="0" inconclusive="0" skipped="0" asserts="12">
        <test-case id="0-1119" name="TestExpr3" fullname="Kaitai.SpecExpr3.TestExpr3" methodname="TestExpr3" classname="Kaitai.SpecExpr3" runstate="Runnable" seed="875532412" result="Passed" start-time="2023-06-30 20:34:11Z" end-time="2023-06-30 20:34:11Z" duration="0.002254" asserts="12" />
      </test-suite>
      <test-suite type="TestFixture" id="0-1120" name="SpecExprArray" fullname="Kaitai.SpecExprArray" classname="Kaitai.SpecExprArray" runstate="Runnable" testcasecount="1" result="Passed" start-time="2023-06-30 20:34:11Z" end-time="2023-06-30 20:34:11Z" duration="0.017294" total="1" passed="1" failed="0" inconclusive="0" skipped="0" asserts="15">
        <test-case id="0-1121" name="TestExprArray" fullname="Kaitai.SpecExprArray.TestExprArray" methodname="TestExprArray" classname="Kaitai.SpecExprArray" runstate="Runnable" seed="174346782" result="Passed" start-time="2023-06-30 20:34:11Z" end-time="2023-06-30 20:34:11Z" duration="0.013634" asserts="15" />
      </test-suite>
      <test-suite type="TestFixture" id="0-1122" name="SpecExprBytesCmp" fullname="Kaitai.SpecExprBytesCmp" classname="Kaitai.SpecExprBytesCmp" runstate="Runnable" testcasecount="1" result="Passed" start-time="2023-06-30 20:34:11Z" end-time="2023-06-30 20:34:11Z" duration="0.006009" total="1" passed="1" failed="0" inconclusive="0" skipped="0" asserts="10">
        <test-case id="0-1123" name="TestExprBytesCmp" fullname="Kaitai.SpecExprBytesCmp.TestExprBytesCmp" methodname="TestExprBytesCmp" classname="Kaitai.SpecExprBytesCmp" runstate="Runnable" seed="1566913317" result="Passed" start-time="2023-06-30 20:34:11Z" end-time="2023-06-30 20:34:11Z" duration="0.002338" asserts="10" />
      </test-suite>
      <test-suite type="TestFixture" id="0-1124" name="SpecExprBytesNonLiteral" fullname="Kaitai.SpecExprBytesNonLiteral" classname="Kaitai.SpecExprBytesNonLiteral" runstate="Runnable" testcasecount="1" result="Passed" start-time="2023-06-30 20:34:11Z" end-time="2023-06-30 20:34:11Z" duration="0.003984" total="1" passed="1" failed="0" inconclusive="0" skipped="0" asserts="3">
        <test-case id="0-1125" name="TestExprBytesNonLiteral" fullname="Kaitai.SpecExprBytesNonLiteral.TestExprBytesNonLiteral" methodname="TestExprBytesNonLiteral" classname="Kaitai.SpecExprBytesNonLiteral" runstate="Runnable" seed="1156284207" result="Passed" start-time="2023-06-30 20:34:11Z" end-time="2023-06-30 20:34:11Z" duration="0.000886" asserts="3" />
      </test-suite>
      <test-suite type="TestFixture" id="0-1126" name="SpecExprBytesOps" fullname="Kaitai.SpecExprBytesOps" classname="Kaitai.SpecExprBytesOps" runstate="Runnable" testcasecount="1" result="Passed" start-time="2023-06-30 20:34:11Z" end-time="2023-06-30 20:34:11Z" duration="0.008014" total="1" passed="1" failed="0" inconclusive="0" skipped="0" asserts="16">
        <test-case id="0-1127" name="TestExprBytesOps" fullname="Kaitai.SpecExprBytesOps.TestExprBytesOps" methodname="TestExprBytesOps" classname="Kaitai.SpecExprBytesOps" runstate="Runnable" seed="380794345" result="Passed" start-time="2023-06-30 20:34:11Z" end-time="2023-06-30 20:34:11Z" duration="0.004089" asserts="16" />
      </test-suite>
      <test-suite type="TestFixture" id="0-1128" name="SpecExprCalcArrayOps" fullname="Kaitai.SpecExprCalcArrayOps" classname="Kaitai.SpecExprCalcArrayOps" runstate="Runnable" testcasecount="1" result="Passed" start-time="2023-06-30 20:34:11Z" end-time="2023-06-30 20:34:11Z" duration="0.008023" total="1" passed="1" failed="0" inconclusive="0" skipped="0" asserts="18">
        <test-case id="0-1129" name="TestExprCalcArrayOps" fullname="Kaitai.SpecExprCalcArrayOps.TestExprCalcArrayOps" methodname="TestExprCalcArrayOps" classname="Kaitai.SpecExprCalcArrayOps" runstate="Runnable" seed="1423753574" result="Passed" start-time="2023-06-30 20:34:11Z" end-time="2023-06-30 20:34:11Z" duration="0.004733" asserts="18" />
      </test-suite>
      <test-suite type="TestFixture" id="0-1130" name="SpecExprEnum" fullname="Kaitai.SpecExprEnum" classname="Kaitai.SpecExprEnum" runstate="Runnable" testcasecount="1" result="Passed" start-time="2023-06-30 20:34:11Z" end-time="2023-06-30 20:34:11Z" duration="0.007055" total="1" passed="1" failed="0" inconclusive="0" skipped="0" asserts="3">
        <test-case id="0-1131" name="TestExprEnum" fullname="Kaitai.SpecExprEnum.TestExprEnum" methodname="TestExprEnum" classname="Kaitai.SpecExprEnum" runstate="Runnable" seed="2037389781" result="Passed" start-time="2023-06-30 20:34:11Z" end-time="2023-06-30 20:34:11Z" duration="0.001109" asserts="3" />
      </test-suite>
      <test-suite type="TestFixture" id="0-1132" name="SpecExprIfIntOps" fullname="Kaitai.SpecExprIfIntOps" classname="Kaitai.SpecExprIfIntOps" runstate="Runnable" testcasecount="1" result="Passed" start-time="2023-06-30 20:34:11Z" end-time="2023-06-30 20:34:11Z" duration="0.005989" total="1" passed="1" failed="0" inconclusive="0" skipped="0" asserts="2">
        <test-case id="0-1133" name="TestExprIfIntOps" fullname="Kaitai.SpecExprIfIntOps.TestExprIfIntOps" methodname="TestExprIfIntOps" classname="Kaitai.SpecExprIfIntOps" runstate="Runnable" seed="226006896" result="Passed" start-time="2023-06-30 20:34:11Z" end-time="2023-06-30 20:34:11Z" duration="0.002683" asserts="2" />
      </test-suite>
      <test-suite type="TestFixture" id="0-1134" name="SpecExprIntDiv" fullname="Kaitai.SpecExprIntDiv" classname="Kaitai.SpecExprIntDiv" runstate="Runnable" testcasecount="1" result="Failed" site="Child" start-time="2023-06-30 20:34:11Z" end-time="2023-06-30 20:34:11Z" duration="0.037086" total="1" passed="0" failed="1" inconclusive="0" skipped="0" asserts="4">
        <failure>
          <message><![CDATA[One or more child tests had errors]]></message>
        </failure>
        <test-case id="0-1135" name="TestExprIntDiv" fullname="Kaitai.SpecExprIntDiv.TestExprIntDiv" methodname="TestExprIntDiv" classname="Kaitai.SpecExprIntDiv" runstate="Runnable" seed="360311825" result="Failed" start-time="2023-06-30 20:34:11Z" end-time="2023-06-30 20:34:11Z" duration="0.033488" asserts="4">
          <failure>
            <message><![CDATA[  Expected: -756
  But was:  -757
]]></message>
            <stack-trace><![CDATA[at Kaitai.SpecExprIntDiv.TestExprIntDiv() in C:\projects\ci-targets\tests\spec\csharp\kaitai_struct_csharp_tests\tests\SpecExprIntDiv.cs:line 18
]]></stack-trace>
          </failure>
        </test-case>
      </test-suite>
      <test-suite type="TestFixture" id="0-1136" name="SpecExprIoEof" fullname="Kaitai.SpecExprIoEof" classname="Kaitai.SpecExprIoEof" runstate="Runnable" testcasecount="1" result="Passed" start-time="2023-06-30 20:34:11Z" end-time="2023-06-30 20:34:11Z" duration="0.006617" total="1" passed="1" failed="0" inconclusive="0" skipped="0" asserts="4">
        <test-case id="0-1137" name="TestExprIoEof" fullname="Kaitai.SpecExprIoEof.TestExprIoEof" methodname="TestExprIoEof" classname="Kaitai.SpecExprIoEof" runstate="Runnable" seed="133750972" result="Passed" start-time="2023-06-30 20:34:11Z" end-time="2023-06-30 20:34:11Z" duration="0.002003" asserts="4" />
      </test-suite>
      <test-suite type="TestFixture" id="0-1138" name="SpecExprIoPos" fullname="Kaitai.SpecExprIoPos" classname="Kaitai.SpecExprIoPos" runstate="Runnable" testcasecount="1" result="Passed" start-time="2023-06-30 20:34:11Z" end-time="2023-06-30 20:34:11Z" duration="0.005002" total="1" passed="1" failed="0" inconclusive="0" skipped="0" asserts="6">
        <test-case id="0-1139" name="TestExprIoPos" fullname="Kaitai.SpecExprIoPos.TestExprIoPos" methodname="TestExprIoPos" classname="Kaitai.SpecExprIoPos" runstate="Runnable" seed="470828190" result="Passed" start-time="2023-06-30 20:34:11Z" end-time="2023-06-30 20:34:11Z" duration="0.001647" asserts="6" />
      </test-suite>
      <test-suite type="TestFixture" id="0-1140" name="SpecExprMod" fullname="Kaitai.SpecExprMod" classname="Kaitai.SpecExprMod" runstate="Runnable" testcasecount="1" result="Passed" start-time="2023-06-30 20:34:11Z" end-time="2023-06-30 20:34:11Z" duration="0.005045" total="1" passed="1" failed="0" inconclusive="0" skipped="0" asserts="6">
        <test-case id="0-1141" name="TestExprMod" fullname="Kaitai.SpecExprMod.TestExprMod" methodname="TestExprMod" classname="Kaitai.SpecExprMod" runstate="Runnable" seed="2049757002" result="Passed" start-time="2023-06-30 20:34:11Z" end-time="2023-06-30 20:34:11Z" duration="0.001490" asserts="6" />
      </test-suite>
      <test-suite type="TestFixture" id="0-1142" name="SpecExprSizeofType0" fullname="Kaitai.SpecExprSizeofType0" classname="Kaitai.SpecExprSizeofType0" runstate="Runnable" testcasecount="1" result="Passed" start-time="2023-06-30 20:34:11Z" end-time="2023-06-30 20:34:11Z" duration="0.004070" total="1" passed="1" failed="0" inconclusive="0" skipped="0" asserts="1">
        <test-case id="0-1143" name="TestExprSizeofType0" fullname="Kaitai.SpecExprSizeofType0.TestExprSizeofType0" methodname="TestExprSizeofType0" classname="Kaitai.SpecExprSizeofType0" runstate="Runnable" seed="1521496613" result="Passed" start-time="2023-06-30 20:34:11Z" end-time="2023-06-30 20:34:11Z" duration="0.000542" asserts="1" />
      </test-suite>
      <test-suite type="TestFixture" id="0-1144" name="SpecExprSizeofType1" fullname="Kaitai.SpecExprSizeofType1" classname="Kaitai.SpecExprSizeofType1" runstate="Runnable" testcasecount="1" result="Passed" start-time="2023-06-30 20:34:11Z" end-time="2023-06-30 20:34:11Z" duration="0.004012" total="1" passed="1" failed="0" inconclusive="0" skipped="0" asserts="2">
        <test-case id="0-1145" name="TestExprSizeofType1" fullname="Kaitai.SpecExprSizeofType1.TestExprSizeofType1" methodname="TestExprSizeofType1" classname="Kaitai.SpecExprSizeofType1" runstate="Runnable" seed="980220826" result="Passed" start-time="2023-06-30 20:34:11Z" end-time="2023-06-30 20:34:11Z" duration="0.000711" asserts="2" />
      </test-suite>
      <test-suite type="TestFixture" id="0-1146" name="SpecExprSizeofValue0" fullname="Kaitai.SpecExprSizeofValue0" classname="Kaitai.SpecExprSizeofValue0" runstate="Runnable" testcasecount="1" result="Passed" start-time="2023-06-30 20:34:11Z" end-time="2023-06-30 20:34:11Z" duration="0.005007" total="1" passed="1" failed="0" inconclusive="0" skipped="0" asserts="5">
        <test-case id="0-1147" name="TestExprSizeofValue0" fullname="Kaitai.SpecExprSizeofValue0.TestExprSizeofValue0" methodname="TestExprSizeofValue0" classname="Kaitai.SpecExprSizeofValue0" runstate="Runnable" seed="1006348221" result="Passed" start-time="2023-06-30 20:34:11Z" end-time="2023-06-30 20:34:11Z" duration="0.001312" asserts="5" />
      </test-suite>
      <test-suite type="TestFixture" id="0-1148" name="SpecExprSizeofValueSized" fullname="Kaitai.SpecExprSizeofValueSized" classname="Kaitai.SpecExprSizeofValueSized" runstate="Runnable" testcasecount="1" result="Passed" start-time="2023-06-30 20:34:11Z" end-time="2023-06-30 20:34:11Z" duration="0.005011" total="1" passed="1" failed="0" inconclusive="0" skipped="0" asserts="5">
        <test-case id="0-1149" name="TestExprSizeofValueSized" fullname="Kaitai.SpecExprSizeofValueSized.TestExprSizeofValueSized" methodname="TestExprSizeofValueSized" classname="Kaitai.SpecExprSizeofValueSized" runstate="Runnable" seed="1946227702" result="Passed" start-time="2023-06-30 20:34:11Z" end-time="2023-06-30 20:34:11Z" duration="0.001322" asserts="5" />
      </test-suite>
      <test-suite type="TestFixture" id="0-1150" name="SpecExprStrEncodings" fullname="Kaitai.SpecExprStrEncodings" classname="Kaitai.SpecExprStrEncodings" runstate="Runnable" testcasecount="1" result="Passed" start-time="2023-06-30 20:34:11Z" end-time="2023-06-30 20:34:11Z" duration="0.007949" total="1" passed="1" failed="0" inconclusive="0" skipped="0" asserts="7">
        <test-case id="0-1151" name="TestExprStrEncodings" fullname="Kaitai.SpecExprStrEncodings.TestExprStrEncodings" methodname="TestExprStrEncodings" classname="Kaitai.SpecExprStrEncodings" runstate="Runnable" seed="1921980042" result="Passed" start-time="2023-06-30 20:34:11Z" end-time="2023-06-30 20:34:11Z" duration="0.004129" asserts="7" />
      </test-suite>
      <test-suite type="TestFixture" id="0-1152" name="SpecExprStrOps" fullname="Kaitai.SpecExprStrOps" classname="Kaitai.SpecExprStrOps" runstate="Runnable" testcasecount="1" result="Passed" start-time="2023-06-30 20:34:11Z" end-time="2023-06-30 20:34:11Z" duration="0.006984" total="1" passed="1" failed="0" inconclusive="0" skipped="0" asserts="17">
        <test-case id="0-1153" name="TestExprStrOps" fullname="Kaitai.SpecExprStrOps.TestExprStrOps" methodname="TestExprStrOps" classname="Kaitai.SpecExprStrOps" runstate="Runnable" seed="142608157" result="Passed" start-time="2023-06-30 20:34:11Z" end-time="2023-06-30 20:34:11Z" duration="0.002979" asserts="17" />
      </test-suite>
      <test-suite type="TestFixture" id="0-1154" name="SpecFixedContents" fullname="Kaitai.SpecFixedContents" classname="Kaitai.SpecFixedContents" runstate="Runnable" testcasecount="1" result="Passed" start-time="2023-06-30 20:34:11Z" end-time="2023-06-30 20:34:11Z" duration="0.005006" total="1" passed="1" failed="0" inconclusive="0" skipped="0" asserts="0">
        <test-case id="0-1155" name="TestFixedContents" fullname="Kaitai.SpecFixedContents.TestFixedContents" methodname="TestFixedContents" classname="Kaitai.SpecFixedContents" runstate="Runnable" seed="91706260" result="Passed" start-time="2023-06-30 20:34:11Z" end-time="2023-06-30 20:34:11Z" duration="0.001675" asserts="0" />
      </test-suite>
      <test-suite type="TestFixture" id="0-1156" name="SpecFixedStruct" fullname="Kaitai.SpecFixedStruct" classname="Kaitai.SpecFixedStruct" runstate="Runnable" testcasecount="1" result="Passed" start-time="2023-06-30 20:34:11Z" end-time="2023-06-30 20:34:11Z" duration="0.008999" total="1" passed="1" failed="0" inconclusive="0" skipped="0" asserts="20">
        <test-case id="0-1157" name="TestFixedStruct" fullname="Kaitai.SpecFixedStruct.TestFixedStruct" methodname="TestFixedStruct" classname="Kaitai.SpecFixedStruct" runstate="Runnable" seed="1315696407" result="Passed" start-time="2023-06-30 20:34:11Z" end-time="2023-06-30 20:34:11Z" duration="0.005927" asserts="20" />
      </test-suite>
      <test-suite type="TestFixture" id="0-1160" name="SpecFloatingPoints" fullname="Kaitai.SpecFloatingPoints" classname="Kaitai.SpecFloatingPoints" runstate="Runnable" testcasecount="1" result="Passed" start-time="2023-06-30 20:34:11Z" end-time="2023-06-30 20:34:11Z" duration="0.005008" total="1" passed="1" failed="0" inconclusive="0" skipped="0" asserts="8">
        <test-case id="0-1161" name="TestFloatingPoints" fullname="Kaitai.SpecFloatingPoints.TestFloatingPoints" methodname="TestFloatingPoints" classname="Kaitai.SpecFloatingPoints" runstate="Runnable" seed="561362855" result="Passed" start-time="2023-06-30 20:34:11Z" end-time="2023-06-30 20:34:11Z" duration="0.001623" asserts="8" />
      </test-suite>
      <test-suite type="TestFixture" id="0-1158" name="SpecFloatToI" fullname="Kaitai.SpecFloatToI" classname="Kaitai.SpecFloatToI" runstate="Runnable" testcasecount="1" result="Passed" start-time="2023-06-30 20:34:11Z" end-time="2023-06-30 20:34:12Z" duration="0.005823" total="1" passed="1" failed="0" inconclusive="0" skipped="0" asserts="8">
        <test-case id="0-1159" name="TestFloatToI" fullname="Kaitai.SpecFloatToI.TestFloatToI" methodname="TestFloatToI" classname="Kaitai.SpecFloatToI" runstate="Runnable" seed="1461585842" result="Passed" start-time="2023-06-30 20:34:12Z" end-time="2023-06-30 20:34:12Z" duration="0.001994" asserts="8" />
      </test-suite>
      <test-suite type="TestFixture" id="0-1162" name="SpecHelloWorld" fullname="Kaitai.SpecHelloWorld" classname="Kaitai.SpecHelloWorld" runstate="Runnable" testcasecount="1" result="Passed" start-time="2023-06-30 20:34:12Z" end-time="2023-06-30 20:34:12Z" duration="0.003995" total="1" passed="1" failed="0" inconclusive="0" skipped="0" asserts="1">
        <test-case id="0-1163" name="TestHelloWorld" fullname="Kaitai.SpecHelloWorld.TestHelloWorld" methodname="TestHelloWorld" classname="Kaitai.SpecHelloWorld" runstate="Runnable" seed="1751435339" result="Passed" start-time="2023-06-30 20:34:12Z" end-time="2023-06-30 20:34:12Z" duration="0.000360" asserts="1" />
      </test-suite>
      <test-suite type="TestFixture" id="0-1164" name="SpecIfInstances" fullname="Kaitai.SpecIfInstances" classname="Kaitai.SpecIfInstances" runstate="Runnable" testcasecount="1" result="Passed" start-time="2023-06-30 20:34:12Z" end-time="2023-06-30 20:34:12Z" duration="0.004005" total="1" passed="1" failed="0" inconclusive="0" skipped="0" asserts="1">
        <test-case id="0-1165" name="TestIfInstances" fullname="Kaitai.SpecIfInstances.TestIfInstances" methodname="TestIfInstances" classname="Kaitai.SpecIfInstances" runstate="Runnable" seed="1018499837" result="Passed" start-time="2023-06-30 20:34:12Z" end-time="2023-06-30 20:34:12Z" duration="0.000575" asserts="1" />
      </test-suite>
      <test-suite type="TestFixture" id="0-1166" name="SpecIfStruct" fullname="Kaitai.SpecIfStruct" classname="Kaitai.SpecIfStruct" runstate="Runnable" testcasecount="1" result="Passed" start-time="2023-06-30 20:34:12Z" end-time="2023-06-30 20:34:12Z" duration="0.006019" total="1" passed="1" failed="0" inconclusive="0" skipped="0" asserts="7">
        <test-case id="0-1167" name="TestIfStruct" fullname="Kaitai.SpecIfStruct.TestIfStruct" methodname="TestIfStruct" classname="Kaitai.SpecIfStruct" runstate="Runnable" seed="936890384" result="Passed" start-time="2023-06-30 20:34:12Z" end-time="2023-06-30 20:34:12Z" duration="0.002159" asserts="7" />
      </test-suite>
      <test-suite type="TestFixture" id="0-1168" name="SpecIfValues" fullname="Kaitai.SpecIfValues" classname="Kaitai.SpecIfValues" runstate="Runnable" testcasecount="1" result="Passed" start-time="2023-06-30 20:34:12Z" end-time="2023-06-30 20:34:12Z" duration="0.005021" total="1" passed="1" failed="0" inconclusive="0" skipped="0" asserts="6">
        <test-case id="0-1169" name="TestIfValues" fullname="Kaitai.SpecIfValues.TestIfValues" methodname="TestIfValues" classname="Kaitai.SpecIfValues" runstate="Runnable" seed="1132718833" result="Passed" start-time="2023-06-30 20:34:12Z" end-time="2023-06-30 20:34:12Z" duration="0.001482" asserts="6" />
      </test-suite>
      <test-suite type="TestFixture" id="0-1170" name="SpecImports0" fullname="Kaitai.SpecImports0" classname="Kaitai.SpecImports0" runstate="Runnable" testcasecount="1" result="Passed" start-time="2023-06-30 20:34:12Z" end-time="2023-06-30 20:34:12Z" duration="0.003959" total="1" passed="1" failed="0" inconclusive="0" skipped="0" asserts="3">
        <test-case id="0-1171" name="TestImports0" fullname="Kaitai.SpecImports0.TestImports0" methodname="TestImports0" classname="Kaitai.SpecImports0" runstate="Runnable" seed="496861705" result="Passed" start-time="2023-06-30 20:34:12Z" end-time="2023-06-30 20:34:12Z" duration="0.000886" asserts="3" />
      </test-suite>
      <test-suite type="TestFixture" id="0-1172" name="SpecImportsAbs" fullname="Kaitai.SpecImportsAbs" classname="Kaitai.SpecImportsAbs" runstate="Runnable" testcasecount="1" result="Passed" start-time="2023-06-30 20:34:12Z" end-time="2023-06-30 20:34:12Z" duration="0.006006" total="1" passed="1" failed="0" inconclusive="0" skipped="0" asserts="2">
        <test-case id="0-1173" name="TestImportsAbs" fullname="Kaitai.SpecImportsAbs.TestImportsAbs" methodname="TestImportsAbs" classname="Kaitai.SpecImportsAbs" runstate="Runnable" seed="1105508419" result="Passed" start-time="2023-06-30 20:34:12Z" end-time="2023-06-30 20:34:12Z" duration="0.002350" asserts="2" />
      </test-suite>
      <test-suite type="TestFixture" id="0-1174" name="SpecImportsAbsAbs" fullname="Kaitai.SpecImportsAbsAbs" classname="Kaitai.SpecImportsAbsAbs" runstate="Runnable" testcasecount="1" result="Passed" start-time="2023-06-30 20:34:12Z" end-time="2023-06-30 20:34:12Z" duration="0.005011" total="1" passed="1" failed="0" inconclusive="0" skipped="0" asserts="3">
        <test-case id="0-1175" name="TestImportsAbsAbs" fullname="Kaitai.SpecImportsAbsAbs.TestImportsAbsAbs" methodname="TestImportsAbsAbs" classname="Kaitai.SpecImportsAbsAbs" runstate="Runnable" seed="2006716403" result="Passed" start-time="2023-06-30 20:34:12Z" end-time="2023-06-30 20:34:12Z" duration="0.001289" asserts="3" />
      </test-suite>
      <test-suite type="TestFixture" id="0-1176" name="SpecImportsAbsRel" fullname="Kaitai.SpecImportsAbsRel" classname="Kaitai.SpecImportsAbsRel" runstate="Runnable" testcasecount="1" result="Passed" start-time="2023-06-30 20:34:12Z" end-time="2023-06-30 20:34:12Z" duration="0.005005" total="1" passed="1" failed="0" inconclusive="0" skipped="0" asserts="3">
        <test-case id="0-1177" name="TestImportsAbsRel" fullname="Kaitai.SpecImportsAbsRel.TestImportsAbsRel" methodname="TestImportsAbsRel" classname="Kaitai.SpecImportsAbsRel" runstate="Runnable" seed="154246331" result="Passed" start-time="2023-06-30 20:34:12Z" end-time="2023-06-30 20:34:12Z" duration="0.001094" asserts="3" />
      </test-suite>
      <test-suite type="TestFixture" id="0-1178" name="SpecImportsCircularA" fullname="Kaitai.SpecImportsCircularA" classname="Kaitai.SpecImportsCircularA" runstate="Runnable" testcasecount="1" result="Passed" start-time="2023-06-30 20:34:12Z" end-time="2023-06-30 20:34:12Z" duration="0.004989" total="1" passed="1" failed="0" inconclusive="0" skipped="0" asserts="5">
        <test-case id="0-1179" name="TestImportsCircularA" fullname="Kaitai.SpecImportsCircularA.TestImportsCircularA" methodname="TestImportsCircularA" classname="Kaitai.SpecImportsCircularA" runstate="Runnable" seed="471908549" result="Passed" start-time="2023-06-30 20:34:12Z" end-time="2023-06-30 20:34:12Z" duration="0.001192" asserts="5" />
      </test-suite>
      <test-suite type="TestFixture" id="0-1180" name="SpecImportsRel1" fullname="Kaitai.SpecImportsRel1" classname="Kaitai.SpecImportsRel1" runstate="Runnable" testcasecount="1" result="Passed" start-time="2023-06-30 20:34:12Z" end-time="2023-06-30 20:34:12Z" duration="0.005035" total="1" passed="1" failed="0" inconclusive="0" skipped="0" asserts="3">
        <test-case id="0-1181" name="TestImportsRel1" fullname="Kaitai.SpecImportsRel1.TestImportsRel1" methodname="TestImportsRel1" classname="Kaitai.SpecImportsRel1" runstate="Runnable" seed="555876603" result="Passed" start-time="2023-06-30 20:34:12Z" end-time="2023-06-30 20:34:12Z" duration="0.001321" asserts="3" />
      </test-suite>
      <test-suite type="TestFixture" id="0-1182" name="SpecIndexSizes" fullname="Kaitai.SpecIndexSizes" classname="Kaitai.SpecIndexSizes" runstate="Runnable" testcasecount="1" result="Passed" start-time="2023-06-30 20:34:12Z" end-time="2023-06-30 20:34:12Z" duration="0.005014" total="1" passed="1" failed="0" inconclusive="0" skipped="0" asserts="7">
        <test-case id="0-1183" name="TestIndexSizes" fullname="Kaitai.SpecIndexSizes.TestIndexSizes" methodname="TestIndexSizes" classname="Kaitai.SpecIndexSizes" runstate="Runnable" seed="61070086" result="Passed" start-time="2023-06-30 20:34:12Z" end-time="2023-06-30 20:34:12Z" duration="0.001275" asserts="7" />
      </test-suite>
      <test-suite type="TestFixture" id="0-1184" name="SpecIndexToParamEos" fullname="Kaitai.SpecIndexToParamEos" classname="Kaitai.SpecIndexToParamEos" runstate="Runnable" testcasecount="1" result="Passed" start-time="2023-06-30 20:34:12Z" end-time="2023-06-30 20:34:12Z" duration="0.005005" total="1" passed="1" failed="0" inconclusive="0" skipped="0" asserts="7">
        <test-case id="0-1185" name="TestIndexToParamEos" fullname="Kaitai.SpecIndexToParamEos.TestIndexToParamEos" methodname="TestIndexToParamEos" classname="Kaitai.SpecIndexToParamEos" runstate="Runnable" seed="1313699265" result="Passed" start-time="2023-06-30 20:34:12Z" end-time="2023-06-30 20:34:12Z" duration="0.001787" asserts="7" />
      </test-suite>
      <test-suite type="TestFixture" id="0-1186" name="SpecIndexToParamExpr" fullname="Kaitai.SpecIndexToParamExpr" classname="Kaitai.SpecIndexToParamExpr" runstate="Runnable" testcasecount="1" result="Passed" start-time="2023-06-30 20:34:12Z" end-time="2023-06-30 20:34:12Z" duration="0.004993" total="1" passed="1" failed="0" inconclusive="0" skipped="0" asserts="7">
        <test-case id="0-1187" name="TestIndexToParamExpr" fullname="Kaitai.SpecIndexToParamExpr.TestIndexToParamExpr" methodname="TestIndexToParamExpr" classname="Kaitai.SpecIndexToParamExpr" runstate="Runnable" seed="605910161" result="Passed" start-time="2023-06-30 20:34:12Z" end-time="2023-06-30 20:34:12Z" duration="0.001722" asserts="7" />
      </test-suite>
      <test-suite type="TestFixture" id="0-1188" name="SpecIndexToParamUntil" fullname="Kaitai.SpecIndexToParamUntil" classname="Kaitai.SpecIndexToParamUntil" runstate="Runnable" testcasecount="1" result="Passed" start-time="2023-06-30 20:34:12Z" end-time="2023-06-30 20:34:12Z" duration="0.005952" total="1" passed="1" failed="0" inconclusive="0" skipped="0" asserts="7">
        <test-case id="0-1189" name="TestIndexToParamUntil" fullname="Kaitai.SpecIndexToParamUntil.TestIndexToParamUntil" methodname="TestIndexToParamUntil" classname="Kaitai.SpecIndexToParamUntil" runstate="Runnable" seed="1453979193" result="Passed" start-time="2023-06-30 20:34:12Z" end-time="2023-06-30 20:34:12Z" duration="0.002180" asserts="7" />
      </test-suite>
      <test-suite type="TestFixture" id="0-1190" name="SpecInstanceIoUser" fullname="Kaitai.SpecInstanceIoUser" classname="Kaitai.SpecInstanceIoUser" runstate="Runnable" testcasecount="1" result="Passed" start-time="2023-06-30 20:34:12Z" end-time="2023-06-30 20:34:12Z" duration="0.006018" total="1" passed="1" failed="0" inconclusive="0" skipped="0" asserts="4">
        <test-case id="0-1191" name="TestInstanceIoUser" fullname="Kaitai.SpecInstanceIoUser.TestInstanceIoUser" methodname="TestInstanceIoUser" classname="Kaitai.SpecInstanceIoUser" runstate="Runnable" seed="1280113601" result="Passed" start-time="2023-06-30 20:34:12Z" end-time="2023-06-30 20:34:12Z" duration="0.002171" asserts="4" />
      </test-suite>
      <test-suite type="TestFixture" id="0-1192" name="SpecInstanceStd" fullname="Kaitai.SpecInstanceStd" classname="Kaitai.SpecInstanceStd" runstate="Runnable" testcasecount="1" result="Passed" start-time="2023-06-30 20:34:12Z" end-time="2023-06-30 20:34:12Z" duration="0.004005" total="1" passed="1" failed="0" inconclusive="0" skipped="0" asserts="1">
        <test-case id="0-1193" name="TestInstanceStd" fullname="Kaitai.SpecInstanceStd.TestInstanceStd" methodname="TestInstanceStd" classname="Kaitai.SpecInstanceStd" runstate="Runnable" seed="1096620586" result="Passed" start-time="2023-06-30 20:34:12Z" end-time="2023-06-30 20:34:12Z" duration="0.000872" asserts="1" />
      </test-suite>
      <test-suite type="TestFixture" id="0-1194" name="SpecInstanceStdArray" fullname="Kaitai.SpecInstanceStdArray" classname="Kaitai.SpecInstanceStdArray" runstate="Runnable" testcasecount="1" result="Passed" start-time="2023-06-30 20:34:12Z" end-time="2023-06-30 20:34:12Z" duration="0.006031" total="1" passed="1" failed="0" inconclusive="0" skipped="0" asserts="7">
        <test-case id="0-1195" name="TestInstanceStdArray" fullname="Kaitai.SpecInstanceStdArray.TestInstanceStdArray" methodname="TestInstanceStdArray" classname="Kaitai.SpecInstanceStdArray" runstate="Runnable" seed="224537679" result="Passed" start-time="2023-06-30 20:34:12Z" end-time="2023-06-30 20:34:12Z" duration="0.002220" asserts="7" />
      </test-suite>
      <test-suite type="TestFixture" id="0-1196" name="SpecIntegers" fullname="Kaitai.SpecIntegers" classname="Kaitai.SpecIntegers" runstate="Runnable" testcasecount="1" result="Passed" start-time="2023-06-30 20:34:12Z" end-time="2023-06-30 20:34:12Z" duration="0.009007" total="1" passed="1" failed="0" inconclusive="0" skipped="0" asserts="20">
        <test-case id="0-1197" name="TestIntegers" fullname="Kaitai.SpecIntegers.TestIntegers" methodname="TestIntegers" classname="Kaitai.SpecIntegers" runstate="Runnable" seed="1536759838" result="Passed" start-time="2023-06-30 20:34:12Z" end-time="2023-06-30 20:34:12Z" duration="0.005864" asserts="20" />
      </test-suite>
      <test-suite type="TestFixture" id="0-1198" name="SpecIntegersDoubleOverflow" fullname="Kaitai.SpecIntegersDoubleOverflow" classname="Kaitai.SpecIntegersDoubleOverflow" runstate="Runnable" testcasecount="1" result="Passed" start-time="2023-06-30 20:34:12Z" end-time="2023-06-30 20:34:12Z" duration="0.005027" total="1" passed="1" failed="0" inconclusive="0" skipped="0" asserts="8">
        <test-case id="0-1199" name="TestIntegersDoubleOverflow" fullname="Kaitai.SpecIntegersDoubleOverflow.TestIntegersDoubleOverflow" methodname="TestIntegersDoubleOverflow" classname="Kaitai.SpecIntegersDoubleOverflow" runstate="Runnable" seed="516012241" result="Passed" start-time="2023-06-30 20:34:12Z" end-time="2023-06-30 20:34:12Z" duration="0.001283" asserts="8" />
      </test-suite>
      <test-suite type="TestFixture" id="0-1200" name="SpecIntegersMinMax" fullname="Kaitai.SpecIntegersMinMax" classname="Kaitai.SpecIntegersMinMax" runstate="Runnable" testcasecount="1" result="Passed" start-time="2023-06-30 20:34:12Z" end-time="2023-06-30 20:34:12Z" duration="0.007010" total="1" passed="1" failed="0" inconclusive="0" skipped="0" asserts="28">
        <test-case id="0-1201" name="TestIntegersMinMax" fullname="Kaitai.SpecIntegersMinMax.TestIntegersMinMax" methodname="TestIntegersMinMax" classname="Kaitai.SpecIntegersMinMax" runstate="Runnable" seed="1265695362" result="Passed" start-time="2023-06-30 20:34:12Z" end-time="2023-06-30 20:34:12Z" duration="0.003277" asserts="28" />
      </test-suite>
      <test-suite type="TestFixture" id="0-1202" name="SpecIoLocalVar" fullname="Kaitai.SpecIoLocalVar" classname="Kaitai.SpecIoLocalVar" runstate="Runnable" testcasecount="1" result="Passed" start-time="2023-06-30 20:34:12Z" end-time="2023-06-30 20:34:12Z" duration="0.005014" total="1" passed="1" failed="0" inconclusive="0" skipped="0" asserts="2">
        <test-case id="0-1203" name="TestIoLocalVar" fullname="Kaitai.SpecIoLocalVar.TestIoLocalVar" methodname="TestIoLocalVar" classname="Kaitai.SpecIoLocalVar" runstate="Runnable" seed="2015152348" result="Passed" start-time="2023-06-30 20:34:12Z" end-time="2023-06-30 20:34:12Z" duration="0.001287" asserts="2" />
      </test-suite>
      <test-suite type="TestFixture" id="0-1204" name="SpecJsSignedRightShift" fullname="Kaitai.SpecJsSignedRightShift" classname="Kaitai.SpecJsSignedRightShift" runstate="Runnable" testcasecount="1" result="Passed" start-time="2023-06-30 20:34:12Z" end-time="2023-06-30 20:34:12Z" duration="0.003993" total="1" passed="1" failed="0" inconclusive="0" skipped="0" asserts="2">
        <test-case id="0-1205" name="TestJsSignedRightShift" fullname="Kaitai.SpecJsSignedRightShift.TestJsSignedRightShift" methodname="TestJsSignedRightShift" classname="Kaitai.SpecJsSignedRightShift" runstate="Runnable" seed="706762523" result="Passed" start-time="2023-06-30 20:34:12Z" end-time="2023-06-30 20:34:12Z" duration="0.000927" asserts="2" />
      </test-suite>
      <test-suite type="TestFixture" id="0-1206" name="SpecMetaTags" fullname="Kaitai.SpecMetaTags" classname="Kaitai.SpecMetaTags" runstate="Runnable" testcasecount="1" result="Passed" start-time="2023-06-30 20:34:12Z" end-time="2023-06-30 20:34:12Z" duration="0.004005" total="1" passed="1" failed="0" inconclusive="0" skipped="0" asserts="0">
        <test-case id="0-1207" name="TestMetaTags" fullname="Kaitai.SpecMetaTags.TestMetaTags" methodname="TestMetaTags" classname="Kaitai.SpecMetaTags" runstate="Runnable" seed="314271033" result="Passed" start-time="2023-06-30 20:34:12Z" end-time="2023-06-30 20:34:12Z" duration="0.000485" asserts="0" />
      </test-suite>
      <test-suite type="TestFixture" id="0-1208" name="SpecMetaXref" fullname="Kaitai.SpecMetaXref" classname="Kaitai.SpecMetaXref" runstate="Runnable" testcasecount="1" result="Passed" start-time="2023-06-30 20:34:12Z" end-time="2023-06-30 20:34:12Z" duration="0.004012" total="1" passed="1" failed="0" inconclusive="0" skipped="0" asserts="0">
        <test-case id="0-1209" name="TestMetaXref" fullname="Kaitai.SpecMetaXref.TestMetaXref" methodname="TestMetaXref" classname="Kaitai.SpecMetaXref" runstate="Runnable" seed="1093016446" result="Passed" start-time="2023-06-30 20:34:12Z" end-time="2023-06-30 20:34:12Z" duration="0.000446" asserts="0" />
      </test-suite>
      <test-suite type="TestFixture" id="0-1210" name="SpecMultipleUse" fullname="Kaitai.SpecMultipleUse" classname="Kaitai.SpecMultipleUse" runstate="Runnable" testcasecount="1" result="Passed" start-time="2023-06-30 20:34:12Z" end-time="2023-06-30 20:34:12Z" duration="0.005012" total="1" passed="1" failed="0" inconclusive="0" skipped="0" asserts="2">
        <test-case id="0-1211" name="TestMultipleUse" fullname="Kaitai.SpecMultipleUse.TestMultipleUse" methodname="TestMultipleUse" classname="Kaitai.SpecMultipleUse" runstate="Runnable" seed="665929716" result="Passed" start-time="2023-06-30 20:34:12Z" end-time="2023-06-30 20:34:12Z" duration="0.001547" asserts="2" />
      </test-suite>
      <test-suite type="TestFixture" id="0-1212" name="SpecNavParent" fullname="Kaitai.SpecNavParent" classname="Kaitai.SpecNavParent" runstate="Runnable" testcasecount="1" result="Passed" start-time="2023-06-30 20:34:12Z" end-time="2023-06-30 20:34:12Z" duration="0.006017" total="1" passed="1" failed="0" inconclusive="0" skipped="0" asserts="5">
        <test-case id="0-1213" name="TestNavParent" fullname="Kaitai.SpecNavParent.TestNavParent" methodname="TestNavParent" classname="Kaitai.SpecNavParent" runstate="Runnable" seed="2003186182" result="Passed" start-time="2023-06-30 20:34:12Z" end-time="2023-06-30 20:34:12Z" duration="0.002081" asserts="5" />
      </test-suite>
      <test-suite type="TestFixture" id="0-1214" name="SpecNavParent2" fullname="Kaitai.SpecNavParent2" classname="Kaitai.SpecNavParent2" runstate="Runnable" testcasecount="1" result="Passed" start-time="2023-06-30 20:34:12Z" end-time="2023-06-30 20:34:12Z" duration="0.006029" total="1" passed="1" failed="0" inconclusive="0" skipped="0" asserts="10">
        <test-case id="0-1215" name="TestNavParent2" fullname="Kaitai.SpecNavParent2.TestNavParent2" methodname="TestNavParent2" classname="Kaitai.SpecNavParent2" runstate="Runnable" seed="832755562" result="Passed" start-time="2023-06-30 20:34:12Z" end-time="2023-06-30 20:34:12Z" duration="0.002436" asserts="10" />
      </test-suite>
[...]
      </test-suite>
      <test-suite type="TestFixture" id="0-1380" name="SpecTsPacketHeader" fullname="Kaitai.SpecTsPacketHeader" classname="Kaitai.SpecTsPacketHeader" runstate="Runnable" testcasecount="1" result="Passed" start-time="2023-06-30 20:34:13Z" end-time="2023-06-30 20:34:13Z" duration="0.004993" total="1" passed="1" failed="0" inconclusive="0" skipped="0" asserts="7">
        <test-case id="0-1381" name="TestTsPacketHeader" fullname="Kaitai.SpecTsPacketHeader.TestTsPacketHeader" methodname="TestTsPacketHeader" classname="Kaitai.SpecTsPacketHeader" runstate="Runnable" seed="1264982869" result="Passed" start-time="2023-06-30 20:34:13Z" end-time="2023-06-30 20:34:13Z" duration="0.001638" asserts="7" />
      </test-suite>
      <test-suite type="TestFixture" id="0-1382" name="SpecTypeIntUnaryOp" fullname="Kaitai.SpecTypeIntUnaryOp" classname="Kaitai.SpecTypeIntUnaryOp" runstate="Runnable" testcasecount="1" result="Passed" start-time="2023-06-30 20:34:13Z" end-time="2023-06-30 20:34:13Z" duration="0.005009" total="1" passed="1" failed="0" inconclusive="0" skipped="0" asserts="4">
        <test-case id="0-1383" name="TestTypeIntUnaryOp" fullname="Kaitai.SpecTypeIntUnaryOp.TestTypeIntUnaryOp" methodname="TestTypeIntUnaryOp" classname="Kaitai.SpecTypeIntUnaryOp" runstate="Runnable" seed="1527593074" result="Passed" start-time="2023-06-30 20:34:13Z" end-time="2023-06-30 20:34:13Z" duration="0.000997" asserts="4" />
      </test-suite>
      <test-suite type="TestFixture" id="0-1384" name="SpecTypeTernary" fullname="Kaitai.SpecTypeTernary" classname="Kaitai.SpecTypeTernary" runstate="Runnable" testcasecount="1" result="Passed" start-time="2023-06-30 20:34:13Z" end-time="2023-06-30 20:34:13Z" duration="0.005015" total="1" passed="1" failed="0" inconclusive="0" skipped="0" asserts="1">
        <test-case id="0-1385" name="TestTypeTernary" fullname="Kaitai.SpecTypeTernary.TestTypeTernary" methodname="TestTypeTernary" classname="Kaitai.SpecTypeTernary" runstate="Runnable" seed="946183422" result="Passed" start-time="2023-06-30 20:34:13Z" end-time="2023-06-30 20:34:13Z" duration="0.001228" asserts="1" />
      </test-suite>
      <test-suite type="TestFixture" id="0-1386" name="SpecTypeTernary2ndFalsy" fullname="Kaitai.SpecTypeTernary2ndFalsy" classname="Kaitai.SpecTypeTernary2ndFalsy" runstate="Runnable" testcasecount="1" result="Passed" start-time="2023-06-30 20:34:13Z" end-time="2023-06-30 20:34:13Z" duration="0.005987" total="1" passed="1" failed="0" inconclusive="0" skipped="0" asserts="13">
        <test-case id="0-1387" name="TestTypeTernary2ndFalsy" fullname="Kaitai.SpecTypeTernary2ndFalsy.TestTypeTernary2ndFalsy" methodname="TestTypeTernary2ndFalsy" classname="Kaitai.SpecTypeTernary2ndFalsy" runstate="Runnable" seed="884571793" result="Passed" start-time="2023-06-30 20:34:13Z" end-time="2023-06-30 20:34:13Z" duration="0.002806" asserts="13" />
      </test-suite>
      <test-suite type="TestFixture" id="0-1388" name="SpecTypeTernaryOpaque" fullname="Kaitai.SpecTypeTernaryOpaque" classname="Kaitai.SpecTypeTernaryOpaque" runstate="Runnable" testcasecount="1" result="Passed" start-time="2023-06-30 20:34:13Z" end-time="2023-06-30 20:34:13Z" duration="0.005032" total="1" passed="1" failed="0" inconclusive="0" skipped="0" asserts="3">
        <test-case id="0-1389" name="TestTypeTernaryOpaque" fullname="Kaitai.SpecTypeTernaryOpaque.TestTypeTernaryOpaque" methodname="TestTypeTernaryOpaque" classname="Kaitai.SpecTypeTernaryOpaque" runstate="Runnable" seed="402565914" result="Passed" start-time="2023-06-30 20:34:13Z" end-time="2023-06-30 20:34:13Z" duration="0.001094" asserts="3" />
      </test-suite>
      <test-suite type="TestFixture" id="0-1390" name="SpecUserType" fullname="Kaitai.SpecUserType" classname="Kaitai.SpecUserType" runstate="Runnable" testcasecount="1" result="Passed" start-time="2023-06-30 20:34:13Z" end-time="2023-06-30 20:34:13Z" duration="0.004006" total="1" passed="1" failed="0" inconclusive="0" skipped="0" asserts="2">
        <test-case id="0-1391" name="TestUserType" fullname="Kaitai.SpecUserType.TestUserType" methodname="TestUserType" classname="Kaitai.SpecUserType" runstate="Runnable" seed="1252827506" result="Passed" start-time="2023-06-30 20:34:13Z" end-time="2023-06-30 20:34:13Z" duration="0.000904" asserts="2" />
      </test-suite>
      <test-suite type="TestFixture" id="0-1392" name="SpecValidEqStrEncodings" fullname="Kaitai.SpecValidEqStrEncodings" classname="Kaitai.SpecValidEqStrEncodings" runstate="Runnable" testcasecount="1" result="Passed" start-time="2023-06-30 20:34:13Z" end-time="2023-06-30 20:34:13Z" duration="0.005031" total="1" passed="1" failed="0" inconclusive="0" skipped="0" asserts="0">
        <test-case id="0-1393" name="TestValidEqStrEncodings" fullname="Kaitai.SpecValidEqStrEncodings.TestValidEqStrEncodings" methodname="TestValidEqStrEncodings" classname="Kaitai.SpecValidEqStrEncodings" runstate="Runnable" seed="875878428" result="Passed" start-time="2023-06-30 20:34:13Z" end-time="2023-06-30 20:34:13Z" duration="0.001591" asserts="0" />
      </test-suite>
      <test-suite type="TestFixture" id="0-1394" name="SpecValidFailAnyofInt" fullname="Kaitai.SpecValidFailAnyofInt" classname="Kaitai.SpecValidFailAnyofInt" runstate="Runnable" testcasecount="1" result="Passed" start-time="2023-06-30 20:34:13Z" end-time="2023-06-30 20:34:13Z" duration="0.004999" total="1" passed="1" failed="0" inconclusive="0" skipped="0" asserts="1">
        <test-case id="0-1395" name="TestValidFailAnyofInt" fullname="Kaitai.SpecValidFailAnyofInt.TestValidFailAnyofInt" methodname="TestValidFailAnyofInt" classname="Kaitai.SpecValidFailAnyofInt" runstate="Runnable" seed="1735817199" result="Passed" start-time="2023-06-30 20:34:13Z" end-time="2023-06-30 20:34:13Z" duration="0.001448" asserts="1" />
      </test-suite>
      <test-suite type="TestFixture" id="0-1396" name="SpecValidFailContents" fullname="Kaitai.SpecValidFailContents" classname="Kaitai.SpecValidFailContents" runstate="Runnable" testcasecount="1" result="Passed" start-time="2023-06-30 20:34:13Z" end-time="2023-06-30 20:34:13Z" duration="0.005016" total="1" passed="1" failed="0" inconclusive="0" skipped="0" asserts="1">
        <test-case id="0-1397" name="TestValidFailContents" fullname="Kaitai.SpecValidFailContents.TestValidFailContents" methodname="TestValidFailContents" classname="Kaitai.SpecValidFailContents" runstate="Runnable" seed="1656175169" result="Passed" start-time="2023-06-30 20:34:13Z" end-time="2023-06-30 20:34:13Z" duration="0.001465" asserts="1" />
      </test-suite>
      <test-suite type="TestFixture" id="0-1398" name="SpecValidFailEqBytes" fullname="Kaitai.SpecValidFailEqBytes" classname="Kaitai.SpecValidFailEqBytes" runstate="Runnable" testcasecount="1" result="Passed" start-time="2023-06-30 20:34:13Z" end-time="2023-06-30 20:34:13Z" duration="0.005012" total="1" passed="1" failed="0" inconclusive="0" skipped="0" asserts="1">
        <test-case id="0-1399" name="TestValidFailEqBytes" fullname="Kaitai.SpecValidFailEqBytes.TestValidFailEqBytes" methodname="TestValidFailEqBytes" classname="Kaitai.SpecValidFailEqBytes" runstate="Runnable" seed="1085643159" result="Passed" start-time="2023-06-30 20:34:13Z" end-time="2023-06-30 20:34:13Z" duration="0.000983" asserts="1" />
      </test-suite>
      <test-suite type="TestFixture" id="0-1400" name="SpecValidFailEqInt" fullname="Kaitai.SpecValidFailEqInt" classname="Kaitai.SpecValidFailEqInt" runstate="Runnable" testcasecount="1" result="Passed" start-time="2023-06-30 20:34:13Z" end-time="2023-06-30 20:34:13Z" duration="0.005008" total="1" passed="1" failed="0" inconclusive="0" skipped="0" asserts="1">
        <test-case id="0-1401" name="TestValidFailEqInt" fullname="Kaitai.SpecValidFailEqInt.TestValidFailEqInt" methodname="TestValidFailEqInt" classname="Kaitai.SpecValidFailEqInt" runstate="Runnable" seed="1511589037" result="Passed" start-time="2023-06-30 20:34:13Z" end-time="2023-06-30 20:34:13Z" duration="0.000966" asserts="1" />
      </test-suite>
      <test-suite type="TestFixture" id="0-1402" name="SpecValidFailEqStr" fullname="Kaitai.SpecValidFailEqStr" classname="Kaitai.SpecValidFailEqStr" runstate="Runnable" testcasecount="1" result="Passed" start-time="2023-06-30 20:34:13Z" end-time="2023-06-30 20:34:13Z" duration="0.003984" total="1" passed="1" failed="0" inconclusive="0" skipped="0" asserts="1">
        <test-case id="0-1403" name="TestValidFailEqStr" fullname="Kaitai.SpecValidFailEqStr.TestValidFailEqStr" methodname="TestValidFailEqStr" classname="Kaitai.SpecValidFailEqStr" runstate="Runnable" seed="972732726" result="Passed" start-time="2023-06-30 20:34:13Z" end-time="2023-06-30 20:34:13Z" duration="0.000897" asserts="1" />
      </test-suite>
      <test-suite type="TestFixture" id="0-1404" name="SpecValidFailExpr" fullname="Kaitai.SpecValidFailExpr" classname="Kaitai.SpecValidFailExpr" runstate="Runnable" testcasecount="1" result="Passed" start-time="2023-06-30 20:34:13Z" end-time="2023-06-30 20:34:13Z" duration="0.005010" total="1" passed="1" failed="0" inconclusive="0" skipped="0" asserts="1">
        <test-case id="0-1405" name="TestValidFailExpr" fullname="Kaitai.SpecValidFailExpr.TestValidFailExpr" methodname="TestValidFailExpr" classname="Kaitai.SpecValidFailExpr" runstate="Runnable" seed="739297606" result="Passed" start-time="2023-06-30 20:34:13Z" end-time="2023-06-30 20:34:13Z" duration="0.001224" asserts="1" />
      </test-suite>
      <test-suite type="TestFixture" id="0-1406" name="SpecValidFailInst" fullname="Kaitai.SpecValidFailInst" classname="Kaitai.SpecValidFailInst" runstate="Runnable" testcasecount="1" result="Passed" start-time="2023-06-30 20:34:13Z" end-time="2023-06-30 20:34:13Z" duration="0.005026" total="1" passed="1" failed="0" inconclusive="0" skipped="0" asserts="1">
        <test-case id="0-1407" name="TestValidFailInst" fullname="Kaitai.SpecValidFailInst.TestValidFailInst" methodname="TestValidFailInst" classname="Kaitai.SpecValidFailInst" runstate="Runnable" seed="1127430225" result="Passed" start-time="2023-06-30 20:34:13Z" end-time="2023-06-30 20:34:13Z" duration="0.000972" asserts="1" />
      </test-suite>
      <test-suite type="TestFixture" id="0-1408" name="SpecValidFailMaxInt" fullname="Kaitai.SpecValidFailMaxInt" classname="Kaitai.SpecValidFailMaxInt" runstate="Runnable" testcasecount="1" result="Passed" start-time="2023-06-30 20:34:13Z" end-time="2023-06-30 20:34:13Z" duration="0.005012" total="1" passed="1" failed="0" inconclusive="0" skipped="0" asserts="1">
        <test-case id="0-1409" name="TestValidFailMaxInt" fullname="Kaitai.SpecValidFailMaxInt.TestValidFailMaxInt" methodname="TestValidFailMaxInt" classname="Kaitai.SpecValidFailMaxInt" runstate="Runnable" seed="2062610753" result="Passed" start-time="2023-06-30 20:34:13Z" end-time="2023-06-30 20:34:13Z" duration="0.001089" asserts="1" />
      </test-suite>
      <test-suite type="TestFixture" id="0-1410" name="SpecValidFailMinInt" fullname="Kaitai.SpecValidFailMinInt" classname="Kaitai.SpecValidFailMinInt" runstate="Runnable" testcasecount="1" result="Passed" start-time="2023-06-30 20:34:13Z" end-time="2023-06-30 20:34:13Z" duration="0.005005" total="1" passed="1" failed="0" inconclusive="0" skipped="0" asserts="1">
        <test-case id="0-1411" name="TestValidFailMinInt" fullname="Kaitai.SpecValidFailMinInt.TestValidFailMinInt" methodname="TestValidFailMinInt" classname="Kaitai.SpecValidFailMinInt" runstate="Runnable" seed="2140460650" result="Passed" start-time="2023-06-30 20:34:13Z" end-time="2023-06-30 20:34:13Z" duration="0.001042" asserts="1" />
      </test-suite>
      <test-suite type="TestFixture" id="0-1412" name="SpecValidFailRangeBytes" fullname="Kaitai.SpecValidFailRangeBytes" classname="Kaitai.SpecValidFailRangeBytes" runstate="Runnable" testcasecount="1" result="Passed" start-time="2023-06-30 20:34:13Z" end-time="2023-06-30 20:34:13Z" duration="0.005008" total="1" passed="1" failed="0" inconclusive="0" skipped="0" asserts="1">
        <test-case id="0-1413" name="TestValidFailRangeBytes" fullname="Kaitai.SpecValidFailRangeBytes.TestValidFailRangeBytes" methodname="TestValidFailRangeBytes" classname="Kaitai.SpecValidFailRangeBytes" runstate="Runnable" seed="819812881" result="Passed" start-time="2023-06-30 20:34:13Z" end-time="2023-06-30 20:34:13Z" duration="0.001121" asserts="1" />
      </test-suite>
      <test-suite type="TestFixture" id="0-1414" name="SpecValidFailRangeFloat" fullname="Kaitai.SpecValidFailRangeFloat" classname="Kaitai.SpecValidFailRangeFloat" runstate="Runnable" testcasecount="1" result="Passed" start-time="2023-06-30 20:34:13Z" end-time="2023-06-30 20:34:13Z" duration="0.004994" total="1" passed="1" failed="0" inconclusive="0" skipped="0" asserts="1">
        <test-case id="0-1415" name="TestValidFailRangeFloat" fullname="Kaitai.SpecValidFailRangeFloat.TestValidFailRangeFloat" methodname="TestValidFailRangeFloat" classname="Kaitai.SpecValidFailRangeFloat" runstate="Runnable" seed="75900103" result="Passed" start-time="2023-06-30 20:34:13Z" end-time="2023-06-30 20:34:13Z" duration="0.000978" asserts="1" />
      </test-suite>
      <test-suite type="TestFixture" id="0-1416" name="SpecValidFailRangeInt" fullname="Kaitai.SpecValidFailRangeInt" classname="Kaitai.SpecValidFailRangeInt" runstate="Runnable" testcasecount="1" result="Passed" start-time="2023-06-30 20:34:13Z" end-time="2023-06-30 20:34:13Z" duration="0.005034" total="1" passed="1" failed="0" inconclusive="0" skipped="0" asserts="1">
        <test-case id="0-1417" name="TestValidFailRangeInt" fullname="Kaitai.SpecValidFailRangeInt.TestValidFailRangeInt" methodname="TestValidFailRangeInt" classname="Kaitai.SpecValidFailRangeInt" runstate="Runnable" seed="1962573513" result="Passed" start-time="2023-06-30 20:34:13Z" end-time="2023-06-30 20:34:13Z" duration="0.000957" asserts="1" />
      </test-suite>
      <test-suite type="TestFixture" id="0-1418" name="SpecValidFailRangeStr" fullname="Kaitai.SpecValidFailRangeStr" classname="Kaitai.SpecValidFailRangeStr" runstate="Runnable" testcasecount="1" result="Passed" start-time="2023-06-30 20:34:13Z" end-time="2023-06-30 20:34:13Z" duration="0.004969" total="1" passed="1" failed="0" inconclusive="0" skipped="0" asserts="1">
        <test-case id="0-1419" name="TestValidFailRangeStr" fullname="Kaitai.SpecValidFailRangeStr.TestValidFailRangeStr" methodname="TestValidFailRangeStr" classname="Kaitai.SpecValidFailRangeStr" runstate="Runnable" seed="1654094865" result="Passed" start-time="2023-06-30 20:34:13Z" end-time="2023-06-30 20:34:13Z" duration="0.001023" asserts="1" />
      </test-suite>
      <test-suite type="TestFixture" id="0-1420" name="SpecValidLong" fullname="Kaitai.SpecValidLong" classname="Kaitai.SpecValidLong" runstate="Runnable" testcasecount="1" result="Passed" start-time="2023-06-30 20:34:13Z" end-time="2023-06-30 20:34:13Z" duration="0.006006" total="1" passed="1" failed="0" inconclusive="0" skipped="0" asserts="0">
        <test-case id="0-1421" name="TestValidLong" fullname="Kaitai.SpecValidLong.TestValidLong" methodname="TestValidLong" classname="Kaitai.SpecValidLong" runstate="Runnable" seed="1647802959" result="Passed" start-time="2023-06-30 20:34:13Z" end-time="2023-06-30 20:34:13Z" duration="0.002575" asserts="0" />
      </test-suite>
      <test-suite type="TestFixture" id="0-1422" name="SpecValidNotParsedIf" fullname="Kaitai.SpecValidNotParsedIf" classname="Kaitai.SpecValidNotParsedIf" runstate="Runnable" testcasecount="1" result="Passed" start-time="2023-06-30 20:34:13Z" end-time="2023-06-30 20:34:13Z" duration="0.004410" total="1" passed="1" failed="0" inconclusive="0" skipped="0" asserts="0">
        <test-case id="0-1423" name="TestValidNotParsedIf" fullname="Kaitai.SpecValidNotParsedIf.TestValidNotParsedIf" methodname="TestValidNotParsedIf" classname="Kaitai.SpecValidNotParsedIf" runstate="Runnable" seed="182857386" result="Passed" start-time="2023-06-30 20:34:13Z" end-time="2023-06-30 20:34:13Z" duration="0.000939" asserts="0" />
      </test-suite>
      <test-suite type="TestFixture" id="0-1424" name="SpecValidOptionalId" fullname="Kaitai.SpecValidOptionalId" classname="Kaitai.SpecValidOptionalId" runstate="Runnable" testcasecount="1" result="Passed" start-time="2023-06-30 20:34:13Z" end-time="2023-06-30 20:34:13Z" duration="0.005007" total="1" passed="1" failed="0" inconclusive="0" skipped="0" asserts="0">
        <test-case id="0-1425" name="TestValidOptionalId" fullname="Kaitai.SpecValidOptionalId.TestValidOptionalId" methodname="TestValidOptionalId" classname="Kaitai.SpecValidOptionalId" runstate="Runnable" seed="2058953093" result="Passed" start-time="2023-06-30 20:34:13Z" end-time="2023-06-30 20:34:13Z" duration="0.001048" asserts="0" />
      </test-suite>
      <test-suite type="TestFixture" id="0-1426" name="SpecValidShort" fullname="Kaitai.SpecValidShort" classname="Kaitai.SpecValidShort" runstate="Runnable" testcasecount="1" result="Passed" start-time="2023-06-30 20:34:13Z" end-time="2023-06-30 20:34:13Z" duration="0.007009" total="1" passed="1" failed="0" inconclusive="0" skipped="0" asserts="0">
        <test-case id="0-1427" name="TestValidShort" fullname="Kaitai.SpecValidShort.TestValidShort" methodname="TestValidShort" classname="Kaitai.SpecValidShort" runstate="Runnable" seed="87016944" result="Passed" start-time="2023-06-30 20:34:13Z" end-time="2023-06-30 20:34:13Z" duration="0.003157" asserts="0" />
      </test-suite>
      <test-suite type="TestFixture" id="0-1428" name="SpecValidSwitch" fullname="Kaitai.SpecValidSwitch" classname="Kaitai.SpecValidSwitch" runstate="Runnable" testcasecount="1" result="Passed" start-time="2023-06-30 20:34:13Z" end-time="2023-06-30 20:34:13Z" duration="0.003980" total="1" passed="1" failed="0" inconclusive="0" skipped="0" asserts="0">
        <test-case id="0-1429" name="TestValidSwitch" fullname="Kaitai.SpecValidSwitch.TestValidSwitch" methodname="TestValidSwitch" classname="Kaitai.SpecValidSwitch" runstate="Runnable" seed="1481236954" result="Passed" start-time="2023-06-30 20:34:13Z" end-time="2023-06-30 20:34:13Z" duration="0.000936" asserts="0" />
      </test-suite>
      <test-suite type="TestFixture" id="0-1430" name="SpecZlibSurrounded" fullname="Kaitai.SpecZlibSurrounded" classname="Kaitai.SpecZlibSurrounded" runstate="Runnable" testcasecount="1" result="Passed" start-time="2023-06-30 20:34:13Z" end-time="2023-06-30 20:34:13Z" duration="0.022003" total="1" passed="1" failed="0" inconclusive="0" skipped="0" asserts="1">
        <test-case id="0-1431" name="TestZlibSurrounded" fullname="Kaitai.SpecZlibSurrounded.TestZlibSurrounded" methodname="TestZlibSurrounded" classname="Kaitai.SpecZlibSurrounded" runstate="Runnable" seed="2134160970" result="Passed" start-time="2023-06-30 20:34:13Z" end-time="2023-06-30 20:34:13Z" duration="0.018696" asserts="1" />
      </test-suite>
      <test-suite type="TestFixture" id="0-1432" name="SpecZlibWithHeader78" fullname="Kaitai.SpecZlibWithHeader78" classname="Kaitai.SpecZlibWithHeader78" runstate="Runnable" testcasecount="1" result="Passed" start-time="2023-06-30 20:34:13Z" end-time="2023-06-30 20:34:13Z" duration="0.004013" total="1" passed="1" failed="0" inconclusive="0" skipped="0" asserts="1">
        <test-case id="0-1433" name="TestZlibWithHeader78" fullname="Kaitai.SpecZlibWithHeader78.TestZlibWithHeader78" methodname="TestZlibWithHeader78" classname="Kaitai.SpecZlibWithHeader78" runstate="Runnable" seed="259518441" result="Passed" start-time="2023-06-30 20:34:13Z" end-time="2023-06-30 20:34:13Z" duration="0.000699" asserts="1" />
      </test-suite>
    </test-suite>
  </test-suite>
</test-run>