<?xml version="1.0" encoding="utf-8" standalone="no"?>
<test-run id="0" runstate="Runnable" testcasecount="237" result="Failed" total="237" passed="236" failed="1" warnings="0" inconclusive="0" skipped="0" asserts="1079" engine-version="3.17.0.0" clr-version="4.0.30319.42000" start-time="2024-07-14 00:35:52Z" end-time="2024-07-14 00:35:56Z" duration="3.273302">
  <command-line><![CDATA[C:\Users\runneradmin\.nuget\packages\nunit.consolerunner\3.17.0\tools\nunit3-console.exe --result=test_out/csharp/TestResult.xml spec/csharp/kaitai_struct_csharp_tests_netframework/bin/Debug/kaitai_struct_csharp_tests.dll]]></command-line>
  <test-suite type="Assembly" id="1-1474" name="kaitai_struct_csharp_tests.dll" fullname="D:\a\ci_targets\ci_targets\tests\spec\csharp\kaitai_struct_csharp_tests_netframework\bin\Debug\kaitai_struct_csharp_tests.dll" runstate="Runnable" testcasecount="237" result="Failed" site="Child" start-time="2024-07-14T00:35:55.4208912Z" end-time="2024-07-14T00:35:56.1240235Z" duration="0.690815" total="237" passed="236" failed="1" warnings="0" inconclusive="0" skipped="0" asserts="1079">
    <environment framework-version="3.14.0.0" clr-version="4.0.30319.42000" os-version="Microsoft Windows NT 10.0.20348.0" platform="Win32NT" cwd="D:\a\ci_targets\ci_targets\tests" machine-name="fv-az586-850" user="runneradmin" user-domain="fv-az586-850" culture="en-US" uiculture="en-US" os-architecture="x64" />
    <settings>
      <setting name="DisposeRunners" value="True" />
      <setting name="WorkDirectory" value="D:\a\ci_targets\ci_targets\tests" />
      <setting name="ImageRuntimeVersion" value="4.0.30319" />
      <setting name="ImageTargetFrameworkName" value=".NETFramework,Version=v4.8" />
      <setting name="ImageRequiresX86" value="False" />
      <setting name="ImageRequiresDefaultAppDomainAssemblyResolver" value="False" />
      <setting name="TargetRuntimeFramework" value="net-4.8" />
      <setting name="NumberOfTestWorkers" value="4" />
    </settings>
    <properties>
      <property name="_PID" value="5932" />
      <property name="_APPDOMAIN" value="domain-" />
    </properties>
    <failure>
      <message><![CDATA[One or more child tests had errors]]></message>
    </failure>
    <test-suite type="TestSuite" id="1-1475" name="Kaitai" fullname="Kaitai" runstate="Runnable" testcasecount="237" result="Failed" site="Child" start-time="2024-07-14T00:35:55.4521403Z" end-time="2024-07-14T00:35:56.1240235Z" duration="0.660193" total="237" passed="236" failed="1" warnings="0" inconclusive="0" skipped="0" asserts="1079">
      <failure>
        <message><![CDATA[One or more child tests had errors]]></message>
      </failure>
      <test-suite type="TestFixture" id="1-1000" name="SpecBcdUserTypeBe" fullname="Kaitai.SpecBcdUserTypeBe" classname="Kaitai.SpecBcdUserTypeBe" runstate="Runnable" testcasecount="1" result="Passed" start-time="2024-07-14T00:35:55.4521403Z" end-time="2024-07-14T00:35:55.6552709Z" duration="0.196140" total="1" passed="1" failed="0" warnings="0" inconclusive="0" skipped="0" asserts="6">
        <test-case id="1-1001" name="TestBcdUserTypeBe" fullname="Kaitai.SpecBcdUserTypeBe.TestBcdUserTypeBe" methodname="TestBcdUserTypeBe" classname="Kaitai.SpecBcdUserTypeBe" runstate="Runnable" seed="86841193" result="Passed" start-time="2024-07-14T00:35:55.4677664Z" end-time="2024-07-14T00:35:55.6552709Z" duration="0.189299" asserts="6" />
      </test-suite>
      <test-suite type="TestFixture" id="1-1002" name="SpecBcdUserTypeLe" fullname="Kaitai.SpecBcdUserTypeLe" classname="Kaitai.SpecBcdUserTypeLe" runstate="Runnable" testcasecount="1" result="Passed" start-time="2024-07-14T00:35:55.6552709Z" end-time="2024-07-14T00:35:55.6552709Z" duration="0.003899" total="1" passed="1" failed="0" warnings="0" inconclusive="0" skipped="0" asserts="6">
        <test-case id="1-1003" name="TestBcdUserTypeLe" fullname="Kaitai.SpecBcdUserTypeLe.TestBcdUserTypeLe" methodname="TestBcdUserTypeLe" classname="Kaitai.SpecBcdUserTypeLe" runstate="Runnable" seed="305844321" result="Passed" start-time="2024-07-14T00:35:55.6552709Z" end-time="2024-07-14T00:35:55.6552709Z" duration="0.003711" asserts="6" />
      </test-suite>
      <test-suite type="TestFixture" id="1-1004" name="SpecBitsByteAligned" fullname="Kaitai.SpecBitsByteAligned" classname="Kaitai.SpecBitsByteAligned" runstate="Runnable" testcasecount="1" result="Passed" start-time="2024-07-14T00:35:55.6552709Z" end-time="2024-07-14T00:35:55.6708927Z" duration="0.006387" total="1" passed="1" failed="0" warnings="0" inconclusive="0" skipped="0" asserts="9">
        <test-case id="1-1005" name="TestBitsByteAligned" fullname="Kaitai.SpecBitsByteAligned.TestBitsByteAligned" methodname="TestBitsByteAligned" classname="Kaitai.SpecBitsByteAligned" runstate="Runnable" seed="1208195037" result="Passed" start-time="2024-07-14T00:35:55.6552709Z" end-time="2024-07-14T00:35:55.6708927Z" duration="0.006266" asserts="9" />
      </test-suite>
      <test-suite type="TestFixture" id="1-1006" name="SpecBitsEnum" fullname="Kaitai.SpecBitsEnum" classname="Kaitai.SpecBitsEnum" runstate="Runnable" testcasecount="1" result="Passed" start-time="2024-07-14T00:35:55.6708927Z" end-time="2024-07-14T00:35:55.6708927Z" duration="0.000676" total="1" passed="1" failed="0" warnings="0" inconclusive="0" skipped="0" asserts="3">
        <test-case id="1-1007" name="TestBitsEnum" fullname="Kaitai.SpecBitsEnum.TestBitsEnum" methodname="TestBitsEnum" classname="Kaitai.SpecBitsEnum" runstate="Runnable" seed="934509648" result="Passed" start-time="2024-07-14T00:35:55.6708927Z" end-time="2024-07-14T00:35:55.6708927Z" duration="0.000580" asserts="3" />
      </test-suite>
      <test-suite type="TestFixture" id="1-1008" name="SpecBitsSeqEndianCombo" fullname="Kaitai.SpecBitsSeqEndianCombo" classname="Kaitai.SpecBitsSeqEndianCombo" runstate="Runnable" testcasecount="1" result="Passed" start-time="2024-07-14T00:35:55.6708927Z" end-time="2024-07-14T00:35:55.6708927Z" duration="0.006167" total="1" passed="1" failed="0" warnings="0" inconclusive="0" skipped="0" asserts="8">
        <test-case id="1-1009" name="TestBitsSeqEndianCombo" fullname="Kaitai.SpecBitsSeqEndianCombo.TestBitsSeqEndianCombo" methodname="TestBitsSeqEndianCombo" classname="Kaitai.SpecBitsSeqEndianCombo" runstate="Runnable" seed="1826430054" result="Passed" start-time="2024-07-14T00:35:55.6708927Z" end-time="2024-07-14T00:35:55.6708927Z" duration="0.006070" asserts="8" />
      </test-suite>
      <test-suite type="TestFixture" id="1-1010" name="SpecBitsShiftByB32Le" fullname="Kaitai.SpecBitsShiftByB32Le" classname="Kaitai.SpecBitsShiftByB32Le" runstate="Runnable" testcasecount="1" result="Passed" start-time="2024-07-14T00:35:55.6708927Z" end-time="2024-07-14T00:35:55.6708927Z" duration="0.000659" total="1" passed="1" failed="0" warnings="0" inconclusive="0" skipped="0" asserts="2">
        <test-case id="1-1011" name="TestBitsShiftByB32Le" fullname="Kaitai.SpecBitsShiftByB32Le.TestBitsShiftByB32Le" methodname="TestBitsShiftByB32Le" classname="Kaitai.SpecBitsShiftByB32Le" runstate="Runnable" seed="765694228" result="Passed" start-time="2024-07-14T00:35:55.6708927Z" end-time="2024-07-14T00:35:55.6708927Z" duration="0.000537" asserts="2" />
      </test-suite>
      <test-suite type="TestFixture" id="1-1012" name="SpecBitsShiftByB64Le" fullname="Kaitai.SpecBitsShiftByB64Le" classname="Kaitai.SpecBitsShiftByB64Le" runstate="Runnable" testcasecount="1" result="Passed" start-time="2024-07-14T00:35:55.6708927Z" end-time="2024-07-14T00:35:55.6708927Z" duration="0.000536" total="1" passed="1" failed="0" warnings="0" inconclusive="0" skipped="0" asserts="2">
        <test-case id="1-1013" name="TestBitsShiftByB64Le" fullname="Kaitai.SpecBitsShiftByB64Le.TestBitsShiftByB64Le" methodname="TestBitsShiftByB64Le" classname="Kaitai.SpecBitsShiftByB64Le" runstate="Runnable" seed="1769455193" result="Passed" start-time="2024-07-14T00:35:55.6708927Z" end-time="2024-07-14T00:35:55.6708927Z" duration="0.000439" asserts="2" />
      </test-suite>
      <test-suite type="TestFixture" id="1-1014" name="SpecBitsSignedResB32Be" fullname="Kaitai.SpecBitsSignedResB32Be" classname="Kaitai.SpecBitsSignedResB32Be" runstate="Runnable" testcasecount="1" result="Passed" start-time="2024-07-14T00:35:55.6708927Z" end-time="2024-07-14T00:35:55.6708927Z" duration="0.000461" total="1" passed="1" failed="0" warnings="0" inconclusive="0" skipped="0" asserts="1">
        <test-case id="1-1015" name="TestBitsSignedResB32Be" fullname="Kaitai.SpecBitsSignedResB32Be.TestBitsSignedResB32Be" methodname="TestBitsSignedResB32Be" classname="Kaitai.SpecBitsSignedResB32Be" runstate="Runnable" seed="1414748296" result="Passed" start-time="2024-07-14T00:35:55.6708927Z" end-time="2024-07-14T00:35:55.6708927Z" duration="0.000368" asserts="1" />
      </test-suite>
      <test-suite type="TestFixture" id="1-1016" name="SpecBitsSignedResB32Le" fullname="Kaitai.SpecBitsSignedResB32Le" classname="Kaitai.SpecBitsSignedResB32Le" runstate="Runnable" testcasecount="1" result="Passed" start-time="2024-07-14T00:35:55.6708927Z" end-time="2024-07-14T00:35:55.6708927Z" duration="0.000427" total="1" passed="1" failed="0" warnings="0" inconclusive="0" skipped="0" asserts="1">
        <test-case id="1-1017" name="TestBitsSignedResB32Le" fullname="Kaitai.SpecBitsSignedResB32Le.TestBitsSignedResB32Le" methodname="TestBitsSignedResB32Le" classname="Kaitai.SpecBitsSignedResB32Le" runstate="Runnable" seed="711990875" result="Passed" start-time="2024-07-14T00:35:55.6708927Z" end-time="2024-07-14T00:35:55.6708927Z" duration="0.000341" asserts="1" />
      </test-suite>
      <test-suite type="TestFixture" id="1-1018" name="SpecBitsSignedShiftB32Le" fullname="Kaitai.SpecBitsSignedShiftB32Le" classname="Kaitai.SpecBitsSignedShiftB32Le" runstate="Runnable" testcasecount="1" result="Passed" start-time="2024-07-14T00:35:55.6708927Z" end-time="2024-07-14T00:35:55.6708927Z" duration="0.000516" total="1" passed="1" failed="0" warnings="0" inconclusive="0" skipped="0" asserts="2">
        <test-case id="1-1019" name="TestBitsSignedShiftB32Le" fullname="Kaitai.SpecBitsSignedShiftB32Le.TestBitsSignedShiftB32Le" methodname="TestBitsSignedShiftB32Le" classname="Kaitai.SpecBitsSignedShiftB32Le" runstate="Runnable" seed="1773035491" result="Passed" start-time="2024-07-14T00:35:55.6708927Z" end-time="2024-07-14T00:35:55.6708927Z" duration="0.000431" asserts="2" />
      </test-suite>
      <test-suite type="TestFixture" id="1-1020" name="SpecBitsSignedShiftB64Le" fullname="Kaitai.SpecBitsSignedShiftB64Le" classname="Kaitai.SpecBitsSignedShiftB64Le" runstate="Runnable" testcasecount="1" result="Passed" start-time="2024-07-14T00:35:55.6708927Z" end-time="2024-07-14T00:35:55.6708927Z" duration="0.000527" total="1" passed="1" failed="0" warnings="0" inconclusive="0" skipped="0" asserts="2">
        <test-case id="1-1021" name="TestBitsSignedShiftB64Le" fullname="Kaitai.SpecBitsSignedShiftB64Le.TestBitsSignedShiftB64Le" methodname="TestBitsSignedShiftB64Le" classname="Kaitai.SpecBitsSignedShiftB64Le" runstate="Runnable" seed="1100835361" result="Passed" start-time="2024-07-14T00:35:55.6708927Z" end-time="2024-07-14T00:35:55.6708927Z" duration="0.000439" asserts="2" />
      </test-suite>
      <test-suite type="TestFixture" id="1-1022" name="SpecBitsSimple" fullname="Kaitai.SpecBitsSimple" classname="Kaitai.SpecBitsSimple" runstate="Runnable" testcasecount="1" result="Passed" start-time="2024-07-14T00:35:55.6708927Z" end-time="2024-07-14T00:35:55.6865234Z" duration="0.001663" total="1" passed="1" failed="0" warnings="0" inconclusive="0" skipped="0" asserts="14">
        <test-case id="1-1023" name="TestBitsSimple" fullname="Kaitai.SpecBitsSimple.TestBitsSimple" methodname="TestBitsSimple" classname="Kaitai.SpecBitsSimple" runstate="Runnable" seed="848086" result="Passed" start-time="2024-07-14T00:35:55.6708927Z" end-time="2024-07-14T00:35:55.6865234Z" duration="0.001573" asserts="14" />
      </test-suite>
      <test-suite type="TestFixture" id="1-1024" name="SpecBitsSimpleLe" fullname="Kaitai.SpecBitsSimpleLe" classname="Kaitai.SpecBitsSimpleLe" runstate="Runnable" testcasecount="1" result="Passed" start-time="2024-07-14T00:35:55.6865234Z" end-time="2024-07-14T00:35:55.6865234Z" duration="0.001424" total="1" passed="1" failed="0" warnings="0" inconclusive="0" skipped="0" asserts="14">
        <test-case id="1-1025" name="TestBitsSimpleLe" fullname="Kaitai.SpecBitsSimpleLe.TestBitsSimpleLe" methodname="TestBitsSimpleLe" classname="Kaitai.SpecBitsSimpleLe" runstate="Runnable" seed="1647000314" result="Passed" start-time="2024-07-14T00:35:55.6865234Z" end-time="2024-07-14T00:35:55.6865234Z" duration="0.001320" asserts="14" />
      </test-suite>
      <test-suite type="TestFixture" id="1-1026" name="SpecBitsUnalignedB32Be" fullname="Kaitai.SpecBitsUnalignedB32Be" classname="Kaitai.SpecBitsUnalignedB32Be" runstate="Runnable" testcasecount="1" result="Passed" start-time="2024-07-14T00:35:55.6865234Z" end-time="2024-07-14T00:35:55.6865234Z" duration="0.000636" total="1" passed="1" failed="0" warnings="0" inconclusive="0" skipped="0" asserts="3">
        <test-case id="1-1027" name="TestBitsUnalignedB32Be" fullname="Kaitai.SpecBitsUnalignedB32Be.TestBitsUnalignedB32Be" methodname="TestBitsUnalignedB32Be" classname="Kaitai.SpecBitsUnalignedB32Be" runstate="Runnable" seed="1869543151" result="Passed" start-time="2024-07-14T00:35:55.6865234Z" end-time="2024-07-14T00:35:55.6865234Z" duration="0.000545" asserts="3" />
      </test-suite>
      <test-suite type="TestFixture" id="1-1028" name="SpecBitsUnalignedB32Le" fullname="Kaitai.SpecBitsUnalignedB32Le" classname="Kaitai.SpecBitsUnalignedB32Le" runstate="Runnable" testcasecount="1" result="Passed" start-time="2024-07-14T00:35:55.6865234Z" end-time="2024-07-14T00:35:55.6865234Z" duration="0.000593" total="1" passed="1" failed="0" warnings="0" inconclusive="0" skipped="0" asserts="3">
        <test-case id="1-1029" name="TestBitsUnalignedB32Le" fullname="Kaitai.SpecBitsUnalignedB32Le.TestBitsUnalignedB32Le" methodname="TestBitsUnalignedB32Le" classname="Kaitai.SpecBitsUnalignedB32Le" runstate="Runnable" seed="1889512941" result="Passed" start-time="2024-07-14T00:35:55.6865234Z" end-time="2024-07-14T00:35:55.6865234Z" duration="0.000507" asserts="3" />
      </test-suite>
      <test-suite type="TestFixture" id="1-1030" name="SpecBitsUnalignedB64Be" fullname="Kaitai.SpecBitsUnalignedB64Be" classname="Kaitai.SpecBitsUnalignedB64Be" runstate="Runnable" testcasecount="1" result="Passed" start-time="2024-07-14T00:35:55.6865234Z" end-time="2024-07-14T00:35:55.6865234Z" duration="0.000676" total="1" passed="1" failed="0" warnings="0" inconclusive="0" skipped="0" asserts="3">
        <test-case id="1-1031" name="TestBitsUnalignedB64Be" fullname="Kaitai.SpecBitsUnalignedB64Be.TestBitsUnalignedB64Be" methodname="TestBitsUnalignedB64Be" classname="Kaitai.SpecBitsUnalignedB64Be" runstate="Runnable" seed="1936375207" result="Passed" start-time="2024-07-14T00:35:55.6865234Z" end-time="2024-07-14T00:35:55.6865234Z" duration="0.000587" asserts="3" />
      </test-suite>
      <test-suite type="TestFixture" id="1-1032" name="SpecBitsUnalignedB64Le" fullname="Kaitai.SpecBitsUnalignedB64Le" classname="Kaitai.SpecBitsUnalignedB64Le" runstate="Runnable" testcasecount="1" result="Passed" start-time="2024-07-14T00:35:55.6865234Z" end-time="2024-07-14T00:35:55.6865234Z" duration="0.000808" total="1" passed="1" failed="0" warnings="0" inconclusive="0" skipped="0" asserts="3">
        <test-case id="1-1033" name="TestBitsUnalignedB64Le" fullname="Kaitai.SpecBitsUnalignedB64Le.TestBitsUnalignedB64Le" methodname="TestBitsUnalignedB64Le" classname="Kaitai.SpecBitsUnalignedB64Le" runstate="Runnable" seed="974550027" result="Passed" start-time="2024-07-14T00:35:55.6865234Z" end-time="2024-07-14T00:35:55.6865234Z" duration="0.000701" asserts="3" />
      </test-suite>
      <test-suite type="TestFixture" id="1-1034" name="SpecBufferedStruct" fullname="Kaitai.SpecBufferedStruct" classname="Kaitai.SpecBufferedStruct" runstate="Runnable" testcasecount="1" result="Passed" start-time="2024-07-14T00:35:55.6865234Z" end-time="2024-07-14T00:35:55.6865234Z" duration="0.001539" total="1" passed="1" failed="0" warnings="0" inconclusive="0" skipped="0" asserts="7">
        <test-case id="1-1035" name="TestBufferedStruct" fullname="Kaitai.SpecBufferedStruct.TestBufferedStruct" methodname="TestBufferedStruct" classname="Kaitai.SpecBufferedStruct" runstate="Runnable" seed="190726023" result="Passed" start-time="2024-07-14T00:35:55.6865234Z" end-time="2024-07-14T00:35:55.6865234Z" duration="0.001451" asserts="7" />
      </test-suite>
      <test-suite type="TestFixture" id="1-1036" name="SpecBytesPadTerm" fullname="Kaitai.SpecBytesPadTerm" classname="Kaitai.SpecBytesPadTerm" runstate="Runnable" testcasecount="1" result="Passed" start-time="2024-07-14T00:35:55.6865234Z" end-time="2024-07-14T00:35:55.6865234Z" duration="0.001077" total="1" passed="1" failed="0" warnings="0" inconclusive="0" skipped="0" asserts="4">
        <test-case id="1-1037" name="TestBytesPadTerm" fullname="Kaitai.SpecBytesPadTerm.TestBytesPadTerm" methodname="TestBytesPadTerm" classname="Kaitai.SpecBytesPadTerm" runstate="Runnable" seed="919880628" result="Passed" start-time="2024-07-14T00:35:55.6865234Z" end-time="2024-07-14T00:35:55.6865234Z" duration="0.000977" asserts="4" />
      </test-suite>
      <test-suite type="TestFixture" id="1-1038" name="SpecCastNested" fullname="Kaitai.SpecCastNested" classname="Kaitai.SpecCastNested" runstate="Runnable" testcasecount="1" result="Passed" start-time="2024-07-14T00:35:55.6865234Z" end-time="2024-07-14T00:35:55.6865234Z" duration="0.001995" total="1" passed="1" failed="0" warnings="0" inconclusive="0" skipped="0" asserts="4">
        <test-case id="1-1039" name="TestCastNested" fullname="Kaitai.SpecCastNested.TestCastNested" methodname="TestCastNested" classname="Kaitai.SpecCastNested" runstate="Runnable" seed="1953606298" result="Passed" start-time="2024-07-14T00:35:55.6865234Z" end-time="2024-07-14T00:35:55.6865234Z" duration="0.001896" asserts="4" />
      </test-suite>
      <test-suite type="TestFixture" id="1-1040" name="SpecCastToTop" fullname="Kaitai.SpecCastToTop" classname="Kaitai.SpecCastToTop" runstate="Runnable" testcasecount="1" result="Passed" start-time="2024-07-14T00:35:55.6865234Z" end-time="2024-07-14T00:35:55.6865234Z" duration="0.001519" total="1" passed="1" failed="0" warnings="0" inconclusive="0" skipped="0" asserts="3">
        <test-case id="1-1041" name="TestCastToTop" fullname="Kaitai.SpecCastToTop.TestCastToTop" methodname="TestCastToTop" classname="Kaitai.SpecCastToTop" runstate="Runnable" seed="821222220" result="Passed" start-time="2024-07-14T00:35:55.6865234Z" end-time="2024-07-14T00:35:55.6865234Z" duration="0.001422" asserts="3" />
      </test-suite>
      <test-suite type="TestFixture" id="1-1042" name="SpecCombineBool" fullname="Kaitai.SpecCombineBool" classname="Kaitai.SpecCombineBool" runstate="Runnable" testcasecount="1" result="Passed" start-time="2024-07-14T00:35:55.6865234Z" end-time="2024-07-14T00:35:55.6865234Z" duration="0.000645" total="1" passed="1" failed="0" warnings="0" inconclusive="0" skipped="0" asserts="2">
        <test-case id="1-1043" name="TestCombineBool" fullname="Kaitai.SpecCombineBool.TestCombineBool" methodname="TestCombineBool" classname="Kaitai.SpecCombineBool" runstate="Runnable" seed="46631799" result="Passed" start-time="2024-07-14T00:35:55.6865234Z" end-time="2024-07-14T00:35:55.6865234Z" duration="0.000551" asserts="2" />
      </test-suite>
      <test-suite type="TestFixture" id="1-1044" name="SpecCombineBytes" fullname="Kaitai.SpecCombineBytes" classname="Kaitai.SpecCombineBytes" runstate="Runnable" testcasecount="1" result="Passed" start-time="2024-07-14T00:35:55.6865234Z" end-time="2024-07-14T00:35:55.6865234Z" duration="0.001417" total="1" passed="1" failed="0" warnings="0" inconclusive="0" skipped="0" asserts="10">
        <test-case id="1-1045" name="TestCombineBytes" fullname="Kaitai.SpecCombineBytes.TestCombineBytes" methodname="TestCombineBytes" classname="Kaitai.SpecCombineBytes" runstate="Runnable" seed="235022776" result="Passed" start-time="2024-07-14T00:35:55.6865234Z" end-time="2024-07-14T00:35:55.6865234Z" duration="0.001328" asserts="10" />
      </test-suite>
      <test-suite type="TestFixture" id="1-1046" name="SpecCombineEnum" fullname="Kaitai.SpecCombineEnum" classname="Kaitai.SpecCombineEnum" runstate="Runnable" testcasecount="1" result="Passed" start-time="2024-07-14T00:35:55.6865234Z" end-time="2024-07-14T00:35:55.6865234Z" duration="0.000748" total="1" passed="1" failed="0" warnings="0" inconclusive="0" skipped="0" asserts="3">
        <test-case id="1-1047" name="TestCombineEnum" fullname="Kaitai.SpecCombineEnum.TestCombineEnum" methodname="TestCombineEnum" classname="Kaitai.SpecCombineEnum" runstate="Runnable" seed="540090541" result="Passed" start-time="2024-07-14T00:35:55.6865234Z" end-time="2024-07-14T00:35:55.6865234Z" duration="0.000658" asserts="3" />
      </test-suite>
      <test-suite type="TestFixture" id="1-1048" name="SpecCombineStr" fullname="Kaitai.SpecCombineStr" classname="Kaitai.SpecCombineStr" runstate="Runnable" testcasecount="1" result="Passed" start-time="2024-07-14T00:35:55.6865234Z" end-time="2024-07-14T00:35:55.6865234Z" duration="0.001541" total="1" passed="1" failed="0" warnings="0" inconclusive="0" skipped="0" asserts="15">
        <test-case id="1-1049" name="TestCombineStr" fullname="Kaitai.SpecCombineStr.TestCombineStr" methodname="TestCombineStr" classname="Kaitai.SpecCombineStr" runstate="Runnable" seed="276322982" result="Passed" start-time="2024-07-14T00:35:55.6865234Z" end-time="2024-07-14T00:35:55.6865234Z" duration="0.001452" asserts="15" />
      </test-suite>
      <test-suite type="TestFixture" id="1-1050" name="SpecDebug0" fullname="Kaitai.SpecDebug0" classname="Kaitai.SpecDebug0" runstate="Runnable" testcasecount="1" result="Passed" start-time="2024-07-14T00:35:55.6865234Z" end-time="2024-07-14T00:35:55.6865234Z" duration="0.000132" total="1" passed="1" failed="0" warnings="0" inconclusive="0" skipped="0" asserts="0">
        <test-case id="1-1051" name="TestDebug0" fullname="Kaitai.SpecDebug0.TestDebug0" methodname="TestDebug0" classname="Kaitai.SpecDebug0" runstate="Runnable" seed="1498854265" result="Passed" start-time="2024-07-14T00:35:55.6865234Z" end-time="2024-07-14T00:35:55.6865234Z" duration="0.000041" asserts="0" />
      </test-suite>
      <test-suite type="TestFixture" id="1-1052" name="SpecDebugArrayUser" fullname="Kaitai.SpecDebugArrayUser" classname="Kaitai.SpecDebugArrayUser" runstate="Runnable" testcasecount="1" result="Passed" start-time="2024-07-14T00:35:55.6865234Z" end-time="2024-07-14T00:35:55.7021441Z" duration="0.001214" total="1" passed="1" failed="0" warnings="0" inconclusive="0" skipped="0" asserts="4">
        <test-case id="1-1053" name="TestDebugArrayUser" fullname="Kaitai.SpecDebugArrayUser.TestDebugArrayUser" methodname="TestDebugArrayUser" classname="Kaitai.SpecDebugArrayUser" runstate="Runnable" seed="592906522" result="Passed" start-time="2024-07-14T00:35:55.6865234Z" end-time="2024-07-14T00:35:55.7021441Z" duration="0.001134" asserts="4" />
      </test-suite>
      <test-suite type="TestFixture" id="1-1054" name="SpecDebugEnumName" fullname="Kaitai.SpecDebugEnumName" classname="Kaitai.SpecDebugEnumName" runstate="Runnable" testcasecount="1" result="Passed" start-time="2024-07-14T00:35:55.7021441Z" end-time="2024-07-14T00:35:55.7021441Z" duration="0.000131" total="1" passed="1" failed="0" warnings="0" inconclusive="0" skipped="0" asserts="0">
        <test-case id="1-1055" name="TestDebugEnumName" fullname="Kaitai.SpecDebugEnumName.TestDebugEnumName" methodname="TestDebugEnumName" classname="Kaitai.SpecDebugEnumName" runstate="Runnable" seed="371238311" result="Passed" start-time="2024-07-14T00:35:55.7021441Z" end-time="2024-07-14T00:35:55.7021441Z" duration="0.000041" asserts="0" />
      </test-suite>
      <test-suite type="TestFixture" id="1-1056" name="SpecDebugSwitchUser" fullname="Kaitai.SpecDebugSwitchUser" classname="Kaitai.SpecDebugSwitchUser" runstate="Runnable" testcasecount="1" result="Passed" start-time="2024-07-14T00:35:55.7021441Z" end-time="2024-07-14T00:35:55.7021441Z" duration="0.000846" total="1" passed="1" failed="0" warnings="0" inconclusive="0" skipped="0" asserts="2">
        <test-case id="1-1057" name="TestDebugSwitchUser" fullname="Kaitai.SpecDebugSwitchUser.TestDebugSwitchUser" methodname="TestDebugSwitchUser" classname="Kaitai.SpecDebugSwitchUser" runstate="Runnable" seed="1575878514" result="Passed" start-time="2024-07-14T00:35:55.7021441Z" end-time="2024-07-14T00:35:55.7021441Z" duration="0.000747" asserts="2" />
      </test-suite>
      <test-suite type="TestFixture" id="1-1058" name="SpecDefaultBigEndian" fullname="Kaitai.SpecDefaultBigEndian" classname="Kaitai.SpecDefaultBigEndian" runstate="Runnable" testcasecount="1" result="Passed" start-time="2024-07-14T00:35:55.7021441Z" end-time="2024-07-14T00:35:55.7021441Z" duration="0.000486" total="1" passed="1" failed="0" warnings="0" inconclusive="0" skipped="0" asserts="1">
        <test-case id="1-1059" name="TestDefaultBigEndian" fullname="Kaitai.SpecDefaultBigEndian.TestDefaultBigEndian" methodname="TestDefaultBigEndian" classname="Kaitai.SpecDefaultBigEndian" runstate="Runnable" seed="144075228" result="Passed" start-time="2024-07-14T00:35:55.7021441Z" end-time="2024-07-14T00:35:55.7021441Z" duration="0.000399" asserts="1" />
      </test-suite>
      <test-suite type="TestFixture" id="1-1060" name="SpecDefaultBitEndianMod" fullname="Kaitai.SpecDefaultBitEndianMod" classname="Kaitai.SpecDefaultBitEndianMod" runstate="Runnable" testcasecount="1" result="Passed" start-time="2024-07-14T00:35:55.7021441Z" end-time="2024-07-14T00:35:55.7021441Z" duration="0.001046" total="1" passed="1" failed="0" warnings="0" inconclusive="0" skipped="0" asserts="4">
        <test-case id="1-1061" name="TestDefaultBitEndianMod" fullname="Kaitai.SpecDefaultBitEndianMod.TestDefaultBitEndianMod" methodname="TestDefaultBitEndianMod" classname="Kaitai.SpecDefaultBitEndianMod" runstate="Runnable" seed="1772766215" result="Passed" start-time="2024-07-14T00:35:55.7021441Z" end-time="2024-07-14T00:35:55.7021441Z" duration="0.000959" asserts="4" />
      </test-suite>
      <test-suite type="TestFixture" id="1-1062" name="SpecDefaultEndianExprException" fullname="Kaitai.SpecDefaultEndianExprException" classname="Kaitai.SpecDefaultEndianExprException" runstate="Runnable" testcasecount="1" result="Passed" start-time="2024-07-14T00:35:55.7021441Z" end-time="2024-07-14T00:35:55.7021441Z" duration="0.011121" total="1" passed="1" failed="0" warnings="0" inconclusive="0" skipped="0" asserts="1">
        <test-case id="1-1063" name="TestDefaultEndianExprException" fullname="Kaitai.SpecDefaultEndianExprException.TestDefaultEndianExprException" methodname="TestDefaultEndianExprException" classname="Kaitai.SpecDefaultEndianExprException" runstate="Runnable" seed="155260267" result="Passed" start-time="2024-07-14T00:35:55.7021441Z" end-time="2024-07-14T00:35:55.7021441Z" duration="0.011031" asserts="1" />
      </test-suite>
      <test-suite type="TestFixture" id="1-1064" name="SpecDefaultEndianExprInherited" fullname="Kaitai.SpecDefaultEndianExprInherited" classname="Kaitai.SpecDefaultEndianExprInherited" runstate="Runnable" testcasecount="1" result="Passed" start-time="2024-07-14T00:35:55.7021441Z" end-time="2024-07-14T00:35:55.7177702Z" duration="0.002999" total="1" passed="1" failed="0" warnings="0" inconclusive="0" skipped="0" asserts="15">
        <test-case id="1-1065" name="TestDefaultEndianExprInherited" fullname="Kaitai.SpecDefaultEndianExprInherited.TestDefaultEndianExprInherited" methodname="TestDefaultEndianExprInherited" classname="Kaitai.SpecDefaultEndianExprInherited" runstate="Runnable" seed="45569677" result="Passed" start-time="2024-07-14T00:35:55.7021441Z" end-time="2024-07-14T00:35:55.7177702Z" duration="0.002904" asserts="15" />
      </test-suite>
      <test-suite type="TestFixture" id="1-1066" name="SpecDefaultEndianExprIsBe" fullname="Kaitai.SpecDefaultEndianExprIsBe" classname="Kaitai.SpecDefaultEndianExprIsBe" runstate="Runnable" testcasecount="1" result="Passed" start-time="2024-07-14T00:35:55.7177702Z" end-time="2024-07-14T00:35:55.7177702Z" duration="0.002875" total="1" passed="1" failed="0" warnings="0" inconclusive="0" skipped="0" asserts="18">
        <test-case id="1-1067" name="TestDefaultEndianExprIsBe" fullname="Kaitai.SpecDefaultEndianExprIsBe.TestDefaultEndianExprIsBe" methodname="TestDefaultEndianExprIsBe" classname="Kaitai.SpecDefaultEndianExprIsBe" runstate="Runnable" seed="1507574521" result="Passed" start-time="2024-07-14T00:35:55.7177702Z" end-time="2024-07-14T00:35:55.7177702Z" duration="0.002778" asserts="18" />
      </test-suite>
      <test-suite type="TestFixture" id="1-1068" name="SpecDefaultEndianExprIsLe" fullname="Kaitai.SpecDefaultEndianExprIsLe" classname="Kaitai.SpecDefaultEndianExprIsLe" runstate="Runnable" testcasecount="1" result="Passed" start-time="2024-07-14T00:35:55.7177702Z" end-time="2024-07-14T00:35:55.7177702Z" duration="0.001813" total="1" passed="1" failed="0" warnings="0" inconclusive="0" skipped="0" asserts="12">
        <test-case id="1-1069" name="TestDefaultEndianExprIsLe" fullname="Kaitai.SpecDefaultEndianExprIsLe.TestDefaultEndianExprIsLe" methodname="TestDefaultEndianExprIsLe" classname="Kaitai.SpecDefaultEndianExprIsLe" runstate="Runnable" seed="457450313" result="Passed" start-time="2024-07-14T00:35:55.7177702Z" end-time="2024-07-14T00:35:55.7177702Z" duration="0.001720" asserts="12" />
      </test-suite>
      <test-suite type="TestFixture" id="1-1070" name="SpecDefaultEndianMod" fullname="Kaitai.SpecDefaultEndianMod" classname="Kaitai.SpecDefaultEndianMod" runstate="Runnable" testcasecount="1" result="Passed" start-time="2024-07-14T00:35:55.7177702Z" end-time="2024-07-14T00:35:55.7177702Z" duration="0.001034" total="1" passed="1" failed="0" warnings="0" inconclusive="0" skipped="0" asserts="3">
        <test-case id="1-1071" name="TestDefaultEndianMod" fullname="Kaitai.SpecDefaultEndianMod.TestDefaultEndianMod" methodname="TestDefaultEndianMod" classname="Kaitai.SpecDefaultEndianMod" runstate="Runnable" seed="1904578489" result="Passed" start-time="2024-07-14T00:35:55.7177702Z" end-time="2024-07-14T00:35:55.7177702Z" duration="0.000945" asserts="3" />
      </test-suite>
      <test-suite type="TestFixture" id="1-1072" name="SpecDocstrings" fullname="Kaitai.SpecDocstrings" classname="Kaitai.SpecDocstrings" runstate="Runnable" testcasecount="1" result="Passed" start-time="2024-07-14T00:35:55.7177702Z" end-time="2024-07-14T00:35:55.7177702Z" duration="0.000392" total="1" passed="1" failed="0" warnings="0" inconclusive="0" skipped="0" asserts="0">
        <test-case id="1-1073" name="TestDocstrings" fullname="Kaitai.SpecDocstrings.TestDocstrings" methodname="TestDocstrings" classname="Kaitai.SpecDocstrings" runstate="Runnable" seed="2017289965" result="Passed" start-time="2024-07-14T00:35:55.7177702Z" end-time="2024-07-14T00:35:55.7177702Z" duration="0.000295" asserts="0" />
      </test-suite>
      <test-suite type="TestFixture" id="1-1074" name="SpecDocstringsDocref" fullname="Kaitai.SpecDocstringsDocref" classname="Kaitai.SpecDocstringsDocref" runstate="Runnable" testcasecount="1" result="Passed" start-time="2024-07-14T00:35:55.7177702Z" end-time="2024-07-14T00:35:55.7177702Z" duration="0.000401" total="1" passed="1" failed="0" warnings="0" inconclusive="0" skipped="0" asserts="0">
        <test-case id="1-1075" name="TestDocstringsDocref" fullname="Kaitai.SpecDocstringsDocref.TestDocstringsDocref" methodname="TestDocstringsDocref" classname="Kaitai.SpecDocstringsDocref" runstate="Runnable" seed="1946204875" result="Passed" start-time="2024-07-14T00:35:55.7177702Z" end-time="2024-07-14T00:35:55.7177702Z" duration="0.000310" asserts="0" />
      </test-suite>
      <test-suite type="TestFixture" id="1-1076" name="SpecDocstringsDocrefMulti" fullname="Kaitai.SpecDocstringsDocrefMulti" classname="Kaitai.SpecDocstringsDocrefMulti" runstate="Runnable" testcasecount="1" result="Passed" start-time="2024-07-14T00:35:55.7177702Z" end-time="2024-07-14T00:35:55.7177702Z" duration="0.000344" total="1" passed="1" failed="0" warnings="0" inconclusive="0" skipped="0" asserts="0">
        <test-case id="1-1077" name="TestDocstringsDocrefMulti" fullname="Kaitai.SpecDocstringsDocrefMulti.TestDocstringsDocrefMulti" methodname="TestDocstringsDocrefMulti" classname="Kaitai.SpecDocstringsDocrefMulti" runstate="Runnable" seed="1832671317" result="Passed" start-time="2024-07-14T00:35:55.7177702Z" end-time="2024-07-14T00:35:55.7177702Z" duration="0.000254" asserts="0" />
      </test-suite>
      <test-suite type="TestFixture" id="1-1078" name="SpecEnum0" fullname="Kaitai.SpecEnum0" classname="Kaitai.SpecEnum0" runstate="Runnable" testcasecount="1" result="Passed" start-time="2024-07-14T00:35:55.7177702Z" end-time="2024-07-14T00:35:55.7177702Z" duration="0.000507" total="1" passed="1" failed="0" warnings="0" inconclusive="0" skipped="0" asserts="2">
        <test-case id="1-1079" name="TestEnum0" fullname="Kaitai.SpecEnum0.TestEnum0" methodname="TestEnum0" classname="Kaitai.SpecEnum0" runstate="Runnable" seed="1000467268" result="Passed" start-time="2024-07-14T00:35:55.7177702Z" end-time="2024-07-14T00:35:55.7177702Z" duration="0.000424" asserts="2" />
      </test-suite>
      <test-suite type="TestFixture" id="1-1080" name="SpecEnum1" fullname="Kaitai.SpecEnum1" classname="Kaitai.SpecEnum1" runstate="Runnable" testcasecount="1" result="Passed" start-time="2024-07-14T00:35:55.7177702Z" end-time="2024-07-14T00:35:55.7177702Z" duration="0.000786" total="1" passed="1" failed="0" warnings="0" inconclusive="0" skipped="0" asserts="2">
        <test-case id="1-1081" name="TestEnum1" fullname="Kaitai.SpecEnum1.TestEnum1" methodname="TestEnum1" classname="Kaitai.SpecEnum1" runstate="Runnable" seed="1951162636" result="Passed" start-time="2024-07-14T00:35:55.7177702Z" end-time="2024-07-14T00:35:55.7177702Z" duration="0.000698" asserts="2" />
      </test-suite>
      <test-suite type="TestFixture" id="1-1082" name="SpecEnumDeep" fullname="Kaitai.SpecEnumDeep" classname="Kaitai.SpecEnumDeep" runstate="Runnable" testcasecount="1" result="Passed" start-time="2024-07-14T00:35:55.7177702Z" end-time="2024-07-14T00:35:55.7177702Z" duration="0.001134" total="1" passed="1" failed="0" warnings="0" inconclusive="0" skipped="0" asserts="2">
        <test-case id="1-1083" name="TestEnumDeep" fullname="Kaitai.SpecEnumDeep.TestEnumDeep" methodname="TestEnumDeep" classname="Kaitai.SpecEnumDeep" runstate="Runnable" seed="486703106" result="Passed" start-time="2024-07-14T00:35:55.7177702Z" end-time="2024-07-14T00:35:55.7177702Z" duration="0.001045" asserts="2" />
      </test-suite>
      <test-suite type="TestFixture" id="1-1084" name="SpecEnumDeepLiterals" fullname="Kaitai.SpecEnumDeepLiterals" classname="Kaitai.SpecEnumDeepLiterals" runstate="Runnable" testcasecount="1" result="Passed" start-time="2024-07-14T00:35:55.7177702Z" end-time="2024-07-14T00:35:55.7177702Z" duration="0.000649" total="1" passed="1" failed="0" warnings="0" inconclusive="0" skipped="0" asserts="2">
        <test-case id="1-1085" name="TestEnumDeepLiterals" fullname="Kaitai.SpecEnumDeepLiterals.TestEnumDeepLiterals" methodname="TestEnumDeepLiterals" classname="Kaitai.SpecEnumDeepLiterals" runstate="Runnable" seed="1464305367" result="Passed" start-time="2024-07-14T00:35:55.7177702Z" end-time="2024-07-14T00:35:55.7177702Z" duration="0.000561" asserts="2" />
      </test-suite>
      <test-suite type="TestFixture" id="1-1086" name="SpecEnumFancy" fullname="Kaitai.SpecEnumFancy" classname="Kaitai.SpecEnumFancy" runstate="Runnable" testcasecount="1" result="Passed" start-time="2024-07-14T00:35:55.7177702Z" end-time="2024-07-14T00:35:55.7177702Z" duration="0.000522" total="1" passed="1" failed="0" warnings="0" inconclusive="0" skipped="0" asserts="2">
        <test-case id="1-1087" name="TestEnumFancy" fullname="Kaitai.SpecEnumFancy.TestEnumFancy" methodname="TestEnumFancy" classname="Kaitai.SpecEnumFancy" runstate="Runnable" seed="120085777" result="Passed" start-time="2024-07-14T00:35:55.7177702Z" end-time="2024-07-14T00:35:55.7177702Z" duration="0.000435" asserts="2" />
      </test-suite>
      <test-suite type="TestFixture" id="1-1088" name="SpecEnumIf" fullname="Kaitai.SpecEnumIf" classname="Kaitai.SpecEnumIf" runstate="Runnable" testcasecount="1" result="Passed" start-time="2024-07-14T00:35:55.7177702Z" end-time="2024-07-14T00:35:55.7177702Z" duration="0.001364" total="1" passed="1" failed="0" warnings="0" inconclusive="0" skipped="0" asserts="7">
        <test-case id="1-1089" name="TestEnumIf" fullname="Kaitai.SpecEnumIf.TestEnumIf" methodname="TestEnumIf" classname="Kaitai.SpecEnumIf" runstate="Runnable" seed="1619974704" result="Passed" start-time="2024-07-14T00:35:55.7177702Z" end-time="2024-07-14T00:35:55.7177702Z" duration="0.001279" asserts="7" />
      </test-suite>
      <test-suite type="TestFixture" id="1-1090" name="SpecEnumImportLiterals" fullname="Kaitai.SpecEnumImportLiterals" classname="Kaitai.SpecEnumImportLiterals" runstate="Runnable" testcasecount="1" result="Passed" start-time="2024-07-14T00:35:55.7177702Z" end-time="2024-07-14T00:35:55.7177702Z" duration="0.000615" total="1" passed="1" failed="0" warnings="0" inconclusive="0" skipped="0" asserts="3">
        <test-case id="1-1091" name="TestEnumImportLiterals" fullname="Kaitai.SpecEnumImportLiterals.TestEnumImportLiterals" methodname="TestEnumImportLiterals" classname="Kaitai.SpecEnumImportLiterals" runstate="Runnable" seed="825913" result="Passed" start-time="2024-07-14T00:35:55.7177702Z" end-time="2024-07-14T00:35:55.7177702Z" duration="0.000526" asserts="3" />
      </test-suite>
      <test-suite type="TestFixture" id="1-1092" name="SpecEnumImportSeq" fullname="Kaitai.SpecEnumImportSeq" classname="Kaitai.SpecEnumImportSeq" runstate="Runnable" testcasecount="1" result="Passed" start-time="2024-07-14T00:35:55.7177702Z" end-time="2024-07-14T00:35:55.7177702Z" duration="0.000507" total="1" passed="1" failed="0" warnings="0" inconclusive="0" skipped="0" asserts="2">
        <test-case id="1-1093" name="TestEnumImportSeq" fullname="Kaitai.SpecEnumImportSeq.TestEnumImportSeq" methodname="TestEnumImportSeq" classname="Kaitai.SpecEnumImportSeq" runstate="Runnable" seed="1178682463" result="Passed" start-time="2024-07-14T00:35:55.7177702Z" end-time="2024-07-14T00:35:55.7177702Z" duration="0.000420" asserts="2" />
      </test-suite>
      <test-suite type="TestFixture" id="1-1094" name="SpecEnumIntRangeS" fullname="Kaitai.SpecEnumIntRangeS" classname="Kaitai.SpecEnumIntRangeS" runstate="Runnable" testcasecount="1" result="Passed" start-time="2024-07-14T00:35:55.7177702Z" end-time="2024-07-14T00:35:55.7177702Z" duration="0.000608" total="1" passed="1" failed="0" warnings="0" inconclusive="0" skipped="0" asserts="3">
        <test-case id="1-1095" name="TestEnumIntRangeS" fullname="Kaitai.SpecEnumIntRangeS.TestEnumIntRangeS" methodname="TestEnumIntRangeS" classname="Kaitai.SpecEnumIntRangeS" runstate="Runnable" seed="1302687409" result="Passed" start-time="2024-07-14T00:35:55.7177702Z" end-time="2024-07-14T00:35:55.7177702Z" duration="0.000522" asserts="3" />
      </test-suite>
      <test-suite type="TestFixture" id="1-1096" name="SpecEnumInvalid" fullname="Kaitai.SpecEnumInvalid" classname="Kaitai.SpecEnumInvalid" runstate="Runnable" testcasecount="1" result="Passed" start-time="2024-07-14T00:35:55.7177702Z" end-time="2024-07-14T00:35:55.7333947Z" duration="0.000695" total="1" passed="1" failed="0" warnings="0" inconclusive="0" skipped="0" asserts="2">
        <test-case id="1-1097" name="TestEnumInvalid" fullname="Kaitai.SpecEnumInvalid.TestEnumInvalid" methodname="TestEnumInvalid" classname="Kaitai.SpecEnumInvalid" runstate="Runnable" seed="1739270185" result="Passed" start-time="2024-07-14T00:35:55.7177702Z" end-time="2024-07-14T00:35:55.7333947Z" duration="0.000609" asserts="2" />
      </test-suite>
      <test-suite type="TestFixture" id="1-1098" name="SpecEnumNegative" fullname="Kaitai.SpecEnumNegative" classname="Kaitai.SpecEnumNegative" runstate="Runnable" testcasecount="1" result="Passed" start-time="2024-07-14T00:35:55.7333947Z" end-time="2024-07-14T00:35:55.7333947Z" duration="0.000575" total="1" passed="1" failed="0" warnings="0" inconclusive="0" skipped="0" asserts="2">
        <test-case id="1-1099" name="TestEnumNegative" fullname="Kaitai.SpecEnumNegative.TestEnumNegative" methodname="TestEnumNegative" classname="Kaitai.SpecEnumNegative" runstate="Runnable" seed="736050692" result="Passed" start-time="2024-07-14T00:35:55.7333947Z" end-time="2024-07-14T00:35:55.7333947Z" duration="0.000489" asserts="2" />
      </test-suite>
      <test-suite type="TestFixture" id="1-1100" name="SpecEnumOfValueInst" fullname="Kaitai.SpecEnumOfValueInst" classname="Kaitai.SpecEnumOfValueInst" runstate="Runnable" testcasecount="1" result="Passed" start-time="2024-07-14T00:35:55.7333947Z" end-time="2024-07-14T00:35:55.7333947Z" duration="0.000727" total="1" passed="1" failed="0" warnings="0" inconclusive="0" skipped="0" asserts="4">
        <test-case id="1-1101" name="TestEnumOfValueInst" fullname="Kaitai.SpecEnumOfValueInst.TestEnumOfValueInst" methodname="TestEnumOfValueInst" classname="Kaitai.SpecEnumOfValueInst" runstate="Runnable" seed="570413449" result="Passed" start-time="2024-07-14T00:35:55.7333947Z" end-time="2024-07-14T00:35:55.7333947Z" duration="0.000642" asserts="4" />
      </test-suite>
      <test-suite type="TestFixture" id="1-1102" name="SpecEofExceptionBytes" fullname="Kaitai.SpecEofExceptionBytes" classname="Kaitai.SpecEofExceptionBytes" runstate="Runnable" testcasecount="1" result="Passed" start-time="2024-07-14T00:35:55.7333947Z" end-time="2024-07-14T00:35:55.7333947Z" duration="0.000582" total="1" passed="1" failed="0" warnings="0" inconclusive="0" skipped="0" asserts="1">
        <test-case id="1-1103" name="TestEofExceptionBytes" fullname="Kaitai.SpecEofExceptionBytes.TestEofExceptionBytes" methodname="TestEofExceptionBytes" classname="Kaitai.SpecEofExceptionBytes" runstate="Runnable" seed="587798123" result="Passed" start-time="2024-07-14T00:35:55.7333947Z" end-time="2024-07-14T00:35:55.7333947Z" duration="0.000491" asserts="1" />
      </test-suite>
      <test-suite type="TestFixture" id="1-1104" name="SpecEofExceptionSized" fullname="Kaitai.SpecEofExceptionSized" classname="Kaitai.SpecEofExceptionSized" runstate="Runnable" testcasecount="1" result="Passed" start-time="2024-07-14T00:35:55.7333947Z" end-time="2024-07-14T00:35:55.7333947Z" duration="0.000536" total="1" passed="1" failed="0" warnings="0" inconclusive="0" skipped="0" asserts="1">
        <test-case id="1-1105" name="TestEofExceptionSized" fullname="Kaitai.SpecEofExceptionSized.TestEofExceptionSized" methodname="TestEofExceptionSized" classname="Kaitai.SpecEofExceptionSized" runstate="Runnable" seed="516974510" result="Passed" start-time="2024-07-14T00:35:55.7333947Z" end-time="2024-07-14T00:35:55.7333947Z" duration="0.000445" asserts="1" />
      </test-suite>
      <test-suite type="TestFixture" id="1-1106" name="SpecEofExceptionU4" fullname="Kaitai.SpecEofExceptionU4" classname="Kaitai.SpecEofExceptionU4" runstate="Runnable" testcasecount="1" result="Passed" start-time="2024-07-14T00:35:55.7333947Z" end-time="2024-07-14T00:35:55.7333947Z" duration="0.000749" total="1" passed="1" failed="0" warnings="0" inconclusive="0" skipped="0" asserts="1">
        <test-case id="1-1107" name="TestEofExceptionU4" fullname="Kaitai.SpecEofExceptionU4.TestEofExceptionU4" methodname="TestEofExceptionU4" classname="Kaitai.SpecEofExceptionU4" runstate="Runnable" seed="681380499" result="Passed" start-time="2024-07-14T00:35:55.7333947Z" end-time="2024-07-14T00:35:55.7333947Z" duration="0.000653" asserts="1" />
      </test-suite>
      <test-suite type="TestFixture" id="1-1108" name="SpecEosExceptionBytes" fullname="Kaitai.SpecEosExceptionBytes" classname="Kaitai.SpecEosExceptionBytes" runstate="Runnable" testcasecount="1" result="Passed" start-time="2024-07-14T00:35:55.7333947Z" end-time="2024-07-14T00:35:55.7333947Z" duration="0.000683" total="1" passed="1" failed="0" warnings="0" inconclusive="0" skipped="0" asserts="1">
        <test-case id="1-1109" name="TestEosExceptionBytes" fullname="Kaitai.SpecEosExceptionBytes.TestEosExceptionBytes" methodname="TestEosExceptionBytes" classname="Kaitai.SpecEosExceptionBytes" runstate="Runnable" seed="230174596" result="Passed" start-time="2024-07-14T00:35:55.7333947Z" end-time="2024-07-14T00:35:55.7333947Z" duration="0.000571" asserts="1" />
      </test-suite>
      <test-suite type="TestFixture" id="1-1110" name="SpecEosExceptionSized" fullname="Kaitai.SpecEosExceptionSized" classname="Kaitai.SpecEosExceptionSized" runstate="Runnable" testcasecount="1" result="Passed" start-time="2024-07-14T00:35:55.7333947Z" end-time="2024-07-14T00:35:55.7333947Z" duration="0.000661" total="1" passed="1" failed="0" warnings="0" inconclusive="0" skipped="0" asserts="1">
        <test-case id="1-1111" name="TestEosExceptionSized" fullname="Kaitai.SpecEosExceptionSized.TestEosExceptionSized" methodname="TestEosExceptionSized" classname="Kaitai.SpecEosExceptionSized" runstate="Runnable" seed="569913474" result="Passed" start-time="2024-07-14T00:35:55.7333947Z" end-time="2024-07-14T00:35:55.7333947Z" duration="0.000570" asserts="1" />
      </test-suite>
      <test-suite type="TestFixture" id="1-1112" name="SpecEosExceptionU4" fullname="Kaitai.SpecEosExceptionU4" classname="Kaitai.SpecEosExceptionU4" runstate="Runnable" testcasecount="1" result="Passed" start-time="2024-07-14T00:35:55.7333947Z" end-time="2024-07-14T00:35:55.7333947Z" duration="0.000624" total="1" passed="1" failed="0" warnings="0" inconclusive="0" skipped="0" asserts="1">
        <test-case id="1-1113" name="TestEosExceptionU4" fullname="Kaitai.SpecEosExceptionU4.TestEosExceptionU4" methodname="TestEosExceptionU4" classname="Kaitai.SpecEosExceptionU4" runstate="Runnable" seed="1318170192" result="Passed" start-time="2024-07-14T00:35:55.7333947Z" end-time="2024-07-14T00:35:55.7333947Z" duration="0.000535" asserts="1" />
      </test-suite>
      <test-suite type="TestFixture" id="1-1114" name="SpecExpr0" fullname="Kaitai.SpecExpr0" classname="Kaitai.SpecExpr0" runstate="Runnable" testcasecount="1" result="Passed" start-time="2024-07-14T00:35:55.7333947Z" end-time="2024-07-14T00:35:55.7333947Z" duration="0.000537" total="1" passed="1" failed="0" warnings="0" inconclusive="0" skipped="0" asserts="2">
        <test-case id="1-1115" name="TestExpr0" fullname="Kaitai.SpecExpr0.TestExpr0" methodname="TestExpr0" classname="Kaitai.SpecExpr0" runstate="Runnable" seed="472754622" result="Passed" start-time="2024-07-14T00:35:55.7333947Z" end-time="2024-07-14T00:35:55.7333947Z" duration="0.000448" asserts="2" />
      </test-suite>
      <test-suite type="TestFixture" id="1-1116" name="SpecExpr1" fullname="Kaitai.SpecExpr1" classname="Kaitai.SpecExpr1" runstate="Runnable" testcasecount="1" result="Passed" start-time="2024-07-14T00:35:55.7333947Z" end-time="2024-07-14T00:35:55.7333947Z" duration="0.000776" total="1" passed="1" failed="0" warnings="0" inconclusive="0" skipped="0" asserts="4">
        <test-case id="1-1117" name="TestExpr1" fullname="Kaitai.SpecExpr1.TestExpr1" methodname="TestExpr1" classname="Kaitai.SpecExpr1" runstate="Runnable" seed="1075321118" result="Passed" start-time="2024-07-14T00:35:55.7333947Z" end-time="2024-07-14T00:35:55.7333947Z" duration="0.000688" asserts="4" />
      </test-suite>
      <test-suite type="TestFixture" id="1-1118" name="SpecExpr2" fullname="Kaitai.SpecExpr2" classname="Kaitai.SpecExpr2" runstate="Runnable" testcasecount="1" result="Passed" start-time="2024-07-14T00:35:55.7333947Z" end-time="2024-07-14T00:35:55.7333947Z" duration="0.002294" total="1" passed="1" failed="0" warnings="0" inconclusive="0" skipped="0" asserts="17">
        <test-case id="1-1119" name="TestExpr2" fullname="Kaitai.SpecExpr2.TestExpr2" methodname="TestExpr2" classname="Kaitai.SpecExpr2" runstate="Runnable" seed="1479643703" result="Passed" start-time="2024-07-14T00:35:55.7333947Z" end-time="2024-07-14T00:35:55.7333947Z" duration="0.002205" asserts="17" />
      </test-suite>
      <test-suite type="TestFixture" id="1-1120" name="SpecExpr3" fullname="Kaitai.SpecExpr3" classname="Kaitai.SpecExpr3" runstate="Runnable" testcasecount="1" result="Passed" start-time="2024-07-14T00:35:55.7333947Z" end-time="2024-07-14T00:35:55.7333947Z" duration="0.002228" total="1" passed="1" failed="0" warnings="0" inconclusive="0" skipped="0" asserts="12">
        <test-case id="1-1121" name="TestExpr3" fullname="Kaitai.SpecExpr3.TestExpr3" methodname="TestExpr3" classname="Kaitai.SpecExpr3" runstate="Runnable" seed="1838970323" result="Passed" start-time="2024-07-14T00:35:55.7333947Z" end-time="2024-07-14T00:35:55.7333947Z" duration="0.002132" asserts="12" />
      </test-suite>
      <test-suite type="TestFixture" id="1-1122" name="SpecExprArray" fullname="Kaitai.SpecExprArray" classname="Kaitai.SpecExprArray" runstate="Runnable" testcasecount="1" result="Passed" start-time="2024-07-14T00:35:55.7333947Z" end-time="2024-07-14T00:35:55.7490189Z" duration="0.007946" total="1" passed="1" failed="0" warnings="0" inconclusive="0" skipped="0" asserts="15">
        <test-case id="1-1123" name="TestExprArray" fullname="Kaitai.SpecExprArray.TestExprArray" methodname="TestExprArray" classname="Kaitai.SpecExprArray" runstate="Runnable" seed="1174052221" result="Passed" start-time="2024-07-14T00:35:55.7333947Z" end-time="2024-07-14T00:35:55.7490189Z" duration="0.007852" asserts="15" />
      </test-suite>
      <test-suite type="TestFixture" id="1-1124" name="SpecExprBytesCmp" fullname="Kaitai.SpecExprBytesCmp" classname="Kaitai.SpecExprBytesCmp" runstate="Runnable" testcasecount="1" result="Passed" start-time="2024-07-14T00:35:55.7490189Z" end-time="2024-07-14T00:35:55.7490189Z" duration="0.001712" total="1" passed="1" failed="0" warnings="0" inconclusive="0" skipped="0" asserts="10">
        <test-case id="1-1125" name="TestExprBytesCmp" fullname="Kaitai.SpecExprBytesCmp.TestExprBytesCmp" methodname="TestExprBytesCmp" classname="Kaitai.SpecExprBytesCmp" runstate="Runnable" seed="198511" result="Passed" start-time="2024-07-14T00:35:55.7490189Z" end-time="2024-07-14T00:35:55.7490189Z" duration="0.001614" asserts="10" />
      </test-suite>
      <test-suite type="TestFixture" id="1-1126" name="SpecExprBytesNonLiteral" fullname="Kaitai.SpecExprBytesNonLiteral" classname="Kaitai.SpecExprBytesNonLiteral" runstate="Runnable" testcasecount="1" result="Passed" start-time="2024-07-14T00:35:55.7490189Z" end-time="2024-07-14T00:35:55.7490189Z" duration="0.000685" total="1" passed="1" failed="0" warnings="0" inconclusive="0" skipped="0" asserts="3">
        <test-case id="1-1127" name="TestExprBytesNonLiteral" fullname="Kaitai.SpecExprBytesNonLiteral.TestExprBytesNonLiteral" methodname="TestExprBytesNonLiteral" classname="Kaitai.SpecExprBytesNonLiteral" runstate="Runnable" seed="1824146673" result="Passed" start-time="2024-07-14T00:35:55.7490189Z" end-time="2024-07-14T00:35:55.7490189Z" duration="0.000591" asserts="3" />
      </test-suite>
      <test-suite type="TestFixture" id="1-1128" name="SpecExprBytesOps" fullname="Kaitai.SpecExprBytesOps" classname="Kaitai.SpecExprBytesOps" runstate="Runnable" testcasecount="1" result="Passed" start-time="2024-07-14T00:35:55.7490189Z" end-time="2024-07-14T00:35:55.7490189Z" duration="0.002811" total="1" passed="1" failed="0" warnings="0" inconclusive="0" skipped="0" asserts="16">
        <test-case id="1-1129" name="TestExprBytesOps" fullname="Kaitai.SpecExprBytesOps.TestExprBytesOps" methodname="TestExprBytesOps" classname="Kaitai.SpecExprBytesOps" runstate="Runnable" seed="980916676" result="Passed" start-time="2024-07-14T00:35:55.7490189Z" end-time="2024-07-14T00:35:55.7490189Z" duration="0.002720" asserts="16" />
      </test-suite>
      <test-suite type="TestFixture" id="1-1130" name="SpecExprCalcArrayOps" fullname="Kaitai.SpecExprCalcArrayOps" classname="Kaitai.SpecExprCalcArrayOps" runstate="Runnable" testcasecount="1" result="Passed" start-time="2024-07-14T00:35:55.7490189Z" end-time="2024-07-14T00:35:55.7490189Z" duration="0.003718" total="1" passed="1" failed="0" warnings="0" inconclusive="0" skipped="0" asserts="18">
        <test-case id="1-1131" name="TestExprCalcArrayOps" fullname="Kaitai.SpecExprCalcArrayOps.TestExprCalcArrayOps" methodname="TestExprCalcArrayOps" classname="Kaitai.SpecExprCalcArrayOps" runstate="Runnable" seed="2084150249" result="Passed" start-time="2024-07-14T00:35:55.7490189Z" end-time="2024-07-14T00:35:55.7490189Z" duration="0.003626" asserts="18" />
      </test-suite>
      <test-suite type="TestFixture" id="1-1132" name="SpecExprEnum" fullname="Kaitai.SpecExprEnum" classname="Kaitai.SpecExprEnum" runstate="Runnable" testcasecount="1" result="Passed" start-time="2024-07-14T00:35:55.7490189Z" end-time="2024-07-14T00:35:55.7490189Z" duration="0.000750" total="1" passed="1" failed="0" warnings="0" inconclusive="0" skipped="0" asserts="3">
        <test-case id="1-1133" name="TestExprEnum" fullname="Kaitai.SpecExprEnum.TestExprEnum" methodname="TestExprEnum" classname="Kaitai.SpecExprEnum" runstate="Runnable" seed="1162585218" result="Passed" start-time="2024-07-14T00:35:55.7490189Z" end-time="2024-07-14T00:35:55.7490189Z" duration="0.000657" asserts="3" />
      </test-suite>
      <test-suite type="TestFixture" id="1-1134" name="SpecExprFstring0" fullname="Kaitai.SpecExprFstring0" classname="Kaitai.SpecExprFstring0" runstate="Runnable" testcasecount="1" result="Passed" start-time="2024-07-14T00:35:55.7490189Z" end-time="2024-07-14T00:35:55.7490189Z" duration="0.001095" total="1" passed="1" failed="0" warnings="0" inconclusive="0" skipped="0" asserts="9">
        <test-case id="1-1135" name="TestExprFstring0" fullname="Kaitai.SpecExprFstring0.TestExprFstring0" methodname="TestExprFstring0" classname="Kaitai.SpecExprFstring0" runstate="Runnable" seed="1043030967" result="Passed" start-time="2024-07-14T00:35:55.7490189Z" end-time="2024-07-14T00:35:55.7490189Z" duration="0.001004" asserts="9" />
      </test-suite>
      <test-suite type="TestFixture" id="1-1136" name="SpecExprIfIntOps" fullname="Kaitai.SpecExprIfIntOps" classname="Kaitai.SpecExprIfIntOps" runstate="Runnable" testcasecount="1" result="Passed" start-time="2024-07-14T00:35:55.7490189Z" end-time="2024-07-14T00:35:55.7646455Z" duration="0.001119" total="1" passed="1" failed="0" warnings="0" inconclusive="0" skipped="0" asserts="2">
        <test-case id="1-1137" name="TestExprIfIntOps" fullname="Kaitai.SpecExprIfIntOps.TestExprIfIntOps" methodname="TestExprIfIntOps" classname="Kaitai.SpecExprIfIntOps" runstate="Runnable" seed="641746073" result="Passed" start-time="2024-07-14T00:35:55.7490189Z" end-time="2024-07-14T00:35:55.7646455Z" duration="0.001029" asserts="2" />
      </test-suite>
      <test-suite type="TestFixture" id="1-1138" name="SpecExprIntDiv" fullname="Kaitai.SpecExprIntDiv" classname="Kaitai.SpecExprIntDiv" runstate="Runnable" testcasecount="1" result="Failed" site="Child" start-time="2024-07-14T00:35:55.7646455Z" end-time="2024-07-14T00:35:55.8740200Z" duration="0.122478" total="1" passed="0" failed="1" warnings="0" inconclusive="0" skipped="0" asserts="4">
        <failure>
          <message><![CDATA[One or more child tests had errors]]></message>
        </failure>
        <test-case id="1-1139" name="TestExprIntDiv" fullname="Kaitai.SpecExprIntDiv.TestExprIntDiv" methodname="TestExprIntDiv" classname="Kaitai.SpecExprIntDiv" runstate="Runnable" seed="1814855673" result="Failed" start-time="2024-07-14T00:35:55.7646455Z" end-time="2024-07-14T00:35:55.8740200Z" duration="0.122295" asserts="4">
          <failure>
            <message><![CDATA[  Expected: -756
  But was:  -757
]]></message>
            <stack-trace><![CDATA[   at Kaitai.SpecExprIntDiv.TestExprIntDiv() in D:\a\ci_targets\ci_targets\tests\spec\csharp\kaitai_struct_csharp_tests\tests\SpecExprIntDiv.cs:line 18
]]></stack-trace>
          </failure>
          <assertions>
            <assertion result="Failed">
              <message><![CDATA[  Expected: -756
  But was:  -757
]]></message>
              <stack-trace><![CDATA[   at Kaitai.SpecExprIntDiv.TestExprIntDiv() in D:\a\ci_targets\ci_targets\tests\spec\csharp\kaitai_struct_csharp_tests\tests\SpecExprIntDiv.cs:line 18
]]></stack-trace>
            </assertion>
          </assertions>
        </test-case>
      </test-suite>
      <test-suite type="TestFixture" id="1-1140" name="SpecExprIoEof" fullname="Kaitai.SpecExprIoEof" classname="Kaitai.SpecExprIoEof" runstate="Runnable" testcasecount="1" result="Passed" start-time="2024-07-14T00:35:55.8740200Z" end-time="2024-07-14T00:35:55.8740200Z" duration="0.001833" total="1" passed="1" failed="0" warnings="0" inconclusive="0" skipped="0" asserts="4">
        <test-case id="1-1141" name="TestExprIoEof" fullname="Kaitai.SpecExprIoEof.TestExprIoEof" methodname="TestExprIoEof" classname="Kaitai.SpecExprIoEof" runstate="Runnable" seed="1983347979" result="Passed" start-time="2024-07-14T00:35:55.8740200Z" end-time="2024-07-14T00:35:55.8740200Z" duration="0.001679" asserts="4" />
      </test-suite>
      <test-suite type="TestFixture" id="1-1142" name="SpecExprIoPos" fullname="Kaitai.SpecExprIoPos" classname="Kaitai.SpecExprIoPos" runstate="Runnable" testcasecount="1" result="Passed" start-time="2024-07-14T00:35:55.8740200Z" end-time="2024-07-14T00:35:55.8896467Z" duration="0.001685" total="1" passed="1" failed="0" warnings="0" inconclusive="0" skipped="0" asserts="6">
        <test-case id="1-1143" name="TestExprIoPos" fullname="Kaitai.SpecExprIoPos.TestExprIoPos" methodname="TestExprIoPos" classname="Kaitai.SpecExprIoPos" runstate="Runnable" seed="844134320" result="Passed" start-time="2024-07-14T00:35:55.8740200Z" end-time="2024-07-14T00:35:55.8896467Z" duration="0.001589" asserts="6" />
      </test-suite>
      <test-suite type="TestFixture" id="1-1144" name="SpecExprMod" fullname="Kaitai.SpecExprMod" classname="Kaitai.SpecExprMod" runstate="Runnable" testcasecount="1" result="Passed" start-time="2024-07-14T00:35:55.8896467Z" end-time="2024-07-14T00:35:55.8896467Z" duration="0.001511" total="1" passed="1" failed="0" warnings="0" inconclusive="0" skipped="0" asserts="6">
        <test-case id="1-1145" name="TestExprMod" fullname="Kaitai.SpecExprMod.TestExprMod" methodname="TestExprMod" classname="Kaitai.SpecExprMod" runstate="Runnable" seed="402475726" result="Passed" start-time="2024-07-14T00:35:55.8896467Z" end-time="2024-07-14T00:35:55.8896467Z" duration="0.001401" asserts="6" />
      </test-suite>
      <test-suite type="TestFixture" id="1-1146" name="SpecExprOpsParens" fullname="Kaitai.SpecExprOpsParens" classname="Kaitai.SpecExprOpsParens" runstate="Runnable" testcasecount="1" result="Passed" start-time="2024-07-14T00:35:55.8896467Z" end-time="2024-07-14T00:35:55.8896467Z" duration="0.002244" total="1" passed="1" failed="0" warnings="0" inconclusive="0" skipped="0" asserts="9">
        <test-case id="1-1147" name="TestExprOpsParens" fullname="Kaitai.SpecExprOpsParens.TestExprOpsParens" methodname="TestExprOpsParens" classname="Kaitai.SpecExprOpsParens" runstate="Runnable" seed="1597204529" result="Passed" start-time="2024-07-14T00:35:55.8896467Z" end-time="2024-07-14T00:35:55.8896467Z" duration="0.002151" asserts="9" />
      </test-suite>
      <test-suite type="TestFixture" id="1-1148" name="SpecExprSizeofType0" fullname="Kaitai.SpecExprSizeofType0" classname="Kaitai.SpecExprSizeofType0" runstate="Runnable" testcasecount="1" result="Passed" start-time="2024-07-14T00:35:55.8896467Z" end-time="2024-07-14T00:35:55.8896467Z" duration="0.000455" total="1" passed="1" failed="0" warnings="0" inconclusive="0" skipped="0" asserts="1">
        <test-case id="1-1149" name="TestExprSizeofType0" fullname="Kaitai.SpecExprSizeofType0.TestExprSizeofType0" methodname="TestExprSizeofType0" classname="Kaitai.SpecExprSizeofType0" runstate="Runnable" seed="443537923" result="Passed" start-time="2024-07-14T00:35:55.8896467Z" end-time="2024-07-14T00:35:55.8896467Z" duration="0.000362" asserts="1" />
      </test-suite>
      <test-suite type="TestFixture" id="1-1150" name="SpecExprSizeofType1" fullname="Kaitai.SpecExprSizeofType1" classname="Kaitai.SpecExprSizeofType1" runstate="Runnable" testcasecount="1" result="Passed" start-time="2024-07-14T00:35:55.8896467Z" end-time="2024-07-14T00:35:55.8896467Z" duration="0.000516" total="1" passed="1" failed="0" warnings="0" inconclusive="0" skipped="0" asserts="2">
        <test-case id="1-1151" name="TestExprSizeofType1" fullname="Kaitai.SpecExprSizeofType1.TestExprSizeofType1" methodname="TestExprSizeofType1" classname="Kaitai.SpecExprSizeofType1" runstate="Runnable" seed="1014595269" result="Passed" start-time="2024-07-14T00:35:55.8896467Z" end-time="2024-07-14T00:35:55.8896467Z" duration="0.000425" asserts="2" />
      </test-suite>
      <test-suite type="TestFixture" id="1-1152" name="SpecExprSizeofValue0" fullname="Kaitai.SpecExprSizeofValue0" classname="Kaitai.SpecExprSizeofValue0" runstate="Runnable" testcasecount="1" result="Passed" start-time="2024-07-14T00:35:55.8896467Z" end-time="2024-07-14T00:35:55.8896467Z" duration="0.000921" total="1" passed="1" failed="0" warnings="0" inconclusive="0" skipped="0" asserts="5">
        <test-case id="1-1153" name="TestExprSizeofValue0" fullname="Kaitai.SpecExprSizeofValue0.TestExprSizeofValue0" methodname="TestExprSizeofValue0" classname="Kaitai.SpecExprSizeofValue0" runstate="Runnable" seed="563233579" result="Passed" start-time="2024-07-14T00:35:55.8896467Z" end-time="2024-07-14T00:35:55.8896467Z" duration="0.000832" asserts="5" />
      </test-suite>
      <test-suite type="TestFixture" id="1-1154" name="SpecExprSizeofValueSized" fullname="Kaitai.SpecExprSizeofValueSized" classname="Kaitai.SpecExprSizeofValueSized" runstate="Runnable" testcasecount="1" result="Passed" start-time="2024-07-14T00:35:55.8896467Z" end-time="2024-07-14T00:35:55.8896467Z" duration="0.000973" total="1" passed="1" failed="0" warnings="0" inconclusive="0" skipped="0" asserts="5">
        <test-case id="1-1155" name="TestExprSizeofValueSized" fullname="Kaitai.SpecExprSizeofValueSized.TestExprSizeofValueSized" methodname="TestExprSizeofValueSized" classname="Kaitai.SpecExprSizeofValueSized" runstate="Runnable" seed="82400918" result="Passed" start-time="2024-07-14T00:35:55.8896467Z" end-time="2024-07-14T00:35:55.8896467Z" duration="0.000880" asserts="5" />
      </test-suite>
      <test-suite type="TestFixture" id="1-1156" name="SpecExprStrEncodings" fullname="Kaitai.SpecExprStrEncodings" classname="Kaitai.SpecExprStrEncodings" runstate="Runnable" testcasecount="1" result="Passed" start-time="2024-07-14T00:35:55.8896467Z" end-time="2024-07-14T00:35:55.8896467Z" duration="0.002530" total="1" passed="1" failed="0" warnings="0" inconclusive="0" skipped="0" asserts="7">
        <test-case id="1-1157" name="TestExprStrEncodings" fullname="Kaitai.SpecExprStrEncodings.TestExprStrEncodings" methodname="TestExprStrEncodings" classname="Kaitai.SpecExprStrEncodings" runstate="Runnable" seed="89785449" result="Passed" start-time="2024-07-14T00:35:55.8896467Z" end-time="2024-07-14T00:35:55.8896467Z" duration="0.002409" asserts="7" />
      </test-suite>
      <test-suite type="TestFixture" id="1-1158" name="SpecExprStrOps" fullname="Kaitai.SpecExprStrOps" classname="Kaitai.SpecExprStrOps" runstate="Runnable" testcasecount="1" result="Passed" start-time="2024-07-14T00:35:55.8896467Z" end-time="2024-07-14T00:35:55.8896467Z" duration="0.001836" total="1" passed="1" failed="0" warnings="0" inconclusive="0" skipped="0" asserts="17">
        <test-case id="1-1159" name="TestExprStrOps" fullname="Kaitai.SpecExprStrOps.TestExprStrOps" methodname="TestExprStrOps" classname="Kaitai.SpecExprStrOps" runstate="Runnable" seed="179370327" result="Passed" start-time="2024-07-14T00:35:55.8896467Z" end-time="2024-07-14T00:35:55.8896467Z" duration="0.001731" asserts="17" />
      </test-suite>
      <test-suite type="TestFixture" id="1-1160" name="SpecExprToITrailing" fullname="Kaitai.SpecExprToITrailing" classname="Kaitai.SpecExprToITrailing" runstate="Runnable" testcasecount="1" result="Passed" start-time="2024-07-14T00:35:55.8896467Z" end-time="2024-07-14T00:35:55.8896467Z" duration="0.002284" total="1" passed="1" failed="0" warnings="0" inconclusive="0" skipped="0" asserts="3">
        <test-case id="1-1161" name="TestExprToITrailing" fullname="Kaitai.SpecExprToITrailing.TestExprToITrailing" methodname="TestExprToITrailing" classname="Kaitai.SpecExprToITrailing" runstate="Runnable" seed="19869323" result="Passed" start-time="2024-07-14T00:35:55.8896467Z" end-time="2024-07-14T00:35:55.8896467Z" duration="0.002189" asserts="3" />
      </test-suite>
      <test-suite type="TestFixture" id="1-1162" name="SpecFixedContents" fullname="Kaitai.SpecFixedContents" classname="Kaitai.SpecFixedContents" runstate="Runnable" testcasecount="1" result="Passed" start-time="2024-07-14T00:35:55.8896467Z" end-time="2024-07-14T00:35:55.8896467Z" duration="0.000809" total="1" passed="1" failed="0" warnings="0" inconclusive="0" skipped="0" asserts="0">
        <test-case id="1-1163" name="TestFixedContents" fullname="Kaitai.SpecFixedContents.TestFixedContents" methodname="TestFixedContents" classname="Kaitai.SpecFixedContents" runstate="Runnable" seed="1632568157" result="Passed" start-time="2024-07-14T00:35:55.8896467Z" end-time="2024-07-14T00:35:55.8896467Z" duration="0.000712" asserts="0" />
      </test-suite>
      <test-suite type="TestFixture" id="1-1164" name="SpecFixedStruct" fullname="Kaitai.SpecFixedStruct" classname="Kaitai.SpecFixedStruct" runstate="Runnable" testcasecount="1" result="Passed" start-time="2024-07-14T00:35:55.8896467Z" end-time="2024-07-14T00:35:55.9052693Z" duration="0.003514" total="1" passed="1" failed="0" warnings="0" inconclusive="0" skipped="0" asserts="20">
        <test-case id="1-1165" name="TestFixedStruct" fullname="Kaitai.SpecFixedStruct.TestFixedStruct" methodname="TestFixedStruct" classname="Kaitai.SpecFixedStruct" runstate="Runnable" seed="616841763" result="Passed" start-time="2024-07-14T00:35:55.9052693Z" end-time="2024-07-14T00:35:55.9052693Z" duration="0.003353" asserts="20" />
      </test-suite>
      <test-suite type="TestFixture" id="1-1168" name="SpecFloatingPoints" fullname="Kaitai.SpecFloatingPoints" classname="Kaitai.SpecFloatingPoints" runstate="Runnable" testcasecount="1" result="Passed" start-time="2024-07-14T00:35:55.9052693Z" end-time="2024-07-14T00:35:55.9052693Z" duration="0.001054" total="1" passed="1" failed="0" warnings="0" inconclusive="0" skipped="0" asserts="8">
        <test-case id="1-1169" name="TestFloatingPoints" fullname="Kaitai.SpecFloatingPoints.TestFloatingPoints" methodname="TestFloatingPoints" classname="Kaitai.SpecFloatingPoints" runstate="Runnable" seed="1528913258" result="Passed" start-time="2024-07-14T00:35:55.9052693Z" end-time="2024-07-14T00:35:55.9052693Z" duration="0.000962" asserts="8" />
      </test-suite>
      <test-suite type="TestFixture" id="1-1166" name="SpecFloatToI" fullname="Kaitai.SpecFloatToI" classname="Kaitai.SpecFloatToI" runstate="Runnable" testcasecount="1" result="Passed" start-time="2024-07-14T00:35:55.9052693Z" end-time="2024-07-14T00:35:55.9052693Z" duration="0.001243" total="1" passed="1" failed="0" warnings="0" inconclusive="0" skipped="0" asserts="8">
        <test-case id="1-1167" name="TestFloatToI" fullname="Kaitai.SpecFloatToI.TestFloatToI" methodname="TestFloatToI" classname="Kaitai.SpecFloatToI" runstate="Runnable" seed="485551613" result="Passed" start-time="2024-07-14T00:35:55.9052693Z" end-time="2024-07-14T00:35:55.9052693Z" duration="0.001150" asserts="8" />
      </test-suite>
      <test-suite type="TestFixture" id="1-1170" name="SpecHelloWorld" fullname="Kaitai.SpecHelloWorld" classname="Kaitai.SpecHelloWorld" runstate="Runnable" testcasecount="1" result="Passed" start-time="2024-07-14T00:35:55.9052693Z" end-time="2024-07-14T00:35:55.9052693Z" duration="0.000456" total="1" passed="1" failed="0" warnings="0" inconclusive="0" skipped="0" asserts="1">
        <test-case id="1-1171" name="TestHelloWorld" fullname="Kaitai.SpecHelloWorld.TestHelloWorld" methodname="TestHelloWorld" classname="Kaitai.SpecHelloWorld" runstate="Runnable" seed="2055560461" result="Passed" start-time="2024-07-14T00:35:55.9052693Z" end-time="2024-07-14T00:35:55.9052693Z" duration="0.000365" asserts="1" />
      </test-suite>
      <test-suite type="TestFixture" id="1-1172" name="SpecIfInstances" fullname="Kaitai.SpecIfInstances" classname="Kaitai.SpecIfInstances" runstate="Runnable" testcasecount="1" result="Passed" start-time="2024-07-14T00:35:55.9052693Z" end-time="2024-07-14T00:35:55.9052693Z" duration="0.000439" total="1" passed="1" failed="0" warnings="0" inconclusive="0" skipped="0" asserts="1">
        <test-case id="1-1173" name="TestIfInstances" fullname="Kaitai.SpecIfInstances.TestIfInstances" methodname="TestIfInstances" classname="Kaitai.SpecIfInstances" runstate="Runnable" seed="1370162651" result="Passed" start-time="2024-07-14T00:35:55.9052693Z" end-time="2024-07-14T00:35:55.9052693Z" duration="0.000352" asserts="1" />
      </test-suite>
      <test-suite type="TestFixture" id="1-1174" name="SpecIfStruct" fullname="Kaitai.SpecIfStruct" classname="Kaitai.SpecIfStruct" runstate="Runnable" testcasecount="1" result="Passed" start-time="2024-07-14T00:35:55.9052693Z" end-time="2024-07-14T00:35:55.9052693Z" duration="0.001371" total="1" passed="1" failed="0" warnings="0" inconclusive="0" skipped="0" asserts="7">
        <test-case id="1-1175" name="TestIfStruct" fullname="Kaitai.SpecIfStruct.TestIfStruct" methodname="TestIfStruct" classname="Kaitai.SpecIfStruct" runstate="Runnable" seed="1363511988" result="Passed" start-time="2024-07-14T00:35:55.9052693Z" end-time="2024-07-14T00:35:55.9052693Z" duration="0.001280" asserts="7" />
      </test-suite>
      <test-suite type="TestFixture" id="1-1176" name="SpecIfValues" fullname="Kaitai.SpecIfValues" classname="Kaitai.SpecIfValues" runstate="Runnable" testcasecount="1" result="Passed" start-time="2024-07-14T00:35:55.9052693Z" end-time="2024-07-14T00:35:55.9052693Z" duration="0.001084" total="1" passed="1" failed="0" warnings="0" inconclusive="0" skipped="0" asserts="6">
        <test-case id="1-1177" name="TestIfValues" fullname="Kaitai.SpecIfValues.TestIfValues" methodname="TestIfValues" classname="Kaitai.SpecIfValues" runstate="Runnable" seed="1281589869" result="Passed" start-time="2024-07-14T00:35:55.9052693Z" end-time="2024-07-14T00:35:55.9052693Z" duration="0.000993" asserts="6" />
      </test-suite>
      <test-suite type="TestFixture" id="1-1178" name="SpecImports0" fullname="Kaitai.SpecImports0" classname="Kaitai.SpecImports0" runstate="Runnable" testcasecount="1" result="Passed" start-time="2024-07-14T00:35:55.9052693Z" end-time="2024-07-14T00:35:55.9052693Z" duration="0.000664" total="1" passed="1" failed="0" warnings="0" inconclusive="0" skipped="0" asserts="3">
        <test-case id="1-1179" name="TestImports0" fullname="Kaitai.SpecImports0.TestImports0" methodname="TestImports0" classname="Kaitai.SpecImports0" runstate="Runnable" seed="498269286" result="Passed" start-time="2024-07-14T00:35:55.9052693Z" end-time="2024-07-14T00:35:55.9052693Z" duration="0.000572" asserts="3" />
      </test-suite>
      <test-suite type="TestFixture" id="1-1180" name="SpecImportsAbs" fullname="Kaitai.SpecImportsAbs" classname="Kaitai.SpecImportsAbs" runstate="Runnable" testcasecount="1" result="Passed" start-time="2024-07-14T00:35:55.9052693Z" end-time="2024-07-14T00:35:55.9052693Z" duration="0.001781" total="1" passed="1" failed="0" warnings="0" inconclusive="0" skipped="0" asserts="2">
        <test-case id="1-1181" name="TestImportsAbs" fullname="Kaitai.SpecImportsAbs.TestImportsAbs" methodname="TestImportsAbs" classname="Kaitai.SpecImportsAbs" runstate="Runnable" seed="1096454668" result="Passed" start-time="2024-07-14T00:35:55.9052693Z" end-time="2024-07-14T00:35:55.9052693Z" duration="0.001690" asserts="2" />
      </test-suite>
      <test-suite type="TestFixture" id="1-1182" name="SpecImportsAbsAbs" fullname="Kaitai.SpecImportsAbsAbs" classname="Kaitai.SpecImportsAbsAbs" runstate="Runnable" testcasecount="1" result="Passed" start-time="2024-07-14T00:35:55.9052693Z" end-time="2024-07-14T00:35:55.9052693Z" duration="0.001347" total="1" passed="1" failed="0" warnings="0" inconclusive="0" skipped="0" asserts="3">
        <test-case id="1-1183" name="TestImportsAbsAbs" fullname="Kaitai.SpecImportsAbsAbs.TestImportsAbsAbs" methodname="TestImportsAbsAbs" classname="Kaitai.SpecImportsAbsAbs" runstate="Runnable" seed="535776637" result="Passed" start-time="2024-07-14T00:35:55.9052693Z" end-time="2024-07-14T00:35:55.9052693Z" duration="0.001251" asserts="3" />
      </test-suite>
      <test-suite type="TestFixture" id="1-1184" name="SpecImportsAbsRel" fullname="Kaitai.SpecImportsAbsRel" classname="Kaitai.SpecImportsAbsRel" runstate="Runnable" testcasecount="1" result="Passed" start-time="2024-07-14T00:35:55.9052693Z" end-time="2024-07-14T00:35:55.9052693Z" duration="0.000769" total="1" passed="1" failed="0" warnings="0" inconclusive="0" skipped="0" asserts="3">
        <test-case id="1-1185" name="TestImportsAbsRel" fullname="Kaitai.SpecImportsAbsRel.TestImportsAbsRel" methodname="TestImportsAbsRel" classname="Kaitai.SpecImportsAbsRel" runstate="Runnable" seed="158696518" result="Passed" start-time="2024-07-14T00:35:55.9052693Z" end-time="2024-07-14T00:35:55.9052693Z" duration="0.000677" asserts="3" />
      </test-suite>
      <test-suite type="TestFixture" id="1-1186" name="SpecImportsCastToImported" fullname="Kaitai.SpecImportsCastToImported" classname="Kaitai.SpecImportsCastToImported" runstate="Runnable" testcasecount="1" result="Passed" start-time="2024-07-14T00:35:55.9052693Z" end-time="2024-07-14T00:35:55.9052693Z" duration="0.000783" total="1" passed="1" failed="0" warnings="0" inconclusive="0" skipped="0" asserts="2">
        <test-case id="1-1187" name="TestImportsCastToImported" fullname="Kaitai.SpecImportsCastToImported.TestImportsCastToImported" methodname="TestImportsCastToImported" classname="Kaitai.SpecImportsCastToImported" runstate="Runnable" seed="2119779275" result="Passed" start-time="2024-07-14T00:35:55.9052693Z" end-time="2024-07-14T00:35:55.9052693Z" duration="0.000684" asserts="2" />
      </test-suite>
      <test-suite type="TestFixture" id="1-1188" name="SpecImportsCastToImported2" fullname="Kaitai.SpecImportsCastToImported2" classname="Kaitai.SpecImportsCastToImported2" runstate="Runnable" testcasecount="1" result="Passed" start-time="2024-07-14T00:35:55.9052693Z" end-time="2024-07-14T00:35:55.9052693Z" duration="0.000728" total="1" passed="1" failed="0" warnings="0" inconclusive="0" skipped="0" asserts="2">
        <test-case id="1-1189" name="TestImportsCastToImported2" fullname="Kaitai.SpecImportsCastToImported2.TestImportsCastToImported2" methodname="TestImportsCastToImported2" classname="Kaitai.SpecImportsCastToImported2" runstate="Runnable" seed="1851284594" result="Passed" start-time="2024-07-14T00:35:55.9052693Z" end-time="2024-07-14T00:35:55.9052693Z" duration="0.000638" asserts="2" />
      </test-suite>
      <test-suite type="TestFixture" id="1-1190" name="SpecImportsCircularA" fullname="Kaitai.SpecImportsCircularA" classname="Kaitai.SpecImportsCircularA" runstate="Runnable" testcasecount="1" result="Passed" start-time="2024-07-14T00:35:55.9052693Z" end-time="2024-07-14T00:35:55.9208953Z" duration="0.000919" total="1" passed="1" failed="0" warnings="0" inconclusive="0" skipped="0" asserts="5">
        <test-case id="1-1191" name="TestImportsCircularA" fullname="Kaitai.SpecImportsCircularA.TestImportsCircularA" methodname="TestImportsCircularA" classname="Kaitai.SpecImportsCircularA" runstate="Runnable" seed="1864376786" result="Passed" start-time="2024-07-14T00:35:55.9052693Z" end-time="2024-07-14T00:35:55.9208953Z" duration="0.000829" asserts="5" />
      </test-suite>
      <test-suite type="TestFixture" id="1-1192" name="SpecImportsParamsDefArrayUsertypeImported" fullname="Kaitai.SpecImportsParamsDefArrayUsertypeImported" classname="Kaitai.SpecImportsParamsDefArrayUsertypeImported" runstate="Runnable" testcasecount="1" result="Passed" start-time="2024-07-14T00:35:55.9208953Z" end-time="2024-07-14T00:35:55.9208953Z" duration="0.001139" total="1" passed="1" failed="0" warnings="0" inconclusive="0" skipped="0" asserts="5">
        <test-case id="1-1193" name="TestImportsParamsDefArrayUsertypeImported" fullname="Kaitai.SpecImportsParamsDefArrayUsertypeImported.TestImportsParamsDefArrayUsertypeImported" methodname="TestImportsParamsDefArrayUsertypeImported" classname="Kaitai.SpecImportsParamsDefArrayUsertypeImported" runstate="Runnable" seed="315634242" result="Passed" start-time="2024-07-14T00:35:55.9208953Z" end-time="2024-07-14T00:35:55.9208953Z" duration="0.001048" asserts="5" />
      </test-suite>
      <test-suite type="TestFixture" id="1-1194" name="SpecImportsParamsDefEnumImported" fullname="Kaitai.SpecImportsParamsDefEnumImported" classname="Kaitai.SpecImportsParamsDefEnumImported" runstate="Runnable" testcasecount="1" result="Passed" start-time="2024-07-14T00:35:55.9208953Z" end-time="2024-07-14T00:35:55.9208953Z" duration="0.000818" total="1" passed="1" failed="0" warnings="0" inconclusive="0" skipped="0" asserts="4">
        <test-case id="1-1195" name="TestImportsParamsDefEnumImported" fullname="Kaitai.SpecImportsParamsDefEnumImported.TestImportsParamsDefEnumImported" methodname="TestImportsParamsDefEnumImported" classname="Kaitai.SpecImportsParamsDefEnumImported" runstate="Runnable" seed="1809958741" result="Passed" start-time="2024-07-14T00:35:55.9208953Z" end-time="2024-07-14T00:35:55.9208953Z" duration="0.000727" asserts="4" />
      </test-suite>
      <test-suite type="TestFixture" id="1-1196" name="SpecImportsParamsDefUsertypeImported" fullname="Kaitai.SpecImportsParamsDefUsertypeImported" classname="Kaitai.SpecImportsParamsDefUsertypeImported" runstate="Runnable" testcasecount="1" result="Passed" start-time="2024-07-14T00:35:55.9208953Z" end-time="2024-07-14T00:35:55.9208953Z" duration="0.000777" total="1" passed="1" failed="0" warnings="0" inconclusive="0" skipped="0" asserts="2">
        <test-case id="1-1197" name="TestImportsParamsDefUsertypeImported" fullname="Kaitai.SpecImportsParamsDefUsertypeImported.TestImportsParamsDefUsertypeImported" methodname="TestImportsParamsDefUsertypeImported" classname="Kaitai.SpecImportsParamsDefUsertypeImported" runstate="Runnable" seed="639847068" result="Passed" start-time="2024-07-14T00:35:55.9208953Z" end-time="2024-07-14T00:35:55.9208953Z" duration="0.000668" asserts="2" />
      </test-suite>
      <test-suite type="TestFixture" id="1-1198" name="SpecImportsRel1" fullname="Kaitai.SpecImportsRel1" classname="Kaitai.SpecImportsRel1" runstate="Runnable" testcasecount="1" result="Passed" start-time="2024-07-14T00:35:55.9208953Z" end-time="2024-07-14T00:35:55.9208953Z" duration="0.000858" total="1" passed="1" failed="0" warnings="0" inconclusive="0" skipped="0" asserts="3">
[...]
        <test-case id="1-1423" name="TestTypeIntUnaryOp" fullname="Kaitai.SpecTypeIntUnaryOp.TestTypeIntUnaryOp" methodname="TestTypeIntUnaryOp" classname="Kaitai.SpecTypeIntUnaryOp" runstate="Runnable" seed="2093173042" result="Passed" start-time="2024-07-14T00:35:56.0458954Z" end-time="2024-07-14T00:35:56.0458954Z" duration="0.000627" asserts="4" />
      </test-suite>
      <test-suite type="TestFixture" id="1-1424" name="SpecTypeTernary" fullname="Kaitai.SpecTypeTernary" classname="Kaitai.SpecTypeTernary" runstate="Runnable" testcasecount="1" result="Passed" start-time="2024-07-14T00:35:56.0458954Z" end-time="2024-07-14T00:35:56.0458954Z" duration="0.000879" total="1" passed="1" failed="0" warnings="0" inconclusive="0" skipped="0" asserts="1">
        <test-case id="1-1425" name="TestTypeTernary" fullname="Kaitai.SpecTypeTernary.TestTypeTernary" methodname="TestTypeTernary" classname="Kaitai.SpecTypeTernary" runstate="Runnable" seed="1892491853" result="Passed" start-time="2024-07-14T00:35:56.0458954Z" end-time="2024-07-14T00:35:56.0458954Z" duration="0.000778" asserts="1" />
      </test-suite>
      <test-suite type="TestFixture" id="1-1426" name="SpecTypeTernary2ndFalsy" fullname="Kaitai.SpecTypeTernary2ndFalsy" classname="Kaitai.SpecTypeTernary2ndFalsy" runstate="Runnable" testcasecount="1" result="Passed" start-time="2024-07-14T00:35:56.0458954Z" end-time="2024-07-14T00:35:56.0458954Z" duration="0.001916" total="1" passed="1" failed="0" warnings="0" inconclusive="0" skipped="0" asserts="13">
        <test-case id="1-1427" name="TestTypeTernary2ndFalsy" fullname="Kaitai.SpecTypeTernary2ndFalsy.TestTypeTernary2ndFalsy" methodname="TestTypeTernary2ndFalsy" classname="Kaitai.SpecTypeTernary2ndFalsy" runstate="Runnable" seed="1252413567" result="Passed" start-time="2024-07-14T00:35:56.0458954Z" end-time="2024-07-14T00:35:56.0458954Z" duration="0.001826" asserts="13" />
      </test-suite>
      <test-suite type="TestFixture" id="1-1428" name="SpecTypeTernaryOpaque" fullname="Kaitai.SpecTypeTernaryOpaque" classname="Kaitai.SpecTypeTernaryOpaque" runstate="Runnable" testcasecount="1" result="Passed" start-time="2024-07-14T00:35:56.0458954Z" end-time="2024-07-14T00:35:56.0458954Z" duration="0.001594" total="1" passed="1" failed="0" warnings="0" inconclusive="0" skipped="0" asserts="3">
        <test-case id="1-1429" name="TestTypeTernaryOpaque" fullname="Kaitai.SpecTypeTernaryOpaque.TestTypeTernaryOpaque" methodname="TestTypeTernaryOpaque" classname="Kaitai.SpecTypeTernaryOpaque" runstate="Runnable" seed="827793983" result="Passed" start-time="2024-07-14T00:35:56.0458954Z" end-time="2024-07-14T00:35:56.0458954Z" duration="0.000684" asserts="3" />
      </test-suite>
      <test-suite type="TestFixture" id="1-1430" name="SpecUserType" fullname="Kaitai.SpecUserType" classname="Kaitai.SpecUserType" runstate="Runnable" testcasecount="1" result="Passed" start-time="2024-07-14T00:35:56.0458954Z" end-time="2024-07-14T00:35:56.0458954Z" duration="0.000665" total="1" passed="1" failed="0" warnings="0" inconclusive="0" skipped="0" asserts="2">
        <test-case id="1-1431" name="TestUserType" fullname="Kaitai.SpecUserType.TestUserType" methodname="TestUserType" classname="Kaitai.SpecUserType" runstate="Runnable" seed="1733328441" result="Passed" start-time="2024-07-14T00:35:56.0458954Z" end-time="2024-07-14T00:35:56.0458954Z" duration="0.000573" asserts="2" />
      </test-suite>
      <test-suite type="TestFixture" id="1-1432" name="SpecValidEqStrEncodings" fullname="Kaitai.SpecValidEqStrEncodings" classname="Kaitai.SpecValidEqStrEncodings" runstate="Runnable" testcasecount="1" result="Passed" start-time="2024-07-14T00:35:56.0458954Z" end-time="2024-07-14T00:35:56.0615219Z" duration="0.001282" total="1" passed="1" failed="0" warnings="0" inconclusive="0" skipped="0" asserts="0">
        <test-case id="1-1433" name="TestValidEqStrEncodings" fullname="Kaitai.SpecValidEqStrEncodings.TestValidEqStrEncodings" methodname="TestValidEqStrEncodings" classname="Kaitai.SpecValidEqStrEncodings" runstate="Runnable" seed="272301728" result="Passed" start-time="2024-07-14T00:35:56.0458954Z" end-time="2024-07-14T00:35:56.0615219Z" duration="0.001191" asserts="0" />
      </test-suite>
      <test-suite type="TestFixture" id="1-1434" name="SpecValidFailAnyofInt" fullname="Kaitai.SpecValidFailAnyofInt" classname="Kaitai.SpecValidFailAnyofInt" runstate="Runnable" testcasecount="1" result="Passed" start-time="2024-07-14T00:35:56.0615219Z" end-time="2024-07-14T00:35:56.0615219Z" duration="0.001014" total="1" passed="1" failed="0" warnings="0" inconclusive="0" skipped="0" asserts="1">
        <test-case id="1-1435" name="TestValidFailAnyofInt" fullname="Kaitai.SpecValidFailAnyofInt.TestValidFailAnyofInt" methodname="TestValidFailAnyofInt" classname="Kaitai.SpecValidFailAnyofInt" runstate="Runnable" seed="96269684" result="Passed" start-time="2024-07-14T00:35:56.0615219Z" end-time="2024-07-14T00:35:56.0615219Z" duration="0.000923" asserts="1" />
      </test-suite>
      <test-suite type="TestFixture" id="1-1436" name="SpecValidFailContents" fullname="Kaitai.SpecValidFailContents" classname="Kaitai.SpecValidFailContents" runstate="Runnable" testcasecount="1" result="Passed" start-time="2024-07-14T00:35:56.0615219Z" end-time="2024-07-14T00:35:56.0615219Z" duration="0.000986" total="1" passed="1" failed="0" warnings="0" inconclusive="0" skipped="0" asserts="1">
        <test-case id="1-1437" name="TestValidFailContents" fullname="Kaitai.SpecValidFailContents.TestValidFailContents" methodname="TestValidFailContents" classname="Kaitai.SpecValidFailContents" runstate="Runnable" seed="1852840763" result="Passed" start-time="2024-07-14T00:35:56.0615219Z" end-time="2024-07-14T00:35:56.0615219Z" duration="0.000893" asserts="1" />
      </test-suite>
      <test-suite type="TestFixture" id="1-1438" name="SpecValidFailEqBytes" fullname="Kaitai.SpecValidFailEqBytes" classname="Kaitai.SpecValidFailEqBytes" runstate="Runnable" testcasecount="1" result="Passed" start-time="2024-07-14T00:35:56.0615219Z" end-time="2024-07-14T00:35:56.0615219Z" duration="0.000690" total="1" passed="1" failed="0" warnings="0" inconclusive="0" skipped="0" asserts="1">
        <test-case id="1-1439" name="TestValidFailEqBytes" fullname="Kaitai.SpecValidFailEqBytes.TestValidFailEqBytes" methodname="TestValidFailEqBytes" classname="Kaitai.SpecValidFailEqBytes" runstate="Runnable" seed="1647682510" result="Passed" start-time="2024-07-14T00:35:56.0615219Z" end-time="2024-07-14T00:35:56.0615219Z" duration="0.000595" asserts="1" />
      </test-suite>
      <test-suite type="TestFixture" id="1-1440" name="SpecValidFailEqInt" fullname="Kaitai.SpecValidFailEqInt" classname="Kaitai.SpecValidFailEqInt" runstate="Runnable" testcasecount="1" result="Passed" start-time="2024-07-14T00:35:56.0615219Z" end-time="2024-07-14T00:35:56.0615219Z" duration="0.000807" total="1" passed="1" failed="0" warnings="0" inconclusive="0" skipped="0" asserts="1">
        <test-case id="1-1441" name="TestValidFailEqInt" fullname="Kaitai.SpecValidFailEqInt.TestValidFailEqInt" methodname="TestValidFailEqInt" classname="Kaitai.SpecValidFailEqInt" runstate="Runnable" seed="1067842651" result="Passed" start-time="2024-07-14T00:35:56.0615219Z" end-time="2024-07-14T00:35:56.0615219Z" duration="0.000712" asserts="1" />
      </test-suite>
      <test-suite type="TestFixture" id="1-1442" name="SpecValidFailEqStr" fullname="Kaitai.SpecValidFailEqStr" classname="Kaitai.SpecValidFailEqStr" runstate="Runnable" testcasecount="1" result="Passed" start-time="2024-07-14T00:35:56.0615219Z" end-time="2024-07-14T00:35:56.0615219Z" duration="0.000694" total="1" passed="1" failed="0" warnings="0" inconclusive="0" skipped="0" asserts="1">
        <test-case id="1-1443" name="TestValidFailEqStr" fullname="Kaitai.SpecValidFailEqStr.TestValidFailEqStr" methodname="TestValidFailEqStr" classname="Kaitai.SpecValidFailEqStr" runstate="Runnable" seed="314351970" result="Passed" start-time="2024-07-14T00:35:56.0615219Z" end-time="2024-07-14T00:35:56.0615219Z" duration="0.000598" asserts="1" />
      </test-suite>
      <test-suite type="TestFixture" id="1-1444" name="SpecValidFailExpr" fullname="Kaitai.SpecValidFailExpr" classname="Kaitai.SpecValidFailExpr" runstate="Runnable" testcasecount="1" result="Passed" start-time="2024-07-14T00:35:56.0615219Z" end-time="2024-07-14T00:35:56.0615219Z" duration="0.000929" total="1" passed="1" failed="0" warnings="0" inconclusive="0" skipped="0" asserts="1">
        <test-case id="1-1445" name="TestValidFailExpr" fullname="Kaitai.SpecValidFailExpr.TestValidFailExpr" methodname="TestValidFailExpr" classname="Kaitai.SpecValidFailExpr" runstate="Runnable" seed="2088960392" result="Passed" start-time="2024-07-14T00:35:56.0615219Z" end-time="2024-07-14T00:35:56.0615219Z" duration="0.000835" asserts="1" />
      </test-suite>
      <test-suite type="TestFixture" id="1-1446" name="SpecValidFailInst" fullname="Kaitai.SpecValidFailInst" classname="Kaitai.SpecValidFailInst" runstate="Runnable" testcasecount="1" result="Passed" start-time="2024-07-14T00:35:56.0615219Z" end-time="2024-07-14T00:35:56.0615219Z" duration="0.000749" total="1" passed="1" failed="0" warnings="0" inconclusive="0" skipped="0" asserts="1">
        <test-case id="1-1447" name="TestValidFailInst" fullname="Kaitai.SpecValidFailInst.TestValidFailInst" methodname="TestValidFailInst" classname="Kaitai.SpecValidFailInst" runstate="Runnable" seed="1960018818" result="Passed" start-time="2024-07-14T00:35:56.0615219Z" end-time="2024-07-14T00:35:56.0615219Z" duration="0.000655" asserts="1" />
      </test-suite>
      <test-suite type="TestFixture" id="1-1448" name="SpecValidFailMaxInt" fullname="Kaitai.SpecValidFailMaxInt" classname="Kaitai.SpecValidFailMaxInt" runstate="Runnable" testcasecount="1" result="Passed" start-time="2024-07-14T00:35:56.0615219Z" end-time="2024-07-14T00:35:56.0615219Z" duration="0.000909" total="1" passed="1" failed="0" warnings="0" inconclusive="0" skipped="0" asserts="1">
        <test-case id="1-1449" name="TestValidFailMaxInt" fullname="Kaitai.SpecValidFailMaxInt.TestValidFailMaxInt" methodname="TestValidFailMaxInt" classname="Kaitai.SpecValidFailMaxInt" runstate="Runnable" seed="1191839280" result="Passed" start-time="2024-07-14T00:35:56.0615219Z" end-time="2024-07-14T00:35:56.0615219Z" duration="0.000811" asserts="1" />
      </test-suite>
      <test-suite type="TestFixture" id="1-1450" name="SpecValidFailMinInt" fullname="Kaitai.SpecValidFailMinInt" classname="Kaitai.SpecValidFailMinInt" runstate="Runnable" testcasecount="1" result="Passed" start-time="2024-07-14T00:35:56.0615219Z" end-time="2024-07-14T00:35:56.0615219Z" duration="0.000860" total="1" passed="1" failed="0" warnings="0" inconclusive="0" skipped="0" asserts="1">
        <test-case id="1-1451" name="TestValidFailMinInt" fullname="Kaitai.SpecValidFailMinInt.TestValidFailMinInt" methodname="TestValidFailMinInt" classname="Kaitai.SpecValidFailMinInt" runstate="Runnable" seed="244570048" result="Passed" start-time="2024-07-14T00:35:56.0615219Z" end-time="2024-07-14T00:35:56.0615219Z" duration="0.000763" asserts="1" />
      </test-suite>
      <test-suite type="TestFixture" id="1-1452" name="SpecValidFailRangeBytes" fullname="Kaitai.SpecValidFailRangeBytes" classname="Kaitai.SpecValidFailRangeBytes" runstate="Runnable" testcasecount="1" result="Passed" start-time="2024-07-14T00:35:56.0615219Z" end-time="2024-07-14T00:35:56.0615219Z" duration="0.000851" total="1" passed="1" failed="0" warnings="0" inconclusive="0" skipped="0" asserts="1">
        <test-case id="1-1453" name="TestValidFailRangeBytes" fullname="Kaitai.SpecValidFailRangeBytes.TestValidFailRangeBytes" methodname="TestValidFailRangeBytes" classname="Kaitai.SpecValidFailRangeBytes" runstate="Runnable" seed="1317042031" result="Passed" start-time="2024-07-14T00:35:56.0615219Z" end-time="2024-07-14T00:35:56.0615219Z" duration="0.000756" asserts="1" />
      </test-suite>
      <test-suite type="TestFixture" id="1-1454" name="SpecValidFailRangeFloat" fullname="Kaitai.SpecValidFailRangeFloat" classname="Kaitai.SpecValidFailRangeFloat" runstate="Runnable" testcasecount="1" result="Passed" start-time="2024-07-14T00:35:56.0615219Z" end-time="2024-07-14T00:35:56.0615219Z" duration="0.000757" total="1" passed="1" failed="0" warnings="0" inconclusive="0" skipped="0" asserts="1">
        <test-case id="1-1455" name="TestValidFailRangeFloat" fullname="Kaitai.SpecValidFailRangeFloat.TestValidFailRangeFloat" methodname="TestValidFailRangeFloat" classname="Kaitai.SpecValidFailRangeFloat" runstate="Runnable" seed="2051379887" result="Passed" start-time="2024-07-14T00:35:56.0615219Z" end-time="2024-07-14T00:35:56.0615219Z" duration="0.000657" asserts="1" />
      </test-suite>
      <test-suite type="TestFixture" id="1-1456" name="SpecValidFailRangeInt" fullname="Kaitai.SpecValidFailRangeInt" classname="Kaitai.SpecValidFailRangeInt" runstate="Runnable" testcasecount="1" result="Passed" start-time="2024-07-14T00:35:56.0615219Z" end-time="2024-07-14T00:35:56.0615219Z" duration="0.000724" total="1" passed="1" failed="0" warnings="0" inconclusive="0" skipped="0" asserts="1">
        <test-case id="1-1457" name="TestValidFailRangeInt" fullname="Kaitai.SpecValidFailRangeInt.TestValidFailRangeInt" methodname="TestValidFailRangeInt" classname="Kaitai.SpecValidFailRangeInt" runstate="Runnable" seed="1056217173" result="Passed" start-time="2024-07-14T00:35:56.0615219Z" end-time="2024-07-14T00:35:56.0615219Z" duration="0.000630" asserts="1" />
      </test-suite>
      <test-suite type="TestFixture" id="1-1458" name="SpecValidFailRangeStr" fullname="Kaitai.SpecValidFailRangeStr" classname="Kaitai.SpecValidFailRangeStr" runstate="Runnable" testcasecount="1" result="Passed" start-time="2024-07-14T00:35:56.0615219Z" end-time="2024-07-14T00:35:56.0615219Z" duration="0.001672" total="1" passed="1" failed="0" warnings="0" inconclusive="0" skipped="0" asserts="1">
        <test-case id="1-1459" name="TestValidFailRangeStr" fullname="Kaitai.SpecValidFailRangeStr.TestValidFailRangeStr" methodname="TestValidFailRangeStr" classname="Kaitai.SpecValidFailRangeStr" runstate="Runnable" seed="1267587352" result="Passed" start-time="2024-07-14T00:35:56.0615219Z" end-time="2024-07-14T00:35:56.0615219Z" duration="0.001578" asserts="1" />
      </test-suite>
      <test-suite type="TestFixture" id="1-1460" name="SpecValidLong" fullname="Kaitai.SpecValidLong" classname="Kaitai.SpecValidLong" runstate="Runnable" testcasecount="1" result="Passed" start-time="2024-07-14T00:35:56.0615219Z" end-time="2024-07-14T00:35:56.0615219Z" duration="0.001633" total="1" passed="1" failed="0" warnings="0" inconclusive="0" skipped="0" asserts="0">
        <test-case id="1-1461" name="TestValidLong" fullname="Kaitai.SpecValidLong.TestValidLong" methodname="TestValidLong" classname="Kaitai.SpecValidLong" runstate="Runnable" seed="717972805" result="Passed" start-time="2024-07-14T00:35:56.0615219Z" end-time="2024-07-14T00:35:56.0615219Z" duration="0.001539" asserts="0" />
      </test-suite>
      <test-suite type="TestFixture" id="1-1462" name="SpecValidNotParsedIf" fullname="Kaitai.SpecValidNotParsedIf" classname="Kaitai.SpecValidNotParsedIf" runstate="Runnable" testcasecount="1" result="Passed" start-time="2024-07-14T00:35:56.0615219Z" end-time="2024-07-14T00:35:56.0615219Z" duration="0.000629" total="1" passed="1" failed="0" warnings="0" inconclusive="0" skipped="0" asserts="0">
        <test-case id="1-1463" name="TestValidNotParsedIf" fullname="Kaitai.SpecValidNotParsedIf.TestValidNotParsedIf" methodname="TestValidNotParsedIf" classname="Kaitai.SpecValidNotParsedIf" runstate="Runnable" seed="1795614980" result="Passed" start-time="2024-07-14T00:35:56.0615219Z" end-time="2024-07-14T00:35:56.0615219Z" duration="0.000538" asserts="0" />
      </test-suite>
      <test-suite type="TestFixture" id="1-1464" name="SpecValidOptionalId" fullname="Kaitai.SpecValidOptionalId" classname="Kaitai.SpecValidOptionalId" runstate="Runnable" testcasecount="1" result="Passed" start-time="2024-07-14T00:35:56.0615219Z" end-time="2024-07-14T00:35:56.0771486Z" duration="0.000944" total="1" passed="1" failed="0" warnings="0" inconclusive="0" skipped="0" asserts="0">
        <test-case id="1-1465" name="TestValidOptionalId" fullname="Kaitai.SpecValidOptionalId.TestValidOptionalId" methodname="TestValidOptionalId" classname="Kaitai.SpecValidOptionalId" runstate="Runnable" seed="1921012543" result="Passed" start-time="2024-07-14T00:35:56.0615219Z" end-time="2024-07-14T00:35:56.0771486Z" duration="0.000849" asserts="0" />
      </test-suite>
      <test-suite type="TestFixture" id="1-1466" name="SpecValidShort" fullname="Kaitai.SpecValidShort" classname="Kaitai.SpecValidShort" runstate="Runnable" testcasecount="1" result="Passed" start-time="2024-07-14T00:35:56.0771486Z" end-time="2024-07-14T00:35:56.0771486Z" duration="0.001826" total="1" passed="1" failed="0" warnings="0" inconclusive="0" skipped="0" asserts="0">
        <test-case id="1-1467" name="TestValidShort" fullname="Kaitai.SpecValidShort.TestValidShort" methodname="TestValidShort" classname="Kaitai.SpecValidShort" runstate="Runnable" seed="554304453" result="Passed" start-time="2024-07-14T00:35:56.0771486Z" end-time="2024-07-14T00:35:56.0771486Z" duration="0.001609" asserts="0" />
      </test-suite>
      <test-suite type="TestFixture" id="1-1468" name="SpecValidSwitch" fullname="Kaitai.SpecValidSwitch" classname="Kaitai.SpecValidSwitch" runstate="Runnable" testcasecount="1" result="Passed" start-time="2024-07-14T00:35:56.0771486Z" end-time="2024-07-14T00:35:56.0771486Z" duration="0.000684" total="1" passed="1" failed="0" warnings="0" inconclusive="0" skipped="0" asserts="0">
        <test-case id="1-1469" name="TestValidSwitch" fullname="Kaitai.SpecValidSwitch.TestValidSwitch" methodname="TestValidSwitch" classname="Kaitai.SpecValidSwitch" runstate="Runnable" seed="1682531635" result="Passed" start-time="2024-07-14T00:35:56.0771486Z" end-time="2024-07-14T00:35:56.0771486Z" duration="0.000592" asserts="0" />
      </test-suite>
      <test-suite type="TestFixture" id="1-1470" name="SpecZlibSurrounded" fullname="Kaitai.SpecZlibSurrounded" classname="Kaitai.SpecZlibSurrounded" runstate="Runnable" testcasecount="1" result="Passed" start-time="2024-07-14T00:35:56.0771486Z" end-time="2024-07-14T00:35:56.1083960Z" duration="0.043519" total="1" passed="1" failed="0" warnings="0" inconclusive="0" skipped="0" asserts="1">
        <test-case id="1-1471" name="TestZlibSurrounded" fullname="Kaitai.SpecZlibSurrounded.TestZlibSurrounded" methodname="TestZlibSurrounded" classname="Kaitai.SpecZlibSurrounded" runstate="Runnable" seed="2050451164" result="Passed" start-time="2024-07-14T00:35:56.0771486Z" end-time="2024-07-14T00:35:56.1083960Z" duration="0.043422" asserts="1" />
      </test-suite>
      <test-suite type="TestFixture" id="1-1472" name="SpecZlibWithHeader78" fullname="Kaitai.SpecZlibWithHeader78" classname="Kaitai.SpecZlibWithHeader78" runstate="Runnable" testcasecount="1" result="Passed" start-time="2024-07-14T00:35:56.1083960Z" end-time="2024-07-14T00:35:56.1240235Z" duration="0.000775" total="1" passed="1" failed="0" warnings="0" inconclusive="0" skipped="0" asserts="1">
        <test-case id="1-1473" name="TestZlibWithHeader78" fullname="Kaitai.SpecZlibWithHeader78.TestZlibWithHeader78" methodname="TestZlibWithHeader78" classname="Kaitai.SpecZlibWithHeader78" runstate="Runnable" seed="1339567812" result="Passed" start-time="2024-07-14T00:35:56.1083960Z" end-time="2024-07-14T00:35:56.1240235Z" duration="0.000666" asserts="1" />
      </test-suite>
    </test-suite>
  </test-suite>
</test-run>