<?xml version="1.0" encoding="utf-8" standalone="no"?>
<test-run id="2" testcasecount="233" result="Failed" total="233" passed="232" failed="1" inconclusive="0" skipped="0" asserts="1055" engine-version="3.4.1.0" clr-version="4.0.30319.42000" start-time="2024-04-03 14:43:59Z" end-time="2024-04-03 14:44:01Z" duration="1.461770">
  <command-line><![CDATA[/home/runner/.nuget/packages/nunit.consolerunner/3.4.1/tools/nunit3-console.exe --result=test_out/csharp/TestResult.xml spec/csharp/kaitai_struct_csharp_tests_netframework/bin/Debug/kaitai_struct_csharp_tests.dll]]></command-line>
  <test-suite type="Assembly" id="0-1466" name="kaitai_struct_csharp_tests.dll" fullname="/home/runner/work/ci_targets/ci_targets/tests/spec/csharp/kaitai_struct_csharp_tests_netframework/bin/Debug/kaitai_struct_csharp_tests.dll" runstate="Runnable" testcasecount="233" result="Failed" site="Child" start-time="2024-04-03 14:43:59Z" end-time="2024-04-03 14:44:01Z" duration="1.385408" total="233" passed="232" failed="1" inconclusive="0" skipped="0" asserts="1055">
    <environment framework-version="3.4.1.0" clr-version="4.0.30319.42000" os-version="Unix 6.5.0.1016" platform="Unix" cwd="/home/runner/work/ci_targets/ci_targets/tests" machine-name="fv-az573-309" user="runner" user-domain="fv-az573-309" culture="" uiculture="" os-architecture="x64" />
    <settings>
      <setting name="WorkDirectory" value="/home/runner/work/ci_targets/ci_targets/tests" />
      <setting name="ImageRuntimeVersion" value="4.0.30319" />
      <setting name="ImageTargetFrameworkName" value=".NETFramework,Version=v4.8" />
      <setting name="ImageRequiresX86" value="False" />
      <setting name="ImageRequiresDefaultAppDomainAssemblyResolver" value="False" />
      <setting name="NumberOfTestWorkers" value="4" />
    </settings>
    <properties>
      <property name="_PID" value="2573" />
      <property name="_APPDOMAIN" value="test-domain-" />
    </properties>
    <failure>
      <message><![CDATA[One or more child tests had errors]]></message>
    </failure>
    <test-suite type="TestSuite" id="0-1467" name="Kaitai" fullname="Kaitai" runstate="Runnable" testcasecount="233" result="Failed" site="Child" start-time="2024-04-03 14:43:59Z" end-time="2024-04-03 14:44:01Z" duration="1.375467" total="233" passed="232" failed="1" inconclusive="0" skipped="0" asserts="1055">
      <failure>
        <message><![CDATA[One or more child tests had errors]]></message>
      </failure>
      <test-suite type="TestFixture" id="0-1000" name="SpecBcdUserTypeBe" fullname="Kaitai.SpecBcdUserTypeBe" classname="Kaitai.SpecBcdUserTypeBe" runstate="Runnable" testcasecount="1" result="Passed" start-time="2024-04-03 14:43:59Z" end-time="2024-04-03 14:43:59Z" duration="0.018146" total="1" passed="1" failed="0" inconclusive="0" skipped="0" asserts="6">
        <test-case id="0-1001" name="TestBcdUserTypeBe" fullname="Kaitai.SpecBcdUserTypeBe.TestBcdUserTypeBe" methodname="TestBcdUserTypeBe" classname="Kaitai.SpecBcdUserTypeBe" runstate="Runnable" seed="528011752" result="Passed" start-time="2024-04-03 14:43:59Z" end-time="2024-04-03 14:43:59Z" duration="0.011424" asserts="6" />
      </test-suite>
      <test-suite type="TestFixture" id="0-1002" name="SpecBcdUserTypeLe" fullname="Kaitai.SpecBcdUserTypeLe" classname="Kaitai.SpecBcdUserTypeLe" runstate="Runnable" testcasecount="1" result="Passed" start-time="2024-04-03 14:43:59Z" end-time="2024-04-03 14:43:59Z" duration="0.004431" total="1" passed="1" failed="0" inconclusive="0" skipped="0" asserts="6">
        <test-case id="0-1003" name="TestBcdUserTypeLe" fullname="Kaitai.SpecBcdUserTypeLe.TestBcdUserTypeLe" methodname="TestBcdUserTypeLe" classname="Kaitai.SpecBcdUserTypeLe" runstate="Runnable" seed="1839497531" result="Passed" start-time="2024-04-03 14:43:59Z" end-time="2024-04-03 14:43:59Z" duration="0.002104" asserts="6" />
      </test-suite>
      <test-suite type="TestFixture" id="0-1004" name="SpecBitsByteAligned" fullname="Kaitai.SpecBitsByteAligned" classname="Kaitai.SpecBitsByteAligned" runstate="Runnable" testcasecount="1" result="Passed" start-time="2024-04-03 14:43:59Z" end-time="2024-04-03 14:43:59Z" duration="0.004719" total="1" passed="1" failed="0" inconclusive="0" skipped="0" asserts="9">
        <test-case id="0-1005" name="TestBitsByteAligned" fullname="Kaitai.SpecBitsByteAligned.TestBitsByteAligned" methodname="TestBitsByteAligned" classname="Kaitai.SpecBitsByteAligned" runstate="Runnable" seed="648968341" result="Passed" start-time="2024-04-03 14:43:59Z" end-time="2024-04-03 14:43:59Z" duration="0.002399" asserts="9" />
      </test-suite>
      <test-suite type="TestFixture" id="0-1006" name="SpecBitsEnum" fullname="Kaitai.SpecBitsEnum" classname="Kaitai.SpecBitsEnum" runstate="Runnable" testcasecount="1" result="Passed" start-time="2024-04-03 14:43:59Z" end-time="2024-04-03 14:43:59Z" duration="0.002841" total="1" passed="1" failed="0" inconclusive="0" skipped="0" asserts="3">
        <test-case id="0-1007" name="TestBitsEnum" fullname="Kaitai.SpecBitsEnum.TestBitsEnum" methodname="TestBitsEnum" classname="Kaitai.SpecBitsEnum" runstate="Runnable" seed="1566737821" result="Passed" start-time="2024-04-03 14:43:59Z" end-time="2024-04-03 14:43:59Z" duration="0.000524" asserts="3" />
      </test-suite>
      <test-suite type="TestFixture" id="0-1008" name="SpecBitsSeqEndianCombo" fullname="Kaitai.SpecBitsSeqEndianCombo" classname="Kaitai.SpecBitsSeqEndianCombo" runstate="Runnable" testcasecount="1" result="Passed" start-time="2024-04-03 14:43:59Z" end-time="2024-04-03 14:43:59Z" duration="0.002867" total="1" passed="1" failed="0" inconclusive="0" skipped="0" asserts="8">
        <test-case id="0-1009" name="TestBitsSeqEndianCombo" fullname="Kaitai.SpecBitsSeqEndianCombo.TestBitsSeqEndianCombo" methodname="TestBitsSeqEndianCombo" classname="Kaitai.SpecBitsSeqEndianCombo" runstate="Runnable" seed="1972008003" result="Passed" start-time="2024-04-03 14:43:59Z" end-time="2024-04-03 14:43:59Z" duration="0.000531" asserts="8" />
      </test-suite>
      <test-suite type="TestFixture" id="0-1010" name="SpecBitsShiftByB32Le" fullname="Kaitai.SpecBitsShiftByB32Le" classname="Kaitai.SpecBitsShiftByB32Le" runstate="Runnable" testcasecount="1" result="Passed" start-time="2024-04-03 14:43:59Z" end-time="2024-04-03 14:43:59Z" duration="0.002646" total="1" passed="1" failed="0" inconclusive="0" skipped="0" asserts="2">
        <test-case id="0-1011" name="TestBitsShiftByB32Le" fullname="Kaitai.SpecBitsShiftByB32Le.TestBitsShiftByB32Le" methodname="TestBitsShiftByB32Le" classname="Kaitai.SpecBitsShiftByB32Le" runstate="Runnable" seed="388299402" result="Passed" start-time="2024-04-03 14:43:59Z" end-time="2024-04-03 14:43:59Z" duration="0.000328" asserts="2" />
      </test-suite>
      <test-suite type="TestFixture" id="0-1012" name="SpecBitsShiftByB64Le" fullname="Kaitai.SpecBitsShiftByB64Le" classname="Kaitai.SpecBitsShiftByB64Le" runstate="Runnable" testcasecount="1" result="Passed" start-time="2024-04-03 14:43:59Z" end-time="2024-04-03 14:43:59Z" duration="0.002606" total="1" passed="1" failed="0" inconclusive="0" skipped="0" asserts="2">
        <test-case id="0-1013" name="TestBitsShiftByB64Le" fullname="Kaitai.SpecBitsShiftByB64Le.TestBitsShiftByB64Le" methodname="TestBitsShiftByB64Le" classname="Kaitai.SpecBitsShiftByB64Le" runstate="Runnable" seed="815544420" result="Passed" start-time="2024-04-03 14:43:59Z" end-time="2024-04-03 14:43:59Z" duration="0.000279" asserts="2" />
      </test-suite>
      <test-suite type="TestFixture" id="0-1014" name="SpecBitsSignedResB32Be" fullname="Kaitai.SpecBitsSignedResB32Be" classname="Kaitai.SpecBitsSignedResB32Be" runstate="Runnable" testcasecount="1" result="Passed" start-time="2024-04-03 14:43:59Z" end-time="2024-04-03 14:43:59Z" duration="0.002555" total="1" passed="1" failed="0" inconclusive="0" skipped="0" asserts="1">
        <test-case id="0-1015" name="TestBitsSignedResB32Be" fullname="Kaitai.SpecBitsSignedResB32Be.TestBitsSignedResB32Be" methodname="TestBitsSignedResB32Be" classname="Kaitai.SpecBitsSignedResB32Be" runstate="Runnable" seed="2010169058" result="Passed" start-time="2024-04-03 14:43:59Z" end-time="2024-04-03 14:43:59Z" duration="0.000235" asserts="1" />
      </test-suite>
      <test-suite type="TestFixture" id="0-1016" name="SpecBitsSignedResB32Le" fullname="Kaitai.SpecBitsSignedResB32Le" classname="Kaitai.SpecBitsSignedResB32Le" runstate="Runnable" testcasecount="1" result="Passed" start-time="2024-04-03 14:43:59Z" end-time="2024-04-03 14:43:59Z" duration="0.002581" total="1" passed="1" failed="0" inconclusive="0" skipped="0" asserts="1">
        <test-case id="0-1017" name="TestBitsSignedResB32Le" fullname="Kaitai.SpecBitsSignedResB32Le.TestBitsSignedResB32Le" methodname="TestBitsSignedResB32Le" classname="Kaitai.SpecBitsSignedResB32Le" runstate="Runnable" seed="1224834599" result="Passed" start-time="2024-04-03 14:43:59Z" end-time="2024-04-03 14:43:59Z" duration="0.000258" asserts="1" />
      </test-suite>
      <test-suite type="TestFixture" id="0-1018" name="SpecBitsSignedShiftB32Le" fullname="Kaitai.SpecBitsSignedShiftB32Le" classname="Kaitai.SpecBitsSignedShiftB32Le" runstate="Runnable" testcasecount="1" result="Passed" start-time="2024-04-03 14:43:59Z" end-time="2024-04-03 14:43:59Z" duration="0.002610" total="1" passed="1" failed="0" inconclusive="0" skipped="0" asserts="2">
        <test-case id="0-1019" name="TestBitsSignedShiftB32Le" fullname="Kaitai.SpecBitsSignedShiftB32Le.TestBitsSignedShiftB32Le" methodname="TestBitsSignedShiftB32Le" classname="Kaitai.SpecBitsSignedShiftB32Le" runstate="Runnable" seed="1121607632" result="Passed" start-time="2024-04-03 14:43:59Z" end-time="2024-04-03 14:43:59Z" duration="0.000289" asserts="2" />
      </test-suite>
      <test-suite type="TestFixture" id="0-1020" name="SpecBitsSignedShiftB64Le" fullname="Kaitai.SpecBitsSignedShiftB64Le" classname="Kaitai.SpecBitsSignedShiftB64Le" runstate="Runnable" testcasecount="1" result="Passed" start-time="2024-04-03 14:44:00Z" end-time="2024-04-03 14:44:00Z" duration="0.002601" total="1" passed="1" failed="0" inconclusive="0" skipped="0" asserts="2">
        <test-case id="0-1021" name="TestBitsSignedShiftB64Le" fullname="Kaitai.SpecBitsSignedShiftB64Le.TestBitsSignedShiftB64Le" methodname="TestBitsSignedShiftB64Le" classname="Kaitai.SpecBitsSignedShiftB64Le" runstate="Runnable" seed="309604089" result="Passed" start-time="2024-04-03 14:44:00Z" end-time="2024-04-03 14:44:00Z" duration="0.000271" asserts="2" />
      </test-suite>
      <test-suite type="TestFixture" id="0-1022" name="SpecBitsSimple" fullname="Kaitai.SpecBitsSimple" classname="Kaitai.SpecBitsSimple" runstate="Runnable" testcasecount="1" result="Passed" start-time="2024-04-03 14:44:00Z" end-time="2024-04-03 14:44:00Z" duration="0.003639" total="1" passed="1" failed="0" inconclusive="0" skipped="0" asserts="14">
        <test-case id="0-1023" name="TestBitsSimple" fullname="Kaitai.SpecBitsSimple.TestBitsSimple" methodname="TestBitsSimple" classname="Kaitai.SpecBitsSimple" runstate="Runnable" seed="488668639" result="Passed" start-time="2024-04-03 14:44:00Z" end-time="2024-04-03 14:44:00Z" duration="0.001331" asserts="14" />
      </test-suite>
      <test-suite type="TestFixture" id="0-1024" name="SpecBitsSimpleLe" fullname="Kaitai.SpecBitsSimpleLe" classname="Kaitai.SpecBitsSimpleLe" runstate="Runnable" testcasecount="1" result="Passed" start-time="2024-04-03 14:44:00Z" end-time="2024-04-03 14:44:00Z" duration="0.002992" total="1" passed="1" failed="0" inconclusive="0" skipped="0" asserts="14">
        <test-case id="0-1025" name="TestBitsSimpleLe" fullname="Kaitai.SpecBitsSimpleLe.TestBitsSimpleLe" methodname="TestBitsSimpleLe" classname="Kaitai.SpecBitsSimpleLe" runstate="Runnable" seed="607127063" result="Passed" start-time="2024-04-03 14:44:00Z" end-time="2024-04-03 14:44:00Z" duration="0.000680" asserts="14" />
      </test-suite>
      <test-suite type="TestFixture" id="0-1026" name="SpecBitsUnalignedB32Be" fullname="Kaitai.SpecBitsUnalignedB32Be" classname="Kaitai.SpecBitsUnalignedB32Be" runstate="Runnable" testcasecount="1" result="Passed" start-time="2024-04-03 14:44:00Z" end-time="2024-04-03 14:44:00Z" duration="0.002678" total="1" passed="1" failed="0" inconclusive="0" skipped="0" asserts="3">
        <test-case id="0-1027" name="TestBitsUnalignedB32Be" fullname="Kaitai.SpecBitsUnalignedB32Be.TestBitsUnalignedB32Be" methodname="TestBitsUnalignedB32Be" classname="Kaitai.SpecBitsUnalignedB32Be" runstate="Runnable" seed="2093399683" result="Passed" start-time="2024-04-03 14:44:00Z" end-time="2024-04-03 14:44:00Z" duration="0.000324" asserts="3" />
      </test-suite>
      <test-suite type="TestFixture" id="0-1028" name="SpecBitsUnalignedB32Le" fullname="Kaitai.SpecBitsUnalignedB32Le" classname="Kaitai.SpecBitsUnalignedB32Le" runstate="Runnable" testcasecount="1" result="Passed" start-time="2024-04-03 14:44:00Z" end-time="2024-04-03 14:44:00Z" duration="0.002640" total="1" passed="1" failed="0" inconclusive="0" skipped="0" asserts="3">
        <test-case id="0-1029" name="TestBitsUnalignedB32Le" fullname="Kaitai.SpecBitsUnalignedB32Le.TestBitsUnalignedB32Le" methodname="TestBitsUnalignedB32Le" classname="Kaitai.SpecBitsUnalignedB32Le" runstate="Runnable" seed="1276808545" result="Passed" start-time="2024-04-03 14:44:00Z" end-time="2024-04-03 14:44:00Z" duration="0.000313" asserts="3" />
      </test-suite>
      <test-suite type="TestFixture" id="0-1030" name="SpecBitsUnalignedB64Be" fullname="Kaitai.SpecBitsUnalignedB64Be" classname="Kaitai.SpecBitsUnalignedB64Be" runstate="Runnable" testcasecount="1" result="Passed" start-time="2024-04-03 14:44:00Z" end-time="2024-04-03 14:44:00Z" duration="0.004209" total="1" passed="1" failed="0" inconclusive="0" skipped="0" asserts="3">
        <test-case id="0-1031" name="TestBitsUnalignedB64Be" fullname="Kaitai.SpecBitsUnalignedB64Be.TestBitsUnalignedB64Be" methodname="TestBitsUnalignedB64Be" classname="Kaitai.SpecBitsUnalignedB64Be" runstate="Runnable" seed="1568665370" result="Passed" start-time="2024-04-03 14:44:00Z" end-time="2024-04-03 14:44:00Z" duration="0.000349" asserts="3" />
      </test-suite>
      <test-suite type="TestFixture" id="0-1032" name="SpecBitsUnalignedB64Le" fullname="Kaitai.SpecBitsUnalignedB64Le" classname="Kaitai.SpecBitsUnalignedB64Le" runstate="Runnable" testcasecount="1" result="Passed" start-time="2024-04-03 14:44:00Z" end-time="2024-04-03 14:44:00Z" duration="0.002667" total="1" passed="1" failed="0" inconclusive="0" skipped="0" asserts="3">
        <test-case id="0-1033" name="TestBitsUnalignedB64Le" fullname="Kaitai.SpecBitsUnalignedB64Le.TestBitsUnalignedB64Le" methodname="TestBitsUnalignedB64Le" classname="Kaitai.SpecBitsUnalignedB64Le" runstate="Runnable" seed="694174501" result="Passed" start-time="2024-04-03 14:44:00Z" end-time="2024-04-03 14:44:00Z" duration="0.000339" asserts="3" />
      </test-suite>
      <test-suite type="TestFixture" id="0-1034" name="SpecBufferedStruct" fullname="Kaitai.SpecBufferedStruct" classname="Kaitai.SpecBufferedStruct" runstate="Runnable" testcasecount="1" result="Passed" start-time="2024-04-03 14:44:00Z" end-time="2024-04-03 14:44:00Z" duration="0.003291" total="1" passed="1" failed="0" inconclusive="0" skipped="0" asserts="7">
        <test-case id="0-1035" name="TestBufferedStruct" fullname="Kaitai.SpecBufferedStruct.TestBufferedStruct" methodname="TestBufferedStruct" classname="Kaitai.SpecBufferedStruct" runstate="Runnable" seed="1752867478" result="Passed" start-time="2024-04-03 14:44:00Z" end-time="2024-04-03 14:44:00Z" duration="0.000939" asserts="7" />
      </test-suite>
      <test-suite type="TestFixture" id="0-1036" name="SpecBytesPadTerm" fullname="Kaitai.SpecBytesPadTerm" classname="Kaitai.SpecBytesPadTerm" runstate="Runnable" testcasecount="1" result="Passed" start-time="2024-04-03 14:44:00Z" end-time="2024-04-03 14:44:00Z" duration="0.002889" total="1" passed="1" failed="0" inconclusive="0" skipped="0" asserts="4">
        <test-case id="0-1037" name="TestBytesPadTerm" fullname="Kaitai.SpecBytesPadTerm.TestBytesPadTerm" methodname="TestBytesPadTerm" classname="Kaitai.SpecBytesPadTerm" runstate="Runnable" seed="415592397" result="Passed" start-time="2024-04-03 14:44:00Z" end-time="2024-04-03 14:44:00Z" duration="0.000559" asserts="4" />
      </test-suite>
      <test-suite type="TestFixture" id="0-1038" name="SpecCastNested" fullname="Kaitai.SpecCastNested" classname="Kaitai.SpecCastNested" runstate="Runnable" testcasecount="1" result="Passed" start-time="2024-04-03 14:44:00Z" end-time="2024-04-03 14:44:00Z" duration="0.017200" total="1" passed="1" failed="0" inconclusive="0" skipped="0" asserts="4">
        <test-case id="0-1039" name="TestCastNested" fullname="Kaitai.SpecCastNested.TestCastNested" methodname="TestCastNested" classname="Kaitai.SpecCastNested" runstate="Runnable" seed="159317281" result="Passed" start-time="2024-04-03 14:44:00Z" end-time="2024-04-03 14:44:00Z" duration="0.014867" asserts="4" />
      </test-suite>
      <test-suite type="TestFixture" id="0-1040" name="SpecCastToTop" fullname="Kaitai.SpecCastToTop" classname="Kaitai.SpecCastToTop" runstate="Runnable" testcasecount="1" result="Passed" start-time="2024-04-03 14:44:00Z" end-time="2024-04-03 14:44:00Z" duration="0.003085" total="1" passed="1" failed="0" inconclusive="0" skipped="0" asserts="3">
        <test-case id="0-1041" name="TestCastToTop" fullname="Kaitai.SpecCastToTop.TestCastToTop" methodname="TestCastToTop" classname="Kaitai.SpecCastToTop" runstate="Runnable" seed="805683212" result="Passed" start-time="2024-04-03 14:44:00Z" end-time="2024-04-03 14:44:00Z" duration="0.000751" asserts="3" />
      </test-suite>
      <test-suite type="TestFixture" id="0-1042" name="SpecCombineBool" fullname="Kaitai.SpecCombineBool" classname="Kaitai.SpecCombineBool" runstate="Runnable" testcasecount="1" result="Passed" start-time="2024-04-03 14:44:00Z" end-time="2024-04-03 14:44:00Z" duration="0.002717" total="1" passed="1" failed="0" inconclusive="0" skipped="0" asserts="2">
        <test-case id="0-1043" name="TestCombineBool" fullname="Kaitai.SpecCombineBool.TestCombineBool" methodname="TestCombineBool" classname="Kaitai.SpecCombineBool" runstate="Runnable" seed="1570437905" result="Passed" start-time="2024-04-03 14:44:00Z" end-time="2024-04-03 14:44:00Z" duration="0.000391" asserts="2" />
      </test-suite>
      <test-suite type="TestFixture" id="0-1044" name="SpecCombineBytes" fullname="Kaitai.SpecCombineBytes" classname="Kaitai.SpecCombineBytes" runstate="Runnable" testcasecount="1" result="Passed" start-time="2024-04-03 14:44:00Z" end-time="2024-04-03 14:44:00Z" duration="0.003085" total="1" passed="1" failed="0" inconclusive="0" skipped="0" asserts="10">
        <test-case id="0-1045" name="TestCombineBytes" fullname="Kaitai.SpecCombineBytes.TestCombineBytes" methodname="TestCombineBytes" classname="Kaitai.SpecCombineBytes" runstate="Runnable" seed="237921660" result="Passed" start-time="2024-04-03 14:44:00Z" end-time="2024-04-03 14:44:00Z" duration="0.000740" asserts="10" />
      </test-suite>
      <test-suite type="TestFixture" id="0-1046" name="SpecCombineEnum" fullname="Kaitai.SpecCombineEnum" classname="Kaitai.SpecCombineEnum" runstate="Runnable" testcasecount="1" result="Passed" start-time="2024-04-03 14:44:00Z" end-time="2024-04-03 14:44:00Z" duration="0.002787" total="1" passed="1" failed="0" inconclusive="0" skipped="0" asserts="3">
        <test-case id="0-1047" name="TestCombineEnum" fullname="Kaitai.SpecCombineEnum.TestCombineEnum" methodname="TestCombineEnum" classname="Kaitai.SpecCombineEnum" runstate="Runnable" seed="1550512420" result="Passed" start-time="2024-04-03 14:44:00Z" end-time="2024-04-03 14:44:00Z" duration="0.000455" asserts="3" />
      </test-suite>
      <test-suite type="TestFixture" id="0-1048" name="SpecCombineStr" fullname="Kaitai.SpecCombineStr" classname="Kaitai.SpecCombineStr" runstate="Runnable" testcasecount="1" result="Passed" start-time="2024-04-03 14:44:00Z" end-time="2024-04-03 14:44:00Z" duration="0.003215" total="1" passed="1" failed="0" inconclusive="0" skipped="0" asserts="15">
        <test-case id="0-1049" name="TestCombineStr" fullname="Kaitai.SpecCombineStr.TestCombineStr" methodname="TestCombineStr" classname="Kaitai.SpecCombineStr" runstate="Runnable" seed="969521686" result="Passed" start-time="2024-04-03 14:44:00Z" end-time="2024-04-03 14:44:00Z" duration="0.000883" asserts="15" />
      </test-suite>
      <test-suite type="TestFixture" id="0-1050" name="SpecDebug0" fullname="Kaitai.SpecDebug0" classname="Kaitai.SpecDebug0" runstate="Runnable" testcasecount="1" result="Passed" start-time="2024-04-03 14:44:00Z" end-time="2024-04-03 14:44:00Z" duration="0.002389" total="1" passed="1" failed="0" inconclusive="0" skipped="0" asserts="0">
        <test-case id="0-1051" name="TestDebug0" fullname="Kaitai.SpecDebug0.TestDebug0" methodname="TestDebug0" classname="Kaitai.SpecDebug0" runstate="Runnable" seed="408292170" result="Passed" start-time="2024-04-03 14:44:00Z" end-time="2024-04-03 14:44:00Z" duration="0.000054" asserts="0" />
      </test-suite>
      <test-suite type="TestFixture" id="0-1052" name="SpecDebugArrayUser" fullname="Kaitai.SpecDebugArrayUser" classname="Kaitai.SpecDebugArrayUser" runstate="Runnable" testcasecount="1" result="Passed" start-time="2024-04-03 14:44:00Z" end-time="2024-04-03 14:44:00Z" duration="0.003039" total="1" passed="1" failed="0" inconclusive="0" skipped="0" asserts="4">
        <test-case id="0-1053" name="TestDebugArrayUser" fullname="Kaitai.SpecDebugArrayUser.TestDebugArrayUser" methodname="TestDebugArrayUser" classname="Kaitai.SpecDebugArrayUser" runstate="Runnable" seed="537636534" result="Passed" start-time="2024-04-03 14:44:00Z" end-time="2024-04-03 14:44:00Z" duration="0.000694" asserts="4" />
      </test-suite>
      <test-suite type="TestFixture" id="0-1054" name="SpecDebugEnumName" fullname="Kaitai.SpecDebugEnumName" classname="Kaitai.SpecDebugEnumName" runstate="Runnable" testcasecount="1" result="Passed" start-time="2024-04-03 14:44:00Z" end-time="2024-04-03 14:44:00Z" duration="0.002383" total="1" passed="1" failed="0" inconclusive="0" skipped="0" asserts="0">
        <test-case id="0-1055" name="TestDebugEnumName" fullname="Kaitai.SpecDebugEnumName.TestDebugEnumName" methodname="TestDebugEnumName" classname="Kaitai.SpecDebugEnumName" runstate="Runnable" seed="23732174" result="Passed" start-time="2024-04-03 14:44:00Z" end-time="2024-04-03 14:44:00Z" duration="0.000052" asserts="0" />
      </test-suite>
      <test-suite type="TestFixture" id="0-1056" name="SpecDebugSwitchUser" fullname="Kaitai.SpecDebugSwitchUser" classname="Kaitai.SpecDebugSwitchUser" runstate="Runnable" testcasecount="1" result="Passed" start-time="2024-04-03 14:44:00Z" end-time="2024-04-03 14:44:00Z" duration="0.002810" total="1" passed="1" failed="0" inconclusive="0" skipped="0" asserts="2">
        <test-case id="0-1057" name="TestDebugSwitchUser" fullname="Kaitai.SpecDebugSwitchUser.TestDebugSwitchUser" methodname="TestDebugSwitchUser" classname="Kaitai.SpecDebugSwitchUser" runstate="Runnable" seed="1211735639" result="Passed" start-time="2024-04-03 14:44:00Z" end-time="2024-04-03 14:44:00Z" duration="0.000488" asserts="2" />
      </test-suite>
      <test-suite type="TestFixture" id="0-1058" name="SpecDefaultBigEndian" fullname="Kaitai.SpecDefaultBigEndian" classname="Kaitai.SpecDefaultBigEndian" runstate="Runnable" testcasecount="1" result="Passed" start-time="2024-04-03 14:44:00Z" end-time="2024-04-03 14:44:00Z" duration="0.002669" total="1" passed="1" failed="0" inconclusive="0" skipped="0" asserts="1">
        <test-case id="0-1059" name="TestDefaultBigEndian" fullname="Kaitai.SpecDefaultBigEndian.TestDefaultBigEndian" methodname="TestDefaultBigEndian" classname="Kaitai.SpecDefaultBigEndian" runstate="Runnable" seed="1664250579" result="Passed" start-time="2024-04-03 14:44:00Z" end-time="2024-04-03 14:44:00Z" duration="0.000340" asserts="1" />
      </test-suite>
      <test-suite type="TestFixture" id="0-1060" name="SpecDefaultBitEndianMod" fullname="Kaitai.SpecDefaultBitEndianMod" classname="Kaitai.SpecDefaultBitEndianMod" runstate="Runnable" testcasecount="1" result="Passed" start-time="2024-04-03 14:44:00Z" end-time="2024-04-03 14:44:00Z" duration="0.002884" total="1" passed="1" failed="0" inconclusive="0" skipped="0" asserts="4">
        <test-case id="0-1061" name="TestDefaultBitEndianMod" fullname="Kaitai.SpecDefaultBitEndianMod.TestDefaultBitEndianMod" methodname="TestDefaultBitEndianMod" classname="Kaitai.SpecDefaultBitEndianMod" runstate="Runnable" seed="1053770786" result="Passed" start-time="2024-04-03 14:44:00Z" end-time="2024-04-03 14:44:00Z" duration="0.000556" asserts="4" />
      </test-suite>
      <test-suite type="TestFixture" id="0-1062" name="SpecDefaultEndianExprException" fullname="Kaitai.SpecDefaultEndianExprException" classname="Kaitai.SpecDefaultEndianExprException" runstate="Runnable" testcasecount="1" result="Passed" start-time="2024-04-03 14:44:00Z" end-time="2024-04-03 14:44:00Z" duration="0.005342" total="1" passed="1" failed="0" inconclusive="0" skipped="0" asserts="1">
        <test-case id="0-1063" name="TestDefaultEndianExprException" fullname="Kaitai.SpecDefaultEndianExprException.TestDefaultEndianExprException" methodname="TestDefaultEndianExprException" classname="Kaitai.SpecDefaultEndianExprException" runstate="Runnable" seed="1553993480" result="Passed" start-time="2024-04-03 14:44:00Z" end-time="2024-04-03 14:44:00Z" duration="0.002999" asserts="1" />
      </test-suite>
      <test-suite type="TestFixture" id="0-1064" name="SpecDefaultEndianExprInherited" fullname="Kaitai.SpecDefaultEndianExprInherited" classname="Kaitai.SpecDefaultEndianExprInherited" runstate="Runnable" testcasecount="1" result="Passed" start-time="2024-04-03 14:44:00Z" end-time="2024-04-03 14:44:00Z" duration="0.004368" total="1" passed="1" failed="0" inconclusive="0" skipped="0" asserts="15">
        <test-case id="0-1065" name="TestDefaultEndianExprInherited" fullname="Kaitai.SpecDefaultEndianExprInherited.TestDefaultEndianExprInherited" methodname="TestDefaultEndianExprInherited" classname="Kaitai.SpecDefaultEndianExprInherited" runstate="Runnable" seed="1339375195" result="Passed" start-time="2024-04-03 14:44:00Z" end-time="2024-04-03 14:44:00Z" duration="0.002026" asserts="15" />
      </test-suite>
      <test-suite type="TestFixture" id="0-1066" name="SpecDefaultEndianExprIsBe" fullname="Kaitai.SpecDefaultEndianExprIsBe" classname="Kaitai.SpecDefaultEndianExprIsBe" runstate="Runnable" testcasecount="1" result="Passed" start-time="2024-04-03 14:44:00Z" end-time="2024-04-03 14:44:00Z" duration="0.004293" total="1" passed="1" failed="0" inconclusive="0" skipped="0" asserts="18">
        <test-case id="0-1067" name="TestDefaultEndianExprIsBe" fullname="Kaitai.SpecDefaultEndianExprIsBe.TestDefaultEndianExprIsBe" methodname="TestDefaultEndianExprIsBe" classname="Kaitai.SpecDefaultEndianExprIsBe" runstate="Runnable" seed="1125503197" result="Passed" start-time="2024-04-03 14:44:00Z" end-time="2024-04-03 14:44:00Z" duration="0.001951" asserts="18" />
      </test-suite>
      <test-suite type="TestFixture" id="0-1068" name="SpecDefaultEndianExprIsLe" fullname="Kaitai.SpecDefaultEndianExprIsLe" classname="Kaitai.SpecDefaultEndianExprIsLe" runstate="Runnable" testcasecount="1" result="Passed" start-time="2024-04-03 14:44:00Z" end-time="2024-04-03 14:44:00Z" duration="0.003589" total="1" passed="1" failed="0" inconclusive="0" skipped="0" asserts="12">
        <test-case id="0-1069" name="TestDefaultEndianExprIsLe" fullname="Kaitai.SpecDefaultEndianExprIsLe.TestDefaultEndianExprIsLe" methodname="TestDefaultEndianExprIsLe" classname="Kaitai.SpecDefaultEndianExprIsLe" runstate="Runnable" seed="310905774" result="Passed" start-time="2024-04-03 14:44:00Z" end-time="2024-04-03 14:44:00Z" duration="0.001250" asserts="12" />
      </test-suite>
      <test-suite type="TestFixture" id="0-1070" name="SpecDefaultEndianMod" fullname="Kaitai.SpecDefaultEndianMod" classname="Kaitai.SpecDefaultEndianMod" runstate="Runnable" testcasecount="1" result="Passed" start-time="2024-04-03 14:44:00Z" end-time="2024-04-03 14:44:00Z" duration="0.002985" total="1" passed="1" failed="0" inconclusive="0" skipped="0" asserts="3">
        <test-case id="0-1071" name="TestDefaultEndianMod" fullname="Kaitai.SpecDefaultEndianMod.TestDefaultEndianMod" methodname="TestDefaultEndianMod" classname="Kaitai.SpecDefaultEndianMod" runstate="Runnable" seed="1406791191" result="Passed" start-time="2024-04-03 14:44:00Z" end-time="2024-04-03 14:44:00Z" duration="0.000611" asserts="3" />
      </test-suite>
      <test-suite type="TestFixture" id="0-1072" name="SpecDocstrings" fullname="Kaitai.SpecDocstrings" classname="Kaitai.SpecDocstrings" runstate="Runnable" testcasecount="1" result="Passed" start-time="2024-04-03 14:44:00Z" end-time="2024-04-03 14:44:00Z" duration="0.002601" total="1" passed="1" failed="0" inconclusive="0" skipped="0" asserts="0">
        <test-case id="0-1073" name="TestDocstrings" fullname="Kaitai.SpecDocstrings.TestDocstrings" methodname="TestDocstrings" classname="Kaitai.SpecDocstrings" runstate="Runnable" seed="2101511615" result="Passed" start-time="2024-04-03 14:44:00Z" end-time="2024-04-03 14:44:00Z" duration="0.000265" asserts="0" />
      </test-suite>
      <test-suite type="TestFixture" id="0-1074" name="SpecDocstringsDocref" fullname="Kaitai.SpecDocstringsDocref" classname="Kaitai.SpecDocstringsDocref" runstate="Runnable" testcasecount="1" result="Passed" start-time="2024-04-03 14:44:00Z" end-time="2024-04-03 14:44:00Z" duration="0.002600" total="1" passed="1" failed="0" inconclusive="0" skipped="0" asserts="0">
        <test-case id="0-1075" name="TestDocstringsDocref" fullname="Kaitai.SpecDocstringsDocref.TestDocstringsDocref" methodname="TestDocstringsDocref" classname="Kaitai.SpecDocstringsDocref" runstate="Runnable" seed="584505169" result="Passed" start-time="2024-04-03 14:44:00Z" end-time="2024-04-03 14:44:00Z" duration="0.000271" asserts="0" />
      </test-suite>
      <test-suite type="TestFixture" id="0-1076" name="SpecDocstringsDocrefMulti" fullname="Kaitai.SpecDocstringsDocrefMulti" classname="Kaitai.SpecDocstringsDocrefMulti" runstate="Runnable" testcasecount="1" result="Passed" start-time="2024-04-03 14:44:00Z" end-time="2024-04-03 14:44:00Z" duration="0.002515" total="1" passed="1" failed="0" inconclusive="0" skipped="0" asserts="0">
        <test-case id="0-1077" name="TestDocstringsDocrefMulti" fullname="Kaitai.SpecDocstringsDocrefMulti.TestDocstringsDocrefMulti" methodname="TestDocstringsDocrefMulti" classname="Kaitai.SpecDocstringsDocrefMulti" runstate="Runnable" seed="1419514814" result="Passed" start-time="2024-04-03 14:44:00Z" end-time="2024-04-03 14:44:00Z" duration="0.000200" asserts="0" />
      </test-suite>
      <test-suite type="TestFixture" id="0-1078" name="SpecEnum0" fullname="Kaitai.SpecEnum0" classname="Kaitai.SpecEnum0" runstate="Runnable" testcasecount="1" result="Passed" start-time="2024-04-03 14:44:00Z" end-time="2024-04-03 14:44:00Z" duration="0.002664" total="1" passed="1" failed="0" inconclusive="0" skipped="0" asserts="2">
        <test-case id="0-1079" name="TestEnum0" fullname="Kaitai.SpecEnum0.TestEnum0" methodname="TestEnum0" classname="Kaitai.SpecEnum0" runstate="Runnable" seed="1788990147" result="Passed" start-time="2024-04-03 14:44:00Z" end-time="2024-04-03 14:44:00Z" duration="0.000335" asserts="2" />
      </test-suite>
      <test-suite type="TestFixture" id="0-1080" name="SpecEnum1" fullname="Kaitai.SpecEnum1" classname="Kaitai.SpecEnum1" runstate="Runnable" testcasecount="1" result="Passed" start-time="2024-04-03 14:44:00Z" end-time="2024-04-03 14:44:00Z" duration="0.002784" total="1" passed="1" failed="0" inconclusive="0" skipped="0" asserts="2">
        <test-case id="0-1081" name="TestEnum1" fullname="Kaitai.SpecEnum1.TestEnum1" methodname="TestEnum1" classname="Kaitai.SpecEnum1" runstate="Runnable" seed="2141354387" result="Passed" start-time="2024-04-03 14:44:00Z" end-time="2024-04-03 14:44:00Z" duration="0.000453" asserts="2" />
      </test-suite>
      <test-suite type="TestFixture" id="0-1082" name="SpecEnumDeep" fullname="Kaitai.SpecEnumDeep" classname="Kaitai.SpecEnumDeep" runstate="Runnable" testcasecount="1" result="Passed" start-time="2024-04-03 14:44:00Z" end-time="2024-04-03 14:44:00Z" duration="0.002664" total="1" passed="1" failed="0" inconclusive="0" skipped="0" asserts="2">
        <test-case id="0-1083" name="TestEnumDeep" fullname="Kaitai.SpecEnumDeep.TestEnumDeep" methodname="TestEnumDeep" classname="Kaitai.SpecEnumDeep" runstate="Runnable" seed="1350947132" result="Passed" start-time="2024-04-03 14:44:00Z" end-time="2024-04-03 14:44:00Z" duration="0.000329" asserts="2" />
      </test-suite>
      <test-suite type="TestFixture" id="0-1084" name="SpecEnumDeepLiterals" fullname="Kaitai.SpecEnumDeepLiterals" classname="Kaitai.SpecEnumDeepLiterals" runstate="Runnable" testcasecount="1" result="Passed" start-time="2024-04-03 14:44:00Z" end-time="2024-04-03 14:44:00Z" duration="0.002744" total="1" passed="1" failed="0" inconclusive="0" skipped="0" asserts="2">
        <test-case id="0-1085" name="TestEnumDeepLiterals" fullname="Kaitai.SpecEnumDeepLiterals.TestEnumDeepLiterals" methodname="TestEnumDeepLiterals" classname="Kaitai.SpecEnumDeepLiterals" runstate="Runnable" seed="1765380835" result="Passed" start-time="2024-04-03 14:44:00Z" end-time="2024-04-03 14:44:00Z" duration="0.000411" asserts="2" />
      </test-suite>
      <test-suite type="TestFixture" id="0-1086" name="SpecEnumFancy" fullname="Kaitai.SpecEnumFancy" classname="Kaitai.SpecEnumFancy" runstate="Runnable" testcasecount="1" result="Passed" start-time="2024-04-03 14:44:00Z" end-time="2024-04-03 14:44:00Z" duration="0.002650" total="1" passed="1" failed="0" inconclusive="0" skipped="0" asserts="2">
        <test-case id="0-1087" name="TestEnumFancy" fullname="Kaitai.SpecEnumFancy.TestEnumFancy" methodname="TestEnumFancy" classname="Kaitai.SpecEnumFancy" runstate="Runnable" seed="441888581" result="Passed" start-time="2024-04-03 14:44:00Z" end-time="2024-04-03 14:44:00Z" duration="0.000324" asserts="2" />
      </test-suite>
      <test-suite type="TestFixture" id="0-1088" name="SpecEnumIf" fullname="Kaitai.SpecEnumIf" classname="Kaitai.SpecEnumIf" runstate="Runnable" testcasecount="1" result="Passed" start-time="2024-04-03 14:44:00Z" end-time="2024-04-03 14:44:00Z" duration="0.003848" total="1" passed="1" failed="0" inconclusive="0" skipped="0" asserts="7">
        <test-case id="0-1089" name="TestEnumIf" fullname="Kaitai.SpecEnumIf.TestEnumIf" methodname="TestEnumIf" classname="Kaitai.SpecEnumIf" runstate="Runnable" seed="699138308" result="Passed" start-time="2024-04-03 14:44:00Z" end-time="2024-04-03 14:44:00Z" duration="0.001517" asserts="7" />
      </test-suite>
      <test-suite type="TestFixture" id="0-1090" name="SpecEnumImportSeq" fullname="Kaitai.SpecEnumImportSeq" classname="Kaitai.SpecEnumImportSeq" runstate="Runnable" testcasecount="1" result="Passed" start-time="2024-04-03 14:44:00Z" end-time="2024-04-03 14:44:00Z" duration="0.002659" total="1" passed="1" failed="0" inconclusive="0" skipped="0" asserts="2">
        <test-case id="0-1091" name="TestEnumImportSeq" fullname="Kaitai.SpecEnumImportSeq.TestEnumImportSeq" methodname="TestEnumImportSeq" classname="Kaitai.SpecEnumImportSeq" runstate="Runnable" seed="2061596623" result="Passed" start-time="2024-04-03 14:44:00Z" end-time="2024-04-03 14:44:00Z" duration="0.000322" asserts="2" />
      </test-suite>
      <test-suite type="TestFixture" id="0-1092" name="SpecEnumIntRangeS" fullname="Kaitai.SpecEnumIntRangeS" classname="Kaitai.SpecEnumIntRangeS" runstate="Runnable" testcasecount="1" result="Passed" start-time="2024-04-03 14:44:00Z" end-time="2024-04-03 14:44:00Z" duration="0.002687" total="1" passed="1" failed="0" inconclusive="0" skipped="0" asserts="3">
        <test-case id="0-1093" name="TestEnumIntRangeS" fullname="Kaitai.SpecEnumIntRangeS.TestEnumIntRangeS" methodname="TestEnumIntRangeS" classname="Kaitai.SpecEnumIntRangeS" runstate="Runnable" seed="632619971" result="Passed" start-time="2024-04-03 14:44:00Z" end-time="2024-04-03 14:44:00Z" duration="0.000360" asserts="3" />
      </test-suite>
      <test-suite type="TestFixture" id="0-1094" name="SpecEnumInvalid" fullname="Kaitai.SpecEnumInvalid" classname="Kaitai.SpecEnumInvalid" runstate="Runnable" testcasecount="1" result="Passed" start-time="2024-04-03 14:44:00Z" end-time="2024-04-03 14:44:00Z" duration="0.002656" total="1" passed="1" failed="0" inconclusive="0" skipped="0" asserts="2">
        <test-case id="0-1095" name="TestEnumInvalid" fullname="Kaitai.SpecEnumInvalid.TestEnumInvalid" methodname="TestEnumInvalid" classname="Kaitai.SpecEnumInvalid" runstate="Runnable" seed="784964091" result="Passed" start-time="2024-04-03 14:44:00Z" end-time="2024-04-03 14:44:00Z" duration="0.000320" asserts="2" />
      </test-suite>
      <test-suite type="TestFixture" id="0-1096" name="SpecEnumNegative" fullname="Kaitai.SpecEnumNegative" classname="Kaitai.SpecEnumNegative" runstate="Runnable" testcasecount="1" result="Passed" start-time="2024-04-03 14:44:00Z" end-time="2024-04-03 14:44:00Z" duration="0.002685" total="1" passed="1" failed="0" inconclusive="0" skipped="0" asserts="2">
        <test-case id="0-1097" name="TestEnumNegative" fullname="Kaitai.SpecEnumNegative.TestEnumNegative" methodname="TestEnumNegative" classname="Kaitai.SpecEnumNegative" runstate="Runnable" seed="1166059806" result="Passed" start-time="2024-04-03 14:44:00Z" end-time="2024-04-03 14:44:00Z" duration="0.000357" asserts="2" />
      </test-suite>
      <test-suite type="TestFixture" id="0-1098" name="SpecEnumOfValueInst" fullname="Kaitai.SpecEnumOfValueInst" classname="Kaitai.SpecEnumOfValueInst" runstate="Runnable" testcasecount="1" result="Passed" start-time="2024-04-03 14:44:00Z" end-time="2024-04-03 14:44:00Z" duration="0.002809" total="1" passed="1" failed="0" inconclusive="0" skipped="0" asserts="4">
        <test-case id="0-1099" name="TestEnumOfValueInst" fullname="Kaitai.SpecEnumOfValueInst.TestEnumOfValueInst" methodname="TestEnumOfValueInst" classname="Kaitai.SpecEnumOfValueInst" runstate="Runnable" seed="926819366" result="Passed" start-time="2024-04-03 14:44:00Z" end-time="2024-04-03 14:44:00Z" duration="0.000454" asserts="4" />
      </test-suite>
      <test-suite type="TestFixture" id="0-1100" name="SpecEofExceptionBytes" fullname="Kaitai.SpecEofExceptionBytes" classname="Kaitai.SpecEofExceptionBytes" runstate="Runnable" testcasecount="1" result="Passed" start-time="2024-04-03 14:44:00Z" end-time="2024-04-03 14:44:00Z" duration="0.003251" total="1" passed="1" failed="0" inconclusive="0" skipped="0" asserts="1">
        <test-case id="0-1101" name="TestEofExceptionBytes" fullname="Kaitai.SpecEofExceptionBytes.TestEofExceptionBytes" methodname="TestEofExceptionBytes" classname="Kaitai.SpecEofExceptionBytes" runstate="Runnable" seed="1939554923" result="Passed" start-time="2024-04-03 14:44:00Z" end-time="2024-04-03 14:44:00Z" duration="0.000910" asserts="1" />
      </test-suite>
      <test-suite type="TestFixture" id="0-1102" name="SpecEofExceptionSized" fullname="Kaitai.SpecEofExceptionSized" classname="Kaitai.SpecEofExceptionSized" runstate="Runnable" testcasecount="1" result="Passed" start-time="2024-04-03 14:44:00Z" end-time="2024-04-03 14:44:00Z" duration="0.002721" total="1" passed="1" failed="0" inconclusive="0" skipped="0" asserts="1">
        <test-case id="0-1103" name="TestEofExceptionSized" fullname="Kaitai.SpecEofExceptionSized.TestEofExceptionSized" methodname="TestEofExceptionSized" classname="Kaitai.SpecEofExceptionSized" runstate="Runnable" seed="614254518" result="Passed" start-time="2024-04-03 14:44:00Z" end-time="2024-04-03 14:44:00Z" duration="0.000378" asserts="1" />
      </test-suite>
      <test-suite type="TestFixture" id="0-1104" name="SpecEofExceptionU4" fullname="Kaitai.SpecEofExceptionU4" classname="Kaitai.SpecEofExceptionU4" runstate="Runnable" testcasecount="1" result="Passed" start-time="2024-04-03 14:44:00Z" end-time="2024-04-03 14:44:00Z" duration="0.002701" total="1" passed="1" failed="0" inconclusive="0" skipped="0" asserts="1">
        <test-case id="0-1105" name="TestEofExceptionU4" fullname="Kaitai.SpecEofExceptionU4.TestEofExceptionU4" methodname="TestEofExceptionU4" classname="Kaitai.SpecEofExceptionU4" runstate="Runnable" seed="935395275" result="Passed" start-time="2024-04-03 14:44:00Z" end-time="2024-04-03 14:44:00Z" duration="0.000361" asserts="1" />
      </test-suite>
      <test-suite type="TestFixture" id="0-1106" name="SpecEosExceptionBytes" fullname="Kaitai.SpecEosExceptionBytes" classname="Kaitai.SpecEosExceptionBytes" runstate="Runnable" testcasecount="1" result="Passed" start-time="2024-04-03 14:44:00Z" end-time="2024-04-03 14:44:00Z" duration="0.002752" total="1" passed="1" failed="0" inconclusive="0" skipped="0" asserts="1">
        <test-case id="0-1107" name="TestEosExceptionBytes" fullname="Kaitai.SpecEosExceptionBytes.TestEosExceptionBytes" methodname="TestEosExceptionBytes" classname="Kaitai.SpecEosExceptionBytes" runstate="Runnable" seed="255949152" result="Passed" start-time="2024-04-03 14:44:00Z" end-time="2024-04-03 14:44:00Z" duration="0.000414" asserts="1" />
      </test-suite>
      <test-suite type="TestFixture" id="0-1108" name="SpecEosExceptionSized" fullname="Kaitai.SpecEosExceptionSized" classname="Kaitai.SpecEosExceptionSized" runstate="Runnable" testcasecount="1" result="Passed" start-time="2024-04-03 14:44:00Z" end-time="2024-04-03 14:44:00Z" duration="0.002775" total="1" passed="1" failed="0" inconclusive="0" skipped="0" asserts="1">
        <test-case id="0-1109" name="TestEosExceptionSized" fullname="Kaitai.SpecEosExceptionSized.TestEosExceptionSized" methodname="TestEosExceptionSized" classname="Kaitai.SpecEosExceptionSized" runstate="Runnable" seed="48520525" result="Passed" start-time="2024-04-03 14:44:00Z" end-time="2024-04-03 14:44:00Z" duration="0.000431" asserts="1" />
      </test-suite>
      <test-suite type="TestFixture" id="0-1110" name="SpecEosExceptionU4" fullname="Kaitai.SpecEosExceptionU4" classname="Kaitai.SpecEosExceptionU4" runstate="Runnable" testcasecount="1" result="Passed" start-time="2024-04-03 14:44:00Z" end-time="2024-04-03 14:44:00Z" duration="0.002757" total="1" passed="1" failed="0" inconclusive="0" skipped="0" asserts="1">
        <test-case id="0-1111" name="TestEosExceptionU4" fullname="Kaitai.SpecEosExceptionU4.TestEosExceptionU4" methodname="TestEosExceptionU4" classname="Kaitai.SpecEosExceptionU4" runstate="Runnable" seed="1283636956" result="Passed" start-time="2024-04-03 14:44:00Z" end-time="2024-04-03 14:44:00Z" duration="0.000422" asserts="1" />
      </test-suite>
      <test-suite type="TestFixture" id="0-1112" name="SpecExpr0" fullname="Kaitai.SpecExpr0" classname="Kaitai.SpecExpr0" runstate="Runnable" testcasecount="1" result="Passed" start-time="2024-04-03 14:44:00Z" end-time="2024-04-03 14:44:00Z" duration="0.002708" total="1" passed="1" failed="0" inconclusive="0" skipped="0" asserts="2">
        <test-case id="0-1113" name="TestExpr0" fullname="Kaitai.SpecExpr0.TestExpr0" methodname="TestExpr0" classname="Kaitai.SpecExpr0" runstate="Runnable" seed="1354749207" result="Passed" start-time="2024-04-03 14:44:00Z" end-time="2024-04-03 14:44:00Z" duration="0.000377" asserts="2" />
      </test-suite>
      <test-suite type="TestFixture" id="0-1114" name="SpecExpr1" fullname="Kaitai.SpecExpr1" classname="Kaitai.SpecExpr1" runstate="Runnable" testcasecount="1" result="Passed" start-time="2024-04-03 14:44:00Z" end-time="2024-04-03 14:44:00Z" duration="0.002767" total="1" passed="1" failed="0" inconclusive="0" skipped="0" asserts="4">
        <test-case id="0-1115" name="TestExpr1" fullname="Kaitai.SpecExpr1.TestExpr1" methodname="TestExpr1" classname="Kaitai.SpecExpr1" runstate="Runnable" seed="1866359739" result="Passed" start-time="2024-04-03 14:44:00Z" end-time="2024-04-03 14:44:00Z" duration="0.000434" asserts="4" />
      </test-suite>
      <test-suite type="TestFixture" id="0-1116" name="SpecExpr2" fullname="Kaitai.SpecExpr2" classname="Kaitai.SpecExpr2" runstate="Runnable" testcasecount="1" result="Passed" start-time="2024-04-03 14:44:00Z" end-time="2024-04-03 14:44:00Z" duration="0.003591" total="1" passed="1" failed="0" inconclusive="0" skipped="0" asserts="17">
        <test-case id="0-1117" name="TestExpr2" fullname="Kaitai.SpecExpr2.TestExpr2" methodname="TestExpr2" classname="Kaitai.SpecExpr2" runstate="Runnable" seed="2092747784" result="Passed" start-time="2024-04-03 14:44:00Z" end-time="2024-04-03 14:44:00Z" duration="0.001260" asserts="17" />
      </test-suite>
      <test-suite type="TestFixture" id="0-1118" name="SpecExpr3" fullname="Kaitai.SpecExpr3" classname="Kaitai.SpecExpr3" runstate="Runnable" testcasecount="1" result="Passed" start-time="2024-04-03 14:44:00Z" end-time="2024-04-03 14:44:00Z" duration="0.003348" total="1" passed="1" failed="0" inconclusive="0" skipped="0" asserts="12">
        <test-case id="0-1119" name="TestExpr3" fullname="Kaitai.SpecExpr3.TestExpr3" methodname="TestExpr3" classname="Kaitai.SpecExpr3" runstate="Runnable" seed="641597209" result="Passed" start-time="2024-04-03 14:44:00Z" end-time="2024-04-03 14:44:00Z" duration="0.001014" asserts="12" />
      </test-suite>
      <test-suite type="TestFixture" id="0-1120" name="SpecExprArray" fullname="Kaitai.SpecExprArray" classname="Kaitai.SpecExprArray" runstate="Runnable" testcasecount="1" result="Passed" start-time="2024-04-03 14:44:00Z" end-time="2024-04-03 14:44:00Z" duration="0.007541" total="1" passed="1" failed="0" inconclusive="0" skipped="0" asserts="15">
        <test-case id="0-1121" name="TestExprArray" fullname="Kaitai.SpecExprArray.TestExprArray" methodname="TestExprArray" classname="Kaitai.SpecExprArray" runstate="Runnable" seed="1500558221" result="Passed" start-time="2024-04-03 14:44:00Z" end-time="2024-04-03 14:44:00Z" duration="0.005181" asserts="15" />
      </test-suite>
      <test-suite type="TestFixture" id="0-1122" name="SpecExprBytesCmp" fullname="Kaitai.SpecExprBytesCmp" classname="Kaitai.SpecExprBytesCmp" runstate="Runnable" testcasecount="1" result="Passed" start-time="2024-04-03 14:44:00Z" end-time="2024-04-03 14:44:00Z" duration="0.003343" total="1" passed="1" failed="0" inconclusive="0" skipped="0" asserts="10">
        <test-case id="0-1123" name="TestExprBytesCmp" fullname="Kaitai.SpecExprBytesCmp.TestExprBytesCmp" methodname="TestExprBytesCmp" classname="Kaitai.SpecExprBytesCmp" runstate="Runnable" seed="1807267231" result="Passed" start-time="2024-04-03 14:44:00Z" end-time="2024-04-03 14:44:00Z" duration="0.001007" asserts="10" />
      </test-suite>
      <test-suite type="TestFixture" id="0-1124" name="SpecExprBytesNonLiteral" fullname="Kaitai.SpecExprBytesNonLiteral" classname="Kaitai.SpecExprBytesNonLiteral" runstate="Runnable" testcasecount="1" result="Passed" start-time="2024-04-03 14:44:00Z" end-time="2024-04-03 14:44:00Z" duration="0.002725" total="1" passed="1" failed="0" inconclusive="0" skipped="0" asserts="3">
        <test-case id="0-1125" name="TestExprBytesNonLiteral" fullname="Kaitai.SpecExprBytesNonLiteral.TestExprBytesNonLiteral" methodname="TestExprBytesNonLiteral" classname="Kaitai.SpecExprBytesNonLiteral" runstate="Runnable" seed="727785137" result="Passed" start-time="2024-04-03 14:44:00Z" end-time="2024-04-03 14:44:00Z" duration="0.000390" asserts="3" />
      </test-suite>
      <test-suite type="TestFixture" id="0-1126" name="SpecExprBytesOps" fullname="Kaitai.SpecExprBytesOps" classname="Kaitai.SpecExprBytesOps" runstate="Runnable" testcasecount="1" result="Passed" start-time="2024-04-03 14:44:00Z" end-time="2024-04-03 14:44:00Z" duration="0.004776" total="1" passed="1" failed="0" inconclusive="0" skipped="0" asserts="16">
        <test-case id="0-1127" name="TestExprBytesOps" fullname="Kaitai.SpecExprBytesOps.TestExprBytesOps" methodname="TestExprBytesOps" classname="Kaitai.SpecExprBytesOps" runstate="Runnable" seed="2028806076" result="Passed" start-time="2024-04-03 14:44:00Z" end-time="2024-04-03 14:44:00Z" duration="0.002424" asserts="16" />
      </test-suite>
      <test-suite type="TestFixture" id="0-1128" name="SpecExprCalcArrayOps" fullname="Kaitai.SpecExprCalcArrayOps" classname="Kaitai.SpecExprCalcArrayOps" runstate="Runnable" testcasecount="1" result="Passed" start-time="2024-04-03 14:44:00Z" end-time="2024-04-03 14:44:00Z" duration="0.004881" total="1" passed="1" failed="0" inconclusive="0" skipped="0" asserts="18">
        <test-case id="0-1129" name="TestExprCalcArrayOps" fullname="Kaitai.SpecExprCalcArrayOps.TestExprCalcArrayOps" methodname="TestExprCalcArrayOps" classname="Kaitai.SpecExprCalcArrayOps" runstate="Runnable" seed="1059855836" result="Passed" start-time="2024-04-03 14:44:00Z" end-time="2024-04-03 14:44:00Z" duration="0.002542" asserts="18" />
      </test-suite>
      <test-suite type="TestFixture" id="0-1130" name="SpecExprEnum" fullname="Kaitai.SpecExprEnum" classname="Kaitai.SpecExprEnum" runstate="Runnable" testcasecount="1" result="Passed" start-time="2024-04-03 14:44:00Z" end-time="2024-04-03 14:44:00Z" duration="0.002791" total="1" passed="1" failed="0" inconclusive="0" skipped="0" asserts="3">
        <test-case id="0-1131" name="TestExprEnum" fullname="Kaitai.SpecExprEnum.TestExprEnum" methodname="TestExprEnum" classname="Kaitai.SpecExprEnum" runstate="Runnable" seed="1680485395" result="Passed" start-time="2024-04-03 14:44:00Z" end-time="2024-04-03 14:44:00Z" duration="0.000457" asserts="3" />
      </test-suite>
      <test-suite type="TestFixture" id="0-1132" name="SpecExprFstring0" fullname="Kaitai.SpecExprFstring0" classname="Kaitai.SpecExprFstring0" runstate="Runnable" testcasecount="1" result="Passed" start-time="2024-04-03 14:44:00Z" end-time="2024-04-03 14:44:00Z" duration="0.003140" total="1" passed="1" failed="0" inconclusive="0" skipped="0" asserts="9">
        <test-case id="0-1133" name="TestExprFstring0" fullname="Kaitai.SpecExprFstring0.TestExprFstring0" methodname="TestExprFstring0" classname="Kaitai.SpecExprFstring0" runstate="Runnable" seed="1611179772" result="Passed" start-time="2024-04-03 14:44:00Z" end-time="2024-04-03 14:44:00Z" duration="0.000804" asserts="9" />
      </test-suite>
      <test-suite type="TestFixture" id="0-1134" name="SpecExprIfIntOps" fullname="Kaitai.SpecExprIfIntOps" classname="Kaitai.SpecExprIfIntOps" runstate="Runnable" testcasecount="1" result="Passed" start-time="2024-04-03 14:44:00Z" end-time="2024-04-03 14:44:00Z" duration="0.003015" total="1" passed="1" failed="0" inconclusive="0" skipped="0" asserts="2">
        <test-case id="0-1135" name="TestExprIfIntOps" fullname="Kaitai.SpecExprIfIntOps.TestExprIfIntOps" methodname="TestExprIfIntOps" classname="Kaitai.SpecExprIfIntOps" runstate="Runnable" seed="1882847680" result="Passed" start-time="2024-04-03 14:44:00Z" end-time="2024-04-03 14:44:00Z" duration="0.000679" asserts="2" />
      </test-suite>
      <test-suite type="TestFixture" id="0-1136" name="SpecExprIntDiv" fullname="Kaitai.SpecExprIntDiv" classname="Kaitai.SpecExprIntDiv" runstate="Runnable" testcasecount="1" result="Failed" site="Child" start-time="2024-04-03 14:44:00Z" end-time="2024-04-03 14:44:00Z" duration="0.010058" total="1" passed="0" failed="1" inconclusive="0" skipped="0" asserts="4">
        <failure>
          <message><![CDATA[One or more child tests had errors]]></message>
        </failure>
        <test-case id="0-1137" name="TestExprIntDiv" fullname="Kaitai.SpecExprIntDiv.TestExprIntDiv" methodname="TestExprIntDiv" classname="Kaitai.SpecExprIntDiv" runstate="Runnable" seed="535606391" result="Failed" start-time="2024-04-03 14:44:00Z" end-time="2024-04-03 14:44:00Z" duration="0.007694" asserts="4">
          <failure>
            <message><![CDATA[  Expected: -756
  But was:  -757
]]></message>
            <stack-trace><![CDATA[at Kaitai.SpecExprIntDiv.TestExprIntDiv () [0x00069] in <c0851169f43848328f11eb7c8700e7f4>:0
]]></stack-trace>
          </failure>
        </test-case>
      </test-suite>
      <test-suite type="TestFixture" id="0-1138" name="SpecExprIoEof" fullname="Kaitai.SpecExprIoEof" classname="Kaitai.SpecExprIoEof" runstate="Runnable" testcasecount="1" result="Passed" start-time="2024-04-03 14:44:00Z" end-time="2024-04-03 14:44:00Z" duration="0.003113" total="1" passed="1" failed="0" inconclusive="0" skipped="0" asserts="4">
        <test-case id="0-1139" name="TestExprIoEof" fullname="Kaitai.SpecExprIoEof.TestExprIoEof" methodname="TestExprIoEof" classname="Kaitai.SpecExprIoEof" runstate="Runnable" seed="1542529740" result="Passed" start-time="2024-04-03 14:44:00Z" end-time="2024-04-03 14:44:00Z" duration="0.000775" asserts="4" />
      </test-suite>
      <test-suite type="TestFixture" id="0-1140" name="SpecExprIoPos" fullname="Kaitai.SpecExprIoPos" classname="Kaitai.SpecExprIoPos" runstate="Runnable" testcasecount="1" result="Passed" start-time="2024-04-03 14:44:00Z" end-time="2024-04-03 14:44:00Z" duration="0.002951" total="1" passed="1" failed="0" inconclusive="0" skipped="0" asserts="6">
        <test-case id="0-1141" name="TestExprIoPos" fullname="Kaitai.SpecExprIoPos.TestExprIoPos" methodname="TestExprIoPos" classname="Kaitai.SpecExprIoPos" runstate="Runnable" seed="25973600" result="Passed" start-time="2024-04-03 14:44:00Z" end-time="2024-04-03 14:44:00Z" duration="0.000610" asserts="6" />
      </test-suite>
      <test-suite type="TestFixture" id="0-1142" name="SpecExprMod" fullname="Kaitai.SpecExprMod" classname="Kaitai.SpecExprMod" runstate="Runnable" testcasecount="1" result="Passed" start-time="2024-04-03 14:44:00Z" end-time="2024-04-03 14:44:00Z" duration="0.002972" total="1" passed="1" failed="0" inconclusive="0" skipped="0" asserts="6">
        <test-case id="0-1143" name="TestExprMod" fullname="Kaitai.SpecExprMod.TestExprMod" methodname="TestExprMod" classname="Kaitai.SpecExprMod" runstate="Runnable" seed="1095447711" result="Passed" start-time="2024-04-03 14:44:00Z" end-time="2024-04-03 14:44:00Z" duration="0.000616" asserts="6" />
      </test-suite>
      <test-suite type="TestFixture" id="0-1144" name="SpecExprOpsParens" fullname="Kaitai.SpecExprOpsParens" classname="Kaitai.SpecExprOpsParens" runstate="Runnable" testcasecount="1" result="Passed" start-time="2024-04-03 14:44:00Z" end-time="2024-04-03 14:44:00Z" duration="0.004748" total="1" passed="1" failed="0" inconclusive="0" skipped="0" asserts="9">
        <test-case id="0-1145" name="TestExprOpsParens" fullname="Kaitai.SpecExprOpsParens.TestExprOpsParens" methodname="TestExprOpsParens" classname="Kaitai.SpecExprOpsParens" runstate="Runnable" seed="1217474763" result="Passed" start-time="2024-04-03 14:44:00Z" end-time="2024-04-03 14:44:00Z" duration="0.002410" asserts="9" />
      </test-suite>
      <test-suite type="TestFixture" id="0-1146" name="SpecExprSizeofType0" fullname="Kaitai.SpecExprSizeofType0" classname="Kaitai.SpecExprSizeofType0" runstate="Runnable" testcasecount="1" result="Passed" start-time="2024-04-03 14:44:00Z" end-time="2024-04-03 14:44:00Z" duration="0.002620" total="1" passed="1" failed="0" inconclusive="0" skipped="0" asserts="1">
        <test-case id="0-1147" name="TestExprSizeofType0" fullname="Kaitai.SpecExprSizeofType0.TestExprSizeofType0" methodname="TestExprSizeofType0" classname="Kaitai.SpecExprSizeofType0" runstate="Runnable" seed="37451041" result="Passed" start-time="2024-04-03 14:44:00Z" end-time="2024-04-03 14:44:00Z" duration="0.000265" asserts="1" />
      </test-suite>
      <test-suite type="TestFixture" id="0-1148" name="SpecExprSizeofType1" fullname="Kaitai.SpecExprSizeofType1" classname="Kaitai.SpecExprSizeofType1" runstate="Runnable" testcasecount="1" result="Passed" start-time="2024-04-03 14:44:00Z" end-time="2024-04-03 14:44:00Z" duration="0.002620" total="1" passed="1" failed="0" inconclusive="0" skipped="0" asserts="2">
        <test-case id="0-1149" name="TestExprSizeofType1" fullname="Kaitai.SpecExprSizeofType1.TestExprSizeofType1" methodname="TestExprSizeofType1" classname="Kaitai.SpecExprSizeofType1" runstate="Runnable" seed="18318872" result="Passed" start-time="2024-04-03 14:44:00Z" end-time="2024-04-03 14:44:00Z" duration="0.000289" asserts="2" />
      </test-suite>
      <test-suite type="TestFixture" id="0-1150" name="SpecExprSizeofValue0" fullname="Kaitai.SpecExprSizeofValue0" classname="Kaitai.SpecExprSizeofValue0" runstate="Runnable" testcasecount="1" result="Passed" start-time="2024-04-03 14:44:00Z" end-time="2024-04-03 14:44:00Z" duration="0.002857" total="1" passed="1" failed="0" inconclusive="0" skipped="0" asserts="5">
        <test-case id="0-1151" name="TestExprSizeofValue0" fullname="Kaitai.SpecExprSizeofValue0.TestExprSizeofValue0" methodname="TestExprSizeofValue0" classname="Kaitai.SpecExprSizeofValue0" runstate="Runnable" seed="753058354" result="Passed" start-time="2024-04-03 14:44:00Z" end-time="2024-04-03 14:44:00Z" duration="0.000535" asserts="5" />
      </test-suite>
      <test-suite type="TestFixture" id="0-1152" name="SpecExprSizeofValueSized" fullname="Kaitai.SpecExprSizeofValueSized" classname="Kaitai.SpecExprSizeofValueSized" runstate="Runnable" testcasecount="1" result="Passed" start-time="2024-04-03 14:44:00Z" end-time="2024-04-03 14:44:00Z" duration="0.002869" total="1" passed="1" failed="0" inconclusive="0" skipped="0" asserts="5">
        <test-case id="0-1153" name="TestExprSizeofValueSized" fullname="Kaitai.SpecExprSizeofValueSized.TestExprSizeofValueSized" methodname="TestExprSizeofValueSized" classname="Kaitai.SpecExprSizeofValueSized" runstate="Runnable" seed="561433235" result="Passed" start-time="2024-04-03 14:44:00Z" end-time="2024-04-03 14:44:00Z" duration="0.000541" asserts="5" />
      </test-suite>
      <test-suite type="TestFixture" id="0-1154" name="SpecExprStrEncodings" fullname="Kaitai.SpecExprStrEncodings" classname="Kaitai.SpecExprStrEncodings" runstate="Runnable" testcasecount="1" result="Passed" start-time="2024-04-03 14:44:00Z" end-time="2024-04-03 14:44:00Z" duration="0.123011" total="1" passed="1" failed="0" inconclusive="0" skipped="0" asserts="7">
        <test-case id="0-1155" name="TestExprStrEncodings" fullname="Kaitai.SpecExprStrEncodings.TestExprStrEncodings" methodname="TestExprStrEncodings" classname="Kaitai.SpecExprStrEncodings" runstate="Runnable" seed="86508667" result="Passed" start-time="2024-04-03 14:44:00Z" end-time="2024-04-03 14:44:00Z" duration="0.120695" asserts="7" />
      </test-suite>
      <test-suite type="TestFixture" id="0-1156" name="SpecExprStrOps" fullname="Kaitai.SpecExprStrOps" classname="Kaitai.SpecExprStrOps" runstate="Runnable" testcasecount="1" result="Passed" start-time="2024-04-03 14:44:00Z" end-time="2024-04-03 14:44:00Z" duration="0.003312" total="1" passed="1" failed="0" inconclusive="0" skipped="0" asserts="17">
        <test-case id="0-1157" name="TestExprStrOps" fullname="Kaitai.SpecExprStrOps.TestExprStrOps" methodname="TestExprStrOps" classname="Kaitai.SpecExprStrOps" runstate="Runnable" seed="159284172" result="Passed" start-time="2024-04-03 14:44:00Z" end-time="2024-04-03 14:44:00Z" duration="0.001009" asserts="17" />
      </test-suite>
      <test-suite type="TestFixture" id="0-1158" name="SpecExprToITrailing" fullname="Kaitai.SpecExprToITrailing" classname="Kaitai.SpecExprToITrailing" runstate="Runnable" testcasecount="1" result="Passed" start-time="2024-04-03 14:44:00Z" end-time="2024-04-03 14:44:00Z" duration="0.003065" total="1" passed="1" failed="0" inconclusive="0" skipped="0" asserts="3">
        <test-case id="0-1159" name="TestExprToITrailing" fullname="Kaitai.SpecExprToITrailing.TestExprToITrailing" methodname="TestExprToITrailing" classname="Kaitai.SpecExprToITrailing" runstate="Runnable" seed="954068105" result="Passed" start-time="2024-04-03 14:44:00Z" end-time="2024-04-03 14:44:00Z" duration="0.000725" asserts="3" />
      </test-suite>
      <test-suite type="TestFixture" id="0-1160" name="SpecFixedContents" fullname="Kaitai.SpecFixedContents" classname="Kaitai.SpecFixedContents" runstate="Runnable" testcasecount="1" result="Passed" start-time="2024-04-03 14:44:00Z" end-time="2024-04-03 14:44:00Z" duration="0.002788" total="1" passed="1" failed="0" inconclusive="0" skipped="0" asserts="0">
        <test-case id="0-1161" name="TestFixedContents" fullname="Kaitai.SpecFixedContents.TestFixedContents" methodname="TestFixedContents" classname="Kaitai.SpecFixedContents" runstate="Runnable" seed="494906969" result="Passed" start-time="2024-04-03 14:44:00Z" end-time="2024-04-03 14:44:00Z" duration="0.000447" asserts="0" />
      </test-suite>
      <test-suite type="TestFixture" id="0-1162" name="SpecFixedStruct" fullname="Kaitai.SpecFixedStruct" classname="Kaitai.SpecFixedStruct" runstate="Runnable" testcasecount="1" result="Passed" start-time="2024-04-03 14:44:00Z" end-time="2024-04-03 14:44:00Z" duration="0.003918" total="1" passed="1" failed="0" inconclusive="0" skipped="0" asserts="20">
        <test-case id="0-1163" name="TestFixedStruct" fullname="Kaitai.SpecFixedStruct.TestFixedStruct" methodname="TestFixedStruct" classname="Kaitai.SpecFixedStruct" runstate="Runnable" seed="1616752467" result="Passed" start-time="2024-04-03 14:44:00Z" end-time="2024-04-03 14:44:00Z" duration="0.001578" asserts="20" />
      </test-suite>
      <test-suite type="TestFixture" id="0-1166" name="SpecFloatingPoints" fullname="Kaitai.SpecFloatingPoints" classname="Kaitai.SpecFloatingPoints" runstate="Runnable" testcasecount="1" result="Passed" start-time="2024-04-03 14:44:00Z" end-time="2024-04-03 14:44:00Z" duration="0.003051" total="1" passed="1" failed="0" inconclusive="0" skipped="0" asserts="8">
        <test-case id="0-1167" name="TestFloatingPoints" fullname="Kaitai.SpecFloatingPoints.TestFloatingPoints" methodname="TestFloatingPoints" classname="Kaitai.SpecFloatingPoints" runstate="Runnable" seed="309811819" result="Passed" start-time="2024-04-03 14:44:00Z" end-time="2024-04-03 14:44:00Z" duration="0.000711" asserts="8" />
      </test-suite>
      <test-suite type="TestFixture" id="0-1164" name="SpecFloatToI" fullname="Kaitai.SpecFloatToI" classname="Kaitai.SpecFloatToI" runstate="Runnable" testcasecount="1" result="Passed" start-time="2024-04-03 14:44:00Z" end-time="2024-04-03 14:44:00Z" duration="0.003017" total="1" passed="1" failed="0" inconclusive="0" skipped="0" asserts="8">
        <test-case id="0-1165" name="TestFloatToI" fullname="Kaitai.SpecFloatToI.TestFloatToI" methodname="TestFloatToI" classname="Kaitai.SpecFloatToI" runstate="Runnable" seed="1649478437" result="Passed" start-time="2024-04-03 14:44:00Z" end-time="2024-04-03 14:44:00Z" duration="0.000679" asserts="8" />
      </test-suite>
      <test-suite type="TestFixture" id="0-1168" name="SpecHelloWorld" fullname="Kaitai.SpecHelloWorld" classname="Kaitai.SpecHelloWorld" runstate="Runnable" testcasecount="1" result="Passed" start-time="2024-04-03 14:44:00Z" end-time="2024-04-03 14:44:00Z" duration="0.002626" total="1" passed="1" failed="0" inconclusive="0" skipped="0" asserts="1">
        <test-case id="0-1169" name="TestHelloWorld" fullname="Kaitai.SpecHelloWorld.TestHelloWorld" methodname="TestHelloWorld" classname="Kaitai.SpecHelloWorld" runstate="Runnable" seed="366886517" result="Passed" start-time="2024-04-03 14:44:00Z" end-time="2024-04-03 14:44:00Z" duration="0.000291" asserts="1" />
      </test-suite>
      <test-suite type="TestFixture" id="0-1170" name="SpecIfInstances" fullname="Kaitai.SpecIfInstances" classname="Kaitai.SpecIfInstances" runstate="Runnable" testcasecount="1" result="Passed" start-time="2024-04-03 14:44:00Z" end-time="2024-04-03 14:44:00Z" duration="0.002637" total="1" passed="1" failed="0" inconclusive="0" skipped="0" asserts="1">
        <test-case id="0-1171" name="TestIfInstances" fullname="Kaitai.SpecIfInstances.TestIfInstances" methodname="TestIfInstances" classname="Kaitai.SpecIfInstances" runstate="Runnable" seed="1581731680" result="Passed" start-time="2024-04-03 14:44:00Z" end-time="2024-04-03 14:44:00Z" duration="0.000323" asserts="1" />
      </test-suite>
      <test-suite type="TestFixture" id="0-1172" name="SpecIfStruct" fullname="Kaitai.SpecIfStruct" classname="Kaitai.SpecIfStruct" runstate="Runnable" testcasecount="1" result="Passed" start-time="2024-04-03 14:44:00Z" end-time="2024-04-03 14:44:00Z" duration="0.003087" total="1" passed="1" failed="0" inconclusive="0" skipped="0" asserts="7">
        <test-case id="0-1173" name="TestIfStruct" fullname="Kaitai.SpecIfStruct.TestIfStruct" methodname="TestIfStruct" classname="Kaitai.SpecIfStruct" runstate="Runnable" seed="1962416388" result="Passed" start-time="2024-04-03 14:44:00Z" end-time="2024-04-03 14:44:00Z" duration="0.000752" asserts="7" />
      </test-suite>
      <test-suite type="TestFixture" id="0-1174" name="SpecIfValues" fullname="Kaitai.SpecIfValues" classname="Kaitai.SpecIfValues" runstate="Runnable" testcasecount="1" result="Passed" start-time="2024-04-03 14:44:00Z" end-time="2024-04-03 14:44:00Z" duration="0.003243" total="1" passed="1" failed="0" inconclusive="0" skipped="0" asserts="6">
        <test-case id="0-1175" name="TestIfValues" fullname="Kaitai.SpecIfValues.TestIfValues" methodname="TestIfValues" classname="Kaitai.SpecIfValues" runstate="Runnable" seed="1953481688" result="Passed" start-time="2024-04-03 14:44:00Z" end-time="2024-04-03 14:44:00Z" duration="0.000906" asserts="6" />
      </test-suite>
      <test-suite type="TestFixture" id="0-1176" name="SpecImports0" fullname="Kaitai.SpecImports0" classname="Kaitai.SpecImports0" runstate="Runnable" testcasecount="1" result="Passed" start-time="2024-04-03 14:44:00Z" end-time="2024-04-03 14:44:00Z" duration="0.002730" total="1" passed="1" failed="0" inconclusive="0" skipped="0" asserts="3">
        <test-case id="0-1177" name="TestImports0" fullname="Kaitai.SpecImports0.TestImports0" methodname="TestImports0" classname="Kaitai.SpecImports0" runstate="Runnable" seed="592969147" result="Passed" start-time="2024-04-03 14:44:00Z" end-time="2024-04-03 14:44:00Z" duration="0.000391" asserts="3" />
      </test-suite>
      <test-suite type="TestFixture" id="0-1178" name="SpecImportsAbs" fullname="Kaitai.SpecImportsAbs" classname="Kaitai.SpecImportsAbs" runstate="Runnable" testcasecount="1" result="Passed" start-time="2024-04-03 14:44:00Z" end-time="2024-04-03 14:44:00Z" duration="0.003497" total="1" passed="1" failed="0" inconclusive="0" skipped="0" asserts="2">
        <test-case id="0-1179" name="TestImportsAbs" fullname="Kaitai.SpecImportsAbs.TestImportsAbs" methodname="TestImportsAbs" classname="Kaitai.SpecImportsAbs" runstate="Runnable" seed="826702908" result="Passed" start-time="2024-04-03 14:44:00Z" end-time="2024-04-03 14:44:00Z" duration="0.001159" asserts="2" />
      </test-suite>
      <test-suite type="TestFixture" id="0-1180" name="SpecImportsAbsAbs" fullname="Kaitai.SpecImportsAbsAbs" classname="Kaitai.SpecImportsAbsAbs" runstate="Runnable" testcasecount="1" result="Passed" start-time="2024-04-03 14:44:00Z" end-time="2024-04-03 14:44:00Z" duration="0.002834" total="1" passed="1" failed="0" inconclusive="0" skipped="0" asserts="3">
        <test-case id="0-1181" name="TestImportsAbsAbs" fullname="Kaitai.SpecImportsAbsAbs.TestImportsAbsAbs" methodname="TestImportsAbsAbs" classname="Kaitai.SpecImportsAbsAbs" runstate="Runnable" seed="1494026151" result="Passed" start-time="2024-04-03 14:44:00Z" end-time="2024-04-03 14:44:00Z" duration="0.000496" asserts="3" />
      </test-suite>
      <test-suite type="TestFixture" id="0-1182" name="SpecImportsAbsRel" fullname="Kaitai.SpecImportsAbsRel" classname="Kaitai.SpecImportsAbsRel" runstate="Runnable" testcasecount="1" result="Passed" start-time="2024-04-03 14:44:00Z" end-time="2024-04-03 14:44:00Z" duration="0.002751" total="1" passed="1" failed="0" inconclusive="0" skipped="0" asserts="3">
        <test-case id="0-1183" name="TestImportsAbsRel" fullname="Kaitai.SpecImportsAbsRel.TestImportsAbsRel" methodname="TestImportsAbsRel" classname="Kaitai.SpecImportsAbsRel" runstate="Runnable" seed="1551674958" result="Passed" start-time="2024-04-03 14:44:00Z" end-time="2024-04-03 14:44:00Z" duration="0.000412" asserts="3" />
      </test-suite>
      <test-suite type="TestFixture" id="0-1184" name="SpecImportsCastToImported" fullname="Kaitai.SpecImportsCastToImported" classname="Kaitai.SpecImportsCastToImported" runstate="Runnable" testcasecount="1" result="Passed" start-time="2024-04-03 14:44:00Z" end-time="2024-04-03 14:44:00Z" duration="0.002760" total="1" passed="1" failed="0" inconclusive="0" skipped="0" asserts="2">
        <test-case id="0-1185" name="TestImportsCastToImported" fullname="Kaitai.SpecImportsCastToImported.TestImportsCastToImported" methodname="TestImportsCastToImported" classname="Kaitai.SpecImportsCastToImported" runstate="Runnable" seed="2018601385" result="Passed" start-time="2024-04-03 14:44:00Z" end-time="2024-04-03 14:44:00Z" duration="0.000426" asserts="2" />
      </test-suite>
      <test-suite type="TestFixture" id="0-1186" name="SpecImportsCastToImported2" fullname="Kaitai.SpecImportsCastToImported2" classname="Kaitai.SpecImportsCastToImported2" runstate="Runnable" testcasecount="1" result="Passed" start-time="2024-04-03 14:44:00Z" end-time="2024-04-03 14:44:00Z" duration="0.002792" total="1" passed="1" failed="0" inconclusive="0" skipped="0" asserts="2">
        <test-case id="0-1187" name="TestImportsCastToImported2" fullname="Kaitai.SpecImportsCastToImported2.TestImportsCastToImported2" methodname="TestImportsCastToImported2" classname="Kaitai.SpecImportsCastToImported2" runstate="Runnable" seed="1411979018" result="Passed" start-time="2024-04-03 14:44:00Z" end-time="2024-04-03 14:44:00Z" duration="0.000457" asserts="2" />
      </test-suite>
      <test-suite type="TestFixture" id="0-1188" name="SpecImportsCircularA" fullname="Kaitai.SpecImportsCircularA" classname="Kaitai.SpecImportsCircularA" runstate="Runnable" testcasecount="1" result="Passed" start-time="2024-04-03 14:44:00Z" end-time="2024-04-03 14:44:00Z" duration="0.002828" total="1" passed="1" failed="0" inconclusive="0" skipped="0" asserts="5">
        <test-case id="0-1189" name="TestImportsCircularA" fullname="Kaitai.SpecImportsCircularA.TestImportsCircularA" methodname="TestImportsCircularA" classname="Kaitai.SpecImportsCircularA" runstate="Runnable" seed="1744720279" result="Passed" start-time="2024-04-03 14:44:00Z" end-time="2024-04-03 14:44:00Z" duration="0.000491" asserts="5" />
      </test-suite>
      <test-suite type="TestFixture" id="0-1190" name="SpecImportsParamsDefEnumImported" fullname="Kaitai.SpecImportsParamsDefEnumImported" classname="Kaitai.SpecImportsParamsDefEnumImported" runstate="Runnable" testcasecount="1" result="Passed" start-time="2024-04-03 14:44:00Z" end-time="2024-04-03 14:44:00Z" duration="0.002803" total="1" passed="1" failed="0" inconclusive="0" skipped="0" asserts="4">
        <test-case id="0-1191" name="TestImportsParamsDefEnumImported" fullname="Kaitai.SpecImportsParamsDefEnumImported.TestImportsParamsDefEnumImported" methodname="TestImportsParamsDefEnumImported" classname="Kaitai.SpecImportsParamsDefEnumImported" runstate="Runnable" seed="1117732716" result="Passed" start-time="2024-04-03 14:44:00Z" end-time="2024-04-03 14:44:00Z" duration="0.000464" asserts="4" />
      </test-suite>
      <test-suite type="TestFixture" id="0-1192" name="SpecImportsParamsDefUsertypeImported" fullname="Kaitai.SpecImportsParamsDefUsertypeImported" classname="Kaitai.SpecImportsParamsDefUsertypeImported" runstate="Runnable" testcasecount="1" result="Passed" start-time="2024-04-03 14:44:00Z" end-time="2024-04-03 14:44:00Z" duration="0.002743" total="1" passed="1" failed="0" inconclusive="0" skipped="0" asserts="2">
        <test-case id="0-1193" name="TestImportsParamsDefUsertypeImported" fullname="Kaitai.SpecImportsParamsDefUsertypeImported.TestImportsParamsDefUsertypeImported" methodname="TestImportsParamsDefUsertypeImported" classname="Kaitai.SpecImportsParamsDefUsertypeImported" runstate="Runnable" seed="1896991489" result="Passed" start-time="2024-04-03 14:44:00Z" end-time="2024-04-03 14:44:00Z" duration="0.000410" asserts="2" />
      </test-suite>
      <test-suite type="TestFixture" id="0-1194" name="SpecImportsRel1" fullname="Kaitai.SpecImportsRel1" classname="Kaitai.SpecImportsRel1" runstate="Runnable" testcasecount="1" result="Passed" start-time="2024-04-03 14:44:00Z" end-time="2024-04-03 14:44:00Z" duration="0.002814" total="1" passed="1" failed="0" inconclusive="0" skipped="0" asserts="3">
        <test-case id="0-1195" name="TestImportsRel1" fullname="Kaitai.SpecImportsRel1.TestImportsRel1" methodname="TestImportsRel1" classname="Kaitai.SpecImportsRel1" runstate="Runnable" seed="11579423" result="Passed" start-time="2024-04-03 14:44:00Z" end-time="2024-04-03 14:44:00Z" duration="0.000478" asserts="3" />
      </test-suite>
      <test-suite type="TestFixture" id="0-1196" name="SpecIndexSizes" fullname="Kaitai.SpecIndexSizes" classname="Kaitai.SpecIndexSizes" runstate="Runnable" testcasecount="1" result="Passed" start-time="2024-04-03 14:44:00Z" end-time="2024-04-03 14:44:00Z" duration="0.002946" total="1" passed="1" failed="0" inconclusive="0" skipped="0" asserts="7">
        <test-case id="0-1197" name="TestIndexSizes" fullname="Kaitai.SpecIndexSizes.TestIndexSizes" methodname="TestIndexSizes" classname="Kaitai.SpecIndexSizes" runstate="Runnable" seed="182119236" result="Passed" start-time="2024-04-03 14:44:00Z" end-time="2024-04-03 14:44:00Z" duration="0.000612" asserts="7" />
      </test-suite>
      <test-suite type="TestFixture" id="0-1198" name="SpecIndexToParamEos" fullname="Kaitai.SpecIndexToParamEos" classname="Kaitai.SpecIndexToParamEos" runstate="Runnable" testcasecount="1" result="Passed" start-time="2024-04-03 14:44:00Z" end-time="2024-04-03 14:44:00Z" duration="0.003208" total="1" passed="1" failed="0" inconclusive="0" skipped="0" asserts="7">
        <test-case id="0-1199" name="TestIndexToParamEos" fullname="Kaitai.SpecIndexToParamEos.TestIndexToParamEos" methodname="TestIndexToParamEos" classname="Kaitai.SpecIndexToParamEos" runstate="Runnable" seed="1634202229" result="Passed" start-time="2024-04-03 14:44:00Z" end-time="2024-04-03 14:44:00Z" duration="0.000867" asserts="7" />
      </test-suite>
      <test-suite type="TestFixture" id="0-1200" name="SpecIndexToParamExpr" fullname="Kaitai.SpecIndexToParamExpr" classname="Kaitai.SpecIndexToParamExpr" runstate="Runnable" testcasecount="1" result="Passed" start-time="2024-04-03 14:44:00Z" end-time="2024-04-03 14:44:00Z" duration="0.003180" total="1" passed="1" failed="0" inconclusive="0" skipped="0" asserts="7">
        <test-case id="0-1201" name="TestIndexToParamExpr" fullname="Kaitai.SpecIndexToParamExpr.TestIndexToParamExpr" methodname="TestIndexToParamExpr" classname="Kaitai.SpecIndexToParamExpr" runstate="Runnable" seed="1573030453" result="Passed" start-time="2024-04-03 14:44:00Z" end-time="2024-04-03 14:44:00Z" duration="0.000841" asserts="7" />
      </test-suite>
      <test-suite type="TestFixture" id="0-1202" name="SpecIndexToParamUntil" fullname="Kaitai.SpecIndexToParamUntil" classname="Kaitai.SpecIndexToParamUntil" runstate="Runnable" testcasecount="1" result="Passed" start-time="2024-04-03 14:44:00Z" end-time="2024-04-03 14:44:00Z" duration="0.003175" total="1" passed="1" failed="0" inconclusive="0" skipped="0" asserts="7">
        <test-case id="0-1203" name="TestIndexToParamUntil" fullname="Kaitai.SpecIndexToParamUntil.TestIndexToParamUntil" methodname="TestIndexToParamUntil" classname="Kaitai.SpecIndexToParamUntil" runstate="Runnable" seed="705533698" result="Passed" start-time="2024-04-03 14:44:00Z" end-time="2024-04-03 14:44:00Z" duration="0.000841" asserts="7" />
      </test-suite>
      <test-suite type="TestFixture" id="0-1204" name="SpecInstanceIoUser" fullname="Kaitai.SpecInstanceIoUser" classname="Kaitai.SpecInstanceIoUser" runstate="Runnable" testcasecount="1" result="Passed" start-time="2024-04-03 14:44:00Z" end-time="2024-04-03 14:44:00Z" duration="0.003412" total="1" passed="1" failed="0" inconclusive="0" skipped="0" asserts="4">
        <test-case id="0-1205" name="TestInstanceIoUser" fullname="Kaitai.SpecInstanceIoUser.TestInstanceIoUser" methodname="TestInstanceIoUser" classname="Kaitai.SpecInstanceIoUser" runstate="Runnable" seed="989882238" result="Passed" start-time="2024-04-03 14:44:00Z" end-time="2024-04-03 14:44:00Z" duration="0.001076" asserts="4" />
      </test-suite>
      <test-suite type="TestFixture" id="0-1206" name="SpecInstanceStd" fullname="Kaitai.SpecInstanceStd" classname="Kaitai.SpecInstanceStd" runstate="Runnable" testcasecount="1" result="Passed" start-time="2024-04-03 14:44:00Z" end-time="2024-04-03 14:44:00Z" duration="0.002659" total="1" passed="1" failed="0" inconclusive="0" skipped="0" asserts="1">
        <test-case id="0-1207" name="TestInstanceStd" fullname="Kaitai.SpecInstanceStd.TestInstanceStd" methodname="TestInstanceStd" classname="Kaitai.SpecInstanceStd" runstate="Runnable" seed="750292410" result="Passed" start-time="2024-04-03 14:44:00Z" end-time="2024-04-03 14:44:00Z" duration="0.000328" asserts="1" />
      </test-suite>
      <test-suite type="TestFixture" id="0-1208" name="SpecInstanceStdArray" fullname="Kaitai.SpecInstanceStdArray" classname="Kaitai.SpecInstanceStdArray" runstate="Runnable" testcasecount="1" result="Passed" start-time="2024-04-03 14:44:00Z" end-time="2024-04-03 14:44:00Z" duration="0.003003" total="1" passed="1" failed="0" inconclusive="0" skipped="0" asserts="7">
        <test-case id="0-1209" name="TestInstanceStdArray" fullname="Kaitai.SpecInstanceStdArray.TestInstanceStdArray" methodname="TestInstanceStdArray" classname="Kaitai.SpecInstanceStdArray" runstate="Runnable" seed="772205331" result="Passed" start-time="2024-04-03 14:44:00Z" end-time="2024-04-03 14:44:00Z" duration="0.000662" asserts="7" />
      </test-suite>
      <test-suite type="TestFixture" id="0-1210" name="SpecInstanceUserArray" fullname="Kaitai.SpecInstanceUserArray" classname="Kaitai.SpecInstanceUserArray" runstate="Runnable" testcasecount="1" result="Passed" start-time="2024-04-03 14:44:00Z" end-time="2024-04-03 14:44:00Z" duration="0.003347" total="1" passed="1" failed="0" inconclusive="0" skipped="0" asserts="10">
        <test-case id="0-1211" name="TestInstanceUserArray" fullname="Kaitai.SpecInstanceUserArray.TestInstanceUserArray" methodname="TestInstanceUserArray" classname="Kaitai.SpecInstanceUserArray" runstate="Runnable" seed="430179203" result="Passed" start-time="2024-04-03 14:44:00Z" end-time="2024-04-03 14:44:00Z" duration="0.000985" asserts="10" />
      </test-suite>
      <test-suite type="TestFixture" id="0-1212" name="SpecIntegers" fullname="Kaitai.SpecIntegers" classname="Kaitai.SpecIntegers" runstate="Runnable" testcasecount="1" result="Passed" start-time="2024-04-03 14:44:00Z" end-time="2024-04-03 14:44:00Z" duration="0.003430" total="1" passed="1" failed="0" inconclusive="0" skipped="0" asserts="20">
        <test-case id="0-1213" name="TestIntegers" fullname="Kaitai.SpecIntegers.TestIntegers" methodname="TestIntegers" classname="Kaitai.SpecIntegers" runstate="Runnable" seed="1759242083" result="Passed" start-time="2024-04-03 14:44:00Z" end-time="2024-04-03 14:44:00Z" duration="0.001097" asserts="20" />
      </test-suite>
[...]
      </test-suite>
      <test-suite type="TestFixture" id="0-1412" name="SpecTsPacketHeader" fullname="Kaitai.SpecTsPacketHeader" classname="Kaitai.SpecTsPacketHeader" runstate="Runnable" testcasecount="1" result="Passed" start-time="2024-04-03 14:44:01Z" end-time="2024-04-03 14:44:01Z" duration="0.002778" total="1" passed="1" failed="0" inconclusive="0" skipped="0" asserts="7">
        <test-case id="0-1413" name="TestTsPacketHeader" fullname="Kaitai.SpecTsPacketHeader.TestTsPacketHeader" methodname="TestTsPacketHeader" classname="Kaitai.SpecTsPacketHeader" runstate="Runnable" seed="1325691442" result="Passed" start-time="2024-04-03 14:44:01Z" end-time="2024-04-03 14:44:01Z" duration="0.000454" asserts="7" />
      </test-suite>
      <test-suite type="TestFixture" id="0-1414" name="SpecTypeIntUnaryOp" fullname="Kaitai.SpecTypeIntUnaryOp" classname="Kaitai.SpecTypeIntUnaryOp" runstate="Runnable" testcasecount="1" result="Passed" start-time="2024-04-03 14:44:01Z" end-time="2024-04-03 14:44:01Z" duration="0.002751" total="1" passed="1" failed="0" inconclusive="0" skipped="0" asserts="4">
        <test-case id="0-1415" name="TestTypeIntUnaryOp" fullname="Kaitai.SpecTypeIntUnaryOp.TestTypeIntUnaryOp" methodname="TestTypeIntUnaryOp" classname="Kaitai.SpecTypeIntUnaryOp" runstate="Runnable" seed="558052869" result="Passed" start-time="2024-04-03 14:44:01Z" end-time="2024-04-03 14:44:01Z" duration="0.000416" asserts="4" />
      </test-suite>
      <test-suite type="TestFixture" id="0-1416" name="SpecTypeTernary" fullname="Kaitai.SpecTypeTernary" classname="Kaitai.SpecTypeTernary" runstate="Runnable" testcasecount="1" result="Passed" start-time="2024-04-03 14:44:01Z" end-time="2024-04-03 14:44:01Z" duration="0.002804" total="1" passed="1" failed="0" inconclusive="0" skipped="0" asserts="1">
        <test-case id="0-1417" name="TestTypeTernary" fullname="Kaitai.SpecTypeTernary.TestTypeTernary" methodname="TestTypeTernary" classname="Kaitai.SpecTypeTernary" runstate="Runnable" seed="658125222" result="Passed" start-time="2024-04-03 14:44:01Z" end-time="2024-04-03 14:44:01Z" duration="0.000488" asserts="1" />
      </test-suite>
      <test-suite type="TestFixture" id="0-1418" name="SpecTypeTernary2ndFalsy" fullname="Kaitai.SpecTypeTernary2ndFalsy" classname="Kaitai.SpecTypeTernary2ndFalsy" runstate="Runnable" testcasecount="1" result="Passed" start-time="2024-04-03 14:44:01Z" end-time="2024-04-03 14:44:01Z" duration="0.003532" total="1" passed="1" failed="0" inconclusive="0" skipped="0" asserts="13">
        <test-case id="0-1419" name="TestTypeTernary2ndFalsy" fullname="Kaitai.SpecTypeTernary2ndFalsy.TestTypeTernary2ndFalsy" methodname="TestTypeTernary2ndFalsy" classname="Kaitai.SpecTypeTernary2ndFalsy" runstate="Runnable" seed="820791174" result="Passed" start-time="2024-04-03 14:44:01Z" end-time="2024-04-03 14:44:01Z" duration="0.001198" asserts="13" />
      </test-suite>
      <test-suite type="TestFixture" id="0-1420" name="SpecTypeTernaryOpaque" fullname="Kaitai.SpecTypeTernaryOpaque" classname="Kaitai.SpecTypeTernaryOpaque" runstate="Runnable" testcasecount="1" result="Passed" start-time="2024-04-03 14:44:01Z" end-time="2024-04-03 14:44:01Z" duration="0.002774" total="1" passed="1" failed="0" inconclusive="0" skipped="0" asserts="3">
        <test-case id="0-1421" name="TestTypeTernaryOpaque" fullname="Kaitai.SpecTypeTernaryOpaque.TestTypeTernaryOpaque" methodname="TestTypeTernaryOpaque" classname="Kaitai.SpecTypeTernaryOpaque" runstate="Runnable" seed="2016512235" result="Passed" start-time="2024-04-03 14:44:01Z" end-time="2024-04-03 14:44:01Z" duration="0.000441" asserts="3" />
      </test-suite>
      <test-suite type="TestFixture" id="0-1422" name="SpecUserType" fullname="Kaitai.SpecUserType" classname="Kaitai.SpecUserType" runstate="Runnable" testcasecount="1" result="Passed" start-time="2024-04-03 14:44:01Z" end-time="2024-04-03 14:44:01Z" duration="0.002667" total="1" passed="1" failed="0" inconclusive="0" skipped="0" asserts="2">
        <test-case id="0-1423" name="TestUserType" fullname="Kaitai.SpecUserType.TestUserType" methodname="TestUserType" classname="Kaitai.SpecUserType" runstate="Runnable" seed="1874156000" result="Passed" start-time="2024-04-03 14:44:01Z" end-time="2024-04-03 14:44:01Z" duration="0.000347" asserts="2" />
      </test-suite>
      <test-suite type="TestFixture" id="0-1424" name="SpecValidEqStrEncodings" fullname="Kaitai.SpecValidEqStrEncodings" classname="Kaitai.SpecValidEqStrEncodings" runstate="Runnable" testcasecount="1" result="Passed" start-time="2024-04-03 14:44:01Z" end-time="2024-04-03 14:44:01Z" duration="0.002796" total="1" passed="1" failed="0" inconclusive="0" skipped="0" asserts="0">
        <test-case id="0-1425" name="TestValidEqStrEncodings" fullname="Kaitai.SpecValidEqStrEncodings.TestValidEqStrEncodings" methodname="TestValidEqStrEncodings" classname="Kaitai.SpecValidEqStrEncodings" runstate="Runnable" seed="754781320" result="Passed" start-time="2024-04-03 14:44:01Z" end-time="2024-04-03 14:44:01Z" duration="0.000463" asserts="0" />
      </test-suite>
      <test-suite type="TestFixture" id="0-1426" name="SpecValidFailAnyofInt" fullname="Kaitai.SpecValidFailAnyofInt" classname="Kaitai.SpecValidFailAnyofInt" runstate="Runnable" testcasecount="1" result="Passed" start-time="2024-04-03 14:44:01Z" end-time="2024-04-03 14:44:01Z" duration="0.002972" total="1" passed="1" failed="0" inconclusive="0" skipped="0" asserts="1">
        <test-case id="0-1427" name="TestValidFailAnyofInt" fullname="Kaitai.SpecValidFailAnyofInt.TestValidFailAnyofInt" methodname="TestValidFailAnyofInt" classname="Kaitai.SpecValidFailAnyofInt" runstate="Runnable" seed="2097722252" result="Passed" start-time="2024-04-03 14:44:01Z" end-time="2024-04-03 14:44:01Z" duration="0.000643" asserts="1" />
      </test-suite>
      <test-suite type="TestFixture" id="0-1428" name="SpecValidFailContents" fullname="Kaitai.SpecValidFailContents" classname="Kaitai.SpecValidFailContents" runstate="Runnable" testcasecount="1" result="Passed" start-time="2024-04-03 14:44:01Z" end-time="2024-04-03 14:44:01Z" duration="0.002891" total="1" passed="1" failed="0" inconclusive="0" skipped="0" asserts="1">
        <test-case id="0-1429" name="TestValidFailContents" fullname="Kaitai.SpecValidFailContents.TestValidFailContents" methodname="TestValidFailContents" classname="Kaitai.SpecValidFailContents" runstate="Runnable" seed="501275315" result="Passed" start-time="2024-04-03 14:44:01Z" end-time="2024-04-03 14:44:01Z" duration="0.000564" asserts="1" />
      </test-suite>
      <test-suite type="TestFixture" id="0-1430" name="SpecValidFailEqBytes" fullname="Kaitai.SpecValidFailEqBytes" classname="Kaitai.SpecValidFailEqBytes" runstate="Runnable" testcasecount="1" result="Passed" start-time="2024-04-03 14:44:01Z" end-time="2024-04-03 14:44:01Z" duration="0.002727" total="1" passed="1" failed="0" inconclusive="0" skipped="0" asserts="1">
        <test-case id="0-1431" name="TestValidFailEqBytes" fullname="Kaitai.SpecValidFailEqBytes.TestValidFailEqBytes" methodname="TestValidFailEqBytes" classname="Kaitai.SpecValidFailEqBytes" runstate="Runnable" seed="1872093293" result="Passed" start-time="2024-04-03 14:44:01Z" end-time="2024-04-03 14:44:01Z" duration="0.000390" asserts="1" />
      </test-suite>
      <test-suite type="TestFixture" id="0-1432" name="SpecValidFailEqInt" fullname="Kaitai.SpecValidFailEqInt" classname="Kaitai.SpecValidFailEqInt" runstate="Runnable" testcasecount="1" result="Passed" start-time="2024-04-03 14:44:01Z" end-time="2024-04-03 14:44:01Z" duration="0.002759" total="1" passed="1" failed="0" inconclusive="0" skipped="0" asserts="1">
        <test-case id="0-1433" name="TestValidFailEqInt" fullname="Kaitai.SpecValidFailEqInt.TestValidFailEqInt" methodname="TestValidFailEqInt" classname="Kaitai.SpecValidFailEqInt" runstate="Runnable" seed="1701791941" result="Passed" start-time="2024-04-03 14:44:01Z" end-time="2024-04-03 14:44:01Z" duration="0.000433" asserts="1" />
      </test-suite>
      <test-suite type="TestFixture" id="0-1434" name="SpecValidFailEqStr" fullname="Kaitai.SpecValidFailEqStr" classname="Kaitai.SpecValidFailEqStr" runstate="Runnable" testcasecount="1" result="Passed" start-time="2024-04-03 14:44:01Z" end-time="2024-04-03 14:44:01Z" duration="0.002727" total="1" passed="1" failed="0" inconclusive="0" skipped="0" asserts="1">
        <test-case id="0-1435" name="TestValidFailEqStr" fullname="Kaitai.SpecValidFailEqStr.TestValidFailEqStr" methodname="TestValidFailEqStr" classname="Kaitai.SpecValidFailEqStr" runstate="Runnable" seed="1414023036" result="Passed" start-time="2024-04-03 14:44:01Z" end-time="2024-04-03 14:44:01Z" duration="0.000389" asserts="1" />
      </test-suite>
      <test-suite type="TestFixture" id="0-1436" name="SpecValidFailExpr" fullname="Kaitai.SpecValidFailExpr" classname="Kaitai.SpecValidFailExpr" runstate="Runnable" testcasecount="1" result="Passed" start-time="2024-04-03 14:44:01Z" end-time="2024-04-03 14:44:01Z" duration="0.003022" total="1" passed="1" failed="0" inconclusive="0" skipped="0" asserts="1">
        <test-case id="0-1437" name="TestValidFailExpr" fullname="Kaitai.SpecValidFailExpr.TestValidFailExpr" methodname="TestValidFailExpr" classname="Kaitai.SpecValidFailExpr" runstate="Runnable" seed="1151778693" result="Passed" start-time="2024-04-03 14:44:01Z" end-time="2024-04-03 14:44:01Z" duration="0.000684" asserts="1" />
      </test-suite>
      <test-suite type="TestFixture" id="0-1438" name="SpecValidFailInst" fullname="Kaitai.SpecValidFailInst" classname="Kaitai.SpecValidFailInst" runstate="Runnable" testcasecount="1" result="Passed" start-time="2024-04-03 14:44:01Z" end-time="2024-04-03 14:44:01Z" duration="0.002820" total="1" passed="1" failed="0" inconclusive="0" skipped="0" asserts="1">
        <test-case id="0-1439" name="TestValidFailInst" fullname="Kaitai.SpecValidFailInst.TestValidFailInst" methodname="TestValidFailInst" classname="Kaitai.SpecValidFailInst" runstate="Runnable" seed="656516055" result="Passed" start-time="2024-04-03 14:44:01Z" end-time="2024-04-03 14:44:01Z" duration="0.000482" asserts="1" />
      </test-suite>
      <test-suite type="TestFixture" id="0-1440" name="SpecValidFailMaxInt" fullname="Kaitai.SpecValidFailMaxInt" classname="Kaitai.SpecValidFailMaxInt" runstate="Runnable" testcasecount="1" result="Passed" start-time="2024-04-03 14:44:01Z" end-time="2024-04-03 14:44:01Z" duration="0.002820" total="1" passed="1" failed="0" inconclusive="0" skipped="0" asserts="1">
        <test-case id="0-1441" name="TestValidFailMaxInt" fullname="Kaitai.SpecValidFailMaxInt.TestValidFailMaxInt" methodname="TestValidFailMaxInt" classname="Kaitai.SpecValidFailMaxInt" runstate="Runnable" seed="668973802" result="Passed" start-time="2024-04-03 14:44:01Z" end-time="2024-04-03 14:44:01Z" duration="0.000470" asserts="1" />
      </test-suite>
      <test-suite type="TestFixture" id="0-1442" name="SpecValidFailMinInt" fullname="Kaitai.SpecValidFailMinInt" classname="Kaitai.SpecValidFailMinInt" runstate="Runnable" testcasecount="1" result="Passed" start-time="2024-04-03 14:44:01Z" end-time="2024-04-03 14:44:01Z" duration="0.002792" total="1" passed="1" failed="0" inconclusive="0" skipped="0" asserts="1">
        <test-case id="0-1443" name="TestValidFailMinInt" fullname="Kaitai.SpecValidFailMinInt.TestValidFailMinInt" methodname="TestValidFailMinInt" classname="Kaitai.SpecValidFailMinInt" runstate="Runnable" seed="524269902" result="Passed" start-time="2024-04-03 14:44:01Z" end-time="2024-04-03 14:44:01Z" duration="0.000452" asserts="1" />
      </test-suite>
      <test-suite type="TestFixture" id="0-1444" name="SpecValidFailRangeBytes" fullname="Kaitai.SpecValidFailRangeBytes" classname="Kaitai.SpecValidFailRangeBytes" runstate="Runnable" testcasecount="1" result="Passed" start-time="2024-04-03 14:44:01Z" end-time="2024-04-03 14:44:01Z" duration="0.002818" total="1" passed="1" failed="0" inconclusive="0" skipped="0" asserts="1">
        <test-case id="0-1445" name="TestValidFailRangeBytes" fullname="Kaitai.SpecValidFailRangeBytes.TestValidFailRangeBytes" methodname="TestValidFailRangeBytes" classname="Kaitai.SpecValidFailRangeBytes" runstate="Runnable" seed="1637579057" result="Passed" start-time="2024-04-03 14:44:01Z" end-time="2024-04-03 14:44:01Z" duration="0.000474" asserts="1" />
      </test-suite>
      <test-suite type="TestFixture" id="0-1446" name="SpecValidFailRangeFloat" fullname="Kaitai.SpecValidFailRangeFloat" classname="Kaitai.SpecValidFailRangeFloat" runstate="Runnable" testcasecount="1" result="Passed" start-time="2024-04-03 14:44:01Z" end-time="2024-04-03 14:44:01Z" duration="0.003870" total="1" passed="1" failed="0" inconclusive="0" skipped="0" asserts="1">
        <test-case id="0-1447" name="TestValidFailRangeFloat" fullname="Kaitai.SpecValidFailRangeFloat.TestValidFailRangeFloat" methodname="TestValidFailRangeFloat" classname="Kaitai.SpecValidFailRangeFloat" runstate="Runnable" seed="1136012910" result="Passed" start-time="2024-04-03 14:44:01Z" end-time="2024-04-03 14:44:01Z" duration="0.001527" asserts="1" />
      </test-suite>
      <test-suite type="TestFixture" id="0-1448" name="SpecValidFailRangeInt" fullname="Kaitai.SpecValidFailRangeInt" classname="Kaitai.SpecValidFailRangeInt" runstate="Runnable" testcasecount="1" result="Passed" start-time="2024-04-03 14:44:01Z" end-time="2024-04-03 14:44:01Z" duration="0.002763" total="1" passed="1" failed="0" inconclusive="0" skipped="0" asserts="1">
        <test-case id="0-1449" name="TestValidFailRangeInt" fullname="Kaitai.SpecValidFailRangeInt.TestValidFailRangeInt" methodname="TestValidFailRangeInt" classname="Kaitai.SpecValidFailRangeInt" runstate="Runnable" seed="316461510" result="Passed" start-time="2024-04-03 14:44:01Z" end-time="2024-04-03 14:44:01Z" duration="0.000430" asserts="1" />
      </test-suite>
      <test-suite type="TestFixture" id="0-1450" name="SpecValidFailRangeStr" fullname="Kaitai.SpecValidFailRangeStr" classname="Kaitai.SpecValidFailRangeStr" runstate="Runnable" testcasecount="1" result="Passed" start-time="2024-04-03 14:44:01Z" end-time="2024-04-03 14:44:01Z" duration="0.002772" total="1" passed="1" failed="0" inconclusive="0" skipped="0" asserts="1">
        <test-case id="0-1451" name="TestValidFailRangeStr" fullname="Kaitai.SpecValidFailRangeStr.TestValidFailRangeStr" methodname="TestValidFailRangeStr" classname="Kaitai.SpecValidFailRangeStr" runstate="Runnable" seed="229032793" result="Passed" start-time="2024-04-03 14:44:01Z" end-time="2024-04-03 14:44:01Z" duration="0.000430" asserts="1" />
      </test-suite>
      <test-suite type="TestFixture" id="0-1452" name="SpecValidLong" fullname="Kaitai.SpecValidLong" classname="Kaitai.SpecValidLong" runstate="Runnable" testcasecount="1" result="Passed" start-time="2024-04-03 14:44:01Z" end-time="2024-04-03 14:44:01Z" duration="0.003116" total="1" passed="1" failed="0" inconclusive="0" skipped="0" asserts="0">
        <test-case id="0-1453" name="TestValidLong" fullname="Kaitai.SpecValidLong.TestValidLong" methodname="TestValidLong" classname="Kaitai.SpecValidLong" runstate="Runnable" seed="232268868" result="Passed" start-time="2024-04-03 14:44:01Z" end-time="2024-04-03 14:44:01Z" duration="0.000787" asserts="0" />
      </test-suite>
      <test-suite type="TestFixture" id="0-1454" name="SpecValidNotParsedIf" fullname="Kaitai.SpecValidNotParsedIf" classname="Kaitai.SpecValidNotParsedIf" runstate="Runnable" testcasecount="1" result="Passed" start-time="2024-04-03 14:44:01Z" end-time="2024-04-03 14:44:01Z" duration="0.002759" total="1" passed="1" failed="0" inconclusive="0" skipped="0" asserts="0">
        <test-case id="0-1455" name="TestValidNotParsedIf" fullname="Kaitai.SpecValidNotParsedIf.TestValidNotParsedIf" methodname="TestValidNotParsedIf" classname="Kaitai.SpecValidNotParsedIf" runstate="Runnable" seed="679427325" result="Passed" start-time="2024-04-03 14:44:01Z" end-time="2024-04-03 14:44:01Z" duration="0.000420" asserts="0" />
      </test-suite>
      <test-suite type="TestFixture" id="0-1456" name="SpecValidOptionalId" fullname="Kaitai.SpecValidOptionalId" classname="Kaitai.SpecValidOptionalId" runstate="Runnable" testcasecount="1" result="Passed" start-time="2024-04-03 14:44:01Z" end-time="2024-04-03 14:44:01Z" duration="0.002685" total="1" passed="1" failed="0" inconclusive="0" skipped="0" asserts="0">
        <test-case id="0-1457" name="TestValidOptionalId" fullname="Kaitai.SpecValidOptionalId.TestValidOptionalId" methodname="TestValidOptionalId" classname="Kaitai.SpecValidOptionalId" runstate="Runnable" seed="1126416106" result="Passed" start-time="2024-04-03 14:44:01Z" end-time="2024-04-03 14:44:01Z" duration="0.000362" asserts="0" />
      </test-suite>
      <test-suite type="TestFixture" id="0-1458" name="SpecValidShort" fullname="Kaitai.SpecValidShort" classname="Kaitai.SpecValidShort" runstate="Runnable" testcasecount="1" result="Passed" start-time="2024-04-03 14:44:01Z" end-time="2024-04-03 14:44:01Z" duration="0.003021" total="1" passed="1" failed="0" inconclusive="0" skipped="0" asserts="0">
        <test-case id="0-1459" name="TestValidShort" fullname="Kaitai.SpecValidShort.TestValidShort" methodname="TestValidShort" classname="Kaitai.SpecValidShort" runstate="Runnable" seed="970236678" result="Passed" start-time="2024-04-03 14:44:01Z" end-time="2024-04-03 14:44:01Z" duration="0.000686" asserts="0" />
      </test-suite>
      <test-suite type="TestFixture" id="0-1460" name="SpecValidSwitch" fullname="Kaitai.SpecValidSwitch" classname="Kaitai.SpecValidSwitch" runstate="Runnable" testcasecount="1" result="Passed" start-time="2024-04-03 14:44:01Z" end-time="2024-04-03 14:44:01Z" duration="0.002647" total="1" passed="1" failed="0" inconclusive="0" skipped="0" asserts="0">
        <test-case id="0-1461" name="TestValidSwitch" fullname="Kaitai.SpecValidSwitch.TestValidSwitch" methodname="TestValidSwitch" classname="Kaitai.SpecValidSwitch" runstate="Runnable" seed="197312394" result="Passed" start-time="2024-04-03 14:44:01Z" end-time="2024-04-03 14:44:01Z" duration="0.000334" asserts="0" />
      </test-suite>
      <test-suite type="TestFixture" id="0-1462" name="SpecZlibSurrounded" fullname="Kaitai.SpecZlibSurrounded" classname="Kaitai.SpecZlibSurrounded" runstate="Runnable" testcasecount="1" result="Passed" start-time="2024-04-03 14:44:01Z" end-time="2024-04-03 14:44:01Z" duration="0.007047" total="1" passed="1" failed="0" inconclusive="0" skipped="0" asserts="1">
        <test-case id="0-1463" name="TestZlibSurrounded" fullname="Kaitai.SpecZlibSurrounded.TestZlibSurrounded" methodname="TestZlibSurrounded" classname="Kaitai.SpecZlibSurrounded" runstate="Runnable" seed="750548961" result="Passed" start-time="2024-04-03 14:44:01Z" end-time="2024-04-03 14:44:01Z" duration="0.004710" asserts="1" />
      </test-suite>
      <test-suite type="TestFixture" id="0-1464" name="SpecZlibWithHeader78" fullname="Kaitai.SpecZlibWithHeader78" classname="Kaitai.SpecZlibWithHeader78" runstate="Runnable" testcasecount="1" result="Passed" start-time="2024-04-03 14:44:01Z" end-time="2024-04-03 14:44:01Z" duration="0.002655" total="1" passed="1" failed="0" inconclusive="0" skipped="0" asserts="1">
        <test-case id="0-1465" name="TestZlibWithHeader78" fullname="Kaitai.SpecZlibWithHeader78.TestZlibWithHeader78" methodname="TestZlibWithHeader78" classname="Kaitai.SpecZlibWithHeader78" runstate="Runnable" seed="96536458" result="Passed" start-time="2024-04-03 14:44:01Z" end-time="2024-04-03 14:44:01Z" duration="0.000328" asserts="1" />
      </test-suite>
    </test-suite>
  </test-suite>
</test-run>