<?xml version="1.0" encoding="utf-8" standalone="no"?>
<test-run id="2" testcasecount="143" result="Passed" total="143" passed="143" failed="0" inconclusive="0" skipped="0" asserts="689" engine-version="3.4.1.0" clr-version="4.0.30319.42000" start-time="2019-04-19 14:55:04Z" end-time="2019-04-19 14:55:06Z" duration="1.751857">
  <command-line><![CDATA[spec/csharp/packages/NUnit.ConsoleRunner.3.4.1/tools/nunit3-console.exe --result=test_out/csharp/TestResult.xml spec/csharp/kaitai_struct_csharp_tests/bin/Debug/kaitai_struct_csharp_tests.dll]]></command-line>
  <test-suite type="Assembly" id="0-1286" name="kaitai_struct_csharp_tests.dll" fullname="C:\projects\ci-targets\tests\spec\csharp\kaitai_struct_csharp_tests\bin\Debug\kaitai_struct_csharp_tests.dll" runstate="Runnable" testcasecount="143" result="Passed" start-time="2019-04-19 14:55:04Z" end-time="2019-04-19 14:55:06Z" duration="1.630738" total="143" passed="143" failed="0" inconclusive="0" skipped="0" asserts="689">
    <environment framework-version="3.4.1.0" clr-version="4.0.30319.42000" os-version="Microsoft Windows NT 10.0.14393.0" platform="Win32NT" cwd="C:\projects\ci-targets\tests" machine-name="APPVYR-WIN" user="appveyor" user-domain="APPVYR-WIN" culture="en-US" uiculture="en-US" os-architecture="x64" />
    <settings>
      <setting name="WorkDirectory" value="C:\projects\ci-targets\tests" />
      <setting name="ImageRuntimeVersion" value="4.0.30319" />
      <setting name="ImageTargetFrameworkName" value=".NETFramework,Version=v4.5" />
      <setting name="ImageRequiresX86" value="False" />
      <setting name="ImageRequiresDefaultAppDomainAssemblyResolver" value="False" />
      <setting name="NumberOfTestWorkers" value="2" />
    </settings>
    <properties>
      <property name="_PID" value="392" />
      <property name="_APPDOMAIN" value="test-domain-" />
    </properties>
    <test-suite type="TestSuite" id="0-1287" name="Kaitai" fullname="Kaitai" runstate="Runnable" testcasecount="143" result="Passed" start-time="2019-04-19 14:55:04Z" end-time="2019-04-19 14:55:05Z" duration="1.599212" total="143" passed="143" failed="0" inconclusive="0" skipped="0" asserts="689">
      <test-suite type="TestFixture" id="0-1000" name="SpecBcdUserTypeBe" fullname="Kaitai.SpecBcdUserTypeBe" classname="Kaitai.SpecBcdUserTypeBe" runstate="Runnable" testcasecount="1" result="Passed" start-time="2019-04-19 14:55:04Z" end-time="2019-04-19 14:55:04Z" duration="0.044439" total="1" passed="1" failed="0" inconclusive="0" skipped="0" asserts="6">
        <test-case id="0-1001" name="TestBcdUserTypeBe" fullname="Kaitai.SpecBcdUserTypeBe.TestBcdUserTypeBe" methodname="TestBcdUserTypeBe" classname="Kaitai.SpecBcdUserTypeBe" runstate="Runnable" seed="1945393064" result="Passed" start-time="2019-04-19 14:55:04Z" end-time="2019-04-19 14:55:04Z" duration="0.029964" asserts="6" />
      </test-suite>
      <test-suite type="TestFixture" id="0-1002" name="SpecBcdUserTypeLe" fullname="Kaitai.SpecBcdUserTypeLe" classname="Kaitai.SpecBcdUserTypeLe" runstate="Runnable" testcasecount="1" result="Passed" start-time="2019-04-19 14:55:04Z" end-time="2019-04-19 14:55:04Z" duration="0.011027" total="1" passed="1" failed="0" inconclusive="0" skipped="0" asserts="6">
        <test-case id="0-1003" name="TestBcdUserTypeLe" fullname="Kaitai.SpecBcdUserTypeLe.TestBcdUserTypeLe" methodname="TestBcdUserTypeLe" classname="Kaitai.SpecBcdUserTypeLe" runstate="Runnable" seed="1555879251" result="Passed" start-time="2019-04-19 14:55:04Z" end-time="2019-04-19 14:55:04Z" duration="0.007577" asserts="6" />
      </test-suite>
      <test-suite type="TestFixture" id="0-1004" name="SpecBitsByteAligned" fullname="Kaitai.SpecBitsByteAligned" classname="Kaitai.SpecBitsByteAligned" runstate="Runnable" testcasecount="1" result="Passed" start-time="2019-04-19 14:55:04Z" end-time="2019-04-19 14:55:04Z" duration="0.011021" total="1" passed="1" failed="0" inconclusive="0" skipped="0" asserts="9">
        <test-case id="0-1005" name="TestBitsByteAligned" fullname="Kaitai.SpecBitsByteAligned.TestBitsByteAligned" methodname="TestBitsByteAligned" classname="Kaitai.SpecBitsByteAligned" runstate="Runnable" seed="1547096799" result="Passed" start-time="2019-04-19 14:55:04Z" end-time="2019-04-19 14:55:04Z" duration="0.007271" asserts="9" />
      </test-suite>
      <test-suite type="TestFixture" id="0-1006" name="SpecBitsEnum" fullname="Kaitai.SpecBitsEnum" classname="Kaitai.SpecBitsEnum" runstate="Runnable" testcasecount="1" result="Passed" start-time="2019-04-19 14:55:04Z" end-time="2019-04-19 14:55:04Z" duration="0.005003" total="1" passed="1" failed="0" inconclusive="0" skipped="0" asserts="3">
        <test-case id="0-1007" name="TestBitsEnum" fullname="Kaitai.SpecBitsEnum.TestBitsEnum" methodname="TestBitsEnum" classname="Kaitai.SpecBitsEnum" runstate="Runnable" seed="1955560934" result="Passed" start-time="2019-04-19 14:55:04Z" end-time="2019-04-19 14:55:04Z" duration="0.001650" asserts="3" />
      </test-suite>
      <test-suite type="TestFixture" id="0-1008" name="SpecBitsSimple" fullname="Kaitai.SpecBitsSimple" classname="Kaitai.SpecBitsSimple" runstate="Runnable" testcasecount="1" result="Passed" start-time="2019-04-19 14:55:04Z" end-time="2019-04-19 14:55:04Z" duration="0.008015" total="1" passed="1" failed="0" inconclusive="0" skipped="0" asserts="14">
        <test-case id="0-1009" name="TestBitsSimple" fullname="Kaitai.SpecBitsSimple.TestBitsSimple" methodname="TestBitsSimple" classname="Kaitai.SpecBitsSimple" runstate="Runnable" seed="90252062" result="Passed" start-time="2019-04-19 14:55:04Z" end-time="2019-04-19 14:55:04Z" duration="0.003969" asserts="14" />
      </test-suite>
      <test-suite type="TestFixture" id="0-1010" name="SpecBufferedStruct" fullname="Kaitai.SpecBufferedStruct" classname="Kaitai.SpecBufferedStruct" runstate="Runnable" testcasecount="1" result="Passed" start-time="2019-04-19 14:55:04Z" end-time="2019-04-19 14:55:04Z" duration="0.006011" total="1" passed="1" failed="0" inconclusive="0" skipped="0" asserts="7">
        <test-case id="0-1011" name="TestBufferedStruct" fullname="Kaitai.SpecBufferedStruct.TestBufferedStruct" methodname="TestBufferedStruct" classname="Kaitai.SpecBufferedStruct" runstate="Runnable" seed="256304572" result="Passed" start-time="2019-04-19 14:55:04Z" end-time="2019-04-19 14:55:04Z" duration="0.002708" asserts="7" />
      </test-suite>
      <test-suite type="TestFixture" id="0-1012" name="SpecBytesPadTerm" fullname="Kaitai.SpecBytesPadTerm" classname="Kaitai.SpecBytesPadTerm" runstate="Runnable" testcasecount="1" result="Passed" start-time="2019-04-19 14:55:04Z" end-time="2019-04-19 14:55:04Z" duration="0.006012" total="1" passed="1" failed="0" inconclusive="0" skipped="0" asserts="4">
        <test-case id="0-1013" name="TestBytesPadTerm" fullname="Kaitai.SpecBytesPadTerm.TestBytesPadTerm" methodname="TestBytesPadTerm" classname="Kaitai.SpecBytesPadTerm" runstate="Runnable" seed="407332638" result="Passed" start-time="2019-04-19 14:55:04Z" end-time="2019-04-19 14:55:04Z" duration="0.002816" asserts="4" />
      </test-suite>
      <test-suite type="TestFixture" id="0-1014" name="SpecCastNested" fullname="Kaitai.SpecCastNested" classname="Kaitai.SpecCastNested" runstate="Runnable" testcasecount="1" result="Passed" start-time="2019-04-19 14:55:04Z" end-time="2019-04-19 14:55:04Z" duration="0.009006" total="1" passed="1" failed="0" inconclusive="0" skipped="0" asserts="4">
        <test-case id="0-1015" name="TestCastNested" fullname="Kaitai.SpecCastNested.TestCastNested" methodname="TestCastNested" classname="Kaitai.SpecCastNested" runstate="Runnable" seed="197158744" result="Passed" start-time="2019-04-19 14:55:04Z" end-time="2019-04-19 14:55:04Z" duration="0.005296" asserts="4" />
      </test-suite>
      <test-suite type="TestFixture" id="0-1016" name="SpecCastToImported" fullname="Kaitai.SpecCastToImported" classname="Kaitai.SpecCastToImported" runstate="Runnable" testcasecount="1" result="Passed" start-time="2019-04-19 14:55:04Z" end-time="2019-04-19 14:55:04Z" duration="0.005010" total="1" passed="1" failed="0" inconclusive="0" skipped="0" asserts="2">
        <test-case id="0-1017" name="TestCastToImported" fullname="Kaitai.SpecCastToImported.TestCastToImported" methodname="TestCastToImported" classname="Kaitai.SpecCastToImported" runstate="Runnable" seed="169945684" result="Passed" start-time="2019-04-19 14:55:04Z" end-time="2019-04-19 14:55:04Z" duration="0.001676" asserts="2" />
      </test-suite>
      <test-suite type="TestFixture" id="0-1018" name="SpecCastToTop" fullname="Kaitai.SpecCastToTop" classname="Kaitai.SpecCastToTop" runstate="Runnable" testcasecount="1" result="Passed" start-time="2019-04-19 14:55:04Z" end-time="2019-04-19 14:55:04Z" duration="0.005005" total="1" passed="1" failed="0" inconclusive="0" skipped="0" asserts="3">
        <test-case id="0-1019" name="TestCastToTop" fullname="Kaitai.SpecCastToTop.TestCastToTop" methodname="TestCastToTop" classname="Kaitai.SpecCastToTop" runstate="Runnable" seed="1733342054" result="Passed" start-time="2019-04-19 14:55:04Z" end-time="2019-04-19 14:55:04Z" duration="0.001901" asserts="3" />
      </test-suite>
      <test-suite type="TestFixture" id="0-1020" name="SpecDebug0" fullname="Kaitai.SpecDebug0" classname="Kaitai.SpecDebug0" runstate="Runnable" testcasecount="1" result="Passed" start-time="2019-04-19 14:55:04Z" end-time="2019-04-19 14:55:04Z" duration="0.004093" total="1" passed="1" failed="0" inconclusive="0" skipped="0" asserts="0">
        <test-case id="0-1021" name="TestDebug0" fullname="Kaitai.SpecDebug0.TestDebug0" methodname="TestDebug0" classname="Kaitai.SpecDebug0" runstate="Runnable" seed="1112941490" result="Passed" start-time="2019-04-19 14:55:04Z" end-time="2019-04-19 14:55:04Z" duration="0.000143" asserts="0" />
      </test-suite>
      <test-suite type="TestFixture" id="0-1022" name="SpecDebugArrayUser" fullname="Kaitai.SpecDebugArrayUser" classname="Kaitai.SpecDebugArrayUser" runstate="Runnable" testcasecount="1" result="Passed" start-time="2019-04-19 14:55:04Z" end-time="2019-04-19 14:55:04Z" duration="0.006014" total="1" passed="1" failed="0" inconclusive="0" skipped="0" asserts="4">
        <test-case id="0-1023" name="TestDebugArrayUser" fullname="Kaitai.SpecDebugArrayUser.TestDebugArrayUser" methodname="TestDebugArrayUser" classname="Kaitai.SpecDebugArrayUser" runstate="Runnable" seed="1767943551" result="Passed" start-time="2019-04-19 14:55:04Z" end-time="2019-04-19 14:55:04Z" duration="0.002163" asserts="4" />
      </test-suite>
      <test-suite type="TestFixture" id="0-1024" name="SpecDebugEnumName" fullname="Kaitai.SpecDebugEnumName" classname="Kaitai.SpecDebugEnumName" runstate="Runnable" testcasecount="1" result="Passed" start-time="2019-04-19 14:55:04Z" end-time="2019-04-19 14:55:04Z" duration="0.004008" total="1" passed="1" failed="0" inconclusive="0" skipped="0" asserts="0">
        <test-case id="0-1025" name="TestDebugEnumName" fullname="Kaitai.SpecDebugEnumName.TestDebugEnumName" methodname="TestDebugEnumName" classname="Kaitai.SpecDebugEnumName" runstate="Runnable" seed="621026995" result="Passed" start-time="2019-04-19 14:55:04Z" end-time="2019-04-19 14:55:04Z" duration="0.000219" asserts="0" />
      </test-suite>
      <test-suite type="TestFixture" id="0-1026" name="SpecDefaultBigEndian" fullname="Kaitai.SpecDefaultBigEndian" classname="Kaitai.SpecDefaultBigEndian" runstate="Runnable" testcasecount="1" result="Passed" start-time="2019-04-19 14:55:04Z" end-time="2019-04-19 14:55:04Z" duration="0.005064" total="1" passed="1" failed="0" inconclusive="0" skipped="0" asserts="1">
        <test-case id="0-1027" name="TestDefaultBigEndian" fullname="Kaitai.SpecDefaultBigEndian.TestDefaultBigEndian" methodname="TestDefaultBigEndian" classname="Kaitai.SpecDefaultBigEndian" runstate="Runnable" seed="608550278" result="Passed" start-time="2019-04-19 14:55:04Z" end-time="2019-04-19 14:55:04Z" duration="0.001532" asserts="1" />
      </test-suite>
      <test-suite type="TestFixture" id="0-1028" name="SpecDefaultEndianExprException" fullname="Kaitai.SpecDefaultEndianExprException" classname="Kaitai.SpecDefaultEndianExprException" runstate="Runnable" testcasecount="1" result="Passed" start-time="2019-04-19 14:55:04Z" end-time="2019-04-19 14:55:04Z" duration="0.032056" total="1" passed="1" failed="0" inconclusive="0" skipped="0" asserts="1">
        <test-case id="0-1029" name="TestDefaultEndianExprException" fullname="Kaitai.SpecDefaultEndianExprException.TestDefaultEndianExprException" methodname="TestDefaultEndianExprException" classname="Kaitai.SpecDefaultEndianExprException" runstate="Runnable" seed="1726015447" result="Passed" start-time="2019-04-19 14:55:04Z" end-time="2019-04-19 14:55:04Z" duration="0.014176" asserts="1" />
      </test-suite>
      <test-suite type="TestFixture" id="0-1030" name="SpecDefaultEndianExprInherited" fullname="Kaitai.SpecDefaultEndianExprInherited" classname="Kaitai.SpecDefaultEndianExprInherited" runstate="Runnable" testcasecount="1" result="Passed" start-time="2019-04-19 14:55:04Z" end-time="2019-04-19 14:55:04Z" duration="0.012562" total="1" passed="1" failed="0" inconclusive="0" skipped="0" asserts="15">
        <test-case id="0-1031" name="TestDefaultEndianExprInherited" fullname="Kaitai.SpecDefaultEndianExprInherited.TestDefaultEndianExprInherited" methodname="TestDefaultEndianExprInherited" classname="Kaitai.SpecDefaultEndianExprInherited" runstate="Runnable" seed="2088483203" result="Passed" start-time="2019-04-19 14:55:04Z" end-time="2019-04-19 14:55:04Z" duration="0.009223" asserts="15" />
      </test-suite>
      <test-suite type="TestFixture" id="0-1032" name="SpecDefaultEndianExprIsBe" fullname="Kaitai.SpecDefaultEndianExprIsBe" classname="Kaitai.SpecDefaultEndianExprIsBe" runstate="Runnable" testcasecount="1" result="Passed" start-time="2019-04-19 14:55:04Z" end-time="2019-04-19 14:55:04Z" duration="0.009017" total="1" passed="1" failed="0" inconclusive="0" skipped="0" asserts="18">
        <test-case id="0-1033" name="TestDefaultEndianExprIsBe" fullname="Kaitai.SpecDefaultEndianExprIsBe.TestDefaultEndianExprIsBe" methodname="TestDefaultEndianExprIsBe" classname="Kaitai.SpecDefaultEndianExprIsBe" runstate="Runnable" seed="522153892" result="Passed" start-time="2019-04-19 14:55:04Z" end-time="2019-04-19 14:55:04Z" duration="0.005128" asserts="18" />
      </test-suite>
      <test-suite type="TestFixture" id="0-1034" name="SpecDefaultEndianExprIsLe" fullname="Kaitai.SpecDefaultEndianExprIsLe" classname="Kaitai.SpecDefaultEndianExprIsLe" runstate="Runnable" testcasecount="1" result="Passed" start-time="2019-04-19 14:55:04Z" end-time="2019-04-19 14:55:04Z" duration="0.010861" total="1" passed="1" failed="0" inconclusive="0" skipped="0" asserts="12">
        <test-case id="0-1035" name="TestDefaultEndianExprIsLe" fullname="Kaitai.SpecDefaultEndianExprIsLe.TestDefaultEndianExprIsLe" methodname="TestDefaultEndianExprIsLe" classname="Kaitai.SpecDefaultEndianExprIsLe" runstate="Runnable" seed="2008570535" result="Passed" start-time="2019-04-19 14:55:04Z" end-time="2019-04-19 14:55:04Z" duration="0.004829" asserts="12" />
      </test-suite>
      <test-suite type="TestFixture" id="0-1036" name="SpecDefaultEndianMod" fullname="Kaitai.SpecDefaultEndianMod" classname="Kaitai.SpecDefaultEndianMod" runstate="Runnable" testcasecount="1" result="Passed" start-time="2019-04-19 14:55:04Z" end-time="2019-04-19 14:55:04Z" duration="0.007030" total="1" passed="1" failed="0" inconclusive="0" skipped="0" asserts="3">
        <test-case id="0-1037" name="TestDefaultEndianMod" fullname="Kaitai.SpecDefaultEndianMod.TestDefaultEndianMod" methodname="TestDefaultEndianMod" classname="Kaitai.SpecDefaultEndianMod" runstate="Runnable" seed="1698709433" result="Passed" start-time="2019-04-19 14:55:04Z" end-time="2019-04-19 14:55:04Z" duration="0.003079" asserts="3" />
      </test-suite>
      <test-suite type="TestFixture" id="0-1038" name="SpecDocstrings" fullname="Kaitai.SpecDocstrings" classname="Kaitai.SpecDocstrings" runstate="Runnable" testcasecount="1" result="Passed" start-time="2019-04-19 14:55:04Z" end-time="2019-04-19 14:55:04Z" duration="0.005701" total="1" passed="1" failed="0" inconclusive="0" skipped="0" asserts="0">
        <test-case id="0-1039" name="TestDocstrings" fullname="Kaitai.SpecDocstrings.TestDocstrings" methodname="TestDocstrings" classname="Kaitai.SpecDocstrings" runstate="Runnable" seed="34458887" result="Passed" start-time="2019-04-19 14:55:04Z" end-time="2019-04-19 14:55:04Z" duration="0.000924" asserts="0" />
      </test-suite>
      <test-suite type="TestFixture" id="0-1040" name="SpecDocstringsDocref" fullname="Kaitai.SpecDocstringsDocref" classname="Kaitai.SpecDocstringsDocref" runstate="Runnable" testcasecount="1" result="Passed" start-time="2019-04-19 14:55:04Z" end-time="2019-04-19 14:55:04Z" duration="0.005015" total="1" passed="1" failed="0" inconclusive="0" skipped="0" asserts="0">
        <test-case id="0-1041" name="TestDocstringsDocref" fullname="Kaitai.SpecDocstringsDocref.TestDocstringsDocref" methodname="TestDocstringsDocref" classname="Kaitai.SpecDocstringsDocref" runstate="Runnable" seed="108785173" result="Passed" start-time="2019-04-19 14:55:04Z" end-time="2019-04-19 14:55:04Z" duration="0.000991" asserts="0" />
      </test-suite>
      <test-suite type="TestFixture" id="0-1042" name="SpecEnum0" fullname="Kaitai.SpecEnum0" classname="Kaitai.SpecEnum0" runstate="Runnable" testcasecount="1" result="Passed" start-time="2019-04-19 14:55:04Z" end-time="2019-04-19 14:55:04Z" duration="0.016057" total="1" passed="1" failed="0" inconclusive="0" skipped="0" asserts="2">
        <test-case id="0-1043" name="TestEnum0" fullname="Kaitai.SpecEnum0.TestEnum0" methodname="TestEnum0" classname="Kaitai.SpecEnum0" runstate="Runnable" seed="310189354" result="Passed" start-time="2019-04-19 14:55:04Z" end-time="2019-04-19 14:55:04Z" duration="0.003544" asserts="2" />
      </test-suite>
      <test-suite type="TestFixture" id="0-1044" name="SpecEnum1" fullname="Kaitai.SpecEnum1" classname="Kaitai.SpecEnum1" runstate="Runnable" testcasecount="1" result="Passed" start-time="2019-04-19 14:55:04Z" end-time="2019-04-19 14:55:04Z" duration="0.006009" total="1" passed="1" failed="0" inconclusive="0" skipped="0" asserts="2">
        <test-case id="0-1045" name="TestEnum1" fullname="Kaitai.SpecEnum1.TestEnum1" methodname="TestEnum1" classname="Kaitai.SpecEnum1" runstate="Runnable" seed="677500017" result="Passed" start-time="2019-04-19 14:55:04Z" end-time="2019-04-19 14:55:04Z" duration="0.002931" asserts="2" />
      </test-suite>
      <test-suite type="TestFixture" id="0-1046" name="SpecEnumDeep" fullname="Kaitai.SpecEnumDeep" classname="Kaitai.SpecEnumDeep" runstate="Runnable" testcasecount="1" result="Passed" start-time="2019-04-19 14:55:04Z" end-time="2019-04-19 14:55:04Z" duration="0.005012" total="1" passed="1" failed="0" inconclusive="0" skipped="0" asserts="2">
        <test-case id="0-1047" name="TestEnumDeep" fullname="Kaitai.SpecEnumDeep.TestEnumDeep" methodname="TestEnumDeep" classname="Kaitai.SpecEnumDeep" runstate="Runnable" seed="2125405829" result="Passed" start-time="2019-04-19 14:55:04Z" end-time="2019-04-19 14:55:04Z" duration="0.001702" asserts="2" />
      </test-suite>
      <test-suite type="TestFixture" id="0-1048" name="SpecEnumDeepLiterals" fullname="Kaitai.SpecEnumDeepLiterals" classname="Kaitai.SpecEnumDeepLiterals" runstate="Runnable" testcasecount="1" result="Passed" start-time="2019-04-19 14:55:04Z" end-time="2019-04-19 14:55:04Z" duration="0.006335" total="1" passed="1" failed="0" inconclusive="0" skipped="0" asserts="2">
        <test-case id="0-1049" name="TestEnumDeepLiterals" fullname="Kaitai.SpecEnumDeepLiterals.TestEnumDeepLiterals" methodname="TestEnumDeepLiterals" classname="Kaitai.SpecEnumDeepLiterals" runstate="Runnable" seed="1270729394" result="Passed" start-time="2019-04-19 14:55:04Z" end-time="2019-04-19 14:55:04Z" duration="0.001134" asserts="2" />
      </test-suite>
      <test-suite type="TestFixture" id="0-1050" name="SpecEnumFancy" fullname="Kaitai.SpecEnumFancy" classname="Kaitai.SpecEnumFancy" runstate="Runnable" testcasecount="1" result="Passed" start-time="2019-04-19 14:55:04Z" end-time="2019-04-19 14:55:04Z" duration="0.004951" total="1" passed="1" failed="0" inconclusive="0" skipped="0" asserts="2">
        <test-case id="0-1051" name="TestEnumFancy" fullname="Kaitai.SpecEnumFancy.TestEnumFancy" methodname="TestEnumFancy" classname="Kaitai.SpecEnumFancy" runstate="Runnable" seed="1400221166" result="Passed" start-time="2019-04-19 14:55:04Z" end-time="2019-04-19 14:55:04Z" duration="0.001573" asserts="2" />
      </test-suite>
      <test-suite type="TestFixture" id="0-1052" name="SpecEnumForUnknownId" fullname="Kaitai.SpecEnumForUnknownId" classname="Kaitai.SpecEnumForUnknownId" runstate="Runnable" testcasecount="1" result="Passed" start-time="2019-04-19 14:55:04Z" end-time="2019-04-19 14:55:04Z" duration="0.004263" total="1" passed="1" failed="0" inconclusive="0" skipped="0" asserts="1">
        <test-case id="0-1053" name="TestEnumForUnknownId" fullname="Kaitai.SpecEnumForUnknownId.TestEnumForUnknownId" methodname="TestEnumForUnknownId" classname="Kaitai.SpecEnumForUnknownId" runstate="Runnable" seed="873965322" result="Passed" start-time="2019-04-19 14:55:04Z" end-time="2019-04-19 14:55:04Z" duration="0.001129" asserts="1" />
      </test-suite>
      <test-suite type="TestFixture" id="0-1054" name="SpecEnumIf" fullname="Kaitai.SpecEnumIf" classname="Kaitai.SpecEnumIf" runstate="Runnable" testcasecount="1" result="Passed" start-time="2019-04-19 14:55:04Z" end-time="2019-04-19 14:55:04Z" duration="0.012082" total="1" passed="1" failed="0" inconclusive="0" skipped="0" asserts="7">
        <test-case id="0-1055" name="TestEnumIf" fullname="Kaitai.SpecEnumIf.TestEnumIf" methodname="TestEnumIf" classname="Kaitai.SpecEnumIf" runstate="Runnable" seed="883246883" result="Passed" start-time="2019-04-19 14:55:04Z" end-time="2019-04-19 14:55:04Z" duration="0.007542" asserts="7" />
      </test-suite>
      <test-suite type="TestFixture" id="0-1056" name="SpecEnumNegative" fullname="Kaitai.SpecEnumNegative" classname="Kaitai.SpecEnumNegative" runstate="Runnable" testcasecount="1" result="Passed" start-time="2019-04-19 14:55:04Z" end-time="2019-04-19 14:55:04Z" duration="0.004951" total="1" passed="1" failed="0" inconclusive="0" skipped="0" asserts="2">
        <test-case id="0-1057" name="TestEnumNegative" fullname="Kaitai.SpecEnumNegative.TestEnumNegative" methodname="TestEnumNegative" classname="Kaitai.SpecEnumNegative" runstate="Runnable" seed="273585402" result="Passed" start-time="2019-04-19 14:55:04Z" end-time="2019-04-19 14:55:04Z" duration="0.000966" asserts="2" />
      </test-suite>
      <test-suite type="TestFixture" id="0-1058" name="SpecEnumOfValueInst" fullname="Kaitai.SpecEnumOfValueInst" classname="Kaitai.SpecEnumOfValueInst" runstate="Runnable" testcasecount="1" result="Passed" start-time="2019-04-19 14:55:04Z" end-time="2019-04-19 14:55:04Z" duration="0.005051" total="1" passed="1" failed="0" inconclusive="0" skipped="0" asserts="4">
        <test-case id="0-1059" name="TestEnumOfValueInst" fullname="Kaitai.SpecEnumOfValueInst.TestEnumOfValueInst" methodname="TestEnumOfValueInst" classname="Kaitai.SpecEnumOfValueInst" runstate="Runnable" seed="1708591064" result="Passed" start-time="2019-04-19 14:55:04Z" end-time="2019-04-19 14:55:04Z" duration="0.001716" asserts="4" />
      </test-suite>
      <test-suite type="TestFixture" id="0-1060" name="SpecEnumToI" fullname="Kaitai.SpecEnumToI" classname="Kaitai.SpecEnumToI" runstate="Runnable" testcasecount="1" result="Passed" start-time="2019-04-19 14:55:04Z" end-time="2019-04-19 14:55:04Z" duration="0.005013" total="1" passed="1" failed="0" inconclusive="0" skipped="0" asserts="4">
        <test-case id="0-1061" name="TestEnumToI" fullname="Kaitai.SpecEnumToI.TestEnumToI" methodname="TestEnumToI" classname="Kaitai.SpecEnumToI" runstate="Runnable" seed="743012816" result="Passed" start-time="2019-04-19 14:55:04Z" end-time="2019-04-19 14:55:04Z" duration="0.001609" asserts="4" />
      </test-suite>
      <test-suite type="TestFixture" id="0-1062" name="SpecEofExceptionBytes" fullname="Kaitai.SpecEofExceptionBytes" classname="Kaitai.SpecEofExceptionBytes" runstate="Runnable" testcasecount="1" result="Passed" start-time="2019-04-19 14:55:04Z" end-time="2019-04-19 14:55:04Z" duration="0.005006" total="1" passed="1" failed="0" inconclusive="0" skipped="0" asserts="1">
        <test-case id="0-1063" name="TestEofExceptionBytes" fullname="Kaitai.SpecEofExceptionBytes.TestEofExceptionBytes" methodname="TestEofExceptionBytes" classname="Kaitai.SpecEofExceptionBytes" runstate="Runnable" seed="224471783" result="Passed" start-time="2019-04-19 14:55:04Z" end-time="2019-04-19 14:55:04Z" duration="0.001079" asserts="1" />
      </test-suite>
      <test-suite type="TestFixture" id="0-1064" name="SpecEofExceptionU4" fullname="Kaitai.SpecEofExceptionU4" classname="Kaitai.SpecEofExceptionU4" runstate="Runnable" testcasecount="1" result="Passed" start-time="2019-04-19 14:55:04Z" end-time="2019-04-19 14:55:04Z" duration="0.005007" total="1" passed="1" failed="0" inconclusive="0" skipped="0" asserts="1">
        <test-case id="0-1065" name="TestEofExceptionU4" fullname="Kaitai.SpecEofExceptionU4.TestEofExceptionU4" methodname="TestEofExceptionU4" classname="Kaitai.SpecEofExceptionU4" runstate="Runnable" seed="104345304" result="Passed" start-time="2019-04-19 14:55:04Z" end-time="2019-04-19 14:55:04Z" duration="0.001168" asserts="1" />
      </test-suite>
      <test-suite type="TestFixture" id="0-1066" name="SpecExpr0" fullname="Kaitai.SpecExpr0" classname="Kaitai.SpecExpr0" runstate="Runnable" testcasecount="1" result="Passed" start-time="2019-04-19 14:55:04Z" end-time="2019-04-19 14:55:04Z" duration="0.005016" total="1" passed="1" failed="0" inconclusive="0" skipped="0" asserts="2">
        <test-case id="0-1067" name="TestExpr0" fullname="Kaitai.SpecExpr0.TestExpr0" methodname="TestExpr0" classname="Kaitai.SpecExpr0" runstate="Runnable" seed="733194158" result="Passed" start-time="2019-04-19 14:55:04Z" end-time="2019-04-19 14:55:04Z" duration="0.001875" asserts="2" />
      </test-suite>
      <test-suite type="TestFixture" id="0-1068" name="SpecExpr1" fullname="Kaitai.SpecExpr1" classname="Kaitai.SpecExpr1" runstate="Runnable" testcasecount="1" result="Passed" start-time="2019-04-19 14:55:04Z" end-time="2019-04-19 14:55:04Z" duration="0.004999" total="1" passed="1" failed="0" inconclusive="0" skipped="0" asserts="4">
        <test-case id="0-1069" name="TestExpr1" fullname="Kaitai.SpecExpr1.TestExpr1" methodname="TestExpr1" classname="Kaitai.SpecExpr1" runstate="Runnable" seed="850689236" result="Passed" start-time="2019-04-19 14:55:04Z" end-time="2019-04-19 14:55:04Z" duration="0.001606" asserts="4" />
      </test-suite>
      <test-suite type="TestFixture" id="0-1070" name="SpecExpr2" fullname="Kaitai.SpecExpr2" classname="Kaitai.SpecExpr2" runstate="Runnable" testcasecount="1" result="Passed" start-time="2019-04-19 14:55:04Z" end-time="2019-04-19 14:55:04Z" duration="0.008012" total="1" passed="1" failed="0" inconclusive="0" skipped="0" asserts="17">
        <test-case id="0-1071" name="TestExpr2" fullname="Kaitai.SpecExpr2.TestExpr2" methodname="TestExpr2" classname="Kaitai.SpecExpr2" runstate="Runnable" seed="775503843" result="Passed" start-time="2019-04-19 14:55:04Z" end-time="2019-04-19 14:55:04Z" duration="0.004607" asserts="17" />
      </test-suite>
      <test-suite type="TestFixture" id="0-1072" name="SpecExpr3" fullname="Kaitai.SpecExpr3" classname="Kaitai.SpecExpr3" runstate="Runnable" testcasecount="1" result="Passed" start-time="2019-04-19 14:55:04Z" end-time="2019-04-19 14:55:04Z" duration="0.007013" total="1" passed="1" failed="0" inconclusive="0" skipped="0" asserts="12">
        <test-case id="0-1073" name="TestExpr3" fullname="Kaitai.SpecExpr3.TestExpr3" methodname="TestExpr3" classname="Kaitai.SpecExpr3" runstate="Runnable" seed="374569319" result="Passed" start-time="2019-04-19 14:55:04Z" end-time="2019-04-19 14:55:04Z" duration="0.003774" asserts="12" />
      </test-suite>
      <test-suite type="TestFixture" id="0-1074" name="SpecExprArray" fullname="Kaitai.SpecExprArray" classname="Kaitai.SpecExprArray" runstate="Runnable" testcasecount="1" result="Passed" start-time="2019-04-19 14:55:04Z" end-time="2019-04-19 14:55:04Z" duration="0.018001" total="1" passed="1" failed="0" inconclusive="0" skipped="0" asserts="15">
        <test-case id="0-1075" name="TestExprArray" fullname="Kaitai.SpecExprArray.TestExprArray" methodname="TestExprArray" classname="Kaitai.SpecExprArray" runstate="Runnable" seed="1646117308" result="Passed" start-time="2019-04-19 14:55:04Z" end-time="2019-04-19 14:55:04Z" duration="0.013960" asserts="15" />
      </test-suite>
      <test-suite type="TestFixture" id="0-1076" name="SpecExprBytesCmp" fullname="Kaitai.SpecExprBytesCmp" classname="Kaitai.SpecExprBytesCmp" runstate="Runnable" testcasecount="1" result="Passed" start-time="2019-04-19 14:55:04Z" end-time="2019-04-19 14:55:04Z" duration="0.007146" total="1" passed="1" failed="0" inconclusive="0" skipped="0" asserts="10">
        <test-case id="0-1077" name="TestExprBytesCmp" fullname="Kaitai.SpecExprBytesCmp.TestExprBytesCmp" methodname="TestExprBytesCmp" classname="Kaitai.SpecExprBytesCmp" runstate="Runnable" seed="133664162" result="Passed" start-time="2019-04-19 14:55:04Z" end-time="2019-04-19 14:55:04Z" duration="0.004012" asserts="10" />
      </test-suite>
      <test-suite type="TestFixture" id="0-1078" name="SpecExprEnum" fullname="Kaitai.SpecExprEnum" classname="Kaitai.SpecExprEnum" runstate="Runnable" testcasecount="1" result="Passed" start-time="2019-04-19 14:55:04Z" end-time="2019-04-19 14:55:04Z" duration="0.005093" total="1" passed="1" failed="0" inconclusive="0" skipped="0" asserts="3">
        <test-case id="0-1079" name="TestExprEnum" fullname="Kaitai.SpecExprEnum.TestExprEnum" methodname="TestExprEnum" classname="Kaitai.SpecExprEnum" runstate="Runnable" seed="1353376102" result="Passed" start-time="2019-04-19 14:55:04Z" end-time="2019-04-19 14:55:04Z" duration="0.001504" asserts="3" />
      </test-suite>
      <test-suite type="TestFixture" id="0-1080" name="SpecExprIoEof" fullname="Kaitai.SpecExprIoEof" classname="Kaitai.SpecExprIoEof" runstate="Runnable" testcasecount="1" result="Passed" start-time="2019-04-19 14:55:04Z" end-time="2019-04-19 14:55:04Z" duration="0.005482" total="1" passed="1" failed="0" inconclusive="0" skipped="0" asserts="4">
        <test-case id="0-1081" name="TestExprIoEof" fullname="Kaitai.SpecExprIoEof.TestExprIoEof" methodname="TestExprIoEof" classname="Kaitai.SpecExprIoEof" runstate="Runnable" seed="1198324555" result="Passed" start-time="2019-04-19 14:55:04Z" end-time="2019-04-19 14:55:04Z" duration="0.002834" asserts="4" />
      </test-suite>
      <test-suite type="TestFixture" id="0-1082" name="SpecExprIoPos" fullname="Kaitai.SpecExprIoPos" classname="Kaitai.SpecExprIoPos" runstate="Runnable" testcasecount="1" result="Passed" start-time="2019-04-19 14:55:04Z" end-time="2019-04-19 14:55:04Z" duration="0.006946" total="1" passed="1" failed="0" inconclusive="0" skipped="0" asserts="6">
        <test-case id="0-1083" name="TestExprIoPos" fullname="Kaitai.SpecExprIoPos.TestExprIoPos" methodname="TestExprIoPos" classname="Kaitai.SpecExprIoPos" runstate="Runnable" seed="979915077" result="Passed" start-time="2019-04-19 14:55:04Z" end-time="2019-04-19 14:55:04Z" duration="0.002639" asserts="6" />
      </test-suite>
      <test-suite type="TestFixture" id="0-1084" name="SpecExprMod" fullname="Kaitai.SpecExprMod" classname="Kaitai.SpecExprMod" runstate="Runnable" testcasecount="1" result="Passed" start-time="2019-04-19 14:55:04Z" end-time="2019-04-19 14:55:04Z" duration="0.006013" total="1" passed="1" failed="0" inconclusive="0" skipped="0" asserts="6">
        <test-case id="0-1085" name="TestExprMod" fullname="Kaitai.SpecExprMod.TestExprMod" methodname="TestExprMod" classname="Kaitai.SpecExprMod" runstate="Runnable" seed="188971797" result="Passed" start-time="2019-04-19 14:55:04Z" end-time="2019-04-19 14:55:04Z" duration="0.002026" asserts="6" />
      </test-suite>
      <test-suite type="TestFixture" id="0-1086" name="SpecFixedContents" fullname="Kaitai.SpecFixedContents" classname="Kaitai.SpecFixedContents" runstate="Runnable" testcasecount="1" result="Passed" start-time="2019-04-19 14:55:04Z" end-time="2019-04-19 14:55:04Z" duration="0.005003" total="1" passed="1" failed="0" inconclusive="0" skipped="0" asserts="0">
        <test-case id="0-1087" name="TestFixedContents" fullname="Kaitai.SpecFixedContents.TestFixedContents" methodname="TestFixedContents" classname="Kaitai.SpecFixedContents" runstate="Runnable" seed="1255026949" result="Passed" start-time="2019-04-19 14:55:04Z" end-time="2019-04-19 14:55:04Z" duration="0.001672" asserts="0" />
      </test-suite>
      <test-suite type="TestFixture" id="0-1088" name="SpecFixedStruct" fullname="Kaitai.SpecFixedStruct" classname="Kaitai.SpecFixedStruct" runstate="Runnable" testcasecount="1" result="Passed" start-time="2019-04-19 14:55:04Z" end-time="2019-04-19 14:55:04Z" duration="0.009007" total="1" passed="1" failed="0" inconclusive="0" skipped="0" asserts="20">
        <test-case id="0-1089" name="TestFixedStruct" fullname="Kaitai.SpecFixedStruct.TestFixedStruct" methodname="TestFixedStruct" classname="Kaitai.SpecFixedStruct" runstate="Runnable" seed="22474771" result="Passed" start-time="2019-04-19 14:55:04Z" end-time="2019-04-19 14:55:04Z" duration="0.005102" asserts="20" />
      </test-suite>
      <test-suite type="TestFixture" id="0-1092" name="SpecFloatingPoints" fullname="Kaitai.SpecFloatingPoints" classname="Kaitai.SpecFloatingPoints" runstate="Runnable" testcasecount="1" result="Passed" start-time="2019-04-19 14:55:04Z" end-time="2019-04-19 14:55:04Z" duration="0.011756" total="1" passed="1" failed="0" inconclusive="0" skipped="0" asserts="8">
        <test-case id="0-1093" name="TestFloatingPoints" fullname="Kaitai.SpecFloatingPoints.TestFloatingPoints" methodname="TestFloatingPoints" classname="Kaitai.SpecFloatingPoints" runstate="Runnable" seed="406498283" result="Passed" start-time="2019-04-19 14:55:04Z" end-time="2019-04-19 14:55:04Z" duration="0.006079" asserts="8" />
      </test-suite>
      <test-suite type="TestFixture" id="0-1090" name="SpecFloatToI" fullname="Kaitai.SpecFloatToI" classname="Kaitai.SpecFloatToI" runstate="Runnable" testcasecount="1" result="Passed" start-time="2019-04-19 14:55:04Z" end-time="2019-04-19 14:55:04Z" duration="0.005951" total="1" passed="1" failed="0" inconclusive="0" skipped="0" asserts="8">
        <test-case id="0-1091" name="TestFloatToI" fullname="Kaitai.SpecFloatToI.TestFloatToI" methodname="TestFloatToI" classname="Kaitai.SpecFloatToI" runstate="Runnable" seed="1545177197" result="Passed" start-time="2019-04-19 14:55:04Z" end-time="2019-04-19 14:55:04Z" duration="0.002133" asserts="8" />
      </test-suite>
      <test-suite type="TestFixture" id="0-1094" name="SpecHelloWorld" fullname="Kaitai.SpecHelloWorld" classname="Kaitai.SpecHelloWorld" runstate="Runnable" testcasecount="1" result="Passed" start-time="2019-04-19 14:55:04Z" end-time="2019-04-19 14:55:05Z" duration="0.004471" total="1" passed="1" failed="0" inconclusive="0" skipped="0" asserts="1">
        <test-case id="0-1095" name="TestHelloWorld" fullname="Kaitai.SpecHelloWorld.TestHelloWorld" methodname="TestHelloWorld" classname="Kaitai.SpecHelloWorld" runstate="Runnable" seed="867073053" result="Passed" start-time="2019-04-19 14:55:04Z" end-time="2019-04-19 14:55:04Z" duration="0.000716" asserts="1" />
      </test-suite>
      <test-suite type="TestFixture" id="0-1096" name="SpecIfInstances" fullname="Kaitai.SpecIfInstances" classname="Kaitai.SpecIfInstances" runstate="Runnable" testcasecount="1" result="Passed" start-time="2019-04-19 14:55:05Z" end-time="2019-04-19 14:55:05Z" duration="0.005022" total="1" passed="1" failed="0" inconclusive="0" skipped="0" asserts="1">
        <test-case id="0-1097" name="TestIfInstances" fullname="Kaitai.SpecIfInstances.TestIfInstances" methodname="TestIfInstances" classname="Kaitai.SpecIfInstances" runstate="Runnable" seed="153028698" result="Passed" start-time="2019-04-19 14:55:05Z" end-time="2019-04-19 14:55:05Z" duration="0.001191" asserts="1" />
      </test-suite>
      <test-suite type="TestFixture" id="0-1098" name="SpecIfStruct" fullname="Kaitai.SpecIfStruct" classname="Kaitai.SpecIfStruct" runstate="Runnable" testcasecount="1" result="Passed" start-time="2019-04-19 14:55:05Z" end-time="2019-04-19 14:55:05Z" duration="0.006012" total="1" passed="1" failed="0" inconclusive="0" skipped="0" asserts="7">
        <test-case id="0-1099" name="TestIfStruct" fullname="Kaitai.SpecIfStruct.TestIfStruct" methodname="TestIfStruct" classname="Kaitai.SpecIfStruct" runstate="Runnable" seed="1800505063" result="Passed" start-time="2019-04-19 14:55:05Z" end-time="2019-04-19 14:55:05Z" duration="0.002422" asserts="7" />
      </test-suite>
      <test-suite type="TestFixture" id="0-1100" name="SpecIfValues" fullname="Kaitai.SpecIfValues" classname="Kaitai.SpecIfValues" runstate="Runnable" testcasecount="1" result="Passed" start-time="2019-04-19 14:55:05Z" end-time="2019-04-19 14:55:05Z" duration="0.005026" total="1" passed="1" failed="0" inconclusive="0" skipped="0" asserts="6">
        <test-case id="0-1101" name="TestIfValues" fullname="Kaitai.SpecIfValues.TestIfValues" methodname="TestIfValues" classname="Kaitai.SpecIfValues" runstate="Runnable" seed="1726601652" result="Passed" start-time="2019-04-19 14:55:05Z" end-time="2019-04-19 14:55:05Z" duration="0.001846" asserts="6" />
      </test-suite>
      <test-suite type="TestFixture" id="0-1102" name="SpecImports0" fullname="Kaitai.SpecImports0" classname="Kaitai.SpecImports0" runstate="Runnable" testcasecount="1" result="Passed" start-time="2019-04-19 14:55:05Z" end-time="2019-04-19 14:55:05Z" duration="0.005017" total="1" passed="1" failed="0" inconclusive="0" skipped="0" asserts="3">
        <test-case id="0-1103" name="TestImports0" fullname="Kaitai.SpecImports0.TestImports0" methodname="TestImports0" classname="Kaitai.SpecImports0" runstate="Runnable" seed="31583291" result="Passed" start-time="2019-04-19 14:55:05Z" end-time="2019-04-19 14:55:05Z" duration="0.001063" asserts="3" />
      </test-suite>
      <test-suite type="TestFixture" id="0-1104" name="SpecImportsAbs" fullname="Kaitai.SpecImportsAbs" classname="Kaitai.SpecImportsAbs" runstate="Runnable" testcasecount="1" result="Passed" start-time="2019-04-19 14:55:05Z" end-time="2019-04-19 14:55:05Z" duration="0.007054" total="1" passed="1" failed="0" inconclusive="0" skipped="0" asserts="2">
        <test-case id="0-1105" name="TestImportsAbs" fullname="Kaitai.SpecImportsAbs.TestImportsAbs" methodname="TestImportsAbs" classname="Kaitai.SpecImportsAbs" runstate="Runnable" seed="930571566" result="Passed" start-time="2019-04-19 14:55:05Z" end-time="2019-04-19 14:55:05Z" duration="0.003169" asserts="2" />
      </test-suite>
      <test-suite type="TestFixture" id="0-1106" name="SpecImportsCircularA" fullname="Kaitai.SpecImportsCircularA" classname="Kaitai.SpecImportsCircularA" runstate="Runnable" testcasecount="1" result="Passed" start-time="2019-04-19 14:55:05Z" end-time="2019-04-19 14:55:05Z" duration="0.005009" total="1" passed="1" failed="0" inconclusive="0" skipped="0" asserts="5">
        <test-case id="0-1107" name="TestImportsCircularA" fullname="Kaitai.SpecImportsCircularA.TestImportsCircularA" methodname="TestImportsCircularA" classname="Kaitai.SpecImportsCircularA" runstate="Runnable" seed="906627234" result="Passed" start-time="2019-04-19 14:55:05Z" end-time="2019-04-19 14:55:05Z" duration="0.001667" asserts="5" />
      </test-suite>
      <test-suite type="TestFixture" id="0-1108" name="SpecIndexSizes" fullname="Kaitai.SpecIndexSizes" classname="Kaitai.SpecIndexSizes" runstate="Runnable" testcasecount="1" result="Passed" start-time="2019-04-19 14:55:05Z" end-time="2019-04-19 14:55:05Z" duration="0.005009" total="1" passed="1" failed="0" inconclusive="0" skipped="0" asserts="7">
        <test-case id="0-1109" name="TestIndexSizes" fullname="Kaitai.SpecIndexSizes.TestIndexSizes" methodname="TestIndexSizes" classname="Kaitai.SpecIndexSizes" runstate="Runnable" seed="1553944446" result="Passed" start-time="2019-04-19 14:55:05Z" end-time="2019-04-19 14:55:05Z" duration="0.001400" asserts="7" />
      </test-suite>
      <test-suite type="TestFixture" id="0-1110" name="SpecIndexToParamEos" fullname="Kaitai.SpecIndexToParamEos" classname="Kaitai.SpecIndexToParamEos" runstate="Runnable" testcasecount="1" result="Passed" start-time="2019-04-19 14:55:05Z" end-time="2019-04-19 14:55:05Z" duration="0.005072" total="1" passed="1" failed="0" inconclusive="0" skipped="0" asserts="7">
        <test-case id="0-1111" name="TestIndexToParamEos" fullname="Kaitai.SpecIndexToParamEos.TestIndexToParamEos" methodname="TestIndexToParamEos" classname="Kaitai.SpecIndexToParamEos" runstate="Runnable" seed="352964887" result="Passed" start-time="2019-04-19 14:55:05Z" end-time="2019-04-19 14:55:05Z" duration="0.001872" asserts="7" />
      </test-suite>
      <test-suite type="TestFixture" id="0-1112" name="SpecIndexToParamExpr" fullname="Kaitai.SpecIndexToParamExpr" classname="Kaitai.SpecIndexToParamExpr" runstate="Runnable" testcasecount="1" result="Passed" start-time="2019-04-19 14:55:05Z" end-time="2019-04-19 14:55:05Z" duration="0.005007" total="1" passed="1" failed="0" inconclusive="0" skipped="0" asserts="7">
        <test-case id="0-1113" name="TestIndexToParamExpr" fullname="Kaitai.SpecIndexToParamExpr.TestIndexToParamExpr" methodname="TestIndexToParamExpr" classname="Kaitai.SpecIndexToParamExpr" runstate="Runnable" seed="478538897" result="Passed" start-time="2019-04-19 14:55:05Z" end-time="2019-04-19 14:55:05Z" duration="0.001945" asserts="7" />
      </test-suite>
      <test-suite type="TestFixture" id="0-1114" name="SpecIndexToParamUntil" fullname="Kaitai.SpecIndexToParamUntil" classname="Kaitai.SpecIndexToParamUntil" runstate="Runnable" testcasecount="1" result="Passed" start-time="2019-04-19 14:55:05Z" end-time="2019-04-19 14:55:05Z" duration="0.005007" total="1" passed="1" failed="0" inconclusive="0" skipped="0" asserts="7">
        <test-case id="0-1115" name="TestIndexToParamUntil" fullname="Kaitai.SpecIndexToParamUntil.TestIndexToParamUntil" methodname="TestIndexToParamUntil" classname="Kaitai.SpecIndexToParamUntil" runstate="Runnable" seed="628314757" result="Passed" start-time="2019-04-19 14:55:05Z" end-time="2019-04-19 14:55:05Z" duration="0.001809" asserts="7" />
      </test-suite>
      <test-suite type="TestFixture" id="0-1116" name="SpecInstanceIoUser" fullname="Kaitai.SpecInstanceIoUser" classname="Kaitai.SpecInstanceIoUser" runstate="Runnable" testcasecount="1" result="Passed" start-time="2019-04-19 14:55:05Z" end-time="2019-04-19 14:55:05Z" duration="0.006015" total="1" passed="1" failed="0" inconclusive="0" skipped="0" asserts="4">
        <test-case id="0-1117" name="TestInstanceIoUser" fullname="Kaitai.SpecInstanceIoUser.TestInstanceIoUser" methodname="TestInstanceIoUser" classname="Kaitai.SpecInstanceIoUser" runstate="Runnable" seed="1763782645" result="Passed" start-time="2019-04-19 14:55:05Z" end-time="2019-04-19 14:55:05Z" duration="0.002241" asserts="4" />
      </test-suite>
      <test-suite type="TestFixture" id="0-1118" name="SpecInstanceStd" fullname="Kaitai.SpecInstanceStd" classname="Kaitai.SpecInstanceStd" runstate="Runnable" testcasecount="1" result="Passed" start-time="2019-04-19 14:55:05Z" end-time="2019-04-19 14:55:05Z" duration="0.004205" total="1" passed="1" failed="0" inconclusive="0" skipped="0" asserts="1">
        <test-case id="0-1119" name="TestInstanceStd" fullname="Kaitai.SpecInstanceStd.TestInstanceStd" methodname="TestInstanceStd" classname="Kaitai.SpecInstanceStd" runstate="Runnable" seed="30703233" result="Passed" start-time="2019-04-19 14:55:05Z" end-time="2019-04-19 14:55:05Z" duration="0.000860" asserts="1" />
      </test-suite>
      <test-suite type="TestFixture" id="0-1120" name="SpecInstanceStdArray" fullname="Kaitai.SpecInstanceStdArray" classname="Kaitai.SpecInstanceStdArray" runstate="Runnable" testcasecount="1" result="Passed" start-time="2019-04-19 14:55:05Z" end-time="2019-04-19 14:55:05Z" duration="0.005983" total="1" passed="1" failed="0" inconclusive="0" skipped="0" asserts="7">
        <test-case id="0-1121" name="TestInstanceStdArray" fullname="Kaitai.SpecInstanceStdArray.TestInstanceStdArray" methodname="TestInstanceStdArray" classname="Kaitai.SpecInstanceStdArray" runstate="Runnable" seed="1944615979" result="Passed" start-time="2019-04-19 14:55:05Z" end-time="2019-04-19 14:55:05Z" duration="0.002009" asserts="7" />
      </test-suite>
      <test-suite type="TestFixture" id="0-1122" name="SpecInstanceUserArray" fullname="Kaitai.SpecInstanceUserArray" classname="Kaitai.SpecInstanceUserArray" runstate="Runnable" testcasecount="1" result="Passed" start-time="2019-04-19 14:55:05Z" end-time="2019-04-19 14:55:05Z" duration="0.006016" total="1" passed="1" failed="0" inconclusive="0" skipped="0" asserts="10">
        <test-case id="0-1123" name="TestInstanceUserArray" fullname="Kaitai.SpecInstanceUserArray.TestInstanceUserArray" methodname="TestInstanceUserArray" classname="Kaitai.SpecInstanceUserArray" runstate="Runnable" seed="1760831768" result="Passed" start-time="2019-04-19 14:55:05Z" end-time="2019-04-19 14:55:05Z" duration="0.002357" asserts="10" />
      </test-suite>
      <test-suite type="TestFixture" id="0-1124" name="SpecIntegers" fullname="Kaitai.SpecIntegers" classname="Kaitai.SpecIntegers" runstate="Runnable" testcasecount="1" result="Passed" start-time="2019-04-19 14:55:05Z" end-time="2019-04-19 14:55:05Z" duration="0.007018" total="1" passed="1" failed="0" inconclusive="0" skipped="0" asserts="20">
        <test-case id="0-1125" name="TestIntegers" fullname="Kaitai.SpecIntegers.TestIntegers" methodname="TestIntegers" classname="Kaitai.SpecIntegers" runstate="Runnable" seed="397686915" result="Passed" start-time="2019-04-19 14:55:05Z" end-time="2019-04-19 14:55:05Z" duration="0.003496" asserts="20" />
      </test-suite>
      <test-suite type="TestFixture" id="0-1126" name="SpecIoLocalVar" fullname="Kaitai.SpecIoLocalVar" classname="Kaitai.SpecIoLocalVar" runstate="Runnable" testcasecount="1" result="Passed" start-time="2019-04-19 14:55:05Z" end-time="2019-04-19 14:55:05Z" duration="0.004883" total="1" passed="1" failed="0" inconclusive="0" skipped="0" asserts="2">
        <test-case id="0-1127" name="TestIoLocalVar" fullname="Kaitai.SpecIoLocalVar.TestIoLocalVar" methodname="TestIoLocalVar" classname="Kaitai.SpecIoLocalVar" runstate="Runnable" seed="2132490951" result="Passed" start-time="2019-04-19 14:55:05Z" end-time="2019-04-19 14:55:05Z" duration="0.001467" asserts="2" />
      </test-suite>
      <test-suite type="TestFixture" id="0-1128" name="SpecJsSignedRightShift" fullname="Kaitai.SpecJsSignedRightShift" classname="Kaitai.SpecJsSignedRightShift" runstate="Runnable" testcasecount="1" result="Passed" start-time="2019-04-19 14:55:05Z" end-time="2019-04-19 14:55:05Z" duration="0.004010" total="1" passed="1" failed="0" inconclusive="0" skipped="0" asserts="2">
        <test-case id="0-1129" name="TestJsSignedRightShift" fullname="Kaitai.SpecJsSignedRightShift.TestJsSignedRightShift" methodname="TestJsSignedRightShift" classname="Kaitai.SpecJsSignedRightShift" runstate="Runnable" seed="451684008" result="Passed" start-time="2019-04-19 14:55:05Z" end-time="2019-04-19 14:55:05Z" duration="0.000756" asserts="2" />
      </test-suite>
      <test-suite type="TestFixture" id="0-1130" name="SpecMetaXref" fullname="Kaitai.SpecMetaXref" classname="Kaitai.SpecMetaXref" runstate="Runnable" testcasecount="1" result="Passed" start-time="2019-04-19 14:55:05Z" end-time="2019-04-19 14:55:05Z" duration="0.004033" total="1" passed="1" failed="0" inconclusive="0" skipped="0" asserts="0">
        <test-case id="0-1131" name="TestMetaXref" fullname="Kaitai.SpecMetaXref.TestMetaXref" methodname="TestMetaXref" classname="Kaitai.SpecMetaXref" runstate="Runnable" seed="1454991557" result="Passed" start-time="2019-04-19 14:55:05Z" end-time="2019-04-19 14:55:05Z" duration="0.000483" asserts="0" />
      </test-suite>
      <test-suite type="TestFixture" id="0-1132" name="SpecMultipleUse" fullname="Kaitai.SpecMultipleUse" classname="Kaitai.SpecMultipleUse" runstate="Runnable" testcasecount="1" result="Passed" start-time="2019-04-19 14:55:05Z" end-time="2019-04-19 14:55:05Z" duration="0.005152" total="1" passed="1" failed="0" inconclusive="0" skipped="0" asserts="2">
        <test-case id="0-1133" name="TestMultipleUse" fullname="Kaitai.SpecMultipleUse.TestMultipleUse" methodname="TestMultipleUse" classname="Kaitai.SpecMultipleUse" runstate="Runnable" seed="117777425" result="Passed" start-time="2019-04-19 14:55:05Z" end-time="2019-04-19 14:55:05Z" duration="0.001992" asserts="2" />
      </test-suite>
      <test-suite type="TestFixture" id="0-1134" name="SpecNavParent" fullname="Kaitai.SpecNavParent" classname="Kaitai.SpecNavParent" runstate="Runnable" testcasecount="1" result="Passed" start-time="2019-04-19 14:55:05Z" end-time="2019-04-19 14:55:05Z" duration="0.010966" total="1" passed="1" failed="0" inconclusive="0" skipped="0" asserts="5">
        <test-case id="0-1135" name="TestNavParent" fullname="Kaitai.SpecNavParent.TestNavParent" methodname="TestNavParent" classname="Kaitai.SpecNavParent" runstate="Runnable" seed="1300599642" result="Passed" start-time="2019-04-19 14:55:05Z" end-time="2019-04-19 14:55:05Z" duration="0.003473" asserts="5" />
      </test-suite>
      <test-suite type="TestFixture" id="0-1136" name="SpecNavParent2" fullname="Kaitai.SpecNavParent2" classname="Kaitai.SpecNavParent2" runstate="Runnable" testcasecount="1" result="Passed" start-time="2019-04-19 14:55:05Z" end-time="2019-04-19 14:55:05Z" duration="0.007026" total="1" passed="1" failed="0" inconclusive="0" skipped="0" asserts="10">
        <test-case id="0-1137" name="TestNavParent2" fullname="Kaitai.SpecNavParent2.TestNavParent2" methodname="TestNavParent2" classname="Kaitai.SpecNavParent2" runstate="Runnable" seed="1795439003" result="Passed" start-time="2019-04-19 14:55:05Z" end-time="2019-04-19 14:55:05Z" duration="0.003334" asserts="10" />
      </test-suite>
      <test-suite type="TestFixture" id="0-1138" name="SpecNavParent3" fullname="Kaitai.SpecNavParent3" classname="Kaitai.SpecNavParent3" runstate="Runnable" testcasecount="1" result="Passed" start-time="2019-04-19 14:55:05Z" end-time="2019-04-19 14:55:05Z" duration="0.008015" total="1" passed="1" failed="0" inconclusive="0" skipped="0" asserts="10">
        <test-case id="0-1139" name="TestNavParent3" fullname="Kaitai.SpecNavParent3.TestNavParent3" methodname="TestNavParent3" classname="Kaitai.SpecNavParent3" runstate="Runnable" seed="1550360852" result="Passed" start-time="2019-04-19 14:55:05Z" end-time="2019-04-19 14:55:05Z" duration="0.004085" asserts="10" />
      </test-suite>
      <test-suite type="TestFixture" id="0-1140" name="SpecNavParentFalse" fullname="Kaitai.SpecNavParentFalse" classname="Kaitai.SpecNavParentFalse" runstate="Runnable" testcasecount="1" result="Passed" start-time="2019-04-19 14:55:05Z" end-time="2019-04-19 14:55:05Z" duration="0.006005" total="1" passed="1" failed="0" inconclusive="0" skipped="0" asserts="5">
        <test-case id="0-1141" name="TestNavParentFalse" fullname="Kaitai.SpecNavParentFalse.TestNavParentFalse" methodname="TestNavParentFalse" classname="Kaitai.SpecNavParentFalse" runstate="Runnable" seed="1103183203" result="Passed" start-time="2019-04-19 14:55:05Z" end-time="2019-04-19 14:55:05Z" duration="0.002785" asserts="5" />
      </test-suite>
      <test-suite type="TestFixture" id="0-1142" name="SpecNavParentFalse2" fullname="Kaitai.SpecNavParentFalse2" classname="Kaitai.SpecNavParentFalse2" runstate="Runnable" testcasecount="1" result="Passed" start-time="2019-04-19 14:55:05Z" end-time="2019-04-19 14:55:05Z" duration="0.004011" total="1" passed="1" failed="0" inconclusive="0" skipped="0" asserts="1">
        <test-case id="0-1143" name="TestNavParentFalse2" fullname="Kaitai.SpecNavParentFalse2.TestNavParentFalse2" methodname="TestNavParentFalse2" classname="Kaitai.SpecNavParentFalse2" runstate="Runnable" seed="1958970482" result="Passed" start-time="2019-04-19 14:55:05Z" end-time="2019-04-19 14:55:05Z" duration="0.000862" asserts="1" />
      </test-suite>
      <test-suite type="TestFixture" id="0-1144" name="SpecNavParentOverride" fullname="Kaitai.SpecNavParentOverride" classname="Kaitai.SpecNavParentOverride" runstate="Runnable" testcasecount="1" result="Passed" start-time="2019-04-19 14:55:05Z" end-time="2019-04-19 14:55:05Z" duration="0.005013" total="1" passed="1" failed="0" inconclusive="0" skipped="0" asserts="3">
        <test-case id="0-1145" name="TestNavParentOverride" fullname="Kaitai.SpecNavParentOverride.TestNavParentOverride" methodname="TestNavParentOverride" classname="Kaitai.SpecNavParentOverride" runstate="Runnable" seed="696027308" result="Passed" start-time="2019-04-19 14:55:05Z" end-time="2019-04-19 14:55:05Z" duration="0.001707" asserts="3" />
      </test-suite>
      <test-suite type="TestFixture" id="0-1146" name="SpecNavParentSwitch" fullname="Kaitai.SpecNavParentSwitch" classname="Kaitai.SpecNavParentSwitch" runstate="Runnable" testcasecount="1" result="Passed" start-time="2019-04-19 14:55:05Z" end-time="2019-04-19 14:55:05Z" duration="0.006013" total="1" passed="1" failed="0" inconclusive="0" skipped="0" asserts="3">
        <test-case id="0-1147" name="TestNavParentSwitch" fullname="Kaitai.SpecNavParentSwitch.TestNavParentSwitch" methodname="TestNavParentSwitch" classname="Kaitai.SpecNavParentSwitch" runstate="Runnable" seed="575369831" result="Passed" start-time="2019-04-19 14:55:05Z" end-time="2019-04-19 14:55:05Z" duration="0.001981" asserts="3" />
      </test-suite>
      <test-suite type="TestFixture" id="0-1148" name="SpecNavParentVsValueInst" fullname="Kaitai.SpecNavParentVsValueInst" classname="Kaitai.SpecNavParentVsValueInst" runstate="Runnable" testcasecount="1" result="Passed" start-time="2019-04-19 14:55:05Z" end-time="2019-04-19 14:55:05Z" duration="0.013404" total="1" passed="1" failed="0" inconclusive="0" skipped="0" asserts="1">
        <test-case id="0-1149" name="TestNavParentVsValueInst" fullname="Kaitai.SpecNavParentVsValueInst.TestNavParentVsValueInst" methodname="TestNavParentVsValueInst" classname="Kaitai.SpecNavParentVsValueInst" runstate="Runnable" seed="1394104722" result="Passed" start-time="2019-04-19 14:55:05Z" end-time="2019-04-19 14:55:05Z" duration="0.001022" asserts="1" />
      </test-suite>
      <test-suite type="TestFixture" id="0-1150" name="SpecNavRoot" fullname="Kaitai.SpecNavRoot" classname="Kaitai.SpecNavRoot" runstate="Runnable" testcasecount="1" result="Passed" start-time="2019-04-19 14:55:05Z" end-time="2019-04-19 14:55:05Z" duration="0.008000" total="1" passed="1" failed="0" inconclusive="0" skipped="0" asserts="5">
        <test-case id="0-1151" name="TestNavRoot" fullname="Kaitai.SpecNavRoot.TestNavRoot" methodname="TestNavRoot" classname="Kaitai.SpecNavRoot" runstate="Runnable" seed="1090423338" result="Passed" start-time="2019-04-19 14:55:05Z" end-time="2019-04-19 14:55:05Z" duration="0.004081" asserts="5" />
      </test-suite>
      <test-suite type="TestFixture" id="0-1152" name="SpecNestedSameName" fullname="Kaitai.SpecNestedSameName" classname="Kaitai.SpecNestedSameName" runstate="Runnable" testcasecount="1" result="Passed" start-time="2019-04-19 14:55:05Z" end-time="2019-04-19 14:55:05Z" duration="0.006010" total="1" passed="1" failed="0" inconclusive="0" skipped="0" asserts="2">
        <test-case id="0-1153" name="TestNestedSameName" fullname="Kaitai.SpecNestedSameName.TestNestedSameName" methodname="TestNestedSameName" classname="Kaitai.SpecNestedSameName" runstate="Runnable" seed="1149902104" result="Passed" start-time="2019-04-19 14:55:05Z" end-time="2019-04-19 14:55:05Z" duration="0.002233" asserts="2" />
      </test-suite>
      <test-suite type="TestFixture" id="0-1154" name="SpecNestedSameName2" fullname="Kaitai.SpecNestedSameName2" classname="Kaitai.SpecNestedSameName2" runstate="Runnable" testcasecount="1" result="Passed" start-time="2019-04-19 14:55:05Z" end-time="2019-04-19 14:55:05Z" duration="0.006003" total="1" passed="1" failed="0" inconclusive="0" skipped="0" asserts="5">
        <test-case id="0-1155" name="TestNestedSameName2" fullname="Kaitai.SpecNestedSameName2.TestNestedSameName2" methodname="TestNestedSameName2" classname="Kaitai.SpecNestedSameName2" runstate="Runnable" seed="1042534730" result="Passed" start-time="2019-04-19 14:55:05Z" end-time="2019-04-19 14:55:05Z" duration="0.002492" asserts="5" />
      </test-suite>
      <test-suite type="TestFixture" id="0-1156" name="SpecNestedTypes" fullname="Kaitai.SpecNestedTypes" classname="Kaitai.SpecNestedTypes" runstate="Runnable" testcasecount="1" result="Passed" start-time="2019-04-19 14:55:05Z" end-time="2019-04-19 14:55:05Z" duration="0.005016" total="1" passed="1" failed="0" inconclusive="0" skipped="0" asserts="3">
        <test-case id="0-1157" name="TestNestedTypes" fullname="Kaitai.SpecNestedTypes.TestNestedTypes" methodname="TestNestedTypes" classname="Kaitai.SpecNestedTypes" runstate="Runnable" seed="1546076105" result="Passed" start-time="2019-04-19 14:55:05Z" end-time="2019-04-19 14:55:05Z" duration="0.001689" asserts="3" />
      </test-suite>
      <test-suite type="TestFixture" id="0-1158" name="SpecNestedTypes2" fullname="Kaitai.SpecNestedTypes2" classname="Kaitai.SpecNestedTypes2" runstate="Runnable" testcasecount="1" result="Passed" start-time="2019-04-19 14:55:05Z" end-time="2019-04-19 14:55:05Z" duration="0.007002" total="1" passed="1" failed="0" inconclusive="0" skipped="0" asserts="7">
        <test-case id="0-1159" name="TestNestedTypes2" fullname="Kaitai.SpecNestedTypes2.TestNestedTypes2" methodname="TestNestedTypes2" classname="Kaitai.SpecNestedTypes2" runstate="Runnable" seed="2019175156" result="Passed" start-time="2019-04-19 14:55:05Z" end-time="2019-04-19 14:55:05Z" duration="0.003330" asserts="7" />
      </test-suite>
      <test-suite type="TestFixture" id="0-1160" name="SpecNestedTypes3" fullname="Kaitai.SpecNestedTypes3" classname="Kaitai.SpecNestedTypes3" runstate="Runnable" testcasecount="1" result="Passed" start-time="2019-04-19 14:55:05Z" end-time="2019-04-19 14:55:05Z" duration="0.005941" total="1" passed="1" failed="0" inconclusive="0" skipped="0" asserts="5">
        <test-case id="0-1161" name="TestNestedTypes3" fullname="Kaitai.SpecNestedTypes3.TestNestedTypes3" methodname="TestNestedTypes3" classname="Kaitai.SpecNestedTypes3" runstate="Runnable" seed="1612663821" result="Passed" start-time="2019-04-19 14:55:05Z" end-time="2019-04-19 14:55:05Z" duration="0.002643" asserts="5" />
      </test-suite>
      <test-suite type="TestFixture" id="0-1162" name="SpecNonStandard" fullname="Kaitai.SpecNonStandard" classname="Kaitai.SpecNonStandard" runstate="Runnable" testcasecount="1" result="Passed" start-time="2019-04-19 14:55:05Z" end-time="2019-04-19 14:55:05Z" duration="0.004261" total="1" passed="1" failed="0" inconclusive="0" skipped="0" asserts="1">
        <test-case id="0-1163" name="TestNonStandard" fullname="Kaitai.SpecNonStandard.TestNonStandard" methodname="TestNonStandard" classname="Kaitai.SpecNonStandard" runstate="Runnable" seed="75071940" result="Passed" start-time="2019-04-19 14:55:05Z" end-time="2019-04-19 14:55:05Z" duration="0.000789" asserts="1" />
      </test-suite>
      <test-suite type="TestFixture" id="0-1164" name="SpecOpaqueExternalType" fullname="Kaitai.SpecOpaqueExternalType" classname="Kaitai.SpecOpaqueExternalType" runstate="Runnable" testcasecount="1" result="Passed" start-time="2019-04-19 14:55:05Z" end-time="2019-04-19 14:55:05Z" duration="0.005010" total="1" passed="1" failed="0" inconclusive="0" skipped="0" asserts="3">
        <test-case id="0-1165" name="TestOpaqueExternalType" fullname="Kaitai.SpecOpaqueExternalType.TestOpaqueExternalType" methodname="TestOpaqueExternalType" classname="Kaitai.SpecOpaqueExternalType" runstate="Runnable" seed="1385301583" result="Passed" start-time="2019-04-19 14:55:05Z" end-time="2019-04-19 14:55:05Z" duration="0.001903" asserts="3" />
      </test-suite>
      <test-suite type="TestFixture" id="0-1166" name="SpecOpaqueExternalType02Parent" fullname="Kaitai.SpecOpaqueExternalType02Parent" classname="Kaitai.SpecOpaqueExternalType02Parent" runstate="Runnable" testcasecount="1" result="Passed" start-time="2019-04-19 14:55:05Z" end-time="2019-04-19 14:55:05Z" duration="0.006023" total="1" passed="1" failed="0" inconclusive="0" skipped="0" asserts="3">
        <test-case id="0-1167" name="TestOpaqueExternalType02Parent" fullname="Kaitai.SpecOpaqueExternalType02Parent.TestOpaqueExternalType02Parent" methodname="TestOpaqueExternalType02Parent" classname="Kaitai.SpecOpaqueExternalType02Parent" runstate="Runnable" seed="698598049" result="Passed" start-time="2019-04-19 14:55:05Z" end-time="2019-04-19 14:55:05Z" duration="0.002664" asserts="3" />
      </test-suite>
      <test-suite type="TestFixture" id="0-1168" name="SpecOpaqueWithParam" fullname="Kaitai.SpecOpaqueWithParam" classname="Kaitai.SpecOpaqueWithParam" runstate="Runnable" testcasecount="1" result="Passed" start-time="2019-04-19 14:55:05Z" end-time="2019-04-19 14:55:05Z" duration="0.005045" total="1" passed="1" failed="0" inconclusive="0" skipped="0" asserts="2">
        <test-case id="0-1169" name="TestOpaqueWithParam" fullname="Kaitai.SpecOpaqueWithParam.TestOpaqueWithParam" methodname="TestOpaqueWithParam" classname="Kaitai.SpecOpaqueWithParam" runstate="Runnable" seed="1208226039" result="Passed" start-time="2019-04-19 14:55:05Z" end-time="2019-04-19 14:55:05Z" duration="0.001921" asserts="2" />
      </test-suite>
      <test-suite type="TestFixture" id="0-1170" name="SpecOptionalId" fullname="Kaitai.SpecOptionalId" classname="Kaitai.SpecOptionalId" runstate="Runnable" testcasecount="1" result="Passed" start-time="2019-04-19 14:55:05Z" end-time="2019-04-19 14:55:05Z" duration="0.005002" total="1" passed="1" failed="0" inconclusive="0" skipped="0" asserts="3">
        <test-case id="0-1171" name="TestOptionalId" fullname="Kaitai.SpecOptionalId.TestOptionalId" methodname="TestOptionalId" classname="Kaitai.SpecOptionalId" runstate="Runnable" seed="912714034" result="Passed" start-time="2019-04-19 14:55:05Z" end-time="2019-04-19 14:55:05Z" duration="0.001285" asserts="3" />
      </test-suite>
      <test-suite type="TestFixture" id="0-1172" name="SpecParamsCallShort" fullname="Kaitai.SpecParamsCallShort" classname="Kaitai.SpecParamsCallShort" runstate="Runnable" testcasecount="1" result="Passed" start-time="2019-04-19 14:55:05Z" end-time="2019-04-19 14:55:05Z" duration="0.006004" total="1" passed="1" failed="0" inconclusive="0" skipped="0" asserts="3">
        <test-case id="0-1173" name="TestParamsCallShort" fullname="Kaitai.SpecParamsCallShort.TestParamsCallShort" methodname="TestParamsCallShort" classname="Kaitai.SpecParamsCallShort" runstate="Runnable" seed="1320251140" result="Passed" start-time="2019-04-19 14:55:05Z" end-time="2019-04-19 14:55:05Z" duration="0.002173" asserts="3" />
      </test-suite>
      <test-suite type="TestFixture" id="0-1174" name="SpecParamsDef" fullname="Kaitai.SpecParamsDef" classname="Kaitai.SpecParamsDef" runstate="Runnable" testcasecount="1" result="Passed" start-time="2019-04-19 14:55:05Z" end-time="2019-04-19 14:55:05Z" duration="0.004011" total="1" passed="1" failed="0" inconclusive="0" skipped="0" asserts="2">
        <test-case id="0-1175" name="TestParamsDef" fullname="Kaitai.SpecParamsDef.TestParamsDef" methodname="TestParamsDef" classname="Kaitai.SpecParamsDef" runstate="Runnable" seed="1221218281" result="Passed" start-time="2019-04-19 14:55:05Z" end-time="2019-04-19 14:55:05Z" duration="0.000583" asserts="2" />
      </test-suite>
      <test-suite type="TestFixture" id="0-1176" name="SpecParamsEnum" fullname="Kaitai.SpecParamsEnum" classname="Kaitai.SpecParamsEnum" runstate="Runnable" testcasecount="1" result="Passed" start-time="2019-04-19 14:55:05Z" end-time="2019-04-19 14:55:05Z" duration="0.005008" total="1" passed="1" failed="0" inconclusive="0" skipped="0" asserts="2">
        <test-case id="0-1177" name="TestParamsEnum" fullname="Kaitai.SpecParamsEnum.TestParamsEnum" methodname="TestParamsEnum" classname="Kaitai.SpecParamsEnum" runstate="Runnable" seed="1748568732" result="Passed" start-time="2019-04-19 14:55:05Z" end-time="2019-04-19 14:55:05Z" duration="0.001354" asserts="2" />
      </test-suite>
      <test-suite type="TestFixture" id="0-1178" name="SpecParamsPassUsertype" fullname="Kaitai.SpecParamsPassUsertype" classname="Kaitai.SpecParamsPassUsertype" runstate="Runnable" testcasecount="1" result="Passed" start-time="2019-04-19 14:55:05Z" end-time="2019-04-19 14:55:05Z" duration="0.006022" total="1" passed="1" failed="0" inconclusive="0" skipped="0" asserts="2">
        <test-case id="0-1179" name="TestParamsPassUsertype" fullname="Kaitai.SpecParamsPassUsertype.TestParamsPassUsertype" methodname="TestParamsPassUsertype" classname="Kaitai.SpecParamsPassUsertype" runstate="Runnable" seed="283657926" result="Passed" start-time="2019-04-19 14:55:05Z" end-time="2019-04-19 14:55:05Z" duration="0.001993" asserts="2" />
      </test-suite>
      <test-suite type="TestFixture" id="0-1180" name="SpecPositionAbs" fullname="Kaitai.SpecPositionAbs" classname="Kaitai.SpecPositionAbs" runstate="Runnable" testcasecount="1" result="Passed" start-time="2019-04-19 14:55:05Z" end-time="2019-04-19 14:55:05Z" duration="0.006015" total="1" passed="1" failed="0" inconclusive="0" skipped="0" asserts="2">
        <test-case id="0-1181" name="TestPositionAbs" fullname="Kaitai.SpecPositionAbs.TestPositionAbs" methodname="TestPositionAbs" classname="Kaitai.SpecPositionAbs" runstate="Runnable" seed="396186044" result="Passed" start-time="2019-04-19 14:55:05Z" end-time="2019-04-19 14:55:05Z" duration="0.001685" asserts="2" />
      </test-suite>
      <test-suite type="TestFixture" id="0-1182" name="SpecPositionInSeq" fullname="Kaitai.SpecPositionInSeq" classname="Kaitai.SpecPositionInSeq" runstate="Runnable" testcasecount="1" result="Passed" start-time="2019-04-19 14:55:05Z" end-time="2019-04-19 14:55:05Z" duration="0.006016" total="1" passed="1" failed="0" inconclusive="0" skipped="0" asserts="1">
        <test-case id="0-1183" name="TestPositionInSeq" fullname="Kaitai.SpecPositionInSeq.TestPositionInSeq" methodname="TestPositionInSeq" classname="Kaitai.SpecPositionInSeq" runstate="Runnable" seed="725570937" result="Passed" start-time="2019-04-19 14:55:05Z" end-time="2019-04-19 14:55:05Z" duration="0.002754" asserts="1" />
      </test-suite>
      <test-suite type="TestFixture" id="0-1184" name="SpecPositionToEnd" fullname="Kaitai.SpecPositionToEnd" classname="Kaitai.SpecPositionToEnd" runstate="Runnable" testcasecount="1" result="Passed" start-time="2019-04-19 14:55:05Z" end-time="2019-04-19 14:55:05Z" duration="0.005015" total="1" passed="1" failed="0" inconclusive="0" skipped="0" asserts="2">
        <test-case id="0-1185" name="TestPositionToEnd" fullname="Kaitai.SpecPositionToEnd.TestPositionToEnd" methodname="TestPositionToEnd" classname="Kaitai.SpecPositionToEnd" runstate="Runnable" seed="1064764954" result="Passed" start-time="2019-04-19 14:55:05Z" end-time="2019-04-19 14:55:05Z" duration="0.001644" asserts="2" />
      </test-suite>
      <test-suite type="TestFixture" id="0-1186" name="SpecProcessCoerceBytes" fullname="Kaitai.SpecProcessCoerceBytes" classname="Kaitai.SpecProcessCoerceBytes" runstate="Runnable" testcasecount="1" result="Passed" start-time="2019-04-19 14:55:05Z" end-time="2019-04-19 14:55:05Z" duration="0.007009" total="1" passed="1" failed="0" inconclusive="0" skipped="0" asserts="4">
        <test-case id="0-1187" name="TestProcessCoerceBytes" fullname="Kaitai.SpecProcessCoerceBytes.TestProcessCoerceBytes" methodname="TestProcessCoerceBytes" classname="Kaitai.SpecProcessCoerceBytes" runstate="Runnable" seed="1590477692" result="Passed" start-time="2019-04-19 14:55:05Z" end-time="2019-04-19 14:55:05Z" duration="0.003322" asserts="4" />
      </test-suite>
      <test-suite type="TestFixture" id="0-1188" name="SpecProcessCoerceSwitch" fullname="Kaitai.SpecProcessCoerceSwitch" classname="Kaitai.SpecProcessCoerceSwitch" runstate="Runnable" testcasecount="1" result="Passed" start-time="2019-04-19 14:55:05Z" end-time="2019-04-19 14:55:05Z" duration="0.006013" total="1" passed="1" failed="0" inconclusive="0" skipped="0" asserts="3">
        <test-case id="0-1189" name="TestProcessCoerceSwitch" fullname="Kaitai.SpecProcessCoerceSwitch.TestProcessCoerceSwitch" methodname="TestProcessCoerceSwitch" classname="Kaitai.SpecProcessCoerceSwitch" runstate="Runnable" seed="33931313" result="Passed" start-time="2019-04-19 14:55:05Z" end-time="2019-04-19 14:55:05Z" duration="0.002452" asserts="3" />
      </test-suite>
      <test-suite type="TestFixture" id="0-1190" name="SpecProcessCoerceUsertype1" fullname="Kaitai.SpecProcessCoerceUsertype1" classname="Kaitai.SpecProcessCoerceUsertype1" runstate="Runnable" testcasecount="1" result="Passed" start-time="2019-04-19 14:55:05Z" end-time="2019-04-19 14:55:05Z" duration="0.007019" total="1" passed="1" failed="0" inconclusive="0" skipped="0" asserts="4">
        <test-case id="0-1191" name="TestProcessCoerceUsertype1" fullname="Kaitai.SpecProcessCoerceUsertype1.TestProcessCoerceUsertype1" methodname="TestProcessCoerceUsertype1" classname="Kaitai.SpecProcessCoerceUsertype1" runstate="Runnable" seed="808505619" result="Passed" start-time="2019-04-19 14:55:05Z" end-time="2019-04-19 14:55:05Z" duration="0.003047" asserts="4" />
      </test-suite>
      <test-suite type="TestFixture" id="0-1192" name="SpecProcessCoerceUsertype2" fullname="Kaitai.SpecProcessCoerceUsertype2" classname="Kaitai.SpecProcessCoerceUsertype2" runstate="Runnable" testcasecount="1" result="Passed" start-time="2019-04-19 14:55:05Z" end-time="2019-04-19 14:55:05Z" duration="0.006894" total="1" passed="1" failed="0" inconclusive="0" skipped="0" asserts="4">
        <test-case id="0-1193" name="TestProcessCoerceUsertype2" fullname="Kaitai.SpecProcessCoerceUsertype2.TestProcessCoerceUsertype2" methodname="TestProcessCoerceUsertype2" classname="Kaitai.SpecProcessCoerceUsertype2" runstate="Runnable" seed="846463750" result="Passed" start-time="2019-04-19 14:55:05Z" end-time="2019-04-19 14:55:05Z" duration="0.003145" asserts="4" />
      </test-suite>
      <test-suite type="TestFixture" id="0-1194" name="SpecProcessCustom" fullname="Kaitai.SpecProcessCustom" classname="Kaitai.SpecProcessCustom" runstate="Runnable" testcasecount="1" result="Passed" start-time="2019-04-19 14:55:05Z" end-time="2019-04-19 14:55:05Z" duration="0.006018" total="1" passed="1" failed="0" inconclusive="0" skipped="0" asserts="3">
        <test-case id="0-1195" name="TestProcessCustom" fullname="Kaitai.SpecProcessCustom.TestProcessCustom" methodname="TestProcessCustom" classname="Kaitai.SpecProcessCustom" runstate="Runnable" seed="1739253563" result="Passed" start-time="2019-04-19 14:55:05Z" end-time="2019-04-19 14:55:05Z" duration="0.002540" asserts="3" />
      </test-suite>
      <test-suite type="TestFixture" id="0-1196" name="SpecProcessRotate" fullname="Kaitai.SpecProcessRotate" classname="Kaitai.SpecProcessRotate" runstate="Runnable" testcasecount="1" result="Passed" start-time="2019-04-19 14:55:05Z" end-time="2019-04-19 14:55:05Z" duration="0.006010" total="1" passed="1" failed="0" inconclusive="0" skipped="0" asserts="3">
        <test-case id="0-1197" name="TestProcessRotate" fullname="Kaitai.SpecProcessRotate.TestProcessRotate" methodname="TestProcessRotate" classname="Kaitai.SpecProcessRotate" runstate="Runnable" seed="1602718545" result="Passed" start-time="2019-04-19 14:55:05Z" end-time="2019-04-19 14:55:05Z" duration="0.002497" asserts="3" />
      </test-suite>
      <test-suite type="TestFixture" id="0-1198" name="SpecProcessToUser" fullname="Kaitai.SpecProcessToUser" classname="Kaitai.SpecProcessToUser" runstate="Runnable" testcasecount="1" result="Passed" start-time="2019-04-19 14:55:05Z" end-time="2019-04-19 14:55:05Z" duration="0.005016" total="1" passed="1" failed="0" inconclusive="0" skipped="0" asserts="1">
        <test-case id="0-1199" name="TestProcessToUser" fullname="Kaitai.SpecProcessToUser.TestProcessToUser" methodname="TestProcessToUser" classname="Kaitai.SpecProcessToUser" runstate="Runnable" seed="5008582" result="Passed" start-time="2019-04-19 14:55:05Z" end-time="2019-04-19 14:55:05Z" duration="0.001610" asserts="1" />
      </test-suite>
      <test-suite type="TestFixture" id="0-1200" name="SpecProcessXor4Const" fullname="Kaitai.SpecProcessXor4Const" classname="Kaitai.SpecProcessXor4Const" runstate="Runnable" testcasecount="1" result="Passed" start-time="2019-04-19 14:55:05Z" end-time="2019-04-19 14:55:05Z" duration="0.005007" total="1" passed="1" failed="0" inconclusive="0" skipped="0" asserts="2">
        <test-case id="0-1201" name="TestProcessXor4Const" fullname="Kaitai.SpecProcessXor4Const.TestProcessXor4Const" methodname="TestProcessXor4Const" classname="Kaitai.SpecProcessXor4Const" runstate="Runnable" seed="1705309480" result="Passed" start-time="2019-04-19 14:55:05Z" end-time="2019-04-19 14:55:05Z" duration="0.001721" asserts="2" />
      </test-suite>
      <test-suite type="TestFixture" id="0-1202" name="SpecProcessXor4Value" fullname="Kaitai.SpecProcessXor4Value" classname="Kaitai.SpecProcessXor4Value" runstate="Runnable" testcasecount="1" result="Passed" start-time="2019-04-19 14:55:05Z" end-time="2019-04-19 14:55:05Z" duration="0.005060" total="1" passed="1" failed="0" inconclusive="0" skipped="0" asserts="2">
        <test-case id="0-1203" name="TestProcessXor4Value" fullname="Kaitai.SpecProcessXor4Value.TestProcessXor4Value" methodname="TestProcessXor4Value" classname="Kaitai.SpecProcessXor4Value" runstate="Runnable" seed="1562456386" result="Passed" start-time="2019-04-19 14:55:05Z" end-time="2019-04-19 14:55:05Z" duration="0.001874" asserts="2" />
      </test-suite>
      <test-suite type="TestFixture" id="0-1204" name="SpecProcessXorConst" fullname="Kaitai.SpecProcessXorConst" classname="Kaitai.SpecProcessXorConst" runstate="Runnable" testcasecount="1" result="Passed" start-time="2019-04-19 14:55:05Z" end-time="2019-04-19 14:55:05Z" duration="0.005011" total="1" passed="1" failed="0" inconclusive="0" skipped="0" asserts="2">
        <test-case id="0-1205" name="TestProcessXorConst" fullname="Kaitai.SpecProcessXorConst.TestProcessXorConst" methodname="TestProcessXorConst" classname="Kaitai.SpecProcessXorConst" runstate="Runnable" seed="1259592307" result="Passed" start-time="2019-04-19 14:55:05Z" end-time="2019-04-19 14:55:05Z" duration="0.001237" asserts="2" />
      </test-suite>
      <test-suite type="TestFixture" id="0-1206" name="SpecProcessXorValue" fullname="Kaitai.SpecProcessXorValue" classname="Kaitai.SpecProcessXorValue" runstate="Runnable" testcasecount="1" result="Passed" start-time="2019-04-19 14:55:05Z" end-time="2019-04-19 14:55:05Z" duration="0.005899" total="1" passed="1" failed="0" inconclusive="0" skipped="0" asserts="2">
        <test-case id="0-1207" name="TestProcessXorValue" fullname="Kaitai.SpecProcessXorValue.TestProcessXorValue" methodname="TestProcessXorValue" classname="Kaitai.SpecProcessXorValue" runstate="Runnable" seed="581299098" result="Passed" start-time="2019-04-19 14:55:05Z" end-time="2019-04-19 14:55:05Z" duration="0.002161" asserts="2" />
      </test-suite>
      <test-suite type="TestFixture" id="0-1208" name="SpecRecursiveOne" fullname="Kaitai.SpecRecursiveOne" classname="Kaitai.SpecRecursiveOne" runstate="Runnable" testcasecount="1" result="Passed" start-time="2019-04-19 14:55:05Z" end-time="2019-04-19 14:55:05Z" duration="0.006002" total="1" passed="1" failed="0" inconclusive="0" skipped="0" asserts="4">
        <test-case id="0-1209" name="TestRecursiveOne" fullname="Kaitai.SpecRecursiveOne.TestRecursiveOne" methodname="TestRecursiveOne" classname="Kaitai.SpecRecursiveOne" runstate="Runnable" seed="1927947667" result="Passed" start-time="2019-04-19 14:55:05Z" end-time="2019-04-19 14:55:05Z" duration="0.002490" asserts="4" />
      </test-suite>
      <test-suite type="TestFixture" id="0-1210" name="SpecRepeatEosBit" fullname="Kaitai.SpecRepeatEosBit" classname="Kaitai.SpecRepeatEosBit" runstate="Runnable" testcasecount="1" result="Passed" start-time="2019-04-19 14:55:05Z" end-time="2019-04-19 14:55:05Z" duration="0.005162" total="1" passed="1" failed="0" inconclusive="0" skipped="0" asserts="1">
        <test-case id="0-1211" name="TestRepeatEosBit" fullname="Kaitai.SpecRepeatEosBit.TestRepeatEosBit" methodname="TestRepeatEosBit" classname="Kaitai.SpecRepeatEosBit" runstate="Runnable" seed="1256951619" result="Passed" start-time="2019-04-19 14:55:05Z" end-time="2019-04-19 14:55:05Z" duration="0.001276" asserts="1" />
      </test-suite>
      <test-suite type="TestFixture" id="0-1212" name="SpecRepeatEosStruct" fullname="Kaitai.SpecRepeatEosStruct" classname="Kaitai.SpecRepeatEosStruct" runstate="Runnable" testcasecount="1" result="Passed" start-time="2019-04-19 14:55:05Z" end-time="2019-04-19 14:55:05Z" duration="0.006023" total="1" passed="1" failed="0" inconclusive="0" skipped="0" asserts="5">
        <test-case id="0-1213" name="TestRepeatEosStruct" fullname="Kaitai.SpecRepeatEosStruct.TestRepeatEosStruct" methodname="TestRepeatEosStruct" classname="Kaitai.SpecRepeatEosStruct" runstate="Runnable" seed="915650263" result="Passed" start-time="2019-04-19 14:55:05Z" end-time="2019-04-19 14:55:05Z" duration="0.002187" asserts="5" />
      </test-suite>
      <test-suite type="TestFixture" id="0-1214" name="SpecRepeatEosU4" fullname="Kaitai.SpecRepeatEosU4" classname="Kaitai.SpecRepeatEosU4" runstate="Runnable" testcasecount="1" result="Passed" start-time="2019-04-19 14:55:05Z" end-time="2019-04-19 14:55:05Z" duration="0.005018" total="1" passed="1" failed="0" inconclusive="0" skipped="0" asserts="1">
        <test-case id="0-1215" name="TestRepeatEosU4" fullname="Kaitai.SpecRepeatEosU4.TestRepeatEosU4" methodname="TestRepeatEosU4" classname="Kaitai.SpecRepeatEosU4" runstate="Runnable" seed="298568156" result="Passed" start-time="2019-04-19 14:55:05Z" end-time="2019-04-19 14:55:05Z" duration="0.001525" asserts="1" />
      </test-suite>
      <test-suite type="TestFixture" id="0-1216" name="SpecRepeatNStruct" fullname="Kaitai.SpecRepeatNStruct" classname="Kaitai.SpecRepeatNStruct" runstate="Runnable" testcasecount="1" result="Passed" start-time="2019-04-19 14:55:05Z" end-time="2019-04-19 14:55:05Z" duration="0.006018" total="1" passed="1" failed="0" inconclusive="0" skipped="0" asserts="5">
        <test-case id="0-1217" name="TestRepeatNStruct" fullname="Kaitai.SpecRepeatNStruct.TestRepeatNStruct" methodname="TestRepeatNStruct" classname="Kaitai.SpecRepeatNStruct" runstate="Runnable" seed="916720519" result="Passed" start-time="2019-04-19 14:55:05Z" end-time="2019-04-19 14:55:05Z" duration="0.002828" asserts="5" />
      </test-suite>
[...]
        <test-case id="0-1231" name="TestStrEncodingsDefault" fullname="Kaitai.SpecStrEncodingsDefault.TestStrEncodingsDefault" methodname="TestStrEncodingsDefault" classname="Kaitai.SpecStrEncodingsDefault" runstate="Runnable" seed="1222264420" result="Passed" start-time="2019-04-19 14:55:05Z" end-time="2019-04-19 14:55:05Z" duration="0.002306" asserts="4" />
      </test-suite>
      <test-suite type="TestFixture" id="0-1232" name="SpecStrEos" fullname="Kaitai.SpecStrEos" classname="Kaitai.SpecStrEos" runstate="Runnable" testcasecount="1" result="Passed" start-time="2019-04-19 14:55:05Z" end-time="2019-04-19 14:55:05Z" duration="0.004005" total="1" passed="1" failed="0" inconclusive="0" skipped="0" asserts="1">
        <test-case id="0-1233" name="TestStrEos" fullname="Kaitai.SpecStrEos.TestStrEos" methodname="TestStrEos" classname="Kaitai.SpecStrEos" runstate="Runnable" seed="648996411" result="Passed" start-time="2019-04-19 14:55:05Z" end-time="2019-04-19 14:55:05Z" duration="0.000692" asserts="1" />
      </test-suite>
      <test-suite type="TestFixture" id="0-1234" name="SpecStrLiterals" fullname="Kaitai.SpecStrLiterals" classname="Kaitai.SpecStrLiterals" runstate="Runnable" testcasecount="1" result="Passed" start-time="2019-04-19 14:55:05Z" end-time="2019-04-19 14:55:05Z" duration="0.012441" total="1" passed="1" failed="0" inconclusive="0" skipped="0" asserts="5">
        <test-case id="0-1235" name="TestStrLiterals" fullname="Kaitai.SpecStrLiterals.TestStrLiterals" methodname="TestStrLiterals" classname="Kaitai.SpecStrLiterals" runstate="Runnable" seed="514839831" result="Passed" start-time="2019-04-19 14:55:05Z" end-time="2019-04-19 14:55:05Z" duration="0.008967" asserts="5" />
      </test-suite>
      <test-suite type="TestFixture" id="0-1236" name="SpecStrLiterals2" fullname="Kaitai.SpecStrLiterals2" classname="Kaitai.SpecStrLiterals2" runstate="Runnable" testcasecount="1" result="Passed" start-time="2019-04-19 14:55:05Z" end-time="2019-04-19 14:55:05Z" duration="0.004857" total="1" passed="1" failed="0" inconclusive="0" skipped="0" asserts="4">
        <test-case id="0-1237" name="TestStrLiterals2" fullname="Kaitai.SpecStrLiterals2.TestStrLiterals2" methodname="TestStrLiterals2" classname="Kaitai.SpecStrLiterals2" runstate="Runnable" seed="1963647762" result="Passed" start-time="2019-04-19 14:55:05Z" end-time="2019-04-19 14:55:05Z" duration="0.001474" asserts="4" />
      </test-suite>
      <test-suite type="TestFixture" id="0-1238" name="SpecStrPadTerm" fullname="Kaitai.SpecStrPadTerm" classname="Kaitai.SpecStrPadTerm" runstate="Runnable" testcasecount="1" result="Passed" start-time="2019-04-19 14:55:05Z" end-time="2019-04-19 14:55:05Z" duration="0.006109" total="1" passed="1" failed="0" inconclusive="0" skipped="0" asserts="4">
        <test-case id="0-1239" name="TestStrPadTerm" fullname="Kaitai.SpecStrPadTerm.TestStrPadTerm" methodname="TestStrPadTerm" classname="Kaitai.SpecStrPadTerm" runstate="Runnable" seed="334994489" result="Passed" start-time="2019-04-19 14:55:05Z" end-time="2019-04-19 14:55:05Z" duration="0.001999" asserts="4" />
      </test-suite>
      <test-suite type="TestFixture" id="0-1240" name="SpecStrPadTermEmpty" fullname="Kaitai.SpecStrPadTermEmpty" classname="Kaitai.SpecStrPadTermEmpty" runstate="Runnable" testcasecount="1" result="Passed" start-time="2019-04-19 14:55:05Z" end-time="2019-04-19 14:55:05Z" duration="0.006744" total="1" passed="1" failed="0" inconclusive="0" skipped="0" asserts="4">
        <test-case id="0-1241" name="TestStrPadTermEmpty" fullname="Kaitai.SpecStrPadTermEmpty.TestStrPadTermEmpty" methodname="TestStrPadTermEmpty" classname="Kaitai.SpecStrPadTermEmpty" runstate="Runnable" seed="225288276" result="Passed" start-time="2019-04-19 14:55:05Z" end-time="2019-04-19 14:55:05Z" duration="0.001214" asserts="4" />
      </test-suite>
      <test-suite type="TestFixture" id="0-1242" name="SpecSwitchBytearray" fullname="Kaitai.SpecSwitchBytearray" classname="Kaitai.SpecSwitchBytearray" runstate="Runnable" testcasecount="1" result="Passed" start-time="2019-04-19 14:55:05Z" end-time="2019-04-19 14:55:05Z" duration="0.007722" total="1" passed="1" failed="0" inconclusive="0" skipped="0" asserts="9">
        <test-case id="0-1243" name="TestSwitchBytearray" fullname="Kaitai.SpecSwitchBytearray.TestSwitchBytearray" methodname="TestSwitchBytearray" classname="Kaitai.SpecSwitchBytearray" runstate="Runnable" seed="1993773127" result="Passed" start-time="2019-04-19 14:55:05Z" end-time="2019-04-19 14:55:05Z" duration="0.004149" asserts="9" />
      </test-suite>
      <test-suite type="TestFixture" id="0-1244" name="SpecSwitchCast" fullname="Kaitai.SpecSwitchCast" classname="Kaitai.SpecSwitchCast" runstate="Runnable" testcasecount="1" result="Passed" start-time="2019-04-19 14:55:05Z" end-time="2019-04-19 14:55:05Z" duration="0.014375" total="1" passed="1" failed="0" inconclusive="0" skipped="0" asserts="3">
        <test-case id="0-1245" name="TestSwitchCast" fullname="Kaitai.SpecSwitchCast.TestSwitchCast" methodname="TestSwitchCast" classname="Kaitai.SpecSwitchCast" runstate="Runnable" seed="1546809034" result="Passed" start-time="2019-04-19 14:55:05Z" end-time="2019-04-19 14:55:05Z" duration="0.010655" asserts="3" />
      </test-suite>
      <test-suite type="TestFixture" id="0-1246" name="SpecSwitchIntegers" fullname="Kaitai.SpecSwitchIntegers" classname="Kaitai.SpecSwitchIntegers" runstate="Runnable" testcasecount="1" result="Passed" start-time="2019-04-19 14:55:05Z" end-time="2019-04-19 14:55:05Z" duration="0.006026" total="1" passed="1" failed="0" inconclusive="0" skipped="0" asserts="9">
        <test-case id="0-1247" name="TestSwitchIntegers" fullname="Kaitai.SpecSwitchIntegers.TestSwitchIntegers" methodname="TestSwitchIntegers" classname="Kaitai.SpecSwitchIntegers" runstate="Runnable" seed="1864800119" result="Passed" start-time="2019-04-19 14:55:05Z" end-time="2019-04-19 14:55:05Z" duration="0.002135" asserts="9" />
      </test-suite>
      <test-suite type="TestFixture" id="0-1248" name="SpecSwitchIntegers2" fullname="Kaitai.SpecSwitchIntegers2" classname="Kaitai.SpecSwitchIntegers2" runstate="Runnable" testcasecount="1" result="Passed" start-time="2019-04-19 14:55:05Z" end-time="2019-04-19 14:55:05Z" duration="0.007019" total="1" passed="1" failed="0" inconclusive="0" skipped="0" asserts="5">
        <test-case id="0-1249" name="TestSwitchIntegers2" fullname="Kaitai.SpecSwitchIntegers2.TestSwitchIntegers2" methodname="TestSwitchIntegers2" classname="Kaitai.SpecSwitchIntegers2" runstate="Runnable" seed="704428594" result="Passed" start-time="2019-04-19 14:55:05Z" end-time="2019-04-19 14:55:05Z" duration="0.003096" asserts="5" />
      </test-suite>
      <test-suite type="TestFixture" id="0-1250" name="SpecSwitchManualEnum" fullname="Kaitai.SpecSwitchManualEnum" classname="Kaitai.SpecSwitchManualEnum" runstate="Runnable" testcasecount="1" result="Passed" start-time="2019-04-19 14:55:05Z" end-time="2019-04-19 14:55:05Z" duration="0.007015" total="1" passed="1" failed="0" inconclusive="0" skipped="0" asserts="9">
        <test-case id="0-1251" name="TestSwitchManualEnum" fullname="Kaitai.SpecSwitchManualEnum.TestSwitchManualEnum" methodname="TestSwitchManualEnum" classname="Kaitai.SpecSwitchManualEnum" runstate="Runnable" seed="1734986606" result="Passed" start-time="2019-04-19 14:55:05Z" end-time="2019-04-19 14:55:05Z" duration="0.003349" asserts="9" />
      </test-suite>
      <test-suite type="TestFixture" id="0-1252" name="SpecSwitchManualInt" fullname="Kaitai.SpecSwitchManualInt" classname="Kaitai.SpecSwitchManualInt" runstate="Runnable" testcasecount="1" result="Passed" start-time="2019-04-19 14:55:05Z" end-time="2019-04-19 14:55:05Z" duration="0.007096" total="1" passed="1" failed="0" inconclusive="0" skipped="0" asserts="9">
        <test-case id="0-1253" name="TestSwitchManualInt" fullname="Kaitai.SpecSwitchManualInt.TestSwitchManualInt" methodname="TestSwitchManualInt" classname="Kaitai.SpecSwitchManualInt" runstate="Runnable" seed="411399156" result="Passed" start-time="2019-04-19 14:55:05Z" end-time="2019-04-19 14:55:05Z" duration="0.003931" asserts="9" />
      </test-suite>
      <test-suite type="TestFixture" id="0-1254" name="SpecSwitchManualIntElse" fullname="Kaitai.SpecSwitchManualIntElse" classname="Kaitai.SpecSwitchManualIntElse" runstate="Runnable" testcasecount="1" result="Passed" start-time="2019-04-19 14:55:05Z" end-time="2019-04-19 14:55:05Z" duration="0.011997" total="1" passed="1" failed="0" inconclusive="0" skipped="0" asserts="9">
        <test-case id="0-1255" name="TestSwitchManualIntElse" fullname="Kaitai.SpecSwitchManualIntElse.TestSwitchManualIntElse" methodname="TestSwitchManualIntElse" classname="Kaitai.SpecSwitchManualIntElse" runstate="Runnable" seed="1071835794" result="Passed" start-time="2019-04-19 14:55:05Z" end-time="2019-04-19 14:55:05Z" duration="0.008930" asserts="9" />
      </test-suite>
      <test-suite type="TestFixture" id="0-1256" name="SpecSwitchManualIntSize" fullname="Kaitai.SpecSwitchManualIntSize" classname="Kaitai.SpecSwitchManualIntSize" runstate="Runnable" testcasecount="1" result="Passed" start-time="2019-04-19 14:55:05Z" end-time="2019-04-19 14:55:05Z" duration="0.009022" total="1" passed="1" failed="0" inconclusive="0" skipped="0" asserts="10">
        <test-case id="0-1257" name="TestSwitchManualIntSize" fullname="Kaitai.SpecSwitchManualIntSize.TestSwitchManualIntSize" methodname="TestSwitchManualIntSize" classname="Kaitai.SpecSwitchManualIntSize" runstate="Runnable" seed="1857623878" result="Passed" start-time="2019-04-19 14:55:05Z" end-time="2019-04-19 14:55:05Z" duration="0.005022" asserts="10" />
      </test-suite>
      <test-suite type="TestFixture" id="0-1258" name="SpecSwitchManualIntSizeElse" fullname="Kaitai.SpecSwitchManualIntSizeElse" classname="Kaitai.SpecSwitchManualIntSizeElse" runstate="Runnable" testcasecount="1" result="Passed" start-time="2019-04-19 14:55:05Z" end-time="2019-04-19 14:55:05Z" duration="0.008015" total="1" passed="1" failed="0" inconclusive="0" skipped="0" asserts="10">
        <test-case id="0-1259" name="TestSwitchManualIntSizeElse" fullname="Kaitai.SpecSwitchManualIntSizeElse.TestSwitchManualIntSizeElse" methodname="TestSwitchManualIntSizeElse" classname="Kaitai.SpecSwitchManualIntSizeElse" runstate="Runnable" seed="2141400994" result="Passed" start-time="2019-04-19 14:55:05Z" end-time="2019-04-19 14:55:05Z" duration="0.004107" asserts="10" />
      </test-suite>
      <test-suite type="TestFixture" id="0-1260" name="SpecSwitchManualIntSizeEos" fullname="Kaitai.SpecSwitchManualIntSizeEos" classname="Kaitai.SpecSwitchManualIntSizeEos" runstate="Runnable" testcasecount="1" result="Passed" start-time="2019-04-19 14:55:05Z" end-time="2019-04-19 14:55:05Z" duration="0.008560" total="1" passed="1" failed="0" inconclusive="0" skipped="0" asserts="10">
        <test-case id="0-1261" name="TestSwitchManualIntSizeEos" fullname="Kaitai.SpecSwitchManualIntSizeEos.TestSwitchManualIntSizeEos" methodname="TestSwitchManualIntSizeEos" classname="Kaitai.SpecSwitchManualIntSizeEos" runstate="Runnable" seed="807635025" result="Passed" start-time="2019-04-19 14:55:05Z" end-time="2019-04-19 14:55:05Z" duration="0.005217" asserts="10" />
      </test-suite>
      <test-suite type="TestFixture" id="0-1262" name="SpecSwitchManualStr" fullname="Kaitai.SpecSwitchManualStr" classname="Kaitai.SpecSwitchManualStr" runstate="Runnable" testcasecount="1" result="Passed" start-time="2019-04-19 14:55:05Z" end-time="2019-04-19 14:55:05Z" duration="0.005995" total="1" passed="1" failed="0" inconclusive="0" skipped="0" asserts="9">
        <test-case id="0-1263" name="TestSwitchManualStr" fullname="Kaitai.SpecSwitchManualStr.TestSwitchManualStr" methodname="TestSwitchManualStr" classname="Kaitai.SpecSwitchManualStr" runstate="Runnable" seed="121815860" result="Passed" start-time="2019-04-19 14:55:05Z" end-time="2019-04-19 14:55:05Z" duration="0.002340" asserts="9" />
      </test-suite>
      <test-suite type="TestFixture" id="0-1264" name="SpecSwitchManualStrElse" fullname="Kaitai.SpecSwitchManualStrElse" classname="Kaitai.SpecSwitchManualStrElse" runstate="Runnable" testcasecount="1" result="Passed" start-time="2019-04-19 14:55:05Z" end-time="2019-04-19 14:55:05Z" duration="0.008010" total="1" passed="1" failed="0" inconclusive="0" skipped="0" asserts="9">
        <test-case id="0-1265" name="TestSwitchManualStrElse" fullname="Kaitai.SpecSwitchManualStrElse.TestSwitchManualStrElse" methodname="TestSwitchManualStrElse" classname="Kaitai.SpecSwitchManualStrElse" runstate="Runnable" seed="23818235" result="Passed" start-time="2019-04-19 14:55:05Z" end-time="2019-04-19 14:55:05Z" duration="0.004939" asserts="9" />
      </test-suite>
      <test-suite type="TestFixture" id="0-1266" name="SpecSwitchMultiBoolOps" fullname="Kaitai.SpecSwitchMultiBoolOps" classname="Kaitai.SpecSwitchMultiBoolOps" runstate="Runnable" testcasecount="1" result="Passed" start-time="2019-04-19 14:55:05Z" end-time="2019-04-19 14:55:05Z" duration="0.007087" total="1" passed="1" failed="0" inconclusive="0" skipped="0" asserts="9">
        <test-case id="0-1267" name="TestSwitchMultiBoolOps" fullname="Kaitai.SpecSwitchMultiBoolOps.TestSwitchMultiBoolOps" methodname="TestSwitchMultiBoolOps" classname="Kaitai.SpecSwitchMultiBoolOps" runstate="Runnable" seed="1032708946" result="Passed" start-time="2019-04-19 14:55:05Z" end-time="2019-04-19 14:55:05Z" duration="0.002094" asserts="9" />
      </test-suite>
      <test-suite type="TestFixture" id="0-1268" name="SpecSwitchRepeatExpr" fullname="Kaitai.SpecSwitchRepeatExpr" classname="Kaitai.SpecSwitchRepeatExpr" runstate="Runnable" testcasecount="1" result="Passed" start-time="2019-04-19 14:55:05Z" end-time="2019-04-19 14:55:05Z" duration="0.005989" total="1" passed="1" failed="0" inconclusive="0" skipped="0" asserts="3">
        <test-case id="0-1269" name="TestSwitchRepeatExpr" fullname="Kaitai.SpecSwitchRepeatExpr.TestSwitchRepeatExpr" methodname="TestSwitchRepeatExpr" classname="Kaitai.SpecSwitchRepeatExpr" runstate="Runnable" seed="916959241" result="Passed" start-time="2019-04-19 14:55:05Z" end-time="2019-04-19 14:55:05Z" duration="0.002348" asserts="3" />
      </test-suite>
      <test-suite type="TestFixture" id="0-1270" name="SpecTermBytes" fullname="Kaitai.SpecTermBytes" classname="Kaitai.SpecTermBytes" runstate="Runnable" testcasecount="1" result="Passed" start-time="2019-04-19 14:55:05Z" end-time="2019-04-19 14:55:05Z" duration="0.005028" total="1" passed="1" failed="0" inconclusive="0" skipped="0" asserts="3">
        <test-case id="0-1271" name="TestTermBytes" fullname="Kaitai.SpecTermBytes.TestTermBytes" methodname="TestTermBytes" classname="Kaitai.SpecTermBytes" runstate="Runnable" seed="2049050481" result="Passed" start-time="2019-04-19 14:55:05Z" end-time="2019-04-19 14:55:05Z" duration="0.001903" asserts="3" />
      </test-suite>
      <test-suite type="TestFixture" id="0-1272" name="SpecTermStrz" fullname="Kaitai.SpecTermStrz" classname="Kaitai.SpecTermStrz" runstate="Runnable" testcasecount="1" result="Passed" start-time="2019-04-19 14:55:05Z" end-time="2019-04-19 14:55:05Z" duration="0.004118" total="1" passed="1" failed="0" inconclusive="0" skipped="0" asserts="3">
        <test-case id="0-1273" name="TestTermStrz" fullname="Kaitai.SpecTermStrz.TestTermStrz" methodname="TestTermStrz" classname="Kaitai.SpecTermStrz" runstate="Runnable" seed="1682345375" result="Passed" start-time="2019-04-19 14:55:05Z" end-time="2019-04-19 14:55:05Z" duration="0.000783" asserts="3" />
      </test-suite>
      <test-suite type="TestFixture" id="0-1274" name="SpecTsPacketHeader" fullname="Kaitai.SpecTsPacketHeader" classname="Kaitai.SpecTsPacketHeader" runstate="Runnable" testcasecount="1" result="Passed" start-time="2019-04-19 14:55:05Z" end-time="2019-04-19 14:55:05Z" duration="0.006580" total="1" passed="1" failed="0" inconclusive="0" skipped="0" asserts="7">
        <test-case id="0-1275" name="TestTsPacketHeader" fullname="Kaitai.SpecTsPacketHeader.TestTsPacketHeader" methodname="TestTsPacketHeader" classname="Kaitai.SpecTsPacketHeader" runstate="Runnable" seed="1377554174" result="Passed" start-time="2019-04-19 14:55:05Z" end-time="2019-04-19 14:55:05Z" duration="0.002792" asserts="7" />
      </test-suite>
      <test-suite type="TestFixture" id="0-1276" name="SpecTypeIntUnaryOp" fullname="Kaitai.SpecTypeIntUnaryOp" classname="Kaitai.SpecTypeIntUnaryOp" runstate="Runnable" testcasecount="1" result="Passed" start-time="2019-04-19 14:55:05Z" end-time="2019-04-19 14:55:05Z" duration="0.006009" total="1" passed="1" failed="0" inconclusive="0" skipped="0" asserts="4">
        <test-case id="0-1277" name="TestTypeIntUnaryOp" fullname="Kaitai.SpecTypeIntUnaryOp.TestTypeIntUnaryOp" methodname="TestTypeIntUnaryOp" classname="Kaitai.SpecTypeIntUnaryOp" runstate="Runnable" seed="861902178" result="Passed" start-time="2019-04-19 14:55:05Z" end-time="2019-04-19 14:55:05Z" duration="0.001635" asserts="4" />
      </test-suite>
      <test-suite type="TestFixture" id="0-1278" name="SpecTypeTernary" fullname="Kaitai.SpecTypeTernary" classname="Kaitai.SpecTypeTernary" runstate="Runnable" testcasecount="1" result="Passed" start-time="2019-04-19 14:55:05Z" end-time="2019-04-19 14:55:05Z" duration="0.005012" total="1" passed="1" failed="0" inconclusive="0" skipped="0" asserts="1">
        <test-case id="0-1279" name="TestTypeTernary" fullname="Kaitai.SpecTypeTernary.TestTypeTernary" methodname="TestTypeTernary" classname="Kaitai.SpecTypeTernary" runstate="Runnable" seed="27147346" result="Passed" start-time="2019-04-19 14:55:05Z" end-time="2019-04-19 14:55:05Z" duration="0.001789" asserts="1" />
      </test-suite>
      <test-suite type="TestFixture" id="0-1280" name="SpecTypeTernaryOpaque" fullname="Kaitai.SpecTypeTernaryOpaque" classname="Kaitai.SpecTypeTernaryOpaque" runstate="Runnable" testcasecount="1" result="Passed" start-time="2019-04-19 14:55:05Z" end-time="2019-04-19 14:55:05Z" duration="0.004978" total="1" passed="1" failed="0" inconclusive="0" skipped="0" asserts="3">
        <test-case id="0-1281" name="TestTypeTernaryOpaque" fullname="Kaitai.SpecTypeTernaryOpaque.TestTypeTernaryOpaque" methodname="TestTypeTernaryOpaque" classname="Kaitai.SpecTypeTernaryOpaque" runstate="Runnable" seed="2117967712" result="Passed" start-time="2019-04-19 14:55:05Z" end-time="2019-04-19 14:55:05Z" duration="0.001861" asserts="3" />
      </test-suite>
      <test-suite type="TestFixture" id="0-1282" name="SpecUserType" fullname="Kaitai.SpecUserType" classname="Kaitai.SpecUserType" runstate="Runnable" testcasecount="1" result="Passed" start-time="2019-04-19 14:55:05Z" end-time="2019-04-19 14:55:05Z" duration="0.005009" total="1" passed="1" failed="0" inconclusive="0" skipped="0" asserts="2">
        <test-case id="0-1283" name="TestUserType" fullname="Kaitai.SpecUserType.TestUserType" methodname="TestUserType" classname="Kaitai.SpecUserType" runstate="Runnable" seed="1592962493" result="Passed" start-time="2019-04-19 14:55:05Z" end-time="2019-04-19 14:55:05Z" duration="0.001041" asserts="2" />
      </test-suite>
      <test-suite type="TestFixture" id="0-1284" name="SpecZlibWithHeader78" fullname="Kaitai.SpecZlibWithHeader78" classname="Kaitai.SpecZlibWithHeader78" runstate="Runnable" testcasecount="1" result="Passed" start-time="2019-04-19 14:55:05Z" end-time="2019-04-19 14:55:05Z" duration="0.034112" total="1" passed="1" failed="0" inconclusive="0" skipped="0" asserts="1">
        <test-case id="0-1285" name="TestZlibWithHeader78" fullname="Kaitai.SpecZlibWithHeader78.TestZlibWithHeader78" methodname="TestZlibWithHeader78" classname="Kaitai.SpecZlibWithHeader78" runstate="Runnable" seed="1955177128" result="Passed" start-time="2019-04-19 14:55:05Z" end-time="2019-04-19 14:55:05Z" duration="0.030482" asserts="1" />
      </test-suite>
    </test-suite>
  </test-suite>
</test-run>