<?xml version="1.0" encoding="utf-8" standalone="no"?>
<test-run id="0" runstate="Runnable" testcasecount="253" result="Failed" total="253" passed="251" failed="2" warnings="0" inconclusive="0" skipped="0" asserts="1126" engine-version="3.19.0.0" clr-version="4.0.30319.42000" start-time="2025-01-02 02:24:47Z" end-time="2025-01-02 02:24:51Z" duration="3.817949">
  <command-line><![CDATA[C:\Users\runneradmin\.nuget\packages\nunit.consolerunner\3.19.0\tools\nunit3-console.exe --result=test_out/csharp/TestResult.xml spec/csharp/kaitai_struct_csharp_tests_netframework/bin/Debug/kaitai_struct_csharp_tests.dll]]></command-line>
  <test-suite type="Assembly" id="1-1506" name="kaitai_struct_csharp_tests.dll" fullname="D:\a\ci_targets\ci_targets\tests\spec\csharp\kaitai_struct_csharp_tests_netframework\bin\Debug\kaitai_struct_csharp_tests.dll" runstate="Runnable" testcasecount="253" result="Failed" site="Child" start-time="2025-01-02T02:24:50.3117416Z" end-time="2025-01-02T02:24:51.0461104Z" duration="0.744165" total="253" passed="251" failed="2" warnings="0" inconclusive="0" skipped="0" asserts="1126">
    <environment framework-version="3.14.0.0" clr-version="4.0.30319.42000" os-version="Microsoft Windows NT 10.0.20348.0" platform="Win32NT" cwd="D:\a\ci_targets\ci_targets\tests" machine-name="fv-az534-657" user="runneradmin" user-domain="fv-az534-657" culture="en-US" uiculture="en-US" os-architecture="x64" />
    <settings>
      <setting name="DisposeRunners" value="True" />
      <setting name="WorkDirectory" value="D:\a\ci_targets\ci_targets\tests" />
      <setting name="ImageRuntimeVersion" value="4.0.30319" />
      <setting name="ImageTargetFrameworkName" value=".NETFramework,Version=v4.8" />
      <setting name="ImageRequiresX86" value="False" />
      <setting name="ImageRequiresDefaultAppDomainAssemblyResolver" value="False" />
      <setting name="TargetRuntimeFramework" value="net-4.8" />
      <setting name="NumberOfTestWorkers" value="4" />
    </settings>
    <properties>
      <property name="_PID" value="2524" />
      <property name="_APPDOMAIN" value="domain-" />
    </properties>
    <failure>
      <message><![CDATA[One or more child tests had errors]]></message>
    </failure>
    <test-suite type="TestSuite" id="1-1507" name="Kaitai" fullname="Kaitai" runstate="Runnable" testcasecount="253" result="Failed" site="Child" start-time="2025-01-02T02:24:50.3429257Z" end-time="2025-01-02T02:24:51.0461104Z" duration="0.709614" total="253" passed="251" failed="2" warnings="0" inconclusive="0" skipped="0" asserts="1126">
      <failure>
        <message><![CDATA[One or more child tests had errors]]></message>
      </failure>
      <test-suite type="TestFixture" id="1-1000" name="SpecBcdUserTypeBe" fullname="Kaitai.SpecBcdUserTypeBe" classname="Kaitai.SpecBcdUserTypeBe" runstate="Runnable" testcasecount="1" result="Passed" start-time="2025-01-02T02:24:50.3429257Z" end-time="2025-01-02T02:24:50.4835811Z" duration="0.136706" total="1" passed="1" failed="0" warnings="0" inconclusive="0" skipped="0" asserts="6">
        <test-case id="1-1001" name="TestBcdUserTypeBe" fullname="Kaitai.SpecBcdUserTypeBe.TestBcdUserTypeBe" methodname="TestBcdUserTypeBe" classname="Kaitai.SpecBcdUserTypeBe" runstate="Runnable" seed="2072082078" result="Passed" start-time="2025-01-02T02:24:50.3429257Z" end-time="2025-01-02T02:24:50.4835811Z" duration="0.129996" asserts="6" />
      </test-suite>
      <test-suite type="TestFixture" id="1-1002" name="SpecBcdUserTypeLe" fullname="Kaitai.SpecBcdUserTypeLe" classname="Kaitai.SpecBcdUserTypeLe" runstate="Runnable" testcasecount="1" result="Passed" start-time="2025-01-02T02:24:50.4835811Z" end-time="2025-01-02T02:24:50.4835811Z" duration="0.004083" total="1" passed="1" failed="0" warnings="0" inconclusive="0" skipped="0" asserts="6">
        <test-case id="1-1003" name="TestBcdUserTypeLe" fullname="Kaitai.SpecBcdUserTypeLe.TestBcdUserTypeLe" methodname="TestBcdUserTypeLe" classname="Kaitai.SpecBcdUserTypeLe" runstate="Runnable" seed="220994581" result="Passed" start-time="2025-01-02T02:24:50.4835811Z" end-time="2025-01-02T02:24:50.4835811Z" duration="0.003934" asserts="6" />
      </test-suite>
      <test-suite type="TestFixture" id="1-1004" name="SpecBitsByteAligned" fullname="Kaitai.SpecBitsByteAligned" classname="Kaitai.SpecBitsByteAligned" runstate="Runnable" testcasecount="1" result="Passed" start-time="2025-01-02T02:24:50.4835811Z" end-time="2025-01-02T02:24:50.4991806Z" duration="0.011508" total="1" passed="1" failed="0" warnings="0" inconclusive="0" skipped="0" asserts="9">
        <test-case id="1-1005" name="TestBitsByteAligned" fullname="Kaitai.SpecBitsByteAligned.TestBitsByteAligned" methodname="TestBitsByteAligned" classname="Kaitai.SpecBitsByteAligned" runstate="Runnable" seed="677066034" result="Passed" start-time="2025-01-02T02:24:50.4835811Z" end-time="2025-01-02T02:24:50.4991806Z" duration="0.011382" asserts="9" />
      </test-suite>
      <test-suite type="TestFixture" id="1-1006" name="SpecBitsEnum" fullname="Kaitai.SpecBitsEnum" classname="Kaitai.SpecBitsEnum" runstate="Runnable" testcasecount="1" result="Passed" start-time="2025-01-02T02:24:50.4991806Z" end-time="2025-01-02T02:24:50.4991806Z" duration="0.000680" total="1" passed="1" failed="0" warnings="0" inconclusive="0" skipped="0" asserts="3">
        <test-case id="1-1007" name="TestBitsEnum" fullname="Kaitai.SpecBitsEnum.TestBitsEnum" methodname="TestBitsEnum" classname="Kaitai.SpecBitsEnum" runstate="Runnable" seed="1299410086" result="Passed" start-time="2025-01-02T02:24:50.4991806Z" end-time="2025-01-02T02:24:50.4991806Z" duration="0.000581" asserts="3" />
      </test-suite>
      <test-suite type="TestFixture" id="1-1008" name="SpecBitsSeqEndianCombo" fullname="Kaitai.SpecBitsSeqEndianCombo" classname="Kaitai.SpecBitsSeqEndianCombo" runstate="Runnable" testcasecount="1" result="Passed" start-time="2025-01-02T02:24:50.4991806Z" end-time="2025-01-02T02:24:50.4991806Z" duration="0.001595" total="1" passed="1" failed="0" warnings="0" inconclusive="0" skipped="0" asserts="8">
        <test-case id="1-1009" name="TestBitsSeqEndianCombo" fullname="Kaitai.SpecBitsSeqEndianCombo.TestBitsSeqEndianCombo" methodname="TestBitsSeqEndianCombo" classname="Kaitai.SpecBitsSeqEndianCombo" runstate="Runnable" seed="1120190143" result="Passed" start-time="2025-01-02T02:24:50.4991806Z" end-time="2025-01-02T02:24:50.4991806Z" duration="0.001502" asserts="8" />
      </test-suite>
      <test-suite type="TestFixture" id="1-1010" name="SpecBitsShiftByB32Le" fullname="Kaitai.SpecBitsShiftByB32Le" classname="Kaitai.SpecBitsShiftByB32Le" runstate="Runnable" testcasecount="1" result="Passed" start-time="2025-01-02T02:24:50.4991806Z" end-time="2025-01-02T02:24:50.4991806Z" duration="0.000636" total="1" passed="1" failed="0" warnings="0" inconclusive="0" skipped="0" asserts="2">
        <test-case id="1-1011" name="TestBitsShiftByB32Le" fullname="Kaitai.SpecBitsShiftByB32Le.TestBitsShiftByB32Le" methodname="TestBitsShiftByB32Le" classname="Kaitai.SpecBitsShiftByB32Le" runstate="Runnable" seed="118312422" result="Passed" start-time="2025-01-02T02:24:50.4991806Z" end-time="2025-01-02T02:24:50.4991806Z" duration="0.000526" asserts="2" />
      </test-suite>
      <test-suite type="TestFixture" id="1-1012" name="SpecBitsShiftByB64Le" fullname="Kaitai.SpecBitsShiftByB64Le" classname="Kaitai.SpecBitsShiftByB64Le" runstate="Runnable" testcasecount="1" result="Passed" start-time="2025-01-02T02:24:50.4991806Z" end-time="2025-01-02T02:24:50.4991806Z" duration="0.000534" total="1" passed="1" failed="0" warnings="0" inconclusive="0" skipped="0" asserts="2">
        <test-case id="1-1013" name="TestBitsShiftByB64Le" fullname="Kaitai.SpecBitsShiftByB64Le.TestBitsShiftByB64Le" methodname="TestBitsShiftByB64Le" classname="Kaitai.SpecBitsShiftByB64Le" runstate="Runnable" seed="1752933443" result="Passed" start-time="2025-01-02T02:24:50.4991806Z" end-time="2025-01-02T02:24:50.4991806Z" duration="0.000441" asserts="2" />
      </test-suite>
      <test-suite type="TestFixture" id="1-1014" name="SpecBitsSignedResB32Be" fullname="Kaitai.SpecBitsSignedResB32Be" classname="Kaitai.SpecBitsSignedResB32Be" runstate="Runnable" testcasecount="1" result="Passed" start-time="2025-01-02T02:24:50.4991806Z" end-time="2025-01-02T02:24:50.4991806Z" duration="0.000469" total="1" passed="1" failed="0" warnings="0" inconclusive="0" skipped="0" asserts="1">
        <test-case id="1-1015" name="TestBitsSignedResB32Be" fullname="Kaitai.SpecBitsSignedResB32Be.TestBitsSignedResB32Be" methodname="TestBitsSignedResB32Be" classname="Kaitai.SpecBitsSignedResB32Be" runstate="Runnable" seed="656905303" result="Passed" start-time="2025-01-02T02:24:50.4991806Z" end-time="2025-01-02T02:24:50.4991806Z" duration="0.000376" asserts="1" />
      </test-suite>
      <test-suite type="TestFixture" id="1-1016" name="SpecBitsSignedResB32Le" fullname="Kaitai.SpecBitsSignedResB32Le" classname="Kaitai.SpecBitsSignedResB32Le" runstate="Runnable" testcasecount="1" result="Passed" start-time="2025-01-02T02:24:50.4991806Z" end-time="2025-01-02T02:24:50.4991806Z" duration="0.000443" total="1" passed="1" failed="0" warnings="0" inconclusive="0" skipped="0" asserts="1">
        <test-case id="1-1017" name="TestBitsSignedResB32Le" fullname="Kaitai.SpecBitsSignedResB32Le.TestBitsSignedResB32Le" methodname="TestBitsSignedResB32Le" classname="Kaitai.SpecBitsSignedResB32Le" runstate="Runnable" seed="1519002740" result="Passed" start-time="2025-01-02T02:24:50.4991806Z" end-time="2025-01-02T02:24:50.4991806Z" duration="0.000354" asserts="1" />
      </test-suite>
      <test-suite type="TestFixture" id="1-1018" name="SpecBitsSignedShiftB32Le" fullname="Kaitai.SpecBitsSignedShiftB32Le" classname="Kaitai.SpecBitsSignedShiftB32Le" runstate="Runnable" testcasecount="1" result="Passed" start-time="2025-01-02T02:24:50.4991806Z" end-time="2025-01-02T02:24:50.4991806Z" duration="0.000536" total="1" passed="1" failed="0" warnings="0" inconclusive="0" skipped="0" asserts="2">
        <test-case id="1-1019" name="TestBitsSignedShiftB32Le" fullname="Kaitai.SpecBitsSignedShiftB32Le.TestBitsSignedShiftB32Le" methodname="TestBitsSignedShiftB32Le" classname="Kaitai.SpecBitsSignedShiftB32Le" runstate="Runnable" seed="654454385" result="Passed" start-time="2025-01-02T02:24:50.4991806Z" end-time="2025-01-02T02:24:50.4991806Z" duration="0.000441" asserts="2" />
      </test-suite>
      <test-suite type="TestFixture" id="1-1020" name="SpecBitsSignedShiftB64Le" fullname="Kaitai.SpecBitsSignedShiftB64Le" classname="Kaitai.SpecBitsSignedShiftB64Le" runstate="Runnable" testcasecount="1" result="Passed" start-time="2025-01-02T02:24:50.4991806Z" end-time="2025-01-02T02:24:50.4991806Z" duration="0.000542" total="1" passed="1" failed="0" warnings="0" inconclusive="0" skipped="0" asserts="2">
        <test-case id="1-1021" name="TestBitsSignedShiftB64Le" fullname="Kaitai.SpecBitsSignedShiftB64Le.TestBitsSignedShiftB64Le" methodname="TestBitsSignedShiftB64Le" classname="Kaitai.SpecBitsSignedShiftB64Le" runstate="Runnable" seed="552187512" result="Passed" start-time="2025-01-02T02:24:50.4991806Z" end-time="2025-01-02T02:24:50.4991806Z" duration="0.000449" asserts="2" />
      </test-suite>
      <test-suite type="TestFixture" id="1-1022" name="SpecBitsSimple" fullname="Kaitai.SpecBitsSimple" classname="Kaitai.SpecBitsSimple" runstate="Runnable" testcasecount="1" result="Passed" start-time="2025-01-02T02:24:50.4991806Z" end-time="2025-01-02T02:24:50.4991806Z" duration="0.001948" total="1" passed="1" failed="0" warnings="0" inconclusive="0" skipped="0" asserts="14">
        <test-case id="1-1023" name="TestBitsSimple" fullname="Kaitai.SpecBitsSimple.TestBitsSimple" methodname="TestBitsSimple" classname="Kaitai.SpecBitsSimple" runstate="Runnable" seed="51656692" result="Passed" start-time="2025-01-02T02:24:50.4991806Z" end-time="2025-01-02T02:24:50.4991806Z" duration="0.001858" asserts="14" />
      </test-suite>
      <test-suite type="TestFixture" id="1-1024" name="SpecBitsSimpleLe" fullname="Kaitai.SpecBitsSimpleLe" classname="Kaitai.SpecBitsSimpleLe" runstate="Runnable" testcasecount="1" result="Passed" start-time="2025-01-02T02:24:50.4991806Z" end-time="2025-01-02T02:24:50.5148183Z" duration="0.001467" total="1" passed="1" failed="0" warnings="0" inconclusive="0" skipped="0" asserts="14">
        <test-case id="1-1025" name="TestBitsSimpleLe" fullname="Kaitai.SpecBitsSimpleLe.TestBitsSimpleLe" methodname="TestBitsSimpleLe" classname="Kaitai.SpecBitsSimpleLe" runstate="Runnable" seed="1749270178" result="Passed" start-time="2025-01-02T02:24:50.4991806Z" end-time="2025-01-02T02:24:50.5148183Z" duration="0.001366" asserts="14" />
      </test-suite>
      <test-suite type="TestFixture" id="1-1026" name="SpecBitsUnalignedB32Be" fullname="Kaitai.SpecBitsUnalignedB32Be" classname="Kaitai.SpecBitsUnalignedB32Be" runstate="Runnable" testcasecount="1" result="Passed" start-time="2025-01-02T02:24:50.5148183Z" end-time="2025-01-02T02:24:50.5148183Z" duration="0.000649" total="1" passed="1" failed="0" warnings="0" inconclusive="0" skipped="0" asserts="3">
        <test-case id="1-1027" name="TestBitsUnalignedB32Be" fullname="Kaitai.SpecBitsUnalignedB32Be.TestBitsUnalignedB32Be" methodname="TestBitsUnalignedB32Be" classname="Kaitai.SpecBitsUnalignedB32Be" runstate="Runnable" seed="593405662" result="Passed" start-time="2025-01-02T02:24:50.5148183Z" end-time="2025-01-02T02:24:50.5148183Z" duration="0.000558" asserts="3" />
      </test-suite>
      <test-suite type="TestFixture" id="1-1028" name="SpecBitsUnalignedB32Le" fullname="Kaitai.SpecBitsUnalignedB32Le" classname="Kaitai.SpecBitsUnalignedB32Le" runstate="Runnable" testcasecount="1" result="Passed" start-time="2025-01-02T02:24:50.5148183Z" end-time="2025-01-02T02:24:50.5148183Z" duration="0.000599" total="1" passed="1" failed="0" warnings="0" inconclusive="0" skipped="0" asserts="3">
        <test-case id="1-1029" name="TestBitsUnalignedB32Le" fullname="Kaitai.SpecBitsUnalignedB32Le.TestBitsUnalignedB32Le" methodname="TestBitsUnalignedB32Le" classname="Kaitai.SpecBitsUnalignedB32Le" runstate="Runnable" seed="1422410348" result="Passed" start-time="2025-01-02T02:24:50.5148183Z" end-time="2025-01-02T02:24:50.5148183Z" duration="0.000510" asserts="3" />
      </test-suite>
      <test-suite type="TestFixture" id="1-1030" name="SpecBitsUnalignedB64Be" fullname="Kaitai.SpecBitsUnalignedB64Be" classname="Kaitai.SpecBitsUnalignedB64Be" runstate="Runnable" testcasecount="1" result="Passed" start-time="2025-01-02T02:24:50.5148183Z" end-time="2025-01-02T02:24:50.5148183Z" duration="0.000627" total="1" passed="1" failed="0" warnings="0" inconclusive="0" skipped="0" asserts="3">
        <test-case id="1-1031" name="TestBitsUnalignedB64Be" fullname="Kaitai.SpecBitsUnalignedB64Be.TestBitsUnalignedB64Be" methodname="TestBitsUnalignedB64Be" classname="Kaitai.SpecBitsUnalignedB64Be" runstate="Runnable" seed="581283425" result="Passed" start-time="2025-01-02T02:24:50.5148183Z" end-time="2025-01-02T02:24:50.5148183Z" duration="0.000540" asserts="3" />
      </test-suite>
      <test-suite type="TestFixture" id="1-1032" name="SpecBitsUnalignedB64Le" fullname="Kaitai.SpecBitsUnalignedB64Le" classname="Kaitai.SpecBitsUnalignedB64Le" runstate="Runnable" testcasecount="1" result="Passed" start-time="2025-01-02T02:24:50.5148183Z" end-time="2025-01-02T02:24:50.5148183Z" duration="0.000608" total="1" passed="1" failed="0" warnings="0" inconclusive="0" skipped="0" asserts="3">
        <test-case id="1-1033" name="TestBitsUnalignedB64Le" fullname="Kaitai.SpecBitsUnalignedB64Le.TestBitsUnalignedB64Le" methodname="TestBitsUnalignedB64Le" classname="Kaitai.SpecBitsUnalignedB64Le" runstate="Runnable" seed="94137545" result="Passed" start-time="2025-01-02T02:24:50.5148183Z" end-time="2025-01-02T02:24:50.5148183Z" duration="0.000520" asserts="3" />
      </test-suite>
      <test-suite type="TestFixture" id="1-1034" name="SpecBufferedStruct" fullname="Kaitai.SpecBufferedStruct" classname="Kaitai.SpecBufferedStruct" runstate="Runnable" testcasecount="1" result="Passed" start-time="2025-01-02T02:24:50.5148183Z" end-time="2025-01-02T02:24:50.5148183Z" duration="0.001554" total="1" passed="1" failed="0" warnings="0" inconclusive="0" skipped="0" asserts="7">
        <test-case id="1-1035" name="TestBufferedStruct" fullname="Kaitai.SpecBufferedStruct.TestBufferedStruct" methodname="TestBufferedStruct" classname="Kaitai.SpecBufferedStruct" runstate="Runnable" seed="975732988" result="Passed" start-time="2025-01-02T02:24:50.5148183Z" end-time="2025-01-02T02:24:50.5148183Z" duration="0.001465" asserts="7" />
      </test-suite>
      <test-suite type="TestFixture" id="1-1036" name="SpecBytesPadTerm" fullname="Kaitai.SpecBytesPadTerm" classname="Kaitai.SpecBytesPadTerm" runstate="Runnable" testcasecount="1" result="Passed" start-time="2025-01-02T02:24:50.5148183Z" end-time="2025-01-02T02:24:50.5148183Z" duration="0.001083" total="1" passed="1" failed="0" warnings="0" inconclusive="0" skipped="0" asserts="4">
        <test-case id="1-1037" name="TestBytesPadTerm" fullname="Kaitai.SpecBytesPadTerm.TestBytesPadTerm" methodname="TestBytesPadTerm" classname="Kaitai.SpecBytesPadTerm" runstate="Runnable" seed="1038624353" result="Passed" start-time="2025-01-02T02:24:50.5148183Z" end-time="2025-01-02T02:24:50.5148183Z" duration="0.000992" asserts="4" />
      </test-suite>
      <test-suite type="TestFixture" id="1-1038" name="SpecCastNested" fullname="Kaitai.SpecCastNested" classname="Kaitai.SpecCastNested" runstate="Runnable" testcasecount="1" result="Passed" start-time="2025-01-02T02:24:50.5148183Z" end-time="2025-01-02T02:24:50.5148183Z" duration="0.002976" total="1" passed="1" failed="0" warnings="0" inconclusive="0" skipped="0" asserts="4">
        <test-case id="1-1039" name="TestCastNested" fullname="Kaitai.SpecCastNested.TestCastNested" methodname="TestCastNested" classname="Kaitai.SpecCastNested" runstate="Runnable" seed="1641063967" result="Passed" start-time="2025-01-02T02:24:50.5148183Z" end-time="2025-01-02T02:24:50.5148183Z" duration="0.002877" asserts="4" />
      </test-suite>
      <test-suite type="TestFixture" id="1-1040" name="SpecCastToTop" fullname="Kaitai.SpecCastToTop" classname="Kaitai.SpecCastToTop" runstate="Runnable" testcasecount="1" result="Passed" start-time="2025-01-02T02:24:50.5148183Z" end-time="2025-01-02T02:24:50.5148183Z" duration="0.000828" total="1" passed="1" failed="0" warnings="0" inconclusive="0" skipped="0" asserts="3">
        <test-case id="1-1041" name="TestCastToTop" fullname="Kaitai.SpecCastToTop.TestCastToTop" methodname="TestCastToTop" classname="Kaitai.SpecCastToTop" runstate="Runnable" seed="1290632428" result="Passed" start-time="2025-01-02T02:24:50.5148183Z" end-time="2025-01-02T02:24:50.5148183Z" duration="0.000736" asserts="3" />
      </test-suite>
      <test-suite type="TestFixture" id="1-1042" name="SpecCombineBool" fullname="Kaitai.SpecCombineBool" classname="Kaitai.SpecCombineBool" runstate="Runnable" testcasecount="1" result="Passed" start-time="2025-01-02T02:24:50.5148183Z" end-time="2025-01-02T02:24:50.5148183Z" duration="0.000648" total="1" passed="1" failed="0" warnings="0" inconclusive="0" skipped="0" asserts="2">
        <test-case id="1-1043" name="TestCombineBool" fullname="Kaitai.SpecCombineBool.TestCombineBool" methodname="TestCombineBool" classname="Kaitai.SpecCombineBool" runstate="Runnable" seed="1011156202" result="Passed" start-time="2025-01-02T02:24:50.5148183Z" end-time="2025-01-02T02:24:50.5148183Z" duration="0.000558" asserts="2" />
      </test-suite>
      <test-suite type="TestFixture" id="1-1044" name="SpecCombineBytes" fullname="Kaitai.SpecCombineBytes" classname="Kaitai.SpecCombineBytes" runstate="Runnable" testcasecount="1" result="Passed" start-time="2025-01-02T02:24:50.5148183Z" end-time="2025-01-02T02:24:50.5148183Z" duration="0.001441" total="1" passed="1" failed="0" warnings="0" inconclusive="0" skipped="0" asserts="10">
        <test-case id="1-1045" name="TestCombineBytes" fullname="Kaitai.SpecCombineBytes.TestCombineBytes" methodname="TestCombineBytes" classname="Kaitai.SpecCombineBytes" runstate="Runnable" seed="1141854378" result="Passed" start-time="2025-01-02T02:24:50.5148183Z" end-time="2025-01-02T02:24:50.5148183Z" duration="0.001352" asserts="10" />
      </test-suite>
      <test-suite type="TestFixture" id="1-1046" name="SpecCombineEnum" fullname="Kaitai.SpecCombineEnum" classname="Kaitai.SpecCombineEnum" runstate="Runnable" testcasecount="1" result="Passed" start-time="2025-01-02T02:24:50.5148183Z" end-time="2025-01-02T02:24:50.5148183Z" duration="0.000741" total="1" passed="1" failed="0" warnings="0" inconclusive="0" skipped="0" asserts="3">
        <test-case id="1-1047" name="TestCombineEnum" fullname="Kaitai.SpecCombineEnum.TestCombineEnum" methodname="TestCombineEnum" classname="Kaitai.SpecCombineEnum" runstate="Runnable" seed="651129911" result="Passed" start-time="2025-01-02T02:24:50.5148183Z" end-time="2025-01-02T02:24:50.5148183Z" duration="0.000649" asserts="3" />
      </test-suite>
      <test-suite type="TestFixture" id="1-1048" name="SpecCombineStr" fullname="Kaitai.SpecCombineStr" classname="Kaitai.SpecCombineStr" runstate="Runnable" testcasecount="1" result="Passed" start-time="2025-01-02T02:24:50.5148183Z" end-time="2025-01-02T02:24:50.5148183Z" duration="0.001606" total="1" passed="1" failed="0" warnings="0" inconclusive="0" skipped="0" asserts="15">
        <test-case id="1-1049" name="TestCombineStr" fullname="Kaitai.SpecCombineStr.TestCombineStr" methodname="TestCombineStr" classname="Kaitai.SpecCombineStr" runstate="Runnable" seed="235902281" result="Passed" start-time="2025-01-02T02:24:50.5148183Z" end-time="2025-01-02T02:24:50.5148183Z" duration="0.001517" asserts="15" />
      </test-suite>
      <test-suite type="TestFixture" id="1-1050" name="SpecDebug0" fullname="Kaitai.SpecDebug0" classname="Kaitai.SpecDebug0" runstate="Runnable" testcasecount="1" result="Passed" start-time="2025-01-02T02:24:50.5148183Z" end-time="2025-01-02T02:24:50.5304460Z" duration="0.000888" total="1" passed="1" failed="0" warnings="0" inconclusive="0" skipped="0" asserts="6">
        <test-case id="1-1051" name="TestDebug0" fullname="Kaitai.SpecDebug0.TestDebug0" methodname="TestDebug0" classname="Kaitai.SpecDebug0" runstate="Runnable" seed="1516154487" result="Passed" start-time="2025-01-02T02:24:50.5148183Z" end-time="2025-01-02T02:24:50.5304460Z" duration="0.000790" asserts="6" />
      </test-suite>
      <test-suite type="TestFixture" id="1-1052" name="SpecDebugArrayUser" fullname="Kaitai.SpecDebugArrayUser" classname="Kaitai.SpecDebugArrayUser" runstate="Runnable" testcasecount="1" result="Passed" start-time="2025-01-02T02:24:50.5304460Z" end-time="2025-01-02T02:24:50.5304460Z" duration="0.001257" total="1" passed="1" failed="0" warnings="0" inconclusive="0" skipped="0" asserts="5">
        <test-case id="1-1053" name="TestDebugArrayUser" fullname="Kaitai.SpecDebugArrayUser.TestDebugArrayUser" methodname="TestDebugArrayUser" classname="Kaitai.SpecDebugArrayUser" runstate="Runnable" seed="995054529" result="Passed" start-time="2025-01-02T02:24:50.5304460Z" end-time="2025-01-02T02:24:50.5304460Z" duration="0.001129" asserts="5" />
      </test-suite>
      <test-suite type="TestFixture" id="1-1054" name="SpecDebugArrayUserCurrentExcluded" fullname="Kaitai.SpecDebugArrayUserCurrentExcluded" classname="Kaitai.SpecDebugArrayUserCurrentExcluded" runstate="Runnable" testcasecount="1" result="Passed" start-time="2025-01-02T02:24:50.5304460Z" end-time="2025-01-02T02:24:50.5304460Z" duration="0.001115" total="1" passed="1" failed="0" warnings="0" inconclusive="0" skipped="0" asserts="3">
        <test-case id="1-1055" name="TestDebugArrayUserCurrentExcluded" fullname="Kaitai.SpecDebugArrayUserCurrentExcluded.TestDebugArrayUserCurrentExcluded" methodname="TestDebugArrayUserCurrentExcluded" classname="Kaitai.SpecDebugArrayUserCurrentExcluded" runstate="Runnable" seed="400186244" result="Passed" start-time="2025-01-02T02:24:50.5304460Z" end-time="2025-01-02T02:24:50.5304460Z" duration="0.000995" asserts="3" />
      </test-suite>
      <test-suite type="TestFixture" id="1-1056" name="SpecDebugArrayUserEofException" fullname="Kaitai.SpecDebugArrayUserEofException" classname="Kaitai.SpecDebugArrayUserEofException" runstate="Runnable" testcasecount="1" result="Passed" start-time="2025-01-02T02:24:50.5304460Z" end-time="2025-01-02T02:24:50.5304460Z" duration="0.011671" total="1" passed="1" failed="0" warnings="0" inconclusive="0" skipped="0" asserts="9">
        <test-case id="1-1057" name="TestDebugArrayUserEofException" fullname="Kaitai.SpecDebugArrayUserEofException.TestDebugArrayUserEofException" methodname="TestDebugArrayUserEofException" classname="Kaitai.SpecDebugArrayUserEofException" runstate="Runnable" seed="1146546235" result="Passed" start-time="2025-01-02T02:24:50.5304460Z" end-time="2025-01-02T02:24:50.5304460Z" duration="0.011577" asserts="9" />
      </test-suite>
      <test-suite type="TestFixture" id="1-1058" name="SpecDebugSwitchUser" fullname="Kaitai.SpecDebugSwitchUser" classname="Kaitai.SpecDebugSwitchUser" runstate="Runnable" testcasecount="1" result="Passed" start-time="2025-01-02T02:24:50.5304460Z" end-time="2025-01-02T02:24:50.5304460Z" duration="0.000917" total="1" passed="1" failed="0" warnings="0" inconclusive="0" skipped="0" asserts="2">
        <test-case id="1-1059" name="TestDebugSwitchUser" fullname="Kaitai.SpecDebugSwitchUser.TestDebugSwitchUser" methodname="TestDebugSwitchUser" classname="Kaitai.SpecDebugSwitchUser" runstate="Runnable" seed="307686693" result="Passed" start-time="2025-01-02T02:24:50.5304460Z" end-time="2025-01-02T02:24:50.5304460Z" duration="0.000819" asserts="2" />
      </test-suite>
      <test-suite type="TestFixture" id="1-1060" name="SpecDefaultBigEndian" fullname="Kaitai.SpecDefaultBigEndian" classname="Kaitai.SpecDefaultBigEndian" runstate="Runnable" testcasecount="1" result="Passed" start-time="2025-01-02T02:24:50.5304460Z" end-time="2025-01-02T02:24:50.5460671Z" duration="0.000747" total="1" passed="1" failed="0" warnings="0" inconclusive="0" skipped="0" asserts="1">
        <test-case id="1-1061" name="TestDefaultBigEndian" fullname="Kaitai.SpecDefaultBigEndian.TestDefaultBigEndian" methodname="TestDefaultBigEndian" classname="Kaitai.SpecDefaultBigEndian" runstate="Runnable" seed="778771164" result="Passed" start-time="2025-01-02T02:24:50.5304460Z" end-time="2025-01-02T02:24:50.5460671Z" duration="0.000628" asserts="1" />
      </test-suite>
      <test-suite type="TestFixture" id="1-1062" name="SpecDefaultBitEndianMod" fullname="Kaitai.SpecDefaultBitEndianMod" classname="Kaitai.SpecDefaultBitEndianMod" runstate="Runnable" testcasecount="1" result="Passed" start-time="2025-01-02T02:24:50.5460671Z" end-time="2025-01-02T02:24:50.5460671Z" duration="0.001084" total="1" passed="1" failed="0" warnings="0" inconclusive="0" skipped="0" asserts="4">
        <test-case id="1-1063" name="TestDefaultBitEndianMod" fullname="Kaitai.SpecDefaultBitEndianMod.TestDefaultBitEndianMod" methodname="TestDefaultBitEndianMod" classname="Kaitai.SpecDefaultBitEndianMod" runstate="Runnable" seed="1831833264" result="Passed" start-time="2025-01-02T02:24:50.5460671Z" end-time="2025-01-02T02:24:50.5460671Z" duration="0.000992" asserts="4" />
      </test-suite>
      <test-suite type="TestFixture" id="1-1064" name="SpecDefaultEndianExprException" fullname="Kaitai.SpecDefaultEndianExprException" classname="Kaitai.SpecDefaultEndianExprException" runstate="Runnable" testcasecount="1" result="Passed" start-time="2025-01-02T02:24:50.5460671Z" end-time="2025-01-02T02:24:50.5460671Z" duration="0.001572" total="1" passed="1" failed="0" warnings="0" inconclusive="0" skipped="0" asserts="1">
        <test-case id="1-1065" name="TestDefaultEndianExprException" fullname="Kaitai.SpecDefaultEndianExprException.TestDefaultEndianExprException" methodname="TestDefaultEndianExprException" classname="Kaitai.SpecDefaultEndianExprException" runstate="Runnable" seed="1377268253" result="Passed" start-time="2025-01-02T02:24:50.5460671Z" end-time="2025-01-02T02:24:50.5460671Z" duration="0.001483" asserts="1" />
      </test-suite>
      <test-suite type="TestFixture" id="1-1066" name="SpecDefaultEndianExprInherited" fullname="Kaitai.SpecDefaultEndianExprInherited" classname="Kaitai.SpecDefaultEndianExprInherited" runstate="Runnable" testcasecount="1" result="Passed" start-time="2025-01-02T02:24:50.5460671Z" end-time="2025-01-02T02:24:50.5460671Z" duration="0.002895" total="1" passed="1" failed="0" warnings="0" inconclusive="0" skipped="0" asserts="15">
        <test-case id="1-1067" name="TestDefaultEndianExprInherited" fullname="Kaitai.SpecDefaultEndianExprInherited.TestDefaultEndianExprInherited" methodname="TestDefaultEndianExprInherited" classname="Kaitai.SpecDefaultEndianExprInherited" runstate="Runnable" seed="622488783" result="Passed" start-time="2025-01-02T02:24:50.5460671Z" end-time="2025-01-02T02:24:50.5460671Z" duration="0.002801" asserts="15" />
      </test-suite>
      <test-suite type="TestFixture" id="1-1068" name="SpecDefaultEndianExprIsBe" fullname="Kaitai.SpecDefaultEndianExprIsBe" classname="Kaitai.SpecDefaultEndianExprIsBe" runstate="Runnable" testcasecount="1" result="Passed" start-time="2025-01-02T02:24:50.5460671Z" end-time="2025-01-02T02:24:50.5460671Z" duration="0.002881" total="1" passed="1" failed="0" warnings="0" inconclusive="0" skipped="0" asserts="18">
        <test-case id="1-1069" name="TestDefaultEndianExprIsBe" fullname="Kaitai.SpecDefaultEndianExprIsBe.TestDefaultEndianExprIsBe" methodname="TestDefaultEndianExprIsBe" classname="Kaitai.SpecDefaultEndianExprIsBe" runstate="Runnable" seed="1365573601" result="Passed" start-time="2025-01-02T02:24:50.5460671Z" end-time="2025-01-02T02:24:50.5460671Z" duration="0.002785" asserts="18" />
      </test-suite>
      <test-suite type="TestFixture" id="1-1070" name="SpecDefaultEndianExprIsLe" fullname="Kaitai.SpecDefaultEndianExprIsLe" classname="Kaitai.SpecDefaultEndianExprIsLe" runstate="Runnable" testcasecount="1" result="Passed" start-time="2025-01-02T02:24:50.5460671Z" end-time="2025-01-02T02:24:50.5460671Z" duration="0.002082" total="1" passed="1" failed="0" warnings="0" inconclusive="0" skipped="0" asserts="12">
        <test-case id="1-1071" name="TestDefaultEndianExprIsLe" fullname="Kaitai.SpecDefaultEndianExprIsLe.TestDefaultEndianExprIsLe" methodname="TestDefaultEndianExprIsLe" classname="Kaitai.SpecDefaultEndianExprIsLe" runstate="Runnable" seed="925025555" result="Passed" start-time="2025-01-02T02:24:50.5460671Z" end-time="2025-01-02T02:24:50.5460671Z" duration="0.001988" asserts="12" />
      </test-suite>
      <test-suite type="TestFixture" id="1-1072" name="SpecDefaultEndianMod" fullname="Kaitai.SpecDefaultEndianMod" classname="Kaitai.SpecDefaultEndianMod" runstate="Runnable" testcasecount="1" result="Passed" start-time="2025-01-02T02:24:50.5460671Z" end-time="2025-01-02T02:24:50.5460671Z" duration="0.001708" total="1" passed="1" failed="0" warnings="0" inconclusive="0" skipped="0" asserts="3">
        <test-case id="1-1073" name="TestDefaultEndianMod" fullname="Kaitai.SpecDefaultEndianMod.TestDefaultEndianMod" methodname="TestDefaultEndianMod" classname="Kaitai.SpecDefaultEndianMod" runstate="Runnable" seed="934829782" result="Passed" start-time="2025-01-02T02:24:50.5460671Z" end-time="2025-01-02T02:24:50.5460671Z" duration="0.000982" asserts="3" />
      </test-suite>
      <test-suite type="TestFixture" id="1-1074" name="SpecDocstrings" fullname="Kaitai.SpecDocstrings" classname="Kaitai.SpecDocstrings" runstate="Runnable" testcasecount="1" result="Passed" start-time="2025-01-02T02:24:50.5460671Z" end-time="2025-01-02T02:24:50.5460671Z" duration="0.000432" total="1" passed="1" failed="0" warnings="0" inconclusive="0" skipped="0" asserts="0">
        <test-case id="1-1075" name="TestDocstrings" fullname="Kaitai.SpecDocstrings.TestDocstrings" methodname="TestDocstrings" classname="Kaitai.SpecDocstrings" runstate="Runnable" seed="1804020050" result="Passed" start-time="2025-01-02T02:24:50.5460671Z" end-time="2025-01-02T02:24:50.5460671Z" duration="0.000341" asserts="0" />
      </test-suite>
      <test-suite type="TestFixture" id="1-1076" name="SpecDocstringsDocref" fullname="Kaitai.SpecDocstringsDocref" classname="Kaitai.SpecDocstringsDocref" runstate="Runnable" testcasecount="1" result="Passed" start-time="2025-01-02T02:24:50.5460671Z" end-time="2025-01-02T02:24:50.5460671Z" duration="0.000399" total="1" passed="1" failed="0" warnings="0" inconclusive="0" skipped="0" asserts="0">
        <test-case id="1-1077" name="TestDocstringsDocref" fullname="Kaitai.SpecDocstringsDocref.TestDocstringsDocref" methodname="TestDocstringsDocref" classname="Kaitai.SpecDocstringsDocref" runstate="Runnable" seed="1604889027" result="Passed" start-time="2025-01-02T02:24:50.5460671Z" end-time="2025-01-02T02:24:50.5460671Z" duration="0.000309" asserts="0" />
      </test-suite>
      <test-suite type="TestFixture" id="1-1078" name="SpecDocstringsDocrefMulti" fullname="Kaitai.SpecDocstringsDocrefMulti" classname="Kaitai.SpecDocstringsDocrefMulti" runstate="Runnable" testcasecount="1" result="Passed" start-time="2025-01-02T02:24:50.5460671Z" end-time="2025-01-02T02:24:50.5460671Z" duration="0.000350" total="1" passed="1" failed="0" warnings="0" inconclusive="0" skipped="0" asserts="0">
        <test-case id="1-1079" name="TestDocstringsDocrefMulti" fullname="Kaitai.SpecDocstringsDocrefMulti.TestDocstringsDocrefMulti" methodname="TestDocstringsDocrefMulti" classname="Kaitai.SpecDocstringsDocrefMulti" runstate="Runnable" seed="2041590385" result="Passed" start-time="2025-01-02T02:24:50.5460671Z" end-time="2025-01-02T02:24:50.5460671Z" duration="0.000261" asserts="0" />
      </test-suite>
      <test-suite type="TestFixture" id="1-1080" name="SpecEnum0" fullname="Kaitai.SpecEnum0" classname="Kaitai.SpecEnum0" runstate="Runnable" testcasecount="1" result="Passed" start-time="2025-01-02T02:24:50.5460671Z" end-time="2025-01-02T02:24:50.5460671Z" duration="0.000527" total="1" passed="1" failed="0" warnings="0" inconclusive="0" skipped="0" asserts="2">
        <test-case id="1-1081" name="TestEnum0" fullname="Kaitai.SpecEnum0.TestEnum0" methodname="TestEnum0" classname="Kaitai.SpecEnum0" runstate="Runnable" seed="284516124" result="Passed" start-time="2025-01-02T02:24:50.5460671Z" end-time="2025-01-02T02:24:50.5460671Z" duration="0.000441" asserts="2" />
      </test-suite>
      <test-suite type="TestFixture" id="1-1082" name="SpecEnum1" fullname="Kaitai.SpecEnum1" classname="Kaitai.SpecEnum1" runstate="Runnable" testcasecount="1" result="Passed" start-time="2025-01-02T02:24:50.5460671Z" end-time="2025-01-02T02:24:50.5460671Z" duration="0.001061" total="1" passed="1" failed="0" warnings="0" inconclusive="0" skipped="0" asserts="2">
        <test-case id="1-1083" name="TestEnum1" fullname="Kaitai.SpecEnum1.TestEnum1" methodname="TestEnum1" classname="Kaitai.SpecEnum1" runstate="Runnable" seed="1341943754" result="Passed" start-time="2025-01-02T02:24:50.5460671Z" end-time="2025-01-02T02:24:50.5460671Z" duration="0.000972" asserts="2" />
      </test-suite>
      <test-suite type="TestFixture" id="1-1084" name="SpecEnumDeep" fullname="Kaitai.SpecEnumDeep" classname="Kaitai.SpecEnumDeep" runstate="Runnable" testcasecount="1" result="Passed" start-time="2025-01-02T02:24:50.5460671Z" end-time="2025-01-02T02:24:50.5616938Z" duration="0.000610" total="1" passed="1" failed="0" warnings="0" inconclusive="0" skipped="0" asserts="2">
        <test-case id="1-1085" name="TestEnumDeep" fullname="Kaitai.SpecEnumDeep.TestEnumDeep" methodname="TestEnumDeep" classname="Kaitai.SpecEnumDeep" runstate="Runnable" seed="1511951296" result="Passed" start-time="2025-01-02T02:24:50.5460671Z" end-time="2025-01-02T02:24:50.5616938Z" duration="0.000520" asserts="2" />
      </test-suite>
      <test-suite type="TestFixture" id="1-1086" name="SpecEnumDeepLiterals" fullname="Kaitai.SpecEnumDeepLiterals" classname="Kaitai.SpecEnumDeepLiterals" runstate="Runnable" testcasecount="1" result="Passed" start-time="2025-01-02T02:24:50.5616938Z" end-time="2025-01-02T02:24:50.5616938Z" duration="0.000678" total="1" passed="1" failed="0" warnings="0" inconclusive="0" skipped="0" asserts="2">
        <test-case id="1-1087" name="TestEnumDeepLiterals" fullname="Kaitai.SpecEnumDeepLiterals.TestEnumDeepLiterals" methodname="TestEnumDeepLiterals" classname="Kaitai.SpecEnumDeepLiterals" runstate="Runnable" seed="293060679" result="Passed" start-time="2025-01-02T02:24:50.5616938Z" end-time="2025-01-02T02:24:50.5616938Z" duration="0.000586" asserts="2" />
      </test-suite>
      <test-suite type="TestFixture" id="1-1088" name="SpecEnumFancy" fullname="Kaitai.SpecEnumFancy" classname="Kaitai.SpecEnumFancy" runstate="Runnable" testcasecount="1" result="Passed" start-time="2025-01-02T02:24:50.5616938Z" end-time="2025-01-02T02:24:50.5616938Z" duration="0.000738" total="1" passed="1" failed="0" warnings="0" inconclusive="0" skipped="0" asserts="2">
        <test-case id="1-1089" name="TestEnumFancy" fullname="Kaitai.SpecEnumFancy.TestEnumFancy" methodname="TestEnumFancy" classname="Kaitai.SpecEnumFancy" runstate="Runnable" seed="336474143" result="Passed" start-time="2025-01-02T02:24:50.5616938Z" end-time="2025-01-02T02:24:50.5616938Z" duration="0.000620" asserts="2" />
      </test-suite>
      <test-suite type="TestFixture" id="1-1090" name="SpecEnumIf" fullname="Kaitai.SpecEnumIf" classname="Kaitai.SpecEnumIf" runstate="Runnable" testcasecount="1" result="Passed" start-time="2025-01-02T02:24:50.5616938Z" end-time="2025-01-02T02:24:50.5616938Z" duration="0.001437" total="1" passed="1" failed="0" warnings="0" inconclusive="0" skipped="0" asserts="7">
        <test-case id="1-1091" name="TestEnumIf" fullname="Kaitai.SpecEnumIf.TestEnumIf" methodname="TestEnumIf" classname="Kaitai.SpecEnumIf" runstate="Runnable" seed="1507383583" result="Passed" start-time="2025-01-02T02:24:50.5616938Z" end-time="2025-01-02T02:24:50.5616938Z" duration="0.001348" asserts="7" />
      </test-suite>
      <test-suite type="TestFixture" id="1-1092" name="SpecEnumImportLiterals" fullname="Kaitai.SpecEnumImportLiterals" classname="Kaitai.SpecEnumImportLiterals" runstate="Runnable" testcasecount="1" result="Passed" start-time="2025-01-02T02:24:50.5616938Z" end-time="2025-01-02T02:24:50.5616938Z" duration="0.000633" total="1" passed="1" failed="0" warnings="0" inconclusive="0" skipped="0" asserts="3">
        <test-case id="1-1093" name="TestEnumImportLiterals" fullname="Kaitai.SpecEnumImportLiterals.TestEnumImportLiterals" methodname="TestEnumImportLiterals" classname="Kaitai.SpecEnumImportLiterals" runstate="Runnable" seed="1975926747" result="Passed" start-time="2025-01-02T02:24:50.5616938Z" end-time="2025-01-02T02:24:50.5616938Z" duration="0.000542" asserts="3" />
      </test-suite>
      <test-suite type="TestFixture" id="1-1094" name="SpecEnumImportSeq" fullname="Kaitai.SpecEnumImportSeq" classname="Kaitai.SpecEnumImportSeq" runstate="Runnable" testcasecount="1" result="Passed" start-time="2025-01-02T02:24:50.5616938Z" end-time="2025-01-02T02:24:50.5616938Z" duration="0.000527" total="1" passed="1" failed="0" warnings="0" inconclusive="0" skipped="0" asserts="2">
        <test-case id="1-1095" name="TestEnumImportSeq" fullname="Kaitai.SpecEnumImportSeq.TestEnumImportSeq" methodname="TestEnumImportSeq" classname="Kaitai.SpecEnumImportSeq" runstate="Runnable" seed="225315766" result="Passed" start-time="2025-01-02T02:24:50.5616938Z" end-time="2025-01-02T02:24:50.5616938Z" duration="0.000439" asserts="2" />
      </test-suite>
      <test-suite type="TestFixture" id="1-1096" name="SpecEnumIntRangeS" fullname="Kaitai.SpecEnumIntRangeS" classname="Kaitai.SpecEnumIntRangeS" runstate="Runnable" testcasecount="1" result="Passed" start-time="2025-01-02T02:24:50.5616938Z" end-time="2025-01-02T02:24:50.5616938Z" duration="0.000759" total="1" passed="1" failed="0" warnings="0" inconclusive="0" skipped="0" asserts="3">
        <test-case id="1-1097" name="TestEnumIntRangeS" fullname="Kaitai.SpecEnumIntRangeS.TestEnumIntRangeS" methodname="TestEnumIntRangeS" classname="Kaitai.SpecEnumIntRangeS" runstate="Runnable" seed="958218558" result="Passed" start-time="2025-01-02T02:24:50.5616938Z" end-time="2025-01-02T02:24:50.5616938Z" duration="0.000666" asserts="3" />
      </test-suite>
      <test-suite type="TestFixture" id="1-1098" name="SpecEnumInvalid" fullname="Kaitai.SpecEnumInvalid" classname="Kaitai.SpecEnumInvalid" runstate="Runnable" testcasecount="1" result="Passed" start-time="2025-01-02T02:24:50.5616938Z" end-time="2025-01-02T02:24:50.5616938Z" duration="0.000764" total="1" passed="1" failed="0" warnings="0" inconclusive="0" skipped="0" asserts="2">
        <test-case id="1-1099" name="TestEnumInvalid" fullname="Kaitai.SpecEnumInvalid.TestEnumInvalid" methodname="TestEnumInvalid" classname="Kaitai.SpecEnumInvalid" runstate="Runnable" seed="10370585" result="Passed" start-time="2025-01-02T02:24:50.5616938Z" end-time="2025-01-02T02:24:50.5616938Z" duration="0.000653" asserts="2" />
      </test-suite>
      <test-suite type="TestFixture" id="1-1100" name="SpecEnumNegative" fullname="Kaitai.SpecEnumNegative" classname="Kaitai.SpecEnumNegative" runstate="Runnable" testcasecount="1" result="Passed" start-time="2025-01-02T02:24:50.5616938Z" end-time="2025-01-02T02:24:50.5616938Z" duration="0.000882" total="1" passed="1" failed="0" warnings="0" inconclusive="0" skipped="0" asserts="2">
        <test-case id="1-1101" name="TestEnumNegative" fullname="Kaitai.SpecEnumNegative.TestEnumNegative" methodname="TestEnumNegative" classname="Kaitai.SpecEnumNegative" runstate="Runnable" seed="1770589877" result="Passed" start-time="2025-01-02T02:24:50.5616938Z" end-time="2025-01-02T02:24:50.5616938Z" duration="0.000765" asserts="2" />
      </test-suite>
      <test-suite type="TestFixture" id="1-1102" name="SpecEnumOfValueInst" fullname="Kaitai.SpecEnumOfValueInst" classname="Kaitai.SpecEnumOfValueInst" runstate="Runnable" testcasecount="1" result="Passed" start-time="2025-01-02T02:24:50.5616938Z" end-time="2025-01-02T02:24:50.5616938Z" duration="0.001163" total="1" passed="1" failed="0" warnings="0" inconclusive="0" skipped="0" asserts="4">
        <test-case id="1-1103" name="TestEnumOfValueInst" fullname="Kaitai.SpecEnumOfValueInst.TestEnumOfValueInst" methodname="TestEnumOfValueInst" classname="Kaitai.SpecEnumOfValueInst" runstate="Runnable" seed="360707887" result="Passed" start-time="2025-01-02T02:24:50.5616938Z" end-time="2025-01-02T02:24:50.5616938Z" duration="0.001037" asserts="4" />
      </test-suite>
      <test-suite type="TestFixture" id="1-1104" name="SpecEofExceptionBytes" fullname="Kaitai.SpecEofExceptionBytes" classname="Kaitai.SpecEofExceptionBytes" runstate="Runnable" testcasecount="1" result="Passed" start-time="2025-01-02T02:24:50.5616938Z" end-time="2025-01-02T02:24:50.5616938Z" duration="0.000631" total="1" passed="1" failed="0" warnings="0" inconclusive="0" skipped="0" asserts="1">
        <test-case id="1-1105" name="TestEofExceptionBytes" fullname="Kaitai.SpecEofExceptionBytes.TestEofExceptionBytes" methodname="TestEofExceptionBytes" classname="Kaitai.SpecEofExceptionBytes" runstate="Runnable" seed="1247560427" result="Passed" start-time="2025-01-02T02:24:50.5616938Z" end-time="2025-01-02T02:24:50.5616938Z" duration="0.000516" asserts="1" />
      </test-suite>
      <test-suite type="TestFixture" id="1-1106" name="SpecEofExceptionSized" fullname="Kaitai.SpecEofExceptionSized" classname="Kaitai.SpecEofExceptionSized" runstate="Runnable" testcasecount="1" result="Passed" start-time="2025-01-02T02:24:50.5616938Z" end-time="2025-01-02T02:24:50.5616938Z" duration="0.000552" total="1" passed="1" failed="0" warnings="0" inconclusive="0" skipped="0" asserts="1">
        <test-case id="1-1107" name="TestEofExceptionSized" fullname="Kaitai.SpecEofExceptionSized.TestEofExceptionSized" methodname="TestEofExceptionSized" classname="Kaitai.SpecEofExceptionSized" runstate="Runnable" seed="525215757" result="Passed" start-time="2025-01-02T02:24:50.5616938Z" end-time="2025-01-02T02:24:50.5616938Z" duration="0.000458" asserts="1" />
      </test-suite>
      <test-suite type="TestFixture" id="1-1108" name="SpecEofExceptionU4" fullname="Kaitai.SpecEofExceptionU4" classname="Kaitai.SpecEofExceptionU4" runstate="Runnable" testcasecount="1" result="Passed" start-time="2025-01-02T02:24:50.5616938Z" end-time="2025-01-02T02:24:50.5616938Z" duration="0.000540" total="1" passed="1" failed="0" warnings="0" inconclusive="0" skipped="0" asserts="1">
        <test-case id="1-1109" name="TestEofExceptionU4" fullname="Kaitai.SpecEofExceptionU4.TestEofExceptionU4" methodname="TestEofExceptionU4" classname="Kaitai.SpecEofExceptionU4" runstate="Runnable" seed="973415151" result="Passed" start-time="2025-01-02T02:24:50.5616938Z" end-time="2025-01-02T02:24:50.5616938Z" duration="0.000447" asserts="1" />
      </test-suite>
      <test-suite type="TestFixture" id="1-1110" name="SpecEosExceptionBytes" fullname="Kaitai.SpecEosExceptionBytes" classname="Kaitai.SpecEosExceptionBytes" runstate="Runnable" testcasecount="1" result="Passed" start-time="2025-01-02T02:24:50.5616938Z" end-time="2025-01-02T02:24:50.5616938Z" duration="0.000632" total="1" passed="1" failed="0" warnings="0" inconclusive="0" skipped="0" asserts="1">
        <test-case id="1-1111" name="TestEosExceptionBytes" fullname="Kaitai.SpecEosExceptionBytes.TestEosExceptionBytes" methodname="TestEosExceptionBytes" classname="Kaitai.SpecEosExceptionBytes" runstate="Runnable" seed="237751053" result="Passed" start-time="2025-01-02T02:24:50.5616938Z" end-time="2025-01-02T02:24:50.5616938Z" duration="0.000540" asserts="1" />
      </test-suite>
      <test-suite type="TestFixture" id="1-1112" name="SpecEosExceptionSized" fullname="Kaitai.SpecEosExceptionSized" classname="Kaitai.SpecEosExceptionSized" runstate="Runnable" testcasecount="1" result="Passed" start-time="2025-01-02T02:24:50.5616938Z" end-time="2025-01-02T02:24:50.5616938Z" duration="0.000656" total="1" passed="1" failed="0" warnings="0" inconclusive="0" skipped="0" asserts="1">
        <test-case id="1-1113" name="TestEosExceptionSized" fullname="Kaitai.SpecEosExceptionSized.TestEosExceptionSized" methodname="TestEosExceptionSized" classname="Kaitai.SpecEosExceptionSized" runstate="Runnable" seed="531094252" result="Passed" start-time="2025-01-02T02:24:50.5616938Z" end-time="2025-01-02T02:24:50.5616938Z" duration="0.000567" asserts="1" />
      </test-suite>
      <test-suite type="TestFixture" id="1-1114" name="SpecEosExceptionU4" fullname="Kaitai.SpecEosExceptionU4" classname="Kaitai.SpecEosExceptionU4" runstate="Runnable" testcasecount="1" result="Passed" start-time="2025-01-02T02:24:50.5616938Z" end-time="2025-01-02T02:24:50.5616938Z" duration="0.000657" total="1" passed="1" failed="0" warnings="0" inconclusive="0" skipped="0" asserts="1">
        <test-case id="1-1115" name="TestEosExceptionU4" fullname="Kaitai.SpecEosExceptionU4.TestEosExceptionU4" methodname="TestEosExceptionU4" classname="Kaitai.SpecEosExceptionU4" runstate="Runnable" seed="1229130201" result="Passed" start-time="2025-01-02T02:24:50.5616938Z" end-time="2025-01-02T02:24:50.5616938Z" duration="0.000565" asserts="1" />
      </test-suite>
      <test-suite type="TestFixture" id="1-1116" name="SpecExpr0" fullname="Kaitai.SpecExpr0" classname="Kaitai.SpecExpr0" runstate="Runnable" testcasecount="1" result="Passed" start-time="2025-01-02T02:24:50.5616938Z" end-time="2025-01-02T02:24:50.5616938Z" duration="0.000550" total="1" passed="1" failed="0" warnings="0" inconclusive="0" skipped="0" asserts="2">
        <test-case id="1-1117" name="TestExpr0" fullname="Kaitai.SpecExpr0.TestExpr0" methodname="TestExpr0" classname="Kaitai.SpecExpr0" runstate="Runnable" seed="1711280792" result="Passed" start-time="2025-01-02T02:24:50.5616938Z" end-time="2025-01-02T02:24:50.5616938Z" duration="0.000460" asserts="2" />
      </test-suite>
      <test-suite type="TestFixture" id="1-1118" name="SpecExpr1" fullname="Kaitai.SpecExpr1" classname="Kaitai.SpecExpr1" runstate="Runnable" testcasecount="1" result="Passed" start-time="2025-01-02T02:24:50.5616938Z" end-time="2025-01-02T02:24:50.5616938Z" duration="0.000790" total="1" passed="1" failed="0" warnings="0" inconclusive="0" skipped="0" asserts="4">
        <test-case id="1-1119" name="TestExpr1" fullname="Kaitai.SpecExpr1.TestExpr1" methodname="TestExpr1" classname="Kaitai.SpecExpr1" runstate="Runnable" seed="407237948" result="Passed" start-time="2025-01-02T02:24:50.5616938Z" end-time="2025-01-02T02:24:50.5616938Z" duration="0.000702" asserts="4" />
      </test-suite>
      <test-suite type="TestFixture" id="1-1120" name="SpecExpr2" fullname="Kaitai.SpecExpr2" classname="Kaitai.SpecExpr2" runstate="Runnable" testcasecount="1" result="Passed" start-time="2025-01-02T02:24:50.5616938Z" end-time="2025-01-02T02:24:50.5773194Z" duration="0.002941" total="1" passed="1" failed="0" warnings="0" inconclusive="0" skipped="0" asserts="17">
        <test-case id="1-1121" name="TestExpr2" fullname="Kaitai.SpecExpr2.TestExpr2" methodname="TestExpr2" classname="Kaitai.SpecExpr2" runstate="Runnable" seed="1297073118" result="Passed" start-time="2025-01-02T02:24:50.5616938Z" end-time="2025-01-02T02:24:50.5773194Z" duration="0.002850" asserts="17" />
      </test-suite>
      <test-suite type="TestFixture" id="1-1122" name="SpecExpr3" fullname="Kaitai.SpecExpr3" classname="Kaitai.SpecExpr3" runstate="Runnable" testcasecount="1" result="Passed" start-time="2025-01-02T02:24:50.5773194Z" end-time="2025-01-02T02:24:50.5773194Z" duration="0.001927" total="1" passed="1" failed="0" warnings="0" inconclusive="0" skipped="0" asserts="12">
        <test-case id="1-1123" name="TestExpr3" fullname="Kaitai.SpecExpr3.TestExpr3" methodname="TestExpr3" classname="Kaitai.SpecExpr3" runstate="Runnable" seed="639864175" result="Passed" start-time="2025-01-02T02:24:50.5773194Z" end-time="2025-01-02T02:24:50.5773194Z" duration="0.001833" asserts="12" />
      </test-suite>
      <test-suite type="TestFixture" id="1-1124" name="SpecExprArray" fullname="Kaitai.SpecExprArray" classname="Kaitai.SpecExprArray" runstate="Runnable" testcasecount="1" result="Passed" start-time="2025-01-02T02:24:50.5773194Z" end-time="2025-01-02T02:24:50.5773194Z" duration="0.007957" total="1" passed="1" failed="0" warnings="0" inconclusive="0" skipped="0" asserts="15">
        <test-case id="1-1125" name="TestExprArray" fullname="Kaitai.SpecExprArray.TestExprArray" methodname="TestExprArray" classname="Kaitai.SpecExprArray" runstate="Runnable" seed="1076211109" result="Passed" start-time="2025-01-02T02:24:50.5773194Z" end-time="2025-01-02T02:24:50.5773194Z" duration="0.007863" asserts="15" />
      </test-suite>
      <test-suite type="TestFixture" id="1-1126" name="SpecExprBytesCmp" fullname="Kaitai.SpecExprBytesCmp" classname="Kaitai.SpecExprBytesCmp" runstate="Runnable" testcasecount="1" result="Passed" start-time="2025-01-02T02:24:50.5773194Z" end-time="2025-01-02T02:24:50.5773194Z" duration="0.001733" total="1" passed="1" failed="0" warnings="0" inconclusive="0" skipped="0" asserts="10">
        <test-case id="1-1127" name="TestExprBytesCmp" fullname="Kaitai.SpecExprBytesCmp.TestExprBytesCmp" methodname="TestExprBytesCmp" classname="Kaitai.SpecExprBytesCmp" runstate="Runnable" seed="1798760262" result="Passed" start-time="2025-01-02T02:24:50.5773194Z" end-time="2025-01-02T02:24:50.5773194Z" duration="0.001635" asserts="10" />
      </test-suite>
      <test-suite type="TestFixture" id="1-1128" name="SpecExprBytesNonLiteral" fullname="Kaitai.SpecExprBytesNonLiteral" classname="Kaitai.SpecExprBytesNonLiteral" runstate="Runnable" testcasecount="1" result="Passed" start-time="2025-01-02T02:24:50.5773194Z" end-time="2025-01-02T02:24:50.5773194Z" duration="0.001170" total="1" passed="1" failed="0" warnings="0" inconclusive="0" skipped="0" asserts="3">
        <test-case id="1-1129" name="TestExprBytesNonLiteral" fullname="Kaitai.SpecExprBytesNonLiteral.TestExprBytesNonLiteral" methodname="TestExprBytesNonLiteral" classname="Kaitai.SpecExprBytesNonLiteral" runstate="Runnable" seed="418916451" result="Passed" start-time="2025-01-02T02:24:50.5773194Z" end-time="2025-01-02T02:24:50.5773194Z" duration="0.001075" asserts="3" />
      </test-suite>
      <test-suite type="TestFixture" id="1-1130" name="SpecExprBytesOps" fullname="Kaitai.SpecExprBytesOps" classname="Kaitai.SpecExprBytesOps" runstate="Runnable" testcasecount="1" result="Passed" start-time="2025-01-02T02:24:50.5773194Z" end-time="2025-01-02T02:24:50.5929473Z" duration="0.002897" total="1" passed="1" failed="0" warnings="0" inconclusive="0" skipped="0" asserts="16">
        <test-case id="1-1131" name="TestExprBytesOps" fullname="Kaitai.SpecExprBytesOps.TestExprBytesOps" methodname="TestExprBytesOps" classname="Kaitai.SpecExprBytesOps" runstate="Runnable" seed="1937347583" result="Passed" start-time="2025-01-02T02:24:50.5773194Z" end-time="2025-01-02T02:24:50.5929473Z" duration="0.002807" asserts="16" />
      </test-suite>
      <test-suite type="TestFixture" id="1-1132" name="SpecExprCalcArrayOps" fullname="Kaitai.SpecExprCalcArrayOps" classname="Kaitai.SpecExprCalcArrayOps" runstate="Runnable" testcasecount="1" result="Passed" start-time="2025-01-02T02:24:50.5929473Z" end-time="2025-01-02T02:24:50.5929473Z" duration="0.003290" total="1" passed="1" failed="0" warnings="0" inconclusive="0" skipped="0" asserts="18">
        <test-case id="1-1133" name="TestExprCalcArrayOps" fullname="Kaitai.SpecExprCalcArrayOps.TestExprCalcArrayOps" methodname="TestExprCalcArrayOps" classname="Kaitai.SpecExprCalcArrayOps" runstate="Runnable" seed="258831591" result="Passed" start-time="2025-01-02T02:24:50.5929473Z" end-time="2025-01-02T02:24:50.5929473Z" duration="0.003197" asserts="18" />
      </test-suite>
      <test-suite type="TestFixture" id="1-1134" name="SpecExprEnum" fullname="Kaitai.SpecExprEnum" classname="Kaitai.SpecExprEnum" runstate="Runnable" testcasecount="1" result="Passed" start-time="2025-01-02T02:24:50.5929473Z" end-time="2025-01-02T02:24:50.5929473Z" duration="0.000729" total="1" passed="1" failed="0" warnings="0" inconclusive="0" skipped="0" asserts="3">
        <test-case id="1-1135" name="TestExprEnum" fullname="Kaitai.SpecExprEnum.TestExprEnum" methodname="TestExprEnum" classname="Kaitai.SpecExprEnum" runstate="Runnable" seed="2019414731" result="Passed" start-time="2025-01-02T02:24:50.5929473Z" end-time="2025-01-02T02:24:50.5929473Z" duration="0.000637" asserts="3" />
      </test-suite>
      <test-suite type="TestFixture" id="1-1136" name="SpecExprFstring0" fullname="Kaitai.SpecExprFstring0" classname="Kaitai.SpecExprFstring0" runstate="Runnable" testcasecount="1" result="Passed" start-time="2025-01-02T02:24:50.5929473Z" end-time="2025-01-02T02:24:50.5929473Z" duration="0.001154" total="1" passed="1" failed="0" warnings="0" inconclusive="0" skipped="0" asserts="9">
        <test-case id="1-1137" name="TestExprFstring0" fullname="Kaitai.SpecExprFstring0.TestExprFstring0" methodname="TestExprFstring0" classname="Kaitai.SpecExprFstring0" runstate="Runnable" seed="1266445108" result="Passed" start-time="2025-01-02T02:24:50.5929473Z" end-time="2025-01-02T02:24:50.5929473Z" duration="0.001062" asserts="9" />
      </test-suite>
      <test-suite type="TestFixture" id="1-1138" name="SpecExprIfIntOps" fullname="Kaitai.SpecExprIfIntOps" classname="Kaitai.SpecExprIfIntOps" runstate="Runnable" testcasecount="1" result="Passed" start-time="2025-01-02T02:24:50.5929473Z" end-time="2025-01-02T02:24:50.5929473Z" duration="0.001044" total="1" passed="1" failed="0" warnings="0" inconclusive="0" skipped="0" asserts="2">
        <test-case id="1-1139" name="TestExprIfIntOps" fullname="Kaitai.SpecExprIfIntOps.TestExprIfIntOps" methodname="TestExprIfIntOps" classname="Kaitai.SpecExprIfIntOps" runstate="Runnable" seed="886369859" result="Passed" start-time="2025-01-02T02:24:50.5929473Z" end-time="2025-01-02T02:24:50.5929473Z" duration="0.000952" asserts="2" />
      </test-suite>
      <test-suite type="TestFixture" id="1-1140" name="SpecExprIntDiv" fullname="Kaitai.SpecExprIntDiv" classname="Kaitai.SpecExprIntDiv" runstate="Runnable" testcasecount="1" result="Failed" site="Child" start-time="2025-01-02T02:24:50.5929473Z" end-time="2025-01-02T02:24:50.7804296Z" duration="0.189259" total="1" passed="0" failed="1" warnings="0" inconclusive="0" skipped="0" asserts="4">
        <failure>
          <message><![CDATA[One or more child tests had errors]]></message>
        </failure>
        <test-case id="1-1141" name="TestExprIntDiv" fullname="Kaitai.SpecExprIntDiv.TestExprIntDiv" methodname="TestExprIntDiv" classname="Kaitai.SpecExprIntDiv" runstate="Runnable" seed="2060861038" result="Failed" start-time="2025-01-02T02:24:50.5929473Z" end-time="2025-01-02T02:24:50.7804296Z" duration="0.189068" asserts="4">
          <failure>
            <message><![CDATA[  Expected: -756
  But was:  -757
]]></message>
            <stack-trace><![CDATA[   at Kaitai.SpecExprIntDiv.TestExprIntDiv() in D:\a\ci_targets\ci_targets\tests\spec\csharp\kaitai_struct_csharp_tests\tests\SpecExprIntDiv.cs:line 18
]]></stack-trace>
          </failure>
          <assertions>
            <assertion result="Failed">
              <message><![CDATA[  Expected: -756
  But was:  -757
]]></message>
              <stack-trace><![CDATA[   at Kaitai.SpecExprIntDiv.TestExprIntDiv() in D:\a\ci_targets\ci_targets\tests\spec\csharp\kaitai_struct_csharp_tests\tests\SpecExprIntDiv.cs:line 18
]]></stack-trace>
            </assertion>
          </assertions>
        </test-case>
      </test-suite>
      <test-suite type="TestFixture" id="1-1142" name="SpecExprIoEof" fullname="Kaitai.SpecExprIoEof" classname="Kaitai.SpecExprIoEof" runstate="Runnable" testcasecount="1" result="Passed" start-time="2025-01-02T02:24:50.7804296Z" end-time="2025-01-02T02:24:50.7804296Z" duration="0.001666" total="1" passed="1" failed="0" warnings="0" inconclusive="0" skipped="0" asserts="4">
        <test-case id="1-1143" name="TestExprIoEof" fullname="Kaitai.SpecExprIoEof.TestExprIoEof" methodname="TestExprIoEof" classname="Kaitai.SpecExprIoEof" runstate="Runnable" seed="1215632215" result="Passed" start-time="2025-01-02T02:24:50.7804296Z" end-time="2025-01-02T02:24:50.7804296Z" duration="0.001516" asserts="4" />
      </test-suite>
      <test-suite type="TestFixture" id="1-1144" name="SpecExprIoPos" fullname="Kaitai.SpecExprIoPos" classname="Kaitai.SpecExprIoPos" runstate="Runnable" testcasecount="1" result="Passed" start-time="2025-01-02T02:24:50.7804296Z" end-time="2025-01-02T02:24:50.7804296Z" duration="0.001728" total="1" passed="1" failed="0" warnings="0" inconclusive="0" skipped="0" asserts="6">
        <test-case id="1-1145" name="TestExprIoPos" fullname="Kaitai.SpecExprIoPos.TestExprIoPos" methodname="TestExprIoPos" classname="Kaitai.SpecExprIoPos" runstate="Runnable" seed="785813577" result="Passed" start-time="2025-01-02T02:24:50.7804296Z" end-time="2025-01-02T02:24:50.7804296Z" duration="0.001589" asserts="6" />
      </test-suite>
      <test-suite type="TestFixture" id="1-1146" name="SpecExprMod" fullname="Kaitai.SpecExprMod" classname="Kaitai.SpecExprMod" runstate="Runnable" testcasecount="1" result="Passed" start-time="2025-01-02T02:24:50.7804296Z" end-time="2025-01-02T02:24:50.7804296Z" duration="0.001265" total="1" passed="1" failed="0" warnings="0" inconclusive="0" skipped="0" asserts="6">
        <test-case id="1-1147" name="TestExprMod" fullname="Kaitai.SpecExprMod.TestExprMod" methodname="TestExprMod" classname="Kaitai.SpecExprMod" runstate="Runnable" seed="1816896204" result="Passed" start-time="2025-01-02T02:24:50.7804296Z" end-time="2025-01-02T02:24:50.7804296Z" duration="0.001113" asserts="6" />
      </test-suite>
      <test-suite type="TestFixture" id="1-1148" name="SpecExprOpsParens" fullname="Kaitai.SpecExprOpsParens" classname="Kaitai.SpecExprOpsParens" runstate="Runnable" testcasecount="1" result="Passed" start-time="2025-01-02T02:24:50.7804296Z" end-time="2025-01-02T02:24:50.7804296Z" duration="0.001990" total="1" passed="1" failed="0" warnings="0" inconclusive="0" skipped="0" asserts="9">
        <test-case id="1-1149" name="TestExprOpsParens" fullname="Kaitai.SpecExprOpsParens.TestExprOpsParens" methodname="TestExprOpsParens" classname="Kaitai.SpecExprOpsParens" runstate="Runnable" seed="2074038775" result="Passed" start-time="2025-01-02T02:24:50.7804296Z" end-time="2025-01-02T02:24:50.7804296Z" duration="0.001898" asserts="9" />
      </test-suite>
      <test-suite type="TestFixture" id="1-1150" name="SpecExprSizeofType0" fullname="Kaitai.SpecExprSizeofType0" classname="Kaitai.SpecExprSizeofType0" runstate="Runnable" testcasecount="1" result="Passed" start-time="2025-01-02T02:24:50.7804296Z" end-time="2025-01-02T02:24:50.7960609Z" duration="0.000698" total="1" passed="1" failed="0" warnings="0" inconclusive="0" skipped="0" asserts="1">
        <test-case id="1-1151" name="TestExprSizeofType0" fullname="Kaitai.SpecExprSizeofType0.TestExprSizeofType0" methodname="TestExprSizeofType0" classname="Kaitai.SpecExprSizeofType0" runstate="Runnable" seed="2031159003" result="Passed" start-time="2025-01-02T02:24:50.7804296Z" end-time="2025-01-02T02:24:50.7960609Z" duration="0.000499" asserts="1" />
      </test-suite>
      <test-suite type="TestFixture" id="1-1152" name="SpecExprSizeofType1" fullname="Kaitai.SpecExprSizeofType1" classname="Kaitai.SpecExprSizeofType1" runstate="Runnable" testcasecount="1" result="Passed" start-time="2025-01-02T02:24:50.7960609Z" end-time="2025-01-02T02:24:50.7960609Z" duration="0.000669" total="1" passed="1" failed="0" warnings="0" inconclusive="0" skipped="0" asserts="2">
        <test-case id="1-1153" name="TestExprSizeofType1" fullname="Kaitai.SpecExprSizeofType1.TestExprSizeofType1" methodname="TestExprSizeofType1" classname="Kaitai.SpecExprSizeofType1" runstate="Runnable" seed="1706919297" result="Passed" start-time="2025-01-02T02:24:50.7960609Z" end-time="2025-01-02T02:24:50.7960609Z" duration="0.000550" asserts="2" />
      </test-suite>
      <test-suite type="TestFixture" id="1-1154" name="SpecExprSizeofValue0" fullname="Kaitai.SpecExprSizeofValue0" classname="Kaitai.SpecExprSizeofValue0" runstate="Runnable" testcasecount="1" result="Passed" start-time="2025-01-02T02:24:50.7960609Z" end-time="2025-01-02T02:24:50.7960609Z" duration="0.000957" total="1" passed="1" failed="0" warnings="0" inconclusive="0" skipped="0" asserts="5">
        <test-case id="1-1155" name="TestExprSizeofValue0" fullname="Kaitai.SpecExprSizeofValue0.TestExprSizeofValue0" methodname="TestExprSizeofValue0" classname="Kaitai.SpecExprSizeofValue0" runstate="Runnable" seed="606467910" result="Passed" start-time="2025-01-02T02:24:50.7960609Z" end-time="2025-01-02T02:24:50.7960609Z" duration="0.000862" asserts="5" />
      </test-suite>
      <test-suite type="TestFixture" id="1-1156" name="SpecExprSizeofValueSized" fullname="Kaitai.SpecExprSizeofValueSized" classname="Kaitai.SpecExprSizeofValueSized" runstate="Runnable" testcasecount="1" result="Passed" start-time="2025-01-02T02:24:50.7960609Z" end-time="2025-01-02T02:24:50.7960609Z" duration="0.000969" total="1" passed="1" failed="0" warnings="0" inconclusive="0" skipped="0" asserts="5">
        <test-case id="1-1157" name="TestExprSizeofValueSized" fullname="Kaitai.SpecExprSizeofValueSized.TestExprSizeofValueSized" methodname="TestExprSizeofValueSized" classname="Kaitai.SpecExprSizeofValueSized" runstate="Runnable" seed="225365572" result="Passed" start-time="2025-01-02T02:24:50.7960609Z" end-time="2025-01-02T02:24:50.7960609Z" duration="0.000874" asserts="5" />
      </test-suite>
      <test-suite type="TestFixture" id="1-1158" name="SpecExprStrEncodings" fullname="Kaitai.SpecExprStrEncodings" classname="Kaitai.SpecExprStrEncodings" runstate="Runnable" testcasecount="1" result="Passed" start-time="2025-01-02T02:24:50.7960609Z" end-time="2025-01-02T02:24:50.7960609Z" duration="0.002257" total="1" passed="1" failed="0" warnings="0" inconclusive="0" skipped="0" asserts="7">
        <test-case id="1-1159" name="TestExprStrEncodings" fullname="Kaitai.SpecExprStrEncodings.TestExprStrEncodings" methodname="TestExprStrEncodings" classname="Kaitai.SpecExprStrEncodings" runstate="Runnable" seed="92517544" result="Passed" start-time="2025-01-02T02:24:50.7960609Z" end-time="2025-01-02T02:24:50.7960609Z" duration="0.002165" asserts="7" />
      </test-suite>
      <test-suite type="TestFixture" id="1-1160" name="SpecExprStrOps" fullname="Kaitai.SpecExprStrOps" classname="Kaitai.SpecExprStrOps" runstate="Runnable" testcasecount="1" result="Passed" start-time="2025-01-02T02:24:50.7960609Z" end-time="2025-01-02T02:24:50.7960609Z" duration="0.002648" total="1" passed="1" failed="0" warnings="0" inconclusive="0" skipped="0" asserts="18">
        <test-case id="1-1161" name="TestExprStrOps" fullname="Kaitai.SpecExprStrOps.TestExprStrOps" methodname="TestExprStrOps" classname="Kaitai.SpecExprStrOps" runstate="Runnable" seed="28187389" result="Passed" start-time="2025-01-02T02:24:50.7960609Z" end-time="2025-01-02T02:24:50.7960609Z" duration="0.002553" asserts="18" />
      </test-suite>
      <test-suite type="TestFixture" id="1-1162" name="SpecExprToITrailing" fullname="Kaitai.SpecExprToITrailing" classname="Kaitai.SpecExprToITrailing" runstate="Runnable" testcasecount="1" result="Passed" start-time="2025-01-02T02:24:50.7960609Z" end-time="2025-01-02T02:24:50.7960609Z" duration="0.001108" total="1" passed="1" failed="0" warnings="0" inconclusive="0" skipped="0" asserts="3">
        <test-case id="1-1163" name="TestExprToITrailing" fullname="Kaitai.SpecExprToITrailing.TestExprToITrailing" methodname="TestExprToITrailing" classname="Kaitai.SpecExprToITrailing" runstate="Runnable" seed="256823971" result="Passed" start-time="2025-01-02T02:24:50.7960609Z" end-time="2025-01-02T02:24:50.7960609Z" duration="0.001014" asserts="3" />
      </test-suite>
      <test-suite type="TestFixture" id="1-1164" name="SpecFixedContents" fullname="Kaitai.SpecFixedContents" classname="Kaitai.SpecFixedContents" runstate="Runnable" testcasecount="1" result="Passed" start-time="2025-01-02T02:24:50.7960609Z" end-time="2025-01-02T02:24:50.7960609Z" duration="0.000735" total="1" passed="1" failed="0" warnings="0" inconclusive="0" skipped="0" asserts="0">
        <test-case id="1-1165" name="TestFixedContents" fullname="Kaitai.SpecFixedContents.TestFixedContents" methodname="TestFixedContents" classname="Kaitai.SpecFixedContents" runstate="Runnable" seed="91742502" result="Passed" start-time="2025-01-02T02:24:50.7960609Z" end-time="2025-01-02T02:24:50.7960609Z" duration="0.000638" asserts="0" />
      </test-suite>
      <test-suite type="TestFixture" id="1-1166" name="SpecFixedStruct" fullname="Kaitai.SpecFixedStruct" classname="Kaitai.SpecFixedStruct" runstate="Runnable" testcasecount="1" result="Passed" start-time="2025-01-02T02:24:50.7960609Z" end-time="2025-01-02T02:24:50.7960609Z" duration="0.003369" total="1" passed="1" failed="0" warnings="0" inconclusive="0" skipped="0" asserts="20">
        <test-case id="1-1167" name="TestFixedStruct" fullname="Kaitai.SpecFixedStruct.TestFixedStruct" methodname="TestFixedStruct" classname="Kaitai.SpecFixedStruct" runstate="Runnable" seed="1136395112" result="Passed" start-time="2025-01-02T02:24:50.7960609Z" end-time="2025-01-02T02:24:50.7960609Z" duration="0.003270" asserts="20" />
      </test-suite>
      <test-suite type="TestFixture" id="1-1170" name="SpecFloatingPoints" fullname="Kaitai.SpecFloatingPoints" classname="Kaitai.SpecFloatingPoints" runstate="Runnable" testcasecount="1" result="Passed" start-time="2025-01-02T02:24:50.7960609Z" end-time="2025-01-02T02:24:50.7960609Z" duration="0.001092" total="1" passed="1" failed="0" warnings="0" inconclusive="0" skipped="0" asserts="8">
        <test-case id="1-1171" name="TestFloatingPoints" fullname="Kaitai.SpecFloatingPoints.TestFloatingPoints" methodname="TestFloatingPoints" classname="Kaitai.SpecFloatingPoints" runstate="Runnable" seed="1145806850" result="Passed" start-time="2025-01-02T02:24:50.7960609Z" end-time="2025-01-02T02:24:50.7960609Z" duration="0.000992" asserts="8" />
      </test-suite>
      <test-suite type="TestFixture" id="1-1168" name="SpecFloatToI" fullname="Kaitai.SpecFloatToI" classname="Kaitai.SpecFloatToI" runstate="Runnable" testcasecount="1" result="Passed" start-time="2025-01-02T02:24:50.7960609Z" end-time="2025-01-02T02:24:50.8116879Z" duration="0.001296" total="1" passed="1" failed="0" warnings="0" inconclusive="0" skipped="0" asserts="8">
        <test-case id="1-1169" name="TestFloatToI" fullname="Kaitai.SpecFloatToI.TestFloatToI" methodname="TestFloatToI" classname="Kaitai.SpecFloatToI" runstate="Runnable" seed="1274355037" result="Passed" start-time="2025-01-02T02:24:50.7960609Z" end-time="2025-01-02T02:24:50.8116879Z" duration="0.001202" asserts="8" />
      </test-suite>
      <test-suite type="TestFixture" id="1-1172" name="SpecHelloWorld" fullname="Kaitai.SpecHelloWorld" classname="Kaitai.SpecHelloWorld" runstate="Runnable" testcasecount="1" result="Passed" start-time="2025-01-02T02:24:50.8116879Z" end-time="2025-01-02T02:24:50.8116879Z" duration="0.000466" total="1" passed="1" failed="0" warnings="0" inconclusive="0" skipped="0" asserts="1">
        <test-case id="1-1173" name="TestHelloWorld" fullname="Kaitai.SpecHelloWorld.TestHelloWorld" methodname="TestHelloWorld" classname="Kaitai.SpecHelloWorld" runstate="Runnable" seed="2100923332" result="Passed" start-time="2025-01-02T02:24:50.8116879Z" end-time="2025-01-02T02:24:50.8116879Z" duration="0.000375" asserts="1" />
      </test-suite>
      <test-suite type="TestFixture" id="1-1174" name="SpecIfInstances" fullname="Kaitai.SpecIfInstances" classname="Kaitai.SpecIfInstances" runstate="Runnable" testcasecount="1" result="Passed" start-time="2025-01-02T02:24:50.8116879Z" end-time="2025-01-02T02:24:50.8116879Z" duration="0.000459" total="1" passed="1" failed="0" warnings="0" inconclusive="0" skipped="0" asserts="1">
        <test-case id="1-1175" name="TestIfInstances" fullname="Kaitai.SpecIfInstances.TestIfInstances" methodname="TestIfInstances" classname="Kaitai.SpecIfInstances" runstate="Runnable" seed="1767278721" result="Passed" start-time="2025-01-02T02:24:50.8116879Z" end-time="2025-01-02T02:24:50.8116879Z" duration="0.000363" asserts="1" />
      </test-suite>
      <test-suite type="TestFixture" id="1-1176" name="SpecIfStruct" fullname="Kaitai.SpecIfStruct" classname="Kaitai.SpecIfStruct" runstate="Runnable" testcasecount="1" result="Passed" start-time="2025-01-02T02:24:50.8116879Z" end-time="2025-01-02T02:24:50.8116879Z" duration="0.001458" total="1" passed="1" failed="0" warnings="0" inconclusive="0" skipped="0" asserts="7">
        <test-case id="1-1177" name="TestIfStruct" fullname="Kaitai.SpecIfStruct.TestIfStruct" methodname="TestIfStruct" classname="Kaitai.SpecIfStruct" runstate="Runnable" seed="1768882992" result="Passed" start-time="2025-01-02T02:24:50.8116879Z" end-time="2025-01-02T02:24:50.8116879Z" duration="0.001367" asserts="7" />
      </test-suite>
      <test-suite type="TestFixture" id="1-1178" name="SpecIfValues" fullname="Kaitai.SpecIfValues" classname="Kaitai.SpecIfValues" runstate="Runnable" testcasecount="1" result="Passed" start-time="2025-01-02T02:24:50.8116879Z" end-time="2025-01-02T02:24:50.8116879Z" duration="0.001131" total="1" passed="1" failed="0" warnings="0" inconclusive="0" skipped="0" asserts="6">
        <test-case id="1-1179" name="TestIfValues" fullname="Kaitai.SpecIfValues.TestIfValues" methodname="TestIfValues" classname="Kaitai.SpecIfValues" runstate="Runnable" seed="982406018" result="Passed" start-time="2025-01-02T02:24:50.8116879Z" end-time="2025-01-02T02:24:50.8116879Z" duration="0.001028" asserts="6" />
      </test-suite>
      <test-suite type="TestFixture" id="1-1180" name="SpecImports0" fullname="Kaitai.SpecImports0" classname="Kaitai.SpecImports0" runstate="Runnable" testcasecount="1" result="Passed" start-time="2025-01-02T02:24:50.8116879Z" end-time="2025-01-02T02:24:50.8116879Z" duration="0.000704" total="1" passed="1" failed="0" warnings="0" inconclusive="0" skipped="0" asserts="3">
        <test-case id="1-1181" name="TestImports0" fullname="Kaitai.SpecImports0.TestImports0" methodname="TestImports0" classname="Kaitai.SpecImports0" runstate="Runnable" seed="517882451" result="Passed" start-time="2025-01-02T02:24:50.8116879Z" end-time="2025-01-02T02:24:50.8116879Z" duration="0.000609" asserts="3" />
      </test-suite>
      <test-suite type="TestFixture" id="1-1182" name="SpecImportsAbs" fullname="Kaitai.SpecImportsAbs" classname="Kaitai.SpecImportsAbs" runstate="Runnable" testcasecount="1" result="Passed" start-time="2025-01-02T02:24:50.8116879Z" end-time="2025-01-02T02:24:50.8116879Z" duration="0.002063" total="1" passed="1" failed="0" warnings="0" inconclusive="0" skipped="0" asserts="2">
        <test-case id="1-1183" name="TestImportsAbs" fullname="Kaitai.SpecImportsAbs.TestImportsAbs" methodname="TestImportsAbs" classname="Kaitai.SpecImportsAbs" runstate="Runnable" seed="1139108616" result="Passed" start-time="2025-01-02T02:24:50.8116879Z" end-time="2025-01-02T02:24:50.8116879Z" duration="0.001972" asserts="2" />
      </test-suite>
      <test-suite type="TestFixture" id="1-1184" name="SpecImportsAbsAbs" fullname="Kaitai.SpecImportsAbsAbs" classname="Kaitai.SpecImportsAbsAbs" runstate="Runnable" testcasecount="1" result="Passed" start-time="2025-01-02T02:24:50.8116879Z" end-time="2025-01-02T02:24:50.8116879Z" duration="0.000899" total="1" passed="1" failed="0" warnings="0" inconclusive="0" skipped="0" asserts="3">
        <test-case id="1-1185" name="TestImportsAbsAbs" fullname="Kaitai.SpecImportsAbsAbs.TestImportsAbsAbs" methodname="TestImportsAbsAbs" classname="Kaitai.SpecImportsAbsAbs" runstate="Runnable" seed="267015953" result="Passed" start-time="2025-01-02T02:24:50.8116879Z" end-time="2025-01-02T02:24:50.8116879Z" duration="0.000803" asserts="3" />
      </test-suite>
      <test-suite type="TestFixture" id="1-1186" name="SpecImportsAbsRel" fullname="Kaitai.SpecImportsAbsRel" classname="Kaitai.SpecImportsAbsRel" runstate="Runnable" testcasecount="1" result="Passed" start-time="2025-01-02T02:24:50.8116879Z" end-time="2025-01-02T02:24:50.8116879Z" duration="0.000768" total="1" passed="1" failed="0" warnings="0" inconclusive="0" skipped="0" asserts="3">
        <test-case id="1-1187" name="TestImportsAbsRel" fullname="Kaitai.SpecImportsAbsRel.TestImportsAbsRel" methodname="TestImportsAbsRel" classname="Kaitai.SpecImportsAbsRel" runstate="Runnable" seed="78788213" result="Passed" start-time="2025-01-02T02:24:50.8116879Z" end-time="2025-01-02T02:24:50.8116879Z" duration="0.000678" asserts="3" />
      </test-suite>
      <test-suite type="TestFixture" id="1-1188" name="SpecImportsCastToImported" fullname="Kaitai.SpecImportsCastToImported" classname="Kaitai.SpecImportsCastToImported" runstate="Runnable" testcasecount="1" result="Passed" start-time="2025-01-02T02:24:50.8116879Z" end-time="2025-01-02T02:24:50.8116879Z" duration="0.000755" total="1" passed="1" failed="0" warnings="0" inconclusive="0" skipped="0" asserts="2">
        <test-case id="1-1189" name="TestImportsCastToImported" fullname="Kaitai.SpecImportsCastToImported.TestImportsCastToImported" methodname="TestImportsCastToImported" classname="Kaitai.SpecImportsCastToImported" runstate="Runnable" seed="1938600204" result="Passed" start-time="2025-01-02T02:24:50.8116879Z" end-time="2025-01-02T02:24:50.8116879Z" duration="0.000656" asserts="2" />
      </test-suite>
      <test-suite type="TestFixture" id="1-1190" name="SpecImportsCastToImported2" fullname="Kaitai.SpecImportsCastToImported2" classname="Kaitai.SpecImportsCastToImported2" runstate="Runnable" testcasecount="1" result="Passed" start-time="2025-01-02T02:24:50.8116879Z" end-time="2025-01-02T02:24:50.8116879Z" duration="0.000774" total="1" passed="1" failed="0" warnings="0" inconclusive="0" skipped="0" asserts="2">
        <test-case id="1-1191" name="TestImportsCastToImported2" fullname="Kaitai.SpecImportsCastToImported2.TestImportsCastToImported2" methodname="TestImportsCastToImported2" classname="Kaitai.SpecImportsCastToImported2" runstate="Runnable" seed="997734292" result="Passed" start-time="2025-01-02T02:24:50.8116879Z" end-time="2025-01-02T02:24:50.8116879Z" duration="0.000684" asserts="2" />
      </test-suite>
      <test-suite type="TestFixture" id="1-1192" name="SpecImportsCircularA" fullname="Kaitai.SpecImportsCircularA" classname="Kaitai.SpecImportsCircularA" runstate="Runnable" testcasecount="1" result="Passed" start-time="2025-01-02T02:24:50.8116879Z" end-time="2025-01-02T02:24:50.8116879Z" duration="0.000842" total="1" passed="1" failed="0" warnings="0" inconclusive="0" skipped="0" asserts="5">
        <test-case id="1-1193" name="TestImportsCircularA" fullname="Kaitai.SpecImportsCircularA.TestImportsCircularA" methodname="TestImportsCircularA" classname="Kaitai.SpecImportsCircularA" runstate="Runnable" seed="2088745546" result="Passed" start-time="2025-01-02T02:24:50.8116879Z" end-time="2025-01-02T02:24:50.8116879Z" duration="0.000752" asserts="5" />
      </test-suite>
      <test-suite type="TestFixture" id="1-1194" name="SpecImportsParamsDefArrayUsertypeImported" fullname="Kaitai.SpecImportsParamsDefArrayUsertypeImported" classname="Kaitai.SpecImportsParamsDefArrayUsertypeImported" runstate="Runnable" testcasecount="1" result="Passed" start-time="2025-01-02T02:24:50.8116879Z" end-time="2025-01-02T02:24:50.8116879Z" duration="0.001158" total="1" passed="1" failed="0" warnings="0" inconclusive="0" skipped="0" asserts="5">
        <test-case id="1-1195" name="TestImportsParamsDefArrayUsertypeImported" fullname="Kaitai.SpecImportsParamsDefArrayUsertypeImported.TestImportsParamsDefArrayUsertypeImported" methodname="TestImportsParamsDefArrayUsertypeImported" classname="Kaitai.SpecImportsParamsDefArrayUsertypeImported" runstate="Runnable" seed="1888895750" result="Passed" start-time="2025-01-02T02:24:50.8116879Z" end-time="2025-01-02T02:24:50.8116879Z" duration="0.001068" asserts="5" />
      </test-suite>
      <test-suite type="TestFixture" id="1-1196" name="SpecImportsParamsDefEnumImported" fullname="Kaitai.SpecImportsParamsDefEnumImported" classname="Kaitai.SpecImportsParamsDefEnumImported" runstate="Runnable" testcasecount="1" result="Passed" start-time="2025-01-02T02:24:50.8116879Z" end-time="2025-01-02T02:24:50.8116879Z" duration="0.000837" total="1" passed="1" failed="0" warnings="0" inconclusive="0" skipped="0" asserts="4">
        <test-case id="1-1197" name="TestImportsParamsDefEnumImported" fullname="Kaitai.SpecImportsParamsDefEnumImported.TestImportsParamsDefEnumImported" methodname="TestImportsParamsDefEnumImported" classname="Kaitai.SpecImportsParamsDefEnumImported" runstate="Runnable" seed="761734372" result="Passed" start-time="2025-01-02T02:24:50.8116879Z" end-time="2025-01-02T02:24:50.8116879Z" duration="0.000746" asserts="4" />
      </test-suite>
      <test-suite type="TestFixture" id="1-1198" name="SpecImportsParamsDefUsertypeImported" fullname="Kaitai.SpecImportsParamsDefUsertypeImported" classname="Kaitai.SpecImportsParamsDefUsertypeImported" runstate="Runnable" testcasecount="1" result="Passed" start-time="2025-01-02T02:24:50.8116879Z" end-time="2025-01-02T02:24:50.8116879Z" duration="0.000774" total="1" passed="1" failed="0" warnings="0" inconclusive="0" skipped="0" asserts="2">
[...]
      </test-suite>
      <test-suite type="TestFixture" id="1-1456" name="SpecValidFailEqInt" fullname="Kaitai.SpecValidFailEqInt" classname="Kaitai.SpecValidFailEqInt" runstate="Runnable" testcasecount="1" result="Passed" start-time="2025-01-02T02:24:50.9679835Z" end-time="2025-01-02T02:24:50.9679835Z" duration="0.000764" total="1" passed="1" failed="0" warnings="0" inconclusive="0" skipped="0" asserts="1">
        <test-case id="1-1457" name="TestValidFailEqInt" fullname="Kaitai.SpecValidFailEqInt.TestValidFailEqInt" methodname="TestValidFailEqInt" classname="Kaitai.SpecValidFailEqInt" runstate="Runnable" seed="85401224" result="Passed" start-time="2025-01-02T02:24:50.9679835Z" end-time="2025-01-02T02:24:50.9679835Z" duration="0.000666" asserts="1" />
      </test-suite>
      <test-suite type="TestFixture" id="1-1458" name="SpecValidFailEqStr" fullname="Kaitai.SpecValidFailEqStr" classname="Kaitai.SpecValidFailEqStr" runstate="Runnable" testcasecount="1" result="Passed" start-time="2025-01-02T02:24:50.9679835Z" end-time="2025-01-02T02:24:50.9679835Z" duration="0.000668" total="1" passed="1" failed="0" warnings="0" inconclusive="0" skipped="0" asserts="1">
        <test-case id="1-1459" name="TestValidFailEqStr" fullname="Kaitai.SpecValidFailEqStr.TestValidFailEqStr" methodname="TestValidFailEqStr" classname="Kaitai.SpecValidFailEqStr" runstate="Runnable" seed="919722511" result="Passed" start-time="2025-01-02T02:24:50.9679835Z" end-time="2025-01-02T02:24:50.9679835Z" duration="0.000569" asserts="1" />
      </test-suite>
      <test-suite type="TestFixture" id="1-1460" name="SpecValidFailExpr" fullname="Kaitai.SpecValidFailExpr" classname="Kaitai.SpecValidFailExpr" runstate="Runnable" testcasecount="1" result="Passed" start-time="2025-01-02T02:24:50.9679835Z" end-time="2025-01-02T02:24:50.9679835Z" duration="0.001690" total="1" passed="1" failed="0" warnings="0" inconclusive="0" skipped="0" asserts="1">
        <test-case id="1-1461" name="TestValidFailExpr" fullname="Kaitai.SpecValidFailExpr.TestValidFailExpr" methodname="TestValidFailExpr" classname="Kaitai.SpecValidFailExpr" runstate="Runnable" seed="1019659922" result="Passed" start-time="2025-01-02T02:24:50.9679835Z" end-time="2025-01-02T02:24:50.9679835Z" duration="0.001592" asserts="1" />
      </test-suite>
      <test-suite type="TestFixture" id="1-1462" name="SpecValidFailInEnum" fullname="Kaitai.SpecValidFailInEnum" classname="Kaitai.SpecValidFailInEnum" runstate="Runnable" testcasecount="1" result="Passed" start-time="2025-01-02T02:24:50.9679835Z" end-time="2025-01-02T02:24:50.9679835Z" duration="0.000815" total="1" passed="1" failed="0" warnings="0" inconclusive="0" skipped="0" asserts="1">
        <test-case id="1-1463" name="TestValidFailInEnum" fullname="Kaitai.SpecValidFailInEnum.TestValidFailInEnum" methodname="TestValidFailInEnum" classname="Kaitai.SpecValidFailInEnum" runstate="Runnable" seed="865887162" result="Passed" start-time="2025-01-02T02:24:50.9679835Z" end-time="2025-01-02T02:24:50.9679835Z" duration="0.000720" asserts="1" />
      </test-suite>
      <test-suite type="TestFixture" id="1-1464" name="SpecValidFailInst" fullname="Kaitai.SpecValidFailInst" classname="Kaitai.SpecValidFailInst" runstate="Runnable" testcasecount="1" result="Passed" start-time="2025-01-02T02:24:50.9679835Z" end-time="2025-01-02T02:24:50.9679835Z" duration="0.000739" total="1" passed="1" failed="0" warnings="0" inconclusive="0" skipped="0" asserts="1">
        <test-case id="1-1465" name="TestValidFailInst" fullname="Kaitai.SpecValidFailInst.TestValidFailInst" methodname="TestValidFailInst" classname="Kaitai.SpecValidFailInst" runstate="Runnable" seed="630023030" result="Passed" start-time="2025-01-02T02:24:50.9679835Z" end-time="2025-01-02T02:24:50.9679835Z" duration="0.000645" asserts="1" />
      </test-suite>
      <test-suite type="TestFixture" id="1-1466" name="SpecValidFailMaxInt" fullname="Kaitai.SpecValidFailMaxInt" classname="Kaitai.SpecValidFailMaxInt" runstate="Runnable" testcasecount="1" result="Passed" start-time="2025-01-02T02:24:50.9679835Z" end-time="2025-01-02T02:24:50.9679835Z" duration="0.000801" total="1" passed="1" failed="0" warnings="0" inconclusive="0" skipped="0" asserts="1">
        <test-case id="1-1467" name="TestValidFailMaxInt" fullname="Kaitai.SpecValidFailMaxInt.TestValidFailMaxInt" methodname="TestValidFailMaxInt" classname="Kaitai.SpecValidFailMaxInt" runstate="Runnable" seed="2061420444" result="Passed" start-time="2025-01-02T02:24:50.9679835Z" end-time="2025-01-02T02:24:50.9679835Z" duration="0.000702" asserts="1" />
      </test-suite>
      <test-suite type="TestFixture" id="1-1468" name="SpecValidFailMinInt" fullname="Kaitai.SpecValidFailMinInt" classname="Kaitai.SpecValidFailMinInt" runstate="Runnable" testcasecount="1" result="Passed" start-time="2025-01-02T02:24:50.9679835Z" end-time="2025-01-02T02:24:50.9679835Z" duration="0.000837" total="1" passed="1" failed="0" warnings="0" inconclusive="0" skipped="0" asserts="1">
        <test-case id="1-1469" name="TestValidFailMinInt" fullname="Kaitai.SpecValidFailMinInt.TestValidFailMinInt" methodname="TestValidFailMinInt" classname="Kaitai.SpecValidFailMinInt" runstate="Runnable" seed="492507013" result="Passed" start-time="2025-01-02T02:24:50.9679835Z" end-time="2025-01-02T02:24:50.9679835Z" duration="0.000740" asserts="1" />
      </test-suite>
      <test-suite type="TestFixture" id="1-1470" name="SpecValidFailRangeBytes" fullname="Kaitai.SpecValidFailRangeBytes" classname="Kaitai.SpecValidFailRangeBytes" runstate="Runnable" testcasecount="1" result="Passed" start-time="2025-01-02T02:24:50.9679835Z" end-time="2025-01-02T02:24:50.9679835Z" duration="0.000950" total="1" passed="1" failed="0" warnings="0" inconclusive="0" skipped="0" asserts="1">
        <test-case id="1-1471" name="TestValidFailRangeBytes" fullname="Kaitai.SpecValidFailRangeBytes.TestValidFailRangeBytes" methodname="TestValidFailRangeBytes" classname="Kaitai.SpecValidFailRangeBytes" runstate="Runnable" seed="971995232" result="Passed" start-time="2025-01-02T02:24:50.9679835Z" end-time="2025-01-02T02:24:50.9679835Z" duration="0.000853" asserts="1" />
      </test-suite>
      <test-suite type="TestFixture" id="1-1472" name="SpecValidFailRangeFloat" fullname="Kaitai.SpecValidFailRangeFloat" classname="Kaitai.SpecValidFailRangeFloat" runstate="Runnable" testcasecount="1" result="Passed" start-time="2025-01-02T02:24:50.9679835Z" end-time="2025-01-02T02:24:50.9679835Z" duration="0.000724" total="1" passed="1" failed="0" warnings="0" inconclusive="0" skipped="0" asserts="1">
        <test-case id="1-1473" name="TestValidFailRangeFloat" fullname="Kaitai.SpecValidFailRangeFloat.TestValidFailRangeFloat" methodname="TestValidFailRangeFloat" classname="Kaitai.SpecValidFailRangeFloat" runstate="Runnable" seed="679359" result="Passed" start-time="2025-01-02T02:24:50.9679835Z" end-time="2025-01-02T02:24:50.9679835Z" duration="0.000600" asserts="1" />
      </test-suite>
      <test-suite type="TestFixture" id="1-1474" name="SpecValidFailRangeInt" fullname="Kaitai.SpecValidFailRangeInt" classname="Kaitai.SpecValidFailRangeInt" runstate="Runnable" testcasecount="1" result="Passed" start-time="2025-01-02T02:24:50.9679835Z" end-time="2025-01-02T02:24:50.9836153Z" duration="0.000788" total="1" passed="1" failed="0" warnings="0" inconclusive="0" skipped="0" asserts="1">
        <test-case id="1-1475" name="TestValidFailRangeInt" fullname="Kaitai.SpecValidFailRangeInt.TestValidFailRangeInt" methodname="TestValidFailRangeInt" classname="Kaitai.SpecValidFailRangeInt" runstate="Runnable" seed="1396057700" result="Passed" start-time="2025-01-02T02:24:50.9679835Z" end-time="2025-01-02T02:24:50.9836153Z" duration="0.000689" asserts="1" />
      </test-suite>
      <test-suite type="TestFixture" id="1-1476" name="SpecValidFailRangeStr" fullname="Kaitai.SpecValidFailRangeStr" classname="Kaitai.SpecValidFailRangeStr" runstate="Runnable" testcasecount="1" result="Passed" start-time="2025-01-02T02:24:50.9836153Z" end-time="2025-01-02T02:24:50.9836153Z" duration="0.000918" total="1" passed="1" failed="0" warnings="0" inconclusive="0" skipped="0" asserts="1">
        <test-case id="1-1477" name="TestValidFailRangeStr" fullname="Kaitai.SpecValidFailRangeStr.TestValidFailRangeStr" methodname="TestValidFailRangeStr" classname="Kaitai.SpecValidFailRangeStr" runstate="Runnable" seed="32176279" result="Passed" start-time="2025-01-02T02:24:50.9836153Z" end-time="2025-01-02T02:24:50.9836153Z" duration="0.000704" asserts="1" />
      </test-suite>
      <test-suite type="TestFixture" id="1-1478" name="SpecValidFailRepeatAnyofInt" fullname="Kaitai.SpecValidFailRepeatAnyofInt" classname="Kaitai.SpecValidFailRepeatAnyofInt" runstate="Runnable" testcasecount="1" result="Passed" start-time="2025-01-02T02:24:50.9836153Z" end-time="2025-01-02T02:24:50.9836153Z" duration="0.000723" total="1" passed="1" failed="0" warnings="0" inconclusive="0" skipped="0" asserts="1">
        <test-case id="1-1479" name="TestValidFailRepeatAnyofInt" fullname="Kaitai.SpecValidFailRepeatAnyofInt.TestValidFailRepeatAnyofInt" methodname="TestValidFailRepeatAnyofInt" classname="Kaitai.SpecValidFailRepeatAnyofInt" runstate="Runnable" seed="401418513" result="Passed" start-time="2025-01-02T02:24:50.9836153Z" end-time="2025-01-02T02:24:50.9836153Z" duration="0.000626" asserts="1" />
      </test-suite>
      <test-suite type="TestFixture" id="1-1480" name="SpecValidFailRepeatContents" fullname="Kaitai.SpecValidFailRepeatContents" classname="Kaitai.SpecValidFailRepeatContents" runstate="Runnable" testcasecount="1" result="Passed" start-time="2025-01-02T02:24:50.9836153Z" end-time="2025-01-02T02:24:50.9836153Z" duration="0.000789" total="1" passed="1" failed="0" warnings="0" inconclusive="0" skipped="0" asserts="1">
        <test-case id="1-1481" name="TestValidFailRepeatContents" fullname="Kaitai.SpecValidFailRepeatContents.TestValidFailRepeatContents" methodname="TestValidFailRepeatContents" classname="Kaitai.SpecValidFailRepeatContents" runstate="Runnable" seed="1673247755" result="Passed" start-time="2025-01-02T02:24:50.9836153Z" end-time="2025-01-02T02:24:50.9836153Z" duration="0.000691" asserts="1" />
      </test-suite>
      <test-suite type="TestFixture" id="1-1482" name="SpecValidFailRepeatEqInt" fullname="Kaitai.SpecValidFailRepeatEqInt" classname="Kaitai.SpecValidFailRepeatEqInt" runstate="Runnable" testcasecount="1" result="Passed" start-time="2025-01-02T02:24:50.9836153Z" end-time="2025-01-02T02:24:50.9836153Z" duration="0.000686" total="1" passed="1" failed="0" warnings="0" inconclusive="0" skipped="0" asserts="1">
        <test-case id="1-1483" name="TestValidFailRepeatEqInt" fullname="Kaitai.SpecValidFailRepeatEqInt.TestValidFailRepeatEqInt" methodname="TestValidFailRepeatEqInt" classname="Kaitai.SpecValidFailRepeatEqInt" runstate="Runnable" seed="1653159774" result="Passed" start-time="2025-01-02T02:24:50.9836153Z" end-time="2025-01-02T02:24:50.9836153Z" duration="0.000590" asserts="1" />
      </test-suite>
      <test-suite type="TestFixture" id="1-1484" name="SpecValidFailRepeatExpr" fullname="Kaitai.SpecValidFailRepeatExpr" classname="Kaitai.SpecValidFailRepeatExpr" runstate="Runnable" testcasecount="1" result="Passed" start-time="2025-01-02T02:24:50.9836153Z" end-time="2025-01-02T02:24:50.9836153Z" duration="0.000717" total="1" passed="1" failed="0" warnings="0" inconclusive="0" skipped="0" asserts="1">
        <test-case id="1-1485" name="TestValidFailRepeatExpr" fullname="Kaitai.SpecValidFailRepeatExpr.TestValidFailRepeatExpr" methodname="TestValidFailRepeatExpr" classname="Kaitai.SpecValidFailRepeatExpr" runstate="Runnable" seed="1387997165" result="Passed" start-time="2025-01-02T02:24:50.9836153Z" end-time="2025-01-02T02:24:50.9836153Z" duration="0.000621" asserts="1" />
      </test-suite>
      <test-suite type="TestFixture" id="1-1486" name="SpecValidFailRepeatInst" fullname="Kaitai.SpecValidFailRepeatInst" classname="Kaitai.SpecValidFailRepeatInst" runstate="Runnable" testcasecount="1" result="Passed" start-time="2025-01-02T02:24:50.9836153Z" end-time="2025-01-02T02:24:50.9836153Z" duration="0.000802" total="1" passed="1" failed="0" warnings="0" inconclusive="0" skipped="0" asserts="1">
        <test-case id="1-1487" name="TestValidFailRepeatInst" fullname="Kaitai.SpecValidFailRepeatInst.TestValidFailRepeatInst" methodname="TestValidFailRepeatInst" classname="Kaitai.SpecValidFailRepeatInst" runstate="Runnable" seed="141155386" result="Passed" start-time="2025-01-02T02:24:50.9836153Z" end-time="2025-01-02T02:24:50.9836153Z" duration="0.000706" asserts="1" />
      </test-suite>
      <test-suite type="TestFixture" id="1-1488" name="SpecValidFailRepeatMaxInt" fullname="Kaitai.SpecValidFailRepeatMaxInt" classname="Kaitai.SpecValidFailRepeatMaxInt" runstate="Runnable" testcasecount="1" result="Passed" start-time="2025-01-02T02:24:50.9836153Z" end-time="2025-01-02T02:24:50.9836153Z" duration="0.000673" total="1" passed="1" failed="0" warnings="0" inconclusive="0" skipped="0" asserts="1">
        <test-case id="1-1489" name="TestValidFailRepeatMaxInt" fullname="Kaitai.SpecValidFailRepeatMaxInt.TestValidFailRepeatMaxInt" methodname="TestValidFailRepeatMaxInt" classname="Kaitai.SpecValidFailRepeatMaxInt" runstate="Runnable" seed="81817670" result="Passed" start-time="2025-01-02T02:24:50.9836153Z" end-time="2025-01-02T02:24:50.9836153Z" duration="0.000578" asserts="1" />
      </test-suite>
      <test-suite type="TestFixture" id="1-1490" name="SpecValidFailRepeatMinInt" fullname="Kaitai.SpecValidFailRepeatMinInt" classname="Kaitai.SpecValidFailRepeatMinInt" runstate="Runnable" testcasecount="1" result="Passed" start-time="2025-01-02T02:24:50.9836153Z" end-time="2025-01-02T02:24:50.9836153Z" duration="0.004810" total="1" passed="1" failed="0" warnings="0" inconclusive="0" skipped="0" asserts="1">
        <test-case id="1-1491" name="TestValidFailRepeatMinInt" fullname="Kaitai.SpecValidFailRepeatMinInt.TestValidFailRepeatMinInt" methodname="TestValidFailRepeatMinInt" classname="Kaitai.SpecValidFailRepeatMinInt" runstate="Runnable" seed="1643745413" result="Passed" start-time="2025-01-02T02:24:50.9836153Z" end-time="2025-01-02T02:24:50.9836153Z" duration="0.004708" asserts="1" />
      </test-suite>
      <test-suite type="TestFixture" id="1-1492" name="SpecValidLong" fullname="Kaitai.SpecValidLong" classname="Kaitai.SpecValidLong" runstate="Runnable" testcasecount="1" result="Passed" start-time="2025-01-02T02:24:50.9836153Z" end-time="2025-01-02T02:24:50.9836153Z" duration="0.001312" total="1" passed="1" failed="0" warnings="0" inconclusive="0" skipped="0" asserts="0">
        <test-case id="1-1493" name="TestValidLong" fullname="Kaitai.SpecValidLong.TestValidLong" methodname="TestValidLong" classname="Kaitai.SpecValidLong" runstate="Runnable" seed="274642949" result="Passed" start-time="2025-01-02T02:24:50.9836153Z" end-time="2025-01-02T02:24:50.9836153Z" duration="0.001210" asserts="0" />
      </test-suite>
      <test-suite type="TestFixture" id="1-1494" name="SpecValidNotParsedIf" fullname="Kaitai.SpecValidNotParsedIf" classname="Kaitai.SpecValidNotParsedIf" runstate="Runnable" testcasecount="1" result="Passed" start-time="2025-01-02T02:24:50.9836153Z" end-time="2025-01-02T02:24:50.9836153Z" duration="0.000609" total="1" passed="1" failed="0" warnings="0" inconclusive="0" skipped="0" asserts="0">
        <test-case id="1-1495" name="TestValidNotParsedIf" fullname="Kaitai.SpecValidNotParsedIf.TestValidNotParsedIf" methodname="TestValidNotParsedIf" classname="Kaitai.SpecValidNotParsedIf" runstate="Runnable" seed="116809953" result="Passed" start-time="2025-01-02T02:24:50.9836153Z" end-time="2025-01-02T02:24:50.9836153Z" duration="0.000510" asserts="0" />
      </test-suite>
      <test-suite type="TestFixture" id="1-1496" name="SpecValidOptionalId" fullname="Kaitai.SpecValidOptionalId" classname="Kaitai.SpecValidOptionalId" runstate="Runnable" testcasecount="1" result="Passed" start-time="2025-01-02T02:24:50.9836153Z" end-time="2025-01-02T02:24:50.9836153Z" duration="0.000669" total="1" passed="1" failed="0" warnings="0" inconclusive="0" skipped="0" asserts="0">
        <test-case id="1-1497" name="TestValidOptionalId" fullname="Kaitai.SpecValidOptionalId.TestValidOptionalId" methodname="TestValidOptionalId" classname="Kaitai.SpecValidOptionalId" runstate="Runnable" seed="828767994" result="Passed" start-time="2025-01-02T02:24:50.9836153Z" end-time="2025-01-02T02:24:50.9836153Z" duration="0.000573" asserts="0" />
      </test-suite>
      <test-suite type="TestFixture" id="1-1498" name="SpecValidShort" fullname="Kaitai.SpecValidShort" classname="Kaitai.SpecValidShort" runstate="Runnable" testcasecount="1" result="Passed" start-time="2025-01-02T02:24:50.9836153Z" end-time="2025-01-02T02:24:50.9836153Z" duration="0.001258" total="1" passed="1" failed="0" warnings="0" inconclusive="0" skipped="0" asserts="0">
        <test-case id="1-1499" name="TestValidShort" fullname="Kaitai.SpecValidShort.TestValidShort" methodname="TestValidShort" classname="Kaitai.SpecValidShort" runstate="Runnable" seed="1296862704" result="Passed" start-time="2025-01-02T02:24:50.9836153Z" end-time="2025-01-02T02:24:50.9836153Z" duration="0.001163" asserts="0" />
      </test-suite>
      <test-suite type="TestFixture" id="1-1500" name="SpecValidSwitch" fullname="Kaitai.SpecValidSwitch" classname="Kaitai.SpecValidSwitch" runstate="Runnable" testcasecount="1" result="Passed" start-time="2025-01-02T02:24:50.9836153Z" end-time="2025-01-02T02:24:50.9836153Z" duration="0.000623" total="1" passed="1" failed="0" warnings="0" inconclusive="0" skipped="0" asserts="0">
        <test-case id="1-1501" name="TestValidSwitch" fullname="Kaitai.SpecValidSwitch.TestValidSwitch" methodname="TestValidSwitch" classname="Kaitai.SpecValidSwitch" runstate="Runnable" seed="1654639929" result="Passed" start-time="2025-01-02T02:24:50.9836153Z" end-time="2025-01-02T02:24:50.9836153Z" duration="0.000525" asserts="0" />
      </test-suite>
      <test-suite type="TestFixture" id="1-1502" name="SpecZlibSurrounded" fullname="Kaitai.SpecZlibSurrounded" classname="Kaitai.SpecZlibSurrounded" runstate="Runnable" testcasecount="1" result="Passed" start-time="2025-01-02T02:24:50.9836153Z" end-time="2025-01-02T02:24:51.0461104Z" duration="0.060352" total="1" passed="1" failed="0" warnings="0" inconclusive="0" skipped="0" asserts="1">
        <test-case id="1-1503" name="TestZlibSurrounded" fullname="Kaitai.SpecZlibSurrounded.TestZlibSurrounded" methodname="TestZlibSurrounded" classname="Kaitai.SpecZlibSurrounded" runstate="Runnable" seed="97564617" result="Passed" start-time="2025-01-02T02:24:50.9836153Z" end-time="2025-01-02T02:24:51.0461104Z" duration="0.060250" asserts="1" />
      </test-suite>
      <test-suite type="TestFixture" id="1-1504" name="SpecZlibWithHeader78" fullname="Kaitai.SpecZlibWithHeader78" classname="Kaitai.SpecZlibWithHeader78" runstate="Runnable" testcasecount="1" result="Passed" start-time="2025-01-02T02:24:51.0461104Z" end-time="2025-01-02T02:24:51.0461104Z" duration="0.000668" total="1" passed="1" failed="0" warnings="0" inconclusive="0" skipped="0" asserts="1">
        <test-case id="1-1505" name="TestZlibWithHeader78" fullname="Kaitai.SpecZlibWithHeader78.TestZlibWithHeader78" methodname="TestZlibWithHeader78" classname="Kaitai.SpecZlibWithHeader78" runstate="Runnable" seed="1685401197" result="Passed" start-time="2025-01-02T02:24:51.0461104Z" end-time="2025-01-02T02:24:51.0461104Z" duration="0.000548" asserts="1" />
      </test-suite>
    </test-suite>
  </test-suite>
</test-run>