<?xml version="1.0" encoding="utf-8" standalone="no"?>
<test-run id="2" testcasecount="152" result="Passed" total="152" passed="152" failed="0" inconclusive="0" skipped="0" asserts="704" engine-version="3.4.1.0" clr-version="4.0.30319.42000" start-time="2019-10-22 01:51:28Z" end-time="2019-10-22 01:51:29Z" duration="1.078199">
  <command-line><![CDATA[/home/travis/build/kaitai-io/ci_targets/tests/spec/csharp/packages/NUnit.ConsoleRunner.3.4.1/tools/nunit3-console.exe --result=test_out/csharp/TestResult.xml spec/csharp/kaitai_struct_csharp_tests/bin/Debug/kaitai_struct_csharp_tests.dll]]></command-line>
  <test-suite type="Assembly" id="0-1304" name="kaitai_struct_csharp_tests.dll" fullname="/home/travis/build/kaitai-io/ci_targets/tests/spec/csharp/kaitai_struct_csharp_tests/bin/Debug/kaitai_struct_csharp_tests.dll" runstate="Runnable" testcasecount="152" result="Passed" start-time="2019-10-22 01:51:28Z" end-time="2019-10-22 01:51:29Z" duration="0.977445" total="152" passed="152" failed="0" inconclusive="0" skipped="0" asserts="704">
    <environment framework-version="3.4.1.0" clr-version="4.0.30319.42000" os-version="Unix 4.4.0.101" platform="Unix" cwd="/home/travis/build/kaitai-io/ci_targets/tests" machine-name="travis-job-8624ac7c-3216-47b1-90a4-e4b3976bbeea" user="travis" user-domain="travis-job-8624ac7c-3216-47b1-90a4-e4b3976bbeea" culture="en-US" uiculture="en-US" os-architecture="x64" />
    <settings>
      <setting name="WorkDirectory" value="/home/travis/build/kaitai-io/ci_targets/tests" />
      <setting name="ImageRuntimeVersion" value="4.0.30319" />
      <setting name="ImageTargetFrameworkName" value=".NETFramework,Version=v4.5" />
      <setting name="ImageRequiresX86" value="False" />
      <setting name="ImageRequiresDefaultAppDomainAssemblyResolver" value="False" />
      <setting name="NumberOfTestWorkers" value="2" />
    </settings>
    <properties>
      <property name="_PID" value="9788" />
      <property name="_APPDOMAIN" value="test-domain-" />
    </properties>
    <test-suite type="TestSuite" id="0-1305" name="Kaitai" fullname="Kaitai" runstate="Runnable" testcasecount="152" result="Passed" start-time="2019-10-22 01:51:28Z" end-time="2019-10-22 01:51:29Z" duration="0.962067" total="152" passed="152" failed="0" inconclusive="0" skipped="0" asserts="704">
      <test-suite type="TestFixture" id="0-1000" name="SpecBcdUserTypeBe" fullname="Kaitai.SpecBcdUserTypeBe" classname="Kaitai.SpecBcdUserTypeBe" runstate="Runnable" testcasecount="1" result="Passed" start-time="2019-10-22 01:51:28Z" end-time="2019-10-22 01:51:28Z" duration="0.022145" total="1" passed="1" failed="0" inconclusive="0" skipped="0" asserts="6">
        <test-case id="0-1001" name="TestBcdUserTypeBe" fullname="Kaitai.SpecBcdUserTypeBe.TestBcdUserTypeBe" methodname="TestBcdUserTypeBe" classname="Kaitai.SpecBcdUserTypeBe" runstate="Runnable" seed="1782410699" result="Passed" start-time="2019-10-22 01:51:28Z" end-time="2019-10-22 01:51:28Z" duration="0.011684" asserts="6" />
      </test-suite>
      <test-suite type="TestFixture" id="0-1002" name="SpecBcdUserTypeLe" fullname="Kaitai.SpecBcdUserTypeLe" classname="Kaitai.SpecBcdUserTypeLe" runstate="Runnable" testcasecount="1" result="Passed" start-time="2019-10-22 01:51:28Z" end-time="2019-10-22 01:51:28Z" duration="0.006790" total="1" passed="1" failed="0" inconclusive="0" skipped="0" asserts="6">
        <test-case id="0-1003" name="TestBcdUserTypeLe" fullname="Kaitai.SpecBcdUserTypeLe.TestBcdUserTypeLe" methodname="TestBcdUserTypeLe" classname="Kaitai.SpecBcdUserTypeLe" runstate="Runnable" seed="483286208" result="Passed" start-time="2019-10-22 01:51:28Z" end-time="2019-10-22 01:51:28Z" duration="0.004097" asserts="6" />
      </test-suite>
      <test-suite type="TestFixture" id="0-1004" name="SpecBitsByteAligned" fullname="Kaitai.SpecBitsByteAligned" classname="Kaitai.SpecBitsByteAligned" runstate="Runnable" testcasecount="1" result="Passed" start-time="2019-10-22 01:51:28Z" end-time="2019-10-22 01:51:28Z" duration="0.009111" total="1" passed="1" failed="0" inconclusive="0" skipped="0" asserts="9">
        <test-case id="0-1005" name="TestBitsByteAligned" fullname="Kaitai.SpecBitsByteAligned.TestBitsByteAligned" methodname="TestBitsByteAligned" classname="Kaitai.SpecBitsByteAligned" runstate="Runnable" seed="681354890" result="Passed" start-time="2019-10-22 01:51:28Z" end-time="2019-10-22 01:51:28Z" duration="0.006469" asserts="9" />
      </test-suite>
      <test-suite type="TestFixture" id="0-1006" name="SpecBitsEnum" fullname="Kaitai.SpecBitsEnum" classname="Kaitai.SpecBitsEnum" runstate="Runnable" testcasecount="1" result="Passed" start-time="2019-10-22 01:51:28Z" end-time="2019-10-22 01:51:28Z" duration="0.006088" total="1" passed="1" failed="0" inconclusive="0" skipped="0" asserts="3">
        <test-case id="0-1007" name="TestBitsEnum" fullname="Kaitai.SpecBitsEnum.TestBitsEnum" methodname="TestBitsEnum" classname="Kaitai.SpecBitsEnum" runstate="Runnable" seed="1311910717" result="Passed" start-time="2019-10-22 01:51:28Z" end-time="2019-10-22 01:51:28Z" duration="0.003440" asserts="3" />
      </test-suite>
      <test-suite type="TestFixture" id="0-1008" name="SpecBitsSimple" fullname="Kaitai.SpecBitsSimple" classname="Kaitai.SpecBitsSimple" runstate="Runnable" testcasecount="1" result="Passed" start-time="2019-10-22 01:51:28Z" end-time="2019-10-22 01:51:28Z" duration="0.004833" total="1" passed="1" failed="0" inconclusive="0" skipped="0" asserts="14">
        <test-case id="0-1009" name="TestBitsSimple" fullname="Kaitai.SpecBitsSimple.TestBitsSimple" methodname="TestBitsSimple" classname="Kaitai.SpecBitsSimple" runstate="Runnable" seed="606764748" result="Passed" start-time="2019-10-22 01:51:28Z" end-time="2019-10-22 01:51:28Z" duration="0.002294" asserts="14" />
      </test-suite>
      <test-suite type="TestFixture" id="0-1010" name="SpecBufferedStruct" fullname="Kaitai.SpecBufferedStruct" classname="Kaitai.SpecBufferedStruct" runstate="Runnable" testcasecount="1" result="Passed" start-time="2019-10-22 01:51:28Z" end-time="2019-10-22 01:51:28Z" duration="0.004178" total="1" passed="1" failed="0" inconclusive="0" skipped="0" asserts="7">
        <test-case id="0-1011" name="TestBufferedStruct" fullname="Kaitai.SpecBufferedStruct.TestBufferedStruct" methodname="TestBufferedStruct" classname="Kaitai.SpecBufferedStruct" runstate="Runnable" seed="1295368471" result="Passed" start-time="2019-10-22 01:51:28Z" end-time="2019-10-22 01:51:28Z" duration="0.001632" asserts="7" />
      </test-suite>
      <test-suite type="TestFixture" id="0-1012" name="SpecBytesPadTerm" fullname="Kaitai.SpecBytesPadTerm" classname="Kaitai.SpecBytesPadTerm" runstate="Runnable" testcasecount="1" result="Passed" start-time="2019-10-22 01:51:28Z" end-time="2019-10-22 01:51:28Z" duration="0.003560" total="1" passed="1" failed="0" inconclusive="0" skipped="0" asserts="4">
        <test-case id="0-1013" name="TestBytesPadTerm" fullname="Kaitai.SpecBytesPadTerm.TestBytesPadTerm" methodname="TestBytesPadTerm" classname="Kaitai.SpecBytesPadTerm" runstate="Runnable" seed="1863320197" result="Passed" start-time="2019-10-22 01:51:28Z" end-time="2019-10-22 01:51:28Z" duration="0.000984" asserts="4" />
      </test-suite>
      <test-suite type="TestFixture" id="0-1014" name="SpecCastNested" fullname="Kaitai.SpecCastNested" classname="Kaitai.SpecCastNested" runstate="Runnable" testcasecount="1" result="Passed" start-time="2019-10-22 01:51:28Z" end-time="2019-10-22 01:51:28Z" duration="0.021247" total="1" passed="1" failed="0" inconclusive="0" skipped="0" asserts="4">
        <test-case id="0-1015" name="TestCastNested" fullname="Kaitai.SpecCastNested.TestCastNested" methodname="TestCastNested" classname="Kaitai.SpecCastNested" runstate="Runnable" seed="835531814" result="Passed" start-time="2019-10-22 01:51:28Z" end-time="2019-10-22 01:51:28Z" duration="0.018679" asserts="4" />
      </test-suite>
      <test-suite type="TestFixture" id="0-1016" name="SpecCastToImported" fullname="Kaitai.SpecCastToImported" classname="Kaitai.SpecCastToImported" runstate="Runnable" testcasecount="1" result="Passed" start-time="2019-10-22 01:51:28Z" end-time="2019-10-22 01:51:28Z" duration="0.003313" total="1" passed="1" failed="0" inconclusive="0" skipped="0" asserts="2">
        <test-case id="0-1017" name="TestCastToImported" fullname="Kaitai.SpecCastToImported.TestCastToImported" methodname="TestCastToImported" classname="Kaitai.SpecCastToImported" runstate="Runnable" seed="1076702797" result="Passed" start-time="2019-10-22 01:51:28Z" end-time="2019-10-22 01:51:28Z" duration="0.000741" asserts="2" />
      </test-suite>
      <test-suite type="TestFixture" id="0-1018" name="SpecCastToTop" fullname="Kaitai.SpecCastToTop" classname="Kaitai.SpecCastToTop" runstate="Runnable" testcasecount="1" result="Passed" start-time="2019-10-22 01:51:28Z" end-time="2019-10-22 01:51:28Z" duration="0.003576" total="1" passed="1" failed="0" inconclusive="0" skipped="0" asserts="3">
        <test-case id="0-1019" name="TestCastToTop" fullname="Kaitai.SpecCastToTop.TestCastToTop" methodname="TestCastToTop" classname="Kaitai.SpecCastToTop" runstate="Runnable" seed="1783419797" result="Passed" start-time="2019-10-22 01:51:28Z" end-time="2019-10-22 01:51:28Z" duration="0.001026" asserts="3" />
      </test-suite>
      <test-suite type="TestFixture" id="0-1020" name="SpecDebug0" fullname="Kaitai.SpecDebug0" classname="Kaitai.SpecDebug0" runstate="Runnable" testcasecount="1" result="Passed" start-time="2019-10-22 01:51:28Z" end-time="2019-10-22 01:51:28Z" duration="0.002595" total="1" passed="1" failed="0" inconclusive="0" skipped="0" asserts="0">
        <test-case id="0-1021" name="TestDebug0" fullname="Kaitai.SpecDebug0.TestDebug0" methodname="TestDebug0" classname="Kaitai.SpecDebug0" runstate="Runnable" seed="274542849" result="Passed" start-time="2019-10-22 01:51:28Z" end-time="2019-10-22 01:51:28Z" duration="0.000082" asserts="0" />
      </test-suite>
      <test-suite type="TestFixture" id="0-1022" name="SpecDebugArrayUser" fullname="Kaitai.SpecDebugArrayUser" classname="Kaitai.SpecDebugArrayUser" runstate="Runnable" testcasecount="1" result="Passed" start-time="2019-10-22 01:51:28Z" end-time="2019-10-22 01:51:28Z" duration="0.003691" total="1" passed="1" failed="0" inconclusive="0" skipped="0" asserts="4">
        <test-case id="0-1023" name="TestDebugArrayUser" fullname="Kaitai.SpecDebugArrayUser.TestDebugArrayUser" methodname="TestDebugArrayUser" classname="Kaitai.SpecDebugArrayUser" runstate="Runnable" seed="1546351374" result="Passed" start-time="2019-10-22 01:51:28Z" end-time="2019-10-22 01:51:28Z" duration="0.001204" asserts="4" />
      </test-suite>
      <test-suite type="TestFixture" id="0-1024" name="SpecDebugEnumName" fullname="Kaitai.SpecDebugEnumName" classname="Kaitai.SpecDebugEnumName" runstate="Runnable" testcasecount="1" result="Passed" start-time="2019-10-22 01:51:28Z" end-time="2019-10-22 01:51:28Z" duration="0.002550" total="1" passed="1" failed="0" inconclusive="0" skipped="0" asserts="0">
        <test-case id="0-1025" name="TestDebugEnumName" fullname="Kaitai.SpecDebugEnumName.TestDebugEnumName" methodname="TestDebugEnumName" classname="Kaitai.SpecDebugEnumName" runstate="Runnable" seed="81367104" result="Passed" start-time="2019-10-22 01:51:28Z" end-time="2019-10-22 01:51:28Z" duration="0.000080" asserts="0" />
      </test-suite>
      <test-suite type="TestFixture" id="0-1026" name="SpecDefaultBigEndian" fullname="Kaitai.SpecDefaultBigEndian" classname="Kaitai.SpecDefaultBigEndian" runstate="Runnable" testcasecount="1" result="Passed" start-time="2019-10-22 01:51:28Z" end-time="2019-10-22 01:51:28Z" duration="0.003010" total="1" passed="1" failed="0" inconclusive="0" skipped="0" asserts="1">
        <test-case id="0-1027" name="TestDefaultBigEndian" fullname="Kaitai.SpecDefaultBigEndian.TestDefaultBigEndian" methodname="TestDefaultBigEndian" classname="Kaitai.SpecDefaultBigEndian" runstate="Runnable" seed="72854816" result="Passed" start-time="2019-10-22 01:51:28Z" end-time="2019-10-22 01:51:28Z" duration="0.000535" asserts="1" />
      </test-suite>
      <test-suite type="TestFixture" id="0-1028" name="SpecDefaultEndianExprException" fullname="Kaitai.SpecDefaultEndianExprException" classname="Kaitai.SpecDefaultEndianExprException" runstate="Runnable" testcasecount="1" result="Passed" start-time="2019-10-22 01:51:28Z" end-time="2019-10-22 01:51:28Z" duration="0.007204" total="1" passed="1" failed="0" inconclusive="0" skipped="0" asserts="1">
        <test-case id="0-1029" name="TestDefaultEndianExprException" fullname="Kaitai.SpecDefaultEndianExprException.TestDefaultEndianExprException" methodname="TestDefaultEndianExprException" classname="Kaitai.SpecDefaultEndianExprException" runstate="Runnable" seed="1412177913" result="Passed" start-time="2019-10-22 01:51:28Z" end-time="2019-10-22 01:51:28Z" duration="0.004721" asserts="1" />
      </test-suite>
      <test-suite type="TestFixture" id="0-1030" name="SpecDefaultEndianExprInherited" fullname="Kaitai.SpecDefaultEndianExprInherited" classname="Kaitai.SpecDefaultEndianExprInherited" runstate="Runnable" testcasecount="1" result="Passed" start-time="2019-10-22 01:51:28Z" end-time="2019-10-22 01:51:28Z" duration="0.005923" total="1" passed="1" failed="0" inconclusive="0" skipped="0" asserts="15">
        <test-case id="0-1031" name="TestDefaultEndianExprInherited" fullname="Kaitai.SpecDefaultEndianExprInherited.TestDefaultEndianExprInherited" methodname="TestDefaultEndianExprInherited" classname="Kaitai.SpecDefaultEndianExprInherited" runstate="Runnable" seed="754464169" result="Passed" start-time="2019-10-22 01:51:28Z" end-time="2019-10-22 01:51:28Z" duration="0.003433" asserts="15" />
      </test-suite>
      <test-suite type="TestFixture" id="0-1032" name="SpecDefaultEndianExprIsBe" fullname="Kaitai.SpecDefaultEndianExprIsBe" classname="Kaitai.SpecDefaultEndianExprIsBe" runstate="Runnable" testcasecount="1" result="Passed" start-time="2019-10-22 01:51:28Z" end-time="2019-10-22 01:51:28Z" duration="0.005701" total="1" passed="1" failed="0" inconclusive="0" skipped="0" asserts="18">
        <test-case id="0-1033" name="TestDefaultEndianExprIsBe" fullname="Kaitai.SpecDefaultEndianExprIsBe.TestDefaultEndianExprIsBe" methodname="TestDefaultEndianExprIsBe" classname="Kaitai.SpecDefaultEndianExprIsBe" runstate="Runnable" seed="1028182745" result="Passed" start-time="2019-10-22 01:51:28Z" end-time="2019-10-22 01:51:28Z" duration="0.003229" asserts="18" />
      </test-suite>
      <test-suite type="TestFixture" id="0-1034" name="SpecDefaultEndianExprIsLe" fullname="Kaitai.SpecDefaultEndianExprIsLe" classname="Kaitai.SpecDefaultEndianExprIsLe" runstate="Runnable" testcasecount="1" result="Passed" start-time="2019-10-22 01:51:28Z" end-time="2019-10-22 01:51:28Z" duration="0.004603" total="1" passed="1" failed="0" inconclusive="0" skipped="0" asserts="12">
        <test-case id="0-1035" name="TestDefaultEndianExprIsLe" fullname="Kaitai.SpecDefaultEndianExprIsLe.TestDefaultEndianExprIsLe" methodname="TestDefaultEndianExprIsLe" classname="Kaitai.SpecDefaultEndianExprIsLe" runstate="Runnable" seed="1448251188" result="Passed" start-time="2019-10-22 01:51:28Z" end-time="2019-10-22 01:51:28Z" duration="0.002084" asserts="12" />
      </test-suite>
      <test-suite type="TestFixture" id="0-1036" name="SpecDefaultEndianMod" fullname="Kaitai.SpecDefaultEndianMod" classname="Kaitai.SpecDefaultEndianMod" runstate="Runnable" testcasecount="1" result="Passed" start-time="2019-10-22 01:51:28Z" end-time="2019-10-22 01:51:28Z" duration="0.003372" total="1" passed="1" failed="0" inconclusive="0" skipped="0" asserts="3">
        <test-case id="0-1037" name="TestDefaultEndianMod" fullname="Kaitai.SpecDefaultEndianMod.TestDefaultEndianMod" methodname="TestDefaultEndianMod" classname="Kaitai.SpecDefaultEndianMod" runstate="Runnable" seed="1437916323" result="Passed" start-time="2019-10-22 01:51:28Z" end-time="2019-10-22 01:51:28Z" duration="0.000900" asserts="3" />
      </test-suite>
      <test-suite type="TestFixture" id="0-1038" name="SpecDocstrings" fullname="Kaitai.SpecDocstrings" classname="Kaitai.SpecDocstrings" runstate="Runnable" testcasecount="1" result="Passed" start-time="2019-10-22 01:51:28Z" end-time="2019-10-22 01:51:28Z" duration="0.002847" total="1" passed="1" failed="0" inconclusive="0" skipped="0" asserts="0">
        <test-case id="0-1039" name="TestDocstrings" fullname="Kaitai.SpecDocstrings.TestDocstrings" methodname="TestDocstrings" classname="Kaitai.SpecDocstrings" runstate="Runnable" seed="354631520" result="Passed" start-time="2019-10-22 01:51:28Z" end-time="2019-10-22 01:51:28Z" duration="0.000383" asserts="0" />
      </test-suite>
      <test-suite type="TestFixture" id="0-1040" name="SpecDocstringsDocref" fullname="Kaitai.SpecDocstringsDocref" classname="Kaitai.SpecDocstringsDocref" runstate="Runnable" testcasecount="1" result="Passed" start-time="2019-10-22 01:51:28Z" end-time="2019-10-22 01:51:28Z" duration="0.005656" total="1" passed="1" failed="0" inconclusive="0" skipped="0" asserts="0">
        <test-case id="0-1041" name="TestDocstringsDocref" fullname="Kaitai.SpecDocstringsDocref.TestDocstringsDocref" methodname="TestDocstringsDocref" classname="Kaitai.SpecDocstringsDocref" runstate="Runnable" seed="2027073728" result="Passed" start-time="2019-10-22 01:51:28Z" end-time="2019-10-22 01:51:28Z" duration="0.000404" asserts="0" />
      </test-suite>
      <test-suite type="TestFixture" id="0-1042" name="SpecDocstringsDocrefMulti" fullname="Kaitai.SpecDocstringsDocrefMulti" classname="Kaitai.SpecDocstringsDocrefMulti" runstate="Runnable" testcasecount="1" result="Passed" start-time="2019-10-22 01:51:28Z" end-time="2019-10-22 01:51:28Z" duration="0.002784" total="1" passed="1" failed="0" inconclusive="0" skipped="0" asserts="0">
        <test-case id="0-1043" name="TestDocstringsDocrefMulti" fullname="Kaitai.SpecDocstringsDocrefMulti.TestDocstringsDocrefMulti" methodname="TestDocstringsDocrefMulti" classname="Kaitai.SpecDocstringsDocrefMulti" runstate="Runnable" seed="2054294107" result="Passed" start-time="2019-10-22 01:51:28Z" end-time="2019-10-22 01:51:28Z" duration="0.000330" asserts="0" />
      </test-suite>
      <test-suite type="TestFixture" id="0-1044" name="SpecEnum0" fullname="Kaitai.SpecEnum0" classname="Kaitai.SpecEnum0" runstate="Runnable" testcasecount="1" result="Passed" start-time="2019-10-22 01:51:28Z" end-time="2019-10-22 01:51:28Z" duration="0.002961" total="1" passed="1" failed="0" inconclusive="0" skipped="0" asserts="2">
        <test-case id="0-1045" name="TestEnum0" fullname="Kaitai.SpecEnum0.TestEnum0" methodname="TestEnum0" classname="Kaitai.SpecEnum0" runstate="Runnable" seed="1441100195" result="Passed" start-time="2019-10-22 01:51:28Z" end-time="2019-10-22 01:51:28Z" duration="0.000490" asserts="2" />
      </test-suite>
      <test-suite type="TestFixture" id="0-1046" name="SpecEnum1" fullname="Kaitai.SpecEnum1" classname="Kaitai.SpecEnum1" runstate="Runnable" testcasecount="1" result="Passed" start-time="2019-10-22 01:51:28Z" end-time="2019-10-22 01:51:28Z" duration="0.003149" total="1" passed="1" failed="0" inconclusive="0" skipped="0" asserts="2">
        <test-case id="0-1047" name="TestEnum1" fullname="Kaitai.SpecEnum1.TestEnum1" methodname="TestEnum1" classname="Kaitai.SpecEnum1" runstate="Runnable" seed="2108257349" result="Passed" start-time="2019-10-22 01:51:28Z" end-time="2019-10-22 01:51:28Z" duration="0.000701" asserts="2" />
      </test-suite>
      <test-suite type="TestFixture" id="0-1048" name="SpecEnumDeep" fullname="Kaitai.SpecEnumDeep" classname="Kaitai.SpecEnumDeep" runstate="Runnable" testcasecount="1" result="Passed" start-time="2019-10-22 01:51:28Z" end-time="2019-10-22 01:51:28Z" duration="0.002994" total="1" passed="1" failed="0" inconclusive="0" skipped="0" asserts="2">
        <test-case id="0-1049" name="TestEnumDeep" fullname="Kaitai.SpecEnumDeep.TestEnumDeep" methodname="TestEnumDeep" classname="Kaitai.SpecEnumDeep" runstate="Runnable" seed="1406922518" result="Passed" start-time="2019-10-22 01:51:28Z" end-time="2019-10-22 01:51:28Z" duration="0.000539" asserts="2" />
      </test-suite>
      <test-suite type="TestFixture" id="0-1050" name="SpecEnumDeepLiterals" fullname="Kaitai.SpecEnumDeepLiterals" classname="Kaitai.SpecEnumDeepLiterals" runstate="Runnable" testcasecount="1" result="Passed" start-time="2019-10-22 01:51:28Z" end-time="2019-10-22 01:51:28Z" duration="0.003069" total="1" passed="1" failed="0" inconclusive="0" skipped="0" asserts="2">
        <test-case id="0-1051" name="TestEnumDeepLiterals" fullname="Kaitai.SpecEnumDeepLiterals.TestEnumDeepLiterals" methodname="TestEnumDeepLiterals" classname="Kaitai.SpecEnumDeepLiterals" runstate="Runnable" seed="1450899019" result="Passed" start-time="2019-10-22 01:51:28Z" end-time="2019-10-22 01:51:28Z" duration="0.000607" asserts="2" />
      </test-suite>
      <test-suite type="TestFixture" id="0-1052" name="SpecEnumFancy" fullname="Kaitai.SpecEnumFancy" classname="Kaitai.SpecEnumFancy" runstate="Runnable" testcasecount="1" result="Passed" start-time="2019-10-22 01:51:28Z" end-time="2019-10-22 01:51:28Z" duration="0.002959" total="1" passed="1" failed="0" inconclusive="0" skipped="0" asserts="2">
        <test-case id="0-1053" name="TestEnumFancy" fullname="Kaitai.SpecEnumFancy.TestEnumFancy" methodname="TestEnumFancy" classname="Kaitai.SpecEnumFancy" runstate="Runnable" seed="100703982" result="Passed" start-time="2019-10-22 01:51:28Z" end-time="2019-10-22 01:51:28Z" duration="0.000486" asserts="2" />
      </test-suite>
      <test-suite type="TestFixture" id="0-1054" name="SpecEnumForUnknownId" fullname="Kaitai.SpecEnumForUnknownId" classname="Kaitai.SpecEnumForUnknownId" runstate="Runnable" testcasecount="1" result="Passed" start-time="2019-10-22 01:51:28Z" end-time="2019-10-22 01:51:28Z" duration="0.002913" total="1" passed="1" failed="0" inconclusive="0" skipped="0" asserts="1">
        <test-case id="0-1055" name="TestEnumForUnknownId" fullname="Kaitai.SpecEnumForUnknownId.TestEnumForUnknownId" methodname="TestEnumForUnknownId" classname="Kaitai.SpecEnumForUnknownId" runstate="Runnable" seed="1927857359" result="Passed" start-time="2019-10-22 01:51:28Z" end-time="2019-10-22 01:51:28Z" duration="0.000456" asserts="1" />
      </test-suite>
      <test-suite type="TestFixture" id="0-1056" name="SpecEnumIf" fullname="Kaitai.SpecEnumIf" classname="Kaitai.SpecEnumIf" runstate="Runnable" testcasecount="1" result="Passed" start-time="2019-10-22 01:51:28Z" end-time="2019-10-22 01:51:28Z" duration="0.003569" total="1" passed="1" failed="0" inconclusive="0" skipped="0" asserts="7">
        <test-case id="0-1057" name="TestEnumIf" fullname="Kaitai.SpecEnumIf.TestEnumIf" methodname="TestEnumIf" classname="Kaitai.SpecEnumIf" runstate="Runnable" seed="1302578269" result="Passed" start-time="2019-10-22 01:51:28Z" end-time="2019-10-22 01:51:28Z" duration="0.001119" asserts="7" />
      </test-suite>
      <test-suite type="TestFixture" id="0-1058" name="SpecEnumNegative" fullname="Kaitai.SpecEnumNegative" classname="Kaitai.SpecEnumNegative" runstate="Runnable" testcasecount="1" result="Passed" start-time="2019-10-22 01:51:28Z" end-time="2019-10-22 01:51:28Z" duration="0.003025" total="1" passed="1" failed="0" inconclusive="0" skipped="0" asserts="2">
        <test-case id="0-1059" name="TestEnumNegative" fullname="Kaitai.SpecEnumNegative.TestEnumNegative" methodname="TestEnumNegative" classname="Kaitai.SpecEnumNegative" runstate="Runnable" seed="1558114613" result="Passed" start-time="2019-10-22 01:51:28Z" end-time="2019-10-22 01:51:28Z" duration="0.000572" asserts="2" />
      </test-suite>
      <test-suite type="TestFixture" id="0-1060" name="SpecEnumOfValueInst" fullname="Kaitai.SpecEnumOfValueInst" classname="Kaitai.SpecEnumOfValueInst" runstate="Runnable" testcasecount="1" result="Passed" start-time="2019-10-22 01:51:28Z" end-time="2019-10-22 01:51:28Z" duration="0.003183" total="1" passed="1" failed="0" inconclusive="0" skipped="0" asserts="4">
        <test-case id="0-1061" name="TestEnumOfValueInst" fullname="Kaitai.SpecEnumOfValueInst.TestEnumOfValueInst" methodname="TestEnumOfValueInst" classname="Kaitai.SpecEnumOfValueInst" runstate="Runnable" seed="548210867" result="Passed" start-time="2019-10-22 01:51:28Z" end-time="2019-10-22 01:51:28Z" duration="0.000730" asserts="4" />
      </test-suite>
      <test-suite type="TestFixture" id="0-1062" name="SpecEnumToI" fullname="Kaitai.SpecEnumToI" classname="Kaitai.SpecEnumToI" runstate="Runnable" testcasecount="1" result="Passed" start-time="2019-10-22 01:51:28Z" end-time="2019-10-22 01:51:28Z" duration="0.003137" total="1" passed="1" failed="0" inconclusive="0" skipped="0" asserts="4">
        <test-case id="0-1063" name="TestEnumToI" fullname="Kaitai.SpecEnumToI.TestEnumToI" methodname="TestEnumToI" classname="Kaitai.SpecEnumToI" runstate="Runnable" seed="486161556" result="Passed" start-time="2019-10-22 01:51:28Z" end-time="2019-10-22 01:51:28Z" duration="0.000680" asserts="4" />
      </test-suite>
      <test-suite type="TestFixture" id="0-1064" name="SpecEofExceptionBytes" fullname="Kaitai.SpecEofExceptionBytes" classname="Kaitai.SpecEofExceptionBytes" runstate="Runnable" testcasecount="1" result="Passed" start-time="2019-10-22 01:51:28Z" end-time="2019-10-22 01:51:28Z" duration="0.003239" total="1" passed="1" failed="0" inconclusive="0" skipped="0" asserts="1">
        <test-case id="0-1065" name="TestEofExceptionBytes" fullname="Kaitai.SpecEofExceptionBytes.TestEofExceptionBytes" methodname="TestEofExceptionBytes" classname="Kaitai.SpecEofExceptionBytes" runstate="Runnable" seed="1333049972" result="Passed" start-time="2019-10-22 01:51:28Z" end-time="2019-10-22 01:51:28Z" duration="0.000732" asserts="1" />
      </test-suite>
      <test-suite type="TestFixture" id="0-1066" name="SpecEofExceptionU4" fullname="Kaitai.SpecEofExceptionU4" classname="Kaitai.SpecEofExceptionU4" runstate="Runnable" testcasecount="1" result="Passed" start-time="2019-10-22 01:51:28Z" end-time="2019-10-22 01:51:28Z" duration="0.003059" total="1" passed="1" failed="0" inconclusive="0" skipped="0" asserts="1">
        <test-case id="0-1067" name="TestEofExceptionU4" fullname="Kaitai.SpecEofExceptionU4.TestEofExceptionU4" methodname="TestEofExceptionU4" classname="Kaitai.SpecEofExceptionU4" runstate="Runnable" seed="636731672" result="Passed" start-time="2019-10-22 01:51:28Z" end-time="2019-10-22 01:51:28Z" duration="0.000593" asserts="1" />
      </test-suite>
      <test-suite type="TestFixture" id="0-1068" name="SpecEosExceptionBytes" fullname="Kaitai.SpecEosExceptionBytes" classname="Kaitai.SpecEosExceptionBytes" runstate="Runnable" testcasecount="1" result="Passed" start-time="2019-10-22 01:51:28Z" end-time="2019-10-22 01:51:28Z" duration="0.003116" total="1" passed="1" failed="0" inconclusive="0" skipped="0" asserts="1">
        <test-case id="0-1069" name="TestEosExceptionBytes" fullname="Kaitai.SpecEosExceptionBytes.TestEosExceptionBytes" methodname="TestEosExceptionBytes" classname="Kaitai.SpecEosExceptionBytes" runstate="Runnable" seed="314081449" result="Passed" start-time="2019-10-22 01:51:28Z" end-time="2019-10-22 01:51:28Z" duration="0.000649" asserts="1" />
      </test-suite>
      <test-suite type="TestFixture" id="0-1070" name="SpecEosExceptionU4" fullname="Kaitai.SpecEosExceptionU4" classname="Kaitai.SpecEosExceptionU4" runstate="Runnable" testcasecount="1" result="Passed" start-time="2019-10-22 01:51:28Z" end-time="2019-10-22 01:51:28Z" duration="0.003129" total="1" passed="1" failed="0" inconclusive="0" skipped="0" asserts="1">
        <test-case id="0-1071" name="TestEosExceptionU4" fullname="Kaitai.SpecEosExceptionU4.TestEosExceptionU4" methodname="TestEosExceptionU4" classname="Kaitai.SpecEosExceptionU4" runstate="Runnable" seed="1375199523" result="Passed" start-time="2019-10-22 01:51:28Z" end-time="2019-10-22 01:51:28Z" duration="0.000664" asserts="1" />
      </test-suite>
      <test-suite type="TestFixture" id="0-1072" name="SpecExpr0" fullname="Kaitai.SpecExpr0" classname="Kaitai.SpecExpr0" runstate="Runnable" testcasecount="1" result="Passed" start-time="2019-10-22 01:51:28Z" end-time="2019-10-22 01:51:28Z" duration="0.003019" total="1" passed="1" failed="0" inconclusive="0" skipped="0" asserts="2">
        <test-case id="0-1073" name="TestExpr0" fullname="Kaitai.SpecExpr0.TestExpr0" methodname="TestExpr0" classname="Kaitai.SpecExpr0" runstate="Runnable" seed="795521749" result="Passed" start-time="2019-10-22 01:51:28Z" end-time="2019-10-22 01:51:28Z" duration="0.000563" asserts="2" />
      </test-suite>
      <test-suite type="TestFixture" id="0-1074" name="SpecExpr1" fullname="Kaitai.SpecExpr1" classname="Kaitai.SpecExpr1" runstate="Runnable" testcasecount="1" result="Passed" start-time="2019-10-22 01:51:28Z" end-time="2019-10-22 01:51:28Z" duration="0.003137" total="1" passed="1" failed="0" inconclusive="0" skipped="0" asserts="4">
        <test-case id="0-1075" name="TestExpr1" fullname="Kaitai.SpecExpr1.TestExpr1" methodname="TestExpr1" classname="Kaitai.SpecExpr1" runstate="Runnable" seed="1228660409" result="Passed" start-time="2019-10-22 01:51:28Z" end-time="2019-10-22 01:51:28Z" duration="0.000686" asserts="4" />
      </test-suite>
      <test-suite type="TestFixture" id="0-1076" name="SpecExpr2" fullname="Kaitai.SpecExpr2" classname="Kaitai.SpecExpr2" runstate="Runnable" testcasecount="1" result="Passed" start-time="2019-10-22 01:51:28Z" end-time="2019-10-22 01:51:28Z" duration="0.004435" total="1" passed="1" failed="0" inconclusive="0" skipped="0" asserts="17">
        <test-case id="0-1077" name="TestExpr2" fullname="Kaitai.SpecExpr2.TestExpr2" methodname="TestExpr2" classname="Kaitai.SpecExpr2" runstate="Runnable" seed="1150418841" result="Passed" start-time="2019-10-22 01:51:28Z" end-time="2019-10-22 01:51:28Z" duration="0.001964" asserts="17" />
      </test-suite>
      <test-suite type="TestFixture" id="0-1078" name="SpecExpr3" fullname="Kaitai.SpecExpr3" classname="Kaitai.SpecExpr3" runstate="Runnable" testcasecount="1" result="Passed" start-time="2019-10-22 01:51:28Z" end-time="2019-10-22 01:51:28Z" duration="0.003897" total="1" passed="1" failed="0" inconclusive="0" skipped="0" asserts="12">
        <test-case id="0-1079" name="TestExpr3" fullname="Kaitai.SpecExpr3.TestExpr3" methodname="TestExpr3" classname="Kaitai.SpecExpr3" runstate="Runnable" seed="1848161621" result="Passed" start-time="2019-10-22 01:51:28Z" end-time="2019-10-22 01:51:28Z" duration="0.001437" asserts="12" />
      </test-suite>
      <test-suite type="TestFixture" id="0-1080" name="SpecExprArray" fullname="Kaitai.SpecExprArray" classname="Kaitai.SpecExprArray" runstate="Runnable" testcasecount="1" result="Passed" start-time="2019-10-22 01:51:28Z" end-time="2019-10-22 01:51:28Z" duration="0.010108" total="1" passed="1" failed="0" inconclusive="0" skipped="0" asserts="15">
        <test-case id="0-1081" name="TestExprArray" fullname="Kaitai.SpecExprArray.TestExprArray" methodname="TestExprArray" classname="Kaitai.SpecExprArray" runstate="Runnable" seed="602183863" result="Passed" start-time="2019-10-22 01:51:28Z" end-time="2019-10-22 01:51:28Z" duration="0.007634" asserts="15" />
      </test-suite>
      <test-suite type="TestFixture" id="0-1082" name="SpecExprBytesCmp" fullname="Kaitai.SpecExprBytesCmp" classname="Kaitai.SpecExprBytesCmp" runstate="Runnable" testcasecount="1" result="Passed" start-time="2019-10-22 01:51:28Z" end-time="2019-10-22 01:51:28Z" duration="0.003997" total="1" passed="1" failed="0" inconclusive="0" skipped="0" asserts="10">
        <test-case id="0-1083" name="TestExprBytesCmp" fullname="Kaitai.SpecExprBytesCmp.TestExprBytesCmp" methodname="TestExprBytesCmp" classname="Kaitai.SpecExprBytesCmp" runstate="Runnable" seed="1043006743" result="Passed" start-time="2019-10-22 01:51:28Z" end-time="2019-10-22 01:51:28Z" duration="0.001494" asserts="10" />
      </test-suite>
      <test-suite type="TestFixture" id="0-1084" name="SpecExprEnum" fullname="Kaitai.SpecExprEnum" classname="Kaitai.SpecExprEnum" runstate="Runnable" testcasecount="1" result="Passed" start-time="2019-10-22 01:51:28Z" end-time="2019-10-22 01:51:28Z" duration="0.003175" total="1" passed="1" failed="0" inconclusive="0" skipped="0" asserts="3">
        <test-case id="0-1085" name="TestExprEnum" fullname="Kaitai.SpecExprEnum.TestExprEnum" methodname="TestExprEnum" classname="Kaitai.SpecExprEnum" runstate="Runnable" seed="946643585" result="Passed" start-time="2019-10-22 01:51:28Z" end-time="2019-10-22 01:51:28Z" duration="0.000676" asserts="3" />
      </test-suite>
      <test-suite type="TestFixture" id="0-1086" name="SpecExprIoEof" fullname="Kaitai.SpecExprIoEof" classname="Kaitai.SpecExprIoEof" runstate="Runnable" testcasecount="1" result="Passed" start-time="2019-10-22 01:51:28Z" end-time="2019-10-22 01:51:28Z" duration="0.003488" total="1" passed="1" failed="0" inconclusive="0" skipped="0" asserts="4">
        <test-case id="0-1087" name="TestExprIoEof" fullname="Kaitai.SpecExprIoEof.TestExprIoEof" methodname="TestExprIoEof" classname="Kaitai.SpecExprIoEof" runstate="Runnable" seed="93435805" result="Passed" start-time="2019-10-22 01:51:28Z" end-time="2019-10-22 01:51:28Z" duration="0.000990" asserts="4" />
      </test-suite>
      <test-suite type="TestFixture" id="0-1088" name="SpecExprIoPos" fullname="Kaitai.SpecExprIoPos" classname="Kaitai.SpecExprIoPos" runstate="Runnable" testcasecount="1" result="Passed" start-time="2019-10-22 01:51:28Z" end-time="2019-10-22 01:51:28Z" duration="0.003494" total="1" passed="1" failed="0" inconclusive="0" skipped="0" asserts="6">
        <test-case id="0-1089" name="TestExprIoPos" fullname="Kaitai.SpecExprIoPos.TestExprIoPos" methodname="TestExprIoPos" classname="Kaitai.SpecExprIoPos" runstate="Runnable" seed="1414744262" result="Passed" start-time="2019-10-22 01:51:28Z" end-time="2019-10-22 01:51:28Z" duration="0.000980" asserts="6" />
      </test-suite>
      <test-suite type="TestFixture" id="0-1090" name="SpecExprMod" fullname="Kaitai.SpecExprMod" classname="Kaitai.SpecExprMod" runstate="Runnable" testcasecount="1" result="Passed" start-time="2019-10-22 01:51:28Z" end-time="2019-10-22 01:51:28Z" duration="0.003366" total="1" passed="1" failed="0" inconclusive="0" skipped="0" asserts="6">
        <test-case id="0-1091" name="TestExprMod" fullname="Kaitai.SpecExprMod.TestExprMod" methodname="TestExprMod" classname="Kaitai.SpecExprMod" runstate="Runnable" seed="1533623808" result="Passed" start-time="2019-10-22 01:51:28Z" end-time="2019-10-22 01:51:28Z" duration="0.000943" asserts="6" />
      </test-suite>
      <test-suite type="TestFixture" id="0-1092" name="SpecExprSizeofType0" fullname="Kaitai.SpecExprSizeofType0" classname="Kaitai.SpecExprSizeofType0" runstate="Runnable" testcasecount="1" result="Passed" start-time="2019-10-22 01:51:28Z" end-time="2019-10-22 01:51:28Z" duration="0.002897" total="1" passed="1" failed="0" inconclusive="0" skipped="0" asserts="1">
        <test-case id="0-1093" name="TestExprSizeofType0" fullname="Kaitai.SpecExprSizeofType0.TestExprSizeofType0" methodname="TestExprSizeofType0" classname="Kaitai.SpecExprSizeofType0" runstate="Runnable" seed="1582731646" result="Passed" start-time="2019-10-22 01:51:28Z" end-time="2019-10-22 01:51:28Z" duration="0.000444" asserts="1" />
      </test-suite>
      <test-suite type="TestFixture" id="0-1094" name="SpecExprSizeofType1" fullname="Kaitai.SpecExprSizeofType1" classname="Kaitai.SpecExprSizeofType1" runstate="Runnable" testcasecount="1" result="Passed" start-time="2019-10-22 01:51:28Z" end-time="2019-10-22 01:51:28Z" duration="0.002968" total="1" passed="1" failed="0" inconclusive="0" skipped="0" asserts="2">
        <test-case id="0-1095" name="TestExprSizeofType1" fullname="Kaitai.SpecExprSizeofType1.TestExprSizeofType1" methodname="TestExprSizeofType1" classname="Kaitai.SpecExprSizeofType1" runstate="Runnable" seed="71632971" result="Passed" start-time="2019-10-22 01:51:28Z" end-time="2019-10-22 01:51:28Z" duration="0.000507" asserts="2" />
      </test-suite>
      <test-suite type="TestFixture" id="0-1096" name="SpecExprSizeofValue0" fullname="Kaitai.SpecExprSizeofValue0" classname="Kaitai.SpecExprSizeofValue0" runstate="Runnable" testcasecount="1" result="Passed" start-time="2019-10-22 01:51:28Z" end-time="2019-10-22 01:51:28Z" duration="0.003333" total="1" passed="1" failed="0" inconclusive="0" skipped="0" asserts="5">
        <test-case id="0-1097" name="TestExprSizeofValue0" fullname="Kaitai.SpecExprSizeofValue0.TestExprSizeofValue0" methodname="TestExprSizeofValue0" classname="Kaitai.SpecExprSizeofValue0" runstate="Runnable" seed="776196861" result="Passed" start-time="2019-10-22 01:51:28Z" end-time="2019-10-22 01:51:28Z" duration="0.000872" asserts="5" />
      </test-suite>
      <test-suite type="TestFixture" id="0-1098" name="SpecExprSizeofValueSized" fullname="Kaitai.SpecExprSizeofValueSized" classname="Kaitai.SpecExprSizeofValueSized" runstate="Runnable" testcasecount="1" result="Passed" start-time="2019-10-22 01:51:28Z" end-time="2019-10-22 01:51:28Z" duration="0.003378" total="1" passed="1" failed="0" inconclusive="0" skipped="0" asserts="5">
        <test-case id="0-1099" name="TestExprSizeofValueSized" fullname="Kaitai.SpecExprSizeofValueSized.TestExprSizeofValueSized" methodname="TestExprSizeofValueSized" classname="Kaitai.SpecExprSizeofValueSized" runstate="Runnable" seed="198258107" result="Passed" start-time="2019-10-22 01:51:28Z" end-time="2019-10-22 01:51:28Z" duration="0.000913" asserts="5" />
      </test-suite>
      <test-suite type="TestFixture" id="0-1100" name="SpecFixedContents" fullname="Kaitai.SpecFixedContents" classname="Kaitai.SpecFixedContents" runstate="Runnable" testcasecount="1" result="Passed" start-time="2019-10-22 01:51:28Z" end-time="2019-10-22 01:51:28Z" duration="0.002866" total="1" passed="1" failed="0" inconclusive="0" skipped="0" asserts="0">
        <test-case id="0-1101" name="TestFixedContents" fullname="Kaitai.SpecFixedContents.TestFixedContents" methodname="TestFixedContents" classname="Kaitai.SpecFixedContents" runstate="Runnable" seed="778739593" result="Passed" start-time="2019-10-22 01:51:28Z" end-time="2019-10-22 01:51:28Z" duration="0.000406" asserts="0" />
      </test-suite>
      <test-suite type="TestFixture" id="0-1102" name="SpecFixedStruct" fullname="Kaitai.SpecFixedStruct" classname="Kaitai.SpecFixedStruct" runstate="Runnable" testcasecount="1" result="Passed" start-time="2019-10-22 01:51:28Z" end-time="2019-10-22 01:51:29Z" duration="0.005647" total="1" passed="1" failed="0" inconclusive="0" skipped="0" asserts="20">
        <test-case id="0-1103" name="TestFixedStruct" fullname="Kaitai.SpecFixedStruct.TestFixedStruct" methodname="TestFixedStruct" classname="Kaitai.SpecFixedStruct" runstate="Runnable" seed="1133835355" result="Passed" start-time="2019-10-22 01:51:29Z" end-time="2019-10-22 01:51:29Z" duration="0.003192" asserts="20" />
      </test-suite>
      <test-suite type="TestFixture" id="0-1106" name="SpecFloatingPoints" fullname="Kaitai.SpecFloatingPoints" classname="Kaitai.SpecFloatingPoints" runstate="Runnable" testcasecount="1" result="Passed" start-time="2019-10-22 01:51:29Z" end-time="2019-10-22 01:51:29Z" duration="0.004211" total="1" passed="1" failed="0" inconclusive="0" skipped="0" asserts="8">
        <test-case id="0-1107" name="TestFloatingPoints" fullname="Kaitai.SpecFloatingPoints.TestFloatingPoints" methodname="TestFloatingPoints" classname="Kaitai.SpecFloatingPoints" runstate="Runnable" seed="890385874" result="Passed" start-time="2019-10-22 01:51:29Z" end-time="2019-10-22 01:51:29Z" duration="0.001724" asserts="8" />
      </test-suite>
      <test-suite type="TestFixture" id="0-1104" name="SpecFloatToI" fullname="Kaitai.SpecFloatToI" classname="Kaitai.SpecFloatToI" runstate="Runnable" testcasecount="1" result="Passed" start-time="2019-10-22 01:51:29Z" end-time="2019-10-22 01:51:29Z" duration="0.003729" total="1" passed="1" failed="0" inconclusive="0" skipped="0" asserts="8">
        <test-case id="0-1105" name="TestFloatToI" fullname="Kaitai.SpecFloatToI.TestFloatToI" methodname="TestFloatToI" classname="Kaitai.SpecFloatToI" runstate="Runnable" seed="336864803" result="Passed" start-time="2019-10-22 01:51:29Z" end-time="2019-10-22 01:51:29Z" duration="0.001271" asserts="8" />
      </test-suite>
      <test-suite type="TestFixture" id="0-1108" name="SpecHelloWorld" fullname="Kaitai.SpecHelloWorld" classname="Kaitai.SpecHelloWorld" runstate="Runnable" testcasecount="1" result="Passed" start-time="2019-10-22 01:51:29Z" end-time="2019-10-22 01:51:29Z" duration="0.002786" total="1" passed="1" failed="0" inconclusive="0" skipped="0" asserts="1">
        <test-case id="0-1109" name="TestHelloWorld" fullname="Kaitai.SpecHelloWorld.TestHelloWorld" methodname="TestHelloWorld" classname="Kaitai.SpecHelloWorld" runstate="Runnable" seed="146016909" result="Passed" start-time="2019-10-22 01:51:29Z" end-time="2019-10-22 01:51:29Z" duration="0.000322" asserts="1" />
      </test-suite>
      <test-suite type="TestFixture" id="0-1110" name="SpecIfInstances" fullname="Kaitai.SpecIfInstances" classname="Kaitai.SpecIfInstances" runstate="Runnable" testcasecount="1" result="Passed" start-time="2019-10-22 01:51:29Z" end-time="2019-10-22 01:51:29Z" duration="0.003271" total="1" passed="1" failed="0" inconclusive="0" skipped="0" asserts="1">
        <test-case id="0-1111" name="TestIfInstances" fullname="Kaitai.SpecIfInstances.TestIfInstances" methodname="TestIfInstances" classname="Kaitai.SpecIfInstances" runstate="Runnable" seed="83427220" result="Passed" start-time="2019-10-22 01:51:29Z" end-time="2019-10-22 01:51:29Z" duration="0.000809" asserts="1" />
      </test-suite>
      <test-suite type="TestFixture" id="0-1112" name="SpecIfStruct" fullname="Kaitai.SpecIfStruct" classname="Kaitai.SpecIfStruct" runstate="Runnable" testcasecount="1" result="Passed" start-time="2019-10-22 01:51:29Z" end-time="2019-10-22 01:51:29Z" duration="0.003561" total="1" passed="1" failed="0" inconclusive="0" skipped="0" asserts="7">
        <test-case id="0-1113" name="TestIfStruct" fullname="Kaitai.SpecIfStruct.TestIfStruct" methodname="TestIfStruct" classname="Kaitai.SpecIfStruct" runstate="Runnable" seed="35020315" result="Passed" start-time="2019-10-22 01:51:29Z" end-time="2019-10-22 01:51:29Z" duration="0.001098" asserts="7" />
      </test-suite>
      <test-suite type="TestFixture" id="0-1114" name="SpecIfValues" fullname="Kaitai.SpecIfValues" classname="Kaitai.SpecIfValues" runstate="Runnable" testcasecount="1" result="Passed" start-time="2019-10-22 01:51:29Z" end-time="2019-10-22 01:51:29Z" duration="0.004046" total="1" passed="1" failed="0" inconclusive="0" skipped="0" asserts="6">
        <test-case id="0-1115" name="TestIfValues" fullname="Kaitai.SpecIfValues.TestIfValues" methodname="TestIfValues" classname="Kaitai.SpecIfValues" runstate="Runnable" seed="1556856246" result="Passed" start-time="2019-10-22 01:51:29Z" end-time="2019-10-22 01:51:29Z" duration="0.001576" asserts="6" />
      </test-suite>
      <test-suite type="TestFixture" id="0-1116" name="SpecImports0" fullname="Kaitai.SpecImports0" classname="Kaitai.SpecImports0" runstate="Runnable" testcasecount="1" result="Passed" start-time="2019-10-22 01:51:29Z" end-time="2019-10-22 01:51:29Z" duration="0.003019" total="1" passed="1" failed="0" inconclusive="0" skipped="0" asserts="3">
        <test-case id="0-1117" name="TestImports0" fullname="Kaitai.SpecImports0.TestImports0" methodname="TestImports0" classname="Kaitai.SpecImports0" runstate="Runnable" seed="1315631735" result="Passed" start-time="2019-10-22 01:51:29Z" end-time="2019-10-22 01:51:29Z" duration="0.000565" asserts="3" />
      </test-suite>
      <test-suite type="TestFixture" id="0-1118" name="SpecImportsAbs" fullname="Kaitai.SpecImportsAbs" classname="Kaitai.SpecImportsAbs" runstate="Runnable" testcasecount="1" result="Passed" start-time="2019-10-22 01:51:29Z" end-time="2019-10-22 01:51:29Z" duration="0.004188" total="1" passed="1" failed="0" inconclusive="0" skipped="0" asserts="2">
        <test-case id="0-1119" name="TestImportsAbs" fullname="Kaitai.SpecImportsAbs.TestImportsAbs" methodname="TestImportsAbs" classname="Kaitai.SpecImportsAbs" runstate="Runnable" seed="281978700" result="Passed" start-time="2019-10-22 01:51:29Z" end-time="2019-10-22 01:51:29Z" duration="0.001733" asserts="2" />
      </test-suite>
      <test-suite type="TestFixture" id="0-1120" name="SpecImportsCircularA" fullname="Kaitai.SpecImportsCircularA" classname="Kaitai.SpecImportsCircularA" runstate="Runnable" testcasecount="1" result="Passed" start-time="2019-10-22 01:51:29Z" end-time="2019-10-22 01:51:29Z" duration="0.003232" total="1" passed="1" failed="0" inconclusive="0" skipped="0" asserts="5">
        <test-case id="0-1121" name="TestImportsCircularA" fullname="Kaitai.SpecImportsCircularA.TestImportsCircularA" methodname="TestImportsCircularA" classname="Kaitai.SpecImportsCircularA" runstate="Runnable" seed="2084054731" result="Passed" start-time="2019-10-22 01:51:29Z" end-time="2019-10-22 01:51:29Z" duration="0.000757" asserts="5" />
      </test-suite>
      <test-suite type="TestFixture" id="0-1122" name="SpecIndexSizes" fullname="Kaitai.SpecIndexSizes" classname="Kaitai.SpecIndexSizes" runstate="Runnable" testcasecount="1" result="Passed" start-time="2019-10-22 01:51:29Z" end-time="2019-10-22 01:51:29Z" duration="0.003509" total="1" passed="1" failed="0" inconclusive="0" skipped="0" asserts="7">
        <test-case id="0-1123" name="TestIndexSizes" fullname="Kaitai.SpecIndexSizes.TestIndexSizes" methodname="TestIndexSizes" classname="Kaitai.SpecIndexSizes" runstate="Runnable" seed="1281601477" result="Passed" start-time="2019-10-22 01:51:29Z" end-time="2019-10-22 01:51:29Z" duration="0.001044" asserts="7" />
      </test-suite>
      <test-suite type="TestFixture" id="0-1124" name="SpecIndexToParamEos" fullname="Kaitai.SpecIndexToParamEos" classname="Kaitai.SpecIndexToParamEos" runstate="Runnable" testcasecount="1" result="Passed" start-time="2019-10-22 01:51:29Z" end-time="2019-10-22 01:51:29Z" duration="0.003947" total="1" passed="1" failed="0" inconclusive="0" skipped="0" asserts="7">
        <test-case id="0-1125" name="TestIndexToParamEos" fullname="Kaitai.SpecIndexToParamEos.TestIndexToParamEos" methodname="TestIndexToParamEos" classname="Kaitai.SpecIndexToParamEos" runstate="Runnable" seed="541517163" result="Passed" start-time="2019-10-22 01:51:29Z" end-time="2019-10-22 01:51:29Z" duration="0.001483" asserts="7" />
      </test-suite>
      <test-suite type="TestFixture" id="0-1126" name="SpecIndexToParamExpr" fullname="Kaitai.SpecIndexToParamExpr" classname="Kaitai.SpecIndexToParamExpr" runstate="Runnable" testcasecount="1" result="Passed" start-time="2019-10-22 01:51:29Z" end-time="2019-10-22 01:51:29Z" duration="0.003973" total="1" passed="1" failed="0" inconclusive="0" skipped="0" asserts="7">
        <test-case id="0-1127" name="TestIndexToParamExpr" fullname="Kaitai.SpecIndexToParamExpr.TestIndexToParamExpr" methodname="TestIndexToParamExpr" classname="Kaitai.SpecIndexToParamExpr" runstate="Runnable" seed="336358679" result="Passed" start-time="2019-10-22 01:51:29Z" end-time="2019-10-22 01:51:29Z" duration="0.001493" asserts="7" />
      </test-suite>
      <test-suite type="TestFixture" id="0-1128" name="SpecIndexToParamUntil" fullname="Kaitai.SpecIndexToParamUntil" classname="Kaitai.SpecIndexToParamUntil" runstate="Runnable" testcasecount="1" result="Passed" start-time="2019-10-22 01:51:29Z" end-time="2019-10-22 01:51:29Z" duration="0.003883" total="1" passed="1" failed="0" inconclusive="0" skipped="0" asserts="7">
        <test-case id="0-1129" name="TestIndexToParamUntil" fullname="Kaitai.SpecIndexToParamUntil.TestIndexToParamUntil" methodname="TestIndexToParamUntil" classname="Kaitai.SpecIndexToParamUntil" runstate="Runnable" seed="1096479504" result="Passed" start-time="2019-10-22 01:51:29Z" end-time="2019-10-22 01:51:29Z" duration="0.001422" asserts="7" />
      </test-suite>
      <test-suite type="TestFixture" id="0-1130" name="SpecInstanceIoUser" fullname="Kaitai.SpecInstanceIoUser" classname="Kaitai.SpecInstanceIoUser" runstate="Runnable" testcasecount="1" result="Passed" start-time="2019-10-22 01:51:29Z" end-time="2019-10-22 01:51:29Z" duration="0.004198" total="1" passed="1" failed="0" inconclusive="0" skipped="0" asserts="4">
        <test-case id="0-1131" name="TestInstanceIoUser" fullname="Kaitai.SpecInstanceIoUser.TestInstanceIoUser" methodname="TestInstanceIoUser" classname="Kaitai.SpecInstanceIoUser" runstate="Runnable" seed="2055248872" result="Passed" start-time="2019-10-22 01:51:29Z" end-time="2019-10-22 01:51:29Z" duration="0.001724" asserts="4" />
      </test-suite>
      <test-suite type="TestFixture" id="0-1132" name="SpecInstanceStd" fullname="Kaitai.SpecInstanceStd" classname="Kaitai.SpecInstanceStd" runstate="Runnable" testcasecount="1" result="Passed" start-time="2019-10-22 01:51:29Z" end-time="2019-10-22 01:51:29Z" duration="0.002991" total="1" passed="1" failed="0" inconclusive="0" skipped="0" asserts="1">
        <test-case id="0-1133" name="TestInstanceStd" fullname="Kaitai.SpecInstanceStd.TestInstanceStd" methodname="TestInstanceStd" classname="Kaitai.SpecInstanceStd" runstate="Runnable" seed="89308055" result="Passed" start-time="2019-10-22 01:51:29Z" end-time="2019-10-22 01:51:29Z" duration="0.000518" asserts="1" />
      </test-suite>
      <test-suite type="TestFixture" id="0-1134" name="SpecInstanceStdArray" fullname="Kaitai.SpecInstanceStdArray" classname="Kaitai.SpecInstanceStdArray" runstate="Runnable" testcasecount="1" result="Passed" start-time="2019-10-22 01:51:29Z" end-time="2019-10-22 01:51:29Z" duration="0.003581" total="1" passed="1" failed="0" inconclusive="0" skipped="0" asserts="7">
        <test-case id="0-1135" name="TestInstanceStdArray" fullname="Kaitai.SpecInstanceStdArray.TestInstanceStdArray" methodname="TestInstanceStdArray" classname="Kaitai.SpecInstanceStdArray" runstate="Runnable" seed="2064942335" result="Passed" start-time="2019-10-22 01:51:29Z" end-time="2019-10-22 01:51:29Z" duration="0.001085" asserts="7" />
      </test-suite>
      <test-suite type="TestFixture" id="0-1136" name="SpecInstanceUserArray" fullname="Kaitai.SpecInstanceUserArray" classname="Kaitai.SpecInstanceUserArray" runstate="Runnable" testcasecount="1" result="Passed" start-time="2019-10-22 01:51:29Z" end-time="2019-10-22 01:51:29Z" duration="0.004179" total="1" passed="1" failed="0" inconclusive="0" skipped="0" asserts="10">
        <test-case id="0-1137" name="TestInstanceUserArray" fullname="Kaitai.SpecInstanceUserArray.TestInstanceUserArray" methodname="TestInstanceUserArray" classname="Kaitai.SpecInstanceUserArray" runstate="Runnable" seed="2140199970" result="Passed" start-time="2019-10-22 01:51:29Z" end-time="2019-10-22 01:51:29Z" duration="0.001705" asserts="10" />
      </test-suite>
      <test-suite type="TestFixture" id="0-1138" name="SpecIntegers" fullname="Kaitai.SpecIntegers" classname="Kaitai.SpecIntegers" runstate="Runnable" testcasecount="1" result="Passed" start-time="2019-10-22 01:51:29Z" end-time="2019-10-22 01:51:29Z" duration="0.003734" total="1" passed="1" failed="0" inconclusive="0" skipped="0" asserts="20">
        <test-case id="0-1139" name="TestIntegers" fullname="Kaitai.SpecIntegers.TestIntegers" methodname="TestIntegers" classname="Kaitai.SpecIntegers" runstate="Runnable" seed="1716674355" result="Passed" start-time="2019-10-22 01:51:29Z" end-time="2019-10-22 01:51:29Z" duration="0.001246" asserts="20" />
      </test-suite>
      <test-suite type="TestFixture" id="0-1140" name="SpecIoLocalVar" fullname="Kaitai.SpecIoLocalVar" classname="Kaitai.SpecIoLocalVar" runstate="Runnable" testcasecount="1" result="Passed" start-time="2019-10-22 01:51:29Z" end-time="2019-10-22 01:51:29Z" duration="0.003331" total="1" passed="1" failed="0" inconclusive="0" skipped="0" asserts="2">
        <test-case id="0-1141" name="TestIoLocalVar" fullname="Kaitai.SpecIoLocalVar.TestIoLocalVar" methodname="TestIoLocalVar" classname="Kaitai.SpecIoLocalVar" runstate="Runnable" seed="507096095" result="Passed" start-time="2019-10-22 01:51:29Z" end-time="2019-10-22 01:51:29Z" duration="0.000866" asserts="2" />
      </test-suite>
      <test-suite type="TestFixture" id="0-1142" name="SpecJsSignedRightShift" fullname="Kaitai.SpecJsSignedRightShift" classname="Kaitai.SpecJsSignedRightShift" runstate="Runnable" testcasecount="1" result="Passed" start-time="2019-10-22 01:51:29Z" end-time="2019-10-22 01:51:29Z" duration="0.002951" total="1" passed="1" failed="0" inconclusive="0" skipped="0" asserts="2">
        <test-case id="0-1143" name="TestJsSignedRightShift" fullname="Kaitai.SpecJsSignedRightShift.TestJsSignedRightShift" methodname="TestJsSignedRightShift" classname="Kaitai.SpecJsSignedRightShift" runstate="Runnable" seed="924293847" result="Passed" start-time="2019-10-22 01:51:29Z" end-time="2019-10-22 01:51:29Z" duration="0.000487" asserts="2" />
      </test-suite>
      <test-suite type="TestFixture" id="0-1144" name="SpecMetaTags" fullname="Kaitai.SpecMetaTags" classname="Kaitai.SpecMetaTags" runstate="Runnable" testcasecount="1" result="Passed" start-time="2019-10-22 01:51:29Z" end-time="2019-10-22 01:51:29Z" duration="0.002797" total="1" passed="1" failed="0" inconclusive="0" skipped="0" asserts="0">
        <test-case id="0-1145" name="TestMetaTags" fullname="Kaitai.SpecMetaTags.TestMetaTags" methodname="TestMetaTags" classname="Kaitai.SpecMetaTags" runstate="Runnable" seed="1709345978" result="Passed" start-time="2019-10-22 01:51:29Z" end-time="2019-10-22 01:51:29Z" duration="0.000328" asserts="0" />
      </test-suite>
      <test-suite type="TestFixture" id="0-1146" name="SpecMetaXref" fullname="Kaitai.SpecMetaXref" classname="Kaitai.SpecMetaXref" runstate="Runnable" testcasecount="1" result="Passed" start-time="2019-10-22 01:51:29Z" end-time="2019-10-22 01:51:29Z" duration="0.002780" total="1" passed="1" failed="0" inconclusive="0" skipped="0" asserts="0">
        <test-case id="0-1147" name="TestMetaXref" fullname="Kaitai.SpecMetaXref.TestMetaXref" methodname="TestMetaXref" classname="Kaitai.SpecMetaXref" runstate="Runnable" seed="1487266313" result="Passed" start-time="2019-10-22 01:51:29Z" end-time="2019-10-22 01:51:29Z" duration="0.000329" asserts="0" />
      </test-suite>
      <test-suite type="TestFixture" id="0-1148" name="SpecMultipleUse" fullname="Kaitai.SpecMultipleUse" classname="Kaitai.SpecMultipleUse" runstate="Runnable" testcasecount="1" result="Passed" start-time="2019-10-22 01:51:29Z" end-time="2019-10-22 01:51:29Z" duration="0.003409" total="1" passed="1" failed="0" inconclusive="0" skipped="0" asserts="2">
        <test-case id="0-1149" name="TestMultipleUse" fullname="Kaitai.SpecMultipleUse.TestMultipleUse" methodname="TestMultipleUse" classname="Kaitai.SpecMultipleUse" runstate="Runnable" seed="871750722" result="Passed" start-time="2019-10-22 01:51:29Z" end-time="2019-10-22 01:51:29Z" duration="0.000944" asserts="2" />
      </test-suite>
      <test-suite type="TestFixture" id="0-1150" name="SpecNavParent" fullname="Kaitai.SpecNavParent" classname="Kaitai.SpecNavParent" runstate="Runnable" testcasecount="1" result="Passed" start-time="2019-10-22 01:51:29Z" end-time="2019-10-22 01:51:29Z" duration="0.003919" total="1" passed="1" failed="0" inconclusive="0" skipped="0" asserts="5">
        <test-case id="0-1151" name="TestNavParent" fullname="Kaitai.SpecNavParent.TestNavParent" methodname="TestNavParent" classname="Kaitai.SpecNavParent" runstate="Runnable" seed="1862862087" result="Passed" start-time="2019-10-22 01:51:29Z" end-time="2019-10-22 01:51:29Z" duration="0.001455" asserts="5" />
      </test-suite>
      <test-suite type="TestFixture" id="0-1152" name="SpecNavParent2" fullname="Kaitai.SpecNavParent2" classname="Kaitai.SpecNavParent2" runstate="Runnable" testcasecount="1" result="Passed" start-time="2019-10-22 01:51:29Z" end-time="2019-10-22 01:51:29Z" duration="0.004435" total="1" passed="1" failed="0" inconclusive="0" skipped="0" asserts="10">
        <test-case id="0-1153" name="TestNavParent2" fullname="Kaitai.SpecNavParent2.TestNavParent2" methodname="TestNavParent2" classname="Kaitai.SpecNavParent2" runstate="Runnable" seed="1457462234" result="Passed" start-time="2019-10-22 01:51:29Z" end-time="2019-10-22 01:51:29Z" duration="0.001922" asserts="10" />
      </test-suite>
      <test-suite type="TestFixture" id="0-1154" name="SpecNavParent3" fullname="Kaitai.SpecNavParent3" classname="Kaitai.SpecNavParent3" runstate="Runnable" testcasecount="1" result="Passed" start-time="2019-10-22 01:51:29Z" end-time="2019-10-22 01:51:29Z" duration="0.004419" total="1" passed="1" failed="0" inconclusive="0" skipped="0" asserts="10">
        <test-case id="0-1155" name="TestNavParent3" fullname="Kaitai.SpecNavParent3.TestNavParent3" methodname="TestNavParent3" classname="Kaitai.SpecNavParent3" runstate="Runnable" seed="598410389" result="Passed" start-time="2019-10-22 01:51:29Z" end-time="2019-10-22 01:51:29Z" duration="0.001921" asserts="10" />
      </test-suite>
      <test-suite type="TestFixture" id="0-1156" name="SpecNavParentFalse" fullname="Kaitai.SpecNavParentFalse" classname="Kaitai.SpecNavParentFalse" runstate="Runnable" testcasecount="1" result="Passed" start-time="2019-10-22 01:51:29Z" end-time="2019-10-22 01:51:29Z" duration="0.003507" total="1" passed="1" failed="0" inconclusive="0" skipped="0" asserts="5">
        <test-case id="0-1157" name="TestNavParentFalse" fullname="Kaitai.SpecNavParentFalse.TestNavParentFalse" methodname="TestNavParentFalse" classname="Kaitai.SpecNavParentFalse" runstate="Runnable" seed="223644229" result="Passed" start-time="2019-10-22 01:51:29Z" end-time="2019-10-22 01:51:29Z" duration="0.001024" asserts="5" />
      </test-suite>
      <test-suite type="TestFixture" id="0-1158" name="SpecNavParentFalse2" fullname="Kaitai.SpecNavParentFalse2" classname="Kaitai.SpecNavParentFalse2" runstate="Runnable" testcasecount="1" result="Passed" start-time="2019-10-22 01:51:29Z" end-time="2019-10-22 01:51:29Z" duration="0.003019" total="1" passed="1" failed="0" inconclusive="0" skipped="0" asserts="1">
        <test-case id="0-1159" name="TestNavParentFalse2" fullname="Kaitai.SpecNavParentFalse2.TestNavParentFalse2" methodname="TestNavParentFalse2" classname="Kaitai.SpecNavParentFalse2" runstate="Runnable" seed="1221683197" result="Passed" start-time="2019-10-22 01:51:29Z" end-time="2019-10-22 01:51:29Z" duration="0.000544" asserts="1" />
      </test-suite>
      <test-suite type="TestFixture" id="0-1160" name="SpecNavParentOverride" fullname="Kaitai.SpecNavParentOverride" classname="Kaitai.SpecNavParentOverride" runstate="Runnable" testcasecount="1" result="Passed" start-time="2019-10-22 01:51:29Z" end-time="2019-10-22 01:51:29Z" duration="0.003303" total="1" passed="1" failed="0" inconclusive="0" skipped="0" asserts="3">
        <test-case id="0-1161" name="TestNavParentOverride" fullname="Kaitai.SpecNavParentOverride.TestNavParentOverride" methodname="TestNavParentOverride" classname="Kaitai.SpecNavParentOverride" runstate="Runnable" seed="35989250" result="Passed" start-time="2019-10-22 01:51:29Z" end-time="2019-10-22 01:51:29Z" duration="0.000822" asserts="3" />
      </test-suite>
      <test-suite type="TestFixture" id="0-1162" name="SpecNavParentSwitch" fullname="Kaitai.SpecNavParentSwitch" classname="Kaitai.SpecNavParentSwitch" runstate="Runnable" testcasecount="1" result="Passed" start-time="2019-10-22 01:51:29Z" end-time="2019-10-22 01:51:29Z" duration="0.003366" total="1" passed="1" failed="0" inconclusive="0" skipped="0" asserts="3">
        <test-case id="0-1163" name="TestNavParentSwitch" fullname="Kaitai.SpecNavParentSwitch.TestNavParentSwitch" methodname="TestNavParentSwitch" classname="Kaitai.SpecNavParentSwitch" runstate="Runnable" seed="775542950" result="Passed" start-time="2019-10-22 01:51:29Z" end-time="2019-10-22 01:51:29Z" duration="0.000867" asserts="3" />
      </test-suite>
      <test-suite type="TestFixture" id="0-1164" name="SpecNavParentVsValueInst" fullname="Kaitai.SpecNavParentVsValueInst" classname="Kaitai.SpecNavParentVsValueInst" runstate="Runnable" testcasecount="1" result="Passed" start-time="2019-10-22 01:51:29Z" end-time="2019-10-22 01:51:29Z" duration="0.003363" total="1" passed="1" failed="0" inconclusive="0" skipped="0" asserts="1">
        <test-case id="0-1165" name="TestNavParentVsValueInst" fullname="Kaitai.SpecNavParentVsValueInst.TestNavParentVsValueInst" methodname="TestNavParentVsValueInst" classname="Kaitai.SpecNavParentVsValueInst" runstate="Runnable" seed="2050017657" result="Passed" start-time="2019-10-22 01:51:29Z" end-time="2019-10-22 01:51:29Z" duration="0.000705" asserts="1" />
      </test-suite>
      <test-suite type="TestFixture" id="0-1166" name="SpecNavRoot" fullname="Kaitai.SpecNavRoot" classname="Kaitai.SpecNavRoot" runstate="Runnable" testcasecount="1" result="Passed" start-time="2019-10-22 01:51:29Z" end-time="2019-10-22 01:51:29Z" duration="0.003901" total="1" passed="1" failed="0" inconclusive="0" skipped="0" asserts="5">
        <test-case id="0-1167" name="TestNavRoot" fullname="Kaitai.SpecNavRoot.TestNavRoot" methodname="TestNavRoot" classname="Kaitai.SpecNavRoot" runstate="Runnable" seed="1236185947" result="Passed" start-time="2019-10-22 01:51:29Z" end-time="2019-10-22 01:51:29Z" duration="0.001456" asserts="5" />
      </test-suite>
      <test-suite type="TestFixture" id="0-1168" name="SpecNestedSameName" fullname="Kaitai.SpecNestedSameName" classname="Kaitai.SpecNestedSameName" runstate="Runnable" testcasecount="1" result="Passed" start-time="2019-10-22 01:51:29Z" end-time="2019-10-22 01:51:29Z" duration="0.003251" total="1" passed="1" failed="0" inconclusive="0" skipped="0" asserts="2">
        <test-case id="0-1169" name="TestNestedSameName" fullname="Kaitai.SpecNestedSameName.TestNestedSameName" methodname="TestNestedSameName" classname="Kaitai.SpecNestedSameName" runstate="Runnable" seed="1950146501" result="Passed" start-time="2019-10-22 01:51:29Z" end-time="2019-10-22 01:51:29Z" duration="0.000796" asserts="2" />
      </test-suite>
      <test-suite type="TestFixture" id="0-1170" name="SpecNestedSameName2" fullname="Kaitai.SpecNestedSameName2" classname="Kaitai.SpecNestedSameName2" runstate="Runnable" testcasecount="1" result="Passed" start-time="2019-10-22 01:51:29Z" end-time="2019-10-22 01:51:29Z" duration="0.003552" total="1" passed="1" failed="0" inconclusive="0" skipped="0" asserts="5">
        <test-case id="0-1171" name="TestNestedSameName2" fullname="Kaitai.SpecNestedSameName2.TestNestedSameName2" methodname="TestNestedSameName2" classname="Kaitai.SpecNestedSameName2" runstate="Runnable" seed="122752193" result="Passed" start-time="2019-10-22 01:51:29Z" end-time="2019-10-22 01:51:29Z" duration="0.001094" asserts="5" />
      </test-suite>
      <test-suite type="TestFixture" id="0-1172" name="SpecNestedTypes" fullname="Kaitai.SpecNestedTypes" classname="Kaitai.SpecNestedTypes" runstate="Runnable" testcasecount="1" result="Passed" start-time="2019-10-22 01:51:29Z" end-time="2019-10-22 01:51:29Z" duration="0.003281" total="1" passed="1" failed="0" inconclusive="0" skipped="0" asserts="3">
        <test-case id="0-1173" name="TestNestedTypes" fullname="Kaitai.SpecNestedTypes.TestNestedTypes" methodname="TestNestedTypes" classname="Kaitai.SpecNestedTypes" runstate="Runnable" seed="2081564862" result="Passed" start-time="2019-10-22 01:51:29Z" end-time="2019-10-22 01:51:29Z" duration="0.000822" asserts="3" />
      </test-suite>
      <test-suite type="TestFixture" id="0-1174" name="SpecNestedTypes2" fullname="Kaitai.SpecNestedTypes2" classname="Kaitai.SpecNestedTypes2" runstate="Runnable" testcasecount="1" result="Passed" start-time="2019-10-22 01:51:29Z" end-time="2019-10-22 01:51:29Z" duration="0.003688" total="1" passed="1" failed="0" inconclusive="0" skipped="0" asserts="7">
        <test-case id="0-1175" name="TestNestedTypes2" fullname="Kaitai.SpecNestedTypes2.TestNestedTypes2" methodname="TestNestedTypes2" classname="Kaitai.SpecNestedTypes2" runstate="Runnable" seed="467490394" result="Passed" start-time="2019-10-22 01:51:29Z" end-time="2019-10-22 01:51:29Z" duration="0.001227" asserts="7" />
      </test-suite>
      <test-suite type="TestFixture" id="0-1176" name="SpecNestedTypes3" fullname="Kaitai.SpecNestedTypes3" classname="Kaitai.SpecNestedTypes3" runstate="Runnable" testcasecount="1" result="Passed" start-time="2019-10-22 01:51:29Z" end-time="2019-10-22 01:51:29Z" duration="0.003372" total="1" passed="1" failed="0" inconclusive="0" skipped="0" asserts="5">
        <test-case id="0-1177" name="TestNestedTypes3" fullname="Kaitai.SpecNestedTypes3.TestNestedTypes3" methodname="TestNestedTypes3" classname="Kaitai.SpecNestedTypes3" runstate="Runnable" seed="57316241" result="Passed" start-time="2019-10-22 01:51:29Z" end-time="2019-10-22 01:51:29Z" duration="0.000903" asserts="5" />
      </test-suite>
      <test-suite type="TestFixture" id="0-1178" name="SpecNonStandard" fullname="Kaitai.SpecNonStandard" classname="Kaitai.SpecNonStandard" runstate="Runnable" testcasecount="1" result="Passed" start-time="2019-10-22 01:51:29Z" end-time="2019-10-22 01:51:29Z" duration="0.002957" total="1" passed="1" failed="0" inconclusive="0" skipped="0" asserts="1">
        <test-case id="0-1179" name="TestNonStandard" fullname="Kaitai.SpecNonStandard.TestNonStandard" methodname="TestNonStandard" classname="Kaitai.SpecNonStandard" runstate="Runnable" seed="710935444" result="Passed" start-time="2019-10-22 01:51:29Z" end-time="2019-10-22 01:51:29Z" duration="0.000490" asserts="1" />
      </test-suite>
      <test-suite type="TestFixture" id="0-1180" name="SpecOpaqueExternalType" fullname="Kaitai.SpecOpaqueExternalType" classname="Kaitai.SpecOpaqueExternalType" runstate="Runnable" testcasecount="1" result="Passed" start-time="2019-10-22 01:51:29Z" end-time="2019-10-22 01:51:29Z" duration="0.003163" total="1" passed="1" failed="0" inconclusive="0" skipped="0" asserts="3">
        <test-case id="0-1181" name="TestOpaqueExternalType" fullname="Kaitai.SpecOpaqueExternalType.TestOpaqueExternalType" methodname="TestOpaqueExternalType" classname="Kaitai.SpecOpaqueExternalType" runstate="Runnable" seed="1703546210" result="Passed" start-time="2019-10-22 01:51:29Z" end-time="2019-10-22 01:51:29Z" duration="0.000699" asserts="3" />
      </test-suite>
      <test-suite type="TestFixture" id="0-1182" name="SpecOpaqueExternalType02Parent" fullname="Kaitai.SpecOpaqueExternalType02Parent" classname="Kaitai.SpecOpaqueExternalType02Parent" runstate="Runnable" testcasecount="1" result="Passed" start-time="2019-10-22 01:51:29Z" end-time="2019-10-22 01:51:29Z" duration="0.003417" total="1" passed="1" failed="0" inconclusive="0" skipped="0" asserts="3">
        <test-case id="0-1183" name="TestOpaqueExternalType02Parent" fullname="Kaitai.SpecOpaqueExternalType02Parent.TestOpaqueExternalType02Parent" methodname="TestOpaqueExternalType02Parent" classname="Kaitai.SpecOpaqueExternalType02Parent" runstate="Runnable" seed="904583538" result="Passed" start-time="2019-10-22 01:51:29Z" end-time="2019-10-22 01:51:29Z" duration="0.000933" asserts="3" />
      </test-suite>
      <test-suite type="TestFixture" id="0-1184" name="SpecOpaqueWithParam" fullname="Kaitai.SpecOpaqueWithParam" classname="Kaitai.SpecOpaqueWithParam" runstate="Runnable" testcasecount="1" result="Passed" start-time="2019-10-22 01:51:29Z" end-time="2019-10-22 01:51:29Z" duration="0.003183" total="1" passed="1" failed="0" inconclusive="0" skipped="0" asserts="2">
        <test-case id="0-1185" name="TestOpaqueWithParam" fullname="Kaitai.SpecOpaqueWithParam.TestOpaqueWithParam" methodname="TestOpaqueWithParam" classname="Kaitai.SpecOpaqueWithParam" runstate="Runnable" seed="1365664362" result="Passed" start-time="2019-10-22 01:51:29Z" end-time="2019-10-22 01:51:29Z" duration="0.000728" asserts="2" />
      </test-suite>
      <test-suite type="TestFixture" id="0-1186" name="SpecOptionalId" fullname="Kaitai.SpecOptionalId" classname="Kaitai.SpecOptionalId" runstate="Runnable" testcasecount="1" result="Passed" start-time="2019-10-22 01:51:29Z" end-time="2019-10-22 01:51:29Z" duration="0.002998" total="1" passed="1" failed="0" inconclusive="0" skipped="0" asserts="3">
        <test-case id="0-1187" name="TestOptionalId" fullname="Kaitai.SpecOptionalId.TestOptionalId" methodname="TestOptionalId" classname="Kaitai.SpecOptionalId" runstate="Runnable" seed="1809605807" result="Passed" start-time="2019-10-22 01:51:29Z" end-time="2019-10-22 01:51:29Z" duration="0.000539" asserts="3" />
      </test-suite>
      <test-suite type="TestFixture" id="0-1188" name="SpecParamsCallShort" fullname="Kaitai.SpecParamsCallShort" classname="Kaitai.SpecParamsCallShort" runstate="Runnable" testcasecount="1" result="Passed" start-time="2019-10-22 01:51:29Z" end-time="2019-10-22 01:51:29Z" duration="0.003378" total="1" passed="1" failed="0" inconclusive="0" skipped="0" asserts="3">
        <test-case id="0-1189" name="TestParamsCallShort" fullname="Kaitai.SpecParamsCallShort.TestParamsCallShort" methodname="TestParamsCallShort" classname="Kaitai.SpecParamsCallShort" runstate="Runnable" seed="1480972843" result="Passed" start-time="2019-10-22 01:51:29Z" end-time="2019-10-22 01:51:29Z" duration="0.000900" asserts="3" />
      </test-suite>
      <test-suite type="TestFixture" id="0-1190" name="SpecParamsDef" fullname="Kaitai.SpecParamsDef" classname="Kaitai.SpecParamsDef" runstate="Runnable" testcasecount="1" result="Passed" start-time="2019-10-22 01:51:29Z" end-time="2019-10-22 01:51:29Z" duration="0.002778" total="1" passed="1" failed="0" inconclusive="0" skipped="0" asserts="2">
        <test-case id="0-1191" name="TestParamsDef" fullname="Kaitai.SpecParamsDef.TestParamsDef" methodname="TestParamsDef" classname="Kaitai.SpecParamsDef" runstate="Runnable" seed="1946693103" result="Passed" start-time="2019-10-22 01:51:29Z" end-time="2019-10-22 01:51:29Z" duration="0.000312" asserts="2" />
      </test-suite>
      <test-suite type="TestFixture" id="0-1192" name="SpecParamsEnum" fullname="Kaitai.SpecParamsEnum" classname="Kaitai.SpecParamsEnum" runstate="Runnable" testcasecount="1" result="Passed" start-time="2019-10-22 01:51:29Z" end-time="2019-10-22 01:51:29Z" duration="0.003192" total="1" passed="1" failed="0" inconclusive="0" skipped="0" asserts="2">
        <test-case id="0-1193" name="TestParamsEnum" fullname="Kaitai.SpecParamsEnum.TestParamsEnum" methodname="TestParamsEnum" classname="Kaitai.SpecParamsEnum" runstate="Runnable" seed="2079052587" result="Passed" start-time="2019-10-22 01:51:29Z" end-time="2019-10-22 01:51:29Z" duration="0.000723" asserts="2" />
      </test-suite>
      <test-suite type="TestFixture" id="0-1194" name="SpecParamsPassUsertype" fullname="Kaitai.SpecParamsPassUsertype" classname="Kaitai.SpecParamsPassUsertype" runstate="Runnable" testcasecount="1" result="Passed" start-time="2019-10-22 01:51:29Z" end-time="2019-10-22 01:51:29Z" duration="0.003231" total="1" passed="1" failed="0" inconclusive="0" skipped="0" asserts="2">
        <test-case id="0-1195" name="TestParamsPassUsertype" fullname="Kaitai.SpecParamsPassUsertype.TestParamsPassUsertype" methodname="TestParamsPassUsertype" classname="Kaitai.SpecParamsPassUsertype" runstate="Runnable" seed="461949562" result="Passed" start-time="2019-10-22 01:51:29Z" end-time="2019-10-22 01:51:29Z" duration="0.000747" asserts="2" />
      </test-suite>
      <test-suite type="TestFixture" id="0-1196" name="SpecPositionAbs" fullname="Kaitai.SpecPositionAbs" classname="Kaitai.SpecPositionAbs" runstate="Runnable" testcasecount="1" result="Passed" start-time="2019-10-22 01:51:29Z" end-time="2019-10-22 01:51:29Z" duration="0.003191" total="1" passed="1" failed="0" inconclusive="0" skipped="0" asserts="2">
        <test-case id="0-1197" name="TestPositionAbs" fullname="Kaitai.SpecPositionAbs.TestPositionAbs" methodname="TestPositionAbs" classname="Kaitai.SpecPositionAbs" runstate="Runnable" seed="1699334711" result="Passed" start-time="2019-10-22 01:51:29Z" end-time="2019-10-22 01:51:29Z" duration="0.000721" asserts="2" />
      </test-suite>
      <test-suite type="TestFixture" id="0-1198" name="SpecPositionInSeq" fullname="Kaitai.SpecPositionInSeq" classname="Kaitai.SpecPositionInSeq" runstate="Runnable" testcasecount="1" result="Passed" start-time="2019-10-22 01:51:29Z" end-time="2019-10-22 01:51:29Z" duration="0.004064" total="1" passed="1" failed="0" inconclusive="0" skipped="0" asserts="1">
        <test-case id="0-1199" name="TestPositionInSeq" fullname="Kaitai.SpecPositionInSeq.TestPositionInSeq" methodname="TestPositionInSeq" classname="Kaitai.SpecPositionInSeq" runstate="Runnable" seed="2139963642" result="Passed" start-time="2019-10-22 01:51:29Z" end-time="2019-10-22 01:51:29Z" duration="0.001572" asserts="1" />
      </test-suite>
      <test-suite type="TestFixture" id="0-1200" name="SpecPositionToEnd" fullname="Kaitai.SpecPositionToEnd" classname="Kaitai.SpecPositionToEnd" runstate="Runnable" testcasecount="1" result="Passed" start-time="2019-10-22 01:51:29Z" end-time="2019-10-22 01:51:29Z" duration="0.003160" total="1" passed="1" failed="0" inconclusive="0" skipped="0" asserts="2">
        <test-case id="0-1201" name="TestPositionToEnd" fullname="Kaitai.SpecPositionToEnd.TestPositionToEnd" methodname="TestPositionToEnd" classname="Kaitai.SpecPositionToEnd" runstate="Runnable" seed="1174147887" result="Passed" start-time="2019-10-22 01:51:29Z" end-time="2019-10-22 01:51:29Z" duration="0.000687" asserts="2" />
      </test-suite>
      <test-suite type="TestFixture" id="0-1202" name="SpecProcessCoerceBytes" fullname="Kaitai.SpecProcessCoerceBytes" classname="Kaitai.SpecProcessCoerceBytes" runstate="Runnable" testcasecount="1" result="Passed" start-time="2019-10-22 01:51:29Z" end-time="2019-10-22 01:51:29Z" duration="0.003937" total="1" passed="1" failed="0" inconclusive="0" skipped="0" asserts="4">
        <test-case id="0-1203" name="TestProcessCoerceBytes" fullname="Kaitai.SpecProcessCoerceBytes.TestProcessCoerceBytes" methodname="TestProcessCoerceBytes" classname="Kaitai.SpecProcessCoerceBytes" runstate="Runnable" seed="258584172" result="Passed" start-time="2019-10-22 01:51:29Z" end-time="2019-10-22 01:51:29Z" duration="0.001467" asserts="4" />
      </test-suite>
      <test-suite type="TestFixture" id="0-1204" name="SpecProcessCoerceSwitch" fullname="Kaitai.SpecProcessCoerceSwitch" classname="Kaitai.SpecProcessCoerceSwitch" runstate="Runnable" testcasecount="1" result="Passed" start-time="2019-10-22 01:51:29Z" end-time="2019-10-22 01:51:29Z" duration="0.003419" total="1" passed="1" failed="0" inconclusive="0" skipped="0" asserts="3">
        <test-case id="0-1205" name="TestProcessCoerceSwitch" fullname="Kaitai.SpecProcessCoerceSwitch.TestProcessCoerceSwitch" methodname="TestProcessCoerceSwitch" classname="Kaitai.SpecProcessCoerceSwitch" runstate="Runnable" seed="1357736730" result="Passed" start-time="2019-10-22 01:51:29Z" end-time="2019-10-22 01:51:29Z" duration="0.000948" asserts="3" />
      </test-suite>
      <test-suite type="TestFixture" id="0-1206" name="SpecProcessCoerceUsertype1" fullname="Kaitai.SpecProcessCoerceUsertype1" classname="Kaitai.SpecProcessCoerceUsertype1" runstate="Runnable" testcasecount="1" result="Passed" start-time="2019-10-22 01:51:29Z" end-time="2019-10-22 01:51:29Z" duration="0.004019" total="1" passed="1" failed="0" inconclusive="0" skipped="0" asserts="4">
        <test-case id="0-1207" name="TestProcessCoerceUsertype1" fullname="Kaitai.SpecProcessCoerceUsertype1.TestProcessCoerceUsertype1" methodname="TestProcessCoerceUsertype1" classname="Kaitai.SpecProcessCoerceUsertype1" runstate="Runnable" seed="1205594165" result="Passed" start-time="2019-10-22 01:51:29Z" end-time="2019-10-22 01:51:29Z" duration="0.001540" asserts="4" />
      </test-suite>
      <test-suite type="TestFixture" id="0-1208" name="SpecProcessCoerceUsertype2" fullname="Kaitai.SpecProcessCoerceUsertype2" classname="Kaitai.SpecProcessCoerceUsertype2" runstate="Runnable" testcasecount="1" result="Passed" start-time="2019-10-22 01:51:29Z" end-time="2019-10-22 01:51:29Z" duration="0.003954" total="1" passed="1" failed="0" inconclusive="0" skipped="0" asserts="4">
        <test-case id="0-1209" name="TestProcessCoerceUsertype2" fullname="Kaitai.SpecProcessCoerceUsertype2.TestProcessCoerceUsertype2" methodname="TestProcessCoerceUsertype2" classname="Kaitai.SpecProcessCoerceUsertype2" runstate="Runnable" seed="1506176720" result="Passed" start-time="2019-10-22 01:51:29Z" end-time="2019-10-22 01:51:29Z" duration="0.001472" asserts="4" />
      </test-suite>
      <test-suite type="TestFixture" id="0-1210" name="SpecProcessCustom" fullname="Kaitai.SpecProcessCustom" classname="Kaitai.SpecProcessCustom" runstate="Runnable" testcasecount="1" result="Passed" start-time="2019-10-22 01:51:29Z" end-time="2019-10-22 01:51:29Z" duration="0.003394" total="1" passed="1" failed="0" inconclusive="0" skipped="0" asserts="3">
        <test-case id="0-1211" name="TestProcessCustom" fullname="Kaitai.SpecProcessCustom.TestProcessCustom" methodname="TestProcessCustom" classname="Kaitai.SpecProcessCustom" runstate="Runnable" seed="700047491" result="Passed" start-time="2019-10-22 01:51:29Z" end-time="2019-10-22 01:51:29Z" duration="0.000913" asserts="3" />
      </test-suite>
      <test-suite type="TestFixture" id="0-1212" name="SpecProcessRotate" fullname="Kaitai.SpecProcessRotate" classname="Kaitai.SpecProcessRotate" runstate="Runnable" testcasecount="1" result="Passed" start-time="2019-10-22 01:51:29Z" end-time="2019-10-22 01:51:29Z" duration="0.003310" total="1" passed="1" failed="0" inconclusive="0" skipped="0" asserts="3">
        <test-case id="0-1213" name="TestProcessRotate" fullname="Kaitai.SpecProcessRotate.TestProcessRotate" methodname="TestProcessRotate" classname="Kaitai.SpecProcessRotate" runstate="Runnable" seed="1233679096" result="Passed" start-time="2019-10-22 01:51:29Z" end-time="2019-10-22 01:51:29Z" duration="0.000785" asserts="3" />
      </test-suite>
      <test-suite type="TestFixture" id="0-1214" name="SpecProcessToUser" fullname="Kaitai.SpecProcessToUser" classname="Kaitai.SpecProcessToUser" runstate="Runnable" testcasecount="1" result="Passed" start-time="2019-10-22 01:51:29Z" end-time="2019-10-22 01:51:29Z" duration="0.003123" total="1" passed="1" failed="0" inconclusive="0" skipped="0" asserts="1">
        <test-case id="0-1215" name="TestProcessToUser" fullname="Kaitai.SpecProcessToUser.TestProcessToUser" methodname="TestProcessToUser" classname="Kaitai.SpecProcessToUser" runstate="Runnable" seed="1580263337" result="Passed" start-time="2019-10-22 01:51:29Z" end-time="2019-10-22 01:51:29Z" duration="0.000611" asserts="1" />
      </test-suite>
      <test-suite type="TestFixture" id="0-1216" name="SpecProcessXor4Const" fullname="Kaitai.SpecProcessXor4Const" classname="Kaitai.SpecProcessXor4Const" runstate="Runnable" testcasecount="1" result="Passed" start-time="2019-10-22 01:51:29Z" end-time="2019-10-22 01:51:29Z" duration="0.003103" total="1" passed="1" failed="0" inconclusive="0" skipped="0" asserts="2">
[...]
        <test-case id="0-1249" name="TestStrEos" fullname="Kaitai.SpecStrEos.TestStrEos" methodname="TestStrEos" classname="Kaitai.SpecStrEos" runstate="Runnable" seed="2117934797" result="Passed" start-time="2019-10-22 01:51:29Z" end-time="2019-10-22 01:51:29Z" duration="0.000433" asserts="1" />
      </test-suite>
      <test-suite type="TestFixture" id="0-1250" name="SpecStrLiterals" fullname="Kaitai.SpecStrLiterals" classname="Kaitai.SpecStrLiterals" runstate="Runnable" testcasecount="1" result="Passed" start-time="2019-10-22 01:51:29Z" end-time="2019-10-22 01:51:29Z" duration="0.005959" total="1" passed="1" failed="0" inconclusive="0" skipped="0" asserts="5">
        <test-case id="0-1251" name="TestStrLiterals" fullname="Kaitai.SpecStrLiterals.TestStrLiterals" methodname="TestStrLiterals" classname="Kaitai.SpecStrLiterals" runstate="Runnable" seed="164368747" result="Passed" start-time="2019-10-22 01:51:29Z" end-time="2019-10-22 01:51:29Z" duration="0.003468" asserts="5" />
      </test-suite>
      <test-suite type="TestFixture" id="0-1252" name="SpecStrLiterals2" fullname="Kaitai.SpecStrLiterals2" classname="Kaitai.SpecStrLiterals2" runstate="Runnable" testcasecount="1" result="Passed" start-time="2019-10-22 01:51:29Z" end-time="2019-10-22 01:51:29Z" duration="0.003058" total="1" passed="1" failed="0" inconclusive="0" skipped="0" asserts="4">
        <test-case id="0-1253" name="TestStrLiterals2" fullname="Kaitai.SpecStrLiterals2.TestStrLiterals2" methodname="TestStrLiterals2" classname="Kaitai.SpecStrLiterals2" runstate="Runnable" seed="450890224" result="Passed" start-time="2019-10-22 01:51:29Z" end-time="2019-10-22 01:51:29Z" duration="0.000587" asserts="4" />
      </test-suite>
      <test-suite type="TestFixture" id="0-1254" name="SpecStrPadTerm" fullname="Kaitai.SpecStrPadTerm" classname="Kaitai.SpecStrPadTerm" runstate="Runnable" testcasecount="1" result="Passed" start-time="2019-10-22 01:51:29Z" end-time="2019-10-22 01:51:29Z" duration="0.003102" total="1" passed="1" failed="0" inconclusive="0" skipped="0" asserts="4">
        <test-case id="0-1255" name="TestStrPadTerm" fullname="Kaitai.SpecStrPadTerm.TestStrPadTerm" methodname="TestStrPadTerm" classname="Kaitai.SpecStrPadTerm" runstate="Runnable" seed="1784004062" result="Passed" start-time="2019-10-22 01:51:29Z" end-time="2019-10-22 01:51:29Z" duration="0.000634" asserts="4" />
      </test-suite>
      <test-suite type="TestFixture" id="0-1256" name="SpecStrPadTermEmpty" fullname="Kaitai.SpecStrPadTermEmpty" classname="Kaitai.SpecStrPadTermEmpty" runstate="Runnable" testcasecount="1" result="Passed" start-time="2019-10-22 01:51:29Z" end-time="2019-10-22 01:51:29Z" duration="0.003058" total="1" passed="1" failed="0" inconclusive="0" skipped="0" asserts="4">
        <test-case id="0-1257" name="TestStrPadTermEmpty" fullname="Kaitai.SpecStrPadTermEmpty.TestStrPadTermEmpty" methodname="TestStrPadTermEmpty" classname="Kaitai.SpecStrPadTermEmpty" runstate="Runnable" seed="1397887160" result="Passed" start-time="2019-10-22 01:51:29Z" end-time="2019-10-22 01:51:29Z" duration="0.000567" asserts="4" />
      </test-suite>
      <test-suite type="TestFixture" id="0-1258" name="SpecSwitchBytearray" fullname="Kaitai.SpecSwitchBytearray" classname="Kaitai.SpecSwitchBytearray" runstate="Runnable" testcasecount="1" result="Passed" start-time="2019-10-22 01:51:29Z" end-time="2019-10-22 01:51:29Z" duration="0.004592" total="1" passed="1" failed="0" inconclusive="0" skipped="0" asserts="9">
        <test-case id="0-1259" name="TestSwitchBytearray" fullname="Kaitai.SpecSwitchBytearray.TestSwitchBytearray" methodname="TestSwitchBytearray" classname="Kaitai.SpecSwitchBytearray" runstate="Runnable" seed="1795030287" result="Passed" start-time="2019-10-22 01:51:29Z" end-time="2019-10-22 01:51:29Z" duration="0.002125" asserts="9" />
      </test-suite>
      <test-suite type="TestFixture" id="0-1260" name="SpecSwitchCast" fullname="Kaitai.SpecSwitchCast" classname="Kaitai.SpecSwitchCast" runstate="Runnable" testcasecount="1" result="Passed" start-time="2019-10-22 01:51:29Z" end-time="2019-10-22 01:51:29Z" duration="0.004397" total="1" passed="1" failed="0" inconclusive="0" skipped="0" asserts="3">
        <test-case id="0-1261" name="TestSwitchCast" fullname="Kaitai.SpecSwitchCast.TestSwitchCast" methodname="TestSwitchCast" classname="Kaitai.SpecSwitchCast" runstate="Runnable" seed="941587565" result="Passed" start-time="2019-10-22 01:51:29Z" end-time="2019-10-22 01:51:29Z" duration="0.001900" asserts="3" />
      </test-suite>
      <test-suite type="TestFixture" id="0-1262" name="SpecSwitchIntegers" fullname="Kaitai.SpecSwitchIntegers" classname="Kaitai.SpecSwitchIntegers" runstate="Runnable" testcasecount="1" result="Passed" start-time="2019-10-22 01:51:29Z" end-time="2019-10-22 01:51:29Z" duration="0.004190" total="1" passed="1" failed="0" inconclusive="0" skipped="0" asserts="9">
        <test-case id="0-1263" name="TestSwitchIntegers" fullname="Kaitai.SpecSwitchIntegers.TestSwitchIntegers" methodname="TestSwitchIntegers" classname="Kaitai.SpecSwitchIntegers" runstate="Runnable" seed="1194942296" result="Passed" start-time="2019-10-22 01:51:29Z" end-time="2019-10-22 01:51:29Z" duration="0.001724" asserts="9" />
      </test-suite>
      <test-suite type="TestFixture" id="0-1264" name="SpecSwitchIntegers2" fullname="Kaitai.SpecSwitchIntegers2" classname="Kaitai.SpecSwitchIntegers2" runstate="Runnable" testcasecount="1" result="Passed" start-time="2019-10-22 01:51:29Z" end-time="2019-10-22 01:51:29Z" duration="0.003464" total="1" passed="1" failed="0" inconclusive="0" skipped="0" asserts="5">
        <test-case id="0-1265" name="TestSwitchIntegers2" fullname="Kaitai.SpecSwitchIntegers2.TestSwitchIntegers2" methodname="TestSwitchIntegers2" classname="Kaitai.SpecSwitchIntegers2" runstate="Runnable" seed="103973908" result="Passed" start-time="2019-10-22 01:51:29Z" end-time="2019-10-22 01:51:29Z" duration="0.001001" asserts="5" />
      </test-suite>
      <test-suite type="TestFixture" id="0-1266" name="SpecSwitchManualEnum" fullname="Kaitai.SpecSwitchManualEnum" classname="Kaitai.SpecSwitchManualEnum" runstate="Runnable" testcasecount="1" result="Passed" start-time="2019-10-22 01:51:29Z" end-time="2019-10-22 01:51:29Z" duration="0.004574" total="1" passed="1" failed="0" inconclusive="0" skipped="0" asserts="9">
        <test-case id="0-1267" name="TestSwitchManualEnum" fullname="Kaitai.SpecSwitchManualEnum.TestSwitchManualEnum" methodname="TestSwitchManualEnum" classname="Kaitai.SpecSwitchManualEnum" runstate="Runnable" seed="803293158" result="Passed" start-time="2019-10-22 01:51:29Z" end-time="2019-10-22 01:51:29Z" duration="0.002089" asserts="9" />
      </test-suite>
      <test-suite type="TestFixture" id="0-1268" name="SpecSwitchManualInt" fullname="Kaitai.SpecSwitchManualInt" classname="Kaitai.SpecSwitchManualInt" runstate="Runnable" testcasecount="1" result="Passed" start-time="2019-10-22 01:51:29Z" end-time="2019-10-22 01:51:29Z" duration="0.004455" total="1" passed="1" failed="0" inconclusive="0" skipped="0" asserts="9">
        <test-case id="0-1269" name="TestSwitchManualInt" fullname="Kaitai.SpecSwitchManualInt.TestSwitchManualInt" methodname="TestSwitchManualInt" classname="Kaitai.SpecSwitchManualInt" runstate="Runnable" seed="428641091" result="Passed" start-time="2019-10-22 01:51:29Z" end-time="2019-10-22 01:51:29Z" duration="0.001979" asserts="9" />
      </test-suite>
      <test-suite type="TestFixture" id="0-1270" name="SpecSwitchManualIntElse" fullname="Kaitai.SpecSwitchManualIntElse" classname="Kaitai.SpecSwitchManualIntElse" runstate="Runnable" testcasecount="1" result="Passed" start-time="2019-10-22 01:51:29Z" end-time="2019-10-22 01:51:29Z" duration="0.004434" total="1" passed="1" failed="0" inconclusive="0" skipped="0" asserts="9">
        <test-case id="0-1271" name="TestSwitchManualIntElse" fullname="Kaitai.SpecSwitchManualIntElse.TestSwitchManualIntElse" methodname="TestSwitchManualIntElse" classname="Kaitai.SpecSwitchManualIntElse" runstate="Runnable" seed="1877811079" result="Passed" start-time="2019-10-22 01:51:29Z" end-time="2019-10-22 01:51:29Z" duration="0.001940" asserts="9" />
      </test-suite>
      <test-suite type="TestFixture" id="0-1272" name="SpecSwitchManualIntSize" fullname="Kaitai.SpecSwitchManualIntSize" classname="Kaitai.SpecSwitchManualIntSize" runstate="Runnable" testcasecount="1" result="Passed" start-time="2019-10-22 01:51:29Z" end-time="2019-10-22 01:51:29Z" duration="0.004650" total="1" passed="1" failed="0" inconclusive="0" skipped="0" asserts="10">
        <test-case id="0-1273" name="TestSwitchManualIntSize" fullname="Kaitai.SpecSwitchManualIntSize.TestSwitchManualIntSize" methodname="TestSwitchManualIntSize" classname="Kaitai.SpecSwitchManualIntSize" runstate="Runnable" seed="173351199" result="Passed" start-time="2019-10-22 01:51:29Z" end-time="2019-10-22 01:51:29Z" duration="0.002160" asserts="10" />
      </test-suite>
      <test-suite type="TestFixture" id="0-1274" name="SpecSwitchManualIntSizeElse" fullname="Kaitai.SpecSwitchManualIntSizeElse" classname="Kaitai.SpecSwitchManualIntSizeElse" runstate="Runnable" testcasecount="1" result="Passed" start-time="2019-10-22 01:51:29Z" end-time="2019-10-22 01:51:29Z" duration="0.004760" total="1" passed="1" failed="0" inconclusive="0" skipped="0" asserts="10">
        <test-case id="0-1275" name="TestSwitchManualIntSizeElse" fullname="Kaitai.SpecSwitchManualIntSizeElse.TestSwitchManualIntSizeElse" methodname="TestSwitchManualIntSizeElse" classname="Kaitai.SpecSwitchManualIntSizeElse" runstate="Runnable" seed="1870250401" result="Passed" start-time="2019-10-22 01:51:29Z" end-time="2019-10-22 01:51:29Z" duration="0.002296" asserts="10" />
      </test-suite>
      <test-suite type="TestFixture" id="0-1276" name="SpecSwitchManualIntSizeEos" fullname="Kaitai.SpecSwitchManualIntSizeEos" classname="Kaitai.SpecSwitchManualIntSizeEos" runstate="Runnable" testcasecount="1" result="Passed" start-time="2019-10-22 01:51:29Z" end-time="2019-10-22 01:51:29Z" duration="0.004716" total="1" passed="1" failed="0" inconclusive="0" skipped="0" asserts="10">
        <test-case id="0-1277" name="TestSwitchManualIntSizeEos" fullname="Kaitai.SpecSwitchManualIntSizeEos.TestSwitchManualIntSizeEos" methodname="TestSwitchManualIntSizeEos" classname="Kaitai.SpecSwitchManualIntSizeEos" runstate="Runnable" seed="1675128423" result="Passed" start-time="2019-10-22 01:51:29Z" end-time="2019-10-22 01:51:29Z" duration="0.002232" asserts="10" />
      </test-suite>
      <test-suite type="TestFixture" id="0-1278" name="SpecSwitchManualStr" fullname="Kaitai.SpecSwitchManualStr" classname="Kaitai.SpecSwitchManualStr" runstate="Runnable" testcasecount="1" result="Passed" start-time="2019-10-22 01:51:29Z" end-time="2019-10-22 01:51:29Z" duration="0.004241" total="1" passed="1" failed="0" inconclusive="0" skipped="0" asserts="9">
        <test-case id="0-1279" name="TestSwitchManualStr" fullname="Kaitai.SpecSwitchManualStr.TestSwitchManualStr" methodname="TestSwitchManualStr" classname="Kaitai.SpecSwitchManualStr" runstate="Runnable" seed="1054823702" result="Passed" start-time="2019-10-22 01:51:29Z" end-time="2019-10-22 01:51:29Z" duration="0.001767" asserts="9" />
      </test-suite>
      <test-suite type="TestFixture" id="0-1280" name="SpecSwitchManualStrElse" fullname="Kaitai.SpecSwitchManualStrElse" classname="Kaitai.SpecSwitchManualStrElse" runstate="Runnable" testcasecount="1" result="Passed" start-time="2019-10-22 01:51:29Z" end-time="2019-10-22 01:51:29Z" duration="0.004410" total="1" passed="1" failed="0" inconclusive="0" skipped="0" asserts="9">
        <test-case id="0-1281" name="TestSwitchManualStrElse" fullname="Kaitai.SpecSwitchManualStrElse.TestSwitchManualStrElse" methodname="TestSwitchManualStrElse" classname="Kaitai.SpecSwitchManualStrElse" runstate="Runnable" seed="1631346516" result="Passed" start-time="2019-10-22 01:51:29Z" end-time="2019-10-22 01:51:29Z" duration="0.001929" asserts="9" />
      </test-suite>
      <test-suite type="TestFixture" id="0-1282" name="SpecSwitchMultiBoolOps" fullname="Kaitai.SpecSwitchMultiBoolOps" classname="Kaitai.SpecSwitchMultiBoolOps" runstate="Runnable" testcasecount="1" result="Passed" start-time="2019-10-22 01:51:29Z" end-time="2019-10-22 01:51:29Z" duration="0.004894" total="1" passed="1" failed="0" inconclusive="0" skipped="0" asserts="9">
        <test-case id="0-1283" name="TestSwitchMultiBoolOps" fullname="Kaitai.SpecSwitchMultiBoolOps.TestSwitchMultiBoolOps" methodname="TestSwitchMultiBoolOps" classname="Kaitai.SpecSwitchMultiBoolOps" runstate="Runnable" seed="1435761230" result="Passed" start-time="2019-10-22 01:51:29Z" end-time="2019-10-22 01:51:29Z" duration="0.001543" asserts="9" />
      </test-suite>
      <test-suite type="TestFixture" id="0-1284" name="SpecSwitchRepeatExpr" fullname="Kaitai.SpecSwitchRepeatExpr" classname="Kaitai.SpecSwitchRepeatExpr" runstate="Runnable" testcasecount="1" result="Passed" start-time="2019-10-22 01:51:29Z" end-time="2019-10-22 01:51:29Z" duration="0.004276" total="1" passed="1" failed="0" inconclusive="0" skipped="0" asserts="3">
        <test-case id="0-1285" name="TestSwitchRepeatExpr" fullname="Kaitai.SpecSwitchRepeatExpr.TestSwitchRepeatExpr" methodname="TestSwitchRepeatExpr" classname="Kaitai.SpecSwitchRepeatExpr" runstate="Runnable" seed="786869708" result="Passed" start-time="2019-10-22 01:51:29Z" end-time="2019-10-22 01:51:29Z" duration="0.001792" asserts="3" />
      </test-suite>
      <test-suite type="TestFixture" id="0-1286" name="SpecTermBytes" fullname="Kaitai.SpecTermBytes" classname="Kaitai.SpecTermBytes" runstate="Runnable" testcasecount="1" result="Passed" start-time="2019-10-22 01:51:29Z" end-time="2019-10-22 01:51:29Z" duration="0.003114" total="1" passed="1" failed="0" inconclusive="0" skipped="0" asserts="3">
        <test-case id="0-1287" name="TestTermBytes" fullname="Kaitai.SpecTermBytes.TestTermBytes" methodname="TestTermBytes" classname="Kaitai.SpecTermBytes" runstate="Runnable" seed="1055756860" result="Passed" start-time="2019-10-22 01:51:29Z" end-time="2019-10-22 01:51:29Z" duration="0.000601" asserts="3" />
      </test-suite>
      <test-suite type="TestFixture" id="0-1288" name="SpecTermStrz" fullname="Kaitai.SpecTermStrz" classname="Kaitai.SpecTermStrz" runstate="Runnable" testcasecount="1" result="Passed" start-time="2019-10-22 01:51:29Z" end-time="2019-10-22 01:51:29Z" duration="0.002894" total="1" passed="1" failed="0" inconclusive="0" skipped="0" asserts="3">
        <test-case id="0-1289" name="TestTermStrz" fullname="Kaitai.SpecTermStrz.TestTermStrz" methodname="TestTermStrz" classname="Kaitai.SpecTermStrz" runstate="Runnable" seed="322457242" result="Passed" start-time="2019-10-22 01:51:29Z" end-time="2019-10-22 01:51:29Z" duration="0.000376" asserts="3" />
      </test-suite>
      <test-suite type="TestFixture" id="0-1290" name="SpecTsPacketHeader" fullname="Kaitai.SpecTsPacketHeader" classname="Kaitai.SpecTsPacketHeader" runstate="Runnable" testcasecount="1" result="Passed" start-time="2019-10-22 01:51:29Z" end-time="2019-10-22 01:51:29Z" duration="0.003365" total="1" passed="1" failed="0" inconclusive="0" skipped="0" asserts="7">
        <test-case id="0-1291" name="TestTsPacketHeader" fullname="Kaitai.SpecTsPacketHeader.TestTsPacketHeader" methodname="TestTsPacketHeader" classname="Kaitai.SpecTsPacketHeader" runstate="Runnable" seed="312204771" result="Passed" start-time="2019-10-22 01:51:29Z" end-time="2019-10-22 01:51:29Z" duration="0.000861" asserts="7" />
      </test-suite>
      <test-suite type="TestFixture" id="0-1292" name="SpecTypeIntUnaryOp" fullname="Kaitai.SpecTypeIntUnaryOp" classname="Kaitai.SpecTypeIntUnaryOp" runstate="Runnable" testcasecount="1" result="Passed" start-time="2019-10-22 01:51:29Z" end-time="2019-10-22 01:51:29Z" duration="0.003234" total="1" passed="1" failed="0" inconclusive="0" skipped="0" asserts="4">
        <test-case id="0-1293" name="TestTypeIntUnaryOp" fullname="Kaitai.SpecTypeIntUnaryOp.TestTypeIntUnaryOp" methodname="TestTypeIntUnaryOp" classname="Kaitai.SpecTypeIntUnaryOp" runstate="Runnable" seed="1437515674" result="Passed" start-time="2019-10-22 01:51:29Z" end-time="2019-10-22 01:51:29Z" duration="0.000697" asserts="4" />
      </test-suite>
      <test-suite type="TestFixture" id="0-1294" name="SpecTypeTernary" fullname="Kaitai.SpecTypeTernary" classname="Kaitai.SpecTypeTernary" runstate="Runnable" testcasecount="1" result="Passed" start-time="2019-10-22 01:51:29Z" end-time="2019-10-22 01:51:29Z" duration="0.003304" total="1" passed="1" failed="0" inconclusive="0" skipped="0" asserts="1">
        <test-case id="0-1295" name="TestTypeTernary" fullname="Kaitai.SpecTypeTernary.TestTypeTernary" methodname="TestTypeTernary" classname="Kaitai.SpecTypeTernary" runstate="Runnable" seed="1063540436" result="Passed" start-time="2019-10-22 01:51:29Z" end-time="2019-10-22 01:51:29Z" duration="0.000824" asserts="1" />
      </test-suite>
      <test-suite type="TestFixture" id="0-1296" name="SpecTypeTernaryOpaque" fullname="Kaitai.SpecTypeTernaryOpaque" classname="Kaitai.SpecTypeTernaryOpaque" runstate="Runnable" testcasecount="1" result="Passed" start-time="2019-10-22 01:51:29Z" end-time="2019-10-22 01:51:29Z" duration="0.003247" total="1" passed="1" failed="0" inconclusive="0" skipped="0" asserts="3">
        <test-case id="0-1297" name="TestTypeTernaryOpaque" fullname="Kaitai.SpecTypeTernaryOpaque.TestTypeTernaryOpaque" methodname="TestTypeTernaryOpaque" classname="Kaitai.SpecTypeTernaryOpaque" runstate="Runnable" seed="1495829626" result="Passed" start-time="2019-10-22 01:51:29Z" end-time="2019-10-22 01:51:29Z" duration="0.000756" asserts="3" />
      </test-suite>
      <test-suite type="TestFixture" id="0-1298" name="SpecUserType" fullname="Kaitai.SpecUserType" classname="Kaitai.SpecUserType" runstate="Runnable" testcasecount="1" result="Passed" start-time="2019-10-22 01:51:29Z" end-time="2019-10-22 01:51:29Z" duration="0.003162" total="1" passed="1" failed="0" inconclusive="0" skipped="0" asserts="2">
        <test-case id="0-1299" name="TestUserType" fullname="Kaitai.SpecUserType.TestUserType" methodname="TestUserType" classname="Kaitai.SpecUserType" runstate="Runnable" seed="761817827" result="Passed" start-time="2019-10-22 01:51:29Z" end-time="2019-10-22 01:51:29Z" duration="0.000667" asserts="2" />
      </test-suite>
      <test-suite type="TestFixture" id="0-1300" name="SpecValidShort" fullname="Kaitai.SpecValidShort" classname="Kaitai.SpecValidShort" runstate="Runnable" testcasecount="1" result="Passed" start-time="2019-10-22 01:51:29Z" end-time="2019-10-22 01:51:29Z" duration="0.003251" total="1" passed="1" failed="0" inconclusive="0" skipped="0" asserts="0">
        <test-case id="0-1301" name="TestValidShort" fullname="Kaitai.SpecValidShort.TestValidShort" methodname="TestValidShort" classname="Kaitai.SpecValidShort" runstate="Runnable" seed="241503266" result="Passed" start-time="2019-10-22 01:51:29Z" end-time="2019-10-22 01:51:29Z" duration="0.000739" asserts="0" />
      </test-suite>
      <test-suite type="TestFixture" id="0-1302" name="SpecZlibWithHeader78" fullname="Kaitai.SpecZlibWithHeader78" classname="Kaitai.SpecZlibWithHeader78" runstate="Runnable" testcasecount="1" result="Passed" start-time="2019-10-22 01:51:29Z" end-time="2019-10-22 01:51:29Z" duration="0.007475" total="1" passed="1" failed="0" inconclusive="0" skipped="0" asserts="1">
        <test-case id="0-1303" name="TestZlibWithHeader78" fullname="Kaitai.SpecZlibWithHeader78.TestZlibWithHeader78" methodname="TestZlibWithHeader78" classname="Kaitai.SpecZlibWithHeader78" runstate="Runnable" seed="1659564145" result="Passed" start-time="2019-10-22 01:51:29Z" end-time="2019-10-22 01:51:29Z" duration="0.004980" asserts="1" />
      </test-suite>
    </test-suite>
  </test-suite>
</test-run>