<?xml version="1.0" encoding="utf-8" standalone="no"?>
<test-run id="0" runstate="Runnable" testcasecount="257" result="Failed" total="257" passed="256" failed="1" warnings="0" inconclusive="0" skipped="0" asserts="1173" engine-version="3.19.0.0" clr-version="4.0.30319.42000" start-time="2026-03-19 22:54:43Z" end-time="2026-03-19 22:54:44Z" duration="1.665206">
  <command-line><![CDATA[C:\Users\runneradmin\.nuget\packages\nunit.consolerunner\3.19.0\tools\nunit3-console.exe --result=test_out/csharp/TestResult.xml spec/csharp/kaitai_struct_csharp_tests_netframework/bin/Debug/kaitai_struct_csharp_tests.dll]]></command-line>
  <test-suite type="Assembly" id="1-1514" name="kaitai_struct_csharp_tests.dll" fullname="D:\a\ci_targets\ci_targets\tests\spec\csharp\kaitai_struct_csharp_tests_netframework\bin\Debug\kaitai_struct_csharp_tests.dll" runstate="Runnable" testcasecount="257" result="Failed" site="Child" start-time="2026-03-19T22:54:43.9919612Z" end-time="2026-03-19T22:54:44.6153669Z" duration="0.621389" total="257" passed="256" failed="1" warnings="0" inconclusive="0" skipped="0" asserts="1173">
    <environment framework-version="3.14.0.0" clr-version="4.0.30319.42000" os-version="Microsoft Windows NT 10.0.26100.0" platform="Win32NT" cwd="D:\a\ci_targets\ci_targets\tests" machine-name="runnervmkjq7x" user="runneradmin" user-domain="runnervmkjq7x" culture="en-US" uiculture="en-US" os-architecture="x64" />
    <settings>
      <setting name="DisposeRunners" value="True" />
      <setting name="WorkDirectory" value="D:\a\ci_targets\ci_targets\tests" />
      <setting name="ImageRuntimeVersion" value="4.0.30319" />
      <setting name="ImageTargetFrameworkName" value=".NETFramework,Version=v4.8" />
      <setting name="ImageRequiresX86" value="False" />
      <setting name="ImageRequiresDefaultAppDomainAssemblyResolver" value="False" />
      <setting name="TargetRuntimeFramework" value="net-4.8" />
      <setting name="NumberOfTestWorkers" value="4" />
    </settings>
    <properties>
      <property name="_PID" value="4592" />
      <property name="_APPDOMAIN" value="domain-" />
    </properties>
    <failure>
      <message><![CDATA[One or more child tests had errors]]></message>
    </failure>
    <test-suite type="TestSuite" id="1-1515" name="Kaitai" fullname="Kaitai" runstate="Runnable" testcasecount="257" result="Failed" site="Child" start-time="2026-03-19T22:54:44.0086300Z" end-time="2026-03-19T22:54:44.6153669Z" duration="0.606383" total="257" passed="256" failed="1" warnings="0" inconclusive="0" skipped="0" asserts="1173">
      <failure>
        <message><![CDATA[One or more child tests had errors]]></message>
      </failure>
      <test-suite type="TestFixture" id="1-1000" name="SpecBcdUserTypeBe" fullname="Kaitai.SpecBcdUserTypeBe" classname="Kaitai.SpecBcdUserTypeBe" runstate="Runnable" testcasecount="1" result="Passed" start-time="2026-03-19T22:54:44.0116555Z" end-time="2026-03-19T22:54:44.1226807Z" duration="0.111721" total="1" passed="1" failed="0" warnings="0" inconclusive="0" skipped="0" asserts="6">
        <test-case id="1-1001" name="TestBcdUserTypeBe" fullname="Kaitai.SpecBcdUserTypeBe.TestBcdUserTypeBe" methodname="TestBcdUserTypeBe" classname="Kaitai.SpecBcdUserTypeBe" runstate="Runnable" seed="1066116150" result="Passed" start-time="2026-03-19T22:54:44.0156955Z" end-time="2026-03-19T22:54:44.1197220Z" duration="0.104268" asserts="6" />
      </test-suite>
      <test-suite type="TestFixture" id="1-1002" name="SpecBcdUserTypeLe" fullname="Kaitai.SpecBcdUserTypeLe" classname="Kaitai.SpecBcdUserTypeLe" runstate="Runnable" testcasecount="1" result="Passed" start-time="2026-03-19T22:54:44.1247033Z" end-time="2026-03-19T22:54:44.1287501Z" duration="0.004436" total="1" passed="1" failed="0" warnings="0" inconclusive="0" skipped="0" asserts="6">
        <test-case id="1-1003" name="TestBcdUserTypeLe" fullname="Kaitai.SpecBcdUserTypeLe.TestBcdUserTypeLe" methodname="TestBcdUserTypeLe" classname="Kaitai.SpecBcdUserTypeLe" runstate="Runnable" seed="1299777460" result="Passed" start-time="2026-03-19T22:54:44.1247033Z" end-time="2026-03-19T22:54:44.1287501Z" duration="0.004269" asserts="6" />
      </test-suite>
      <test-suite type="TestFixture" id="1-1004" name="SpecBitsByteAligned" fullname="Kaitai.SpecBitsByteAligned" classname="Kaitai.SpecBitsByteAligned" runstate="Runnable" testcasecount="1" result="Passed" start-time="2026-03-19T22:54:44.1287501Z" end-time="2026-03-19T22:54:44.1426590Z" duration="0.013241" total="1" passed="1" failed="0" warnings="0" inconclusive="0" skipped="0" asserts="12">
        <test-case id="1-1005" name="TestBitsByteAligned" fullname="Kaitai.SpecBitsByteAligned.TestBitsByteAligned" methodname="TestBitsByteAligned" classname="Kaitai.SpecBitsByteAligned" runstate="Runnable" seed="998202904" result="Passed" start-time="2026-03-19T22:54:44.1287501Z" end-time="2026-03-19T22:54:44.1426590Z" duration="0.013101" asserts="12" />
      </test-suite>
      <test-suite type="TestFixture" id="1-1006" name="SpecBitsEnum" fullname="Kaitai.SpecBitsEnum" classname="Kaitai.SpecBitsEnum" runstate="Runnable" testcasecount="1" result="Passed" start-time="2026-03-19T22:54:44.1426590Z" end-time="2026-03-19T22:54:44.1446902Z" duration="0.000928" total="1" passed="1" failed="0" warnings="0" inconclusive="0" skipped="0" asserts="3">
        <test-case id="1-1007" name="TestBitsEnum" fullname="Kaitai.SpecBitsEnum.TestBitsEnum" methodname="TestBitsEnum" classname="Kaitai.SpecBitsEnum" runstate="Runnable" seed="1965427436" result="Passed" start-time="2026-03-19T22:54:44.1426590Z" end-time="2026-03-19T22:54:44.1446902Z" duration="0.000811" asserts="3" />
      </test-suite>
      <test-suite type="TestFixture" id="1-1008" name="SpecBitsSeqEndianCombo" fullname="Kaitai.SpecBitsSeqEndianCombo" classname="Kaitai.SpecBitsSeqEndianCombo" runstate="Runnable" testcasecount="1" result="Passed" start-time="2026-03-19T22:54:44.1446902Z" end-time="2026-03-19T22:54:44.1446902Z" duration="0.001690" total="1" passed="1" failed="0" warnings="0" inconclusive="0" skipped="0" asserts="8">
        <test-case id="1-1009" name="TestBitsSeqEndianCombo" fullname="Kaitai.SpecBitsSeqEndianCombo.TestBitsSeqEndianCombo" methodname="TestBitsSeqEndianCombo" classname="Kaitai.SpecBitsSeqEndianCombo" runstate="Runnable" seed="68742243" result="Passed" start-time="2026-03-19T22:54:44.1446902Z" end-time="2026-03-19T22:54:44.1446902Z" duration="0.001558" asserts="8" />
      </test-suite>
      <test-suite type="TestFixture" id="1-1010" name="SpecBitsShiftByB32Le" fullname="Kaitai.SpecBitsShiftByB32Le" classname="Kaitai.SpecBitsShiftByB32Le" runstate="Runnable" testcasecount="1" result="Passed" start-time="2026-03-19T22:54:44.1446902Z" end-time="2026-03-19T22:54:44.1467118Z" duration="0.000956" total="1" passed="1" failed="0" warnings="0" inconclusive="0" skipped="0" asserts="2">
        <test-case id="1-1011" name="TestBitsShiftByB32Le" fullname="Kaitai.SpecBitsShiftByB32Le.TestBitsShiftByB32Le" methodname="TestBitsShiftByB32Le" classname="Kaitai.SpecBitsShiftByB32Le" runstate="Runnable" seed="1125856257" result="Passed" start-time="2026-03-19T22:54:44.1446902Z" end-time="2026-03-19T22:54:44.1467118Z" duration="0.000818" asserts="2" />
      </test-suite>
      <test-suite type="TestFixture" id="1-1012" name="SpecBitsShiftByB64Le" fullname="Kaitai.SpecBitsShiftByB64Le" classname="Kaitai.SpecBitsShiftByB64Le" runstate="Runnable" testcasecount="1" result="Passed" start-time="2026-03-19T22:54:44.1467118Z" end-time="2026-03-19T22:54:44.1467118Z" duration="0.000679" total="1" passed="1" failed="0" warnings="0" inconclusive="0" skipped="0" asserts="2">
        <test-case id="1-1013" name="TestBitsShiftByB64Le" fullname="Kaitai.SpecBitsShiftByB64Le.TestBitsShiftByB64Le" methodname="TestBitsShiftByB64Le" classname="Kaitai.SpecBitsShiftByB64Le" runstate="Runnable" seed="1112806938" result="Passed" start-time="2026-03-19T22:54:44.1467118Z" end-time="2026-03-19T22:54:44.1467118Z" duration="0.000553" asserts="2" />
      </test-suite>
      <test-suite type="TestFixture" id="1-1014" name="SpecBitsSignedResB32Be" fullname="Kaitai.SpecBitsSignedResB32Be" classname="Kaitai.SpecBitsSignedResB32Be" runstate="Runnable" testcasecount="1" result="Passed" start-time="2026-03-19T22:54:44.1467118Z" end-time="2026-03-19T22:54:44.1467118Z" duration="0.000494" total="1" passed="1" failed="0" warnings="0" inconclusive="0" skipped="0" asserts="1">
        <test-case id="1-1015" name="TestBitsSignedResB32Be" fullname="Kaitai.SpecBitsSignedResB32Be.TestBitsSignedResB32Be" methodname="TestBitsSignedResB32Be" classname="Kaitai.SpecBitsSignedResB32Be" runstate="Runnable" seed="263281471" result="Passed" start-time="2026-03-19T22:54:44.1467118Z" end-time="2026-03-19T22:54:44.1467118Z" duration="0.000392" asserts="1" />
      </test-suite>
      <test-suite type="TestFixture" id="1-1016" name="SpecBitsSignedResB32Le" fullname="Kaitai.SpecBitsSignedResB32Le" classname="Kaitai.SpecBitsSignedResB32Le" runstate="Runnable" testcasecount="1" result="Passed" start-time="2026-03-19T22:54:44.1467118Z" end-time="2026-03-19T22:54:44.1487332Z" duration="0.000721" total="1" passed="1" failed="0" warnings="0" inconclusive="0" skipped="0" asserts="1">
        <test-case id="1-1017" name="TestBitsSignedResB32Le" fullname="Kaitai.SpecBitsSignedResB32Le.TestBitsSignedResB32Le" methodname="TestBitsSignedResB32Le" classname="Kaitai.SpecBitsSignedResB32Le" runstate="Runnable" seed="250515396" result="Passed" start-time="2026-03-19T22:54:44.1487332Z" end-time="2026-03-19T22:54:44.1487332Z" duration="0.000568" asserts="1" />
      </test-suite>
      <test-suite type="TestFixture" id="1-1018" name="SpecBitsSignedShiftB32Le" fullname="Kaitai.SpecBitsSignedShiftB32Le" classname="Kaitai.SpecBitsSignedShiftB32Le" runstate="Runnable" testcasecount="1" result="Passed" start-time="2026-03-19T22:54:44.1487332Z" end-time="2026-03-19T22:54:44.1487332Z" duration="0.000613" total="1" passed="1" failed="0" warnings="0" inconclusive="0" skipped="0" asserts="2">
        <test-case id="1-1019" name="TestBitsSignedShiftB32Le" fullname="Kaitai.SpecBitsSignedShiftB32Le.TestBitsSignedShiftB32Le" methodname="TestBitsSignedShiftB32Le" classname="Kaitai.SpecBitsSignedShiftB32Le" runstate="Runnable" seed="892040313" result="Passed" start-time="2026-03-19T22:54:44.1487332Z" end-time="2026-03-19T22:54:44.1487332Z" duration="0.000475" asserts="2" />
      </test-suite>
      <test-suite type="TestFixture" id="1-1020" name="SpecBitsSignedShiftB64Le" fullname="Kaitai.SpecBitsSignedShiftB64Le" classname="Kaitai.SpecBitsSignedShiftB64Le" runstate="Runnable" testcasecount="1" result="Passed" start-time="2026-03-19T22:54:44.1487332Z" end-time="2026-03-19T22:54:44.1487332Z" duration="0.000578" total="1" passed="1" failed="0" warnings="0" inconclusive="0" skipped="0" asserts="2">
        <test-case id="1-1021" name="TestBitsSignedShiftB64Le" fullname="Kaitai.SpecBitsSignedShiftB64Le.TestBitsSignedShiftB64Le" methodname="TestBitsSignedShiftB64Le" classname="Kaitai.SpecBitsSignedShiftB64Le" runstate="Runnable" seed="2142519662" result="Passed" start-time="2026-03-19T22:54:44.1487332Z" end-time="2026-03-19T22:54:44.1487332Z" duration="0.000484" asserts="2" />
      </test-suite>
      <test-suite type="TestFixture" id="1-1022" name="SpecBitsSimple" fullname="Kaitai.SpecBitsSimple" classname="Kaitai.SpecBitsSimple" runstate="Runnable" testcasecount="1" result="Passed" start-time="2026-03-19T22:54:44.1487332Z" end-time="2026-03-19T22:54:44.1530639Z" duration="0.002616" total="1" passed="1" failed="0" warnings="0" inconclusive="0" skipped="0" asserts="14">
        <test-case id="1-1023" name="TestBitsSimple" fullname="Kaitai.SpecBitsSimple.TestBitsSimple" methodname="TestBitsSimple" classname="Kaitai.SpecBitsSimple" runstate="Runnable" seed="810660934" result="Passed" start-time="2026-03-19T22:54:44.1487332Z" end-time="2026-03-19T22:54:44.1530639Z" duration="0.002509" asserts="14" />
      </test-suite>
      <test-suite type="TestFixture" id="1-1024" name="SpecBitsSimpleLe" fullname="Kaitai.SpecBitsSimpleLe" classname="Kaitai.SpecBitsSimpleLe" runstate="Runnable" testcasecount="1" result="Passed" start-time="2026-03-19T22:54:44.1530639Z" end-time="2026-03-19T22:54:44.1550846Z" duration="0.001871" total="1" passed="1" failed="0" warnings="0" inconclusive="0" skipped="0" asserts="14">
        <test-case id="1-1025" name="TestBitsSimpleLe" fullname="Kaitai.SpecBitsSimpleLe.TestBitsSimpleLe" methodname="TestBitsSimpleLe" classname="Kaitai.SpecBitsSimpleLe" runstate="Runnable" seed="1428937659" result="Passed" start-time="2026-03-19T22:54:44.1530639Z" end-time="2026-03-19T22:54:44.1545686Z" duration="0.001731" asserts="14" />
      </test-suite>
      <test-suite type="TestFixture" id="1-1026" name="SpecBitsUnalignedB32Be" fullname="Kaitai.SpecBitsUnalignedB32Be" classname="Kaitai.SpecBitsUnalignedB32Be" runstate="Runnable" testcasecount="1" result="Passed" start-time="2026-03-19T22:54:44.1550846Z" end-time="2026-03-19T22:54:44.1550846Z" duration="0.000700" total="1" passed="1" failed="0" warnings="0" inconclusive="0" skipped="0" asserts="3">
        <test-case id="1-1027" name="TestBitsUnalignedB32Be" fullname="Kaitai.SpecBitsUnalignedB32Be.TestBitsUnalignedB32Be" methodname="TestBitsUnalignedB32Be" classname="Kaitai.SpecBitsUnalignedB32Be" runstate="Runnable" seed="1668353162" result="Passed" start-time="2026-03-19T22:54:44.1550846Z" end-time="2026-03-19T22:54:44.1550846Z" duration="0.000601" asserts="3" />
      </test-suite>
      <test-suite type="TestFixture" id="1-1028" name="SpecBitsUnalignedB32Le" fullname="Kaitai.SpecBitsUnalignedB32Le" classname="Kaitai.SpecBitsUnalignedB32Le" runstate="Runnable" testcasecount="1" result="Passed" start-time="2026-03-19T22:54:44.1550846Z" end-time="2026-03-19T22:54:44.1565941Z" duration="0.000759" total="1" passed="1" failed="0" warnings="0" inconclusive="0" skipped="0" asserts="3">
        <test-case id="1-1029" name="TestBitsUnalignedB32Le" fullname="Kaitai.SpecBitsUnalignedB32Le.TestBitsUnalignedB32Le" methodname="TestBitsUnalignedB32Le" classname="Kaitai.SpecBitsUnalignedB32Le" runstate="Runnable" seed="565965519" result="Passed" start-time="2026-03-19T22:54:44.1550846Z" end-time="2026-03-19T22:54:44.1550846Z" duration="0.000660" asserts="3" />
      </test-suite>
      <test-suite type="TestFixture" id="1-1030" name="SpecBitsUnalignedB64Be" fullname="Kaitai.SpecBitsUnalignedB64Be" classname="Kaitai.SpecBitsUnalignedB64Be" runstate="Runnable" testcasecount="1" result="Passed" start-time="2026-03-19T22:54:44.1565941Z" end-time="2026-03-19T22:54:44.1571100Z" duration="0.000876" total="1" passed="1" failed="0" warnings="0" inconclusive="0" skipped="0" asserts="3">
        <test-case id="1-1031" name="TestBitsUnalignedB64Be" fullname="Kaitai.SpecBitsUnalignedB64Be.TestBitsUnalignedB64Be" methodname="TestBitsUnalignedB64Be" classname="Kaitai.SpecBitsUnalignedB64Be" runstate="Runnable" seed="1240791813" result="Passed" start-time="2026-03-19T22:54:44.1565941Z" end-time="2026-03-19T22:54:44.1571100Z" duration="0.000745" asserts="3" />
      </test-suite>
      <test-suite type="TestFixture" id="1-1032" name="SpecBitsUnalignedB64Le" fullname="Kaitai.SpecBitsUnalignedB64Le" classname="Kaitai.SpecBitsUnalignedB64Le" runstate="Runnable" testcasecount="1" result="Passed" start-time="2026-03-19T22:54:44.1571100Z" end-time="2026-03-19T22:54:44.1571100Z" duration="0.000770" total="1" passed="1" failed="0" warnings="0" inconclusive="0" skipped="0" asserts="3">
        <test-case id="1-1033" name="TestBitsUnalignedB64Le" fullname="Kaitai.SpecBitsUnalignedB64Le.TestBitsUnalignedB64Le" methodname="TestBitsUnalignedB64Le" classname="Kaitai.SpecBitsUnalignedB64Le" runstate="Runnable" seed="1597702225" result="Passed" start-time="2026-03-19T22:54:44.1571100Z" end-time="2026-03-19T22:54:44.1571100Z" duration="0.000677" asserts="3" />
      </test-suite>
      <test-suite type="TestFixture" id="1-1034" name="SpecBufferedStruct" fullname="Kaitai.SpecBufferedStruct" classname="Kaitai.SpecBufferedStruct" runstate="Runnable" testcasecount="1" result="Passed" start-time="2026-03-19T22:54:44.1571100Z" end-time="2026-03-19T22:54:44.1606508Z" duration="0.002443" total="1" passed="1" failed="0" warnings="0" inconclusive="0" skipped="0" asserts="7">
        <test-case id="1-1035" name="TestBufferedStruct" fullname="Kaitai.SpecBufferedStruct.TestBufferedStruct" methodname="TestBufferedStruct" classname="Kaitai.SpecBufferedStruct" runstate="Runnable" seed="984089838" result="Passed" start-time="2026-03-19T22:54:44.1571100Z" end-time="2026-03-19T22:54:44.1606508Z" duration="0.002339" asserts="7" />
      </test-suite>
      <test-suite type="TestFixture" id="1-1036" name="SpecBytesPadTerm" fullname="Kaitai.SpecBytesPadTerm" classname="Kaitai.SpecBytesPadTerm" runstate="Runnable" testcasecount="1" result="Passed" start-time="2026-03-19T22:54:44.1606508Z" end-time="2026-03-19T22:54:44.1651874Z" duration="0.005832" total="1" passed="1" failed="0" warnings="0" inconclusive="0" skipped="0" asserts="4">
        <test-case id="1-1037" name="TestBytesPadTerm" fullname="Kaitai.SpecBytesPadTerm.TestBytesPadTerm" methodname="TestBytesPadTerm" classname="Kaitai.SpecBytesPadTerm" runstate="Runnable" seed="1188068934" result="Passed" start-time="2026-03-19T22:54:44.1606508Z" end-time="2026-03-19T22:54:44.1651874Z" duration="0.005710" asserts="4" />
      </test-suite>
      <test-suite type="TestFixture" id="1-1038" name="SpecCastNested" fullname="Kaitai.SpecCastNested" classname="Kaitai.SpecCastNested" runstate="Runnable" testcasecount="1" result="Passed" start-time="2026-03-19T22:54:44.1651874Z" end-time="2026-03-19T22:54:44.1685590Z" duration="0.002116" total="1" passed="1" failed="0" warnings="0" inconclusive="0" skipped="0" asserts="4">
        <test-case id="1-1039" name="TestCastNested" fullname="Kaitai.SpecCastNested.TestCastNested" methodname="TestCastNested" classname="Kaitai.SpecCastNested" runstate="Runnable" seed="1481784933" result="Passed" start-time="2026-03-19T22:54:44.1651874Z" end-time="2026-03-19T22:54:44.1685590Z" duration="0.002011" asserts="4" />
      </test-suite>
      <test-suite type="TestFixture" id="1-1040" name="SpecCastToTop" fullname="Kaitai.SpecCastToTop" classname="Kaitai.SpecCastToTop" runstate="Runnable" testcasecount="1" result="Passed" start-time="2026-03-19T22:54:44.1685590Z" end-time="2026-03-19T22:54:44.1685590Z" duration="0.000948" total="1" passed="1" failed="0" warnings="0" inconclusive="0" skipped="0" asserts="3">
        <test-case id="1-1041" name="TestCastToTop" fullname="Kaitai.SpecCastToTop.TestCastToTop" methodname="TestCastToTop" classname="Kaitai.SpecCastToTop" runstate="Runnable" seed="1312498283" result="Passed" start-time="2026-03-19T22:54:44.1685590Z" end-time="2026-03-19T22:54:44.1685590Z" duration="0.000846" asserts="3" />
      </test-suite>
      <test-suite type="TestFixture" id="1-1042" name="SpecCombineBool" fullname="Kaitai.SpecCombineBool" classname="Kaitai.SpecCombineBool" runstate="Runnable" testcasecount="1" result="Passed" start-time="2026-03-19T22:54:44.1685590Z" end-time="2026-03-19T22:54:44.1685590Z" duration="0.000709" total="1" passed="1" failed="0" warnings="0" inconclusive="0" skipped="0" asserts="2">
        <test-case id="1-1043" name="TestCombineBool" fullname="Kaitai.SpecCombineBool.TestCombineBool" methodname="TestCombineBool" classname="Kaitai.SpecCombineBool" runstate="Runnable" seed="356395635" result="Passed" start-time="2026-03-19T22:54:44.1685590Z" end-time="2026-03-19T22:54:44.1685590Z" duration="0.000614" asserts="2" />
      </test-suite>
      <test-suite type="TestFixture" id="1-1044" name="SpecCombineBytes" fullname="Kaitai.SpecCombineBytes" classname="Kaitai.SpecCombineBytes" runstate="Runnable" testcasecount="1" result="Passed" start-time="2026-03-19T22:54:44.1685590Z" end-time="2026-03-19T22:54:44.1705011Z" duration="0.001584" total="1" passed="1" failed="0" warnings="0" inconclusive="0" skipped="0" asserts="10">
        <test-case id="1-1045" name="TestCombineBytes" fullname="Kaitai.SpecCombineBytes.TestCombineBytes" methodname="TestCombineBytes" classname="Kaitai.SpecCombineBytes" runstate="Runnable" seed="583098070" result="Passed" start-time="2026-03-19T22:54:44.1705011Z" end-time="2026-03-19T22:54:44.1705011Z" duration="0.001479" asserts="10" />
      </test-suite>
      <test-suite type="TestFixture" id="1-1046" name="SpecCombineEnum" fullname="Kaitai.SpecCombineEnum" classname="Kaitai.SpecCombineEnum" runstate="Runnable" testcasecount="1" result="Passed" start-time="2026-03-19T22:54:44.1705011Z" end-time="2026-03-19T22:54:44.1725227Z" duration="0.000851" total="1" passed="1" failed="0" warnings="0" inconclusive="0" skipped="0" asserts="3">
        <test-case id="1-1047" name="TestCombineEnum" fullname="Kaitai.SpecCombineEnum.TestCombineEnum" methodname="TestCombineEnum" classname="Kaitai.SpecCombineEnum" runstate="Runnable" seed="991087136" result="Passed" start-time="2026-03-19T22:54:44.1705011Z" end-time="2026-03-19T22:54:44.1725227Z" duration="0.000747" asserts="3" />
      </test-suite>
      <test-suite type="TestFixture" id="1-1048" name="SpecCombineStr" fullname="Kaitai.SpecCombineStr" classname="Kaitai.SpecCombineStr" runstate="Runnable" testcasecount="1" result="Passed" start-time="2026-03-19T22:54:44.1725227Z" end-time="2026-03-19T22:54:44.1745483Z" duration="0.001833" total="1" passed="1" failed="0" warnings="0" inconclusive="0" skipped="0" asserts="15">
        <test-case id="1-1049" name="TestCombineStr" fullname="Kaitai.SpecCombineStr.TestCombineStr" methodname="TestCombineStr" classname="Kaitai.SpecCombineStr" runstate="Runnable" seed="1763024672" result="Passed" start-time="2026-03-19T22:54:44.1725227Z" end-time="2026-03-19T22:54:44.1745483Z" duration="0.001720" asserts="15" />
      </test-suite>
      <test-suite type="TestFixture" id="1-1050" name="SpecDebug0" fullname="Kaitai.SpecDebug0" classname="Kaitai.SpecDebug0" runstate="Runnable" testcasecount="1" result="Passed" start-time="2026-03-19T22:54:44.1745483Z" end-time="2026-03-19T22:54:44.1753217Z" duration="0.000981" total="1" passed="1" failed="0" warnings="0" inconclusive="0" skipped="0" asserts="6">
        <test-case id="1-1051" name="TestDebug0" fullname="Kaitai.SpecDebug0.TestDebug0" methodname="TestDebug0" classname="Kaitai.SpecDebug0" runstate="Runnable" seed="245316391" result="Passed" start-time="2026-03-19T22:54:44.1745483Z" end-time="2026-03-19T22:54:44.1753217Z" duration="0.000861" asserts="6" />
      </test-suite>
      <test-suite type="TestFixture" id="1-1052" name="SpecDebugArrayUser" fullname="Kaitai.SpecDebugArrayUser" classname="Kaitai.SpecDebugArrayUser" runstate="Runnable" testcasecount="1" result="Passed" start-time="2026-03-19T22:54:44.1753217Z" end-time="2026-03-19T22:54:44.1765664Z" duration="0.001145" total="1" passed="1" failed="0" warnings="0" inconclusive="0" skipped="0" asserts="5">
        <test-case id="1-1053" name="TestDebugArrayUser" fullname="Kaitai.SpecDebugArrayUser.TestDebugArrayUser" methodname="TestDebugArrayUser" classname="Kaitai.SpecDebugArrayUser" runstate="Runnable" seed="1284538801" result="Passed" start-time="2026-03-19T22:54:44.1753217Z" end-time="2026-03-19T22:54:44.1765664Z" duration="0.001053" asserts="5" />
      </test-suite>
      <test-suite type="TestFixture" id="1-1054" name="SpecDebugArrayUserCurrentExcluded" fullname="Kaitai.SpecDebugArrayUserCurrentExcluded" classname="Kaitai.SpecDebugArrayUserCurrentExcluded" runstate="Runnable" testcasecount="1" result="Passed" start-time="2026-03-19T22:54:44.1765664Z" end-time="2026-03-19T22:54:44.1773466Z" duration="0.001001" total="1" passed="1" failed="0" warnings="0" inconclusive="0" skipped="0" asserts="3">
        <test-case id="1-1055" name="TestDebugArrayUserCurrentExcluded" fullname="Kaitai.SpecDebugArrayUserCurrentExcluded.TestDebugArrayUserCurrentExcluded" methodname="TestDebugArrayUserCurrentExcluded" classname="Kaitai.SpecDebugArrayUserCurrentExcluded" runstate="Runnable" seed="778261314" result="Passed" start-time="2026-03-19T22:54:44.1765664Z" end-time="2026-03-19T22:54:44.1773466Z" duration="0.000907" asserts="3" />
      </test-suite>
      <test-suite type="TestFixture" id="1-1056" name="SpecDebugArrayUserEofException" fullname="Kaitai.SpecDebugArrayUserEofException" classname="Kaitai.SpecDebugArrayUserEofException" runstate="Runnable" testcasecount="1" result="Passed" start-time="2026-03-19T22:54:44.1773466Z" end-time="2026-03-19T22:54:44.1906206Z" duration="0.013853" total="1" passed="1" failed="0" warnings="0" inconclusive="0" skipped="0" asserts="9">
        <test-case id="1-1057" name="TestDebugArrayUserEofException" fullname="Kaitai.SpecDebugArrayUserEofException.TestDebugArrayUserEofException" methodname="TestDebugArrayUserEofException" classname="Kaitai.SpecDebugArrayUserEofException" runstate="Runnable" seed="390758006" result="Passed" start-time="2026-03-19T22:54:44.1773466Z" end-time="2026-03-19T22:54:44.1906206Z" duration="0.013749" asserts="9" />
      </test-suite>
      <test-suite type="TestFixture" id="1-1058" name="SpecDebugSwitchUser" fullname="Kaitai.SpecDebugSwitchUser" classname="Kaitai.SpecDebugSwitchUser" runstate="Runnable" testcasecount="1" result="Passed" start-time="2026-03-19T22:54:44.1906206Z" end-time="2026-03-19T22:54:44.1926399Z" duration="0.001023" total="1" passed="1" failed="0" warnings="0" inconclusive="0" skipped="0" asserts="2">
        <test-case id="1-1059" name="TestDebugSwitchUser" fullname="Kaitai.SpecDebugSwitchUser.TestDebugSwitchUser" methodname="TestDebugSwitchUser" classname="Kaitai.SpecDebugSwitchUser" runstate="Runnable" seed="758891318" result="Passed" start-time="2026-03-19T22:54:44.1906206Z" end-time="2026-03-19T22:54:44.1926399Z" duration="0.000913" asserts="2" />
      </test-suite>
      <test-suite type="TestFixture" id="1-1060" name="SpecDefaultBigEndian" fullname="Kaitai.SpecDefaultBigEndian" classname="Kaitai.SpecDefaultBigEndian" runstate="Runnable" testcasecount="1" result="Passed" start-time="2026-03-19T22:54:44.1926399Z" end-time="2026-03-19T22:54:44.1930316Z" duration="0.000792" total="1" passed="1" failed="0" warnings="0" inconclusive="0" skipped="0" asserts="1">
        <test-case id="1-1061" name="TestDefaultBigEndian" fullname="Kaitai.SpecDefaultBigEndian.TestDefaultBigEndian" methodname="TestDefaultBigEndian" classname="Kaitai.SpecDefaultBigEndian" runstate="Runnable" seed="321017025" result="Passed" start-time="2026-03-19T22:54:44.1926399Z" end-time="2026-03-19T22:54:44.1930316Z" duration="0.000694" asserts="1" />
      </test-suite>
      <test-suite type="TestFixture" id="1-1062" name="SpecDefaultBitEndianMod" fullname="Kaitai.SpecDefaultBitEndianMod" classname="Kaitai.SpecDefaultBitEndianMod" runstate="Runnable" testcasecount="1" result="Passed" start-time="2026-03-19T22:54:44.1930316Z" end-time="2026-03-19T22:54:44.1946605Z" duration="0.001163" total="1" passed="1" failed="0" warnings="0" inconclusive="0" skipped="0" asserts="4">
        <test-case id="1-1063" name="TestDefaultBitEndianMod" fullname="Kaitai.SpecDefaultBitEndianMod.TestDefaultBitEndianMod" methodname="TestDefaultBitEndianMod" classname="Kaitai.SpecDefaultBitEndianMod" runstate="Runnable" seed="1458006521" result="Passed" start-time="2026-03-19T22:54:44.1930316Z" end-time="2026-03-19T22:54:44.1946605Z" duration="0.001040" asserts="4" />
      </test-suite>
      <test-suite type="TestFixture" id="1-1064" name="SpecDefaultEndianExprException" fullname="Kaitai.SpecDefaultEndianExprException" classname="Kaitai.SpecDefaultEndianExprException" runstate="Runnable" testcasecount="1" result="Passed" start-time="2026-03-19T22:54:44.1946605Z" end-time="2026-03-19T22:54:44.1962960Z" duration="0.001751" total="1" passed="1" failed="0" warnings="0" inconclusive="0" skipped="0" asserts="1">
        <test-case id="1-1065" name="TestDefaultEndianExprException" fullname="Kaitai.SpecDefaultEndianExprException.TestDefaultEndianExprException" methodname="TestDefaultEndianExprException" classname="Kaitai.SpecDefaultEndianExprException" runstate="Runnable" seed="944058439" result="Passed" start-time="2026-03-19T22:54:44.1946605Z" end-time="2026-03-19T22:54:44.1962960Z" duration="0.001655" asserts="1" />
      </test-suite>
      <test-suite type="TestFixture" id="1-1066" name="SpecDefaultEndianExprInherited" fullname="Kaitai.SpecDefaultEndianExprInherited" classname="Kaitai.SpecDefaultEndianExprInherited" runstate="Runnable" testcasecount="1" result="Passed" start-time="2026-03-19T22:54:44.1962960Z" end-time="2026-03-19T22:54:44.1999440Z" duration="0.003910" total="1" passed="1" failed="0" warnings="0" inconclusive="0" skipped="0" asserts="15">
        <test-case id="1-1067" name="TestDefaultEndianExprInherited" fullname="Kaitai.SpecDefaultEndianExprInherited.TestDefaultEndianExprInherited" methodname="TestDefaultEndianExprInherited" classname="Kaitai.SpecDefaultEndianExprInherited" runstate="Runnable" seed="845398671" result="Passed" start-time="2026-03-19T22:54:44.1962960Z" end-time="2026-03-19T22:54:44.1999440Z" duration="0.003815" asserts="15" />
      </test-suite>
      <test-suite type="TestFixture" id="1-1068" name="SpecDefaultEndianExprIsBe" fullname="Kaitai.SpecDefaultEndianExprIsBe" classname="Kaitai.SpecDefaultEndianExprIsBe" runstate="Runnable" testcasecount="1" result="Passed" start-time="2026-03-19T22:54:44.1999440Z" end-time="2026-03-19T22:54:44.2027566Z" duration="0.003341" total="1" passed="1" failed="0" warnings="0" inconclusive="0" skipped="0" asserts="18">
        <test-case id="1-1069" name="TestDefaultEndianExprIsBe" fullname="Kaitai.SpecDefaultEndianExprIsBe.TestDefaultEndianExprIsBe" methodname="TestDefaultEndianExprIsBe" classname="Kaitai.SpecDefaultEndianExprIsBe" runstate="Runnable" seed="1746152206" result="Passed" start-time="2026-03-19T22:54:44.1999440Z" end-time="2026-03-19T22:54:44.2027566Z" duration="0.003242" asserts="18" />
      </test-suite>
      <test-suite type="TestFixture" id="1-1070" name="SpecDefaultEndianExprIsLe" fullname="Kaitai.SpecDefaultEndianExprIsLe" classname="Kaitai.SpecDefaultEndianExprIsLe" runstate="Runnable" testcasecount="1" result="Passed" start-time="2026-03-19T22:54:44.2027566Z" end-time="2026-03-19T22:54:44.2066964Z" duration="0.003755" total="1" passed="1" failed="0" warnings="0" inconclusive="0" skipped="0" asserts="12">
        <test-case id="1-1071" name="TestDefaultEndianExprIsLe" fullname="Kaitai.SpecDefaultEndianExprIsLe.TestDefaultEndianExprIsLe" methodname="TestDefaultEndianExprIsLe" classname="Kaitai.SpecDefaultEndianExprIsLe" runstate="Runnable" seed="411750103" result="Passed" start-time="2026-03-19T22:54:44.2046718Z" end-time="2026-03-19T22:54:44.2066964Z" duration="0.002190" asserts="12" />
      </test-suite>
      <test-suite type="TestFixture" id="1-1072" name="SpecDefaultEndianMod" fullname="Kaitai.SpecDefaultEndianMod" classname="Kaitai.SpecDefaultEndianMod" runstate="Runnable" testcasecount="1" result="Passed" start-time="2026-03-19T22:54:44.2066964Z" end-time="2026-03-19T22:54:44.2087187Z" duration="0.001198" total="1" passed="1" failed="0" warnings="0" inconclusive="0" skipped="0" asserts="3">
        <test-case id="1-1073" name="TestDefaultEndianMod" fullname="Kaitai.SpecDefaultEndianMod.TestDefaultEndianMod" methodname="TestDefaultEndianMod" classname="Kaitai.SpecDefaultEndianMod" runstate="Runnable" seed="590730069" result="Passed" start-time="2026-03-19T22:54:44.2066964Z" end-time="2026-03-19T22:54:44.2087187Z" duration="0.001104" asserts="3" />
      </test-suite>
      <test-suite type="TestFixture" id="1-1074" name="SpecDocstrings" fullname="Kaitai.SpecDocstrings" classname="Kaitai.SpecDocstrings" runstate="Runnable" testcasecount="1" result="Passed" start-time="2026-03-19T22:54:44.2087187Z" end-time="2026-03-19T22:54:44.2087187Z" duration="0.000456" total="1" passed="1" failed="0" warnings="0" inconclusive="0" skipped="0" asserts="0">
        <test-case id="1-1075" name="TestDocstrings" fullname="Kaitai.SpecDocstrings.TestDocstrings" methodname="TestDocstrings" classname="Kaitai.SpecDocstrings" runstate="Runnable" seed="2017168911" result="Passed" start-time="2026-03-19T22:54:44.2087187Z" end-time="2026-03-19T22:54:44.2087187Z" duration="0.000366" asserts="0" />
      </test-suite>
      <test-suite type="TestFixture" id="1-1076" name="SpecDocstringsDocref" fullname="Kaitai.SpecDocstringsDocref" classname="Kaitai.SpecDocstringsDocref" runstate="Runnable" testcasecount="1" result="Passed" start-time="2026-03-19T22:54:44.2087187Z" end-time="2026-03-19T22:54:44.2087187Z" duration="0.000415" total="1" passed="1" failed="0" warnings="0" inconclusive="0" skipped="0" asserts="0">
        <test-case id="1-1077" name="TestDocstringsDocref" fullname="Kaitai.SpecDocstringsDocref.TestDocstringsDocref" methodname="TestDocstringsDocref" classname="Kaitai.SpecDocstringsDocref" runstate="Runnable" seed="332892828" result="Passed" start-time="2026-03-19T22:54:44.2087187Z" end-time="2026-03-19T22:54:44.2087187Z" duration="0.000325" asserts="0" />
      </test-suite>
      <test-suite type="TestFixture" id="1-1078" name="SpecDocstringsDocrefMulti" fullname="Kaitai.SpecDocstringsDocrefMulti" classname="Kaitai.SpecDocstringsDocrefMulti" runstate="Runnable" testcasecount="1" result="Passed" start-time="2026-03-19T22:54:44.2087187Z" end-time="2026-03-19T22:54:44.2099751Z" duration="0.000382" total="1" passed="1" failed="0" warnings="0" inconclusive="0" skipped="0" asserts="0">
        <test-case id="1-1079" name="TestDocstringsDocrefMulti" fullname="Kaitai.SpecDocstringsDocrefMulti.TestDocstringsDocrefMulti" methodname="TestDocstringsDocrefMulti" classname="Kaitai.SpecDocstringsDocrefMulti" runstate="Runnable" seed="1469167718" result="Passed" start-time="2026-03-19T22:54:44.2087187Z" end-time="2026-03-19T22:54:44.2099751Z" duration="0.000290" asserts="0" />
      </test-suite>
      <test-suite type="TestFixture" id="1-1080" name="SpecEnum0" fullname="Kaitai.SpecEnum0" classname="Kaitai.SpecEnum0" runstate="Runnable" testcasecount="1" result="Passed" start-time="2026-03-19T22:54:44.2099751Z" end-time="2026-03-19T22:54:44.2107445Z" duration="0.000805" total="1" passed="1" failed="0" warnings="0" inconclusive="0" skipped="0" asserts="2">
        <test-case id="1-1081" name="TestEnum0" fullname="Kaitai.SpecEnum0.TestEnum0" methodname="TestEnum0" classname="Kaitai.SpecEnum0" runstate="Runnable" seed="1779629829" result="Passed" start-time="2026-03-19T22:54:44.2099751Z" end-time="2026-03-19T22:54:44.2107445Z" duration="0.000721" asserts="2" />
      </test-suite>
      <test-suite type="TestFixture" id="1-1082" name="SpecEnum1" fullname="Kaitai.SpecEnum1" classname="Kaitai.SpecEnum1" runstate="Runnable" testcasecount="1" result="Passed" start-time="2026-03-19T22:54:44.2107445Z" end-time="2026-03-19T22:54:44.2107445Z" duration="0.000846" total="1" passed="1" failed="0" warnings="0" inconclusive="0" skipped="0" asserts="2">
        <test-case id="1-1083" name="TestEnum1" fullname="Kaitai.SpecEnum1.TestEnum1" methodname="TestEnum1" classname="Kaitai.SpecEnum1" runstate="Runnable" seed="1275583952" result="Passed" start-time="2026-03-19T22:54:44.2107445Z" end-time="2026-03-19T22:54:44.2107445Z" duration="0.000756" asserts="2" />
      </test-suite>
      <test-suite type="TestFixture" id="1-1084" name="SpecEnumDeep" fullname="Kaitai.SpecEnumDeep" classname="Kaitai.SpecEnumDeep" runstate="Runnable" testcasecount="1" result="Passed" start-time="2026-03-19T22:54:44.2107445Z" end-time="2026-03-19T22:54:44.2120040Z" duration="0.000590" total="1" passed="1" failed="0" warnings="0" inconclusive="0" skipped="0" asserts="2">
        <test-case id="1-1085" name="TestEnumDeep" fullname="Kaitai.SpecEnumDeep.TestEnumDeep" methodname="TestEnumDeep" classname="Kaitai.SpecEnumDeep" runstate="Runnable" seed="762051335" result="Passed" start-time="2026-03-19T22:54:44.2107445Z" end-time="2026-03-19T22:54:44.2120040Z" duration="0.000501" asserts="2" />
      </test-suite>
      <test-suite type="TestFixture" id="1-1086" name="SpecEnumDeepLiterals" fullname="Kaitai.SpecEnumDeepLiterals" classname="Kaitai.SpecEnumDeepLiterals" runstate="Runnable" testcasecount="1" result="Passed" start-time="2026-03-19T22:54:44.2120040Z" end-time="2026-03-19T22:54:44.2127694Z" duration="0.001011" total="1" passed="1" failed="0" warnings="0" inconclusive="0" skipped="0" asserts="2">
        <test-case id="1-1087" name="TestEnumDeepLiterals" fullname="Kaitai.SpecEnumDeepLiterals.TestEnumDeepLiterals" methodname="TestEnumDeepLiterals" classname="Kaitai.SpecEnumDeepLiterals" runstate="Runnable" seed="532329721" result="Passed" start-time="2026-03-19T22:54:44.2120040Z" end-time="2026-03-19T22:54:44.2127694Z" duration="0.000916" asserts="2" />
      </test-suite>
      <test-suite type="TestFixture" id="1-1088" name="SpecEnumFancy" fullname="Kaitai.SpecEnumFancy" classname="Kaitai.SpecEnumFancy" runstate="Runnable" testcasecount="1" result="Passed" start-time="2026-03-19T22:54:44.2127694Z" end-time="2026-03-19T22:54:44.2140298Z" duration="0.000773" total="1" passed="1" failed="0" warnings="0" inconclusive="0" skipped="0" asserts="2">
        <test-case id="1-1089" name="TestEnumFancy" fullname="Kaitai.SpecEnumFancy.TestEnumFancy" methodname="TestEnumFancy" classname="Kaitai.SpecEnumFancy" runstate="Runnable" seed="121072575" result="Passed" start-time="2026-03-19T22:54:44.2127694Z" end-time="2026-03-19T22:54:44.2140298Z" duration="0.000656" asserts="2" />
      </test-suite>
      <test-suite type="TestFixture" id="1-1090" name="SpecEnumIf" fullname="Kaitai.SpecEnumIf" classname="Kaitai.SpecEnumIf" runstate="Runnable" testcasecount="1" result="Passed" start-time="2026-03-19T22:54:44.2140298Z" end-time="2026-03-19T22:54:44.2156128Z" duration="0.001659" total="1" passed="1" failed="0" warnings="0" inconclusive="0" skipped="0" asserts="7">
        <test-case id="1-1091" name="TestEnumIf" fullname="Kaitai.SpecEnumIf.TestEnumIf" methodname="TestEnumIf" classname="Kaitai.SpecEnumIf" runstate="Runnable" seed="715030271" result="Passed" start-time="2026-03-19T22:54:44.2140298Z" end-time="2026-03-19T22:54:44.2156128Z" duration="0.001571" asserts="7" />
      </test-suite>
      <test-suite type="TestFixture" id="1-1092" name="SpecEnumImportLiterals" fullname="Kaitai.SpecEnumImportLiterals" classname="Kaitai.SpecEnumImportLiterals" runstate="Runnable" testcasecount="1" result="Passed" start-time="2026-03-19T22:54:44.2156128Z" end-time="2026-03-19T22:54:44.2156128Z" duration="0.000652" total="1" passed="1" failed="0" warnings="0" inconclusive="0" skipped="0" asserts="3">
        <test-case id="1-1093" name="TestEnumImportLiterals" fullname="Kaitai.SpecEnumImportLiterals.TestEnumImportLiterals" methodname="TestEnumImportLiterals" classname="Kaitai.SpecEnumImportLiterals" runstate="Runnable" seed="217081296" result="Passed" start-time="2026-03-19T22:54:44.2156128Z" end-time="2026-03-19T22:54:44.2156128Z" duration="0.000557" asserts="3" />
      </test-suite>
      <test-suite type="TestFixture" id="1-1094" name="SpecEnumImportSeq" fullname="Kaitai.SpecEnumImportSeq" classname="Kaitai.SpecEnumImportSeq" runstate="Runnable" testcasecount="1" result="Passed" start-time="2026-03-19T22:54:44.2156128Z" end-time="2026-03-19T22:54:44.2156128Z" duration="0.000524" total="1" passed="1" failed="0" warnings="0" inconclusive="0" skipped="0" asserts="2">
        <test-case id="1-1095" name="TestEnumImportSeq" fullname="Kaitai.SpecEnumImportSeq.TestEnumImportSeq" methodname="TestEnumImportSeq" classname="Kaitai.SpecEnumImportSeq" runstate="Runnable" seed="484970083" result="Passed" start-time="2026-03-19T22:54:44.2156128Z" end-time="2026-03-19T22:54:44.2156128Z" duration="0.000436" asserts="2" />
      </test-suite>
      <test-suite type="TestFixture" id="1-1096" name="SpecEnumIntRangeS" fullname="Kaitai.SpecEnumIntRangeS" classname="Kaitai.SpecEnumIntRangeS" runstate="Runnable" testcasecount="1" result="Passed" start-time="2026-03-19T22:54:44.2156128Z" end-time="2026-03-19T22:54:44.2175832Z" duration="0.000657" total="1" passed="1" failed="0" warnings="0" inconclusive="0" skipped="0" asserts="3">
        <test-case id="1-1097" name="TestEnumIntRangeS" fullname="Kaitai.SpecEnumIntRangeS.TestEnumIntRangeS" methodname="TestEnumIntRangeS" classname="Kaitai.SpecEnumIntRangeS" runstate="Runnable" seed="1547338885" result="Passed" start-time="2026-03-19T22:54:44.2156128Z" end-time="2026-03-19T22:54:44.2175832Z" duration="0.000568" asserts="3" />
      </test-suite>
      <test-suite type="TestFixture" id="1-1098" name="SpecEnumInvalid" fullname="Kaitai.SpecEnumInvalid" classname="Kaitai.SpecEnumInvalid" runstate="Runnable" testcasecount="1" result="Passed" start-time="2026-03-19T22:54:44.2175832Z" end-time="2026-03-19T22:54:44.2175832Z" duration="0.000622" total="1" passed="1" failed="0" warnings="0" inconclusive="0" skipped="0" asserts="2">
        <test-case id="1-1099" name="TestEnumInvalid" fullname="Kaitai.SpecEnumInvalid.TestEnumInvalid" methodname="TestEnumInvalid" classname="Kaitai.SpecEnumInvalid" runstate="Runnable" seed="1733271113" result="Passed" start-time="2026-03-19T22:54:44.2175832Z" end-time="2026-03-19T22:54:44.2175832Z" duration="0.000535" asserts="2" />
      </test-suite>
      <test-suite type="TestFixture" id="1-1100" name="SpecEnumNegative" fullname="Kaitai.SpecEnumNegative" classname="Kaitai.SpecEnumNegative" runstate="Runnable" testcasecount="1" result="Passed" start-time="2026-03-19T22:54:44.2175832Z" end-time="2026-03-19T22:54:44.2184058Z" duration="0.000639" total="1" passed="1" failed="0" warnings="0" inconclusive="0" skipped="0" asserts="2">
        <test-case id="1-1101" name="TestEnumNegative" fullname="Kaitai.SpecEnumNegative.TestEnumNegative" methodname="TestEnumNegative" classname="Kaitai.SpecEnumNegative" runstate="Runnable" seed="79167495" result="Passed" start-time="2026-03-19T22:54:44.2184058Z" end-time="2026-03-19T22:54:44.2184058Z" duration="0.000552" asserts="2" />
      </test-suite>
      <test-suite type="TestFixture" id="1-1102" name="SpecEnumOfValueInst" fullname="Kaitai.SpecEnumOfValueInst" classname="Kaitai.SpecEnumOfValueInst" runstate="Runnable" testcasecount="1" result="Passed" start-time="2026-03-19T22:54:44.2184058Z" end-time="2026-03-19T22:54:44.2196104Z" duration="0.000812" total="1" passed="1" failed="0" warnings="0" inconclusive="0" skipped="0" asserts="4">
        <test-case id="1-1103" name="TestEnumOfValueInst" fullname="Kaitai.SpecEnumOfValueInst.TestEnumOfValueInst" methodname="TestEnumOfValueInst" classname="Kaitai.SpecEnumOfValueInst" runstate="Runnable" seed="528708924" result="Passed" start-time="2026-03-19T22:54:44.2184058Z" end-time="2026-03-19T22:54:44.2196104Z" duration="0.000701" asserts="4" />
      </test-suite>
      <test-suite type="TestFixture" id="1-1104" name="SpecEnumToI" fullname="Kaitai.SpecEnumToI" classname="Kaitai.SpecEnumToI" runstate="Runnable" testcasecount="1" result="Passed" start-time="2026-03-19T22:54:44.2196104Z" end-time="2026-03-19T22:54:44.2203695Z" duration="0.001281" total="1" passed="1" failed="0" warnings="0" inconclusive="0" skipped="0" asserts="8">
        <test-case id="1-1105" name="TestEnumToI" fullname="Kaitai.SpecEnumToI.TestEnumToI" methodname="TestEnumToI" classname="Kaitai.SpecEnumToI" runstate="Runnable" seed="1412372932" result="Passed" start-time="2026-03-19T22:54:44.2196104Z" end-time="2026-03-19T22:54:44.2203695Z" duration="0.001187" asserts="8" />
      </test-suite>
      <test-suite type="TestFixture" id="1-1106" name="SpecEnumToIClassBorder1" fullname="Kaitai.SpecEnumToIClassBorder1" classname="Kaitai.SpecEnumToIClassBorder1" runstate="Runnable" testcasecount="1" result="Passed" start-time="2026-03-19T22:54:44.2203695Z" end-time="2026-03-19T22:54:44.2223882Z" duration="0.001256" total="1" passed="1" failed="0" warnings="0" inconclusive="0" skipped="0" asserts="3">
        <test-case id="1-1107" name="TestEnumToIClassBorder1" fullname="Kaitai.SpecEnumToIClassBorder1.TestEnumToIClassBorder1" methodname="TestEnumToIClassBorder1" classname="Kaitai.SpecEnumToIClassBorder1" runstate="Runnable" seed="1483774331" result="Passed" start-time="2026-03-19T22:54:44.2203695Z" end-time="2026-03-19T22:54:44.2223882Z" duration="0.001098" asserts="3" />
      </test-suite>
      <test-suite type="TestFixture" id="1-1108" name="SpecEnumToIInvalid" fullname="Kaitai.SpecEnumToIInvalid" classname="Kaitai.SpecEnumToIInvalid" runstate="Runnable" testcasecount="1" result="Passed" start-time="2026-03-19T22:54:44.2223882Z" end-time="2026-03-19T22:54:44.2223882Z" duration="0.001200" total="1" passed="1" failed="0" warnings="0" inconclusive="0" skipped="0" asserts="8">
        <test-case id="1-1109" name="TestEnumToIInvalid" fullname="Kaitai.SpecEnumToIInvalid.TestEnumToIInvalid" methodname="TestEnumToIInvalid" classname="Kaitai.SpecEnumToIInvalid" runstate="Runnable" seed="2044844350" result="Passed" start-time="2026-03-19T22:54:44.2223882Z" end-time="2026-03-19T22:54:44.2223882Z" duration="0.001091" asserts="8" />
      </test-suite>
      <test-suite type="TestFixture" id="1-1110" name="SpecEofExceptionBytes" fullname="Kaitai.SpecEofExceptionBytes" classname="Kaitai.SpecEofExceptionBytes" runstate="Runnable" testcasecount="1" result="Passed" start-time="2026-03-19T22:54:44.2223882Z" end-time="2026-03-19T22:54:44.2236588Z" duration="0.000644" total="1" passed="1" failed="0" warnings="0" inconclusive="0" skipped="0" asserts="1">
        <test-case id="1-1111" name="TestEofExceptionBytes" fullname="Kaitai.SpecEofExceptionBytes.TestEofExceptionBytes" methodname="TestEofExceptionBytes" classname="Kaitai.SpecEofExceptionBytes" runstate="Runnable" seed="127153077" result="Passed" start-time="2026-03-19T22:54:44.2236588Z" end-time="2026-03-19T22:54:44.2236588Z" duration="0.000514" asserts="1" />
      </test-suite>
      <test-suite type="TestFixture" id="1-1112" name="SpecEofExceptionSized" fullname="Kaitai.SpecEofExceptionSized" classname="Kaitai.SpecEofExceptionSized" runstate="Runnable" testcasecount="1" result="Passed" start-time="2026-03-19T22:54:44.2236588Z" end-time="2026-03-19T22:54:44.2244086Z" duration="0.000618" total="1" passed="1" failed="0" warnings="0" inconclusive="0" skipped="0" asserts="1">
        <test-case id="1-1113" name="TestEofExceptionSized" fullname="Kaitai.SpecEofExceptionSized.TestEofExceptionSized" methodname="TestEofExceptionSized" classname="Kaitai.SpecEofExceptionSized" runstate="Runnable" seed="936324685" result="Passed" start-time="2026-03-19T22:54:44.2236588Z" end-time="2026-03-19T22:54:44.2244086Z" duration="0.000523" asserts="1" />
      </test-suite>
      <test-suite type="TestFixture" id="1-1114" name="SpecEofExceptionSwitchUser" fullname="Kaitai.SpecEofExceptionSwitchUser" classname="Kaitai.SpecEofExceptionSwitchUser" runstate="Runnable" testcasecount="1" result="Passed" start-time="2026-03-19T22:54:44.2244086Z" end-time="2026-03-19T22:54:44.2244086Z" duration="0.000741" total="1" passed="1" failed="0" warnings="0" inconclusive="0" skipped="0" asserts="1">
        <test-case id="1-1115" name="TestEofExceptionSwitchUser" fullname="Kaitai.SpecEofExceptionSwitchUser.TestEofExceptionSwitchUser" methodname="TestEofExceptionSwitchUser" classname="Kaitai.SpecEofExceptionSwitchUser" runstate="Runnable" seed="377128583" result="Passed" start-time="2026-03-19T22:54:44.2244086Z" end-time="2026-03-19T22:54:44.2244086Z" duration="0.000646" asserts="1" />
      </test-suite>
      <test-suite type="TestFixture" id="1-1116" name="SpecEofExceptionU4" fullname="Kaitai.SpecEofExceptionU4" classname="Kaitai.SpecEofExceptionU4" runstate="Runnable" testcasecount="1" result="Passed" start-time="2026-03-19T22:54:44.2256827Z" end-time="2026-03-19T22:54:44.2256827Z" duration="0.000546" total="1" passed="1" failed="0" warnings="0" inconclusive="0" skipped="0" asserts="1">
        <test-case id="1-1117" name="TestEofExceptionU4" fullname="Kaitai.SpecEofExceptionU4.TestEofExceptionU4" methodname="TestEofExceptionU4" classname="Kaitai.SpecEofExceptionU4" runstate="Runnable" seed="804997732" result="Passed" start-time="2026-03-19T22:54:44.2256827Z" end-time="2026-03-19T22:54:44.2256827Z" duration="0.000450" asserts="1" />
      </test-suite>
      <test-suite type="TestFixture" id="1-1118" name="SpecEosExceptionBytes" fullname="Kaitai.SpecEosExceptionBytes" classname="Kaitai.SpecEosExceptionBytes" runstate="Runnable" testcasecount="1" result="Passed" start-time="2026-03-19T22:54:44.2256827Z" end-time="2026-03-19T22:54:44.2264293Z" duration="0.000709" total="1" passed="1" failed="0" warnings="0" inconclusive="0" skipped="0" asserts="1">
        <test-case id="1-1119" name="TestEosExceptionBytes" fullname="Kaitai.SpecEosExceptionBytes.TestEosExceptionBytes" methodname="TestEosExceptionBytes" classname="Kaitai.SpecEosExceptionBytes" runstate="Runnable" seed="2061966616" result="Passed" start-time="2026-03-19T22:54:44.2256827Z" end-time="2026-03-19T22:54:44.2264293Z" duration="0.000615" asserts="1" />
      </test-suite>
      <test-suite type="TestFixture" id="1-1120" name="SpecEosExceptionSized" fullname="Kaitai.SpecEosExceptionSized" classname="Kaitai.SpecEosExceptionSized" runstate="Runnable" testcasecount="1" result="Passed" start-time="2026-03-19T22:54:44.2264293Z" end-time="2026-03-19T22:54:44.2264293Z" duration="0.000680" total="1" passed="1" failed="0" warnings="0" inconclusive="0" skipped="0" asserts="1">
        <test-case id="1-1121" name="TestEosExceptionSized" fullname="Kaitai.SpecEosExceptionSized.TestEosExceptionSized" methodname="TestEosExceptionSized" classname="Kaitai.SpecEosExceptionSized" runstate="Runnable" seed="680148495" result="Passed" start-time="2026-03-19T22:54:44.2264293Z" end-time="2026-03-19T22:54:44.2264293Z" duration="0.000590" asserts="1" />
      </test-suite>
      <test-suite type="TestFixture" id="1-1122" name="SpecEosExceptionU4" fullname="Kaitai.SpecEosExceptionU4" classname="Kaitai.SpecEosExceptionU4" runstate="Runnable" testcasecount="1" result="Passed" start-time="2026-03-19T22:54:44.2264293Z" end-time="2026-03-19T22:54:44.2284497Z" duration="0.001359" total="1" passed="1" failed="0" warnings="0" inconclusive="0" skipped="0" asserts="1">
        <test-case id="1-1123" name="TestEosExceptionU4" fullname="Kaitai.SpecEosExceptionU4.TestEosExceptionU4" methodname="TestEosExceptionU4" classname="Kaitai.SpecEosExceptionU4" runstate="Runnable" seed="2126728201" result="Passed" start-time="2026-03-19T22:54:44.2277063Z" end-time="2026-03-19T22:54:44.2284497Z" duration="0.000604" asserts="1" />
      </test-suite>
      <test-suite type="TestFixture" id="1-1124" name="SpecExpr0" fullname="Kaitai.SpecExpr0" classname="Kaitai.SpecExpr0" runstate="Runnable" testcasecount="1" result="Passed" start-time="2026-03-19T22:54:44.2284497Z" end-time="2026-03-19T22:54:44.2284497Z" duration="0.000592" total="1" passed="1" failed="0" warnings="0" inconclusive="0" skipped="0" asserts="2">
        <test-case id="1-1125" name="TestExpr0" fullname="Kaitai.SpecExpr0.TestExpr0" methodname="TestExpr0" classname="Kaitai.SpecExpr0" runstate="Runnable" seed="843215441" result="Passed" start-time="2026-03-19T22:54:44.2284497Z" end-time="2026-03-19T22:54:44.2284497Z" duration="0.000501" asserts="2" />
      </test-suite>
      <test-suite type="TestFixture" id="1-1126" name="SpecExpr1" fullname="Kaitai.SpecExpr1" classname="Kaitai.SpecExpr1" runstate="Runnable" testcasecount="1" result="Passed" start-time="2026-03-19T22:54:44.2284497Z" end-time="2026-03-19T22:54:44.2304707Z" duration="0.000824" total="1" passed="1" failed="0" warnings="0" inconclusive="0" skipped="0" asserts="4">
        <test-case id="1-1127" name="TestExpr1" fullname="Kaitai.SpecExpr1.TestExpr1" methodname="TestExpr1" classname="Kaitai.SpecExpr1" runstate="Runnable" seed="1491528052" result="Passed" start-time="2026-03-19T22:54:44.2297320Z" end-time="2026-03-19T22:54:44.2304707Z" duration="0.000702" asserts="4" />
      </test-suite>
      <test-suite type="TestFixture" id="1-1128" name="SpecExpr2" fullname="Kaitai.SpecExpr2" classname="Kaitai.SpecExpr2" runstate="Runnable" testcasecount="1" result="Passed" start-time="2026-03-19T22:54:44.2304707Z" end-time="2026-03-19T22:54:44.2315140Z" duration="0.002585" total="1" passed="1" failed="0" warnings="0" inconclusive="0" skipped="0" asserts="17">
        <test-case id="1-1129" name="TestExpr2" fullname="Kaitai.SpecExpr2.TestExpr2" methodname="TestExpr2" classname="Kaitai.SpecExpr2" runstate="Runnable" seed="361750774" result="Passed" start-time="2026-03-19T22:54:44.2304707Z" end-time="2026-03-19T22:54:44.2315140Z" duration="0.002471" asserts="17" />
      </test-suite>
      <test-suite type="TestFixture" id="1-1130" name="SpecExpr3" fullname="Kaitai.SpecExpr3" classname="Kaitai.SpecExpr3" runstate="Runnable" testcasecount="1" result="Passed" start-time="2026-03-19T22:54:44.2315140Z" end-time="2026-03-19T22:54:44.2335352Z" duration="0.001766" total="1" passed="1" failed="0" warnings="0" inconclusive="0" skipped="0" asserts="12">
        <test-case id="1-1131" name="TestExpr3" fullname="Kaitai.SpecExpr3.TestExpr3" methodname="TestExpr3" classname="Kaitai.SpecExpr3" runstate="Runnable" seed="1127444983" result="Passed" start-time="2026-03-19T22:54:44.2315140Z" end-time="2026-03-19T22:54:44.2335352Z" duration="0.001670" asserts="12" />
      </test-suite>
      <test-suite type="TestFixture" id="1-1132" name="SpecExprArray" fullname="Kaitai.SpecExprArray" classname="Kaitai.SpecExprArray" runstate="Runnable" testcasecount="1" result="Passed" start-time="2026-03-19T22:54:44.2335352Z" end-time="2026-03-19T22:54:44.2436652Z" duration="0.009465" total="1" passed="1" failed="0" warnings="0" inconclusive="0" skipped="0" asserts="15">
        <test-case id="1-1133" name="TestExprArray" fullname="Kaitai.SpecExprArray.TestExprArray" methodname="TestExprArray" classname="Kaitai.SpecExprArray" runstate="Runnable" seed="285412318" result="Passed" start-time="2026-03-19T22:54:44.2335352Z" end-time="2026-03-19T22:54:44.2436652Z" duration="0.009362" asserts="15" />
      </test-suite>
      <test-suite type="TestFixture" id="1-1134" name="SpecExprBytesCmp" fullname="Kaitai.SpecExprBytesCmp" classname="Kaitai.SpecExprBytesCmp" runstate="Runnable" testcasecount="1" result="Passed" start-time="2026-03-19T22:54:44.2436652Z" end-time="2026-03-19T22:54:44.2456926Z" duration="0.001950" total="1" passed="1" failed="0" warnings="0" inconclusive="0" skipped="0" asserts="10">
        <test-case id="1-1135" name="TestExprBytesCmp" fullname="Kaitai.SpecExprBytesCmp.TestExprBytesCmp" methodname="TestExprBytesCmp" classname="Kaitai.SpecExprBytesCmp" runstate="Runnable" seed="1736118179" result="Passed" start-time="2026-03-19T22:54:44.2436652Z" end-time="2026-03-19T22:54:44.2456926Z" duration="0.001835" asserts="10" />
      </test-suite>
      <test-suite type="TestFixture" id="1-1136" name="SpecExprBytesNonLiteral" fullname="Kaitai.SpecExprBytesNonLiteral" classname="Kaitai.SpecExprBytesNonLiteral" runstate="Runnable" testcasecount="1" result="Passed" start-time="2026-03-19T22:54:44.2456926Z" end-time="2026-03-19T22:54:44.2467098Z" duration="0.000797" total="1" passed="1" failed="0" warnings="0" inconclusive="0" skipped="0" asserts="3">
        <test-case id="1-1137" name="TestExprBytesNonLiteral" fullname="Kaitai.SpecExprBytesNonLiteral.TestExprBytesNonLiteral" methodname="TestExprBytesNonLiteral" classname="Kaitai.SpecExprBytesNonLiteral" runstate="Runnable" seed="1882171686" result="Passed" start-time="2026-03-19T22:54:44.2456926Z" end-time="2026-03-19T22:54:44.2467098Z" duration="0.000700" asserts="3" />
      </test-suite>
      <test-suite type="TestFixture" id="1-1138" name="SpecExprBytesOps" fullname="Kaitai.SpecExprBytesOps" classname="Kaitai.SpecExprBytesOps" runstate="Runnable" testcasecount="1" result="Passed" start-time="2026-03-19T22:54:44.2467098Z" end-time="2026-03-19T22:54:44.2492621Z" duration="0.003086" total="1" passed="1" failed="0" warnings="0" inconclusive="0" skipped="0" asserts="16">
        <test-case id="1-1139" name="TestExprBytesOps" fullname="Kaitai.SpecExprBytesOps.TestExprBytesOps" methodname="TestExprBytesOps" classname="Kaitai.SpecExprBytesOps" runstate="Runnable" seed="2128669587" result="Passed" start-time="2026-03-19T22:54:44.2467098Z" end-time="2026-03-19T22:54:44.2492621Z" duration="0.002992" asserts="16" />
      </test-suite>
      <test-suite type="TestFixture" id="1-1140" name="SpecExprCalcArrayOps" fullname="Kaitai.SpecExprCalcArrayOps" classname="Kaitai.SpecExprCalcArrayOps" runstate="Runnable" testcasecount="1" result="Passed" start-time="2026-03-19T22:54:44.2492621Z" end-time="2026-03-19T22:54:44.2533128Z" duration="0.003628" total="1" passed="1" failed="0" warnings="0" inconclusive="0" skipped="0" asserts="18">
        <test-case id="1-1141" name="TestExprCalcArrayOps" fullname="Kaitai.SpecExprCalcArrayOps.TestExprCalcArrayOps" methodname="TestExprCalcArrayOps" classname="Kaitai.SpecExprCalcArrayOps" runstate="Runnable" seed="1311788220" result="Passed" start-time="2026-03-19T22:54:44.2492621Z" end-time="2026-03-19T22:54:44.2533128Z" duration="0.003527" asserts="18" />
      </test-suite>
      <test-suite type="TestFixture" id="1-1142" name="SpecExprEnum" fullname="Kaitai.SpecExprEnum" classname="Kaitai.SpecExprEnum" runstate="Runnable" testcasecount="1" result="Passed" start-time="2026-03-19T22:54:44.2533128Z" end-time="2026-03-19T22:54:44.2533128Z" duration="0.000780" total="1" passed="1" failed="0" warnings="0" inconclusive="0" skipped="0" asserts="3">
        <test-case id="1-1143" name="TestExprEnum" fullname="Kaitai.SpecExprEnum.TestExprEnum" methodname="TestExprEnum" classname="Kaitai.SpecExprEnum" runstate="Runnable" seed="259557299" result="Passed" start-time="2026-03-19T22:54:44.2533128Z" end-time="2026-03-19T22:54:44.2533128Z" duration="0.000684" asserts="3" />
      </test-suite>
      <test-suite type="TestFixture" id="1-1144" name="SpecExprFstring0" fullname="Kaitai.SpecExprFstring0" classname="Kaitai.SpecExprFstring0" runstate="Runnable" testcasecount="1" result="Passed" start-time="2026-03-19T22:54:44.2533128Z" end-time="2026-03-19T22:54:44.2553399Z" duration="0.001241" total="1" passed="1" failed="0" warnings="0" inconclusive="0" skipped="0" asserts="9">
        <test-case id="1-1145" name="TestExprFstring0" fullname="Kaitai.SpecExprFstring0.TestExprFstring0" methodname="TestExprFstring0" classname="Kaitai.SpecExprFstring0" runstate="Runnable" seed="1073885879" result="Passed" start-time="2026-03-19T22:54:44.2533128Z" end-time="2026-03-19T22:54:44.2553399Z" duration="0.001148" asserts="9" />
      </test-suite>
      <test-suite type="TestFixture" id="1-1146" name="SpecExprIntDiv" fullname="Kaitai.SpecExprIntDiv" classname="Kaitai.SpecExprIntDiv" runstate="Runnable" testcasecount="1" result="Failed" site="Child" start-time="2026-03-19T22:54:44.2553399Z" end-time="2026-03-19T22:54:44.3483018Z" duration="0.093125" total="1" passed="0" failed="1" warnings="0" inconclusive="0" skipped="0" asserts="4">
        <failure>
          <message><![CDATA[One or more child tests had errors]]></message>
        </failure>
        <test-case id="1-1147" name="TestExprIntDiv" fullname="Kaitai.SpecExprIntDiv.TestExprIntDiv" methodname="TestExprIntDiv" classname="Kaitai.SpecExprIntDiv" runstate="Runnable" seed="349145227" result="Failed" start-time="2026-03-19T22:54:44.2553399Z" end-time="2026-03-19T22:54:44.3483018Z" duration="0.092926" asserts="4">
          <failure>
            <message><![CDATA[  Expected: -756
  But was:  -757
]]></message>
            <stack-trace><![CDATA[   at Kaitai.SpecExprIntDiv.TestExprIntDiv() in D:\a\ci_targets\ci_targets\tests\spec\csharp\kaitai_struct_csharp_tests\tests\SpecExprIntDiv.cs:line 18
]]></stack-trace>
          </failure>
          <assertions>
            <assertion result="Failed">
              <message><![CDATA[  Expected: -756
  But was:  -757
]]></message>
              <stack-trace><![CDATA[   at Kaitai.SpecExprIntDiv.TestExprIntDiv() in D:\a\ci_targets\ci_targets\tests\spec\csharp\kaitai_struct_csharp_tests\tests\SpecExprIntDiv.cs:line 18
]]></stack-trace>
            </assertion>
          </assertions>
        </test-case>
      </test-suite>
      <test-suite type="TestFixture" id="1-1148" name="SpecExprIoEof" fullname="Kaitai.SpecExprIoEof" classname="Kaitai.SpecExprIoEof" runstate="Runnable" testcasecount="1" result="Passed" start-time="2026-03-19T22:54:44.3483018Z" end-time="2026-03-19T22:54:44.3503219Z" duration="0.001955" total="1" passed="1" failed="0" warnings="0" inconclusive="0" skipped="0" asserts="4">
        <test-case id="1-1149" name="TestExprIoEof" fullname="Kaitai.SpecExprIoEof.TestExprIoEof" methodname="TestExprIoEof" classname="Kaitai.SpecExprIoEof" runstate="Runnable" seed="1656143949" result="Passed" start-time="2026-03-19T22:54:44.3483018Z" end-time="2026-03-19T22:54:44.3503219Z" duration="0.001787" asserts="4" />
      </test-suite>
      <test-suite type="TestFixture" id="1-1150" name="SpecExprIoPos" fullname="Kaitai.SpecExprIoPos" classname="Kaitai.SpecExprIoPos" runstate="Runnable" testcasecount="1" result="Passed" start-time="2026-03-19T22:54:44.3503219Z" end-time="2026-03-19T22:54:44.3523433Z" duration="0.001328" total="1" passed="1" failed="0" warnings="0" inconclusive="0" skipped="0" asserts="6">
        <test-case id="1-1151" name="TestExprIoPos" fullname="Kaitai.SpecExprIoPos.TestExprIoPos" methodname="TestExprIoPos" classname="Kaitai.SpecExprIoPos" runstate="Runnable" seed="449025561" result="Passed" start-time="2026-03-19T22:54:44.3503219Z" end-time="2026-03-19T22:54:44.3523433Z" duration="0.001231" asserts="6" />
      </test-suite>
      <test-suite type="TestFixture" id="1-1152" name="SpecExprMod" fullname="Kaitai.SpecExprMod" classname="Kaitai.SpecExprMod" runstate="Runnable" testcasecount="1" result="Passed" start-time="2026-03-19T22:54:44.3523433Z" end-time="2026-03-19T22:54:44.3523433Z" duration="0.001242" total="1" passed="1" failed="0" warnings="0" inconclusive="0" skipped="0" asserts="6">
        <test-case id="1-1153" name="TestExprMod" fullname="Kaitai.SpecExprMod.TestExprMod" methodname="TestExprMod" classname="Kaitai.SpecExprMod" runstate="Runnable" seed="1278544854" result="Passed" start-time="2026-03-19T22:54:44.3523433Z" end-time="2026-03-19T22:54:44.3523433Z" duration="0.001145" asserts="6" />
      </test-suite>
      <test-suite type="TestFixture" id="1-1154" name="SpecExprOpsParens" fullname="Kaitai.SpecExprOpsParens" classname="Kaitai.SpecExprOpsParens" runstate="Runnable" testcasecount="1" result="Passed" start-time="2026-03-19T22:54:44.3523433Z" end-time="2026-03-19T22:54:44.3563808Z" duration="0.003221" total="1" passed="1" failed="0" warnings="0" inconclusive="0" skipped="0" asserts="9">
        <test-case id="1-1155" name="TestExprOpsParens" fullname="Kaitai.SpecExprOpsParens.TestExprOpsParens" methodname="TestExprOpsParens" classname="Kaitai.SpecExprOpsParens" runstate="Runnable" seed="987516169" result="Passed" start-time="2026-03-19T22:54:44.3523433Z" end-time="2026-03-19T22:54:44.3563808Z" duration="0.003124" asserts="9" />
      </test-suite>
      <test-suite type="TestFixture" id="1-1156" name="SpecExprSizeofType0" fullname="Kaitai.SpecExprSizeofType0" classname="Kaitai.SpecExprSizeofType0" runstate="Runnable" testcasecount="1" result="Passed" start-time="2026-03-19T22:54:44.3563808Z" end-time="2026-03-19T22:54:44.3571525Z" duration="0.000525" total="1" passed="1" failed="0" warnings="0" inconclusive="0" skipped="0" asserts="1">
        <test-case id="1-1157" name="TestExprSizeofType0" fullname="Kaitai.SpecExprSizeofType0.TestExprSizeofType0" methodname="TestExprSizeofType0" classname="Kaitai.SpecExprSizeofType0" runstate="Runnable" seed="311601320" result="Passed" start-time="2026-03-19T22:54:44.3563808Z" end-time="2026-03-19T22:54:44.3571525Z" duration="0.000430" asserts="1" />
      </test-suite>
      <test-suite type="TestFixture" id="1-1158" name="SpecExprSizeofType1" fullname="Kaitai.SpecExprSizeofType1" classname="Kaitai.SpecExprSizeofType1" runstate="Runnable" testcasecount="1" result="Passed" start-time="2026-03-19T22:54:44.3571525Z" end-time="2026-03-19T22:54:44.3571525Z" duration="0.000539" total="1" passed="1" failed="0" warnings="0" inconclusive="0" skipped="0" asserts="2">
        <test-case id="1-1159" name="TestExprSizeofType1" fullname="Kaitai.SpecExprSizeofType1.TestExprSizeofType1" methodname="TestExprSizeofType1" classname="Kaitai.SpecExprSizeofType1" runstate="Runnable" seed="988925743" result="Passed" start-time="2026-03-19T22:54:44.3571525Z" end-time="2026-03-19T22:54:44.3571525Z" duration="0.000447" asserts="2" />
      </test-suite>
      <test-suite type="TestFixture" id="1-1160" name="SpecExprSizeofValue0" fullname="Kaitai.SpecExprSizeofValue0" classname="Kaitai.SpecExprSizeofValue0" runstate="Runnable" testcasecount="1" result="Passed" start-time="2026-03-19T22:54:44.3571525Z" end-time="2026-03-19T22:54:44.3581488Z" duration="0.001390" total="1" passed="1" failed="0" warnings="0" inconclusive="0" skipped="0" asserts="5">
        <test-case id="1-1161" name="TestExprSizeofValue0" fullname="Kaitai.SpecExprSizeofValue0.TestExprSizeofValue0" methodname="TestExprSizeofValue0" classname="Kaitai.SpecExprSizeofValue0" runstate="Runnable" seed="763336596" result="Passed" start-time="2026-03-19T22:54:44.3571525Z" end-time="2026-03-19T22:54:44.3581488Z" duration="0.001291" asserts="5" />
      </test-suite>
      <test-suite type="TestFixture" id="1-1162" name="SpecExprSizeofValueSized" fullname="Kaitai.SpecExprSizeofValueSized" classname="Kaitai.SpecExprSizeofValueSized" runstate="Runnable" testcasecount="1" result="Passed" start-time="2026-03-19T22:54:44.3581488Z" end-time="2026-03-19T22:54:44.3601727Z" duration="0.001032" total="1" passed="1" failed="0" warnings="0" inconclusive="0" skipped="0" asserts="5">
        <test-case id="1-1163" name="TestExprSizeofValueSized" fullname="Kaitai.SpecExprSizeofValueSized.TestExprSizeofValueSized" methodname="TestExprSizeofValueSized" classname="Kaitai.SpecExprSizeofValueSized" runstate="Runnable" seed="1194252173" result="Passed" start-time="2026-03-19T22:54:44.3581488Z" end-time="2026-03-19T22:54:44.3601727Z" duration="0.000939" asserts="5" />
      </test-suite>
      <test-suite type="TestFixture" id="1-1164" name="SpecExprStrEncodings" fullname="Kaitai.SpecExprStrEncodings" classname="Kaitai.SpecExprStrEncodings" runstate="Runnable" testcasecount="1" result="Passed" start-time="2026-03-19T22:54:44.3601727Z" end-time="2026-03-19T22:54:44.3621996Z" duration="0.002212" total="1" passed="1" failed="0" warnings="0" inconclusive="0" skipped="0" asserts="7">
        <test-case id="1-1165" name="TestExprStrEncodings" fullname="Kaitai.SpecExprStrEncodings.TestExprStrEncodings" methodname="TestExprStrEncodings" classname="Kaitai.SpecExprStrEncodings" runstate="Runnable" seed="1001306555" result="Passed" start-time="2026-03-19T22:54:44.3601727Z" end-time="2026-03-19T22:54:44.3621996Z" duration="0.002120" asserts="7" />
      </test-suite>
      <test-suite type="TestFixture" id="1-1166" name="SpecExprStrOps" fullname="Kaitai.SpecExprStrOps" classname="Kaitai.SpecExprStrOps" runstate="Runnable" testcasecount="1" result="Passed" start-time="2026-03-19T22:54:44.3621996Z" end-time="2026-03-19T22:54:44.3642230Z" duration="0.002066" total="1" passed="1" failed="0" warnings="0" inconclusive="0" skipped="0" asserts="18">
        <test-case id="1-1167" name="TestExprStrOps" fullname="Kaitai.SpecExprStrOps.TestExprStrOps" methodname="TestExprStrOps" classname="Kaitai.SpecExprStrOps" runstate="Runnable" seed="1967217835" result="Passed" start-time="2026-03-19T22:54:44.3621996Z" end-time="2026-03-19T22:54:44.3642230Z" duration="0.001959" asserts="18" />
      </test-suite>
      <test-suite type="TestFixture" id="1-1168" name="SpecExprToITrailing" fullname="Kaitai.SpecExprToITrailing" classname="Kaitai.SpecExprToITrailing" runstate="Runnable" testcasecount="1" result="Passed" start-time="2026-03-19T22:54:44.3642230Z" end-time="2026-03-19T22:54:44.3642230Z" duration="0.001171" total="1" passed="1" failed="0" warnings="0" inconclusive="0" skipped="0" asserts="3">
        <test-case id="1-1169" name="TestExprToITrailing" fullname="Kaitai.SpecExprToITrailing.TestExprToITrailing" methodname="TestExprToITrailing" classname="Kaitai.SpecExprToITrailing" runstate="Runnable" seed="493907632" result="Passed" start-time="2026-03-19T22:54:44.3642230Z" end-time="2026-03-19T22:54:44.3642230Z" duration="0.001077" asserts="3" />
      </test-suite>
      <test-suite type="TestFixture" id="1-1170" name="SpecFixedContents" fullname="Kaitai.SpecFixedContents" classname="Kaitai.SpecFixedContents" runstate="Runnable" testcasecount="1" result="Passed" start-time="2026-03-19T22:54:44.3642230Z" end-time="2026-03-19T22:54:44.3662469Z" duration="0.000811" total="1" passed="1" failed="0" warnings="0" inconclusive="0" skipped="0" asserts="0">
        <test-case id="1-1171" name="TestFixedContents" fullname="Kaitai.SpecFixedContents.TestFixedContents" methodname="TestFixedContents" classname="Kaitai.SpecFixedContents" runstate="Runnable" seed="1302353659" result="Passed" start-time="2026-03-19T22:54:44.3642230Z" end-time="2026-03-19T22:54:44.3662469Z" duration="0.000702" asserts="0" />
      </test-suite>
      <test-suite type="TestFixture" id="1-1172" name="SpecFixedStruct" fullname="Kaitai.SpecFixedStruct" classname="Kaitai.SpecFixedStruct" runstate="Runnable" testcasecount="1" result="Passed" start-time="2026-03-19T22:54:44.3662469Z" end-time="2026-03-19T22:54:44.3682696Z" duration="0.003562" total="1" passed="1" failed="0" warnings="0" inconclusive="0" skipped="0" asserts="20">
        <test-case id="1-1173" name="TestFixedStruct" fullname="Kaitai.SpecFixedStruct.TestFixedStruct" methodname="TestFixedStruct" classname="Kaitai.SpecFixedStruct" runstate="Runnable" seed="75154833" result="Passed" start-time="2026-03-19T22:54:44.3662469Z" end-time="2026-03-19T22:54:44.3682696Z" duration="0.003462" asserts="20" />
      </test-suite>
      <test-suite type="TestFixture" id="1-1174" name="SpecFloatingPoints" fullname="Kaitai.SpecFloatingPoints" classname="Kaitai.SpecFloatingPoints" runstate="Runnable" testcasecount="1" result="Passed" start-time="2026-03-19T22:54:44.3702947Z" end-time="2026-03-19T22:54:44.3723187Z" duration="0.002574" total="1" passed="1" failed="0" warnings="0" inconclusive="0" skipped="0" asserts="8">
        <test-case id="1-1175" name="TestFloatingPoints" fullname="Kaitai.SpecFloatingPoints.TestFloatingPoints" methodname="TestFloatingPoints" classname="Kaitai.SpecFloatingPoints" runstate="Runnable" seed="352844196" result="Passed" start-time="2026-03-19T22:54:44.3702947Z" end-time="2026-03-19T22:54:44.3723187Z" duration="0.002417" asserts="8" />
      </test-suite>
      <test-suite type="TestFixture" id="1-1176" name="SpecHelloWorld" fullname="Kaitai.SpecHelloWorld" classname="Kaitai.SpecHelloWorld" runstate="Runnable" testcasecount="1" result="Passed" start-time="2026-03-19T22:54:44.3723187Z" end-time="2026-03-19T22:54:44.3723187Z" duration="0.000507" total="1" passed="1" failed="0" warnings="0" inconclusive="0" skipped="0" asserts="1">
        <test-case id="1-1177" name="TestHelloWorld" fullname="Kaitai.SpecHelloWorld.TestHelloWorld" methodname="TestHelloWorld" classname="Kaitai.SpecHelloWorld" runstate="Runnable" seed="496447476" result="Passed" start-time="2026-03-19T22:54:44.3723187Z" end-time="2026-03-19T22:54:44.3723187Z" duration="0.000411" asserts="1" />
      </test-suite>
      <test-suite type="TestFixture" id="1-1178" name="SpecIfInstances" fullname="Kaitai.SpecIfInstances" classname="Kaitai.SpecIfInstances" runstate="Runnable" testcasecount="1" result="Passed" start-time="2026-03-19T22:54:44.3723187Z" end-time="2026-03-19T22:54:44.3723187Z" duration="0.000457" total="1" passed="1" failed="0" warnings="0" inconclusive="0" skipped="0" asserts="1">
        <test-case id="1-1179" name="TestIfInstances" fullname="Kaitai.SpecIfInstances.TestIfInstances" methodname="TestIfInstances" classname="Kaitai.SpecIfInstances" runstate="Runnable" seed="362976554" result="Passed" start-time="2026-03-19T22:54:44.3723187Z" end-time="2026-03-19T22:54:44.3723187Z" duration="0.000366" asserts="1" />
      </test-suite>
      <test-suite type="TestFixture" id="1-1180" name="SpecIfStruct" fullname="Kaitai.SpecIfStruct" classname="Kaitai.SpecIfStruct" runstate="Runnable" testcasecount="1" result="Passed" start-time="2026-03-19T22:54:44.3723187Z" end-time="2026-03-19T22:54:44.3740929Z" duration="0.001704" total="1" passed="1" failed="0" warnings="0" inconclusive="0" skipped="0" asserts="10">
        <test-case id="1-1181" name="TestIfStruct" fullname="Kaitai.SpecIfStruct.TestIfStruct" methodname="TestIfStruct" classname="Kaitai.SpecIfStruct" runstate="Runnable" seed="968092404" result="Passed" start-time="2026-03-19T22:54:44.3723187Z" end-time="2026-03-19T22:54:44.3740929Z" duration="0.001614" asserts="10" />
      </test-suite>
      <test-suite type="TestFixture" id="1-1182" name="SpecIfValues" fullname="Kaitai.SpecIfValues" classname="Kaitai.SpecIfValues" runstate="Runnable" testcasecount="1" result="Passed" start-time="2026-03-19T22:54:44.3740929Z" end-time="2026-03-19T22:54:44.3761595Z" duration="0.001260" total="1" passed="1" failed="0" warnings="0" inconclusive="0" skipped="0" asserts="6">
        <test-case id="1-1183" name="TestIfValues" fullname="Kaitai.SpecIfValues.TestIfValues" methodname="TestIfValues" classname="Kaitai.SpecIfValues" runstate="Runnable" seed="1253612773" result="Passed" start-time="2026-03-19T22:54:44.3756107Z" end-time="2026-03-19T22:54:44.3761595Z" duration="0.001146" asserts="6" />
      </test-suite>
      <test-suite type="TestFixture" id="1-1184" name="SpecImports0" fullname="Kaitai.SpecImports0" classname="Kaitai.SpecImports0" runstate="Runnable" testcasecount="1" result="Passed" start-time="2026-03-19T22:54:44.3761595Z" end-time="2026-03-19T22:54:44.3761595Z" duration="0.000722" total="1" passed="1" failed="0" warnings="0" inconclusive="0" skipped="0" asserts="3">
        <test-case id="1-1185" name="TestImports0" fullname="Kaitai.SpecImports0.TestImports0" methodname="TestImports0" classname="Kaitai.SpecImports0" runstate="Runnable" seed="896226552" result="Passed" start-time="2026-03-19T22:54:44.3761595Z" end-time="2026-03-19T22:54:44.3761595Z" duration="0.000623" asserts="3" />
      </test-suite>
      <test-suite type="TestFixture" id="1-1186" name="SpecImportsAbs" fullname="Kaitai.SpecImportsAbs" classname="Kaitai.SpecImportsAbs" runstate="Runnable" testcasecount="1" result="Passed" start-time="2026-03-19T22:54:44.3761595Z" end-time="2026-03-19T22:54:44.3796490Z" duration="0.002087" total="1" passed="1" failed="0" warnings="0" inconclusive="0" skipped="0" asserts="2">
        <test-case id="1-1187" name="TestImportsAbs" fullname="Kaitai.SpecImportsAbs.TestImportsAbs" methodname="TestImportsAbs" classname="Kaitai.SpecImportsAbs" runstate="Runnable" seed="1850804579" result="Passed" start-time="2026-03-19T22:54:44.3776294Z" end-time="2026-03-19T22:54:44.3796490Z" duration="0.001992" asserts="2" />
      </test-suite>
      <test-suite type="TestFixture" id="1-1188" name="SpecImportsAbsAbs" fullname="Kaitai.SpecImportsAbsAbs" classname="Kaitai.SpecImportsAbsAbs" runstate="Runnable" testcasecount="1" result="Passed" start-time="2026-03-19T22:54:44.3796490Z" end-time="2026-03-19T22:54:44.3801988Z" duration="0.000998" total="1" passed="1" failed="0" warnings="0" inconclusive="0" skipped="0" asserts="3">
        <test-case id="1-1189" name="TestImportsAbsAbs" fullname="Kaitai.SpecImportsAbsAbs.TestImportsAbsAbs" methodname="TestImportsAbsAbs" classname="Kaitai.SpecImportsAbsAbs" runstate="Runnable" seed="2075363624" result="Passed" start-time="2026-03-19T22:54:44.3796490Z" end-time="2026-03-19T22:54:44.3801988Z" duration="0.000900" asserts="3" />
      </test-suite>
      <test-suite type="TestFixture" id="1-1190" name="SpecImportsAbsRel" fullname="Kaitai.SpecImportsAbsRel" classname="Kaitai.SpecImportsAbsRel" runstate="Runnable" testcasecount="1" result="Passed" start-time="2026-03-19T22:54:44.3801988Z" end-time="2026-03-19T22:54:44.3801988Z" duration="0.000805" total="1" passed="1" failed="0" warnings="0" inconclusive="0" skipped="0" asserts="3">
        <test-case id="1-1191" name="TestImportsAbsRel" fullname="Kaitai.SpecImportsAbsRel.TestImportsAbsRel" methodname="TestImportsAbsRel" classname="Kaitai.SpecImportsAbsRel" runstate="Runnable" seed="1001991736" result="Passed" start-time="2026-03-19T22:54:44.3801988Z" end-time="2026-03-19T22:54:44.3801988Z" duration="0.000713" asserts="3" />
      </test-suite>
      <test-suite type="TestFixture" id="1-1192" name="SpecImportsCastToImported" fullname="Kaitai.SpecImportsCastToImported" classname="Kaitai.SpecImportsCastToImported" runstate="Runnable" testcasecount="1" result="Passed" start-time="2026-03-19T22:54:44.3801988Z" end-time="2026-03-19T22:54:44.3822216Z" duration="0.000857" total="1" passed="1" failed="0" warnings="0" inconclusive="0" skipped="0" asserts="2">
        <test-case id="1-1193" name="TestImportsCastToImported" fullname="Kaitai.SpecImportsCastToImported.TestImportsCastToImported" methodname="TestImportsCastToImported" classname="Kaitai.SpecImportsCastToImported" runstate="Runnable" seed="73445361" result="Passed" start-time="2026-03-19T22:54:44.3801988Z" end-time="2026-03-19T22:54:44.3822216Z" duration="0.000765" asserts="2" />
      </test-suite>
      <test-suite type="TestFixture" id="1-1194" name="SpecImportsCastToImported2" fullname="Kaitai.SpecImportsCastToImported2" classname="Kaitai.SpecImportsCastToImported2" runstate="Runnable" testcasecount="1" result="Passed" start-time="2026-03-19T22:54:44.3822216Z" end-time="2026-03-19T22:54:44.3822216Z" duration="0.000783" total="1" passed="1" failed="0" warnings="0" inconclusive="0" skipped="0" asserts="2">
        <test-case id="1-1195" name="TestImportsCastToImported2" fullname="Kaitai.SpecImportsCastToImported2.TestImportsCastToImported2" methodname="TestImportsCastToImported2" classname="Kaitai.SpecImportsCastToImported2" runstate="Runnable" seed="1264037603" result="Passed" start-time="2026-03-19T22:54:44.3822216Z" end-time="2026-03-19T22:54:44.3822216Z" duration="0.000690" asserts="2" />
      </test-suite>
      <test-suite type="TestFixture" id="1-1196" name="SpecImportsCircularA" fullname="Kaitai.SpecImportsCircularA" classname="Kaitai.SpecImportsCircularA" runstate="Runnable" testcasecount="1" result="Passed" start-time="2026-03-19T22:54:44.3822216Z" end-time="2026-03-19T22:54:44.3836849Z" duration="0.000867" total="1" passed="1" failed="0" warnings="0" inconclusive="0" skipped="0" asserts="5">
        <test-case id="1-1197" name="TestImportsCircularA" fullname="Kaitai.SpecImportsCircularA.TestImportsCircularA" methodname="TestImportsCircularA" classname="Kaitai.SpecImportsCircularA" runstate="Runnable" seed="1717524520" result="Passed" start-time="2026-03-19T22:54:44.3822216Z" end-time="2026-03-19T22:54:44.3836849Z" duration="0.000777" asserts="5" />
      </test-suite>
      <test-suite type="TestFixture" id="1-1198" name="SpecImportsParamsDefArrayUsertypeImported" fullname="Kaitai.SpecImportsParamsDefArrayUsertypeImported" classname="Kaitai.SpecImportsParamsDefArrayUsertypeImported" runstate="Runnable" testcasecount="1" result="Passed" start-time="2026-03-19T22:54:44.3836849Z" end-time="2026-03-19T22:54:44.3842443Z" duration="0.001291" total="1" passed="1" failed="0" warnings="0" inconclusive="0" skipped="0" asserts="5">
[...]
      </test-suite>
      <test-suite type="TestFixture" id="1-1464" name="SpecValidFailEqInt" fullname="Kaitai.SpecValidFailEqInt" classname="Kaitai.SpecValidFailEqInt" runstate="Runnable" testcasecount="1" result="Passed" start-time="2026-03-19T22:54:44.5736213Z" end-time="2026-03-19T22:54:44.5756415Z" duration="0.000807" total="1" passed="1" failed="0" warnings="0" inconclusive="0" skipped="0" asserts="1">
        <test-case id="1-1465" name="TestValidFailEqInt" fullname="Kaitai.SpecValidFailEqInt.TestValidFailEqInt" methodname="TestValidFailEqInt" classname="Kaitai.SpecValidFailEqInt" runstate="Runnable" seed="1378363698" result="Passed" start-time="2026-03-19T22:54:44.5751163Z" end-time="2026-03-19T22:54:44.5756415Z" duration="0.000661" asserts="1" />
      </test-suite>
      <test-suite type="TestFixture" id="1-1466" name="SpecValidFailEqStr" fullname="Kaitai.SpecValidFailEqStr" classname="Kaitai.SpecValidFailEqStr" runstate="Runnable" testcasecount="1" result="Passed" start-time="2026-03-19T22:54:44.5756415Z" end-time="2026-03-19T22:54:44.5756415Z" duration="0.000632" total="1" passed="1" failed="0" warnings="0" inconclusive="0" skipped="0" asserts="1">
        <test-case id="1-1467" name="TestValidFailEqStr" fullname="Kaitai.SpecValidFailEqStr.TestValidFailEqStr" methodname="TestValidFailEqStr" classname="Kaitai.SpecValidFailEqStr" runstate="Runnable" seed="2000197568" result="Passed" start-time="2026-03-19T22:54:44.5756415Z" end-time="2026-03-19T22:54:44.5756415Z" duration="0.000535" asserts="1" />
      </test-suite>
      <test-suite type="TestFixture" id="1-1468" name="SpecValidFailExpr" fullname="Kaitai.SpecValidFailExpr" classname="Kaitai.SpecValidFailExpr" runstate="Runnable" testcasecount="1" result="Passed" start-time="2026-03-19T22:54:44.5756415Z" end-time="2026-03-19T22:54:44.5771404Z" duration="0.001052" total="1" passed="1" failed="0" warnings="0" inconclusive="0" skipped="0" asserts="1">
        <test-case id="1-1469" name="TestValidFailExpr" fullname="Kaitai.SpecValidFailExpr.TestValidFailExpr" methodname="TestValidFailExpr" classname="Kaitai.SpecValidFailExpr" runstate="Runnable" seed="553811667" result="Passed" start-time="2026-03-19T22:54:44.5756415Z" end-time="2026-03-19T22:54:44.5771404Z" duration="0.000952" asserts="1" />
      </test-suite>
      <test-suite type="TestFixture" id="1-1470" name="SpecValidFailInEnum" fullname="Kaitai.SpecValidFailInEnum" classname="Kaitai.SpecValidFailInEnum" runstate="Runnable" testcasecount="1" result="Passed" start-time="2026-03-19T22:54:44.5771404Z" end-time="2026-03-19T22:54:44.5776633Z" duration="0.000892" total="1" passed="1" failed="0" warnings="0" inconclusive="0" skipped="0" asserts="1">
        <test-case id="1-1471" name="TestValidFailInEnum" fullname="Kaitai.SpecValidFailInEnum.TestValidFailInEnum" methodname="TestValidFailInEnum" classname="Kaitai.SpecValidFailInEnum" runstate="Runnable" seed="176579859" result="Passed" start-time="2026-03-19T22:54:44.5776633Z" end-time="2026-03-19T22:54:44.5776633Z" duration="0.000779" asserts="1" />
      </test-suite>
      <test-suite type="TestFixture" id="1-1472" name="SpecValidFailInst" fullname="Kaitai.SpecValidFailInst" classname="Kaitai.SpecValidFailInst" runstate="Runnable" testcasecount="1" result="Passed" start-time="2026-03-19T22:54:44.5776633Z" end-time="2026-03-19T22:54:44.5786679Z" duration="0.000919" total="1" passed="1" failed="0" warnings="0" inconclusive="0" skipped="0" asserts="1">
        <test-case id="1-1473" name="TestValidFailInst" fullname="Kaitai.SpecValidFailInst.TestValidFailInst" methodname="TestValidFailInst" classname="Kaitai.SpecValidFailInst" runstate="Runnable" seed="2056131839" result="Passed" start-time="2026-03-19T22:54:44.5776633Z" end-time="2026-03-19T22:54:44.5786679Z" duration="0.000827" asserts="1" />
      </test-suite>
      <test-suite type="TestFixture" id="1-1474" name="SpecValidFailMaxInt" fullname="Kaitai.SpecValidFailMaxInt" classname="Kaitai.SpecValidFailMaxInt" runstate="Runnable" testcasecount="1" result="Passed" start-time="2026-03-19T22:54:44.5786679Z" end-time="2026-03-19T22:54:44.5786679Z" duration="0.000791" total="1" passed="1" failed="0" warnings="0" inconclusive="0" skipped="0" asserts="1">
        <test-case id="1-1475" name="TestValidFailMaxInt" fullname="Kaitai.SpecValidFailMaxInt.TestValidFailMaxInt" methodname="TestValidFailMaxInt" classname="Kaitai.SpecValidFailMaxInt" runstate="Runnable" seed="191689505" result="Passed" start-time="2026-03-19T22:54:44.5786679Z" end-time="2026-03-19T22:54:44.5786679Z" duration="0.000695" asserts="1" />
      </test-suite>
      <test-suite type="TestFixture" id="1-1476" name="SpecValidFailMinInt" fullname="Kaitai.SpecValidFailMinInt" classname="Kaitai.SpecValidFailMinInt" runstate="Runnable" testcasecount="1" result="Passed" start-time="2026-03-19T22:54:44.5786679Z" end-time="2026-03-19T22:54:44.5807030Z" duration="0.000926" total="1" passed="1" failed="0" warnings="0" inconclusive="0" skipped="0" asserts="1">
        <test-case id="1-1477" name="TestValidFailMinInt" fullname="Kaitai.SpecValidFailMinInt.TestValidFailMinInt" methodname="TestValidFailMinInt" classname="Kaitai.SpecValidFailMinInt" runstate="Runnable" seed="1138748156" result="Passed" start-time="2026-03-19T22:54:44.5786679Z" end-time="2026-03-19T22:54:44.5807030Z" duration="0.000830" asserts="1" />
      </test-suite>
      <test-suite type="TestFixture" id="1-1478" name="SpecValidFailRangeBytes" fullname="Kaitai.SpecValidFailRangeBytes" classname="Kaitai.SpecValidFailRangeBytes" runstate="Runnable" testcasecount="1" result="Passed" start-time="2026-03-19T22:54:44.5807030Z" end-time="2026-03-19T22:54:44.5814468Z" duration="0.001052" total="1" passed="1" failed="0" warnings="0" inconclusive="0" skipped="0" asserts="1">
        <test-case id="1-1479" name="TestValidFailRangeBytes" fullname="Kaitai.SpecValidFailRangeBytes.TestValidFailRangeBytes" methodname="TestValidFailRangeBytes" classname="Kaitai.SpecValidFailRangeBytes" runstate="Runnable" seed="1872478828" result="Passed" start-time="2026-03-19T22:54:44.5807030Z" end-time="2026-03-19T22:54:44.5814468Z" duration="0.000955" asserts="1" />
      </test-suite>
      <test-suite type="TestFixture" id="1-1480" name="SpecValidFailRangeFloat" fullname="Kaitai.SpecValidFailRangeFloat" classname="Kaitai.SpecValidFailRangeFloat" runstate="Runnable" testcasecount="1" result="Passed" start-time="2026-03-19T22:54:44.5814468Z" end-time="2026-03-19T22:54:44.5834685Z" duration="0.001733" total="1" passed="1" failed="0" warnings="0" inconclusive="0" skipped="0" asserts="1">
        <test-case id="1-1481" name="TestValidFailRangeFloat" fullname="Kaitai.SpecValidFailRangeFloat.TestValidFailRangeFloat" methodname="TestValidFailRangeFloat" classname="Kaitai.SpecValidFailRangeFloat" runstate="Runnable" seed="1674592056" result="Passed" start-time="2026-03-19T22:54:44.5814468Z" end-time="2026-03-19T22:54:44.5834685Z" duration="0.001638" asserts="1" />
      </test-suite>
      <test-suite type="TestFixture" id="1-1482" name="SpecValidFailRangeInt" fullname="Kaitai.SpecValidFailRangeInt" classname="Kaitai.SpecValidFailRangeInt" runstate="Runnable" testcasecount="1" result="Passed" start-time="2026-03-19T22:54:44.5834685Z" end-time="2026-03-19T22:54:44.5834685Z" duration="0.000685" total="1" passed="1" failed="0" warnings="0" inconclusive="0" skipped="0" asserts="1">
        <test-case id="1-1483" name="TestValidFailRangeInt" fullname="Kaitai.SpecValidFailRangeInt.TestValidFailRangeInt" methodname="TestValidFailRangeInt" classname="Kaitai.SpecValidFailRangeInt" runstate="Runnable" seed="284606066" result="Passed" start-time="2026-03-19T22:54:44.5834685Z" end-time="2026-03-19T22:54:44.5834685Z" duration="0.000588" asserts="1" />
      </test-suite>
      <test-suite type="TestFixture" id="1-1484" name="SpecValidFailRangeStr" fullname="Kaitai.SpecValidFailRangeStr" classname="Kaitai.SpecValidFailRangeStr" runstate="Runnable" testcasecount="1" result="Passed" start-time="2026-03-19T22:54:44.5834685Z" end-time="2026-03-19T22:54:44.5847468Z" duration="0.000766" total="1" passed="1" failed="0" warnings="0" inconclusive="0" skipped="0" asserts="1">
        <test-case id="1-1485" name="TestValidFailRangeStr" fullname="Kaitai.SpecValidFailRangeStr.TestValidFailRangeStr" methodname="TestValidFailRangeStr" classname="Kaitai.SpecValidFailRangeStr" runstate="Runnable" seed="1186361076" result="Passed" start-time="2026-03-19T22:54:44.5847468Z" end-time="2026-03-19T22:54:44.5847468Z" duration="0.000638" asserts="1" />
      </test-suite>
      <test-suite type="TestFixture" id="1-1486" name="SpecValidFailRepeatAnyofInt" fullname="Kaitai.SpecValidFailRepeatAnyofInt" classname="Kaitai.SpecValidFailRepeatAnyofInt" runstate="Runnable" testcasecount="1" result="Passed" start-time="2026-03-19T22:54:44.5847468Z" end-time="2026-03-19T22:54:44.5854862Z" duration="0.000737" total="1" passed="1" failed="0" warnings="0" inconclusive="0" skipped="0" asserts="1">
        <test-case id="1-1487" name="TestValidFailRepeatAnyofInt" fullname="Kaitai.SpecValidFailRepeatAnyofInt.TestValidFailRepeatAnyofInt" methodname="TestValidFailRepeatAnyofInt" classname="Kaitai.SpecValidFailRepeatAnyofInt" runstate="Runnable" seed="702872859" result="Passed" start-time="2026-03-19T22:54:44.5854862Z" end-time="2026-03-19T22:54:44.5854862Z" duration="0.000641" asserts="1" />
      </test-suite>
      <test-suite type="TestFixture" id="1-1488" name="SpecValidFailRepeatContents" fullname="Kaitai.SpecValidFailRepeatContents" classname="Kaitai.SpecValidFailRepeatContents" runstate="Runnable" testcasecount="1" result="Passed" start-time="2026-03-19T22:54:44.5854862Z" end-time="2026-03-19T22:54:44.5867655Z" duration="0.000799" total="1" passed="1" failed="0" warnings="0" inconclusive="0" skipped="0" asserts="1">
        <test-case id="1-1489" name="TestValidFailRepeatContents" fullname="Kaitai.SpecValidFailRepeatContents.TestValidFailRepeatContents" methodname="TestValidFailRepeatContents" classname="Kaitai.SpecValidFailRepeatContents" runstate="Runnable" seed="1071473239" result="Passed" start-time="2026-03-19T22:54:44.5854862Z" end-time="2026-03-19T22:54:44.5867655Z" duration="0.000702" asserts="1" />
      </test-suite>
      <test-suite type="TestFixture" id="1-1490" name="SpecValidFailRepeatEqInt" fullname="Kaitai.SpecValidFailRepeatEqInt" classname="Kaitai.SpecValidFailRepeatEqInt" runstate="Runnable" testcasecount="1" result="Passed" start-time="2026-03-19T22:54:44.5867655Z" end-time="2026-03-19T22:54:44.5875016Z" duration="0.000722" total="1" passed="1" failed="0" warnings="0" inconclusive="0" skipped="0" asserts="1">
        <test-case id="1-1491" name="TestValidFailRepeatEqInt" fullname="Kaitai.SpecValidFailRepeatEqInt.TestValidFailRepeatEqInt" methodname="TestValidFailRepeatEqInt" classname="Kaitai.SpecValidFailRepeatEqInt" runstate="Runnable" seed="1481877060" result="Passed" start-time="2026-03-19T22:54:44.5867655Z" end-time="2026-03-19T22:54:44.5875016Z" duration="0.000625" asserts="1" />
      </test-suite>
      <test-suite type="TestFixture" id="1-1492" name="SpecValidFailRepeatExpr" fullname="Kaitai.SpecValidFailRepeatExpr" classname="Kaitai.SpecValidFailRepeatExpr" runstate="Runnable" testcasecount="1" result="Passed" start-time="2026-03-19T22:54:44.5875016Z" end-time="2026-03-19T22:54:44.5875016Z" duration="0.000737" total="1" passed="1" failed="0" warnings="0" inconclusive="0" skipped="0" asserts="1">
        <test-case id="1-1493" name="TestValidFailRepeatExpr" fullname="Kaitai.SpecValidFailRepeatExpr.TestValidFailRepeatExpr" methodname="TestValidFailRepeatExpr" classname="Kaitai.SpecValidFailRepeatExpr" runstate="Runnable" seed="1777217197" result="Passed" start-time="2026-03-19T22:54:44.5875016Z" end-time="2026-03-19T22:54:44.5875016Z" duration="0.000634" asserts="1" />
      </test-suite>
      <test-suite type="TestFixture" id="1-1494" name="SpecValidFailRepeatInst" fullname="Kaitai.SpecValidFailRepeatInst" classname="Kaitai.SpecValidFailRepeatInst" runstate="Runnable" testcasecount="1" result="Passed" start-time="2026-03-19T22:54:44.5875016Z" end-time="2026-03-19T22:54:44.5895185Z" duration="0.001034" total="1" passed="1" failed="0" warnings="0" inconclusive="0" skipped="0" asserts="1">
        <test-case id="1-1495" name="TestValidFailRepeatInst" fullname="Kaitai.SpecValidFailRepeatInst.TestValidFailRepeatInst" methodname="TestValidFailRepeatInst" classname="Kaitai.SpecValidFailRepeatInst" runstate="Runnable" seed="1512216616" result="Passed" start-time="2026-03-19T22:54:44.5875016Z" end-time="2026-03-19T22:54:44.5895185Z" duration="0.000934" asserts="1" />
      </test-suite>
      <test-suite type="TestFixture" id="1-1496" name="SpecValidFailRepeatMaxInt" fullname="Kaitai.SpecValidFailRepeatMaxInt" classname="Kaitai.SpecValidFailRepeatMaxInt" runstate="Runnable" testcasecount="1" result="Passed" start-time="2026-03-19T22:54:44.5895185Z" end-time="2026-03-19T22:54:44.5895185Z" duration="0.000763" total="1" passed="1" failed="0" warnings="0" inconclusive="0" skipped="0" asserts="1">
        <test-case id="1-1497" name="TestValidFailRepeatMaxInt" fullname="Kaitai.SpecValidFailRepeatMaxInt.TestValidFailRepeatMaxInt" methodname="TestValidFailRepeatMaxInt" classname="Kaitai.SpecValidFailRepeatMaxInt" runstate="Runnable" seed="1038487977" result="Passed" start-time="2026-03-19T22:54:44.5895185Z" end-time="2026-03-19T22:54:44.5895185Z" duration="0.000639" asserts="1" />
      </test-suite>
      <test-suite type="TestFixture" id="1-1498" name="SpecValidFailRepeatMinInt" fullname="Kaitai.SpecValidFailRepeatMinInt" classname="Kaitai.SpecValidFailRepeatMinInt" runstate="Runnable" testcasecount="1" result="Passed" start-time="2026-03-19T22:54:44.5895185Z" end-time="2026-03-19T22:54:44.5915419Z" duration="0.002117" total="1" passed="1" failed="0" warnings="0" inconclusive="0" skipped="0" asserts="1">
        <test-case id="1-1499" name="TestValidFailRepeatMinInt" fullname="Kaitai.SpecValidFailRepeatMinInt.TestValidFailRepeatMinInt" methodname="TestValidFailRepeatMinInt" classname="Kaitai.SpecValidFailRepeatMinInt" runstate="Runnable" seed="1547290208" result="Passed" start-time="2026-03-19T22:54:44.5895185Z" end-time="2026-03-19T22:54:44.5915419Z" duration="0.002020" asserts="1" />
      </test-suite>
      <test-suite type="TestFixture" id="1-1500" name="SpecValidLong" fullname="Kaitai.SpecValidLong" classname="Kaitai.SpecValidLong" runstate="Runnable" testcasecount="1" result="Passed" start-time="2026-03-19T22:54:44.5915419Z" end-time="2026-03-19T22:54:44.5935658Z" duration="0.001368" total="1" passed="1" failed="0" warnings="0" inconclusive="0" skipped="0" asserts="0">
        <test-case id="1-1501" name="TestValidLong" fullname="Kaitai.SpecValidLong.TestValidLong" methodname="TestValidLong" classname="Kaitai.SpecValidLong" runstate="Runnable" seed="48103649" result="Passed" start-time="2026-03-19T22:54:44.5915419Z" end-time="2026-03-19T22:54:44.5935658Z" duration="0.001270" asserts="0" />
      </test-suite>
      <test-suite type="TestFixture" id="1-1502" name="SpecValidNotParsedIf" fullname="Kaitai.SpecValidNotParsedIf" classname="Kaitai.SpecValidNotParsedIf" runstate="Runnable" testcasecount="1" result="Passed" start-time="2026-03-19T22:54:44.5935658Z" end-time="2026-03-19T22:54:44.5935658Z" duration="0.000598" total="1" passed="1" failed="0" warnings="0" inconclusive="0" skipped="0" asserts="0">
        <test-case id="1-1503" name="TestValidNotParsedIf" fullname="Kaitai.SpecValidNotParsedIf.TestValidNotParsedIf" methodname="TestValidNotParsedIf" classname="Kaitai.SpecValidNotParsedIf" runstate="Runnable" seed="1355952561" result="Passed" start-time="2026-03-19T22:54:44.5935658Z" end-time="2026-03-19T22:54:44.5935658Z" duration="0.000501" asserts="0" />
      </test-suite>
      <test-suite type="TestFixture" id="1-1504" name="SpecValidOptionalId" fullname="Kaitai.SpecValidOptionalId" classname="Kaitai.SpecValidOptionalId" runstate="Runnable" testcasecount="1" result="Passed" start-time="2026-03-19T22:54:44.5935658Z" end-time="2026-03-19T22:54:44.5951134Z" duration="0.000803" total="1" passed="1" failed="0" warnings="0" inconclusive="0" skipped="0" asserts="0">
        <test-case id="1-1505" name="TestValidOptionalId" fullname="Kaitai.SpecValidOptionalId.TestValidOptionalId" methodname="TestValidOptionalId" classname="Kaitai.SpecValidOptionalId" runstate="Runnable" seed="1350213313" result="Passed" start-time="2026-03-19T22:54:44.5935658Z" end-time="2026-03-19T22:54:44.5951134Z" duration="0.000706" asserts="0" />
      </test-suite>
      <test-suite type="TestFixture" id="1-1506" name="SpecValidShort" fullname="Kaitai.SpecValidShort" classname="Kaitai.SpecValidShort" runstate="Runnable" testcasecount="1" result="Passed" start-time="2026-03-19T22:54:44.5951134Z" end-time="2026-03-19T22:54:44.5951134Z" duration="0.001294" total="1" passed="1" failed="0" warnings="0" inconclusive="0" skipped="0" asserts="0">
        <test-case id="1-1507" name="TestValidShort" fullname="Kaitai.SpecValidShort.TestValidShort" methodname="TestValidShort" classname="Kaitai.SpecValidShort" runstate="Runnable" seed="365842962" result="Passed" start-time="2026-03-19T22:54:44.5951134Z" end-time="2026-03-19T22:54:44.5951134Z" duration="0.001186" asserts="0" />
      </test-suite>
      <test-suite type="TestFixture" id="1-1508" name="SpecValidSwitch" fullname="Kaitai.SpecValidSwitch" classname="Kaitai.SpecValidSwitch" runstate="Runnable" testcasecount="1" result="Passed" start-time="2026-03-19T22:54:44.5951134Z" end-time="2026-03-19T22:54:44.5971381Z" duration="0.000733" total="1" passed="1" failed="0" warnings="0" inconclusive="0" skipped="0" asserts="0">
        <test-case id="1-1509" name="TestValidSwitch" fullname="Kaitai.SpecValidSwitch.TestValidSwitch" methodname="TestValidSwitch" classname="Kaitai.SpecValidSwitch" runstate="Runnable" seed="1889962713" result="Passed" start-time="2026-03-19T22:54:44.5966719Z" end-time="2026-03-19T22:54:44.5971381Z" duration="0.000616" asserts="0" />
      </test-suite>
      <test-suite type="TestFixture" id="1-1510" name="SpecZlibSurrounded" fullname="Kaitai.SpecZlibSurrounded" classname="Kaitai.SpecZlibSurrounded" runstate="Runnable" testcasecount="1" result="Passed" start-time="2026-03-19T22:54:44.5971381Z" end-time="2026-03-19T22:54:44.6146025Z" duration="0.017914" total="1" passed="1" failed="0" warnings="0" inconclusive="0" skipped="0" asserts="1">
        <test-case id="1-1511" name="TestZlibSurrounded" fullname="Kaitai.SpecZlibSurrounded.TestZlibSurrounded" methodname="TestZlibSurrounded" classname="Kaitai.SpecZlibSurrounded" runstate="Runnable" seed="749974814" result="Passed" start-time="2026-03-19T22:54:44.5971381Z" end-time="2026-03-19T22:54:44.6146025Z" duration="0.017813" asserts="1" />
      </test-suite>
      <test-suite type="TestFixture" id="1-1512" name="SpecZlibWithHeader78" fullname="Kaitai.SpecZlibWithHeader78" classname="Kaitai.SpecZlibWithHeader78" runstate="Runnable" testcasecount="1" result="Passed" start-time="2026-03-19T22:54:44.6146025Z" end-time="2026-03-19T22:54:44.6153669Z" duration="0.000679" total="1" passed="1" failed="0" warnings="0" inconclusive="0" skipped="0" asserts="1">
        <test-case id="1-1513" name="TestZlibWithHeader78" fullname="Kaitai.SpecZlibWithHeader78.TestZlibWithHeader78" methodname="TestZlibWithHeader78" classname="Kaitai.SpecZlibWithHeader78" runstate="Runnable" seed="1530614997" result="Passed" start-time="2026-03-19T22:54:44.6146025Z" end-time="2026-03-19T22:54:44.6153669Z" duration="0.000567" asserts="1" />
      </test-suite>
    </test-suite>
  </test-suite>
</test-run>