<?xml version="1.0" encoding="utf-8" standalone="no"?>
<test-run id="0" runstate="Runnable" testcasecount="256" result="Failed" total="256" passed="255" failed="1" warnings="0" inconclusive="0" skipped="0" asserts="1144" engine-version="3.19.0.0" clr-version="4.0.30319.42000" start-time="2025-12-12 23:33:08Z" end-time="2025-12-12 23:33:10Z" duration="1.622686">
  <command-line><![CDATA[C:\Users\runneradmin\.nuget\packages\nunit.consolerunner\3.19.0\tools\nunit3-console.exe --result=test_out/csharp/TestResult.xml spec/csharp/kaitai_struct_csharp_tests_netframework/bin/Debug/kaitai_struct_csharp_tests.dll]]></command-line>
  <test-suite type="Assembly" id="1-1512" name="kaitai_struct_csharp_tests.dll" fullname="D:\a\ci_targets\ci_targets\tests\spec\csharp\kaitai_struct_csharp_tests_netframework\bin\Debug\kaitai_struct_csharp_tests.dll" runstate="Runnable" testcasecount="256" result="Failed" site="Child" start-time="2025-12-12T23:33:09.5839726Z" end-time="2025-12-12T23:33:10.1800638Z" duration="0.593891" total="256" passed="255" failed="1" warnings="0" inconclusive="0" skipped="0" asserts="1144">
    <environment framework-version="3.14.0.0" clr-version="4.0.30319.42000" os-version="Microsoft Windows NT 10.0.26100.0" platform="Win32NT" cwd="D:\a\ci_targets\ci_targets\tests" machine-name="runnervm8j6r3" user="runneradmin" user-domain="runnervm8j6r3" culture="en-US" uiculture="en-US" os-architecture="x64" />
    <settings>
      <setting name="DisposeRunners" value="True" />
      <setting name="WorkDirectory" value="D:\a\ci_targets\ci_targets\tests" />
      <setting name="ImageRuntimeVersion" value="4.0.30319" />
      <setting name="ImageTargetFrameworkName" value=".NETFramework,Version=v4.8" />
      <setting name="ImageRequiresX86" value="False" />
      <setting name="ImageRequiresDefaultAppDomainAssemblyResolver" value="False" />
      <setting name="TargetRuntimeFramework" value="net-4.8" />
      <setting name="NumberOfTestWorkers" value="4" />
    </settings>
    <properties>
      <property name="_PID" value="9640" />
      <property name="_APPDOMAIN" value="domain-" />
    </properties>
    <failure>
      <message><![CDATA[One or more child tests had errors]]></message>
    </failure>
    <test-suite type="TestSuite" id="1-1513" name="Kaitai" fullname="Kaitai" runstate="Runnable" testcasecount="256" result="Failed" site="Child" start-time="2025-12-12T23:33:09.5998746Z" end-time="2025-12-12T23:33:10.1800638Z" duration="0.579178" total="256" passed="255" failed="1" warnings="0" inconclusive="0" skipped="0" asserts="1144">
      <failure>
        <message><![CDATA[One or more child tests had errors]]></message>
      </failure>
      <test-suite type="TestFixture" id="1-1000" name="SpecBcdUserTypeBe" fullname="Kaitai.SpecBcdUserTypeBe" classname="Kaitai.SpecBcdUserTypeBe" runstate="Runnable" testcasecount="1" result="Passed" start-time="2025-12-12T23:33:09.6039136Z" end-time="2025-12-12T23:33:09.7265945Z" duration="0.124501" total="1" passed="1" failed="0" warnings="0" inconclusive="0" skipped="0" asserts="6">
        <test-case id="1-1001" name="TestBcdUserTypeBe" fullname="Kaitai.SpecBcdUserTypeBe.TestBcdUserTypeBe" methodname="TestBcdUserTypeBe" classname="Kaitai.SpecBcdUserTypeBe" runstate="Runnable" seed="1684258079" result="Passed" start-time="2025-12-12T23:33:09.6059351Z" end-time="2025-12-12T23:33:09.7228184Z" duration="0.117544" asserts="6" />
      </test-suite>
      <test-suite type="TestFixture" id="1-1002" name="SpecBcdUserTypeLe" fullname="Kaitai.SpecBcdUserTypeLe" classname="Kaitai.SpecBcdUserTypeLe" runstate="Runnable" testcasecount="1" result="Passed" start-time="2025-12-12T23:33:09.7293812Z" end-time="2025-12-12T23:33:09.7346733Z" duration="0.004352" total="1" passed="1" failed="0" warnings="0" inconclusive="0" skipped="0" asserts="6">
        <test-case id="1-1003" name="TestBcdUserTypeLe" fullname="Kaitai.SpecBcdUserTypeLe.TestBcdUserTypeLe" methodname="TestBcdUserTypeLe" classname="Kaitai.SpecBcdUserTypeLe" runstate="Runnable" seed="1864247317" result="Passed" start-time="2025-12-12T23:33:09.7293812Z" end-time="2025-12-12T23:33:09.7346733Z" duration="0.004203" asserts="6" />
      </test-suite>
      <test-suite type="TestFixture" id="1-1004" name="SpecBitsByteAligned" fullname="Kaitai.SpecBitsByteAligned" classname="Kaitai.SpecBitsByteAligned" runstate="Runnable" testcasecount="1" result="Passed" start-time="2025-12-12T23:33:09.7346733Z" end-time="2025-12-12T23:33:09.7465509Z" duration="0.012843" total="1" passed="1" failed="0" warnings="0" inconclusive="0" skipped="0" asserts="9">
        <test-case id="1-1005" name="TestBitsByteAligned" fullname="Kaitai.SpecBitsByteAligned.TestBitsByteAligned" methodname="TestBitsByteAligned" classname="Kaitai.SpecBitsByteAligned" runstate="Runnable" seed="1447525193" result="Passed" start-time="2025-12-12T23:33:09.7346733Z" end-time="2025-12-12T23:33:09.7465509Z" duration="0.012716" asserts="9" />
      </test-suite>
      <test-suite type="TestFixture" id="1-1006" name="SpecBitsEnum" fullname="Kaitai.SpecBitsEnum" classname="Kaitai.SpecBitsEnum" runstate="Runnable" testcasecount="1" result="Passed" start-time="2025-12-12T23:33:09.7465509Z" end-time="2025-12-12T23:33:09.7465509Z" duration="0.000697" total="1" passed="1" failed="0" warnings="0" inconclusive="0" skipped="0" asserts="3">
        <test-case id="1-1007" name="TestBitsEnum" fullname="Kaitai.SpecBitsEnum.TestBitsEnum" methodname="TestBitsEnum" classname="Kaitai.SpecBitsEnum" runstate="Runnable" seed="1147212539" result="Passed" start-time="2025-12-12T23:33:09.7465509Z" end-time="2025-12-12T23:33:09.7465509Z" duration="0.000599" asserts="3" />
      </test-suite>
      <test-suite type="TestFixture" id="1-1008" name="SpecBitsSeqEndianCombo" fullname="Kaitai.SpecBitsSeqEndianCombo" classname="Kaitai.SpecBitsSeqEndianCombo" runstate="Runnable" testcasecount="1" result="Passed" start-time="2025-12-12T23:33:09.7465509Z" end-time="2025-12-12T23:33:09.7485775Z" duration="0.001523" total="1" passed="1" failed="0" warnings="0" inconclusive="0" skipped="0" asserts="8">
        <test-case id="1-1009" name="TestBitsSeqEndianCombo" fullname="Kaitai.SpecBitsSeqEndianCombo.TestBitsSeqEndianCombo" methodname="TestBitsSeqEndianCombo" classname="Kaitai.SpecBitsSeqEndianCombo" runstate="Runnable" seed="971248512" result="Passed" start-time="2025-12-12T23:33:09.7465509Z" end-time="2025-12-12T23:33:09.7485775Z" duration="0.001428" asserts="8" />
      </test-suite>
      <test-suite type="TestFixture" id="1-1010" name="SpecBitsShiftByB32Le" fullname="Kaitai.SpecBitsShiftByB32Le" classname="Kaitai.SpecBitsShiftByB32Le" runstate="Runnable" testcasecount="1" result="Passed" start-time="2025-12-12T23:33:09.7485775Z" end-time="2025-12-12T23:33:09.7506025Z" duration="0.000855" total="1" passed="1" failed="0" warnings="0" inconclusive="0" skipped="0" asserts="2">
        <test-case id="1-1011" name="TestBitsShiftByB32Le" fullname="Kaitai.SpecBitsShiftByB32Le.TestBitsShiftByB32Le" methodname="TestBitsShiftByB32Le" classname="Kaitai.SpecBitsShiftByB32Le" runstate="Runnable" seed="1556528505" result="Passed" start-time="2025-12-12T23:33:09.7485775Z" end-time="2025-12-12T23:33:09.7506025Z" duration="0.000695" asserts="2" />
      </test-suite>
      <test-suite type="TestFixture" id="1-1012" name="SpecBitsShiftByB64Le" fullname="Kaitai.SpecBitsShiftByB64Le" classname="Kaitai.SpecBitsShiftByB64Le" runstate="Runnable" testcasecount="1" result="Passed" start-time="2025-12-12T23:33:09.7506025Z" end-time="2025-12-12T23:33:09.7506025Z" duration="0.000580" total="1" passed="1" failed="0" warnings="0" inconclusive="0" skipped="0" asserts="2">
        <test-case id="1-1013" name="TestBitsShiftByB64Le" fullname="Kaitai.SpecBitsShiftByB64Le.TestBitsShiftByB64Le" methodname="TestBitsShiftByB64Le" classname="Kaitai.SpecBitsShiftByB64Le" runstate="Runnable" seed="1958678183" result="Passed" start-time="2025-12-12T23:33:09.7506025Z" end-time="2025-12-12T23:33:09.7506025Z" duration="0.000467" asserts="2" />
      </test-suite>
      <test-suite type="TestFixture" id="1-1014" name="SpecBitsSignedResB32Be" fullname="Kaitai.SpecBitsSignedResB32Be" classname="Kaitai.SpecBitsSignedResB32Be" runstate="Runnable" testcasecount="1" result="Passed" start-time="2025-12-12T23:33:09.7506025Z" end-time="2025-12-12T23:33:09.7506025Z" duration="0.000487" total="1" passed="1" failed="0" warnings="0" inconclusive="0" skipped="0" asserts="1">
        <test-case id="1-1015" name="TestBitsSignedResB32Be" fullname="Kaitai.SpecBitsSignedResB32Be.TestBitsSignedResB32Be" methodname="TestBitsSignedResB32Be" classname="Kaitai.SpecBitsSignedResB32Be" runstate="Runnable" seed="1583510927" result="Passed" start-time="2025-12-12T23:33:09.7506025Z" end-time="2025-12-12T23:33:09.7506025Z" duration="0.000395" asserts="1" />
      </test-suite>
      <test-suite type="TestFixture" id="1-1016" name="SpecBitsSignedResB32Le" fullname="Kaitai.SpecBitsSignedResB32Le" classname="Kaitai.SpecBitsSignedResB32Le" runstate="Runnable" testcasecount="1" result="Passed" start-time="2025-12-12T23:33:09.7506025Z" end-time="2025-12-12T23:33:09.7506025Z" duration="0.000477" total="1" passed="1" failed="0" warnings="0" inconclusive="0" skipped="0" asserts="1">
        <test-case id="1-1017" name="TestBitsSignedResB32Le" fullname="Kaitai.SpecBitsSignedResB32Le.TestBitsSignedResB32Le" methodname="TestBitsSignedResB32Le" classname="Kaitai.SpecBitsSignedResB32Le" runstate="Runnable" seed="283501596" result="Passed" start-time="2025-12-12T23:33:09.7506025Z" end-time="2025-12-12T23:33:09.7506025Z" duration="0.000390" asserts="1" />
      </test-suite>
      <test-suite type="TestFixture" id="1-1018" name="SpecBitsSignedShiftB32Le" fullname="Kaitai.SpecBitsSignedShiftB32Le" classname="Kaitai.SpecBitsSignedShiftB32Le" runstate="Runnable" testcasecount="1" result="Passed" start-time="2025-12-12T23:33:09.7506025Z" end-time="2025-12-12T23:33:09.7526233Z" duration="0.000600" total="1" passed="1" failed="0" warnings="0" inconclusive="0" skipped="0" asserts="2">
        <test-case id="1-1019" name="TestBitsSignedShiftB32Le" fullname="Kaitai.SpecBitsSignedShiftB32Le.TestBitsSignedShiftB32Le" methodname="TestBitsSignedShiftB32Le" classname="Kaitai.SpecBitsSignedShiftB32Le" runstate="Runnable" seed="1736769416" result="Passed" start-time="2025-12-12T23:33:09.7506025Z" end-time="2025-12-12T23:33:09.7526233Z" duration="0.000506" asserts="2" />
      </test-suite>
      <test-suite type="TestFixture" id="1-1020" name="SpecBitsSignedShiftB64Le" fullname="Kaitai.SpecBitsSignedShiftB64Le" classname="Kaitai.SpecBitsSignedShiftB64Le" runstate="Runnable" testcasecount="1" result="Passed" start-time="2025-12-12T23:33:09.7526233Z" end-time="2025-12-12T23:33:09.7526233Z" duration="0.000522" total="1" passed="1" failed="0" warnings="0" inconclusive="0" skipped="0" asserts="2">
        <test-case id="1-1021" name="TestBitsSignedShiftB64Le" fullname="Kaitai.SpecBitsSignedShiftB64Le.TestBitsSignedShiftB64Le" methodname="TestBitsSignedShiftB64Le" classname="Kaitai.SpecBitsSignedShiftB64Le" runstate="Runnable" seed="1527027821" result="Passed" start-time="2025-12-12T23:33:09.7526233Z" end-time="2025-12-12T23:33:09.7526233Z" duration="0.000434" asserts="2" />
      </test-suite>
      <test-suite type="TestFixture" id="1-1022" name="SpecBitsSimple" fullname="Kaitai.SpecBitsSimple" classname="Kaitai.SpecBitsSimple" runstate="Runnable" testcasecount="1" result="Passed" start-time="2025-12-12T23:33:09.7526233Z" end-time="2025-12-12T23:33:09.7546410Z" duration="0.001961" total="1" passed="1" failed="0" warnings="0" inconclusive="0" skipped="0" asserts="14">
        <test-case id="1-1023" name="TestBitsSimple" fullname="Kaitai.SpecBitsSimple.TestBitsSimple" methodname="TestBitsSimple" classname="Kaitai.SpecBitsSimple" runstate="Runnable" seed="1550112871" result="Passed" start-time="2025-12-12T23:33:09.7526233Z" end-time="2025-12-12T23:33:09.7546410Z" duration="0.001873" asserts="14" />
      </test-suite>
      <test-suite type="TestFixture" id="1-1024" name="SpecBitsSimpleLe" fullname="Kaitai.SpecBitsSimpleLe" classname="Kaitai.SpecBitsSimpleLe" runstate="Runnable" testcasecount="1" result="Passed" start-time="2025-12-12T23:33:09.7546410Z" end-time="2025-12-12T23:33:09.7566616Z" duration="0.001794" total="1" passed="1" failed="0" warnings="0" inconclusive="0" skipped="0" asserts="14">
        <test-case id="1-1025" name="TestBitsSimpleLe" fullname="Kaitai.SpecBitsSimpleLe.TestBitsSimpleLe" methodname="TestBitsSimpleLe" classname="Kaitai.SpecBitsSimpleLe" runstate="Runnable" seed="825075814" result="Passed" start-time="2025-12-12T23:33:09.7546410Z" end-time="2025-12-12T23:33:09.7566616Z" duration="0.001699" asserts="14" />
      </test-suite>
      <test-suite type="TestFixture" id="1-1026" name="SpecBitsUnalignedB32Be" fullname="Kaitai.SpecBitsUnalignedB32Be" classname="Kaitai.SpecBitsUnalignedB32Be" runstate="Runnable" testcasecount="1" result="Passed" start-time="2025-12-12T23:33:09.7566616Z" end-time="2025-12-12T23:33:09.7566616Z" duration="0.000662" total="1" passed="1" failed="0" warnings="0" inconclusive="0" skipped="0" asserts="3">
        <test-case id="1-1027" name="TestBitsUnalignedB32Be" fullname="Kaitai.SpecBitsUnalignedB32Be.TestBitsUnalignedB32Be" methodname="TestBitsUnalignedB32Be" classname="Kaitai.SpecBitsUnalignedB32Be" runstate="Runnable" seed="1926990114" result="Passed" start-time="2025-12-12T23:33:09.7566616Z" end-time="2025-12-12T23:33:09.7566616Z" duration="0.000570" asserts="3" />
      </test-suite>
      <test-suite type="TestFixture" id="1-1028" name="SpecBitsUnalignedB32Le" fullname="Kaitai.SpecBitsUnalignedB32Le" classname="Kaitai.SpecBitsUnalignedB32Le" runstate="Runnable" testcasecount="1" result="Passed" start-time="2025-12-12T23:33:09.7566616Z" end-time="2025-12-12T23:33:09.7584253Z" duration="0.000732" total="1" passed="1" failed="0" warnings="0" inconclusive="0" skipped="0" asserts="3">
        <test-case id="1-1029" name="TestBitsUnalignedB32Le" fullname="Kaitai.SpecBitsUnalignedB32Le.TestBitsUnalignedB32Le" methodname="TestBitsUnalignedB32Le" classname="Kaitai.SpecBitsUnalignedB32Le" runstate="Runnable" seed="64752584" result="Passed" start-time="2025-12-12T23:33:09.7566616Z" end-time="2025-12-12T23:33:09.7584253Z" duration="0.000644" asserts="3" />
      </test-suite>
      <test-suite type="TestFixture" id="1-1030" name="SpecBitsUnalignedB64Be" fullname="Kaitai.SpecBitsUnalignedB64Be" classname="Kaitai.SpecBitsUnalignedB64Be" runstate="Runnable" testcasecount="1" result="Passed" start-time="2025-12-12T23:33:09.7584253Z" end-time="2025-12-12T23:33:09.7589393Z" duration="0.000647" total="1" passed="1" failed="0" warnings="0" inconclusive="0" skipped="0" asserts="3">
        <test-case id="1-1031" name="TestBitsUnalignedB64Be" fullname="Kaitai.SpecBitsUnalignedB64Be.TestBitsUnalignedB64Be" methodname="TestBitsUnalignedB64Be" classname="Kaitai.SpecBitsUnalignedB64Be" runstate="Runnable" seed="394506829" result="Passed" start-time="2025-12-12T23:33:09.7584253Z" end-time="2025-12-12T23:33:09.7589393Z" duration="0.000557" asserts="3" />
      </test-suite>
      <test-suite type="TestFixture" id="1-1032" name="SpecBitsUnalignedB64Le" fullname="Kaitai.SpecBitsUnalignedB64Le" classname="Kaitai.SpecBitsUnalignedB64Le" runstate="Runnable" testcasecount="1" result="Passed" start-time="2025-12-12T23:33:09.7589393Z" end-time="2025-12-12T23:33:09.7589393Z" duration="0.000633" total="1" passed="1" failed="0" warnings="0" inconclusive="0" skipped="0" asserts="3">
        <test-case id="1-1033" name="TestBitsUnalignedB64Le" fullname="Kaitai.SpecBitsUnalignedB64Le.TestBitsUnalignedB64Le" methodname="TestBitsUnalignedB64Le" classname="Kaitai.SpecBitsUnalignedB64Le" runstate="Runnable" seed="1389920347" result="Passed" start-time="2025-12-12T23:33:09.7589393Z" end-time="2025-12-12T23:33:09.7589393Z" duration="0.000546" asserts="3" />
      </test-suite>
      <test-suite type="TestFixture" id="1-1034" name="SpecBufferedStruct" fullname="Kaitai.SpecBufferedStruct" classname="Kaitai.SpecBufferedStruct" runstate="Runnable" testcasecount="1" result="Passed" start-time="2025-12-12T23:33:09.7589393Z" end-time="2025-12-12T23:33:09.7609574Z" duration="0.001646" total="1" passed="1" failed="0" warnings="0" inconclusive="0" skipped="0" asserts="7">
        <test-case id="1-1035" name="TestBufferedStruct" fullname="Kaitai.SpecBufferedStruct.TestBufferedStruct" methodname="TestBufferedStruct" classname="Kaitai.SpecBufferedStruct" runstate="Runnable" seed="1257638952" result="Passed" start-time="2025-12-12T23:33:09.7589393Z" end-time="2025-12-12T23:33:09.7609574Z" duration="0.001551" asserts="7" />
      </test-suite>
      <test-suite type="TestFixture" id="1-1036" name="SpecBytesPadTerm" fullname="Kaitai.SpecBytesPadTerm" classname="Kaitai.SpecBytesPadTerm" runstate="Runnable" testcasecount="1" result="Passed" start-time="2025-12-12T23:33:09.7609574Z" end-time="2025-12-12T23:33:09.7629761Z" duration="0.001769" total="1" passed="1" failed="0" warnings="0" inconclusive="0" skipped="0" asserts="4">
        <test-case id="1-1037" name="TestBytesPadTerm" fullname="Kaitai.SpecBytesPadTerm.TestBytesPadTerm" methodname="TestBytesPadTerm" classname="Kaitai.SpecBytesPadTerm" runstate="Runnable" seed="1057370878" result="Passed" start-time="2025-12-12T23:33:09.7609574Z" end-time="2025-12-12T23:33:09.7629761Z" duration="0.001669" asserts="4" />
      </test-suite>
      <test-suite type="TestFixture" id="1-1038" name="SpecCastNested" fullname="Kaitai.SpecCastNested" classname="Kaitai.SpecCastNested" runstate="Runnable" testcasecount="1" result="Passed" start-time="2025-12-12T23:33:09.7629761Z" end-time="2025-12-12T23:33:09.7649965Z" duration="0.002365" total="1" passed="1" failed="0" warnings="0" inconclusive="0" skipped="0" asserts="4">
        <test-case id="1-1039" name="TestCastNested" fullname="Kaitai.SpecCastNested.TestCastNested" methodname="TestCastNested" classname="Kaitai.SpecCastNested" runstate="Runnable" seed="87921307" result="Passed" start-time="2025-12-12T23:33:09.7629761Z" end-time="2025-12-12T23:33:09.7649965Z" duration="0.002274" asserts="4" />
      </test-suite>
      <test-suite type="TestFixture" id="1-1040" name="SpecCastToTop" fullname="Kaitai.SpecCastToTop" classname="Kaitai.SpecCastToTop" runstate="Runnable" testcasecount="1" result="Passed" start-time="2025-12-12T23:33:09.7649965Z" end-time="2025-12-12T23:33:09.7665562Z" duration="0.000934" total="1" passed="1" failed="0" warnings="0" inconclusive="0" skipped="0" asserts="3">
        <test-case id="1-1041" name="TestCastToTop" fullname="Kaitai.SpecCastToTop.TestCastToTop" methodname="TestCastToTop" classname="Kaitai.SpecCastToTop" runstate="Runnable" seed="1629833521" result="Passed" start-time="2025-12-12T23:33:09.7649965Z" end-time="2025-12-12T23:33:09.7665562Z" duration="0.000841" asserts="3" />
      </test-suite>
      <test-suite type="TestFixture" id="1-1042" name="SpecCombineBool" fullname="Kaitai.SpecCombineBool" classname="Kaitai.SpecCombineBool" runstate="Runnable" testcasecount="1" result="Passed" start-time="2025-12-12T23:33:09.7665562Z" end-time="2025-12-12T23:33:09.7670145Z" duration="0.000656" total="1" passed="1" failed="0" warnings="0" inconclusive="0" skipped="0" asserts="2">
        <test-case id="1-1043" name="TestCombineBool" fullname="Kaitai.SpecCombineBool.TestCombineBool" methodname="TestCombineBool" classname="Kaitai.SpecCombineBool" runstate="Runnable" seed="165995480" result="Passed" start-time="2025-12-12T23:33:09.7665562Z" end-time="2025-12-12T23:33:09.7670145Z" duration="0.000566" asserts="2" />
      </test-suite>
      <test-suite type="TestFixture" id="1-1044" name="SpecCombineBytes" fullname="Kaitai.SpecCombineBytes" classname="Kaitai.SpecCombineBytes" runstate="Runnable" testcasecount="1" result="Passed" start-time="2025-12-12T23:33:09.7670145Z" end-time="2025-12-12T23:33:09.7690356Z" duration="0.001834" total="1" passed="1" failed="0" warnings="0" inconclusive="0" skipped="0" asserts="10">
        <test-case id="1-1045" name="TestCombineBytes" fullname="Kaitai.SpecCombineBytes.TestCombineBytes" methodname="TestCombineBytes" classname="Kaitai.SpecCombineBytes" runstate="Runnable" seed="345335119" result="Passed" start-time="2025-12-12T23:33:09.7670145Z" end-time="2025-12-12T23:33:09.7690356Z" duration="0.001741" asserts="10" />
      </test-suite>
      <test-suite type="TestFixture" id="1-1046" name="SpecCombineEnum" fullname="Kaitai.SpecCombineEnum" classname="Kaitai.SpecCombineEnum" runstate="Runnable" testcasecount="1" result="Passed" start-time="2025-12-12T23:33:09.7690356Z" end-time="2025-12-12T23:33:09.7690356Z" duration="0.000949" total="1" passed="1" failed="0" warnings="0" inconclusive="0" skipped="0" asserts="3">
        <test-case id="1-1047" name="TestCombineEnum" fullname="Kaitai.SpecCombineEnum.TestCombineEnum" methodname="TestCombineEnum" classname="Kaitai.SpecCombineEnum" runstate="Runnable" seed="1998333144" result="Passed" start-time="2025-12-12T23:33:09.7690356Z" end-time="2025-12-12T23:33:09.7690356Z" duration="0.000831" asserts="3" />
      </test-suite>
      <test-suite type="TestFixture" id="1-1048" name="SpecCombineStr" fullname="Kaitai.SpecCombineStr" classname="Kaitai.SpecCombineStr" runstate="Runnable" testcasecount="1" result="Passed" start-time="2025-12-12T23:33:09.7690356Z" end-time="2025-12-12T23:33:09.7710530Z" duration="0.001953" total="1" passed="1" failed="0" warnings="0" inconclusive="0" skipped="0" asserts="15">
        <test-case id="1-1049" name="TestCombineStr" fullname="Kaitai.SpecCombineStr.TestCombineStr" methodname="TestCombineStr" classname="Kaitai.SpecCombineStr" runstate="Runnable" seed="51842740" result="Passed" start-time="2025-12-12T23:33:09.7690356Z" end-time="2025-12-12T23:33:09.7710530Z" duration="0.001863" asserts="15" />
      </test-suite>
      <test-suite type="TestFixture" id="1-1050" name="SpecDebug0" fullname="Kaitai.SpecDebug0" classname="Kaitai.SpecDebug0" runstate="Runnable" testcasecount="1" result="Passed" start-time="2025-12-12T23:33:09.7710530Z" end-time="2025-12-12T23:33:09.7730728Z" duration="0.000903" total="1" passed="1" failed="0" warnings="0" inconclusive="0" skipped="0" asserts="6">
        <test-case id="1-1051" name="TestDebug0" fullname="Kaitai.SpecDebug0.TestDebug0" methodname="TestDebug0" classname="Kaitai.SpecDebug0" runstate="Runnable" seed="1397743628" result="Passed" start-time="2025-12-12T23:33:09.7710530Z" end-time="2025-12-12T23:33:09.7730728Z" duration="0.000797" asserts="6" />
      </test-suite>
      <test-suite type="TestFixture" id="1-1052" name="SpecDebugArrayUser" fullname="Kaitai.SpecDebugArrayUser" classname="Kaitai.SpecDebugArrayUser" runstate="Runnable" testcasecount="1" result="Passed" start-time="2025-12-12T23:33:09.7730728Z" end-time="2025-12-12T23:33:09.7740892Z" duration="0.001051" total="1" passed="1" failed="0" warnings="0" inconclusive="0" skipped="0" asserts="5">
        <test-case id="1-1053" name="TestDebugArrayUser" fullname="Kaitai.SpecDebugArrayUser.TestDebugArrayUser" methodname="TestDebugArrayUser" classname="Kaitai.SpecDebugArrayUser" runstate="Runnable" seed="1705423404" result="Passed" start-time="2025-12-12T23:33:09.7730728Z" end-time="2025-12-12T23:33:09.7740892Z" duration="0.000962" asserts="5" />
      </test-suite>
      <test-suite type="TestFixture" id="1-1054" name="SpecDebugArrayUserCurrentExcluded" fullname="Kaitai.SpecDebugArrayUserCurrentExcluded" classname="Kaitai.SpecDebugArrayUserCurrentExcluded" runstate="Runnable" testcasecount="1" result="Passed" start-time="2025-12-12T23:33:09.7740892Z" end-time="2025-12-12T23:33:09.7744059Z" duration="0.001068" total="1" passed="1" failed="0" warnings="0" inconclusive="0" skipped="0" asserts="3">
        <test-case id="1-1055" name="TestDebugArrayUserCurrentExcluded" fullname="Kaitai.SpecDebugArrayUserCurrentExcluded.TestDebugArrayUserCurrentExcluded" methodname="TestDebugArrayUserCurrentExcluded" classname="Kaitai.SpecDebugArrayUserCurrentExcluded" runstate="Runnable" seed="853486709" result="Passed" start-time="2025-12-12T23:33:09.7740892Z" end-time="2025-12-12T23:33:09.7744059Z" duration="0.000968" asserts="3" />
      </test-suite>
      <test-suite type="TestFixture" id="1-1056" name="SpecDebugArrayUserEofException" fullname="Kaitai.SpecDebugArrayUserEofException" classname="Kaitai.SpecDebugArrayUserEofException" runstate="Runnable" testcasecount="1" result="Passed" start-time="2025-12-12T23:33:09.7744059Z" end-time="2025-12-12T23:33:09.7865541Z" duration="0.011960" total="1" passed="1" failed="0" warnings="0" inconclusive="0" skipped="0" asserts="9">
        <test-case id="1-1057" name="TestDebugArrayUserEofException" fullname="Kaitai.SpecDebugArrayUserEofException.TestDebugArrayUserEofException" methodname="TestDebugArrayUserEofException" classname="Kaitai.SpecDebugArrayUserEofException" runstate="Runnable" seed="330486537" result="Passed" start-time="2025-12-12T23:33:09.7744059Z" end-time="2025-12-12T23:33:09.7865541Z" duration="0.011868" asserts="9" />
      </test-suite>
      <test-suite type="TestFixture" id="1-1058" name="SpecDebugSwitchUser" fullname="Kaitai.SpecDebugSwitchUser" classname="Kaitai.SpecDebugSwitchUser" runstate="Runnable" testcasecount="1" result="Passed" start-time="2025-12-12T23:33:09.7865541Z" end-time="2025-12-12T23:33:09.7865541Z" duration="0.000887" total="1" passed="1" failed="0" warnings="0" inconclusive="0" skipped="0" asserts="2">
        <test-case id="1-1059" name="TestDebugSwitchUser" fullname="Kaitai.SpecDebugSwitchUser.TestDebugSwitchUser" methodname="TestDebugSwitchUser" classname="Kaitai.SpecDebugSwitchUser" runstate="Runnable" seed="1769831332" result="Passed" start-time="2025-12-12T23:33:09.7865541Z" end-time="2025-12-12T23:33:09.7865541Z" duration="0.000793" asserts="2" />
      </test-suite>
      <test-suite type="TestFixture" id="1-1060" name="SpecDefaultBigEndian" fullname="Kaitai.SpecDefaultBigEndian" classname="Kaitai.SpecDefaultBigEndian" runstate="Runnable" testcasecount="1" result="Passed" start-time="2025-12-12T23:33:09.7865541Z" end-time="2025-12-12T23:33:09.7885809Z" duration="0.000579" total="1" passed="1" failed="0" warnings="0" inconclusive="0" skipped="0" asserts="1">
        <test-case id="1-1061" name="TestDefaultBigEndian" fullname="Kaitai.SpecDefaultBigEndian.TestDefaultBigEndian" methodname="TestDefaultBigEndian" classname="Kaitai.SpecDefaultBigEndian" runstate="Runnable" seed="1343351652" result="Passed" start-time="2025-12-12T23:33:09.7865541Z" end-time="2025-12-12T23:33:09.7885809Z" duration="0.000489" asserts="1" />
      </test-suite>
      <test-suite type="TestFixture" id="1-1062" name="SpecDefaultBitEndianMod" fullname="Kaitai.SpecDefaultBitEndianMod" classname="Kaitai.SpecDefaultBitEndianMod" runstate="Runnable" testcasecount="1" result="Passed" start-time="2025-12-12T23:33:09.7885809Z" end-time="2025-12-12T23:33:09.7885809Z" duration="0.001084" total="1" passed="1" failed="0" warnings="0" inconclusive="0" skipped="0" asserts="4">
        <test-case id="1-1063" name="TestDefaultBitEndianMod" fullname="Kaitai.SpecDefaultBitEndianMod.TestDefaultBitEndianMod" methodname="TestDefaultBitEndianMod" classname="Kaitai.SpecDefaultBitEndianMod" runstate="Runnable" seed="1480168907" result="Passed" start-time="2025-12-12T23:33:09.7885809Z" end-time="2025-12-12T23:33:09.7885809Z" duration="0.000995" asserts="4" />
      </test-suite>
      <test-suite type="TestFixture" id="1-1064" name="SpecDefaultEndianExprException" fullname="Kaitai.SpecDefaultEndianExprException" classname="Kaitai.SpecDefaultEndianExprException" runstate="Runnable" testcasecount="1" result="Passed" start-time="2025-12-12T23:33:09.7885809Z" end-time="2025-12-12T23:33:09.7903602Z" duration="0.002020" total="1" passed="1" failed="0" warnings="0" inconclusive="0" skipped="0" asserts="1">
        <test-case id="1-1065" name="TestDefaultEndianExprException" fullname="Kaitai.SpecDefaultEndianExprException.TestDefaultEndianExprException" methodname="TestDefaultEndianExprException" classname="Kaitai.SpecDefaultEndianExprException" runstate="Runnable" seed="1430247043" result="Passed" start-time="2025-12-12T23:33:09.7885809Z" end-time="2025-12-12T23:33:09.7903602Z" duration="0.001929" asserts="1" />
      </test-suite>
      <test-suite type="TestFixture" id="1-1066" name="SpecDefaultEndianExprInherited" fullname="Kaitai.SpecDefaultEndianExprInherited" classname="Kaitai.SpecDefaultEndianExprInherited" runstate="Runnable" testcasecount="1" result="Passed" start-time="2025-12-12T23:33:09.7903602Z" end-time="2025-12-12T23:33:09.7944099Z" duration="0.003191" total="1" passed="1" failed="0" warnings="0" inconclusive="0" skipped="0" asserts="15">
        <test-case id="1-1067" name="TestDefaultEndianExprInherited" fullname="Kaitai.SpecDefaultEndianExprInherited.TestDefaultEndianExprInherited" methodname="TestDefaultEndianExprInherited" classname="Kaitai.SpecDefaultEndianExprInherited" runstate="Runnable" seed="735917495" result="Passed" start-time="2025-12-12T23:33:09.7903602Z" end-time="2025-12-12T23:33:09.7944099Z" duration="0.003098" asserts="15" />
      </test-suite>
      <test-suite type="TestFixture" id="1-1068" name="SpecDefaultEndianExprIsBe" fullname="Kaitai.SpecDefaultEndianExprIsBe" classname="Kaitai.SpecDefaultEndianExprIsBe" runstate="Runnable" testcasecount="1" result="Passed" start-time="2025-12-12T23:33:09.7944099Z" end-time="2025-12-12T23:33:09.7985804Z" duration="0.003838" total="1" passed="1" failed="0" warnings="0" inconclusive="0" skipped="0" asserts="18">
        <test-case id="1-1069" name="TestDefaultEndianExprIsBe" fullname="Kaitai.SpecDefaultEndianExprIsBe.TestDefaultEndianExprIsBe" methodname="TestDefaultEndianExprIsBe" classname="Kaitai.SpecDefaultEndianExprIsBe" runstate="Runnable" seed="1694481335" result="Passed" start-time="2025-12-12T23:33:09.7944099Z" end-time="2025-12-12T23:33:09.7985804Z" duration="0.003738" asserts="18" />
      </test-suite>
      <test-suite type="TestFixture" id="1-1070" name="SpecDefaultEndianExprIsLe" fullname="Kaitai.SpecDefaultEndianExprIsLe" classname="Kaitai.SpecDefaultEndianExprIsLe" runstate="Runnable" testcasecount="1" result="Passed" start-time="2025-12-12T23:33:09.7985804Z" end-time="2025-12-12T23:33:09.8009634Z" duration="0.002222" total="1" passed="1" failed="0" warnings="0" inconclusive="0" skipped="0" asserts="12">
        <test-case id="1-1071" name="TestDefaultEndianExprIsLe" fullname="Kaitai.SpecDefaultEndianExprIsLe.TestDefaultEndianExprIsLe" methodname="TestDefaultEndianExprIsLe" classname="Kaitai.SpecDefaultEndianExprIsLe" runstate="Runnable" seed="1564627289" result="Passed" start-time="2025-12-12T23:33:09.7985804Z" end-time="2025-12-12T23:33:09.8009634Z" duration="0.002128" asserts="12" />
      </test-suite>
      <test-suite type="TestFixture" id="1-1072" name="SpecDefaultEndianMod" fullname="Kaitai.SpecDefaultEndianMod" classname="Kaitai.SpecDefaultEndianMod" runstate="Runnable" testcasecount="1" result="Passed" start-time="2025-12-12T23:33:09.8009634Z" end-time="2025-12-12T23:33:09.8009634Z" duration="0.001109" total="1" passed="1" failed="0" warnings="0" inconclusive="0" skipped="0" asserts="3">
        <test-case id="1-1073" name="TestDefaultEndianMod" fullname="Kaitai.SpecDefaultEndianMod.TestDefaultEndianMod" methodname="TestDefaultEndianMod" classname="Kaitai.SpecDefaultEndianMod" runstate="Runnable" seed="678386435" result="Passed" start-time="2025-12-12T23:33:09.8009634Z" end-time="2025-12-12T23:33:09.8009634Z" duration="0.001006" asserts="3" />
      </test-suite>
      <test-suite type="TestFixture" id="1-1074" name="SpecDocstrings" fullname="Kaitai.SpecDocstrings" classname="Kaitai.SpecDocstrings" runstate="Runnable" testcasecount="1" result="Passed" start-time="2025-12-12T23:33:09.8009634Z" end-time="2025-12-12T23:33:09.8026222Z" duration="0.000501" total="1" passed="1" failed="0" warnings="0" inconclusive="0" skipped="0" asserts="0">
        <test-case id="1-1075" name="TestDocstrings" fullname="Kaitai.SpecDocstrings.TestDocstrings" methodname="TestDocstrings" classname="Kaitai.SpecDocstrings" runstate="Runnable" seed="1100098624" result="Passed" start-time="2025-12-12T23:33:09.8009634Z" end-time="2025-12-12T23:33:09.8026222Z" duration="0.000409" asserts="0" />
      </test-suite>
      <test-suite type="TestFixture" id="1-1076" name="SpecDocstringsDocref" fullname="Kaitai.SpecDocstringsDocref" classname="Kaitai.SpecDocstringsDocref" runstate="Runnable" testcasecount="1" result="Passed" start-time="2025-12-12T23:33:09.8026222Z" end-time="2025-12-12T23:33:09.8029882Z" duration="0.000584" total="1" passed="1" failed="0" warnings="0" inconclusive="0" skipped="0" asserts="0">
        <test-case id="1-1077" name="TestDocstringsDocref" fullname="Kaitai.SpecDocstringsDocref.TestDocstringsDocref" methodname="TestDocstringsDocref" classname="Kaitai.SpecDocstringsDocref" runstate="Runnable" seed="897661855" result="Passed" start-time="2025-12-12T23:33:09.8026222Z" end-time="2025-12-12T23:33:09.8029882Z" duration="0.000471" asserts="0" />
      </test-suite>
      <test-suite type="TestFixture" id="1-1078" name="SpecDocstringsDocrefMulti" fullname="Kaitai.SpecDocstringsDocrefMulti" classname="Kaitai.SpecDocstringsDocrefMulti" runstate="Runnable" testcasecount="1" result="Passed" start-time="2025-12-12T23:33:09.8029882Z" end-time="2025-12-12T23:33:09.8029882Z" duration="0.000375" total="1" passed="1" failed="0" warnings="0" inconclusive="0" skipped="0" asserts="0">
        <test-case id="1-1079" name="TestDocstringsDocrefMulti" fullname="Kaitai.SpecDocstringsDocrefMulti.TestDocstringsDocrefMulti" methodname="TestDocstringsDocrefMulti" classname="Kaitai.SpecDocstringsDocrefMulti" runstate="Runnable" seed="354763650" result="Passed" start-time="2025-12-12T23:33:09.8029882Z" end-time="2025-12-12T23:33:09.8029882Z" duration="0.000282" asserts="0" />
      </test-suite>
      <test-suite type="TestFixture" id="1-1080" name="SpecEnum0" fullname="Kaitai.SpecEnum0" classname="Kaitai.SpecEnum0" runstate="Runnable" testcasecount="1" result="Passed" start-time="2025-12-12T23:33:09.8029882Z" end-time="2025-12-12T23:33:09.8029882Z" duration="0.000545" total="1" passed="1" failed="0" warnings="0" inconclusive="0" skipped="0" asserts="2">
        <test-case id="1-1081" name="TestEnum0" fullname="Kaitai.SpecEnum0.TestEnum0" methodname="TestEnum0" classname="Kaitai.SpecEnum0" runstate="Runnable" seed="1419424686" result="Passed" start-time="2025-12-12T23:33:09.8029882Z" end-time="2025-12-12T23:33:09.8029882Z" duration="0.000460" asserts="2" />
      </test-suite>
      <test-suite type="TestFixture" id="1-1082" name="SpecEnum1" fullname="Kaitai.SpecEnum1" classname="Kaitai.SpecEnum1" runstate="Runnable" testcasecount="1" result="Passed" start-time="2025-12-12T23:33:09.8029882Z" end-time="2025-12-12T23:33:09.8050088Z" duration="0.000848" total="1" passed="1" failed="0" warnings="0" inconclusive="0" skipped="0" asserts="2">
        <test-case id="1-1083" name="TestEnum1" fullname="Kaitai.SpecEnum1.TestEnum1" methodname="TestEnum1" classname="Kaitai.SpecEnum1" runstate="Runnable" seed="28999408" result="Passed" start-time="2025-12-12T23:33:09.8029882Z" end-time="2025-12-12T23:33:09.8050088Z" duration="0.000761" asserts="2" />
      </test-suite>
      <test-suite type="TestFixture" id="1-1084" name="SpecEnumDeep" fullname="Kaitai.SpecEnumDeep" classname="Kaitai.SpecEnumDeep" runstate="Runnable" testcasecount="1" result="Passed" start-time="2025-12-12T23:33:09.8050088Z" end-time="2025-12-12T23:33:09.8050088Z" duration="0.000560" total="1" passed="1" failed="0" warnings="0" inconclusive="0" skipped="0" asserts="2">
        <test-case id="1-1085" name="TestEnumDeep" fullname="Kaitai.SpecEnumDeep.TestEnumDeep" methodname="TestEnumDeep" classname="Kaitai.SpecEnumDeep" runstate="Runnable" seed="816770517" result="Passed" start-time="2025-12-12T23:33:09.8050088Z" end-time="2025-12-12T23:33:09.8050088Z" duration="0.000455" asserts="2" />
      </test-suite>
      <test-suite type="TestFixture" id="1-1086" name="SpecEnumDeepLiterals" fullname="Kaitai.SpecEnumDeepLiterals" classname="Kaitai.SpecEnumDeepLiterals" runstate="Runnable" testcasecount="1" result="Passed" start-time="2025-12-12T23:33:09.8050088Z" end-time="2025-12-12T23:33:09.8064093Z" duration="0.000804" total="1" passed="1" failed="0" warnings="0" inconclusive="0" skipped="0" asserts="2">
        <test-case id="1-1087" name="TestEnumDeepLiterals" fullname="Kaitai.SpecEnumDeepLiterals.TestEnumDeepLiterals" methodname="TestEnumDeepLiterals" classname="Kaitai.SpecEnumDeepLiterals" runstate="Runnable" seed="86831957" result="Passed" start-time="2025-12-12T23:33:09.8050088Z" end-time="2025-12-12T23:33:09.8064093Z" duration="0.000707" asserts="2" />
      </test-suite>
      <test-suite type="TestFixture" id="1-1088" name="SpecEnumFancy" fullname="Kaitai.SpecEnumFancy" classname="Kaitai.SpecEnumFancy" runstate="Runnable" testcasecount="1" result="Passed" start-time="2025-12-12T23:33:09.8064093Z" end-time="2025-12-12T23:33:09.8064093Z" duration="0.000532" total="1" passed="1" failed="0" warnings="0" inconclusive="0" skipped="0" asserts="2">
        <test-case id="1-1089" name="TestEnumFancy" fullname="Kaitai.SpecEnumFancy.TestEnumFancy" methodname="TestEnumFancy" classname="Kaitai.SpecEnumFancy" runstate="Runnable" seed="2085894060" result="Passed" start-time="2025-12-12T23:33:09.8064093Z" end-time="2025-12-12T23:33:09.8064093Z" duration="0.000443" asserts="2" />
      </test-suite>
      <test-suite type="TestFixture" id="1-1090" name="SpecEnumIf" fullname="Kaitai.SpecEnumIf" classname="Kaitai.SpecEnumIf" runstate="Runnable" testcasecount="1" result="Passed" start-time="2025-12-12T23:33:09.8064093Z" end-time="2025-12-12T23:33:09.8082998Z" duration="0.001501" total="1" passed="1" failed="0" warnings="0" inconclusive="0" skipped="0" asserts="7">
        <test-case id="1-1091" name="TestEnumIf" fullname="Kaitai.SpecEnumIf.TestEnumIf" methodname="TestEnumIf" classname="Kaitai.SpecEnumIf" runstate="Runnable" seed="876573314" result="Passed" start-time="2025-12-12T23:33:09.8064093Z" end-time="2025-12-12T23:33:09.8082998Z" duration="0.001415" asserts="7" />
      </test-suite>
      <test-suite type="TestFixture" id="1-1092" name="SpecEnumImportLiterals" fullname="Kaitai.SpecEnumImportLiterals" classname="Kaitai.SpecEnumImportLiterals" runstate="Runnable" testcasecount="1" result="Passed" start-time="2025-12-12T23:33:09.8082998Z" end-time="2025-12-12T23:33:09.8082998Z" duration="0.000887" total="1" passed="1" failed="0" warnings="0" inconclusive="0" skipped="0" asserts="3">
        <test-case id="1-1093" name="TestEnumImportLiterals" fullname="Kaitai.SpecEnumImportLiterals.TestEnumImportLiterals" methodname="TestEnumImportLiterals" classname="Kaitai.SpecEnumImportLiterals" runstate="Runnable" seed="263237686" result="Passed" start-time="2025-12-12T23:33:09.8082998Z" end-time="2025-12-12T23:33:09.8082998Z" duration="0.000795" asserts="3" />
      </test-suite>
      <test-suite type="TestFixture" id="1-1094" name="SpecEnumImportSeq" fullname="Kaitai.SpecEnumImportSeq" classname="Kaitai.SpecEnumImportSeq" runstate="Runnable" testcasecount="1" result="Passed" start-time="2025-12-12T23:33:09.8082998Z" end-time="2025-12-12T23:33:09.8103237Z" duration="0.000807" total="1" passed="1" failed="0" warnings="0" inconclusive="0" skipped="0" asserts="2">
        <test-case id="1-1095" name="TestEnumImportSeq" fullname="Kaitai.SpecEnumImportSeq.TestEnumImportSeq" methodname="TestEnumImportSeq" classname="Kaitai.SpecEnumImportSeq" runstate="Runnable" seed="1979075975" result="Passed" start-time="2025-12-12T23:33:09.8082998Z" end-time="2025-12-12T23:33:09.8103237Z" duration="0.000687" asserts="2" />
      </test-suite>
      <test-suite type="TestFixture" id="1-1096" name="SpecEnumIntRangeS" fullname="Kaitai.SpecEnumIntRangeS" classname="Kaitai.SpecEnumIntRangeS" runstate="Runnable" testcasecount="1" result="Passed" start-time="2025-12-12T23:33:09.8103237Z" end-time="2025-12-12T23:33:09.8110916Z" duration="0.000983" total="1" passed="1" failed="0" warnings="0" inconclusive="0" skipped="0" asserts="3">
        <test-case id="1-1097" name="TestEnumIntRangeS" fullname="Kaitai.SpecEnumIntRangeS.TestEnumIntRangeS" methodname="TestEnumIntRangeS" classname="Kaitai.SpecEnumIntRangeS" runstate="Runnable" seed="1386747569" result="Passed" start-time="2025-12-12T23:33:09.8103237Z" end-time="2025-12-12T23:33:09.8110916Z" duration="0.000867" asserts="3" />
      </test-suite>
      <test-suite type="TestFixture" id="1-1098" name="SpecEnumInvalid" fullname="Kaitai.SpecEnumInvalid" classname="Kaitai.SpecEnumInvalid" runstate="Runnable" testcasecount="1" result="Passed" start-time="2025-12-12T23:33:09.8110916Z" end-time="2025-12-12T23:33:09.8110916Z" duration="0.000816" total="1" passed="1" failed="0" warnings="0" inconclusive="0" skipped="0" asserts="2">
        <test-case id="1-1099" name="TestEnumInvalid" fullname="Kaitai.SpecEnumInvalid.TestEnumInvalid" methodname="TestEnumInvalid" classname="Kaitai.SpecEnumInvalid" runstate="Runnable" seed="904303182" result="Passed" start-time="2025-12-12T23:33:09.8110916Z" end-time="2025-12-12T23:33:09.8110916Z" duration="0.000696" asserts="2" />
      </test-suite>
      <test-suite type="TestFixture" id="1-1100" name="SpecEnumNegative" fullname="Kaitai.SpecEnumNegative" classname="Kaitai.SpecEnumNegative" runstate="Runnable" testcasecount="1" result="Passed" start-time="2025-12-12T23:33:09.8110916Z" end-time="2025-12-12T23:33:09.8123426Z" duration="0.000841" total="1" passed="1" failed="0" warnings="0" inconclusive="0" skipped="0" asserts="2">
        <test-case id="1-1101" name="TestEnumNegative" fullname="Kaitai.SpecEnumNegative.TestEnumNegative" methodname="TestEnumNegative" classname="Kaitai.SpecEnumNegative" runstate="Runnable" seed="1634628274" result="Passed" start-time="2025-12-12T23:33:09.8110916Z" end-time="2025-12-12T23:33:09.8123426Z" duration="0.000727" asserts="2" />
      </test-suite>
      <test-suite type="TestFixture" id="1-1102" name="SpecEnumOfValueInst" fullname="Kaitai.SpecEnumOfValueInst" classname="Kaitai.SpecEnumOfValueInst" runstate="Runnable" testcasecount="1" result="Passed" start-time="2025-12-12T23:33:09.8123426Z" end-time="2025-12-12T23:33:09.8131127Z" duration="0.000846" total="1" passed="1" failed="0" warnings="0" inconclusive="0" skipped="0" asserts="4">
        <test-case id="1-1103" name="TestEnumOfValueInst" fullname="Kaitai.SpecEnumOfValueInst.TestEnumOfValueInst" methodname="TestEnumOfValueInst" classname="Kaitai.SpecEnumOfValueInst" runstate="Runnable" seed="1193295542" result="Passed" start-time="2025-12-12T23:33:09.8131127Z" end-time="2025-12-12T23:33:09.8131127Z" duration="0.000714" asserts="4" />
      </test-suite>
      <test-suite type="TestFixture" id="1-1104" name="SpecEnumToI" fullname="Kaitai.SpecEnumToI" classname="Kaitai.SpecEnumToI" runstate="Runnable" testcasecount="1" result="Passed" start-time="2025-12-12T23:33:09.8131127Z" end-time="2025-12-12T23:33:09.8151328Z" duration="0.001376" total="1" passed="1" failed="0" warnings="0" inconclusive="0" skipped="0" asserts="8">
        <test-case id="1-1105" name="TestEnumToI" fullname="Kaitai.SpecEnumToI.TestEnumToI" methodname="TestEnumToI" classname="Kaitai.SpecEnumToI" runstate="Runnable" seed="625627165" result="Passed" start-time="2025-12-12T23:33:09.8131127Z" end-time="2025-12-12T23:33:09.8151328Z" duration="0.001285" asserts="8" />
      </test-suite>
      <test-suite type="TestFixture" id="1-1106" name="SpecEnumToIClassBorder1" fullname="Kaitai.SpecEnumToIClassBorder1" classname="Kaitai.SpecEnumToIClassBorder1" runstate="Runnable" testcasecount="1" result="Passed" start-time="2025-12-12T23:33:09.8151328Z" end-time="2025-12-12T23:33:09.8151328Z" duration="0.000993" total="1" passed="1" failed="0" warnings="0" inconclusive="0" skipped="0" asserts="3">
        <test-case id="1-1107" name="TestEnumToIClassBorder1" fullname="Kaitai.SpecEnumToIClassBorder1.TestEnumToIClassBorder1" methodname="TestEnumToIClassBorder1" classname="Kaitai.SpecEnumToIClassBorder1" runstate="Runnable" seed="736177430" result="Passed" start-time="2025-12-12T23:33:09.8151328Z" end-time="2025-12-12T23:33:09.8151328Z" duration="0.000901" asserts="3" />
      </test-suite>
      <test-suite type="TestFixture" id="1-1108" name="SpecEnumToIInvalid" fullname="Kaitai.SpecEnumToIInvalid" classname="Kaitai.SpecEnumToIInvalid" runstate="Runnable" testcasecount="1" result="Passed" start-time="2025-12-12T23:33:09.8151328Z" end-time="2025-12-12T23:33:09.8171451Z" duration="0.002023" total="1" passed="1" failed="0" warnings="0" inconclusive="0" skipped="0" asserts="8">
        <test-case id="1-1109" name="TestEnumToIInvalid" fullname="Kaitai.SpecEnumToIInvalid.TestEnumToIInvalid" methodname="TestEnumToIInvalid" classname="Kaitai.SpecEnumToIInvalid" runstate="Runnable" seed="1323154596" result="Passed" start-time="2025-12-12T23:33:09.8163964Z" end-time="2025-12-12T23:33:09.8171451Z" duration="0.001912" asserts="8" />
      </test-suite>
      <test-suite type="TestFixture" id="1-1110" name="SpecEofExceptionBytes" fullname="Kaitai.SpecEofExceptionBytes" classname="Kaitai.SpecEofExceptionBytes" runstate="Runnable" testcasecount="1" result="Passed" start-time="2025-12-12T23:33:09.8171451Z" end-time="2025-12-12T23:33:09.8184162Z" duration="0.000654" total="1" passed="1" failed="0" warnings="0" inconclusive="0" skipped="0" asserts="1">
        <test-case id="1-1111" name="TestEofExceptionBytes" fullname="Kaitai.SpecEofExceptionBytes.TestEofExceptionBytes" methodname="TestEofExceptionBytes" classname="Kaitai.SpecEofExceptionBytes" runstate="Runnable" seed="1198236778" result="Passed" start-time="2025-12-12T23:33:09.8184162Z" end-time="2025-12-12T23:33:09.8184162Z" duration="0.000549" asserts="1" />
      </test-suite>
      <test-suite type="TestFixture" id="1-1112" name="SpecEofExceptionSized" fullname="Kaitai.SpecEofExceptionSized" classname="Kaitai.SpecEofExceptionSized" runstate="Runnable" testcasecount="1" result="Passed" start-time="2025-12-12T23:33:09.8184162Z" end-time="2025-12-12T23:33:09.8191656Z" duration="0.000577" total="1" passed="1" failed="0" warnings="0" inconclusive="0" skipped="0" asserts="1">
        <test-case id="1-1113" name="TestEofExceptionSized" fullname="Kaitai.SpecEofExceptionSized.TestEofExceptionSized" methodname="TestEofExceptionSized" classname="Kaitai.SpecEofExceptionSized" runstate="Runnable" seed="387892052" result="Passed" start-time="2025-12-12T23:33:09.8184162Z" end-time="2025-12-12T23:33:09.8191656Z" duration="0.000482" asserts="1" />
      </test-suite>
      <test-suite type="TestFixture" id="1-1114" name="SpecEofExceptionU4" fullname="Kaitai.SpecEofExceptionU4" classname="Kaitai.SpecEofExceptionU4" runstate="Runnable" testcasecount="1" result="Passed" start-time="2025-12-12T23:33:09.8191656Z" end-time="2025-12-12T23:33:09.8191656Z" duration="0.000571" total="1" passed="1" failed="0" warnings="0" inconclusive="0" skipped="0" asserts="1">
        <test-case id="1-1115" name="TestEofExceptionU4" fullname="Kaitai.SpecEofExceptionU4.TestEofExceptionU4" methodname="TestEofExceptionU4" classname="Kaitai.SpecEofExceptionU4" runstate="Runnable" seed="2007878845" result="Passed" start-time="2025-12-12T23:33:09.8191656Z" end-time="2025-12-12T23:33:09.8191656Z" duration="0.000479" asserts="1" />
      </test-suite>
      <test-suite type="TestFixture" id="1-1116" name="SpecEosExceptionBytes" fullname="Kaitai.SpecEosExceptionBytes" classname="Kaitai.SpecEosExceptionBytes" runstate="Runnable" testcasecount="1" result="Passed" start-time="2025-12-12T23:33:09.8191656Z" end-time="2025-12-12T23:33:09.8204346Z" duration="0.000713" total="1" passed="1" failed="0" warnings="0" inconclusive="0" skipped="0" asserts="1">
        <test-case id="1-1117" name="TestEosExceptionBytes" fullname="Kaitai.SpecEosExceptionBytes.TestEosExceptionBytes" methodname="TestEosExceptionBytes" classname="Kaitai.SpecEosExceptionBytes" runstate="Runnable" seed="155847483" result="Passed" start-time="2025-12-12T23:33:09.8191656Z" end-time="2025-12-12T23:33:09.8204346Z" duration="0.000622" asserts="1" />
      </test-suite>
      <test-suite type="TestFixture" id="1-1118" name="SpecEosExceptionSized" fullname="Kaitai.SpecEosExceptionSized" classname="Kaitai.SpecEosExceptionSized" runstate="Runnable" testcasecount="1" result="Passed" start-time="2025-12-12T23:33:09.8204346Z" end-time="2025-12-12T23:33:09.8211875Z" duration="0.000674" total="1" passed="1" failed="0" warnings="0" inconclusive="0" skipped="0" asserts="1">
        <test-case id="1-1119" name="TestEosExceptionSized" fullname="Kaitai.SpecEosExceptionSized.TestEosExceptionSized" methodname="TestEosExceptionSized" classname="Kaitai.SpecEosExceptionSized" runstate="Runnable" seed="39983627" result="Passed" start-time="2025-12-12T23:33:09.8204346Z" end-time="2025-12-12T23:33:09.8211875Z" duration="0.000584" asserts="1" />
      </test-suite>
      <test-suite type="TestFixture" id="1-1120" name="SpecEosExceptionU4" fullname="Kaitai.SpecEosExceptionU4" classname="Kaitai.SpecEosExceptionU4" runstate="Runnable" testcasecount="1" result="Passed" start-time="2025-12-12T23:33:09.8211875Z" end-time="2025-12-12T23:33:09.8220636Z" duration="0.000722" total="1" passed="1" failed="0" warnings="0" inconclusive="0" skipped="0" asserts="1">
        <test-case id="1-1121" name="TestEosExceptionU4" fullname="Kaitai.SpecEosExceptionU4.TestEosExceptionU4" methodname="TestEosExceptionU4" classname="Kaitai.SpecEosExceptionU4" runstate="Runnable" seed="201217399" result="Passed" start-time="2025-12-12T23:33:09.8211875Z" end-time="2025-12-12T23:33:09.8220636Z" duration="0.000632" asserts="1" />
      </test-suite>
      <test-suite type="TestFixture" id="1-1122" name="SpecExpr0" fullname="Kaitai.SpecExpr0" classname="Kaitai.SpecExpr0" runstate="Runnable" testcasecount="1" result="Passed" start-time="2025-12-12T23:33:09.8220636Z" end-time="2025-12-12T23:33:09.8220636Z" duration="0.000617" total="1" passed="1" failed="0" warnings="0" inconclusive="0" skipped="0" asserts="2">
        <test-case id="1-1123" name="TestExpr0" fullname="Kaitai.SpecExpr0.TestExpr0" methodname="TestExpr0" classname="Kaitai.SpecExpr0" runstate="Runnable" seed="69824426" result="Passed" start-time="2025-12-12T23:33:09.8220636Z" end-time="2025-12-12T23:33:09.8220636Z" duration="0.000528" asserts="2" />
      </test-suite>
      <test-suite type="TestFixture" id="1-1124" name="SpecExpr1" fullname="Kaitai.SpecExpr1" classname="Kaitai.SpecExpr1" runstate="Runnable" testcasecount="1" result="Passed" start-time="2025-12-12T23:33:09.8220636Z" end-time="2025-12-12T23:33:09.8220636Z" duration="0.000798" total="1" passed="1" failed="0" warnings="0" inconclusive="0" skipped="0" asserts="4">
        <test-case id="1-1125" name="TestExpr1" fullname="Kaitai.SpecExpr1.TestExpr1" methodname="TestExpr1" classname="Kaitai.SpecExpr1" runstate="Runnable" seed="863264040" result="Passed" start-time="2025-12-12T23:33:09.8220636Z" end-time="2025-12-12T23:33:09.8220636Z" duration="0.000710" asserts="4" />
      </test-suite>
      <test-suite type="TestFixture" id="1-1126" name="SpecExpr2" fullname="Kaitai.SpecExpr2" classname="Kaitai.SpecExpr2" runstate="Runnable" testcasecount="1" result="Passed" start-time="2025-12-12T23:33:09.8220636Z" end-time="2025-12-12T23:33:09.8259924Z" duration="0.002435" total="1" passed="1" failed="0" warnings="0" inconclusive="0" skipped="0" asserts="17">
        <test-case id="1-1127" name="TestExpr2" fullname="Kaitai.SpecExpr2.TestExpr2" methodname="TestExpr2" classname="Kaitai.SpecExpr2" runstate="Runnable" seed="304985438" result="Passed" start-time="2025-12-12T23:33:09.8220636Z" end-time="2025-12-12T23:33:09.8259924Z" duration="0.002345" asserts="17" />
      </test-suite>
      <test-suite type="TestFixture" id="1-1128" name="SpecExpr3" fullname="Kaitai.SpecExpr3" classname="Kaitai.SpecExpr3" runstate="Runnable" testcasecount="1" result="Passed" start-time="2025-12-12T23:33:09.8259924Z" end-time="2025-12-12T23:33:09.8267706Z" duration="0.001763" total="1" passed="1" failed="0" warnings="0" inconclusive="0" skipped="0" asserts="12">
        <test-case id="1-1129" name="TestExpr3" fullname="Kaitai.SpecExpr3.TestExpr3" methodname="TestExpr3" classname="Kaitai.SpecExpr3" runstate="Runnable" seed="1265959263" result="Passed" start-time="2025-12-12T23:33:09.8259924Z" end-time="2025-12-12T23:33:09.8267706Z" duration="0.001671" asserts="12" />
      </test-suite>
      <test-suite type="TestFixture" id="1-1130" name="SpecExprArray" fullname="Kaitai.SpecExprArray" classname="Kaitai.SpecExprArray" runstate="Runnable" testcasecount="1" result="Passed" start-time="2025-12-12T23:33:09.8280119Z" end-time="2025-12-12T23:33:09.8368800Z" duration="0.009027" total="1" passed="1" failed="0" warnings="0" inconclusive="0" skipped="0" asserts="15">
        <test-case id="1-1131" name="TestExprArray" fullname="Kaitai.SpecExprArray.TestExprArray" methodname="TestExprArray" classname="Kaitai.SpecExprArray" runstate="Runnable" seed="419815362" result="Passed" start-time="2025-12-12T23:33:09.8280119Z" end-time="2025-12-12T23:33:09.8368800Z" duration="0.008934" asserts="15" />
      </test-suite>
      <test-suite type="TestFixture" id="1-1132" name="SpecExprBytesCmp" fullname="Kaitai.SpecExprBytesCmp" classname="Kaitai.SpecExprBytesCmp" runstate="Runnable" testcasecount="1" result="Passed" start-time="2025-12-12T23:33:09.8368800Z" end-time="2025-12-12T23:33:09.8378478Z" duration="0.001956" total="1" passed="1" failed="0" warnings="0" inconclusive="0" skipped="0" asserts="10">
        <test-case id="1-1133" name="TestExprBytesCmp" fullname="Kaitai.SpecExprBytesCmp.TestExprBytesCmp" methodname="TestExprBytesCmp" classname="Kaitai.SpecExprBytesCmp" runstate="Runnable" seed="1233852222" result="Passed" start-time="2025-12-12T23:33:09.8368800Z" end-time="2025-12-12T23:33:09.8378478Z" duration="0.001852" asserts="10" />
      </test-suite>
      <test-suite type="TestFixture" id="1-1134" name="SpecExprBytesNonLiteral" fullname="Kaitai.SpecExprBytesNonLiteral" classname="Kaitai.SpecExprBytesNonLiteral" runstate="Runnable" testcasecount="1" result="Passed" start-time="2025-12-12T23:33:09.8378478Z" end-time="2025-12-12T23:33:09.8378478Z" duration="0.000722" total="1" passed="1" failed="0" warnings="0" inconclusive="0" skipped="0" asserts="3">
        <test-case id="1-1135" name="TestExprBytesNonLiteral" fullname="Kaitai.SpecExprBytesNonLiteral.TestExprBytesNonLiteral" methodname="TestExprBytesNonLiteral" classname="Kaitai.SpecExprBytesNonLiteral" runstate="Runnable" seed="2116525877" result="Passed" start-time="2025-12-12T23:33:09.8378478Z" end-time="2025-12-12T23:33:09.8378478Z" duration="0.000629" asserts="3" />
      </test-suite>
      <test-suite type="TestFixture" id="1-1136" name="SpecExprBytesOps" fullname="Kaitai.SpecExprBytesOps" classname="Kaitai.SpecExprBytesOps" runstate="Runnable" testcasecount="1" result="Passed" start-time="2025-12-12T23:33:09.8378478Z" end-time="2025-12-12T23:33:09.8418968Z" duration="0.003025" total="1" passed="1" failed="0" warnings="0" inconclusive="0" skipped="0" asserts="16">
        <test-case id="1-1137" name="TestExprBytesOps" fullname="Kaitai.SpecExprBytesOps.TestExprBytesOps" methodname="TestExprBytesOps" classname="Kaitai.SpecExprBytesOps" runstate="Runnable" seed="1576898329" result="Passed" start-time="2025-12-12T23:33:09.8378478Z" end-time="2025-12-12T23:33:09.8418968Z" duration="0.002932" asserts="16" />
      </test-suite>
      <test-suite type="TestFixture" id="1-1138" name="SpecExprCalcArrayOps" fullname="Kaitai.SpecExprCalcArrayOps" classname="Kaitai.SpecExprCalcArrayOps" runstate="Runnable" testcasecount="1" result="Passed" start-time="2025-12-12T23:33:09.8418968Z" end-time="2025-12-12T23:33:09.8459340Z" duration="0.003538" total="1" passed="1" failed="0" warnings="0" inconclusive="0" skipped="0" asserts="18">
        <test-case id="1-1139" name="TestExprCalcArrayOps" fullname="Kaitai.SpecExprCalcArrayOps.TestExprCalcArrayOps" methodname="TestExprCalcArrayOps" classname="Kaitai.SpecExprCalcArrayOps" runstate="Runnable" seed="1486496283" result="Passed" start-time="2025-12-12T23:33:09.8418968Z" end-time="2025-12-12T23:33:09.8459340Z" duration="0.003431" asserts="18" />
      </test-suite>
      <test-suite type="TestFixture" id="1-1140" name="SpecExprEnum" fullname="Kaitai.SpecExprEnum" classname="Kaitai.SpecExprEnum" runstate="Runnable" testcasecount="1" result="Passed" start-time="2025-12-12T23:33:09.8459340Z" end-time="2025-12-12T23:33:09.8459340Z" duration="0.001373" total="1" passed="1" failed="0" warnings="0" inconclusive="0" skipped="0" asserts="3">
        <test-case id="1-1141" name="TestExprEnum" fullname="Kaitai.SpecExprEnum.TestExprEnum" methodname="TestExprEnum" classname="Kaitai.SpecExprEnum" runstate="Runnable" seed="1236820199" result="Passed" start-time="2025-12-12T23:33:09.8459340Z" end-time="2025-12-12T23:33:09.8459340Z" duration="0.001280" asserts="3" />
      </test-suite>
      <test-suite type="TestFixture" id="1-1142" name="SpecExprFstring0" fullname="Kaitai.SpecExprFstring0" classname="Kaitai.SpecExprFstring0" runstate="Runnable" testcasecount="1" result="Passed" start-time="2025-12-12T23:33:09.8459340Z" end-time="2025-12-12T23:33:09.8479504Z" duration="0.001220" total="1" passed="1" failed="0" warnings="0" inconclusive="0" skipped="0" asserts="9">
        <test-case id="1-1143" name="TestExprFstring0" fullname="Kaitai.SpecExprFstring0.TestExprFstring0" methodname="TestExprFstring0" classname="Kaitai.SpecExprFstring0" runstate="Runnable" seed="1356408397" result="Passed" start-time="2025-12-12T23:33:09.8459340Z" end-time="2025-12-12T23:33:09.8479504Z" duration="0.001128" asserts="9" />
      </test-suite>
      <test-suite type="TestFixture" id="1-1144" name="SpecExprIntDiv" fullname="Kaitai.SpecExprIntDiv" classname="Kaitai.SpecExprIntDiv" runstate="Runnable" testcasecount="1" result="Failed" site="Child" start-time="2025-12-12T23:33:09.8479504Z" end-time="2025-12-12T23:33:09.9410477Z" duration="0.093260" total="1" passed="0" failed="1" warnings="0" inconclusive="0" skipped="0" asserts="4">
        <failure>
          <message><![CDATA[One or more child tests had errors]]></message>
        </failure>
        <test-case id="1-1145" name="TestExprIntDiv" fullname="Kaitai.SpecExprIntDiv.TestExprIntDiv" methodname="TestExprIntDiv" classname="Kaitai.SpecExprIntDiv" runstate="Runnable" seed="426724257" result="Failed" start-time="2025-12-12T23:33:09.8479504Z" end-time="2025-12-12T23:33:09.9410477Z" duration="0.093075" asserts="4">
          <failure>
            <message><![CDATA[  Expected: -756
  But was:  -757
]]></message>
            <stack-trace><![CDATA[   at Kaitai.SpecExprIntDiv.TestExprIntDiv() in D:\a\ci_targets\ci_targets\tests\spec\csharp\kaitai_struct_csharp_tests\tests\SpecExprIntDiv.cs:line 18
]]></stack-trace>
          </failure>
          <assertions>
            <assertion result="Failed">
              <message><![CDATA[  Expected: -756
  But was:  -757
]]></message>
              <stack-trace><![CDATA[   at Kaitai.SpecExprIntDiv.TestExprIntDiv() in D:\a\ci_targets\ci_targets\tests\spec\csharp\kaitai_struct_csharp_tests\tests\SpecExprIntDiv.cs:line 18
]]></stack-trace>
            </assertion>
          </assertions>
        </test-case>
      </test-suite>
      <test-suite type="TestFixture" id="1-1146" name="SpecExprIoEof" fullname="Kaitai.SpecExprIoEof" classname="Kaitai.SpecExprIoEof" runstate="Runnable" testcasecount="1" result="Passed" start-time="2025-12-12T23:33:09.9410477Z" end-time="2025-12-12T23:33:09.9430663Z" duration="0.001728" total="1" passed="1" failed="0" warnings="0" inconclusive="0" skipped="0" asserts="4">
        <test-case id="1-1147" name="TestExprIoEof" fullname="Kaitai.SpecExprIoEof.TestExprIoEof" methodname="TestExprIoEof" classname="Kaitai.SpecExprIoEof" runstate="Runnable" seed="1756783474" result="Passed" start-time="2025-12-12T23:33:09.9410477Z" end-time="2025-12-12T23:33:09.9430663Z" duration="0.001575" asserts="4" />
      </test-suite>
      <test-suite type="TestFixture" id="1-1148" name="SpecExprIoPos" fullname="Kaitai.SpecExprIoPos" classname="Kaitai.SpecExprIoPos" runstate="Runnable" testcasecount="1" result="Passed" start-time="2025-12-12T23:33:09.9430663Z" end-time="2025-12-12T23:33:09.9450848Z" duration="0.001278" total="1" passed="1" failed="0" warnings="0" inconclusive="0" skipped="0" asserts="6">
        <test-case id="1-1149" name="TestExprIoPos" fullname="Kaitai.SpecExprIoPos.TestExprIoPos" methodname="TestExprIoPos" classname="Kaitai.SpecExprIoPos" runstate="Runnable" seed="1624909882" result="Passed" start-time="2025-12-12T23:33:09.9430663Z" end-time="2025-12-12T23:33:09.9450848Z" duration="0.001183" asserts="6" />
      </test-suite>
      <test-suite type="TestFixture" id="1-1150" name="SpecExprMod" fullname="Kaitai.SpecExprMod" classname="Kaitai.SpecExprMod" runstate="Runnable" testcasecount="1" result="Passed" start-time="2025-12-12T23:33:09.9450848Z" end-time="2025-12-12T23:33:09.9450848Z" duration="0.001213" total="1" passed="1" failed="0" warnings="0" inconclusive="0" skipped="0" asserts="6">
        <test-case id="1-1151" name="TestExprMod" fullname="Kaitai.SpecExprMod.TestExprMod" methodname="TestExprMod" classname="Kaitai.SpecExprMod" runstate="Runnable" seed="877293823" result="Passed" start-time="2025-12-12T23:33:09.9450848Z" end-time="2025-12-12T23:33:09.9450848Z" duration="0.001111" asserts="6" />
      </test-suite>
      <test-suite type="TestFixture" id="1-1152" name="SpecExprOpsParens" fullname="Kaitai.SpecExprOpsParens" classname="Kaitai.SpecExprOpsParens" runstate="Runnable" testcasecount="1" result="Passed" start-time="2025-12-12T23:33:09.9450848Z" end-time="2025-12-12T23:33:09.9488692Z" duration="0.002552" total="1" passed="1" failed="0" warnings="0" inconclusive="0" skipped="0" asserts="9">
        <test-case id="1-1153" name="TestExprOpsParens" fullname="Kaitai.SpecExprOpsParens.TestExprOpsParens" methodname="TestExprOpsParens" classname="Kaitai.SpecExprOpsParens" runstate="Runnable" seed="577763758" result="Passed" start-time="2025-12-12T23:33:09.9450848Z" end-time="2025-12-12T23:33:09.9488692Z" duration="0.002456" asserts="9" />
      </test-suite>
      <test-suite type="TestFixture" id="1-1154" name="SpecExprSizeofType0" fullname="Kaitai.SpecExprSizeofType0" classname="Kaitai.SpecExprSizeofType0" runstate="Runnable" testcasecount="1" result="Passed" start-time="2025-12-12T23:33:09.9488692Z" end-time="2025-12-12T23:33:09.9488692Z" duration="0.000519" total="1" passed="1" failed="0" warnings="0" inconclusive="0" skipped="0" asserts="1">
        <test-case id="1-1155" name="TestExprSizeofType0" fullname="Kaitai.SpecExprSizeofType0.TestExprSizeofType0" methodname="TestExprSizeofType0" classname="Kaitai.SpecExprSizeofType0" runstate="Runnable" seed="928759672" result="Passed" start-time="2025-12-12T23:33:09.9488692Z" end-time="2025-12-12T23:33:09.9488692Z" duration="0.000396" asserts="1" />
      </test-suite>
      <test-suite type="TestFixture" id="1-1156" name="SpecExprSizeofType1" fullname="Kaitai.SpecExprSizeofType1" classname="Kaitai.SpecExprSizeofType1" runstate="Runnable" testcasecount="1" result="Passed" start-time="2025-12-12T23:33:09.9488692Z" end-time="2025-12-12T23:33:09.9488692Z" duration="0.001076" total="1" passed="1" failed="0" warnings="0" inconclusive="0" skipped="0" asserts="2">
        <test-case id="1-1157" name="TestExprSizeofType1" fullname="Kaitai.SpecExprSizeofType1.TestExprSizeofType1" methodname="TestExprSizeofType1" classname="Kaitai.SpecExprSizeofType1" runstate="Runnable" seed="1463792506" result="Passed" start-time="2025-12-12T23:33:09.9488692Z" end-time="2025-12-12T23:33:09.9488692Z" duration="0.000981" asserts="2" />
      </test-suite>
      <test-suite type="TestFixture" id="1-1158" name="SpecExprSizeofValue0" fullname="Kaitai.SpecExprSizeofValue0" classname="Kaitai.SpecExprSizeofValue0" runstate="Runnable" testcasecount="1" result="Passed" start-time="2025-12-12T23:33:09.9488692Z" end-time="2025-12-12T23:33:09.9508902Z" duration="0.001078" total="1" passed="1" failed="0" warnings="0" inconclusive="0" skipped="0" asserts="5">
        <test-case id="1-1159" name="TestExprSizeofValue0" fullname="Kaitai.SpecExprSizeofValue0.TestExprSizeofValue0" methodname="TestExprSizeofValue0" classname="Kaitai.SpecExprSizeofValue0" runstate="Runnable" seed="938289022" result="Passed" start-time="2025-12-12T23:33:09.9488692Z" end-time="2025-12-12T23:33:09.9508902Z" duration="0.000986" asserts="5" />
      </test-suite>
      <test-suite type="TestFixture" id="1-1160" name="SpecExprSizeofValueSized" fullname="Kaitai.SpecExprSizeofValueSized" classname="Kaitai.SpecExprSizeofValueSized" runstate="Runnable" testcasecount="1" result="Passed" start-time="2025-12-12T23:33:09.9508902Z" end-time="2025-12-12T23:33:09.9508902Z" duration="0.000995" total="1" passed="1" failed="0" warnings="0" inconclusive="0" skipped="0" asserts="5">
        <test-case id="1-1161" name="TestExprSizeofValueSized" fullname="Kaitai.SpecExprSizeofValueSized.TestExprSizeofValueSized" methodname="TestExprSizeofValueSized" classname="Kaitai.SpecExprSizeofValueSized" runstate="Runnable" seed="227170863" result="Passed" start-time="2025-12-12T23:33:09.9508902Z" end-time="2025-12-12T23:33:09.9508902Z" duration="0.000896" asserts="5" />
      </test-suite>
      <test-suite type="TestFixture" id="1-1162" name="SpecExprStrEncodings" fullname="Kaitai.SpecExprStrEncodings" classname="Kaitai.SpecExprStrEncodings" runstate="Runnable" testcasecount="1" result="Passed" start-time="2025-12-12T23:33:09.9508902Z" end-time="2025-12-12T23:33:09.9549333Z" duration="0.002203" total="1" passed="1" failed="0" warnings="0" inconclusive="0" skipped="0" asserts="7">
        <test-case id="1-1163" name="TestExprStrEncodings" fullname="Kaitai.SpecExprStrEncodings.TestExprStrEncodings" methodname="TestExprStrEncodings" classname="Kaitai.SpecExprStrEncodings" runstate="Runnable" seed="1283275690" result="Passed" start-time="2025-12-12T23:33:09.9529119Z" end-time="2025-12-12T23:33:09.9549333Z" duration="0.002078" asserts="7" />
      </test-suite>
      <test-suite type="TestFixture" id="1-1164" name="SpecExprStrOps" fullname="Kaitai.SpecExprStrOps" classname="Kaitai.SpecExprStrOps" runstate="Runnable" testcasecount="1" result="Passed" start-time="2025-12-12T23:33:09.9549333Z" end-time="2025-12-12T23:33:09.9569542Z" duration="0.002214" total="1" passed="1" failed="0" warnings="0" inconclusive="0" skipped="0" asserts="18">
        <test-case id="1-1165" name="TestExprStrOps" fullname="Kaitai.SpecExprStrOps.TestExprStrOps" methodname="TestExprStrOps" classname="Kaitai.SpecExprStrOps" runstate="Runnable" seed="1784722111" result="Passed" start-time="2025-12-12T23:33:09.9549333Z" end-time="2025-12-12T23:33:09.9569542Z" duration="0.002103" asserts="18" />
      </test-suite>
      <test-suite type="TestFixture" id="1-1166" name="SpecExprToITrailing" fullname="Kaitai.SpecExprToITrailing" classname="Kaitai.SpecExprToITrailing" runstate="Runnable" testcasecount="1" result="Passed" start-time="2025-12-12T23:33:09.9569542Z" end-time="2025-12-12T23:33:09.9569542Z" duration="0.001120" total="1" passed="1" failed="0" warnings="0" inconclusive="0" skipped="0" asserts="3">
        <test-case id="1-1167" name="TestExprToITrailing" fullname="Kaitai.SpecExprToITrailing.TestExprToITrailing" methodname="TestExprToITrailing" classname="Kaitai.SpecExprToITrailing" runstate="Runnable" seed="803854184" result="Passed" start-time="2025-12-12T23:33:09.9569542Z" end-time="2025-12-12T23:33:09.9569542Z" duration="0.001027" asserts="3" />
      </test-suite>
      <test-suite type="TestFixture" id="1-1168" name="SpecFixedContents" fullname="Kaitai.SpecFixedContents" classname="Kaitai.SpecFixedContents" runstate="Runnable" testcasecount="1" result="Passed" start-time="2025-12-12T23:33:09.9569542Z" end-time="2025-12-12T23:33:09.9589754Z" duration="0.000754" total="1" passed="1" failed="0" warnings="0" inconclusive="0" skipped="0" asserts="0">
        <test-case id="1-1169" name="TestFixedContents" fullname="Kaitai.SpecFixedContents.TestFixedContents" methodname="TestFixedContents" classname="Kaitai.SpecFixedContents" runstate="Runnable" seed="1352567527" result="Passed" start-time="2025-12-12T23:33:09.9569542Z" end-time="2025-12-12T23:33:09.9589754Z" duration="0.000653" asserts="0" />
      </test-suite>
      <test-suite type="TestFixture" id="1-1170" name="SpecFixedStruct" fullname="Kaitai.SpecFixedStruct" classname="Kaitai.SpecFixedStruct" runstate="Runnable" testcasecount="1" result="Passed" start-time="2025-12-12T23:33:09.9589754Z" end-time="2025-12-12T23:33:09.9609953Z" duration="0.003629" total="1" passed="1" failed="0" warnings="0" inconclusive="0" skipped="0" asserts="20">
        <test-case id="1-1171" name="TestFixedStruct" fullname="Kaitai.SpecFixedStruct.TestFixedStruct" methodname="TestFixedStruct" classname="Kaitai.SpecFixedStruct" runstate="Runnable" seed="70459384" result="Passed" start-time="2025-12-12T23:33:09.9589754Z" end-time="2025-12-12T23:33:09.9609953Z" duration="0.003520" asserts="20" />
      </test-suite>
      <test-suite type="TestFixture" id="1-1174" name="SpecFloatingPoints" fullname="Kaitai.SpecFloatingPoints" classname="Kaitai.SpecFloatingPoints" runstate="Runnable" testcasecount="1" result="Passed" start-time="2025-12-12T23:33:09.9609953Z" end-time="2025-12-12T23:33:09.9630165Z" duration="0.001159" total="1" passed="1" failed="0" warnings="0" inconclusive="0" skipped="0" asserts="8">
        <test-case id="1-1175" name="TestFloatingPoints" fullname="Kaitai.SpecFloatingPoints.TestFloatingPoints" methodname="TestFloatingPoints" classname="Kaitai.SpecFloatingPoints" runstate="Runnable" seed="925830834" result="Passed" start-time="2025-12-12T23:33:09.9609953Z" end-time="2025-12-12T23:33:09.9630165Z" duration="0.001066" asserts="8" />
      </test-suite>
      <test-suite type="TestFixture" id="1-1172" name="SpecFloatToI" fullname="Kaitai.SpecFloatToI" classname="Kaitai.SpecFloatToI" runstate="Runnable" testcasecount="1" result="Passed" start-time="2025-12-12T23:33:09.9630165Z" end-time="2025-12-12T23:33:09.9647770Z" duration="0.002635" total="1" passed="1" failed="0" warnings="0" inconclusive="0" skipped="0" asserts="8">
        <test-case id="1-1173" name="TestFloatToI" fullname="Kaitai.SpecFloatToI.TestFloatToI" methodname="TestFloatToI" classname="Kaitai.SpecFloatToI" runstate="Runnable" seed="1967807850" result="Passed" start-time="2025-12-12T23:33:09.9630165Z" end-time="2025-12-12T23:33:09.9647770Z" duration="0.002540" asserts="8" />
      </test-suite>
      <test-suite type="TestFixture" id="1-1176" name="SpecHelloWorld" fullname="Kaitai.SpecHelloWorld" classname="Kaitai.SpecHelloWorld" runstate="Runnable" testcasecount="1" result="Passed" start-time="2025-12-12T23:33:09.9647770Z" end-time="2025-12-12T23:33:09.9667964Z" duration="0.000553" total="1" passed="1" failed="0" warnings="0" inconclusive="0" skipped="0" asserts="1">
        <test-case id="1-1177" name="TestHelloWorld" fullname="Kaitai.SpecHelloWorld.TestHelloWorld" methodname="TestHelloWorld" classname="Kaitai.SpecHelloWorld" runstate="Runnable" seed="6890377" result="Passed" start-time="2025-12-12T23:33:09.9647770Z" end-time="2025-12-12T23:33:09.9667964Z" duration="0.000460" asserts="1" />
      </test-suite>
      <test-suite type="TestFixture" id="1-1178" name="SpecIfInstances" fullname="Kaitai.SpecIfInstances" classname="Kaitai.SpecIfInstances" runstate="Runnable" testcasecount="1" result="Passed" start-time="2025-12-12T23:33:09.9667964Z" end-time="2025-12-12T23:33:09.9667964Z" duration="0.000498" total="1" passed="1" failed="0" warnings="0" inconclusive="0" skipped="0" asserts="1">
        <test-case id="1-1179" name="TestIfInstances" fullname="Kaitai.SpecIfInstances.TestIfInstances" methodname="TestIfInstances" classname="Kaitai.SpecIfInstances" runstate="Runnable" seed="936286342" result="Passed" start-time="2025-12-12T23:33:09.9667964Z" end-time="2025-12-12T23:33:09.9667964Z" duration="0.000400" asserts="1" />
      </test-suite>
      <test-suite type="TestFixture" id="1-1180" name="SpecIfStruct" fullname="Kaitai.SpecIfStruct" classname="Kaitai.SpecIfStruct" runstate="Runnable" testcasecount="1" result="Passed" start-time="2025-12-12T23:33:09.9667964Z" end-time="2025-12-12T23:33:09.9688128Z" duration="0.001587" total="1" passed="1" failed="0" warnings="0" inconclusive="0" skipped="0" asserts="10">
        <test-case id="1-1181" name="TestIfStruct" fullname="Kaitai.SpecIfStruct.TestIfStruct" methodname="TestIfStruct" classname="Kaitai.SpecIfStruct" runstate="Runnable" seed="1928986792" result="Passed" start-time="2025-12-12T23:33:09.9667964Z" end-time="2025-12-12T23:33:09.9688128Z" duration="0.001492" asserts="10" />
      </test-suite>
      <test-suite type="TestFixture" id="1-1182" name="SpecIfValues" fullname="Kaitai.SpecIfValues" classname="Kaitai.SpecIfValues" runstate="Runnable" testcasecount="1" result="Passed" start-time="2025-12-12T23:33:09.9688128Z" end-time="2025-12-12T23:33:09.9688128Z" duration="0.001155" total="1" passed="1" failed="0" warnings="0" inconclusive="0" skipped="0" asserts="6">
        <test-case id="1-1183" name="TestIfValues" fullname="Kaitai.SpecIfValues.TestIfValues" methodname="TestIfValues" classname="Kaitai.SpecIfValues" runstate="Runnable" seed="1806166880" result="Passed" start-time="2025-12-12T23:33:09.9688128Z" end-time="2025-12-12T23:33:09.9688128Z" duration="0.001062" asserts="6" />
      </test-suite>
      <test-suite type="TestFixture" id="1-1184" name="SpecImports0" fullname="Kaitai.SpecImports0" classname="Kaitai.SpecImports0" runstate="Runnable" testcasecount="1" result="Passed" start-time="2025-12-12T23:33:09.9688128Z" end-time="2025-12-12T23:33:09.9708328Z" duration="0.000788" total="1" passed="1" failed="0" warnings="0" inconclusive="0" skipped="0" asserts="3">
        <test-case id="1-1185" name="TestImports0" fullname="Kaitai.SpecImports0.TestImports0" methodname="TestImports0" classname="Kaitai.SpecImports0" runstate="Runnable" seed="1531089923" result="Passed" start-time="2025-12-12T23:33:09.9688128Z" end-time="2025-12-12T23:33:09.9708328Z" duration="0.000692" asserts="3" />
      </test-suite>
      <test-suite type="TestFixture" id="1-1186" name="SpecImportsAbs" fullname="Kaitai.SpecImportsAbs" classname="Kaitai.SpecImportsAbs" runstate="Runnable" testcasecount="1" result="Passed" start-time="2025-12-12T23:33:09.9708328Z" end-time="2025-12-12T23:33:09.9728528Z" duration="0.002020" total="1" passed="1" failed="0" warnings="0" inconclusive="0" skipped="0" asserts="2">
        <test-case id="1-1187" name="TestImportsAbs" fullname="Kaitai.SpecImportsAbs.TestImportsAbs" methodname="TestImportsAbs" classname="Kaitai.SpecImportsAbs" runstate="Runnable" seed="807960649" result="Passed" start-time="2025-12-12T23:33:09.9708328Z" end-time="2025-12-12T23:33:09.9728528Z" duration="0.001927" asserts="2" />
      </test-suite>
      <test-suite type="TestFixture" id="1-1188" name="SpecImportsAbsAbs" fullname="Kaitai.SpecImportsAbsAbs" classname="Kaitai.SpecImportsAbsAbs" runstate="Runnable" testcasecount="1" result="Passed" start-time="2025-12-12T23:33:09.9728528Z" end-time="2025-12-12T23:33:09.9728528Z" duration="0.000908" total="1" passed="1" failed="0" warnings="0" inconclusive="0" skipped="0" asserts="3">
        <test-case id="1-1189" name="TestImportsAbsAbs" fullname="Kaitai.SpecImportsAbsAbs.TestImportsAbsAbs" methodname="TestImportsAbsAbs" classname="Kaitai.SpecImportsAbsAbs" runstate="Runnable" seed="1771495007" result="Passed" start-time="2025-12-12T23:33:09.9728528Z" end-time="2025-12-12T23:33:09.9728528Z" duration="0.000815" asserts="3" />
      </test-suite>
      <test-suite type="TestFixture" id="1-1190" name="SpecImportsAbsRel" fullname="Kaitai.SpecImportsAbsRel" classname="Kaitai.SpecImportsAbsRel" runstate="Runnable" testcasecount="1" result="Passed" start-time="2025-12-12T23:33:09.9728528Z" end-time="2025-12-12T23:33:09.9748732Z" duration="0.000779" total="1" passed="1" failed="0" warnings="0" inconclusive="0" skipped="0" asserts="3">
        <test-case id="1-1191" name="TestImportsAbsRel" fullname="Kaitai.SpecImportsAbsRel.TestImportsAbsRel" methodname="TestImportsAbsRel" classname="Kaitai.SpecImportsAbsRel" runstate="Runnable" seed="206102814" result="Passed" start-time="2025-12-12T23:33:09.9728528Z" end-time="2025-12-12T23:33:09.9748732Z" duration="0.000689" asserts="3" />
      </test-suite>
      <test-suite type="TestFixture" id="1-1192" name="SpecImportsCastToImported" fullname="Kaitai.SpecImportsCastToImported" classname="Kaitai.SpecImportsCastToImported" runstate="Runnable" testcasecount="1" result="Passed" start-time="2025-12-12T23:33:09.9748732Z" end-time="2025-12-12T23:33:09.9748732Z" duration="0.000841" total="1" passed="1" failed="0" warnings="0" inconclusive="0" skipped="0" asserts="2">
        <test-case id="1-1193" name="TestImportsCastToImported" fullname="Kaitai.SpecImportsCastToImported.TestImportsCastToImported" methodname="TestImportsCastToImported" classname="Kaitai.SpecImportsCastToImported" runstate="Runnable" seed="621263160" result="Passed" start-time="2025-12-12T23:33:09.9748732Z" end-time="2025-12-12T23:33:09.9748732Z" duration="0.000711" asserts="2" />
      </test-suite>
      <test-suite type="TestFixture" id="1-1194" name="SpecImportsCastToImported2" fullname="Kaitai.SpecImportsCastToImported2" classname="Kaitai.SpecImportsCastToImported2" runstate="Runnable" testcasecount="1" result="Passed" start-time="2025-12-12T23:33:09.9748732Z" end-time="2025-12-12T23:33:09.9748732Z" duration="0.000809" total="1" passed="1" failed="0" warnings="0" inconclusive="0" skipped="0" asserts="2">
        <test-case id="1-1195" name="TestImportsCastToImported2" fullname="Kaitai.SpecImportsCastToImported2.TestImportsCastToImported2" methodname="TestImportsCastToImported2" classname="Kaitai.SpecImportsCastToImported2" runstate="Runnable" seed="1070648445" result="Passed" start-time="2025-12-12T23:33:09.9748732Z" end-time="2025-12-12T23:33:09.9748732Z" duration="0.000717" asserts="2" />
      </test-suite>
      <test-suite type="TestFixture" id="1-1196" name="SpecImportsCircularA" fullname="Kaitai.SpecImportsCircularA" classname="Kaitai.SpecImportsCircularA" runstate="Runnable" testcasecount="1" result="Passed" start-time="2025-12-12T23:33:09.9748732Z" end-time="2025-12-12T23:33:09.9768923Z" duration="0.000910" total="1" passed="1" failed="0" warnings="0" inconclusive="0" skipped="0" asserts="5">
        <test-case id="1-1197" name="TestImportsCircularA" fullname="Kaitai.SpecImportsCircularA.TestImportsCircularA" methodname="TestImportsCircularA" classname="Kaitai.SpecImportsCircularA" runstate="Runnable" seed="465670905" result="Passed" start-time="2025-12-12T23:33:09.9748732Z" end-time="2025-12-12T23:33:09.9768923Z" duration="0.000820" asserts="5" />
      </test-suite>
      <test-suite type="TestFixture" id="1-1198" name="SpecImportsParamsDefArrayUsertypeImported" fullname="Kaitai.SpecImportsParamsDefArrayUsertypeImported" classname="Kaitai.SpecImportsParamsDefArrayUsertypeImported" runstate="Runnable" testcasecount="1" result="Passed" start-time="2025-12-12T23:33:09.9768923Z" end-time="2025-12-12T23:33:09.9768923Z" duration="0.001198" total="1" passed="1" failed="0" warnings="0" inconclusive="0" skipped="0" asserts="5">
[...]
      </test-suite>
      <test-suite type="TestFixture" id="1-1462" name="SpecValidFailEqInt" fullname="Kaitai.SpecValidFailEqInt" classname="Kaitai.SpecValidFailEqInt" runstate="Runnable" testcasecount="1" result="Passed" start-time="2025-12-12T23:33:10.1398134Z" end-time="2025-12-12T23:33:10.1418396Z" duration="0.000820" total="1" passed="1" failed="0" warnings="0" inconclusive="0" skipped="0" asserts="1">
        <test-case id="1-1463" name="TestValidFailEqInt" fullname="Kaitai.SpecValidFailEqInt.TestValidFailEqInt" methodname="TestValidFailEqInt" classname="Kaitai.SpecValidFailEqInt" runstate="Runnable" seed="1833618554" result="Passed" start-time="2025-12-12T23:33:10.1398134Z" end-time="2025-12-12T23:33:10.1418396Z" duration="0.000722" asserts="1" />
      </test-suite>
      <test-suite type="TestFixture" id="1-1464" name="SpecValidFailEqStr" fullname="Kaitai.SpecValidFailEqStr" classname="Kaitai.SpecValidFailEqStr" runstate="Runnable" testcasecount="1" result="Passed" start-time="2025-12-12T23:33:10.1418396Z" end-time="2025-12-12T23:33:10.1418396Z" duration="0.000849" total="1" passed="1" failed="0" warnings="0" inconclusive="0" skipped="0" asserts="1">
        <test-case id="1-1465" name="TestValidFailEqStr" fullname="Kaitai.SpecValidFailEqStr.TestValidFailEqStr" methodname="TestValidFailEqStr" classname="Kaitai.SpecValidFailEqStr" runstate="Runnable" seed="1300122004" result="Passed" start-time="2025-12-12T23:33:10.1418396Z" end-time="2025-12-12T23:33:10.1418396Z" duration="0.000748" asserts="1" />
      </test-suite>
      <test-suite type="TestFixture" id="1-1466" name="SpecValidFailExpr" fullname="Kaitai.SpecValidFailExpr" classname="Kaitai.SpecValidFailExpr" runstate="Runnable" testcasecount="1" result="Passed" start-time="2025-12-12T23:33:10.1418396Z" end-time="2025-12-12T23:33:10.1438659Z" duration="0.000883" total="1" passed="1" failed="0" warnings="0" inconclusive="0" skipped="0" asserts="1">
        <test-case id="1-1467" name="TestValidFailExpr" fullname="Kaitai.SpecValidFailExpr.TestValidFailExpr" methodname="TestValidFailExpr" classname="Kaitai.SpecValidFailExpr" runstate="Runnable" seed="1803913800" result="Passed" start-time="2025-12-12T23:33:10.1418396Z" end-time="2025-12-12T23:33:10.1438659Z" duration="0.000782" asserts="1" />
      </test-suite>
      <test-suite type="TestFixture" id="1-1468" name="SpecValidFailInEnum" fullname="Kaitai.SpecValidFailInEnum" classname="Kaitai.SpecValidFailInEnum" runstate="Runnable" testcasecount="1" result="Passed" start-time="2025-12-12T23:33:10.1438659Z" end-time="2025-12-12T23:33:10.1438659Z" duration="0.000907" total="1" passed="1" failed="0" warnings="0" inconclusive="0" skipped="0" asserts="1">
        <test-case id="1-1469" name="TestValidFailInEnum" fullname="Kaitai.SpecValidFailInEnum.TestValidFailInEnum" methodname="TestValidFailInEnum" classname="Kaitai.SpecValidFailInEnum" runstate="Runnable" seed="1949271804" result="Passed" start-time="2025-12-12T23:33:10.1438659Z" end-time="2025-12-12T23:33:10.1438659Z" duration="0.000811" asserts="1" />
      </test-suite>
      <test-suite type="TestFixture" id="1-1470" name="SpecValidFailInst" fullname="Kaitai.SpecValidFailInst" classname="Kaitai.SpecValidFailInst" runstate="Runnable" testcasecount="1" result="Passed" start-time="2025-12-12T23:33:10.1438659Z" end-time="2025-12-12T23:33:10.1438659Z" duration="0.000755" total="1" passed="1" failed="0" warnings="0" inconclusive="0" skipped="0" asserts="1">
        <test-case id="1-1471" name="TestValidFailInst" fullname="Kaitai.SpecValidFailInst.TestValidFailInst" methodname="TestValidFailInst" classname="Kaitai.SpecValidFailInst" runstate="Runnable" seed="1363585176" result="Passed" start-time="2025-12-12T23:33:10.1438659Z" end-time="2025-12-12T23:33:10.1438659Z" duration="0.000651" asserts="1" />
      </test-suite>
      <test-suite type="TestFixture" id="1-1472" name="SpecValidFailMaxInt" fullname="Kaitai.SpecValidFailMaxInt" classname="Kaitai.SpecValidFailMaxInt" runstate="Runnable" testcasecount="1" result="Passed" start-time="2025-12-12T23:33:10.1438659Z" end-time="2025-12-12T23:33:10.1458931Z" duration="0.001783" total="1" passed="1" failed="0" warnings="0" inconclusive="0" skipped="0" asserts="1">
        <test-case id="1-1473" name="TestValidFailMaxInt" fullname="Kaitai.SpecValidFailMaxInt.TestValidFailMaxInt" methodname="TestValidFailMaxInt" classname="Kaitai.SpecValidFailMaxInt" runstate="Runnable" seed="4961867" result="Passed" start-time="2025-12-12T23:33:10.1438659Z" end-time="2025-12-12T23:33:10.1458931Z" duration="0.001685" asserts="1" />
      </test-suite>
      <test-suite type="TestFixture" id="1-1474" name="SpecValidFailMinInt" fullname="Kaitai.SpecValidFailMinInt" classname="Kaitai.SpecValidFailMinInt" runstate="Runnable" testcasecount="1" result="Passed" start-time="2025-12-12T23:33:10.1458931Z" end-time="2025-12-12T23:33:10.1479204Z" duration="0.000882" total="1" passed="1" failed="0" warnings="0" inconclusive="0" skipped="0" asserts="1">
        <test-case id="1-1475" name="TestValidFailMinInt" fullname="Kaitai.SpecValidFailMinInt.TestValidFailMinInt" methodname="TestValidFailMinInt" classname="Kaitai.SpecValidFailMinInt" runstate="Runnable" seed="117642643" result="Passed" start-time="2025-12-12T23:33:10.1458931Z" end-time="2025-12-12T23:33:10.1479204Z" duration="0.000787" asserts="1" />
      </test-suite>
      <test-suite type="TestFixture" id="1-1476" name="SpecValidFailRangeBytes" fullname="Kaitai.SpecValidFailRangeBytes" classname="Kaitai.SpecValidFailRangeBytes" runstate="Runnable" testcasecount="1" result="Passed" start-time="2025-12-12T23:33:10.1479204Z" end-time="2025-12-12T23:33:10.1479204Z" duration="0.000830" total="1" passed="1" failed="0" warnings="0" inconclusive="0" skipped="0" asserts="1">
        <test-case id="1-1477" name="TestValidFailRangeBytes" fullname="Kaitai.SpecValidFailRangeBytes.TestValidFailRangeBytes" methodname="TestValidFailRangeBytes" classname="Kaitai.SpecValidFailRangeBytes" runstate="Runnable" seed="881644261" result="Passed" start-time="2025-12-12T23:33:10.1479204Z" end-time="2025-12-12T23:33:10.1479204Z" duration="0.000734" asserts="1" />
      </test-suite>
      <test-suite type="TestFixture" id="1-1478" name="SpecValidFailRangeFloat" fullname="Kaitai.SpecValidFailRangeFloat" classname="Kaitai.SpecValidFailRangeFloat" runstate="Runnable" testcasecount="1" result="Passed" start-time="2025-12-12T23:33:10.1479204Z" end-time="2025-12-12T23:33:10.1479204Z" duration="0.000690" total="1" passed="1" failed="0" warnings="0" inconclusive="0" skipped="0" asserts="1">
        <test-case id="1-1479" name="TestValidFailRangeFloat" fullname="Kaitai.SpecValidFailRangeFloat.TestValidFailRangeFloat" methodname="TestValidFailRangeFloat" classname="Kaitai.SpecValidFailRangeFloat" runstate="Runnable" seed="2033429588" result="Passed" start-time="2025-12-12T23:33:10.1479204Z" end-time="2025-12-12T23:33:10.1479204Z" duration="0.000597" asserts="1" />
      </test-suite>
      <test-suite type="TestFixture" id="1-1480" name="SpecValidFailRangeInt" fullname="Kaitai.SpecValidFailRangeInt" classname="Kaitai.SpecValidFailRangeInt" runstate="Runnable" testcasecount="1" result="Passed" start-time="2025-12-12T23:33:10.1479204Z" end-time="2025-12-12T23:33:10.1499418Z" duration="0.000706" total="1" passed="1" failed="0" warnings="0" inconclusive="0" skipped="0" asserts="1">
        <test-case id="1-1481" name="TestValidFailRangeInt" fullname="Kaitai.SpecValidFailRangeInt.TestValidFailRangeInt" methodname="TestValidFailRangeInt" classname="Kaitai.SpecValidFailRangeInt" runstate="Runnable" seed="1751848271" result="Passed" start-time="2025-12-12T23:33:10.1479204Z" end-time="2025-12-12T23:33:10.1499418Z" duration="0.000608" asserts="1" />
      </test-suite>
      <test-suite type="TestFixture" id="1-1482" name="SpecValidFailRangeStr" fullname="Kaitai.SpecValidFailRangeStr" classname="Kaitai.SpecValidFailRangeStr" runstate="Runnable" testcasecount="1" result="Passed" start-time="2025-12-12T23:33:10.1499418Z" end-time="2025-12-12T23:33:10.1499418Z" duration="0.000698" total="1" passed="1" failed="0" warnings="0" inconclusive="0" skipped="0" asserts="1">
        <test-case id="1-1483" name="TestValidFailRangeStr" fullname="Kaitai.SpecValidFailRangeStr.TestValidFailRangeStr" methodname="TestValidFailRangeStr" classname="Kaitai.SpecValidFailRangeStr" runstate="Runnable" seed="1112170476" result="Passed" start-time="2025-12-12T23:33:10.1499418Z" end-time="2025-12-12T23:33:10.1499418Z" duration="0.000604" asserts="1" />
      </test-suite>
      <test-suite type="TestFixture" id="1-1484" name="SpecValidFailRepeatAnyofInt" fullname="Kaitai.SpecValidFailRepeatAnyofInt" classname="Kaitai.SpecValidFailRepeatAnyofInt" runstate="Runnable" testcasecount="1" result="Passed" start-time="2025-12-12T23:33:10.1499418Z" end-time="2025-12-12T23:33:10.1519601Z" duration="0.000711" total="1" passed="1" failed="0" warnings="0" inconclusive="0" skipped="0" asserts="1">
        <test-case id="1-1485" name="TestValidFailRepeatAnyofInt" fullname="Kaitai.SpecValidFailRepeatAnyofInt.TestValidFailRepeatAnyofInt" methodname="TestValidFailRepeatAnyofInt" classname="Kaitai.SpecValidFailRepeatAnyofInt" runstate="Runnable" seed="1118675720" result="Passed" start-time="2025-12-12T23:33:10.1499418Z" end-time="2025-12-12T23:33:10.1519601Z" duration="0.000613" asserts="1" />
      </test-suite>
      <test-suite type="TestFixture" id="1-1486" name="SpecValidFailRepeatContents" fullname="Kaitai.SpecValidFailRepeatContents" classname="Kaitai.SpecValidFailRepeatContents" runstate="Runnable" testcasecount="1" result="Passed" start-time="2025-12-12T23:33:10.1519601Z" end-time="2025-12-12T23:33:10.1519601Z" duration="0.000774" total="1" passed="1" failed="0" warnings="0" inconclusive="0" skipped="0" asserts="1">
        <test-case id="1-1487" name="TestValidFailRepeatContents" fullname="Kaitai.SpecValidFailRepeatContents.TestValidFailRepeatContents" methodname="TestValidFailRepeatContents" classname="Kaitai.SpecValidFailRepeatContents" runstate="Runnable" seed="198326495" result="Passed" start-time="2025-12-12T23:33:10.1519601Z" end-time="2025-12-12T23:33:10.1519601Z" duration="0.000677" asserts="1" />
      </test-suite>
      <test-suite type="TestFixture" id="1-1488" name="SpecValidFailRepeatEqInt" fullname="Kaitai.SpecValidFailRepeatEqInt" classname="Kaitai.SpecValidFailRepeatEqInt" runstate="Runnable" testcasecount="1" result="Passed" start-time="2025-12-12T23:33:10.1519601Z" end-time="2025-12-12T23:33:10.1519601Z" duration="0.000700" total="1" passed="1" failed="0" warnings="0" inconclusive="0" skipped="0" asserts="1">
        <test-case id="1-1489" name="TestValidFailRepeatEqInt" fullname="Kaitai.SpecValidFailRepeatEqInt.TestValidFailRepeatEqInt" methodname="TestValidFailRepeatEqInt" classname="Kaitai.SpecValidFailRepeatEqInt" runstate="Runnable" seed="1455837411" result="Passed" start-time="2025-12-12T23:33:10.1519601Z" end-time="2025-12-12T23:33:10.1519601Z" duration="0.000603" asserts="1" />
      </test-suite>
      <test-suite type="TestFixture" id="1-1490" name="SpecValidFailRepeatExpr" fullname="Kaitai.SpecValidFailRepeatExpr" classname="Kaitai.SpecValidFailRepeatExpr" runstate="Runnable" testcasecount="1" result="Passed" start-time="2025-12-12T23:33:10.1519601Z" end-time="2025-12-12T23:33:10.1539812Z" duration="0.000765" total="1" passed="1" failed="0" warnings="0" inconclusive="0" skipped="0" asserts="1">
        <test-case id="1-1491" name="TestValidFailRepeatExpr" fullname="Kaitai.SpecValidFailRepeatExpr.TestValidFailRepeatExpr" methodname="TestValidFailRepeatExpr" classname="Kaitai.SpecValidFailRepeatExpr" runstate="Runnable" seed="4460333" result="Passed" start-time="2025-12-12T23:33:10.1519601Z" end-time="2025-12-12T23:33:10.1539812Z" duration="0.000669" asserts="1" />
      </test-suite>
      <test-suite type="TestFixture" id="1-1492" name="SpecValidFailRepeatInst" fullname="Kaitai.SpecValidFailRepeatInst" classname="Kaitai.SpecValidFailRepeatInst" runstate="Runnable" testcasecount="1" result="Passed" start-time="2025-12-12T23:33:10.1539812Z" end-time="2025-12-12T23:33:10.1539812Z" duration="0.000824" total="1" passed="1" failed="0" warnings="0" inconclusive="0" skipped="0" asserts="1">
        <test-case id="1-1493" name="TestValidFailRepeatInst" fullname="Kaitai.SpecValidFailRepeatInst.TestValidFailRepeatInst" methodname="TestValidFailRepeatInst" classname="Kaitai.SpecValidFailRepeatInst" runstate="Runnable" seed="1333214204" result="Passed" start-time="2025-12-12T23:33:10.1539812Z" end-time="2025-12-12T23:33:10.1539812Z" duration="0.000728" asserts="1" />
      </test-suite>
      <test-suite type="TestFixture" id="1-1494" name="SpecValidFailRepeatMaxInt" fullname="Kaitai.SpecValidFailRepeatMaxInt" classname="Kaitai.SpecValidFailRepeatMaxInt" runstate="Runnable" testcasecount="1" result="Passed" start-time="2025-12-12T23:33:10.1539812Z" end-time="2025-12-12T23:33:10.1557467Z" duration="0.000942" total="1" passed="1" failed="0" warnings="0" inconclusive="0" skipped="0" asserts="1">
        <test-case id="1-1495" name="TestValidFailRepeatMaxInt" fullname="Kaitai.SpecValidFailRepeatMaxInt.TestValidFailRepeatMaxInt" methodname="TestValidFailRepeatMaxInt" classname="Kaitai.SpecValidFailRepeatMaxInt" runstate="Runnable" seed="1411368169" result="Passed" start-time="2025-12-12T23:33:10.1539812Z" end-time="2025-12-12T23:33:10.1557467Z" duration="0.000840" asserts="1" />
      </test-suite>
      <test-suite type="TestFixture" id="1-1496" name="SpecValidFailRepeatMinInt" fullname="Kaitai.SpecValidFailRepeatMinInt" classname="Kaitai.SpecValidFailRepeatMinInt" runstate="Runnable" testcasecount="1" result="Passed" start-time="2025-12-12T23:33:10.1557467Z" end-time="2025-12-12T23:33:10.1582865Z" duration="0.002435" total="1" passed="1" failed="0" warnings="0" inconclusive="0" skipped="0" asserts="1">
        <test-case id="1-1497" name="TestValidFailRepeatMinInt" fullname="Kaitai.SpecValidFailRepeatMinInt.TestValidFailRepeatMinInt" methodname="TestValidFailRepeatMinInt" classname="Kaitai.SpecValidFailRepeatMinInt" runstate="Runnable" seed="910643999" result="Passed" start-time="2025-12-12T23:33:10.1557467Z" end-time="2025-12-12T23:33:10.1582865Z" duration="0.002311" asserts="1" />
      </test-suite>
      <test-suite type="TestFixture" id="1-1498" name="SpecValidLong" fullname="Kaitai.SpecValidLong" classname="Kaitai.SpecValidLong" runstate="Runnable" testcasecount="1" result="Passed" start-time="2025-12-12T23:33:10.1582865Z" end-time="2025-12-12T23:33:10.1598173Z" duration="0.001329" total="1" passed="1" failed="0" warnings="0" inconclusive="0" skipped="0" asserts="0">
        <test-case id="1-1499" name="TestValidLong" fullname="Kaitai.SpecValidLong.TestValidLong" methodname="TestValidLong" classname="Kaitai.SpecValidLong" runstate="Runnable" seed="1621792324" result="Passed" start-time="2025-12-12T23:33:10.1582865Z" end-time="2025-12-12T23:33:10.1598173Z" duration="0.001219" asserts="0" />
      </test-suite>
      <test-suite type="TestFixture" id="1-1500" name="SpecValidNotParsedIf" fullname="Kaitai.SpecValidNotParsedIf" classname="Kaitai.SpecValidNotParsedIf" runstate="Runnable" testcasecount="1" result="Passed" start-time="2025-12-12T23:33:10.1598173Z" end-time="2025-12-12T23:33:10.1603088Z" duration="0.000635" total="1" passed="1" failed="0" warnings="0" inconclusive="0" skipped="0" asserts="0">
        <test-case id="1-1501" name="TestValidNotParsedIf" fullname="Kaitai.SpecValidNotParsedIf.TestValidNotParsedIf" methodname="TestValidNotParsedIf" classname="Kaitai.SpecValidNotParsedIf" runstate="Runnable" seed="851350311" result="Passed" start-time="2025-12-12T23:33:10.1598173Z" end-time="2025-12-12T23:33:10.1603088Z" duration="0.000537" asserts="0" />
      </test-suite>
      <test-suite type="TestFixture" id="1-1502" name="SpecValidOptionalId" fullname="Kaitai.SpecValidOptionalId" classname="Kaitai.SpecValidOptionalId" runstate="Runnable" testcasecount="1" result="Passed" start-time="2025-12-12T23:33:10.1603088Z" end-time="2025-12-12T23:33:10.1603088Z" duration="0.000692" total="1" passed="1" failed="0" warnings="0" inconclusive="0" skipped="0" asserts="0">
        <test-case id="1-1503" name="TestValidOptionalId" fullname="Kaitai.SpecValidOptionalId.TestValidOptionalId" methodname="TestValidOptionalId" classname="Kaitai.SpecValidOptionalId" runstate="Runnable" seed="1474586126" result="Passed" start-time="2025-12-12T23:33:10.1603088Z" end-time="2025-12-12T23:33:10.1603088Z" duration="0.000595" asserts="0" />
      </test-suite>
      <test-suite type="TestFixture" id="1-1504" name="SpecValidShort" fullname="Kaitai.SpecValidShort" classname="Kaitai.SpecValidShort" runstate="Runnable" testcasecount="1" result="Passed" start-time="2025-12-12T23:33:10.1603088Z" end-time="2025-12-12T23:33:10.1623277Z" duration="0.001697" total="1" passed="1" failed="0" warnings="0" inconclusive="0" skipped="0" asserts="0">
        <test-case id="1-1505" name="TestValidShort" fullname="Kaitai.SpecValidShort.TestValidShort" methodname="TestValidShort" classname="Kaitai.SpecValidShort" runstate="Runnable" seed="1450181366" result="Passed" start-time="2025-12-12T23:33:10.1603088Z" end-time="2025-12-12T23:33:10.1623277Z" duration="0.001596" asserts="0" />
      </test-suite>
      <test-suite type="TestFixture" id="1-1506" name="SpecValidSwitch" fullname="Kaitai.SpecValidSwitch" classname="Kaitai.SpecValidSwitch" runstate="Runnable" testcasecount="1" result="Passed" start-time="2025-12-12T23:33:10.1623277Z" end-time="2025-12-12T23:33:10.1623277Z" duration="0.000728" total="1" passed="1" failed="0" warnings="0" inconclusive="0" skipped="0" asserts="0">
        <test-case id="1-1507" name="TestValidSwitch" fullname="Kaitai.SpecValidSwitch.TestValidSwitch" methodname="TestValidSwitch" classname="Kaitai.SpecValidSwitch" runstate="Runnable" seed="856828443" result="Passed" start-time="2025-12-12T23:33:10.1623277Z" end-time="2025-12-12T23:33:10.1623277Z" duration="0.000628" asserts="0" />
      </test-suite>
      <test-suite type="TestFixture" id="1-1508" name="SpecZlibSurrounded" fullname="Kaitai.SpecZlibSurrounded" classname="Kaitai.SpecZlibSurrounded" runstate="Runnable" testcasecount="1" result="Passed" start-time="2025-12-12T23:33:10.1623277Z" end-time="2025-12-12T23:33:10.1797452Z" duration="0.016158" total="1" passed="1" failed="0" warnings="0" inconclusive="0" skipped="0" asserts="1">
        <test-case id="1-1509" name="TestZlibSurrounded" fullname="Kaitai.SpecZlibSurrounded.TestZlibSurrounded" methodname="TestZlibSurrounded" classname="Kaitai.SpecZlibSurrounded" runstate="Runnable" seed="1803524256" result="Passed" start-time="2025-12-12T23:33:10.1623277Z" end-time="2025-12-12T23:33:10.1797452Z" duration="0.016065" asserts="1" />
      </test-suite>
      <test-suite type="TestFixture" id="1-1510" name="SpecZlibWithHeader78" fullname="Kaitai.SpecZlibWithHeader78" classname="Kaitai.SpecZlibWithHeader78" runstate="Runnable" testcasecount="1" result="Passed" start-time="2025-12-12T23:33:10.1797452Z" end-time="2025-12-12T23:33:10.1800638Z" duration="0.000662" total="1" passed="1" failed="0" warnings="0" inconclusive="0" skipped="0" asserts="1">
        <test-case id="1-1511" name="TestZlibWithHeader78" fullname="Kaitai.SpecZlibWithHeader78.TestZlibWithHeader78" methodname="TestZlibWithHeader78" classname="Kaitai.SpecZlibWithHeader78" runstate="Runnable" seed="142676453" result="Passed" start-time="2025-12-12T23:33:10.1797452Z" end-time="2025-12-12T23:33:10.1800638Z" duration="0.000565" asserts="1" />
      </test-suite>
    </test-suite>
  </test-suite>
</test-run>