<?xml version="1.0" encoding="utf-8" standalone="no"?>
<test-run id="2" testcasecount="148" result="Passed" total="148" passed="148" failed="0" inconclusive="0" skipped="0" asserts="697" engine-version="3.4.1.0" clr-version="4.0.30319.42000" start-time="2019-04-25 12:30:36Z" end-time="2019-04-25 12:30:38Z" duration="1.848102">
  <command-line><![CDATA[spec/csharp/packages/NUnit.ConsoleRunner.3.4.1/tools/nunit3-console.exe --result=test_out/csharp/TestResult.xml spec/csharp/kaitai_struct_csharp_tests/bin/Debug/kaitai_struct_csharp_tests.dll]]></command-line>
  <test-suite type="Assembly" id="0-1296" name="kaitai_struct_csharp_tests.dll" fullname="C:\projects\ci-targets\tests\spec\csharp\kaitai_struct_csharp_tests\bin\Debug\kaitai_struct_csharp_tests.dll" runstate="Runnable" testcasecount="148" result="Passed" start-time="2019-04-25 12:30:36Z" end-time="2019-04-25 12:30:38Z" duration="1.737360" total="148" passed="148" failed="0" inconclusive="0" skipped="0" asserts="697">
    <environment framework-version="3.4.1.0" clr-version="4.0.30319.42000" os-version="Microsoft Windows NT 10.0.14393.0" platform="Win32NT" cwd="C:\projects\ci-targets\tests" machine-name="APPVYR-WIN" user="appveyor" user-domain="APPVYR-WIN" culture="en-US" uiculture="en-US" os-architecture="x64" />
    <settings>
      <setting name="WorkDirectory" value="C:\projects\ci-targets\tests" />
      <setting name="ImageRuntimeVersion" value="4.0.30319" />
      <setting name="ImageTargetFrameworkName" value=".NETFramework,Version=v4.5" />
      <setting name="ImageRequiresX86" value="False" />
      <setting name="ImageRequiresDefaultAppDomainAssemblyResolver" value="False" />
      <setting name="NumberOfTestWorkers" value="2" />
    </settings>
    <properties>
      <property name="_PID" value="4392" />
      <property name="_APPDOMAIN" value="test-domain-" />
    </properties>
    <test-suite type="TestSuite" id="0-1297" name="Kaitai" fullname="Kaitai" runstate="Runnable" testcasecount="148" result="Passed" start-time="2019-04-25 12:30:37Z" end-time="2019-04-25 12:30:38Z" duration="1.704766" total="148" passed="148" failed="0" inconclusive="0" skipped="0" asserts="697">
      <test-suite type="TestFixture" id="0-1000" name="SpecBcdUserTypeBe" fullname="Kaitai.SpecBcdUserTypeBe" classname="Kaitai.SpecBcdUserTypeBe" runstate="Runnable" testcasecount="1" result="Passed" start-time="2019-04-25 12:30:37Z" end-time="2019-04-25 12:30:37Z" duration="0.044353" total="1" passed="1" failed="0" inconclusive="0" skipped="0" asserts="6">
        <test-case id="0-1001" name="TestBcdUserTypeBe" fullname="Kaitai.SpecBcdUserTypeBe.TestBcdUserTypeBe" methodname="TestBcdUserTypeBe" classname="Kaitai.SpecBcdUserTypeBe" runstate="Runnable" seed="556478267" result="Passed" start-time="2019-04-25 12:30:37Z" end-time="2019-04-25 12:30:37Z" duration="0.027509" asserts="6" />
      </test-suite>
      <test-suite type="TestFixture" id="0-1002" name="SpecBcdUserTypeLe" fullname="Kaitai.SpecBcdUserTypeLe" classname="Kaitai.SpecBcdUserTypeLe" runstate="Runnable" testcasecount="1" result="Passed" start-time="2019-04-25 12:30:37Z" end-time="2019-04-25 12:30:37Z" duration="0.012031" total="1" passed="1" failed="0" inconclusive="0" skipped="0" asserts="6">
        <test-case id="0-1003" name="TestBcdUserTypeLe" fullname="Kaitai.SpecBcdUserTypeLe.TestBcdUserTypeLe" methodname="TestBcdUserTypeLe" classname="Kaitai.SpecBcdUserTypeLe" runstate="Runnable" seed="85105991" result="Passed" start-time="2019-04-25 12:30:37Z" end-time="2019-04-25 12:30:37Z" duration="0.008407" asserts="6" />
      </test-suite>
      <test-suite type="TestFixture" id="0-1004" name="SpecBitsByteAligned" fullname="Kaitai.SpecBitsByteAligned" classname="Kaitai.SpecBitsByteAligned" runstate="Runnable" testcasecount="1" result="Passed" start-time="2019-04-25 12:30:37Z" end-time="2019-04-25 12:30:37Z" duration="0.010020" total="1" passed="1" failed="0" inconclusive="0" skipped="0" asserts="9">
        <test-case id="0-1005" name="TestBitsByteAligned" fullname="Kaitai.SpecBitsByteAligned.TestBitsByteAligned" methodname="TestBitsByteAligned" classname="Kaitai.SpecBitsByteAligned" runstate="Runnable" seed="1188794280" result="Passed" start-time="2019-04-25 12:30:37Z" end-time="2019-04-25 12:30:37Z" duration="0.006594" asserts="9" />
      </test-suite>
      <test-suite type="TestFixture" id="0-1006" name="SpecBitsEnum" fullname="Kaitai.SpecBitsEnum" classname="Kaitai.SpecBitsEnum" runstate="Runnable" testcasecount="1" result="Passed" start-time="2019-04-25 12:30:37Z" end-time="2019-04-25 12:30:37Z" duration="0.006034" total="1" passed="1" failed="0" inconclusive="0" skipped="0" asserts="3">
        <test-case id="0-1007" name="TestBitsEnum" fullname="Kaitai.SpecBitsEnum.TestBitsEnum" methodname="TestBitsEnum" classname="Kaitai.SpecBitsEnum" runstate="Runnable" seed="1119628792" result="Passed" start-time="2019-04-25 12:30:37Z" end-time="2019-04-25 12:30:37Z" duration="0.002676" asserts="3" />
      </test-suite>
      <test-suite type="TestFixture" id="0-1008" name="SpecBitsSimple" fullname="Kaitai.SpecBitsSimple" classname="Kaitai.SpecBitsSimple" runstate="Runnable" testcasecount="1" result="Passed" start-time="2019-04-25 12:30:37Z" end-time="2019-04-25 12:30:37Z" duration="0.007466" total="1" passed="1" failed="0" inconclusive="0" skipped="0" asserts="14">
        <test-case id="0-1009" name="TestBitsSimple" fullname="Kaitai.SpecBitsSimple.TestBitsSimple" methodname="TestBitsSimple" classname="Kaitai.SpecBitsSimple" runstate="Runnable" seed="1526047619" result="Passed" start-time="2019-04-25 12:30:37Z" end-time="2019-04-25 12:30:37Z" duration="0.003671" asserts="14" />
      </test-suite>
      <test-suite type="TestFixture" id="0-1010" name="SpecBufferedStruct" fullname="Kaitai.SpecBufferedStruct" classname="Kaitai.SpecBufferedStruct" runstate="Runnable" testcasecount="1" result="Passed" start-time="2019-04-25 12:30:37Z" end-time="2019-04-25 12:30:37Z" duration="0.009038" total="1" passed="1" failed="0" inconclusive="0" skipped="0" asserts="7">
        <test-case id="0-1011" name="TestBufferedStruct" fullname="Kaitai.SpecBufferedStruct.TestBufferedStruct" methodname="TestBufferedStruct" classname="Kaitai.SpecBufferedStruct" runstate="Runnable" seed="968664505" result="Passed" start-time="2019-04-25 12:30:37Z" end-time="2019-04-25 12:30:37Z" duration="0.004435" asserts="7" />
      </test-suite>
      <test-suite type="TestFixture" id="0-1012" name="SpecBytesPadTerm" fullname="Kaitai.SpecBytesPadTerm" classname="Kaitai.SpecBytesPadTerm" runstate="Runnable" testcasecount="1" result="Passed" start-time="2019-04-25 12:30:37Z" end-time="2019-04-25 12:30:37Z" duration="0.006267" total="1" passed="1" failed="0" inconclusive="0" skipped="0" asserts="4">
        <test-case id="0-1013" name="TestBytesPadTerm" fullname="Kaitai.SpecBytesPadTerm.TestBytesPadTerm" methodname="TestBytesPadTerm" classname="Kaitai.SpecBytesPadTerm" runstate="Runnable" seed="1916890647" result="Passed" start-time="2019-04-25 12:30:37Z" end-time="2019-04-25 12:30:37Z" duration="0.002082" asserts="4" />
      </test-suite>
      <test-suite type="TestFixture" id="0-1014" name="SpecCastNested" fullname="Kaitai.SpecCastNested" classname="Kaitai.SpecCastNested" runstate="Runnable" testcasecount="1" result="Passed" start-time="2019-04-25 12:30:37Z" end-time="2019-04-25 12:30:37Z" duration="0.007906" total="1" passed="1" failed="0" inconclusive="0" skipped="0" asserts="4">
        <test-case id="0-1015" name="TestCastNested" fullname="Kaitai.SpecCastNested.TestCastNested" methodname="TestCastNested" classname="Kaitai.SpecCastNested" runstate="Runnable" seed="901908380" result="Passed" start-time="2019-04-25 12:30:37Z" end-time="2019-04-25 12:30:37Z" duration="0.004463" asserts="4" />
      </test-suite>
      <test-suite type="TestFixture" id="0-1016" name="SpecCastToImported" fullname="Kaitai.SpecCastToImported" classname="Kaitai.SpecCastToImported" runstate="Runnable" testcasecount="1" result="Passed" start-time="2019-04-25 12:30:37Z" end-time="2019-04-25 12:30:37Z" duration="0.005004" total="1" passed="1" failed="0" inconclusive="0" skipped="0" asserts="2">
        <test-case id="0-1017" name="TestCastToImported" fullname="Kaitai.SpecCastToImported.TestCastToImported" methodname="TestCastToImported" classname="Kaitai.SpecCastToImported" runstate="Runnable" seed="482658731" result="Passed" start-time="2019-04-25 12:30:37Z" end-time="2019-04-25 12:30:37Z" duration="0.001317" asserts="2" />
      </test-suite>
      <test-suite type="TestFixture" id="0-1018" name="SpecCastToTop" fullname="Kaitai.SpecCastToTop" classname="Kaitai.SpecCastToTop" runstate="Runnable" testcasecount="1" result="Passed" start-time="2019-04-25 12:30:37Z" end-time="2019-04-25 12:30:37Z" duration="0.005120" total="1" passed="1" failed="0" inconclusive="0" skipped="0" asserts="3">
        <test-case id="0-1019" name="TestCastToTop" fullname="Kaitai.SpecCastToTop.TestCastToTop" methodname="TestCastToTop" classname="Kaitai.SpecCastToTop" runstate="Runnable" seed="282250329" result="Passed" start-time="2019-04-25 12:30:37Z" end-time="2019-04-25 12:30:37Z" duration="0.001605" asserts="3" />
      </test-suite>
      <test-suite type="TestFixture" id="0-1020" name="SpecDebug0" fullname="Kaitai.SpecDebug0" classname="Kaitai.SpecDebug0" runstate="Runnable" testcasecount="1" result="Passed" start-time="2019-04-25 12:30:37Z" end-time="2019-04-25 12:30:37Z" duration="0.004040" total="1" passed="1" failed="0" inconclusive="0" skipped="0" asserts="0">
        <test-case id="0-1021" name="TestDebug0" fullname="Kaitai.SpecDebug0.TestDebug0" methodname="TestDebug0" classname="Kaitai.SpecDebug0" runstate="Runnable" seed="759800626" result="Passed" start-time="2019-04-25 12:30:37Z" end-time="2019-04-25 12:30:37Z" duration="0.000155" asserts="0" />
      </test-suite>
      <test-suite type="TestFixture" id="0-1022" name="SpecDebugArrayUser" fullname="Kaitai.SpecDebugArrayUser" classname="Kaitai.SpecDebugArrayUser" runstate="Runnable" testcasecount="1" result="Passed" start-time="2019-04-25 12:30:37Z" end-time="2019-04-25 12:30:37Z" duration="0.004964" total="1" passed="1" failed="0" inconclusive="0" skipped="0" asserts="4">
        <test-case id="0-1023" name="TestDebugArrayUser" fullname="Kaitai.SpecDebugArrayUser.TestDebugArrayUser" methodname="TestDebugArrayUser" classname="Kaitai.SpecDebugArrayUser" runstate="Runnable" seed="1040269261" result="Passed" start-time="2019-04-25 12:30:37Z" end-time="2019-04-25 12:30:37Z" duration="0.001771" asserts="4" />
      </test-suite>
      <test-suite type="TestFixture" id="0-1024" name="SpecDebugEnumName" fullname="Kaitai.SpecDebugEnumName" classname="Kaitai.SpecDebugEnumName" runstate="Runnable" testcasecount="1" result="Passed" start-time="2019-04-25 12:30:37Z" end-time="2019-04-25 12:30:37Z" duration="0.004017" total="1" passed="1" failed="0" inconclusive="0" skipped="0" asserts="0">
        <test-case id="0-1025" name="TestDebugEnumName" fullname="Kaitai.SpecDebugEnumName.TestDebugEnumName" methodname="TestDebugEnumName" classname="Kaitai.SpecDebugEnumName" runstate="Runnable" seed="1752915025" result="Passed" start-time="2019-04-25 12:30:37Z" end-time="2019-04-25 12:30:37Z" duration="0.000163" asserts="0" />
      </test-suite>
      <test-suite type="TestFixture" id="0-1026" name="SpecDefaultBigEndian" fullname="Kaitai.SpecDefaultBigEndian" classname="Kaitai.SpecDefaultBigEndian" runstate="Runnable" testcasecount="1" result="Passed" start-time="2019-04-25 12:30:37Z" end-time="2019-04-25 12:30:37Z" duration="0.005017" total="1" passed="1" failed="0" inconclusive="0" skipped="0" asserts="1">
        <test-case id="0-1027" name="TestDefaultBigEndian" fullname="Kaitai.SpecDefaultBigEndian.TestDefaultBigEndian" methodname="TestDefaultBigEndian" classname="Kaitai.SpecDefaultBigEndian" runstate="Runnable" seed="98579541" result="Passed" start-time="2019-04-25 12:30:37Z" end-time="2019-04-25 12:30:37Z" duration="0.000975" asserts="1" />
      </test-suite>
      <test-suite type="TestFixture" id="0-1028" name="SpecDefaultEndianExprException" fullname="Kaitai.SpecDefaultEndianExprException" classname="Kaitai.SpecDefaultEndianExprException" runstate="Runnable" testcasecount="1" result="Passed" start-time="2019-04-25 12:30:37Z" end-time="2019-04-25 12:30:37Z" duration="0.018996" total="1" passed="1" failed="0" inconclusive="0" skipped="0" asserts="1">
        <test-case id="0-1029" name="TestDefaultEndianExprException" fullname="Kaitai.SpecDefaultEndianExprException.TestDefaultEndianExprException" methodname="TestDefaultEndianExprException" classname="Kaitai.SpecDefaultEndianExprException" runstate="Runnable" seed="57683683" result="Passed" start-time="2019-04-25 12:30:37Z" end-time="2019-04-25 12:30:37Z" duration="0.015185" asserts="1" />
      </test-suite>
      <test-suite type="TestFixture" id="0-1030" name="SpecDefaultEndianExprInherited" fullname="Kaitai.SpecDefaultEndianExprInherited" classname="Kaitai.SpecDefaultEndianExprInherited" runstate="Runnable" testcasecount="1" result="Passed" start-time="2019-04-25 12:30:37Z" end-time="2019-04-25 12:30:37Z" duration="0.018947" total="1" passed="1" failed="0" inconclusive="0" skipped="0" asserts="15">
        <test-case id="0-1031" name="TestDefaultEndianExprInherited" fullname="Kaitai.SpecDefaultEndianExprInherited.TestDefaultEndianExprInherited" methodname="TestDefaultEndianExprInherited" classname="Kaitai.SpecDefaultEndianExprInherited" runstate="Runnable" seed="1714011434" result="Passed" start-time="2019-04-25 12:30:37Z" end-time="2019-04-25 12:30:37Z" duration="0.015082" asserts="15" />
      </test-suite>
      <test-suite type="TestFixture" id="0-1032" name="SpecDefaultEndianExprIsBe" fullname="Kaitai.SpecDefaultEndianExprIsBe" classname="Kaitai.SpecDefaultEndianExprIsBe" runstate="Runnable" testcasecount="1" result="Passed" start-time="2019-04-25 12:30:37Z" end-time="2019-04-25 12:30:37Z" duration="0.009044" total="1" passed="1" failed="0" inconclusive="0" skipped="0" asserts="18">
        <test-case id="0-1033" name="TestDefaultEndianExprIsBe" fullname="Kaitai.SpecDefaultEndianExprIsBe.TestDefaultEndianExprIsBe" methodname="TestDefaultEndianExprIsBe" classname="Kaitai.SpecDefaultEndianExprIsBe" runstate="Runnable" seed="1062283090" result="Passed" start-time="2019-04-25 12:30:37Z" end-time="2019-04-25 12:30:37Z" duration="0.005419" asserts="18" />
      </test-suite>
      <test-suite type="TestFixture" id="0-1034" name="SpecDefaultEndianExprIsLe" fullname="Kaitai.SpecDefaultEndianExprIsLe" classname="Kaitai.SpecDefaultEndianExprIsLe" runstate="Runnable" testcasecount="1" result="Passed" start-time="2019-04-25 12:30:37Z" end-time="2019-04-25 12:30:37Z" duration="0.009027" total="1" passed="1" failed="0" inconclusive="0" skipped="0" asserts="12">
        <test-case id="0-1035" name="TestDefaultEndianExprIsLe" fullname="Kaitai.SpecDefaultEndianExprIsLe.TestDefaultEndianExprIsLe" methodname="TestDefaultEndianExprIsLe" classname="Kaitai.SpecDefaultEndianExprIsLe" runstate="Runnable" seed="1455296885" result="Passed" start-time="2019-04-25 12:30:37Z" end-time="2019-04-25 12:30:37Z" duration="0.005078" asserts="12" />
      </test-suite>
      <test-suite type="TestFixture" id="0-1036" name="SpecDefaultEndianMod" fullname="Kaitai.SpecDefaultEndianMod" classname="Kaitai.SpecDefaultEndianMod" runstate="Runnable" testcasecount="1" result="Passed" start-time="2019-04-25 12:30:37Z" end-time="2019-04-25 12:30:37Z" duration="0.006014" total="1" passed="1" failed="0" inconclusive="0" skipped="0" asserts="3">
        <test-case id="0-1037" name="TestDefaultEndianMod" fullname="Kaitai.SpecDefaultEndianMod.TestDefaultEndianMod" methodname="TestDefaultEndianMod" classname="Kaitai.SpecDefaultEndianMod" runstate="Runnable" seed="2042254837" result="Passed" start-time="2019-04-25 12:30:37Z" end-time="2019-04-25 12:30:37Z" duration="0.002924" asserts="3" />
      </test-suite>
      <test-suite type="TestFixture" id="0-1038" name="SpecDocstrings" fullname="Kaitai.SpecDocstrings" classname="Kaitai.SpecDocstrings" runstate="Runnable" testcasecount="1" result="Passed" start-time="2019-04-25 12:30:37Z" end-time="2019-04-25 12:30:37Z" duration="0.004033" total="1" passed="1" failed="0" inconclusive="0" skipped="0" asserts="0">
        <test-case id="0-1039" name="TestDocstrings" fullname="Kaitai.SpecDocstrings.TestDocstrings" methodname="TestDocstrings" classname="Kaitai.SpecDocstrings" runstate="Runnable" seed="220152066" result="Passed" start-time="2019-04-25 12:30:37Z" end-time="2019-04-25 12:30:37Z" duration="0.000856" asserts="0" />
      </test-suite>
      <test-suite type="TestFixture" id="0-1040" name="SpecDocstringsDocref" fullname="Kaitai.SpecDocstringsDocref" classname="Kaitai.SpecDocstringsDocref" runstate="Runnable" testcasecount="1" result="Passed" start-time="2019-04-25 12:30:37Z" end-time="2019-04-25 12:30:37Z" duration="0.004009" total="1" passed="1" failed="0" inconclusive="0" skipped="0" asserts="0">
        <test-case id="0-1041" name="TestDocstringsDocref" fullname="Kaitai.SpecDocstringsDocref.TestDocstringsDocref" methodname="TestDocstringsDocref" classname="Kaitai.SpecDocstringsDocref" runstate="Runnable" seed="750333326" result="Passed" start-time="2019-04-25 12:30:37Z" end-time="2019-04-25 12:30:37Z" duration="0.000877" asserts="0" />
      </test-suite>
      <test-suite type="TestFixture" id="0-1042" name="SpecDocstringsDocrefMulti" fullname="Kaitai.SpecDocstringsDocrefMulti" classname="Kaitai.SpecDocstringsDocrefMulti" runstate="Runnable" testcasecount="1" result="Passed" start-time="2019-04-25 12:30:37Z" end-time="2019-04-25 12:30:37Z" duration="0.011010" total="1" passed="1" failed="0" inconclusive="0" skipped="0" asserts="0">
        <test-case id="0-1043" name="TestDocstringsDocrefMulti" fullname="Kaitai.SpecDocstringsDocrefMulti.TestDocstringsDocrefMulti" methodname="TestDocstringsDocrefMulti" classname="Kaitai.SpecDocstringsDocrefMulti" runstate="Runnable" seed="760792733" result="Passed" start-time="2019-04-25 12:30:37Z" end-time="2019-04-25 12:30:37Z" duration="0.001611" asserts="0" />
      </test-suite>
      <test-suite type="TestFixture" id="0-1044" name="SpecEnum0" fullname="Kaitai.SpecEnum0" classname="Kaitai.SpecEnum0" runstate="Runnable" testcasecount="1" result="Passed" start-time="2019-04-25 12:30:37Z" end-time="2019-04-25 12:30:37Z" duration="0.006947" total="1" passed="1" failed="0" inconclusive="0" skipped="0" asserts="2">
        <test-case id="0-1045" name="TestEnum0" fullname="Kaitai.SpecEnum0.TestEnum0" methodname="TestEnum0" classname="Kaitai.SpecEnum0" runstate="Runnable" seed="361948687" result="Passed" start-time="2019-04-25 12:30:37Z" end-time="2019-04-25 12:30:37Z" duration="0.002043" asserts="2" />
      </test-suite>
      <test-suite type="TestFixture" id="0-1046" name="SpecEnum1" fullname="Kaitai.SpecEnum1" classname="Kaitai.SpecEnum1" runstate="Runnable" testcasecount="1" result="Passed" start-time="2019-04-25 12:30:37Z" end-time="2019-04-25 12:30:37Z" duration="0.010013" total="1" passed="1" failed="0" inconclusive="0" skipped="0" asserts="2">
        <test-case id="0-1047" name="TestEnum1" fullname="Kaitai.SpecEnum1.TestEnum1" methodname="TestEnum1" classname="Kaitai.SpecEnum1" runstate="Runnable" seed="142895738" result="Passed" start-time="2019-04-25 12:30:37Z" end-time="2019-04-25 12:30:37Z" duration="0.006839" asserts="2" />
      </test-suite>
      <test-suite type="TestFixture" id="0-1048" name="SpecEnumDeep" fullname="Kaitai.SpecEnumDeep" classname="Kaitai.SpecEnumDeep" runstate="Runnable" testcasecount="1" result="Passed" start-time="2019-04-25 12:30:37Z" end-time="2019-04-25 12:30:37Z" duration="0.008144" total="1" passed="1" failed="0" inconclusive="0" skipped="0" asserts="2">
        <test-case id="0-1049" name="TestEnumDeep" fullname="Kaitai.SpecEnumDeep.TestEnumDeep" methodname="TestEnumDeep" classname="Kaitai.SpecEnumDeep" runstate="Runnable" seed="639934076" result="Passed" start-time="2019-04-25 12:30:37Z" end-time="2019-04-25 12:30:37Z" duration="0.000871" asserts="2" />
      </test-suite>
      <test-suite type="TestFixture" id="0-1050" name="SpecEnumDeepLiterals" fullname="Kaitai.SpecEnumDeepLiterals" classname="Kaitai.SpecEnumDeepLiterals" runstate="Runnable" testcasecount="1" result="Passed" start-time="2019-04-25 12:30:37Z" end-time="2019-04-25 12:30:37Z" duration="0.006017" total="1" passed="1" failed="0" inconclusive="0" skipped="0" asserts="2">
        <test-case id="0-1051" name="TestEnumDeepLiterals" fullname="Kaitai.SpecEnumDeepLiterals.TestEnumDeepLiterals" methodname="TestEnumDeepLiterals" classname="Kaitai.SpecEnumDeepLiterals" runstate="Runnable" seed="406972996" result="Passed" start-time="2019-04-25 12:30:37Z" end-time="2019-04-25 12:30:37Z" duration="0.002243" asserts="2" />
      </test-suite>
      <test-suite type="TestFixture" id="0-1052" name="SpecEnumFancy" fullname="Kaitai.SpecEnumFancy" classname="Kaitai.SpecEnumFancy" runstate="Runnable" testcasecount="1" result="Passed" start-time="2019-04-25 12:30:37Z" end-time="2019-04-25 12:30:37Z" duration="0.009003" total="1" passed="1" failed="0" inconclusive="0" skipped="0" asserts="2">
        <test-case id="0-1053" name="TestEnumFancy" fullname="Kaitai.SpecEnumFancy.TestEnumFancy" methodname="TestEnumFancy" classname="Kaitai.SpecEnumFancy" runstate="Runnable" seed="404425860" result="Passed" start-time="2019-04-25 12:30:37Z" end-time="2019-04-25 12:30:37Z" duration="0.000971" asserts="2" />
      </test-suite>
      <test-suite type="TestFixture" id="0-1054" name="SpecEnumForUnknownId" fullname="Kaitai.SpecEnumForUnknownId" classname="Kaitai.SpecEnumForUnknownId" runstate="Runnable" testcasecount="1" result="Passed" start-time="2019-04-25 12:30:37Z" end-time="2019-04-25 12:30:37Z" duration="0.004017" total="1" passed="1" failed="0" inconclusive="0" skipped="0" asserts="1">
        <test-case id="0-1055" name="TestEnumForUnknownId" fullname="Kaitai.SpecEnumForUnknownId.TestEnumForUnknownId" methodname="TestEnumForUnknownId" classname="Kaitai.SpecEnumForUnknownId" runstate="Runnable" seed="654259832" result="Passed" start-time="2019-04-25 12:30:37Z" end-time="2019-04-25 12:30:37Z" duration="0.000675" asserts="1" />
      </test-suite>
      <test-suite type="TestFixture" id="0-1056" name="SpecEnumIf" fullname="Kaitai.SpecEnumIf" classname="Kaitai.SpecEnumIf" runstate="Runnable" testcasecount="1" result="Passed" start-time="2019-04-25 12:30:37Z" end-time="2019-04-25 12:30:37Z" duration="0.006013" total="1" passed="1" failed="0" inconclusive="0" skipped="0" asserts="7">
        <test-case id="0-1057" name="TestEnumIf" fullname="Kaitai.SpecEnumIf.TestEnumIf" methodname="TestEnumIf" classname="Kaitai.SpecEnumIf" runstate="Runnable" seed="2042792091" result="Passed" start-time="2019-04-25 12:30:37Z" end-time="2019-04-25 12:30:37Z" duration="0.002891" asserts="7" />
      </test-suite>
      <test-suite type="TestFixture" id="0-1058" name="SpecEnumNegative" fullname="Kaitai.SpecEnumNegative" classname="Kaitai.SpecEnumNegative" runstate="Runnable" testcasecount="1" result="Passed" start-time="2019-04-25 12:30:37Z" end-time="2019-04-25 12:30:37Z" duration="0.005141" total="1" passed="1" failed="0" inconclusive="0" skipped="0" asserts="2">
        <test-case id="0-1059" name="TestEnumNegative" fullname="Kaitai.SpecEnumNegative.TestEnumNegative" methodname="TestEnumNegative" classname="Kaitai.SpecEnumNegative" runstate="Runnable" seed="1771385819" result="Passed" start-time="2019-04-25 12:30:37Z" end-time="2019-04-25 12:30:37Z" duration="0.001286" asserts="2" />
      </test-suite>
      <test-suite type="TestFixture" id="0-1060" name="SpecEnumOfValueInst" fullname="Kaitai.SpecEnumOfValueInst" classname="Kaitai.SpecEnumOfValueInst" runstate="Runnable" testcasecount="1" result="Passed" start-time="2019-04-25 12:30:37Z" end-time="2019-04-25 12:30:37Z" duration="0.008043" total="1" passed="1" failed="0" inconclusive="0" skipped="0" asserts="4">
        <test-case id="0-1061" name="TestEnumOfValueInst" fullname="Kaitai.SpecEnumOfValueInst.TestEnumOfValueInst" methodname="TestEnumOfValueInst" classname="Kaitai.SpecEnumOfValueInst" runstate="Runnable" seed="1698783619" result="Passed" start-time="2019-04-25 12:30:37Z" end-time="2019-04-25 12:30:37Z" duration="0.004178" asserts="4" />
      </test-suite>
      <test-suite type="TestFixture" id="0-1062" name="SpecEnumToI" fullname="Kaitai.SpecEnumToI" classname="Kaitai.SpecEnumToI" runstate="Runnable" testcasecount="1" result="Passed" start-time="2019-04-25 12:30:37Z" end-time="2019-04-25 12:30:37Z" duration="0.006007" total="1" passed="1" failed="0" inconclusive="0" skipped="0" asserts="4">
        <test-case id="0-1063" name="TestEnumToI" fullname="Kaitai.SpecEnumToI.TestEnumToI" methodname="TestEnumToI" classname="Kaitai.SpecEnumToI" runstate="Runnable" seed="627870993" result="Passed" start-time="2019-04-25 12:30:37Z" end-time="2019-04-25 12:30:37Z" duration="0.002735" asserts="4" />
      </test-suite>
      <test-suite type="TestFixture" id="0-1064" name="SpecEofExceptionBytes" fullname="Kaitai.SpecEofExceptionBytes" classname="Kaitai.SpecEofExceptionBytes" runstate="Runnable" testcasecount="1" result="Passed" start-time="2019-04-25 12:30:37Z" end-time="2019-04-25 12:30:37Z" duration="0.005015" total="1" passed="1" failed="0" inconclusive="0" skipped="0" asserts="1">
        <test-case id="0-1065" name="TestEofExceptionBytes" fullname="Kaitai.SpecEofExceptionBytes.TestEofExceptionBytes" methodname="TestEofExceptionBytes" classname="Kaitai.SpecEofExceptionBytes" runstate="Runnable" seed="2144124425" result="Passed" start-time="2019-04-25 12:30:37Z" end-time="2019-04-25 12:30:37Z" duration="0.001431" asserts="1" />
      </test-suite>
      <test-suite type="TestFixture" id="0-1066" name="SpecEofExceptionU4" fullname="Kaitai.SpecEofExceptionU4" classname="Kaitai.SpecEofExceptionU4" runstate="Runnable" testcasecount="1" result="Passed" start-time="2019-04-25 12:30:37Z" end-time="2019-04-25 12:30:37Z" duration="0.006111" total="1" passed="1" failed="0" inconclusive="0" skipped="0" asserts="1">
        <test-case id="0-1067" name="TestEofExceptionU4" fullname="Kaitai.SpecEofExceptionU4.TestEofExceptionU4" methodname="TestEofExceptionU4" classname="Kaitai.SpecEofExceptionU4" runstate="Runnable" seed="1134760090" result="Passed" start-time="2019-04-25 12:30:37Z" end-time="2019-04-25 12:30:37Z" duration="0.002337" asserts="1" />
      </test-suite>
      <test-suite type="TestFixture" id="0-1068" name="SpecExpr0" fullname="Kaitai.SpecExpr0" classname="Kaitai.SpecExpr0" runstate="Runnable" testcasecount="1" result="Passed" start-time="2019-04-25 12:30:37Z" end-time="2019-04-25 12:30:37Z" duration="0.005348" total="1" passed="1" failed="0" inconclusive="0" skipped="0" asserts="2">
        <test-case id="0-1069" name="TestExpr0" fullname="Kaitai.SpecExpr0.TestExpr0" methodname="TestExpr0" classname="Kaitai.SpecExpr0" runstate="Runnable" seed="269678268" result="Passed" start-time="2019-04-25 12:30:37Z" end-time="2019-04-25 12:30:37Z" duration="0.001397" asserts="2" />
      </test-suite>
      <test-suite type="TestFixture" id="0-1070" name="SpecExpr1" fullname="Kaitai.SpecExpr1" classname="Kaitai.SpecExpr1" runstate="Runnable" testcasecount="1" result="Passed" start-time="2019-04-25 12:30:37Z" end-time="2019-04-25 12:30:37Z" duration="0.005009" total="1" passed="1" failed="0" inconclusive="0" skipped="0" asserts="4">
        <test-case id="0-1071" name="TestExpr1" fullname="Kaitai.SpecExpr1.TestExpr1" methodname="TestExpr1" classname="Kaitai.SpecExpr1" runstate="Runnable" seed="1636601634" result="Passed" start-time="2019-04-25 12:30:37Z" end-time="2019-04-25 12:30:37Z" duration="0.001840" asserts="4" />
      </test-suite>
      <test-suite type="TestFixture" id="0-1072" name="SpecExpr2" fullname="Kaitai.SpecExpr2" classname="Kaitai.SpecExpr2" runstate="Runnable" testcasecount="1" result="Passed" start-time="2019-04-25 12:30:37Z" end-time="2019-04-25 12:30:37Z" duration="0.011467" total="1" passed="1" failed="0" inconclusive="0" skipped="0" asserts="17">
        <test-case id="0-1073" name="TestExpr2" fullname="Kaitai.SpecExpr2.TestExpr2" methodname="TestExpr2" classname="Kaitai.SpecExpr2" runstate="Runnable" seed="2038000861" result="Passed" start-time="2019-04-25 12:30:37Z" end-time="2019-04-25 12:30:37Z" duration="0.006430" asserts="17" />
      </test-suite>
      <test-suite type="TestFixture" id="0-1074" name="SpecExpr3" fullname="Kaitai.SpecExpr3" classname="Kaitai.SpecExpr3" runstate="Runnable" testcasecount="1" result="Passed" start-time="2019-04-25 12:30:37Z" end-time="2019-04-25 12:30:37Z" duration="0.007003" total="1" passed="1" failed="0" inconclusive="0" skipped="0" asserts="12">
        <test-case id="0-1075" name="TestExpr3" fullname="Kaitai.SpecExpr3.TestExpr3" methodname="TestExpr3" classname="Kaitai.SpecExpr3" runstate="Runnable" seed="1312274431" result="Passed" start-time="2019-04-25 12:30:37Z" end-time="2019-04-25 12:30:37Z" duration="0.003865" asserts="12" />
      </test-suite>
      <test-suite type="TestFixture" id="0-1076" name="SpecExprArray" fullname="Kaitai.SpecExprArray" classname="Kaitai.SpecExprArray" runstate="Runnable" testcasecount="1" result="Passed" start-time="2019-04-25 12:30:37Z" end-time="2019-04-25 12:30:37Z" duration="0.019061" total="1" passed="1" failed="0" inconclusive="0" skipped="0" asserts="15">
        <test-case id="0-1077" name="TestExprArray" fullname="Kaitai.SpecExprArray.TestExprArray" methodname="TestExprArray" classname="Kaitai.SpecExprArray" runstate="Runnable" seed="352980588" result="Passed" start-time="2019-04-25 12:30:37Z" end-time="2019-04-25 12:30:37Z" duration="0.015934" asserts="15" />
      </test-suite>
      <test-suite type="TestFixture" id="0-1078" name="SpecExprBytesCmp" fullname="Kaitai.SpecExprBytesCmp" classname="Kaitai.SpecExprBytesCmp" runstate="Runnable" testcasecount="1" result="Passed" start-time="2019-04-25 12:30:37Z" end-time="2019-04-25 12:30:37Z" duration="0.008020" total="1" passed="1" failed="0" inconclusive="0" skipped="0" asserts="10">
        <test-case id="0-1079" name="TestExprBytesCmp" fullname="Kaitai.SpecExprBytesCmp.TestExprBytesCmp" methodname="TestExprBytesCmp" classname="Kaitai.SpecExprBytesCmp" runstate="Runnable" seed="71837108" result="Passed" start-time="2019-04-25 12:30:37Z" end-time="2019-04-25 12:30:37Z" duration="0.003959" asserts="10" />
      </test-suite>
      <test-suite type="TestFixture" id="0-1080" name="SpecExprEnum" fullname="Kaitai.SpecExprEnum" classname="Kaitai.SpecExprEnum" runstate="Runnable" testcasecount="1" result="Passed" start-time="2019-04-25 12:30:37Z" end-time="2019-04-25 12:30:37Z" duration="0.005020" total="1" passed="1" failed="0" inconclusive="0" skipped="0" asserts="3">
        <test-case id="0-1081" name="TestExprEnum" fullname="Kaitai.SpecExprEnum.TestExprEnum" methodname="TestExprEnum" classname="Kaitai.SpecExprEnum" runstate="Runnable" seed="43644775" result="Passed" start-time="2019-04-25 12:30:37Z" end-time="2019-04-25 12:30:37Z" duration="0.001059" asserts="3" />
      </test-suite>
      <test-suite type="TestFixture" id="0-1082" name="SpecExprIoEof" fullname="Kaitai.SpecExprIoEof" classname="Kaitai.SpecExprIoEof" runstate="Runnable" testcasecount="1" result="Passed" start-time="2019-04-25 12:30:37Z" end-time="2019-04-25 12:30:37Z" duration="0.005956" total="1" passed="1" failed="0" inconclusive="0" skipped="0" asserts="4">
        <test-case id="0-1083" name="TestExprIoEof" fullname="Kaitai.SpecExprIoEof.TestExprIoEof" methodname="TestExprIoEof" classname="Kaitai.SpecExprIoEof" runstate="Runnable" seed="1857340124" result="Passed" start-time="2019-04-25 12:30:37Z" end-time="2019-04-25 12:30:37Z" duration="0.002074" asserts="4" />
      </test-suite>
      <test-suite type="TestFixture" id="0-1084" name="SpecExprIoPos" fullname="Kaitai.SpecExprIoPos" classname="Kaitai.SpecExprIoPos" runstate="Runnable" testcasecount="1" result="Passed" start-time="2019-04-25 12:30:37Z" end-time="2019-04-25 12:30:37Z" duration="0.006013" total="1" passed="1" failed="0" inconclusive="0" skipped="0" asserts="6">
        <test-case id="0-1085" name="TestExprIoPos" fullname="Kaitai.SpecExprIoPos.TestExprIoPos" methodname="TestExprIoPos" classname="Kaitai.SpecExprIoPos" runstate="Runnable" seed="1962637010" result="Passed" start-time="2019-04-25 12:30:37Z" end-time="2019-04-25 12:30:37Z" duration="0.002648" asserts="6" />
      </test-suite>
      <test-suite type="TestFixture" id="0-1086" name="SpecExprMod" fullname="Kaitai.SpecExprMod" classname="Kaitai.SpecExprMod" runstate="Runnable" testcasecount="1" result="Passed" start-time="2019-04-25 12:30:37Z" end-time="2019-04-25 12:30:37Z" duration="0.006016" total="1" passed="1" failed="0" inconclusive="0" skipped="0" asserts="6">
        <test-case id="0-1087" name="TestExprMod" fullname="Kaitai.SpecExprMod.TestExprMod" methodname="TestExprMod" classname="Kaitai.SpecExprMod" runstate="Runnable" seed="615468326" result="Passed" start-time="2019-04-25 12:30:37Z" end-time="2019-04-25 12:30:37Z" duration="0.002471" asserts="6" />
      </test-suite>
      <test-suite type="TestFixture" id="0-1088" name="SpecExprSizeofType0" fullname="Kaitai.SpecExprSizeofType0" classname="Kaitai.SpecExprSizeofType0" runstate="Runnable" testcasecount="1" result="Passed" start-time="2019-04-25 12:30:37Z" end-time="2019-04-25 12:30:37Z" duration="0.004953" total="1" passed="1" failed="0" inconclusive="0" skipped="0" asserts="1">
        <test-case id="0-1089" name="TestExprSizeofType0" fullname="Kaitai.SpecExprSizeofType0.TestExprSizeofType0" methodname="TestExprSizeofType0" classname="Kaitai.SpecExprSizeofType0" runstate="Runnable" seed="1831170667" result="Passed" start-time="2019-04-25 12:30:37Z" end-time="2019-04-25 12:30:37Z" duration="0.001071" asserts="1" />
      </test-suite>
      <test-suite type="TestFixture" id="0-1090" name="SpecExprSizeofType1" fullname="Kaitai.SpecExprSizeofType1" classname="Kaitai.SpecExprSizeofType1" runstate="Runnable" testcasecount="1" result="Passed" start-time="2019-04-25 12:30:37Z" end-time="2019-04-25 12:30:37Z" duration="0.005023" total="1" passed="1" failed="0" inconclusive="0" skipped="0" asserts="2">
        <test-case id="0-1091" name="TestExprSizeofType1" fullname="Kaitai.SpecExprSizeofType1.TestExprSizeofType1" methodname="TestExprSizeofType1" classname="Kaitai.SpecExprSizeofType1" runstate="Runnable" seed="1229872502" result="Passed" start-time="2019-04-25 12:30:37Z" end-time="2019-04-25 12:30:37Z" duration="0.001176" asserts="2" />
      </test-suite>
      <test-suite type="TestFixture" id="0-1092" name="SpecExprSizeofValue0" fullname="Kaitai.SpecExprSizeofValue0" classname="Kaitai.SpecExprSizeofValue0" runstate="Runnable" testcasecount="1" result="Passed" start-time="2019-04-25 12:30:37Z" end-time="2019-04-25 12:30:37Z" duration="0.007411" total="1" passed="1" failed="0" inconclusive="0" skipped="0" asserts="5">
        <test-case id="0-1093" name="TestExprSizeofValue0" fullname="Kaitai.SpecExprSizeofValue0.TestExprSizeofValue0" methodname="TestExprSizeofValue0" classname="Kaitai.SpecExprSizeofValue0" runstate="Runnable" seed="521035911" result="Passed" start-time="2019-04-25 12:30:37Z" end-time="2019-04-25 12:30:37Z" duration="0.003310" asserts="5" />
      </test-suite>
      <test-suite type="TestFixture" id="0-1094" name="SpecFixedContents" fullname="Kaitai.SpecFixedContents" classname="Kaitai.SpecFixedContents" runstate="Runnable" testcasecount="1" result="Passed" start-time="2019-04-25 12:30:37Z" end-time="2019-04-25 12:30:37Z" duration="0.004862" total="1" passed="1" failed="0" inconclusive="0" skipped="0" asserts="0">
        <test-case id="0-1095" name="TestFixedContents" fullname="Kaitai.SpecFixedContents.TestFixedContents" methodname="TestFixedContents" classname="Kaitai.SpecFixedContents" runstate="Runnable" seed="157812742" result="Passed" start-time="2019-04-25 12:30:37Z" end-time="2019-04-25 12:30:37Z" duration="0.001951" asserts="0" />
      </test-suite>
      <test-suite type="TestFixture" id="0-1096" name="SpecFixedStruct" fullname="Kaitai.SpecFixedStruct" classname="Kaitai.SpecFixedStruct" runstate="Runnable" testcasecount="1" result="Passed" start-time="2019-04-25 12:30:37Z" end-time="2019-04-25 12:30:37Z" duration="0.009004" total="1" passed="1" failed="0" inconclusive="0" skipped="0" asserts="20">
        <test-case id="0-1097" name="TestFixedStruct" fullname="Kaitai.SpecFixedStruct.TestFixedStruct" methodname="TestFixedStruct" classname="Kaitai.SpecFixedStruct" runstate="Runnable" seed="1608703036" result="Passed" start-time="2019-04-25 12:30:37Z" end-time="2019-04-25 12:30:37Z" duration="0.005896" asserts="20" />
      </test-suite>
      <test-suite type="TestFixture" id="0-1100" name="SpecFloatingPoints" fullname="Kaitai.SpecFloatingPoints" classname="Kaitai.SpecFloatingPoints" runstate="Runnable" testcasecount="1" result="Passed" start-time="2019-04-25 12:30:37Z" end-time="2019-04-25 12:30:37Z" duration="0.008373" total="1" passed="1" failed="0" inconclusive="0" skipped="0" asserts="8">
        <test-case id="0-1101" name="TestFloatingPoints" fullname="Kaitai.SpecFloatingPoints.TestFloatingPoints" methodname="TestFloatingPoints" classname="Kaitai.SpecFloatingPoints" runstate="Runnable" seed="1659176281" result="Passed" start-time="2019-04-25 12:30:37Z" end-time="2019-04-25 12:30:37Z" duration="0.005541" asserts="8" />
      </test-suite>
      <test-suite type="TestFixture" id="0-1098" name="SpecFloatToI" fullname="Kaitai.SpecFloatToI" classname="Kaitai.SpecFloatToI" runstate="Runnable" testcasecount="1" result="Passed" start-time="2019-04-25 12:30:37Z" end-time="2019-04-25 12:30:37Z" duration="0.007152" total="1" passed="1" failed="0" inconclusive="0" skipped="0" asserts="8">
        <test-case id="0-1099" name="TestFloatToI" fullname="Kaitai.SpecFloatToI.TestFloatToI" methodname="TestFloatToI" classname="Kaitai.SpecFloatToI" runstate="Runnable" seed="1099169709" result="Passed" start-time="2019-04-25 12:30:37Z" end-time="2019-04-25 12:30:37Z" duration="0.003088" asserts="8" />
      </test-suite>
      <test-suite type="TestFixture" id="0-1102" name="SpecHelloWorld" fullname="Kaitai.SpecHelloWorld" classname="Kaitai.SpecHelloWorld" runstate="Runnable" testcasecount="1" result="Passed" start-time="2019-04-25 12:30:37Z" end-time="2019-04-25 12:30:37Z" duration="0.004000" total="1" passed="1" failed="0" inconclusive="0" skipped="0" asserts="1">
        <test-case id="0-1103" name="TestHelloWorld" fullname="Kaitai.SpecHelloWorld.TestHelloWorld" methodname="TestHelloWorld" classname="Kaitai.SpecHelloWorld" runstate="Runnable" seed="2089224217" result="Passed" start-time="2019-04-25 12:30:37Z" end-time="2019-04-25 12:30:37Z" duration="0.000638" asserts="1" />
      </test-suite>
      <test-suite type="TestFixture" id="0-1104" name="SpecIfInstances" fullname="Kaitai.SpecIfInstances" classname="Kaitai.SpecIfInstances" runstate="Runnable" testcasecount="1" result="Passed" start-time="2019-04-25 12:30:37Z" end-time="2019-04-25 12:30:37Z" duration="0.005014" total="1" passed="1" failed="0" inconclusive="0" skipped="0" asserts="1">
        <test-case id="0-1105" name="TestIfInstances" fullname="Kaitai.SpecIfInstances.TestIfInstances" methodname="TestIfInstances" classname="Kaitai.SpecIfInstances" runstate="Runnable" seed="1016832131" result="Passed" start-time="2019-04-25 12:30:37Z" end-time="2019-04-25 12:30:37Z" duration="0.001389" asserts="1" />
      </test-suite>
      <test-suite type="TestFixture" id="0-1106" name="SpecIfStruct" fullname="Kaitai.SpecIfStruct" classname="Kaitai.SpecIfStruct" runstate="Runnable" testcasecount="1" result="Passed" start-time="2019-04-25 12:30:37Z" end-time="2019-04-25 12:30:37Z" duration="0.007020" total="1" passed="1" failed="0" inconclusive="0" skipped="0" asserts="7">
        <test-case id="0-1107" name="TestIfStruct" fullname="Kaitai.SpecIfStruct.TestIfStruct" methodname="TestIfStruct" classname="Kaitai.SpecIfStruct" runstate="Runnable" seed="809900470" result="Passed" start-time="2019-04-25 12:30:37Z" end-time="2019-04-25 12:30:37Z" duration="0.003268" asserts="7" />
      </test-suite>
      <test-suite type="TestFixture" id="0-1108" name="SpecIfValues" fullname="Kaitai.SpecIfValues" classname="Kaitai.SpecIfValues" runstate="Runnable" testcasecount="1" result="Passed" start-time="2019-04-25 12:30:37Z" end-time="2019-04-25 12:30:37Z" duration="0.005655" total="1" passed="1" failed="0" inconclusive="0" skipped="0" asserts="6">
        <test-case id="0-1109" name="TestIfValues" fullname="Kaitai.SpecIfValues.TestIfValues" methodname="TestIfValues" classname="Kaitai.SpecIfValues" runstate="Runnable" seed="871006239" result="Passed" start-time="2019-04-25 12:30:37Z" end-time="2019-04-25 12:30:37Z" duration="0.002399" asserts="6" />
      </test-suite>
      <test-suite type="TestFixture" id="0-1110" name="SpecImports0" fullname="Kaitai.SpecImports0" classname="Kaitai.SpecImports0" runstate="Runnable" testcasecount="1" result="Passed" start-time="2019-04-25 12:30:37Z" end-time="2019-04-25 12:30:37Z" duration="0.007924" total="1" passed="1" failed="0" inconclusive="0" skipped="0" asserts="3">
        <test-case id="0-1111" name="TestImports0" fullname="Kaitai.SpecImports0.TestImports0" methodname="TestImports0" classname="Kaitai.SpecImports0" runstate="Runnable" seed="1876641374" result="Passed" start-time="2019-04-25 12:30:37Z" end-time="2019-04-25 12:30:37Z" duration="0.001214" asserts="3" />
      </test-suite>
      <test-suite type="TestFixture" id="0-1112" name="SpecImportsAbs" fullname="Kaitai.SpecImportsAbs" classname="Kaitai.SpecImportsAbs" runstate="Runnable" testcasecount="1" result="Passed" start-time="2019-04-25 12:30:37Z" end-time="2019-04-25 12:30:37Z" duration="0.006015" total="1" passed="1" failed="0" inconclusive="0" skipped="0" asserts="2">
        <test-case id="0-1113" name="TestImportsAbs" fullname="Kaitai.SpecImportsAbs.TestImportsAbs" methodname="TestImportsAbs" classname="Kaitai.SpecImportsAbs" runstate="Runnable" seed="1694682229" result="Passed" start-time="2019-04-25 12:30:37Z" end-time="2019-04-25 12:30:37Z" duration="0.002776" asserts="2" />
      </test-suite>
      <test-suite type="TestFixture" id="0-1114" name="SpecImportsCircularA" fullname="Kaitai.SpecImportsCircularA" classname="Kaitai.SpecImportsCircularA" runstate="Runnable" testcasecount="1" result="Passed" start-time="2019-04-25 12:30:37Z" end-time="2019-04-25 12:30:37Z" duration="0.005015" total="1" passed="1" failed="0" inconclusive="0" skipped="0" asserts="5">
        <test-case id="0-1115" name="TestImportsCircularA" fullname="Kaitai.SpecImportsCircularA.TestImportsCircularA" methodname="TestImportsCircularA" classname="Kaitai.SpecImportsCircularA" runstate="Runnable" seed="1193551299" result="Passed" start-time="2019-04-25 12:30:37Z" end-time="2019-04-25 12:30:37Z" duration="0.001499" asserts="5" />
      </test-suite>
      <test-suite type="TestFixture" id="0-1116" name="SpecIndexSizes" fullname="Kaitai.SpecIndexSizes" classname="Kaitai.SpecIndexSizes" runstate="Runnable" testcasecount="1" result="Passed" start-time="2019-04-25 12:30:37Z" end-time="2019-04-25 12:30:37Z" duration="0.005001" total="1" passed="1" failed="0" inconclusive="0" skipped="0" asserts="7">
        <test-case id="0-1117" name="TestIndexSizes" fullname="Kaitai.SpecIndexSizes.TestIndexSizes" methodname="TestIndexSizes" classname="Kaitai.SpecIndexSizes" runstate="Runnable" seed="1262042436" result="Passed" start-time="2019-04-25 12:30:37Z" end-time="2019-04-25 12:30:37Z" duration="0.001575" asserts="7" />
      </test-suite>
      <test-suite type="TestFixture" id="0-1118" name="SpecIndexToParamEos" fullname="Kaitai.SpecIndexToParamEos" classname="Kaitai.SpecIndexToParamEos" runstate="Runnable" testcasecount="1" result="Passed" start-time="2019-04-25 12:30:37Z" end-time="2019-04-25 12:30:37Z" duration="0.007209" total="1" passed="1" failed="0" inconclusive="0" skipped="0" asserts="7">
        <test-case id="0-1119" name="TestIndexToParamEos" fullname="Kaitai.SpecIndexToParamEos.TestIndexToParamEos" methodname="TestIndexToParamEos" classname="Kaitai.SpecIndexToParamEos" runstate="Runnable" seed="1663577057" result="Passed" start-time="2019-04-25 12:30:37Z" end-time="2019-04-25 12:30:37Z" duration="0.002042" asserts="7" />
      </test-suite>
      <test-suite type="TestFixture" id="0-1120" name="SpecIndexToParamExpr" fullname="Kaitai.SpecIndexToParamExpr" classname="Kaitai.SpecIndexToParamExpr" runstate="Runnable" testcasecount="1" result="Passed" start-time="2019-04-25 12:30:37Z" end-time="2019-04-25 12:30:37Z" duration="0.005998" total="1" passed="1" failed="0" inconclusive="0" skipped="0" asserts="7">
        <test-case id="0-1121" name="TestIndexToParamExpr" fullname="Kaitai.SpecIndexToParamExpr.TestIndexToParamExpr" methodname="TestIndexToParamExpr" classname="Kaitai.SpecIndexToParamExpr" runstate="Runnable" seed="1026092432" result="Passed" start-time="2019-04-25 12:30:37Z" end-time="2019-04-25 12:30:37Z" duration="0.002014" asserts="7" />
      </test-suite>
      <test-suite type="TestFixture" id="0-1122" name="SpecIndexToParamUntil" fullname="Kaitai.SpecIndexToParamUntil" classname="Kaitai.SpecIndexToParamUntil" runstate="Runnable" testcasecount="1" result="Passed" start-time="2019-04-25 12:30:37Z" end-time="2019-04-25 12:30:37Z" duration="0.007020" total="1" passed="1" failed="0" inconclusive="0" skipped="0" asserts="7">
        <test-case id="0-1123" name="TestIndexToParamUntil" fullname="Kaitai.SpecIndexToParamUntil.TestIndexToParamUntil" methodname="TestIndexToParamUntil" classname="Kaitai.SpecIndexToParamUntil" runstate="Runnable" seed="2076336701" result="Passed" start-time="2019-04-25 12:30:37Z" end-time="2019-04-25 12:30:37Z" duration="0.003546" asserts="7" />
      </test-suite>
      <test-suite type="TestFixture" id="0-1124" name="SpecInstanceIoUser" fullname="Kaitai.SpecInstanceIoUser" classname="Kaitai.SpecInstanceIoUser" runstate="Runnable" testcasecount="1" result="Passed" start-time="2019-04-25 12:30:37Z" end-time="2019-04-25 12:30:37Z" duration="0.008019" total="1" passed="1" failed="0" inconclusive="0" skipped="0" asserts="4">
        <test-case id="0-1125" name="TestInstanceIoUser" fullname="Kaitai.SpecInstanceIoUser.TestInstanceIoUser" methodname="TestInstanceIoUser" classname="Kaitai.SpecInstanceIoUser" runstate="Runnable" seed="751099999" result="Passed" start-time="2019-04-25 12:30:37Z" end-time="2019-04-25 12:30:37Z" duration="0.004311" asserts="4" />
      </test-suite>
      <test-suite type="TestFixture" id="0-1126" name="SpecInstanceStd" fullname="Kaitai.SpecInstanceStd" classname="Kaitai.SpecInstanceStd" runstate="Runnable" testcasecount="1" result="Passed" start-time="2019-04-25 12:30:37Z" end-time="2019-04-25 12:30:37Z" duration="0.005007" total="1" passed="1" failed="0" inconclusive="0" skipped="0" asserts="1">
        <test-case id="0-1127" name="TestInstanceStd" fullname="Kaitai.SpecInstanceStd.TestInstanceStd" methodname="TestInstanceStd" classname="Kaitai.SpecInstanceStd" runstate="Runnable" seed="521220086" result="Passed" start-time="2019-04-25 12:30:37Z" end-time="2019-04-25 12:30:37Z" duration="0.001269" asserts="1" />
      </test-suite>
      <test-suite type="TestFixture" id="0-1128" name="SpecInstanceStdArray" fullname="Kaitai.SpecInstanceStdArray" classname="Kaitai.SpecInstanceStdArray" runstate="Runnable" testcasecount="1" result="Passed" start-time="2019-04-25 12:30:37Z" end-time="2019-04-25 12:30:37Z" duration="0.006079" total="1" passed="1" failed="0" inconclusive="0" skipped="0" asserts="7">
        <test-case id="0-1129" name="TestInstanceStdArray" fullname="Kaitai.SpecInstanceStdArray.TestInstanceStdArray" methodname="TestInstanceStdArray" classname="Kaitai.SpecInstanceStdArray" runstate="Runnable" seed="2125623335" result="Passed" start-time="2019-04-25 12:30:37Z" end-time="2019-04-25 12:30:37Z" duration="0.002608" asserts="7" />
      </test-suite>
      <test-suite type="TestFixture" id="0-1130" name="SpecInstanceUserArray" fullname="Kaitai.SpecInstanceUserArray" classname="Kaitai.SpecInstanceUserArray" runstate="Runnable" testcasecount="1" result="Passed" start-time="2019-04-25 12:30:37Z" end-time="2019-04-25 12:30:37Z" duration="0.007017" total="1" passed="1" failed="0" inconclusive="0" skipped="0" asserts="10">
        <test-case id="0-1131" name="TestInstanceUserArray" fullname="Kaitai.SpecInstanceUserArray.TestInstanceUserArray" methodname="TestInstanceUserArray" classname="Kaitai.SpecInstanceUserArray" runstate="Runnable" seed="349284523" result="Passed" start-time="2019-04-25 12:30:37Z" end-time="2019-04-25 12:30:37Z" duration="0.003839" asserts="10" />
      </test-suite>
      <test-suite type="TestFixture" id="0-1132" name="SpecIntegers" fullname="Kaitai.SpecIntegers" classname="Kaitai.SpecIntegers" runstate="Runnable" testcasecount="1" result="Passed" start-time="2019-04-25 12:30:37Z" end-time="2019-04-25 12:30:37Z" duration="0.008009" total="1" passed="1" failed="0" inconclusive="0" skipped="0" asserts="20">
        <test-case id="0-1133" name="TestIntegers" fullname="Kaitai.SpecIntegers.TestIntegers" methodname="TestIntegers" classname="Kaitai.SpecIntegers" runstate="Runnable" seed="1065098047" result="Passed" start-time="2019-04-25 12:30:37Z" end-time="2019-04-25 12:30:37Z" duration="0.004819" asserts="20" />
      </test-suite>
      <test-suite type="TestFixture" id="0-1134" name="SpecIoLocalVar" fullname="Kaitai.SpecIoLocalVar" classname="Kaitai.SpecIoLocalVar" runstate="Runnable" testcasecount="1" result="Passed" start-time="2019-04-25 12:30:37Z" end-time="2019-04-25 12:30:37Z" duration="0.011032" total="1" passed="1" failed="0" inconclusive="0" skipped="0" asserts="2">
        <test-case id="0-1135" name="TestIoLocalVar" fullname="Kaitai.SpecIoLocalVar.TestIoLocalVar" methodname="TestIoLocalVar" classname="Kaitai.SpecIoLocalVar" runstate="Runnable" seed="334740596" result="Passed" start-time="2019-04-25 12:30:37Z" end-time="2019-04-25 12:30:37Z" duration="0.002604" asserts="2" />
      </test-suite>
      <test-suite type="TestFixture" id="0-1136" name="SpecJsSignedRightShift" fullname="Kaitai.SpecJsSignedRightShift" classname="Kaitai.SpecJsSignedRightShift" runstate="Runnable" testcasecount="1" result="Passed" start-time="2019-04-25 12:30:37Z" end-time="2019-04-25 12:30:37Z" duration="0.004866" total="1" passed="1" failed="0" inconclusive="0" skipped="0" asserts="2">
        <test-case id="0-1137" name="TestJsSignedRightShift" fullname="Kaitai.SpecJsSignedRightShift.TestJsSignedRightShift" methodname="TestJsSignedRightShift" classname="Kaitai.SpecJsSignedRightShift" runstate="Runnable" seed="279854635" result="Passed" start-time="2019-04-25 12:30:37Z" end-time="2019-04-25 12:30:37Z" duration="0.001189" asserts="2" />
      </test-suite>
      <test-suite type="TestFixture" id="0-1138" name="SpecMetaTags" fullname="Kaitai.SpecMetaTags" classname="Kaitai.SpecMetaTags" runstate="Runnable" testcasecount="1" result="Passed" start-time="2019-04-25 12:30:37Z" end-time="2019-04-25 12:30:37Z" duration="0.006024" total="1" passed="1" failed="0" inconclusive="0" skipped="0" asserts="0">
        <test-case id="0-1139" name="TestMetaTags" fullname="Kaitai.SpecMetaTags.TestMetaTags" methodname="TestMetaTags" classname="Kaitai.SpecMetaTags" runstate="Runnable" seed="1583069515" result="Passed" start-time="2019-04-25 12:30:37Z" end-time="2019-04-25 12:30:37Z" duration="0.001972" asserts="0" />
      </test-suite>
      <test-suite type="TestFixture" id="0-1140" name="SpecMetaXref" fullname="Kaitai.SpecMetaXref" classname="Kaitai.SpecMetaXref" runstate="Runnable" testcasecount="1" result="Passed" start-time="2019-04-25 12:30:37Z" end-time="2019-04-25 12:30:37Z" duration="0.004043" total="1" passed="1" failed="0" inconclusive="0" skipped="0" asserts="0">
        <test-case id="0-1141" name="TestMetaXref" fullname="Kaitai.SpecMetaXref.TestMetaXref" methodname="TestMetaXref" classname="Kaitai.SpecMetaXref" runstate="Runnable" seed="272108760" result="Passed" start-time="2019-04-25 12:30:37Z" end-time="2019-04-25 12:30:37Z" duration="0.000792" asserts="0" />
      </test-suite>
      <test-suite type="TestFixture" id="0-1142" name="SpecMultipleUse" fullname="Kaitai.SpecMultipleUse" classname="Kaitai.SpecMultipleUse" runstate="Runnable" testcasecount="1" result="Passed" start-time="2019-04-25 12:30:37Z" end-time="2019-04-25 12:30:37Z" duration="0.006018" total="1" passed="1" failed="0" inconclusive="0" skipped="0" asserts="2">
        <test-case id="0-1143" name="TestMultipleUse" fullname="Kaitai.SpecMultipleUse.TestMultipleUse" methodname="TestMultipleUse" classname="Kaitai.SpecMultipleUse" runstate="Runnable" seed="1843289" result="Passed" start-time="2019-04-25 12:30:37Z" end-time="2019-04-25 12:30:37Z" duration="0.002447" asserts="2" />
      </test-suite>
      <test-suite type="TestFixture" id="0-1144" name="SpecNavParent" fullname="Kaitai.SpecNavParent" classname="Kaitai.SpecNavParent" runstate="Runnable" testcasecount="1" result="Passed" start-time="2019-04-25 12:30:37Z" end-time="2019-04-25 12:30:37Z" duration="0.006949" total="1" passed="1" failed="0" inconclusive="0" skipped="0" asserts="5">
        <test-case id="0-1145" name="TestNavParent" fullname="Kaitai.SpecNavParent.TestNavParent" methodname="TestNavParent" classname="Kaitai.SpecNavParent" runstate="Runnable" seed="1988628692" result="Passed" start-time="2019-04-25 12:30:37Z" end-time="2019-04-25 12:30:37Z" duration="0.003261" asserts="5" />
      </test-suite>
      <test-suite type="TestFixture" id="0-1146" name="SpecNavParent2" fullname="Kaitai.SpecNavParent2" classname="Kaitai.SpecNavParent2" runstate="Runnable" testcasecount="1" result="Passed" start-time="2019-04-25 12:30:37Z" end-time="2019-04-25 12:30:37Z" duration="0.007025" total="1" passed="1" failed="0" inconclusive="0" skipped="0" asserts="10">
        <test-case id="0-1147" name="TestNavParent2" fullname="Kaitai.SpecNavParent2.TestNavParent2" methodname="TestNavParent2" classname="Kaitai.SpecNavParent2" runstate="Runnable" seed="1595109872" result="Passed" start-time="2019-04-25 12:30:37Z" end-time="2019-04-25 12:30:37Z" duration="0.003900" asserts="10" />
      </test-suite>
      <test-suite type="TestFixture" id="0-1148" name="SpecNavParent3" fullname="Kaitai.SpecNavParent3" classname="Kaitai.SpecNavParent3" runstate="Runnable" testcasecount="1" result="Passed" start-time="2019-04-25 12:30:37Z" end-time="2019-04-25 12:30:37Z" duration="0.008008" total="1" passed="1" failed="0" inconclusive="0" skipped="0" asserts="10">
        <test-case id="0-1149" name="TestNavParent3" fullname="Kaitai.SpecNavParent3.TestNavParent3" methodname="TestNavParent3" classname="Kaitai.SpecNavParent3" runstate="Runnable" seed="2105881455" result="Passed" start-time="2019-04-25 12:30:37Z" end-time="2019-04-25 12:30:37Z" duration="0.004480" asserts="10" />
      </test-suite>
      <test-suite type="TestFixture" id="0-1150" name="SpecNavParentFalse" fullname="Kaitai.SpecNavParentFalse" classname="Kaitai.SpecNavParentFalse" runstate="Runnable" testcasecount="1" result="Passed" start-time="2019-04-25 12:30:37Z" end-time="2019-04-25 12:30:37Z" duration="0.007013" total="1" passed="1" failed="0" inconclusive="0" skipped="0" asserts="5">
        <test-case id="0-1151" name="TestNavParentFalse" fullname="Kaitai.SpecNavParentFalse.TestNavParentFalse" methodname="TestNavParentFalse" classname="Kaitai.SpecNavParentFalse" runstate="Runnable" seed="141363035" result="Passed" start-time="2019-04-25 12:30:37Z" end-time="2019-04-25 12:30:37Z" duration="0.003221" asserts="5" />
      </test-suite>
      <test-suite type="TestFixture" id="0-1152" name="SpecNavParentFalse2" fullname="Kaitai.SpecNavParentFalse2" classname="Kaitai.SpecNavParentFalse2" runstate="Runnable" testcasecount="1" result="Passed" start-time="2019-04-25 12:30:37Z" end-time="2019-04-25 12:30:37Z" duration="0.005029" total="1" passed="1" failed="0" inconclusive="0" skipped="0" asserts="1">
        <test-case id="0-1153" name="TestNavParentFalse2" fullname="Kaitai.SpecNavParentFalse2.TestNavParentFalse2" methodname="TestNavParentFalse2" classname="Kaitai.SpecNavParentFalse2" runstate="Runnable" seed="1713074511" result="Passed" start-time="2019-04-25 12:30:37Z" end-time="2019-04-25 12:30:37Z" duration="0.001614" asserts="1" />
      </test-suite>
      <test-suite type="TestFixture" id="0-1154" name="SpecNavParentOverride" fullname="Kaitai.SpecNavParentOverride" classname="Kaitai.SpecNavParentOverride" runstate="Runnable" testcasecount="1" result="Passed" start-time="2019-04-25 12:30:37Z" end-time="2019-04-25 12:30:37Z" duration="0.006006" total="1" passed="1" failed="0" inconclusive="0" skipped="0" asserts="3">
        <test-case id="0-1155" name="TestNavParentOverride" fullname="Kaitai.SpecNavParentOverride.TestNavParentOverride" methodname="TestNavParentOverride" classname="Kaitai.SpecNavParentOverride" runstate="Runnable" seed="503058622" result="Passed" start-time="2019-04-25 12:30:37Z" end-time="2019-04-25 12:30:37Z" duration="0.002012" asserts="3" />
      </test-suite>
      <test-suite type="TestFixture" id="0-1156" name="SpecNavParentSwitch" fullname="Kaitai.SpecNavParentSwitch" classname="Kaitai.SpecNavParentSwitch" runstate="Runnable" testcasecount="1" result="Passed" start-time="2019-04-25 12:30:37Z" end-time="2019-04-25 12:30:37Z" duration="0.006017" total="1" passed="1" failed="0" inconclusive="0" skipped="0" asserts="3">
        <test-case id="0-1157" name="TestNavParentSwitch" fullname="Kaitai.SpecNavParentSwitch.TestNavParentSwitch" methodname="TestNavParentSwitch" classname="Kaitai.SpecNavParentSwitch" runstate="Runnable" seed="1990985928" result="Passed" start-time="2019-04-25 12:30:37Z" end-time="2019-04-25 12:30:37Z" duration="0.002011" asserts="3" />
      </test-suite>
      <test-suite type="TestFixture" id="0-1158" name="SpecNavParentVsValueInst" fullname="Kaitai.SpecNavParentVsValueInst" classname="Kaitai.SpecNavParentVsValueInst" runstate="Runnable" testcasecount="1" result="Passed" start-time="2019-04-25 12:30:37Z" end-time="2019-04-25 12:30:37Z" duration="0.005015" total="1" passed="1" failed="0" inconclusive="0" skipped="0" asserts="1">
        <test-case id="0-1159" name="TestNavParentVsValueInst" fullname="Kaitai.SpecNavParentVsValueInst.TestNavParentVsValueInst" methodname="TestNavParentVsValueInst" classname="Kaitai.SpecNavParentVsValueInst" runstate="Runnable" seed="345670127" result="Passed" start-time="2019-04-25 12:30:37Z" end-time="2019-04-25 12:30:37Z" duration="0.001076" asserts="1" />
      </test-suite>
      <test-suite type="TestFixture" id="0-1160" name="SpecNavRoot" fullname="Kaitai.SpecNavRoot" classname="Kaitai.SpecNavRoot" runstate="Runnable" testcasecount="1" result="Passed" start-time="2019-04-25 12:30:37Z" end-time="2019-04-25 12:30:37Z" duration="0.006019" total="1" passed="1" failed="0" inconclusive="0" skipped="0" asserts="5">
        <test-case id="0-1161" name="TestNavRoot" fullname="Kaitai.SpecNavRoot.TestNavRoot" methodname="TestNavRoot" classname="Kaitai.SpecNavRoot" runstate="Runnable" seed="1013480843" result="Passed" start-time="2019-04-25 12:30:37Z" end-time="2019-04-25 12:30:37Z" duration="0.002523" asserts="5" />
      </test-suite>
      <test-suite type="TestFixture" id="0-1162" name="SpecNestedSameName" fullname="Kaitai.SpecNestedSameName" classname="Kaitai.SpecNestedSameName" runstate="Runnable" testcasecount="1" result="Passed" start-time="2019-04-25 12:30:37Z" end-time="2019-04-25 12:30:37Z" duration="0.006008" total="1" passed="1" failed="0" inconclusive="0" skipped="0" asserts="2">
        <test-case id="0-1163" name="TestNestedSameName" fullname="Kaitai.SpecNestedSameName.TestNestedSameName" methodname="TestNestedSameName" classname="Kaitai.SpecNestedSameName" runstate="Runnable" seed="351607393" result="Passed" start-time="2019-04-25 12:30:37Z" end-time="2019-04-25 12:30:37Z" duration="0.002070" asserts="2" />
      </test-suite>
      <test-suite type="TestFixture" id="0-1164" name="SpecNestedSameName2" fullname="Kaitai.SpecNestedSameName2" classname="Kaitai.SpecNestedSameName2" runstate="Runnable" testcasecount="1" result="Passed" start-time="2019-04-25 12:30:37Z" end-time="2019-04-25 12:30:37Z" duration="0.014217" total="1" passed="1" failed="0" inconclusive="0" skipped="0" asserts="5">
        <test-case id="0-1165" name="TestNestedSameName2" fullname="Kaitai.SpecNestedSameName2.TestNestedSameName2" methodname="TestNestedSameName2" classname="Kaitai.SpecNestedSameName2" runstate="Runnable" seed="1727722264" result="Passed" start-time="2019-04-25 12:30:37Z" end-time="2019-04-25 12:30:37Z" duration="0.004248" asserts="5" />
      </test-suite>
      <test-suite type="TestFixture" id="0-1166" name="SpecNestedTypes" fullname="Kaitai.SpecNestedTypes" classname="Kaitai.SpecNestedTypes" runstate="Runnable" testcasecount="1" result="Passed" start-time="2019-04-25 12:30:38Z" end-time="2019-04-25 12:30:38Z" duration="0.006017" total="1" passed="1" failed="0" inconclusive="0" skipped="0" asserts="3">
        <test-case id="0-1167" name="TestNestedTypes" fullname="Kaitai.SpecNestedTypes.TestNestedTypes" methodname="TestNestedTypes" classname="Kaitai.SpecNestedTypes" runstate="Runnable" seed="1473120707" result="Passed" start-time="2019-04-25 12:30:38Z" end-time="2019-04-25 12:30:38Z" duration="0.002019" asserts="3" />
      </test-suite>
      <test-suite type="TestFixture" id="0-1168" name="SpecNestedTypes2" fullname="Kaitai.SpecNestedTypes2" classname="Kaitai.SpecNestedTypes2" runstate="Runnable" testcasecount="1" result="Passed" start-time="2019-04-25 12:30:38Z" end-time="2019-04-25 12:30:38Z" duration="0.007960" total="1" passed="1" failed="0" inconclusive="0" skipped="0" asserts="7">
        <test-case id="0-1169" name="TestNestedTypes2" fullname="Kaitai.SpecNestedTypes2.TestNestedTypes2" methodname="TestNestedTypes2" classname="Kaitai.SpecNestedTypes2" runstate="Runnable" seed="1335536279" result="Passed" start-time="2019-04-25 12:30:38Z" end-time="2019-04-25 12:30:38Z" duration="0.003288" asserts="7" />
      </test-suite>
      <test-suite type="TestFixture" id="0-1170" name="SpecNestedTypes3" fullname="Kaitai.SpecNestedTypes3" classname="Kaitai.SpecNestedTypes3" runstate="Runnable" testcasecount="1" result="Passed" start-time="2019-04-25 12:30:38Z" end-time="2019-04-25 12:30:38Z" duration="0.006006" total="1" passed="1" failed="0" inconclusive="0" skipped="0" asserts="5">
        <test-case id="0-1171" name="TestNestedTypes3" fullname="Kaitai.SpecNestedTypes3.TestNestedTypes3" methodname="TestNestedTypes3" classname="Kaitai.SpecNestedTypes3" runstate="Runnable" seed="925531112" result="Passed" start-time="2019-04-25 12:30:38Z" end-time="2019-04-25 12:30:38Z" duration="0.002050" asserts="5" />
      </test-suite>
      <test-suite type="TestFixture" id="0-1172" name="SpecNonStandard" fullname="Kaitai.SpecNonStandard" classname="Kaitai.SpecNonStandard" runstate="Runnable" testcasecount="1" result="Passed" start-time="2019-04-25 12:30:38Z" end-time="2019-04-25 12:30:38Z" duration="0.004083" total="1" passed="1" failed="0" inconclusive="0" skipped="0" asserts="1">
        <test-case id="0-1173" name="TestNonStandard" fullname="Kaitai.SpecNonStandard.TestNonStandard" methodname="TestNonStandard" classname="Kaitai.SpecNonStandard" runstate="Runnable" seed="381872353" result="Passed" start-time="2019-04-25 12:30:38Z" end-time="2019-04-25 12:30:38Z" duration="0.000886" asserts="1" />
      </test-suite>
      <test-suite type="TestFixture" id="0-1174" name="SpecOpaqueExternalType" fullname="Kaitai.SpecOpaqueExternalType" classname="Kaitai.SpecOpaqueExternalType" runstate="Runnable" testcasecount="1" result="Passed" start-time="2019-04-25 12:30:38Z" end-time="2019-04-25 12:30:38Z" duration="0.006028" total="1" passed="1" failed="0" inconclusive="0" skipped="0" asserts="3">
        <test-case id="0-1175" name="TestOpaqueExternalType" fullname="Kaitai.SpecOpaqueExternalType.TestOpaqueExternalType" methodname="TestOpaqueExternalType" classname="Kaitai.SpecOpaqueExternalType" runstate="Runnable" seed="714165704" result="Passed" start-time="2019-04-25 12:30:38Z" end-time="2019-04-25 12:30:38Z" duration="0.001973" asserts="3" />
      </test-suite>
      <test-suite type="TestFixture" id="0-1176" name="SpecOpaqueExternalType02Parent" fullname="Kaitai.SpecOpaqueExternalType02Parent" classname="Kaitai.SpecOpaqueExternalType02Parent" runstate="Runnable" testcasecount="1" result="Passed" start-time="2019-04-25 12:30:38Z" end-time="2019-04-25 12:30:38Z" duration="0.007048" total="1" passed="1" failed="0" inconclusive="0" skipped="0" asserts="3">
        <test-case id="0-1177" name="TestOpaqueExternalType02Parent" fullname="Kaitai.SpecOpaqueExternalType02Parent.TestOpaqueExternalType02Parent" methodname="TestOpaqueExternalType02Parent" classname="Kaitai.SpecOpaqueExternalType02Parent" runstate="Runnable" seed="1150738795" result="Passed" start-time="2019-04-25 12:30:38Z" end-time="2019-04-25 12:30:38Z" duration="0.003062" asserts="3" />
      </test-suite>
      <test-suite type="TestFixture" id="0-1178" name="SpecOpaqueWithParam" fullname="Kaitai.SpecOpaqueWithParam" classname="Kaitai.SpecOpaqueWithParam" runstate="Runnable" testcasecount="1" result="Passed" start-time="2019-04-25 12:30:38Z" end-time="2019-04-25 12:30:38Z" duration="0.006169" total="1" passed="1" failed="0" inconclusive="0" skipped="0" asserts="2">
        <test-case id="0-1179" name="TestOpaqueWithParam" fullname="Kaitai.SpecOpaqueWithParam.TestOpaqueWithParam" methodname="TestOpaqueWithParam" classname="Kaitai.SpecOpaqueWithParam" runstate="Runnable" seed="177746724" result="Passed" start-time="2019-04-25 12:30:38Z" end-time="2019-04-25 12:30:38Z" duration="0.001870" asserts="2" />
      </test-suite>
      <test-suite type="TestFixture" id="0-1180" name="SpecOptionalId" fullname="Kaitai.SpecOptionalId" classname="Kaitai.SpecOptionalId" runstate="Runnable" testcasecount="1" result="Passed" start-time="2019-04-25 12:30:38Z" end-time="2019-04-25 12:30:38Z" duration="0.005980" total="1" passed="1" failed="0" inconclusive="0" skipped="0" asserts="3">
        <test-case id="0-1181" name="TestOptionalId" fullname="Kaitai.SpecOptionalId.TestOptionalId" methodname="TestOptionalId" classname="Kaitai.SpecOptionalId" runstate="Runnable" seed="1171718083" result="Passed" start-time="2019-04-25 12:30:38Z" end-time="2019-04-25 12:30:38Z" duration="0.002786" asserts="3" />
      </test-suite>
      <test-suite type="TestFixture" id="0-1182" name="SpecParamsCallShort" fullname="Kaitai.SpecParamsCallShort" classname="Kaitai.SpecParamsCallShort" runstate="Runnable" testcasecount="1" result="Passed" start-time="2019-04-25 12:30:38Z" end-time="2019-04-25 12:30:38Z" duration="0.006012" total="1" passed="1" failed="0" inconclusive="0" skipped="0" asserts="3">
        <test-case id="0-1183" name="TestParamsCallShort" fullname="Kaitai.SpecParamsCallShort.TestParamsCallShort" methodname="TestParamsCallShort" classname="Kaitai.SpecParamsCallShort" runstate="Runnable" seed="1324631176" result="Passed" start-time="2019-04-25 12:30:38Z" end-time="2019-04-25 12:30:38Z" duration="0.002458" asserts="3" />
      </test-suite>
      <test-suite type="TestFixture" id="0-1184" name="SpecParamsDef" fullname="Kaitai.SpecParamsDef" classname="Kaitai.SpecParamsDef" runstate="Runnable" testcasecount="1" result="Passed" start-time="2019-04-25 12:30:38Z" end-time="2019-04-25 12:30:38Z" duration="0.003989" total="1" passed="1" failed="0" inconclusive="0" skipped="0" asserts="2">
        <test-case id="0-1185" name="TestParamsDef" fullname="Kaitai.SpecParamsDef.TestParamsDef" methodname="TestParamsDef" classname="Kaitai.SpecParamsDef" runstate="Runnable" seed="649097708" result="Passed" start-time="2019-04-25 12:30:38Z" end-time="2019-04-25 12:30:38Z" duration="0.000466" asserts="2" />
      </test-suite>
      <test-suite type="TestFixture" id="0-1186" name="SpecParamsEnum" fullname="Kaitai.SpecParamsEnum" classname="Kaitai.SpecParamsEnum" runstate="Runnable" testcasecount="1" result="Passed" start-time="2019-04-25 12:30:38Z" end-time="2019-04-25 12:30:38Z" duration="0.005140" total="1" passed="1" failed="0" inconclusive="0" skipped="0" asserts="2">
        <test-case id="0-1187" name="TestParamsEnum" fullname="Kaitai.SpecParamsEnum.TestParamsEnum" methodname="TestParamsEnum" classname="Kaitai.SpecParamsEnum" runstate="Runnable" seed="749351400" result="Passed" start-time="2019-04-25 12:30:38Z" end-time="2019-04-25 12:30:38Z" duration="0.001205" asserts="2" />
      </test-suite>
      <test-suite type="TestFixture" id="0-1188" name="SpecParamsPassUsertype" fullname="Kaitai.SpecParamsPassUsertype" classname="Kaitai.SpecParamsPassUsertype" runstate="Runnable" testcasecount="1" result="Passed" start-time="2019-04-25 12:30:38Z" end-time="2019-04-25 12:30:38Z" duration="0.005103" total="1" passed="1" failed="0" inconclusive="0" skipped="0" asserts="2">
        <test-case id="0-1189" name="TestParamsPassUsertype" fullname="Kaitai.SpecParamsPassUsertype.TestParamsPassUsertype" methodname="TestParamsPassUsertype" classname="Kaitai.SpecParamsPassUsertype" runstate="Runnable" seed="552142442" result="Passed" start-time="2019-04-25 12:30:38Z" end-time="2019-04-25 12:30:38Z" duration="0.001736" asserts="2" />
      </test-suite>
      <test-suite type="TestFixture" id="0-1190" name="SpecPositionAbs" fullname="Kaitai.SpecPositionAbs" classname="Kaitai.SpecPositionAbs" runstate="Runnable" testcasecount="1" result="Passed" start-time="2019-04-25 12:30:38Z" end-time="2019-04-25 12:30:38Z" duration="0.005012" total="1" passed="1" failed="0" inconclusive="0" skipped="0" asserts="2">
        <test-case id="0-1191" name="TestPositionAbs" fullname="Kaitai.SpecPositionAbs.TestPositionAbs" methodname="TestPositionAbs" classname="Kaitai.SpecPositionAbs" runstate="Runnable" seed="203267082" result="Passed" start-time="2019-04-25 12:30:38Z" end-time="2019-04-25 12:30:38Z" duration="0.001706" asserts="2" />
      </test-suite>
      <test-suite type="TestFixture" id="0-1192" name="SpecPositionInSeq" fullname="Kaitai.SpecPositionInSeq" classname="Kaitai.SpecPositionInSeq" runstate="Runnable" testcasecount="1" result="Passed" start-time="2019-04-25 12:30:38Z" end-time="2019-04-25 12:30:38Z" duration="0.005995" total="1" passed="1" failed="0" inconclusive="0" skipped="0" asserts="1">
        <test-case id="0-1193" name="TestPositionInSeq" fullname="Kaitai.SpecPositionInSeq.TestPositionInSeq" methodname="TestPositionInSeq" classname="Kaitai.SpecPositionInSeq" runstate="Runnable" seed="1395102415" result="Passed" start-time="2019-04-25 12:30:38Z" end-time="2019-04-25 12:30:38Z" duration="0.002635" asserts="1" />
      </test-suite>
      <test-suite type="TestFixture" id="0-1194" name="SpecPositionToEnd" fullname="Kaitai.SpecPositionToEnd" classname="Kaitai.SpecPositionToEnd" runstate="Runnable" testcasecount="1" result="Passed" start-time="2019-04-25 12:30:38Z" end-time="2019-04-25 12:30:38Z" duration="0.005011" total="1" passed="1" failed="0" inconclusive="0" skipped="0" asserts="2">
        <test-case id="0-1195" name="TestPositionToEnd" fullname="Kaitai.SpecPositionToEnd.TestPositionToEnd" methodname="TestPositionToEnd" classname="Kaitai.SpecPositionToEnd" runstate="Runnable" seed="1376122062" result="Passed" start-time="2019-04-25 12:30:38Z" end-time="2019-04-25 12:30:38Z" duration="0.001810" asserts="2" />
      </test-suite>
      <test-suite type="TestFixture" id="0-1196" name="SpecProcessCoerceBytes" fullname="Kaitai.SpecProcessCoerceBytes" classname="Kaitai.SpecProcessCoerceBytes" runstate="Runnable" testcasecount="1" result="Passed" start-time="2019-04-25 12:30:38Z" end-time="2019-04-25 12:30:38Z" duration="0.007011" total="1" passed="1" failed="0" inconclusive="0" skipped="0" asserts="4">
        <test-case id="0-1197" name="TestProcessCoerceBytes" fullname="Kaitai.SpecProcessCoerceBytes.TestProcessCoerceBytes" methodname="TestProcessCoerceBytes" classname="Kaitai.SpecProcessCoerceBytes" runstate="Runnable" seed="659723511" result="Passed" start-time="2019-04-25 12:30:38Z" end-time="2019-04-25 12:30:38Z" duration="0.003208" asserts="4" />
      </test-suite>
      <test-suite type="TestFixture" id="0-1198" name="SpecProcessCoerceSwitch" fullname="Kaitai.SpecProcessCoerceSwitch" classname="Kaitai.SpecProcessCoerceSwitch" runstate="Runnable" testcasecount="1" result="Passed" start-time="2019-04-25 12:30:38Z" end-time="2019-04-25 12:30:38Z" duration="0.006987" total="1" passed="1" failed="0" inconclusive="0" skipped="0" asserts="3">
        <test-case id="0-1199" name="TestProcessCoerceSwitch" fullname="Kaitai.SpecProcessCoerceSwitch.TestProcessCoerceSwitch" methodname="TestProcessCoerceSwitch" classname="Kaitai.SpecProcessCoerceSwitch" runstate="Runnable" seed="737395751" result="Passed" start-time="2019-04-25 12:30:38Z" end-time="2019-04-25 12:30:38Z" duration="0.003094" asserts="3" />
      </test-suite>
      <test-suite type="TestFixture" id="0-1200" name="SpecProcessCoerceUsertype1" fullname="Kaitai.SpecProcessCoerceUsertype1" classname="Kaitai.SpecProcessCoerceUsertype1" runstate="Runnable" testcasecount="1" result="Passed" start-time="2019-04-25 12:30:38Z" end-time="2019-04-25 12:30:38Z" duration="0.008022" total="1" passed="1" failed="0" inconclusive="0" skipped="0" asserts="4">
        <test-case id="0-1201" name="TestProcessCoerceUsertype1" fullname="Kaitai.SpecProcessCoerceUsertype1.TestProcessCoerceUsertype1" methodname="TestProcessCoerceUsertype1" classname="Kaitai.SpecProcessCoerceUsertype1" runstate="Runnable" seed="1199559273" result="Passed" start-time="2019-04-25 12:30:38Z" end-time="2019-04-25 12:30:38Z" duration="0.003967" asserts="4" />
      </test-suite>
      <test-suite type="TestFixture" id="0-1202" name="SpecProcessCoerceUsertype2" fullname="Kaitai.SpecProcessCoerceUsertype2" classname="Kaitai.SpecProcessCoerceUsertype2" runstate="Runnable" testcasecount="1" result="Passed" start-time="2019-04-25 12:30:38Z" end-time="2019-04-25 12:30:38Z" duration="0.008321" total="1" passed="1" failed="0" inconclusive="0" skipped="0" asserts="4">
        <test-case id="0-1203" name="TestProcessCoerceUsertype2" fullname="Kaitai.SpecProcessCoerceUsertype2.TestProcessCoerceUsertype2" methodname="TestProcessCoerceUsertype2" classname="Kaitai.SpecProcessCoerceUsertype2" runstate="Runnable" seed="978569861" result="Passed" start-time="2019-04-25 12:30:38Z" end-time="2019-04-25 12:30:38Z" duration="0.004469" asserts="4" />
      </test-suite>
      <test-suite type="TestFixture" id="0-1204" name="SpecProcessCustom" fullname="Kaitai.SpecProcessCustom" classname="Kaitai.SpecProcessCustom" runstate="Runnable" testcasecount="1" result="Passed" start-time="2019-04-25 12:30:38Z" end-time="2019-04-25 12:30:38Z" duration="0.005919" total="1" passed="1" failed="0" inconclusive="0" skipped="0" asserts="3">
        <test-case id="0-1205" name="TestProcessCustom" fullname="Kaitai.SpecProcessCustom.TestProcessCustom" methodname="TestProcessCustom" classname="Kaitai.SpecProcessCustom" runstate="Runnable" seed="1003933132" result="Passed" start-time="2019-04-25 12:30:38Z" end-time="2019-04-25 12:30:38Z" duration="0.002491" asserts="3" />
      </test-suite>
      <test-suite type="TestFixture" id="0-1206" name="SpecProcessRotate" fullname="Kaitai.SpecProcessRotate" classname="Kaitai.SpecProcessRotate" runstate="Runnable" testcasecount="1" result="Passed" start-time="2019-04-25 12:30:38Z" end-time="2019-04-25 12:30:38Z" duration="0.006009" total="1" passed="1" failed="0" inconclusive="0" skipped="0" asserts="3">
        <test-case id="0-1207" name="TestProcessRotate" fullname="Kaitai.SpecProcessRotate.TestProcessRotate" methodname="TestProcessRotate" classname="Kaitai.SpecProcessRotate" runstate="Runnable" seed="12813286" result="Passed" start-time="2019-04-25 12:30:38Z" end-time="2019-04-25 12:30:38Z" duration="0.002550" asserts="3" />
      </test-suite>
      <test-suite type="TestFixture" id="0-1208" name="SpecProcessToUser" fullname="Kaitai.SpecProcessToUser" classname="Kaitai.SpecProcessToUser" runstate="Runnable" testcasecount="1" result="Passed" start-time="2019-04-25 12:30:38Z" end-time="2019-04-25 12:30:38Z" duration="0.005014" total="1" passed="1" failed="0" inconclusive="0" skipped="0" asserts="1">
        <test-case id="0-1209" name="TestProcessToUser" fullname="Kaitai.SpecProcessToUser.TestProcessToUser" methodname="TestProcessToUser" classname="Kaitai.SpecProcessToUser" runstate="Runnable" seed="924030761" result="Passed" start-time="2019-04-25 12:30:38Z" end-time="2019-04-25 12:30:38Z" duration="0.001108" asserts="1" />
      </test-suite>
      <test-suite type="TestFixture" id="0-1210" name="SpecProcessXor4Const" fullname="Kaitai.SpecProcessXor4Const" classname="Kaitai.SpecProcessXor4Const" runstate="Runnable" testcasecount="1" result="Passed" start-time="2019-04-25 12:30:38Z" end-time="2019-04-25 12:30:38Z" duration="0.005103" total="1" passed="1" failed="0" inconclusive="0" skipped="0" asserts="2">
        <test-case id="0-1211" name="TestProcessXor4Const" fullname="Kaitai.SpecProcessXor4Const.TestProcessXor4Const" methodname="TestProcessXor4Const" classname="Kaitai.SpecProcessXor4Const" runstate="Runnable" seed="751037093" result="Passed" start-time="2019-04-25 12:30:38Z" end-time="2019-04-25 12:30:38Z" duration="0.001379" asserts="2" />
      </test-suite>
      <test-suite type="TestFixture" id="0-1212" name="SpecProcessXor4Value" fullname="Kaitai.SpecProcessXor4Value" classname="Kaitai.SpecProcessXor4Value" runstate="Runnable" testcasecount="1" result="Passed" start-time="2019-04-25 12:30:38Z" end-time="2019-04-25 12:30:38Z" duration="0.005023" total="1" passed="1" failed="0" inconclusive="0" skipped="0" asserts="2">
        <test-case id="0-1213" name="TestProcessXor4Value" fullname="Kaitai.SpecProcessXor4Value.TestProcessXor4Value" methodname="TestProcessXor4Value" classname="Kaitai.SpecProcessXor4Value" runstate="Runnable" seed="1516762416" result="Passed" start-time="2019-04-25 12:30:38Z" end-time="2019-04-25 12:30:38Z" duration="0.001298" asserts="2" />
      </test-suite>
      <test-suite type="TestFixture" id="0-1214" name="SpecProcessXorConst" fullname="Kaitai.SpecProcessXorConst" classname="Kaitai.SpecProcessXorConst" runstate="Runnable" testcasecount="1" result="Passed" start-time="2019-04-25 12:30:38Z" end-time="2019-04-25 12:30:38Z" duration="0.004733" total="1" passed="1" failed="0" inconclusive="0" skipped="0" asserts="2">
        <test-case id="0-1215" name="TestProcessXorConst" fullname="Kaitai.SpecProcessXorConst.TestProcessXorConst" methodname="TestProcessXorConst" classname="Kaitai.SpecProcessXorConst" runstate="Runnable" seed="2121847351" result="Passed" start-time="2019-04-25 12:30:38Z" end-time="2019-04-25 12:30:38Z" duration="0.001803" asserts="2" />
      </test-suite>
      <test-suite type="TestFixture" id="0-1216" name="SpecProcessXorValue" fullname="Kaitai.SpecProcessXorValue" classname="Kaitai.SpecProcessXorValue" runstate="Runnable" testcasecount="1" result="Passed" start-time="2019-04-25 12:30:38Z" end-time="2019-04-25 12:30:38Z" duration="0.004961" total="1" passed="1" failed="0" inconclusive="0" skipped="0" asserts="2">
        <test-case id="0-1217" name="TestProcessXorValue" fullname="Kaitai.SpecProcessXorValue.TestProcessXorValue" methodname="TestProcessXorValue" classname="Kaitai.SpecProcessXorValue" runstate="Runnable" seed="553465957" result="Passed" start-time="2019-04-25 12:30:38Z" end-time="2019-04-25 12:30:38Z" duration="0.001527" asserts="2" />
      </test-suite>
[...]
        <test-case id="0-1241" name="TestStrEncodingsDefault" fullname="Kaitai.SpecStrEncodingsDefault.TestStrEncodingsDefault" methodname="TestStrEncodingsDefault" classname="Kaitai.SpecStrEncodingsDefault" runstate="Runnable" seed="381640128" result="Passed" start-time="2019-04-25 12:30:38Z" end-time="2019-04-25 12:30:38Z" duration="0.003432" asserts="4" />
      </test-suite>
      <test-suite type="TestFixture" id="0-1242" name="SpecStrEos" fullname="Kaitai.SpecStrEos" classname="Kaitai.SpecStrEos" runstate="Runnable" testcasecount="1" result="Passed" start-time="2019-04-25 12:30:38Z" end-time="2019-04-25 12:30:38Z" duration="0.007014" total="1" passed="1" failed="0" inconclusive="0" skipped="0" asserts="1">
        <test-case id="0-1243" name="TestStrEos" fullname="Kaitai.SpecStrEos.TestStrEos" methodname="TestStrEos" classname="Kaitai.SpecStrEos" runstate="Runnable" seed="1632682272" result="Passed" start-time="2019-04-25 12:30:38Z" end-time="2019-04-25 12:30:38Z" duration="0.001314" asserts="1" />
      </test-suite>
      <test-suite type="TestFixture" id="0-1244" name="SpecStrLiterals" fullname="Kaitai.SpecStrLiterals" classname="Kaitai.SpecStrLiterals" runstate="Runnable" testcasecount="1" result="Passed" start-time="2019-04-25 12:30:38Z" end-time="2019-04-25 12:30:38Z" duration="0.015035" total="1" passed="1" failed="0" inconclusive="0" skipped="0" asserts="5">
        <test-case id="0-1245" name="TestStrLiterals" fullname="Kaitai.SpecStrLiterals.TestStrLiterals" methodname="TestStrLiterals" classname="Kaitai.SpecStrLiterals" runstate="Runnable" seed="1382366404" result="Passed" start-time="2019-04-25 12:30:38Z" end-time="2019-04-25 12:30:38Z" duration="0.011211" asserts="5" />
      </test-suite>
      <test-suite type="TestFixture" id="0-1246" name="SpecStrLiterals2" fullname="Kaitai.SpecStrLiterals2" classname="Kaitai.SpecStrLiterals2" runstate="Runnable" testcasecount="1" result="Passed" start-time="2019-04-25 12:30:38Z" end-time="2019-04-25 12:30:38Z" duration="0.005171" total="1" passed="1" failed="0" inconclusive="0" skipped="0" asserts="4">
        <test-case id="0-1247" name="TestStrLiterals2" fullname="Kaitai.SpecStrLiterals2.TestStrLiterals2" methodname="TestStrLiterals2" classname="Kaitai.SpecStrLiterals2" runstate="Runnable" seed="1168475300" result="Passed" start-time="2019-04-25 12:30:38Z" end-time="2019-04-25 12:30:38Z" duration="0.001505" asserts="4" />
      </test-suite>
      <test-suite type="TestFixture" id="0-1248" name="SpecStrPadTerm" fullname="Kaitai.SpecStrPadTerm" classname="Kaitai.SpecStrPadTerm" runstate="Runnable" testcasecount="1" result="Passed" start-time="2019-04-25 12:30:38Z" end-time="2019-04-25 12:30:38Z" duration="0.004986" total="1" passed="1" failed="0" inconclusive="0" skipped="0" asserts="4">
        <test-case id="0-1249" name="TestStrPadTerm" fullname="Kaitai.SpecStrPadTerm.TestStrPadTerm" methodname="TestStrPadTerm" classname="Kaitai.SpecStrPadTerm" runstate="Runnable" seed="1781789076" result="Passed" start-time="2019-04-25 12:30:38Z" end-time="2019-04-25 12:30:38Z" duration="0.001898" asserts="4" />
      </test-suite>
      <test-suite type="TestFixture" id="0-1250" name="SpecStrPadTermEmpty" fullname="Kaitai.SpecStrPadTermEmpty" classname="Kaitai.SpecStrPadTermEmpty" runstate="Runnable" testcasecount="1" result="Passed" start-time="2019-04-25 12:30:38Z" end-time="2019-04-25 12:30:38Z" duration="0.006023" total="1" passed="1" failed="0" inconclusive="0" skipped="0" asserts="4">
        <test-case id="0-1251" name="TestStrPadTermEmpty" fullname="Kaitai.SpecStrPadTermEmpty.TestStrPadTermEmpty" methodname="TestStrPadTermEmpty" classname="Kaitai.SpecStrPadTermEmpty" runstate="Runnable" seed="1245887526" result="Passed" start-time="2019-04-25 12:30:38Z" end-time="2019-04-25 12:30:38Z" duration="0.001975" asserts="4" />
      </test-suite>
      <test-suite type="TestFixture" id="0-1252" name="SpecSwitchBytearray" fullname="Kaitai.SpecSwitchBytearray" classname="Kaitai.SpecSwitchBytearray" runstate="Runnable" testcasecount="1" result="Passed" start-time="2019-04-25 12:30:38Z" end-time="2019-04-25 12:30:38Z" duration="0.007014" total="1" passed="1" failed="0" inconclusive="0" skipped="0" asserts="9">
        <test-case id="0-1253" name="TestSwitchBytearray" fullname="Kaitai.SpecSwitchBytearray.TestSwitchBytearray" methodname="TestSwitchBytearray" classname="Kaitai.SpecSwitchBytearray" runstate="Runnable" seed="656125124" result="Passed" start-time="2019-04-25 12:30:38Z" end-time="2019-04-25 12:30:38Z" duration="0.003797" asserts="9" />
      </test-suite>
      <test-suite type="TestFixture" id="0-1254" name="SpecSwitchCast" fullname="Kaitai.SpecSwitchCast" classname="Kaitai.SpecSwitchCast" runstate="Runnable" testcasecount="1" result="Passed" start-time="2019-04-25 12:30:38Z" end-time="2019-04-25 12:30:38Z" duration="0.020011" total="1" passed="1" failed="0" inconclusive="0" skipped="0" asserts="3">
        <test-case id="0-1255" name="TestSwitchCast" fullname="Kaitai.SpecSwitchCast.TestSwitchCast" methodname="TestSwitchCast" classname="Kaitai.SpecSwitchCast" runstate="Runnable" seed="914626807" result="Passed" start-time="2019-04-25 12:30:38Z" end-time="2019-04-25 12:30:38Z" duration="0.016737" asserts="3" />
      </test-suite>
      <test-suite type="TestFixture" id="0-1256" name="SpecSwitchIntegers" fullname="Kaitai.SpecSwitchIntegers" classname="Kaitai.SpecSwitchIntegers" runstate="Runnable" testcasecount="1" result="Passed" start-time="2019-04-25 12:30:38Z" end-time="2019-04-25 12:30:38Z" duration="0.007092" total="1" passed="1" failed="0" inconclusive="0" skipped="0" asserts="9">
        <test-case id="0-1257" name="TestSwitchIntegers" fullname="Kaitai.SpecSwitchIntegers.TestSwitchIntegers" methodname="TestSwitchIntegers" classname="Kaitai.SpecSwitchIntegers" runstate="Runnable" seed="830386588" result="Passed" start-time="2019-04-25 12:30:38Z" end-time="2019-04-25 12:30:38Z" duration="0.003009" asserts="9" />
      </test-suite>
      <test-suite type="TestFixture" id="0-1258" name="SpecSwitchIntegers2" fullname="Kaitai.SpecSwitchIntegers2" classname="Kaitai.SpecSwitchIntegers2" runstate="Runnable" testcasecount="1" result="Passed" start-time="2019-04-25 12:30:38Z" end-time="2019-04-25 12:30:38Z" duration="0.005172" total="1" passed="1" failed="0" inconclusive="0" skipped="0" asserts="5">
        <test-case id="0-1259" name="TestSwitchIntegers2" fullname="Kaitai.SpecSwitchIntegers2.TestSwitchIntegers2" methodname="TestSwitchIntegers2" classname="Kaitai.SpecSwitchIntegers2" runstate="Runnable" seed="131371425" result="Passed" start-time="2019-04-25 12:30:38Z" end-time="2019-04-25 12:30:38Z" duration="0.001999" asserts="5" />
      </test-suite>
      <test-suite type="TestFixture" id="0-1260" name="SpecSwitchManualEnum" fullname="Kaitai.SpecSwitchManualEnum" classname="Kaitai.SpecSwitchManualEnum" runstate="Runnable" testcasecount="1" result="Passed" start-time="2019-04-25 12:30:38Z" end-time="2019-04-25 12:30:38Z" duration="0.007016" total="1" passed="1" failed="0" inconclusive="0" skipped="0" asserts="9">
        <test-case id="0-1261" name="TestSwitchManualEnum" fullname="Kaitai.SpecSwitchManualEnum.TestSwitchManualEnum" methodname="TestSwitchManualEnum" classname="Kaitai.SpecSwitchManualEnum" runstate="Runnable" seed="338934719" result="Passed" start-time="2019-04-25 12:30:38Z" end-time="2019-04-25 12:30:38Z" duration="0.003097" asserts="9" />
      </test-suite>
      <test-suite type="TestFixture" id="0-1262" name="SpecSwitchManualInt" fullname="Kaitai.SpecSwitchManualInt" classname="Kaitai.SpecSwitchManualInt" runstate="Runnable" testcasecount="1" result="Passed" start-time="2019-04-25 12:30:38Z" end-time="2019-04-25 12:30:38Z" duration="0.007082" total="1" passed="1" failed="0" inconclusive="0" skipped="0" asserts="9">
        <test-case id="0-1263" name="TestSwitchManualInt" fullname="Kaitai.SpecSwitchManualInt.TestSwitchManualInt" methodname="TestSwitchManualInt" classname="Kaitai.SpecSwitchManualInt" runstate="Runnable" seed="1669923739" result="Passed" start-time="2019-04-25 12:30:38Z" end-time="2019-04-25 12:30:38Z" duration="0.003546" asserts="9" />
      </test-suite>
      <test-suite type="TestFixture" id="0-1264" name="SpecSwitchManualIntElse" fullname="Kaitai.SpecSwitchManualIntElse" classname="Kaitai.SpecSwitchManualIntElse" runstate="Runnable" testcasecount="1" result="Passed" start-time="2019-04-25 12:30:38Z" end-time="2019-04-25 12:30:38Z" duration="0.008010" total="1" passed="1" failed="0" inconclusive="0" skipped="0" asserts="9">
        <test-case id="0-1265" name="TestSwitchManualIntElse" fullname="Kaitai.SpecSwitchManualIntElse.TestSwitchManualIntElse" methodname="TestSwitchManualIntElse" classname="Kaitai.SpecSwitchManualIntElse" runstate="Runnable" seed="2093669564" result="Passed" start-time="2019-04-25 12:30:38Z" end-time="2019-04-25 12:30:38Z" duration="0.004281" asserts="9" />
      </test-suite>
      <test-suite type="TestFixture" id="0-1266" name="SpecSwitchManualIntSize" fullname="Kaitai.SpecSwitchManualIntSize" classname="Kaitai.SpecSwitchManualIntSize" runstate="Runnable" testcasecount="1" result="Passed" start-time="2019-04-25 12:30:38Z" end-time="2019-04-25 12:30:38Z" duration="0.009678" total="1" passed="1" failed="0" inconclusive="0" skipped="0" asserts="10">
        <test-case id="0-1267" name="TestSwitchManualIntSize" fullname="Kaitai.SpecSwitchManualIntSize.TestSwitchManualIntSize" methodname="TestSwitchManualIntSize" classname="Kaitai.SpecSwitchManualIntSize" runstate="Runnable" seed="683064949" result="Passed" start-time="2019-04-25 12:30:38Z" end-time="2019-04-25 12:30:38Z" duration="0.005119" asserts="10" />
      </test-suite>
      <test-suite type="TestFixture" id="0-1268" name="SpecSwitchManualIntSizeElse" fullname="Kaitai.SpecSwitchManualIntSizeElse" classname="Kaitai.SpecSwitchManualIntSizeElse" runstate="Runnable" testcasecount="1" result="Passed" start-time="2019-04-25 12:30:38Z" end-time="2019-04-25 12:30:38Z" duration="0.009668" total="1" passed="1" failed="0" inconclusive="0" skipped="0" asserts="10">
        <test-case id="0-1269" name="TestSwitchManualIntSizeElse" fullname="Kaitai.SpecSwitchManualIntSizeElse.TestSwitchManualIntSizeElse" methodname="TestSwitchManualIntSizeElse" classname="Kaitai.SpecSwitchManualIntSizeElse" runstate="Runnable" seed="1130492344" result="Passed" start-time="2019-04-25 12:30:38Z" end-time="2019-04-25 12:30:38Z" duration="0.005211" asserts="10" />
      </test-suite>
      <test-suite type="TestFixture" id="0-1270" name="SpecSwitchManualIntSizeEos" fullname="Kaitai.SpecSwitchManualIntSizeEos" classname="Kaitai.SpecSwitchManualIntSizeEos" runstate="Runnable" testcasecount="1" result="Passed" start-time="2019-04-25 12:30:38Z" end-time="2019-04-25 12:30:38Z" duration="0.009084" total="1" passed="1" failed="0" inconclusive="0" skipped="0" asserts="10">
        <test-case id="0-1271" name="TestSwitchManualIntSizeEos" fullname="Kaitai.SpecSwitchManualIntSizeEos.TestSwitchManualIntSizeEos" methodname="TestSwitchManualIntSizeEos" classname="Kaitai.SpecSwitchManualIntSizeEos" runstate="Runnable" seed="1987161014" result="Passed" start-time="2019-04-25 12:30:38Z" end-time="2019-04-25 12:30:38Z" duration="0.005563" asserts="10" />
      </test-suite>
      <test-suite type="TestFixture" id="0-1272" name="SpecSwitchManualStr" fullname="Kaitai.SpecSwitchManualStr" classname="Kaitai.SpecSwitchManualStr" runstate="Runnable" testcasecount="1" result="Passed" start-time="2019-04-25 12:30:38Z" end-time="2019-04-25 12:30:38Z" duration="0.012178" total="1" passed="1" failed="0" inconclusive="0" skipped="0" asserts="9">
        <test-case id="0-1273" name="TestSwitchManualStr" fullname="Kaitai.SpecSwitchManualStr.TestSwitchManualStr" methodname="TestSwitchManualStr" classname="Kaitai.SpecSwitchManualStr" runstate="Runnable" seed="1013919240" result="Passed" start-time="2019-04-25 12:30:38Z" end-time="2019-04-25 12:30:38Z" duration="0.007186" asserts="9" />
      </test-suite>
      <test-suite type="TestFixture" id="0-1274" name="SpecSwitchManualStrElse" fullname="Kaitai.SpecSwitchManualStrElse" classname="Kaitai.SpecSwitchManualStrElse" runstate="Runnable" testcasecount="1" result="Passed" start-time="2019-04-25 12:30:38Z" end-time="2019-04-25 12:30:38Z" duration="0.007017" total="1" passed="1" failed="0" inconclusive="0" skipped="0" asserts="9">
        <test-case id="0-1275" name="TestSwitchManualStrElse" fullname="Kaitai.SpecSwitchManualStrElse.TestSwitchManualStrElse" methodname="TestSwitchManualStrElse" classname="Kaitai.SpecSwitchManualStrElse" runstate="Runnable" seed="380237488" result="Passed" start-time="2019-04-25 12:30:38Z" end-time="2019-04-25 12:30:38Z" duration="0.003885" asserts="9" />
      </test-suite>
      <test-suite type="TestFixture" id="0-1276" name="SpecSwitchMultiBoolOps" fullname="Kaitai.SpecSwitchMultiBoolOps" classname="Kaitai.SpecSwitchMultiBoolOps" runstate="Runnable" testcasecount="1" result="Passed" start-time="2019-04-25 12:30:38Z" end-time="2019-04-25 12:30:38Z" duration="0.010019" total="1" passed="1" failed="0" inconclusive="0" skipped="0" asserts="9">
        <test-case id="0-1277" name="TestSwitchMultiBoolOps" fullname="Kaitai.SpecSwitchMultiBoolOps.TestSwitchMultiBoolOps" methodname="TestSwitchMultiBoolOps" classname="Kaitai.SpecSwitchMultiBoolOps" runstate="Runnable" seed="785837513" result="Passed" start-time="2019-04-25 12:30:38Z" end-time="2019-04-25 12:30:38Z" duration="0.004215" asserts="9" />
      </test-suite>
      <test-suite type="TestFixture" id="0-1278" name="SpecSwitchRepeatExpr" fullname="Kaitai.SpecSwitchRepeatExpr" classname="Kaitai.SpecSwitchRepeatExpr" runstate="Runnable" testcasecount="1" result="Passed" start-time="2019-04-25 12:30:38Z" end-time="2019-04-25 12:30:38Z" duration="0.007056" total="1" passed="1" failed="0" inconclusive="0" skipped="0" asserts="3">
        <test-case id="0-1279" name="TestSwitchRepeatExpr" fullname="Kaitai.SpecSwitchRepeatExpr.TestSwitchRepeatExpr" methodname="TestSwitchRepeatExpr" classname="Kaitai.SpecSwitchRepeatExpr" runstate="Runnable" seed="1546268904" result="Passed" start-time="2019-04-25 12:30:38Z" end-time="2019-04-25 12:30:38Z" duration="0.003357" asserts="3" />
      </test-suite>
      <test-suite type="TestFixture" id="0-1280" name="SpecTermBytes" fullname="Kaitai.SpecTermBytes" classname="Kaitai.SpecTermBytes" runstate="Runnable" testcasecount="1" result="Passed" start-time="2019-04-25 12:30:38Z" end-time="2019-04-25 12:30:38Z" duration="0.005800" total="1" passed="1" failed="0" inconclusive="0" skipped="0" asserts="3">
        <test-case id="0-1281" name="TestTermBytes" fullname="Kaitai.SpecTermBytes.TestTermBytes" methodname="TestTermBytes" classname="Kaitai.SpecTermBytes" runstate="Runnable" seed="887133597" result="Passed" start-time="2019-04-25 12:30:38Z" end-time="2019-04-25 12:30:38Z" duration="0.001374" asserts="3" />
      </test-suite>
      <test-suite type="TestFixture" id="0-1282" name="SpecTermStrz" fullname="Kaitai.SpecTermStrz" classname="Kaitai.SpecTermStrz" runstate="Runnable" testcasecount="1" result="Passed" start-time="2019-04-25 12:30:38Z" end-time="2019-04-25 12:30:38Z" duration="0.004011" total="1" passed="1" failed="0" inconclusive="0" skipped="0" asserts="3">
        <test-case id="0-1283" name="TestTermStrz" fullname="Kaitai.SpecTermStrz.TestTermStrz" methodname="TestTermStrz" classname="Kaitai.SpecTermStrz" runstate="Runnable" seed="1999166632" result="Passed" start-time="2019-04-25 12:30:38Z" end-time="2019-04-25 12:30:38Z" duration="0.000499" asserts="3" />
      </test-suite>
      <test-suite type="TestFixture" id="0-1284" name="SpecTsPacketHeader" fullname="Kaitai.SpecTsPacketHeader" classname="Kaitai.SpecTsPacketHeader" runstate="Runnable" testcasecount="1" result="Passed" start-time="2019-04-25 12:30:38Z" end-time="2019-04-25 12:30:38Z" duration="0.005154" total="1" passed="1" failed="0" inconclusive="0" skipped="0" asserts="7">
        <test-case id="0-1285" name="TestTsPacketHeader" fullname="Kaitai.SpecTsPacketHeader.TestTsPacketHeader" methodname="TestTsPacketHeader" classname="Kaitai.SpecTsPacketHeader" runstate="Runnable" seed="1673675698" result="Passed" start-time="2019-04-25 12:30:38Z" end-time="2019-04-25 12:30:38Z" duration="0.001943" asserts="7" />
      </test-suite>
      <test-suite type="TestFixture" id="0-1286" name="SpecTypeIntUnaryOp" fullname="Kaitai.SpecTypeIntUnaryOp" classname="Kaitai.SpecTypeIntUnaryOp" runstate="Runnable" testcasecount="1" result="Passed" start-time="2019-04-25 12:30:38Z" end-time="2019-04-25 12:30:38Z" duration="0.005016" total="1" passed="1" failed="0" inconclusive="0" skipped="0" asserts="4">
        <test-case id="0-1287" name="TestTypeIntUnaryOp" fullname="Kaitai.SpecTypeIntUnaryOp.TestTypeIntUnaryOp" methodname="TestTypeIntUnaryOp" classname="Kaitai.SpecTypeIntUnaryOp" runstate="Runnable" seed="1312196796" result="Passed" start-time="2019-04-25 12:30:38Z" end-time="2019-04-25 12:30:38Z" duration="0.001926" asserts="4" />
      </test-suite>
      <test-suite type="TestFixture" id="0-1288" name="SpecTypeTernary" fullname="Kaitai.SpecTypeTernary" classname="Kaitai.SpecTypeTernary" runstate="Runnable" testcasecount="1" result="Passed" start-time="2019-04-25 12:30:38Z" end-time="2019-04-25 12:30:38Z" duration="0.005004" total="1" passed="1" failed="0" inconclusive="0" skipped="0" asserts="1">
        <test-case id="0-1289" name="TestTypeTernary" fullname="Kaitai.SpecTypeTernary.TestTypeTernary" methodname="TestTypeTernary" classname="Kaitai.SpecTypeTernary" runstate="Runnable" seed="1134751080" result="Passed" start-time="2019-04-25 12:30:38Z" end-time="2019-04-25 12:30:38Z" duration="0.001477" asserts="1" />
      </test-suite>
      <test-suite type="TestFixture" id="0-1290" name="SpecTypeTernaryOpaque" fullname="Kaitai.SpecTypeTernaryOpaque" classname="Kaitai.SpecTypeTernaryOpaque" runstate="Runnable" testcasecount="1" result="Passed" start-time="2019-04-25 12:30:38Z" end-time="2019-04-25 12:30:38Z" duration="0.004652" total="1" passed="1" failed="0" inconclusive="0" skipped="0" asserts="3">
        <test-case id="0-1291" name="TestTypeTernaryOpaque" fullname="Kaitai.SpecTypeTernaryOpaque.TestTypeTernaryOpaque" methodname="TestTypeTernaryOpaque" classname="Kaitai.SpecTypeTernaryOpaque" runstate="Runnable" seed="1712970981" result="Passed" start-time="2019-04-25 12:30:38Z" end-time="2019-04-25 12:30:38Z" duration="0.001346" asserts="3" />
      </test-suite>
      <test-suite type="TestFixture" id="0-1292" name="SpecUserType" fullname="Kaitai.SpecUserType" classname="Kaitai.SpecUserType" runstate="Runnable" testcasecount="1" result="Passed" start-time="2019-04-25 12:30:38Z" end-time="2019-04-25 12:30:38Z" duration="0.005012" total="1" passed="1" failed="0" inconclusive="0" skipped="0" asserts="2">
        <test-case id="0-1293" name="TestUserType" fullname="Kaitai.SpecUserType.TestUserType" methodname="TestUserType" classname="Kaitai.SpecUserType" runstate="Runnable" seed="1624716925" result="Passed" start-time="2019-04-25 12:30:38Z" end-time="2019-04-25 12:30:38Z" duration="0.001107" asserts="2" />
      </test-suite>
      <test-suite type="TestFixture" id="0-1294" name="SpecZlibWithHeader78" fullname="Kaitai.SpecZlibWithHeader78" classname="Kaitai.SpecZlibWithHeader78" runstate="Runnable" testcasecount="1" result="Passed" start-time="2019-04-25 12:30:38Z" end-time="2019-04-25 12:30:38Z" duration="0.028050" total="1" passed="1" failed="0" inconclusive="0" skipped="0" asserts="1">
        <test-case id="0-1295" name="TestZlibWithHeader78" fullname="Kaitai.SpecZlibWithHeader78.TestZlibWithHeader78" methodname="TestZlibWithHeader78" classname="Kaitai.SpecZlibWithHeader78" runstate="Runnable" seed="1291997671" result="Passed" start-time="2019-04-25 12:30:38Z" end-time="2019-04-25 12:30:38Z" duration="0.024924" asserts="1" />
      </test-suite>
    </test-suite>
  </test-suite>
</test-run>