<?xml version="1.0" encoding="utf-8" standalone="no"?>
<test-run id="2" testcasecount="143" result="Failed" total="143" passed="142" failed="1" inconclusive="0" skipped="0" asserts="689" engine-version="3.4.1.0" clr-version="4.0.30319.42000" start-time="2019-04-14 22:29:23Z" end-time="2019-04-14 22:29:24Z" duration="1.524974">
  <command-line><![CDATA[spec/csharp/packages/NUnit.ConsoleRunner.3.4.1/tools/nunit3-console.exe --result=test_out/csharp/TestResult.xml spec/csharp/kaitai_struct_csharp_tests/bin/Debug/kaitai_struct_csharp_tests.dll]]></command-line>
  <test-suite type="Assembly" id="0-1286" name="kaitai_struct_csharp_tests.dll" fullname="C:\projects\ci-targets\tests\spec\csharp\kaitai_struct_csharp_tests\bin\Debug\kaitai_struct_csharp_tests.dll" runstate="Runnable" testcasecount="143" result="Failed" site="Child" start-time="2019-04-14 22:29:23Z" end-time="2019-04-14 22:29:24Z" duration="1.450137" total="143" passed="142" failed="1" inconclusive="0" skipped="0" asserts="689">
    <environment framework-version="3.4.1.0" clr-version="4.0.30319.42000" os-version="Microsoft Windows NT 10.0.14393.0" platform="Win32NT" cwd="C:\projects\ci-targets\tests" machine-name="APPVYR-WIN" user="appveyor" user-domain="APPVYR-WIN" culture="en-US" uiculture="en-US" os-architecture="x64" />
    <settings>
      <setting name="WorkDirectory" value="C:\projects\ci-targets\tests" />
      <setting name="ImageRuntimeVersion" value="4.0.30319" />
      <setting name="ImageTargetFrameworkName" value=".NETFramework,Version=v4.5" />
      <setting name="ImageRequiresX86" value="False" />
      <setting name="ImageRequiresDefaultAppDomainAssemblyResolver" value="False" />
      <setting name="NumberOfTestWorkers" value="2" />
    </settings>
    <properties>
      <property name="_PID" value="4420" />
      <property name="_APPDOMAIN" value="test-domain-" />
    </properties>
    <failure>
      <message><![CDATA[One or more child tests had errors]]></message>
    </failure>
    <test-suite type="TestSuite" id="0-1287" name="Kaitai" fullname="Kaitai" runstate="Runnable" testcasecount="143" result="Failed" site="Child" start-time="2019-04-14 22:29:23Z" end-time="2019-04-14 22:29:24Z" duration="1.427847" total="143" passed="142" failed="1" inconclusive="0" skipped="0" asserts="689">
      <failure>
        <message><![CDATA[One or more child tests had errors]]></message>
      </failure>
      <test-suite type="TestFixture" id="0-1000" name="SpecBcdUserTypeBe" fullname="Kaitai.SpecBcdUserTypeBe" classname="Kaitai.SpecBcdUserTypeBe" runstate="Runnable" testcasecount="1" result="Passed" start-time="2019-04-14 22:29:23Z" end-time="2019-04-14 22:29:23Z" duration="0.036644" total="1" passed="1" failed="0" inconclusive="0" skipped="0" asserts="6">
        <test-case id="0-1001" name="TestBcdUserTypeBe" fullname="Kaitai.SpecBcdUserTypeBe.TestBcdUserTypeBe" methodname="TestBcdUserTypeBe" classname="Kaitai.SpecBcdUserTypeBe" runstate="Runnable" seed="1245347532" result="Passed" start-time="2019-04-14 22:29:23Z" end-time="2019-04-14 22:29:23Z" duration="0.023449" asserts="6" />
      </test-suite>
      <test-suite type="TestFixture" id="0-1002" name="SpecBcdUserTypeLe" fullname="Kaitai.SpecBcdUserTypeLe" classname="Kaitai.SpecBcdUserTypeLe" runstate="Runnable" testcasecount="1" result="Passed" start-time="2019-04-14 22:29:23Z" end-time="2019-04-14 22:29:23Z" duration="0.010022" total="1" passed="1" failed="0" inconclusive="0" skipped="0" asserts="6">
        <test-case id="0-1003" name="TestBcdUserTypeLe" fullname="Kaitai.SpecBcdUserTypeLe.TestBcdUserTypeLe" methodname="TestBcdUserTypeLe" classname="Kaitai.SpecBcdUserTypeLe" runstate="Runnable" seed="174974690" result="Passed" start-time="2019-04-14 22:29:23Z" end-time="2019-04-14 22:29:23Z" duration="0.006248" asserts="6" />
      </test-suite>
      <test-suite type="TestFixture" id="0-1004" name="SpecBitsByteAligned" fullname="Kaitai.SpecBitsByteAligned" classname="Kaitai.SpecBitsByteAligned" runstate="Runnable" testcasecount="1" result="Passed" start-time="2019-04-14 22:29:23Z" end-time="2019-04-14 22:29:23Z" duration="0.009015" total="1" passed="1" failed="0" inconclusive="0" skipped="0" asserts="9">
        <test-case id="0-1005" name="TestBitsByteAligned" fullname="Kaitai.SpecBitsByteAligned.TestBitsByteAligned" methodname="TestBitsByteAligned" classname="Kaitai.SpecBitsByteAligned" runstate="Runnable" seed="880624270" result="Passed" start-time="2019-04-14 22:29:23Z" end-time="2019-04-14 22:29:23Z" duration="0.005507" asserts="9" />
      </test-suite>
      <test-suite type="TestFixture" id="0-1006" name="SpecBitsEnum" fullname="Kaitai.SpecBitsEnum" classname="Kaitai.SpecBitsEnum" runstate="Runnable" testcasecount="1" result="Passed" start-time="2019-04-14 22:29:23Z" end-time="2019-04-14 22:29:23Z" duration="0.004013" total="1" passed="1" failed="0" inconclusive="0" skipped="0" asserts="3">
        <test-case id="0-1007" name="TestBitsEnum" fullname="Kaitai.SpecBitsEnum.TestBitsEnum" methodname="TestBitsEnum" classname="Kaitai.SpecBitsEnum" runstate="Runnable" seed="1975515823" result="Passed" start-time="2019-04-14 22:29:23Z" end-time="2019-04-14 22:29:23Z" duration="0.000836" asserts="3" />
      </test-suite>
      <test-suite type="TestFixture" id="0-1008" name="SpecBitsSimple" fullname="Kaitai.SpecBitsSimple" classname="Kaitai.SpecBitsSimple" runstate="Runnable" testcasecount="1" result="Passed" start-time="2019-04-14 22:29:23Z" end-time="2019-04-14 22:29:23Z" duration="0.006014" total="1" passed="1" failed="0" inconclusive="0" skipped="0" asserts="14">
        <test-case id="0-1009" name="TestBitsSimple" fullname="Kaitai.SpecBitsSimple.TestBitsSimple" methodname="TestBitsSimple" classname="Kaitai.SpecBitsSimple" runstate="Runnable" seed="1273755377" result="Passed" start-time="2019-04-14 22:29:23Z" end-time="2019-04-14 22:29:23Z" duration="0.002483" asserts="14" />
      </test-suite>
      <test-suite type="TestFixture" id="0-1010" name="SpecBufferedStruct" fullname="Kaitai.SpecBufferedStruct" classname="Kaitai.SpecBufferedStruct" runstate="Runnable" testcasecount="1" result="Passed" start-time="2019-04-14 22:29:23Z" end-time="2019-04-14 22:29:23Z" duration="0.006013" total="1" passed="1" failed="0" inconclusive="0" skipped="0" asserts="7">
        <test-case id="0-1011" name="TestBufferedStruct" fullname="Kaitai.SpecBufferedStruct.TestBufferedStruct" methodname="TestBufferedStruct" classname="Kaitai.SpecBufferedStruct" runstate="Runnable" seed="1938025959" result="Passed" start-time="2019-04-14 22:29:23Z" end-time="2019-04-14 22:29:23Z" duration="0.002299" asserts="7" />
      </test-suite>
      <test-suite type="TestFixture" id="0-1012" name="SpecBytesPadTerm" fullname="Kaitai.SpecBytesPadTerm" classname="Kaitai.SpecBytesPadTerm" runstate="Runnable" testcasecount="1" result="Passed" start-time="2019-04-14 22:29:23Z" end-time="2019-04-14 22:29:23Z" duration="0.005008" total="1" passed="1" failed="0" inconclusive="0" skipped="0" asserts="4">
        <test-case id="0-1013" name="TestBytesPadTerm" fullname="Kaitai.SpecBytesPadTerm.TestBytesPadTerm" methodname="TestBytesPadTerm" classname="Kaitai.SpecBytesPadTerm" runstate="Runnable" seed="110776084" result="Passed" start-time="2019-04-14 22:29:23Z" end-time="2019-04-14 22:29:23Z" duration="0.001752" asserts="4" />
      </test-suite>
      <test-suite type="TestFixture" id="0-1014" name="SpecCastNested" fullname="Kaitai.SpecCastNested" classname="Kaitai.SpecCastNested" runstate="Runnable" testcasecount="1" result="Passed" start-time="2019-04-14 22:29:23Z" end-time="2019-04-14 22:29:23Z" duration="0.007056" total="1" passed="1" failed="0" inconclusive="0" skipped="0" asserts="4">
        <test-case id="0-1015" name="TestCastNested" fullname="Kaitai.SpecCastNested.TestCastNested" methodname="TestCastNested" classname="Kaitai.SpecCastNested" runstate="Runnable" seed="658874904" result="Passed" start-time="2019-04-14 22:29:23Z" end-time="2019-04-14 22:29:23Z" duration="0.003356" asserts="4" />
      </test-suite>
      <test-suite type="TestFixture" id="0-1016" name="SpecCastToImported" fullname="Kaitai.SpecCastToImported" classname="Kaitai.SpecCastToImported" runstate="Runnable" testcasecount="1" result="Passed" start-time="2019-04-14 22:29:23Z" end-time="2019-04-14 22:29:23Z" duration="0.005009" total="1" passed="1" failed="0" inconclusive="0" skipped="0" asserts="2">
        <test-case id="0-1017" name="TestCastToImported" fullname="Kaitai.SpecCastToImported.TestCastToImported" methodname="TestCastToImported" classname="Kaitai.SpecCastToImported" runstate="Runnable" seed="932359744" result="Passed" start-time="2019-04-14 22:29:23Z" end-time="2019-04-14 22:29:23Z" duration="0.001072" asserts="2" />
      </test-suite>
      <test-suite type="TestFixture" id="0-1018" name="SpecCastToTop" fullname="Kaitai.SpecCastToTop" classname="Kaitai.SpecCastToTop" runstate="Runnable" testcasecount="1" result="Passed" start-time="2019-04-14 22:29:23Z" end-time="2019-04-14 22:29:23Z" duration="0.004963" total="1" passed="1" failed="0" inconclusive="0" skipped="0" asserts="3">
        <test-case id="0-1019" name="TestCastToTop" fullname="Kaitai.SpecCastToTop.TestCastToTop" methodname="TestCastToTop" classname="Kaitai.SpecCastToTop" runstate="Runnable" seed="1398256261" result="Passed" start-time="2019-04-14 22:29:23Z" end-time="2019-04-14 22:29:23Z" duration="0.001210" asserts="3" />
      </test-suite>
      <test-suite type="TestFixture" id="0-1020" name="SpecDebug0" fullname="Kaitai.SpecDebug0" classname="Kaitai.SpecDebug0" runstate="Runnable" testcasecount="1" result="Passed" start-time="2019-04-14 22:29:23Z" end-time="2019-04-14 22:29:23Z" duration="0.004010" total="1" passed="1" failed="0" inconclusive="0" skipped="0" asserts="0">
        <test-case id="0-1021" name="TestDebug0" fullname="Kaitai.SpecDebug0.TestDebug0" methodname="TestDebug0" classname="Kaitai.SpecDebug0" runstate="Runnable" seed="1389498583" result="Passed" start-time="2019-04-14 22:29:23Z" end-time="2019-04-14 22:29:23Z" duration="0.000094" asserts="0" />
      </test-suite>
      <test-suite type="TestFixture" id="0-1022" name="SpecDebugArrayUser" fullname="Kaitai.SpecDebugArrayUser" classname="Kaitai.SpecDebugArrayUser" runstate="Runnable" testcasecount="1" result="Passed" start-time="2019-04-14 22:29:23Z" end-time="2019-04-14 22:29:23Z" duration="0.004986" total="1" passed="1" failed="0" inconclusive="0" skipped="0" asserts="4">
        <test-case id="0-1023" name="TestDebugArrayUser" fullname="Kaitai.SpecDebugArrayUser.TestDebugArrayUser" methodname="TestDebugArrayUser" classname="Kaitai.SpecDebugArrayUser" runstate="Runnable" seed="2022205783" result="Passed" start-time="2019-04-14 22:29:23Z" end-time="2019-04-14 22:29:23Z" duration="0.001789" asserts="4" />
      </test-suite>
      <test-suite type="TestFixture" id="0-1024" name="SpecDebugEnumName" fullname="Kaitai.SpecDebugEnumName" classname="Kaitai.SpecDebugEnumName" runstate="Runnable" testcasecount="1" result="Passed" start-time="2019-04-14 22:29:23Z" end-time="2019-04-14 22:29:23Z" duration="0.003961" total="1" passed="1" failed="0" inconclusive="0" skipped="0" asserts="0">
        <test-case id="0-1025" name="TestDebugEnumName" fullname="Kaitai.SpecDebugEnumName.TestDebugEnumName" methodname="TestDebugEnumName" classname="Kaitai.SpecDebugEnumName" runstate="Runnable" seed="2090000776" result="Passed" start-time="2019-04-14 22:29:23Z" end-time="2019-04-14 22:29:23Z" duration="0.000096" asserts="0" />
      </test-suite>
      <test-suite type="TestFixture" id="0-1026" name="SpecDefaultBigEndian" fullname="Kaitai.SpecDefaultBigEndian" classname="Kaitai.SpecDefaultBigEndian" runstate="Runnable" testcasecount="1" result="Passed" start-time="2019-04-14 22:29:23Z" end-time="2019-04-14 22:29:23Z" duration="0.003990" total="1" passed="1" failed="0" inconclusive="0" skipped="0" asserts="1">
        <test-case id="0-1027" name="TestDefaultBigEndian" fullname="Kaitai.SpecDefaultBigEndian.TestDefaultBigEndian" methodname="TestDefaultBigEndian" classname="Kaitai.SpecDefaultBigEndian" runstate="Runnable" seed="868281572" result="Passed" start-time="2019-04-14 22:29:23Z" end-time="2019-04-14 22:29:23Z" duration="0.000839" asserts="1" />
      </test-suite>
      <test-suite type="TestFixture" id="0-1028" name="SpecDefaultEndianExprException" fullname="Kaitai.SpecDefaultEndianExprException" classname="Kaitai.SpecDefaultEndianExprException" runstate="Runnable" testcasecount="1" result="Passed" start-time="2019-04-14 22:29:23Z" end-time="2019-04-14 22:29:23Z" duration="0.013950" total="1" passed="1" failed="0" inconclusive="0" skipped="0" asserts="1">
        <test-case id="0-1029" name="TestDefaultEndianExprException" fullname="Kaitai.SpecDefaultEndianExprException.TestDefaultEndianExprException" methodname="TestDefaultEndianExprException" classname="Kaitai.SpecDefaultEndianExprException" runstate="Runnable" seed="462896317" result="Passed" start-time="2019-04-14 22:29:23Z" end-time="2019-04-14 22:29:23Z" duration="0.010762" asserts="1" />
      </test-suite>
      <test-suite type="TestFixture" id="0-1030" name="SpecDefaultEndianExprInherited" fullname="Kaitai.SpecDefaultEndianExprInherited" classname="Kaitai.SpecDefaultEndianExprInherited" runstate="Runnable" testcasecount="1" result="Passed" start-time="2019-04-14 22:29:23Z" end-time="2019-04-14 22:29:23Z" duration="0.008042" total="1" passed="1" failed="0" inconclusive="0" skipped="0" asserts="15">
        <test-case id="0-1031" name="TestDefaultEndianExprInherited" fullname="Kaitai.SpecDefaultEndianExprInherited.TestDefaultEndianExprInherited" methodname="TestDefaultEndianExprInherited" classname="Kaitai.SpecDefaultEndianExprInherited" runstate="Runnable" seed="1048084774" result="Passed" start-time="2019-04-14 22:29:23Z" end-time="2019-04-14 22:29:23Z" duration="0.004515" asserts="15" />
      </test-suite>
      <test-suite type="TestFixture" id="0-1032" name="SpecDefaultEndianExprIsBe" fullname="Kaitai.SpecDefaultEndianExprIsBe" classname="Kaitai.SpecDefaultEndianExprIsBe" runstate="Runnable" testcasecount="1" result="Passed" start-time="2019-04-14 22:29:23Z" end-time="2019-04-14 22:29:23Z" duration="0.008011" total="1" passed="1" failed="0" inconclusive="0" skipped="0" asserts="18">
        <test-case id="0-1033" name="TestDefaultEndianExprIsBe" fullname="Kaitai.SpecDefaultEndianExprIsBe.TestDefaultEndianExprIsBe" methodname="TestDefaultEndianExprIsBe" classname="Kaitai.SpecDefaultEndianExprIsBe" runstate="Runnable" seed="1267719592" result="Passed" start-time="2019-04-14 22:29:23Z" end-time="2019-04-14 22:29:23Z" duration="0.004244" asserts="18" />
      </test-suite>
      <test-suite type="TestFixture" id="0-1034" name="SpecDefaultEndianExprIsLe" fullname="Kaitai.SpecDefaultEndianExprIsLe" classname="Kaitai.SpecDefaultEndianExprIsLe" runstate="Runnable" testcasecount="1" result="Passed" start-time="2019-04-14 22:29:23Z" end-time="2019-04-14 22:29:23Z" duration="0.006014" total="1" passed="1" failed="0" inconclusive="0" skipped="0" asserts="12">
        <test-case id="0-1035" name="TestDefaultEndianExprIsLe" fullname="Kaitai.SpecDefaultEndianExprIsLe.TestDefaultEndianExprIsLe" methodname="TestDefaultEndianExprIsLe" classname="Kaitai.SpecDefaultEndianExprIsLe" runstate="Runnable" seed="244728133" result="Passed" start-time="2019-04-14 22:29:23Z" end-time="2019-04-14 22:29:23Z" duration="0.002763" asserts="12" />
      </test-suite>
      <test-suite type="TestFixture" id="0-1036" name="SpecDefaultEndianMod" fullname="Kaitai.SpecDefaultEndianMod" classname="Kaitai.SpecDefaultEndianMod" runstate="Runnable" testcasecount="1" result="Passed" start-time="2019-04-14 22:29:23Z" end-time="2019-04-14 22:29:23Z" duration="0.005005" total="1" passed="1" failed="0" inconclusive="0" skipped="0" asserts="3">
        <test-case id="0-1037" name="TestDefaultEndianMod" fullname="Kaitai.SpecDefaultEndianMod.TestDefaultEndianMod" methodname="TestDefaultEndianMod" classname="Kaitai.SpecDefaultEndianMod" runstate="Runnable" seed="1387077774" result="Passed" start-time="2019-04-14 22:29:23Z" end-time="2019-04-14 22:29:23Z" duration="0.001770" asserts="3" />
      </test-suite>
      <test-suite type="TestFixture" id="0-1038" name="SpecDocstrings" fullname="Kaitai.SpecDocstrings" classname="Kaitai.SpecDocstrings" runstate="Runnable" testcasecount="1" result="Passed" start-time="2019-04-14 22:29:23Z" end-time="2019-04-14 22:29:23Z" duration="0.004008" total="1" passed="1" failed="0" inconclusive="0" skipped="0" asserts="0">
        <test-case id="0-1039" name="TestDocstrings" fullname="Kaitai.SpecDocstrings.TestDocstrings" methodname="TestDocstrings" classname="Kaitai.SpecDocstrings" runstate="Runnable" seed="508154634" result="Passed" start-time="2019-04-14 22:29:23Z" end-time="2019-04-14 22:29:23Z" duration="0.000501" asserts="0" />
      </test-suite>
      <test-suite type="TestFixture" id="0-1040" name="SpecDocstringsDocref" fullname="Kaitai.SpecDocstringsDocref" classname="Kaitai.SpecDocstringsDocref" runstate="Runnable" testcasecount="1" result="Passed" start-time="2019-04-14 22:29:23Z" end-time="2019-04-14 22:29:23Z" duration="0.004029" total="1" passed="1" failed="0" inconclusive="0" skipped="0" asserts="0">
        <test-case id="0-1041" name="TestDocstringsDocref" fullname="Kaitai.SpecDocstringsDocref.TestDocstringsDocref" methodname="TestDocstringsDocref" classname="Kaitai.SpecDocstringsDocref" runstate="Runnable" seed="1943058571" result="Passed" start-time="2019-04-14 22:29:23Z" end-time="2019-04-14 22:29:23Z" duration="0.000513" asserts="0" />
      </test-suite>
      <test-suite type="TestFixture" id="0-1042" name="SpecEnum0" fullname="Kaitai.SpecEnum0" classname="Kaitai.SpecEnum0" runstate="Runnable" testcasecount="1" result="Passed" start-time="2019-04-14 22:29:23Z" end-time="2019-04-14 22:29:23Z" duration="0.006775" total="1" passed="1" failed="0" inconclusive="0" skipped="0" asserts="2">
        <test-case id="0-1043" name="TestEnum0" fullname="Kaitai.SpecEnum0.TestEnum0" methodname="TestEnum0" classname="Kaitai.SpecEnum0" runstate="Runnable" seed="913882665" result="Passed" start-time="2019-04-14 22:29:23Z" end-time="2019-04-14 22:29:23Z" duration="0.000765" asserts="2" />
      </test-suite>
      <test-suite type="TestFixture" id="0-1044" name="SpecEnum1" fullname="Kaitai.SpecEnum1" classname="Kaitai.SpecEnum1" runstate="Runnable" testcasecount="1" result="Passed" start-time="2019-04-14 22:29:23Z" end-time="2019-04-14 22:29:23Z" duration="0.005009" total="1" passed="1" failed="0" inconclusive="0" skipped="0" asserts="2">
        <test-case id="0-1045" name="TestEnum1" fullname="Kaitai.SpecEnum1.TestEnum1" methodname="TestEnum1" classname="Kaitai.SpecEnum1" runstate="Runnable" seed="585475283" result="Passed" start-time="2019-04-14 22:29:23Z" end-time="2019-04-14 22:29:23Z" duration="0.001305" asserts="2" />
      </test-suite>
      <test-suite type="TestFixture" id="0-1046" name="SpecEnumDeep" fullname="Kaitai.SpecEnumDeep" classname="Kaitai.SpecEnumDeep" runstate="Runnable" testcasecount="1" result="Passed" start-time="2019-04-14 22:29:23Z" end-time="2019-04-14 22:29:23Z" duration="0.003999" total="1" passed="1" failed="0" inconclusive="0" skipped="0" asserts="2">
        <test-case id="0-1047" name="TestEnumDeep" fullname="Kaitai.SpecEnumDeep.TestEnumDeep" methodname="TestEnumDeep" classname="Kaitai.SpecEnumDeep" runstate="Runnable" seed="255718892" result="Passed" start-time="2019-04-14 22:29:23Z" end-time="2019-04-14 22:29:23Z" duration="0.000773" asserts="2" />
      </test-suite>
      <test-suite type="TestFixture" id="0-1048" name="SpecEnumDeepLiterals" fullname="Kaitai.SpecEnumDeepLiterals" classname="Kaitai.SpecEnumDeepLiterals" runstate="Runnable" testcasecount="1" result="Passed" start-time="2019-04-14 22:29:23Z" end-time="2019-04-14 22:29:23Z" duration="0.005011" total="1" passed="1" failed="0" inconclusive="0" skipped="0" asserts="2">
        <test-case id="0-1049" name="TestEnumDeepLiterals" fullname="Kaitai.SpecEnumDeepLiterals.TestEnumDeepLiterals" methodname="TestEnumDeepLiterals" classname="Kaitai.SpecEnumDeepLiterals" runstate="Runnable" seed="1413594270" result="Passed" start-time="2019-04-14 22:29:23Z" end-time="2019-04-14 22:29:23Z" duration="0.000977" asserts="2" />
      </test-suite>
      <test-suite type="TestFixture" id="0-1050" name="SpecEnumFancy" fullname="Kaitai.SpecEnumFancy" classname="Kaitai.SpecEnumFancy" runstate="Runnable" testcasecount="1" result="Passed" start-time="2019-04-14 22:29:23Z" end-time="2019-04-14 22:29:23Z" duration="0.004009" total="1" passed="1" failed="0" inconclusive="0" skipped="0" asserts="2">
        <test-case id="0-1051" name="TestEnumFancy" fullname="Kaitai.SpecEnumFancy.TestEnumFancy" methodname="TestEnumFancy" classname="Kaitai.SpecEnumFancy" runstate="Runnable" seed="1412506568" result="Passed" start-time="2019-04-14 22:29:23Z" end-time="2019-04-14 22:29:23Z" duration="0.000724" asserts="2" />
      </test-suite>
      <test-suite type="TestFixture" id="0-1052" name="SpecEnumForUnknownId" fullname="Kaitai.SpecEnumForUnknownId" classname="Kaitai.SpecEnumForUnknownId" runstate="Runnable" testcasecount="1" result="Passed" start-time="2019-04-14 22:29:23Z" end-time="2019-04-14 22:29:23Z" duration="0.004014" total="1" passed="1" failed="0" inconclusive="0" skipped="0" asserts="1">
        <test-case id="0-1053" name="TestEnumForUnknownId" fullname="Kaitai.SpecEnumForUnknownId.TestEnumForUnknownId" methodname="TestEnumForUnknownId" classname="Kaitai.SpecEnumForUnknownId" runstate="Runnable" seed="2116578144" result="Passed" start-time="2019-04-14 22:29:23Z" end-time="2019-04-14 22:29:23Z" duration="0.000665" asserts="1" />
      </test-suite>
      <test-suite type="TestFixture" id="0-1054" name="SpecEnumIf" fullname="Kaitai.SpecEnumIf" classname="Kaitai.SpecEnumIf" runstate="Runnable" testcasecount="1" result="Passed" start-time="2019-04-14 22:29:23Z" end-time="2019-04-14 22:29:23Z" duration="0.006008" total="1" passed="1" failed="0" inconclusive="0" skipped="0" asserts="7">
        <test-case id="0-1055" name="TestEnumIf" fullname="Kaitai.SpecEnumIf.TestEnumIf" methodname="TestEnumIf" classname="Kaitai.SpecEnumIf" runstate="Runnable" seed="862224146" result="Passed" start-time="2019-04-14 22:29:23Z" end-time="2019-04-14 22:29:23Z" duration="0.002125" asserts="7" />
      </test-suite>
      <test-suite type="TestFixture" id="0-1056" name="SpecEnumNegative" fullname="Kaitai.SpecEnumNegative" classname="Kaitai.SpecEnumNegative" runstate="Runnable" testcasecount="1" result="Passed" start-time="2019-04-14 22:29:23Z" end-time="2019-04-14 22:29:23Z" duration="0.004030" total="1" passed="1" failed="0" inconclusive="0" skipped="0" asserts="2">
        <test-case id="0-1057" name="TestEnumNegative" fullname="Kaitai.SpecEnumNegative.TestEnumNegative" methodname="TestEnumNegative" classname="Kaitai.SpecEnumNegative" runstate="Runnable" seed="1888864858" result="Passed" start-time="2019-04-14 22:29:23Z" end-time="2019-04-14 22:29:23Z" duration="0.000830" asserts="2" />
      </test-suite>
      <test-suite type="TestFixture" id="0-1058" name="SpecEnumOfValueInst" fullname="Kaitai.SpecEnumOfValueInst" classname="Kaitai.SpecEnumOfValueInst" runstate="Runnable" testcasecount="1" result="Passed" start-time="2019-04-14 22:29:23Z" end-time="2019-04-14 22:29:23Z" duration="0.005031" total="1" passed="1" failed="0" inconclusive="0" skipped="0" asserts="4">
        <test-case id="0-1059" name="TestEnumOfValueInst" fullname="Kaitai.SpecEnumOfValueInst.TestEnumOfValueInst" methodname="TestEnumOfValueInst" classname="Kaitai.SpecEnumOfValueInst" runstate="Runnable" seed="1838543213" result="Passed" start-time="2019-04-14 22:29:23Z" end-time="2019-04-14 22:29:23Z" duration="0.001058" asserts="4" />
      </test-suite>
      <test-suite type="TestFixture" id="0-1060" name="SpecEnumToI" fullname="Kaitai.SpecEnumToI" classname="Kaitai.SpecEnumToI" runstate="Runnable" testcasecount="1" result="Passed" start-time="2019-04-14 22:29:23Z" end-time="2019-04-14 22:29:23Z" duration="0.005031" total="1" passed="1" failed="0" inconclusive="0" skipped="0" asserts="4">
        <test-case id="0-1061" name="TestEnumToI" fullname="Kaitai.SpecEnumToI.TestEnumToI" methodname="TestEnumToI" classname="Kaitai.SpecEnumToI" runstate="Runnable" seed="1204841390" result="Passed" start-time="2019-04-14 22:29:23Z" end-time="2019-04-14 22:29:23Z" duration="0.001009" asserts="4" />
      </test-suite>
      <test-suite type="TestFixture" id="0-1062" name="SpecEofExceptionBytes" fullname="Kaitai.SpecEofExceptionBytes" classname="Kaitai.SpecEofExceptionBytes" runstate="Runnable" testcasecount="1" result="Passed" start-time="2019-04-14 22:29:23Z" end-time="2019-04-14 22:29:23Z" duration="0.004138" total="1" passed="1" failed="0" inconclusive="0" skipped="0" asserts="1">
        <test-case id="0-1063" name="TestEofExceptionBytes" fullname="Kaitai.SpecEofExceptionBytes.TestEofExceptionBytes" methodname="TestEofExceptionBytes" classname="Kaitai.SpecEofExceptionBytes" runstate="Runnable" seed="1508468292" result="Passed" start-time="2019-04-14 22:29:23Z" end-time="2019-04-14 22:29:23Z" duration="0.000800" asserts="1" />
      </test-suite>
      <test-suite type="TestFixture" id="0-1064" name="SpecEofExceptionU4" fullname="Kaitai.SpecEofExceptionU4" classname="Kaitai.SpecEofExceptionU4" runstate="Runnable" testcasecount="1" result="Passed" start-time="2019-04-14 22:29:23Z" end-time="2019-04-14 22:29:23Z" duration="0.003987" total="1" passed="1" failed="0" inconclusive="0" skipped="0" asserts="1">
        <test-case id="0-1065" name="TestEofExceptionU4" fullname="Kaitai.SpecEofExceptionU4.TestEofExceptionU4" methodname="TestEofExceptionU4" classname="Kaitai.SpecEofExceptionU4" runstate="Runnable" seed="1087054854" result="Passed" start-time="2019-04-14 22:29:23Z" end-time="2019-04-14 22:29:23Z" duration="0.000896" asserts="1" />
      </test-suite>
      <test-suite type="TestFixture" id="0-1066" name="SpecExpr0" fullname="Kaitai.SpecExpr0" classname="Kaitai.SpecExpr0" runstate="Runnable" testcasecount="1" result="Passed" start-time="2019-04-14 22:29:23Z" end-time="2019-04-14 22:29:23Z" duration="0.004009" total="1" passed="1" failed="0" inconclusive="0" skipped="0" asserts="2">
        <test-case id="0-1067" name="TestExpr0" fullname="Kaitai.SpecExpr0.TestExpr0" methodname="TestExpr0" classname="Kaitai.SpecExpr0" runstate="Runnable" seed="2046632307" result="Passed" start-time="2019-04-14 22:29:23Z" end-time="2019-04-14 22:29:23Z" duration="0.000796" asserts="2" />
      </test-suite>
      <test-suite type="TestFixture" id="0-1068" name="SpecExpr1" fullname="Kaitai.SpecExpr1" classname="Kaitai.SpecExpr1" runstate="Runnable" testcasecount="1" result="Passed" start-time="2019-04-14 22:29:23Z" end-time="2019-04-14 22:29:23Z" duration="0.005027" total="1" passed="1" failed="0" inconclusive="0" skipped="0" asserts="4">
        <test-case id="0-1069" name="TestExpr1" fullname="Kaitai.SpecExpr1.TestExpr1" methodname="TestExpr1" classname="Kaitai.SpecExpr1" runstate="Runnable" seed="1294336044" result="Passed" start-time="2019-04-14 22:29:23Z" end-time="2019-04-14 22:29:23Z" duration="0.001084" asserts="4" />
      </test-suite>
      <test-suite type="TestFixture" id="0-1070" name="SpecExpr2" fullname="Kaitai.SpecExpr2" classname="Kaitai.SpecExpr2" runstate="Runnable" testcasecount="1" result="Passed" start-time="2019-04-14 22:29:23Z" end-time="2019-04-14 22:29:23Z" duration="0.006996" total="1" passed="1" failed="0" inconclusive="0" skipped="0" asserts="17">
        <test-case id="0-1071" name="TestExpr2" fullname="Kaitai.SpecExpr2.TestExpr2" methodname="TestExpr2" classname="Kaitai.SpecExpr2" runstate="Runnable" seed="2004055359" result="Passed" start-time="2019-04-14 22:29:23Z" end-time="2019-04-14 22:29:23Z" duration="0.003950" asserts="17" />
      </test-suite>
      <test-suite type="TestFixture" id="0-1072" name="SpecExpr3" fullname="Kaitai.SpecExpr3" classname="Kaitai.SpecExpr3" runstate="Runnable" testcasecount="1" result="Passed" start-time="2019-04-14 22:29:23Z" end-time="2019-04-14 22:29:23Z" duration="0.006009" total="1" passed="1" failed="0" inconclusive="0" skipped="0" asserts="12">
        <test-case id="0-1073" name="TestExpr3" fullname="Kaitai.SpecExpr3.TestExpr3" methodname="TestExpr3" classname="Kaitai.SpecExpr3" runstate="Runnable" seed="1086005256" result="Passed" start-time="2019-04-14 22:29:23Z" end-time="2019-04-14 22:29:23Z" duration="0.002318" asserts="12" />
      </test-suite>
      <test-suite type="TestFixture" id="0-1074" name="SpecExprArray" fullname="Kaitai.SpecExprArray" classname="Kaitai.SpecExprArray" runstate="Runnable" testcasecount="1" result="Passed" start-time="2019-04-14 22:29:23Z" end-time="2019-04-14 22:29:23Z" duration="0.014009" total="1" passed="1" failed="0" inconclusive="0" skipped="0" asserts="15">
        <test-case id="0-1075" name="TestExprArray" fullname="Kaitai.SpecExprArray.TestExprArray" methodname="TestExprArray" classname="Kaitai.SpecExprArray" runstate="Runnable" seed="2094408904" result="Passed" start-time="2019-04-14 22:29:23Z" end-time="2019-04-14 22:29:23Z" duration="0.010074" asserts="15" />
      </test-suite>
      <test-suite type="TestFixture" id="0-1076" name="SpecExprBytesCmp" fullname="Kaitai.SpecExprBytesCmp" classname="Kaitai.SpecExprBytesCmp" runstate="Runnable" testcasecount="1" result="Passed" start-time="2019-04-14 22:29:23Z" end-time="2019-04-14 22:29:23Z" duration="0.006011" total="1" passed="1" failed="0" inconclusive="0" skipped="0" asserts="10">
        <test-case id="0-1077" name="TestExprBytesCmp" fullname="Kaitai.SpecExprBytesCmp.TestExprBytesCmp" methodname="TestExprBytesCmp" classname="Kaitai.SpecExprBytesCmp" runstate="Runnable" seed="154723117" result="Passed" start-time="2019-04-14 22:29:23Z" end-time="2019-04-14 22:29:23Z" duration="0.002429" asserts="10" />
      </test-suite>
      <test-suite type="TestFixture" id="0-1078" name="SpecExprEnum" fullname="Kaitai.SpecExprEnum" classname="Kaitai.SpecExprEnum" runstate="Runnable" testcasecount="1" result="Passed" start-time="2019-04-14 22:29:23Z" end-time="2019-04-14 22:29:23Z" duration="0.004121" total="1" passed="1" failed="0" inconclusive="0" skipped="0" asserts="3">
        <test-case id="0-1079" name="TestExprEnum" fullname="Kaitai.SpecExprEnum.TestExprEnum" methodname="TestExprEnum" classname="Kaitai.SpecExprEnum" runstate="Runnable" seed="901345398" result="Passed" start-time="2019-04-14 22:29:23Z" end-time="2019-04-14 22:29:23Z" duration="0.001043" asserts="3" />
      </test-suite>
      <test-suite type="TestFixture" id="0-1080" name="SpecExprIoEof" fullname="Kaitai.SpecExprIoEof" classname="Kaitai.SpecExprIoEof" runstate="Runnable" testcasecount="1" result="Passed" start-time="2019-04-14 22:29:23Z" end-time="2019-04-14 22:29:23Z" duration="0.005002" total="1" passed="1" failed="0" inconclusive="0" skipped="0" asserts="4">
        <test-case id="0-1081" name="TestExprIoEof" fullname="Kaitai.SpecExprIoEof.TestExprIoEof" methodname="TestExprIoEof" classname="Kaitai.SpecExprIoEof" runstate="Runnable" seed="1922952544" result="Passed" start-time="2019-04-14 22:29:23Z" end-time="2019-04-14 22:29:23Z" duration="0.001350" asserts="4" />
      </test-suite>
      <test-suite type="TestFixture" id="0-1082" name="SpecExprIoPos" fullname="Kaitai.SpecExprIoPos" classname="Kaitai.SpecExprIoPos" runstate="Runnable" testcasecount="1" result="Passed" start-time="2019-04-14 22:29:23Z" end-time="2019-04-14 22:29:23Z" duration="0.005010" total="1" passed="1" failed="0" inconclusive="0" skipped="0" asserts="6">
        <test-case id="0-1083" name="TestExprIoPos" fullname="Kaitai.SpecExprIoPos.TestExprIoPos" methodname="TestExprIoPos" classname="Kaitai.SpecExprIoPos" runstate="Runnable" seed="989550945" result="Passed" start-time="2019-04-14 22:29:23Z" end-time="2019-04-14 22:29:23Z" duration="0.001663" asserts="6" />
      </test-suite>
      <test-suite type="TestFixture" id="0-1084" name="SpecExprMod" fullname="Kaitai.SpecExprMod" classname="Kaitai.SpecExprMod" runstate="Runnable" testcasecount="1" result="Passed" start-time="2019-04-14 22:29:23Z" end-time="2019-04-14 22:29:23Z" duration="0.005014" total="1" passed="1" failed="0" inconclusive="0" skipped="0" asserts="6">
        <test-case id="0-1085" name="TestExprMod" fullname="Kaitai.SpecExprMod.TestExprMod" methodname="TestExprMod" classname="Kaitai.SpecExprMod" runstate="Runnable" seed="1029594026" result="Passed" start-time="2019-04-14 22:29:23Z" end-time="2019-04-14 22:29:23Z" duration="0.001764" asserts="6" />
      </test-suite>
      <test-suite type="TestFixture" id="0-1086" name="SpecFixedContents" fullname="Kaitai.SpecFixedContents" classname="Kaitai.SpecFixedContents" runstate="Runnable" testcasecount="1" result="Passed" start-time="2019-04-14 22:29:23Z" end-time="2019-04-14 22:29:23Z" duration="0.005009" total="1" passed="1" failed="0" inconclusive="0" skipped="0" asserts="0">
        <test-case id="0-1087" name="TestFixedContents" fullname="Kaitai.SpecFixedContents.TestFixedContents" methodname="TestFixedContents" classname="Kaitai.SpecFixedContents" runstate="Runnable" seed="1280262154" result="Passed" start-time="2019-04-14 22:29:23Z" end-time="2019-04-14 22:29:23Z" duration="0.001445" asserts="0" />
      </test-suite>
      <test-suite type="TestFixture" id="0-1088" name="SpecFixedStruct" fullname="Kaitai.SpecFixedStruct" classname="Kaitai.SpecFixedStruct" runstate="Runnable" testcasecount="1" result="Passed" start-time="2019-04-14 22:29:23Z" end-time="2019-04-14 22:29:23Z" duration="0.007969" total="1" passed="1" failed="0" inconclusive="0" skipped="0" asserts="20">
        <test-case id="0-1089" name="TestFixedStruct" fullname="Kaitai.SpecFixedStruct.TestFixedStruct" methodname="TestFixedStruct" classname="Kaitai.SpecFixedStruct" runstate="Runnable" seed="1919700274" result="Passed" start-time="2019-04-14 22:29:23Z" end-time="2019-04-14 22:29:23Z" duration="0.004897" asserts="20" />
      </test-suite>
      <test-suite type="TestFixture" id="0-1092" name="SpecFloatingPoints" fullname="Kaitai.SpecFloatingPoints" classname="Kaitai.SpecFloatingPoints" runstate="Runnable" testcasecount="1" result="Passed" start-time="2019-04-14 22:29:23Z" end-time="2019-04-14 22:29:23Z" duration="0.008010" total="1" passed="1" failed="0" inconclusive="0" skipped="0" asserts="8">
        <test-case id="0-1093" name="TestFloatingPoints" fullname="Kaitai.SpecFloatingPoints.TestFloatingPoints" methodname="TestFloatingPoints" classname="Kaitai.SpecFloatingPoints" runstate="Runnable" seed="1085874558" result="Passed" start-time="2019-04-14 22:29:23Z" end-time="2019-04-14 22:29:23Z" duration="0.004765" asserts="8" />
      </test-suite>
      <test-suite type="TestFixture" id="0-1090" name="SpecFloatToI" fullname="Kaitai.SpecFloatToI" classname="Kaitai.SpecFloatToI" runstate="Runnable" testcasecount="1" result="Passed" start-time="2019-04-14 22:29:23Z" end-time="2019-04-14 22:29:23Z" duration="0.005010" total="1" passed="1" failed="0" inconclusive="0" skipped="0" asserts="8">
        <test-case id="0-1091" name="TestFloatToI" fullname="Kaitai.SpecFloatToI.TestFloatToI" methodname="TestFloatToI" classname="Kaitai.SpecFloatToI" runstate="Runnable" seed="1190731089" result="Passed" start-time="2019-04-14 22:29:23Z" end-time="2019-04-14 22:29:23Z" duration="0.001863" asserts="8" />
      </test-suite>
      <test-suite type="TestFixture" id="0-1094" name="SpecHelloWorld" fullname="Kaitai.SpecHelloWorld" classname="Kaitai.SpecHelloWorld" runstate="Runnable" testcasecount="1" result="Passed" start-time="2019-04-14 22:29:23Z" end-time="2019-04-14 22:29:24Z" duration="0.004010" total="1" passed="1" failed="0" inconclusive="0" skipped="0" asserts="1">
        <test-case id="0-1095" name="TestHelloWorld" fullname="Kaitai.SpecHelloWorld.TestHelloWorld" methodname="TestHelloWorld" classname="Kaitai.SpecHelloWorld" runstate="Runnable" seed="2017637109" result="Passed" start-time="2019-04-14 22:29:24Z" end-time="2019-04-14 22:29:24Z" duration="0.000368" asserts="1" />
      </test-suite>
      <test-suite type="TestFixture" id="0-1096" name="SpecIfInstances" fullname="Kaitai.SpecIfInstances" classname="Kaitai.SpecIfInstances" runstate="Runnable" testcasecount="1" result="Passed" start-time="2019-04-14 22:29:24Z" end-time="2019-04-14 22:29:24Z" duration="0.005029" total="1" passed="1" failed="0" inconclusive="0" skipped="0" asserts="1">
        <test-case id="0-1097" name="TestIfInstances" fullname="Kaitai.SpecIfInstances.TestIfInstances" methodname="TestIfInstances" classname="Kaitai.SpecIfInstances" runstate="Runnable" seed="1657178148" result="Passed" start-time="2019-04-14 22:29:24Z" end-time="2019-04-14 22:29:24Z" duration="0.001203" asserts="1" />
      </test-suite>
      <test-suite type="TestFixture" id="0-1098" name="SpecIfStruct" fullname="Kaitai.SpecIfStruct" classname="Kaitai.SpecIfStruct" runstate="Runnable" testcasecount="1" result="Passed" start-time="2019-04-14 22:29:24Z" end-time="2019-04-14 22:29:24Z" duration="0.006028" total="1" passed="1" failed="0" inconclusive="0" skipped="0" asserts="7">
        <test-case id="0-1099" name="TestIfStruct" fullname="Kaitai.SpecIfStruct.TestIfStruct" methodname="TestIfStruct" classname="Kaitai.SpecIfStruct" runstate="Runnable" seed="609024316" result="Passed" start-time="2019-04-14 22:29:24Z" end-time="2019-04-14 22:29:24Z" duration="0.002150" asserts="7" />
      </test-suite>
      <test-suite type="TestFixture" id="0-1100" name="SpecIfValues" fullname="Kaitai.SpecIfValues" classname="Kaitai.SpecIfValues" runstate="Runnable" testcasecount="1" result="Passed" start-time="2019-04-14 22:29:24Z" end-time="2019-04-14 22:29:24Z" duration="0.005015" total="1" passed="1" failed="0" inconclusive="0" skipped="0" asserts="6">
        <test-case id="0-1101" name="TestIfValues" fullname="Kaitai.SpecIfValues.TestIfValues" methodname="TestIfValues" classname="Kaitai.SpecIfValues" runstate="Runnable" seed="1459149796" result="Passed" start-time="2019-04-14 22:29:24Z" end-time="2019-04-14 22:29:24Z" duration="0.001501" asserts="6" />
      </test-suite>
      <test-suite type="TestFixture" id="0-1102" name="SpecImports0" fullname="Kaitai.SpecImports0" classname="Kaitai.SpecImports0" runstate="Runnable" testcasecount="1" result="Passed" start-time="2019-04-14 22:29:24Z" end-time="2019-04-14 22:29:24Z" duration="0.003985" total="1" passed="1" failed="0" inconclusive="0" skipped="0" asserts="3">
        <test-case id="0-1103" name="TestImports0" fullname="Kaitai.SpecImports0.TestImports0" methodname="TestImports0" classname="Kaitai.SpecImports0" runstate="Runnable" seed="2109891198" result="Passed" start-time="2019-04-14 22:29:24Z" end-time="2019-04-14 22:29:24Z" duration="0.000888" asserts="3" />
      </test-suite>
      <test-suite type="TestFixture" id="0-1104" name="SpecImportsAbs" fullname="Kaitai.SpecImportsAbs" classname="Kaitai.SpecImportsAbs" runstate="Runnable" testcasecount="1" result="Passed" start-time="2019-04-14 22:29:24Z" end-time="2019-04-14 22:29:24Z" duration="0.006041" total="1" passed="1" failed="0" inconclusive="0" skipped="0" asserts="2">
        <test-case id="0-1105" name="TestImportsAbs" fullname="Kaitai.SpecImportsAbs.TestImportsAbs" methodname="TestImportsAbs" classname="Kaitai.SpecImportsAbs" runstate="Runnable" seed="512469806" result="Passed" start-time="2019-04-14 22:29:24Z" end-time="2019-04-14 22:29:24Z" duration="0.002404" asserts="2" />
      </test-suite>
      <test-suite type="TestFixture" id="0-1106" name="SpecImportsCircularA" fullname="Kaitai.SpecImportsCircularA" classname="Kaitai.SpecImportsCircularA" runstate="Runnable" testcasecount="1" result="Passed" start-time="2019-04-14 22:29:24Z" end-time="2019-04-14 22:29:24Z" duration="0.005012" total="1" passed="1" failed="0" inconclusive="0" skipped="0" asserts="5">
        <test-case id="0-1107" name="TestImportsCircularA" fullname="Kaitai.SpecImportsCircularA.TestImportsCircularA" methodname="TestImportsCircularA" classname="Kaitai.SpecImportsCircularA" runstate="Runnable" seed="593779054" result="Passed" start-time="2019-04-14 22:29:24Z" end-time="2019-04-14 22:29:24Z" duration="0.001246" asserts="5" />
      </test-suite>
      <test-suite type="TestFixture" id="0-1108" name="SpecIndexSizes" fullname="Kaitai.SpecIndexSizes" classname="Kaitai.SpecIndexSizes" runstate="Runnable" testcasecount="1" result="Passed" start-time="2019-04-14 22:29:24Z" end-time="2019-04-14 22:29:24Z" duration="0.005010" total="1" passed="1" failed="0" inconclusive="0" skipped="0" asserts="7">
        <test-case id="0-1109" name="TestIndexSizes" fullname="Kaitai.SpecIndexSizes.TestIndexSizes" methodname="TestIndexSizes" classname="Kaitai.SpecIndexSizes" runstate="Runnable" seed="1030103033" result="Passed" start-time="2019-04-14 22:29:24Z" end-time="2019-04-14 22:29:24Z" duration="0.001436" asserts="7" />
      </test-suite>
      <test-suite type="TestFixture" id="0-1110" name="SpecIndexToParamEos" fullname="Kaitai.SpecIndexToParamEos" classname="Kaitai.SpecIndexToParamEos" runstate="Runnable" testcasecount="1" result="Passed" start-time="2019-04-14 22:29:24Z" end-time="2019-04-14 22:29:24Z" duration="0.004950" total="1" passed="1" failed="0" inconclusive="0" skipped="0" asserts="7">
        <test-case id="0-1111" name="TestIndexToParamEos" fullname="Kaitai.SpecIndexToParamEos.TestIndexToParamEos" methodname="TestIndexToParamEos" classname="Kaitai.SpecIndexToParamEos" runstate="Runnable" seed="1799348157" result="Passed" start-time="2019-04-14 22:29:24Z" end-time="2019-04-14 22:29:24Z" duration="0.001827" asserts="7" />
      </test-suite>
      <test-suite type="TestFixture" id="0-1112" name="SpecIndexToParamExpr" fullname="Kaitai.SpecIndexToParamExpr" classname="Kaitai.SpecIndexToParamExpr" runstate="Runnable" testcasecount="1" result="Passed" start-time="2019-04-14 22:29:24Z" end-time="2019-04-14 22:29:24Z" duration="0.004948" total="1" passed="1" failed="0" inconclusive="0" skipped="0" asserts="7">
        <test-case id="0-1113" name="TestIndexToParamExpr" fullname="Kaitai.SpecIndexToParamExpr.TestIndexToParamExpr" methodname="TestIndexToParamExpr" classname="Kaitai.SpecIndexToParamExpr" runstate="Runnable" seed="1298960527" result="Passed" start-time="2019-04-14 22:29:24Z" end-time="2019-04-14 22:29:24Z" duration="0.001829" asserts="7" />
      </test-suite>
      <test-suite type="TestFixture" id="0-1114" name="SpecIndexToParamUntil" fullname="Kaitai.SpecIndexToParamUntil" classname="Kaitai.SpecIndexToParamUntil" runstate="Runnable" testcasecount="1" result="Passed" start-time="2019-04-14 22:29:24Z" end-time="2019-04-14 22:29:24Z" duration="0.004986" total="1" passed="1" failed="0" inconclusive="0" skipped="0" asserts="7">
        <test-case id="0-1115" name="TestIndexToParamUntil" fullname="Kaitai.SpecIndexToParamUntil.TestIndexToParamUntil" methodname="TestIndexToParamUntil" classname="Kaitai.SpecIndexToParamUntil" runstate="Runnable" seed="1662822258" result="Passed" start-time="2019-04-14 22:29:24Z" end-time="2019-04-14 22:29:24Z" duration="0.001871" asserts="7" />
      </test-suite>
      <test-suite type="TestFixture" id="0-1116" name="SpecInstanceIoUser" fullname="Kaitai.SpecInstanceIoUser" classname="Kaitai.SpecInstanceIoUser" runstate="Runnable" testcasecount="1" result="Passed" start-time="2019-04-14 22:29:24Z" end-time="2019-04-14 22:29:24Z" duration="0.006022" total="1" passed="1" failed="0" inconclusive="0" skipped="0" asserts="4">
        <test-case id="0-1117" name="TestInstanceIoUser" fullname="Kaitai.SpecInstanceIoUser.TestInstanceIoUser" methodname="TestInstanceIoUser" classname="Kaitai.SpecInstanceIoUser" runstate="Runnable" seed="275332297" result="Passed" start-time="2019-04-14 22:29:24Z" end-time="2019-04-14 22:29:24Z" duration="0.002638" asserts="4" />
      </test-suite>
      <test-suite type="TestFixture" id="0-1118" name="SpecInstanceStd" fullname="Kaitai.SpecInstanceStd" classname="Kaitai.SpecInstanceStd" runstate="Runnable" testcasecount="1" result="Passed" start-time="2019-04-14 22:29:24Z" end-time="2019-04-14 22:29:24Z" duration="0.004043" total="1" passed="1" failed="0" inconclusive="0" skipped="0" asserts="1">
        <test-case id="0-1119" name="TestInstanceStd" fullname="Kaitai.SpecInstanceStd.TestInstanceStd" methodname="TestInstanceStd" classname="Kaitai.SpecInstanceStd" runstate="Runnable" seed="393036331" result="Passed" start-time="2019-04-14 22:29:24Z" end-time="2019-04-14 22:29:24Z" duration="0.000722" asserts="1" />
      </test-suite>
      <test-suite type="TestFixture" id="0-1120" name="SpecInstanceStdArray" fullname="Kaitai.SpecInstanceStdArray" classname="Kaitai.SpecInstanceStdArray" runstate="Runnable" testcasecount="1" result="Passed" start-time="2019-04-14 22:29:24Z" end-time="2019-04-14 22:29:24Z" duration="0.005285" total="1" passed="1" failed="0" inconclusive="0" skipped="0" asserts="7">
        <test-case id="0-1121" name="TestInstanceStdArray" fullname="Kaitai.SpecInstanceStdArray.TestInstanceStdArray" methodname="TestInstanceStdArray" classname="Kaitai.SpecInstanceStdArray" runstate="Runnable" seed="867609977" result="Passed" start-time="2019-04-14 22:29:24Z" end-time="2019-04-14 22:29:24Z" duration="0.001575" asserts="7" />
      </test-suite>
      <test-suite type="TestFixture" id="0-1122" name="SpecInstanceUserArray" fullname="Kaitai.SpecInstanceUserArray" classname="Kaitai.SpecInstanceUserArray" runstate="Runnable" testcasecount="1" result="Passed" start-time="2019-04-14 22:29:24Z" end-time="2019-04-14 22:29:24Z" duration="0.006014" total="1" passed="1" failed="0" inconclusive="0" skipped="0" asserts="10">
        <test-case id="0-1123" name="TestInstanceUserArray" fullname="Kaitai.SpecInstanceUserArray.TestInstanceUserArray" methodname="TestInstanceUserArray" classname="Kaitai.SpecInstanceUserArray" runstate="Runnable" seed="1723064870" result="Passed" start-time="2019-04-14 22:29:24Z" end-time="2019-04-14 22:29:24Z" duration="0.002588" asserts="10" />
      </test-suite>
      <test-suite type="TestFixture" id="0-1124" name="SpecIntegers" fullname="Kaitai.SpecIntegers" classname="Kaitai.SpecIntegers" runstate="Runnable" testcasecount="1" result="Passed" start-time="2019-04-14 22:29:24Z" end-time="2019-04-14 22:29:24Z" duration="0.006090" total="1" passed="1" failed="0" inconclusive="0" skipped="0" asserts="20">
        <test-case id="0-1125" name="TestIntegers" fullname="Kaitai.SpecIntegers.TestIntegers" methodname="TestIntegers" classname="Kaitai.SpecIntegers" runstate="Runnable" seed="952095755" result="Passed" start-time="2019-04-14 22:29:24Z" end-time="2019-04-14 22:29:24Z" duration="0.002867" asserts="20" />
      </test-suite>
      <test-suite type="TestFixture" id="0-1126" name="SpecIoLocalVar" fullname="Kaitai.SpecIoLocalVar" classname="Kaitai.SpecIoLocalVar" runstate="Runnable" testcasecount="1" result="Passed" start-time="2019-04-14 22:29:24Z" end-time="2019-04-14 22:29:24Z" duration="0.005007" total="1" passed="1" failed="0" inconclusive="0" skipped="0" asserts="2">
        <test-case id="0-1127" name="TestIoLocalVar" fullname="Kaitai.SpecIoLocalVar.TestIoLocalVar" methodname="TestIoLocalVar" classname="Kaitai.SpecIoLocalVar" runstate="Runnable" seed="680408740" result="Passed" start-time="2019-04-14 22:29:24Z" end-time="2019-04-14 22:29:24Z" duration="0.001688" asserts="2" />
      </test-suite>
      <test-suite type="TestFixture" id="0-1128" name="SpecJsSignedRightShift" fullname="Kaitai.SpecJsSignedRightShift" classname="Kaitai.SpecJsSignedRightShift" runstate="Runnable" testcasecount="1" result="Passed" start-time="2019-04-14 22:29:24Z" end-time="2019-04-14 22:29:24Z" duration="0.003947" total="1" passed="1" failed="0" inconclusive="0" skipped="0" asserts="2">
        <test-case id="0-1129" name="TestJsSignedRightShift" fullname="Kaitai.SpecJsSignedRightShift.TestJsSignedRightShift" methodname="TestJsSignedRightShift" classname="Kaitai.SpecJsSignedRightShift" runstate="Runnable" seed="1942839139" result="Passed" start-time="2019-04-14 22:29:24Z" end-time="2019-04-14 22:29:24Z" duration="0.000703" asserts="2" />
      </test-suite>
      <test-suite type="TestFixture" id="0-1130" name="SpecMetaXref" fullname="Kaitai.SpecMetaXref" classname="Kaitai.SpecMetaXref" runstate="Runnable" testcasecount="1" result="Passed" start-time="2019-04-14 22:29:24Z" end-time="2019-04-14 22:29:24Z" duration="0.004007" total="1" passed="1" failed="0" inconclusive="0" skipped="0" asserts="0">
        <test-case id="0-1131" name="TestMetaXref" fullname="Kaitai.SpecMetaXref.TestMetaXref" methodname="TestMetaXref" classname="Kaitai.SpecMetaXref" runstate="Runnable" seed="89654677" result="Passed" start-time="2019-04-14 22:29:24Z" end-time="2019-04-14 22:29:24Z" duration="0.000485" asserts="0" />
      </test-suite>
      <test-suite type="TestFixture" id="0-1132" name="SpecMultipleUse" fullname="Kaitai.SpecMultipleUse" classname="Kaitai.SpecMultipleUse" runstate="Runnable" testcasecount="1" result="Passed" start-time="2019-04-14 22:29:24Z" end-time="2019-04-14 22:29:24Z" duration="0.005009" total="1" passed="1" failed="0" inconclusive="0" skipped="0" asserts="2">
        <test-case id="0-1133" name="TestMultipleUse" fullname="Kaitai.SpecMultipleUse.TestMultipleUse" methodname="TestMultipleUse" classname="Kaitai.SpecMultipleUse" runstate="Runnable" seed="1243496587" result="Passed" start-time="2019-04-14 22:29:24Z" end-time="2019-04-14 22:29:24Z" duration="0.001872" asserts="2" />
      </test-suite>
      <test-suite type="TestFixture" id="0-1134" name="SpecNavParent" fullname="Kaitai.SpecNavParent" classname="Kaitai.SpecNavParent" runstate="Runnable" testcasecount="1" result="Passed" start-time="2019-04-14 22:29:24Z" end-time="2019-04-14 22:29:24Z" duration="0.006030" total="1" passed="1" failed="0" inconclusive="0" skipped="0" asserts="5">
        <test-case id="0-1135" name="TestNavParent" fullname="Kaitai.SpecNavParent.TestNavParent" methodname="TestNavParent" classname="Kaitai.SpecNavParent" runstate="Runnable" seed="1412770799" result="Passed" start-time="2019-04-14 22:29:24Z" end-time="2019-04-14 22:29:24Z" duration="0.002171" asserts="5" />
      </test-suite>
      <test-suite type="TestFixture" id="0-1136" name="SpecNavParent2" fullname="Kaitai.SpecNavParent2" classname="Kaitai.SpecNavParent2" runstate="Runnable" testcasecount="1" result="Passed" start-time="2019-04-14 22:29:24Z" end-time="2019-04-14 22:29:24Z" duration="0.006011" total="1" passed="1" failed="0" inconclusive="0" skipped="0" asserts="10">
        <test-case id="0-1137" name="TestNavParent2" fullname="Kaitai.SpecNavParent2.TestNavParent2" methodname="TestNavParent2" classname="Kaitai.SpecNavParent2" runstate="Runnable" seed="824070789" result="Passed" start-time="2019-04-14 22:29:24Z" end-time="2019-04-14 22:29:24Z" duration="0.002573" asserts="10" />
      </test-suite>
      <test-suite type="TestFixture" id="0-1138" name="SpecNavParent3" fullname="Kaitai.SpecNavParent3" classname="Kaitai.SpecNavParent3" runstate="Runnable" testcasecount="1" result="Passed" start-time="2019-04-14 22:29:24Z" end-time="2019-04-14 22:29:24Z" duration="0.006031" total="1" passed="1" failed="0" inconclusive="0" skipped="0" asserts="10">
        <test-case id="0-1139" name="TestNavParent3" fullname="Kaitai.SpecNavParent3.TestNavParent3" methodname="TestNavParent3" classname="Kaitai.SpecNavParent3" runstate="Runnable" seed="48632148" result="Passed" start-time="2019-04-14 22:29:24Z" end-time="2019-04-14 22:29:24Z" duration="0.002669" asserts="10" />
      </test-suite>
      <test-suite type="TestFixture" id="0-1140" name="SpecNavParentFalse" fullname="Kaitai.SpecNavParentFalse" classname="Kaitai.SpecNavParentFalse" runstate="Runnable" testcasecount="1" result="Passed" start-time="2019-04-14 22:29:24Z" end-time="2019-04-14 22:29:24Z" duration="0.007016" total="1" passed="1" failed="0" inconclusive="0" skipped="0" asserts="5">
        <test-case id="0-1141" name="TestNavParentFalse" fullname="Kaitai.SpecNavParentFalse.TestNavParentFalse" methodname="TestNavParentFalse" classname="Kaitai.SpecNavParentFalse" runstate="Runnable" seed="1571240853" result="Passed" start-time="2019-04-14 22:29:24Z" end-time="2019-04-14 22:29:24Z" duration="0.003100" asserts="5" />
      </test-suite>
      <test-suite type="TestFixture" id="0-1142" name="SpecNavParentFalse2" fullname="Kaitai.SpecNavParentFalse2" classname="Kaitai.SpecNavParentFalse2" runstate="Runnable" testcasecount="1" result="Passed" start-time="2019-04-14 22:29:24Z" end-time="2019-04-14 22:29:24Z" duration="0.005019" total="1" passed="1" failed="0" inconclusive="0" skipped="0" asserts="1">
        <test-case id="0-1143" name="TestNavParentFalse2" fullname="Kaitai.SpecNavParentFalse2.TestNavParentFalse2" methodname="TestNavParentFalse2" classname="Kaitai.SpecNavParentFalse2" runstate="Runnable" seed="511790693" result="Passed" start-time="2019-04-14 22:29:24Z" end-time="2019-04-14 22:29:24Z" duration="0.001238" asserts="1" />
      </test-suite>
      <test-suite type="TestFixture" id="0-1144" name="SpecNavParentOverride" fullname="Kaitai.SpecNavParentOverride" classname="Kaitai.SpecNavParentOverride" runstate="Runnable" testcasecount="1" result="Passed" start-time="2019-04-14 22:29:24Z" end-time="2019-04-14 22:29:24Z" duration="0.006009" total="1" passed="1" failed="0" inconclusive="0" skipped="0" asserts="3">
        <test-case id="0-1145" name="TestNavParentOverride" fullname="Kaitai.SpecNavParentOverride.TestNavParentOverride" methodname="TestNavParentOverride" classname="Kaitai.SpecNavParentOverride" runstate="Runnable" seed="1685007583" result="Passed" start-time="2019-04-14 22:29:24Z" end-time="2019-04-14 22:29:24Z" duration="0.002465" asserts="3" />
      </test-suite>
      <test-suite type="TestFixture" id="0-1146" name="SpecNavParentSwitch" fullname="Kaitai.SpecNavParentSwitch" classname="Kaitai.SpecNavParentSwitch" runstate="Runnable" testcasecount="1" result="Passed" start-time="2019-04-14 22:29:24Z" end-time="2019-04-14 22:29:24Z" duration="0.005380" total="1" passed="1" failed="0" inconclusive="0" skipped="0" asserts="3">
        <test-case id="0-1147" name="TestNavParentSwitch" fullname="Kaitai.SpecNavParentSwitch.TestNavParentSwitch" methodname="TestNavParentSwitch" classname="Kaitai.SpecNavParentSwitch" runstate="Runnable" seed="38671386" result="Passed" start-time="2019-04-14 22:29:24Z" end-time="2019-04-14 22:29:24Z" duration="0.002204" asserts="3" />
      </test-suite>
      <test-suite type="TestFixture" id="0-1148" name="SpecNavParentVsValueInst" fullname="Kaitai.SpecNavParentVsValueInst" classname="Kaitai.SpecNavParentVsValueInst" runstate="Runnable" testcasecount="1" result="Passed" start-time="2019-04-14 22:29:24Z" end-time="2019-04-14 22:29:24Z" duration="0.003967" total="1" passed="1" failed="0" inconclusive="0" skipped="0" asserts="1">
        <test-case id="0-1149" name="TestNavParentVsValueInst" fullname="Kaitai.SpecNavParentVsValueInst.TestNavParentVsValueInst" methodname="TestNavParentVsValueInst" classname="Kaitai.SpecNavParentVsValueInst" runstate="Runnable" seed="145962129" result="Passed" start-time="2019-04-14 22:29:24Z" end-time="2019-04-14 22:29:24Z" duration="0.000829" asserts="1" />
      </test-suite>
      <test-suite type="TestFixture" id="0-1150" name="SpecNavRoot" fullname="Kaitai.SpecNavRoot" classname="Kaitai.SpecNavRoot" runstate="Runnable" testcasecount="1" result="Passed" start-time="2019-04-14 22:29:24Z" end-time="2019-04-14 22:29:24Z" duration="0.005768" total="1" passed="1" failed="0" inconclusive="0" skipped="0" asserts="5">
        <test-case id="0-1151" name="TestNavRoot" fullname="Kaitai.SpecNavRoot.TestNavRoot" methodname="TestNavRoot" classname="Kaitai.SpecNavRoot" runstate="Runnable" seed="453172539" result="Passed" start-time="2019-04-14 22:29:24Z" end-time="2019-04-14 22:29:24Z" duration="0.002061" asserts="5" />
      </test-suite>
      <test-suite type="TestFixture" id="0-1152" name="SpecNestedSameName" fullname="Kaitai.SpecNestedSameName" classname="Kaitai.SpecNestedSameName" runstate="Runnable" testcasecount="1" result="Passed" start-time="2019-04-14 22:29:24Z" end-time="2019-04-14 22:29:24Z" duration="0.005014" total="1" passed="1" failed="0" inconclusive="0" skipped="0" asserts="2">
        <test-case id="0-1153" name="TestNestedSameName" fullname="Kaitai.SpecNestedSameName.TestNestedSameName" methodname="TestNestedSameName" classname="Kaitai.SpecNestedSameName" runstate="Runnable" seed="1105958157" result="Passed" start-time="2019-04-14 22:29:24Z" end-time="2019-04-14 22:29:24Z" duration="0.001383" asserts="2" />
      </test-suite>
      <test-suite type="TestFixture" id="0-1154" name="SpecNestedSameName2" fullname="Kaitai.SpecNestedSameName2" classname="Kaitai.SpecNestedSameName2" runstate="Runnable" testcasecount="1" result="Passed" start-time="2019-04-14 22:29:24Z" end-time="2019-04-14 22:29:24Z" duration="0.006062" total="1" passed="1" failed="0" inconclusive="0" skipped="0" asserts="5">
        <test-case id="0-1155" name="TestNestedSameName2" fullname="Kaitai.SpecNestedSameName2.TestNestedSameName2" methodname="TestNestedSameName2" classname="Kaitai.SpecNestedSameName2" runstate="Runnable" seed="200134892" result="Passed" start-time="2019-04-14 22:29:24Z" end-time="2019-04-14 22:29:24Z" duration="0.002045" asserts="5" />
      </test-suite>
      <test-suite type="TestFixture" id="0-1156" name="SpecNestedTypes" fullname="Kaitai.SpecNestedTypes" classname="Kaitai.SpecNestedTypes" runstate="Runnable" testcasecount="1" result="Passed" start-time="2019-04-14 22:29:24Z" end-time="2019-04-14 22:29:24Z" duration="0.005015" total="1" passed="1" failed="0" inconclusive="0" skipped="0" asserts="3">
        <test-case id="0-1157" name="TestNestedTypes" fullname="Kaitai.SpecNestedTypes.TestNestedTypes" methodname="TestNestedTypes" classname="Kaitai.SpecNestedTypes" runstate="Runnable" seed="1552977206" result="Passed" start-time="2019-04-14 22:29:24Z" end-time="2019-04-14 22:29:24Z" duration="0.001449" asserts="3" />
      </test-suite>
      <test-suite type="TestFixture" id="0-1158" name="SpecNestedTypes2" fullname="Kaitai.SpecNestedTypes2" classname="Kaitai.SpecNestedTypes2" runstate="Runnable" testcasecount="1" result="Passed" start-time="2019-04-14 22:29:24Z" end-time="2019-04-14 22:29:24Z" duration="0.006003" total="1" passed="1" failed="0" inconclusive="0" skipped="0" asserts="7">
        <test-case id="0-1159" name="TestNestedTypes2" fullname="Kaitai.SpecNestedTypes2.TestNestedTypes2" methodname="TestNestedTypes2" classname="Kaitai.SpecNestedTypes2" runstate="Runnable" seed="850477112" result="Passed" start-time="2019-04-14 22:29:24Z" end-time="2019-04-14 22:29:24Z" duration="0.002591" asserts="7" />
      </test-suite>
      <test-suite type="TestFixture" id="0-1160" name="SpecNestedTypes3" fullname="Kaitai.SpecNestedTypes3" classname="Kaitai.SpecNestedTypes3" runstate="Runnable" testcasecount="1" result="Passed" start-time="2019-04-14 22:29:24Z" end-time="2019-04-14 22:29:24Z" duration="0.005010" total="1" passed="1" failed="0" inconclusive="0" skipped="0" asserts="5">
        <test-case id="0-1161" name="TestNestedTypes3" fullname="Kaitai.SpecNestedTypes3.TestNestedTypes3" methodname="TestNestedTypes3" classname="Kaitai.SpecNestedTypes3" runstate="Runnable" seed="1237508254" result="Passed" start-time="2019-04-14 22:29:24Z" end-time="2019-04-14 22:29:24Z" duration="0.001807" asserts="5" />
      </test-suite>
      <test-suite type="TestFixture" id="0-1162" name="SpecNonStandard" fullname="Kaitai.SpecNonStandard" classname="Kaitai.SpecNonStandard" runstate="Runnable" testcasecount="1" result="Passed" start-time="2019-04-14 22:29:24Z" end-time="2019-04-14 22:29:24Z" duration="0.003718" total="1" passed="1" failed="0" inconclusive="0" skipped="0" asserts="1">
        <test-case id="0-1163" name="TestNonStandard" fullname="Kaitai.SpecNonStandard.TestNonStandard" methodname="TestNonStandard" classname="Kaitai.SpecNonStandard" runstate="Runnable" seed="946696261" result="Passed" start-time="2019-04-14 22:29:24Z" end-time="2019-04-14 22:29:24Z" duration="0.000638" asserts="1" />
      </test-suite>
      <test-suite type="TestFixture" id="0-1164" name="SpecOpaqueExternalType" fullname="Kaitai.SpecOpaqueExternalType" classname="Kaitai.SpecOpaqueExternalType" runstate="Runnable" testcasecount="1" result="Passed" start-time="2019-04-14 22:29:24Z" end-time="2019-04-14 22:29:24Z" duration="0.005013" total="1" passed="1" failed="0" inconclusive="0" skipped="0" asserts="3">
        <test-case id="0-1165" name="TestOpaqueExternalType" fullname="Kaitai.SpecOpaqueExternalType.TestOpaqueExternalType" methodname="TestOpaqueExternalType" classname="Kaitai.SpecOpaqueExternalType" runstate="Runnable" seed="2111606461" result="Passed" start-time="2019-04-14 22:29:24Z" end-time="2019-04-14 22:29:24Z" duration="0.001245" asserts="3" />
      </test-suite>
      <test-suite type="TestFixture" id="0-1166" name="SpecOpaqueExternalType02Parent" fullname="Kaitai.SpecOpaqueExternalType02Parent" classname="Kaitai.SpecOpaqueExternalType02Parent" runstate="Runnable" testcasecount="1" result="Passed" start-time="2019-04-14 22:29:24Z" end-time="2019-04-14 22:29:24Z" duration="0.005012" total="1" passed="1" failed="0" inconclusive="0" skipped="0" asserts="3">
        <test-case id="0-1167" name="TestOpaqueExternalType02Parent" fullname="Kaitai.SpecOpaqueExternalType02Parent.TestOpaqueExternalType02Parent" methodname="TestOpaqueExternalType02Parent" classname="Kaitai.SpecOpaqueExternalType02Parent" runstate="Runnable" seed="1971112626" result="Passed" start-time="2019-04-14 22:29:24Z" end-time="2019-04-14 22:29:24Z" duration="0.001829" asserts="3" />
      </test-suite>
      <test-suite type="TestFixture" id="0-1168" name="SpecOpaqueWithParam" fullname="Kaitai.SpecOpaqueWithParam" classname="Kaitai.SpecOpaqueWithParam" runstate="Runnable" testcasecount="1" result="Passed" start-time="2019-04-14 22:29:24Z" end-time="2019-04-14 22:29:24Z" duration="0.005024" total="1" passed="1" failed="0" inconclusive="0" skipped="0" asserts="2">
        <test-case id="0-1169" name="TestOpaqueWithParam" fullname="Kaitai.SpecOpaqueWithParam.TestOpaqueWithParam" methodname="TestOpaqueWithParam" classname="Kaitai.SpecOpaqueWithParam" runstate="Runnable" seed="1948053956" result="Passed" start-time="2019-04-14 22:29:24Z" end-time="2019-04-14 22:29:24Z" duration="0.001224" asserts="2" />
      </test-suite>
      <test-suite type="TestFixture" id="0-1170" name="SpecOptionalId" fullname="Kaitai.SpecOptionalId" classname="Kaitai.SpecOptionalId" runstate="Runnable" testcasecount="1" result="Passed" start-time="2019-04-14 22:29:24Z" end-time="2019-04-14 22:29:24Z" duration="0.004008" total="1" passed="1" failed="0" inconclusive="0" skipped="0" asserts="3">
        <test-case id="0-1171" name="TestOptionalId" fullname="Kaitai.SpecOptionalId.TestOptionalId" methodname="TestOptionalId" classname="Kaitai.SpecOptionalId" runstate="Runnable" seed="1199663259" result="Passed" start-time="2019-04-14 22:29:24Z" end-time="2019-04-14 22:29:24Z" duration="0.000953" asserts="3" />
      </test-suite>
      <test-suite type="TestFixture" id="0-1172" name="SpecParamsCallShort" fullname="Kaitai.SpecParamsCallShort" classname="Kaitai.SpecParamsCallShort" runstate="Runnable" testcasecount="1" result="Passed" start-time="2019-04-14 22:29:24Z" end-time="2019-04-14 22:29:24Z" duration="0.005028" total="1" passed="1" failed="0" inconclusive="0" skipped="0" asserts="3">
        <test-case id="0-1173" name="TestParamsCallShort" fullname="Kaitai.SpecParamsCallShort.TestParamsCallShort" methodname="TestParamsCallShort" classname="Kaitai.SpecParamsCallShort" runstate="Runnable" seed="1215271276" result="Passed" start-time="2019-04-14 22:29:24Z" end-time="2019-04-14 22:29:24Z" duration="0.001647" asserts="3" />
      </test-suite>
      <test-suite type="TestFixture" id="0-1174" name="SpecParamsDef" fullname="Kaitai.SpecParamsDef" classname="Kaitai.SpecParamsDef" runstate="Runnable" testcasecount="1" result="Passed" start-time="2019-04-14 22:29:24Z" end-time="2019-04-14 22:29:24Z" duration="0.004011" total="1" passed="1" failed="0" inconclusive="0" skipped="0" asserts="2">
        <test-case id="0-1175" name="TestParamsDef" fullname="Kaitai.SpecParamsDef.TestParamsDef" methodname="TestParamsDef" classname="Kaitai.SpecParamsDef" runstate="Runnable" seed="1995900333" result="Passed" start-time="2019-04-14 22:29:24Z" end-time="2019-04-14 22:29:24Z" duration="0.000380" asserts="2" />
      </test-suite>
      <test-suite type="TestFixture" id="0-1176" name="SpecParamsEnum" fullname="Kaitai.SpecParamsEnum" classname="Kaitai.SpecParamsEnum" runstate="Runnable" testcasecount="1" result="Passed" start-time="2019-04-14 22:29:24Z" end-time="2019-04-14 22:29:24Z" duration="0.005009" total="1" passed="1" failed="0" inconclusive="0" skipped="0" asserts="2">
        <test-case id="0-1177" name="TestParamsEnum" fullname="Kaitai.SpecParamsEnum.TestParamsEnum" methodname="TestParamsEnum" classname="Kaitai.SpecParamsEnum" runstate="Runnable" seed="1684297257" result="Passed" start-time="2019-04-14 22:29:24Z" end-time="2019-04-14 22:29:24Z" duration="0.001130" asserts="2" />
      </test-suite>
      <test-suite type="TestFixture" id="0-1178" name="SpecParamsPassUsertype" fullname="Kaitai.SpecParamsPassUsertype" classname="Kaitai.SpecParamsPassUsertype" runstate="Runnable" testcasecount="1" result="Passed" start-time="2019-04-14 22:29:24Z" end-time="2019-04-14 22:29:24Z" duration="0.005010" total="1" passed="1" failed="0" inconclusive="0" skipped="0" asserts="2">
        <test-case id="0-1179" name="TestParamsPassUsertype" fullname="Kaitai.SpecParamsPassUsertype.TestParamsPassUsertype" methodname="TestParamsPassUsertype" classname="Kaitai.SpecParamsPassUsertype" runstate="Runnable" seed="1727711298" result="Passed" start-time="2019-04-14 22:29:24Z" end-time="2019-04-14 22:29:24Z" duration="0.001282" asserts="2" />
      </test-suite>
      <test-suite type="TestFixture" id="0-1180" name="SpecPositionAbs" fullname="Kaitai.SpecPositionAbs" classname="Kaitai.SpecPositionAbs" runstate="Runnable" testcasecount="1" result="Passed" start-time="2019-04-14 22:29:24Z" end-time="2019-04-14 22:29:24Z" duration="0.004252" total="1" passed="1" failed="0" inconclusive="0" skipped="0" asserts="2">
        <test-case id="0-1181" name="TestPositionAbs" fullname="Kaitai.SpecPositionAbs.TestPositionAbs" methodname="TestPositionAbs" classname="Kaitai.SpecPositionAbs" runstate="Runnable" seed="885283250" result="Passed" start-time="2019-04-14 22:29:24Z" end-time="2019-04-14 22:29:24Z" duration="0.001144" asserts="2" />
      </test-suite>
      <test-suite type="TestFixture" id="0-1182" name="SpecPositionInSeq" fullname="Kaitai.SpecPositionInSeq" classname="Kaitai.SpecPositionInSeq" runstate="Runnable" testcasecount="1" result="Passed" start-time="2019-04-14 22:29:24Z" end-time="2019-04-14 22:29:24Z" duration="0.005011" total="1" passed="1" failed="0" inconclusive="0" skipped="0" asserts="1">
        <test-case id="0-1183" name="TestPositionInSeq" fullname="Kaitai.SpecPositionInSeq.TestPositionInSeq" methodname="TestPositionInSeq" classname="Kaitai.SpecPositionInSeq" runstate="Runnable" seed="1496619406" result="Passed" start-time="2019-04-14 22:29:24Z" end-time="2019-04-14 22:29:24Z" duration="0.001650" asserts="1" />
      </test-suite>
      <test-suite type="TestFixture" id="0-1184" name="SpecPositionToEnd" fullname="Kaitai.SpecPositionToEnd" classname="Kaitai.SpecPositionToEnd" runstate="Runnable" testcasecount="1" result="Passed" start-time="2019-04-14 22:29:24Z" end-time="2019-04-14 22:29:24Z" duration="0.005030" total="1" passed="1" failed="0" inconclusive="0" skipped="0" asserts="2">
        <test-case id="0-1185" name="TestPositionToEnd" fullname="Kaitai.SpecPositionToEnd.TestPositionToEnd" methodname="TestPositionToEnd" classname="Kaitai.SpecPositionToEnd" runstate="Runnable" seed="929119380" result="Passed" start-time="2019-04-14 22:29:24Z" end-time="2019-04-14 22:29:24Z" duration="0.001153" asserts="2" />
      </test-suite>
      <test-suite type="TestFixture" id="0-1186" name="SpecProcessCoerceBytes" fullname="Kaitai.SpecProcessCoerceBytes" classname="Kaitai.SpecProcessCoerceBytes" runstate="Runnable" testcasecount="1" result="Passed" start-time="2019-04-14 22:29:24Z" end-time="2019-04-14 22:29:24Z" duration="0.006038" total="1" passed="1" failed="0" inconclusive="0" skipped="0" asserts="4">
        <test-case id="0-1187" name="TestProcessCoerceBytes" fullname="Kaitai.SpecProcessCoerceBytes.TestProcessCoerceBytes" methodname="TestProcessCoerceBytes" classname="Kaitai.SpecProcessCoerceBytes" runstate="Runnable" seed="1654967662" result="Passed" start-time="2019-04-14 22:29:24Z" end-time="2019-04-14 22:29:24Z" duration="0.001971" asserts="4" />
      </test-suite>
      <test-suite type="TestFixture" id="0-1188" name="SpecProcessCoerceSwitch" fullname="Kaitai.SpecProcessCoerceSwitch" classname="Kaitai.SpecProcessCoerceSwitch" runstate="Runnable" testcasecount="1" result="Passed" start-time="2019-04-14 22:29:24Z" end-time="2019-04-14 22:29:24Z" duration="0.005000" total="1" passed="1" failed="0" inconclusive="0" skipped="0" asserts="3">
        <test-case id="0-1189" name="TestProcessCoerceSwitch" fullname="Kaitai.SpecProcessCoerceSwitch.TestProcessCoerceSwitch" methodname="TestProcessCoerceSwitch" classname="Kaitai.SpecProcessCoerceSwitch" runstate="Runnable" seed="238750693" result="Passed" start-time="2019-04-14 22:29:24Z" end-time="2019-04-14 22:29:24Z" duration="0.001543" asserts="3" />
      </test-suite>
      <test-suite type="TestFixture" id="0-1190" name="SpecProcessCoerceUsertype1" fullname="Kaitai.SpecProcessCoerceUsertype1" classname="Kaitai.SpecProcessCoerceUsertype1" runstate="Runnable" testcasecount="1" result="Passed" start-time="2019-04-14 22:29:24Z" end-time="2019-04-14 22:29:24Z" duration="0.005012" total="1" passed="1" failed="0" inconclusive="0" skipped="0" asserts="4">
        <test-case id="0-1191" name="TestProcessCoerceUsertype1" fullname="Kaitai.SpecProcessCoerceUsertype1.TestProcessCoerceUsertype1" methodname="TestProcessCoerceUsertype1" classname="Kaitai.SpecProcessCoerceUsertype1" runstate="Runnable" seed="1494606112" result="Passed" start-time="2019-04-14 22:29:24Z" end-time="2019-04-14 22:29:24Z" duration="0.001896" asserts="4" />
      </test-suite>
      <test-suite type="TestFixture" id="0-1192" name="SpecProcessCoerceUsertype2" fullname="Kaitai.SpecProcessCoerceUsertype2" classname="Kaitai.SpecProcessCoerceUsertype2" runstate="Runnable" testcasecount="1" result="Passed" start-time="2019-04-14 22:29:24Z" end-time="2019-04-14 22:29:24Z" duration="0.006003" total="1" passed="1" failed="0" inconclusive="0" skipped="0" asserts="4">
        <test-case id="0-1193" name="TestProcessCoerceUsertype2" fullname="Kaitai.SpecProcessCoerceUsertype2.TestProcessCoerceUsertype2" methodname="TestProcessCoerceUsertype2" classname="Kaitai.SpecProcessCoerceUsertype2" runstate="Runnable" seed="1787549523" result="Passed" start-time="2019-04-14 22:29:24Z" end-time="2019-04-14 22:29:24Z" duration="0.001996" asserts="4" />
      </test-suite>
      <test-suite type="TestFixture" id="0-1194" name="SpecProcessCustom" fullname="Kaitai.SpecProcessCustom" classname="Kaitai.SpecProcessCustom" runstate="Runnable" testcasecount="1" result="Passed" start-time="2019-04-14 22:29:24Z" end-time="2019-04-14 22:29:24Z" duration="0.004887" total="1" passed="1" failed="0" inconclusive="0" skipped="0" asserts="3">
        <test-case id="0-1195" name="TestProcessCustom" fullname="Kaitai.SpecProcessCustom.TestProcessCustom" methodname="TestProcessCustom" classname="Kaitai.SpecProcessCustom" runstate="Runnable" seed="585555119" result="Passed" start-time="2019-04-14 22:29:24Z" end-time="2019-04-14 22:29:24Z" duration="0.001719" asserts="3" />
      </test-suite>
      <test-suite type="TestFixture" id="0-1196" name="SpecProcessRotate" fullname="Kaitai.SpecProcessRotate" classname="Kaitai.SpecProcessRotate" runstate="Runnable" testcasecount="1" result="Passed" start-time="2019-04-14 22:29:24Z" end-time="2019-04-14 22:29:24Z" duration="0.006035" total="1" passed="1" failed="0" inconclusive="0" skipped="0" asserts="3">
        <test-case id="0-1197" name="TestProcessRotate" fullname="Kaitai.SpecProcessRotate.TestProcessRotate" methodname="TestProcessRotate" classname="Kaitai.SpecProcessRotate" runstate="Runnable" seed="2005421202" result="Passed" start-time="2019-04-14 22:29:24Z" end-time="2019-04-14 22:29:24Z" duration="0.002099" asserts="3" />
      </test-suite>
      <test-suite type="TestFixture" id="0-1198" name="SpecProcessToUser" fullname="Kaitai.SpecProcessToUser" classname="Kaitai.SpecProcessToUser" runstate="Runnable" testcasecount="1" result="Passed" start-time="2019-04-14 22:29:24Z" end-time="2019-04-14 22:29:24Z" duration="0.005030" total="1" passed="1" failed="0" inconclusive="0" skipped="0" asserts="1">
        <test-case id="0-1199" name="TestProcessToUser" fullname="Kaitai.SpecProcessToUser.TestProcessToUser" methodname="TestProcessToUser" classname="Kaitai.SpecProcessToUser" runstate="Runnable" seed="363101711" result="Passed" start-time="2019-04-14 22:29:24Z" end-time="2019-04-14 22:29:24Z" duration="0.001062" asserts="1" />
      </test-suite>
      <test-suite type="TestFixture" id="0-1200" name="SpecProcessXor4Const" fullname="Kaitai.SpecProcessXor4Const" classname="Kaitai.SpecProcessXor4Const" runstate="Runnable" testcasecount="1" result="Passed" start-time="2019-04-14 22:29:24Z" end-time="2019-04-14 22:29:24Z" duration="0.005005" total="1" passed="1" failed="0" inconclusive="0" skipped="0" asserts="2">
        <test-case id="0-1201" name="TestProcessXor4Const" fullname="Kaitai.SpecProcessXor4Const.TestProcessXor4Const" methodname="TestProcessXor4Const" classname="Kaitai.SpecProcessXor4Const" runstate="Runnable" seed="101036186" result="Passed" start-time="2019-04-14 22:29:24Z" end-time="2019-04-14 22:29:24Z" duration="0.001475" asserts="2" />
      </test-suite>
      <test-suite type="TestFixture" id="0-1202" name="SpecProcessXor4Value" fullname="Kaitai.SpecProcessXor4Value" classname="Kaitai.SpecProcessXor4Value" runstate="Runnable" testcasecount="1" result="Passed" start-time="2019-04-14 22:29:24Z" end-time="2019-04-14 22:29:24Z" duration="0.004002" total="1" passed="1" failed="0" inconclusive="0" skipped="0" asserts="2">
        <test-case id="0-1203" name="TestProcessXor4Value" fullname="Kaitai.SpecProcessXor4Value.TestProcessXor4Value" methodname="TestProcessXor4Value" classname="Kaitai.SpecProcessXor4Value" runstate="Runnable" seed="1375908329" result="Passed" start-time="2019-04-14 22:29:24Z" end-time="2019-04-14 22:29:24Z" duration="0.000830" asserts="2" />
      </test-suite>
      <test-suite type="TestFixture" id="0-1204" name="SpecProcessXorConst" fullname="Kaitai.SpecProcessXorConst" classname="Kaitai.SpecProcessXorConst" runstate="Runnable" testcasecount="1" result="Passed" start-time="2019-04-14 22:29:24Z" end-time="2019-04-14 22:29:24Z" duration="0.004030" total="1" passed="1" failed="0" inconclusive="0" skipped="0" asserts="2">
        <test-case id="0-1205" name="TestProcessXorConst" fullname="Kaitai.SpecProcessXorConst.TestProcessXorConst" methodname="TestProcessXorConst" classname="Kaitai.SpecProcessXorConst" runstate="Runnable" seed="1265803645" result="Passed" start-time="2019-04-14 22:29:24Z" end-time="2019-04-14 22:29:24Z" duration="0.000803" asserts="2" />
      </test-suite>
      <test-suite type="TestFixture" id="0-1206" name="SpecProcessXorValue" fullname="Kaitai.SpecProcessXorValue" classname="Kaitai.SpecProcessXorValue" runstate="Runnable" testcasecount="1" result="Passed" start-time="2019-04-14 22:29:24Z" end-time="2019-04-14 22:29:24Z" duration="0.003999" total="1" passed="1" failed="0" inconclusive="0" skipped="0" asserts="2">
        <test-case id="0-1207" name="TestProcessXorValue" fullname="Kaitai.SpecProcessXorValue.TestProcessXorValue" methodname="TestProcessXorValue" classname="Kaitai.SpecProcessXorValue" runstate="Runnable" seed="1356584476" result="Passed" start-time="2019-04-14 22:29:24Z" end-time="2019-04-14 22:29:24Z" duration="0.000813" asserts="2" />
      </test-suite>
      <test-suite type="TestFixture" id="0-1208" name="SpecRecursiveOne" fullname="Kaitai.SpecRecursiveOne" classname="Kaitai.SpecRecursiveOne" runstate="Runnable" testcasecount="1" result="Passed" start-time="2019-04-14 22:29:24Z" end-time="2019-04-14 22:29:24Z" duration="0.005011" total="1" passed="1" failed="0" inconclusive="0" skipped="0" asserts="4">
        <test-case id="0-1209" name="TestRecursiveOne" fullname="Kaitai.SpecRecursiveOne.TestRecursiveOne" methodname="TestRecursiveOne" classname="Kaitai.SpecRecursiveOne" runstate="Runnable" seed="1420911636" result="Passed" start-time="2019-04-14 22:29:24Z" end-time="2019-04-14 22:29:24Z" duration="0.001249" asserts="4" />
      </test-suite>
      <test-suite type="TestFixture" id="0-1210" name="SpecRepeatEosBit" fullname="Kaitai.SpecRepeatEosBit" classname="Kaitai.SpecRepeatEosBit" runstate="Runnable" testcasecount="1" result="Failed" site="Child" start-time="2019-04-14 22:29:24Z" end-time="2019-04-14 22:29:24Z" duration="0.033025" total="1" passed="0" failed="1" inconclusive="0" skipped="0" asserts="1">
        <failure>
          <message><![CDATA[One or more child tests had errors]]></message>
        </failure>
        <test-case id="0-1211" name="TestRepeatEosBit" fullname="Kaitai.SpecRepeatEosBit.TestRepeatEosBit" methodname="TestRepeatEosBit" classname="Kaitai.SpecRepeatEosBit" runstate="Runnable" seed="814267922" result="Failed" start-time="2019-04-14 22:29:24Z" end-time="2019-04-14 22:29:24Z" duration="0.029493" asserts="1">
          <failure>
            <message><![CDATA[  Expected: 15
  But was:  16
]]></message>
            <stack-trace><![CDATA[at Kaitai.SpecRepeatEosBit.TestRepeatEosBit() in C:\projects\ci-targets\tests\spec\csharp\kaitai_struct_csharp_tests\tests\SpecRepeatEosBit.cs:line 15
]]></stack-trace>
          </failure>
        </test-case>
      </test-suite>
      <test-suite type="TestFixture" id="0-1212" name="SpecRepeatEosStruct" fullname="Kaitai.SpecRepeatEosStruct" classname="Kaitai.SpecRepeatEosStruct" runstate="Runnable" testcasecount="1" result="Passed" start-time="2019-04-14 22:29:24Z" end-time="2019-04-14 22:29:24Z" duration="0.004428" total="1" passed="1" failed="0" inconclusive="0" skipped="0" asserts="5">
        <test-case id="0-1213" name="TestRepeatEosStruct" fullname="Kaitai.SpecRepeatEosStruct.TestRepeatEosStruct" methodname="TestRepeatEosStruct" classname="Kaitai.SpecRepeatEosStruct" runstate="Runnable" seed="635590775" result="Passed" start-time="2019-04-14 22:29:24Z" end-time="2019-04-14 22:29:24Z" duration="0.001566" asserts="5" />
      </test-suite>
      <test-suite type="TestFixture" id="0-1214" name="SpecRepeatEosU4" fullname="Kaitai.SpecRepeatEosU4" classname="Kaitai.SpecRepeatEosU4" runstate="Runnable" testcasecount="1" result="Passed" start-time="2019-04-14 22:29:24Z" end-time="2019-04-14 22:29:24Z" duration="0.003984" total="1" passed="1" failed="0" inconclusive="0" skipped="0" asserts="1">
        <test-case id="0-1215" name="TestRepeatEosU4" fullname="Kaitai.SpecRepeatEosU4.TestRepeatEosU4" methodname="TestRepeatEosU4" classname="Kaitai.SpecRepeatEosU4" runstate="Runnable" seed="1327053875" result="Passed" start-time="2019-04-14 22:29:24Z" end-time="2019-04-14 22:29:24Z" duration="0.000901" asserts="1" />
      </test-suite>
[...]
        <test-case id="0-1231" name="TestStrEncodingsDefault" fullname="Kaitai.SpecStrEncodingsDefault.TestStrEncodingsDefault" methodname="TestStrEncodingsDefault" classname="Kaitai.SpecStrEncodingsDefault" runstate="Runnable" seed="2002567379" result="Passed" start-time="2019-04-14 22:29:24Z" end-time="2019-04-14 22:29:24Z" duration="0.001654" asserts="4" />
      </test-suite>
      <test-suite type="TestFixture" id="0-1232" name="SpecStrEos" fullname="Kaitai.SpecStrEos" classname="Kaitai.SpecStrEos" runstate="Runnable" testcasecount="1" result="Passed" start-time="2019-04-14 22:29:24Z" end-time="2019-04-14 22:29:24Z" duration="0.003974" total="1" passed="1" failed="0" inconclusive="0" skipped="0" asserts="1">
        <test-case id="0-1233" name="TestStrEos" fullname="Kaitai.SpecStrEos.TestStrEos" methodname="TestStrEos" classname="Kaitai.SpecStrEos" runstate="Runnable" seed="1256073098" result="Passed" start-time="2019-04-14 22:29:24Z" end-time="2019-04-14 22:29:24Z" duration="0.000609" asserts="1" />
      </test-suite>
      <test-suite type="TestFixture" id="0-1234" name="SpecStrLiterals" fullname="Kaitai.SpecStrLiterals" classname="Kaitai.SpecStrLiterals" runstate="Runnable" testcasecount="1" result="Passed" start-time="2019-04-14 22:29:24Z" end-time="2019-04-14 22:29:24Z" duration="0.011009" total="1" passed="1" failed="0" inconclusive="0" skipped="0" asserts="5">
        <test-case id="0-1235" name="TestStrLiterals" fullname="Kaitai.SpecStrLiterals.TestStrLiterals" methodname="TestStrLiterals" classname="Kaitai.SpecStrLiterals" runstate="Runnable" seed="1617203119" result="Passed" start-time="2019-04-14 22:29:24Z" end-time="2019-04-14 22:29:24Z" duration="0.007557" asserts="5" />
      </test-suite>
      <test-suite type="TestFixture" id="0-1236" name="SpecStrLiterals2" fullname="Kaitai.SpecStrLiterals2" classname="Kaitai.SpecStrLiterals2" runstate="Runnable" testcasecount="1" result="Passed" start-time="2019-04-14 22:29:24Z" end-time="2019-04-14 22:29:24Z" duration="0.004008" total="1" passed="1" failed="0" inconclusive="0" skipped="0" asserts="4">
        <test-case id="0-1237" name="TestStrLiterals2" fullname="Kaitai.SpecStrLiterals2.TestStrLiterals2" methodname="TestStrLiterals2" classname="Kaitai.SpecStrLiterals2" runstate="Runnable" seed="318546420" result="Passed" start-time="2019-04-14 22:29:24Z" end-time="2019-04-14 22:29:24Z" duration="0.000961" asserts="4" />
      </test-suite>
      <test-suite type="TestFixture" id="0-1238" name="SpecStrPadTerm" fullname="Kaitai.SpecStrPadTerm" classname="Kaitai.SpecStrPadTerm" runstate="Runnable" testcasecount="1" result="Passed" start-time="2019-04-14 22:29:24Z" end-time="2019-04-14 22:29:24Z" duration="0.005010" total="1" passed="1" failed="0" inconclusive="0" skipped="0" asserts="4">
        <test-case id="0-1239" name="TestStrPadTerm" fullname="Kaitai.SpecStrPadTerm.TestStrPadTerm" methodname="TestStrPadTerm" classname="Kaitai.SpecStrPadTerm" runstate="Runnable" seed="168670128" result="Passed" start-time="2019-04-14 22:29:24Z" end-time="2019-04-14 22:29:24Z" duration="0.001160" asserts="4" />
      </test-suite>
      <test-suite type="TestFixture" id="0-1240" name="SpecStrPadTermEmpty" fullname="Kaitai.SpecStrPadTermEmpty" classname="Kaitai.SpecStrPadTermEmpty" runstate="Runnable" testcasecount="1" result="Passed" start-time="2019-04-14 22:29:24Z" end-time="2019-04-14 22:29:24Z" duration="0.004961" total="1" passed="1" failed="0" inconclusive="0" skipped="0" asserts="4">
        <test-case id="0-1241" name="TestStrPadTermEmpty" fullname="Kaitai.SpecStrPadTermEmpty.TestStrPadTermEmpty" methodname="TestStrPadTermEmpty" classname="Kaitai.SpecStrPadTermEmpty" runstate="Runnable" seed="298729409" result="Passed" start-time="2019-04-14 22:29:24Z" end-time="2019-04-14 22:29:24Z" duration="0.001388" asserts="4" />
      </test-suite>
      <test-suite type="TestFixture" id="0-1242" name="SpecSwitchBytearray" fullname="Kaitai.SpecSwitchBytearray" classname="Kaitai.SpecSwitchBytearray" runstate="Runnable" testcasecount="1" result="Passed" start-time="2019-04-14 22:29:24Z" end-time="2019-04-14 22:29:24Z" duration="0.005963" total="1" passed="1" failed="0" inconclusive="0" skipped="0" asserts="9">
        <test-case id="0-1243" name="TestSwitchBytearray" fullname="Kaitai.SpecSwitchBytearray.TestSwitchBytearray" methodname="TestSwitchBytearray" classname="Kaitai.SpecSwitchBytearray" runstate="Runnable" seed="1079854378" result="Passed" start-time="2019-04-14 22:29:24Z" end-time="2019-04-14 22:29:24Z" duration="0.002735" asserts="9" />
      </test-suite>
      <test-suite type="TestFixture" id="0-1244" name="SpecSwitchCast" fullname="Kaitai.SpecSwitchCast" classname="Kaitai.SpecSwitchCast" runstate="Runnable" testcasecount="1" result="Passed" start-time="2019-04-14 22:29:24Z" end-time="2019-04-14 22:29:24Z" duration="0.008996" total="1" passed="1" failed="0" inconclusive="0" skipped="0" asserts="3">
        <test-case id="0-1245" name="TestSwitchCast" fullname="Kaitai.SpecSwitchCast.TestSwitchCast" methodname="TestSwitchCast" classname="Kaitai.SpecSwitchCast" runstate="Runnable" seed="879322981" result="Passed" start-time="2019-04-14 22:29:24Z" end-time="2019-04-14 22:29:24Z" duration="0.005428" asserts="3" />
      </test-suite>
      <test-suite type="TestFixture" id="0-1246" name="SpecSwitchIntegers" fullname="Kaitai.SpecSwitchIntegers" classname="Kaitai.SpecSwitchIntegers" runstate="Runnable" testcasecount="1" result="Passed" start-time="2019-04-14 22:29:24Z" end-time="2019-04-14 22:29:24Z" duration="0.005014" total="1" passed="1" failed="0" inconclusive="0" skipped="0" asserts="9">
        <test-case id="0-1247" name="TestSwitchIntegers" fullname="Kaitai.SpecSwitchIntegers.TestSwitchIntegers" methodname="TestSwitchIntegers" classname="Kaitai.SpecSwitchIntegers" runstate="Runnable" seed="1162735042" result="Passed" start-time="2019-04-14 22:29:24Z" end-time="2019-04-14 22:29:24Z" duration="0.001747" asserts="9" />
      </test-suite>
      <test-suite type="TestFixture" id="0-1248" name="SpecSwitchIntegers2" fullname="Kaitai.SpecSwitchIntegers2" classname="Kaitai.SpecSwitchIntegers2" runstate="Runnable" testcasecount="1" result="Passed" start-time="2019-04-14 22:29:24Z" end-time="2019-04-14 22:29:24Z" duration="0.005009" total="1" passed="1" failed="0" inconclusive="0" skipped="0" asserts="5">
        <test-case id="0-1249" name="TestSwitchIntegers2" fullname="Kaitai.SpecSwitchIntegers2.TestSwitchIntegers2" methodname="TestSwitchIntegers2" classname="Kaitai.SpecSwitchIntegers2" runstate="Runnable" seed="2059675088" result="Passed" start-time="2019-04-14 22:29:24Z" end-time="2019-04-14 22:29:24Z" duration="0.001962" asserts="5" />
      </test-suite>
      <test-suite type="TestFixture" id="0-1250" name="SpecSwitchManualEnum" fullname="Kaitai.SpecSwitchManualEnum" classname="Kaitai.SpecSwitchManualEnum" runstate="Runnable" testcasecount="1" result="Passed" start-time="2019-04-14 22:29:24Z" end-time="2019-04-14 22:29:24Z" duration="0.006047" total="1" passed="1" failed="0" inconclusive="0" skipped="0" asserts="9">
        <test-case id="0-1251" name="TestSwitchManualEnum" fullname="Kaitai.SpecSwitchManualEnum.TestSwitchManualEnum" methodname="TestSwitchManualEnum" classname="Kaitai.SpecSwitchManualEnum" runstate="Runnable" seed="304072056" result="Passed" start-time="2019-04-14 22:29:24Z" end-time="2019-04-14 22:29:24Z" duration="0.002418" asserts="9" />
      </test-suite>
      <test-suite type="TestFixture" id="0-1252" name="SpecSwitchManualInt" fullname="Kaitai.SpecSwitchManualInt" classname="Kaitai.SpecSwitchManualInt" runstate="Runnable" testcasecount="1" result="Passed" start-time="2019-04-14 22:29:24Z" end-time="2019-04-14 22:29:24Z" duration="0.006032" total="1" passed="1" failed="0" inconclusive="0" skipped="0" asserts="9">
        <test-case id="0-1253" name="TestSwitchManualInt" fullname="Kaitai.SpecSwitchManualInt.TestSwitchManualInt" methodname="TestSwitchManualInt" classname="Kaitai.SpecSwitchManualInt" runstate="Runnable" seed="790148062" result="Passed" start-time="2019-04-14 22:29:24Z" end-time="2019-04-14 22:29:24Z" duration="0.002309" asserts="9" />
      </test-suite>
      <test-suite type="TestFixture" id="0-1254" name="SpecSwitchManualIntElse" fullname="Kaitai.SpecSwitchManualIntElse" classname="Kaitai.SpecSwitchManualIntElse" runstate="Runnable" testcasecount="1" result="Passed" start-time="2019-04-14 22:29:24Z" end-time="2019-04-14 22:29:24Z" duration="0.006029" total="1" passed="1" failed="0" inconclusive="0" skipped="0" asserts="9">
        <test-case id="0-1255" name="TestSwitchManualIntElse" fullname="Kaitai.SpecSwitchManualIntElse.TestSwitchManualIntElse" methodname="TestSwitchManualIntElse" classname="Kaitai.SpecSwitchManualIntElse" runstate="Runnable" seed="849200125" result="Passed" start-time="2019-04-14 22:29:24Z" end-time="2019-04-14 22:29:24Z" duration="0.002558" asserts="9" />
      </test-suite>
      <test-suite type="TestFixture" id="0-1256" name="SpecSwitchManualIntSize" fullname="Kaitai.SpecSwitchManualIntSize" classname="Kaitai.SpecSwitchManualIntSize" runstate="Runnable" testcasecount="1" result="Passed" start-time="2019-04-14 22:29:24Z" end-time="2019-04-14 22:29:24Z" duration="0.006513" total="1" passed="1" failed="0" inconclusive="0" skipped="0" asserts="10">
        <test-case id="0-1257" name="TestSwitchManualIntSize" fullname="Kaitai.SpecSwitchManualIntSize.TestSwitchManualIntSize" methodname="TestSwitchManualIntSize" classname="Kaitai.SpecSwitchManualIntSize" runstate="Runnable" seed="1852964483" result="Passed" start-time="2019-04-14 22:29:24Z" end-time="2019-04-14 22:29:24Z" duration="0.002804" asserts="10" />
      </test-suite>
      <test-suite type="TestFixture" id="0-1258" name="SpecSwitchManualIntSizeElse" fullname="Kaitai.SpecSwitchManualIntSizeElse" classname="Kaitai.SpecSwitchManualIntSizeElse" runstate="Runnable" testcasecount="1" result="Passed" start-time="2019-04-14 22:29:24Z" end-time="2019-04-14 22:29:24Z" duration="0.006984" total="1" passed="1" failed="0" inconclusive="0" skipped="0" asserts="10">
        <test-case id="0-1259" name="TestSwitchManualIntSizeElse" fullname="Kaitai.SpecSwitchManualIntSizeElse.TestSwitchManualIntSizeElse" methodname="TestSwitchManualIntSizeElse" classname="Kaitai.SpecSwitchManualIntSizeElse" runstate="Runnable" seed="410323848" result="Passed" start-time="2019-04-14 22:29:24Z" end-time="2019-04-14 22:29:24Z" duration="0.003081" asserts="10" />
      </test-suite>
      <test-suite type="TestFixture" id="0-1260" name="SpecSwitchManualIntSizeEos" fullname="Kaitai.SpecSwitchManualIntSizeEos" classname="Kaitai.SpecSwitchManualIntSizeEos" runstate="Runnable" testcasecount="1" result="Passed" start-time="2019-04-14 22:29:24Z" end-time="2019-04-14 22:29:24Z" duration="0.007007" total="1" passed="1" failed="0" inconclusive="0" skipped="0" asserts="10">
        <test-case id="0-1261" name="TestSwitchManualIntSizeEos" fullname="Kaitai.SpecSwitchManualIntSizeEos.TestSwitchManualIntSizeEos" methodname="TestSwitchManualIntSizeEos" classname="Kaitai.SpecSwitchManualIntSizeEos" runstate="Runnable" seed="293662476" result="Passed" start-time="2019-04-14 22:29:24Z" end-time="2019-04-14 22:29:24Z" duration="0.003137" asserts="10" />
      </test-suite>
      <test-suite type="TestFixture" id="0-1262" name="SpecSwitchManualStr" fullname="Kaitai.SpecSwitchManualStr" classname="Kaitai.SpecSwitchManualStr" runstate="Runnable" testcasecount="1" result="Passed" start-time="2019-04-14 22:29:24Z" end-time="2019-04-14 22:29:24Z" duration="0.006016" total="1" passed="1" failed="0" inconclusive="0" skipped="0" asserts="9">
        <test-case id="0-1263" name="TestSwitchManualStr" fullname="Kaitai.SpecSwitchManualStr.TestSwitchManualStr" methodname="TestSwitchManualStr" classname="Kaitai.SpecSwitchManualStr" runstate="Runnable" seed="521372463" result="Passed" start-time="2019-04-14 22:29:24Z" end-time="2019-04-14 22:29:24Z" duration="0.002176" asserts="9" />
      </test-suite>
      <test-suite type="TestFixture" id="0-1264" name="SpecSwitchManualStrElse" fullname="Kaitai.SpecSwitchManualStrElse" classname="Kaitai.SpecSwitchManualStrElse" runstate="Runnable" testcasecount="1" result="Passed" start-time="2019-04-14 22:29:24Z" end-time="2019-04-14 22:29:24Z" duration="0.005965" total="1" passed="1" failed="0" inconclusive="0" skipped="0" asserts="9">
        <test-case id="0-1265" name="TestSwitchManualStrElse" fullname="Kaitai.SpecSwitchManualStrElse.TestSwitchManualStrElse" methodname="TestSwitchManualStrElse" classname="Kaitai.SpecSwitchManualStrElse" runstate="Runnable" seed="618028678" result="Passed" start-time="2019-04-14 22:29:24Z" end-time="2019-04-14 22:29:24Z" duration="0.002451" asserts="9" />
      </test-suite>
      <test-suite type="TestFixture" id="0-1266" name="SpecSwitchMultiBoolOps" fullname="Kaitai.SpecSwitchMultiBoolOps" classname="Kaitai.SpecSwitchMultiBoolOps" runstate="Runnable" testcasecount="1" result="Passed" start-time="2019-04-14 22:29:24Z" end-time="2019-04-14 22:29:24Z" duration="0.004988" total="1" passed="1" failed="0" inconclusive="0" skipped="0" asserts="9">
        <test-case id="0-1267" name="TestSwitchMultiBoolOps" fullname="Kaitai.SpecSwitchMultiBoolOps.TestSwitchMultiBoolOps" methodname="TestSwitchMultiBoolOps" classname="Kaitai.SpecSwitchMultiBoolOps" runstate="Runnable" seed="159244534" result="Passed" start-time="2019-04-14 22:29:24Z" end-time="2019-04-14 22:29:24Z" duration="0.001771" asserts="9" />
      </test-suite>
      <test-suite type="TestFixture" id="0-1268" name="SpecSwitchRepeatExpr" fullname="Kaitai.SpecSwitchRepeatExpr" classname="Kaitai.SpecSwitchRepeatExpr" runstate="Runnable" testcasecount="1" result="Passed" start-time="2019-04-14 22:29:24Z" end-time="2019-04-14 22:29:24Z" duration="0.005009" total="1" passed="1" failed="0" inconclusive="0" skipped="0" asserts="3">
        <test-case id="0-1269" name="TestSwitchRepeatExpr" fullname="Kaitai.SpecSwitchRepeatExpr.TestSwitchRepeatExpr" methodname="TestSwitchRepeatExpr" classname="Kaitai.SpecSwitchRepeatExpr" runstate="Runnable" seed="272029659" result="Passed" start-time="2019-04-14 22:29:24Z" end-time="2019-04-14 22:29:24Z" duration="0.001551" asserts="3" />
      </test-suite>
      <test-suite type="TestFixture" id="0-1270" name="SpecTermBytes" fullname="Kaitai.SpecTermBytes" classname="Kaitai.SpecTermBytes" runstate="Runnable" testcasecount="1" result="Passed" start-time="2019-04-14 22:29:24Z" end-time="2019-04-14 22:29:24Z" duration="0.003984" total="1" passed="1" failed="0" inconclusive="0" skipped="0" asserts="3">
        <test-case id="0-1271" name="TestTermBytes" fullname="Kaitai.SpecTermBytes.TestTermBytes" methodname="TestTermBytes" classname="Kaitai.SpecTermBytes" runstate="Runnable" seed="19830782" result="Passed" start-time="2019-04-14 22:29:24Z" end-time="2019-04-14 22:29:24Z" duration="0.000865" asserts="3" />
      </test-suite>
      <test-suite type="TestFixture" id="0-1272" name="SpecTermStrz" fullname="Kaitai.SpecTermStrz" classname="Kaitai.SpecTermStrz" runstate="Runnable" testcasecount="1" result="Passed" start-time="2019-04-14 22:29:24Z" end-time="2019-04-14 22:29:24Z" duration="0.004008" total="1" passed="1" failed="0" inconclusive="0" skipped="0" asserts="3">
        <test-case id="0-1273" name="TestTermStrz" fullname="Kaitai.SpecTermStrz.TestTermStrz" methodname="TestTermStrz" classname="Kaitai.SpecTermStrz" runstate="Runnable" seed="620088940" result="Passed" start-time="2019-04-14 22:29:24Z" end-time="2019-04-14 22:29:24Z" duration="0.000376" asserts="3" />
      </test-suite>
      <test-suite type="TestFixture" id="0-1274" name="SpecTsPacketHeader" fullname="Kaitai.SpecTsPacketHeader" classname="Kaitai.SpecTsPacketHeader" runstate="Runnable" testcasecount="1" result="Passed" start-time="2019-04-14 22:29:24Z" end-time="2019-04-14 22:29:24Z" duration="0.005996" total="1" passed="1" failed="0" inconclusive="0" skipped="0" asserts="7">
        <test-case id="0-1275" name="TestTsPacketHeader" fullname="Kaitai.SpecTsPacketHeader.TestTsPacketHeader" methodname="TestTsPacketHeader" classname="Kaitai.SpecTsPacketHeader" runstate="Runnable" seed="763896689" result="Passed" start-time="2019-04-14 22:29:24Z" end-time="2019-04-14 22:29:24Z" duration="0.002365" asserts="7" />
      </test-suite>
      <test-suite type="TestFixture" id="0-1276" name="SpecTypeIntUnaryOp" fullname="Kaitai.SpecTypeIntUnaryOp" classname="Kaitai.SpecTypeIntUnaryOp" runstate="Runnable" testcasecount="1" result="Passed" start-time="2019-04-14 22:29:24Z" end-time="2019-04-14 22:29:24Z" duration="0.003289" total="1" passed="1" failed="0" inconclusive="0" skipped="0" asserts="4">
        <test-case id="0-1277" name="TestTypeIntUnaryOp" fullname="Kaitai.SpecTypeIntUnaryOp.TestTypeIntUnaryOp" methodname="TestTypeIntUnaryOp" classname="Kaitai.SpecTypeIntUnaryOp" runstate="Runnable" seed="743991936" result="Passed" start-time="2019-04-14 22:29:24Z" end-time="2019-04-14 22:29:24Z" duration="0.000922" asserts="4" />
      </test-suite>
      <test-suite type="TestFixture" id="0-1278" name="SpecTypeTernary" fullname="Kaitai.SpecTypeTernary" classname="Kaitai.SpecTypeTernary" runstate="Runnable" testcasecount="1" result="Passed" start-time="2019-04-14 22:29:24Z" end-time="2019-04-14 22:29:24Z" duration="0.005009" total="1" passed="1" failed="0" inconclusive="0" skipped="0" asserts="1">
        <test-case id="0-1279" name="TestTypeTernary" fullname="Kaitai.SpecTypeTernary.TestTypeTernary" methodname="TestTypeTernary" classname="Kaitai.SpecTypeTernary" runstate="Runnable" seed="1111500936" result="Passed" start-time="2019-04-14 22:29:24Z" end-time="2019-04-14 22:29:24Z" duration="0.001297" asserts="1" />
      </test-suite>
      <test-suite type="TestFixture" id="0-1280" name="SpecTypeTernaryOpaque" fullname="Kaitai.SpecTypeTernaryOpaque" classname="Kaitai.SpecTypeTernaryOpaque" runstate="Runnable" testcasecount="1" result="Passed" start-time="2019-04-14 22:29:24Z" end-time="2019-04-14 22:29:24Z" duration="0.004992" total="1" passed="1" failed="0" inconclusive="0" skipped="0" asserts="3">
        <test-case id="0-1281" name="TestTypeTernaryOpaque" fullname="Kaitai.SpecTypeTernaryOpaque.TestTypeTernaryOpaque" methodname="TestTypeTernaryOpaque" classname="Kaitai.SpecTypeTernaryOpaque" runstate="Runnable" seed="1027646911" result="Passed" start-time="2019-04-14 22:29:24Z" end-time="2019-04-14 22:29:24Z" duration="0.001095" asserts="3" />
      </test-suite>
      <test-suite type="TestFixture" id="0-1282" name="SpecUserType" fullname="Kaitai.SpecUserType" classname="Kaitai.SpecUserType" runstate="Runnable" testcasecount="1" result="Passed" start-time="2019-04-14 22:29:24Z" end-time="2019-04-14 22:29:24Z" duration="0.003986" total="1" passed="1" failed="0" inconclusive="0" skipped="0" asserts="2">
        <test-case id="0-1283" name="TestUserType" fullname="Kaitai.SpecUserType.TestUserType" methodname="TestUserType" classname="Kaitai.SpecUserType" runstate="Runnable" seed="1003233635" result="Passed" start-time="2019-04-14 22:29:24Z" end-time="2019-04-14 22:29:24Z" duration="0.000932" asserts="2" />
      </test-suite>
      <test-suite type="TestFixture" id="0-1284" name="SpecZlibWithHeader78" fullname="Kaitai.SpecZlibWithHeader78" classname="Kaitai.SpecZlibWithHeader78" runstate="Runnable" testcasecount="1" result="Passed" start-time="2019-04-14 22:29:24Z" end-time="2019-04-14 22:29:24Z" duration="0.024033" total="1" passed="1" failed="0" inconclusive="0" skipped="0" asserts="1">
        <test-case id="0-1285" name="TestZlibWithHeader78" fullname="Kaitai.SpecZlibWithHeader78.TestZlibWithHeader78" methodname="TestZlibWithHeader78" classname="Kaitai.SpecZlibWithHeader78" runstate="Runnable" seed="1495067438" result="Passed" start-time="2019-04-14 22:29:24Z" end-time="2019-04-14 22:29:24Z" duration="0.019967" asserts="1" />
      </test-suite>
    </test-suite>
  </test-suite>
</test-run>