<?xml version="1.0" encoding="utf-8" standalone="no"?>
<test-run id="2" testcasecount="210" result="Failed" total="210" passed="209" failed="1" inconclusive="0" skipped="0" asserts="975" engine-version="3.4.1.0" clr-version="4.0.30319.42000" start-time="2021-07-01 22:25:22Z" end-time="2021-07-01 22:25:23Z" duration="1.532968">
  <command-line><![CDATA[/home/runner/work/ci_targets/ci_targets/tests/spec/csharp/packages/NUnit.ConsoleRunner.3.4.1/tools/nunit3-console.exe --result=test_out/csharp/TestResult.xml spec/csharp/kaitai_struct_csharp_tests/bin/Debug/kaitai_struct_csharp_tests.dll]]></command-line>
  <test-suite type="Assembly" id="0-1420" name="kaitai_struct_csharp_tests.dll" fullname="/home/runner/work/ci_targets/ci_targets/tests/spec/csharp/kaitai_struct_csharp_tests/bin/Debug/kaitai_struct_csharp_tests.dll" runstate="Runnable" testcasecount="210" result="Failed" site="Child" start-time="2021-07-01 22:25:22Z" end-time="2021-07-01 22:25:23Z" duration="1.416840" total="210" passed="209" failed="1" inconclusive="0" skipped="0" asserts="975">
    <environment framework-version="3.4.1.0" clr-version="4.0.30319.42000" os-version="Unix 5.8.0.1036" platform="Unix" cwd="/home/runner/work/ci_targets/ci_targets/tests" machine-name="fv-az216-965" user="runner" user-domain="fv-az216-965" culture="" uiculture="" os-architecture="x64" />
    <settings>
      <setting name="WorkDirectory" value="/home/runner/work/ci_targets/ci_targets/tests" />
      <setting name="ImageRuntimeVersion" value="4.0.30319" />
      <setting name="ImageTargetFrameworkName" value=".NETFramework,Version=v4.5" />
      <setting name="ImageRequiresX86" value="False" />
      <setting name="ImageRequiresDefaultAppDomainAssemblyResolver" value="False" />
      <setting name="NumberOfTestWorkers" value="2" />
    </settings>
    <properties>
      <property name="_PID" value="2289" />
      <property name="_APPDOMAIN" value="test-domain-" />
    </properties>
    <failure>
      <message><![CDATA[One or more child tests had errors]]></message>
    </failure>
    <test-suite type="TestSuite" id="0-1421" name="Kaitai" fullname="Kaitai" runstate="Runnable" testcasecount="210" result="Failed" site="Child" start-time="2021-07-01 22:25:22Z" end-time="2021-07-01 22:25:23Z" duration="1.402352" total="210" passed="209" failed="1" inconclusive="0" skipped="0" asserts="975">
      <failure>
        <message><![CDATA[One or more child tests had errors]]></message>
      </failure>
      <test-suite type="TestFixture" id="0-1000" name="SpecBcdUserTypeBe" fullname="Kaitai.SpecBcdUserTypeBe" classname="Kaitai.SpecBcdUserTypeBe" runstate="Runnable" testcasecount="1" result="Passed" start-time="2021-07-01 22:25:22Z" end-time="2021-07-01 22:25:22Z" duration="0.025153" total="1" passed="1" failed="0" inconclusive="0" skipped="0" asserts="6">
        <test-case id="0-1001" name="TestBcdUserTypeBe" fullname="Kaitai.SpecBcdUserTypeBe.TestBcdUserTypeBe" methodname="TestBcdUserTypeBe" classname="Kaitai.SpecBcdUserTypeBe" runstate="Runnable" seed="1487581389" result="Passed" start-time="2021-07-01 22:25:22Z" end-time="2021-07-01 22:25:22Z" duration="0.015675" asserts="6" />
      </test-suite>
      <test-suite type="TestFixture" id="0-1002" name="SpecBcdUserTypeLe" fullname="Kaitai.SpecBcdUserTypeLe" classname="Kaitai.SpecBcdUserTypeLe" runstate="Runnable" testcasecount="1" result="Passed" start-time="2021-07-01 22:25:22Z" end-time="2021-07-01 22:25:22Z" duration="0.005453" total="1" passed="1" failed="0" inconclusive="0" skipped="0" asserts="6">
        <test-case id="0-1003" name="TestBcdUserTypeLe" fullname="Kaitai.SpecBcdUserTypeLe.TestBcdUserTypeLe" methodname="TestBcdUserTypeLe" classname="Kaitai.SpecBcdUserTypeLe" runstate="Runnable" seed="1578689780" result="Passed" start-time="2021-07-01 22:25:22Z" end-time="2021-07-01 22:25:22Z" duration="0.003079" asserts="6" />
      </test-suite>
      <test-suite type="TestFixture" id="0-1004" name="SpecBitsByteAligned" fullname="Kaitai.SpecBitsByteAligned" classname="Kaitai.SpecBitsByteAligned" runstate="Runnable" testcasecount="1" result="Passed" start-time="2021-07-01 22:25:22Z" end-time="2021-07-01 22:25:22Z" duration="0.006389" total="1" passed="1" failed="0" inconclusive="0" skipped="0" asserts="9">
        <test-case id="0-1005" name="TestBitsByteAligned" fullname="Kaitai.SpecBitsByteAligned.TestBitsByteAligned" methodname="TestBitsByteAligned" classname="Kaitai.SpecBitsByteAligned" runstate="Runnable" seed="1065810579" result="Passed" start-time="2021-07-01 22:25:22Z" end-time="2021-07-01 22:25:22Z" duration="0.003977" asserts="9" />
      </test-suite>
      <test-suite type="TestFixture" id="0-1006" name="SpecBitsEnum" fullname="Kaitai.SpecBitsEnum" classname="Kaitai.SpecBitsEnum" runstate="Runnable" testcasecount="1" result="Passed" start-time="2021-07-01 22:25:22Z" end-time="2021-07-01 22:25:22Z" duration="0.003291" total="1" passed="1" failed="0" inconclusive="0" skipped="0" asserts="3">
        <test-case id="0-1007" name="TestBitsEnum" fullname="Kaitai.SpecBitsEnum.TestBitsEnum" methodname="TestBitsEnum" classname="Kaitai.SpecBitsEnum" runstate="Runnable" seed="1278890348" result="Passed" start-time="2021-07-01 22:25:22Z" end-time="2021-07-01 22:25:22Z" duration="0.000890" asserts="3" />
      </test-suite>
      <test-suite type="TestFixture" id="0-1008" name="SpecBitsSeqEndianCombo" fullname="Kaitai.SpecBitsSeqEndianCombo" classname="Kaitai.SpecBitsSeqEndianCombo" runstate="Runnable" testcasecount="1" result="Passed" start-time="2021-07-01 22:25:22Z" end-time="2021-07-01 22:25:22Z" duration="0.005374" total="1" passed="1" failed="0" inconclusive="0" skipped="0" asserts="8">
        <test-case id="0-1009" name="TestBitsSeqEndianCombo" fullname="Kaitai.SpecBitsSeqEndianCombo.TestBitsSeqEndianCombo" methodname="TestBitsSeqEndianCombo" classname="Kaitai.SpecBitsSeqEndianCombo" runstate="Runnable" seed="1139705910" result="Passed" start-time="2021-07-01 22:25:22Z" end-time="2021-07-01 22:25:22Z" duration="0.002938" asserts="8" />
      </test-suite>
      <test-suite type="TestFixture" id="0-1010" name="SpecBitsSignedB32Le" fullname="Kaitai.SpecBitsSignedB32Le" classname="Kaitai.SpecBitsSignedB32Le" runstate="Runnable" testcasecount="1" result="Passed" start-time="2021-07-01 22:25:22Z" end-time="2021-07-01 22:25:22Z" duration="0.002902" total="1" passed="1" failed="0" inconclusive="0" skipped="0" asserts="4">
        <test-case id="0-1011" name="TestBitsSignedB32Le" fullname="Kaitai.SpecBitsSignedB32Le.TestBitsSignedB32Le" methodname="TestBitsSignedB32Le" classname="Kaitai.SpecBitsSignedB32Le" runstate="Runnable" seed="83292122" result="Passed" start-time="2021-07-01 22:25:22Z" end-time="2021-07-01 22:25:22Z" duration="0.000498" asserts="4" />
      </test-suite>
      <test-suite type="TestFixture" id="0-1012" name="SpecBitsSignedB64Le" fullname="Kaitai.SpecBitsSignedB64Le" classname="Kaitai.SpecBitsSignedB64Le" runstate="Runnable" testcasecount="1" result="Passed" start-time="2021-07-01 22:25:22Z" end-time="2021-07-01 22:25:22Z" duration="0.003271" total="1" passed="1" failed="0" inconclusive="0" skipped="0" asserts="4">
        <test-case id="0-1013" name="TestBitsSignedB64Le" fullname="Kaitai.SpecBitsSignedB64Le.TestBitsSignedB64Le" methodname="TestBitsSignedB64Le" classname="Kaitai.SpecBitsSignedB64Le" runstate="Runnable" seed="1481542593" result="Passed" start-time="2021-07-01 22:25:22Z" end-time="2021-07-01 22:25:22Z" duration="0.000817" asserts="4" />
      </test-suite>
      <test-suite type="TestFixture" id="0-1014" name="SpecBitsSimple" fullname="Kaitai.SpecBitsSimple" classname="Kaitai.SpecBitsSimple" runstate="Runnable" testcasecount="1" result="Passed" start-time="2021-07-01 22:25:22Z" end-time="2021-07-01 22:25:22Z" duration="0.004597" total="1" passed="1" failed="0" inconclusive="0" skipped="0" asserts="14">
        <test-case id="0-1015" name="TestBitsSimple" fullname="Kaitai.SpecBitsSimple.TestBitsSimple" methodname="TestBitsSimple" classname="Kaitai.SpecBitsSimple" runstate="Runnable" seed="672316588" result="Passed" start-time="2021-07-01 22:25:22Z" end-time="2021-07-01 22:25:22Z" duration="0.002113" asserts="14" />
      </test-suite>
      <test-suite type="TestFixture" id="0-1016" name="SpecBitsSimpleLe" fullname="Kaitai.SpecBitsSimpleLe" classname="Kaitai.SpecBitsSimpleLe" runstate="Runnable" testcasecount="1" result="Passed" start-time="2021-07-01 22:25:22Z" end-time="2021-07-01 22:25:22Z" duration="0.003756" total="1" passed="1" failed="0" inconclusive="0" skipped="0" asserts="14">
        <test-case id="0-1017" name="TestBitsSimpleLe" fullname="Kaitai.SpecBitsSimpleLe.TestBitsSimpleLe" methodname="TestBitsSimpleLe" classname="Kaitai.SpecBitsSimpleLe" runstate="Runnable" seed="2074589624" result="Passed" start-time="2021-07-01 22:25:22Z" end-time="2021-07-01 22:25:22Z" duration="0.001050" asserts="14" />
      </test-suite>
      <test-suite type="TestFixture" id="0-1018" name="SpecBufferedStruct" fullname="Kaitai.SpecBufferedStruct" classname="Kaitai.SpecBufferedStruct" runstate="Runnable" testcasecount="1" result="Passed" start-time="2021-07-01 22:25:22Z" end-time="2021-07-01 22:25:22Z" duration="0.004188" total="1" passed="1" failed="0" inconclusive="0" skipped="0" asserts="7">
        <test-case id="0-1019" name="TestBufferedStruct" fullname="Kaitai.SpecBufferedStruct.TestBufferedStruct" methodname="TestBufferedStruct" classname="Kaitai.SpecBufferedStruct" runstate="Runnable" seed="345907793" result="Passed" start-time="2021-07-01 22:25:22Z" end-time="2021-07-01 22:25:22Z" duration="0.001455" asserts="7" />
      </test-suite>
      <test-suite type="TestFixture" id="0-1020" name="SpecBytesPadTerm" fullname="Kaitai.SpecBytesPadTerm" classname="Kaitai.SpecBytesPadTerm" runstate="Runnable" testcasecount="1" result="Passed" start-time="2021-07-01 22:25:22Z" end-time="2021-07-01 22:25:22Z" duration="0.003641" total="1" passed="1" failed="0" inconclusive="0" skipped="0" asserts="4">
        <test-case id="0-1021" name="TestBytesPadTerm" fullname="Kaitai.SpecBytesPadTerm.TestBytesPadTerm" methodname="TestBytesPadTerm" classname="Kaitai.SpecBytesPadTerm" runstate="Runnable" seed="1841062870" result="Passed" start-time="2021-07-01 22:25:22Z" end-time="2021-07-01 22:25:22Z" duration="0.000982" asserts="4" />
      </test-suite>
      <test-suite type="TestFixture" id="0-1022" name="SpecCastNested" fullname="Kaitai.SpecCastNested" classname="Kaitai.SpecCastNested" runstate="Runnable" testcasecount="1" result="Passed" start-time="2021-07-01 22:25:22Z" end-time="2021-07-01 22:25:22Z" duration="0.023612" total="1" passed="1" failed="0" inconclusive="0" skipped="0" asserts="4">
        <test-case id="0-1023" name="TestCastNested" fullname="Kaitai.SpecCastNested.TestCastNested" methodname="TestCastNested" classname="Kaitai.SpecCastNested" runstate="Runnable" seed="973630789" result="Passed" start-time="2021-07-01 22:25:22Z" end-time="2021-07-01 22:25:22Z" duration="0.021128" asserts="4" />
      </test-suite>
      <test-suite type="TestFixture" id="0-1024" name="SpecCastToImported" fullname="Kaitai.SpecCastToImported" classname="Kaitai.SpecCastToImported" runstate="Runnable" testcasecount="1" result="Passed" start-time="2021-07-01 22:25:22Z" end-time="2021-07-01 22:25:22Z" duration="0.003419" total="1" passed="1" failed="0" inconclusive="0" skipped="0" asserts="2">
        <test-case id="0-1025" name="TestCastToImported" fullname="Kaitai.SpecCastToImported.TestCastToImported" methodname="TestCastToImported" classname="Kaitai.SpecCastToImported" runstate="Runnable" seed="1883133918" result="Passed" start-time="2021-07-01 22:25:22Z" end-time="2021-07-01 22:25:22Z" duration="0.000729" asserts="2" />
      </test-suite>
      <test-suite type="TestFixture" id="0-1026" name="SpecCastToTop" fullname="Kaitai.SpecCastToTop" classname="Kaitai.SpecCastToTop" runstate="Runnable" testcasecount="1" result="Passed" start-time="2021-07-01 22:25:22Z" end-time="2021-07-01 22:25:22Z" duration="0.003438" total="1" passed="1" failed="0" inconclusive="0" skipped="0" asserts="3">
        <test-case id="0-1027" name="TestCastToTop" fullname="Kaitai.SpecCastToTop.TestCastToTop" methodname="TestCastToTop" classname="Kaitai.SpecCastToTop" runstate="Runnable" seed="157020258" result="Passed" start-time="2021-07-01 22:25:22Z" end-time="2021-07-01 22:25:22Z" duration="0.001017" asserts="3" />
      </test-suite>
      <test-suite type="TestFixture" id="0-1028" name="SpecCombineBool" fullname="Kaitai.SpecCombineBool" classname="Kaitai.SpecCombineBool" runstate="Runnable" testcasecount="1" result="Passed" start-time="2021-07-01 22:25:22Z" end-time="2021-07-01 22:25:22Z" duration="0.005466" total="1" passed="1" failed="0" inconclusive="0" skipped="0" asserts="2">
        <test-case id="0-1029" name="TestCombineBool" fullname="Kaitai.SpecCombineBool.TestCombineBool" methodname="TestCombineBool" classname="Kaitai.SpecCombineBool" runstate="Runnable" seed="1345270668" result="Passed" start-time="2021-07-01 22:25:22Z" end-time="2021-07-01 22:25:22Z" duration="0.002899" asserts="2" />
      </test-suite>
      <test-suite type="TestFixture" id="0-1030" name="SpecCombineBytes" fullname="Kaitai.SpecCombineBytes" classname="Kaitai.SpecCombineBytes" runstate="Runnable" testcasecount="1" result="Passed" start-time="2021-07-01 22:25:22Z" end-time="2021-07-01 22:25:22Z" duration="0.003485" total="1" passed="1" failed="0" inconclusive="0" skipped="0" asserts="10">
        <test-case id="0-1031" name="TestCombineBytes" fullname="Kaitai.SpecCombineBytes.TestCombineBytes" methodname="TestCombineBytes" classname="Kaitai.SpecCombineBytes" runstate="Runnable" seed="2123737633" result="Passed" start-time="2021-07-01 22:25:22Z" end-time="2021-07-01 22:25:22Z" duration="0.001073" asserts="10" />
      </test-suite>
      <test-suite type="TestFixture" id="0-1032" name="SpecCombineEnum" fullname="Kaitai.SpecCombineEnum" classname="Kaitai.SpecCombineEnum" runstate="Runnable" testcasecount="1" result="Passed" start-time="2021-07-01 22:25:22Z" end-time="2021-07-01 22:25:22Z" duration="0.003095" total="1" passed="1" failed="0" inconclusive="0" skipped="0" asserts="3">
        <test-case id="0-1033" name="TestCombineEnum" fullname="Kaitai.SpecCombineEnum.TestCombineEnum" methodname="TestCombineEnum" classname="Kaitai.SpecCombineEnum" runstate="Runnable" seed="137481802" result="Passed" start-time="2021-07-01 22:25:22Z" end-time="2021-07-01 22:25:22Z" duration="0.000714" asserts="3" />
      </test-suite>
      <test-suite type="TestFixture" id="0-1034" name="SpecCombineStr" fullname="Kaitai.SpecCombineStr" classname="Kaitai.SpecCombineStr" runstate="Runnable" testcasecount="1" result="Passed" start-time="2021-07-01 22:25:22Z" end-time="2021-07-01 22:25:22Z" duration="0.003788" total="1" passed="1" failed="0" inconclusive="0" skipped="0" asserts="15">
        <test-case id="0-1035" name="TestCombineStr" fullname="Kaitai.SpecCombineStr.TestCombineStr" methodname="TestCombineStr" classname="Kaitai.SpecCombineStr" runstate="Runnable" seed="604795517" result="Passed" start-time="2021-07-01 22:25:22Z" end-time="2021-07-01 22:25:22Z" duration="0.001342" asserts="15" />
      </test-suite>
      <test-suite type="TestFixture" id="0-1036" name="SpecDebug0" fullname="Kaitai.SpecDebug0" classname="Kaitai.SpecDebug0" runstate="Runnable" testcasecount="1" result="Passed" start-time="2021-07-01 22:25:22Z" end-time="2021-07-01 22:25:22Z" duration="0.002481" total="1" passed="1" failed="0" inconclusive="0" skipped="0" asserts="0">
        <test-case id="0-1037" name="TestDebug0" fullname="Kaitai.SpecDebug0.TestDebug0" methodname="TestDebug0" classname="Kaitai.SpecDebug0" runstate="Runnable" seed="1680531263" result="Passed" start-time="2021-07-01 22:25:22Z" end-time="2021-07-01 22:25:22Z" duration="0.000069" asserts="0" />
      </test-suite>
      <test-suite type="TestFixture" id="0-1038" name="SpecDebugArrayUser" fullname="Kaitai.SpecDebugArrayUser" classname="Kaitai.SpecDebugArrayUser" runstate="Runnable" testcasecount="1" result="Passed" start-time="2021-07-01 22:25:22Z" end-time="2021-07-01 22:25:22Z" duration="0.003397" total="1" passed="1" failed="0" inconclusive="0" skipped="0" asserts="4">
        <test-case id="0-1039" name="TestDebugArrayUser" fullname="Kaitai.SpecDebugArrayUser.TestDebugArrayUser" methodname="TestDebugArrayUser" classname="Kaitai.SpecDebugArrayUser" runstate="Runnable" seed="661218463" result="Passed" start-time="2021-07-01 22:25:22Z" end-time="2021-07-01 22:25:22Z" duration="0.000976" asserts="4" />
      </test-suite>
      <test-suite type="TestFixture" id="0-1040" name="SpecDebugEnumName" fullname="Kaitai.SpecDebugEnumName" classname="Kaitai.SpecDebugEnumName" runstate="Runnable" testcasecount="1" result="Passed" start-time="2021-07-01 22:25:22Z" end-time="2021-07-01 22:25:22Z" duration="0.002569" total="1" passed="1" failed="0" inconclusive="0" skipped="0" asserts="0">
        <test-case id="0-1041" name="TestDebugEnumName" fullname="Kaitai.SpecDebugEnumName.TestDebugEnumName" methodname="TestDebugEnumName" classname="Kaitai.SpecDebugEnumName" runstate="Runnable" seed="621161162" result="Passed" start-time="2021-07-01 22:25:22Z" end-time="2021-07-01 22:25:22Z" duration="0.000148" asserts="0" />
      </test-suite>
      <test-suite type="TestFixture" id="0-1042" name="SpecDebugSwitchUser" fullname="Kaitai.SpecDebugSwitchUser" classname="Kaitai.SpecDebugSwitchUser" runstate="Runnable" testcasecount="1" result="Passed" start-time="2021-07-01 22:25:22Z" end-time="2021-07-01 22:25:22Z" duration="0.003308" total="1" passed="1" failed="0" inconclusive="0" skipped="0" asserts="2">
        <test-case id="0-1043" name="TestDebugSwitchUser" fullname="Kaitai.SpecDebugSwitchUser.TestDebugSwitchUser" methodname="TestDebugSwitchUser" classname="Kaitai.SpecDebugSwitchUser" runstate="Runnable" seed="583244503" result="Passed" start-time="2021-07-01 22:25:22Z" end-time="2021-07-01 22:25:22Z" duration="0.000726" asserts="2" />
      </test-suite>
      <test-suite type="TestFixture" id="0-1044" name="SpecDefaultBigEndian" fullname="Kaitai.SpecDefaultBigEndian" classname="Kaitai.SpecDefaultBigEndian" runstate="Runnable" testcasecount="1" result="Passed" start-time="2021-07-01 22:25:22Z" end-time="2021-07-01 22:25:22Z" duration="0.002853" total="1" passed="1" failed="0" inconclusive="0" skipped="0" asserts="1">
        <test-case id="0-1045" name="TestDefaultBigEndian" fullname="Kaitai.SpecDefaultBigEndian.TestDefaultBigEndian" methodname="TestDefaultBigEndian" classname="Kaitai.SpecDefaultBigEndian" runstate="Runnable" seed="1692871654" result="Passed" start-time="2021-07-01 22:25:22Z" end-time="2021-07-01 22:25:22Z" duration="0.000462" asserts="1" />
      </test-suite>
      <test-suite type="TestFixture" id="0-1046" name="SpecDefaultBitEndianMod" fullname="Kaitai.SpecDefaultBitEndianMod" classname="Kaitai.SpecDefaultBitEndianMod" runstate="Runnable" testcasecount="1" result="Passed" start-time="2021-07-01 22:25:22Z" end-time="2021-07-01 22:25:22Z" duration="0.003183" total="1" passed="1" failed="0" inconclusive="0" skipped="0" asserts="4">
        <test-case id="0-1047" name="TestDefaultBitEndianMod" fullname="Kaitai.SpecDefaultBitEndianMod.TestDefaultBitEndianMod" methodname="TestDefaultBitEndianMod" classname="Kaitai.SpecDefaultBitEndianMod" runstate="Runnable" seed="346985481" result="Passed" start-time="2021-07-01 22:25:22Z" end-time="2021-07-01 22:25:22Z" duration="0.000787" asserts="4" />
      </test-suite>
      <test-suite type="TestFixture" id="0-1048" name="SpecDefaultEndianExprException" fullname="Kaitai.SpecDefaultEndianExprException" classname="Kaitai.SpecDefaultEndianExprException" runstate="Runnable" testcasecount="1" result="Passed" start-time="2021-07-01 22:25:22Z" end-time="2021-07-01 22:25:22Z" duration="0.008501" total="1" passed="1" failed="0" inconclusive="0" skipped="0" asserts="1">
        <test-case id="0-1049" name="TestDefaultEndianExprException" fullname="Kaitai.SpecDefaultEndianExprException.TestDefaultEndianExprException" methodname="TestDefaultEndianExprException" classname="Kaitai.SpecDefaultEndianExprException" runstate="Runnable" seed="632037850" result="Passed" start-time="2021-07-01 22:25:22Z" end-time="2021-07-01 22:25:22Z" duration="0.005836" asserts="1" />
      </test-suite>
      <test-suite type="TestFixture" id="0-1050" name="SpecDefaultEndianExprInherited" fullname="Kaitai.SpecDefaultEndianExprInherited" classname="Kaitai.SpecDefaultEndianExprInherited" runstate="Runnable" testcasecount="1" result="Passed" start-time="2021-07-01 22:25:22Z" end-time="2021-07-01 22:25:22Z" duration="0.006210" total="1" passed="1" failed="0" inconclusive="0" skipped="0" asserts="15">
        <test-case id="0-1051" name="TestDefaultEndianExprInherited" fullname="Kaitai.SpecDefaultEndianExprInherited.TestDefaultEndianExprInherited" methodname="TestDefaultEndianExprInherited" classname="Kaitai.SpecDefaultEndianExprInherited" runstate="Runnable" seed="657511876" result="Passed" start-time="2021-07-01 22:25:22Z" end-time="2021-07-01 22:25:22Z" duration="0.003725" asserts="15" />
      </test-suite>
      <test-suite type="TestFixture" id="0-1052" name="SpecDefaultEndianExprIsBe" fullname="Kaitai.SpecDefaultEndianExprIsBe" classname="Kaitai.SpecDefaultEndianExprIsBe" runstate="Runnable" testcasecount="1" result="Passed" start-time="2021-07-01 22:25:22Z" end-time="2021-07-01 22:25:22Z" duration="0.005771" total="1" passed="1" failed="0" inconclusive="0" skipped="0" asserts="18">
        <test-case id="0-1053" name="TestDefaultEndianExprIsBe" fullname="Kaitai.SpecDefaultEndianExprIsBe.TestDefaultEndianExprIsBe" methodname="TestDefaultEndianExprIsBe" classname="Kaitai.SpecDefaultEndianExprIsBe" runstate="Runnable" seed="1764595964" result="Passed" start-time="2021-07-01 22:25:22Z" end-time="2021-07-01 22:25:22Z" duration="0.003338" asserts="18" />
      </test-suite>
      <test-suite type="TestFixture" id="0-1054" name="SpecDefaultEndianExprIsLe" fullname="Kaitai.SpecDefaultEndianExprIsLe" classname="Kaitai.SpecDefaultEndianExprIsLe" runstate="Runnable" testcasecount="1" result="Passed" start-time="2021-07-01 22:25:22Z" end-time="2021-07-01 22:25:22Z" duration="0.004430" total="1" passed="1" failed="0" inconclusive="0" skipped="0" asserts="12">
        <test-case id="0-1055" name="TestDefaultEndianExprIsLe" fullname="Kaitai.SpecDefaultEndianExprIsLe.TestDefaultEndianExprIsLe" methodname="TestDefaultEndianExprIsLe" classname="Kaitai.SpecDefaultEndianExprIsLe" runstate="Runnable" seed="1159375385" result="Passed" start-time="2021-07-01 22:25:22Z" end-time="2021-07-01 22:25:22Z" duration="0.001846" asserts="12" />
      </test-suite>
      <test-suite type="TestFixture" id="0-1056" name="SpecDefaultEndianMod" fullname="Kaitai.SpecDefaultEndianMod" classname="Kaitai.SpecDefaultEndianMod" runstate="Runnable" testcasecount="1" result="Passed" start-time="2021-07-01 22:25:22Z" end-time="2021-07-01 22:25:22Z" duration="0.003525" total="1" passed="1" failed="0" inconclusive="0" skipped="0" asserts="3">
        <test-case id="0-1057" name="TestDefaultEndianMod" fullname="Kaitai.SpecDefaultEndianMod.TestDefaultEndianMod" methodname="TestDefaultEndianMod" classname="Kaitai.SpecDefaultEndianMod" runstate="Runnable" seed="1846428834" result="Passed" start-time="2021-07-01 22:25:22Z" end-time="2021-07-01 22:25:22Z" duration="0.000851" asserts="3" />
      </test-suite>
      <test-suite type="TestFixture" id="0-1058" name="SpecDocstrings" fullname="Kaitai.SpecDocstrings" classname="Kaitai.SpecDocstrings" runstate="Runnable" testcasecount="1" result="Passed" start-time="2021-07-01 22:25:22Z" end-time="2021-07-01 22:25:22Z" duration="0.002792" total="1" passed="1" failed="0" inconclusive="0" skipped="0" asserts="0">
        <test-case id="0-1059" name="TestDocstrings" fullname="Kaitai.SpecDocstrings.TestDocstrings" methodname="TestDocstrings" classname="Kaitai.SpecDocstrings" runstate="Runnable" seed="483684148" result="Passed" start-time="2021-07-01 22:25:22Z" end-time="2021-07-01 22:25:22Z" duration="0.000340" asserts="0" />
      </test-suite>
      <test-suite type="TestFixture" id="0-1060" name="SpecDocstringsDocref" fullname="Kaitai.SpecDocstringsDocref" classname="Kaitai.SpecDocstringsDocref" runstate="Runnable" testcasecount="1" result="Passed" start-time="2021-07-01 22:25:22Z" end-time="2021-07-01 22:25:22Z" duration="0.002745" total="1" passed="1" failed="0" inconclusive="0" skipped="0" asserts="0">
        <test-case id="0-1061" name="TestDocstringsDocref" fullname="Kaitai.SpecDocstringsDocref.TestDocstringsDocref" methodname="TestDocstringsDocref" classname="Kaitai.SpecDocstringsDocref" runstate="Runnable" seed="1844512355" result="Passed" start-time="2021-07-01 22:25:22Z" end-time="2021-07-01 22:25:22Z" duration="0.000348" asserts="0" />
      </test-suite>
      <test-suite type="TestFixture" id="0-1062" name="SpecDocstringsDocrefMulti" fullname="Kaitai.SpecDocstringsDocrefMulti" classname="Kaitai.SpecDocstringsDocrefMulti" runstate="Runnable" testcasecount="1" result="Passed" start-time="2021-07-01 22:25:22Z" end-time="2021-07-01 22:25:22Z" duration="0.002777" total="1" passed="1" failed="0" inconclusive="0" skipped="0" asserts="0">
        <test-case id="0-1063" name="TestDocstringsDocrefMulti" fullname="Kaitai.SpecDocstringsDocrefMulti.TestDocstringsDocrefMulti" methodname="TestDocstringsDocrefMulti" classname="Kaitai.SpecDocstringsDocrefMulti" runstate="Runnable" seed="1723284187" result="Passed" start-time="2021-07-01 22:25:22Z" end-time="2021-07-01 22:25:22Z" duration="0.000303" asserts="0" />
      </test-suite>
      <test-suite type="TestFixture" id="0-1064" name="SpecEnum0" fullname="Kaitai.SpecEnum0" classname="Kaitai.SpecEnum0" runstate="Runnable" testcasecount="1" result="Passed" start-time="2021-07-01 22:25:22Z" end-time="2021-07-01 22:25:22Z" duration="0.002962" total="1" passed="1" failed="0" inconclusive="0" skipped="0" asserts="2">
        <test-case id="0-1065" name="TestEnum0" fullname="Kaitai.SpecEnum0.TestEnum0" methodname="TestEnum0" classname="Kaitai.SpecEnum0" runstate="Runnable" seed="283565992" result="Passed" start-time="2021-07-01 22:25:22Z" end-time="2021-07-01 22:25:22Z" duration="0.000510" asserts="2" />
      </test-suite>
      <test-suite type="TestFixture" id="0-1066" name="SpecEnum1" fullname="Kaitai.SpecEnum1" classname="Kaitai.SpecEnum1" runstate="Runnable" testcasecount="1" result="Passed" start-time="2021-07-01 22:25:22Z" end-time="2021-07-01 22:25:22Z" duration="0.003133" total="1" passed="1" failed="0" inconclusive="0" skipped="0" asserts="2">
        <test-case id="0-1067" name="TestEnum1" fullname="Kaitai.SpecEnum1.TestEnum1" methodname="TestEnum1" classname="Kaitai.SpecEnum1" runstate="Runnable" seed="108522236" result="Passed" start-time="2021-07-01 22:25:22Z" end-time="2021-07-01 22:25:22Z" duration="0.000704" asserts="2" />
      </test-suite>
      <test-suite type="TestFixture" id="0-1068" name="SpecEnumDeep" fullname="Kaitai.SpecEnumDeep" classname="Kaitai.SpecEnumDeep" runstate="Runnable" testcasecount="1" result="Passed" start-time="2021-07-01 22:25:22Z" end-time="2021-07-01 22:25:22Z" duration="0.002954" total="1" passed="1" failed="0" inconclusive="0" skipped="0" asserts="2">
        <test-case id="0-1069" name="TestEnumDeep" fullname="Kaitai.SpecEnumDeep.TestEnumDeep" methodname="TestEnumDeep" classname="Kaitai.SpecEnumDeep" runstate="Runnable" seed="2046169177" result="Passed" start-time="2021-07-01 22:25:22Z" end-time="2021-07-01 22:25:22Z" duration="0.000462" asserts="2" />
      </test-suite>
      <test-suite type="TestFixture" id="0-1070" name="SpecEnumDeepLiterals" fullname="Kaitai.SpecEnumDeepLiterals" classname="Kaitai.SpecEnumDeepLiterals" runstate="Runnable" testcasecount="1" result="Passed" start-time="2021-07-01 22:25:22Z" end-time="2021-07-01 22:25:22Z" duration="0.003126" total="1" passed="1" failed="0" inconclusive="0" skipped="0" asserts="2">
        <test-case id="0-1071" name="TestEnumDeepLiterals" fullname="Kaitai.SpecEnumDeepLiterals.TestEnumDeepLiterals" methodname="TestEnumDeepLiterals" classname="Kaitai.SpecEnumDeepLiterals" runstate="Runnable" seed="1718978329" result="Passed" start-time="2021-07-01 22:25:22Z" end-time="2021-07-01 22:25:22Z" duration="0.000591" asserts="2" />
      </test-suite>
      <test-suite type="TestFixture" id="0-1072" name="SpecEnumFancy" fullname="Kaitai.SpecEnumFancy" classname="Kaitai.SpecEnumFancy" runstate="Runnable" testcasecount="1" result="Passed" start-time="2021-07-01 22:25:22Z" end-time="2021-07-01 22:25:22Z" duration="0.003113" total="1" passed="1" failed="0" inconclusive="0" skipped="0" asserts="2">
        <test-case id="0-1073" name="TestEnumFancy" fullname="Kaitai.SpecEnumFancy.TestEnumFancy" methodname="TestEnumFancy" classname="Kaitai.SpecEnumFancy" runstate="Runnable" seed="1192270909" result="Passed" start-time="2021-07-01 22:25:22Z" end-time="2021-07-01 22:25:22Z" duration="0.000640" asserts="2" />
      </test-suite>
      <test-suite type="TestFixture" id="0-1074" name="SpecEnumForUnknownId" fullname="Kaitai.SpecEnumForUnknownId" classname="Kaitai.SpecEnumForUnknownId" runstate="Runnable" testcasecount="1" result="Passed" start-time="2021-07-01 22:25:22Z" end-time="2021-07-01 22:25:22Z" duration="0.003309" total="1" passed="1" failed="0" inconclusive="0" skipped="0" asserts="1">
        <test-case id="0-1075" name="TestEnumForUnknownId" fullname="Kaitai.SpecEnumForUnknownId.TestEnumForUnknownId" methodname="TestEnumForUnknownId" classname="Kaitai.SpecEnumForUnknownId" runstate="Runnable" seed="1561959759" result="Passed" start-time="2021-07-01 22:25:22Z" end-time="2021-07-01 22:25:22Z" duration="0.000655" asserts="1" />
      </test-suite>
      <test-suite type="TestFixture" id="0-1076" name="SpecEnumIf" fullname="Kaitai.SpecEnumIf" classname="Kaitai.SpecEnumIf" runstate="Runnable" testcasecount="1" result="Passed" start-time="2021-07-01 22:25:22Z" end-time="2021-07-01 22:25:22Z" duration="0.003783" total="1" passed="1" failed="0" inconclusive="0" skipped="0" asserts="7">
        <test-case id="0-1077" name="TestEnumIf" fullname="Kaitai.SpecEnumIf.TestEnumIf" methodname="TestEnumIf" classname="Kaitai.SpecEnumIf" runstate="Runnable" seed="1967890229" result="Passed" start-time="2021-07-01 22:25:22Z" end-time="2021-07-01 22:25:22Z" duration="0.001253" asserts="7" />
      </test-suite>
      <test-suite type="TestFixture" id="0-1078" name="SpecEnumImport" fullname="Kaitai.SpecEnumImport" classname="Kaitai.SpecEnumImport" runstate="Runnable" testcasecount="1" result="Passed" start-time="2021-07-01 22:25:22Z" end-time="2021-07-01 22:25:22Z" duration="0.003167" total="1" passed="1" failed="0" inconclusive="0" skipped="0" asserts="2">
        <test-case id="0-1079" name="TestEnumImport" fullname="Kaitai.SpecEnumImport.TestEnumImport" methodname="TestEnumImport" classname="Kaitai.SpecEnumImport" runstate="Runnable" seed="1638951667" result="Passed" start-time="2021-07-01 22:25:22Z" end-time="2021-07-01 22:25:22Z" duration="0.000588" asserts="2" />
      </test-suite>
      <test-suite type="TestFixture" id="0-1080" name="SpecEnumIntRangeS" fullname="Kaitai.SpecEnumIntRangeS" classname="Kaitai.SpecEnumIntRangeS" runstate="Runnable" testcasecount="1" result="Passed" start-time="2021-07-01 22:25:22Z" end-time="2021-07-01 22:25:22Z" duration="0.003178" total="1" passed="1" failed="0" inconclusive="0" skipped="0" asserts="3">
        <test-case id="0-1081" name="TestEnumIntRangeS" fullname="Kaitai.SpecEnumIntRangeS.TestEnumIntRangeS" methodname="TestEnumIntRangeS" classname="Kaitai.SpecEnumIntRangeS" runstate="Runnable" seed="869443127" result="Passed" start-time="2021-07-01 22:25:22Z" end-time="2021-07-01 22:25:22Z" duration="0.000623" asserts="3" />
      </test-suite>
      <test-suite type="TestFixture" id="0-1082" name="SpecEnumInvalid" fullname="Kaitai.SpecEnumInvalid" classname="Kaitai.SpecEnumInvalid" runstate="Runnable" testcasecount="1" result="Passed" start-time="2021-07-01 22:25:22Z" end-time="2021-07-01 22:25:22Z" duration="0.003230" total="1" passed="1" failed="0" inconclusive="0" skipped="0" asserts="2">
        <test-case id="0-1083" name="TestEnumInvalid" fullname="Kaitai.SpecEnumInvalid.TestEnumInvalid" methodname="TestEnumInvalid" classname="Kaitai.SpecEnumInvalid" runstate="Runnable" seed="996055002" result="Passed" start-time="2021-07-01 22:25:22Z" end-time="2021-07-01 22:25:22Z" duration="0.000684" asserts="2" />
      </test-suite>
      <test-suite type="TestFixture" id="0-1084" name="SpecEnumNegative" fullname="Kaitai.SpecEnumNegative" classname="Kaitai.SpecEnumNegative" runstate="Runnable" testcasecount="1" result="Passed" start-time="2021-07-01 22:25:22Z" end-time="2021-07-01 22:25:22Z" duration="0.003282" total="1" passed="1" failed="0" inconclusive="0" skipped="0" asserts="2">
        <test-case id="0-1085" name="TestEnumNegative" fullname="Kaitai.SpecEnumNegative.TestEnumNegative" methodname="TestEnumNegative" classname="Kaitai.SpecEnumNegative" runstate="Runnable" seed="3290772" result="Passed" start-time="2021-07-01 22:25:22Z" end-time="2021-07-01 22:25:22Z" duration="0.000541" asserts="2" />
      </test-suite>
      <test-suite type="TestFixture" id="0-1086" name="SpecEnumOfValueInst" fullname="Kaitai.SpecEnumOfValueInst" classname="Kaitai.SpecEnumOfValueInst" runstate="Runnable" testcasecount="1" result="Passed" start-time="2021-07-01 22:25:22Z" end-time="2021-07-01 22:25:22Z" duration="0.003689" total="1" passed="1" failed="0" inconclusive="0" skipped="0" asserts="4">
        <test-case id="0-1087" name="TestEnumOfValueInst" fullname="Kaitai.SpecEnumOfValueInst.TestEnumOfValueInst" methodname="TestEnumOfValueInst" classname="Kaitai.SpecEnumOfValueInst" runstate="Runnable" seed="1357155191" result="Passed" start-time="2021-07-01 22:25:22Z" end-time="2021-07-01 22:25:22Z" duration="0.000789" asserts="4" />
      </test-suite>
      <test-suite type="TestFixture" id="0-1088" name="SpecEofExceptionBytes" fullname="Kaitai.SpecEofExceptionBytes" classname="Kaitai.SpecEofExceptionBytes" runstate="Runnable" testcasecount="1" result="Passed" start-time="2021-07-01 22:25:22Z" end-time="2021-07-01 22:25:22Z" duration="0.003811" total="1" passed="1" failed="0" inconclusive="0" skipped="0" asserts="1">
        <test-case id="0-1089" name="TestEofExceptionBytes" fullname="Kaitai.SpecEofExceptionBytes.TestEofExceptionBytes" methodname="TestEofExceptionBytes" classname="Kaitai.SpecEofExceptionBytes" runstate="Runnable" seed="1303790003" result="Passed" start-time="2021-07-01 22:25:22Z" end-time="2021-07-01 22:25:22Z" duration="0.001324" asserts="1" />
      </test-suite>
      <test-suite type="TestFixture" id="0-1090" name="SpecEofExceptionU4" fullname="Kaitai.SpecEofExceptionU4" classname="Kaitai.SpecEofExceptionU4" runstate="Runnable" testcasecount="1" result="Passed" start-time="2021-07-01 22:25:22Z" end-time="2021-07-01 22:25:22Z" duration="0.003225" total="1" passed="1" failed="0" inconclusive="0" skipped="0" asserts="1">
        <test-case id="0-1091" name="TestEofExceptionU4" fullname="Kaitai.SpecEofExceptionU4.TestEofExceptionU4" methodname="TestEofExceptionU4" classname="Kaitai.SpecEofExceptionU4" runstate="Runnable" seed="531960333" result="Passed" start-time="2021-07-01 22:25:22Z" end-time="2021-07-01 22:25:22Z" duration="0.000698" asserts="1" />
      </test-suite>
      <test-suite type="TestFixture" id="0-1092" name="SpecEosExceptionBytes" fullname="Kaitai.SpecEosExceptionBytes" classname="Kaitai.SpecEosExceptionBytes" runstate="Runnable" testcasecount="1" result="Passed" start-time="2021-07-01 22:25:22Z" end-time="2021-07-01 22:25:22Z" duration="0.003327" total="1" passed="1" failed="0" inconclusive="0" skipped="0" asserts="1">
        <test-case id="0-1093" name="TestEosExceptionBytes" fullname="Kaitai.SpecEosExceptionBytes.TestEosExceptionBytes" methodname="TestEosExceptionBytes" classname="Kaitai.SpecEosExceptionBytes" runstate="Runnable" seed="549677407" result="Passed" start-time="2021-07-01 22:25:22Z" end-time="2021-07-01 22:25:22Z" duration="0.000619" asserts="1" />
      </test-suite>
      <test-suite type="TestFixture" id="0-1094" name="SpecEosExceptionU4" fullname="Kaitai.SpecEosExceptionU4" classname="Kaitai.SpecEosExceptionU4" runstate="Runnable" testcasecount="1" result="Passed" start-time="2021-07-01 22:25:22Z" end-time="2021-07-01 22:25:22Z" duration="0.003060" total="1" passed="1" failed="0" inconclusive="0" skipped="0" asserts="1">
        <test-case id="0-1095" name="TestEosExceptionU4" fullname="Kaitai.SpecEosExceptionU4.TestEosExceptionU4" methodname="TestEosExceptionU4" classname="Kaitai.SpecEosExceptionU4" runstate="Runnable" seed="311700608" result="Passed" start-time="2021-07-01 22:25:22Z" end-time="2021-07-01 22:25:22Z" duration="0.000605" asserts="1" />
      </test-suite>
      <test-suite type="TestFixture" id="0-1096" name="SpecExpr0" fullname="Kaitai.SpecExpr0" classname="Kaitai.SpecExpr0" runstate="Runnable" testcasecount="1" result="Passed" start-time="2021-07-01 22:25:22Z" end-time="2021-07-01 22:25:22Z" duration="0.003467" total="1" passed="1" failed="0" inconclusive="0" skipped="0" asserts="2">
        <test-case id="0-1097" name="TestExpr0" fullname="Kaitai.SpecExpr0.TestExpr0" methodname="TestExpr0" classname="Kaitai.SpecExpr0" runstate="Runnable" seed="70484241" result="Passed" start-time="2021-07-01 22:25:22Z" end-time="2021-07-01 22:25:22Z" duration="0.000744" asserts="2" />
      </test-suite>
      <test-suite type="TestFixture" id="0-1098" name="SpecExpr1" fullname="Kaitai.SpecExpr1" classname="Kaitai.SpecExpr1" runstate="Runnable" testcasecount="1" result="Passed" start-time="2021-07-01 22:25:22Z" end-time="2021-07-01 22:25:22Z" duration="0.003151" total="1" passed="1" failed="0" inconclusive="0" skipped="0" asserts="4">
        <test-case id="0-1099" name="TestExpr1" fullname="Kaitai.SpecExpr1.TestExpr1" methodname="TestExpr1" classname="Kaitai.SpecExpr1" runstate="Runnable" seed="1020656716" result="Passed" start-time="2021-07-01 22:25:22Z" end-time="2021-07-01 22:25:22Z" duration="0.000679" asserts="4" />
      </test-suite>
      <test-suite type="TestFixture" id="0-1100" name="SpecExpr2" fullname="Kaitai.SpecExpr2" classname="Kaitai.SpecExpr2" runstate="Runnable" testcasecount="1" result="Passed" start-time="2021-07-01 22:25:22Z" end-time="2021-07-01 22:25:22Z" duration="0.004627" total="1" passed="1" failed="0" inconclusive="0" skipped="0" asserts="17">
        <test-case id="0-1101" name="TestExpr2" fullname="Kaitai.SpecExpr2.TestExpr2" methodname="TestExpr2" classname="Kaitai.SpecExpr2" runstate="Runnable" seed="342372556" result="Passed" start-time="2021-07-01 22:25:22Z" end-time="2021-07-01 22:25:22Z" duration="0.002095" asserts="17" />
      </test-suite>
      <test-suite type="TestFixture" id="0-1102" name="SpecExpr3" fullname="Kaitai.SpecExpr3" classname="Kaitai.SpecExpr3" runstate="Runnable" testcasecount="1" result="Passed" start-time="2021-07-01 22:25:22Z" end-time="2021-07-01 22:25:22Z" duration="0.003955" total="1" passed="1" failed="0" inconclusive="0" skipped="0" asserts="12">
        <test-case id="0-1103" name="TestExpr3" fullname="Kaitai.SpecExpr3.TestExpr3" methodname="TestExpr3" classname="Kaitai.SpecExpr3" runstate="Runnable" seed="807314571" result="Passed" start-time="2021-07-01 22:25:22Z" end-time="2021-07-01 22:25:22Z" duration="0.001471" asserts="12" />
      </test-suite>
      <test-suite type="TestFixture" id="0-1104" name="SpecExprArray" fullname="Kaitai.SpecExprArray" classname="Kaitai.SpecExprArray" runstate="Runnable" testcasecount="1" result="Passed" start-time="2021-07-01 22:25:22Z" end-time="2021-07-01 22:25:22Z" duration="0.009590" total="1" passed="1" failed="0" inconclusive="0" skipped="0" asserts="15">
        <test-case id="0-1105" name="TestExprArray" fullname="Kaitai.SpecExprArray.TestExprArray" methodname="TestExprArray" classname="Kaitai.SpecExprArray" runstate="Runnable" seed="1078471465" result="Passed" start-time="2021-07-01 22:25:22Z" end-time="2021-07-01 22:25:22Z" duration="0.007026" asserts="15" />
      </test-suite>
      <test-suite type="TestFixture" id="0-1106" name="SpecExprBytesCmp" fullname="Kaitai.SpecExprBytesCmp" classname="Kaitai.SpecExprBytesCmp" runstate="Runnable" testcasecount="1" result="Passed" start-time="2021-07-01 22:25:22Z" end-time="2021-07-01 22:25:22Z" duration="0.004266" total="1" passed="1" failed="0" inconclusive="0" skipped="0" asserts="10">
        <test-case id="0-1107" name="TestExprBytesCmp" fullname="Kaitai.SpecExprBytesCmp.TestExprBytesCmp" methodname="TestExprBytesCmp" classname="Kaitai.SpecExprBytesCmp" runstate="Runnable" seed="1229308755" result="Passed" start-time="2021-07-01 22:25:22Z" end-time="2021-07-01 22:25:22Z" duration="0.001780" asserts="10" />
      </test-suite>
      <test-suite type="TestFixture" id="0-1108" name="SpecExprBytesOps" fullname="Kaitai.SpecExprBytesOps" classname="Kaitai.SpecExprBytesOps" runstate="Runnable" testcasecount="1" result="Passed" start-time="2021-07-01 22:25:22Z" end-time="2021-07-01 22:25:22Z" duration="0.005867" total="1" passed="1" failed="0" inconclusive="0" skipped="0" asserts="16">
        <test-case id="0-1109" name="TestExprBytesOps" fullname="Kaitai.SpecExprBytesOps.TestExprBytesOps" methodname="TestExprBytesOps" classname="Kaitai.SpecExprBytesOps" runstate="Runnable" seed="388018310" result="Passed" start-time="2021-07-01 22:25:22Z" end-time="2021-07-01 22:25:22Z" duration="0.003359" asserts="16" />
      </test-suite>
      <test-suite type="TestFixture" id="0-1110" name="SpecExprCalcArrayOps" fullname="Kaitai.SpecExprCalcArrayOps" classname="Kaitai.SpecExprCalcArrayOps" runstate="Runnable" testcasecount="1" result="Passed" start-time="2021-07-01 22:25:22Z" end-time="2021-07-01 22:25:22Z" duration="0.006608" total="1" passed="1" failed="0" inconclusive="0" skipped="0" asserts="18">
        <test-case id="0-1111" name="TestExprCalcArrayOps" fullname="Kaitai.SpecExprCalcArrayOps.TestExprCalcArrayOps" methodname="TestExprCalcArrayOps" classname="Kaitai.SpecExprCalcArrayOps" runstate="Runnable" seed="630869859" result="Passed" start-time="2021-07-01 22:25:22Z" end-time="2021-07-01 22:25:22Z" duration="0.004126" asserts="18" />
      </test-suite>
      <test-suite type="TestFixture" id="0-1112" name="SpecExprEnum" fullname="Kaitai.SpecExprEnum" classname="Kaitai.SpecExprEnum" runstate="Runnable" testcasecount="1" result="Passed" start-time="2021-07-01 22:25:22Z" end-time="2021-07-01 22:25:22Z" duration="0.003126" total="1" passed="1" failed="0" inconclusive="0" skipped="0" asserts="3">
        <test-case id="0-1113" name="TestExprEnum" fullname="Kaitai.SpecExprEnum.TestExprEnum" methodname="TestExprEnum" classname="Kaitai.SpecExprEnum" runstate="Runnable" seed="1320028904" result="Passed" start-time="2021-07-01 22:25:22Z" end-time="2021-07-01 22:25:22Z" duration="0.000625" asserts="3" />
      </test-suite>
      <test-suite type="TestFixture" id="0-1114" name="SpecExprIfIntOps" fullname="Kaitai.SpecExprIfIntOps" classname="Kaitai.SpecExprIfIntOps" runstate="Runnable" testcasecount="1" result="Passed" start-time="2021-07-01 22:25:22Z" end-time="2021-07-01 22:25:22Z" duration="0.003472" total="1" passed="1" failed="0" inconclusive="0" skipped="0" asserts="2">
        <test-case id="0-1115" name="TestExprIfIntOps" fullname="Kaitai.SpecExprIfIntOps.TestExprIfIntOps" methodname="TestExprIfIntOps" classname="Kaitai.SpecExprIfIntOps" runstate="Runnable" seed="1962236187" result="Passed" start-time="2021-07-01 22:25:22Z" end-time="2021-07-01 22:25:22Z" duration="0.000970" asserts="2" />
      </test-suite>
      <test-suite type="TestFixture" id="0-1116" name="SpecExprIntDiv" fullname="Kaitai.SpecExprIntDiv" classname="Kaitai.SpecExprIntDiv" runstate="Runnable" testcasecount="1" result="Failed" site="Child" start-time="2021-07-01 22:25:22Z" end-time="2021-07-01 22:25:22Z" duration="0.014024" total="1" passed="0" failed="1" inconclusive="0" skipped="0" asserts="4">
        <failure>
          <message><![CDATA[One or more child tests had errors]]></message>
        </failure>
        <test-case id="0-1117" name="TestExprIntDiv" fullname="Kaitai.SpecExprIntDiv.TestExprIntDiv" methodname="TestExprIntDiv" classname="Kaitai.SpecExprIntDiv" runstate="Runnable" seed="280942002" result="Failed" start-time="2021-07-01 22:25:22Z" end-time="2021-07-01 22:25:22Z" duration="0.011378" asserts="4">
          <failure>
            <message><![CDATA[  Expected: -756
  But was:  -757
]]></message>
            <stack-trace><![CDATA[at Kaitai.SpecExprIntDiv.TestExprIntDiv () [0x00069] in <2e60dbcb8f5a4f3f89dded0a59ef213f>:0
]]></stack-trace>
          </failure>
        </test-case>
      </test-suite>
      <test-suite type="TestFixture" id="0-1118" name="SpecExprIoEof" fullname="Kaitai.SpecExprIoEof" classname="Kaitai.SpecExprIoEof" runstate="Runnable" testcasecount="1" result="Passed" start-time="2021-07-01 22:25:22Z" end-time="2021-07-01 22:25:22Z" duration="0.005833" total="1" passed="1" failed="0" inconclusive="0" skipped="0" asserts="4">
        <test-case id="0-1119" name="TestExprIoEof" fullname="Kaitai.SpecExprIoEof.TestExprIoEof" methodname="TestExprIoEof" classname="Kaitai.SpecExprIoEof" runstate="Runnable" seed="244335611" result="Passed" start-time="2021-07-01 22:25:22Z" end-time="2021-07-01 22:25:22Z" duration="0.001514" asserts="4" />
      </test-suite>
      <test-suite type="TestFixture" id="0-1120" name="SpecExprIoPos" fullname="Kaitai.SpecExprIoPos" classname="Kaitai.SpecExprIoPos" runstate="Runnable" testcasecount="1" result="Passed" start-time="2021-07-01 22:25:22Z" end-time="2021-07-01 22:25:22Z" duration="0.003370" total="1" passed="1" failed="0" inconclusive="0" skipped="0" asserts="6">
        <test-case id="0-1121" name="TestExprIoPos" fullname="Kaitai.SpecExprIoPos.TestExprIoPos" methodname="TestExprIoPos" classname="Kaitai.SpecExprIoPos" runstate="Runnable" seed="503985128" result="Passed" start-time="2021-07-01 22:25:22Z" end-time="2021-07-01 22:25:22Z" duration="0.000847" asserts="6" />
      </test-suite>
      <test-suite type="TestFixture" id="0-1122" name="SpecExprMod" fullname="Kaitai.SpecExprMod" classname="Kaitai.SpecExprMod" runstate="Runnable" testcasecount="1" result="Passed" start-time="2021-07-01 22:25:22Z" end-time="2021-07-01 22:25:22Z" duration="0.003512" total="1" passed="1" failed="0" inconclusive="0" skipped="0" asserts="6">
        <test-case id="0-1123" name="TestExprMod" fullname="Kaitai.SpecExprMod.TestExprMod" methodname="TestExprMod" classname="Kaitai.SpecExprMod" runstate="Runnable" seed="496935972" result="Passed" start-time="2021-07-01 22:25:22Z" end-time="2021-07-01 22:25:22Z" duration="0.001037" asserts="6" />
      </test-suite>
      <test-suite type="TestFixture" id="0-1124" name="SpecExprSizeofType0" fullname="Kaitai.SpecExprSizeofType0" classname="Kaitai.SpecExprSizeofType0" runstate="Runnable" testcasecount="1" result="Passed" start-time="2021-07-01 22:25:22Z" end-time="2021-07-01 22:25:22Z" duration="0.002889" total="1" passed="1" failed="0" inconclusive="0" skipped="0" asserts="1">
        <test-case id="0-1125" name="TestExprSizeofType0" fullname="Kaitai.SpecExprSizeofType0.TestExprSizeofType0" methodname="TestExprSizeofType0" classname="Kaitai.SpecExprSizeofType0" runstate="Runnable" seed="751744638" result="Passed" start-time="2021-07-01 22:25:22Z" end-time="2021-07-01 22:25:22Z" duration="0.000395" asserts="1" />
      </test-suite>
      <test-suite type="TestFixture" id="0-1126" name="SpecExprSizeofType1" fullname="Kaitai.SpecExprSizeofType1" classname="Kaitai.SpecExprSizeofType1" runstate="Runnable" testcasecount="1" result="Passed" start-time="2021-07-01 22:25:22Z" end-time="2021-07-01 22:25:22Z" duration="0.002905" total="1" passed="1" failed="0" inconclusive="0" skipped="0" asserts="2">
        <test-case id="0-1127" name="TestExprSizeofType1" fullname="Kaitai.SpecExprSizeofType1.TestExprSizeofType1" methodname="TestExprSizeofType1" classname="Kaitai.SpecExprSizeofType1" runstate="Runnable" seed="836437680" result="Passed" start-time="2021-07-01 22:25:22Z" end-time="2021-07-01 22:25:22Z" duration="0.000464" asserts="2" />
      </test-suite>
      <test-suite type="TestFixture" id="0-1128" name="SpecExprSizeofValue0" fullname="Kaitai.SpecExprSizeofValue0" classname="Kaitai.SpecExprSizeofValue0" runstate="Runnable" testcasecount="1" result="Passed" start-time="2021-07-01 22:25:22Z" end-time="2021-07-01 22:25:22Z" duration="0.003317" total="1" passed="1" failed="0" inconclusive="0" skipped="0" asserts="5">
        <test-case id="0-1129" name="TestExprSizeofValue0" fullname="Kaitai.SpecExprSizeofValue0.TestExprSizeofValue0" methodname="TestExprSizeofValue0" classname="Kaitai.SpecExprSizeofValue0" runstate="Runnable" seed="974310276" result="Passed" start-time="2021-07-01 22:25:22Z" end-time="2021-07-01 22:25:22Z" duration="0.000840" asserts="5" />
      </test-suite>
      <test-suite type="TestFixture" id="0-1130" name="SpecExprSizeofValueSized" fullname="Kaitai.SpecExprSizeofValueSized" classname="Kaitai.SpecExprSizeofValueSized" runstate="Runnable" testcasecount="1" result="Passed" start-time="2021-07-01 22:25:22Z" end-time="2021-07-01 22:25:22Z" duration="0.003607" total="1" passed="1" failed="0" inconclusive="0" skipped="0" asserts="5">
        <test-case id="0-1131" name="TestExprSizeofValueSized" fullname="Kaitai.SpecExprSizeofValueSized.TestExprSizeofValueSized" methodname="TestExprSizeofValueSized" classname="Kaitai.SpecExprSizeofValueSized" runstate="Runnable" seed="702769509" result="Passed" start-time="2021-07-01 22:25:22Z" end-time="2021-07-01 22:25:22Z" duration="0.001073" asserts="5" />
      </test-suite>
      <test-suite type="TestFixture" id="0-1132" name="SpecExprStrEncodings" fullname="Kaitai.SpecExprStrEncodings" classname="Kaitai.SpecExprStrEncodings" runstate="Runnable" testcasecount="1" result="Passed" start-time="2021-07-01 22:25:22Z" end-time="2021-07-01 22:25:22Z" duration="0.092183" total="1" passed="1" failed="0" inconclusive="0" skipped="0" asserts="7">
        <test-case id="0-1133" name="TestExprStrEncodings" fullname="Kaitai.SpecExprStrEncodings.TestExprStrEncodings" methodname="TestExprStrEncodings" classname="Kaitai.SpecExprStrEncodings" runstate="Runnable" seed="19359227" result="Passed" start-time="2021-07-01 22:25:22Z" end-time="2021-07-01 22:25:22Z" duration="0.089531" asserts="7" />
      </test-suite>
      <test-suite type="TestFixture" id="0-1134" name="SpecExprStrOps" fullname="Kaitai.SpecExprStrOps" classname="Kaitai.SpecExprStrOps" runstate="Runnable" testcasecount="1" result="Passed" start-time="2021-07-01 22:25:22Z" end-time="2021-07-01 22:25:22Z" duration="0.006366" total="1" passed="1" failed="0" inconclusive="0" skipped="0" asserts="17">
        <test-case id="0-1135" name="TestExprStrOps" fullname="Kaitai.SpecExprStrOps.TestExprStrOps" methodname="TestExprStrOps" classname="Kaitai.SpecExprStrOps" runstate="Runnable" seed="1866676313" result="Passed" start-time="2021-07-01 22:25:22Z" end-time="2021-07-01 22:25:22Z" duration="0.003930" asserts="17" />
      </test-suite>
      <test-suite type="TestFixture" id="0-1136" name="SpecFixedContents" fullname="Kaitai.SpecFixedContents" classname="Kaitai.SpecFixedContents" runstate="Runnable" testcasecount="1" result="Passed" start-time="2021-07-01 22:25:22Z" end-time="2021-07-01 22:25:22Z" duration="0.003398" total="1" passed="1" failed="0" inconclusive="0" skipped="0" asserts="0">
        <test-case id="0-1137" name="TestFixedContents" fullname="Kaitai.SpecFixedContents.TestFixedContents" methodname="TestFixedContents" classname="Kaitai.SpecFixedContents" runstate="Runnable" seed="834578356" result="Passed" start-time="2021-07-01 22:25:22Z" end-time="2021-07-01 22:25:22Z" duration="0.000647" asserts="0" />
      </test-suite>
      <test-suite type="TestFixture" id="0-1138" name="SpecFixedStruct" fullname="Kaitai.SpecFixedStruct" classname="Kaitai.SpecFixedStruct" runstate="Runnable" testcasecount="1" result="Passed" start-time="2021-07-01 22:25:22Z" end-time="2021-07-01 22:25:22Z" duration="0.004849" total="1" passed="1" failed="0" inconclusive="0" skipped="0" asserts="20">
        <test-case id="0-1139" name="TestFixedStruct" fullname="Kaitai.SpecFixedStruct.TestFixedStruct" methodname="TestFixedStruct" classname="Kaitai.SpecFixedStruct" runstate="Runnable" seed="1666290584" result="Passed" start-time="2021-07-01 22:25:22Z" end-time="2021-07-01 22:25:22Z" duration="0.002207" asserts="20" />
      </test-suite>
      <test-suite type="TestFixture" id="0-1142" name="SpecFloatingPoints" fullname="Kaitai.SpecFloatingPoints" classname="Kaitai.SpecFloatingPoints" runstate="Runnable" testcasecount="1" result="Passed" start-time="2021-07-01 22:25:22Z" end-time="2021-07-01 22:25:22Z" duration="0.003546" total="1" passed="1" failed="0" inconclusive="0" skipped="0" asserts="8">
        <test-case id="0-1143" name="TestFloatingPoints" fullname="Kaitai.SpecFloatingPoints.TestFloatingPoints" methodname="TestFloatingPoints" classname="Kaitai.SpecFloatingPoints" runstate="Runnable" seed="2035534140" result="Passed" start-time="2021-07-01 22:25:22Z" end-time="2021-07-01 22:25:22Z" duration="0.001079" asserts="8" />
      </test-suite>
      <test-suite type="TestFixture" id="0-1140" name="SpecFloatToI" fullname="Kaitai.SpecFloatToI" classname="Kaitai.SpecFloatToI" runstate="Runnable" testcasecount="1" result="Passed" start-time="2021-07-01 22:25:22Z" end-time="2021-07-01 22:25:22Z" duration="0.003674" total="1" passed="1" failed="0" inconclusive="0" skipped="0" asserts="8">
        <test-case id="0-1141" name="TestFloatToI" fullname="Kaitai.SpecFloatToI.TestFloatToI" methodname="TestFloatToI" classname="Kaitai.SpecFloatToI" runstate="Runnable" seed="1214581097" result="Passed" start-time="2021-07-01 22:25:22Z" end-time="2021-07-01 22:25:22Z" duration="0.000960" asserts="8" />
      </test-suite>
      <test-suite type="TestFixture" id="0-1144" name="SpecHelloWorld" fullname="Kaitai.SpecHelloWorld" classname="Kaitai.SpecHelloWorld" runstate="Runnable" testcasecount="1" result="Passed" start-time="2021-07-01 22:25:22Z" end-time="2021-07-01 22:25:22Z" duration="0.002995" total="1" passed="1" failed="0" inconclusive="0" skipped="0" asserts="1">
        <test-case id="0-1145" name="TestHelloWorld" fullname="Kaitai.SpecHelloWorld.TestHelloWorld" methodname="TestHelloWorld" classname="Kaitai.SpecHelloWorld" runstate="Runnable" seed="2119860340" result="Passed" start-time="2021-07-01 22:25:22Z" end-time="2021-07-01 22:25:22Z" duration="0.000447" asserts="1" />
      </test-suite>
      <test-suite type="TestFixture" id="0-1146" name="SpecIfInstances" fullname="Kaitai.SpecIfInstances" classname="Kaitai.SpecIfInstances" runstate="Runnable" testcasecount="1" result="Passed" start-time="2021-07-01 22:25:22Z" end-time="2021-07-01 22:25:22Z" duration="0.002971" total="1" passed="1" failed="0" inconclusive="0" skipped="0" asserts="1">
        <test-case id="0-1147" name="TestIfInstances" fullname="Kaitai.SpecIfInstances.TestIfInstances" methodname="TestIfInstances" classname="Kaitai.SpecIfInstances" runstate="Runnable" seed="1415279505" result="Passed" start-time="2021-07-01 22:25:22Z" end-time="2021-07-01 22:25:22Z" duration="0.000477" asserts="1" />
      </test-suite>
      <test-suite type="TestFixture" id="0-1148" name="SpecIfStruct" fullname="Kaitai.SpecIfStruct" classname="Kaitai.SpecIfStruct" runstate="Runnable" testcasecount="1" result="Passed" start-time="2021-07-01 22:25:22Z" end-time="2021-07-01 22:25:22Z" duration="0.003884" total="1" passed="1" failed="0" inconclusive="0" skipped="0" asserts="7">
        <test-case id="0-1149" name="TestIfStruct" fullname="Kaitai.SpecIfStruct.TestIfStruct" methodname="TestIfStruct" classname="Kaitai.SpecIfStruct" runstate="Runnable" seed="1929283818" result="Passed" start-time="2021-07-01 22:25:22Z" end-time="2021-07-01 22:25:22Z" duration="0.001369" asserts="7" />
      </test-suite>
      <test-suite type="TestFixture" id="0-1150" name="SpecIfValues" fullname="Kaitai.SpecIfValues" classname="Kaitai.SpecIfValues" runstate="Runnable" testcasecount="1" result="Passed" start-time="2021-07-01 22:25:22Z" end-time="2021-07-01 22:25:22Z" duration="0.004148" total="1" passed="1" failed="0" inconclusive="0" skipped="0" asserts="6">
        <test-case id="0-1151" name="TestIfValues" fullname="Kaitai.SpecIfValues.TestIfValues" methodname="TestIfValues" classname="Kaitai.SpecIfValues" runstate="Runnable" seed="212037850" result="Passed" start-time="2021-07-01 22:25:22Z" end-time="2021-07-01 22:25:22Z" duration="0.001652" asserts="6" />
      </test-suite>
      <test-suite type="TestFixture" id="0-1152" name="SpecImports0" fullname="Kaitai.SpecImports0" classname="Kaitai.SpecImports0" runstate="Runnable" testcasecount="1" result="Passed" start-time="2021-07-01 22:25:22Z" end-time="2021-07-01 22:25:22Z" duration="0.003153" total="1" passed="1" failed="0" inconclusive="0" skipped="0" asserts="3">
        <test-case id="0-1153" name="TestImports0" fullname="Kaitai.SpecImports0.TestImports0" methodname="TestImports0" classname="Kaitai.SpecImports0" runstate="Runnable" seed="1042033790" result="Passed" start-time="2021-07-01 22:25:22Z" end-time="2021-07-01 22:25:22Z" duration="0.000518" asserts="3" />
      </test-suite>
      <test-suite type="TestFixture" id="0-1154" name="SpecImportsAbs" fullname="Kaitai.SpecImportsAbs" classname="Kaitai.SpecImportsAbs" runstate="Runnable" testcasecount="1" result="Passed" start-time="2021-07-01 22:25:22Z" end-time="2021-07-01 22:25:22Z" duration="0.005523" total="1" passed="1" failed="0" inconclusive="0" skipped="0" asserts="2">
        <test-case id="0-1155" name="TestImportsAbs" fullname="Kaitai.SpecImportsAbs.TestImportsAbs" methodname="TestImportsAbs" classname="Kaitai.SpecImportsAbs" runstate="Runnable" seed="1736247463" result="Passed" start-time="2021-07-01 22:25:22Z" end-time="2021-07-01 22:25:22Z" duration="0.001354" asserts="2" />
      </test-suite>
      <test-suite type="TestFixture" id="0-1156" name="SpecImportsAbsAbs" fullname="Kaitai.SpecImportsAbsAbs" classname="Kaitai.SpecImportsAbsAbs" runstate="Runnable" testcasecount="1" result="Passed" start-time="2021-07-01 22:25:22Z" end-time="2021-07-01 22:25:22Z" duration="0.003582" total="1" passed="1" failed="0" inconclusive="0" skipped="0" asserts="3">
        <test-case id="0-1157" name="TestImportsAbsAbs" fullname="Kaitai.SpecImportsAbsAbs.TestImportsAbsAbs" methodname="TestImportsAbsAbs" classname="Kaitai.SpecImportsAbsAbs" runstate="Runnable" seed="414575582" result="Passed" start-time="2021-07-01 22:25:22Z" end-time="2021-07-01 22:25:22Z" duration="0.000929" asserts="3" />
      </test-suite>
      <test-suite type="TestFixture" id="0-1158" name="SpecImportsAbsRel" fullname="Kaitai.SpecImportsAbsRel" classname="Kaitai.SpecImportsAbsRel" runstate="Runnable" testcasecount="1" result="Passed" start-time="2021-07-01 22:25:22Z" end-time="2021-07-01 22:25:22Z" duration="0.003561" total="1" passed="1" failed="0" inconclusive="0" skipped="0" asserts="3">
        <test-case id="0-1159" name="TestImportsAbsRel" fullname="Kaitai.SpecImportsAbsRel.TestImportsAbsRel" methodname="TestImportsAbsRel" classname="Kaitai.SpecImportsAbsRel" runstate="Runnable" seed="291954574" result="Passed" start-time="2021-07-01 22:25:22Z" end-time="2021-07-01 22:25:22Z" duration="0.000844" asserts="3" />
      </test-suite>
      <test-suite type="TestFixture" id="0-1160" name="SpecImportsCircularA" fullname="Kaitai.SpecImportsCircularA" classname="Kaitai.SpecImportsCircularA" runstate="Runnable" testcasecount="1" result="Passed" start-time="2021-07-01 22:25:22Z" end-time="2021-07-01 22:25:22Z" duration="0.003358" total="1" passed="1" failed="0" inconclusive="0" skipped="0" asserts="5">
        <test-case id="0-1161" name="TestImportsCircularA" fullname="Kaitai.SpecImportsCircularA.TestImportsCircularA" methodname="TestImportsCircularA" classname="Kaitai.SpecImportsCircularA" runstate="Runnable" seed="50147156" result="Passed" start-time="2021-07-01 22:25:22Z" end-time="2021-07-01 22:25:22Z" duration="0.000900" asserts="5" />
      </test-suite>
      <test-suite type="TestFixture" id="0-1162" name="SpecImportsRel1" fullname="Kaitai.SpecImportsRel1" classname="Kaitai.SpecImportsRel1" runstate="Runnable" testcasecount="1" result="Passed" start-time="2021-07-01 22:25:22Z" end-time="2021-07-01 22:25:22Z" duration="0.003183" total="1" passed="1" failed="0" inconclusive="0" skipped="0" asserts="3">
        <test-case id="0-1163" name="TestImportsRel1" fullname="Kaitai.SpecImportsRel1.TestImportsRel1" methodname="TestImportsRel1" classname="Kaitai.SpecImportsRel1" runstate="Runnable" seed="1684567539" result="Passed" start-time="2021-07-01 22:25:22Z" end-time="2021-07-01 22:25:22Z" duration="0.000750" asserts="3" />
      </test-suite>
      <test-suite type="TestFixture" id="0-1164" name="SpecIndexSizes" fullname="Kaitai.SpecIndexSizes" classname="Kaitai.SpecIndexSizes" runstate="Runnable" testcasecount="1" result="Passed" start-time="2021-07-01 22:25:22Z" end-time="2021-07-01 22:25:22Z" duration="0.003307" total="1" passed="1" failed="0" inconclusive="0" skipped="0" asserts="7">
        <test-case id="0-1165" name="TestIndexSizes" fullname="Kaitai.SpecIndexSizes.TestIndexSizes" methodname="TestIndexSizes" classname="Kaitai.SpecIndexSizes" runstate="Runnable" seed="1710971184" result="Passed" start-time="2021-07-01 22:25:22Z" end-time="2021-07-01 22:25:22Z" duration="0.000837" asserts="7" />
      </test-suite>
      <test-suite type="TestFixture" id="0-1166" name="SpecIndexToParamEos" fullname="Kaitai.SpecIndexToParamEos" classname="Kaitai.SpecIndexToParamEos" runstate="Runnable" testcasecount="1" result="Passed" start-time="2021-07-01 22:25:22Z" end-time="2021-07-01 22:25:22Z" duration="0.003715" total="1" passed="1" failed="0" inconclusive="0" skipped="0" asserts="7">
        <test-case id="0-1167" name="TestIndexToParamEos" fullname="Kaitai.SpecIndexToParamEos.TestIndexToParamEos" methodname="TestIndexToParamEos" classname="Kaitai.SpecIndexToParamEos" runstate="Runnable" seed="1096793222" result="Passed" start-time="2021-07-01 22:25:22Z" end-time="2021-07-01 22:25:22Z" duration="0.001266" asserts="7" />
      </test-suite>
      <test-suite type="TestFixture" id="0-1168" name="SpecIndexToParamExpr" fullname="Kaitai.SpecIndexToParamExpr" classname="Kaitai.SpecIndexToParamExpr" runstate="Runnable" testcasecount="1" result="Passed" start-time="2021-07-01 22:25:22Z" end-time="2021-07-01 22:25:22Z" duration="0.003933" total="1" passed="1" failed="0" inconclusive="0" skipped="0" asserts="7">
        <test-case id="0-1169" name="TestIndexToParamExpr" fullname="Kaitai.SpecIndexToParamExpr.TestIndexToParamExpr" methodname="TestIndexToParamExpr" classname="Kaitai.SpecIndexToParamExpr" runstate="Runnable" seed="690821064" result="Passed" start-time="2021-07-01 22:25:22Z" end-time="2021-07-01 22:25:22Z" duration="0.001338" asserts="7" />
      </test-suite>
      <test-suite type="TestFixture" id="0-1170" name="SpecIndexToParamUntil" fullname="Kaitai.SpecIndexToParamUntil" classname="Kaitai.SpecIndexToParamUntil" runstate="Runnable" testcasecount="1" result="Passed" start-time="2021-07-01 22:25:22Z" end-time="2021-07-01 22:25:22Z" duration="0.003708" total="1" passed="1" failed="0" inconclusive="0" skipped="0" asserts="7">
        <test-case id="0-1171" name="TestIndexToParamUntil" fullname="Kaitai.SpecIndexToParamUntil.TestIndexToParamUntil" methodname="TestIndexToParamUntil" classname="Kaitai.SpecIndexToParamUntil" runstate="Runnable" seed="1093340672" result="Passed" start-time="2021-07-01 22:25:22Z" end-time="2021-07-01 22:25:22Z" duration="0.001231" asserts="7" />
      </test-suite>
      <test-suite type="TestFixture" id="0-1172" name="SpecInstanceIoUser" fullname="Kaitai.SpecInstanceIoUser" classname="Kaitai.SpecInstanceIoUser" runstate="Runnable" testcasecount="1" result="Passed" start-time="2021-07-01 22:25:22Z" end-time="2021-07-01 22:25:22Z" duration="0.003880" total="1" passed="1" failed="0" inconclusive="0" skipped="0" asserts="4">
        <test-case id="0-1173" name="TestInstanceIoUser" fullname="Kaitai.SpecInstanceIoUser.TestInstanceIoUser" methodname="TestInstanceIoUser" classname="Kaitai.SpecInstanceIoUser" runstate="Runnable" seed="1503161154" result="Passed" start-time="2021-07-01 22:25:22Z" end-time="2021-07-01 22:25:22Z" duration="0.001427" asserts="4" />
      </test-suite>
      <test-suite type="TestFixture" id="0-1174" name="SpecInstanceStd" fullname="Kaitai.SpecInstanceStd" classname="Kaitai.SpecInstanceStd" runstate="Runnable" testcasecount="1" result="Passed" start-time="2021-07-01 22:25:22Z" end-time="2021-07-01 22:25:22Z" duration="0.002944" total="1" passed="1" failed="0" inconclusive="0" skipped="0" asserts="1">
        <test-case id="0-1175" name="TestInstanceStd" fullname="Kaitai.SpecInstanceStd.TestInstanceStd" methodname="TestInstanceStd" classname="Kaitai.SpecInstanceStd" runstate="Runnable" seed="185701082" result="Passed" start-time="2021-07-01 22:25:22Z" end-time="2021-07-01 22:25:22Z" duration="0.000496" asserts="1" />
      </test-suite>
      <test-suite type="TestFixture" id="0-1176" name="SpecInstanceStdArray" fullname="Kaitai.SpecInstanceStdArray" classname="Kaitai.SpecInstanceStdArray" runstate="Runnable" testcasecount="1" result="Passed" start-time="2021-07-01 22:25:22Z" end-time="2021-07-01 22:25:22Z" duration="0.003321" total="1" passed="1" failed="0" inconclusive="0" skipped="0" asserts="7">
        <test-case id="0-1177" name="TestInstanceStdArray" fullname="Kaitai.SpecInstanceStdArray.TestInstanceStdArray" methodname="TestInstanceStdArray" classname="Kaitai.SpecInstanceStdArray" runstate="Runnable" seed="967558504" result="Passed" start-time="2021-07-01 22:25:22Z" end-time="2021-07-01 22:25:22Z" duration="0.000877" asserts="7" />
      </test-suite>
      <test-suite type="TestFixture" id="0-1178" name="SpecInstanceUserArray" fullname="Kaitai.SpecInstanceUserArray" classname="Kaitai.SpecInstanceUserArray" runstate="Runnable" testcasecount="1" result="Passed" start-time="2021-07-01 22:25:22Z" end-time="2021-07-01 22:25:22Z" duration="0.003812" total="1" passed="1" failed="0" inconclusive="0" skipped="0" asserts="10">
        <test-case id="0-1179" name="TestInstanceUserArray" fullname="Kaitai.SpecInstanceUserArray.TestInstanceUserArray" methodname="TestInstanceUserArray" classname="Kaitai.SpecInstanceUserArray" runstate="Runnable" seed="1216464313" result="Passed" start-time="2021-07-01 22:25:22Z" end-time="2021-07-01 22:25:22Z" duration="0.001321" asserts="10" />
      </test-suite>
      <test-suite type="TestFixture" id="0-1180" name="SpecIntegers" fullname="Kaitai.SpecIntegers" classname="Kaitai.SpecIntegers" runstate="Runnable" testcasecount="1" result="Passed" start-time="2021-07-01 22:25:22Z" end-time="2021-07-01 22:25:22Z" duration="0.003946" total="1" passed="1" failed="0" inconclusive="0" skipped="0" asserts="20">
        <test-case id="0-1181" name="TestIntegers" fullname="Kaitai.SpecIntegers.TestIntegers" methodname="TestIntegers" classname="Kaitai.SpecIntegers" runstate="Runnable" seed="1209090881" result="Passed" start-time="2021-07-01 22:25:22Z" end-time="2021-07-01 22:25:22Z" duration="0.001506" asserts="20" />
      </test-suite>
      <test-suite type="TestFixture" id="0-1182" name="SpecIntegersDoubleOverflow" fullname="Kaitai.SpecIntegersDoubleOverflow" classname="Kaitai.SpecIntegersDoubleOverflow" runstate="Runnable" testcasecount="1" result="Passed" start-time="2021-07-01 22:25:22Z" end-time="2021-07-01 22:25:22Z" duration="0.003275" total="1" passed="1" failed="0" inconclusive="0" skipped="0" asserts="8">
        <test-case id="0-1183" name="TestIntegersDoubleOverflow" fullname="Kaitai.SpecIntegersDoubleOverflow.TestIntegersDoubleOverflow" methodname="TestIntegersDoubleOverflow" classname="Kaitai.SpecIntegersDoubleOverflow" runstate="Runnable" seed="660762717" result="Passed" start-time="2021-07-01 22:25:22Z" end-time="2021-07-01 22:25:22Z" duration="0.000691" asserts="8" />
      </test-suite>
      <test-suite type="TestFixture" id="0-1184" name="SpecIntegersMinMax" fullname="Kaitai.SpecIntegersMinMax" classname="Kaitai.SpecIntegersMinMax" runstate="Runnable" testcasecount="1" result="Passed" start-time="2021-07-01 22:25:22Z" end-time="2021-07-01 22:25:22Z" duration="0.004590" total="1" passed="1" failed="0" inconclusive="0" skipped="0" asserts="28">
        <test-case id="0-1185" name="TestIntegersMinMax" fullname="Kaitai.SpecIntegersMinMax.TestIntegersMinMax" methodname="TestIntegersMinMax" classname="Kaitai.SpecIntegersMinMax" runstate="Runnable" seed="1208574933" result="Passed" start-time="2021-07-01 22:25:22Z" end-time="2021-07-01 22:25:22Z" duration="0.001933" asserts="28" />
      </test-suite>
      <test-suite type="TestFixture" id="0-1186" name="SpecIoLocalVar" fullname="Kaitai.SpecIoLocalVar" classname="Kaitai.SpecIoLocalVar" runstate="Runnable" testcasecount="1" result="Passed" start-time="2021-07-01 22:25:22Z" end-time="2021-07-01 22:25:22Z" duration="0.003368" total="1" passed="1" failed="0" inconclusive="0" skipped="0" asserts="2">
        <test-case id="0-1187" name="TestIoLocalVar" fullname="Kaitai.SpecIoLocalVar.TestIoLocalVar" methodname="TestIoLocalVar" classname="Kaitai.SpecIoLocalVar" runstate="Runnable" seed="9166972" result="Passed" start-time="2021-07-01 22:25:22Z" end-time="2021-07-01 22:25:22Z" duration="0.000823" asserts="2" />
      </test-suite>
      <test-suite type="TestFixture" id="0-1188" name="SpecJsSignedRightShift" fullname="Kaitai.SpecJsSignedRightShift" classname="Kaitai.SpecJsSignedRightShift" runstate="Runnable" testcasecount="1" result="Passed" start-time="2021-07-01 22:25:22Z" end-time="2021-07-01 22:25:22Z" duration="0.003406" total="1" passed="1" failed="0" inconclusive="0" skipped="0" asserts="2">
        <test-case id="0-1189" name="TestJsSignedRightShift" fullname="Kaitai.SpecJsSignedRightShift.TestJsSignedRightShift" methodname="TestJsSignedRightShift" classname="Kaitai.SpecJsSignedRightShift" runstate="Runnable" seed="974839970" result="Passed" start-time="2021-07-01 22:25:22Z" end-time="2021-07-01 22:25:22Z" duration="0.000565" asserts="2" />
      </test-suite>
      <test-suite type="TestFixture" id="0-1190" name="SpecMetaTags" fullname="Kaitai.SpecMetaTags" classname="Kaitai.SpecMetaTags" runstate="Runnable" testcasecount="1" result="Passed" start-time="2021-07-01 22:25:22Z" end-time="2021-07-01 22:25:22Z" duration="0.003136" total="1" passed="1" failed="0" inconclusive="0" skipped="0" asserts="0">
        <test-case id="0-1191" name="TestMetaTags" fullname="Kaitai.SpecMetaTags.TestMetaTags" methodname="TestMetaTags" classname="Kaitai.SpecMetaTags" runstate="Runnable" seed="1156737437" result="Passed" start-time="2021-07-01 22:25:22Z" end-time="2021-07-01 22:25:22Z" duration="0.000544" asserts="0" />
      </test-suite>
      <test-suite type="TestFixture" id="0-1192" name="SpecMetaXref" fullname="Kaitai.SpecMetaXref" classname="Kaitai.SpecMetaXref" runstate="Runnable" testcasecount="1" result="Passed" start-time="2021-07-01 22:25:22Z" end-time="2021-07-01 22:25:22Z" duration="0.002919" total="1" passed="1" failed="0" inconclusive="0" skipped="0" asserts="0">
        <test-case id="0-1193" name="TestMetaXref" fullname="Kaitai.SpecMetaXref.TestMetaXref" methodname="TestMetaXref" classname="Kaitai.SpecMetaXref" runstate="Runnable" seed="1687208800" result="Passed" start-time="2021-07-01 22:25:22Z" end-time="2021-07-01 22:25:22Z" duration="0.000438" asserts="0" />
      </test-suite>
      <test-suite type="TestFixture" id="0-1194" name="SpecMultipleUse" fullname="Kaitai.SpecMultipleUse" classname="Kaitai.SpecMultipleUse" runstate="Runnable" testcasecount="1" result="Passed" start-time="2021-07-01 22:25:22Z" end-time="2021-07-01 22:25:22Z" duration="0.003477" total="1" passed="1" failed="0" inconclusive="0" skipped="0" asserts="2">
        <test-case id="0-1195" name="TestMultipleUse" fullname="Kaitai.SpecMultipleUse.TestMultipleUse" methodname="TestMultipleUse" classname="Kaitai.SpecMultipleUse" runstate="Runnable" seed="1128500305" result="Passed" start-time="2021-07-01 22:25:22Z" end-time="2021-07-01 22:25:22Z" duration="0.000844" asserts="2" />
      </test-suite>
      <test-suite type="TestFixture" id="0-1196" name="SpecNavParent" fullname="Kaitai.SpecNavParent" classname="Kaitai.SpecNavParent" runstate="Runnable" testcasecount="1" result="Passed" start-time="2021-07-01 22:25:22Z" end-time="2021-07-01 22:25:22Z" duration="0.003902" total="1" passed="1" failed="0" inconclusive="0" skipped="0" asserts="5">
        <test-case id="0-1197" name="TestNavParent" fullname="Kaitai.SpecNavParent.TestNavParent" methodname="TestNavParent" classname="Kaitai.SpecNavParent" runstate="Runnable" seed="1833178805" result="Passed" start-time="2021-07-01 22:25:22Z" end-time="2021-07-01 22:25:22Z" duration="0.001446" asserts="5" />
      </test-suite>
      <test-suite type="TestFixture" id="0-1198" name="SpecNavParent2" fullname="Kaitai.SpecNavParent2" classname="Kaitai.SpecNavParent2" runstate="Runnable" testcasecount="1" result="Passed" start-time="2021-07-01 22:25:22Z" end-time="2021-07-01 22:25:22Z" duration="0.004102" total="1" passed="1" failed="0" inconclusive="0" skipped="0" asserts="10">
        <test-case id="0-1199" name="TestNavParent2" fullname="Kaitai.SpecNavParent2.TestNavParent2" methodname="TestNavParent2" classname="Kaitai.SpecNavParent2" runstate="Runnable" seed="1707562434" result="Passed" start-time="2021-07-01 22:25:22Z" end-time="2021-07-01 22:25:22Z" duration="0.001639" asserts="10" />
      </test-suite>
      <test-suite type="TestFixture" id="0-1200" name="SpecNavParent3" fullname="Kaitai.SpecNavParent3" classname="Kaitai.SpecNavParent3" runstate="Runnable" testcasecount="1" result="Passed" start-time="2021-07-01 22:25:22Z" end-time="2021-07-01 22:25:22Z" duration="0.004260" total="1" passed="1" failed="0" inconclusive="0" skipped="0" asserts="10">
        <test-case id="0-1201" name="TestNavParent3" fullname="Kaitai.SpecNavParent3.TestNavParent3" methodname="TestNavParent3" classname="Kaitai.SpecNavParent3" runstate="Runnable" seed="1042995478" result="Passed" start-time="2021-07-01 22:25:22Z" end-time="2021-07-01 22:25:22Z" duration="0.001604" asserts="10" />
      </test-suite>
      <test-suite type="TestFixture" id="0-1202" name="SpecNavParentFalse" fullname="Kaitai.SpecNavParentFalse" classname="Kaitai.SpecNavParentFalse" runstate="Runnable" testcasecount="1" result="Passed" start-time="2021-07-01 22:25:22Z" end-time="2021-07-01 22:25:22Z" duration="0.003514" total="1" passed="1" failed="0" inconclusive="0" skipped="0" asserts="5">
        <test-case id="0-1203" name="TestNavParentFalse" fullname="Kaitai.SpecNavParentFalse.TestNavParentFalse" methodname="TestNavParentFalse" classname="Kaitai.SpecNavParentFalse" runstate="Runnable" seed="1903107930" result="Passed" start-time="2021-07-01 22:25:22Z" end-time="2021-07-01 22:25:22Z" duration="0.000971" asserts="5" />
      </test-suite>
      <test-suite type="TestFixture" id="0-1204" name="SpecNavParentFalse2" fullname="Kaitai.SpecNavParentFalse2" classname="Kaitai.SpecNavParentFalse2" runstate="Runnable" testcasecount="1" result="Passed" start-time="2021-07-01 22:25:22Z" end-time="2021-07-01 22:25:22Z" duration="0.003165" total="1" passed="1" failed="0" inconclusive="0" skipped="0" asserts="1">
        <test-case id="0-1205" name="TestNavParentFalse2" fullname="Kaitai.SpecNavParentFalse2.TestNavParentFalse2" methodname="TestNavParentFalse2" classname="Kaitai.SpecNavParentFalse2" runstate="Runnable" seed="1917386477" result="Passed" start-time="2021-07-01 22:25:22Z" end-time="2021-07-01 22:25:22Z" duration="0.000578" asserts="1" />
      </test-suite>
      <test-suite type="TestFixture" id="0-1206" name="SpecNavParentOverride" fullname="Kaitai.SpecNavParentOverride" classname="Kaitai.SpecNavParentOverride" runstate="Runnable" testcasecount="1" result="Passed" start-time="2021-07-01 22:25:22Z" end-time="2021-07-01 22:25:22Z" duration="0.003386" total="1" passed="1" failed="0" inconclusive="0" skipped="0" asserts="3">
        <test-case id="0-1207" name="TestNavParentOverride" fullname="Kaitai.SpecNavParentOverride.TestNavParentOverride" methodname="TestNavParentOverride" classname="Kaitai.SpecNavParentOverride" runstate="Runnable" seed="85121393" result="Passed" start-time="2021-07-01 22:25:22Z" end-time="2021-07-01 22:25:22Z" duration="0.000950" asserts="3" />
      </test-suite>
      <test-suite type="TestFixture" id="0-1208" name="SpecNavParentSwitch" fullname="Kaitai.SpecNavParentSwitch" classname="Kaitai.SpecNavParentSwitch" runstate="Runnable" testcasecount="1" result="Passed" start-time="2021-07-01 22:25:22Z" end-time="2021-07-01 22:25:22Z" duration="0.003414" total="1" passed="1" failed="0" inconclusive="0" skipped="0" asserts="3">
        <test-case id="0-1209" name="TestNavParentSwitch" fullname="Kaitai.SpecNavParentSwitch.TestNavParentSwitch" methodname="TestNavParentSwitch" classname="Kaitai.SpecNavParentSwitch" runstate="Runnable" seed="2137209945" result="Passed" start-time="2021-07-01 22:25:22Z" end-time="2021-07-01 22:25:22Z" duration="0.000807" asserts="3" />
      </test-suite>
      <test-suite type="TestFixture" id="0-1210" name="SpecNavParentVsValueInst" fullname="Kaitai.SpecNavParentVsValueInst" classname="Kaitai.SpecNavParentVsValueInst" runstate="Runnable" testcasecount="1" result="Passed" start-time="2021-07-01 22:25:22Z" end-time="2021-07-01 22:25:22Z" duration="0.002960" total="1" passed="1" failed="0" inconclusive="0" skipped="0" asserts="1">
        <test-case id="0-1211" name="TestNavParentVsValueInst" fullname="Kaitai.SpecNavParentVsValueInst.TestNavParentVsValueInst" methodname="TestNavParentVsValueInst" classname="Kaitai.SpecNavParentVsValueInst" runstate="Runnable" seed="1749206897" result="Passed" start-time="2021-07-01 22:25:22Z" end-time="2021-07-01 22:25:22Z" duration="0.000493" asserts="1" />
      </test-suite>
      <test-suite type="TestFixture" id="0-1212" name="SpecNavRoot" fullname="Kaitai.SpecNavRoot" classname="Kaitai.SpecNavRoot" runstate="Runnable" testcasecount="1" result="Passed" start-time="2021-07-01 22:25:22Z" end-time="2021-07-01 22:25:22Z" duration="0.004235" total="1" passed="1" failed="0" inconclusive="0" skipped="0" asserts="5">
        <test-case id="0-1213" name="TestNavRoot" fullname="Kaitai.SpecNavRoot.TestNavRoot" methodname="TestNavRoot" classname="Kaitai.SpecNavRoot" runstate="Runnable" seed="926663594" result="Passed" start-time="2021-07-01 22:25:22Z" end-time="2021-07-01 22:25:22Z" duration="0.001450" asserts="5" />
      </test-suite>
      <test-suite type="TestFixture" id="0-1214" name="SpecNestedSameName" fullname="Kaitai.SpecNestedSameName" classname="Kaitai.SpecNestedSameName" runstate="Runnable" testcasecount="1" result="Passed" start-time="2021-07-01 22:25:22Z" end-time="2021-07-01 22:25:23Z" duration="0.003234" total="1" passed="1" failed="0" inconclusive="0" skipped="0" asserts="2">
        <test-case id="0-1215" name="TestNestedSameName" fullname="Kaitai.SpecNestedSameName.TestNestedSameName" methodname="TestNestedSameName" classname="Kaitai.SpecNestedSameName" runstate="Runnable" seed="951172684" result="Passed" start-time="2021-07-01 22:25:22Z" end-time="2021-07-01 22:25:23Z" duration="0.000736" asserts="2" />
      </test-suite>
[...]
        <test-case id="0-1365" name="TestTermStrz" fullname="Kaitai.SpecTermStrz.TestTermStrz" methodname="TestTermStrz" classname="Kaitai.SpecTermStrz" runstate="Runnable" seed="1471851675" result="Passed" start-time="2021-07-01 22:25:23Z" end-time="2021-07-01 22:25:23Z" duration="0.000315" asserts="3" />
      </test-suite>
      <test-suite type="TestFixture" id="0-1366" name="SpecTermU1Val" fullname="Kaitai.SpecTermU1Val" classname="Kaitai.SpecTermU1Val" runstate="Runnable" testcasecount="1" result="Passed" start-time="2021-07-01 22:25:23Z" end-time="2021-07-01 22:25:23Z" duration="0.002985" total="1" passed="1" failed="0" inconclusive="0" skipped="0" asserts="2">
        <test-case id="0-1367" name="TestTermU1Val" fullname="Kaitai.SpecTermU1Val.TestTermU1Val" methodname="TestTermU1Val" classname="Kaitai.SpecTermU1Val" runstate="Runnable" seed="1353035450" result="Passed" start-time="2021-07-01 22:25:23Z" end-time="2021-07-01 22:25:23Z" duration="0.000513" asserts="2" />
      </test-suite>
      <test-suite type="TestFixture" id="0-1368" name="SpecTsPacketHeader" fullname="Kaitai.SpecTsPacketHeader" classname="Kaitai.SpecTsPacketHeader" runstate="Runnable" testcasecount="1" result="Passed" start-time="2021-07-01 22:25:23Z" end-time="2021-07-01 22:25:23Z" duration="0.003158" total="1" passed="1" failed="0" inconclusive="0" skipped="0" asserts="7">
        <test-case id="0-1369" name="TestTsPacketHeader" fullname="Kaitai.SpecTsPacketHeader.TestTsPacketHeader" methodname="TestTsPacketHeader" classname="Kaitai.SpecTsPacketHeader" runstate="Runnable" seed="78269063" result="Passed" start-time="2021-07-01 22:25:23Z" end-time="2021-07-01 22:25:23Z" duration="0.000667" asserts="7" />
      </test-suite>
      <test-suite type="TestFixture" id="0-1370" name="SpecTypeIntUnaryOp" fullname="Kaitai.SpecTypeIntUnaryOp" classname="Kaitai.SpecTypeIntUnaryOp" runstate="Runnable" testcasecount="1" result="Passed" start-time="2021-07-01 22:25:23Z" end-time="2021-07-01 22:25:23Z" duration="0.003302" total="1" passed="1" failed="0" inconclusive="0" skipped="0" asserts="4">
        <test-case id="0-1371" name="TestTypeIntUnaryOp" fullname="Kaitai.SpecTypeIntUnaryOp.TestTypeIntUnaryOp" methodname="TestTypeIntUnaryOp" classname="Kaitai.SpecTypeIntUnaryOp" runstate="Runnable" seed="1215187226" result="Passed" start-time="2021-07-01 22:25:23Z" end-time="2021-07-01 22:25:23Z" duration="0.000807" asserts="4" />
      </test-suite>
      <test-suite type="TestFixture" id="0-1372" name="SpecTypeTernary" fullname="Kaitai.SpecTypeTernary" classname="Kaitai.SpecTypeTernary" runstate="Runnable" testcasecount="1" result="Passed" start-time="2021-07-01 22:25:23Z" end-time="2021-07-01 22:25:23Z" duration="0.003166" total="1" passed="1" failed="0" inconclusive="0" skipped="0" asserts="1">
        <test-case id="0-1373" name="TestTypeTernary" fullname="Kaitai.SpecTypeTernary.TestTypeTernary" methodname="TestTypeTernary" classname="Kaitai.SpecTypeTernary" runstate="Runnable" seed="817044606" result="Passed" start-time="2021-07-01 22:25:23Z" end-time="2021-07-01 22:25:23Z" duration="0.000702" asserts="1" />
      </test-suite>
      <test-suite type="TestFixture" id="0-1374" name="SpecTypeTernary2ndFalsy" fullname="Kaitai.SpecTypeTernary2ndFalsy" classname="Kaitai.SpecTypeTernary2ndFalsy" runstate="Runnable" testcasecount="1" result="Passed" start-time="2021-07-01 22:25:23Z" end-time="2021-07-01 22:25:23Z" duration="0.004245" total="1" passed="1" failed="0" inconclusive="0" skipped="0" asserts="13">
        <test-case id="0-1375" name="TestTypeTernary2ndFalsy" fullname="Kaitai.SpecTypeTernary2ndFalsy.TestTypeTernary2ndFalsy" methodname="TestTypeTernary2ndFalsy" classname="Kaitai.SpecTypeTernary2ndFalsy" runstate="Runnable" seed="1057473764" result="Passed" start-time="2021-07-01 22:25:23Z" end-time="2021-07-01 22:25:23Z" duration="0.001756" asserts="13" />
      </test-suite>
      <test-suite type="TestFixture" id="0-1376" name="SpecTypeTernaryOpaque" fullname="Kaitai.SpecTypeTernaryOpaque" classname="Kaitai.SpecTypeTernaryOpaque" runstate="Runnable" testcasecount="1" result="Passed" start-time="2021-07-01 22:25:23Z" end-time="2021-07-01 22:25:23Z" duration="0.004154" total="1" passed="1" failed="0" inconclusive="0" skipped="0" asserts="3">
        <test-case id="0-1377" name="TestTypeTernaryOpaque" fullname="Kaitai.SpecTypeTernaryOpaque.TestTypeTernaryOpaque" methodname="TestTypeTernaryOpaque" classname="Kaitai.SpecTypeTernaryOpaque" runstate="Runnable" seed="1511940559" result="Passed" start-time="2021-07-01 22:25:23Z" end-time="2021-07-01 22:25:23Z" duration="0.001600" asserts="3" />
      </test-suite>
      <test-suite type="TestFixture" id="0-1378" name="SpecUserType" fullname="Kaitai.SpecUserType" classname="Kaitai.SpecUserType" runstate="Runnable" testcasecount="1" result="Passed" start-time="2021-07-01 22:25:23Z" end-time="2021-07-01 22:25:23Z" duration="0.003150" total="1" passed="1" failed="0" inconclusive="0" skipped="0" asserts="2">
        <test-case id="0-1379" name="TestUserType" fullname="Kaitai.SpecUserType.TestUserType" methodname="TestUserType" classname="Kaitai.SpecUserType" runstate="Runnable" seed="2060226311" result="Passed" start-time="2021-07-01 22:25:23Z" end-time="2021-07-01 22:25:23Z" duration="0.000629" asserts="2" />
      </test-suite>
      <test-suite type="TestFixture" id="0-1380" name="SpecValidEqStrEncodings" fullname="Kaitai.SpecValidEqStrEncodings" classname="Kaitai.SpecValidEqStrEncodings" runstate="Runnable" testcasecount="1" result="Passed" start-time="2021-07-01 22:25:23Z" end-time="2021-07-01 22:25:23Z" duration="0.003094" total="1" passed="1" failed="0" inconclusive="0" skipped="0" asserts="0">
        <test-case id="0-1381" name="TestValidEqStrEncodings" fullname="Kaitai.SpecValidEqStrEncodings.TestValidEqStrEncodings" methodname="TestValidEqStrEncodings" classname="Kaitai.SpecValidEqStrEncodings" runstate="Runnable" seed="2093483558" result="Passed" start-time="2021-07-01 22:25:23Z" end-time="2021-07-01 22:25:23Z" duration="0.000659" asserts="0" />
      </test-suite>
      <test-suite type="TestFixture" id="0-1382" name="SpecValidFailAnyofInt" fullname="Kaitai.SpecValidFailAnyofInt" classname="Kaitai.SpecValidFailAnyofInt" runstate="Runnable" testcasecount="1" result="Passed" start-time="2021-07-01 22:25:23Z" end-time="2021-07-01 22:25:23Z" duration="0.003703" total="1" passed="1" failed="0" inconclusive="0" skipped="0" asserts="1">
        <test-case id="0-1383" name="TestValidFailAnyofInt" fullname="Kaitai.SpecValidFailAnyofInt.TestValidFailAnyofInt" methodname="TestValidFailAnyofInt" classname="Kaitai.SpecValidFailAnyofInt" runstate="Runnable" seed="1303331451" result="Passed" start-time="2021-07-01 22:25:23Z" end-time="2021-07-01 22:25:23Z" duration="0.001217" asserts="1" />
      </test-suite>
      <test-suite type="TestFixture" id="0-1384" name="SpecValidFailContents" fullname="Kaitai.SpecValidFailContents" classname="Kaitai.SpecValidFailContents" runstate="Runnable" testcasecount="1" result="Passed" start-time="2021-07-01 22:25:23Z" end-time="2021-07-01 22:25:23Z" duration="0.003688" total="1" passed="1" failed="0" inconclusive="0" skipped="0" asserts="1">
        <test-case id="0-1385" name="TestValidFailContents" fullname="Kaitai.SpecValidFailContents.TestValidFailContents" methodname="TestValidFailContents" classname="Kaitai.SpecValidFailContents" runstate="Runnable" seed="6751718" result="Passed" start-time="2021-07-01 22:25:23Z" end-time="2021-07-01 22:25:23Z" duration="0.001005" asserts="1" />
      </test-suite>
      <test-suite type="TestFixture" id="0-1386" name="SpecValidFailEqBytes" fullname="Kaitai.SpecValidFailEqBytes" classname="Kaitai.SpecValidFailEqBytes" runstate="Runnable" testcasecount="1" result="Passed" start-time="2021-07-01 22:25:23Z" end-time="2021-07-01 22:25:23Z" duration="0.003290" total="1" passed="1" failed="0" inconclusive="0" skipped="0" asserts="1">
        <test-case id="0-1387" name="TestValidFailEqBytes" fullname="Kaitai.SpecValidFailEqBytes.TestValidFailEqBytes" methodname="TestValidFailEqBytes" classname="Kaitai.SpecValidFailEqBytes" runstate="Runnable" seed="722443739" result="Passed" start-time="2021-07-01 22:25:23Z" end-time="2021-07-01 22:25:23Z" duration="0.000547" asserts="1" />
      </test-suite>
      <test-suite type="TestFixture" id="0-1388" name="SpecValidFailEqInt" fullname="Kaitai.SpecValidFailEqInt" classname="Kaitai.SpecValidFailEqInt" runstate="Runnable" testcasecount="1" result="Passed" start-time="2021-07-01 22:25:23Z" end-time="2021-07-01 22:25:23Z" duration="0.003202" total="1" passed="1" failed="0" inconclusive="0" skipped="0" asserts="1">
        <test-case id="0-1389" name="TestValidFailEqInt" fullname="Kaitai.SpecValidFailEqInt.TestValidFailEqInt" methodname="TestValidFailEqInt" classname="Kaitai.SpecValidFailEqInt" runstate="Runnable" seed="771479983" result="Passed" start-time="2021-07-01 22:25:23Z" end-time="2021-07-01 22:25:23Z" duration="0.000592" asserts="1" />
      </test-suite>
      <test-suite type="TestFixture" id="0-1390" name="SpecValidFailEqStr" fullname="Kaitai.SpecValidFailEqStr" classname="Kaitai.SpecValidFailEqStr" runstate="Runnable" testcasecount="1" result="Passed" start-time="2021-07-01 22:25:23Z" end-time="2021-07-01 22:25:23Z" duration="0.003420" total="1" passed="1" failed="0" inconclusive="0" skipped="0" asserts="1">
        <test-case id="0-1391" name="TestValidFailEqStr" fullname="Kaitai.SpecValidFailEqStr.TestValidFailEqStr" methodname="TestValidFailEqStr" classname="Kaitai.SpecValidFailEqStr" runstate="Runnable" seed="794309579" result="Passed" start-time="2021-07-01 22:25:23Z" end-time="2021-07-01 22:25:23Z" duration="0.000721" asserts="1" />
      </test-suite>
      <test-suite type="TestFixture" id="0-1392" name="SpecValidFailExpr" fullname="Kaitai.SpecValidFailExpr" classname="Kaitai.SpecValidFailExpr" runstate="Runnable" testcasecount="1" result="Passed" start-time="2021-07-01 22:25:23Z" end-time="2021-07-01 22:25:23Z" duration="0.003737" total="1" passed="1" failed="0" inconclusive="0" skipped="0" asserts="1">
        <test-case id="0-1393" name="TestValidFailExpr" fullname="Kaitai.SpecValidFailExpr.TestValidFailExpr" methodname="TestValidFailExpr" classname="Kaitai.SpecValidFailExpr" runstate="Runnable" seed="439854538" result="Passed" start-time="2021-07-01 22:25:23Z" end-time="2021-07-01 22:25:23Z" duration="0.001244" asserts="1" />
      </test-suite>
      <test-suite type="TestFixture" id="0-1394" name="SpecValidFailInst" fullname="Kaitai.SpecValidFailInst" classname="Kaitai.SpecValidFailInst" runstate="Runnable" testcasecount="1" result="Passed" start-time="2021-07-01 22:25:23Z" end-time="2021-07-01 22:25:23Z" duration="0.003120" total="1" passed="1" failed="0" inconclusive="0" skipped="0" asserts="1">
        <test-case id="0-1395" name="TestValidFailInst" fullname="Kaitai.SpecValidFailInst.TestValidFailInst" methodname="TestValidFailInst" classname="Kaitai.SpecValidFailInst" runstate="Runnable" seed="1917518339" result="Passed" start-time="2021-07-01 22:25:23Z" end-time="2021-07-01 22:25:23Z" duration="0.000641" asserts="1" />
      </test-suite>
      <test-suite type="TestFixture" id="0-1396" name="SpecValidFailMaxInt" fullname="Kaitai.SpecValidFailMaxInt" classname="Kaitai.SpecValidFailMaxInt" runstate="Runnable" testcasecount="1" result="Passed" start-time="2021-07-01 22:25:23Z" end-time="2021-07-01 22:25:23Z" duration="0.003264" total="1" passed="1" failed="0" inconclusive="0" skipped="0" asserts="1">
        <test-case id="0-1397" name="TestValidFailMaxInt" fullname="Kaitai.SpecValidFailMaxInt.TestValidFailMaxInt" methodname="TestValidFailMaxInt" classname="Kaitai.SpecValidFailMaxInt" runstate="Runnable" seed="526489162" result="Passed" start-time="2021-07-01 22:25:23Z" end-time="2021-07-01 22:25:23Z" duration="0.000780" asserts="1" />
      </test-suite>
      <test-suite type="TestFixture" id="0-1398" name="SpecValidFailMinInt" fullname="Kaitai.SpecValidFailMinInt" classname="Kaitai.SpecValidFailMinInt" runstate="Runnable" testcasecount="1" result="Passed" start-time="2021-07-01 22:25:23Z" end-time="2021-07-01 22:25:23Z" duration="0.003550" total="1" passed="1" failed="0" inconclusive="0" skipped="0" asserts="1">
        <test-case id="0-1399" name="TestValidFailMinInt" fullname="Kaitai.SpecValidFailMinInt.TestValidFailMinInt" methodname="TestValidFailMinInt" classname="Kaitai.SpecValidFailMinInt" runstate="Runnable" seed="374649434" result="Passed" start-time="2021-07-01 22:25:23Z" end-time="2021-07-01 22:25:23Z" duration="0.001042" asserts="1" />
      </test-suite>
      <test-suite type="TestFixture" id="0-1400" name="SpecValidFailRangeBytes" fullname="Kaitai.SpecValidFailRangeBytes" classname="Kaitai.SpecValidFailRangeBytes" runstate="Runnable" testcasecount="1" result="Passed" start-time="2021-07-01 22:25:23Z" end-time="2021-07-01 22:25:23Z" duration="0.003235" total="1" passed="1" failed="0" inconclusive="0" skipped="0" asserts="1">
        <test-case id="0-1401" name="TestValidFailRangeBytes" fullname="Kaitai.SpecValidFailRangeBytes.TestValidFailRangeBytes" methodname="TestValidFailRangeBytes" classname="Kaitai.SpecValidFailRangeBytes" runstate="Runnable" seed="1404157964" result="Passed" start-time="2021-07-01 22:25:23Z" end-time="2021-07-01 22:25:23Z" duration="0.000748" asserts="1" />
      </test-suite>
      <test-suite type="TestFixture" id="0-1402" name="SpecValidFailRangeFloat" fullname="Kaitai.SpecValidFailRangeFloat" classname="Kaitai.SpecValidFailRangeFloat" runstate="Runnable" testcasecount="1" result="Passed" start-time="2021-07-01 22:25:23Z" end-time="2021-07-01 22:25:23Z" duration="0.004805" total="1" passed="1" failed="0" inconclusive="0" skipped="0" asserts="1">
        <test-case id="0-1403" name="TestValidFailRangeFloat" fullname="Kaitai.SpecValidFailRangeFloat.TestValidFailRangeFloat" methodname="TestValidFailRangeFloat" classname="Kaitai.SpecValidFailRangeFloat" runstate="Runnable" seed="1843973403" result="Passed" start-time="2021-07-01 22:25:23Z" end-time="2021-07-01 22:25:23Z" duration="0.002313" asserts="1" />
      </test-suite>
      <test-suite type="TestFixture" id="0-1404" name="SpecValidFailRangeInt" fullname="Kaitai.SpecValidFailRangeInt" classname="Kaitai.SpecValidFailRangeInt" runstate="Runnable" testcasecount="1" result="Passed" start-time="2021-07-01 22:25:23Z" end-time="2021-07-01 22:25:23Z" duration="0.003163" total="1" passed="1" failed="0" inconclusive="0" skipped="0" asserts="1">
        <test-case id="0-1405" name="TestValidFailRangeInt" fullname="Kaitai.SpecValidFailRangeInt.TestValidFailRangeInt" methodname="TestValidFailRangeInt" classname="Kaitai.SpecValidFailRangeInt" runstate="Runnable" seed="567878446" result="Passed" start-time="2021-07-01 22:25:23Z" end-time="2021-07-01 22:25:23Z" duration="0.000650" asserts="1" />
      </test-suite>
      <test-suite type="TestFixture" id="0-1406" name="SpecValidFailRangeStr" fullname="Kaitai.SpecValidFailRangeStr" classname="Kaitai.SpecValidFailRangeStr" runstate="Runnable" testcasecount="1" result="Passed" start-time="2021-07-01 22:25:23Z" end-time="2021-07-01 22:25:23Z" duration="0.003220" total="1" passed="1" failed="0" inconclusive="0" skipped="0" asserts="1">
        <test-case id="0-1407" name="TestValidFailRangeStr" fullname="Kaitai.SpecValidFailRangeStr.TestValidFailRangeStr" methodname="TestValidFailRangeStr" classname="Kaitai.SpecValidFailRangeStr" runstate="Runnable" seed="1682554410" result="Passed" start-time="2021-07-01 22:25:23Z" end-time="2021-07-01 22:25:23Z" duration="0.000669" asserts="1" />
      </test-suite>
      <test-suite type="TestFixture" id="0-1408" name="SpecValidLong" fullname="Kaitai.SpecValidLong" classname="Kaitai.SpecValidLong" runstate="Runnable" testcasecount="1" result="Passed" start-time="2021-07-01 22:25:23Z" end-time="2021-07-01 22:25:23Z" duration="0.003715" total="1" passed="1" failed="0" inconclusive="0" skipped="0" asserts="0">
        <test-case id="0-1409" name="TestValidLong" fullname="Kaitai.SpecValidLong.TestValidLong" methodname="TestValidLong" classname="Kaitai.SpecValidLong" runstate="Runnable" seed="1487904134" result="Passed" start-time="2021-07-01 22:25:23Z" end-time="2021-07-01 22:25:23Z" duration="0.001233" asserts="0" />
      </test-suite>
      <test-suite type="TestFixture" id="0-1410" name="SpecValidNotParsedIf" fullname="Kaitai.SpecValidNotParsedIf" classname="Kaitai.SpecValidNotParsedIf" runstate="Runnable" testcasecount="1" result="Passed" start-time="2021-07-01 22:25:23Z" end-time="2021-07-01 22:25:23Z" duration="0.003137" total="1" passed="1" failed="0" inconclusive="0" skipped="0" asserts="0">
        <test-case id="0-1411" name="TestValidNotParsedIf" fullname="Kaitai.SpecValidNotParsedIf.TestValidNotParsedIf" methodname="TestValidNotParsedIf" classname="Kaitai.SpecValidNotParsedIf" runstate="Runnable" seed="1984027649" result="Passed" start-time="2021-07-01 22:25:23Z" end-time="2021-07-01 22:25:23Z" duration="0.000628" asserts="0" />
      </test-suite>
      <test-suite type="TestFixture" id="0-1412" name="SpecValidShort" fullname="Kaitai.SpecValidShort" classname="Kaitai.SpecValidShort" runstate="Runnable" testcasecount="1" result="Passed" start-time="2021-07-01 22:25:23Z" end-time="2021-07-01 22:25:23Z" duration="0.003705" total="1" passed="1" failed="0" inconclusive="0" skipped="0" asserts="0">
        <test-case id="0-1413" name="TestValidShort" fullname="Kaitai.SpecValidShort.TestValidShort" methodname="TestValidShort" classname="Kaitai.SpecValidShort" runstate="Runnable" seed="116888124" result="Passed" start-time="2021-07-01 22:25:23Z" end-time="2021-07-01 22:25:23Z" duration="0.001250" asserts="0" />
      </test-suite>
      <test-suite type="TestFixture" id="0-1414" name="SpecValidSwitch" fullname="Kaitai.SpecValidSwitch" classname="Kaitai.SpecValidSwitch" runstate="Runnable" testcasecount="1" result="Passed" start-time="2021-07-01 22:25:23Z" end-time="2021-07-01 22:25:23Z" duration="0.003062" total="1" passed="1" failed="0" inconclusive="0" skipped="0" asserts="0">
        <test-case id="0-1415" name="TestValidSwitch" fullname="Kaitai.SpecValidSwitch.TestValidSwitch" methodname="TestValidSwitch" classname="Kaitai.SpecValidSwitch" runstate="Runnable" seed="896332594" result="Passed" start-time="2021-07-01 22:25:23Z" end-time="2021-07-01 22:25:23Z" duration="0.000527" asserts="0" />
      </test-suite>
      <test-suite type="TestFixture" id="0-1416" name="SpecZlibSurrounded" fullname="Kaitai.SpecZlibSurrounded" classname="Kaitai.SpecZlibSurrounded" runstate="Runnable" testcasecount="1" result="Passed" start-time="2021-07-01 22:25:23Z" end-time="2021-07-01 22:25:23Z" duration="0.009639" total="1" passed="1" failed="0" inconclusive="0" skipped="0" asserts="1">
        <test-case id="0-1417" name="TestZlibSurrounded" fullname="Kaitai.SpecZlibSurrounded.TestZlibSurrounded" methodname="TestZlibSurrounded" classname="Kaitai.SpecZlibSurrounded" runstate="Runnable" seed="1174151992" result="Passed" start-time="2021-07-01 22:25:23Z" end-time="2021-07-01 22:25:23Z" duration="0.007125" asserts="1" />
      </test-suite>
      <test-suite type="TestFixture" id="0-1418" name="SpecZlibWithHeader78" fullname="Kaitai.SpecZlibWithHeader78" classname="Kaitai.SpecZlibWithHeader78" runstate="Runnable" testcasecount="1" result="Passed" start-time="2021-07-01 22:25:23Z" end-time="2021-07-01 22:25:23Z" duration="0.003014" total="1" passed="1" failed="0" inconclusive="0" skipped="0" asserts="1">
        <test-case id="0-1419" name="TestZlibWithHeader78" fullname="Kaitai.SpecZlibWithHeader78.TestZlibWithHeader78" methodname="TestZlibWithHeader78" classname="Kaitai.SpecZlibWithHeader78" runstate="Runnable" seed="1830298218" result="Passed" start-time="2021-07-01 22:25:23Z" end-time="2021-07-01 22:25:23Z" duration="0.000461" asserts="1" />
      </test-suite>
    </test-suite>
  </test-suite>
</test-run>