<?xml version="1.0" encoding="utf-8" standalone="no"?>
<test-run id="2" testcasecount="206" result="Failed" total="206" passed="205" failed="1" inconclusive="0" skipped="0" asserts="961" engine-version="3.4.1.0" clr-version="4.0.30319.42000" start-time="2020-10-27 21:38:22Z" end-time="2020-10-27 21:38:23Z" duration="1.591772">
  <command-line><![CDATA[/home/runner/work/ci_targets/ci_targets/tests/spec/csharp/packages/NUnit.ConsoleRunner.3.4.1/tools/nunit3-console.exe --result=test_out/csharp/TestResult.xml spec/csharp/kaitai_struct_csharp_tests/bin/Debug/kaitai_struct_csharp_tests.dll]]></command-line>
  <test-suite type="Assembly" id="0-1412" name="kaitai_struct_csharp_tests.dll" fullname="/home/runner/work/ci_targets/ci_targets/tests/spec/csharp/kaitai_struct_csharp_tests/bin/Debug/kaitai_struct_csharp_tests.dll" runstate="Runnable" testcasecount="206" result="Failed" site="Child" start-time="2020-10-27 21:38:22Z" end-time="2020-10-27 21:38:23Z" duration="1.453493" total="206" passed="205" failed="1" inconclusive="0" skipped="0" asserts="961">
    <environment framework-version="3.4.1.0" clr-version="4.0.30319.42000" os-version="Unix 5.4.0.1031" platform="Unix" cwd="/home/runner/work/ci_targets/ci_targets/tests" machine-name="fv-az148" user="runner" user-domain="fv-az148" culture="" uiculture="" os-architecture="x64" />
    <settings>
      <setting name="WorkDirectory" value="/home/runner/work/ci_targets/ci_targets/tests" />
      <setting name="ImageRuntimeVersion" value="4.0.30319" />
      <setting name="ImageTargetFrameworkName" value=".NETFramework,Version=v4.5" />
      <setting name="ImageRequiresX86" value="False" />
      <setting name="ImageRequiresDefaultAppDomainAssemblyResolver" value="False" />
      <setting name="NumberOfTestWorkers" value="2" />
    </settings>
    <properties>
      <property name="_PID" value="3372" />
      <property name="_APPDOMAIN" value="test-domain-" />
    </properties>
    <failure>
      <message><![CDATA[One or more child tests had errors]]></message>
    </failure>
    <test-suite type="TestSuite" id="0-1413" name="Kaitai" fullname="Kaitai" runstate="Runnable" testcasecount="206" result="Failed" site="Child" start-time="2020-10-27 21:38:22Z" end-time="2020-10-27 21:38:23Z" duration="1.438006" total="206" passed="205" failed="1" inconclusive="0" skipped="0" asserts="961">
      <failure>
        <message><![CDATA[One or more child tests had errors]]></message>
      </failure>
      <test-suite type="TestFixture" id="0-1000" name="SpecBcdUserTypeBe" fullname="Kaitai.SpecBcdUserTypeBe" classname="Kaitai.SpecBcdUserTypeBe" runstate="Runnable" testcasecount="1" result="Passed" start-time="2020-10-27 21:38:22Z" end-time="2020-10-27 21:38:22Z" duration="0.027130" total="1" passed="1" failed="0" inconclusive="0" skipped="0" asserts="6">
        <test-case id="0-1001" name="TestBcdUserTypeBe" fullname="Kaitai.SpecBcdUserTypeBe.TestBcdUserTypeBe" methodname="TestBcdUserTypeBe" classname="Kaitai.SpecBcdUserTypeBe" runstate="Runnable" seed="1149906107" result="Passed" start-time="2020-10-27 21:38:22Z" end-time="2020-10-27 21:38:22Z" duration="0.017420" asserts="6" />
      </test-suite>
      <test-suite type="TestFixture" id="0-1002" name="SpecBcdUserTypeLe" fullname="Kaitai.SpecBcdUserTypeLe" classname="Kaitai.SpecBcdUserTypeLe" runstate="Runnable" testcasecount="1" result="Passed" start-time="2020-10-27 21:38:22Z" end-time="2020-10-27 21:38:22Z" duration="0.005553" total="1" passed="1" failed="0" inconclusive="0" skipped="0" asserts="6">
        <test-case id="0-1003" name="TestBcdUserTypeLe" fullname="Kaitai.SpecBcdUserTypeLe.TestBcdUserTypeLe" methodname="TestBcdUserTypeLe" classname="Kaitai.SpecBcdUserTypeLe" runstate="Runnable" seed="506686439" result="Passed" start-time="2020-10-27 21:38:22Z" end-time="2020-10-27 21:38:22Z" duration="0.003108" asserts="6" />
      </test-suite>
      <test-suite type="TestFixture" id="0-1004" name="SpecBitsByteAligned" fullname="Kaitai.SpecBitsByteAligned" classname="Kaitai.SpecBitsByteAligned" runstate="Runnable" testcasecount="1" result="Passed" start-time="2020-10-27 21:38:22Z" end-time="2020-10-27 21:38:22Z" duration="0.008311" total="1" passed="1" failed="0" inconclusive="0" skipped="0" asserts="9">
        <test-case id="0-1005" name="TestBitsByteAligned" fullname="Kaitai.SpecBitsByteAligned.TestBitsByteAligned" methodname="TestBitsByteAligned" classname="Kaitai.SpecBitsByteAligned" runstate="Runnable" seed="520383530" result="Passed" start-time="2020-10-27 21:38:22Z" end-time="2020-10-27 21:38:22Z" duration="0.005889" asserts="9" />
      </test-suite>
      <test-suite type="TestFixture" id="0-1006" name="SpecBitsEnum" fullname="Kaitai.SpecBitsEnum" classname="Kaitai.SpecBitsEnum" runstate="Runnable" testcasecount="1" result="Passed" start-time="2020-10-27 21:38:22Z" end-time="2020-10-27 21:38:22Z" duration="0.003256" total="1" passed="1" failed="0" inconclusive="0" skipped="0" asserts="3">
        <test-case id="0-1007" name="TestBitsEnum" fullname="Kaitai.SpecBitsEnum.TestBitsEnum" methodname="TestBitsEnum" classname="Kaitai.SpecBitsEnum" runstate="Runnable" seed="1993888227" result="Passed" start-time="2020-10-27 21:38:22Z" end-time="2020-10-27 21:38:22Z" duration="0.000831" asserts="3" />
      </test-suite>
      <test-suite type="TestFixture" id="0-1008" name="SpecBitsSeqEndianCombo" fullname="Kaitai.SpecBitsSeqEndianCombo" classname="Kaitai.SpecBitsSeqEndianCombo" runstate="Runnable" testcasecount="1" result="Passed" start-time="2020-10-27 21:38:22Z" end-time="2020-10-27 21:38:22Z" duration="0.005790" total="1" passed="1" failed="0" inconclusive="0" skipped="0" asserts="8">
        <test-case id="0-1009" name="TestBitsSeqEndianCombo" fullname="Kaitai.SpecBitsSeqEndianCombo.TestBitsSeqEndianCombo" methodname="TestBitsSeqEndianCombo" classname="Kaitai.SpecBitsSeqEndianCombo" runstate="Runnable" seed="699282486" result="Passed" start-time="2020-10-27 21:38:22Z" end-time="2020-10-27 21:38:22Z" duration="0.003262" asserts="8" />
      </test-suite>
      <test-suite type="TestFixture" id="0-1010" name="SpecBitsSignedB32Le" fullname="Kaitai.SpecBitsSignedB32Le" classname="Kaitai.SpecBitsSignedB32Le" runstate="Runnable" testcasecount="1" result="Passed" start-time="2020-10-27 21:38:22Z" end-time="2020-10-27 21:38:22Z" duration="0.003035" total="1" passed="1" failed="0" inconclusive="0" skipped="0" asserts="4">
        <test-case id="0-1011" name="TestBitsSignedB32Le" fullname="Kaitai.SpecBitsSignedB32Le.TestBitsSignedB32Le" methodname="TestBitsSignedB32Le" classname="Kaitai.SpecBitsSignedB32Le" runstate="Runnable" seed="2082556026" result="Passed" start-time="2020-10-27 21:38:22Z" end-time="2020-10-27 21:38:22Z" duration="0.000580" asserts="4" />
      </test-suite>
      <test-suite type="TestFixture" id="0-1012" name="SpecBitsSignedB64Le" fullname="Kaitai.SpecBitsSignedB64Le" classname="Kaitai.SpecBitsSignedB64Le" runstate="Runnable" testcasecount="1" result="Passed" start-time="2020-10-27 21:38:22Z" end-time="2020-10-27 21:38:22Z" duration="0.003371" total="1" passed="1" failed="0" inconclusive="0" skipped="0" asserts="4">
        <test-case id="0-1013" name="TestBitsSignedB64Le" fullname="Kaitai.SpecBitsSignedB64Le.TestBitsSignedB64Le" methodname="TestBitsSignedB64Le" classname="Kaitai.SpecBitsSignedB64Le" runstate="Runnable" seed="1021050186" result="Passed" start-time="2020-10-27 21:38:22Z" end-time="2020-10-27 21:38:22Z" duration="0.000790" asserts="4" />
      </test-suite>
      <test-suite type="TestFixture" id="0-1014" name="SpecBitsSimple" fullname="Kaitai.SpecBitsSimple" classname="Kaitai.SpecBitsSimple" runstate="Runnable" testcasecount="1" result="Passed" start-time="2020-10-27 21:38:22Z" end-time="2020-10-27 21:38:22Z" duration="0.004531" total="1" passed="1" failed="0" inconclusive="0" skipped="0" asserts="14">
        <test-case id="0-1015" name="TestBitsSimple" fullname="Kaitai.SpecBitsSimple.TestBitsSimple" methodname="TestBitsSimple" classname="Kaitai.SpecBitsSimple" runstate="Runnable" seed="500960987" result="Passed" start-time="2020-10-27 21:38:22Z" end-time="2020-10-27 21:38:22Z" duration="0.002071" asserts="14" />
      </test-suite>
      <test-suite type="TestFixture" id="0-1016" name="SpecBitsSimpleLe" fullname="Kaitai.SpecBitsSimpleLe" classname="Kaitai.SpecBitsSimpleLe" runstate="Runnable" testcasecount="1" result="Passed" start-time="2020-10-27 21:38:22Z" end-time="2020-10-27 21:38:22Z" duration="0.003556" total="1" passed="1" failed="0" inconclusive="0" skipped="0" asserts="14">
        <test-case id="0-1017" name="TestBitsSimpleLe" fullname="Kaitai.SpecBitsSimpleLe.TestBitsSimpleLe" methodname="TestBitsSimpleLe" classname="Kaitai.SpecBitsSimpleLe" runstate="Runnable" seed="865766075" result="Passed" start-time="2020-10-27 21:38:22Z" end-time="2020-10-27 21:38:22Z" duration="0.001102" asserts="14" />
      </test-suite>
      <test-suite type="TestFixture" id="0-1018" name="SpecBufferedStruct" fullname="Kaitai.SpecBufferedStruct" classname="Kaitai.SpecBufferedStruct" runstate="Runnable" testcasecount="1" result="Passed" start-time="2020-10-27 21:38:22Z" end-time="2020-10-27 21:38:22Z" duration="0.004046" total="1" passed="1" failed="0" inconclusive="0" skipped="0" asserts="7">
        <test-case id="0-1019" name="TestBufferedStruct" fullname="Kaitai.SpecBufferedStruct.TestBufferedStruct" methodname="TestBufferedStruct" classname="Kaitai.SpecBufferedStruct" runstate="Runnable" seed="28370245" result="Passed" start-time="2020-10-27 21:38:22Z" end-time="2020-10-27 21:38:22Z" duration="0.001561" asserts="7" />
      </test-suite>
      <test-suite type="TestFixture" id="0-1020" name="SpecBytesPadTerm" fullname="Kaitai.SpecBytesPadTerm" classname="Kaitai.SpecBytesPadTerm" runstate="Runnable" testcasecount="1" result="Passed" start-time="2020-10-27 21:38:22Z" end-time="2020-10-27 21:38:22Z" duration="0.003378" total="1" passed="1" failed="0" inconclusive="0" skipped="0" asserts="4">
        <test-case id="0-1021" name="TestBytesPadTerm" fullname="Kaitai.SpecBytesPadTerm.TestBytesPadTerm" methodname="TestBytesPadTerm" classname="Kaitai.SpecBytesPadTerm" runstate="Runnable" seed="690536475" result="Passed" start-time="2020-10-27 21:38:22Z" end-time="2020-10-27 21:38:22Z" duration="0.000903" asserts="4" />
      </test-suite>
      <test-suite type="TestFixture" id="0-1022" name="SpecCastNested" fullname="Kaitai.SpecCastNested" classname="Kaitai.SpecCastNested" runstate="Runnable" testcasecount="1" result="Passed" start-time="2020-10-27 21:38:22Z" end-time="2020-10-27 21:38:22Z" duration="0.027109" total="1" passed="1" failed="0" inconclusive="0" skipped="0" asserts="4">
        <test-case id="0-1023" name="TestCastNested" fullname="Kaitai.SpecCastNested.TestCastNested" methodname="TestCastNested" classname="Kaitai.SpecCastNested" runstate="Runnable" seed="448546203" result="Passed" start-time="2020-10-27 21:38:22Z" end-time="2020-10-27 21:38:22Z" duration="0.024642" asserts="4" />
      </test-suite>
      <test-suite type="TestFixture" id="0-1024" name="SpecCastToImported" fullname="Kaitai.SpecCastToImported" classname="Kaitai.SpecCastToImported" runstate="Runnable" testcasecount="1" result="Passed" start-time="2020-10-27 21:38:22Z" end-time="2020-10-27 21:38:22Z" duration="0.003162" total="1" passed="1" failed="0" inconclusive="0" skipped="0" asserts="2">
        <test-case id="0-1025" name="TestCastToImported" fullname="Kaitai.SpecCastToImported.TestCastToImported" methodname="TestCastToImported" classname="Kaitai.SpecCastToImported" runstate="Runnable" seed="744483867" result="Passed" start-time="2020-10-27 21:38:22Z" end-time="2020-10-27 21:38:22Z" duration="0.000696" asserts="2" />
      </test-suite>
      <test-suite type="TestFixture" id="0-1026" name="SpecCastToTop" fullname="Kaitai.SpecCastToTop" classname="Kaitai.SpecCastToTop" runstate="Runnable" testcasecount="1" result="Passed" start-time="2020-10-27 21:38:22Z" end-time="2020-10-27 21:38:22Z" duration="0.003643" total="1" passed="1" failed="0" inconclusive="0" skipped="0" asserts="3">
        <test-case id="0-1027" name="TestCastToTop" fullname="Kaitai.SpecCastToTop.TestCastToTop" methodname="TestCastToTop" classname="Kaitai.SpecCastToTop" runstate="Runnable" seed="1932514379" result="Passed" start-time="2020-10-27 21:38:22Z" end-time="2020-10-27 21:38:22Z" duration="0.001195" asserts="3" />
      </test-suite>
      <test-suite type="TestFixture" id="0-1028" name="SpecCombineBool" fullname="Kaitai.SpecCombineBool" classname="Kaitai.SpecCombineBool" runstate="Runnable" testcasecount="1" result="Passed" start-time="2020-10-27 21:38:22Z" end-time="2020-10-27 21:38:22Z" duration="0.003030" total="1" passed="1" failed="0" inconclusive="0" skipped="0" asserts="2">
        <test-case id="0-1029" name="TestCombineBool" fullname="Kaitai.SpecCombineBool.TestCombineBool" methodname="TestCombineBool" classname="Kaitai.SpecCombineBool" runstate="Runnable" seed="873281170" result="Passed" start-time="2020-10-27 21:38:22Z" end-time="2020-10-27 21:38:22Z" duration="0.000595" asserts="2" />
      </test-suite>
      <test-suite type="TestFixture" id="0-1030" name="SpecCombineBytes" fullname="Kaitai.SpecCombineBytes" classname="Kaitai.SpecCombineBytes" runstate="Runnable" testcasecount="1" result="Passed" start-time="2020-10-27 21:38:22Z" end-time="2020-10-27 21:38:22Z" duration="0.003574" total="1" passed="1" failed="0" inconclusive="0" skipped="0" asserts="10">
        <test-case id="0-1031" name="TestCombineBytes" fullname="Kaitai.SpecCombineBytes.TestCombineBytes" methodname="TestCombineBytes" classname="Kaitai.SpecCombineBytes" runstate="Runnable" seed="710214772" result="Passed" start-time="2020-10-27 21:38:22Z" end-time="2020-10-27 21:38:22Z" duration="0.001149" asserts="10" />
      </test-suite>
      <test-suite type="TestFixture" id="0-1032" name="SpecCombineEnum" fullname="Kaitai.SpecCombineEnum" classname="Kaitai.SpecCombineEnum" runstate="Runnable" testcasecount="1" result="Passed" start-time="2020-10-27 21:38:22Z" end-time="2020-10-27 21:38:22Z" duration="0.003119" total="1" passed="1" failed="0" inconclusive="0" skipped="0" asserts="3">
        <test-case id="0-1033" name="TestCombineEnum" fullname="Kaitai.SpecCombineEnum.TestCombineEnum" methodname="TestCombineEnum" classname="Kaitai.SpecCombineEnum" runstate="Runnable" seed="1347449214" result="Passed" start-time="2020-10-27 21:38:22Z" end-time="2020-10-27 21:38:22Z" duration="0.000700" asserts="3" />
      </test-suite>
      <test-suite type="TestFixture" id="0-1034" name="SpecCombineStr" fullname="Kaitai.SpecCombineStr" classname="Kaitai.SpecCombineStr" runstate="Runnable" testcasecount="1" result="Passed" start-time="2020-10-27 21:38:22Z" end-time="2020-10-27 21:38:22Z" duration="0.003775" total="1" passed="1" failed="0" inconclusive="0" skipped="0" asserts="15">
        <test-case id="0-1035" name="TestCombineStr" fullname="Kaitai.SpecCombineStr.TestCombineStr" methodname="TestCombineStr" classname="Kaitai.SpecCombineStr" runstate="Runnable" seed="1504752501" result="Passed" start-time="2020-10-27 21:38:22Z" end-time="2020-10-27 21:38:22Z" duration="0.001351" asserts="15" />
      </test-suite>
      <test-suite type="TestFixture" id="0-1036" name="SpecDebug0" fullname="Kaitai.SpecDebug0" classname="Kaitai.SpecDebug0" runstate="Runnable" testcasecount="1" result="Passed" start-time="2020-10-27 21:38:22Z" end-time="2020-10-27 21:38:22Z" duration="0.002492" total="1" passed="1" failed="0" inconclusive="0" skipped="0" asserts="0">
        <test-case id="0-1037" name="TestDebug0" fullname="Kaitai.SpecDebug0.TestDebug0" methodname="TestDebug0" classname="Kaitai.SpecDebug0" runstate="Runnable" seed="930764854" result="Passed" start-time="2020-10-27 21:38:22Z" end-time="2020-10-27 21:38:22Z" duration="0.000075" asserts="0" />
      </test-suite>
      <test-suite type="TestFixture" id="0-1038" name="SpecDebugArrayUser" fullname="Kaitai.SpecDebugArrayUser" classname="Kaitai.SpecDebugArrayUser" runstate="Runnable" testcasecount="1" result="Passed" start-time="2020-10-27 21:38:22Z" end-time="2020-10-27 21:38:22Z" duration="0.003489" total="1" passed="1" failed="0" inconclusive="0" skipped="0" asserts="4">
        <test-case id="0-1039" name="TestDebugArrayUser" fullname="Kaitai.SpecDebugArrayUser.TestDebugArrayUser" methodname="TestDebugArrayUser" classname="Kaitai.SpecDebugArrayUser" runstate="Runnable" seed="1329281409" result="Passed" start-time="2020-10-27 21:38:22Z" end-time="2020-10-27 21:38:22Z" duration="0.001084" asserts="4" />
      </test-suite>
      <test-suite type="TestFixture" id="0-1040" name="SpecDebugEnumName" fullname="Kaitai.SpecDebugEnumName" classname="Kaitai.SpecDebugEnumName" runstate="Runnable" testcasecount="1" result="Passed" start-time="2020-10-27 21:38:22Z" end-time="2020-10-27 21:38:22Z" duration="0.002501" total="1" passed="1" failed="0" inconclusive="0" skipped="0" asserts="0">
        <test-case id="0-1041" name="TestDebugEnumName" fullname="Kaitai.SpecDebugEnumName.TestDebugEnumName" methodname="TestDebugEnumName" classname="Kaitai.SpecDebugEnumName" runstate="Runnable" seed="472932155" result="Passed" start-time="2020-10-27 21:38:22Z" end-time="2020-10-27 21:38:22Z" duration="0.000074" asserts="0" />
      </test-suite>
      <test-suite type="TestFixture" id="0-1042" name="SpecDebugSwitchUser" fullname="Kaitai.SpecDebugSwitchUser" classname="Kaitai.SpecDebugSwitchUser" runstate="Runnable" testcasecount="1" result="Passed" start-time="2020-10-27 21:38:22Z" end-time="2020-10-27 21:38:22Z" duration="0.003100" total="1" passed="1" failed="0" inconclusive="0" skipped="0" asserts="2">
        <test-case id="0-1043" name="TestDebugSwitchUser" fullname="Kaitai.SpecDebugSwitchUser.TestDebugSwitchUser" methodname="TestDebugSwitchUser" classname="Kaitai.SpecDebugSwitchUser" runstate="Runnable" seed="558255910" result="Passed" start-time="2020-10-27 21:38:22Z" end-time="2020-10-27 21:38:22Z" duration="0.000700" asserts="2" />
      </test-suite>
      <test-suite type="TestFixture" id="0-1044" name="SpecDefaultBigEndian" fullname="Kaitai.SpecDefaultBigEndian" classname="Kaitai.SpecDefaultBigEndian" runstate="Runnable" testcasecount="1" result="Passed" start-time="2020-10-27 21:38:22Z" end-time="2020-10-27 21:38:22Z" duration="0.002895" total="1" passed="1" failed="0" inconclusive="0" skipped="0" asserts="1">
        <test-case id="0-1045" name="TestDefaultBigEndian" fullname="Kaitai.SpecDefaultBigEndian.TestDefaultBigEndian" methodname="TestDefaultBigEndian" classname="Kaitai.SpecDefaultBigEndian" runstate="Runnable" seed="1191899111" result="Passed" start-time="2020-10-27 21:38:22Z" end-time="2020-10-27 21:38:22Z" duration="0.000489" asserts="1" />
      </test-suite>
      <test-suite type="TestFixture" id="0-1046" name="SpecDefaultBitEndianMod" fullname="Kaitai.SpecDefaultBitEndianMod" classname="Kaitai.SpecDefaultBitEndianMod" runstate="Runnable" testcasecount="1" result="Passed" start-time="2020-10-27 21:38:22Z" end-time="2020-10-27 21:38:22Z" duration="0.003220" total="1" passed="1" failed="0" inconclusive="0" skipped="0" asserts="4">
        <test-case id="0-1047" name="TestDefaultBitEndianMod" fullname="Kaitai.SpecDefaultBitEndianMod.TestDefaultBitEndianMod" methodname="TestDefaultBitEndianMod" classname="Kaitai.SpecDefaultBitEndianMod" runstate="Runnable" seed="1940463062" result="Passed" start-time="2020-10-27 21:38:22Z" end-time="2020-10-27 21:38:22Z" duration="0.000819" asserts="4" />
      </test-suite>
      <test-suite type="TestFixture" id="0-1048" name="SpecDefaultEndianExprException" fullname="Kaitai.SpecDefaultEndianExprException" classname="Kaitai.SpecDefaultEndianExprException" runstate="Runnable" testcasecount="1" result="Passed" start-time="2020-10-27 21:38:22Z" end-time="2020-10-27 21:38:22Z" duration="0.007103" total="1" passed="1" failed="0" inconclusive="0" skipped="0" asserts="1">
        <test-case id="0-1049" name="TestDefaultEndianExprException" fullname="Kaitai.SpecDefaultEndianExprException.TestDefaultEndianExprException" methodname="TestDefaultEndianExprException" classname="Kaitai.SpecDefaultEndianExprException" runstate="Runnable" seed="1938659939" result="Passed" start-time="2020-10-27 21:38:22Z" end-time="2020-10-27 21:38:22Z" duration="0.004695" asserts="1" />
      </test-suite>
      <test-suite type="TestFixture" id="0-1050" name="SpecDefaultEndianExprInherited" fullname="Kaitai.SpecDefaultEndianExprInherited" classname="Kaitai.SpecDefaultEndianExprInherited" runstate="Runnable" testcasecount="1" result="Passed" start-time="2020-10-27 21:38:22Z" end-time="2020-10-27 21:38:22Z" duration="0.005584" total="1" passed="1" failed="0" inconclusive="0" skipped="0" asserts="15">
        <test-case id="0-1051" name="TestDefaultEndianExprInherited" fullname="Kaitai.SpecDefaultEndianExprInherited.TestDefaultEndianExprInherited" methodname="TestDefaultEndianExprInherited" classname="Kaitai.SpecDefaultEndianExprInherited" runstate="Runnable" seed="644930997" result="Passed" start-time="2020-10-27 21:38:22Z" end-time="2020-10-27 21:38:22Z" duration="0.003159" asserts="15" />
      </test-suite>
      <test-suite type="TestFixture" id="0-1052" name="SpecDefaultEndianExprIsBe" fullname="Kaitai.SpecDefaultEndianExprIsBe" classname="Kaitai.SpecDefaultEndianExprIsBe" runstate="Runnable" testcasecount="1" result="Passed" start-time="2020-10-27 21:38:22Z" end-time="2020-10-27 21:38:22Z" duration="0.005383" total="1" passed="1" failed="0" inconclusive="0" skipped="0" asserts="18">
        <test-case id="0-1053" name="TestDefaultEndianExprIsBe" fullname="Kaitai.SpecDefaultEndianExprIsBe.TestDefaultEndianExprIsBe" methodname="TestDefaultEndianExprIsBe" classname="Kaitai.SpecDefaultEndianExprIsBe" runstate="Runnable" seed="230792959" result="Passed" start-time="2020-10-27 21:38:22Z" end-time="2020-10-27 21:38:22Z" duration="0.002956" asserts="18" />
      </test-suite>
      <test-suite type="TestFixture" id="0-1054" name="SpecDefaultEndianExprIsLe" fullname="Kaitai.SpecDefaultEndianExprIsLe" classname="Kaitai.SpecDefaultEndianExprIsLe" runstate="Runnable" testcasecount="1" result="Passed" start-time="2020-10-27 21:38:22Z" end-time="2020-10-27 21:38:22Z" duration="0.004352" total="1" passed="1" failed="0" inconclusive="0" skipped="0" asserts="12">
        <test-case id="0-1055" name="TestDefaultEndianExprIsLe" fullname="Kaitai.SpecDefaultEndianExprIsLe.TestDefaultEndianExprIsLe" methodname="TestDefaultEndianExprIsLe" classname="Kaitai.SpecDefaultEndianExprIsLe" runstate="Runnable" seed="1923279096" result="Passed" start-time="2020-10-27 21:38:22Z" end-time="2020-10-27 21:38:22Z" duration="0.001915" asserts="12" />
      </test-suite>
      <test-suite type="TestFixture" id="0-1056" name="SpecDefaultEndianMod" fullname="Kaitai.SpecDefaultEndianMod" classname="Kaitai.SpecDefaultEndianMod" runstate="Runnable" testcasecount="1" result="Passed" start-time="2020-10-27 21:38:22Z" end-time="2020-10-27 21:38:22Z" duration="0.003367" total="1" passed="1" failed="0" inconclusive="0" skipped="0" asserts="3">
        <test-case id="0-1057" name="TestDefaultEndianMod" fullname="Kaitai.SpecDefaultEndianMod.TestDefaultEndianMod" methodname="TestDefaultEndianMod" classname="Kaitai.SpecDefaultEndianMod" runstate="Runnable" seed="1347846377" result="Passed" start-time="2020-10-27 21:38:22Z" end-time="2020-10-27 21:38:22Z" duration="0.000955" asserts="3" />
      </test-suite>
      <test-suite type="TestFixture" id="0-1058" name="SpecDocstrings" fullname="Kaitai.SpecDocstrings" classname="Kaitai.SpecDocstrings" runstate="Runnable" testcasecount="1" result="Passed" start-time="2020-10-27 21:38:22Z" end-time="2020-10-27 21:38:22Z" duration="0.002830" total="1" passed="1" failed="0" inconclusive="0" skipped="0" asserts="0">
        <test-case id="0-1059" name="TestDocstrings" fullname="Kaitai.SpecDocstrings.TestDocstrings" methodname="TestDocstrings" classname="Kaitai.SpecDocstrings" runstate="Runnable" seed="1402927046" result="Passed" start-time="2020-10-27 21:38:22Z" end-time="2020-10-27 21:38:22Z" duration="0.000388" asserts="0" />
      </test-suite>
      <test-suite type="TestFixture" id="0-1060" name="SpecDocstringsDocref" fullname="Kaitai.SpecDocstringsDocref" classname="Kaitai.SpecDocstringsDocref" runstate="Runnable" testcasecount="1" result="Passed" start-time="2020-10-27 21:38:22Z" end-time="2020-10-27 21:38:22Z" duration="0.002819" total="1" passed="1" failed="0" inconclusive="0" skipped="0" asserts="0">
        <test-case id="0-1061" name="TestDocstringsDocref" fullname="Kaitai.SpecDocstringsDocref.TestDocstringsDocref" methodname="TestDocstringsDocref" classname="Kaitai.SpecDocstringsDocref" runstate="Runnable" seed="648393854" result="Passed" start-time="2020-10-27 21:38:22Z" end-time="2020-10-27 21:38:22Z" duration="0.000391" asserts="0" />
      </test-suite>
      <test-suite type="TestFixture" id="0-1062" name="SpecDocstringsDocrefMulti" fullname="Kaitai.SpecDocstringsDocrefMulti" classname="Kaitai.SpecDocstringsDocrefMulti" runstate="Runnable" testcasecount="1" result="Passed" start-time="2020-10-27 21:38:22Z" end-time="2020-10-27 21:38:22Z" duration="0.002728" total="1" passed="1" failed="0" inconclusive="0" skipped="0" asserts="0">
        <test-case id="0-1063" name="TestDocstringsDocrefMulti" fullname="Kaitai.SpecDocstringsDocrefMulti.TestDocstringsDocrefMulti" methodname="TestDocstringsDocrefMulti" classname="Kaitai.SpecDocstringsDocrefMulti" runstate="Runnable" seed="1761401146" result="Passed" start-time="2020-10-27 21:38:22Z" end-time="2020-10-27 21:38:22Z" duration="0.000304" asserts="0" />
      </test-suite>
      <test-suite type="TestFixture" id="0-1064" name="SpecEnum0" fullname="Kaitai.SpecEnum0" classname="Kaitai.SpecEnum0" runstate="Runnable" testcasecount="1" result="Passed" start-time="2020-10-27 21:38:22Z" end-time="2020-10-27 21:38:22Z" duration="0.002922" total="1" passed="1" failed="0" inconclusive="0" skipped="0" asserts="2">
        <test-case id="0-1065" name="TestEnum0" fullname="Kaitai.SpecEnum0.TestEnum0" methodname="TestEnum0" classname="Kaitai.SpecEnum0" runstate="Runnable" seed="7636374" result="Passed" start-time="2020-10-27 21:38:22Z" end-time="2020-10-27 21:38:22Z" duration="0.000490" asserts="2" />
      </test-suite>
      <test-suite type="TestFixture" id="0-1066" name="SpecEnum1" fullname="Kaitai.SpecEnum1" classname="Kaitai.SpecEnum1" runstate="Runnable" testcasecount="1" result="Passed" start-time="2020-10-27 21:38:22Z" end-time="2020-10-27 21:38:22Z" duration="0.003139" total="1" passed="1" failed="0" inconclusive="0" skipped="0" asserts="2">
        <test-case id="0-1067" name="TestEnum1" fullname="Kaitai.SpecEnum1.TestEnum1" methodname="TestEnum1" classname="Kaitai.SpecEnum1" runstate="Runnable" seed="1313578377" result="Passed" start-time="2020-10-27 21:38:22Z" end-time="2020-10-27 21:38:22Z" duration="0.000706" asserts="2" />
      </test-suite>
      <test-suite type="TestFixture" id="0-1068" name="SpecEnumDeep" fullname="Kaitai.SpecEnumDeep" classname="Kaitai.SpecEnumDeep" runstate="Runnable" testcasecount="1" result="Passed" start-time="2020-10-27 21:38:22Z" end-time="2020-10-27 21:38:22Z" duration="0.003014" total="1" passed="1" failed="0" inconclusive="0" skipped="0" asserts="2">
        <test-case id="0-1069" name="TestEnumDeep" fullname="Kaitai.SpecEnumDeep.TestEnumDeep" methodname="TestEnumDeep" classname="Kaitai.SpecEnumDeep" runstate="Runnable" seed="2147072312" result="Passed" start-time="2020-10-27 21:38:22Z" end-time="2020-10-27 21:38:22Z" duration="0.000525" asserts="2" />
      </test-suite>
      <test-suite type="TestFixture" id="0-1070" name="SpecEnumDeepLiterals" fullname="Kaitai.SpecEnumDeepLiterals" classname="Kaitai.SpecEnumDeepLiterals" runstate="Runnable" testcasecount="1" result="Passed" start-time="2020-10-27 21:38:22Z" end-time="2020-10-27 21:38:22Z" duration="0.003176" total="1" passed="1" failed="0" inconclusive="0" skipped="0" asserts="2">
        <test-case id="0-1071" name="TestEnumDeepLiterals" fullname="Kaitai.SpecEnumDeepLiterals.TestEnumDeepLiterals" methodname="TestEnumDeepLiterals" classname="Kaitai.SpecEnumDeepLiterals" runstate="Runnable" seed="731759412" result="Passed" start-time="2020-10-27 21:38:22Z" end-time="2020-10-27 21:38:22Z" duration="0.000729" asserts="2" />
      </test-suite>
      <test-suite type="TestFixture" id="0-1072" name="SpecEnumFancy" fullname="Kaitai.SpecEnumFancy" classname="Kaitai.SpecEnumFancy" runstate="Runnable" testcasecount="1" result="Passed" start-time="2020-10-27 21:38:22Z" end-time="2020-10-27 21:38:22Z" duration="0.003087" total="1" passed="1" failed="0" inconclusive="0" skipped="0" asserts="2">
        <test-case id="0-1073" name="TestEnumFancy" fullname="Kaitai.SpecEnumFancy.TestEnumFancy" methodname="TestEnumFancy" classname="Kaitai.SpecEnumFancy" runstate="Runnable" seed="166704840" result="Passed" start-time="2020-10-27 21:38:22Z" end-time="2020-10-27 21:38:22Z" duration="0.000598" asserts="2" />
      </test-suite>
      <test-suite type="TestFixture" id="0-1074" name="SpecEnumForUnknownId" fullname="Kaitai.SpecEnumForUnknownId" classname="Kaitai.SpecEnumForUnknownId" runstate="Runnable" testcasecount="1" result="Passed" start-time="2020-10-27 21:38:22Z" end-time="2020-10-27 21:38:22Z" duration="0.002892" total="1" passed="1" failed="0" inconclusive="0" skipped="0" asserts="1">
        <test-case id="0-1075" name="TestEnumForUnknownId" fullname="Kaitai.SpecEnumForUnknownId.TestEnumForUnknownId" methodname="TestEnumForUnknownId" classname="Kaitai.SpecEnumForUnknownId" runstate="Runnable" seed="491791258" result="Passed" start-time="2020-10-27 21:38:22Z" end-time="2020-10-27 21:38:22Z" duration="0.000467" asserts="1" />
      </test-suite>
      <test-suite type="TestFixture" id="0-1076" name="SpecEnumIf" fullname="Kaitai.SpecEnumIf" classname="Kaitai.SpecEnumIf" runstate="Runnable" testcasecount="1" result="Passed" start-time="2020-10-27 21:38:22Z" end-time="2020-10-27 21:38:22Z" duration="0.003882" total="1" passed="1" failed="0" inconclusive="0" skipped="0" asserts="7">
        <test-case id="0-1077" name="TestEnumIf" fullname="Kaitai.SpecEnumIf.TestEnumIf" methodname="TestEnumIf" classname="Kaitai.SpecEnumIf" runstate="Runnable" seed="1225625833" result="Passed" start-time="2020-10-27 21:38:22Z" end-time="2020-10-27 21:38:22Z" duration="0.001358" asserts="7" />
      </test-suite>
      <test-suite type="TestFixture" id="0-1078" name="SpecEnumImport" fullname="Kaitai.SpecEnumImport" classname="Kaitai.SpecEnumImport" runstate="Runnable" testcasecount="1" result="Passed" start-time="2020-10-27 21:38:22Z" end-time="2020-10-27 21:38:22Z" duration="0.002976" total="1" passed="1" failed="0" inconclusive="0" skipped="0" asserts="2">
        <test-case id="0-1079" name="TestEnumImport" fullname="Kaitai.SpecEnumImport.TestEnumImport" methodname="TestEnumImport" classname="Kaitai.SpecEnumImport" runstate="Runnable" seed="1418604006" result="Passed" start-time="2020-10-27 21:38:22Z" end-time="2020-10-27 21:38:22Z" duration="0.000483" asserts="2" />
      </test-suite>
      <test-suite type="TestFixture" id="0-1080" name="SpecEnumIntRangeS" fullname="Kaitai.SpecEnumIntRangeS" classname="Kaitai.SpecEnumIntRangeS" runstate="Runnable" testcasecount="1" result="Passed" start-time="2020-10-27 21:38:22Z" end-time="2020-10-27 21:38:22Z" duration="0.002992" total="1" passed="1" failed="0" inconclusive="0" skipped="0" asserts="3">
        <test-case id="0-1081" name="TestEnumIntRangeS" fullname="Kaitai.SpecEnumIntRangeS.TestEnumIntRangeS" methodname="TestEnumIntRangeS" classname="Kaitai.SpecEnumIntRangeS" runstate="Runnable" seed="566530968" result="Passed" start-time="2020-10-27 21:38:22Z" end-time="2020-10-27 21:38:22Z" duration="0.000561" asserts="3" />
      </test-suite>
      <test-suite type="TestFixture" id="0-1082" name="SpecEnumInvalid" fullname="Kaitai.SpecEnumInvalid" classname="Kaitai.SpecEnumInvalid" runstate="Runnable" testcasecount="1" result="Passed" start-time="2020-10-27 21:38:22Z" end-time="2020-10-27 21:38:22Z" duration="0.003039" total="1" passed="1" failed="0" inconclusive="0" skipped="0" asserts="2">
        <test-case id="0-1083" name="TestEnumInvalid" fullname="Kaitai.SpecEnumInvalid.TestEnumInvalid" methodname="TestEnumInvalid" classname="Kaitai.SpecEnumInvalid" runstate="Runnable" seed="1400873158" result="Passed" start-time="2020-10-27 21:38:22Z" end-time="2020-10-27 21:38:22Z" duration="0.000553" asserts="2" />
      </test-suite>
      <test-suite type="TestFixture" id="0-1084" name="SpecEnumNegative" fullname="Kaitai.SpecEnumNegative" classname="Kaitai.SpecEnumNegative" runstate="Runnable" testcasecount="1" result="Passed" start-time="2020-10-27 21:38:22Z" end-time="2020-10-27 21:38:22Z" duration="0.002980" total="1" passed="1" failed="0" inconclusive="0" skipped="0" asserts="2">
        <test-case id="0-1085" name="TestEnumNegative" fullname="Kaitai.SpecEnumNegative.TestEnumNegative" methodname="TestEnumNegative" classname="Kaitai.SpecEnumNegative" runstate="Runnable" seed="829971324" result="Passed" start-time="2020-10-27 21:38:22Z" end-time="2020-10-27 21:38:22Z" duration="0.000570" asserts="2" />
      </test-suite>
      <test-suite type="TestFixture" id="0-1086" name="SpecEnumOfValueInst" fullname="Kaitai.SpecEnumOfValueInst" classname="Kaitai.SpecEnumOfValueInst" runstate="Runnable" testcasecount="1" result="Passed" start-time="2020-10-27 21:38:22Z" end-time="2020-10-27 21:38:22Z" duration="0.003183" total="1" passed="1" failed="0" inconclusive="0" skipped="0" asserts="4">
        <test-case id="0-1087" name="TestEnumOfValueInst" fullname="Kaitai.SpecEnumOfValueInst.TestEnumOfValueInst" methodname="TestEnumOfValueInst" classname="Kaitai.SpecEnumOfValueInst" runstate="Runnable" seed="406701565" result="Passed" start-time="2020-10-27 21:38:22Z" end-time="2020-10-27 21:38:22Z" duration="0.000756" asserts="4" />
      </test-suite>
      <test-suite type="TestFixture" id="0-1088" name="SpecEofExceptionBytes" fullname="Kaitai.SpecEofExceptionBytes" classname="Kaitai.SpecEofExceptionBytes" runstate="Runnable" testcasecount="1" result="Passed" start-time="2020-10-27 21:38:22Z" end-time="2020-10-27 21:38:22Z" duration="0.004327" total="1" passed="1" failed="0" inconclusive="0" skipped="0" asserts="1">
        <test-case id="0-1089" name="TestEofExceptionBytes" fullname="Kaitai.SpecEofExceptionBytes.TestEofExceptionBytes" methodname="TestEofExceptionBytes" classname="Kaitai.SpecEofExceptionBytes" runstate="Runnable" seed="1335858699" result="Passed" start-time="2020-10-27 21:38:22Z" end-time="2020-10-27 21:38:22Z" duration="0.001534" asserts="1" />
      </test-suite>
      <test-suite type="TestFixture" id="0-1090" name="SpecEofExceptionU4" fullname="Kaitai.SpecEofExceptionU4" classname="Kaitai.SpecEofExceptionU4" runstate="Runnable" testcasecount="1" result="Passed" start-time="2020-10-27 21:38:22Z" end-time="2020-10-27 21:38:22Z" duration="0.002984" total="1" passed="1" failed="0" inconclusive="0" skipped="0" asserts="1">
        <test-case id="0-1091" name="TestEofExceptionU4" fullname="Kaitai.SpecEofExceptionU4.TestEofExceptionU4" methodname="TestEofExceptionU4" classname="Kaitai.SpecEofExceptionU4" runstate="Runnable" seed="1105864934" result="Passed" start-time="2020-10-27 21:38:22Z" end-time="2020-10-27 21:38:22Z" duration="0.000554" asserts="1" />
      </test-suite>
      <test-suite type="TestFixture" id="0-1092" name="SpecEosExceptionBytes" fullname="Kaitai.SpecEosExceptionBytes" classname="Kaitai.SpecEosExceptionBytes" runstate="Runnable" testcasecount="1" result="Passed" start-time="2020-10-27 21:38:22Z" end-time="2020-10-27 21:38:22Z" duration="0.003047" total="1" passed="1" failed="0" inconclusive="0" skipped="0" asserts="1">
        <test-case id="0-1093" name="TestEosExceptionBytes" fullname="Kaitai.SpecEosExceptionBytes.TestEosExceptionBytes" methodname="TestEosExceptionBytes" classname="Kaitai.SpecEosExceptionBytes" runstate="Runnable" seed="1351758145" result="Passed" start-time="2020-10-27 21:38:22Z" end-time="2020-10-27 21:38:22Z" duration="0.000621" asserts="1" />
      </test-suite>
      <test-suite type="TestFixture" id="0-1094" name="SpecEosExceptionU4" fullname="Kaitai.SpecEosExceptionU4" classname="Kaitai.SpecEosExceptionU4" runstate="Runnable" testcasecount="1" result="Passed" start-time="2020-10-27 21:38:22Z" end-time="2020-10-27 21:38:22Z" duration="0.003106" total="1" passed="1" failed="0" inconclusive="0" skipped="0" asserts="1">
        <test-case id="0-1095" name="TestEosExceptionU4" fullname="Kaitai.SpecEosExceptionU4.TestEosExceptionU4" methodname="TestEosExceptionU4" classname="Kaitai.SpecEosExceptionU4" runstate="Runnable" seed="1381702787" result="Passed" start-time="2020-10-27 21:38:22Z" end-time="2020-10-27 21:38:22Z" duration="0.000666" asserts="1" />
      </test-suite>
      <test-suite type="TestFixture" id="0-1096" name="SpecExpr0" fullname="Kaitai.SpecExpr0" classname="Kaitai.SpecExpr0" runstate="Runnable" testcasecount="1" result="Passed" start-time="2020-10-27 21:38:22Z" end-time="2020-10-27 21:38:22Z" duration="0.002954" total="1" passed="1" failed="0" inconclusive="0" skipped="0" asserts="2">
        <test-case id="0-1097" name="TestExpr0" fullname="Kaitai.SpecExpr0.TestExpr0" methodname="TestExpr0" classname="Kaitai.SpecExpr0" runstate="Runnable" seed="803064787" result="Passed" start-time="2020-10-27 21:38:22Z" end-time="2020-10-27 21:38:22Z" duration="0.000539" asserts="2" />
      </test-suite>
      <test-suite type="TestFixture" id="0-1098" name="SpecExpr1" fullname="Kaitai.SpecExpr1" classname="Kaitai.SpecExpr1" runstate="Runnable" testcasecount="1" result="Passed" start-time="2020-10-27 21:38:22Z" end-time="2020-10-27 21:38:22Z" duration="0.003102" total="1" passed="1" failed="0" inconclusive="0" skipped="0" asserts="4">
        <test-case id="0-1099" name="TestExpr1" fullname="Kaitai.SpecExpr1.TestExpr1" methodname="TestExpr1" classname="Kaitai.SpecExpr1" runstate="Runnable" seed="370716135" result="Passed" start-time="2020-10-27 21:38:22Z" end-time="2020-10-27 21:38:22Z" duration="0.000677" asserts="4" />
      </test-suite>
      <test-suite type="TestFixture" id="0-1100" name="SpecExpr2" fullname="Kaitai.SpecExpr2" classname="Kaitai.SpecExpr2" runstate="Runnable" testcasecount="1" result="Passed" start-time="2020-10-27 21:38:22Z" end-time="2020-10-27 21:38:22Z" duration="0.004621" total="1" passed="1" failed="0" inconclusive="0" skipped="0" asserts="17">
        <test-case id="0-1101" name="TestExpr2" fullname="Kaitai.SpecExpr2.TestExpr2" methodname="TestExpr2" classname="Kaitai.SpecExpr2" runstate="Runnable" seed="695408481" result="Passed" start-time="2020-10-27 21:38:22Z" end-time="2020-10-27 21:38:22Z" duration="0.002184" asserts="17" />
      </test-suite>
      <test-suite type="TestFixture" id="0-1102" name="SpecExpr3" fullname="Kaitai.SpecExpr3" classname="Kaitai.SpecExpr3" runstate="Runnable" testcasecount="1" result="Passed" start-time="2020-10-27 21:38:22Z" end-time="2020-10-27 21:38:22Z" duration="0.003858" total="1" passed="1" failed="0" inconclusive="0" skipped="0" asserts="12">
        <test-case id="0-1103" name="TestExpr3" fullname="Kaitai.SpecExpr3.TestExpr3" methodname="TestExpr3" classname="Kaitai.SpecExpr3" runstate="Runnable" seed="1918921754" result="Passed" start-time="2020-10-27 21:38:22Z" end-time="2020-10-27 21:38:22Z" duration="0.001427" asserts="12" />
      </test-suite>
      <test-suite type="TestFixture" id="0-1104" name="SpecExprArray" fullname="Kaitai.SpecExprArray" classname="Kaitai.SpecExprArray" runstate="Runnable" testcasecount="1" result="Passed" start-time="2020-10-27 21:38:22Z" end-time="2020-10-27 21:38:22Z" duration="0.010163" total="1" passed="1" failed="0" inconclusive="0" skipped="0" asserts="15">
        <test-case id="0-1105" name="TestExprArray" fullname="Kaitai.SpecExprArray.TestExprArray" methodname="TestExprArray" classname="Kaitai.SpecExprArray" runstate="Runnable" seed="321810391" result="Passed" start-time="2020-10-27 21:38:22Z" end-time="2020-10-27 21:38:22Z" duration="0.007712" asserts="15" />
      </test-suite>
      <test-suite type="TestFixture" id="0-1106" name="SpecExprBytesCmp" fullname="Kaitai.SpecExprBytesCmp" classname="Kaitai.SpecExprBytesCmp" runstate="Runnable" testcasecount="1" result="Passed" start-time="2020-10-27 21:38:22Z" end-time="2020-10-27 21:38:22Z" duration="0.004048" total="1" passed="1" failed="0" inconclusive="0" skipped="0" asserts="10">
        <test-case id="0-1107" name="TestExprBytesCmp" fullname="Kaitai.SpecExprBytesCmp.TestExprBytesCmp" methodname="TestExprBytesCmp" classname="Kaitai.SpecExprBytesCmp" runstate="Runnable" seed="707032922" result="Passed" start-time="2020-10-27 21:38:22Z" end-time="2020-10-27 21:38:22Z" duration="0.001542" asserts="10" />
      </test-suite>
      <test-suite type="TestFixture" id="0-1108" name="SpecExprBytesOps" fullname="Kaitai.SpecExprBytesOps" classname="Kaitai.SpecExprBytesOps" runstate="Runnable" testcasecount="1" result="Passed" start-time="2020-10-27 21:38:22Z" end-time="2020-10-27 21:38:22Z" duration="0.005639" total="1" passed="1" failed="0" inconclusive="0" skipped="0" asserts="12">
        <test-case id="0-1109" name="TestExprBytesOps" fullname="Kaitai.SpecExprBytesOps.TestExprBytesOps" methodname="TestExprBytesOps" classname="Kaitai.SpecExprBytesOps" runstate="Runnable" seed="974016148" result="Passed" start-time="2020-10-27 21:38:22Z" end-time="2020-10-27 21:38:22Z" duration="0.003204" asserts="12" />
      </test-suite>
      <test-suite type="TestFixture" id="0-1110" name="SpecExprCalcArrayOps" fullname="Kaitai.SpecExprCalcArrayOps" classname="Kaitai.SpecExprCalcArrayOps" runstate="Runnable" testcasecount="1" result="Passed" start-time="2020-10-27 21:38:22Z" end-time="2020-10-27 21:38:22Z" duration="0.006465" total="1" passed="1" failed="0" inconclusive="0" skipped="0" asserts="18">
        <test-case id="0-1111" name="TestExprCalcArrayOps" fullname="Kaitai.SpecExprCalcArrayOps.TestExprCalcArrayOps" methodname="TestExprCalcArrayOps" classname="Kaitai.SpecExprCalcArrayOps" runstate="Runnable" seed="1076048269" result="Passed" start-time="2020-10-27 21:38:22Z" end-time="2020-10-27 21:38:22Z" duration="0.004016" asserts="18" />
      </test-suite>
      <test-suite type="TestFixture" id="0-1112" name="SpecExprEnum" fullname="Kaitai.SpecExprEnum" classname="Kaitai.SpecExprEnum" runstate="Runnable" testcasecount="1" result="Passed" start-time="2020-10-27 21:38:22Z" end-time="2020-10-27 21:38:22Z" duration="0.003164" total="1" passed="1" failed="0" inconclusive="0" skipped="0" asserts="3">
        <test-case id="0-1113" name="TestExprEnum" fullname="Kaitai.SpecExprEnum.TestExprEnum" methodname="TestExprEnum" classname="Kaitai.SpecExprEnum" runstate="Runnable" seed="615195709" result="Passed" start-time="2020-10-27 21:38:22Z" end-time="2020-10-27 21:38:22Z" duration="0.000713" asserts="3" />
      </test-suite>
      <test-suite type="TestFixture" id="0-1114" name="SpecExprIfIntOps" fullname="Kaitai.SpecExprIfIntOps" classname="Kaitai.SpecExprIfIntOps" runstate="Runnable" testcasecount="1" result="Passed" start-time="2020-10-27 21:38:22Z" end-time="2020-10-27 21:38:22Z" duration="0.003503" total="1" passed="1" failed="0" inconclusive="0" skipped="0" asserts="2">
        <test-case id="0-1115" name="TestExprIfIntOps" fullname="Kaitai.SpecExprIfIntOps.TestExprIfIntOps" methodname="TestExprIfIntOps" classname="Kaitai.SpecExprIfIntOps" runstate="Runnable" seed="714805526" result="Passed" start-time="2020-10-27 21:38:22Z" end-time="2020-10-27 21:38:22Z" duration="0.001072" asserts="2" />
      </test-suite>
      <test-suite type="TestFixture" id="0-1116" name="SpecExprIntDiv" fullname="Kaitai.SpecExprIntDiv" classname="Kaitai.SpecExprIntDiv" runstate="Runnable" testcasecount="1" result="Failed" site="Child" start-time="2020-10-27 21:38:22Z" end-time="2020-10-27 21:38:22Z" duration="0.015117" total="1" passed="0" failed="1" inconclusive="0" skipped="0" asserts="4">
        <failure>
          <message><![CDATA[One or more child tests had errors]]></message>
        </failure>
        <test-case id="0-1117" name="TestExprIntDiv" fullname="Kaitai.SpecExprIntDiv.TestExprIntDiv" methodname="TestExprIntDiv" classname="Kaitai.SpecExprIntDiv" runstate="Runnable" seed="349258901" result="Failed" start-time="2020-10-27 21:38:22Z" end-time="2020-10-27 21:38:22Z" duration="0.012647" asserts="4">
          <failure>
            <message><![CDATA[  Expected: -756
  But was:  -757
]]></message>
            <stack-trace><![CDATA[at Kaitai.SpecExprIntDiv.TestExprIntDiv () [0x00069] in <b7a0136f9dd14ba9a02451cba0940fac>:0
]]></stack-trace>
          </failure>
        </test-case>
      </test-suite>
      <test-suite type="TestFixture" id="0-1118" name="SpecExprIoEof" fullname="Kaitai.SpecExprIoEof" classname="Kaitai.SpecExprIoEof" runstate="Runnable" testcasecount="1" result="Passed" start-time="2020-10-27 21:38:22Z" end-time="2020-10-27 21:38:22Z" duration="0.003846" total="1" passed="1" failed="0" inconclusive="0" skipped="0" asserts="4">
        <test-case id="0-1119" name="TestExprIoEof" fullname="Kaitai.SpecExprIoEof.TestExprIoEof" methodname="TestExprIoEof" classname="Kaitai.SpecExprIoEof" runstate="Runnable" seed="1615697767" result="Passed" start-time="2020-10-27 21:38:22Z" end-time="2020-10-27 21:38:22Z" duration="0.001426" asserts="4" />
      </test-suite>
      <test-suite type="TestFixture" id="0-1120" name="SpecExprIoPos" fullname="Kaitai.SpecExprIoPos" classname="Kaitai.SpecExprIoPos" runstate="Runnable" testcasecount="1" result="Passed" start-time="2020-10-27 21:38:22Z" end-time="2020-10-27 21:38:22Z" duration="0.003352" total="1" passed="1" failed="0" inconclusive="0" skipped="0" asserts="6">
        <test-case id="0-1121" name="TestExprIoPos" fullname="Kaitai.SpecExprIoPos.TestExprIoPos" methodname="TestExprIoPos" classname="Kaitai.SpecExprIoPos" runstate="Runnable" seed="1209258554" result="Passed" start-time="2020-10-27 21:38:22Z" end-time="2020-10-27 21:38:22Z" duration="0.000901" asserts="6" />
      </test-suite>
      <test-suite type="TestFixture" id="0-1122" name="SpecExprMod" fullname="Kaitai.SpecExprMod" classname="Kaitai.SpecExprMod" runstate="Runnable" testcasecount="1" result="Passed" start-time="2020-10-27 21:38:22Z" end-time="2020-10-27 21:38:22Z" duration="0.003345" total="1" passed="1" failed="0" inconclusive="0" skipped="0" asserts="6">
        <test-case id="0-1123" name="TestExprMod" fullname="Kaitai.SpecExprMod.TestExprMod" methodname="TestExprMod" classname="Kaitai.SpecExprMod" runstate="Runnable" seed="198037540" result="Passed" start-time="2020-10-27 21:38:22Z" end-time="2020-10-27 21:38:22Z" duration="0.000923" asserts="6" />
      </test-suite>
      <test-suite type="TestFixture" id="0-1124" name="SpecExprSizeofType0" fullname="Kaitai.SpecExprSizeofType0" classname="Kaitai.SpecExprSizeofType0" runstate="Runnable" testcasecount="1" result="Passed" start-time="2020-10-27 21:38:22Z" end-time="2020-10-27 21:38:22Z" duration="0.002820" total="1" passed="1" failed="0" inconclusive="0" skipped="0" asserts="1">
        <test-case id="0-1125" name="TestExprSizeofType0" fullname="Kaitai.SpecExprSizeofType0.TestExprSizeofType0" methodname="TestExprSizeofType0" classname="Kaitai.SpecExprSizeofType0" runstate="Runnable" seed="1132553554" result="Passed" start-time="2020-10-27 21:38:22Z" end-time="2020-10-27 21:38:22Z" duration="0.000411" asserts="1" />
      </test-suite>
      <test-suite type="TestFixture" id="0-1126" name="SpecExprSizeofType1" fullname="Kaitai.SpecExprSizeofType1" classname="Kaitai.SpecExprSizeofType1" runstate="Runnable" testcasecount="1" result="Passed" start-time="2020-10-27 21:38:22Z" end-time="2020-10-27 21:38:22Z" duration="0.002944" total="1" passed="1" failed="0" inconclusive="0" skipped="0" asserts="2">
        <test-case id="0-1127" name="TestExprSizeofType1" fullname="Kaitai.SpecExprSizeofType1.TestExprSizeofType1" methodname="TestExprSizeofType1" classname="Kaitai.SpecExprSizeofType1" runstate="Runnable" seed="1345188327" result="Passed" start-time="2020-10-27 21:38:22Z" end-time="2020-10-27 21:38:22Z" duration="0.000477" asserts="2" />
      </test-suite>
      <test-suite type="TestFixture" id="0-1128" name="SpecExprSizeofValue0" fullname="Kaitai.SpecExprSizeofValue0" classname="Kaitai.SpecExprSizeofValue0" runstate="Runnable" testcasecount="1" result="Passed" start-time="2020-10-27 21:38:22Z" end-time="2020-10-27 21:38:22Z" duration="0.003263" total="1" passed="1" failed="0" inconclusive="0" skipped="0" asserts="5">
        <test-case id="0-1129" name="TestExprSizeofValue0" fullname="Kaitai.SpecExprSizeofValue0.TestExprSizeofValue0" methodname="TestExprSizeofValue0" classname="Kaitai.SpecExprSizeofValue0" runstate="Runnable" seed="686955757" result="Passed" start-time="2020-10-27 21:38:22Z" end-time="2020-10-27 21:38:22Z" duration="0.000836" asserts="5" />
      </test-suite>
      <test-suite type="TestFixture" id="0-1130" name="SpecExprSizeofValueSized" fullname="Kaitai.SpecExprSizeofValueSized" classname="Kaitai.SpecExprSizeofValueSized" runstate="Runnable" testcasecount="1" result="Passed" start-time="2020-10-27 21:38:22Z" end-time="2020-10-27 21:38:22Z" duration="0.003279" total="1" passed="1" failed="0" inconclusive="0" skipped="0" asserts="5">
        <test-case id="0-1131" name="TestExprSizeofValueSized" fullname="Kaitai.SpecExprSizeofValueSized.TestExprSizeofValueSized" methodname="TestExprSizeofValueSized" classname="Kaitai.SpecExprSizeofValueSized" runstate="Runnable" seed="724363802" result="Passed" start-time="2020-10-27 21:38:22Z" end-time="2020-10-27 21:38:22Z" duration="0.000858" asserts="5" />
      </test-suite>
      <test-suite type="TestFixture" id="0-1132" name="SpecExprStrOps" fullname="Kaitai.SpecExprStrOps" classname="Kaitai.SpecExprStrOps" runstate="Runnable" testcasecount="1" result="Passed" start-time="2020-10-27 21:38:22Z" end-time="2020-10-27 21:38:22Z" duration="0.007704" total="1" passed="1" failed="0" inconclusive="0" skipped="0" asserts="17">
        <test-case id="0-1133" name="TestExprStrOps" fullname="Kaitai.SpecExprStrOps.TestExprStrOps" methodname="TestExprStrOps" classname="Kaitai.SpecExprStrOps" runstate="Runnable" seed="1198447945" result="Passed" start-time="2020-10-27 21:38:22Z" end-time="2020-10-27 21:38:22Z" duration="0.005037" asserts="17" />
      </test-suite>
      <test-suite type="TestFixture" id="0-1134" name="SpecFixedContents" fullname="Kaitai.SpecFixedContents" classname="Kaitai.SpecFixedContents" runstate="Runnable" testcasecount="1" result="Passed" start-time="2020-10-27 21:38:22Z" end-time="2020-10-27 21:38:22Z" duration="0.003016" total="1" passed="1" failed="0" inconclusive="0" skipped="0" asserts="0">
        <test-case id="0-1135" name="TestFixedContents" fullname="Kaitai.SpecFixedContents.TestFixedContents" methodname="TestFixedContents" classname="Kaitai.SpecFixedContents" runstate="Runnable" seed="481270757" result="Passed" start-time="2020-10-27 21:38:22Z" end-time="2020-10-27 21:38:22Z" duration="0.000615" asserts="0" />
      </test-suite>
      <test-suite type="TestFixture" id="0-1136" name="SpecFixedStruct" fullname="Kaitai.SpecFixedStruct" classname="Kaitai.SpecFixedStruct" runstate="Runnable" testcasecount="1" result="Passed" start-time="2020-10-27 21:38:22Z" end-time="2020-10-27 21:38:22Z" duration="0.004788" total="1" passed="1" failed="0" inconclusive="0" skipped="0" asserts="20">
        <test-case id="0-1137" name="TestFixedStruct" fullname="Kaitai.SpecFixedStruct.TestFixedStruct" methodname="TestFixedStruct" classname="Kaitai.SpecFixedStruct" runstate="Runnable" seed="1910680100" result="Passed" start-time="2020-10-27 21:38:22Z" end-time="2020-10-27 21:38:22Z" duration="0.002381" asserts="20" />
      </test-suite>
      <test-suite type="TestFixture" id="0-1140" name="SpecFloatingPoints" fullname="Kaitai.SpecFloatingPoints" classname="Kaitai.SpecFloatingPoints" runstate="Runnable" testcasecount="1" result="Passed" start-time="2020-10-27 21:38:22Z" end-time="2020-10-27 21:38:22Z" duration="0.003482" total="1" passed="1" failed="0" inconclusive="0" skipped="0" asserts="8">
        <test-case id="0-1141" name="TestFloatingPoints" fullname="Kaitai.SpecFloatingPoints.TestFloatingPoints" methodname="TestFloatingPoints" classname="Kaitai.SpecFloatingPoints" runstate="Runnable" seed="1619926934" result="Passed" start-time="2020-10-27 21:38:22Z" end-time="2020-10-27 21:38:22Z" duration="0.001033" asserts="8" />
      </test-suite>
      <test-suite type="TestFixture" id="0-1138" name="SpecFloatToI" fullname="Kaitai.SpecFloatToI" classname="Kaitai.SpecFloatToI" runstate="Runnable" testcasecount="1" result="Passed" start-time="2020-10-27 21:38:22Z" end-time="2020-10-27 21:38:22Z" duration="0.003531" total="1" passed="1" failed="0" inconclusive="0" skipped="0" asserts="8">
        <test-case id="0-1139" name="TestFloatToI" fullname="Kaitai.SpecFloatToI.TestFloatToI" methodname="TestFloatToI" classname="Kaitai.SpecFloatToI" runstate="Runnable" seed="957679236" result="Passed" start-time="2020-10-27 21:38:22Z" end-time="2020-10-27 21:38:22Z" duration="0.001101" asserts="8" />
      </test-suite>
      <test-suite type="TestFixture" id="0-1142" name="SpecHelloWorld" fullname="Kaitai.SpecHelloWorld" classname="Kaitai.SpecHelloWorld" runstate="Runnable" testcasecount="1" result="Passed" start-time="2020-10-27 21:38:22Z" end-time="2020-10-27 21:38:22Z" duration="0.002900" total="1" passed="1" failed="0" inconclusive="0" skipped="0" asserts="1">
        <test-case id="0-1143" name="TestHelloWorld" fullname="Kaitai.SpecHelloWorld.TestHelloWorld" methodname="TestHelloWorld" classname="Kaitai.SpecHelloWorld" runstate="Runnable" seed="951796831" result="Passed" start-time="2020-10-27 21:38:22Z" end-time="2020-10-27 21:38:22Z" duration="0.000361" asserts="1" />
      </test-suite>
      <test-suite type="TestFixture" id="0-1144" name="SpecIfInstances" fullname="Kaitai.SpecIfInstances" classname="Kaitai.SpecIfInstances" runstate="Runnable" testcasecount="1" result="Passed" start-time="2020-10-27 21:38:22Z" end-time="2020-10-27 21:38:22Z" duration="0.003059" total="1" passed="1" failed="0" inconclusive="0" skipped="0" asserts="1">
        <test-case id="0-1145" name="TestIfInstances" fullname="Kaitai.SpecIfInstances.TestIfInstances" methodname="TestIfInstances" classname="Kaitai.SpecIfInstances" runstate="Runnable" seed="1174149632" result="Passed" start-time="2020-10-27 21:38:22Z" end-time="2020-10-27 21:38:22Z" duration="0.000569" asserts="1" />
      </test-suite>
      <test-suite type="TestFixture" id="0-1146" name="SpecIfStruct" fullname="Kaitai.SpecIfStruct" classname="Kaitai.SpecIfStruct" runstate="Runnable" testcasecount="1" result="Passed" start-time="2020-10-27 21:38:22Z" end-time="2020-10-27 21:38:22Z" duration="0.004086" total="1" passed="1" failed="0" inconclusive="0" skipped="0" asserts="7">
        <test-case id="0-1147" name="TestIfStruct" fullname="Kaitai.SpecIfStruct.TestIfStruct" methodname="TestIfStruct" classname="Kaitai.SpecIfStruct" runstate="Runnable" seed="1228366603" result="Passed" start-time="2020-10-27 21:38:22Z" end-time="2020-10-27 21:38:22Z" duration="0.001290" asserts="7" />
      </test-suite>
      <test-suite type="TestFixture" id="0-1148" name="SpecIfValues" fullname="Kaitai.SpecIfValues" classname="Kaitai.SpecIfValues" runstate="Runnable" testcasecount="1" result="Passed" start-time="2020-10-27 21:38:22Z" end-time="2020-10-27 21:38:22Z" duration="0.004043" total="1" passed="1" failed="0" inconclusive="0" skipped="0" asserts="6">
        <test-case id="0-1149" name="TestIfValues" fullname="Kaitai.SpecIfValues.TestIfValues" methodname="TestIfValues" classname="Kaitai.SpecIfValues" runstate="Runnable" seed="1564560493" result="Passed" start-time="2020-10-27 21:38:22Z" end-time="2020-10-27 21:38:22Z" duration="0.001594" asserts="6" />
      </test-suite>
      <test-suite type="TestFixture" id="0-1150" name="SpecImports0" fullname="Kaitai.SpecImports0" classname="Kaitai.SpecImports0" runstate="Runnable" testcasecount="1" result="Passed" start-time="2020-10-27 21:38:22Z" end-time="2020-10-27 21:38:22Z" duration="0.003015" total="1" passed="1" failed="0" inconclusive="0" skipped="0" asserts="3">
        <test-case id="0-1151" name="TestImports0" fullname="Kaitai.SpecImports0.TestImports0" methodname="TestImports0" classname="Kaitai.SpecImports0" runstate="Runnable" seed="783778912" result="Passed" start-time="2020-10-27 21:38:22Z" end-time="2020-10-27 21:38:22Z" duration="0.000584" asserts="3" />
      </test-suite>
      <test-suite type="TestFixture" id="0-1152" name="SpecImportsAbs" fullname="Kaitai.SpecImportsAbs" classname="Kaitai.SpecImportsAbs" runstate="Runnable" testcasecount="1" result="Passed" start-time="2020-10-27 21:38:22Z" end-time="2020-10-27 21:38:22Z" duration="0.004014" total="1" passed="1" failed="0" inconclusive="0" skipped="0" asserts="2">
        <test-case id="0-1153" name="TestImportsAbs" fullname="Kaitai.SpecImportsAbs.TestImportsAbs" methodname="TestImportsAbs" classname="Kaitai.SpecImportsAbs" runstate="Runnable" seed="1345855089" result="Passed" start-time="2020-10-27 21:38:22Z" end-time="2020-10-27 21:38:22Z" duration="0.001583" asserts="2" />
      </test-suite>
      <test-suite type="TestFixture" id="0-1154" name="SpecImportsAbsAbs" fullname="Kaitai.SpecImportsAbsAbs" classname="Kaitai.SpecImportsAbsAbs" runstate="Runnable" testcasecount="1" result="Passed" start-time="2020-10-27 21:38:22Z" end-time="2020-10-27 21:38:22Z" duration="0.003182" total="1" passed="1" failed="0" inconclusive="0" skipped="0" asserts="3">
        <test-case id="0-1155" name="TestImportsAbsAbs" fullname="Kaitai.SpecImportsAbsAbs.TestImportsAbsAbs" methodname="TestImportsAbsAbs" classname="Kaitai.SpecImportsAbsAbs" runstate="Runnable" seed="72277938" result="Passed" start-time="2020-10-27 21:38:22Z" end-time="2020-10-27 21:38:22Z" duration="0.000732" asserts="3" />
      </test-suite>
      <test-suite type="TestFixture" id="0-1156" name="SpecImportsAbsRel" fullname="Kaitai.SpecImportsAbsRel" classname="Kaitai.SpecImportsAbsRel" runstate="Runnable" testcasecount="1" result="Passed" start-time="2020-10-27 21:38:22Z" end-time="2020-10-27 21:38:22Z" duration="0.003060" total="1" passed="1" failed="0" inconclusive="0" skipped="0" asserts="3">
        <test-case id="0-1157" name="TestImportsAbsRel" fullname="Kaitai.SpecImportsAbsRel.TestImportsAbsRel" methodname="TestImportsAbsRel" classname="Kaitai.SpecImportsAbsRel" runstate="Runnable" seed="889368031" result="Passed" start-time="2020-10-27 21:38:22Z" end-time="2020-10-27 21:38:22Z" duration="0.000636" asserts="3" />
      </test-suite>
      <test-suite type="TestFixture" id="0-1158" name="SpecImportsCircularA" fullname="Kaitai.SpecImportsCircularA" classname="Kaitai.SpecImportsCircularA" runstate="Runnable" testcasecount="1" result="Passed" start-time="2020-10-27 21:38:22Z" end-time="2020-10-27 21:38:22Z" duration="0.003179" total="1" passed="1" failed="0" inconclusive="0" skipped="0" asserts="5">
        <test-case id="0-1159" name="TestImportsCircularA" fullname="Kaitai.SpecImportsCircularA.TestImportsCircularA" methodname="TestImportsCircularA" classname="Kaitai.SpecImportsCircularA" runstate="Runnable" seed="1771618299" result="Passed" start-time="2020-10-27 21:38:22Z" end-time="2020-10-27 21:38:22Z" duration="0.000759" asserts="5" />
      </test-suite>
      <test-suite type="TestFixture" id="0-1160" name="SpecImportsRel1" fullname="Kaitai.SpecImportsRel1" classname="Kaitai.SpecImportsRel1" runstate="Runnable" testcasecount="1" result="Passed" start-time="2020-10-27 21:38:22Z" end-time="2020-10-27 21:38:22Z" duration="0.003261" total="1" passed="1" failed="0" inconclusive="0" skipped="0" asserts="3">
        <test-case id="0-1161" name="TestImportsRel1" fullname="Kaitai.SpecImportsRel1.TestImportsRel1" methodname="TestImportsRel1" classname="Kaitai.SpecImportsRel1" runstate="Runnable" seed="99693709" result="Passed" start-time="2020-10-27 21:38:22Z" end-time="2020-10-27 21:38:22Z" duration="0.000844" asserts="3" />
      </test-suite>
      <test-suite type="TestFixture" id="0-1162" name="SpecIndexSizes" fullname="Kaitai.SpecIndexSizes" classname="Kaitai.SpecIndexSizes" runstate="Runnable" testcasecount="1" result="Passed" start-time="2020-10-27 21:38:22Z" end-time="2020-10-27 21:38:22Z" duration="0.003467" total="1" passed="1" failed="0" inconclusive="0" skipped="0" asserts="7">
        <test-case id="0-1163" name="TestIndexSizes" fullname="Kaitai.SpecIndexSizes.TestIndexSizes" methodname="TestIndexSizes" classname="Kaitai.SpecIndexSizes" runstate="Runnable" seed="70517945" result="Passed" start-time="2020-10-27 21:38:22Z" end-time="2020-10-27 21:38:22Z" duration="0.001015" asserts="7" />
      </test-suite>
      <test-suite type="TestFixture" id="0-1164" name="SpecIndexToParamEos" fullname="Kaitai.SpecIndexToParamEos" classname="Kaitai.SpecIndexToParamEos" runstate="Runnable" testcasecount="1" result="Passed" start-time="2020-10-27 21:38:22Z" end-time="2020-10-27 21:38:22Z" duration="0.003801" total="1" passed="1" failed="0" inconclusive="0" skipped="0" asserts="7">
        <test-case id="0-1165" name="TestIndexToParamEos" fullname="Kaitai.SpecIndexToParamEos.TestIndexToParamEos" methodname="TestIndexToParamEos" classname="Kaitai.SpecIndexToParamEos" runstate="Runnable" seed="1515175243" result="Passed" start-time="2020-10-27 21:38:22Z" end-time="2020-10-27 21:38:22Z" duration="0.001374" asserts="7" />
      </test-suite>
      <test-suite type="TestFixture" id="0-1166" name="SpecIndexToParamExpr" fullname="Kaitai.SpecIndexToParamExpr" classname="Kaitai.SpecIndexToParamExpr" runstate="Runnable" testcasecount="1" result="Passed" start-time="2020-10-27 21:38:22Z" end-time="2020-10-27 21:38:22Z" duration="0.003705" total="1" passed="1" failed="0" inconclusive="0" skipped="0" asserts="7">
        <test-case id="0-1167" name="TestIndexToParamExpr" fullname="Kaitai.SpecIndexToParamExpr.TestIndexToParamExpr" methodname="TestIndexToParamExpr" classname="Kaitai.SpecIndexToParamExpr" runstate="Runnable" seed="1993196034" result="Passed" start-time="2020-10-27 21:38:22Z" end-time="2020-10-27 21:38:22Z" duration="0.001286" asserts="7" />
      </test-suite>
      <test-suite type="TestFixture" id="0-1168" name="SpecIndexToParamUntil" fullname="Kaitai.SpecIndexToParamUntil" classname="Kaitai.SpecIndexToParamUntil" runstate="Runnable" testcasecount="1" result="Passed" start-time="2020-10-27 21:38:23Z" end-time="2020-10-27 21:38:23Z" duration="0.003658" total="1" passed="1" failed="0" inconclusive="0" skipped="0" asserts="7">
        <test-case id="0-1169" name="TestIndexToParamUntil" fullname="Kaitai.SpecIndexToParamUntil.TestIndexToParamUntil" methodname="TestIndexToParamUntil" classname="Kaitai.SpecIndexToParamUntil" runstate="Runnable" seed="555072404" result="Passed" start-time="2020-10-27 21:38:23Z" end-time="2020-10-27 21:38:23Z" duration="0.001236" asserts="7" />
      </test-suite>
      <test-suite type="TestFixture" id="0-1170" name="SpecInstanceIoUser" fullname="Kaitai.SpecInstanceIoUser" classname="Kaitai.SpecInstanceIoUser" runstate="Runnable" testcasecount="1" result="Passed" start-time="2020-10-27 21:38:23Z" end-time="2020-10-27 21:38:23Z" duration="0.004044" total="1" passed="1" failed="0" inconclusive="0" skipped="0" asserts="4">
        <test-case id="0-1171" name="TestInstanceIoUser" fullname="Kaitai.SpecInstanceIoUser.TestInstanceIoUser" methodname="TestInstanceIoUser" classname="Kaitai.SpecInstanceIoUser" runstate="Runnable" seed="1611143196" result="Passed" start-time="2020-10-27 21:38:23Z" end-time="2020-10-27 21:38:23Z" duration="0.001615" asserts="4" />
      </test-suite>
      <test-suite type="TestFixture" id="0-1172" name="SpecInstanceStd" fullname="Kaitai.SpecInstanceStd" classname="Kaitai.SpecInstanceStd" runstate="Runnable" testcasecount="1" result="Passed" start-time="2020-10-27 21:38:23Z" end-time="2020-10-27 21:38:23Z" duration="0.002919" total="1" passed="1" failed="0" inconclusive="0" skipped="0" asserts="1">
        <test-case id="0-1173" name="TestInstanceStd" fullname="Kaitai.SpecInstanceStd.TestInstanceStd" methodname="TestInstanceStd" classname="Kaitai.SpecInstanceStd" runstate="Runnable" seed="821512244" result="Passed" start-time="2020-10-27 21:38:23Z" end-time="2020-10-27 21:38:23Z" duration="0.000490" asserts="1" />
      </test-suite>
      <test-suite type="TestFixture" id="0-1174" name="SpecInstanceStdArray" fullname="Kaitai.SpecInstanceStdArray" classname="Kaitai.SpecInstanceStdArray" runstate="Runnable" testcasecount="1" result="Passed" start-time="2020-10-27 21:38:23Z" end-time="2020-10-27 21:38:23Z" duration="0.003472" total="1" passed="1" failed="0" inconclusive="0" skipped="0" asserts="7">
        <test-case id="0-1175" name="TestInstanceStdArray" fullname="Kaitai.SpecInstanceStdArray.TestInstanceStdArray" methodname="TestInstanceStdArray" classname="Kaitai.SpecInstanceStdArray" runstate="Runnable" seed="1610039137" result="Passed" start-time="2020-10-27 21:38:23Z" end-time="2020-10-27 21:38:23Z" duration="0.001045" asserts="7" />
      </test-suite>
      <test-suite type="TestFixture" id="0-1176" name="SpecInstanceUserArray" fullname="Kaitai.SpecInstanceUserArray" classname="Kaitai.SpecInstanceUserArray" runstate="Runnable" testcasecount="1" result="Passed" start-time="2020-10-27 21:38:23Z" end-time="2020-10-27 21:38:23Z" duration="0.004010" total="1" passed="1" failed="0" inconclusive="0" skipped="0" asserts="10">
        <test-case id="0-1177" name="TestInstanceUserArray" fullname="Kaitai.SpecInstanceUserArray.TestInstanceUserArray" methodname="TestInstanceUserArray" classname="Kaitai.SpecInstanceUserArray" runstate="Runnable" seed="799708151" result="Passed" start-time="2020-10-27 21:38:23Z" end-time="2020-10-27 21:38:23Z" duration="0.001558" asserts="10" />
      </test-suite>
      <test-suite type="TestFixture" id="0-1178" name="SpecIntegers" fullname="Kaitai.SpecIntegers" classname="Kaitai.SpecIntegers" runstate="Runnable" testcasecount="1" result="Passed" start-time="2020-10-27 21:38:23Z" end-time="2020-10-27 21:38:23Z" duration="0.004174" total="1" passed="1" failed="0" inconclusive="0" skipped="0" asserts="20">
        <test-case id="0-1179" name="TestIntegers" fullname="Kaitai.SpecIntegers.TestIntegers" methodname="TestIntegers" classname="Kaitai.SpecIntegers" runstate="Runnable" seed="739900947" result="Passed" start-time="2020-10-27 21:38:23Z" end-time="2020-10-27 21:38:23Z" duration="0.001751" asserts="20" />
      </test-suite>
      <test-suite type="TestFixture" id="0-1180" name="SpecIntegersDoubleOverflow" fullname="Kaitai.SpecIntegersDoubleOverflow" classname="Kaitai.SpecIntegersDoubleOverflow" runstate="Runnable" testcasecount="1" result="Passed" start-time="2020-10-27 21:38:23Z" end-time="2020-10-27 21:38:23Z" duration="0.003073" total="1" passed="1" failed="0" inconclusive="0" skipped="0" asserts="8">
        <test-case id="0-1181" name="TestIntegersDoubleOverflow" fullname="Kaitai.SpecIntegersDoubleOverflow.TestIntegersDoubleOverflow" methodname="TestIntegersDoubleOverflow" classname="Kaitai.SpecIntegersDoubleOverflow" runstate="Runnable" seed="406648867" result="Passed" start-time="2020-10-27 21:38:23Z" end-time="2020-10-27 21:38:23Z" duration="0.000670" asserts="8" />
      </test-suite>
      <test-suite type="TestFixture" id="0-1182" name="SpecIntegersMinMax" fullname="Kaitai.SpecIntegersMinMax" classname="Kaitai.SpecIntegersMinMax" runstate="Runnable" testcasecount="1" result="Passed" start-time="2020-10-27 21:38:23Z" end-time="2020-10-27 21:38:23Z" duration="0.004237" total="1" passed="1" failed="0" inconclusive="0" skipped="0" asserts="28">
        <test-case id="0-1183" name="TestIntegersMinMax" fullname="Kaitai.SpecIntegersMinMax.TestIntegersMinMax" methodname="TestIntegersMinMax" classname="Kaitai.SpecIntegersMinMax" runstate="Runnable" seed="1402148002" result="Passed" start-time="2020-10-27 21:38:23Z" end-time="2020-10-27 21:38:23Z" duration="0.001837" asserts="28" />
      </test-suite>
      <test-suite type="TestFixture" id="0-1184" name="SpecIoLocalVar" fullname="Kaitai.SpecIoLocalVar" classname="Kaitai.SpecIoLocalVar" runstate="Runnable" testcasecount="1" result="Passed" start-time="2020-10-27 21:38:23Z" end-time="2020-10-27 21:38:23Z" duration="0.003305" total="1" passed="1" failed="0" inconclusive="0" skipped="0" asserts="2">
        <test-case id="0-1185" name="TestIoLocalVar" fullname="Kaitai.SpecIoLocalVar.TestIoLocalVar" methodname="TestIoLocalVar" classname="Kaitai.SpecIoLocalVar" runstate="Runnable" seed="144585670" result="Passed" start-time="2020-10-27 21:38:23Z" end-time="2020-10-27 21:38:23Z" duration="0.000870" asserts="2" />
      </test-suite>
      <test-suite type="TestFixture" id="0-1186" name="SpecJsSignedRightShift" fullname="Kaitai.SpecJsSignedRightShift" classname="Kaitai.SpecJsSignedRightShift" runstate="Runnable" testcasecount="1" result="Passed" start-time="2020-10-27 21:38:23Z" end-time="2020-10-27 21:38:23Z" duration="0.002902" total="1" passed="1" failed="0" inconclusive="0" skipped="0" asserts="2">
        <test-case id="0-1187" name="TestJsSignedRightShift" fullname="Kaitai.SpecJsSignedRightShift.TestJsSignedRightShift" methodname="TestJsSignedRightShift" classname="Kaitai.SpecJsSignedRightShift" runstate="Runnable" seed="876501794" result="Passed" start-time="2020-10-27 21:38:23Z" end-time="2020-10-27 21:38:23Z" duration="0.000474" asserts="2" />
      </test-suite>
      <test-suite type="TestFixture" id="0-1188" name="SpecMetaTags" fullname="Kaitai.SpecMetaTags" classname="Kaitai.SpecMetaTags" runstate="Runnable" testcasecount="1" result="Passed" start-time="2020-10-27 21:38:23Z" end-time="2020-10-27 21:38:23Z" duration="0.002767" total="1" passed="1" failed="0" inconclusive="0" skipped="0" asserts="0">
        <test-case id="0-1189" name="TestMetaTags" fullname="Kaitai.SpecMetaTags.TestMetaTags" methodname="TestMetaTags" classname="Kaitai.SpecMetaTags" runstate="Runnable" seed="644241490" result="Passed" start-time="2020-10-27 21:38:23Z" end-time="2020-10-27 21:38:23Z" duration="0.000340" asserts="0" />
      </test-suite>
      <test-suite type="TestFixture" id="0-1190" name="SpecMetaXref" fullname="Kaitai.SpecMetaXref" classname="Kaitai.SpecMetaXref" runstate="Runnable" testcasecount="1" result="Passed" start-time="2020-10-27 21:38:23Z" end-time="2020-10-27 21:38:23Z" duration="0.002756" total="1" passed="1" failed="0" inconclusive="0" skipped="0" asserts="0">
        <test-case id="0-1191" name="TestMetaXref" fullname="Kaitai.SpecMetaXref.TestMetaXref" methodname="TestMetaXref" classname="Kaitai.SpecMetaXref" runstate="Runnable" seed="593162675" result="Passed" start-time="2020-10-27 21:38:23Z" end-time="2020-10-27 21:38:23Z" duration="0.000325" asserts="0" />
      </test-suite>
      <test-suite type="TestFixture" id="0-1192" name="SpecMultipleUse" fullname="Kaitai.SpecMultipleUse" classname="Kaitai.SpecMultipleUse" runstate="Runnable" testcasecount="1" result="Passed" start-time="2020-10-27 21:38:23Z" end-time="2020-10-27 21:38:23Z" duration="0.003299" total="1" passed="1" failed="0" inconclusive="0" skipped="0" asserts="2">
        <test-case id="0-1193" name="TestMultipleUse" fullname="Kaitai.SpecMultipleUse.TestMultipleUse" methodname="TestMultipleUse" classname="Kaitai.SpecMultipleUse" runstate="Runnable" seed="1785890221" result="Passed" start-time="2020-10-27 21:38:23Z" end-time="2020-10-27 21:38:23Z" duration="0.000874" asserts="2" />
      </test-suite>
      <test-suite type="TestFixture" id="0-1194" name="SpecNavParent" fullname="Kaitai.SpecNavParent" classname="Kaitai.SpecNavParent" runstate="Runnable" testcasecount="1" result="Passed" start-time="2020-10-27 21:38:23Z" end-time="2020-10-27 21:38:23Z" duration="0.003891" total="1" passed="1" failed="0" inconclusive="0" skipped="0" asserts="5">
        <test-case id="0-1195" name="TestNavParent" fullname="Kaitai.SpecNavParent.TestNavParent" methodname="TestNavParent" classname="Kaitai.SpecNavParent" runstate="Runnable" seed="648543603" result="Passed" start-time="2020-10-27 21:38:23Z" end-time="2020-10-27 21:38:23Z" duration="0.001459" asserts="5" />
      </test-suite>
      <test-suite type="TestFixture" id="0-1196" name="SpecNavParent2" fullname="Kaitai.SpecNavParent2" classname="Kaitai.SpecNavParent2" runstate="Runnable" testcasecount="1" result="Passed" start-time="2020-10-27 21:38:23Z" end-time="2020-10-27 21:38:23Z" duration="0.004125" total="1" passed="1" failed="0" inconclusive="0" skipped="0" asserts="10">
        <test-case id="0-1197" name="TestNavParent2" fullname="Kaitai.SpecNavParent2.TestNavParent2" methodname="TestNavParent2" classname="Kaitai.SpecNavParent2" runstate="Runnable" seed="392027076" result="Passed" start-time="2020-10-27 21:38:23Z" end-time="2020-10-27 21:38:23Z" duration="0.001674" asserts="10" />
      </test-suite>
      <test-suite type="TestFixture" id="0-1198" name="SpecNavParent3" fullname="Kaitai.SpecNavParent3" classname="Kaitai.SpecNavParent3" runstate="Runnable" testcasecount="1" result="Passed" start-time="2020-10-27 21:38:23Z" end-time="2020-10-27 21:38:23Z" duration="0.004176" total="1" passed="1" failed="0" inconclusive="0" skipped="0" asserts="10">
        <test-case id="0-1199" name="TestNavParent3" fullname="Kaitai.SpecNavParent3.TestNavParent3" methodname="TestNavParent3" classname="Kaitai.SpecNavParent3" runstate="Runnable" seed="1313671688" result="Passed" start-time="2020-10-27 21:38:23Z" end-time="2020-10-27 21:38:23Z" duration="0.001743" asserts="10" />
      </test-suite>
      <test-suite type="TestFixture" id="0-1200" name="SpecNavParentFalse" fullname="Kaitai.SpecNavParentFalse" classname="Kaitai.SpecNavParentFalse" runstate="Runnable" testcasecount="1" result="Passed" start-time="2020-10-27 21:38:23Z" end-time="2020-10-27 21:38:23Z" duration="0.003407" total="1" passed="1" failed="0" inconclusive="0" skipped="0" asserts="5">
        <test-case id="0-1201" name="TestNavParentFalse" fullname="Kaitai.SpecNavParentFalse.TestNavParentFalse" methodname="TestNavParentFalse" classname="Kaitai.SpecNavParentFalse" runstate="Runnable" seed="157049632" result="Passed" start-time="2020-10-27 21:38:23Z" end-time="2020-10-27 21:38:23Z" duration="0.000989" asserts="5" />
      </test-suite>
      <test-suite type="TestFixture" id="0-1202" name="SpecNavParentFalse2" fullname="Kaitai.SpecNavParentFalse2" classname="Kaitai.SpecNavParentFalse2" runstate="Runnable" testcasecount="1" result="Passed" start-time="2020-10-27 21:38:23Z" end-time="2020-10-27 21:38:23Z" duration="0.002952" total="1" passed="1" failed="0" inconclusive="0" skipped="0" asserts="1">
        <test-case id="0-1203" name="TestNavParentFalse2" fullname="Kaitai.SpecNavParentFalse2.TestNavParentFalse2" methodname="TestNavParentFalse2" classname="Kaitai.SpecNavParentFalse2" runstate="Runnable" seed="132434002" result="Passed" start-time="2020-10-27 21:38:23Z" end-time="2020-10-27 21:38:23Z" duration="0.000522" asserts="1" />
      </test-suite>
      <test-suite type="TestFixture" id="0-1204" name="SpecNavParentOverride" fullname="Kaitai.SpecNavParentOverride" classname="Kaitai.SpecNavParentOverride" runstate="Runnable" testcasecount="1" result="Passed" start-time="2020-10-27 21:38:23Z" end-time="2020-10-27 21:38:23Z" duration="0.003322" total="1" passed="1" failed="0" inconclusive="0" skipped="0" asserts="3">
        <test-case id="0-1205" name="TestNavParentOverride" fullname="Kaitai.SpecNavParentOverride.TestNavParentOverride" methodname="TestNavParentOverride" classname="Kaitai.SpecNavParentOverride" runstate="Runnable" seed="1990017126" result="Passed" start-time="2020-10-27 21:38:23Z" end-time="2020-10-27 21:38:23Z" duration="0.000763" asserts="3" />
      </test-suite>
      <test-suite type="TestFixture" id="0-1206" name="SpecNavParentSwitch" fullname="Kaitai.SpecNavParentSwitch" classname="Kaitai.SpecNavParentSwitch" runstate="Runnable" testcasecount="1" result="Passed" start-time="2020-10-27 21:38:23Z" end-time="2020-10-27 21:38:23Z" duration="0.003278" total="1" passed="1" failed="0" inconclusive="0" skipped="0" asserts="3">
        <test-case id="0-1207" name="TestNavParentSwitch" fullname="Kaitai.SpecNavParentSwitch.TestNavParentSwitch" methodname="TestNavParentSwitch" classname="Kaitai.SpecNavParentSwitch" runstate="Runnable" seed="953575914" result="Passed" start-time="2020-10-27 21:38:23Z" end-time="2020-10-27 21:38:23Z" duration="0.000849" asserts="3" />
      </test-suite>
      <test-suite type="TestFixture" id="0-1208" name="SpecNavParentVsValueInst" fullname="Kaitai.SpecNavParentVsValueInst" classname="Kaitai.SpecNavParentVsValueInst" runstate="Runnable" testcasecount="1" result="Passed" start-time="2020-10-27 21:38:23Z" end-time="2020-10-27 21:38:23Z" duration="0.002928" total="1" passed="1" failed="0" inconclusive="0" skipped="0" asserts="1">
        <test-case id="0-1209" name="TestNavParentVsValueInst" fullname="Kaitai.SpecNavParentVsValueInst.TestNavParentVsValueInst" methodname="TestNavParentVsValueInst" classname="Kaitai.SpecNavParentVsValueInst" runstate="Runnable" seed="1602751415" result="Passed" start-time="2020-10-27 21:38:23Z" end-time="2020-10-27 21:38:23Z" duration="0.000511" asserts="1" />
      </test-suite>
      <test-suite type="TestFixture" id="0-1210" name="SpecNavRoot" fullname="Kaitai.SpecNavRoot" classname="Kaitai.SpecNavRoot" runstate="Runnable" testcasecount="1" result="Passed" start-time="2020-10-27 21:38:23Z" end-time="2020-10-27 21:38:23Z" duration="0.003803" total="1" passed="1" failed="0" inconclusive="0" skipped="0" asserts="5">
        <test-case id="0-1211" name="TestNavRoot" fullname="Kaitai.SpecNavRoot.TestNavRoot" methodname="TestNavRoot" classname="Kaitai.SpecNavRoot" runstate="Runnable" seed="1786213867" result="Passed" start-time="2020-10-27 21:38:23Z" end-time="2020-10-27 21:38:23Z" duration="0.001392" asserts="5" />
      </test-suite>
      <test-suite type="TestFixture" id="0-1212" name="SpecNestedSameName" fullname="Kaitai.SpecNestedSameName" classname="Kaitai.SpecNestedSameName" runstate="Runnable" testcasecount="1" result="Passed" start-time="2020-10-27 21:38:23Z" end-time="2020-10-27 21:38:23Z" duration="0.003178" total="1" passed="1" failed="0" inconclusive="0" skipped="0" asserts="2">
        <test-case id="0-1213" name="TestNestedSameName" fullname="Kaitai.SpecNestedSameName.TestNestedSameName" methodname="TestNestedSameName" classname="Kaitai.SpecNestedSameName" runstate="Runnable" seed="2045387969" result="Passed" start-time="2020-10-27 21:38:23Z" end-time="2020-10-27 21:38:23Z" duration="0.000757" asserts="2" />
      </test-suite>
      <test-suite type="TestFixture" id="0-1214" name="SpecNestedSameName2" fullname="Kaitai.SpecNestedSameName2" classname="Kaitai.SpecNestedSameName2" runstate="Runnable" testcasecount="1" result="Passed" start-time="2020-10-27 21:38:23Z" end-time="2020-10-27 21:38:23Z" duration="0.003433" total="1" passed="1" failed="0" inconclusive="0" skipped="0" asserts="5">
        <test-case id="0-1215" name="TestNestedSameName2" fullname="Kaitai.SpecNestedSameName2.TestNestedSameName2" methodname="TestNestedSameName2" classname="Kaitai.SpecNestedSameName2" runstate="Runnable" seed="243238127" result="Passed" start-time="2020-10-27 21:38:23Z" end-time="2020-10-27 21:38:23Z" duration="0.001002" asserts="5" />
      </test-suite>
[...]
      </test-suite>
      <test-suite type="TestFixture" id="0-1358" name="SpecSwitchRepeatExprInvalid" fullname="Kaitai.SpecSwitchRepeatExprInvalid" classname="Kaitai.SpecSwitchRepeatExprInvalid" runstate="Runnable" testcasecount="1" result="Passed" start-time="2020-10-27 21:38:23Z" end-time="2020-10-27 21:38:23Z" duration="0.003469" total="1" passed="1" failed="0" inconclusive="0" skipped="0" asserts="3">
        <test-case id="0-1359" name="TestSwitchRepeatExprInvalid" fullname="Kaitai.SpecSwitchRepeatExprInvalid.TestSwitchRepeatExprInvalid" methodname="TestSwitchRepeatExprInvalid" classname="Kaitai.SpecSwitchRepeatExprInvalid" runstate="Runnable" seed="1136565140" result="Passed" start-time="2020-10-27 21:38:23Z" end-time="2020-10-27 21:38:23Z" duration="0.001042" asserts="3" />
      </test-suite>
      <test-suite type="TestFixture" id="0-1360" name="SpecTermBytes" fullname="Kaitai.SpecTermBytes" classname="Kaitai.SpecTermBytes" runstate="Runnable" testcasecount="1" result="Passed" start-time="2020-10-27 21:38:23Z" end-time="2020-10-27 21:38:23Z" duration="0.002964" total="1" passed="1" failed="0" inconclusive="0" skipped="0" asserts="3">
        <test-case id="0-1361" name="TestTermBytes" fullname="Kaitai.SpecTermBytes.TestTermBytes" methodname="TestTermBytes" classname="Kaitai.SpecTermBytes" runstate="Runnable" seed="1459827321" result="Passed" start-time="2020-10-27 21:38:23Z" end-time="2020-10-27 21:38:23Z" duration="0.000529" asserts="3" />
      </test-suite>
      <test-suite type="TestFixture" id="0-1362" name="SpecTermStrz" fullname="Kaitai.SpecTermStrz" classname="Kaitai.SpecTermStrz" runstate="Runnable" testcasecount="1" result="Passed" start-time="2020-10-27 21:38:23Z" end-time="2020-10-27 21:38:23Z" duration="0.002761" total="1" passed="1" failed="0" inconclusive="0" skipped="0" asserts="3">
        <test-case id="0-1363" name="TestTermStrz" fullname="Kaitai.SpecTermStrz.TestTermStrz" methodname="TestTermStrz" classname="Kaitai.SpecTermStrz" runstate="Runnable" seed="1094870145" result="Passed" start-time="2020-10-27 21:38:23Z" end-time="2020-10-27 21:38:23Z" duration="0.000336" asserts="3" />
      </test-suite>
      <test-suite type="TestFixture" id="0-1364" name="SpecTsPacketHeader" fullname="Kaitai.SpecTsPacketHeader" classname="Kaitai.SpecTsPacketHeader" runstate="Runnable" testcasecount="1" result="Passed" start-time="2020-10-27 21:38:23Z" end-time="2020-10-27 21:38:23Z" duration="0.003136" total="1" passed="1" failed="0" inconclusive="0" skipped="0" asserts="7">
        <test-case id="0-1365" name="TestTsPacketHeader" fullname="Kaitai.SpecTsPacketHeader.TestTsPacketHeader" methodname="TestTsPacketHeader" classname="Kaitai.SpecTsPacketHeader" runstate="Runnable" seed="1020193353" result="Passed" start-time="2020-10-27 21:38:23Z" end-time="2020-10-27 21:38:23Z" duration="0.000692" asserts="7" />
      </test-suite>
      <test-suite type="TestFixture" id="0-1366" name="SpecTypeIntUnaryOp" fullname="Kaitai.SpecTypeIntUnaryOp" classname="Kaitai.SpecTypeIntUnaryOp" runstate="Runnable" testcasecount="1" result="Passed" start-time="2020-10-27 21:38:23Z" end-time="2020-10-27 21:38:23Z" duration="0.003071" total="1" passed="1" failed="0" inconclusive="0" skipped="0" asserts="4">
        <test-case id="0-1367" name="TestTypeIntUnaryOp" fullname="Kaitai.SpecTypeIntUnaryOp.TestTypeIntUnaryOp" methodname="TestTypeIntUnaryOp" classname="Kaitai.SpecTypeIntUnaryOp" runstate="Runnable" seed="1332784032" result="Passed" start-time="2020-10-27 21:38:23Z" end-time="2020-10-27 21:38:23Z" duration="0.000654" asserts="4" />
      </test-suite>
      <test-suite type="TestFixture" id="0-1368" name="SpecTypeTernary" fullname="Kaitai.SpecTypeTernary" classname="Kaitai.SpecTypeTernary" runstate="Runnable" testcasecount="1" result="Passed" start-time="2020-10-27 21:38:23Z" end-time="2020-10-27 21:38:23Z" duration="0.003371" total="1" passed="1" failed="0" inconclusive="0" skipped="0" asserts="1">
        <test-case id="0-1369" name="TestTypeTernary" fullname="Kaitai.SpecTypeTernary.TestTypeTernary" methodname="TestTypeTernary" classname="Kaitai.SpecTypeTernary" runstate="Runnable" seed="20424710" result="Passed" start-time="2020-10-27 21:38:23Z" end-time="2020-10-27 21:38:23Z" duration="0.000953" asserts="1" />
      </test-suite>
      <test-suite type="TestFixture" id="0-1370" name="SpecTypeTernary2ndFalsy" fullname="Kaitai.SpecTypeTernary2ndFalsy" classname="Kaitai.SpecTypeTernary2ndFalsy" runstate="Runnable" testcasecount="1" result="Passed" start-time="2020-10-27 21:38:23Z" end-time="2020-10-27 21:38:23Z" duration="0.004207" total="1" passed="1" failed="0" inconclusive="0" skipped="0" asserts="13">
        <test-case id="0-1371" name="TestTypeTernary2ndFalsy" fullname="Kaitai.SpecTypeTernary2ndFalsy.TestTypeTernary2ndFalsy" methodname="TestTypeTernary2ndFalsy" classname="Kaitai.SpecTypeTernary2ndFalsy" runstate="Runnable" seed="1055028636" result="Passed" start-time="2020-10-27 21:38:23Z" end-time="2020-10-27 21:38:23Z" duration="0.001788" asserts="13" />
      </test-suite>
      <test-suite type="TestFixture" id="0-1372" name="SpecTypeTernaryOpaque" fullname="Kaitai.SpecTypeTernaryOpaque" classname="Kaitai.SpecTypeTernaryOpaque" runstate="Runnable" testcasecount="1" result="Passed" start-time="2020-10-27 21:38:23Z" end-time="2020-10-27 21:38:23Z" duration="0.003134" total="1" passed="1" failed="0" inconclusive="0" skipped="0" asserts="3">
        <test-case id="0-1373" name="TestTypeTernaryOpaque" fullname="Kaitai.SpecTypeTernaryOpaque.TestTypeTernaryOpaque" methodname="TestTypeTernaryOpaque" classname="Kaitai.SpecTypeTernaryOpaque" runstate="Runnable" seed="769063291" result="Passed" start-time="2020-10-27 21:38:23Z" end-time="2020-10-27 21:38:23Z" duration="0.000717" asserts="3" />
      </test-suite>
      <test-suite type="TestFixture" id="0-1374" name="SpecUserType" fullname="Kaitai.SpecUserType" classname="Kaitai.SpecUserType" runstate="Runnable" testcasecount="1" result="Passed" start-time="2020-10-27 21:38:23Z" end-time="2020-10-27 21:38:23Z" duration="0.003194" total="1" passed="1" failed="0" inconclusive="0" skipped="0" asserts="2">
        <test-case id="0-1375" name="TestUserType" fullname="Kaitai.SpecUserType.TestUserType" methodname="TestUserType" classname="Kaitai.SpecUserType" runstate="Runnable" seed="1420117589" result="Passed" start-time="2020-10-27 21:38:23Z" end-time="2020-10-27 21:38:23Z" duration="0.000566" asserts="2" />
      </test-suite>
      <test-suite type="TestFixture" id="0-1376" name="SpecValidFailAnyofInt" fullname="Kaitai.SpecValidFailAnyofInt" classname="Kaitai.SpecValidFailAnyofInt" runstate="Runnable" testcasecount="1" result="Passed" start-time="2020-10-27 21:38:23Z" end-time="2020-10-27 21:38:23Z" duration="0.004310" total="1" passed="1" failed="0" inconclusive="0" skipped="0" asserts="1">
        <test-case id="0-1377" name="TestValidFailAnyofInt" fullname="Kaitai.SpecValidFailAnyofInt.TestValidFailAnyofInt" methodname="TestValidFailAnyofInt" classname="Kaitai.SpecValidFailAnyofInt" runstate="Runnable" seed="2011524379" result="Passed" start-time="2020-10-27 21:38:23Z" end-time="2020-10-27 21:38:23Z" duration="0.001330" asserts="1" />
      </test-suite>
      <test-suite type="TestFixture" id="0-1378" name="SpecValidFailContents" fullname="Kaitai.SpecValidFailContents" classname="Kaitai.SpecValidFailContents" runstate="Runnable" testcasecount="1" result="Passed" start-time="2020-10-27 21:38:23Z" end-time="2020-10-27 21:38:23Z" duration="0.003361" total="1" passed="1" failed="0" inconclusive="0" skipped="0" asserts="1">
        <test-case id="0-1379" name="TestValidFailContents" fullname="Kaitai.SpecValidFailContents.TestValidFailContents" methodname="TestValidFailContents" classname="Kaitai.SpecValidFailContents" runstate="Runnable" seed="295756017" result="Passed" start-time="2020-10-27 21:38:23Z" end-time="2020-10-27 21:38:23Z" duration="0.000940" asserts="1" />
      </test-suite>
      <test-suite type="TestFixture" id="0-1380" name="SpecValidFailEqBytes" fullname="Kaitai.SpecValidFailEqBytes" classname="Kaitai.SpecValidFailEqBytes" runstate="Runnable" testcasecount="1" result="Passed" start-time="2020-10-27 21:38:23Z" end-time="2020-10-27 21:38:23Z" duration="0.003027" total="1" passed="1" failed="0" inconclusive="0" skipped="0" asserts="1">
        <test-case id="0-1381" name="TestValidFailEqBytes" fullname="Kaitai.SpecValidFailEqBytes.TestValidFailEqBytes" methodname="TestValidFailEqBytes" classname="Kaitai.SpecValidFailEqBytes" runstate="Runnable" seed="335828427" result="Passed" start-time="2020-10-27 21:38:23Z" end-time="2020-10-27 21:38:23Z" duration="0.000592" asserts="1" />
      </test-suite>
      <test-suite type="TestFixture" id="0-1382" name="SpecValidFailEqInt" fullname="Kaitai.SpecValidFailEqInt" classname="Kaitai.SpecValidFailEqInt" runstate="Runnable" testcasecount="1" result="Passed" start-time="2020-10-27 21:38:23Z" end-time="2020-10-27 21:38:23Z" duration="0.003041" total="1" passed="1" failed="0" inconclusive="0" skipped="0" asserts="1">
        <test-case id="0-1383" name="TestValidFailEqInt" fullname="Kaitai.SpecValidFailEqInt.TestValidFailEqInt" methodname="TestValidFailEqInt" classname="Kaitai.SpecValidFailEqInt" runstate="Runnable" seed="1437779775" result="Passed" start-time="2020-10-27 21:38:23Z" end-time="2020-10-27 21:38:23Z" duration="0.000626" asserts="1" />
      </test-suite>
      <test-suite type="TestFixture" id="0-1384" name="SpecValidFailExpr" fullname="Kaitai.SpecValidFailExpr" classname="Kaitai.SpecValidFailExpr" runstate="Runnable" testcasecount="1" result="Passed" start-time="2020-10-27 21:38:23Z" end-time="2020-10-27 21:38:23Z" duration="0.003549" total="1" passed="1" failed="0" inconclusive="0" skipped="0" asserts="1">
        <test-case id="0-1385" name="TestValidFailExpr" fullname="Kaitai.SpecValidFailExpr.TestValidFailExpr" methodname="TestValidFailExpr" classname="Kaitai.SpecValidFailExpr" runstate="Runnable" seed="1526314258" result="Passed" start-time="2020-10-27 21:38:23Z" end-time="2020-10-27 21:38:23Z" duration="0.001124" asserts="1" />
      </test-suite>
      <test-suite type="TestFixture" id="0-1386" name="SpecValidFailInst" fullname="Kaitai.SpecValidFailInst" classname="Kaitai.SpecValidFailInst" runstate="Runnable" testcasecount="1" result="Passed" start-time="2020-10-27 21:38:23Z" end-time="2020-10-27 21:38:23Z" duration="0.003157" total="1" passed="1" failed="0" inconclusive="0" skipped="0" asserts="1">
        <test-case id="0-1387" name="TestValidFailInst" fullname="Kaitai.SpecValidFailInst.TestValidFailInst" methodname="TestValidFailInst" classname="Kaitai.SpecValidFailInst" runstate="Runnable" seed="1548380078" result="Passed" start-time="2020-10-27 21:38:23Z" end-time="2020-10-27 21:38:23Z" duration="0.000729" asserts="1" />
      </test-suite>
      <test-suite type="TestFixture" id="0-1388" name="SpecValidFailMaxInt" fullname="Kaitai.SpecValidFailMaxInt" classname="Kaitai.SpecValidFailMaxInt" runstate="Runnable" testcasecount="1" result="Passed" start-time="2020-10-27 21:38:23Z" end-time="2020-10-27 21:38:23Z" duration="0.003144" total="1" passed="1" failed="0" inconclusive="0" skipped="0" asserts="1">
        <test-case id="0-1389" name="TestValidFailMaxInt" fullname="Kaitai.SpecValidFailMaxInt.TestValidFailMaxInt" methodname="TestValidFailMaxInt" classname="Kaitai.SpecValidFailMaxInt" runstate="Runnable" seed="1686823323" result="Passed" start-time="2020-10-27 21:38:23Z" end-time="2020-10-27 21:38:23Z" duration="0.000702" asserts="1" />
      </test-suite>
      <test-suite type="TestFixture" id="0-1390" name="SpecValidFailMinInt" fullname="Kaitai.SpecValidFailMinInt" classname="Kaitai.SpecValidFailMinInt" runstate="Runnable" testcasecount="1" result="Passed" start-time="2020-10-27 21:38:23Z" end-time="2020-10-27 21:38:23Z" duration="0.003205" total="1" passed="1" failed="0" inconclusive="0" skipped="0" asserts="1">
        <test-case id="0-1391" name="TestValidFailMinInt" fullname="Kaitai.SpecValidFailMinInt.TestValidFailMinInt" methodname="TestValidFailMinInt" classname="Kaitai.SpecValidFailMinInt" runstate="Runnable" seed="1522817392" result="Passed" start-time="2020-10-27 21:38:23Z" end-time="2020-10-27 21:38:23Z" duration="0.000771" asserts="1" />
      </test-suite>
      <test-suite type="TestFixture" id="0-1392" name="SpecValidFailRangeBytes" fullname="Kaitai.SpecValidFailRangeBytes" classname="Kaitai.SpecValidFailRangeBytes" runstate="Runnable" testcasecount="1" result="Passed" start-time="2020-10-27 21:38:23Z" end-time="2020-10-27 21:38:23Z" duration="0.003175" total="1" passed="1" failed="0" inconclusive="0" skipped="0" asserts="1">
        <test-case id="0-1393" name="TestValidFailRangeBytes" fullname="Kaitai.SpecValidFailRangeBytes.TestValidFailRangeBytes" methodname="TestValidFailRangeBytes" classname="Kaitai.SpecValidFailRangeBytes" runstate="Runnable" seed="2035861033" result="Passed" start-time="2020-10-27 21:38:23Z" end-time="2020-10-27 21:38:23Z" duration="0.000728" asserts="1" />
      </test-suite>
      <test-suite type="TestFixture" id="0-1394" name="SpecValidFailRangeFloat" fullname="Kaitai.SpecValidFailRangeFloat" classname="Kaitai.SpecValidFailRangeFloat" runstate="Runnable" testcasecount="1" result="Passed" start-time="2020-10-27 21:38:23Z" end-time="2020-10-27 21:38:23Z" duration="0.004809" total="1" passed="1" failed="0" inconclusive="0" skipped="0" asserts="1">
        <test-case id="0-1395" name="TestValidFailRangeFloat" fullname="Kaitai.SpecValidFailRangeFloat.TestValidFailRangeFloat" methodname="TestValidFailRangeFloat" classname="Kaitai.SpecValidFailRangeFloat" runstate="Runnable" seed="1513962206" result="Passed" start-time="2020-10-27 21:38:23Z" end-time="2020-10-27 21:38:23Z" duration="0.002361" asserts="1" />
      </test-suite>
      <test-suite type="TestFixture" id="0-1396" name="SpecValidFailRangeInt" fullname="Kaitai.SpecValidFailRangeInt" classname="Kaitai.SpecValidFailRangeInt" runstate="Runnable" testcasecount="1" result="Passed" start-time="2020-10-27 21:38:23Z" end-time="2020-10-27 21:38:23Z" duration="0.003048" total="1" passed="1" failed="0" inconclusive="0" skipped="0" asserts="1">
        <test-case id="0-1397" name="TestValidFailRangeInt" fullname="Kaitai.SpecValidFailRangeInt.TestValidFailRangeInt" methodname="TestValidFailRangeInt" classname="Kaitai.SpecValidFailRangeInt" runstate="Runnable" seed="1280777727" result="Passed" start-time="2020-10-27 21:38:23Z" end-time="2020-10-27 21:38:23Z" duration="0.000613" asserts="1" />
      </test-suite>
      <test-suite type="TestFixture" id="0-1398" name="SpecValidFailRangeStr" fullname="Kaitai.SpecValidFailRangeStr" classname="Kaitai.SpecValidFailRangeStr" runstate="Runnable" testcasecount="1" result="Passed" start-time="2020-10-27 21:38:23Z" end-time="2020-10-27 21:38:23Z" duration="0.003080" total="1" passed="1" failed="0" inconclusive="0" skipped="0" asserts="1">
        <test-case id="0-1399" name="TestValidFailRangeStr" fullname="Kaitai.SpecValidFailRangeStr.TestValidFailRangeStr" methodname="TestValidFailRangeStr" classname="Kaitai.SpecValidFailRangeStr" runstate="Runnable" seed="837366722" result="Passed" start-time="2020-10-27 21:38:23Z" end-time="2020-10-27 21:38:23Z" duration="0.000646" asserts="1" />
      </test-suite>
      <test-suite type="TestFixture" id="0-1400" name="SpecValidLong" fullname="Kaitai.SpecValidLong" classname="Kaitai.SpecValidLong" runstate="Runnable" testcasecount="1" result="Passed" start-time="2020-10-27 21:38:23Z" end-time="2020-10-27 21:38:23Z" duration="0.003489" total="1" passed="1" failed="0" inconclusive="0" skipped="0" asserts="0">
        <test-case id="0-1401" name="TestValidLong" fullname="Kaitai.SpecValidLong.TestValidLong" methodname="TestValidLong" classname="Kaitai.SpecValidLong" runstate="Runnable" seed="613150392" result="Passed" start-time="2020-10-27 21:38:23Z" end-time="2020-10-27 21:38:23Z" duration="0.001069" asserts="0" />
      </test-suite>
      <test-suite type="TestFixture" id="0-1402" name="SpecValidNotParsedIf" fullname="Kaitai.SpecValidNotParsedIf" classname="Kaitai.SpecValidNotParsedIf" runstate="Runnable" testcasecount="1" result="Passed" start-time="2020-10-27 21:38:23Z" end-time="2020-10-27 21:38:23Z" duration="0.003062" total="1" passed="1" failed="0" inconclusive="0" skipped="0" asserts="0">
        <test-case id="0-1403" name="TestValidNotParsedIf" fullname="Kaitai.SpecValidNotParsedIf.TestValidNotParsedIf" methodname="TestValidNotParsedIf" classname="Kaitai.SpecValidNotParsedIf" runstate="Runnable" seed="713660299" result="Passed" start-time="2020-10-27 21:38:23Z" end-time="2020-10-27 21:38:23Z" duration="0.000635" asserts="0" />
      </test-suite>
      <test-suite type="TestFixture" id="0-1404" name="SpecValidShort" fullname="Kaitai.SpecValidShort" classname="Kaitai.SpecValidShort" runstate="Runnable" testcasecount="1" result="Passed" start-time="2020-10-27 21:38:23Z" end-time="2020-10-27 21:38:23Z" duration="0.003507" total="1" passed="1" failed="0" inconclusive="0" skipped="0" asserts="0">
        <test-case id="0-1405" name="TestValidShort" fullname="Kaitai.SpecValidShort.TestValidShort" methodname="TestValidShort" classname="Kaitai.SpecValidShort" runstate="Runnable" seed="1830365747" result="Passed" start-time="2020-10-27 21:38:23Z" end-time="2020-10-27 21:38:23Z" duration="0.001086" asserts="0" />
      </test-suite>
      <test-suite type="TestFixture" id="0-1406" name="SpecValidSwitch" fullname="Kaitai.SpecValidSwitch" classname="Kaitai.SpecValidSwitch" runstate="Runnable" testcasecount="1" result="Passed" start-time="2020-10-27 21:38:23Z" end-time="2020-10-27 21:38:23Z" duration="0.002976" total="1" passed="1" failed="0" inconclusive="0" skipped="0" asserts="0">
        <test-case id="0-1407" name="TestValidSwitch" fullname="Kaitai.SpecValidSwitch.TestValidSwitch" methodname="TestValidSwitch" classname="Kaitai.SpecValidSwitch" runstate="Runnable" seed="580178407" result="Passed" start-time="2020-10-27 21:38:23Z" end-time="2020-10-27 21:38:23Z" duration="0.000550" asserts="0" />
      </test-suite>
      <test-suite type="TestFixture" id="0-1408" name="SpecZlibSurrounded" fullname="Kaitai.SpecZlibSurrounded" classname="Kaitai.SpecZlibSurrounded" runstate="Runnable" testcasecount="1" result="Passed" start-time="2020-10-27 21:38:23Z" end-time="2020-10-27 21:38:23Z" duration="0.009287" total="1" passed="1" failed="0" inconclusive="0" skipped="0" asserts="1">
        <test-case id="0-1409" name="TestZlibSurrounded" fullname="Kaitai.SpecZlibSurrounded.TestZlibSurrounded" methodname="TestZlibSurrounded" classname="Kaitai.SpecZlibSurrounded" runstate="Runnable" seed="1087400073" result="Passed" start-time="2020-10-27 21:38:23Z" end-time="2020-10-27 21:38:23Z" duration="0.006882" asserts="1" />
      </test-suite>
      <test-suite type="TestFixture" id="0-1410" name="SpecZlibWithHeader78" fullname="Kaitai.SpecZlibWithHeader78" classname="Kaitai.SpecZlibWithHeader78" runstate="Runnable" testcasecount="1" result="Passed" start-time="2020-10-27 21:38:23Z" end-time="2020-10-27 21:38:23Z" duration="0.003436" total="1" passed="1" failed="0" inconclusive="0" skipped="0" asserts="1">
        <test-case id="0-1411" name="TestZlibWithHeader78" fullname="Kaitai.SpecZlibWithHeader78.TestZlibWithHeader78" methodname="TestZlibWithHeader78" classname="Kaitai.SpecZlibWithHeader78" runstate="Runnable" seed="791718925" result="Passed" start-time="2020-10-27 21:38:23Z" end-time="2020-10-27 21:38:23Z" duration="0.000905" asserts="1" />
      </test-suite>
    </test-suite>
  </test-suite>
</test-run>