<?xml version="1.0" encoding="utf-8" standalone="no"?>
<test-run id="0" runstate="Runnable" testcasecount="251" result="Failed" total="251" passed="249" failed="2" inconclusive="0" skipped="0" asserts="1106" engine-version="3.12.0.0" clr-version="4.0.30319.42000" start-time="2024-08-27 19:34:15Z" end-time="2024-08-27 19:34:18Z" duration="2.923281">
  <command-line><![CDATA[C:\Users\runneradmin\.nuget\packages\nunit.consolerunner\3.12.0\tools\nunit3-console.exe --result=test_out/csharp/TestResult.xml spec/csharp/kaitai_struct_csharp_tests_netframework/bin/Debug/kaitai_struct_csharp_tests.dll]]></command-line>
  <test-suite type="Assembly" id="1-1502" name="kaitai_struct_csharp_tests.dll" fullname="D:\a\ci_targets\ci_targets\tests\spec\csharp\kaitai_struct_csharp_tests_netframework\bin\Debug\kaitai_struct_csharp_tests.dll" runstate="Runnable" testcasecount="251" result="Failed" site="Child" start-time="2024-08-27T19:34:17.2497169Z" end-time="2024-08-27T19:34:17.9062305Z" duration="0.649677" total="251" passed="249" failed="2" warnings="0" inconclusive="0" skipped="0" asserts="1106">
    <environment framework-version="3.14.0.0" clr-version="4.0.30319.42000" os-version="Microsoft Windows NT 10.0.20348.0" platform="Win32NT" cwd="D:\a\ci_targets\ci_targets\tests" machine-name="fv-az1489-842" user="runneradmin" user-domain="fv-az1489-842" culture="en-US" uiculture="en-US" os-architecture="x64" />
    <settings>
      <setting name="DisposeRunners" value="True" />
      <setting name="WorkDirectory" value="D:\a\ci_targets\ci_targets\tests" />
      <setting name="ImageRuntimeVersion" value="4.0.30319" />
      <setting name="ImageTargetFrameworkName" value=".NETFramework,Version=v4.8" />
      <setting name="ImageRequiresX86" value="False" />
      <setting name="ImageRequiresDefaultAppDomainAssemblyResolver" value="False" />
      <setting name="TargetRuntimeFramework" value="net-4.0" />
      <setting name="NumberOfTestWorkers" value="4" />
    </settings>
    <properties>
      <property name="_PID" value="7332" />
      <property name="_APPDOMAIN" value="domain-" />
    </properties>
    <failure>
      <message><![CDATA[One or more child tests had errors]]></message>
    </failure>
    <test-suite type="TestSuite" id="1-1503" name="Kaitai" fullname="Kaitai" runstate="Runnable" testcasecount="251" result="Failed" site="Child" start-time="2024-08-27T19:34:17.2809673Z" end-time="2024-08-27T19:34:17.9062305Z" duration="0.619486" total="251" passed="249" failed="2" warnings="0" inconclusive="0" skipped="0" asserts="1106">
      <failure>
        <message><![CDATA[One or more child tests had errors]]></message>
      </failure>
      <test-suite type="TestFixture" id="1-1000" name="SpecBcdUserTypeBe" fullname="Kaitai.SpecBcdUserTypeBe" classname="Kaitai.SpecBcdUserTypeBe" runstate="Runnable" testcasecount="1" result="Passed" start-time="2024-08-27T19:34:17.2965873Z" end-time="2024-08-27T19:34:17.4216016Z" duration="0.130310" total="1" passed="1" failed="0" warnings="0" inconclusive="0" skipped="0" asserts="6">
        <test-case id="1-1001" name="TestBcdUserTypeBe" fullname="Kaitai.SpecBcdUserTypeBe.TestBcdUserTypeBe" methodname="TestBcdUserTypeBe" classname="Kaitai.SpecBcdUserTypeBe" runstate="Runnable" seed="1054950068" result="Passed" start-time="2024-08-27T19:34:17.2965873Z" end-time="2024-08-27T19:34:17.4216016Z" duration="0.123560" asserts="6" />
      </test-suite>
      <test-suite type="TestFixture" id="1-1002" name="SpecBcdUserTypeLe" fullname="Kaitai.SpecBcdUserTypeLe" classname="Kaitai.SpecBcdUserTypeLe" runstate="Runnable" testcasecount="1" result="Passed" start-time="2024-08-27T19:34:17.4216016Z" end-time="2024-08-27T19:34:17.4216016Z" duration="0.004099" total="1" passed="1" failed="0" warnings="0" inconclusive="0" skipped="0" asserts="6">
        <test-case id="1-1003" name="TestBcdUserTypeLe" fullname="Kaitai.SpecBcdUserTypeLe.TestBcdUserTypeLe" methodname="TestBcdUserTypeLe" classname="Kaitai.SpecBcdUserTypeLe" runstate="Runnable" seed="1117128538" result="Passed" start-time="2024-08-27T19:34:17.4216016Z" end-time="2024-08-27T19:34:17.4216016Z" duration="0.003933" asserts="6" />
      </test-suite>
      <test-suite type="TestFixture" id="1-1004" name="SpecBitsByteAligned" fullname="Kaitai.SpecBitsByteAligned" classname="Kaitai.SpecBitsByteAligned" runstate="Runnable" testcasecount="1" result="Passed" start-time="2024-08-27T19:34:17.4216016Z" end-time="2024-08-27T19:34:17.4372122Z" duration="0.006608" total="1" passed="1" failed="0" warnings="0" inconclusive="0" skipped="0" asserts="9">
        <test-case id="1-1005" name="TestBitsByteAligned" fullname="Kaitai.SpecBitsByteAligned.TestBitsByteAligned" methodname="TestBitsByteAligned" classname="Kaitai.SpecBitsByteAligned" runstate="Runnable" seed="495485980" result="Passed" start-time="2024-08-27T19:34:17.4216016Z" end-time="2024-08-27T19:34:17.4372122Z" duration="0.006471" asserts="9" />
      </test-suite>
      <test-suite type="TestFixture" id="1-1006" name="SpecBitsEnum" fullname="Kaitai.SpecBitsEnum" classname="Kaitai.SpecBitsEnum" runstate="Runnable" testcasecount="1" result="Passed" start-time="2024-08-27T19:34:17.4372122Z" end-time="2024-08-27T19:34:17.4372122Z" duration="0.001352" total="1" passed="1" failed="0" warnings="0" inconclusive="0" skipped="0" asserts="3">
        <test-case id="1-1007" name="TestBitsEnum" fullname="Kaitai.SpecBitsEnum.TestBitsEnum" methodname="TestBitsEnum" classname="Kaitai.SpecBitsEnum" runstate="Runnable" seed="1240260057" result="Passed" start-time="2024-08-27T19:34:17.4372122Z" end-time="2024-08-27T19:34:17.4372122Z" duration="0.001135" asserts="3" />
      </test-suite>
      <test-suite type="TestFixture" id="1-1008" name="SpecBitsSeqEndianCombo" fullname="Kaitai.SpecBitsSeqEndianCombo" classname="Kaitai.SpecBitsSeqEndianCombo" runstate="Runnable" testcasecount="1" result="Passed" start-time="2024-08-27T19:34:17.4372122Z" end-time="2024-08-27T19:34:17.4372122Z" duration="0.001812" total="1" passed="1" failed="0" warnings="0" inconclusive="0" skipped="0" asserts="8">
        <test-case id="1-1009" name="TestBitsSeqEndianCombo" fullname="Kaitai.SpecBitsSeqEndianCombo.TestBitsSeqEndianCombo" methodname="TestBitsSeqEndianCombo" classname="Kaitai.SpecBitsSeqEndianCombo" runstate="Runnable" seed="1480060832" result="Passed" start-time="2024-08-27T19:34:17.4372122Z" end-time="2024-08-27T19:34:17.4372122Z" duration="0.001694" asserts="8" />
      </test-suite>
      <test-suite type="TestFixture" id="1-1010" name="SpecBitsShiftByB32Le" fullname="Kaitai.SpecBitsShiftByB32Le" classname="Kaitai.SpecBitsShiftByB32Le" runstate="Runnable" testcasecount="1" result="Passed" start-time="2024-08-27T19:34:17.4372122Z" end-time="2024-08-27T19:34:17.4372122Z" duration="0.000600" total="1" passed="1" failed="0" warnings="0" inconclusive="0" skipped="0" asserts="2">
        <test-case id="1-1011" name="TestBitsShiftByB32Le" fullname="Kaitai.SpecBitsShiftByB32Le.TestBitsShiftByB32Le" methodname="TestBitsShiftByB32Le" classname="Kaitai.SpecBitsShiftByB32Le" runstate="Runnable" seed="1784656484" result="Passed" start-time="2024-08-27T19:34:17.4372122Z" end-time="2024-08-27T19:34:17.4372122Z" duration="0.000502" asserts="2" />
      </test-suite>
      <test-suite type="TestFixture" id="1-1012" name="SpecBitsShiftByB64Le" fullname="Kaitai.SpecBitsShiftByB64Le" classname="Kaitai.SpecBitsShiftByB64Le" runstate="Runnable" testcasecount="1" result="Passed" start-time="2024-08-27T19:34:17.4372122Z" end-time="2024-08-27T19:34:17.4372122Z" duration="0.000552" total="1" passed="1" failed="0" warnings="0" inconclusive="0" skipped="0" asserts="2">
        <test-case id="1-1013" name="TestBitsShiftByB64Le" fullname="Kaitai.SpecBitsShiftByB64Le.TestBitsShiftByB64Le" methodname="TestBitsShiftByB64Le" classname="Kaitai.SpecBitsShiftByB64Le" runstate="Runnable" seed="1649884584" result="Passed" start-time="2024-08-27T19:34:17.4372122Z" end-time="2024-08-27T19:34:17.4372122Z" duration="0.000460" asserts="2" />
      </test-suite>
      <test-suite type="TestFixture" id="1-1014" name="SpecBitsSignedResB32Be" fullname="Kaitai.SpecBitsSignedResB32Be" classname="Kaitai.SpecBitsSignedResB32Be" runstate="Runnable" testcasecount="1" result="Passed" start-time="2024-08-27T19:34:17.4372122Z" end-time="2024-08-27T19:34:17.4372122Z" duration="0.000484" total="1" passed="1" failed="0" warnings="0" inconclusive="0" skipped="0" asserts="1">
        <test-case id="1-1015" name="TestBitsSignedResB32Be" fullname="Kaitai.SpecBitsSignedResB32Be.TestBitsSignedResB32Be" methodname="TestBitsSignedResB32Be" classname="Kaitai.SpecBitsSignedResB32Be" runstate="Runnable" seed="414555199" result="Passed" start-time="2024-08-27T19:34:17.4372122Z" end-time="2024-08-27T19:34:17.4372122Z" duration="0.000392" asserts="1" />
      </test-suite>
      <test-suite type="TestFixture" id="1-1016" name="SpecBitsSignedResB32Le" fullname="Kaitai.SpecBitsSignedResB32Le" classname="Kaitai.SpecBitsSignedResB32Le" runstate="Runnable" testcasecount="1" result="Passed" start-time="2024-08-27T19:34:17.4372122Z" end-time="2024-08-27T19:34:17.4372122Z" duration="0.000451" total="1" passed="1" failed="0" warnings="0" inconclusive="0" skipped="0" asserts="1">
        <test-case id="1-1017" name="TestBitsSignedResB32Le" fullname="Kaitai.SpecBitsSignedResB32Le.TestBitsSignedResB32Le" methodname="TestBitsSignedResB32Le" classname="Kaitai.SpecBitsSignedResB32Le" runstate="Runnable" seed="1941306017" result="Passed" start-time="2024-08-27T19:34:17.4372122Z" end-time="2024-08-27T19:34:17.4372122Z" duration="0.000362" asserts="1" />
      </test-suite>
      <test-suite type="TestFixture" id="1-1018" name="SpecBitsSignedShiftB32Le" fullname="Kaitai.SpecBitsSignedShiftB32Le" classname="Kaitai.SpecBitsSignedShiftB32Le" runstate="Runnable" testcasecount="1" result="Passed" start-time="2024-08-27T19:34:17.4372122Z" end-time="2024-08-27T19:34:17.4372122Z" duration="0.000545" total="1" passed="1" failed="0" warnings="0" inconclusive="0" skipped="0" asserts="2">
        <test-case id="1-1019" name="TestBitsSignedShiftB32Le" fullname="Kaitai.SpecBitsSignedShiftB32Le.TestBitsSignedShiftB32Le" methodname="TestBitsSignedShiftB32Le" classname="Kaitai.SpecBitsSignedShiftB32Le" runstate="Runnable" seed="1183841527" result="Passed" start-time="2024-08-27T19:34:17.4372122Z" end-time="2024-08-27T19:34:17.4372122Z" duration="0.000455" asserts="2" />
      </test-suite>
      <test-suite type="TestFixture" id="1-1020" name="SpecBitsSignedShiftB64Le" fullname="Kaitai.SpecBitsSignedShiftB64Le" classname="Kaitai.SpecBitsSignedShiftB64Le" runstate="Runnable" testcasecount="1" result="Passed" start-time="2024-08-27T19:34:17.4372122Z" end-time="2024-08-27T19:34:17.4530794Z" duration="0.000727" total="1" passed="1" failed="0" warnings="0" inconclusive="0" skipped="0" asserts="2">
        <test-case id="1-1021" name="TestBitsSignedShiftB64Le" fullname="Kaitai.SpecBitsSignedShiftB64Le.TestBitsSignedShiftB64Le" methodname="TestBitsSignedShiftB64Le" classname="Kaitai.SpecBitsSignedShiftB64Le" runstate="Runnable" seed="1479443819" result="Passed" start-time="2024-08-27T19:34:17.4372122Z" end-time="2024-08-27T19:34:17.4529643Z" duration="0.000624" asserts="2" />
      </test-suite>
      <test-suite type="TestFixture" id="1-1022" name="SpecBitsSimple" fullname="Kaitai.SpecBitsSimple" classname="Kaitai.SpecBitsSimple" runstate="Runnable" testcasecount="1" result="Passed" start-time="2024-08-27T19:34:17.4530794Z" end-time="2024-08-27T19:34:17.4530794Z" duration="0.001915" total="1" passed="1" failed="0" warnings="0" inconclusive="0" skipped="0" asserts="14">
        <test-case id="1-1023" name="TestBitsSimple" fullname="Kaitai.SpecBitsSimple.TestBitsSimple" methodname="TestBitsSimple" classname="Kaitai.SpecBitsSimple" runstate="Runnable" seed="478726528" result="Passed" start-time="2024-08-27T19:34:17.4530794Z" end-time="2024-08-27T19:34:17.4530794Z" duration="0.001794" asserts="14" />
      </test-suite>
      <test-suite type="TestFixture" id="1-1024" name="SpecBitsSimpleLe" fullname="Kaitai.SpecBitsSimpleLe" classname="Kaitai.SpecBitsSimpleLe" runstate="Runnable" testcasecount="1" result="Passed" start-time="2024-08-27T19:34:17.4530794Z" end-time="2024-08-27T19:34:17.4530794Z" duration="0.001465" total="1" passed="1" failed="0" warnings="0" inconclusive="0" skipped="0" asserts="14">
        <test-case id="1-1025" name="TestBitsSimpleLe" fullname="Kaitai.SpecBitsSimpleLe.TestBitsSimpleLe" methodname="TestBitsSimpleLe" classname="Kaitai.SpecBitsSimpleLe" runstate="Runnable" seed="846434716" result="Passed" start-time="2024-08-27T19:34:17.4530794Z" end-time="2024-08-27T19:34:17.4530794Z" duration="0.001356" asserts="14" />
      </test-suite>
      <test-suite type="TestFixture" id="1-1026" name="SpecBitsUnalignedB32Be" fullname="Kaitai.SpecBitsUnalignedB32Be" classname="Kaitai.SpecBitsUnalignedB32Be" runstate="Runnable" testcasecount="1" result="Passed" start-time="2024-08-27T19:34:17.4530794Z" end-time="2024-08-27T19:34:17.4530794Z" duration="0.000661" total="1" passed="1" failed="0" warnings="0" inconclusive="0" skipped="0" asserts="3">
        <test-case id="1-1027" name="TestBitsUnalignedB32Be" fullname="Kaitai.SpecBitsUnalignedB32Be.TestBitsUnalignedB32Be" methodname="TestBitsUnalignedB32Be" classname="Kaitai.SpecBitsUnalignedB32Be" runstate="Runnable" seed="909946909" result="Passed" start-time="2024-08-27T19:34:17.4530794Z" end-time="2024-08-27T19:34:17.4530794Z" duration="0.000569" asserts="3" />
      </test-suite>
      <test-suite type="TestFixture" id="1-1028" name="SpecBitsUnalignedB32Le" fullname="Kaitai.SpecBitsUnalignedB32Le" classname="Kaitai.SpecBitsUnalignedB32Le" runstate="Runnable" testcasecount="1" result="Passed" start-time="2024-08-27T19:34:17.4530794Z" end-time="2024-08-27T19:34:17.4530794Z" duration="0.000705" total="1" passed="1" failed="0" warnings="0" inconclusive="0" skipped="0" asserts="3">
        <test-case id="1-1029" name="TestBitsUnalignedB32Le" fullname="Kaitai.SpecBitsUnalignedB32Le.TestBitsUnalignedB32Le" methodname="TestBitsUnalignedB32Le" classname="Kaitai.SpecBitsUnalignedB32Le" runstate="Runnable" seed="76261305" result="Passed" start-time="2024-08-27T19:34:17.4530794Z" end-time="2024-08-27T19:34:17.4530794Z" duration="0.000614" asserts="3" />
      </test-suite>
      <test-suite type="TestFixture" id="1-1030" name="SpecBitsUnalignedB64Be" fullname="Kaitai.SpecBitsUnalignedB64Be" classname="Kaitai.SpecBitsUnalignedB64Be" runstate="Runnable" testcasecount="1" result="Passed" start-time="2024-08-27T19:34:17.4530794Z" end-time="2024-08-27T19:34:17.4530794Z" duration="0.000648" total="1" passed="1" failed="0" warnings="0" inconclusive="0" skipped="0" asserts="3">
        <test-case id="1-1031" name="TestBitsUnalignedB64Be" fullname="Kaitai.SpecBitsUnalignedB64Be.TestBitsUnalignedB64Be" methodname="TestBitsUnalignedB64Be" classname="Kaitai.SpecBitsUnalignedB64Be" runstate="Runnable" seed="1622298894" result="Passed" start-time="2024-08-27T19:34:17.4530794Z" end-time="2024-08-27T19:34:17.4530794Z" duration="0.000555" asserts="3" />
      </test-suite>
      <test-suite type="TestFixture" id="1-1032" name="SpecBitsUnalignedB64Le" fullname="Kaitai.SpecBitsUnalignedB64Le" classname="Kaitai.SpecBitsUnalignedB64Le" runstate="Runnable" testcasecount="1" result="Passed" start-time="2024-08-27T19:34:17.4530794Z" end-time="2024-08-27T19:34:17.4530794Z" duration="0.000620" total="1" passed="1" failed="0" warnings="0" inconclusive="0" skipped="0" asserts="3">
        <test-case id="1-1033" name="TestBitsUnalignedB64Le" fullname="Kaitai.SpecBitsUnalignedB64Le.TestBitsUnalignedB64Le" methodname="TestBitsUnalignedB64Le" classname="Kaitai.SpecBitsUnalignedB64Le" runstate="Runnable" seed="632453959" result="Passed" start-time="2024-08-27T19:34:17.4530794Z" end-time="2024-08-27T19:34:17.4530794Z" duration="0.000531" asserts="3" />
      </test-suite>
      <test-suite type="TestFixture" id="1-1034" name="SpecBufferedStruct" fullname="Kaitai.SpecBufferedStruct" classname="Kaitai.SpecBufferedStruct" runstate="Runnable" testcasecount="1" result="Passed" start-time="2024-08-27T19:34:17.4530794Z" end-time="2024-08-27T19:34:17.4530794Z" duration="0.001567" total="1" passed="1" failed="0" warnings="0" inconclusive="0" skipped="0" asserts="7">
        <test-case id="1-1035" name="TestBufferedStruct" fullname="Kaitai.SpecBufferedStruct.TestBufferedStruct" methodname="TestBufferedStruct" classname="Kaitai.SpecBufferedStruct" runstate="Runnable" seed="1220417348" result="Passed" start-time="2024-08-27T19:34:17.4530794Z" end-time="2024-08-27T19:34:17.4530794Z" duration="0.001477" asserts="7" />
      </test-suite>
      <test-suite type="TestFixture" id="1-1036" name="SpecBytesPadTerm" fullname="Kaitai.SpecBytesPadTerm" classname="Kaitai.SpecBytesPadTerm" runstate="Runnable" testcasecount="1" result="Passed" start-time="2024-08-27T19:34:17.4530794Z" end-time="2024-08-27T19:34:17.4530794Z" duration="0.001114" total="1" passed="1" failed="0" warnings="0" inconclusive="0" skipped="0" asserts="4">
        <test-case id="1-1037" name="TestBytesPadTerm" fullname="Kaitai.SpecBytesPadTerm.TestBytesPadTerm" methodname="TestBytesPadTerm" classname="Kaitai.SpecBytesPadTerm" runstate="Runnable" seed="1376108202" result="Passed" start-time="2024-08-27T19:34:17.4530794Z" end-time="2024-08-27T19:34:17.4530794Z" duration="0.001015" asserts="4" />
      </test-suite>
      <test-suite type="TestFixture" id="1-1038" name="SpecCastNested" fullname="Kaitai.SpecCastNested" classname="Kaitai.SpecCastNested" runstate="Runnable" testcasecount="1" result="Passed" start-time="2024-08-27T19:34:17.4530794Z" end-time="2024-08-27T19:34:17.4530794Z" duration="0.002971" total="1" passed="1" failed="0" warnings="0" inconclusive="0" skipped="0" asserts="4">
        <test-case id="1-1039" name="TestCastNested" fullname="Kaitai.SpecCastNested.TestCastNested" methodname="TestCastNested" classname="Kaitai.SpecCastNested" runstate="Runnable" seed="393171881" result="Passed" start-time="2024-08-27T19:34:17.4530794Z" end-time="2024-08-27T19:34:17.4530794Z" duration="0.002878" asserts="4" />
      </test-suite>
      <test-suite type="TestFixture" id="1-1040" name="SpecCastToTop" fullname="Kaitai.SpecCastToTop" classname="Kaitai.SpecCastToTop" runstate="Runnable" testcasecount="1" result="Passed" start-time="2024-08-27T19:34:17.4530794Z" end-time="2024-08-27T19:34:17.4530794Z" duration="0.000887" total="1" passed="1" failed="0" warnings="0" inconclusive="0" skipped="0" asserts="3">
        <test-case id="1-1041" name="TestCastToTop" fullname="Kaitai.SpecCastToTop.TestCastToTop" methodname="TestCastToTop" classname="Kaitai.SpecCastToTop" runstate="Runnable" seed="1427400243" result="Passed" start-time="2024-08-27T19:34:17.4530794Z" end-time="2024-08-27T19:34:17.4530794Z" duration="0.000784" asserts="3" />
      </test-suite>
      <test-suite type="TestFixture" id="1-1042" name="SpecCombineBool" fullname="Kaitai.SpecCombineBool" classname="Kaitai.SpecCombineBool" runstate="Runnable" testcasecount="1" result="Passed" start-time="2024-08-27T19:34:17.4530794Z" end-time="2024-08-27T19:34:17.4530794Z" duration="0.000667" total="1" passed="1" failed="0" warnings="0" inconclusive="0" skipped="0" asserts="2">
        <test-case id="1-1043" name="TestCombineBool" fullname="Kaitai.SpecCombineBool.TestCombineBool" methodname="TestCombineBool" classname="Kaitai.SpecCombineBool" runstate="Runnable" seed="891392217" result="Passed" start-time="2024-08-27T19:34:17.4530794Z" end-time="2024-08-27T19:34:17.4530794Z" duration="0.000574" asserts="2" />
      </test-suite>
      <test-suite type="TestFixture" id="1-1044" name="SpecCombineBytes" fullname="Kaitai.SpecCombineBytes" classname="Kaitai.SpecCombineBytes" runstate="Runnable" testcasecount="1" result="Passed" start-time="2024-08-27T19:34:17.4530794Z" end-time="2024-08-27T19:34:17.4530794Z" duration="0.001493" total="1" passed="1" failed="0" warnings="0" inconclusive="0" skipped="0" asserts="10">
        <test-case id="1-1045" name="TestCombineBytes" fullname="Kaitai.SpecCombineBytes.TestCombineBytes" methodname="TestCombineBytes" classname="Kaitai.SpecCombineBytes" runstate="Runnable" seed="852216024" result="Passed" start-time="2024-08-27T19:34:17.4530794Z" end-time="2024-08-27T19:34:17.4530794Z" duration="0.001387" asserts="10" />
      </test-suite>
      <test-suite type="TestFixture" id="1-1046" name="SpecCombineEnum" fullname="Kaitai.SpecCombineEnum" classname="Kaitai.SpecCombineEnum" runstate="Runnable" testcasecount="1" result="Passed" start-time="2024-08-27T19:34:17.4530794Z" end-time="2024-08-27T19:34:17.4684620Z" duration="0.000916" total="1" passed="1" failed="0" warnings="0" inconclusive="0" skipped="0" asserts="3">
        <test-case id="1-1047" name="TestCombineEnum" fullname="Kaitai.SpecCombineEnum.TestCombineEnum" methodname="TestCombineEnum" classname="Kaitai.SpecCombineEnum" runstate="Runnable" seed="118915212" result="Passed" start-time="2024-08-27T19:34:17.4530794Z" end-time="2024-08-27T19:34:17.4684620Z" duration="0.000822" asserts="3" />
      </test-suite>
      <test-suite type="TestFixture" id="1-1048" name="SpecCombineStr" fullname="Kaitai.SpecCombineStr" classname="Kaitai.SpecCombineStr" runstate="Runnable" testcasecount="1" result="Passed" start-time="2024-08-27T19:34:17.4684620Z" end-time="2024-08-27T19:34:17.4684620Z" duration="0.001588" total="1" passed="1" failed="0" warnings="0" inconclusive="0" skipped="0" asserts="15">
        <test-case id="1-1049" name="TestCombineStr" fullname="Kaitai.SpecCombineStr.TestCombineStr" methodname="TestCombineStr" classname="Kaitai.SpecCombineStr" runstate="Runnable" seed="241774055" result="Passed" start-time="2024-08-27T19:34:17.4684620Z" end-time="2024-08-27T19:34:17.4684620Z" duration="0.001497" asserts="15" />
      </test-suite>
      <test-suite type="TestFixture" id="1-1050" name="SpecDebug0" fullname="Kaitai.SpecDebug0" classname="Kaitai.SpecDebug0" runstate="Runnable" testcasecount="1" result="Passed" start-time="2024-08-27T19:34:17.4684620Z" end-time="2024-08-27T19:34:17.4684620Z" duration="0.000146" total="1" passed="1" failed="0" warnings="0" inconclusive="0" skipped="0" asserts="0">
        <test-case id="1-1051" name="TestDebug0" fullname="Kaitai.SpecDebug0.TestDebug0" methodname="TestDebug0" classname="Kaitai.SpecDebug0" runstate="Runnable" seed="1830350852" result="Passed" start-time="2024-08-27T19:34:17.4684620Z" end-time="2024-08-27T19:34:17.4684620Z" duration="0.000041" asserts="0" />
      </test-suite>
      <test-suite type="TestFixture" id="1-1052" name="SpecDebugArrayUser" fullname="Kaitai.SpecDebugArrayUser" classname="Kaitai.SpecDebugArrayUser" runstate="Runnable" testcasecount="1" result="Passed" start-time="2024-08-27T19:34:17.4684620Z" end-time="2024-08-27T19:34:17.4684620Z" duration="0.000958" total="1" passed="1" failed="0" warnings="0" inconclusive="0" skipped="0" asserts="4">
        <test-case id="1-1053" name="TestDebugArrayUser" fullname="Kaitai.SpecDebugArrayUser.TestDebugArrayUser" methodname="TestDebugArrayUser" classname="Kaitai.SpecDebugArrayUser" runstate="Runnable" seed="1495312028" result="Passed" start-time="2024-08-27T19:34:17.4684620Z" end-time="2024-08-27T19:34:17.4684620Z" duration="0.000877" asserts="4" />
      </test-suite>
      <test-suite type="TestFixture" id="1-1054" name="SpecDebugEnumName" fullname="Kaitai.SpecDebugEnumName" classname="Kaitai.SpecDebugEnumName" runstate="Runnable" testcasecount="1" result="Passed" start-time="2024-08-27T19:34:17.4684620Z" end-time="2024-08-27T19:34:17.4684620Z" duration="0.000128" total="1" passed="1" failed="0" warnings="0" inconclusive="0" skipped="0" asserts="0">
        <test-case id="1-1055" name="TestDebugEnumName" fullname="Kaitai.SpecDebugEnumName.TestDebugEnumName" methodname="TestDebugEnumName" classname="Kaitai.SpecDebugEnumName" runstate="Runnable" seed="1705614249" result="Passed" start-time="2024-08-27T19:34:17.4684620Z" end-time="2024-08-27T19:34:17.4684620Z" duration="0.000040" asserts="0" />
      </test-suite>
      <test-suite type="TestFixture" id="1-1056" name="SpecDebugSwitchUser" fullname="Kaitai.SpecDebugSwitchUser" classname="Kaitai.SpecDebugSwitchUser" runstate="Runnable" testcasecount="1" result="Passed" start-time="2024-08-27T19:34:17.4684620Z" end-time="2024-08-27T19:34:17.4684620Z" duration="0.000821" total="1" passed="1" failed="0" warnings="0" inconclusive="0" skipped="0" asserts="2">
        <test-case id="1-1057" name="TestDebugSwitchUser" fullname="Kaitai.SpecDebugSwitchUser.TestDebugSwitchUser" methodname="TestDebugSwitchUser" classname="Kaitai.SpecDebugSwitchUser" runstate="Runnable" seed="1404691338" result="Passed" start-time="2024-08-27T19:34:17.4684620Z" end-time="2024-08-27T19:34:17.4684620Z" duration="0.000739" asserts="2" />
      </test-suite>
      <test-suite type="TestFixture" id="1-1058" name="SpecDefaultBigEndian" fullname="Kaitai.SpecDefaultBigEndian" classname="Kaitai.SpecDefaultBigEndian" runstate="Runnable" testcasecount="1" result="Passed" start-time="2024-08-27T19:34:17.4684620Z" end-time="2024-08-27T19:34:17.4684620Z" duration="0.000494" total="1" passed="1" failed="0" warnings="0" inconclusive="0" skipped="0" asserts="1">
        <test-case id="1-1059" name="TestDefaultBigEndian" fullname="Kaitai.SpecDefaultBigEndian.TestDefaultBigEndian" methodname="TestDefaultBigEndian" classname="Kaitai.SpecDefaultBigEndian" runstate="Runnable" seed="60077821" result="Passed" start-time="2024-08-27T19:34:17.4684620Z" end-time="2024-08-27T19:34:17.4684620Z" duration="0.000404" asserts="1" />
      </test-suite>
      <test-suite type="TestFixture" id="1-1060" name="SpecDefaultBitEndianMod" fullname="Kaitai.SpecDefaultBitEndianMod" classname="Kaitai.SpecDefaultBitEndianMod" runstate="Runnable" testcasecount="1" result="Passed" start-time="2024-08-27T19:34:17.4684620Z" end-time="2024-08-27T19:34:17.4684620Z" duration="0.001072" total="1" passed="1" failed="0" warnings="0" inconclusive="0" skipped="0" asserts="4">
        <test-case id="1-1061" name="TestDefaultBitEndianMod" fullname="Kaitai.SpecDefaultBitEndianMod.TestDefaultBitEndianMod" methodname="TestDefaultBitEndianMod" classname="Kaitai.SpecDefaultBitEndianMod" runstate="Runnable" seed="596219984" result="Passed" start-time="2024-08-27T19:34:17.4684620Z" end-time="2024-08-27T19:34:17.4684620Z" duration="0.000984" asserts="4" />
      </test-suite>
      <test-suite type="TestFixture" id="1-1062" name="SpecDefaultEndianExprException" fullname="Kaitai.SpecDefaultEndianExprException" classname="Kaitai.SpecDefaultEndianExprException" runstate="Runnable" testcasecount="1" result="Passed" start-time="2024-08-27T19:34:17.4684620Z" end-time="2024-08-27T19:34:17.4840909Z" duration="0.011679" total="1" passed="1" failed="0" warnings="0" inconclusive="0" skipped="0" asserts="1">
        <test-case id="1-1063" name="TestDefaultEndianExprException" fullname="Kaitai.SpecDefaultEndianExprException.TestDefaultEndianExprException" methodname="TestDefaultEndianExprException" classname="Kaitai.SpecDefaultEndianExprException" runstate="Runnable" seed="837816830" result="Passed" start-time="2024-08-27T19:34:17.4684620Z" end-time="2024-08-27T19:34:17.4840909Z" duration="0.011583" asserts="1" />
      </test-suite>
      <test-suite type="TestFixture" id="1-1064" name="SpecDefaultEndianExprInherited" fullname="Kaitai.SpecDefaultEndianExprInherited" classname="Kaitai.SpecDefaultEndianExprInherited" runstate="Runnable" testcasecount="1" result="Passed" start-time="2024-08-27T19:34:17.4840909Z" end-time="2024-08-27T19:34:17.4840909Z" duration="0.003008" total="1" passed="1" failed="0" warnings="0" inconclusive="0" skipped="0" asserts="15">
        <test-case id="1-1065" name="TestDefaultEndianExprInherited" fullname="Kaitai.SpecDefaultEndianExprInherited.TestDefaultEndianExprInherited" methodname="TestDefaultEndianExprInherited" classname="Kaitai.SpecDefaultEndianExprInherited" runstate="Runnable" seed="962527435" result="Passed" start-time="2024-08-27T19:34:17.4840909Z" end-time="2024-08-27T19:34:17.4840909Z" duration="0.002904" asserts="15" />
      </test-suite>
      <test-suite type="TestFixture" id="1-1066" name="SpecDefaultEndianExprIsBe" fullname="Kaitai.SpecDefaultEndianExprIsBe" classname="Kaitai.SpecDefaultEndianExprIsBe" runstate="Runnable" testcasecount="1" result="Passed" start-time="2024-08-27T19:34:17.4840909Z" end-time="2024-08-27T19:34:17.4840909Z" duration="0.002957" total="1" passed="1" failed="0" warnings="0" inconclusive="0" skipped="0" asserts="18">
        <test-case id="1-1067" name="TestDefaultEndianExprIsBe" fullname="Kaitai.SpecDefaultEndianExprIsBe.TestDefaultEndianExprIsBe" methodname="TestDefaultEndianExprIsBe" classname="Kaitai.SpecDefaultEndianExprIsBe" runstate="Runnable" seed="1338365778" result="Passed" start-time="2024-08-27T19:34:17.4840909Z" end-time="2024-08-27T19:34:17.4840909Z" duration="0.002855" asserts="18" />
      </test-suite>
      <test-suite type="TestFixture" id="1-1068" name="SpecDefaultEndianExprIsLe" fullname="Kaitai.SpecDefaultEndianExprIsLe" classname="Kaitai.SpecDefaultEndianExprIsLe" runstate="Runnable" testcasecount="1" result="Passed" start-time="2024-08-27T19:34:17.4840909Z" end-time="2024-08-27T19:34:17.4840909Z" duration="0.001830" total="1" passed="1" failed="0" warnings="0" inconclusive="0" skipped="0" asserts="12">
        <test-case id="1-1069" name="TestDefaultEndianExprIsLe" fullname="Kaitai.SpecDefaultEndianExprIsLe.TestDefaultEndianExprIsLe" methodname="TestDefaultEndianExprIsLe" classname="Kaitai.SpecDefaultEndianExprIsLe" runstate="Runnable" seed="377652891" result="Passed" start-time="2024-08-27T19:34:17.4840909Z" end-time="2024-08-27T19:34:17.4840909Z" duration="0.001732" asserts="12" />
      </test-suite>
      <test-suite type="TestFixture" id="1-1070" name="SpecDefaultEndianMod" fullname="Kaitai.SpecDefaultEndianMod" classname="Kaitai.SpecDefaultEndianMod" runstate="Runnable" testcasecount="1" result="Passed" start-time="2024-08-27T19:34:17.4840909Z" end-time="2024-08-27T19:34:17.4840909Z" duration="0.001062" total="1" passed="1" failed="0" warnings="0" inconclusive="0" skipped="0" asserts="3">
        <test-case id="1-1071" name="TestDefaultEndianMod" fullname="Kaitai.SpecDefaultEndianMod.TestDefaultEndianMod" methodname="TestDefaultEndianMod" classname="Kaitai.SpecDefaultEndianMod" runstate="Runnable" seed="1590294424" result="Passed" start-time="2024-08-27T19:34:17.4840909Z" end-time="2024-08-27T19:34:17.4840909Z" duration="0.000968" asserts="3" />
      </test-suite>
      <test-suite type="TestFixture" id="1-1072" name="SpecDocstrings" fullname="Kaitai.SpecDocstrings" classname="Kaitai.SpecDocstrings" runstate="Runnable" testcasecount="1" result="Passed" start-time="2024-08-27T19:34:17.4840909Z" end-time="2024-08-27T19:34:17.4840909Z" duration="0.000396" total="1" passed="1" failed="0" warnings="0" inconclusive="0" skipped="0" asserts="0">
        <test-case id="1-1073" name="TestDocstrings" fullname="Kaitai.SpecDocstrings.TestDocstrings" methodname="TestDocstrings" classname="Kaitai.SpecDocstrings" runstate="Runnable" seed="1567583219" result="Passed" start-time="2024-08-27T19:34:17.4840909Z" end-time="2024-08-27T19:34:17.4840909Z" duration="0.000304" asserts="0" />
      </test-suite>
      <test-suite type="TestFixture" id="1-1074" name="SpecDocstringsDocref" fullname="Kaitai.SpecDocstringsDocref" classname="Kaitai.SpecDocstringsDocref" runstate="Runnable" testcasecount="1" result="Passed" start-time="2024-08-27T19:34:17.4840909Z" end-time="2024-08-27T19:34:17.4840909Z" duration="0.001190" total="1" passed="1" failed="0" warnings="0" inconclusive="0" skipped="0" asserts="0">
        <test-case id="1-1075" name="TestDocstringsDocref" fullname="Kaitai.SpecDocstringsDocref.TestDocstringsDocref" methodname="TestDocstringsDocref" classname="Kaitai.SpecDocstringsDocref" runstate="Runnable" seed="1910656701" result="Passed" start-time="2024-08-27T19:34:17.4840909Z" end-time="2024-08-27T19:34:17.4840909Z" duration="0.001083" asserts="0" />
      </test-suite>
      <test-suite type="TestFixture" id="1-1076" name="SpecDocstringsDocrefMulti" fullname="Kaitai.SpecDocstringsDocrefMulti" classname="Kaitai.SpecDocstringsDocrefMulti" runstate="Runnable" testcasecount="1" result="Passed" start-time="2024-08-27T19:34:17.4840909Z" end-time="2024-08-27T19:34:17.4840909Z" duration="0.000354" total="1" passed="1" failed="0" warnings="0" inconclusive="0" skipped="0" asserts="0">
        <test-case id="1-1077" name="TestDocstringsDocrefMulti" fullname="Kaitai.SpecDocstringsDocrefMulti.TestDocstringsDocrefMulti" methodname="TestDocstringsDocrefMulti" classname="Kaitai.SpecDocstringsDocrefMulti" runstate="Runnable" seed="204603066" result="Passed" start-time="2024-08-27T19:34:17.4840909Z" end-time="2024-08-27T19:34:17.4840909Z" duration="0.000260" asserts="0" />
      </test-suite>
      <test-suite type="TestFixture" id="1-1078" name="SpecEnum0" fullname="Kaitai.SpecEnum0" classname="Kaitai.SpecEnum0" runstate="Runnable" testcasecount="1" result="Passed" start-time="2024-08-27T19:34:17.4840909Z" end-time="2024-08-27T19:34:17.4840909Z" duration="0.000541" total="1" passed="1" failed="0" warnings="0" inconclusive="0" skipped="0" asserts="2">
        <test-case id="1-1079" name="TestEnum0" fullname="Kaitai.SpecEnum0.TestEnum0" methodname="TestEnum0" classname="Kaitai.SpecEnum0" runstate="Runnable" seed="305629922" result="Passed" start-time="2024-08-27T19:34:17.4840909Z" end-time="2024-08-27T19:34:17.4840909Z" duration="0.000449" asserts="2" />
      </test-suite>
      <test-suite type="TestFixture" id="1-1080" name="SpecEnum1" fullname="Kaitai.SpecEnum1" classname="Kaitai.SpecEnum1" runstate="Runnable" testcasecount="1" result="Passed" start-time="2024-08-27T19:34:17.4840909Z" end-time="2024-08-27T19:34:17.4840909Z" duration="0.000808" total="1" passed="1" failed="0" warnings="0" inconclusive="0" skipped="0" asserts="2">
        <test-case id="1-1081" name="TestEnum1" fullname="Kaitai.SpecEnum1.TestEnum1" methodname="TestEnum1" classname="Kaitai.SpecEnum1" runstate="Runnable" seed="1475648156" result="Passed" start-time="2024-08-27T19:34:17.4840909Z" end-time="2024-08-27T19:34:17.4840909Z" duration="0.000717" asserts="2" />
      </test-suite>
      <test-suite type="TestFixture" id="1-1082" name="SpecEnumDeep" fullname="Kaitai.SpecEnumDeep" classname="Kaitai.SpecEnumDeep" runstate="Runnable" testcasecount="1" result="Passed" start-time="2024-08-27T19:34:17.4840909Z" end-time="2024-08-27T19:34:17.4840909Z" duration="0.000528" total="1" passed="1" failed="0" warnings="0" inconclusive="0" skipped="0" asserts="2">
        <test-case id="1-1083" name="TestEnumDeep" fullname="Kaitai.SpecEnumDeep.TestEnumDeep" methodname="TestEnumDeep" classname="Kaitai.SpecEnumDeep" runstate="Runnable" seed="1077141954" result="Passed" start-time="2024-08-27T19:34:17.4840909Z" end-time="2024-08-27T19:34:17.4840909Z" duration="0.000439" asserts="2" />
      </test-suite>
      <test-suite type="TestFixture" id="1-1084" name="SpecEnumDeepLiterals" fullname="Kaitai.SpecEnumDeepLiterals" classname="Kaitai.SpecEnumDeepLiterals" runstate="Runnable" testcasecount="1" result="Passed" start-time="2024-08-27T19:34:17.4840909Z" end-time="2024-08-27T19:34:17.4840909Z" duration="0.000683" total="1" passed="1" failed="0" warnings="0" inconclusive="0" skipped="0" asserts="2">
        <test-case id="1-1085" name="TestEnumDeepLiterals" fullname="Kaitai.SpecEnumDeepLiterals.TestEnumDeepLiterals" methodname="TestEnumDeepLiterals" classname="Kaitai.SpecEnumDeepLiterals" runstate="Runnable" seed="1450311017" result="Passed" start-time="2024-08-27T19:34:17.4840909Z" end-time="2024-08-27T19:34:17.4840909Z" duration="0.000581" asserts="2" />
      </test-suite>
      <test-suite type="TestFixture" id="1-1086" name="SpecEnumFancy" fullname="Kaitai.SpecEnumFancy" classname="Kaitai.SpecEnumFancy" runstate="Runnable" testcasecount="1" result="Passed" start-time="2024-08-27T19:34:17.4840909Z" end-time="2024-08-27T19:34:17.4997169Z" duration="0.000694" total="1" passed="1" failed="0" warnings="0" inconclusive="0" skipped="0" asserts="2">
        <test-case id="1-1087" name="TestEnumFancy" fullname="Kaitai.SpecEnumFancy.TestEnumFancy" methodname="TestEnumFancy" classname="Kaitai.SpecEnumFancy" runstate="Runnable" seed="507573942" result="Passed" start-time="2024-08-27T19:34:17.4840909Z" end-time="2024-08-27T19:34:17.4997169Z" duration="0.000605" asserts="2" />
      </test-suite>
      <test-suite type="TestFixture" id="1-1088" name="SpecEnumIf" fullname="Kaitai.SpecEnumIf" classname="Kaitai.SpecEnumIf" runstate="Runnable" testcasecount="1" result="Passed" start-time="2024-08-27T19:34:17.4997169Z" end-time="2024-08-27T19:34:17.4997169Z" duration="0.001435" total="1" passed="1" failed="0" warnings="0" inconclusive="0" skipped="0" asserts="7">
        <test-case id="1-1089" name="TestEnumIf" fullname="Kaitai.SpecEnumIf.TestEnumIf" methodname="TestEnumIf" classname="Kaitai.SpecEnumIf" runstate="Runnable" seed="2033937912" result="Passed" start-time="2024-08-27T19:34:17.4997169Z" end-time="2024-08-27T19:34:17.4997169Z" duration="0.001345" asserts="7" />
      </test-suite>
      <test-suite type="TestFixture" id="1-1090" name="SpecEnumImportLiterals" fullname="Kaitai.SpecEnumImportLiterals" classname="Kaitai.SpecEnumImportLiterals" runstate="Runnable" testcasecount="1" result="Passed" start-time="2024-08-27T19:34:17.4997169Z" end-time="2024-08-27T19:34:17.4997169Z" duration="0.000650" total="1" passed="1" failed="0" warnings="0" inconclusive="0" skipped="0" asserts="3">
        <test-case id="1-1091" name="TestEnumImportLiterals" fullname="Kaitai.SpecEnumImportLiterals.TestEnumImportLiterals" methodname="TestEnumImportLiterals" classname="Kaitai.SpecEnumImportLiterals" runstate="Runnable" seed="419225133" result="Passed" start-time="2024-08-27T19:34:17.4997169Z" end-time="2024-08-27T19:34:17.4997169Z" duration="0.000560" asserts="3" />
      </test-suite>
      <test-suite type="TestFixture" id="1-1092" name="SpecEnumImportSeq" fullname="Kaitai.SpecEnumImportSeq" classname="Kaitai.SpecEnumImportSeq" runstate="Runnable" testcasecount="1" result="Passed" start-time="2024-08-27T19:34:17.4997169Z" end-time="2024-08-27T19:34:17.4997169Z" duration="0.000532" total="1" passed="1" failed="0" warnings="0" inconclusive="0" skipped="0" asserts="2">
        <test-case id="1-1093" name="TestEnumImportSeq" fullname="Kaitai.SpecEnumImportSeq.TestEnumImportSeq" methodname="TestEnumImportSeq" classname="Kaitai.SpecEnumImportSeq" runstate="Runnable" seed="1096348618" result="Passed" start-time="2024-08-27T19:34:17.4997169Z" end-time="2024-08-27T19:34:17.4997169Z" duration="0.000439" asserts="2" />
      </test-suite>
      <test-suite type="TestFixture" id="1-1094" name="SpecEnumIntRangeS" fullname="Kaitai.SpecEnumIntRangeS" classname="Kaitai.SpecEnumIntRangeS" runstate="Runnable" testcasecount="1" result="Passed" start-time="2024-08-27T19:34:17.4997169Z" end-time="2024-08-27T19:34:17.4997169Z" duration="0.000663" total="1" passed="1" failed="0" warnings="0" inconclusive="0" skipped="0" asserts="3">
        <test-case id="1-1095" name="TestEnumIntRangeS" fullname="Kaitai.SpecEnumIntRangeS.TestEnumIntRangeS" methodname="TestEnumIntRangeS" classname="Kaitai.SpecEnumIntRangeS" runstate="Runnable" seed="1599209901" result="Passed" start-time="2024-08-27T19:34:17.4997169Z" end-time="2024-08-27T19:34:17.4997169Z" duration="0.000566" asserts="3" />
      </test-suite>
      <test-suite type="TestFixture" id="1-1096" name="SpecEnumInvalid" fullname="Kaitai.SpecEnumInvalid" classname="Kaitai.SpecEnumInvalid" runstate="Runnable" testcasecount="1" result="Passed" start-time="2024-08-27T19:34:17.4997169Z" end-time="2024-08-27T19:34:17.4997169Z" duration="0.000568" total="1" passed="1" failed="0" warnings="0" inconclusive="0" skipped="0" asserts="2">
        <test-case id="1-1097" name="TestEnumInvalid" fullname="Kaitai.SpecEnumInvalid.TestEnumInvalid" methodname="TestEnumInvalid" classname="Kaitai.SpecEnumInvalid" runstate="Runnable" seed="599766057" result="Passed" start-time="2024-08-27T19:34:17.4997169Z" end-time="2024-08-27T19:34:17.4997169Z" duration="0.000478" asserts="2" />
      </test-suite>
      <test-suite type="TestFixture" id="1-1098" name="SpecEnumNegative" fullname="Kaitai.SpecEnumNegative" classname="Kaitai.SpecEnumNegative" runstate="Runnable" testcasecount="1" result="Passed" start-time="2024-08-27T19:34:17.4997169Z" end-time="2024-08-27T19:34:17.4997169Z" duration="0.000639" total="1" passed="1" failed="0" warnings="0" inconclusive="0" skipped="0" asserts="2">
        <test-case id="1-1099" name="TestEnumNegative" fullname="Kaitai.SpecEnumNegative.TestEnumNegative" methodname="TestEnumNegative" classname="Kaitai.SpecEnumNegative" runstate="Runnable" seed="515304865" result="Passed" start-time="2024-08-27T19:34:17.4997169Z" end-time="2024-08-27T19:34:17.4997169Z" duration="0.000542" asserts="2" />
      </test-suite>
      <test-suite type="TestFixture" id="1-1100" name="SpecEnumOfValueInst" fullname="Kaitai.SpecEnumOfValueInst" classname="Kaitai.SpecEnumOfValueInst" runstate="Runnable" testcasecount="1" result="Passed" start-time="2024-08-27T19:34:17.4997169Z" end-time="2024-08-27T19:34:17.4997169Z" duration="0.000743" total="1" passed="1" failed="0" warnings="0" inconclusive="0" skipped="0" asserts="4">
        <test-case id="1-1101" name="TestEnumOfValueInst" fullname="Kaitai.SpecEnumOfValueInst.TestEnumOfValueInst" methodname="TestEnumOfValueInst" classname="Kaitai.SpecEnumOfValueInst" runstate="Runnable" seed="2098757542" result="Passed" start-time="2024-08-27T19:34:17.4997169Z" end-time="2024-08-27T19:34:17.4997169Z" duration="0.000645" asserts="4" />
      </test-suite>
      <test-suite type="TestFixture" id="1-1102" name="SpecEofExceptionBytes" fullname="Kaitai.SpecEofExceptionBytes" classname="Kaitai.SpecEofExceptionBytes" runstate="Runnable" testcasecount="1" result="Passed" start-time="2024-08-27T19:34:17.4997169Z" end-time="2024-08-27T19:34:17.4997169Z" duration="0.000623" total="1" passed="1" failed="0" warnings="0" inconclusive="0" skipped="0" asserts="1">
        <test-case id="1-1103" name="TestEofExceptionBytes" fullname="Kaitai.SpecEofExceptionBytes.TestEofExceptionBytes" methodname="TestEofExceptionBytes" classname="Kaitai.SpecEofExceptionBytes" runstate="Runnable" seed="1741957894" result="Passed" start-time="2024-08-27T19:34:17.4997169Z" end-time="2024-08-27T19:34:17.4997169Z" duration="0.000529" asserts="1" />
      </test-suite>
      <test-suite type="TestFixture" id="1-1104" name="SpecEofExceptionSized" fullname="Kaitai.SpecEofExceptionSized" classname="Kaitai.SpecEofExceptionSized" runstate="Runnable" testcasecount="1" result="Passed" start-time="2024-08-27T19:34:17.4997169Z" end-time="2024-08-27T19:34:17.4997169Z" duration="0.000564" total="1" passed="1" failed="0" warnings="0" inconclusive="0" skipped="0" asserts="1">
        <test-case id="1-1105" name="TestEofExceptionSized" fullname="Kaitai.SpecEofExceptionSized.TestEofExceptionSized" methodname="TestEofExceptionSized" classname="Kaitai.SpecEofExceptionSized" runstate="Runnable" seed="246668788" result="Passed" start-time="2024-08-27T19:34:17.4997169Z" end-time="2024-08-27T19:34:17.4997169Z" duration="0.000472" asserts="1" />
      </test-suite>
      <test-suite type="TestFixture" id="1-1106" name="SpecEofExceptionU4" fullname="Kaitai.SpecEofExceptionU4" classname="Kaitai.SpecEofExceptionU4" runstate="Runnable" testcasecount="1" result="Passed" start-time="2024-08-27T19:34:17.4997169Z" end-time="2024-08-27T19:34:17.4997169Z" duration="0.000524" total="1" passed="1" failed="0" warnings="0" inconclusive="0" skipped="0" asserts="1">
        <test-case id="1-1107" name="TestEofExceptionU4" fullname="Kaitai.SpecEofExceptionU4.TestEofExceptionU4" methodname="TestEofExceptionU4" classname="Kaitai.SpecEofExceptionU4" runstate="Runnable" seed="323792178" result="Passed" start-time="2024-08-27T19:34:17.4997169Z" end-time="2024-08-27T19:34:17.4997169Z" duration="0.000432" asserts="1" />
      </test-suite>
      <test-suite type="TestFixture" id="1-1108" name="SpecEosExceptionBytes" fullname="Kaitai.SpecEosExceptionBytes" classname="Kaitai.SpecEosExceptionBytes" runstate="Runnable" testcasecount="1" result="Passed" start-time="2024-08-27T19:34:17.4997169Z" end-time="2024-08-27T19:34:17.4997169Z" duration="0.000644" total="1" passed="1" failed="0" warnings="0" inconclusive="0" skipped="0" asserts="1">
        <test-case id="1-1109" name="TestEosExceptionBytes" fullname="Kaitai.SpecEosExceptionBytes.TestEosExceptionBytes" methodname="TestEosExceptionBytes" classname="Kaitai.SpecEosExceptionBytes" runstate="Runnable" seed="2117859333" result="Passed" start-time="2024-08-27T19:34:17.4997169Z" end-time="2024-08-27T19:34:17.4997169Z" duration="0.000553" asserts="1" />
      </test-suite>
      <test-suite type="TestFixture" id="1-1110" name="SpecEosExceptionSized" fullname="Kaitai.SpecEosExceptionSized" classname="Kaitai.SpecEosExceptionSized" runstate="Runnable" testcasecount="1" result="Passed" start-time="2024-08-27T19:34:17.4997169Z" end-time="2024-08-27T19:34:17.4997169Z" duration="0.000667" total="1" passed="1" failed="0" warnings="0" inconclusive="0" skipped="0" asserts="1">
        <test-case id="1-1111" name="TestEosExceptionSized" fullname="Kaitai.SpecEosExceptionSized.TestEosExceptionSized" methodname="TestEosExceptionSized" classname="Kaitai.SpecEosExceptionSized" runstate="Runnable" seed="1531379450" result="Passed" start-time="2024-08-27T19:34:17.4997169Z" end-time="2024-08-27T19:34:17.4997169Z" duration="0.000569" asserts="1" />
      </test-suite>
      <test-suite type="TestFixture" id="1-1112" name="SpecEosExceptionU4" fullname="Kaitai.SpecEosExceptionU4" classname="Kaitai.SpecEosExceptionU4" runstate="Runnable" testcasecount="1" result="Passed" start-time="2024-08-27T19:34:17.4997169Z" end-time="2024-08-27T19:34:17.4997169Z" duration="0.000689" total="1" passed="1" failed="0" warnings="0" inconclusive="0" skipped="0" asserts="1">
        <test-case id="1-1113" name="TestEosExceptionU4" fullname="Kaitai.SpecEosExceptionU4.TestEosExceptionU4" methodname="TestEosExceptionU4" classname="Kaitai.SpecEosExceptionU4" runstate="Runnable" seed="1992841671" result="Passed" start-time="2024-08-27T19:34:17.4997169Z" end-time="2024-08-27T19:34:17.4997169Z" duration="0.000599" asserts="1" />
      </test-suite>
      <test-suite type="TestFixture" id="1-1114" name="SpecExpr0" fullname="Kaitai.SpecExpr0" classname="Kaitai.SpecExpr0" runstate="Runnable" testcasecount="1" result="Passed" start-time="2024-08-27T19:34:17.4997169Z" end-time="2024-08-27T19:34:17.4997169Z" duration="0.000555" total="1" passed="1" failed="0" warnings="0" inconclusive="0" skipped="0" asserts="2">
        <test-case id="1-1115" name="TestExpr0" fullname="Kaitai.SpecExpr0.TestExpr0" methodname="TestExpr0" classname="Kaitai.SpecExpr0" runstate="Runnable" seed="146117556" result="Passed" start-time="2024-08-27T19:34:17.4997169Z" end-time="2024-08-27T19:34:17.4997169Z" duration="0.000464" asserts="2" />
      </test-suite>
      <test-suite type="TestFixture" id="1-1116" name="SpecExpr1" fullname="Kaitai.SpecExpr1" classname="Kaitai.SpecExpr1" runstate="Runnable" testcasecount="1" result="Passed" start-time="2024-08-27T19:34:17.4997169Z" end-time="2024-08-27T19:34:17.4997169Z" duration="0.002111" total="1" passed="1" failed="0" warnings="0" inconclusive="0" skipped="0" asserts="4">
        <test-case id="1-1117" name="TestExpr1" fullname="Kaitai.SpecExpr1.TestExpr1" methodname="TestExpr1" classname="Kaitai.SpecExpr1" runstate="Runnable" seed="127725158" result="Passed" start-time="2024-08-27T19:34:17.4997169Z" end-time="2024-08-27T19:34:17.4997169Z" duration="0.002012" asserts="4" />
      </test-suite>
      <test-suite type="TestFixture" id="1-1118" name="SpecExpr2" fullname="Kaitai.SpecExpr2" classname="Kaitai.SpecExpr2" runstate="Runnable" testcasecount="1" result="Passed" start-time="2024-08-27T19:34:17.4997169Z" end-time="2024-08-27T19:34:17.4997169Z" duration="0.002492" total="1" passed="1" failed="0" warnings="0" inconclusive="0" skipped="0" asserts="17">
        <test-case id="1-1119" name="TestExpr2" fullname="Kaitai.SpecExpr2.TestExpr2" methodname="TestExpr2" classname="Kaitai.SpecExpr2" runstate="Runnable" seed="311006863" result="Passed" start-time="2024-08-27T19:34:17.4997169Z" end-time="2024-08-27T19:34:17.4997169Z" duration="0.002392" asserts="17" />
      </test-suite>
      <test-suite type="TestFixture" id="1-1120" name="SpecExpr3" fullname="Kaitai.SpecExpr3" classname="Kaitai.SpecExpr3" runstate="Runnable" testcasecount="1" result="Passed" start-time="2024-08-27T19:34:17.4997169Z" end-time="2024-08-27T19:34:17.5160664Z" duration="0.001961" total="1" passed="1" failed="0" warnings="0" inconclusive="0" skipped="0" asserts="12">
        <test-case id="1-1121" name="TestExpr3" fullname="Kaitai.SpecExpr3.TestExpr3" methodname="TestExpr3" classname="Kaitai.SpecExpr3" runstate="Runnable" seed="721215464" result="Passed" start-time="2024-08-27T19:34:17.4997169Z" end-time="2024-08-27T19:34:17.5160664Z" duration="0.001867" asserts="12" />
      </test-suite>
      <test-suite type="TestFixture" id="1-1122" name="SpecExprArray" fullname="Kaitai.SpecExprArray" classname="Kaitai.SpecExprArray" runstate="Runnable" testcasecount="1" result="Passed" start-time="2024-08-27T19:34:17.5160664Z" end-time="2024-08-27T19:34:17.5160664Z" duration="0.007998" total="1" passed="1" failed="0" warnings="0" inconclusive="0" skipped="0" asserts="15">
        <test-case id="1-1123" name="TestExprArray" fullname="Kaitai.SpecExprArray.TestExprArray" methodname="TestExprArray" classname="Kaitai.SpecExprArray" runstate="Runnable" seed="1369529389" result="Passed" start-time="2024-08-27T19:34:17.5160664Z" end-time="2024-08-27T19:34:17.5160664Z" duration="0.007897" asserts="15" />
      </test-suite>
      <test-suite type="TestFixture" id="1-1124" name="SpecExprBytesCmp" fullname="Kaitai.SpecExprBytesCmp" classname="Kaitai.SpecExprBytesCmp" runstate="Runnable" testcasecount="1" result="Passed" start-time="2024-08-27T19:34:17.5160664Z" end-time="2024-08-27T19:34:17.5160664Z" duration="0.001794" total="1" passed="1" failed="0" warnings="0" inconclusive="0" skipped="0" asserts="10">
        <test-case id="1-1125" name="TestExprBytesCmp" fullname="Kaitai.SpecExprBytesCmp.TestExprBytesCmp" methodname="TestExprBytesCmp" classname="Kaitai.SpecExprBytesCmp" runstate="Runnable" seed="693336300" result="Passed" start-time="2024-08-27T19:34:17.5160664Z" end-time="2024-08-27T19:34:17.5160664Z" duration="0.001681" asserts="10" />
      </test-suite>
      <test-suite type="TestFixture" id="1-1126" name="SpecExprBytesNonLiteral" fullname="Kaitai.SpecExprBytesNonLiteral" classname="Kaitai.SpecExprBytesNonLiteral" runstate="Runnable" testcasecount="1" result="Passed" start-time="2024-08-27T19:34:17.5160664Z" end-time="2024-08-27T19:34:17.5160664Z" duration="0.001338" total="1" passed="1" failed="0" warnings="0" inconclusive="0" skipped="0" asserts="3">
        <test-case id="1-1127" name="TestExprBytesNonLiteral" fullname="Kaitai.SpecExprBytesNonLiteral.TestExprBytesNonLiteral" methodname="TestExprBytesNonLiteral" classname="Kaitai.SpecExprBytesNonLiteral" runstate="Runnable" seed="1930255074" result="Passed" start-time="2024-08-27T19:34:17.5160664Z" end-time="2024-08-27T19:34:17.5160664Z" duration="0.001235" asserts="3" />
      </test-suite>
      <test-suite type="TestFixture" id="1-1128" name="SpecExprBytesOps" fullname="Kaitai.SpecExprBytesOps" classname="Kaitai.SpecExprBytesOps" runstate="Runnable" testcasecount="1" result="Passed" start-time="2024-08-27T19:34:17.5160664Z" end-time="2024-08-27T19:34:17.5160664Z" duration="0.002844" total="1" passed="1" failed="0" warnings="0" inconclusive="0" skipped="0" asserts="16">
        <test-case id="1-1129" name="TestExprBytesOps" fullname="Kaitai.SpecExprBytesOps.TestExprBytesOps" methodname="TestExprBytesOps" classname="Kaitai.SpecExprBytesOps" runstate="Runnable" seed="698578984" result="Passed" start-time="2024-08-27T19:34:17.5160664Z" end-time="2024-08-27T19:34:17.5160664Z" duration="0.002749" asserts="16" />
      </test-suite>
      <test-suite type="TestFixture" id="1-1130" name="SpecExprCalcArrayOps" fullname="Kaitai.SpecExprCalcArrayOps" classname="Kaitai.SpecExprCalcArrayOps" runstate="Runnable" testcasecount="1" result="Passed" start-time="2024-08-27T19:34:17.5160664Z" end-time="2024-08-27T19:34:17.5311019Z" duration="0.003495" total="1" passed="1" failed="0" warnings="0" inconclusive="0" skipped="0" asserts="18">
        <test-case id="1-1131" name="TestExprCalcArrayOps" fullname="Kaitai.SpecExprCalcArrayOps.TestExprCalcArrayOps" methodname="TestExprCalcArrayOps" classname="Kaitai.SpecExprCalcArrayOps" runstate="Runnable" seed="1984667163" result="Passed" start-time="2024-08-27T19:34:17.5160664Z" end-time="2024-08-27T19:34:17.5311019Z" duration="0.003397" asserts="18" />
      </test-suite>
      <test-suite type="TestFixture" id="1-1132" name="SpecExprEnum" fullname="Kaitai.SpecExprEnum" classname="Kaitai.SpecExprEnum" runstate="Runnable" testcasecount="1" result="Passed" start-time="2024-08-27T19:34:17.5311019Z" end-time="2024-08-27T19:34:17.5311019Z" duration="0.000759" total="1" passed="1" failed="0" warnings="0" inconclusive="0" skipped="0" asserts="3">
        <test-case id="1-1133" name="TestExprEnum" fullname="Kaitai.SpecExprEnum.TestExprEnum" methodname="TestExprEnum" classname="Kaitai.SpecExprEnum" runstate="Runnable" seed="693231878" result="Passed" start-time="2024-08-27T19:34:17.5311019Z" end-time="2024-08-27T19:34:17.5311019Z" duration="0.000666" asserts="3" />
      </test-suite>
      <test-suite type="TestFixture" id="1-1134" name="SpecExprFstring0" fullname="Kaitai.SpecExprFstring0" classname="Kaitai.SpecExprFstring0" runstate="Runnable" testcasecount="1" result="Passed" start-time="2024-08-27T19:34:17.5311019Z" end-time="2024-08-27T19:34:17.5311019Z" duration="0.001173" total="1" passed="1" failed="0" warnings="0" inconclusive="0" skipped="0" asserts="9">
        <test-case id="1-1135" name="TestExprFstring0" fullname="Kaitai.SpecExprFstring0.TestExprFstring0" methodname="TestExprFstring0" classname="Kaitai.SpecExprFstring0" runstate="Runnable" seed="738136046" result="Passed" start-time="2024-08-27T19:34:17.5311019Z" end-time="2024-08-27T19:34:17.5311019Z" duration="0.001080" asserts="9" />
      </test-suite>
      <test-suite type="TestFixture" id="1-1136" name="SpecExprIfIntOps" fullname="Kaitai.SpecExprIfIntOps" classname="Kaitai.SpecExprIfIntOps" runstate="Runnable" testcasecount="1" result="Passed" start-time="2024-08-27T19:34:17.5311019Z" end-time="2024-08-27T19:34:17.5311019Z" duration="0.001511" total="1" passed="1" failed="0" warnings="0" inconclusive="0" skipped="0" asserts="2">
        <test-case id="1-1137" name="TestExprIfIntOps" fullname="Kaitai.SpecExprIfIntOps.TestExprIfIntOps" methodname="TestExprIfIntOps" classname="Kaitai.SpecExprIfIntOps" runstate="Runnable" seed="549919410" result="Passed" start-time="2024-08-27T19:34:17.5311019Z" end-time="2024-08-27T19:34:17.5311019Z" duration="0.001417" asserts="2" />
      </test-suite>
      <test-suite type="TestFixture" id="1-1138" name="SpecExprIntDiv" fullname="Kaitai.SpecExprIntDiv" classname="Kaitai.SpecExprIntDiv" runstate="Runnable" testcasecount="1" result="Failed" site="Child" start-time="2024-08-27T19:34:17.5311019Z" end-time="2024-08-27T19:34:17.6561494Z" duration="0.125774" total="1" passed="0" failed="1" warnings="0" inconclusive="0" skipped="0" asserts="4">
        <failure>
          <message><![CDATA[One or more child tests had errors]]></message>
        </failure>
        <test-case id="1-1139" name="TestExprIntDiv" fullname="Kaitai.SpecExprIntDiv.TestExprIntDiv" methodname="TestExprIntDiv" classname="Kaitai.SpecExprIntDiv" runstate="Runnable" seed="452111630" result="Failed" start-time="2024-08-27T19:34:17.5311019Z" end-time="2024-08-27T19:34:17.6561494Z" duration="0.125561" asserts="4">
          <failure>
            <message><![CDATA[  Expected: -756
  But was:  -757
]]></message>
            <stack-trace><![CDATA[   at Kaitai.SpecExprIntDiv.TestExprIntDiv() in D:\a\ci_targets\ci_targets\tests\spec\csharp\kaitai_struct_csharp_tests\tests\SpecExprIntDiv.cs:line 18
]]></stack-trace>
          </failure>
          <assertions>
            <assertion result="Failed">
              <message><![CDATA[  Expected: -756
  But was:  -757
]]></message>
              <stack-trace><![CDATA[   at Kaitai.SpecExprIntDiv.TestExprIntDiv() in D:\a\ci_targets\ci_targets\tests\spec\csharp\kaitai_struct_csharp_tests\tests\SpecExprIntDiv.cs:line 18
]]></stack-trace>
            </assertion>
          </assertions>
        </test-case>
      </test-suite>
      <test-suite type="TestFixture" id="1-1140" name="SpecExprIoEof" fullname="Kaitai.SpecExprIoEof" classname="Kaitai.SpecExprIoEof" runstate="Runnable" testcasecount="1" result="Passed" start-time="2024-08-27T19:34:17.6561494Z" end-time="2024-08-27T19:34:17.6561494Z" duration="0.001782" total="1" passed="1" failed="0" warnings="0" inconclusive="0" skipped="0" asserts="4">
        <test-case id="1-1141" name="TestExprIoEof" fullname="Kaitai.SpecExprIoEof.TestExprIoEof" methodname="TestExprIoEof" classname="Kaitai.SpecExprIoEof" runstate="Runnable" seed="1722991458" result="Passed" start-time="2024-08-27T19:34:17.6561494Z" end-time="2024-08-27T19:34:17.6561494Z" duration="0.001609" asserts="4" />
      </test-suite>
      <test-suite type="TestFixture" id="1-1142" name="SpecExprIoPos" fullname="Kaitai.SpecExprIoPos" classname="Kaitai.SpecExprIoPos" runstate="Runnable" testcasecount="1" result="Passed" start-time="2024-08-27T19:34:17.6561494Z" end-time="2024-08-27T19:34:17.6561494Z" duration="0.001274" total="1" passed="1" failed="0" warnings="0" inconclusive="0" skipped="0" asserts="6">
        <test-case id="1-1143" name="TestExprIoPos" fullname="Kaitai.SpecExprIoPos.TestExprIoPos" methodname="TestExprIoPos" classname="Kaitai.SpecExprIoPos" runstate="Runnable" seed="1275124866" result="Passed" start-time="2024-08-27T19:34:17.6561494Z" end-time="2024-08-27T19:34:17.6561494Z" duration="0.001177" asserts="6" />
      </test-suite>
      <test-suite type="TestFixture" id="1-1144" name="SpecExprMod" fullname="Kaitai.SpecExprMod" classname="Kaitai.SpecExprMod" runstate="Runnable" testcasecount="1" result="Passed" start-time="2024-08-27T19:34:17.6561494Z" end-time="2024-08-27T19:34:17.6561494Z" duration="0.001150" total="1" passed="1" failed="0" warnings="0" inconclusive="0" skipped="0" asserts="6">
        <test-case id="1-1145" name="TestExprMod" fullname="Kaitai.SpecExprMod.TestExprMod" methodname="TestExprMod" classname="Kaitai.SpecExprMod" runstate="Runnable" seed="339543297" result="Passed" start-time="2024-08-27T19:34:17.6561494Z" end-time="2024-08-27T19:34:17.6561494Z" duration="0.001057" asserts="6" />
      </test-suite>
      <test-suite type="TestFixture" id="1-1146" name="SpecExprOpsParens" fullname="Kaitai.SpecExprOpsParens" classname="Kaitai.SpecExprOpsParens" runstate="Runnable" testcasecount="1" result="Passed" start-time="2024-08-27T19:34:17.6561494Z" end-time="2024-08-27T19:34:17.6561494Z" duration="0.001974" total="1" passed="1" failed="0" warnings="0" inconclusive="0" skipped="0" asserts="9">
        <test-case id="1-1147" name="TestExprOpsParens" fullname="Kaitai.SpecExprOpsParens.TestExprOpsParens" methodname="TestExprOpsParens" classname="Kaitai.SpecExprOpsParens" runstate="Runnable" seed="2092321456" result="Passed" start-time="2024-08-27T19:34:17.6561494Z" end-time="2024-08-27T19:34:17.6561494Z" duration="0.001877" asserts="9" />
      </test-suite>
      <test-suite type="TestFixture" id="1-1148" name="SpecExprSizeofType0" fullname="Kaitai.SpecExprSizeofType0" classname="Kaitai.SpecExprSizeofType0" runstate="Runnable" testcasecount="1" result="Passed" start-time="2024-08-27T19:34:17.6561494Z" end-time="2024-08-27T19:34:17.6561494Z" duration="0.000459" total="1" passed="1" failed="0" warnings="0" inconclusive="0" skipped="0" asserts="1">
        <test-case id="1-1149" name="TestExprSizeofType0" fullname="Kaitai.SpecExprSizeofType0.TestExprSizeofType0" methodname="TestExprSizeofType0" classname="Kaitai.SpecExprSizeofType0" runstate="Runnable" seed="922649564" result="Passed" start-time="2024-08-27T19:34:17.6561494Z" end-time="2024-08-27T19:34:17.6561494Z" duration="0.000363" asserts="1" />
      </test-suite>
      <test-suite type="TestFixture" id="1-1150" name="SpecExprSizeofType1" fullname="Kaitai.SpecExprSizeofType1" classname="Kaitai.SpecExprSizeofType1" runstate="Runnable" testcasecount="1" result="Passed" start-time="2024-08-27T19:34:17.6561494Z" end-time="2024-08-27T19:34:17.6561494Z" duration="0.000515" total="1" passed="1" failed="0" warnings="0" inconclusive="0" skipped="0" asserts="2">
        <test-case id="1-1151" name="TestExprSizeofType1" fullname="Kaitai.SpecExprSizeofType1.TestExprSizeofType1" methodname="TestExprSizeofType1" classname="Kaitai.SpecExprSizeofType1" runstate="Runnable" seed="1914491908" result="Passed" start-time="2024-08-27T19:34:17.6561494Z" end-time="2024-08-27T19:34:17.6561494Z" duration="0.000424" asserts="2" />
      </test-suite>
      <test-suite type="TestFixture" id="1-1152" name="SpecExprSizeofValue0" fullname="Kaitai.SpecExprSizeofValue0" classname="Kaitai.SpecExprSizeofValue0" runstate="Runnable" testcasecount="1" result="Passed" start-time="2024-08-27T19:34:17.6561494Z" end-time="2024-08-27T19:34:17.6561494Z" duration="0.000977" total="1" passed="1" failed="0" warnings="0" inconclusive="0" skipped="0" asserts="5">
        <test-case id="1-1153" name="TestExprSizeofValue0" fullname="Kaitai.SpecExprSizeofValue0.TestExprSizeofValue0" methodname="TestExprSizeofValue0" classname="Kaitai.SpecExprSizeofValue0" runstate="Runnable" seed="986772587" result="Passed" start-time="2024-08-27T19:34:17.6561494Z" end-time="2024-08-27T19:34:17.6561494Z" duration="0.000876" asserts="5" />
      </test-suite>
      <test-suite type="TestFixture" id="1-1154" name="SpecExprSizeofValueSized" fullname="Kaitai.SpecExprSizeofValueSized" classname="Kaitai.SpecExprSizeofValueSized" runstate="Runnable" testcasecount="1" result="Passed" start-time="2024-08-27T19:34:17.6561494Z" end-time="2024-08-27T19:34:17.6717742Z" duration="0.001013" total="1" passed="1" failed="0" warnings="0" inconclusive="0" skipped="0" asserts="5">
        <test-case id="1-1155" name="TestExprSizeofValueSized" fullname="Kaitai.SpecExprSizeofValueSized.TestExprSizeofValueSized" methodname="TestExprSizeofValueSized" classname="Kaitai.SpecExprSizeofValueSized" runstate="Runnable" seed="9808185" result="Passed" start-time="2024-08-27T19:34:17.6561494Z" end-time="2024-08-27T19:34:17.6717742Z" duration="0.000919" asserts="5" />
      </test-suite>
      <test-suite type="TestFixture" id="1-1156" name="SpecExprStrEncodings" fullname="Kaitai.SpecExprStrEncodings" classname="Kaitai.SpecExprStrEncodings" runstate="Runnable" testcasecount="1" result="Passed" start-time="2024-08-27T19:34:17.6717742Z" end-time="2024-08-27T19:34:17.6717742Z" duration="0.002273" total="1" passed="1" failed="0" warnings="0" inconclusive="0" skipped="0" asserts="7">
        <test-case id="1-1157" name="TestExprStrEncodings" fullname="Kaitai.SpecExprStrEncodings.TestExprStrEncodings" methodname="TestExprStrEncodings" classname="Kaitai.SpecExprStrEncodings" runstate="Runnable" seed="1849062295" result="Passed" start-time="2024-08-27T19:34:17.6717742Z" end-time="2024-08-27T19:34:17.6717742Z" duration="0.002179" asserts="7" />
      </test-suite>
      <test-suite type="TestFixture" id="1-1158" name="SpecExprStrOps" fullname="Kaitai.SpecExprStrOps" classname="Kaitai.SpecExprStrOps" runstate="Runnable" testcasecount="1" result="Passed" start-time="2024-08-27T19:34:17.6717742Z" end-time="2024-08-27T19:34:17.6717742Z" duration="0.001914" total="1" passed="1" failed="0" warnings="0" inconclusive="0" skipped="0" asserts="18">
        <test-case id="1-1159" name="TestExprStrOps" fullname="Kaitai.SpecExprStrOps.TestExprStrOps" methodname="TestExprStrOps" classname="Kaitai.SpecExprStrOps" runstate="Runnable" seed="1710228745" result="Passed" start-time="2024-08-27T19:34:17.6717742Z" end-time="2024-08-27T19:34:17.6717742Z" duration="0.001819" asserts="18" />
      </test-suite>
      <test-suite type="TestFixture" id="1-1160" name="SpecExprToITrailing" fullname="Kaitai.SpecExprToITrailing" classname="Kaitai.SpecExprToITrailing" runstate="Runnable" testcasecount="1" result="Passed" start-time="2024-08-27T19:34:17.6717742Z" end-time="2024-08-27T19:34:17.6717742Z" duration="0.002088" total="1" passed="1" failed="0" warnings="0" inconclusive="0" skipped="0" asserts="3">
        <test-case id="1-1161" name="TestExprToITrailing" fullname="Kaitai.SpecExprToITrailing.TestExprToITrailing" methodname="TestExprToITrailing" classname="Kaitai.SpecExprToITrailing" runstate="Runnable" seed="1137547372" result="Passed" start-time="2024-08-27T19:34:17.6717742Z" end-time="2024-08-27T19:34:17.6717742Z" duration="0.001991" asserts="3" />
      </test-suite>
      <test-suite type="TestFixture" id="1-1162" name="SpecFixedContents" fullname="Kaitai.SpecFixedContents" classname="Kaitai.SpecFixedContents" runstate="Runnable" testcasecount="1" result="Passed" start-time="2024-08-27T19:34:17.6717742Z" end-time="2024-08-27T19:34:17.6717742Z" duration="0.000758" total="1" passed="1" failed="0" warnings="0" inconclusive="0" skipped="0" asserts="0">
        <test-case id="1-1163" name="TestFixedContents" fullname="Kaitai.SpecFixedContents.TestFixedContents" methodname="TestFixedContents" classname="Kaitai.SpecFixedContents" runstate="Runnable" seed="178907" result="Passed" start-time="2024-08-27T19:34:17.6717742Z" end-time="2024-08-27T19:34:17.6717742Z" duration="0.000654" asserts="0" />
      </test-suite>
      <test-suite type="TestFixture" id="1-1164" name="SpecFixedStruct" fullname="Kaitai.SpecFixedStruct" classname="Kaitai.SpecFixedStruct" runstate="Runnable" testcasecount="1" result="Passed" start-time="2024-08-27T19:34:17.6717742Z" end-time="2024-08-27T19:34:17.6717742Z" duration="0.003408" total="1" passed="1" failed="0" warnings="0" inconclusive="0" skipped="0" asserts="20">
        <test-case id="1-1165" name="TestFixedStruct" fullname="Kaitai.SpecFixedStruct.TestFixedStruct" methodname="TestFixedStruct" classname="Kaitai.SpecFixedStruct" runstate="Runnable" seed="1073607390" result="Passed" start-time="2024-08-27T19:34:17.6717742Z" end-time="2024-08-27T19:34:17.6717742Z" duration="0.003304" asserts="20" />
      </test-suite>
      <test-suite type="TestFixture" id="1-1168" name="SpecFloatingPoints" fullname="Kaitai.SpecFloatingPoints" classname="Kaitai.SpecFloatingPoints" runstate="Runnable" testcasecount="1" result="Passed" start-time="2024-08-27T19:34:17.6717742Z" end-time="2024-08-27T19:34:17.6717742Z" duration="0.001099" total="1" passed="1" failed="0" warnings="0" inconclusive="0" skipped="0" asserts="8">
        <test-case id="1-1169" name="TestFloatingPoints" fullname="Kaitai.SpecFloatingPoints.TestFloatingPoints" methodname="TestFloatingPoints" classname="Kaitai.SpecFloatingPoints" runstate="Runnable" seed="1717314781" result="Passed" start-time="2024-08-27T19:34:17.6717742Z" end-time="2024-08-27T19:34:17.6717742Z" duration="0.001001" asserts="8" />
      </test-suite>
      <test-suite type="TestFixture" id="1-1166" name="SpecFloatToI" fullname="Kaitai.SpecFloatToI" classname="Kaitai.SpecFloatToI" runstate="Runnable" testcasecount="1" result="Passed" start-time="2024-08-27T19:34:17.6717742Z" end-time="2024-08-27T19:34:17.6717742Z" duration="0.001204" total="1" passed="1" failed="0" warnings="0" inconclusive="0" skipped="0" asserts="8">
        <test-case id="1-1167" name="TestFloatToI" fullname="Kaitai.SpecFloatToI.TestFloatToI" methodname="TestFloatToI" classname="Kaitai.SpecFloatToI" runstate="Runnable" seed="557797263" result="Passed" start-time="2024-08-27T19:34:17.6717742Z" end-time="2024-08-27T19:34:17.6717742Z" duration="0.001111" asserts="8" />
      </test-suite>
      <test-suite type="TestFixture" id="1-1170" name="SpecHelloWorld" fullname="Kaitai.SpecHelloWorld" classname="Kaitai.SpecHelloWorld" runstate="Runnable" testcasecount="1" result="Passed" start-time="2024-08-27T19:34:17.6717742Z" end-time="2024-08-27T19:34:17.6717742Z" duration="0.000467" total="1" passed="1" failed="0" warnings="0" inconclusive="0" skipped="0" asserts="1">
        <test-case id="1-1171" name="TestHelloWorld" fullname="Kaitai.SpecHelloWorld.TestHelloWorld" methodname="TestHelloWorld" classname="Kaitai.SpecHelloWorld" runstate="Runnable" seed="424184441" result="Passed" start-time="2024-08-27T19:34:17.6717742Z" end-time="2024-08-27T19:34:17.6717742Z" duration="0.000372" asserts="1" />
      </test-suite>
      <test-suite type="TestFixture" id="1-1172" name="SpecIfInstances" fullname="Kaitai.SpecIfInstances" classname="Kaitai.SpecIfInstances" runstate="Runnable" testcasecount="1" result="Passed" start-time="2024-08-27T19:34:17.6717742Z" end-time="2024-08-27T19:34:17.6717742Z" duration="0.000443" total="1" passed="1" failed="0" warnings="0" inconclusive="0" skipped="0" asserts="1">
        <test-case id="1-1173" name="TestIfInstances" fullname="Kaitai.SpecIfInstances.TestIfInstances" methodname="TestIfInstances" classname="Kaitai.SpecIfInstances" runstate="Runnable" seed="2074095066" result="Passed" start-time="2024-08-27T19:34:17.6717742Z" end-time="2024-08-27T19:34:17.6717742Z" duration="0.000352" asserts="1" />
      </test-suite>
      <test-suite type="TestFixture" id="1-1174" name="SpecIfStruct" fullname="Kaitai.SpecIfStruct" classname="Kaitai.SpecIfStruct" runstate="Runnable" testcasecount="1" result="Passed" start-time="2024-08-27T19:34:17.6717742Z" end-time="2024-08-27T19:34:17.6874018Z" duration="0.001560" total="1" passed="1" failed="0" warnings="0" inconclusive="0" skipped="0" asserts="7">
        <test-case id="1-1175" name="TestIfStruct" fullname="Kaitai.SpecIfStruct.TestIfStruct" methodname="TestIfStruct" classname="Kaitai.SpecIfStruct" runstate="Runnable" seed="1795673235" result="Passed" start-time="2024-08-27T19:34:17.6717742Z" end-time="2024-08-27T19:34:17.6874018Z" duration="0.001469" asserts="7" />
      </test-suite>
      <test-suite type="TestFixture" id="1-1176" name="SpecIfValues" fullname="Kaitai.SpecIfValues" classname="Kaitai.SpecIfValues" runstate="Runnable" testcasecount="1" result="Passed" start-time="2024-08-27T19:34:17.6874018Z" end-time="2024-08-27T19:34:17.6874018Z" duration="0.001131" total="1" passed="1" failed="0" warnings="0" inconclusive="0" skipped="0" asserts="6">
        <test-case id="1-1177" name="TestIfValues" fullname="Kaitai.SpecIfValues.TestIfValues" methodname="TestIfValues" classname="Kaitai.SpecIfValues" runstate="Runnable" seed="1167900369" result="Passed" start-time="2024-08-27T19:34:17.6874018Z" end-time="2024-08-27T19:34:17.6874018Z" duration="0.001039" asserts="6" />
      </test-suite>
      <test-suite type="TestFixture" id="1-1178" name="SpecImports0" fullname="Kaitai.SpecImports0" classname="Kaitai.SpecImports0" runstate="Runnable" testcasecount="1" result="Passed" start-time="2024-08-27T19:34:17.6874018Z" end-time="2024-08-27T19:34:17.6874018Z" duration="0.000677" total="1" passed="1" failed="0" warnings="0" inconclusive="0" skipped="0" asserts="3">
        <test-case id="1-1179" name="TestImports0" fullname="Kaitai.SpecImports0.TestImports0" methodname="TestImports0" classname="Kaitai.SpecImports0" runstate="Runnable" seed="761494314" result="Passed" start-time="2024-08-27T19:34:17.6874018Z" end-time="2024-08-27T19:34:17.6874018Z" duration="0.000582" asserts="3" />
      </test-suite>
      <test-suite type="TestFixture" id="1-1180" name="SpecImportsAbs" fullname="Kaitai.SpecImportsAbs" classname="Kaitai.SpecImportsAbs" runstate="Runnable" testcasecount="1" result="Passed" start-time="2024-08-27T19:34:17.6874018Z" end-time="2024-08-27T19:34:17.6874018Z" duration="0.001791" total="1" passed="1" failed="0" warnings="0" inconclusive="0" skipped="0" asserts="2">
        <test-case id="1-1181" name="TestImportsAbs" fullname="Kaitai.SpecImportsAbs.TestImportsAbs" methodname="TestImportsAbs" classname="Kaitai.SpecImportsAbs" runstate="Runnable" seed="2136928618" result="Passed" start-time="2024-08-27T19:34:17.6874018Z" end-time="2024-08-27T19:34:17.6874018Z" duration="0.001698" asserts="2" />
      </test-suite>
      <test-suite type="TestFixture" id="1-1182" name="SpecImportsAbsAbs" fullname="Kaitai.SpecImportsAbsAbs" classname="Kaitai.SpecImportsAbsAbs" runstate="Runnable" testcasecount="1" result="Passed" start-time="2024-08-27T19:34:17.6874018Z" end-time="2024-08-27T19:34:17.6874018Z" duration="0.000921" total="1" passed="1" failed="0" warnings="0" inconclusive="0" skipped="0" asserts="3">
        <test-case id="1-1183" name="TestImportsAbsAbs" fullname="Kaitai.SpecImportsAbsAbs.TestImportsAbsAbs" methodname="TestImportsAbsAbs" classname="Kaitai.SpecImportsAbsAbs" runstate="Runnable" seed="1820033629" result="Passed" start-time="2024-08-27T19:34:17.6874018Z" end-time="2024-08-27T19:34:17.6874018Z" duration="0.000824" asserts="3" />
      </test-suite>
      <test-suite type="TestFixture" id="1-1184" name="SpecImportsAbsRel" fullname="Kaitai.SpecImportsAbsRel" classname="Kaitai.SpecImportsAbsRel" runstate="Runnable" testcasecount="1" result="Passed" start-time="2024-08-27T19:34:17.6874018Z" end-time="2024-08-27T19:34:17.6874018Z" duration="0.001347" total="1" passed="1" failed="0" warnings="0" inconclusive="0" skipped="0" asserts="3">
        <test-case id="1-1185" name="TestImportsAbsRel" fullname="Kaitai.SpecImportsAbsRel.TestImportsAbsRel" methodname="TestImportsAbsRel" classname="Kaitai.SpecImportsAbsRel" runstate="Runnable" seed="171851666" result="Passed" start-time="2024-08-27T19:34:17.6874018Z" end-time="2024-08-27T19:34:17.6874018Z" duration="0.001249" asserts="3" />
      </test-suite>
      <test-suite type="TestFixture" id="1-1186" name="SpecImportsCastToImported" fullname="Kaitai.SpecImportsCastToImported" classname="Kaitai.SpecImportsCastToImported" runstate="Runnable" testcasecount="1" result="Passed" start-time="2024-08-27T19:34:17.6874018Z" end-time="2024-08-27T19:34:17.6874018Z" duration="0.000805" total="1" passed="1" failed="0" warnings="0" inconclusive="0" skipped="0" asserts="2">
        <test-case id="1-1187" name="TestImportsCastToImported" fullname="Kaitai.SpecImportsCastToImported.TestImportsCastToImported" methodname="TestImportsCastToImported" classname="Kaitai.SpecImportsCastToImported" runstate="Runnable" seed="1666490497" result="Passed" start-time="2024-08-27T19:34:17.6874018Z" end-time="2024-08-27T19:34:17.6874018Z" duration="0.000710" asserts="2" />
      </test-suite>
      <test-suite type="TestFixture" id="1-1188" name="SpecImportsCastToImported2" fullname="Kaitai.SpecImportsCastToImported2" classname="Kaitai.SpecImportsCastToImported2" runstate="Runnable" testcasecount="1" result="Passed" start-time="2024-08-27T19:34:17.6874018Z" end-time="2024-08-27T19:34:17.6874018Z" duration="0.000777" total="1" passed="1" failed="0" warnings="0" inconclusive="0" skipped="0" asserts="2">
        <test-case id="1-1189" name="TestImportsCastToImported2" fullname="Kaitai.SpecImportsCastToImported2.TestImportsCastToImported2" methodname="TestImportsCastToImported2" classname="Kaitai.SpecImportsCastToImported2" runstate="Runnable" seed="1624433187" result="Passed" start-time="2024-08-27T19:34:17.6874018Z" end-time="2024-08-27T19:34:17.6874018Z" duration="0.000681" asserts="2" />
      </test-suite>
      <test-suite type="TestFixture" id="1-1190" name="SpecImportsCircularA" fullname="Kaitai.SpecImportsCircularA" classname="Kaitai.SpecImportsCircularA" runstate="Runnable" testcasecount="1" result="Passed" start-time="2024-08-27T19:34:17.6874018Z" end-time="2024-08-27T19:34:17.6874018Z" duration="0.000841" total="1" passed="1" failed="0" warnings="0" inconclusive="0" skipped="0" asserts="5">
        <test-case id="1-1191" name="TestImportsCircularA" fullname="Kaitai.SpecImportsCircularA.TestImportsCircularA" methodname="TestImportsCircularA" classname="Kaitai.SpecImportsCircularA" runstate="Runnable" seed="796551602" result="Passed" start-time="2024-08-27T19:34:17.6874018Z" end-time="2024-08-27T19:34:17.6874018Z" duration="0.000748" asserts="5" />
      </test-suite>
      <test-suite type="TestFixture" id="1-1192" name="SpecImportsParamsDefArrayUsertypeImported" fullname="Kaitai.SpecImportsParamsDefArrayUsertypeImported" classname="Kaitai.SpecImportsParamsDefArrayUsertypeImported" runstate="Runnable" testcasecount="1" result="Passed" start-time="2024-08-27T19:34:17.6874018Z" end-time="2024-08-27T19:34:17.6874018Z" duration="0.001192" total="1" passed="1" failed="0" warnings="0" inconclusive="0" skipped="0" asserts="5">
        <test-case id="1-1193" name="TestImportsParamsDefArrayUsertypeImported" fullname="Kaitai.SpecImportsParamsDefArrayUsertypeImported.TestImportsParamsDefArrayUsertypeImported" methodname="TestImportsParamsDefArrayUsertypeImported" classname="Kaitai.SpecImportsParamsDefArrayUsertypeImported" runstate="Runnable" seed="1303220632" result="Passed" start-time="2024-08-27T19:34:17.6874018Z" end-time="2024-08-27T19:34:17.6874018Z" duration="0.001090" asserts="5" />
      </test-suite>
      <test-suite type="TestFixture" id="1-1194" name="SpecImportsParamsDefEnumImported" fullname="Kaitai.SpecImportsParamsDefEnumImported" classname="Kaitai.SpecImportsParamsDefEnumImported" runstate="Runnable" testcasecount="1" result="Passed" start-time="2024-08-27T19:34:17.6874018Z" end-time="2024-08-27T19:34:17.6874018Z" duration="0.000857" total="1" passed="1" failed="0" warnings="0" inconclusive="0" skipped="0" asserts="4">
        <test-case id="1-1195" name="TestImportsParamsDefEnumImported" fullname="Kaitai.SpecImportsParamsDefEnumImported.TestImportsParamsDefEnumImported" methodname="TestImportsParamsDefEnumImported" classname="Kaitai.SpecImportsParamsDefEnumImported" runstate="Runnable" seed="995819769" result="Passed" start-time="2024-08-27T19:34:17.6874018Z" end-time="2024-08-27T19:34:17.6874018Z" duration="0.000759" asserts="4" />
      </test-suite>
      <test-suite type="TestFixture" id="1-1196" name="SpecImportsParamsDefUsertypeImported" fullname="Kaitai.SpecImportsParamsDefUsertypeImported" classname="Kaitai.SpecImportsParamsDefUsertypeImported" runstate="Runnable" testcasecount="1" result="Passed" start-time="2024-08-27T19:34:17.6874018Z" end-time="2024-08-27T19:34:17.6874018Z" duration="0.000768" total="1" passed="1" failed="0" warnings="0" inconclusive="0" skipped="0" asserts="2">
        <test-case id="1-1197" name="TestImportsParamsDefUsertypeImported" fullname="Kaitai.SpecImportsParamsDefUsertypeImported.TestImportsParamsDefUsertypeImported" methodname="TestImportsParamsDefUsertypeImported" classname="Kaitai.SpecImportsParamsDefUsertypeImported" runstate="Runnable" seed="1714794210" result="Passed" start-time="2024-08-27T19:34:17.6874018Z" end-time="2024-08-27T19:34:17.6874018Z" duration="0.000677" asserts="2" />
      </test-suite>
      <test-suite type="TestFixture" id="1-1198" name="SpecImportsRel1" fullname="Kaitai.SpecImportsRel1" classname="Kaitai.SpecImportsRel1" runstate="Runnable" testcasecount="1" result="Passed" start-time="2024-08-27T19:34:17.6874018Z" end-time="2024-08-27T19:34:17.6874018Z" duration="0.000876" total="1" passed="1" failed="0" warnings="0" inconclusive="0" skipped="0" asserts="3">
[...]
      </test-suite>
      <test-suite type="TestFixture" id="1-1452" name="SpecValidFailEqInt" fullname="Kaitai.SpecValidFailEqInt" classname="Kaitai.SpecValidFailEqInt" runstate="Runnable" testcasecount="1" result="Passed" start-time="2024-08-27T19:34:17.8437401Z" end-time="2024-08-27T19:34:17.8437401Z" duration="0.000759" total="1" passed="1" failed="0" warnings="0" inconclusive="0" skipped="0" asserts="1">
        <test-case id="1-1453" name="TestValidFailEqInt" fullname="Kaitai.SpecValidFailEqInt.TestValidFailEqInt" methodname="TestValidFailEqInt" classname="Kaitai.SpecValidFailEqInt" runstate="Runnable" seed="667451343" result="Passed" start-time="2024-08-27T19:34:17.8437401Z" end-time="2024-08-27T19:34:17.8437401Z" duration="0.000662" asserts="1" />
      </test-suite>
      <test-suite type="TestFixture" id="1-1454" name="SpecValidFailEqStr" fullname="Kaitai.SpecValidFailEqStr" classname="Kaitai.SpecValidFailEqStr" runstate="Runnable" testcasecount="1" result="Passed" start-time="2024-08-27T19:34:17.8437401Z" end-time="2024-08-27T19:34:17.8437401Z" duration="0.000639" total="1" passed="1" failed="0" warnings="0" inconclusive="0" skipped="0" asserts="1">
        <test-case id="1-1455" name="TestValidFailEqStr" fullname="Kaitai.SpecValidFailEqStr.TestValidFailEqStr" methodname="TestValidFailEqStr" classname="Kaitai.SpecValidFailEqStr" runstate="Runnable" seed="832802815" result="Passed" start-time="2024-08-27T19:34:17.8437401Z" end-time="2024-08-27T19:34:17.8437401Z" duration="0.000541" asserts="1" />
      </test-suite>
      <test-suite type="TestFixture" id="1-1456" name="SpecValidFailExpr" fullname="Kaitai.SpecValidFailExpr" classname="Kaitai.SpecValidFailExpr" runstate="Runnable" testcasecount="1" result="Passed" start-time="2024-08-27T19:34:17.8437401Z" end-time="2024-08-27T19:34:17.8437401Z" duration="0.000843" total="1" passed="1" failed="0" warnings="0" inconclusive="0" skipped="0" asserts="1">
        <test-case id="1-1457" name="TestValidFailExpr" fullname="Kaitai.SpecValidFailExpr.TestValidFailExpr" methodname="TestValidFailExpr" classname="Kaitai.SpecValidFailExpr" runstate="Runnable" seed="2036030251" result="Passed" start-time="2024-08-27T19:34:17.8437401Z" end-time="2024-08-27T19:34:17.8437401Z" duration="0.000746" asserts="1" />
      </test-suite>
      <test-suite type="TestFixture" id="1-1458" name="SpecValidFailInEnum" fullname="Kaitai.SpecValidFailInEnum" classname="Kaitai.SpecValidFailInEnum" runstate="Runnable" testcasecount="1" result="Passed" start-time="2024-08-27T19:34:17.8437401Z" end-time="2024-08-27T19:34:17.8437401Z" duration="0.000808" total="1" passed="1" failed="0" warnings="0" inconclusive="0" skipped="0" asserts="1">
        <test-case id="1-1459" name="TestValidFailInEnum" fullname="Kaitai.SpecValidFailInEnum.TestValidFailInEnum" methodname="TestValidFailInEnum" classname="Kaitai.SpecValidFailInEnum" runstate="Runnable" seed="862798209" result="Passed" start-time="2024-08-27T19:34:17.8437401Z" end-time="2024-08-27T19:34:17.8437401Z" duration="0.000714" asserts="1" />
      </test-suite>
      <test-suite type="TestFixture" id="1-1460" name="SpecValidFailInst" fullname="Kaitai.SpecValidFailInst" classname="Kaitai.SpecValidFailInst" runstate="Runnable" testcasecount="1" result="Passed" start-time="2024-08-27T19:34:17.8437401Z" end-time="2024-08-27T19:34:17.8437401Z" duration="0.001908" total="1" passed="1" failed="0" warnings="0" inconclusive="0" skipped="0" asserts="1">
        <test-case id="1-1461" name="TestValidFailInst" fullname="Kaitai.SpecValidFailInst.TestValidFailInst" methodname="TestValidFailInst" classname="Kaitai.SpecValidFailInst" runstate="Runnable" seed="965613457" result="Passed" start-time="2024-08-27T19:34:17.8437401Z" end-time="2024-08-27T19:34:17.8437401Z" duration="0.001811" asserts="1" />
      </test-suite>
      <test-suite type="TestFixture" id="1-1462" name="SpecValidFailMaxInt" fullname="Kaitai.SpecValidFailMaxInt" classname="Kaitai.SpecValidFailMaxInt" runstate="Runnable" testcasecount="1" result="Passed" start-time="2024-08-27T19:34:17.8437401Z" end-time="2024-08-27T19:34:17.8437401Z" duration="0.000806" total="1" passed="1" failed="0" warnings="0" inconclusive="0" skipped="0" asserts="1">
        <test-case id="1-1463" name="TestValidFailMaxInt" fullname="Kaitai.SpecValidFailMaxInt.TestValidFailMaxInt" methodname="TestValidFailMaxInt" classname="Kaitai.SpecValidFailMaxInt" runstate="Runnable" seed="1001363981" result="Passed" start-time="2024-08-27T19:34:17.8437401Z" end-time="2024-08-27T19:34:17.8437401Z" duration="0.000709" asserts="1" />
      </test-suite>
      <test-suite type="TestFixture" id="1-1464" name="SpecValidFailMinInt" fullname="Kaitai.SpecValidFailMinInt" classname="Kaitai.SpecValidFailMinInt" runstate="Runnable" testcasecount="1" result="Passed" start-time="2024-08-27T19:34:17.8437401Z" end-time="2024-08-27T19:34:17.8437401Z" duration="0.000796" total="1" passed="1" failed="0" warnings="0" inconclusive="0" skipped="0" asserts="1">
        <test-case id="1-1465" name="TestValidFailMinInt" fullname="Kaitai.SpecValidFailMinInt.TestValidFailMinInt" methodname="TestValidFailMinInt" classname="Kaitai.SpecValidFailMinInt" runstate="Runnable" seed="1924901954" result="Passed" start-time="2024-08-27T19:34:17.8437401Z" end-time="2024-08-27T19:34:17.8437401Z" duration="0.000695" asserts="1" />
      </test-suite>
      <test-suite type="TestFixture" id="1-1466" name="SpecValidFailRangeBytes" fullname="Kaitai.SpecValidFailRangeBytes" classname="Kaitai.SpecValidFailRangeBytes" runstate="Runnable" testcasecount="1" result="Passed" start-time="2024-08-27T19:34:17.8437401Z" end-time="2024-08-27T19:34:17.8437401Z" duration="0.000791" total="1" passed="1" failed="0" warnings="0" inconclusive="0" skipped="0" asserts="1">
        <test-case id="1-1467" name="TestValidFailRangeBytes" fullname="Kaitai.SpecValidFailRangeBytes.TestValidFailRangeBytes" methodname="TestValidFailRangeBytes" classname="Kaitai.SpecValidFailRangeBytes" runstate="Runnable" seed="1281654374" result="Passed" start-time="2024-08-27T19:34:17.8437401Z" end-time="2024-08-27T19:34:17.8437401Z" duration="0.000696" asserts="1" />
      </test-suite>
      <test-suite type="TestFixture" id="1-1468" name="SpecValidFailRangeFloat" fullname="Kaitai.SpecValidFailRangeFloat" classname="Kaitai.SpecValidFailRangeFloat" runstate="Runnable" testcasecount="1" result="Passed" start-time="2024-08-27T19:34:17.8437401Z" end-time="2024-08-27T19:34:17.8437401Z" duration="0.000675" total="1" passed="1" failed="0" warnings="0" inconclusive="0" skipped="0" asserts="1">
        <test-case id="1-1469" name="TestValidFailRangeFloat" fullname="Kaitai.SpecValidFailRangeFloat.TestValidFailRangeFloat" methodname="TestValidFailRangeFloat" classname="Kaitai.SpecValidFailRangeFloat" runstate="Runnable" seed="1065543433" result="Passed" start-time="2024-08-27T19:34:17.8437401Z" end-time="2024-08-27T19:34:17.8437401Z" duration="0.000584" asserts="1" />
      </test-suite>
      <test-suite type="TestFixture" id="1-1470" name="SpecValidFailRangeInt" fullname="Kaitai.SpecValidFailRangeInt" classname="Kaitai.SpecValidFailRangeInt" runstate="Runnable" testcasecount="1" result="Passed" start-time="2024-08-27T19:34:17.8437401Z" end-time="2024-08-27T19:34:17.8437401Z" duration="0.000658" total="1" passed="1" failed="0" warnings="0" inconclusive="0" skipped="0" asserts="1">
        <test-case id="1-1471" name="TestValidFailRangeInt" fullname="Kaitai.SpecValidFailRangeInt.TestValidFailRangeInt" methodname="TestValidFailRangeInt" classname="Kaitai.SpecValidFailRangeInt" runstate="Runnable" seed="1233298880" result="Passed" start-time="2024-08-27T19:34:17.8437401Z" end-time="2024-08-27T19:34:17.8437401Z" duration="0.000561" asserts="1" />
      </test-suite>
      <test-suite type="TestFixture" id="1-1472" name="SpecValidFailRangeStr" fullname="Kaitai.SpecValidFailRangeStr" classname="Kaitai.SpecValidFailRangeStr" runstate="Runnable" testcasecount="1" result="Passed" start-time="2024-08-27T19:34:17.8437401Z" end-time="2024-08-27T19:34:17.8437401Z" duration="0.000674" total="1" passed="1" failed="0" warnings="0" inconclusive="0" skipped="0" asserts="1">
        <test-case id="1-1473" name="TestValidFailRangeStr" fullname="Kaitai.SpecValidFailRangeStr.TestValidFailRangeStr" methodname="TestValidFailRangeStr" classname="Kaitai.SpecValidFailRangeStr" runstate="Runnable" seed="1930378107" result="Passed" start-time="2024-08-27T19:34:17.8437401Z" end-time="2024-08-27T19:34:17.8437401Z" duration="0.000577" asserts="1" />
      </test-suite>
      <test-suite type="TestFixture" id="1-1474" name="SpecValidFailRepeatAnyofInt" fullname="Kaitai.SpecValidFailRepeatAnyofInt" classname="Kaitai.SpecValidFailRepeatAnyofInt" runstate="Runnable" testcasecount="1" result="Passed" start-time="2024-08-27T19:34:17.8437401Z" end-time="2024-08-27T19:34:17.8593565Z" duration="0.000718" total="1" passed="1" failed="0" warnings="0" inconclusive="0" skipped="0" asserts="1">
        <test-case id="1-1475" name="TestValidFailRepeatAnyofInt" fullname="Kaitai.SpecValidFailRepeatAnyofInt.TestValidFailRepeatAnyofInt" methodname="TestValidFailRepeatAnyofInt" classname="Kaitai.SpecValidFailRepeatAnyofInt" runstate="Runnable" seed="1668310790" result="Passed" start-time="2024-08-27T19:34:17.8437401Z" end-time="2024-08-27T19:34:17.8437401Z" duration="0.000599" asserts="1" />
      </test-suite>
      <test-suite type="TestFixture" id="1-1476" name="SpecValidFailRepeatContents" fullname="Kaitai.SpecValidFailRepeatContents" classname="Kaitai.SpecValidFailRepeatContents" runstate="Runnable" testcasecount="1" result="Passed" start-time="2024-08-27T19:34:17.8593565Z" end-time="2024-08-27T19:34:17.8593565Z" duration="0.000754" total="1" passed="1" failed="0" warnings="0" inconclusive="0" skipped="0" asserts="1">
        <test-case id="1-1477" name="TestValidFailRepeatContents" fullname="Kaitai.SpecValidFailRepeatContents.TestValidFailRepeatContents" methodname="TestValidFailRepeatContents" classname="Kaitai.SpecValidFailRepeatContents" runstate="Runnable" seed="855748850" result="Passed" start-time="2024-08-27T19:34:17.8593565Z" end-time="2024-08-27T19:34:17.8593565Z" duration="0.000639" asserts="1" />
      </test-suite>
      <test-suite type="TestFixture" id="1-1478" name="SpecValidFailRepeatEqInt" fullname="Kaitai.SpecValidFailRepeatEqInt" classname="Kaitai.SpecValidFailRepeatEqInt" runstate="Runnable" testcasecount="1" result="Passed" start-time="2024-08-27T19:34:17.8593565Z" end-time="2024-08-27T19:34:17.8593565Z" duration="0.000664" total="1" passed="1" failed="0" warnings="0" inconclusive="0" skipped="0" asserts="1">
        <test-case id="1-1479" name="TestValidFailRepeatEqInt" fullname="Kaitai.SpecValidFailRepeatEqInt.TestValidFailRepeatEqInt" methodname="TestValidFailRepeatEqInt" classname="Kaitai.SpecValidFailRepeatEqInt" runstate="Runnable" seed="939972987" result="Passed" start-time="2024-08-27T19:34:17.8593565Z" end-time="2024-08-27T19:34:17.8593565Z" duration="0.000568" asserts="1" />
      </test-suite>
      <test-suite type="TestFixture" id="1-1480" name="SpecValidFailRepeatExpr" fullname="Kaitai.SpecValidFailRepeatExpr" classname="Kaitai.SpecValidFailRepeatExpr" runstate="Runnable" testcasecount="1" result="Passed" start-time="2024-08-27T19:34:17.8593565Z" end-time="2024-08-27T19:34:17.8593565Z" duration="0.000712" total="1" passed="1" failed="0" warnings="0" inconclusive="0" skipped="0" asserts="1">
        <test-case id="1-1481" name="TestValidFailRepeatExpr" fullname="Kaitai.SpecValidFailRepeatExpr.TestValidFailRepeatExpr" methodname="TestValidFailRepeatExpr" classname="Kaitai.SpecValidFailRepeatExpr" runstate="Runnable" seed="1919661957" result="Passed" start-time="2024-08-27T19:34:17.8593565Z" end-time="2024-08-27T19:34:17.8593565Z" duration="0.000617" asserts="1" />
      </test-suite>
      <test-suite type="TestFixture" id="1-1482" name="SpecValidFailRepeatInst" fullname="Kaitai.SpecValidFailRepeatInst" classname="Kaitai.SpecValidFailRepeatInst" runstate="Runnable" testcasecount="1" result="Passed" start-time="2024-08-27T19:34:17.8593565Z" end-time="2024-08-27T19:34:17.8593565Z" duration="0.000807" total="1" passed="1" failed="0" warnings="0" inconclusive="0" skipped="0" asserts="1">
        <test-case id="1-1483" name="TestValidFailRepeatInst" fullname="Kaitai.SpecValidFailRepeatInst.TestValidFailRepeatInst" methodname="TestValidFailRepeatInst" classname="Kaitai.SpecValidFailRepeatInst" runstate="Runnable" seed="1126857415" result="Passed" start-time="2024-08-27T19:34:17.8593565Z" end-time="2024-08-27T19:34:17.8593565Z" duration="0.000704" asserts="1" />
      </test-suite>
      <test-suite type="TestFixture" id="1-1484" name="SpecValidFailRepeatMaxInt" fullname="Kaitai.SpecValidFailRepeatMaxInt" classname="Kaitai.SpecValidFailRepeatMaxInt" runstate="Runnable" testcasecount="1" result="Passed" start-time="2024-08-27T19:34:17.8593565Z" end-time="2024-08-27T19:34:17.8593565Z" duration="0.000666" total="1" passed="1" failed="0" warnings="0" inconclusive="0" skipped="0" asserts="1">
        <test-case id="1-1485" name="TestValidFailRepeatMaxInt" fullname="Kaitai.SpecValidFailRepeatMaxInt.TestValidFailRepeatMaxInt" methodname="TestValidFailRepeatMaxInt" classname="Kaitai.SpecValidFailRepeatMaxInt" runstate="Runnable" seed="783357486" result="Passed" start-time="2024-08-27T19:34:17.8593565Z" end-time="2024-08-27T19:34:17.8593565Z" duration="0.000570" asserts="1" />
      </test-suite>
      <test-suite type="TestFixture" id="1-1486" name="SpecValidFailRepeatMinInt" fullname="Kaitai.SpecValidFailRepeatMinInt" classname="Kaitai.SpecValidFailRepeatMinInt" runstate="Runnable" testcasecount="1" result="Passed" start-time="2024-08-27T19:34:17.8593565Z" end-time="2024-08-27T19:34:17.8593565Z" duration="0.001108" total="1" passed="1" failed="0" warnings="0" inconclusive="0" skipped="0" asserts="1">
        <test-case id="1-1487" name="TestValidFailRepeatMinInt" fullname="Kaitai.SpecValidFailRepeatMinInt.TestValidFailRepeatMinInt" methodname="TestValidFailRepeatMinInt" classname="Kaitai.SpecValidFailRepeatMinInt" runstate="Runnable" seed="1940221598" result="Passed" start-time="2024-08-27T19:34:17.8593565Z" end-time="2024-08-27T19:34:17.8593565Z" duration="0.001012" asserts="1" />
      </test-suite>
      <test-suite type="TestFixture" id="1-1488" name="SpecValidLong" fullname="Kaitai.SpecValidLong" classname="Kaitai.SpecValidLong" runstate="Runnable" testcasecount="1" result="Passed" start-time="2024-08-27T19:34:17.8593565Z" end-time="2024-08-27T19:34:17.8593565Z" duration="0.001334" total="1" passed="1" failed="0" warnings="0" inconclusive="0" skipped="0" asserts="0">
        <test-case id="1-1489" name="TestValidLong" fullname="Kaitai.SpecValidLong.TestValidLong" methodname="TestValidLong" classname="Kaitai.SpecValidLong" runstate="Runnable" seed="1713571824" result="Passed" start-time="2024-08-27T19:34:17.8593565Z" end-time="2024-08-27T19:34:17.8593565Z" duration="0.001231" asserts="0" />
      </test-suite>
      <test-suite type="TestFixture" id="1-1490" name="SpecValidNotParsedIf" fullname="Kaitai.SpecValidNotParsedIf" classname="Kaitai.SpecValidNotParsedIf" runstate="Runnable" testcasecount="1" result="Passed" start-time="2024-08-27T19:34:17.8593565Z" end-time="2024-08-27T19:34:17.8593565Z" duration="0.000604" total="1" passed="1" failed="0" warnings="0" inconclusive="0" skipped="0" asserts="0">
        <test-case id="1-1491" name="TestValidNotParsedIf" fullname="Kaitai.SpecValidNotParsedIf.TestValidNotParsedIf" methodname="TestValidNotParsedIf" classname="Kaitai.SpecValidNotParsedIf" runstate="Runnable" seed="365880" result="Passed" start-time="2024-08-27T19:34:17.8593565Z" end-time="2024-08-27T19:34:17.8593565Z" duration="0.000497" asserts="0" />
      </test-suite>
      <test-suite type="TestFixture" id="1-1492" name="SpecValidOptionalId" fullname="Kaitai.SpecValidOptionalId" classname="Kaitai.SpecValidOptionalId" runstate="Runnable" testcasecount="1" result="Passed" start-time="2024-08-27T19:34:17.8593565Z" end-time="2024-08-27T19:34:17.8593565Z" duration="0.000660" total="1" passed="1" failed="0" warnings="0" inconclusive="0" skipped="0" asserts="0">
        <test-case id="1-1493" name="TestValidOptionalId" fullname="Kaitai.SpecValidOptionalId.TestValidOptionalId" methodname="TestValidOptionalId" classname="Kaitai.SpecValidOptionalId" runstate="Runnable" seed="1972561398" result="Passed" start-time="2024-08-27T19:34:17.8593565Z" end-time="2024-08-27T19:34:17.8593565Z" duration="0.000565" asserts="0" />
      </test-suite>
      <test-suite type="TestFixture" id="1-1494" name="SpecValidShort" fullname="Kaitai.SpecValidShort" classname="Kaitai.SpecValidShort" runstate="Runnable" testcasecount="1" result="Passed" start-time="2024-08-27T19:34:17.8593565Z" end-time="2024-08-27T19:34:17.8593565Z" duration="0.002372" total="1" passed="1" failed="0" warnings="0" inconclusive="0" skipped="0" asserts="0">
        <test-case id="1-1495" name="TestValidShort" fullname="Kaitai.SpecValidShort.TestValidShort" methodname="TestValidShort" classname="Kaitai.SpecValidShort" runstate="Runnable" seed="811523831" result="Passed" start-time="2024-08-27T19:34:17.8593565Z" end-time="2024-08-27T19:34:17.8593565Z" duration="0.002267" asserts="0" />
      </test-suite>
      <test-suite type="TestFixture" id="1-1496" name="SpecValidSwitch" fullname="Kaitai.SpecValidSwitch" classname="Kaitai.SpecValidSwitch" runstate="Runnable" testcasecount="1" result="Passed" start-time="2024-08-27T19:34:17.8593565Z" end-time="2024-08-27T19:34:17.8593565Z" duration="0.000687" total="1" passed="1" failed="0" warnings="0" inconclusive="0" skipped="0" asserts="0">
        <test-case id="1-1497" name="TestValidSwitch" fullname="Kaitai.SpecValidSwitch.TestValidSwitch" methodname="TestValidSwitch" classname="Kaitai.SpecValidSwitch" runstate="Runnable" seed="362262069" result="Passed" start-time="2024-08-27T19:34:17.8593565Z" end-time="2024-08-27T19:34:17.8593565Z" duration="0.000569" asserts="0" />
      </test-suite>
      <test-suite type="TestFixture" id="1-1498" name="SpecZlibSurrounded" fullname="Kaitai.SpecZlibSurrounded" classname="Kaitai.SpecZlibSurrounded" runstate="Runnable" testcasecount="1" result="Passed" start-time="2024-08-27T19:34:17.8593565Z" end-time="2024-08-27T19:34:17.9062305Z" duration="0.045017" total="1" passed="1" failed="0" warnings="0" inconclusive="0" skipped="0" asserts="1">
        <test-case id="1-1499" name="TestZlibSurrounded" fullname="Kaitai.SpecZlibSurrounded.TestZlibSurrounded" methodname="TestZlibSurrounded" classname="Kaitai.SpecZlibSurrounded" runstate="Runnable" seed="1410922123" result="Passed" start-time="2024-08-27T19:34:17.8593565Z" end-time="2024-08-27T19:34:17.9062305Z" duration="0.044910" asserts="1" />
      </test-suite>
      <test-suite type="TestFixture" id="1-1500" name="SpecZlibWithHeader78" fullname="Kaitai.SpecZlibWithHeader78" classname="Kaitai.SpecZlibWithHeader78" runstate="Runnable" testcasecount="1" result="Passed" start-time="2024-08-27T19:34:17.9062305Z" end-time="2024-08-27T19:34:17.9062305Z" duration="0.000666" total="1" passed="1" failed="0" warnings="0" inconclusive="0" skipped="0" asserts="1">
        <test-case id="1-1501" name="TestZlibWithHeader78" fullname="Kaitai.SpecZlibWithHeader78.TestZlibWithHeader78" methodname="TestZlibWithHeader78" classname="Kaitai.SpecZlibWithHeader78" runstate="Runnable" seed="1999155067" result="Passed" start-time="2024-08-27T19:34:17.9062305Z" end-time="2024-08-27T19:34:17.9062305Z" duration="0.000544" asserts="1" />
      </test-suite>
    </test-suite>
  </test-suite>
</test-run>