<?xml version="1.0" encoding="utf-8" standalone="no"?>
<test-run id="2" testcasecount="234" result="Failed" total="234" passed="233" failed="1" inconclusive="0" skipped="0" asserts="1058" engine-version="3.4.1.0" clr-version="4.0.30319.42000" start-time="2024-04-15 18:16:45Z" end-time="2024-04-15 18:16:47Z" duration="1.467314">
  <command-line><![CDATA[/home/runner/.nuget/packages/nunit.consolerunner/3.4.1/tools/nunit3-console.exe --result=test_out/csharp/TestResult.xml spec/csharp/kaitai_struct_csharp_tests_netframework/bin/Debug/kaitai_struct_csharp_tests.dll]]></command-line>
  <test-suite type="Assembly" id="0-1468" name="kaitai_struct_csharp_tests.dll" fullname="/home/runner/work/ci_targets/ci_targets/tests/spec/csharp/kaitai_struct_csharp_tests_netframework/bin/Debug/kaitai_struct_csharp_tests.dll" runstate="Runnable" testcasecount="234" result="Failed" site="Child" start-time="2024-04-15 18:16:45Z" end-time="2024-04-15 18:16:46Z" duration="1.388094" total="234" passed="233" failed="1" inconclusive="0" skipped="0" asserts="1058">
    <environment framework-version="3.4.1.0" clr-version="4.0.30319.42000" os-version="Unix 6.5.0.1017" platform="Unix" cwd="/home/runner/work/ci_targets/ci_targets/tests" machine-name="fv-az740-379" user="runner" user-domain="fv-az740-379" culture="" uiculture="" os-architecture="x64" />
    <settings>
      <setting name="WorkDirectory" value="/home/runner/work/ci_targets/ci_targets/tests" />
      <setting name="ImageRuntimeVersion" value="4.0.30319" />
      <setting name="ImageTargetFrameworkName" value=".NETFramework,Version=v4.8" />
      <setting name="ImageRequiresX86" value="False" />
      <setting name="ImageRequiresDefaultAppDomainAssemblyResolver" value="False" />
      <setting name="NumberOfTestWorkers" value="4" />
    </settings>
    <properties>
      <property name="_PID" value="2725" />
      <property name="_APPDOMAIN" value="test-domain-" />
    </properties>
    <failure>
      <message><![CDATA[One or more child tests had errors]]></message>
    </failure>
    <test-suite type="TestSuite" id="0-1469" name="Kaitai" fullname="Kaitai" runstate="Runnable" testcasecount="234" result="Failed" site="Child" start-time="2024-04-15 18:16:45Z" end-time="2024-04-15 18:16:46Z" duration="1.377319" total="234" passed="233" failed="1" inconclusive="0" skipped="0" asserts="1058">
      <failure>
        <message><![CDATA[One or more child tests had errors]]></message>
      </failure>
      <test-suite type="TestFixture" id="0-1000" name="SpecBcdUserTypeBe" fullname="Kaitai.SpecBcdUserTypeBe" classname="Kaitai.SpecBcdUserTypeBe" runstate="Runnable" testcasecount="1" result="Passed" start-time="2024-04-15 18:16:45Z" end-time="2024-04-15 18:16:45Z" duration="0.019428" total="1" passed="1" failed="0" inconclusive="0" skipped="0" asserts="6">
        <test-case id="0-1001" name="TestBcdUserTypeBe" fullname="Kaitai.SpecBcdUserTypeBe.TestBcdUserTypeBe" methodname="TestBcdUserTypeBe" classname="Kaitai.SpecBcdUserTypeBe" runstate="Runnable" seed="1381610379" result="Passed" start-time="2024-04-15 18:16:45Z" end-time="2024-04-15 18:16:45Z" duration="0.012498" asserts="6" />
      </test-suite>
      <test-suite type="TestFixture" id="0-1002" name="SpecBcdUserTypeLe" fullname="Kaitai.SpecBcdUserTypeLe" classname="Kaitai.SpecBcdUserTypeLe" runstate="Runnable" testcasecount="1" result="Passed" start-time="2024-04-15 18:16:45Z" end-time="2024-04-15 18:16:45Z" duration="0.004680" total="1" passed="1" failed="0" inconclusive="0" skipped="0" asserts="6">
        <test-case id="0-1003" name="TestBcdUserTypeLe" fullname="Kaitai.SpecBcdUserTypeLe.TestBcdUserTypeLe" methodname="TestBcdUserTypeLe" classname="Kaitai.SpecBcdUserTypeLe" runstate="Runnable" seed="494357818" result="Passed" start-time="2024-04-15 18:16:45Z" end-time="2024-04-15 18:16:45Z" duration="0.002338" asserts="6" />
      </test-suite>
      <test-suite type="TestFixture" id="0-1004" name="SpecBitsByteAligned" fullname="Kaitai.SpecBitsByteAligned" classname="Kaitai.SpecBitsByteAligned" runstate="Runnable" testcasecount="1" result="Passed" start-time="2024-04-15 18:16:45Z" end-time="2024-04-15 18:16:45Z" duration="0.004891" total="1" passed="1" failed="0" inconclusive="0" skipped="0" asserts="9">
        <test-case id="0-1005" name="TestBitsByteAligned" fullname="Kaitai.SpecBitsByteAligned.TestBitsByteAligned" methodname="TestBitsByteAligned" classname="Kaitai.SpecBitsByteAligned" runstate="Runnable" seed="1330396581" result="Passed" start-time="2024-04-15 18:16:45Z" end-time="2024-04-15 18:16:45Z" duration="0.002540" asserts="9" />
      </test-suite>
      <test-suite type="TestFixture" id="0-1006" name="SpecBitsEnum" fullname="Kaitai.SpecBitsEnum" classname="Kaitai.SpecBitsEnum" runstate="Runnable" testcasecount="1" result="Passed" start-time="2024-04-15 18:16:45Z" end-time="2024-04-15 18:16:45Z" duration="0.002897" total="1" passed="1" failed="0" inconclusive="0" skipped="0" asserts="3">
        <test-case id="0-1007" name="TestBitsEnum" fullname="Kaitai.SpecBitsEnum.TestBitsEnum" methodname="TestBitsEnum" classname="Kaitai.SpecBitsEnum" runstate="Runnable" seed="1636772596" result="Passed" start-time="2024-04-15 18:16:45Z" end-time="2024-04-15 18:16:45Z" duration="0.000574" asserts="3" />
      </test-suite>
      <test-suite type="TestFixture" id="0-1008" name="SpecBitsSeqEndianCombo" fullname="Kaitai.SpecBitsSeqEndianCombo" classname="Kaitai.SpecBitsSeqEndianCombo" runstate="Runnable" testcasecount="1" result="Passed" start-time="2024-04-15 18:16:45Z" end-time="2024-04-15 18:16:45Z" duration="0.002896" total="1" passed="1" failed="0" inconclusive="0" skipped="0" asserts="8">
        <test-case id="0-1009" name="TestBitsSeqEndianCombo" fullname="Kaitai.SpecBitsSeqEndianCombo.TestBitsSeqEndianCombo" methodname="TestBitsSeqEndianCombo" classname="Kaitai.SpecBitsSeqEndianCombo" runstate="Runnable" seed="1883331079" result="Passed" start-time="2024-04-15 18:16:45Z" end-time="2024-04-15 18:16:45Z" duration="0.000548" asserts="8" />
      </test-suite>
      <test-suite type="TestFixture" id="0-1010" name="SpecBitsShiftByB32Le" fullname="Kaitai.SpecBitsShiftByB32Le" classname="Kaitai.SpecBitsShiftByB32Le" runstate="Runnable" testcasecount="1" result="Passed" start-time="2024-04-15 18:16:45Z" end-time="2024-04-15 18:16:45Z" duration="0.002671" total="1" passed="1" failed="0" inconclusive="0" skipped="0" asserts="2">
        <test-case id="0-1011" name="TestBitsShiftByB32Le" fullname="Kaitai.SpecBitsShiftByB32Le.TestBitsShiftByB32Le" methodname="TestBitsShiftByB32Le" classname="Kaitai.SpecBitsShiftByB32Le" runstate="Runnable" seed="955066157" result="Passed" start-time="2024-04-15 18:16:45Z" end-time="2024-04-15 18:16:45Z" duration="0.000336" asserts="2" />
      </test-suite>
      <test-suite type="TestFixture" id="0-1012" name="SpecBitsShiftByB64Le" fullname="Kaitai.SpecBitsShiftByB64Le" classname="Kaitai.SpecBitsShiftByB64Le" runstate="Runnable" testcasecount="1" result="Passed" start-time="2024-04-15 18:16:45Z" end-time="2024-04-15 18:16:45Z" duration="0.002634" total="1" passed="1" failed="0" inconclusive="0" skipped="0" asserts="2">
        <test-case id="0-1013" name="TestBitsShiftByB64Le" fullname="Kaitai.SpecBitsShiftByB64Le.TestBitsShiftByB64Le" methodname="TestBitsShiftByB64Le" classname="Kaitai.SpecBitsShiftByB64Le" runstate="Runnable" seed="1638438732" result="Passed" start-time="2024-04-15 18:16:45Z" end-time="2024-04-15 18:16:45Z" duration="0.000300" asserts="2" />
      </test-suite>
      <test-suite type="TestFixture" id="0-1014" name="SpecBitsSignedResB32Be" fullname="Kaitai.SpecBitsSignedResB32Be" classname="Kaitai.SpecBitsSignedResB32Be" runstate="Runnable" testcasecount="1" result="Passed" start-time="2024-04-15 18:16:45Z" end-time="2024-04-15 18:16:45Z" duration="0.002603" total="1" passed="1" failed="0" inconclusive="0" skipped="0" asserts="1">
        <test-case id="0-1015" name="TestBitsSignedResB32Be" fullname="Kaitai.SpecBitsSignedResB32Be.TestBitsSignedResB32Be" methodname="TestBitsSignedResB32Be" classname="Kaitai.SpecBitsSignedResB32Be" runstate="Runnable" seed="837354578" result="Passed" start-time="2024-04-15 18:16:45Z" end-time="2024-04-15 18:16:45Z" duration="0.000276" asserts="1" />
      </test-suite>
      <test-suite type="TestFixture" id="0-1016" name="SpecBitsSignedResB32Le" fullname="Kaitai.SpecBitsSignedResB32Le" classname="Kaitai.SpecBitsSignedResB32Le" runstate="Runnable" testcasecount="1" result="Passed" start-time="2024-04-15 18:16:45Z" end-time="2024-04-15 18:16:45Z" duration="0.002576" total="1" passed="1" failed="0" inconclusive="0" skipped="0" asserts="1">
        <test-case id="0-1017" name="TestBitsSignedResB32Le" fullname="Kaitai.SpecBitsSignedResB32Le.TestBitsSignedResB32Le" methodname="TestBitsSignedResB32Le" classname="Kaitai.SpecBitsSignedResB32Le" runstate="Runnable" seed="1076708889" result="Passed" start-time="2024-04-15 18:16:45Z" end-time="2024-04-15 18:16:45Z" duration="0.000248" asserts="1" />
      </test-suite>
      <test-suite type="TestFixture" id="0-1018" name="SpecBitsSignedShiftB32Le" fullname="Kaitai.SpecBitsSignedShiftB32Le" classname="Kaitai.SpecBitsSignedShiftB32Le" runstate="Runnable" testcasecount="1" result="Passed" start-time="2024-04-15 18:16:45Z" end-time="2024-04-15 18:16:45Z" duration="0.002611" total="1" passed="1" failed="0" inconclusive="0" skipped="0" asserts="2">
        <test-case id="0-1019" name="TestBitsSignedShiftB32Le" fullname="Kaitai.SpecBitsSignedShiftB32Le.TestBitsSignedShiftB32Le" methodname="TestBitsSignedShiftB32Le" classname="Kaitai.SpecBitsSignedShiftB32Le" runstate="Runnable" seed="75661494" result="Passed" start-time="2024-04-15 18:16:45Z" end-time="2024-04-15 18:16:45Z" duration="0.000279" asserts="2" />
      </test-suite>
      <test-suite type="TestFixture" id="0-1020" name="SpecBitsSignedShiftB64Le" fullname="Kaitai.SpecBitsSignedShiftB64Le" classname="Kaitai.SpecBitsSignedShiftB64Le" runstate="Runnable" testcasecount="1" result="Passed" start-time="2024-04-15 18:16:45Z" end-time="2024-04-15 18:16:45Z" duration="0.002621" total="1" passed="1" failed="0" inconclusive="0" skipped="0" asserts="2">
        <test-case id="0-1021" name="TestBitsSignedShiftB64Le" fullname="Kaitai.SpecBitsSignedShiftB64Le.TestBitsSignedShiftB64Le" methodname="TestBitsSignedShiftB64Le" classname="Kaitai.SpecBitsSignedShiftB64Le" runstate="Runnable" seed="578371813" result="Passed" start-time="2024-04-15 18:16:45Z" end-time="2024-04-15 18:16:45Z" duration="0.000278" asserts="2" />
      </test-suite>
      <test-suite type="TestFixture" id="0-1022" name="SpecBitsSimple" fullname="Kaitai.SpecBitsSimple" classname="Kaitai.SpecBitsSimple" runstate="Runnable" testcasecount="1" result="Passed" start-time="2024-04-15 18:16:45Z" end-time="2024-04-15 18:16:45Z" duration="0.003706" total="1" passed="1" failed="0" inconclusive="0" skipped="0" asserts="14">
        <test-case id="0-1023" name="TestBitsSimple" fullname="Kaitai.SpecBitsSimple.TestBitsSimple" methodname="TestBitsSimple" classname="Kaitai.SpecBitsSimple" runstate="Runnable" seed="2036452368" result="Passed" start-time="2024-04-15 18:16:45Z" end-time="2024-04-15 18:16:45Z" duration="0.001393" asserts="14" />
      </test-suite>
      <test-suite type="TestFixture" id="0-1024" name="SpecBitsSimpleLe" fullname="Kaitai.SpecBitsSimpleLe" classname="Kaitai.SpecBitsSimpleLe" runstate="Runnable" testcasecount="1" result="Passed" start-time="2024-04-15 18:16:45Z" end-time="2024-04-15 18:16:45Z" duration="0.003017" total="1" passed="1" failed="0" inconclusive="0" skipped="0" asserts="14">
        <test-case id="0-1025" name="TestBitsSimpleLe" fullname="Kaitai.SpecBitsSimpleLe.TestBitsSimpleLe" methodname="TestBitsSimpleLe" classname="Kaitai.SpecBitsSimpleLe" runstate="Runnable" seed="366982010" result="Passed" start-time="2024-04-15 18:16:45Z" end-time="2024-04-15 18:16:45Z" duration="0.000693" asserts="14" />
      </test-suite>
      <test-suite type="TestFixture" id="0-1026" name="SpecBitsUnalignedB32Be" fullname="Kaitai.SpecBitsUnalignedB32Be" classname="Kaitai.SpecBitsUnalignedB32Be" runstate="Runnable" testcasecount="1" result="Passed" start-time="2024-04-15 18:16:45Z" end-time="2024-04-15 18:16:45Z" duration="0.002647" total="1" passed="1" failed="0" inconclusive="0" skipped="0" asserts="3">
        <test-case id="0-1027" name="TestBitsUnalignedB32Be" fullname="Kaitai.SpecBitsUnalignedB32Be.TestBitsUnalignedB32Be" methodname="TestBitsUnalignedB32Be" classname="Kaitai.SpecBitsUnalignedB32Be" runstate="Runnable" seed="1015485233" result="Passed" start-time="2024-04-15 18:16:45Z" end-time="2024-04-15 18:16:45Z" duration="0.000327" asserts="3" />
      </test-suite>
      <test-suite type="TestFixture" id="0-1028" name="SpecBitsUnalignedB32Le" fullname="Kaitai.SpecBitsUnalignedB32Le" classname="Kaitai.SpecBitsUnalignedB32Le" runstate="Runnable" testcasecount="1" result="Passed" start-time="2024-04-15 18:16:45Z" end-time="2024-04-15 18:16:45Z" duration="0.002641" total="1" passed="1" failed="0" inconclusive="0" skipped="0" asserts="3">
        <test-case id="0-1029" name="TestBitsUnalignedB32Le" fullname="Kaitai.SpecBitsUnalignedB32Le.TestBitsUnalignedB32Le" methodname="TestBitsUnalignedB32Le" classname="Kaitai.SpecBitsUnalignedB32Le" runstate="Runnable" seed="1852053850" result="Passed" start-time="2024-04-15 18:16:45Z" end-time="2024-04-15 18:16:45Z" duration="0.000324" asserts="3" />
      </test-suite>
      <test-suite type="TestFixture" id="0-1030" name="SpecBitsUnalignedB64Be" fullname="Kaitai.SpecBitsUnalignedB64Be" classname="Kaitai.SpecBitsUnalignedB64Be" runstate="Runnable" testcasecount="1" result="Passed" start-time="2024-04-15 18:16:45Z" end-time="2024-04-15 18:16:45Z" duration="0.002695" total="1" passed="1" failed="0" inconclusive="0" skipped="0" asserts="3">
        <test-case id="0-1031" name="TestBitsUnalignedB64Be" fullname="Kaitai.SpecBitsUnalignedB64Be.TestBitsUnalignedB64Be" methodname="TestBitsUnalignedB64Be" classname="Kaitai.SpecBitsUnalignedB64Be" runstate="Runnable" seed="156180481" result="Passed" start-time="2024-04-15 18:16:45Z" end-time="2024-04-15 18:16:45Z" duration="0.000354" asserts="3" />
      </test-suite>
      <test-suite type="TestFixture" id="0-1032" name="SpecBitsUnalignedB64Le" fullname="Kaitai.SpecBitsUnalignedB64Le" classname="Kaitai.SpecBitsUnalignedB64Le" runstate="Runnable" testcasecount="1" result="Passed" start-time="2024-04-15 18:16:45Z" end-time="2024-04-15 18:16:45Z" duration="0.002683" total="1" passed="1" failed="0" inconclusive="0" skipped="0" asserts="3">
        <test-case id="0-1033" name="TestBitsUnalignedB64Le" fullname="Kaitai.SpecBitsUnalignedB64Le.TestBitsUnalignedB64Le" methodname="TestBitsUnalignedB64Le" classname="Kaitai.SpecBitsUnalignedB64Le" runstate="Runnable" seed="1475659833" result="Passed" start-time="2024-04-15 18:16:45Z" end-time="2024-04-15 18:16:45Z" duration="0.000343" asserts="3" />
      </test-suite>
      <test-suite type="TestFixture" id="0-1034" name="SpecBufferedStruct" fullname="Kaitai.SpecBufferedStruct" classname="Kaitai.SpecBufferedStruct" runstate="Runnable" testcasecount="1" result="Passed" start-time="2024-04-15 18:16:45Z" end-time="2024-04-15 18:16:45Z" duration="0.003311" total="1" passed="1" failed="0" inconclusive="0" skipped="0" asserts="7">
        <test-case id="0-1035" name="TestBufferedStruct" fullname="Kaitai.SpecBufferedStruct.TestBufferedStruct" methodname="TestBufferedStruct" classname="Kaitai.SpecBufferedStruct" runstate="Runnable" seed="1138362382" result="Passed" start-time="2024-04-15 18:16:45Z" end-time="2024-04-15 18:16:45Z" duration="0.000972" asserts="7" />
      </test-suite>
      <test-suite type="TestFixture" id="0-1036" name="SpecBytesPadTerm" fullname="Kaitai.SpecBytesPadTerm" classname="Kaitai.SpecBytesPadTerm" runstate="Runnable" testcasecount="1" result="Passed" start-time="2024-04-15 18:16:45Z" end-time="2024-04-15 18:16:45Z" duration="0.002947" total="1" passed="1" failed="0" inconclusive="0" skipped="0" asserts="4">
        <test-case id="0-1037" name="TestBytesPadTerm" fullname="Kaitai.SpecBytesPadTerm.TestBytesPadTerm" methodname="TestBytesPadTerm" classname="Kaitai.SpecBytesPadTerm" runstate="Runnable" seed="1189182691" result="Passed" start-time="2024-04-15 18:16:45Z" end-time="2024-04-15 18:16:45Z" duration="0.000607" asserts="4" />
      </test-suite>
      <test-suite type="TestFixture" id="0-1038" name="SpecCastNested" fullname="Kaitai.SpecCastNested" classname="Kaitai.SpecCastNested" runstate="Runnable" testcasecount="1" result="Passed" start-time="2024-04-15 18:16:45Z" end-time="2024-04-15 18:16:45Z" duration="0.017308" total="1" passed="1" failed="0" inconclusive="0" skipped="0" asserts="4">
        <test-case id="0-1039" name="TestCastNested" fullname="Kaitai.SpecCastNested.TestCastNested" methodname="TestCastNested" classname="Kaitai.SpecCastNested" runstate="Runnable" seed="980405163" result="Passed" start-time="2024-04-15 18:16:45Z" end-time="2024-04-15 18:16:45Z" duration="0.014969" asserts="4" />
      </test-suite>
      <test-suite type="TestFixture" id="0-1040" name="SpecCastToTop" fullname="Kaitai.SpecCastToTop" classname="Kaitai.SpecCastToTop" runstate="Runnable" testcasecount="1" result="Passed" start-time="2024-04-15 18:16:45Z" end-time="2024-04-15 18:16:45Z" duration="0.003101" total="1" passed="1" failed="0" inconclusive="0" skipped="0" asserts="3">
        <test-case id="0-1041" name="TestCastToTop" fullname="Kaitai.SpecCastToTop.TestCastToTop" methodname="TestCastToTop" classname="Kaitai.SpecCastToTop" runstate="Runnable" seed="1035543362" result="Passed" start-time="2024-04-15 18:16:45Z" end-time="2024-04-15 18:16:45Z" duration="0.000766" asserts="3" />
      </test-suite>
      <test-suite type="TestFixture" id="0-1042" name="SpecCombineBool" fullname="Kaitai.SpecCombineBool" classname="Kaitai.SpecCombineBool" runstate="Runnable" testcasecount="1" result="Passed" start-time="2024-04-15 18:16:45Z" end-time="2024-04-15 18:16:45Z" duration="0.002735" total="1" passed="1" failed="0" inconclusive="0" skipped="0" asserts="2">
        <test-case id="0-1043" name="TestCombineBool" fullname="Kaitai.SpecCombineBool.TestCombineBool" methodname="TestCombineBool" classname="Kaitai.SpecCombineBool" runstate="Runnable" seed="1506032747" result="Passed" start-time="2024-04-15 18:16:45Z" end-time="2024-04-15 18:16:45Z" duration="0.000400" asserts="2" />
      </test-suite>
      <test-suite type="TestFixture" id="0-1044" name="SpecCombineBytes" fullname="Kaitai.SpecCombineBytes" classname="Kaitai.SpecCombineBytes" runstate="Runnable" testcasecount="1" result="Passed" start-time="2024-04-15 18:16:45Z" end-time="2024-04-15 18:16:45Z" duration="0.003088" total="1" passed="1" failed="0" inconclusive="0" skipped="0" asserts="10">
        <test-case id="0-1045" name="TestCombineBytes" fullname="Kaitai.SpecCombineBytes.TestCombineBytes" methodname="TestCombineBytes" classname="Kaitai.SpecCombineBytes" runstate="Runnable" seed="1967795908" result="Passed" start-time="2024-04-15 18:16:45Z" end-time="2024-04-15 18:16:45Z" duration="0.000758" asserts="10" />
      </test-suite>
      <test-suite type="TestFixture" id="0-1046" name="SpecCombineEnum" fullname="Kaitai.SpecCombineEnum" classname="Kaitai.SpecCombineEnum" runstate="Runnable" testcasecount="1" result="Passed" start-time="2024-04-15 18:16:45Z" end-time="2024-04-15 18:16:45Z" duration="0.002825" total="1" passed="1" failed="0" inconclusive="0" skipped="0" asserts="3">
        <test-case id="0-1047" name="TestCombineEnum" fullname="Kaitai.SpecCombineEnum.TestCombineEnum" methodname="TestCombineEnum" classname="Kaitai.SpecCombineEnum" runstate="Runnable" seed="1928943628" result="Passed" start-time="2024-04-15 18:16:45Z" end-time="2024-04-15 18:16:45Z" duration="0.000488" asserts="3" />
      </test-suite>
      <test-suite type="TestFixture" id="0-1048" name="SpecCombineStr" fullname="Kaitai.SpecCombineStr" classname="Kaitai.SpecCombineStr" runstate="Runnable" testcasecount="1" result="Passed" start-time="2024-04-15 18:16:45Z" end-time="2024-04-15 18:16:45Z" duration="0.003217" total="1" passed="1" failed="0" inconclusive="0" skipped="0" asserts="15">
        <test-case id="0-1049" name="TestCombineStr" fullname="Kaitai.SpecCombineStr.TestCombineStr" methodname="TestCombineStr" classname="Kaitai.SpecCombineStr" runstate="Runnable" seed="1749263013" result="Passed" start-time="2024-04-15 18:16:45Z" end-time="2024-04-15 18:16:45Z" duration="0.000877" asserts="15" />
      </test-suite>
      <test-suite type="TestFixture" id="0-1050" name="SpecDebug0" fullname="Kaitai.SpecDebug0" classname="Kaitai.SpecDebug0" runstate="Runnable" testcasecount="1" result="Passed" start-time="2024-04-15 18:16:45Z" end-time="2024-04-15 18:16:45Z" duration="0.002387" total="1" passed="1" failed="0" inconclusive="0" skipped="0" asserts="0">
        <test-case id="0-1051" name="TestDebug0" fullname="Kaitai.SpecDebug0.TestDebug0" methodname="TestDebug0" classname="Kaitai.SpecDebug0" runstate="Runnable" seed="1532297024" result="Passed" start-time="2024-04-15 18:16:45Z" end-time="2024-04-15 18:16:45Z" duration="0.000052" asserts="0" />
      </test-suite>
      <test-suite type="TestFixture" id="0-1052" name="SpecDebugArrayUser" fullname="Kaitai.SpecDebugArrayUser" classname="Kaitai.SpecDebugArrayUser" runstate="Runnable" testcasecount="1" result="Passed" start-time="2024-04-15 18:16:45Z" end-time="2024-04-15 18:16:45Z" duration="0.003044" total="1" passed="1" failed="0" inconclusive="0" skipped="0" asserts="4">
        <test-case id="0-1053" name="TestDebugArrayUser" fullname="Kaitai.SpecDebugArrayUser.TestDebugArrayUser" methodname="TestDebugArrayUser" classname="Kaitai.SpecDebugArrayUser" runstate="Runnable" seed="884625912" result="Passed" start-time="2024-04-15 18:16:45Z" end-time="2024-04-15 18:16:45Z" duration="0.000708" asserts="4" />
      </test-suite>
      <test-suite type="TestFixture" id="0-1054" name="SpecDebugEnumName" fullname="Kaitai.SpecDebugEnumName" classname="Kaitai.SpecDebugEnumName" runstate="Runnable" testcasecount="1" result="Passed" start-time="2024-04-15 18:16:45Z" end-time="2024-04-15 18:16:45Z" duration="0.002405" total="1" passed="1" failed="0" inconclusive="0" skipped="0" asserts="0">
        <test-case id="0-1055" name="TestDebugEnumName" fullname="Kaitai.SpecDebugEnumName.TestDebugEnumName" methodname="TestDebugEnumName" classname="Kaitai.SpecDebugEnumName" runstate="Runnable" seed="21867539" result="Passed" start-time="2024-04-15 18:16:45Z" end-time="2024-04-15 18:16:45Z" duration="0.000052" asserts="0" />
      </test-suite>
      <test-suite type="TestFixture" id="0-1056" name="SpecDebugSwitchUser" fullname="Kaitai.SpecDebugSwitchUser" classname="Kaitai.SpecDebugSwitchUser" runstate="Runnable" testcasecount="1" result="Passed" start-time="2024-04-15 18:16:45Z" end-time="2024-04-15 18:16:45Z" duration="0.002836" total="1" passed="1" failed="0" inconclusive="0" skipped="0" asserts="2">
        <test-case id="0-1057" name="TestDebugSwitchUser" fullname="Kaitai.SpecDebugSwitchUser.TestDebugSwitchUser" methodname="TestDebugSwitchUser" classname="Kaitai.SpecDebugSwitchUser" runstate="Runnable" seed="851414687" result="Passed" start-time="2024-04-15 18:16:45Z" end-time="2024-04-15 18:16:45Z" duration="0.000502" asserts="2" />
      </test-suite>
      <test-suite type="TestFixture" id="0-1058" name="SpecDefaultBigEndian" fullname="Kaitai.SpecDefaultBigEndian" classname="Kaitai.SpecDefaultBigEndian" runstate="Runnable" testcasecount="1" result="Passed" start-time="2024-04-15 18:16:45Z" end-time="2024-04-15 18:16:45Z" duration="0.002663" total="1" passed="1" failed="0" inconclusive="0" skipped="0" asserts="1">
        <test-case id="0-1059" name="TestDefaultBigEndian" fullname="Kaitai.SpecDefaultBigEndian.TestDefaultBigEndian" methodname="TestDefaultBigEndian" classname="Kaitai.SpecDefaultBigEndian" runstate="Runnable" seed="1225525802" result="Passed" start-time="2024-04-15 18:16:45Z" end-time="2024-04-15 18:16:45Z" duration="0.000329" asserts="1" />
      </test-suite>
      <test-suite type="TestFixture" id="0-1060" name="SpecDefaultBitEndianMod" fullname="Kaitai.SpecDefaultBitEndianMod" classname="Kaitai.SpecDefaultBitEndianMod" runstate="Runnable" testcasecount="1" result="Passed" start-time="2024-04-15 18:16:45Z" end-time="2024-04-15 18:16:45Z" duration="0.002938" total="1" passed="1" failed="0" inconclusive="0" skipped="0" asserts="4">
        <test-case id="0-1061" name="TestDefaultBitEndianMod" fullname="Kaitai.SpecDefaultBitEndianMod.TestDefaultBitEndianMod" methodname="TestDefaultBitEndianMod" classname="Kaitai.SpecDefaultBitEndianMod" runstate="Runnable" seed="306049642" result="Passed" start-time="2024-04-15 18:16:45Z" end-time="2024-04-15 18:16:45Z" duration="0.000591" asserts="4" />
      </test-suite>
      <test-suite type="TestFixture" id="0-1062" name="SpecDefaultEndianExprException" fullname="Kaitai.SpecDefaultEndianExprException" classname="Kaitai.SpecDefaultEndianExprException" runstate="Runnable" testcasecount="1" result="Passed" start-time="2024-04-15 18:16:45Z" end-time="2024-04-15 18:16:45Z" duration="0.005403" total="1" passed="1" failed="0" inconclusive="0" skipped="0" asserts="1">
        <test-case id="0-1063" name="TestDefaultEndianExprException" fullname="Kaitai.SpecDefaultEndianExprException.TestDefaultEndianExprException" methodname="TestDefaultEndianExprException" classname="Kaitai.SpecDefaultEndianExprException" runstate="Runnable" seed="1670327041" result="Passed" start-time="2024-04-15 18:16:45Z" end-time="2024-04-15 18:16:45Z" duration="0.003060" asserts="1" />
      </test-suite>
      <test-suite type="TestFixture" id="0-1064" name="SpecDefaultEndianExprInherited" fullname="Kaitai.SpecDefaultEndianExprInherited" classname="Kaitai.SpecDefaultEndianExprInherited" runstate="Runnable" testcasecount="1" result="Passed" start-time="2024-04-15 18:16:45Z" end-time="2024-04-15 18:16:45Z" duration="0.004465" total="1" passed="1" failed="0" inconclusive="0" skipped="0" asserts="15">
        <test-case id="0-1065" name="TestDefaultEndianExprInherited" fullname="Kaitai.SpecDefaultEndianExprInherited.TestDefaultEndianExprInherited" methodname="TestDefaultEndianExprInherited" classname="Kaitai.SpecDefaultEndianExprInherited" runstate="Runnable" seed="1013186810" result="Passed" start-time="2024-04-15 18:16:45Z" end-time="2024-04-15 18:16:45Z" duration="0.002118" asserts="15" />
      </test-suite>
      <test-suite type="TestFixture" id="0-1066" name="SpecDefaultEndianExprIsBe" fullname="Kaitai.SpecDefaultEndianExprIsBe" classname="Kaitai.SpecDefaultEndianExprIsBe" runstate="Runnable" testcasecount="1" result="Passed" start-time="2024-04-15 18:16:45Z" end-time="2024-04-15 18:16:45Z" duration="0.004295" total="1" passed="1" failed="0" inconclusive="0" skipped="0" asserts="18">
        <test-case id="0-1067" name="TestDefaultEndianExprIsBe" fullname="Kaitai.SpecDefaultEndianExprIsBe.TestDefaultEndianExprIsBe" methodname="TestDefaultEndianExprIsBe" classname="Kaitai.SpecDefaultEndianExprIsBe" runstate="Runnable" seed="1762194580" result="Passed" start-time="2024-04-15 18:16:45Z" end-time="2024-04-15 18:16:45Z" duration="0.001951" asserts="18" />
      </test-suite>
      <test-suite type="TestFixture" id="0-1068" name="SpecDefaultEndianExprIsLe" fullname="Kaitai.SpecDefaultEndianExprIsLe" classname="Kaitai.SpecDefaultEndianExprIsLe" runstate="Runnable" testcasecount="1" result="Passed" start-time="2024-04-15 18:16:45Z" end-time="2024-04-15 18:16:45Z" duration="0.003602" total="1" passed="1" failed="0" inconclusive="0" skipped="0" asserts="12">
        <test-case id="0-1069" name="TestDefaultEndianExprIsLe" fullname="Kaitai.SpecDefaultEndianExprIsLe.TestDefaultEndianExprIsLe" methodname="TestDefaultEndianExprIsLe" classname="Kaitai.SpecDefaultEndianExprIsLe" runstate="Runnable" seed="14243809" result="Passed" start-time="2024-04-15 18:16:45Z" end-time="2024-04-15 18:16:45Z" duration="0.001259" asserts="12" />
      </test-suite>
      <test-suite type="TestFixture" id="0-1070" name="SpecDefaultEndianMod" fullname="Kaitai.SpecDefaultEndianMod" classname="Kaitai.SpecDefaultEndianMod" runstate="Runnable" testcasecount="1" result="Passed" start-time="2024-04-15 18:16:45Z" end-time="2024-04-15 18:16:45Z" duration="0.002952" total="1" passed="1" failed="0" inconclusive="0" skipped="0" asserts="3">
        <test-case id="0-1071" name="TestDefaultEndianMod" fullname="Kaitai.SpecDefaultEndianMod.TestDefaultEndianMod" methodname="TestDefaultEndianMod" classname="Kaitai.SpecDefaultEndianMod" runstate="Runnable" seed="135457447" result="Passed" start-time="2024-04-15 18:16:45Z" end-time="2024-04-15 18:16:45Z" duration="0.000610" asserts="3" />
      </test-suite>
      <test-suite type="TestFixture" id="0-1072" name="SpecDocstrings" fullname="Kaitai.SpecDocstrings" classname="Kaitai.SpecDocstrings" runstate="Runnable" testcasecount="1" result="Passed" start-time="2024-04-15 18:16:45Z" end-time="2024-04-15 18:16:45Z" duration="0.002589" total="1" passed="1" failed="0" inconclusive="0" skipped="0" asserts="0">
        <test-case id="0-1073" name="TestDocstrings" fullname="Kaitai.SpecDocstrings.TestDocstrings" methodname="TestDocstrings" classname="Kaitai.SpecDocstrings" runstate="Runnable" seed="1241783338" result="Passed" start-time="2024-04-15 18:16:45Z" end-time="2024-04-15 18:16:45Z" duration="0.000262" asserts="0" />
      </test-suite>
      <test-suite type="TestFixture" id="0-1074" name="SpecDocstringsDocref" fullname="Kaitai.SpecDocstringsDocref" classname="Kaitai.SpecDocstringsDocref" runstate="Runnable" testcasecount="1" result="Passed" start-time="2024-04-15 18:16:45Z" end-time="2024-04-15 18:16:45Z" duration="0.002671" total="1" passed="1" failed="0" inconclusive="0" skipped="0" asserts="0">
        <test-case id="0-1075" name="TestDocstringsDocref" fullname="Kaitai.SpecDocstringsDocref.TestDocstringsDocref" methodname="TestDocstringsDocref" classname="Kaitai.SpecDocstringsDocref" runstate="Runnable" seed="702475536" result="Passed" start-time="2024-04-15 18:16:45Z" end-time="2024-04-15 18:16:45Z" duration="0.000340" asserts="0" />
      </test-suite>
      <test-suite type="TestFixture" id="0-1076" name="SpecDocstringsDocrefMulti" fullname="Kaitai.SpecDocstringsDocrefMulti" classname="Kaitai.SpecDocstringsDocrefMulti" runstate="Runnable" testcasecount="1" result="Passed" start-time="2024-04-15 18:16:45Z" end-time="2024-04-15 18:16:45Z" duration="0.002551" total="1" passed="1" failed="0" inconclusive="0" skipped="0" asserts="0">
        <test-case id="0-1077" name="TestDocstringsDocrefMulti" fullname="Kaitai.SpecDocstringsDocrefMulti.TestDocstringsDocrefMulti" methodname="TestDocstringsDocrefMulti" classname="Kaitai.SpecDocstringsDocrefMulti" runstate="Runnable" seed="985633740" result="Passed" start-time="2024-04-15 18:16:45Z" end-time="2024-04-15 18:16:45Z" duration="0.000218" asserts="0" />
      </test-suite>
      <test-suite type="TestFixture" id="0-1078" name="SpecEnum0" fullname="Kaitai.SpecEnum0" classname="Kaitai.SpecEnum0" runstate="Runnable" testcasecount="1" result="Passed" start-time="2024-04-15 18:16:45Z" end-time="2024-04-15 18:16:45Z" duration="0.002663" total="1" passed="1" failed="0" inconclusive="0" skipped="0" asserts="2">
        <test-case id="0-1079" name="TestEnum0" fullname="Kaitai.SpecEnum0.TestEnum0" methodname="TestEnum0" classname="Kaitai.SpecEnum0" runstate="Runnable" seed="2010130773" result="Passed" start-time="2024-04-15 18:16:45Z" end-time="2024-04-15 18:16:45Z" duration="0.000328" asserts="2" />
      </test-suite>
      <test-suite type="TestFixture" id="0-1080" name="SpecEnum1" fullname="Kaitai.SpecEnum1" classname="Kaitai.SpecEnum1" runstate="Runnable" testcasecount="1" result="Passed" start-time="2024-04-15 18:16:45Z" end-time="2024-04-15 18:16:45Z" duration="0.002786" total="1" passed="1" failed="0" inconclusive="0" skipped="0" asserts="2">
        <test-case id="0-1081" name="TestEnum1" fullname="Kaitai.SpecEnum1.TestEnum1" methodname="TestEnum1" classname="Kaitai.SpecEnum1" runstate="Runnable" seed="1693288812" result="Passed" start-time="2024-04-15 18:16:45Z" end-time="2024-04-15 18:16:45Z" duration="0.000449" asserts="2" />
      </test-suite>
      <test-suite type="TestFixture" id="0-1082" name="SpecEnumDeep" fullname="Kaitai.SpecEnumDeep" classname="Kaitai.SpecEnumDeep" runstate="Runnable" testcasecount="1" result="Passed" start-time="2024-04-15 18:16:45Z" end-time="2024-04-15 18:16:45Z" duration="0.002656" total="1" passed="1" failed="0" inconclusive="0" skipped="0" asserts="2">
        <test-case id="0-1083" name="TestEnumDeep" fullname="Kaitai.SpecEnumDeep.TestEnumDeep" methodname="TestEnumDeep" classname="Kaitai.SpecEnumDeep" runstate="Runnable" seed="1065082318" result="Passed" start-time="2024-04-15 18:16:45Z" end-time="2024-04-15 18:16:45Z" duration="0.000329" asserts="2" />
      </test-suite>
      <test-suite type="TestFixture" id="0-1084" name="SpecEnumDeepLiterals" fullname="Kaitai.SpecEnumDeepLiterals" classname="Kaitai.SpecEnumDeepLiterals" runstate="Runnable" testcasecount="1" result="Passed" start-time="2024-04-15 18:16:45Z" end-time="2024-04-15 18:16:45Z" duration="0.002763" total="1" passed="1" failed="0" inconclusive="0" skipped="0" asserts="2">
        <test-case id="0-1085" name="TestEnumDeepLiterals" fullname="Kaitai.SpecEnumDeepLiterals.TestEnumDeepLiterals" methodname="TestEnumDeepLiterals" classname="Kaitai.SpecEnumDeepLiterals" runstate="Runnable" seed="1010878421" result="Passed" start-time="2024-04-15 18:16:45Z" end-time="2024-04-15 18:16:45Z" duration="0.000428" asserts="2" />
      </test-suite>
      <test-suite type="TestFixture" id="0-1086" name="SpecEnumFancy" fullname="Kaitai.SpecEnumFancy" classname="Kaitai.SpecEnumFancy" runstate="Runnable" testcasecount="1" result="Passed" start-time="2024-04-15 18:16:45Z" end-time="2024-04-15 18:16:45Z" duration="0.002678" total="1" passed="1" failed="0" inconclusive="0" skipped="0" asserts="2">
        <test-case id="0-1087" name="TestEnumFancy" fullname="Kaitai.SpecEnumFancy.TestEnumFancy" methodname="TestEnumFancy" classname="Kaitai.SpecEnumFancy" runstate="Runnable" seed="455206898" result="Passed" start-time="2024-04-15 18:16:45Z" end-time="2024-04-15 18:16:45Z" duration="0.000327" asserts="2" />
      </test-suite>
      <test-suite type="TestFixture" id="0-1088" name="SpecEnumIf" fullname="Kaitai.SpecEnumIf" classname="Kaitai.SpecEnumIf" runstate="Runnable" testcasecount="1" result="Passed" start-time="2024-04-15 18:16:45Z" end-time="2024-04-15 18:16:45Z" duration="0.003189" total="1" passed="1" failed="0" inconclusive="0" skipped="0" asserts="7">
        <test-case id="0-1089" name="TestEnumIf" fullname="Kaitai.SpecEnumIf.TestEnumIf" methodname="TestEnumIf" classname="Kaitai.SpecEnumIf" runstate="Runnable" seed="1297531999" result="Passed" start-time="2024-04-15 18:16:45Z" end-time="2024-04-15 18:16:45Z" duration="0.000857" asserts="7" />
      </test-suite>
      <test-suite type="TestFixture" id="0-1090" name="SpecEnumImportLiterals" fullname="Kaitai.SpecEnumImportLiterals" classname="Kaitai.SpecEnumImportLiterals" runstate="Runnable" testcasecount="1" result="Passed" start-time="2024-04-15 18:16:45Z" end-time="2024-04-15 18:16:45Z" duration="0.002717" total="1" passed="1" failed="0" inconclusive="0" skipped="0" asserts="3">
        <test-case id="0-1091" name="TestEnumImportLiterals" fullname="Kaitai.SpecEnumImportLiterals.TestEnumImportLiterals" methodname="TestEnumImportLiterals" classname="Kaitai.SpecEnumImportLiterals" runstate="Runnable" seed="1891994243" result="Passed" start-time="2024-04-15 18:16:45Z" end-time="2024-04-15 18:16:45Z" duration="0.000387" asserts="3" />
      </test-suite>
      <test-suite type="TestFixture" id="0-1092" name="SpecEnumImportSeq" fullname="Kaitai.SpecEnumImportSeq" classname="Kaitai.SpecEnumImportSeq" runstate="Runnable" testcasecount="1" result="Passed" start-time="2024-04-15 18:16:45Z" end-time="2024-04-15 18:16:45Z" duration="0.002687" total="1" passed="1" failed="0" inconclusive="0" skipped="0" asserts="2">
        <test-case id="0-1093" name="TestEnumImportSeq" fullname="Kaitai.SpecEnumImportSeq.TestEnumImportSeq" methodname="TestEnumImportSeq" classname="Kaitai.SpecEnumImportSeq" runstate="Runnable" seed="736593114" result="Passed" start-time="2024-04-15 18:16:45Z" end-time="2024-04-15 18:16:45Z" duration="0.000349" asserts="2" />
      </test-suite>
      <test-suite type="TestFixture" id="0-1094" name="SpecEnumIntRangeS" fullname="Kaitai.SpecEnumIntRangeS" classname="Kaitai.SpecEnumIntRangeS" runstate="Runnable" testcasecount="1" result="Passed" start-time="2024-04-15 18:16:45Z" end-time="2024-04-15 18:16:45Z" duration="0.002684" total="1" passed="1" failed="0" inconclusive="0" skipped="0" asserts="3">
        <test-case id="0-1095" name="TestEnumIntRangeS" fullname="Kaitai.SpecEnumIntRangeS.TestEnumIntRangeS" methodname="TestEnumIntRangeS" classname="Kaitai.SpecEnumIntRangeS" runstate="Runnable" seed="1970726553" result="Passed" start-time="2024-04-15 18:16:45Z" end-time="2024-04-15 18:16:45Z" duration="0.000359" asserts="3" />
      </test-suite>
      <test-suite type="TestFixture" id="0-1096" name="SpecEnumInvalid" fullname="Kaitai.SpecEnumInvalid" classname="Kaitai.SpecEnumInvalid" runstate="Runnable" testcasecount="1" result="Passed" start-time="2024-04-15 18:16:45Z" end-time="2024-04-15 18:16:45Z" duration="0.002648" total="1" passed="1" failed="0" inconclusive="0" skipped="0" asserts="2">
        <test-case id="0-1097" name="TestEnumInvalid" fullname="Kaitai.SpecEnumInvalid.TestEnumInvalid" methodname="TestEnumInvalid" classname="Kaitai.SpecEnumInvalid" runstate="Runnable" seed="1157049585" result="Passed" start-time="2024-04-15 18:16:45Z" end-time="2024-04-15 18:16:45Z" duration="0.000317" asserts="2" />
      </test-suite>
      <test-suite type="TestFixture" id="0-1098" name="SpecEnumNegative" fullname="Kaitai.SpecEnumNegative" classname="Kaitai.SpecEnumNegative" runstate="Runnable" testcasecount="1" result="Passed" start-time="2024-04-15 18:16:45Z" end-time="2024-04-15 18:16:45Z" duration="0.002698" total="1" passed="1" failed="0" inconclusive="0" skipped="0" asserts="2">
        <test-case id="0-1099" name="TestEnumNegative" fullname="Kaitai.SpecEnumNegative.TestEnumNegative" methodname="TestEnumNegative" classname="Kaitai.SpecEnumNegative" runstate="Runnable" seed="939667139" result="Passed" start-time="2024-04-15 18:16:45Z" end-time="2024-04-15 18:16:45Z" duration="0.000365" asserts="2" />
      </test-suite>
      <test-suite type="TestFixture" id="0-1100" name="SpecEnumOfValueInst" fullname="Kaitai.SpecEnumOfValueInst" classname="Kaitai.SpecEnumOfValueInst" runstate="Runnable" testcasecount="1" result="Passed" start-time="2024-04-15 18:16:45Z" end-time="2024-04-15 18:16:45Z" duration="0.002806" total="1" passed="1" failed="0" inconclusive="0" skipped="0" asserts="4">
        <test-case id="0-1101" name="TestEnumOfValueInst" fullname="Kaitai.SpecEnumOfValueInst.TestEnumOfValueInst" methodname="TestEnumOfValueInst" classname="Kaitai.SpecEnumOfValueInst" runstate="Runnable" seed="1341110675" result="Passed" start-time="2024-04-15 18:16:45Z" end-time="2024-04-15 18:16:45Z" duration="0.000462" asserts="4" />
      </test-suite>
      <test-suite type="TestFixture" id="0-1102" name="SpecEofExceptionBytes" fullname="Kaitai.SpecEofExceptionBytes" classname="Kaitai.SpecEofExceptionBytes" runstate="Runnable" testcasecount="1" result="Passed" start-time="2024-04-15 18:16:45Z" end-time="2024-04-15 18:16:45Z" duration="0.003297" total="1" passed="1" failed="0" inconclusive="0" skipped="0" asserts="1">
        <test-case id="0-1103" name="TestEofExceptionBytes" fullname="Kaitai.SpecEofExceptionBytes.TestEofExceptionBytes" methodname="TestEofExceptionBytes" classname="Kaitai.SpecEofExceptionBytes" runstate="Runnable" seed="663813850" result="Passed" start-time="2024-04-15 18:16:45Z" end-time="2024-04-15 18:16:45Z" duration="0.000955" asserts="1" />
      </test-suite>
      <test-suite type="TestFixture" id="0-1104" name="SpecEofExceptionSized" fullname="Kaitai.SpecEofExceptionSized" classname="Kaitai.SpecEofExceptionSized" runstate="Runnable" testcasecount="1" result="Passed" start-time="2024-04-15 18:16:45Z" end-time="2024-04-15 18:16:45Z" duration="0.002733" total="1" passed="1" failed="0" inconclusive="0" skipped="0" asserts="1">
        <test-case id="0-1105" name="TestEofExceptionSized" fullname="Kaitai.SpecEofExceptionSized.TestEofExceptionSized" methodname="TestEofExceptionSized" classname="Kaitai.SpecEofExceptionSized" runstate="Runnable" seed="1859426156" result="Passed" start-time="2024-04-15 18:16:45Z" end-time="2024-04-15 18:16:45Z" duration="0.000380" asserts="1" />
      </test-suite>
      <test-suite type="TestFixture" id="0-1106" name="SpecEofExceptionU4" fullname="Kaitai.SpecEofExceptionU4" classname="Kaitai.SpecEofExceptionU4" runstate="Runnable" testcasecount="1" result="Passed" start-time="2024-04-15 18:16:45Z" end-time="2024-04-15 18:16:45Z" duration="0.002696" total="1" passed="1" failed="0" inconclusive="0" skipped="0" asserts="1">
        <test-case id="0-1107" name="TestEofExceptionU4" fullname="Kaitai.SpecEofExceptionU4.TestEofExceptionU4" methodname="TestEofExceptionU4" classname="Kaitai.SpecEofExceptionU4" runstate="Runnable" seed="1600034371" result="Passed" start-time="2024-04-15 18:16:45Z" end-time="2024-04-15 18:16:45Z" duration="0.000352" asserts="1" />
      </test-suite>
      <test-suite type="TestFixture" id="0-1108" name="SpecEosExceptionBytes" fullname="Kaitai.SpecEosExceptionBytes" classname="Kaitai.SpecEosExceptionBytes" runstate="Runnable" testcasecount="1" result="Passed" start-time="2024-04-15 18:16:45Z" end-time="2024-04-15 18:16:45Z" duration="0.002759" total="1" passed="1" failed="0" inconclusive="0" skipped="0" asserts="1">
        <test-case id="0-1109" name="TestEosExceptionBytes" fullname="Kaitai.SpecEosExceptionBytes.TestEosExceptionBytes" methodname="TestEosExceptionBytes" classname="Kaitai.SpecEosExceptionBytes" runstate="Runnable" seed="256489313" result="Passed" start-time="2024-04-15 18:16:45Z" end-time="2024-04-15 18:16:45Z" duration="0.000415" asserts="1" />
      </test-suite>
      <test-suite type="TestFixture" id="0-1110" name="SpecEosExceptionSized" fullname="Kaitai.SpecEosExceptionSized" classname="Kaitai.SpecEosExceptionSized" runstate="Runnable" testcasecount="1" result="Passed" start-time="2024-04-15 18:16:45Z" end-time="2024-04-15 18:16:45Z" duration="0.002790" total="1" passed="1" failed="0" inconclusive="0" skipped="0" asserts="1">
        <test-case id="0-1111" name="TestEosExceptionSized" fullname="Kaitai.SpecEosExceptionSized.TestEosExceptionSized" methodname="TestEosExceptionSized" classname="Kaitai.SpecEosExceptionSized" runstate="Runnable" seed="1944068260" result="Passed" start-time="2024-04-15 18:16:45Z" end-time="2024-04-15 18:16:45Z" duration="0.000435" asserts="1" />
      </test-suite>
      <test-suite type="TestFixture" id="0-1112" name="SpecEosExceptionU4" fullname="Kaitai.SpecEosExceptionU4" classname="Kaitai.SpecEosExceptionU4" runstate="Runnable" testcasecount="1" result="Passed" start-time="2024-04-15 18:16:45Z" end-time="2024-04-15 18:16:45Z" duration="0.002802" total="1" passed="1" failed="0" inconclusive="0" skipped="0" asserts="1">
        <test-case id="0-1113" name="TestEosExceptionU4" fullname="Kaitai.SpecEosExceptionU4.TestEosExceptionU4" methodname="TestEosExceptionU4" classname="Kaitai.SpecEosExceptionU4" runstate="Runnable" seed="1088413047" result="Passed" start-time="2024-04-15 18:16:45Z" end-time="2024-04-15 18:16:45Z" duration="0.000457" asserts="1" />
      </test-suite>
      <test-suite type="TestFixture" id="0-1114" name="SpecExpr0" fullname="Kaitai.SpecExpr0" classname="Kaitai.SpecExpr0" runstate="Runnable" testcasecount="1" result="Passed" start-time="2024-04-15 18:16:45Z" end-time="2024-04-15 18:16:45Z" duration="0.002706" total="1" passed="1" failed="0" inconclusive="0" skipped="0" asserts="2">
        <test-case id="0-1115" name="TestExpr0" fullname="Kaitai.SpecExpr0.TestExpr0" methodname="TestExpr0" classname="Kaitai.SpecExpr0" runstate="Runnable" seed="672258035" result="Passed" start-time="2024-04-15 18:16:45Z" end-time="2024-04-15 18:16:45Z" duration="0.000369" asserts="2" />
      </test-suite>
      <test-suite type="TestFixture" id="0-1116" name="SpecExpr1" fullname="Kaitai.SpecExpr1" classname="Kaitai.SpecExpr1" runstate="Runnable" testcasecount="1" result="Passed" start-time="2024-04-15 18:16:45Z" end-time="2024-04-15 18:16:45Z" duration="0.002775" total="1" passed="1" failed="0" inconclusive="0" skipped="0" asserts="4">
        <test-case id="0-1117" name="TestExpr1" fullname="Kaitai.SpecExpr1.TestExpr1" methodname="TestExpr1" classname="Kaitai.SpecExpr1" runstate="Runnable" seed="650638210" result="Passed" start-time="2024-04-15 18:16:45Z" end-time="2024-04-15 18:16:45Z" duration="0.000441" asserts="4" />
      </test-suite>
      <test-suite type="TestFixture" id="0-1118" name="SpecExpr2" fullname="Kaitai.SpecExpr2" classname="Kaitai.SpecExpr2" runstate="Runnable" testcasecount="1" result="Passed" start-time="2024-04-15 18:16:45Z" end-time="2024-04-15 18:16:45Z" duration="0.003649" total="1" passed="1" failed="0" inconclusive="0" skipped="0" asserts="17">
        <test-case id="0-1119" name="TestExpr2" fullname="Kaitai.SpecExpr2.TestExpr2" methodname="TestExpr2" classname="Kaitai.SpecExpr2" runstate="Runnable" seed="146544293" result="Passed" start-time="2024-04-15 18:16:45Z" end-time="2024-04-15 18:16:45Z" duration="0.001311" asserts="17" />
      </test-suite>
      <test-suite type="TestFixture" id="0-1120" name="SpecExpr3" fullname="Kaitai.SpecExpr3" classname="Kaitai.SpecExpr3" runstate="Runnable" testcasecount="1" result="Passed" start-time="2024-04-15 18:16:45Z" end-time="2024-04-15 18:16:45Z" duration="0.003347" total="1" passed="1" failed="0" inconclusive="0" skipped="0" asserts="12">
        <test-case id="0-1121" name="TestExpr3" fullname="Kaitai.SpecExpr3.TestExpr3" methodname="TestExpr3" classname="Kaitai.SpecExpr3" runstate="Runnable" seed="49828546" result="Passed" start-time="2024-04-15 18:16:45Z" end-time="2024-04-15 18:16:45Z" duration="0.000988" asserts="12" />
      </test-suite>
      <test-suite type="TestFixture" id="0-1122" name="SpecExprArray" fullname="Kaitai.SpecExprArray" classname="Kaitai.SpecExprArray" runstate="Runnable" testcasecount="1" result="Passed" start-time="2024-04-15 18:16:45Z" end-time="2024-04-15 18:16:45Z" duration="0.007687" total="1" passed="1" failed="0" inconclusive="0" skipped="0" asserts="15">
        <test-case id="0-1123" name="TestExprArray" fullname="Kaitai.SpecExprArray.TestExprArray" methodname="TestExprArray" classname="Kaitai.SpecExprArray" runstate="Runnable" seed="1192681932" result="Passed" start-time="2024-04-15 18:16:45Z" end-time="2024-04-15 18:16:45Z" duration="0.005345" asserts="15" />
      </test-suite>
      <test-suite type="TestFixture" id="0-1124" name="SpecExprBytesCmp" fullname="Kaitai.SpecExprBytesCmp" classname="Kaitai.SpecExprBytesCmp" runstate="Runnable" testcasecount="1" result="Passed" start-time="2024-04-15 18:16:45Z" end-time="2024-04-15 18:16:45Z" duration="0.003351" total="1" passed="1" failed="0" inconclusive="0" skipped="0" asserts="10">
        <test-case id="0-1125" name="TestExprBytesCmp" fullname="Kaitai.SpecExprBytesCmp.TestExprBytesCmp" methodname="TestExprBytesCmp" classname="Kaitai.SpecExprBytesCmp" runstate="Runnable" seed="683512073" result="Passed" start-time="2024-04-15 18:16:45Z" end-time="2024-04-15 18:16:45Z" duration="0.001001" asserts="10" />
      </test-suite>
      <test-suite type="TestFixture" id="0-1126" name="SpecExprBytesNonLiteral" fullname="Kaitai.SpecExprBytesNonLiteral" classname="Kaitai.SpecExprBytesNonLiteral" runstate="Runnable" testcasecount="1" result="Passed" start-time="2024-04-15 18:16:45Z" end-time="2024-04-15 18:16:45Z" duration="0.002727" total="1" passed="1" failed="0" inconclusive="0" skipped="0" asserts="3">
        <test-case id="0-1127" name="TestExprBytesNonLiteral" fullname="Kaitai.SpecExprBytesNonLiteral.TestExprBytesNonLiteral" methodname="TestExprBytesNonLiteral" classname="Kaitai.SpecExprBytesNonLiteral" runstate="Runnable" seed="363040485" result="Passed" start-time="2024-04-15 18:16:45Z" end-time="2024-04-15 18:16:45Z" duration="0.000389" asserts="3" />
      </test-suite>
      <test-suite type="TestFixture" id="0-1128" name="SpecExprBytesOps" fullname="Kaitai.SpecExprBytesOps" classname="Kaitai.SpecExprBytesOps" runstate="Runnable" testcasecount="1" result="Passed" start-time="2024-04-15 18:16:45Z" end-time="2024-04-15 18:16:45Z" duration="0.004860" total="1" passed="1" failed="0" inconclusive="0" skipped="0" asserts="16">
        <test-case id="0-1129" name="TestExprBytesOps" fullname="Kaitai.SpecExprBytesOps.TestExprBytesOps" methodname="TestExprBytesOps" classname="Kaitai.SpecExprBytesOps" runstate="Runnable" seed="8730408" result="Passed" start-time="2024-04-15 18:16:45Z" end-time="2024-04-15 18:16:45Z" duration="0.002521" asserts="16" />
      </test-suite>
      <test-suite type="TestFixture" id="0-1130" name="SpecExprCalcArrayOps" fullname="Kaitai.SpecExprCalcArrayOps" classname="Kaitai.SpecExprCalcArrayOps" runstate="Runnable" testcasecount="1" result="Passed" start-time="2024-04-15 18:16:45Z" end-time="2024-04-15 18:16:45Z" duration="0.004955" total="1" passed="1" failed="0" inconclusive="0" skipped="0" asserts="18">
        <test-case id="0-1131" name="TestExprCalcArrayOps" fullname="Kaitai.SpecExprCalcArrayOps.TestExprCalcArrayOps" methodname="TestExprCalcArrayOps" classname="Kaitai.SpecExprCalcArrayOps" runstate="Runnable" seed="1947205915" result="Passed" start-time="2024-04-15 18:16:45Z" end-time="2024-04-15 18:16:45Z" duration="0.002611" asserts="18" />
      </test-suite>
      <test-suite type="TestFixture" id="0-1132" name="SpecExprEnum" fullname="Kaitai.SpecExprEnum" classname="Kaitai.SpecExprEnum" runstate="Runnable" testcasecount="1" result="Passed" start-time="2024-04-15 18:16:45Z" end-time="2024-04-15 18:16:45Z" duration="0.002797" total="1" passed="1" failed="0" inconclusive="0" skipped="0" asserts="3">
        <test-case id="0-1133" name="TestExprEnum" fullname="Kaitai.SpecExprEnum.TestExprEnum" methodname="TestExprEnum" classname="Kaitai.SpecExprEnum" runstate="Runnable" seed="668397733" result="Passed" start-time="2024-04-15 18:16:45Z" end-time="2024-04-15 18:16:45Z" duration="0.000456" asserts="3" />
      </test-suite>
      <test-suite type="TestFixture" id="0-1134" name="SpecExprFstring0" fullname="Kaitai.SpecExprFstring0" classname="Kaitai.SpecExprFstring0" runstate="Runnable" testcasecount="1" result="Passed" start-time="2024-04-15 18:16:45Z" end-time="2024-04-15 18:16:46Z" duration="0.003144" total="1" passed="1" failed="0" inconclusive="0" skipped="0" asserts="9">
        <test-case id="0-1135" name="TestExprFstring0" fullname="Kaitai.SpecExprFstring0.TestExprFstring0" methodname="TestExprFstring0" classname="Kaitai.SpecExprFstring0" runstate="Runnable" seed="806545848" result="Passed" start-time="2024-04-15 18:16:45Z" end-time="2024-04-15 18:16:46Z" duration="0.000809" asserts="9" />
      </test-suite>
      <test-suite type="TestFixture" id="0-1136" name="SpecExprIfIntOps" fullname="Kaitai.SpecExprIfIntOps" classname="Kaitai.SpecExprIfIntOps" runstate="Runnable" testcasecount="1" result="Passed" start-time="2024-04-15 18:16:46Z" end-time="2024-04-15 18:16:46Z" duration="0.003035" total="1" passed="1" failed="0" inconclusive="0" skipped="0" asserts="2">
        <test-case id="0-1137" name="TestExprIfIntOps" fullname="Kaitai.SpecExprIfIntOps.TestExprIfIntOps" methodname="TestExprIfIntOps" classname="Kaitai.SpecExprIfIntOps" runstate="Runnable" seed="1901873645" result="Passed" start-time="2024-04-15 18:16:46Z" end-time="2024-04-15 18:16:46Z" duration="0.000694" asserts="2" />
      </test-suite>
      <test-suite type="TestFixture" id="0-1138" name="SpecExprIntDiv" fullname="Kaitai.SpecExprIntDiv" classname="Kaitai.SpecExprIntDiv" runstate="Runnable" testcasecount="1" result="Failed" site="Child" start-time="2024-04-15 18:16:46Z" end-time="2024-04-15 18:16:46Z" duration="0.010331" total="1" passed="0" failed="1" inconclusive="0" skipped="0" asserts="4">
        <failure>
          <message><![CDATA[One or more child tests had errors]]></message>
        </failure>
        <test-case id="0-1139" name="TestExprIntDiv" fullname="Kaitai.SpecExprIntDiv.TestExprIntDiv" methodname="TestExprIntDiv" classname="Kaitai.SpecExprIntDiv" runstate="Runnable" seed="168400317" result="Failed" start-time="2024-04-15 18:16:46Z" end-time="2024-04-15 18:16:46Z" duration="0.007961" asserts="4">
          <failure>
            <message><![CDATA[  Expected: -756
  But was:  -757
]]></message>
            <stack-trace><![CDATA[at Kaitai.SpecExprIntDiv.TestExprIntDiv () [0x00069] in <08d996eb8e214425a3ee998fa1d7b449>:0
]]></stack-trace>
          </failure>
        </test-case>
      </test-suite>
      <test-suite type="TestFixture" id="0-1140" name="SpecExprIoEof" fullname="Kaitai.SpecExprIoEof" classname="Kaitai.SpecExprIoEof" runstate="Runnable" testcasecount="1" result="Passed" start-time="2024-04-15 18:16:46Z" end-time="2024-04-15 18:16:46Z" duration="0.003150" total="1" passed="1" failed="0" inconclusive="0" skipped="0" asserts="4">
        <test-case id="0-1141" name="TestExprIoEof" fullname="Kaitai.SpecExprIoEof.TestExprIoEof" methodname="TestExprIoEof" classname="Kaitai.SpecExprIoEof" runstate="Runnable" seed="827778692" result="Passed" start-time="2024-04-15 18:16:46Z" end-time="2024-04-15 18:16:46Z" duration="0.000801" asserts="4" />
      </test-suite>
      <test-suite type="TestFixture" id="0-1142" name="SpecExprIoPos" fullname="Kaitai.SpecExprIoPos" classname="Kaitai.SpecExprIoPos" runstate="Runnable" testcasecount="1" result="Passed" start-time="2024-04-15 18:16:46Z" end-time="2024-04-15 18:16:46Z" duration="0.002957" total="1" passed="1" failed="0" inconclusive="0" skipped="0" asserts="6">
        <test-case id="0-1143" name="TestExprIoPos" fullname="Kaitai.SpecExprIoPos.TestExprIoPos" methodname="TestExprIoPos" classname="Kaitai.SpecExprIoPos" runstate="Runnable" seed="784767241" result="Passed" start-time="2024-04-15 18:16:46Z" end-time="2024-04-15 18:16:46Z" duration="0.000617" asserts="6" />
      </test-suite>
      <test-suite type="TestFixture" id="0-1144" name="SpecExprMod" fullname="Kaitai.SpecExprMod" classname="Kaitai.SpecExprMod" runstate="Runnable" testcasecount="1" result="Passed" start-time="2024-04-15 18:16:46Z" end-time="2024-04-15 18:16:46Z" duration="0.002965" total="1" passed="1" failed="0" inconclusive="0" skipped="0" asserts="6">
        <test-case id="0-1145" name="TestExprMod" fullname="Kaitai.SpecExprMod.TestExprMod" methodname="TestExprMod" classname="Kaitai.SpecExprMod" runstate="Runnable" seed="1518926805" result="Passed" start-time="2024-04-15 18:16:46Z" end-time="2024-04-15 18:16:46Z" duration="0.000626" asserts="6" />
      </test-suite>
      <test-suite type="TestFixture" id="0-1146" name="SpecExprOpsParens" fullname="Kaitai.SpecExprOpsParens" classname="Kaitai.SpecExprOpsParens" runstate="Runnable" testcasecount="1" result="Passed" start-time="2024-04-15 18:16:46Z" end-time="2024-04-15 18:16:46Z" duration="0.004817" total="1" passed="1" failed="0" inconclusive="0" skipped="0" asserts="9">
        <test-case id="0-1147" name="TestExprOpsParens" fullname="Kaitai.SpecExprOpsParens.TestExprOpsParens" methodname="TestExprOpsParens" classname="Kaitai.SpecExprOpsParens" runstate="Runnable" seed="1880877498" result="Passed" start-time="2024-04-15 18:16:46Z" end-time="2024-04-15 18:16:46Z" duration="0.002476" asserts="9" />
      </test-suite>
      <test-suite type="TestFixture" id="0-1148" name="SpecExprSizeofType0" fullname="Kaitai.SpecExprSizeofType0" classname="Kaitai.SpecExprSizeofType0" runstate="Runnable" testcasecount="1" result="Passed" start-time="2024-04-15 18:16:46Z" end-time="2024-04-15 18:16:46Z" duration="0.002634" total="1" passed="1" failed="0" inconclusive="0" skipped="0" asserts="1">
        <test-case id="0-1149" name="TestExprSizeofType0" fullname="Kaitai.SpecExprSizeofType0.TestExprSizeofType0" methodname="TestExprSizeofType0" classname="Kaitai.SpecExprSizeofType0" runstate="Runnable" seed="1778162320" result="Passed" start-time="2024-04-15 18:16:46Z" end-time="2024-04-15 18:16:46Z" duration="0.000293" asserts="1" />
      </test-suite>
      <test-suite type="TestFixture" id="0-1150" name="SpecExprSizeofType1" fullname="Kaitai.SpecExprSizeofType1" classname="Kaitai.SpecExprSizeofType1" runstate="Runnable" testcasecount="1" result="Passed" start-time="2024-04-15 18:16:46Z" end-time="2024-04-15 18:16:46Z" duration="0.002693" total="1" passed="1" failed="0" inconclusive="0" skipped="0" asserts="2">
        <test-case id="0-1151" name="TestExprSizeofType1" fullname="Kaitai.SpecExprSizeofType1.TestExprSizeofType1" methodname="TestExprSizeofType1" classname="Kaitai.SpecExprSizeofType1" runstate="Runnable" seed="215415807" result="Passed" start-time="2024-04-15 18:16:46Z" end-time="2024-04-15 18:16:46Z" duration="0.000324" asserts="2" />
      </test-suite>
      <test-suite type="TestFixture" id="0-1152" name="SpecExprSizeofValue0" fullname="Kaitai.SpecExprSizeofValue0" classname="Kaitai.SpecExprSizeofValue0" runstate="Runnable" testcasecount="1" result="Passed" start-time="2024-04-15 18:16:46Z" end-time="2024-04-15 18:16:46Z" duration="0.002903" total="1" passed="1" failed="0" inconclusive="0" skipped="0" asserts="5">
        <test-case id="0-1153" name="TestExprSizeofValue0" fullname="Kaitai.SpecExprSizeofValue0.TestExprSizeofValue0" methodname="TestExprSizeofValue0" classname="Kaitai.SpecExprSizeofValue0" runstate="Runnable" seed="122086659" result="Passed" start-time="2024-04-15 18:16:46Z" end-time="2024-04-15 18:16:46Z" duration="0.000562" asserts="5" />
      </test-suite>
      <test-suite type="TestFixture" id="0-1154" name="SpecExprSizeofValueSized" fullname="Kaitai.SpecExprSizeofValueSized" classname="Kaitai.SpecExprSizeofValueSized" runstate="Runnable" testcasecount="1" result="Passed" start-time="2024-04-15 18:16:46Z" end-time="2024-04-15 18:16:46Z" duration="0.002913" total="1" passed="1" failed="0" inconclusive="0" skipped="0" asserts="5">
        <test-case id="0-1155" name="TestExprSizeofValueSized" fullname="Kaitai.SpecExprSizeofValueSized.TestExprSizeofValueSized" methodname="TestExprSizeofValueSized" classname="Kaitai.SpecExprSizeofValueSized" runstate="Runnable" seed="1875255946" result="Passed" start-time="2024-04-15 18:16:46Z" end-time="2024-04-15 18:16:46Z" duration="0.000571" asserts="5" />
      </test-suite>
      <test-suite type="TestFixture" id="0-1156" name="SpecExprStrEncodings" fullname="Kaitai.SpecExprStrEncodings" classname="Kaitai.SpecExprStrEncodings" runstate="Runnable" testcasecount="1" result="Passed" start-time="2024-04-15 18:16:46Z" end-time="2024-04-15 18:16:46Z" duration="0.112128" total="1" passed="1" failed="0" inconclusive="0" skipped="0" asserts="7">
        <test-case id="0-1157" name="TestExprStrEncodings" fullname="Kaitai.SpecExprStrEncodings.TestExprStrEncodings" methodname="TestExprStrEncodings" classname="Kaitai.SpecExprStrEncodings" runstate="Runnable" seed="1303427448" result="Passed" start-time="2024-04-15 18:16:46Z" end-time="2024-04-15 18:16:46Z" duration="0.109785" asserts="7" />
      </test-suite>
      <test-suite type="TestFixture" id="0-1158" name="SpecExprStrOps" fullname="Kaitai.SpecExprStrOps" classname="Kaitai.SpecExprStrOps" runstate="Runnable" testcasecount="1" result="Passed" start-time="2024-04-15 18:16:46Z" end-time="2024-04-15 18:16:46Z" duration="0.003360" total="1" passed="1" failed="0" inconclusive="0" skipped="0" asserts="17">
        <test-case id="0-1159" name="TestExprStrOps" fullname="Kaitai.SpecExprStrOps.TestExprStrOps" methodname="TestExprStrOps" classname="Kaitai.SpecExprStrOps" runstate="Runnable" seed="154877861" result="Passed" start-time="2024-04-15 18:16:46Z" end-time="2024-04-15 18:16:46Z" duration="0.001024" asserts="17" />
      </test-suite>
      <test-suite type="TestFixture" id="0-1160" name="SpecExprToITrailing" fullname="Kaitai.SpecExprToITrailing" classname="Kaitai.SpecExprToITrailing" runstate="Runnable" testcasecount="1" result="Passed" start-time="2024-04-15 18:16:46Z" end-time="2024-04-15 18:16:46Z" duration="0.003103" total="1" passed="1" failed="0" inconclusive="0" skipped="0" asserts="3">
        <test-case id="0-1161" name="TestExprToITrailing" fullname="Kaitai.SpecExprToITrailing.TestExprToITrailing" methodname="TestExprToITrailing" classname="Kaitai.SpecExprToITrailing" runstate="Runnable" seed="1599333193" result="Passed" start-time="2024-04-15 18:16:46Z" end-time="2024-04-15 18:16:46Z" duration="0.000761" asserts="3" />
      </test-suite>
      <test-suite type="TestFixture" id="0-1162" name="SpecFixedContents" fullname="Kaitai.SpecFixedContents" classname="Kaitai.SpecFixedContents" runstate="Runnable" testcasecount="1" result="Passed" start-time="2024-04-15 18:16:46Z" end-time="2024-04-15 18:16:46Z" duration="0.002775" total="1" passed="1" failed="0" inconclusive="0" skipped="0" asserts="0">
        <test-case id="0-1163" name="TestFixedContents" fullname="Kaitai.SpecFixedContents.TestFixedContents" methodname="TestFixedContents" classname="Kaitai.SpecFixedContents" runstate="Runnable" seed="467645370" result="Passed" start-time="2024-04-15 18:16:46Z" end-time="2024-04-15 18:16:46Z" duration="0.000417" asserts="0" />
      </test-suite>
      <test-suite type="TestFixture" id="0-1164" name="SpecFixedStruct" fullname="Kaitai.SpecFixedStruct" classname="Kaitai.SpecFixedStruct" runstate="Runnable" testcasecount="1" result="Passed" start-time="2024-04-15 18:16:46Z" end-time="2024-04-15 18:16:46Z" duration="0.003984" total="1" passed="1" failed="0" inconclusive="0" skipped="0" asserts="20">
        <test-case id="0-1165" name="TestFixedStruct" fullname="Kaitai.SpecFixedStruct.TestFixedStruct" methodname="TestFixedStruct" classname="Kaitai.SpecFixedStruct" runstate="Runnable" seed="1876015994" result="Passed" start-time="2024-04-15 18:16:46Z" end-time="2024-04-15 18:16:46Z" duration="0.001644" asserts="20" />
      </test-suite>
      <test-suite type="TestFixture" id="0-1168" name="SpecFloatingPoints" fullname="Kaitai.SpecFloatingPoints" classname="Kaitai.SpecFloatingPoints" runstate="Runnable" testcasecount="1" result="Passed" start-time="2024-04-15 18:16:46Z" end-time="2024-04-15 18:16:46Z" duration="0.003059" total="1" passed="1" failed="0" inconclusive="0" skipped="0" asserts="8">
        <test-case id="0-1169" name="TestFloatingPoints" fullname="Kaitai.SpecFloatingPoints.TestFloatingPoints" methodname="TestFloatingPoints" classname="Kaitai.SpecFloatingPoints" runstate="Runnable" seed="37488226" result="Passed" start-time="2024-04-15 18:16:46Z" end-time="2024-04-15 18:16:46Z" duration="0.000689" asserts="8" />
      </test-suite>
      <test-suite type="TestFixture" id="0-1166" name="SpecFloatToI" fullname="Kaitai.SpecFloatToI" classname="Kaitai.SpecFloatToI" runstate="Runnable" testcasecount="1" result="Passed" start-time="2024-04-15 18:16:46Z" end-time="2024-04-15 18:16:46Z" duration="0.003054" total="1" passed="1" failed="0" inconclusive="0" skipped="0" asserts="8">
        <test-case id="0-1167" name="TestFloatToI" fullname="Kaitai.SpecFloatToI.TestFloatToI" methodname="TestFloatToI" classname="Kaitai.SpecFloatToI" runstate="Runnable" seed="499610684" result="Passed" start-time="2024-04-15 18:16:46Z" end-time="2024-04-15 18:16:46Z" duration="0.000710" asserts="8" />
      </test-suite>
      <test-suite type="TestFixture" id="0-1170" name="SpecHelloWorld" fullname="Kaitai.SpecHelloWorld" classname="Kaitai.SpecHelloWorld" runstate="Runnable" testcasecount="1" result="Passed" start-time="2024-04-15 18:16:46Z" end-time="2024-04-15 18:16:46Z" duration="0.002626" total="1" passed="1" failed="0" inconclusive="0" skipped="0" asserts="1">
        <test-case id="0-1171" name="TestHelloWorld" fullname="Kaitai.SpecHelloWorld.TestHelloWorld" methodname="TestHelloWorld" classname="Kaitai.SpecHelloWorld" runstate="Runnable" seed="403735235" result="Passed" start-time="2024-04-15 18:16:46Z" end-time="2024-04-15 18:16:46Z" duration="0.000308" asserts="1" />
      </test-suite>
      <test-suite type="TestFixture" id="0-1172" name="SpecIfInstances" fullname="Kaitai.SpecIfInstances" classname="Kaitai.SpecIfInstances" runstate="Runnable" testcasecount="1" result="Passed" start-time="2024-04-15 18:16:46Z" end-time="2024-04-15 18:16:46Z" duration="0.002711" total="1" passed="1" failed="0" inconclusive="0" skipped="0" asserts="1">
        <test-case id="0-1173" name="TestIfInstances" fullname="Kaitai.SpecIfInstances.TestIfInstances" methodname="TestIfInstances" classname="Kaitai.SpecIfInstances" runstate="Runnable" seed="421321109" result="Passed" start-time="2024-04-15 18:16:46Z" end-time="2024-04-15 18:16:46Z" duration="0.000368" asserts="1" />
      </test-suite>
      <test-suite type="TestFixture" id="0-1174" name="SpecIfStruct" fullname="Kaitai.SpecIfStruct" classname="Kaitai.SpecIfStruct" runstate="Runnable" testcasecount="1" result="Passed" start-time="2024-04-15 18:16:46Z" end-time="2024-04-15 18:16:46Z" duration="0.003066" total="1" passed="1" failed="0" inconclusive="0" skipped="0" asserts="7">
        <test-case id="0-1175" name="TestIfStruct" fullname="Kaitai.SpecIfStruct.TestIfStruct" methodname="TestIfStruct" classname="Kaitai.SpecIfStruct" runstate="Runnable" seed="1727333593" result="Passed" start-time="2024-04-15 18:16:46Z" end-time="2024-04-15 18:16:46Z" duration="0.000731" asserts="7" />
      </test-suite>
      <test-suite type="TestFixture" id="0-1176" name="SpecIfValues" fullname="Kaitai.SpecIfValues" classname="Kaitai.SpecIfValues" runstate="Runnable" testcasecount="1" result="Passed" start-time="2024-04-15 18:16:46Z" end-time="2024-04-15 18:16:46Z" duration="0.003310" total="1" passed="1" failed="0" inconclusive="0" skipped="0" asserts="6">
        <test-case id="0-1177" name="TestIfValues" fullname="Kaitai.SpecIfValues.TestIfValues" methodname="TestIfValues" classname="Kaitai.SpecIfValues" runstate="Runnable" seed="1530756642" result="Passed" start-time="2024-04-15 18:16:46Z" end-time="2024-04-15 18:16:46Z" duration="0.000972" asserts="6" />
      </test-suite>
      <test-suite type="TestFixture" id="0-1178" name="SpecImports0" fullname="Kaitai.SpecImports0" classname="Kaitai.SpecImports0" runstate="Runnable" testcasecount="1" result="Passed" start-time="2024-04-15 18:16:46Z" end-time="2024-04-15 18:16:46Z" duration="0.002765" total="1" passed="1" failed="0" inconclusive="0" skipped="0" asserts="3">
        <test-case id="0-1179" name="TestImports0" fullname="Kaitai.SpecImports0.TestImports0" methodname="TestImports0" classname="Kaitai.SpecImports0" runstate="Runnable" seed="1653092757" result="Passed" start-time="2024-04-15 18:16:46Z" end-time="2024-04-15 18:16:46Z" duration="0.000421" asserts="3" />
      </test-suite>
      <test-suite type="TestFixture" id="0-1180" name="SpecImportsAbs" fullname="Kaitai.SpecImportsAbs" classname="Kaitai.SpecImportsAbs" runstate="Runnable" testcasecount="1" result="Passed" start-time="2024-04-15 18:16:46Z" end-time="2024-04-15 18:16:46Z" duration="0.003541" total="1" passed="1" failed="0" inconclusive="0" skipped="0" asserts="2">
        <test-case id="0-1181" name="TestImportsAbs" fullname="Kaitai.SpecImportsAbs.TestImportsAbs" methodname="TestImportsAbs" classname="Kaitai.SpecImportsAbs" runstate="Runnable" seed="434293110" result="Passed" start-time="2024-04-15 18:16:46Z" end-time="2024-04-15 18:16:46Z" duration="0.001195" asserts="2" />
      </test-suite>
      <test-suite type="TestFixture" id="0-1182" name="SpecImportsAbsAbs" fullname="Kaitai.SpecImportsAbsAbs" classname="Kaitai.SpecImportsAbsAbs" runstate="Runnable" testcasecount="1" result="Passed" start-time="2024-04-15 18:16:46Z" end-time="2024-04-15 18:16:46Z" duration="0.002855" total="1" passed="1" failed="0" inconclusive="0" skipped="0" asserts="3">
        <test-case id="0-1183" name="TestImportsAbsAbs" fullname="Kaitai.SpecImportsAbsAbs.TestImportsAbsAbs" methodname="TestImportsAbsAbs" classname="Kaitai.SpecImportsAbsAbs" runstate="Runnable" seed="799565685" result="Passed" start-time="2024-04-15 18:16:46Z" end-time="2024-04-15 18:16:46Z" duration="0.000507" asserts="3" />
      </test-suite>
      <test-suite type="TestFixture" id="0-1184" name="SpecImportsAbsRel" fullname="Kaitai.SpecImportsAbsRel" classname="Kaitai.SpecImportsAbsRel" runstate="Runnable" testcasecount="1" result="Passed" start-time="2024-04-15 18:16:46Z" end-time="2024-04-15 18:16:46Z" duration="0.002791" total="1" passed="1" failed="0" inconclusive="0" skipped="0" asserts="3">
        <test-case id="0-1185" name="TestImportsAbsRel" fullname="Kaitai.SpecImportsAbsRel.TestImportsAbsRel" methodname="TestImportsAbsRel" classname="Kaitai.SpecImportsAbsRel" runstate="Runnable" seed="2089486042" result="Passed" start-time="2024-04-15 18:16:46Z" end-time="2024-04-15 18:16:46Z" duration="0.000441" asserts="3" />
      </test-suite>
      <test-suite type="TestFixture" id="0-1186" name="SpecImportsCastToImported" fullname="Kaitai.SpecImportsCastToImported" classname="Kaitai.SpecImportsCastToImported" runstate="Runnable" testcasecount="1" result="Passed" start-time="2024-04-15 18:16:46Z" end-time="2024-04-15 18:16:46Z" duration="0.002819" total="1" passed="1" failed="0" inconclusive="0" skipped="0" asserts="2">
        <test-case id="0-1187" name="TestImportsCastToImported" fullname="Kaitai.SpecImportsCastToImported.TestImportsCastToImported" methodname="TestImportsCastToImported" classname="Kaitai.SpecImportsCastToImported" runstate="Runnable" seed="1878525965" result="Passed" start-time="2024-04-15 18:16:46Z" end-time="2024-04-15 18:16:46Z" duration="0.000478" asserts="2" />
      </test-suite>
      <test-suite type="TestFixture" id="0-1188" name="SpecImportsCastToImported2" fullname="Kaitai.SpecImportsCastToImported2" classname="Kaitai.SpecImportsCastToImported2" runstate="Runnable" testcasecount="1" result="Passed" start-time="2024-04-15 18:16:46Z" end-time="2024-04-15 18:16:46Z" duration="0.002780" total="1" passed="1" failed="0" inconclusive="0" skipped="0" asserts="2">
        <test-case id="0-1189" name="TestImportsCastToImported2" fullname="Kaitai.SpecImportsCastToImported2.TestImportsCastToImported2" methodname="TestImportsCastToImported2" classname="Kaitai.SpecImportsCastToImported2" runstate="Runnable" seed="344916382" result="Passed" start-time="2024-04-15 18:16:46Z" end-time="2024-04-15 18:16:46Z" duration="0.000446" asserts="2" />
      </test-suite>
      <test-suite type="TestFixture" id="0-1190" name="SpecImportsCircularA" fullname="Kaitai.SpecImportsCircularA" classname="Kaitai.SpecImportsCircularA" runstate="Runnable" testcasecount="1" result="Passed" start-time="2024-04-15 18:16:46Z" end-time="2024-04-15 18:16:46Z" duration="0.002859" total="1" passed="1" failed="0" inconclusive="0" skipped="0" asserts="5">
        <test-case id="0-1191" name="TestImportsCircularA" fullname="Kaitai.SpecImportsCircularA.TestImportsCircularA" methodname="TestImportsCircularA" classname="Kaitai.SpecImportsCircularA" runstate="Runnable" seed="1987305585" result="Passed" start-time="2024-04-15 18:16:46Z" end-time="2024-04-15 18:16:46Z" duration="0.000523" asserts="5" />
      </test-suite>
      <test-suite type="TestFixture" id="0-1192" name="SpecImportsParamsDefEnumImported" fullname="Kaitai.SpecImportsParamsDefEnumImported" classname="Kaitai.SpecImportsParamsDefEnumImported" runstate="Runnable" testcasecount="1" result="Passed" start-time="2024-04-15 18:16:46Z" end-time="2024-04-15 18:16:46Z" duration="0.002818" total="1" passed="1" failed="0" inconclusive="0" skipped="0" asserts="4">
        <test-case id="0-1193" name="TestImportsParamsDefEnumImported" fullname="Kaitai.SpecImportsParamsDefEnumImported.TestImportsParamsDefEnumImported" methodname="TestImportsParamsDefEnumImported" classname="Kaitai.SpecImportsParamsDefEnumImported" runstate="Runnable" seed="1986329306" result="Passed" start-time="2024-04-15 18:16:46Z" end-time="2024-04-15 18:16:46Z" duration="0.000485" asserts="4" />
      </test-suite>
      <test-suite type="TestFixture" id="0-1194" name="SpecImportsParamsDefUsertypeImported" fullname="Kaitai.SpecImportsParamsDefUsertypeImported" classname="Kaitai.SpecImportsParamsDefUsertypeImported" runstate="Runnable" testcasecount="1" result="Passed" start-time="2024-04-15 18:16:46Z" end-time="2024-04-15 18:16:46Z" duration="0.002796" total="1" passed="1" failed="0" inconclusive="0" skipped="0" asserts="2">
        <test-case id="0-1195" name="TestImportsParamsDefUsertypeImported" fullname="Kaitai.SpecImportsParamsDefUsertypeImported.TestImportsParamsDefUsertypeImported" methodname="TestImportsParamsDefUsertypeImported" classname="Kaitai.SpecImportsParamsDefUsertypeImported" runstate="Runnable" seed="689464123" result="Passed" start-time="2024-04-15 18:16:46Z" end-time="2024-04-15 18:16:46Z" duration="0.000435" asserts="2" />
      </test-suite>
      <test-suite type="TestFixture" id="0-1196" name="SpecImportsRel1" fullname="Kaitai.SpecImportsRel1" classname="Kaitai.SpecImportsRel1" runstate="Runnable" testcasecount="1" result="Passed" start-time="2024-04-15 18:16:46Z" end-time="2024-04-15 18:16:46Z" duration="0.002832" total="1" passed="1" failed="0" inconclusive="0" skipped="0" asserts="3">
        <test-case id="0-1197" name="TestImportsRel1" fullname="Kaitai.SpecImportsRel1.TestImportsRel1" methodname="TestImportsRel1" classname="Kaitai.SpecImportsRel1" runstate="Runnable" seed="1841682232" result="Passed" start-time="2024-04-15 18:16:46Z" end-time="2024-04-15 18:16:46Z" duration="0.000496" asserts="3" />
      </test-suite>
      <test-suite type="TestFixture" id="0-1198" name="SpecIndexSizes" fullname="Kaitai.SpecIndexSizes" classname="Kaitai.SpecIndexSizes" runstate="Runnable" testcasecount="1" result="Passed" start-time="2024-04-15 18:16:46Z" end-time="2024-04-15 18:16:46Z" duration="0.002992" total="1" passed="1" failed="0" inconclusive="0" skipped="0" asserts="7">
        <test-case id="0-1199" name="TestIndexSizes" fullname="Kaitai.SpecIndexSizes.TestIndexSizes" methodname="TestIndexSizes" classname="Kaitai.SpecIndexSizes" runstate="Runnable" seed="1807166939" result="Passed" start-time="2024-04-15 18:16:46Z" end-time="2024-04-15 18:16:46Z" duration="0.000652" asserts="7" />
      </test-suite>
      <test-suite type="TestFixture" id="0-1200" name="SpecIndexToParamEos" fullname="Kaitai.SpecIndexToParamEos" classname="Kaitai.SpecIndexToParamEos" runstate="Runnable" testcasecount="1" result="Passed" start-time="2024-04-15 18:16:46Z" end-time="2024-04-15 18:16:46Z" duration="0.003265" total="1" passed="1" failed="0" inconclusive="0" skipped="0" asserts="7">
        <test-case id="0-1201" name="TestIndexToParamEos" fullname="Kaitai.SpecIndexToParamEos.TestIndexToParamEos" methodname="TestIndexToParamEos" classname="Kaitai.SpecIndexToParamEos" runstate="Runnable" seed="637774606" result="Passed" start-time="2024-04-15 18:16:46Z" end-time="2024-04-15 18:16:46Z" duration="0.000900" asserts="7" />
      </test-suite>
      <test-suite type="TestFixture" id="0-1202" name="SpecIndexToParamExpr" fullname="Kaitai.SpecIndexToParamExpr" classname="Kaitai.SpecIndexToParamExpr" runstate="Runnable" testcasecount="1" result="Passed" start-time="2024-04-15 18:16:46Z" end-time="2024-04-15 18:16:46Z" duration="0.003292" total="1" passed="1" failed="0" inconclusive="0" skipped="0" asserts="7">
        <test-case id="0-1203" name="TestIndexToParamExpr" fullname="Kaitai.SpecIndexToParamExpr.TestIndexToParamExpr" methodname="TestIndexToParamExpr" classname="Kaitai.SpecIndexToParamExpr" runstate="Runnable" seed="589906851" result="Passed" start-time="2024-04-15 18:16:46Z" end-time="2024-04-15 18:16:46Z" duration="0.000931" asserts="7" />
      </test-suite>
      <test-suite type="TestFixture" id="0-1204" name="SpecIndexToParamUntil" fullname="Kaitai.SpecIndexToParamUntil" classname="Kaitai.SpecIndexToParamUntil" runstate="Runnable" testcasecount="1" result="Passed" start-time="2024-04-15 18:16:46Z" end-time="2024-04-15 18:16:46Z" duration="0.003214" total="1" passed="1" failed="0" inconclusive="0" skipped="0" asserts="7">
        <test-case id="0-1205" name="TestIndexToParamUntil" fullname="Kaitai.SpecIndexToParamUntil.TestIndexToParamUntil" methodname="TestIndexToParamUntil" classname="Kaitai.SpecIndexToParamUntil" runstate="Runnable" seed="948658951" result="Passed" start-time="2024-04-15 18:16:46Z" end-time="2024-04-15 18:16:46Z" duration="0.000879" asserts="7" />
      </test-suite>
      <test-suite type="TestFixture" id="0-1206" name="SpecInstanceIoUser" fullname="Kaitai.SpecInstanceIoUser" classname="Kaitai.SpecInstanceIoUser" runstate="Runnable" testcasecount="1" result="Passed" start-time="2024-04-15 18:16:46Z" end-time="2024-04-15 18:16:46Z" duration="0.003458" total="1" passed="1" failed="0" inconclusive="0" skipped="0" asserts="4">
        <test-case id="0-1207" name="TestInstanceIoUser" fullname="Kaitai.SpecInstanceIoUser.TestInstanceIoUser" methodname="TestInstanceIoUser" classname="Kaitai.SpecInstanceIoUser" runstate="Runnable" seed="831901250" result="Passed" start-time="2024-04-15 18:16:46Z" end-time="2024-04-15 18:16:46Z" duration="0.001136" asserts="4" />
      </test-suite>
      <test-suite type="TestFixture" id="0-1208" name="SpecInstanceStd" fullname="Kaitai.SpecInstanceStd" classname="Kaitai.SpecInstanceStd" runstate="Runnable" testcasecount="1" result="Passed" start-time="2024-04-15 18:16:46Z" end-time="2024-04-15 18:16:46Z" duration="0.002731" total="1" passed="1" failed="0" inconclusive="0" skipped="0" asserts="1">
        <test-case id="0-1209" name="TestInstanceStd" fullname="Kaitai.SpecInstanceStd.TestInstanceStd" methodname="TestInstanceStd" classname="Kaitai.SpecInstanceStd" runstate="Runnable" seed="2049967205" result="Passed" start-time="2024-04-15 18:16:46Z" end-time="2024-04-15 18:16:46Z" duration="0.000384" asserts="1" />
      </test-suite>
      <test-suite type="TestFixture" id="0-1210" name="SpecInstanceStdArray" fullname="Kaitai.SpecInstanceStdArray" classname="Kaitai.SpecInstanceStdArray" runstate="Runnable" testcasecount="1" result="Passed" start-time="2024-04-15 18:16:46Z" end-time="2024-04-15 18:16:46Z" duration="0.003046" total="1" passed="1" failed="0" inconclusive="0" skipped="0" asserts="7">
        <test-case id="0-1211" name="TestInstanceStdArray" fullname="Kaitai.SpecInstanceStdArray.TestInstanceStdArray" methodname="TestInstanceStdArray" classname="Kaitai.SpecInstanceStdArray" runstate="Runnable" seed="1627821499" result="Passed" start-time="2024-04-15 18:16:46Z" end-time="2024-04-15 18:16:46Z" duration="0.000702" asserts="7" />
      </test-suite>
      <test-suite type="TestFixture" id="0-1212" name="SpecInstanceUserArray" fullname="Kaitai.SpecInstanceUserArray" classname="Kaitai.SpecInstanceUserArray" runstate="Runnable" testcasecount="1" result="Passed" start-time="2024-04-15 18:16:46Z" end-time="2024-04-15 18:16:46Z" duration="0.003375" total="1" passed="1" failed="0" inconclusive="0" skipped="0" asserts="10">
        <test-case id="0-1213" name="TestInstanceUserArray" fullname="Kaitai.SpecInstanceUserArray.TestInstanceUserArray" methodname="TestInstanceUserArray" classname="Kaitai.SpecInstanceUserArray" runstate="Runnable" seed="2035022754" result="Passed" start-time="2024-04-15 18:16:46Z" end-time="2024-04-15 18:16:46Z" duration="0.001031" asserts="10" />
      </test-suite>
[...]
      </test-suite>
      <test-suite type="TestFixture" id="0-1414" name="SpecTsPacketHeader" fullname="Kaitai.SpecTsPacketHeader" classname="Kaitai.SpecTsPacketHeader" runstate="Runnable" testcasecount="1" result="Passed" start-time="2024-04-15 18:16:46Z" end-time="2024-04-15 18:16:46Z" duration="0.002848" total="1" passed="1" failed="0" inconclusive="0" skipped="0" asserts="7">
        <test-case id="0-1415" name="TestTsPacketHeader" fullname="Kaitai.SpecTsPacketHeader.TestTsPacketHeader" methodname="TestTsPacketHeader" classname="Kaitai.SpecTsPacketHeader" runstate="Runnable" seed="1203305050" result="Passed" start-time="2024-04-15 18:16:46Z" end-time="2024-04-15 18:16:46Z" duration="0.000529" asserts="7" />
      </test-suite>
      <test-suite type="TestFixture" id="0-1416" name="SpecTypeIntUnaryOp" fullname="Kaitai.SpecTypeIntUnaryOp" classname="Kaitai.SpecTypeIntUnaryOp" runstate="Runnable" testcasecount="1" result="Passed" start-time="2024-04-15 18:16:46Z" end-time="2024-04-15 18:16:46Z" duration="0.002714" total="1" passed="1" failed="0" inconclusive="0" skipped="0" asserts="4">
        <test-case id="0-1417" name="TestTypeIntUnaryOp" fullname="Kaitai.SpecTypeIntUnaryOp.TestTypeIntUnaryOp" methodname="TestTypeIntUnaryOp" classname="Kaitai.SpecTypeIntUnaryOp" runstate="Runnable" seed="662539797" result="Passed" start-time="2024-04-15 18:16:46Z" end-time="2024-04-15 18:16:46Z" duration="0.000398" asserts="4" />
      </test-suite>
      <test-suite type="TestFixture" id="0-1418" name="SpecTypeTernary" fullname="Kaitai.SpecTypeTernary" classname="Kaitai.SpecTypeTernary" runstate="Runnable" testcasecount="1" result="Passed" start-time="2024-04-15 18:16:46Z" end-time="2024-04-15 18:16:46Z" duration="0.002813" total="1" passed="1" failed="0" inconclusive="0" skipped="0" asserts="1">
        <test-case id="0-1419" name="TestTypeTernary" fullname="Kaitai.SpecTypeTernary.TestTypeTernary" methodname="TestTypeTernary" classname="Kaitai.SpecTypeTernary" runstate="Runnable" seed="1656777228" result="Passed" start-time="2024-04-15 18:16:46Z" end-time="2024-04-15 18:16:46Z" duration="0.000497" asserts="1" />
      </test-suite>
      <test-suite type="TestFixture" id="0-1420" name="SpecTypeTernary2ndFalsy" fullname="Kaitai.SpecTypeTernary2ndFalsy" classname="Kaitai.SpecTypeTernary2ndFalsy" runstate="Runnable" testcasecount="1" result="Passed" start-time="2024-04-15 18:16:46Z" end-time="2024-04-15 18:16:46Z" duration="0.003489" total="1" passed="1" failed="0" inconclusive="0" skipped="0" asserts="13">
        <test-case id="0-1421" name="TestTypeTernary2ndFalsy" fullname="Kaitai.SpecTypeTernary2ndFalsy.TestTypeTernary2ndFalsy" methodname="TestTypeTernary2ndFalsy" classname="Kaitai.SpecTypeTernary2ndFalsy" runstate="Runnable" seed="1294879435" result="Passed" start-time="2024-04-15 18:16:46Z" end-time="2024-04-15 18:16:46Z" duration="0.001174" asserts="13" />
      </test-suite>
      <test-suite type="TestFixture" id="0-1422" name="SpecTypeTernaryOpaque" fullname="Kaitai.SpecTypeTernaryOpaque" classname="Kaitai.SpecTypeTernaryOpaque" runstate="Runnable" testcasecount="1" result="Passed" start-time="2024-04-15 18:16:46Z" end-time="2024-04-15 18:16:46Z" duration="0.002868" total="1" passed="1" failed="0" inconclusive="0" skipped="0" asserts="3">
        <test-case id="0-1423" name="TestTypeTernaryOpaque" fullname="Kaitai.SpecTypeTernaryOpaque.TestTypeTernaryOpaque" methodname="TestTypeTernaryOpaque" classname="Kaitai.SpecTypeTernaryOpaque" runstate="Runnable" seed="2088958114" result="Passed" start-time="2024-04-15 18:16:46Z" end-time="2024-04-15 18:16:46Z" duration="0.000545" asserts="3" />
      </test-suite>
      <test-suite type="TestFixture" id="0-1424" name="SpecUserType" fullname="Kaitai.SpecUserType" classname="Kaitai.SpecUserType" runstate="Runnable" testcasecount="1" result="Passed" start-time="2024-04-15 18:16:46Z" end-time="2024-04-15 18:16:46Z" duration="0.002685" total="1" passed="1" failed="0" inconclusive="0" skipped="0" asserts="2">
        <test-case id="0-1425" name="TestUserType" fullname="Kaitai.SpecUserType.TestUserType" methodname="TestUserType" classname="Kaitai.SpecUserType" runstate="Runnable" seed="1221911934" result="Passed" start-time="2024-04-15 18:16:46Z" end-time="2024-04-15 18:16:46Z" duration="0.000369" asserts="2" />
      </test-suite>
      <test-suite type="TestFixture" id="0-1426" name="SpecValidEqStrEncodings" fullname="Kaitai.SpecValidEqStrEncodings" classname="Kaitai.SpecValidEqStrEncodings" runstate="Runnable" testcasecount="1" result="Passed" start-time="2024-04-15 18:16:46Z" end-time="2024-04-15 18:16:46Z" duration="0.002822" total="1" passed="1" failed="0" inconclusive="0" skipped="0" asserts="0">
        <test-case id="0-1427" name="TestValidEqStrEncodings" fullname="Kaitai.SpecValidEqStrEncodings.TestValidEqStrEncodings" methodname="TestValidEqStrEncodings" classname="Kaitai.SpecValidEqStrEncodings" runstate="Runnable" seed="239968395" result="Passed" start-time="2024-04-15 18:16:46Z" end-time="2024-04-15 18:16:46Z" duration="0.000502" asserts="0" />
      </test-suite>
      <test-suite type="TestFixture" id="0-1428" name="SpecValidFailAnyofInt" fullname="Kaitai.SpecValidFailAnyofInt" classname="Kaitai.SpecValidFailAnyofInt" runstate="Runnable" testcasecount="1" result="Passed" start-time="2024-04-15 18:16:46Z" end-time="2024-04-15 18:16:46Z" duration="0.003101" total="1" passed="1" failed="0" inconclusive="0" skipped="0" asserts="1">
        <test-case id="0-1429" name="TestValidFailAnyofInt" fullname="Kaitai.SpecValidFailAnyofInt.TestValidFailAnyofInt" methodname="TestValidFailAnyofInt" classname="Kaitai.SpecValidFailAnyofInt" runstate="Runnable" seed="1973142207" result="Passed" start-time="2024-04-15 18:16:46Z" end-time="2024-04-15 18:16:46Z" duration="0.000759" asserts="1" />
      </test-suite>
      <test-suite type="TestFixture" id="0-1430" name="SpecValidFailContents" fullname="Kaitai.SpecValidFailContents" classname="Kaitai.SpecValidFailContents" runstate="Runnable" testcasecount="1" result="Passed" start-time="2024-04-15 18:16:46Z" end-time="2024-04-15 18:16:46Z" duration="0.002944" total="1" passed="1" failed="0" inconclusive="0" skipped="0" asserts="1">
        <test-case id="0-1431" name="TestValidFailContents" fullname="Kaitai.SpecValidFailContents.TestValidFailContents" methodname="TestValidFailContents" classname="Kaitai.SpecValidFailContents" runstate="Runnable" seed="1096530061" result="Passed" start-time="2024-04-15 18:16:46Z" end-time="2024-04-15 18:16:46Z" duration="0.000617" asserts="1" />
      </test-suite>
      <test-suite type="TestFixture" id="0-1432" name="SpecValidFailEqBytes" fullname="Kaitai.SpecValidFailEqBytes" classname="Kaitai.SpecValidFailEqBytes" runstate="Runnable" testcasecount="1" result="Passed" start-time="2024-04-15 18:16:46Z" end-time="2024-04-15 18:16:46Z" duration="0.002700" total="1" passed="1" failed="0" inconclusive="0" skipped="0" asserts="1">
        <test-case id="0-1433" name="TestValidFailEqBytes" fullname="Kaitai.SpecValidFailEqBytes.TestValidFailEqBytes" methodname="TestValidFailEqBytes" classname="Kaitai.SpecValidFailEqBytes" runstate="Runnable" seed="720379968" result="Passed" start-time="2024-04-15 18:16:46Z" end-time="2024-04-15 18:16:46Z" duration="0.000374" asserts="1" />
      </test-suite>
      <test-suite type="TestFixture" id="0-1434" name="SpecValidFailEqInt" fullname="Kaitai.SpecValidFailEqInt" classname="Kaitai.SpecValidFailEqInt" runstate="Runnable" testcasecount="1" result="Passed" start-time="2024-04-15 18:16:46Z" end-time="2024-04-15 18:16:46Z" duration="0.002750" total="1" passed="1" failed="0" inconclusive="0" skipped="0" asserts="1">
        <test-case id="0-1435" name="TestValidFailEqInt" fullname="Kaitai.SpecValidFailEqInt.TestValidFailEqInt" methodname="TestValidFailEqInt" classname="Kaitai.SpecValidFailEqInt" runstate="Runnable" seed="2058110455" result="Passed" start-time="2024-04-15 18:16:46Z" end-time="2024-04-15 18:16:46Z" duration="0.000424" asserts="1" />
      </test-suite>
      <test-suite type="TestFixture" id="0-1436" name="SpecValidFailEqStr" fullname="Kaitai.SpecValidFailEqStr" classname="Kaitai.SpecValidFailEqStr" runstate="Runnable" testcasecount="1" result="Passed" start-time="2024-04-15 18:16:46Z" end-time="2024-04-15 18:16:46Z" duration="0.002735" total="1" passed="1" failed="0" inconclusive="0" skipped="0" asserts="1">
        <test-case id="0-1437" name="TestValidFailEqStr" fullname="Kaitai.SpecValidFailEqStr.TestValidFailEqStr" methodname="TestValidFailEqStr" classname="Kaitai.SpecValidFailEqStr" runstate="Runnable" seed="1728296239" result="Passed" start-time="2024-04-15 18:16:46Z" end-time="2024-04-15 18:16:46Z" duration="0.000389" asserts="1" />
      </test-suite>
      <test-suite type="TestFixture" id="0-1438" name="SpecValidFailExpr" fullname="Kaitai.SpecValidFailExpr" classname="Kaitai.SpecValidFailExpr" runstate="Runnable" testcasecount="1" result="Passed" start-time="2024-04-15 18:16:46Z" end-time="2024-04-15 18:16:46Z" duration="0.003080" total="1" passed="1" failed="0" inconclusive="0" skipped="0" asserts="1">
        <test-case id="0-1439" name="TestValidFailExpr" fullname="Kaitai.SpecValidFailExpr.TestValidFailExpr" methodname="TestValidFailExpr" classname="Kaitai.SpecValidFailExpr" runstate="Runnable" seed="945447841" result="Passed" start-time="2024-04-15 18:16:46Z" end-time="2024-04-15 18:16:46Z" duration="0.000716" asserts="1" />
      </test-suite>
      <test-suite type="TestFixture" id="0-1440" name="SpecValidFailInst" fullname="Kaitai.SpecValidFailInst" classname="Kaitai.SpecValidFailInst" runstate="Runnable" testcasecount="1" result="Passed" start-time="2024-04-15 18:16:46Z" end-time="2024-04-15 18:16:46Z" duration="0.002840" total="1" passed="1" failed="0" inconclusive="0" skipped="0" asserts="1">
        <test-case id="0-1441" name="TestValidFailInst" fullname="Kaitai.SpecValidFailInst.TestValidFailInst" methodname="TestValidFailInst" classname="Kaitai.SpecValidFailInst" runstate="Runnable" seed="573689464" result="Passed" start-time="2024-04-15 18:16:46Z" end-time="2024-04-15 18:16:46Z" duration="0.000495" asserts="1" />
      </test-suite>
      <test-suite type="TestFixture" id="0-1442" name="SpecValidFailMaxInt" fullname="Kaitai.SpecValidFailMaxInt" classname="Kaitai.SpecValidFailMaxInt" runstate="Runnable" testcasecount="1" result="Passed" start-time="2024-04-15 18:16:46Z" end-time="2024-04-15 18:16:46Z" duration="0.002810" total="1" passed="1" failed="0" inconclusive="0" skipped="0" asserts="1">
        <test-case id="0-1443" name="TestValidFailMaxInt" fullname="Kaitai.SpecValidFailMaxInt.TestValidFailMaxInt" methodname="TestValidFailMaxInt" classname="Kaitai.SpecValidFailMaxInt" runstate="Runnable" seed="1280252764" result="Passed" start-time="2024-04-15 18:16:46Z" end-time="2024-04-15 18:16:46Z" duration="0.000465" asserts="1" />
      </test-suite>
      <test-suite type="TestFixture" id="0-1444" name="SpecValidFailMinInt" fullname="Kaitai.SpecValidFailMinInt" classname="Kaitai.SpecValidFailMinInt" runstate="Runnable" testcasecount="1" result="Passed" start-time="2024-04-15 18:16:46Z" end-time="2024-04-15 18:16:46Z" duration="0.002807" total="1" passed="1" failed="0" inconclusive="0" skipped="0" asserts="1">
        <test-case id="0-1445" name="TestValidFailMinInt" fullname="Kaitai.SpecValidFailMinInt.TestValidFailMinInt" methodname="TestValidFailMinInt" classname="Kaitai.SpecValidFailMinInt" runstate="Runnable" seed="1812390565" result="Passed" start-time="2024-04-15 18:16:46Z" end-time="2024-04-15 18:16:46Z" duration="0.000462" asserts="1" />
      </test-suite>
      <test-suite type="TestFixture" id="0-1446" name="SpecValidFailRangeBytes" fullname="Kaitai.SpecValidFailRangeBytes" classname="Kaitai.SpecValidFailRangeBytes" runstate="Runnable" testcasecount="1" result="Passed" start-time="2024-04-15 18:16:46Z" end-time="2024-04-15 18:16:46Z" duration="0.002812" total="1" passed="1" failed="0" inconclusive="0" skipped="0" asserts="1">
        <test-case id="0-1447" name="TestValidFailRangeBytes" fullname="Kaitai.SpecValidFailRangeBytes.TestValidFailRangeBytes" methodname="TestValidFailRangeBytes" classname="Kaitai.SpecValidFailRangeBytes" runstate="Runnable" seed="1574425994" result="Passed" start-time="2024-04-15 18:16:46Z" end-time="2024-04-15 18:16:46Z" duration="0.000466" asserts="1" />
      </test-suite>
      <test-suite type="TestFixture" id="0-1448" name="SpecValidFailRangeFloat" fullname="Kaitai.SpecValidFailRangeFloat" classname="Kaitai.SpecValidFailRangeFloat" runstate="Runnable" testcasecount="1" result="Passed" start-time="2024-04-15 18:16:46Z" end-time="2024-04-15 18:16:46Z" duration="0.003931" total="1" passed="1" failed="0" inconclusive="0" skipped="0" asserts="1">
        <test-case id="0-1449" name="TestValidFailRangeFloat" fullname="Kaitai.SpecValidFailRangeFloat.TestValidFailRangeFloat" methodname="TestValidFailRangeFloat" classname="Kaitai.SpecValidFailRangeFloat" runstate="Runnable" seed="134099375" result="Passed" start-time="2024-04-15 18:16:46Z" end-time="2024-04-15 18:16:46Z" duration="0.001586" asserts="1" />
      </test-suite>
      <test-suite type="TestFixture" id="0-1450" name="SpecValidFailRangeInt" fullname="Kaitai.SpecValidFailRangeInt" classname="Kaitai.SpecValidFailRangeInt" runstate="Runnable" testcasecount="1" result="Passed" start-time="2024-04-15 18:16:46Z" end-time="2024-04-15 18:16:46Z" duration="0.002791" total="1" passed="1" failed="0" inconclusive="0" skipped="0" asserts="1">
        <test-case id="0-1451" name="TestValidFailRangeInt" fullname="Kaitai.SpecValidFailRangeInt.TestValidFailRangeInt" methodname="TestValidFailRangeInt" classname="Kaitai.SpecValidFailRangeInt" runstate="Runnable" seed="1869233109" result="Passed" start-time="2024-04-15 18:16:46Z" end-time="2024-04-15 18:16:46Z" duration="0.000436" asserts="1" />
      </test-suite>
      <test-suite type="TestFixture" id="0-1452" name="SpecValidFailRangeStr" fullname="Kaitai.SpecValidFailRangeStr" classname="Kaitai.SpecValidFailRangeStr" runstate="Runnable" testcasecount="1" result="Passed" start-time="2024-04-15 18:16:46Z" end-time="2024-04-15 18:16:46Z" duration="0.002778" total="1" passed="1" failed="0" inconclusive="0" skipped="0" asserts="1">
        <test-case id="0-1453" name="TestValidFailRangeStr" fullname="Kaitai.SpecValidFailRangeStr.TestValidFailRangeStr" methodname="TestValidFailRangeStr" classname="Kaitai.SpecValidFailRangeStr" runstate="Runnable" seed="244733733" result="Passed" start-time="2024-04-15 18:16:46Z" end-time="2024-04-15 18:16:46Z" duration="0.000434" asserts="1" />
      </test-suite>
      <test-suite type="TestFixture" id="0-1454" name="SpecValidLong" fullname="Kaitai.SpecValidLong" classname="Kaitai.SpecValidLong" runstate="Runnable" testcasecount="1" result="Passed" start-time="2024-04-15 18:16:46Z" end-time="2024-04-15 18:16:46Z" duration="0.003105" total="1" passed="1" failed="0" inconclusive="0" skipped="0" asserts="0">
        <test-case id="0-1455" name="TestValidLong" fullname="Kaitai.SpecValidLong.TestValidLong" methodname="TestValidLong" classname="Kaitai.SpecValidLong" runstate="Runnable" seed="684960714" result="Passed" start-time="2024-04-15 18:16:46Z" end-time="2024-04-15 18:16:46Z" duration="0.000770" asserts="0" />
      </test-suite>
      <test-suite type="TestFixture" id="0-1456" name="SpecValidNotParsedIf" fullname="Kaitai.SpecValidNotParsedIf" classname="Kaitai.SpecValidNotParsedIf" runstate="Runnable" testcasecount="1" result="Passed" start-time="2024-04-15 18:16:46Z" end-time="2024-04-15 18:16:46Z" duration="0.002771" total="1" passed="1" failed="0" inconclusive="0" skipped="0" asserts="0">
        <test-case id="0-1457" name="TestValidNotParsedIf" fullname="Kaitai.SpecValidNotParsedIf.TestValidNotParsedIf" methodname="TestValidNotParsedIf" classname="Kaitai.SpecValidNotParsedIf" runstate="Runnable" seed="1494286095" result="Passed" start-time="2024-04-15 18:16:46Z" end-time="2024-04-15 18:16:46Z" duration="0.000428" asserts="0" />
      </test-suite>
      <test-suite type="TestFixture" id="0-1458" name="SpecValidOptionalId" fullname="Kaitai.SpecValidOptionalId" classname="Kaitai.SpecValidOptionalId" runstate="Runnable" testcasecount="1" result="Passed" start-time="2024-04-15 18:16:46Z" end-time="2024-04-15 18:16:46Z" duration="0.002739" total="1" passed="1" failed="0" inconclusive="0" skipped="0" asserts="0">
        <test-case id="0-1459" name="TestValidOptionalId" fullname="Kaitai.SpecValidOptionalId.TestValidOptionalId" methodname="TestValidOptionalId" classname="Kaitai.SpecValidOptionalId" runstate="Runnable" seed="97490001" result="Passed" start-time="2024-04-15 18:16:46Z" end-time="2024-04-15 18:16:46Z" duration="0.000400" asserts="0" />
      </test-suite>
      <test-suite type="TestFixture" id="0-1460" name="SpecValidShort" fullname="Kaitai.SpecValidShort" classname="Kaitai.SpecValidShort" runstate="Runnable" testcasecount="1" result="Passed" start-time="2024-04-15 18:16:46Z" end-time="2024-04-15 18:16:46Z" duration="0.003043" total="1" passed="1" failed="0" inconclusive="0" skipped="0" asserts="0">
        <test-case id="0-1461" name="TestValidShort" fullname="Kaitai.SpecValidShort.TestValidShort" methodname="TestValidShort" classname="Kaitai.SpecValidShort" runstate="Runnable" seed="1921874160" result="Passed" start-time="2024-04-15 18:16:46Z" end-time="2024-04-15 18:16:46Z" duration="0.000703" asserts="0" />
      </test-suite>
      <test-suite type="TestFixture" id="0-1462" name="SpecValidSwitch" fullname="Kaitai.SpecValidSwitch" classname="Kaitai.SpecValidSwitch" runstate="Runnable" testcasecount="1" result="Passed" start-time="2024-04-15 18:16:46Z" end-time="2024-04-15 18:16:46Z" duration="0.002728" total="1" passed="1" failed="0" inconclusive="0" skipped="0" asserts="0">
        <test-case id="0-1463" name="TestValidSwitch" fullname="Kaitai.SpecValidSwitch.TestValidSwitch" methodname="TestValidSwitch" classname="Kaitai.SpecValidSwitch" runstate="Runnable" seed="2079304374" result="Passed" start-time="2024-04-15 18:16:46Z" end-time="2024-04-15 18:16:46Z" duration="0.000391" asserts="0" />
      </test-suite>
      <test-suite type="TestFixture" id="0-1464" name="SpecZlibSurrounded" fullname="Kaitai.SpecZlibSurrounded" classname="Kaitai.SpecZlibSurrounded" runstate="Runnable" testcasecount="1" result="Passed" start-time="2024-04-15 18:16:46Z" end-time="2024-04-15 18:16:46Z" duration="0.007282" total="1" passed="1" failed="0" inconclusive="0" skipped="0" asserts="1">
        <test-case id="0-1465" name="TestZlibSurrounded" fullname="Kaitai.SpecZlibSurrounded.TestZlibSurrounded" methodname="TestZlibSurrounded" classname="Kaitai.SpecZlibSurrounded" runstate="Runnable" seed="1985581534" result="Passed" start-time="2024-04-15 18:16:46Z" end-time="2024-04-15 18:16:46Z" duration="0.004945" asserts="1" />
      </test-suite>
      <test-suite type="TestFixture" id="0-1466" name="SpecZlibWithHeader78" fullname="Kaitai.SpecZlibWithHeader78" classname="Kaitai.SpecZlibWithHeader78" runstate="Runnable" testcasecount="1" result="Passed" start-time="2024-04-15 18:16:46Z" end-time="2024-04-15 18:16:46Z" duration="0.002677" total="1" passed="1" failed="0" inconclusive="0" skipped="0" asserts="1">
        <test-case id="0-1467" name="TestZlibWithHeader78" fullname="Kaitai.SpecZlibWithHeader78.TestZlibWithHeader78" methodname="TestZlibWithHeader78" classname="Kaitai.SpecZlibWithHeader78" runstate="Runnable" seed="1424116550" result="Passed" start-time="2024-04-15 18:16:46Z" end-time="2024-04-15 18:16:46Z" duration="0.000337" asserts="1" />
      </test-suite>
    </test-suite>
  </test-suite>
</test-run>