<?xml version="1.0" encoding="utf-8" standalone="no"?>
<test-run id="2" testcasecount="203" result="Failed" total="203" passed="202" failed="1" inconclusive="0" skipped="0" asserts="939" engine-version="3.4.1.0" clr-version="4.0.30319.42000" start-time="2020-08-23 21:37:00Z" end-time="2020-08-23 21:37:02Z" duration="2.094123">
  <command-line><![CDATA[spec/csharp/packages/NUnit.ConsoleRunner.3.4.1/tools/nunit3-console.exe --result=test_out/csharp/TestResult.xml spec/csharp/kaitai_struct_csharp_tests/bin/Debug/kaitai_struct_csharp_tests.dll]]></command-line>
  <test-suite type="Assembly" id="0-1406" name="kaitai_struct_csharp_tests.dll" fullname="C:\projects\ci-targets\tests\spec\csharp\kaitai_struct_csharp_tests\bin\Debug\kaitai_struct_csharp_tests.dll" runstate="Runnable" testcasecount="203" result="Failed" site="Child" start-time="2020-08-23 21:37:00Z" end-time="2020-08-23 21:37:02Z" duration="2.012691" total="203" passed="202" failed="1" inconclusive="0" skipped="0" asserts="939">
    <environment framework-version="3.4.1.0" clr-version="4.0.30319.42000" os-version="Microsoft Windows NT 10.0.14393.0" platform="Win32NT" cwd="C:\projects\ci-targets\tests" machine-name="APPVYR-WIN" user="appveyor" user-domain="APPVYR-WIN" culture="en-US" uiculture="en-US" os-architecture="x64" />
    <settings>
      <setting name="WorkDirectory" value="C:\projects\ci-targets\tests" />
      <setting name="ImageRuntimeVersion" value="4.0.30319" />
      <setting name="ImageTargetFrameworkName" value=".NETFramework,Version=v4.5" />
      <setting name="ImageRequiresX86" value="False" />
      <setting name="ImageRequiresDefaultAppDomainAssemblyResolver" value="False" />
      <setting name="NumberOfTestWorkers" value="2" />
    </settings>
    <properties>
      <property name="_PID" value="3368" />
      <property name="_APPDOMAIN" value="test-domain-" />
    </properties>
    <failure>
      <message><![CDATA[One or more child tests had errors]]></message>
    </failure>
    <test-suite type="TestSuite" id="0-1407" name="Kaitai" fullname="Kaitai" runstate="Runnable" testcasecount="203" result="Failed" site="Child" start-time="2020-08-23 21:37:00Z" end-time="2020-08-23 21:37:02Z" duration="1.990374" total="203" passed="202" failed="1" inconclusive="0" skipped="0" asserts="939">
      <failure>
        <message><![CDATA[One or more child tests had errors]]></message>
      </failure>
      <test-suite type="TestFixture" id="0-1000" name="SpecBcdUserTypeBe" fullname="Kaitai.SpecBcdUserTypeBe" classname="Kaitai.SpecBcdUserTypeBe" runstate="Runnable" testcasecount="1" result="Passed" start-time="2020-08-23 21:37:00Z" end-time="2020-08-23 21:37:00Z" duration="0.035746" total="1" passed="1" failed="0" inconclusive="0" skipped="0" asserts="6">
        <test-case id="0-1001" name="TestBcdUserTypeBe" fullname="Kaitai.SpecBcdUserTypeBe.TestBcdUserTypeBe" methodname="TestBcdUserTypeBe" classname="Kaitai.SpecBcdUserTypeBe" runstate="Runnable" seed="1793020855" result="Passed" start-time="2020-08-23 21:37:00Z" end-time="2020-08-23 21:37:00Z" duration="0.022684" asserts="6" />
      </test-suite>
      <test-suite type="TestFixture" id="0-1002" name="SpecBcdUserTypeLe" fullname="Kaitai.SpecBcdUserTypeLe" classname="Kaitai.SpecBcdUserTypeLe" runstate="Runnable" testcasecount="1" result="Passed" start-time="2020-08-23 21:37:00Z" end-time="2020-08-23 21:37:00Z" duration="0.010025" total="1" passed="1" failed="0" inconclusive="0" skipped="0" asserts="6">
        <test-case id="0-1003" name="TestBcdUserTypeLe" fullname="Kaitai.SpecBcdUserTypeLe.TestBcdUserTypeLe" methodname="TestBcdUserTypeLe" classname="Kaitai.SpecBcdUserTypeLe" runstate="Runnable" seed="561539732" result="Passed" start-time="2020-08-23 21:37:00Z" end-time="2020-08-23 21:37:00Z" duration="0.006536" asserts="6" />
      </test-suite>
      <test-suite type="TestFixture" id="0-1004" name="SpecBitsByteAligned" fullname="Kaitai.SpecBitsByteAligned" classname="Kaitai.SpecBitsByteAligned" runstate="Runnable" testcasecount="1" result="Passed" start-time="2020-08-23 21:37:00Z" end-time="2020-08-23 21:37:00Z" duration="0.009011" total="1" passed="1" failed="0" inconclusive="0" skipped="0" asserts="9">
        <test-case id="0-1005" name="TestBitsByteAligned" fullname="Kaitai.SpecBitsByteAligned.TestBitsByteAligned" methodname="TestBitsByteAligned" classname="Kaitai.SpecBitsByteAligned" runstate="Runnable" seed="1399505438" result="Passed" start-time="2020-08-23 21:37:00Z" end-time="2020-08-23 21:37:00Z" duration="0.005635" asserts="9" />
      </test-suite>
      <test-suite type="TestFixture" id="0-1006" name="SpecBitsEnum" fullname="Kaitai.SpecBitsEnum" classname="Kaitai.SpecBitsEnum" runstate="Runnable" testcasecount="1" result="Passed" start-time="2020-08-23 21:37:00Z" end-time="2020-08-23 21:37:00Z" duration="0.003988" total="1" passed="1" failed="0" inconclusive="0" skipped="0" asserts="3">
        <test-case id="0-1007" name="TestBitsEnum" fullname="Kaitai.SpecBitsEnum.TestBitsEnum" methodname="TestBitsEnum" classname="Kaitai.SpecBitsEnum" runstate="Runnable" seed="1872720235" result="Passed" start-time="2020-08-23 21:37:00Z" end-time="2020-08-23 21:37:00Z" duration="0.000840" asserts="3" />
      </test-suite>
      <test-suite type="TestFixture" id="0-1008" name="SpecBitsSeqEndianCombo" fullname="Kaitai.SpecBitsSeqEndianCombo" classname="Kaitai.SpecBitsSeqEndianCombo" runstate="Runnable" testcasecount="1" result="Passed" start-time="2020-08-23 21:37:00Z" end-time="2020-08-23 21:37:00Z" duration="0.014989" total="1" passed="1" failed="0" inconclusive="0" skipped="0" asserts="8">
        <test-case id="0-1009" name="TestBitsSeqEndianCombo" fullname="Kaitai.SpecBitsSeqEndianCombo.TestBitsSeqEndianCombo" methodname="TestBitsSeqEndianCombo" classname="Kaitai.SpecBitsSeqEndianCombo" runstate="Runnable" seed="1211030632" result="Passed" start-time="2020-08-23 21:37:00Z" end-time="2020-08-23 21:37:00Z" duration="0.002607" asserts="8" />
      </test-suite>
      <test-suite type="TestFixture" id="0-1010" name="SpecBitsSimple" fullname="Kaitai.SpecBitsSimple" classname="Kaitai.SpecBitsSimple" runstate="Runnable" testcasecount="1" result="Passed" start-time="2020-08-23 21:37:00Z" end-time="2020-08-23 21:37:00Z" duration="0.006011" total="1" passed="1" failed="0" inconclusive="0" skipped="0" asserts="14">
        <test-case id="0-1011" name="TestBitsSimple" fullname="Kaitai.SpecBitsSimple.TestBitsSimple" methodname="TestBitsSimple" classname="Kaitai.SpecBitsSimple" runstate="Runnable" seed="973474179" result="Passed" start-time="2020-08-23 21:37:00Z" end-time="2020-08-23 21:37:00Z" duration="0.002571" asserts="14" />
      </test-suite>
      <test-suite type="TestFixture" id="0-1012" name="SpecBitsSimpleLe" fullname="Kaitai.SpecBitsSimpleLe" classname="Kaitai.SpecBitsSimpleLe" runstate="Runnable" testcasecount="1" result="Passed" start-time="2020-08-23 21:37:00Z" end-time="2020-08-23 21:37:00Z" duration="0.006154" total="1" passed="1" failed="0" inconclusive="0" skipped="0" asserts="14">
        <test-case id="0-1013" name="TestBitsSimpleLe" fullname="Kaitai.SpecBitsSimpleLe.TestBitsSimpleLe" methodname="TestBitsSimpleLe" classname="Kaitai.SpecBitsSimpleLe" runstate="Runnable" seed="816713054" result="Passed" start-time="2020-08-23 21:37:00Z" end-time="2020-08-23 21:37:00Z" duration="0.002848" asserts="14" />
      </test-suite>
      <test-suite type="TestFixture" id="0-1014" name="SpecBufferedStruct" fullname="Kaitai.SpecBufferedStruct" classname="Kaitai.SpecBufferedStruct" runstate="Runnable" testcasecount="1" result="Passed" start-time="2020-08-23 21:37:00Z" end-time="2020-08-23 21:37:00Z" duration="0.007016" total="1" passed="1" failed="0" inconclusive="0" skipped="0" asserts="7">
        <test-case id="0-1015" name="TestBufferedStruct" fullname="Kaitai.SpecBufferedStruct.TestBufferedStruct" methodname="TestBufferedStruct" classname="Kaitai.SpecBufferedStruct" runstate="Runnable" seed="644437996" result="Passed" start-time="2020-08-23 21:37:00Z" end-time="2020-08-23 21:37:00Z" duration="0.003137" asserts="7" />
      </test-suite>
      <test-suite type="TestFixture" id="0-1016" name="SpecBytesPadTerm" fullname="Kaitai.SpecBytesPadTerm" classname="Kaitai.SpecBytesPadTerm" runstate="Runnable" testcasecount="1" result="Passed" start-time="2020-08-23 21:37:00Z" end-time="2020-08-23 21:37:00Z" duration="0.008363" total="1" passed="1" failed="0" inconclusive="0" skipped="0" asserts="4">
        <test-case id="0-1017" name="TestBytesPadTerm" fullname="Kaitai.SpecBytesPadTerm.TestBytesPadTerm" methodname="TestBytesPadTerm" classname="Kaitai.SpecBytesPadTerm" runstate="Runnable" seed="550695594" result="Passed" start-time="2020-08-23 21:37:00Z" end-time="2020-08-23 21:37:00Z" duration="0.002063" asserts="4" />
      </test-suite>
      <test-suite type="TestFixture" id="0-1018" name="SpecCastNested" fullname="Kaitai.SpecCastNested" classname="Kaitai.SpecCastNested" runstate="Runnable" testcasecount="1" result="Passed" start-time="2020-08-23 21:37:00Z" end-time="2020-08-23 21:37:00Z" duration="0.005993" total="1" passed="1" failed="0" inconclusive="0" skipped="0" asserts="4">
        <test-case id="0-1019" name="TestCastNested" fullname="Kaitai.SpecCastNested.TestCastNested" methodname="TestCastNested" classname="Kaitai.SpecCastNested" runstate="Runnable" seed="1686254726" result="Passed" start-time="2020-08-23 21:37:00Z" end-time="2020-08-23 21:37:00Z" duration="0.002937" asserts="4" />
      </test-suite>
      <test-suite type="TestFixture" id="0-1020" name="SpecCastToImported" fullname="Kaitai.SpecCastToImported" classname="Kaitai.SpecCastToImported" runstate="Runnable" testcasecount="1" result="Passed" start-time="2020-08-23 21:37:00Z" end-time="2020-08-23 21:37:00Z" duration="0.005014" total="1" passed="1" failed="0" inconclusive="0" skipped="0" asserts="2">
        <test-case id="0-1021" name="TestCastToImported" fullname="Kaitai.SpecCastToImported.TestCastToImported" methodname="TestCastToImported" classname="Kaitai.SpecCastToImported" runstate="Runnable" seed="1594960604" result="Passed" start-time="2020-08-23 21:37:00Z" end-time="2020-08-23 21:37:00Z" duration="0.000988" asserts="2" />
      </test-suite>
      <test-suite type="TestFixture" id="0-1022" name="SpecCastToTop" fullname="Kaitai.SpecCastToTop" classname="Kaitai.SpecCastToTop" runstate="Runnable" testcasecount="1" result="Passed" start-time="2020-08-23 21:37:00Z" end-time="2020-08-23 21:37:00Z" duration="0.005013" total="1" passed="1" failed="0" inconclusive="0" skipped="0" asserts="3">
        <test-case id="0-1023" name="TestCastToTop" fullname="Kaitai.SpecCastToTop.TestCastToTop" methodname="TestCastToTop" classname="Kaitai.SpecCastToTop" runstate="Runnable" seed="617517275" result="Passed" start-time="2020-08-23 21:37:00Z" end-time="2020-08-23 21:37:00Z" duration="0.001112" asserts="3" />
      </test-suite>
      <test-suite type="TestFixture" id="0-1024" name="SpecCombineBool" fullname="Kaitai.SpecCombineBool" classname="Kaitai.SpecCombineBool" runstate="Runnable" testcasecount="1" result="Passed" start-time="2020-08-23 21:37:00Z" end-time="2020-08-23 21:37:00Z" duration="0.004518" total="1" passed="1" failed="0" inconclusive="0" skipped="0" asserts="2">
        <test-case id="0-1025" name="TestCombineBool" fullname="Kaitai.SpecCombineBool.TestCombineBool" methodname="TestCombineBool" classname="Kaitai.SpecCombineBool" runstate="Runnable" seed="1848365278" result="Passed" start-time="2020-08-23 21:37:00Z" end-time="2020-08-23 21:37:00Z" duration="0.000822" asserts="2" />
      </test-suite>
      <test-suite type="TestFixture" id="0-1026" name="SpecCombineBytes" fullname="Kaitai.SpecCombineBytes" classname="Kaitai.SpecCombineBytes" runstate="Runnable" testcasecount="1" result="Passed" start-time="2020-08-23 21:37:00Z" end-time="2020-08-23 21:37:00Z" duration="0.006058" total="1" passed="1" failed="0" inconclusive="0" skipped="0" asserts="10">
        <test-case id="0-1027" name="TestCombineBytes" fullname="Kaitai.SpecCombineBytes.TestCombineBytes" methodname="TestCombineBytes" classname="Kaitai.SpecCombineBytes" runstate="Runnable" seed="1252378477" result="Passed" start-time="2020-08-23 21:37:00Z" end-time="2020-08-23 21:37:00Z" duration="0.002009" asserts="10" />
      </test-suite>
      <test-suite type="TestFixture" id="0-1028" name="SpecCombineEnum" fullname="Kaitai.SpecCombineEnum" classname="Kaitai.SpecCombineEnum" runstate="Runnable" testcasecount="1" result="Passed" start-time="2020-08-23 21:37:00Z" end-time="2020-08-23 21:37:00Z" duration="0.003984" total="1" passed="1" failed="0" inconclusive="0" skipped="0" asserts="3">
        <test-case id="0-1029" name="TestCombineEnum" fullname="Kaitai.SpecCombineEnum.TestCombineEnum" methodname="TestCombineEnum" classname="Kaitai.SpecCombineEnum" runstate="Runnable" seed="1842852649" result="Passed" start-time="2020-08-23 21:37:00Z" end-time="2020-08-23 21:37:00Z" duration="0.000928" asserts="3" />
      </test-suite>
      <test-suite type="TestFixture" id="0-1030" name="SpecCombineStr" fullname="Kaitai.SpecCombineStr" classname="Kaitai.SpecCombineStr" runstate="Runnable" testcasecount="1" result="Passed" start-time="2020-08-23 21:37:00Z" end-time="2020-08-23 21:37:00Z" duration="0.006009" total="1" passed="1" failed="0" inconclusive="0" skipped="0" asserts="15">
        <test-case id="0-1031" name="TestCombineStr" fullname="Kaitai.SpecCombineStr.TestCombineStr" methodname="TestCombineStr" classname="Kaitai.SpecCombineStr" runstate="Runnable" seed="1817277093" result="Passed" start-time="2020-08-23 21:37:00Z" end-time="2020-08-23 21:37:00Z" duration="0.002309" asserts="15" />
      </test-suite>
      <test-suite type="TestFixture" id="0-1032" name="SpecDebug0" fullname="Kaitai.SpecDebug0" classname="Kaitai.SpecDebug0" runstate="Runnable" testcasecount="1" result="Passed" start-time="2020-08-23 21:37:00Z" end-time="2020-08-23 21:37:00Z" duration="0.003911" total="1" passed="1" failed="0" inconclusive="0" skipped="0" asserts="0">
        <test-case id="0-1033" name="TestDebug0" fullname="Kaitai.SpecDebug0.TestDebug0" methodname="TestDebug0" classname="Kaitai.SpecDebug0" runstate="Runnable" seed="61025875" result="Passed" start-time="2020-08-23 21:37:00Z" end-time="2020-08-23 21:37:00Z" duration="0.000090" asserts="0" />
      </test-suite>
      <test-suite type="TestFixture" id="0-1034" name="SpecDebugArrayUser" fullname="Kaitai.SpecDebugArrayUser" classname="Kaitai.SpecDebugArrayUser" runstate="Runnable" testcasecount="1" result="Passed" start-time="2020-08-23 21:37:00Z" end-time="2020-08-23 21:37:00Z" duration="0.005028" total="1" passed="1" failed="0" inconclusive="0" skipped="0" asserts="4">
        <test-case id="0-1035" name="TestDebugArrayUser" fullname="Kaitai.SpecDebugArrayUser.TestDebugArrayUser" methodname="TestDebugArrayUser" classname="Kaitai.SpecDebugArrayUser" runstate="Runnable" seed="1797865348" result="Passed" start-time="2020-08-23 21:37:00Z" end-time="2020-08-23 21:37:00Z" duration="0.001355" asserts="4" />
      </test-suite>
      <test-suite type="TestFixture" id="0-1036" name="SpecDebugEnumName" fullname="Kaitai.SpecDebugEnumName" classname="Kaitai.SpecDebugEnumName" runstate="Runnable" testcasecount="1" result="Passed" start-time="2020-08-23 21:37:00Z" end-time="2020-08-23 21:37:00Z" duration="0.004012" total="1" passed="1" failed="0" inconclusive="0" skipped="0" asserts="0">
        <test-case id="0-1037" name="TestDebugEnumName" fullname="Kaitai.SpecDebugEnumName.TestDebugEnumName" methodname="TestDebugEnumName" classname="Kaitai.SpecDebugEnumName" runstate="Runnable" seed="178704243" result="Passed" start-time="2020-08-23 21:37:00Z" end-time="2020-08-23 21:37:00Z" duration="0.000091" asserts="0" />
      </test-suite>
      <test-suite type="TestFixture" id="0-1038" name="SpecDebugSwitchUser" fullname="Kaitai.SpecDebugSwitchUser" classname="Kaitai.SpecDebugSwitchUser" runstate="Runnable" testcasecount="1" result="Passed" start-time="2020-08-23 21:37:00Z" end-time="2020-08-23 21:37:00Z" duration="0.005029" total="1" passed="1" failed="0" inconclusive="0" skipped="0" asserts="2">
        <test-case id="0-1039" name="TestDebugSwitchUser" fullname="Kaitai.SpecDebugSwitchUser.TestDebugSwitchUser" methodname="TestDebugSwitchUser" classname="Kaitai.SpecDebugSwitchUser" runstate="Runnable" seed="221273279" result="Passed" start-time="2020-08-23 21:37:00Z" end-time="2020-08-23 21:37:00Z" duration="0.001344" asserts="2" />
      </test-suite>
      <test-suite type="TestFixture" id="0-1040" name="SpecDefaultBigEndian" fullname="Kaitai.SpecDefaultBigEndian" classname="Kaitai.SpecDefaultBigEndian" runstate="Runnable" testcasecount="1" result="Passed" start-time="2020-08-23 21:37:00Z" end-time="2020-08-23 21:37:00Z" duration="0.004010" total="1" passed="1" failed="0" inconclusive="0" skipped="0" asserts="1">
        <test-case id="0-1041" name="TestDefaultBigEndian" fullname="Kaitai.SpecDefaultBigEndian.TestDefaultBigEndian" methodname="TestDefaultBigEndian" classname="Kaitai.SpecDefaultBigEndian" runstate="Runnable" seed="1163118625" result="Passed" start-time="2020-08-23 21:37:00Z" end-time="2020-08-23 21:37:00Z" duration="0.000706" asserts="1" />
      </test-suite>
      <test-suite type="TestFixture" id="0-1042" name="SpecDefaultBitEndianMod" fullname="Kaitai.SpecDefaultBitEndianMod" classname="Kaitai.SpecDefaultBitEndianMod" runstate="Runnable" testcasecount="1" result="Passed" start-time="2020-08-23 21:37:00Z" end-time="2020-08-23 21:37:00Z" duration="0.005007" total="1" passed="1" failed="0" inconclusive="0" skipped="0" asserts="4">
        <test-case id="0-1043" name="TestDefaultBitEndianMod" fullname="Kaitai.SpecDefaultBitEndianMod.TestDefaultBitEndianMod" methodname="TestDefaultBitEndianMod" classname="Kaitai.SpecDefaultBitEndianMod" runstate="Runnable" seed="398798835" result="Passed" start-time="2020-08-23 21:37:00Z" end-time="2020-08-23 21:37:00Z" duration="0.001596" asserts="4" />
      </test-suite>
      <test-suite type="TestFixture" id="0-1044" name="SpecDefaultEndianExprException" fullname="Kaitai.SpecDefaultEndianExprException" classname="Kaitai.SpecDefaultEndianExprException" runstate="Runnable" testcasecount="1" result="Passed" start-time="2020-08-23 21:37:00Z" end-time="2020-08-23 21:37:00Z" duration="0.013012" total="1" passed="1" failed="0" inconclusive="0" skipped="0" asserts="1">
        <test-case id="0-1045" name="TestDefaultEndianExprException" fullname="Kaitai.SpecDefaultEndianExprException.TestDefaultEndianExprException" methodname="TestDefaultEndianExprException" classname="Kaitai.SpecDefaultEndianExprException" runstate="Runnable" seed="520651172" result="Passed" start-time="2020-08-23 21:37:00Z" end-time="2020-08-23 21:37:00Z" duration="0.009769" asserts="1" />
      </test-suite>
      <test-suite type="TestFixture" id="0-1046" name="SpecDefaultEndianExprInherited" fullname="Kaitai.SpecDefaultEndianExprInherited" classname="Kaitai.SpecDefaultEndianExprInherited" runstate="Runnable" testcasecount="1" result="Passed" start-time="2020-08-23 21:37:00Z" end-time="2020-08-23 21:37:00Z" duration="0.008006" total="1" passed="1" failed="0" inconclusive="0" skipped="0" asserts="15">
        <test-case id="0-1047" name="TestDefaultEndianExprInherited" fullname="Kaitai.SpecDefaultEndianExprInherited.TestDefaultEndianExprInherited" methodname="TestDefaultEndianExprInherited" classname="Kaitai.SpecDefaultEndianExprInherited" runstate="Runnable" seed="1816534890" result="Passed" start-time="2020-08-23 21:37:00Z" end-time="2020-08-23 21:37:00Z" duration="0.004164" asserts="15" />
      </test-suite>
      <test-suite type="TestFixture" id="0-1048" name="SpecDefaultEndianExprIsBe" fullname="Kaitai.SpecDefaultEndianExprIsBe" classname="Kaitai.SpecDefaultEndianExprIsBe" runstate="Runnable" testcasecount="1" result="Passed" start-time="2020-08-23 21:37:00Z" end-time="2020-08-23 21:37:00Z" duration="0.008008" total="1" passed="1" failed="0" inconclusive="0" skipped="0" asserts="18">
        <test-case id="0-1049" name="TestDefaultEndianExprIsBe" fullname="Kaitai.SpecDefaultEndianExprIsBe.TestDefaultEndianExprIsBe" methodname="TestDefaultEndianExprIsBe" classname="Kaitai.SpecDefaultEndianExprIsBe" runstate="Runnable" seed="1719587770" result="Passed" start-time="2020-08-23 21:37:00Z" end-time="2020-08-23 21:37:00Z" duration="0.004177" asserts="18" />
      </test-suite>
      <test-suite type="TestFixture" id="0-1050" name="SpecDefaultEndianExprIsLe" fullname="Kaitai.SpecDefaultEndianExprIsLe" classname="Kaitai.SpecDefaultEndianExprIsLe" runstate="Runnable" testcasecount="1" result="Passed" start-time="2020-08-23 21:37:00Z" end-time="2020-08-23 21:37:00Z" duration="0.006008" total="1" passed="1" failed="0" inconclusive="0" skipped="0" asserts="12">
        <test-case id="0-1051" name="TestDefaultEndianExprIsLe" fullname="Kaitai.SpecDefaultEndianExprIsLe.TestDefaultEndianExprIsLe" methodname="TestDefaultEndianExprIsLe" classname="Kaitai.SpecDefaultEndianExprIsLe" runstate="Runnable" seed="1135539427" result="Passed" start-time="2020-08-23 21:37:00Z" end-time="2020-08-23 21:37:00Z" duration="0.002588" asserts="12" />
      </test-suite>
      <test-suite type="TestFixture" id="0-1052" name="SpecDefaultEndianMod" fullname="Kaitai.SpecDefaultEndianMod" classname="Kaitai.SpecDefaultEndianMod" runstate="Runnable" testcasecount="1" result="Passed" start-time="2020-08-23 21:37:00Z" end-time="2020-08-23 21:37:00Z" duration="0.005008" total="1" passed="1" failed="0" inconclusive="0" skipped="0" asserts="3">
        <test-case id="0-1053" name="TestDefaultEndianMod" fullname="Kaitai.SpecDefaultEndianMod.TestDefaultEndianMod" methodname="TestDefaultEndianMod" classname="Kaitai.SpecDefaultEndianMod" runstate="Runnable" seed="1074211378" result="Passed" start-time="2020-08-23 21:37:00Z" end-time="2020-08-23 21:37:00Z" duration="0.001602" asserts="3" />
      </test-suite>
      <test-suite type="TestFixture" id="0-1054" name="SpecDocstrings" fullname="Kaitai.SpecDocstrings" classname="Kaitai.SpecDocstrings" runstate="Runnable" testcasecount="1" result="Passed" start-time="2020-08-23 21:37:00Z" end-time="2020-08-23 21:37:00Z" duration="0.004028" total="1" passed="1" failed="0" inconclusive="0" skipped="0" asserts="0">
        <test-case id="0-1055" name="TestDocstrings" fullname="Kaitai.SpecDocstrings.TestDocstrings" methodname="TestDocstrings" classname="Kaitai.SpecDocstrings" runstate="Runnable" seed="1127697429" result="Passed" start-time="2020-08-23 21:37:00Z" end-time="2020-08-23 21:37:00Z" duration="0.000473" asserts="0" />
      </test-suite>
      <test-suite type="TestFixture" id="0-1056" name="SpecDocstringsDocref" fullname="Kaitai.SpecDocstringsDocref" classname="Kaitai.SpecDocstringsDocref" runstate="Runnable" testcasecount="1" result="Passed" start-time="2020-08-23 21:37:00Z" end-time="2020-08-23 21:37:00Z" duration="0.004009" total="1" passed="1" failed="0" inconclusive="0" skipped="0" asserts="0">
        <test-case id="0-1057" name="TestDocstringsDocref" fullname="Kaitai.SpecDocstringsDocref.TestDocstringsDocref" methodname="TestDocstringsDocref" classname="Kaitai.SpecDocstringsDocref" runstate="Runnable" seed="902475022" result="Passed" start-time="2020-08-23 21:37:00Z" end-time="2020-08-23 21:37:00Z" duration="0.000510" asserts="0" />
      </test-suite>
      <test-suite type="TestFixture" id="0-1058" name="SpecDocstringsDocrefMulti" fullname="Kaitai.SpecDocstringsDocrefMulti" classname="Kaitai.SpecDocstringsDocrefMulti" runstate="Runnable" testcasecount="1" result="Passed" start-time="2020-08-23 21:37:00Z" end-time="2020-08-23 21:37:00Z" duration="0.003988" total="1" passed="1" failed="0" inconclusive="0" skipped="0" asserts="0">
        <test-case id="0-1059" name="TestDocstringsDocrefMulti" fullname="Kaitai.SpecDocstringsDocrefMulti.TestDocstringsDocrefMulti" methodname="TestDocstringsDocrefMulti" classname="Kaitai.SpecDocstringsDocrefMulti" runstate="Runnable" seed="1853357053" result="Passed" start-time="2020-08-23 21:37:00Z" end-time="2020-08-23 21:37:00Z" duration="0.000427" asserts="0" />
      </test-suite>
      <test-suite type="TestFixture" id="0-1060" name="SpecEnum0" fullname="Kaitai.SpecEnum0" classname="Kaitai.SpecEnum0" runstate="Runnable" testcasecount="1" result="Passed" start-time="2020-08-23 21:37:00Z" end-time="2020-08-23 21:37:00Z" duration="0.004008" total="1" passed="1" failed="0" inconclusive="0" skipped="0" asserts="2">
        <test-case id="0-1061" name="TestEnum0" fullname="Kaitai.SpecEnum0.TestEnum0" methodname="TestEnum0" classname="Kaitai.SpecEnum0" runstate="Runnable" seed="1041639173" result="Passed" start-time="2020-08-23 21:37:00Z" end-time="2020-08-23 21:37:00Z" duration="0.000830" asserts="2" />
      </test-suite>
      <test-suite type="TestFixture" id="0-1062" name="SpecEnum1" fullname="Kaitai.SpecEnum1" classname="Kaitai.SpecEnum1" runstate="Runnable" testcasecount="1" result="Passed" start-time="2020-08-23 21:37:00Z" end-time="2020-08-23 21:37:00Z" duration="0.005009" total="1" passed="1" failed="0" inconclusive="0" skipped="0" asserts="2">
        <test-case id="0-1063" name="TestEnum1" fullname="Kaitai.SpecEnum1.TestEnum1" methodname="TestEnum1" classname="Kaitai.SpecEnum1" runstate="Runnable" seed="1859249542" result="Passed" start-time="2020-08-23 21:37:00Z" end-time="2020-08-23 21:37:00Z" duration="0.001532" asserts="2" />
      </test-suite>
      <test-suite type="TestFixture" id="0-1064" name="SpecEnumDeep" fullname="Kaitai.SpecEnumDeep" classname="Kaitai.SpecEnumDeep" runstate="Runnable" testcasecount="1" result="Passed" start-time="2020-08-23 21:37:00Z" end-time="2020-08-23 21:37:00Z" duration="0.004033" total="1" passed="1" failed="0" inconclusive="0" skipped="0" asserts="2">
        <test-case id="0-1065" name="TestEnumDeep" fullname="Kaitai.SpecEnumDeep.TestEnumDeep" methodname="TestEnumDeep" classname="Kaitai.SpecEnumDeep" runstate="Runnable" seed="1682983924" result="Passed" start-time="2020-08-23 21:37:00Z" end-time="2020-08-23 21:37:00Z" duration="0.000843" asserts="2" />
      </test-suite>
      <test-suite type="TestFixture" id="0-1066" name="SpecEnumDeepLiterals" fullname="Kaitai.SpecEnumDeepLiterals" classname="Kaitai.SpecEnumDeepLiterals" runstate="Runnable" testcasecount="1" result="Passed" start-time="2020-08-23 21:37:00Z" end-time="2020-08-23 21:37:00Z" duration="0.005019" total="1" passed="1" failed="0" inconclusive="0" skipped="0" asserts="2">
        <test-case id="0-1067" name="TestEnumDeepLiterals" fullname="Kaitai.SpecEnumDeepLiterals.TestEnumDeepLiterals" methodname="TestEnumDeepLiterals" classname="Kaitai.SpecEnumDeepLiterals" runstate="Runnable" seed="195320863" result="Passed" start-time="2020-08-23 21:37:00Z" end-time="2020-08-23 21:37:00Z" duration="0.001145" asserts="2" />
      </test-suite>
      <test-suite type="TestFixture" id="0-1068" name="SpecEnumFancy" fullname="Kaitai.SpecEnumFancy" classname="Kaitai.SpecEnumFancy" runstate="Runnable" testcasecount="1" result="Passed" start-time="2020-08-23 21:37:00Z" end-time="2020-08-23 21:37:00Z" duration="0.004008" total="1" passed="1" failed="0" inconclusive="0" skipped="0" asserts="2">
        <test-case id="0-1069" name="TestEnumFancy" fullname="Kaitai.SpecEnumFancy.TestEnumFancy" methodname="TestEnumFancy" classname="Kaitai.SpecEnumFancy" runstate="Runnable" seed="285532792" result="Passed" start-time="2020-08-23 21:37:00Z" end-time="2020-08-23 21:37:00Z" duration="0.000687" asserts="2" />
      </test-suite>
      <test-suite type="TestFixture" id="0-1070" name="SpecEnumForUnknownId" fullname="Kaitai.SpecEnumForUnknownId" classname="Kaitai.SpecEnumForUnknownId" runstate="Runnable" testcasecount="1" result="Passed" start-time="2020-08-23 21:37:00Z" end-time="2020-08-23 21:37:00Z" duration="0.004028" total="1" passed="1" failed="0" inconclusive="0" skipped="0" asserts="1">
        <test-case id="0-1071" name="TestEnumForUnknownId" fullname="Kaitai.SpecEnumForUnknownId.TestEnumForUnknownId" methodname="TestEnumForUnknownId" classname="Kaitai.SpecEnumForUnknownId" runstate="Runnable" seed="739363524" result="Passed" start-time="2020-08-23 21:37:00Z" end-time="2020-08-23 21:37:00Z" duration="0.000574" asserts="1" />
      </test-suite>
      <test-suite type="TestFixture" id="0-1072" name="SpecEnumIf" fullname="Kaitai.SpecEnumIf" classname="Kaitai.SpecEnumIf" runstate="Runnable" testcasecount="1" result="Passed" start-time="2020-08-23 21:37:00Z" end-time="2020-08-23 21:37:00Z" duration="0.006010" total="1" passed="1" failed="0" inconclusive="0" skipped="0" asserts="7">
        <test-case id="0-1073" name="TestEnumIf" fullname="Kaitai.SpecEnumIf.TestEnumIf" methodname="TestEnumIf" classname="Kaitai.SpecEnumIf" runstate="Runnable" seed="1641870398" result="Passed" start-time="2020-08-23 21:37:00Z" end-time="2020-08-23 21:37:00Z" duration="0.002349" asserts="7" />
      </test-suite>
      <test-suite type="TestFixture" id="0-1074" name="SpecEnumImport" fullname="Kaitai.SpecEnumImport" classname="Kaitai.SpecEnumImport" runstate="Runnable" testcasecount="1" result="Passed" start-time="2020-08-23 21:37:00Z" end-time="2020-08-23 21:37:00Z" duration="0.004011" total="1" passed="1" failed="0" inconclusive="0" skipped="0" asserts="2">
        <test-case id="0-1075" name="TestEnumImport" fullname="Kaitai.SpecEnumImport.TestEnumImport" methodname="TestEnumImport" classname="Kaitai.SpecEnumImport" runstate="Runnable" seed="276250133" result="Passed" start-time="2020-08-23 21:37:00Z" end-time="2020-08-23 21:37:00Z" duration="0.000695" asserts="2" />
      </test-suite>
      <test-suite type="TestFixture" id="0-1076" name="SpecEnumIntRangeS" fullname="Kaitai.SpecEnumIntRangeS" classname="Kaitai.SpecEnumIntRangeS" runstate="Runnable" testcasecount="1" result="Passed" start-time="2020-08-23 21:37:00Z" end-time="2020-08-23 21:37:00Z" duration="0.004008" total="1" passed="1" failed="0" inconclusive="0" skipped="0" asserts="3">
        <test-case id="0-1077" name="TestEnumIntRangeS" fullname="Kaitai.SpecEnumIntRangeS.TestEnumIntRangeS" methodname="TestEnumIntRangeS" classname="Kaitai.SpecEnumIntRangeS" runstate="Runnable" seed="1113204843" result="Passed" start-time="2020-08-23 21:37:00Z" end-time="2020-08-23 21:37:00Z" duration="0.000832" asserts="3" />
      </test-suite>
      <test-suite type="TestFixture" id="0-1078" name="SpecEnumInvalid" fullname="Kaitai.SpecEnumInvalid" classname="Kaitai.SpecEnumInvalid" runstate="Runnable" testcasecount="1" result="Passed" start-time="2020-08-23 21:37:00Z" end-time="2020-08-23 21:37:00Z" duration="0.004010" total="1" passed="1" failed="0" inconclusive="0" skipped="0" asserts="2">
        <test-case id="0-1079" name="TestEnumInvalid" fullname="Kaitai.SpecEnumInvalid.TestEnumInvalid" methodname="TestEnumInvalid" classname="Kaitai.SpecEnumInvalid" runstate="Runnable" seed="1163238601" result="Passed" start-time="2020-08-23 21:37:00Z" end-time="2020-08-23 21:37:00Z" duration="0.000818" asserts="2" />
      </test-suite>
      <test-suite type="TestFixture" id="0-1080" name="SpecEnumNegative" fullname="Kaitai.SpecEnumNegative" classname="Kaitai.SpecEnumNegative" runstate="Runnable" testcasecount="1" result="Passed" start-time="2020-08-23 21:37:00Z" end-time="2020-08-23 21:37:00Z" duration="0.003985" total="1" passed="1" failed="0" inconclusive="0" skipped="0" asserts="2">
        <test-case id="0-1081" name="TestEnumNegative" fullname="Kaitai.SpecEnumNegative.TestEnumNegative" methodname="TestEnumNegative" classname="Kaitai.SpecEnumNegative" runstate="Runnable" seed="2010496815" result="Passed" start-time="2020-08-23 21:37:00Z" end-time="2020-08-23 21:37:00Z" duration="0.000882" asserts="2" />
      </test-suite>
      <test-suite type="TestFixture" id="0-1082" name="SpecEnumOfValueInst" fullname="Kaitai.SpecEnumOfValueInst" classname="Kaitai.SpecEnumOfValueInst" runstate="Runnable" testcasecount="1" result="Passed" start-time="2020-08-23 21:37:00Z" end-time="2020-08-23 21:37:00Z" duration="0.004993" total="1" passed="1" failed="0" inconclusive="0" skipped="0" asserts="4">
        <test-case id="0-1083" name="TestEnumOfValueInst" fullname="Kaitai.SpecEnumOfValueInst.TestEnumOfValueInst" methodname="TestEnumOfValueInst" classname="Kaitai.SpecEnumOfValueInst" runstate="Runnable" seed="846260402" result="Passed" start-time="2020-08-23 21:37:00Z" end-time="2020-08-23 21:37:00Z" duration="0.001059" asserts="4" />
      </test-suite>
      <test-suite type="TestFixture" id="0-1084" name="SpecEofExceptionBytes" fullname="Kaitai.SpecEofExceptionBytes" classname="Kaitai.SpecEofExceptionBytes" runstate="Runnable" testcasecount="1" result="Passed" start-time="2020-08-23 21:37:00Z" end-time="2020-08-23 21:37:00Z" duration="0.003999" total="1" passed="1" failed="0" inconclusive="0" skipped="0" asserts="1">
        <test-case id="0-1085" name="TestEofExceptionBytes" fullname="Kaitai.SpecEofExceptionBytes.TestEofExceptionBytes" methodname="TestEofExceptionBytes" classname="Kaitai.SpecEofExceptionBytes" runstate="Runnable" seed="389944976" result="Passed" start-time="2020-08-23 21:37:00Z" end-time="2020-08-23 21:37:00Z" duration="0.000770" asserts="1" />
      </test-suite>
      <test-suite type="TestFixture" id="0-1086" name="SpecEofExceptionU4" fullname="Kaitai.SpecEofExceptionU4" classname="Kaitai.SpecEofExceptionU4" runstate="Runnable" testcasecount="1" result="Passed" start-time="2020-08-23 21:37:00Z" end-time="2020-08-23 21:37:00Z" duration="0.004014" total="1" passed="1" failed="0" inconclusive="0" skipped="0" asserts="1">
        <test-case id="0-1087" name="TestEofExceptionU4" fullname="Kaitai.SpecEofExceptionU4.TestEofExceptionU4" methodname="TestEofExceptionU4" classname="Kaitai.SpecEofExceptionU4" runstate="Runnable" seed="458676927" result="Passed" start-time="2020-08-23 21:37:00Z" end-time="2020-08-23 21:37:00Z" duration="0.000701" asserts="1" />
      </test-suite>
      <test-suite type="TestFixture" id="0-1088" name="SpecEosExceptionBytes" fullname="Kaitai.SpecEosExceptionBytes" classname="Kaitai.SpecEosExceptionBytes" runstate="Runnable" testcasecount="1" result="Passed" start-time="2020-08-23 21:37:00Z" end-time="2020-08-23 21:37:00Z" duration="0.010964" total="1" passed="1" failed="0" inconclusive="0" skipped="0" asserts="1">
        <test-case id="0-1089" name="TestEosExceptionBytes" fullname="Kaitai.SpecEosExceptionBytes.TestEosExceptionBytes" methodname="TestEosExceptionBytes" classname="Kaitai.SpecEosExceptionBytes" runstate="Runnable" seed="661378132" result="Passed" start-time="2020-08-23 21:37:00Z" end-time="2020-08-23 21:37:00Z" duration="0.000941" asserts="1" />
      </test-suite>
      <test-suite type="TestFixture" id="0-1090" name="SpecEosExceptionU4" fullname="Kaitai.SpecEosExceptionU4" classname="Kaitai.SpecEosExceptionU4" runstate="Runnable" testcasecount="1" result="Passed" start-time="2020-08-23 21:37:00Z" end-time="2020-08-23 21:37:00Z" duration="0.004995" total="1" passed="1" failed="0" inconclusive="0" skipped="0" asserts="1">
        <test-case id="0-1091" name="TestEosExceptionU4" fullname="Kaitai.SpecEosExceptionU4.TestEosExceptionU4" methodname="TestEosExceptionU4" classname="Kaitai.SpecEosExceptionU4" runstate="Runnable" seed="110436167" result="Passed" start-time="2020-08-23 21:37:00Z" end-time="2020-08-23 21:37:00Z" duration="0.001129" asserts="1" />
      </test-suite>
      <test-suite type="TestFixture" id="0-1092" name="SpecExpr0" fullname="Kaitai.SpecExpr0" classname="Kaitai.SpecExpr0" runstate="Runnable" testcasecount="1" result="Passed" start-time="2020-08-23 21:37:00Z" end-time="2020-08-23 21:37:00Z" duration="0.003965" total="1" passed="1" failed="0" inconclusive="0" skipped="0" asserts="2">
        <test-case id="0-1093" name="TestExpr0" fullname="Kaitai.SpecExpr0.TestExpr0" methodname="TestExpr0" classname="Kaitai.SpecExpr0" runstate="Runnable" seed="1578843319" result="Passed" start-time="2020-08-23 21:37:00Z" end-time="2020-08-23 21:37:00Z" duration="0.000779" asserts="2" />
      </test-suite>
      <test-suite type="TestFixture" id="0-1094" name="SpecExpr1" fullname="Kaitai.SpecExpr1" classname="Kaitai.SpecExpr1" runstate="Runnable" testcasecount="1" result="Passed" start-time="2020-08-23 21:37:00Z" end-time="2020-08-23 21:37:00Z" duration="0.004989" total="1" passed="1" failed="0" inconclusive="0" skipped="0" asserts="4">
        <test-case id="0-1095" name="TestExpr1" fullname="Kaitai.SpecExpr1.TestExpr1" methodname="TestExpr1" classname="Kaitai.SpecExpr1" runstate="Runnable" seed="170918053" result="Passed" start-time="2020-08-23 21:37:00Z" end-time="2020-08-23 21:37:00Z" duration="0.001150" asserts="4" />
      </test-suite>
      <test-suite type="TestFixture" id="0-1096" name="SpecExpr2" fullname="Kaitai.SpecExpr2" classname="Kaitai.SpecExpr2" runstate="Runnable" testcasecount="1" result="Passed" start-time="2020-08-23 21:37:00Z" end-time="2020-08-23 21:37:00Z" duration="0.007055" total="1" passed="1" failed="0" inconclusive="0" skipped="0" asserts="17">
        <test-case id="0-1097" name="TestExpr2" fullname="Kaitai.SpecExpr2.TestExpr2" methodname="TestExpr2" classname="Kaitai.SpecExpr2" runstate="Runnable" seed="2014333246" result="Passed" start-time="2020-08-23 21:37:00Z" end-time="2020-08-23 21:37:00Z" duration="0.003601" asserts="17" />
      </test-suite>
      <test-suite type="TestFixture" id="0-1098" name="SpecExpr3" fullname="Kaitai.SpecExpr3" classname="Kaitai.SpecExpr3" runstate="Runnable" testcasecount="1" result="Passed" start-time="2020-08-23 21:37:00Z" end-time="2020-08-23 21:37:00Z" duration="0.006012" total="1" passed="1" failed="0" inconclusive="0" skipped="0" asserts="12">
        <test-case id="0-1099" name="TestExpr3" fullname="Kaitai.SpecExpr3.TestExpr3" methodname="TestExpr3" classname="Kaitai.SpecExpr3" runstate="Runnable" seed="1875111222" result="Passed" start-time="2020-08-23 21:37:00Z" end-time="2020-08-23 21:37:00Z" duration="0.002264" asserts="12" />
      </test-suite>
      <test-suite type="TestFixture" id="0-1100" name="SpecExprArray" fullname="Kaitai.SpecExprArray" classname="Kaitai.SpecExprArray" runstate="Runnable" testcasecount="1" result="Passed" start-time="2020-08-23 21:37:00Z" end-time="2020-08-23 21:37:00Z" duration="0.016007" total="1" passed="1" failed="0" inconclusive="0" skipped="0" asserts="15">
        <test-case id="0-1101" name="TestExprArray" fullname="Kaitai.SpecExprArray.TestExprArray" methodname="TestExprArray" classname="Kaitai.SpecExprArray" runstate="Runnable" seed="554487091" result="Passed" start-time="2020-08-23 21:37:00Z" end-time="2020-08-23 21:37:00Z" duration="0.012014" asserts="15" />
      </test-suite>
      <test-suite type="TestFixture" id="0-1102" name="SpecExprBytesCmp" fullname="Kaitai.SpecExprBytesCmp" classname="Kaitai.SpecExprBytesCmp" runstate="Runnable" testcasecount="1" result="Passed" start-time="2020-08-23 21:37:00Z" end-time="2020-08-23 21:37:00Z" duration="0.006057" total="1" passed="1" failed="0" inconclusive="0" skipped="0" asserts="10">
        <test-case id="0-1103" name="TestExprBytesCmp" fullname="Kaitai.SpecExprBytesCmp.TestExprBytesCmp" methodname="TestExprBytesCmp" classname="Kaitai.SpecExprBytesCmp" runstate="Runnable" seed="1166282621" result="Passed" start-time="2020-08-23 21:37:00Z" end-time="2020-08-23 21:37:00Z" duration="0.002379" asserts="10" />
      </test-suite>
      <test-suite type="TestFixture" id="0-1104" name="SpecExprBytesOps" fullname="Kaitai.SpecExprBytesOps" classname="Kaitai.SpecExprBytesOps" runstate="Runnable" testcasecount="1" result="Passed" start-time="2020-08-23 21:37:00Z" end-time="2020-08-23 21:37:00Z" duration="0.006980" total="1" passed="1" failed="0" inconclusive="0" skipped="0" asserts="12">
        <test-case id="0-1105" name="TestExprBytesOps" fullname="Kaitai.SpecExprBytesOps.TestExprBytesOps" methodname="TestExprBytesOps" classname="Kaitai.SpecExprBytesOps" runstate="Runnable" seed="1140213345" result="Passed" start-time="2020-08-23 21:37:00Z" end-time="2020-08-23 21:37:00Z" duration="0.003941" asserts="12" />
      </test-suite>
      <test-suite type="TestFixture" id="0-1106" name="SpecExprCalcArrayOps" fullname="Kaitai.SpecExprCalcArrayOps" classname="Kaitai.SpecExprCalcArrayOps" runstate="Runnable" testcasecount="1" result="Passed" start-time="2020-08-23 21:37:00Z" end-time="2020-08-23 21:37:00Z" duration="0.008034" total="1" passed="1" failed="0" inconclusive="0" skipped="0" asserts="18">
        <test-case id="0-1107" name="TestExprCalcArrayOps" fullname="Kaitai.SpecExprCalcArrayOps.TestExprCalcArrayOps" methodname="TestExprCalcArrayOps" classname="Kaitai.SpecExprCalcArrayOps" runstate="Runnable" seed="1467105781" result="Passed" start-time="2020-08-23 21:37:00Z" end-time="2020-08-23 21:37:00Z" duration="0.004644" asserts="18" />
      </test-suite>
      <test-suite type="TestFixture" id="0-1108" name="SpecExprEnum" fullname="Kaitai.SpecExprEnum" classname="Kaitai.SpecExprEnum" runstate="Runnable" testcasecount="1" result="Passed" start-time="2020-08-23 21:37:00Z" end-time="2020-08-23 21:37:00Z" duration="0.005002" total="1" passed="1" failed="0" inconclusive="0" skipped="0" asserts="3">
        <test-case id="0-1109" name="TestExprEnum" fullname="Kaitai.SpecExprEnum.TestExprEnum" methodname="TestExprEnum" classname="Kaitai.SpecExprEnum" runstate="Runnable" seed="817638573" result="Passed" start-time="2020-08-23 21:37:00Z" end-time="2020-08-23 21:37:00Z" duration="0.000953" asserts="3" />
      </test-suite>
      <test-suite type="TestFixture" id="0-1110" name="SpecExprIfIntOps" fullname="Kaitai.SpecExprIfIntOps" classname="Kaitai.SpecExprIfIntOps" runstate="Runnable" testcasecount="1" result="Passed" start-time="2020-08-23 21:37:00Z" end-time="2020-08-23 21:37:00Z" duration="0.005078" total="1" passed="1" failed="0" inconclusive="0" skipped="0" asserts="2">
        <test-case id="0-1111" name="TestExprIfIntOps" fullname="Kaitai.SpecExprIfIntOps.TestExprIfIntOps" methodname="TestExprIfIntOps" classname="Kaitai.SpecExprIfIntOps" runstate="Runnable" seed="2131457647" result="Passed" start-time="2020-08-23 21:37:00Z" end-time="2020-08-23 21:37:00Z" duration="0.001855" asserts="2" />
      </test-suite>
      <test-suite type="TestFixture" id="0-1112" name="SpecExprIntDiv" fullname="Kaitai.SpecExprIntDiv" classname="Kaitai.SpecExprIntDiv" runstate="Runnable" testcasecount="1" result="Failed" site="Child" start-time="2020-08-23 21:37:00Z" end-time="2020-08-23 21:37:01Z" duration="0.037596" total="1" passed="0" failed="1" inconclusive="0" skipped="0" asserts="4">
        <failure>
          <message><![CDATA[One or more child tests had errors]]></message>
        </failure>
        <test-case id="0-1113" name="TestExprIntDiv" fullname="Kaitai.SpecExprIntDiv.TestExprIntDiv" methodname="TestExprIntDiv" classname="Kaitai.SpecExprIntDiv" runstate="Runnable" seed="1778408590" result="Failed" start-time="2020-08-23 21:37:00Z" end-time="2020-08-23 21:37:01Z" duration="0.033859" asserts="4">
          <failure>
            <message><![CDATA[  Expected: -756
  But was:  -757
]]></message>
            <stack-trace><![CDATA[at Kaitai.SpecExprIntDiv.TestExprIntDiv() in C:\projects\ci-targets\tests\spec\csharp\kaitai_struct_csharp_tests\tests\SpecExprIntDiv.cs:line 18
]]></stack-trace>
          </failure>
        </test-case>
      </test-suite>
      <test-suite type="TestFixture" id="0-1114" name="SpecExprIoEof" fullname="Kaitai.SpecExprIoEof" classname="Kaitai.SpecExprIoEof" runstate="Runnable" testcasecount="1" result="Passed" start-time="2020-08-23 21:37:01Z" end-time="2020-08-23 21:37:01Z" duration="0.006033" total="1" passed="1" failed="0" inconclusive="0" skipped="0" asserts="4">
        <test-case id="0-1115" name="TestExprIoEof" fullname="Kaitai.SpecExprIoEof.TestExprIoEof" methodname="TestExprIoEof" classname="Kaitai.SpecExprIoEof" runstate="Runnable" seed="1839714529" result="Passed" start-time="2020-08-23 21:37:01Z" end-time="2020-08-23 21:37:01Z" duration="0.001987" asserts="4" />
      </test-suite>
      <test-suite type="TestFixture" id="0-1116" name="SpecExprIoPos" fullname="Kaitai.SpecExprIoPos" classname="Kaitai.SpecExprIoPos" runstate="Runnable" testcasecount="1" result="Passed" start-time="2020-08-23 21:37:01Z" end-time="2020-08-23 21:37:01Z" duration="0.005017" total="1" passed="1" failed="0" inconclusive="0" skipped="0" asserts="6">
        <test-case id="0-1117" name="TestExprIoPos" fullname="Kaitai.SpecExprIoPos.TestExprIoPos" methodname="TestExprIoPos" classname="Kaitai.SpecExprIoPos" runstate="Runnable" seed="1174647203" result="Passed" start-time="2020-08-23 21:37:01Z" end-time="2020-08-23 21:37:01Z" duration="0.001629" asserts="6" />
      </test-suite>
      <test-suite type="TestFixture" id="0-1118" name="SpecExprMod" fullname="Kaitai.SpecExprMod" classname="Kaitai.SpecExprMod" runstate="Runnable" testcasecount="1" result="Passed" start-time="2020-08-23 21:37:01Z" end-time="2020-08-23 21:37:01Z" duration="0.005010" total="1" passed="1" failed="0" inconclusive="0" skipped="0" asserts="6">
        <test-case id="0-1119" name="TestExprMod" fullname="Kaitai.SpecExprMod.TestExprMod" methodname="TestExprMod" classname="Kaitai.SpecExprMod" runstate="Runnable" seed="2010045378" result="Passed" start-time="2020-08-23 21:37:01Z" end-time="2020-08-23 21:37:01Z" duration="0.001496" asserts="6" />
      </test-suite>
      <test-suite type="TestFixture" id="0-1120" name="SpecExprSizeofType0" fullname="Kaitai.SpecExprSizeofType0" classname="Kaitai.SpecExprSizeofType0" runstate="Runnable" testcasecount="1" result="Passed" start-time="2020-08-23 21:37:01Z" end-time="2020-08-23 21:37:01Z" duration="0.004008" total="1" passed="1" failed="0" inconclusive="0" skipped="0" asserts="1">
        <test-case id="0-1121" name="TestExprSizeofType0" fullname="Kaitai.SpecExprSizeofType0.TestExprSizeofType0" methodname="TestExprSizeofType0" classname="Kaitai.SpecExprSizeofType0" runstate="Runnable" seed="2084276354" result="Passed" start-time="2020-08-23 21:37:01Z" end-time="2020-08-23 21:37:01Z" duration="0.000556" asserts="1" />
      </test-suite>
      <test-suite type="TestFixture" id="0-1122" name="SpecExprSizeofType1" fullname="Kaitai.SpecExprSizeofType1" classname="Kaitai.SpecExprSizeofType1" runstate="Runnable" testcasecount="1" result="Passed" start-time="2020-08-23 21:37:01Z" end-time="2020-08-23 21:37:01Z" duration="0.004009" total="1" passed="1" failed="0" inconclusive="0" skipped="0" asserts="2">
        <test-case id="0-1123" name="TestExprSizeofType1" fullname="Kaitai.SpecExprSizeofType1.TestExprSizeofType1" methodname="TestExprSizeofType1" classname="Kaitai.SpecExprSizeofType1" runstate="Runnable" seed="1014018684" result="Passed" start-time="2020-08-23 21:37:01Z" end-time="2020-08-23 21:37:01Z" duration="0.000656" asserts="2" />
      </test-suite>
      <test-suite type="TestFixture" id="0-1124" name="SpecExprSizeofValue0" fullname="Kaitai.SpecExprSizeofValue0" classname="Kaitai.SpecExprSizeofValue0" runstate="Runnable" testcasecount="1" result="Passed" start-time="2020-08-23 21:37:01Z" end-time="2020-08-23 21:37:01Z" duration="0.005013" total="1" passed="1" failed="0" inconclusive="0" skipped="0" asserts="5">
        <test-case id="0-1125" name="TestExprSizeofValue0" fullname="Kaitai.SpecExprSizeofValue0.TestExprSizeofValue0" methodname="TestExprSizeofValue0" classname="Kaitai.SpecExprSizeofValue0" runstate="Runnable" seed="373085496" result="Passed" start-time="2020-08-23 21:37:01Z" end-time="2020-08-23 21:37:01Z" duration="0.001299" asserts="5" />
      </test-suite>
      <test-suite type="TestFixture" id="0-1126" name="SpecExprSizeofValueSized" fullname="Kaitai.SpecExprSizeofValueSized" classname="Kaitai.SpecExprSizeofValueSized" runstate="Runnable" testcasecount="1" result="Passed" start-time="2020-08-23 21:37:01Z" end-time="2020-08-23 21:37:01Z" duration="0.005006" total="1" passed="1" failed="0" inconclusive="0" skipped="0" asserts="5">
        <test-case id="0-1127" name="TestExprSizeofValueSized" fullname="Kaitai.SpecExprSizeofValueSized.TestExprSizeofValueSized" methodname="TestExprSizeofValueSized" classname="Kaitai.SpecExprSizeofValueSized" runstate="Runnable" seed="362971186" result="Passed" start-time="2020-08-23 21:37:01Z" end-time="2020-08-23 21:37:01Z" duration="0.001339" asserts="5" />
      </test-suite>
      <test-suite type="TestFixture" id="0-1128" name="SpecExprStrOps" fullname="Kaitai.SpecExprStrOps" classname="Kaitai.SpecExprStrOps" runstate="Runnable" testcasecount="1" result="Passed" start-time="2020-08-23 21:37:01Z" end-time="2020-08-23 21:37:01Z" duration="0.007010" total="1" passed="1" failed="0" inconclusive="0" skipped="0" asserts="17">
        <test-case id="0-1129" name="TestExprStrOps" fullname="Kaitai.SpecExprStrOps.TestExprStrOps" methodname="TestExprStrOps" classname="Kaitai.SpecExprStrOps" runstate="Runnable" seed="1237323363" result="Passed" start-time="2020-08-23 21:37:01Z" end-time="2020-08-23 21:37:01Z" duration="0.003062" asserts="17" />
      </test-suite>
      <test-suite type="TestFixture" id="0-1130" name="SpecFixedContents" fullname="Kaitai.SpecFixedContents" classname="Kaitai.SpecFixedContents" runstate="Runnable" testcasecount="1" result="Passed" start-time="2020-08-23 21:37:01Z" end-time="2020-08-23 21:37:01Z" duration="0.008136" total="1" passed="1" failed="0" inconclusive="0" skipped="0" asserts="0">
        <test-case id="0-1131" name="TestFixedContents" fullname="Kaitai.SpecFixedContents.TestFixedContents" methodname="TestFixedContents" classname="Kaitai.SpecFixedContents" runstate="Runnable" seed="600189739" result="Passed" start-time="2020-08-23 21:37:01Z" end-time="2020-08-23 21:37:01Z" duration="0.001101" asserts="0" />
      </test-suite>
      <test-suite type="TestFixture" id="0-1132" name="SpecFixedStruct" fullname="Kaitai.SpecFixedStruct" classname="Kaitai.SpecFixedStruct" runstate="Runnable" testcasecount="1" result="Passed" start-time="2020-08-23 21:37:01Z" end-time="2020-08-23 21:37:01Z" duration="0.009011" total="1" passed="1" failed="0" inconclusive="0" skipped="0" asserts="20">
        <test-case id="0-1133" name="TestFixedStruct" fullname="Kaitai.SpecFixedStruct.TestFixedStruct" methodname="TestFixedStruct" classname="Kaitai.SpecFixedStruct" runstate="Runnable" seed="1740104935" result="Passed" start-time="2020-08-23 21:37:01Z" end-time="2020-08-23 21:37:01Z" duration="0.005645" asserts="20" />
      </test-suite>
      <test-suite type="TestFixture" id="0-1136" name="SpecFloatingPoints" fullname="Kaitai.SpecFloatingPoints" classname="Kaitai.SpecFloatingPoints" runstate="Runnable" testcasecount="1" result="Passed" start-time="2020-08-23 21:37:01Z" end-time="2020-08-23 21:37:01Z" duration="0.005012" total="1" passed="1" failed="0" inconclusive="0" skipped="0" asserts="8">
        <test-case id="0-1137" name="TestFloatingPoints" fullname="Kaitai.SpecFloatingPoints.TestFloatingPoints" methodname="TestFloatingPoints" classname="Kaitai.SpecFloatingPoints" runstate="Runnable" seed="1174728017" result="Passed" start-time="2020-08-23 21:37:01Z" end-time="2020-08-23 21:37:01Z" duration="0.001607" asserts="8" />
      </test-suite>
      <test-suite type="TestFixture" id="0-1134" name="SpecFloatToI" fullname="Kaitai.SpecFloatToI" classname="Kaitai.SpecFloatToI" runstate="Runnable" testcasecount="1" result="Passed" start-time="2020-08-23 21:37:01Z" end-time="2020-08-23 21:37:01Z" duration="0.004974" total="1" passed="1" failed="0" inconclusive="0" skipped="0" asserts="8">
        <test-case id="0-1135" name="TestFloatToI" fullname="Kaitai.SpecFloatToI.TestFloatToI" methodname="TestFloatToI" classname="Kaitai.SpecFloatToI" runstate="Runnable" seed="478007417" result="Passed" start-time="2020-08-23 21:37:01Z" end-time="2020-08-23 21:37:01Z" duration="0.001838" asserts="8" />
      </test-suite>
      <test-suite type="TestFixture" id="0-1138" name="SpecHelloWorld" fullname="Kaitai.SpecHelloWorld" classname="Kaitai.SpecHelloWorld" runstate="Runnable" testcasecount="1" result="Passed" start-time="2020-08-23 21:37:01Z" end-time="2020-08-23 21:37:01Z" duration="0.004010" total="1" passed="1" failed="0" inconclusive="0" skipped="0" asserts="1">
        <test-case id="0-1139" name="TestHelloWorld" fullname="Kaitai.SpecHelloWorld.TestHelloWorld" methodname="TestHelloWorld" classname="Kaitai.SpecHelloWorld" runstate="Runnable" seed="388277825" result="Passed" start-time="2020-08-23 21:37:01Z" end-time="2020-08-23 21:37:01Z" duration="0.000379" asserts="1" />
      </test-suite>
      <test-suite type="TestFixture" id="0-1140" name="SpecIfInstances" fullname="Kaitai.SpecIfInstances" classname="Kaitai.SpecIfInstances" runstate="Runnable" testcasecount="1" result="Passed" start-time="2020-08-23 21:37:01Z" end-time="2020-08-23 21:37:01Z" duration="0.003970" total="1" passed="1" failed="0" inconclusive="0" skipped="0" asserts="1">
        <test-case id="0-1141" name="TestIfInstances" fullname="Kaitai.SpecIfInstances.TestIfInstances" methodname="TestIfInstances" classname="Kaitai.SpecIfInstances" runstate="Runnable" seed="1918242993" result="Passed" start-time="2020-08-23 21:37:01Z" end-time="2020-08-23 21:37:01Z" duration="0.000603" asserts="1" />
      </test-suite>
      <test-suite type="TestFixture" id="0-1142" name="SpecIfStruct" fullname="Kaitai.SpecIfStruct" classname="Kaitai.SpecIfStruct" runstate="Runnable" testcasecount="1" result="Passed" start-time="2020-08-23 21:37:01Z" end-time="2020-08-23 21:37:01Z" duration="0.006008" total="1" passed="1" failed="0" inconclusive="0" skipped="0" asserts="7">
        <test-case id="0-1143" name="TestIfStruct" fullname="Kaitai.SpecIfStruct.TestIfStruct" methodname="TestIfStruct" classname="Kaitai.SpecIfStruct" runstate="Runnable" seed="655685770" result="Passed" start-time="2020-08-23 21:37:01Z" end-time="2020-08-23 21:37:01Z" duration="0.002237" asserts="7" />
      </test-suite>
      <test-suite type="TestFixture" id="0-1144" name="SpecIfValues" fullname="Kaitai.SpecIfValues" classname="Kaitai.SpecIfValues" runstate="Runnable" testcasecount="1" result="Passed" start-time="2020-08-23 21:37:01Z" end-time="2020-08-23 21:37:01Z" duration="0.005012" total="1" passed="1" failed="0" inconclusive="0" skipped="0" asserts="6">
        <test-case id="0-1145" name="TestIfValues" fullname="Kaitai.SpecIfValues.TestIfValues" methodname="TestIfValues" classname="Kaitai.SpecIfValues" runstate="Runnable" seed="299554873" result="Passed" start-time="2020-08-23 21:37:01Z" end-time="2020-08-23 21:37:01Z" duration="0.001506" asserts="6" />
      </test-suite>
      <test-suite type="TestFixture" id="0-1146" name="SpecImports0" fullname="Kaitai.SpecImports0" classname="Kaitai.SpecImports0" runstate="Runnable" testcasecount="1" result="Passed" start-time="2020-08-23 21:37:01Z" end-time="2020-08-23 21:37:01Z" duration="0.004013" total="1" passed="1" failed="0" inconclusive="0" skipped="0" asserts="3">
        <test-case id="0-1147" name="TestImports0" fullname="Kaitai.SpecImports0.TestImports0" methodname="TestImports0" classname="Kaitai.SpecImports0" runstate="Runnable" seed="1615845343" result="Passed" start-time="2020-08-23 21:37:01Z" end-time="2020-08-23 21:37:01Z" duration="0.000889" asserts="3" />
      </test-suite>
      <test-suite type="TestFixture" id="0-1148" name="SpecImportsAbs" fullname="Kaitai.SpecImportsAbs" classname="Kaitai.SpecImportsAbs" runstate="Runnable" testcasecount="1" result="Passed" start-time="2020-08-23 21:37:01Z" end-time="2020-08-23 21:37:01Z" duration="0.006009" total="1" passed="1" failed="0" inconclusive="0" skipped="0" asserts="2">
        <test-case id="0-1149" name="TestImportsAbs" fullname="Kaitai.SpecImportsAbs.TestImportsAbs" methodname="TestImportsAbs" classname="Kaitai.SpecImportsAbs" runstate="Runnable" seed="2027437233" result="Passed" start-time="2020-08-23 21:37:01Z" end-time="2020-08-23 21:37:01Z" duration="0.002514" asserts="2" />
      </test-suite>
      <test-suite type="TestFixture" id="0-1150" name="SpecImportsAbsAbs" fullname="Kaitai.SpecImportsAbsAbs" classname="Kaitai.SpecImportsAbsAbs" runstate="Runnable" testcasecount="1" result="Passed" start-time="2020-08-23 21:37:01Z" end-time="2020-08-23 21:37:01Z" duration="0.005033" total="1" passed="1" failed="0" inconclusive="0" skipped="0" asserts="3">
        <test-case id="0-1151" name="TestImportsAbsAbs" fullname="Kaitai.SpecImportsAbsAbs.TestImportsAbsAbs" methodname="TestImportsAbsAbs" classname="Kaitai.SpecImportsAbsAbs" runstate="Runnable" seed="880116706" result="Passed" start-time="2020-08-23 21:37:01Z" end-time="2020-08-23 21:37:01Z" duration="0.001306" asserts="3" />
      </test-suite>
      <test-suite type="TestFixture" id="0-1152" name="SpecImportsAbsRel" fullname="Kaitai.SpecImportsAbsRel" classname="Kaitai.SpecImportsAbsRel" runstate="Runnable" testcasecount="1" result="Passed" start-time="2020-08-23 21:37:01Z" end-time="2020-08-23 21:37:01Z" duration="0.004999" total="1" passed="1" failed="0" inconclusive="0" skipped="0" asserts="3">
        <test-case id="0-1153" name="TestImportsAbsRel" fullname="Kaitai.SpecImportsAbsRel.TestImportsAbsRel" methodname="TestImportsAbsRel" classname="Kaitai.SpecImportsAbsRel" runstate="Runnable" seed="1154796608" result="Passed" start-time="2020-08-23 21:37:01Z" end-time="2020-08-23 21:37:01Z" duration="0.001142" asserts="3" />
      </test-suite>
      <test-suite type="TestFixture" id="0-1154" name="SpecImportsCircularA" fullname="Kaitai.SpecImportsCircularA" classname="Kaitai.SpecImportsCircularA" runstate="Runnable" testcasecount="1" result="Passed" start-time="2020-08-23 21:37:01Z" end-time="2020-08-23 21:37:01Z" duration="0.004990" total="1" passed="1" failed="0" inconclusive="0" skipped="0" asserts="5">
        <test-case id="0-1155" name="TestImportsCircularA" fullname="Kaitai.SpecImportsCircularA.TestImportsCircularA" methodname="TestImportsCircularA" classname="Kaitai.SpecImportsCircularA" runstate="Runnable" seed="1087145942" result="Passed" start-time="2020-08-23 21:37:01Z" end-time="2020-08-23 21:37:01Z" duration="0.001339" asserts="5" />
      </test-suite>
      <test-suite type="TestFixture" id="0-1156" name="SpecImportsRel1" fullname="Kaitai.SpecImportsRel1" classname="Kaitai.SpecImportsRel1" runstate="Runnable" testcasecount="1" result="Passed" start-time="2020-08-23 21:37:01Z" end-time="2020-08-23 21:37:01Z" duration="0.005032" total="1" passed="1" failed="0" inconclusive="0" skipped="0" asserts="3">
        <test-case id="0-1157" name="TestImportsRel1" fullname="Kaitai.SpecImportsRel1.TestImportsRel1" methodname="TestImportsRel1" classname="Kaitai.SpecImportsRel1" runstate="Runnable" seed="2029786728" result="Passed" start-time="2020-08-23 21:37:01Z" end-time="2020-08-23 21:37:01Z" duration="0.001393" asserts="3" />
      </test-suite>
      <test-suite type="TestFixture" id="0-1158" name="SpecIndexSizes" fullname="Kaitai.SpecIndexSizes" classname="Kaitai.SpecIndexSizes" runstate="Runnable" testcasecount="1" result="Passed" start-time="2020-08-23 21:37:01Z" end-time="2020-08-23 21:37:01Z" duration="0.005017" total="1" passed="1" failed="0" inconclusive="0" skipped="0" asserts="7">
        <test-case id="0-1159" name="TestIndexSizes" fullname="Kaitai.SpecIndexSizes.TestIndexSizes" methodname="TestIndexSizes" classname="Kaitai.SpecIndexSizes" runstate="Runnable" seed="589373867" result="Passed" start-time="2020-08-23 21:37:01Z" end-time="2020-08-23 21:37:01Z" duration="0.001556" asserts="7" />
      </test-suite>
      <test-suite type="TestFixture" id="0-1160" name="SpecIndexToParamEos" fullname="Kaitai.SpecIndexToParamEos" classname="Kaitai.SpecIndexToParamEos" runstate="Runnable" testcasecount="1" result="Passed" start-time="2020-08-23 21:37:01Z" end-time="2020-08-23 21:37:01Z" duration="0.005024" total="1" passed="1" failed="0" inconclusive="0" skipped="0" asserts="7">
        <test-case id="0-1161" name="TestIndexToParamEos" fullname="Kaitai.SpecIndexToParamEos.TestIndexToParamEos" methodname="TestIndexToParamEos" classname="Kaitai.SpecIndexToParamEos" runstate="Runnable" seed="1990906465" result="Passed" start-time="2020-08-23 21:37:01Z" end-time="2020-08-23 21:37:01Z" duration="0.001811" asserts="7" />
      </test-suite>
      <test-suite type="TestFixture" id="0-1162" name="SpecIndexToParamExpr" fullname="Kaitai.SpecIndexToParamExpr" classname="Kaitai.SpecIndexToParamExpr" runstate="Runnable" testcasecount="1" result="Passed" start-time="2020-08-23 21:37:01Z" end-time="2020-08-23 21:37:01Z" duration="0.004983" total="1" passed="1" failed="0" inconclusive="0" skipped="0" asserts="7">
        <test-case id="0-1163" name="TestIndexToParamExpr" fullname="Kaitai.SpecIndexToParamExpr.TestIndexToParamExpr" methodname="TestIndexToParamExpr" classname="Kaitai.SpecIndexToParamExpr" runstate="Runnable" seed="2125797263" result="Passed" start-time="2020-08-23 21:37:01Z" end-time="2020-08-23 21:37:01Z" duration="0.001816" asserts="7" />
      </test-suite>
      <test-suite type="TestFixture" id="0-1164" name="SpecIndexToParamUntil" fullname="Kaitai.SpecIndexToParamUntil" classname="Kaitai.SpecIndexToParamUntil" runstate="Runnable" testcasecount="1" result="Passed" start-time="2020-08-23 21:37:01Z" end-time="2020-08-23 21:37:01Z" duration="0.005012" total="1" passed="1" failed="0" inconclusive="0" skipped="0" asserts="7">
        <test-case id="0-1165" name="TestIndexToParamUntil" fullname="Kaitai.SpecIndexToParamUntil.TestIndexToParamUntil" methodname="TestIndexToParamUntil" classname="Kaitai.SpecIndexToParamUntil" runstate="Runnable" seed="588680338" result="Passed" start-time="2020-08-23 21:37:01Z" end-time="2020-08-23 21:37:01Z" duration="0.001787" asserts="7" />
      </test-suite>
      <test-suite type="TestFixture" id="0-1166" name="SpecInstanceIoUser" fullname="Kaitai.SpecInstanceIoUser" classname="Kaitai.SpecInstanceIoUser" runstate="Runnable" testcasecount="1" result="Passed" start-time="2020-08-23 21:37:01Z" end-time="2020-08-23 21:37:01Z" duration="0.006112" total="1" passed="1" failed="0" inconclusive="0" skipped="0" asserts="4">
        <test-case id="0-1167" name="TestInstanceIoUser" fullname="Kaitai.SpecInstanceIoUser.TestInstanceIoUser" methodname="TestInstanceIoUser" classname="Kaitai.SpecInstanceIoUser" runstate="Runnable" seed="263159364" result="Passed" start-time="2020-08-23 21:37:01Z" end-time="2020-08-23 21:37:01Z" duration="0.002033" asserts="4" />
      </test-suite>
      <test-suite type="TestFixture" id="0-1168" name="SpecInstanceStd" fullname="Kaitai.SpecInstanceStd" classname="Kaitai.SpecInstanceStd" runstate="Runnable" testcasecount="1" result="Passed" start-time="2020-08-23 21:37:01Z" end-time="2020-08-23 21:37:01Z" duration="0.003983" total="1" passed="1" failed="0" inconclusive="0" skipped="0" asserts="1">
        <test-case id="0-1169" name="TestInstanceStd" fullname="Kaitai.SpecInstanceStd.TestInstanceStd" methodname="TestInstanceStd" classname="Kaitai.SpecInstanceStd" runstate="Runnable" seed="227244810" result="Passed" start-time="2020-08-23 21:37:01Z" end-time="2020-08-23 21:37:01Z" duration="0.000946" asserts="1" />
      </test-suite>
      <test-suite type="TestFixture" id="0-1170" name="SpecInstanceStdArray" fullname="Kaitai.SpecInstanceStdArray" classname="Kaitai.SpecInstanceStdArray" runstate="Runnable" testcasecount="1" result="Passed" start-time="2020-08-23 21:37:01Z" end-time="2020-08-23 21:37:01Z" duration="0.005010" total="1" passed="1" failed="0" inconclusive="0" skipped="0" asserts="7">
        <test-case id="0-1171" name="TestInstanceStdArray" fullname="Kaitai.SpecInstanceStdArray.TestInstanceStdArray" methodname="TestInstanceStdArray" classname="Kaitai.SpecInstanceStdArray" runstate="Runnable" seed="80872314" result="Passed" start-time="2020-08-23 21:37:01Z" end-time="2020-08-23 21:37:01Z" duration="0.001511" asserts="7" />
      </test-suite>
      <test-suite type="TestFixture" id="0-1172" name="SpecInstanceUserArray" fullname="Kaitai.SpecInstanceUserArray" classname="Kaitai.SpecInstanceUserArray" runstate="Runnable" testcasecount="1" result="Passed" start-time="2020-08-23 21:37:01Z" end-time="2020-08-23 21:37:01Z" duration="0.006032" total="1" passed="1" failed="0" inconclusive="0" skipped="0" asserts="10">
        <test-case id="0-1173" name="TestInstanceUserArray" fullname="Kaitai.SpecInstanceUserArray.TestInstanceUserArray" methodname="TestInstanceUserArray" classname="Kaitai.SpecInstanceUserArray" runstate="Runnable" seed="584863632" result="Passed" start-time="2020-08-23 21:37:01Z" end-time="2020-08-23 21:37:01Z" duration="0.002261" asserts="10" />
      </test-suite>
      <test-suite type="TestFixture" id="0-1174" name="SpecIntegers" fullname="Kaitai.SpecIntegers" classname="Kaitai.SpecIntegers" runstate="Runnable" testcasecount="1" result="Passed" start-time="2020-08-23 21:37:01Z" end-time="2020-08-23 21:37:01Z" duration="0.007986" total="1" passed="1" failed="0" inconclusive="0" skipped="0" asserts="20">
        <test-case id="0-1175" name="TestIntegers" fullname="Kaitai.SpecIntegers.TestIntegers" methodname="TestIntegers" classname="Kaitai.SpecIntegers" runstate="Runnable" seed="988109493" result="Passed" start-time="2020-08-23 21:37:01Z" end-time="2020-08-23 21:37:01Z" duration="0.004079" asserts="20" />
      </test-suite>
      <test-suite type="TestFixture" id="0-1176" name="SpecIntegersDoubleOverflow" fullname="Kaitai.SpecIntegersDoubleOverflow" classname="Kaitai.SpecIntegersDoubleOverflow" runstate="Runnable" testcasecount="1" result="Passed" start-time="2020-08-23 21:37:01Z" end-time="2020-08-23 21:37:01Z" duration="0.004986" total="1" passed="1" failed="0" inconclusive="0" skipped="0" asserts="8">
        <test-case id="0-1177" name="TestIntegersDoubleOverflow" fullname="Kaitai.SpecIntegersDoubleOverflow.TestIntegersDoubleOverflow" methodname="TestIntegersDoubleOverflow" classname="Kaitai.SpecIntegersDoubleOverflow" runstate="Runnable" seed="537193065" result="Passed" start-time="2020-08-23 21:37:01Z" end-time="2020-08-23 21:37:01Z" duration="0.001525" asserts="8" />
      </test-suite>
      <test-suite type="TestFixture" id="0-1178" name="SpecIntegersMinMax" fullname="Kaitai.SpecIntegersMinMax" classname="Kaitai.SpecIntegersMinMax" runstate="Runnable" testcasecount="1" result="Passed" start-time="2020-08-23 21:37:01Z" end-time="2020-08-23 21:37:01Z" duration="0.007008" total="1" passed="1" failed="0" inconclusive="0" skipped="0" asserts="28">
        <test-case id="0-1179" name="TestIntegersMinMax" fullname="Kaitai.SpecIntegersMinMax.TestIntegersMinMax" methodname="TestIntegersMinMax" classname="Kaitai.SpecIntegersMinMax" runstate="Runnable" seed="839598756" result="Passed" start-time="2020-08-23 21:37:01Z" end-time="2020-08-23 21:37:01Z" duration="0.003542" asserts="28" />
      </test-suite>
      <test-suite type="TestFixture" id="0-1180" name="SpecIoLocalVar" fullname="Kaitai.SpecIoLocalVar" classname="Kaitai.SpecIoLocalVar" runstate="Runnable" testcasecount="1" result="Passed" start-time="2020-08-23 21:37:01Z" end-time="2020-08-23 21:37:01Z" duration="0.005071" total="1" passed="1" failed="0" inconclusive="0" skipped="0" asserts="2">
        <test-case id="0-1181" name="TestIoLocalVar" fullname="Kaitai.SpecIoLocalVar.TestIoLocalVar" methodname="TestIoLocalVar" classname="Kaitai.SpecIoLocalVar" runstate="Runnable" seed="75584693" result="Passed" start-time="2020-08-23 21:37:01Z" end-time="2020-08-23 21:37:01Z" duration="0.001304" asserts="2" />
      </test-suite>
      <test-suite type="TestFixture" id="0-1182" name="SpecJsSignedRightShift" fullname="Kaitai.SpecJsSignedRightShift" classname="Kaitai.SpecJsSignedRightShift" runstate="Runnable" testcasecount="1" result="Passed" start-time="2020-08-23 21:37:01Z" end-time="2020-08-23 21:37:01Z" duration="0.004008" total="1" passed="1" failed="0" inconclusive="0" skipped="0" asserts="2">
        <test-case id="0-1183" name="TestJsSignedRightShift" fullname="Kaitai.SpecJsSignedRightShift.TestJsSignedRightShift" methodname="TestJsSignedRightShift" classname="Kaitai.SpecJsSignedRightShift" runstate="Runnable" seed="1145518079" result="Passed" start-time="2020-08-23 21:37:01Z" end-time="2020-08-23 21:37:01Z" duration="0.000669" asserts="2" />
      </test-suite>
      <test-suite type="TestFixture" id="0-1184" name="SpecMetaTags" fullname="Kaitai.SpecMetaTags" classname="Kaitai.SpecMetaTags" runstate="Runnable" testcasecount="1" result="Passed" start-time="2020-08-23 21:37:01Z" end-time="2020-08-23 21:37:01Z" duration="0.004011" total="1" passed="1" failed="0" inconclusive="0" skipped="0" asserts="0">
        <test-case id="0-1185" name="TestMetaTags" fullname="Kaitai.SpecMetaTags.TestMetaTags" methodname="TestMetaTags" classname="Kaitai.SpecMetaTags" runstate="Runnable" seed="2136542411" result="Passed" start-time="2020-08-23 21:37:01Z" end-time="2020-08-23 21:37:01Z" duration="0.000425" asserts="0" />
      </test-suite>
      <test-suite type="TestFixture" id="0-1186" name="SpecMetaXref" fullname="Kaitai.SpecMetaXref" classname="Kaitai.SpecMetaXref" runstate="Runnable" testcasecount="1" result="Passed" start-time="2020-08-23 21:37:01Z" end-time="2020-08-23 21:37:01Z" duration="0.004007" total="1" passed="1" failed="0" inconclusive="0" skipped="0" asserts="0">
        <test-case id="0-1187" name="TestMetaXref" fullname="Kaitai.SpecMetaXref.TestMetaXref" methodname="TestMetaXref" classname="Kaitai.SpecMetaXref" runstate="Runnable" seed="2074055490" result="Passed" start-time="2020-08-23 21:37:01Z" end-time="2020-08-23 21:37:01Z" duration="0.000422" asserts="0" />
      </test-suite>
      <test-suite type="TestFixture" id="0-1188" name="SpecMultipleUse" fullname="Kaitai.SpecMultipleUse" classname="Kaitai.SpecMultipleUse" runstate="Runnable" testcasecount="1" result="Passed" start-time="2020-08-23 21:37:01Z" end-time="2020-08-23 21:37:01Z" duration="0.005006" total="1" passed="1" failed="0" inconclusive="0" skipped="0" asserts="2">
        <test-case id="0-1189" name="TestMultipleUse" fullname="Kaitai.SpecMultipleUse.TestMultipleUse" methodname="TestMultipleUse" classname="Kaitai.SpecMultipleUse" runstate="Runnable" seed="2031589974" result="Passed" start-time="2020-08-23 21:37:01Z" end-time="2020-08-23 21:37:01Z" duration="0.001454" asserts="2" />
      </test-suite>
      <test-suite type="TestFixture" id="0-1190" name="SpecNavParent" fullname="Kaitai.SpecNavParent" classname="Kaitai.SpecNavParent" runstate="Runnable" testcasecount="1" result="Passed" start-time="2020-08-23 21:37:01Z" end-time="2020-08-23 21:37:01Z" duration="0.006031" total="1" passed="1" failed="0" inconclusive="0" skipped="0" asserts="5">
        <test-case id="0-1191" name="TestNavParent" fullname="Kaitai.SpecNavParent.TestNavParent" methodname="TestNavParent" classname="Kaitai.SpecNavParent" runstate="Runnable" seed="465671681" result="Passed" start-time="2020-08-23 21:37:01Z" end-time="2020-08-23 21:37:01Z" duration="0.002102" asserts="5" />
      </test-suite>
      <test-suite type="TestFixture" id="0-1192" name="SpecNavParent2" fullname="Kaitai.SpecNavParent2" classname="Kaitai.SpecNavParent2" runstate="Runnable" testcasecount="1" result="Passed" start-time="2020-08-23 21:37:01Z" end-time="2020-08-23 21:37:01Z" duration="0.008016" total="1" passed="1" failed="0" inconclusive="0" skipped="0" asserts="10">
        <test-case id="0-1193" name="TestNavParent2" fullname="Kaitai.SpecNavParent2.TestNavParent2" methodname="TestNavParent2" classname="Kaitai.SpecNavParent2" runstate="Runnable" seed="1566241297" result="Passed" start-time="2020-08-23 21:37:01Z" end-time="2020-08-23 21:37:01Z" duration="0.004160" asserts="10" />
      </test-suite>
      <test-suite type="TestFixture" id="0-1194" name="SpecNavParent3" fullname="Kaitai.SpecNavParent3" classname="Kaitai.SpecNavParent3" runstate="Runnable" testcasecount="1" result="Passed" start-time="2020-08-23 21:37:01Z" end-time="2020-08-23 21:37:01Z" duration="0.007026" total="1" passed="1" failed="0" inconclusive="0" skipped="0" asserts="10">
        <test-case id="0-1195" name="TestNavParent3" fullname="Kaitai.SpecNavParent3.TestNavParent3" methodname="TestNavParent3" classname="Kaitai.SpecNavParent3" runstate="Runnable" seed="747425161" result="Passed" start-time="2020-08-23 21:37:01Z" end-time="2020-08-23 21:37:01Z" duration="0.003045" asserts="10" />
      </test-suite>
      <test-suite type="TestFixture" id="0-1196" name="SpecNavParentFalse" fullname="Kaitai.SpecNavParentFalse" classname="Kaitai.SpecNavParentFalse" runstate="Runnable" testcasecount="1" result="Passed" start-time="2020-08-23 21:37:01Z" end-time="2020-08-23 21:37:01Z" duration="0.010770" total="1" passed="1" failed="0" inconclusive="0" skipped="0" asserts="5">
        <test-case id="0-1197" name="TestNavParentFalse" fullname="Kaitai.SpecNavParentFalse.TestNavParentFalse" methodname="TestNavParentFalse" classname="Kaitai.SpecNavParentFalse" runstate="Runnable" seed="382202314" result="Passed" start-time="2020-08-23 21:37:01Z" end-time="2020-08-23 21:37:01Z" duration="0.002250" asserts="5" />
      </test-suite>
      <test-suite type="TestFixture" id="0-1198" name="SpecNavParentFalse2" fullname="Kaitai.SpecNavParentFalse2" classname="Kaitai.SpecNavParentFalse2" runstate="Runnable" testcasecount="1" result="Passed" start-time="2020-08-23 21:37:01Z" end-time="2020-08-23 21:37:01Z" duration="0.003948" total="1" passed="1" failed="0" inconclusive="0" skipped="0" asserts="1">
        <test-case id="0-1199" name="TestNavParentFalse2" fullname="Kaitai.SpecNavParentFalse2.TestNavParentFalse2" methodname="TestNavParentFalse2" classname="Kaitai.SpecNavParentFalse2" runstate="Runnable" seed="179050959" result="Passed" start-time="2020-08-23 21:37:01Z" end-time="2020-08-23 21:37:01Z" duration="0.000837" asserts="1" />
      </test-suite>
      <test-suite type="TestFixture" id="0-1200" name="SpecNavParentOverride" fullname="Kaitai.SpecNavParentOverride" classname="Kaitai.SpecNavParentOverride" runstate="Runnable" testcasecount="1" result="Passed" start-time="2020-08-23 21:37:01Z" end-time="2020-08-23 21:37:01Z" duration="0.004998" total="1" passed="1" failed="0" inconclusive="0" skipped="0" asserts="3">
        <test-case id="0-1201" name="TestNavParentOverride" fullname="Kaitai.SpecNavParentOverride.TestNavParentOverride" methodname="TestNavParentOverride" classname="Kaitai.SpecNavParentOverride" runstate="Runnable" seed="1192920968" result="Passed" start-time="2020-08-23 21:37:01Z" end-time="2020-08-23 21:37:01Z" duration="0.001535" asserts="3" />
      </test-suite>
      <test-suite type="TestFixture" id="0-1202" name="SpecNavParentSwitch" fullname="Kaitai.SpecNavParentSwitch" classname="Kaitai.SpecNavParentSwitch" runstate="Runnable" testcasecount="1" result="Passed" start-time="2020-08-23 21:37:01Z" end-time="2020-08-23 21:37:01Z" duration="0.005009" total="1" passed="1" failed="0" inconclusive="0" skipped="0" asserts="3">
        <test-case id="0-1203" name="TestNavParentSwitch" fullname="Kaitai.SpecNavParentSwitch.TestNavParentSwitch" methodname="TestNavParentSwitch" classname="Kaitai.SpecNavParentSwitch" runstate="Runnable" seed="1840807415" result="Passed" start-time="2020-08-23 21:37:01Z" end-time="2020-08-23 21:37:01Z" duration="0.001436" asserts="3" />
      </test-suite>
      <test-suite type="TestFixture" id="0-1204" name="SpecNavParentVsValueInst" fullname="Kaitai.SpecNavParentVsValueInst" classname="Kaitai.SpecNavParentVsValueInst" runstate="Runnable" testcasecount="1" result="Passed" start-time="2020-08-23 21:37:01Z" end-time="2020-08-23 21:37:01Z" duration="0.004010" total="1" passed="1" failed="0" inconclusive="0" skipped="0" asserts="1">
        <test-case id="0-1205" name="TestNavParentVsValueInst" fullname="Kaitai.SpecNavParentVsValueInst.TestNavParentVsValueInst" methodname="TestNavParentVsValueInst" classname="Kaitai.SpecNavParentVsValueInst" runstate="Runnable" seed="1563722738" result="Passed" start-time="2020-08-23 21:37:01Z" end-time="2020-08-23 21:37:01Z" duration="0.000752" asserts="1" />
      </test-suite>
      <test-suite type="TestFixture" id="0-1206" name="SpecNavRoot" fullname="Kaitai.SpecNavRoot" classname="Kaitai.SpecNavRoot" runstate="Runnable" testcasecount="1" result="Passed" start-time="2020-08-23 21:37:01Z" end-time="2020-08-23 21:37:01Z" duration="0.006011" total="1" passed="1" failed="0" inconclusive="0" skipped="0" asserts="5">
        <test-case id="0-1207" name="TestNavRoot" fullname="Kaitai.SpecNavRoot.TestNavRoot" methodname="TestNavRoot" classname="Kaitai.SpecNavRoot" runstate="Runnable" seed="1742593432" result="Passed" start-time="2020-08-23 21:37:01Z" end-time="2020-08-23 21:37:01Z" duration="0.002054" asserts="5" />
      </test-suite>
      <test-suite type="TestFixture" id="0-1208" name="SpecNestedSameName" fullname="Kaitai.SpecNestedSameName" classname="Kaitai.SpecNestedSameName" runstate="Runnable" testcasecount="1" result="Passed" start-time="2020-08-23 21:37:01Z" end-time="2020-08-23 21:37:01Z" duration="0.004988" total="1" passed="1" failed="0" inconclusive="0" skipped="0" asserts="2">
        <test-case id="0-1209" name="TestNestedSameName" fullname="Kaitai.SpecNestedSameName.TestNestedSameName" methodname="TestNestedSameName" classname="Kaitai.SpecNestedSameName" runstate="Runnable" seed="2135413775" result="Passed" start-time="2020-08-23 21:37:01Z" end-time="2020-08-23 21:37:01Z" duration="0.001395" asserts="2" />
      </test-suite>
      <test-suite type="TestFixture" id="0-1210" name="SpecNestedSameName2" fullname="Kaitai.SpecNestedSameName2" classname="Kaitai.SpecNestedSameName2" runstate="Runnable" testcasecount="1" result="Passed" start-time="2020-08-23 21:37:01Z" end-time="2020-08-23 21:37:01Z" duration="0.006010" total="1" passed="1" failed="0" inconclusive="0" skipped="0" asserts="5">
        <test-case id="0-1211" name="TestNestedSameName2" fullname="Kaitai.SpecNestedSameName2.TestNestedSameName2" methodname="TestNestedSameName2" classname="Kaitai.SpecNestedSameName2" runstate="Runnable" seed="467757466" result="Passed" start-time="2020-08-23 21:37:01Z" end-time="2020-08-23 21:37:01Z" duration="0.002148" asserts="5" />
      </test-suite>
      <test-suite type="TestFixture" id="0-1212" name="SpecNestedTypeParam" fullname="Kaitai.SpecNestedTypeParam" classname="Kaitai.SpecNestedTypeParam" runstate="Runnable" testcasecount="1" result="Passed" start-time="2020-08-23 21:37:01Z" end-time="2020-08-23 21:37:01Z" duration="0.003979" total="1" passed="1" failed="0" inconclusive="0" skipped="0" asserts="2">
        <test-case id="0-1213" name="TestNestedTypeParam" fullname="Kaitai.SpecNestedTypeParam.TestNestedTypeParam" methodname="TestNestedTypeParam" classname="Kaitai.SpecNestedTypeParam" runstate="Runnable" seed="1742874020" result="Passed" start-time="2020-08-23 21:37:01Z" end-time="2020-08-23 21:37:01Z" duration="0.000932" asserts="2" />
      </test-suite>
      <test-suite type="TestFixture" id="0-1214" name="SpecNestedTypes" fullname="Kaitai.SpecNestedTypes" classname="Kaitai.SpecNestedTypes" runstate="Runnable" testcasecount="1" result="Passed" start-time="2020-08-23 21:37:01Z" end-time="2020-08-23 21:37:01Z" duration="0.005016" total="1" passed="1" failed="0" inconclusive="0" skipped="0" asserts="3">
        <test-case id="0-1215" name="TestNestedTypes" fullname="Kaitai.SpecNestedTypes.TestNestedTypes" methodname="TestNestedTypes" classname="Kaitai.SpecNestedTypes" runstate="Runnable" seed="796159529" result="Passed" start-time="2020-08-23 21:37:01Z" end-time="2020-08-23 21:37:01Z" duration="0.001542" asserts="3" />
      </test-suite>
      <test-suite type="TestFixture" id="0-1216" name="SpecNestedTypes2" fullname="Kaitai.SpecNestedTypes2" classname="Kaitai.SpecNestedTypes2" runstate="Runnable" testcasecount="1" result="Passed" start-time="2020-08-23 21:37:01Z" end-time="2020-08-23 21:37:01Z" duration="0.006016" total="1" passed="1" failed="0" inconclusive="0" skipped="0" asserts="7">
[...]
        <test-case id="0-1351" name="TestSwitchRepeatExpr" fullname="Kaitai.SpecSwitchRepeatExpr.TestSwitchRepeatExpr" methodname="TestSwitchRepeatExpr" classname="Kaitai.SpecSwitchRepeatExpr" runstate="Runnable" seed="1367706032" result="Passed" start-time="2020-08-23 21:37:02Z" end-time="2020-08-23 21:37:02Z" duration="0.001627" asserts="3" />
      </test-suite>
      <test-suite type="TestFixture" id="0-1352" name="SpecSwitchRepeatExprInvalid" fullname="Kaitai.SpecSwitchRepeatExprInvalid" classname="Kaitai.SpecSwitchRepeatExprInvalid" runstate="Runnable" testcasecount="1" result="Passed" start-time="2020-08-23 21:37:02Z" end-time="2020-08-23 21:37:02Z" duration="0.005013" total="1" passed="1" failed="0" inconclusive="0" skipped="0" asserts="3">
        <test-case id="0-1353" name="TestSwitchRepeatExprInvalid" fullname="Kaitai.SpecSwitchRepeatExprInvalid.TestSwitchRepeatExprInvalid" methodname="TestSwitchRepeatExprInvalid" classname="Kaitai.SpecSwitchRepeatExprInvalid" runstate="Runnable" seed="904723327" result="Passed" start-time="2020-08-23 21:37:02Z" end-time="2020-08-23 21:37:02Z" duration="0.001291" asserts="3" />
      </test-suite>
      <test-suite type="TestFixture" id="0-1354" name="SpecTermBytes" fullname="Kaitai.SpecTermBytes" classname="Kaitai.SpecTermBytes" runstate="Runnable" testcasecount="1" result="Passed" start-time="2020-08-23 21:37:02Z" end-time="2020-08-23 21:37:02Z" duration="0.004008" total="1" passed="1" failed="0" inconclusive="0" skipped="0" asserts="3">
        <test-case id="0-1355" name="TestTermBytes" fullname="Kaitai.SpecTermBytes.TestTermBytes" methodname="TestTermBytes" classname="Kaitai.SpecTermBytes" runstate="Runnable" seed="302576244" result="Passed" start-time="2020-08-23 21:37:02Z" end-time="2020-08-23 21:37:02Z" duration="0.000889" asserts="3" />
      </test-suite>
      <test-suite type="TestFixture" id="0-1356" name="SpecTermStrz" fullname="Kaitai.SpecTermStrz" classname="Kaitai.SpecTermStrz" runstate="Runnable" testcasecount="1" result="Passed" start-time="2020-08-23 21:37:02Z" end-time="2020-08-23 21:37:02Z" duration="0.004013" total="1" passed="1" failed="0" inconclusive="0" skipped="0" asserts="3">
        <test-case id="0-1357" name="TestTermStrz" fullname="Kaitai.SpecTermStrz.TestTermStrz" methodname="TestTermStrz" classname="Kaitai.SpecTermStrz" runstate="Runnable" seed="12424948" result="Passed" start-time="2020-08-23 21:37:02Z" end-time="2020-08-23 21:37:02Z" duration="0.000358" asserts="3" />
      </test-suite>
      <test-suite type="TestFixture" id="0-1358" name="SpecTsPacketHeader" fullname="Kaitai.SpecTsPacketHeader" classname="Kaitai.SpecTsPacketHeader" runstate="Runnable" testcasecount="1" result="Passed" start-time="2020-08-23 21:37:02Z" end-time="2020-08-23 21:37:02Z" duration="0.005033" total="1" passed="1" failed="0" inconclusive="0" skipped="0" asserts="7">
        <test-case id="0-1359" name="TestTsPacketHeader" fullname="Kaitai.SpecTsPacketHeader.TestTsPacketHeader" methodname="TestTsPacketHeader" classname="Kaitai.SpecTsPacketHeader" runstate="Runnable" seed="1576107215" result="Passed" start-time="2020-08-23 21:37:02Z" end-time="2020-08-23 21:37:02Z" duration="0.001408" asserts="7" />
      </test-suite>
      <test-suite type="TestFixture" id="0-1360" name="SpecTypeIntUnaryOp" fullname="Kaitai.SpecTypeIntUnaryOp" classname="Kaitai.SpecTypeIntUnaryOp" runstate="Runnable" testcasecount="1" result="Passed" start-time="2020-08-23 21:37:02Z" end-time="2020-08-23 21:37:02Z" duration="0.004999" total="1" passed="1" failed="0" inconclusive="0" skipped="0" asserts="4">
        <test-case id="0-1361" name="TestTypeIntUnaryOp" fullname="Kaitai.SpecTypeIntUnaryOp.TestTypeIntUnaryOp" methodname="TestTypeIntUnaryOp" classname="Kaitai.SpecTypeIntUnaryOp" runstate="Runnable" seed="73370986" result="Passed" start-time="2020-08-23 21:37:02Z" end-time="2020-08-23 21:37:02Z" duration="0.000979" asserts="4" />
      </test-suite>
      <test-suite type="TestFixture" id="0-1362" name="SpecTypeTernary" fullname="Kaitai.SpecTypeTernary" classname="Kaitai.SpecTypeTernary" runstate="Runnable" testcasecount="1" result="Passed" start-time="2020-08-23 21:37:02Z" end-time="2020-08-23 21:37:02Z" duration="0.005002" total="1" passed="1" failed="0" inconclusive="0" skipped="0" asserts="1">
        <test-case id="0-1363" name="TestTypeTernary" fullname="Kaitai.SpecTypeTernary.TestTypeTernary" methodname="TestTypeTernary" classname="Kaitai.SpecTypeTernary" runstate="Runnable" seed="1159886534" result="Passed" start-time="2020-08-23 21:37:02Z" end-time="2020-08-23 21:37:02Z" duration="0.001208" asserts="1" />
      </test-suite>
      <test-suite type="TestFixture" id="0-1364" name="SpecTypeTernary2ndFalsy" fullname="Kaitai.SpecTypeTernary2ndFalsy" classname="Kaitai.SpecTypeTernary2ndFalsy" runstate="Runnable" testcasecount="1" result="Passed" start-time="2020-08-23 21:37:02Z" end-time="2020-08-23 21:37:02Z" duration="0.005970" total="1" passed="1" failed="0" inconclusive="0" skipped="0" asserts="13">
        <test-case id="0-1365" name="TestTypeTernary2ndFalsy" fullname="Kaitai.SpecTypeTernary2ndFalsy.TestTypeTernary2ndFalsy" methodname="TestTypeTernary2ndFalsy" classname="Kaitai.SpecTypeTernary2ndFalsy" runstate="Runnable" seed="1465051634" result="Passed" start-time="2020-08-23 21:37:02Z" end-time="2020-08-23 21:37:02Z" duration="0.002768" asserts="13" />
      </test-suite>
      <test-suite type="TestFixture" id="0-1366" name="SpecTypeTernaryOpaque" fullname="Kaitai.SpecTypeTernaryOpaque" classname="Kaitai.SpecTypeTernaryOpaque" runstate="Runnable" testcasecount="1" result="Passed" start-time="2020-08-23 21:37:02Z" end-time="2020-08-23 21:37:02Z" duration="0.005009" total="1" passed="1" failed="0" inconclusive="0" skipped="0" asserts="3">
        <test-case id="0-1367" name="TestTypeTernaryOpaque" fullname="Kaitai.SpecTypeTernaryOpaque.TestTypeTernaryOpaque" methodname="TestTypeTernaryOpaque" classname="Kaitai.SpecTypeTernaryOpaque" runstate="Runnable" seed="835386901" result="Passed" start-time="2020-08-23 21:37:02Z" end-time="2020-08-23 21:37:02Z" duration="0.001046" asserts="3" />
      </test-suite>
      <test-suite type="TestFixture" id="0-1368" name="SpecUserType" fullname="Kaitai.SpecUserType" classname="Kaitai.SpecUserType" runstate="Runnable" testcasecount="1" result="Passed" start-time="2020-08-23 21:37:02Z" end-time="2020-08-23 21:37:02Z" duration="0.005009" total="1" passed="1" failed="0" inconclusive="0" skipped="0" asserts="2">
        <test-case id="0-1369" name="TestUserType" fullname="Kaitai.SpecUserType.TestUserType" methodname="TestUserType" classname="Kaitai.SpecUserType" runstate="Runnable" seed="161784509" result="Passed" start-time="2020-08-23 21:37:02Z" end-time="2020-08-23 21:37:02Z" duration="0.000977" asserts="2" />
      </test-suite>
      <test-suite type="TestFixture" id="0-1370" name="SpecValidFailAnyofInt" fullname="Kaitai.SpecValidFailAnyofInt" classname="Kaitai.SpecValidFailAnyofInt" runstate="Runnable" testcasecount="1" result="Passed" start-time="2020-08-23 21:37:02Z" end-time="2020-08-23 21:37:02Z" duration="0.005009" total="1" passed="1" failed="0" inconclusive="0" skipped="0" asserts="1">
        <test-case id="0-1371" name="TestValidFailAnyofInt" fullname="Kaitai.SpecValidFailAnyofInt.TestValidFailAnyofInt" methodname="TestValidFailAnyofInt" classname="Kaitai.SpecValidFailAnyofInt" runstate="Runnable" seed="1029915352" result="Passed" start-time="2020-08-23 21:37:02Z" end-time="2020-08-23 21:37:02Z" duration="0.001421" asserts="1" />
      </test-suite>
      <test-suite type="TestFixture" id="0-1372" name="SpecValidFailContents" fullname="Kaitai.SpecValidFailContents" classname="Kaitai.SpecValidFailContents" runstate="Runnable" testcasecount="1" result="Passed" start-time="2020-08-23 21:37:02Z" end-time="2020-08-23 21:37:02Z" duration="0.005013" total="1" passed="1" failed="0" inconclusive="0" skipped="0" asserts="1">
        <test-case id="0-1373" name="TestValidFailContents" fullname="Kaitai.SpecValidFailContents.TestValidFailContents" methodname="TestValidFailContents" classname="Kaitai.SpecValidFailContents" runstate="Runnable" seed="244123831" result="Passed" start-time="2020-08-23 21:37:02Z" end-time="2020-08-23 21:37:02Z" duration="0.001348" asserts="1" />
      </test-suite>
      <test-suite type="TestFixture" id="0-1374" name="SpecValidFailEqBytes" fullname="Kaitai.SpecValidFailEqBytes" classname="Kaitai.SpecValidFailEqBytes" runstate="Runnable" testcasecount="1" result="Passed" start-time="2020-08-23 21:37:02Z" end-time="2020-08-23 21:37:02Z" duration="0.003984" total="1" passed="1" failed="0" inconclusive="0" skipped="0" asserts="1">
        <test-case id="0-1375" name="TestValidFailEqBytes" fullname="Kaitai.SpecValidFailEqBytes.TestValidFailEqBytes" methodname="TestValidFailEqBytes" classname="Kaitai.SpecValidFailEqBytes" runstate="Runnable" seed="1019460105" result="Passed" start-time="2020-08-23 21:37:02Z" end-time="2020-08-23 21:37:02Z" duration="0.000889" asserts="1" />
      </test-suite>
      <test-suite type="TestFixture" id="0-1376" name="SpecValidFailEqInt" fullname="Kaitai.SpecValidFailEqInt" classname="Kaitai.SpecValidFailEqInt" runstate="Runnable" testcasecount="1" result="Passed" start-time="2020-08-23 21:37:02Z" end-time="2020-08-23 21:37:02Z" duration="0.005006" total="1" passed="1" failed="0" inconclusive="0" skipped="0" asserts="1">
        <test-case id="0-1377" name="TestValidFailEqInt" fullname="Kaitai.SpecValidFailEqInt.TestValidFailEqInt" methodname="TestValidFailEqInt" classname="Kaitai.SpecValidFailEqInt" runstate="Runnable" seed="1668943754" result="Passed" start-time="2020-08-23 21:37:02Z" end-time="2020-08-23 21:37:02Z" duration="0.000958" asserts="1" />
      </test-suite>
      <test-suite type="TestFixture" id="0-1378" name="SpecValidFailExpr" fullname="Kaitai.SpecValidFailExpr" classname="Kaitai.SpecValidFailExpr" runstate="Runnable" testcasecount="1" result="Passed" start-time="2020-08-23 21:37:02Z" end-time="2020-08-23 21:37:02Z" duration="0.005056" total="1" passed="1" failed="0" inconclusive="0" skipped="0" asserts="1">
        <test-case id="0-1379" name="TestValidFailExpr" fullname="Kaitai.SpecValidFailExpr.TestValidFailExpr" methodname="TestValidFailExpr" classname="Kaitai.SpecValidFailExpr" runstate="Runnable" seed="233332494" result="Passed" start-time="2020-08-23 21:37:02Z" end-time="2020-08-23 21:37:02Z" duration="0.001191" asserts="1" />
      </test-suite>
      <test-suite type="TestFixture" id="0-1380" name="SpecValidFailInst" fullname="Kaitai.SpecValidFailInst" classname="Kaitai.SpecValidFailInst" runstate="Runnable" testcasecount="1" result="Passed" start-time="2020-08-23 21:37:02Z" end-time="2020-08-23 21:37:02Z" duration="0.005075" total="1" passed="1" failed="0" inconclusive="0" skipped="0" asserts="1">
        <test-case id="0-1381" name="TestValidFailInst" fullname="Kaitai.SpecValidFailInst.TestValidFailInst" methodname="TestValidFailInst" classname="Kaitai.SpecValidFailInst" runstate="Runnable" seed="2132265836" result="Passed" start-time="2020-08-23 21:37:02Z" end-time="2020-08-23 21:37:02Z" duration="0.000954" asserts="1" />
      </test-suite>
      <test-suite type="TestFixture" id="0-1382" name="SpecValidFailMaxInt" fullname="Kaitai.SpecValidFailMaxInt" classname="Kaitai.SpecValidFailMaxInt" runstate="Runnable" testcasecount="1" result="Passed" start-time="2020-08-23 21:37:02Z" end-time="2020-08-23 21:37:02Z" duration="0.005007" total="1" passed="1" failed="0" inconclusive="0" skipped="0" asserts="1">
        <test-case id="0-1383" name="TestValidFailMaxInt" fullname="Kaitai.SpecValidFailMaxInt.TestValidFailMaxInt" methodname="TestValidFailMaxInt" classname="Kaitai.SpecValidFailMaxInt" runstate="Runnable" seed="596276083" result="Passed" start-time="2020-08-23 21:37:02Z" end-time="2020-08-23 21:37:02Z" duration="0.001179" asserts="1" />
      </test-suite>
      <test-suite type="TestFixture" id="0-1384" name="SpecValidFailMinInt" fullname="Kaitai.SpecValidFailMinInt" classname="Kaitai.SpecValidFailMinInt" runstate="Runnable" testcasecount="1" result="Passed" start-time="2020-08-23 21:37:02Z" end-time="2020-08-23 21:37:02Z" duration="0.005044" total="1" passed="1" failed="0" inconclusive="0" skipped="0" asserts="1">
        <test-case id="0-1385" name="TestValidFailMinInt" fullname="Kaitai.SpecValidFailMinInt.TestValidFailMinInt" methodname="TestValidFailMinInt" classname="Kaitai.SpecValidFailMinInt" runstate="Runnable" seed="1622620205" result="Passed" start-time="2020-08-23 21:37:02Z" end-time="2020-08-23 21:37:02Z" duration="0.001035" asserts="1" />
      </test-suite>
      <test-suite type="TestFixture" id="0-1386" name="SpecValidFailRangeBytes" fullname="Kaitai.SpecValidFailRangeBytes" classname="Kaitai.SpecValidFailRangeBytes" runstate="Runnable" testcasecount="1" result="Passed" start-time="2020-08-23 21:37:02Z" end-time="2020-08-23 21:37:02Z" duration="0.005059" total="1" passed="1" failed="0" inconclusive="0" skipped="0" asserts="1">
        <test-case id="0-1387" name="TestValidFailRangeBytes" fullname="Kaitai.SpecValidFailRangeBytes.TestValidFailRangeBytes" methodname="TestValidFailRangeBytes" classname="Kaitai.SpecValidFailRangeBytes" runstate="Runnable" seed="159868420" result="Passed" start-time="2020-08-23 21:37:02Z" end-time="2020-08-23 21:37:02Z" duration="0.001308" asserts="1" />
      </test-suite>
      <test-suite type="TestFixture" id="0-1388" name="SpecValidFailRangeFloat" fullname="Kaitai.SpecValidFailRangeFloat" classname="Kaitai.SpecValidFailRangeFloat" runstate="Runnable" testcasecount="1" result="Passed" start-time="2020-08-23 21:37:02Z" end-time="2020-08-23 21:37:02Z" duration="0.005020" total="1" passed="1" failed="0" inconclusive="0" skipped="0" asserts="1">
        <test-case id="0-1389" name="TestValidFailRangeFloat" fullname="Kaitai.SpecValidFailRangeFloat.TestValidFailRangeFloat" methodname="TestValidFailRangeFloat" classname="Kaitai.SpecValidFailRangeFloat" runstate="Runnable" seed="578891951" result="Passed" start-time="2020-08-23 21:37:02Z" end-time="2020-08-23 21:37:02Z" duration="0.001068" asserts="1" />
      </test-suite>
      <test-suite type="TestFixture" id="0-1390" name="SpecValidFailRangeInt" fullname="Kaitai.SpecValidFailRangeInt" classname="Kaitai.SpecValidFailRangeInt" runstate="Runnable" testcasecount="1" result="Passed" start-time="2020-08-23 21:37:02Z" end-time="2020-08-23 21:37:02Z" duration="0.004976" total="1" passed="1" failed="0" inconclusive="0" skipped="0" asserts="1">
        <test-case id="0-1391" name="TestValidFailRangeInt" fullname="Kaitai.SpecValidFailRangeInt.TestValidFailRangeInt" methodname="TestValidFailRangeInt" classname="Kaitai.SpecValidFailRangeInt" runstate="Runnable" seed="279966971" result="Passed" start-time="2020-08-23 21:37:02Z" end-time="2020-08-23 21:37:02Z" duration="0.000991" asserts="1" />
      </test-suite>
      <test-suite type="TestFixture" id="0-1392" name="SpecValidFailRangeStr" fullname="Kaitai.SpecValidFailRangeStr" classname="Kaitai.SpecValidFailRangeStr" runstate="Runnable" testcasecount="1" result="Passed" start-time="2020-08-23 21:37:02Z" end-time="2020-08-23 21:37:02Z" duration="0.005031" total="1" passed="1" failed="0" inconclusive="0" skipped="0" asserts="1">
        <test-case id="0-1393" name="TestValidFailRangeStr" fullname="Kaitai.SpecValidFailRangeStr.TestValidFailRangeStr" methodname="TestValidFailRangeStr" classname="Kaitai.SpecValidFailRangeStr" runstate="Runnable" seed="1917449396" result="Passed" start-time="2020-08-23 21:37:02Z" end-time="2020-08-23 21:37:02Z" duration="0.001295" asserts="1" />
      </test-suite>
      <test-suite type="TestFixture" id="0-1394" name="SpecValidLong" fullname="Kaitai.SpecValidLong" classname="Kaitai.SpecValidLong" runstate="Runnable" testcasecount="1" result="Passed" start-time="2020-08-23 21:37:02Z" end-time="2020-08-23 21:37:02Z" duration="0.006055" total="1" passed="1" failed="0" inconclusive="0" skipped="0" asserts="0">
        <test-case id="0-1395" name="TestValidLong" fullname="Kaitai.SpecValidLong.TestValidLong" methodname="TestValidLong" classname="Kaitai.SpecValidLong" runstate="Runnable" seed="1751522538" result="Passed" start-time="2020-08-23 21:37:02Z" end-time="2020-08-23 21:37:02Z" duration="0.002481" asserts="0" />
      </test-suite>
      <test-suite type="TestFixture" id="0-1396" name="SpecValidNotParsedIf" fullname="Kaitai.SpecValidNotParsedIf" classname="Kaitai.SpecValidNotParsedIf" runstate="Runnable" testcasecount="1" result="Passed" start-time="2020-08-23 21:37:02Z" end-time="2020-08-23 21:37:02Z" duration="0.003989" total="1" passed="1" failed="0" inconclusive="0" skipped="0" asserts="0">
        <test-case id="0-1397" name="TestValidNotParsedIf" fullname="Kaitai.SpecValidNotParsedIf.TestValidNotParsedIf" methodname="TestValidNotParsedIf" classname="Kaitai.SpecValidNotParsedIf" runstate="Runnable" seed="1407164751" result="Passed" start-time="2020-08-23 21:37:02Z" end-time="2020-08-23 21:37:02Z" duration="0.000927" asserts="0" />
      </test-suite>
      <test-suite type="TestFixture" id="0-1398" name="SpecValidShort" fullname="Kaitai.SpecValidShort" classname="Kaitai.SpecValidShort" runstate="Runnable" testcasecount="1" result="Passed" start-time="2020-08-23 21:37:02Z" end-time="2020-08-23 21:37:02Z" duration="0.006009" total="1" passed="1" failed="0" inconclusive="0" skipped="0" asserts="0">
        <test-case id="0-1399" name="TestValidShort" fullname="Kaitai.SpecValidShort.TestValidShort" methodname="TestValidShort" classname="Kaitai.SpecValidShort" runstate="Runnable" seed="507410081" result="Passed" start-time="2020-08-23 21:37:02Z" end-time="2020-08-23 21:37:02Z" duration="0.002683" asserts="0" />
      </test-suite>
      <test-suite type="TestFixture" id="0-1400" name="SpecValidSwitch" fullname="Kaitai.SpecValidSwitch" classname="Kaitai.SpecValidSwitch" runstate="Runnable" testcasecount="1" result="Passed" start-time="2020-08-23 21:37:02Z" end-time="2020-08-23 21:37:02Z" duration="0.004026" total="1" passed="1" failed="0" inconclusive="0" skipped="0" asserts="0">
        <test-case id="0-1401" name="TestValidSwitch" fullname="Kaitai.SpecValidSwitch.TestValidSwitch" methodname="TestValidSwitch" classname="Kaitai.SpecValidSwitch" runstate="Runnable" seed="105270510" result="Passed" start-time="2020-08-23 21:37:02Z" end-time="2020-08-23 21:37:02Z" duration="0.000877" asserts="0" />
      </test-suite>
      <test-suite type="TestFixture" id="0-1402" name="SpecZlibSurrounded" fullname="Kaitai.SpecZlibSurrounded" classname="Kaitai.SpecZlibSurrounded" runstate="Runnable" testcasecount="1" result="Passed" start-time="2020-08-23 21:37:02Z" end-time="2020-08-23 21:37:02Z" duration="0.021993" total="1" passed="1" failed="0" inconclusive="0" skipped="0" asserts="1">
        <test-case id="0-1403" name="TestZlibSurrounded" fullname="Kaitai.SpecZlibSurrounded.TestZlibSurrounded" methodname="TestZlibSurrounded" classname="Kaitai.SpecZlibSurrounded" runstate="Runnable" seed="2109115256" result="Passed" start-time="2020-08-23 21:37:02Z" end-time="2020-08-23 21:37:02Z" duration="0.018750" asserts="1" />
      </test-suite>
      <test-suite type="TestFixture" id="0-1404" name="SpecZlibWithHeader78" fullname="Kaitai.SpecZlibWithHeader78" classname="Kaitai.SpecZlibWithHeader78" runstate="Runnable" testcasecount="1" result="Passed" start-time="2020-08-23 21:37:02Z" end-time="2020-08-23 21:37:02Z" duration="0.003988" total="1" passed="1" failed="0" inconclusive="0" skipped="0" asserts="1">
        <test-case id="0-1405" name="TestZlibWithHeader78" fullname="Kaitai.SpecZlibWithHeader78.TestZlibWithHeader78" methodname="TestZlibWithHeader78" classname="Kaitai.SpecZlibWithHeader78" runstate="Runnable" seed="1765681250" result="Passed" start-time="2020-08-23 21:37:02Z" end-time="2020-08-23 21:37:02Z" duration="0.000832" asserts="1" />
      </test-suite>
    </test-suite>
  </test-suite>
</test-run>