<?xml version="1.0" encoding="utf-8" standalone="no"?>
<test-run id="0" runstate="Runnable" testcasecount="237" result="Failed" total="237" passed="236" failed="1" inconclusive="0" skipped="0" asserts="1079" engine-version="3.12.0.0" clr-version="4.0.30319.42000" start-time="2024-07-14 23:36:59Z" end-time="2024-07-14 23:37:00Z" duration="1.057689">
  <command-line><![CDATA[/home/runner/.nuget/packages/nunit.consolerunner/3.12.0/tools/nunit3-console.exe --result=test_out/csharp/TestResult.xml spec/csharp/kaitai_struct_csharp_tests_netframework/bin/Debug/kaitai_struct_csharp_tests.dll]]></command-line>
  <test-suite type="Assembly" id="1-1474" name="kaitai_struct_csharp_tests.dll" fullname="/home/runner/work/ci_targets/ci_targets/tests/spec/csharp/kaitai_struct_csharp_tests_netframework/bin/Debug/kaitai_struct_csharp_tests.dll" runstate="Runnable" testcasecount="237" result="Failed" site="Child" start-time="2024-07-14T23:36:59.8455550Z" end-time="2024-07-14T23:37:00.2722750Z" duration="0.426530" total="237" passed="236" failed="1" warnings="0" inconclusive="0" skipped="0" asserts="1079">
    <environment framework-version="3.14.0.0" clr-version="4.0.30319.42000" os-version="Unix 6.5.0.1023" platform="Unix" cwd="/home/runner/work/ci_targets/ci_targets/tests" machine-name="fv-az1432-338" user="runner" user-domain="fv-az1432-338" culture="" uiculture="" os-architecture="x64" />
    <settings>
      <setting name="DisposeRunners" value="True" />
      <setting name="WorkDirectory" value="/home/runner/work/ci_targets/ci_targets/tests" />
      <setting name="ImageRuntimeVersion" value="4.0.30319" />
      <setting name="ImageTargetFrameworkName" value=".NETFramework,Version=v4.8" />
      <setting name="ImageRequiresX86" value="False" />
      <setting name="ImageRequiresDefaultAppDomainAssemblyResolver" value="False" />
      <setting name="TargetRuntimeFramework" value="mono-4.0" />
      <setting name="NumberOfTestWorkers" value="4" />
    </settings>
    <properties>
      <property name="_PID" value="2590" />
      <property name="_APPDOMAIN" value="domain-" />
    </properties>
    <failure>
      <message><![CDATA[One or more child tests had errors]]></message>
    </failure>
    <test-suite type="TestSuite" id="1-1475" name="Kaitai" fullname="Kaitai" runstate="Runnable" testcasecount="237" result="Failed" site="Child" start-time="2024-07-14T23:36:59.8550050Z" end-time="2024-07-14T23:37:00.2722660Z" duration="0.417261" total="237" passed="236" failed="1" warnings="0" inconclusive="0" skipped="0" asserts="1079">
      <failure>
        <message><![CDATA[One or more child tests had errors]]></message>
      </failure>
      <test-suite type="TestFixture" id="1-1000" name="SpecBcdUserTypeBe" fullname="Kaitai.SpecBcdUserTypeBe" classname="Kaitai.SpecBcdUserTypeBe" runstate="Runnable" testcasecount="1" result="Passed" start-time="2024-07-14T23:36:59.8566520Z" end-time="2024-07-14T23:36:59.9019080Z" duration="0.045256" total="1" passed="1" failed="0" warnings="0" inconclusive="0" skipped="0" asserts="6">
        <test-case id="1-1001" name="TestBcdUserTypeBe" fullname="Kaitai.SpecBcdUserTypeBe.TestBcdUserTypeBe" methodname="TestBcdUserTypeBe" classname="Kaitai.SpecBcdUserTypeBe" runstate="Runnable" seed="96733318" result="Passed" start-time="2024-07-14T23:36:59.8590400Z" end-time="2024-07-14T23:36:59.8981240Z" duration="0.039206" asserts="6" />
      </test-suite>
      <test-suite type="TestFixture" id="1-1002" name="SpecBcdUserTypeLe" fullname="Kaitai.SpecBcdUserTypeLe" classname="Kaitai.SpecBcdUserTypeLe" runstate="Runnable" testcasecount="1" result="Passed" start-time="2024-07-14T23:36:59.9039060Z" end-time="2024-07-14T23:36:59.9065020Z" duration="0.002596" total="1" passed="1" failed="0" warnings="0" inconclusive="0" skipped="0" asserts="6">
        <test-case id="1-1003" name="TestBcdUserTypeLe" fullname="Kaitai.SpecBcdUserTypeLe.TestBcdUserTypeLe" methodname="TestBcdUserTypeLe" classname="Kaitai.SpecBcdUserTypeLe" runstate="Runnable" seed="890051029" result="Passed" start-time="2024-07-14T23:36:59.9040100Z" end-time="2024-07-14T23:36:59.9064830Z" duration="0.002473" asserts="6" />
      </test-suite>
      <test-suite type="TestFixture" id="1-1004" name="SpecBitsByteAligned" fullname="Kaitai.SpecBitsByteAligned" classname="Kaitai.SpecBitsByteAligned" runstate="Runnable" testcasecount="1" result="Passed" start-time="2024-07-14T23:36:59.9065210Z" end-time="2024-07-14T23:36:59.9114670Z" duration="0.004946" total="1" passed="1" failed="0" warnings="0" inconclusive="0" skipped="0" asserts="9">
        <test-case id="1-1005" name="TestBitsByteAligned" fullname="Kaitai.SpecBitsByteAligned.TestBitsByteAligned" methodname="TestBitsByteAligned" classname="Kaitai.SpecBitsByteAligned" runstate="Runnable" seed="1698966840" result="Passed" start-time="2024-07-14T23:36:59.9066090Z" end-time="2024-07-14T23:36:59.9114480Z" duration="0.004839" asserts="9" />
      </test-suite>
      <test-suite type="TestFixture" id="1-1006" name="SpecBitsEnum" fullname="Kaitai.SpecBitsEnum" classname="Kaitai.SpecBitsEnum" runstate="Runnable" testcasecount="1" result="Passed" start-time="2024-07-14T23:36:59.9114840Z" end-time="2024-07-14T23:36:59.9121740Z" duration="0.000690" total="1" passed="1" failed="0" warnings="0" inconclusive="0" skipped="0" asserts="3">
        <test-case id="1-1007" name="TestBitsEnum" fullname="Kaitai.SpecBitsEnum.TestBitsEnum" methodname="TestBitsEnum" classname="Kaitai.SpecBitsEnum" runstate="Runnable" seed="533679993" result="Passed" start-time="2024-07-14T23:36:59.9115800Z" end-time="2024-07-14T23:36:59.9121550Z" duration="0.000575" asserts="3" />
      </test-suite>
      <test-suite type="TestFixture" id="1-1008" name="SpecBitsSeqEndianCombo" fullname="Kaitai.SpecBitsSeqEndianCombo" classname="Kaitai.SpecBitsSeqEndianCombo" runstate="Runnable" testcasecount="1" result="Passed" start-time="2024-07-14T23:36:59.9121910Z" end-time="2024-07-14T23:36:59.9128560Z" duration="0.000665" total="1" passed="1" failed="0" warnings="0" inconclusive="0" skipped="0" asserts="8">
        <test-case id="1-1009" name="TestBitsSeqEndianCombo" fullname="Kaitai.SpecBitsSeqEndianCombo.TestBitsSeqEndianCombo" methodname="TestBitsSeqEndianCombo" classname="Kaitai.SpecBitsSeqEndianCombo" runstate="Runnable" seed="1217527846" result="Passed" start-time="2024-07-14T23:36:59.9122730Z" end-time="2024-07-14T23:36:59.9128380Z" duration="0.000565" asserts="8" />
      </test-suite>
      <test-suite type="TestFixture" id="1-1010" name="SpecBitsShiftByB32Le" fullname="Kaitai.SpecBitsShiftByB32Le" classname="Kaitai.SpecBitsShiftByB32Le" runstate="Runnable" testcasecount="1" result="Passed" start-time="2024-07-14T23:36:59.9128730Z" end-time="2024-07-14T23:36:59.9132930Z" duration="0.000420" total="1" passed="1" failed="0" warnings="0" inconclusive="0" skipped="0" asserts="2">
        <test-case id="1-1011" name="TestBitsShiftByB32Le" fullname="Kaitai.SpecBitsShiftByB32Le.TestBitsShiftByB32Le" methodname="TestBitsShiftByB32Le" classname="Kaitai.SpecBitsShiftByB32Le" runstate="Runnable" seed="1863881177" result="Passed" start-time="2024-07-14T23:36:59.9129510Z" end-time="2024-07-14T23:36:59.9132760Z" duration="0.000326" asserts="2" />
      </test-suite>
      <test-suite type="TestFixture" id="1-1012" name="SpecBitsShiftByB64Le" fullname="Kaitai.SpecBitsShiftByB64Le" classname="Kaitai.SpecBitsShiftByB64Le" runstate="Runnable" testcasecount="1" result="Passed" start-time="2024-07-14T23:36:59.9133100Z" end-time="2024-07-14T23:36:59.9137010Z" duration="0.000391" total="1" passed="1" failed="0" warnings="0" inconclusive="0" skipped="0" asserts="2">
        <test-case id="1-1013" name="TestBitsShiftByB64Le" fullname="Kaitai.SpecBitsShiftByB64Le.TestBitsShiftByB64Le" methodname="TestBitsShiftByB64Le" classname="Kaitai.SpecBitsShiftByB64Le" runstate="Runnable" seed="315825697" result="Passed" start-time="2024-07-14T23:36:59.9133860Z" end-time="2024-07-14T23:36:59.9136840Z" duration="0.000298" asserts="2" />
      </test-suite>
      <test-suite type="TestFixture" id="1-1014" name="SpecBitsSignedResB32Be" fullname="Kaitai.SpecBitsSignedResB32Be" classname="Kaitai.SpecBitsSignedResB32Be" runstate="Runnable" testcasecount="1" result="Passed" start-time="2024-07-14T23:36:59.9137160Z" end-time="2024-07-14T23:36:59.9140490Z" duration="0.000333" total="1" passed="1" failed="0" warnings="0" inconclusive="0" skipped="0" asserts="1">
        <test-case id="1-1015" name="TestBitsSignedResB32Be" fullname="Kaitai.SpecBitsSignedResB32Be.TestBitsSignedResB32Be" methodname="TestBitsSignedResB32Be" classname="Kaitai.SpecBitsSignedResB32Be" runstate="Runnable" seed="1308538792" result="Passed" start-time="2024-07-14T23:36:59.9137930Z" end-time="2024-07-14T23:36:59.9140330Z" duration="0.000240" asserts="1" />
      </test-suite>
      <test-suite type="TestFixture" id="1-1016" name="SpecBitsSignedResB32Le" fullname="Kaitai.SpecBitsSignedResB32Le" classname="Kaitai.SpecBitsSignedResB32Le" runstate="Runnable" testcasecount="1" result="Passed" start-time="2024-07-14T23:36:59.9140660Z" end-time="2024-07-14T23:36:59.9143960Z" duration="0.000330" total="1" passed="1" failed="0" warnings="0" inconclusive="0" skipped="0" asserts="1">
        <test-case id="1-1017" name="TestBitsSignedResB32Le" fullname="Kaitai.SpecBitsSignedResB32Le.TestBitsSignedResB32Le" methodname="TestBitsSignedResB32Le" classname="Kaitai.SpecBitsSignedResB32Le" runstate="Runnable" seed="1938759203" result="Passed" start-time="2024-07-14T23:36:59.9141410Z" end-time="2024-07-14T23:36:59.9143800Z" duration="0.000239" asserts="1" />
      </test-suite>
      <test-suite type="TestFixture" id="1-1018" name="SpecBitsSignedShiftB32Le" fullname="Kaitai.SpecBitsSignedShiftB32Le" classname="Kaitai.SpecBitsSignedShiftB32Le" runstate="Runnable" testcasecount="1" result="Passed" start-time="2024-07-14T23:36:59.9144130Z" end-time="2024-07-14T23:36:59.9147800Z" duration="0.000367" total="1" passed="1" failed="0" warnings="0" inconclusive="0" skipped="0" asserts="2">
        <test-case id="1-1019" name="TestBitsSignedShiftB32Le" fullname="Kaitai.SpecBitsSignedShiftB32Le.TestBitsSignedShiftB32Le" methodname="TestBitsSignedShiftB32Le" classname="Kaitai.SpecBitsSignedShiftB32Le" runstate="Runnable" seed="840564516" result="Passed" start-time="2024-07-14T23:36:59.9144890Z" end-time="2024-07-14T23:36:59.9147620Z" duration="0.000273" asserts="2" />
      </test-suite>
      <test-suite type="TestFixture" id="1-1020" name="SpecBitsSignedShiftB64Le" fullname="Kaitai.SpecBitsSignedShiftB64Le" classname="Kaitai.SpecBitsSignedShiftB64Le" runstate="Runnable" testcasecount="1" result="Passed" start-time="2024-07-14T23:36:59.9147960Z" end-time="2024-07-14T23:36:59.9152240Z" duration="0.000428" total="1" passed="1" failed="0" warnings="0" inconclusive="0" skipped="0" asserts="2">
        <test-case id="1-1021" name="TestBitsSignedShiftB64Le" fullname="Kaitai.SpecBitsSignedShiftB64Le.TestBitsSignedShiftB64Le" methodname="TestBitsSignedShiftB64Le" classname="Kaitai.SpecBitsSignedShiftB64Le" runstate="Runnable" seed="1777151592" result="Passed" start-time="2024-07-14T23:36:59.9149160Z" end-time="2024-07-14T23:36:59.9152080Z" duration="0.000293" asserts="2" />
      </test-suite>
      <test-suite type="TestFixture" id="1-1022" name="SpecBitsSimple" fullname="Kaitai.SpecBitsSimple" classname="Kaitai.SpecBitsSimple" runstate="Runnable" testcasecount="1" result="Passed" start-time="2024-07-14T23:36:59.9152400Z" end-time="2024-07-14T23:36:59.9167350Z" duration="0.001495" total="1" passed="1" failed="0" warnings="0" inconclusive="0" skipped="0" asserts="14">
        <test-case id="1-1023" name="TestBitsSimple" fullname="Kaitai.SpecBitsSimple.TestBitsSimple" methodname="TestBitsSimple" classname="Kaitai.SpecBitsSimple" runstate="Runnable" seed="703716516" result="Passed" start-time="2024-07-14T23:36:59.9153290Z" end-time="2024-07-14T23:36:59.9167150Z" duration="0.001386" asserts="14" />
      </test-suite>
      <test-suite type="TestFixture" id="1-1024" name="SpecBitsSimpleLe" fullname="Kaitai.SpecBitsSimpleLe" classname="Kaitai.SpecBitsSimpleLe" runstate="Runnable" testcasecount="1" result="Passed" start-time="2024-07-14T23:36:59.9167520Z" end-time="2024-07-14T23:36:59.9175480Z" duration="0.000795" total="1" passed="1" failed="0" warnings="0" inconclusive="0" skipped="0" asserts="14">
        <test-case id="1-1025" name="TestBitsSimpleLe" fullname="Kaitai.SpecBitsSimpleLe.TestBitsSimpleLe" methodname="TestBitsSimpleLe" classname="Kaitai.SpecBitsSimpleLe" runstate="Runnable" seed="1908338406" result="Passed" start-time="2024-07-14T23:36:59.9168220Z" end-time="2024-07-14T23:36:59.9175300Z" duration="0.000708" asserts="14" />
      </test-suite>
      <test-suite type="TestFixture" id="1-1026" name="SpecBitsUnalignedB32Be" fullname="Kaitai.SpecBitsUnalignedB32Be" classname="Kaitai.SpecBitsUnalignedB32Be" runstate="Runnable" testcasecount="1" result="Passed" start-time="2024-07-14T23:36:59.9175640Z" end-time="2024-07-14T23:36:59.9180270Z" duration="0.000462" total="1" passed="1" failed="0" warnings="0" inconclusive="0" skipped="0" asserts="3">
        <test-case id="1-1027" name="TestBitsUnalignedB32Be" fullname="Kaitai.SpecBitsUnalignedB32Be.TestBitsUnalignedB32Be" methodname="TestBitsUnalignedB32Be" classname="Kaitai.SpecBitsUnalignedB32Be" runstate="Runnable" seed="691000268" result="Passed" start-time="2024-07-14T23:36:59.9176560Z" end-time="2024-07-14T23:36:59.9180100Z" duration="0.000355" asserts="3" />
      </test-suite>
      <test-suite type="TestFixture" id="1-1028" name="SpecBitsUnalignedB32Le" fullname="Kaitai.SpecBitsUnalignedB32Le" classname="Kaitai.SpecBitsUnalignedB32Le" runstate="Runnable" testcasecount="1" result="Passed" start-time="2024-07-14T23:36:59.9180440Z" end-time="2024-07-14T23:36:59.9184420Z" duration="0.000398" total="1" passed="1" failed="0" warnings="0" inconclusive="0" skipped="0" asserts="3">
        <test-case id="1-1029" name="TestBitsUnalignedB32Le" fullname="Kaitai.SpecBitsUnalignedB32Le.TestBitsUnalignedB32Le" methodname="TestBitsUnalignedB32Le" classname="Kaitai.SpecBitsUnalignedB32Le" runstate="Runnable" seed="2104148092" result="Passed" start-time="2024-07-14T23:36:59.9181120Z" end-time="2024-07-14T23:36:59.9184250Z" duration="0.000314" asserts="3" />
      </test-suite>
      <test-suite type="TestFixture" id="1-1030" name="SpecBitsUnalignedB64Be" fullname="Kaitai.SpecBitsUnalignedB64Be" classname="Kaitai.SpecBitsUnalignedB64Be" runstate="Runnable" testcasecount="1" result="Passed" start-time="2024-07-14T23:36:59.9184570Z" end-time="2024-07-14T23:36:59.9188470Z" duration="0.000390" total="1" passed="1" failed="0" warnings="0" inconclusive="0" skipped="0" asserts="3">
        <test-case id="1-1031" name="TestBitsUnalignedB64Be" fullname="Kaitai.SpecBitsUnalignedB64Be.TestBitsUnalignedB64Be" methodname="TestBitsUnalignedB64Be" classname="Kaitai.SpecBitsUnalignedB64Be" runstate="Runnable" seed="2115970670" result="Passed" start-time="2024-07-14T23:36:59.9185240Z" end-time="2024-07-14T23:36:59.9188310Z" duration="0.000307" asserts="3" />
      </test-suite>
      <test-suite type="TestFixture" id="1-1032" name="SpecBitsUnalignedB64Le" fullname="Kaitai.SpecBitsUnalignedB64Le" classname="Kaitai.SpecBitsUnalignedB64Le" runstate="Runnable" testcasecount="1" result="Passed" start-time="2024-07-14T23:36:59.9188620Z" end-time="2024-07-14T23:36:59.9192490Z" duration="0.000387" total="1" passed="1" failed="0" warnings="0" inconclusive="0" skipped="0" asserts="3">
        <test-case id="1-1033" name="TestBitsUnalignedB64Le" fullname="Kaitai.SpecBitsUnalignedB64Le.TestBitsUnalignedB64Le" methodname="TestBitsUnalignedB64Le" classname="Kaitai.SpecBitsUnalignedB64Le" runstate="Runnable" seed="1795250366" result="Passed" start-time="2024-07-14T23:36:59.9189270Z" end-time="2024-07-14T23:36:59.9192330Z" duration="0.000306" asserts="3" />
      </test-suite>
      <test-suite type="TestFixture" id="1-1034" name="SpecBufferedStruct" fullname="Kaitai.SpecBufferedStruct" classname="Kaitai.SpecBufferedStruct" runstate="Runnable" testcasecount="1" result="Passed" start-time="2024-07-14T23:36:59.9192650Z" end-time="2024-07-14T23:36:59.9203220Z" duration="0.001057" total="1" passed="1" failed="0" warnings="0" inconclusive="0" skipped="0" asserts="7">
        <test-case id="1-1035" name="TestBufferedStruct" fullname="Kaitai.SpecBufferedStruct.TestBufferedStruct" methodname="TestBufferedStruct" classname="Kaitai.SpecBufferedStruct" runstate="Runnable" seed="483544963" result="Passed" start-time="2024-07-14T23:36:59.9193310Z" end-time="2024-07-14T23:36:59.9203040Z" duration="0.000973" asserts="7" />
      </test-suite>
      <test-suite type="TestFixture" id="1-1036" name="SpecBytesPadTerm" fullname="Kaitai.SpecBytesPadTerm" classname="Kaitai.SpecBytesPadTerm" runstate="Runnable" testcasecount="1" result="Passed" start-time="2024-07-14T23:36:59.9203390Z" end-time="2024-07-14T23:36:59.9209840Z" duration="0.000646" total="1" passed="1" failed="0" warnings="0" inconclusive="0" skipped="0" asserts="4">
        <test-case id="1-1037" name="TestBytesPadTerm" fullname="Kaitai.SpecBytesPadTerm.TestBytesPadTerm" methodname="TestBytesPadTerm" classname="Kaitai.SpecBytesPadTerm" runstate="Runnable" seed="254544026" result="Passed" start-time="2024-07-14T23:36:59.9204090Z" end-time="2024-07-14T23:36:59.9209660Z" duration="0.000557" asserts="4" />
      </test-suite>
      <test-suite type="TestFixture" id="1-1038" name="SpecCastNested" fullname="Kaitai.SpecCastNested" classname="Kaitai.SpecCastNested" runstate="Runnable" testcasecount="1" result="Passed" start-time="2024-07-14T23:36:59.9210040Z" end-time="2024-07-14T23:36:59.9382660Z" duration="0.017261" total="1" passed="1" failed="0" warnings="0" inconclusive="0" skipped="0" asserts="4">
        <test-case id="1-1039" name="TestCastNested" fullname="Kaitai.SpecCastNested.TestCastNested" methodname="TestCastNested" classname="Kaitai.SpecCastNested" runstate="Runnable" seed="600317858" result="Passed" start-time="2024-07-14T23:36:59.9210750Z" end-time="2024-07-14T23:36:59.9382450Z" duration="0.017170" asserts="4" />
      </test-suite>
      <test-suite type="TestFixture" id="1-1040" name="SpecCastToTop" fullname="Kaitai.SpecCastToTop" classname="Kaitai.SpecCastToTop" runstate="Runnable" testcasecount="1" result="Passed" start-time="2024-07-14T23:36:59.9382850Z" end-time="2024-07-14T23:36:59.9391320Z" duration="0.000848" total="1" passed="1" failed="0" warnings="0" inconclusive="0" skipped="0" asserts="3">
        <test-case id="1-1041" name="TestCastToTop" fullname="Kaitai.SpecCastToTop.TestCastToTop" methodname="TestCastToTop" classname="Kaitai.SpecCastToTop" runstate="Runnable" seed="392115202" result="Passed" start-time="2024-07-14T23:36:59.9383590Z" end-time="2024-07-14T23:36:59.9391130Z" duration="0.000755" asserts="3" />
      </test-suite>
      <test-suite type="TestFixture" id="1-1042" name="SpecCombineBool" fullname="Kaitai.SpecCombineBool" classname="Kaitai.SpecCombineBool" runstate="Runnable" testcasecount="1" result="Passed" start-time="2024-07-14T23:36:59.9391500Z" end-time="2024-07-14T23:36:59.9396150Z" duration="0.000466" total="1" passed="1" failed="0" warnings="0" inconclusive="0" skipped="0" asserts="2">
        <test-case id="1-1043" name="TestCombineBool" fullname="Kaitai.SpecCombineBool.TestCombineBool" methodname="TestCombineBool" classname="Kaitai.SpecCombineBool" runstate="Runnable" seed="241788966" result="Passed" start-time="2024-07-14T23:36:59.9392210Z" end-time="2024-07-14T23:36:59.9395980Z" duration="0.000377" asserts="2" />
      </test-suite>
      <test-suite type="TestFixture" id="1-1044" name="SpecCombineBytes" fullname="Kaitai.SpecCombineBytes" classname="Kaitai.SpecCombineBytes" runstate="Runnable" testcasecount="1" result="Passed" start-time="2024-07-14T23:36:59.9396320Z" end-time="2024-07-14T23:36:59.9404860Z" duration="0.000854" total="1" passed="1" failed="0" warnings="0" inconclusive="0" skipped="0" asserts="10">
        <test-case id="1-1045" name="TestCombineBytes" fullname="Kaitai.SpecCombineBytes.TestCombineBytes" methodname="TestCombineBytes" classname="Kaitai.SpecCombineBytes" runstate="Runnable" seed="1220300796" result="Passed" start-time="2024-07-14T23:36:59.9396990Z" end-time="2024-07-14T23:36:59.9404690Z" duration="0.000770" asserts="10" />
      </test-suite>
      <test-suite type="TestFixture" id="1-1046" name="SpecCombineEnum" fullname="Kaitai.SpecCombineEnum" classname="Kaitai.SpecCombineEnum" runstate="Runnable" testcasecount="1" result="Passed" start-time="2024-07-14T23:36:59.9405030Z" end-time="2024-07-14T23:36:59.9410520Z" duration="0.000549" total="1" passed="1" failed="0" warnings="0" inconclusive="0" skipped="0" asserts="3">
        <test-case id="1-1047" name="TestCombineEnum" fullname="Kaitai.SpecCombineEnum.TestCombineEnum" methodname="TestCombineEnum" classname="Kaitai.SpecCombineEnum" runstate="Runnable" seed="263951110" result="Passed" start-time="2024-07-14T23:36:59.9405710Z" end-time="2024-07-14T23:36:59.9410340Z" duration="0.000464" asserts="3" />
      </test-suite>
      <test-suite type="TestFixture" id="1-1048" name="SpecCombineStr" fullname="Kaitai.SpecCombineStr" classname="Kaitai.SpecCombineStr" runstate="Runnable" testcasecount="1" result="Passed" start-time="2024-07-14T23:36:59.9410680Z" end-time="2024-07-14T23:36:59.9420880Z" duration="0.001020" total="1" passed="1" failed="0" warnings="0" inconclusive="0" skipped="0" asserts="15">
        <test-case id="1-1049" name="TestCombineStr" fullname="Kaitai.SpecCombineStr.TestCombineStr" methodname="TestCombineStr" classname="Kaitai.SpecCombineStr" runstate="Runnable" seed="274884972" result="Passed" start-time="2024-07-14T23:36:59.9411470Z" end-time="2024-07-14T23:36:59.9420700Z" duration="0.000923" asserts="15" />
      </test-suite>
      <test-suite type="TestFixture" id="1-1050" name="SpecDebug0" fullname="Kaitai.SpecDebug0" classname="Kaitai.SpecDebug0" runstate="Runnable" testcasecount="1" result="Passed" start-time="2024-07-14T23:36:59.9421050Z" end-time="2024-07-14T23:36:59.9422160Z" duration="0.000111" total="1" passed="1" failed="0" warnings="0" inconclusive="0" skipped="0" asserts="0">
        <test-case id="1-1051" name="TestDebug0" fullname="Kaitai.SpecDebug0.TestDebug0" methodname="TestDebug0" classname="Kaitai.SpecDebug0" runstate="Runnable" seed="731477504" result="Passed" start-time="2024-07-14T23:36:59.9421730Z" end-time="2024-07-14T23:36:59.9422030Z" duration="0.000029" asserts="0" />
      </test-suite>
      <test-suite type="TestFixture" id="1-1052" name="SpecDebugArrayUser" fullname="Kaitai.SpecDebugArrayUser" classname="Kaitai.SpecDebugArrayUser" runstate="Runnable" testcasecount="1" result="Passed" start-time="2024-07-14T23:36:59.9422310Z" end-time="2024-07-14T23:36:59.9429730Z" duration="0.000743" total="1" passed="1" failed="0" warnings="0" inconclusive="0" skipped="0" asserts="4">
        <test-case id="1-1053" name="TestDebugArrayUser" fullname="Kaitai.SpecDebugArrayUser.TestDebugArrayUser" methodname="TestDebugArrayUser" classname="Kaitai.SpecDebugArrayUser" runstate="Runnable" seed="151114200" result="Passed" start-time="2024-07-14T23:36:59.9422920Z" end-time="2024-07-14T23:36:59.9429560Z" duration="0.000665" asserts="4" />
      </test-suite>
      <test-suite type="TestFixture" id="1-1054" name="SpecDebugEnumName" fullname="Kaitai.SpecDebugEnumName" classname="Kaitai.SpecDebugEnumName" runstate="Runnable" testcasecount="1" result="Passed" start-time="2024-07-14T23:36:59.9429900Z" end-time="2024-07-14T23:36:59.9431030Z" duration="0.000113" total="1" passed="1" failed="0" warnings="0" inconclusive="0" skipped="0" asserts="0">
        <test-case id="1-1055" name="TestDebugEnumName" fullname="Kaitai.SpecDebugEnumName.TestDebugEnumName" methodname="TestDebugEnumName" classname="Kaitai.SpecDebugEnumName" runstate="Runnable" seed="309282015" result="Passed" start-time="2024-07-14T23:36:59.9430600Z" end-time="2024-07-14T23:36:59.9430900Z" duration="0.000030" asserts="0" />
      </test-suite>
      <test-suite type="TestFixture" id="1-1056" name="SpecDebugSwitchUser" fullname="Kaitai.SpecDebugSwitchUser" classname="Kaitai.SpecDebugSwitchUser" runstate="Runnable" testcasecount="1" result="Passed" start-time="2024-07-14T23:36:59.9431180Z" end-time="2024-07-14T23:36:59.9436680Z" duration="0.000550" total="1" passed="1" failed="0" warnings="0" inconclusive="0" skipped="0" asserts="2">
        <test-case id="1-1057" name="TestDebugSwitchUser" fullname="Kaitai.SpecDebugSwitchUser.TestDebugSwitchUser" methodname="TestDebugSwitchUser" classname="Kaitai.SpecDebugSwitchUser" runstate="Runnable" seed="631145865" result="Passed" start-time="2024-07-14T23:36:59.9431780Z" end-time="2024-07-14T23:36:59.9436510Z" duration="0.000473" asserts="2" />
      </test-suite>
      <test-suite type="TestFixture" id="1-1058" name="SpecDefaultBigEndian" fullname="Kaitai.SpecDefaultBigEndian" classname="Kaitai.SpecDefaultBigEndian" runstate="Runnable" testcasecount="1" result="Passed" start-time="2024-07-14T23:36:59.9436840Z" end-time="2024-07-14T23:36:59.9440600Z" duration="0.000376" total="1" passed="1" failed="0" warnings="0" inconclusive="0" skipped="0" asserts="1">
        <test-case id="1-1059" name="TestDefaultBigEndian" fullname="Kaitai.SpecDefaultBigEndian.TestDefaultBigEndian" methodname="TestDefaultBigEndian" classname="Kaitai.SpecDefaultBigEndian" runstate="Runnable" seed="1209171462" result="Passed" start-time="2024-07-14T23:36:59.9437510Z" end-time="2024-07-14T23:36:59.9440440Z" duration="0.000293" asserts="1" />
      </test-suite>
      <test-suite type="TestFixture" id="1-1060" name="SpecDefaultBitEndianMod" fullname="Kaitai.SpecDefaultBitEndianMod" classname="Kaitai.SpecDefaultBitEndianMod" runstate="Runnable" testcasecount="1" result="Passed" start-time="2024-07-14T23:36:59.9440770Z" end-time="2024-07-14T23:36:59.9446880Z" duration="0.000611" total="1" passed="1" failed="0" warnings="0" inconclusive="0" skipped="0" asserts="4">
        <test-case id="1-1061" name="TestDefaultBitEndianMod" fullname="Kaitai.SpecDefaultBitEndianMod.TestDefaultBitEndianMod" methodname="TestDefaultBitEndianMod" classname="Kaitai.SpecDefaultBitEndianMod" runstate="Runnable" seed="1665628163" result="Passed" start-time="2024-07-14T23:36:59.9441440Z" end-time="2024-07-14T23:36:59.9446720Z" duration="0.000528" asserts="4" />
      </test-suite>
      <test-suite type="TestFixture" id="1-1062" name="SpecDefaultEndianExprException" fullname="Kaitai.SpecDefaultEndianExprException" classname="Kaitai.SpecDefaultEndianExprException" runstate="Runnable" testcasecount="1" result="Passed" start-time="2024-07-14T23:36:59.9447040Z" end-time="2024-07-14T23:36:59.9491530Z" duration="0.004449" total="1" passed="1" failed="0" warnings="0" inconclusive="0" skipped="0" asserts="1">
        <test-case id="1-1063" name="TestDefaultEndianExprException" fullname="Kaitai.SpecDefaultEndianExprException.TestDefaultEndianExprException" methodname="TestDefaultEndianExprException" classname="Kaitai.SpecDefaultEndianExprException" runstate="Runnable" seed="1730544344" result="Passed" start-time="2024-07-14T23:36:59.9447700Z" end-time="2024-07-14T23:36:59.9491190Z" duration="0.004349" asserts="1" />
      </test-suite>
      <test-suite type="TestFixture" id="1-1064" name="SpecDefaultEndianExprInherited" fullname="Kaitai.SpecDefaultEndianExprInherited" classname="Kaitai.SpecDefaultEndianExprInherited" runstate="Runnable" testcasecount="1" result="Passed" start-time="2024-07-14T23:36:59.9491710Z" end-time="2024-07-14T23:36:59.9514100Z" duration="0.002238" total="1" passed="1" failed="0" warnings="0" inconclusive="0" skipped="0" asserts="15">
        <test-case id="1-1065" name="TestDefaultEndianExprInherited" fullname="Kaitai.SpecDefaultEndianExprInherited.TestDefaultEndianExprInherited" methodname="TestDefaultEndianExprInherited" classname="Kaitai.SpecDefaultEndianExprInherited" runstate="Runnable" seed="219747092" result="Passed" start-time="2024-07-14T23:36:59.9492440Z" end-time="2024-07-14T23:36:59.9513910Z" duration="0.002147" asserts="15" />
      </test-suite>
      <test-suite type="TestFixture" id="1-1066" name="SpecDefaultEndianExprIsBe" fullname="Kaitai.SpecDefaultEndianExprIsBe" classname="Kaitai.SpecDefaultEndianExprIsBe" runstate="Runnable" testcasecount="1" result="Passed" start-time="2024-07-14T23:36:59.9514280Z" end-time="2024-07-14T23:36:59.9536870Z" duration="0.002260" total="1" passed="1" failed="0" warnings="0" inconclusive="0" skipped="0" asserts="18">
        <test-case id="1-1067" name="TestDefaultEndianExprIsBe" fullname="Kaitai.SpecDefaultEndianExprIsBe.TestDefaultEndianExprIsBe" methodname="TestDefaultEndianExprIsBe" classname="Kaitai.SpecDefaultEndianExprIsBe" runstate="Runnable" seed="1368836329" result="Passed" start-time="2024-07-14T23:36:59.9515010Z" end-time="2024-07-14T23:36:59.9536680Z" duration="0.002168" asserts="18" />
      </test-suite>
      <test-suite type="TestFixture" id="1-1068" name="SpecDefaultEndianExprIsLe" fullname="Kaitai.SpecDefaultEndianExprIsLe" classname="Kaitai.SpecDefaultEndianExprIsLe" runstate="Runnable" testcasecount="1" result="Passed" start-time="2024-07-14T23:36:59.9537060Z" end-time="2024-07-14T23:36:59.9554750Z" duration="0.001769" total="1" passed="1" failed="0" warnings="0" inconclusive="0" skipped="0" asserts="12">
        <test-case id="1-1069" name="TestDefaultEndianExprIsLe" fullname="Kaitai.SpecDefaultEndianExprIsLe.TestDefaultEndianExprIsLe" methodname="TestDefaultEndianExprIsLe" classname="Kaitai.SpecDefaultEndianExprIsLe" runstate="Runnable" seed="1698466582" result="Passed" start-time="2024-07-14T23:36:59.9537920Z" end-time="2024-07-14T23:36:59.9554560Z" duration="0.001664" asserts="12" />
      </test-suite>
      <test-suite type="TestFixture" id="1-1070" name="SpecDefaultEndianMod" fullname="Kaitai.SpecDefaultEndianMod" classname="Kaitai.SpecDefaultEndianMod" runstate="Runnable" testcasecount="1" result="Passed" start-time="2024-07-14T23:36:59.9554920Z" end-time="2024-07-14T23:36:59.9564260Z" duration="0.000934" total="1" passed="1" failed="0" warnings="0" inconclusive="0" skipped="0" asserts="3">
        <test-case id="1-1071" name="TestDefaultEndianMod" fullname="Kaitai.SpecDefaultEndianMod.TestDefaultEndianMod" methodname="TestDefaultEndianMod" classname="Kaitai.SpecDefaultEndianMod" runstate="Runnable" seed="1011031285" result="Passed" start-time="2024-07-14T23:36:59.9555890Z" end-time="2024-07-14T23:36:59.9564030Z" duration="0.000814" asserts="3" />
      </test-suite>
      <test-suite type="TestFixture" id="1-1072" name="SpecDocstrings" fullname="Kaitai.SpecDocstrings" classname="Kaitai.SpecDocstrings" runstate="Runnable" testcasecount="1" result="Passed" start-time="2024-07-14T23:36:59.9564510Z" end-time="2024-07-14T23:36:59.9568920Z" duration="0.000441" total="1" passed="1" failed="0" warnings="0" inconclusive="0" skipped="0" asserts="0">
        <test-case id="1-1073" name="TestDocstrings" fullname="Kaitai.SpecDocstrings.TestDocstrings" methodname="TestDocstrings" classname="Kaitai.SpecDocstrings" runstate="Runnable" seed="890435048" result="Passed" start-time="2024-07-14T23:36:59.9565490Z" end-time="2024-07-14T23:36:59.9568680Z" duration="0.000320" asserts="0" />
      </test-suite>
      <test-suite type="TestFixture" id="1-1074" name="SpecDocstringsDocref" fullname="Kaitai.SpecDocstringsDocref" classname="Kaitai.SpecDocstringsDocref" runstate="Runnable" testcasecount="1" result="Passed" start-time="2024-07-14T23:36:59.9569110Z" end-time="2024-07-14T23:36:59.9573350Z" duration="0.000424" total="1" passed="1" failed="0" warnings="0" inconclusive="0" skipped="0" asserts="0">
        <test-case id="1-1075" name="TestDocstringsDocref" fullname="Kaitai.SpecDocstringsDocref.TestDocstringsDocref" methodname="TestDocstringsDocref" classname="Kaitai.SpecDocstringsDocref" runstate="Runnable" seed="1612624546" result="Passed" start-time="2024-07-14T23:36:59.9569830Z" end-time="2024-07-14T23:36:59.9573170Z" duration="0.000333" asserts="0" />
      </test-suite>
      <test-suite type="TestFixture" id="1-1076" name="SpecDocstringsDocrefMulti" fullname="Kaitai.SpecDocstringsDocrefMulti" classname="Kaitai.SpecDocstringsDocrefMulti" runstate="Runnable" testcasecount="1" result="Passed" start-time="2024-07-14T23:36:59.9573510Z" end-time="2024-07-14T23:36:59.9577300Z" duration="0.000379" total="1" passed="1" failed="0" warnings="0" inconclusive="0" skipped="0" asserts="0">
        <test-case id="1-1077" name="TestDocstringsDocrefMulti" fullname="Kaitai.SpecDocstringsDocrefMulti.TestDocstringsDocrefMulti" methodname="TestDocstringsDocrefMulti" classname="Kaitai.SpecDocstringsDocrefMulti" runstate="Runnable" seed="323045691" result="Passed" start-time="2024-07-14T23:36:59.9574200Z" end-time="2024-07-14T23:36:59.9577050Z" duration="0.000285" asserts="0" />
      </test-suite>
      <test-suite type="TestFixture" id="1-1078" name="SpecEnum0" fullname="Kaitai.SpecEnum0" classname="Kaitai.SpecEnum0" runstate="Runnable" testcasecount="1" result="Passed" start-time="2024-07-14T23:36:59.9577540Z" end-time="2024-07-14T23:36:59.9582520Z" duration="0.000498" total="1" passed="1" failed="0" warnings="0" inconclusive="0" skipped="0" asserts="2">
        <test-case id="1-1079" name="TestEnum0" fullname="Kaitai.SpecEnum0.TestEnum0" methodname="TestEnum0" classname="Kaitai.SpecEnum0" runstate="Runnable" seed="1335052555" result="Passed" start-time="2024-07-14T23:36:59.9578270Z" end-time="2024-07-14T23:36:59.9582290Z" duration="0.000402" asserts="2" />
      </test-suite>
      <test-suite type="TestFixture" id="1-1080" name="SpecEnum1" fullname="Kaitai.SpecEnum1" classname="Kaitai.SpecEnum1" runstate="Runnable" testcasecount="1" result="Passed" start-time="2024-07-14T23:36:59.9582750Z" end-time="2024-07-14T23:36:59.9589860Z" duration="0.000711" total="1" passed="1" failed="0" warnings="0" inconclusive="0" skipped="0" asserts="2">
        <test-case id="1-1081" name="TestEnum1" fullname="Kaitai.SpecEnum1.TestEnum1" methodname="TestEnum1" classname="Kaitai.SpecEnum1" runstate="Runnable" seed="1205262828" result="Passed" start-time="2024-07-14T23:36:59.9583690Z" end-time="2024-07-14T23:36:59.9589690Z" duration="0.000601" asserts="2" />
      </test-suite>
      <test-suite type="TestFixture" id="1-1082" name="SpecEnumDeep" fullname="Kaitai.SpecEnumDeep" classname="Kaitai.SpecEnumDeep" runstate="Runnable" testcasecount="1" result="Passed" start-time="2024-07-14T23:36:59.9590030Z" end-time="2024-07-14T23:36:59.9595340Z" duration="0.000531" total="1" passed="1" failed="0" warnings="0" inconclusive="0" skipped="0" asserts="2">
        <test-case id="1-1083" name="TestEnumDeep" fullname="Kaitai.SpecEnumDeep.TestEnumDeep" methodname="TestEnumDeep" classname="Kaitai.SpecEnumDeep" runstate="Runnable" seed="294284298" result="Passed" start-time="2024-07-14T23:36:59.9590830Z" end-time="2024-07-14T23:36:59.9595120Z" duration="0.000430" asserts="2" />
      </test-suite>
      <test-suite type="TestFixture" id="1-1084" name="SpecEnumDeepLiterals" fullname="Kaitai.SpecEnumDeepLiterals" classname="Kaitai.SpecEnumDeepLiterals" runstate="Runnable" testcasecount="1" result="Passed" start-time="2024-07-14T23:36:59.9595600Z" end-time="2024-07-14T23:36:59.9601610Z" duration="0.000601" total="1" passed="1" failed="0" warnings="0" inconclusive="0" skipped="0" asserts="2">
        <test-case id="1-1085" name="TestEnumDeepLiterals" fullname="Kaitai.SpecEnumDeepLiterals.TestEnumDeepLiterals" methodname="TestEnumDeepLiterals" classname="Kaitai.SpecEnumDeepLiterals" runstate="Runnable" seed="1579994496" result="Passed" start-time="2024-07-14T23:36:59.9596570Z" end-time="2024-07-14T23:36:59.9601430Z" duration="0.000486" asserts="2" />
      </test-suite>
      <test-suite type="TestFixture" id="1-1086" name="SpecEnumFancy" fullname="Kaitai.SpecEnumFancy" classname="Kaitai.SpecEnumFancy" runstate="Runnable" testcasecount="1" result="Passed" start-time="2024-07-14T23:36:59.9601840Z" end-time="2024-07-14T23:36:59.9606930Z" duration="0.000509" total="1" passed="1" failed="0" warnings="0" inconclusive="0" skipped="0" asserts="2">
        <test-case id="1-1087" name="TestEnumFancy" fullname="Kaitai.SpecEnumFancy.TestEnumFancy" methodname="TestEnumFancy" classname="Kaitai.SpecEnumFancy" runstate="Runnable" seed="139147451" result="Passed" start-time="2024-07-14T23:36:59.9602770Z" end-time="2024-07-14T23:36:59.9606710Z" duration="0.000394" asserts="2" />
      </test-suite>
      <test-suite type="TestFixture" id="1-1088" name="SpecEnumIf" fullname="Kaitai.SpecEnumIf" classname="Kaitai.SpecEnumIf" runstate="Runnable" testcasecount="1" result="Passed" start-time="2024-07-14T23:36:59.9607180Z" end-time="2024-07-14T23:36:59.9620130Z" duration="0.001296" total="1" passed="1" failed="0" warnings="0" inconclusive="0" skipped="0" asserts="7">
        <test-case id="1-1089" name="TestEnumIf" fullname="Kaitai.SpecEnumIf.TestEnumIf" methodname="TestEnumIf" classname="Kaitai.SpecEnumIf" runstate="Runnable" seed="84352275" result="Passed" start-time="2024-07-14T23:36:59.9608140Z" end-time="2024-07-14T23:36:59.9619940Z" duration="0.001181" asserts="7" />
      </test-suite>
      <test-suite type="TestFixture" id="1-1090" name="SpecEnumImportLiterals" fullname="Kaitai.SpecEnumImportLiterals" classname="Kaitai.SpecEnumImportLiterals" runstate="Runnable" testcasecount="1" result="Passed" start-time="2024-07-14T23:36:59.9626230Z" end-time="2024-07-14T23:36:59.9632190Z" duration="0.000596" total="1" passed="1" failed="0" warnings="0" inconclusive="0" skipped="0" asserts="3">
        <test-case id="1-1091" name="TestEnumImportLiterals" fullname="Kaitai.SpecEnumImportLiterals.TestEnumImportLiterals" methodname="TestEnumImportLiterals" classname="Kaitai.SpecEnumImportLiterals" runstate="Runnable" seed="289941206" result="Passed" start-time="2024-07-14T23:36:59.9627130Z" end-time="2024-07-14T23:36:59.9631940Z" duration="0.000481" asserts="3" />
      </test-suite>
      <test-suite type="TestFixture" id="1-1092" name="SpecEnumImportSeq" fullname="Kaitai.SpecEnumImportSeq" classname="Kaitai.SpecEnumImportSeq" runstate="Runnable" testcasecount="1" result="Passed" start-time="2024-07-14T23:36:59.9632420Z" end-time="2024-07-14T23:36:59.9637710Z" duration="0.000529" total="1" passed="1" failed="0" warnings="0" inconclusive="0" skipped="0" asserts="2">
        <test-case id="1-1093" name="TestEnumImportSeq" fullname="Kaitai.SpecEnumImportSeq.TestEnumImportSeq" methodname="TestEnumImportSeq" classname="Kaitai.SpecEnumImportSeq" runstate="Runnable" seed="743779432" result="Passed" start-time="2024-07-14T23:36:59.9633400Z" end-time="2024-07-14T23:36:59.9637500Z" duration="0.000411" asserts="2" />
      </test-suite>
      <test-suite type="TestFixture" id="1-1094" name="SpecEnumIntRangeS" fullname="Kaitai.SpecEnumIntRangeS" classname="Kaitai.SpecEnumIntRangeS" runstate="Runnable" testcasecount="1" result="Passed" start-time="2024-07-14T23:36:59.9637880Z" end-time="2024-07-14T23:36:59.9643290Z" duration="0.000541" total="1" passed="1" failed="0" warnings="0" inconclusive="0" skipped="0" asserts="3">
        <test-case id="1-1095" name="TestEnumIntRangeS" fullname="Kaitai.SpecEnumIntRangeS.TestEnumIntRangeS" methodname="TestEnumIntRangeS" classname="Kaitai.SpecEnumIntRangeS" runstate="Runnable" seed="69615992" result="Passed" start-time="2024-07-14T23:36:59.9638610Z" end-time="2024-07-14T23:36:59.9643130Z" duration="0.000452" asserts="3" />
      </test-suite>
      <test-suite type="TestFixture" id="1-1096" name="SpecEnumInvalid" fullname="Kaitai.SpecEnumInvalid" classname="Kaitai.SpecEnumInvalid" runstate="Runnable" testcasecount="1" result="Passed" start-time="2024-07-14T23:36:59.9643490Z" end-time="2024-07-14T23:36:59.9648970Z" duration="0.000548" total="1" passed="1" failed="0" warnings="0" inconclusive="0" skipped="0" asserts="2">
        <test-case id="1-1097" name="TestEnumInvalid" fullname="Kaitai.SpecEnumInvalid.TestEnumInvalid" methodname="TestEnumInvalid" classname="Kaitai.SpecEnumInvalid" runstate="Runnable" seed="1126201802" result="Passed" start-time="2024-07-14T23:36:59.9644410Z" end-time="2024-07-14T23:36:59.9648670Z" duration="0.000426" asserts="2" />
      </test-suite>
      <test-suite type="TestFixture" id="1-1098" name="SpecEnumNegative" fullname="Kaitai.SpecEnumNegative" classname="Kaitai.SpecEnumNegative" runstate="Runnable" testcasecount="1" result="Passed" start-time="2024-07-14T23:36:59.9649220Z" end-time="2024-07-14T23:36:59.9654650Z" duration="0.000543" total="1" passed="1" failed="0" warnings="0" inconclusive="0" skipped="0" asserts="2">
        <test-case id="1-1099" name="TestEnumNegative" fullname="Kaitai.SpecEnumNegative.TestEnumNegative" methodname="TestEnumNegative" classname="Kaitai.SpecEnumNegative" runstate="Runnable" seed="529734372" result="Passed" start-time="2024-07-14T23:36:59.9650050Z" end-time="2024-07-14T23:36:59.9654460Z" duration="0.000441" asserts="2" />
      </test-suite>
      <test-suite type="TestFixture" id="1-1100" name="SpecEnumOfValueInst" fullname="Kaitai.SpecEnumOfValueInst" classname="Kaitai.SpecEnumOfValueInst" runstate="Runnable" testcasecount="1" result="Passed" start-time="2024-07-14T23:36:59.9654890Z" end-time="2024-07-14T23:36:59.9662460Z" duration="0.000758" total="1" passed="1" failed="0" warnings="0" inconclusive="0" skipped="0" asserts="4">
        <test-case id="1-1101" name="TestEnumOfValueInst" fullname="Kaitai.SpecEnumOfValueInst.TestEnumOfValueInst" methodname="TestEnumOfValueInst" classname="Kaitai.SpecEnumOfValueInst" runstate="Runnable" seed="523113916" result="Passed" start-time="2024-07-14T23:36:59.9656030Z" end-time="2024-07-14T23:36:59.9662280Z" duration="0.000625" asserts="4" />
      </test-suite>
      <test-suite type="TestFixture" id="1-1102" name="SpecEofExceptionBytes" fullname="Kaitai.SpecEofExceptionBytes" classname="Kaitai.SpecEofExceptionBytes" runstate="Runnable" testcasecount="1" result="Passed" start-time="2024-07-14T23:36:59.9662630Z" end-time="2024-07-14T23:36:59.9676840Z" duration="0.001421" total="1" passed="1" failed="0" warnings="0" inconclusive="0" skipped="0" asserts="1">
        <test-case id="1-1103" name="TestEofExceptionBytes" fullname="Kaitai.SpecEofExceptionBytes.TestEofExceptionBytes" methodname="TestEofExceptionBytes" classname="Kaitai.SpecEofExceptionBytes" runstate="Runnable" seed="300285963" result="Passed" start-time="2024-07-14T23:36:59.9663520Z" end-time="2024-07-14T23:36:59.9676610Z" duration="0.001310" asserts="1" />
      </test-suite>
      <test-suite type="TestFixture" id="1-1104" name="SpecEofExceptionSized" fullname="Kaitai.SpecEofExceptionSized" classname="Kaitai.SpecEofExceptionSized" runstate="Runnable" testcasecount="1" result="Passed" start-time="2024-07-14T23:36:59.9677070Z" end-time="2024-07-14T23:36:59.9682920Z" duration="0.000585" total="1" passed="1" failed="0" warnings="0" inconclusive="0" skipped="0" asserts="1">
        <test-case id="1-1105" name="TestEofExceptionSized" fullname="Kaitai.SpecEofExceptionSized.TestEofExceptionSized" methodname="TestEofExceptionSized" classname="Kaitai.SpecEofExceptionSized" runstate="Runnable" seed="308118838" result="Passed" start-time="2024-07-14T23:36:59.9677980Z" end-time="2024-07-14T23:36:59.9682710Z" duration="0.000474" asserts="1" />
      </test-suite>
      <test-suite type="TestFixture" id="1-1106" name="SpecEofExceptionU4" fullname="Kaitai.SpecEofExceptionU4" classname="Kaitai.SpecEofExceptionU4" runstate="Runnable" testcasecount="1" result="Passed" start-time="2024-07-14T23:36:59.9683170Z" end-time="2024-07-14T23:36:59.9688590Z" duration="0.000543" total="1" passed="1" failed="0" warnings="0" inconclusive="0" skipped="0" asserts="1">
        <test-case id="1-1107" name="TestEofExceptionU4" fullname="Kaitai.SpecEofExceptionU4.TestEofExceptionU4" methodname="TestEofExceptionU4" classname="Kaitai.SpecEofExceptionU4" runstate="Runnable" seed="2084398773" result="Passed" start-time="2024-07-14T23:36:59.9684130Z" end-time="2024-07-14T23:36:59.9688430Z" duration="0.000431" asserts="1" />
      </test-suite>
      <test-suite type="TestFixture" id="1-1108" name="SpecEosExceptionBytes" fullname="Kaitai.SpecEosExceptionBytes" classname="Kaitai.SpecEosExceptionBytes" runstate="Runnable" testcasecount="1" result="Passed" start-time="2024-07-14T23:36:59.9688760Z" end-time="2024-07-14T23:36:59.9694740Z" duration="0.000599" total="1" passed="1" failed="0" warnings="0" inconclusive="0" skipped="0" asserts="1">
        <test-case id="1-1109" name="TestEosExceptionBytes" fullname="Kaitai.SpecEosExceptionBytes.TestEosExceptionBytes" methodname="TestEosExceptionBytes" classname="Kaitai.SpecEosExceptionBytes" runstate="Runnable" seed="1432414137" result="Passed" start-time="2024-07-14T23:36:59.9689480Z" end-time="2024-07-14T23:36:59.9694580Z" duration="0.000510" asserts="1" />
      </test-suite>
      <test-suite type="TestFixture" id="1-1110" name="SpecEosExceptionSized" fullname="Kaitai.SpecEosExceptionSized" classname="Kaitai.SpecEosExceptionSized" runstate="Runnable" testcasecount="1" result="Passed" start-time="2024-07-14T23:36:59.9694920Z" end-time="2024-07-14T23:36:59.9701600Z" duration="0.000668" total="1" passed="1" failed="0" warnings="0" inconclusive="0" skipped="0" asserts="1">
        <test-case id="1-1111" name="TestEosExceptionSized" fullname="Kaitai.SpecEosExceptionSized.TestEosExceptionSized" methodname="TestEosExceptionSized" classname="Kaitai.SpecEosExceptionSized" runstate="Runnable" seed="631067293" result="Passed" start-time="2024-07-14T23:36:59.9695620Z" end-time="2024-07-14T23:36:59.9701370Z" duration="0.000576" asserts="1" />
      </test-suite>
      <test-suite type="TestFixture" id="1-1112" name="SpecEosExceptionU4" fullname="Kaitai.SpecEosExceptionU4" classname="Kaitai.SpecEosExceptionU4" runstate="Runnable" testcasecount="1" result="Passed" start-time="2024-07-14T23:36:59.9701850Z" end-time="2024-07-14T23:36:59.9708120Z" duration="0.000627" total="1" passed="1" failed="0" warnings="0" inconclusive="0" skipped="0" asserts="1">
        <test-case id="1-1113" name="TestEosExceptionU4" fullname="Kaitai.SpecEosExceptionU4.TestEosExceptionU4" methodname="TestEosExceptionU4" classname="Kaitai.SpecEosExceptionU4" runstate="Runnable" seed="1155213879" result="Passed" start-time="2024-07-14T23:36:59.9702800Z" end-time="2024-07-14T23:36:59.9707950Z" duration="0.000516" asserts="1" />
      </test-suite>
      <test-suite type="TestFixture" id="1-1114" name="SpecExpr0" fullname="Kaitai.SpecExpr0" classname="Kaitai.SpecExpr0" runstate="Runnable" testcasecount="1" result="Passed" start-time="2024-07-14T23:36:59.9708290Z" end-time="2024-07-14T23:36:59.9713490Z" duration="0.000520" total="1" passed="1" failed="0" warnings="0" inconclusive="0" skipped="0" asserts="2">
        <test-case id="1-1115" name="TestExpr0" fullname="Kaitai.SpecExpr0.TestExpr0" methodname="TestExpr0" classname="Kaitai.SpecExpr0" runstate="Runnable" seed="1114721219" result="Passed" start-time="2024-07-14T23:36:59.9709000Z" end-time="2024-07-14T23:36:59.9713320Z" duration="0.000432" asserts="2" />
      </test-suite>
      <test-suite type="TestFixture" id="1-1116" name="SpecExpr1" fullname="Kaitai.SpecExpr1" classname="Kaitai.SpecExpr1" runstate="Runnable" testcasecount="1" result="Passed" start-time="2024-07-14T23:36:59.9713660Z" end-time="2024-07-14T23:36:59.9720510Z" duration="0.000685" total="1" passed="1" failed="0" warnings="0" inconclusive="0" skipped="0" asserts="4">
        <test-case id="1-1117" name="TestExpr1" fullname="Kaitai.SpecExpr1.TestExpr1" methodname="TestExpr1" classname="Kaitai.SpecExpr1" runstate="Runnable" seed="644947071" result="Passed" start-time="2024-07-14T23:36:59.9714570Z" end-time="2024-07-14T23:36:59.9720330Z" duration="0.000576" asserts="4" />
      </test-suite>
      <test-suite type="TestFixture" id="1-1118" name="SpecExpr2" fullname="Kaitai.SpecExpr2" classname="Kaitai.SpecExpr2" runstate="Runnable" testcasecount="1" result="Passed" start-time="2024-07-14T23:36:59.9720670Z" end-time="2024-07-14T23:36:59.9740090Z" duration="0.001942" total="1" passed="1" failed="0" warnings="0" inconclusive="0" skipped="0" asserts="17">
        <test-case id="1-1119" name="TestExpr2" fullname="Kaitai.SpecExpr2.TestExpr2" methodname="TestExpr2" classname="Kaitai.SpecExpr2" runstate="Runnable" seed="826570591" result="Passed" start-time="2024-07-14T23:36:59.9721600Z" end-time="2024-07-14T23:36:59.9739860Z" duration="0.001826" asserts="17" />
      </test-suite>
      <test-suite type="TestFixture" id="1-1120" name="SpecExpr3" fullname="Kaitai.SpecExpr3" classname="Kaitai.SpecExpr3" runstate="Runnable" testcasecount="1" result="Passed" start-time="2024-07-14T23:36:59.9740340Z" end-time="2024-07-14T23:36:59.9755550Z" duration="0.001521" total="1" passed="1" failed="0" warnings="0" inconclusive="0" skipped="0" asserts="12">
        <test-case id="1-1121" name="TestExpr3" fullname="Kaitai.SpecExpr3.TestExpr3" methodname="TestExpr3" classname="Kaitai.SpecExpr3" runstate="Runnable" seed="1275341335" result="Passed" start-time="2024-07-14T23:36:59.9741340Z" end-time="2024-07-14T23:36:59.9755300Z" duration="0.001395" asserts="12" />
      </test-suite>
      <test-suite type="TestFixture" id="1-1122" name="SpecExprArray" fullname="Kaitai.SpecExprArray" classname="Kaitai.SpecExprArray" runstate="Runnable" testcasecount="1" result="Passed" start-time="2024-07-14T23:36:59.9755810Z" end-time="2024-07-14T23:36:59.9831930Z" duration="0.007612" total="1" passed="1" failed="0" warnings="0" inconclusive="0" skipped="0" asserts="15">
        <test-case id="1-1123" name="TestExprArray" fullname="Kaitai.SpecExprArray.TestExprArray" methodname="TestExprArray" classname="Kaitai.SpecExprArray" runstate="Runnable" seed="1928124854" result="Passed" start-time="2024-07-14T23:36:59.9756590Z" end-time="2024-07-14T23:36:59.9831660Z" duration="0.007508" asserts="15" />
      </test-suite>
      <test-suite type="TestFixture" id="1-1124" name="SpecExprBytesCmp" fullname="Kaitai.SpecExprBytesCmp" classname="Kaitai.SpecExprBytesCmp" runstate="Runnable" testcasecount="1" result="Passed" start-time="2024-07-14T23:36:59.9832190Z" end-time="2024-07-14T23:36:59.9847560Z" duration="0.001537" total="1" passed="1" failed="0" warnings="0" inconclusive="0" skipped="0" asserts="10">
        <test-case id="1-1125" name="TestExprBytesCmp" fullname="Kaitai.SpecExprBytesCmp.TestExprBytesCmp" methodname="TestExprBytesCmp" classname="Kaitai.SpecExprBytesCmp" runstate="Runnable" seed="1036637883" result="Passed" start-time="2024-07-14T23:36:59.9833020Z" end-time="2024-07-14T23:36:59.9847380Z" duration="0.001436" asserts="10" />
      </test-suite>
      <test-suite type="TestFixture" id="1-1126" name="SpecExprBytesNonLiteral" fullname="Kaitai.SpecExprBytesNonLiteral" classname="Kaitai.SpecExprBytesNonLiteral" runstate="Runnable" testcasecount="1" result="Passed" start-time="2024-07-14T23:36:59.9847750Z" end-time="2024-07-14T23:36:59.9854070Z" duration="0.000632" total="1" passed="1" failed="0" warnings="0" inconclusive="0" skipped="0" asserts="3">
        <test-case id="1-1127" name="TestExprBytesNonLiteral" fullname="Kaitai.SpecExprBytesNonLiteral.TestExprBytesNonLiteral" methodname="TestExprBytesNonLiteral" classname="Kaitai.SpecExprBytesNonLiteral" runstate="Runnable" seed="1363837889" result="Passed" start-time="2024-07-14T23:36:59.9848640Z" end-time="2024-07-14T23:36:59.9853890Z" duration="0.000525" asserts="3" />
      </test-suite>
      <test-suite type="TestFixture" id="1-1128" name="SpecExprBytesOps" fullname="Kaitai.SpecExprBytesOps" classname="Kaitai.SpecExprBytesOps" runstate="Runnable" testcasecount="1" result="Passed" start-time="2024-07-14T23:36:59.9854240Z" end-time="2024-07-14T23:36:59.9889280Z" duration="0.003504" total="1" passed="1" failed="0" warnings="0" inconclusive="0" skipped="0" asserts="16">
        <test-case id="1-1129" name="TestExprBytesOps" fullname="Kaitai.SpecExprBytesOps.TestExprBytesOps" methodname="TestExprBytesOps" classname="Kaitai.SpecExprBytesOps" runstate="Runnable" seed="1468371515" result="Passed" start-time="2024-07-14T23:36:59.9854960Z" end-time="2024-07-14T23:36:59.9889020Z" duration="0.003406" asserts="16" />
      </test-suite>
      <test-suite type="TestFixture" id="1-1130" name="SpecExprCalcArrayOps" fullname="Kaitai.SpecExprCalcArrayOps" classname="Kaitai.SpecExprCalcArrayOps" runstate="Runnable" testcasecount="1" result="Passed" start-time="2024-07-14T23:36:59.9889530Z" end-time="2024-07-14T23:36:59.9927860Z" duration="0.003834" total="1" passed="1" failed="0" warnings="0" inconclusive="0" skipped="0" asserts="18">
        <test-case id="1-1131" name="TestExprCalcArrayOps" fullname="Kaitai.SpecExprCalcArrayOps.TestExprCalcArrayOps" methodname="TestExprCalcArrayOps" classname="Kaitai.SpecExprCalcArrayOps" runstate="Runnable" seed="2141111642" result="Passed" start-time="2024-07-14T23:36:59.9890540Z" end-time="2024-07-14T23:36:59.9927670Z" duration="0.003712" asserts="18" />
      </test-suite>
      <test-suite type="TestFixture" id="1-1132" name="SpecExprEnum" fullname="Kaitai.SpecExprEnum" classname="Kaitai.SpecExprEnum" runstate="Runnable" testcasecount="1" result="Passed" start-time="2024-07-14T23:36:59.9928050Z" end-time="2024-07-14T23:36:59.9935360Z" duration="0.000731" total="1" passed="1" failed="0" warnings="0" inconclusive="0" skipped="0" asserts="3">
        <test-case id="1-1133" name="TestExprEnum" fullname="Kaitai.SpecExprEnum.TestExprEnum" methodname="TestExprEnum" classname="Kaitai.SpecExprEnum" runstate="Runnable" seed="1707195801" result="Passed" start-time="2024-07-14T23:36:59.9928930Z" end-time="2024-07-14T23:36:59.9935170Z" duration="0.000624" asserts="3" />
      </test-suite>
      <test-suite type="TestFixture" id="1-1134" name="SpecExprFstring0" fullname="Kaitai.SpecExprFstring0" classname="Kaitai.SpecExprFstring0" runstate="Runnable" testcasecount="1" result="Passed" start-time="2024-07-14T23:36:59.9935530Z" end-time="2024-07-14T23:36:59.9947600Z" duration="0.001207" total="1" passed="1" failed="0" warnings="0" inconclusive="0" skipped="0" asserts="9">
        <test-case id="1-1135" name="TestExprFstring0" fullname="Kaitai.SpecExprFstring0.TestExprFstring0" methodname="TestExprFstring0" classname="Kaitai.SpecExprFstring0" runstate="Runnable" seed="1489822818" result="Passed" start-time="2024-07-14T23:36:59.9936490Z" end-time="2024-07-14T23:36:59.9947340Z" duration="0.001085" asserts="9" />
      </test-suite>
      <test-suite type="TestFixture" id="1-1136" name="SpecExprIfIntOps" fullname="Kaitai.SpecExprIfIntOps" classname="Kaitai.SpecExprIfIntOps" runstate="Runnable" testcasecount="1" result="Passed" start-time="2024-07-14T23:36:59.9947840Z" end-time="2024-07-14T23:36:59.9957980Z" duration="0.001013" total="1" passed="1" failed="0" warnings="0" inconclusive="0" skipped="0" asserts="2">
        <test-case id="1-1137" name="TestExprIfIntOps" fullname="Kaitai.SpecExprIfIntOps.TestExprIfIntOps" methodname="TestExprIfIntOps" classname="Kaitai.SpecExprIfIntOps" runstate="Runnable" seed="1245420235" result="Passed" start-time="2024-07-14T23:36:59.9948810Z" end-time="2024-07-14T23:36:59.9957790Z" duration="0.000898" asserts="2" />
      </test-suite>
      <test-suite type="TestFixture" id="1-1138" name="SpecExprIntDiv" fullname="Kaitai.SpecExprIntDiv" classname="Kaitai.SpecExprIntDiv" runstate="Runnable" testcasecount="1" result="Failed" site="Child" start-time="2024-07-14T23:36:59.9958150Z" end-time="2024-07-14T23:37:00.0132720Z" duration="0.017457" total="1" passed="0" failed="1" warnings="0" inconclusive="0" skipped="0" asserts="4">
        <failure>
          <message><![CDATA[One or more child tests had errors]]></message>
        </failure>
        <test-case id="1-1139" name="TestExprIntDiv" fullname="Kaitai.SpecExprIntDiv.TestExprIntDiv" methodname="TestExprIntDiv" classname="Kaitai.SpecExprIntDiv" runstate="Runnable" seed="912795805" result="Failed" start-time="2024-07-14T23:36:59.9959110Z" end-time="2024-07-14T23:37:00.0131910Z" duration="0.017280" asserts="4">
          <failure>
            <message><![CDATA[  Expected: -756
  But was:  -757
]]></message>
            <stack-trace><![CDATA[  at Kaitai.SpecExprIntDiv.TestExprIntDiv () [0x00063] in /home/runner/work/ci_targets/ci_targets/tests/spec/csharp/kaitai_struct_csharp_tests/tests/SpecExprIntDiv.cs:18 
]]></stack-trace>
          </failure>
          <assertions>
            <assertion result="Failed">
              <message><![CDATA[  Expected: -756
  But was:  -757
]]></message>
              <stack-trace><![CDATA[  at Kaitai.SpecExprIntDiv.TestExprIntDiv () [0x00063] in /home/runner/work/ci_targets/ci_targets/tests/spec/csharp/kaitai_struct_csharp_tests/tests/SpecExprIntDiv.cs:18 
]]></stack-trace>
            </assertion>
          </assertions>
        </test-case>
      </test-suite>
      <test-suite type="TestFixture" id="1-1140" name="SpecExprIoEof" fullname="Kaitai.SpecExprIoEof" classname="Kaitai.SpecExprIoEof" runstate="Runnable" testcasecount="1" result="Passed" start-time="2024-07-14T23:37:00.0133040Z" end-time="2024-07-14T23:37:00.0146260Z" duration="0.001322" total="1" passed="1" failed="0" warnings="0" inconclusive="0" skipped="0" asserts="4">
        <test-case id="1-1141" name="TestExprIoEof" fullname="Kaitai.SpecExprIoEof.TestExprIoEof" methodname="TestExprIoEof" classname="Kaitai.SpecExprIoEof" runstate="Runnable" seed="1131769831" result="Passed" start-time="2024-07-14T23:37:00.0133990Z" end-time="2024-07-14T23:37:00.0146010Z" duration="0.001203" asserts="4" />
      </test-suite>
      <test-suite type="TestFixture" id="1-1142" name="SpecExprIoPos" fullname="Kaitai.SpecExprIoPos" classname="Kaitai.SpecExprIoPos" runstate="Runnable" testcasecount="1" result="Passed" start-time="2024-07-14T23:37:00.0146530Z" end-time="2024-07-14T23:37:00.0156430Z" duration="0.000990" total="1" passed="1" failed="0" warnings="0" inconclusive="0" skipped="0" asserts="6">
        <test-case id="1-1143" name="TestExprIoPos" fullname="Kaitai.SpecExprIoPos.TestExprIoPos" methodname="TestExprIoPos" classname="Kaitai.SpecExprIoPos" runstate="Runnable" seed="1534631945" result="Passed" start-time="2024-07-14T23:37:00.0147510Z" end-time="2024-07-14T23:37:00.0156250Z" duration="0.000874" asserts="6" />
      </test-suite>
      <test-suite type="TestFixture" id="1-1144" name="SpecExprMod" fullname="Kaitai.SpecExprMod" classname="Kaitai.SpecExprMod" runstate="Runnable" testcasecount="1" result="Passed" start-time="2024-07-14T23:37:00.0156610Z" end-time="2024-07-14T23:37:00.0167100Z" duration="0.001049" total="1" passed="1" failed="0" warnings="0" inconclusive="0" skipped="0" asserts="6">
        <test-case id="1-1145" name="TestExprMod" fullname="Kaitai.SpecExprMod.TestExprMod" methodname="TestExprMod" classname="Kaitai.SpecExprMod" runstate="Runnable" seed="392196657" result="Passed" start-time="2024-07-14T23:37:00.0157480Z" end-time="2024-07-14T23:37:00.0166920Z" duration="0.000944" asserts="6" />
      </test-suite>
      <test-suite type="TestFixture" id="1-1146" name="SpecExprOpsParens" fullname="Kaitai.SpecExprOpsParens" classname="Kaitai.SpecExprOpsParens" runstate="Runnable" testcasecount="1" result="Passed" start-time="2024-07-14T23:37:00.0167280Z" end-time="2024-07-14T23:37:00.0206620Z" duration="0.003934" total="1" passed="1" failed="0" warnings="0" inconclusive="0" skipped="0" asserts="9">
        <test-case id="1-1147" name="TestExprOpsParens" fullname="Kaitai.SpecExprOpsParens.TestExprOpsParens" methodname="TestExprOpsParens" classname="Kaitai.SpecExprOpsParens" runstate="Runnable" seed="1605691330" result="Passed" start-time="2024-07-14T23:37:00.0168070Z" end-time="2024-07-14T23:37:00.0206380Z" duration="0.003831" asserts="9" />
      </test-suite>
      <test-suite type="TestFixture" id="1-1148" name="SpecExprSizeofType0" fullname="Kaitai.SpecExprSizeofType0" classname="Kaitai.SpecExprSizeofType0" runstate="Runnable" testcasecount="1" result="Passed" start-time="2024-07-14T23:37:00.0206880Z" end-time="2024-07-14T23:37:00.0211710Z" duration="0.000483" total="1" passed="1" failed="0" warnings="0" inconclusive="0" skipped="0" asserts="1">
        <test-case id="1-1149" name="TestExprSizeofType0" fullname="Kaitai.SpecExprSizeofType0.TestExprSizeofType0" methodname="TestExprSizeofType0" classname="Kaitai.SpecExprSizeofType0" runstate="Runnable" seed="716134048" result="Passed" start-time="2024-07-14T23:37:00.0207870Z" end-time="2024-07-14T23:37:00.0211520Z" duration="0.000365" asserts="1" />
      </test-suite>
      <test-suite type="TestFixture" id="1-1150" name="SpecExprSizeofType1" fullname="Kaitai.SpecExprSizeofType1" classname="Kaitai.SpecExprSizeofType1" runstate="Runnable" testcasecount="1" result="Passed" start-time="2024-07-14T23:37:00.0211880Z" end-time="2024-07-14T23:37:00.0217780Z" duration="0.000590" total="1" passed="1" failed="0" warnings="0" inconclusive="0" skipped="0" asserts="2">
        <test-case id="1-1151" name="TestExprSizeofType1" fullname="Kaitai.SpecExprSizeofType1.TestExprSizeofType1" methodname="TestExprSizeofType1" classname="Kaitai.SpecExprSizeofType1" runstate="Runnable" seed="726301464" result="Passed" start-time="2024-07-14T23:37:00.0212830Z" end-time="2024-07-14T23:37:00.0217560Z" duration="0.000474" asserts="2" />
      </test-suite>
      <test-suite type="TestFixture" id="1-1152" name="SpecExprSizeofValue0" fullname="Kaitai.SpecExprSizeofValue0" classname="Kaitai.SpecExprSizeofValue0" runstate="Runnable" testcasecount="1" result="Passed" start-time="2024-07-14T23:37:00.0218030Z" end-time="2024-07-14T23:37:00.0228140Z" duration="0.001011" total="1" passed="1" failed="0" warnings="0" inconclusive="0" skipped="0" asserts="5">
        <test-case id="1-1153" name="TestExprSizeofValue0" fullname="Kaitai.SpecExprSizeofValue0.TestExprSizeofValue0" methodname="TestExprSizeofValue0" classname="Kaitai.SpecExprSizeofValue0" runstate="Runnable" seed="172670978" result="Passed" start-time="2024-07-14T23:37:00.0219180Z" end-time="2024-07-14T23:37:00.0227920Z" duration="0.000874" asserts="5" />
      </test-suite>
      <test-suite type="TestFixture" id="1-1154" name="SpecExprSizeofValueSized" fullname="Kaitai.SpecExprSizeofValueSized" classname="Kaitai.SpecExprSizeofValueSized" runstate="Runnable" testcasecount="1" result="Passed" start-time="2024-07-14T23:37:00.0228370Z" end-time="2024-07-14T23:37:00.0237890Z" duration="0.000952" total="1" passed="1" failed="0" warnings="0" inconclusive="0" skipped="0" asserts="5">
        <test-case id="1-1155" name="TestExprSizeofValueSized" fullname="Kaitai.SpecExprSizeofValueSized.TestExprSizeofValueSized" methodname="TestExprSizeofValueSized" classname="Kaitai.SpecExprSizeofValueSized" runstate="Runnable" seed="691034520" result="Passed" start-time="2024-07-14T23:37:00.0229240Z" end-time="2024-07-14T23:37:00.0237700Z" duration="0.000846" asserts="5" />
      </test-suite>
      <test-suite type="TestFixture" id="1-1156" name="SpecExprStrEncodings" fullname="Kaitai.SpecExprStrEncodings" classname="Kaitai.SpecExprStrEncodings" runstate="Runnable" testcasecount="1" result="Passed" start-time="2024-07-14T23:37:00.0238070Z" end-time="2024-07-14T23:37:00.1006840Z" duration="0.076877" total="1" passed="1" failed="0" warnings="0" inconclusive="0" skipped="0" asserts="7">
        <test-case id="1-1157" name="TestExprStrEncodings" fullname="Kaitai.SpecExprStrEncodings.TestExprStrEncodings" methodname="TestExprStrEncodings" classname="Kaitai.SpecExprStrEncodings" runstate="Runnable" seed="247173550" result="Passed" start-time="2024-07-14T23:37:00.0238790Z" end-time="2024-07-14T23:37:00.1006530Z" duration="0.076774" asserts="7" />
      </test-suite>
      <test-suite type="TestFixture" id="1-1158" name="SpecExprStrOps" fullname="Kaitai.SpecExprStrOps" classname="Kaitai.SpecExprStrOps" runstate="Runnable" testcasecount="1" result="Passed" start-time="2024-07-14T23:37:00.1007070Z" end-time="2024-07-14T23:37:00.1023730Z" duration="0.001666" total="1" passed="1" failed="0" warnings="0" inconclusive="0" skipped="0" asserts="17">
        <test-case id="1-1159" name="TestExprStrOps" fullname="Kaitai.SpecExprStrOps.TestExprStrOps" methodname="TestExprStrOps" classname="Kaitai.SpecExprStrOps" runstate="Runnable" seed="1885449072" result="Passed" start-time="2024-07-14T23:37:00.1007840Z" end-time="2024-07-14T23:37:00.1023450Z" duration="0.001561" asserts="17" />
      </test-suite>
      <test-suite type="TestFixture" id="1-1160" name="SpecExprToITrailing" fullname="Kaitai.SpecExprToITrailing" classname="Kaitai.SpecExprToITrailing" runstate="Runnable" testcasecount="1" result="Passed" start-time="2024-07-14T23:37:00.1023920Z" end-time="2024-07-14T23:37:00.1034880Z" duration="0.001097" total="1" passed="1" failed="0" warnings="0" inconclusive="0" skipped="0" asserts="3">
        <test-case id="1-1161" name="TestExprToITrailing" fullname="Kaitai.SpecExprToITrailing.TestExprToITrailing" methodname="TestExprToITrailing" classname="Kaitai.SpecExprToITrailing" runstate="Runnable" seed="614300447" result="Passed" start-time="2024-07-14T23:37:00.1024760Z" end-time="2024-07-14T23:37:00.1034700Z" duration="0.000995" asserts="3" />
      </test-suite>
      <test-suite type="TestFixture" id="1-1162" name="SpecFixedContents" fullname="Kaitai.SpecFixedContents" classname="Kaitai.SpecFixedContents" runstate="Runnable" testcasecount="1" result="Passed" start-time="2024-07-14T23:37:00.1035070Z" end-time="2024-07-14T23:37:00.1041050Z" duration="0.000598" total="1" passed="1" failed="0" warnings="0" inconclusive="0" skipped="0" asserts="0">
        <test-case id="1-1163" name="TestFixedContents" fullname="Kaitai.SpecFixedContents.TestFixedContents" methodname="TestFixedContents" classname="Kaitai.SpecFixedContents" runstate="Runnable" seed="94812111" result="Passed" start-time="2024-07-14T23:37:00.1035830Z" end-time="2024-07-14T23:37:00.1040810Z" duration="0.000498" asserts="0" />
      </test-suite>
      <test-suite type="TestFixture" id="1-1164" name="SpecFixedStruct" fullname="Kaitai.SpecFixedStruct" classname="Kaitai.SpecFixedStruct" runstate="Runnable" testcasecount="1" result="Passed" start-time="2024-07-14T23:37:00.1041290Z" end-time="2024-07-14T23:37:00.1066150Z" duration="0.002486" total="1" passed="1" failed="0" warnings="0" inconclusive="0" skipped="0" asserts="20">
        <test-case id="1-1165" name="TestFixedStruct" fullname="Kaitai.SpecFixedStruct.TestFixedStruct" methodname="TestFixedStruct" classname="Kaitai.SpecFixedStruct" runstate="Runnable" seed="874005113" result="Passed" start-time="2024-07-14T23:37:00.1042280Z" end-time="2024-07-14T23:37:00.1065890Z" duration="0.002362" asserts="20" />
      </test-suite>
      <test-suite type="TestFixture" id="1-1168" name="SpecFloatingPoints" fullname="Kaitai.SpecFloatingPoints" classname="Kaitai.SpecFloatingPoints" runstate="Runnable" testcasecount="1" result="Passed" start-time="2024-07-14T23:37:00.1066360Z" end-time="2024-07-14T23:37:00.1076850Z" duration="0.001049" total="1" passed="1" failed="0" warnings="0" inconclusive="0" skipped="0" asserts="8">
        <test-case id="1-1169" name="TestFloatingPoints" fullname="Kaitai.SpecFloatingPoints.TestFloatingPoints" methodname="TestFloatingPoints" classname="Kaitai.SpecFloatingPoints" runstate="Runnable" seed="1692198965" result="Passed" start-time="2024-07-14T23:37:00.1067160Z" end-time="2024-07-14T23:37:00.1076670Z" duration="0.000951" asserts="8" />
      </test-suite>
      <test-suite type="TestFixture" id="1-1166" name="SpecFloatToI" fullname="Kaitai.SpecFloatToI" classname="Kaitai.SpecFloatToI" runstate="Runnable" testcasecount="1" result="Passed" start-time="2024-07-14T23:37:00.1077030Z" end-time="2024-07-14T23:37:00.1088040Z" duration="0.001101" total="1" passed="1" failed="0" warnings="0" inconclusive="0" skipped="0" asserts="8">
        <test-case id="1-1167" name="TestFloatToI" fullname="Kaitai.SpecFloatToI.TestFloatToI" methodname="TestFloatToI" classname="Kaitai.SpecFloatToI" runstate="Runnable" seed="1473674824" result="Passed" start-time="2024-07-14T23:37:00.1077760Z" end-time="2024-07-14T23:37:00.1087850Z" duration="0.001009" asserts="8" />
      </test-suite>
      <test-suite type="TestFixture" id="1-1170" name="SpecHelloWorld" fullname="Kaitai.SpecHelloWorld" classname="Kaitai.SpecHelloWorld" runstate="Runnable" testcasecount="1" result="Passed" start-time="2024-07-14T23:37:00.1088220Z" end-time="2024-07-14T23:37:00.1092730Z" duration="0.000451" total="1" passed="1" failed="0" warnings="0" inconclusive="0" skipped="0" asserts="1">
        <test-case id="1-1171" name="TestHelloWorld" fullname="Kaitai.SpecHelloWorld.TestHelloWorld" methodname="TestHelloWorld" classname="Kaitai.SpecHelloWorld" runstate="Runnable" seed="2121064526" result="Passed" start-time="2024-07-14T23:37:00.1089020Z" end-time="2024-07-14T23:37:00.1092510Z" duration="0.000349" asserts="1" />
      </test-suite>
      <test-suite type="TestFixture" id="1-1172" name="SpecIfInstances" fullname="Kaitai.SpecIfInstances" classname="Kaitai.SpecIfInstances" runstate="Runnable" testcasecount="1" result="Passed" start-time="2024-07-14T23:37:00.1092970Z" end-time="2024-07-14T23:37:00.1098920Z" duration="0.000595" total="1" passed="1" failed="0" warnings="0" inconclusive="0" skipped="0" asserts="1">
        <test-case id="1-1173" name="TestIfInstances" fullname="Kaitai.SpecIfInstances.TestIfInstances" methodname="TestIfInstances" classname="Kaitai.SpecIfInstances" runstate="Runnable" seed="1539380796" result="Passed" start-time="2024-07-14T23:37:00.1093950Z" end-time="2024-07-14T23:37:00.1098730Z" duration="0.000478" asserts="1" />
      </test-suite>
      <test-suite type="TestFixture" id="1-1174" name="SpecIfStruct" fullname="Kaitai.SpecIfStruct" classname="Kaitai.SpecIfStruct" runstate="Runnable" testcasecount="1" result="Passed" start-time="2024-07-14T23:37:00.1099100Z" end-time="2024-07-14T23:37:00.1115850Z" duration="0.001676" total="1" passed="1" failed="0" warnings="0" inconclusive="0" skipped="0" asserts="7">
        <test-case id="1-1175" name="TestIfStruct" fullname="Kaitai.SpecIfStruct.TestIfStruct" methodname="TestIfStruct" classname="Kaitai.SpecIfStruct" runstate="Runnable" seed="1729047120" result="Passed" start-time="2024-07-14T23:37:00.1099840Z" end-time="2024-07-14T23:37:00.1115600Z" duration="0.001577" asserts="7" />
      </test-suite>
      <test-suite type="TestFixture" id="1-1176" name="SpecIfValues" fullname="Kaitai.SpecIfValues" classname="Kaitai.SpecIfValues" runstate="Runnable" testcasecount="1" result="Passed" start-time="2024-07-14T23:37:00.1116080Z" end-time="2024-07-14T23:37:00.1129130Z" duration="0.001305" total="1" passed="1" failed="0" warnings="0" inconclusive="0" skipped="0" asserts="6">
        <test-case id="1-1177" name="TestIfValues" fullname="Kaitai.SpecIfValues.TestIfValues" methodname="TestIfValues" classname="Kaitai.SpecIfValues" runstate="Runnable" seed="9546427" result="Passed" start-time="2024-07-14T23:37:00.1116830Z" end-time="2024-07-14T23:37:00.1128880Z" duration="0.001205" asserts="6" />
      </test-suite>
      <test-suite type="TestFixture" id="1-1178" name="SpecImports0" fullname="Kaitai.SpecImports0" classname="Kaitai.SpecImports0" runstate="Runnable" testcasecount="1" result="Passed" start-time="2024-07-14T23:37:00.1129380Z" end-time="2024-07-14T23:37:00.1135450Z" duration="0.000607" total="1" passed="1" failed="0" warnings="0" inconclusive="0" skipped="0" asserts="3">
        <test-case id="1-1179" name="TestImports0" fullname="Kaitai.SpecImports0.TestImports0" methodname="TestImports0" classname="Kaitai.SpecImports0" runstate="Runnable" seed="340467796" result="Passed" start-time="2024-07-14T23:37:00.1130380Z" end-time="2024-07-14T23:37:00.1135220Z" duration="0.000484" asserts="3" />
      </test-suite>
      <test-suite type="TestFixture" id="1-1180" name="SpecImportsAbs" fullname="Kaitai.SpecImportsAbs" classname="Kaitai.SpecImportsAbs" runstate="Runnable" testcasecount="1" result="Passed" start-time="2024-07-14T23:37:00.1135680Z" end-time="2024-07-14T23:37:00.1152250Z" duration="0.001657" total="1" passed="1" failed="0" warnings="0" inconclusive="0" skipped="0" asserts="2">
        <test-case id="1-1181" name="TestImportsAbs" fullname="Kaitai.SpecImportsAbs.TestImportsAbs" methodname="TestImportsAbs" classname="Kaitai.SpecImportsAbs" runstate="Runnable" seed="2016330156" result="Passed" start-time="2024-07-14T23:37:00.1136920Z" end-time="2024-07-14T23:37:00.1152070Z" duration="0.001515" asserts="2" />
      </test-suite>
      <test-suite type="TestFixture" id="1-1182" name="SpecImportsAbsAbs" fullname="Kaitai.SpecImportsAbsAbs" classname="Kaitai.SpecImportsAbsAbs" runstate="Runnable" testcasecount="1" result="Passed" start-time="2024-07-14T23:37:00.1152440Z" end-time="2024-07-14T23:37:00.1160280Z" duration="0.000785" total="1" passed="1" failed="0" warnings="0" inconclusive="0" skipped="0" asserts="3">
        <test-case id="1-1183" name="TestImportsAbsAbs" fullname="Kaitai.SpecImportsAbsAbs.TestImportsAbsAbs" methodname="TestImportsAbsAbs" classname="Kaitai.SpecImportsAbsAbs" runstate="Runnable" seed="1215015744" result="Passed" start-time="2024-07-14T23:37:00.1153190Z" end-time="2024-07-14T23:37:00.1160090Z" duration="0.000691" asserts="3" />
      </test-suite>
      <test-suite type="TestFixture" id="1-1184" name="SpecImportsAbsRel" fullname="Kaitai.SpecImportsAbsRel" classname="Kaitai.SpecImportsAbsRel" runstate="Runnable" testcasecount="1" result="Passed" start-time="2024-07-14T23:37:00.1160450Z" end-time="2024-07-14T23:37:00.1167110Z" duration="0.000666" total="1" passed="1" failed="0" warnings="0" inconclusive="0" skipped="0" asserts="3">
        <test-case id="1-1185" name="TestImportsAbsRel" fullname="Kaitai.SpecImportsAbsRel.TestImportsAbsRel" methodname="TestImportsAbsRel" classname="Kaitai.SpecImportsAbsRel" runstate="Runnable" seed="330727878" result="Passed" start-time="2024-07-14T23:37:00.1161310Z" end-time="2024-07-14T23:37:00.1166940Z" duration="0.000563" asserts="3" />
      </test-suite>
      <test-suite type="TestFixture" id="1-1186" name="SpecImportsCastToImported" fullname="Kaitai.SpecImportsCastToImported" classname="Kaitai.SpecImportsCastToImported" runstate="Runnable" testcasecount="1" result="Passed" start-time="2024-07-14T23:37:00.1167280Z" end-time="2024-07-14T23:37:00.1173950Z" duration="0.000667" total="1" passed="1" failed="0" warnings="0" inconclusive="0" skipped="0" asserts="2">
        <test-case id="1-1187" name="TestImportsCastToImported" fullname="Kaitai.SpecImportsCastToImported.TestImportsCastToImported" methodname="TestImportsCastToImported" classname="Kaitai.SpecImportsCastToImported" runstate="Runnable" seed="61718818" result="Passed" start-time="2024-07-14T23:37:00.1168100Z" end-time="2024-07-14T23:37:00.1173760Z" duration="0.000566" asserts="2" />
      </test-suite>
      <test-suite type="TestFixture" id="1-1188" name="SpecImportsCastToImported2" fullname="Kaitai.SpecImportsCastToImported2" classname="Kaitai.SpecImportsCastToImported2" runstate="Runnable" testcasecount="1" result="Passed" start-time="2024-07-14T23:37:00.1174120Z" end-time="2024-07-14T23:37:00.1181090Z" duration="0.000696" total="1" passed="1" failed="0" warnings="0" inconclusive="0" skipped="0" asserts="2">
        <test-case id="1-1189" name="TestImportsCastToImported2" fullname="Kaitai.SpecImportsCastToImported2.TestImportsCastToImported2" methodname="TestImportsCastToImported2" classname="Kaitai.SpecImportsCastToImported2" runstate="Runnable" seed="1393294967" result="Passed" start-time="2024-07-14T23:37:00.1174950Z" end-time="2024-07-14T23:37:00.1180910Z" duration="0.000596" asserts="2" />
      </test-suite>
      <test-suite type="TestFixture" id="1-1190" name="SpecImportsCircularA" fullname="Kaitai.SpecImportsCircularA" classname="Kaitai.SpecImportsCircularA" runstate="Runnable" testcasecount="1" result="Passed" start-time="2024-07-14T23:37:00.1181260Z" end-time="2024-07-14T23:37:00.1188980Z" duration="0.000772" total="1" passed="1" failed="0" warnings="0" inconclusive="0" skipped="0" asserts="5">
        <test-case id="1-1191" name="TestImportsCircularA" fullname="Kaitai.SpecImportsCircularA.TestImportsCircularA" methodname="TestImportsCircularA" classname="Kaitai.SpecImportsCircularA" runstate="Runnable" seed="1143989348" result="Passed" start-time="2024-07-14T23:37:00.1181990Z" end-time="2024-07-14T23:37:00.1188800Z" duration="0.000682" asserts="5" />
      </test-suite>
      <test-suite type="TestFixture" id="1-1192" name="SpecImportsParamsDefArrayUsertypeImported" fullname="Kaitai.SpecImportsParamsDefArrayUsertypeImported" classname="Kaitai.SpecImportsParamsDefArrayUsertypeImported" runstate="Runnable" testcasecount="1" result="Passed" start-time="2024-07-14T23:37:00.1189150Z" end-time="2024-07-14T23:37:00.1200650Z" duration="0.001150" total="1" passed="1" failed="0" warnings="0" inconclusive="0" skipped="0" asserts="5">
        <test-case id="1-1193" name="TestImportsParamsDefArrayUsertypeImported" fullname="Kaitai.SpecImportsParamsDefArrayUsertypeImported.TestImportsParamsDefArrayUsertypeImported" methodname="TestImportsParamsDefArrayUsertypeImported" classname="Kaitai.SpecImportsParamsDefArrayUsertypeImported" runstate="Runnable" seed="458482210" result="Passed" start-time="2024-07-14T23:37:00.1189870Z" end-time="2024-07-14T23:37:00.1200460Z" duration="0.001059" asserts="5" />
      </test-suite>
      <test-suite type="TestFixture" id="1-1194" name="SpecImportsParamsDefEnumImported" fullname="Kaitai.SpecImportsParamsDefEnumImported" classname="Kaitai.SpecImportsParamsDefEnumImported" runstate="Runnable" testcasecount="1" result="Passed" start-time="2024-07-14T23:37:00.1200900Z" end-time="2024-07-14T23:37:00.1208400Z" duration="0.000750" total="1" passed="1" failed="0" warnings="0" inconclusive="0" skipped="0" asserts="4">
        <test-case id="1-1195" name="TestImportsParamsDefEnumImported" fullname="Kaitai.SpecImportsParamsDefEnumImported.TestImportsParamsDefEnumImported" methodname="TestImportsParamsDefEnumImported" classname="Kaitai.SpecImportsParamsDefEnumImported" runstate="Runnable" seed="558528370" result="Passed" start-time="2024-07-14T23:37:00.1201870Z" end-time="2024-07-14T23:37:00.1208170Z" duration="0.000630" asserts="4" />
      </test-suite>
      <test-suite type="TestFixture" id="1-1196" name="SpecImportsParamsDefUsertypeImported" fullname="Kaitai.SpecImportsParamsDefUsertypeImported" classname="Kaitai.SpecImportsParamsDefUsertypeImported" runstate="Runnable" testcasecount="1" result="Passed" start-time="2024-07-14T23:37:00.1208640Z" end-time="2024-07-14T23:37:00.1215150Z" duration="0.000651" total="1" passed="1" failed="0" warnings="0" inconclusive="0" skipped="0" asserts="2">
        <test-case id="1-1197" name="TestImportsParamsDefUsertypeImported" fullname="Kaitai.SpecImportsParamsDefUsertypeImported.TestImportsParamsDefUsertypeImported" methodname="TestImportsParamsDefUsertypeImported" classname="Kaitai.SpecImportsParamsDefUsertypeImported" runstate="Runnable" seed="1540118911" result="Passed" start-time="2024-07-14T23:37:00.1209650Z" end-time="2024-07-14T23:37:00.1214970Z" duration="0.000532" asserts="2" />
      </test-suite>
      <test-suite type="TestFixture" id="1-1198" name="SpecImportsRel1" fullname="Kaitai.SpecImportsRel1" classname="Kaitai.SpecImportsRel1" runstate="Runnable" testcasecount="1" result="Passed" start-time="2024-07-14T23:37:00.1215370Z" end-time="2024-07-14T23:37:00.1223480Z" duration="0.000812" total="1" passed="1" failed="0" warnings="0" inconclusive="0" skipped="0" asserts="3">
[...]
        <test-case id="1-1423" name="TestTypeIntUnaryOp" fullname="Kaitai.SpecTypeIntUnaryOp.TestTypeIntUnaryOp" methodname="TestTypeIntUnaryOp" classname="Kaitai.SpecTypeIntUnaryOp" runstate="Runnable" seed="1159189652" result="Passed" start-time="2024-07-14T23:37:00.2446950Z" end-time="2024-07-14T23:37:00.2452320Z" duration="0.000537" asserts="4" />
      </test-suite>
      <test-suite type="TestFixture" id="1-1424" name="SpecTypeTernary" fullname="Kaitai.SpecTypeTernary" classname="Kaitai.SpecTypeTernary" runstate="Runnable" testcasecount="1" result="Passed" start-time="2024-07-14T23:37:00.2452790Z" end-time="2024-07-14T23:37:00.2460650Z" duration="0.000786" total="1" passed="1" failed="0" warnings="0" inconclusive="0" skipped="0" asserts="1">
        <test-case id="1-1425" name="TestTypeTernary" fullname="Kaitai.SpecTypeTernary.TestTypeTernary" methodname="TestTypeTernary" classname="Kaitai.SpecTypeTernary" runstate="Runnable" seed="2141383085" result="Passed" start-time="2024-07-14T23:37:00.2453770Z" end-time="2024-07-14T23:37:00.2460400Z" duration="0.000664" asserts="1" />
      </test-suite>
      <test-suite type="TestFixture" id="1-1426" name="SpecTypeTernary2ndFalsy" fullname="Kaitai.SpecTypeTernary2ndFalsy" classname="Kaitai.SpecTypeTernary2ndFalsy" runstate="Runnable" testcasecount="1" result="Passed" start-time="2024-07-14T23:37:00.2460890Z" end-time="2024-07-14T23:37:00.2478690Z" duration="0.001780" total="1" passed="1" failed="0" warnings="0" inconclusive="0" skipped="0" asserts="13">
        <test-case id="1-1427" name="TestTypeTernary2ndFalsy" fullname="Kaitai.SpecTypeTernary2ndFalsy.TestTypeTernary2ndFalsy" methodname="TestTypeTernary2ndFalsy" classname="Kaitai.SpecTypeTernary2ndFalsy" runstate="Runnable" seed="1861692927" result="Passed" start-time="2024-07-14T23:37:00.2461890Z" end-time="2024-07-14T23:37:00.2478450Z" duration="0.001656" asserts="13" />
      </test-suite>
      <test-suite type="TestFixture" id="1-1428" name="SpecTypeTernaryOpaque" fullname="Kaitai.SpecTypeTernaryOpaque" classname="Kaitai.SpecTypeTernaryOpaque" runstate="Runnable" testcasecount="1" result="Passed" start-time="2024-07-14T23:37:00.2478930Z" end-time="2024-07-14T23:37:00.2486260Z" duration="0.000733" total="1" passed="1" failed="0" warnings="0" inconclusive="0" skipped="0" asserts="3">
        <test-case id="1-1429" name="TestTypeTernaryOpaque" fullname="Kaitai.SpecTypeTernaryOpaque.TestTypeTernaryOpaque" methodname="TestTypeTernaryOpaque" classname="Kaitai.SpecTypeTernaryOpaque" runstate="Runnable" seed="791983099" result="Passed" start-time="2024-07-14T23:37:00.2479940Z" end-time="2024-07-14T23:37:00.2486030Z" duration="0.000609" asserts="3" />
      </test-suite>
      <test-suite type="TestFixture" id="1-1430" name="SpecUserType" fullname="Kaitai.SpecUserType" classname="Kaitai.SpecUserType" runstate="Runnable" testcasecount="1" result="Passed" start-time="2024-07-14T23:37:00.2486520Z" end-time="2024-07-14T23:37:00.2492430Z" duration="0.000591" total="1" passed="1" failed="0" warnings="0" inconclusive="0" skipped="0" asserts="2">
        <test-case id="1-1431" name="TestUserType" fullname="Kaitai.SpecUserType.TestUserType" methodname="TestUserType" classname="Kaitai.SpecUserType" runstate="Runnable" seed="344064946" result="Passed" start-time="2024-07-14T23:37:00.2487490Z" end-time="2024-07-14T23:37:00.2492250Z" duration="0.000476" asserts="2" />
      </test-suite>
      <test-suite type="TestFixture" id="1-1432" name="SpecValidEqStrEncodings" fullname="Kaitai.SpecValidEqStrEncodings" classname="Kaitai.SpecValidEqStrEncodings" runstate="Runnable" testcasecount="1" result="Passed" start-time="2024-07-14T23:37:00.2492610Z" end-time="2024-07-14T23:37:00.2500520Z" duration="0.000791" total="1" passed="1" failed="0" warnings="0" inconclusive="0" skipped="0" asserts="0">
        <test-case id="1-1433" name="TestValidEqStrEncodings" fullname="Kaitai.SpecValidEqStrEncodings.TestValidEqStrEncodings" methodname="TestValidEqStrEncodings" classname="Kaitai.SpecValidEqStrEncodings" runstate="Runnable" seed="1437303075" result="Passed" start-time="2024-07-14T23:37:00.2493480Z" end-time="2024-07-14T23:37:00.2500270Z" duration="0.000679" asserts="0" />
      </test-suite>
      <test-suite type="TestFixture" id="1-1434" name="SpecValidFailAnyofInt" fullname="Kaitai.SpecValidFailAnyofInt" classname="Kaitai.SpecValidFailAnyofInt" runstate="Runnable" testcasecount="1" result="Passed" start-time="2024-07-14T23:37:00.2500760Z" end-time="2024-07-14T23:37:00.2510450Z" duration="0.000969" total="1" passed="1" failed="0" warnings="0" inconclusive="0" skipped="0" asserts="1">
        <test-case id="1-1435" name="TestValidFailAnyofInt" fullname="Kaitai.SpecValidFailAnyofInt.TestValidFailAnyofInt" methodname="TestValidFailAnyofInt" classname="Kaitai.SpecValidFailAnyofInt" runstate="Runnable" seed="1542354227" result="Passed" start-time="2024-07-14T23:37:00.2501760Z" end-time="2024-07-14T23:37:00.2510270Z" duration="0.000851" asserts="1" />
      </test-suite>
      <test-suite type="TestFixture" id="1-1436" name="SpecValidFailContents" fullname="Kaitai.SpecValidFailContents" classname="Kaitai.SpecValidFailContents" runstate="Runnable" testcasecount="1" result="Passed" start-time="2024-07-14T23:37:00.2510630Z" end-time="2024-07-14T23:37:00.2519530Z" duration="0.000890" total="1" passed="1" failed="0" warnings="0" inconclusive="0" skipped="0" asserts="1">
        <test-case id="1-1437" name="TestValidFailContents" fullname="Kaitai.SpecValidFailContents.TestValidFailContents" methodname="TestValidFailContents" classname="Kaitai.SpecValidFailContents" runstate="Runnable" seed="1255302945" result="Passed" start-time="2024-07-14T23:37:00.2511400Z" end-time="2024-07-14T23:37:00.2519310Z" duration="0.000792" asserts="1" />
      </test-suite>
      <test-suite type="TestFixture" id="1-1438" name="SpecValidFailEqBytes" fullname="Kaitai.SpecValidFailEqBytes" classname="Kaitai.SpecValidFailEqBytes" runstate="Runnable" testcasecount="1" result="Passed" start-time="2024-07-14T23:37:00.2519780Z" end-time="2024-07-14T23:37:00.2525940Z" duration="0.000616" total="1" passed="1" failed="0" warnings="0" inconclusive="0" skipped="0" asserts="1">
        <test-case id="1-1439" name="TestValidFailEqBytes" fullname="Kaitai.SpecValidFailEqBytes.TestValidFailEqBytes" methodname="TestValidFailEqBytes" classname="Kaitai.SpecValidFailEqBytes" runstate="Runnable" seed="1574110020" result="Passed" start-time="2024-07-14T23:37:00.2520800Z" end-time="2024-07-14T23:37:00.2525780Z" duration="0.000498" asserts="1" />
      </test-suite>
      <test-suite type="TestFixture" id="1-1440" name="SpecValidFailEqInt" fullname="Kaitai.SpecValidFailEqInt" classname="Kaitai.SpecValidFailEqInt" runstate="Runnable" testcasecount="1" result="Passed" start-time="2024-07-14T23:37:00.2526120Z" end-time="2024-07-14T23:37:00.2533130Z" duration="0.000701" total="1" passed="1" failed="0" warnings="0" inconclusive="0" skipped="0" asserts="1">
        <test-case id="1-1441" name="TestValidFailEqInt" fullname="Kaitai.SpecValidFailEqInt.TestValidFailEqInt" methodname="TestValidFailEqInt" classname="Kaitai.SpecValidFailEqInt" runstate="Runnable" seed="723735555" result="Passed" start-time="2024-07-14T23:37:00.2527140Z" end-time="2024-07-14T23:37:00.2532960Z" duration="0.000582" asserts="1" />
      </test-suite>
      <test-suite type="TestFixture" id="1-1442" name="SpecValidFailEqStr" fullname="Kaitai.SpecValidFailEqStr" classname="Kaitai.SpecValidFailEqStr" runstate="Runnable" testcasecount="1" result="Passed" start-time="2024-07-14T23:37:00.2533310Z" end-time="2024-07-14T23:37:00.2539600Z" duration="0.000629" total="1" passed="1" failed="0" warnings="0" inconclusive="0" skipped="0" asserts="1">
        <test-case id="1-1443" name="TestValidFailEqStr" fullname="Kaitai.SpecValidFailEqStr.TestValidFailEqStr" methodname="TestValidFailEqStr" classname="Kaitai.SpecValidFailEqStr" runstate="Runnable" seed="1023455819" result="Passed" start-time="2024-07-14T23:37:00.2534230Z" end-time="2024-07-14T23:37:00.2539370Z" duration="0.000515" asserts="1" />
      </test-suite>
      <test-suite type="TestFixture" id="1-1444" name="SpecValidFailExpr" fullname="Kaitai.SpecValidFailExpr" classname="Kaitai.SpecValidFailExpr" runstate="Runnable" testcasecount="1" result="Passed" start-time="2024-07-14T23:37:00.2539860Z" end-time="2024-07-14T23:37:00.2550030Z" duration="0.001018" total="1" passed="1" failed="0" warnings="0" inconclusive="0" skipped="0" asserts="1">
        <test-case id="1-1445" name="TestValidFailExpr" fullname="Kaitai.SpecValidFailExpr.TestValidFailExpr" methodname="TestValidFailExpr" classname="Kaitai.SpecValidFailExpr" runstate="Runnable" seed="688771559" result="Passed" start-time="2024-07-14T23:37:00.2540720Z" end-time="2024-07-14T23:37:00.2549810Z" duration="0.000909" asserts="1" />
      </test-suite>
      <test-suite type="TestFixture" id="1-1446" name="SpecValidFailInst" fullname="Kaitai.SpecValidFailInst" classname="Kaitai.SpecValidFailInst" runstate="Runnable" testcasecount="1" result="Passed" start-time="2024-07-14T23:37:00.2550280Z" end-time="2024-07-14T23:37:00.2557820Z" duration="0.000754" total="1" passed="1" failed="0" warnings="0" inconclusive="0" skipped="0" asserts="1">
        <test-case id="1-1447" name="TestValidFailInst" fullname="Kaitai.SpecValidFailInst.TestValidFailInst" methodname="TestValidFailInst" classname="Kaitai.SpecValidFailInst" runstate="Runnable" seed="2096498142" result="Passed" start-time="2024-07-14T23:37:00.2551240Z" end-time="2024-07-14T23:37:00.2557590Z" duration="0.000635" asserts="1" />
      </test-suite>
      <test-suite type="TestFixture" id="1-1448" name="SpecValidFailMaxInt" fullname="Kaitai.SpecValidFailMaxInt" classname="Kaitai.SpecValidFailMaxInt" runstate="Runnable" testcasecount="1" result="Passed" start-time="2024-07-14T23:37:00.2558080Z" end-time="2024-07-14T23:37:00.2565020Z" duration="0.000693" total="1" passed="1" failed="0" warnings="0" inconclusive="0" skipped="0" asserts="1">
        <test-case id="1-1449" name="TestValidFailMaxInt" fullname="Kaitai.SpecValidFailMaxInt.TestValidFailMaxInt" methodname="TestValidFailMaxInt" classname="Kaitai.SpecValidFailMaxInt" runstate="Runnable" seed="1024098929" result="Passed" start-time="2024-07-14T23:37:00.2558920Z" end-time="2024-07-14T23:37:00.2564790Z" duration="0.000587" asserts="1" />
      </test-suite>
      <test-suite type="TestFixture" id="1-1450" name="SpecValidFailMinInt" fullname="Kaitai.SpecValidFailMinInt" classname="Kaitai.SpecValidFailMinInt" runstate="Runnable" testcasecount="1" result="Passed" start-time="2024-07-14T23:37:00.2565300Z" end-time="2024-07-14T23:37:00.2572270Z" duration="0.000697" total="1" passed="1" failed="0" warnings="0" inconclusive="0" skipped="0" asserts="1">
        <test-case id="1-1451" name="TestValidFailMinInt" fullname="Kaitai.SpecValidFailMinInt.TestValidFailMinInt" methodname="TestValidFailMinInt" classname="Kaitai.SpecValidFailMinInt" runstate="Runnable" seed="172577370" result="Passed" start-time="2024-07-14T23:37:00.2566180Z" end-time="2024-07-14T23:37:00.2572050Z" duration="0.000587" asserts="1" />
      </test-suite>
      <test-suite type="TestFixture" id="1-1452" name="SpecValidFailRangeBytes" fullname="Kaitai.SpecValidFailRangeBytes" classname="Kaitai.SpecValidFailRangeBytes" runstate="Runnable" testcasecount="1" result="Passed" start-time="2024-07-14T23:37:00.2572510Z" end-time="2024-07-14T23:37:00.2579930Z" duration="0.000741" total="1" passed="1" failed="0" warnings="0" inconclusive="0" skipped="0" asserts="1">
        <test-case id="1-1453" name="TestValidFailRangeBytes" fullname="Kaitai.SpecValidFailRangeBytes.TestValidFailRangeBytes" methodname="TestValidFailRangeBytes" classname="Kaitai.SpecValidFailRangeBytes" runstate="Runnable" seed="1406822769" result="Passed" start-time="2024-07-14T23:37:00.2573440Z" end-time="2024-07-14T23:37:00.2579710Z" duration="0.000627" asserts="1" />
      </test-suite>
      <test-suite type="TestFixture" id="1-1454" name="SpecValidFailRangeFloat" fullname="Kaitai.SpecValidFailRangeFloat" classname="Kaitai.SpecValidFailRangeFloat" runstate="Runnable" testcasecount="1" result="Passed" start-time="2024-07-14T23:37:00.2580160Z" end-time="2024-07-14T23:37:00.2606450Z" duration="0.002629" total="1" passed="1" failed="0" warnings="0" inconclusive="0" skipped="0" asserts="1">
        <test-case id="1-1455" name="TestValidFailRangeFloat" fullname="Kaitai.SpecValidFailRangeFloat.TestValidFailRangeFloat" methodname="TestValidFailRangeFloat" classname="Kaitai.SpecValidFailRangeFloat" runstate="Runnable" seed="25288005" result="Passed" start-time="2024-07-14T23:37:00.2581110Z" end-time="2024-07-14T23:37:00.2606220Z" duration="0.002512" asserts="1" />
      </test-suite>
      <test-suite type="TestFixture" id="1-1456" name="SpecValidFailRangeInt" fullname="Kaitai.SpecValidFailRangeInt" classname="Kaitai.SpecValidFailRangeInt" runstate="Runnable" testcasecount="1" result="Passed" start-time="2024-07-14T23:37:00.2606720Z" end-time="2024-07-14T23:37:00.2613220Z" duration="0.000651" total="1" passed="1" failed="0" warnings="0" inconclusive="0" skipped="0" asserts="1">
        <test-case id="1-1457" name="TestValidFailRangeInt" fullname="Kaitai.SpecValidFailRangeInt.TestValidFailRangeInt" methodname="TestValidFailRangeInt" classname="Kaitai.SpecValidFailRangeInt" runstate="Runnable" seed="2108981385" result="Passed" start-time="2024-07-14T23:37:00.2607730Z" end-time="2024-07-14T23:37:00.2613050Z" duration="0.000533" asserts="1" />
      </test-suite>
      <test-suite type="TestFixture" id="1-1458" name="SpecValidFailRangeStr" fullname="Kaitai.SpecValidFailRangeStr" classname="Kaitai.SpecValidFailRangeStr" runstate="Runnable" testcasecount="1" result="Passed" start-time="2024-07-14T23:37:00.2613460Z" end-time="2024-07-14T23:37:00.2620680Z" duration="0.000721" total="1" passed="1" failed="0" warnings="0" inconclusive="0" skipped="0" asserts="1">
        <test-case id="1-1459" name="TestValidFailRangeStr" fullname="Kaitai.SpecValidFailRangeStr.TestValidFailRangeStr" methodname="TestValidFailRangeStr" classname="Kaitai.SpecValidFailRangeStr" runstate="Runnable" seed="689649219" result="Passed" start-time="2024-07-14T23:37:00.2614460Z" end-time="2024-07-14T23:37:00.2620510Z" duration="0.000605" asserts="1" />
      </test-suite>
      <test-suite type="TestFixture" id="1-1460" name="SpecValidLong" fullname="Kaitai.SpecValidLong" classname="Kaitai.SpecValidLong" runstate="Runnable" testcasecount="1" result="Passed" start-time="2024-07-14T23:37:00.2620850Z" end-time="2024-07-14T23:37:00.2633060Z" duration="0.001221" total="1" passed="1" failed="0" warnings="0" inconclusive="0" skipped="0" asserts="0">
        <test-case id="1-1461" name="TestValidLong" fullname="Kaitai.SpecValidLong.TestValidLong" methodname="TestValidLong" classname="Kaitai.SpecValidLong" runstate="Runnable" seed="1703079235" result="Passed" start-time="2024-07-14T23:37:00.2621730Z" end-time="2024-07-14T23:37:00.2632830Z" duration="0.001110" asserts="0" />
      </test-suite>
      <test-suite type="TestFixture" id="1-1462" name="SpecValidNotParsedIf" fullname="Kaitai.SpecValidNotParsedIf" classname="Kaitai.SpecValidNotParsedIf" runstate="Runnable" testcasecount="1" result="Passed" start-time="2024-07-14T23:37:00.2633290Z" end-time="2024-07-14T23:37:00.2639600Z" duration="0.000631" total="1" passed="1" failed="0" warnings="0" inconclusive="0" skipped="0" asserts="0">
        <test-case id="1-1463" name="TestValidNotParsedIf" fullname="Kaitai.SpecValidNotParsedIf.TestValidNotParsedIf" methodname="TestValidNotParsedIf" classname="Kaitai.SpecValidNotParsedIf" runstate="Runnable" seed="1163160112" result="Passed" start-time="2024-07-14T23:37:00.2634250Z" end-time="2024-07-14T23:37:00.2639350Z" duration="0.000510" asserts="0" />
      </test-suite>
      <test-suite type="TestFixture" id="1-1464" name="SpecValidOptionalId" fullname="Kaitai.SpecValidOptionalId" classname="Kaitai.SpecValidOptionalId" runstate="Runnable" testcasecount="1" result="Passed" start-time="2024-07-14T23:37:00.2639840Z" end-time="2024-07-14T23:37:00.2645820Z" duration="0.000598" total="1" passed="1" failed="0" warnings="0" inconclusive="0" skipped="0" asserts="0">
        <test-case id="1-1465" name="TestValidOptionalId" fullname="Kaitai.SpecValidOptionalId.TestValidOptionalId" methodname="TestValidOptionalId" classname="Kaitai.SpecValidOptionalId" runstate="Runnable" seed="620738193" result="Passed" start-time="2024-07-14T23:37:00.2640820Z" end-time="2024-07-14T23:37:00.2645640Z" duration="0.000482" asserts="0" />
      </test-suite>
      <test-suite type="TestFixture" id="1-1466" name="SpecValidShort" fullname="Kaitai.SpecValidShort" classname="Kaitai.SpecValidShort" runstate="Runnable" testcasecount="1" result="Passed" start-time="2024-07-14T23:37:00.2645990Z" end-time="2024-07-14T23:37:00.2656720Z" duration="0.001073" total="1" passed="1" failed="0" warnings="0" inconclusive="0" skipped="0" asserts="0">
        <test-case id="1-1467" name="TestValidShort" fullname="Kaitai.SpecValidShort.TestValidShort" methodname="TestValidShort" classname="Kaitai.SpecValidShort" runstate="Runnable" seed="502053316" result="Passed" start-time="2024-07-14T23:37:00.2646930Z" end-time="2024-07-14T23:37:00.2656520Z" duration="0.000959" asserts="0" />
      </test-suite>
      <test-suite type="TestFixture" id="1-1468" name="SpecValidSwitch" fullname="Kaitai.SpecValidSwitch" classname="Kaitai.SpecValidSwitch" runstate="Runnable" testcasecount="1" result="Passed" start-time="2024-07-14T23:37:00.2656890Z" end-time="2024-07-14T23:37:00.2662490Z" duration="0.000560" total="1" passed="1" failed="0" warnings="0" inconclusive="0" skipped="0" asserts="0">
        <test-case id="1-1469" name="TestValidSwitch" fullname="Kaitai.SpecValidSwitch.TestValidSwitch" methodname="TestValidSwitch" classname="Kaitai.SpecValidSwitch" runstate="Runnable" seed="298303501" result="Passed" start-time="2024-07-14T23:37:00.2657870Z" end-time="2024-07-14T23:37:00.2662250Z" duration="0.000438" asserts="0" />
      </test-suite>
      <test-suite type="TestFixture" id="1-1470" name="SpecZlibSurrounded" fullname="Kaitai.SpecZlibSurrounded" classname="Kaitai.SpecZlibSurrounded" runstate="Runnable" testcasecount="1" result="Passed" start-time="2024-07-14T23:37:00.2662730Z" end-time="2024-07-14T23:37:00.2717880Z" duration="0.005515" total="1" passed="1" failed="0" warnings="0" inconclusive="0" skipped="0" asserts="1">
        <test-case id="1-1471" name="TestZlibSurrounded" fullname="Kaitai.SpecZlibSurrounded.TestZlibSurrounded" methodname="TestZlibSurrounded" classname="Kaitai.SpecZlibSurrounded" runstate="Runnable" seed="840264557" result="Passed" start-time="2024-07-14T23:37:00.2663610Z" end-time="2024-07-14T23:37:00.2717680Z" duration="0.005407" asserts="1" />
      </test-suite>
      <test-suite type="TestFixture" id="1-1472" name="SpecZlibWithHeader78" fullname="Kaitai.SpecZlibWithHeader78" classname="Kaitai.SpecZlibWithHeader78" runstate="Runnable" testcasecount="1" result="Passed" start-time="2024-07-14T23:37:00.2718060Z" end-time="2024-07-14T23:37:00.2722220Z" duration="0.000416" total="1" passed="1" failed="0" warnings="0" inconclusive="0" skipped="0" asserts="1">
        <test-case id="1-1473" name="TestZlibWithHeader78" fullname="Kaitai.SpecZlibWithHeader78.TestZlibWithHeader78" methodname="TestZlibWithHeader78" classname="Kaitai.SpecZlibWithHeader78" runstate="Runnable" seed="1671431424" result="Passed" start-time="2024-07-14T23:37:00.2718790Z" end-time="2024-07-14T23:37:00.2722050Z" duration="0.000326" asserts="1" />
      </test-suite>
    </test-suite>
  </test-suite>
</test-run>